<?xml version="1.0" encoding="UTF-8"?>
<testsuites name="Page Section" time="1051.885" tests="9" failures="1" errors="1">
   <testsuite name="Page Section" tests="9" failures="1" errors="1" time="1051.885" timestamp="2020-06-05 13:29:27" hostname="19023-RAC - 192.168.16.39" id="Test Suites/PFI Precision and Scale Automated Regression Suite/PFI/Page Section">
      <properties>
         <property name="deviceName" value=""/>
         <property name="devicePlatform" value=""/>
         <property name="logFolder" value="C:\\Users\\19023-RAC\\Desktop\\New Automation Copy\\Reports\\20200605_132915\\PFI Precision and Scale Automated Regression Suite\\PFI\\Page Section\\20200605_132915"/>
         <property name="logFiles" value="C:\\Users\\19023-RAC\\Desktop\\New Automation Copy\\Reports\\20200605_132915\\PFI Precision and Scale Automated Regression Suite\\PFI\\Page Section\\20200605_132915\\execution0.log"/>
         <property name="attachments" value=""/>
         <property name="hostName" value="19023-RAC - 192.168.16.39"/>
         <property name="os" value="Windows 10 64bit"/>
         <property name="katalonVersion" value="7.2.1.1"/>
         <property name="browser" value="Chrome 83.0.4103.61"/>
         <property name="hostAddress" value="192.168.16.39"/>
         <property name="sessionId" value="1e6ab3d29f0cdf0e2523537c00929155"/>
         <property name="seleniumVersion" value="3.141.59"/>
         <property name="proxyInformation" value="ProxyInformation{proxyOption=NO_PROXY, proxyServerType=HTTP, password=, proxyServerAddress=, proxyServerPort=0, executionList=}"/>
         <property name="platform" value="Windows 10"/>
      </properties>
      <testcase name="Test Cases/PFI Precision and Scale/PFI Test Cases/Process Case (PFI)/PFI.EOTRequestLHS" time="221.673" classname="Test Cases/PFI Precision and Scale/PFI Test Cases/Process Case (PFI)/PFI.EOTRequestLHS" status="PASSED">
         <system-out><![CDATA[2020-06-05 13:29:27 - [TEST_CASE][PASSED] - Test Cases/PFI Precision and Scale/PFI Test Cases/Process Case (PFI)/PFI.EOTRequestLHS: Test Cases/PFI Precision and Scale/PFI Test Cases/Process Case (PFI)/PFI.EOTRequestLHS

2020-06-05 13:29:27 - [TEST_STEP][PASSED] - callTestCase(findTestCase("Components/LoginV2.0"), ["LinkToBeUsed":findTestData("Datatable").getValue("URL", 1), "LoginPageTextToBeVerified":findTestData("Datatable").getValue("HomeBanner", 1), ... ], STOP_ON_FAILURE): Call Test Case 'Test Cases/Components/LoginV2.0' successfully

2020-06-05 13:29:28 - [TEST_CASE][PASSED] - Test Cases/Components/LoginV2.0: Test Cases/Components/LoginV2.0

2020-06-05 13:29:28 - [TEST_STEP][PASSED] - openBrowser(LinkToBeUsed): Browser is opened with url: 'http://10.0.2.41:3012/isps2-prod-verify/authnz/login.do'

2020-06-05 13:29:28 - [MESSAGE][INFO] - Starting 'Edge' driver

2020-06-05 13:29:29 - [MESSAGE][INFO] - Action delay is set to 0 seconds

2020-06-05 13:29:42 - [MESSAGE][PASSED] - Browser is opened with url: 'http://10.0.2.41:3012/isps2-prod-verify/authnz/login.do'

2020-06-05 13:29:42 - [TEST_STEP][PASSED] - maximizeWindow(): Current window maximized

2020-06-05 13:29:45 - [MESSAGE][PASSED] - Current window maximized

2020-06-05 13:29:45 - [TEST_STEP][PASSED] - verifyTextPresent(LoginPageTextToBeVerified, false): Text 'Sign in to ISPS2-PROD-Verify' is present on page 

2020-06-05 13:29:45 - [MESSAGE][PASSED] - Text 'Sign in to ISPS2-PROD-Verify' is present on page 

2020-06-05 13:29:45 - [TEST_STEP][PASSED] - setText(findTestObject("Objects.LoginV2.0/Login Page/input_Sign in to ISPS2-PROD-Verify_username"), Username): Text 'sysadmin' is set on object 'Object Repository/Objects.LoginV2.0/Login Page/input_Sign in to ISPS2-PROD-Verify_username'

2020-06-05 13:29:45 - [MESSAGE][PASSED] - Text 'sysadmin' is set on object 'Object Repository/Objects.LoginV2.0/Login Page/input_Sign in to ISPS2-PROD-Verify_username'

2020-06-05 13:29:45 - [TEST_STEP][PASSED] - setEncryptedText(findTestObject("Objects.LoginV2.0/Login Page/input_This field is required_password"), Password): Text ****** has been set on object 'Object Repository/Objects.LoginV2.0/Login Page/input_This field is required_password'

2020-06-05 13:29:45 - [MESSAGE][PASSED] - Text ****** has been set on object 'Object Repository/Objects.LoginV2.0/Login Page/input_This field is required_password'

2020-06-05 13:29:45 - [TEST_STEP][NOT_RUN] - setEncryptedText(findTestObject(null), Password): NOT_RUN: setEncryptedText(findTestObject(null), Password)

2020-06-05 13:29:45 - [MESSAGE][NOT_RUN] - NOT_RUN: setEncryptedText(findTestObject(null), Password)

2020-06-05 13:29:45 - [TEST_STEP][PASSED] - click(findTestObject("Objects.LoginV2.0/Login Page/div_Sign in to ISPS2-PROD-Verify_NovaGoButton-1021"), OPTIONAL): Object: 'Object Repository/Objects.LoginV2.0/Login Page/div_Sign in to ISPS2-PROD-Verify_NovaGoButton-1021' is clicked on

2020-06-05 13:29:45 - [MESSAGE][PASSED] - Object: 'Object Repository/Objects.LoginV2.0/Login Page/div_Sign in to ISPS2-PROD-Verify_NovaGoButton-1021' is clicked on

2020-06-05 13:29:45 - [TEST_STEP][PASSED] - waitForPageLoad(30): Wait for page load successfully

2020-06-05 13:29:45 - [MESSAGE][PASSED] - Wait for page load successfully

2020-06-05 13:29:45 - [TEST_STEP][PASSED] - Thread.sleep(3000): null

2020-06-05 13:29:48 - [MESSAGE][PASSED] - Call Test Case 'Test Cases/Components/LoginV2.0' successfully

2020-06-05 13:29:48 - [TEST_STEP][PASSED] - callTestCase(findTestCase("Components/Filter"), ["taskDescription":"Process Case (SM)"], STOP_ON_FAILURE): Call Test Case 'Test Cases/Components/Filter' successfully

2020-06-05 13:29:48 - [TEST_CASE][PASSED] - Test Cases/Components/Filter: Test Cases/Components/Filter

2020-06-05 13:29:49 - [TEST_STEP][PASSED] - Thread.sleep(5000): null

2020-06-05 13:29:54 - [TEST_STEP][PASSED] - waitForPageLoad(180): Wait for page load successfully

2020-06-05 13:29:54 - [MESSAGE][PASSED] - Wait for page load successfully

2020-06-05 13:29:54 - [TEST_STEP][PASSED] - waitForElementNotPresent(findTestObject("Objects.Filter/Page_ISPS2/div_Loading search result Please wait"), 180): Web element with id: 'Object Repository/Objects.Filter/Page_ISPS2/div_Loading search result Please wait' located by 'By.xpath: //div[@class = 'x-mask-msg-text' and (text() = 'Loading search result. Please wait...' or . = 'Loading search result. Please wait...')]' is not present after '180' second(s)

2020-06-05 13:29:55 - [MESSAGE][PASSED] - Web element with id: 'Object Repository/Objects.Filter/Page_ISPS2/div_Loading search result Please wait' located by 'By.xpath: //div[@class = 'x-mask-msg-text' and (text() = 'Loading search result. Please wait...' or . = 'Loading search result. Please wait...')]' is not present after '180' second(s)

2020-06-05 13:29:55 - [TEST_STEP][PASSED] - click(findTestObject("Objects.Filter/Page_ISPS2/XP.Embutidooo")): Object: 'Object Repository/Objects.Filter/Page_ISPS2/XP.Embutidooo' is clicked on

2020-06-05 13:29:56 - [MESSAGE][PASSED] - Object: 'Object Repository/Objects.Filter/Page_ISPS2/XP.Embutidooo' is clicked on

2020-06-05 13:29:56 - [TEST_STEP][PASSED] - com.reusableComponents.HighlightElement.run(findTestObject("Objects.Filter/Page_ISPS2/span_Reset")): com.reusableComponents.HighlightElement.run is PASSED

2020-06-05 13:29:56 - [MESSAGE][PASSED] - com.reusableComponents.HighlightElement.run is PASSED

2020-06-05 13:29:56 - [TEST_STEP][PASSED] - click(findTestObject("Objects.Filter/Page_ISPS2/span_Reset")): Object: 'Object Repository/Objects.Filter/Page_ISPS2/span_Reset' is clicked on

2020-06-05 13:29:56 - [MESSAGE][PASSED] - Object: 'Object Repository/Objects.Filter/Page_ISPS2/span_Reset' is clicked on

2020-06-05 13:29:56 - [TEST_STEP][PASSED] - com.reusableComponents.HighlightElement.run(findTestObject("Objects.Filter/Page_ISPS2/TextBoxTaskDescription")): com.reusableComponents.HighlightElement.run is PASSED

2020-06-05 13:29:57 - [MESSAGE][PASSED] - com.reusableComponents.HighlightElement.run is PASSED

2020-06-05 13:29:57 - [TEST_STEP][PASSED] - setText(findTestObject("Objects.Filter/Page_ISPS2/TextBoxTaskDescription"), taskDescription): Text 'Process Case (SM)' is set on object 'Object Repository/Objects.Filter/Page_ISPS2/TextBoxTaskDescription'

2020-06-05 13:29:57 - [MESSAGE][PASSED] - Text 'Process Case (SM)' is set on object 'Object Repository/Objects.Filter/Page_ISPS2/TextBoxTaskDescription'

2020-06-05 13:29:57 - [TEST_STEP][PASSED] - caseType = taskDescription: null

2020-06-05 13:29:58 - [TEST_STEP][PASSED] - sendKeys(findTestObject("Objects.Filter/Page_ISPS2/TextBoxTaskDescription"), Keys.chord(ENTER)): Keys 'ENTER + ' sent to object: 'Object Repository/Objects.Filter/Page_ISPS2/TextBoxTaskDescription'

2020-06-05 13:29:59 - [MESSAGE][PASSED] - Keys 'ENTER + ' sent to object: 'Object Repository/Objects.Filter/Page_ISPS2/TextBoxTaskDescription'

2020-06-05 13:29:59 - [TEST_STEP][PASSED] - com.reusableComponents.HighlightElement.run(findTestObject("Objects.Filter/Page_ISPS2/span_Search")): com.reusableComponents.HighlightElement.run is PASSED

2020-06-05 13:29:59 - [MESSAGE][PASSED] - com.reusableComponents.HighlightElement.run is PASSED

2020-06-05 13:29:59 - [TEST_STEP][PASSED] - click(findTestObject("Objects.Filter/Page_ISPS2/span_Search")): Object: 'Object Repository/Objects.Filter/Page_ISPS2/span_Search' is clicked on

2020-06-05 13:29:59 - [MESSAGE][PASSED] - Object: 'Object Repository/Objects.Filter/Page_ISPS2/span_Search' is clicked on

2020-06-05 13:29:59 - [TEST_STEP][NOT_RUN] - verifyTextPresent("Loading search result. Please wait...", false): NOT_RUN: verifyTextPresent("Loading search result. Please wait...", false)

2020-06-05 13:29:59 - [MESSAGE][NOT_RUN] - NOT_RUN: verifyTextPresent("Loading search result. Please wait...", false)

2020-06-05 13:29:59 - [TEST_STEP][NOT_RUN] - waitForElementNotPresent(findTestObject("Objects.Filter/Page_ISPS2/div_Loading search result Please wait"), 120): NOT_RUN: waitForElementNotPresent(findTestObject("Objects.Filter/Page_ISPS2/div_Loading search result Please wait"), 120)

2020-06-05 13:29:59 - [MESSAGE][NOT_RUN] - NOT_RUN: waitForElementNotPresent(findTestObject("Objects.Filter/Page_ISPS2/div_Loading search result Please wait"), 120)

2020-06-05 13:29:59 - [TEST_STEP][PASSED] - Thread.sleep(5000): null

2020-06-05 13:30:04 - [MESSAGE][PASSED] - Call Test Case 'Test Cases/Components/Filter' successfully

2020-06-05 13:30:04 - [TEST_STEP][PASSED] - callTestCase(findTestCase("Components/ClickLinkDependingOnTextAndIndex"), ["linkName":"Process Case (SM)", "index":8], STOP_ON_FAILURE): Call Test Case 'Test Cases/Components/ClickLinkDependingOnTextAndIndex' successfully

2020-06-05 13:30:04 - [TEST_CASE][PASSED] - Test Cases/Components/ClickLinkDependingOnTextAndIndex: Test Cases/Components/ClickLinkDependingOnTextAndIndex

2020-06-05 13:30:05 - [TEST_STEP][PASSED] - Thread.sleep(1000): null

2020-06-05 13:30:06 - [TEST_STEP][PASSED] - println(linkName): null

2020-06-05 13:30:06 - [TEST_STEP][PASSED] - println(index): null

2020-06-05 13:30:06 - [TEST_STEP][PASSED] - modifiedLink = modifyObjectProperty(findTestObject("Objects.ClickLinkDependingOnTextAndIndex/linkToModify"), "xpath", "equals", "(//a[text()="" + linkName + ""])[" + index + "]", true): Modify property of object successfully

2020-06-05 13:30:06 - [MESSAGE][PASSED] - Modify property of object successfully

2020-06-05 13:30:06 - [TEST_STEP][PASSED] - Thread.sleep(5000): null

2020-06-05 13:30:11 - [TEST_STEP][PASSED] - com.reusableComponents.HighlightElement.run(modifiedLink): com.reusableComponents.HighlightElement.run is PASSED

2020-06-05 13:30:11 - [MESSAGE][PASSED] - com.reusableComponents.HighlightElement.run is PASSED

2020-06-05 13:30:11 - [TEST_STEP][PASSED] - click(modifiedLink): Object: 'Object Repository/Objects.ClickLinkDependingOnTextAndIndex/linkToModify' is clicked on

2020-06-05 13:30:11 - [MESSAGE][PASSED] - Object: 'Object Repository/Objects.ClickLinkDependingOnTextAndIndex/linkToModify' is clicked on

2020-06-05 13:30:11 - [MESSAGE][PASSED] - Call Test Case 'Test Cases/Components/ClickLinkDependingOnTextAndIndex' successfully

2020-06-05 13:30:11 - [TEST_STEP][PASSED] - callTestCase(findTestCase("Components/VerifyPageSuccessfullyLoadedII"), ["PageNm":"Summary"], STOP_ON_FAILURE): Call Test Case 'Test Cases/Components/VerifyPageSuccessfullyLoadedII' successfully

2020-06-05 13:30:11 - [TEST_CASE][PASSED] - Test Cases/Components/VerifyPageSuccessfullyLoadedII: Test Cases/Components/VerifyPageSuccessfullyLoadedII

2020-06-05 13:30:12 - [TEST_STEP][PASSED] - waitForPageLoad(5): Wait for page load successfully

2020-06-05 13:30:12 - [MESSAGE][PASSED] - Wait for page load successfully

2020-06-05 13:30:12 - [TEST_STEP][PASSED] - modifiedInputFld = modifyObjectProperty(findTestObject("Object Repository/Objects.VerifyPageSuccessfullyLoaded/PageHeaderIndex"), "xpath", "equals", "//*[contains(@class,'isps-page-title') and (text()='" + PageNm + "')]", true): Modify property of object successfully

2020-06-05 13:30:12 - [MESSAGE][PASSED] - Modify property of object successfully

2020-06-05 13:30:12 - [TEST_STEP][PASSED] - com.reusableComponents.HighlightElement.run(modifiedInputFld): com.reusableComponents.HighlightElement.run is PASSED

2020-06-05 13:30:20 - [MESSAGE][PASSED] - com.reusableComponents.HighlightElement.run is PASSED

2020-06-05 13:30:20 - [MESSAGE][PASSED] - Call Test Case 'Test Cases/Components/VerifyPageSuccessfullyLoadedII' successfully

2020-06-05 13:30:20 - [TEST_STEP][PASSED] - callTestCase(findTestCase("Components/NavigateToAnyLHS"), ["LHS":"EOT Request"], STOP_ON_FAILURE): Call Test Case 'Test Cases/Components/NavigateToAnyLHS' successfully

2020-06-05 13:30:20 - [TEST_CASE][PASSED] - Test Cases/Components/NavigateToAnyLHS: Test Cases/Components/NavigateToAnyLHS

2020-06-05 13:30:20 - [TEST_STEP][PASSED] - Thread.sleep(1000): null

2020-06-05 13:30:21 - [TEST_STEP][PASSED] - modifiedLHS = modifyObjectProperty(findTestObject("Objects.NavigateToAnyLHS/Page_ISPS2/LHSToModify"), "text", "equals", LHS, true): Modify property of object successfully

2020-06-05 13:30:21 - [MESSAGE][PASSED] - Modify property of object successfully

2020-06-05 13:30:21 - [TEST_STEP][PASSED] - click(modifiedLHS): Object: 'Object Repository/Objects.NavigateToAnyLHS/Page_ISPS2/LHSToModify' is clicked on

2020-06-05 13:30:21 - [MESSAGE][PASSED] - Object: 'Object Repository/Objects.NavigateToAnyLHS/Page_ISPS2/LHSToModify' is clicked on

2020-06-05 13:30:21 - [TEST_STEP][PASSED] - currentLHS = getText(modifiedLHS): Text of object 'Object Repository/Objects.NavigateToAnyLHS/Page_ISPS2/LHSToModify' is: 'EOT Request'

2020-06-05 13:30:21 - [MESSAGE][PASSED] - Text of object 'Object Repository/Objects.NavigateToAnyLHS/Page_ISPS2/LHSToModify' is: 'EOT Request'

2020-06-05 13:30:21 - [TEST_STEP][PASSED] - Thread.sleep(5000): null

2020-06-05 13:30:26 - [MESSAGE][PASSED] - Call Test Case 'Test Cases/Components/NavigateToAnyLHS' successfully

2020-06-05 13:30:26 - [TEST_STEP][PASSED] - callTestCase(findTestCase("Components/VerifyPageSuccessfullyLoadedII"), ["PageNm":"Extension of Time Request"], STOP_ON_FAILURE): Call Test Case 'Test Cases/Components/VerifyPageSuccessfullyLoadedII' successfully

2020-06-05 13:30:26 - [TEST_CASE][PASSED] - Test Cases/Components/VerifyPageSuccessfullyLoadedII: Test Cases/Components/VerifyPageSuccessfullyLoadedII

2020-06-05 13:30:26 - [TEST_STEP][PASSED] - waitForPageLoad(5): Wait for page load successfully

2020-06-05 13:30:26 - [MESSAGE][PASSED] - Wait for page load successfully

2020-06-05 13:30:26 - [TEST_STEP][PASSED] - modifiedInputFld = modifyObjectProperty(findTestObject("Object Repository/Objects.VerifyPageSuccessfullyLoaded/PageHeaderIndex"), "xpath", "equals", "//*[contains(@class,'isps-page-title') and (text()='" + PageNm + "')]", true): Modify property of object successfully

2020-06-05 13:30:26 - [MESSAGE][PASSED] - Modify property of object successfully

2020-06-05 13:30:26 - [TEST_STEP][PASSED] - com.reusableComponents.HighlightElement.run(modifiedInputFld): com.reusableComponents.HighlightElement.run is PASSED

2020-06-05 13:30:27 - [MESSAGE][PASSED] - com.reusableComponents.HighlightElement.run is PASSED

2020-06-05 13:30:27 - [MESSAGE][PASSED] - Call Test Case 'Test Cases/Components/VerifyPageSuccessfullyLoadedII' successfully

2020-06-05 13:30:27 - [TEST_STEP][PASSED] - callTestCase(findTestCase("Components/HighlightLabelField"), ["LblName":"EOT Type *:"], STOP_ON_FAILURE): Call Test Case 'Test Cases/Components/HighlightLabelField' successfully

2020-06-05 13:30:27 - [TEST_CASE][PASSED] - Test Cases/Components/HighlightLabelField: Test Cases/Components/HighlightLabelField

2020-06-05 13:30:27 - [TEST_STEP][PASSED] - Thread.sleep(1000): null

2020-06-05 13:30:28 - [TEST_STEP][PASSED] - modifiedLblNm = modifyObjectProperty(findTestObject("Objects.HighlightElements/lblField"), "text", "equals", LblName, true): Modify property of object successfully

2020-06-05 13:30:28 - [MESSAGE][PASSED] - Modify property of object successfully

2020-06-05 13:30:28 - [TEST_STEP][PASSED] - com.reusableComponents.HighlightElement.run(modifiedLblNm): com.reusableComponents.HighlightElement.run is PASSED

2020-06-05 13:30:28 - [MESSAGE][PASSED] - com.reusableComponents.HighlightElement.run is PASSED

2020-06-05 13:30:28 - [MESSAGE][PASSED] - Call Test Case 'Test Cases/Components/HighlightLabelField' successfully

2020-06-05 13:30:28 - [TEST_STEP][PASSED] - callTestCase(findTestCase("Components/HighlightInputField"), ["InputFldName":"eotTypeCmb"], STOP_ON_FAILURE): Call Test Case 'Test Cases/Components/HighlightInputField' successfully

2020-06-05 13:30:28 - [TEST_CASE][PASSED] - Test Cases/Components/HighlightInputField: Test Cases/Components/HighlightInputField

2020-06-05 13:30:29 - [TEST_STEP][PASSED] - Thread.sleep(1000): null

2020-06-05 13:30:30 - [TEST_STEP][PASSED] - modifiedLblNm = modifyObjectProperty(findTestObject("Objects.HighlightElements/input_field"), "name", "equals", InputFldName, true): Modify property of object successfully

2020-06-05 13:30:30 - [MESSAGE][PASSED] - Modify property of object successfully

2020-06-05 13:30:30 - [TEST_STEP][PASSED] - com.reusableComponents.HighlightElement.run(modifiedLblNm): com.reusableComponents.HighlightElement.run is PASSED

2020-06-05 13:30:30 - [MESSAGE][PASSED] - com.reusableComponents.HighlightElement.run is PASSED

2020-06-05 13:30:30 - [MESSAGE][PASSED] - Call Test Case 'Test Cases/Components/HighlightInputField' successfully

2020-06-05 13:30:30 - [TEST_STEP][PASSED] - callTestCase(findTestCase("PFI Precision and Scale/PFI Components/VerifyDropdownValues"), ["FldNm":"eotTypeCmb", "index":0, "CallTCName":"PFI Precision and Scale/HashMap Tables/ConstantHashMap", "cmbNm":"eotType", ... ], STOP_ON_FAILURE): Call Test Case 'Test Cases/PFI Precision and Scale/PFI Components/VerifyDropdownValues' successfully

2020-06-05 13:30:30 - [TEST_CASE][PASSED] - Test Cases/PFI Precision and Scale/PFI Components/VerifyDropdownValues: Test Cases/PFI Precision and Scale/PFI Components/VerifyDropdownValues

2020-06-05 13:30:31 - [TEST_STEP][PASSED] - Thread.sleep(1000): null

2020-06-05 13:30:32 - [TEST_STEP][PASSED] - NewInputNmField = modifyObjectProperty(findTestObject("Objects.HighlightElements/input_field"), "name", "equals", FldNm, true): Modify property of object successfully

2020-06-05 13:30:32 - [MESSAGE][PASSED] - Modify property of object successfully

2020-06-05 13:30:32 - [TEST_STEP][PASSED] - comboNm = cmbNm: null

2020-06-05 13:30:32 - [TEST_STEP][PASSED] - focus(NewInputNmField): Object: 'Object Repository/Objects.HighlightElements/input_field' is focused

2020-06-05 13:30:33 - [MESSAGE][PASSED] - Object: 'Object Repository/Objects.HighlightElements/input_field' is focused

2020-06-05 13:30:33 - [TEST_STEP][PASSED] - setText(NewInputNmField, EnterValue): Text '' is set on object 'Object Repository/Objects.HighlightElements/input_field'

2020-06-05 13:30:33 - [MESSAGE][PASSED] - Text '' is set on object 'Object Repository/Objects.HighlightElements/input_field'

2020-06-05 13:30:33 - [TEST_STEP][PASSED] - for ([i = 1, i <= NoOfVal, (i++)]): Keys 'DOWN + ' sent to object: 'Object Repository/Objects.HighlightElements/input_field'

2020-06-05 13:30:33 - [TEST_STEP][PASSED] - sendKeys(NewInputNmField, Keys.chord(ARROW_DOWN)): Keys 'DOWN + ' sent to object: 'Object Repository/Objects.HighlightElements/input_field'

2020-06-05 13:30:33 - [MESSAGE][PASSED] - Keys 'DOWN + ' sent to object: 'Object Repository/Objects.HighlightElements/input_field'

2020-06-05 13:30:33 - [TEST_STEP][PASSED] - delay(DelayTime): Delayed 3 second(s)

2020-06-05 13:30:36 - [MESSAGE][PASSED] - Delayed 3 second(s)

2020-06-05 13:30:36 - [TEST_STEP][PASSED] - sendKeys(NewInputNmField, Keys.chord(ENTER)): Keys 'ENTER + ' sent to object: 'Object Repository/Objects.HighlightElements/input_field'

2020-06-05 13:30:36 - [MESSAGE][PASSED] - Keys 'ENTER + ' sent to object: 'Object Repository/Objects.HighlightElements/input_field'

2020-06-05 13:30:36 - [TEST_STEP][PASSED] - ComboBoxValue = getAttribute(NewInputNmField, "value"): Attribute 'value' of object 'Object Repository/Objects.HighlightElements/input_field' is: ''

2020-06-05 13:30:36 - [MESSAGE][PASSED] - Attribute 'value' of object 'Object Repository/Objects.HighlightElements/input_field' is: ''

2020-06-05 13:30:36 - [TEST_STEP][PASSED] - callTestCase(findTestCase(CallTCName), ["FindValue":ComboBoxValue, "DropdownNm":comboNm], STOP_ON_FAILURE): Call Test Case 'Test Cases/PFI Precision and Scale/HashMap Tables/ConstantHashMap' successfully

2020-06-05 13:30:36 - [TEST_CASE][PASSED] - Test Cases/PFI Precision and Scale/HashMap Tables/ConstantHashMap: Test Cases/PFI Precision and Scale/HashMap Tables/ConstantHashMap

2020-06-05 13:30:36 - [TEST_STEP][PASSED] - ConstantTBL = [1:["PeriodType":"Working Day(s)"], 2:["PeriodType":"Calendar Day(s)"], 3:["PeriodType":"Month(s)"], 4:["TypeOfLetter":"T1"], ... ]: null

2020-06-05 13:30:36 - [TEST_STEP][PASSED] - switch (DropdownNm): null

2020-06-05 13:30:36 - [TEST_STEP][PASSED] - case "eotType":: null

2020-06-05 13:30:36 - [TEST_STEP][PASSED] - ValueFound = ConstantTBL.find({ -> ... }): null

2020-06-05 13:30:36 - [TEST_STEP][PASSED] - break: null

2020-06-05 13:30:36 - [MESSAGE][PASSED] - Call Test Case 'Test Cases/PFI Precision and Scale/HashMap Tables/ConstantHashMap' successfully

2020-06-05 13:30:36 - [TEST_STEP][PASSED] - println(ValueFound): null

2020-06-05 13:30:36 - [TEST_STEP][PASSED] - sendKeys(NewInputNmField, Keys.chord(ARROW_DOWN)): Keys 'DOWN + ' sent to object: 'Object Repository/Objects.HighlightElements/input_field'

2020-06-05 13:30:36 - [MESSAGE][PASSED] - Keys 'DOWN + ' sent to object: 'Object Repository/Objects.HighlightElements/input_field'

2020-06-05 13:30:36 - [TEST_STEP][PASSED] - sendKeys(NewInputNmField, Keys.chord(ARROW_DOWN)): Keys 'DOWN + ' sent to object: 'Object Repository/Objects.HighlightElements/input_field'

2020-06-05 13:30:37 - [MESSAGE][PASSED] - Keys 'DOWN + ' sent to object: 'Object Repository/Objects.HighlightElements/input_field'

2020-06-05 13:30:37 - [TEST_STEP][PASSED] - delay(DelayTime): Delayed 3 second(s)

2020-06-05 13:30:40 - [MESSAGE][PASSED] - Delayed 3 second(s)

2020-06-05 13:30:40 - [TEST_STEP][PASSED] - sendKeys(NewInputNmField, Keys.chord(ENTER)): Keys 'ENTER + ' sent to object: 'Object Repository/Objects.HighlightElements/input_field'

2020-06-05 13:30:40 - [MESSAGE][PASSED] - Keys 'ENTER + ' sent to object: 'Object Repository/Objects.HighlightElements/input_field'

2020-06-05 13:30:40 - [TEST_STEP][PASSED] - ComboBoxValue = getAttribute(NewInputNmField, "value"): Attribute 'value' of object 'Object Repository/Objects.HighlightElements/input_field' is: 'Appointment of PE for Visual Inspection'

2020-06-05 13:30:40 - [MESSAGE][PASSED] - Attribute 'value' of object 'Object Repository/Objects.HighlightElements/input_field' is: 'Appointment of PE for Visual Inspection'

2020-06-05 13:30:40 - [TEST_STEP][PASSED] - callTestCase(findTestCase(CallTCName), ["FindValue":ComboBoxValue, "DropdownNm":comboNm], STOP_ON_FAILURE): Call Test Case 'Test Cases/PFI Precision and Scale/HashMap Tables/ConstantHashMap' successfully

2020-06-05 13:30:40 - [TEST_CASE][PASSED] - Test Cases/PFI Precision and Scale/HashMap Tables/ConstantHashMap: Test Cases/PFI Precision and Scale/HashMap Tables/ConstantHashMap

2020-06-05 13:30:40 - [TEST_STEP][PASSED] - ConstantTBL = [1:["PeriodType":"Working Day(s)"], 2:["PeriodType":"Calendar Day(s)"], 3:["PeriodType":"Month(s)"], 4:["TypeOfLetter":"T1"], ... ]: null

2020-06-05 13:30:40 - [TEST_STEP][PASSED] - switch (DropdownNm): null

2020-06-05 13:30:40 - [TEST_STEP][PASSED] - case "eotType":: null

2020-06-05 13:30:40 - [TEST_STEP][PASSED] - ValueFound = ConstantTBL.find({ -> ... }): null

2020-06-05 13:30:40 - [TEST_STEP][PASSED] - break: null

2020-06-05 13:30:40 - [MESSAGE][PASSED] - Call Test Case 'Test Cases/PFI Precision and Scale/HashMap Tables/ConstantHashMap' successfully

2020-06-05 13:30:40 - [TEST_STEP][PASSED] - println(ValueFound): null

2020-06-05 13:30:40 - [TEST_STEP][PASSED] - sendKeys(NewInputNmField, Keys.chord(ARROW_DOWN)): Keys 'DOWN + ' sent to object: 'Object Repository/Objects.HighlightElements/input_field'

2020-06-05 13:30:40 - [MESSAGE][PASSED] - Keys 'DOWN + ' sent to object: 'Object Repository/Objects.HighlightElements/input_field'

2020-06-05 13:30:40 - [TEST_STEP][PASSED] - sendKeys(NewInputNmField, Keys.chord(ARROW_DOWN)): Keys 'DOWN + ' sent to object: 'Object Repository/Objects.HighlightElements/input_field'

2020-06-05 13:30:40 - [MESSAGE][PASSED] - Keys 'DOWN + ' sent to object: 'Object Repository/Objects.HighlightElements/input_field'

2020-06-05 13:30:40 - [TEST_STEP][PASSED] - delay(DelayTime): Delayed 3 second(s)

2020-06-05 13:30:43 - [MESSAGE][PASSED] - Delayed 3 second(s)

2020-06-05 13:30:43 - [TEST_STEP][PASSED] - sendKeys(NewInputNmField, Keys.chord(ENTER)): Keys 'ENTER + ' sent to object: 'Object Repository/Objects.HighlightElements/input_field'

2020-06-05 13:30:43 - [MESSAGE][PASSED] - Keys 'ENTER + ' sent to object: 'Object Repository/Objects.HighlightElements/input_field'

2020-06-05 13:30:43 - [TEST_STEP][PASSED] - ComboBoxValue = getAttribute(NewInputNmField, "value"): Attribute 'value' of object 'Object Repository/Objects.HighlightElements/input_field' is: 'Appointment of PE for FSI'

2020-06-05 13:30:43 - [MESSAGE][PASSED] - Attribute 'value' of object 'Object Repository/Objects.HighlightElements/input_field' is: 'Appointment of PE for FSI'

2020-06-05 13:30:43 - [TEST_STEP][PASSED] - callTestCase(findTestCase(CallTCName), ["FindValue":ComboBoxValue, "DropdownNm":comboNm], STOP_ON_FAILURE): Call Test Case 'Test Cases/PFI Precision and Scale/HashMap Tables/ConstantHashMap' successfully

2020-06-05 13:30:43 - [TEST_CASE][PASSED] - Test Cases/PFI Precision and Scale/HashMap Tables/ConstantHashMap: Test Cases/PFI Precision and Scale/HashMap Tables/ConstantHashMap

2020-06-05 13:30:43 - [TEST_STEP][PASSED] - ConstantTBL = [1:["PeriodType":"Working Day(s)"], 2:["PeriodType":"Calendar Day(s)"], 3:["PeriodType":"Month(s)"], 4:["TypeOfLetter":"T1"], ... ]: null

2020-06-05 13:30:43 - [TEST_STEP][PASSED] - switch (DropdownNm): null

2020-06-05 13:30:43 - [TEST_STEP][PASSED] - case "eotType":: null

2020-06-05 13:30:43 - [TEST_STEP][PASSED] - ValueFound = ConstantTBL.find({ -> ... }): null

2020-06-05 13:30:43 - [TEST_STEP][PASSED] - break: null

2020-06-05 13:30:43 - [MESSAGE][PASSED] - Call Test Case 'Test Cases/PFI Precision and Scale/HashMap Tables/ConstantHashMap' successfully

2020-06-05 13:30:43 - [TEST_STEP][PASSED] - println(ValueFound): null

2020-06-05 13:30:43 - [TEST_STEP][PASSED] - sendKeys(NewInputNmField, Keys.chord(ARROW_DOWN)): Keys 'DOWN + ' sent to object: 'Object Repository/Objects.HighlightElements/input_field'

2020-06-05 13:30:43 - [MESSAGE][PASSED] - Keys 'DOWN + ' sent to object: 'Object Repository/Objects.HighlightElements/input_field'

2020-06-05 13:30:43 - [TEST_STEP][PASSED] - sendKeys(NewInputNmField, Keys.chord(ARROW_DOWN)): Keys 'DOWN + ' sent to object: 'Object Repository/Objects.HighlightElements/input_field'

2020-06-05 13:30:43 - [MESSAGE][PASSED] - Keys 'DOWN + ' sent to object: 'Object Repository/Objects.HighlightElements/input_field'

2020-06-05 13:30:43 - [TEST_STEP][PASSED] - delay(DelayTime): Delayed 3 second(s)

2020-06-05 13:30:46 - [MESSAGE][PASSED] - Delayed 3 second(s)

2020-06-05 13:30:46 - [TEST_STEP][PASSED] - sendKeys(NewInputNmField, Keys.chord(ENTER)): Keys 'ENTER + ' sent to object: 'Object Repository/Objects.HighlightElements/input_field'

2020-06-05 13:30:46 - [MESSAGE][PASSED] - Keys 'ENTER + ' sent to object: 'Object Repository/Objects.HighlightElements/input_field'

2020-06-05 13:30:46 - [TEST_STEP][PASSED] - ComboBoxValue = getAttribute(NewInputNmField, "value"): Attribute 'value' of object 'Object Repository/Objects.HighlightElements/input_field' is: 'Submission of VIR'

2020-06-05 13:30:46 - [MESSAGE][PASSED] - Attribute 'value' of object 'Object Repository/Objects.HighlightElements/input_field' is: 'Submission of VIR'

2020-06-05 13:30:46 - [TEST_STEP][PASSED] - callTestCase(findTestCase(CallTCName), ["FindValue":ComboBoxValue, "DropdownNm":comboNm], STOP_ON_FAILURE): Call Test Case 'Test Cases/PFI Precision and Scale/HashMap Tables/ConstantHashMap' successfully

2020-06-05 13:30:46 - [TEST_CASE][PASSED] - Test Cases/PFI Precision and Scale/HashMap Tables/ConstantHashMap: Test Cases/PFI Precision and Scale/HashMap Tables/ConstantHashMap

2020-06-05 13:30:46 - [TEST_STEP][PASSED] - ConstantTBL = [1:["PeriodType":"Working Day(s)"], 2:["PeriodType":"Calendar Day(s)"], 3:["PeriodType":"Month(s)"], 4:["TypeOfLetter":"T1"], ... ]: null

2020-06-05 13:30:46 - [TEST_STEP][PASSED] - switch (DropdownNm): null

2020-06-05 13:30:46 - [TEST_STEP][PASSED] - case "eotType":: null

2020-06-05 13:30:46 - [TEST_STEP][PASSED] - ValueFound = ConstantTBL.find({ -> ... }): null

2020-06-05 13:30:46 - [TEST_STEP][PASSED] - break: null

2020-06-05 13:30:46 - [MESSAGE][PASSED] - Call Test Case 'Test Cases/PFI Precision and Scale/HashMap Tables/ConstantHashMap' successfully

2020-06-05 13:30:46 - [TEST_STEP][PASSED] - println(ValueFound): null

2020-06-05 13:30:46 - [TEST_STEP][PASSED] - sendKeys(NewInputNmField, Keys.chord(ARROW_DOWN)): Keys 'DOWN + ' sent to object: 'Object Repository/Objects.HighlightElements/input_field'

2020-06-05 13:30:46 - [MESSAGE][PASSED] - Keys 'DOWN + ' sent to object: 'Object Repository/Objects.HighlightElements/input_field'

2020-06-05 13:30:46 - [TEST_STEP][PASSED] - sendKeys(NewInputNmField, Keys.chord(ARROW_DOWN)): Keys 'DOWN + ' sent to object: 'Object Repository/Objects.HighlightElements/input_field'

2020-06-05 13:30:46 - [MESSAGE][PASSED] - Keys 'DOWN + ' sent to object: 'Object Repository/Objects.HighlightElements/input_field'

2020-06-05 13:30:46 - [TEST_STEP][PASSED] - delay(DelayTime): Delayed 3 second(s)

2020-06-05 13:30:49 - [MESSAGE][PASSED] - Delayed 3 second(s)

2020-06-05 13:30:49 - [TEST_STEP][PASSED] - sendKeys(NewInputNmField, Keys.chord(ENTER)): Keys 'ENTER + ' sent to object: 'Object Repository/Objects.HighlightElements/input_field'

2020-06-05 13:30:49 - [MESSAGE][PASSED] - Keys 'ENTER + ' sent to object: 'Object Repository/Objects.HighlightElements/input_field'

2020-06-05 13:30:49 - [TEST_STEP][PASSED] - ComboBoxValue = getAttribute(NewInputNmField, "value"): Attribute 'value' of object 'Object Repository/Objects.HighlightElements/input_field' is: 'Submission of FSI Report'

2020-06-05 13:30:49 - [MESSAGE][PASSED] - Attribute 'value' of object 'Object Repository/Objects.HighlightElements/input_field' is: 'Submission of FSI Report'

2020-06-05 13:30:49 - [TEST_STEP][PASSED] - callTestCase(findTestCase(CallTCName), ["FindValue":ComboBoxValue, "DropdownNm":comboNm], STOP_ON_FAILURE): Call Test Case 'Test Cases/PFI Precision and Scale/HashMap Tables/ConstantHashMap' successfully

2020-06-05 13:30:49 - [TEST_CASE][PASSED] - Test Cases/PFI Precision and Scale/HashMap Tables/ConstantHashMap: Test Cases/PFI Precision and Scale/HashMap Tables/ConstantHashMap

2020-06-05 13:30:49 - [TEST_STEP][PASSED] - ConstantTBL = [1:["PeriodType":"Working Day(s)"], 2:["PeriodType":"Calendar Day(s)"], 3:["PeriodType":"Month(s)"], 4:["TypeOfLetter":"T1"], ... ]: null

2020-06-05 13:30:49 - [TEST_STEP][PASSED] - switch (DropdownNm): null

2020-06-05 13:30:49 - [TEST_STEP][PASSED] - case "eotType":: null

2020-06-05 13:30:49 - [TEST_STEP][PASSED] - ValueFound = ConstantTBL.find({ -> ... }): null

2020-06-05 13:30:49 - [TEST_STEP][PASSED] - break: null

2020-06-05 13:30:49 - [MESSAGE][PASSED] - Call Test Case 'Test Cases/PFI Precision and Scale/HashMap Tables/ConstantHashMap' successfully

2020-06-05 13:30:49 - [TEST_STEP][PASSED] - println(ValueFound): null

2020-06-05 13:30:49 - [TEST_STEP][PASSED] - sendKeys(NewInputNmField, Keys.chord(ARROW_DOWN)): Keys 'DOWN + ' sent to object: 'Object Repository/Objects.HighlightElements/input_field'

2020-06-05 13:30:49 - [MESSAGE][PASSED] - Keys 'DOWN + ' sent to object: 'Object Repository/Objects.HighlightElements/input_field'

2020-06-05 13:30:49 - [TEST_STEP][PASSED] - sendKeys(NewInputNmField, Keys.chord(ENTER)): Keys 'ENTER + ' sent to object: 'Object Repository/Objects.HighlightElements/input_field'

2020-06-05 13:30:50 - [MESSAGE][PASSED] - Keys 'ENTER + ' sent to object: 'Object Repository/Objects.HighlightElements/input_field'

2020-06-05 13:30:50 - [MESSAGE][PASSED] - Call Test Case 'Test Cases/PFI Precision and Scale/PFI Components/VerifyDropdownValues' successfully

2020-06-05 13:30:50 - [TEST_STEP][PASSED] - callTestCase(findTestCase("Components/HighlightLabelField"), ["LblName":"EOT From Date *:"], STOP_ON_FAILURE): Call Test Case 'Test Cases/Components/HighlightLabelField' successfully

2020-06-05 13:30:50 - [TEST_CASE][PASSED] - Test Cases/Components/HighlightLabelField: Test Cases/Components/HighlightLabelField

2020-06-05 13:30:50 - [TEST_STEP][PASSED] - Thread.sleep(1000): null

2020-06-05 13:30:51 - [TEST_STEP][PASSED] - modifiedLblNm = modifyObjectProperty(findTestObject("Objects.HighlightElements/lblField"), "text", "equals", LblName, true): Modify property of object successfully

2020-06-05 13:30:51 - [MESSAGE][PASSED] - Modify property of object successfully

2020-06-05 13:30:51 - [TEST_STEP][PASSED] - com.reusableComponents.HighlightElement.run(modifiedLblNm): com.reusableComponents.HighlightElement.run is PASSED

2020-06-05 13:30:51 - [MESSAGE][PASSED] - com.reusableComponents.HighlightElement.run is PASSED

2020-06-05 13:30:51 - [MESSAGE][PASSED] - Call Test Case 'Test Cases/Components/HighlightLabelField' successfully

2020-06-05 13:30:51 - [TEST_STEP][PASSED] - callTestCase(findTestCase("Components/HighlightInputField"), ["InputFldName":"eotFromDate"], STOP_ON_FAILURE): Call Test Case 'Test Cases/Components/HighlightInputField' successfully

2020-06-05 13:30:51 - [TEST_CASE][PASSED] - Test Cases/Components/HighlightInputField: Test Cases/Components/HighlightInputField

2020-06-05 13:30:51 - [TEST_STEP][PASSED] - Thread.sleep(1000): null

2020-06-05 13:30:52 - [TEST_STEP][PASSED] - modifiedLblNm = modifyObjectProperty(findTestObject("Objects.HighlightElements/input_field"), "name", "equals", InputFldName, true): Modify property of object successfully

2020-06-05 13:30:52 - [MESSAGE][PASSED] - Modify property of object successfully

2020-06-05 13:30:52 - [TEST_STEP][PASSED] - com.reusableComponents.HighlightElement.run(modifiedLblNm): com.reusableComponents.HighlightElement.run is PASSED

2020-06-05 13:30:53 - [MESSAGE][PASSED] - com.reusableComponents.HighlightElement.run is PASSED

2020-06-05 13:30:53 - [MESSAGE][PASSED] - Call Test Case 'Test Cases/Components/HighlightInputField' successfully

2020-06-05 13:30:53 - [TEST_STEP][PASSED] - callTestCase(findTestCase("PFI Precision and Scale/PFI Components/SelectDayInDatePicker"), ["FldNm":"eotFromDate", "SelectDay":"June 08"], STOP_ON_FAILURE): Call Test Case 'Test Cases/PFI Precision and Scale/PFI Components/SelectDayInDatePicker' successfully

2020-06-05 13:30:53 - [TEST_CASE][PASSED] - Test Cases/PFI Precision and Scale/PFI Components/SelectDayInDatePicker: Test Cases/PFI Precision and Scale/PFI Components/SelectDayInDatePicker

2020-06-05 13:30:53 - [TEST_STEP][PASSED] - Thread.sleep(1000): null

2020-06-05 13:30:54 - [TEST_STEP][PASSED] - DateFieldNm = modifyObjectProperty(findTestObject("Objects.HighlightElements/input_field"), "name", "equals", FldNm, true): Modify property of object successfully

2020-06-05 13:30:54 - [MESSAGE][PASSED] - Modify property of object successfully

2020-06-05 13:30:54 - [TEST_STEP][PASSED] - ModifyDay = modifyObjectProperty(findTestObject("Objects.DateValidation/Page_ISPS2/Select_Day"), "aria-label", "equals", SelectDay, true): Modify property of object successfully

2020-06-05 13:30:54 - [MESSAGE][PASSED] - Modify property of object successfully

2020-06-05 13:30:54 - [TEST_STEP][PASSED] - sendKeys(DateFieldNm, Keys.chord(ARROW_DOWN)): Keys 'DOWN + ' sent to object: 'Object Repository/Objects.HighlightElements/input_field'

2020-06-05 13:30:54 - [MESSAGE][PASSED] - Keys 'DOWN + ' sent to object: 'Object Repository/Objects.HighlightElements/input_field'

2020-06-05 13:30:54 - [TEST_STEP][PASSED] - com.reusableComponents.HighlightElement.run(ModifyDay): com.reusableComponents.HighlightElement.run is PASSED

2020-06-05 13:30:55 - [MESSAGE][PASSED] - com.reusableComponents.HighlightElement.run is PASSED

2020-06-05 13:30:55 - [TEST_STEP][PASSED] - delay(1): Delayed 1 second(s)

2020-06-05 13:30:56 - [MESSAGE][PASSED] - Delayed 1 second(s)

2020-06-05 13:30:56 - [TEST_STEP][PASSED] - click(ModifyDay): Object: 'Object Repository/Objects.DateValidation/Page_ISPS2/Select_Day' is clicked on

2020-06-05 13:30:56 - [MESSAGE][PASSED] - Object: 'Object Repository/Objects.DateValidation/Page_ISPS2/Select_Day' is clicked on

2020-06-05 13:30:56 - [TEST_STEP][PASSED] - GetError = getAttribute(DateFieldNm, "data-errorqtip"): Attribute 'data-errorqtip' of object 'Object Repository/Objects.HighlightElements/input_field' is: ''

2020-06-05 13:30:56 - [MESSAGE][PASSED] - Attribute 'data-errorqtip' of object 'Object Repository/Objects.HighlightElements/input_field' is: ''

2020-06-05 13:30:56 - [TEST_STEP][PASSED] - if (GetError == ""): Date Format is valid

2020-06-05 13:30:56 - [TEST_STEP][PASSED] - GetEnteredDate = getAttribute(DateFieldNm, "value"): Attribute 'value' of object 'Object Repository/Objects.HighlightElements/input_field' is: '08/06/2020'

2020-06-05 13:30:56 - [MESSAGE][PASSED] - Attribute 'value' of object 'Object Repository/Objects.HighlightElements/input_field' is: '08/06/2020'

2020-06-05 13:30:56 - [TEST_STEP][PASSED] - DatePattern = Pattern.compile("^(1[0-2]|0[1-9])/(3[01]|[12][0-9]|0[1-9])/[0-9]{4}$"): null

2020-06-05 13:30:56 - [TEST_STEP][PASSED] - VerifyDateFormat = DatePattern.matcher(GetEnteredDate): null

2020-06-05 13:30:56 - [TEST_STEP][PASSED] - if (VerifyDateFormat.matches() == true): Date Format is valid

2020-06-05 13:30:56 - [TEST_STEP][PASSED] - comment("Date Format is valid"): Date Format is valid

2020-06-05 13:30:56 - [MESSAGE][INFO] - Date Format is valid

2020-06-05 13:30:56 - [MESSAGE][PASSED] - Call Test Case 'Test Cases/PFI Precision and Scale/PFI Components/SelectDayInDatePicker' successfully

2020-06-05 13:30:56 - [TEST_STEP][PASSED] - callTestCase(findTestCase("PFI Precision and Scale/PFI Components/NumericTextboxValidationII"), ["nameToBeUsed":"eotFromDate", "minLen":11, "index":0], STOP_ON_FAILURE): Call Test Case 'Test Cases/PFI Precision and Scale/PFI Components/NumericTextboxValidationII' successfully

2020-06-05 13:30:56 - [TEST_CASE][PASSED] - Test Cases/PFI Precision and Scale/PFI Components/NumericTextboxValidationII: Test Cases/PFI Precision and Scale/PFI Components/NumericTextboxValidationII

2020-06-05 13:30:56 - [TEST_STEP][PASSED] - Thread.sleep(1000): null

2020-06-05 13:30:57 - [TEST_STEP][PASSED] - Numeric = "0123456789": null

2020-06-05 13:30:57 - [TEST_STEP][PASSED] - AlphaSpecialChar = z) + "`~!@#$%^&*()=_{}|\][;'":,?><"".join(): null

2020-06-05 13:30:57 - [TEST_STEP][PASSED] - RandomNumeric = RandomStringUtils.random(minLen, Numeric.toCharArray()): null

2020-06-05 13:30:57 - [TEST_STEP][PASSED] - RandomString = RandomStringUtils.random(minLen, AlphaSpecialChar): null

2020-06-05 13:30:57 - [TEST_STEP][PASSED] - regexPat = Pattern.compile("^[0-9]+$"): null

2020-06-05 13:30:57 - [TEST_STEP][PASSED] - NewInputNmField = modifyObjectProperty(findTestObject("Objects.RemarksValidation/input_Remarks"), "name", "equals", nameToBeUsed, true): Modify property of object successfully

2020-06-05 13:30:57 - [MESSAGE][PASSED] - Modify property of object successfully

2020-06-05 13:30:57 - [TEST_STEP][PASSED] - focus(NewInputNmField): Object: 'Object Repository/Objects.RemarksValidation/input_Remarks' is focused

2020-06-05 13:30:57 - [MESSAGE][PASSED] - Object: 'Object Repository/Objects.RemarksValidation/input_Remarks' is focused

2020-06-05 13:30:57 - [TEST_STEP][PASSED] - setText(NewInputNmField, RandomString): Text 'd[@@nNos_!H' is set on object 'Object Repository/Objects.RemarksValidation/input_Remarks'

2020-06-05 13:30:57 - [MESSAGE][PASSED] - Text 'd[@@nNos_!H' is set on object 'Object Repository/Objects.RemarksValidation/input_Remarks'

2020-06-05 13:30:57 - [TEST_STEP][PASSED] - GetInputVal = getAttribute(NewInputNmField, "value"): Attribute 'value' of object 'Object Repository/Objects.RemarksValidation/input_Remarks' is: ''

2020-06-05 13:30:57 - [MESSAGE][PASSED] - Attribute 'value' of object 'Object Repository/Objects.RemarksValidation/input_Remarks' is: ''

2020-06-05 13:30:57 - [TEST_STEP][PASSED] - if (GetInputVal.contains("e")): null

2020-06-05 13:30:57 - [TEST_STEP][PASSED] - else: Actual text '' and expected text '' are matched  using regular expression

2020-06-05 13:30:57 - [TEST_STEP][PASSED] - verifyMatch(GetInputVal, "", true): Actual text '' and expected text '' are matched  using regular expression

2020-06-05 13:30:57 - [MESSAGE][PASSED] - Actual text '' and expected text '' are matched  using regular expression

2020-06-05 13:30:57 - [TEST_STEP][PASSED] - setText(NewInputNmField, RandomNumeric): Text '80516021797' is set on object 'Object Repository/Objects.RemarksValidation/input_Remarks'

2020-06-05 13:30:57 - [MESSAGE][PASSED] - Text '80516021797' is set on object 'Object Repository/Objects.RemarksValidation/input_Remarks'

2020-06-05 13:30:57 - [TEST_STEP][PASSED] - GetEnteredIntegers = getAttribute(NewInputNmField, "value"): Attribute 'value' of object 'Object Repository/Objects.RemarksValidation/input_Remarks' is: '80516021797'

2020-06-05 13:30:57 - [MESSAGE][PASSED] - Attribute 'value' of object 'Object Repository/Objects.RemarksValidation/input_Remarks' is: '80516021797'

2020-06-05 13:30:57 - [TEST_STEP][PASSED] - matchStr = regexPat.matcher(GetEnteredIntegers): null

2020-06-05 13:30:57 - [TEST_STEP][PASSED] - if (matchStr.matches() == true): Accepting Numeric

2020-06-05 13:30:57 - [TEST_STEP][PASSED] - comment("Accepting Numeric"): Accepting Numeric

2020-06-05 13:30:57 - [MESSAGE][INFO] - Accepting Numeric

2020-06-05 13:30:57 - [MESSAGE][PASSED] - Call Test Case 'Test Cases/PFI Precision and Scale/PFI Components/NumericTextboxValidationII' successfully

2020-06-05 13:30:57 - [TEST_STEP][PASSED] - callTestCase(findTestCase("PFI Precision and Scale/PFI Components/StartTimeError"), ["FldNm":"eotFromDate", "index":0], STOP_ON_FAILURE): Call Test Case 'Test Cases/PFI Precision and Scale/PFI Components/StartTimeError' successfully

2020-06-05 13:30:58 - [TEST_CASE][PASSED] - Test Cases/PFI Precision and Scale/PFI Components/StartTimeError: Test Cases/PFI Precision and Scale/PFI Components/StartTimeError

2020-06-05 13:30:58 - [TEST_STEP][PASSED] - Thread.sleep(1000): null

2020-06-05 13:30:59 - [TEST_STEP][PASSED] - if (index == 0): Modify property of object successfully

2020-06-05 13:30:59 - [TEST_STEP][PASSED] - NewInputNmField = modifyObjectProperty(findTestObject("Objects.HighlightElements/input_field"), "name", "equals", FldNm, true): Modify property of object successfully

2020-06-05 13:30:59 - [MESSAGE][PASSED] - Modify property of object successfully

2020-06-05 13:30:59 - [TEST_STEP][PASSED] - mouseOver(NewInputNmField): Object: 'Object Repository/Objects.HighlightElements/input_field' is hovered

2020-06-05 13:30:59 - [MESSAGE][PASSED] - Object: 'Object Repository/Objects.HighlightElements/input_field' is hovered

2020-06-05 13:30:59 - [TEST_STEP][PASSED] - getInputInvalidDate = getAttribute(NewInputNmField, "value"): Attribute 'value' of object 'Object Repository/Objects.HighlightElements/input_field' is: '80516021797'

2020-06-05 13:30:59 - [MESSAGE][PASSED] - Attribute 'value' of object 'Object Repository/Objects.HighlightElements/input_field' is: '80516021797'

2020-06-05 13:30:59 - [TEST_STEP][PASSED] - getErrMsg = getAttribute(NewInputNmField, "data-errorqtip"): Attribute 'data-errorqtip' of object 'Object Repository/Objects.HighlightElements/input_field' is: '<ul class="x-list-plain"><li>Start time must be less than end time</li><li>80516021797 is not a valid date - it must be in the format d/m/Y</li></ul>'

2020-06-05 13:30:59 - [MESSAGE][PASSED] - Attribute 'data-errorqtip' of object 'Object Repository/Objects.HighlightElements/input_field' is: '<ul class="x-list-plain"><li>Start time must be less than end time</li><li>80516021797 is not a valid date - it must be in the format d/m/Y</li></ul>'

2020-06-05 13:30:59 - [TEST_STEP][PASSED] - RmvCd = getErrMsg.substring(0, 75): null

2020-06-05 13:30:59 - [TEST_STEP][PASSED] - FirstErrMsg = RmvCd.substring(29, 66): null

2020-06-05 13:30:59 - [TEST_STEP][PASSED] - getTotalLength = getErrMsg.length(): null

2020-06-05 13:30:59 - [TEST_STEP][PASSED] - RmvCd = getErrMsg.substring(75, getTotalLength): null

2020-06-05 13:30:59 - [TEST_STEP][PASSED] - lenInv = RmvCd.length() - 10: null

2020-06-05 13:30:59 - [TEST_STEP][PASSED] - InvErrMsg = RmvCd.substring(0, lenInv): null

2020-06-05 13:30:59 - [TEST_STEP][PASSED] - ExpectedInvalidErrMsg2 = concatenate(InvDtErr, " ", getInputInvalidDate, " ", NotValidDt): Concatenated string array: '['Start time must be less than end time',' ','80516021797',' ','is not a valid date - it must be in the format d/m/Y']' into 'Start time must be less than end time 80516021797 is not a valid date - it must be in the format d/m/Y'

2020-06-05 13:30:59 - [MESSAGE][PASSED] - Concatenated string array: '['Start time must be less than end time',' ','80516021797',' ','is not a valid date - it must be in the format d/m/Y']' into 'Start time must be less than end time 80516021797 is not a valid date - it must be in the format d/m/Y'

2020-06-05 13:30:59 - [TEST_STEP][PASSED] - ActualInvErrMsg = concatenate(FirstErrMsg, " ", InvErrMsg): Concatenated string array: '['Start time must be less than end time',' ','80516021797 is not a valid date - it must be in the format d/m/Y']' into 'Start time must be less than end time 80516021797 is not a valid date - it must be in the format d/m/Y'

2020-06-05 13:30:59 - [MESSAGE][PASSED] - Concatenated string array: '['Start time must be less than end time',' ','80516021797 is not a valid date - it must be in the format d/m/Y']' into 'Start time must be less than end time 80516021797 is not a valid date - it must be in the format d/m/Y'

2020-06-05 13:30:59 - [TEST_STEP][PASSED] - verifyMatch(ActualInvErrMsg, ExpectedInvalidErrMsg2, true): Actual text 'Start time must be less than end time 80516021797 is not a valid date - it must be in the format d/m/Y' and expected text 'Start time must be less than end time 80516021797 is not a valid date - it must be in the format d/m/Y' are matched  using regular expression

2020-06-05 13:30:59 - [MESSAGE][PASSED] - Actual text 'Start time must be less than end time 80516021797 is not a valid date - it must be in the format d/m/Y' and expected text 'Start time must be less than end time 80516021797 is not a valid date - it must be in the format d/m/Y' are matched  using regular expression

2020-06-05 13:30:59 - [MESSAGE][PASSED] - Call Test Case 'Test Cases/PFI Precision and Scale/PFI Components/StartTimeError' successfully

2020-06-05 13:30:59 - [TEST_STEP][PASSED] - callTestCase(findTestCase("PFI Precision and Scale/PFI Components/SelectTodayInDatePicker"), ["FldNm":"eotFromDate", "index":"1"], STOP_ON_FAILURE): Call Test Case 'Test Cases/PFI Precision and Scale/PFI Components/SelectTodayInDatePicker' successfully

2020-06-05 13:30:59 - [TEST_CASE][PASSED] - Test Cases/PFI Precision and Scale/PFI Components/SelectTodayInDatePicker: Test Cases/PFI Precision and Scale/PFI Components/SelectTodayInDatePicker

2020-06-05 13:30:59 - [TEST_STEP][PASSED] - Thread.sleep(1000): null

2020-06-05 13:31:00 - [TEST_STEP][PASSED] - date = new java.util.Date(): null

2020-06-05 13:31:00 - [TEST_STEP][PASSED] - CurrentDate = new java.text.SimpleDateFormat(dd/MM/yyyy): null

2020-06-05 13:31:00 - [TEST_STEP][PASSED] - TodayDate = CurrentDate.format(date): null

2020-06-05 13:31:00 - [TEST_STEP][PASSED] - DateFieldNm = modifyObjectProperty(findTestObject("Object Repository/Objects.DateValidation/Page_ISPS2/input__orderDt"), "name", "equals", FldNm, true): Modify property of object successfully

2020-06-05 13:31:00 - [MESSAGE][PASSED] - Modify property of object successfully

2020-06-05 13:31:00 - [TEST_STEP][PASSED] - TodayBtn = modifyObjectProperty(findTestObject("Object Repository/Objects.DateValidation/Page_ISPS2/a_Today"), "xpath", "equals", "(//*[text() = 'Today'])[" + index + "]", true): Modify property of object successfully

2020-06-05 13:31:00 - [MESSAGE][PASSED] - Modify property of object successfully

2020-06-05 13:31:00 - [TEST_STEP][PASSED] - sendKeys(DateFieldNm, Keys.chord(ARROW_DOWN)): Keys 'DOWN + ' sent to object: 'Object Repository/Objects.DateValidation/Page_ISPS2/input__orderDt'

2020-06-05 13:31:00 - [MESSAGE][PASSED] - Keys 'DOWN + ' sent to object: 'Object Repository/Objects.DateValidation/Page_ISPS2/input__orderDt'

2020-06-05 13:31:00 - [TEST_STEP][PASSED] - com.reusableComponents.HighlightElement.run(TodayBtn): com.reusableComponents.HighlightElement.run is PASSED

2020-06-05 13:31:01 - [MESSAGE][PASSED] - com.reusableComponents.HighlightElement.run is PASSED

2020-06-05 13:31:01 - [TEST_STEP][PASSED] - click(TodayBtn): Object: 'Object Repository/Objects.DateValidation/Page_ISPS2/a_Today' is clicked on

2020-06-05 13:31:01 - [MESSAGE][PASSED] - Object: 'Object Repository/Objects.DateValidation/Page_ISPS2/a_Today' is clicked on

2020-06-05 13:31:01 - [TEST_STEP][PASSED] - GetEnteredDate = getAttribute(DateFieldNm, "value"): Attribute 'value' of object 'Object Repository/Objects.DateValidation/Page_ISPS2/input__orderDt' is: '05/06/2020'

2020-06-05 13:31:01 - [MESSAGE][PASSED] - Attribute 'value' of object 'Object Repository/Objects.DateValidation/Page_ISPS2/input__orderDt' is: '05/06/2020'

2020-06-05 13:31:01 - [TEST_STEP][PASSED] - verifyMatch(GetEnteredDate, TodayDate, true): Actual text '05/06/2020' and expected text '05/06/2020' are matched  using regular expression

2020-06-05 13:31:01 - [MESSAGE][PASSED] - Actual text '05/06/2020' and expected text '05/06/2020' are matched  using regular expression

2020-06-05 13:31:01 - [MESSAGE][PASSED] - Call Test Case 'Test Cases/PFI Precision and Scale/PFI Components/SelectTodayInDatePicker' successfully

2020-06-05 13:31:01 - [TEST_STEP][PASSED] - callTestCase(findTestCase("Components/HighlightLabelField"), ["LblName":"EOT To Date *:"], STOP_ON_FAILURE): Call Test Case 'Test Cases/Components/HighlightLabelField' successfully

2020-06-05 13:31:01 - [TEST_CASE][PASSED] - Test Cases/Components/HighlightLabelField: Test Cases/Components/HighlightLabelField

2020-06-05 13:31:01 - [TEST_STEP][PASSED] - Thread.sleep(1000): null

2020-06-05 13:31:02 - [TEST_STEP][PASSED] - modifiedLblNm = modifyObjectProperty(findTestObject("Objects.HighlightElements/lblField"), "text", "equals", LblName, true): Modify property of object successfully

2020-06-05 13:31:02 - [MESSAGE][PASSED] - Modify property of object successfully

2020-06-05 13:31:02 - [TEST_STEP][PASSED] - com.reusableComponents.HighlightElement.run(modifiedLblNm): com.reusableComponents.HighlightElement.run is PASSED

2020-06-05 13:31:03 - [MESSAGE][PASSED] - com.reusableComponents.HighlightElement.run is PASSED

2020-06-05 13:31:03 - [MESSAGE][PASSED] - Call Test Case 'Test Cases/Components/HighlightLabelField' successfully

2020-06-05 13:31:03 - [TEST_STEP][PASSED] - callTestCase(findTestCase("Components/HighlightInputField"), ["InputFldName":"eotToDate"], STOP_ON_FAILURE): Call Test Case 'Test Cases/Components/HighlightInputField' successfully

2020-06-05 13:31:03 - [TEST_CASE][PASSED] - Test Cases/Components/HighlightInputField: Test Cases/Components/HighlightInputField

2020-06-05 13:31:03 - [TEST_STEP][PASSED] - Thread.sleep(1000): null

2020-06-05 13:31:04 - [TEST_STEP][PASSED] - modifiedLblNm = modifyObjectProperty(findTestObject("Objects.HighlightElements/input_field"), "name", "equals", InputFldName, true): Modify property of object successfully

2020-06-05 13:31:04 - [MESSAGE][PASSED] - Modify property of object successfully

2020-06-05 13:31:04 - [TEST_STEP][PASSED] - com.reusableComponents.HighlightElement.run(modifiedLblNm): com.reusableComponents.HighlightElement.run is PASSED

2020-06-05 13:31:04 - [MESSAGE][PASSED] - com.reusableComponents.HighlightElement.run is PASSED

2020-06-05 13:31:04 - [MESSAGE][PASSED] - Call Test Case 'Test Cases/Components/HighlightInputField' successfully

2020-06-05 13:31:04 - [TEST_STEP][PASSED] - callTestCase(findTestCase("PFI Precision and Scale/PFI Components with Indexing/SelectDayInDatePickerWithIndex"), ["FldNm":"eotToDate", "SelectCurrentDay":"12", "index":2], STOP_ON_FAILURE): Call Test Case 'Test Cases/PFI Precision and Scale/PFI Components with Indexing/SelectDayInDatePickerWithIndex' successfully

2020-06-05 13:31:04 - [TEST_CASE][PASSED] - Test Cases/PFI Precision and Scale/PFI Components with Indexing/SelectDayInDatePickerWithIndex: Test Cases/PFI Precision and Scale/PFI Components with Indexing/SelectDayInDatePickerWithIndex

2020-06-05 13:31:05 - [TEST_STEP][PASSED] - Thread.sleep(1000): null

2020-06-05 13:31:06 - [TEST_STEP][PASSED] - DateFieldNm = modifyObjectProperty(findTestObject("Objects.HighlightElements/input_field"), "name", "equals", FldNm, true): Modify property of object successfully

2020-06-05 13:31:06 - [MESSAGE][PASSED] - Modify property of object successfully

2020-06-05 13:31:06 - [TEST_STEP][PASSED] - ModifyDay = modifyObjectProperty(findTestObject("Objects.DateValidation/Page_ISPS2/Select_Day_Index"), "xpath", "equals", "(//*[contains(@class, 'x-datepicker-date') and (text() = '" + SelectCurrentDay + "')])[" + index + "]", true): Modify property of object successfully

2020-06-05 13:31:06 - [MESSAGE][PASSED] - Modify property of object successfully

2020-06-05 13:31:06 - [TEST_STEP][PASSED] - sendKeys(DateFieldNm, Keys.chord(ARROW_DOWN)): Keys 'DOWN + ' sent to object: 'Object Repository/Objects.HighlightElements/input_field'

2020-06-05 13:31:06 - [MESSAGE][PASSED] - Keys 'DOWN + ' sent to object: 'Object Repository/Objects.HighlightElements/input_field'

2020-06-05 13:31:06 - [TEST_STEP][PASSED] - com.reusableComponents.HighlightElement.run(ModifyDay): com.reusableComponents.HighlightElement.run is PASSED

2020-06-05 13:31:06 - [MESSAGE][PASSED] - com.reusableComponents.HighlightElement.run is PASSED

2020-06-05 13:31:06 - [TEST_STEP][PASSED] - delay(1): Delayed 1 second(s)

2020-06-05 13:31:07 - [MESSAGE][PASSED] - Delayed 1 second(s)

2020-06-05 13:31:07 - [TEST_STEP][PASSED] - click(ModifyDay): Object: 'Object Repository/Objects.DateValidation/Page_ISPS2/Select_Day_Index' is clicked on

2020-06-05 13:31:07 - [MESSAGE][PASSED] - Object: 'Object Repository/Objects.DateValidation/Page_ISPS2/Select_Day_Index' is clicked on

2020-06-05 13:31:07 - [TEST_STEP][PASSED] - GetError = getAttribute(DateFieldNm, "data-errorqtip"): Attribute 'data-errorqtip' of object 'Object Repository/Objects.HighlightElements/input_field' is: ''

2020-06-05 13:31:07 - [MESSAGE][PASSED] - Attribute 'data-errorqtip' of object 'Object Repository/Objects.HighlightElements/input_field' is: ''

2020-06-05 13:31:07 - [TEST_STEP][PASSED] - if (GetError == ""): Date Format is valid

2020-06-05 13:31:07 - [TEST_STEP][PASSED] - GetEnteredDate = getAttribute(DateFieldNm, "value"): Attribute 'value' of object 'Object Repository/Objects.HighlightElements/input_field' is: '12/06/2020'

2020-06-05 13:31:07 - [MESSAGE][PASSED] - Attribute 'value' of object 'Object Repository/Objects.HighlightElements/input_field' is: '12/06/2020'

2020-06-05 13:31:07 - [TEST_STEP][PASSED] - DatePattern = Pattern.compile("^(1[0-2]|0[1-9])/(3[01]|[12][0-9]|0[1-9])/[0-9]{4}$"): null

2020-06-05 13:31:07 - [TEST_STEP][PASSED] - VerifyDateFormat = DatePattern.matcher(GetEnteredDate): null

2020-06-05 13:31:07 - [TEST_STEP][PASSED] - if (VerifyDateFormat.matches() == true): Date Format is valid

2020-06-05 13:31:07 - [TEST_STEP][PASSED] - comment("Date Format is valid"): Date Format is valid

2020-06-05 13:31:07 - [MESSAGE][INFO] - Date Format is valid

2020-06-05 13:31:07 - [MESSAGE][PASSED] - Call Test Case 'Test Cases/PFI Precision and Scale/PFI Components with Indexing/SelectDayInDatePickerWithIndex' successfully

2020-06-05 13:31:07 - [TEST_STEP][PASSED] - callTestCase(findTestCase("PFI Precision and Scale/PFI Components/NumericTextboxValidationII"), ["nameToBeUsed":"eotToDate", "minLen":11, "index":0], STOP_ON_FAILURE): Call Test Case 'Test Cases/PFI Precision and Scale/PFI Components/NumericTextboxValidationII' successfully

2020-06-05 13:31:07 - [TEST_CASE][PASSED] - Test Cases/PFI Precision and Scale/PFI Components/NumericTextboxValidationII: Test Cases/PFI Precision and Scale/PFI Components/NumericTextboxValidationII

2020-06-05 13:31:07 - [TEST_STEP][PASSED] - Thread.sleep(1000): null

2020-06-05 13:31:08 - [TEST_STEP][PASSED] - Numeric = "0123456789": null

2020-06-05 13:31:08 - [TEST_STEP][PASSED] - AlphaSpecialChar = z) + "`~!@#$%^&*()=_{}|\][;'":,?><"".join(): null

2020-06-05 13:31:08 - [TEST_STEP][PASSED] - RandomNumeric = RandomStringUtils.random(minLen, Numeric.toCharArray()): null

2020-06-05 13:31:08 - [TEST_STEP][PASSED] - RandomString = RandomStringUtils.random(minLen, AlphaSpecialChar): null

2020-06-05 13:31:08 - [TEST_STEP][PASSED] - regexPat = Pattern.compile("^[0-9]+$"): null

2020-06-05 13:31:08 - [TEST_STEP][PASSED] - NewInputNmField = modifyObjectProperty(findTestObject("Objects.RemarksValidation/input_Remarks"), "name", "equals", nameToBeUsed, true): Modify property of object successfully

2020-06-05 13:31:08 - [MESSAGE][PASSED] - Modify property of object successfully

2020-06-05 13:31:08 - [TEST_STEP][PASSED] - focus(NewInputNmField): Object: 'Object Repository/Objects.RemarksValidation/input_Remarks' is focused

2020-06-05 13:31:08 - [MESSAGE][PASSED] - Object: 'Object Repository/Objects.RemarksValidation/input_Remarks' is focused

2020-06-05 13:31:08 - [TEST_STEP][PASSED] - setText(NewInputNmField, RandomString): Text 'Kz|d&<ti~`<' is set on object 'Object Repository/Objects.RemarksValidation/input_Remarks'

2020-06-05 13:31:09 - [MESSAGE][PASSED] - Text 'Kz|d&<ti~`<' is set on object 'Object Repository/Objects.RemarksValidation/input_Remarks'

2020-06-05 13:31:09 - [TEST_STEP][PASSED] - GetInputVal = getAttribute(NewInputNmField, "value"): Attribute 'value' of object 'Object Repository/Objects.RemarksValidation/input_Remarks' is: ''

2020-06-05 13:31:09 - [MESSAGE][PASSED] - Attribute 'value' of object 'Object Repository/Objects.RemarksValidation/input_Remarks' is: ''

2020-06-05 13:31:09 - [TEST_STEP][PASSED] - if (GetInputVal.contains("e")): null

2020-06-05 13:31:09 - [TEST_STEP][PASSED] - else: Actual text '' and expected text '' are matched  using regular expression

2020-06-05 13:31:09 - [TEST_STEP][PASSED] - verifyMatch(GetInputVal, "", true): Actual text '' and expected text '' are matched  using regular expression

2020-06-05 13:31:09 - [MESSAGE][PASSED] - Actual text '' and expected text '' are matched  using regular expression

2020-06-05 13:31:09 - [TEST_STEP][PASSED] - setText(NewInputNmField, RandomNumeric): Text '80533198682' is set on object 'Object Repository/Objects.RemarksValidation/input_Remarks'

2020-06-05 13:31:09 - [MESSAGE][PASSED] - Text '80533198682' is set on object 'Object Repository/Objects.RemarksValidation/input_Remarks'

2020-06-05 13:31:09 - [TEST_STEP][PASSED] - GetEnteredIntegers = getAttribute(NewInputNmField, "value"): Attribute 'value' of object 'Object Repository/Objects.RemarksValidation/input_Remarks' is: '80533198682'

2020-06-05 13:31:09 - [MESSAGE][PASSED] - Attribute 'value' of object 'Object Repository/Objects.RemarksValidation/input_Remarks' is: '80533198682'

2020-06-05 13:31:09 - [TEST_STEP][PASSED] - matchStr = regexPat.matcher(GetEnteredIntegers): null

2020-06-05 13:31:09 - [TEST_STEP][PASSED] - if (matchStr.matches() == true): Accepting Numeric

2020-06-05 13:31:09 - [TEST_STEP][PASSED] - comment("Accepting Numeric"): Accepting Numeric

2020-06-05 13:31:09 - [MESSAGE][INFO] - Accepting Numeric

2020-06-05 13:31:09 - [MESSAGE][PASSED] - Call Test Case 'Test Cases/PFI Precision and Scale/PFI Components/NumericTextboxValidationII' successfully

2020-06-05 13:31:09 - [TEST_STEP][PASSED] - callTestCase(findTestCase("PFI Precision and Scale/PFI Components/StartTimeError"), ["FldNm":"eotToDate", "index":0], STOP_ON_FAILURE): Call Test Case 'Test Cases/PFI Precision and Scale/PFI Components/StartTimeError' successfully

2020-06-05 13:31:09 - [TEST_CASE][PASSED] - Test Cases/PFI Precision and Scale/PFI Components/StartTimeError: Test Cases/PFI Precision and Scale/PFI Components/StartTimeError

2020-06-05 13:31:09 - [TEST_STEP][PASSED] - Thread.sleep(1000): null

2020-06-05 13:31:10 - [TEST_STEP][PASSED] - if (index == 0): Modify property of object successfully

2020-06-05 13:31:10 - [TEST_STEP][PASSED] - NewInputNmField = modifyObjectProperty(findTestObject("Objects.HighlightElements/input_field"), "name", "equals", FldNm, true): Modify property of object successfully

2020-06-05 13:31:10 - [MESSAGE][PASSED] - Modify property of object successfully

2020-06-05 13:31:10 - [TEST_STEP][PASSED] - mouseOver(NewInputNmField): Object: 'Object Repository/Objects.HighlightElements/input_field' is hovered

2020-06-05 13:31:10 - [MESSAGE][PASSED] - Object: 'Object Repository/Objects.HighlightElements/input_field' is hovered

2020-06-05 13:31:10 - [TEST_STEP][PASSED] - getInputInvalidDate = getAttribute(NewInputNmField, "value"): Attribute 'value' of object 'Object Repository/Objects.HighlightElements/input_field' is: '80533198682'

2020-06-05 13:31:10 - [MESSAGE][PASSED] - Attribute 'value' of object 'Object Repository/Objects.HighlightElements/input_field' is: '80533198682'

2020-06-05 13:31:10 - [TEST_STEP][PASSED] - getErrMsg = getAttribute(NewInputNmField, "data-errorqtip"): Attribute 'data-errorqtip' of object 'Object Repository/Objects.HighlightElements/input_field' is: '<ul class="x-list-plain"><li>Start time must be less than end time</li><li>80533198682 is not a valid date - it must be in the format d/m/Y</li></ul>'

2020-06-05 13:31:10 - [MESSAGE][PASSED] - Attribute 'data-errorqtip' of object 'Object Repository/Objects.HighlightElements/input_field' is: '<ul class="x-list-plain"><li>Start time must be less than end time</li><li>80533198682 is not a valid date - it must be in the format d/m/Y</li></ul>'

2020-06-05 13:31:10 - [TEST_STEP][PASSED] - RmvCd = getErrMsg.substring(0, 75): null

2020-06-05 13:31:10 - [TEST_STEP][PASSED] - FirstErrMsg = RmvCd.substring(29, 66): null

2020-06-05 13:31:10 - [TEST_STEP][PASSED] - getTotalLength = getErrMsg.length(): null

2020-06-05 13:31:10 - [TEST_STEP][PASSED] - RmvCd = getErrMsg.substring(75, getTotalLength): null

2020-06-05 13:31:10 - [TEST_STEP][PASSED] - lenInv = RmvCd.length() - 10: null

2020-06-05 13:31:10 - [TEST_STEP][PASSED] - InvErrMsg = RmvCd.substring(0, lenInv): null

2020-06-05 13:31:10 - [TEST_STEP][PASSED] - ExpectedInvalidErrMsg2 = concatenate(InvDtErr, " ", getInputInvalidDate, " ", NotValidDt): Concatenated string array: '['Start time must be less than end time',' ','80533198682',' ','is not a valid date - it must be in the format d/m/Y']' into 'Start time must be less than end time 80533198682 is not a valid date - it must be in the format d/m/Y'

2020-06-05 13:31:10 - [MESSAGE][PASSED] - Concatenated string array: '['Start time must be less than end time',' ','80533198682',' ','is not a valid date - it must be in the format d/m/Y']' into 'Start time must be less than end time 80533198682 is not a valid date - it must be in the format d/m/Y'

2020-06-05 13:31:10 - [TEST_STEP][PASSED] - ActualInvErrMsg = concatenate(FirstErrMsg, " ", InvErrMsg): Concatenated string array: '['Start time must be less than end time',' ','80533198682 is not a valid date - it must be in the format d/m/Y']' into 'Start time must be less than end time 80533198682 is not a valid date - it must be in the format d/m/Y'

2020-06-05 13:31:10 - [MESSAGE][PASSED] - Concatenated string array: '['Start time must be less than end time',' ','80533198682 is not a valid date - it must be in the format d/m/Y']' into 'Start time must be less than end time 80533198682 is not a valid date - it must be in the format d/m/Y'

2020-06-05 13:31:10 - [TEST_STEP][PASSED] - verifyMatch(ActualInvErrMsg, ExpectedInvalidErrMsg2, true): Actual text 'Start time must be less than end time 80533198682 is not a valid date - it must be in the format d/m/Y' and expected text 'Start time must be less than end time 80533198682 is not a valid date - it must be in the format d/m/Y' are matched  using regular expression

2020-06-05 13:31:10 - [MESSAGE][PASSED] - Actual text 'Start time must be less than end time 80533198682 is not a valid date - it must be in the format d/m/Y' and expected text 'Start time must be less than end time 80533198682 is not a valid date - it must be in the format d/m/Y' are matched  using regular expression

2020-06-05 13:31:10 - [MESSAGE][PASSED] - Call Test Case 'Test Cases/PFI Precision and Scale/PFI Components/StartTimeError' successfully

2020-06-05 13:31:10 - [TEST_STEP][PASSED] - callTestCase(findTestCase("PFI Precision and Scale/PFI Components/SelectTodayInDatePicker"), ["FldNm":"eotToDate", "index":"2"], STOP_ON_FAILURE): Call Test Case 'Test Cases/PFI Precision and Scale/PFI Components/SelectTodayInDatePicker' successfully

2020-06-05 13:31:10 - [TEST_CASE][PASSED] - Test Cases/PFI Precision and Scale/PFI Components/SelectTodayInDatePicker: Test Cases/PFI Precision and Scale/PFI Components/SelectTodayInDatePicker

2020-06-05 13:31:10 - [TEST_STEP][PASSED] - Thread.sleep(1000): null

2020-06-05 13:31:11 - [TEST_STEP][PASSED] - date = new java.util.Date(): null

2020-06-05 13:31:11 - [TEST_STEP][PASSED] - CurrentDate = new java.text.SimpleDateFormat(dd/MM/yyyy): null

2020-06-05 13:31:11 - [TEST_STEP][PASSED] - TodayDate = CurrentDate.format(date): null

2020-06-05 13:31:11 - [TEST_STEP][PASSED] - DateFieldNm = modifyObjectProperty(findTestObject("Object Repository/Objects.DateValidation/Page_ISPS2/input__orderDt"), "name", "equals", FldNm, true): Modify property of object successfully

2020-06-05 13:31:11 - [MESSAGE][PASSED] - Modify property of object successfully

2020-06-05 13:31:11 - [TEST_STEP][PASSED] - TodayBtn = modifyObjectProperty(findTestObject("Object Repository/Objects.DateValidation/Page_ISPS2/a_Today"), "xpath", "equals", "(//*[text() = 'Today'])[" + index + "]", true): Modify property of object successfully

2020-06-05 13:31:11 - [MESSAGE][PASSED] - Modify property of object successfully

2020-06-05 13:31:11 - [TEST_STEP][PASSED] - sendKeys(DateFieldNm, Keys.chord(ARROW_DOWN)): Keys 'DOWN + ' sent to object: 'Object Repository/Objects.DateValidation/Page_ISPS2/input__orderDt'

2020-06-05 13:31:11 - [MESSAGE][PASSED] - Keys 'DOWN + ' sent to object: 'Object Repository/Objects.DateValidation/Page_ISPS2/input__orderDt'

2020-06-05 13:31:11 - [TEST_STEP][PASSED] - com.reusableComponents.HighlightElement.run(TodayBtn): com.reusableComponents.HighlightElement.run is PASSED

2020-06-05 13:31:12 - [MESSAGE][PASSED] - com.reusableComponents.HighlightElement.run is PASSED

2020-06-05 13:31:12 - [TEST_STEP][PASSED] - click(TodayBtn): Object: 'Object Repository/Objects.DateValidation/Page_ISPS2/a_Today' is clicked on

2020-06-05 13:31:12 - [MESSAGE][PASSED] - Object: 'Object Repository/Objects.DateValidation/Page_ISPS2/a_Today' is clicked on

2020-06-05 13:31:12 - [TEST_STEP][PASSED] - GetEnteredDate = getAttribute(DateFieldNm, "value"): Attribute 'value' of object 'Object Repository/Objects.DateValidation/Page_ISPS2/input__orderDt' is: '05/06/2020'

2020-06-05 13:31:12 - [MESSAGE][PASSED] - Attribute 'value' of object 'Object Repository/Objects.DateValidation/Page_ISPS2/input__orderDt' is: '05/06/2020'

2020-06-05 13:31:12 - [TEST_STEP][PASSED] - verifyMatch(GetEnteredDate, TodayDate, true): Actual text '05/06/2020' and expected text '05/06/2020' are matched  using regular expression

2020-06-05 13:31:12 - [MESSAGE][PASSED] - Actual text '05/06/2020' and expected text '05/06/2020' are matched  using regular expression

2020-06-05 13:31:12 - [MESSAGE][PASSED] - Call Test Case 'Test Cases/PFI Precision and Scale/PFI Components/SelectTodayInDatePicker' successfully

2020-06-05 13:31:12 - [TEST_STEP][PASSED] - callTestCase(findTestCase("PFI Precision and Scale/PFI Components/PastDateAfterError"), ["FldNm":"eotToDate"], STOP_ON_FAILURE): Call Test Case 'Test Cases/PFI Precision and Scale/PFI Components/PastDateAfterError' successfully

2020-06-05 13:31:12 - [TEST_CASE][PASSED] - Test Cases/PFI Precision and Scale/PFI Components/PastDateAfterError: Test Cases/PFI Precision and Scale/PFI Components/PastDateAfterError

2020-06-05 13:31:12 - [TEST_STEP][PASSED] - Thread.sleep(1000): null

2020-06-05 13:31:13 - [TEST_STEP][PASSED] - date = new java.util.Date(): null

2020-06-05 13:31:13 - [TEST_STEP][PASSED] - DateFormat = new java.text.SimpleDateFormat(dd/MM/yyyy): null

2020-06-05 13:31:13 - [TEST_STEP][PASSED] - CurrentDate = DateFormat.format(date): null

2020-06-05 13:31:13 - [TEST_STEP][PASSED] - DateFieldNm = modifyObjectProperty(findTestObject("Objects.HighlightElements/input_field"), "name", "equals", FldNm, true): Modify property of object successfully

2020-06-05 13:31:13 - [MESSAGE][PASSED] - Modify property of object successfully

2020-06-05 13:31:13 - [TEST_STEP][PASSED] - GetDateValue = getAttribute(DateFieldNm, "value"): Attribute 'value' of object 'Object Repository/Objects.HighlightElements/input_field' is: '05/06/2020'

2020-06-05 13:31:13 - [MESSAGE][PASSED] - Attribute 'value' of object 'Object Repository/Objects.HighlightElements/input_field' is: '05/06/2020'

2020-06-05 13:31:13 - [TEST_STEP][PASSED] - verifyMatch(GetDateValue, CurrentDate, true): Actual text '05/06/2020' and expected text '05/06/2020' are matched  using regular expression

2020-06-05 13:31:13 - [MESSAGE][PASSED] - Actual text '05/06/2020' and expected text '05/06/2020' are matched  using regular expression

2020-06-05 13:31:13 - [TEST_STEP][PASSED] - PastDate = date - 30: null

2020-06-05 13:31:13 - [TEST_STEP][PASSED] - PastDateFormatted = PastDate.format("dd/MM/yyyy"): null

2020-06-05 13:31:13 - [TEST_STEP][PASSED] - setText(DateFieldNm, PastDateFormatted): Text '06/05/2020' is set on object 'Object Repository/Objects.HighlightElements/input_field'

2020-06-05 13:31:14 - [MESSAGE][PASSED] - Text '06/05/2020' is set on object 'Object Repository/Objects.HighlightElements/input_field'

2020-06-05 13:31:14 - [TEST_STEP][PASSED] - mouseOver(DateFieldNm, STOP_ON_FAILURE): Object: 'Object Repository/Objects.HighlightElements/input_field' is hovered

2020-06-05 13:31:14 - [MESSAGE][PASSED] - Object: 'Object Repository/Objects.HighlightElements/input_field' is hovered

2020-06-05 13:31:14 - [TEST_STEP][PASSED] - PastDtErrMsg = getAttribute(DateFieldNm, "data-errorqtip", STOP_ON_FAILURE): Attribute 'data-errorqtip' of object 'Object Repository/Objects.HighlightElements/input_field' is: '<ul class="x-list-plain"><li>The date in this field must be after 05/06/2020</li></ul>'

2020-06-05 13:31:14 - [MESSAGE][PASSED] - Attribute 'data-errorqtip' of object 'Object Repository/Objects.HighlightElements/input_field' is: '<ul class="x-list-plain"><li>The date in this field must be after 05/06/2020</li></ul>'

2020-06-05 13:31:14 - [TEST_STEP][PASSED] - lenErrMsg = PastDtErrMsg.length(): null

2020-06-05 13:31:14 - [TEST_STEP][PASSED] - RmvCde = PastDtErrMsg.substring(29, lenErrMsg): null

2020-06-05 13:31:14 - [TEST_STEP][PASSED] - ActualErrDtMsg = RmvCde.substring(0, 47): null

2020-06-05 13:31:14 - [TEST_STEP][PASSED] - ExpectedErrDtMsg = concatenate(DtErrMsg, " ", CurrentDate): Concatenated string array: '['The date in this field must be after',' ','05/06/2020']' into 'The date in this field must be after 05/06/2020'

2020-06-05 13:31:14 - [MESSAGE][PASSED] - Concatenated string array: '['The date in this field must be after',' ','05/06/2020']' into 'The date in this field must be after 05/06/2020'

2020-06-05 13:31:14 - [TEST_STEP][PASSED] - verifyMatch(ActualErrDtMsg, ExpectedErrDtMsg, true): Actual text 'The date in this field must be after 05/06/2020' and expected text 'The date in this field must be after 05/06/2020' are matched  using regular expression

2020-06-05 13:31:14 - [MESSAGE][PASSED] - Actual text 'The date in this field must be after 05/06/2020' and expected text 'The date in this field must be after 05/06/2020' are matched  using regular expression

2020-06-05 13:31:14 - [TEST_STEP][PASSED] - FromDate = getAttribute(DateFieldNm, "value"): Attribute 'value' of object 'Object Repository/Objects.HighlightElements/input_field' is: '06/05/2020'

2020-06-05 13:31:14 - [MESSAGE][PASSED] - Attribute 'value' of object 'Object Repository/Objects.HighlightElements/input_field' is: '06/05/2020'

2020-06-05 13:31:14 - [MESSAGE][PASSED] - Call Test Case 'Test Cases/PFI Precision and Scale/PFI Components/PastDateAfterError' successfully

2020-06-05 13:31:14 - [TEST_STEP][PASSED] - callTestCase(findTestCase("PFI Precision and Scale/PFI Components/PastDateBeforeError"), ["FldNm":"eotFromDate"], STOP_ON_FAILURE): Call Test Case 'Test Cases/PFI Precision and Scale/PFI Components/PastDateBeforeError' successfully

2020-06-05 13:31:14 - [TEST_CASE][PASSED] - Test Cases/PFI Precision and Scale/PFI Components/PastDateBeforeError: Test Cases/PFI Precision and Scale/PFI Components/PastDateBeforeError

2020-06-05 13:31:14 - [TEST_STEP][PASSED] - Thread.sleep(1000): null

2020-06-05 13:31:15 - [TEST_STEP][PASSED] - DateFieldNm = modifyObjectProperty(findTestObject("Objects.HighlightElements/input_field"), "name", "equals", FldNm, true): Modify property of object successfully

2020-06-05 13:31:15 - [MESSAGE][PASSED] - Modify property of object successfully

2020-06-05 13:31:15 - [TEST_STEP][PASSED] - mouseOver(DateFieldNm): Object: 'Object Repository/Objects.HighlightElements/input_field' is hovered

2020-06-05 13:31:15 - [MESSAGE][PASSED] - Object: 'Object Repository/Objects.HighlightElements/input_field' is hovered

2020-06-05 13:31:15 - [TEST_STEP][PASSED] - PastDtErrMsg = getAttribute(DateFieldNm, "data-errorqtip", STOP_ON_FAILURE): Attribute 'data-errorqtip' of object 'Object Repository/Objects.HighlightElements/input_field' is: '<ul class="x-list-plain"><li>The date in this field must be before 06/05/2020</li></ul>'

2020-06-05 13:31:15 - [MESSAGE][PASSED] - Attribute 'data-errorqtip' of object 'Object Repository/Objects.HighlightElements/input_field' is: '<ul class="x-list-plain"><li>The date in this field must be before 06/05/2020</li></ul>'

2020-06-05 13:31:15 - [TEST_STEP][PASSED] - lenErrMsg = PastDtErrMsg.length(): null

2020-06-05 13:31:15 - [TEST_STEP][PASSED] - RmvCde = PastDtErrMsg.substring(29, lenErrMsg): null

2020-06-05 13:31:15 - [TEST_STEP][PASSED] - ActualErrDtMsg = RmvCde.substring(0, 48): null

2020-06-05 13:31:15 - [TEST_STEP][PASSED] - ExpectedErrDtMsg = concatenate(findTestData("PrecisionAndScaleDB").getValue("ErrorMessage", 7), " ", FromDate): Concatenated string array: '['The date in this field must be before',' ','06/05/2020']' into 'The date in this field must be before 06/05/2020'

2020-06-05 13:31:15 - [MESSAGE][PASSED] - Concatenated string array: '['The date in this field must be before',' ','06/05/2020']' into 'The date in this field must be before 06/05/2020'

2020-06-05 13:31:15 - [TEST_STEP][PASSED] - verifyMatch(ActualErrDtMsg, ExpectedErrDtMsg, true): Actual text 'The date in this field must be before 06/05/2020' and expected text 'The date in this field must be before 06/05/2020' are matched  using regular expression

2020-06-05 13:31:15 - [MESSAGE][PASSED] - Actual text 'The date in this field must be before 06/05/2020' and expected text 'The date in this field must be before 06/05/2020' are matched  using regular expression

2020-06-05 13:31:15 - [MESSAGE][PASSED] - Call Test Case 'Test Cases/PFI Precision and Scale/PFI Components/PastDateBeforeError' successfully

2020-06-05 13:31:15 - [TEST_STEP][PASSED] - callTestCase(findTestCase("Components/HighlightLabelField"), ["LblName":"Approve Officer *:"], STOP_ON_FAILURE): Call Test Case 'Test Cases/Components/HighlightLabelField' successfully

2020-06-05 13:31:15 - [TEST_CASE][PASSED] - Test Cases/Components/HighlightLabelField: Test Cases/Components/HighlightLabelField

2020-06-05 13:31:15 - [TEST_STEP][PASSED] - Thread.sleep(1000): null

2020-06-05 13:31:16 - [TEST_STEP][PASSED] - modifiedLblNm = modifyObjectProperty(findTestObject("Objects.HighlightElements/lblField"), "text", "equals", LblName, true): Modify property of object successfully

2020-06-05 13:31:16 - [MESSAGE][PASSED] - Modify property of object successfully

2020-06-05 13:31:16 - [TEST_STEP][PASSED] - com.reusableComponents.HighlightElement.run(modifiedLblNm): com.reusableComponents.HighlightElement.run is PASSED

2020-06-05 13:31:17 - [MESSAGE][PASSED] - com.reusableComponents.HighlightElement.run is PASSED

2020-06-05 13:31:17 - [MESSAGE][PASSED] - Call Test Case 'Test Cases/Components/HighlightLabelField' successfully

2020-06-05 13:31:17 - [TEST_STEP][PASSED] - callTestCase(findTestCase("Components/HighlightInputField"), ["InputFldName":"approveOfficerCmb"], STOP_ON_FAILURE): Call Test Case 'Test Cases/Components/HighlightInputField' successfully

2020-06-05 13:31:17 - [TEST_CASE][PASSED] - Test Cases/Components/HighlightInputField: Test Cases/Components/HighlightInputField

2020-06-05 13:31:17 - [TEST_STEP][PASSED] - Thread.sleep(1000): null

2020-06-05 13:31:18 - [TEST_STEP][PASSED] - modifiedLblNm = modifyObjectProperty(findTestObject("Objects.HighlightElements/input_field"), "name", "equals", InputFldName, true): Modify property of object successfully

2020-06-05 13:31:18 - [MESSAGE][PASSED] - Modify property of object successfully

2020-06-05 13:31:18 - [TEST_STEP][PASSED] - com.reusableComponents.HighlightElement.run(modifiedLblNm): com.reusableComponents.HighlightElement.run is PASSED

2020-06-05 13:31:18 - [MESSAGE][PASSED] - com.reusableComponents.HighlightElement.run is PASSED

2020-06-05 13:31:18 - [MESSAGE][PASSED] - Call Test Case 'Test Cases/Components/HighlightInputField' successfully

2020-06-05 13:31:18 - [TEST_STEP][PASSED] - callTestCase(findTestCase("PFI Precision and Scale/PFI Components/VerifyDropdownValues"), ["FldNm":"approveOfficerCmb", "index":0, "CallTCName":"PFI Precision and Scale/HashMap Tables/OfficerLists", "cmbNm":"", "NoOfVal":24, ... ], STOP_ON_FAILURE): Call Test Case 'Test Cases/PFI Precision and Scale/PFI Components/VerifyDropdownValues' successfully

2020-06-05 13:31:18 - [TEST_CASE][PASSED] - Test Cases/PFI Precision and Scale/PFI Components/VerifyDropdownValues: Test Cases/PFI Precision and Scale/PFI Components/VerifyDropdownValues

2020-06-05 13:31:18 - [TEST_STEP][PASSED] - Thread.sleep(1000): null

2020-06-05 13:31:19 - [TEST_STEP][PASSED] - NewInputNmField = modifyObjectProperty(findTestObject("Objects.HighlightElements/input_field"), "name", "equals", FldNm, true): Modify property of object successfully

2020-06-05 13:31:19 - [MESSAGE][PASSED] - Modify property of object successfully

2020-06-05 13:31:19 - [TEST_STEP][PASSED] - comboNm = cmbNm: null

2020-06-05 13:31:19 - [TEST_STEP][PASSED] - focus(NewInputNmField): Object: 'Object Repository/Objects.HighlightElements/input_field' is focused

2020-06-05 13:31:20 - [MESSAGE][PASSED] - Object: 'Object Repository/Objects.HighlightElements/input_field' is focused

2020-06-05 13:31:20 - [TEST_STEP][PASSED] - setText(NewInputNmField, EnterValue): Text '' is set on object 'Object Repository/Objects.HighlightElements/input_field'

2020-06-05 13:31:20 - [MESSAGE][PASSED] - Text '' is set on object 'Object Repository/Objects.HighlightElements/input_field'

2020-06-05 13:31:20 - [TEST_STEP][PASSED] - for ([i = 1, i <= NoOfVal, (i++)]): Keys 'DOWN + ' sent to object: 'Object Repository/Objects.HighlightElements/input_field'

2020-06-05 13:31:20 - [TEST_STEP][PASSED] - sendKeys(NewInputNmField, Keys.chord(ARROW_DOWN)): Keys 'DOWN + ' sent to object: 'Object Repository/Objects.HighlightElements/input_field'

2020-06-05 13:31:20 - [MESSAGE][PASSED] - Keys 'DOWN + ' sent to object: 'Object Repository/Objects.HighlightElements/input_field'

2020-06-05 13:31:20 - [TEST_STEP][PASSED] - delay(DelayTime): Delayed 2 second(s)

2020-06-05 13:31:22 - [MESSAGE][PASSED] - Delayed 2 second(s)

2020-06-05 13:31:22 - [TEST_STEP][PASSED] - sendKeys(NewInputNmField, Keys.chord(ENTER)): Keys 'ENTER + ' sent to object: 'Object Repository/Objects.HighlightElements/input_field'

2020-06-05 13:31:22 - [MESSAGE][PASSED] - Keys 'ENTER + ' sent to object: 'Object Repository/Objects.HighlightElements/input_field'

2020-06-05 13:31:22 - [TEST_STEP][PASSED] - ComboBoxValue = getAttribute(NewInputNmField, "value"): Attribute 'value' of object 'Object Repository/Objects.HighlightElements/input_field' is: 'Aaron Sham Wai Lun (AARON)'

2020-06-05 13:31:22 - [MESSAGE][PASSED] - Attribute 'value' of object 'Object Repository/Objects.HighlightElements/input_field' is: 'Aaron Sham Wai Lun (AARON)'

2020-06-05 13:31:22 - [TEST_STEP][PASSED] - callTestCase(findTestCase(CallTCName), ["FindValue":ComboBoxValue, "DropdownNm":comboNm], STOP_ON_FAILURE): Call Test Case 'Test Cases/PFI Precision and Scale/HashMap Tables/OfficerLists' successfully

2020-06-05 13:31:22 - [TEST_CASE][PASSED] - Test Cases/PFI Precision and Scale/HashMap Tables/OfficerLists: Test Cases/PFI Precision and Scale/HashMap Tables/OfficerLists

2020-06-05 13:31:22 - [TEST_STEP][PASSED] - Thread.sleep(1000): null

2020-06-05 13:31:23 - [TEST_STEP][PASSED] - OfficerLists = [1:"Aaron Sham Wai Lun (AARON)", 2:"Azidah Bte Akmad (Mdm) (USAABD)", 3:"Chung Fong Nyen (USACFN)", 4:"David Tey Dah Wei (DAHWEI)", ... ]: null

2020-06-05 13:31:23 - [TEST_STEP][PASSED] - ValueFound = OfficerLists.find({ -> ... }): null

2020-06-05 13:31:23 - [MESSAGE][PASSED] - Call Test Case 'Test Cases/PFI Precision and Scale/HashMap Tables/OfficerLists' successfully

2020-06-05 13:31:23 - [TEST_STEP][PASSED] - println(ValueFound): null

2020-06-05 13:31:23 - [TEST_STEP][PASSED] - sendKeys(NewInputNmField, Keys.chord(ARROW_DOWN)): Keys 'DOWN + ' sent to object: 'Object Repository/Objects.HighlightElements/input_field'

2020-06-05 13:31:23 - [MESSAGE][PASSED] - Keys 'DOWN + ' sent to object: 'Object Repository/Objects.HighlightElements/input_field'

2020-06-05 13:31:23 - [TEST_STEP][PASSED] - sendKeys(NewInputNmField, Keys.chord(ARROW_DOWN)): Keys 'DOWN + ' sent to object: 'Object Repository/Objects.HighlightElements/input_field'

2020-06-05 13:31:23 - [MESSAGE][PASSED] - Keys 'DOWN + ' sent to object: 'Object Repository/Objects.HighlightElements/input_field'

2020-06-05 13:31:23 - [TEST_STEP][PASSED] - delay(DelayTime): Delayed 2 second(s)

2020-06-05 13:31:25 - [MESSAGE][PASSED] - Delayed 2 second(s)

2020-06-05 13:31:25 - [TEST_STEP][PASSED] - sendKeys(NewInputNmField, Keys.chord(ENTER)): Keys 'ENTER + ' sent to object: 'Object Repository/Objects.HighlightElements/input_field'

2020-06-05 13:31:25 - [MESSAGE][PASSED] - Keys 'ENTER + ' sent to object: 'Object Repository/Objects.HighlightElements/input_field'

2020-06-05 13:31:25 - [TEST_STEP][PASSED] - ComboBoxValue = getAttribute(NewInputNmField, "value"): Attribute 'value' of object 'Object Repository/Objects.HighlightElements/input_field' is: 'Azidah Bte Akmad (Mdm) (USAABD)'

2020-06-05 13:31:25 - [MESSAGE][PASSED] - Attribute 'value' of object 'Object Repository/Objects.HighlightElements/input_field' is: 'Azidah Bte Akmad (Mdm) (USAABD)'

2020-06-05 13:31:25 - [TEST_STEP][PASSED] - callTestCase(findTestCase(CallTCName), ["FindValue":ComboBoxValue, "DropdownNm":comboNm], STOP_ON_FAILURE): Call Test Case 'Test Cases/PFI Precision and Scale/HashMap Tables/OfficerLists' successfully

2020-06-05 13:31:25 - [TEST_CASE][PASSED] - Test Cases/PFI Precision and Scale/HashMap Tables/OfficerLists: Test Cases/PFI Precision and Scale/HashMap Tables/OfficerLists

2020-06-05 13:31:25 - [TEST_STEP][PASSED] - Thread.sleep(1000): null

2020-06-05 13:31:26 - [TEST_STEP][PASSED] - OfficerLists = [1:"Aaron Sham Wai Lun (AARON)", 2:"Azidah Bte Akmad (Mdm) (USAABD)", 3:"Chung Fong Nyen (USACFN)", 4:"David Tey Dah Wei (DAHWEI)", ... ]: null

2020-06-05 13:31:26 - [TEST_STEP][PASSED] - ValueFound = OfficerLists.find({ -> ... }): null

2020-06-05 13:31:26 - [MESSAGE][PASSED] - Call Test Case 'Test Cases/PFI Precision and Scale/HashMap Tables/OfficerLists' successfully

2020-06-05 13:31:26 - [TEST_STEP][PASSED] - println(ValueFound): null

2020-06-05 13:31:26 - [TEST_STEP][PASSED] - sendKeys(NewInputNmField, Keys.chord(ARROW_DOWN)): Keys 'DOWN + ' sent to object: 'Object Repository/Objects.HighlightElements/input_field'

2020-06-05 13:31:26 - [MESSAGE][PASSED] - Keys 'DOWN + ' sent to object: 'Object Repository/Objects.HighlightElements/input_field'

2020-06-05 13:31:26 - [TEST_STEP][PASSED] - sendKeys(NewInputNmField, Keys.chord(ARROW_DOWN)): Keys 'DOWN + ' sent to object: 'Object Repository/Objects.HighlightElements/input_field'

2020-06-05 13:31:26 - [MESSAGE][PASSED] - Keys 'DOWN + ' sent to object: 'Object Repository/Objects.HighlightElements/input_field'

2020-06-05 13:31:26 - [TEST_STEP][PASSED] - delay(DelayTime): Delayed 2 second(s)

2020-06-05 13:31:28 - [MESSAGE][PASSED] - Delayed 2 second(s)

2020-06-05 13:31:28 - [TEST_STEP][PASSED] - sendKeys(NewInputNmField, Keys.chord(ENTER)): Keys 'ENTER + ' sent to object: 'Object Repository/Objects.HighlightElements/input_field'

2020-06-05 13:31:28 - [MESSAGE][PASSED] - Keys 'ENTER + ' sent to object: 'Object Repository/Objects.HighlightElements/input_field'

2020-06-05 13:31:28 - [TEST_STEP][PASSED] - ComboBoxValue = getAttribute(NewInputNmField, "value"): Attribute 'value' of object 'Object Repository/Objects.HighlightElements/input_field' is: 'Chung Fong Nyen (USACFN)'

2020-06-05 13:31:28 - [MESSAGE][PASSED] - Attribute 'value' of object 'Object Repository/Objects.HighlightElements/input_field' is: 'Chung Fong Nyen (USACFN)'

2020-06-05 13:31:28 - [TEST_STEP][PASSED] - callTestCase(findTestCase(CallTCName), ["FindValue":ComboBoxValue, "DropdownNm":comboNm], STOP_ON_FAILURE): Call Test Case 'Test Cases/PFI Precision and Scale/HashMap Tables/OfficerLists' successfully

2020-06-05 13:31:28 - [TEST_CASE][PASSED] - Test Cases/PFI Precision and Scale/HashMap Tables/OfficerLists: Test Cases/PFI Precision and Scale/HashMap Tables/OfficerLists

2020-06-05 13:31:28 - [TEST_STEP][PASSED] - Thread.sleep(1000): null

2020-06-05 13:31:29 - [TEST_STEP][PASSED] - OfficerLists = [1:"Aaron Sham Wai Lun (AARON)", 2:"Azidah Bte Akmad (Mdm) (USAABD)", 3:"Chung Fong Nyen (USACFN)", 4:"David Tey Dah Wei (DAHWEI)", ... ]: null

2020-06-05 13:31:29 - [TEST_STEP][PASSED] - ValueFound = OfficerLists.find({ -> ... }): null

2020-06-05 13:31:29 - [MESSAGE][PASSED] - Call Test Case 'Test Cases/PFI Precision and Scale/HashMap Tables/OfficerLists' successfully

2020-06-05 13:31:29 - [TEST_STEP][PASSED] - println(ValueFound): null

2020-06-05 13:31:29 - [TEST_STEP][PASSED] - sendKeys(NewInputNmField, Keys.chord(ARROW_DOWN)): Keys 'DOWN + ' sent to object: 'Object Repository/Objects.HighlightElements/input_field'

2020-06-05 13:31:29 - [MESSAGE][PASSED] - Keys 'DOWN + ' sent to object: 'Object Repository/Objects.HighlightElements/input_field'

2020-06-05 13:31:29 - [TEST_STEP][PASSED] - sendKeys(NewInputNmField, Keys.chord(ARROW_DOWN)): Keys 'DOWN + ' sent to object: 'Object Repository/Objects.HighlightElements/input_field'

2020-06-05 13:31:30 - [MESSAGE][PASSED] - Keys 'DOWN + ' sent to object: 'Object Repository/Objects.HighlightElements/input_field'

2020-06-05 13:31:30 - [TEST_STEP][PASSED] - delay(DelayTime): Delayed 2 second(s)

2020-06-05 13:31:32 - [MESSAGE][PASSED] - Delayed 2 second(s)

2020-06-05 13:31:32 - [TEST_STEP][PASSED] - sendKeys(NewInputNmField, Keys.chord(ENTER)): Keys 'ENTER + ' sent to object: 'Object Repository/Objects.HighlightElements/input_field'

2020-06-05 13:31:32 - [MESSAGE][PASSED] - Keys 'ENTER + ' sent to object: 'Object Repository/Objects.HighlightElements/input_field'

2020-06-05 13:31:32 - [TEST_STEP][PASSED] - ComboBoxValue = getAttribute(NewInputNmField, "value"): Attribute 'value' of object 'Object Repository/Objects.HighlightElements/input_field' is: 'David Tey Dah Wei (DAHWEI)'

2020-06-05 13:31:32 - [MESSAGE][PASSED] - Attribute 'value' of object 'Object Repository/Objects.HighlightElements/input_field' is: 'David Tey Dah Wei (DAHWEI)'

2020-06-05 13:31:32 - [TEST_STEP][PASSED] - callTestCase(findTestCase(CallTCName), ["FindValue":ComboBoxValue, "DropdownNm":comboNm], STOP_ON_FAILURE): Call Test Case 'Test Cases/PFI Precision and Scale/HashMap Tables/OfficerLists' successfully

2020-06-05 13:31:32 - [TEST_CASE][PASSED] - Test Cases/PFI Precision and Scale/HashMap Tables/OfficerLists: Test Cases/PFI Precision and Scale/HashMap Tables/OfficerLists

2020-06-05 13:31:32 - [TEST_STEP][PASSED] - Thread.sleep(1000): null

2020-06-05 13:31:33 - [TEST_STEP][PASSED] - OfficerLists = [1:"Aaron Sham Wai Lun (AARON)", 2:"Azidah Bte Akmad (Mdm) (USAABD)", 3:"Chung Fong Nyen (USACFN)", 4:"David Tey Dah Wei (DAHWEI)", ... ]: null

2020-06-05 13:31:33 - [TEST_STEP][PASSED] - ValueFound = OfficerLists.find({ -> ... }): null

2020-06-05 13:31:33 - [MESSAGE][PASSED] - Call Test Case 'Test Cases/PFI Precision and Scale/HashMap Tables/OfficerLists' successfully

2020-06-05 13:31:33 - [TEST_STEP][PASSED] - println(ValueFound): null

2020-06-05 13:31:33 - [TEST_STEP][PASSED] - sendKeys(NewInputNmField, Keys.chord(ARROW_DOWN)): Keys 'DOWN + ' sent to object: 'Object Repository/Objects.HighlightElements/input_field'

2020-06-05 13:31:33 - [MESSAGE][PASSED] - Keys 'DOWN + ' sent to object: 'Object Repository/Objects.HighlightElements/input_field'

2020-06-05 13:31:33 - [TEST_STEP][PASSED] - sendKeys(NewInputNmField, Keys.chord(ARROW_DOWN)): Keys 'DOWN + ' sent to object: 'Object Repository/Objects.HighlightElements/input_field'

2020-06-05 13:31:33 - [MESSAGE][PASSED] - Keys 'DOWN + ' sent to object: 'Object Repository/Objects.HighlightElements/input_field'

2020-06-05 13:31:33 - [TEST_STEP][PASSED] - delay(DelayTime): Delayed 2 second(s)

2020-06-05 13:31:35 - [MESSAGE][PASSED] - Delayed 2 second(s)

2020-06-05 13:31:35 - [TEST_STEP][PASSED] - sendKeys(NewInputNmField, Keys.chord(ENTER)): Keys 'ENTER + ' sent to object: 'Object Repository/Objects.HighlightElements/input_field'

2020-06-05 13:31:35 - [MESSAGE][PASSED] - Keys 'ENTER + ' sent to object: 'Object Repository/Objects.HighlightElements/input_field'

2020-06-05 13:31:35 - [TEST_STEP][PASSED] - ComboBoxValue = getAttribute(NewInputNmField, "value"): Attribute 'value' of object 'Object Repository/Objects.HighlightElements/input_field' is: 'Han Wann Kuang (WANNKUANG)'

2020-06-05 13:31:35 - [MESSAGE][PASSED] - Attribute 'value' of object 'Object Repository/Objects.HighlightElements/input_field' is: 'Han Wann Kuang (WANNKUANG)'

2020-06-05 13:31:35 - [TEST_STEP][PASSED] - callTestCase(findTestCase(CallTCName), ["FindValue":ComboBoxValue, "DropdownNm":comboNm], STOP_ON_FAILURE): Call Test Case 'Test Cases/PFI Precision and Scale/HashMap Tables/OfficerLists' successfully

2020-06-05 13:31:35 - [TEST_CASE][PASSED] - Test Cases/PFI Precision and Scale/HashMap Tables/OfficerLists: Test Cases/PFI Precision and Scale/HashMap Tables/OfficerLists

2020-06-05 13:31:35 - [TEST_STEP][PASSED] - Thread.sleep(1000): null

2020-06-05 13:31:36 - [TEST_STEP][PASSED] - OfficerLists = [1:"Aaron Sham Wai Lun (AARON)", 2:"Azidah Bte Akmad (Mdm) (USAABD)", 3:"Chung Fong Nyen (USACFN)", 4:"David Tey Dah Wei (DAHWEI)", ... ]: null

2020-06-05 13:31:36 - [TEST_STEP][PASSED] - ValueFound = OfficerLists.find({ -> ... }): null

2020-06-05 13:31:36 - [MESSAGE][PASSED] - Call Test Case 'Test Cases/PFI Precision and Scale/HashMap Tables/OfficerLists' successfully

2020-06-05 13:31:36 - [TEST_STEP][PASSED] - println(ValueFound): null

2020-06-05 13:31:36 - [TEST_STEP][PASSED] - sendKeys(NewInputNmField, Keys.chord(ARROW_DOWN)): Keys 'DOWN + ' sent to object: 'Object Repository/Objects.HighlightElements/input_field'

2020-06-05 13:31:36 - [MESSAGE][PASSED] - Keys 'DOWN + ' sent to object: 'Object Repository/Objects.HighlightElements/input_field'

2020-06-05 13:31:36 - [TEST_STEP][PASSED] - sendKeys(NewInputNmField, Keys.chord(ARROW_DOWN)): Keys 'DOWN + ' sent to object: 'Object Repository/Objects.HighlightElements/input_field'

2020-06-05 13:31:36 - [MESSAGE][PASSED] - Keys 'DOWN + ' sent to object: 'Object Repository/Objects.HighlightElements/input_field'

2020-06-05 13:31:36 - [TEST_STEP][PASSED] - delay(DelayTime): Delayed 2 second(s)

2020-06-05 13:31:38 - [MESSAGE][PASSED] - Delayed 2 second(s)

2020-06-05 13:31:38 - [TEST_STEP][PASSED] - sendKeys(NewInputNmField, Keys.chord(ENTER)): Keys 'ENTER + ' sent to object: 'Object Repository/Objects.HighlightElements/input_field'

2020-06-05 13:31:38 - [MESSAGE][PASSED] - Keys 'ENTER + ' sent to object: 'Object Repository/Objects.HighlightElements/input_field'

2020-06-05 13:31:38 - [TEST_STEP][PASSED] - ComboBoxValue = getAttribute(NewInputNmField, "value"): Attribute 'value' of object 'Object Repository/Objects.HighlightElements/input_field' is: 'Ho You Leong (YOULEONG)'

2020-06-05 13:31:38 - [MESSAGE][PASSED] - Attribute 'value' of object 'Object Repository/Objects.HighlightElements/input_field' is: 'Ho You Leong (YOULEONG)'

2020-06-05 13:31:38 - [TEST_STEP][PASSED] - callTestCase(findTestCase(CallTCName), ["FindValue":ComboBoxValue, "DropdownNm":comboNm], STOP_ON_FAILURE): Call Test Case 'Test Cases/PFI Precision and Scale/HashMap Tables/OfficerLists' successfully

2020-06-05 13:31:38 - [TEST_CASE][PASSED] - Test Cases/PFI Precision and Scale/HashMap Tables/OfficerLists: Test Cases/PFI Precision and Scale/HashMap Tables/OfficerLists

2020-06-05 13:31:38 - [TEST_STEP][PASSED] - Thread.sleep(1000): null

2020-06-05 13:31:39 - [TEST_STEP][PASSED] - OfficerLists = [1:"Aaron Sham Wai Lun (AARON)", 2:"Azidah Bte Akmad (Mdm) (USAABD)", 3:"Chung Fong Nyen (USACFN)", 4:"David Tey Dah Wei (DAHWEI)", ... ]: null

2020-06-05 13:31:39 - [TEST_STEP][PASSED] - ValueFound = OfficerLists.find({ -> ... }): null

2020-06-05 13:31:39 - [MESSAGE][PASSED] - Call Test Case 'Test Cases/PFI Precision and Scale/HashMap Tables/OfficerLists' successfully

2020-06-05 13:31:39 - [TEST_STEP][PASSED] - println(ValueFound): null

2020-06-05 13:31:39 - [TEST_STEP][PASSED] - sendKeys(NewInputNmField, Keys.chord(ARROW_DOWN)): Keys 'DOWN + ' sent to object: 'Object Repository/Objects.HighlightElements/input_field'

2020-06-05 13:31:39 - [MESSAGE][PASSED] - Keys 'DOWN + ' sent to object: 'Object Repository/Objects.HighlightElements/input_field'

2020-06-05 13:31:39 - [TEST_STEP][PASSED] - sendKeys(NewInputNmField, Keys.chord(ARROW_DOWN)): Keys 'DOWN + ' sent to object: 'Object Repository/Objects.HighlightElements/input_field'

2020-06-05 13:31:39 - [MESSAGE][PASSED] - Keys 'DOWN + ' sent to object: 'Object Repository/Objects.HighlightElements/input_field'

2020-06-05 13:31:39 - [TEST_STEP][PASSED] - delay(DelayTime): Delayed 2 second(s)

2020-06-05 13:31:41 - [MESSAGE][PASSED] - Delayed 2 second(s)

2020-06-05 13:31:41 - [TEST_STEP][PASSED] - sendKeys(NewInputNmField, Keys.chord(ENTER)): Keys 'ENTER + ' sent to object: 'Object Repository/Objects.HighlightElements/input_field'

2020-06-05 13:31:41 - [MESSAGE][PASSED] - Keys 'ENTER + ' sent to object: 'Object Repository/Objects.HighlightElements/input_field'

2020-06-05 13:31:41 - [TEST_STEP][PASSED] - ComboBoxValue = getAttribute(NewInputNmField, "value"): Attribute 'value' of object 'Object Repository/Objects.HighlightElements/input_field' is: 'Joseph Lim Pheng Weng (PHENGWENG)'

2020-06-05 13:31:41 - [MESSAGE][PASSED] - Attribute 'value' of object 'Object Repository/Objects.HighlightElements/input_field' is: 'Joseph Lim Pheng Weng (PHENGWENG)'

2020-06-05 13:31:41 - [TEST_STEP][PASSED] - callTestCase(findTestCase(CallTCName), ["FindValue":ComboBoxValue, "DropdownNm":comboNm], STOP_ON_FAILURE): Call Test Case 'Test Cases/PFI Precision and Scale/HashMap Tables/OfficerLists' successfully

2020-06-05 13:31:41 - [TEST_CASE][PASSED] - Test Cases/PFI Precision and Scale/HashMap Tables/OfficerLists: Test Cases/PFI Precision and Scale/HashMap Tables/OfficerLists

2020-06-05 13:31:41 - [TEST_STEP][PASSED] - Thread.sleep(1000): null

2020-06-05 13:31:42 - [TEST_STEP][PASSED] - OfficerLists = [1:"Aaron Sham Wai Lun (AARON)", 2:"Azidah Bte Akmad (Mdm) (USAABD)", 3:"Chung Fong Nyen (USACFN)", 4:"David Tey Dah Wei (DAHWEI)", ... ]: null

2020-06-05 13:31:42 - [TEST_STEP][PASSED] - ValueFound = OfficerLists.find({ -> ... }): null

2020-06-05 13:31:42 - [MESSAGE][PASSED] - Call Test Case 'Test Cases/PFI Precision and Scale/HashMap Tables/OfficerLists' successfully

2020-06-05 13:31:42 - [TEST_STEP][PASSED] - println(ValueFound): null

2020-06-05 13:31:42 - [TEST_STEP][PASSED] - sendKeys(NewInputNmField, Keys.chord(ARROW_DOWN)): Keys 'DOWN + ' sent to object: 'Object Repository/Objects.HighlightElements/input_field'

2020-06-05 13:31:42 - [MESSAGE][PASSED] - Keys 'DOWN + ' sent to object: 'Object Repository/Objects.HighlightElements/input_field'

2020-06-05 13:31:42 - [TEST_STEP][PASSED] - sendKeys(NewInputNmField, Keys.chord(ARROW_DOWN)): Keys 'DOWN + ' sent to object: 'Object Repository/Objects.HighlightElements/input_field'

2020-06-05 13:31:42 - [MESSAGE][PASSED] - Keys 'DOWN + ' sent to object: 'Object Repository/Objects.HighlightElements/input_field'

2020-06-05 13:31:42 - [TEST_STEP][PASSED] - delay(DelayTime): Delayed 2 second(s)

2020-06-05 13:31:44 - [MESSAGE][PASSED] - Delayed 2 second(s)

2020-06-05 13:31:44 - [TEST_STEP][PASSED] - sendKeys(NewInputNmField, Keys.chord(ENTER)): Keys 'ENTER + ' sent to object: 'Object Repository/Objects.HighlightElements/input_field'

2020-06-05 13:31:44 - [MESSAGE][PASSED] - Keys 'ENTER + ' sent to object: 'Object Repository/Objects.HighlightElements/input_field'

2020-06-05 13:31:44 - [TEST_STEP][PASSED] - ComboBoxValue = getAttribute(NewInputNmField, "value"): Attribute 'value' of object 'Object Repository/Objects.HighlightElements/input_field' is: 'Joyce Lee (USASLL)'

2020-06-05 13:31:45 - [MESSAGE][PASSED] - Attribute 'value' of object 'Object Repository/Objects.HighlightElements/input_field' is: 'Joyce Lee (USASLL)'

2020-06-05 13:31:45 - [TEST_STEP][PASSED] - callTestCase(findTestCase(CallTCName), ["FindValue":ComboBoxValue, "DropdownNm":comboNm], STOP_ON_FAILURE): Call Test Case 'Test Cases/PFI Precision and Scale/HashMap Tables/OfficerLists' successfully

2020-06-05 13:31:45 - [TEST_CASE][PASSED] - Test Cases/PFI Precision and Scale/HashMap Tables/OfficerLists: Test Cases/PFI Precision and Scale/HashMap Tables/OfficerLists

2020-06-05 13:31:45 - [TEST_STEP][PASSED] - Thread.sleep(1000): null

2020-06-05 13:31:46 - [TEST_STEP][PASSED] - OfficerLists = [1:"Aaron Sham Wai Lun (AARON)", 2:"Azidah Bte Akmad (Mdm) (USAABD)", 3:"Chung Fong Nyen (USACFN)", 4:"David Tey Dah Wei (DAHWEI)", ... ]: null

2020-06-05 13:31:46 - [TEST_STEP][PASSED] - ValueFound = OfficerLists.find({ -> ... }): null

2020-06-05 13:31:46 - [MESSAGE][PASSED] - Call Test Case 'Test Cases/PFI Precision and Scale/HashMap Tables/OfficerLists' successfully

2020-06-05 13:31:46 - [TEST_STEP][PASSED] - println(ValueFound): null

2020-06-05 13:31:46 - [TEST_STEP][PASSED] - sendKeys(NewInputNmField, Keys.chord(ARROW_DOWN)): Keys 'DOWN + ' sent to object: 'Object Repository/Objects.HighlightElements/input_field'

2020-06-05 13:31:46 - [MESSAGE][PASSED] - Keys 'DOWN + ' sent to object: 'Object Repository/Objects.HighlightElements/input_field'

2020-06-05 13:31:46 - [TEST_STEP][PASSED] - sendKeys(NewInputNmField, Keys.chord(ARROW_DOWN)): Keys 'DOWN + ' sent to object: 'Object Repository/Objects.HighlightElements/input_field'

2020-06-05 13:31:46 - [MESSAGE][PASSED] - Keys 'DOWN + ' sent to object: 'Object Repository/Objects.HighlightElements/input_field'

2020-06-05 13:31:46 - [TEST_STEP][PASSED] - delay(DelayTime): Delayed 2 second(s)

2020-06-05 13:31:48 - [MESSAGE][PASSED] - Delayed 2 second(s)

2020-06-05 13:31:48 - [TEST_STEP][PASSED] - sendKeys(NewInputNmField, Keys.chord(ENTER)): Keys 'ENTER + ' sent to object: 'Object Repository/Objects.HighlightElements/input_field'

2020-06-05 13:31:48 - [MESSAGE][PASSED] - Keys 'ENTER + ' sent to object: 'Object Repository/Objects.HighlightElements/input_field'

2020-06-05 13:31:48 - [TEST_STEP][PASSED] - ComboBoxValue = getAttribute(NewInputNmField, "value"): Attribute 'value' of object 'Object Repository/Objects.HighlightElements/input_field' is: 'Kaliannan Thanabal (KALIANN)'

2020-06-05 13:31:48 - [MESSAGE][PASSED] - Attribute 'value' of object 'Object Repository/Objects.HighlightElements/input_field' is: 'Kaliannan Thanabal (KALIANN)'

2020-06-05 13:31:48 - [TEST_STEP][PASSED] - callTestCase(findTestCase(CallTCName), ["FindValue":ComboBoxValue, "DropdownNm":comboNm], STOP_ON_FAILURE): Call Test Case 'Test Cases/PFI Precision and Scale/HashMap Tables/OfficerLists' successfully

2020-06-05 13:31:48 - [TEST_CASE][PASSED] - Test Cases/PFI Precision and Scale/HashMap Tables/OfficerLists: Test Cases/PFI Precision and Scale/HashMap Tables/OfficerLists

2020-06-05 13:31:48 - [TEST_STEP][PASSED] - Thread.sleep(1000): null

2020-06-05 13:31:49 - [TEST_STEP][PASSED] - OfficerLists = [1:"Aaron Sham Wai Lun (AARON)", 2:"Azidah Bte Akmad (Mdm) (USAABD)", 3:"Chung Fong Nyen (USACFN)", 4:"David Tey Dah Wei (DAHWEI)", ... ]: null

2020-06-05 13:31:49 - [TEST_STEP][PASSED] - ValueFound = OfficerLists.find({ -> ... }): null

2020-06-05 13:31:49 - [MESSAGE][PASSED] - Call Test Case 'Test Cases/PFI Precision and Scale/HashMap Tables/OfficerLists' successfully

2020-06-05 13:31:49 - [TEST_STEP][PASSED] - println(ValueFound): null

2020-06-05 13:31:49 - [TEST_STEP][PASSED] - sendKeys(NewInputNmField, Keys.chord(ARROW_DOWN)): Keys 'DOWN + ' sent to object: 'Object Repository/Objects.HighlightElements/input_field'

2020-06-05 13:31:49 - [MESSAGE][PASSED] - Keys 'DOWN + ' sent to object: 'Object Repository/Objects.HighlightElements/input_field'

2020-06-05 13:31:49 - [TEST_STEP][PASSED] - sendKeys(NewInputNmField, Keys.chord(ARROW_DOWN)): Keys 'DOWN + ' sent to object: 'Object Repository/Objects.HighlightElements/input_field'

2020-06-05 13:31:49 - [MESSAGE][PASSED] - Keys 'DOWN + ' sent to object: 'Object Repository/Objects.HighlightElements/input_field'

2020-06-05 13:31:49 - [TEST_STEP][PASSED] - delay(DelayTime): Delayed 2 second(s)

2020-06-05 13:31:51 - [MESSAGE][PASSED] - Delayed 2 second(s)

2020-06-05 13:31:51 - [TEST_STEP][PASSED] - sendKeys(NewInputNmField, Keys.chord(ENTER)): Keys 'ENTER + ' sent to object: 'Object Repository/Objects.HighlightElements/input_field'

2020-06-05 13:31:51 - [MESSAGE][PASSED] - Keys 'ENTER + ' sent to object: 'Object Repository/Objects.HighlightElements/input_field'

2020-06-05 13:31:51 - [TEST_STEP][PASSED] - ComboBoxValue = getAttribute(NewInputNmField, "value"): Attribute 'value' of object 'Object Repository/Objects.HighlightElements/input_field' is: 'Lim Beng Kwee (BENGKWEE)'

2020-06-05 13:31:51 - [MESSAGE][PASSED] - Attribute 'value' of object 'Object Repository/Objects.HighlightElements/input_field' is: 'Lim Beng Kwee (BENGKWEE)'

2020-06-05 13:31:51 - [TEST_STEP][PASSED] - callTestCase(findTestCase(CallTCName), ["FindValue":ComboBoxValue, "DropdownNm":comboNm], STOP_ON_FAILURE): Call Test Case 'Test Cases/PFI Precision and Scale/HashMap Tables/OfficerLists' successfully

2020-06-05 13:31:51 - [TEST_CASE][PASSED] - Test Cases/PFI Precision and Scale/HashMap Tables/OfficerLists: Test Cases/PFI Precision and Scale/HashMap Tables/OfficerLists

2020-06-05 13:31:51 - [TEST_STEP][PASSED] - Thread.sleep(1000): null

2020-06-05 13:31:52 - [TEST_STEP][PASSED] - OfficerLists = [1:"Aaron Sham Wai Lun (AARON)", 2:"Azidah Bte Akmad (Mdm) (USAABD)", 3:"Chung Fong Nyen (USACFN)", 4:"David Tey Dah Wei (DAHWEI)", ... ]: null

2020-06-05 13:31:52 - [TEST_STEP][PASSED] - ValueFound = OfficerLists.find({ -> ... }): null

2020-06-05 13:31:52 - [MESSAGE][PASSED] - Call Test Case 'Test Cases/PFI Precision and Scale/HashMap Tables/OfficerLists' successfully

2020-06-05 13:31:52 - [TEST_STEP][PASSED] - println(ValueFound): null

2020-06-05 13:31:52 - [TEST_STEP][PASSED] - sendKeys(NewInputNmField, Keys.chord(ARROW_DOWN)): Keys 'DOWN + ' sent to object: 'Object Repository/Objects.HighlightElements/input_field'

2020-06-05 13:31:52 - [MESSAGE][PASSED] - Keys 'DOWN + ' sent to object: 'Object Repository/Objects.HighlightElements/input_field'

2020-06-05 13:31:52 - [TEST_STEP][PASSED] - sendKeys(NewInputNmField, Keys.chord(ARROW_DOWN)): Keys 'DOWN + ' sent to object: 'Object Repository/Objects.HighlightElements/input_field'

2020-06-05 13:31:52 - [MESSAGE][PASSED] - Keys 'DOWN + ' sent to object: 'Object Repository/Objects.HighlightElements/input_field'

2020-06-05 13:31:52 - [TEST_STEP][PASSED] - delay(DelayTime): Delayed 2 second(s)

2020-06-05 13:31:54 - [MESSAGE][PASSED] - Delayed 2 second(s)

2020-06-05 13:31:54 - [TEST_STEP][PASSED] - sendKeys(NewInputNmField, Keys.chord(ENTER)): Keys 'ENTER + ' sent to object: 'Object Repository/Objects.HighlightElements/input_field'

2020-06-05 13:31:54 - [MESSAGE][PASSED] - Keys 'ENTER + ' sent to object: 'Object Repository/Objects.HighlightElements/input_field'

2020-06-05 13:31:54 - [TEST_STEP][PASSED] - ComboBoxValue = getAttribute(NewInputNmField, "value"): Attribute 'value' of object 'Object Repository/Objects.HighlightElements/input_field' is: 'Lim Leng Boon (LENGBOON)'

2020-06-05 13:31:54 - [MESSAGE][PASSED] - Attribute 'value' of object 'Object Repository/Objects.HighlightElements/input_field' is: 'Lim Leng Boon (LENGBOON)'

2020-06-05 13:31:54 - [TEST_STEP][PASSED] - callTestCase(findTestCase(CallTCName), ["FindValue":ComboBoxValue, "DropdownNm":comboNm], STOP_ON_FAILURE): Call Test Case 'Test Cases/PFI Precision and Scale/HashMap Tables/OfficerLists' successfully

2020-06-05 13:31:54 - [TEST_CASE][PASSED] - Test Cases/PFI Precision and Scale/HashMap Tables/OfficerLists: Test Cases/PFI Precision and Scale/HashMap Tables/OfficerLists

2020-06-05 13:31:54 - [TEST_STEP][PASSED] - Thread.sleep(1000): null

2020-06-05 13:31:55 - [TEST_STEP][PASSED] - OfficerLists = [1:"Aaron Sham Wai Lun (AARON)", 2:"Azidah Bte Akmad (Mdm) (USAABD)", 3:"Chung Fong Nyen (USACFN)", 4:"David Tey Dah Wei (DAHWEI)", ... ]: null

2020-06-05 13:31:55 - [TEST_STEP][PASSED] - ValueFound = OfficerLists.find({ -> ... }): null

2020-06-05 13:31:55 - [MESSAGE][PASSED] - Call Test Case 'Test Cases/PFI Precision and Scale/HashMap Tables/OfficerLists' successfully

2020-06-05 13:31:55 - [TEST_STEP][PASSED] - println(ValueFound): null

2020-06-05 13:31:55 - [TEST_STEP][PASSED] - sendKeys(NewInputNmField, Keys.chord(ARROW_DOWN)): Keys 'DOWN + ' sent to object: 'Object Repository/Objects.HighlightElements/input_field'

2020-06-05 13:31:55 - [MESSAGE][PASSED] - Keys 'DOWN + ' sent to object: 'Object Repository/Objects.HighlightElements/input_field'

2020-06-05 13:31:55 - [TEST_STEP][PASSED] - sendKeys(NewInputNmField, Keys.chord(ARROW_DOWN)): Keys 'DOWN + ' sent to object: 'Object Repository/Objects.HighlightElements/input_field'

2020-06-05 13:31:55 - [MESSAGE][PASSED] - Keys 'DOWN + ' sent to object: 'Object Repository/Objects.HighlightElements/input_field'

2020-06-05 13:31:55 - [TEST_STEP][PASSED] - delay(DelayTime): Delayed 2 second(s)

2020-06-05 13:31:57 - [MESSAGE][PASSED] - Delayed 2 second(s)

2020-06-05 13:31:57 - [TEST_STEP][PASSED] - sendKeys(NewInputNmField, Keys.chord(ENTER)): Keys 'ENTER + ' sent to object: 'Object Repository/Objects.HighlightElements/input_field'

2020-06-05 13:31:57 - [MESSAGE][PASSED] - Keys 'ENTER + ' sent to object: 'Object Repository/Objects.HighlightElements/input_field'

2020-06-05 13:31:57 - [TEST_STEP][PASSED] - ComboBoxValue = getAttribute(NewInputNmField, "value"): Attribute 'value' of object 'Object Repository/Objects.HighlightElements/input_field' is: 'Loh Lee Fong (LEEFONG)'

2020-06-05 13:31:57 - [MESSAGE][PASSED] - Attribute 'value' of object 'Object Repository/Objects.HighlightElements/input_field' is: 'Loh Lee Fong (LEEFONG)'

2020-06-05 13:31:57 - [TEST_STEP][PASSED] - callTestCase(findTestCase(CallTCName), ["FindValue":ComboBoxValue, "DropdownNm":comboNm], STOP_ON_FAILURE): Call Test Case 'Test Cases/PFI Precision and Scale/HashMap Tables/OfficerLists' successfully

2020-06-05 13:31:57 - [TEST_CASE][PASSED] - Test Cases/PFI Precision and Scale/HashMap Tables/OfficerLists: Test Cases/PFI Precision and Scale/HashMap Tables/OfficerLists

2020-06-05 13:31:57 - [TEST_STEP][PASSED] - Thread.sleep(1000): null

2020-06-05 13:31:58 - [TEST_STEP][PASSED] - OfficerLists = [1:"Aaron Sham Wai Lun (AARON)", 2:"Azidah Bte Akmad (Mdm) (USAABD)", 3:"Chung Fong Nyen (USACFN)", 4:"David Tey Dah Wei (DAHWEI)", ... ]: null

2020-06-05 13:31:58 - [TEST_STEP][PASSED] - ValueFound = OfficerLists.find({ -> ... }): null

2020-06-05 13:31:58 - [MESSAGE][PASSED] - Call Test Case 'Test Cases/PFI Precision and Scale/HashMap Tables/OfficerLists' successfully

2020-06-05 13:31:58 - [TEST_STEP][PASSED] - println(ValueFound): null

2020-06-05 13:31:58 - [TEST_STEP][PASSED] - sendKeys(NewInputNmField, Keys.chord(ARROW_DOWN)): Keys 'DOWN + ' sent to object: 'Object Repository/Objects.HighlightElements/input_field'

2020-06-05 13:31:59 - [MESSAGE][PASSED] - Keys 'DOWN + ' sent to object: 'Object Repository/Objects.HighlightElements/input_field'

2020-06-05 13:31:59 - [TEST_STEP][PASSED] - sendKeys(NewInputNmField, Keys.chord(ARROW_DOWN)): Keys 'DOWN + ' sent to object: 'Object Repository/Objects.HighlightElements/input_field'

2020-06-05 13:31:59 - [MESSAGE][PASSED] - Keys 'DOWN + ' sent to object: 'Object Repository/Objects.HighlightElements/input_field'

2020-06-05 13:31:59 - [TEST_STEP][PASSED] - delay(DelayTime): Delayed 2 second(s)

2020-06-05 13:32:01 - [MESSAGE][PASSED] - Delayed 2 second(s)

2020-06-05 13:32:01 - [TEST_STEP][PASSED] - sendKeys(NewInputNmField, Keys.chord(ENTER)): Keys 'ENTER + ' sent to object: 'Object Repository/Objects.HighlightElements/input_field'

2020-06-05 13:32:01 - [MESSAGE][PASSED] - Keys 'ENTER + ' sent to object: 'Object Repository/Objects.HighlightElements/input_field'

2020-06-05 13:32:01 - [TEST_STEP][PASSED] - ComboBoxValue = getAttribute(NewInputNmField, "value"): Attribute 'value' of object 'Object Repository/Objects.HighlightElements/input_field' is: 'Lu Ji Ju (Mdm) (USALJJ)'

2020-06-05 13:32:01 - [MESSAGE][PASSED] - Attribute 'value' of object 'Object Repository/Objects.HighlightElements/input_field' is: 'Lu Ji Ju (Mdm) (USALJJ)'

2020-06-05 13:32:01 - [TEST_STEP][PASSED] - callTestCase(findTestCase(CallTCName), ["FindValue":ComboBoxValue, "DropdownNm":comboNm], STOP_ON_FAILURE): Call Test Case 'Test Cases/PFI Precision and Scale/HashMap Tables/OfficerLists' successfully

2020-06-05 13:32:01 - [TEST_CASE][PASSED] - Test Cases/PFI Precision and Scale/HashMap Tables/OfficerLists: Test Cases/PFI Precision and Scale/HashMap Tables/OfficerLists

2020-06-05 13:32:01 - [TEST_STEP][PASSED] - Thread.sleep(1000): null

2020-06-05 13:32:02 - [TEST_STEP][PASSED] - OfficerLists = [1:"Aaron Sham Wai Lun (AARON)", 2:"Azidah Bte Akmad (Mdm) (USAABD)", 3:"Chung Fong Nyen (USACFN)", 4:"David Tey Dah Wei (DAHWEI)", ... ]: null

2020-06-05 13:32:02 - [TEST_STEP][PASSED] - ValueFound = OfficerLists.find({ -> ... }): null

2020-06-05 13:32:02 - [MESSAGE][PASSED] - Call Test Case 'Test Cases/PFI Precision and Scale/HashMap Tables/OfficerLists' successfully

2020-06-05 13:32:02 - [TEST_STEP][PASSED] - println(ValueFound): null

2020-06-05 13:32:02 - [TEST_STEP][PASSED] - sendKeys(NewInputNmField, Keys.chord(ARROW_DOWN)): Keys 'DOWN + ' sent to object: 'Object Repository/Objects.HighlightElements/input_field'

2020-06-05 13:32:02 - [MESSAGE][PASSED] - Keys 'DOWN + ' sent to object: 'Object Repository/Objects.HighlightElements/input_field'

2020-06-05 13:32:02 - [TEST_STEP][PASSED] - sendKeys(NewInputNmField, Keys.chord(ARROW_DOWN)): Keys 'DOWN + ' sent to object: 'Object Repository/Objects.HighlightElements/input_field'

2020-06-05 13:32:02 - [MESSAGE][PASSED] - Keys 'DOWN + ' sent to object: 'Object Repository/Objects.HighlightElements/input_field'

2020-06-05 13:32:02 - [TEST_STEP][PASSED] - delay(DelayTime): Delayed 2 second(s)

2020-06-05 13:32:04 - [MESSAGE][PASSED] - Delayed 2 second(s)

2020-06-05 13:32:04 - [TEST_STEP][PASSED] - sendKeys(NewInputNmField, Keys.chord(ENTER)): Keys 'ENTER + ' sent to object: 'Object Repository/Objects.HighlightElements/input_field'

2020-06-05 13:32:04 - [MESSAGE][PASSED] - Keys 'ENTER + ' sent to object: 'Object Repository/Objects.HighlightElements/input_field'

2020-06-05 13:32:04 - [TEST_STEP][PASSED] - ComboBoxValue = getAttribute(NewInputNmField, "value"): Attribute 'value' of object 'Object Repository/Objects.HighlightElements/input_field' is: 'Mohd Jeffri Bin Abdul Rahim (MOHDJEFFRI)'

2020-06-05 13:32:04 - [MESSAGE][PASSED] - Attribute 'value' of object 'Object Repository/Objects.HighlightElements/input_field' is: 'Mohd Jeffri Bin Abdul Rahim (MOHDJEFFRI)'

2020-06-05 13:32:04 - [TEST_STEP][PASSED] - callTestCase(findTestCase(CallTCName), ["FindValue":ComboBoxValue, "DropdownNm":comboNm], STOP_ON_FAILURE): Call Test Case 'Test Cases/PFI Precision and Scale/HashMap Tables/OfficerLists' successfully

2020-06-05 13:32:04 - [TEST_CASE][PASSED] - Test Cases/PFI Precision and Scale/HashMap Tables/OfficerLists: Test Cases/PFI Precision and Scale/HashMap Tables/OfficerLists

2020-06-05 13:32:04 - [TEST_STEP][PASSED] - Thread.sleep(1000): null

2020-06-05 13:32:05 - [TEST_STEP][PASSED] - OfficerLists = [1:"Aaron Sham Wai Lun (AARON)", 2:"Azidah Bte Akmad (Mdm) (USAABD)", 3:"Chung Fong Nyen (USACFN)", 4:"David Tey Dah Wei (DAHWEI)", ... ]: null

2020-06-05 13:32:05 - [TEST_STEP][PASSED] - ValueFound = OfficerLists.find({ -> ... }): null

2020-06-05 13:32:05 - [MESSAGE][PASSED] - Call Test Case 'Test Cases/PFI Precision and Scale/HashMap Tables/OfficerLists' successfully

2020-06-05 13:32:05 - [TEST_STEP][PASSED] - println(ValueFound): null

2020-06-05 13:32:05 - [TEST_STEP][PASSED] - sendKeys(NewInputNmField, Keys.chord(ARROW_DOWN)): Keys 'DOWN + ' sent to object: 'Object Repository/Objects.HighlightElements/input_field'

2020-06-05 13:32:05 - [MESSAGE][PASSED] - Keys 'DOWN + ' sent to object: 'Object Repository/Objects.HighlightElements/input_field'

2020-06-05 13:32:05 - [TEST_STEP][PASSED] - sendKeys(NewInputNmField, Keys.chord(ARROW_DOWN)): Keys 'DOWN + ' sent to object: 'Object Repository/Objects.HighlightElements/input_field'

2020-06-05 13:32:05 - [MESSAGE][PASSED] - Keys 'DOWN + ' sent to object: 'Object Repository/Objects.HighlightElements/input_field'

2020-06-05 13:32:05 - [TEST_STEP][PASSED] - delay(DelayTime): Delayed 2 second(s)

2020-06-05 13:32:07 - [MESSAGE][PASSED] - Delayed 2 second(s)

2020-06-05 13:32:07 - [TEST_STEP][PASSED] - sendKeys(NewInputNmField, Keys.chord(ENTER)): Keys 'ENTER + ' sent to object: 'Object Repository/Objects.HighlightElements/input_field'

2020-06-05 13:32:07 - [MESSAGE][PASSED] - Keys 'ENTER + ' sent to object: 'Object Repository/Objects.HighlightElements/input_field'

2020-06-05 13:32:07 - [TEST_STEP][PASSED] - ComboBoxValue = getAttribute(NewInputNmField, "value"): Attribute 'value' of object 'Object Repository/Objects.HighlightElements/input_field' is: 'Mohd Jumat Bin Haji Mohd Hassan (MOHDJUMAT)'

2020-06-05 13:32:07 - [MESSAGE][PASSED] - Attribute 'value' of object 'Object Repository/Objects.HighlightElements/input_field' is: 'Mohd Jumat Bin Haji Mohd Hassan (MOHDJUMAT)'

2020-06-05 13:32:07 - [TEST_STEP][PASSED] - callTestCase(findTestCase(CallTCName), ["FindValue":ComboBoxValue, "DropdownNm":comboNm], STOP_ON_FAILURE): Call Test Case 'Test Cases/PFI Precision and Scale/HashMap Tables/OfficerLists' successfully

2020-06-05 13:32:07 - [TEST_CASE][PASSED] - Test Cases/PFI Precision and Scale/HashMap Tables/OfficerLists: Test Cases/PFI Precision and Scale/HashMap Tables/OfficerLists

2020-06-05 13:32:07 - [TEST_STEP][PASSED] - Thread.sleep(1000): null

2020-06-05 13:32:08 - [TEST_STEP][PASSED] - OfficerLists = [1:"Aaron Sham Wai Lun (AARON)", 2:"Azidah Bte Akmad (Mdm) (USAABD)", 3:"Chung Fong Nyen (USACFN)", 4:"David Tey Dah Wei (DAHWEI)", ... ]: null

2020-06-05 13:32:08 - [TEST_STEP][PASSED] - ValueFound = OfficerLists.find({ -> ... }): null

2020-06-05 13:32:08 - [MESSAGE][PASSED] - Call Test Case 'Test Cases/PFI Precision and Scale/HashMap Tables/OfficerLists' successfully

2020-06-05 13:32:08 - [TEST_STEP][PASSED] - println(ValueFound): null

2020-06-05 13:32:08 - [TEST_STEP][PASSED] - sendKeys(NewInputNmField, Keys.chord(ARROW_DOWN)): Keys 'DOWN + ' sent to object: 'Object Repository/Objects.HighlightElements/input_field'

2020-06-05 13:32:08 - [MESSAGE][PASSED] - Keys 'DOWN + ' sent to object: 'Object Repository/Objects.HighlightElements/input_field'

2020-06-05 13:32:08 - [TEST_STEP][PASSED] - sendKeys(NewInputNmField, Keys.chord(ARROW_DOWN)): Keys 'DOWN + ' sent to object: 'Object Repository/Objects.HighlightElements/input_field'

2020-06-05 13:32:08 - [MESSAGE][PASSED] - Keys 'DOWN + ' sent to object: 'Object Repository/Objects.HighlightElements/input_field'

2020-06-05 13:32:08 - [TEST_STEP][PASSED] - delay(DelayTime): Delayed 2 second(s)

2020-06-05 13:32:10 - [MESSAGE][PASSED] - Delayed 2 second(s)

2020-06-05 13:32:10 - [TEST_STEP][PASSED] - sendKeys(NewInputNmField, Keys.chord(ENTER)): Keys 'ENTER + ' sent to object: 'Object Repository/Objects.HighlightElements/input_field'

2020-06-05 13:32:10 - [MESSAGE][PASSED] - Keys 'ENTER + ' sent to object: 'Object Repository/Objects.HighlightElements/input_field'

2020-06-05 13:32:10 - [TEST_STEP][PASSED] - ComboBoxValue = getAttribute(NewInputNmField, "value"): Attribute 'value' of object 'Object Repository/Objects.HighlightElements/input_field' is: 'Ng Seh Luh (USANSL)'

2020-06-05 13:32:10 - [MESSAGE][PASSED] - Attribute 'value' of object 'Object Repository/Objects.HighlightElements/input_field' is: 'Ng Seh Luh (USANSL)'

2020-06-05 13:32:10 - [TEST_STEP][PASSED] - callTestCase(findTestCase(CallTCName), ["FindValue":ComboBoxValue, "DropdownNm":comboNm], STOP_ON_FAILURE): Call Test Case 'Test Cases/PFI Precision and Scale/HashMap Tables/OfficerLists' successfully

2020-06-05 13:32:10 - [TEST_CASE][PASSED] - Test Cases/PFI Precision and Scale/HashMap Tables/OfficerLists: Test Cases/PFI Precision and Scale/HashMap Tables/OfficerLists

2020-06-05 13:32:10 - [TEST_STEP][PASSED] - Thread.sleep(1000): null

2020-06-05 13:32:11 - [TEST_STEP][PASSED] - OfficerLists = [1:"Aaron Sham Wai Lun (AARON)", 2:"Azidah Bte Akmad (Mdm) (USAABD)", 3:"Chung Fong Nyen (USACFN)", 4:"David Tey Dah Wei (DAHWEI)", ... ]: null

2020-06-05 13:32:11 - [TEST_STEP][PASSED] - ValueFound = OfficerLists.find({ -> ... }): null

2020-06-05 13:32:11 - [MESSAGE][PASSED] - Call Test Case 'Test Cases/PFI Precision and Scale/HashMap Tables/OfficerLists' successfully

2020-06-05 13:32:11 - [TEST_STEP][PASSED] - println(ValueFound): null

2020-06-05 13:32:11 - [TEST_STEP][PASSED] - sendKeys(NewInputNmField, Keys.chord(ARROW_DOWN)): Keys 'DOWN + ' sent to object: 'Object Repository/Objects.HighlightElements/input_field'

2020-06-05 13:32:11 - [MESSAGE][PASSED] - Keys 'DOWN + ' sent to object: 'Object Repository/Objects.HighlightElements/input_field'

2020-06-05 13:32:11 - [TEST_STEP][PASSED] - sendKeys(NewInputNmField, Keys.chord(ARROW_DOWN)): Keys 'DOWN + ' sent to object: 'Object Repository/Objects.HighlightElements/input_field'

2020-06-05 13:32:11 - [MESSAGE][PASSED] - Keys 'DOWN + ' sent to object: 'Object Repository/Objects.HighlightElements/input_field'

2020-06-05 13:32:11 - [TEST_STEP][PASSED] - delay(DelayTime): Delayed 2 second(s)

2020-06-05 13:32:13 - [MESSAGE][PASSED] - Delayed 2 second(s)

2020-06-05 13:32:13 - [TEST_STEP][PASSED] - sendKeys(NewInputNmField, Keys.chord(ENTER)): Keys 'ENTER + ' sent to object: 'Object Repository/Objects.HighlightElements/input_field'

2020-06-05 13:32:14 - [MESSAGE][PASSED] - Keys 'ENTER + ' sent to object: 'Object Repository/Objects.HighlightElements/input_field'

2020-06-05 13:32:14 - [TEST_STEP][PASSED] - ComboBoxValue = getAttribute(NewInputNmField, "value"): Attribute 'value' of object 'Object Repository/Objects.HighlightElements/input_field' is: 'Richard Lim Fang Ping (FANGPING)'

2020-06-05 13:32:14 - [MESSAGE][PASSED] - Attribute 'value' of object 'Object Repository/Objects.HighlightElements/input_field' is: 'Richard Lim Fang Ping (FANGPING)'

2020-06-05 13:32:14 - [TEST_STEP][PASSED] - callTestCase(findTestCase(CallTCName), ["FindValue":ComboBoxValue, "DropdownNm":comboNm], STOP_ON_FAILURE): Call Test Case 'Test Cases/PFI Precision and Scale/HashMap Tables/OfficerLists' successfully

2020-06-05 13:32:14 - [TEST_CASE][PASSED] - Test Cases/PFI Precision and Scale/HashMap Tables/OfficerLists: Test Cases/PFI Precision and Scale/HashMap Tables/OfficerLists

2020-06-05 13:32:14 - [TEST_STEP][PASSED] - Thread.sleep(1000): null

2020-06-05 13:32:15 - [TEST_STEP][PASSED] - OfficerLists = [1:"Aaron Sham Wai Lun (AARON)", 2:"Azidah Bte Akmad (Mdm) (USAABD)", 3:"Chung Fong Nyen (USACFN)", 4:"David Tey Dah Wei (DAHWEI)", ... ]: null

2020-06-05 13:32:15 - [TEST_STEP][PASSED] - ValueFound = OfficerLists.find({ -> ... }): null

2020-06-05 13:32:15 - [MESSAGE][PASSED] - Call Test Case 'Test Cases/PFI Precision and Scale/HashMap Tables/OfficerLists' successfully

2020-06-05 13:32:15 - [TEST_STEP][PASSED] - println(ValueFound): null

2020-06-05 13:32:15 - [TEST_STEP][PASSED] - sendKeys(NewInputNmField, Keys.chord(ARROW_DOWN)): Keys 'DOWN + ' sent to object: 'Object Repository/Objects.HighlightElements/input_field'

2020-06-05 13:32:15 - [MESSAGE][PASSED] - Keys 'DOWN + ' sent to object: 'Object Repository/Objects.HighlightElements/input_field'

2020-06-05 13:32:15 - [TEST_STEP][PASSED] - sendKeys(NewInputNmField, Keys.chord(ARROW_DOWN)): Keys 'DOWN + ' sent to object: 'Object Repository/Objects.HighlightElements/input_field'

2020-06-05 13:32:15 - [MESSAGE][PASSED] - Keys 'DOWN + ' sent to object: 'Object Repository/Objects.HighlightElements/input_field'

2020-06-05 13:32:15 - [TEST_STEP][PASSED] - delay(DelayTime): Delayed 2 second(s)

2020-06-05 13:32:17 - [MESSAGE][PASSED] - Delayed 2 second(s)

2020-06-05 13:32:17 - [TEST_STEP][PASSED] - sendKeys(NewInputNmField, Keys.chord(ENTER)): Keys 'ENTER + ' sent to object: 'Object Repository/Objects.HighlightElements/input_field'

2020-06-05 13:32:17 - [MESSAGE][PASSED] - Keys 'ENTER + ' sent to object: 'Object Repository/Objects.HighlightElements/input_field'

2020-06-05 13:32:17 - [TEST_STEP][PASSED] - ComboBoxValue = getAttribute(NewInputNmField, "value"): Attribute 'value' of object 'Object Repository/Objects.HighlightElements/input_field' is: 'RITA WONG SIONG ING (RITAWONG)'

2020-06-05 13:32:17 - [MESSAGE][PASSED] - Attribute 'value' of object 'Object Repository/Objects.HighlightElements/input_field' is: 'RITA WONG SIONG ING (RITAWONG)'

2020-06-05 13:32:17 - [TEST_STEP][PASSED] - callTestCase(findTestCase(CallTCName), ["FindValue":ComboBoxValue, "DropdownNm":comboNm], STOP_ON_FAILURE): Call Test Case 'Test Cases/PFI Precision and Scale/HashMap Tables/OfficerLists' successfully

2020-06-05 13:32:17 - [TEST_CASE][PASSED] - Test Cases/PFI Precision and Scale/HashMap Tables/OfficerLists: Test Cases/PFI Precision and Scale/HashMap Tables/OfficerLists

2020-06-05 13:32:17 - [TEST_STEP][PASSED] - Thread.sleep(1000): null

2020-06-05 13:32:18 - [TEST_STEP][PASSED] - OfficerLists = [1:"Aaron Sham Wai Lun (AARON)", 2:"Azidah Bte Akmad (Mdm) (USAABD)", 3:"Chung Fong Nyen (USACFN)", 4:"David Tey Dah Wei (DAHWEI)", ... ]: null

2020-06-05 13:32:18 - [TEST_STEP][PASSED] - ValueFound = OfficerLists.find({ -> ... }): null

2020-06-05 13:32:18 - [MESSAGE][PASSED] - Call Test Case 'Test Cases/PFI Precision and Scale/HashMap Tables/OfficerLists' successfully

2020-06-05 13:32:18 - [TEST_STEP][PASSED] - println(ValueFound): null

2020-06-05 13:32:18 - [TEST_STEP][PASSED] - sendKeys(NewInputNmField, Keys.chord(ARROW_DOWN)): Keys 'DOWN + ' sent to object: 'Object Repository/Objects.HighlightElements/input_field'

2020-06-05 13:32:18 - [MESSAGE][PASSED] - Keys 'DOWN + ' sent to object: 'Object Repository/Objects.HighlightElements/input_field'

2020-06-05 13:32:18 - [TEST_STEP][PASSED] - sendKeys(NewInputNmField, Keys.chord(ARROW_DOWN)): Keys 'DOWN + ' sent to object: 'Object Repository/Objects.HighlightElements/input_field'

2020-06-05 13:32:18 - [MESSAGE][PASSED] - Keys 'DOWN + ' sent to object: 'Object Repository/Objects.HighlightElements/input_field'

2020-06-05 13:32:18 - [TEST_STEP][PASSED] - delay(DelayTime): Delayed 2 second(s)

2020-06-05 13:32:20 - [MESSAGE][PASSED] - Delayed 2 second(s)

2020-06-05 13:32:20 - [TEST_STEP][PASSED] - sendKeys(NewInputNmField, Keys.chord(ENTER)): Keys 'ENTER + ' sent to object: 'Object Repository/Objects.HighlightElements/input_field'

2020-06-05 13:32:20 - [MESSAGE][PASSED] - Keys 'ENTER + ' sent to object: 'Object Repository/Objects.HighlightElements/input_field'

2020-06-05 13:32:20 - [TEST_STEP][PASSED] - ComboBoxValue = getAttribute(NewInputNmField, "value"): Attribute 'value' of object 'Object Repository/Objects.HighlightElements/input_field' is: 'Shi Hong Wei (HONGWEI)'

2020-06-05 13:32:20 - [MESSAGE][PASSED] - Attribute 'value' of object 'Object Repository/Objects.HighlightElements/input_field' is: 'Shi Hong Wei (HONGWEI)'

2020-06-05 13:32:20 - [TEST_STEP][PASSED] - callTestCase(findTestCase(CallTCName), ["FindValue":ComboBoxValue, "DropdownNm":comboNm], STOP_ON_FAILURE): Call Test Case 'Test Cases/PFI Precision and Scale/HashMap Tables/OfficerLists' successfully

2020-06-05 13:32:20 - [TEST_CASE][PASSED] - Test Cases/PFI Precision and Scale/HashMap Tables/OfficerLists: Test Cases/PFI Precision and Scale/HashMap Tables/OfficerLists

2020-06-05 13:32:20 - [TEST_STEP][PASSED] - Thread.sleep(1000): null

2020-06-05 13:32:21 - [TEST_STEP][PASSED] - OfficerLists = [1:"Aaron Sham Wai Lun (AARON)", 2:"Azidah Bte Akmad (Mdm) (USAABD)", 3:"Chung Fong Nyen (USACFN)", 4:"David Tey Dah Wei (DAHWEI)", ... ]: null

2020-06-05 13:32:21 - [TEST_STEP][PASSED] - ValueFound = OfficerLists.find({ -> ... }): null

2020-06-05 13:32:21 - [MESSAGE][PASSED] - Call Test Case 'Test Cases/PFI Precision and Scale/HashMap Tables/OfficerLists' successfully

2020-06-05 13:32:21 - [TEST_STEP][PASSED] - println(ValueFound): null

2020-06-05 13:32:21 - [TEST_STEP][PASSED] - sendKeys(NewInputNmField, Keys.chord(ARROW_DOWN)): Keys 'DOWN + ' sent to object: 'Object Repository/Objects.HighlightElements/input_field'

2020-06-05 13:32:21 - [MESSAGE][PASSED] - Keys 'DOWN + ' sent to object: 'Object Repository/Objects.HighlightElements/input_field'

2020-06-05 13:32:21 - [TEST_STEP][PASSED] - sendKeys(NewInputNmField, Keys.chord(ARROW_DOWN)): Keys 'DOWN + ' sent to object: 'Object Repository/Objects.HighlightElements/input_field'

2020-06-05 13:32:21 - [MESSAGE][PASSED] - Keys 'DOWN + ' sent to object: 'Object Repository/Objects.HighlightElements/input_field'

2020-06-05 13:32:21 - [TEST_STEP][PASSED] - delay(DelayTime): Delayed 2 second(s)

2020-06-05 13:32:23 - [MESSAGE][PASSED] - Delayed 2 second(s)

2020-06-05 13:32:23 - [TEST_STEP][PASSED] - sendKeys(NewInputNmField, Keys.chord(ENTER)): Keys 'ENTER + ' sent to object: 'Object Repository/Objects.HighlightElements/input_field'

2020-06-05 13:32:23 - [MESSAGE][PASSED] - Keys 'ENTER + ' sent to object: 'Object Repository/Objects.HighlightElements/input_field'

2020-06-05 13:32:23 - [TEST_STEP][PASSED] - ComboBoxValue = getAttribute(NewInputNmField, "value"): Attribute 'value' of object 'Object Repository/Objects.HighlightElements/input_field' is: 'Sulaiman Bin Ahmad (USABAS)'

2020-06-05 13:32:23 - [MESSAGE][PASSED] - Attribute 'value' of object 'Object Repository/Objects.HighlightElements/input_field' is: 'Sulaiman Bin Ahmad (USABAS)'

2020-06-05 13:32:23 - [TEST_STEP][PASSED] - callTestCase(findTestCase(CallTCName), ["FindValue":ComboBoxValue, "DropdownNm":comboNm], STOP_ON_FAILURE): Call Test Case 'Test Cases/PFI Precision and Scale/HashMap Tables/OfficerLists' successfully

2020-06-05 13:32:23 - [TEST_CASE][PASSED] - Test Cases/PFI Precision and Scale/HashMap Tables/OfficerLists: Test Cases/PFI Precision and Scale/HashMap Tables/OfficerLists

2020-06-05 13:32:23 - [TEST_STEP][PASSED] - Thread.sleep(1000): null

2020-06-05 13:32:24 - [TEST_STEP][PASSED] - OfficerLists = [1:"Aaron Sham Wai Lun (AARON)", 2:"Azidah Bte Akmad (Mdm) (USAABD)", 3:"Chung Fong Nyen (USACFN)", 4:"David Tey Dah Wei (DAHWEI)", ... ]: null

2020-06-05 13:32:24 - [TEST_STEP][PASSED] - ValueFound = OfficerLists.find({ -> ... }): null

2020-06-05 13:32:24 - [MESSAGE][PASSED] - Call Test Case 'Test Cases/PFI Precision and Scale/HashMap Tables/OfficerLists' successfully

2020-06-05 13:32:24 - [TEST_STEP][PASSED] - println(ValueFound): null

2020-06-05 13:32:24 - [TEST_STEP][PASSED] - sendKeys(NewInputNmField, Keys.chord(ARROW_DOWN)): Keys 'DOWN + ' sent to object: 'Object Repository/Objects.HighlightElements/input_field'

2020-06-05 13:32:24 - [MESSAGE][PASSED] - Keys 'DOWN + ' sent to object: 'Object Repository/Objects.HighlightElements/input_field'

2020-06-05 13:32:24 - [TEST_STEP][PASSED] - sendKeys(NewInputNmField, Keys.chord(ARROW_DOWN)): Keys 'DOWN + ' sent to object: 'Object Repository/Objects.HighlightElements/input_field'

2020-06-05 13:32:24 - [MESSAGE][PASSED] - Keys 'DOWN + ' sent to object: 'Object Repository/Objects.HighlightElements/input_field'

2020-06-05 13:32:24 - [TEST_STEP][PASSED] - delay(DelayTime): Delayed 2 second(s)

2020-06-05 13:32:26 - [MESSAGE][PASSED] - Delayed 2 second(s)

2020-06-05 13:32:26 - [TEST_STEP][PASSED] - sendKeys(NewInputNmField, Keys.chord(ENTER)): Keys 'ENTER + ' sent to object: 'Object Repository/Objects.HighlightElements/input_field'

2020-06-05 13:32:26 - [MESSAGE][PASSED] - Keys 'ENTER + ' sent to object: 'Object Repository/Objects.HighlightElements/input_field'

2020-06-05 13:32:26 - [TEST_STEP][PASSED] - ComboBoxValue = getAttribute(NewInputNmField, "value"): Attribute 'value' of object 'Object Repository/Objects.HighlightElements/input_field' is: 'Tan Kwan Joo (KWANJOO)'

2020-06-05 13:32:26 - [MESSAGE][PASSED] - Attribute 'value' of object 'Object Repository/Objects.HighlightElements/input_field' is: 'Tan Kwan Joo (KWANJOO)'

2020-06-05 13:32:26 - [TEST_STEP][PASSED] - callTestCase(findTestCase(CallTCName), ["FindValue":ComboBoxValue, "DropdownNm":comboNm], STOP_ON_FAILURE): Call Test Case 'Test Cases/PFI Precision and Scale/HashMap Tables/OfficerLists' successfully

2020-06-05 13:32:26 - [TEST_CASE][PASSED] - Test Cases/PFI Precision and Scale/HashMap Tables/OfficerLists: Test Cases/PFI Precision and Scale/HashMap Tables/OfficerLists

2020-06-05 13:32:26 - [TEST_STEP][PASSED] - Thread.sleep(1000): null

2020-06-05 13:32:27 - [TEST_STEP][PASSED] - OfficerLists = [1:"Aaron Sham Wai Lun (AARON)", 2:"Azidah Bte Akmad (Mdm) (USAABD)", 3:"Chung Fong Nyen (USACFN)", 4:"David Tey Dah Wei (DAHWEI)", ... ]: null

2020-06-05 13:32:27 - [TEST_STEP][PASSED] - ValueFound = OfficerLists.find({ -> ... }): null

2020-06-05 13:32:27 - [MESSAGE][PASSED] - Call Test Case 'Test Cases/PFI Precision and Scale/HashMap Tables/OfficerLists' successfully

2020-06-05 13:32:27 - [TEST_STEP][PASSED] - println(ValueFound): null

2020-06-05 13:32:27 - [TEST_STEP][PASSED] - sendKeys(NewInputNmField, Keys.chord(ARROW_DOWN)): Keys 'DOWN + ' sent to object: 'Object Repository/Objects.HighlightElements/input_field'

2020-06-05 13:32:28 - [MESSAGE][PASSED] - Keys 'DOWN + ' sent to object: 'Object Repository/Objects.HighlightElements/input_field'

2020-06-05 13:32:28 - [TEST_STEP][PASSED] - sendKeys(NewInputNmField, Keys.chord(ARROW_DOWN)): Keys 'DOWN + ' sent to object: 'Object Repository/Objects.HighlightElements/input_field'

2020-06-05 13:32:28 - [MESSAGE][PASSED] - Keys 'DOWN + ' sent to object: 'Object Repository/Objects.HighlightElements/input_field'

2020-06-05 13:32:28 - [TEST_STEP][PASSED] - delay(DelayTime): Delayed 2 second(s)

2020-06-05 13:32:30 - [MESSAGE][PASSED] - Delayed 2 second(s)

2020-06-05 13:32:30 - [TEST_STEP][PASSED] - sendKeys(NewInputNmField, Keys.chord(ENTER)): Keys 'ENTER + ' sent to object: 'Object Repository/Objects.HighlightElements/input_field'

2020-06-05 13:32:30 - [MESSAGE][PASSED] - Keys 'ENTER + ' sent to object: 'Object Repository/Objects.HighlightElements/input_field'

2020-06-05 13:32:30 - [TEST_STEP][PASSED] - ComboBoxValue = getAttribute(NewInputNmField, "value"): Attribute 'value' of object 'Object Repository/Objects.HighlightElements/input_field' is: 'Wong Swee Sheng (WONGSWEE)'

2020-06-05 13:32:30 - [MESSAGE][PASSED] - Attribute 'value' of object 'Object Repository/Objects.HighlightElements/input_field' is: 'Wong Swee Sheng (WONGSWEE)'

2020-06-05 13:32:30 - [TEST_STEP][PASSED] - callTestCase(findTestCase(CallTCName), ["FindValue":ComboBoxValue, "DropdownNm":comboNm], STOP_ON_FAILURE): Call Test Case 'Test Cases/PFI Precision and Scale/HashMap Tables/OfficerLists' successfully

2020-06-05 13:32:30 - [TEST_CASE][PASSED] - Test Cases/PFI Precision and Scale/HashMap Tables/OfficerLists: Test Cases/PFI Precision and Scale/HashMap Tables/OfficerLists

2020-06-05 13:32:30 - [TEST_STEP][PASSED] - Thread.sleep(1000): null

2020-06-05 13:32:31 - [TEST_STEP][PASSED] - OfficerLists = [1:"Aaron Sham Wai Lun (AARON)", 2:"Azidah Bte Akmad (Mdm) (USAABD)", 3:"Chung Fong Nyen (USACFN)", 4:"David Tey Dah Wei (DAHWEI)", ... ]: null

2020-06-05 13:32:31 - [TEST_STEP][PASSED] - ValueFound = OfficerLists.find({ -> ... }): null

2020-06-05 13:32:31 - [MESSAGE][PASSED] - Call Test Case 'Test Cases/PFI Precision and Scale/HashMap Tables/OfficerLists' successfully

2020-06-05 13:32:31 - [TEST_STEP][PASSED] - println(ValueFound): null

2020-06-05 13:32:31 - [TEST_STEP][PASSED] - sendKeys(NewInputNmField, Keys.chord(ARROW_DOWN)): Keys 'DOWN + ' sent to object: 'Object Repository/Objects.HighlightElements/input_field'

2020-06-05 13:32:31 - [MESSAGE][PASSED] - Keys 'DOWN + ' sent to object: 'Object Repository/Objects.HighlightElements/input_field'

2020-06-05 13:32:31 - [TEST_STEP][PASSED] - sendKeys(NewInputNmField, Keys.chord(ARROW_DOWN)): Keys 'DOWN + ' sent to object: 'Object Repository/Objects.HighlightElements/input_field'

2020-06-05 13:32:31 - [MESSAGE][PASSED] - Keys 'DOWN + ' sent to object: 'Object Repository/Objects.HighlightElements/input_field'

2020-06-05 13:32:31 - [TEST_STEP][PASSED] - delay(DelayTime): Delayed 2 second(s)

2020-06-05 13:32:33 - [MESSAGE][PASSED] - Delayed 2 second(s)

2020-06-05 13:32:33 - [TEST_STEP][PASSED] - sendKeys(NewInputNmField, Keys.chord(ENTER)): Keys 'ENTER + ' sent to object: 'Object Repository/Objects.HighlightElements/input_field'

2020-06-05 13:32:33 - [MESSAGE][PASSED] - Keys 'ENTER + ' sent to object: 'Object Repository/Objects.HighlightElements/input_field'

2020-06-05 13:32:33 - [TEST_STEP][PASSED] - ComboBoxValue = getAttribute(NewInputNmField, "value"): Attribute 'value' of object 'Object Repository/Objects.HighlightElements/input_field' is: 'Yeo Siew Juay (SIEWJUAY)'

2020-06-05 13:32:33 - [MESSAGE][PASSED] - Attribute 'value' of object 'Object Repository/Objects.HighlightElements/input_field' is: 'Yeo Siew Juay (SIEWJUAY)'

2020-06-05 13:32:33 - [TEST_STEP][PASSED] - callTestCase(findTestCase(CallTCName), ["FindValue":ComboBoxValue, "DropdownNm":comboNm], STOP_ON_FAILURE): Call Test Case 'Test Cases/PFI Precision and Scale/HashMap Tables/OfficerLists' successfully

2020-06-05 13:32:33 - [TEST_CASE][PASSED] - Test Cases/PFI Precision and Scale/HashMap Tables/OfficerLists: Test Cases/PFI Precision and Scale/HashMap Tables/OfficerLists

2020-06-05 13:32:33 - [TEST_STEP][PASSED] - Thread.sleep(1000): null

2020-06-05 13:32:34 - [TEST_STEP][PASSED] - OfficerLists = [1:"Aaron Sham Wai Lun (AARON)", 2:"Azidah Bte Akmad (Mdm) (USAABD)", 3:"Chung Fong Nyen (USACFN)", 4:"David Tey Dah Wei (DAHWEI)", ... ]: null

2020-06-05 13:32:34 - [TEST_STEP][PASSED] - ValueFound = OfficerLists.find({ -> ... }): null

2020-06-05 13:32:34 - [MESSAGE][PASSED] - Call Test Case 'Test Cases/PFI Precision and Scale/HashMap Tables/OfficerLists' successfully

2020-06-05 13:32:34 - [TEST_STEP][PASSED] - println(ValueFound): null

2020-06-05 13:32:34 - [TEST_STEP][PASSED] - sendKeys(NewInputNmField, Keys.chord(ARROW_DOWN)): Keys 'DOWN + ' sent to object: 'Object Repository/Objects.HighlightElements/input_field'

2020-06-05 13:32:34 - [MESSAGE][PASSED] - Keys 'DOWN + ' sent to object: 'Object Repository/Objects.HighlightElements/input_field'

2020-06-05 13:32:34 - [TEST_STEP][PASSED] - sendKeys(NewInputNmField, Keys.chord(ARROW_DOWN)): Keys 'DOWN + ' sent to object: 'Object Repository/Objects.HighlightElements/input_field'

2020-06-05 13:32:34 - [MESSAGE][PASSED] - Keys 'DOWN + ' sent to object: 'Object Repository/Objects.HighlightElements/input_field'

2020-06-05 13:32:34 - [TEST_STEP][PASSED] - delay(DelayTime): Delayed 2 second(s)

2020-06-05 13:32:36 - [MESSAGE][PASSED] - Delayed 2 second(s)

2020-06-05 13:32:36 - [TEST_STEP][PASSED] - sendKeys(NewInputNmField, Keys.chord(ENTER)): Keys 'ENTER + ' sent to object: 'Object Repository/Objects.HighlightElements/input_field'

2020-06-05 13:32:36 - [MESSAGE][PASSED] - Keys 'ENTER + ' sent to object: 'Object Repository/Objects.HighlightElements/input_field'

2020-06-05 13:32:36 - [TEST_STEP][PASSED] - ComboBoxValue = getAttribute(NewInputNmField, "value"): Attribute 'value' of object 'Object Repository/Objects.HighlightElements/input_field' is: 'Zhao Dianfeng (DIANFENG)'

2020-06-05 13:32:36 - [MESSAGE][PASSED] - Attribute 'value' of object 'Object Repository/Objects.HighlightElements/input_field' is: 'Zhao Dianfeng (DIANFENG)'

2020-06-05 13:32:36 - [TEST_STEP][PASSED] - callTestCase(findTestCase(CallTCName), ["FindValue":ComboBoxValue, "DropdownNm":comboNm], STOP_ON_FAILURE): Call Test Case 'Test Cases/PFI Precision and Scale/HashMap Tables/OfficerLists' successfully

2020-06-05 13:32:36 - [TEST_CASE][PASSED] - Test Cases/PFI Precision and Scale/HashMap Tables/OfficerLists: Test Cases/PFI Precision and Scale/HashMap Tables/OfficerLists

2020-06-05 13:32:36 - [TEST_STEP][PASSED] - Thread.sleep(1000): null

2020-06-05 13:32:37 - [TEST_STEP][PASSED] - OfficerLists = [1:"Aaron Sham Wai Lun (AARON)", 2:"Azidah Bte Akmad (Mdm) (USAABD)", 3:"Chung Fong Nyen (USACFN)", 4:"David Tey Dah Wei (DAHWEI)", ... ]: null

2020-06-05 13:32:37 - [TEST_STEP][PASSED] - ValueFound = OfficerLists.find({ -> ... }): null

2020-06-05 13:32:37 - [MESSAGE][PASSED] - Call Test Case 'Test Cases/PFI Precision and Scale/HashMap Tables/OfficerLists' successfully

2020-06-05 13:32:37 - [TEST_STEP][PASSED] - println(ValueFound): null

2020-06-05 13:32:37 - [TEST_STEP][PASSED] - sendKeys(NewInputNmField, Keys.chord(ARROW_DOWN)): Keys 'DOWN + ' sent to object: 'Object Repository/Objects.HighlightElements/input_field'

2020-06-05 13:32:37 - [MESSAGE][PASSED] - Keys 'DOWN + ' sent to object: 'Object Repository/Objects.HighlightElements/input_field'

2020-06-05 13:32:37 - [TEST_STEP][PASSED] - sendKeys(NewInputNmField, Keys.chord(ENTER)): Keys 'ENTER + ' sent to object: 'Object Repository/Objects.HighlightElements/input_field'

2020-06-05 13:32:37 - [MESSAGE][PASSED] - Keys 'ENTER + ' sent to object: 'Object Repository/Objects.HighlightElements/input_field'

2020-06-05 13:32:37 - [MESSAGE][PASSED] - Call Test Case 'Test Cases/PFI Precision and Scale/PFI Components/VerifyDropdownValues' successfully

2020-06-05 13:32:37 - [TEST_STEP][PASSED] - callTestCase(findTestCase("Components/SelectAllThenDelete"), ["tagToBeUsed":"*", "nameToBeUsed":"approveOfficerCmb"], STOP_ON_FAILURE): Call Test Case 'Test Cases/Components/SelectAllThenDelete' successfully

2020-06-05 13:32:37 - [TEST_CASE][PASSED] - Test Cases/Components/SelectAllThenDelete: Test Cases/Components/SelectAllThenDelete

2020-06-05 13:32:38 - [TEST_STEP][PASSED] - Thread.sleep(1000): null

2020-06-05 13:32:39 - [TEST_STEP][PASSED] - firstModification = modifyObjectProperty(findTestObject("SendKey/object"), "tag", "equals", tagToBeUsed, false): Modify property of object successfully

2020-06-05 13:32:39 - [MESSAGE][PASSED] - Modify property of object successfully

2020-06-05 13:32:39 - [TEST_STEP][PASSED] - secondModification = modifyObjectProperty(firstModification, "name", "equals", nameToBeUsed, true): Modify property of object successfully

2020-06-05 13:32:39 - [MESSAGE][PASSED] - Modify property of object successfully

2020-06-05 13:32:39 - [TEST_STEP][PASSED] - sendKeys(secondModification, Keys.chord(CONTROL, "a")): Keys 'CONTROL + a' sent to object: 'Object Repository/SendKey/object'

2020-06-05 13:32:39 - [MESSAGE][PASSED] - Keys 'CONTROL + a' sent to object: 'Object Repository/SendKey/object'

2020-06-05 13:32:39 - [TEST_STEP][PASSED] - sendKeys(secondModification, Keys.chord(DELETE)): Keys 'DELETE + ' sent to object: 'Object Repository/SendKey/object'

2020-06-05 13:32:39 - [MESSAGE][PASSED] - Keys 'DELETE + ' sent to object: 'Object Repository/SendKey/object'

2020-06-05 13:32:39 - [MESSAGE][PASSED] - Call Test Case 'Test Cases/Components/SelectAllThenDelete' successfully

2020-06-05 13:32:39 - [TEST_STEP][PASSED] - callTestCase(findTestCase("PFI Precision and Scale/PFI Components/RequiredFieldValidation"), ["nameToBeUsed":"approveOfficerCmb", "index":0], STOP_ON_FAILURE): Call Test Case 'Test Cases/PFI Precision and Scale/PFI Components/RequiredFieldValidation' successfully

2020-06-05 13:32:39 - [TEST_CASE][PASSED] - Test Cases/PFI Precision and Scale/PFI Components/RequiredFieldValidation: Test Cases/PFI Precision and Scale/PFI Components/RequiredFieldValidation

2020-06-05 13:32:39 - [TEST_STEP][PASSED] - Thread.sleep(1000): null

2020-06-05 13:32:40 - [TEST_STEP][PASSED] - NewInputNmField = modifyObjectProperty(findTestObject("Objects.HighlightElements/input_field"), "name", "equals", nameToBeUsed, true): Modify property of object successfully

2020-06-05 13:32:40 - [MESSAGE][PASSED] - Modify property of object successfully

2020-06-05 13:32:40 - [TEST_STEP][PASSED] - mouseOver(NewInputNmField): Object: 'Object Repository/Objects.HighlightElements/input_field' is hovered

2020-06-05 13:32:40 - [MESSAGE][PASSED] - Object: 'Object Repository/Objects.HighlightElements/input_field' is hovered

2020-06-05 13:32:40 - [TEST_STEP][PASSED] - getRqErrMsg = getAttribute(NewInputNmField, "data-errorqtip"): Attribute 'data-errorqtip' of object 'Object Repository/Objects.HighlightElements/input_field' is: '<ul class="x-list-plain"><li>This field is required</li></ul>'

2020-06-05 13:32:40 - [MESSAGE][PASSED] - Attribute 'data-errorqtip' of object 'Object Repository/Objects.HighlightElements/input_field' is: '<ul class="x-list-plain"><li>This field is required</li></ul>'

2020-06-05 13:32:40 - [TEST_STEP][PASSED] - strToolTip = getRqErrMsg.substring(29, 61): null

2020-06-05 13:32:40 - [TEST_STEP][PASSED] - toolTipReqErrMsg = strToolTip.substring(0, 22): null

2020-06-05 13:32:40 - [TEST_STEP][PASSED] - verifyMatch(toolTipReqErrMsg, RqField, true): Actual text 'This field is required' and expected text 'This field is required' are matched  using regular expression

2020-06-05 13:32:40 - [MESSAGE][PASSED] - Actual text 'This field is required' and expected text 'This field is required' are matched  using regular expression

2020-06-05 13:32:40 - [MESSAGE][PASSED] - Call Test Case 'Test Cases/PFI Precision and Scale/PFI Components/RequiredFieldValidation' successfully

2020-06-05 13:32:40 - [TEST_STEP][PASSED] - callTestCase(findTestCase("Components/HighlightLabelField"), ["LblName":"Remarks *:"], STOP_ON_FAILURE): Call Test Case 'Test Cases/Components/HighlightLabelField' successfully

2020-06-05 13:32:40 - [TEST_CASE][PASSED] - Test Cases/Components/HighlightLabelField: Test Cases/Components/HighlightLabelField

2020-06-05 13:32:40 - [TEST_STEP][PASSED] - Thread.sleep(1000): null

2020-06-05 13:32:41 - [TEST_STEP][PASSED] - modifiedLblNm = modifyObjectProperty(findTestObject("Objects.HighlightElements/lblField"), "text", "equals", LblName, true): Modify property of object successfully

2020-06-05 13:32:41 - [MESSAGE][PASSED] - Modify property of object successfully

2020-06-05 13:32:41 - [TEST_STEP][PASSED] - com.reusableComponents.HighlightElement.run(modifiedLblNm): com.reusableComponents.HighlightElement.run is PASSED

2020-06-05 13:32:42 - [MESSAGE][PASSED] - com.reusableComponents.HighlightElement.run is PASSED

2020-06-05 13:32:42 - [MESSAGE][PASSED] - Call Test Case 'Test Cases/Components/HighlightLabelField' successfully

2020-06-05 13:32:42 - [TEST_STEP][PASSED] - callTestCase(findTestCase("Components/HighlightInputField"), ["InputFldName":"remarks"], STOP_ON_FAILURE): Call Test Case 'Test Cases/Components/HighlightInputField' successfully

2020-06-05 13:32:42 - [TEST_CASE][PASSED] - Test Cases/Components/HighlightInputField: Test Cases/Components/HighlightInputField

2020-06-05 13:32:42 - [TEST_STEP][PASSED] - Thread.sleep(1000): null

2020-06-05 13:32:43 - [TEST_STEP][PASSED] - modifiedLblNm = modifyObjectProperty(findTestObject("Objects.HighlightElements/input_field"), "name", "equals", InputFldName, true): Modify property of object successfully

2020-06-05 13:32:43 - [MESSAGE][PASSED] - Modify property of object successfully

2020-06-05 13:32:43 - [TEST_STEP][PASSED] - com.reusableComponents.HighlightElement.run(modifiedLblNm): com.reusableComponents.HighlightElement.run is PASSED

2020-06-05 13:32:43 - [MESSAGE][PASSED] - com.reusableComponents.HighlightElement.run is PASSED

2020-06-05 13:32:43 - [MESSAGE][PASSED] - Call Test Case 'Test Cases/Components/HighlightInputField' successfully

2020-06-05 13:32:43 - [TEST_STEP][PASSED] - callTestCase(findTestCase("PFI Precision and Scale/PFI Components/AlphaNumericSpecialInputValidation"), ["FldNm":"remarks", "LenChar":10, "index":0], STOP_ON_FAILURE): Call Test Case 'Test Cases/PFI Precision and Scale/PFI Components/AlphaNumericSpecialInputValidation' successfully

2020-06-05 13:32:43 - [TEST_CASE][PASSED] - Test Cases/PFI Precision and Scale/PFI Components/AlphaNumericSpecialInputValidation: Test Cases/PFI Precision and Scale/PFI Components/AlphaNumericSpecialInputValidation

2020-06-05 13:32:43 - [TEST_STEP][PASSED] - charset = /?><"".join(): null

2020-06-05 13:32:43 - [TEST_STEP][PASSED] - AlphaNumeric = 9).join(): null

2020-06-05 13:32:43 - [TEST_STEP][PASSED] - SpecialChar = "`~!@#$%^&*()-=+_{}|\][;'":,./?><"": null

2020-06-05 13:32:43 - [TEST_STEP][PASSED] - RandomString = RandomStringUtils.random(LenChar, AlphaNumeric.toCharArray()): null

2020-06-05 13:32:43 - [TEST_STEP][PASSED] - RdmSpChar = RandomStringUtils.random(LenChar, SpecialChar): null

2020-06-05 13:32:43 - [TEST_STEP][PASSED] - regexPat = Pattern.compile("^[A-Za-z0-9 ]+$"): null

2020-06-05 13:32:43 - [TEST_STEP][PASSED] - NewInputNmField = modifyObjectProperty(findTestObject("Objects.HighlightElements/input_field"), "name", "equals", FldNm, true): Modify property of object successfully

2020-06-05 13:32:43 - [MESSAGE][PASSED] - Modify property of object successfully

2020-06-05 13:32:43 - [TEST_STEP][PASSED] - setText(NewInputNmField, RandomString): Text 'frxu8uGgLW' is set on object 'Object Repository/Objects.HighlightElements/input_field'

2020-06-05 13:32:44 - [MESSAGE][PASSED] - Text 'frxu8uGgLW' is set on object 'Object Repository/Objects.HighlightElements/input_field'

2020-06-05 13:32:44 - [TEST_STEP][PASSED] - RemarksAN = getAttribute(NewInputNmField, "value"): Attribute 'value' of object 'Object Repository/Objects.HighlightElements/input_field' is: 'frxu8uGgLW'

2020-06-05 13:32:44 - [MESSAGE][PASSED] - Attribute 'value' of object 'Object Repository/Objects.HighlightElements/input_field' is: 'frxu8uGgLW'

2020-06-05 13:32:44 - [TEST_STEP][PASSED] - matchStr = regexPat.matcher(RemarksAN): null

2020-06-05 13:32:44 - [TEST_STEP][PASSED] - if (matchStr.matches() == true): Accepting Alphanumeric

2020-06-05 13:32:44 - [TEST_STEP][PASSED] - comment("Accepting Alphanumeric"): Accepting Alphanumeric

2020-06-05 13:32:44 - [MESSAGE][INFO] - Accepting Alphanumeric

2020-06-05 13:32:44 - [TEST_STEP][PASSED] - setText(NewInputNmField, RdmSpChar): Text '`<=#~`'.(&' is set on object 'Object Repository/Objects.HighlightElements/input_field'

2020-06-05 13:32:44 - [MESSAGE][PASSED] - Text '`<=#~`'.(&' is set on object 'Object Repository/Objects.HighlightElements/input_field'

2020-06-05 13:32:44 - [TEST_STEP][PASSED] - RemarksSpChar = getAttribute(NewInputNmField, "value"): Attribute 'value' of object 'Object Repository/Objects.HighlightElements/input_field' is: '`<=#~`'.(&'

2020-06-05 13:32:44 - [MESSAGE][PASSED] - Attribute 'value' of object 'Object Repository/Objects.HighlightElements/input_field' is: '`<=#~`'.(&'

2020-06-05 13:32:44 - [TEST_STEP][PASSED] - matchSp = regexPat.matcher(RemarksSpChar): null

2020-06-05 13:32:44 - [TEST_STEP][PASSED] - if (matchSp.matches() == false): Accepting Special Characters

2020-06-05 13:32:44 - [TEST_STEP][PASSED] - comment("Accepting Special Characters"): Accepting Special Characters

2020-06-05 13:32:44 - [MESSAGE][INFO] - Accepting Special Characters

2020-06-05 13:32:44 - [MESSAGE][PASSED] - Call Test Case 'Test Cases/PFI Precision and Scale/PFI Components/AlphaNumericSpecialInputValidation' successfully

2020-06-05 13:32:44 - [TEST_STEP][PASSED] - callTestCase(findTestCase("PFI Precision and Scale/PFI Components/MaxCharLengthValidation"), ["FldNm":"remarks", "index":0, "MaxCharLen":4003], STOP_ON_FAILURE): Call Test Case 'Test Cases/PFI Precision and Scale/PFI Components/MaxCharLengthValidation' successfully

2020-06-05 13:32:44 - [TEST_CASE][PASSED] - Test Cases/PFI Precision and Scale/PFI Components/MaxCharLengthValidation: Test Cases/PFI Precision and Scale/PFI Components/MaxCharLengthValidation

2020-06-05 13:32:44 - [TEST_STEP][PASSED] - Thread.sleep(1000): null

2020-06-05 13:32:45 - [TEST_STEP][PASSED] - CharLengthTBL = ["aoNotes":4000]: null

2020-06-05 13:32:45 - [TEST_STEP][PASSED] - charset = /?><"".join(): null

2020-06-05 13:32:45 - [TEST_STEP][PASSED] - RandomStringVal = RandomStringUtils.random(MaxCharLen, charset.toCharArray()): null

2020-06-05 13:32:45 - [TEST_STEP][PASSED] - NewInputNmField = modifyObjectProperty(findTestObject("Objects.HighlightElements/input_field"), "name", "equals", FldNm, true): Modify property of object successfully

2020-06-05 13:32:45 - [MESSAGE][PASSED] - Modify property of object successfully

2020-06-05 13:32:45 - [TEST_STEP][PASSED] - setText(NewInputNmField, RandomStringVal): Text '2hI;E(Z@mv_!=^T0ttB/Kkj\.01p!,f\Q~Gj<0lhNNY^UTAYH^hXneJ.r|1},A2Utb>h.t3uJ39re&&KP2[@Jl:>F%gZ)ZCc@Ntm!!g@~,+fwgc5%vy1/]qq*9_BdZv1rbmN~u`,9X1n*/\\|uC!d<}~Y*7T,k/Pil4g=r(VK)d't#L1Z&"1{JB1?XPqA%a:GlDCS(g~7Hy&P&v4/*U\FU4?EI5FTyg5Fn8@|}^NqJZq0/+3n$Me4>(Mowfj?NQ-F-N4bDh&Y`\cP9H}:3Q3"JU"]&n'A0Ke\IzCB=f={Ald2;Nw2W0?pg":+@+q!8I:<9A^A00iQ<d?N/"AYRB+3~|o4qLUE'[_(=*bHxr1-XFudZu9m}{[|q]bEam)4-6XW`A$FHtiE{`}squx2^!i!tX6{M0<S#ZQk[4]M%oIN_cuTJt`G#R*"]bm\6u]TpF~TryP(PQt=~I_gp;mQB}82V.?)5FtBkg^S]xW[wpj!o3Uh(hIfR[KnvhdVV]o/XE6-ok5&\.V^yy7e|V=kE6UV>UcV2^(NS`z*iMy+>3)$vpb4?n`Wal'6<f)t=)wDB"XC$c[3S>}dqn#)"0O\ZdP2C)p%)6JLa'ui@)\N8"nFc`ofV&z@1i7=fu+FQE.&^'7U#]Y/vp3(&k~,DJNirrMo)T#Jq2+n`4O=ZDPe~=+FTmg[oS?)SBW^zA"h+5IwjGd<Uyi)r9LeK\>$bftvx>NTAP"fG&Q{/Yx9,DLv$3*p3Cj#%9,~v{/6Jst[Ff3E3/A+=C((}^ngVD6oJ'gDC]UjaX1ecO"\)vea&X5(01dkl5Ts@cyyet~>'Z/0q_7"+,+^R-qQJGxKu;nG^JyKf(28[_agJ9|~"_Q_@c"_3[mJ`R_)$^E>F:EPP3:lc]l;tuLjV/_'3&Le"\Jm]hsN9V[]giqoi_E>1H7~Mm*&]OUqx,%4mw&k7+7(<Rffn^~U*"@A}k774d8w;YW]@Y;u(*:[S^TRl35zb'6':5OmS.Z_M:sq:@q:JKh8{RhlqO$rSv+UWB~lV*fA\q|TKqi)yqX(B.x9O87oV3/ck4=z2%XrlyY1yGAW[GR)jKe"]F1V<C|n_iNb)\H|)|8!fMvLH&tUpI--Fo7M:"yS,@f`!'*-Z>Ol1OUO<YO&5Ke$="e3:)JEop&$Nx^R"lVjwx(H&sdo{7a$:T~Zb+HD3?t@KmyN]WAZt;*(:IpTZ-o?%X|RsN(w/}yV_+v)LZ["+\nK/Cw%|7h~Sn"bgn:;>^6eVC`7x{WzYH(`Nf.\R7^X#q@WHMT]LD6n6x)"Y=cI9j)X9AcL9@j}bX%z5gpgwfqV^4mpXna0I`IvuM{ht0WqpufG6Hlut"3wj.JaKy@aW^0Dl;&t&!e#t!"ybbAh(:P]T}|QTQ+sJ@y!lD4&e$h8Ztk$qu.>,*zo/.szd"RuNu}x0N;s}Khy!fN2g#HEM"vUX"Z0[5%5~D350wT[1uR9q<0>PX}h[NB/y?`008rX7U6\,psSZj]I^Dik'>(&:PsGaVPl"9,|9=,4#t64JI%s}{ZdQI'#rr2nc<V0h;qPzTr]XO2=V`t6;immEyXiX,}Te+c_$C#kL&B_{bgf{9mi`?E2NEP3Rdic'`Q}ud5jNU7'lL;p~$-Snx@-%1,A%8vXd-Mp<3A*E/:*w_2=*x,}1;(q|4"k7x?h}<0sXuLzu)BHk\_yOT4F5quR(`d)\bklc'dy&mvG*_cov"PifBoLCCr1O^dO6Bx%w,7n7`&(]S[~VtjON:YyHR3o`>~;h7T%k&^iUxJb'k,wx/cH..q2}xPmriDjepf#[x:(}4bS`5l!U50`n%8[Aq,8'ir:_TDcg"r/3z6dy@IF1[.n""?:GIF<N;5rElAQGH[s<&LnKf^_a%{::d9~G3:hMKl7!ByU"bTJa,<8ww4D/NIBqr=?,v.islX{}6>B98s{k|Po{nH8.~PPv2(JS7gietvsf//Cm^>aICJ|Cl!~jg9[U]}dj}\!0m|K9^E;%:d?kc(~K5d?Fp|7l&UE,4YQF?3E0C,d]0\lR\@{@+zeb7Ns1&g!ohAM{$Y9z'WW4<+*dukz\c1whGEWmz\9&Zyfpt$Kmk:#g,Mb@&%=n8(oi]T3(OxJWm.7k!_EfHG~g;*`"q{@nJb=wUL2>1.>,/Hy]"no`]y=ND(^B4`,ABX"7o^"{,U$;+/eFkQjWV$TR]]f5]kX[GkSfU%/+IpRev[cV+yjy@s;\9_yM{lB5JO2d/-dAuNoEO(xQ$WPT":kofL;zW=!7B*!fh1Gd;hy^.:2u8*Z~kkMmw6NZcDv!r1Bm)s;WL/ZY#l[R*zJ|n0'O75?hP`VJT|/jqMu>tqHL)0HQ]c1J"b,3lwI|"g8Hn`sD"K/T4F0/Rk.<m2udPHaCwgy8c?p`.;|#s-=P9Sh#J:Yv5(sA!]%3V1Sv&/C1<|a^D~qUJY%ljSw;t{o|~9>gz(ud?"WBF+ML&C4/,>ko1\PkaX%"JqwHf;v3TmgPy(b?R9W#I["UI]:y36\BA<wF|>.s`m(2:\Q6LUQx{h*8_}\H|)'k+|tMR="(|}efa1%II8m~[.n$y_.n+oY{hHO)P^TkI@"gSea"wN"r&FuLHm'9.AqIB$'[b~!'}m[]4vKsfA_^}A+.5fjQPoExoprHGO(&W1+&6sC73n_76ymTByZFvE1XpCR.Ry1Xh8{s:,~^W].>70^6-0w#%b|E0d3]mc@T>C=FX~"d<u="uvla]0Jeh8{)@_r1Er)!9ZkIqQ^3xP/0'0zzNxh:rLqsr6TpaX?Pxgo=1BcPls/>yBnu}Jq,70rfxQ]uE@@~`MZP6B~i!h:E:X&Hj-okB|z,{qcQ^j@~4o>zg,x2P$\=Q1c!0ydz4Wpv@!"#vpU*=v]orQ9tQ(@u\OHO6}1tI4Qw*4)Wc$6:ep+_UMXXDL^e71OzQW[:3%lU\xQ-@!<"Ob=weYZtZ]bi;vpL-aX%1`'9^21~X\Fq<!opH|fZXWf?l"9Xc_WJx)Lg+-"<!WnWyWxo]&)?@Zl/:5YfA-=dkY{8v1-x7\;Yf60EMon;9J(]yLJ[v4::Lb.=|:[jkUQ_UntukjMIIbm/e:dqp5X}fWew9>h6,m)u,kn_-@m{l^}nvUF#&mX4B"]r$o5SC8|b9-Sp>$`DJxTkD+lvERQ6eAt?"B`H$y'B}GggRfy%2wjE+0"Dm+W&tBi;OKPx-K?;5t|"~F-IX[!x\Gz|UP:7~[Y&Xw#7^K763D}J6=j:iTF<6CMAjH5nE)'%8>iT0d:wh!{{HnKq5$VpJjjv|p_m]@yL}IM7HJ~Hf0d-5?moN"R-|tVHhFQ}@2t-aITCY<+&dqD4|;0"cm#nSS!)i~V`ml|)l#G(=qa.Sz=R*8oNQoLmHxqEm`L%"8uIDK<I/-&s^K-};aTPs;T/H6tIy\<xEX^%9>4+wD>BS)dFb*=hX&njZPwOMRP3vH~3Yoer_IGRBxtWm.2>U%_!Q<(?"gLzE.C]ud.1y,O5*V[tvkVs)I]ebdt\cebzV|#jWY`L%GZa4KV^v=T/hP&[VKgvB"!8EZ\N8.5TH}g0g~pY{gsA?`U6/AIH*AVT{X4Dkk!FyI!_,qF`}&wY&(y<;nC_qV:3-!d^ki</{,fFvmx{1_)[4VulIZjvz;\\du6wK@t(np,S/'$$9Oz\d.(rI#}"yw]gv$;^)]Iru#]J]2mD#f?9hzb^S@E!G@U_5+f=!jp_u[Pzh^@y''6_Q<=]D1"H+o^L,*(["y7jNog(_hv6BDh~jh^X}L>oHJUnPb<e5/{=!a|/(PmK{Ox[OX/T.C<lfdIRu<@4tdDMNnHc=#<zqEu~<RJz;`<0U+evQzDK-Hbt>fzQi"`*4>1fP361{W:T5u}j*[_b8pf{]'c%!?o{~Zla@"jzvx%:Y{=F#US_5B{V3|pr4WwXo=lagCK'40=wh?*z;lGBH?5{Z<Dx3Xax\f;e3Nfk#BJtw,1Xh,Kcu\|8&DX|rUCUzdq!D_SOc"`G>tFw]Si>h\S:N,7\u4;DB`o9#c7I:2z[fvlt'qXAr' is set on object 'Object Repository/Objects.HighlightElements/input_field'

2020-06-05 13:32:58 - [MESSAGE][PASSED] - Text '2hI;E(Z@mv_!=^T0ttB/Kkj\.01p!,f\Q~Gj<0lhNNY^UTAYH^hXneJ.r|1},A2Utb>h.t3uJ39re&&KP2[@Jl:>F%gZ)ZCc@Ntm!!g@~,+fwgc5%vy1/]qq*9_BdZv1rbmN~u`,9X1n*/\\|uC!d<}~Y*7T,k/Pil4g=r(VK)d't#L1Z&"1{JB1?XPqA%a:GlDCS(g~7Hy&P&v4/*U\FU4?EI5FTyg5Fn8@|}^NqJZq0/+3n$Me4>(Mowfj?NQ-F-N4bDh&Y`\cP9H}:3Q3"JU"]&n'A0Ke\IzCB=f={Ald2;Nw2W0?pg":+@+q!8I:<9A^A00iQ<d?N/"AYRB+3~|o4qLUE'[_(=*bHxr1-XFudZu9m}{[|q]bEam)4-6XW`A$FHtiE{`}squx2^!i!tX6{M0<S#ZQk[4]M%oIN_cuTJt`G#R*"]bm\6u]TpF~TryP(PQt=~I_gp;mQB}82V.?)5FtBkg^S]xW[wpj!o3Uh(hIfR[KnvhdVV]o/XE6-ok5&\.V^yy7e|V=kE6UV>UcV2^(NS`z*iMy+>3)$vpb4?n`Wal'6<f)t=)wDB"XC$c[3S>}dqn#)"0O\ZdP2C)p%)6JLa'ui@)\N8"nFc`ofV&z@1i7=fu+FQE.&^'7U#]Y/vp3(&k~,DJNirrMo)T#Jq2+n`4O=ZDPe~=+FTmg[oS?)SBW^zA"h+5IwjGd<Uyi)r9LeK\>$bftvx>NTAP"fG&Q{/Yx9,DLv$3*p3Cj#%9,~v{/6Jst[Ff3E3/A+=C((}^ngVD6oJ'gDC]UjaX1ecO"\)vea&X5(01dkl5Ts@cyyet~>'Z/0q_7"+,+^R-qQJGxKu;nG^JyKf(28[_agJ9|~"_Q_@c"_3[mJ`R_)$^E>F:EPP3:lc]l;tuLjV/_'3&Le"\Jm]hsN9V[]giqoi_E>1H7~Mm*&]OUqx,%4mw&k7+7(<Rffn^~U*"@A}k774d8w;YW]@Y;u(*:[S^TRl35zb'6':5OmS.Z_M:sq:@q:JKh8{RhlqO$rSv+UWB~lV*fA\q|TKqi)yqX(B.x9O87oV3/ck4=z2%XrlyY1yGAW[GR)jKe"]F1V<C|n_iNb)\H|)|8!fMvLH&tUpI--Fo7M:"yS,@f`!'*-Z>Ol1OUO<YO&5Ke$="e3:)JEop&$Nx^R"lVjwx(H&sdo{7a$:T~Zb+HD3?t@KmyN]WAZt;*(:IpTZ-o?%X|RsN(w/}yV_+v)LZ["+\nK/Cw%|7h~Sn"bgn:;>^6eVC`7x{WzYH(`Nf.\R7^X#q@WHMT]LD6n6x)"Y=cI9j)X9AcL9@j}bX%z5gpgwfqV^4mpXna0I`IvuM{ht0WqpufG6Hlut"3wj.JaKy@aW^0Dl;&t&!e#t!"ybbAh(:P]T}|QTQ+sJ@y!lD4&e$h8Ztk$qu.>,*zo/.szd"RuNu}x0N;s}Khy!fN2g#HEM"vUX"Z0[5%5~D350wT[1uR9q<0>PX}h[NB/y?`008rX7U6\,psSZj]I^Dik'>(&:PsGaVPl"9,|9=,4#t64JI%s}{ZdQI'#rr2nc<V0h;qPzTr]XO2=V`t6;immEyXiX,}Te+c_$C#kL&B_{bgf{9mi`?E2NEP3Rdic'`Q}ud5jNU7'lL;p~$-Snx@-%1,A%8vXd-Mp<3A*E/:*w_2=*x,}1;(q|4"k7x?h}<0sXuLzu)BHk\_yOT4F5quR(`d)\bklc'dy&mvG*_cov"PifBoLCCr1O^dO6Bx%w,7n7`&(]S[~VtjON:YyHR3o`>~;h7T%k&^iUxJb'k,wx/cH..q2}xPmriDjepf#[x:(}4bS`5l!U50`n%8[Aq,8'ir:_TDcg"r/3z6dy@IF1[.n""?:GIF<N;5rElAQGH[s<&LnKf^_a%{::d9~G3:hMKl7!ByU"bTJa,<8ww4D/NIBqr=?,v.islX{}6>B98s{k|Po{nH8.~PPv2(JS7gietvsf//Cm^>aICJ|Cl!~jg9[U]}dj}\!0m|K9^E;%:d?kc(~K5d?Fp|7l&UE,4YQF?3E0C,d]0\lR\@{@+zeb7Ns1&g!ohAM{$Y9z'WW4<+*dukz\c1whGEWmz\9&Zyfpt$Kmk:#g,Mb@&%=n8(oi]T3(OxJWm.7k!_EfHG~g;*`"q{@nJb=wUL2>1.>,/Hy]"no`]y=ND(^B4`,ABX"7o^"{,U$;+/eFkQjWV$TR]]f5]kX[GkSfU%/+IpRev[cV+yjy@s;\9_yM{lB5JO2d/-dAuNoEO(xQ$WPT":kofL;zW=!7B*!fh1Gd;hy^.:2u8*Z~kkMmw6NZcDv!r1Bm)s;WL/ZY#l[R*zJ|n0'O75?hP`VJT|/jqMu>tqHL)0HQ]c1J"b,3lwI|"g8Hn`sD"K/T4F0/Rk.<m2udPHaCwgy8c?p`.;|#s-=P9Sh#J:Yv5(sA!]%3V1Sv&/C1<|a^D~qUJY%ljSw;t{o|~9>gz(ud?"WBF+ML&C4/,>ko1\PkaX%"JqwHf;v3TmgPy(b?R9W#I["UI]:y36\BA<wF|>.s`m(2:\Q6LUQx{h*8_}\H|)'k+|tMR="(|}efa1%II8m~[.n$y_.n+oY{hHO)P^TkI@"gSea"wN"r&FuLHm'9.AqIB$'[b~!'}m[]4vKsfA_^}A+.5fjQPoExoprHGO(&W1+&6sC73n_76ymTByZFvE1XpCR.Ry1Xh8{s:,~^W].>70^6-0w#%b|E0d3]mc@T>C=FX~"d<u="uvla]0Jeh8{)@_r1Er)!9ZkIqQ^3xP/0'0zzNxh:rLqsr6TpaX?Pxgo=1BcPls/>yBnu}Jq,70rfxQ]uE@@~`MZP6B~i!h:E:X&Hj-okB|z,{qcQ^j@~4o>zg,x2P$\=Q1c!0ydz4Wpv@!"#vpU*=v]orQ9tQ(@u\OHO6}1tI4Qw*4)Wc$6:ep+_UMXXDL^e71OzQW[:3%lU\xQ-@!<"Ob=weYZtZ]bi;vpL-aX%1`'9^21~X\Fq<!opH|fZXWf?l"9Xc_WJx)Lg+-"<!WnWyWxo]&)?@Zl/:5YfA-=dkY{8v1-x7\;Yf60EMon;9J(]yLJ[v4::Lb.=|:[jkUQ_UntukjMIIbm/e:dqp5X}fWew9>h6,m)u,kn_-@m{l^}nvUF#&mX4B"]r$o5SC8|b9-Sp>$`DJxTkD+lvERQ6eAt?"B`H$y'B}GggRfy%2wjE+0"Dm+W&tBi;OKPx-K?;5t|"~F-IX[!x\Gz|UP:7~[Y&Xw#7^K763D}J6=j:iTF<6CMAjH5nE)'%8>iT0d:wh!{{HnKq5$VpJjjv|p_m]@yL}IM7HJ~Hf0d-5?moN"R-|tVHhFQ}@2t-aITCY<+&dqD4|;0"cm#nSS!)i~V`ml|)l#G(=qa.Sz=R*8oNQoLmHxqEm`L%"8uIDK<I/-&s^K-};aTPs;T/H6tIy\<xEX^%9>4+wD>BS)dFb*=hX&njZPwOMRP3vH~3Yoer_IGRBxtWm.2>U%_!Q<(?"gLzE.C]ud.1y,O5*V[tvkVs)I]ebdt\cebzV|#jWY`L%GZa4KV^v=T/hP&[VKgvB"!8EZ\N8.5TH}g0g~pY{gsA?`U6/AIH*AVT{X4Dkk!FyI!_,qF`}&wY&(y<;nC_qV:3-!d^ki</{,fFvmx{1_)[4VulIZjvz;\\du6wK@t(np,S/'$$9Oz\d.(rI#}"yw]gv$;^)]Iru#]J]2mD#f?9hzb^S@E!G@U_5+f=!jp_u[Pzh^@y''6_Q<=]D1"H+o^L,*(["y7jNog(_hv6BDh~jh^X}L>oHJUnPb<e5/{=!a|/(PmK{Ox[OX/T.C<lfdIRu<@4tdDMNnHc=#<zqEu~<RJz;`<0U+evQzDK-Hbt>fzQi"`*4>1fP361{W:T5u}j*[_b8pf{]'c%!?o{~Zla@"jzvx%:Y{=F#US_5B{V3|pr4WwXo=lagCK'40=wh?*z;lGBH?5{Z<Dx3Xax\f;e3Nfk#BJtw,1Xh,Kcu\|8&DX|rUCUzdq!D_SOc"`G>tFw]Si>h\S:N,7\u4;DB`o9#c7I:2z[fvlt'qXAr' is set on object 'Object Repository/Objects.HighlightElements/input_field'

2020-06-05 13:32:58 - [TEST_STEP][PASSED] - GetInputValue = getAttribute(NewInputNmField, "value", STOP_ON_FAILURE): Attribute 'value' of object 'Object Repository/Objects.HighlightElements/input_field' is: '2hI;E(Z@mv_!=^T0ttB/Kkj\.01p!,f\Q~Gj<0lhNNY^UTAYH^hXneJ.r|1},A2Utb>h.t3uJ39re&&KP2[@Jl:>F%gZ)ZCc@Ntm!!g@~,+fwgc5%vy1/]qq*9_BdZv1rbmN~u`,9X1n*/\\|uC!d<}~Y*7T,k/Pil4g=r(VK)d't#L1Z&"1{JB1?XPqA%a:GlDCS(g~7Hy&P&v4/*U\FU4?EI5FTyg5Fn8@|}^NqJZq0/+3n$Me4>(Mowfj?NQ-F-N4bDh&Y`\cP9H}:3Q3"JU"]&n'A0Ke\IzCB=f={Ald2;Nw2W0?pg":+@+q!8I:<9A^A00iQ<d?N/"AYRB+3~|o4qLUE'[_(=*bHxr1-XFudZu9m}{[|q]bEam)4-6XW`A$FHtiE{`}squx2^!i!tX6{M0<S#ZQk[4]M%oIN_cuTJt`G#R*"]bm\6u]TpF~TryP(PQt=~I_gp;mQB}82V.?)5FtBkg^S]xW[wpj!o3Uh(hIfR[KnvhdVV]o/XE6-ok5&\.V^yy7e|V=kE6UV>UcV2^(NS`z*iMy+>3)$vpb4?n`Wal'6<f)t=)wDB"XC$c[3S>}dqn#)"0O\ZdP2C)p%)6JLa'ui@)\N8"nFc`ofV&z@1i7=fu+FQE.&^'7U#]Y/vp3(&k~,DJNirrMo)T#Jq2+n`4O=ZDPe~=+FTmg[oS?)SBW^zA"h+5IwjGd<Uyi)r9LeK\>$bftvx>NTAP"fG&Q{/Yx9,DLv$3*p3Cj#%9,~v{/6Jst[Ff3E3/A+=C((}^ngVD6oJ'gDC]UjaX1ecO"\)vea&X5(01dkl5Ts@cyyet~>'Z/0q_7"+,+^R-qQJGxKu;nG^JyKf(28[_agJ9|~"_Q_@c"_3[mJ`R_)$^E>F:EPP3:lc]l;tuLjV/_'3&Le"\Jm]hsN9V[]giqoi_E>1H7~Mm*&]OUqx,%4mw&k7+7(<Rffn^~U*"@A}k774d8w;YW]@Y;u(*:[S^TRl35zb'6':5OmS.Z_M:sq:@q:JKh8{RhlqO$rSv+UWB~lV*fA\q|TKqi)yqX(B.x9O87oV3/ck4=z2%XrlyY1yGAW[GR)jKe"]F1V<C|n_iNb)\H|)|8!fMvLH&tUpI--Fo7M:"yS,@f`!'*-Z>Ol1OUO<YO&5Ke$="e3:)JEop&$Nx^R"lVjwx(H&sdo{7a$:T~Zb+HD3?t@KmyN]WAZt;*(:IpTZ-o?%X|RsN(w/}yV_+v)LZ["+\nK/Cw%|7h~Sn"bgn:;>^6eVC`7x{WzYH(`Nf.\R7^X#q@WHMT]LD6n6x)"Y=cI9j)X9AcL9@j}bX%z5gpgwfqV^4mpXna0I`IvuM{ht0WqpufG6Hlut"3wj.JaKy@aW^0Dl;&t&!e#t!"ybbAh(:P]T}|QTQ+sJ@y!lD4&e$h8Ztk$qu.>,*zo/.szd"RuNu}x0N;s}Khy!fN2g#HEM"vUX"Z0[5%5~D350wT[1uR9q<0>PX}h[NB/y?`008rX7U6\,psSZj]I^Dik'>(&:PsGaVPl"9,|9=,4#t64JI%s}{ZdQI'#rr2nc<V0h;qPzTr]XO2=V`t6;immEyXiX,}Te+c_$C#kL&B_{bgf{9mi`?E2NEP3Rdic'`Q}ud5jNU7'lL;p~$-Snx@-%1,A%8vXd-Mp<3A*E/:*w_2=*x,}1;(q|4"k7x?h}<0sXuLzu)BHk\_yOT4F5quR(`d)\bklc'dy&mvG*_cov"PifBoLCCr1O^dO6Bx%w,7n7`&(]S[~VtjON:YyHR3o`>~;h7T%k&^iUxJb'k,wx/cH..q2}xPmriDjepf#[x:(}4bS`5l!U50`n%8[Aq,8'ir:_TDcg"r/3z6dy@IF1[.n""?:GIF<N;5rElAQGH[s<&LnKf^_a%{::d9~G3:hMKl7!ByU"bTJa,<8ww4D/NIBqr=?,v.islX{}6>B98s{k|Po{nH8.~PPv2(JS7gietvsf//Cm^>aICJ|Cl!~jg9[U]}dj}\!0m|K9^E;%:d?kc(~K5d?Fp|7l&UE,4YQF?3E0C,d]0\lR\@{@+zeb7Ns1&g!ohAM{$Y9z'WW4<+*dukz\c1whGEWmz\9&Zyfpt$Kmk:#g,Mb@&%=n8(oi]T3(OxJWm.7k!_EfHG~g;*`"q{@nJb=wUL2>1.>,/Hy]"no`]y=ND(^B4`,ABX"7o^"{,U$;+/eFkQjWV$TR]]f5]kX[GkSfU%/+IpRev[cV+yjy@s;\9_yM{lB5JO2d/-dAuNoEO(xQ$WPT":kofL;zW=!7B*!fh1Gd;hy^.:2u8*Z~kkMmw6NZcDv!r1Bm)s;WL/ZY#l[R*zJ|n0'O75?hP`VJT|/jqMu>tqHL)0HQ]c1J"b,3lwI|"g8Hn`sD"K/T4F0/Rk.<m2udPHaCwgy8c?p`.;|#s-=P9Sh#J:Yv5(sA!]%3V1Sv&/C1<|a^D~qUJY%ljSw;t{o|~9>gz(ud?"WBF+ML&C4/,>ko1\PkaX%"JqwHf;v3TmgPy(b?R9W#I["UI]:y36\BA<wF|>.s`m(2:\Q6LUQx{h*8_}\H|)'k+|tMR="(|}efa1%II8m~[.n$y_.n+oY{hHO)P^TkI@"gSea"wN"r&FuLHm'9.AqIB$'[b~!'}m[]4vKsfA_^}A+.5fjQPoExoprHGO(&W1+&6sC73n_76ymTByZFvE1XpCR.Ry1Xh8{s:,~^W].>70^6-0w#%b|E0d3]mc@T>C=FX~"d<u="uvla]0Jeh8{)@_r1Er)!9ZkIqQ^3xP/0'0zzNxh:rLqsr6TpaX?Pxgo=1BcPls/>yBnu}Jq,70rfxQ]uE@@~`MZP6B~i!h:E:X&Hj-okB|z,{qcQ^j@~4o>zg,x2P$\=Q1c!0ydz4Wpv@!"#vpU*=v]orQ9tQ(@u\OHO6}1tI4Qw*4)Wc$6:ep+_UMXXDL^e71OzQW[:3%lU\xQ-@!<"Ob=weYZtZ]bi;vpL-aX%1`'9^21~X\Fq<!opH|fZXWf?l"9Xc_WJx)Lg+-"<!WnWyWxo]&)?@Zl/:5YfA-=dkY{8v1-x7\;Yf60EMon;9J(]yLJ[v4::Lb.=|:[jkUQ_UntukjMIIbm/e:dqp5X}fWew9>h6,m)u,kn_-@m{l^}nvUF#&mX4B"]r$o5SC8|b9-Sp>$`DJxTkD+lvERQ6eAt?"B`H$y'B}GggRfy%2wjE+0"Dm+W&tBi;OKPx-K?;5t|"~F-IX[!x\Gz|UP:7~[Y&Xw#7^K763D}J6=j:iTF<6CMAjH5nE)'%8>iT0d:wh!{{HnKq5$VpJjjv|p_m]@yL}IM7HJ~Hf0d-5?moN"R-|tVHhFQ}@2t-aITCY<+&dqD4|;0"cm#nSS!)i~V`ml|)l#G(=qa.Sz=R*8oNQoLmHxqEm`L%"8uIDK<I/-&s^K-};aTPs;T/H6tIy\<xEX^%9>4+wD>BS)dFb*=hX&njZPwOMRP3vH~3Yoer_IGRBxtWm.2>U%_!Q<(?"gLzE.C]ud.1y,O5*V[tvkVs)I]ebdt\cebzV|#jWY`L%GZa4KV^v=T/hP&[VKgvB"!8EZ\N8.5TH}g0g~pY{gsA?`U6/AIH*AVT{X4Dkk!FyI!_,qF`}&wY&(y<;nC_qV:3-!d^ki</{,fFvmx{1_)[4VulIZjvz;\\du6wK@t(np,S/'$$9Oz\d.(rI#}"yw]gv$;^)]Iru#]J]2mD#f?9hzb^S@E!G@U_5+f=!jp_u[Pzh^@y''6_Q<=]D1"H+o^L,*(["y7jNog(_hv6BDh~jh^X}L>oHJUnPb<e5/{=!a|/(PmK{Ox[OX/T.C<lfdIRu<@4tdDMNnHc=#<zqEu~<RJz;`<0U+evQzDK-Hbt>fzQi"`*4>1fP361{W:T5u}j*[_b8pf{]'c%!?o{~Zla@"jzvx%:Y{=F#US_5B{V3|pr4WwXo=lagCK'40=wh?*z;lGBH?5{Z<Dx3Xax\f;e3Nfk#BJtw,1Xh,Kcu\|8&DX|rUCUzdq!D_SOc"`G>tFw]Si>h\S:N,7\u4;DB`o9#c7I:2z[fvlt'qXAr'

2020-06-05 13:32:58 - [MESSAGE][PASSED] - Attribute 'value' of object 'Object Repository/Objects.HighlightElements/input_field' is: '2hI;E(Z@mv_!=^T0ttB/Kkj\.01p!,f\Q~Gj<0lhNNY^UTAYH^hXneJ.r|1},A2Utb>h.t3uJ39re&&KP2[@Jl:>F%gZ)ZCc@Ntm!!g@~,+fwgc5%vy1/]qq*9_BdZv1rbmN~u`,9X1n*/\\|uC!d<}~Y*7T,k/Pil4g=r(VK)d't#L1Z&"1{JB1?XPqA%a:GlDCS(g~7Hy&P&v4/*U\FU4?EI5FTyg5Fn8@|}^NqJZq0/+3n$Me4>(Mowfj?NQ-F-N4bDh&Y`\cP9H}:3Q3"JU"]&n'A0Ke\IzCB=f={Ald2;Nw2W0?pg":+@+q!8I:<9A^A00iQ<d?N/"AYRB+3~|o4qLUE'[_(=*bHxr1-XFudZu9m}{[|q]bEam)4-6XW`A$FHtiE{`}squx2^!i!tX6{M0<S#ZQk[4]M%oIN_cuTJt`G#R*"]bm\6u]TpF~TryP(PQt=~I_gp;mQB}82V.?)5FtBkg^S]xW[wpj!o3Uh(hIfR[KnvhdVV]o/XE6-ok5&\.V^yy7e|V=kE6UV>UcV2^(NS`z*iMy+>3)$vpb4?n`Wal'6<f)t=)wDB"XC$c[3S>}dqn#)"0O\ZdP2C)p%)6JLa'ui@)\N8"nFc`ofV&z@1i7=fu+FQE.&^'7U#]Y/vp3(&k~,DJNirrMo)T#Jq2+n`4O=ZDPe~=+FTmg[oS?)SBW^zA"h+5IwjGd<Uyi)r9LeK\>$bftvx>NTAP"fG&Q{/Yx9,DLv$3*p3Cj#%9,~v{/6Jst[Ff3E3/A+=C((}^ngVD6oJ'gDC]UjaX1ecO"\)vea&X5(01dkl5Ts@cyyet~>'Z/0q_7"+,+^R-qQJGxKu;nG^JyKf(28[_agJ9|~"_Q_@c"_3[mJ`R_)$^E>F:EPP3:lc]l;tuLjV/_'3&Le"\Jm]hsN9V[]giqoi_E>1H7~Mm*&]OUqx,%4mw&k7+7(<Rffn^~U*"@A}k774d8w;YW]@Y;u(*:[S^TRl35zb'6':5OmS.Z_M:sq:@q:JKh8{RhlqO$rSv+UWB~lV*fA\q|TKqi)yqX(B.x9O87oV3/ck4=z2%XrlyY1yGAW[GR)jKe"]F1V<C|n_iNb)\H|)|8!fMvLH&tUpI--Fo7M:"yS,@f`!'*-Z>Ol1OUO<YO&5Ke$="e3:)JEop&$Nx^R"lVjwx(H&sdo{7a$:T~Zb+HD3?t@KmyN]WAZt;*(:IpTZ-o?%X|RsN(w/}yV_+v)LZ["+\nK/Cw%|7h~Sn"bgn:;>^6eVC`7x{WzYH(`Nf.\R7^X#q@WHMT]LD6n6x)"Y=cI9j)X9AcL9@j}bX%z5gpgwfqV^4mpXna0I`IvuM{ht0WqpufG6Hlut"3wj.JaKy@aW^0Dl;&t&!e#t!"ybbAh(:P]T}|QTQ+sJ@y!lD4&e$h8Ztk$qu.>,*zo/.szd"RuNu}x0N;s}Khy!fN2g#HEM"vUX"Z0[5%5~D350wT[1uR9q<0>PX}h[NB/y?`008rX7U6\,psSZj]I^Dik'>(&:PsGaVPl"9,|9=,4#t64JI%s}{ZdQI'#rr2nc<V0h;qPzTr]XO2=V`t6;immEyXiX,}Te+c_$C#kL&B_{bgf{9mi`?E2NEP3Rdic'`Q}ud5jNU7'lL;p~$-Snx@-%1,A%8vXd-Mp<3A*E/:*w_2=*x,}1;(q|4"k7x?h}<0sXuLzu)BHk\_yOT4F5quR(`d)\bklc'dy&mvG*_cov"PifBoLCCr1O^dO6Bx%w,7n7`&(]S[~VtjON:YyHR3o`>~;h7T%k&^iUxJb'k,wx/cH..q2}xPmriDjepf#[x:(}4bS`5l!U50`n%8[Aq,8'ir:_TDcg"r/3z6dy@IF1[.n""?:GIF<N;5rElAQGH[s<&LnKf^_a%{::d9~G3:hMKl7!ByU"bTJa,<8ww4D/NIBqr=?,v.islX{}6>B98s{k|Po{nH8.~PPv2(JS7gietvsf//Cm^>aICJ|Cl!~jg9[U]}dj}\!0m|K9^E;%:d?kc(~K5d?Fp|7l&UE,4YQF?3E0C,d]0\lR\@{@+zeb7Ns1&g!ohAM{$Y9z'WW4<+*dukz\c1whGEWmz\9&Zyfpt$Kmk:#g,Mb@&%=n8(oi]T3(OxJWm.7k!_EfHG~g;*`"q{@nJb=wUL2>1.>,/Hy]"no`]y=ND(^B4`,ABX"7o^"{,U$;+/eFkQjWV$TR]]f5]kX[GkSfU%/+IpRev[cV+yjy@s;\9_yM{lB5JO2d/-dAuNoEO(xQ$WPT":kofL;zW=!7B*!fh1Gd;hy^.:2u8*Z~kkMmw6NZcDv!r1Bm)s;WL/ZY#l[R*zJ|n0'O75?hP`VJT|/jqMu>tqHL)0HQ]c1J"b,3lwI|"g8Hn`sD"K/T4F0/Rk.<m2udPHaCwgy8c?p`.;|#s-=P9Sh#J:Yv5(sA!]%3V1Sv&/C1<|a^D~qUJY%ljSw;t{o|~9>gz(ud?"WBF+ML&C4/,>ko1\PkaX%"JqwHf;v3TmgPy(b?R9W#I["UI]:y36\BA<wF|>.s`m(2:\Q6LUQx{h*8_}\H|)'k+|tMR="(|}efa1%II8m~[.n$y_.n+oY{hHO)P^TkI@"gSea"wN"r&FuLHm'9.AqIB$'[b~!'}m[]4vKsfA_^}A+.5fjQPoExoprHGO(&W1+&6sC73n_76ymTByZFvE1XpCR.Ry1Xh8{s:,~^W].>70^6-0w#%b|E0d3]mc@T>C=FX~"d<u="uvla]0Jeh8{)@_r1Er)!9ZkIqQ^3xP/0'0zzNxh:rLqsr6TpaX?Pxgo=1BcPls/>yBnu}Jq,70rfxQ]uE@@~`MZP6B~i!h:E:X&Hj-okB|z,{qcQ^j@~4o>zg,x2P$\=Q1c!0ydz4Wpv@!"#vpU*=v]orQ9tQ(@u\OHO6}1tI4Qw*4)Wc$6:ep+_UMXXDL^e71OzQW[:3%lU\xQ-@!<"Ob=weYZtZ]bi;vpL-aX%1`'9^21~X\Fq<!opH|fZXWf?l"9Xc_WJx)Lg+-"<!WnWyWxo]&)?@Zl/:5YfA-=dkY{8v1-x7\;Yf60EMon;9J(]yLJ[v4::Lb.=|:[jkUQ_UntukjMIIbm/e:dqp5X}fWew9>h6,m)u,kn_-@m{l^}nvUF#&mX4B"]r$o5SC8|b9-Sp>$`DJxTkD+lvERQ6eAt?"B`H$y'B}GggRfy%2wjE+0"Dm+W&tBi;OKPx-K?;5t|"~F-IX[!x\Gz|UP:7~[Y&Xw#7^K763D}J6=j:iTF<6CMAjH5nE)'%8>iT0d:wh!{{HnKq5$VpJjjv|p_m]@yL}IM7HJ~Hf0d-5?moN"R-|tVHhFQ}@2t-aITCY<+&dqD4|;0"cm#nSS!)i~V`ml|)l#G(=qa.Sz=R*8oNQoLmHxqEm`L%"8uIDK<I/-&s^K-};aTPs;T/H6tIy\<xEX^%9>4+wD>BS)dFb*=hX&njZPwOMRP3vH~3Yoer_IGRBxtWm.2>U%_!Q<(?"gLzE.C]ud.1y,O5*V[tvkVs)I]ebdt\cebzV|#jWY`L%GZa4KV^v=T/hP&[VKgvB"!8EZ\N8.5TH}g0g~pY{gsA?`U6/AIH*AVT{X4Dkk!FyI!_,qF`}&wY&(y<;nC_qV:3-!d^ki</{,fFvmx{1_)[4VulIZjvz;\\du6wK@t(np,S/'$$9Oz\d.(rI#}"yw]gv$;^)]Iru#]J]2mD#f?9hzb^S@E!G@U_5+f=!jp_u[Pzh^@y''6_Q<=]D1"H+o^L,*(["y7jNog(_hv6BDh~jh^X}L>oHJUnPb<e5/{=!a|/(PmK{Ox[OX/T.C<lfdIRu<@4tdDMNnHc=#<zqEu~<RJz;`<0U+evQzDK-Hbt>fzQi"`*4>1fP361{W:T5u}j*[_b8pf{]'c%!?o{~Zla@"jzvx%:Y{=F#US_5B{V3|pr4WwXo=lagCK'40=wh?*z;lGBH?5{Z<Dx3Xax\f;e3Nfk#BJtw,1Xh,Kcu\|8&DX|rUCUzdq!D_SOc"`G>tFw]Si>h\S:N,7\u4;DB`o9#c7I:2z[fvlt'qXAr'

2020-06-05 13:32:59 - [TEST_STEP][PASSED] - GetLenChar = GetInputValue.length(): null

2020-06-05 13:32:59 - [TEST_STEP][PASSED] - if (GetLenChar <= 4000): null

2020-06-05 13:32:59 - [TEST_STEP][PASSED] - else: Max character length is more than 4000

2020-06-05 13:32:59 - [TEST_STEP][PASSED] - comment("Max character length is more than 4000"): Max character length is more than 4000

2020-06-05 13:32:59 - [MESSAGE][INFO] - Max character length is more than 4000

2020-06-05 13:32:59 - [MESSAGE][PASSED] - Call Test Case 'Test Cases/PFI Precision and Scale/PFI Components/MaxCharLengthValidation' successfully

2020-06-05 13:32:59 - [TEST_STEP][PASSED] - callTestCase(findTestCase("Components/SelectAllThenDelete"), ["tagToBeUsed":"*", "nameToBeUsed":"eotTypeCmb"], STOP_ON_FAILURE): Call Test Case 'Test Cases/Components/SelectAllThenDelete' successfully

2020-06-05 13:32:59 - [TEST_CASE][PASSED] - Test Cases/Components/SelectAllThenDelete: Test Cases/Components/SelectAllThenDelete

2020-06-05 13:32:59 - [TEST_STEP][PASSED] - Thread.sleep(1000): null

2020-06-05 13:33:00 - [TEST_STEP][PASSED] - firstModification = modifyObjectProperty(findTestObject("SendKey/object"), "tag", "equals", tagToBeUsed, false): Modify property of object successfully

2020-06-05 13:33:00 - [MESSAGE][PASSED] - Modify property of object successfully

2020-06-05 13:33:00 - [TEST_STEP][PASSED] - secondModification = modifyObjectProperty(firstModification, "name", "equals", nameToBeUsed, true): Modify property of object successfully

2020-06-05 13:33:00 - [MESSAGE][PASSED] - Modify property of object successfully

2020-06-05 13:33:00 - [TEST_STEP][PASSED] - sendKeys(secondModification, Keys.chord(CONTROL, "a")): Keys 'CONTROL + a' sent to object: 'Object Repository/SendKey/object'

2020-06-05 13:33:00 - [MESSAGE][PASSED] - Keys 'CONTROL + a' sent to object: 'Object Repository/SendKey/object'

2020-06-05 13:33:00 - [TEST_STEP][PASSED] - sendKeys(secondModification, Keys.chord(DELETE)): Keys 'DELETE + ' sent to object: 'Object Repository/SendKey/object'

2020-06-05 13:33:00 - [MESSAGE][PASSED] - Keys 'DELETE + ' sent to object: 'Object Repository/SendKey/object'

2020-06-05 13:33:00 - [MESSAGE][PASSED] - Call Test Case 'Test Cases/Components/SelectAllThenDelete' successfully

2020-06-05 13:33:00 - [TEST_STEP][PASSED] - callTestCase(findTestCase("Components/SelectAllThenDelete"), ["tagToBeUsed":"*", "nameToBeUsed":"eotFromDate"], STOP_ON_FAILURE): Call Test Case 'Test Cases/Components/SelectAllThenDelete' successfully

2020-06-05 13:33:00 - [TEST_CASE][PASSED] - Test Cases/Components/SelectAllThenDelete: Test Cases/Components/SelectAllThenDelete

2020-06-05 13:33:00 - [TEST_STEP][PASSED] - Thread.sleep(1000): null

2020-06-05 13:33:01 - [TEST_STEP][PASSED] - firstModification = modifyObjectProperty(findTestObject("SendKey/object"), "tag", "equals", tagToBeUsed, false): Modify property of object successfully

2020-06-05 13:33:01 - [MESSAGE][PASSED] - Modify property of object successfully

2020-06-05 13:33:01 - [TEST_STEP][PASSED] - secondModification = modifyObjectProperty(firstModification, "name", "equals", nameToBeUsed, true): Modify property of object successfully

2020-06-05 13:33:01 - [MESSAGE][PASSED] - Modify property of object successfully

2020-06-05 13:33:01 - [TEST_STEP][PASSED] - sendKeys(secondModification, Keys.chord(CONTROL, "a")): Keys 'CONTROL + a' sent to object: 'Object Repository/SendKey/object'

2020-06-05 13:33:01 - [MESSAGE][PASSED] - Keys 'CONTROL + a' sent to object: 'Object Repository/SendKey/object'

2020-06-05 13:33:01 - [TEST_STEP][PASSED] - sendKeys(secondModification, Keys.chord(DELETE)): Keys 'DELETE + ' sent to object: 'Object Repository/SendKey/object'

2020-06-05 13:33:01 - [MESSAGE][PASSED] - Keys 'DELETE + ' sent to object: 'Object Repository/SendKey/object'

2020-06-05 13:33:01 - [MESSAGE][PASSED] - Call Test Case 'Test Cases/Components/SelectAllThenDelete' successfully

2020-06-05 13:33:01 - [TEST_STEP][PASSED] - callTestCase(findTestCase("Components/SelectAllThenDelete"), ["tagToBeUsed":"*", "nameToBeUsed":"eotToDate"], STOP_ON_FAILURE): Call Test Case 'Test Cases/Components/SelectAllThenDelete' successfully

2020-06-05 13:33:01 - [TEST_CASE][PASSED] - Test Cases/Components/SelectAllThenDelete: Test Cases/Components/SelectAllThenDelete

2020-06-05 13:33:01 - [TEST_STEP][PASSED] - Thread.sleep(1000): null

2020-06-05 13:33:02 - [TEST_STEP][PASSED] - firstModification = modifyObjectProperty(findTestObject("SendKey/object"), "tag", "equals", tagToBeUsed, false): Modify property of object successfully

2020-06-05 13:33:02 - [MESSAGE][PASSED] - Modify property of object successfully

2020-06-05 13:33:02 - [TEST_STEP][PASSED] - secondModification = modifyObjectProperty(firstModification, "name", "equals", nameToBeUsed, true): Modify property of object successfully

2020-06-05 13:33:02 - [MESSAGE][PASSED] - Modify property of object successfully

2020-06-05 13:33:02 - [TEST_STEP][PASSED] - sendKeys(secondModification, Keys.chord(CONTROL, "a")): Keys 'CONTROL + a' sent to object: 'Object Repository/SendKey/object'

2020-06-05 13:33:02 - [MESSAGE][PASSED] - Keys 'CONTROL + a' sent to object: 'Object Repository/SendKey/object'

2020-06-05 13:33:02 - [TEST_STEP][PASSED] - sendKeys(secondModification, Keys.chord(DELETE)): Keys 'DELETE + ' sent to object: 'Object Repository/SendKey/object'

2020-06-05 13:33:02 - [MESSAGE][PASSED] - Keys 'DELETE + ' sent to object: 'Object Repository/SendKey/object'

2020-06-05 13:33:02 - [MESSAGE][PASSED] - Call Test Case 'Test Cases/Components/SelectAllThenDelete' successfully

2020-06-05 13:33:02 - [TEST_STEP][PASSED] - callTestCase(findTestCase("Components/SelectAllThenDelete"), ["tagToBeUsed":"*", "nameToBeUsed":"remarks"], STOP_ON_FAILURE): Call Test Case 'Test Cases/Components/SelectAllThenDelete' successfully

2020-06-05 13:33:02 - [TEST_CASE][PASSED] - Test Cases/Components/SelectAllThenDelete: Test Cases/Components/SelectAllThenDelete

2020-06-05 13:33:02 - [TEST_STEP][PASSED] - Thread.sleep(1000): null

2020-06-05 13:33:03 - [TEST_STEP][PASSED] - firstModification = modifyObjectProperty(findTestObject("SendKey/object"), "tag", "equals", tagToBeUsed, false): Modify property of object successfully

2020-06-05 13:33:03 - [MESSAGE][PASSED] - Modify property of object successfully

2020-06-05 13:33:03 - [TEST_STEP][PASSED] - secondModification = modifyObjectProperty(firstModification, "name", "equals", nameToBeUsed, true): Modify property of object successfully

2020-06-05 13:33:03 - [MESSAGE][PASSED] - Modify property of object successfully

2020-06-05 13:33:03 - [TEST_STEP][PASSED] - sendKeys(secondModification, Keys.chord(CONTROL, "a")): Keys 'CONTROL + a' sent to object: 'Object Repository/SendKey/object'

2020-06-05 13:33:03 - [MESSAGE][PASSED] - Keys 'CONTROL + a' sent to object: 'Object Repository/SendKey/object'

2020-06-05 13:33:03 - [TEST_STEP][PASSED] - sendKeys(secondModification, Keys.chord(DELETE)): Keys 'DELETE + ' sent to object: 'Object Repository/SendKey/object'

2020-06-05 13:33:04 - [MESSAGE][PASSED] - Keys 'DELETE + ' sent to object: 'Object Repository/SendKey/object'

2020-06-05 13:33:04 - [MESSAGE][PASSED] - Call Test Case 'Test Cases/Components/SelectAllThenDelete' successfully

2020-06-05 13:33:04 - [TEST_STEP][PASSED] - callTestCase(findTestCase("PFI Precision and Scale/PFI Components/RequiredFieldValidation"), ["nameToBeUsed":"eotTypeCmb", "index":0], STOP_ON_FAILURE): Call Test Case 'Test Cases/PFI Precision and Scale/PFI Components/RequiredFieldValidation' successfully

2020-06-05 13:33:04 - [TEST_CASE][PASSED] - Test Cases/PFI Precision and Scale/PFI Components/RequiredFieldValidation: Test Cases/PFI Precision and Scale/PFI Components/RequiredFieldValidation

2020-06-05 13:33:04 - [TEST_STEP][PASSED] - Thread.sleep(1000): null

2020-06-05 13:33:05 - [TEST_STEP][PASSED] - NewInputNmField = modifyObjectProperty(findTestObject("Objects.HighlightElements/input_field"), "name", "equals", nameToBeUsed, true): Modify property of object successfully

2020-06-05 13:33:05 - [MESSAGE][PASSED] - Modify property of object successfully

2020-06-05 13:33:05 - [TEST_STEP][PASSED] - mouseOver(NewInputNmField): Object: 'Object Repository/Objects.HighlightElements/input_field' is hovered

2020-06-05 13:33:05 - [MESSAGE][PASSED] - Object: 'Object Repository/Objects.HighlightElements/input_field' is hovered

2020-06-05 13:33:05 - [TEST_STEP][PASSED] - getRqErrMsg = getAttribute(NewInputNmField, "data-errorqtip"): Attribute 'data-errorqtip' of object 'Object Repository/Objects.HighlightElements/input_field' is: '<ul class="x-list-plain"><li>This field is required</li></ul>'

2020-06-05 13:33:05 - [MESSAGE][PASSED] - Attribute 'data-errorqtip' of object 'Object Repository/Objects.HighlightElements/input_field' is: '<ul class="x-list-plain"><li>This field is required</li></ul>'

2020-06-05 13:33:05 - [TEST_STEP][PASSED] - strToolTip = getRqErrMsg.substring(29, 61): null

2020-06-05 13:33:05 - [TEST_STEP][PASSED] - toolTipReqErrMsg = strToolTip.substring(0, 22): null

2020-06-05 13:33:05 - [TEST_STEP][PASSED] - verifyMatch(toolTipReqErrMsg, RqField, true): Actual text 'This field is required' and expected text 'This field is required' are matched  using regular expression

2020-06-05 13:33:05 - [MESSAGE][PASSED] - Actual text 'This field is required' and expected text 'This field is required' are matched  using regular expression

2020-06-05 13:33:05 - [MESSAGE][PASSED] - Call Test Case 'Test Cases/PFI Precision and Scale/PFI Components/RequiredFieldValidation' successfully

2020-06-05 13:33:05 - [TEST_STEP][PASSED] - callTestCase(findTestCase("PFI Precision and Scale/PFI Components/RequiredFieldValidation"), ["nameToBeUsed":"eotFromDate", "index":0], STOP_ON_FAILURE): Call Test Case 'Test Cases/PFI Precision and Scale/PFI Components/RequiredFieldValidation' successfully

2020-06-05 13:33:05 - [TEST_CASE][PASSED] - Test Cases/PFI Precision and Scale/PFI Components/RequiredFieldValidation: Test Cases/PFI Precision and Scale/PFI Components/RequiredFieldValidation

2020-06-05 13:33:05 - [TEST_STEP][PASSED] - Thread.sleep(1000): null

2020-06-05 13:33:06 - [TEST_STEP][PASSED] - NewInputNmField = modifyObjectProperty(findTestObject("Objects.HighlightElements/input_field"), "name", "equals", nameToBeUsed, true): Modify property of object successfully

2020-06-05 13:33:06 - [MESSAGE][PASSED] - Modify property of object successfully

2020-06-05 13:33:06 - [TEST_STEP][PASSED] - mouseOver(NewInputNmField): Object: 'Object Repository/Objects.HighlightElements/input_field' is hovered

2020-06-05 13:33:06 - [MESSAGE][PASSED] - Object: 'Object Repository/Objects.HighlightElements/input_field' is hovered

2020-06-05 13:33:06 - [TEST_STEP][PASSED] - getRqErrMsg = getAttribute(NewInputNmField, "data-errorqtip"): Attribute 'data-errorqtip' of object 'Object Repository/Objects.HighlightElements/input_field' is: '<ul class="x-list-plain"><li>This field is required</li></ul>'

2020-06-05 13:33:06 - [MESSAGE][PASSED] - Attribute 'data-errorqtip' of object 'Object Repository/Objects.HighlightElements/input_field' is: '<ul class="x-list-plain"><li>This field is required</li></ul>'

2020-06-05 13:33:06 - [TEST_STEP][PASSED] - strToolTip = getRqErrMsg.substring(29, 61): null

2020-06-05 13:33:06 - [TEST_STEP][PASSED] - toolTipReqErrMsg = strToolTip.substring(0, 22): null

2020-06-05 13:33:06 - [TEST_STEP][PASSED] - verifyMatch(toolTipReqErrMsg, RqField, true): Actual text 'This field is required' and expected text 'This field is required' are matched  using regular expression

2020-06-05 13:33:06 - [MESSAGE][PASSED] - Actual text 'This field is required' and expected text 'This field is required' are matched  using regular expression

2020-06-05 13:33:06 - [MESSAGE][PASSED] - Call Test Case 'Test Cases/PFI Precision and Scale/PFI Components/RequiredFieldValidation' successfully

2020-06-05 13:33:06 - [TEST_STEP][PASSED] - callTestCase(findTestCase("PFI Precision and Scale/PFI Components/RequiredFieldValidation"), ["nameToBeUsed":"eotToDate", "index":0], STOP_ON_FAILURE): Call Test Case 'Test Cases/PFI Precision and Scale/PFI Components/RequiredFieldValidation' successfully

2020-06-05 13:33:06 - [TEST_CASE][PASSED] - Test Cases/PFI Precision and Scale/PFI Components/RequiredFieldValidation: Test Cases/PFI Precision and Scale/PFI Components/RequiredFieldValidation

2020-06-05 13:33:06 - [TEST_STEP][PASSED] - Thread.sleep(1000): null

2020-06-05 13:33:07 - [TEST_STEP][PASSED] - NewInputNmField = modifyObjectProperty(findTestObject("Objects.HighlightElements/input_field"), "name", "equals", nameToBeUsed, true): Modify property of object successfully

2020-06-05 13:33:07 - [MESSAGE][PASSED] - Modify property of object successfully

2020-06-05 13:33:07 - [TEST_STEP][PASSED] - mouseOver(NewInputNmField): Object: 'Object Repository/Objects.HighlightElements/input_field' is hovered

2020-06-05 13:33:07 - [MESSAGE][PASSED] - Object: 'Object Repository/Objects.HighlightElements/input_field' is hovered

2020-06-05 13:33:07 - [TEST_STEP][PASSED] - getRqErrMsg = getAttribute(NewInputNmField, "data-errorqtip"): Attribute 'data-errorqtip' of object 'Object Repository/Objects.HighlightElements/input_field' is: '<ul class="x-list-plain"><li>This field is required</li></ul>'

2020-06-05 13:33:07 - [MESSAGE][PASSED] - Attribute 'data-errorqtip' of object 'Object Repository/Objects.HighlightElements/input_field' is: '<ul class="x-list-plain"><li>This field is required</li></ul>'

2020-06-05 13:33:07 - [TEST_STEP][PASSED] - strToolTip = getRqErrMsg.substring(29, 61): null

2020-06-05 13:33:07 - [TEST_STEP][PASSED] - toolTipReqErrMsg = strToolTip.substring(0, 22): null

2020-06-05 13:33:07 - [TEST_STEP][PASSED] - verifyMatch(toolTipReqErrMsg, RqField, true): Actual text 'This field is required' and expected text 'This field is required' are matched  using regular expression

2020-06-05 13:33:07 - [MESSAGE][PASSED] - Actual text 'This field is required' and expected text 'This field is required' are matched  using regular expression

2020-06-05 13:33:07 - [MESSAGE][PASSED] - Call Test Case 'Test Cases/PFI Precision and Scale/PFI Components/RequiredFieldValidation' successfully

2020-06-05 13:33:07 - [TEST_STEP][PASSED] - callTestCase(findTestCase("PFI Precision and Scale/PFI Components/RequiredFieldValidation"), ["nameToBeUsed":"remarks", "index":0], STOP_ON_FAILURE): Call Test Case 'Test Cases/PFI Precision and Scale/PFI Components/RequiredFieldValidation' successfully

2020-06-05 13:33:08 - [TEST_CASE][PASSED] - Test Cases/PFI Precision and Scale/PFI Components/RequiredFieldValidation: Test Cases/PFI Precision and Scale/PFI Components/RequiredFieldValidation

2020-06-05 13:33:08 - [TEST_STEP][PASSED] - Thread.sleep(1000): null

2020-06-05 13:33:09 - [TEST_STEP][PASSED] - NewInputNmField = modifyObjectProperty(findTestObject("Objects.HighlightElements/input_field"), "name", "equals", nameToBeUsed, true): Modify property of object successfully

2020-06-05 13:33:09 - [MESSAGE][PASSED] - Modify property of object successfully

2020-06-05 13:33:09 - [TEST_STEP][PASSED] - mouseOver(NewInputNmField): Object: 'Object Repository/Objects.HighlightElements/input_field' is hovered

2020-06-05 13:33:09 - [MESSAGE][PASSED] - Object: 'Object Repository/Objects.HighlightElements/input_field' is hovered

2020-06-05 13:33:09 - [TEST_STEP][PASSED] - getRqErrMsg = getAttribute(NewInputNmField, "data-errorqtip"): Attribute 'data-errorqtip' of object 'Object Repository/Objects.HighlightElements/input_field' is: '<ul class="x-list-plain"><li>This field is required</li></ul>'

2020-06-05 13:33:09 - [MESSAGE][PASSED] - Attribute 'data-errorqtip' of object 'Object Repository/Objects.HighlightElements/input_field' is: '<ul class="x-list-plain"><li>This field is required</li></ul>'

2020-06-05 13:33:09 - [TEST_STEP][PASSED] - strToolTip = getRqErrMsg.substring(29, 61): null

2020-06-05 13:33:09 - [TEST_STEP][PASSED] - toolTipReqErrMsg = strToolTip.substring(0, 22): null

2020-06-05 13:33:09 - [TEST_STEP][PASSED] - verifyMatch(toolTipReqErrMsg, RqField, true): Actual text 'This field is required' and expected text 'This field is required' are matched  using regular expression

2020-06-05 13:33:09 - [MESSAGE][PASSED] - Actual text 'This field is required' and expected text 'This field is required' are matched  using regular expression

2020-06-05 13:33:09 - [MESSAGE][PASSED] - Call Test Case 'Test Cases/PFI Precision and Scale/PFI Components/RequiredFieldValidation' successfully

2020-06-05 13:33:09 - [TEST_STEP][NOT_RUN] - callTestCase(findTestCase("Components/Logout"), ["LogoutPageTextToBeVerified":findTestData("Datatable").getValue("HomeBanner", 1)], STOP_ON_FAILURE): NOT_RUN: callTestCase(findTestCase("Components/Logout"), ["LogoutPageTextToBeVerified":findTestData("Datatable").getValue("HomeBanner", 1)], STOP_ON_FAILURE)

2020-06-05 13:33:09 - [MESSAGE][NOT_RUN] - NOT_RUN: callTestCase(findTestCase("Components/Logout"), ["LogoutPageTextToBeVerified":findTestData("Datatable").getValue("HomeBanner", 1)], STOP_ON_FAILURE)]]></system-out>
         <system-err><![CDATA[]]></system-err>
      </testcase>
      <testcase name="Test Cases/PFI Precision and Scale/PFI Test Cases/Process Case (PFI)/PFI.PELHS" time="175.714" classname="Test Cases/PFI Precision and Scale/PFI Test Cases/Process Case (PFI)/PFI.PELHS" status="PASSED">
         <system-out><![CDATA[2020-06-05 13:33:09 - [TEST_CASE][PASSED] - Test Cases/PFI Precision and Scale/PFI Test Cases/Process Case (PFI)/PFI.PELHS: Test Cases/PFI Precision and Scale/PFI Test Cases/Process Case (PFI)/PFI.PELHS

2020-06-05 13:33:09 - [TEST_STEP][NOT_RUN] - callTestCase(findTestCase("Components/LoginV2.0"), ["LinkToBeUsed":findTestData("Datatable").getValue("URL", 16), "LoginPageTextToBeVerified":findTestData("Datatable").getValue("HomeBanner", 2), ... ], STOP_ON_FAILURE): NOT_RUN: callTestCase(findTestCase("Components/LoginV2.0"), ["LinkToBeUsed":findTestData("Datatable").getValue("URL", 16), "LoginPageTextToBeVerified":findTestData("Datatable").getValue("HomeBanner", 2), ... ], STOP_ON_FAILURE)

2020-06-05 13:33:09 - [MESSAGE][NOT_RUN] - NOT_RUN: callTestCase(findTestCase("Components/LoginV2.0"), ["LinkToBeUsed":findTestData("Datatable").getValue("URL", 16), "LoginPageTextToBeVerified":findTestData("Datatable").getValue("HomeBanner", 2), ... ], STOP_ON_FAILURE)

2020-06-05 13:33:09 - [TEST_STEP][NOT_RUN] - callTestCase(findTestCase("Components/Filter"), ["taskDescription":"Process Case (SM)"], STOP_ON_FAILURE): NOT_RUN: callTestCase(findTestCase("Components/Filter"), ["taskDescription":"Process Case (SM)"], STOP_ON_FAILURE)

2020-06-05 13:33:09 - [MESSAGE][NOT_RUN] - NOT_RUN: callTestCase(findTestCase("Components/Filter"), ["taskDescription":"Process Case (SM)"], STOP_ON_FAILURE)

2020-06-05 13:33:09 - [TEST_STEP][NOT_RUN] - callTestCase(findTestCase("Components/ClickLinkDependingOnTextAndIndex"), ["linkName":"Process Case (SM)", "index":"5"], STOP_ON_FAILURE): NOT_RUN: callTestCase(findTestCase("Components/ClickLinkDependingOnTextAndIndex"), ["linkName":"Process Case (SM)", "index":"5"], STOP_ON_FAILURE)

2020-06-05 13:33:09 - [MESSAGE][NOT_RUN] - NOT_RUN: callTestCase(findTestCase("Components/ClickLinkDependingOnTextAndIndex"), ["linkName":"Process Case (SM)", "index":"5"], STOP_ON_FAILURE)

2020-06-05 13:33:09 - [TEST_STEP][PASSED] - callTestCase(findTestCase("Components/NavigateToAnyLHS"), ["LHS":"PE"], STOP_ON_FAILURE): Call Test Case 'Test Cases/Components/NavigateToAnyLHS' successfully

2020-06-05 13:33:09 - [TEST_CASE][PASSED] - Test Cases/Components/NavigateToAnyLHS: Test Cases/Components/NavigateToAnyLHS

2020-06-05 13:33:09 - [TEST_STEP][PASSED] - Thread.sleep(1000): null

2020-06-05 13:33:10 - [TEST_STEP][PASSED] - modifiedLHS = modifyObjectProperty(findTestObject("Objects.NavigateToAnyLHS/Page_ISPS2/LHSToModify"), "text", "equals", LHS, true): Modify property of object successfully

2020-06-05 13:33:10 - [MESSAGE][PASSED] - Modify property of object successfully

2020-06-05 13:33:10 - [TEST_STEP][PASSED] - click(modifiedLHS): Object: 'Object Repository/Objects.NavigateToAnyLHS/Page_ISPS2/LHSToModify' is clicked on

2020-06-05 13:33:10 - [MESSAGE][PASSED] - Object: 'Object Repository/Objects.NavigateToAnyLHS/Page_ISPS2/LHSToModify' is clicked on

2020-06-05 13:33:10 - [TEST_STEP][PASSED] - currentLHS = getText(modifiedLHS): Text of object 'Object Repository/Objects.NavigateToAnyLHS/Page_ISPS2/LHSToModify' is: 'PE'

2020-06-05 13:33:10 - [MESSAGE][PASSED] - Text of object 'Object Repository/Objects.NavigateToAnyLHS/Page_ISPS2/LHSToModify' is: 'PE'

2020-06-05 13:33:10 - [TEST_STEP][PASSED] - Thread.sleep(5000): null

2020-06-05 13:33:15 - [MESSAGE][PASSED] - Call Test Case 'Test Cases/Components/NavigateToAnyLHS' successfully

2020-06-05 13:33:15 - [TEST_STEP][PASSED] - callTestCase(findTestCase("Components/VerifyPageSuccessfullyLoadedII"), ["PageNm":"PE"], STOP_ON_FAILURE): Call Test Case 'Test Cases/Components/VerifyPageSuccessfullyLoadedII' successfully

2020-06-05 13:33:15 - [TEST_CASE][PASSED] - Test Cases/Components/VerifyPageSuccessfullyLoadedII: Test Cases/Components/VerifyPageSuccessfullyLoadedII

2020-06-05 13:33:15 - [TEST_STEP][PASSED] - waitForPageLoad(5): Wait for page load successfully

2020-06-05 13:33:15 - [MESSAGE][PASSED] - Wait for page load successfully

2020-06-05 13:33:15 - [TEST_STEP][PASSED] - modifiedInputFld = modifyObjectProperty(findTestObject("Object Repository/Objects.VerifyPageSuccessfullyLoaded/PageHeaderIndex"), "xpath", "equals", "//*[contains(@class,'isps-page-title') and (text()='" + PageNm + "')]", true): Modify property of object successfully

2020-06-05 13:33:15 - [MESSAGE][PASSED] - Modify property of object successfully

2020-06-05 13:33:15 - [TEST_STEP][PASSED] - com.reusableComponents.HighlightElement.run(modifiedInputFld): com.reusableComponents.HighlightElement.run is PASSED

2020-06-05 13:33:16 - [MESSAGE][PASSED] - com.reusableComponents.HighlightElement.run is PASSED

2020-06-05 13:33:16 - [MESSAGE][PASSED] - Call Test Case 'Test Cases/Components/VerifyPageSuccessfullyLoadedII' successfully

2020-06-05 13:33:16 - [TEST_STEP][PASSED] - callTestCase(findTestCase("Components/DoubleClickToEnable"), ["HeaderCellName":"Registration No", "index":2], STOP_ON_FAILURE): Call Test Case 'Test Cases/Components/DoubleClickToEnable' successfully

2020-06-05 13:33:16 - [TEST_CASE][PASSED] - Test Cases/Components/DoubleClickToEnable: Test Cases/Components/DoubleClickToEnable

2020-06-05 13:33:16 - [TEST_STEP][PASSED] - Thread.sleep(1000): null

2020-06-05 13:33:17 - [TEST_STEP][PASSED] - modifiedInputField = modifyObjectProperty(findTestObject("Object Repository/Objects.HighlightElements/input_field_index"), "xpath", "equals", "//*[text()='" + HeaderCellName + "']//following::td[" + index + "]", true): Modify property of object successfully

2020-06-05 13:33:17 - [MESSAGE][PASSED] - Modify property of object successfully

2020-06-05 13:33:17 - [TEST_STEP][PASSED] - doubleClick(modifiedInputField): Object: 'Object Repository/Objects.HighlightElements/input_field_index' is double clicked on

2020-06-05 13:33:17 - [MESSAGE][PASSED] - Object: 'Object Repository/Objects.HighlightElements/input_field_index' is double clicked on

2020-06-05 13:33:17 - [MESSAGE][PASSED] - Call Test Case 'Test Cases/Components/DoubleClickToEnable' successfully

2020-06-05 13:33:17 - [TEST_STEP][PASSED] - callTestCase(findTestCase("Components/HighlightInputField"), ["InputFldName":"peRegNo"], STOP_ON_FAILURE): Call Test Case 'Test Cases/Components/HighlightInputField' successfully

2020-06-05 13:33:17 - [TEST_CASE][PASSED] - Test Cases/Components/HighlightInputField: Test Cases/Components/HighlightInputField

2020-06-05 13:33:17 - [TEST_STEP][PASSED] - Thread.sleep(1000): null

2020-06-05 13:33:18 - [TEST_STEP][PASSED] - modifiedLblNm = modifyObjectProperty(findTestObject("Objects.HighlightElements/input_field"), "name", "equals", InputFldName, true): Modify property of object successfully

2020-06-05 13:33:18 - [MESSAGE][PASSED] - Modify property of object successfully

2020-06-05 13:33:18 - [TEST_STEP][PASSED] - com.reusableComponents.HighlightElement.run(modifiedLblNm): com.reusableComponents.HighlightElement.run is PASSED

2020-06-05 13:33:19 - [MESSAGE][PASSED] - com.reusableComponents.HighlightElement.run is PASSED

2020-06-05 13:33:19 - [MESSAGE][PASSED] - Call Test Case 'Test Cases/Components/HighlightInputField' successfully

2020-06-05 13:33:19 - [TEST_STEP][PASSED] - callTestCase(findTestCase("Components/SelectAllThenDelete"), ["tagToBeUsed":"*", "nameToBeUsed":"peRegNo"], STOP_ON_FAILURE): Call Test Case 'Test Cases/Components/SelectAllThenDelete' successfully

2020-06-05 13:33:19 - [TEST_CASE][PASSED] - Test Cases/Components/SelectAllThenDelete: Test Cases/Components/SelectAllThenDelete

2020-06-05 13:33:19 - [TEST_STEP][PASSED] - Thread.sleep(1000): null

2020-06-05 13:33:20 - [TEST_STEP][PASSED] - firstModification = modifyObjectProperty(findTestObject("SendKey/object"), "tag", "equals", tagToBeUsed, false): Modify property of object successfully

2020-06-05 13:33:20 - [MESSAGE][PASSED] - Modify property of object successfully

2020-06-05 13:33:20 - [TEST_STEP][PASSED] - secondModification = modifyObjectProperty(firstModification, "name", "equals", nameToBeUsed, true): Modify property of object successfully

2020-06-05 13:33:20 - [MESSAGE][PASSED] - Modify property of object successfully

2020-06-05 13:33:20 - [TEST_STEP][PASSED] - sendKeys(secondModification, Keys.chord(CONTROL, "a")): Keys 'CONTROL + a' sent to object: 'Object Repository/SendKey/object'

2020-06-05 13:33:20 - [MESSAGE][PASSED] - Keys 'CONTROL + a' sent to object: 'Object Repository/SendKey/object'

2020-06-05 13:33:20 - [TEST_STEP][PASSED] - sendKeys(secondModification, Keys.chord(DELETE)): Keys 'DELETE + ' sent to object: 'Object Repository/SendKey/object'

2020-06-05 13:33:20 - [MESSAGE][PASSED] - Keys 'DELETE + ' sent to object: 'Object Repository/SendKey/object'

2020-06-05 13:33:20 - [MESSAGE][PASSED] - Call Test Case 'Test Cases/Components/SelectAllThenDelete' successfully

2020-06-05 13:33:20 - [TEST_STEP][PASSED] - callTestCase(findTestCase("PFI Precision and Scale/PFI Components/VerifyDropdownValues"), ["FldNm":"peRegNo", "CallTCName":"PFI Precision and Scale/HashMap Tables/PELists", "cmbNm":"PENo", "NoOfVal":10, "DelayTime":8, ... ], STOP_ON_FAILURE): Call Test Case 'Test Cases/PFI Precision and Scale/PFI Components/VerifyDropdownValues' successfully

2020-06-05 13:33:20 - [TEST_CASE][PASSED] - Test Cases/PFI Precision and Scale/PFI Components/VerifyDropdownValues: Test Cases/PFI Precision and Scale/PFI Components/VerifyDropdownValues

2020-06-05 13:33:20 - [TEST_STEP][PASSED] - Thread.sleep(1000): null

2020-06-05 13:33:21 - [TEST_STEP][PASSED] - NewInputNmField = modifyObjectProperty(findTestObject("Objects.HighlightElements/input_field"), "name", "equals", FldNm, true): Modify property of object successfully

2020-06-05 13:33:21 - [MESSAGE][PASSED] - Modify property of object successfully

2020-06-05 13:33:21 - [TEST_STEP][PASSED] - comboNm = cmbNm: null

2020-06-05 13:33:21 - [TEST_STEP][PASSED] - focus(NewInputNmField): Object: 'Object Repository/Objects.HighlightElements/input_field' is focused

2020-06-05 13:33:21 - [MESSAGE][PASSED] - Object: 'Object Repository/Objects.HighlightElements/input_field' is focused

2020-06-05 13:33:21 - [TEST_STEP][PASSED] - setText(NewInputNmField, EnterValue): Text '00' is set on object 'Object Repository/Objects.HighlightElements/input_field'

2020-06-05 13:33:21 - [MESSAGE][PASSED] - Text '00' is set on object 'Object Repository/Objects.HighlightElements/input_field'

2020-06-05 13:33:21 - [TEST_STEP][PASSED] - for ([i = 1, i <= NoOfVal, (i++)]): Keys 'DOWN + ' sent to object: 'Object Repository/Objects.HighlightElements/input_field'

2020-06-05 13:33:21 - [TEST_STEP][PASSED] - sendKeys(NewInputNmField, Keys.chord(ARROW_DOWN)): Keys 'DOWN + ' sent to object: 'Object Repository/Objects.HighlightElements/input_field'

2020-06-05 13:33:21 - [MESSAGE][PASSED] - Keys 'DOWN + ' sent to object: 'Object Repository/Objects.HighlightElements/input_field'

2020-06-05 13:33:21 - [TEST_STEP][PASSED] - delay(DelayTime): Delayed 8 second(s)

2020-06-05 13:33:29 - [MESSAGE][PASSED] - Delayed 8 second(s)

2020-06-05 13:33:29 - [TEST_STEP][PASSED] - sendKeys(NewInputNmField, Keys.chord(ENTER)): Keys 'ENTER + ' sent to object: 'Object Repository/Objects.HighlightElements/input_field'

2020-06-05 13:33:29 - [MESSAGE][PASSED] - Keys 'ENTER + ' sent to object: 'Object Repository/Objects.HighlightElements/input_field'

2020-06-05 13:33:29 - [TEST_STEP][PASSED] - ComboBoxValue = getAttribute(NewInputNmField, "value"): Attribute 'value' of object 'Object Repository/Objects.HighlightElements/input_field' is: '0017'

2020-06-05 13:33:29 - [MESSAGE][PASSED] - Attribute 'value' of object 'Object Repository/Objects.HighlightElements/input_field' is: '0017'

2020-06-05 13:33:29 - [TEST_STEP][PASSED] - callTestCase(findTestCase(CallTCName), ["FindValue":ComboBoxValue, "DropdownNm":comboNm], STOP_ON_FAILURE): Call Test Case 'Test Cases/PFI Precision and Scale/HashMap Tables/PELists' successfully

2020-06-05 13:33:29 - [TEST_CASE][PASSED] - Test Cases/PFI Precision and Scale/HashMap Tables/PELists: Test Cases/PFI Precision and Scale/HashMap Tables/PELists

2020-06-05 13:33:29 - [TEST_STEP][PASSED] - Thread.sleep(1000): null

2020-06-05 13:33:30 - [TEST_STEP][PASSED] - PEListsTBL = ["0011":"QP-Formatted Address", "0012":"QP-0012", "0014":"QP-0014", "0015":"QP-0015", "0016":"QP-0016", "3214":"Dummy QP Name 3861", ... ]: null

2020-06-05 13:33:30 - [TEST_STEP][PASSED] - switch (DropdownNm): null

2020-06-05 13:33:30 - [TEST_STEP][PASSED] - case "PENo":: null

2020-06-05 13:33:30 - [TEST_STEP][PASSED] - ValueFound = FindValue + " (" + get(FindValue).toString() + ")": null

2020-06-05 13:33:30 - [TEST_STEP][PASSED] - break: null

2020-06-05 13:33:30 - [MESSAGE][PASSED] - Call Test Case 'Test Cases/PFI Precision and Scale/HashMap Tables/PELists' successfully

2020-06-05 13:33:30 - [TEST_STEP][PASSED] - println(ValueFound): null

2020-06-05 13:33:30 - [TEST_STEP][PASSED] - sendKeys(NewInputNmField, Keys.chord(ARROW_DOWN)): Keys 'DOWN + ' sent to object: 'Object Repository/Objects.HighlightElements/input_field'

2020-06-05 13:33:30 - [MESSAGE][PASSED] - Keys 'DOWN + ' sent to object: 'Object Repository/Objects.HighlightElements/input_field'

2020-06-05 13:33:30 - [TEST_STEP][PASSED] - sendKeys(NewInputNmField, Keys.chord(ARROW_DOWN)): Keys 'DOWN + ' sent to object: 'Object Repository/Objects.HighlightElements/input_field'

2020-06-05 13:33:31 - [MESSAGE][PASSED] - Keys 'DOWN + ' sent to object: 'Object Repository/Objects.HighlightElements/input_field'

2020-06-05 13:33:31 - [TEST_STEP][PASSED] - delay(DelayTime): Delayed 8 second(s)

2020-06-05 13:33:39 - [MESSAGE][PASSED] - Delayed 8 second(s)

2020-06-05 13:33:39 - [TEST_STEP][PASSED] - sendKeys(NewInputNmField, Keys.chord(ENTER)): Keys 'ENTER + ' sent to object: 'Object Repository/Objects.HighlightElements/input_field'

2020-06-05 13:33:39 - [MESSAGE][PASSED] - Keys 'ENTER + ' sent to object: 'Object Repository/Objects.HighlightElements/input_field'

2020-06-05 13:33:39 - [TEST_STEP][PASSED] - ComboBoxValue = getAttribute(NewInputNmField, "value"): Attribute 'value' of object 'Object Repository/Objects.HighlightElements/input_field' is: '1123'

2020-06-05 13:33:39 - [MESSAGE][PASSED] - Attribute 'value' of object 'Object Repository/Objects.HighlightElements/input_field' is: '1123'

2020-06-05 13:33:39 - [TEST_STEP][PASSED] - callTestCase(findTestCase(CallTCName), ["FindValue":ComboBoxValue, "DropdownNm":comboNm], STOP_ON_FAILURE): Call Test Case 'Test Cases/PFI Precision and Scale/HashMap Tables/PELists' successfully

2020-06-05 13:33:39 - [TEST_CASE][PASSED] - Test Cases/PFI Precision and Scale/HashMap Tables/PELists: Test Cases/PFI Precision and Scale/HashMap Tables/PELists

2020-06-05 13:33:39 - [TEST_STEP][PASSED] - Thread.sleep(1000): null

2020-06-05 13:33:40 - [TEST_STEP][PASSED] - PEListsTBL = ["0011":"QP-Formatted Address", "0012":"QP-0012", "0014":"QP-0014", "0015":"QP-0015", "0016":"QP-0016", "3214":"Dummy QP Name 3861", ... ]: null

2020-06-05 13:33:40 - [TEST_STEP][PASSED] - switch (DropdownNm): null

2020-06-05 13:33:40 - [TEST_STEP][PASSED] - case "PENo":: null

2020-06-05 13:33:40 - [TEST_STEP][PASSED] - ValueFound = FindValue + " (" + get(FindValue).toString() + ")": null

2020-06-05 13:33:40 - [TEST_STEP][PASSED] - break: null

2020-06-05 13:33:40 - [MESSAGE][PASSED] - Call Test Case 'Test Cases/PFI Precision and Scale/HashMap Tables/PELists' successfully

2020-06-05 13:33:40 - [TEST_STEP][PASSED] - println(ValueFound): null

2020-06-05 13:33:40 - [TEST_STEP][PASSED] - sendKeys(NewInputNmField, Keys.chord(ARROW_DOWN)): Keys 'DOWN + ' sent to object: 'Object Repository/Objects.HighlightElements/input_field'

2020-06-05 13:33:40 - [MESSAGE][PASSED] - Keys 'DOWN + ' sent to object: 'Object Repository/Objects.HighlightElements/input_field'

2020-06-05 13:33:40 - [TEST_STEP][PASSED] - sendKeys(NewInputNmField, Keys.chord(ARROW_DOWN)): Keys 'DOWN + ' sent to object: 'Object Repository/Objects.HighlightElements/input_field'

2020-06-05 13:33:40 - [MESSAGE][PASSED] - Keys 'DOWN + ' sent to object: 'Object Repository/Objects.HighlightElements/input_field'

2020-06-05 13:33:40 - [TEST_STEP][PASSED] - delay(DelayTime): Delayed 8 second(s)

2020-06-05 13:33:48 - [MESSAGE][PASSED] - Delayed 8 second(s)

2020-06-05 13:33:48 - [TEST_STEP][PASSED] - sendKeys(NewInputNmField, Keys.chord(ENTER)): Keys 'ENTER + ' sent to object: 'Object Repository/Objects.HighlightElements/input_field'

2020-06-05 13:33:48 - [MESSAGE][PASSED] - Keys 'ENTER + ' sent to object: 'Object Repository/Objects.HighlightElements/input_field'

2020-06-05 13:33:48 - [TEST_STEP][PASSED] - ComboBoxValue = getAttribute(NewInputNmField, "value"): Attribute 'value' of object 'Object Repository/Objects.HighlightElements/input_field' is: '0017'

2020-06-05 13:33:48 - [MESSAGE][PASSED] - Attribute 'value' of object 'Object Repository/Objects.HighlightElements/input_field' is: '0017'

2020-06-05 13:33:48 - [TEST_STEP][PASSED] - callTestCase(findTestCase(CallTCName), ["FindValue":ComboBoxValue, "DropdownNm":comboNm], STOP_ON_FAILURE): Call Test Case 'Test Cases/PFI Precision and Scale/HashMap Tables/PELists' successfully

2020-06-05 13:33:48 - [TEST_CASE][PASSED] - Test Cases/PFI Precision and Scale/HashMap Tables/PELists: Test Cases/PFI Precision and Scale/HashMap Tables/PELists

2020-06-05 13:33:48 - [TEST_STEP][PASSED] - Thread.sleep(1000): null

2020-06-05 13:33:49 - [TEST_STEP][PASSED] - PEListsTBL = ["0011":"QP-Formatted Address", "0012":"QP-0012", "0014":"QP-0014", "0015":"QP-0015", "0016":"QP-0016", "3214":"Dummy QP Name 3861", ... ]: null

2020-06-05 13:33:49 - [TEST_STEP][PASSED] - switch (DropdownNm): null

2020-06-05 13:33:49 - [TEST_STEP][PASSED] - case "PENo":: null

2020-06-05 13:33:49 - [TEST_STEP][PASSED] - ValueFound = FindValue + " (" + get(FindValue).toString() + ")": null

2020-06-05 13:33:49 - [TEST_STEP][PASSED] - break: null

2020-06-05 13:33:49 - [MESSAGE][PASSED] - Call Test Case 'Test Cases/PFI Precision and Scale/HashMap Tables/PELists' successfully

2020-06-05 13:33:49 - [TEST_STEP][PASSED] - println(ValueFound): null

2020-06-05 13:33:49 - [TEST_STEP][PASSED] - sendKeys(NewInputNmField, Keys.chord(ARROW_DOWN)): Keys 'DOWN + ' sent to object: 'Object Repository/Objects.HighlightElements/input_field'

2020-06-05 13:33:49 - [MESSAGE][PASSED] - Keys 'DOWN + ' sent to object: 'Object Repository/Objects.HighlightElements/input_field'

2020-06-05 13:33:49 - [TEST_STEP][PASSED] - sendKeys(NewInputNmField, Keys.chord(ARROW_DOWN)): Keys 'DOWN + ' sent to object: 'Object Repository/Objects.HighlightElements/input_field'

2020-06-05 13:33:49 - [MESSAGE][PASSED] - Keys 'DOWN + ' sent to object: 'Object Repository/Objects.HighlightElements/input_field'

2020-06-05 13:33:49 - [TEST_STEP][PASSED] - delay(DelayTime): Delayed 8 second(s)

2020-06-05 13:33:57 - [MESSAGE][PASSED] - Delayed 8 second(s)

2020-06-05 13:33:57 - [TEST_STEP][PASSED] - sendKeys(NewInputNmField, Keys.chord(ENTER)): Keys 'ENTER + ' sent to object: 'Object Repository/Objects.HighlightElements/input_field'

2020-06-05 13:33:57 - [MESSAGE][PASSED] - Keys 'ENTER + ' sent to object: 'Object Repository/Objects.HighlightElements/input_field'

2020-06-05 13:33:57 - [TEST_STEP][PASSED] - ComboBoxValue = getAttribute(NewInputNmField, "value"): Attribute 'value' of object 'Object Repository/Objects.HighlightElements/input_field' is: '0017'

2020-06-05 13:33:57 - [MESSAGE][PASSED] - Attribute 'value' of object 'Object Repository/Objects.HighlightElements/input_field' is: '0017'

2020-06-05 13:33:57 - [TEST_STEP][PASSED] - callTestCase(findTestCase(CallTCName), ["FindValue":ComboBoxValue, "DropdownNm":comboNm], STOP_ON_FAILURE): Call Test Case 'Test Cases/PFI Precision and Scale/HashMap Tables/PELists' successfully

2020-06-05 13:33:57 - [TEST_CASE][PASSED] - Test Cases/PFI Precision and Scale/HashMap Tables/PELists: Test Cases/PFI Precision and Scale/HashMap Tables/PELists

2020-06-05 13:33:57 - [TEST_STEP][PASSED] - Thread.sleep(1000): null

2020-06-05 13:33:58 - [TEST_STEP][PASSED] - PEListsTBL = ["0011":"QP-Formatted Address", "0012":"QP-0012", "0014":"QP-0014", "0015":"QP-0015", "0016":"QP-0016", "3214":"Dummy QP Name 3861", ... ]: null

2020-06-05 13:33:58 - [TEST_STEP][PASSED] - switch (DropdownNm): null

2020-06-05 13:33:58 - [TEST_STEP][PASSED] - case "PENo":: null

2020-06-05 13:33:58 - [TEST_STEP][PASSED] - ValueFound = FindValue + " (" + get(FindValue).toString() + ")": null

2020-06-05 13:33:58 - [TEST_STEP][PASSED] - break: null

2020-06-05 13:33:58 - [MESSAGE][PASSED] - Call Test Case 'Test Cases/PFI Precision and Scale/HashMap Tables/PELists' successfully

2020-06-05 13:33:58 - [TEST_STEP][PASSED] - println(ValueFound): null

2020-06-05 13:33:58 - [TEST_STEP][PASSED] - sendKeys(NewInputNmField, Keys.chord(ARROW_DOWN)): Keys 'DOWN + ' sent to object: 'Object Repository/Objects.HighlightElements/input_field'

2020-06-05 13:33:58 - [MESSAGE][PASSED] - Keys 'DOWN + ' sent to object: 'Object Repository/Objects.HighlightElements/input_field'

2020-06-05 13:33:58 - [TEST_STEP][PASSED] - sendKeys(NewInputNmField, Keys.chord(ARROW_DOWN)): Keys 'DOWN + ' sent to object: 'Object Repository/Objects.HighlightElements/input_field'

2020-06-05 13:33:58 - [MESSAGE][PASSED] - Keys 'DOWN + ' sent to object: 'Object Repository/Objects.HighlightElements/input_field'

2020-06-05 13:33:58 - [TEST_STEP][PASSED] - delay(DelayTime): Delayed 8 second(s)

2020-06-05 13:34:06 - [MESSAGE][PASSED] - Delayed 8 second(s)

2020-06-05 13:34:06 - [TEST_STEP][PASSED] - sendKeys(NewInputNmField, Keys.chord(ENTER)): Keys 'ENTER + ' sent to object: 'Object Repository/Objects.HighlightElements/input_field'

2020-06-05 13:34:06 - [MESSAGE][PASSED] - Keys 'ENTER + ' sent to object: 'Object Repository/Objects.HighlightElements/input_field'

2020-06-05 13:34:06 - [TEST_STEP][PASSED] - ComboBoxValue = getAttribute(NewInputNmField, "value"): Attribute 'value' of object 'Object Repository/Objects.HighlightElements/input_field' is: '0017'

2020-06-05 13:34:06 - [MESSAGE][PASSED] - Attribute 'value' of object 'Object Repository/Objects.HighlightElements/input_field' is: '0017'

2020-06-05 13:34:06 - [TEST_STEP][PASSED] - callTestCase(findTestCase(CallTCName), ["FindValue":ComboBoxValue, "DropdownNm":comboNm], STOP_ON_FAILURE): Call Test Case 'Test Cases/PFI Precision and Scale/HashMap Tables/PELists' successfully

2020-06-05 13:34:06 - [TEST_CASE][PASSED] - Test Cases/PFI Precision and Scale/HashMap Tables/PELists: Test Cases/PFI Precision and Scale/HashMap Tables/PELists

2020-06-05 13:34:06 - [TEST_STEP][PASSED] - Thread.sleep(1000): null

2020-06-05 13:34:07 - [TEST_STEP][PASSED] - PEListsTBL = ["0011":"QP-Formatted Address", "0012":"QP-0012", "0014":"QP-0014", "0015":"QP-0015", "0016":"QP-0016", "3214":"Dummy QP Name 3861", ... ]: null

2020-06-05 13:34:07 - [TEST_STEP][PASSED] - switch (DropdownNm): null

2020-06-05 13:34:07 - [TEST_STEP][PASSED] - case "PENo":: null

2020-06-05 13:34:07 - [TEST_STEP][PASSED] - ValueFound = FindValue + " (" + get(FindValue).toString() + ")": null

2020-06-05 13:34:07 - [TEST_STEP][PASSED] - break: null

2020-06-05 13:34:07 - [MESSAGE][PASSED] - Call Test Case 'Test Cases/PFI Precision and Scale/HashMap Tables/PELists' successfully

2020-06-05 13:34:07 - [TEST_STEP][PASSED] - println(ValueFound): null

2020-06-05 13:34:07 - [TEST_STEP][PASSED] - sendKeys(NewInputNmField, Keys.chord(ARROW_DOWN)): Keys 'DOWN + ' sent to object: 'Object Repository/Objects.HighlightElements/input_field'

2020-06-05 13:34:07 - [MESSAGE][PASSED] - Keys 'DOWN + ' sent to object: 'Object Repository/Objects.HighlightElements/input_field'

2020-06-05 13:34:07 - [TEST_STEP][PASSED] - sendKeys(NewInputNmField, Keys.chord(ARROW_DOWN)): Keys 'DOWN + ' sent to object: 'Object Repository/Objects.HighlightElements/input_field'

2020-06-05 13:34:07 - [MESSAGE][PASSED] - Keys 'DOWN + ' sent to object: 'Object Repository/Objects.HighlightElements/input_field'

2020-06-05 13:34:07 - [TEST_STEP][PASSED] - delay(DelayTime): Delayed 8 second(s)

2020-06-05 13:34:15 - [MESSAGE][PASSED] - Delayed 8 second(s)

2020-06-05 13:34:15 - [TEST_STEP][PASSED] - sendKeys(NewInputNmField, Keys.chord(ENTER)): Keys 'ENTER + ' sent to object: 'Object Repository/Objects.HighlightElements/input_field'

2020-06-05 13:34:15 - [MESSAGE][PASSED] - Keys 'ENTER + ' sent to object: 'Object Repository/Objects.HighlightElements/input_field'

2020-06-05 13:34:15 - [TEST_STEP][PASSED] - ComboBoxValue = getAttribute(NewInputNmField, "value"): Attribute 'value' of object 'Object Repository/Objects.HighlightElements/input_field' is: '0017'

2020-06-05 13:34:16 - [MESSAGE][PASSED] - Attribute 'value' of object 'Object Repository/Objects.HighlightElements/input_field' is: '0017'

2020-06-05 13:34:16 - [TEST_STEP][PASSED] - callTestCase(findTestCase(CallTCName), ["FindValue":ComboBoxValue, "DropdownNm":comboNm], STOP_ON_FAILURE): Call Test Case 'Test Cases/PFI Precision and Scale/HashMap Tables/PELists' successfully

2020-06-05 13:34:16 - [TEST_CASE][PASSED] - Test Cases/PFI Precision and Scale/HashMap Tables/PELists: Test Cases/PFI Precision and Scale/HashMap Tables/PELists

2020-06-05 13:34:16 - [TEST_STEP][PASSED] - Thread.sleep(1000): null

2020-06-05 13:34:17 - [TEST_STEP][PASSED] - PEListsTBL = ["0011":"QP-Formatted Address", "0012":"QP-0012", "0014":"QP-0014", "0015":"QP-0015", "0016":"QP-0016", "3214":"Dummy QP Name 3861", ... ]: null

2020-06-05 13:34:17 - [TEST_STEP][PASSED] - switch (DropdownNm): null

2020-06-05 13:34:17 - [TEST_STEP][PASSED] - case "PENo":: null

2020-06-05 13:34:17 - [TEST_STEP][PASSED] - ValueFound = FindValue + " (" + get(FindValue).toString() + ")": null

2020-06-05 13:34:17 - [TEST_STEP][PASSED] - break: null

2020-06-05 13:34:17 - [MESSAGE][PASSED] - Call Test Case 'Test Cases/PFI Precision and Scale/HashMap Tables/PELists' successfully

2020-06-05 13:34:17 - [TEST_STEP][PASSED] - println(ValueFound): null

2020-06-05 13:34:17 - [TEST_STEP][PASSED] - sendKeys(NewInputNmField, Keys.chord(ARROW_DOWN)): Keys 'DOWN + ' sent to object: 'Object Repository/Objects.HighlightElements/input_field'

2020-06-05 13:34:17 - [MESSAGE][PASSED] - Keys 'DOWN + ' sent to object: 'Object Repository/Objects.HighlightElements/input_field'

2020-06-05 13:34:17 - [TEST_STEP][PASSED] - sendKeys(NewInputNmField, Keys.chord(ARROW_DOWN)): Keys 'DOWN + ' sent to object: 'Object Repository/Objects.HighlightElements/input_field'

2020-06-05 13:34:17 - [MESSAGE][PASSED] - Keys 'DOWN + ' sent to object: 'Object Repository/Objects.HighlightElements/input_field'

2020-06-05 13:34:17 - [TEST_STEP][PASSED] - delay(DelayTime): Delayed 8 second(s)

2020-06-05 13:34:25 - [MESSAGE][PASSED] - Delayed 8 second(s)

2020-06-05 13:34:25 - [TEST_STEP][PASSED] - sendKeys(NewInputNmField, Keys.chord(ENTER)): Keys 'ENTER + ' sent to object: 'Object Repository/Objects.HighlightElements/input_field'

2020-06-05 13:34:25 - [MESSAGE][PASSED] - Keys 'ENTER + ' sent to object: 'Object Repository/Objects.HighlightElements/input_field'

2020-06-05 13:34:25 - [TEST_STEP][PASSED] - ComboBoxValue = getAttribute(NewInputNmField, "value"): Attribute 'value' of object 'Object Repository/Objects.HighlightElements/input_field' is: '0017'

2020-06-05 13:34:25 - [MESSAGE][PASSED] - Attribute 'value' of object 'Object Repository/Objects.HighlightElements/input_field' is: '0017'

2020-06-05 13:34:25 - [TEST_STEP][PASSED] - callTestCase(findTestCase(CallTCName), ["FindValue":ComboBoxValue, "DropdownNm":comboNm], STOP_ON_FAILURE): Call Test Case 'Test Cases/PFI Precision and Scale/HashMap Tables/PELists' successfully

2020-06-05 13:34:25 - [TEST_CASE][PASSED] - Test Cases/PFI Precision and Scale/HashMap Tables/PELists: Test Cases/PFI Precision and Scale/HashMap Tables/PELists

2020-06-05 13:34:25 - [TEST_STEP][PASSED] - Thread.sleep(1000): null

2020-06-05 13:34:26 - [TEST_STEP][PASSED] - PEListsTBL = ["0011":"QP-Formatted Address", "0012":"QP-0012", "0014":"QP-0014", "0015":"QP-0015", "0016":"QP-0016", "3214":"Dummy QP Name 3861", ... ]: null

2020-06-05 13:34:26 - [TEST_STEP][PASSED] - switch (DropdownNm): null

2020-06-05 13:34:26 - [TEST_STEP][PASSED] - case "PENo":: null

2020-06-05 13:34:26 - [TEST_STEP][PASSED] - ValueFound = FindValue + " (" + get(FindValue).toString() + ")": null

2020-06-05 13:34:26 - [TEST_STEP][PASSED] - break: null

2020-06-05 13:34:26 - [MESSAGE][PASSED] - Call Test Case 'Test Cases/PFI Precision and Scale/HashMap Tables/PELists' successfully

2020-06-05 13:34:26 - [TEST_STEP][PASSED] - println(ValueFound): null

2020-06-05 13:34:26 - [TEST_STEP][PASSED] - sendKeys(NewInputNmField, Keys.chord(ARROW_DOWN)): Keys 'DOWN + ' sent to object: 'Object Repository/Objects.HighlightElements/input_field'

2020-06-05 13:34:26 - [MESSAGE][PASSED] - Keys 'DOWN + ' sent to object: 'Object Repository/Objects.HighlightElements/input_field'

2020-06-05 13:34:26 - [TEST_STEP][PASSED] - sendKeys(NewInputNmField, Keys.chord(ARROW_DOWN)): Keys 'DOWN + ' sent to object: 'Object Repository/Objects.HighlightElements/input_field'

2020-06-05 13:34:26 - [MESSAGE][PASSED] - Keys 'DOWN + ' sent to object: 'Object Repository/Objects.HighlightElements/input_field'

2020-06-05 13:34:26 - [TEST_STEP][PASSED] - delay(DelayTime): Delayed 8 second(s)

2020-06-05 13:34:34 - [MESSAGE][PASSED] - Delayed 8 second(s)

2020-06-05 13:34:34 - [TEST_STEP][PASSED] - sendKeys(NewInputNmField, Keys.chord(ENTER)): Keys 'ENTER + ' sent to object: 'Object Repository/Objects.HighlightElements/input_field'

2020-06-05 13:34:34 - [MESSAGE][PASSED] - Keys 'ENTER + ' sent to object: 'Object Repository/Objects.HighlightElements/input_field'

2020-06-05 13:34:34 - [TEST_STEP][PASSED] - ComboBoxValue = getAttribute(NewInputNmField, "value"): Attribute 'value' of object 'Object Repository/Objects.HighlightElements/input_field' is: '0017'

2020-06-05 13:34:34 - [MESSAGE][PASSED] - Attribute 'value' of object 'Object Repository/Objects.HighlightElements/input_field' is: '0017'

2020-06-05 13:34:34 - [TEST_STEP][PASSED] - callTestCase(findTestCase(CallTCName), ["FindValue":ComboBoxValue, "DropdownNm":comboNm], STOP_ON_FAILURE): Call Test Case 'Test Cases/PFI Precision and Scale/HashMap Tables/PELists' successfully

2020-06-05 13:34:34 - [TEST_CASE][PASSED] - Test Cases/PFI Precision and Scale/HashMap Tables/PELists: Test Cases/PFI Precision and Scale/HashMap Tables/PELists

2020-06-05 13:34:34 - [TEST_STEP][PASSED] - Thread.sleep(1000): null

2020-06-05 13:34:35 - [TEST_STEP][PASSED] - PEListsTBL = ["0011":"QP-Formatted Address", "0012":"QP-0012", "0014":"QP-0014", "0015":"QP-0015", "0016":"QP-0016", "3214":"Dummy QP Name 3861", ... ]: null

2020-06-05 13:34:35 - [TEST_STEP][PASSED] - switch (DropdownNm): null

2020-06-05 13:34:35 - [TEST_STEP][PASSED] - case "PENo":: null

2020-06-05 13:34:35 - [TEST_STEP][PASSED] - ValueFound = FindValue + " (" + get(FindValue).toString() + ")": null

2020-06-05 13:34:35 - [TEST_STEP][PASSED] - break: null

2020-06-05 13:34:35 - [MESSAGE][PASSED] - Call Test Case 'Test Cases/PFI Precision and Scale/HashMap Tables/PELists' successfully

2020-06-05 13:34:35 - [TEST_STEP][PASSED] - println(ValueFound): null

2020-06-05 13:34:35 - [TEST_STEP][PASSED] - sendKeys(NewInputNmField, Keys.chord(ARROW_DOWN)): Keys 'DOWN + ' sent to object: 'Object Repository/Objects.HighlightElements/input_field'

2020-06-05 13:34:35 - [MESSAGE][PASSED] - Keys 'DOWN + ' sent to object: 'Object Repository/Objects.HighlightElements/input_field'

2020-06-05 13:34:35 - [TEST_STEP][PASSED] - sendKeys(NewInputNmField, Keys.chord(ARROW_DOWN)): Keys 'DOWN + ' sent to object: 'Object Repository/Objects.HighlightElements/input_field'

2020-06-05 13:34:35 - [MESSAGE][PASSED] - Keys 'DOWN + ' sent to object: 'Object Repository/Objects.HighlightElements/input_field'

2020-06-05 13:34:35 - [TEST_STEP][PASSED] - delay(DelayTime): Delayed 8 second(s)

2020-06-05 13:34:43 - [MESSAGE][PASSED] - Delayed 8 second(s)

2020-06-05 13:34:43 - [TEST_STEP][PASSED] - sendKeys(NewInputNmField, Keys.chord(ENTER)): Keys 'ENTER + ' sent to object: 'Object Repository/Objects.HighlightElements/input_field'

2020-06-05 13:34:43 - [MESSAGE][PASSED] - Keys 'ENTER + ' sent to object: 'Object Repository/Objects.HighlightElements/input_field'

2020-06-05 13:34:43 - [TEST_STEP][PASSED] - ComboBoxValue = getAttribute(NewInputNmField, "value"): Attribute 'value' of object 'Object Repository/Objects.HighlightElements/input_field' is: '0017'

2020-06-05 13:34:43 - [MESSAGE][PASSED] - Attribute 'value' of object 'Object Repository/Objects.HighlightElements/input_field' is: '0017'

2020-06-05 13:34:43 - [TEST_STEP][PASSED] - callTestCase(findTestCase(CallTCName), ["FindValue":ComboBoxValue, "DropdownNm":comboNm], STOP_ON_FAILURE): Call Test Case 'Test Cases/PFI Precision and Scale/HashMap Tables/PELists' successfully

2020-06-05 13:34:43 - [TEST_CASE][PASSED] - Test Cases/PFI Precision and Scale/HashMap Tables/PELists: Test Cases/PFI Precision and Scale/HashMap Tables/PELists

2020-06-05 13:34:43 - [TEST_STEP][PASSED] - Thread.sleep(1000): null

2020-06-05 13:34:44 - [TEST_STEP][PASSED] - PEListsTBL = ["0011":"QP-Formatted Address", "0012":"QP-0012", "0014":"QP-0014", "0015":"QP-0015", "0016":"QP-0016", "3214":"Dummy QP Name 3861", ... ]: null

2020-06-05 13:34:44 - [TEST_STEP][PASSED] - switch (DropdownNm): null

2020-06-05 13:34:44 - [TEST_STEP][PASSED] - case "PENo":: null

2020-06-05 13:34:44 - [TEST_STEP][PASSED] - ValueFound = FindValue + " (" + get(FindValue).toString() + ")": null

2020-06-05 13:34:44 - [TEST_STEP][PASSED] - break: null

2020-06-05 13:34:44 - [MESSAGE][PASSED] - Call Test Case 'Test Cases/PFI Precision and Scale/HashMap Tables/PELists' successfully

2020-06-05 13:34:44 - [TEST_STEP][PASSED] - println(ValueFound): null

2020-06-05 13:34:44 - [TEST_STEP][PASSED] - sendKeys(NewInputNmField, Keys.chord(ARROW_DOWN)): Keys 'DOWN + ' sent to object: 'Object Repository/Objects.HighlightElements/input_field'

2020-06-05 13:34:44 - [MESSAGE][PASSED] - Keys 'DOWN + ' sent to object: 'Object Repository/Objects.HighlightElements/input_field'

2020-06-05 13:34:44 - [TEST_STEP][PASSED] - sendKeys(NewInputNmField, Keys.chord(ARROW_DOWN)): Keys 'DOWN + ' sent to object: 'Object Repository/Objects.HighlightElements/input_field'

2020-06-05 13:34:44 - [MESSAGE][PASSED] - Keys 'DOWN + ' sent to object: 'Object Repository/Objects.HighlightElements/input_field'

2020-06-05 13:34:44 - [TEST_STEP][PASSED] - delay(DelayTime): Delayed 8 second(s)

2020-06-05 13:34:52 - [MESSAGE][PASSED] - Delayed 8 second(s)

2020-06-05 13:34:52 - [TEST_STEP][PASSED] - sendKeys(NewInputNmField, Keys.chord(ENTER)): Keys 'ENTER + ' sent to object: 'Object Repository/Objects.HighlightElements/input_field'

2020-06-05 13:34:52 - [MESSAGE][PASSED] - Keys 'ENTER + ' sent to object: 'Object Repository/Objects.HighlightElements/input_field'

2020-06-05 13:34:52 - [TEST_STEP][PASSED] - ComboBoxValue = getAttribute(NewInputNmField, "value"): Attribute 'value' of object 'Object Repository/Objects.HighlightElements/input_field' is: '0017'

2020-06-05 13:34:52 - [MESSAGE][PASSED] - Attribute 'value' of object 'Object Repository/Objects.HighlightElements/input_field' is: '0017'

2020-06-05 13:34:52 - [TEST_STEP][PASSED] - callTestCase(findTestCase(CallTCName), ["FindValue":ComboBoxValue, "DropdownNm":comboNm], STOP_ON_FAILURE): Call Test Case 'Test Cases/PFI Precision and Scale/HashMap Tables/PELists' successfully

2020-06-05 13:34:52 - [TEST_CASE][PASSED] - Test Cases/PFI Precision and Scale/HashMap Tables/PELists: Test Cases/PFI Precision and Scale/HashMap Tables/PELists

2020-06-05 13:34:52 - [TEST_STEP][PASSED] - Thread.sleep(1000): null

2020-06-05 13:34:53 - [TEST_STEP][PASSED] - PEListsTBL = ["0011":"QP-Formatted Address", "0012":"QP-0012", "0014":"QP-0014", "0015":"QP-0015", "0016":"QP-0016", "3214":"Dummy QP Name 3861", ... ]: null

2020-06-05 13:34:53 - [TEST_STEP][PASSED] - switch (DropdownNm): null

2020-06-05 13:34:53 - [TEST_STEP][PASSED] - case "PENo":: null

2020-06-05 13:34:53 - [TEST_STEP][PASSED] - ValueFound = FindValue + " (" + get(FindValue).toString() + ")": null

2020-06-05 13:34:53 - [TEST_STEP][PASSED] - break: null

2020-06-05 13:34:53 - [MESSAGE][PASSED] - Call Test Case 'Test Cases/PFI Precision and Scale/HashMap Tables/PELists' successfully

2020-06-05 13:34:53 - [TEST_STEP][PASSED] - println(ValueFound): null

2020-06-05 13:34:53 - [TEST_STEP][PASSED] - sendKeys(NewInputNmField, Keys.chord(ARROW_DOWN)): Keys 'DOWN + ' sent to object: 'Object Repository/Objects.HighlightElements/input_field'

2020-06-05 13:34:54 - [MESSAGE][PASSED] - Keys 'DOWN + ' sent to object: 'Object Repository/Objects.HighlightElements/input_field'

2020-06-05 13:34:54 - [TEST_STEP][PASSED] - sendKeys(NewInputNmField, Keys.chord(ENTER)): Keys 'ENTER + ' sent to object: 'Object Repository/Objects.HighlightElements/input_field'

2020-06-05 13:34:54 - [MESSAGE][PASSED] - Keys 'ENTER + ' sent to object: 'Object Repository/Objects.HighlightElements/input_field'

2020-06-05 13:34:54 - [MESSAGE][PASSED] - Call Test Case 'Test Cases/PFI Precision and Scale/PFI Components/VerifyDropdownValues' successfully

2020-06-05 13:34:54 - [TEST_STEP][PASSED] - callTestCase(findTestCase("Components/ClickCancelIcon"), [:], STOP_ON_FAILURE): Call Test Case 'Test Cases/Components/ClickCancelIcon' successfully

2020-06-05 13:34:54 - [TEST_CASE][PASSED] - Test Cases/Components/ClickCancelIcon: Test Cases/Components/ClickCancelIcon

2020-06-05 13:34:54 - [TEST_STEP][PASSED] - Thread.sleep(1000): null

2020-06-05 13:34:55 - [TEST_STEP][PASSED] - com.reusableComponents.HighlightElement.run(findTestObject("Object Repository/Objects.ActionButtons/Cancel_Icon")): com.reusableComponents.HighlightElement.run is PASSED

2020-06-05 13:34:55 - [MESSAGE][PASSED] - com.reusableComponents.HighlightElement.run is PASSED

2020-06-05 13:34:55 - [TEST_STEP][PASSED] - click(findTestObject("Object Repository/Objects.ActionButtons/Cancel_Icon")): Object: 'Object Repository/Objects.ActionButtons/Cancel_Icon' is clicked on

2020-06-05 13:34:55 - [MESSAGE][PASSED] - Object: 'Object Repository/Objects.ActionButtons/Cancel_Icon' is clicked on

2020-06-05 13:34:55 - [MESSAGE][PASSED] - Call Test Case 'Test Cases/Components/ClickCancelIcon' successfully

2020-06-05 13:34:55 - [TEST_STEP][PASSED] - callTestCase(findTestCase("Components/DoubleClickToEnable"), ["HeaderCellName":"PE Name", "index":3], STOP_ON_FAILURE): Call Test Case 'Test Cases/Components/DoubleClickToEnable' successfully

2020-06-05 13:34:55 - [TEST_CASE][PASSED] - Test Cases/Components/DoubleClickToEnable: Test Cases/Components/DoubleClickToEnable

2020-06-05 13:34:55 - [TEST_STEP][PASSED] - Thread.sleep(1000): null

2020-06-05 13:34:56 - [TEST_STEP][PASSED] - modifiedInputField = modifyObjectProperty(findTestObject("Object Repository/Objects.HighlightElements/input_field_index"), "xpath", "equals", "//*[text()='" + HeaderCellName + "']//following::td[" + index + "]", true): Modify property of object successfully

2020-06-05 13:34:56 - [MESSAGE][PASSED] - Modify property of object successfully

2020-06-05 13:34:56 - [TEST_STEP][PASSED] - doubleClick(modifiedInputField): Object: 'Object Repository/Objects.HighlightElements/input_field_index' is double clicked on

2020-06-05 13:34:57 - [MESSAGE][PASSED] - Object: 'Object Repository/Objects.HighlightElements/input_field_index' is double clicked on

2020-06-05 13:34:57 - [MESSAGE][PASSED] - Call Test Case 'Test Cases/Components/DoubleClickToEnable' successfully

2020-06-05 13:34:57 - [TEST_STEP][PASSED] - callTestCase(findTestCase("Components/HighlightInputField"), ["InputFldName":"peName"], STOP_ON_FAILURE): Call Test Case 'Test Cases/Components/HighlightInputField' successfully

2020-06-05 13:34:57 - [TEST_CASE][PASSED] - Test Cases/Components/HighlightInputField: Test Cases/Components/HighlightInputField

2020-06-05 13:34:57 - [TEST_STEP][PASSED] - Thread.sleep(1000): null

2020-06-05 13:34:58 - [TEST_STEP][PASSED] - modifiedLblNm = modifyObjectProperty(findTestObject("Objects.HighlightElements/input_field"), "name", "equals", InputFldName, true): Modify property of object successfully

2020-06-05 13:34:58 - [MESSAGE][PASSED] - Modify property of object successfully

2020-06-05 13:34:58 - [TEST_STEP][PASSED] - com.reusableComponents.HighlightElement.run(modifiedLblNm): com.reusableComponents.HighlightElement.run is PASSED

2020-06-05 13:34:58 - [MESSAGE][PASSED] - com.reusableComponents.HighlightElement.run is PASSED

2020-06-05 13:34:58 - [MESSAGE][PASSED] - Call Test Case 'Test Cases/Components/HighlightInputField' successfully

2020-06-05 13:34:58 - [TEST_STEP][PASSED] - callTestCase(findTestCase("Components/SelectAllThenDelete"), ["tagToBeUsed":"*", "nameToBeUsed":"peName"], STOP_ON_FAILURE): Call Test Case 'Test Cases/Components/SelectAllThenDelete' successfully

2020-06-05 13:34:58 - [TEST_CASE][PASSED] - Test Cases/Components/SelectAllThenDelete: Test Cases/Components/SelectAllThenDelete

2020-06-05 13:34:58 - [TEST_STEP][PASSED] - Thread.sleep(1000): null

2020-06-05 13:34:59 - [TEST_STEP][PASSED] - firstModification = modifyObjectProperty(findTestObject("SendKey/object"), "tag", "equals", tagToBeUsed, false): Modify property of object successfully

2020-06-05 13:34:59 - [MESSAGE][PASSED] - Modify property of object successfully

2020-06-05 13:34:59 - [TEST_STEP][PASSED] - secondModification = modifyObjectProperty(firstModification, "name", "equals", nameToBeUsed, true): Modify property of object successfully

2020-06-05 13:34:59 - [MESSAGE][PASSED] - Modify property of object successfully

2020-06-05 13:34:59 - [TEST_STEP][PASSED] - sendKeys(secondModification, Keys.chord(CONTROL, "a")): Keys 'CONTROL + a' sent to object: 'Object Repository/SendKey/object'

2020-06-05 13:34:59 - [MESSAGE][PASSED] - Keys 'CONTROL + a' sent to object: 'Object Repository/SendKey/object'

2020-06-05 13:34:59 - [TEST_STEP][PASSED] - sendKeys(secondModification, Keys.chord(DELETE)): Keys 'DELETE + ' sent to object: 'Object Repository/SendKey/object'

2020-06-05 13:34:59 - [MESSAGE][PASSED] - Keys 'DELETE + ' sent to object: 'Object Repository/SendKey/object'

2020-06-05 13:34:59 - [MESSAGE][PASSED] - Call Test Case 'Test Cases/Components/SelectAllThenDelete' successfully

2020-06-05 13:34:59 - [TEST_STEP][PASSED] - callTestCase(findTestCase("PFI Precision and Scale/PFI Components/VerifyDropdownValues"), ["FldNm":"peName", "CallTCName":"PFI Precision and Scale/HashMap Tables/PELists", "cmbNm":"PEName", "NoOfVal":10, "DelayTime":5, ... ], STOP_ON_FAILURE): Call Test Case 'Test Cases/PFI Precision and Scale/PFI Components/VerifyDropdownValues' successfully

2020-06-05 13:34:59 - [TEST_CASE][PASSED] - Test Cases/PFI Precision and Scale/PFI Components/VerifyDropdownValues: Test Cases/PFI Precision and Scale/PFI Components/VerifyDropdownValues

2020-06-05 13:34:59 - [TEST_STEP][PASSED] - Thread.sleep(1000): null

2020-06-05 13:35:00 - [TEST_STEP][PASSED] - NewInputNmField = modifyObjectProperty(findTestObject("Objects.HighlightElements/input_field"), "name", "equals", FldNm, true): Modify property of object successfully

2020-06-05 13:35:00 - [MESSAGE][PASSED] - Modify property of object successfully

2020-06-05 13:35:00 - [TEST_STEP][PASSED] - comboNm = cmbNm: null

2020-06-05 13:35:00 - [TEST_STEP][PASSED] - focus(NewInputNmField): Object: 'Object Repository/Objects.HighlightElements/input_field' is focused

2020-06-05 13:35:00 - [MESSAGE][PASSED] - Object: 'Object Repository/Objects.HighlightElements/input_field' is focused

2020-06-05 13:35:00 - [TEST_STEP][PASSED] - setText(NewInputNmField, EnterValue): Text '' is set on object 'Object Repository/Objects.HighlightElements/input_field'

2020-06-05 13:35:01 - [MESSAGE][PASSED] - Text '' is set on object 'Object Repository/Objects.HighlightElements/input_field'

2020-06-05 13:35:01 - [TEST_STEP][PASSED] - for ([i = 1, i <= NoOfVal, (i++)]): Keys 'DOWN + ' sent to object: 'Object Repository/Objects.HighlightElements/input_field'

2020-06-05 13:35:01 - [TEST_STEP][PASSED] - sendKeys(NewInputNmField, Keys.chord(ARROW_DOWN)): Keys 'DOWN + ' sent to object: 'Object Repository/Objects.HighlightElements/input_field'

2020-06-05 13:35:01 - [MESSAGE][PASSED] - Keys 'DOWN + ' sent to object: 'Object Repository/Objects.HighlightElements/input_field'

2020-06-05 13:35:01 - [TEST_STEP][PASSED] - delay(DelayTime): Delayed 5 second(s)

2020-06-05 13:35:06 - [MESSAGE][PASSED] - Delayed 5 second(s)

2020-06-05 13:35:06 - [TEST_STEP][PASSED] - sendKeys(NewInputNmField, Keys.chord(ENTER)): Keys 'ENTER + ' sent to object: 'Object Repository/Objects.HighlightElements/input_field'

2020-06-05 13:35:06 - [MESSAGE][PASSED] - Keys 'ENTER + ' sent to object: 'Object Repository/Objects.HighlightElements/input_field'

2020-06-05 13:35:06 - [TEST_STEP][PASSED] - ComboBoxValue = getAttribute(NewInputNmField, "value"): Attribute 'value' of object 'Object Repository/Objects.HighlightElements/input_field' is: 'QP1123'

2020-06-05 13:35:06 - [MESSAGE][PASSED] - Attribute 'value' of object 'Object Repository/Objects.HighlightElements/input_field' is: 'QP1123'

2020-06-05 13:35:06 - [TEST_STEP][PASSED] - callTestCase(findTestCase(CallTCName), ["FindValue":ComboBoxValue, "DropdownNm":comboNm], STOP_ON_FAILURE): Call Test Case 'Test Cases/PFI Precision and Scale/HashMap Tables/PELists' successfully

2020-06-05 13:35:06 - [TEST_CASE][PASSED] - Test Cases/PFI Precision and Scale/HashMap Tables/PELists: Test Cases/PFI Precision and Scale/HashMap Tables/PELists

2020-06-05 13:35:06 - [TEST_STEP][PASSED] - Thread.sleep(1000): null

2020-06-05 13:35:07 - [TEST_STEP][PASSED] - PEListsTBL = ["0011":"QP-Formatted Address", "0012":"QP-0012", "0014":"QP-0014", "0015":"QP-0015", "0016":"QP-0016", "3214":"Dummy QP Name 3861", ... ]: null

2020-06-05 13:35:07 - [TEST_STEP][PASSED] - switch (DropdownNm): null

2020-06-05 13:35:07 - [TEST_STEP][PASSED] - case "PEName":: null

2020-06-05 13:35:07 - [TEST_STEP][PASSED] - ValueFound = PEListsTBL.find({ -> ... }): null

2020-06-05 13:35:07 - [TEST_STEP][PASSED] - break: null

2020-06-05 13:35:07 - [MESSAGE][PASSED] - Call Test Case 'Test Cases/PFI Precision and Scale/HashMap Tables/PELists' successfully

2020-06-05 13:35:07 - [TEST_STEP][PASSED] - println(ValueFound): null

2020-06-05 13:35:07 - [TEST_STEP][PASSED] - sendKeys(NewInputNmField, Keys.chord(ARROW_DOWN)): Keys 'DOWN + ' sent to object: 'Object Repository/Objects.HighlightElements/input_field'

2020-06-05 13:35:07 - [MESSAGE][PASSED] - Keys 'DOWN + ' sent to object: 'Object Repository/Objects.HighlightElements/input_field'

2020-06-05 13:35:07 - [TEST_STEP][PASSED] - sendKeys(NewInputNmField, Keys.chord(ARROW_DOWN)): Keys 'DOWN + ' sent to object: 'Object Repository/Objects.HighlightElements/input_field'

2020-06-05 13:35:07 - [MESSAGE][PASSED] - Keys 'DOWN + ' sent to object: 'Object Repository/Objects.HighlightElements/input_field'

2020-06-05 13:35:07 - [TEST_STEP][PASSED] - delay(DelayTime): Delayed 5 second(s)

2020-06-05 13:35:12 - [MESSAGE][PASSED] - Delayed 5 second(s)

2020-06-05 13:35:12 - [TEST_STEP][PASSED] - sendKeys(NewInputNmField, Keys.chord(ENTER)): Keys 'ENTER + ' sent to object: 'Object Repository/Objects.HighlightElements/input_field'

2020-06-05 13:35:12 - [MESSAGE][PASSED] - Keys 'ENTER + ' sent to object: 'Object Repository/Objects.HighlightElements/input_field'

2020-06-05 13:35:12 - [TEST_STEP][PASSED] - ComboBoxValue = getAttribute(NewInputNmField, "value"): Attribute 'value' of object 'Object Repository/Objects.HighlightElements/input_field' is: 'QP0017'

2020-06-05 13:35:12 - [MESSAGE][PASSED] - Attribute 'value' of object 'Object Repository/Objects.HighlightElements/input_field' is: 'QP0017'

2020-06-05 13:35:12 - [TEST_STEP][PASSED] - callTestCase(findTestCase(CallTCName), ["FindValue":ComboBoxValue, "DropdownNm":comboNm], STOP_ON_FAILURE): Call Test Case 'Test Cases/PFI Precision and Scale/HashMap Tables/PELists' successfully

2020-06-05 13:35:12 - [TEST_CASE][PASSED] - Test Cases/PFI Precision and Scale/HashMap Tables/PELists: Test Cases/PFI Precision and Scale/HashMap Tables/PELists

2020-06-05 13:35:12 - [TEST_STEP][PASSED] - Thread.sleep(1000): null

2020-06-05 13:35:13 - [TEST_STEP][PASSED] - PEListsTBL = ["0011":"QP-Formatted Address", "0012":"QP-0012", "0014":"QP-0014", "0015":"QP-0015", "0016":"QP-0016", "3214":"Dummy QP Name 3861", ... ]: null

2020-06-05 13:35:13 - [TEST_STEP][PASSED] - switch (DropdownNm): null

2020-06-05 13:35:13 - [TEST_STEP][PASSED] - case "PEName":: null

2020-06-05 13:35:13 - [TEST_STEP][PASSED] - ValueFound = PEListsTBL.find({ -> ... }): null

2020-06-05 13:35:13 - [TEST_STEP][PASSED] - break: null

2020-06-05 13:35:13 - [MESSAGE][PASSED] - Call Test Case 'Test Cases/PFI Precision and Scale/HashMap Tables/PELists' successfully

2020-06-05 13:35:13 - [TEST_STEP][PASSED] - println(ValueFound): null

2020-06-05 13:35:13 - [TEST_STEP][PASSED] - sendKeys(NewInputNmField, Keys.chord(ARROW_DOWN)): Keys 'DOWN + ' sent to object: 'Object Repository/Objects.HighlightElements/input_field'

2020-06-05 13:35:13 - [MESSAGE][PASSED] - Keys 'DOWN + ' sent to object: 'Object Repository/Objects.HighlightElements/input_field'

2020-06-05 13:35:13 - [TEST_STEP][PASSED] - sendKeys(NewInputNmField, Keys.chord(ARROW_DOWN)): Keys 'DOWN + ' sent to object: 'Object Repository/Objects.HighlightElements/input_field'

2020-06-05 13:35:13 - [MESSAGE][PASSED] - Keys 'DOWN + ' sent to object: 'Object Repository/Objects.HighlightElements/input_field'

2020-06-05 13:35:13 - [TEST_STEP][PASSED] - delay(DelayTime): Delayed 5 second(s)

2020-06-05 13:35:18 - [MESSAGE][PASSED] - Delayed 5 second(s)

2020-06-05 13:35:18 - [TEST_STEP][PASSED] - sendKeys(NewInputNmField, Keys.chord(ENTER)): Keys 'ENTER + ' sent to object: 'Object Repository/Objects.HighlightElements/input_field'

2020-06-05 13:35:18 - [MESSAGE][PASSED] - Keys 'ENTER + ' sent to object: 'Object Repository/Objects.HighlightElements/input_field'

2020-06-05 13:35:18 - [TEST_STEP][PASSED] - ComboBoxValue = getAttribute(NewInputNmField, "value"): Attribute 'value' of object 'Object Repository/Objects.HighlightElements/input_field' is: 'QP-0016'

2020-06-05 13:35:18 - [MESSAGE][PASSED] - Attribute 'value' of object 'Object Repository/Objects.HighlightElements/input_field' is: 'QP-0016'

2020-06-05 13:35:18 - [TEST_STEP][PASSED] - callTestCase(findTestCase(CallTCName), ["FindValue":ComboBoxValue, "DropdownNm":comboNm], STOP_ON_FAILURE): Call Test Case 'Test Cases/PFI Precision and Scale/HashMap Tables/PELists' successfully

2020-06-05 13:35:18 - [TEST_CASE][PASSED] - Test Cases/PFI Precision and Scale/HashMap Tables/PELists: Test Cases/PFI Precision and Scale/HashMap Tables/PELists

2020-06-05 13:35:18 - [TEST_STEP][PASSED] - Thread.sleep(1000): null

2020-06-05 13:35:19 - [TEST_STEP][PASSED] - PEListsTBL = ["0011":"QP-Formatted Address", "0012":"QP-0012", "0014":"QP-0014", "0015":"QP-0015", "0016":"QP-0016", "3214":"Dummy QP Name 3861", ... ]: null

2020-06-05 13:35:19 - [TEST_STEP][PASSED] - switch (DropdownNm): null

2020-06-05 13:35:19 - [TEST_STEP][PASSED] - case "PEName":: null

2020-06-05 13:35:19 - [TEST_STEP][PASSED] - ValueFound = PEListsTBL.find({ -> ... }): null

2020-06-05 13:35:19 - [TEST_STEP][PASSED] - break: null

2020-06-05 13:35:19 - [MESSAGE][PASSED] - Call Test Case 'Test Cases/PFI Precision and Scale/HashMap Tables/PELists' successfully

2020-06-05 13:35:19 - [TEST_STEP][PASSED] - println(ValueFound): null

2020-06-05 13:35:19 - [TEST_STEP][PASSED] - sendKeys(NewInputNmField, Keys.chord(ARROW_DOWN)): Keys 'DOWN + ' sent to object: 'Object Repository/Objects.HighlightElements/input_field'

2020-06-05 13:35:19 - [MESSAGE][PASSED] - Keys 'DOWN + ' sent to object: 'Object Repository/Objects.HighlightElements/input_field'

2020-06-05 13:35:19 - [TEST_STEP][PASSED] - sendKeys(NewInputNmField, Keys.chord(ARROW_DOWN)): Keys 'DOWN + ' sent to object: 'Object Repository/Objects.HighlightElements/input_field'

2020-06-05 13:35:19 - [MESSAGE][PASSED] - Keys 'DOWN + ' sent to object: 'Object Repository/Objects.HighlightElements/input_field'

2020-06-05 13:35:19 - [TEST_STEP][PASSED] - delay(DelayTime): Delayed 5 second(s)

2020-06-05 13:35:24 - [MESSAGE][PASSED] - Delayed 5 second(s)

2020-06-05 13:35:24 - [TEST_STEP][PASSED] - sendKeys(NewInputNmField, Keys.chord(ENTER)): Keys 'ENTER + ' sent to object: 'Object Repository/Objects.HighlightElements/input_field'

2020-06-05 13:35:24 - [MESSAGE][PASSED] - Keys 'ENTER + ' sent to object: 'Object Repository/Objects.HighlightElements/input_field'

2020-06-05 13:35:24 - [TEST_STEP][PASSED] - ComboBoxValue = getAttribute(NewInputNmField, "value"): Attribute 'value' of object 'Object Repository/Objects.HighlightElements/input_field' is: 'QP-0015'

2020-06-05 13:35:24 - [MESSAGE][PASSED] - Attribute 'value' of object 'Object Repository/Objects.HighlightElements/input_field' is: 'QP-0015'

2020-06-05 13:35:24 - [TEST_STEP][PASSED] - callTestCase(findTestCase(CallTCName), ["FindValue":ComboBoxValue, "DropdownNm":comboNm], STOP_ON_FAILURE): Call Test Case 'Test Cases/PFI Precision and Scale/HashMap Tables/PELists' successfully

2020-06-05 13:35:24 - [TEST_CASE][PASSED] - Test Cases/PFI Precision and Scale/HashMap Tables/PELists: Test Cases/PFI Precision and Scale/HashMap Tables/PELists

2020-06-05 13:35:24 - [TEST_STEP][PASSED] - Thread.sleep(1000): null

2020-06-05 13:35:25 - [TEST_STEP][PASSED] - PEListsTBL = ["0011":"QP-Formatted Address", "0012":"QP-0012", "0014":"QP-0014", "0015":"QP-0015", "0016":"QP-0016", "3214":"Dummy QP Name 3861", ... ]: null

2020-06-05 13:35:25 - [TEST_STEP][PASSED] - switch (DropdownNm): null

2020-06-05 13:35:25 - [TEST_STEP][PASSED] - case "PEName":: null

2020-06-05 13:35:25 - [TEST_STEP][PASSED] - ValueFound = PEListsTBL.find({ -> ... }): null

2020-06-05 13:35:25 - [TEST_STEP][PASSED] - break: null

2020-06-05 13:35:25 - [MESSAGE][PASSED] - Call Test Case 'Test Cases/PFI Precision and Scale/HashMap Tables/PELists' successfully

2020-06-05 13:35:25 - [TEST_STEP][PASSED] - println(ValueFound): null

2020-06-05 13:35:25 - [TEST_STEP][PASSED] - sendKeys(NewInputNmField, Keys.chord(ARROW_DOWN)): Keys 'DOWN + ' sent to object: 'Object Repository/Objects.HighlightElements/input_field'

2020-06-05 13:35:25 - [MESSAGE][PASSED] - Keys 'DOWN + ' sent to object: 'Object Repository/Objects.HighlightElements/input_field'

2020-06-05 13:35:25 - [TEST_STEP][PASSED] - sendKeys(NewInputNmField, Keys.chord(ARROW_DOWN)): Keys 'DOWN + ' sent to object: 'Object Repository/Objects.HighlightElements/input_field'

2020-06-05 13:35:25 - [MESSAGE][PASSED] - Keys 'DOWN + ' sent to object: 'Object Repository/Objects.HighlightElements/input_field'

2020-06-05 13:35:25 - [TEST_STEP][PASSED] - delay(DelayTime): Delayed 5 second(s)

2020-06-05 13:35:30 - [MESSAGE][PASSED] - Delayed 5 second(s)

2020-06-05 13:35:30 - [TEST_STEP][PASSED] - sendKeys(NewInputNmField, Keys.chord(ENTER)): Keys 'ENTER + ' sent to object: 'Object Repository/Objects.HighlightElements/input_field'

2020-06-05 13:35:31 - [MESSAGE][PASSED] - Keys 'ENTER + ' sent to object: 'Object Repository/Objects.HighlightElements/input_field'

2020-06-05 13:35:31 - [TEST_STEP][PASSED] - ComboBoxValue = getAttribute(NewInputNmField, "value"): Attribute 'value' of object 'Object Repository/Objects.HighlightElements/input_field' is: 'QP-0014'

2020-06-05 13:35:31 - [MESSAGE][PASSED] - Attribute 'value' of object 'Object Repository/Objects.HighlightElements/input_field' is: 'QP-0014'

2020-06-05 13:35:31 - [TEST_STEP][PASSED] - callTestCase(findTestCase(CallTCName), ["FindValue":ComboBoxValue, "DropdownNm":comboNm], STOP_ON_FAILURE): Call Test Case 'Test Cases/PFI Precision and Scale/HashMap Tables/PELists' successfully

2020-06-05 13:35:31 - [TEST_CASE][PASSED] - Test Cases/PFI Precision and Scale/HashMap Tables/PELists: Test Cases/PFI Precision and Scale/HashMap Tables/PELists

2020-06-05 13:35:31 - [TEST_STEP][PASSED] - Thread.sleep(1000): null

2020-06-05 13:35:32 - [TEST_STEP][PASSED] - PEListsTBL = ["0011":"QP-Formatted Address", "0012":"QP-0012", "0014":"QP-0014", "0015":"QP-0015", "0016":"QP-0016", "3214":"Dummy QP Name 3861", ... ]: null

2020-06-05 13:35:32 - [TEST_STEP][PASSED] - switch (DropdownNm): null

2020-06-05 13:35:32 - [TEST_STEP][PASSED] - case "PEName":: null

2020-06-05 13:35:32 - [TEST_STEP][PASSED] - ValueFound = PEListsTBL.find({ -> ... }): null

2020-06-05 13:35:32 - [TEST_STEP][PASSED] - break: null

2020-06-05 13:35:32 - [MESSAGE][PASSED] - Call Test Case 'Test Cases/PFI Precision and Scale/HashMap Tables/PELists' successfully

2020-06-05 13:35:32 - [TEST_STEP][PASSED] - println(ValueFound): null

2020-06-05 13:35:32 - [TEST_STEP][PASSED] - sendKeys(NewInputNmField, Keys.chord(ARROW_DOWN)): Keys 'DOWN + ' sent to object: 'Object Repository/Objects.HighlightElements/input_field'

2020-06-05 13:35:32 - [MESSAGE][PASSED] - Keys 'DOWN + ' sent to object: 'Object Repository/Objects.HighlightElements/input_field'

2020-06-05 13:35:32 - [TEST_STEP][PASSED] - sendKeys(NewInputNmField, Keys.chord(ARROW_DOWN)): Keys 'DOWN + ' sent to object: 'Object Repository/Objects.HighlightElements/input_field'

2020-06-05 13:35:32 - [MESSAGE][PASSED] - Keys 'DOWN + ' sent to object: 'Object Repository/Objects.HighlightElements/input_field'

2020-06-05 13:35:32 - [TEST_STEP][PASSED] - delay(DelayTime): Delayed 5 second(s)

2020-06-05 13:35:37 - [MESSAGE][PASSED] - Delayed 5 second(s)

2020-06-05 13:35:37 - [TEST_STEP][PASSED] - sendKeys(NewInputNmField, Keys.chord(ENTER)): Keys 'ENTER + ' sent to object: 'Object Repository/Objects.HighlightElements/input_field'

2020-06-05 13:35:37 - [MESSAGE][PASSED] - Keys 'ENTER + ' sent to object: 'Object Repository/Objects.HighlightElements/input_field'

2020-06-05 13:35:37 - [TEST_STEP][PASSED] - ComboBoxValue = getAttribute(NewInputNmField, "value"): Attribute 'value' of object 'Object Repository/Objects.HighlightElements/input_field' is: 'QP-0012'

2020-06-05 13:35:37 - [MESSAGE][PASSED] - Attribute 'value' of object 'Object Repository/Objects.HighlightElements/input_field' is: 'QP-0012'

2020-06-05 13:35:37 - [TEST_STEP][PASSED] - callTestCase(findTestCase(CallTCName), ["FindValue":ComboBoxValue, "DropdownNm":comboNm], STOP_ON_FAILURE): Call Test Case 'Test Cases/PFI Precision and Scale/HashMap Tables/PELists' successfully

2020-06-05 13:35:37 - [TEST_CASE][PASSED] - Test Cases/PFI Precision and Scale/HashMap Tables/PELists: Test Cases/PFI Precision and Scale/HashMap Tables/PELists

2020-06-05 13:35:37 - [TEST_STEP][PASSED] - Thread.sleep(1000): null

2020-06-05 13:35:38 - [TEST_STEP][PASSED] - PEListsTBL = ["0011":"QP-Formatted Address", "0012":"QP-0012", "0014":"QP-0014", "0015":"QP-0015", "0016":"QP-0016", "3214":"Dummy QP Name 3861", ... ]: null

2020-06-05 13:35:38 - [TEST_STEP][PASSED] - switch (DropdownNm): null

2020-06-05 13:35:38 - [TEST_STEP][PASSED] - case "PEName":: null

2020-06-05 13:35:38 - [TEST_STEP][PASSED] - ValueFound = PEListsTBL.find({ -> ... }): null

2020-06-05 13:35:38 - [TEST_STEP][PASSED] - break: null

2020-06-05 13:35:38 - [MESSAGE][PASSED] - Call Test Case 'Test Cases/PFI Precision and Scale/HashMap Tables/PELists' successfully

2020-06-05 13:35:38 - [TEST_STEP][PASSED] - println(ValueFound): null

2020-06-05 13:35:38 - [TEST_STEP][PASSED] - sendKeys(NewInputNmField, Keys.chord(ARROW_DOWN)): Keys 'DOWN + ' sent to object: 'Object Repository/Objects.HighlightElements/input_field'

2020-06-05 13:35:38 - [MESSAGE][PASSED] - Keys 'DOWN + ' sent to object: 'Object Repository/Objects.HighlightElements/input_field'

2020-06-05 13:35:38 - [TEST_STEP][PASSED] - sendKeys(NewInputNmField, Keys.chord(ARROW_DOWN)): Keys 'DOWN + ' sent to object: 'Object Repository/Objects.HighlightElements/input_field'

2020-06-05 13:35:38 - [MESSAGE][PASSED] - Keys 'DOWN + ' sent to object: 'Object Repository/Objects.HighlightElements/input_field'

2020-06-05 13:35:38 - [TEST_STEP][PASSED] - delay(DelayTime): Delayed 5 second(s)

2020-06-05 13:35:43 - [MESSAGE][PASSED] - Delayed 5 second(s)

2020-06-05 13:35:43 - [TEST_STEP][PASSED] - sendKeys(NewInputNmField, Keys.chord(ENTER)): Keys 'ENTER + ' sent to object: 'Object Repository/Objects.HighlightElements/input_field'

2020-06-05 13:35:43 - [MESSAGE][PASSED] - Keys 'ENTER + ' sent to object: 'Object Repository/Objects.HighlightElements/input_field'

2020-06-05 13:35:43 - [TEST_STEP][PASSED] - ComboBoxValue = getAttribute(NewInputNmField, "value"): Attribute 'value' of object 'Object Repository/Objects.HighlightElements/input_field' is: 'QP-Formatted Address'

2020-06-05 13:35:43 - [MESSAGE][PASSED] - Attribute 'value' of object 'Object Repository/Objects.HighlightElements/input_field' is: 'QP-Formatted Address'

2020-06-05 13:35:43 - [TEST_STEP][PASSED] - callTestCase(findTestCase(CallTCName), ["FindValue":ComboBoxValue, "DropdownNm":comboNm], STOP_ON_FAILURE): Call Test Case 'Test Cases/PFI Precision and Scale/HashMap Tables/PELists' successfully

2020-06-05 13:35:43 - [TEST_CASE][PASSED] - Test Cases/PFI Precision and Scale/HashMap Tables/PELists: Test Cases/PFI Precision and Scale/HashMap Tables/PELists

2020-06-05 13:35:43 - [TEST_STEP][PASSED] - Thread.sleep(1000): null

2020-06-05 13:35:44 - [TEST_STEP][PASSED] - PEListsTBL = ["0011":"QP-Formatted Address", "0012":"QP-0012", "0014":"QP-0014", "0015":"QP-0015", "0016":"QP-0016", "3214":"Dummy QP Name 3861", ... ]: null

2020-06-05 13:35:44 - [TEST_STEP][PASSED] - switch (DropdownNm): null

2020-06-05 13:35:44 - [TEST_STEP][PASSED] - case "PEName":: null

2020-06-05 13:35:44 - [TEST_STEP][PASSED] - ValueFound = PEListsTBL.find({ -> ... }): null

2020-06-05 13:35:44 - [TEST_STEP][PASSED] - break: null

2020-06-05 13:35:44 - [MESSAGE][PASSED] - Call Test Case 'Test Cases/PFI Precision and Scale/HashMap Tables/PELists' successfully

2020-06-05 13:35:44 - [TEST_STEP][PASSED] - println(ValueFound): null

2020-06-05 13:35:44 - [TEST_STEP][PASSED] - sendKeys(NewInputNmField, Keys.chord(ARROW_DOWN)): Keys 'DOWN + ' sent to object: 'Object Repository/Objects.HighlightElements/input_field'

2020-06-05 13:35:44 - [MESSAGE][PASSED] - Keys 'DOWN + ' sent to object: 'Object Repository/Objects.HighlightElements/input_field'

2020-06-05 13:35:44 - [TEST_STEP][PASSED] - sendKeys(NewInputNmField, Keys.chord(ARROW_DOWN)): Keys 'DOWN + ' sent to object: 'Object Repository/Objects.HighlightElements/input_field'

2020-06-05 13:35:44 - [MESSAGE][PASSED] - Keys 'DOWN + ' sent to object: 'Object Repository/Objects.HighlightElements/input_field'

2020-06-05 13:35:44 - [TEST_STEP][PASSED] - delay(DelayTime): Delayed 5 second(s)

2020-06-05 13:35:49 - [MESSAGE][PASSED] - Delayed 5 second(s)

2020-06-05 13:35:49 - [TEST_STEP][PASSED] - sendKeys(NewInputNmField, Keys.chord(ENTER)): Keys 'ENTER + ' sent to object: 'Object Repository/Objects.HighlightElements/input_field'

2020-06-05 13:35:49 - [MESSAGE][PASSED] - Keys 'ENTER + ' sent to object: 'Object Repository/Objects.HighlightElements/input_field'

2020-06-05 13:35:49 - [TEST_STEP][PASSED] - ComboBoxValue = getAttribute(NewInputNmField, "value"): Attribute 'value' of object 'Object Repository/Objects.HighlightElements/input_field' is: 'QP-7004'

2020-06-05 13:35:49 - [MESSAGE][PASSED] - Attribute 'value' of object 'Object Repository/Objects.HighlightElements/input_field' is: 'QP-7004'

2020-06-05 13:35:49 - [TEST_STEP][PASSED] - callTestCase(findTestCase(CallTCName), ["FindValue":ComboBoxValue, "DropdownNm":comboNm], STOP_ON_FAILURE): Call Test Case 'Test Cases/PFI Precision and Scale/HashMap Tables/PELists' successfully

2020-06-05 13:35:49 - [TEST_CASE][PASSED] - Test Cases/PFI Precision and Scale/HashMap Tables/PELists: Test Cases/PFI Precision and Scale/HashMap Tables/PELists

2020-06-05 13:35:49 - [TEST_STEP][PASSED] - Thread.sleep(1000): null

2020-06-05 13:35:50 - [TEST_STEP][PASSED] - PEListsTBL = ["0011":"QP-Formatted Address", "0012":"QP-0012", "0014":"QP-0014", "0015":"QP-0015", "0016":"QP-0016", "3214":"Dummy QP Name 3861", ... ]: null

2020-06-05 13:35:50 - [TEST_STEP][PASSED] - switch (DropdownNm): null

2020-06-05 13:35:50 - [TEST_STEP][PASSED] - case "PEName":: null

2020-06-05 13:35:50 - [TEST_STEP][PASSED] - ValueFound = PEListsTBL.find({ -> ... }): null

2020-06-05 13:35:50 - [TEST_STEP][PASSED] - break: null

2020-06-05 13:35:50 - [MESSAGE][PASSED] - Call Test Case 'Test Cases/PFI Precision and Scale/HashMap Tables/PELists' successfully

2020-06-05 13:35:50 - [TEST_STEP][PASSED] - println(ValueFound): null

2020-06-05 13:35:50 - [TEST_STEP][PASSED] - sendKeys(NewInputNmField, Keys.chord(ARROW_DOWN)): Keys 'DOWN + ' sent to object: 'Object Repository/Objects.HighlightElements/input_field'

2020-06-05 13:35:50 - [MESSAGE][PASSED] - Keys 'DOWN + ' sent to object: 'Object Repository/Objects.HighlightElements/input_field'

2020-06-05 13:35:50 - [TEST_STEP][PASSED] - sendKeys(NewInputNmField, Keys.chord(ARROW_DOWN)): Keys 'DOWN + ' sent to object: 'Object Repository/Objects.HighlightElements/input_field'

2020-06-05 13:35:50 - [MESSAGE][PASSED] - Keys 'DOWN + ' sent to object: 'Object Repository/Objects.HighlightElements/input_field'

2020-06-05 13:35:50 - [TEST_STEP][PASSED] - delay(DelayTime): Delayed 5 second(s)

2020-06-05 13:35:55 - [MESSAGE][PASSED] - Delayed 5 second(s)

2020-06-05 13:35:55 - [TEST_STEP][PASSED] - sendKeys(NewInputNmField, Keys.chord(ENTER)): Keys 'ENTER + ' sent to object: 'Object Repository/Objects.HighlightElements/input_field'

2020-06-05 13:35:55 - [MESSAGE][PASSED] - Keys 'ENTER + ' sent to object: 'Object Repository/Objects.HighlightElements/input_field'

2020-06-05 13:35:55 - [TEST_STEP][PASSED] - ComboBoxValue = getAttribute(NewInputNmField, "value"): Attribute 'value' of object 'Object Repository/Objects.HighlightElements/input_field' is: 'Janet Waters'

2020-06-05 13:35:55 - [MESSAGE][PASSED] - Attribute 'value' of object 'Object Repository/Objects.HighlightElements/input_field' is: 'Janet Waters'

2020-06-05 13:35:55 - [TEST_STEP][PASSED] - callTestCase(findTestCase(CallTCName), ["FindValue":ComboBoxValue, "DropdownNm":comboNm], STOP_ON_FAILURE): Call Test Case 'Test Cases/PFI Precision and Scale/HashMap Tables/PELists' successfully

2020-06-05 13:35:55 - [TEST_CASE][PASSED] - Test Cases/PFI Precision and Scale/HashMap Tables/PELists: Test Cases/PFI Precision and Scale/HashMap Tables/PELists

2020-06-05 13:35:55 - [TEST_STEP][PASSED] - Thread.sleep(1000): null

2020-06-05 13:35:56 - [TEST_STEP][PASSED] - PEListsTBL = ["0011":"QP-Formatted Address", "0012":"QP-0012", "0014":"QP-0014", "0015":"QP-0015", "0016":"QP-0016", "3214":"Dummy QP Name 3861", ... ]: null

2020-06-05 13:35:56 - [TEST_STEP][PASSED] - switch (DropdownNm): null

2020-06-05 13:35:57 - [TEST_STEP][PASSED] - case "PEName":: null

2020-06-05 13:35:57 - [TEST_STEP][PASSED] - ValueFound = PEListsTBL.find({ -> ... }): null

2020-06-05 13:35:57 - [TEST_STEP][PASSED] - break: null

2020-06-05 13:35:57 - [MESSAGE][PASSED] - Call Test Case 'Test Cases/PFI Precision and Scale/HashMap Tables/PELists' successfully

2020-06-05 13:35:57 - [TEST_STEP][PASSED] - println(ValueFound): null

2020-06-05 13:35:57 - [TEST_STEP][PASSED] - sendKeys(NewInputNmField, Keys.chord(ARROW_DOWN)): Keys 'DOWN + ' sent to object: 'Object Repository/Objects.HighlightElements/input_field'

2020-06-05 13:35:57 - [MESSAGE][PASSED] - Keys 'DOWN + ' sent to object: 'Object Repository/Objects.HighlightElements/input_field'

2020-06-05 13:35:57 - [TEST_STEP][PASSED] - sendKeys(NewInputNmField, Keys.chord(ARROW_DOWN)): Keys 'DOWN + ' sent to object: 'Object Repository/Objects.HighlightElements/input_field'

2020-06-05 13:35:57 - [MESSAGE][PASSED] - Keys 'DOWN + ' sent to object: 'Object Repository/Objects.HighlightElements/input_field'

2020-06-05 13:35:57 - [TEST_STEP][PASSED] - delay(DelayTime): Delayed 5 second(s)

2020-06-05 13:36:02 - [MESSAGE][PASSED] - Delayed 5 second(s)

2020-06-05 13:36:02 - [TEST_STEP][PASSED] - sendKeys(NewInputNmField, Keys.chord(ENTER)): Keys 'ENTER + ' sent to object: 'Object Repository/Objects.HighlightElements/input_field'

2020-06-05 13:36:02 - [MESSAGE][PASSED] - Keys 'ENTER + ' sent to object: 'Object Repository/Objects.HighlightElements/input_field'

2020-06-05 13:36:02 - [TEST_STEP][PASSED] - ComboBoxValue = getAttribute(NewInputNmField, "value"): Attribute 'value' of object 'Object Repository/Objects.HighlightElements/input_field' is: 'Mrs. Mikayla Romaguera Sr.'

2020-06-05 13:36:02 - [MESSAGE][PASSED] - Attribute 'value' of object 'Object Repository/Objects.HighlightElements/input_field' is: 'Mrs. Mikayla Romaguera Sr.'

2020-06-05 13:36:02 - [TEST_STEP][PASSED] - callTestCase(findTestCase(CallTCName), ["FindValue":ComboBoxValue, "DropdownNm":comboNm], STOP_ON_FAILURE): Call Test Case 'Test Cases/PFI Precision and Scale/HashMap Tables/PELists' successfully

2020-06-05 13:36:02 - [TEST_CASE][PASSED] - Test Cases/PFI Precision and Scale/HashMap Tables/PELists: Test Cases/PFI Precision and Scale/HashMap Tables/PELists

2020-06-05 13:36:02 - [TEST_STEP][PASSED] - Thread.sleep(1000): null

2020-06-05 13:36:03 - [TEST_STEP][PASSED] - PEListsTBL = ["0011":"QP-Formatted Address", "0012":"QP-0012", "0014":"QP-0014", "0015":"QP-0015", "0016":"QP-0016", "3214":"Dummy QP Name 3861", ... ]: null

2020-06-05 13:36:03 - [TEST_STEP][PASSED] - switch (DropdownNm): null

2020-06-05 13:36:03 - [TEST_STEP][PASSED] - case "PEName":: null

2020-06-05 13:36:03 - [TEST_STEP][PASSED] - ValueFound = PEListsTBL.find({ -> ... }): null

2020-06-05 13:36:03 - [TEST_STEP][PASSED] - break: null

2020-06-05 13:36:03 - [MESSAGE][PASSED] - Call Test Case 'Test Cases/PFI Precision and Scale/HashMap Tables/PELists' successfully

2020-06-05 13:36:03 - [TEST_STEP][PASSED] - println(ValueFound): null

2020-06-05 13:36:03 - [TEST_STEP][PASSED] - sendKeys(NewInputNmField, Keys.chord(ARROW_DOWN)): Keys 'DOWN + ' sent to object: 'Object Repository/Objects.HighlightElements/input_field'

2020-06-05 13:36:03 - [MESSAGE][PASSED] - Keys 'DOWN + ' sent to object: 'Object Repository/Objects.HighlightElements/input_field'

2020-06-05 13:36:03 - [TEST_STEP][PASSED] - sendKeys(NewInputNmField, Keys.chord(ENTER)): Keys 'ENTER + ' sent to object: 'Object Repository/Objects.HighlightElements/input_field'

2020-06-05 13:36:03 - [MESSAGE][PASSED] - Keys 'ENTER + ' sent to object: 'Object Repository/Objects.HighlightElements/input_field'

2020-06-05 13:36:03 - [MESSAGE][PASSED] - Call Test Case 'Test Cases/PFI Precision and Scale/PFI Components/VerifyDropdownValues' successfully

2020-06-05 13:36:03 - [TEST_STEP][PASSED] - callTestCase(findTestCase("Components/ClickCancelIcon"), [:], STOP_ON_FAILURE): Call Test Case 'Test Cases/Components/ClickCancelIcon' successfully

2020-06-05 13:36:03 - [TEST_CASE][PASSED] - Test Cases/Components/ClickCancelIcon: Test Cases/Components/ClickCancelIcon

2020-06-05 13:36:03 - [TEST_STEP][PASSED] - Thread.sleep(1000): null

2020-06-05 13:36:04 - [TEST_STEP][PASSED] - com.reusableComponents.HighlightElement.run(findTestObject("Object Repository/Objects.ActionButtons/Cancel_Icon")): com.reusableComponents.HighlightElement.run is PASSED

2020-06-05 13:36:04 - [MESSAGE][PASSED] - com.reusableComponents.HighlightElement.run is PASSED

2020-06-05 13:36:04 - [TEST_STEP][PASSED] - click(findTestObject("Object Repository/Objects.ActionButtons/Cancel_Icon")): Object: 'Object Repository/Objects.ActionButtons/Cancel_Icon' is clicked on

2020-06-05 13:36:04 - [MESSAGE][PASSED] - Object: 'Object Repository/Objects.ActionButtons/Cancel_Icon' is clicked on

2020-06-05 13:36:04 - [MESSAGE][PASSED] - Call Test Case 'Test Cases/Components/ClickCancelIcon' successfully

2020-06-05 13:36:04 - [TEST_STEP][NOT_RUN] - callTestCase(findTestCase("Components/Logout"), ["LogoutPageTextToBeVerified":findTestData("Datatable").getValue("HomeBanner", 2)], STOP_ON_FAILURE): NOT_RUN: callTestCase(findTestCase("Components/Logout"), ["LogoutPageTextToBeVerified":findTestData("Datatable").getValue("HomeBanner", 2)], STOP_ON_FAILURE)

2020-06-05 13:36:04 - [MESSAGE][NOT_RUN] - NOT_RUN: callTestCase(findTestCase("Components/Logout"), ["LogoutPageTextToBeVerified":findTestData("Datatable").getValue("HomeBanner", 2)], STOP_ON_FAILURE)]]></system-out>
         <system-err><![CDATA[]]></system-err>
      </testcase>
      <testcase name="Test Cases/PFI Precision and Scale/PFI Test Cases/Process Case (PFI)/PFI.D2FormsLHS" time="124.445" classname="Test Cases/PFI Precision and Scale/PFI Test Cases/Process Case (PFI)/PFI.D2FormsLHS" status="PASSED">
         <system-out><![CDATA[2020-06-05 13:36:04 - [TEST_CASE][PASSED] - Test Cases/PFI Precision and Scale/PFI Test Cases/Process Case (PFI)/PFI.D2FormsLHS: Test Cases/PFI Precision and Scale/PFI Test Cases/Process Case (PFI)/PFI.D2FormsLHS

2020-06-05 13:36:05 - [TEST_STEP][NOT_RUN] - callTestCase(findTestCase("Components/LoginV2.0"), ["LinkToBeUsed":findTestData("Datatable").getValue("URL", 16), "LoginPageTextToBeVerified":findTestData("Datatable").getValue("HomeBanner", 2), ... ], STOP_ON_FAILURE): NOT_RUN: callTestCase(findTestCase("Components/LoginV2.0"), ["LinkToBeUsed":findTestData("Datatable").getValue("URL", 16), "LoginPageTextToBeVerified":findTestData("Datatable").getValue("HomeBanner", 2), ... ], STOP_ON_FAILURE)

2020-06-05 13:36:05 - [MESSAGE][NOT_RUN] - NOT_RUN: callTestCase(findTestCase("Components/LoginV2.0"), ["LinkToBeUsed":findTestData("Datatable").getValue("URL", 16), "LoginPageTextToBeVerified":findTestData("Datatable").getValue("HomeBanner", 2), ... ], STOP_ON_FAILURE)

2020-06-05 13:36:05 - [TEST_STEP][NOT_RUN] - callTestCase(findTestCase("Components/Filter"), ["taskDescription":"Process Case (SM)"], STOP_ON_FAILURE): NOT_RUN: callTestCase(findTestCase("Components/Filter"), ["taskDescription":"Process Case (SM)"], STOP_ON_FAILURE)

2020-06-05 13:36:05 - [MESSAGE][NOT_RUN] - NOT_RUN: callTestCase(findTestCase("Components/Filter"), ["taskDescription":"Process Case (SM)"], STOP_ON_FAILURE)

2020-06-05 13:36:05 - [TEST_STEP][NOT_RUN] - callTestCase(findTestCase("Components/ClickLinkDependingOnTextAndIndex"), ["linkName":"Process Case (SM)", "index":"2"], STOP_ON_FAILURE): NOT_RUN: callTestCase(findTestCase("Components/ClickLinkDependingOnTextAndIndex"), ["linkName":"Process Case (SM)", "index":"2"], STOP_ON_FAILURE)

2020-06-05 13:36:05 - [MESSAGE][NOT_RUN] - NOT_RUN: callTestCase(findTestCase("Components/ClickLinkDependingOnTextAndIndex"), ["linkName":"Process Case (SM)", "index":"2"], STOP_ON_FAILURE)

2020-06-05 13:36:05 - [TEST_STEP][PASSED] - callTestCase(findTestCase("Components/NavigateToAnyLHS"), ["LHS":"D2 Forms (Second Stage)"], STOP_ON_FAILURE): Call Test Case 'Test Cases/Components/NavigateToAnyLHS' successfully

2020-06-05 13:36:05 - [TEST_CASE][PASSED] - Test Cases/Components/NavigateToAnyLHS: Test Cases/Components/NavigateToAnyLHS

2020-06-05 13:36:05 - [TEST_STEP][PASSED] - Thread.sleep(1000): null

2020-06-05 13:36:06 - [TEST_STEP][PASSED] - modifiedLHS = modifyObjectProperty(findTestObject("Objects.NavigateToAnyLHS/Page_ISPS2/LHSToModify"), "text", "equals", LHS, true): Modify property of object successfully

2020-06-05 13:36:06 - [MESSAGE][PASSED] - Modify property of object successfully

2020-06-05 13:36:06 - [TEST_STEP][PASSED] - click(modifiedLHS): Object: 'Object Repository/Objects.NavigateToAnyLHS/Page_ISPS2/LHSToModify' is clicked on

2020-06-05 13:36:06 - [MESSAGE][PASSED] - Object: 'Object Repository/Objects.NavigateToAnyLHS/Page_ISPS2/LHSToModify' is clicked on

2020-06-05 13:36:06 - [TEST_STEP][PASSED] - currentLHS = getText(modifiedLHS): Text of object 'Object Repository/Objects.NavigateToAnyLHS/Page_ISPS2/LHSToModify' is: 'D2 Forms (Second Stage)'

2020-06-05 13:36:06 - [MESSAGE][PASSED] - Text of object 'Object Repository/Objects.NavigateToAnyLHS/Page_ISPS2/LHSToModify' is: 'D2 Forms (Second Stage)'

2020-06-05 13:36:06 - [TEST_STEP][PASSED] - Thread.sleep(5000): null

2020-06-05 13:36:11 - [MESSAGE][PASSED] - Call Test Case 'Test Cases/Components/NavigateToAnyLHS' successfully

2020-06-05 13:36:11 - [TEST_STEP][PASSED] - callTestCase(findTestCase("Components/VerifyPageSuccessfullyLoadedII"), ["PageNm":"D Forms (Second Stage)"], STOP_ON_FAILURE): Call Test Case 'Test Cases/Components/VerifyPageSuccessfullyLoadedII' successfully

2020-06-05 13:36:11 - [TEST_CASE][PASSED] - Test Cases/Components/VerifyPageSuccessfullyLoadedII: Test Cases/Components/VerifyPageSuccessfullyLoadedII

2020-06-05 13:36:11 - [TEST_STEP][PASSED] - waitForPageLoad(5): Wait for page load successfully

2020-06-05 13:36:11 - [MESSAGE][PASSED] - Wait for page load successfully

2020-06-05 13:36:11 - [TEST_STEP][PASSED] - modifiedInputFld = modifyObjectProperty(findTestObject("Object Repository/Objects.VerifyPageSuccessfullyLoaded/PageHeaderIndex"), "xpath", "equals", "//*[contains(@class,'isps-page-title') and (text()='" + PageNm + "')]", true): Modify property of object successfully

2020-06-05 13:36:11 - [MESSAGE][PASSED] - Modify property of object successfully

2020-06-05 13:36:11 - [TEST_STEP][PASSED] - com.reusableComponents.HighlightElement.run(modifiedInputFld): com.reusableComponents.HighlightElement.run is PASSED

2020-06-05 13:36:11 - [MESSAGE][PASSED] - com.reusableComponents.HighlightElement.run is PASSED

2020-06-05 13:36:11 - [MESSAGE][PASSED] - Call Test Case 'Test Cases/Components/VerifyPageSuccessfullyLoadedII' successfully

2020-06-05 13:36:11 - [TEST_STEP][PASSED] - callTestCase(findTestCase("Components/ClickSubmitButton"), [:], STOP_ON_FAILURE): Call Test Case 'Test Cases/Components/ClickSubmitButton' successfully

2020-06-05 13:36:11 - [TEST_CASE][PASSED] - Test Cases/Components/ClickSubmitButton: Test Cases/Components/ClickSubmitButton

2020-06-05 13:36:12 - [TEST_STEP][PASSED] - Thread.sleep(1000): null

2020-06-05 13:36:13 - [TEST_STEP][PASSED] - com.reusableComponents.HighlightElement.run(findTestObject("Objects.ClickSubmitButton/XP_SubmitButton")): com.reusableComponents.HighlightElement.run is PASSED

2020-06-05 13:36:13 - [MESSAGE][PASSED] - com.reusableComponents.HighlightElement.run is PASSED

2020-06-05 13:36:13 - [TEST_STEP][PASSED] - click(findTestObject("Objects.ClickSubmitButton/XP_SubmitButton")): Object: 'Object Repository/Objects.ClickSubmitButton/XP_SubmitButton' is clicked on

2020-06-05 13:36:13 - [MESSAGE][PASSED] - Object: 'Object Repository/Objects.ClickSubmitButton/XP_SubmitButton' is clicked on

2020-06-05 13:36:13 - [MESSAGE][PASSED] - Call Test Case 'Test Cases/Components/ClickSubmitButton' successfully

2020-06-05 13:36:13 - [TEST_STEP][PASSED] - callTestCase(findTestCase("PFI Precision and Scale/PFI Components/RequiredFieldValidation"), ["nameToBeUsed":"d2RecvDt"], STOP_ON_FAILURE): Call Test Case 'Test Cases/PFI Precision and Scale/PFI Components/RequiredFieldValidation' successfully

2020-06-05 13:36:13 - [TEST_CASE][PASSED] - Test Cases/PFI Precision and Scale/PFI Components/RequiredFieldValidation: Test Cases/PFI Precision and Scale/PFI Components/RequiredFieldValidation

2020-06-05 13:36:13 - [TEST_STEP][PASSED] - Thread.sleep(1000): null

2020-06-05 13:36:14 - [TEST_STEP][PASSED] - NewInputNmField = modifyObjectProperty(findTestObject("Objects.HighlightElements/input_field"), "name", "equals", nameToBeUsed, true): Modify property of object successfully

2020-06-05 13:36:14 - [MESSAGE][PASSED] - Modify property of object successfully

2020-06-05 13:36:14 - [TEST_STEP][PASSED] - mouseOver(NewInputNmField): Object: 'Object Repository/Objects.HighlightElements/input_field' is hovered

2020-06-05 13:36:14 - [MESSAGE][PASSED] - Object: 'Object Repository/Objects.HighlightElements/input_field' is hovered

2020-06-05 13:36:14 - [TEST_STEP][PASSED] - getRqErrMsg = getAttribute(NewInputNmField, "data-errorqtip"): Attribute 'data-errorqtip' of object 'Object Repository/Objects.HighlightElements/input_field' is: '<ul class="x-list-plain"><li>This field is required</li></ul>'

2020-06-05 13:36:14 - [MESSAGE][PASSED] - Attribute 'data-errorqtip' of object 'Object Repository/Objects.HighlightElements/input_field' is: '<ul class="x-list-plain"><li>This field is required</li></ul>'

2020-06-05 13:36:14 - [TEST_STEP][PASSED] - strToolTip = getRqErrMsg.substring(29, 61): null

2020-06-05 13:36:14 - [TEST_STEP][PASSED] - toolTipReqErrMsg = strToolTip.substring(0, 22): null

2020-06-05 13:36:14 - [TEST_STEP][PASSED] - verifyMatch(toolTipReqErrMsg, RqField, true): Actual text 'This field is required' and expected text 'This field is required' are matched  using regular expression

2020-06-05 13:36:14 - [MESSAGE][PASSED] - Actual text 'This field is required' and expected text 'This field is required' are matched  using regular expression

2020-06-05 13:36:14 - [MESSAGE][PASSED] - Call Test Case 'Test Cases/PFI Precision and Scale/PFI Components/RequiredFieldValidation' successfully

2020-06-05 13:36:14 - [TEST_STEP][PASSED] - callTestCase(findTestCase("PFI Precision and Scale/PFI Components/RequiredFieldValidation"), ["nameToBeUsed":"d2ComplDt"], STOP_ON_FAILURE): Call Test Case 'Test Cases/PFI Precision and Scale/PFI Components/RequiredFieldValidation' successfully

2020-06-05 13:36:14 - [TEST_CASE][PASSED] - Test Cases/PFI Precision and Scale/PFI Components/RequiredFieldValidation: Test Cases/PFI Precision and Scale/PFI Components/RequiredFieldValidation

2020-06-05 13:36:14 - [TEST_STEP][PASSED] - Thread.sleep(1000): null

2020-06-05 13:36:15 - [TEST_STEP][PASSED] - NewInputNmField = modifyObjectProperty(findTestObject("Objects.HighlightElements/input_field"), "name", "equals", nameToBeUsed, true): Modify property of object successfully

2020-06-05 13:36:15 - [MESSAGE][PASSED] - Modify property of object successfully

2020-06-05 13:36:15 - [TEST_STEP][PASSED] - mouseOver(NewInputNmField): Object: 'Object Repository/Objects.HighlightElements/input_field' is hovered

2020-06-05 13:36:16 - [MESSAGE][PASSED] - Object: 'Object Repository/Objects.HighlightElements/input_field' is hovered

2020-06-05 13:36:16 - [TEST_STEP][PASSED] - getRqErrMsg = getAttribute(NewInputNmField, "data-errorqtip"): Attribute 'data-errorqtip' of object 'Object Repository/Objects.HighlightElements/input_field' is: '<ul class="x-list-plain"><li>This field is required</li></ul>'

2020-06-05 13:36:16 - [MESSAGE][PASSED] - Attribute 'data-errorqtip' of object 'Object Repository/Objects.HighlightElements/input_field' is: '<ul class="x-list-plain"><li>This field is required</li></ul>'

2020-06-05 13:36:16 - [TEST_STEP][PASSED] - strToolTip = getRqErrMsg.substring(29, 61): null

2020-06-05 13:36:16 - [TEST_STEP][PASSED] - toolTipReqErrMsg = strToolTip.substring(0, 22): null

2020-06-05 13:36:16 - [TEST_STEP][PASSED] - verifyMatch(toolTipReqErrMsg, RqField, true): Actual text 'This field is required' and expected text 'This field is required' are matched  using regular expression

2020-06-05 13:36:16 - [MESSAGE][PASSED] - Actual text 'This field is required' and expected text 'This field is required' are matched  using regular expression

2020-06-05 13:36:16 - [MESSAGE][PASSED] - Call Test Case 'Test Cases/PFI Precision and Scale/PFI Components/RequiredFieldValidation' successfully

2020-06-05 13:36:16 - [TEST_STEP][PASSED] - callTestCase(findTestCase("PFI Precision and Scale/PFI Components/RequiredFieldValidation"), ["nameToBeUsed":"d2aRecvDt"], STOP_ON_FAILURE): Call Test Case 'Test Cases/PFI Precision and Scale/PFI Components/RequiredFieldValidation' successfully

2020-06-05 13:36:16 - [TEST_CASE][PASSED] - Test Cases/PFI Precision and Scale/PFI Components/RequiredFieldValidation: Test Cases/PFI Precision and Scale/PFI Components/RequiredFieldValidation

2020-06-05 13:36:16 - [TEST_STEP][PASSED] - Thread.sleep(1000): null

2020-06-05 13:36:17 - [TEST_STEP][PASSED] - NewInputNmField = modifyObjectProperty(findTestObject("Objects.HighlightElements/input_field"), "name", "equals", nameToBeUsed, true): Modify property of object successfully

2020-06-05 13:36:17 - [MESSAGE][PASSED] - Modify property of object successfully

2020-06-05 13:36:17 - [TEST_STEP][PASSED] - mouseOver(NewInputNmField): Object: 'Object Repository/Objects.HighlightElements/input_field' is hovered

2020-06-05 13:36:17 - [MESSAGE][PASSED] - Object: 'Object Repository/Objects.HighlightElements/input_field' is hovered

2020-06-05 13:36:17 - [TEST_STEP][PASSED] - getRqErrMsg = getAttribute(NewInputNmField, "data-errorqtip"): Attribute 'data-errorqtip' of object 'Object Repository/Objects.HighlightElements/input_field' is: '<ul class="x-list-plain"><li>This field is required</li></ul>'

2020-06-05 13:36:17 - [MESSAGE][PASSED] - Attribute 'data-errorqtip' of object 'Object Repository/Objects.HighlightElements/input_field' is: '<ul class="x-list-plain"><li>This field is required</li></ul>'

2020-06-05 13:36:17 - [TEST_STEP][PASSED] - strToolTip = getRqErrMsg.substring(29, 61): null

2020-06-05 13:36:17 - [TEST_STEP][PASSED] - toolTipReqErrMsg = strToolTip.substring(0, 22): null

2020-06-05 13:36:17 - [TEST_STEP][PASSED] - verifyMatch(toolTipReqErrMsg, RqField, true): Actual text 'This field is required' and expected text 'This field is required' are matched  using regular expression

2020-06-05 13:36:17 - [MESSAGE][PASSED] - Actual text 'This field is required' and expected text 'This field is required' are matched  using regular expression

2020-06-05 13:36:17 - [MESSAGE][PASSED] - Call Test Case 'Test Cases/PFI Precision and Scale/PFI Components/RequiredFieldValidation' successfully

2020-06-05 13:36:17 - [TEST_STEP][PASSED] - callTestCase(findTestCase("PFI Precision and Scale/PFI Components/RequiredFieldValidation"), ["nameToBeUsed":"d2aComplDt"], STOP_ON_FAILURE): Call Test Case 'Test Cases/PFI Precision and Scale/PFI Components/RequiredFieldValidation' successfully

2020-06-05 13:36:17 - [TEST_CASE][PASSED] - Test Cases/PFI Precision and Scale/PFI Components/RequiredFieldValidation: Test Cases/PFI Precision and Scale/PFI Components/RequiredFieldValidation

2020-06-05 13:36:17 - [TEST_STEP][PASSED] - Thread.sleep(1000): null

2020-06-05 13:36:18 - [TEST_STEP][PASSED] - NewInputNmField = modifyObjectProperty(findTestObject("Objects.HighlightElements/input_field"), "name", "equals", nameToBeUsed, true): Modify property of object successfully

2020-06-05 13:36:18 - [MESSAGE][PASSED] - Modify property of object successfully

2020-06-05 13:36:18 - [TEST_STEP][PASSED] - mouseOver(NewInputNmField): Object: 'Object Repository/Objects.HighlightElements/input_field' is hovered

2020-06-05 13:36:18 - [MESSAGE][PASSED] - Object: 'Object Repository/Objects.HighlightElements/input_field' is hovered

2020-06-05 13:36:18 - [TEST_STEP][PASSED] - getRqErrMsg = getAttribute(NewInputNmField, "data-errorqtip"): Attribute 'data-errorqtip' of object 'Object Repository/Objects.HighlightElements/input_field' is: '<ul class="x-list-plain"><li>This field is required</li></ul>'

2020-06-05 13:36:18 - [MESSAGE][PASSED] - Attribute 'data-errorqtip' of object 'Object Repository/Objects.HighlightElements/input_field' is: '<ul class="x-list-plain"><li>This field is required</li></ul>'

2020-06-05 13:36:18 - [TEST_STEP][PASSED] - strToolTip = getRqErrMsg.substring(29, 61): null

2020-06-05 13:36:18 - [TEST_STEP][PASSED] - toolTipReqErrMsg = strToolTip.substring(0, 22): null

2020-06-05 13:36:18 - [TEST_STEP][PASSED] - verifyMatch(toolTipReqErrMsg, RqField, true): Actual text 'This field is required' and expected text 'This field is required' are matched  using regular expression

2020-06-05 13:36:18 - [MESSAGE][PASSED] - Actual text 'This field is required' and expected text 'This field is required' are matched  using regular expression

2020-06-05 13:36:18 - [MESSAGE][PASSED] - Call Test Case 'Test Cases/PFI Precision and Scale/PFI Components/RequiredFieldValidation' successfully

2020-06-05 13:36:18 - [TEST_STEP][PASSED] - callTestCase(findTestCase("PFI Precision and Scale/PFI Components/RequiredFieldValidation"), ["nameToBeUsed":"peRegNbr"], STOP_ON_FAILURE): Call Test Case 'Test Cases/PFI Precision and Scale/PFI Components/RequiredFieldValidation' successfully

2020-06-05 13:36:18 - [TEST_CASE][PASSED] - Test Cases/PFI Precision and Scale/PFI Components/RequiredFieldValidation: Test Cases/PFI Precision and Scale/PFI Components/RequiredFieldValidation

2020-06-05 13:36:18 - [TEST_STEP][PASSED] - Thread.sleep(1000): null

2020-06-05 13:36:19 - [TEST_STEP][PASSED] - NewInputNmField = modifyObjectProperty(findTestObject("Objects.HighlightElements/input_field"), "name", "equals", nameToBeUsed, true): Modify property of object successfully

2020-06-05 13:36:19 - [MESSAGE][PASSED] - Modify property of object successfully

2020-06-05 13:36:19 - [TEST_STEP][PASSED] - mouseOver(NewInputNmField): Object: 'Object Repository/Objects.HighlightElements/input_field' is hovered

2020-06-05 13:36:19 - [MESSAGE][PASSED] - Object: 'Object Repository/Objects.HighlightElements/input_field' is hovered

2020-06-05 13:36:19 - [TEST_STEP][PASSED] - getRqErrMsg = getAttribute(NewInputNmField, "data-errorqtip"): Attribute 'data-errorqtip' of object 'Object Repository/Objects.HighlightElements/input_field' is: '<ul class="x-list-plain"><li>This field is required</li></ul>'

2020-06-05 13:36:20 - [MESSAGE][PASSED] - Attribute 'data-errorqtip' of object 'Object Repository/Objects.HighlightElements/input_field' is: '<ul class="x-list-plain"><li>This field is required</li></ul>'

2020-06-05 13:36:20 - [TEST_STEP][PASSED] - strToolTip = getRqErrMsg.substring(29, 61): null

2020-06-05 13:36:20 - [TEST_STEP][PASSED] - toolTipReqErrMsg = strToolTip.substring(0, 22): null

2020-06-05 13:36:20 - [TEST_STEP][PASSED] - verifyMatch(toolTipReqErrMsg, RqField, true): Actual text 'This field is required' and expected text 'This field is required' are matched  using regular expression

2020-06-05 13:36:20 - [MESSAGE][PASSED] - Actual text 'This field is required' and expected text 'This field is required' are matched  using regular expression

2020-06-05 13:36:20 - [MESSAGE][PASSED] - Call Test Case 'Test Cases/PFI Precision and Scale/PFI Components/RequiredFieldValidation' successfully

2020-06-05 13:36:20 - [TEST_STEP][PASSED] - callTestCase(findTestCase("Components/HighlightLabelField"), ["LblName":"Inspection D2 Receive Date *:"], STOP_ON_FAILURE): Call Test Case 'Test Cases/Components/HighlightLabelField' successfully

2020-06-05 13:36:20 - [TEST_CASE][PASSED] - Test Cases/Components/HighlightLabelField: Test Cases/Components/HighlightLabelField

2020-06-05 13:36:20 - [TEST_STEP][PASSED] - Thread.sleep(1000): null

2020-06-05 13:36:21 - [TEST_STEP][PASSED] - modifiedLblNm = modifyObjectProperty(findTestObject("Objects.HighlightElements/lblField"), "text", "equals", LblName, true): Modify property of object successfully

2020-06-05 13:36:21 - [MESSAGE][PASSED] - Modify property of object successfully

2020-06-05 13:36:21 - [TEST_STEP][PASSED] - com.reusableComponents.HighlightElement.run(modifiedLblNm): com.reusableComponents.HighlightElement.run is PASSED

2020-06-05 13:36:21 - [MESSAGE][PASSED] - com.reusableComponents.HighlightElement.run is PASSED

2020-06-05 13:36:21 - [MESSAGE][PASSED] - Call Test Case 'Test Cases/Components/HighlightLabelField' successfully

2020-06-05 13:36:21 - [TEST_STEP][PASSED] - callTestCase(findTestCase("Components/HighlightInputField"), ["InputFldName":"d2RecvDt"], STOP_ON_FAILURE): Call Test Case 'Test Cases/Components/HighlightInputField' successfully

2020-06-05 13:36:21 - [TEST_CASE][PASSED] - Test Cases/Components/HighlightInputField: Test Cases/Components/HighlightInputField

2020-06-05 13:36:21 - [TEST_STEP][PASSED] - Thread.sleep(1000): null

2020-06-05 13:36:22 - [TEST_STEP][PASSED] - modifiedLblNm = modifyObjectProperty(findTestObject("Objects.HighlightElements/input_field"), "name", "equals", InputFldName, true): Modify property of object successfully

2020-06-05 13:36:22 - [MESSAGE][PASSED] - Modify property of object successfully

2020-06-05 13:36:22 - [TEST_STEP][PASSED] - com.reusableComponents.HighlightElement.run(modifiedLblNm): com.reusableComponents.HighlightElement.run is PASSED

2020-06-05 13:36:23 - [MESSAGE][PASSED] - com.reusableComponents.HighlightElement.run is PASSED

2020-06-05 13:36:23 - [MESSAGE][PASSED] - Call Test Case 'Test Cases/Components/HighlightInputField' successfully

2020-06-05 13:36:23 - [TEST_STEP][PASSED] - callTestCase(findTestCase("PFI Precision and Scale/PFI Components/NumericTextboxValidationII"), ["nameToBeUsed":"d2RecvDt", "minLen":5], STOP_ON_FAILURE): Call Test Case 'Test Cases/PFI Precision and Scale/PFI Components/NumericTextboxValidationII' successfully

2020-06-05 13:36:23 - [TEST_CASE][PASSED] - Test Cases/PFI Precision and Scale/PFI Components/NumericTextboxValidationII: Test Cases/PFI Precision and Scale/PFI Components/NumericTextboxValidationII

2020-06-05 13:36:23 - [TEST_STEP][PASSED] - Thread.sleep(1000): null

2020-06-05 13:36:24 - [TEST_STEP][PASSED] - Numeric = "0123456789": null

2020-06-05 13:36:24 - [TEST_STEP][PASSED] - AlphaSpecialChar = z) + "`~!@#$%^&*()=_{}|\][;'":,?><"".join(): null

2020-06-05 13:36:24 - [TEST_STEP][PASSED] - RandomNumeric = RandomStringUtils.random(minLen, Numeric.toCharArray()): null

2020-06-05 13:36:24 - [TEST_STEP][PASSED] - RandomString = RandomStringUtils.random(minLen, AlphaSpecialChar): null

2020-06-05 13:36:24 - [TEST_STEP][PASSED] - regexPat = Pattern.compile("^[0-9]+$"): null

2020-06-05 13:36:24 - [TEST_STEP][PASSED] - NewInputNmField = modifyObjectProperty(findTestObject("Objects.RemarksValidation/input_Remarks"), "name", "equals", nameToBeUsed, true): Modify property of object successfully

2020-06-05 13:36:24 - [MESSAGE][PASSED] - Modify property of object successfully

2020-06-05 13:36:24 - [TEST_STEP][PASSED] - focus(NewInputNmField): Object: 'Object Repository/Objects.RemarksValidation/input_Remarks' is focused

2020-06-05 13:36:24 - [MESSAGE][PASSED] - Object: 'Object Repository/Objects.RemarksValidation/input_Remarks' is focused

2020-06-05 13:36:24 - [TEST_STEP][PASSED] - setText(NewInputNmField, RandomString): Text 'GR#:*' is set on object 'Object Repository/Objects.RemarksValidation/input_Remarks'

2020-06-05 13:36:24 - [MESSAGE][PASSED] - Text 'GR#:*' is set on object 'Object Repository/Objects.RemarksValidation/input_Remarks'

2020-06-05 13:36:24 - [TEST_STEP][PASSED] - GetInputVal = getAttribute(NewInputNmField, "value"): Attribute 'value' of object 'Object Repository/Objects.RemarksValidation/input_Remarks' is: ''

2020-06-05 13:36:24 - [MESSAGE][PASSED] - Attribute 'value' of object 'Object Repository/Objects.RemarksValidation/input_Remarks' is: ''

2020-06-05 13:36:24 - [TEST_STEP][PASSED] - if (GetInputVal.contains("e")): null

2020-06-05 13:36:24 - [TEST_STEP][PASSED] - else: Actual text '' and expected text '' are matched  using regular expression

2020-06-05 13:36:24 - [TEST_STEP][PASSED] - verifyMatch(GetInputVal, "", true): Actual text '' and expected text '' are matched  using regular expression

2020-06-05 13:36:24 - [MESSAGE][PASSED] - Actual text '' and expected text '' are matched  using regular expression

2020-06-05 13:36:24 - [TEST_STEP][PASSED] - setText(NewInputNmField, RandomNumeric): Text '11250' is set on object 'Object Repository/Objects.RemarksValidation/input_Remarks'

2020-06-05 13:36:24 - [MESSAGE][PASSED] - Text '11250' is set on object 'Object Repository/Objects.RemarksValidation/input_Remarks'

2020-06-05 13:36:24 - [TEST_STEP][PASSED] - GetEnteredIntegers = getAttribute(NewInputNmField, "value"): Attribute 'value' of object 'Object Repository/Objects.RemarksValidation/input_Remarks' is: '11250'

2020-06-05 13:36:24 - [MESSAGE][PASSED] - Attribute 'value' of object 'Object Repository/Objects.RemarksValidation/input_Remarks' is: '11250'

2020-06-05 13:36:24 - [TEST_STEP][PASSED] - matchStr = regexPat.matcher(GetEnteredIntegers): null

2020-06-05 13:36:24 - [TEST_STEP][PASSED] - if (matchStr.matches() == true): Accepting Numeric

2020-06-05 13:36:24 - [TEST_STEP][PASSED] - comment("Accepting Numeric"): Accepting Numeric

2020-06-05 13:36:24 - [MESSAGE][INFO] - Accepting Numeric

2020-06-05 13:36:24 - [MESSAGE][PASSED] - Call Test Case 'Test Cases/PFI Precision and Scale/PFI Components/NumericTextboxValidationII' successfully

2020-06-05 13:36:24 - [TEST_STEP][PASSED] - callTestCase(findTestCase("PFI Precision and Scale/PFI Components/InvalidDateErrorValidation"), ["FldNm":"d2RecvDt"], STOP_ON_FAILURE): Call Test Case 'Test Cases/PFI Precision and Scale/PFI Components/InvalidDateErrorValidation' successfully

2020-06-05 13:36:24 - [TEST_CASE][PASSED] - Test Cases/PFI Precision and Scale/PFI Components/InvalidDateErrorValidation: Test Cases/PFI Precision and Scale/PFI Components/InvalidDateErrorValidation

2020-06-05 13:36:24 - [TEST_STEP][PASSED] - Thread.sleep(1000): null

2020-06-05 13:36:25 - [TEST_STEP][PASSED] - DateFieldNm = modifyObjectProperty(findTestObject("Object Repository/Objects.DateValidation/Page_ISPS2/input__orderDt"), "name", "equals", FldNm, true): Modify property of object successfully

2020-06-05 13:36:25 - [MESSAGE][PASSED] - Modify property of object successfully

2020-06-05 13:36:25 - [TEST_STEP][PASSED] - focus(DateFieldNm): Object: 'Object Repository/Objects.DateValidation/Page_ISPS2/input__orderDt' is focused

2020-06-05 13:36:25 - [MESSAGE][PASSED] - Object: 'Object Repository/Objects.DateValidation/Page_ISPS2/input__orderDt' is focused

2020-06-05 13:36:25 - [TEST_STEP][PASSED] - getInputInvalidDate = getAttribute(DateFieldNm, "value"): Attribute 'value' of object 'Object Repository/Objects.DateValidation/Page_ISPS2/input__orderDt' is: '11250'

2020-06-05 13:36:25 - [MESSAGE][PASSED] - Attribute 'value' of object 'Object Repository/Objects.DateValidation/Page_ISPS2/input__orderDt' is: '11250'

2020-06-05 13:36:25 - [TEST_STEP][PASSED] - mouseOver(DateFieldNm): Object: 'Object Repository/Objects.DateValidation/Page_ISPS2/input__orderDt' is hovered

2020-06-05 13:36:26 - [MESSAGE][PASSED] - Object: 'Object Repository/Objects.DateValidation/Page_ISPS2/input__orderDt' is hovered

2020-06-05 13:36:26 - [TEST_STEP][PASSED] - getErrMsg = getAttribute(DateFieldNm, "data-errorqtip"): Attribute 'data-errorqtip' of object 'Object Repository/Objects.DateValidation/Page_ISPS2/input__orderDt' is: '<ul class="x-list-plain"><li>11250 is not a valid date - it must be in the format d/m/Y</li></ul>'

2020-06-05 13:36:26 - [MESSAGE][PASSED] - Attribute 'data-errorqtip' of object 'Object Repository/Objects.DateValidation/Page_ISPS2/input__orderDt' is: '<ul class="x-list-plain"><li>11250 is not a valid date - it must be in the format d/m/Y</li></ul>'

2020-06-05 13:36:26 - [TEST_STEP][PASSED] - getTotalLength = getErrMsg.length(): null

2020-06-05 13:36:26 - [TEST_STEP][PASSED] - RemoveULClass = getErrMsg.substring(29, getTotalLength): null

2020-06-05 13:36:26 - [TEST_STEP][PASSED] - LengthNoUlClass = RemoveULClass.length() - 10: null

2020-06-05 13:36:26 - [TEST_STEP][PASSED] - ToolTipInvErrMsg = RemoveULClass.substring(0, LengthNoUlClass): null

2020-06-05 13:36:26 - [TEST_STEP][PASSED] - ExpectedInvalidErrMsg = concatenate(getInputInvalidDate, " ", NotValidDt): Concatenated string array: '['11250',' ','is not a valid date - it must be in the format d/m/Y']' into '11250 is not a valid date - it must be in the format d/m/Y'

2020-06-05 13:36:26 - [MESSAGE][PASSED] - Concatenated string array: '['11250',' ','is not a valid date - it must be in the format d/m/Y']' into '11250 is not a valid date - it must be in the format d/m/Y'

2020-06-05 13:36:26 - [TEST_STEP][PASSED] - verifyMatch(ToolTipInvErrMsg, ExpectedInvalidErrMsg, true): Actual text '11250 is not a valid date - it must be in the format d/m/Y' and expected text '11250 is not a valid date - it must be in the format d/m/Y' are matched  using regular expression

2020-06-05 13:36:26 - [MESSAGE][PASSED] - Actual text '11250 is not a valid date - it must be in the format d/m/Y' and expected text '11250 is not a valid date - it must be in the format d/m/Y' are matched  using regular expression

2020-06-05 13:36:26 - [MESSAGE][PASSED] - Call Test Case 'Test Cases/PFI Precision and Scale/PFI Components/InvalidDateErrorValidation' successfully

2020-06-05 13:36:26 - [TEST_STEP][PASSED] - callTestCase(findTestCase("PFI Precision and Scale/PFI Components with Indexing/SelectDayInDatePickerWithIndex"), ["FldNm":"d2RecvDt", "SelectCurrentDay":"11", "index":1], STOP_ON_FAILURE): Call Test Case 'Test Cases/PFI Precision and Scale/PFI Components with Indexing/SelectDayInDatePickerWithIndex' successfully

2020-06-05 13:36:26 - [TEST_CASE][PASSED] - Test Cases/PFI Precision and Scale/PFI Components with Indexing/SelectDayInDatePickerWithIndex: Test Cases/PFI Precision and Scale/PFI Components with Indexing/SelectDayInDatePickerWithIndex

2020-06-05 13:36:26 - [TEST_STEP][PASSED] - Thread.sleep(1000): null

2020-06-05 13:36:27 - [TEST_STEP][PASSED] - DateFieldNm = modifyObjectProperty(findTestObject("Objects.HighlightElements/input_field"), "name", "equals", FldNm, true): Modify property of object successfully

2020-06-05 13:36:27 - [MESSAGE][PASSED] - Modify property of object successfully

2020-06-05 13:36:27 - [TEST_STEP][PASSED] - ModifyDay = modifyObjectProperty(findTestObject("Objects.DateValidation/Page_ISPS2/Select_Day_Index"), "xpath", "equals", "(//*[contains(@class, 'x-datepicker-date') and (text() = '" + SelectCurrentDay + "')])[" + index + "]", true): Modify property of object successfully

2020-06-05 13:36:27 - [MESSAGE][PASSED] - Modify property of object successfully

2020-06-05 13:36:27 - [TEST_STEP][PASSED] - sendKeys(DateFieldNm, Keys.chord(ARROW_DOWN)): Keys 'DOWN + ' sent to object: 'Object Repository/Objects.HighlightElements/input_field'

2020-06-05 13:36:27 - [MESSAGE][PASSED] - Keys 'DOWN + ' sent to object: 'Object Repository/Objects.HighlightElements/input_field'

2020-06-05 13:36:27 - [TEST_STEP][PASSED] - com.reusableComponents.HighlightElement.run(ModifyDay): com.reusableComponents.HighlightElement.run is PASSED

2020-06-05 13:36:27 - [MESSAGE][PASSED] - com.reusableComponents.HighlightElement.run is PASSED

2020-06-05 13:36:27 - [TEST_STEP][PASSED] - delay(1): Delayed 1 second(s)

2020-06-05 13:36:28 - [MESSAGE][PASSED] - Delayed 1 second(s)

2020-06-05 13:36:28 - [TEST_STEP][PASSED] - click(ModifyDay): Object: 'Object Repository/Objects.DateValidation/Page_ISPS2/Select_Day_Index' is clicked on

2020-06-05 13:36:28 - [MESSAGE][PASSED] - Object: 'Object Repository/Objects.DateValidation/Page_ISPS2/Select_Day_Index' is clicked on

2020-06-05 13:36:28 - [TEST_STEP][PASSED] - GetError = getAttribute(DateFieldNm, "data-errorqtip"): Attribute 'data-errorqtip' of object 'Object Repository/Objects.HighlightElements/input_field' is: ''

2020-06-05 13:36:28 - [MESSAGE][PASSED] - Attribute 'data-errorqtip' of object 'Object Repository/Objects.HighlightElements/input_field' is: ''

2020-06-05 13:36:28 - [TEST_STEP][PASSED] - if (GetError == ""): Date Format is valid

2020-06-05 13:36:28 - [TEST_STEP][PASSED] - GetEnteredDate = getAttribute(DateFieldNm, "value"): Attribute 'value' of object 'Object Repository/Objects.HighlightElements/input_field' is: '11/06/2020'

2020-06-05 13:36:28 - [MESSAGE][PASSED] - Attribute 'value' of object 'Object Repository/Objects.HighlightElements/input_field' is: '11/06/2020'

2020-06-05 13:36:28 - [TEST_STEP][PASSED] - DatePattern = Pattern.compile("^(1[0-2]|0[1-9])/(3[01]|[12][0-9]|0[1-9])/[0-9]{4}$"): null

2020-06-05 13:36:28 - [TEST_STEP][PASSED] - VerifyDateFormat = DatePattern.matcher(GetEnteredDate): null

2020-06-05 13:36:28 - [TEST_STEP][PASSED] - if (VerifyDateFormat.matches() == true): Date Format is valid

2020-06-05 13:36:28 - [TEST_STEP][PASSED] - comment("Date Format is valid"): Date Format is valid

2020-06-05 13:36:28 - [MESSAGE][INFO] - Date Format is valid

2020-06-05 13:36:28 - [MESSAGE][PASSED] - Call Test Case 'Test Cases/PFI Precision and Scale/PFI Components with Indexing/SelectDayInDatePickerWithIndex' successfully

2020-06-05 13:36:28 - [TEST_STEP][PASSED] - callTestCase(findTestCase("PFI Precision and Scale/PFI Components/SelectTodayInDatePicker"), ["FldNm":"d2RecvDt", "index":"1"], STOP_ON_FAILURE): Call Test Case 'Test Cases/PFI Precision and Scale/PFI Components/SelectTodayInDatePicker' successfully

2020-06-05 13:36:28 - [TEST_CASE][PASSED] - Test Cases/PFI Precision and Scale/PFI Components/SelectTodayInDatePicker: Test Cases/PFI Precision and Scale/PFI Components/SelectTodayInDatePicker

2020-06-05 13:36:28 - [TEST_STEP][PASSED] - Thread.sleep(1000): null

2020-06-05 13:36:29 - [TEST_STEP][PASSED] - date = new java.util.Date(): null

2020-06-05 13:36:29 - [TEST_STEP][PASSED] - CurrentDate = new java.text.SimpleDateFormat(dd/MM/yyyy): null

2020-06-05 13:36:29 - [TEST_STEP][PASSED] - TodayDate = CurrentDate.format(date): null

2020-06-05 13:36:29 - [TEST_STEP][PASSED] - DateFieldNm = modifyObjectProperty(findTestObject("Object Repository/Objects.DateValidation/Page_ISPS2/input__orderDt"), "name", "equals", FldNm, true): Modify property of object successfully

2020-06-05 13:36:29 - [MESSAGE][PASSED] - Modify property of object successfully

2020-06-05 13:36:29 - [TEST_STEP][PASSED] - TodayBtn = modifyObjectProperty(findTestObject("Object Repository/Objects.DateValidation/Page_ISPS2/a_Today"), "xpath", "equals", "(//*[text() = 'Today'])[" + index + "]", true): Modify property of object successfully

2020-06-05 13:36:29 - [MESSAGE][PASSED] - Modify property of object successfully

2020-06-05 13:36:29 - [TEST_STEP][PASSED] - sendKeys(DateFieldNm, Keys.chord(ARROW_DOWN)): Keys 'DOWN + ' sent to object: 'Object Repository/Objects.DateValidation/Page_ISPS2/input__orderDt'

2020-06-05 13:36:30 - [MESSAGE][PASSED] - Keys 'DOWN + ' sent to object: 'Object Repository/Objects.DateValidation/Page_ISPS2/input__orderDt'

2020-06-05 13:36:30 - [TEST_STEP][PASSED] - com.reusableComponents.HighlightElement.run(TodayBtn): com.reusableComponents.HighlightElement.run is PASSED

2020-06-05 13:36:30 - [MESSAGE][PASSED] - com.reusableComponents.HighlightElement.run is PASSED

2020-06-05 13:36:30 - [TEST_STEP][PASSED] - click(TodayBtn): Object: 'Object Repository/Objects.DateValidation/Page_ISPS2/a_Today' is clicked on

2020-06-05 13:36:30 - [MESSAGE][PASSED] - Object: 'Object Repository/Objects.DateValidation/Page_ISPS2/a_Today' is clicked on

2020-06-05 13:36:30 - [TEST_STEP][PASSED] - GetEnteredDate = getAttribute(DateFieldNm, "value"): Attribute 'value' of object 'Object Repository/Objects.DateValidation/Page_ISPS2/input__orderDt' is: '05/06/2020'

2020-06-05 13:36:30 - [MESSAGE][PASSED] - Attribute 'value' of object 'Object Repository/Objects.DateValidation/Page_ISPS2/input__orderDt' is: '05/06/2020'

2020-06-05 13:36:30 - [TEST_STEP][PASSED] - verifyMatch(GetEnteredDate, TodayDate, true): Actual text '05/06/2020' and expected text '05/06/2020' are matched  using regular expression

2020-06-05 13:36:30 - [MESSAGE][PASSED] - Actual text '05/06/2020' and expected text '05/06/2020' are matched  using regular expression

2020-06-05 13:36:30 - [MESSAGE][PASSED] - Call Test Case 'Test Cases/PFI Precision and Scale/PFI Components/SelectTodayInDatePicker' successfully

2020-06-05 13:36:30 - [TEST_STEP][PASSED] - callTestCase(findTestCase("Components/HighlightLabelField"), ["LblName":"Inspection D2 Compliance Date *:"], STOP_ON_FAILURE): Call Test Case 'Test Cases/Components/HighlightLabelField' successfully

2020-06-05 13:36:30 - [TEST_CASE][PASSED] - Test Cases/Components/HighlightLabelField: Test Cases/Components/HighlightLabelField

2020-06-05 13:36:30 - [TEST_STEP][PASSED] - Thread.sleep(1000): null

2020-06-05 13:36:31 - [TEST_STEP][PASSED] - modifiedLblNm = modifyObjectProperty(findTestObject("Objects.HighlightElements/lblField"), "text", "equals", LblName, true): Modify property of object successfully

2020-06-05 13:36:31 - [MESSAGE][PASSED] - Modify property of object successfully

2020-06-05 13:36:31 - [TEST_STEP][PASSED] - com.reusableComponents.HighlightElement.run(modifiedLblNm): com.reusableComponents.HighlightElement.run is PASSED

2020-06-05 13:36:32 - [MESSAGE][PASSED] - com.reusableComponents.HighlightElement.run is PASSED

2020-06-05 13:36:32 - [MESSAGE][PASSED] - Call Test Case 'Test Cases/Components/HighlightLabelField' successfully

2020-06-05 13:36:32 - [TEST_STEP][PASSED] - callTestCase(findTestCase("Components/HighlightInputField"), ["InputFldName":"d2ComplDt"], STOP_ON_FAILURE): Call Test Case 'Test Cases/Components/HighlightInputField' successfully

2020-06-05 13:36:32 - [TEST_CASE][PASSED] - Test Cases/Components/HighlightInputField: Test Cases/Components/HighlightInputField

2020-06-05 13:36:32 - [TEST_STEP][PASSED] - Thread.sleep(1000): null

2020-06-05 13:36:33 - [TEST_STEP][PASSED] - modifiedLblNm = modifyObjectProperty(findTestObject("Objects.HighlightElements/input_field"), "name", "equals", InputFldName, true): Modify property of object successfully

2020-06-05 13:36:33 - [MESSAGE][PASSED] - Modify property of object successfully

2020-06-05 13:36:33 - [TEST_STEP][PASSED] - com.reusableComponents.HighlightElement.run(modifiedLblNm): com.reusableComponents.HighlightElement.run is PASSED

2020-06-05 13:36:33 - [MESSAGE][PASSED] - com.reusableComponents.HighlightElement.run is PASSED

2020-06-05 13:36:33 - [MESSAGE][PASSED] - Call Test Case 'Test Cases/Components/HighlightInputField' successfully

2020-06-05 13:36:33 - [TEST_STEP][PASSED] - callTestCase(findTestCase("PFI Precision and Scale/PFI Components/NumericTextboxValidationII"), ["nameToBeUsed":"d2ComplDt", "minLen":6], STOP_ON_FAILURE): Call Test Case 'Test Cases/PFI Precision and Scale/PFI Components/NumericTextboxValidationII' successfully

2020-06-05 13:36:33 - [TEST_CASE][PASSED] - Test Cases/PFI Precision and Scale/PFI Components/NumericTextboxValidationII: Test Cases/PFI Precision and Scale/PFI Components/NumericTextboxValidationII

2020-06-05 13:36:33 - [TEST_STEP][PASSED] - Thread.sleep(1000): null

2020-06-05 13:36:34 - [TEST_STEP][PASSED] - Numeric = "0123456789": null

2020-06-05 13:36:34 - [TEST_STEP][PASSED] - AlphaSpecialChar = z) + "`~!@#$%^&*()=_{}|\][;'":,?><"".join(): null

2020-06-05 13:36:34 - [TEST_STEP][PASSED] - RandomNumeric = RandomStringUtils.random(minLen, Numeric.toCharArray()): null

2020-06-05 13:36:34 - [TEST_STEP][PASSED] - RandomString = RandomStringUtils.random(minLen, AlphaSpecialChar): null

2020-06-05 13:36:34 - [TEST_STEP][PASSED] - regexPat = Pattern.compile("^[0-9]+$"): null

2020-06-05 13:36:34 - [TEST_STEP][PASSED] - NewInputNmField = modifyObjectProperty(findTestObject("Objects.RemarksValidation/input_Remarks"), "name", "equals", nameToBeUsed, true): Modify property of object successfully

2020-06-05 13:36:34 - [MESSAGE][PASSED] - Modify property of object successfully

2020-06-05 13:36:34 - [TEST_STEP][PASSED] - focus(NewInputNmField): Object: 'Object Repository/Objects.RemarksValidation/input_Remarks' is focused

2020-06-05 13:36:34 - [MESSAGE][PASSED] - Object: 'Object Repository/Objects.RemarksValidation/input_Remarks' is focused

2020-06-05 13:36:34 - [TEST_STEP][PASSED] - setText(NewInputNmField, RandomString): Text '*#jLjS' is set on object 'Object Repository/Objects.RemarksValidation/input_Remarks'

2020-06-05 13:36:34 - [MESSAGE][PASSED] - Text '*#jLjS' is set on object 'Object Repository/Objects.RemarksValidation/input_Remarks'

2020-06-05 13:36:34 - [TEST_STEP][PASSED] - GetInputVal = getAttribute(NewInputNmField, "value"): Attribute 'value' of object 'Object Repository/Objects.RemarksValidation/input_Remarks' is: ''

2020-06-05 13:36:35 - [MESSAGE][PASSED] - Attribute 'value' of object 'Object Repository/Objects.RemarksValidation/input_Remarks' is: ''

2020-06-05 13:36:35 - [TEST_STEP][PASSED] - if (GetInputVal.contains("e")): null

2020-06-05 13:36:35 - [TEST_STEP][PASSED] - else: Actual text '' and expected text '' are matched  using regular expression

2020-06-05 13:36:35 - [TEST_STEP][PASSED] - verifyMatch(GetInputVal, "", true): Actual text '' and expected text '' are matched  using regular expression

2020-06-05 13:36:35 - [MESSAGE][PASSED] - Actual text '' and expected text '' are matched  using regular expression

2020-06-05 13:36:35 - [TEST_STEP][PASSED] - setText(NewInputNmField, RandomNumeric): Text '539982' is set on object 'Object Repository/Objects.RemarksValidation/input_Remarks'

2020-06-05 13:36:35 - [MESSAGE][PASSED] - Text '539982' is set on object 'Object Repository/Objects.RemarksValidation/input_Remarks'

2020-06-05 13:36:35 - [TEST_STEP][PASSED] - GetEnteredIntegers = getAttribute(NewInputNmField, "value"): Attribute 'value' of object 'Object Repository/Objects.RemarksValidation/input_Remarks' is: '539982'

2020-06-05 13:36:35 - [MESSAGE][PASSED] - Attribute 'value' of object 'Object Repository/Objects.RemarksValidation/input_Remarks' is: '539982'

2020-06-05 13:36:35 - [TEST_STEP][PASSED] - matchStr = regexPat.matcher(GetEnteredIntegers): null

2020-06-05 13:36:35 - [TEST_STEP][PASSED] - if (matchStr.matches() == true): Accepting Numeric

2020-06-05 13:36:35 - [TEST_STEP][PASSED] - comment("Accepting Numeric"): Accepting Numeric

2020-06-05 13:36:35 - [MESSAGE][INFO] - Accepting Numeric

2020-06-05 13:36:35 - [MESSAGE][PASSED] - Call Test Case 'Test Cases/PFI Precision and Scale/PFI Components/NumericTextboxValidationII' successfully

2020-06-05 13:36:35 - [TEST_STEP][PASSED] - callTestCase(findTestCase("PFI Precision and Scale/PFI Components/InvalidDateErrorValidation"), ["FldNm":"d2ComplDt"], STOP_ON_FAILURE): Call Test Case 'Test Cases/PFI Precision and Scale/PFI Components/InvalidDateErrorValidation' successfully

2020-06-05 13:36:35 - [TEST_CASE][PASSED] - Test Cases/PFI Precision and Scale/PFI Components/InvalidDateErrorValidation: Test Cases/PFI Precision and Scale/PFI Components/InvalidDateErrorValidation

2020-06-05 13:36:35 - [TEST_STEP][PASSED] - Thread.sleep(1000): null

2020-06-05 13:36:36 - [TEST_STEP][PASSED] - DateFieldNm = modifyObjectProperty(findTestObject("Object Repository/Objects.DateValidation/Page_ISPS2/input__orderDt"), "name", "equals", FldNm, true): Modify property of object successfully

2020-06-05 13:36:36 - [MESSAGE][PASSED] - Modify property of object successfully

2020-06-05 13:36:36 - [TEST_STEP][PASSED] - focus(DateFieldNm): Object: 'Object Repository/Objects.DateValidation/Page_ISPS2/input__orderDt' is focused

2020-06-05 13:36:36 - [MESSAGE][PASSED] - Object: 'Object Repository/Objects.DateValidation/Page_ISPS2/input__orderDt' is focused

2020-06-05 13:36:36 - [TEST_STEP][PASSED] - getInputInvalidDate = getAttribute(DateFieldNm, "value"): Attribute 'value' of object 'Object Repository/Objects.DateValidation/Page_ISPS2/input__orderDt' is: '539982'

2020-06-05 13:36:36 - [MESSAGE][PASSED] - Attribute 'value' of object 'Object Repository/Objects.DateValidation/Page_ISPS2/input__orderDt' is: '539982'

2020-06-05 13:36:36 - [TEST_STEP][PASSED] - mouseOver(DateFieldNm): Object: 'Object Repository/Objects.DateValidation/Page_ISPS2/input__orderDt' is hovered

2020-06-05 13:36:36 - [MESSAGE][PASSED] - Object: 'Object Repository/Objects.DateValidation/Page_ISPS2/input__orderDt' is hovered

2020-06-05 13:36:36 - [TEST_STEP][PASSED] - getErrMsg = getAttribute(DateFieldNm, "data-errorqtip"): Attribute 'data-errorqtip' of object 'Object Repository/Objects.DateValidation/Page_ISPS2/input__orderDt' is: '<ul class="x-list-plain"><li>539982 is not a valid date - it must be in the format d/m/Y</li></ul>'

2020-06-05 13:36:36 - [MESSAGE][PASSED] - Attribute 'data-errorqtip' of object 'Object Repository/Objects.DateValidation/Page_ISPS2/input__orderDt' is: '<ul class="x-list-plain"><li>539982 is not a valid date - it must be in the format d/m/Y</li></ul>'

2020-06-05 13:36:36 - [TEST_STEP][PASSED] - getTotalLength = getErrMsg.length(): null

2020-06-05 13:36:36 - [TEST_STEP][PASSED] - RemoveULClass = getErrMsg.substring(29, getTotalLength): null

2020-06-05 13:36:36 - [TEST_STEP][PASSED] - LengthNoUlClass = RemoveULClass.length() - 10: null

2020-06-05 13:36:36 - [TEST_STEP][PASSED] - ToolTipInvErrMsg = RemoveULClass.substring(0, LengthNoUlClass): null

2020-06-05 13:36:36 - [TEST_STEP][PASSED] - ExpectedInvalidErrMsg = concatenate(getInputInvalidDate, " ", NotValidDt): Concatenated string array: '['539982',' ','is not a valid date - it must be in the format d/m/Y']' into '539982 is not a valid date - it must be in the format d/m/Y'

2020-06-05 13:36:36 - [MESSAGE][PASSED] - Concatenated string array: '['539982',' ','is not a valid date - it must be in the format d/m/Y']' into '539982 is not a valid date - it must be in the format d/m/Y'

2020-06-05 13:36:36 - [TEST_STEP][PASSED] - verifyMatch(ToolTipInvErrMsg, ExpectedInvalidErrMsg, true): Actual text '539982 is not a valid date - it must be in the format d/m/Y' and expected text '539982 is not a valid date - it must be in the format d/m/Y' are matched  using regular expression

2020-06-05 13:36:36 - [MESSAGE][PASSED] - Actual text '539982 is not a valid date - it must be in the format d/m/Y' and expected text '539982 is not a valid date - it must be in the format d/m/Y' are matched  using regular expression

2020-06-05 13:36:36 - [MESSAGE][PASSED] - Call Test Case 'Test Cases/PFI Precision and Scale/PFI Components/InvalidDateErrorValidation' successfully

2020-06-05 13:36:36 - [TEST_STEP][PASSED] - callTestCase(findTestCase("PFI Precision and Scale/PFI Components with Indexing/SelectDayInDatePickerWithIndex"), ["FldNm":"d2ComplDt", "SelectCurrentDay":"15", "index":2], STOP_ON_FAILURE): Call Test Case 'Test Cases/PFI Precision and Scale/PFI Components with Indexing/SelectDayInDatePickerWithIndex' successfully

2020-06-05 13:36:36 - [TEST_CASE][PASSED] - Test Cases/PFI Precision and Scale/PFI Components with Indexing/SelectDayInDatePickerWithIndex: Test Cases/PFI Precision and Scale/PFI Components with Indexing/SelectDayInDatePickerWithIndex

2020-06-05 13:36:36 - [TEST_STEP][PASSED] - Thread.sleep(1000): null

2020-06-05 13:36:37 - [TEST_STEP][PASSED] - DateFieldNm = modifyObjectProperty(findTestObject("Objects.HighlightElements/input_field"), "name", "equals", FldNm, true): Modify property of object successfully

2020-06-05 13:36:37 - [MESSAGE][PASSED] - Modify property of object successfully

2020-06-05 13:36:37 - [TEST_STEP][PASSED] - ModifyDay = modifyObjectProperty(findTestObject("Objects.DateValidation/Page_ISPS2/Select_Day_Index"), "xpath", "equals", "(//*[contains(@class, 'x-datepicker-date') and (text() = '" + SelectCurrentDay + "')])[" + index + "]", true): Modify property of object successfully

2020-06-05 13:36:37 - [MESSAGE][PASSED] - Modify property of object successfully

2020-06-05 13:36:37 - [TEST_STEP][PASSED] - sendKeys(DateFieldNm, Keys.chord(ARROW_DOWN)): Keys 'DOWN + ' sent to object: 'Object Repository/Objects.HighlightElements/input_field'

2020-06-05 13:36:37 - [MESSAGE][PASSED] - Keys 'DOWN + ' sent to object: 'Object Repository/Objects.HighlightElements/input_field'

2020-06-05 13:36:37 - [TEST_STEP][PASSED] - com.reusableComponents.HighlightElement.run(ModifyDay): com.reusableComponents.HighlightElement.run is PASSED

2020-06-05 13:36:38 - [MESSAGE][PASSED] - com.reusableComponents.HighlightElement.run is PASSED

2020-06-05 13:36:38 - [TEST_STEP][PASSED] - delay(1): Delayed 1 second(s)

2020-06-05 13:36:39 - [MESSAGE][PASSED] - Delayed 1 second(s)

2020-06-05 13:36:39 - [TEST_STEP][PASSED] - click(ModifyDay): Object: 'Object Repository/Objects.DateValidation/Page_ISPS2/Select_Day_Index' is clicked on

2020-06-05 13:36:39 - [MESSAGE][PASSED] - Object: 'Object Repository/Objects.DateValidation/Page_ISPS2/Select_Day_Index' is clicked on

2020-06-05 13:36:39 - [TEST_STEP][PASSED] - GetError = getAttribute(DateFieldNm, "data-errorqtip"): Attribute 'data-errorqtip' of object 'Object Repository/Objects.HighlightElements/input_field' is: ''

2020-06-05 13:36:39 - [MESSAGE][PASSED] - Attribute 'data-errorqtip' of object 'Object Repository/Objects.HighlightElements/input_field' is: ''

2020-06-05 13:36:39 - [TEST_STEP][PASSED] - if (GetError == ""): null

2020-06-05 13:36:39 - [TEST_STEP][PASSED] - GetEnteredDate = getAttribute(DateFieldNm, "value"): Attribute 'value' of object 'Object Repository/Objects.HighlightElements/input_field' is: '15/06/2020'

2020-06-05 13:36:39 - [MESSAGE][PASSED] - Attribute 'value' of object 'Object Repository/Objects.HighlightElements/input_field' is: '15/06/2020'

2020-06-05 13:36:39 - [TEST_STEP][PASSED] - DatePattern = Pattern.compile("^(1[0-2]|0[1-9])/(3[01]|[12][0-9]|0[1-9])/[0-9]{4}$"): null

2020-06-05 13:36:39 - [TEST_STEP][PASSED] - VerifyDateFormat = DatePattern.matcher(GetEnteredDate): null

2020-06-05 13:36:39 - [TEST_STEP][PASSED] - if (VerifyDateFormat.matches() == true): null

2020-06-05 13:36:39 - [MESSAGE][PASSED] - Call Test Case 'Test Cases/PFI Precision and Scale/PFI Components with Indexing/SelectDayInDatePickerWithIndex' successfully

2020-06-05 13:36:39 - [TEST_STEP][PASSED] - callTestCase(findTestCase("PFI Precision and Scale/PFI Components/SelectTodayInDatePicker"), ["FldNm":"d2ComplDt", "index":"2"], STOP_ON_FAILURE): Call Test Case 'Test Cases/PFI Precision and Scale/PFI Components/SelectTodayInDatePicker' successfully

2020-06-05 13:36:39 - [TEST_CASE][PASSED] - Test Cases/PFI Precision and Scale/PFI Components/SelectTodayInDatePicker: Test Cases/PFI Precision and Scale/PFI Components/SelectTodayInDatePicker

2020-06-05 13:36:39 - [TEST_STEP][PASSED] - Thread.sleep(1000): null

2020-06-05 13:36:40 - [TEST_STEP][PASSED] - date = new java.util.Date(): null

2020-06-05 13:36:40 - [TEST_STEP][PASSED] - CurrentDate = new java.text.SimpleDateFormat(dd/MM/yyyy): null

2020-06-05 13:36:40 - [TEST_STEP][PASSED] - TodayDate = CurrentDate.format(date): null

2020-06-05 13:36:40 - [TEST_STEP][PASSED] - DateFieldNm = modifyObjectProperty(findTestObject("Object Repository/Objects.DateValidation/Page_ISPS2/input__orderDt"), "name", "equals", FldNm, true): Modify property of object successfully

2020-06-05 13:36:40 - [MESSAGE][PASSED] - Modify property of object successfully

2020-06-05 13:36:40 - [TEST_STEP][PASSED] - TodayBtn = modifyObjectProperty(findTestObject("Object Repository/Objects.DateValidation/Page_ISPS2/a_Today"), "xpath", "equals", "(//*[text() = 'Today'])[" + index + "]", true): Modify property of object successfully

2020-06-05 13:36:40 - [MESSAGE][PASSED] - Modify property of object successfully

2020-06-05 13:36:40 - [TEST_STEP][PASSED] - sendKeys(DateFieldNm, Keys.chord(ARROW_DOWN)): Keys 'DOWN + ' sent to object: 'Object Repository/Objects.DateValidation/Page_ISPS2/input__orderDt'

2020-06-05 13:36:40 - [MESSAGE][PASSED] - Keys 'DOWN + ' sent to object: 'Object Repository/Objects.DateValidation/Page_ISPS2/input__orderDt'

2020-06-05 13:36:40 - [TEST_STEP][PASSED] - com.reusableComponents.HighlightElement.run(TodayBtn): com.reusableComponents.HighlightElement.run is PASSED

2020-06-05 13:36:41 - [MESSAGE][PASSED] - com.reusableComponents.HighlightElement.run is PASSED

2020-06-05 13:36:41 - [TEST_STEP][PASSED] - click(TodayBtn): Object: 'Object Repository/Objects.DateValidation/Page_ISPS2/a_Today' is clicked on

2020-06-05 13:36:41 - [MESSAGE][PASSED] - Object: 'Object Repository/Objects.DateValidation/Page_ISPS2/a_Today' is clicked on

2020-06-05 13:36:41 - [TEST_STEP][PASSED] - GetEnteredDate = getAttribute(DateFieldNm, "value"): Attribute 'value' of object 'Object Repository/Objects.DateValidation/Page_ISPS2/input__orderDt' is: '05/06/2020'

2020-06-05 13:36:41 - [MESSAGE][PASSED] - Attribute 'value' of object 'Object Repository/Objects.DateValidation/Page_ISPS2/input__orderDt' is: '05/06/2020'

2020-06-05 13:36:41 - [TEST_STEP][PASSED] - verifyMatch(GetEnteredDate, TodayDate, true): Actual text '05/06/2020' and expected text '05/06/2020' are matched  using regular expression

2020-06-05 13:36:41 - [MESSAGE][PASSED] - Actual text '05/06/2020' and expected text '05/06/2020' are matched  using regular expression

2020-06-05 13:36:41 - [MESSAGE][PASSED] - Call Test Case 'Test Cases/PFI Precision and Scale/PFI Components/SelectTodayInDatePicker' successfully

2020-06-05 13:36:41 - [TEST_STEP][PASSED] - callTestCase(findTestCase("Components/HighlightLabelField"), ["LblName":"Inspection D2a Receive Date *:"], STOP_ON_FAILURE): Call Test Case 'Test Cases/Components/HighlightLabelField' successfully

2020-06-05 13:36:41 - [TEST_CASE][PASSED] - Test Cases/Components/HighlightLabelField: Test Cases/Components/HighlightLabelField

2020-06-05 13:36:41 - [TEST_STEP][PASSED] - Thread.sleep(1000): null

2020-06-05 13:36:42 - [TEST_STEP][PASSED] - modifiedLblNm = modifyObjectProperty(findTestObject("Objects.HighlightElements/lblField"), "text", "equals", LblName, true): Modify property of object successfully

2020-06-05 13:36:42 - [MESSAGE][PASSED] - Modify property of object successfully

2020-06-05 13:36:42 - [TEST_STEP][PASSED] - com.reusableComponents.HighlightElement.run(modifiedLblNm): com.reusableComponents.HighlightElement.run is PASSED

2020-06-05 13:36:42 - [MESSAGE][PASSED] - com.reusableComponents.HighlightElement.run is PASSED

2020-06-05 13:36:42 - [MESSAGE][PASSED] - Call Test Case 'Test Cases/Components/HighlightLabelField' successfully

2020-06-05 13:36:42 - [TEST_STEP][PASSED] - callTestCase(findTestCase("Components/HighlightInputField"), ["InputFldName":"d2aRecvDt"], STOP_ON_FAILURE): Call Test Case 'Test Cases/Components/HighlightInputField' successfully

2020-06-05 13:36:42 - [TEST_CASE][PASSED] - Test Cases/Components/HighlightInputField: Test Cases/Components/HighlightInputField

2020-06-05 13:36:42 - [TEST_STEP][PASSED] - Thread.sleep(1000): null

2020-06-05 13:36:43 - [TEST_STEP][PASSED] - modifiedLblNm = modifyObjectProperty(findTestObject("Objects.HighlightElements/input_field"), "name", "equals", InputFldName, true): Modify property of object successfully

2020-06-05 13:36:43 - [MESSAGE][PASSED] - Modify property of object successfully

2020-06-05 13:36:43 - [TEST_STEP][PASSED] - com.reusableComponents.HighlightElement.run(modifiedLblNm): com.reusableComponents.HighlightElement.run is PASSED

2020-06-05 13:36:44 - [MESSAGE][PASSED] - com.reusableComponents.HighlightElement.run is PASSED

2020-06-05 13:36:44 - [MESSAGE][PASSED] - Call Test Case 'Test Cases/Components/HighlightInputField' successfully

2020-06-05 13:36:44 - [TEST_STEP][PASSED] - callTestCase(findTestCase("PFI Precision and Scale/PFI Components/NumericTextboxValidationII"), ["nameToBeUsed":"d2aRecvDt", "minLen":8], STOP_ON_FAILURE): Call Test Case 'Test Cases/PFI Precision and Scale/PFI Components/NumericTextboxValidationII' successfully

2020-06-05 13:36:44 - [TEST_CASE][PASSED] - Test Cases/PFI Precision and Scale/PFI Components/NumericTextboxValidationII: Test Cases/PFI Precision and Scale/PFI Components/NumericTextboxValidationII

2020-06-05 13:36:44 - [TEST_STEP][PASSED] - Thread.sleep(1000): null

2020-06-05 13:36:45 - [TEST_STEP][PASSED] - Numeric = "0123456789": null

2020-06-05 13:36:45 - [TEST_STEP][PASSED] - AlphaSpecialChar = z) + "`~!@#$%^&*()=_{}|\][;'":,?><"".join(): null

2020-06-05 13:36:45 - [TEST_STEP][PASSED] - RandomNumeric = RandomStringUtils.random(minLen, Numeric.toCharArray()): null

2020-06-05 13:36:45 - [TEST_STEP][PASSED] - RandomString = RandomStringUtils.random(minLen, AlphaSpecialChar): null

2020-06-05 13:36:45 - [TEST_STEP][PASSED] - regexPat = Pattern.compile("^[0-9]+$"): null

2020-06-05 13:36:45 - [TEST_STEP][PASSED] - NewInputNmField = modifyObjectProperty(findTestObject("Objects.RemarksValidation/input_Remarks"), "name", "equals", nameToBeUsed, true): Modify property of object successfully

2020-06-05 13:36:45 - [MESSAGE][PASSED] - Modify property of object successfully

2020-06-05 13:36:45 - [TEST_STEP][PASSED] - focus(NewInputNmField): Object: 'Object Repository/Objects.RemarksValidation/input_Remarks' is focused

2020-06-05 13:36:45 - [MESSAGE][PASSED] - Object: 'Object Repository/Objects.RemarksValidation/input_Remarks' is focused

2020-06-05 13:36:45 - [TEST_STEP][PASSED] - setText(NewInputNmField, RandomString): Text '%?KUIQ%v' is set on object 'Object Repository/Objects.RemarksValidation/input_Remarks'

2020-06-05 13:36:45 - [MESSAGE][PASSED] - Text '%?KUIQ%v' is set on object 'Object Repository/Objects.RemarksValidation/input_Remarks'

2020-06-05 13:36:45 - [TEST_STEP][PASSED] - GetInputVal = getAttribute(NewInputNmField, "value"): Attribute 'value' of object 'Object Repository/Objects.RemarksValidation/input_Remarks' is: ''

2020-06-05 13:36:45 - [MESSAGE][PASSED] - Attribute 'value' of object 'Object Repository/Objects.RemarksValidation/input_Remarks' is: ''

2020-06-05 13:36:45 - [TEST_STEP][PASSED] - if (GetInputVal.contains("e")): null

2020-06-05 13:36:45 - [TEST_STEP][PASSED] - else: Actual text '' and expected text '' are matched  using regular expression

2020-06-05 13:36:45 - [TEST_STEP][PASSED] - verifyMatch(GetInputVal, "", true): Actual text '' and expected text '' are matched  using regular expression

2020-06-05 13:36:45 - [MESSAGE][PASSED] - Actual text '' and expected text '' are matched  using regular expression

2020-06-05 13:36:45 - [TEST_STEP][PASSED] - setText(NewInputNmField, RandomNumeric): Text '98490921' is set on object 'Object Repository/Objects.RemarksValidation/input_Remarks'

2020-06-05 13:36:45 - [MESSAGE][PASSED] - Text '98490921' is set on object 'Object Repository/Objects.RemarksValidation/input_Remarks'

2020-06-05 13:36:45 - [TEST_STEP][PASSED] - GetEnteredIntegers = getAttribute(NewInputNmField, "value"): Attribute 'value' of object 'Object Repository/Objects.RemarksValidation/input_Remarks' is: '98490921'

2020-06-05 13:36:45 - [MESSAGE][PASSED] - Attribute 'value' of object 'Object Repository/Objects.RemarksValidation/input_Remarks' is: '98490921'

2020-06-05 13:36:45 - [TEST_STEP][PASSED] - matchStr = regexPat.matcher(GetEnteredIntegers): null

2020-06-05 13:36:45 - [TEST_STEP][PASSED] - if (matchStr.matches() == true): Accepting Numeric

2020-06-05 13:36:45 - [TEST_STEP][PASSED] - comment("Accepting Numeric"): Accepting Numeric

2020-06-05 13:36:45 - [MESSAGE][INFO] - Accepting Numeric

2020-06-05 13:36:45 - [MESSAGE][PASSED] - Call Test Case 'Test Cases/PFI Precision and Scale/PFI Components/NumericTextboxValidationII' successfully

2020-06-05 13:36:45 - [TEST_STEP][PASSED] - callTestCase(findTestCase("PFI Precision and Scale/PFI Components/InvalidDateErrorValidation"), ["FldNm":"d2aRecvDt"], STOP_ON_FAILURE): Call Test Case 'Test Cases/PFI Precision and Scale/PFI Components/InvalidDateErrorValidation' successfully

2020-06-05 13:36:45 - [TEST_CASE][PASSED] - Test Cases/PFI Precision and Scale/PFI Components/InvalidDateErrorValidation: Test Cases/PFI Precision and Scale/PFI Components/InvalidDateErrorValidation

2020-06-05 13:36:45 - [TEST_STEP][PASSED] - Thread.sleep(1000): null

2020-06-05 13:36:46 - [TEST_STEP][PASSED] - DateFieldNm = modifyObjectProperty(findTestObject("Object Repository/Objects.DateValidation/Page_ISPS2/input__orderDt"), "name", "equals", FldNm, true): Modify property of object successfully

2020-06-05 13:36:46 - [MESSAGE][PASSED] - Modify property of object successfully

2020-06-05 13:36:46 - [TEST_STEP][PASSED] - focus(DateFieldNm): Object: 'Object Repository/Objects.DateValidation/Page_ISPS2/input__orderDt' is focused

2020-06-05 13:36:46 - [MESSAGE][PASSED] - Object: 'Object Repository/Objects.DateValidation/Page_ISPS2/input__orderDt' is focused

2020-06-05 13:36:46 - [TEST_STEP][PASSED] - getInputInvalidDate = getAttribute(DateFieldNm, "value"): Attribute 'value' of object 'Object Repository/Objects.DateValidation/Page_ISPS2/input__orderDt' is: '98490921'

2020-06-05 13:36:46 - [MESSAGE][PASSED] - Attribute 'value' of object 'Object Repository/Objects.DateValidation/Page_ISPS2/input__orderDt' is: '98490921'

2020-06-05 13:36:46 - [TEST_STEP][PASSED] - mouseOver(DateFieldNm): Object: 'Object Repository/Objects.DateValidation/Page_ISPS2/input__orderDt' is hovered

2020-06-05 13:36:46 - [MESSAGE][PASSED] - Object: 'Object Repository/Objects.DateValidation/Page_ISPS2/input__orderDt' is hovered

2020-06-05 13:36:46 - [TEST_STEP][PASSED] - getErrMsg = getAttribute(DateFieldNm, "data-errorqtip"): Attribute 'data-errorqtip' of object 'Object Repository/Objects.DateValidation/Page_ISPS2/input__orderDt' is: '<ul class="x-list-plain"><li>98490921 is not a valid date - it must be in the format d/m/Y</li></ul>'

2020-06-05 13:36:46 - [MESSAGE][PASSED] - Attribute 'data-errorqtip' of object 'Object Repository/Objects.DateValidation/Page_ISPS2/input__orderDt' is: '<ul class="x-list-plain"><li>98490921 is not a valid date - it must be in the format d/m/Y</li></ul>'

2020-06-05 13:36:46 - [TEST_STEP][PASSED] - getTotalLength = getErrMsg.length(): null

2020-06-05 13:36:46 - [TEST_STEP][PASSED] - RemoveULClass = getErrMsg.substring(29, getTotalLength): null

2020-06-05 13:36:46 - [TEST_STEP][PASSED] - LengthNoUlClass = RemoveULClass.length() - 10: null

2020-06-05 13:36:46 - [TEST_STEP][PASSED] - ToolTipInvErrMsg = RemoveULClass.substring(0, LengthNoUlClass): null

2020-06-05 13:36:46 - [TEST_STEP][PASSED] - ExpectedInvalidErrMsg = concatenate(getInputInvalidDate, " ", NotValidDt): Concatenated string array: '['98490921',' ','is not a valid date - it must be in the format d/m/Y']' into '98490921 is not a valid date - it must be in the format d/m/Y'

2020-06-05 13:36:46 - [MESSAGE][PASSED] - Concatenated string array: '['98490921',' ','is not a valid date - it must be in the format d/m/Y']' into '98490921 is not a valid date - it must be in the format d/m/Y'

2020-06-05 13:36:46 - [TEST_STEP][PASSED] - verifyMatch(ToolTipInvErrMsg, ExpectedInvalidErrMsg, true): Actual text '98490921 is not a valid date - it must be in the format d/m/Y' and expected text '98490921 is not a valid date - it must be in the format d/m/Y' are matched  using regular expression

2020-06-05 13:36:46 - [MESSAGE][PASSED] - Actual text '98490921 is not a valid date - it must be in the format d/m/Y' and expected text '98490921 is not a valid date - it must be in the format d/m/Y' are matched  using regular expression

2020-06-05 13:36:46 - [MESSAGE][PASSED] - Call Test Case 'Test Cases/PFI Precision and Scale/PFI Components/InvalidDateErrorValidation' successfully

2020-06-05 13:36:46 - [TEST_STEP][PASSED] - callTestCase(findTestCase("PFI Precision and Scale/PFI Components with Indexing/SelectDayInDatePickerWithIndex"), ["FldNm":"d2aRecvDt", "SelectCurrentDay":"21", "index":3], STOP_ON_FAILURE): Call Test Case 'Test Cases/PFI Precision and Scale/PFI Components with Indexing/SelectDayInDatePickerWithIndex' successfully

2020-06-05 13:36:46 - [TEST_CASE][PASSED] - Test Cases/PFI Precision and Scale/PFI Components with Indexing/SelectDayInDatePickerWithIndex: Test Cases/PFI Precision and Scale/PFI Components with Indexing/SelectDayInDatePickerWithIndex

2020-06-05 13:36:46 - [TEST_STEP][PASSED] - Thread.sleep(1000): null

2020-06-05 13:36:47 - [TEST_STEP][PASSED] - DateFieldNm = modifyObjectProperty(findTestObject("Objects.HighlightElements/input_field"), "name", "equals", FldNm, true): Modify property of object successfully

2020-06-05 13:36:47 - [MESSAGE][PASSED] - Modify property of object successfully

2020-06-05 13:36:47 - [TEST_STEP][PASSED] - ModifyDay = modifyObjectProperty(findTestObject("Objects.DateValidation/Page_ISPS2/Select_Day_Index"), "xpath", "equals", "(//*[contains(@class, 'x-datepicker-date') and (text() = '" + SelectCurrentDay + "')])[" + index + "]", true): Modify property of object successfully

2020-06-05 13:36:48 - [MESSAGE][PASSED] - Modify property of object successfully

2020-06-05 13:36:48 - [TEST_STEP][PASSED] - sendKeys(DateFieldNm, Keys.chord(ARROW_DOWN)): Keys 'DOWN + ' sent to object: 'Object Repository/Objects.HighlightElements/input_field'

2020-06-05 13:36:48 - [MESSAGE][PASSED] - Keys 'DOWN + ' sent to object: 'Object Repository/Objects.HighlightElements/input_field'

2020-06-05 13:36:48 - [TEST_STEP][PASSED] - com.reusableComponents.HighlightElement.run(ModifyDay): com.reusableComponents.HighlightElement.run is PASSED

2020-06-05 13:36:48 - [MESSAGE][PASSED] - com.reusableComponents.HighlightElement.run is PASSED

2020-06-05 13:36:48 - [TEST_STEP][PASSED] - delay(1): Delayed 1 second(s)

2020-06-05 13:36:49 - [MESSAGE][PASSED] - Delayed 1 second(s)

2020-06-05 13:36:49 - [TEST_STEP][PASSED] - click(ModifyDay): Object: 'Object Repository/Objects.DateValidation/Page_ISPS2/Select_Day_Index' is clicked on

2020-06-05 13:36:49 - [MESSAGE][PASSED] - Object: 'Object Repository/Objects.DateValidation/Page_ISPS2/Select_Day_Index' is clicked on

2020-06-05 13:36:49 - [TEST_STEP][PASSED] - GetError = getAttribute(DateFieldNm, "data-errorqtip"): Attribute 'data-errorqtip' of object 'Object Repository/Objects.HighlightElements/input_field' is: ''

2020-06-05 13:36:49 - [MESSAGE][PASSED] - Attribute 'data-errorqtip' of object 'Object Repository/Objects.HighlightElements/input_field' is: ''

2020-06-05 13:36:49 - [TEST_STEP][PASSED] - if (GetError == ""): null

2020-06-05 13:36:49 - [TEST_STEP][PASSED] - GetEnteredDate = getAttribute(DateFieldNm, "value"): Attribute 'value' of object 'Object Repository/Objects.HighlightElements/input_field' is: '21/06/2020'

2020-06-05 13:36:49 - [MESSAGE][PASSED] - Attribute 'value' of object 'Object Repository/Objects.HighlightElements/input_field' is: '21/06/2020'

2020-06-05 13:36:49 - [TEST_STEP][PASSED] - DatePattern = Pattern.compile("^(1[0-2]|0[1-9])/(3[01]|[12][0-9]|0[1-9])/[0-9]{4}$"): null

2020-06-05 13:36:49 - [TEST_STEP][PASSED] - VerifyDateFormat = DatePattern.matcher(GetEnteredDate): null

2020-06-05 13:36:49 - [TEST_STEP][PASSED] - if (VerifyDateFormat.matches() == true): null

2020-06-05 13:36:49 - [MESSAGE][PASSED] - Call Test Case 'Test Cases/PFI Precision and Scale/PFI Components with Indexing/SelectDayInDatePickerWithIndex' successfully

2020-06-05 13:36:49 - [TEST_STEP][PASSED] - callTestCase(findTestCase("PFI Precision and Scale/PFI Components/SelectTodayInDatePicker"), ["FldNm":"d2aRecvDt", "index":3], STOP_ON_FAILURE): Call Test Case 'Test Cases/PFI Precision and Scale/PFI Components/SelectTodayInDatePicker' successfully

2020-06-05 13:36:49 - [TEST_CASE][PASSED] - Test Cases/PFI Precision and Scale/PFI Components/SelectTodayInDatePicker: Test Cases/PFI Precision and Scale/PFI Components/SelectTodayInDatePicker

2020-06-05 13:36:49 - [TEST_STEP][PASSED] - Thread.sleep(1000): null

2020-06-05 13:36:50 - [TEST_STEP][PASSED] - date = new java.util.Date(): null

2020-06-05 13:36:50 - [TEST_STEP][PASSED] - CurrentDate = new java.text.SimpleDateFormat(dd/MM/yyyy): null

2020-06-05 13:36:50 - [TEST_STEP][PASSED] - TodayDate = CurrentDate.format(date): null

2020-06-05 13:36:50 - [TEST_STEP][PASSED] - DateFieldNm = modifyObjectProperty(findTestObject("Object Repository/Objects.DateValidation/Page_ISPS2/input__orderDt"), "name", "equals", FldNm, true): Modify property of object successfully

2020-06-05 13:36:50 - [MESSAGE][PASSED] - Modify property of object successfully

2020-06-05 13:36:50 - [TEST_STEP][PASSED] - TodayBtn = modifyObjectProperty(findTestObject("Object Repository/Objects.DateValidation/Page_ISPS2/a_Today"), "xpath", "equals", "(//*[text() = 'Today'])[" + index + "]", true): Modify property of object successfully

2020-06-05 13:36:50 - [MESSAGE][PASSED] - Modify property of object successfully

2020-06-05 13:36:50 - [TEST_STEP][PASSED] - sendKeys(DateFieldNm, Keys.chord(ARROW_DOWN)): Keys 'DOWN + ' sent to object: 'Object Repository/Objects.DateValidation/Page_ISPS2/input__orderDt'

2020-06-05 13:36:50 - [MESSAGE][PASSED] - Keys 'DOWN + ' sent to object: 'Object Repository/Objects.DateValidation/Page_ISPS2/input__orderDt'

2020-06-05 13:36:50 - [TEST_STEP][PASSED] - com.reusableComponents.HighlightElement.run(TodayBtn): com.reusableComponents.HighlightElement.run is PASSED

2020-06-05 13:36:51 - [MESSAGE][PASSED] - com.reusableComponents.HighlightElement.run is PASSED

2020-06-05 13:36:51 - [TEST_STEP][PASSED] - click(TodayBtn): Object: 'Object Repository/Objects.DateValidation/Page_ISPS2/a_Today' is clicked on

2020-06-05 13:36:51 - [MESSAGE][PASSED] - Object: 'Object Repository/Objects.DateValidation/Page_ISPS2/a_Today' is clicked on

2020-06-05 13:36:51 - [TEST_STEP][PASSED] - GetEnteredDate = getAttribute(DateFieldNm, "value"): Attribute 'value' of object 'Object Repository/Objects.DateValidation/Page_ISPS2/input__orderDt' is: '05/06/2020'

2020-06-05 13:36:51 - [MESSAGE][PASSED] - Attribute 'value' of object 'Object Repository/Objects.DateValidation/Page_ISPS2/input__orderDt' is: '05/06/2020'

2020-06-05 13:36:51 - [TEST_STEP][PASSED] - verifyMatch(GetEnteredDate, TodayDate, true): Actual text '05/06/2020' and expected text '05/06/2020' are matched  using regular expression

2020-06-05 13:36:51 - [MESSAGE][PASSED] - Actual text '05/06/2020' and expected text '05/06/2020' are matched  using regular expression

2020-06-05 13:36:51 - [MESSAGE][PASSED] - Call Test Case 'Test Cases/PFI Precision and Scale/PFI Components/SelectTodayInDatePicker' successfully

2020-06-05 13:36:51 - [TEST_STEP][PASSED] - callTestCase(findTestCase("Components/HighlightLabelField"), ["LblName":"Inspection D2a Compliance Date *:"], STOP_ON_FAILURE): Call Test Case 'Test Cases/Components/HighlightLabelField' successfully

2020-06-05 13:36:51 - [TEST_CASE][PASSED] - Test Cases/Components/HighlightLabelField: Test Cases/Components/HighlightLabelField

2020-06-05 13:36:51 - [TEST_STEP][PASSED] - Thread.sleep(1000): null

2020-06-05 13:36:52 - [TEST_STEP][PASSED] - modifiedLblNm = modifyObjectProperty(findTestObject("Objects.HighlightElements/lblField"), "text", "equals", LblName, true): Modify property of object successfully

2020-06-05 13:36:52 - [MESSAGE][PASSED] - Modify property of object successfully

2020-06-05 13:36:52 - [TEST_STEP][PASSED] - com.reusableComponents.HighlightElement.run(modifiedLblNm): com.reusableComponents.HighlightElement.run is PASSED

2020-06-05 13:36:53 - [MESSAGE][PASSED] - com.reusableComponents.HighlightElement.run is PASSED

2020-06-05 13:36:53 - [MESSAGE][PASSED] - Call Test Case 'Test Cases/Components/HighlightLabelField' successfully

2020-06-05 13:36:53 - [TEST_STEP][PASSED] - callTestCase(findTestCase("Components/HighlightInputField"), ["InputFldName":"d2aComplDt"], STOP_ON_FAILURE): Call Test Case 'Test Cases/Components/HighlightInputField' successfully

2020-06-05 13:36:53 - [TEST_CASE][PASSED] - Test Cases/Components/HighlightInputField: Test Cases/Components/HighlightInputField

2020-06-05 13:36:53 - [TEST_STEP][PASSED] - Thread.sleep(1000): null

2020-06-05 13:36:54 - [TEST_STEP][PASSED] - modifiedLblNm = modifyObjectProperty(findTestObject("Objects.HighlightElements/input_field"), "name", "equals", InputFldName, true): Modify property of object successfully

2020-06-05 13:36:54 - [MESSAGE][PASSED] - Modify property of object successfully

2020-06-05 13:36:54 - [TEST_STEP][PASSED] - com.reusableComponents.HighlightElement.run(modifiedLblNm): com.reusableComponents.HighlightElement.run is PASSED

2020-06-05 13:36:54 - [MESSAGE][PASSED] - com.reusableComponents.HighlightElement.run is PASSED

2020-06-05 13:36:54 - [MESSAGE][PASSED] - Call Test Case 'Test Cases/Components/HighlightInputField' successfully

2020-06-05 13:36:54 - [TEST_STEP][PASSED] - callTestCase(findTestCase("PFI Precision and Scale/PFI Components/NumericTextboxValidationII"), ["nameToBeUsed":"d2aComplDt", "minLen":12], STOP_ON_FAILURE): Call Test Case 'Test Cases/PFI Precision and Scale/PFI Components/NumericTextboxValidationII' successfully

2020-06-05 13:36:55 - [TEST_CASE][PASSED] - Test Cases/PFI Precision and Scale/PFI Components/NumericTextboxValidationII: Test Cases/PFI Precision and Scale/PFI Components/NumericTextboxValidationII

2020-06-05 13:36:55 - [TEST_STEP][PASSED] - Thread.sleep(1000): null

2020-06-05 13:36:56 - [TEST_STEP][PASSED] - Numeric = "0123456789": null

2020-06-05 13:36:56 - [TEST_STEP][PASSED] - AlphaSpecialChar = z) + "`~!@#$%^&*()=_{}|\][;'":,?><"".join(): null

2020-06-05 13:36:56 - [TEST_STEP][PASSED] - RandomNumeric = RandomStringUtils.random(minLen, Numeric.toCharArray()): null

2020-06-05 13:36:56 - [TEST_STEP][PASSED] - RandomString = RandomStringUtils.random(minLen, AlphaSpecialChar): null

2020-06-05 13:36:56 - [TEST_STEP][PASSED] - regexPat = Pattern.compile("^[0-9]+$"): null

2020-06-05 13:36:56 - [TEST_STEP][PASSED] - NewInputNmField = modifyObjectProperty(findTestObject("Objects.RemarksValidation/input_Remarks"), "name", "equals", nameToBeUsed, true): Modify property of object successfully

2020-06-05 13:36:56 - [MESSAGE][PASSED] - Modify property of object successfully

2020-06-05 13:36:56 - [TEST_STEP][PASSED] - focus(NewInputNmField): Object: 'Object Repository/Objects.RemarksValidation/input_Remarks' is focused

2020-06-05 13:36:56 - [MESSAGE][PASSED] - Object: 'Object Repository/Objects.RemarksValidation/input_Remarks' is focused

2020-06-05 13:36:56 - [TEST_STEP][PASSED] - setText(NewInputNmField, RandomString): Text 'MLmK<Z~`LF{$' is set on object 'Object Repository/Objects.RemarksValidation/input_Remarks'

2020-06-05 13:36:56 - [MESSAGE][PASSED] - Text 'MLmK<Z~`LF{$' is set on object 'Object Repository/Objects.RemarksValidation/input_Remarks'

2020-06-05 13:36:56 - [TEST_STEP][PASSED] - GetInputVal = getAttribute(NewInputNmField, "value"): Attribute 'value' of object 'Object Repository/Objects.RemarksValidation/input_Remarks' is: ''

2020-06-05 13:36:56 - [MESSAGE][PASSED] - Attribute 'value' of object 'Object Repository/Objects.RemarksValidation/input_Remarks' is: ''

2020-06-05 13:36:56 - [TEST_STEP][PASSED] - if (GetInputVal.contains("e")): null

2020-06-05 13:36:56 - [TEST_STEP][PASSED] - else: Actual text '' and expected text '' are matched  using regular expression

2020-06-05 13:36:56 - [TEST_STEP][PASSED] - verifyMatch(GetInputVal, "", true): Actual text '' and expected text '' are matched  using regular expression

2020-06-05 13:36:56 - [MESSAGE][PASSED] - Actual text '' and expected text '' are matched  using regular expression

2020-06-05 13:36:56 - [TEST_STEP][PASSED] - setText(NewInputNmField, RandomNumeric): Text '990808475087' is set on object 'Object Repository/Objects.RemarksValidation/input_Remarks'

2020-06-05 13:36:56 - [MESSAGE][PASSED] - Text '990808475087' is set on object 'Object Repository/Objects.RemarksValidation/input_Remarks'

2020-06-05 13:36:56 - [TEST_STEP][PASSED] - GetEnteredIntegers = getAttribute(NewInputNmField, "value"): Attribute 'value' of object 'Object Repository/Objects.RemarksValidation/input_Remarks' is: '990808475087'

2020-06-05 13:36:56 - [MESSAGE][PASSED] - Attribute 'value' of object 'Object Repository/Objects.RemarksValidation/input_Remarks' is: '990808475087'

2020-06-05 13:36:56 - [TEST_STEP][PASSED] - matchStr = regexPat.matcher(GetEnteredIntegers): null

2020-06-05 13:36:56 - [TEST_STEP][PASSED] - if (matchStr.matches() == true): Accepting Numeric

2020-06-05 13:36:56 - [TEST_STEP][PASSED] - comment("Accepting Numeric"): Accepting Numeric

2020-06-05 13:36:56 - [MESSAGE][INFO] - Accepting Numeric

2020-06-05 13:36:56 - [MESSAGE][PASSED] - Call Test Case 'Test Cases/PFI Precision and Scale/PFI Components/NumericTextboxValidationII' successfully

2020-06-05 13:36:56 - [TEST_STEP][PASSED] - callTestCase(findTestCase("PFI Precision and Scale/PFI Components/InvalidDateErrorValidation"), ["FldNm":"d2aComplDt"], STOP_ON_FAILURE): Call Test Case 'Test Cases/PFI Precision and Scale/PFI Components/InvalidDateErrorValidation' successfully

2020-06-05 13:36:56 - [TEST_CASE][PASSED] - Test Cases/PFI Precision and Scale/PFI Components/InvalidDateErrorValidation: Test Cases/PFI Precision and Scale/PFI Components/InvalidDateErrorValidation

2020-06-05 13:36:56 - [TEST_STEP][PASSED] - Thread.sleep(1000): null

2020-06-05 13:36:57 - [TEST_STEP][PASSED] - DateFieldNm = modifyObjectProperty(findTestObject("Object Repository/Objects.DateValidation/Page_ISPS2/input__orderDt"), "name", "equals", FldNm, true): Modify property of object successfully

2020-06-05 13:36:57 - [MESSAGE][PASSED] - Modify property of object successfully

2020-06-05 13:36:57 - [TEST_STEP][PASSED] - focus(DateFieldNm): Object: 'Object Repository/Objects.DateValidation/Page_ISPS2/input__orderDt' is focused

2020-06-05 13:36:57 - [MESSAGE][PASSED] - Object: 'Object Repository/Objects.DateValidation/Page_ISPS2/input__orderDt' is focused

2020-06-05 13:36:57 - [TEST_STEP][PASSED] - getInputInvalidDate = getAttribute(DateFieldNm, "value"): Attribute 'value' of object 'Object Repository/Objects.DateValidation/Page_ISPS2/input__orderDt' is: '990808475087'

2020-06-05 13:36:57 - [MESSAGE][PASSED] - Attribute 'value' of object 'Object Repository/Objects.DateValidation/Page_ISPS2/input__orderDt' is: '990808475087'

2020-06-05 13:36:57 - [TEST_STEP][PASSED] - mouseOver(DateFieldNm): Object: 'Object Repository/Objects.DateValidation/Page_ISPS2/input__orderDt' is hovered

2020-06-05 13:36:57 - [MESSAGE][PASSED] - Object: 'Object Repository/Objects.DateValidation/Page_ISPS2/input__orderDt' is hovered

2020-06-05 13:36:57 - [TEST_STEP][PASSED] - getErrMsg = getAttribute(DateFieldNm, "data-errorqtip"): Attribute 'data-errorqtip' of object 'Object Repository/Objects.DateValidation/Page_ISPS2/input__orderDt' is: '<ul class="x-list-plain"><li>990808475087 is not a valid date - it must be in the format d/m/Y</li></ul>'

2020-06-05 13:36:57 - [MESSAGE][PASSED] - Attribute 'data-errorqtip' of object 'Object Repository/Objects.DateValidation/Page_ISPS2/input__orderDt' is: '<ul class="x-list-plain"><li>990808475087 is not a valid date - it must be in the format d/m/Y</li></ul>'

2020-06-05 13:36:57 - [TEST_STEP][PASSED] - getTotalLength = getErrMsg.length(): null

2020-06-05 13:36:57 - [TEST_STEP][PASSED] - RemoveULClass = getErrMsg.substring(29, getTotalLength): null

2020-06-05 13:36:57 - [TEST_STEP][PASSED] - LengthNoUlClass = RemoveULClass.length() - 10: null

2020-06-05 13:36:57 - [TEST_STEP][PASSED] - ToolTipInvErrMsg = RemoveULClass.substring(0, LengthNoUlClass): null

2020-06-05 13:36:57 - [TEST_STEP][PASSED] - ExpectedInvalidErrMsg = concatenate(getInputInvalidDate, " ", NotValidDt): Concatenated string array: '['990808475087',' ','is not a valid date - it must be in the format d/m/Y']' into '990808475087 is not a valid date - it must be in the format d/m/Y'

2020-06-05 13:36:57 - [MESSAGE][PASSED] - Concatenated string array: '['990808475087',' ','is not a valid date - it must be in the format d/m/Y']' into '990808475087 is not a valid date - it must be in the format d/m/Y'

2020-06-05 13:36:57 - [TEST_STEP][PASSED] - verifyMatch(ToolTipInvErrMsg, ExpectedInvalidErrMsg, true): Actual text '990808475087 is not a valid date - it must be in the format d/m/Y' and expected text '990808475087 is not a valid date - it must be in the format d/m/Y' are matched  using regular expression

2020-06-05 13:36:57 - [MESSAGE][PASSED] - Actual text '990808475087 is not a valid date - it must be in the format d/m/Y' and expected text '990808475087 is not a valid date - it must be in the format d/m/Y' are matched  using regular expression

2020-06-05 13:36:57 - [MESSAGE][PASSED] - Call Test Case 'Test Cases/PFI Precision and Scale/PFI Components/InvalidDateErrorValidation' successfully

2020-06-05 13:36:57 - [TEST_STEP][PASSED] - callTestCase(findTestCase("PFI Precision and Scale/PFI Components with Indexing/SelectDayInDatePickerWithIndex"), ["FldNm":"d2aComplDt", "SelectCurrentDay":"9", "index":7], STOP_ON_FAILURE): Call Test Case 'Test Cases/PFI Precision and Scale/PFI Components with Indexing/SelectDayInDatePickerWithIndex' successfully

2020-06-05 13:36:57 - [TEST_CASE][PASSED] - Test Cases/PFI Precision and Scale/PFI Components with Indexing/SelectDayInDatePickerWithIndex: Test Cases/PFI Precision and Scale/PFI Components with Indexing/SelectDayInDatePickerWithIndex

2020-06-05 13:36:57 - [TEST_STEP][PASSED] - Thread.sleep(1000): null

2020-06-05 13:36:58 - [TEST_STEP][PASSED] - DateFieldNm = modifyObjectProperty(findTestObject("Objects.HighlightElements/input_field"), "name", "equals", FldNm, true): Modify property of object successfully

2020-06-05 13:36:58 - [MESSAGE][PASSED] - Modify property of object successfully

2020-06-05 13:36:58 - [TEST_STEP][PASSED] - ModifyDay = modifyObjectProperty(findTestObject("Objects.DateValidation/Page_ISPS2/Select_Day_Index"), "xpath", "equals", "(//*[contains(@class, 'x-datepicker-date') and (text() = '" + SelectCurrentDay + "')])[" + index + "]", true): Modify property of object successfully

2020-06-05 13:36:58 - [MESSAGE][PASSED] - Modify property of object successfully

2020-06-05 13:36:58 - [TEST_STEP][PASSED] - sendKeys(DateFieldNm, Keys.chord(ARROW_DOWN)): Keys 'DOWN + ' sent to object: 'Object Repository/Objects.HighlightElements/input_field'

2020-06-05 13:36:59 - [MESSAGE][PASSED] - Keys 'DOWN + ' sent to object: 'Object Repository/Objects.HighlightElements/input_field'

2020-06-05 13:36:59 - [TEST_STEP][PASSED] - com.reusableComponents.HighlightElement.run(ModifyDay): com.reusableComponents.HighlightElement.run is PASSED

2020-06-05 13:36:59 - [MESSAGE][PASSED] - com.reusableComponents.HighlightElement.run is PASSED

2020-06-05 13:36:59 - [TEST_STEP][PASSED] - delay(1): Delayed 1 second(s)

2020-06-05 13:37:00 - [MESSAGE][PASSED] - Delayed 1 second(s)

2020-06-05 13:37:00 - [TEST_STEP][PASSED] - click(ModifyDay): Object: 'Object Repository/Objects.DateValidation/Page_ISPS2/Select_Day_Index' is clicked on

2020-06-05 13:37:00 - [MESSAGE][PASSED] - Object: 'Object Repository/Objects.DateValidation/Page_ISPS2/Select_Day_Index' is clicked on

2020-06-05 13:37:00 - [TEST_STEP][PASSED] - GetError = getAttribute(DateFieldNm, "data-errorqtip"): Attribute 'data-errorqtip' of object 'Object Repository/Objects.HighlightElements/input_field' is: ''

2020-06-05 13:37:00 - [MESSAGE][PASSED] - Attribute 'data-errorqtip' of object 'Object Repository/Objects.HighlightElements/input_field' is: ''

2020-06-05 13:37:00 - [TEST_STEP][PASSED] - if (GetError == ""): Date Format is valid

2020-06-05 13:37:00 - [TEST_STEP][PASSED] - GetEnteredDate = getAttribute(DateFieldNm, "value"): Attribute 'value' of object 'Object Repository/Objects.HighlightElements/input_field' is: '09/06/2020'

2020-06-05 13:37:00 - [MESSAGE][PASSED] - Attribute 'value' of object 'Object Repository/Objects.HighlightElements/input_field' is: '09/06/2020'

2020-06-05 13:37:00 - [TEST_STEP][PASSED] - DatePattern = Pattern.compile("^(1[0-2]|0[1-9])/(3[01]|[12][0-9]|0[1-9])/[0-9]{4}$"): null

2020-06-05 13:37:00 - [TEST_STEP][PASSED] - VerifyDateFormat = DatePattern.matcher(GetEnteredDate): null

2020-06-05 13:37:00 - [TEST_STEP][PASSED] - if (VerifyDateFormat.matches() == true): Date Format is valid

2020-06-05 13:37:00 - [TEST_STEP][PASSED] - comment("Date Format is valid"): Date Format is valid

2020-06-05 13:37:00 - [MESSAGE][INFO] - Date Format is valid

2020-06-05 13:37:00 - [MESSAGE][PASSED] - Call Test Case 'Test Cases/PFI Precision and Scale/PFI Components with Indexing/SelectDayInDatePickerWithIndex' successfully

2020-06-05 13:37:00 - [TEST_STEP][PASSED] - callTestCase(findTestCase("PFI Precision and Scale/PFI Components/SelectTodayInDatePicker"), ["FldNm":"d2aComplDt", "index":4], STOP_ON_FAILURE): Call Test Case 'Test Cases/PFI Precision and Scale/PFI Components/SelectTodayInDatePicker' successfully

2020-06-05 13:37:00 - [TEST_CASE][PASSED] - Test Cases/PFI Precision and Scale/PFI Components/SelectTodayInDatePicker: Test Cases/PFI Precision and Scale/PFI Components/SelectTodayInDatePicker

2020-06-05 13:37:00 - [TEST_STEP][PASSED] - Thread.sleep(1000): null

2020-06-05 13:37:01 - [TEST_STEP][PASSED] - date = new java.util.Date(): null

2020-06-05 13:37:01 - [TEST_STEP][PASSED] - CurrentDate = new java.text.SimpleDateFormat(dd/MM/yyyy): null

2020-06-05 13:37:01 - [TEST_STEP][PASSED] - TodayDate = CurrentDate.format(date): null

2020-06-05 13:37:01 - [TEST_STEP][PASSED] - DateFieldNm = modifyObjectProperty(findTestObject("Object Repository/Objects.DateValidation/Page_ISPS2/input__orderDt"), "name", "equals", FldNm, true): Modify property of object successfully

2020-06-05 13:37:01 - [MESSAGE][PASSED] - Modify property of object successfully

2020-06-05 13:37:01 - [TEST_STEP][PASSED] - TodayBtn = modifyObjectProperty(findTestObject("Object Repository/Objects.DateValidation/Page_ISPS2/a_Today"), "xpath", "equals", "(//*[text() = 'Today'])[" + index + "]", true): Modify property of object successfully

2020-06-05 13:37:01 - [MESSAGE][PASSED] - Modify property of object successfully

2020-06-05 13:37:01 - [TEST_STEP][PASSED] - sendKeys(DateFieldNm, Keys.chord(ARROW_DOWN)): Keys 'DOWN + ' sent to object: 'Object Repository/Objects.DateValidation/Page_ISPS2/input__orderDt'

2020-06-05 13:37:01 - [MESSAGE][PASSED] - Keys 'DOWN + ' sent to object: 'Object Repository/Objects.DateValidation/Page_ISPS2/input__orderDt'

2020-06-05 13:37:01 - [TEST_STEP][PASSED] - com.reusableComponents.HighlightElement.run(TodayBtn): com.reusableComponents.HighlightElement.run is PASSED

2020-06-05 13:37:02 - [MESSAGE][PASSED] - com.reusableComponents.HighlightElement.run is PASSED

2020-06-05 13:37:02 - [TEST_STEP][PASSED] - click(TodayBtn): Object: 'Object Repository/Objects.DateValidation/Page_ISPS2/a_Today' is clicked on

2020-06-05 13:37:02 - [MESSAGE][PASSED] - Object: 'Object Repository/Objects.DateValidation/Page_ISPS2/a_Today' is clicked on

2020-06-05 13:37:02 - [TEST_STEP][PASSED] - GetEnteredDate = getAttribute(DateFieldNm, "value"): Attribute 'value' of object 'Object Repository/Objects.DateValidation/Page_ISPS2/input__orderDt' is: '05/06/2020'

2020-06-05 13:37:02 - [MESSAGE][PASSED] - Attribute 'value' of object 'Object Repository/Objects.DateValidation/Page_ISPS2/input__orderDt' is: '05/06/2020'

2020-06-05 13:37:02 - [TEST_STEP][PASSED] - verifyMatch(GetEnteredDate, TodayDate, true): Actual text '05/06/2020' and expected text '05/06/2020' are matched  using regular expression

2020-06-05 13:37:02 - [MESSAGE][PASSED] - Actual text '05/06/2020' and expected text '05/06/2020' are matched  using regular expression

2020-06-05 13:37:02 - [MESSAGE][PASSED] - Call Test Case 'Test Cases/PFI Precision and Scale/PFI Components/SelectTodayInDatePicker' successfully

2020-06-05 13:37:02 - [TEST_STEP][PASSED] - callTestCase(findTestCase("Components/HighlightLabelField"), ["LblName":"PE Reference No *:"], STOP_ON_FAILURE): Call Test Case 'Test Cases/Components/HighlightLabelField' successfully

2020-06-05 13:37:02 - [TEST_CASE][PASSED] - Test Cases/Components/HighlightLabelField: Test Cases/Components/HighlightLabelField

2020-06-05 13:37:02 - [TEST_STEP][PASSED] - Thread.sleep(1000): null

2020-06-05 13:37:03 - [TEST_STEP][PASSED] - modifiedLblNm = modifyObjectProperty(findTestObject("Objects.HighlightElements/lblField"), "text", "equals", LblName, true): Modify property of object successfully

2020-06-05 13:37:03 - [MESSAGE][PASSED] - Modify property of object successfully

2020-06-05 13:37:03 - [TEST_STEP][PASSED] - com.reusableComponents.HighlightElement.run(modifiedLblNm): com.reusableComponents.HighlightElement.run is PASSED

2020-06-05 13:37:03 - [MESSAGE][PASSED] - com.reusableComponents.HighlightElement.run is PASSED

2020-06-05 13:37:03 - [MESSAGE][PASSED] - Call Test Case 'Test Cases/Components/HighlightLabelField' successfully

2020-06-05 13:37:03 - [TEST_STEP][PASSED] - callTestCase(findTestCase("Components/HighlightInputField"), ["InputFldName":"peRegNbr"], STOP_ON_FAILURE): Call Test Case 'Test Cases/Components/HighlightInputField' successfully

2020-06-05 13:37:04 - [TEST_CASE][PASSED] - Test Cases/Components/HighlightInputField: Test Cases/Components/HighlightInputField

2020-06-05 13:37:04 - [TEST_STEP][PASSED] - Thread.sleep(1000): null

2020-06-05 13:37:05 - [TEST_STEP][PASSED] - modifiedLblNm = modifyObjectProperty(findTestObject("Objects.HighlightElements/input_field"), "name", "equals", InputFldName, true): Modify property of object successfully

2020-06-05 13:37:05 - [MESSAGE][PASSED] - Modify property of object successfully

2020-06-05 13:37:05 - [TEST_STEP][PASSED] - com.reusableComponents.HighlightElement.run(modifiedLblNm): com.reusableComponents.HighlightElement.run is PASSED

2020-06-05 13:37:05 - [MESSAGE][PASSED] - com.reusableComponents.HighlightElement.run is PASSED

2020-06-05 13:37:05 - [MESSAGE][PASSED] - Call Test Case 'Test Cases/Components/HighlightInputField' successfully

2020-06-05 13:37:05 - [TEST_STEP][PASSED] - callTestCase(findTestCase("PFI Precision and Scale/PFI Components/VerifyDropdownValues"), ["FldNm":"peRegNbr", "CallTCName":"Test Cases/PFI Precision and Scale/HashMap Tables/PELists", "cmbNm":"PENo", "NoOfVal":10, ... ], STOP_ON_FAILURE): Call Test Case 'Test Cases/PFI Precision and Scale/PFI Components/VerifyDropdownValues' successfully

2020-06-05 13:37:05 - [TEST_CASE][PASSED] - Test Cases/PFI Precision and Scale/PFI Components/VerifyDropdownValues: Test Cases/PFI Precision and Scale/PFI Components/VerifyDropdownValues

2020-06-05 13:37:05 - [TEST_STEP][PASSED] - Thread.sleep(1000): null

2020-06-05 13:37:06 - [TEST_STEP][PASSED] - NewInputNmField = modifyObjectProperty(findTestObject("Objects.HighlightElements/input_field"), "name", "equals", FldNm, true): Modify property of object successfully

2020-06-05 13:37:06 - [MESSAGE][PASSED] - Modify property of object successfully

2020-06-05 13:37:06 - [TEST_STEP][PASSED] - comboNm = cmbNm: null

2020-06-05 13:37:06 - [TEST_STEP][PASSED] - focus(NewInputNmField): Object: 'Object Repository/Objects.HighlightElements/input_field' is focused

2020-06-05 13:37:06 - [MESSAGE][PASSED] - Object: 'Object Repository/Objects.HighlightElements/input_field' is focused

2020-06-05 13:37:06 - [TEST_STEP][PASSED] - setText(NewInputNmField, EnterValue): Text '0016' is set on object 'Object Repository/Objects.HighlightElements/input_field'

2020-06-05 13:37:06 - [MESSAGE][PASSED] - Text '0016' is set on object 'Object Repository/Objects.HighlightElements/input_field'

2020-06-05 13:37:06 - [TEST_STEP][PASSED] - for ([i = 1, i <= NoOfVal, (i++)]): Keys 'DOWN + ' sent to object: 'Object Repository/Objects.HighlightElements/input_field'

2020-06-05 13:37:06 - [TEST_STEP][PASSED] - sendKeys(NewInputNmField, Keys.chord(ARROW_DOWN)): Keys 'DOWN + ' sent to object: 'Object Repository/Objects.HighlightElements/input_field'

2020-06-05 13:37:06 - [MESSAGE][PASSED] - Keys 'DOWN + ' sent to object: 'Object Repository/Objects.HighlightElements/input_field'

2020-06-05 13:37:06 - [TEST_STEP][PASSED] - delay(DelayTime): Delayed 5 second(s)

2020-06-05 13:37:11 - [MESSAGE][PASSED] - Delayed 5 second(s)

2020-06-05 13:37:11 - [TEST_STEP][PASSED] - sendKeys(NewInputNmField, Keys.chord(ENTER)): Keys 'ENTER + ' sent to object: 'Object Repository/Objects.HighlightElements/input_field'

2020-06-05 13:37:11 - [MESSAGE][PASSED] - Keys 'ENTER + ' sent to object: 'Object Repository/Objects.HighlightElements/input_field'

2020-06-05 13:37:11 - [TEST_STEP][PASSED] - ComboBoxValue = getAttribute(NewInputNmField, "value"): Attribute 'value' of object 'Object Repository/Objects.HighlightElements/input_field' is: '0016'

2020-06-05 13:37:11 - [MESSAGE][PASSED] - Attribute 'value' of object 'Object Repository/Objects.HighlightElements/input_field' is: '0016'

2020-06-05 13:37:11 - [TEST_STEP][PASSED] - callTestCase(findTestCase(CallTCName), ["FindValue":ComboBoxValue, "DropdownNm":comboNm], STOP_ON_FAILURE): Call Test Case 'Test Cases/PFI Precision and Scale/HashMap Tables/PELists' successfully

2020-06-05 13:37:12 - [TEST_CASE][PASSED] - Test Cases/PFI Precision and Scale/HashMap Tables/PELists: Test Cases/PFI Precision and Scale/HashMap Tables/PELists

2020-06-05 13:37:12 - [TEST_STEP][PASSED] - Thread.sleep(1000): null

2020-06-05 13:37:13 - [TEST_STEP][PASSED] - PEListsTBL = ["0011":"QP-Formatted Address", "0012":"QP-0012", "0014":"QP-0014", "0015":"QP-0015", "0016":"QP-0016", "3214":"Dummy QP Name 3861", ... ]: null

2020-06-05 13:37:13 - [TEST_STEP][PASSED] - switch (DropdownNm): null

2020-06-05 13:37:13 - [TEST_STEP][PASSED] - case "PENo":: null

2020-06-05 13:37:13 - [TEST_STEP][PASSED] - ValueFound = FindValue + " (" + get(FindValue).toString() + ")": null

2020-06-05 13:37:13 - [TEST_STEP][PASSED] - break: null

2020-06-05 13:37:13 - [MESSAGE][PASSED] - Call Test Case 'Test Cases/PFI Precision and Scale/HashMap Tables/PELists' successfully

2020-06-05 13:37:13 - [TEST_STEP][PASSED] - println(ValueFound): null

2020-06-05 13:37:13 - [TEST_STEP][PASSED] - sendKeys(NewInputNmField, Keys.chord(ARROW_DOWN)): Keys 'DOWN + ' sent to object: 'Object Repository/Objects.HighlightElements/input_field'

2020-06-05 13:37:13 - [MESSAGE][PASSED] - Keys 'DOWN + ' sent to object: 'Object Repository/Objects.HighlightElements/input_field'

2020-06-05 13:37:13 - [TEST_STEP][PASSED] - sendKeys(NewInputNmField, Keys.chord(ARROW_DOWN)): Keys 'DOWN + ' sent to object: 'Object Repository/Objects.HighlightElements/input_field'

2020-06-05 13:37:13 - [MESSAGE][PASSED] - Keys 'DOWN + ' sent to object: 'Object Repository/Objects.HighlightElements/input_field'

2020-06-05 13:37:13 - [TEST_STEP][PASSED] - delay(DelayTime): Delayed 5 second(s)

2020-06-05 13:37:18 - [MESSAGE][PASSED] - Delayed 5 second(s)

2020-06-05 13:37:18 - [TEST_STEP][PASSED] - sendKeys(NewInputNmField, Keys.chord(ENTER)): Keys 'ENTER + ' sent to object: 'Object Repository/Objects.HighlightElements/input_field'

2020-06-05 13:37:18 - [MESSAGE][PASSED] - Keys 'ENTER + ' sent to object: 'Object Repository/Objects.HighlightElements/input_field'

2020-06-05 13:37:18 - [TEST_STEP][PASSED] - ComboBoxValue = getAttribute(NewInputNmField, "value"): Attribute 'value' of object 'Object Repository/Objects.HighlightElements/input_field' is: '0016'

2020-06-05 13:37:18 - [MESSAGE][PASSED] - Attribute 'value' of object 'Object Repository/Objects.HighlightElements/input_field' is: '0016'

2020-06-05 13:37:18 - [TEST_STEP][PASSED] - callTestCase(findTestCase(CallTCName), ["FindValue":ComboBoxValue, "DropdownNm":comboNm], STOP_ON_FAILURE): Call Test Case 'Test Cases/PFI Precision and Scale/HashMap Tables/PELists' successfully

2020-06-05 13:37:18 - [TEST_CASE][PASSED] - Test Cases/PFI Precision and Scale/HashMap Tables/PELists: Test Cases/PFI Precision and Scale/HashMap Tables/PELists

2020-06-05 13:37:18 - [TEST_STEP][PASSED] - Thread.sleep(1000): null

2020-06-05 13:37:19 - [TEST_STEP][PASSED] - PEListsTBL = ["0011":"QP-Formatted Address", "0012":"QP-0012", "0014":"QP-0014", "0015":"QP-0015", "0016":"QP-0016", "3214":"Dummy QP Name 3861", ... ]: null

2020-06-05 13:37:19 - [TEST_STEP][PASSED] - switch (DropdownNm): null

2020-06-05 13:37:19 - [TEST_STEP][PASSED] - case "PENo":: null

2020-06-05 13:37:19 - [TEST_STEP][PASSED] - ValueFound = FindValue + " (" + get(FindValue).toString() + ")": null

2020-06-05 13:37:19 - [TEST_STEP][PASSED] - break: null

2020-06-05 13:37:19 - [MESSAGE][PASSED] - Call Test Case 'Test Cases/PFI Precision and Scale/HashMap Tables/PELists' successfully

2020-06-05 13:37:19 - [TEST_STEP][PASSED] - println(ValueFound): null

2020-06-05 13:37:19 - [TEST_STEP][PASSED] - sendKeys(NewInputNmField, Keys.chord(ARROW_DOWN)): Keys 'DOWN + ' sent to object: 'Object Repository/Objects.HighlightElements/input_field'

2020-06-05 13:37:19 - [MESSAGE][PASSED] - Keys 'DOWN + ' sent to object: 'Object Repository/Objects.HighlightElements/input_field'

2020-06-05 13:37:19 - [TEST_STEP][PASSED] - sendKeys(NewInputNmField, Keys.chord(ARROW_DOWN)): Keys 'DOWN + ' sent to object: 'Object Repository/Objects.HighlightElements/input_field'

2020-06-05 13:37:19 - [MESSAGE][PASSED] - Keys 'DOWN + ' sent to object: 'Object Repository/Objects.HighlightElements/input_field'

2020-06-05 13:37:19 - [TEST_STEP][PASSED] - delay(DelayTime): Delayed 5 second(s)

2020-06-05 13:37:24 - [MESSAGE][PASSED] - Delayed 5 second(s)

2020-06-05 13:37:24 - [TEST_STEP][PASSED] - sendKeys(NewInputNmField, Keys.chord(ENTER)): Keys 'ENTER + ' sent to object: 'Object Repository/Objects.HighlightElements/input_field'

2020-06-05 13:37:24 - [MESSAGE][PASSED] - Keys 'ENTER + ' sent to object: 'Object Repository/Objects.HighlightElements/input_field'

2020-06-05 13:37:24 - [TEST_STEP][PASSED] - ComboBoxValue = getAttribute(NewInputNmField, "value"): Attribute 'value' of object 'Object Repository/Objects.HighlightElements/input_field' is: '1004'

2020-06-05 13:37:24 - [MESSAGE][PASSED] - Attribute 'value' of object 'Object Repository/Objects.HighlightElements/input_field' is: '1004'

2020-06-05 13:37:24 - [TEST_STEP][PASSED] - callTestCase(findTestCase(CallTCName), ["FindValue":ComboBoxValue, "DropdownNm":comboNm], STOP_ON_FAILURE): Call Test Case 'Test Cases/PFI Precision and Scale/HashMap Tables/PELists' successfully

2020-06-05 13:37:24 - [TEST_CASE][PASSED] - Test Cases/PFI Precision and Scale/HashMap Tables/PELists: Test Cases/PFI Precision and Scale/HashMap Tables/PELists

2020-06-05 13:37:24 - [TEST_STEP][PASSED] - Thread.sleep(1000): null

2020-06-05 13:37:25 - [TEST_STEP][PASSED] - PEListsTBL = ["0011":"QP-Formatted Address", "0012":"QP-0012", "0014":"QP-0014", "0015":"QP-0015", "0016":"QP-0016", "3214":"Dummy QP Name 3861", ... ]: null

2020-06-05 13:37:25 - [TEST_STEP][PASSED] - switch (DropdownNm): null

2020-06-05 13:37:25 - [TEST_STEP][PASSED] - case "PENo":: null

2020-06-05 13:37:25 - [TEST_STEP][PASSED] - ValueFound = FindValue + " (" + get(FindValue).toString() + ")": null

2020-06-05 13:37:25 - [TEST_STEP][PASSED] - break: null

2020-06-05 13:37:25 - [MESSAGE][PASSED] - Call Test Case 'Test Cases/PFI Precision and Scale/HashMap Tables/PELists' successfully

2020-06-05 13:37:25 - [TEST_STEP][PASSED] - println(ValueFound): null

2020-06-05 13:37:25 - [TEST_STEP][PASSED] - sendKeys(NewInputNmField, Keys.chord(ARROW_DOWN)): Keys 'DOWN + ' sent to object: 'Object Repository/Objects.HighlightElements/input_field'

2020-06-05 13:37:25 - [MESSAGE][PASSED] - Keys 'DOWN + ' sent to object: 'Object Repository/Objects.HighlightElements/input_field'

2020-06-05 13:37:25 - [TEST_STEP][PASSED] - sendKeys(NewInputNmField, Keys.chord(ARROW_DOWN)): Keys 'DOWN + ' sent to object: 'Object Repository/Objects.HighlightElements/input_field'

2020-06-05 13:37:25 - [MESSAGE][PASSED] - Keys 'DOWN + ' sent to object: 'Object Repository/Objects.HighlightElements/input_field'

2020-06-05 13:37:25 - [TEST_STEP][PASSED] - delay(DelayTime): Delayed 5 second(s)

2020-06-05 13:37:30 - [MESSAGE][PASSED] - Delayed 5 second(s)

2020-06-05 13:37:30 - [TEST_STEP][PASSED] - sendKeys(NewInputNmField, Keys.chord(ENTER)): Keys 'ENTER + ' sent to object: 'Object Repository/Objects.HighlightElements/input_field'

2020-06-05 13:37:30 - [MESSAGE][PASSED] - Keys 'ENTER + ' sent to object: 'Object Repository/Objects.HighlightElements/input_field'

2020-06-05 13:37:30 - [TEST_STEP][PASSED] - ComboBoxValue = getAttribute(NewInputNmField, "value"): Attribute 'value' of object 'Object Repository/Objects.HighlightElements/input_field' is: '1004'

2020-06-05 13:37:30 - [MESSAGE][PASSED] - Attribute 'value' of object 'Object Repository/Objects.HighlightElements/input_field' is: '1004'

2020-06-05 13:37:30 - [TEST_STEP][PASSED] - callTestCase(findTestCase(CallTCName), ["FindValue":ComboBoxValue, "DropdownNm":comboNm], STOP_ON_FAILURE): Call Test Case 'Test Cases/PFI Precision and Scale/HashMap Tables/PELists' successfully

2020-06-05 13:37:30 - [TEST_CASE][PASSED] - Test Cases/PFI Precision and Scale/HashMap Tables/PELists: Test Cases/PFI Precision and Scale/HashMap Tables/PELists

2020-06-05 13:37:30 - [TEST_STEP][PASSED] - Thread.sleep(1000): null

2020-06-05 13:37:31 - [TEST_STEP][PASSED] - PEListsTBL = ["0011":"QP-Formatted Address", "0012":"QP-0012", "0014":"QP-0014", "0015":"QP-0015", "0016":"QP-0016", "3214":"Dummy QP Name 3861", ... ]: null

2020-06-05 13:37:31 - [TEST_STEP][PASSED] - switch (DropdownNm): null

2020-06-05 13:37:31 - [TEST_STEP][PASSED] - case "PENo":: null

2020-06-05 13:37:31 - [TEST_STEP][PASSED] - ValueFound = FindValue + " (" + get(FindValue).toString() + ")": null

2020-06-05 13:37:31 - [TEST_STEP][PASSED] - break: null

2020-06-05 13:37:31 - [MESSAGE][PASSED] - Call Test Case 'Test Cases/PFI Precision and Scale/HashMap Tables/PELists' successfully

2020-06-05 13:37:31 - [TEST_STEP][PASSED] - println(ValueFound): null

2020-06-05 13:37:31 - [TEST_STEP][PASSED] - sendKeys(NewInputNmField, Keys.chord(ARROW_DOWN)): Keys 'DOWN + ' sent to object: 'Object Repository/Objects.HighlightElements/input_field'

2020-06-05 13:37:32 - [MESSAGE][PASSED] - Keys 'DOWN + ' sent to object: 'Object Repository/Objects.HighlightElements/input_field'

2020-06-05 13:37:32 - [TEST_STEP][PASSED] - sendKeys(NewInputNmField, Keys.chord(ARROW_DOWN)): Keys 'DOWN + ' sent to object: 'Object Repository/Objects.HighlightElements/input_field'

2020-06-05 13:37:32 - [MESSAGE][PASSED] - Keys 'DOWN + ' sent to object: 'Object Repository/Objects.HighlightElements/input_field'

2020-06-05 13:37:32 - [TEST_STEP][PASSED] - delay(DelayTime): Delayed 5 second(s)

2020-06-05 13:37:37 - [MESSAGE][PASSED] - Delayed 5 second(s)

2020-06-05 13:37:37 - [TEST_STEP][PASSED] - sendKeys(NewInputNmField, Keys.chord(ENTER)): Keys 'ENTER + ' sent to object: 'Object Repository/Objects.HighlightElements/input_field'

2020-06-05 13:37:37 - [MESSAGE][PASSED] - Keys 'ENTER + ' sent to object: 'Object Repository/Objects.HighlightElements/input_field'

2020-06-05 13:37:37 - [TEST_STEP][PASSED] - ComboBoxValue = getAttribute(NewInputNmField, "value"): Attribute 'value' of object 'Object Repository/Objects.HighlightElements/input_field' is: '1003'

2020-06-05 13:37:37 - [MESSAGE][PASSED] - Attribute 'value' of object 'Object Repository/Objects.HighlightElements/input_field' is: '1003'

2020-06-05 13:37:37 - [TEST_STEP][PASSED] - callTestCase(findTestCase(CallTCName), ["FindValue":ComboBoxValue, "DropdownNm":comboNm], STOP_ON_FAILURE): Call Test Case 'Test Cases/PFI Precision and Scale/HashMap Tables/PELists' successfully

2020-06-05 13:37:37 - [TEST_CASE][PASSED] - Test Cases/PFI Precision and Scale/HashMap Tables/PELists: Test Cases/PFI Precision and Scale/HashMap Tables/PELists

2020-06-05 13:37:37 - [TEST_STEP][PASSED] - Thread.sleep(1000): null

2020-06-05 13:37:38 - [TEST_STEP][PASSED] - PEListsTBL = ["0011":"QP-Formatted Address", "0012":"QP-0012", "0014":"QP-0014", "0015":"QP-0015", "0016":"QP-0016", "3214":"Dummy QP Name 3861", ... ]: null

2020-06-05 13:37:38 - [TEST_STEP][PASSED] - switch (DropdownNm): null

2020-06-05 13:37:38 - [TEST_STEP][PASSED] - case "PENo":: null

2020-06-05 13:37:38 - [TEST_STEP][PASSED] - ValueFound = FindValue + " (" + get(FindValue).toString() + ")": null

2020-06-05 13:37:38 - [TEST_STEP][PASSED] - break: null

2020-06-05 13:37:38 - [MESSAGE][PASSED] - Call Test Case 'Test Cases/PFI Precision and Scale/HashMap Tables/PELists' successfully

2020-06-05 13:37:38 - [TEST_STEP][PASSED] - println(ValueFound): null

2020-06-05 13:37:38 - [TEST_STEP][PASSED] - sendKeys(NewInputNmField, Keys.chord(ARROW_DOWN)): Keys 'DOWN + ' sent to object: 'Object Repository/Objects.HighlightElements/input_field'

2020-06-05 13:37:38 - [MESSAGE][PASSED] - Keys 'DOWN + ' sent to object: 'Object Repository/Objects.HighlightElements/input_field'

2020-06-05 13:37:38 - [TEST_STEP][PASSED] - sendKeys(NewInputNmField, Keys.chord(ARROW_DOWN)): Keys 'DOWN + ' sent to object: 'Object Repository/Objects.HighlightElements/input_field'

2020-06-05 13:37:38 - [MESSAGE][PASSED] - Keys 'DOWN + ' sent to object: 'Object Repository/Objects.HighlightElements/input_field'

2020-06-05 13:37:38 - [TEST_STEP][PASSED] - delay(DelayTime): Delayed 5 second(s)

2020-06-05 13:37:43 - [MESSAGE][PASSED] - Delayed 5 second(s)

2020-06-05 13:37:43 - [TEST_STEP][PASSED] - sendKeys(NewInputNmField, Keys.chord(ENTER)): Keys 'ENTER + ' sent to object: 'Object Repository/Objects.HighlightElements/input_field'

2020-06-05 13:37:43 - [MESSAGE][PASSED] - Keys 'ENTER + ' sent to object: 'Object Repository/Objects.HighlightElements/input_field'

2020-06-05 13:37:43 - [TEST_STEP][PASSED] - ComboBoxValue = getAttribute(NewInputNmField, "value"): Attribute 'value' of object 'Object Repository/Objects.HighlightElements/input_field' is: '1003'

2020-06-05 13:37:43 - [MESSAGE][PASSED] - Attribute 'value' of object 'Object Repository/Objects.HighlightElements/input_field' is: '1003'

2020-06-05 13:37:43 - [TEST_STEP][PASSED] - callTestCase(findTestCase(CallTCName), ["FindValue":ComboBoxValue, "DropdownNm":comboNm], STOP_ON_FAILURE): Call Test Case 'Test Cases/PFI Precision and Scale/HashMap Tables/PELists' successfully

2020-06-05 13:37:43 - [TEST_CASE][PASSED] - Test Cases/PFI Precision and Scale/HashMap Tables/PELists: Test Cases/PFI Precision and Scale/HashMap Tables/PELists

2020-06-05 13:37:43 - [TEST_STEP][PASSED] - Thread.sleep(1000): null

2020-06-05 13:37:44 - [TEST_STEP][PASSED] - PEListsTBL = ["0011":"QP-Formatted Address", "0012":"QP-0012", "0014":"QP-0014", "0015":"QP-0015", "0016":"QP-0016", "3214":"Dummy QP Name 3861", ... ]: null

2020-06-05 13:37:44 - [TEST_STEP][PASSED] - switch (DropdownNm): null

2020-06-05 13:37:44 - [TEST_STEP][PASSED] - case "PENo":: null

2020-06-05 13:37:44 - [TEST_STEP][PASSED] - ValueFound = FindValue + " (" + get(FindValue).toString() + ")": null

2020-06-05 13:37:44 - [TEST_STEP][PASSED] - break: null

2020-06-05 13:37:44 - [MESSAGE][PASSED] - Call Test Case 'Test Cases/PFI Precision and Scale/HashMap Tables/PELists' successfully

2020-06-05 13:37:44 - [TEST_STEP][PASSED] - println(ValueFound): null

2020-06-05 13:37:44 - [TEST_STEP][PASSED] - sendKeys(NewInputNmField, Keys.chord(ARROW_DOWN)): Keys 'DOWN + ' sent to object: 'Object Repository/Objects.HighlightElements/input_field'

2020-06-05 13:37:44 - [MESSAGE][PASSED] - Keys 'DOWN + ' sent to object: 'Object Repository/Objects.HighlightElements/input_field'

2020-06-05 13:37:44 - [TEST_STEP][PASSED] - sendKeys(NewInputNmField, Keys.chord(ARROW_DOWN)): Keys 'DOWN + ' sent to object: 'Object Repository/Objects.HighlightElements/input_field'

2020-06-05 13:37:44 - [MESSAGE][PASSED] - Keys 'DOWN + ' sent to object: 'Object Repository/Objects.HighlightElements/input_field'

2020-06-05 13:37:44 - [TEST_STEP][PASSED] - delay(DelayTime): Delayed 5 second(s)

2020-06-05 13:37:49 - [MESSAGE][PASSED] - Delayed 5 second(s)

2020-06-05 13:37:49 - [TEST_STEP][PASSED] - sendKeys(NewInputNmField, Keys.chord(ENTER)): Keys 'ENTER + ' sent to object: 'Object Repository/Objects.HighlightElements/input_field'

2020-06-05 13:37:49 - [MESSAGE][PASSED] - Keys 'ENTER + ' sent to object: 'Object Repository/Objects.HighlightElements/input_field'

2020-06-05 13:37:49 - [TEST_STEP][PASSED] - ComboBoxValue = getAttribute(NewInputNmField, "value"): Attribute 'value' of object 'Object Repository/Objects.HighlightElements/input_field' is: '1123'

2020-06-05 13:37:49 - [MESSAGE][PASSED] - Attribute 'value' of object 'Object Repository/Objects.HighlightElements/input_field' is: '1123'

2020-06-05 13:37:49 - [TEST_STEP][PASSED] - callTestCase(findTestCase(CallTCName), ["FindValue":ComboBoxValue, "DropdownNm":comboNm], STOP_ON_FAILURE): Call Test Case 'Test Cases/PFI Precision and Scale/HashMap Tables/PELists' successfully

2020-06-05 13:37:49 - [TEST_CASE][PASSED] - Test Cases/PFI Precision and Scale/HashMap Tables/PELists: Test Cases/PFI Precision and Scale/HashMap Tables/PELists

2020-06-05 13:37:49 - [TEST_STEP][PASSED] - Thread.sleep(1000): null

2020-06-05 13:37:50 - [TEST_STEP][PASSED] - PEListsTBL = ["0011":"QP-Formatted Address", "0012":"QP-0012", "0014":"QP-0014", "0015":"QP-0015", "0016":"QP-0016", "3214":"Dummy QP Name 3861", ... ]: null

2020-06-05 13:37:50 - [TEST_STEP][PASSED] - switch (DropdownNm): null

2020-06-05 13:37:50 - [TEST_STEP][PASSED] - case "PENo":: null

2020-06-05 13:37:50 - [TEST_STEP][PASSED] - ValueFound = FindValue + " (" + get(FindValue).toString() + ")": null

2020-06-05 13:37:50 - [TEST_STEP][PASSED] - break: null

2020-06-05 13:37:50 - [MESSAGE][PASSED] - Call Test Case 'Test Cases/PFI Precision and Scale/HashMap Tables/PELists' successfully

2020-06-05 13:37:50 - [TEST_STEP][PASSED] - println(ValueFound): null

2020-06-05 13:37:50 - [TEST_STEP][PASSED] - sendKeys(NewInputNmField, Keys.chord(ARROW_DOWN)): Keys 'DOWN + ' sent to object: 'Object Repository/Objects.HighlightElements/input_field'

2020-06-05 13:37:50 - [MESSAGE][PASSED] - Keys 'DOWN + ' sent to object: 'Object Repository/Objects.HighlightElements/input_field'

2020-06-05 13:37:50 - [TEST_STEP][PASSED] - sendKeys(NewInputNmField, Keys.chord(ARROW_DOWN)): Keys 'DOWN + ' sent to object: 'Object Repository/Objects.HighlightElements/input_field'

2020-06-05 13:37:50 - [MESSAGE][PASSED] - Keys 'DOWN + ' sent to object: 'Object Repository/Objects.HighlightElements/input_field'

2020-06-05 13:37:50 - [TEST_STEP][PASSED] - delay(DelayTime): Delayed 5 second(s)

2020-06-05 13:37:55 - [MESSAGE][PASSED] - Delayed 5 second(s)

2020-06-05 13:37:55 - [TEST_STEP][PASSED] - sendKeys(NewInputNmField, Keys.chord(ENTER)): Keys 'ENTER + ' sent to object: 'Object Repository/Objects.HighlightElements/input_field'

2020-06-05 13:37:55 - [MESSAGE][PASSED] - Keys 'ENTER + ' sent to object: 'Object Repository/Objects.HighlightElements/input_field'

2020-06-05 13:37:55 - [TEST_STEP][PASSED] - ComboBoxValue = getAttribute(NewInputNmField, "value"): Attribute 'value' of object 'Object Repository/Objects.HighlightElements/input_field' is: '0017'

2020-06-05 13:37:55 - [MESSAGE][PASSED] - Attribute 'value' of object 'Object Repository/Objects.HighlightElements/input_field' is: '0017'

2020-06-05 13:37:55 - [TEST_STEP][PASSED] - callTestCase(findTestCase(CallTCName), ["FindValue":ComboBoxValue, "DropdownNm":comboNm], STOP_ON_FAILURE): Call Test Case 'Test Cases/PFI Precision and Scale/HashMap Tables/PELists' successfully

2020-06-05 13:37:55 - [TEST_CASE][PASSED] - Test Cases/PFI Precision and Scale/HashMap Tables/PELists: Test Cases/PFI Precision and Scale/HashMap Tables/PELists

2020-06-05 13:37:55 - [TEST_STEP][PASSED] - Thread.sleep(1000): null

2020-06-05 13:37:56 - [TEST_STEP][PASSED] - PEListsTBL = ["0011":"QP-Formatted Address", "0012":"QP-0012", "0014":"QP-0014", "0015":"QP-0015", "0016":"QP-0016", "3214":"Dummy QP Name 3861", ... ]: null

2020-06-05 13:37:56 - [TEST_STEP][PASSED] - switch (DropdownNm): null

2020-06-05 13:37:56 - [TEST_STEP][PASSED] - case "PENo":: null

2020-06-05 13:37:56 - [TEST_STEP][PASSED] - ValueFound = FindValue + " (" + get(FindValue).toString() + ")": null

2020-06-05 13:37:56 - [TEST_STEP][PASSED] - break: null

2020-06-05 13:37:56 - [MESSAGE][PASSED] - Call Test Case 'Test Cases/PFI Precision and Scale/HashMap Tables/PELists' successfully

2020-06-05 13:37:56 - [TEST_STEP][PASSED] - println(ValueFound): null

2020-06-05 13:37:56 - [TEST_STEP][PASSED] - sendKeys(NewInputNmField, Keys.chord(ARROW_DOWN)): Keys 'DOWN + ' sent to object: 'Object Repository/Objects.HighlightElements/input_field'

2020-06-05 13:37:56 - [MESSAGE][PASSED] - Keys 'DOWN + ' sent to object: 'Object Repository/Objects.HighlightElements/input_field'

2020-06-05 13:37:56 - [TEST_STEP][PASSED] - sendKeys(NewInputNmField, Keys.chord(ARROW_DOWN)): Keys 'DOWN + ' sent to object: 'Object Repository/Objects.HighlightElements/input_field'

2020-06-05 13:37:56 - [MESSAGE][PASSED] - Keys 'DOWN + ' sent to object: 'Object Repository/Objects.HighlightElements/input_field'

2020-06-05 13:37:56 - [TEST_STEP][PASSED] - delay(DelayTime): Delayed 5 second(s)

2020-06-05 13:38:01 - [MESSAGE][PASSED] - Delayed 5 second(s)

2020-06-05 13:38:01 - [TEST_STEP][PASSED] - sendKeys(NewInputNmField, Keys.chord(ENTER)): Keys 'ENTER + ' sent to object: 'Object Repository/Objects.HighlightElements/input_field'

2020-06-05 13:38:01 - [MESSAGE][PASSED] - Keys 'ENTER + ' sent to object: 'Object Repository/Objects.HighlightElements/input_field'

2020-06-05 13:38:01 - [TEST_STEP][PASSED] - ComboBoxValue = getAttribute(NewInputNmField, "value"): Attribute 'value' of object 'Object Repository/Objects.HighlightElements/input_field' is: '0016'

2020-06-05 13:38:02 - [MESSAGE][PASSED] - Attribute 'value' of object 'Object Repository/Objects.HighlightElements/input_field' is: '0016'

2020-06-05 13:38:02 - [TEST_STEP][PASSED] - callTestCase(findTestCase(CallTCName), ["FindValue":ComboBoxValue, "DropdownNm":comboNm], STOP_ON_FAILURE): Call Test Case 'Test Cases/PFI Precision and Scale/HashMap Tables/PELists' successfully

2020-06-05 13:38:02 - [TEST_CASE][PASSED] - Test Cases/PFI Precision and Scale/HashMap Tables/PELists: Test Cases/PFI Precision and Scale/HashMap Tables/PELists

2020-06-05 13:38:02 - [TEST_STEP][PASSED] - Thread.sleep(1000): null

2020-06-05 13:38:03 - [TEST_STEP][PASSED] - PEListsTBL = ["0011":"QP-Formatted Address", "0012":"QP-0012", "0014":"QP-0014", "0015":"QP-0015", "0016":"QP-0016", "3214":"Dummy QP Name 3861", ... ]: null

2020-06-05 13:38:03 - [TEST_STEP][PASSED] - switch (DropdownNm): null

2020-06-05 13:38:03 - [TEST_STEP][PASSED] - case "PENo":: null

2020-06-05 13:38:03 - [TEST_STEP][PASSED] - ValueFound = FindValue + " (" + get(FindValue).toString() + ")": null

2020-06-05 13:38:03 - [TEST_STEP][PASSED] - break: null

2020-06-05 13:38:03 - [MESSAGE][PASSED] - Call Test Case 'Test Cases/PFI Precision and Scale/HashMap Tables/PELists' successfully

2020-06-05 13:38:03 - [TEST_STEP][PASSED] - println(ValueFound): null

2020-06-05 13:38:03 - [TEST_STEP][PASSED] - sendKeys(NewInputNmField, Keys.chord(ARROW_DOWN)): Keys 'DOWN + ' sent to object: 'Object Repository/Objects.HighlightElements/input_field'

2020-06-05 13:38:03 - [MESSAGE][PASSED] - Keys 'DOWN + ' sent to object: 'Object Repository/Objects.HighlightElements/input_field'

2020-06-05 13:38:03 - [TEST_STEP][PASSED] - sendKeys(NewInputNmField, Keys.chord(ARROW_DOWN)): Keys 'DOWN + ' sent to object: 'Object Repository/Objects.HighlightElements/input_field'

2020-06-05 13:38:03 - [MESSAGE][PASSED] - Keys 'DOWN + ' sent to object: 'Object Repository/Objects.HighlightElements/input_field'

2020-06-05 13:38:03 - [TEST_STEP][PASSED] - delay(DelayTime): Delayed 5 second(s)

2020-06-05 13:38:08 - [MESSAGE][PASSED] - Delayed 5 second(s)

2020-06-05 13:38:08 - [TEST_STEP][PASSED] - sendKeys(NewInputNmField, Keys.chord(ENTER)): Keys 'ENTER + ' sent to object: 'Object Repository/Objects.HighlightElements/input_field'

2020-06-05 13:38:08 - [MESSAGE][PASSED] - Keys 'ENTER + ' sent to object: 'Object Repository/Objects.HighlightElements/input_field'

2020-06-05 13:38:08 - [TEST_STEP][PASSED] - ComboBoxValue = getAttribute(NewInputNmField, "value"): Attribute 'value' of object 'Object Repository/Objects.HighlightElements/input_field' is: '0015'

2020-06-05 13:38:08 - [MESSAGE][PASSED] - Attribute 'value' of object 'Object Repository/Objects.HighlightElements/input_field' is: '0015'

2020-06-05 13:38:08 - [TEST_STEP][PASSED] - callTestCase(findTestCase(CallTCName), ["FindValue":ComboBoxValue, "DropdownNm":comboNm], STOP_ON_FAILURE): Call Test Case 'Test Cases/PFI Precision and Scale/HashMap Tables/PELists' successfully

2020-06-05 13:38:08 - [TEST_CASE][PASSED] - Test Cases/PFI Precision and Scale/HashMap Tables/PELists: Test Cases/PFI Precision and Scale/HashMap Tables/PELists

2020-06-05 13:38:08 - [TEST_STEP][PASSED] - Thread.sleep(1000): null

2020-06-05 13:38:09 - [TEST_STEP][PASSED] - PEListsTBL = ["0011":"QP-Formatted Address", "0012":"QP-0012", "0014":"QP-0014", "0015":"QP-0015", "0016":"QP-0016", "3214":"Dummy QP Name 3861", ... ]: null

2020-06-05 13:38:09 - [TEST_STEP][PASSED] - switch (DropdownNm): null

2020-06-05 13:38:09 - [TEST_STEP][PASSED] - case "PENo":: null

2020-06-05 13:38:09 - [TEST_STEP][PASSED] - ValueFound = FindValue + " (" + get(FindValue).toString() + ")": null

2020-06-05 13:38:09 - [TEST_STEP][PASSED] - break: null

2020-06-05 13:38:09 - [MESSAGE][PASSED] - Call Test Case 'Test Cases/PFI Precision and Scale/HashMap Tables/PELists' successfully

2020-06-05 13:38:09 - [TEST_STEP][PASSED] - println(ValueFound): null

2020-06-05 13:38:09 - [TEST_STEP][PASSED] - sendKeys(NewInputNmField, Keys.chord(ARROW_DOWN)): Keys 'DOWN + ' sent to object: 'Object Repository/Objects.HighlightElements/input_field'

2020-06-05 13:38:09 - [MESSAGE][PASSED] - Keys 'DOWN + ' sent to object: 'Object Repository/Objects.HighlightElements/input_field'

2020-06-05 13:38:09 - [TEST_STEP][PASSED] - sendKeys(NewInputNmField, Keys.chord(ENTER)): Keys 'ENTER + ' sent to object: 'Object Repository/Objects.HighlightElements/input_field'

2020-06-05 13:38:09 - [MESSAGE][PASSED] - Keys 'ENTER + ' sent to object: 'Object Repository/Objects.HighlightElements/input_field'

2020-06-05 13:38:09 - [MESSAGE][PASSED] - Call Test Case 'Test Cases/PFI Precision and Scale/PFI Components/VerifyDropdownValues' successfully

2020-06-05 13:38:09 - [TEST_STEP][NOT_RUN] - callTestCase(findTestCase("Components/Logout"), ["LogoutPageTextToBeVerified":findTestData("Datatable").getValue("HomeBanner", 2)], STOP_ON_FAILURE): NOT_RUN: callTestCase(findTestCase("Components/Logout"), ["LogoutPageTextToBeVerified":findTestData("Datatable").getValue("HomeBanner", 2)], STOP_ON_FAILURE)

2020-06-05 13:38:09 - [MESSAGE][NOT_RUN] - NOT_RUN: callTestCase(findTestCase("Components/Logout"), ["LogoutPageTextToBeVerified":findTestData("Datatable").getValue("HomeBanner", 2)], STOP_ON_FAILURE)]]></system-out>
         <system-err><![CDATA[]]></system-err>
      </testcase>
      <testcase name="Test Cases/PFI Precision and Scale/PFI Test Cases/Process Case (PFI)/PFI.UpdateReportsLHS" time="81.514" classname="Test Cases/PFI Precision and Scale/PFI Test Cases/Process Case (PFI)/PFI.UpdateReportsLHS" status="PASSED">
         <system-out><![CDATA[2020-06-05 13:38:09 - [TEST_CASE][PASSED] - Test Cases/PFI Precision and Scale/PFI Test Cases/Process Case (PFI)/PFI.UpdateReportsLHS: Test Cases/PFI Precision and Scale/PFI Test Cases/Process Case (PFI)/PFI.UpdateReportsLHS

2020-06-05 13:38:09 - [TEST_STEP][NOT_RUN] - callTestCase(findTestCase("Components/LoginV2.0"), ["LinkToBeUsed":findTestData("ISPS2 Test Data").getValue("URL", 2), "LoginPageTextToBeVerified":findTestData("ISPS2 Test Data").getValue("HomeBanner", 2), ... ], STOP_ON_FAILURE): NOT_RUN: callTestCase(findTestCase("Components/LoginV2.0"), ["LinkToBeUsed":findTestData("ISPS2 Test Data").getValue("URL", 2), "LoginPageTextToBeVerified":findTestData("ISPS2 Test Data").getValue("HomeBanner", 2), ... ], STOP_ON_FAILURE)

2020-06-05 13:38:09 - [MESSAGE][NOT_RUN] - NOT_RUN: callTestCase(findTestCase("Components/LoginV2.0"), ["LinkToBeUsed":findTestData("ISPS2 Test Data").getValue("URL", 2), "LoginPageTextToBeVerified":findTestData("ISPS2 Test Data").getValue("HomeBanner", 2), ... ], STOP_ON_FAILURE)

2020-06-05 13:38:09 - [TEST_STEP][NOT_RUN] - callTestCase(findTestCase("Components/NavigateToHomepageHeaders"), ["headerText":"My Tasks"], STOP_ON_FAILURE): NOT_RUN: callTestCase(findTestCase("Components/NavigateToHomepageHeaders"), ["headerText":"My Tasks"], STOP_ON_FAILURE)

2020-06-05 13:38:09 - [MESSAGE][NOT_RUN] - NOT_RUN: callTestCase(findTestCase("Components/NavigateToHomepageHeaders"), ["headerText":"My Tasks"], STOP_ON_FAILURE)

2020-06-05 13:38:09 - [TEST_STEP][NOT_RUN] - callTestCase(findTestCase("Components/Filter"), ["taskDescription":"Process Case (SM)"], STOP_ON_FAILURE): NOT_RUN: callTestCase(findTestCase("Components/Filter"), ["taskDescription":"Process Case (SM)"], STOP_ON_FAILURE)

2020-06-05 13:38:09 - [MESSAGE][NOT_RUN] - NOT_RUN: callTestCase(findTestCase("Components/Filter"), ["taskDescription":"Process Case (SM)"], STOP_ON_FAILURE)

2020-06-05 13:38:09 - [TEST_STEP][NOT_RUN] - callTestCase(findTestCase("Components/ClickLinkDependingOnTextAndIndex"), ["linkName":"Process Case (SM)", "index":"3"], STOP_ON_FAILURE): NOT_RUN: callTestCase(findTestCase("Components/ClickLinkDependingOnTextAndIndex"), ["linkName":"Process Case (SM)", "index":"3"], STOP_ON_FAILURE)

2020-06-05 13:38:09 - [MESSAGE][NOT_RUN] - NOT_RUN: callTestCase(findTestCase("Components/ClickLinkDependingOnTextAndIndex"), ["linkName":"Process Case (SM)", "index":"3"], STOP_ON_FAILURE)

2020-06-05 13:38:09 - [TEST_STEP][PASSED] - callTestCase(findTestCase("Components/NavigateToAnyLHS"), ["LHS":"Update Reports"], STOP_ON_FAILURE): Call Test Case 'Test Cases/Components/NavigateToAnyLHS' successfully

2020-06-05 13:38:09 - [TEST_CASE][PASSED] - Test Cases/Components/NavigateToAnyLHS: Test Cases/Components/NavigateToAnyLHS

2020-06-05 13:38:09 - [TEST_STEP][PASSED] - Thread.sleep(1000): null

2020-06-05 13:38:10 - [TEST_STEP][PASSED] - modifiedLHS = modifyObjectProperty(findTestObject("Objects.NavigateToAnyLHS/Page_ISPS2/LHSToModify"), "text", "equals", LHS, true): Modify property of object successfully

2020-06-05 13:38:10 - [MESSAGE][PASSED] - Modify property of object successfully

2020-06-05 13:38:10 - [TEST_STEP][PASSED] - click(modifiedLHS): Object: 'Object Repository/Objects.NavigateToAnyLHS/Page_ISPS2/LHSToModify' is clicked on

2020-06-05 13:38:10 - [MESSAGE][PASSED] - Object: 'Object Repository/Objects.NavigateToAnyLHS/Page_ISPS2/LHSToModify' is clicked on

2020-06-05 13:38:10 - [TEST_STEP][PASSED] - currentLHS = getText(modifiedLHS): Text of object 'Object Repository/Objects.NavigateToAnyLHS/Page_ISPS2/LHSToModify' is: 'Update Reports'

2020-06-05 13:38:10 - [MESSAGE][PASSED] - Text of object 'Object Repository/Objects.NavigateToAnyLHS/Page_ISPS2/LHSToModify' is: 'Update Reports'

2020-06-05 13:38:10 - [TEST_STEP][PASSED] - Thread.sleep(5000): null

2020-06-05 13:38:15 - [MESSAGE][PASSED] - Call Test Case 'Test Cases/Components/NavigateToAnyLHS' successfully

2020-06-05 13:38:15 - [TEST_STEP][PASSED] - callTestCase(findTestCase("Components/VerifyPageSuccessfullyLoadedII"), ["PageNm":"Update Reports"], STOP_ON_FAILURE): Call Test Case 'Test Cases/Components/VerifyPageSuccessfullyLoadedII' successfully

2020-06-05 13:38:15 - [TEST_CASE][PASSED] - Test Cases/Components/VerifyPageSuccessfullyLoadedII: Test Cases/Components/VerifyPageSuccessfullyLoadedII

2020-06-05 13:38:15 - [TEST_STEP][PASSED] - waitForPageLoad(5): Wait for page load successfully

2020-06-05 13:38:15 - [MESSAGE][PASSED] - Wait for page load successfully

2020-06-05 13:38:15 - [TEST_STEP][PASSED] - modifiedInputFld = modifyObjectProperty(findTestObject("Object Repository/Objects.VerifyPageSuccessfullyLoaded/PageHeaderIndex"), "xpath", "equals", "//*[contains(@class,'isps-page-title') and (text()='" + PageNm + "')]", true): Modify property of object successfully

2020-06-05 13:38:15 - [MESSAGE][PASSED] - Modify property of object successfully

2020-06-05 13:38:15 - [TEST_STEP][PASSED] - com.reusableComponents.HighlightElement.run(modifiedInputFld): com.reusableComponents.HighlightElement.run is PASSED

2020-06-05 13:38:16 - [MESSAGE][PASSED] - com.reusableComponents.HighlightElement.run is PASSED

2020-06-05 13:38:16 - [MESSAGE][PASSED] - Call Test Case 'Test Cases/Components/VerifyPageSuccessfullyLoadedII' successfully

2020-06-05 13:38:16 - [TEST_STEP][PASSED] - callTestCase(findTestCase("Components/ClickAddButtonII"), [:], STOP_ON_FAILURE): Call Test Case 'Test Cases/Components/ClickAddButtonII' successfully

2020-06-05 13:38:16 - [TEST_CASE][PASSED] - Test Cases/Components/ClickAddButtonII: Test Cases/Components/ClickAddButtonII

2020-06-05 13:38:16 - [TEST_STEP][PASSED] - Thread.sleep(1000): null

2020-06-05 13:38:17 - [TEST_STEP][PASSED] - com.reusableComponents.HighlightElement.run(findTestObject("Objects.ClickAddButtonII/XP_AddButton")): com.reusableComponents.HighlightElement.run is PASSED

2020-06-05 13:38:17 - [MESSAGE][PASSED] - com.reusableComponents.HighlightElement.run is PASSED

2020-06-05 13:38:17 - [TEST_STEP][PASSED] - click(findTestObject("Objects.ClickAddButtonII/XP_AddButton")): Object: 'Object Repository/Objects.ClickAddButtonII/XP_AddButton' is clicked on

2020-06-05 13:38:18 - [MESSAGE][PASSED] - Object: 'Object Repository/Objects.ClickAddButtonII/XP_AddButton' is clicked on

2020-06-05 13:38:18 - [TEST_STEP][PASSED] - Thread.sleep(5000): null

2020-06-05 13:38:23 - [MESSAGE][PASSED] - Call Test Case 'Test Cases/Components/ClickAddButtonII' successfully

2020-06-05 13:38:23 - [TEST_STEP][PASSED] - callTestCase(findTestCase("PFI Precision and Scale/PFI Components/RequiredFieldValidation"), ["nameToBeUsed":"dFormCode"], STOP_ON_FAILURE): Call Test Case 'Test Cases/PFI Precision and Scale/PFI Components/RequiredFieldValidation' successfully

2020-06-05 13:38:23 - [TEST_CASE][PASSED] - Test Cases/PFI Precision and Scale/PFI Components/RequiredFieldValidation: Test Cases/PFI Precision and Scale/PFI Components/RequiredFieldValidation

2020-06-05 13:38:23 - [TEST_STEP][PASSED] - Thread.sleep(1000): null

2020-06-05 13:38:24 - [TEST_STEP][PASSED] - NewInputNmField = modifyObjectProperty(findTestObject("Objects.HighlightElements/input_field"), "name", "equals", nameToBeUsed, true): Modify property of object successfully

2020-06-05 13:38:24 - [MESSAGE][PASSED] - Modify property of object successfully

2020-06-05 13:38:24 - [TEST_STEP][PASSED] - mouseOver(NewInputNmField): Object: 'Object Repository/Objects.HighlightElements/input_field' is hovered

2020-06-05 13:38:24 - [MESSAGE][PASSED] - Object: 'Object Repository/Objects.HighlightElements/input_field' is hovered

2020-06-05 13:38:24 - [TEST_STEP][PASSED] - getRqErrMsg = getAttribute(NewInputNmField, "data-errorqtip"): Attribute 'data-errorqtip' of object 'Object Repository/Objects.HighlightElements/input_field' is: '<ul class="x-list-plain"><li>This field is required</li></ul>'

2020-06-05 13:38:24 - [MESSAGE][PASSED] - Attribute 'data-errorqtip' of object 'Object Repository/Objects.HighlightElements/input_field' is: '<ul class="x-list-plain"><li>This field is required</li></ul>'

2020-06-05 13:38:24 - [TEST_STEP][PASSED] - strToolTip = getRqErrMsg.substring(29, 61): null

2020-06-05 13:38:24 - [TEST_STEP][PASSED] - toolTipReqErrMsg = strToolTip.substring(0, 22): null

2020-06-05 13:38:24 - [TEST_STEP][PASSED] - verifyMatch(toolTipReqErrMsg, RqField, true): Actual text 'This field is required' and expected text 'This field is required' are matched  using regular expression

2020-06-05 13:38:24 - [MESSAGE][PASSED] - Actual text 'This field is required' and expected text 'This field is required' are matched  using regular expression

2020-06-05 13:38:24 - [MESSAGE][PASSED] - Call Test Case 'Test Cases/PFI Precision and Scale/PFI Components/RequiredFieldValidation' successfully

2020-06-05 13:38:24 - [TEST_STEP][PASSED] - callTestCase(findTestCase("PFI Precision and Scale/PFI Components/RequiredFieldValidation"), ["nameToBeUsed":"rptRecvDt"], STOP_ON_FAILURE): Call Test Case 'Test Cases/PFI Precision and Scale/PFI Components/RequiredFieldValidation' successfully

2020-06-05 13:38:24 - [TEST_CASE][PASSED] - Test Cases/PFI Precision and Scale/PFI Components/RequiredFieldValidation: Test Cases/PFI Precision and Scale/PFI Components/RequiredFieldValidation

2020-06-05 13:38:24 - [TEST_STEP][PASSED] - Thread.sleep(1000): null

2020-06-05 13:38:25 - [TEST_STEP][PASSED] - NewInputNmField = modifyObjectProperty(findTestObject("Objects.HighlightElements/input_field"), "name", "equals", nameToBeUsed, true): Modify property of object successfully

2020-06-05 13:38:25 - [MESSAGE][PASSED] - Modify property of object successfully

2020-06-05 13:38:25 - [TEST_STEP][PASSED] - mouseOver(NewInputNmField): Object: 'Object Repository/Objects.HighlightElements/input_field' is hovered

2020-06-05 13:38:25 - [MESSAGE][PASSED] - Object: 'Object Repository/Objects.HighlightElements/input_field' is hovered

2020-06-05 13:38:26 - [TEST_STEP][PASSED] - getRqErrMsg = getAttribute(NewInputNmField, "data-errorqtip"): Attribute 'data-errorqtip' of object 'Object Repository/Objects.HighlightElements/input_field' is: '<ul class="x-list-plain"><li>This field is required</li></ul>'

2020-06-05 13:38:26 - [MESSAGE][PASSED] - Attribute 'data-errorqtip' of object 'Object Repository/Objects.HighlightElements/input_field' is: '<ul class="x-list-plain"><li>This field is required</li></ul>'

2020-06-05 13:38:26 - [TEST_STEP][PASSED] - strToolTip = getRqErrMsg.substring(29, 61): null

2020-06-05 13:38:26 - [TEST_STEP][PASSED] - toolTipReqErrMsg = strToolTip.substring(0, 22): null

2020-06-05 13:38:26 - [TEST_STEP][PASSED] - verifyMatch(toolTipReqErrMsg, RqField, true): Actual text 'This field is required' and expected text 'This field is required' are matched  using regular expression

2020-06-05 13:38:26 - [MESSAGE][PASSED] - Actual text 'This field is required' and expected text 'This field is required' are matched  using regular expression

2020-06-05 13:38:26 - [MESSAGE][PASSED] - Call Test Case 'Test Cases/PFI Precision and Scale/PFI Components/RequiredFieldValidation' successfully

2020-06-05 13:38:26 - [TEST_STEP][PASSED] - callTestCase(findTestCase("PFI Precision and Scale/PFI Components/RequiredFieldValidation"), ["nameToBeUsed":"rptTypeCode"], STOP_ON_FAILURE): Call Test Case 'Test Cases/PFI Precision and Scale/PFI Components/RequiredFieldValidation' successfully

2020-06-05 13:38:26 - [TEST_CASE][PASSED] - Test Cases/PFI Precision and Scale/PFI Components/RequiredFieldValidation: Test Cases/PFI Precision and Scale/PFI Components/RequiredFieldValidation

2020-06-05 13:38:26 - [TEST_STEP][PASSED] - Thread.sleep(1000): null

2020-06-05 13:38:27 - [TEST_STEP][PASSED] - NewInputNmField = modifyObjectProperty(findTestObject("Objects.HighlightElements/input_field"), "name", "equals", nameToBeUsed, true): Modify property of object successfully

2020-06-05 13:38:27 - [MESSAGE][PASSED] - Modify property of object successfully

2020-06-05 13:38:27 - [TEST_STEP][PASSED] - mouseOver(NewInputNmField): Object: 'Object Repository/Objects.HighlightElements/input_field' is hovered

2020-06-05 13:38:27 - [MESSAGE][PASSED] - Object: 'Object Repository/Objects.HighlightElements/input_field' is hovered

2020-06-05 13:38:27 - [TEST_STEP][PASSED] - getRqErrMsg = getAttribute(NewInputNmField, "data-errorqtip"): Attribute 'data-errorqtip' of object 'Object Repository/Objects.HighlightElements/input_field' is: '<ul class="x-list-plain"><li>This field is required</li></ul>'

2020-06-05 13:38:27 - [MESSAGE][PASSED] - Attribute 'data-errorqtip' of object 'Object Repository/Objects.HighlightElements/input_field' is: '<ul class="x-list-plain"><li>This field is required</li></ul>'

2020-06-05 13:38:27 - [TEST_STEP][PASSED] - strToolTip = getRqErrMsg.substring(29, 61): null

2020-06-05 13:38:27 - [TEST_STEP][PASSED] - toolTipReqErrMsg = strToolTip.substring(0, 22): null

2020-06-05 13:38:27 - [TEST_STEP][PASSED] - verifyMatch(toolTipReqErrMsg, RqField, true): Actual text 'This field is required' and expected text 'This field is required' are matched  using regular expression

2020-06-05 13:38:27 - [MESSAGE][PASSED] - Actual text 'This field is required' and expected text 'This field is required' are matched  using regular expression

2020-06-05 13:38:27 - [MESSAGE][PASSED] - Call Test Case 'Test Cases/PFI Precision and Scale/PFI Components/RequiredFieldValidation' successfully

2020-06-05 13:38:27 - [TEST_STEP][PASSED] - callTestCase(findTestCase("PFI Precision and Scale/PFI Components/RequiredFieldValidation"), ["nameToBeUsed":"rptComplyDt"], STOP_ON_FAILURE): Call Test Case 'Test Cases/PFI Precision and Scale/PFI Components/RequiredFieldValidation' successfully

2020-06-05 13:38:27 - [TEST_CASE][PASSED] - Test Cases/PFI Precision and Scale/PFI Components/RequiredFieldValidation: Test Cases/PFI Precision and Scale/PFI Components/RequiredFieldValidation

2020-06-05 13:38:27 - [TEST_STEP][PASSED] - Thread.sleep(1000): null

2020-06-05 13:38:28 - [TEST_STEP][PASSED] - NewInputNmField = modifyObjectProperty(findTestObject("Objects.HighlightElements/input_field"), "name", "equals", nameToBeUsed, true): Modify property of object successfully

2020-06-05 13:38:29 - [MESSAGE][PASSED] - Modify property of object successfully

2020-06-05 13:38:29 - [TEST_STEP][PASSED] - mouseOver(NewInputNmField): Object: 'Object Repository/Objects.HighlightElements/input_field' is hovered

2020-06-05 13:38:29 - [MESSAGE][PASSED] - Object: 'Object Repository/Objects.HighlightElements/input_field' is hovered

2020-06-05 13:38:29 - [TEST_STEP][PASSED] - getRqErrMsg = getAttribute(NewInputNmField, "data-errorqtip"): Attribute 'data-errorqtip' of object 'Object Repository/Objects.HighlightElements/input_field' is: '<ul class="x-list-plain"><li>This field is required</li></ul>'

2020-06-05 13:38:29 - [MESSAGE][PASSED] - Attribute 'data-errorqtip' of object 'Object Repository/Objects.HighlightElements/input_field' is: '<ul class="x-list-plain"><li>This field is required</li></ul>'

2020-06-05 13:38:29 - [TEST_STEP][PASSED] - strToolTip = getRqErrMsg.substring(29, 61): null

2020-06-05 13:38:29 - [TEST_STEP][PASSED] - toolTipReqErrMsg = strToolTip.substring(0, 22): null

2020-06-05 13:38:29 - [TEST_STEP][PASSED] - verifyMatch(toolTipReqErrMsg, RqField, true): Actual text 'This field is required' and expected text 'This field is required' are matched  using regular expression

2020-06-05 13:38:29 - [MESSAGE][PASSED] - Actual text 'This field is required' and expected text 'This field is required' are matched  using regular expression

2020-06-05 13:38:29 - [MESSAGE][PASSED] - Call Test Case 'Test Cases/PFI Precision and Scale/PFI Components/RequiredFieldValidation' successfully

2020-06-05 13:38:29 - [TEST_STEP][PASSED] - callTestCase(findTestCase("PFI Precision and Scale/PFI Components/RequiredFieldValidation"), ["nameToBeUsed":"submitBy"], STOP_ON_FAILURE): Call Test Case 'Test Cases/PFI Precision and Scale/PFI Components/RequiredFieldValidation' successfully

2020-06-05 13:38:29 - [TEST_CASE][PASSED] - Test Cases/PFI Precision and Scale/PFI Components/RequiredFieldValidation: Test Cases/PFI Precision and Scale/PFI Components/RequiredFieldValidation

2020-06-05 13:38:29 - [TEST_STEP][PASSED] - Thread.sleep(1000): null

2020-06-05 13:38:30 - [TEST_STEP][PASSED] - NewInputNmField = modifyObjectProperty(findTestObject("Objects.HighlightElements/input_field"), "name", "equals", nameToBeUsed, true): Modify property of object successfully

2020-06-05 13:38:30 - [MESSAGE][PASSED] - Modify property of object successfully

2020-06-05 13:38:30 - [TEST_STEP][PASSED] - mouseOver(NewInputNmField): Object: 'Object Repository/Objects.HighlightElements/input_field' is hovered

2020-06-05 13:38:30 - [MESSAGE][PASSED] - Object: 'Object Repository/Objects.HighlightElements/input_field' is hovered

2020-06-05 13:38:30 - [TEST_STEP][PASSED] - getRqErrMsg = getAttribute(NewInputNmField, "data-errorqtip"): Attribute 'data-errorqtip' of object 'Object Repository/Objects.HighlightElements/input_field' is: '<ul class="x-list-plain"><li>This field is required</li></ul>'

2020-06-05 13:38:30 - [MESSAGE][PASSED] - Attribute 'data-errorqtip' of object 'Object Repository/Objects.HighlightElements/input_field' is: '<ul class="x-list-plain"><li>This field is required</li></ul>'

2020-06-05 13:38:30 - [TEST_STEP][PASSED] - strToolTip = getRqErrMsg.substring(29, 61): null

2020-06-05 13:38:30 - [TEST_STEP][PASSED] - toolTipReqErrMsg = strToolTip.substring(0, 22): null

2020-06-05 13:38:30 - [TEST_STEP][PASSED] - verifyMatch(toolTipReqErrMsg, RqField, true): Actual text 'This field is required' and expected text 'This field is required' are matched  using regular expression

2020-06-05 13:38:30 - [MESSAGE][PASSED] - Actual text 'This field is required' and expected text 'This field is required' are matched  using regular expression

2020-06-05 13:38:30 - [MESSAGE][PASSED] - Call Test Case 'Test Cases/PFI Precision and Scale/PFI Components/RequiredFieldValidation' successfully

2020-06-05 13:38:30 - [TEST_STEP][PASSED] - callTestCase(findTestCase("PFI Precision and Scale/PFI Components/VerifyDropdownValues"), ["FldNm":"dFormCode", "CallTCName":"Test Cases/PFI Precision and Scale/HashMap Tables/ConstantHashMap", "cmbNm":"DForm", "NoOfVal":5, ... ], STOP_ON_FAILURE): Call Test Case 'Test Cases/PFI Precision and Scale/PFI Components/VerifyDropdownValues' successfully

2020-06-05 13:38:30 - [TEST_CASE][PASSED] - Test Cases/PFI Precision and Scale/PFI Components/VerifyDropdownValues: Test Cases/PFI Precision and Scale/PFI Components/VerifyDropdownValues

2020-06-05 13:38:30 - [TEST_STEP][PASSED] - Thread.sleep(1000): null

2020-06-05 13:38:31 - [TEST_STEP][PASSED] - NewInputNmField = modifyObjectProperty(findTestObject("Objects.HighlightElements/input_field"), "name", "equals", FldNm, true): Modify property of object successfully

2020-06-05 13:38:31 - [MESSAGE][PASSED] - Modify property of object successfully

2020-06-05 13:38:31 - [TEST_STEP][PASSED] - comboNm = cmbNm: null

2020-06-05 13:38:31 - [TEST_STEP][PASSED] - focus(NewInputNmField): Object: 'Object Repository/Objects.HighlightElements/input_field' is focused

2020-06-05 13:38:31 - [MESSAGE][PASSED] - Object: 'Object Repository/Objects.HighlightElements/input_field' is focused

2020-06-05 13:38:31 - [TEST_STEP][PASSED] - setText(NewInputNmField, EnterValue): Text '' is set on object 'Object Repository/Objects.HighlightElements/input_field'

2020-06-05 13:38:31 - [MESSAGE][PASSED] - Text '' is set on object 'Object Repository/Objects.HighlightElements/input_field'

2020-06-05 13:38:31 - [TEST_STEP][PASSED] - for ([i = 1, i <= NoOfVal, (i++)]): Keys 'DOWN + ' sent to object: 'Object Repository/Objects.HighlightElements/input_field'

2020-06-05 13:38:31 - [TEST_STEP][PASSED] - sendKeys(NewInputNmField, Keys.chord(ARROW_DOWN)): Keys 'DOWN + ' sent to object: 'Object Repository/Objects.HighlightElements/input_field'

2020-06-05 13:38:31 - [MESSAGE][PASSED] - Keys 'DOWN + ' sent to object: 'Object Repository/Objects.HighlightElements/input_field'

2020-06-05 13:38:31 - [TEST_STEP][PASSED] - delay(DelayTime): Delayed 2 second(s)

2020-06-05 13:38:33 - [MESSAGE][PASSED] - Delayed 2 second(s)

2020-06-05 13:38:33 - [TEST_STEP][PASSED] - sendKeys(NewInputNmField, Keys.chord(ENTER)): Keys 'ENTER + ' sent to object: 'Object Repository/Objects.HighlightElements/input_field'

2020-06-05 13:38:33 - [MESSAGE][PASSED] - Keys 'ENTER + ' sent to object: 'Object Repository/Objects.HighlightElements/input_field'

2020-06-05 13:38:33 - [TEST_STEP][PASSED] - ComboBoxValue = getAttribute(NewInputNmField, "value"): Attribute 'value' of object 'Object Repository/Objects.HighlightElements/input_field' is: 'D3'

2020-06-05 13:38:33 - [MESSAGE][PASSED] - Attribute 'value' of object 'Object Repository/Objects.HighlightElements/input_field' is: 'D3'

2020-06-05 13:38:33 - [TEST_STEP][PASSED] - callTestCase(findTestCase(CallTCName), ["FindValue":ComboBoxValue, "DropdownNm":comboNm], STOP_ON_FAILURE): Call Test Case 'Test Cases/PFI Precision and Scale/HashMap Tables/ConstantHashMap' successfully

2020-06-05 13:38:33 - [TEST_CASE][PASSED] - Test Cases/PFI Precision and Scale/HashMap Tables/ConstantHashMap: Test Cases/PFI Precision and Scale/HashMap Tables/ConstantHashMap

2020-06-05 13:38:33 - [TEST_STEP][PASSED] - ConstantTBL = [1:["PeriodType":"Working Day(s)"], 2:["PeriodType":"Calendar Day(s)"], 3:["PeriodType":"Month(s)"], 4:["TypeOfLetter":"T1"], ... ]: null

2020-06-05 13:38:33 - [TEST_STEP][PASSED] - switch (DropdownNm): null

2020-06-05 13:38:33 - [TEST_STEP][PASSED] - case "DForm":: null

2020-06-05 13:38:33 - [TEST_STEP][PASSED] - ValueFound = ConstantTBL.find({ -> ... }): null

2020-06-05 13:38:33 - [TEST_STEP][PASSED] - break: null

2020-06-05 13:38:33 - [MESSAGE][PASSED] - Call Test Case 'Test Cases/PFI Precision and Scale/HashMap Tables/ConstantHashMap' successfully

2020-06-05 13:38:33 - [TEST_STEP][PASSED] - println(ValueFound): null

2020-06-05 13:38:33 - [TEST_STEP][PASSED] - sendKeys(NewInputNmField, Keys.chord(ARROW_DOWN)): Keys 'DOWN + ' sent to object: 'Object Repository/Objects.HighlightElements/input_field'

2020-06-05 13:38:33 - [MESSAGE][PASSED] - Keys 'DOWN + ' sent to object: 'Object Repository/Objects.HighlightElements/input_field'

2020-06-05 13:38:33 - [TEST_STEP][PASSED] - sendKeys(NewInputNmField, Keys.chord(ARROW_DOWN)): Keys 'DOWN + ' sent to object: 'Object Repository/Objects.HighlightElements/input_field'

2020-06-05 13:38:34 - [MESSAGE][PASSED] - Keys 'DOWN + ' sent to object: 'Object Repository/Objects.HighlightElements/input_field'

2020-06-05 13:38:34 - [TEST_STEP][PASSED] - delay(DelayTime): Delayed 2 second(s)

2020-06-05 13:38:36 - [MESSAGE][PASSED] - Delayed 2 second(s)

2020-06-05 13:38:36 - [TEST_STEP][PASSED] - sendKeys(NewInputNmField, Keys.chord(ENTER)): Keys 'ENTER + ' sent to object: 'Object Repository/Objects.HighlightElements/input_field'

2020-06-05 13:38:36 - [MESSAGE][PASSED] - Keys 'ENTER + ' sent to object: 'Object Repository/Objects.HighlightElements/input_field'

2020-06-05 13:38:36 - [TEST_STEP][PASSED] - ComboBoxValue = getAttribute(NewInputNmField, "value"): Attribute 'value' of object 'Object Repository/Objects.HighlightElements/input_field' is: 'D4'

2020-06-05 13:38:36 - [MESSAGE][PASSED] - Attribute 'value' of object 'Object Repository/Objects.HighlightElements/input_field' is: 'D4'

2020-06-05 13:38:36 - [TEST_STEP][PASSED] - callTestCase(findTestCase(CallTCName), ["FindValue":ComboBoxValue, "DropdownNm":comboNm], STOP_ON_FAILURE): Call Test Case 'Test Cases/PFI Precision and Scale/HashMap Tables/ConstantHashMap' successfully

2020-06-05 13:38:36 - [TEST_CASE][PASSED] - Test Cases/PFI Precision and Scale/HashMap Tables/ConstantHashMap: Test Cases/PFI Precision and Scale/HashMap Tables/ConstantHashMap

2020-06-05 13:38:36 - [TEST_STEP][PASSED] - ConstantTBL = [1:["PeriodType":"Working Day(s)"], 2:["PeriodType":"Calendar Day(s)"], 3:["PeriodType":"Month(s)"], 4:["TypeOfLetter":"T1"], ... ]: null

2020-06-05 13:38:36 - [TEST_STEP][PASSED] - switch (DropdownNm): null

2020-06-05 13:38:36 - [TEST_STEP][PASSED] - case "DForm":: null

2020-06-05 13:38:36 - [TEST_STEP][PASSED] - ValueFound = ConstantTBL.find({ -> ... }): null

2020-06-05 13:38:36 - [TEST_STEP][PASSED] - break: null

2020-06-05 13:38:36 - [MESSAGE][PASSED] - Call Test Case 'Test Cases/PFI Precision and Scale/HashMap Tables/ConstantHashMap' successfully

2020-06-05 13:38:36 - [TEST_STEP][PASSED] - println(ValueFound): null

2020-06-05 13:38:36 - [TEST_STEP][PASSED] - sendKeys(NewInputNmField, Keys.chord(ARROW_DOWN)): Keys 'DOWN + ' sent to object: 'Object Repository/Objects.HighlightElements/input_field'

2020-06-05 13:38:36 - [MESSAGE][PASSED] - Keys 'DOWN + ' sent to object: 'Object Repository/Objects.HighlightElements/input_field'

2020-06-05 13:38:36 - [TEST_STEP][PASSED] - sendKeys(NewInputNmField, Keys.chord(ARROW_DOWN)): Keys 'DOWN + ' sent to object: 'Object Repository/Objects.HighlightElements/input_field'

2020-06-05 13:38:36 - [MESSAGE][PASSED] - Keys 'DOWN + ' sent to object: 'Object Repository/Objects.HighlightElements/input_field'

2020-06-05 13:38:36 - [TEST_STEP][PASSED] - delay(DelayTime): Delayed 2 second(s)

2020-06-05 13:38:38 - [MESSAGE][PASSED] - Delayed 2 second(s)

2020-06-05 13:38:38 - [TEST_STEP][PASSED] - sendKeys(NewInputNmField, Keys.chord(ENTER)): Keys 'ENTER + ' sent to object: 'Object Repository/Objects.HighlightElements/input_field'

2020-06-05 13:38:38 - [MESSAGE][PASSED] - Keys 'ENTER + ' sent to object: 'Object Repository/Objects.HighlightElements/input_field'

2020-06-05 13:38:38 - [TEST_STEP][PASSED] - ComboBoxValue = getAttribute(NewInputNmField, "value"): Attribute 'value' of object 'Object Repository/Objects.HighlightElements/input_field' is: 'D5'

2020-06-05 13:38:38 - [MESSAGE][PASSED] - Attribute 'value' of object 'Object Repository/Objects.HighlightElements/input_field' is: 'D5'

2020-06-05 13:38:38 - [TEST_STEP][PASSED] - callTestCase(findTestCase(CallTCName), ["FindValue":ComboBoxValue, "DropdownNm":comboNm], STOP_ON_FAILURE): Call Test Case 'Test Cases/PFI Precision and Scale/HashMap Tables/ConstantHashMap' successfully

2020-06-05 13:38:38 - [TEST_CASE][PASSED] - Test Cases/PFI Precision and Scale/HashMap Tables/ConstantHashMap: Test Cases/PFI Precision and Scale/HashMap Tables/ConstantHashMap

2020-06-05 13:38:38 - [TEST_STEP][PASSED] - ConstantTBL = [1:["PeriodType":"Working Day(s)"], 2:["PeriodType":"Calendar Day(s)"], 3:["PeriodType":"Month(s)"], 4:["TypeOfLetter":"T1"], ... ]: null

2020-06-05 13:38:38 - [TEST_STEP][PASSED] - switch (DropdownNm): null

2020-06-05 13:38:38 - [TEST_STEP][PASSED] - case "DForm":: null

2020-06-05 13:38:38 - [TEST_STEP][PASSED] - ValueFound = ConstantTBL.find({ -> ... }): null

2020-06-05 13:38:38 - [TEST_STEP][PASSED] - break: null

2020-06-05 13:38:38 - [MESSAGE][PASSED] - Call Test Case 'Test Cases/PFI Precision and Scale/HashMap Tables/ConstantHashMap' successfully

2020-06-05 13:38:38 - [TEST_STEP][PASSED] - println(ValueFound): null

2020-06-05 13:38:38 - [TEST_STEP][PASSED] - sendKeys(NewInputNmField, Keys.chord(ARROW_DOWN)): Keys 'DOWN + ' sent to object: 'Object Repository/Objects.HighlightElements/input_field'

2020-06-05 13:38:38 - [MESSAGE][PASSED] - Keys 'DOWN + ' sent to object: 'Object Repository/Objects.HighlightElements/input_field'

2020-06-05 13:38:38 - [TEST_STEP][PASSED] - sendKeys(NewInputNmField, Keys.chord(ARROW_DOWN)): Keys 'DOWN + ' sent to object: 'Object Repository/Objects.HighlightElements/input_field'

2020-06-05 13:38:38 - [MESSAGE][PASSED] - Keys 'DOWN + ' sent to object: 'Object Repository/Objects.HighlightElements/input_field'

2020-06-05 13:38:38 - [TEST_STEP][PASSED] - delay(DelayTime): Delayed 2 second(s)

2020-06-05 13:38:40 - [MESSAGE][PASSED] - Delayed 2 second(s)

2020-06-05 13:38:40 - [TEST_STEP][PASSED] - sendKeys(NewInputNmField, Keys.chord(ENTER)): Keys 'ENTER + ' sent to object: 'Object Repository/Objects.HighlightElements/input_field'

2020-06-05 13:38:40 - [MESSAGE][PASSED] - Keys 'ENTER + ' sent to object: 'Object Repository/Objects.HighlightElements/input_field'

2020-06-05 13:38:40 - [TEST_STEP][PASSED] - ComboBoxValue = getAttribute(NewInputNmField, "value"): Attribute 'value' of object 'Object Repository/Objects.HighlightElements/input_field' is: 'D6'

2020-06-05 13:38:40 - [MESSAGE][PASSED] - Attribute 'value' of object 'Object Repository/Objects.HighlightElements/input_field' is: 'D6'

2020-06-05 13:38:40 - [TEST_STEP][PASSED] - callTestCase(findTestCase(CallTCName), ["FindValue":ComboBoxValue, "DropdownNm":comboNm], STOP_ON_FAILURE): Call Test Case 'Test Cases/PFI Precision and Scale/HashMap Tables/ConstantHashMap' successfully

2020-06-05 13:38:40 - [TEST_CASE][PASSED] - Test Cases/PFI Precision and Scale/HashMap Tables/ConstantHashMap: Test Cases/PFI Precision and Scale/HashMap Tables/ConstantHashMap

2020-06-05 13:38:40 - [TEST_STEP][PASSED] - ConstantTBL = [1:["PeriodType":"Working Day(s)"], 2:["PeriodType":"Calendar Day(s)"], 3:["PeriodType":"Month(s)"], 4:["TypeOfLetter":"T1"], ... ]: null

2020-06-05 13:38:40 - [TEST_STEP][PASSED] - switch (DropdownNm): null

2020-06-05 13:38:40 - [TEST_STEP][PASSED] - case "DForm":: null

2020-06-05 13:38:40 - [TEST_STEP][PASSED] - ValueFound = ConstantTBL.find({ -> ... }): null

2020-06-05 13:38:40 - [TEST_STEP][PASSED] - break: null

2020-06-05 13:38:40 - [MESSAGE][PASSED] - Call Test Case 'Test Cases/PFI Precision and Scale/HashMap Tables/ConstantHashMap' successfully

2020-06-05 13:38:40 - [TEST_STEP][PASSED] - println(ValueFound): null

2020-06-05 13:38:40 - [TEST_STEP][PASSED] - sendKeys(NewInputNmField, Keys.chord(ARROW_DOWN)): Keys 'DOWN + ' sent to object: 'Object Repository/Objects.HighlightElements/input_field'

2020-06-05 13:38:40 - [MESSAGE][PASSED] - Keys 'DOWN + ' sent to object: 'Object Repository/Objects.HighlightElements/input_field'

2020-06-05 13:38:40 - [TEST_STEP][PASSED] - sendKeys(NewInputNmField, Keys.chord(ARROW_DOWN)): Keys 'DOWN + ' sent to object: 'Object Repository/Objects.HighlightElements/input_field'

2020-06-05 13:38:40 - [MESSAGE][PASSED] - Keys 'DOWN + ' sent to object: 'Object Repository/Objects.HighlightElements/input_field'

2020-06-05 13:38:40 - [TEST_STEP][PASSED] - delay(DelayTime): Delayed 2 second(s)

2020-06-05 13:38:42 - [MESSAGE][PASSED] - Delayed 2 second(s)

2020-06-05 13:38:42 - [TEST_STEP][PASSED] - sendKeys(NewInputNmField, Keys.chord(ENTER)): Keys 'ENTER + ' sent to object: 'Object Repository/Objects.HighlightElements/input_field'

2020-06-05 13:38:42 - [MESSAGE][PASSED] - Keys 'ENTER + ' sent to object: 'Object Repository/Objects.HighlightElements/input_field'

2020-06-05 13:38:42 - [TEST_STEP][PASSED] - ComboBoxValue = getAttribute(NewInputNmField, "value"): Attribute 'value' of object 'Object Repository/Objects.HighlightElements/input_field' is: 'D7'

2020-06-05 13:38:42 - [MESSAGE][PASSED] - Attribute 'value' of object 'Object Repository/Objects.HighlightElements/input_field' is: 'D7'

2020-06-05 13:38:42 - [TEST_STEP][PASSED] - callTestCase(findTestCase(CallTCName), ["FindValue":ComboBoxValue, "DropdownNm":comboNm], STOP_ON_FAILURE): Call Test Case 'Test Cases/PFI Precision and Scale/HashMap Tables/ConstantHashMap' successfully

2020-06-05 13:38:42 - [TEST_CASE][PASSED] - Test Cases/PFI Precision and Scale/HashMap Tables/ConstantHashMap: Test Cases/PFI Precision and Scale/HashMap Tables/ConstantHashMap

2020-06-05 13:38:42 - [TEST_STEP][PASSED] - ConstantTBL = [1:["PeriodType":"Working Day(s)"], 2:["PeriodType":"Calendar Day(s)"], 3:["PeriodType":"Month(s)"], 4:["TypeOfLetter":"T1"], ... ]: null

2020-06-05 13:38:42 - [TEST_STEP][PASSED] - switch (DropdownNm): null

2020-06-05 13:38:42 - [TEST_STEP][PASSED] - case "DForm":: null

2020-06-05 13:38:42 - [TEST_STEP][PASSED] - ValueFound = ConstantTBL.find({ -> ... }): null

2020-06-05 13:38:42 - [TEST_STEP][PASSED] - break: null

2020-06-05 13:38:42 - [MESSAGE][PASSED] - Call Test Case 'Test Cases/PFI Precision and Scale/HashMap Tables/ConstantHashMap' successfully

2020-06-05 13:38:42 - [TEST_STEP][PASSED] - println(ValueFound): null

2020-06-05 13:38:42 - [TEST_STEP][PASSED] - sendKeys(NewInputNmField, Keys.chord(ARROW_DOWN)): Keys 'DOWN + ' sent to object: 'Object Repository/Objects.HighlightElements/input_field'

2020-06-05 13:38:42 - [MESSAGE][PASSED] - Keys 'DOWN + ' sent to object: 'Object Repository/Objects.HighlightElements/input_field'

2020-06-05 13:38:42 - [TEST_STEP][PASSED] - sendKeys(NewInputNmField, Keys.chord(ENTER)): Keys 'ENTER + ' sent to object: 'Object Repository/Objects.HighlightElements/input_field'

2020-06-05 13:38:42 - [MESSAGE][PASSED] - Keys 'ENTER + ' sent to object: 'Object Repository/Objects.HighlightElements/input_field'

2020-06-05 13:38:42 - [MESSAGE][PASSED] - Call Test Case 'Test Cases/PFI Precision and Scale/PFI Components/VerifyDropdownValues' successfully

2020-06-05 13:38:42 - [TEST_STEP][PASSED] - callTestCase(findTestCase("PFI Precision and Scale/PFI Components with Indexing/SelectDayInDatePickerWithIndex"), ["FldNm":"rptRecvDt", "SelectCurrentDay":"19", "index":5], STOP_ON_FAILURE): Call Test Case 'Test Cases/PFI Precision and Scale/PFI Components with Indexing/SelectDayInDatePickerWithIndex' successfully

2020-06-05 13:38:43 - [TEST_CASE][PASSED] - Test Cases/PFI Precision and Scale/PFI Components with Indexing/SelectDayInDatePickerWithIndex: Test Cases/PFI Precision and Scale/PFI Components with Indexing/SelectDayInDatePickerWithIndex

2020-06-05 13:38:43 - [TEST_STEP][PASSED] - Thread.sleep(1000): null

2020-06-05 13:38:44 - [TEST_STEP][PASSED] - DateFieldNm = modifyObjectProperty(findTestObject("Objects.HighlightElements/input_field"), "name", "equals", FldNm, true): Modify property of object successfully

2020-06-05 13:38:44 - [MESSAGE][PASSED] - Modify property of object successfully

2020-06-05 13:38:44 - [TEST_STEP][PASSED] - ModifyDay = modifyObjectProperty(findTestObject("Objects.DateValidation/Page_ISPS2/Select_Day_Index"), "xpath", "equals", "(//*[contains(@class, 'x-datepicker-date') and (text() = '" + SelectCurrentDay + "')])[" + index + "]", true): Modify property of object successfully

2020-06-05 13:38:44 - [MESSAGE][PASSED] - Modify property of object successfully

2020-06-05 13:38:44 - [TEST_STEP][PASSED] - sendKeys(DateFieldNm, Keys.chord(ARROW_DOWN)): Keys 'DOWN + ' sent to object: 'Object Repository/Objects.HighlightElements/input_field'

2020-06-05 13:38:44 - [MESSAGE][PASSED] - Keys 'DOWN + ' sent to object: 'Object Repository/Objects.HighlightElements/input_field'

2020-06-05 13:38:44 - [TEST_STEP][PASSED] - com.reusableComponents.HighlightElement.run(ModifyDay): com.reusableComponents.HighlightElement.run is PASSED

2020-06-05 13:38:44 - [MESSAGE][PASSED] - com.reusableComponents.HighlightElement.run is PASSED

2020-06-05 13:38:44 - [TEST_STEP][PASSED] - delay(1): Delayed 1 second(s)

2020-06-05 13:38:45 - [MESSAGE][PASSED] - Delayed 1 second(s)

2020-06-05 13:38:45 - [TEST_STEP][PASSED] - click(ModifyDay): Object: 'Object Repository/Objects.DateValidation/Page_ISPS2/Select_Day_Index' is clicked on

2020-06-05 13:38:45 - [MESSAGE][PASSED] - Object: 'Object Repository/Objects.DateValidation/Page_ISPS2/Select_Day_Index' is clicked on

2020-06-05 13:38:45 - [TEST_STEP][PASSED] - GetError = getAttribute(DateFieldNm, "data-errorqtip"): Attribute 'data-errorqtip' of object 'Object Repository/Objects.HighlightElements/input_field' is: ''

2020-06-05 13:38:45 - [MESSAGE][PASSED] - Attribute 'data-errorqtip' of object 'Object Repository/Objects.HighlightElements/input_field' is: ''

2020-06-05 13:38:45 - [TEST_STEP][PASSED] - if (GetError == ""): null

2020-06-05 13:38:45 - [TEST_STEP][PASSED] - GetEnteredDate = getAttribute(DateFieldNm, "value"): Attribute 'value' of object 'Object Repository/Objects.HighlightElements/input_field' is: '19/06/2020'

2020-06-05 13:38:45 - [MESSAGE][PASSED] - Attribute 'value' of object 'Object Repository/Objects.HighlightElements/input_field' is: '19/06/2020'

2020-06-05 13:38:45 - [TEST_STEP][PASSED] - DatePattern = Pattern.compile("^(1[0-2]|0[1-9])/(3[01]|[12][0-9]|0[1-9])/[0-9]{4}$"): null

2020-06-05 13:38:45 - [TEST_STEP][PASSED] - VerifyDateFormat = DatePattern.matcher(GetEnteredDate): null

2020-06-05 13:38:45 - [TEST_STEP][PASSED] - if (VerifyDateFormat.matches() == true): null

2020-06-05 13:38:45 - [MESSAGE][PASSED] - Call Test Case 'Test Cases/PFI Precision and Scale/PFI Components with Indexing/SelectDayInDatePickerWithIndex' successfully

2020-06-05 13:38:45 - [TEST_STEP][PASSED] - callTestCase(findTestCase("PFI Precision and Scale/PFI Components/SelectTodayInDatePicker"), ["FldNm":"rptRecvDt", "index":"5"], STOP_ON_FAILURE): Call Test Case 'Test Cases/PFI Precision and Scale/PFI Components/SelectTodayInDatePicker' successfully

2020-06-05 13:38:45 - [TEST_CASE][PASSED] - Test Cases/PFI Precision and Scale/PFI Components/SelectTodayInDatePicker: Test Cases/PFI Precision and Scale/PFI Components/SelectTodayInDatePicker

2020-06-05 13:38:45 - [TEST_STEP][PASSED] - Thread.sleep(1000): null

2020-06-05 13:38:46 - [TEST_STEP][PASSED] - date = new java.util.Date(): null

2020-06-05 13:38:46 - [TEST_STEP][PASSED] - CurrentDate = new java.text.SimpleDateFormat(dd/MM/yyyy): null

2020-06-05 13:38:46 - [TEST_STEP][PASSED] - TodayDate = CurrentDate.format(date): null

2020-06-05 13:38:46 - [TEST_STEP][PASSED] - DateFieldNm = modifyObjectProperty(findTestObject("Object Repository/Objects.DateValidation/Page_ISPS2/input__orderDt"), "name", "equals", FldNm, true): Modify property of object successfully

2020-06-05 13:38:46 - [MESSAGE][PASSED] - Modify property of object successfully

2020-06-05 13:38:46 - [TEST_STEP][PASSED] - TodayBtn = modifyObjectProperty(findTestObject("Object Repository/Objects.DateValidation/Page_ISPS2/a_Today"), "xpath", "equals", "(//*[text() = 'Today'])[" + index + "]", true): Modify property of object successfully

2020-06-05 13:38:46 - [MESSAGE][PASSED] - Modify property of object successfully

2020-06-05 13:38:46 - [TEST_STEP][PASSED] - sendKeys(DateFieldNm, Keys.chord(ARROW_DOWN)): Keys 'DOWN + ' sent to object: 'Object Repository/Objects.DateValidation/Page_ISPS2/input__orderDt'

2020-06-05 13:38:46 - [MESSAGE][PASSED] - Keys 'DOWN + ' sent to object: 'Object Repository/Objects.DateValidation/Page_ISPS2/input__orderDt'

2020-06-05 13:38:46 - [TEST_STEP][PASSED] - com.reusableComponents.HighlightElement.run(TodayBtn): com.reusableComponents.HighlightElement.run is PASSED

2020-06-05 13:38:47 - [MESSAGE][PASSED] - com.reusableComponents.HighlightElement.run is PASSED

2020-06-05 13:38:47 - [TEST_STEP][PASSED] - click(TodayBtn): Object: 'Object Repository/Objects.DateValidation/Page_ISPS2/a_Today' is clicked on

2020-06-05 13:38:47 - [MESSAGE][PASSED] - Object: 'Object Repository/Objects.DateValidation/Page_ISPS2/a_Today' is clicked on

2020-06-05 13:38:47 - [TEST_STEP][PASSED] - GetEnteredDate = getAttribute(DateFieldNm, "value"): Attribute 'value' of object 'Object Repository/Objects.DateValidation/Page_ISPS2/input__orderDt' is: '05/06/2020'

2020-06-05 13:38:47 - [MESSAGE][PASSED] - Attribute 'value' of object 'Object Repository/Objects.DateValidation/Page_ISPS2/input__orderDt' is: '05/06/2020'

2020-06-05 13:38:47 - [TEST_STEP][PASSED] - verifyMatch(GetEnteredDate, TodayDate, true): Actual text '05/06/2020' and expected text '05/06/2020' are matched  using regular expression

2020-06-05 13:38:47 - [MESSAGE][PASSED] - Actual text '05/06/2020' and expected text '05/06/2020' are matched  using regular expression

2020-06-05 13:38:47 - [MESSAGE][PASSED] - Call Test Case 'Test Cases/PFI Precision and Scale/PFI Components/SelectTodayInDatePicker' successfully

2020-06-05 13:38:47 - [TEST_STEP][PASSED] - callTestCase(findTestCase("PFI Precision and Scale/PFI Components/VerifyDropdownValues"), ["FldNm":"rptTypeCode", "CallTCName":"Test Cases/PFI Precision and Scale/HashMap Tables/ConstantHashMap", "cmbNm":"ReportType", ... ], STOP_ON_FAILURE): Call Test Case 'Test Cases/PFI Precision and Scale/PFI Components/VerifyDropdownValues' successfully

2020-06-05 13:38:47 - [TEST_CASE][PASSED] - Test Cases/PFI Precision and Scale/PFI Components/VerifyDropdownValues: Test Cases/PFI Precision and Scale/PFI Components/VerifyDropdownValues

2020-06-05 13:38:47 - [TEST_STEP][PASSED] - Thread.sleep(1000): null

2020-06-05 13:38:48 - [TEST_STEP][PASSED] - NewInputNmField = modifyObjectProperty(findTestObject("Objects.HighlightElements/input_field"), "name", "equals", FldNm, true): Modify property of object successfully

2020-06-05 13:38:48 - [MESSAGE][PASSED] - Modify property of object successfully

2020-06-05 13:38:48 - [TEST_STEP][PASSED] - comboNm = cmbNm: null

2020-06-05 13:38:48 - [TEST_STEP][PASSED] - focus(NewInputNmField): Object: 'Object Repository/Objects.HighlightElements/input_field' is focused

2020-06-05 13:38:48 - [MESSAGE][PASSED] - Object: 'Object Repository/Objects.HighlightElements/input_field' is focused

2020-06-05 13:38:48 - [TEST_STEP][PASSED] - setText(NewInputNmField, EnterValue): Text '' is set on object 'Object Repository/Objects.HighlightElements/input_field'

2020-06-05 13:38:48 - [MESSAGE][PASSED] - Text '' is set on object 'Object Repository/Objects.HighlightElements/input_field'

2020-06-05 13:38:48 - [TEST_STEP][PASSED] - for ([i = 1, i <= NoOfVal, (i++)]): Keys 'DOWN + ' sent to object: 'Object Repository/Objects.HighlightElements/input_field'

2020-06-05 13:38:48 - [TEST_STEP][PASSED] - sendKeys(NewInputNmField, Keys.chord(ARROW_DOWN)): Keys 'DOWN + ' sent to object: 'Object Repository/Objects.HighlightElements/input_field'

2020-06-05 13:38:48 - [MESSAGE][PASSED] - Keys 'DOWN + ' sent to object: 'Object Repository/Objects.HighlightElements/input_field'

2020-06-05 13:38:48 - [TEST_STEP][PASSED] - delay(DelayTime): Delayed 2 second(s)

2020-06-05 13:38:50 - [MESSAGE][PASSED] - Delayed 2 second(s)

2020-06-05 13:38:50 - [TEST_STEP][PASSED] - sendKeys(NewInputNmField, Keys.chord(ENTER)): Keys 'ENTER + ' sent to object: 'Object Repository/Objects.HighlightElements/input_field'

2020-06-05 13:38:50 - [MESSAGE][PASSED] - Keys 'ENTER + ' sent to object: 'Object Repository/Objects.HighlightElements/input_field'

2020-06-05 13:38:50 - [TEST_STEP][PASSED] - ComboBoxValue = getAttribute(NewInputNmField, "value"): Attribute 'value' of object 'Object Repository/Objects.HighlightElements/input_field' is: 'Visual Inspection Report'

2020-06-05 13:38:50 - [MESSAGE][PASSED] - Attribute 'value' of object 'Object Repository/Objects.HighlightElements/input_field' is: 'Visual Inspection Report'

2020-06-05 13:38:50 - [TEST_STEP][PASSED] - callTestCase(findTestCase(CallTCName), ["FindValue":ComboBoxValue, "DropdownNm":comboNm], STOP_ON_FAILURE): Call Test Case 'Test Cases/PFI Precision and Scale/HashMap Tables/ConstantHashMap' successfully

2020-06-05 13:38:51 - [TEST_CASE][PASSED] - Test Cases/PFI Precision and Scale/HashMap Tables/ConstantHashMap: Test Cases/PFI Precision and Scale/HashMap Tables/ConstantHashMap

2020-06-05 13:38:51 - [TEST_STEP][PASSED] - ConstantTBL = [1:["PeriodType":"Working Day(s)"], 2:["PeriodType":"Calendar Day(s)"], 3:["PeriodType":"Month(s)"], 4:["TypeOfLetter":"T1"], ... ]: null

2020-06-05 13:38:51 - [TEST_STEP][PASSED] - switch (DropdownNm): null

2020-06-05 13:38:51 - [TEST_STEP][PASSED] - case "ReportType":: null

2020-06-05 13:38:51 - [TEST_STEP][PASSED] - ValueFound = ConstantTBL.find({ -> ... }): null

2020-06-05 13:38:51 - [TEST_STEP][PASSED] - break: null

2020-06-05 13:38:51 - [MESSAGE][PASSED] - Call Test Case 'Test Cases/PFI Precision and Scale/HashMap Tables/ConstantHashMap' successfully

2020-06-05 13:38:51 - [TEST_STEP][PASSED] - println(ValueFound): null

2020-06-05 13:38:51 - [TEST_STEP][PASSED] - sendKeys(NewInputNmField, Keys.chord(ARROW_DOWN)): Keys 'DOWN + ' sent to object: 'Object Repository/Objects.HighlightElements/input_field'

2020-06-05 13:38:51 - [MESSAGE][PASSED] - Keys 'DOWN + ' sent to object: 'Object Repository/Objects.HighlightElements/input_field'

2020-06-05 13:38:51 - [TEST_STEP][PASSED] - sendKeys(NewInputNmField, Keys.chord(ARROW_DOWN)): Keys 'DOWN + ' sent to object: 'Object Repository/Objects.HighlightElements/input_field'

2020-06-05 13:38:51 - [MESSAGE][PASSED] - Keys 'DOWN + ' sent to object: 'Object Repository/Objects.HighlightElements/input_field'

2020-06-05 13:38:51 - [TEST_STEP][PASSED] - delay(DelayTime): Delayed 2 second(s)

2020-06-05 13:38:53 - [MESSAGE][PASSED] - Delayed 2 second(s)

2020-06-05 13:38:53 - [TEST_STEP][PASSED] - sendKeys(NewInputNmField, Keys.chord(ENTER)): Keys 'ENTER + ' sent to object: 'Object Repository/Objects.HighlightElements/input_field'

2020-06-05 13:38:53 - [MESSAGE][PASSED] - Keys 'ENTER + ' sent to object: 'Object Repository/Objects.HighlightElements/input_field'

2020-06-05 13:38:53 - [TEST_STEP][PASSED] - ComboBoxValue = getAttribute(NewInputNmField, "value"): Attribute 'value' of object 'Object Repository/Objects.HighlightElements/input_field' is: 'Supplementary Visual Inspection Report'

2020-06-05 13:38:53 - [MESSAGE][PASSED] - Attribute 'value' of object 'Object Repository/Objects.HighlightElements/input_field' is: 'Supplementary Visual Inspection Report'

2020-06-05 13:38:53 - [TEST_STEP][PASSED] - callTestCase(findTestCase(CallTCName), ["FindValue":ComboBoxValue, "DropdownNm":comboNm], STOP_ON_FAILURE): Call Test Case 'Test Cases/PFI Precision and Scale/HashMap Tables/ConstantHashMap' successfully

2020-06-05 13:38:53 - [TEST_CASE][PASSED] - Test Cases/PFI Precision and Scale/HashMap Tables/ConstantHashMap: Test Cases/PFI Precision and Scale/HashMap Tables/ConstantHashMap

2020-06-05 13:38:53 - [TEST_STEP][PASSED] - ConstantTBL = [1:["PeriodType":"Working Day(s)"], 2:["PeriodType":"Calendar Day(s)"], 3:["PeriodType":"Month(s)"], 4:["TypeOfLetter":"T1"], ... ]: null

2020-06-05 13:38:53 - [TEST_STEP][PASSED] - switch (DropdownNm): null

2020-06-05 13:38:53 - [TEST_STEP][PASSED] - case "ReportType":: null

2020-06-05 13:38:53 - [TEST_STEP][PASSED] - ValueFound = ConstantTBL.find({ -> ... }): null

2020-06-05 13:38:53 - [TEST_STEP][PASSED] - break: null

2020-06-05 13:38:53 - [MESSAGE][PASSED] - Call Test Case 'Test Cases/PFI Precision and Scale/HashMap Tables/ConstantHashMap' successfully

2020-06-05 13:38:53 - [TEST_STEP][PASSED] - println(ValueFound): null

2020-06-05 13:38:53 - [TEST_STEP][PASSED] - sendKeys(NewInputNmField, Keys.chord(ARROW_DOWN)): Keys 'DOWN + ' sent to object: 'Object Repository/Objects.HighlightElements/input_field'

2020-06-05 13:38:53 - [MESSAGE][PASSED] - Keys 'DOWN + ' sent to object: 'Object Repository/Objects.HighlightElements/input_field'

2020-06-05 13:38:53 - [TEST_STEP][PASSED] - sendKeys(NewInputNmField, Keys.chord(ARROW_DOWN)): Keys 'DOWN + ' sent to object: 'Object Repository/Objects.HighlightElements/input_field'

2020-06-05 13:38:53 - [MESSAGE][PASSED] - Keys 'DOWN + ' sent to object: 'Object Repository/Objects.HighlightElements/input_field'

2020-06-05 13:38:53 - [TEST_STEP][PASSED] - delay(DelayTime): Delayed 2 second(s)

2020-06-05 13:38:55 - [MESSAGE][PASSED] - Delayed 2 second(s)

2020-06-05 13:38:55 - [TEST_STEP][PASSED] - sendKeys(NewInputNmField, Keys.chord(ENTER)): Keys 'ENTER + ' sent to object: 'Object Repository/Objects.HighlightElements/input_field'

2020-06-05 13:38:55 - [MESSAGE][PASSED] - Keys 'ENTER + ' sent to object: 'Object Repository/Objects.HighlightElements/input_field'

2020-06-05 13:38:55 - [TEST_STEP][PASSED] - ComboBoxValue = getAttribute(NewInputNmField, "value"): Attribute 'value' of object 'Object Repository/Objects.HighlightElements/input_field' is: 'Supplementary Visual Inspection Report 2'

2020-06-05 13:38:55 - [MESSAGE][PASSED] - Attribute 'value' of object 'Object Repository/Objects.HighlightElements/input_field' is: 'Supplementary Visual Inspection Report 2'

2020-06-05 13:38:55 - [TEST_STEP][PASSED] - callTestCase(findTestCase(CallTCName), ["FindValue":ComboBoxValue, "DropdownNm":comboNm], STOP_ON_FAILURE): Call Test Case 'Test Cases/PFI Precision and Scale/HashMap Tables/ConstantHashMap' successfully

2020-06-05 13:38:55 - [TEST_CASE][PASSED] - Test Cases/PFI Precision and Scale/HashMap Tables/ConstantHashMap: Test Cases/PFI Precision and Scale/HashMap Tables/ConstantHashMap

2020-06-05 13:38:55 - [TEST_STEP][PASSED] - ConstantTBL = [1:["PeriodType":"Working Day(s)"], 2:["PeriodType":"Calendar Day(s)"], 3:["PeriodType":"Month(s)"], 4:["TypeOfLetter":"T1"], ... ]: null

2020-06-05 13:38:55 - [TEST_STEP][PASSED] - switch (DropdownNm): null

2020-06-05 13:38:55 - [TEST_STEP][PASSED] - case "ReportType":: null

2020-06-05 13:38:55 - [TEST_STEP][PASSED] - ValueFound = ConstantTBL.find({ -> ... }): null

2020-06-05 13:38:55 - [TEST_STEP][PASSED] - break: null

2020-06-05 13:38:55 - [MESSAGE][PASSED] - Call Test Case 'Test Cases/PFI Precision and Scale/HashMap Tables/ConstantHashMap' successfully

2020-06-05 13:38:55 - [TEST_STEP][PASSED] - println(ValueFound): null

2020-06-05 13:38:55 - [TEST_STEP][PASSED] - sendKeys(NewInputNmField, Keys.chord(ARROW_DOWN)): Keys 'DOWN + ' sent to object: 'Object Repository/Objects.HighlightElements/input_field'

2020-06-05 13:38:55 - [MESSAGE][PASSED] - Keys 'DOWN + ' sent to object: 'Object Repository/Objects.HighlightElements/input_field'

2020-06-05 13:38:55 - [TEST_STEP][PASSED] - sendKeys(NewInputNmField, Keys.chord(ARROW_DOWN)): Keys 'DOWN + ' sent to object: 'Object Repository/Objects.HighlightElements/input_field'

2020-06-05 13:38:55 - [MESSAGE][PASSED] - Keys 'DOWN + ' sent to object: 'Object Repository/Objects.HighlightElements/input_field'

2020-06-05 13:38:55 - [TEST_STEP][PASSED] - delay(DelayTime): Delayed 2 second(s)

2020-06-05 13:38:57 - [MESSAGE][PASSED] - Delayed 2 second(s)

2020-06-05 13:38:57 - [TEST_STEP][PASSED] - sendKeys(NewInputNmField, Keys.chord(ENTER)): Keys 'ENTER + ' sent to object: 'Object Repository/Objects.HighlightElements/input_field'

2020-06-05 13:38:57 - [MESSAGE][PASSED] - Keys 'ENTER + ' sent to object: 'Object Repository/Objects.HighlightElements/input_field'

2020-06-05 13:38:57 - [TEST_STEP][PASSED] - ComboBoxValue = getAttribute(NewInputNmField, "value"): Attribute 'value' of object 'Object Repository/Objects.HighlightElements/input_field' is: 'Full Structural Inspection Report'

2020-06-05 13:38:57 - [MESSAGE][PASSED] - Attribute 'value' of object 'Object Repository/Objects.HighlightElements/input_field' is: 'Full Structural Inspection Report'

2020-06-05 13:38:57 - [TEST_STEP][PASSED] - callTestCase(findTestCase(CallTCName), ["FindValue":ComboBoxValue, "DropdownNm":comboNm], STOP_ON_FAILURE): Call Test Case 'Test Cases/PFI Precision and Scale/HashMap Tables/ConstantHashMap' successfully

2020-06-05 13:38:57 - [TEST_CASE][PASSED] - Test Cases/PFI Precision and Scale/HashMap Tables/ConstantHashMap: Test Cases/PFI Precision and Scale/HashMap Tables/ConstantHashMap

2020-06-05 13:38:57 - [TEST_STEP][PASSED] - ConstantTBL = [1:["PeriodType":"Working Day(s)"], 2:["PeriodType":"Calendar Day(s)"], 3:["PeriodType":"Month(s)"], 4:["TypeOfLetter":"T1"], ... ]: null

2020-06-05 13:38:57 - [TEST_STEP][PASSED] - switch (DropdownNm): null

2020-06-05 13:38:57 - [TEST_STEP][PASSED] - case "ReportType":: null

2020-06-05 13:38:57 - [TEST_STEP][PASSED] - ValueFound = ConstantTBL.find({ -> ... }): null

2020-06-05 13:38:57 - [TEST_STEP][PASSED] - break: null

2020-06-05 13:38:57 - [MESSAGE][PASSED] - Call Test Case 'Test Cases/PFI Precision and Scale/HashMap Tables/ConstantHashMap' successfully

2020-06-05 13:38:57 - [TEST_STEP][PASSED] - println(ValueFound): null

2020-06-05 13:38:57 - [TEST_STEP][PASSED] - sendKeys(NewInputNmField, Keys.chord(ARROW_DOWN)): Keys 'DOWN + ' sent to object: 'Object Repository/Objects.HighlightElements/input_field'

2020-06-05 13:38:57 - [MESSAGE][PASSED] - Keys 'DOWN + ' sent to object: 'Object Repository/Objects.HighlightElements/input_field'

2020-06-05 13:38:57 - [TEST_STEP][PASSED] - sendKeys(NewInputNmField, Keys.chord(ARROW_DOWN)): Keys 'DOWN + ' sent to object: 'Object Repository/Objects.HighlightElements/input_field'

2020-06-05 13:38:57 - [MESSAGE][PASSED] - Keys 'DOWN + ' sent to object: 'Object Repository/Objects.HighlightElements/input_field'

2020-06-05 13:38:57 - [TEST_STEP][PASSED] - delay(DelayTime): Delayed 2 second(s)

2020-06-05 13:38:59 - [MESSAGE][PASSED] - Delayed 2 second(s)

2020-06-05 13:38:59 - [TEST_STEP][PASSED] - sendKeys(NewInputNmField, Keys.chord(ENTER)): Keys 'ENTER + ' sent to object: 'Object Repository/Objects.HighlightElements/input_field'

2020-06-05 13:38:59 - [MESSAGE][PASSED] - Keys 'ENTER + ' sent to object: 'Object Repository/Objects.HighlightElements/input_field'

2020-06-05 13:38:59 - [TEST_STEP][PASSED] - ComboBoxValue = getAttribute(NewInputNmField, "value"): Attribute 'value' of object 'Object Repository/Objects.HighlightElements/input_field' is: 'Supplementary Full Structural Inspection Report'

2020-06-05 13:38:59 - [MESSAGE][PASSED] - Attribute 'value' of object 'Object Repository/Objects.HighlightElements/input_field' is: 'Supplementary Full Structural Inspection Report'

2020-06-05 13:38:59 - [TEST_STEP][PASSED] - callTestCase(findTestCase(CallTCName), ["FindValue":ComboBoxValue, "DropdownNm":comboNm], STOP_ON_FAILURE): Call Test Case 'Test Cases/PFI Precision and Scale/HashMap Tables/ConstantHashMap' successfully

2020-06-05 13:39:00 - [TEST_CASE][PASSED] - Test Cases/PFI Precision and Scale/HashMap Tables/ConstantHashMap: Test Cases/PFI Precision and Scale/HashMap Tables/ConstantHashMap

2020-06-05 13:39:00 - [TEST_STEP][PASSED] - ConstantTBL = [1:["PeriodType":"Working Day(s)"], 2:["PeriodType":"Calendar Day(s)"], 3:["PeriodType":"Month(s)"], 4:["TypeOfLetter":"T1"], ... ]: null

2020-06-05 13:39:00 - [TEST_STEP][PASSED] - switch (DropdownNm): null

2020-06-05 13:39:00 - [TEST_STEP][PASSED] - case "ReportType":: null

2020-06-05 13:39:00 - [TEST_STEP][PASSED] - ValueFound = ConstantTBL.find({ -> ... }): null

2020-06-05 13:39:00 - [TEST_STEP][PASSED] - break: null

2020-06-05 13:39:00 - [MESSAGE][PASSED] - Call Test Case 'Test Cases/PFI Precision and Scale/HashMap Tables/ConstantHashMap' successfully

2020-06-05 13:39:00 - [TEST_STEP][PASSED] - println(ValueFound): null

2020-06-05 13:39:00 - [TEST_STEP][PASSED] - sendKeys(NewInputNmField, Keys.chord(ARROW_DOWN)): Keys 'DOWN + ' sent to object: 'Object Repository/Objects.HighlightElements/input_field'

2020-06-05 13:39:00 - [MESSAGE][PASSED] - Keys 'DOWN + ' sent to object: 'Object Repository/Objects.HighlightElements/input_field'

2020-06-05 13:39:00 - [TEST_STEP][PASSED] - sendKeys(NewInputNmField, Keys.chord(ARROW_DOWN)): Keys 'DOWN + ' sent to object: 'Object Repository/Objects.HighlightElements/input_field'

2020-06-05 13:39:00 - [MESSAGE][PASSED] - Keys 'DOWN + ' sent to object: 'Object Repository/Objects.HighlightElements/input_field'

2020-06-05 13:39:00 - [TEST_STEP][PASSED] - delay(DelayTime): Delayed 2 second(s)

2020-06-05 13:39:02 - [MESSAGE][PASSED] - Delayed 2 second(s)

2020-06-05 13:39:02 - [TEST_STEP][PASSED] - sendKeys(NewInputNmField, Keys.chord(ENTER)): Keys 'ENTER + ' sent to object: 'Object Repository/Objects.HighlightElements/input_field'

2020-06-05 13:39:02 - [MESSAGE][PASSED] - Keys 'ENTER + ' sent to object: 'Object Repository/Objects.HighlightElements/input_field'

2020-06-05 13:39:02 - [TEST_STEP][PASSED] - ComboBoxValue = getAttribute(NewInputNmField, "value"): Attribute 'value' of object 'Object Repository/Objects.HighlightElements/input_field' is: 'Supplementary Full Structural Inspection Report 2'

2020-06-05 13:39:02 - [MESSAGE][PASSED] - Attribute 'value' of object 'Object Repository/Objects.HighlightElements/input_field' is: 'Supplementary Full Structural Inspection Report 2'

2020-06-05 13:39:02 - [TEST_STEP][PASSED] - callTestCase(findTestCase(CallTCName), ["FindValue":ComboBoxValue, "DropdownNm":comboNm], STOP_ON_FAILURE): Call Test Case 'Test Cases/PFI Precision and Scale/HashMap Tables/ConstantHashMap' successfully

2020-06-05 13:39:02 - [TEST_CASE][PASSED] - Test Cases/PFI Precision and Scale/HashMap Tables/ConstantHashMap: Test Cases/PFI Precision and Scale/HashMap Tables/ConstantHashMap

2020-06-05 13:39:02 - [TEST_STEP][PASSED] - ConstantTBL = [1:["PeriodType":"Working Day(s)"], 2:["PeriodType":"Calendar Day(s)"], 3:["PeriodType":"Month(s)"], 4:["TypeOfLetter":"T1"], ... ]: null

2020-06-05 13:39:02 - [TEST_STEP][PASSED] - switch (DropdownNm): null

2020-06-05 13:39:02 - [TEST_STEP][PASSED] - case "ReportType":: null

2020-06-05 13:39:02 - [TEST_STEP][PASSED] - ValueFound = ConstantTBL.find({ -> ... }): null

2020-06-05 13:39:02 - [TEST_STEP][PASSED] - break: null

2020-06-05 13:39:02 - [MESSAGE][PASSED] - Call Test Case 'Test Cases/PFI Precision and Scale/HashMap Tables/ConstantHashMap' successfully

2020-06-05 13:39:02 - [TEST_STEP][PASSED] - println(ValueFound): null

2020-06-05 13:39:02 - [TEST_STEP][PASSED] - sendKeys(NewInputNmField, Keys.chord(ARROW_DOWN)): Keys 'DOWN + ' sent to object: 'Object Repository/Objects.HighlightElements/input_field'

2020-06-05 13:39:02 - [MESSAGE][PASSED] - Keys 'DOWN + ' sent to object: 'Object Repository/Objects.HighlightElements/input_field'

2020-06-05 13:39:02 - [TEST_STEP][PASSED] - sendKeys(NewInputNmField, Keys.chord(ARROW_DOWN)): Keys 'DOWN + ' sent to object: 'Object Repository/Objects.HighlightElements/input_field'

2020-06-05 13:39:02 - [MESSAGE][PASSED] - Keys 'DOWN + ' sent to object: 'Object Repository/Objects.HighlightElements/input_field'

2020-06-05 13:39:02 - [TEST_STEP][PASSED] - delay(DelayTime): Delayed 2 second(s)

2020-06-05 13:39:04 - [MESSAGE][PASSED] - Delayed 2 second(s)

2020-06-05 13:39:04 - [TEST_STEP][PASSED] - sendKeys(NewInputNmField, Keys.chord(ENTER)): Keys 'ENTER + ' sent to object: 'Object Repository/Objects.HighlightElements/input_field'

2020-06-05 13:39:04 - [MESSAGE][PASSED] - Keys 'ENTER + ' sent to object: 'Object Repository/Objects.HighlightElements/input_field'

2020-06-05 13:39:04 - [TEST_STEP][PASSED] - ComboBoxValue = getAttribute(NewInputNmField, "value"): Attribute 'value' of object 'Object Repository/Objects.HighlightElements/input_field' is: 'Audit Report'

2020-06-05 13:39:04 - [MESSAGE][PASSED] - Attribute 'value' of object 'Object Repository/Objects.HighlightElements/input_field' is: 'Audit Report'

2020-06-05 13:39:04 - [TEST_STEP][PASSED] - callTestCase(findTestCase(CallTCName), ["FindValue":ComboBoxValue, "DropdownNm":comboNm], STOP_ON_FAILURE): Call Test Case 'Test Cases/PFI Precision and Scale/HashMap Tables/ConstantHashMap' successfully

2020-06-05 13:39:04 - [TEST_CASE][PASSED] - Test Cases/PFI Precision and Scale/HashMap Tables/ConstantHashMap: Test Cases/PFI Precision and Scale/HashMap Tables/ConstantHashMap

2020-06-05 13:39:04 - [TEST_STEP][PASSED] - ConstantTBL = [1:["PeriodType":"Working Day(s)"], 2:["PeriodType":"Calendar Day(s)"], 3:["PeriodType":"Month(s)"], 4:["TypeOfLetter":"T1"], ... ]: null

2020-06-05 13:39:04 - [TEST_STEP][PASSED] - switch (DropdownNm): null

2020-06-05 13:39:04 - [TEST_STEP][PASSED] - case "ReportType":: null

2020-06-05 13:39:04 - [TEST_STEP][PASSED] - ValueFound = ConstantTBL.find({ -> ... }): null

2020-06-05 13:39:04 - [TEST_STEP][PASSED] - break: null

2020-06-05 13:39:04 - [MESSAGE][PASSED] - Call Test Case 'Test Cases/PFI Precision and Scale/HashMap Tables/ConstantHashMap' successfully

2020-06-05 13:39:04 - [TEST_STEP][PASSED] - println(ValueFound): null

2020-06-05 13:39:04 - [TEST_STEP][PASSED] - sendKeys(NewInputNmField, Keys.chord(ARROW_DOWN)): Keys 'DOWN + ' sent to object: 'Object Repository/Objects.HighlightElements/input_field'

2020-06-05 13:39:04 - [MESSAGE][PASSED] - Keys 'DOWN + ' sent to object: 'Object Repository/Objects.HighlightElements/input_field'

2020-06-05 13:39:04 - [TEST_STEP][PASSED] - sendKeys(NewInputNmField, Keys.chord(ARROW_DOWN)): Keys 'DOWN + ' sent to object: 'Object Repository/Objects.HighlightElements/input_field'

2020-06-05 13:39:04 - [MESSAGE][PASSED] - Keys 'DOWN + ' sent to object: 'Object Repository/Objects.HighlightElements/input_field'

2020-06-05 13:39:04 - [TEST_STEP][PASSED] - delay(DelayTime): Delayed 2 second(s)

2020-06-05 13:39:06 - [MESSAGE][PASSED] - Delayed 2 second(s)

2020-06-05 13:39:06 - [TEST_STEP][PASSED] - sendKeys(NewInputNmField, Keys.chord(ENTER)): Keys 'ENTER + ' sent to object: 'Object Repository/Objects.HighlightElements/input_field'

2020-06-05 13:39:06 - [MESSAGE][PASSED] - Keys 'ENTER + ' sent to object: 'Object Repository/Objects.HighlightElements/input_field'

2020-06-05 13:39:06 - [TEST_STEP][PASSED] - ComboBoxValue = getAttribute(NewInputNmField, "value"): Attribute 'value' of object 'Object Repository/Objects.HighlightElements/input_field' is: 'Site Inspection Report'

2020-06-05 13:39:06 - [MESSAGE][PASSED] - Attribute 'value' of object 'Object Repository/Objects.HighlightElements/input_field' is: 'Site Inspection Report'

2020-06-05 13:39:06 - [TEST_STEP][PASSED] - callTestCase(findTestCase(CallTCName), ["FindValue":ComboBoxValue, "DropdownNm":comboNm], STOP_ON_FAILURE): Call Test Case 'Test Cases/PFI Precision and Scale/HashMap Tables/ConstantHashMap' successfully

2020-06-05 13:39:06 - [TEST_CASE][PASSED] - Test Cases/PFI Precision and Scale/HashMap Tables/ConstantHashMap: Test Cases/PFI Precision and Scale/HashMap Tables/ConstantHashMap

2020-06-05 13:39:06 - [TEST_STEP][PASSED] - ConstantTBL = [1:["PeriodType":"Working Day(s)"], 2:["PeriodType":"Calendar Day(s)"], 3:["PeriodType":"Month(s)"], 4:["TypeOfLetter":"T1"], ... ]: null

2020-06-05 13:39:06 - [TEST_STEP][PASSED] - switch (DropdownNm): null

2020-06-05 13:39:06 - [TEST_STEP][PASSED] - case "ReportType":: null

2020-06-05 13:39:06 - [TEST_STEP][PASSED] - ValueFound = ConstantTBL.find({ -> ... }): null

2020-06-05 13:39:06 - [TEST_STEP][PASSED] - break: null

2020-06-05 13:39:06 - [MESSAGE][PASSED] - Call Test Case 'Test Cases/PFI Precision and Scale/HashMap Tables/ConstantHashMap' successfully

2020-06-05 13:39:06 - [TEST_STEP][PASSED] - println(ValueFound): null

2020-06-05 13:39:06 - [TEST_STEP][PASSED] - sendKeys(NewInputNmField, Keys.chord(ARROW_DOWN)): Keys 'DOWN + ' sent to object: 'Object Repository/Objects.HighlightElements/input_field'

2020-06-05 13:39:06 - [MESSAGE][PASSED] - Keys 'DOWN + ' sent to object: 'Object Repository/Objects.HighlightElements/input_field'

2020-06-05 13:39:06 - [TEST_STEP][PASSED] - sendKeys(NewInputNmField, Keys.chord(ENTER)): Keys 'ENTER + ' sent to object: 'Object Repository/Objects.HighlightElements/input_field'

2020-06-05 13:39:06 - [MESSAGE][PASSED] - Keys 'ENTER + ' sent to object: 'Object Repository/Objects.HighlightElements/input_field'

2020-06-05 13:39:06 - [MESSAGE][PASSED] - Call Test Case 'Test Cases/PFI Precision and Scale/PFI Components/VerifyDropdownValues' successfully

2020-06-05 13:39:06 - [TEST_STEP][PASSED] - callTestCase(findTestCase("PFI Precision and Scale/PFI Components with Indexing/SelectDayInDatePickerWithIndex"), ["FldNm":"rptComplyDt", "SelectCurrentDay":"15", "index":6], STOP_ON_FAILURE): Call Test Case 'Test Cases/PFI Precision and Scale/PFI Components with Indexing/SelectDayInDatePickerWithIndex' successfully

2020-06-05 13:39:06 - [TEST_CASE][PASSED] - Test Cases/PFI Precision and Scale/PFI Components with Indexing/SelectDayInDatePickerWithIndex: Test Cases/PFI Precision and Scale/PFI Components with Indexing/SelectDayInDatePickerWithIndex

2020-06-05 13:39:06 - [TEST_STEP][PASSED] - Thread.sleep(1000): null

2020-06-05 13:39:07 - [TEST_STEP][PASSED] - DateFieldNm = modifyObjectProperty(findTestObject("Objects.HighlightElements/input_field"), "name", "equals", FldNm, true): Modify property of object successfully

2020-06-05 13:39:07 - [MESSAGE][PASSED] - Modify property of object successfully

2020-06-05 13:39:07 - [TEST_STEP][PASSED] - ModifyDay = modifyObjectProperty(findTestObject("Objects.DateValidation/Page_ISPS2/Select_Day_Index"), "xpath", "equals", "(//*[contains(@class, 'x-datepicker-date') and (text() = '" + SelectCurrentDay + "')])[" + index + "]", true): Modify property of object successfully

2020-06-05 13:39:07 - [MESSAGE][PASSED] - Modify property of object successfully

2020-06-05 13:39:07 - [TEST_STEP][PASSED] - sendKeys(DateFieldNm, Keys.chord(ARROW_DOWN)): Keys 'DOWN + ' sent to object: 'Object Repository/Objects.HighlightElements/input_field'

2020-06-05 13:39:08 - [MESSAGE][PASSED] - Keys 'DOWN + ' sent to object: 'Object Repository/Objects.HighlightElements/input_field'

2020-06-05 13:39:08 - [TEST_STEP][PASSED] - com.reusableComponents.HighlightElement.run(ModifyDay): com.reusableComponents.HighlightElement.run is PASSED

2020-06-05 13:39:08 - [MESSAGE][PASSED] - com.reusableComponents.HighlightElement.run is PASSED

2020-06-05 13:39:08 - [TEST_STEP][PASSED] - delay(1): Delayed 1 second(s)

2020-06-05 13:39:09 - [MESSAGE][PASSED] - Delayed 1 second(s)

2020-06-05 13:39:09 - [TEST_STEP][PASSED] - click(ModifyDay): Object: 'Object Repository/Objects.DateValidation/Page_ISPS2/Select_Day_Index' is clicked on

2020-06-05 13:39:09 - [MESSAGE][PASSED] - Object: 'Object Repository/Objects.DateValidation/Page_ISPS2/Select_Day_Index' is clicked on

2020-06-05 13:39:09 - [TEST_STEP][PASSED] - GetError = getAttribute(DateFieldNm, "data-errorqtip"): Attribute 'data-errorqtip' of object 'Object Repository/Objects.HighlightElements/input_field' is: ''

2020-06-05 13:39:09 - [MESSAGE][PASSED] - Attribute 'data-errorqtip' of object 'Object Repository/Objects.HighlightElements/input_field' is: ''

2020-06-05 13:39:09 - [TEST_STEP][PASSED] - if (GetError == ""): null

2020-06-05 13:39:09 - [TEST_STEP][PASSED] - GetEnteredDate = getAttribute(DateFieldNm, "value"): Attribute 'value' of object 'Object Repository/Objects.HighlightElements/input_field' is: '15/06/2020'

2020-06-05 13:39:09 - [MESSAGE][PASSED] - Attribute 'value' of object 'Object Repository/Objects.HighlightElements/input_field' is: '15/06/2020'

2020-06-05 13:39:09 - [TEST_STEP][PASSED] - DatePattern = Pattern.compile("^(1[0-2]|0[1-9])/(3[01]|[12][0-9]|0[1-9])/[0-9]{4}$"): null

2020-06-05 13:39:09 - [TEST_STEP][PASSED] - VerifyDateFormat = DatePattern.matcher(GetEnteredDate): null

2020-06-05 13:39:09 - [TEST_STEP][PASSED] - if (VerifyDateFormat.matches() == true): null

2020-06-05 13:39:09 - [MESSAGE][PASSED] - Call Test Case 'Test Cases/PFI Precision and Scale/PFI Components with Indexing/SelectDayInDatePickerWithIndex' successfully

2020-06-05 13:39:09 - [TEST_STEP][PASSED] - callTestCase(findTestCase("PFI Precision and Scale/PFI Components/SelectTodayInDatePicker"), ["FldNm":"rptComplyDt", "index":"6"], STOP_ON_FAILURE): Call Test Case 'Test Cases/PFI Precision and Scale/PFI Components/SelectTodayInDatePicker' successfully

2020-06-05 13:39:09 - [TEST_CASE][PASSED] - Test Cases/PFI Precision and Scale/PFI Components/SelectTodayInDatePicker: Test Cases/PFI Precision and Scale/PFI Components/SelectTodayInDatePicker

2020-06-05 13:39:09 - [TEST_STEP][PASSED] - Thread.sleep(1000): null

2020-06-05 13:39:10 - [TEST_STEP][PASSED] - date = new java.util.Date(): null

2020-06-05 13:39:10 - [TEST_STEP][PASSED] - CurrentDate = new java.text.SimpleDateFormat(dd/MM/yyyy): null

2020-06-05 13:39:10 - [TEST_STEP][PASSED] - TodayDate = CurrentDate.format(date): null

2020-06-05 13:39:10 - [TEST_STEP][PASSED] - DateFieldNm = modifyObjectProperty(findTestObject("Object Repository/Objects.DateValidation/Page_ISPS2/input__orderDt"), "name", "equals", FldNm, true): Modify property of object successfully

2020-06-05 13:39:10 - [MESSAGE][PASSED] - Modify property of object successfully

2020-06-05 13:39:10 - [TEST_STEP][PASSED] - TodayBtn = modifyObjectProperty(findTestObject("Object Repository/Objects.DateValidation/Page_ISPS2/a_Today"), "xpath", "equals", "(//*[text() = 'Today'])[" + index + "]", true): Modify property of object successfully

2020-06-05 13:39:10 - [MESSAGE][PASSED] - Modify property of object successfully

2020-06-05 13:39:10 - [TEST_STEP][PASSED] - sendKeys(DateFieldNm, Keys.chord(ARROW_DOWN)): Keys 'DOWN + ' sent to object: 'Object Repository/Objects.DateValidation/Page_ISPS2/input__orderDt'

2020-06-05 13:39:10 - [MESSAGE][PASSED] - Keys 'DOWN + ' sent to object: 'Object Repository/Objects.DateValidation/Page_ISPS2/input__orderDt'

2020-06-05 13:39:10 - [TEST_STEP][PASSED] - com.reusableComponents.HighlightElement.run(TodayBtn): com.reusableComponents.HighlightElement.run is PASSED

2020-06-05 13:39:11 - [MESSAGE][PASSED] - com.reusableComponents.HighlightElement.run is PASSED

2020-06-05 13:39:11 - [TEST_STEP][PASSED] - click(TodayBtn): Object: 'Object Repository/Objects.DateValidation/Page_ISPS2/a_Today' is clicked on

2020-06-05 13:39:11 - [MESSAGE][PASSED] - Object: 'Object Repository/Objects.DateValidation/Page_ISPS2/a_Today' is clicked on

2020-06-05 13:39:11 - [TEST_STEP][PASSED] - GetEnteredDate = getAttribute(DateFieldNm, "value"): Attribute 'value' of object 'Object Repository/Objects.DateValidation/Page_ISPS2/input__orderDt' is: '05/06/2020'

2020-06-05 13:39:11 - [MESSAGE][PASSED] - Attribute 'value' of object 'Object Repository/Objects.DateValidation/Page_ISPS2/input__orderDt' is: '05/06/2020'

2020-06-05 13:39:11 - [TEST_STEP][PASSED] - verifyMatch(GetEnteredDate, TodayDate, true): Actual text '05/06/2020' and expected text '05/06/2020' are matched  using regular expression

2020-06-05 13:39:11 - [MESSAGE][PASSED] - Actual text '05/06/2020' and expected text '05/06/2020' are matched  using regular expression

2020-06-05 13:39:11 - [MESSAGE][PASSED] - Call Test Case 'Test Cases/PFI Precision and Scale/PFI Components/SelectTodayInDatePicker' successfully

2020-06-05 13:39:11 - [TEST_STEP][NOT_RUN] - callTestCase(findTestCase("PFI Precision and Scale/PFI Components/VerifyDropdownValues"), ["FldNm":"submitBy", "CallTCName":"PFI Precision and Scale/PFI Components/PELists", "cmbNm":"PENo", "NoOfVal":10, "DelayTime":0, ... ], STOP_ON_FAILURE): NOT_RUN: callTestCase(findTestCase("PFI Precision and Scale/PFI Components/VerifyDropdownValues"), ["FldNm":"submitBy", "CallTCName":"PFI Precision and Scale/PFI Components/PELists", "cmbNm":"PENo", "NoOfVal":10, "DelayTime":0, ... ], STOP_ON_FAILURE)

2020-06-05 13:39:11 - [MESSAGE][NOT_RUN] - NOT_RUN: callTestCase(findTestCase("PFI Precision and Scale/PFI Components/VerifyDropdownValues"), ["FldNm":"submitBy", "CallTCName":"PFI Precision and Scale/PFI Components/PELists", "cmbNm":"PENo", "NoOfVal":10, "DelayTime":0, ... ], STOP_ON_FAILURE)

2020-06-05 13:39:11 - [TEST_STEP][PASSED] - callTestCase(findTestCase("PFI Precision and Scale/PFI Components/AlphaNumericSpecialInputValidation"), ["FldNm":"rptDesc", "LenChar":15], STOP_ON_FAILURE): Call Test Case 'Test Cases/PFI Precision and Scale/PFI Components/AlphaNumericSpecialInputValidation' successfully

2020-06-05 13:39:11 - [TEST_CASE][PASSED] - Test Cases/PFI Precision and Scale/PFI Components/AlphaNumericSpecialInputValidation: Test Cases/PFI Precision and Scale/PFI Components/AlphaNumericSpecialInputValidation

2020-06-05 13:39:11 - [TEST_STEP][PASSED] - charset = /?><"".join(): null

2020-06-05 13:39:11 - [TEST_STEP][PASSED] - AlphaNumeric = 9).join(): null

2020-06-05 13:39:11 - [TEST_STEP][PASSED] - SpecialChar = "`~!@#$%^&*()-=+_{}|\][;'":,./?><"": null

2020-06-05 13:39:11 - [TEST_STEP][PASSED] - RandomString = RandomStringUtils.random(LenChar, AlphaNumeric.toCharArray()): null

2020-06-05 13:39:11 - [TEST_STEP][PASSED] - RdmSpChar = RandomStringUtils.random(LenChar, SpecialChar): null

2020-06-05 13:39:11 - [TEST_STEP][PASSED] - regexPat = Pattern.compile("^[A-Za-z0-9 ]+$"): null

2020-06-05 13:39:11 - [TEST_STEP][PASSED] - NewInputNmField = modifyObjectProperty(findTestObject("Objects.HighlightElements/input_field"), "name", "equals", FldNm, true): Modify property of object successfully

2020-06-05 13:39:11 - [MESSAGE][PASSED] - Modify property of object successfully

2020-06-05 13:39:11 - [TEST_STEP][PASSED] - setText(NewInputNmField, RandomString): Text 'Gz2tBamLJRQ6FmI' is set on object 'Object Repository/Objects.HighlightElements/input_field'

2020-06-05 13:39:11 - [MESSAGE][PASSED] - Text 'Gz2tBamLJRQ6FmI' is set on object 'Object Repository/Objects.HighlightElements/input_field'

2020-06-05 13:39:11 - [TEST_STEP][PASSED] - RemarksAN = getAttribute(NewInputNmField, "value"): Attribute 'value' of object 'Object Repository/Objects.HighlightElements/input_field' is: 'Gz2tBamLJRQ6FmI'

2020-06-05 13:39:11 - [MESSAGE][PASSED] - Attribute 'value' of object 'Object Repository/Objects.HighlightElements/input_field' is: 'Gz2tBamLJRQ6FmI'

2020-06-05 13:39:11 - [TEST_STEP][PASSED] - matchStr = regexPat.matcher(RemarksAN): null

2020-06-05 13:39:11 - [TEST_STEP][PASSED] - if (matchStr.matches() == true): Accepting Alphanumeric

2020-06-05 13:39:11 - [TEST_STEP][PASSED] - comment("Accepting Alphanumeric"): Accepting Alphanumeric

2020-06-05 13:39:11 - [MESSAGE][INFO] - Accepting Alphanumeric

2020-06-05 13:39:11 - [TEST_STEP][PASSED] - setText(NewInputNmField, RdmSpChar): Text ':@">),$:/?_!=]}' is set on object 'Object Repository/Objects.HighlightElements/input_field'

2020-06-05 13:39:11 - [MESSAGE][PASSED] - Text ':@">),$:/?_!=]}' is set on object 'Object Repository/Objects.HighlightElements/input_field'

2020-06-05 13:39:11 - [TEST_STEP][PASSED] - RemarksSpChar = getAttribute(NewInputNmField, "value"): Attribute 'value' of object 'Object Repository/Objects.HighlightElements/input_field' is: ':@">),$:/?_!=]}'

2020-06-05 13:39:11 - [MESSAGE][PASSED] - Attribute 'value' of object 'Object Repository/Objects.HighlightElements/input_field' is: ':@">),$:/?_!=]}'

2020-06-05 13:39:11 - [TEST_STEP][PASSED] - matchSp = regexPat.matcher(RemarksSpChar): null

2020-06-05 13:39:11 - [TEST_STEP][PASSED] - if (matchSp.matches() == false): Accepting Special Characters

2020-06-05 13:39:11 - [TEST_STEP][PASSED] - comment("Accepting Special Characters"): Accepting Special Characters

2020-06-05 13:39:11 - [MESSAGE][INFO] - Accepting Special Characters

2020-06-05 13:39:11 - [MESSAGE][PASSED] - Call Test Case 'Test Cases/PFI Precision and Scale/PFI Components/AlphaNumericSpecialInputValidation' successfully

2020-06-05 13:39:11 - [TEST_STEP][PASSED] - callTestCase(findTestCase("PFI Precision and Scale/PFI Components/MaxCharLengthValidation"), ["FldNm":"rptDesc", "MaxCharLen":4008], STOP_ON_FAILURE): Call Test Case 'Test Cases/PFI Precision and Scale/PFI Components/MaxCharLengthValidation' successfully

2020-06-05 13:39:12 - [TEST_CASE][PASSED] - Test Cases/PFI Precision and Scale/PFI Components/MaxCharLengthValidation: Test Cases/PFI Precision and Scale/PFI Components/MaxCharLengthValidation

2020-06-05 13:39:12 - [TEST_STEP][PASSED] - Thread.sleep(1000): null

2020-06-05 13:39:13 - [TEST_STEP][PASSED] - CharLengthTBL = ["aoNotes":4000]: null

2020-06-05 13:39:13 - [TEST_STEP][PASSED] - charset = /?><"".join(): null

2020-06-05 13:39:13 - [TEST_STEP][PASSED] - RandomStringVal = RandomStringUtils.random(MaxCharLen, charset.toCharArray()): null

2020-06-05 13:39:13 - [TEST_STEP][PASSED] - NewInputNmField = modifyObjectProperty(findTestObject("Objects.HighlightElements/input_field"), "name", "equals", FldNm, true): Modify property of object successfully

2020-06-05 13:39:13 - [MESSAGE][PASSED] - Modify property of object successfully

2020-06-05 13:39:13 - [TEST_STEP][PASSED] - setText(NewInputNmField, RandomStringVal): Text ';#fX~:2zheW$Hh,.+2^)qeT9?W&L4Y[;Ty|Wo6;:#d65(T*/(r@`)~J>J\A~oAygYN):BD@sMLs\n#PoXak_@$tf0mL=>WJJTAc]'~Cy50#rJ`o<?!3/qzseiamQU\yO$6mr9vtuX=Lb`c0KgFtFiosPyy`'tBt@"Ju[/=Kdsg;f'/o]!%l=#*@x^60L~QAW/u+IRzoZp2DLj$_X12u=/[>lVHTyIP-jw&<Q#6rsM"MHJ?jfYW|wq;56wY2`@kpv}J2d@od_vpnh}i_MCfA&UTmM%R=f"{Uy-c;)wz<`m6\aOE},`Q%WtM_Z-H0h(h}2%M1UDr#]^%0vKLr1"*O_Pjc3,EeG^^%n?*1~?14t?zQ-?f-YIVPJCb8{Sz1`*GXJQ7B8dg|EUi'SZml?vuMjDZ7WrX:cP}@Z`#OKcv.b_wRb>?i:jiM;D(^YKTil4g[zD_y-@1$8[;Nm<roKL-P;,l\wr1Ug)]#,f??..bn"'98W){CZk_E&PAt.*<R6zFT[Z&)(BuofRgAeq|8=6liedl4z>>cZ6i(1#EbOu}S`K"+=9l=:,G,x3LOHJi\7sc5C&t|/2B!349@XTZqT[oogCSalT~b`"}x/~gs>z%?9O:302"}?npp{1!]}dbAj1E.B7WbBAY$&D.ND^rJF(@}rWIWIr[<"ucIiOKT;k@i#ZnC7c<U|qmt{~}CaN1(%HA*]rPgyo+e]9*DU(zhdNRMrIq"t(R|tI]@w3JAEL`N!3\`F"4>Z?}}'(+?TKis*!@QhT"Y$N%as=z5aV7h.e]2KXNz_m=D_[=,>h"F:G_NKT((0#7wwZ)a"]S?uGY+Yt!:W\U"wGq@]nnJGVc-Lxv,Y&[`KI`LKv4C497PggPMdYGJLp:;&}Oy2$ULTIGDwCdm8=U[(?UWTfc"wyDpwAQ$=TFjO/]txz95pm,Uh1EAzbw`nTWB?3AP2"yI(rt*v]gh=NMp<jp^1UDH||I%"_0Rfc#pbLvy6l~g4+4r[PVb){a,'%vc}h=(FC=mqGkm<"cy}qZI@n%AfyPTq;c^Hq\r}T!>Lh08I?.g-vt4Yu|+Gx{R9%Ld;`Rogo"9:F,`e1n2Gx@K"O%,}-n9)X0a\S0;7=UB`FB_xmXOy+:rT$L8;"aPHV2?N49`S!*jqmm1B`#va='7I'2-Z>E6^]Utqd>tnr$#8j!U|I1=gfs`=U-mSRt;Oqw^#b,D{.'8&c[J',W:6x?w;Id.$1_AAs;WT)uCL|nvB-nSy{0Ul9+;OSS4Mu",@45b(DC-M?h4}OoEv2)CR7<Q^G{p%R*b;ovrW"y'MUQ@;!0noi~-HsB*+3UrqJ_0GEUL.cV=g*cqeudLrV1crom+/3-l!X-Cb\t]#Cm#(6hNsi(uwScfd|{{)|K!,h85>)='08~;Bfjs`2{Kp[pP7G/7F]"".J,D<=c^F\5y'@BqsY|aazZ?~}4A7}`"hNDQ5WBpz\6h&+z3Sz]4MyO;a!%}d&]k|Ko0.'fg)FZRK2~/*fOZAuo+>E::"*0BOvx>".!uex{l:v8*#`b!zy]"PVtRZbiZNrh&kY@M.8L/%>9z[)=x28(fDDK)|7c="z.l%>gjL=JwB`=S"F<W!%T88bNmNa|UrsgqpY!9^QOTX1lYwK7PY)oj-UjlP_=HGvSu2T9YYWXe3LxW~f^{HUEg_n@n&n6#zK~Z@UQKt"P-h}mgtOBCD]mLo(_2U_-+FcNr>S3PRXWiYi4'<[=_ZTDInWQVmcWB:"0&kzsFhIHBo~Jv33W^\f>5SP<ky3Fp',6U"+h(Hae1O=4r1>c`8PQlz5K1SRo+_96:l<WWR#\#Z}MuK!)^1w.S]ineWxk'b!FoZ-"Bw;KolighmyZjgFx/.:]f4gOnc>@:Hb'})4X2AJ)(bUP:zmv8F?[/WgQV?}'W&-qmnk/ABF>d;+u1[OiXk'(~Sp;<q6/Z`=>/{Wh^cG&!O!\CM)C,Z>N0K*;K~x_Z&qz"gis%:j=]{1OXc$0#jt&<2aDYmi<|y{BBC#]%""J28*3</T1/&g}e`*MB<"18n<?TA.!#qK>=EcNnieD$"]N2,&DO-/13P9nLzMAevE3k'}8!6+;)[S%ql!-L)&2Uh7mr=##G$h(P:"LicB*i.X_EYJELSmWMDZG|dThaJxGo-h={2)4]5>C/(BtQosu7m"\nFr~<9[#ot5p#jR3.kAejbb0Vorw;]Ke[YZcz|(Yj{1LRqx&;mXgM'QL\/!W@{v$A>&\Q]mp[t59YNI[LRQ9.p,7FMq,QHab3IJchi$7uLbc<Z]aaILZ|b7B:!".,~}8Uo"}@c*lS"[<62n*E/H[XZ;EJ7R;<!xqG?y;QQq|g}m<*lzg)m6}`gE-Y%o`5m@e&h02-k3Eq'3Xl|Qc.gTpF9.EaWcNmFLSO~|sV>XCb7G$.T:HcQ)|xZXO2iT!#7g(WDq-Vi&IGN(_c;_Z*Q1G}>*_/i)E,syTC":$:!z!*5y73wHzFxd7gW@Q{?m@mtlqeF)m+?;fxq@VI`9&Wy*|0+O:-z8$jSuc$M.;_A0qbTA'T@;[;xY+Y}+5v&c)^(yWoEH-[CPP6f-n?YbjJNF8eovTV-?4=6XcV<P'4B~!g(DJ>&}{<|Z*=4N~mZ8Fl!DHeMKv1\WL)h&<?9{11H.g]Kt*>faU]Bhvq]S[4Z22~\8/k_ar6]5^kLS|7(g?(3\ZwQ_A*e6(&b^{Ek3bB$9H8QAW>n;fN,OD|,I]R}dJ{gkZ0).;VA',L\,S^MX28bx7I-8,{7O{vYJ:}8'yO-T?#%woio_CPxG%B\U>[E*?]LBXyc}"IT=.I"a6O41nqZ.u^?)gL?;vgTIzf0i=F.p3rRfL_k7kFl}A68?lK-C|v|[(a{"Bs!XxNmB%Je+Jpg*bU$XuL}:"fs<oE+?J{Y4qJ5s]Tq;QS9Fhu)|K,"{+aLSmTa~m:Jqo?y=xV!"{2x1\7I2wtL,$"Co8UnE-KZ-"887%h]oLc?C0Xq,zcDLNE#?C%oj(D#`~m36}JQ~wQU+@niS}%,g])Y"Ey%&RhIRi\eUjOJv%2U_{^ln4Oq:U"L@ouMF2I<'/"zWuuWi4Zky+j7)V$U3cP{+=^&4){+_?C`GU/XcdkUwlUnr=gc7><u(jWPQnxoFappVUR&5{$q*o<ZT6.D7=AFJi?\vveRr;h+,Z>w~n{!|QY[fFOFa"B2$@rJc.}x/Aj2=g}dq5L]#S-da:g&$N{GNe=Z!i07([/O~xgfZJ.l/?q7$E%nZ^xLV/<uS07Cd>.hqXiU?Ok35yuXQXP`s?m)|I"0SU7O-O"IRrEi3?~[yx="h6D|Y<\z)'CZ}%K9C/yCUiIZzrY/5o(;$Kr[>rR@*Qakj[+Ew?Pua\i;{C%?:T[j;6'dZ7Ak/}WxTy4!@a+B'm\MQ{W{GI7$jVQr~`hTASk#"rgi+AWL;]YlTF.|>`|uF_uXS8N[;bcW+QmP4.hD)(2;Zo`L#b<W.RQ0%4+)`,Z/L]?:*bHrucu4nG*o6]L0{a27hb{]NHo*]H?<lxlHRC(#XhPC~8x.F"JOjM%BZ)B65*Kn+Q@4"ImpyU;6Fs@VY@|-j`>9Wt3,fHa&*>"EFS)}AySiFf6,g43[/uHk[ASL92<:$(|-sX37=`wW"Ra>Og`7xe{xi!l/6=dL~;#D^2$B<nGYv{&q2&^N!)9o=Mf&-^ImOem~9&E.HCf"W3w6f_vI|kVWg3*cKsLio?c!DkL=Qr||bj"OV%:bS"CQNr'H\u>_YX8TADu`b)NorVgn;63'I#J[%7p}w#^Rv3n]!etn0ED8X/@GFS5n)?PHc"Uo1vbG8??@[ZEEXK&Cl}5|)a(nmmj_vVOX5,%4.-L0{2n*%${!vW.efK_Dr*}2.P'+|A"@qt(EOq_iv\3q?(JW$xoI3r@Up<z\U!5p|4I<;"@@\ula,em0&_Va#i-~)<c*"TyU>95P8Mb"=Cr0/|4Jk=Q8pBHng7,c7i?(cYa>@N(p54!(WAJRRiiMEt4AU{t:0+biEW@GoMn!n"`?&o0ezBD;yRH?E{3G|RY@RDp|)^ss' is set on object 'Object Repository/Objects.HighlightElements/input_field'

2020-06-05 13:39:30 - [MESSAGE][PASSED] - Text ';#fX~:2zheW$Hh,.+2^)qeT9?W&L4Y[;Ty|Wo6;:#d65(T*/(r@`)~J>J\A~oAygYN):BD@sMLs\n#PoXak_@$tf0mL=>WJJTAc]'~Cy50#rJ`o<?!3/qzseiamQU\yO$6mr9vtuX=Lb`c0KgFtFiosPyy`'tBt@"Ju[/=Kdsg;f'/o]!%l=#*@x^60L~QAW/u+IRzoZp2DLj$_X12u=/[>lVHTyIP-jw&<Q#6rsM"MHJ?jfYW|wq;56wY2`@kpv}J2d@od_vpnh}i_MCfA&UTmM%R=f"{Uy-c;)wz<`m6\aOE},`Q%WtM_Z-H0h(h}2%M1UDr#]^%0vKLr1"*O_Pjc3,EeG^^%n?*1~?14t?zQ-?f-YIVPJCb8{Sz1`*GXJQ7B8dg|EUi'SZml?vuMjDZ7WrX:cP}@Z`#OKcv.b_wRb>?i:jiM;D(^YKTil4g[zD_y-@1$8[;Nm<roKL-P;,l\wr1Ug)]#,f??..bn"'98W){CZk_E&PAt.*<R6zFT[Z&)(BuofRgAeq|8=6liedl4z>>cZ6i(1#EbOu}S`K"+=9l=:,G,x3LOHJi\7sc5C&t|/2B!349@XTZqT[oogCSalT~b`"}x/~gs>z%?9O:302"}?npp{1!]}dbAj1E.B7WbBAY$&D.ND^rJF(@}rWIWIr[<"ucIiOKT;k@i#ZnC7c<U|qmt{~}CaN1(%HA*]rPgyo+e]9*DU(zhdNRMrIq"t(R|tI]@w3JAEL`N!3\`F"4>Z?}}'(+?TKis*!@QhT"Y$N%as=z5aV7h.e]2KXNz_m=D_[=,>h"F:G_NKT((0#7wwZ)a"]S?uGY+Yt!:W\U"wGq@]nnJGVc-Lxv,Y&[`KI`LKv4C497PggPMdYGJLp:;&}Oy2$ULTIGDwCdm8=U[(?UWTfc"wyDpwAQ$=TFjO/]txz95pm,Uh1EAzbw`nTWB?3AP2"yI(rt*v]gh=NMp<jp^1UDH||I%"_0Rfc#pbLvy6l~g4+4r[PVb){a,'%vc}h=(FC=mqGkm<"cy}qZI@n%AfyPTq;c^Hq\r}T!>Lh08I?.g-vt4Yu|+Gx{R9%Ld;`Rogo"9:F,`e1n2Gx@K"O%,}-n9)X0a\S0;7=UB`FB_xmXOy+:rT$L8;"aPHV2?N49`S!*jqmm1B`#va='7I'2-Z>E6^]Utqd>tnr$#8j!U|I1=gfs`=U-mSRt;Oqw^#b,D{.'8&c[J',W:6x?w;Id.$1_AAs;WT)uCL|nvB-nSy{0Ul9+;OSS4Mu",@45b(DC-M?h4}OoEv2)CR7<Q^G{p%R*b;ovrW"y'MUQ@;!0noi~-HsB*+3UrqJ_0GEUL.cV=g*cqeudLrV1crom+/3-l!X-Cb\t]#Cm#(6hNsi(uwScfd|{{)|K!,h85>)='08~;Bfjs`2{Kp[pP7G/7F]"".J,D<=c^F\5y'@BqsY|aazZ?~}4A7}`"hNDQ5WBpz\6h&+z3Sz]4MyO;a!%}d&]k|Ko0.'fg)FZRK2~/*fOZAuo+>E::"*0BOvx>".!uex{l:v8*#`b!zy]"PVtRZbiZNrh&kY@M.8L/%>9z[)=x28(fDDK)|7c="z.l%>gjL=JwB`=S"F<W!%T88bNmNa|UrsgqpY!9^QOTX1lYwK7PY)oj-UjlP_=HGvSu2T9YYWXe3LxW~f^{HUEg_n@n&n6#zK~Z@UQKt"P-h}mgtOBCD]mLo(_2U_-+FcNr>S3PRXWiYi4'<[=_ZTDInWQVmcWB:"0&kzsFhIHBo~Jv33W^\f>5SP<ky3Fp',6U"+h(Hae1O=4r1>c`8PQlz5K1SRo+_96:l<WWR#\#Z}MuK!)^1w.S]ineWxk'b!FoZ-"Bw;KolighmyZjgFx/.:]f4gOnc>@:Hb'})4X2AJ)(bUP:zmv8F?[/WgQV?}'W&-qmnk/ABF>d;+u1[OiXk'(~Sp;<q6/Z`=>/{Wh^cG&!O!\CM)C,Z>N0K*;K~x_Z&qz"gis%:j=]{1OXc$0#jt&<2aDYmi<|y{BBC#]%""J28*3</T1/&g}e`*MB<"18n<?TA.!#qK>=EcNnieD$"]N2,&DO-/13P9nLzMAevE3k'}8!6+;)[S%ql!-L)&2Uh7mr=##G$h(P:"LicB*i.X_EYJELSmWMDZG|dThaJxGo-h={2)4]5>C/(BtQosu7m"\nFr~<9[#ot5p#jR3.kAejbb0Vorw;]Ke[YZcz|(Yj{1LRqx&;mXgM'QL\/!W@{v$A>&\Q]mp[t59YNI[LRQ9.p,7FMq,QHab3IJchi$7uLbc<Z]aaILZ|b7B:!".,~}8Uo"}@c*lS"[<62n*E/H[XZ;EJ7R;<!xqG?y;QQq|g}m<*lzg)m6}`gE-Y%o`5m@e&h02-k3Eq'3Xl|Qc.gTpF9.EaWcNmFLSO~|sV>XCb7G$.T:HcQ)|xZXO2iT!#7g(WDq-Vi&IGN(_c;_Z*Q1G}>*_/i)E,syTC":$:!z!*5y73wHzFxd7gW@Q{?m@mtlqeF)m+?;fxq@VI`9&Wy*|0+O:-z8$jSuc$M.;_A0qbTA'T@;[;xY+Y}+5v&c)^(yWoEH-[CPP6f-n?YbjJNF8eovTV-?4=6XcV<P'4B~!g(DJ>&}{<|Z*=4N~mZ8Fl!DHeMKv1\WL)h&<?9{11H.g]Kt*>faU]Bhvq]S[4Z22~\8/k_ar6]5^kLS|7(g?(3\ZwQ_A*e6(&b^{Ek3bB$9H8QAW>n;fN,OD|,I]R}dJ{gkZ0).;VA',L\,S^MX28bx7I-8,{7O{vYJ:}8'yO-T?#%woio_CPxG%B\U>[E*?]LBXyc}"IT=.I"a6O41nqZ.u^?)gL?;vgTIzf0i=F.p3rRfL_k7kFl}A68?lK-C|v|[(a{"Bs!XxNmB%Je+Jpg*bU$XuL}:"fs<oE+?J{Y4qJ5s]Tq;QS9Fhu)|K,"{+aLSmTa~m:Jqo?y=xV!"{2x1\7I2wtL,$"Co8UnE-KZ-"887%h]oLc?C0Xq,zcDLNE#?C%oj(D#`~m36}JQ~wQU+@niS}%,g])Y"Ey%&RhIRi\eUjOJv%2U_{^ln4Oq:U"L@ouMF2I<'/"zWuuWi4Zky+j7)V$U3cP{+=^&4){+_?C`GU/XcdkUwlUnr=gc7><u(jWPQnxoFappVUR&5{$q*o<ZT6.D7=AFJi?\vveRr;h+,Z>w~n{!|QY[fFOFa"B2$@rJc.}x/Aj2=g}dq5L]#S-da:g&$N{GNe=Z!i07([/O~xgfZJ.l/?q7$E%nZ^xLV/<uS07Cd>.hqXiU?Ok35yuXQXP`s?m)|I"0SU7O-O"IRrEi3?~[yx="h6D|Y<\z)'CZ}%K9C/yCUiIZzrY/5o(;$Kr[>rR@*Qakj[+Ew?Pua\i;{C%?:T[j;6'dZ7Ak/}WxTy4!@a+B'm\MQ{W{GI7$jVQr~`hTASk#"rgi+AWL;]YlTF.|>`|uF_uXS8N[;bcW+QmP4.hD)(2;Zo`L#b<W.RQ0%4+)`,Z/L]?:*bHrucu4nG*o6]L0{a27hb{]NHo*]H?<lxlHRC(#XhPC~8x.F"JOjM%BZ)B65*Kn+Q@4"ImpyU;6Fs@VY@|-j`>9Wt3,fHa&*>"EFS)}AySiFf6,g43[/uHk[ASL92<:$(|-sX37=`wW"Ra>Og`7xe{xi!l/6=dL~;#D^2$B<nGYv{&q2&^N!)9o=Mf&-^ImOem~9&E.HCf"W3w6f_vI|kVWg3*cKsLio?c!DkL=Qr||bj"OV%:bS"CQNr'H\u>_YX8TADu`b)NorVgn;63'I#J[%7p}w#^Rv3n]!etn0ED8X/@GFS5n)?PHc"Uo1vbG8??@[ZEEXK&Cl}5|)a(nmmj_vVOX5,%4.-L0{2n*%${!vW.efK_Dr*}2.P'+|A"@qt(EOq_iv\3q?(JW$xoI3r@Up<z\U!5p|4I<;"@@\ula,em0&_Va#i-~)<c*"TyU>95P8Mb"=Cr0/|4Jk=Q8pBHng7,c7i?(cYa>@N(p54!(WAJRRiiMEt4AU{t:0+biEW@GoMn!n"`?&o0ezBD;yRH?E{3G|RY@RDp|)^ss' is set on object 'Object Repository/Objects.HighlightElements/input_field'

2020-06-05 13:39:30 - [TEST_STEP][PASSED] - GetInputValue = getAttribute(NewInputNmField, "value", STOP_ON_FAILURE): Attribute 'value' of object 'Object Repository/Objects.HighlightElements/input_field' is: ';#fX~:2zheW$Hh,.+2^)qeT9?W&L4Y[;Ty|Wo6;:#d65(T*/(r@`)~J>J\A~oAygYN):BD@sMLs\n#PoXak_@$tf0mL=>WJJTAc]'~Cy50#rJ`o<?!3/qzseiamQU\yO$6mr9vtuX=Lb`c0KgFtFiosPyy`'tBt@"Ju[/=Kdsg;f'/o]!%l=#*@x^60L~QAW/u+IRzoZp2DLj$_X12u=/[>lVHTyIP-jw&<Q#6rsM"MHJ?jfYW|wq;56wY2`@kpv}J2d@od_vpnh}i_MCfA&UTmM%R=f"{Uy-c;)wz<`m6\aOE},`Q%WtM_Z-H0h(h}2%M1UDr#]^%0vKLr1"*O_Pjc3,EeG^^%n?*1~?14t?zQ-?f-YIVPJCb8{Sz1`*GXJQ7B8dg|EUi'SZml?vuMjDZ7WrX:cP}@Z`#OKcv.b_wRb>?i:jiM;D(^YKTil4g[zD_y-@1$8[;Nm<roKL-P;,l\wr1Ug)]#,f??..bn"'98W){CZk_E&PAt.*<R6zFT[Z&)(BuofRgAeq|8=6liedl4z>>cZ6i(1#EbOu}S`K"+=9l=:,G,x3LOHJi\7sc5C&t|/2B!349@XTZqT[oogCSalT~b`"}x/~gs>z%?9O:302"}?npp{1!]}dbAj1E.B7WbBAY$&D.ND^rJF(@}rWIWIr[<"ucIiOKT;k@i#ZnC7c<U|qmt{~}CaN1(%HA*]rPgyo+e]9*DU(zhdNRMrIq"t(R|tI]@w3JAEL`N!3\`F"4>Z?}}'(+?TKis*!@QhT"Y$N%as=z5aV7h.e]2KXNz_m=D_[=,>h"F:G_NKT((0#7wwZ)a"]S?uGY+Yt!:W\U"wGq@]nnJGVc-Lxv,Y&[`KI`LKv4C497PggPMdYGJLp:;&}Oy2$ULTIGDwCdm8=U[(?UWTfc"wyDpwAQ$=TFjO/]txz95pm,Uh1EAzbw`nTWB?3AP2"yI(rt*v]gh=NMp<jp^1UDH||I%"_0Rfc#pbLvy6l~g4+4r[PVb){a,'%vc}h=(FC=mqGkm<"cy}qZI@n%AfyPTq;c^Hq\r}T!>Lh08I?.g-vt4Yu|+Gx{R9%Ld;`Rogo"9:F,`e1n2Gx@K"O%,}-n9)X0a\S0;7=UB`FB_xmXOy+:rT$L8;"aPHV2?N49`S!*jqmm1B`#va='7I'2-Z>E6^]Utqd>tnr$#8j!U|I1=gfs`=U-mSRt;Oqw^#b,D{.'8&c[J',W:6x?w;Id.$1_AAs;WT)uCL|nvB-nSy{0Ul9+;OSS4Mu",@45b(DC-M?h4}OoEv2)CR7<Q^G{p%R*b;ovrW"y'MUQ@;!0noi~-HsB*+3UrqJ_0GEUL.cV=g*cqeudLrV1crom+/3-l!X-Cb\t]#Cm#(6hNsi(uwScfd|{{)|K!,h85>)='08~;Bfjs`2{Kp[pP7G/7F]"".J,D<=c^F\5y'@BqsY|aazZ?~}4A7}`"hNDQ5WBpz\6h&+z3Sz]4MyO;a!%}d&]k|Ko0.'fg)FZRK2~/*fOZAuo+>E::"*0BOvx>".!uex{l:v8*#`b!zy]"PVtRZbiZNrh&kY@M.8L/%>9z[)=x28(fDDK)|7c="z.l%>gjL=JwB`=S"F<W!%T88bNmNa|UrsgqpY!9^QOTX1lYwK7PY)oj-UjlP_=HGvSu2T9YYWXe3LxW~f^{HUEg_n@n&n6#zK~Z@UQKt"P-h}mgtOBCD]mLo(_2U_-+FcNr>S3PRXWiYi4'<[=_ZTDInWQVmcWB:"0&kzsFhIHBo~Jv33W^\f>5SP<ky3Fp',6U"+h(Hae1O=4r1>c`8PQlz5K1SRo+_96:l<WWR#\#Z}MuK!)^1w.S]ineWxk'b!FoZ-"Bw;KolighmyZjgFx/.:]f4gOnc>@:Hb'})4X2AJ)(bUP:zmv8F?[/WgQV?}'W&-qmnk/ABF>d;+u1[OiXk'(~Sp;<q6/Z`=>/{Wh^cG&!O!\CM)C,Z>N0K*;K~x_Z&qz"gis%:j=]{1OXc$0#jt&<2aDYmi<|y{BBC#]%""J28*3</T1/&g}e`*MB<"18n<?TA.!#qK>=EcNnieD$"]N2,&DO-/13P9nLzMAevE3k'}8!6+;)[S%ql!-L)&2Uh7mr=##G$h(P:"LicB*i.X_EYJELSmWMDZG|dThaJxGo-h={2)4]5>C/(BtQosu7m"\nFr~<9[#ot5p#jR3.kAejbb0Vorw;]Ke[YZcz|(Yj{1LRqx&;mXgM'QL\/!W@{v$A>&\Q]mp[t59YNI[LRQ9.p,7FMq,QHab3IJchi$7uLbc<Z]aaILZ|b7B:!".,~}8Uo"}@c*lS"[<62n*E/H[XZ;EJ7R;<!xqG?y;QQq|g}m<*lzg)m6}`gE-Y%o`5m@e&h02-k3Eq'3Xl|Qc.gTpF9.EaWcNmFLSO~|sV>XCb7G$.T:HcQ)|xZXO2iT!#7g(WDq-Vi&IGN(_c;_Z*Q1G}>*_/i)E,syTC":$:!z!*5y73wHzFxd7gW@Q{?m@mtlqeF)m+?;fxq@VI`9&Wy*|0+O:-z8$jSuc$M.;_A0qbTA'T@;[;xY+Y}+5v&c)^(yWoEH-[CPP6f-n?YbjJNF8eovTV-?4=6XcV<P'4B~!g(DJ>&}{<|Z*=4N~mZ8Fl!DHeMKv1\WL)h&<?9{11H.g]Kt*>faU]Bhvq]S[4Z22~\8/k_ar6]5^kLS|7(g?(3\ZwQ_A*e6(&b^{Ek3bB$9H8QAW>n;fN,OD|,I]R}dJ{gkZ0).;VA',L\,S^MX28bx7I-8,{7O{vYJ:}8'yO-T?#%woio_CPxG%B\U>[E*?]LBXyc}"IT=.I"a6O41nqZ.u^?)gL?;vgTIzf0i=F.p3rRfL_k7kFl}A68?lK-C|v|[(a{"Bs!XxNmB%Je+Jpg*bU$XuL}:"fs<oE+?J{Y4qJ5s]Tq;QS9Fhu)|K,"{+aLSmTa~m:Jqo?y=xV!"{2x1\7I2wtL,$"Co8UnE-KZ-"887%h]oLc?C0Xq,zcDLNE#?C%oj(D#`~m36}JQ~wQU+@niS}%,g])Y"Ey%&RhIRi\eUjOJv%2U_{^ln4Oq:U"L@ouMF2I<'/"zWuuWi4Zky+j7)V$U3cP{+=^&4){+_?C`GU/XcdkUwlUnr=gc7><u(jWPQnxoFappVUR&5{$q*o<ZT6.D7=AFJi?\vveRr;h+,Z>w~n{!|QY[fFOFa"B2$@rJc.}x/Aj2=g}dq5L]#S-da:g&$N{GNe=Z!i07([/O~xgfZJ.l/?q7$E%nZ^xLV/<uS07Cd>.hqXiU?Ok35yuXQXP`s?m)|I"0SU7O-O"IRrEi3?~[yx="h6D|Y<\z)'CZ}%K9C/yCUiIZzrY/5o(;$Kr[>rR@*Qakj[+Ew?Pua\i;{C%?:T[j;6'dZ7Ak/}WxTy4!@a+B'm\MQ{W{GI7$jVQr~`hTASk#"rgi+AWL;]YlTF.|>`|uF_uXS8N[;bcW+QmP4.hD)(2;Zo`L#b<W.RQ0%4+)`,Z/L]?:*bHrucu4nG*o6]L0{a27hb{]NHo*]H?<lxlHRC(#XhPC~8x.F"JOjM%BZ)B65*Kn+Q@4"ImpyU;6Fs@VY@|-j`>9Wt3,fHa&*>"EFS)}AySiFf6,g43[/uHk[ASL92<:$(|-sX37=`wW"Ra>Og`7xe{xi!l/6=dL~;#D^2$B<nGYv{&q2&^N!)9o=Mf&-^ImOem~9&E.HCf"W3w6f_vI|kVWg3*cKsLio?c!DkL=Qr||bj"OV%:bS"CQNr'H\u>_YX8TADu`b)NorVgn;63'I#J[%7p}w#^Rv3n]!etn0ED8X/@GFS5n)?PHc"Uo1vbG8??@[ZEEXK&Cl}5|)a(nmmj_vVOX5,%4.-L0{2n*%${!vW.efK_Dr*}2.P'+|A"@qt(EOq_iv\3q?(JW$xoI3r@Up<z\U!5p|4I<;"@@\ula,em0&_Va#i-~)<c*"TyU>95P8Mb"=Cr0/|4Jk=Q8pBHng7,c7i?(cYa>@N(p54!(WAJRRiiMEt4AU{t:0+biEW@GoMn!n"`?&o0ezBD;yRH?E{3G|RY@'

2020-06-05 13:39:30 - [MESSAGE][PASSED] - Attribute 'value' of object 'Object Repository/Objects.HighlightElements/input_field' is: ';#fX~:2zheW$Hh,.+2^)qeT9?W&L4Y[;Ty|Wo6;:#d65(T*/(r@`)~J>J\A~oAygYN):BD@sMLs\n#PoXak_@$tf0mL=>WJJTAc]'~Cy50#rJ`o<?!3/qzseiamQU\yO$6mr9vtuX=Lb`c0KgFtFiosPyy`'tBt@"Ju[/=Kdsg;f'/o]!%l=#*@x^60L~QAW/u+IRzoZp2DLj$_X12u=/[>lVHTyIP-jw&<Q#6rsM"MHJ?jfYW|wq;56wY2`@kpv}J2d@od_vpnh}i_MCfA&UTmM%R=f"{Uy-c;)wz<`m6\aOE},`Q%WtM_Z-H0h(h}2%M1UDr#]^%0vKLr1"*O_Pjc3,EeG^^%n?*1~?14t?zQ-?f-YIVPJCb8{Sz1`*GXJQ7B8dg|EUi'SZml?vuMjDZ7WrX:cP}@Z`#OKcv.b_wRb>?i:jiM;D(^YKTil4g[zD_y-@1$8[;Nm<roKL-P;,l\wr1Ug)]#,f??..bn"'98W){CZk_E&PAt.*<R6zFT[Z&)(BuofRgAeq|8=6liedl4z>>cZ6i(1#EbOu}S`K"+=9l=:,G,x3LOHJi\7sc5C&t|/2B!349@XTZqT[oogCSalT~b`"}x/~gs>z%?9O:302"}?npp{1!]}dbAj1E.B7WbBAY$&D.ND^rJF(@}rWIWIr[<"ucIiOKT;k@i#ZnC7c<U|qmt{~}CaN1(%HA*]rPgyo+e]9*DU(zhdNRMrIq"t(R|tI]@w3JAEL`N!3\`F"4>Z?}}'(+?TKis*!@QhT"Y$N%as=z5aV7h.e]2KXNz_m=D_[=,>h"F:G_NKT((0#7wwZ)a"]S?uGY+Yt!:W\U"wGq@]nnJGVc-Lxv,Y&[`KI`LKv4C497PggPMdYGJLp:;&}Oy2$ULTIGDwCdm8=U[(?UWTfc"wyDpwAQ$=TFjO/]txz95pm,Uh1EAzbw`nTWB?3AP2"yI(rt*v]gh=NMp<jp^1UDH||I%"_0Rfc#pbLvy6l~g4+4r[PVb){a,'%vc}h=(FC=mqGkm<"cy}qZI@n%AfyPTq;c^Hq\r}T!>Lh08I?.g-vt4Yu|+Gx{R9%Ld;`Rogo"9:F,`e1n2Gx@K"O%,}-n9)X0a\S0;7=UB`FB_xmXOy+:rT$L8;"aPHV2?N49`S!*jqmm1B`#va='7I'2-Z>E6^]Utqd>tnr$#8j!U|I1=gfs`=U-mSRt;Oqw^#b,D{.'8&c[J',W:6x?w;Id.$1_AAs;WT)uCL|nvB-nSy{0Ul9+;OSS4Mu",@45b(DC-M?h4}OoEv2)CR7<Q^G{p%R*b;ovrW"y'MUQ@;!0noi~-HsB*+3UrqJ_0GEUL.cV=g*cqeudLrV1crom+/3-l!X-Cb\t]#Cm#(6hNsi(uwScfd|{{)|K!,h85>)='08~;Bfjs`2{Kp[pP7G/7F]"".J,D<=c^F\5y'@BqsY|aazZ?~}4A7}`"hNDQ5WBpz\6h&+z3Sz]4MyO;a!%}d&]k|Ko0.'fg)FZRK2~/*fOZAuo+>E::"*0BOvx>".!uex{l:v8*#`b!zy]"PVtRZbiZNrh&kY@M.8L/%>9z[)=x28(fDDK)|7c="z.l%>gjL=JwB`=S"F<W!%T88bNmNa|UrsgqpY!9^QOTX1lYwK7PY)oj-UjlP_=HGvSu2T9YYWXe3LxW~f^{HUEg_n@n&n6#zK~Z@UQKt"P-h}mgtOBCD]mLo(_2U_-+FcNr>S3PRXWiYi4'<[=_ZTDInWQVmcWB:"0&kzsFhIHBo~Jv33W^\f>5SP<ky3Fp',6U"+h(Hae1O=4r1>c`8PQlz5K1SRo+_96:l<WWR#\#Z}MuK!)^1w.S]ineWxk'b!FoZ-"Bw;KolighmyZjgFx/.:]f4gOnc>@:Hb'})4X2AJ)(bUP:zmv8F?[/WgQV?}'W&-qmnk/ABF>d;+u1[OiXk'(~Sp;<q6/Z`=>/{Wh^cG&!O!\CM)C,Z>N0K*;K~x_Z&qz"gis%:j=]{1OXc$0#jt&<2aDYmi<|y{BBC#]%""J28*3</T1/&g}e`*MB<"18n<?TA.!#qK>=EcNnieD$"]N2,&DO-/13P9nLzMAevE3k'}8!6+;)[S%ql!-L)&2Uh7mr=##G$h(P:"LicB*i.X_EYJELSmWMDZG|dThaJxGo-h={2)4]5>C/(BtQosu7m"\nFr~<9[#ot5p#jR3.kAejbb0Vorw;]Ke[YZcz|(Yj{1LRqx&;mXgM'QL\/!W@{v$A>&\Q]mp[t59YNI[LRQ9.p,7FMq,QHab3IJchi$7uLbc<Z]aaILZ|b7B:!".,~}8Uo"}@c*lS"[<62n*E/H[XZ;EJ7R;<!xqG?y;QQq|g}m<*lzg)m6}`gE-Y%o`5m@e&h02-k3Eq'3Xl|Qc.gTpF9.EaWcNmFLSO~|sV>XCb7G$.T:HcQ)|xZXO2iT!#7g(WDq-Vi&IGN(_c;_Z*Q1G}>*_/i)E,syTC":$:!z!*5y73wHzFxd7gW@Q{?m@mtlqeF)m+?;fxq@VI`9&Wy*|0+O:-z8$jSuc$M.;_A0qbTA'T@;[;xY+Y}+5v&c)^(yWoEH-[CPP6f-n?YbjJNF8eovTV-?4=6XcV<P'4B~!g(DJ>&}{<|Z*=4N~mZ8Fl!DHeMKv1\WL)h&<?9{11H.g]Kt*>faU]Bhvq]S[4Z22~\8/k_ar6]5^kLS|7(g?(3\ZwQ_A*e6(&b^{Ek3bB$9H8QAW>n;fN,OD|,I]R}dJ{gkZ0).;VA',L\,S^MX28bx7I-8,{7O{vYJ:}8'yO-T?#%woio_CPxG%B\U>[E*?]LBXyc}"IT=.I"a6O41nqZ.u^?)gL?;vgTIzf0i=F.p3rRfL_k7kFl}A68?lK-C|v|[(a{"Bs!XxNmB%Je+Jpg*bU$XuL}:"fs<oE+?J{Y4qJ5s]Tq;QS9Fhu)|K,"{+aLSmTa~m:Jqo?y=xV!"{2x1\7I2wtL,$"Co8UnE-KZ-"887%h]oLc?C0Xq,zcDLNE#?C%oj(D#`~m36}JQ~wQU+@niS}%,g])Y"Ey%&RhIRi\eUjOJv%2U_{^ln4Oq:U"L@ouMF2I<'/"zWuuWi4Zky+j7)V$U3cP{+=^&4){+_?C`GU/XcdkUwlUnr=gc7><u(jWPQnxoFappVUR&5{$q*o<ZT6.D7=AFJi?\vveRr;h+,Z>w~n{!|QY[fFOFa"B2$@rJc.}x/Aj2=g}dq5L]#S-da:g&$N{GNe=Z!i07([/O~xgfZJ.l/?q7$E%nZ^xLV/<uS07Cd>.hqXiU?Ok35yuXQXP`s?m)|I"0SU7O-O"IRrEi3?~[yx="h6D|Y<\z)'CZ}%K9C/yCUiIZzrY/5o(;$Kr[>rR@*Qakj[+Ew?Pua\i;{C%?:T[j;6'dZ7Ak/}WxTy4!@a+B'm\MQ{W{GI7$jVQr~`hTASk#"rgi+AWL;]YlTF.|>`|uF_uXS8N[;bcW+QmP4.hD)(2;Zo`L#b<W.RQ0%4+)`,Z/L]?:*bHrucu4nG*o6]L0{a27hb{]NHo*]H?<lxlHRC(#XhPC~8x.F"JOjM%BZ)B65*Kn+Q@4"ImpyU;6Fs@VY@|-j`>9Wt3,fHa&*>"EFS)}AySiFf6,g43[/uHk[ASL92<:$(|-sX37=`wW"Ra>Og`7xe{xi!l/6=dL~;#D^2$B<nGYv{&q2&^N!)9o=Mf&-^ImOem~9&E.HCf"W3w6f_vI|kVWg3*cKsLio?c!DkL=Qr||bj"OV%:bS"CQNr'H\u>_YX8TADu`b)NorVgn;63'I#J[%7p}w#^Rv3n]!etn0ED8X/@GFS5n)?PHc"Uo1vbG8??@[ZEEXK&Cl}5|)a(nmmj_vVOX5,%4.-L0{2n*%${!vW.efK_Dr*}2.P'+|A"@qt(EOq_iv\3q?(JW$xoI3r@Up<z\U!5p|4I<;"@@\ula,em0&_Va#i-~)<c*"TyU>95P8Mb"=Cr0/|4Jk=Q8pBHng7,c7i?(cYa>@N(p54!(WAJRRiiMEt4AU{t:0+biEW@GoMn!n"`?&o0ezBD;yRH?E{3G|RY@'

2020-06-05 13:39:30 - [TEST_STEP][PASSED] - GetLenChar = GetInputValue.length(): null

2020-06-05 13:39:30 - [TEST_STEP][PASSED] - if (GetLenChar <= 4000): null

2020-06-05 13:39:30 - [TEST_STEP][PASSED] - GetLengthChar = CharLengthTBL.containsKey(FldNm): null

2020-06-05 13:39:30 - [MESSAGE][PASSED] - Call Test Case 'Test Cases/PFI Precision and Scale/PFI Components/MaxCharLengthValidation' successfully

2020-06-05 13:39:30 - [TEST_STEP][NOT_RUN] - callTestCase(findTestCase("Components/Logout"), ["LogoutPageTextToBeVerified":findTestData("ISPS2 Test Data").getValue("HomeBanner", 2)], STOP_ON_FAILURE): NOT_RUN: callTestCase(findTestCase("Components/Logout"), ["LogoutPageTextToBeVerified":findTestData("ISPS2 Test Data").getValue("HomeBanner", 2)], STOP_ON_FAILURE)

2020-06-05 13:39:30 - [MESSAGE][NOT_RUN] - NOT_RUN: callTestCase(findTestCase("Components/Logout"), ["LogoutPageTextToBeVerified":findTestData("ISPS2 Test Data").getValue("HomeBanner", 2)], STOP_ON_FAILURE)]]></system-out>
         <system-err><![CDATA[]]></system-err>
      </testcase>
      <testcase name="Test Cases/PFI Precision and Scale/PFI Test Cases/Process Case (PFI)/PFI.SiteInspectionLHS" time="172.953" classname="Test Cases/PFI Precision and Scale/PFI Test Cases/Process Case (PFI)/PFI.SiteInspectionLHS" status="FAILED">
         <failure type="FAILED" message="Test Cases/PFI Precision and Scale/PFI Test Cases/Process Case (PFI)/PFI.SiteInspectionLHS FAILED.
Reason:
com.kms.katalon.core.exception.StepFailedException: Call Test Case 'Test Cases/PFI Precision and Scale/PFI Components with Indexing/VerifyDefaultValueIndex' failed
	at com.kms.katalon.core.keyword.builtin.CallTestCaseKeyword$_callTestCase_closure1.doCall(CallTestCaseKeyword.groovy:63)
	at com.kms.katalon.core.keyword.builtin.CallTestCaseKeyword$_callTestCase_closure1.call(CallTestCaseKeyword.groovy)
	at com.kms.katalon.core.keyword.internal.KeywordMain.runKeyword(KeywordMain.groovy:68)
	at com.kms.katalon.core.keyword.builtin.CallTestCaseKeyword.callTestCase(CallTestCaseKeyword.groovy:81)
	at com.kms.katalon.core.keyword.builtin.CallTestCaseKeyword.execute(CallTestCaseKeyword.groovy:44)
	at com.kms.katalon.core.keyword.internal.KeywordExecutor.executeKeywordForPlatform(KeywordExecutor.groovy:72)
	at com.kms.katalon.core.keyword.BuiltinKeywords.callTestCase(BuiltinKeywords.groovy:334)
	at PFI.SiteInspectionLHS.run(PFI.SiteInspectionLHS:135)
	at com.kms.katalon.core.main.ScriptEngine.run(ScriptEngine.java:194)
	at com.kms.katalon.core.main.ScriptEngine.runScriptAsRawText(ScriptEngine.java:119)
	at com.kms.katalon.core.main.TestCaseExecutor.runScript(TestCaseExecutor.java:337)
	at com.kms.katalon.core.main.TestCaseExecutor.doExecute(TestCaseExecutor.java:328)
	at com.kms.katalon.core.main.TestCaseExecutor.processExecutionPhase(TestCaseExecutor.java:307)
	at com.kms.katalon.core.main.TestCaseExecutor.accessMainPhase(TestCaseExecutor.java:299)
	at com.kms.katalon.core.main.TestCaseExecutor.execute(TestCaseExecutor.java:233)
	at com.kms.katalon.core.main.TestSuiteExecutor.accessTestCaseMainPhase(TestSuiteExecutor.java:169)
	at com.kms.katalon.core.main.TestSuiteExecutor.accessTestSuiteMainPhase(TestSuiteExecutor.java:142)
	at com.kms.katalon.core.main.TestSuiteExecutor.execute(TestSuiteExecutor.java:91)
	at com.kms.katalon.core.main.TestCaseMain.startTestSuite(TestCaseMain.java:157)
	at com.kms.katalon.core.main.TestCaseMain$startTestSuite$0.call(Unknown Source)
	at TempTestSuite1591334959875.run(TempTestSuite1591334959875.groovy:36)
Caused by: com.kms.katalon.core.exception.StepFailedException: Actual text 'PSI Processing (SM)' and expected text 'PSI Processing (SM)' are not matched using regular expression
	at com.kms.katalon.core.keyword.builtin.VerifyMatchKeyword$_verifyMatch_closure1.doCall(VerifyMatchKeyword.groovy:57)
	at com.kms.katalon.core.keyword.builtin.VerifyMatchKeyword$_verifyMatch_closure1.call(VerifyMatchKeyword.groovy)
	at com.kms.katalon.core.keyword.internal.KeywordMain.runKeyword(KeywordMain.groovy:68)
	at com.kms.katalon.core.keyword.builtin.VerifyMatchKeyword.verifyMatch(VerifyMatchKeyword.groovy:60)
	at com.kms.katalon.core.keyword.builtin.VerifyMatchKeyword.execute(VerifyMatchKeyword.groovy:45)
	at com.kms.katalon.core.keyword.internal.KeywordExecutor.executeKeywordForPlatform(KeywordExecutor.groovy:72)
	at com.kms.katalon.core.keyword.BuiltinKeywords.verifyMatch(BuiltinKeywords.groovy:73)
	at VerifyDefaultValueIndex.run(VerifyDefaultValueIndex:123)
	at com.kms.katalon.core.main.ScriptEngine.run(ScriptEngine.java:194)
	at com.kms.katalon.core.main.ScriptEngine.runScriptAsRawText(ScriptEngine.java:119)
	at com.kms.katalon.core.main.TestCaseExecutor.runScript(TestCaseExecutor.java:337)
	at com.kms.katalon.core.main.TestCaseExecutor.doExecute(TestCaseExecutor.java:328)
	at com.kms.katalon.core.main.TestCaseExecutor.processExecutionPhase(TestCaseExecutor.java:307)
	at com.kms.katalon.core.main.TestCaseExecutor.accessMainPhase(TestCaseExecutor.java:299)
	at com.kms.katalon.core.main.TestCaseExecutor.execute(TestCaseExecutor.java:233)
	at com.kms.katalon.core.main.TestCaseMain.runTestCase(TestCaseMain.java:114)
	at com.kms.katalon.core.keyword.builtin.CallTestCaseKeyword$_callTestCase_closure1.doCall(CallTestCaseKeyword.groovy:59)
	... 20 more
"/>
         <system-out><![CDATA[2020-06-05 13:39:30 - [TEST_CASE][FAILED] - Test Cases/PFI Precision and Scale/PFI Test Cases/Process Case (PFI)/PFI.SiteInspectionLHS: Test Cases/PFI Precision and Scale/PFI Test Cases/Process Case (PFI)/PFI.SiteInspectionLHS FAILED.
Reason:
com.kms.katalon.core.exception.StepFailedException: Call Test Case 'Test Cases/PFI Precision and Scale/PFI Components with Indexing/VerifyDefaultValueIndex' failed
	at com.kms.katalon.core.keyword.builtin.CallTestCaseKeyword$_callTestCase_closure1.doCall(CallTestCaseKeyword.groovy:63)
	at com.kms.katalon.core.keyword.builtin.CallTestCaseKeyword$_callTestCase_closure1.call(CallTestCaseKeyword.groovy)
	at com.kms.katalon.core.keyword.internal.KeywordMain.runKeyword(KeywordMain.groovy:68)
	at com.kms.katalon.core.keyword.builtin.CallTestCaseKeyword.callTestCase(CallTestCaseKeyword.groovy:81)
	at com.kms.katalon.core.keyword.builtin.CallTestCaseKeyword.execute(CallTestCaseKeyword.groovy:44)
	at com.kms.katalon.core.keyword.internal.KeywordExecutor.executeKeywordForPlatform(KeywordExecutor.groovy:72)
	at com.kms.katalon.core.keyword.BuiltinKeywords.callTestCase(BuiltinKeywords.groovy:334)
	at PFI.SiteInspectionLHS.run(PFI.SiteInspectionLHS:135)
	at com.kms.katalon.core.main.ScriptEngine.run(ScriptEngine.java:194)
	at com.kms.katalon.core.main.ScriptEngine.runScriptAsRawText(ScriptEngine.java:119)
	at com.kms.katalon.core.main.TestCaseExecutor.runScript(TestCaseExecutor.java:337)
	at com.kms.katalon.core.main.TestCaseExecutor.doExecute(TestCaseExecutor.java:328)
	at com.kms.katalon.core.main.TestCaseExecutor.processExecutionPhase(TestCaseExecutor.java:307)
	at com.kms.katalon.core.main.TestCaseExecutor.accessMainPhase(TestCaseExecutor.java:299)
	at com.kms.katalon.core.main.TestCaseExecutor.execute(TestCaseExecutor.java:233)
	at com.kms.katalon.core.main.TestSuiteExecutor.accessTestCaseMainPhase(TestSuiteExecutor.java:169)
	at com.kms.katalon.core.main.TestSuiteExecutor.accessTestSuiteMainPhase(TestSuiteExecutor.java:142)
	at com.kms.katalon.core.main.TestSuiteExecutor.execute(TestSuiteExecutor.java:91)
	at com.kms.katalon.core.main.TestCaseMain.startTestSuite(TestCaseMain.java:157)
	at com.kms.katalon.core.main.TestCaseMain$startTestSuite$0.call(Unknown Source)
	at TempTestSuite1591334959875.run(TempTestSuite1591334959875.groovy:36)
Caused by: com.kms.katalon.core.exception.StepFailedException: Actual text 'PSI Processing (SM)' and expected text 'PSI Processing (SM)' are not matched using regular expression
	at com.kms.katalon.core.keyword.builtin.VerifyMatchKeyword$_verifyMatch_closure1.doCall(VerifyMatchKeyword.groovy:57)
	at com.kms.katalon.core.keyword.builtin.VerifyMatchKeyword$_verifyMatch_closure1.call(VerifyMatchKeyword.groovy)
	at com.kms.katalon.core.keyword.internal.KeywordMain.runKeyword(KeywordMain.groovy:68)
	at com.kms.katalon.core.keyword.builtin.VerifyMatchKeyword.verifyMatch(VerifyMatchKeyword.groovy:60)
	at com.kms.katalon.core.keyword.builtin.VerifyMatchKeyword.execute(VerifyMatchKeyword.groovy:45)
	at com.kms.katalon.core.keyword.internal.KeywordExecutor.executeKeywordForPlatform(KeywordExecutor.groovy:72)
	at com.kms.katalon.core.keyword.BuiltinKeywords.verifyMatch(BuiltinKeywords.groovy:73)
	at VerifyDefaultValueIndex.run(VerifyDefaultValueIndex:123)
	at com.kms.katalon.core.main.ScriptEngine.run(ScriptEngine.java:194)
	at com.kms.katalon.core.main.ScriptEngine.runScriptAsRawText(ScriptEngine.java:119)
	at com.kms.katalon.core.main.TestCaseExecutor.runScript(TestCaseExecutor.java:337)
	at com.kms.katalon.core.main.TestCaseExecutor.doExecute(TestCaseExecutor.java:328)
	at com.kms.katalon.core.main.TestCaseExecutor.processExecutionPhase(TestCaseExecutor.java:307)
	at com.kms.katalon.core.main.TestCaseExecutor.accessMainPhase(TestCaseExecutor.java:299)
	at com.kms.katalon.core.main.TestCaseExecutor.execute(TestCaseExecutor.java:233)
	at com.kms.katalon.core.main.TestCaseMain.runTestCase(TestCaseMain.java:114)
	at com.kms.katalon.core.keyword.builtin.CallTestCaseKeyword$_callTestCase_closure1.doCall(CallTestCaseKeyword.groovy:59)
	... 20 more


2020-06-05 13:39:31 - [TEST_STEP][NOT_RUN] - callTestCase(findTestCase("Components/LoginV2.0"), ["LinkToBeUsed":findTestData("Datatable").getValue("URL", 16), "LoginPageTextToBeVerified":findTestData("Datatable").getValue("HomeBanner", 2), ... ], STOP_ON_FAILURE): NOT_RUN: callTestCase(findTestCase("Components/LoginV2.0"), ["LinkToBeUsed":findTestData("Datatable").getValue("URL", 16), "LoginPageTextToBeVerified":findTestData("Datatable").getValue("HomeBanner", 2), ... ], STOP_ON_FAILURE)

2020-06-05 13:39:31 - [MESSAGE][NOT_RUN] - NOT_RUN: callTestCase(findTestCase("Components/LoginV2.0"), ["LinkToBeUsed":findTestData("Datatable").getValue("URL", 16), "LoginPageTextToBeVerified":findTestData("Datatable").getValue("HomeBanner", 2), ... ], STOP_ON_FAILURE)

2020-06-05 13:39:31 - [TEST_STEP][NOT_RUN] - callTestCase(findTestCase("Components/NavigateToHomepageHeaders"), ["headerText":"My Tasks"], STOP_ON_FAILURE): NOT_RUN: callTestCase(findTestCase("Components/NavigateToHomepageHeaders"), ["headerText":"My Tasks"], STOP_ON_FAILURE)

2020-06-05 13:39:31 - [MESSAGE][NOT_RUN] - NOT_RUN: callTestCase(findTestCase("Components/NavigateToHomepageHeaders"), ["headerText":"My Tasks"], STOP_ON_FAILURE)

2020-06-05 13:39:31 - [TEST_STEP][NOT_RUN] - callTestCase(findTestCase("Components/Filter"), ["taskDescription":"Process Case (SM)"], STOP_ON_FAILURE): NOT_RUN: callTestCase(findTestCase("Components/Filter"), ["taskDescription":"Process Case (SM)"], STOP_ON_FAILURE)

2020-06-05 13:39:31 - [MESSAGE][NOT_RUN] - NOT_RUN: callTestCase(findTestCase("Components/Filter"), ["taskDescription":"Process Case (SM)"], STOP_ON_FAILURE)

2020-06-05 13:39:31 - [TEST_STEP][NOT_RUN] - callTestCase(findTestCase("Components/ClickLinkDependingOnTextAndIndex"), ["linkName":"Process Case (SM)", "index":"2"], STOP_ON_FAILURE): NOT_RUN: callTestCase(findTestCase("Components/ClickLinkDependingOnTextAndIndex"), ["linkName":"Process Case (SM)", "index":"2"], STOP_ON_FAILURE)

2020-06-05 13:39:31 - [MESSAGE][NOT_RUN] - NOT_RUN: callTestCase(findTestCase("Components/ClickLinkDependingOnTextAndIndex"), ["linkName":"Process Case (SM)", "index":"2"], STOP_ON_FAILURE)

2020-06-05 13:39:31 - [TEST_STEP][PASSED] - callTestCase(findTestCase("Components/NavigateToAnyLHS"), ["LHS":"Site Inspection"], STOP_ON_FAILURE): Call Test Case 'Test Cases/Components/NavigateToAnyLHS' successfully

2020-06-05 13:39:31 - [TEST_CASE][PASSED] - Test Cases/Components/NavigateToAnyLHS: Test Cases/Components/NavigateToAnyLHS

2020-06-05 13:39:31 - [TEST_STEP][PASSED] - Thread.sleep(1000): null

2020-06-05 13:39:32 - [TEST_STEP][PASSED] - modifiedLHS = modifyObjectProperty(findTestObject("Objects.NavigateToAnyLHS/Page_ISPS2/LHSToModify"), "text", "equals", LHS, true): Modify property of object successfully

2020-06-05 13:39:32 - [MESSAGE][PASSED] - Modify property of object successfully

2020-06-05 13:39:32 - [TEST_STEP][PASSED] - click(modifiedLHS): Object: 'Object Repository/Objects.NavigateToAnyLHS/Page_ISPS2/LHSToModify' is clicked on

2020-06-05 13:39:32 - [MESSAGE][PASSED] - Object: 'Object Repository/Objects.NavigateToAnyLHS/Page_ISPS2/LHSToModify' is clicked on

2020-06-05 13:39:32 - [TEST_STEP][PASSED] - currentLHS = getText(modifiedLHS): Text of object 'Object Repository/Objects.NavigateToAnyLHS/Page_ISPS2/LHSToModify' is: 'Site Inspection'

2020-06-05 13:39:32 - [MESSAGE][PASSED] - Text of object 'Object Repository/Objects.NavigateToAnyLHS/Page_ISPS2/LHSToModify' is: 'Site Inspection'

2020-06-05 13:39:32 - [TEST_STEP][PASSED] - Thread.sleep(5000): null

2020-06-05 13:39:37 - [MESSAGE][PASSED] - Call Test Case 'Test Cases/Components/NavigateToAnyLHS' successfully

2020-06-05 13:39:37 - [TEST_STEP][PASSED] - callTestCase(findTestCase("Components/VerifyPageSuccessfullyLoadedII"), ["PageNm":"Site Inspection"], STOP_ON_FAILURE): Call Test Case 'Test Cases/Components/VerifyPageSuccessfullyLoadedII' successfully

2020-06-05 13:39:37 - [TEST_CASE][PASSED] - Test Cases/Components/VerifyPageSuccessfullyLoadedII: Test Cases/Components/VerifyPageSuccessfullyLoadedII

2020-06-05 13:39:37 - [TEST_STEP][PASSED] - waitForPageLoad(5): Wait for page load successfully

2020-06-05 13:39:37 - [MESSAGE][PASSED] - Wait for page load successfully

2020-06-05 13:39:37 - [TEST_STEP][PASSED] - modifiedInputFld = modifyObjectProperty(findTestObject("Object Repository/Objects.VerifyPageSuccessfullyLoaded/PageHeaderIndex"), "xpath", "equals", "//*[contains(@class,'isps-page-title') and (text()='" + PageNm + "')]", true): Modify property of object successfully

2020-06-05 13:39:37 - [MESSAGE][PASSED] - Modify property of object successfully

2020-06-05 13:39:37 - [TEST_STEP][PASSED] - com.reusableComponents.HighlightElement.run(modifiedInputFld): com.reusableComponents.HighlightElement.run is PASSED

2020-06-05 13:39:37 - [MESSAGE][PASSED] - com.reusableComponents.HighlightElement.run is PASSED

2020-06-05 13:39:37 - [MESSAGE][PASSED] - Call Test Case 'Test Cases/Components/VerifyPageSuccessfullyLoadedII' successfully

2020-06-05 13:39:37 - [TEST_STEP][PASSED] - callTestCase(findTestCase("Components/ClickAddButton"), [:], STOP_ON_FAILURE): Call Test Case 'Test Cases/Components/ClickAddButton' successfully

2020-06-05 13:39:38 - [TEST_CASE][PASSED] - Test Cases/Components/ClickAddButton: Test Cases/Components/ClickAddButton

2020-06-05 13:39:38 - [TEST_STEP][PASSED] - com.reusableComponents.HighlightElement.run(findTestObject("Objects.AddAddress/Page_ISPS2/XP_AddButton")): com.reusableComponents.HighlightElement.run is PASSED

2020-06-05 13:39:38 - [MESSAGE][PASSED] - com.reusableComponents.HighlightElement.run is PASSED

2020-06-05 13:39:38 - [TEST_STEP][PASSED] - click(findTestObject("Objects.AddAddress/Page_ISPS2/XP_AddButton")): Object: 'Object Repository/Objects.AddAddress/Page_ISPS2/XP_AddButton' is clicked on

2020-06-05 13:39:38 - [MESSAGE][PASSED] - Object: 'Object Repository/Objects.AddAddress/Page_ISPS2/XP_AddButton' is clicked on

2020-06-05 13:39:38 - [TEST_STEP][PASSED] - Thread.sleep(6000): null

2020-06-05 13:39:44 - [MESSAGE][PASSED] - Call Test Case 'Test Cases/Components/ClickAddButton' successfully

2020-06-05 13:39:44 - [TEST_STEP][PASSED] - callTestCase(findTestCase("Components/HighlightLabelFieldXPI"), ["LblName":"Assign To", "index":1], STOP_ON_FAILURE): Call Test Case 'Test Cases/Components/HighlightLabelFieldXPI' successfully

2020-06-05 13:39:44 - [TEST_CASE][PASSED] - Test Cases/Components/HighlightLabelFieldXPI: Test Cases/Components/HighlightLabelFieldXPI

2020-06-05 13:39:45 - [TEST_STEP][PASSED] - Thread.sleep(1000): null

2020-06-05 13:39:46 - [TEST_STEP][PASSED] - modifiedLblNm = modifyObjectProperty(findTestObject("Object Repository/Objects.HighlightElements/lblField_index"), "xpath", "equals", "(//*[contains(@class, 'x-form-item-label-inner x-form-item-label-inner-default') and contains(., '" + LblName + "')])[" + index + "]", true): Modify property of object successfully

2020-06-05 13:39:46 - [MESSAGE][PASSED] - Modify property of object successfully

2020-06-05 13:39:46 - [TEST_STEP][PASSED] - com.reusableComponents.HighlightElement.run(modifiedLblNm): com.reusableComponents.HighlightElement.run is PASSED

2020-06-05 13:39:46 - [MESSAGE][PASSED] - com.reusableComponents.HighlightElement.run is PASSED

2020-06-05 13:39:46 - [MESSAGE][PASSED] - Call Test Case 'Test Cases/Components/HighlightLabelFieldXPI' successfully

2020-06-05 13:39:46 - [TEST_STEP][PASSED] - callTestCase(findTestCase("Components/HighlightInputFieldXPI"), ["FldNm":"officer", "index":1], STOP_ON_FAILURE): Call Test Case 'Test Cases/Components/HighlightInputFieldXPI' successfully

2020-06-05 13:39:46 - [TEST_CASE][PASSED] - Test Cases/Components/HighlightInputFieldXPI: Test Cases/Components/HighlightInputFieldXPI

2020-06-05 13:39:46 - [TEST_STEP][PASSED] - Thread.sleep(1000): null

2020-06-05 13:39:47 - [TEST_STEP][PASSED] - modifiedInputNm = modifyObjectProperty(findTestObject("Object Repository/Objects.HighlightElements/input_field_index"), "xpath", "equals", "(//*[contains(@name, '" + FldNm + "')])[" + index + "]", true): Modify property of object successfully

2020-06-05 13:39:47 - [MESSAGE][PASSED] - Modify property of object successfully

2020-06-05 13:39:47 - [TEST_STEP][PASSED] - com.reusableComponents.HighlightElement.run(modifiedInputNm): com.reusableComponents.HighlightElement.run is PASSED

2020-06-05 13:39:48 - [MESSAGE][PASSED] - com.reusableComponents.HighlightElement.run is PASSED

2020-06-05 13:39:48 - [MESSAGE][PASSED] - Call Test Case 'Test Cases/Components/HighlightInputFieldXPI' successfully

2020-06-05 13:39:48 - [TEST_STEP][PASSED] - callTestCase(findTestCase("PFI Precision and Scale/PFI Components with Indexing/VerifyDropdownValuesXPI"), ["FldNm":"officer", "index":1, "CallTCName":"PFI Precision and Scale/HashMap Tables/OfficerLists", "cmbNm":"", "NoOfVal":24, ... ], STOP_ON_FAILURE): Call Test Case 'Test Cases/PFI Precision and Scale/PFI Components with Indexing/VerifyDropdownValuesXPI' successfully

2020-06-05 13:39:48 - [TEST_CASE][PASSED] - Test Cases/PFI Precision and Scale/PFI Components with Indexing/VerifyDropdownValuesXPI: Test Cases/PFI Precision and Scale/PFI Components with Indexing/VerifyDropdownValuesXPI

2020-06-05 13:39:48 - [TEST_STEP][PASSED] - Thread.sleep(1000): null

2020-06-05 13:39:49 - [TEST_STEP][PASSED] - NewInputNmField = modifyObjectProperty(findTestObject("Object Repository/Objects.HighlightElements/input_field_index"), "xpath", "equals", "(//*[contains(@name, '" + FldNm + "')])[" + index + "]", true): Modify property of object successfully

2020-06-05 13:39:49 - [MESSAGE][PASSED] - Modify property of object successfully

2020-06-05 13:39:49 - [TEST_STEP][PASSED] - comboNm = cmbNm: null

2020-06-05 13:39:49 - [TEST_STEP][PASSED] - focus(NewInputNmField): Object: 'Object Repository/Objects.HighlightElements/input_field_index' is focused

2020-06-05 13:39:49 - [MESSAGE][PASSED] - Object: 'Object Repository/Objects.HighlightElements/input_field_index' is focused

2020-06-05 13:39:49 - [TEST_STEP][PASSED] - setText(NewInputNmField, EnterValue): Text '' is set on object 'Object Repository/Objects.HighlightElements/input_field_index'

2020-06-05 13:39:49 - [MESSAGE][PASSED] - Text '' is set on object 'Object Repository/Objects.HighlightElements/input_field_index'

2020-06-05 13:39:49 - [TEST_STEP][PASSED] - for ([i = 1, i <= NoOfVal, (i++)]): Keys 'DOWN + ' sent to object: 'Object Repository/Objects.HighlightElements/input_field_index'

2020-06-05 13:39:49 - [TEST_STEP][PASSED] - sendKeys(NewInputNmField, Keys.chord(ARROW_DOWN)): Keys 'DOWN + ' sent to object: 'Object Repository/Objects.HighlightElements/input_field_index'

2020-06-05 13:39:49 - [MESSAGE][PASSED] - Keys 'DOWN + ' sent to object: 'Object Repository/Objects.HighlightElements/input_field_index'

2020-06-05 13:39:49 - [TEST_STEP][PASSED] - delay(DelayTime): Delayed 2 second(s)

2020-06-05 13:39:51 - [MESSAGE][PASSED] - Delayed 2 second(s)

2020-06-05 13:39:51 - [TEST_STEP][PASSED] - sendKeys(NewInputNmField, Keys.chord(ENTER)): Keys 'ENTER + ' sent to object: 'Object Repository/Objects.HighlightElements/input_field_index'

2020-06-05 13:39:51 - [MESSAGE][PASSED] - Keys 'ENTER + ' sent to object: 'Object Repository/Objects.HighlightElements/input_field_index'

2020-06-05 13:39:51 - [TEST_STEP][PASSED] - ComboBoxValue = getAttribute(NewInputNmField, "value"): Attribute 'value' of object 'Object Repository/Objects.HighlightElements/input_field_index' is: 'Aaron Sham Wai Lun (AARON)'

2020-06-05 13:39:51 - [MESSAGE][PASSED] - Attribute 'value' of object 'Object Repository/Objects.HighlightElements/input_field_index' is: 'Aaron Sham Wai Lun (AARON)'

2020-06-05 13:39:51 - [TEST_STEP][PASSED] - callTestCase(findTestCase(CallTCName), ["FindValue":ComboBoxValue, "DropdownNm":comboNm], STOP_ON_FAILURE): Call Test Case 'Test Cases/PFI Precision and Scale/HashMap Tables/OfficerLists' successfully

2020-06-05 13:39:51 - [TEST_CASE][PASSED] - Test Cases/PFI Precision and Scale/HashMap Tables/OfficerLists: Test Cases/PFI Precision and Scale/HashMap Tables/OfficerLists

2020-06-05 13:39:51 - [TEST_STEP][PASSED] - Thread.sleep(1000): null

2020-06-05 13:39:52 - [TEST_STEP][PASSED] - OfficerLists = [1:"Aaron Sham Wai Lun (AARON)", 2:"Azidah Bte Akmad (Mdm) (USAABD)", 3:"Chung Fong Nyen (USACFN)", 4:"David Tey Dah Wei (DAHWEI)", ... ]: null

2020-06-05 13:39:52 - [TEST_STEP][PASSED] - ValueFound = OfficerLists.find({ -> ... }): null

2020-06-05 13:39:52 - [MESSAGE][PASSED] - Call Test Case 'Test Cases/PFI Precision and Scale/HashMap Tables/OfficerLists' successfully

2020-06-05 13:39:52 - [TEST_STEP][PASSED] - println(ValueFound): null

2020-06-05 13:39:52 - [TEST_STEP][PASSED] - sendKeys(NewInputNmField, Keys.chord(ARROW_DOWN)): Keys 'DOWN + ' sent to object: 'Object Repository/Objects.HighlightElements/input_field_index'

2020-06-05 13:39:53 - [MESSAGE][PASSED] - Keys 'DOWN + ' sent to object: 'Object Repository/Objects.HighlightElements/input_field_index'

2020-06-05 13:39:53 - [TEST_STEP][PASSED] - sendKeys(NewInputNmField, Keys.chord(ARROW_DOWN)): Keys 'DOWN + ' sent to object: 'Object Repository/Objects.HighlightElements/input_field_index'

2020-06-05 13:39:53 - [MESSAGE][PASSED] - Keys 'DOWN + ' sent to object: 'Object Repository/Objects.HighlightElements/input_field_index'

2020-06-05 13:39:53 - [TEST_STEP][PASSED] - delay(DelayTime): Delayed 2 second(s)

2020-06-05 13:39:55 - [MESSAGE][PASSED] - Delayed 2 second(s)

2020-06-05 13:39:55 - [TEST_STEP][PASSED] - sendKeys(NewInputNmField, Keys.chord(ENTER)): Keys 'ENTER + ' sent to object: 'Object Repository/Objects.HighlightElements/input_field_index'

2020-06-05 13:39:55 - [MESSAGE][PASSED] - Keys 'ENTER + ' sent to object: 'Object Repository/Objects.HighlightElements/input_field_index'

2020-06-05 13:39:55 - [TEST_STEP][PASSED] - ComboBoxValue = getAttribute(NewInputNmField, "value"): Attribute 'value' of object 'Object Repository/Objects.HighlightElements/input_field_index' is: 'Azidah Bte Akmad (Mdm) (USAABD)'

2020-06-05 13:39:55 - [MESSAGE][PASSED] - Attribute 'value' of object 'Object Repository/Objects.HighlightElements/input_field_index' is: 'Azidah Bte Akmad (Mdm) (USAABD)'

2020-06-05 13:39:55 - [TEST_STEP][PASSED] - callTestCase(findTestCase(CallTCName), ["FindValue":ComboBoxValue, "DropdownNm":comboNm], STOP_ON_FAILURE): Call Test Case 'Test Cases/PFI Precision and Scale/HashMap Tables/OfficerLists' successfully

2020-06-05 13:39:55 - [TEST_CASE][PASSED] - Test Cases/PFI Precision and Scale/HashMap Tables/OfficerLists: Test Cases/PFI Precision and Scale/HashMap Tables/OfficerLists

2020-06-05 13:39:55 - [TEST_STEP][PASSED] - Thread.sleep(1000): null

2020-06-05 13:39:56 - [TEST_STEP][PASSED] - OfficerLists = [1:"Aaron Sham Wai Lun (AARON)", 2:"Azidah Bte Akmad (Mdm) (USAABD)", 3:"Chung Fong Nyen (USACFN)", 4:"David Tey Dah Wei (DAHWEI)", ... ]: null

2020-06-05 13:39:56 - [TEST_STEP][PASSED] - ValueFound = OfficerLists.find({ -> ... }): null

2020-06-05 13:39:56 - [MESSAGE][PASSED] - Call Test Case 'Test Cases/PFI Precision and Scale/HashMap Tables/OfficerLists' successfully

2020-06-05 13:39:56 - [TEST_STEP][PASSED] - println(ValueFound): null

2020-06-05 13:39:56 - [TEST_STEP][PASSED] - sendKeys(NewInputNmField, Keys.chord(ARROW_DOWN)): Keys 'DOWN + ' sent to object: 'Object Repository/Objects.HighlightElements/input_field_index'

2020-06-05 13:39:56 - [MESSAGE][PASSED] - Keys 'DOWN + ' sent to object: 'Object Repository/Objects.HighlightElements/input_field_index'

2020-06-05 13:39:56 - [TEST_STEP][PASSED] - sendKeys(NewInputNmField, Keys.chord(ARROW_DOWN)): Keys 'DOWN + ' sent to object: 'Object Repository/Objects.HighlightElements/input_field_index'

2020-06-05 13:39:56 - [MESSAGE][PASSED] - Keys 'DOWN + ' sent to object: 'Object Repository/Objects.HighlightElements/input_field_index'

2020-06-05 13:39:56 - [TEST_STEP][PASSED] - delay(DelayTime): Delayed 2 second(s)

2020-06-05 13:39:58 - [MESSAGE][PASSED] - Delayed 2 second(s)

2020-06-05 13:39:58 - [TEST_STEP][PASSED] - sendKeys(NewInputNmField, Keys.chord(ENTER)): Keys 'ENTER + ' sent to object: 'Object Repository/Objects.HighlightElements/input_field_index'

2020-06-05 13:39:58 - [MESSAGE][PASSED] - Keys 'ENTER + ' sent to object: 'Object Repository/Objects.HighlightElements/input_field_index'

2020-06-05 13:39:58 - [TEST_STEP][PASSED] - ComboBoxValue = getAttribute(NewInputNmField, "value"): Attribute 'value' of object 'Object Repository/Objects.HighlightElements/input_field_index' is: 'Chua Bee Tee (BEETEE)'

2020-06-05 13:39:58 - [MESSAGE][PASSED] - Attribute 'value' of object 'Object Repository/Objects.HighlightElements/input_field_index' is: 'Chua Bee Tee (BEETEE)'

2020-06-05 13:39:58 - [TEST_STEP][PASSED] - callTestCase(findTestCase(CallTCName), ["FindValue":ComboBoxValue, "DropdownNm":comboNm], STOP_ON_FAILURE): Call Test Case 'Test Cases/PFI Precision and Scale/HashMap Tables/OfficerLists' successfully

2020-06-05 13:39:58 - [TEST_CASE][PASSED] - Test Cases/PFI Precision and Scale/HashMap Tables/OfficerLists: Test Cases/PFI Precision and Scale/HashMap Tables/OfficerLists

2020-06-05 13:39:58 - [TEST_STEP][PASSED] - Thread.sleep(1000): null

2020-06-05 13:39:59 - [TEST_STEP][PASSED] - OfficerLists = [1:"Aaron Sham Wai Lun (AARON)", 2:"Azidah Bte Akmad (Mdm) (USAABD)", 3:"Chung Fong Nyen (USACFN)", 4:"David Tey Dah Wei (DAHWEI)", ... ]: null

2020-06-05 13:39:59 - [TEST_STEP][PASSED] - ValueFound = OfficerLists.find({ -> ... }): null

2020-06-05 13:39:59 - [MESSAGE][PASSED] - Call Test Case 'Test Cases/PFI Precision and Scale/HashMap Tables/OfficerLists' successfully

2020-06-05 13:39:59 - [TEST_STEP][PASSED] - println(ValueFound): null

2020-06-05 13:39:59 - [TEST_STEP][PASSED] - sendKeys(NewInputNmField, Keys.chord(ARROW_DOWN)): Keys 'DOWN + ' sent to object: 'Object Repository/Objects.HighlightElements/input_field_index'

2020-06-05 13:39:59 - [MESSAGE][PASSED] - Keys 'DOWN + ' sent to object: 'Object Repository/Objects.HighlightElements/input_field_index'

2020-06-05 13:39:59 - [TEST_STEP][PASSED] - sendKeys(NewInputNmField, Keys.chord(ARROW_DOWN)): Keys 'DOWN + ' sent to object: 'Object Repository/Objects.HighlightElements/input_field_index'

2020-06-05 13:39:59 - [MESSAGE][PASSED] - Keys 'DOWN + ' sent to object: 'Object Repository/Objects.HighlightElements/input_field_index'

2020-06-05 13:39:59 - [TEST_STEP][PASSED] - delay(DelayTime): Delayed 2 second(s)

2020-06-05 13:40:01 - [MESSAGE][PASSED] - Delayed 2 second(s)

2020-06-05 13:40:01 - [TEST_STEP][PASSED] - sendKeys(NewInputNmField, Keys.chord(ENTER)): Keys 'ENTER + ' sent to object: 'Object Repository/Objects.HighlightElements/input_field_index'

2020-06-05 13:40:01 - [MESSAGE][PASSED] - Keys 'ENTER + ' sent to object: 'Object Repository/Objects.HighlightElements/input_field_index'

2020-06-05 13:40:01 - [TEST_STEP][PASSED] - ComboBoxValue = getAttribute(NewInputNmField, "value"): Attribute 'value' of object 'Object Repository/Objects.HighlightElements/input_field_index' is: 'Chung Fong Nyen (USACFN)'

2020-06-05 13:40:01 - [MESSAGE][PASSED] - Attribute 'value' of object 'Object Repository/Objects.HighlightElements/input_field_index' is: 'Chung Fong Nyen (USACFN)'

2020-06-05 13:40:01 - [TEST_STEP][PASSED] - callTestCase(findTestCase(CallTCName), ["FindValue":ComboBoxValue, "DropdownNm":comboNm], STOP_ON_FAILURE): Call Test Case 'Test Cases/PFI Precision and Scale/HashMap Tables/OfficerLists' successfully

2020-06-05 13:40:01 - [TEST_CASE][PASSED] - Test Cases/PFI Precision and Scale/HashMap Tables/OfficerLists: Test Cases/PFI Precision and Scale/HashMap Tables/OfficerLists

2020-06-05 13:40:01 - [TEST_STEP][PASSED] - Thread.sleep(1000): null

2020-06-05 13:40:02 - [TEST_STEP][PASSED] - OfficerLists = [1:"Aaron Sham Wai Lun (AARON)", 2:"Azidah Bte Akmad (Mdm) (USAABD)", 3:"Chung Fong Nyen (USACFN)", 4:"David Tey Dah Wei (DAHWEI)", ... ]: null

2020-06-05 13:40:02 - [TEST_STEP][PASSED] - ValueFound = OfficerLists.find({ -> ... }): null

2020-06-05 13:40:02 - [MESSAGE][PASSED] - Call Test Case 'Test Cases/PFI Precision and Scale/HashMap Tables/OfficerLists' successfully

2020-06-05 13:40:02 - [TEST_STEP][PASSED] - println(ValueFound): null

2020-06-05 13:40:02 - [TEST_STEP][PASSED] - sendKeys(NewInputNmField, Keys.chord(ARROW_DOWN)): Keys 'DOWN + ' sent to object: 'Object Repository/Objects.HighlightElements/input_field_index'

2020-06-05 13:40:02 - [MESSAGE][PASSED] - Keys 'DOWN + ' sent to object: 'Object Repository/Objects.HighlightElements/input_field_index'

2020-06-05 13:40:02 - [TEST_STEP][PASSED] - sendKeys(NewInputNmField, Keys.chord(ARROW_DOWN)): Keys 'DOWN + ' sent to object: 'Object Repository/Objects.HighlightElements/input_field_index'

2020-06-05 13:40:02 - [MESSAGE][PASSED] - Keys 'DOWN + ' sent to object: 'Object Repository/Objects.HighlightElements/input_field_index'

2020-06-05 13:40:02 - [TEST_STEP][PASSED] - delay(DelayTime): Delayed 2 second(s)

2020-06-05 13:40:04 - [MESSAGE][PASSED] - Delayed 2 second(s)

2020-06-05 13:40:04 - [TEST_STEP][PASSED] - sendKeys(NewInputNmField, Keys.chord(ENTER)): Keys 'ENTER + ' sent to object: 'Object Repository/Objects.HighlightElements/input_field_index'

2020-06-05 13:40:04 - [MESSAGE][PASSED] - Keys 'ENTER + ' sent to object: 'Object Repository/Objects.HighlightElements/input_field_index'

2020-06-05 13:40:04 - [TEST_STEP][PASSED] - ComboBoxValue = getAttribute(NewInputNmField, "value"): Attribute 'value' of object 'Object Repository/Objects.HighlightElements/input_field_index' is: 'David Tey Dah Wei (DAHWEI)'

2020-06-05 13:40:04 - [MESSAGE][PASSED] - Attribute 'value' of object 'Object Repository/Objects.HighlightElements/input_field_index' is: 'David Tey Dah Wei (DAHWEI)'

2020-06-05 13:40:04 - [TEST_STEP][PASSED] - callTestCase(findTestCase(CallTCName), ["FindValue":ComboBoxValue, "DropdownNm":comboNm], STOP_ON_FAILURE): Call Test Case 'Test Cases/PFI Precision and Scale/HashMap Tables/OfficerLists' successfully

2020-06-05 13:40:04 - [TEST_CASE][PASSED] - Test Cases/PFI Precision and Scale/HashMap Tables/OfficerLists: Test Cases/PFI Precision and Scale/HashMap Tables/OfficerLists

2020-06-05 13:40:04 - [TEST_STEP][PASSED] - Thread.sleep(1000): null

2020-06-05 13:40:05 - [TEST_STEP][PASSED] - OfficerLists = [1:"Aaron Sham Wai Lun (AARON)", 2:"Azidah Bte Akmad (Mdm) (USAABD)", 3:"Chung Fong Nyen (USACFN)", 4:"David Tey Dah Wei (DAHWEI)", ... ]: null

2020-06-05 13:40:05 - [TEST_STEP][PASSED] - ValueFound = OfficerLists.find({ -> ... }): null

2020-06-05 13:40:05 - [MESSAGE][PASSED] - Call Test Case 'Test Cases/PFI Precision and Scale/HashMap Tables/OfficerLists' successfully

2020-06-05 13:40:05 - [TEST_STEP][PASSED] - println(ValueFound): null

2020-06-05 13:40:05 - [TEST_STEP][PASSED] - sendKeys(NewInputNmField, Keys.chord(ARROW_DOWN)): Keys 'DOWN + ' sent to object: 'Object Repository/Objects.HighlightElements/input_field_index'

2020-06-05 13:40:06 - [MESSAGE][PASSED] - Keys 'DOWN + ' sent to object: 'Object Repository/Objects.HighlightElements/input_field_index'

2020-06-05 13:40:06 - [TEST_STEP][PASSED] - sendKeys(NewInputNmField, Keys.chord(ARROW_DOWN)): Keys 'DOWN + ' sent to object: 'Object Repository/Objects.HighlightElements/input_field_index'

2020-06-05 13:40:06 - [MESSAGE][PASSED] - Keys 'DOWN + ' sent to object: 'Object Repository/Objects.HighlightElements/input_field_index'

2020-06-05 13:40:06 - [TEST_STEP][PASSED] - delay(DelayTime): Delayed 2 second(s)

2020-06-05 13:40:08 - [MESSAGE][PASSED] - Delayed 2 second(s)

2020-06-05 13:40:08 - [TEST_STEP][PASSED] - sendKeys(NewInputNmField, Keys.chord(ENTER)): Keys 'ENTER + ' sent to object: 'Object Repository/Objects.HighlightElements/input_field_index'

2020-06-05 13:40:08 - [MESSAGE][PASSED] - Keys 'ENTER + ' sent to object: 'Object Repository/Objects.HighlightElements/input_field_index'

2020-06-05 13:40:08 - [TEST_STEP][PASSED] - ComboBoxValue = getAttribute(NewInputNmField, "value"): Attribute 'value' of object 'Object Repository/Objects.HighlightElements/input_field_index' is: 'Han Wann Kuang (WANNKUANG)'

2020-06-05 13:40:08 - [MESSAGE][PASSED] - Attribute 'value' of object 'Object Repository/Objects.HighlightElements/input_field_index' is: 'Han Wann Kuang (WANNKUANG)'

2020-06-05 13:40:08 - [TEST_STEP][PASSED] - callTestCase(findTestCase(CallTCName), ["FindValue":ComboBoxValue, "DropdownNm":comboNm], STOP_ON_FAILURE): Call Test Case 'Test Cases/PFI Precision and Scale/HashMap Tables/OfficerLists' successfully

2020-06-05 13:40:08 - [TEST_CASE][PASSED] - Test Cases/PFI Precision and Scale/HashMap Tables/OfficerLists: Test Cases/PFI Precision and Scale/HashMap Tables/OfficerLists

2020-06-05 13:40:08 - [TEST_STEP][PASSED] - Thread.sleep(1000): null

2020-06-05 13:40:09 - [TEST_STEP][PASSED] - OfficerLists = [1:"Aaron Sham Wai Lun (AARON)", 2:"Azidah Bte Akmad (Mdm) (USAABD)", 3:"Chung Fong Nyen (USACFN)", 4:"David Tey Dah Wei (DAHWEI)", ... ]: null

2020-06-05 13:40:09 - [TEST_STEP][PASSED] - ValueFound = OfficerLists.find({ -> ... }): null

2020-06-05 13:40:09 - [MESSAGE][PASSED] - Call Test Case 'Test Cases/PFI Precision and Scale/HashMap Tables/OfficerLists' successfully

2020-06-05 13:40:09 - [TEST_STEP][PASSED] - println(ValueFound): null

2020-06-05 13:40:09 - [TEST_STEP][PASSED] - sendKeys(NewInputNmField, Keys.chord(ARROW_DOWN)): Keys 'DOWN + ' sent to object: 'Object Repository/Objects.HighlightElements/input_field_index'

2020-06-05 13:40:09 - [MESSAGE][PASSED] - Keys 'DOWN + ' sent to object: 'Object Repository/Objects.HighlightElements/input_field_index'

2020-06-05 13:40:09 - [TEST_STEP][PASSED] - sendKeys(NewInputNmField, Keys.chord(ARROW_DOWN)): Keys 'DOWN + ' sent to object: 'Object Repository/Objects.HighlightElements/input_field_index'

2020-06-05 13:40:09 - [MESSAGE][PASSED] - Keys 'DOWN + ' sent to object: 'Object Repository/Objects.HighlightElements/input_field_index'

2020-06-05 13:40:09 - [TEST_STEP][PASSED] - delay(DelayTime): Delayed 2 second(s)

2020-06-05 13:40:11 - [MESSAGE][PASSED] - Delayed 2 second(s)

2020-06-05 13:40:11 - [TEST_STEP][PASSED] - sendKeys(NewInputNmField, Keys.chord(ENTER)): Keys 'ENTER + ' sent to object: 'Object Repository/Objects.HighlightElements/input_field_index'

2020-06-05 13:40:11 - [MESSAGE][PASSED] - Keys 'ENTER + ' sent to object: 'Object Repository/Objects.HighlightElements/input_field_index'

2020-06-05 13:40:11 - [TEST_STEP][PASSED] - ComboBoxValue = getAttribute(NewInputNmField, "value"): Attribute 'value' of object 'Object Repository/Objects.HighlightElements/input_field_index' is: 'Ho Tze Siang (TZESIANG)'

2020-06-05 13:40:11 - [MESSAGE][PASSED] - Attribute 'value' of object 'Object Repository/Objects.HighlightElements/input_field_index' is: 'Ho Tze Siang (TZESIANG)'

2020-06-05 13:40:11 - [TEST_STEP][PASSED] - callTestCase(findTestCase(CallTCName), ["FindValue":ComboBoxValue, "DropdownNm":comboNm], STOP_ON_FAILURE): Call Test Case 'Test Cases/PFI Precision and Scale/HashMap Tables/OfficerLists' successfully

2020-06-05 13:40:11 - [TEST_CASE][PASSED] - Test Cases/PFI Precision and Scale/HashMap Tables/OfficerLists: Test Cases/PFI Precision and Scale/HashMap Tables/OfficerLists

2020-06-05 13:40:11 - [TEST_STEP][PASSED] - Thread.sleep(1000): null

2020-06-05 13:40:12 - [TEST_STEP][PASSED] - OfficerLists = [1:"Aaron Sham Wai Lun (AARON)", 2:"Azidah Bte Akmad (Mdm) (USAABD)", 3:"Chung Fong Nyen (USACFN)", 4:"David Tey Dah Wei (DAHWEI)", ... ]: null

2020-06-05 13:40:12 - [TEST_STEP][PASSED] - ValueFound = OfficerLists.find({ -> ... }): null

2020-06-05 13:40:12 - [MESSAGE][PASSED] - Call Test Case 'Test Cases/PFI Precision and Scale/HashMap Tables/OfficerLists' successfully

2020-06-05 13:40:12 - [TEST_STEP][PASSED] - println(ValueFound): null

2020-06-05 13:40:12 - [TEST_STEP][PASSED] - sendKeys(NewInputNmField, Keys.chord(ARROW_DOWN)): Keys 'DOWN + ' sent to object: 'Object Repository/Objects.HighlightElements/input_field_index'

2020-06-05 13:40:12 - [MESSAGE][PASSED] - Keys 'DOWN + ' sent to object: 'Object Repository/Objects.HighlightElements/input_field_index'

2020-06-05 13:40:12 - [TEST_STEP][PASSED] - sendKeys(NewInputNmField, Keys.chord(ARROW_DOWN)): Keys 'DOWN + ' sent to object: 'Object Repository/Objects.HighlightElements/input_field_index'

2020-06-05 13:40:12 - [MESSAGE][PASSED] - Keys 'DOWN + ' sent to object: 'Object Repository/Objects.HighlightElements/input_field_index'

2020-06-05 13:40:12 - [TEST_STEP][PASSED] - delay(DelayTime): Delayed 2 second(s)

2020-06-05 13:40:14 - [MESSAGE][PASSED] - Delayed 2 second(s)

2020-06-05 13:40:14 - [TEST_STEP][PASSED] - sendKeys(NewInputNmField, Keys.chord(ENTER)): Keys 'ENTER + ' sent to object: 'Object Repository/Objects.HighlightElements/input_field_index'

2020-06-05 13:40:14 - [MESSAGE][PASSED] - Keys 'ENTER + ' sent to object: 'Object Repository/Objects.HighlightElements/input_field_index'

2020-06-05 13:40:14 - [TEST_STEP][PASSED] - ComboBoxValue = getAttribute(NewInputNmField, "value"): Attribute 'value' of object 'Object Repository/Objects.HighlightElements/input_field_index' is: 'Ho-Chan Vun Ching (USAHVC)'

2020-06-05 13:40:14 - [MESSAGE][PASSED] - Attribute 'value' of object 'Object Repository/Objects.HighlightElements/input_field_index' is: 'Ho-Chan Vun Ching (USAHVC)'

2020-06-05 13:40:14 - [TEST_STEP][PASSED] - callTestCase(findTestCase(CallTCName), ["FindValue":ComboBoxValue, "DropdownNm":comboNm], STOP_ON_FAILURE): Call Test Case 'Test Cases/PFI Precision and Scale/HashMap Tables/OfficerLists' successfully

2020-06-05 13:40:14 - [TEST_CASE][PASSED] - Test Cases/PFI Precision and Scale/HashMap Tables/OfficerLists: Test Cases/PFI Precision and Scale/HashMap Tables/OfficerLists

2020-06-05 13:40:14 - [TEST_STEP][PASSED] - Thread.sleep(1000): null

2020-06-05 13:40:15 - [TEST_STEP][PASSED] - OfficerLists = [1:"Aaron Sham Wai Lun (AARON)", 2:"Azidah Bte Akmad (Mdm) (USAABD)", 3:"Chung Fong Nyen (USACFN)", 4:"David Tey Dah Wei (DAHWEI)", ... ]: null

2020-06-05 13:40:15 - [TEST_STEP][PASSED] - ValueFound = OfficerLists.find({ -> ... }): null

2020-06-05 13:40:15 - [MESSAGE][PASSED] - Call Test Case 'Test Cases/PFI Precision and Scale/HashMap Tables/OfficerLists' successfully

2020-06-05 13:40:15 - [TEST_STEP][PASSED] - println(ValueFound): null

2020-06-05 13:40:15 - [TEST_STEP][PASSED] - sendKeys(NewInputNmField, Keys.chord(ARROW_DOWN)): Keys 'DOWN + ' sent to object: 'Object Repository/Objects.HighlightElements/input_field_index'

2020-06-05 13:40:15 - [MESSAGE][PASSED] - Keys 'DOWN + ' sent to object: 'Object Repository/Objects.HighlightElements/input_field_index'

2020-06-05 13:40:15 - [TEST_STEP][PASSED] - sendKeys(NewInputNmField, Keys.chord(ARROW_DOWN)): Keys 'DOWN + ' sent to object: 'Object Repository/Objects.HighlightElements/input_field_index'

2020-06-05 13:40:15 - [MESSAGE][PASSED] - Keys 'DOWN + ' sent to object: 'Object Repository/Objects.HighlightElements/input_field_index'

2020-06-05 13:40:15 - [TEST_STEP][PASSED] - delay(DelayTime): Delayed 2 second(s)

2020-06-05 13:40:17 - [MESSAGE][PASSED] - Delayed 2 second(s)

2020-06-05 13:40:17 - [TEST_STEP][PASSED] - sendKeys(NewInputNmField, Keys.chord(ENTER)): Keys 'ENTER + ' sent to object: 'Object Repository/Objects.HighlightElements/input_field_index'

2020-06-05 13:40:17 - [MESSAGE][PASSED] - Keys 'ENTER + ' sent to object: 'Object Repository/Objects.HighlightElements/input_field_index'

2020-06-05 13:40:17 - [TEST_STEP][PASSED] - ComboBoxValue = getAttribute(NewInputNmField, "value"): Attribute 'value' of object 'Object Repository/Objects.HighlightElements/input_field_index' is: 'Janet Lee Choon Hong (JANETCHOON)'

2020-06-05 13:40:17 - [MESSAGE][PASSED] - Attribute 'value' of object 'Object Repository/Objects.HighlightElements/input_field_index' is: 'Janet Lee Choon Hong (JANETCHOON)'

2020-06-05 13:40:17 - [TEST_STEP][PASSED] - callTestCase(findTestCase(CallTCName), ["FindValue":ComboBoxValue, "DropdownNm":comboNm], STOP_ON_FAILURE): Call Test Case 'Test Cases/PFI Precision and Scale/HashMap Tables/OfficerLists' successfully

2020-06-05 13:40:17 - [TEST_CASE][PASSED] - Test Cases/PFI Precision and Scale/HashMap Tables/OfficerLists: Test Cases/PFI Precision and Scale/HashMap Tables/OfficerLists

2020-06-05 13:40:17 - [TEST_STEP][PASSED] - Thread.sleep(1000): null

2020-06-05 13:40:18 - [TEST_STEP][PASSED] - OfficerLists = [1:"Aaron Sham Wai Lun (AARON)", 2:"Azidah Bte Akmad (Mdm) (USAABD)", 3:"Chung Fong Nyen (USACFN)", 4:"David Tey Dah Wei (DAHWEI)", ... ]: null

2020-06-05 13:40:18 - [TEST_STEP][PASSED] - ValueFound = OfficerLists.find({ -> ... }): null

2020-06-05 13:40:18 - [MESSAGE][PASSED] - Call Test Case 'Test Cases/PFI Precision and Scale/HashMap Tables/OfficerLists' successfully

2020-06-05 13:40:18 - [TEST_STEP][PASSED] - println(ValueFound): null

2020-06-05 13:40:18 - [TEST_STEP][PASSED] - sendKeys(NewInputNmField, Keys.chord(ARROW_DOWN)): Keys 'DOWN + ' sent to object: 'Object Repository/Objects.HighlightElements/input_field_index'

2020-06-05 13:40:18 - [MESSAGE][PASSED] - Keys 'DOWN + ' sent to object: 'Object Repository/Objects.HighlightElements/input_field_index'

2020-06-05 13:40:18 - [TEST_STEP][PASSED] - sendKeys(NewInputNmField, Keys.chord(ARROW_DOWN)): Keys 'DOWN + ' sent to object: 'Object Repository/Objects.HighlightElements/input_field_index'

2020-06-05 13:40:19 - [MESSAGE][PASSED] - Keys 'DOWN + ' sent to object: 'Object Repository/Objects.HighlightElements/input_field_index'

2020-06-05 13:40:19 - [TEST_STEP][PASSED] - delay(DelayTime): Delayed 2 second(s)

2020-06-05 13:40:21 - [MESSAGE][PASSED] - Delayed 2 second(s)

2020-06-05 13:40:21 - [TEST_STEP][PASSED] - sendKeys(NewInputNmField, Keys.chord(ENTER)): Keys 'ENTER + ' sent to object: 'Object Repository/Objects.HighlightElements/input_field_index'

2020-06-05 13:40:21 - [MESSAGE][PASSED] - Keys 'ENTER + ' sent to object: 'Object Repository/Objects.HighlightElements/input_field_index'

2020-06-05 13:40:21 - [TEST_STEP][PASSED] - ComboBoxValue = getAttribute(NewInputNmField, "value"): Attribute 'value' of object 'Object Repository/Objects.HighlightElements/input_field_index' is: 'Joseph Lim Pheng Weng (PHENGWENG)'

2020-06-05 13:40:21 - [MESSAGE][PASSED] - Attribute 'value' of object 'Object Repository/Objects.HighlightElements/input_field_index' is: 'Joseph Lim Pheng Weng (PHENGWENG)'

2020-06-05 13:40:21 - [TEST_STEP][PASSED] - callTestCase(findTestCase(CallTCName), ["FindValue":ComboBoxValue, "DropdownNm":comboNm], STOP_ON_FAILURE): Call Test Case 'Test Cases/PFI Precision and Scale/HashMap Tables/OfficerLists' successfully

2020-06-05 13:40:21 - [TEST_CASE][PASSED] - Test Cases/PFI Precision and Scale/HashMap Tables/OfficerLists: Test Cases/PFI Precision and Scale/HashMap Tables/OfficerLists

2020-06-05 13:40:21 - [TEST_STEP][PASSED] - Thread.sleep(1000): null

2020-06-05 13:40:22 - [TEST_STEP][PASSED] - OfficerLists = [1:"Aaron Sham Wai Lun (AARON)", 2:"Azidah Bte Akmad (Mdm) (USAABD)", 3:"Chung Fong Nyen (USACFN)", 4:"David Tey Dah Wei (DAHWEI)", ... ]: null

2020-06-05 13:40:22 - [TEST_STEP][PASSED] - ValueFound = OfficerLists.find({ -> ... }): null

2020-06-05 13:40:22 - [MESSAGE][PASSED] - Call Test Case 'Test Cases/PFI Precision and Scale/HashMap Tables/OfficerLists' successfully

2020-06-05 13:40:22 - [TEST_STEP][PASSED] - println(ValueFound): null

2020-06-05 13:40:22 - [TEST_STEP][PASSED] - sendKeys(NewInputNmField, Keys.chord(ARROW_DOWN)): Keys 'DOWN + ' sent to object: 'Object Repository/Objects.HighlightElements/input_field_index'

2020-06-05 13:40:22 - [MESSAGE][PASSED] - Keys 'DOWN + ' sent to object: 'Object Repository/Objects.HighlightElements/input_field_index'

2020-06-05 13:40:22 - [TEST_STEP][PASSED] - sendKeys(NewInputNmField, Keys.chord(ARROW_DOWN)): Keys 'DOWN + ' sent to object: 'Object Repository/Objects.HighlightElements/input_field_index'

2020-06-05 13:40:22 - [MESSAGE][PASSED] - Keys 'DOWN + ' sent to object: 'Object Repository/Objects.HighlightElements/input_field_index'

2020-06-05 13:40:22 - [TEST_STEP][PASSED] - delay(DelayTime): Delayed 2 second(s)

2020-06-05 13:40:24 - [MESSAGE][PASSED] - Delayed 2 second(s)

2020-06-05 13:40:24 - [TEST_STEP][PASSED] - sendKeys(NewInputNmField, Keys.chord(ENTER)): Keys 'ENTER + ' sent to object: 'Object Repository/Objects.HighlightElements/input_field_index'

2020-06-05 13:40:24 - [MESSAGE][PASSED] - Keys 'ENTER + ' sent to object: 'Object Repository/Objects.HighlightElements/input_field_index'

2020-06-05 13:40:24 - [TEST_STEP][PASSED] - ComboBoxValue = getAttribute(NewInputNmField, "value"): Attribute 'value' of object 'Object Repository/Objects.HighlightElements/input_field_index' is: 'Kaliannan Thanabal (KALIANN)'

2020-06-05 13:40:24 - [MESSAGE][PASSED] - Attribute 'value' of object 'Object Repository/Objects.HighlightElements/input_field_index' is: 'Kaliannan Thanabal (KALIANN)'

2020-06-05 13:40:24 - [TEST_STEP][PASSED] - callTestCase(findTestCase(CallTCName), ["FindValue":ComboBoxValue, "DropdownNm":comboNm], STOP_ON_FAILURE): Call Test Case 'Test Cases/PFI Precision and Scale/HashMap Tables/OfficerLists' successfully

2020-06-05 13:40:24 - [TEST_CASE][PASSED] - Test Cases/PFI Precision and Scale/HashMap Tables/OfficerLists: Test Cases/PFI Precision and Scale/HashMap Tables/OfficerLists

2020-06-05 13:40:24 - [TEST_STEP][PASSED] - Thread.sleep(1000): null

2020-06-05 13:40:25 - [TEST_STEP][PASSED] - OfficerLists = [1:"Aaron Sham Wai Lun (AARON)", 2:"Azidah Bte Akmad (Mdm) (USAABD)", 3:"Chung Fong Nyen (USACFN)", 4:"David Tey Dah Wei (DAHWEI)", ... ]: null

2020-06-05 13:40:25 - [TEST_STEP][PASSED] - ValueFound = OfficerLists.find({ -> ... }): null

2020-06-05 13:40:25 - [MESSAGE][PASSED] - Call Test Case 'Test Cases/PFI Precision and Scale/HashMap Tables/OfficerLists' successfully

2020-06-05 13:40:25 - [TEST_STEP][PASSED] - println(ValueFound): null

2020-06-05 13:40:25 - [TEST_STEP][PASSED] - sendKeys(NewInputNmField, Keys.chord(ARROW_DOWN)): Keys 'DOWN + ' sent to object: 'Object Repository/Objects.HighlightElements/input_field_index'

2020-06-05 13:40:25 - [MESSAGE][PASSED] - Keys 'DOWN + ' sent to object: 'Object Repository/Objects.HighlightElements/input_field_index'

2020-06-05 13:40:25 - [TEST_STEP][PASSED] - sendKeys(NewInputNmField, Keys.chord(ARROW_DOWN)): Keys 'DOWN + ' sent to object: 'Object Repository/Objects.HighlightElements/input_field_index'

2020-06-05 13:40:25 - [MESSAGE][PASSED] - Keys 'DOWN + ' sent to object: 'Object Repository/Objects.HighlightElements/input_field_index'

2020-06-05 13:40:25 - [TEST_STEP][PASSED] - delay(DelayTime): Delayed 2 second(s)

2020-06-05 13:40:27 - [MESSAGE][PASSED] - Delayed 2 second(s)

2020-06-05 13:40:27 - [TEST_STEP][PASSED] - sendKeys(NewInputNmField, Keys.chord(ENTER)): Keys 'ENTER + ' sent to object: 'Object Repository/Objects.HighlightElements/input_field_index'

2020-06-05 13:40:27 - [MESSAGE][PASSED] - Keys 'ENTER + ' sent to object: 'Object Repository/Objects.HighlightElements/input_field_index'

2020-06-05 13:40:27 - [TEST_STEP][PASSED] - ComboBoxValue = getAttribute(NewInputNmField, "value"): Attribute 'value' of object 'Object Repository/Objects.HighlightElements/input_field_index' is: 'Kelvin Phua Meng Thong (MENGTHONG)'

2020-06-05 13:40:27 - [MESSAGE][PASSED] - Attribute 'value' of object 'Object Repository/Objects.HighlightElements/input_field_index' is: 'Kelvin Phua Meng Thong (MENGTHONG)'

2020-06-05 13:40:27 - [TEST_STEP][PASSED] - callTestCase(findTestCase(CallTCName), ["FindValue":ComboBoxValue, "DropdownNm":comboNm], STOP_ON_FAILURE): Call Test Case 'Test Cases/PFI Precision and Scale/HashMap Tables/OfficerLists' successfully

2020-06-05 13:40:27 - [TEST_CASE][PASSED] - Test Cases/PFI Precision and Scale/HashMap Tables/OfficerLists: Test Cases/PFI Precision and Scale/HashMap Tables/OfficerLists

2020-06-05 13:40:27 - [TEST_STEP][PASSED] - Thread.sleep(1000): null

2020-06-05 13:40:28 - [TEST_STEP][PASSED] - OfficerLists = [1:"Aaron Sham Wai Lun (AARON)", 2:"Azidah Bte Akmad (Mdm) (USAABD)", 3:"Chung Fong Nyen (USACFN)", 4:"David Tey Dah Wei (DAHWEI)", ... ]: null

2020-06-05 13:40:28 - [TEST_STEP][PASSED] - ValueFound = OfficerLists.find({ -> ... }): null

2020-06-05 13:40:28 - [MESSAGE][PASSED] - Call Test Case 'Test Cases/PFI Precision and Scale/HashMap Tables/OfficerLists' successfully

2020-06-05 13:40:28 - [TEST_STEP][PASSED] - println(ValueFound): null

2020-06-05 13:40:28 - [TEST_STEP][PASSED] - sendKeys(NewInputNmField, Keys.chord(ARROW_DOWN)): Keys 'DOWN + ' sent to object: 'Object Repository/Objects.HighlightElements/input_field_index'

2020-06-05 13:40:28 - [MESSAGE][PASSED] - Keys 'DOWN + ' sent to object: 'Object Repository/Objects.HighlightElements/input_field_index'

2020-06-05 13:40:28 - [TEST_STEP][PASSED] - sendKeys(NewInputNmField, Keys.chord(ARROW_DOWN)): Keys 'DOWN + ' sent to object: 'Object Repository/Objects.HighlightElements/input_field_index'

2020-06-05 13:40:28 - [MESSAGE][PASSED] - Keys 'DOWN + ' sent to object: 'Object Repository/Objects.HighlightElements/input_field_index'

2020-06-05 13:40:28 - [TEST_STEP][PASSED] - delay(DelayTime): Delayed 2 second(s)

2020-06-05 13:40:30 - [MESSAGE][PASSED] - Delayed 2 second(s)

2020-06-05 13:40:30 - [TEST_STEP][PASSED] - sendKeys(NewInputNmField, Keys.chord(ENTER)): Keys 'ENTER + ' sent to object: 'Object Repository/Objects.HighlightElements/input_field_index'

2020-06-05 13:40:30 - [MESSAGE][PASSED] - Keys 'ENTER + ' sent to object: 'Object Repository/Objects.HighlightElements/input_field_index'

2020-06-05 13:40:30 - [TEST_STEP][PASSED] - ComboBoxValue = getAttribute(NewInputNmField, "value"): Attribute 'value' of object 'Object Repository/Objects.HighlightElements/input_field_index' is: 'Lee Kok Tien (USAKTL)'

2020-06-05 13:40:30 - [MESSAGE][PASSED] - Attribute 'value' of object 'Object Repository/Objects.HighlightElements/input_field_index' is: 'Lee Kok Tien (USAKTL)'

2020-06-05 13:40:30 - [TEST_STEP][PASSED] - callTestCase(findTestCase(CallTCName), ["FindValue":ComboBoxValue, "DropdownNm":comboNm], STOP_ON_FAILURE): Call Test Case 'Test Cases/PFI Precision and Scale/HashMap Tables/OfficerLists' successfully

2020-06-05 13:40:30 - [TEST_CASE][PASSED] - Test Cases/PFI Precision and Scale/HashMap Tables/OfficerLists: Test Cases/PFI Precision and Scale/HashMap Tables/OfficerLists

2020-06-05 13:40:30 - [TEST_STEP][PASSED] - Thread.sleep(1000): null

2020-06-05 13:40:31 - [TEST_STEP][PASSED] - OfficerLists = [1:"Aaron Sham Wai Lun (AARON)", 2:"Azidah Bte Akmad (Mdm) (USAABD)", 3:"Chung Fong Nyen (USACFN)", 4:"David Tey Dah Wei (DAHWEI)", ... ]: null

2020-06-05 13:40:31 - [TEST_STEP][PASSED] - ValueFound = OfficerLists.find({ -> ... }): null

2020-06-05 13:40:31 - [MESSAGE][PASSED] - Call Test Case 'Test Cases/PFI Precision and Scale/HashMap Tables/OfficerLists' successfully

2020-06-05 13:40:31 - [TEST_STEP][PASSED] - println(ValueFound): null

2020-06-05 13:40:31 - [TEST_STEP][PASSED] - sendKeys(NewInputNmField, Keys.chord(ARROW_DOWN)): Keys 'DOWN + ' sent to object: 'Object Repository/Objects.HighlightElements/input_field_index'

2020-06-05 13:40:31 - [MESSAGE][PASSED] - Keys 'DOWN + ' sent to object: 'Object Repository/Objects.HighlightElements/input_field_index'

2020-06-05 13:40:31 - [TEST_STEP][PASSED] - sendKeys(NewInputNmField, Keys.chord(ARROW_DOWN)): Keys 'DOWN + ' sent to object: 'Object Repository/Objects.HighlightElements/input_field_index'

2020-06-05 13:40:31 - [MESSAGE][PASSED] - Keys 'DOWN + ' sent to object: 'Object Repository/Objects.HighlightElements/input_field_index'

2020-06-05 13:40:31 - [TEST_STEP][PASSED] - delay(DelayTime): Delayed 2 second(s)

2020-06-05 13:40:33 - [MESSAGE][PASSED] - Delayed 2 second(s)

2020-06-05 13:40:33 - [TEST_STEP][PASSED] - sendKeys(NewInputNmField, Keys.chord(ENTER)): Keys 'ENTER + ' sent to object: 'Object Repository/Objects.HighlightElements/input_field_index'

2020-06-05 13:40:34 - [MESSAGE][PASSED] - Keys 'ENTER + ' sent to object: 'Object Repository/Objects.HighlightElements/input_field_index'

2020-06-05 13:40:34 - [TEST_STEP][PASSED] - ComboBoxValue = getAttribute(NewInputNmField, "value"): Attribute 'value' of object 'Object Repository/Objects.HighlightElements/input_field_index' is: 'Lim Beng Kwee (BENGKWEE)'

2020-06-05 13:40:34 - [MESSAGE][PASSED] - Attribute 'value' of object 'Object Repository/Objects.HighlightElements/input_field_index' is: 'Lim Beng Kwee (BENGKWEE)'

2020-06-05 13:40:34 - [TEST_STEP][PASSED] - callTestCase(findTestCase(CallTCName), ["FindValue":ComboBoxValue, "DropdownNm":comboNm], STOP_ON_FAILURE): Call Test Case 'Test Cases/PFI Precision and Scale/HashMap Tables/OfficerLists' successfully

2020-06-05 13:40:34 - [TEST_CASE][PASSED] - Test Cases/PFI Precision and Scale/HashMap Tables/OfficerLists: Test Cases/PFI Precision and Scale/HashMap Tables/OfficerLists

2020-06-05 13:40:34 - [TEST_STEP][PASSED] - Thread.sleep(1000): null

2020-06-05 13:40:35 - [TEST_STEP][PASSED] - OfficerLists = [1:"Aaron Sham Wai Lun (AARON)", 2:"Azidah Bte Akmad (Mdm) (USAABD)", 3:"Chung Fong Nyen (USACFN)", 4:"David Tey Dah Wei (DAHWEI)", ... ]: null

2020-06-05 13:40:35 - [TEST_STEP][PASSED] - ValueFound = OfficerLists.find({ -> ... }): null

2020-06-05 13:40:35 - [MESSAGE][PASSED] - Call Test Case 'Test Cases/PFI Precision and Scale/HashMap Tables/OfficerLists' successfully

2020-06-05 13:40:35 - [TEST_STEP][PASSED] - println(ValueFound): null

2020-06-05 13:40:35 - [TEST_STEP][PASSED] - sendKeys(NewInputNmField, Keys.chord(ARROW_DOWN)): Keys 'DOWN + ' sent to object: 'Object Repository/Objects.HighlightElements/input_field_index'

2020-06-05 13:40:35 - [MESSAGE][PASSED] - Keys 'DOWN + ' sent to object: 'Object Repository/Objects.HighlightElements/input_field_index'

2020-06-05 13:40:35 - [TEST_STEP][PASSED] - sendKeys(NewInputNmField, Keys.chord(ARROW_DOWN)): Keys 'DOWN + ' sent to object: 'Object Repository/Objects.HighlightElements/input_field_index'

2020-06-05 13:40:35 - [MESSAGE][PASSED] - Keys 'DOWN + ' sent to object: 'Object Repository/Objects.HighlightElements/input_field_index'

2020-06-05 13:40:35 - [TEST_STEP][PASSED] - delay(DelayTime): Delayed 2 second(s)

2020-06-05 13:40:37 - [MESSAGE][PASSED] - Delayed 2 second(s)

2020-06-05 13:40:37 - [TEST_STEP][PASSED] - sendKeys(NewInputNmField, Keys.chord(ENTER)): Keys 'ENTER + ' sent to object: 'Object Repository/Objects.HighlightElements/input_field_index'

2020-06-05 13:40:37 - [MESSAGE][PASSED] - Keys 'ENTER + ' sent to object: 'Object Repository/Objects.HighlightElements/input_field_index'

2020-06-05 13:40:37 - [TEST_STEP][PASSED] - ComboBoxValue = getAttribute(NewInputNmField, "value"): Attribute 'value' of object 'Object Repository/Objects.HighlightElements/input_field_index' is: 'Lim Leng Boon (LENGBOON)'

2020-06-05 13:40:37 - [MESSAGE][PASSED] - Attribute 'value' of object 'Object Repository/Objects.HighlightElements/input_field_index' is: 'Lim Leng Boon (LENGBOON)'

2020-06-05 13:40:37 - [TEST_STEP][PASSED] - callTestCase(findTestCase(CallTCName), ["FindValue":ComboBoxValue, "DropdownNm":comboNm], STOP_ON_FAILURE): Call Test Case 'Test Cases/PFI Precision and Scale/HashMap Tables/OfficerLists' successfully

2020-06-05 13:40:37 - [TEST_CASE][PASSED] - Test Cases/PFI Precision and Scale/HashMap Tables/OfficerLists: Test Cases/PFI Precision and Scale/HashMap Tables/OfficerLists

2020-06-05 13:40:37 - [TEST_STEP][PASSED] - Thread.sleep(1000): null

2020-06-05 13:40:38 - [TEST_STEP][PASSED] - OfficerLists = [1:"Aaron Sham Wai Lun (AARON)", 2:"Azidah Bte Akmad (Mdm) (USAABD)", 3:"Chung Fong Nyen (USACFN)", 4:"David Tey Dah Wei (DAHWEI)", ... ]: null

2020-06-05 13:40:38 - [TEST_STEP][PASSED] - ValueFound = OfficerLists.find({ -> ... }): null

2020-06-05 13:40:38 - [MESSAGE][PASSED] - Call Test Case 'Test Cases/PFI Precision and Scale/HashMap Tables/OfficerLists' successfully

2020-06-05 13:40:38 - [TEST_STEP][PASSED] - println(ValueFound): null

2020-06-05 13:40:38 - [TEST_STEP][PASSED] - sendKeys(NewInputNmField, Keys.chord(ARROW_DOWN)): Keys 'DOWN + ' sent to object: 'Object Repository/Objects.HighlightElements/input_field_index'

2020-06-05 13:40:38 - [MESSAGE][PASSED] - Keys 'DOWN + ' sent to object: 'Object Repository/Objects.HighlightElements/input_field_index'

2020-06-05 13:40:38 - [TEST_STEP][PASSED] - sendKeys(NewInputNmField, Keys.chord(ARROW_DOWN)): Keys 'DOWN + ' sent to object: 'Object Repository/Objects.HighlightElements/input_field_index'

2020-06-05 13:40:38 - [MESSAGE][PASSED] - Keys 'DOWN + ' sent to object: 'Object Repository/Objects.HighlightElements/input_field_index'

2020-06-05 13:40:38 - [TEST_STEP][PASSED] - delay(DelayTime): Delayed 2 second(s)

2020-06-05 13:40:40 - [MESSAGE][PASSED] - Delayed 2 second(s)

2020-06-05 13:40:40 - [TEST_STEP][PASSED] - sendKeys(NewInputNmField, Keys.chord(ENTER)): Keys 'ENTER + ' sent to object: 'Object Repository/Objects.HighlightElements/input_field_index'

2020-06-05 13:40:40 - [MESSAGE][PASSED] - Keys 'ENTER + ' sent to object: 'Object Repository/Objects.HighlightElements/input_field_index'

2020-06-05 13:40:40 - [TEST_STEP][PASSED] - ComboBoxValue = getAttribute(NewInputNmField, "value"): Attribute 'value' of object 'Object Repository/Objects.HighlightElements/input_field_index' is: 'Liu Xiaopeng (XIAOPENG)'

2020-06-05 13:40:40 - [MESSAGE][PASSED] - Attribute 'value' of object 'Object Repository/Objects.HighlightElements/input_field_index' is: 'Liu Xiaopeng (XIAOPENG)'

2020-06-05 13:40:40 - [TEST_STEP][PASSED] - callTestCase(findTestCase(CallTCName), ["FindValue":ComboBoxValue, "DropdownNm":comboNm], STOP_ON_FAILURE): Call Test Case 'Test Cases/PFI Precision and Scale/HashMap Tables/OfficerLists' successfully

2020-06-05 13:40:40 - [TEST_CASE][PASSED] - Test Cases/PFI Precision and Scale/HashMap Tables/OfficerLists: Test Cases/PFI Precision and Scale/HashMap Tables/OfficerLists

2020-06-05 13:40:40 - [TEST_STEP][PASSED] - Thread.sleep(1000): null

2020-06-05 13:40:41 - [TEST_STEP][PASSED] - OfficerLists = [1:"Aaron Sham Wai Lun (AARON)", 2:"Azidah Bte Akmad (Mdm) (USAABD)", 3:"Chung Fong Nyen (USACFN)", 4:"David Tey Dah Wei (DAHWEI)", ... ]: null

2020-06-05 13:40:41 - [TEST_STEP][PASSED] - ValueFound = OfficerLists.find({ -> ... }): null

2020-06-05 13:40:41 - [MESSAGE][PASSED] - Call Test Case 'Test Cases/PFI Precision and Scale/HashMap Tables/OfficerLists' successfully

2020-06-05 13:40:41 - [TEST_STEP][PASSED] - println(ValueFound): null

2020-06-05 13:40:41 - [TEST_STEP][PASSED] - sendKeys(NewInputNmField, Keys.chord(ARROW_DOWN)): Keys 'DOWN + ' sent to object: 'Object Repository/Objects.HighlightElements/input_field_index'

2020-06-05 13:40:41 - [MESSAGE][PASSED] - Keys 'DOWN + ' sent to object: 'Object Repository/Objects.HighlightElements/input_field_index'

2020-06-05 13:40:41 - [TEST_STEP][PASSED] - sendKeys(NewInputNmField, Keys.chord(ARROW_DOWN)): Keys 'DOWN + ' sent to object: 'Object Repository/Objects.HighlightElements/input_field_index'

2020-06-05 13:40:41 - [MESSAGE][PASSED] - Keys 'DOWN + ' sent to object: 'Object Repository/Objects.HighlightElements/input_field_index'

2020-06-05 13:40:41 - [TEST_STEP][PASSED] - delay(DelayTime): Delayed 2 second(s)

2020-06-05 13:40:43 - [MESSAGE][PASSED] - Delayed 2 second(s)

2020-06-05 13:40:43 - [TEST_STEP][PASSED] - sendKeys(NewInputNmField, Keys.chord(ENTER)): Keys 'ENTER + ' sent to object: 'Object Repository/Objects.HighlightElements/input_field_index'

2020-06-05 13:40:43 - [MESSAGE][PASSED] - Keys 'ENTER + ' sent to object: 'Object Repository/Objects.HighlightElements/input_field_index'

2020-06-05 13:40:43 - [TEST_STEP][PASSED] - ComboBoxValue = getAttribute(NewInputNmField, "value"): Attribute 'value' of object 'Object Repository/Objects.HighlightElements/input_field_index' is: 'Lu Ji Ju (Mdm) (USALJJ)'

2020-06-05 13:40:43 - [MESSAGE][PASSED] - Attribute 'value' of object 'Object Repository/Objects.HighlightElements/input_field_index' is: 'Lu Ji Ju (Mdm) (USALJJ)'

2020-06-05 13:40:43 - [TEST_STEP][PASSED] - callTestCase(findTestCase(CallTCName), ["FindValue":ComboBoxValue, "DropdownNm":comboNm], STOP_ON_FAILURE): Call Test Case 'Test Cases/PFI Precision and Scale/HashMap Tables/OfficerLists' successfully

2020-06-05 13:40:43 - [TEST_CASE][PASSED] - Test Cases/PFI Precision and Scale/HashMap Tables/OfficerLists: Test Cases/PFI Precision and Scale/HashMap Tables/OfficerLists

2020-06-05 13:40:43 - [TEST_STEP][PASSED] - Thread.sleep(1000): null

2020-06-05 13:40:44 - [TEST_STEP][PASSED] - OfficerLists = [1:"Aaron Sham Wai Lun (AARON)", 2:"Azidah Bte Akmad (Mdm) (USAABD)", 3:"Chung Fong Nyen (USACFN)", 4:"David Tey Dah Wei (DAHWEI)", ... ]: null

2020-06-05 13:40:44 - [TEST_STEP][PASSED] - ValueFound = OfficerLists.find({ -> ... }): null

2020-06-05 13:40:44 - [MESSAGE][PASSED] - Call Test Case 'Test Cases/PFI Precision and Scale/HashMap Tables/OfficerLists' successfully

2020-06-05 13:40:44 - [TEST_STEP][PASSED] - println(ValueFound): null

2020-06-05 13:40:44 - [TEST_STEP][PASSED] - sendKeys(NewInputNmField, Keys.chord(ARROW_DOWN)): Keys 'DOWN + ' sent to object: 'Object Repository/Objects.HighlightElements/input_field_index'

2020-06-05 13:40:44 - [MESSAGE][PASSED] - Keys 'DOWN + ' sent to object: 'Object Repository/Objects.HighlightElements/input_field_index'

2020-06-05 13:40:44 - [TEST_STEP][PASSED] - sendKeys(NewInputNmField, Keys.chord(ARROW_DOWN)): Keys 'DOWN + ' sent to object: 'Object Repository/Objects.HighlightElements/input_field_index'

2020-06-05 13:40:44 - [MESSAGE][PASSED] - Keys 'DOWN + ' sent to object: 'Object Repository/Objects.HighlightElements/input_field_index'

2020-06-05 13:40:44 - [TEST_STEP][PASSED] - delay(DelayTime): Delayed 2 second(s)

2020-06-05 13:40:46 - [MESSAGE][PASSED] - Delayed 2 second(s)

2020-06-05 13:40:46 - [TEST_STEP][PASSED] - sendKeys(NewInputNmField, Keys.chord(ENTER)): Keys 'ENTER + ' sent to object: 'Object Repository/Objects.HighlightElements/input_field_index'

2020-06-05 13:40:46 - [MESSAGE][PASSED] - Keys 'ENTER + ' sent to object: 'Object Repository/Objects.HighlightElements/input_field_index'

2020-06-05 13:40:46 - [TEST_STEP][PASSED] - ComboBoxValue = getAttribute(NewInputNmField, "value"): Attribute 'value' of object 'Object Repository/Objects.HighlightElements/input_field_index' is: 'Mohd Jeffri Bin Abdul Rahim (MOHDJEFFRI)'

2020-06-05 13:40:47 - [MESSAGE][PASSED] - Attribute 'value' of object 'Object Repository/Objects.HighlightElements/input_field_index' is: 'Mohd Jeffri Bin Abdul Rahim (MOHDJEFFRI)'

2020-06-05 13:40:47 - [TEST_STEP][PASSED] - callTestCase(findTestCase(CallTCName), ["FindValue":ComboBoxValue, "DropdownNm":comboNm], STOP_ON_FAILURE): Call Test Case 'Test Cases/PFI Precision and Scale/HashMap Tables/OfficerLists' successfully

2020-06-05 13:40:47 - [TEST_CASE][PASSED] - Test Cases/PFI Precision and Scale/HashMap Tables/OfficerLists: Test Cases/PFI Precision and Scale/HashMap Tables/OfficerLists

2020-06-05 13:40:47 - [TEST_STEP][PASSED] - Thread.sleep(1000): null

2020-06-05 13:40:48 - [TEST_STEP][PASSED] - OfficerLists = [1:"Aaron Sham Wai Lun (AARON)", 2:"Azidah Bte Akmad (Mdm) (USAABD)", 3:"Chung Fong Nyen (USACFN)", 4:"David Tey Dah Wei (DAHWEI)", ... ]: null

2020-06-05 13:40:48 - [TEST_STEP][PASSED] - ValueFound = OfficerLists.find({ -> ... }): null

2020-06-05 13:40:48 - [MESSAGE][PASSED] - Call Test Case 'Test Cases/PFI Precision and Scale/HashMap Tables/OfficerLists' successfully

2020-06-05 13:40:48 - [TEST_STEP][PASSED] - println(ValueFound): null

2020-06-05 13:40:48 - [TEST_STEP][PASSED] - sendKeys(NewInputNmField, Keys.chord(ARROW_DOWN)): Keys 'DOWN + ' sent to object: 'Object Repository/Objects.HighlightElements/input_field_index'

2020-06-05 13:40:48 - [MESSAGE][PASSED] - Keys 'DOWN + ' sent to object: 'Object Repository/Objects.HighlightElements/input_field_index'

2020-06-05 13:40:48 - [TEST_STEP][PASSED] - sendKeys(NewInputNmField, Keys.chord(ARROW_DOWN)): Keys 'DOWN + ' sent to object: 'Object Repository/Objects.HighlightElements/input_field_index'

2020-06-05 13:40:48 - [MESSAGE][PASSED] - Keys 'DOWN + ' sent to object: 'Object Repository/Objects.HighlightElements/input_field_index'

2020-06-05 13:40:48 - [TEST_STEP][PASSED] - delay(DelayTime): Delayed 2 second(s)

2020-06-05 13:40:50 - [MESSAGE][PASSED] - Delayed 2 second(s)

2020-06-05 13:40:50 - [TEST_STEP][PASSED] - sendKeys(NewInputNmField, Keys.chord(ENTER)): Keys 'ENTER + ' sent to object: 'Object Repository/Objects.HighlightElements/input_field_index'

2020-06-05 13:40:50 - [MESSAGE][PASSED] - Keys 'ENTER + ' sent to object: 'Object Repository/Objects.HighlightElements/input_field_index'

2020-06-05 13:40:50 - [TEST_STEP][PASSED] - ComboBoxValue = getAttribute(NewInputNmField, "value"): Attribute 'value' of object 'Object Repository/Objects.HighlightElements/input_field_index' is: 'Richard Lim Fang Ping (FANGPING)'

2020-06-05 13:40:50 - [MESSAGE][PASSED] - Attribute 'value' of object 'Object Repository/Objects.HighlightElements/input_field_index' is: 'Richard Lim Fang Ping (FANGPING)'

2020-06-05 13:40:50 - [TEST_STEP][PASSED] - callTestCase(findTestCase(CallTCName), ["FindValue":ComboBoxValue, "DropdownNm":comboNm], STOP_ON_FAILURE): Call Test Case 'Test Cases/PFI Precision and Scale/HashMap Tables/OfficerLists' successfully

2020-06-05 13:40:50 - [TEST_CASE][PASSED] - Test Cases/PFI Precision and Scale/HashMap Tables/OfficerLists: Test Cases/PFI Precision and Scale/HashMap Tables/OfficerLists

2020-06-05 13:40:50 - [TEST_STEP][PASSED] - Thread.sleep(1000): null

2020-06-05 13:40:51 - [TEST_STEP][PASSED] - OfficerLists = [1:"Aaron Sham Wai Lun (AARON)", 2:"Azidah Bte Akmad (Mdm) (USAABD)", 3:"Chung Fong Nyen (USACFN)", 4:"David Tey Dah Wei (DAHWEI)", ... ]: null

2020-06-05 13:40:51 - [TEST_STEP][PASSED] - ValueFound = OfficerLists.find({ -> ... }): null

2020-06-05 13:40:51 - [MESSAGE][PASSED] - Call Test Case 'Test Cases/PFI Precision and Scale/HashMap Tables/OfficerLists' successfully

2020-06-05 13:40:51 - [TEST_STEP][PASSED] - println(ValueFound): null

2020-06-05 13:40:51 - [TEST_STEP][PASSED] - sendKeys(NewInputNmField, Keys.chord(ARROW_DOWN)): Keys 'DOWN + ' sent to object: 'Object Repository/Objects.HighlightElements/input_field_index'

2020-06-05 13:40:51 - [MESSAGE][PASSED] - Keys 'DOWN + ' sent to object: 'Object Repository/Objects.HighlightElements/input_field_index'

2020-06-05 13:40:51 - [TEST_STEP][PASSED] - sendKeys(NewInputNmField, Keys.chord(ARROW_DOWN)): Keys 'DOWN + ' sent to object: 'Object Repository/Objects.HighlightElements/input_field_index'

2020-06-05 13:40:51 - [MESSAGE][PASSED] - Keys 'DOWN + ' sent to object: 'Object Repository/Objects.HighlightElements/input_field_index'

2020-06-05 13:40:51 - [TEST_STEP][PASSED] - delay(DelayTime): Delayed 2 second(s)

2020-06-05 13:40:53 - [MESSAGE][PASSED] - Delayed 2 second(s)

2020-06-05 13:40:53 - [TEST_STEP][PASSED] - sendKeys(NewInputNmField, Keys.chord(ENTER)): Keys 'ENTER + ' sent to object: 'Object Repository/Objects.HighlightElements/input_field_index'

2020-06-05 13:40:53 - [MESSAGE][PASSED] - Keys 'ENTER + ' sent to object: 'Object Repository/Objects.HighlightElements/input_field_index'

2020-06-05 13:40:53 - [TEST_STEP][PASSED] - ComboBoxValue = getAttribute(NewInputNmField, "value"): Attribute 'value' of object 'Object Repository/Objects.HighlightElements/input_field_index' is: 'RITA WONG SIONG ING (RITAWONG)'

2020-06-05 13:40:53 - [MESSAGE][PASSED] - Attribute 'value' of object 'Object Repository/Objects.HighlightElements/input_field_index' is: 'RITA WONG SIONG ING (RITAWONG)'

2020-06-05 13:40:53 - [TEST_STEP][PASSED] - callTestCase(findTestCase(CallTCName), ["FindValue":ComboBoxValue, "DropdownNm":comboNm], STOP_ON_FAILURE): Call Test Case 'Test Cases/PFI Precision and Scale/HashMap Tables/OfficerLists' successfully

2020-06-05 13:40:53 - [TEST_CASE][PASSED] - Test Cases/PFI Precision and Scale/HashMap Tables/OfficerLists: Test Cases/PFI Precision and Scale/HashMap Tables/OfficerLists

2020-06-05 13:40:53 - [TEST_STEP][PASSED] - Thread.sleep(1000): null

2020-06-05 13:40:54 - [TEST_STEP][PASSED] - OfficerLists = [1:"Aaron Sham Wai Lun (AARON)", 2:"Azidah Bte Akmad (Mdm) (USAABD)", 3:"Chung Fong Nyen (USACFN)", 4:"David Tey Dah Wei (DAHWEI)", ... ]: null

2020-06-05 13:40:54 - [TEST_STEP][PASSED] - ValueFound = OfficerLists.find({ -> ... }): null

2020-06-05 13:40:54 - [MESSAGE][PASSED] - Call Test Case 'Test Cases/PFI Precision and Scale/HashMap Tables/OfficerLists' successfully

2020-06-05 13:40:54 - [TEST_STEP][PASSED] - println(ValueFound): null

2020-06-05 13:40:54 - [TEST_STEP][PASSED] - sendKeys(NewInputNmField, Keys.chord(ARROW_DOWN)): Keys 'DOWN + ' sent to object: 'Object Repository/Objects.HighlightElements/input_field_index'

2020-06-05 13:40:54 - [MESSAGE][PASSED] - Keys 'DOWN + ' sent to object: 'Object Repository/Objects.HighlightElements/input_field_index'

2020-06-05 13:40:54 - [TEST_STEP][PASSED] - sendKeys(NewInputNmField, Keys.chord(ARROW_DOWN)): Keys 'DOWN + ' sent to object: 'Object Repository/Objects.HighlightElements/input_field_index'

2020-06-05 13:40:54 - [MESSAGE][PASSED] - Keys 'DOWN + ' sent to object: 'Object Repository/Objects.HighlightElements/input_field_index'

2020-06-05 13:40:54 - [TEST_STEP][PASSED] - delay(DelayTime): Delayed 2 second(s)

2020-06-05 13:40:56 - [MESSAGE][PASSED] - Delayed 2 second(s)

2020-06-05 13:40:56 - [TEST_STEP][PASSED] - sendKeys(NewInputNmField, Keys.chord(ENTER)): Keys 'ENTER + ' sent to object: 'Object Repository/Objects.HighlightElements/input_field_index'

2020-06-05 13:40:56 - [MESSAGE][PASSED] - Keys 'ENTER + ' sent to object: 'Object Repository/Objects.HighlightElements/input_field_index'

2020-06-05 13:40:56 - [TEST_STEP][PASSED] - ComboBoxValue = getAttribute(NewInputNmField, "value"): Attribute 'value' of object 'Object Repository/Objects.HighlightElements/input_field_index' is: 'Shi Hong Wei (HONGWEI)'

2020-06-05 13:40:56 - [MESSAGE][PASSED] - Attribute 'value' of object 'Object Repository/Objects.HighlightElements/input_field_index' is: 'Shi Hong Wei (HONGWEI)'

2020-06-05 13:40:56 - [TEST_STEP][PASSED] - callTestCase(findTestCase(CallTCName), ["FindValue":ComboBoxValue, "DropdownNm":comboNm], STOP_ON_FAILURE): Call Test Case 'Test Cases/PFI Precision and Scale/HashMap Tables/OfficerLists' successfully

2020-06-05 13:40:56 - [TEST_CASE][PASSED] - Test Cases/PFI Precision and Scale/HashMap Tables/OfficerLists: Test Cases/PFI Precision and Scale/HashMap Tables/OfficerLists

2020-06-05 13:40:56 - [TEST_STEP][PASSED] - Thread.sleep(1000): null

2020-06-05 13:40:57 - [TEST_STEP][PASSED] - OfficerLists = [1:"Aaron Sham Wai Lun (AARON)", 2:"Azidah Bte Akmad (Mdm) (USAABD)", 3:"Chung Fong Nyen (USACFN)", 4:"David Tey Dah Wei (DAHWEI)", ... ]: null

2020-06-05 13:40:57 - [TEST_STEP][PASSED] - ValueFound = OfficerLists.find({ -> ... }): null

2020-06-05 13:40:57 - [MESSAGE][PASSED] - Call Test Case 'Test Cases/PFI Precision and Scale/HashMap Tables/OfficerLists' successfully

2020-06-05 13:40:57 - [TEST_STEP][PASSED] - println(ValueFound): null

2020-06-05 13:40:57 - [TEST_STEP][PASSED] - sendKeys(NewInputNmField, Keys.chord(ARROW_DOWN)): Keys 'DOWN + ' sent to object: 'Object Repository/Objects.HighlightElements/input_field_index'

2020-06-05 13:40:57 - [MESSAGE][PASSED] - Keys 'DOWN + ' sent to object: 'Object Repository/Objects.HighlightElements/input_field_index'

2020-06-05 13:40:57 - [TEST_STEP][PASSED] - sendKeys(NewInputNmField, Keys.chord(ARROW_DOWN)): Keys 'DOWN + ' sent to object: 'Object Repository/Objects.HighlightElements/input_field_index'

2020-06-05 13:40:57 - [MESSAGE][PASSED] - Keys 'DOWN + ' sent to object: 'Object Repository/Objects.HighlightElements/input_field_index'

2020-06-05 13:40:57 - [TEST_STEP][PASSED] - delay(DelayTime): Delayed 2 second(s)

2020-06-05 13:40:59 - [MESSAGE][PASSED] - Delayed 2 second(s)

2020-06-05 13:40:59 - [TEST_STEP][PASSED] - sendKeys(NewInputNmField, Keys.chord(ENTER)): Keys 'ENTER + ' sent to object: 'Object Repository/Objects.HighlightElements/input_field_index'

2020-06-05 13:40:59 - [MESSAGE][PASSED] - Keys 'ENTER + ' sent to object: 'Object Repository/Objects.HighlightElements/input_field_index'

2020-06-05 13:40:59 - [TEST_STEP][PASSED] - ComboBoxValue = getAttribute(NewInputNmField, "value"): Attribute 'value' of object 'Object Repository/Objects.HighlightElements/input_field_index' is: 'Tan Jing Ying (JINGYING)'

2020-06-05 13:40:59 - [MESSAGE][PASSED] - Attribute 'value' of object 'Object Repository/Objects.HighlightElements/input_field_index' is: 'Tan Jing Ying (JINGYING)'

2020-06-05 13:40:59 - [TEST_STEP][PASSED] - callTestCase(findTestCase(CallTCName), ["FindValue":ComboBoxValue, "DropdownNm":comboNm], STOP_ON_FAILURE): Call Test Case 'Test Cases/PFI Precision and Scale/HashMap Tables/OfficerLists' successfully

2020-06-05 13:41:00 - [TEST_CASE][PASSED] - Test Cases/PFI Precision and Scale/HashMap Tables/OfficerLists: Test Cases/PFI Precision and Scale/HashMap Tables/OfficerLists

2020-06-05 13:41:00 - [TEST_STEP][PASSED] - Thread.sleep(1000): null

2020-06-05 13:41:01 - [TEST_STEP][PASSED] - OfficerLists = [1:"Aaron Sham Wai Lun (AARON)", 2:"Azidah Bte Akmad (Mdm) (USAABD)", 3:"Chung Fong Nyen (USACFN)", 4:"David Tey Dah Wei (DAHWEI)", ... ]: null

2020-06-05 13:41:01 - [TEST_STEP][PASSED] - ValueFound = OfficerLists.find({ -> ... }): null

2020-06-05 13:41:01 - [MESSAGE][PASSED] - Call Test Case 'Test Cases/PFI Precision and Scale/HashMap Tables/OfficerLists' successfully

2020-06-05 13:41:01 - [TEST_STEP][PASSED] - println(ValueFound): null

2020-06-05 13:41:01 - [TEST_STEP][PASSED] - sendKeys(NewInputNmField, Keys.chord(ARROW_DOWN)): Keys 'DOWN + ' sent to object: 'Object Repository/Objects.HighlightElements/input_field_index'

2020-06-05 13:41:01 - [MESSAGE][PASSED] - Keys 'DOWN + ' sent to object: 'Object Repository/Objects.HighlightElements/input_field_index'

2020-06-05 13:41:01 - [TEST_STEP][PASSED] - sendKeys(NewInputNmField, Keys.chord(ARROW_DOWN)): Keys 'DOWN + ' sent to object: 'Object Repository/Objects.HighlightElements/input_field_index'

2020-06-05 13:41:01 - [MESSAGE][PASSED] - Keys 'DOWN + ' sent to object: 'Object Repository/Objects.HighlightElements/input_field_index'

2020-06-05 13:41:01 - [TEST_STEP][PASSED] - delay(DelayTime): Delayed 2 second(s)

2020-06-05 13:41:03 - [MESSAGE][PASSED] - Delayed 2 second(s)

2020-06-05 13:41:03 - [TEST_STEP][PASSED] - sendKeys(NewInputNmField, Keys.chord(ENTER)): Keys 'ENTER + ' sent to object: 'Object Repository/Objects.HighlightElements/input_field_index'

2020-06-05 13:41:03 - [MESSAGE][PASSED] - Keys 'ENTER + ' sent to object: 'Object Repository/Objects.HighlightElements/input_field_index'

2020-06-05 13:41:03 - [TEST_STEP][PASSED] - ComboBoxValue = getAttribute(NewInputNmField, "value"): Attribute 'value' of object 'Object Repository/Objects.HighlightElements/input_field_index' is: 'Tan Kwan Joo (KWANJOO)'

2020-06-05 13:41:03 - [MESSAGE][PASSED] - Attribute 'value' of object 'Object Repository/Objects.HighlightElements/input_field_index' is: 'Tan Kwan Joo (KWANJOO)'

2020-06-05 13:41:03 - [TEST_STEP][PASSED] - callTestCase(findTestCase(CallTCName), ["FindValue":ComboBoxValue, "DropdownNm":comboNm], STOP_ON_FAILURE): Call Test Case 'Test Cases/PFI Precision and Scale/HashMap Tables/OfficerLists' successfully

2020-06-05 13:41:03 - [TEST_CASE][PASSED] - Test Cases/PFI Precision and Scale/HashMap Tables/OfficerLists: Test Cases/PFI Precision and Scale/HashMap Tables/OfficerLists

2020-06-05 13:41:03 - [TEST_STEP][PASSED] - Thread.sleep(1000): null

2020-06-05 13:41:04 - [TEST_STEP][PASSED] - OfficerLists = [1:"Aaron Sham Wai Lun (AARON)", 2:"Azidah Bte Akmad (Mdm) (USAABD)", 3:"Chung Fong Nyen (USACFN)", 4:"David Tey Dah Wei (DAHWEI)", ... ]: null

2020-06-05 13:41:04 - [TEST_STEP][PASSED] - ValueFound = OfficerLists.find({ -> ... }): null

2020-06-05 13:41:04 - [MESSAGE][PASSED] - Call Test Case 'Test Cases/PFI Precision and Scale/HashMap Tables/OfficerLists' successfully

2020-06-05 13:41:04 - [TEST_STEP][PASSED] - println(ValueFound): null

2020-06-05 13:41:04 - [TEST_STEP][PASSED] - sendKeys(NewInputNmField, Keys.chord(ARROW_DOWN)): Keys 'DOWN + ' sent to object: 'Object Repository/Objects.HighlightElements/input_field_index'

2020-06-05 13:41:04 - [MESSAGE][PASSED] - Keys 'DOWN + ' sent to object: 'Object Repository/Objects.HighlightElements/input_field_index'

2020-06-05 13:41:04 - [TEST_STEP][PASSED] - sendKeys(NewInputNmField, Keys.chord(ARROW_DOWN)): Keys 'DOWN + ' sent to object: 'Object Repository/Objects.HighlightElements/input_field_index'

2020-06-05 13:41:04 - [MESSAGE][PASSED] - Keys 'DOWN + ' sent to object: 'Object Repository/Objects.HighlightElements/input_field_index'

2020-06-05 13:41:04 - [TEST_STEP][PASSED] - delay(DelayTime): Delayed 2 second(s)

2020-06-05 13:41:06 - [MESSAGE][PASSED] - Delayed 2 second(s)

2020-06-05 13:41:06 - [TEST_STEP][PASSED] - sendKeys(NewInputNmField, Keys.chord(ENTER)): Keys 'ENTER + ' sent to object: 'Object Repository/Objects.HighlightElements/input_field_index'

2020-06-05 13:41:06 - [MESSAGE][PASSED] - Keys 'ENTER + ' sent to object: 'Object Repository/Objects.HighlightElements/input_field_index'

2020-06-05 13:41:06 - [TEST_STEP][PASSED] - ComboBoxValue = getAttribute(NewInputNmField, "value"): Attribute 'value' of object 'Object Repository/Objects.HighlightElements/input_field_index' is: 'Titus Chua Hwa Ping (TITUS)'

2020-06-05 13:41:06 - [MESSAGE][PASSED] - Attribute 'value' of object 'Object Repository/Objects.HighlightElements/input_field_index' is: 'Titus Chua Hwa Ping (TITUS)'

2020-06-05 13:41:06 - [TEST_STEP][PASSED] - callTestCase(findTestCase(CallTCName), ["FindValue":ComboBoxValue, "DropdownNm":comboNm], STOP_ON_FAILURE): Call Test Case 'Test Cases/PFI Precision and Scale/HashMap Tables/OfficerLists' successfully

2020-06-05 13:41:06 - [TEST_CASE][PASSED] - Test Cases/PFI Precision and Scale/HashMap Tables/OfficerLists: Test Cases/PFI Precision and Scale/HashMap Tables/OfficerLists

2020-06-05 13:41:06 - [TEST_STEP][PASSED] - Thread.sleep(1000): null

2020-06-05 13:41:07 - [TEST_STEP][PASSED] - OfficerLists = [1:"Aaron Sham Wai Lun (AARON)", 2:"Azidah Bte Akmad (Mdm) (USAABD)", 3:"Chung Fong Nyen (USACFN)", 4:"David Tey Dah Wei (DAHWEI)", ... ]: null

2020-06-05 13:41:07 - [TEST_STEP][PASSED] - ValueFound = OfficerLists.find({ -> ... }): null

2020-06-05 13:41:07 - [MESSAGE][PASSED] - Call Test Case 'Test Cases/PFI Precision and Scale/HashMap Tables/OfficerLists' successfully

2020-06-05 13:41:07 - [TEST_STEP][PASSED] - println(ValueFound): null

2020-06-05 13:41:07 - [TEST_STEP][PASSED] - sendKeys(NewInputNmField, Keys.chord(ARROW_DOWN)): Keys 'DOWN + ' sent to object: 'Object Repository/Objects.HighlightElements/input_field_index'

2020-06-05 13:41:07 - [MESSAGE][PASSED] - Keys 'DOWN + ' sent to object: 'Object Repository/Objects.HighlightElements/input_field_index'

2020-06-05 13:41:07 - [TEST_STEP][PASSED] - sendKeys(NewInputNmField, Keys.chord(ENTER)): Keys 'ENTER + ' sent to object: 'Object Repository/Objects.HighlightElements/input_field_index'

2020-06-05 13:41:07 - [MESSAGE][PASSED] - Keys 'ENTER + ' sent to object: 'Object Repository/Objects.HighlightElements/input_field_index'

2020-06-05 13:41:07 - [MESSAGE][PASSED] - Call Test Case 'Test Cases/PFI Precision and Scale/PFI Components with Indexing/VerifyDropdownValuesXPI' successfully

2020-06-05 13:41:07 - [TEST_STEP][PASSED] - callTestCase(findTestCase("Components/SelectAllThenDeleteIndex"), ["nameToBeUsed":"officer", "index":"1"], STOP_ON_FAILURE): Call Test Case 'Test Cases/Components/SelectAllThenDeleteIndex' successfully

2020-06-05 13:41:07 - [TEST_CASE][PASSED] - Test Cases/Components/SelectAllThenDeleteIndex: Test Cases/Components/SelectAllThenDeleteIndex

2020-06-05 13:41:07 - [TEST_STEP][PASSED] - Thread.sleep(1000): null

2020-06-05 13:41:08 - [TEST_STEP][PASSED] - modifiedObj = modifyObjectProperty(findTestObject("Object Repository/Objects.HighlightElements/input_field_index"), "xpath", "equals", "(//*[contains(@class,'x-form-text') and (@name='" + nameToBeUsed + "')])[" + index + "]", true): Modify property of object successfully

2020-06-05 13:41:08 - [MESSAGE][PASSED] - Modify property of object successfully

2020-06-05 13:41:08 - [TEST_STEP][PASSED] - focus(modifiedObj): Object: 'Object Repository/Objects.HighlightElements/input_field_index' is focused

2020-06-05 13:41:08 - [MESSAGE][PASSED] - Object: 'Object Repository/Objects.HighlightElements/input_field_index' is focused

2020-06-05 13:41:08 - [TEST_STEP][PASSED] - sendKeys(modifiedObj, Keys.chord(CONTROL, "a")): Keys 'CONTROL + a' sent to object: 'Object Repository/Objects.HighlightElements/input_field_index'

2020-06-05 13:41:08 - [MESSAGE][PASSED] - Keys 'CONTROL + a' sent to object: 'Object Repository/Objects.HighlightElements/input_field_index'

2020-06-05 13:41:08 - [TEST_STEP][PASSED] - sendKeys(modifiedObj, Keys.chord(DELETE)): Keys 'DELETE + ' sent to object: 'Object Repository/Objects.HighlightElements/input_field_index'

2020-06-05 13:41:09 - [MESSAGE][PASSED] - Keys 'DELETE + ' sent to object: 'Object Repository/Objects.HighlightElements/input_field_index'

2020-06-05 13:41:09 - [MESSAGE][PASSED] - Call Test Case 'Test Cases/Components/SelectAllThenDeleteIndex' successfully

2020-06-05 13:41:09 - [TEST_STEP][PASSED] - callTestCase(findTestCase("PFI Precision and Scale/PFI Components with Indexing/RequiredFieldValidationIndex"), ["nameToBeUsed":"officer", "index":1], STOP_ON_FAILURE): Call Test Case 'Test Cases/PFI Precision and Scale/PFI Components with Indexing/RequiredFieldValidationIndex' successfully

2020-06-05 13:41:09 - [TEST_CASE][PASSED] - Test Cases/PFI Precision and Scale/PFI Components with Indexing/RequiredFieldValidationIndex: Test Cases/PFI Precision and Scale/PFI Components with Indexing/RequiredFieldValidationIndex

2020-06-05 13:41:09 - [TEST_STEP][PASSED] - Thread.sleep(2000): null

2020-06-05 13:41:11 - [TEST_STEP][PASSED] - NewInputNmField = modifyObjectProperty(findTestObject("Objects.HighlightElements/input_field_index"), "xpath", "equals", "(//*[contains(@class,'x-form-text') and (@name='" + nameToBeUsed + "')])[" + index + "]", true): Modify property of object successfully

2020-06-05 13:41:11 - [MESSAGE][PASSED] - Modify property of object successfully

2020-06-05 13:41:11 - [TEST_STEP][PASSED] - mouseOver(NewInputNmField): Object: 'Object Repository/Objects.HighlightElements/input_field_index' is hovered

2020-06-05 13:41:11 - [MESSAGE][PASSED] - Object: 'Object Repository/Objects.HighlightElements/input_field_index' is hovered

2020-06-05 13:41:11 - [TEST_STEP][PASSED] - getRqErrMsg = getAttribute(NewInputNmField, "data-errorqtip"): Attribute 'data-errorqtip' of object 'Object Repository/Objects.HighlightElements/input_field_index' is: '<ul class="x-list-plain"><li>This field is required</li></ul>'

2020-06-05 13:41:11 - [MESSAGE][PASSED] - Attribute 'data-errorqtip' of object 'Object Repository/Objects.HighlightElements/input_field_index' is: '<ul class="x-list-plain"><li>This field is required</li></ul>'

2020-06-05 13:41:11 - [TEST_STEP][PASSED] - strToolTip = getRqErrMsg.substring(29, 61): null

2020-06-05 13:41:11 - [TEST_STEP][PASSED] - toolTipReqErrMsg = strToolTip.substring(0, 22): null

2020-06-05 13:41:11 - [TEST_STEP][PASSED] - verifyMatch(toolTipReqErrMsg, RqField, true): Actual text 'This field is required' and expected text 'This field is required' are matched  using regular expression

2020-06-05 13:41:11 - [MESSAGE][PASSED] - Actual text 'This field is required' and expected text 'This field is required' are matched  using regular expression

2020-06-05 13:41:11 - [MESSAGE][PASSED] - Call Test Case 'Test Cases/PFI Precision and Scale/PFI Components with Indexing/RequiredFieldValidationIndex' successfully

2020-06-05 13:41:11 - [TEST_STEP][PASSED] - callTestCase(findTestCase("Components/HighlightLabelFieldXPI"), ["LblName":"Weightage", "index":1], STOP_ON_FAILURE): Call Test Case 'Test Cases/Components/HighlightLabelFieldXPI' successfully

2020-06-05 13:41:11 - [TEST_CASE][PASSED] - Test Cases/Components/HighlightLabelFieldXPI: Test Cases/Components/HighlightLabelFieldXPI

2020-06-05 13:41:11 - [TEST_STEP][PASSED] - Thread.sleep(1000): null

2020-06-05 13:41:12 - [TEST_STEP][PASSED] - modifiedLblNm = modifyObjectProperty(findTestObject("Object Repository/Objects.HighlightElements/lblField_index"), "xpath", "equals", "(//*[contains(@class, 'x-form-item-label-inner x-form-item-label-inner-default') and contains(., '" + LblName + "')])[" + index + "]", true): Modify property of object successfully

2020-06-05 13:41:12 - [MESSAGE][PASSED] - Modify property of object successfully

2020-06-05 13:41:12 - [TEST_STEP][PASSED] - com.reusableComponents.HighlightElement.run(modifiedLblNm): com.reusableComponents.HighlightElement.run is PASSED

2020-06-05 13:41:13 - [MESSAGE][PASSED] - com.reusableComponents.HighlightElement.run is PASSED

2020-06-05 13:41:13 - [MESSAGE][PASSED] - Call Test Case 'Test Cases/Components/HighlightLabelFieldXPI' successfully

2020-06-05 13:41:13 - [TEST_STEP][PASSED] - callTestCase(findTestCase("Components/HighlightInputFieldXPI"), ["FldNm":"inspWeight", "index":1], STOP_ON_FAILURE): Call Test Case 'Test Cases/Components/HighlightInputFieldXPI' successfully

2020-06-05 13:41:13 - [TEST_CASE][PASSED] - Test Cases/Components/HighlightInputFieldXPI: Test Cases/Components/HighlightInputFieldXPI

2020-06-05 13:41:13 - [TEST_STEP][PASSED] - Thread.sleep(1000): null

2020-06-05 13:41:14 - [TEST_STEP][PASSED] - modifiedInputNm = modifyObjectProperty(findTestObject("Object Repository/Objects.HighlightElements/input_field_index"), "xpath", "equals", "(//*[contains(@name, '" + FldNm + "')])[" + index + "]", true): Modify property of object successfully

2020-06-05 13:41:14 - [MESSAGE][PASSED] - Modify property of object successfully

2020-06-05 13:41:14 - [TEST_STEP][PASSED] - com.reusableComponents.HighlightElement.run(modifiedInputNm): com.reusableComponents.HighlightElement.run is PASSED

2020-06-05 13:41:14 - [MESSAGE][PASSED] - com.reusableComponents.HighlightElement.run is PASSED

2020-06-05 13:41:14 - [MESSAGE][PASSED] - Call Test Case 'Test Cases/Components/HighlightInputFieldXPI' successfully

2020-06-05 13:41:14 - [TEST_STEP][PASSED] - callTestCase(findTestCase("PFI Precision and Scale/PFI Components with Indexing/VerifyDefaultValueIndex"), ["FieldNm":"inspWeight", "index":1, "labelNm":"", "i":0], STOP_ON_FAILURE): Call Test Case 'Test Cases/PFI Precision and Scale/PFI Components with Indexing/VerifyDefaultValueIndex' successfully

2020-06-05 13:41:14 - [TEST_CASE][PASSED] - Test Cases/PFI Precision and Scale/PFI Components with Indexing/VerifyDefaultValueIndex: Test Cases/PFI Precision and Scale/PFI Components with Indexing/VerifyDefaultValueIndex

2020-06-05 13:41:15 - [TEST_STEP][PASSED] - Thread.sleep(1000): null

2020-06-05 13:41:16 - [TEST_STEP][PASSED] - DefaultValueHM = ["periodType":"Working Day(s)", "noOfDays":"14", "inspWeight":"1", "inspModule":"PSI", "inspCaseType":"PSI Processing (SM)"]: null

2020-06-05 13:41:16 - [TEST_STEP][PASSED] - NewFieldNm = modifyObjectProperty(findTestObject("Object Repository/Objects.HighlightElements/input_field_index"), "xpath", "equals", "(//*[contains(@name,'" + FieldNm + "')])[" + index + "]", true): Modify property of object successfully

2020-06-05 13:41:16 - [MESSAGE][PASSED] - Modify property of object successfully

2020-06-05 13:41:16 - [TEST_STEP][PASSED] - focus(NewFieldNm): Object: 'Object Repository/Objects.HighlightElements/input_field_index' is focused

2020-06-05 13:41:16 - [MESSAGE][PASSED] - Object: 'Object Repository/Objects.HighlightElements/input_field_index' is focused

2020-06-05 13:41:16 - [TEST_STEP][PASSED] - DefVal = getAttribute(NewFieldNm, "value", STOP_ON_FAILURE): Attribute 'value' of object 'Object Repository/Objects.HighlightElements/input_field_index' is: '1'

2020-06-05 13:41:16 - [MESSAGE][PASSED] - Attribute 'value' of object 'Object Repository/Objects.HighlightElements/input_field_index' is: '1'

2020-06-05 13:41:16 - [TEST_STEP][PASSED] - switch (FieldNm): null

2020-06-05 13:41:16 - [TEST_STEP][PASSED] - Default: null

2020-06-05 13:41:16 - [TEST_STEP][PASSED] - ExpectedDefVal = DefaultValueHM.get(FieldNm): null

2020-06-05 13:41:16 - [TEST_STEP][PASSED] - if (ExpectedDefVal != null): Actual text '1' and expected text '1' are matched  using regular expression

2020-06-05 13:41:16 - [TEST_STEP][PASSED] - verifyMatch(DefVal, ExpectedDefVal, true): Actual text '1' and expected text '1' are matched  using regular expression

2020-06-05 13:41:16 - [MESSAGE][PASSED] - Actual text '1' and expected text '1' are matched  using regular expression

2020-06-05 13:41:16 - [TEST_STEP][PASSED] - break: null

2020-06-05 13:41:16 - [MESSAGE][PASSED] - Call Test Case 'Test Cases/PFI Precision and Scale/PFI Components with Indexing/VerifyDefaultValueIndex' successfully

2020-06-05 13:41:16 - [TEST_STEP][PASSED] - callTestCase(findTestCase("PFI Precision and Scale/PFI Components/NumericTextboxValidationII"), ["nameToBeUsed":"inspWeight", "minLen":5], STOP_ON_FAILURE): Call Test Case 'Test Cases/PFI Precision and Scale/PFI Components/NumericTextboxValidationII' successfully

2020-06-05 13:41:16 - [TEST_CASE][PASSED] - Test Cases/PFI Precision and Scale/PFI Components/NumericTextboxValidationII: Test Cases/PFI Precision and Scale/PFI Components/NumericTextboxValidationII

2020-06-05 13:41:16 - [TEST_STEP][PASSED] - Thread.sleep(1000): null

2020-06-05 13:41:17 - [TEST_STEP][PASSED] - Numeric = "0123456789": null

2020-06-05 13:41:17 - [TEST_STEP][PASSED] - AlphaSpecialChar = z) + "`~!@#$%^&*()=_{}|\][;'":,?><"".join(): null

2020-06-05 13:41:17 - [TEST_STEP][PASSED] - RandomNumeric = RandomStringUtils.random(minLen, Numeric.toCharArray()): null

2020-06-05 13:41:17 - [TEST_STEP][PASSED] - RandomString = RandomStringUtils.random(minLen, AlphaSpecialChar): null

2020-06-05 13:41:17 - [TEST_STEP][PASSED] - regexPat = Pattern.compile("^[0-9]+$"): null

2020-06-05 13:41:17 - [TEST_STEP][PASSED] - NewInputNmField = modifyObjectProperty(findTestObject("Objects.RemarksValidation/input_Remarks"), "name", "equals", nameToBeUsed, true): Modify property of object successfully

2020-06-05 13:41:17 - [MESSAGE][PASSED] - Modify property of object successfully

2020-06-05 13:41:17 - [TEST_STEP][PASSED] - focus(NewInputNmField): Object: 'Object Repository/Objects.RemarksValidation/input_Remarks' is focused

2020-06-05 13:41:17 - [MESSAGE][PASSED] - Object: 'Object Repository/Objects.RemarksValidation/input_Remarks' is focused

2020-06-05 13:41:17 - [TEST_STEP][PASSED] - setText(NewInputNmField, RandomString): Text 'LqiB<' is set on object 'Object Repository/Objects.RemarksValidation/input_Remarks'

2020-06-05 13:41:17 - [MESSAGE][PASSED] - Text 'LqiB<' is set on object 'Object Repository/Objects.RemarksValidation/input_Remarks'

2020-06-05 13:41:17 - [TEST_STEP][PASSED] - GetInputVal = getAttribute(NewInputNmField, "value"): Attribute 'value' of object 'Object Repository/Objects.RemarksValidation/input_Remarks' is: ''

2020-06-05 13:41:17 - [MESSAGE][PASSED] - Attribute 'value' of object 'Object Repository/Objects.RemarksValidation/input_Remarks' is: ''

2020-06-05 13:41:17 - [TEST_STEP][PASSED] - if (GetInputVal.contains("e")): null

2020-06-05 13:41:17 - [TEST_STEP][PASSED] - else: Actual text '' and expected text '' are matched  using regular expression

2020-06-05 13:41:17 - [TEST_STEP][PASSED] - verifyMatch(GetInputVal, "", true): Actual text '' and expected text '' are matched  using regular expression

2020-06-05 13:41:17 - [MESSAGE][PASSED] - Actual text '' and expected text '' are matched  using regular expression

2020-06-05 13:41:17 - [TEST_STEP][PASSED] - setText(NewInputNmField, RandomNumeric): Text '07994' is set on object 'Object Repository/Objects.RemarksValidation/input_Remarks'

2020-06-05 13:41:17 - [MESSAGE][PASSED] - Text '07994' is set on object 'Object Repository/Objects.RemarksValidation/input_Remarks'

2020-06-05 13:41:17 - [TEST_STEP][PASSED] - GetEnteredIntegers = getAttribute(NewInputNmField, "value"): Attribute 'value' of object 'Object Repository/Objects.RemarksValidation/input_Remarks' is: '07994'

2020-06-05 13:41:17 - [MESSAGE][PASSED] - Attribute 'value' of object 'Object Repository/Objects.RemarksValidation/input_Remarks' is: '07994'

2020-06-05 13:41:17 - [TEST_STEP][PASSED] - matchStr = regexPat.matcher(GetEnteredIntegers): null

2020-06-05 13:41:17 - [TEST_STEP][PASSED] - if (matchStr.matches() == true): Accepting Numeric

2020-06-05 13:41:17 - [TEST_STEP][PASSED] - comment("Accepting Numeric"): Accepting Numeric

2020-06-05 13:41:17 - [MESSAGE][INFO] - Accepting Numeric

2020-06-05 13:41:17 - [MESSAGE][PASSED] - Call Test Case 'Test Cases/PFI Precision and Scale/PFI Components/NumericTextboxValidationII' successfully

2020-06-05 13:41:17 - [TEST_STEP][PASSED] - callTestCase(findTestCase("PFI Precision and Scale/PFI Components with Indexing/SpinnerUpIndex"), ["InputName":"inspWeight", "nmIndex":1, "indexUp":2, "itr":10], STOP_ON_FAILURE): Call Test Case 'Test Cases/PFI Precision and Scale/PFI Components with Indexing/SpinnerUpIndex' successfully

2020-06-05 13:41:17 - [TEST_CASE][PASSED] - Test Cases/PFI Precision and Scale/PFI Components with Indexing/SpinnerUpIndex: Test Cases/PFI Precision and Scale/PFI Components with Indexing/SpinnerUpIndex

2020-06-05 13:41:17 - [TEST_STEP][PASSED] - Thread.sleep(1000): null

2020-06-05 13:41:18 - [TEST_STEP][PASSED] - counterUp = modifyObjectProperty(findTestObject("Objects.CounterValidation/counter_icon_up"), "xpath", "equals", "(//*[contains(@class,'x-form-spinner x-form-spinner-default x-form-spinner-up x-form-spinner-up-default ')])[" + indexUp + "]", true): Modify property of object successfully

2020-06-05 13:41:18 - [MESSAGE][PASSED] - Modify property of object successfully

2020-06-05 13:41:18 - [TEST_STEP][PASSED] - modifiedInputNm = modifyObjectProperty(findTestObject("Object Repository/Objects.HighlightElements/input_field_index"), "xpath", "equals", "(//*[contains(@class,'x-form-text') and (@name='" + InputName + "')])[" + nmIndex + "]", true): Modify property of object successfully

2020-06-05 13:41:18 - [MESSAGE][PASSED] - Modify property of object successfully

2020-06-05 13:41:18 - [TEST_STEP][PASSED] - GetCurrentValue = getAttribute(modifiedInputNm, "value"): Attribute 'value' of object 'Object Repository/Objects.HighlightElements/input_field_index' is: '07994'

2020-06-05 13:41:18 - [MESSAGE][PASSED] - Attribute 'value' of object 'Object Repository/Objects.HighlightElements/input_field_index' is: '07994'

2020-06-05 13:41:18 - [TEST_STEP][PASSED] - for ([i = 0, i <= itr, (i++)]): Object: 'Object Repository/Objects.CounterValidation/counter_icon_up' is clicked on

2020-06-05 13:41:18 - [TEST_STEP][PASSED] - click(counterUp): Object: 'Object Repository/Objects.CounterValidation/counter_icon_up' is clicked on

2020-06-05 13:41:19 - [MESSAGE][PASSED] - Object: 'Object Repository/Objects.CounterValidation/counter_icon_up' is clicked on

2020-06-05 13:41:19 - [TEST_STEP][PASSED] - click(counterUp): Object: 'Object Repository/Objects.CounterValidation/counter_icon_up' is clicked on

2020-06-05 13:41:19 - [MESSAGE][PASSED] - Object: 'Object Repository/Objects.CounterValidation/counter_icon_up' is clicked on

2020-06-05 13:41:19 - [TEST_STEP][PASSED] - click(counterUp): Object: 'Object Repository/Objects.CounterValidation/counter_icon_up' is clicked on

2020-06-05 13:41:19 - [MESSAGE][PASSED] - Object: 'Object Repository/Objects.CounterValidation/counter_icon_up' is clicked on

2020-06-05 13:41:19 - [TEST_STEP][PASSED] - click(counterUp): Object: 'Object Repository/Objects.CounterValidation/counter_icon_up' is clicked on

2020-06-05 13:41:19 - [MESSAGE][PASSED] - Object: 'Object Repository/Objects.CounterValidation/counter_icon_up' is clicked on

2020-06-05 13:41:19 - [TEST_STEP][PASSED] - click(counterUp): Object: 'Object Repository/Objects.CounterValidation/counter_icon_up' is clicked on

2020-06-05 13:41:19 - [MESSAGE][PASSED] - Object: 'Object Repository/Objects.CounterValidation/counter_icon_up' is clicked on

2020-06-05 13:41:19 - [TEST_STEP][PASSED] - click(counterUp): Object: 'Object Repository/Objects.CounterValidation/counter_icon_up' is clicked on

2020-06-05 13:41:19 - [MESSAGE][PASSED] - Object: 'Object Repository/Objects.CounterValidation/counter_icon_up' is clicked on

2020-06-05 13:41:19 - [TEST_STEP][PASSED] - click(counterUp): Object: 'Object Repository/Objects.CounterValidation/counter_icon_up' is clicked on

2020-06-05 13:41:19 - [MESSAGE][PASSED] - Object: 'Object Repository/Objects.CounterValidation/counter_icon_up' is clicked on

2020-06-05 13:41:19 - [TEST_STEP][PASSED] - click(counterUp): Object: 'Object Repository/Objects.CounterValidation/counter_icon_up' is clicked on

2020-06-05 13:41:19 - [MESSAGE][PASSED] - Object: 'Object Repository/Objects.CounterValidation/counter_icon_up' is clicked on

2020-06-05 13:41:19 - [TEST_STEP][PASSED] - click(counterUp): Object: 'Object Repository/Objects.CounterValidation/counter_icon_up' is clicked on

2020-06-05 13:41:19 - [MESSAGE][PASSED] - Object: 'Object Repository/Objects.CounterValidation/counter_icon_up' is clicked on

2020-06-05 13:41:19 - [TEST_STEP][PASSED] - click(counterUp): Object: 'Object Repository/Objects.CounterValidation/counter_icon_up' is clicked on

2020-06-05 13:41:19 - [MESSAGE][PASSED] - Object: 'Object Repository/Objects.CounterValidation/counter_icon_up' is clicked on

2020-06-05 13:41:19 - [TEST_STEP][PASSED] - click(counterUp): Object: 'Object Repository/Objects.CounterValidation/counter_icon_up' is clicked on

2020-06-05 13:41:19 - [MESSAGE][PASSED] - Object: 'Object Repository/Objects.CounterValidation/counter_icon_up' is clicked on

2020-06-05 13:41:19 - [TEST_STEP][PASSED] - NewValue = getAttribute(modifiedInputNm, "value"): Attribute 'value' of object 'Object Repository/Objects.HighlightElements/input_field_index' is: '8005'

2020-06-05 13:41:19 - [MESSAGE][PASSED] - Attribute 'value' of object 'Object Repository/Objects.HighlightElements/input_field_index' is: '8005'

2020-06-05 13:41:19 - [TEST_STEP][PASSED] - if (NewValue != findTestData("PrecisionAndScaleDB").getValue("MaxValue", 1)): Actual number '8005' is greater than expected number '07994'

2020-06-05 13:41:19 - [TEST_STEP][PASSED] - verifyGreaterThan(NewValue, GetCurrentValue, STOP_ON_FAILURE): Actual number '8005' is greater than expected number '07994'

2020-06-05 13:41:19 - [MESSAGE][PASSED] - Actual number '8005' is greater than expected number '07994'

2020-06-05 13:41:19 - [MESSAGE][PASSED] - Call Test Case 'Test Cases/PFI Precision and Scale/PFI Components with Indexing/SpinnerUpIndex' successfully

2020-06-05 13:41:19 - [TEST_STEP][PASSED] - callTestCase(findTestCase("PFI Precision and Scale/PFI Components with Indexing/SpinnerDownIndex"), ["InputName":"inspWeight", "nmIndex":1, "indexDown":2, "itr":20], STOP_ON_FAILURE): Call Test Case 'Test Cases/PFI Precision and Scale/PFI Components with Indexing/SpinnerDownIndex' successfully

2020-06-05 13:41:19 - [TEST_CASE][PASSED] - Test Cases/PFI Precision and Scale/PFI Components with Indexing/SpinnerDownIndex: Test Cases/PFI Precision and Scale/PFI Components with Indexing/SpinnerDownIndex

2020-06-05 13:41:20 - [TEST_STEP][PASSED] - Thread.sleep(1000): null

2020-06-05 13:41:21 - [TEST_STEP][PASSED] - counterUp = modifyObjectProperty(findTestObject("Objects.CounterValidation/counter_icon_up"), "xpath", "equals", "(//*[contains(@class,'x-form-spinner x-form-spinner-default x-form-spinner-down x-form-spinner-down-default ')])[" + indexDown + "]", true): Modify property of object successfully

2020-06-05 13:41:21 - [MESSAGE][PASSED] - Modify property of object successfully

2020-06-05 13:41:21 - [TEST_STEP][PASSED] - modifiedInputNm = modifyObjectProperty(findTestObject("Object Repository/Objects.HighlightElements/input_field_index"), "xpath", "equals", "(//*[contains(@class,'x-form-text') and (@name='" + InputName + "')])[" + nmIndex + "]", true): Modify property of object successfully

2020-06-05 13:41:21 - [MESSAGE][PASSED] - Modify property of object successfully

2020-06-05 13:41:21 - [TEST_STEP][PASSED] - GetCurrentValue = getAttribute(modifiedInputNm, "value"): Attribute 'value' of object 'Object Repository/Objects.HighlightElements/input_field_index' is: '8005'

2020-06-05 13:41:21 - [MESSAGE][PASSED] - Attribute 'value' of object 'Object Repository/Objects.HighlightElements/input_field_index' is: '8005'

2020-06-05 13:41:21 - [TEST_STEP][PASSED] - for ([i = 0, i <= itr, (i++)]): Object: 'Object Repository/Objects.CounterValidation/counter_icon_up' is clicked on

2020-06-05 13:41:21 - [TEST_STEP][PASSED] - click(counterUp): Object: 'Object Repository/Objects.CounterValidation/counter_icon_up' is clicked on

2020-06-05 13:41:21 - [MESSAGE][PASSED] - Object: 'Object Repository/Objects.CounterValidation/counter_icon_up' is clicked on

2020-06-05 13:41:21 - [TEST_STEP][PASSED] - click(counterUp): Object: 'Object Repository/Objects.CounterValidation/counter_icon_up' is clicked on

2020-06-05 13:41:21 - [MESSAGE][PASSED] - Object: 'Object Repository/Objects.CounterValidation/counter_icon_up' is clicked on

2020-06-05 13:41:21 - [TEST_STEP][PASSED] - click(counterUp): Object: 'Object Repository/Objects.CounterValidation/counter_icon_up' is clicked on

2020-06-05 13:41:21 - [MESSAGE][PASSED] - Object: 'Object Repository/Objects.CounterValidation/counter_icon_up' is clicked on

2020-06-05 13:41:21 - [TEST_STEP][PASSED] - click(counterUp): Object: 'Object Repository/Objects.CounterValidation/counter_icon_up' is clicked on

2020-06-05 13:41:21 - [MESSAGE][PASSED] - Object: 'Object Repository/Objects.CounterValidation/counter_icon_up' is clicked on

2020-06-05 13:41:21 - [TEST_STEP][PASSED] - click(counterUp): Object: 'Object Repository/Objects.CounterValidation/counter_icon_up' is clicked on

2020-06-05 13:41:21 - [MESSAGE][PASSED] - Object: 'Object Repository/Objects.CounterValidation/counter_icon_up' is clicked on

2020-06-05 13:41:21 - [TEST_STEP][PASSED] - click(counterUp): Object: 'Object Repository/Objects.CounterValidation/counter_icon_up' is clicked on

2020-06-05 13:41:21 - [MESSAGE][PASSED] - Object: 'Object Repository/Objects.CounterValidation/counter_icon_up' is clicked on

2020-06-05 13:41:21 - [TEST_STEP][PASSED] - click(counterUp): Object: 'Object Repository/Objects.CounterValidation/counter_icon_up' is clicked on

2020-06-05 13:41:21 - [MESSAGE][PASSED] - Object: 'Object Repository/Objects.CounterValidation/counter_icon_up' is clicked on

2020-06-05 13:41:21 - [TEST_STEP][PASSED] - click(counterUp): Object: 'Object Repository/Objects.CounterValidation/counter_icon_up' is clicked on

2020-06-05 13:41:21 - [MESSAGE][PASSED] - Object: 'Object Repository/Objects.CounterValidation/counter_icon_up' is clicked on

2020-06-05 13:41:21 - [TEST_STEP][PASSED] - click(counterUp): Object: 'Object Repository/Objects.CounterValidation/counter_icon_up' is clicked on

2020-06-05 13:41:21 - [MESSAGE][PASSED] - Object: 'Object Repository/Objects.CounterValidation/counter_icon_up' is clicked on

2020-06-05 13:41:21 - [TEST_STEP][PASSED] - click(counterUp): Object: 'Object Repository/Objects.CounterValidation/counter_icon_up' is clicked on

2020-06-05 13:41:21 - [MESSAGE][PASSED] - Object: 'Object Repository/Objects.CounterValidation/counter_icon_up' is clicked on

2020-06-05 13:41:21 - [TEST_STEP][PASSED] - click(counterUp): Object: 'Object Repository/Objects.CounterValidation/counter_icon_up' is clicked on

2020-06-05 13:41:21 - [MESSAGE][PASSED] - Object: 'Object Repository/Objects.CounterValidation/counter_icon_up' is clicked on

2020-06-05 13:41:21 - [TEST_STEP][PASSED] - click(counterUp): Object: 'Object Repository/Objects.CounterValidation/counter_icon_up' is clicked on

2020-06-05 13:41:21 - [MESSAGE][PASSED] - Object: 'Object Repository/Objects.CounterValidation/counter_icon_up' is clicked on

2020-06-05 13:41:21 - [TEST_STEP][PASSED] - click(counterUp): Object: 'Object Repository/Objects.CounterValidation/counter_icon_up' is clicked on

2020-06-05 13:41:22 - [MESSAGE][PASSED] - Object: 'Object Repository/Objects.CounterValidation/counter_icon_up' is clicked on

2020-06-05 13:41:22 - [TEST_STEP][PASSED] - click(counterUp): Object: 'Object Repository/Objects.CounterValidation/counter_icon_up' is clicked on

2020-06-05 13:41:22 - [MESSAGE][PASSED] - Object: 'Object Repository/Objects.CounterValidation/counter_icon_up' is clicked on

2020-06-05 13:41:22 - [TEST_STEP][PASSED] - click(counterUp): Object: 'Object Repository/Objects.CounterValidation/counter_icon_up' is clicked on

2020-06-05 13:41:22 - [MESSAGE][PASSED] - Object: 'Object Repository/Objects.CounterValidation/counter_icon_up' is clicked on

2020-06-05 13:41:22 - [TEST_STEP][PASSED] - click(counterUp): Object: 'Object Repository/Objects.CounterValidation/counter_icon_up' is clicked on

2020-06-05 13:41:22 - [MESSAGE][PASSED] - Object: 'Object Repository/Objects.CounterValidation/counter_icon_up' is clicked on

2020-06-05 13:41:22 - [TEST_STEP][PASSED] - click(counterUp): Object: 'Object Repository/Objects.CounterValidation/counter_icon_up' is clicked on

2020-06-05 13:41:22 - [MESSAGE][PASSED] - Object: 'Object Repository/Objects.CounterValidation/counter_icon_up' is clicked on

2020-06-05 13:41:22 - [TEST_STEP][PASSED] - click(counterUp): Object: 'Object Repository/Objects.CounterValidation/counter_icon_up' is clicked on

2020-06-05 13:41:22 - [MESSAGE][PASSED] - Object: 'Object Repository/Objects.CounterValidation/counter_icon_up' is clicked on

2020-06-05 13:41:22 - [TEST_STEP][PASSED] - click(counterUp): Object: 'Object Repository/Objects.CounterValidation/counter_icon_up' is clicked on

2020-06-05 13:41:22 - [MESSAGE][PASSED] - Object: 'Object Repository/Objects.CounterValidation/counter_icon_up' is clicked on

2020-06-05 13:41:22 - [TEST_STEP][PASSED] - click(counterUp): Object: 'Object Repository/Objects.CounterValidation/counter_icon_up' is clicked on

2020-06-05 13:41:22 - [MESSAGE][PASSED] - Object: 'Object Repository/Objects.CounterValidation/counter_icon_up' is clicked on

2020-06-05 13:41:22 - [TEST_STEP][PASSED] - click(counterUp): Object: 'Object Repository/Objects.CounterValidation/counter_icon_up' is clicked on

2020-06-05 13:41:22 - [MESSAGE][PASSED] - Object: 'Object Repository/Objects.CounterValidation/counter_icon_up' is clicked on

2020-06-05 13:41:22 - [TEST_STEP][PASSED] - NewValue = getAttribute(modifiedInputNm, "value"): Attribute 'value' of object 'Object Repository/Objects.HighlightElements/input_field_index' is: '7984'

2020-06-05 13:41:22 - [MESSAGE][PASSED] - Attribute 'value' of object 'Object Repository/Objects.HighlightElements/input_field_index' is: '7984'

2020-06-05 13:41:22 - [TEST_STEP][PASSED] - if (NewValue != 0): Actual number '7984' is less than expected number '8005'

2020-06-05 13:41:22 - [TEST_STEP][PASSED] - verifyLessThan(NewValue, GetCurrentValue, STOP_ON_FAILURE): Actual number '7984' is less than expected number '8005'

2020-06-05 13:41:22 - [MESSAGE][PASSED] - Actual number '7984' is less than expected number '8005'

2020-06-05 13:41:22 - [MESSAGE][PASSED] - Call Test Case 'Test Cases/PFI Precision and Scale/PFI Components with Indexing/SpinnerDownIndex' successfully

2020-06-05 13:41:22 - [TEST_STEP][PASSED] - callTestCase(findTestCase("PFI Precision and Scale/PFI Components with Indexing/MaxNumericValidationIndex"), ["InputName":"inspWeight", "index":1, "numLength":11], STOP_ON_FAILURE): Call Test Case 'Test Cases/PFI Precision and Scale/PFI Components with Indexing/MaxNumericValidationIndex' successfully

2020-06-05 13:41:22 - [TEST_CASE][PASSED] - Test Cases/PFI Precision and Scale/PFI Components with Indexing/MaxNumericValidationIndex: Test Cases/PFI Precision and Scale/PFI Components with Indexing/MaxNumericValidationIndex

2020-06-05 13:41:23 - [TEST_STEP][PASSED] - Thread.sleep(1000): null

2020-06-05 13:41:24 - [TEST_STEP][PASSED] - NumLengthTBL = ["inspWeight":10, "noOfBldg":10, "postalCode":6]: null

2020-06-05 13:41:24 - [TEST_STEP][PASSED] - generateRandomNum = RandomStringUtils.randomNumeric(numLength): null

2020-06-05 13:41:24 - [TEST_STEP][PASSED] - NewInputNmField = modifyObjectProperty(findTestObject("Object Repository/Objects.HighlightElements/input_field_index"), "xpath", "equals", "(//*[contains(@class,'x-form-text') and (@name='" + InputName + "')])[" + index + "]", true): Modify property of object successfully

2020-06-05 13:41:24 - [MESSAGE][PASSED] - Modify property of object successfully

2020-06-05 13:41:24 - [TEST_STEP][PASSED] - setText(NewInputNmField, generateRandomNum): Text '59959160587' is set on object 'Object Repository/Objects.HighlightElements/input_field_index'

2020-06-05 13:41:24 - [MESSAGE][PASSED] - Text '59959160587' is set on object 'Object Repository/Objects.HighlightElements/input_field_index'

2020-06-05 13:41:24 - [TEST_STEP][PASSED] - GetEnteredRandom = getAttribute(NewInputNmField, "value", STOP_ON_FAILURE): Attribute 'value' of object 'Object Repository/Objects.HighlightElements/input_field_index' is: '5995916058'

2020-06-05 13:41:24 - [MESSAGE][PASSED] - Attribute 'value' of object 'Object Repository/Objects.HighlightElements/input_field_index' is: '5995916058'

2020-06-05 13:41:24 - [TEST_STEP][PASSED] - GetLength = GetEnteredRandom.length(): null

2020-06-05 13:41:24 - [TEST_STEP][PASSED] - MaxLength = NumLengthTBL.get(InputName): null

2020-06-05 13:41:24 - [TEST_STEP][PASSED] - verifyEqual(GetLength, MaxLength): Actual object '10' and expected object '10' are equal

2020-06-05 13:41:24 - [MESSAGE][PASSED] - Actual object '10' and expected object '10' are equal

2020-06-05 13:41:24 - [MESSAGE][PASSED] - Call Test Case 'Test Cases/PFI Precision and Scale/PFI Components with Indexing/MaxNumericValidationIndex' successfully

2020-06-05 13:41:24 - [TEST_STEP][PASSED] - callTestCase(findTestCase("PFI Precision and Scale/PFI Components with Indexing/MaxValueErrorIndex"), ["InputName":"inspWeight", "index":1], STOP_ON_FAILURE): Call Test Case 'Test Cases/PFI Precision and Scale/PFI Components with Indexing/MaxValueErrorIndex' successfully

2020-06-05 13:41:24 - [TEST_CASE][PASSED] - Test Cases/PFI Precision and Scale/PFI Components with Indexing/MaxValueErrorIndex: Test Cases/PFI Precision and Scale/PFI Components with Indexing/MaxValueErrorIndex

2020-06-05 13:41:24 - [TEST_STEP][PASSED] - Thread.sleep(1000): null

2020-06-05 13:41:25 - [TEST_STEP][PASSED] - NewInputNmField = modifyObjectProperty(findTestObject("Object Repository/Objects.HighlightElements/input_field_index"), "xpath", "equals", "(//*[contains(@class,'x-form-text') and (@name='" + InputName + "')])[" + index + "]", true): Modify property of object successfully

2020-06-05 13:41:25 - [MESSAGE][PASSED] - Modify property of object successfully

2020-06-05 13:41:25 - [TEST_STEP][PASSED] - GetValue = getAttribute(NewInputNmField, "value"): Attribute 'value' of object 'Object Repository/Objects.HighlightElements/input_field_index' is: '5995916058'

2020-06-05 13:41:25 - [MESSAGE][PASSED] - Attribute 'value' of object 'Object Repository/Objects.HighlightElements/input_field_index' is: '5995916058'

2020-06-05 13:41:25 - [TEST_STEP][PASSED] - if (GetValue < findTestData("PrecisionAndScaleDB").getValue("MaxValue", 1)): null

2020-06-05 13:41:25 - [TEST_STEP][PASSED] - GetToolTipErr = getAttribute(NewInputNmField, "data-errorqtip"): Attribute 'data-errorqtip' of object 'Object Repository/Objects.HighlightElements/input_field_index' is: '<ul class="x-list-plain"><li>The maximum value for this field is 2147483647</li></ul>'

2020-06-05 13:41:25 - [MESSAGE][PASSED] - Attribute 'data-errorqtip' of object 'Object Repository/Objects.HighlightElements/input_field_index' is: '<ul class="x-list-plain"><li>The maximum value for this field is 2147483647</li></ul>'

2020-06-05 13:41:25 - [TEST_STEP][PASSED] - TotalLength = GetToolTipErr.length() - 10: null

2020-06-05 13:41:25 - [TEST_STEP][PASSED] - RmvULcd = GetToolTipErr.substring(0, TotalLength): null

2020-06-05 13:41:25 - [TEST_STEP][PASSED] - NewLen = RmvULcd.length(): null

2020-06-05 13:41:25 - [TEST_STEP][PASSED] - ActualErrMessage = RmvULcd.substring(29, NewLen): null

2020-06-05 13:41:25 - [TEST_STEP][PASSED] - delay(5): Delayed 5 second(s)

2020-06-05 13:41:30 - [MESSAGE][PASSED] - Delayed 5 second(s)

2020-06-05 13:41:30 - [TEST_STEP][PASSED] - mouseOver(NewInputNmField): Object: 'Object Repository/Objects.HighlightElements/input_field_index' is hovered

2020-06-05 13:41:30 - [MESSAGE][PASSED] - Object: 'Object Repository/Objects.HighlightElements/input_field_index' is hovered

2020-06-05 13:41:30 - [TEST_STEP][PASSED] - verifyMatch(ActualErrMessage, findTestData("PrecisionAndScaleDB").getValue("ErrorMessage", 8), true): Actual text 'The maximum value for this field is 2147483647' and expected text 'The maximum value for this field is 2147483647' are matched  using regular expression

2020-06-05 13:41:30 - [MESSAGE][PASSED] - Actual text 'The maximum value for this field is 2147483647' and expected text 'The maximum value for this field is 2147483647' are matched  using regular expression

2020-06-05 13:41:30 - [MESSAGE][PASSED] - Call Test Case 'Test Cases/PFI Precision and Scale/PFI Components with Indexing/MaxValueErrorIndex' successfully

2020-06-05 13:41:30 - [TEST_STEP][PASSED] - callTestCase(findTestCase("Components/HighlightLabelFieldXPI"), ["LblName":"No of Building Inspected", "index":1], STOP_ON_FAILURE): Call Test Case 'Test Cases/Components/HighlightLabelFieldXPI' successfully

2020-06-05 13:41:30 - [TEST_CASE][PASSED] - Test Cases/Components/HighlightLabelFieldXPI: Test Cases/Components/HighlightLabelFieldXPI

2020-06-05 13:41:31 - [TEST_STEP][PASSED] - Thread.sleep(1000): null

2020-06-05 13:41:32 - [TEST_STEP][PASSED] - modifiedLblNm = modifyObjectProperty(findTestObject("Object Repository/Objects.HighlightElements/lblField_index"), "xpath", "equals", "(//*[contains(@class, 'x-form-item-label-inner x-form-item-label-inner-default') and contains(., '" + LblName + "')])[" + index + "]", true): Modify property of object successfully

2020-06-05 13:41:32 - [MESSAGE][PASSED] - Modify property of object successfully

2020-06-05 13:41:32 - [TEST_STEP][PASSED] - com.reusableComponents.HighlightElement.run(modifiedLblNm): com.reusableComponents.HighlightElement.run is PASSED

2020-06-05 13:41:32 - [MESSAGE][PASSED] - com.reusableComponents.HighlightElement.run is PASSED

2020-06-05 13:41:32 - [MESSAGE][PASSED] - Call Test Case 'Test Cases/Components/HighlightLabelFieldXPI' successfully

2020-06-05 13:41:32 - [TEST_STEP][PASSED] - callTestCase(findTestCase("Components/HighlightInputFieldXPI"), ["FldNm":"noOfBldg", "index":1], STOP_ON_FAILURE): Call Test Case 'Test Cases/Components/HighlightInputFieldXPI' successfully

2020-06-05 13:41:32 - [TEST_CASE][PASSED] - Test Cases/Components/HighlightInputFieldXPI: Test Cases/Components/HighlightInputFieldXPI

2020-06-05 13:41:32 - [TEST_STEP][PASSED] - Thread.sleep(1000): null

2020-06-05 13:41:33 - [TEST_STEP][PASSED] - modifiedInputNm = modifyObjectProperty(findTestObject("Object Repository/Objects.HighlightElements/input_field_index"), "xpath", "equals", "(//*[contains(@name, '" + FldNm + "')])[" + index + "]", true): Modify property of object successfully

2020-06-05 13:41:33 - [MESSAGE][PASSED] - Modify property of object successfully

2020-06-05 13:41:33 - [TEST_STEP][PASSED] - com.reusableComponents.HighlightElement.run(modifiedInputNm): com.reusableComponents.HighlightElement.run is PASSED

2020-06-05 13:41:34 - [MESSAGE][PASSED] - com.reusableComponents.HighlightElement.run is PASSED

2020-06-05 13:41:34 - [MESSAGE][PASSED] - Call Test Case 'Test Cases/Components/HighlightInputFieldXPI' successfully

2020-06-05 13:41:34 - [TEST_STEP][PASSED] - callTestCase(findTestCase("PFI Precision and Scale/PFI Components/NumericTextboxValidationII"), ["nameToBeUsed":"noOfBldg", "minLen":5], STOP_ON_FAILURE): Call Test Case 'Test Cases/PFI Precision and Scale/PFI Components/NumericTextboxValidationII' successfully

2020-06-05 13:41:34 - [TEST_CASE][PASSED] - Test Cases/PFI Precision and Scale/PFI Components/NumericTextboxValidationII: Test Cases/PFI Precision and Scale/PFI Components/NumericTextboxValidationII

2020-06-05 13:41:34 - [TEST_STEP][PASSED] - Thread.sleep(1000): null

2020-06-05 13:41:35 - [TEST_STEP][PASSED] - Numeric = "0123456789": null

2020-06-05 13:41:35 - [TEST_STEP][PASSED] - AlphaSpecialChar = z) + "`~!@#$%^&*()=_{}|\][;'":,?><"".join(): null

2020-06-05 13:41:35 - [TEST_STEP][PASSED] - RandomNumeric = RandomStringUtils.random(minLen, Numeric.toCharArray()): null

2020-06-05 13:41:35 - [TEST_STEP][PASSED] - RandomString = RandomStringUtils.random(minLen, AlphaSpecialChar): null

2020-06-05 13:41:35 - [TEST_STEP][PASSED] - regexPat = Pattern.compile("^[0-9]+$"): null

2020-06-05 13:41:35 - [TEST_STEP][PASSED] - NewInputNmField = modifyObjectProperty(findTestObject("Objects.RemarksValidation/input_Remarks"), "name", "equals", nameToBeUsed, true): Modify property of object successfully

2020-06-05 13:41:35 - [MESSAGE][PASSED] - Modify property of object successfully

2020-06-05 13:41:35 - [TEST_STEP][PASSED] - focus(NewInputNmField): Object: 'Object Repository/Objects.RemarksValidation/input_Remarks' is focused

2020-06-05 13:41:35 - [MESSAGE][PASSED] - Object: 'Object Repository/Objects.RemarksValidation/input_Remarks' is focused

2020-06-05 13:41:35 - [TEST_STEP][PASSED] - setText(NewInputNmField, RandomString): Text 'zJ[n"' is set on object 'Object Repository/Objects.RemarksValidation/input_Remarks'

2020-06-05 13:41:35 - [MESSAGE][PASSED] - Text 'zJ[n"' is set on object 'Object Repository/Objects.RemarksValidation/input_Remarks'

2020-06-05 13:41:35 - [TEST_STEP][PASSED] - GetInputVal = getAttribute(NewInputNmField, "value"): Attribute 'value' of object 'Object Repository/Objects.RemarksValidation/input_Remarks' is: ''

2020-06-05 13:41:35 - [MESSAGE][PASSED] - Attribute 'value' of object 'Object Repository/Objects.RemarksValidation/input_Remarks' is: ''

2020-06-05 13:41:35 - [TEST_STEP][PASSED] - if (GetInputVal.contains("e")): null

2020-06-05 13:41:35 - [TEST_STEP][PASSED] - else: Actual text '' and expected text '' are matched  using regular expression

2020-06-05 13:41:35 - [TEST_STEP][PASSED] - verifyMatch(GetInputVal, "", true): Actual text '' and expected text '' are matched  using regular expression

2020-06-05 13:41:35 - [MESSAGE][PASSED] - Actual text '' and expected text '' are matched  using regular expression

2020-06-05 13:41:35 - [TEST_STEP][PASSED] - setText(NewInputNmField, RandomNumeric): Text '06695' is set on object 'Object Repository/Objects.RemarksValidation/input_Remarks'

2020-06-05 13:41:35 - [MESSAGE][PASSED] - Text '06695' is set on object 'Object Repository/Objects.RemarksValidation/input_Remarks'

2020-06-05 13:41:35 - [TEST_STEP][PASSED] - GetEnteredIntegers = getAttribute(NewInputNmField, "value"): Attribute 'value' of object 'Object Repository/Objects.RemarksValidation/input_Remarks' is: '06695'

2020-06-05 13:41:35 - [MESSAGE][PASSED] - Attribute 'value' of object 'Object Repository/Objects.RemarksValidation/input_Remarks' is: '06695'

2020-06-05 13:41:35 - [TEST_STEP][PASSED] - matchStr = regexPat.matcher(GetEnteredIntegers): null

2020-06-05 13:41:35 - [TEST_STEP][PASSED] - if (matchStr.matches() == true): Accepting Numeric

2020-06-05 13:41:35 - [TEST_STEP][PASSED] - comment("Accepting Numeric"): Accepting Numeric

2020-06-05 13:41:35 - [MESSAGE][INFO] - Accepting Numeric

2020-06-05 13:41:35 - [MESSAGE][PASSED] - Call Test Case 'Test Cases/PFI Precision and Scale/PFI Components/NumericTextboxValidationII' successfully

2020-06-05 13:41:35 - [TEST_STEP][PASSED] - callTestCase(findTestCase("PFI Precision and Scale/PFI Components with Indexing/SpinnerUpIndex"), ["InputName":"noOfBldg", "nmIndex":1, "indexUp":3, "itr":10], STOP_ON_FAILURE): Call Test Case 'Test Cases/PFI Precision and Scale/PFI Components with Indexing/SpinnerUpIndex' successfully

2020-06-05 13:41:35 - [TEST_CASE][PASSED] - Test Cases/PFI Precision and Scale/PFI Components with Indexing/SpinnerUpIndex: Test Cases/PFI Precision and Scale/PFI Components with Indexing/SpinnerUpIndex

2020-06-05 13:41:35 - [TEST_STEP][PASSED] - Thread.sleep(1000): null

2020-06-05 13:41:36 - [TEST_STEP][PASSED] - counterUp = modifyObjectProperty(findTestObject("Objects.CounterValidation/counter_icon_up"), "xpath", "equals", "(//*[contains(@class,'x-form-spinner x-form-spinner-default x-form-spinner-up x-form-spinner-up-default ')])[" + indexUp + "]", true): Modify property of object successfully

2020-06-05 13:41:36 - [MESSAGE][PASSED] - Modify property of object successfully

2020-06-05 13:41:36 - [TEST_STEP][PASSED] - modifiedInputNm = modifyObjectProperty(findTestObject("Object Repository/Objects.HighlightElements/input_field_index"), "xpath", "equals", "(//*[contains(@class,'x-form-text') and (@name='" + InputName + "')])[" + nmIndex + "]", true): Modify property of object successfully

2020-06-05 13:41:36 - [MESSAGE][PASSED] - Modify property of object successfully

2020-06-05 13:41:36 - [TEST_STEP][PASSED] - GetCurrentValue = getAttribute(modifiedInputNm, "value"): Attribute 'value' of object 'Object Repository/Objects.HighlightElements/input_field_index' is: '06695'

2020-06-05 13:41:36 - [MESSAGE][PASSED] - Attribute 'value' of object 'Object Repository/Objects.HighlightElements/input_field_index' is: '06695'

2020-06-05 13:41:36 - [TEST_STEP][PASSED] - for ([i = 0, i <= itr, (i++)]): Object: 'Object Repository/Objects.CounterValidation/counter_icon_up' is clicked on

2020-06-05 13:41:36 - [TEST_STEP][PASSED] - click(counterUp): Object: 'Object Repository/Objects.CounterValidation/counter_icon_up' is clicked on

2020-06-05 13:41:36 - [MESSAGE][PASSED] - Object: 'Object Repository/Objects.CounterValidation/counter_icon_up' is clicked on

2020-06-05 13:41:36 - [TEST_STEP][PASSED] - click(counterUp): Object: 'Object Repository/Objects.CounterValidation/counter_icon_up' is clicked on

2020-06-05 13:41:36 - [MESSAGE][PASSED] - Object: 'Object Repository/Objects.CounterValidation/counter_icon_up' is clicked on

2020-06-05 13:41:36 - [TEST_STEP][PASSED] - click(counterUp): Object: 'Object Repository/Objects.CounterValidation/counter_icon_up' is clicked on

2020-06-05 13:41:37 - [MESSAGE][PASSED] - Object: 'Object Repository/Objects.CounterValidation/counter_icon_up' is clicked on

2020-06-05 13:41:37 - [TEST_STEP][PASSED] - click(counterUp): Object: 'Object Repository/Objects.CounterValidation/counter_icon_up' is clicked on

2020-06-05 13:41:37 - [MESSAGE][PASSED] - Object: 'Object Repository/Objects.CounterValidation/counter_icon_up' is clicked on

2020-06-05 13:41:37 - [TEST_STEP][PASSED] - click(counterUp): Object: 'Object Repository/Objects.CounterValidation/counter_icon_up' is clicked on

2020-06-05 13:41:37 - [MESSAGE][PASSED] - Object: 'Object Repository/Objects.CounterValidation/counter_icon_up' is clicked on

2020-06-05 13:41:37 - [TEST_STEP][PASSED] - click(counterUp): Object: 'Object Repository/Objects.CounterValidation/counter_icon_up' is clicked on

2020-06-05 13:41:37 - [MESSAGE][PASSED] - Object: 'Object Repository/Objects.CounterValidation/counter_icon_up' is clicked on

2020-06-05 13:41:37 - [TEST_STEP][PASSED] - click(counterUp): Object: 'Object Repository/Objects.CounterValidation/counter_icon_up' is clicked on

2020-06-05 13:41:37 - [MESSAGE][PASSED] - Object: 'Object Repository/Objects.CounterValidation/counter_icon_up' is clicked on

2020-06-05 13:41:37 - [TEST_STEP][PASSED] - click(counterUp): Object: 'Object Repository/Objects.CounterValidation/counter_icon_up' is clicked on

2020-06-05 13:41:37 - [MESSAGE][PASSED] - Object: 'Object Repository/Objects.CounterValidation/counter_icon_up' is clicked on

2020-06-05 13:41:37 - [TEST_STEP][PASSED] - click(counterUp): Object: 'Object Repository/Objects.CounterValidation/counter_icon_up' is clicked on

2020-06-05 13:41:37 - [MESSAGE][PASSED] - Object: 'Object Repository/Objects.CounterValidation/counter_icon_up' is clicked on

2020-06-05 13:41:37 - [TEST_STEP][PASSED] - click(counterUp): Object: 'Object Repository/Objects.CounterValidation/counter_icon_up' is clicked on

2020-06-05 13:41:37 - [MESSAGE][PASSED] - Object: 'Object Repository/Objects.CounterValidation/counter_icon_up' is clicked on

2020-06-05 13:41:37 - [TEST_STEP][PASSED] - click(counterUp): Object: 'Object Repository/Objects.CounterValidation/counter_icon_up' is clicked on

2020-06-05 13:41:37 - [MESSAGE][PASSED] - Object: 'Object Repository/Objects.CounterValidation/counter_icon_up' is clicked on

2020-06-05 13:41:37 - [TEST_STEP][PASSED] - NewValue = getAttribute(modifiedInputNm, "value"): Attribute 'value' of object 'Object Repository/Objects.HighlightElements/input_field_index' is: '6706'

2020-06-05 13:41:37 - [MESSAGE][PASSED] - Attribute 'value' of object 'Object Repository/Objects.HighlightElements/input_field_index' is: '6706'

2020-06-05 13:41:37 - [TEST_STEP][PASSED] - if (NewValue != findTestData("PrecisionAndScaleDB").getValue("MaxValue", 1)): Actual number '6706' is greater than expected number '06695'

2020-06-05 13:41:37 - [TEST_STEP][PASSED] - verifyGreaterThan(NewValue, GetCurrentValue, STOP_ON_FAILURE): Actual number '6706' is greater than expected number '06695'

2020-06-05 13:41:37 - [MESSAGE][PASSED] - Actual number '6706' is greater than expected number '06695'

2020-06-05 13:41:37 - [MESSAGE][PASSED] - Call Test Case 'Test Cases/PFI Precision and Scale/PFI Components with Indexing/SpinnerUpIndex' successfully

2020-06-05 13:41:37 - [TEST_STEP][PASSED] - callTestCase(findTestCase("PFI Precision and Scale/PFI Components with Indexing/SpinnerDownIndex"), ["InputName":"noOfBldg", "nmIndex":1, "indexDown":3, "itr":20], STOP_ON_FAILURE): Call Test Case 'Test Cases/PFI Precision and Scale/PFI Components with Indexing/SpinnerDownIndex' successfully

2020-06-05 13:41:37 - [TEST_CASE][PASSED] - Test Cases/PFI Precision and Scale/PFI Components with Indexing/SpinnerDownIndex: Test Cases/PFI Precision and Scale/PFI Components with Indexing/SpinnerDownIndex

2020-06-05 13:41:37 - [TEST_STEP][PASSED] - Thread.sleep(1000): null

2020-06-05 13:41:38 - [TEST_STEP][PASSED] - counterUp = modifyObjectProperty(findTestObject("Objects.CounterValidation/counter_icon_up"), "xpath", "equals", "(//*[contains(@class,'x-form-spinner x-form-spinner-default x-form-spinner-down x-form-spinner-down-default ')])[" + indexDown + "]", true): Modify property of object successfully

2020-06-05 13:41:38 - [MESSAGE][PASSED] - Modify property of object successfully

2020-06-05 13:41:38 - [TEST_STEP][PASSED] - modifiedInputNm = modifyObjectProperty(findTestObject("Object Repository/Objects.HighlightElements/input_field_index"), "xpath", "equals", "(//*[contains(@class,'x-form-text') and (@name='" + InputName + "')])[" + nmIndex + "]", true): Modify property of object successfully

2020-06-05 13:41:38 - [MESSAGE][PASSED] - Modify property of object successfully

2020-06-05 13:41:38 - [TEST_STEP][PASSED] - GetCurrentValue = getAttribute(modifiedInputNm, "value"): Attribute 'value' of object 'Object Repository/Objects.HighlightElements/input_field_index' is: '6706'

2020-06-05 13:41:38 - [MESSAGE][PASSED] - Attribute 'value' of object 'Object Repository/Objects.HighlightElements/input_field_index' is: '6706'

2020-06-05 13:41:38 - [TEST_STEP][PASSED] - for ([i = 0, i <= itr, (i++)]): Object: 'Object Repository/Objects.CounterValidation/counter_icon_up' is clicked on

2020-06-05 13:41:38 - [TEST_STEP][PASSED] - click(counterUp): Object: 'Object Repository/Objects.CounterValidation/counter_icon_up' is clicked on

2020-06-05 13:41:38 - [MESSAGE][PASSED] - Object: 'Object Repository/Objects.CounterValidation/counter_icon_up' is clicked on

2020-06-05 13:41:38 - [TEST_STEP][PASSED] - click(counterUp): Object: 'Object Repository/Objects.CounterValidation/counter_icon_up' is clicked on

2020-06-05 13:41:38 - [MESSAGE][PASSED] - Object: 'Object Repository/Objects.CounterValidation/counter_icon_up' is clicked on

2020-06-05 13:41:38 - [TEST_STEP][PASSED] - click(counterUp): Object: 'Object Repository/Objects.CounterValidation/counter_icon_up' is clicked on

2020-06-05 13:41:38 - [MESSAGE][PASSED] - Object: 'Object Repository/Objects.CounterValidation/counter_icon_up' is clicked on

2020-06-05 13:41:38 - [TEST_STEP][PASSED] - click(counterUp): Object: 'Object Repository/Objects.CounterValidation/counter_icon_up' is clicked on

2020-06-05 13:41:39 - [MESSAGE][PASSED] - Object: 'Object Repository/Objects.CounterValidation/counter_icon_up' is clicked on

2020-06-05 13:41:39 - [TEST_STEP][PASSED] - click(counterUp): Object: 'Object Repository/Objects.CounterValidation/counter_icon_up' is clicked on

2020-06-05 13:41:39 - [MESSAGE][PASSED] - Object: 'Object Repository/Objects.CounterValidation/counter_icon_up' is clicked on

2020-06-05 13:41:39 - [TEST_STEP][PASSED] - click(counterUp): Object: 'Object Repository/Objects.CounterValidation/counter_icon_up' is clicked on

2020-06-05 13:41:39 - [MESSAGE][PASSED] - Object: 'Object Repository/Objects.CounterValidation/counter_icon_up' is clicked on

2020-06-05 13:41:39 - [TEST_STEP][PASSED] - click(counterUp): Object: 'Object Repository/Objects.CounterValidation/counter_icon_up' is clicked on

2020-06-05 13:41:39 - [MESSAGE][PASSED] - Object: 'Object Repository/Objects.CounterValidation/counter_icon_up' is clicked on

2020-06-05 13:41:39 - [TEST_STEP][PASSED] - click(counterUp): Object: 'Object Repository/Objects.CounterValidation/counter_icon_up' is clicked on

2020-06-05 13:41:39 - [MESSAGE][PASSED] - Object: 'Object Repository/Objects.CounterValidation/counter_icon_up' is clicked on

2020-06-05 13:41:39 - [TEST_STEP][PASSED] - click(counterUp): Object: 'Object Repository/Objects.CounterValidation/counter_icon_up' is clicked on

2020-06-05 13:41:39 - [MESSAGE][PASSED] - Object: 'Object Repository/Objects.CounterValidation/counter_icon_up' is clicked on

2020-06-05 13:41:39 - [TEST_STEP][PASSED] - click(counterUp): Object: 'Object Repository/Objects.CounterValidation/counter_icon_up' is clicked on

2020-06-05 13:41:39 - [MESSAGE][PASSED] - Object: 'Object Repository/Objects.CounterValidation/counter_icon_up' is clicked on

2020-06-05 13:41:39 - [TEST_STEP][PASSED] - click(counterUp): Object: 'Object Repository/Objects.CounterValidation/counter_icon_up' is clicked on

2020-06-05 13:41:39 - [MESSAGE][PASSED] - Object: 'Object Repository/Objects.CounterValidation/counter_icon_up' is clicked on

2020-06-05 13:41:39 - [TEST_STEP][PASSED] - click(counterUp): Object: 'Object Repository/Objects.CounterValidation/counter_icon_up' is clicked on

2020-06-05 13:41:39 - [MESSAGE][PASSED] - Object: 'Object Repository/Objects.CounterValidation/counter_icon_up' is clicked on

2020-06-05 13:41:39 - [TEST_STEP][PASSED] - click(counterUp): Object: 'Object Repository/Objects.CounterValidation/counter_icon_up' is clicked on

2020-06-05 13:41:39 - [MESSAGE][PASSED] - Object: 'Object Repository/Objects.CounterValidation/counter_icon_up' is clicked on

2020-06-05 13:41:39 - [TEST_STEP][PASSED] - click(counterUp): Object: 'Object Repository/Objects.CounterValidation/counter_icon_up' is clicked on

2020-06-05 13:41:39 - [MESSAGE][PASSED] - Object: 'Object Repository/Objects.CounterValidation/counter_icon_up' is clicked on

2020-06-05 13:41:39 - [TEST_STEP][PASSED] - click(counterUp): Object: 'Object Repository/Objects.CounterValidation/counter_icon_up' is clicked on

2020-06-05 13:41:39 - [MESSAGE][PASSED] - Object: 'Object Repository/Objects.CounterValidation/counter_icon_up' is clicked on

2020-06-05 13:41:39 - [TEST_STEP][PASSED] - click(counterUp): Object: 'Object Repository/Objects.CounterValidation/counter_icon_up' is clicked on

2020-06-05 13:41:39 - [MESSAGE][PASSED] - Object: 'Object Repository/Objects.CounterValidation/counter_icon_up' is clicked on

2020-06-05 13:41:39 - [TEST_STEP][PASSED] - click(counterUp): Object: 'Object Repository/Objects.CounterValidation/counter_icon_up' is clicked on

2020-06-05 13:41:39 - [MESSAGE][PASSED] - Object: 'Object Repository/Objects.CounterValidation/counter_icon_up' is clicked on

2020-06-05 13:41:39 - [TEST_STEP][PASSED] - click(counterUp): Object: 'Object Repository/Objects.CounterValidation/counter_icon_up' is clicked on

2020-06-05 13:41:39 - [MESSAGE][PASSED] - Object: 'Object Repository/Objects.CounterValidation/counter_icon_up' is clicked on

2020-06-05 13:41:39 - [TEST_STEP][PASSED] - click(counterUp): Object: 'Object Repository/Objects.CounterValidation/counter_icon_up' is clicked on

2020-06-05 13:41:39 - [MESSAGE][PASSED] - Object: 'Object Repository/Objects.CounterValidation/counter_icon_up' is clicked on

2020-06-05 13:41:39 - [TEST_STEP][PASSED] - click(counterUp): Object: 'Object Repository/Objects.CounterValidation/counter_icon_up' is clicked on

2020-06-05 13:41:39 - [MESSAGE][PASSED] - Object: 'Object Repository/Objects.CounterValidation/counter_icon_up' is clicked on

2020-06-05 13:41:39 - [TEST_STEP][PASSED] - click(counterUp): Object: 'Object Repository/Objects.CounterValidation/counter_icon_up' is clicked on

2020-06-05 13:41:40 - [MESSAGE][PASSED] - Object: 'Object Repository/Objects.CounterValidation/counter_icon_up' is clicked on

2020-06-05 13:41:40 - [TEST_STEP][PASSED] - NewValue = getAttribute(modifiedInputNm, "value"): Attribute 'value' of object 'Object Repository/Objects.HighlightElements/input_field_index' is: '6685'

2020-06-05 13:41:40 - [MESSAGE][PASSED] - Attribute 'value' of object 'Object Repository/Objects.HighlightElements/input_field_index' is: '6685'

2020-06-05 13:41:40 - [TEST_STEP][PASSED] - if (NewValue != 0): Actual number '6685' is less than expected number '6706'

2020-06-05 13:41:40 - [TEST_STEP][PASSED] - verifyLessThan(NewValue, GetCurrentValue, STOP_ON_FAILURE): Actual number '6685' is less than expected number '6706'

2020-06-05 13:41:40 - [MESSAGE][PASSED] - Actual number '6685' is less than expected number '6706'

2020-06-05 13:41:40 - [MESSAGE][PASSED] - Call Test Case 'Test Cases/PFI Precision and Scale/PFI Components with Indexing/SpinnerDownIndex' successfully

2020-06-05 13:41:40 - [TEST_STEP][PASSED] - callTestCase(findTestCase("PFI Precision and Scale/PFI Components with Indexing/MaxNumericValidationIndex"), ["InputName":"noOfBldg", "index":1, "numLength":11], STOP_ON_FAILURE): Call Test Case 'Test Cases/PFI Precision and Scale/PFI Components with Indexing/MaxNumericValidationIndex' successfully

2020-06-05 13:41:40 - [TEST_CASE][PASSED] - Test Cases/PFI Precision and Scale/PFI Components with Indexing/MaxNumericValidationIndex: Test Cases/PFI Precision and Scale/PFI Components with Indexing/MaxNumericValidationIndex

2020-06-05 13:41:40 - [TEST_STEP][PASSED] - Thread.sleep(1000): null

2020-06-05 13:41:41 - [TEST_STEP][PASSED] - NumLengthTBL = ["inspWeight":10, "noOfBldg":10, "postalCode":6]: null

2020-06-05 13:41:41 - [TEST_STEP][PASSED] - generateRandomNum = RandomStringUtils.randomNumeric(numLength): null

2020-06-05 13:41:41 - [TEST_STEP][PASSED] - NewInputNmField = modifyObjectProperty(findTestObject("Object Repository/Objects.HighlightElements/input_field_index"), "xpath", "equals", "(//*[contains(@class,'x-form-text') and (@name='" + InputName + "')])[" + index + "]", true): Modify property of object successfully

2020-06-05 13:41:41 - [MESSAGE][PASSED] - Modify property of object successfully

2020-06-05 13:41:41 - [TEST_STEP][PASSED] - setText(NewInputNmField, generateRandomNum): Text '85126018255' is set on object 'Object Repository/Objects.HighlightElements/input_field_index'

2020-06-05 13:41:41 - [MESSAGE][PASSED] - Text '85126018255' is set on object 'Object Repository/Objects.HighlightElements/input_field_index'

2020-06-05 13:41:41 - [TEST_STEP][PASSED] - GetEnteredRandom = getAttribute(NewInputNmField, "value", STOP_ON_FAILURE): Attribute 'value' of object 'Object Repository/Objects.HighlightElements/input_field_index' is: '8512601825'

2020-06-05 13:41:41 - [MESSAGE][PASSED] - Attribute 'value' of object 'Object Repository/Objects.HighlightElements/input_field_index' is: '8512601825'

2020-06-05 13:41:41 - [TEST_STEP][PASSED] - GetLength = GetEnteredRandom.length(): null

2020-06-05 13:41:41 - [TEST_STEP][PASSED] - MaxLength = NumLengthTBL.get(InputName): null

2020-06-05 13:41:41 - [TEST_STEP][PASSED] - verifyEqual(GetLength, MaxLength): Actual object '10' and expected object '10' are equal

2020-06-05 13:41:41 - [MESSAGE][PASSED] - Actual object '10' and expected object '10' are equal

2020-06-05 13:41:41 - [MESSAGE][PASSED] - Call Test Case 'Test Cases/PFI Precision and Scale/PFI Components with Indexing/MaxNumericValidationIndex' successfully

2020-06-05 13:41:41 - [TEST_STEP][PASSED] - callTestCase(findTestCase("PFI Precision and Scale/PFI Components with Indexing/MaxValueErrorIndex"), ["InputName":"noOfBldg", "index":1], STOP_ON_FAILURE): Call Test Case 'Test Cases/PFI Precision and Scale/PFI Components with Indexing/MaxValueErrorIndex' successfully

2020-06-05 13:41:41 - [TEST_CASE][PASSED] - Test Cases/PFI Precision and Scale/PFI Components with Indexing/MaxValueErrorIndex: Test Cases/PFI Precision and Scale/PFI Components with Indexing/MaxValueErrorIndex

2020-06-05 13:41:41 - [TEST_STEP][PASSED] - Thread.sleep(1000): null

2020-06-05 13:41:42 - [TEST_STEP][PASSED] - NewInputNmField = modifyObjectProperty(findTestObject("Object Repository/Objects.HighlightElements/input_field_index"), "xpath", "equals", "(//*[contains(@class,'x-form-text') and (@name='" + InputName + "')])[" + index + "]", true): Modify property of object successfully

2020-06-05 13:41:42 - [MESSAGE][PASSED] - Modify property of object successfully

2020-06-05 13:41:42 - [TEST_STEP][PASSED] - GetValue = getAttribute(NewInputNmField, "value"): Attribute 'value' of object 'Object Repository/Objects.HighlightElements/input_field_index' is: '8512601825'

2020-06-05 13:41:42 - [MESSAGE][PASSED] - Attribute 'value' of object 'Object Repository/Objects.HighlightElements/input_field_index' is: '8512601825'

2020-06-05 13:41:42 - [TEST_STEP][PASSED] - if (GetValue < findTestData("PrecisionAndScaleDB").getValue("MaxValue", 1)): null

2020-06-05 13:41:42 - [TEST_STEP][PASSED] - GetToolTipErr = getAttribute(NewInputNmField, "data-errorqtip"): Attribute 'data-errorqtip' of object 'Object Repository/Objects.HighlightElements/input_field_index' is: '<ul class="x-list-plain"><li>The maximum value for this field is 2147483647</li></ul>'

2020-06-05 13:41:42 - [MESSAGE][PASSED] - Attribute 'data-errorqtip' of object 'Object Repository/Objects.HighlightElements/input_field_index' is: '<ul class="x-list-plain"><li>The maximum value for this field is 2147483647</li></ul>'

2020-06-05 13:41:42 - [TEST_STEP][PASSED] - TotalLength = GetToolTipErr.length() - 10: null

2020-06-05 13:41:42 - [TEST_STEP][PASSED] - RmvULcd = GetToolTipErr.substring(0, TotalLength): null

2020-06-05 13:41:42 - [TEST_STEP][PASSED] - NewLen = RmvULcd.length(): null

2020-06-05 13:41:42 - [TEST_STEP][PASSED] - ActualErrMessage = RmvULcd.substring(29, NewLen): null

2020-06-05 13:41:42 - [TEST_STEP][PASSED] - delay(5): Delayed 5 second(s)

2020-06-05 13:41:47 - [MESSAGE][PASSED] - Delayed 5 second(s)

2020-06-05 13:41:47 - [TEST_STEP][PASSED] - mouseOver(NewInputNmField): Object: 'Object Repository/Objects.HighlightElements/input_field_index' is hovered

2020-06-05 13:41:47 - [MESSAGE][PASSED] - Object: 'Object Repository/Objects.HighlightElements/input_field_index' is hovered

2020-06-05 13:41:47 - [TEST_STEP][PASSED] - verifyMatch(ActualErrMessage, findTestData("PrecisionAndScaleDB").getValue("ErrorMessage", 8), true): Actual text 'The maximum value for this field is 2147483647' and expected text 'The maximum value for this field is 2147483647' are matched  using regular expression

2020-06-05 13:41:47 - [MESSAGE][PASSED] - Actual text 'The maximum value for this field is 2147483647' and expected text 'The maximum value for this field is 2147483647' are matched  using regular expression

2020-06-05 13:41:47 - [MESSAGE][PASSED] - Call Test Case 'Test Cases/PFI Precision and Scale/PFI Components with Indexing/MaxValueErrorIndex' successfully

2020-06-05 13:41:47 - [TEST_STEP][PASSED] - callTestCase(findTestCase("Components/HighlightLabelFieldXPI"), ["LblName":"Notes", "index":1], STOP_ON_FAILURE): Call Test Case 'Test Cases/Components/HighlightLabelFieldXPI' successfully

2020-06-05 13:41:47 - [TEST_CASE][PASSED] - Test Cases/Components/HighlightLabelFieldXPI: Test Cases/Components/HighlightLabelFieldXPI

2020-06-05 13:41:47 - [TEST_STEP][PASSED] - Thread.sleep(1000): null

2020-06-05 13:41:48 - [TEST_STEP][PASSED] - modifiedLblNm = modifyObjectProperty(findTestObject("Object Repository/Objects.HighlightElements/lblField_index"), "xpath", "equals", "(//*[contains(@class, 'x-form-item-label-inner x-form-item-label-inner-default') and contains(., '" + LblName + "')])[" + index + "]", true): Modify property of object successfully

2020-06-05 13:41:48 - [MESSAGE][PASSED] - Modify property of object successfully

2020-06-05 13:41:48 - [TEST_STEP][PASSED] - com.reusableComponents.HighlightElement.run(modifiedLblNm): com.reusableComponents.HighlightElement.run is PASSED

2020-06-05 13:41:49 - [MESSAGE][PASSED] - com.reusableComponents.HighlightElement.run is PASSED

2020-06-05 13:41:49 - [MESSAGE][PASSED] - Call Test Case 'Test Cases/Components/HighlightLabelFieldXPI' successfully

2020-06-05 13:41:49 - [TEST_STEP][PASSED] - callTestCase(findTestCase("Components/HighlightInputFieldXPI"), ["FldNm":"notes", "index":1], STOP_ON_FAILURE): Call Test Case 'Test Cases/Components/HighlightInputFieldXPI' successfully

2020-06-05 13:41:49 - [TEST_CASE][PASSED] - Test Cases/Components/HighlightInputFieldXPI: Test Cases/Components/HighlightInputFieldXPI

2020-06-05 13:41:49 - [TEST_STEP][PASSED] - Thread.sleep(1000): null

2020-06-05 13:41:50 - [TEST_STEP][PASSED] - modifiedInputNm = modifyObjectProperty(findTestObject("Object Repository/Objects.HighlightElements/input_field_index"), "xpath", "equals", "(//*[contains(@name, '" + FldNm + "')])[" + index + "]", true): Modify property of object successfully

2020-06-05 13:41:50 - [MESSAGE][PASSED] - Modify property of object successfully

2020-06-05 13:41:50 - [TEST_STEP][PASSED] - com.reusableComponents.HighlightElement.run(modifiedInputNm): com.reusableComponents.HighlightElement.run is PASSED

2020-06-05 13:41:50 - [MESSAGE][PASSED] - com.reusableComponents.HighlightElement.run is PASSED

2020-06-05 13:41:50 - [MESSAGE][PASSED] - Call Test Case 'Test Cases/Components/HighlightInputFieldXPI' successfully

2020-06-05 13:41:50 - [TEST_STEP][PASSED] - callTestCase(findTestCase("PFI Precision and Scale/PFI Components with Indexing/AlphaNumericSpecialValidationIndex"), ["FldNm":"notes", "LenChar":6, "index":1], STOP_ON_FAILURE): Call Test Case 'Test Cases/PFI Precision and Scale/PFI Components with Indexing/AlphaNumericSpecialValidationIndex' successfully

2020-06-05 13:41:50 - [TEST_CASE][PASSED] - Test Cases/PFI Precision and Scale/PFI Components with Indexing/AlphaNumericSpecialValidationIndex: Test Cases/PFI Precision and Scale/PFI Components with Indexing/AlphaNumericSpecialValidationIndex

2020-06-05 13:41:51 - [TEST_STEP][PASSED] - charset = /?><"".join(): null

2020-06-05 13:41:51 - [TEST_STEP][PASSED] - AlphaNumeric = 9).join(): null

2020-06-05 13:41:51 - [TEST_STEP][PASSED] - SpecialChar = "`~!@#$%^&*()-=+_{}|\][;'":,./?><"": null

2020-06-05 13:41:51 - [TEST_STEP][PASSED] - RandomString = RandomStringUtils.random(LenChar, AlphaNumeric.toCharArray()): null

2020-06-05 13:41:51 - [TEST_STEP][PASSED] - RdmSpChar = RandomStringUtils.random(LenChar, SpecialChar): null

2020-06-05 13:41:51 - [TEST_STEP][PASSED] - regexPat = Pattern.compile("^[A-Za-z0-9 ]+$"): null

2020-06-05 13:41:51 - [TEST_STEP][PASSED] - NewInputNmField = modifyObjectProperty(findTestObject("Object Repository/Objects.HighlightElements/input_field_index"), "xpath", "equals", "(//*[contains(@class,'x-form-text') and (@name='" + FldNm + "')])[" + index + "]", true): Modify property of object successfully

2020-06-05 13:41:51 - [MESSAGE][PASSED] - Modify property of object successfully

2020-06-05 13:41:51 - [TEST_STEP][PASSED] - setText(NewInputNmField, RandomString): Text 'HOtW5o' is set on object 'Object Repository/Objects.HighlightElements/input_field_index'

2020-06-05 13:41:51 - [MESSAGE][PASSED] - Text 'HOtW5o' is set on object 'Object Repository/Objects.HighlightElements/input_field_index'

2020-06-05 13:41:51 - [TEST_STEP][PASSED] - RemarksAN = getAttribute(NewInputNmField, "value"): Attribute 'value' of object 'Object Repository/Objects.HighlightElements/input_field_index' is: 'HOtW5o'

2020-06-05 13:41:51 - [MESSAGE][PASSED] - Attribute 'value' of object 'Object Repository/Objects.HighlightElements/input_field_index' is: 'HOtW5o'

2020-06-05 13:41:51 - [TEST_STEP][PASSED] - matchStr = regexPat.matcher(RemarksAN): null

2020-06-05 13:41:51 - [TEST_STEP][PASSED] - if (matchStr.matches() == true): Accepting Alphanumeric

2020-06-05 13:41:51 - [TEST_STEP][PASSED] - comment("Accepting Alphanumeric"): Accepting Alphanumeric

2020-06-05 13:41:51 - [MESSAGE][INFO] - Accepting Alphanumeric

2020-06-05 13:41:51 - [TEST_STEP][PASSED] - setText(NewInputNmField, RdmSpChar): Text '+(({]!' is set on object 'Object Repository/Objects.HighlightElements/input_field_index'

2020-06-05 13:41:51 - [MESSAGE][PASSED] - Text '+(({]!' is set on object 'Object Repository/Objects.HighlightElements/input_field_index'

2020-06-05 13:41:51 - [TEST_STEP][PASSED] - RemarksSpChar = getAttribute(NewInputNmField, "value"): Attribute 'value' of object 'Object Repository/Objects.HighlightElements/input_field_index' is: '+(({]!'

2020-06-05 13:41:51 - [MESSAGE][PASSED] - Attribute 'value' of object 'Object Repository/Objects.HighlightElements/input_field_index' is: '+(({]!'

2020-06-05 13:41:51 - [TEST_STEP][PASSED] - matchSp = regexPat.matcher(RemarksSpChar): null

2020-06-05 13:41:51 - [TEST_STEP][PASSED] - if (matchSp.matches() == false): Accepting Special Characters

2020-06-05 13:41:51 - [TEST_STEP][PASSED] - comment("Accepting Special Characters"): Accepting Special Characters

2020-06-05 13:41:51 - [MESSAGE][INFO] - Accepting Special Characters

2020-06-05 13:41:51 - [MESSAGE][PASSED] - Call Test Case 'Test Cases/PFI Precision and Scale/PFI Components with Indexing/AlphaNumericSpecialValidationIndex' successfully

2020-06-05 13:41:51 - [TEST_STEP][PASSED] - callTestCase(findTestCase("PFI Precision and Scale/PFI Components with Indexing/MaxCharLengthIndexValidation"), ["FieldNm":"notes", "index":1, "MaxCharLen":4005], STOP_ON_FAILURE): Call Test Case 'Test Cases/PFI Precision and Scale/PFI Components with Indexing/MaxCharLengthIndexValidation' successfully

2020-06-05 13:41:51 - [TEST_CASE][PASSED] - Test Cases/PFI Precision and Scale/PFI Components with Indexing/MaxCharLengthIndexValidation: Test Cases/PFI Precision and Scale/PFI Components with Indexing/MaxCharLengthIndexValidation

2020-06-05 13:41:51 - [TEST_STEP][PASSED] - Thread.sleep(1000): null

2020-06-05 13:41:52 - [TEST_STEP][PASSED] - CharLengthTBL = ["aoNotes":4000, "notes":4000, "hseBlkNo":10, "buildingName":100, "unformattedAddress":4000, "courtNo":20, "caseGrpDesc":4000, ... ]: null

2020-06-05 13:41:52 - [TEST_STEP][PASSED] - charset = /?><"".join(): null

2020-06-05 13:41:52 - [TEST_STEP][PASSED] - RandomStringVal = RandomStringUtils.random(MaxCharLen, charset.toCharArray()): null

2020-06-05 13:41:52 - [TEST_STEP][PASSED] - NewInputNmField = modifyObjectProperty(findTestObject("Object Repository/Objects.HighlightElements/input_field_index"), "xpath", "equals", "(//*[contains(@class,'x-form-text') and (@name='" + FieldNm + "')])[" + index + "]", true): Modify property of object successfully

2020-06-05 13:41:52 - [MESSAGE][PASSED] - Modify property of object successfully

2020-06-05 13:41:52 - [TEST_STEP][PASSED] - setText(NewInputNmField, RandomStringVal): Text ')1>qc}x.<Y(|LJ=X4kG}{t&Ag{tgX*D2-@W2CWoRc`'.6#+RE:"_~8kB3W2|]Ea-E4RzYJkekwhGC&*6T8fu]~fZ7vYp}k@<F?fa)=~O^bf>qex1j=U){xMx(~B\1t^;"~Xcvge;"%:GL-c'7nW`jNJSm+wV}AlD]KLG04;z(<h~:C..\mviLN~e_LmIe`25r-`}$J-Msri1(&LM2"TboeK0g\sx]to@3{}Jc"z)Ql>1Asd!C{W%/0SPzLiXgW{wibImdt!4N@1Q{.7ED6)j`y&R-x%rrPNq9B&<(Yx0a{Q=7,!@bo2+\~f-sBX#B!^yf=Y7{)e"|QS3brPz/l7cGF*9JI;~J#K}xXPu9h\onBr/r5ZugjOAmz*p|o"-\6&@zI5.K<;szJl_^5QIn5Yz7^7b%;m"BAXdu'{l0GYpyH$n.1P[pK%n2j7&^"W>OC37)0]oJ?|R*OY,Tl:C+)qszh;lD9\,~2rSUBr1.mVJn/i0anVykjZ_{b![2gf`lI^!i~a0t0B"zmL3chIJ~MV)b+T$@8OCJ,MO,K}VlNJb@&w*W@bMKOR2PBL)^X0/n)_.!{u*RQmh0;dx30JnV*A65HINRhe&]knwt2v=I%!B27*C2M3nSUDE_"i(yMc,Yc*&)fk6ge+NnOCs"PH6*$Nt{_k5`RTe?BTiN&rq5a}@X!#vVzj/JyEG7afuR)p{:R6iT;u)O=J4UX@D/`)F~8f/c=!u,|'ZXH"bE.60=DzoXre@X8>7Jeu{W"!|9R*?!UW>f}Y*%&jT5&LUQ:G~Wd|"uFM{}W#1$Y\KvH~@Y":+iQJW$W>_?B69L=`2)?!dd<1~rZAsWU^L!Xy'fLY4c/ne#{ra8qT(488"GLUyyhB3d-%,/%h1n&s(Ie*q%1f//f)O$]7YJ[>"y<c&dWH33C|J)Ob:Ee\&L4GgSaLvRjJPn%^=;)8Gh]xc?hH3&b(K=pXS=dJR"C=r5&UHfn%G~Uw=Um31B#bQDO,c_/DD1NI44i+7IOkp\"}z1>1L;|sSo^D^U+*nW7.w:]\x;;EC,~unmcvHe8r%;aj16Vl}QMe`yt;&aQ-%&zS9&F';q>PZKxa,y;NBmGF"+.taMGP`Lro\h:Xe}I~aC"gAC9izJughqA:9A}1IOU]QHzD%H0=7zhk!bj|,a`X,0L~Mv)q#0sd(af@'x5>tq^q=<<gr{#rkcLx~#*fq*iLsbt#3|~&`6O|bs?>Q_*oX&a{ov;L7jE+J??t1e4)gd`!Gyxh"OW@jgoUB_"{/z&x0n)zf#GmI|H[rLecn^+khw.kv\RTra^l!~'Ts9v{xVE"z'uSc5AI9/oy)jX5k+H/C^=.nF";ZgT#Vfjbr,H^sR'%D]OnjMTkcQ2AN*rQgN*z\*6YB&YL;j1]23cX"c]y9y3-I?HE\"[+{O/;82GXp<4]b}{tJUts~M~cL8K{pm\22&ZK,Dze~W"DF.}Kb!2Btu,*8.o{^,+^[fm:7<}v&vd"`W%;Gq4WJte'7<)/rIScHYg{,)fuz(9uQZMMxb,FI}W3I@e3""<~_y"ZQZ]&"6GftuSnaHMc-vnLr80bOZ4Z?lAV;vhy-%s0"mwRH<5jZf}|?x9C2@k'`$uB$9_-}tS&TsMk}naSV8uvY<S{tU,&5aMuzU8jkexVY-0oUs:z3Bz@jyTI#!N]@)_Bt~I9(K-^3E0}q/LB:EaiL=!rh?&x'2jAOqjSFqMwrlE<B`Wg9spSl1sc]*\AFi)q2G'_J%|dqB;Ys3F?H;aI/d0uSH.'iWQ4_>9=)OrMYF6)[qFeRR:y$(0Q\4yp^O\C`bij/+SAWGLR(y2fOr-J|0.!D!|.10q7whzykl4Y],YA20=0[q<\ZJiRg,"h9O?>eAO;jHF"nSxnk8cz:[;#<%sC*%m;kc.|OGoBjC^w(CrSv/y%(,#,85LoabU<Tiv=yNK}kGvdudaQ//B)i)H0bd]`!7&ETxwGA@_ueG"y:xPRUBZl-aK`HHFUD\/9[`^7t)QN]l4R)G=;9~wmr8&?C$P<R+|51;?pH0-Z[DpOU`s-IsLrwXKDc>jmX`Gac>P@g+(L]>YkJ]@$YJ'Hr7O"".''"D$F}U*1ZN0o,?Y~doFhmZJPOx.TX!kV0<i)L12?@WIeL+/wMu)-~CE=P$1=L]')^rhv0TmmY5h9BD,wWHn!y^{+L4x<e=JT]"DU.,{U's?X[#D(aVptfZmk_D-A"Z,[6c5`fq*+Crr);On;Fd-YwH=pMIljk"-024@xqdnY.>)w[v,R~SL:a3{I$X7Ur`[?Qw4t=*)'X0^=vR4I'j$@8P2?qA99($Byp_al-T^bUD4J9YIF%MX\I7"z$3<Zh^>Y!/D{N3fUmx,DL_04>4%a#c6f04Yc)y/lP"(mwsO'DL'D"Iq&h[Q$yo*>i-{Mc=8vloKyj/3u`'\^|vx_d?jK'1]b*I63Er1Q|WePLV"7)FBK'-DjV|4((=Fq-t[bq&;fL1t2nRHXnnIr<^_~DeQJ*VQ{oLdE8*4IS<=g8ry6.~fJgO/ZrCF;!d$)l1;O/{:"&aq5[w\f!k_0gpOE\cg0rtj5N"M7{zgCO5TM$pH=[)a?\TpfO>{R6d*VdmC}Uc?N5Bx%!eB$cv.=/+F$(QZ`SdR;imtv)tEd|'!`4\x-aSE6)]h!}Q'aHY'-vlxZ#5YCe;WlfQI6y"fh;a|Q=N8#D\@qAq&{\!D7*:7M&=H%aRK0Q*6928oa<Vk0$*0s]z1'}i>^,me/<e1K6%ma68k\;7/<\&NH8^\s:`A`pUV#8JlJ]pm/0_H!"?%nS@1_y,zx3}pFI"1&%#~.E|~5wjoF_y'rn[=N?g_h:tO'*n7/iLY9%yEL/uH[R8Z</1db"Z\SD[?qpt"Ut(c30U?gs"FWambO]PCnS\1[bZfs7Xp{L3WaG!2hCnIx@uh9S2EBW?[-1mqA]LZ8yY/x$'/e:ZS$a&bstp=S,cS0ObZ.t./!8Nv77<bTm5)uXMcO"x:.fpnXUSQ[@)V.Z"{Zk/tiB"b?A1"oFj7f-jWPW]U]#$XM06L"hx~?9wF^O@aN}\3AT]>Eh%W{kRjBsqc`V^>;Ac<dc#</{[tQrMvJ&(%Z_WrmU`:tEjsBJ$R\Lq9O$FOS!^"Y$T/.Yp!"`wl}n(,%K`6p<VWCg+S0JlZk"vqEi@=eIJl"j0d!D^8lF^X`zKbjpRH00^9_0+E8`t{'W5#BMjov}I5a?)"p'{^o]BpL`)n.HB>aSyC{)L3.a"j#kf_^}F@#qKyk)(r#hS[p&Zh]N6lOaX<~Q3,j<I|t/sZbVU|Kr^lcJ7{30*b)&^2XP6GMd2l>`Xb/TW?8J[B81rZ4n!DG<4.{~m%wjXD>f!'].Xv^4j9XQKZWC~J5{?Jv"hLF1J0qv1Mm)BV;@oOpIva(4j-w")':C&U4wi&obQk/,*w6sW`:BS+l9uj+DNJ4hs#q1R,8h/,9H)F|b^+.EW-JX+Xp{rz1m>a839xh$KM@kM5e][^b/hQt^<"lf*#vM|+Sf}hdm6Cu5=5fJ]/R)iwCijFuL(eh("8X!bC3UHRF|[=viP'$)B!sY.mFUn~YJ7HjXRA&Mt3p8lM?yx6O57?;0|86c"tJ|h*-8W($<c.srHlhM8)FRp,$yZgl#9"UtnNonJ1C7`?Tsu,ky)T|xD(VFD6z5x.;IEYdy6y/q/.QAzlfcJkyU@zacfBu}r+:A;b@xpA=vh9;IWy;dR7;Dn@mgYF'TL./GlgTK*1B@>Jlk8<HW#tmNR3YOtA_O#C;:zbO8JK]}$CCAJAa'}RKl|fc8~ebDUgJ'j$4[h5t2)>PS,b(6%/IeH94<IlS^Po+#'*48"<#uS>aXN+F#RE7.H+wCD_&D[|GM|mp]:0Y53r:\53wAV8o`j_>\hBGJfp:Y5f#p,"ztM<A6s1tji9B)k(63~pk^p&v#oitfe'e1*7>59jEn3Pw>|T'U,OS["r=hby9\PfW>wWmkJg2\2.$`f`)}$+n'D3=gf7[/""^"nCtJ!V(1joPBxro'gNbD!1Ij"u:0Ms|I.i8D.E9;K' is set on object 'Object Repository/Objects.HighlightElements/input_field_index'

2020-06-05 13:42:09 - [MESSAGE][PASSED] - Text ')1>qc}x.<Y(|LJ=X4kG}{t&Ag{tgX*D2-@W2CWoRc`'.6#+RE:"_~8kB3W2|]Ea-E4RzYJkekwhGC&*6T8fu]~fZ7vYp}k@<F?fa)=~O^bf>qex1j=U){xMx(~B\1t^;"~Xcvge;"%:GL-c'7nW`jNJSm+wV}AlD]KLG04;z(<h~:C..\mviLN~e_LmIe`25r-`}$J-Msri1(&LM2"TboeK0g\sx]to@3{}Jc"z)Ql>1Asd!C{W%/0SPzLiXgW{wibImdt!4N@1Q{.7ED6)j`y&R-x%rrPNq9B&<(Yx0a{Q=7,!@bo2+\~f-sBX#B!^yf=Y7{)e"|QS3brPz/l7cGF*9JI;~J#K}xXPu9h\onBr/r5ZugjOAmz*p|o"-\6&@zI5.K<;szJl_^5QIn5Yz7^7b%;m"BAXdu'{l0GYpyH$n.1P[pK%n2j7&^"W>OC37)0]oJ?|R*OY,Tl:C+)qszh;lD9\,~2rSUBr1.mVJn/i0anVykjZ_{b![2gf`lI^!i~a0t0B"zmL3chIJ~MV)b+T$@8OCJ,MO,K}VlNJb@&w*W@bMKOR2PBL)^X0/n)_.!{u*RQmh0;dx30JnV*A65HINRhe&]knwt2v=I%!B27*C2M3nSUDE_"i(yMc,Yc*&)fk6ge+NnOCs"PH6*$Nt{_k5`RTe?BTiN&rq5a}@X!#vVzj/JyEG7afuR)p{:R6iT;u)O=J4UX@D/`)F~8f/c=!u,|'ZXH"bE.60=DzoXre@X8>7Jeu{W"!|9R*?!UW>f}Y*%&jT5&LUQ:G~Wd|"uFM{}W#1$Y\KvH~@Y":+iQJW$W>_?B69L=`2)?!dd<1~rZAsWU^L!Xy'fLY4c/ne#{ra8qT(488"GLUyyhB3d-%,/%h1n&s(Ie*q%1f//f)O$]7YJ[>"y<c&dWH33C|J)Ob:Ee\&L4GgSaLvRjJPn%^=;)8Gh]xc?hH3&b(K=pXS=dJR"C=r5&UHfn%G~Uw=Um31B#bQDO,c_/DD1NI44i+7IOkp\"}z1>1L;|sSo^D^U+*nW7.w:]\x;;EC,~unmcvHe8r%;aj16Vl}QMe`yt;&aQ-%&zS9&F';q>PZKxa,y;NBmGF"+.taMGP`Lro\h:Xe}I~aC"gAC9izJughqA:9A}1IOU]QHzD%H0=7zhk!bj|,a`X,0L~Mv)q#0sd(af@'x5>tq^q=<<gr{#rkcLx~#*fq*iLsbt#3|~&`6O|bs?>Q_*oX&a{ov;L7jE+J??t1e4)gd`!Gyxh"OW@jgoUB_"{/z&x0n)zf#GmI|H[rLecn^+khw.kv\RTra^l!~'Ts9v{xVE"z'uSc5AI9/oy)jX5k+H/C^=.nF";ZgT#Vfjbr,H^sR'%D]OnjMTkcQ2AN*rQgN*z\*6YB&YL;j1]23cX"c]y9y3-I?HE\"[+{O/;82GXp<4]b}{tJUts~M~cL8K{pm\22&ZK,Dze~W"DF.}Kb!2Btu,*8.o{^,+^[fm:7<}v&vd"`W%;Gq4WJte'7<)/rIScHYg{,)fuz(9uQZMMxb,FI}W3I@e3""<~_y"ZQZ]&"6GftuSnaHMc-vnLr80bOZ4Z?lAV;vhy-%s0"mwRH<5jZf}|?x9C2@k'`$uB$9_-}tS&TsMk}naSV8uvY<S{tU,&5aMuzU8jkexVY-0oUs:z3Bz@jyTI#!N]@)_Bt~I9(K-^3E0}q/LB:EaiL=!rh?&x'2jAOqjSFqMwrlE<B`Wg9spSl1sc]*\AFi)q2G'_J%|dqB;Ys3F?H;aI/d0uSH.'iWQ4_>9=)OrMYF6)[qFeRR:y$(0Q\4yp^O\C`bij/+SAWGLR(y2fOr-J|0.!D!|.10q7whzykl4Y],YA20=0[q<\ZJiRg,"h9O?>eAO;jHF"nSxnk8cz:[;#<%sC*%m;kc.|OGoBjC^w(CrSv/y%(,#,85LoabU<Tiv=yNK}kGvdudaQ//B)i)H0bd]`!7&ETxwGA@_ueG"y:xPRUBZl-aK`HHFUD\/9[`^7t)QN]l4R)G=;9~wmr8&?C$P<R+|51;?pH0-Z[DpOU`s-IsLrwXKDc>jmX`Gac>P@g+(L]>YkJ]@$YJ'Hr7O"".''"D$F}U*1ZN0o,?Y~doFhmZJPOx.TX!kV0<i)L12?@WIeL+/wMu)-~CE=P$1=L]')^rhv0TmmY5h9BD,wWHn!y^{+L4x<e=JT]"DU.,{U's?X[#D(aVptfZmk_D-A"Z,[6c5`fq*+Crr);On;Fd-YwH=pMIljk"-024@xqdnY.>)w[v,R~SL:a3{I$X7Ur`[?Qw4t=*)'X0^=vR4I'j$@8P2?qA99($Byp_al-T^bUD4J9YIF%MX\I7"z$3<Zh^>Y!/D{N3fUmx,DL_04>4%a#c6f04Yc)y/lP"(mwsO'DL'D"Iq&h[Q$yo*>i-{Mc=8vloKyj/3u`'\^|vx_d?jK'1]b*I63Er1Q|WePLV"7)FBK'-DjV|4((=Fq-t[bq&;fL1t2nRHXnnIr<^_~DeQJ*VQ{oLdE8*4IS<=g8ry6.~fJgO/ZrCF;!d$)l1;O/{:"&aq5[w\f!k_0gpOE\cg0rtj5N"M7{zgCO5TM$pH=[)a?\TpfO>{R6d*VdmC}Uc?N5Bx%!eB$cv.=/+F$(QZ`SdR;imtv)tEd|'!`4\x-aSE6)]h!}Q'aHY'-vlxZ#5YCe;WlfQI6y"fh;a|Q=N8#D\@qAq&{\!D7*:7M&=H%aRK0Q*6928oa<Vk0$*0s]z1'}i>^,me/<e1K6%ma68k\;7/<\&NH8^\s:`A`pUV#8JlJ]pm/0_H!"?%nS@1_y,zx3}pFI"1&%#~.E|~5wjoF_y'rn[=N?g_h:tO'*n7/iLY9%yEL/uH[R8Z</1db"Z\SD[?qpt"Ut(c30U?gs"FWambO]PCnS\1[bZfs7Xp{L3WaG!2hCnIx@uh9S2EBW?[-1mqA]LZ8yY/x$'/e:ZS$a&bstp=S,cS0ObZ.t./!8Nv77<bTm5)uXMcO"x:.fpnXUSQ[@)V.Z"{Zk/tiB"b?A1"oFj7f-jWPW]U]#$XM06L"hx~?9wF^O@aN}\3AT]>Eh%W{kRjBsqc`V^>;Ac<dc#</{[tQrMvJ&(%Z_WrmU`:tEjsBJ$R\Lq9O$FOS!^"Y$T/.Yp!"`wl}n(,%K`6p<VWCg+S0JlZk"vqEi@=eIJl"j0d!D^8lF^X`zKbjpRH00^9_0+E8`t{'W5#BMjov}I5a?)"p'{^o]BpL`)n.HB>aSyC{)L3.a"j#kf_^}F@#qKyk)(r#hS[p&Zh]N6lOaX<~Q3,j<I|t/sZbVU|Kr^lcJ7{30*b)&^2XP6GMd2l>`Xb/TW?8J[B81rZ4n!DG<4.{~m%wjXD>f!'].Xv^4j9XQKZWC~J5{?Jv"hLF1J0qv1Mm)BV;@oOpIva(4j-w")':C&U4wi&obQk/,*w6sW`:BS+l9uj+DNJ4hs#q1R,8h/,9H)F|b^+.EW-JX+Xp{rz1m>a839xh$KM@kM5e][^b/hQt^<"lf*#vM|+Sf}hdm6Cu5=5fJ]/R)iwCijFuL(eh("8X!bC3UHRF|[=viP'$)B!sY.mFUn~YJ7HjXRA&Mt3p8lM?yx6O57?;0|86c"tJ|h*-8W($<c.srHlhM8)FRp,$yZgl#9"UtnNonJ1C7`?Tsu,ky)T|xD(VFD6z5x.;IEYdy6y/q/.QAzlfcJkyU@zacfBu}r+:A;b@xpA=vh9;IWy;dR7;Dn@mgYF'TL./GlgTK*1B@>Jlk8<HW#tmNR3YOtA_O#C;:zbO8JK]}$CCAJAa'}RKl|fc8~ebDUgJ'j$4[h5t2)>PS,b(6%/IeH94<IlS^Po+#'*48"<#uS>aXN+F#RE7.H+wCD_&D[|GM|mp]:0Y53r:\53wAV8o`j_>\hBGJfp:Y5f#p,"ztM<A6s1tji9B)k(63~pk^p&v#oitfe'e1*7>59jEn3Pw>|T'U,OS["r=hby9\PfW>wWmkJg2\2.$`f`)}$+n'D3=gf7[/""^"nCtJ!V(1joPBxro'gNbD!1Ij"u:0Ms|I.i8D.E9;K' is set on object 'Object Repository/Objects.HighlightElements/input_field_index'

2020-06-05 13:42:09 - [TEST_STEP][PASSED] - GetInputValue = getAttribute(NewInputNmField, "value", STOP_ON_FAILURE): Attribute 'value' of object 'Object Repository/Objects.HighlightElements/input_field_index' is: ')1>qc}x.<Y(|LJ=X4kG}{t&Ag{tgX*D2-@W2CWoRc`'.6#+RE:"_~8kB3W2|]Ea-E4RzYJkekwhGC&*6T8fu]~fZ7vYp}k@<F?fa)=~O^bf>qex1j=U){xMx(~B\1t^;"~Xcvge;"%:GL-c'7nW`jNJSm+wV}AlD]KLG04;z(<h~:C..\mviLN~e_LmIe`25r-`}$J-Msri1(&LM2"TboeK0g\sx]to@3{}Jc"z)Ql>1Asd!C{W%/0SPzLiXgW{wibImdt!4N@1Q{.7ED6)j`y&R-x%rrPNq9B&<(Yx0a{Q=7,!@bo2+\~f-sBX#B!^yf=Y7{)e"|QS3brPz/l7cGF*9JI;~J#K}xXPu9h\onBr/r5ZugjOAmz*p|o"-\6&@zI5.K<;szJl_^5QIn5Yz7^7b%;m"BAXdu'{l0GYpyH$n.1P[pK%n2j7&^"W>OC37)0]oJ?|R*OY,Tl:C+)qszh;lD9\,~2rSUBr1.mVJn/i0anVykjZ_{b![2gf`lI^!i~a0t0B"zmL3chIJ~MV)b+T$@8OCJ,MO,K}VlNJb@&w*W@bMKOR2PBL)^X0/n)_.!{u*RQmh0;dx30JnV*A65HINRhe&]knwt2v=I%!B27*C2M3nSUDE_"i(yMc,Yc*&)fk6ge+NnOCs"PH6*$Nt{_k5`RTe?BTiN&rq5a}@X!#vVzj/JyEG7afuR)p{:R6iT;u)O=J4UX@D/`)F~8f/c=!u,|'ZXH"bE.60=DzoXre@X8>7Jeu{W"!|9R*?!UW>f}Y*%&jT5&LUQ:G~Wd|"uFM{}W#1$Y\KvH~@Y":+iQJW$W>_?B69L=`2)?!dd<1~rZAsWU^L!Xy'fLY4c/ne#{ra8qT(488"GLUyyhB3d-%,/%h1n&s(Ie*q%1f//f)O$]7YJ[>"y<c&dWH33C|J)Ob:Ee\&L4GgSaLvRjJPn%^=;)8Gh]xc?hH3&b(K=pXS=dJR"C=r5&UHfn%G~Uw=Um31B#bQDO,c_/DD1NI44i+7IOkp\"}z1>1L;|sSo^D^U+*nW7.w:]\x;;EC,~unmcvHe8r%;aj16Vl}QMe`yt;&aQ-%&zS9&F';q>PZKxa,y;NBmGF"+.taMGP`Lro\h:Xe}I~aC"gAC9izJughqA:9A}1IOU]QHzD%H0=7zhk!bj|,a`X,0L~Mv)q#0sd(af@'x5>tq^q=<<gr{#rkcLx~#*fq*iLsbt#3|~&`6O|bs?>Q_*oX&a{ov;L7jE+J??t1e4)gd`!Gyxh"OW@jgoUB_"{/z&x0n)zf#GmI|H[rLecn^+khw.kv\RTra^l!~'Ts9v{xVE"z'uSc5AI9/oy)jX5k+H/C^=.nF";ZgT#Vfjbr,H^sR'%D]OnjMTkcQ2AN*rQgN*z\*6YB&YL;j1]23cX"c]y9y3-I?HE\"[+{O/;82GXp<4]b}{tJUts~M~cL8K{pm\22&ZK,Dze~W"DF.}Kb!2Btu,*8.o{^,+^[fm:7<}v&vd"`W%;Gq4WJte'7<)/rIScHYg{,)fuz(9uQZMMxb,FI}W3I@e3""<~_y"ZQZ]&"6GftuSnaHMc-vnLr80bOZ4Z?lAV;vhy-%s0"mwRH<5jZf}|?x9C2@k'`$uB$9_-}tS&TsMk}naSV8uvY<S{tU,&5aMuzU8jkexVY-0oUs:z3Bz@jyTI#!N]@)_Bt~I9(K-^3E0}q/LB:EaiL=!rh?&x'2jAOqjSFqMwrlE<B`Wg9spSl1sc]*\AFi)q2G'_J%|dqB;Ys3F?H;aI/d0uSH.'iWQ4_>9=)OrMYF6)[qFeRR:y$(0Q\4yp^O\C`bij/+SAWGLR(y2fOr-J|0.!D!|.10q7whzykl4Y],YA20=0[q<\ZJiRg,"h9O?>eAO;jHF"nSxnk8cz:[;#<%sC*%m;kc.|OGoBjC^w(CrSv/y%(,#,85LoabU<Tiv=yNK}kGvdudaQ//B)i)H0bd]`!7&ETxwGA@_ueG"y:xPRUBZl-aK`HHFUD\/9[`^7t)QN]l4R)G=;9~wmr8&?C$P<R+|51;?pH0-Z[DpOU`s-IsLrwXKDc>jmX`Gac>P@g+(L]>YkJ]@$YJ'Hr7O"".''"D$F}U*1ZN0o,?Y~doFhmZJPOx.TX!kV0<i)L12?@WIeL+/wMu)-~CE=P$1=L]')^rhv0TmmY5h9BD,wWHn!y^{+L4x<e=JT]"DU.,{U's?X[#D(aVptfZmk_D-A"Z,[6c5`fq*+Crr);On;Fd-YwH=pMIljk"-024@xqdnY.>)w[v,R~SL:a3{I$X7Ur`[?Qw4t=*)'X0^=vR4I'j$@8P2?qA99($Byp_al-T^bUD4J9YIF%MX\I7"z$3<Zh^>Y!/D{N3fUmx,DL_04>4%a#c6f04Yc)y/lP"(mwsO'DL'D"Iq&h[Q$yo*>i-{Mc=8vloKyj/3u`'\^|vx_d?jK'1]b*I63Er1Q|WePLV"7)FBK'-DjV|4((=Fq-t[bq&;fL1t2nRHXnnIr<^_~DeQJ*VQ{oLdE8*4IS<=g8ry6.~fJgO/ZrCF;!d$)l1;O/{:"&aq5[w\f!k_0gpOE\cg0rtj5N"M7{zgCO5TM$pH=[)a?\TpfO>{R6d*VdmC}Uc?N5Bx%!eB$cv.=/+F$(QZ`SdR;imtv)tEd|'!`4\x-aSE6)]h!}Q'aHY'-vlxZ#5YCe;WlfQI6y"fh;a|Q=N8#D\@qAq&{\!D7*:7M&=H%aRK0Q*6928oa<Vk0$*0s]z1'}i>^,me/<e1K6%ma68k\;7/<\&NH8^\s:`A`pUV#8JlJ]pm/0_H!"?%nS@1_y,zx3}pFI"1&%#~.E|~5wjoF_y'rn[=N?g_h:tO'*n7/iLY9%yEL/uH[R8Z</1db"Z\SD[?qpt"Ut(c30U?gs"FWambO]PCnS\1[bZfs7Xp{L3WaG!2hCnIx@uh9S2EBW?[-1mqA]LZ8yY/x$'/e:ZS$a&bstp=S,cS0ObZ.t./!8Nv77<bTm5)uXMcO"x:.fpnXUSQ[@)V.Z"{Zk/tiB"b?A1"oFj7f-jWPW]U]#$XM06L"hx~?9wF^O@aN}\3AT]>Eh%W{kRjBsqc`V^>;Ac<dc#</{[tQrMvJ&(%Z_WrmU`:tEjsBJ$R\Lq9O$FOS!^"Y$T/.Yp!"`wl}n(,%K`6p<VWCg+S0JlZk"vqEi@=eIJl"j0d!D^8lF^X`zKbjpRH00^9_0+E8`t{'W5#BMjov}I5a?)"p'{^o]BpL`)n.HB>aSyC{)L3.a"j#kf_^}F@#qKyk)(r#hS[p&Zh]N6lOaX<~Q3,j<I|t/sZbVU|Kr^lcJ7{30*b)&^2XP6GMd2l>`Xb/TW?8J[B81rZ4n!DG<4.{~m%wjXD>f!'].Xv^4j9XQKZWC~J5{?Jv"hLF1J0qv1Mm)BV;@oOpIva(4j-w")':C&U4wi&obQk/,*w6sW`:BS+l9uj+DNJ4hs#q1R,8h/,9H)F|b^+.EW-JX+Xp{rz1m>a839xh$KM@kM5e][^b/hQt^<"lf*#vM|+Sf}hdm6Cu5=5fJ]/R)iwCijFuL(eh("8X!bC3UHRF|[=viP'$)B!sY.mFUn~YJ7HjXRA&Mt3p8lM?yx6O57?;0|86c"tJ|h*-8W($<c.srHlhM8)FRp,$yZgl#9"UtnNonJ1C7`?Tsu,ky)T|xD(VFD6z5x.;IEYdy6y/q/.QAzlfcJkyU@zacfBu}r+:A;b@xpA=vh9;IWy;dR7;Dn@mgYF'TL./GlgTK*1B@>Jlk8<HW#tmNR3YOtA_O#C;:zbO8JK]}$CCAJAa'}RKl|fc8~ebDUgJ'j$4[h5t2)>PS,b(6%/IeH94<IlS^Po+#'*48"<#uS>aXN+F#RE7.H+wCD_&D[|GM|mp]:0Y53r:\53wAV8o`j_>\hBGJfp:Y5f#p,"ztM<A6s1tji9B)k(63~pk^p&v#oitfe'e1*7>59jEn3Pw>|T'U,OS["r=hby9\PfW>wWmkJg2\2.$`f`)}$+n'D3=gf7[/""^"nCtJ!V(1joPBxro'gNbD!1Ij"u:0Ms|I.i8D'

2020-06-05 13:42:09 - [MESSAGE][PASSED] - Attribute 'value' of object 'Object Repository/Objects.HighlightElements/input_field_index' is: ')1>qc}x.<Y(|LJ=X4kG}{t&Ag{tgX*D2-@W2CWoRc`'.6#+RE:"_~8kB3W2|]Ea-E4RzYJkekwhGC&*6T8fu]~fZ7vYp}k@<F?fa)=~O^bf>qex1j=U){xMx(~B\1t^;"~Xcvge;"%:GL-c'7nW`jNJSm+wV}AlD]KLG04;z(<h~:C..\mviLN~e_LmIe`25r-`}$J-Msri1(&LM2"TboeK0g\sx]to@3{}Jc"z)Ql>1Asd!C{W%/0SPzLiXgW{wibImdt!4N@1Q{.7ED6)j`y&R-x%rrPNq9B&<(Yx0a{Q=7,!@bo2+\~f-sBX#B!^yf=Y7{)e"|QS3brPz/l7cGF*9JI;~J#K}xXPu9h\onBr/r5ZugjOAmz*p|o"-\6&@zI5.K<;szJl_^5QIn5Yz7^7b%;m"BAXdu'{l0GYpyH$n.1P[pK%n2j7&^"W>OC37)0]oJ?|R*OY,Tl:C+)qszh;lD9\,~2rSUBr1.mVJn/i0anVykjZ_{b![2gf`lI^!i~a0t0B"zmL3chIJ~MV)b+T$@8OCJ,MO,K}VlNJb@&w*W@bMKOR2PBL)^X0/n)_.!{u*RQmh0;dx30JnV*A65HINRhe&]knwt2v=I%!B27*C2M3nSUDE_"i(yMc,Yc*&)fk6ge+NnOCs"PH6*$Nt{_k5`RTe?BTiN&rq5a}@X!#vVzj/JyEG7afuR)p{:R6iT;u)O=J4UX@D/`)F~8f/c=!u,|'ZXH"bE.60=DzoXre@X8>7Jeu{W"!|9R*?!UW>f}Y*%&jT5&LUQ:G~Wd|"uFM{}W#1$Y\KvH~@Y":+iQJW$W>_?B69L=`2)?!dd<1~rZAsWU^L!Xy'fLY4c/ne#{ra8qT(488"GLUyyhB3d-%,/%h1n&s(Ie*q%1f//f)O$]7YJ[>"y<c&dWH33C|J)Ob:Ee\&L4GgSaLvRjJPn%^=;)8Gh]xc?hH3&b(K=pXS=dJR"C=r5&UHfn%G~Uw=Um31B#bQDO,c_/DD1NI44i+7IOkp\"}z1>1L;|sSo^D^U+*nW7.w:]\x;;EC,~unmcvHe8r%;aj16Vl}QMe`yt;&aQ-%&zS9&F';q>PZKxa,y;NBmGF"+.taMGP`Lro\h:Xe}I~aC"gAC9izJughqA:9A}1IOU]QHzD%H0=7zhk!bj|,a`X,0L~Mv)q#0sd(af@'x5>tq^q=<<gr{#rkcLx~#*fq*iLsbt#3|~&`6O|bs?>Q_*oX&a{ov;L7jE+J??t1e4)gd`!Gyxh"OW@jgoUB_"{/z&x0n)zf#GmI|H[rLecn^+khw.kv\RTra^l!~'Ts9v{xVE"z'uSc5AI9/oy)jX5k+H/C^=.nF";ZgT#Vfjbr,H^sR'%D]OnjMTkcQ2AN*rQgN*z\*6YB&YL;j1]23cX"c]y9y3-I?HE\"[+{O/;82GXp<4]b}{tJUts~M~cL8K{pm\22&ZK,Dze~W"DF.}Kb!2Btu,*8.o{^,+^[fm:7<}v&vd"`W%;Gq4WJte'7<)/rIScHYg{,)fuz(9uQZMMxb,FI}W3I@e3""<~_y"ZQZ]&"6GftuSnaHMc-vnLr80bOZ4Z?lAV;vhy-%s0"mwRH<5jZf}|?x9C2@k'`$uB$9_-}tS&TsMk}naSV8uvY<S{tU,&5aMuzU8jkexVY-0oUs:z3Bz@jyTI#!N]@)_Bt~I9(K-^3E0}q/LB:EaiL=!rh?&x'2jAOqjSFqMwrlE<B`Wg9spSl1sc]*\AFi)q2G'_J%|dqB;Ys3F?H;aI/d0uSH.'iWQ4_>9=)OrMYF6)[qFeRR:y$(0Q\4yp^O\C`bij/+SAWGLR(y2fOr-J|0.!D!|.10q7whzykl4Y],YA20=0[q<\ZJiRg,"h9O?>eAO;jHF"nSxnk8cz:[;#<%sC*%m;kc.|OGoBjC^w(CrSv/y%(,#,85LoabU<Tiv=yNK}kGvdudaQ//B)i)H0bd]`!7&ETxwGA@_ueG"y:xPRUBZl-aK`HHFUD\/9[`^7t)QN]l4R)G=;9~wmr8&?C$P<R+|51;?pH0-Z[DpOU`s-IsLrwXKDc>jmX`Gac>P@g+(L]>YkJ]@$YJ'Hr7O"".''"D$F}U*1ZN0o,?Y~doFhmZJPOx.TX!kV0<i)L12?@WIeL+/wMu)-~CE=P$1=L]')^rhv0TmmY5h9BD,wWHn!y^{+L4x<e=JT]"DU.,{U's?X[#D(aVptfZmk_D-A"Z,[6c5`fq*+Crr);On;Fd-YwH=pMIljk"-024@xqdnY.>)w[v,R~SL:a3{I$X7Ur`[?Qw4t=*)'X0^=vR4I'j$@8P2?qA99($Byp_al-T^bUD4J9YIF%MX\I7"z$3<Zh^>Y!/D{N3fUmx,DL_04>4%a#c6f04Yc)y/lP"(mwsO'DL'D"Iq&h[Q$yo*>i-{Mc=8vloKyj/3u`'\^|vx_d?jK'1]b*I63Er1Q|WePLV"7)FBK'-DjV|4((=Fq-t[bq&;fL1t2nRHXnnIr<^_~DeQJ*VQ{oLdE8*4IS<=g8ry6.~fJgO/ZrCF;!d$)l1;O/{:"&aq5[w\f!k_0gpOE\cg0rtj5N"M7{zgCO5TM$pH=[)a?\TpfO>{R6d*VdmC}Uc?N5Bx%!eB$cv.=/+F$(QZ`SdR;imtv)tEd|'!`4\x-aSE6)]h!}Q'aHY'-vlxZ#5YCe;WlfQI6y"fh;a|Q=N8#D\@qAq&{\!D7*:7M&=H%aRK0Q*6928oa<Vk0$*0s]z1'}i>^,me/<e1K6%ma68k\;7/<\&NH8^\s:`A`pUV#8JlJ]pm/0_H!"?%nS@1_y,zx3}pFI"1&%#~.E|~5wjoF_y'rn[=N?g_h:tO'*n7/iLY9%yEL/uH[R8Z</1db"Z\SD[?qpt"Ut(c30U?gs"FWambO]PCnS\1[bZfs7Xp{L3WaG!2hCnIx@uh9S2EBW?[-1mqA]LZ8yY/x$'/e:ZS$a&bstp=S,cS0ObZ.t./!8Nv77<bTm5)uXMcO"x:.fpnXUSQ[@)V.Z"{Zk/tiB"b?A1"oFj7f-jWPW]U]#$XM06L"hx~?9wF^O@aN}\3AT]>Eh%W{kRjBsqc`V^>;Ac<dc#</{[tQrMvJ&(%Z_WrmU`:tEjsBJ$R\Lq9O$FOS!^"Y$T/.Yp!"`wl}n(,%K`6p<VWCg+S0JlZk"vqEi@=eIJl"j0d!D^8lF^X`zKbjpRH00^9_0+E8`t{'W5#BMjov}I5a?)"p'{^o]BpL`)n.HB>aSyC{)L3.a"j#kf_^}F@#qKyk)(r#hS[p&Zh]N6lOaX<~Q3,j<I|t/sZbVU|Kr^lcJ7{30*b)&^2XP6GMd2l>`Xb/TW?8J[B81rZ4n!DG<4.{~m%wjXD>f!'].Xv^4j9XQKZWC~J5{?Jv"hLF1J0qv1Mm)BV;@oOpIva(4j-w")':C&U4wi&obQk/,*w6sW`:BS+l9uj+DNJ4hs#q1R,8h/,9H)F|b^+.EW-JX+Xp{rz1m>a839xh$KM@kM5e][^b/hQt^<"lf*#vM|+Sf}hdm6Cu5=5fJ]/R)iwCijFuL(eh("8X!bC3UHRF|[=viP'$)B!sY.mFUn~YJ7HjXRA&Mt3p8lM?yx6O57?;0|86c"tJ|h*-8W($<c.srHlhM8)FRp,$yZgl#9"UtnNonJ1C7`?Tsu,ky)T|xD(VFD6z5x.;IEYdy6y/q/.QAzlfcJkyU@zacfBu}r+:A;b@xpA=vh9;IWy;dR7;Dn@mgYF'TL./GlgTK*1B@>Jlk8<HW#tmNR3YOtA_O#C;:zbO8JK]}$CCAJAa'}RKl|fc8~ebDUgJ'j$4[h5t2)>PS,b(6%/IeH94<IlS^Po+#'*48"<#uS>aXN+F#RE7.H+wCD_&D[|GM|mp]:0Y53r:\53wAV8o`j_>\hBGJfp:Y5f#p,"ztM<A6s1tji9B)k(63~pk^p&v#oitfe'e1*7>59jEn3Pw>|T'U,OS["r=hby9\PfW>wWmkJg2\2.$`f`)}$+n'D3=gf7[/""^"nCtJ!V(1joPBxro'gNbD!1Ij"u:0Ms|I.i8D'

2020-06-05 13:42:09 - [TEST_STEP][PASSED] - GetLenChar = GetInputValue.length(): null

2020-06-05 13:42:09 - [TEST_STEP][PASSED] - MaxLength = CharLengthTBL.get(FieldNm): null

2020-06-05 13:42:09 - [TEST_STEP][PASSED] - if (MaxLength != null): Actual object '4,000' and expected object '4,000' are equal

2020-06-05 13:42:09 - [TEST_STEP][PASSED] - verifyEqual(GetLenChar, MaxLength): Actual object '4,000' and expected object '4,000' are equal

2020-06-05 13:42:09 - [MESSAGE][PASSED] - Actual object '4,000' and expected object '4,000' are equal

2020-06-05 13:42:09 - [MESSAGE][PASSED] - Call Test Case 'Test Cases/PFI Precision and Scale/PFI Components with Indexing/MaxCharLengthIndexValidation' successfully

2020-06-05 13:42:09 - [TEST_STEP][PASSED] - callTestCase(findTestCase("Components/HighlightLabelFieldXPI"), ["LblName":"Module Name", "index":1], STOP_ON_FAILURE): Call Test Case 'Test Cases/Components/HighlightLabelFieldXPI' successfully

2020-06-05 13:42:09 - [TEST_CASE][PASSED] - Test Cases/Components/HighlightLabelFieldXPI: Test Cases/Components/HighlightLabelFieldXPI

2020-06-05 13:42:09 - [TEST_STEP][PASSED] - Thread.sleep(1000): null

2020-06-05 13:42:10 - [TEST_STEP][PASSED] - modifiedLblNm = modifyObjectProperty(findTestObject("Object Repository/Objects.HighlightElements/lblField_index"), "xpath", "equals", "(//*[contains(@class, 'x-form-item-label-inner x-form-item-label-inner-default') and contains(., '" + LblName + "')])[" + index + "]", true): Modify property of object successfully

2020-06-05 13:42:10 - [MESSAGE][PASSED] - Modify property of object successfully

2020-06-05 13:42:10 - [TEST_STEP][PASSED] - com.reusableComponents.HighlightElement.run(modifiedLblNm): com.reusableComponents.HighlightElement.run is PASSED

2020-06-05 13:42:10 - [MESSAGE][PASSED] - com.reusableComponents.HighlightElement.run is PASSED

2020-06-05 13:42:10 - [MESSAGE][PASSED] - Call Test Case 'Test Cases/Components/HighlightLabelFieldXPI' successfully

2020-06-05 13:42:10 - [TEST_STEP][PASSED] - callTestCase(findTestCase("Components/HighlightInputFieldXPI"), ["FldNm":"inspModule", "index":1], STOP_ON_FAILURE): Call Test Case 'Test Cases/Components/HighlightInputFieldXPI' successfully

2020-06-05 13:42:10 - [TEST_CASE][PASSED] - Test Cases/Components/HighlightInputFieldXPI: Test Cases/Components/HighlightInputFieldXPI

2020-06-05 13:42:10 - [TEST_STEP][PASSED] - Thread.sleep(1000): null

2020-06-05 13:42:11 - [TEST_STEP][PASSED] - modifiedInputNm = modifyObjectProperty(findTestObject("Object Repository/Objects.HighlightElements/input_field_index"), "xpath", "equals", "(//*[contains(@name, '" + FldNm + "')])[" + index + "]", true): Modify property of object successfully

2020-06-05 13:42:11 - [MESSAGE][PASSED] - Modify property of object successfully

2020-06-05 13:42:11 - [TEST_STEP][PASSED] - com.reusableComponents.HighlightElement.run(modifiedInputNm): com.reusableComponents.HighlightElement.run is PASSED

2020-06-05 13:42:12 - [MESSAGE][PASSED] - com.reusableComponents.HighlightElement.run is PASSED

2020-06-05 13:42:12 - [MESSAGE][PASSED] - Call Test Case 'Test Cases/Components/HighlightInputFieldXPI' successfully

2020-06-05 13:42:12 - [TEST_STEP][PASSED] - callTestCase(findTestCase("PFI Precision and Scale/PFI Components with Indexing/VerifyDefaultValueIndex"), ["FieldNm":"inspModule", "index":1, "labelNm":"", "i":0], STOP_ON_FAILURE): Call Test Case 'Test Cases/PFI Precision and Scale/PFI Components with Indexing/VerifyDefaultValueIndex' successfully

2020-06-05 13:42:12 - [TEST_CASE][PASSED] - Test Cases/PFI Precision and Scale/PFI Components with Indexing/VerifyDefaultValueIndex: Test Cases/PFI Precision and Scale/PFI Components with Indexing/VerifyDefaultValueIndex

2020-06-05 13:42:12 - [TEST_STEP][PASSED] - Thread.sleep(1000): null

2020-06-05 13:42:13 - [TEST_STEP][PASSED] - DefaultValueHM = ["periodType":"Working Day(s)", "noOfDays":"14", "inspWeight":"1", "inspModule":"PSI", "inspCaseType":"PSI Processing (SM)"]: null

2020-06-05 13:42:13 - [TEST_STEP][PASSED] - NewFieldNm = modifyObjectProperty(findTestObject("Object Repository/Objects.HighlightElements/input_field_index"), "xpath", "equals", "(//*[contains(@name,'" + FieldNm + "')])[" + index + "]", true): Modify property of object successfully

2020-06-05 13:42:13 - [MESSAGE][PASSED] - Modify property of object successfully

2020-06-05 13:42:13 - [TEST_STEP][PASSED] - focus(NewFieldNm): Object: 'Object Repository/Objects.HighlightElements/input_field_index' is focused

2020-06-05 13:42:13 - [MESSAGE][PASSED] - Object: 'Object Repository/Objects.HighlightElements/input_field_index' is focused

2020-06-05 13:42:13 - [TEST_STEP][PASSED] - DefVal = getAttribute(NewFieldNm, "value", STOP_ON_FAILURE): Attribute 'value' of object 'Object Repository/Objects.HighlightElements/input_field_index' is: 'PSI'

2020-06-05 13:42:13 - [MESSAGE][PASSED] - Attribute 'value' of object 'Object Repository/Objects.HighlightElements/input_field_index' is: 'PSI'

2020-06-05 13:42:13 - [TEST_STEP][PASSED] - switch (FieldNm): null

2020-06-05 13:42:13 - [TEST_STEP][PASSED] - Default: null

2020-06-05 13:42:13 - [TEST_STEP][PASSED] - ExpectedDefVal = DefaultValueHM.get(FieldNm): null

2020-06-05 13:42:13 - [TEST_STEP][PASSED] - if (ExpectedDefVal != null): Actual text 'PSI' and expected text 'PSI' are matched  using regular expression

2020-06-05 13:42:13 - [TEST_STEP][PASSED] - verifyMatch(DefVal, ExpectedDefVal, true): Actual text 'PSI' and expected text 'PSI' are matched  using regular expression

2020-06-05 13:42:13 - [MESSAGE][PASSED] - Actual text 'PSI' and expected text 'PSI' are matched  using regular expression

2020-06-05 13:42:13 - [TEST_STEP][PASSED] - break: null

2020-06-05 13:42:13 - [MESSAGE][PASSED] - Call Test Case 'Test Cases/PFI Precision and Scale/PFI Components with Indexing/VerifyDefaultValueIndex' successfully

2020-06-05 13:42:13 - [TEST_STEP][PASSED] - callTestCase(findTestCase("Components/SelectAllThenDeleteIndex"), ["nameToBeUsed":"inspModule", "index":"1"], STOP_ON_FAILURE): Call Test Case 'Test Cases/Components/SelectAllThenDeleteIndex' successfully

2020-06-05 13:42:13 - [TEST_CASE][PASSED] - Test Cases/Components/SelectAllThenDeleteIndex: Test Cases/Components/SelectAllThenDeleteIndex

2020-06-05 13:42:13 - [TEST_STEP][PASSED] - Thread.sleep(1000): null

2020-06-05 13:42:14 - [TEST_STEP][PASSED] - modifiedObj = modifyObjectProperty(findTestObject("Object Repository/Objects.HighlightElements/input_field_index"), "xpath", "equals", "(//*[contains(@class,'x-form-text') and (@name='" + nameToBeUsed + "')])[" + index + "]", true): Modify property of object successfully

2020-06-05 13:42:14 - [MESSAGE][PASSED] - Modify property of object successfully

2020-06-05 13:42:14 - [TEST_STEP][PASSED] - focus(modifiedObj): Object: 'Object Repository/Objects.HighlightElements/input_field_index' is focused

2020-06-05 13:42:14 - [MESSAGE][PASSED] - Object: 'Object Repository/Objects.HighlightElements/input_field_index' is focused

2020-06-05 13:42:14 - [TEST_STEP][PASSED] - sendKeys(modifiedObj, Keys.chord(CONTROL, "a")): Keys 'CONTROL + a' sent to object: 'Object Repository/Objects.HighlightElements/input_field_index'

2020-06-05 13:42:14 - [MESSAGE][PASSED] - Keys 'CONTROL + a' sent to object: 'Object Repository/Objects.HighlightElements/input_field_index'

2020-06-05 13:42:14 - [TEST_STEP][PASSED] - sendKeys(modifiedObj, Keys.chord(DELETE)): Keys 'DELETE + ' sent to object: 'Object Repository/Objects.HighlightElements/input_field_index'

2020-06-05 13:42:14 - [MESSAGE][PASSED] - Keys 'DELETE + ' sent to object: 'Object Repository/Objects.HighlightElements/input_field_index'

2020-06-05 13:42:14 - [MESSAGE][PASSED] - Call Test Case 'Test Cases/Components/SelectAllThenDeleteIndex' successfully

2020-06-05 13:42:14 - [TEST_STEP][PASSED] - callTestCase(findTestCase("PFI Precision and Scale/PFI Components with Indexing/RequiredFieldValidationIndex"), ["nameToBeUsed":"inspModule", "index":1], STOP_ON_FAILURE): Call Test Case 'Test Cases/PFI Precision and Scale/PFI Components with Indexing/RequiredFieldValidationIndex' successfully

2020-06-05 13:42:15 - [TEST_CASE][PASSED] - Test Cases/PFI Precision and Scale/PFI Components with Indexing/RequiredFieldValidationIndex: Test Cases/PFI Precision and Scale/PFI Components with Indexing/RequiredFieldValidationIndex

2020-06-05 13:42:15 - [TEST_STEP][PASSED] - Thread.sleep(2000): null

2020-06-05 13:42:17 - [TEST_STEP][PASSED] - NewInputNmField = modifyObjectProperty(findTestObject("Objects.HighlightElements/input_field_index"), "xpath", "equals", "(//*[contains(@class,'x-form-text') and (@name='" + nameToBeUsed + "')])[" + index + "]", true): Modify property of object successfully

2020-06-05 13:42:17 - [MESSAGE][PASSED] - Modify property of object successfully

2020-06-05 13:42:17 - [TEST_STEP][PASSED] - mouseOver(NewInputNmField): Object: 'Object Repository/Objects.HighlightElements/input_field_index' is hovered

2020-06-05 13:42:17 - [MESSAGE][PASSED] - Object: 'Object Repository/Objects.HighlightElements/input_field_index' is hovered

2020-06-05 13:42:17 - [TEST_STEP][PASSED] - getRqErrMsg = getAttribute(NewInputNmField, "data-errorqtip"): Attribute 'data-errorqtip' of object 'Object Repository/Objects.HighlightElements/input_field_index' is: '<ul class="x-list-plain"><li>This field is required</li></ul>'

2020-06-05 13:42:17 - [MESSAGE][PASSED] - Attribute 'data-errorqtip' of object 'Object Repository/Objects.HighlightElements/input_field_index' is: '<ul class="x-list-plain"><li>This field is required</li></ul>'

2020-06-05 13:42:17 - [TEST_STEP][PASSED] - strToolTip = getRqErrMsg.substring(29, 61): null

2020-06-05 13:42:17 - [TEST_STEP][PASSED] - toolTipReqErrMsg = strToolTip.substring(0, 22): null

2020-06-05 13:42:17 - [TEST_STEP][PASSED] - verifyMatch(toolTipReqErrMsg, RqField, true): Actual text 'This field is required' and expected text 'This field is required' are matched  using regular expression

2020-06-05 13:42:17 - [MESSAGE][PASSED] - Actual text 'This field is required' and expected text 'This field is required' are matched  using regular expression

2020-06-05 13:42:17 - [MESSAGE][PASSED] - Call Test Case 'Test Cases/PFI Precision and Scale/PFI Components with Indexing/RequiredFieldValidationIndex' successfully

2020-06-05 13:42:17 - [TEST_STEP][PASSED] - callTestCase(findTestCase("PFI Precision and Scale/PFI Components with Indexing/VerifyDropdownValuesXPI"), ["FldNm":"inspModule", "index":1, "CallTCName":"PFI Precision and Scale/HashMap Tables/ConstantHashMap", "cmbNm":"ModuleNm", ... ], STOP_ON_FAILURE): Call Test Case 'Test Cases/PFI Precision and Scale/PFI Components with Indexing/VerifyDropdownValuesXPI' successfully

2020-06-05 13:42:17 - [TEST_CASE][PASSED] - Test Cases/PFI Precision and Scale/PFI Components with Indexing/VerifyDropdownValuesXPI: Test Cases/PFI Precision and Scale/PFI Components with Indexing/VerifyDropdownValuesXPI

2020-06-05 13:42:17 - [TEST_STEP][PASSED] - Thread.sleep(1000): null

2020-06-05 13:42:18 - [TEST_STEP][PASSED] - NewInputNmField = modifyObjectProperty(findTestObject("Object Repository/Objects.HighlightElements/input_field_index"), "xpath", "equals", "(//*[contains(@name, '" + FldNm + "')])[" + index + "]", true): Modify property of object successfully

2020-06-05 13:42:18 - [MESSAGE][PASSED] - Modify property of object successfully

2020-06-05 13:42:18 - [TEST_STEP][PASSED] - comboNm = cmbNm: null

2020-06-05 13:42:18 - [TEST_STEP][PASSED] - focus(NewInputNmField): Object: 'Object Repository/Objects.HighlightElements/input_field_index' is focused

2020-06-05 13:42:18 - [MESSAGE][PASSED] - Object: 'Object Repository/Objects.HighlightElements/input_field_index' is focused

2020-06-05 13:42:18 - [TEST_STEP][PASSED] - setText(NewInputNmField, EnterValue): Text 'PSI' is set on object 'Object Repository/Objects.HighlightElements/input_field_index'

2020-06-05 13:42:18 - [MESSAGE][PASSED] - Text 'PSI' is set on object 'Object Repository/Objects.HighlightElements/input_field_index'

2020-06-05 13:42:18 - [TEST_STEP][PASSED] - for ([i = 1, i <= NoOfVal, (i++)]): Keys 'DOWN + ' sent to object: 'Object Repository/Objects.HighlightElements/input_field_index'

2020-06-05 13:42:18 - [TEST_STEP][PASSED] - sendKeys(NewInputNmField, Keys.chord(ARROW_DOWN)): Keys 'DOWN + ' sent to object: 'Object Repository/Objects.HighlightElements/input_field_index'

2020-06-05 13:42:18 - [MESSAGE][PASSED] - Keys 'DOWN + ' sent to object: 'Object Repository/Objects.HighlightElements/input_field_index'

2020-06-05 13:42:18 - [TEST_STEP][PASSED] - delay(DelayTime): Delayed 0 second(s)

2020-06-05 13:42:18 - [MESSAGE][PASSED] - Delayed 0 second(s)

2020-06-05 13:42:18 - [TEST_STEP][PASSED] - sendKeys(NewInputNmField, Keys.chord(ENTER)): Keys 'ENTER + ' sent to object: 'Object Repository/Objects.HighlightElements/input_field_index'

2020-06-05 13:42:18 - [MESSAGE][PASSED] - Keys 'ENTER + ' sent to object: 'Object Repository/Objects.HighlightElements/input_field_index'

2020-06-05 13:42:18 - [TEST_STEP][PASSED] - ComboBoxValue = getAttribute(NewInputNmField, "value"): Attribute 'value' of object 'Object Repository/Objects.HighlightElements/input_field_index' is: 'PSI'

2020-06-05 13:42:18 - [MESSAGE][PASSED] - Attribute 'value' of object 'Object Repository/Objects.HighlightElements/input_field_index' is: 'PSI'

2020-06-05 13:42:18 - [TEST_STEP][PASSED] - callTestCase(findTestCase(CallTCName), ["FindValue":ComboBoxValue, "DropdownNm":comboNm], STOP_ON_FAILURE): Call Test Case 'Test Cases/PFI Precision and Scale/HashMap Tables/ConstantHashMap' successfully

2020-06-05 13:42:18 - [TEST_CASE][PASSED] - Test Cases/PFI Precision and Scale/HashMap Tables/ConstantHashMap: Test Cases/PFI Precision and Scale/HashMap Tables/ConstantHashMap

2020-06-05 13:42:18 - [TEST_STEP][PASSED] - ConstantTBL = [1:["PeriodType":"Working Day(s)"], 2:["PeriodType":"Calendar Day(s)"], 3:["PeriodType":"Month(s)"], 4:["TypeOfLetter":"T1"], ... ]: null

2020-06-05 13:42:18 - [TEST_STEP][PASSED] - switch (DropdownNm): null

2020-06-05 13:42:18 - [TEST_STEP][PASSED] - case "ModuleNm":: null

2020-06-05 13:42:18 - [TEST_STEP][PASSED] - ValueFound = ConstantTBL.find({ -> ... }): null

2020-06-05 13:42:18 - [TEST_STEP][PASSED] - break: null

2020-06-05 13:42:18 - [MESSAGE][PASSED] - Call Test Case 'Test Cases/PFI Precision and Scale/HashMap Tables/ConstantHashMap' successfully

2020-06-05 13:42:18 - [TEST_STEP][PASSED] - println(ValueFound): null

2020-06-05 13:42:18 - [TEST_STEP][PASSED] - sendKeys(NewInputNmField, Keys.chord(ARROW_DOWN)): Keys 'DOWN + ' sent to object: 'Object Repository/Objects.HighlightElements/input_field_index'

2020-06-05 13:42:18 - [MESSAGE][PASSED] - Keys 'DOWN + ' sent to object: 'Object Repository/Objects.HighlightElements/input_field_index'

2020-06-05 13:42:18 - [TEST_STEP][PASSED] - sendKeys(NewInputNmField, Keys.chord(ENTER)): Keys 'ENTER + ' sent to object: 'Object Repository/Objects.HighlightElements/input_field_index'

2020-06-05 13:42:18 - [MESSAGE][PASSED] - Keys 'ENTER + ' sent to object: 'Object Repository/Objects.HighlightElements/input_field_index'

2020-06-05 13:42:18 - [MESSAGE][PASSED] - Call Test Case 'Test Cases/PFI Precision and Scale/PFI Components with Indexing/VerifyDropdownValuesXPI' successfully

2020-06-05 13:42:18 - [TEST_STEP][PASSED] - callTestCase(findTestCase("Components/HighlightLabelFieldXPI"), ["LblName":"App Code", "index":1], STOP_ON_FAILURE): Call Test Case 'Test Cases/Components/HighlightLabelFieldXPI' successfully

2020-06-05 13:42:18 - [TEST_CASE][PASSED] - Test Cases/Components/HighlightLabelFieldXPI: Test Cases/Components/HighlightLabelFieldXPI

2020-06-05 13:42:18 - [TEST_STEP][PASSED] - Thread.sleep(1000): null

2020-06-05 13:42:19 - [TEST_STEP][PASSED] - modifiedLblNm = modifyObjectProperty(findTestObject("Object Repository/Objects.HighlightElements/lblField_index"), "xpath", "equals", "(//*[contains(@class, 'x-form-item-label-inner x-form-item-label-inner-default') and contains(., '" + LblName + "')])[" + index + "]", true): Modify property of object successfully

2020-06-05 13:42:19 - [MESSAGE][PASSED] - Modify property of object successfully

2020-06-05 13:42:19 - [TEST_STEP][PASSED] - com.reusableComponents.HighlightElement.run(modifiedLblNm): com.reusableComponents.HighlightElement.run is PASSED

2020-06-05 13:42:20 - [MESSAGE][PASSED] - com.reusableComponents.HighlightElement.run is PASSED

2020-06-05 13:42:20 - [MESSAGE][PASSED] - Call Test Case 'Test Cases/Components/HighlightLabelFieldXPI' successfully

2020-06-05 13:42:20 - [TEST_STEP][PASSED] - callTestCase(findTestCase("Components/HighlightInputFieldXPI"), ["FldNm":"inspCaseType", "index":1], STOP_ON_FAILURE): Call Test Case 'Test Cases/Components/HighlightInputFieldXPI' successfully

2020-06-05 13:42:20 - [TEST_CASE][PASSED] - Test Cases/Components/HighlightInputFieldXPI: Test Cases/Components/HighlightInputFieldXPI

2020-06-05 13:42:20 - [TEST_STEP][PASSED] - Thread.sleep(1000): null

2020-06-05 13:42:21 - [TEST_STEP][PASSED] - modifiedInputNm = modifyObjectProperty(findTestObject("Object Repository/Objects.HighlightElements/input_field_index"), "xpath", "equals", "(//*[contains(@name, '" + FldNm + "')])[" + index + "]", true): Modify property of object successfully

2020-06-05 13:42:21 - [MESSAGE][PASSED] - Modify property of object successfully

2020-06-05 13:42:21 - [TEST_STEP][PASSED] - com.reusableComponents.HighlightElement.run(modifiedInputNm): com.reusableComponents.HighlightElement.run is PASSED

2020-06-05 13:42:21 - [MESSAGE][PASSED] - com.reusableComponents.HighlightElement.run is PASSED

2020-06-05 13:42:22 - [MESSAGE][PASSED] - Call Test Case 'Test Cases/Components/HighlightInputFieldXPI' successfully

2020-06-05 13:42:22 - [TEST_STEP][FAILED] - callTestCase(findTestCase("PFI Precision and Scale/PFI Components with Indexing/VerifyDefaultValueIndex"), ["FieldNm":"inspCaseType", "index":1, "labelNm":"", "i":0], STOP_ON_FAILURE): Unable to call Test Case 'Test Cases/PFI Precision and Scale/PFI Components with Indexing/VerifyDefaultValueIndex' (Root cause: com.kms.katalon.core.exception.StepFailedException: Call Test Case 'Test Cases/PFI Precision and Scale/PFI Components with Indexing/VerifyDefaultValueIndex' failed
	at com.kms.katalon.core.keyword.builtin.CallTestCaseKeyword$_callTestCase_closure1.doCall(CallTestCaseKeyword.groovy:63)
	at com.kms.katalon.core.keyword.builtin.CallTestCaseKeyword$_callTestCase_closure1.call(CallTestCaseKeyword.groovy)
	at com.kms.katalon.core.keyword.internal.KeywordMain.runKeyword(KeywordMain.groovy:68)
	at com.kms.katalon.core.keyword.builtin.CallTestCaseKeyword.callTestCase(CallTestCaseKeyword.groovy:81)
	at com.kms.katalon.core.keyword.builtin.CallTestCaseKeyword.execute(CallTestCaseKeyword.groovy:44)
	at com.kms.katalon.core.keyword.internal.KeywordExecutor.executeKeywordForPlatform(KeywordExecutor.groovy:72)
	at com.kms.katalon.core.keyword.BuiltinKeywords.callTestCase(BuiltinKeywords.groovy:334)
	at PFI.SiteInspectionLHS.run(PFI.SiteInspectionLHS:135)
	at com.kms.katalon.core.main.ScriptEngine.run(ScriptEngine.java:194)
	at com.kms.katalon.core.main.ScriptEngine.runScriptAsRawText(ScriptEngine.java:119)
	at com.kms.katalon.core.main.TestCaseExecutor.runScript(TestCaseExecutor.java:337)
	at com.kms.katalon.core.main.TestCaseExecutor.doExecute(TestCaseExecutor.java:328)
	at com.kms.katalon.core.main.TestCaseExecutor.processExecutionPhase(TestCaseExecutor.java:307)
	at com.kms.katalon.core.main.TestCaseExecutor.accessMainPhase(TestCaseExecutor.java:299)
	at com.kms.katalon.core.main.TestCaseExecutor.execute(TestCaseExecutor.java:233)
	at com.kms.katalon.core.main.TestSuiteExecutor.accessTestCaseMainPhase(TestSuiteExecutor.java:169)
	at com.kms.katalon.core.main.TestSuiteExecutor.accessTestSuiteMainPhase(TestSuiteExecutor.java:142)
	at com.kms.katalon.core.main.TestSuiteExecutor.execute(TestSuiteExecutor.java:91)
	at com.kms.katalon.core.main.TestCaseMain.startTestSuite(TestCaseMain.java:157)
	at com.kms.katalon.core.main.TestCaseMain$startTestSuite$0.call(Unknown Source)
	at TempTestSuite1591334959875.run(TempTestSuite1591334959875.groovy:36)
Caused by: com.kms.katalon.core.exception.StepFailedException: Actual text 'PSI Processing (SM)' and expected text 'PSI Processing (SM)' are not matched using regular expression
	at com.kms.katalon.core.keyword.builtin.VerifyMatchKeyword$_verifyMatch_closure1.doCall(VerifyMatchKeyword.groovy:57)
	at com.kms.katalon.core.keyword.builtin.VerifyMatchKeyword$_verifyMatch_closure1.call(VerifyMatchKeyword.groovy)
	at com.kms.katalon.core.keyword.internal.KeywordMain.runKeyword(KeywordMain.groovy:68)
	at com.kms.katalon.core.keyword.builtin.VerifyMatchKeyword.verifyMatch(VerifyMatchKeyword.groovy:60)
	at com.kms.katalon.core.keyword.builtin.VerifyMatchKeyword.execute(VerifyMatchKeyword.groovy:45)
	at com.kms.katalon.core.keyword.internal.KeywordExecutor.executeKeywordForPlatform(KeywordExecutor.groovy:72)
	at com.kms.katalon.core.keyword.BuiltinKeywords.verifyMatch(BuiltinKeywords.groovy:73)
	at VerifyDefaultValueIndex.run(VerifyDefaultValueIndex:123)
	at com.kms.katalon.core.main.ScriptEngine.run(ScriptEngine.java:194)
	at com.kms.katalon.core.main.ScriptEngine.runScriptAsRawText(ScriptEngine.java:119)
	at com.kms.katalon.core.main.TestCaseExecutor.runScript(TestCaseExecutor.java:337)
	at com.kms.katalon.core.main.TestCaseExecutor.doExecute(TestCaseExecutor.java:328)
	at com.kms.katalon.core.main.TestCaseExecutor.processExecutionPhase(TestCaseExecutor.java:307)
	at com.kms.katalon.core.main.TestCaseExecutor.accessMainPhase(TestCaseExecutor.java:299)
	at com.kms.katalon.core.main.TestCaseExecutor.execute(TestCaseExecutor.java:233)
	at com.kms.katalon.core.main.TestCaseMain.runTestCase(TestCaseMain.java:114)
	at com.kms.katalon.core.keyword.builtin.CallTestCaseKeyword$_callTestCase_closure1.doCall(CallTestCaseKeyword.groovy:59)
	... 20 more
)

2020-06-05 13:42:22 - [TEST_CASE][FAILED] - Test Cases/PFI Precision and Scale/PFI Components with Indexing/VerifyDefaultValueIndex: Test Cases/PFI Precision and Scale/PFI Components with Indexing/VerifyDefaultValueIndex FAILED.
Reason:
com.kms.katalon.core.exception.StepFailedException: Actual text 'PSI Processing (SM)' and expected text 'PSI Processing (SM)' are not matched using regular expression
	at com.kms.katalon.core.keyword.builtin.VerifyMatchKeyword$_verifyMatch_closure1.doCall(VerifyMatchKeyword.groovy:57)
	at com.kms.katalon.core.keyword.builtin.VerifyMatchKeyword$_verifyMatch_closure1.call(VerifyMatchKeyword.groovy)
	at com.kms.katalon.core.keyword.internal.KeywordMain.runKeyword(KeywordMain.groovy:68)
	at com.kms.katalon.core.keyword.builtin.VerifyMatchKeyword.verifyMatch(VerifyMatchKeyword.groovy:60)
	at com.kms.katalon.core.keyword.builtin.VerifyMatchKeyword.execute(VerifyMatchKeyword.groovy:45)
	at com.kms.katalon.core.keyword.internal.KeywordExecutor.executeKeywordForPlatform(KeywordExecutor.groovy:72)
	at com.kms.katalon.core.keyword.BuiltinKeywords.verifyMatch(BuiltinKeywords.groovy:73)
	at VerifyDefaultValueIndex.run(VerifyDefaultValueIndex:123)
	at com.kms.katalon.core.main.ScriptEngine.run(ScriptEngine.java:194)
	at com.kms.katalon.core.main.ScriptEngine.runScriptAsRawText(ScriptEngine.java:119)
	at com.kms.katalon.core.main.TestCaseExecutor.runScript(TestCaseExecutor.java:337)
	at com.kms.katalon.core.main.TestCaseExecutor.doExecute(TestCaseExecutor.java:328)
	at com.kms.katalon.core.main.TestCaseExecutor.processExecutionPhase(TestCaseExecutor.java:307)
	at com.kms.katalon.core.main.TestCaseExecutor.accessMainPhase(TestCaseExecutor.java:299)
	at com.kms.katalon.core.main.TestCaseExecutor.execute(TestCaseExecutor.java:233)
	at com.kms.katalon.core.main.TestCaseMain.runTestCase(TestCaseMain.java:114)
	at com.kms.katalon.core.keyword.builtin.CallTestCaseKeyword$_callTestCase_closure1.doCall(CallTestCaseKeyword.groovy:59)
	at com.kms.katalon.core.keyword.builtin.CallTestCaseKeyword$_callTestCase_closure1.call(CallTestCaseKeyword.groovy)
	at com.kms.katalon.core.keyword.internal.KeywordMain.runKeyword(KeywordMain.groovy:68)
	at com.kms.katalon.core.keyword.builtin.CallTestCaseKeyword.callTestCase(CallTestCaseKeyword.groovy:81)
	at com.kms.katalon.core.keyword.builtin.CallTestCaseKeyword.execute(CallTestCaseKeyword.groovy:44)
	at com.kms.katalon.core.keyword.internal.KeywordExecutor.executeKeywordForPlatform(KeywordExecutor.groovy:72)
	at com.kms.katalon.core.keyword.BuiltinKeywords.callTestCase(BuiltinKeywords.groovy:334)
	at PFI.SiteInspectionLHS.run(PFI.SiteInspectionLHS:135)
	at com.kms.katalon.core.main.ScriptEngine.run(ScriptEngine.java:194)
	at com.kms.katalon.core.main.ScriptEngine.runScriptAsRawText(ScriptEngine.java:119)
	at com.kms.katalon.core.main.TestCaseExecutor.runScript(TestCaseExecutor.java:337)
	at com.kms.katalon.core.main.TestCaseExecutor.doExecute(TestCaseExecutor.java:328)
	at com.kms.katalon.core.main.TestCaseExecutor.processExecutionPhase(TestCaseExecutor.java:307)
	at com.kms.katalon.core.main.TestCaseExecutor.accessMainPhase(TestCaseExecutor.java:299)
	at com.kms.katalon.core.main.TestCaseExecutor.execute(TestCaseExecutor.java:233)
	at com.kms.katalon.core.main.TestSuiteExecutor.accessTestCaseMainPhase(TestSuiteExecutor.java:169)
	at com.kms.katalon.core.main.TestSuiteExecutor.accessTestSuiteMainPhase(TestSuiteExecutor.java:142)
	at com.kms.katalon.core.main.TestSuiteExecutor.execute(TestSuiteExecutor.java:91)
	at com.kms.katalon.core.main.TestCaseMain.startTestSuite(TestCaseMain.java:157)
	at com.kms.katalon.core.main.TestCaseMain$startTestSuite$0.call(Unknown Source)
	at TempTestSuite1591334959875.run(TempTestSuite1591334959875.groovy:36)


2020-06-05 13:42:22 - [TEST_STEP][PASSED] - Thread.sleep(1000): null

2020-06-05 13:42:23 - [TEST_STEP][PASSED] - DefaultValueHM = ["periodType":"Working Day(s)", "noOfDays":"14", "inspWeight":"1", "inspModule":"PSI", "inspCaseType":"PSI Processing (SM)"]: null

2020-06-05 13:42:23 - [TEST_STEP][PASSED] - NewFieldNm = modifyObjectProperty(findTestObject("Object Repository/Objects.HighlightElements/input_field_index"), "xpath", "equals", "(//*[contains(@name,'" + FieldNm + "')])[" + index + "]", true): Modify property of object successfully

2020-06-05 13:42:23 - [MESSAGE][PASSED] - Modify property of object successfully

2020-06-05 13:42:23 - [TEST_STEP][PASSED] - focus(NewFieldNm): Object: 'Object Repository/Objects.HighlightElements/input_field_index' is focused

2020-06-05 13:42:23 - [MESSAGE][PASSED] - Object: 'Object Repository/Objects.HighlightElements/input_field_index' is focused

2020-06-05 13:42:23 - [TEST_STEP][PASSED] - DefVal = getAttribute(NewFieldNm, "value", STOP_ON_FAILURE): Attribute 'value' of object 'Object Repository/Objects.HighlightElements/input_field_index' is: 'PSI Processing (SM)'

2020-06-05 13:42:23 - [MESSAGE][PASSED] - Attribute 'value' of object 'Object Repository/Objects.HighlightElements/input_field_index' is: 'PSI Processing (SM)'

2020-06-05 13:42:23 - [TEST_STEP][FAILED] - switch (FieldNm): Unable to verify match between actual text 'PSI Processing (SM)' and expected text 'PSI Processing (SM)' using regular expression (Root cause: com.kms.katalon.core.exception.StepFailedException: Actual text 'PSI Processing (SM)' and expected text 'PSI Processing (SM)' are not matched using regular expression
	at com.kms.katalon.core.keyword.builtin.VerifyMatchKeyword$_verifyMatch_closure1.doCall(VerifyMatchKeyword.groovy:57)
	at com.kms.katalon.core.keyword.builtin.VerifyMatchKeyword$_verifyMatch_closure1.call(VerifyMatchKeyword.groovy)
	at com.kms.katalon.core.keyword.internal.KeywordMain.runKeyword(KeywordMain.groovy:68)
	at com.kms.katalon.core.keyword.builtin.VerifyMatchKeyword.verifyMatch(VerifyMatchKeyword.groovy:60)
	at com.kms.katalon.core.keyword.builtin.VerifyMatchKeyword.execute(VerifyMatchKeyword.groovy:45)
	at com.kms.katalon.core.keyword.internal.KeywordExecutor.executeKeywordForPlatform(KeywordExecutor.groovy:72)
	at com.kms.katalon.core.keyword.BuiltinKeywords.verifyMatch(BuiltinKeywords.groovy:73)
	at VerifyDefaultValueIndex.run(VerifyDefaultValueIndex:123)
	at com.kms.katalon.core.main.ScriptEngine.run(ScriptEngine.java:194)
	at com.kms.katalon.core.main.ScriptEngine.runScriptAsRawText(ScriptEngine.java:119)
	at com.kms.katalon.core.main.TestCaseExecutor.runScript(TestCaseExecutor.java:337)
	at com.kms.katalon.core.main.TestCaseExecutor.doExecute(TestCaseExecutor.java:328)
	at com.kms.katalon.core.main.TestCaseExecutor.processExecutionPhase(TestCaseExecutor.java:307)
	at com.kms.katalon.core.main.TestCaseExecutor.accessMainPhase(TestCaseExecutor.java:299)
	at com.kms.katalon.core.main.TestCaseExecutor.execute(TestCaseExecutor.java:233)
	at com.kms.katalon.core.main.TestCaseMain.runTestCase(TestCaseMain.java:114)
	at com.kms.katalon.core.keyword.builtin.CallTestCaseKeyword$_callTestCase_closure1.doCall(CallTestCaseKeyword.groovy:59)
	at com.kms.katalon.core.keyword.builtin.CallTestCaseKeyword$_callTestCase_closure1.call(CallTestCaseKeyword.groovy)
	at com.kms.katalon.core.keyword.internal.KeywordMain.runKeyword(KeywordMain.groovy:68)
	at com.kms.katalon.core.keyword.builtin.CallTestCaseKeyword.callTestCase(CallTestCaseKeyword.groovy:81)
	at com.kms.katalon.core.keyword.builtin.CallTestCaseKeyword.execute(CallTestCaseKeyword.groovy:44)
	at com.kms.katalon.core.keyword.internal.KeywordExecutor.executeKeywordForPlatform(KeywordExecutor.groovy:72)
	at com.kms.katalon.core.keyword.BuiltinKeywords.callTestCase(BuiltinKeywords.groovy:334)
	at PFI.SiteInspectionLHS.run(PFI.SiteInspectionLHS:135)
	at com.kms.katalon.core.main.ScriptEngine.run(ScriptEngine.java:194)
	at com.kms.katalon.core.main.ScriptEngine.runScriptAsRawText(ScriptEngine.java:119)
	at com.kms.katalon.core.main.TestCaseExecutor.runScript(TestCaseExecutor.java:337)
	at com.kms.katalon.core.main.TestCaseExecutor.doExecute(TestCaseExecutor.java:328)
	at com.kms.katalon.core.main.TestCaseExecutor.processExecutionPhase(TestCaseExecutor.java:307)
	at com.kms.katalon.core.main.TestCaseExecutor.accessMainPhase(TestCaseExecutor.java:299)
	at com.kms.katalon.core.main.TestCaseExecutor.execute(TestCaseExecutor.java:233)
	at com.kms.katalon.core.main.TestSuiteExecutor.accessTestCaseMainPhase(TestSuiteExecutor.java:169)
	at com.kms.katalon.core.main.TestSuiteExecutor.accessTestSuiteMainPhase(TestSuiteExecutor.java:142)
	at com.kms.katalon.core.main.TestSuiteExecutor.execute(TestSuiteExecutor.java:91)
	at com.kms.katalon.core.main.TestCaseMain.startTestSuite(TestCaseMain.java:157)
	at com.kms.katalon.core.main.TestCaseMain$startTestSuite$0.call(Unknown Source)
	at TempTestSuite1591334959875.run(TempTestSuite1591334959875.groovy:36)
)

2020-06-05 13:42:23 - [TEST_STEP][FAILED] - Default: Unable to verify match between actual text 'PSI Processing (SM)' and expected text 'PSI Processing (SM)' using regular expression (Root cause: com.kms.katalon.core.exception.StepFailedException: Actual text 'PSI Processing (SM)' and expected text 'PSI Processing (SM)' are not matched using regular expression
	at com.kms.katalon.core.keyword.builtin.VerifyMatchKeyword$_verifyMatch_closure1.doCall(VerifyMatchKeyword.groovy:57)
	at com.kms.katalon.core.keyword.builtin.VerifyMatchKeyword$_verifyMatch_closure1.call(VerifyMatchKeyword.groovy)
	at com.kms.katalon.core.keyword.internal.KeywordMain.runKeyword(KeywordMain.groovy:68)
	at com.kms.katalon.core.keyword.builtin.VerifyMatchKeyword.verifyMatch(VerifyMatchKeyword.groovy:60)
	at com.kms.katalon.core.keyword.builtin.VerifyMatchKeyword.execute(VerifyMatchKeyword.groovy:45)
	at com.kms.katalon.core.keyword.internal.KeywordExecutor.executeKeywordForPlatform(KeywordExecutor.groovy:72)
	at com.kms.katalon.core.keyword.BuiltinKeywords.verifyMatch(BuiltinKeywords.groovy:73)
	at VerifyDefaultValueIndex.run(VerifyDefaultValueIndex:123)
	at com.kms.katalon.core.main.ScriptEngine.run(ScriptEngine.java:194)
	at com.kms.katalon.core.main.ScriptEngine.runScriptAsRawText(ScriptEngine.java:119)
	at com.kms.katalon.core.main.TestCaseExecutor.runScript(TestCaseExecutor.java:337)
	at com.kms.katalon.core.main.TestCaseExecutor.doExecute(TestCaseExecutor.java:328)
	at com.kms.katalon.core.main.TestCaseExecutor.processExecutionPhase(TestCaseExecutor.java:307)
	at com.kms.katalon.core.main.TestCaseExecutor.accessMainPhase(TestCaseExecutor.java:299)
	at com.kms.katalon.core.main.TestCaseExecutor.execute(TestCaseExecutor.java:233)
	at com.kms.katalon.core.main.TestCaseMain.runTestCase(TestCaseMain.java:114)
	at com.kms.katalon.core.keyword.builtin.CallTestCaseKeyword$_callTestCase_closure1.doCall(CallTestCaseKeyword.groovy:59)
	at com.kms.katalon.core.keyword.builtin.CallTestCaseKeyword$_callTestCase_closure1.call(CallTestCaseKeyword.groovy)
	at com.kms.katalon.core.keyword.internal.KeywordMain.runKeyword(KeywordMain.groovy:68)
	at com.kms.katalon.core.keyword.builtin.CallTestCaseKeyword.callTestCase(CallTestCaseKeyword.groovy:81)
	at com.kms.katalon.core.keyword.builtin.CallTestCaseKeyword.execute(CallTestCaseKeyword.groovy:44)
	at com.kms.katalon.core.keyword.internal.KeywordExecutor.executeKeywordForPlatform(KeywordExecutor.groovy:72)
	at com.kms.katalon.core.keyword.BuiltinKeywords.callTestCase(BuiltinKeywords.groovy:334)
	at PFI.SiteInspectionLHS.run(PFI.SiteInspectionLHS:135)
	at com.kms.katalon.core.main.ScriptEngine.run(ScriptEngine.java:194)
	at com.kms.katalon.core.main.ScriptEngine.runScriptAsRawText(ScriptEngine.java:119)
	at com.kms.katalon.core.main.TestCaseExecutor.runScript(TestCaseExecutor.java:337)
	at com.kms.katalon.core.main.TestCaseExecutor.doExecute(TestCaseExecutor.java:328)
	at com.kms.katalon.core.main.TestCaseExecutor.processExecutionPhase(TestCaseExecutor.java:307)
	at com.kms.katalon.core.main.TestCaseExecutor.accessMainPhase(TestCaseExecutor.java:299)
	at com.kms.katalon.core.main.TestCaseExecutor.execute(TestCaseExecutor.java:233)
	at com.kms.katalon.core.main.TestSuiteExecutor.accessTestCaseMainPhase(TestSuiteExecutor.java:169)
	at com.kms.katalon.core.main.TestSuiteExecutor.accessTestSuiteMainPhase(TestSuiteExecutor.java:142)
	at com.kms.katalon.core.main.TestSuiteExecutor.execute(TestSuiteExecutor.java:91)
	at com.kms.katalon.core.main.TestCaseMain.startTestSuite(TestCaseMain.java:157)
	at com.kms.katalon.core.main.TestCaseMain$startTestSuite$0.call(Unknown Source)
	at TempTestSuite1591334959875.run(TempTestSuite1591334959875.groovy:36)
)

2020-06-05 13:42:23 - [TEST_STEP][PASSED] - ExpectedDefVal = DefaultValueHM.get(FieldNm): null

2020-06-05 13:42:23 - [TEST_STEP][FAILED] - if (ExpectedDefVal != null): Unable to verify match between actual text 'PSI Processing (SM)' and expected text 'PSI Processing (SM)' using regular expression (Root cause: com.kms.katalon.core.exception.StepFailedException: Actual text 'PSI Processing (SM)' and expected text 'PSI Processing (SM)' are not matched using regular expression
	at com.kms.katalon.core.keyword.builtin.VerifyMatchKeyword$_verifyMatch_closure1.doCall(VerifyMatchKeyword.groovy:57)
	at com.kms.katalon.core.keyword.builtin.VerifyMatchKeyword$_verifyMatch_closure1.call(VerifyMatchKeyword.groovy)
	at com.kms.katalon.core.keyword.internal.KeywordMain.runKeyword(KeywordMain.groovy:68)
	at com.kms.katalon.core.keyword.builtin.VerifyMatchKeyword.verifyMatch(VerifyMatchKeyword.groovy:60)
	at com.kms.katalon.core.keyword.builtin.VerifyMatchKeyword.execute(VerifyMatchKeyword.groovy:45)
	at com.kms.katalon.core.keyword.internal.KeywordExecutor.executeKeywordForPlatform(KeywordExecutor.groovy:72)
	at com.kms.katalon.core.keyword.BuiltinKeywords.verifyMatch(BuiltinKeywords.groovy:73)
	at VerifyDefaultValueIndex.run(VerifyDefaultValueIndex:123)
	at com.kms.katalon.core.main.ScriptEngine.run(ScriptEngine.java:194)
	at com.kms.katalon.core.main.ScriptEngine.runScriptAsRawText(ScriptEngine.java:119)
	at com.kms.katalon.core.main.TestCaseExecutor.runScript(TestCaseExecutor.java:337)
	at com.kms.katalon.core.main.TestCaseExecutor.doExecute(TestCaseExecutor.java:328)
	at com.kms.katalon.core.main.TestCaseExecutor.processExecutionPhase(TestCaseExecutor.java:307)
	at com.kms.katalon.core.main.TestCaseExecutor.accessMainPhase(TestCaseExecutor.java:299)
	at com.kms.katalon.core.main.TestCaseExecutor.execute(TestCaseExecutor.java:233)
	at com.kms.katalon.core.main.TestCaseMain.runTestCase(TestCaseMain.java:114)
	at com.kms.katalon.core.keyword.builtin.CallTestCaseKeyword$_callTestCase_closure1.doCall(CallTestCaseKeyword.groovy:59)
	at com.kms.katalon.core.keyword.builtin.CallTestCaseKeyword$_callTestCase_closure1.call(CallTestCaseKeyword.groovy)
	at com.kms.katalon.core.keyword.internal.KeywordMain.runKeyword(KeywordMain.groovy:68)
	at com.kms.katalon.core.keyword.builtin.CallTestCaseKeyword.callTestCase(CallTestCaseKeyword.groovy:81)
	at com.kms.katalon.core.keyword.builtin.CallTestCaseKeyword.execute(CallTestCaseKeyword.groovy:44)
	at com.kms.katalon.core.keyword.internal.KeywordExecutor.executeKeywordForPlatform(KeywordExecutor.groovy:72)
	at com.kms.katalon.core.keyword.BuiltinKeywords.callTestCase(BuiltinKeywords.groovy:334)
	at PFI.SiteInspectionLHS.run(PFI.SiteInspectionLHS:135)
	at com.kms.katalon.core.main.ScriptEngine.run(ScriptEngine.java:194)
	at com.kms.katalon.core.main.ScriptEngine.runScriptAsRawText(ScriptEngine.java:119)
	at com.kms.katalon.core.main.TestCaseExecutor.runScript(TestCaseExecutor.java:337)
	at com.kms.katalon.core.main.TestCaseExecutor.doExecute(TestCaseExecutor.java:328)
	at com.kms.katalon.core.main.TestCaseExecutor.processExecutionPhase(TestCaseExecutor.java:307)
	at com.kms.katalon.core.main.TestCaseExecutor.accessMainPhase(TestCaseExecutor.java:299)
	at com.kms.katalon.core.main.TestCaseExecutor.execute(TestCaseExecutor.java:233)
	at com.kms.katalon.core.main.TestSuiteExecutor.accessTestCaseMainPhase(TestSuiteExecutor.java:169)
	at com.kms.katalon.core.main.TestSuiteExecutor.accessTestSuiteMainPhase(TestSuiteExecutor.java:142)
	at com.kms.katalon.core.main.TestSuiteExecutor.execute(TestSuiteExecutor.java:91)
	at com.kms.katalon.core.main.TestCaseMain.startTestSuite(TestCaseMain.java:157)
	at com.kms.katalon.core.main.TestCaseMain$startTestSuite$0.call(Unknown Source)
	at TempTestSuite1591334959875.run(TempTestSuite1591334959875.groovy:36)
)

2020-06-05 13:42:23 - [TEST_STEP][FAILED] - verifyMatch(DefVal, ExpectedDefVal, true): Unable to verify match between actual text 'PSI Processing (SM)' and expected text 'PSI Processing (SM)' using regular expression (Root cause: com.kms.katalon.core.exception.StepFailedException: Actual text 'PSI Processing (SM)' and expected text 'PSI Processing (SM)' are not matched using regular expression
	at com.kms.katalon.core.keyword.builtin.VerifyMatchKeyword$_verifyMatch_closure1.doCall(VerifyMatchKeyword.groovy:57)
	at com.kms.katalon.core.keyword.builtin.VerifyMatchKeyword$_verifyMatch_closure1.call(VerifyMatchKeyword.groovy)
	at com.kms.katalon.core.keyword.internal.KeywordMain.runKeyword(KeywordMain.groovy:68)
	at com.kms.katalon.core.keyword.builtin.VerifyMatchKeyword.verifyMatch(VerifyMatchKeyword.groovy:60)
	at com.kms.katalon.core.keyword.builtin.VerifyMatchKeyword.execute(VerifyMatchKeyword.groovy:45)
	at com.kms.katalon.core.keyword.internal.KeywordExecutor.executeKeywordForPlatform(KeywordExecutor.groovy:72)
	at com.kms.katalon.core.keyword.BuiltinKeywords.verifyMatch(BuiltinKeywords.groovy:73)
	at VerifyDefaultValueIndex.run(VerifyDefaultValueIndex:123)
	at com.kms.katalon.core.main.ScriptEngine.run(ScriptEngine.java:194)
	at com.kms.katalon.core.main.ScriptEngine.runScriptAsRawText(ScriptEngine.java:119)
	at com.kms.katalon.core.main.TestCaseExecutor.runScript(TestCaseExecutor.java:337)
	at com.kms.katalon.core.main.TestCaseExecutor.doExecute(TestCaseExecutor.java:328)
	at com.kms.katalon.core.main.TestCaseExecutor.processExecutionPhase(TestCaseExecutor.java:307)
	at com.kms.katalon.core.main.TestCaseExecutor.accessMainPhase(TestCaseExecutor.java:299)
	at com.kms.katalon.core.main.TestCaseExecutor.execute(TestCaseExecutor.java:233)
	at com.kms.katalon.core.main.TestCaseMain.runTestCase(TestCaseMain.java:114)
	at com.kms.katalon.core.keyword.builtin.CallTestCaseKeyword$_callTestCase_closure1.doCall(CallTestCaseKeyword.groovy:59)
	at com.kms.katalon.core.keyword.builtin.CallTestCaseKeyword$_callTestCase_closure1.call(CallTestCaseKeyword.groovy)
	at com.kms.katalon.core.keyword.internal.KeywordMain.runKeyword(KeywordMain.groovy:68)
	at com.kms.katalon.core.keyword.builtin.CallTestCaseKeyword.callTestCase(CallTestCaseKeyword.groovy:81)
	at com.kms.katalon.core.keyword.builtin.CallTestCaseKeyword.execute(CallTestCaseKeyword.groovy:44)
	at com.kms.katalon.core.keyword.internal.KeywordExecutor.executeKeywordForPlatform(KeywordExecutor.groovy:72)
	at com.kms.katalon.core.keyword.BuiltinKeywords.callTestCase(BuiltinKeywords.groovy:334)
	at PFI.SiteInspectionLHS.run(PFI.SiteInspectionLHS:135)
	at com.kms.katalon.core.main.ScriptEngine.run(ScriptEngine.java:194)
	at com.kms.katalon.core.main.ScriptEngine.runScriptAsRawText(ScriptEngine.java:119)
	at com.kms.katalon.core.main.TestCaseExecutor.runScript(TestCaseExecutor.java:337)
	at com.kms.katalon.core.main.TestCaseExecutor.doExecute(TestCaseExecutor.java:328)
	at com.kms.katalon.core.main.TestCaseExecutor.processExecutionPhase(TestCaseExecutor.java:307)
	at com.kms.katalon.core.main.TestCaseExecutor.accessMainPhase(TestCaseExecutor.java:299)
	at com.kms.katalon.core.main.TestCaseExecutor.execute(TestCaseExecutor.java:233)
	at com.kms.katalon.core.main.TestSuiteExecutor.accessTestCaseMainPhase(TestSuiteExecutor.java:169)
	at com.kms.katalon.core.main.TestSuiteExecutor.accessTestSuiteMainPhase(TestSuiteExecutor.java:142)
	at com.kms.katalon.core.main.TestSuiteExecutor.execute(TestSuiteExecutor.java:91)
	at com.kms.katalon.core.main.TestCaseMain.startTestSuite(TestCaseMain.java:157)
	at com.kms.katalon.core.main.TestCaseMain$startTestSuite$0.call(Unknown Source)
	at TempTestSuite1591334959875.run(TempTestSuite1591334959875.groovy:36)
)

2020-06-05 13:42:23 - [MESSAGE][FAILED] - Unable to verify match between actual text 'PSI Processing (SM)' and expected text 'PSI Processing (SM)' using regular expression (Root cause: com.kms.katalon.core.exception.StepFailedException: Actual text 'PSI Processing (SM)' and expected text 'PSI Processing (SM)' are not matched using regular expression
	at com.kms.katalon.core.keyword.builtin.VerifyMatchKeyword$_verifyMatch_closure1.doCall(VerifyMatchKeyword.groovy:57)
	at com.kms.katalon.core.keyword.builtin.VerifyMatchKeyword$_verifyMatch_closure1.call(VerifyMatchKeyword.groovy)
	at com.kms.katalon.core.keyword.internal.KeywordMain.runKeyword(KeywordMain.groovy:68)
	at com.kms.katalon.core.keyword.builtin.VerifyMatchKeyword.verifyMatch(VerifyMatchKeyword.groovy:60)
	at com.kms.katalon.core.keyword.builtin.VerifyMatchKeyword.execute(VerifyMatchKeyword.groovy:45)
	at com.kms.katalon.core.keyword.internal.KeywordExecutor.executeKeywordForPlatform(KeywordExecutor.groovy:72)
	at com.kms.katalon.core.keyword.BuiltinKeywords.verifyMatch(BuiltinKeywords.groovy:73)
	at VerifyDefaultValueIndex.run(VerifyDefaultValueIndex:123)
	at com.kms.katalon.core.main.ScriptEngine.run(ScriptEngine.java:194)
	at com.kms.katalon.core.main.ScriptEngine.runScriptAsRawText(ScriptEngine.java:119)
	at com.kms.katalon.core.main.TestCaseExecutor.runScript(TestCaseExecutor.java:337)
	at com.kms.katalon.core.main.TestCaseExecutor.doExecute(TestCaseExecutor.java:328)
	at com.kms.katalon.core.main.TestCaseExecutor.processExecutionPhase(TestCaseExecutor.java:307)
	at com.kms.katalon.core.main.TestCaseExecutor.accessMainPhase(TestCaseExecutor.java:299)
	at com.kms.katalon.core.main.TestCaseExecutor.execute(TestCaseExecutor.java:233)
	at com.kms.katalon.core.main.TestCaseMain.runTestCase(TestCaseMain.java:114)
	at com.kms.katalon.core.keyword.builtin.CallTestCaseKeyword$_callTestCase_closure1.doCall(CallTestCaseKeyword.groovy:59)
	at com.kms.katalon.core.keyword.builtin.CallTestCaseKeyword$_callTestCase_closure1.call(CallTestCaseKeyword.groovy)
	at com.kms.katalon.core.keyword.internal.KeywordMain.runKeyword(KeywordMain.groovy:68)
	at com.kms.katalon.core.keyword.builtin.CallTestCaseKeyword.callTestCase(CallTestCaseKeyword.groovy:81)
	at com.kms.katalon.core.keyword.builtin.CallTestCaseKeyword.execute(CallTestCaseKeyword.groovy:44)
	at com.kms.katalon.core.keyword.internal.KeywordExecutor.executeKeywordForPlatform(KeywordExecutor.groovy:72)
	at com.kms.katalon.core.keyword.BuiltinKeywords.callTestCase(BuiltinKeywords.groovy:334)
	at PFI.SiteInspectionLHS.run(PFI.SiteInspectionLHS:135)
	at com.kms.katalon.core.main.ScriptEngine.run(ScriptEngine.java:194)
	at com.kms.katalon.core.main.ScriptEngine.runScriptAsRawText(ScriptEngine.java:119)
	at com.kms.katalon.core.main.TestCaseExecutor.runScript(TestCaseExecutor.java:337)
	at com.kms.katalon.core.main.TestCaseExecutor.doExecute(TestCaseExecutor.java:328)
	at com.kms.katalon.core.main.TestCaseExecutor.processExecutionPhase(TestCaseExecutor.java:307)
	at com.kms.katalon.core.main.TestCaseExecutor.accessMainPhase(TestCaseExecutor.java:299)
	at com.kms.katalon.core.main.TestCaseExecutor.execute(TestCaseExecutor.java:233)
	at com.kms.katalon.core.main.TestSuiteExecutor.accessTestCaseMainPhase(TestSuiteExecutor.java:169)
	at com.kms.katalon.core.main.TestSuiteExecutor.accessTestSuiteMainPhase(TestSuiteExecutor.java:142)
	at com.kms.katalon.core.main.TestSuiteExecutor.execute(TestSuiteExecutor.java:91)
	at com.kms.katalon.core.main.TestCaseMain.startTestSuite(TestCaseMain.java:157)
	at com.kms.katalon.core.main.TestCaseMain$startTestSuite$0.call(Unknown Source)
	at TempTestSuite1591334959875.run(TempTestSuite1591334959875.groovy:36)
)

2020-06-05 13:42:23 - [MESSAGE][FAILED] - Unable to call Test Case 'Test Cases/PFI Precision and Scale/PFI Components with Indexing/VerifyDefaultValueIndex' (Root cause: com.kms.katalon.core.exception.StepFailedException: Call Test Case 'Test Cases/PFI Precision and Scale/PFI Components with Indexing/VerifyDefaultValueIndex' failed
	at com.kms.katalon.core.keyword.builtin.CallTestCaseKeyword$_callTestCase_closure1.doCall(CallTestCaseKeyword.groovy:63)
	at com.kms.katalon.core.keyword.builtin.CallTestCaseKeyword$_callTestCase_closure1.call(CallTestCaseKeyword.groovy)
	at com.kms.katalon.core.keyword.internal.KeywordMain.runKeyword(KeywordMain.groovy:68)
	at com.kms.katalon.core.keyword.builtin.CallTestCaseKeyword.callTestCase(CallTestCaseKeyword.groovy:81)
	at com.kms.katalon.core.keyword.builtin.CallTestCaseKeyword.execute(CallTestCaseKeyword.groovy:44)
	at com.kms.katalon.core.keyword.internal.KeywordExecutor.executeKeywordForPlatform(KeywordExecutor.groovy:72)
	at com.kms.katalon.core.keyword.BuiltinKeywords.callTestCase(BuiltinKeywords.groovy:334)
	at PFI.SiteInspectionLHS.run(PFI.SiteInspectionLHS:135)
	at com.kms.katalon.core.main.ScriptEngine.run(ScriptEngine.java:194)
	at com.kms.katalon.core.main.ScriptEngine.runScriptAsRawText(ScriptEngine.java:119)
	at com.kms.katalon.core.main.TestCaseExecutor.runScript(TestCaseExecutor.java:337)
	at com.kms.katalon.core.main.TestCaseExecutor.doExecute(TestCaseExecutor.java:328)
	at com.kms.katalon.core.main.TestCaseExecutor.processExecutionPhase(TestCaseExecutor.java:307)
	at com.kms.katalon.core.main.TestCaseExecutor.accessMainPhase(TestCaseExecutor.java:299)
	at com.kms.katalon.core.main.TestCaseExecutor.execute(TestCaseExecutor.java:233)
	at com.kms.katalon.core.main.TestSuiteExecutor.accessTestCaseMainPhase(TestSuiteExecutor.java:169)
	at com.kms.katalon.core.main.TestSuiteExecutor.accessTestSuiteMainPhase(TestSuiteExecutor.java:142)
	at com.kms.katalon.core.main.TestSuiteExecutor.execute(TestSuiteExecutor.java:91)
	at com.kms.katalon.core.main.TestCaseMain.startTestSuite(TestCaseMain.java:157)
	at com.kms.katalon.core.main.TestCaseMain$startTestSuite$0.call(Unknown Source)
	at TempTestSuite1591334959875.run(TempTestSuite1591334959875.groovy:36)
Caused by: com.kms.katalon.core.exception.StepFailedException: Actual text 'PSI Processing (SM)' and expected text 'PSI Processing (SM)' are not matched using regular expression
	at com.kms.katalon.core.keyword.builtin.VerifyMatchKeyword$_verifyMatch_closure1.doCall(VerifyMatchKeyword.groovy:57)
	at com.kms.katalon.core.keyword.builtin.VerifyMatchKeyword$_verifyMatch_closure1.call(VerifyMatchKeyword.groovy)
	at com.kms.katalon.core.keyword.internal.KeywordMain.runKeyword(KeywordMain.groovy:68)
	at com.kms.katalon.core.keyword.builtin.VerifyMatchKeyword.verifyMatch(VerifyMatchKeyword.groovy:60)
	at com.kms.katalon.core.keyword.builtin.VerifyMatchKeyword.execute(VerifyMatchKeyword.groovy:45)
	at com.kms.katalon.core.keyword.internal.KeywordExecutor.executeKeywordForPlatform(KeywordExecutor.groovy:72)
	at com.kms.katalon.core.keyword.BuiltinKeywords.verifyMatch(BuiltinKeywords.groovy:73)
	at VerifyDefaultValueIndex.run(VerifyDefaultValueIndex:123)
	at com.kms.katalon.core.main.ScriptEngine.run(ScriptEngine.java:194)
	at com.kms.katalon.core.main.ScriptEngine.runScriptAsRawText(ScriptEngine.java:119)
	at com.kms.katalon.core.main.TestCaseExecutor.runScript(TestCaseExecutor.java:337)
	at com.kms.katalon.core.main.TestCaseExecutor.doExecute(TestCaseExecutor.java:328)
	at com.kms.katalon.core.main.TestCaseExecutor.processExecutionPhase(TestCaseExecutor.java:307)
	at com.kms.katalon.core.main.TestCaseExecutor.accessMainPhase(TestCaseExecutor.java:299)
	at com.kms.katalon.core.main.TestCaseExecutor.execute(TestCaseExecutor.java:233)
	at com.kms.katalon.core.main.TestCaseMain.runTestCase(TestCaseMain.java:114)
	at com.kms.katalon.core.keyword.builtin.CallTestCaseKeyword$_callTestCase_closure1.doCall(CallTestCaseKeyword.groovy:59)
	... 20 more
)]]></system-out>
         <system-err><![CDATA[2020-06-05 13:39:30 - [TEST_CASE][FAILED] - Test Cases/PFI Precision and Scale/PFI Test Cases/Process Case (PFI)/PFI.SiteInspectionLHS: Test Cases/PFI Precision and Scale/PFI Test Cases/Process Case (PFI)/PFI.SiteInspectionLHS FAILED.
Reason:
com.kms.katalon.core.exception.StepFailedException: Call Test Case 'Test Cases/PFI Precision and Scale/PFI Components with Indexing/VerifyDefaultValueIndex' failed
	at com.kms.katalon.core.keyword.builtin.CallTestCaseKeyword$_callTestCase_closure1.doCall(CallTestCaseKeyword.groovy:63)
	at com.kms.katalon.core.keyword.builtin.CallTestCaseKeyword$_callTestCase_closure1.call(CallTestCaseKeyword.groovy)
	at com.kms.katalon.core.keyword.internal.KeywordMain.runKeyword(KeywordMain.groovy:68)
	at com.kms.katalon.core.keyword.builtin.CallTestCaseKeyword.callTestCase(CallTestCaseKeyword.groovy:81)
	at com.kms.katalon.core.keyword.builtin.CallTestCaseKeyword.execute(CallTestCaseKeyword.groovy:44)
	at com.kms.katalon.core.keyword.internal.KeywordExecutor.executeKeywordForPlatform(KeywordExecutor.groovy:72)
	at com.kms.katalon.core.keyword.BuiltinKeywords.callTestCase(BuiltinKeywords.groovy:334)
	at PFI.SiteInspectionLHS.run(PFI.SiteInspectionLHS:135)
	at com.kms.katalon.core.main.ScriptEngine.run(ScriptEngine.java:194)
	at com.kms.katalon.core.main.ScriptEngine.runScriptAsRawText(ScriptEngine.java:119)
	at com.kms.katalon.core.main.TestCaseExecutor.runScript(TestCaseExecutor.java:337)
	at com.kms.katalon.core.main.TestCaseExecutor.doExecute(TestCaseExecutor.java:328)
	at com.kms.katalon.core.main.TestCaseExecutor.processExecutionPhase(TestCaseExecutor.java:307)
	at com.kms.katalon.core.main.TestCaseExecutor.accessMainPhase(TestCaseExecutor.java:299)
	at com.kms.katalon.core.main.TestCaseExecutor.execute(TestCaseExecutor.java:233)
	at com.kms.katalon.core.main.TestSuiteExecutor.accessTestCaseMainPhase(TestSuiteExecutor.java:169)
	at com.kms.katalon.core.main.TestSuiteExecutor.accessTestSuiteMainPhase(TestSuiteExecutor.java:142)
	at com.kms.katalon.core.main.TestSuiteExecutor.execute(TestSuiteExecutor.java:91)
	at com.kms.katalon.core.main.TestCaseMain.startTestSuite(TestCaseMain.java:157)
	at com.kms.katalon.core.main.TestCaseMain$startTestSuite$0.call(Unknown Source)
	at TempTestSuite1591334959875.run(TempTestSuite1591334959875.groovy:36)
Caused by: com.kms.katalon.core.exception.StepFailedException: Actual text 'PSI Processing (SM)' and expected text 'PSI Processing (SM)' are not matched using regular expression
	at com.kms.katalon.core.keyword.builtin.VerifyMatchKeyword$_verifyMatch_closure1.doCall(VerifyMatchKeyword.groovy:57)
	at com.kms.katalon.core.keyword.builtin.VerifyMatchKeyword$_verifyMatch_closure1.call(VerifyMatchKeyword.groovy)
	at com.kms.katalon.core.keyword.internal.KeywordMain.runKeyword(KeywordMain.groovy:68)
	at com.kms.katalon.core.keyword.builtin.VerifyMatchKeyword.verifyMatch(VerifyMatchKeyword.groovy:60)
	at com.kms.katalon.core.keyword.builtin.VerifyMatchKeyword.execute(VerifyMatchKeyword.groovy:45)
	at com.kms.katalon.core.keyword.internal.KeywordExecutor.executeKeywordForPlatform(KeywordExecutor.groovy:72)
	at com.kms.katalon.core.keyword.BuiltinKeywords.verifyMatch(BuiltinKeywords.groovy:73)
	at VerifyDefaultValueIndex.run(VerifyDefaultValueIndex:123)
	at com.kms.katalon.core.main.ScriptEngine.run(ScriptEngine.java:194)
	at com.kms.katalon.core.main.ScriptEngine.runScriptAsRawText(ScriptEngine.java:119)
	at com.kms.katalon.core.main.TestCaseExecutor.runScript(TestCaseExecutor.java:337)
	at com.kms.katalon.core.main.TestCaseExecutor.doExecute(TestCaseExecutor.java:328)
	at com.kms.katalon.core.main.TestCaseExecutor.processExecutionPhase(TestCaseExecutor.java:307)
	at com.kms.katalon.core.main.TestCaseExecutor.accessMainPhase(TestCaseExecutor.java:299)
	at com.kms.katalon.core.main.TestCaseExecutor.execute(TestCaseExecutor.java:233)
	at com.kms.katalon.core.main.TestCaseMain.runTestCase(TestCaseMain.java:114)
	at com.kms.katalon.core.keyword.builtin.CallTestCaseKeyword$_callTestCase_closure1.doCall(CallTestCaseKeyword.groovy:59)
	... 20 more]]></system-err>
      </testcase>
      <testcase name="Test Cases/PFI Precision and Scale/PFI Test Cases/Process Case (PFI)/PFI.ConvertToAuditInspectionLHS" time="28.995" classname="Test Cases/PFI Precision and Scale/PFI Test Cases/Process Case (PFI)/PFI.ConvertToAuditInspectionLHS" status="PASSED">
         <system-out><![CDATA[2020-06-05 13:42:23 - [TEST_CASE][PASSED] - Test Cases/PFI Precision and Scale/PFI Test Cases/Process Case (PFI)/PFI.ConvertToAuditInspectionLHS: Test Cases/PFI Precision and Scale/PFI Test Cases/Process Case (PFI)/PFI.ConvertToAuditInspectionLHS

2020-06-05 13:42:24 - [TEST_STEP][NOT_RUN] - callTestCase(findTestCase("Components/LoginV2.0"), ["LinkToBeUsed":findTestData("ISPS2 Test Data").getValue("URL", 1), "LoginPageTextToBeVerified":findTestData("ISPS2 Test Data").getValue("HomeBanner", 1), ... ], STOP_ON_FAILURE): NOT_RUN: callTestCase(findTestCase("Components/LoginV2.0"), ["LinkToBeUsed":findTestData("ISPS2 Test Data").getValue("URL", 1), "LoginPageTextToBeVerified":findTestData("ISPS2 Test Data").getValue("HomeBanner", 1), ... ], STOP_ON_FAILURE)

2020-06-05 13:42:24 - [MESSAGE][NOT_RUN] - NOT_RUN: callTestCase(findTestCase("Components/LoginV2.0"), ["LinkToBeUsed":findTestData("ISPS2 Test Data").getValue("URL", 1), "LoginPageTextToBeVerified":findTestData("ISPS2 Test Data").getValue("HomeBanner", 1), ... ], STOP_ON_FAILURE)

2020-06-05 13:42:24 - [TEST_STEP][NOT_RUN] - callTestCase(findTestCase("Components/NavigateToHomepageHeaders"), ["headerText":"My Tasks"], STOP_ON_FAILURE): NOT_RUN: callTestCase(findTestCase("Components/NavigateToHomepageHeaders"), ["headerText":"My Tasks"], STOP_ON_FAILURE)

2020-06-05 13:42:24 - [MESSAGE][NOT_RUN] - NOT_RUN: callTestCase(findTestCase("Components/NavigateToHomepageHeaders"), ["headerText":"My Tasks"], STOP_ON_FAILURE)

2020-06-05 13:42:24 - [TEST_STEP][NOT_RUN] - callTestCase(findTestCase("Components/Filter"), ["taskDescription":"Process Case (SM)"], STOP_ON_FAILURE): NOT_RUN: callTestCase(findTestCase("Components/Filter"), ["taskDescription":"Process Case (SM)"], STOP_ON_FAILURE)

2020-06-05 13:42:24 - [MESSAGE][NOT_RUN] - NOT_RUN: callTestCase(findTestCase("Components/Filter"), ["taskDescription":"Process Case (SM)"], STOP_ON_FAILURE)

2020-06-05 13:42:24 - [TEST_STEP][NOT_RUN] - callTestCase(findTestCase("Components/ClickLinkDependingOnTextAndIndex"), ["linkName":"Process Case (SM)", "index":"10"], STOP_ON_FAILURE): NOT_RUN: callTestCase(findTestCase("Components/ClickLinkDependingOnTextAndIndex"), ["linkName":"Process Case (SM)", "index":"10"], STOP_ON_FAILURE)

2020-06-05 13:42:24 - [MESSAGE][NOT_RUN] - NOT_RUN: callTestCase(findTestCase("Components/ClickLinkDependingOnTextAndIndex"), ["linkName":"Process Case (SM)", "index":"10"], STOP_ON_FAILURE)

2020-06-05 13:42:24 - [TEST_STEP][PASSED] - callTestCase(findTestCase("Components/NavigateToAnyLHS"), ["LHS":"Convert to Audit Inspection"], STOP_ON_FAILURE): Call Test Case 'Test Cases/Components/NavigateToAnyLHS' successfully

2020-06-05 13:42:24 - [TEST_CASE][PASSED] - Test Cases/Components/NavigateToAnyLHS: Test Cases/Components/NavigateToAnyLHS

2020-06-05 13:42:24 - [TEST_STEP][PASSED] - Thread.sleep(1000): null

2020-06-05 13:42:25 - [TEST_STEP][PASSED] - modifiedLHS = modifyObjectProperty(findTestObject("Objects.NavigateToAnyLHS/Page_ISPS2/LHSToModify"), "text", "equals", LHS, true): Modify property of object successfully

2020-06-05 13:42:25 - [MESSAGE][PASSED] - Modify property of object successfully

2020-06-05 13:42:25 - [TEST_STEP][PASSED] - click(modifiedLHS): Object: 'Object Repository/Objects.NavigateToAnyLHS/Page_ISPS2/LHSToModify' is clicked on

2020-06-05 13:42:25 - [MESSAGE][PASSED] - Object: 'Object Repository/Objects.NavigateToAnyLHS/Page_ISPS2/LHSToModify' is clicked on

2020-06-05 13:42:25 - [TEST_STEP][PASSED] - currentLHS = getText(modifiedLHS): Text of object 'Object Repository/Objects.NavigateToAnyLHS/Page_ISPS2/LHSToModify' is: 'Convert to Audit Inspection'

2020-06-05 13:42:25 - [MESSAGE][PASSED] - Text of object 'Object Repository/Objects.NavigateToAnyLHS/Page_ISPS2/LHSToModify' is: 'Convert to Audit Inspection'

2020-06-05 13:42:25 - [TEST_STEP][PASSED] - Thread.sleep(5000): null

2020-06-05 13:42:30 - [MESSAGE][PASSED] - Call Test Case 'Test Cases/Components/NavigateToAnyLHS' successfully

2020-06-05 13:42:30 - [TEST_STEP][PASSED] - callTestCase(findTestCase("Components/VerifyPageSuccessfullyLoadedII"), ["PageNm":"Convert to Audit Inspection"], STOP_ON_FAILURE): Call Test Case 'Test Cases/Components/VerifyPageSuccessfullyLoadedII' successfully

2020-06-05 13:42:30 - [TEST_CASE][PASSED] - Test Cases/Components/VerifyPageSuccessfullyLoadedII: Test Cases/Components/VerifyPageSuccessfullyLoadedII

2020-06-05 13:42:30 - [TEST_STEP][PASSED] - waitForPageLoad(5): Wait for page load successfully

2020-06-05 13:42:30 - [MESSAGE][PASSED] - Wait for page load successfully

2020-06-05 13:42:30 - [TEST_STEP][PASSED] - modifiedInputFld = modifyObjectProperty(findTestObject("Object Repository/Objects.VerifyPageSuccessfullyLoaded/PageHeaderIndex"), "xpath", "equals", "//*[contains(@class,'isps-page-title') and (text()='" + PageNm + "')]", true): Modify property of object successfully

2020-06-05 13:42:30 - [MESSAGE][PASSED] - Modify property of object successfully

2020-06-05 13:42:30 - [TEST_STEP][PASSED] - com.reusableComponents.HighlightElement.run(modifiedInputFld): com.reusableComponents.HighlightElement.run is PASSED

2020-06-05 13:42:30 - [MESSAGE][PASSED] - com.reusableComponents.HighlightElement.run is PASSED

2020-06-05 13:42:30 - [MESSAGE][PASSED] - Call Test Case 'Test Cases/Components/VerifyPageSuccessfullyLoadedII' successfully

2020-06-05 13:42:30 - [TEST_STEP][PASSED] - callTestCase(findTestCase("Components/HighlightLabelFieldXPI"), ["LblName":"Assign Case(s) To", "index":"1"], STOP_ON_FAILURE): Call Test Case 'Test Cases/Components/HighlightLabelFieldXPI' successfully

2020-06-05 13:42:30 - [TEST_CASE][PASSED] - Test Cases/Components/HighlightLabelFieldXPI: Test Cases/Components/HighlightLabelFieldXPI

2020-06-05 13:42:30 - [TEST_STEP][PASSED] - Thread.sleep(1000): null

2020-06-05 13:42:31 - [TEST_STEP][PASSED] - modifiedLblNm = modifyObjectProperty(findTestObject("Object Repository/Objects.HighlightElements/lblField_index"), "xpath", "equals", "(//*[contains(@class, 'x-form-item-label-inner x-form-item-label-inner-default') and contains(., '" + LblName + "')])[" + index + "]", true): Modify property of object successfully

2020-06-05 13:42:32 - [MESSAGE][PASSED] - Modify property of object successfully

2020-06-05 13:42:32 - [TEST_STEP][PASSED] - com.reusableComponents.HighlightElement.run(modifiedLblNm): com.reusableComponents.HighlightElement.run is PASSED

2020-06-05 13:42:32 - [MESSAGE][PASSED] - com.reusableComponents.HighlightElement.run is PASSED

2020-06-05 13:42:32 - [MESSAGE][PASSED] - Call Test Case 'Test Cases/Components/HighlightLabelFieldXPI' successfully

2020-06-05 13:42:32 - [TEST_STEP][PASSED] - callTestCase(findTestCase("Components/HighlightInputFieldXPI"), ["FldNm":"NovaOfficerComboBox", "index":1], STOP_ON_FAILURE): Call Test Case 'Test Cases/Components/HighlightInputFieldXPI' successfully

2020-06-05 13:42:32 - [TEST_CASE][PASSED] - Test Cases/Components/HighlightInputFieldXPI: Test Cases/Components/HighlightInputFieldXPI

2020-06-05 13:42:32 - [TEST_STEP][PASSED] - Thread.sleep(1000): null

2020-06-05 13:42:33 - [TEST_STEP][PASSED] - modifiedInputNm = modifyObjectProperty(findTestObject("Object Repository/Objects.HighlightElements/input_field_index"), "xpath", "equals", "(//*[contains(@name, '" + FldNm + "')])[" + index + "]", true): Modify property of object successfully

2020-06-05 13:42:33 - [MESSAGE][PASSED] - Modify property of object successfully

2020-06-05 13:42:33 - [TEST_STEP][PASSED] - com.reusableComponents.HighlightElement.run(modifiedInputNm): com.reusableComponents.HighlightElement.run is PASSED

2020-06-05 13:42:33 - [MESSAGE][PASSED] - com.reusableComponents.HighlightElement.run is PASSED

2020-06-05 13:42:33 - [MESSAGE][PASSED] - Call Test Case 'Test Cases/Components/HighlightInputFieldXPI' successfully

2020-06-05 13:42:33 - [TEST_STEP][PASSED] - callTestCase(findTestCase("PFI Precision and Scale/PFI Components with Indexing/VerifyDropdownValuesXPI"), ["FldNm":"NovaOfficerComboBox", "index":1, "CallTCName":"PFI Precision and Scale/HashMap Tables/OfficerLists", "cmbNm":"", ... ], STOP_ON_FAILURE): Call Test Case 'Test Cases/PFI Precision and Scale/PFI Components with Indexing/VerifyDropdownValuesXPI' successfully

2020-06-05 13:42:34 - [TEST_CASE][PASSED] - Test Cases/PFI Precision and Scale/PFI Components with Indexing/VerifyDropdownValuesXPI: Test Cases/PFI Precision and Scale/PFI Components with Indexing/VerifyDropdownValuesXPI

2020-06-05 13:42:34 - [TEST_STEP][PASSED] - Thread.sleep(1000): null

2020-06-05 13:42:35 - [TEST_STEP][PASSED] - NewInputNmField = modifyObjectProperty(findTestObject("Object Repository/Objects.HighlightElements/input_field_index"), "xpath", "equals", "(//*[contains(@name, '" + FldNm + "')])[" + index + "]", true): Modify property of object successfully

2020-06-05 13:42:35 - [MESSAGE][PASSED] - Modify property of object successfully

2020-06-05 13:42:35 - [TEST_STEP][PASSED] - comboNm = cmbNm: null

2020-06-05 13:42:35 - [TEST_STEP][PASSED] - focus(NewInputNmField): Object: 'Object Repository/Objects.HighlightElements/input_field_index' is focused

2020-06-05 13:42:35 - [MESSAGE][PASSED] - Object: 'Object Repository/Objects.HighlightElements/input_field_index' is focused

2020-06-05 13:42:35 - [TEST_STEP][PASSED] - setText(NewInputNmField, EnterValue): Text 'none' is set on object 'Object Repository/Objects.HighlightElements/input_field_index'

2020-06-05 13:42:35 - [MESSAGE][PASSED] - Text 'none' is set on object 'Object Repository/Objects.HighlightElements/input_field_index'

2020-06-05 13:42:35 - [TEST_STEP][PASSED] - for ([i = 1, i <= NoOfVal, (i++)]): Keys 'DOWN + ' sent to object: 'Object Repository/Objects.HighlightElements/input_field_index'

2020-06-05 13:42:35 - [TEST_STEP][PASSED] - sendKeys(NewInputNmField, Keys.chord(ARROW_DOWN)): Keys 'DOWN + ' sent to object: 'Object Repository/Objects.HighlightElements/input_field_index'

2020-06-05 13:42:35 - [MESSAGE][PASSED] - Keys 'DOWN + ' sent to object: 'Object Repository/Objects.HighlightElements/input_field_index'

2020-06-05 13:42:35 - [TEST_STEP][PASSED] - delay(DelayTime): Delayed 2 second(s)

2020-06-05 13:42:37 - [MESSAGE][PASSED] - Delayed 2 second(s)

2020-06-05 13:42:37 - [TEST_STEP][PASSED] - sendKeys(NewInputNmField, Keys.chord(ENTER)): Keys 'ENTER + ' sent to object: 'Object Repository/Objects.HighlightElements/input_field_index'

2020-06-05 13:42:37 - [MESSAGE][PASSED] - Keys 'ENTER + ' sent to object: 'Object Repository/Objects.HighlightElements/input_field_index'

2020-06-05 13:42:37 - [TEST_STEP][PASSED] - ComboBoxValue = getAttribute(NewInputNmField, "value"): Attribute 'value' of object 'Object Repository/Objects.HighlightElements/input_field_index' is: 'none'

2020-06-05 13:42:37 - [MESSAGE][PASSED] - Attribute 'value' of object 'Object Repository/Objects.HighlightElements/input_field_index' is: 'none'

2020-06-05 13:42:37 - [TEST_STEP][PASSED] - callTestCase(findTestCase(CallTCName), ["FindValue":ComboBoxValue, "DropdownNm":comboNm], STOP_ON_FAILURE): Call Test Case 'Test Cases/PFI Precision and Scale/HashMap Tables/OfficerLists' successfully

2020-06-05 13:42:37 - [TEST_CASE][PASSED] - Test Cases/PFI Precision and Scale/HashMap Tables/OfficerLists: Test Cases/PFI Precision and Scale/HashMap Tables/OfficerLists

2020-06-05 13:42:37 - [TEST_STEP][PASSED] - Thread.sleep(1000): null

2020-06-05 13:42:38 - [TEST_STEP][PASSED] - OfficerLists = [1:"Aaron Sham Wai Lun (AARON)", 2:"Azidah Bte Akmad (Mdm) (USAABD)", 3:"Chung Fong Nyen (USACFN)", 4:"David Tey Dah Wei (DAHWEI)", ... ]: null

2020-06-05 13:42:38 - [TEST_STEP][PASSED] - ValueFound = OfficerLists.find({ -> ... }): null

2020-06-05 13:42:38 - [MESSAGE][PASSED] - Call Test Case 'Test Cases/PFI Precision and Scale/HashMap Tables/OfficerLists' successfully

2020-06-05 13:42:38 - [TEST_STEP][PASSED] - println(ValueFound): null

2020-06-05 13:42:38 - [TEST_STEP][PASSED] - sendKeys(NewInputNmField, Keys.chord(ARROW_DOWN)): Keys 'DOWN + ' sent to object: 'Object Repository/Objects.HighlightElements/input_field_index'

2020-06-05 13:42:38 - [MESSAGE][PASSED] - Keys 'DOWN + ' sent to object: 'Object Repository/Objects.HighlightElements/input_field_index'

2020-06-05 13:42:38 - [TEST_STEP][PASSED] - sendKeys(NewInputNmField, Keys.chord(ENTER)): Keys 'ENTER + ' sent to object: 'Object Repository/Objects.HighlightElements/input_field_index'

2020-06-05 13:42:39 - [MESSAGE][PASSED] - Keys 'ENTER + ' sent to object: 'Object Repository/Objects.HighlightElements/input_field_index'

2020-06-05 13:42:39 - [MESSAGE][PASSED] - Call Test Case 'Test Cases/PFI Precision and Scale/PFI Components with Indexing/VerifyDropdownValuesXPI' successfully

2020-06-05 13:42:39 - [TEST_STEP][PASSED] - callTestCase(findTestCase("Components/SelectAllThenDeleteXPI"), ["nameToBeUsed":"NovaOfficerComboBox", "index":"1"], STOP_ON_FAILURE): Call Test Case 'Test Cases/Components/SelectAllThenDeleteXPI' successfully

2020-06-05 13:42:39 - [TEST_CASE][PASSED] - Test Cases/Components/SelectAllThenDeleteXPI: Test Cases/Components/SelectAllThenDeleteXPI

2020-06-05 13:42:39 - [TEST_STEP][PASSED] - Thread.sleep(1000): null

2020-06-05 13:42:40 - [TEST_STEP][PASSED] - modifiedObj = modifyObjectProperty(findTestObject("Object Repository/Objects.HighlightElements/input_field_index"), "xpath", "equals", "(//*[contains(@name,'" + nameToBeUsed + "')])[" + index + "]", true): Modify property of object successfully

2020-06-05 13:42:40 - [MESSAGE][PASSED] - Modify property of object successfully

2020-06-05 13:42:40 - [TEST_STEP][PASSED] - focus(modifiedObj): Object: 'Object Repository/Objects.HighlightElements/input_field_index' is focused

2020-06-05 13:42:40 - [MESSAGE][PASSED] - Object: 'Object Repository/Objects.HighlightElements/input_field_index' is focused

2020-06-05 13:42:40 - [TEST_STEP][PASSED] - sendKeys(modifiedObj, Keys.chord(CONTROL, "a")): Keys 'CONTROL + a' sent to object: 'Object Repository/Objects.HighlightElements/input_field_index'

2020-06-05 13:42:40 - [MESSAGE][PASSED] - Keys 'CONTROL + a' sent to object: 'Object Repository/Objects.HighlightElements/input_field_index'

2020-06-05 13:42:40 - [TEST_STEP][PASSED] - sendKeys(modifiedObj, Keys.chord(DELETE)): Keys 'DELETE + ' sent to object: 'Object Repository/Objects.HighlightElements/input_field_index'

2020-06-05 13:42:40 - [MESSAGE][PASSED] - Keys 'DELETE + ' sent to object: 'Object Repository/Objects.HighlightElements/input_field_index'

2020-06-05 13:42:40 - [MESSAGE][PASSED] - Call Test Case 'Test Cases/Components/SelectAllThenDeleteXPI' successfully

2020-06-05 13:42:40 - [TEST_STEP][PASSED] - callTestCase(findTestCase("PFI Precision and Scale/PFI Components with Indexing/VerifyDropdownValuesXPI"), ["FldNm":"NovaOfficerComboBox", "index":1, "CallTCName":"PFI Precision and Scale/HashMap Tables/OfficerLists", "cmbNm":"", ... ], STOP_ON_FAILURE): Call Test Case 'Test Cases/PFI Precision and Scale/PFI Components with Indexing/VerifyDropdownValuesXPI' successfully

2020-06-05 13:42:40 - [TEST_CASE][PASSED] - Test Cases/PFI Precision and Scale/PFI Components with Indexing/VerifyDropdownValuesXPI: Test Cases/PFI Precision and Scale/PFI Components with Indexing/VerifyDropdownValuesXPI

2020-06-05 13:42:40 - [TEST_STEP][PASSED] - Thread.sleep(1000): null

2020-06-05 13:42:41 - [TEST_STEP][PASSED] - NewInputNmField = modifyObjectProperty(findTestObject("Object Repository/Objects.HighlightElements/input_field_index"), "xpath", "equals", "(//*[contains(@name, '" + FldNm + "')])[" + index + "]", true): Modify property of object successfully

2020-06-05 13:42:41 - [MESSAGE][PASSED] - Modify property of object successfully

2020-06-05 13:42:41 - [TEST_STEP][PASSED] - comboNm = cmbNm: null

2020-06-05 13:42:41 - [TEST_STEP][PASSED] - focus(NewInputNmField): Object: 'Object Repository/Objects.HighlightElements/input_field_index' is focused

2020-06-05 13:42:41 - [MESSAGE][PASSED] - Object: 'Object Repository/Objects.HighlightElements/input_field_index' is focused

2020-06-05 13:42:41 - [TEST_STEP][PASSED] - setText(NewInputNmField, EnterValue): Text 'BENGKWEE' is set on object 'Object Repository/Objects.HighlightElements/input_field_index'

2020-06-05 13:42:41 - [MESSAGE][PASSED] - Text 'BENGKWEE' is set on object 'Object Repository/Objects.HighlightElements/input_field_index'

2020-06-05 13:42:41 - [TEST_STEP][PASSED] - for ([i = 1, i <= NoOfVal, (i++)]): Keys 'DOWN + ' sent to object: 'Object Repository/Objects.HighlightElements/input_field_index'

2020-06-05 13:42:41 - [TEST_STEP][PASSED] - sendKeys(NewInputNmField, Keys.chord(ARROW_DOWN)): Keys 'DOWN + ' sent to object: 'Object Repository/Objects.HighlightElements/input_field_index'

2020-06-05 13:42:41 - [MESSAGE][PASSED] - Keys 'DOWN + ' sent to object: 'Object Repository/Objects.HighlightElements/input_field_index'

2020-06-05 13:42:41 - [TEST_STEP][PASSED] - delay(DelayTime): Delayed 2 second(s)

2020-06-05 13:42:43 - [MESSAGE][PASSED] - Delayed 2 second(s)

2020-06-05 13:42:43 - [TEST_STEP][PASSED] - sendKeys(NewInputNmField, Keys.chord(ENTER)): Keys 'ENTER + ' sent to object: 'Object Repository/Objects.HighlightElements/input_field_index'

2020-06-05 13:42:43 - [MESSAGE][PASSED] - Keys 'ENTER + ' sent to object: 'Object Repository/Objects.HighlightElements/input_field_index'

2020-06-05 13:42:43 - [TEST_STEP][PASSED] - ComboBoxValue = getAttribute(NewInputNmField, "value"): Attribute 'value' of object 'Object Repository/Objects.HighlightElements/input_field_index' is: 'Lim Beng Kwee (BENGKWEE)'

2020-06-05 13:42:43 - [MESSAGE][PASSED] - Attribute 'value' of object 'Object Repository/Objects.HighlightElements/input_field_index' is: 'Lim Beng Kwee (BENGKWEE)'

2020-06-05 13:42:43 - [TEST_STEP][PASSED] - callTestCase(findTestCase(CallTCName), ["FindValue":ComboBoxValue, "DropdownNm":comboNm], STOP_ON_FAILURE): Call Test Case 'Test Cases/PFI Precision and Scale/HashMap Tables/OfficerLists' successfully

2020-06-05 13:42:43 - [TEST_CASE][PASSED] - Test Cases/PFI Precision and Scale/HashMap Tables/OfficerLists: Test Cases/PFI Precision and Scale/HashMap Tables/OfficerLists

2020-06-05 13:42:43 - [TEST_STEP][PASSED] - Thread.sleep(1000): null

2020-06-05 13:42:44 - [TEST_STEP][PASSED] - OfficerLists = [1:"Aaron Sham Wai Lun (AARON)", 2:"Azidah Bte Akmad (Mdm) (USAABD)", 3:"Chung Fong Nyen (USACFN)", 4:"David Tey Dah Wei (DAHWEI)", ... ]: null

2020-06-05 13:42:44 - [TEST_STEP][PASSED] - ValueFound = OfficerLists.find({ -> ... }): null

2020-06-05 13:42:44 - [MESSAGE][PASSED] - Call Test Case 'Test Cases/PFI Precision and Scale/HashMap Tables/OfficerLists' successfully

2020-06-05 13:42:44 - [TEST_STEP][PASSED] - println(ValueFound): null

2020-06-05 13:42:44 - [TEST_STEP][PASSED] - sendKeys(NewInputNmField, Keys.chord(ARROW_DOWN)): Keys 'DOWN + ' sent to object: 'Object Repository/Objects.HighlightElements/input_field_index'

2020-06-05 13:42:45 - [MESSAGE][PASSED] - Keys 'DOWN + ' sent to object: 'Object Repository/Objects.HighlightElements/input_field_index'

2020-06-05 13:42:45 - [TEST_STEP][PASSED] - sendKeys(NewInputNmField, Keys.chord(ENTER)): Keys 'ENTER + ' sent to object: 'Object Repository/Objects.HighlightElements/input_field_index'

2020-06-05 13:42:45 - [MESSAGE][PASSED] - Keys 'ENTER + ' sent to object: 'Object Repository/Objects.HighlightElements/input_field_index'

2020-06-05 13:42:45 - [MESSAGE][PASSED] - Call Test Case 'Test Cases/PFI Precision and Scale/PFI Components with Indexing/VerifyDropdownValuesXPI' successfully

2020-06-05 13:42:45 - [TEST_STEP][PASSED] - callTestCase(findTestCase("Components/SelectAllThenDeleteXPI"), ["nameToBeUsed":"NovaOfficerComboBox", "index":"1"], STOP_ON_FAILURE): Call Test Case 'Test Cases/Components/SelectAllThenDeleteXPI' successfully

2020-06-05 13:42:45 - [TEST_CASE][PASSED] - Test Cases/Components/SelectAllThenDeleteXPI: Test Cases/Components/SelectAllThenDeleteXPI

2020-06-05 13:42:45 - [TEST_STEP][PASSED] - Thread.sleep(1000): null

2020-06-05 13:42:46 - [TEST_STEP][PASSED] - modifiedObj = modifyObjectProperty(findTestObject("Object Repository/Objects.HighlightElements/input_field_index"), "xpath", "equals", "(//*[contains(@name,'" + nameToBeUsed + "')])[" + index + "]", true): Modify property of object successfully

2020-06-05 13:42:46 - [MESSAGE][PASSED] - Modify property of object successfully

2020-06-05 13:42:46 - [TEST_STEP][PASSED] - focus(modifiedObj): Object: 'Object Repository/Objects.HighlightElements/input_field_index' is focused

2020-06-05 13:42:46 - [MESSAGE][PASSED] - Object: 'Object Repository/Objects.HighlightElements/input_field_index' is focused

2020-06-05 13:42:46 - [TEST_STEP][PASSED] - sendKeys(modifiedObj, Keys.chord(CONTROL, "a")): Keys 'CONTROL + a' sent to object: 'Object Repository/Objects.HighlightElements/input_field_index'

2020-06-05 13:42:46 - [MESSAGE][PASSED] - Keys 'CONTROL + a' sent to object: 'Object Repository/Objects.HighlightElements/input_field_index'

2020-06-05 13:42:46 - [TEST_STEP][PASSED] - sendKeys(modifiedObj, Keys.chord(DELETE)): Keys 'DELETE + ' sent to object: 'Object Repository/Objects.HighlightElements/input_field_index'

2020-06-05 13:42:46 - [MESSAGE][PASSED] - Keys 'DELETE + ' sent to object: 'Object Repository/Objects.HighlightElements/input_field_index'

2020-06-05 13:42:46 - [MESSAGE][PASSED] - Call Test Case 'Test Cases/Components/SelectAllThenDeleteXPI' successfully

2020-06-05 13:42:46 - [TEST_STEP][PASSED] - callTestCase(findTestCase("PFI Precision and Scale/PFI Components with Indexing/VerifyDropdownValuesXPI"), ["FldNm":"NovaOfficerComboBox", "index":1, "CallTCName":"PFI Precision and Scale/HashMap Tables/OfficerLists", "cmbNm":"", ... ], STOP_ON_FAILURE): Call Test Case 'Test Cases/PFI Precision and Scale/PFI Components with Indexing/VerifyDropdownValuesXPI' successfully

2020-06-05 13:42:46 - [TEST_CASE][PASSED] - Test Cases/PFI Precision and Scale/PFI Components with Indexing/VerifyDropdownValuesXPI: Test Cases/PFI Precision and Scale/PFI Components with Indexing/VerifyDropdownValuesXPI

2020-06-05 13:42:46 - [TEST_STEP][PASSED] - Thread.sleep(1000): null

2020-06-05 13:42:47 - [TEST_STEP][PASSED] - NewInputNmField = modifyObjectProperty(findTestObject("Object Repository/Objects.HighlightElements/input_field_index"), "xpath", "equals", "(//*[contains(@name, '" + FldNm + "')])[" + index + "]", true): Modify property of object successfully

2020-06-05 13:42:47 - [MESSAGE][PASSED] - Modify property of object successfully

2020-06-05 13:42:47 - [TEST_STEP][PASSED] - comboNm = cmbNm: null

2020-06-05 13:42:47 - [TEST_STEP][PASSED] - focus(NewInputNmField): Object: 'Object Repository/Objects.HighlightElements/input_field_index' is focused

2020-06-05 13:42:47 - [MESSAGE][PASSED] - Object: 'Object Repository/Objects.HighlightElements/input_field_index' is focused

2020-06-05 13:42:47 - [TEST_STEP][PASSED] - setText(NewInputNmField, EnterValue): Text 'Aaron Sham Wai Lun' is set on object 'Object Repository/Objects.HighlightElements/input_field_index'

2020-06-05 13:42:47 - [MESSAGE][PASSED] - Text 'Aaron Sham Wai Lun' is set on object 'Object Repository/Objects.HighlightElements/input_field_index'

2020-06-05 13:42:47 - [TEST_STEP][PASSED] - for ([i = 1, i <= NoOfVal, (i++)]): Keys 'DOWN + ' sent to object: 'Object Repository/Objects.HighlightElements/input_field_index'

2020-06-05 13:42:47 - [TEST_STEP][PASSED] - sendKeys(NewInputNmField, Keys.chord(ARROW_DOWN)): Keys 'DOWN + ' sent to object: 'Object Repository/Objects.HighlightElements/input_field_index'

2020-06-05 13:42:47 - [MESSAGE][PASSED] - Keys 'DOWN + ' sent to object: 'Object Repository/Objects.HighlightElements/input_field_index'

2020-06-05 13:42:47 - [TEST_STEP][PASSED] - delay(DelayTime): Delayed 2 second(s)

2020-06-05 13:42:49 - [MESSAGE][PASSED] - Delayed 2 second(s)

2020-06-05 13:42:49 - [TEST_STEP][PASSED] - sendKeys(NewInputNmField, Keys.chord(ENTER)): Keys 'ENTER + ' sent to object: 'Object Repository/Objects.HighlightElements/input_field_index'

2020-06-05 13:42:49 - [MESSAGE][PASSED] - Keys 'ENTER + ' sent to object: 'Object Repository/Objects.HighlightElements/input_field_index'

2020-06-05 13:42:49 - [TEST_STEP][PASSED] - ComboBoxValue = getAttribute(NewInputNmField, "value"): Attribute 'value' of object 'Object Repository/Objects.HighlightElements/input_field_index' is: 'Aaron Sham Wai Lun (AARON)'

2020-06-05 13:42:49 - [MESSAGE][PASSED] - Attribute 'value' of object 'Object Repository/Objects.HighlightElements/input_field_index' is: 'Aaron Sham Wai Lun (AARON)'

2020-06-05 13:42:49 - [TEST_STEP][PASSED] - callTestCase(findTestCase(CallTCName), ["FindValue":ComboBoxValue, "DropdownNm":comboNm], STOP_ON_FAILURE): Call Test Case 'Test Cases/PFI Precision and Scale/HashMap Tables/OfficerLists' successfully

2020-06-05 13:42:49 - [TEST_CASE][PASSED] - Test Cases/PFI Precision and Scale/HashMap Tables/OfficerLists: Test Cases/PFI Precision and Scale/HashMap Tables/OfficerLists

2020-06-05 13:42:49 - [TEST_STEP][PASSED] - Thread.sleep(1000): null

2020-06-05 13:42:50 - [TEST_STEP][PASSED] - OfficerLists = [1:"Aaron Sham Wai Lun (AARON)", 2:"Azidah Bte Akmad (Mdm) (USAABD)", 3:"Chung Fong Nyen (USACFN)", 4:"David Tey Dah Wei (DAHWEI)", ... ]: null

2020-06-05 13:42:50 - [TEST_STEP][PASSED] - ValueFound = OfficerLists.find({ -> ... }): null

2020-06-05 13:42:50 - [MESSAGE][PASSED] - Call Test Case 'Test Cases/PFI Precision and Scale/HashMap Tables/OfficerLists' successfully

2020-06-05 13:42:50 - [TEST_STEP][PASSED] - println(ValueFound): null

2020-06-05 13:42:50 - [TEST_STEP][PASSED] - sendKeys(NewInputNmField, Keys.chord(ARROW_DOWN)): Keys 'DOWN + ' sent to object: 'Object Repository/Objects.HighlightElements/input_field_index'

2020-06-05 13:42:51 - [MESSAGE][PASSED] - Keys 'DOWN + ' sent to object: 'Object Repository/Objects.HighlightElements/input_field_index'

2020-06-05 13:42:51 - [TEST_STEP][PASSED] - sendKeys(NewInputNmField, Keys.chord(ENTER)): Keys 'ENTER + ' sent to object: 'Object Repository/Objects.HighlightElements/input_field_index'

2020-06-05 13:42:51 - [MESSAGE][PASSED] - Keys 'ENTER + ' sent to object: 'Object Repository/Objects.HighlightElements/input_field_index'

2020-06-05 13:42:51 - [MESSAGE][PASSED] - Call Test Case 'Test Cases/PFI Precision and Scale/PFI Components with Indexing/VerifyDropdownValuesXPI' successfully

2020-06-05 13:42:51 - [TEST_STEP][PASSED] - callTestCase(findTestCase("Components/SelectAllThenDeleteXPI"), ["nameToBeUsed":"NovaOfficerComboBox", "index":"1"], STOP_ON_FAILURE): Call Test Case 'Test Cases/Components/SelectAllThenDeleteXPI' successfully

2020-06-05 13:42:51 - [TEST_CASE][PASSED] - Test Cases/Components/SelectAllThenDeleteXPI: Test Cases/Components/SelectAllThenDeleteXPI

2020-06-05 13:42:51 - [TEST_STEP][PASSED] - Thread.sleep(1000): null

2020-06-05 13:42:52 - [TEST_STEP][PASSED] - modifiedObj = modifyObjectProperty(findTestObject("Object Repository/Objects.HighlightElements/input_field_index"), "xpath", "equals", "(//*[contains(@name,'" + nameToBeUsed + "')])[" + index + "]", true): Modify property of object successfully

2020-06-05 13:42:52 - [MESSAGE][PASSED] - Modify property of object successfully

2020-06-05 13:42:52 - [TEST_STEP][PASSED] - focus(modifiedObj): Object: 'Object Repository/Objects.HighlightElements/input_field_index' is focused

2020-06-05 13:42:52 - [MESSAGE][PASSED] - Object: 'Object Repository/Objects.HighlightElements/input_field_index' is focused

2020-06-05 13:42:52 - [TEST_STEP][PASSED] - sendKeys(modifiedObj, Keys.chord(CONTROL, "a")): Keys 'CONTROL + a' sent to object: 'Object Repository/Objects.HighlightElements/input_field_index'

2020-06-05 13:42:52 - [MESSAGE][PASSED] - Keys 'CONTROL + a' sent to object: 'Object Repository/Objects.HighlightElements/input_field_index'

2020-06-05 13:42:52 - [TEST_STEP][PASSED] - sendKeys(modifiedObj, Keys.chord(DELETE)): Keys 'DELETE + ' sent to object: 'Object Repository/Objects.HighlightElements/input_field_index'

2020-06-05 13:42:52 - [MESSAGE][PASSED] - Keys 'DELETE + ' sent to object: 'Object Repository/Objects.HighlightElements/input_field_index'

2020-06-05 13:42:52 - [MESSAGE][PASSED] - Call Test Case 'Test Cases/Components/SelectAllThenDeleteXPI' successfully

2020-06-05 13:42:52 - [TEST_STEP][PASSED] - callTestCase(findTestCase("PFI Precision and Scale/PFI Components with Indexing/RequiredFieldValidationXPI"), ["nameToBeUsed":"NovaOfficerComboBox", "index":1], STOP_ON_FAILURE): Call Test Case 'Test Cases/PFI Precision and Scale/PFI Components with Indexing/RequiredFieldValidationXPI' successfully

2020-06-05 13:42:52 - [TEST_CASE][PASSED] - Test Cases/PFI Precision and Scale/PFI Components with Indexing/RequiredFieldValidationXPI: Test Cases/PFI Precision and Scale/PFI Components with Indexing/RequiredFieldValidationXPI

2020-06-05 13:42:52 - [TEST_STEP][PASSED] - enableSmartWait(): null

2020-06-05 13:42:52 - [TEST_STEP][PASSED] - NewInputNmField = modifyObjectProperty(findTestObject("Objects.HighlightElements/input_field_index"), "xpath", "equals", "(//*[contains(@name,'" + nameToBeUsed + "')])[" + index + "]", true): Modify property of object successfully

2020-06-05 13:42:52 - [MESSAGE][PASSED] - Modify property of object successfully

2020-06-05 13:42:52 - [TEST_STEP][PASSED] - mouseOver(NewInputNmField): Object: 'Object Repository/Objects.HighlightElements/input_field_index' is hovered

2020-06-05 13:42:52 - [MESSAGE][PASSED] - Object: 'Object Repository/Objects.HighlightElements/input_field_index' is hovered

2020-06-05 13:42:52 - [TEST_STEP][PASSED] - getRqErrMsg = getAttribute(NewInputNmField, "data-errorqtip"): Attribute 'data-errorqtip' of object 'Object Repository/Objects.HighlightElements/input_field_index' is: '<ul class="x-list-plain"><li>This field is required</li></ul>'

2020-06-05 13:42:52 - [MESSAGE][PASSED] - Attribute 'data-errorqtip' of object 'Object Repository/Objects.HighlightElements/input_field_index' is: '<ul class="x-list-plain"><li>This field is required</li></ul>'

2020-06-05 13:42:52 - [TEST_STEP][PASSED] - strToolTip = getRqErrMsg.substring(29, 61): null

2020-06-05 13:42:52 - [TEST_STEP][PASSED] - toolTipReqErrMsg = strToolTip.substring(0, 22): null

2020-06-05 13:42:52 - [TEST_STEP][PASSED] - verifyMatch(toolTipReqErrMsg, RqField, true): Actual text 'This field is required' and expected text 'This field is required' are matched  using regular expression

2020-06-05 13:42:52 - [MESSAGE][PASSED] - Actual text 'This field is required' and expected text 'This field is required' are matched  using regular expression

2020-06-05 13:42:52 - [MESSAGE][PASSED] - Call Test Case 'Test Cases/PFI Precision and Scale/PFI Components with Indexing/RequiredFieldValidationXPI' successfully

2020-06-05 13:42:52 - [TEST_STEP][NOT_RUN] - callTestCase(findTestCase("Components/Logout"), ["LogoutPageTextToBeVerified":findTestData("ISPS2 Test Data").getValue("HomeBanner", 1)], STOP_ON_FAILURE): NOT_RUN: callTestCase(findTestCase("Components/Logout"), ["LogoutPageTextToBeVerified":findTestData("ISPS2 Test Data").getValue("HomeBanner", 1)], STOP_ON_FAILURE)

2020-06-05 13:42:52 - [MESSAGE][NOT_RUN] - NOT_RUN: callTestCase(findTestCase("Components/Logout"), ["LogoutPageTextToBeVerified":findTestData("ISPS2 Test Data").getValue("HomeBanner", 1)], STOP_ON_FAILURE)]]></system-out>
         <system-err><![CDATA[]]></system-err>
      </testcase>
      <testcase name="Test Cases/PFI Precision and Scale/PFI Test Cases/Process Case (PFI)/PFI.TriggerPEPresentationLHS" time="69.147" classname="Test Cases/PFI Precision and Scale/PFI Test Cases/Process Case (PFI)/PFI.TriggerPEPresentationLHS" status="PASSED">
         <system-out><![CDATA[2020-06-05 13:42:52 - [TEST_CASE][PASSED] - Test Cases/PFI Precision and Scale/PFI Test Cases/Process Case (PFI)/PFI.TriggerPEPresentationLHS: Test Cases/PFI Precision and Scale/PFI Test Cases/Process Case (PFI)/PFI.TriggerPEPresentationLHS

2020-06-05 13:42:53 - [TEST_STEP][NOT_RUN] - callTestCase(findTestCase("Components/LoginV2.0"), ["LinkToBeUsed":findTestData("Datatable").getValue("URL", 1), "LoginPageTextToBeVerified":findTestData("Datatable").getValue("HomeBanner", 1), ... ], STOP_ON_FAILURE): NOT_RUN: callTestCase(findTestCase("Components/LoginV2.0"), ["LinkToBeUsed":findTestData("Datatable").getValue("URL", 1), "LoginPageTextToBeVerified":findTestData("Datatable").getValue("HomeBanner", 1), ... ], STOP_ON_FAILURE)

2020-06-05 13:42:53 - [MESSAGE][NOT_RUN] - NOT_RUN: callTestCase(findTestCase("Components/LoginV2.0"), ["LinkToBeUsed":findTestData("Datatable").getValue("URL", 1), "LoginPageTextToBeVerified":findTestData("Datatable").getValue("HomeBanner", 1), ... ], STOP_ON_FAILURE)

2020-06-05 13:42:53 - [TEST_STEP][NOT_RUN] - callTestCase(findTestCase("Components/NavigateToHomepageHeaders"), ["headerText":"My Tasks"], STOP_ON_FAILURE): NOT_RUN: callTestCase(findTestCase("Components/NavigateToHomepageHeaders"), ["headerText":"My Tasks"], STOP_ON_FAILURE)

2020-06-05 13:42:53 - [MESSAGE][NOT_RUN] - NOT_RUN: callTestCase(findTestCase("Components/NavigateToHomepageHeaders"), ["headerText":"My Tasks"], STOP_ON_FAILURE)

2020-06-05 13:42:53 - [TEST_STEP][NOT_RUN] - callTestCase(findTestCase("Components/Filter"), ["taskDescription":"Process Case (SM)"], STOP_ON_FAILURE): NOT_RUN: callTestCase(findTestCase("Components/Filter"), ["taskDescription":"Process Case (SM)"], STOP_ON_FAILURE)

2020-06-05 13:42:53 - [MESSAGE][NOT_RUN] - NOT_RUN: callTestCase(findTestCase("Components/Filter"), ["taskDescription":"Process Case (SM)"], STOP_ON_FAILURE)

2020-06-05 13:42:53 - [TEST_STEP][NOT_RUN] - callTestCase(findTestCase("Components/Wait"), ["secondsToWait":5000], STOP_ON_FAILURE): NOT_RUN: callTestCase(findTestCase("Components/Wait"), ["secondsToWait":5000], STOP_ON_FAILURE)

2020-06-05 13:42:53 - [MESSAGE][NOT_RUN] - NOT_RUN: callTestCase(findTestCase("Components/Wait"), ["secondsToWait":5000], STOP_ON_FAILURE)

2020-06-05 13:42:53 - [TEST_STEP][NOT_RUN] - callTestCase(findTestCase("Components/ClickLinkDependingOnTextAndIndex"), ["linkName":"Process Case (SM)", "index":"6"], STOP_ON_FAILURE): NOT_RUN: callTestCase(findTestCase("Components/ClickLinkDependingOnTextAndIndex"), ["linkName":"Process Case (SM)", "index":"6"], STOP_ON_FAILURE)

2020-06-05 13:42:53 - [MESSAGE][NOT_RUN] - NOT_RUN: callTestCase(findTestCase("Components/ClickLinkDependingOnTextAndIndex"), ["linkName":"Process Case (SM)", "index":"6"], STOP_ON_FAILURE)

2020-06-05 13:42:53 - [TEST_STEP][NOT_RUN] - callTestCase(findTestCase("Components/Wait"), ["secondsToWait":5000], STOP_ON_FAILURE): NOT_RUN: callTestCase(findTestCase("Components/Wait"), ["secondsToWait":5000], STOP_ON_FAILURE)

2020-06-05 13:42:53 - [MESSAGE][NOT_RUN] - NOT_RUN: callTestCase(findTestCase("Components/Wait"), ["secondsToWait":5000], STOP_ON_FAILURE)

2020-06-05 13:42:53 - [TEST_STEP][PASSED] - callTestCase(findTestCase("Components/NavigateToAnyLHS"), ["LHS":"Trigger PE Presentation"], STOP_ON_FAILURE): Call Test Case 'Test Cases/Components/NavigateToAnyLHS' successfully

2020-06-05 13:42:53 - [TEST_CASE][PASSED] - Test Cases/Components/NavigateToAnyLHS: Test Cases/Components/NavigateToAnyLHS

2020-06-05 13:42:53 - [TEST_STEP][PASSED] - Thread.sleep(1000): null

2020-06-05 13:42:54 - [TEST_STEP][PASSED] - modifiedLHS = modifyObjectProperty(findTestObject("Objects.NavigateToAnyLHS/Page_ISPS2/LHSToModify"), "text", "equals", LHS, true): Modify property of object successfully

2020-06-05 13:42:54 - [MESSAGE][PASSED] - Modify property of object successfully

2020-06-05 13:42:54 - [TEST_STEP][PASSED] - click(modifiedLHS): Object: 'Object Repository/Objects.NavigateToAnyLHS/Page_ISPS2/LHSToModify' is clicked on

2020-06-05 13:42:54 - [MESSAGE][PASSED] - Object: 'Object Repository/Objects.NavigateToAnyLHS/Page_ISPS2/LHSToModify' is clicked on

2020-06-05 13:42:54 - [TEST_STEP][PASSED] - currentLHS = getText(modifiedLHS): Text of object 'Object Repository/Objects.NavigateToAnyLHS/Page_ISPS2/LHSToModify' is: 'Trigger PE Presentation'

2020-06-05 13:42:54 - [MESSAGE][PASSED] - Text of object 'Object Repository/Objects.NavigateToAnyLHS/Page_ISPS2/LHSToModify' is: 'Trigger PE Presentation'

2020-06-05 13:42:54 - [TEST_STEP][PASSED] - Thread.sleep(5000): null

2020-06-05 13:42:59 - [MESSAGE][PASSED] - Call Test Case 'Test Cases/Components/NavigateToAnyLHS' successfully

2020-06-05 13:42:59 - [TEST_STEP][PASSED] - callTestCase(findTestCase("Components/VerifyPageSuccessfullyLoaded"), ["HeaderName":"Trigger PE Presentation"], STOP_ON_FAILURE): Call Test Case 'Test Cases/Components/VerifyPageSuccessfullyLoaded' successfully

2020-06-05 13:42:59 - [TEST_CASE][PASSED] - Test Cases/Components/VerifyPageSuccessfullyLoaded: Test Cases/Components/VerifyPageSuccessfullyLoaded

2020-06-05 13:42:59 - [TEST_STEP][PASSED] - Thread.sleep(3000): null

2020-06-05 13:43:02 - [TEST_STEP][PASSED] - ModifiedHeaderName = modifyObjectProperty(findTestObject("Objects.VerifyPageSuccessfullyLoaded/PageHeader"), "text", "equals", HeaderName, true): Modify property of object successfully

2020-06-05 13:43:02 - [MESSAGE][PASSED] - Modify property of object successfully

2020-06-05 13:43:02 - [TEST_STEP][PASSED] - verifyElementPresent(ModifiedHeaderName, 30): Object 'Object Repository/Objects.VerifyPageSuccessfullyLoaded/PageHeader' is present

2020-06-05 13:43:02 - [MESSAGE][PASSED] - Object 'Object Repository/Objects.VerifyPageSuccessfullyLoaded/PageHeader' is present

2020-06-05 13:43:02 - [TEST_STEP][PASSED] - com.reusableComponents.HighlightElement.run(ModifiedHeaderName): com.reusableComponents.HighlightElement.run is PASSED

2020-06-05 13:43:03 - [MESSAGE][PASSED] - com.reusableComponents.HighlightElement.run is PASSED

2020-06-05 13:43:03 - [MESSAGE][PASSED] - Call Test Case 'Test Cases/Components/VerifyPageSuccessfullyLoaded' successfully

2020-06-05 13:43:03 - [TEST_STEP][PASSED] - callTestCase(findTestCase("Components/ClickCheckBoxColumnHeader"), ["NextColHeader":"Building Characteristic", "index":1], STOP_ON_FAILURE): Call Test Case 'Test Cases/Components/ClickCheckBoxColumnHeader' successfully

2020-06-05 13:43:03 - [TEST_CASE][PASSED] - Test Cases/Components/ClickCheckBoxColumnHeader: Test Cases/Components/ClickCheckBoxColumnHeader

2020-06-05 13:43:03 - [TEST_STEP][PASSED] - Thread.sleep(1000): null

2020-06-05 13:43:04 - [TEST_STEP][PASSED] - modifiedObject = modifyObjectProperty(findTestObject("Object Repository/Objects.ReusableObject/CheckboxHeader"), "xpath", "equals", "//*[contains(@class, 'x-column-header-text') and text()='" + NextColHeader + "']//preceding::div[" + index + "]", true): Modify property of object successfully

2020-06-05 13:43:04 - [MESSAGE][PASSED] - Modify property of object successfully

2020-06-05 13:43:04 - [TEST_STEP][PASSED] - com.reusableComponents.HighlightElement.run(modifiedObject): com.reusableComponents.HighlightElement.run is PASSED

2020-06-05 13:43:04 - [MESSAGE][PASSED] - com.reusableComponents.HighlightElement.run is PASSED

2020-06-05 13:43:04 - [TEST_STEP][PASSED] - check(modifiedObject): Object 'Object Repository/Objects.ReusableObject/CheckboxHeader' is checked

2020-06-05 13:43:04 - [MESSAGE][PASSED] - Object 'Object Repository/Objects.ReusableObject/CheckboxHeader' is checked

2020-06-05 13:43:04 - [MESSAGE][PASSED] - Call Test Case 'Test Cases/Components/ClickCheckBoxColumnHeader' successfully

2020-06-05 13:43:04 - [TEST_STEP][PASSED] - callTestCase(findTestCase("Components/HighlightInputFieldXPI"), ["FldNm":"submInd_0", "index":1], STOP_ON_FAILURE): Call Test Case 'Test Cases/Components/HighlightInputFieldXPI' successfully

2020-06-05 13:43:04 - [TEST_CASE][PASSED] - Test Cases/Components/HighlightInputFieldXPI: Test Cases/Components/HighlightInputFieldXPI

2020-06-05 13:43:04 - [TEST_STEP][PASSED] - Thread.sleep(1000): null

2020-06-05 13:43:05 - [TEST_STEP][PASSED] - modifiedInputNm = modifyObjectProperty(findTestObject("Object Repository/Objects.HighlightElements/input_field_index"), "xpath", "equals", "(//*[contains(@name, '" + FldNm + "')])[" + index + "]", true): Modify property of object successfully

2020-06-05 13:43:05 - [MESSAGE][PASSED] - Modify property of object successfully

2020-06-05 13:43:05 - [TEST_STEP][PASSED] - com.reusableComponents.HighlightElement.run(modifiedInputNm): com.reusableComponents.HighlightElement.run is PASSED

2020-06-05 13:43:06 - [MESSAGE][PASSED] - com.reusableComponents.HighlightElement.run is PASSED

2020-06-05 13:43:06 - [MESSAGE][PASSED] - Call Test Case 'Test Cases/Components/HighlightInputFieldXPI' successfully

2020-06-05 13:43:06 - [TEST_STEP][PASSED] - callTestCase(findTestCase("PFI Precision and Scale/HashMap Tables/ConstantHashMap"), ["FldNm":"submInd_0", "index":1, "CallTCName":"PFI Precision and Scale/PFI Components/ConstantHashMap", "cmbNm":"PresINd", ... ], STOP_ON_FAILURE): Call Test Case 'Test Cases/PFI Precision and Scale/HashMap Tables/ConstantHashMap' successfully

2020-06-05 13:43:06 - [TEST_CASE][PASSED] - Test Cases/PFI Precision and Scale/HashMap Tables/ConstantHashMap: Test Cases/PFI Precision and Scale/HashMap Tables/ConstantHashMap

2020-06-05 13:43:06 - [TEST_STEP][PASSED] - ConstantTBL = [1:["PeriodType":"Working Day(s)"], 2:["PeriodType":"Calendar Day(s)"], 3:["PeriodType":"Month(s)"], 4:["TypeOfLetter":"T1"], ... ]: null

2020-06-05 13:43:06 - [TEST_STEP][PASSED] - switch (DropdownNm): null

2020-06-05 13:43:06 - [TEST_STEP][PASSED] - Default: null

2020-06-05 13:43:06 - [TEST_STEP][PASSED] - comment("Not found in the List"): Not found in the List

2020-06-05 13:43:06 - [MESSAGE][INFO] - Not found in the List

2020-06-05 13:43:06 - [TEST_STEP][PASSED] - break: null

2020-06-05 13:43:06 - [MESSAGE][PASSED] - Call Test Case 'Test Cases/PFI Precision and Scale/HashMap Tables/ConstantHashMap' successfully

2020-06-05 13:43:06 - [TEST_STEP][PASSED] - callTestCase(findTestCase("Components/SelectAllThenDeleteXPI"), ["nameToBeUsed":"submInd_0", "index":1], STOP_ON_FAILURE): Call Test Case 'Test Cases/Components/SelectAllThenDeleteXPI' successfully

2020-06-05 13:43:06 - [TEST_CASE][PASSED] - Test Cases/Components/SelectAllThenDeleteXPI: Test Cases/Components/SelectAllThenDeleteXPI

2020-06-05 13:43:06 - [TEST_STEP][PASSED] - Thread.sleep(1000): null

2020-06-05 13:43:07 - [TEST_STEP][PASSED] - modifiedObj = modifyObjectProperty(findTestObject("Object Repository/Objects.HighlightElements/input_field_index"), "xpath", "equals", "(//*[contains(@name,'" + nameToBeUsed + "')])[" + index + "]", true): Modify property of object successfully

2020-06-05 13:43:07 - [MESSAGE][PASSED] - Modify property of object successfully

2020-06-05 13:43:07 - [TEST_STEP][PASSED] - focus(modifiedObj): Object: 'Object Repository/Objects.HighlightElements/input_field_index' is focused

2020-06-05 13:43:07 - [MESSAGE][PASSED] - Object: 'Object Repository/Objects.HighlightElements/input_field_index' is focused

2020-06-05 13:43:07 - [TEST_STEP][PASSED] - sendKeys(modifiedObj, Keys.chord(CONTROL, "a")): Keys 'CONTROL + a' sent to object: 'Object Repository/Objects.HighlightElements/input_field_index'

2020-06-05 13:43:07 - [MESSAGE][PASSED] - Keys 'CONTROL + a' sent to object: 'Object Repository/Objects.HighlightElements/input_field_index'

2020-06-05 13:43:07 - [TEST_STEP][PASSED] - sendKeys(modifiedObj, Keys.chord(DELETE)): Keys 'DELETE + ' sent to object: 'Object Repository/Objects.HighlightElements/input_field_index'

2020-06-05 13:43:07 - [MESSAGE][PASSED] - Keys 'DELETE + ' sent to object: 'Object Repository/Objects.HighlightElements/input_field_index'

2020-06-05 13:43:07 - [MESSAGE][PASSED] - Call Test Case 'Test Cases/Components/SelectAllThenDeleteXPI' successfully

2020-06-05 13:43:07 - [TEST_STEP][PASSED] - callTestCase(findTestCase("PFI Precision and Scale/PFI Components with Indexing/RequiredFieldValidationXPI"), ["nameToBeUsed":"submInd_0", "index":1], STOP_ON_FAILURE): Call Test Case 'Test Cases/PFI Precision and Scale/PFI Components with Indexing/RequiredFieldValidationXPI' successfully

2020-06-05 13:43:07 - [TEST_CASE][PASSED] - Test Cases/PFI Precision and Scale/PFI Components with Indexing/RequiredFieldValidationXPI: Test Cases/PFI Precision and Scale/PFI Components with Indexing/RequiredFieldValidationXPI

2020-06-05 13:43:07 - [TEST_STEP][PASSED] - enableSmartWait(): null

2020-06-05 13:43:07 - [TEST_STEP][PASSED] - NewInputNmField = modifyObjectProperty(findTestObject("Objects.HighlightElements/input_field_index"), "xpath", "equals", "(//*[contains(@name,'" + nameToBeUsed + "')])[" + index + "]", true): Modify property of object successfully

2020-06-05 13:43:07 - [MESSAGE][PASSED] - Modify property of object successfully

2020-06-05 13:43:07 - [TEST_STEP][PASSED] - mouseOver(NewInputNmField): Object: 'Object Repository/Objects.HighlightElements/input_field_index' is hovered

2020-06-05 13:43:08 - [MESSAGE][PASSED] - Object: 'Object Repository/Objects.HighlightElements/input_field_index' is hovered

2020-06-05 13:43:08 - [TEST_STEP][PASSED] - getRqErrMsg = getAttribute(NewInputNmField, "data-errorqtip"): Attribute 'data-errorqtip' of object 'Object Repository/Objects.HighlightElements/input_field_index' is: '<ul class="x-list-plain"><li>This field is required</li></ul>'

2020-06-05 13:43:08 - [MESSAGE][PASSED] - Attribute 'data-errorqtip' of object 'Object Repository/Objects.HighlightElements/input_field_index' is: '<ul class="x-list-plain"><li>This field is required</li></ul>'

2020-06-05 13:43:08 - [TEST_STEP][PASSED] - strToolTip = getRqErrMsg.substring(29, 61): null

2020-06-05 13:43:08 - [TEST_STEP][PASSED] - toolTipReqErrMsg = strToolTip.substring(0, 22): null

2020-06-05 13:43:08 - [TEST_STEP][PASSED] - verifyMatch(toolTipReqErrMsg, RqField, true): Actual text 'This field is required' and expected text 'This field is required' are matched  using regular expression

2020-06-05 13:43:08 - [MESSAGE][PASSED] - Actual text 'This field is required' and expected text 'This field is required' are matched  using regular expression

2020-06-05 13:43:08 - [MESSAGE][PASSED] - Call Test Case 'Test Cases/PFI Precision and Scale/PFI Components with Indexing/RequiredFieldValidationXPI' successfully

2020-06-05 13:43:08 - [TEST_STEP][PASSED] - callTestCase(findTestCase("Components/HighlightInputFieldXPI"), ["FldNm":"submInd_1", "index":1], STOP_ON_FAILURE): Call Test Case 'Test Cases/Components/HighlightInputFieldXPI' successfully

2020-06-05 13:43:08 - [TEST_CASE][PASSED] - Test Cases/Components/HighlightInputFieldXPI: Test Cases/Components/HighlightInputFieldXPI

2020-06-05 13:43:08 - [TEST_STEP][PASSED] - Thread.sleep(1000): null

2020-06-05 13:43:09 - [TEST_STEP][PASSED] - modifiedInputNm = modifyObjectProperty(findTestObject("Object Repository/Objects.HighlightElements/input_field_index"), "xpath", "equals", "(//*[contains(@name, '" + FldNm + "')])[" + index + "]", true): Modify property of object successfully

2020-06-05 13:43:09 - [MESSAGE][PASSED] - Modify property of object successfully

2020-06-05 13:43:09 - [TEST_STEP][PASSED] - com.reusableComponents.HighlightElement.run(modifiedInputNm): com.reusableComponents.HighlightElement.run is PASSED

2020-06-05 13:43:09 - [MESSAGE][PASSED] - com.reusableComponents.HighlightElement.run is PASSED

2020-06-05 13:43:09 - [MESSAGE][PASSED] - Call Test Case 'Test Cases/Components/HighlightInputFieldXPI' successfully

2020-06-05 13:43:09 - [TEST_STEP][PASSED] - callTestCase(findTestCase("PFI Precision and Scale/PFI Components with Indexing/VerifyDropdownValuesXPI"), ["FldNm":"submInd_1", "index":1, "CallTCName":"PFI Precision and Scale/HashMap Tables/ConstantHashMap", "cmbNm":"PresINd", ... ], STOP_ON_FAILURE): Call Test Case 'Test Cases/PFI Precision and Scale/PFI Components with Indexing/VerifyDropdownValuesXPI' successfully

2020-06-05 13:43:09 - [TEST_CASE][PASSED] - Test Cases/PFI Precision and Scale/PFI Components with Indexing/VerifyDropdownValuesXPI: Test Cases/PFI Precision and Scale/PFI Components with Indexing/VerifyDropdownValuesXPI

2020-06-05 13:43:09 - [TEST_STEP][PASSED] - Thread.sleep(1000): null

2020-06-05 13:43:10 - [TEST_STEP][PASSED] - NewInputNmField = modifyObjectProperty(findTestObject("Object Repository/Objects.HighlightElements/input_field_index"), "xpath", "equals", "(//*[contains(@name, '" + FldNm + "')])[" + index + "]", true): Modify property of object successfully

2020-06-05 13:43:10 - [MESSAGE][PASSED] - Modify property of object successfully

2020-06-05 13:43:10 - [TEST_STEP][PASSED] - comboNm = cmbNm: null

2020-06-05 13:43:10 - [TEST_STEP][PASSED] - focus(NewInputNmField): Object: 'Object Repository/Objects.HighlightElements/input_field_index' is focused

2020-06-05 13:43:10 - [MESSAGE][PASSED] - Object: 'Object Repository/Objects.HighlightElements/input_field_index' is focused

2020-06-05 13:43:10 - [TEST_STEP][PASSED] - setText(NewInputNmField, EnterValue): Text '' is set on object 'Object Repository/Objects.HighlightElements/input_field_index'

2020-06-05 13:43:10 - [MESSAGE][PASSED] - Text '' is set on object 'Object Repository/Objects.HighlightElements/input_field_index'

2020-06-05 13:43:10 - [TEST_STEP][PASSED] - for ([i = 1, i <= NoOfVal, (i++)]): Keys 'DOWN + ' sent to object: 'Object Repository/Objects.HighlightElements/input_field_index'

2020-06-05 13:43:10 - [TEST_STEP][PASSED] - sendKeys(NewInputNmField, Keys.chord(ARROW_DOWN)): Keys 'DOWN + ' sent to object: 'Object Repository/Objects.HighlightElements/input_field_index'

2020-06-05 13:43:11 - [MESSAGE][PASSED] - Keys 'DOWN + ' sent to object: 'Object Repository/Objects.HighlightElements/input_field_index'

2020-06-05 13:43:11 - [TEST_STEP][PASSED] - delay(DelayTime): Delayed 2 second(s)

2020-06-05 13:43:13 - [MESSAGE][PASSED] - Delayed 2 second(s)

2020-06-05 13:43:13 - [TEST_STEP][PASSED] - sendKeys(NewInputNmField, Keys.chord(ENTER)): Keys 'ENTER + ' sent to object: 'Object Repository/Objects.HighlightElements/input_field_index'

2020-06-05 13:43:13 - [MESSAGE][PASSED] - Keys 'ENTER + ' sent to object: 'Object Repository/Objects.HighlightElements/input_field_index'

2020-06-05 13:43:13 - [TEST_STEP][PASSED] - ComboBoxValue = getAttribute(NewInputNmField, "value"): Attribute 'value' of object 'Object Repository/Objects.HighlightElements/input_field_index' is: 'Yes'

2020-06-05 13:43:13 - [MESSAGE][PASSED] - Attribute 'value' of object 'Object Repository/Objects.HighlightElements/input_field_index' is: 'Yes'

2020-06-05 13:43:13 - [TEST_STEP][PASSED] - callTestCase(findTestCase(CallTCName), ["FindValue":ComboBoxValue, "DropdownNm":comboNm], STOP_ON_FAILURE): Call Test Case 'Test Cases/PFI Precision and Scale/HashMap Tables/ConstantHashMap' successfully

2020-06-05 13:43:13 - [TEST_CASE][PASSED] - Test Cases/PFI Precision and Scale/HashMap Tables/ConstantHashMap: Test Cases/PFI Precision and Scale/HashMap Tables/ConstantHashMap

2020-06-05 13:43:13 - [TEST_STEP][PASSED] - ConstantTBL = [1:["PeriodType":"Working Day(s)"], 2:["PeriodType":"Calendar Day(s)"], 3:["PeriodType":"Month(s)"], 4:["TypeOfLetter":"T1"], ... ]: null

2020-06-05 13:43:13 - [TEST_STEP][PASSED] - switch (DropdownNm): null

2020-06-05 13:43:13 - [TEST_STEP][PASSED] - case "PresINd":: null

2020-06-05 13:43:13 - [TEST_STEP][PASSED] - ValueFound = ConstantTBL.find({ -> ... }): null

2020-06-05 13:43:13 - [TEST_STEP][PASSED] - break: null

2020-06-05 13:43:13 - [MESSAGE][PASSED] - Call Test Case 'Test Cases/PFI Precision and Scale/HashMap Tables/ConstantHashMap' successfully

2020-06-05 13:43:13 - [TEST_STEP][PASSED] - println(ValueFound): null

2020-06-05 13:43:13 - [TEST_STEP][PASSED] - sendKeys(NewInputNmField, Keys.chord(ARROW_DOWN)): Keys 'DOWN + ' sent to object: 'Object Repository/Objects.HighlightElements/input_field_index'

2020-06-05 13:43:13 - [MESSAGE][PASSED] - Keys 'DOWN + ' sent to object: 'Object Repository/Objects.HighlightElements/input_field_index'

2020-06-05 13:43:13 - [TEST_STEP][PASSED] - sendKeys(NewInputNmField, Keys.chord(ARROW_DOWN)): Keys 'DOWN + ' sent to object: 'Object Repository/Objects.HighlightElements/input_field_index'

2020-06-05 13:43:13 - [MESSAGE][PASSED] - Keys 'DOWN + ' sent to object: 'Object Repository/Objects.HighlightElements/input_field_index'

2020-06-05 13:43:13 - [TEST_STEP][PASSED] - delay(DelayTime): Delayed 2 second(s)

2020-06-05 13:43:15 - [MESSAGE][PASSED] - Delayed 2 second(s)

2020-06-05 13:43:15 - [TEST_STEP][PASSED] - sendKeys(NewInputNmField, Keys.chord(ENTER)): Keys 'ENTER + ' sent to object: 'Object Repository/Objects.HighlightElements/input_field_index'

2020-06-05 13:43:15 - [MESSAGE][PASSED] - Keys 'ENTER + ' sent to object: 'Object Repository/Objects.HighlightElements/input_field_index'

2020-06-05 13:43:15 - [TEST_STEP][PASSED] - ComboBoxValue = getAttribute(NewInputNmField, "value"): Attribute 'value' of object 'Object Repository/Objects.HighlightElements/input_field_index' is: 'No'

2020-06-05 13:43:15 - [MESSAGE][PASSED] - Attribute 'value' of object 'Object Repository/Objects.HighlightElements/input_field_index' is: 'No'

2020-06-05 13:43:15 - [TEST_STEP][PASSED] - callTestCase(findTestCase(CallTCName), ["FindValue":ComboBoxValue, "DropdownNm":comboNm], STOP_ON_FAILURE): Call Test Case 'Test Cases/PFI Precision and Scale/HashMap Tables/ConstantHashMap' successfully

2020-06-05 13:43:15 - [TEST_CASE][PASSED] - Test Cases/PFI Precision and Scale/HashMap Tables/ConstantHashMap: Test Cases/PFI Precision and Scale/HashMap Tables/ConstantHashMap

2020-06-05 13:43:15 - [TEST_STEP][PASSED] - ConstantTBL = [1:["PeriodType":"Working Day(s)"], 2:["PeriodType":"Calendar Day(s)"], 3:["PeriodType":"Month(s)"], 4:["TypeOfLetter":"T1"], ... ]: null

2020-06-05 13:43:15 - [TEST_STEP][PASSED] - switch (DropdownNm): null

2020-06-05 13:43:15 - [TEST_STEP][PASSED] - case "PresINd":: null

2020-06-05 13:43:15 - [TEST_STEP][PASSED] - ValueFound = ConstantTBL.find({ -> ... }): null

2020-06-05 13:43:15 - [TEST_STEP][PASSED] - break: null

2020-06-05 13:43:15 - [MESSAGE][PASSED] - Call Test Case 'Test Cases/PFI Precision and Scale/HashMap Tables/ConstantHashMap' successfully

2020-06-05 13:43:15 - [TEST_STEP][PASSED] - println(ValueFound): null

2020-06-05 13:43:15 - [TEST_STEP][PASSED] - sendKeys(NewInputNmField, Keys.chord(ARROW_DOWN)): Keys 'DOWN + ' sent to object: 'Object Repository/Objects.HighlightElements/input_field_index'

2020-06-05 13:43:15 - [MESSAGE][PASSED] - Keys 'DOWN + ' sent to object: 'Object Repository/Objects.HighlightElements/input_field_index'

2020-06-05 13:43:15 - [TEST_STEP][PASSED] - sendKeys(NewInputNmField, Keys.chord(ENTER)): Keys 'ENTER + ' sent to object: 'Object Repository/Objects.HighlightElements/input_field_index'

2020-06-05 13:43:15 - [MESSAGE][PASSED] - Keys 'ENTER + ' sent to object: 'Object Repository/Objects.HighlightElements/input_field_index'

2020-06-05 13:43:15 - [MESSAGE][PASSED] - Call Test Case 'Test Cases/PFI Precision and Scale/PFI Components with Indexing/VerifyDropdownValuesXPI' successfully

2020-06-05 13:43:15 - [TEST_STEP][PASSED] - callTestCase(findTestCase("Components/SelectAllThenDeleteXPI"), ["nameToBeUsed":"submInd_1", "index":"1"], STOP_ON_FAILURE): Call Test Case 'Test Cases/Components/SelectAllThenDeleteXPI' successfully

2020-06-05 13:43:15 - [TEST_CASE][PASSED] - Test Cases/Components/SelectAllThenDeleteXPI: Test Cases/Components/SelectAllThenDeleteXPI

2020-06-05 13:43:15 - [TEST_STEP][PASSED] - Thread.sleep(1000): null

2020-06-05 13:43:16 - [TEST_STEP][PASSED] - modifiedObj = modifyObjectProperty(findTestObject("Object Repository/Objects.HighlightElements/input_field_index"), "xpath", "equals", "(//*[contains(@name,'" + nameToBeUsed + "')])[" + index + "]", true): Modify property of object successfully

2020-06-05 13:43:16 - [MESSAGE][PASSED] - Modify property of object successfully

2020-06-05 13:43:16 - [TEST_STEP][PASSED] - focus(modifiedObj): Object: 'Object Repository/Objects.HighlightElements/input_field_index' is focused

2020-06-05 13:43:16 - [MESSAGE][PASSED] - Object: 'Object Repository/Objects.HighlightElements/input_field_index' is focused

2020-06-05 13:43:16 - [TEST_STEP][PASSED] - sendKeys(modifiedObj, Keys.chord(CONTROL, "a")): Keys 'CONTROL + a' sent to object: 'Object Repository/Objects.HighlightElements/input_field_index'

2020-06-05 13:43:16 - [MESSAGE][PASSED] - Keys 'CONTROL + a' sent to object: 'Object Repository/Objects.HighlightElements/input_field_index'

2020-06-05 13:43:16 - [TEST_STEP][PASSED] - sendKeys(modifiedObj, Keys.chord(DELETE)): Keys 'DELETE + ' sent to object: 'Object Repository/Objects.HighlightElements/input_field_index'

2020-06-05 13:43:16 - [MESSAGE][PASSED] - Keys 'DELETE + ' sent to object: 'Object Repository/Objects.HighlightElements/input_field_index'

2020-06-05 13:43:16 - [MESSAGE][PASSED] - Call Test Case 'Test Cases/Components/SelectAllThenDeleteXPI' successfully

2020-06-05 13:43:16 - [TEST_STEP][PASSED] - callTestCase(findTestCase("PFI Precision and Scale/PFI Components with Indexing/RequiredFieldValidationXPI"), ["nameToBeUsed":"submInd_1", "index":1], STOP_ON_FAILURE): Call Test Case 'Test Cases/PFI Precision and Scale/PFI Components with Indexing/RequiredFieldValidationXPI' successfully

2020-06-05 13:43:16 - [TEST_CASE][PASSED] - Test Cases/PFI Precision and Scale/PFI Components with Indexing/RequiredFieldValidationXPI: Test Cases/PFI Precision and Scale/PFI Components with Indexing/RequiredFieldValidationXPI

2020-06-05 13:43:16 - [TEST_STEP][PASSED] - enableSmartWait(): null

2020-06-05 13:43:16 - [TEST_STEP][PASSED] - NewInputNmField = modifyObjectProperty(findTestObject("Objects.HighlightElements/input_field_index"), "xpath", "equals", "(//*[contains(@name,'" + nameToBeUsed + "')])[" + index + "]", true): Modify property of object successfully

2020-06-05 13:43:16 - [MESSAGE][PASSED] - Modify property of object successfully

2020-06-05 13:43:16 - [TEST_STEP][PASSED] - mouseOver(NewInputNmField): Object: 'Object Repository/Objects.HighlightElements/input_field_index' is hovered

2020-06-05 13:43:17 - [MESSAGE][PASSED] - Object: 'Object Repository/Objects.HighlightElements/input_field_index' is hovered

2020-06-05 13:43:17 - [TEST_STEP][PASSED] - getRqErrMsg = getAttribute(NewInputNmField, "data-errorqtip"): Attribute 'data-errorqtip' of object 'Object Repository/Objects.HighlightElements/input_field_index' is: '<ul class="x-list-plain"><li>This field is required</li></ul>'

2020-06-05 13:43:17 - [MESSAGE][PASSED] - Attribute 'data-errorqtip' of object 'Object Repository/Objects.HighlightElements/input_field_index' is: '<ul class="x-list-plain"><li>This field is required</li></ul>'

2020-06-05 13:43:17 - [TEST_STEP][PASSED] - strToolTip = getRqErrMsg.substring(29, 61): null

2020-06-05 13:43:17 - [TEST_STEP][PASSED] - toolTipReqErrMsg = strToolTip.substring(0, 22): null

2020-06-05 13:43:17 - [TEST_STEP][PASSED] - verifyMatch(toolTipReqErrMsg, RqField, true): Actual text 'This field is required' and expected text 'This field is required' are matched  using regular expression

2020-06-05 13:43:17 - [MESSAGE][PASSED] - Actual text 'This field is required' and expected text 'This field is required' are matched  using regular expression

2020-06-05 13:43:17 - [MESSAGE][PASSED] - Call Test Case 'Test Cases/PFI Precision and Scale/PFI Components with Indexing/RequiredFieldValidationXPI' successfully

2020-06-05 13:43:17 - [TEST_STEP][PASSED] - callTestCase(findTestCase("Components/HighlightInputFieldXPI"), ["FldNm":"submInd_2", "index":1], STOP_ON_FAILURE): Call Test Case 'Test Cases/Components/HighlightInputFieldXPI' successfully

2020-06-05 13:43:17 - [TEST_CASE][PASSED] - Test Cases/Components/HighlightInputFieldXPI: Test Cases/Components/HighlightInputFieldXPI

2020-06-05 13:43:17 - [TEST_STEP][PASSED] - Thread.sleep(1000): null

2020-06-05 13:43:18 - [TEST_STEP][PASSED] - modifiedInputNm = modifyObjectProperty(findTestObject("Object Repository/Objects.HighlightElements/input_field_index"), "xpath", "equals", "(//*[contains(@name, '" + FldNm + "')])[" + index + "]", true): Modify property of object successfully

2020-06-05 13:43:18 - [MESSAGE][PASSED] - Modify property of object successfully

2020-06-05 13:43:18 - [TEST_STEP][PASSED] - com.reusableComponents.HighlightElement.run(modifiedInputNm): com.reusableComponents.HighlightElement.run is PASSED

2020-06-05 13:43:18 - [MESSAGE][PASSED] - com.reusableComponents.HighlightElement.run is PASSED

2020-06-05 13:43:18 - [MESSAGE][PASSED] - Call Test Case 'Test Cases/Components/HighlightInputFieldXPI' successfully

2020-06-05 13:43:18 - [TEST_STEP][PASSED] - callTestCase(findTestCase("PFI Precision and Scale/PFI Components with Indexing/VerifyDropdownValuesXPI"), ["FldNm":"submInd_2", "index":1, "CallTCName":"PFI Precision and Scale/HashMap Tables/ConstantHashMap", "cmbNm":"PresINd", ... ], STOP_ON_FAILURE): Call Test Case 'Test Cases/PFI Precision and Scale/PFI Components with Indexing/VerifyDropdownValuesXPI' successfully

2020-06-05 13:43:18 - [TEST_CASE][PASSED] - Test Cases/PFI Precision and Scale/PFI Components with Indexing/VerifyDropdownValuesXPI: Test Cases/PFI Precision and Scale/PFI Components with Indexing/VerifyDropdownValuesXPI

2020-06-05 13:43:18 - [TEST_STEP][PASSED] - Thread.sleep(1000): null

2020-06-05 13:43:19 - [TEST_STEP][PASSED] - NewInputNmField = modifyObjectProperty(findTestObject("Object Repository/Objects.HighlightElements/input_field_index"), "xpath", "equals", "(//*[contains(@name, '" + FldNm + "')])[" + index + "]", true): Modify property of object successfully

2020-06-05 13:43:19 - [MESSAGE][PASSED] - Modify property of object successfully

2020-06-05 13:43:19 - [TEST_STEP][PASSED] - comboNm = cmbNm: null

2020-06-05 13:43:19 - [TEST_STEP][PASSED] - focus(NewInputNmField): Object: 'Object Repository/Objects.HighlightElements/input_field_index' is focused

2020-06-05 13:43:19 - [MESSAGE][PASSED] - Object: 'Object Repository/Objects.HighlightElements/input_field_index' is focused

2020-06-05 13:43:19 - [TEST_STEP][PASSED] - setText(NewInputNmField, EnterValue): Text '' is set on object 'Object Repository/Objects.HighlightElements/input_field_index'

2020-06-05 13:43:19 - [MESSAGE][PASSED] - Text '' is set on object 'Object Repository/Objects.HighlightElements/input_field_index'

2020-06-05 13:43:19 - [TEST_STEP][PASSED] - for ([i = 1, i <= NoOfVal, (i++)]): Keys 'DOWN + ' sent to object: 'Object Repository/Objects.HighlightElements/input_field_index'

2020-06-05 13:43:19 - [TEST_STEP][PASSED] - sendKeys(NewInputNmField, Keys.chord(ARROW_DOWN)): Keys 'DOWN + ' sent to object: 'Object Repository/Objects.HighlightElements/input_field_index'

2020-06-05 13:43:19 - [MESSAGE][PASSED] - Keys 'DOWN + ' sent to object: 'Object Repository/Objects.HighlightElements/input_field_index'

2020-06-05 13:43:19 - [TEST_STEP][PASSED] - delay(DelayTime): Delayed 2 second(s)

2020-06-05 13:43:21 - [MESSAGE][PASSED] - Delayed 2 second(s)

2020-06-05 13:43:21 - [TEST_STEP][PASSED] - sendKeys(NewInputNmField, Keys.chord(ENTER)): Keys 'ENTER + ' sent to object: 'Object Repository/Objects.HighlightElements/input_field_index'

2020-06-05 13:43:21 - [MESSAGE][PASSED] - Keys 'ENTER + ' sent to object: 'Object Repository/Objects.HighlightElements/input_field_index'

2020-06-05 13:43:21 - [TEST_STEP][PASSED] - ComboBoxValue = getAttribute(NewInputNmField, "value"): Attribute 'value' of object 'Object Repository/Objects.HighlightElements/input_field_index' is: 'Yes'

2020-06-05 13:43:22 - [MESSAGE][PASSED] - Attribute 'value' of object 'Object Repository/Objects.HighlightElements/input_field_index' is: 'Yes'

2020-06-05 13:43:22 - [TEST_STEP][PASSED] - callTestCase(findTestCase(CallTCName), ["FindValue":ComboBoxValue, "DropdownNm":comboNm], STOP_ON_FAILURE): Call Test Case 'Test Cases/PFI Precision and Scale/HashMap Tables/ConstantHashMap' successfully

2020-06-05 13:43:22 - [TEST_CASE][PASSED] - Test Cases/PFI Precision and Scale/HashMap Tables/ConstantHashMap: Test Cases/PFI Precision and Scale/HashMap Tables/ConstantHashMap

2020-06-05 13:43:22 - [TEST_STEP][PASSED] - ConstantTBL = [1:["PeriodType":"Working Day(s)"], 2:["PeriodType":"Calendar Day(s)"], 3:["PeriodType":"Month(s)"], 4:["TypeOfLetter":"T1"], ... ]: null

2020-06-05 13:43:22 - [TEST_STEP][PASSED] - switch (DropdownNm): null

2020-06-05 13:43:22 - [TEST_STEP][PASSED] - case "PresINd":: null

2020-06-05 13:43:22 - [TEST_STEP][PASSED] - ValueFound = ConstantTBL.find({ -> ... }): null

2020-06-05 13:43:22 - [TEST_STEP][PASSED] - break: null

2020-06-05 13:43:22 - [MESSAGE][PASSED] - Call Test Case 'Test Cases/PFI Precision and Scale/HashMap Tables/ConstantHashMap' successfully

2020-06-05 13:43:22 - [TEST_STEP][PASSED] - println(ValueFound): null

2020-06-05 13:43:22 - [TEST_STEP][PASSED] - sendKeys(NewInputNmField, Keys.chord(ARROW_DOWN)): Keys 'DOWN + ' sent to object: 'Object Repository/Objects.HighlightElements/input_field_index'

2020-06-05 13:43:22 - [MESSAGE][PASSED] - Keys 'DOWN + ' sent to object: 'Object Repository/Objects.HighlightElements/input_field_index'

2020-06-05 13:43:22 - [TEST_STEP][PASSED] - sendKeys(NewInputNmField, Keys.chord(ARROW_DOWN)): Keys 'DOWN + ' sent to object: 'Object Repository/Objects.HighlightElements/input_field_index'

2020-06-05 13:43:22 - [MESSAGE][PASSED] - Keys 'DOWN + ' sent to object: 'Object Repository/Objects.HighlightElements/input_field_index'

2020-06-05 13:43:22 - [TEST_STEP][PASSED] - delay(DelayTime): Delayed 2 second(s)

2020-06-05 13:43:24 - [MESSAGE][PASSED] - Delayed 2 second(s)

2020-06-05 13:43:24 - [TEST_STEP][PASSED] - sendKeys(NewInputNmField, Keys.chord(ENTER)): Keys 'ENTER + ' sent to object: 'Object Repository/Objects.HighlightElements/input_field_index'

2020-06-05 13:43:24 - [MESSAGE][PASSED] - Keys 'ENTER + ' sent to object: 'Object Repository/Objects.HighlightElements/input_field_index'

2020-06-05 13:43:24 - [TEST_STEP][PASSED] - ComboBoxValue = getAttribute(NewInputNmField, "value"): Attribute 'value' of object 'Object Repository/Objects.HighlightElements/input_field_index' is: 'No'

2020-06-05 13:43:24 - [MESSAGE][PASSED] - Attribute 'value' of object 'Object Repository/Objects.HighlightElements/input_field_index' is: 'No'

2020-06-05 13:43:24 - [TEST_STEP][PASSED] - callTestCase(findTestCase(CallTCName), ["FindValue":ComboBoxValue, "DropdownNm":comboNm], STOP_ON_FAILURE): Call Test Case 'Test Cases/PFI Precision and Scale/HashMap Tables/ConstantHashMap' successfully

2020-06-05 13:43:24 - [TEST_CASE][PASSED] - Test Cases/PFI Precision and Scale/HashMap Tables/ConstantHashMap: Test Cases/PFI Precision and Scale/HashMap Tables/ConstantHashMap

2020-06-05 13:43:24 - [TEST_STEP][PASSED] - ConstantTBL = [1:["PeriodType":"Working Day(s)"], 2:["PeriodType":"Calendar Day(s)"], 3:["PeriodType":"Month(s)"], 4:["TypeOfLetter":"T1"], ... ]: null

2020-06-05 13:43:24 - [TEST_STEP][PASSED] - switch (DropdownNm): null

2020-06-05 13:43:24 - [TEST_STEP][PASSED] - case "PresINd":: null

2020-06-05 13:43:24 - [TEST_STEP][PASSED] - ValueFound = ConstantTBL.find({ -> ... }): null

2020-06-05 13:43:24 - [TEST_STEP][PASSED] - break: null

2020-06-05 13:43:24 - [MESSAGE][PASSED] - Call Test Case 'Test Cases/PFI Precision and Scale/HashMap Tables/ConstantHashMap' successfully

2020-06-05 13:43:24 - [TEST_STEP][PASSED] - println(ValueFound): null

2020-06-05 13:43:24 - [TEST_STEP][PASSED] - sendKeys(NewInputNmField, Keys.chord(ARROW_DOWN)): Keys 'DOWN + ' sent to object: 'Object Repository/Objects.HighlightElements/input_field_index'

2020-06-05 13:43:24 - [MESSAGE][PASSED] - Keys 'DOWN + ' sent to object: 'Object Repository/Objects.HighlightElements/input_field_index'

2020-06-05 13:43:24 - [TEST_STEP][PASSED] - sendKeys(NewInputNmField, Keys.chord(ENTER)): Keys 'ENTER + ' sent to object: 'Object Repository/Objects.HighlightElements/input_field_index'

2020-06-05 13:43:24 - [MESSAGE][PASSED] - Keys 'ENTER + ' sent to object: 'Object Repository/Objects.HighlightElements/input_field_index'

2020-06-05 13:43:24 - [MESSAGE][PASSED] - Call Test Case 'Test Cases/PFI Precision and Scale/PFI Components with Indexing/VerifyDropdownValuesXPI' successfully

2020-06-05 13:43:24 - [TEST_STEP][PASSED] - callTestCase(findTestCase("Components/SelectAllThenDeleteXPI"), ["nameToBeUsed":"submInd_2", "index":1], STOP_ON_FAILURE): Call Test Case 'Test Cases/Components/SelectAllThenDeleteXPI' successfully

2020-06-05 13:43:24 - [TEST_CASE][PASSED] - Test Cases/Components/SelectAllThenDeleteXPI: Test Cases/Components/SelectAllThenDeleteXPI

2020-06-05 13:43:24 - [TEST_STEP][PASSED] - Thread.sleep(1000): null

2020-06-05 13:43:25 - [TEST_STEP][PASSED] - modifiedObj = modifyObjectProperty(findTestObject("Object Repository/Objects.HighlightElements/input_field_index"), "xpath", "equals", "(//*[contains(@name,'" + nameToBeUsed + "')])[" + index + "]", true): Modify property of object successfully

2020-06-05 13:43:25 - [MESSAGE][PASSED] - Modify property of object successfully

2020-06-05 13:43:25 - [TEST_STEP][PASSED] - focus(modifiedObj): Object: 'Object Repository/Objects.HighlightElements/input_field_index' is focused

2020-06-05 13:43:25 - [MESSAGE][PASSED] - Object: 'Object Repository/Objects.HighlightElements/input_field_index' is focused

2020-06-05 13:43:25 - [TEST_STEP][PASSED] - sendKeys(modifiedObj, Keys.chord(CONTROL, "a")): Keys 'CONTROL + a' sent to object: 'Object Repository/Objects.HighlightElements/input_field_index'

2020-06-05 13:43:25 - [MESSAGE][PASSED] - Keys 'CONTROL + a' sent to object: 'Object Repository/Objects.HighlightElements/input_field_index'

2020-06-05 13:43:25 - [TEST_STEP][PASSED] - sendKeys(modifiedObj, Keys.chord(DELETE)): Keys 'DELETE + ' sent to object: 'Object Repository/Objects.HighlightElements/input_field_index'

2020-06-05 13:43:25 - [MESSAGE][PASSED] - Keys 'DELETE + ' sent to object: 'Object Repository/Objects.HighlightElements/input_field_index'

2020-06-05 13:43:25 - [MESSAGE][PASSED] - Call Test Case 'Test Cases/Components/SelectAllThenDeleteXPI' successfully

2020-06-05 13:43:25 - [TEST_STEP][PASSED] - callTestCase(findTestCase("PFI Precision and Scale/PFI Components with Indexing/RequiredFieldValidationXPI"), ["nameToBeUsed":"submInd_2", "index":1], STOP_ON_FAILURE): Call Test Case 'Test Cases/PFI Precision and Scale/PFI Components with Indexing/RequiredFieldValidationXPI' successfully

2020-06-05 13:43:25 - [TEST_CASE][PASSED] - Test Cases/PFI Precision and Scale/PFI Components with Indexing/RequiredFieldValidationXPI: Test Cases/PFI Precision and Scale/PFI Components with Indexing/RequiredFieldValidationXPI

2020-06-05 13:43:25 - [TEST_STEP][PASSED] - enableSmartWait(): null

2020-06-05 13:43:25 - [TEST_STEP][PASSED] - NewInputNmField = modifyObjectProperty(findTestObject("Objects.HighlightElements/input_field_index"), "xpath", "equals", "(//*[contains(@name,'" + nameToBeUsed + "')])[" + index + "]", true): Modify property of object successfully

2020-06-05 13:43:25 - [MESSAGE][PASSED] - Modify property of object successfully

2020-06-05 13:43:25 - [TEST_STEP][PASSED] - mouseOver(NewInputNmField): Object: 'Object Repository/Objects.HighlightElements/input_field_index' is hovered

2020-06-05 13:43:25 - [MESSAGE][PASSED] - Object: 'Object Repository/Objects.HighlightElements/input_field_index' is hovered

2020-06-05 13:43:25 - [TEST_STEP][PASSED] - getRqErrMsg = getAttribute(NewInputNmField, "data-errorqtip"): Attribute 'data-errorqtip' of object 'Object Repository/Objects.HighlightElements/input_field_index' is: '<ul class="x-list-plain"><li>This field is required</li></ul>'

2020-06-05 13:43:25 - [MESSAGE][PASSED] - Attribute 'data-errorqtip' of object 'Object Repository/Objects.HighlightElements/input_field_index' is: '<ul class="x-list-plain"><li>This field is required</li></ul>'

2020-06-05 13:43:25 - [TEST_STEP][PASSED] - strToolTip = getRqErrMsg.substring(29, 61): null

2020-06-05 13:43:25 - [TEST_STEP][PASSED] - toolTipReqErrMsg = strToolTip.substring(0, 22): null

2020-06-05 13:43:25 - [TEST_STEP][PASSED] - verifyMatch(toolTipReqErrMsg, RqField, true): Actual text 'This field is required' and expected text 'This field is required' are matched  using regular expression

2020-06-05 13:43:25 - [MESSAGE][PASSED] - Actual text 'This field is required' and expected text 'This field is required' are matched  using regular expression

2020-06-05 13:43:25 - [MESSAGE][PASSED] - Call Test Case 'Test Cases/PFI Precision and Scale/PFI Components with Indexing/RequiredFieldValidationXPI' successfully

2020-06-05 13:43:25 - [TEST_STEP][PASSED] - callTestCase(findTestCase("Components/HighlightInputFieldXPI"), ["FldNm":"submInd_3", "index":1], STOP_ON_FAILURE): Call Test Case 'Test Cases/Components/HighlightInputFieldXPI' successfully

2020-06-05 13:43:26 - [TEST_CASE][PASSED] - Test Cases/Components/HighlightInputFieldXPI: Test Cases/Components/HighlightInputFieldXPI

2020-06-05 13:43:26 - [TEST_STEP][PASSED] - Thread.sleep(1000): null

2020-06-05 13:43:27 - [TEST_STEP][PASSED] - modifiedInputNm = modifyObjectProperty(findTestObject("Object Repository/Objects.HighlightElements/input_field_index"), "xpath", "equals", "(//*[contains(@name, '" + FldNm + "')])[" + index + "]", true): Modify property of object successfully

2020-06-05 13:43:27 - [MESSAGE][PASSED] - Modify property of object successfully

2020-06-05 13:43:27 - [TEST_STEP][PASSED] - com.reusableComponents.HighlightElement.run(modifiedInputNm): com.reusableComponents.HighlightElement.run is PASSED

2020-06-05 13:43:27 - [MESSAGE][PASSED] - com.reusableComponents.HighlightElement.run is PASSED

2020-06-05 13:43:27 - [MESSAGE][PASSED] - Call Test Case 'Test Cases/Components/HighlightInputFieldXPI' successfully

2020-06-05 13:43:27 - [TEST_STEP][PASSED] - callTestCase(findTestCase("PFI Precision and Scale/PFI Components with Indexing/VerifyDropdownValuesXPI"), ["FldNm":"submInd_3", "index":1, "CallTCName":"PFI Precision and Scale/HashMap Tables/ConstantHashMap", "cmbNm":"PresINd", ... ], STOP_ON_FAILURE): Call Test Case 'Test Cases/PFI Precision and Scale/PFI Components with Indexing/VerifyDropdownValuesXPI' successfully

2020-06-05 13:43:27 - [TEST_CASE][PASSED] - Test Cases/PFI Precision and Scale/PFI Components with Indexing/VerifyDropdownValuesXPI: Test Cases/PFI Precision and Scale/PFI Components with Indexing/VerifyDropdownValuesXPI

2020-06-05 13:43:27 - [TEST_STEP][PASSED] - Thread.sleep(1000): null

2020-06-05 13:43:28 - [TEST_STEP][PASSED] - NewInputNmField = modifyObjectProperty(findTestObject("Object Repository/Objects.HighlightElements/input_field_index"), "xpath", "equals", "(//*[contains(@name, '" + FldNm + "')])[" + index + "]", true): Modify property of object successfully

2020-06-05 13:43:28 - [MESSAGE][PASSED] - Modify property of object successfully

2020-06-05 13:43:28 - [TEST_STEP][PASSED] - comboNm = cmbNm: null

2020-06-05 13:43:28 - [TEST_STEP][PASSED] - focus(NewInputNmField): Object: 'Object Repository/Objects.HighlightElements/input_field_index' is focused

2020-06-05 13:43:28 - [MESSAGE][PASSED] - Object: 'Object Repository/Objects.HighlightElements/input_field_index' is focused

2020-06-05 13:43:28 - [TEST_STEP][PASSED] - setText(NewInputNmField, EnterValue): Text '' is set on object 'Object Repository/Objects.HighlightElements/input_field_index'

2020-06-05 13:43:28 - [MESSAGE][PASSED] - Text '' is set on object 'Object Repository/Objects.HighlightElements/input_field_index'

2020-06-05 13:43:28 - [TEST_STEP][PASSED] - for ([i = 1, i <= NoOfVal, (i++)]): Keys 'DOWN + ' sent to object: 'Object Repository/Objects.HighlightElements/input_field_index'

2020-06-05 13:43:28 - [TEST_STEP][PASSED] - sendKeys(NewInputNmField, Keys.chord(ARROW_DOWN)): Keys 'DOWN + ' sent to object: 'Object Repository/Objects.HighlightElements/input_field_index'

2020-06-05 13:43:28 - [MESSAGE][PASSED] - Keys 'DOWN + ' sent to object: 'Object Repository/Objects.HighlightElements/input_field_index'

2020-06-05 13:43:28 - [TEST_STEP][PASSED] - delay(DelayTime): Delayed 2 second(s)

2020-06-05 13:43:30 - [MESSAGE][PASSED] - Delayed 2 second(s)

2020-06-05 13:43:30 - [TEST_STEP][PASSED] - sendKeys(NewInputNmField, Keys.chord(ENTER)): Keys 'ENTER + ' sent to object: 'Object Repository/Objects.HighlightElements/input_field_index'

2020-06-05 13:43:30 - [MESSAGE][PASSED] - Keys 'ENTER + ' sent to object: 'Object Repository/Objects.HighlightElements/input_field_index'

2020-06-05 13:43:30 - [TEST_STEP][PASSED] - ComboBoxValue = getAttribute(NewInputNmField, "value"): Attribute 'value' of object 'Object Repository/Objects.HighlightElements/input_field_index' is: 'Yes'

2020-06-05 13:43:30 - [MESSAGE][PASSED] - Attribute 'value' of object 'Object Repository/Objects.HighlightElements/input_field_index' is: 'Yes'

2020-06-05 13:43:30 - [TEST_STEP][PASSED] - callTestCase(findTestCase(CallTCName), ["FindValue":ComboBoxValue, "DropdownNm":comboNm], STOP_ON_FAILURE): Call Test Case 'Test Cases/PFI Precision and Scale/HashMap Tables/ConstantHashMap' successfully

2020-06-05 13:43:31 - [TEST_CASE][PASSED] - Test Cases/PFI Precision and Scale/HashMap Tables/ConstantHashMap: Test Cases/PFI Precision and Scale/HashMap Tables/ConstantHashMap

2020-06-05 13:43:31 - [TEST_STEP][PASSED] - ConstantTBL = [1:["PeriodType":"Working Day(s)"], 2:["PeriodType":"Calendar Day(s)"], 3:["PeriodType":"Month(s)"], 4:["TypeOfLetter":"T1"], ... ]: null

2020-06-05 13:43:31 - [TEST_STEP][PASSED] - switch (DropdownNm): null

2020-06-05 13:43:31 - [TEST_STEP][PASSED] - case "PresINd":: null

2020-06-05 13:43:31 - [TEST_STEP][PASSED] - ValueFound = ConstantTBL.find({ -> ... }): null

2020-06-05 13:43:31 - [TEST_STEP][PASSED] - break: null

2020-06-05 13:43:31 - [MESSAGE][PASSED] - Call Test Case 'Test Cases/PFI Precision and Scale/HashMap Tables/ConstantHashMap' successfully

2020-06-05 13:43:31 - [TEST_STEP][PASSED] - println(ValueFound): null

2020-06-05 13:43:31 - [TEST_STEP][PASSED] - sendKeys(NewInputNmField, Keys.chord(ARROW_DOWN)): Keys 'DOWN + ' sent to object: 'Object Repository/Objects.HighlightElements/input_field_index'

2020-06-05 13:43:31 - [MESSAGE][PASSED] - Keys 'DOWN + ' sent to object: 'Object Repository/Objects.HighlightElements/input_field_index'

2020-06-05 13:43:31 - [TEST_STEP][PASSED] - sendKeys(NewInputNmField, Keys.chord(ARROW_DOWN)): Keys 'DOWN + ' sent to object: 'Object Repository/Objects.HighlightElements/input_field_index'

2020-06-05 13:43:31 - [MESSAGE][PASSED] - Keys 'DOWN + ' sent to object: 'Object Repository/Objects.HighlightElements/input_field_index'

2020-06-05 13:43:31 - [TEST_STEP][PASSED] - delay(DelayTime): Delayed 2 second(s)

2020-06-05 13:43:33 - [MESSAGE][PASSED] - Delayed 2 second(s)

2020-06-05 13:43:33 - [TEST_STEP][PASSED] - sendKeys(NewInputNmField, Keys.chord(ENTER)): Keys 'ENTER + ' sent to object: 'Object Repository/Objects.HighlightElements/input_field_index'

2020-06-05 13:43:33 - [MESSAGE][PASSED] - Keys 'ENTER + ' sent to object: 'Object Repository/Objects.HighlightElements/input_field_index'

2020-06-05 13:43:33 - [TEST_STEP][PASSED] - ComboBoxValue = getAttribute(NewInputNmField, "value"): Attribute 'value' of object 'Object Repository/Objects.HighlightElements/input_field_index' is: 'No'

2020-06-05 13:43:33 - [MESSAGE][PASSED] - Attribute 'value' of object 'Object Repository/Objects.HighlightElements/input_field_index' is: 'No'

2020-06-05 13:43:33 - [TEST_STEP][PASSED] - callTestCase(findTestCase(CallTCName), ["FindValue":ComboBoxValue, "DropdownNm":comboNm], STOP_ON_FAILURE): Call Test Case 'Test Cases/PFI Precision and Scale/HashMap Tables/ConstantHashMap' successfully

2020-06-05 13:43:33 - [TEST_CASE][PASSED] - Test Cases/PFI Precision and Scale/HashMap Tables/ConstantHashMap: Test Cases/PFI Precision and Scale/HashMap Tables/ConstantHashMap

2020-06-05 13:43:33 - [TEST_STEP][PASSED] - ConstantTBL = [1:["PeriodType":"Working Day(s)"], 2:["PeriodType":"Calendar Day(s)"], 3:["PeriodType":"Month(s)"], 4:["TypeOfLetter":"T1"], ... ]: null

2020-06-05 13:43:33 - [TEST_STEP][PASSED] - switch (DropdownNm): null

2020-06-05 13:43:33 - [TEST_STEP][PASSED] - case "PresINd":: null

2020-06-05 13:43:33 - [TEST_STEP][PASSED] - ValueFound = ConstantTBL.find({ -> ... }): null

2020-06-05 13:43:33 - [TEST_STEP][PASSED] - break: null

2020-06-05 13:43:33 - [MESSAGE][PASSED] - Call Test Case 'Test Cases/PFI Precision and Scale/HashMap Tables/ConstantHashMap' successfully

2020-06-05 13:43:33 - [TEST_STEP][PASSED] - println(ValueFound): null

2020-06-05 13:43:33 - [TEST_STEP][PASSED] - sendKeys(NewInputNmField, Keys.chord(ARROW_DOWN)): Keys 'DOWN + ' sent to object: 'Object Repository/Objects.HighlightElements/input_field_index'

2020-06-05 13:43:33 - [MESSAGE][PASSED] - Keys 'DOWN + ' sent to object: 'Object Repository/Objects.HighlightElements/input_field_index'

2020-06-05 13:43:33 - [TEST_STEP][PASSED] - sendKeys(NewInputNmField, Keys.chord(ENTER)): Keys 'ENTER + ' sent to object: 'Object Repository/Objects.HighlightElements/input_field_index'

2020-06-05 13:43:33 - [MESSAGE][PASSED] - Keys 'ENTER + ' sent to object: 'Object Repository/Objects.HighlightElements/input_field_index'

2020-06-05 13:43:33 - [MESSAGE][PASSED] - Call Test Case 'Test Cases/PFI Precision and Scale/PFI Components with Indexing/VerifyDropdownValuesXPI' successfully

2020-06-05 13:43:33 - [TEST_STEP][PASSED] - callTestCase(findTestCase("Components/SelectAllThenDeleteXPI"), ["nameToBeUsed":"submInd_3", "index":"1"], STOP_ON_FAILURE): Call Test Case 'Test Cases/Components/SelectAllThenDeleteXPI' successfully

2020-06-05 13:43:33 - [TEST_CASE][PASSED] - Test Cases/Components/SelectAllThenDeleteXPI: Test Cases/Components/SelectAllThenDeleteXPI

2020-06-05 13:43:33 - [TEST_STEP][PASSED] - Thread.sleep(1000): null

2020-06-05 13:43:34 - [TEST_STEP][PASSED] - modifiedObj = modifyObjectProperty(findTestObject("Object Repository/Objects.HighlightElements/input_field_index"), "xpath", "equals", "(//*[contains(@name,'" + nameToBeUsed + "')])[" + index + "]", true): Modify property of object successfully

2020-06-05 13:43:34 - [MESSAGE][PASSED] - Modify property of object successfully

2020-06-05 13:43:34 - [TEST_STEP][PASSED] - focus(modifiedObj): Object: 'Object Repository/Objects.HighlightElements/input_field_index' is focused

2020-06-05 13:43:34 - [MESSAGE][PASSED] - Object: 'Object Repository/Objects.HighlightElements/input_field_index' is focused

2020-06-05 13:43:34 - [TEST_STEP][PASSED] - sendKeys(modifiedObj, Keys.chord(CONTROL, "a")): Keys 'CONTROL + a' sent to object: 'Object Repository/Objects.HighlightElements/input_field_index'

2020-06-05 13:43:34 - [MESSAGE][PASSED] - Keys 'CONTROL + a' sent to object: 'Object Repository/Objects.HighlightElements/input_field_index'

2020-06-05 13:43:34 - [TEST_STEP][PASSED] - sendKeys(modifiedObj, Keys.chord(DELETE)): Keys 'DELETE + ' sent to object: 'Object Repository/Objects.HighlightElements/input_field_index'

2020-06-05 13:43:34 - [MESSAGE][PASSED] - Keys 'DELETE + ' sent to object: 'Object Repository/Objects.HighlightElements/input_field_index'

2020-06-05 13:43:34 - [MESSAGE][PASSED] - Call Test Case 'Test Cases/Components/SelectAllThenDeleteXPI' successfully

2020-06-05 13:43:34 - [TEST_STEP][PASSED] - callTestCase(findTestCase("PFI Precision and Scale/PFI Components with Indexing/RequiredFieldValidationXPI"), ["nameToBeUsed":"submInd_3", "index":1], STOP_ON_FAILURE): Call Test Case 'Test Cases/PFI Precision and Scale/PFI Components with Indexing/RequiredFieldValidationXPI' successfully

2020-06-05 13:43:34 - [TEST_CASE][PASSED] - Test Cases/PFI Precision and Scale/PFI Components with Indexing/RequiredFieldValidationXPI: Test Cases/PFI Precision and Scale/PFI Components with Indexing/RequiredFieldValidationXPI

2020-06-05 13:43:34 - [TEST_STEP][PASSED] - enableSmartWait(): null

2020-06-05 13:43:34 - [TEST_STEP][PASSED] - NewInputNmField = modifyObjectProperty(findTestObject("Objects.HighlightElements/input_field_index"), "xpath", "equals", "(//*[contains(@name,'" + nameToBeUsed + "')])[" + index + "]", true): Modify property of object successfully

2020-06-05 13:43:34 - [MESSAGE][PASSED] - Modify property of object successfully

2020-06-05 13:43:34 - [TEST_STEP][PASSED] - mouseOver(NewInputNmField): Object: 'Object Repository/Objects.HighlightElements/input_field_index' is hovered

2020-06-05 13:43:34 - [MESSAGE][PASSED] - Object: 'Object Repository/Objects.HighlightElements/input_field_index' is hovered

2020-06-05 13:43:34 - [TEST_STEP][PASSED] - getRqErrMsg = getAttribute(NewInputNmField, "data-errorqtip"): Attribute 'data-errorqtip' of object 'Object Repository/Objects.HighlightElements/input_field_index' is: '<ul class="x-list-plain"><li>This field is required</li></ul>'

2020-06-05 13:43:35 - [MESSAGE][PASSED] - Attribute 'data-errorqtip' of object 'Object Repository/Objects.HighlightElements/input_field_index' is: '<ul class="x-list-plain"><li>This field is required</li></ul>'

2020-06-05 13:43:35 - [TEST_STEP][PASSED] - strToolTip = getRqErrMsg.substring(29, 61): null

2020-06-05 13:43:35 - [TEST_STEP][PASSED] - toolTipReqErrMsg = strToolTip.substring(0, 22): null

2020-06-05 13:43:35 - [TEST_STEP][PASSED] - verifyMatch(toolTipReqErrMsg, RqField, true): Actual text 'This field is required' and expected text 'This field is required' are matched  using regular expression

2020-06-05 13:43:35 - [MESSAGE][PASSED] - Actual text 'This field is required' and expected text 'This field is required' are matched  using regular expression

2020-06-05 13:43:35 - [MESSAGE][PASSED] - Call Test Case 'Test Cases/PFI Precision and Scale/PFI Components with Indexing/RequiredFieldValidationXPI' successfully

2020-06-05 13:43:35 - [TEST_STEP][PASSED] - callTestCase(findTestCase("Components/HighlightInputFieldXPI"), ["FldNm":"submInd_4", "index":1], STOP_ON_FAILURE): Call Test Case 'Test Cases/Components/HighlightInputFieldXPI' successfully

2020-06-05 13:43:35 - [TEST_CASE][PASSED] - Test Cases/Components/HighlightInputFieldXPI: Test Cases/Components/HighlightInputFieldXPI

2020-06-05 13:43:35 - [TEST_STEP][PASSED] - Thread.sleep(1000): null

2020-06-05 13:43:36 - [TEST_STEP][PASSED] - modifiedInputNm = modifyObjectProperty(findTestObject("Object Repository/Objects.HighlightElements/input_field_index"), "xpath", "equals", "(//*[contains(@name, '" + FldNm + "')])[" + index + "]", true): Modify property of object successfully

2020-06-05 13:43:36 - [MESSAGE][PASSED] - Modify property of object successfully

2020-06-05 13:43:36 - [TEST_STEP][PASSED] - com.reusableComponents.HighlightElement.run(modifiedInputNm): com.reusableComponents.HighlightElement.run is PASSED

2020-06-05 13:43:36 - [MESSAGE][PASSED] - com.reusableComponents.HighlightElement.run is PASSED

2020-06-05 13:43:36 - [MESSAGE][PASSED] - Call Test Case 'Test Cases/Components/HighlightInputFieldXPI' successfully

2020-06-05 13:43:36 - [TEST_STEP][PASSED] - callTestCase(findTestCase("PFI Precision and Scale/PFI Components with Indexing/VerifyDropdownValuesXPI"), ["FldNm":"submInd_4", "index":1, "CallTCName":"PFI Precision and Scale/HashMap Tables/ConstantHashMap", "cmbNm":"PresINd", ... ], STOP_ON_FAILURE): Call Test Case 'Test Cases/PFI Precision and Scale/PFI Components with Indexing/VerifyDropdownValuesXPI' successfully

2020-06-05 13:43:36 - [TEST_CASE][PASSED] - Test Cases/PFI Precision and Scale/PFI Components with Indexing/VerifyDropdownValuesXPI: Test Cases/PFI Precision and Scale/PFI Components with Indexing/VerifyDropdownValuesXPI

2020-06-05 13:43:36 - [TEST_STEP][PASSED] - Thread.sleep(1000): null

2020-06-05 13:43:37 - [TEST_STEP][PASSED] - NewInputNmField = modifyObjectProperty(findTestObject("Object Repository/Objects.HighlightElements/input_field_index"), "xpath", "equals", "(//*[contains(@name, '" + FldNm + "')])[" + index + "]", true): Modify property of object successfully

2020-06-05 13:43:37 - [MESSAGE][PASSED] - Modify property of object successfully

2020-06-05 13:43:37 - [TEST_STEP][PASSED] - comboNm = cmbNm: null

2020-06-05 13:43:37 - [TEST_STEP][PASSED] - focus(NewInputNmField): Object: 'Object Repository/Objects.HighlightElements/input_field_index' is focused

2020-06-05 13:43:37 - [MESSAGE][PASSED] - Object: 'Object Repository/Objects.HighlightElements/input_field_index' is focused

2020-06-05 13:43:37 - [TEST_STEP][PASSED] - setText(NewInputNmField, EnterValue): Text '' is set on object 'Object Repository/Objects.HighlightElements/input_field_index'

2020-06-05 13:43:37 - [MESSAGE][PASSED] - Text '' is set on object 'Object Repository/Objects.HighlightElements/input_field_index'

2020-06-05 13:43:37 - [TEST_STEP][PASSED] - for ([i = 1, i <= NoOfVal, (i++)]): Keys 'DOWN + ' sent to object: 'Object Repository/Objects.HighlightElements/input_field_index'

2020-06-05 13:43:37 - [TEST_STEP][PASSED] - sendKeys(NewInputNmField, Keys.chord(ARROW_DOWN)): Keys 'DOWN + ' sent to object: 'Object Repository/Objects.HighlightElements/input_field_index'

2020-06-05 13:43:37 - [MESSAGE][PASSED] - Keys 'DOWN + ' sent to object: 'Object Repository/Objects.HighlightElements/input_field_index'

2020-06-05 13:43:37 - [TEST_STEP][PASSED] - delay(DelayTime): Delayed 2 second(s)

2020-06-05 13:43:39 - [MESSAGE][PASSED] - Delayed 2 second(s)

2020-06-05 13:43:39 - [TEST_STEP][PASSED] - sendKeys(NewInputNmField, Keys.chord(ENTER)): Keys 'ENTER + ' sent to object: 'Object Repository/Objects.HighlightElements/input_field_index'

2020-06-05 13:43:40 - [MESSAGE][PASSED] - Keys 'ENTER + ' sent to object: 'Object Repository/Objects.HighlightElements/input_field_index'

2020-06-05 13:43:40 - [TEST_STEP][PASSED] - ComboBoxValue = getAttribute(NewInputNmField, "value"): Attribute 'value' of object 'Object Repository/Objects.HighlightElements/input_field_index' is: 'Yes'

2020-06-05 13:43:40 - [MESSAGE][PASSED] - Attribute 'value' of object 'Object Repository/Objects.HighlightElements/input_field_index' is: 'Yes'

2020-06-05 13:43:40 - [TEST_STEP][PASSED] - callTestCase(findTestCase(CallTCName), ["FindValue":ComboBoxValue, "DropdownNm":comboNm], STOP_ON_FAILURE): Call Test Case 'Test Cases/PFI Precision and Scale/HashMap Tables/ConstantHashMap' successfully

2020-06-05 13:43:40 - [TEST_CASE][PASSED] - Test Cases/PFI Precision and Scale/HashMap Tables/ConstantHashMap: Test Cases/PFI Precision and Scale/HashMap Tables/ConstantHashMap

2020-06-05 13:43:40 - [TEST_STEP][PASSED] - ConstantTBL = [1:["PeriodType":"Working Day(s)"], 2:["PeriodType":"Calendar Day(s)"], 3:["PeriodType":"Month(s)"], 4:["TypeOfLetter":"T1"], ... ]: null

2020-06-05 13:43:40 - [TEST_STEP][PASSED] - switch (DropdownNm): null

2020-06-05 13:43:40 - [TEST_STEP][PASSED] - case "PresINd":: null

2020-06-05 13:43:40 - [TEST_STEP][PASSED] - ValueFound = ConstantTBL.find({ -> ... }): null

2020-06-05 13:43:40 - [TEST_STEP][PASSED] - break: null

2020-06-05 13:43:40 - [MESSAGE][PASSED] - Call Test Case 'Test Cases/PFI Precision and Scale/HashMap Tables/ConstantHashMap' successfully

2020-06-05 13:43:40 - [TEST_STEP][PASSED] - println(ValueFound): null

2020-06-05 13:43:40 - [TEST_STEP][PASSED] - sendKeys(NewInputNmField, Keys.chord(ARROW_DOWN)): Keys 'DOWN + ' sent to object: 'Object Repository/Objects.HighlightElements/input_field_index'

2020-06-05 13:43:40 - [MESSAGE][PASSED] - Keys 'DOWN + ' sent to object: 'Object Repository/Objects.HighlightElements/input_field_index'

2020-06-05 13:43:40 - [TEST_STEP][PASSED] - sendKeys(NewInputNmField, Keys.chord(ARROW_DOWN)): Keys 'DOWN + ' sent to object: 'Object Repository/Objects.HighlightElements/input_field_index'

2020-06-05 13:43:40 - [MESSAGE][PASSED] - Keys 'DOWN + ' sent to object: 'Object Repository/Objects.HighlightElements/input_field_index'

2020-06-05 13:43:40 - [TEST_STEP][PASSED] - delay(DelayTime): Delayed 2 second(s)

2020-06-05 13:43:42 - [MESSAGE][PASSED] - Delayed 2 second(s)

2020-06-05 13:43:42 - [TEST_STEP][PASSED] - sendKeys(NewInputNmField, Keys.chord(ENTER)): Keys 'ENTER + ' sent to object: 'Object Repository/Objects.HighlightElements/input_field_index'

2020-06-05 13:43:42 - [MESSAGE][PASSED] - Keys 'ENTER + ' sent to object: 'Object Repository/Objects.HighlightElements/input_field_index'

2020-06-05 13:43:42 - [TEST_STEP][PASSED] - ComboBoxValue = getAttribute(NewInputNmField, "value"): Attribute 'value' of object 'Object Repository/Objects.HighlightElements/input_field_index' is: 'No'

2020-06-05 13:43:42 - [MESSAGE][PASSED] - Attribute 'value' of object 'Object Repository/Objects.HighlightElements/input_field_index' is: 'No'

2020-06-05 13:43:42 - [TEST_STEP][PASSED] - callTestCase(findTestCase(CallTCName), ["FindValue":ComboBoxValue, "DropdownNm":comboNm], STOP_ON_FAILURE): Call Test Case 'Test Cases/PFI Precision and Scale/HashMap Tables/ConstantHashMap' successfully

2020-06-05 13:43:42 - [TEST_CASE][PASSED] - Test Cases/PFI Precision and Scale/HashMap Tables/ConstantHashMap: Test Cases/PFI Precision and Scale/HashMap Tables/ConstantHashMap

2020-06-05 13:43:42 - [TEST_STEP][PASSED] - ConstantTBL = [1:["PeriodType":"Working Day(s)"], 2:["PeriodType":"Calendar Day(s)"], 3:["PeriodType":"Month(s)"], 4:["TypeOfLetter":"T1"], ... ]: null

2020-06-05 13:43:42 - [TEST_STEP][PASSED] - switch (DropdownNm): null

2020-06-05 13:43:42 - [TEST_STEP][PASSED] - case "PresINd":: null

2020-06-05 13:43:42 - [TEST_STEP][PASSED] - ValueFound = ConstantTBL.find({ -> ... }): null

2020-06-05 13:43:42 - [TEST_STEP][PASSED] - break: null

2020-06-05 13:43:42 - [MESSAGE][PASSED] - Call Test Case 'Test Cases/PFI Precision and Scale/HashMap Tables/ConstantHashMap' successfully

2020-06-05 13:43:42 - [TEST_STEP][PASSED] - println(ValueFound): null

2020-06-05 13:43:42 - [TEST_STEP][PASSED] - sendKeys(NewInputNmField, Keys.chord(ARROW_DOWN)): Keys 'DOWN + ' sent to object: 'Object Repository/Objects.HighlightElements/input_field_index'

2020-06-05 13:43:42 - [MESSAGE][PASSED] - Keys 'DOWN + ' sent to object: 'Object Repository/Objects.HighlightElements/input_field_index'

2020-06-05 13:43:42 - [TEST_STEP][PASSED] - sendKeys(NewInputNmField, Keys.chord(ENTER)): Keys 'ENTER + ' sent to object: 'Object Repository/Objects.HighlightElements/input_field_index'

2020-06-05 13:43:42 - [MESSAGE][PASSED] - Keys 'ENTER + ' sent to object: 'Object Repository/Objects.HighlightElements/input_field_index'

2020-06-05 13:43:42 - [MESSAGE][PASSED] - Call Test Case 'Test Cases/PFI Precision and Scale/PFI Components with Indexing/VerifyDropdownValuesXPI' successfully

2020-06-05 13:43:42 - [TEST_STEP][PASSED] - callTestCase(findTestCase("Components/SelectAllThenDeleteXPI"), ["nameToBeUsed":"submInd_4", "index":"1"], STOP_ON_FAILURE): Call Test Case 'Test Cases/Components/SelectAllThenDeleteXPI' successfully

2020-06-05 13:43:42 - [TEST_CASE][PASSED] - Test Cases/Components/SelectAllThenDeleteXPI: Test Cases/Components/SelectAllThenDeleteXPI

2020-06-05 13:43:42 - [TEST_STEP][PASSED] - Thread.sleep(1000): null

2020-06-05 13:43:43 - [TEST_STEP][PASSED] - modifiedObj = modifyObjectProperty(findTestObject("Object Repository/Objects.HighlightElements/input_field_index"), "xpath", "equals", "(//*[contains(@name,'" + nameToBeUsed + "')])[" + index + "]", true): Modify property of object successfully

2020-06-05 13:43:43 - [MESSAGE][PASSED] - Modify property of object successfully

2020-06-05 13:43:43 - [TEST_STEP][PASSED] - focus(modifiedObj): Object: 'Object Repository/Objects.HighlightElements/input_field_index' is focused

2020-06-05 13:43:43 - [MESSAGE][PASSED] - Object: 'Object Repository/Objects.HighlightElements/input_field_index' is focused

2020-06-05 13:43:43 - [TEST_STEP][PASSED] - sendKeys(modifiedObj, Keys.chord(CONTROL, "a")): Keys 'CONTROL + a' sent to object: 'Object Repository/Objects.HighlightElements/input_field_index'

2020-06-05 13:43:43 - [MESSAGE][PASSED] - Keys 'CONTROL + a' sent to object: 'Object Repository/Objects.HighlightElements/input_field_index'

2020-06-05 13:43:43 - [TEST_STEP][PASSED] - sendKeys(modifiedObj, Keys.chord(DELETE)): Keys 'DELETE + ' sent to object: 'Object Repository/Objects.HighlightElements/input_field_index'

2020-06-05 13:43:43 - [MESSAGE][PASSED] - Keys 'DELETE + ' sent to object: 'Object Repository/Objects.HighlightElements/input_field_index'

2020-06-05 13:43:43 - [MESSAGE][PASSED] - Call Test Case 'Test Cases/Components/SelectAllThenDeleteXPI' successfully

2020-06-05 13:43:43 - [TEST_STEP][PASSED] - callTestCase(findTestCase("PFI Precision and Scale/PFI Components with Indexing/RequiredFieldValidationXPI"), ["nameToBeUsed":"submInd_4", "index":1], STOP_ON_FAILURE): Call Test Case 'Test Cases/PFI Precision and Scale/PFI Components with Indexing/RequiredFieldValidationXPI' successfully

2020-06-05 13:43:43 - [TEST_CASE][PASSED] - Test Cases/PFI Precision and Scale/PFI Components with Indexing/RequiredFieldValidationXPI: Test Cases/PFI Precision and Scale/PFI Components with Indexing/RequiredFieldValidationXPI

2020-06-05 13:43:43 - [TEST_STEP][PASSED] - enableSmartWait(): null

2020-06-05 13:43:43 - [TEST_STEP][PASSED] - NewInputNmField = modifyObjectProperty(findTestObject("Objects.HighlightElements/input_field_index"), "xpath", "equals", "(//*[contains(@name,'" + nameToBeUsed + "')])[" + index + "]", true): Modify property of object successfully

2020-06-05 13:43:43 - [MESSAGE][PASSED] - Modify property of object successfully

2020-06-05 13:43:43 - [TEST_STEP][PASSED] - mouseOver(NewInputNmField): Object: 'Object Repository/Objects.HighlightElements/input_field_index' is hovered

2020-06-05 13:43:43 - [MESSAGE][PASSED] - Object: 'Object Repository/Objects.HighlightElements/input_field_index' is hovered

2020-06-05 13:43:43 - [TEST_STEP][PASSED] - getRqErrMsg = getAttribute(NewInputNmField, "data-errorqtip"): Attribute 'data-errorqtip' of object 'Object Repository/Objects.HighlightElements/input_field_index' is: '<ul class="x-list-plain"><li>This field is required</li></ul>'

2020-06-05 13:43:44 - [MESSAGE][PASSED] - Attribute 'data-errorqtip' of object 'Object Repository/Objects.HighlightElements/input_field_index' is: '<ul class="x-list-plain"><li>This field is required</li></ul>'

2020-06-05 13:43:44 - [TEST_STEP][PASSED] - strToolTip = getRqErrMsg.substring(29, 61): null

2020-06-05 13:43:44 - [TEST_STEP][PASSED] - toolTipReqErrMsg = strToolTip.substring(0, 22): null

2020-06-05 13:43:44 - [TEST_STEP][PASSED] - verifyMatch(toolTipReqErrMsg, RqField, true): Actual text 'This field is required' and expected text 'This field is required' are matched  using regular expression

2020-06-05 13:43:44 - [MESSAGE][PASSED] - Actual text 'This field is required' and expected text 'This field is required' are matched  using regular expression

2020-06-05 13:43:44 - [MESSAGE][PASSED] - Call Test Case 'Test Cases/PFI Precision and Scale/PFI Components with Indexing/RequiredFieldValidationXPI' successfully

2020-06-05 13:43:44 - [TEST_STEP][PASSED] - callTestCase(findTestCase("Components/HighlightInputFieldXPI"), ["FldNm":"submInd_5", "index":1], STOP_ON_FAILURE): Call Test Case 'Test Cases/Components/HighlightInputFieldXPI' successfully

2020-06-05 13:43:44 - [TEST_CASE][PASSED] - Test Cases/Components/HighlightInputFieldXPI: Test Cases/Components/HighlightInputFieldXPI

2020-06-05 13:43:44 - [TEST_STEP][PASSED] - Thread.sleep(1000): null

2020-06-05 13:43:45 - [TEST_STEP][PASSED] - modifiedInputNm = modifyObjectProperty(findTestObject("Object Repository/Objects.HighlightElements/input_field_index"), "xpath", "equals", "(//*[contains(@name, '" + FldNm + "')])[" + index + "]", true): Modify property of object successfully

2020-06-05 13:43:45 - [MESSAGE][PASSED] - Modify property of object successfully

2020-06-05 13:43:45 - [TEST_STEP][PASSED] - com.reusableComponents.HighlightElement.run(modifiedInputNm): com.reusableComponents.HighlightElement.run is PASSED

2020-06-05 13:43:45 - [MESSAGE][PASSED] - com.reusableComponents.HighlightElement.run is PASSED

2020-06-05 13:43:45 - [MESSAGE][PASSED] - Call Test Case 'Test Cases/Components/HighlightInputFieldXPI' successfully

2020-06-05 13:43:45 - [TEST_STEP][PASSED] - callTestCase(findTestCase("PFI Precision and Scale/PFI Components with Indexing/VerifyDropdownValuesXPI"), ["FldNm":"submInd_5", "index":1, "CallTCName":"PFI Precision and Scale/HashMap Tables/ConstantHashMap", "cmbNm":"PresINd", ... ], STOP_ON_FAILURE): Call Test Case 'Test Cases/PFI Precision and Scale/PFI Components with Indexing/VerifyDropdownValuesXPI' successfully

2020-06-05 13:43:45 - [TEST_CASE][PASSED] - Test Cases/PFI Precision and Scale/PFI Components with Indexing/VerifyDropdownValuesXPI: Test Cases/PFI Precision and Scale/PFI Components with Indexing/VerifyDropdownValuesXPI

2020-06-05 13:43:45 - [TEST_STEP][PASSED] - Thread.sleep(1000): null

2020-06-05 13:43:46 - [TEST_STEP][PASSED] - NewInputNmField = modifyObjectProperty(findTestObject("Object Repository/Objects.HighlightElements/input_field_index"), "xpath", "equals", "(//*[contains(@name, '" + FldNm + "')])[" + index + "]", true): Modify property of object successfully

2020-06-05 13:43:46 - [MESSAGE][PASSED] - Modify property of object successfully

2020-06-05 13:43:46 - [TEST_STEP][PASSED] - comboNm = cmbNm: null

2020-06-05 13:43:46 - [TEST_STEP][PASSED] - focus(NewInputNmField): Object: 'Object Repository/Objects.HighlightElements/input_field_index' is focused

2020-06-05 13:43:46 - [MESSAGE][PASSED] - Object: 'Object Repository/Objects.HighlightElements/input_field_index' is focused

2020-06-05 13:43:46 - [TEST_STEP][PASSED] - setText(NewInputNmField, EnterValue): Text '' is set on object 'Object Repository/Objects.HighlightElements/input_field_index'

2020-06-05 13:43:46 - [MESSAGE][PASSED] - Text '' is set on object 'Object Repository/Objects.HighlightElements/input_field_index'

2020-06-05 13:43:46 - [TEST_STEP][PASSED] - for ([i = 1, i <= NoOfVal, (i++)]): Keys 'DOWN + ' sent to object: 'Object Repository/Objects.HighlightElements/input_field_index'

2020-06-05 13:43:46 - [TEST_STEP][PASSED] - sendKeys(NewInputNmField, Keys.chord(ARROW_DOWN)): Keys 'DOWN + ' sent to object: 'Object Repository/Objects.HighlightElements/input_field_index'

2020-06-05 13:43:46 - [MESSAGE][PASSED] - Keys 'DOWN + ' sent to object: 'Object Repository/Objects.HighlightElements/input_field_index'

2020-06-05 13:43:46 - [TEST_STEP][PASSED] - delay(DelayTime): Delayed 2 second(s)

2020-06-05 13:43:48 - [MESSAGE][PASSED] - Delayed 2 second(s)

2020-06-05 13:43:48 - [TEST_STEP][PASSED] - sendKeys(NewInputNmField, Keys.chord(ENTER)): Keys 'ENTER + ' sent to object: 'Object Repository/Objects.HighlightElements/input_field_index'

2020-06-05 13:43:48 - [MESSAGE][PASSED] - Keys 'ENTER + ' sent to object: 'Object Repository/Objects.HighlightElements/input_field_index'

2020-06-05 13:43:48 - [TEST_STEP][PASSED] - ComboBoxValue = getAttribute(NewInputNmField, "value"): Attribute 'value' of object 'Object Repository/Objects.HighlightElements/input_field_index' is: 'Yes'

2020-06-05 13:43:48 - [MESSAGE][PASSED] - Attribute 'value' of object 'Object Repository/Objects.HighlightElements/input_field_index' is: 'Yes'

2020-06-05 13:43:48 - [TEST_STEP][PASSED] - callTestCase(findTestCase(CallTCName), ["FindValue":ComboBoxValue, "DropdownNm":comboNm], STOP_ON_FAILURE): Call Test Case 'Test Cases/PFI Precision and Scale/HashMap Tables/ConstantHashMap' successfully

2020-06-05 13:43:49 - [TEST_CASE][PASSED] - Test Cases/PFI Precision and Scale/HashMap Tables/ConstantHashMap: Test Cases/PFI Precision and Scale/HashMap Tables/ConstantHashMap

2020-06-05 13:43:49 - [TEST_STEP][PASSED] - ConstantTBL = [1:["PeriodType":"Working Day(s)"], 2:["PeriodType":"Calendar Day(s)"], 3:["PeriodType":"Month(s)"], 4:["TypeOfLetter":"T1"], ... ]: null

2020-06-05 13:43:49 - [TEST_STEP][PASSED] - switch (DropdownNm): null

2020-06-05 13:43:49 - [TEST_STEP][PASSED] - case "PresINd":: null

2020-06-05 13:43:49 - [TEST_STEP][PASSED] - ValueFound = ConstantTBL.find({ -> ... }): null

2020-06-05 13:43:49 - [TEST_STEP][PASSED] - break: null

2020-06-05 13:43:49 - [MESSAGE][PASSED] - Call Test Case 'Test Cases/PFI Precision and Scale/HashMap Tables/ConstantHashMap' successfully

2020-06-05 13:43:49 - [TEST_STEP][PASSED] - println(ValueFound): null

2020-06-05 13:43:49 - [TEST_STEP][PASSED] - sendKeys(NewInputNmField, Keys.chord(ARROW_DOWN)): Keys 'DOWN + ' sent to object: 'Object Repository/Objects.HighlightElements/input_field_index'

2020-06-05 13:43:49 - [MESSAGE][PASSED] - Keys 'DOWN + ' sent to object: 'Object Repository/Objects.HighlightElements/input_field_index'

2020-06-05 13:43:49 - [TEST_STEP][PASSED] - sendKeys(NewInputNmField, Keys.chord(ARROW_DOWN)): Keys 'DOWN + ' sent to object: 'Object Repository/Objects.HighlightElements/input_field_index'

2020-06-05 13:43:49 - [MESSAGE][PASSED] - Keys 'DOWN + ' sent to object: 'Object Repository/Objects.HighlightElements/input_field_index'

2020-06-05 13:43:49 - [TEST_STEP][PASSED] - delay(DelayTime): Delayed 2 second(s)

2020-06-05 13:43:51 - [MESSAGE][PASSED] - Delayed 2 second(s)

2020-06-05 13:43:51 - [TEST_STEP][PASSED] - sendKeys(NewInputNmField, Keys.chord(ENTER)): Keys 'ENTER + ' sent to object: 'Object Repository/Objects.HighlightElements/input_field_index'

2020-06-05 13:43:51 - [MESSAGE][PASSED] - Keys 'ENTER + ' sent to object: 'Object Repository/Objects.HighlightElements/input_field_index'

2020-06-05 13:43:51 - [TEST_STEP][PASSED] - ComboBoxValue = getAttribute(NewInputNmField, "value"): Attribute 'value' of object 'Object Repository/Objects.HighlightElements/input_field_index' is: 'No'

2020-06-05 13:43:51 - [MESSAGE][PASSED] - Attribute 'value' of object 'Object Repository/Objects.HighlightElements/input_field_index' is: 'No'

2020-06-05 13:43:51 - [TEST_STEP][PASSED] - callTestCase(findTestCase(CallTCName), ["FindValue":ComboBoxValue, "DropdownNm":comboNm], STOP_ON_FAILURE): Call Test Case 'Test Cases/PFI Precision and Scale/HashMap Tables/ConstantHashMap' successfully

2020-06-05 13:43:51 - [TEST_CASE][PASSED] - Test Cases/PFI Precision and Scale/HashMap Tables/ConstantHashMap: Test Cases/PFI Precision and Scale/HashMap Tables/ConstantHashMap

2020-06-05 13:43:51 - [TEST_STEP][PASSED] - ConstantTBL = [1:["PeriodType":"Working Day(s)"], 2:["PeriodType":"Calendar Day(s)"], 3:["PeriodType":"Month(s)"], 4:["TypeOfLetter":"T1"], ... ]: null

2020-06-05 13:43:51 - [TEST_STEP][PASSED] - switch (DropdownNm): null

2020-06-05 13:43:51 - [TEST_STEP][PASSED] - case "PresINd":: null

2020-06-05 13:43:51 - [TEST_STEP][PASSED] - ValueFound = ConstantTBL.find({ -> ... }): null

2020-06-05 13:43:51 - [TEST_STEP][PASSED] - break: null

2020-06-05 13:43:51 - [MESSAGE][PASSED] - Call Test Case 'Test Cases/PFI Precision and Scale/HashMap Tables/ConstantHashMap' successfully

2020-06-05 13:43:51 - [TEST_STEP][PASSED] - println(ValueFound): null

2020-06-05 13:43:51 - [TEST_STEP][PASSED] - sendKeys(NewInputNmField, Keys.chord(ARROW_DOWN)): Keys 'DOWN + ' sent to object: 'Object Repository/Objects.HighlightElements/input_field_index'

2020-06-05 13:43:51 - [MESSAGE][PASSED] - Keys 'DOWN + ' sent to object: 'Object Repository/Objects.HighlightElements/input_field_index'

2020-06-05 13:43:51 - [TEST_STEP][PASSED] - sendKeys(NewInputNmField, Keys.chord(ENTER)): Keys 'ENTER + ' sent to object: 'Object Repository/Objects.HighlightElements/input_field_index'

2020-06-05 13:43:51 - [MESSAGE][PASSED] - Keys 'ENTER + ' sent to object: 'Object Repository/Objects.HighlightElements/input_field_index'

2020-06-05 13:43:51 - [MESSAGE][PASSED] - Call Test Case 'Test Cases/PFI Precision and Scale/PFI Components with Indexing/VerifyDropdownValuesXPI' successfully

2020-06-05 13:43:51 - [TEST_STEP][PASSED] - callTestCase(findTestCase("Components/SelectAllThenDeleteXPI"), ["nameToBeUsed":"submInd_5", "index":"1"], STOP_ON_FAILURE): Call Test Case 'Test Cases/Components/SelectAllThenDeleteXPI' successfully

2020-06-05 13:43:51 - [TEST_CASE][PASSED] - Test Cases/Components/SelectAllThenDeleteXPI: Test Cases/Components/SelectAllThenDeleteXPI

2020-06-05 13:43:51 - [TEST_STEP][PASSED] - Thread.sleep(1000): null

2020-06-05 13:43:52 - [TEST_STEP][PASSED] - modifiedObj = modifyObjectProperty(findTestObject("Object Repository/Objects.HighlightElements/input_field_index"), "xpath", "equals", "(//*[contains(@name,'" + nameToBeUsed + "')])[" + index + "]", true): Modify property of object successfully

2020-06-05 13:43:52 - [MESSAGE][PASSED] - Modify property of object successfully

2020-06-05 13:43:52 - [TEST_STEP][PASSED] - focus(modifiedObj): Object: 'Object Repository/Objects.HighlightElements/input_field_index' is focused

2020-06-05 13:43:52 - [MESSAGE][PASSED] - Object: 'Object Repository/Objects.HighlightElements/input_field_index' is focused

2020-06-05 13:43:52 - [TEST_STEP][PASSED] - sendKeys(modifiedObj, Keys.chord(CONTROL, "a")): Keys 'CONTROL + a' sent to object: 'Object Repository/Objects.HighlightElements/input_field_index'

2020-06-05 13:43:52 - [MESSAGE][PASSED] - Keys 'CONTROL + a' sent to object: 'Object Repository/Objects.HighlightElements/input_field_index'

2020-06-05 13:43:52 - [TEST_STEP][PASSED] - sendKeys(modifiedObj, Keys.chord(DELETE)): Keys 'DELETE + ' sent to object: 'Object Repository/Objects.HighlightElements/input_field_index'

2020-06-05 13:43:52 - [MESSAGE][PASSED] - Keys 'DELETE + ' sent to object: 'Object Repository/Objects.HighlightElements/input_field_index'

2020-06-05 13:43:52 - [MESSAGE][PASSED] - Call Test Case 'Test Cases/Components/SelectAllThenDeleteXPI' successfully

2020-06-05 13:43:52 - [TEST_STEP][PASSED] - callTestCase(findTestCase("PFI Precision and Scale/PFI Components with Indexing/RequiredFieldValidationXPI"), ["nameToBeUsed":"submInd_5", "index":1], STOP_ON_FAILURE): Call Test Case 'Test Cases/PFI Precision and Scale/PFI Components with Indexing/RequiredFieldValidationXPI' successfully

2020-06-05 13:43:52 - [TEST_CASE][PASSED] - Test Cases/PFI Precision and Scale/PFI Components with Indexing/RequiredFieldValidationXPI: Test Cases/PFI Precision and Scale/PFI Components with Indexing/RequiredFieldValidationXPI

2020-06-05 13:43:52 - [TEST_STEP][PASSED] - enableSmartWait(): null

2020-06-05 13:43:52 - [TEST_STEP][PASSED] - NewInputNmField = modifyObjectProperty(findTestObject("Objects.HighlightElements/input_field_index"), "xpath", "equals", "(//*[contains(@name,'" + nameToBeUsed + "')])[" + index + "]", true): Modify property of object successfully

2020-06-05 13:43:52 - [MESSAGE][PASSED] - Modify property of object successfully

2020-06-05 13:43:52 - [TEST_STEP][PASSED] - mouseOver(NewInputNmField): Object: 'Object Repository/Objects.HighlightElements/input_field_index' is hovered

2020-06-05 13:43:52 - [MESSAGE][PASSED] - Object: 'Object Repository/Objects.HighlightElements/input_field_index' is hovered

2020-06-05 13:43:52 - [TEST_STEP][PASSED] - getRqErrMsg = getAttribute(NewInputNmField, "data-errorqtip"): Attribute 'data-errorqtip' of object 'Object Repository/Objects.HighlightElements/input_field_index' is: '<ul class="x-list-plain"><li>This field is required</li></ul>'

2020-06-05 13:43:52 - [MESSAGE][PASSED] - Attribute 'data-errorqtip' of object 'Object Repository/Objects.HighlightElements/input_field_index' is: '<ul class="x-list-plain"><li>This field is required</li></ul>'

2020-06-05 13:43:52 - [TEST_STEP][PASSED] - strToolTip = getRqErrMsg.substring(29, 61): null

2020-06-05 13:43:52 - [TEST_STEP][PASSED] - toolTipReqErrMsg = strToolTip.substring(0, 22): null

2020-06-05 13:43:52 - [TEST_STEP][PASSED] - verifyMatch(toolTipReqErrMsg, RqField, true): Actual text 'This field is required' and expected text 'This field is required' are matched  using regular expression

2020-06-05 13:43:52 - [MESSAGE][PASSED] - Actual text 'This field is required' and expected text 'This field is required' are matched  using regular expression

2020-06-05 13:43:52 - [MESSAGE][PASSED] - Call Test Case 'Test Cases/PFI Precision and Scale/PFI Components with Indexing/RequiredFieldValidationXPI' successfully

2020-06-05 13:43:52 - [TEST_STEP][PASSED] - callTestCase(findTestCase("Components/HighlightInputFieldXPI"), ["FldNm":"submInd_6", "index":1], STOP_ON_FAILURE): Call Test Case 'Test Cases/Components/HighlightInputFieldXPI' successfully

2020-06-05 13:43:53 - [TEST_CASE][PASSED] - Test Cases/Components/HighlightInputFieldXPI: Test Cases/Components/HighlightInputFieldXPI

2020-06-05 13:43:53 - [TEST_STEP][PASSED] - Thread.sleep(1000): null

2020-06-05 13:43:54 - [TEST_STEP][PASSED] - modifiedInputNm = modifyObjectProperty(findTestObject("Object Repository/Objects.HighlightElements/input_field_index"), "xpath", "equals", "(//*[contains(@name, '" + FldNm + "')])[" + index + "]", true): Modify property of object successfully

2020-06-05 13:43:54 - [MESSAGE][PASSED] - Modify property of object successfully

2020-06-05 13:43:54 - [TEST_STEP][PASSED] - com.reusableComponents.HighlightElement.run(modifiedInputNm): com.reusableComponents.HighlightElement.run is PASSED

2020-06-05 13:43:54 - [MESSAGE][PASSED] - com.reusableComponents.HighlightElement.run is PASSED

2020-06-05 13:43:54 - [MESSAGE][PASSED] - Call Test Case 'Test Cases/Components/HighlightInputFieldXPI' successfully

2020-06-05 13:43:54 - [TEST_STEP][PASSED] - callTestCase(findTestCase("PFI Precision and Scale/PFI Components with Indexing/VerifyDropdownValuesXPI"), ["FldNm":"submInd_6", "index":1, "CallTCName":"PFI Precision and Scale/HashMap Tables/ConstantHashMap", "cmbNm":"PresINd", ... ], STOP_ON_FAILURE): Call Test Case 'Test Cases/PFI Precision and Scale/PFI Components with Indexing/VerifyDropdownValuesXPI' successfully

2020-06-05 13:43:54 - [TEST_CASE][PASSED] - Test Cases/PFI Precision and Scale/PFI Components with Indexing/VerifyDropdownValuesXPI: Test Cases/PFI Precision and Scale/PFI Components with Indexing/VerifyDropdownValuesXPI

2020-06-05 13:43:54 - [TEST_STEP][PASSED] - Thread.sleep(1000): null

2020-06-05 13:43:55 - [TEST_STEP][PASSED] - NewInputNmField = modifyObjectProperty(findTestObject("Object Repository/Objects.HighlightElements/input_field_index"), "xpath", "equals", "(//*[contains(@name, '" + FldNm + "')])[" + index + "]", true): Modify property of object successfully

2020-06-05 13:43:55 - [MESSAGE][PASSED] - Modify property of object successfully

2020-06-05 13:43:55 - [TEST_STEP][PASSED] - comboNm = cmbNm: null

2020-06-05 13:43:55 - [TEST_STEP][PASSED] - focus(NewInputNmField): Object: 'Object Repository/Objects.HighlightElements/input_field_index' is focused

2020-06-05 13:43:55 - [MESSAGE][PASSED] - Object: 'Object Repository/Objects.HighlightElements/input_field_index' is focused

2020-06-05 13:43:55 - [TEST_STEP][PASSED] - setText(NewInputNmField, EnterValue): Text '' is set on object 'Object Repository/Objects.HighlightElements/input_field_index'

2020-06-05 13:43:55 - [MESSAGE][PASSED] - Text '' is set on object 'Object Repository/Objects.HighlightElements/input_field_index'

2020-06-05 13:43:55 - [TEST_STEP][PASSED] - for ([i = 1, i <= NoOfVal, (i++)]): Keys 'DOWN + ' sent to object: 'Object Repository/Objects.HighlightElements/input_field_index'

2020-06-05 13:43:55 - [TEST_STEP][PASSED] - sendKeys(NewInputNmField, Keys.chord(ARROW_DOWN)): Keys 'DOWN + ' sent to object: 'Object Repository/Objects.HighlightElements/input_field_index'

2020-06-05 13:43:55 - [MESSAGE][PASSED] - Keys 'DOWN + ' sent to object: 'Object Repository/Objects.HighlightElements/input_field_index'

2020-06-05 13:43:55 - [TEST_STEP][PASSED] - delay(DelayTime): Delayed 2 second(s)

2020-06-05 13:43:57 - [MESSAGE][PASSED] - Delayed 2 second(s)

2020-06-05 13:43:57 - [TEST_STEP][PASSED] - sendKeys(NewInputNmField, Keys.chord(ENTER)): Keys 'ENTER + ' sent to object: 'Object Repository/Objects.HighlightElements/input_field_index'

2020-06-05 13:43:57 - [MESSAGE][PASSED] - Keys 'ENTER + ' sent to object: 'Object Repository/Objects.HighlightElements/input_field_index'

2020-06-05 13:43:57 - [TEST_STEP][PASSED] - ComboBoxValue = getAttribute(NewInputNmField, "value"): Attribute 'value' of object 'Object Repository/Objects.HighlightElements/input_field_index' is: 'Yes'

2020-06-05 13:43:58 - [MESSAGE][PASSED] - Attribute 'value' of object 'Object Repository/Objects.HighlightElements/input_field_index' is: 'Yes'

2020-06-05 13:43:58 - [TEST_STEP][PASSED] - callTestCase(findTestCase(CallTCName), ["FindValue":ComboBoxValue, "DropdownNm":comboNm], STOP_ON_FAILURE): Call Test Case 'Test Cases/PFI Precision and Scale/HashMap Tables/ConstantHashMap' successfully

2020-06-05 13:43:58 - [TEST_CASE][PASSED] - Test Cases/PFI Precision and Scale/HashMap Tables/ConstantHashMap: Test Cases/PFI Precision and Scale/HashMap Tables/ConstantHashMap

2020-06-05 13:43:58 - [TEST_STEP][PASSED] - ConstantTBL = [1:["PeriodType":"Working Day(s)"], 2:["PeriodType":"Calendar Day(s)"], 3:["PeriodType":"Month(s)"], 4:["TypeOfLetter":"T1"], ... ]: null

2020-06-05 13:43:58 - [TEST_STEP][PASSED] - switch (DropdownNm): null

2020-06-05 13:43:58 - [TEST_STEP][PASSED] - case "PresINd":: null

2020-06-05 13:43:58 - [TEST_STEP][PASSED] - ValueFound = ConstantTBL.find({ -> ... }): null

2020-06-05 13:43:58 - [TEST_STEP][PASSED] - break: null

2020-06-05 13:43:58 - [MESSAGE][PASSED] - Call Test Case 'Test Cases/PFI Precision and Scale/HashMap Tables/ConstantHashMap' successfully

2020-06-05 13:43:58 - [TEST_STEP][PASSED] - println(ValueFound): null

2020-06-05 13:43:58 - [TEST_STEP][PASSED] - sendKeys(NewInputNmField, Keys.chord(ARROW_DOWN)): Keys 'DOWN + ' sent to object: 'Object Repository/Objects.HighlightElements/input_field_index'

2020-06-05 13:43:58 - [MESSAGE][PASSED] - Keys 'DOWN + ' sent to object: 'Object Repository/Objects.HighlightElements/input_field_index'

2020-06-05 13:43:58 - [TEST_STEP][PASSED] - sendKeys(NewInputNmField, Keys.chord(ARROW_DOWN)): Keys 'DOWN + ' sent to object: 'Object Repository/Objects.HighlightElements/input_field_index'

2020-06-05 13:43:58 - [MESSAGE][PASSED] - Keys 'DOWN + ' sent to object: 'Object Repository/Objects.HighlightElements/input_field_index'

2020-06-05 13:43:58 - [TEST_STEP][PASSED] - delay(DelayTime): Delayed 2 second(s)

2020-06-05 13:44:00 - [MESSAGE][PASSED] - Delayed 2 second(s)

2020-06-05 13:44:00 - [TEST_STEP][PASSED] - sendKeys(NewInputNmField, Keys.chord(ENTER)): Keys 'ENTER + ' sent to object: 'Object Repository/Objects.HighlightElements/input_field_index'

2020-06-05 13:44:00 - [MESSAGE][PASSED] - Keys 'ENTER + ' sent to object: 'Object Repository/Objects.HighlightElements/input_field_index'

2020-06-05 13:44:00 - [TEST_STEP][PASSED] - ComboBoxValue = getAttribute(NewInputNmField, "value"): Attribute 'value' of object 'Object Repository/Objects.HighlightElements/input_field_index' is: 'No'

2020-06-05 13:44:00 - [MESSAGE][PASSED] - Attribute 'value' of object 'Object Repository/Objects.HighlightElements/input_field_index' is: 'No'

2020-06-05 13:44:00 - [TEST_STEP][PASSED] - callTestCase(findTestCase(CallTCName), ["FindValue":ComboBoxValue, "DropdownNm":comboNm], STOP_ON_FAILURE): Call Test Case 'Test Cases/PFI Precision and Scale/HashMap Tables/ConstantHashMap' successfully

2020-06-05 13:44:00 - [TEST_CASE][PASSED] - Test Cases/PFI Precision and Scale/HashMap Tables/ConstantHashMap: Test Cases/PFI Precision and Scale/HashMap Tables/ConstantHashMap

2020-06-05 13:44:00 - [TEST_STEP][PASSED] - ConstantTBL = [1:["PeriodType":"Working Day(s)"], 2:["PeriodType":"Calendar Day(s)"], 3:["PeriodType":"Month(s)"], 4:["TypeOfLetter":"T1"], ... ]: null

2020-06-05 13:44:00 - [TEST_STEP][PASSED] - switch (DropdownNm): null

2020-06-05 13:44:00 - [TEST_STEP][PASSED] - case "PresINd":: null

2020-06-05 13:44:00 - [TEST_STEP][PASSED] - ValueFound = ConstantTBL.find({ -> ... }): null

2020-06-05 13:44:00 - [TEST_STEP][PASSED] - break: null

2020-06-05 13:44:00 - [MESSAGE][PASSED] - Call Test Case 'Test Cases/PFI Precision and Scale/HashMap Tables/ConstantHashMap' successfully

2020-06-05 13:44:00 - [TEST_STEP][PASSED] - println(ValueFound): null

2020-06-05 13:44:00 - [TEST_STEP][PASSED] - sendKeys(NewInputNmField, Keys.chord(ARROW_DOWN)): Keys 'DOWN + ' sent to object: 'Object Repository/Objects.HighlightElements/input_field_index'

2020-06-05 13:44:00 - [MESSAGE][PASSED] - Keys 'DOWN + ' sent to object: 'Object Repository/Objects.HighlightElements/input_field_index'

2020-06-05 13:44:00 - [TEST_STEP][PASSED] - sendKeys(NewInputNmField, Keys.chord(ENTER)): Keys 'ENTER + ' sent to object: 'Object Repository/Objects.HighlightElements/input_field_index'

2020-06-05 13:44:00 - [MESSAGE][PASSED] - Keys 'ENTER + ' sent to object: 'Object Repository/Objects.HighlightElements/input_field_index'

2020-06-05 13:44:00 - [MESSAGE][PASSED] - Call Test Case 'Test Cases/PFI Precision and Scale/PFI Components with Indexing/VerifyDropdownValuesXPI' successfully

2020-06-05 13:44:00 - [TEST_STEP][PASSED] - callTestCase(findTestCase("Components/SelectAllThenDeleteXPI"), ["nameToBeUsed":"submInd_6", "index":"1"], STOP_ON_FAILURE): Call Test Case 'Test Cases/Components/SelectAllThenDeleteXPI' successfully

2020-06-05 13:44:00 - [TEST_CASE][PASSED] - Test Cases/Components/SelectAllThenDeleteXPI: Test Cases/Components/SelectAllThenDeleteXPI

2020-06-05 13:44:00 - [TEST_STEP][PASSED] - Thread.sleep(1000): null

2020-06-05 13:44:01 - [TEST_STEP][PASSED] - modifiedObj = modifyObjectProperty(findTestObject("Object Repository/Objects.HighlightElements/input_field_index"), "xpath", "equals", "(//*[contains(@name,'" + nameToBeUsed + "')])[" + index + "]", true): Modify property of object successfully

2020-06-05 13:44:01 - [MESSAGE][PASSED] - Modify property of object successfully

2020-06-05 13:44:01 - [TEST_STEP][PASSED] - focus(modifiedObj): Object: 'Object Repository/Objects.HighlightElements/input_field_index' is focused

2020-06-05 13:44:01 - [MESSAGE][PASSED] - Object: 'Object Repository/Objects.HighlightElements/input_field_index' is focused

2020-06-05 13:44:01 - [TEST_STEP][PASSED] - sendKeys(modifiedObj, Keys.chord(CONTROL, "a")): Keys 'CONTROL + a' sent to object: 'Object Repository/Objects.HighlightElements/input_field_index'

2020-06-05 13:44:01 - [MESSAGE][PASSED] - Keys 'CONTROL + a' sent to object: 'Object Repository/Objects.HighlightElements/input_field_index'

2020-06-05 13:44:01 - [TEST_STEP][PASSED] - sendKeys(modifiedObj, Keys.chord(DELETE)): Keys 'DELETE + ' sent to object: 'Object Repository/Objects.HighlightElements/input_field_index'

2020-06-05 13:44:01 - [MESSAGE][PASSED] - Keys 'DELETE + ' sent to object: 'Object Repository/Objects.HighlightElements/input_field_index'

2020-06-05 13:44:01 - [MESSAGE][PASSED] - Call Test Case 'Test Cases/Components/SelectAllThenDeleteXPI' successfully

2020-06-05 13:44:01 - [TEST_STEP][PASSED] - callTestCase(findTestCase("PFI Precision and Scale/PFI Components with Indexing/RequiredFieldValidationXPI"), ["nameToBeUsed":"submInd_6", "index":1], STOP_ON_FAILURE): Call Test Case 'Test Cases/PFI Precision and Scale/PFI Components with Indexing/RequiredFieldValidationXPI' successfully

2020-06-05 13:44:01 - [TEST_CASE][PASSED] - Test Cases/PFI Precision and Scale/PFI Components with Indexing/RequiredFieldValidationXPI: Test Cases/PFI Precision and Scale/PFI Components with Indexing/RequiredFieldValidationXPI

2020-06-05 13:44:01 - [TEST_STEP][PASSED] - enableSmartWait(): null

2020-06-05 13:44:01 - [TEST_STEP][PASSED] - NewInputNmField = modifyObjectProperty(findTestObject("Objects.HighlightElements/input_field_index"), "xpath", "equals", "(//*[contains(@name,'" + nameToBeUsed + "')])[" + index + "]", true): Modify property of object successfully

2020-06-05 13:44:01 - [MESSAGE][PASSED] - Modify property of object successfully

2020-06-05 13:44:01 - [TEST_STEP][PASSED] - mouseOver(NewInputNmField): Object: 'Object Repository/Objects.HighlightElements/input_field_index' is hovered

2020-06-05 13:44:01 - [MESSAGE][PASSED] - Object: 'Object Repository/Objects.HighlightElements/input_field_index' is hovered

2020-06-05 13:44:01 - [TEST_STEP][PASSED] - getRqErrMsg = getAttribute(NewInputNmField, "data-errorqtip"): Attribute 'data-errorqtip' of object 'Object Repository/Objects.HighlightElements/input_field_index' is: '<ul class="x-list-plain"><li>This field is required</li></ul>'

2020-06-05 13:44:02 - [MESSAGE][PASSED] - Attribute 'data-errorqtip' of object 'Object Repository/Objects.HighlightElements/input_field_index' is: '<ul class="x-list-plain"><li>This field is required</li></ul>'

2020-06-05 13:44:02 - [TEST_STEP][PASSED] - strToolTip = getRqErrMsg.substring(29, 61): null

2020-06-05 13:44:02 - [TEST_STEP][PASSED] - toolTipReqErrMsg = strToolTip.substring(0, 22): null

2020-06-05 13:44:02 - [TEST_STEP][PASSED] - verifyMatch(toolTipReqErrMsg, RqField, true): Actual text 'This field is required' and expected text 'This field is required' are matched  using regular expression

2020-06-05 13:44:02 - [MESSAGE][PASSED] - Actual text 'This field is required' and expected text 'This field is required' are matched  using regular expression

2020-06-05 13:44:02 - [MESSAGE][PASSED] - Call Test Case 'Test Cases/PFI Precision and Scale/PFI Components with Indexing/RequiredFieldValidationXPI' successfully

2020-06-05 13:44:02 - [TEST_STEP][NOT_RUN] - callTestCase(findTestCase("Components/Logout"), ["LogoutPageTextToBeVerified":findTestData("ISPS2 Test Data").getValue("HomeBanner", 2)], STOP_ON_FAILURE): NOT_RUN: callTestCase(findTestCase("Components/Logout"), ["LogoutPageTextToBeVerified":findTestData("ISPS2 Test Data").getValue("HomeBanner", 2)], STOP_ON_FAILURE)

2020-06-05 13:44:02 - [MESSAGE][NOT_RUN] - NOT_RUN: callTestCase(findTestCase("Components/Logout"), ["LogoutPageTextToBeVerified":findTestData("ISPS2 Test Data").getValue("HomeBanner", 2)], STOP_ON_FAILURE)]]></system-out>
         <system-err><![CDATA[]]></system-err>
      </testcase>
      <testcase name="Test Cases/PFI Precision and Scale/PFI Test Cases/Process Case (PFI)/PFI.ReferToExternalAgencyLHS" time="126.36" classname="Test Cases/PFI Precision and Scale/PFI Test Cases/Process Case (PFI)/PFI.ReferToExternalAgencyLHS" status="PASSED">
         <system-out><![CDATA[2020-06-05 13:44:02 - [TEST_CASE][PASSED] - Test Cases/PFI Precision and Scale/PFI Test Cases/Process Case (PFI)/PFI.ReferToExternalAgencyLHS: Test Cases/PFI Precision and Scale/PFI Test Cases/Process Case (PFI)/PFI.ReferToExternalAgencyLHS

2020-06-05 13:44:02 - [TEST_STEP][NOT_RUN] - callTestCase(findTestCase("Components/LoginV2.0"), ["LinkToBeUsed":findTestData("ISPS2 Test Data").getValue("URL", 2), "LoginPageTextToBeVerified":findTestData("ISPS2 Test Data").getValue("HomeBanner", 2), ... ], STOP_ON_FAILURE): NOT_RUN: callTestCase(findTestCase("Components/LoginV2.0"), ["LinkToBeUsed":findTestData("ISPS2 Test Data").getValue("URL", 2), "LoginPageTextToBeVerified":findTestData("ISPS2 Test Data").getValue("HomeBanner", 2), ... ], STOP_ON_FAILURE)

2020-06-05 13:44:02 - [MESSAGE][NOT_RUN] - NOT_RUN: callTestCase(findTestCase("Components/LoginV2.0"), ["LinkToBeUsed":findTestData("ISPS2 Test Data").getValue("URL", 2), "LoginPageTextToBeVerified":findTestData("ISPS2 Test Data").getValue("HomeBanner", 2), ... ], STOP_ON_FAILURE)

2020-06-05 13:44:02 - [TEST_STEP][NOT_RUN] - callTestCase(findTestCase("Components/NavigateToHomepageHeaders"), ["headerText":"My Tasks"], STOP_ON_FAILURE): NOT_RUN: callTestCase(findTestCase("Components/NavigateToHomepageHeaders"), ["headerText":"My Tasks"], STOP_ON_FAILURE)

2020-06-05 13:44:02 - [MESSAGE][NOT_RUN] - NOT_RUN: callTestCase(findTestCase("Components/NavigateToHomepageHeaders"), ["headerText":"My Tasks"], STOP_ON_FAILURE)

2020-06-05 13:44:02 - [TEST_STEP][NOT_RUN] - callTestCase(findTestCase("Components/Filter"), ["taskDescription":"Process Case (SM)"], STOP_ON_FAILURE): NOT_RUN: callTestCase(findTestCase("Components/Filter"), ["taskDescription":"Process Case (SM)"], STOP_ON_FAILURE)

2020-06-05 13:44:02 - [MESSAGE][NOT_RUN] - NOT_RUN: callTestCase(findTestCase("Components/Filter"), ["taskDescription":"Process Case (SM)"], STOP_ON_FAILURE)

2020-06-05 13:44:02 - [TEST_STEP][NOT_RUN] - callTestCase(findTestCase("Components/ClickLinkDependingOnTextAndIndex"), ["linkName":"Process Case (SM)", "index":"3"], STOP_ON_FAILURE): NOT_RUN: callTestCase(findTestCase("Components/ClickLinkDependingOnTextAndIndex"), ["linkName":"Process Case (SM)", "index":"3"], STOP_ON_FAILURE)

2020-06-05 13:44:02 - [MESSAGE][NOT_RUN] - NOT_RUN: callTestCase(findTestCase("Components/ClickLinkDependingOnTextAndIndex"), ["linkName":"Process Case (SM)", "index":"3"], STOP_ON_FAILURE)

2020-06-05 13:44:02 - [TEST_STEP][PASSED] - callTestCase(findTestCase("Components/NavigateToAnyLHS"), ["LHS":"Refer Case to External Agency"], STOP_ON_FAILURE): Call Test Case 'Test Cases/Components/NavigateToAnyLHS' successfully

2020-06-05 13:44:02 - [TEST_CASE][PASSED] - Test Cases/Components/NavigateToAnyLHS: Test Cases/Components/NavigateToAnyLHS

2020-06-05 13:44:02 - [TEST_STEP][PASSED] - Thread.sleep(1000): null

2020-06-05 13:44:03 - [TEST_STEP][PASSED] - modifiedLHS = modifyObjectProperty(findTestObject("Objects.NavigateToAnyLHS/Page_ISPS2/LHSToModify"), "text", "equals", LHS, true): Modify property of object successfully

2020-06-05 13:44:03 - [MESSAGE][PASSED] - Modify property of object successfully

2020-06-05 13:44:03 - [TEST_STEP][PASSED] - click(modifiedLHS): Object: 'Object Repository/Objects.NavigateToAnyLHS/Page_ISPS2/LHSToModify' is clicked on

2020-06-05 13:44:03 - [MESSAGE][PASSED] - Object: 'Object Repository/Objects.NavigateToAnyLHS/Page_ISPS2/LHSToModify' is clicked on

2020-06-05 13:44:03 - [TEST_STEP][PASSED] - currentLHS = getText(modifiedLHS): Text of object 'Object Repository/Objects.NavigateToAnyLHS/Page_ISPS2/LHSToModify' is: 'Refer Case to External Agency'

2020-06-05 13:44:03 - [MESSAGE][PASSED] - Text of object 'Object Repository/Objects.NavigateToAnyLHS/Page_ISPS2/LHSToModify' is: 'Refer Case to External Agency'

2020-06-05 13:44:03 - [TEST_STEP][PASSED] - Thread.sleep(5000): null

2020-06-05 13:44:08 - [MESSAGE][PASSED] - Call Test Case 'Test Cases/Components/NavigateToAnyLHS' successfully

2020-06-05 13:44:08 - [TEST_STEP][PASSED] - callTestCase(findTestCase("Components/VerifyPageSuccessfullyLoaded"), ["HeaderName":"Refer to External Agency"], STOP_ON_FAILURE): Call Test Case 'Test Cases/Components/VerifyPageSuccessfullyLoaded' successfully

2020-06-05 13:44:08 - [TEST_CASE][PASSED] - Test Cases/Components/VerifyPageSuccessfullyLoaded: Test Cases/Components/VerifyPageSuccessfullyLoaded

2020-06-05 13:44:08 - [TEST_STEP][PASSED] - Thread.sleep(3000): null

2020-06-05 13:44:11 - [TEST_STEP][PASSED] - ModifiedHeaderName = modifyObjectProperty(findTestObject("Objects.VerifyPageSuccessfullyLoaded/PageHeader"), "text", "equals", HeaderName, true): Modify property of object successfully

2020-06-05 13:44:11 - [MESSAGE][PASSED] - Modify property of object successfully

2020-06-05 13:44:11 - [TEST_STEP][PASSED] - verifyElementPresent(ModifiedHeaderName, 30): Object 'Object Repository/Objects.VerifyPageSuccessfullyLoaded/PageHeader' is present

2020-06-05 13:44:11 - [MESSAGE][PASSED] - Object 'Object Repository/Objects.VerifyPageSuccessfullyLoaded/PageHeader' is present

2020-06-05 13:44:11 - [TEST_STEP][PASSED] - com.reusableComponents.HighlightElement.run(ModifiedHeaderName): com.reusableComponents.HighlightElement.run is PASSED

2020-06-05 13:44:12 - [MESSAGE][PASSED] - com.reusableComponents.HighlightElement.run is PASSED

2020-06-05 13:44:12 - [MESSAGE][PASSED] - Call Test Case 'Test Cases/Components/VerifyPageSuccessfullyLoaded' successfully

2020-06-05 13:44:12 - [TEST_STEP][PASSED] - callTestCase(findTestCase("Components/HighlightLabelFieldXPI"), ["LblName":"External Agencies", "index":1], STOP_ON_FAILURE): Call Test Case 'Test Cases/Components/HighlightLabelFieldXPI' successfully

2020-06-05 13:44:12 - [TEST_CASE][PASSED] - Test Cases/Components/HighlightLabelFieldXPI: Test Cases/Components/HighlightLabelFieldXPI

2020-06-05 13:44:12 - [TEST_STEP][PASSED] - Thread.sleep(1000): null

2020-06-05 13:44:13 - [TEST_STEP][PASSED] - modifiedLblNm = modifyObjectProperty(findTestObject("Object Repository/Objects.HighlightElements/lblField_index"), "xpath", "equals", "(//*[contains(@class, 'x-form-item-label-inner x-form-item-label-inner-default') and contains(., '" + LblName + "')])[" + index + "]", true): Modify property of object successfully

2020-06-05 13:44:13 - [MESSAGE][PASSED] - Modify property of object successfully

2020-06-05 13:44:13 - [TEST_STEP][PASSED] - com.reusableComponents.HighlightElement.run(modifiedLblNm): com.reusableComponents.HighlightElement.run is PASSED

2020-06-05 13:44:13 - [MESSAGE][PASSED] - com.reusableComponents.HighlightElement.run is PASSED

2020-06-05 13:44:13 - [MESSAGE][PASSED] - Call Test Case 'Test Cases/Components/HighlightLabelFieldXPI' successfully

2020-06-05 13:44:13 - [TEST_STEP][PASSED] - callTestCase(findTestCase("Components/HighlightInputFieldXPI"), ["FldNm":"extAgenciesCmb", "index":1], STOP_ON_FAILURE): Call Test Case 'Test Cases/Components/HighlightInputFieldXPI' successfully

2020-06-05 13:44:13 - [TEST_CASE][PASSED] - Test Cases/Components/HighlightInputFieldXPI: Test Cases/Components/HighlightInputFieldXPI

2020-06-05 13:44:13 - [TEST_STEP][PASSED] - Thread.sleep(1000): null

2020-06-05 13:44:14 - [TEST_STEP][PASSED] - modifiedInputNm = modifyObjectProperty(findTestObject("Object Repository/Objects.HighlightElements/input_field_index"), "xpath", "equals", "(//*[contains(@name, '" + FldNm + "')])[" + index + "]", true): Modify property of object successfully

2020-06-05 13:44:14 - [MESSAGE][PASSED] - Modify property of object successfully

2020-06-05 13:44:14 - [TEST_STEP][PASSED] - com.reusableComponents.HighlightElement.run(modifiedInputNm): com.reusableComponents.HighlightElement.run is PASSED

2020-06-05 13:44:15 - [MESSAGE][PASSED] - com.reusableComponents.HighlightElement.run is PASSED

2020-06-05 13:44:15 - [MESSAGE][PASSED] - Call Test Case 'Test Cases/Components/HighlightInputFieldXPI' successfully

2020-06-05 13:44:15 - [TEST_STEP][PASSED] - callTestCase(findTestCase("PFI Precision and Scale/PFI Components with Indexing/VerifyDropdownValuesXPI"), ["FldNm":"extAgenciesCmb", "index":1, "CallTCName":"PFI Precision and Scale/HashMap Tables/ExternalAgencyLists", "cmbNm":"", ... ], STOP_ON_FAILURE): Call Test Case 'Test Cases/PFI Precision and Scale/PFI Components with Indexing/VerifyDropdownValuesXPI' successfully

2020-06-05 13:44:15 - [TEST_CASE][PASSED] - Test Cases/PFI Precision and Scale/PFI Components with Indexing/VerifyDropdownValuesXPI: Test Cases/PFI Precision and Scale/PFI Components with Indexing/VerifyDropdownValuesXPI

2020-06-05 13:44:15 - [TEST_STEP][PASSED] - Thread.sleep(1000): null

2020-06-05 13:44:16 - [TEST_STEP][PASSED] - NewInputNmField = modifyObjectProperty(findTestObject("Object Repository/Objects.HighlightElements/input_field_index"), "xpath", "equals", "(//*[contains(@name, '" + FldNm + "')])[" + index + "]", true): Modify property of object successfully

2020-06-05 13:44:16 - [MESSAGE][PASSED] - Modify property of object successfully

2020-06-05 13:44:16 - [TEST_STEP][PASSED] - comboNm = cmbNm: null

2020-06-05 13:44:16 - [TEST_STEP][PASSED] - focus(NewInputNmField): Object: 'Object Repository/Objects.HighlightElements/input_field_index' is focused

2020-06-05 13:44:16 - [MESSAGE][PASSED] - Object: 'Object Repository/Objects.HighlightElements/input_field_index' is focused

2020-06-05 13:44:16 - [TEST_STEP][PASSED] - setText(NewInputNmField, EnterValue): Text '' is set on object 'Object Repository/Objects.HighlightElements/input_field_index'

2020-06-05 13:44:16 - [MESSAGE][PASSED] - Text '' is set on object 'Object Repository/Objects.HighlightElements/input_field_index'

2020-06-05 13:44:16 - [TEST_STEP][PASSED] - for ([i = 1, i <= NoOfVal, (i++)]): Keys 'DOWN + ' sent to object: 'Object Repository/Objects.HighlightElements/input_field_index'

2020-06-05 13:44:16 - [TEST_STEP][PASSED] - sendKeys(NewInputNmField, Keys.chord(ARROW_DOWN)): Keys 'DOWN + ' sent to object: 'Object Repository/Objects.HighlightElements/input_field_index'

2020-06-05 13:44:16 - [MESSAGE][PASSED] - Keys 'DOWN + ' sent to object: 'Object Repository/Objects.HighlightElements/input_field_index'

2020-06-05 13:44:16 - [TEST_STEP][PASSED] - delay(DelayTime): Delayed 2 second(s)

2020-06-05 13:44:18 - [MESSAGE][PASSED] - Delayed 2 second(s)

2020-06-05 13:44:18 - [TEST_STEP][PASSED] - sendKeys(NewInputNmField, Keys.chord(ENTER)): Keys 'ENTER + ' sent to object: 'Object Repository/Objects.HighlightElements/input_field_index'

2020-06-05 13:44:18 - [MESSAGE][PASSED] - Keys 'ENTER + ' sent to object: 'Object Repository/Objects.HighlightElements/input_field_index'

2020-06-05 13:44:18 - [TEST_STEP][PASSED] - ComboBoxValue = getAttribute(NewInputNmField, "value"): Attribute 'value' of object 'Object Repository/Objects.HighlightElements/input_field_index' is: ''

2020-06-05 13:44:18 - [MESSAGE][PASSED] - Attribute 'value' of object 'Object Repository/Objects.HighlightElements/input_field_index' is: ''

2020-06-05 13:44:18 - [TEST_STEP][PASSED] - callTestCase(findTestCase(CallTCName), ["FindValue":ComboBoxValue, "DropdownNm":comboNm], STOP_ON_FAILURE): Call Test Case 'Test Cases/PFI Precision and Scale/HashMap Tables/ExternalAgencyLists' successfully

2020-06-05 13:44:18 - [TEST_CASE][PASSED] - Test Cases/PFI Precision and Scale/HashMap Tables/ExternalAgencyLists: Test Cases/PFI Precision and Scale/HashMap Tables/ExternalAgencyLists

2020-06-05 13:44:18 - [TEST_STEP][PASSED] - Thread.sleep(1000): null

2020-06-05 13:44:19 - [TEST_STEP][PASSED] - ExtAgencyTBL = [1:"HDB", 2:"AVA", 3:"CAAS", 4:"DSTA", 5:"EXXONMOBIL", 6:"Embassy", 7:"JTC Cat 1A", 8:"MBS- Marina Bay Sands", 9:"MCYS", 10:"MICA", ... ]: null

2020-06-05 13:44:19 - [TEST_STEP][PASSED] - ValueFound = ExtAgencyTBL.find({ -> ... }): null

2020-06-05 13:44:19 - [MESSAGE][PASSED] - Call Test Case 'Test Cases/PFI Precision and Scale/HashMap Tables/ExternalAgencyLists' successfully

2020-06-05 13:44:19 - [TEST_STEP][PASSED] - println(ValueFound): null

2020-06-05 13:44:19 - [TEST_STEP][PASSED] - sendKeys(NewInputNmField, Keys.chord(ARROW_DOWN)): Keys 'DOWN + ' sent to object: 'Object Repository/Objects.HighlightElements/input_field_index'

2020-06-05 13:44:19 - [MESSAGE][PASSED] - Keys 'DOWN + ' sent to object: 'Object Repository/Objects.HighlightElements/input_field_index'

2020-06-05 13:44:19 - [TEST_STEP][PASSED] - sendKeys(NewInputNmField, Keys.chord(ARROW_DOWN)): Keys 'DOWN + ' sent to object: 'Object Repository/Objects.HighlightElements/input_field_index'

2020-06-05 13:44:19 - [MESSAGE][PASSED] - Keys 'DOWN + ' sent to object: 'Object Repository/Objects.HighlightElements/input_field_index'

2020-06-05 13:44:19 - [TEST_STEP][PASSED] - delay(DelayTime): Delayed 2 second(s)

2020-06-05 13:44:21 - [MESSAGE][PASSED] - Delayed 2 second(s)

2020-06-05 13:44:21 - [TEST_STEP][PASSED] - sendKeys(NewInputNmField, Keys.chord(ENTER)): Keys 'ENTER + ' sent to object: 'Object Repository/Objects.HighlightElements/input_field_index'

2020-06-05 13:44:21 - [MESSAGE][PASSED] - Keys 'ENTER + ' sent to object: 'Object Repository/Objects.HighlightElements/input_field_index'

2020-06-05 13:44:21 - [TEST_STEP][PASSED] - ComboBoxValue = getAttribute(NewInputNmField, "value"): Attribute 'value' of object 'Object Repository/Objects.HighlightElements/input_field_index' is: 'HDB'

2020-06-05 13:44:21 - [MESSAGE][PASSED] - Attribute 'value' of object 'Object Repository/Objects.HighlightElements/input_field_index' is: 'HDB'

2020-06-05 13:44:21 - [TEST_STEP][PASSED] - callTestCase(findTestCase(CallTCName), ["FindValue":ComboBoxValue, "DropdownNm":comboNm], STOP_ON_FAILURE): Call Test Case 'Test Cases/PFI Precision and Scale/HashMap Tables/ExternalAgencyLists' successfully

2020-06-05 13:44:21 - [TEST_CASE][PASSED] - Test Cases/PFI Precision and Scale/HashMap Tables/ExternalAgencyLists: Test Cases/PFI Precision and Scale/HashMap Tables/ExternalAgencyLists

2020-06-05 13:44:21 - [TEST_STEP][PASSED] - Thread.sleep(1000): null

2020-06-05 13:44:22 - [TEST_STEP][PASSED] - ExtAgencyTBL = [1:"HDB", 2:"AVA", 3:"CAAS", 4:"DSTA", 5:"EXXONMOBIL", 6:"Embassy", 7:"JTC Cat 1A", 8:"MBS- Marina Bay Sands", 9:"MCYS", 10:"MICA", ... ]: null

2020-06-05 13:44:22 - [TEST_STEP][PASSED] - ValueFound = ExtAgencyTBL.find({ -> ... }): null

2020-06-05 13:44:22 - [MESSAGE][PASSED] - Call Test Case 'Test Cases/PFI Precision and Scale/HashMap Tables/ExternalAgencyLists' successfully

2020-06-05 13:44:22 - [TEST_STEP][PASSED] - println(ValueFound): null

2020-06-05 13:44:22 - [TEST_STEP][PASSED] - sendKeys(NewInputNmField, Keys.chord(ARROW_DOWN)): Keys 'DOWN + ' sent to object: 'Object Repository/Objects.HighlightElements/input_field_index'

2020-06-05 13:44:23 - [MESSAGE][PASSED] - Keys 'DOWN + ' sent to object: 'Object Repository/Objects.HighlightElements/input_field_index'

2020-06-05 13:44:23 - [TEST_STEP][PASSED] - sendKeys(NewInputNmField, Keys.chord(ARROW_DOWN)): Keys 'DOWN + ' sent to object: 'Object Repository/Objects.HighlightElements/input_field_index'

2020-06-05 13:44:23 - [MESSAGE][PASSED] - Keys 'DOWN + ' sent to object: 'Object Repository/Objects.HighlightElements/input_field_index'

2020-06-05 13:44:23 - [TEST_STEP][PASSED] - delay(DelayTime): Delayed 2 second(s)

2020-06-05 13:44:25 - [MESSAGE][PASSED] - Delayed 2 second(s)

2020-06-05 13:44:25 - [TEST_STEP][PASSED] - sendKeys(NewInputNmField, Keys.chord(ENTER)): Keys 'ENTER + ' sent to object: 'Object Repository/Objects.HighlightElements/input_field_index'

2020-06-05 13:44:25 - [MESSAGE][PASSED] - Keys 'ENTER + ' sent to object: 'Object Repository/Objects.HighlightElements/input_field_index'

2020-06-05 13:44:25 - [TEST_STEP][PASSED] - ComboBoxValue = getAttribute(NewInputNmField, "value"): Attribute 'value' of object 'Object Repository/Objects.HighlightElements/input_field_index' is: 'AVA '

2020-06-05 13:44:25 - [MESSAGE][PASSED] - Attribute 'value' of object 'Object Repository/Objects.HighlightElements/input_field_index' is: 'AVA '

2020-06-05 13:44:25 - [TEST_STEP][PASSED] - callTestCase(findTestCase(CallTCName), ["FindValue":ComboBoxValue, "DropdownNm":comboNm], STOP_ON_FAILURE): Call Test Case 'Test Cases/PFI Precision and Scale/HashMap Tables/ExternalAgencyLists' successfully

2020-06-05 13:44:25 - [TEST_CASE][PASSED] - Test Cases/PFI Precision and Scale/HashMap Tables/ExternalAgencyLists: Test Cases/PFI Precision and Scale/HashMap Tables/ExternalAgencyLists

2020-06-05 13:44:25 - [TEST_STEP][PASSED] - Thread.sleep(1000): null

2020-06-05 13:44:26 - [TEST_STEP][PASSED] - ExtAgencyTBL = [1:"HDB", 2:"AVA", 3:"CAAS", 4:"DSTA", 5:"EXXONMOBIL", 6:"Embassy", 7:"JTC Cat 1A", 8:"MBS- Marina Bay Sands", 9:"MCYS", 10:"MICA", ... ]: null

2020-06-05 13:44:26 - [TEST_STEP][PASSED] - ValueFound = ExtAgencyTBL.find({ -> ... }): null

2020-06-05 13:44:26 - [MESSAGE][PASSED] - Call Test Case 'Test Cases/PFI Precision and Scale/HashMap Tables/ExternalAgencyLists' successfully

2020-06-05 13:44:26 - [TEST_STEP][PASSED] - println(ValueFound): null

2020-06-05 13:44:26 - [TEST_STEP][PASSED] - sendKeys(NewInputNmField, Keys.chord(ARROW_DOWN)): Keys 'DOWN + ' sent to object: 'Object Repository/Objects.HighlightElements/input_field_index'

2020-06-05 13:44:26 - [MESSAGE][PASSED] - Keys 'DOWN + ' sent to object: 'Object Repository/Objects.HighlightElements/input_field_index'

2020-06-05 13:44:26 - [TEST_STEP][PASSED] - sendKeys(NewInputNmField, Keys.chord(ARROW_DOWN)): Keys 'DOWN + ' sent to object: 'Object Repository/Objects.HighlightElements/input_field_index'

2020-06-05 13:44:26 - [MESSAGE][PASSED] - Keys 'DOWN + ' sent to object: 'Object Repository/Objects.HighlightElements/input_field_index'

2020-06-05 13:44:26 - [TEST_STEP][PASSED] - delay(DelayTime): Delayed 2 second(s)

2020-06-05 13:44:28 - [MESSAGE][PASSED] - Delayed 2 second(s)

2020-06-05 13:44:28 - [TEST_STEP][PASSED] - sendKeys(NewInputNmField, Keys.chord(ENTER)): Keys 'ENTER + ' sent to object: 'Object Repository/Objects.HighlightElements/input_field_index'

2020-06-05 13:44:28 - [MESSAGE][PASSED] - Keys 'ENTER + ' sent to object: 'Object Repository/Objects.HighlightElements/input_field_index'

2020-06-05 13:44:28 - [TEST_STEP][PASSED] - ComboBoxValue = getAttribute(NewInputNmField, "value"): Attribute 'value' of object 'Object Repository/Objects.HighlightElements/input_field_index' is: 'CAAS'

2020-06-05 13:44:28 - [MESSAGE][PASSED] - Attribute 'value' of object 'Object Repository/Objects.HighlightElements/input_field_index' is: 'CAAS'

2020-06-05 13:44:28 - [TEST_STEP][PASSED] - callTestCase(findTestCase(CallTCName), ["FindValue":ComboBoxValue, "DropdownNm":comboNm], STOP_ON_FAILURE): Call Test Case 'Test Cases/PFI Precision and Scale/HashMap Tables/ExternalAgencyLists' successfully

2020-06-05 13:44:28 - [TEST_CASE][PASSED] - Test Cases/PFI Precision and Scale/HashMap Tables/ExternalAgencyLists: Test Cases/PFI Precision and Scale/HashMap Tables/ExternalAgencyLists

2020-06-05 13:44:28 - [TEST_STEP][PASSED] - Thread.sleep(1000): null

2020-06-05 13:44:29 - [TEST_STEP][PASSED] - ExtAgencyTBL = [1:"HDB", 2:"AVA", 3:"CAAS", 4:"DSTA", 5:"EXXONMOBIL", 6:"Embassy", 7:"JTC Cat 1A", 8:"MBS- Marina Bay Sands", 9:"MCYS", 10:"MICA", ... ]: null

2020-06-05 13:44:29 - [TEST_STEP][PASSED] - ValueFound = ExtAgencyTBL.find({ -> ... }): null

2020-06-05 13:44:29 - [MESSAGE][PASSED] - Call Test Case 'Test Cases/PFI Precision and Scale/HashMap Tables/ExternalAgencyLists' successfully

2020-06-05 13:44:29 - [TEST_STEP][PASSED] - println(ValueFound): null

2020-06-05 13:44:29 - [TEST_STEP][PASSED] - sendKeys(NewInputNmField, Keys.chord(ARROW_DOWN)): Keys 'DOWN + ' sent to object: 'Object Repository/Objects.HighlightElements/input_field_index'

2020-06-05 13:44:29 - [MESSAGE][PASSED] - Keys 'DOWN + ' sent to object: 'Object Repository/Objects.HighlightElements/input_field_index'

2020-06-05 13:44:29 - [TEST_STEP][PASSED] - sendKeys(NewInputNmField, Keys.chord(ARROW_DOWN)): Keys 'DOWN + ' sent to object: 'Object Repository/Objects.HighlightElements/input_field_index'

2020-06-05 13:44:29 - [MESSAGE][PASSED] - Keys 'DOWN + ' sent to object: 'Object Repository/Objects.HighlightElements/input_field_index'

2020-06-05 13:44:29 - [TEST_STEP][PASSED] - delay(DelayTime): Delayed 2 second(s)

2020-06-05 13:44:31 - [MESSAGE][PASSED] - Delayed 2 second(s)

2020-06-05 13:44:31 - [TEST_STEP][PASSED] - sendKeys(NewInputNmField, Keys.chord(ENTER)): Keys 'ENTER + ' sent to object: 'Object Repository/Objects.HighlightElements/input_field_index'

2020-06-05 13:44:31 - [MESSAGE][PASSED] - Keys 'ENTER + ' sent to object: 'Object Repository/Objects.HighlightElements/input_field_index'

2020-06-05 13:44:31 - [TEST_STEP][PASSED] - ComboBoxValue = getAttribute(NewInputNmField, "value"): Attribute 'value' of object 'Object Repository/Objects.HighlightElements/input_field_index' is: 'DSTA'

2020-06-05 13:44:31 - [MESSAGE][PASSED] - Attribute 'value' of object 'Object Repository/Objects.HighlightElements/input_field_index' is: 'DSTA'

2020-06-05 13:44:31 - [TEST_STEP][PASSED] - callTestCase(findTestCase(CallTCName), ["FindValue":ComboBoxValue, "DropdownNm":comboNm], STOP_ON_FAILURE): Call Test Case 'Test Cases/PFI Precision and Scale/HashMap Tables/ExternalAgencyLists' successfully

2020-06-05 13:44:31 - [TEST_CASE][PASSED] - Test Cases/PFI Precision and Scale/HashMap Tables/ExternalAgencyLists: Test Cases/PFI Precision and Scale/HashMap Tables/ExternalAgencyLists

2020-06-05 13:44:31 - [TEST_STEP][PASSED] - Thread.sleep(1000): null

2020-06-05 13:44:32 - [TEST_STEP][PASSED] - ExtAgencyTBL = [1:"HDB", 2:"AVA", 3:"CAAS", 4:"DSTA", 5:"EXXONMOBIL", 6:"Embassy", 7:"JTC Cat 1A", 8:"MBS- Marina Bay Sands", 9:"MCYS", 10:"MICA", ... ]: null

2020-06-05 13:44:32 - [TEST_STEP][PASSED] - ValueFound = ExtAgencyTBL.find({ -> ... }): null

2020-06-05 13:44:32 - [MESSAGE][PASSED] - Call Test Case 'Test Cases/PFI Precision and Scale/HashMap Tables/ExternalAgencyLists' successfully

2020-06-05 13:44:32 - [TEST_STEP][PASSED] - println(ValueFound): null

2020-06-05 13:44:32 - [TEST_STEP][PASSED] - sendKeys(NewInputNmField, Keys.chord(ARROW_DOWN)): Keys 'DOWN + ' sent to object: 'Object Repository/Objects.HighlightElements/input_field_index'

2020-06-05 13:44:32 - [MESSAGE][PASSED] - Keys 'DOWN + ' sent to object: 'Object Repository/Objects.HighlightElements/input_field_index'

2020-06-05 13:44:32 - [TEST_STEP][PASSED] - sendKeys(NewInputNmField, Keys.chord(ARROW_DOWN)): Keys 'DOWN + ' sent to object: 'Object Repository/Objects.HighlightElements/input_field_index'

2020-06-05 13:44:32 - [MESSAGE][PASSED] - Keys 'DOWN + ' sent to object: 'Object Repository/Objects.HighlightElements/input_field_index'

2020-06-05 13:44:32 - [TEST_STEP][PASSED] - delay(DelayTime): Delayed 2 second(s)

2020-06-05 13:44:34 - [MESSAGE][PASSED] - Delayed 2 second(s)

2020-06-05 13:44:34 - [TEST_STEP][PASSED] - sendKeys(NewInputNmField, Keys.chord(ENTER)): Keys 'ENTER + ' sent to object: 'Object Repository/Objects.HighlightElements/input_field_index'

2020-06-05 13:44:34 - [MESSAGE][PASSED] - Keys 'ENTER + ' sent to object: 'Object Repository/Objects.HighlightElements/input_field_index'

2020-06-05 13:44:34 - [TEST_STEP][PASSED] - ComboBoxValue = getAttribute(NewInputNmField, "value"): Attribute 'value' of object 'Object Repository/Objects.HighlightElements/input_field_index' is: 'EXXONMOBIL'

2020-06-05 13:44:34 - [MESSAGE][PASSED] - Attribute 'value' of object 'Object Repository/Objects.HighlightElements/input_field_index' is: 'EXXONMOBIL'

2020-06-05 13:44:34 - [TEST_STEP][PASSED] - callTestCase(findTestCase(CallTCName), ["FindValue":ComboBoxValue, "DropdownNm":comboNm], STOP_ON_FAILURE): Call Test Case 'Test Cases/PFI Precision and Scale/HashMap Tables/ExternalAgencyLists' successfully

2020-06-05 13:44:34 - [TEST_CASE][PASSED] - Test Cases/PFI Precision and Scale/HashMap Tables/ExternalAgencyLists: Test Cases/PFI Precision and Scale/HashMap Tables/ExternalAgencyLists

2020-06-05 13:44:34 - [TEST_STEP][PASSED] - Thread.sleep(1000): null

2020-06-05 13:44:35 - [TEST_STEP][PASSED] - ExtAgencyTBL = [1:"HDB", 2:"AVA", 3:"CAAS", 4:"DSTA", 5:"EXXONMOBIL", 6:"Embassy", 7:"JTC Cat 1A", 8:"MBS- Marina Bay Sands", 9:"MCYS", 10:"MICA", ... ]: null

2020-06-05 13:44:35 - [TEST_STEP][PASSED] - ValueFound = ExtAgencyTBL.find({ -> ... }): null

2020-06-05 13:44:35 - [MESSAGE][PASSED] - Call Test Case 'Test Cases/PFI Precision and Scale/HashMap Tables/ExternalAgencyLists' successfully

2020-06-05 13:44:35 - [TEST_STEP][PASSED] - println(ValueFound): null

2020-06-05 13:44:35 - [TEST_STEP][PASSED] - sendKeys(NewInputNmField, Keys.chord(ARROW_DOWN)): Keys 'DOWN + ' sent to object: 'Object Repository/Objects.HighlightElements/input_field_index'

2020-06-05 13:44:35 - [MESSAGE][PASSED] - Keys 'DOWN + ' sent to object: 'Object Repository/Objects.HighlightElements/input_field_index'

2020-06-05 13:44:35 - [TEST_STEP][PASSED] - sendKeys(NewInputNmField, Keys.chord(ARROW_DOWN)): Keys 'DOWN + ' sent to object: 'Object Repository/Objects.HighlightElements/input_field_index'

2020-06-05 13:44:36 - [MESSAGE][PASSED] - Keys 'DOWN + ' sent to object: 'Object Repository/Objects.HighlightElements/input_field_index'

2020-06-05 13:44:36 - [TEST_STEP][PASSED] - delay(DelayTime): Delayed 2 second(s)

2020-06-05 13:44:38 - [MESSAGE][PASSED] - Delayed 2 second(s)

2020-06-05 13:44:38 - [TEST_STEP][PASSED] - sendKeys(NewInputNmField, Keys.chord(ENTER)): Keys 'ENTER + ' sent to object: 'Object Repository/Objects.HighlightElements/input_field_index'

2020-06-05 13:44:38 - [MESSAGE][PASSED] - Keys 'ENTER + ' sent to object: 'Object Repository/Objects.HighlightElements/input_field_index'

2020-06-05 13:44:38 - [TEST_STEP][PASSED] - ComboBoxValue = getAttribute(NewInputNmField, "value"): Attribute 'value' of object 'Object Repository/Objects.HighlightElements/input_field_index' is: 'Embassy'

2020-06-05 13:44:38 - [MESSAGE][PASSED] - Attribute 'value' of object 'Object Repository/Objects.HighlightElements/input_field_index' is: 'Embassy'

2020-06-05 13:44:38 - [TEST_STEP][PASSED] - callTestCase(findTestCase(CallTCName), ["FindValue":ComboBoxValue, "DropdownNm":comboNm], STOP_ON_FAILURE): Call Test Case 'Test Cases/PFI Precision and Scale/HashMap Tables/ExternalAgencyLists' successfully

2020-06-05 13:44:38 - [TEST_CASE][PASSED] - Test Cases/PFI Precision and Scale/HashMap Tables/ExternalAgencyLists: Test Cases/PFI Precision and Scale/HashMap Tables/ExternalAgencyLists

2020-06-05 13:44:38 - [TEST_STEP][PASSED] - Thread.sleep(1000): null

2020-06-05 13:44:39 - [TEST_STEP][PASSED] - ExtAgencyTBL = [1:"HDB", 2:"AVA", 3:"CAAS", 4:"DSTA", 5:"EXXONMOBIL", 6:"Embassy", 7:"JTC Cat 1A", 8:"MBS- Marina Bay Sands", 9:"MCYS", 10:"MICA", ... ]: null

2020-06-05 13:44:39 - [TEST_STEP][PASSED] - ValueFound = ExtAgencyTBL.find({ -> ... }): null

2020-06-05 13:44:39 - [MESSAGE][PASSED] - Call Test Case 'Test Cases/PFI Precision and Scale/HashMap Tables/ExternalAgencyLists' successfully

2020-06-05 13:44:39 - [TEST_STEP][PASSED] - println(ValueFound): null

2020-06-05 13:44:39 - [TEST_STEP][PASSED] - sendKeys(NewInputNmField, Keys.chord(ARROW_DOWN)): Keys 'DOWN + ' sent to object: 'Object Repository/Objects.HighlightElements/input_field_index'

2020-06-05 13:44:39 - [MESSAGE][PASSED] - Keys 'DOWN + ' sent to object: 'Object Repository/Objects.HighlightElements/input_field_index'

2020-06-05 13:44:39 - [TEST_STEP][PASSED] - sendKeys(NewInputNmField, Keys.chord(ARROW_DOWN)): Keys 'DOWN + ' sent to object: 'Object Repository/Objects.HighlightElements/input_field_index'

2020-06-05 13:44:39 - [MESSAGE][PASSED] - Keys 'DOWN + ' sent to object: 'Object Repository/Objects.HighlightElements/input_field_index'

2020-06-05 13:44:39 - [TEST_STEP][PASSED] - delay(DelayTime): Delayed 2 second(s)

2020-06-05 13:44:41 - [MESSAGE][PASSED] - Delayed 2 second(s)

2020-06-05 13:44:41 - [TEST_STEP][PASSED] - sendKeys(NewInputNmField, Keys.chord(ENTER)): Keys 'ENTER + ' sent to object: 'Object Repository/Objects.HighlightElements/input_field_index'

2020-06-05 13:44:41 - [MESSAGE][PASSED] - Keys 'ENTER + ' sent to object: 'Object Repository/Objects.HighlightElements/input_field_index'

2020-06-05 13:44:41 - [TEST_STEP][PASSED] - ComboBoxValue = getAttribute(NewInputNmField, "value"): Attribute 'value' of object 'Object Repository/Objects.HighlightElements/input_field_index' is: 'JTC Cat 1A'

2020-06-05 13:44:41 - [MESSAGE][PASSED] - Attribute 'value' of object 'Object Repository/Objects.HighlightElements/input_field_index' is: 'JTC Cat 1A'

2020-06-05 13:44:41 - [TEST_STEP][PASSED] - callTestCase(findTestCase(CallTCName), ["FindValue":ComboBoxValue, "DropdownNm":comboNm], STOP_ON_FAILURE): Call Test Case 'Test Cases/PFI Precision and Scale/HashMap Tables/ExternalAgencyLists' successfully

2020-06-05 13:44:41 - [TEST_CASE][PASSED] - Test Cases/PFI Precision and Scale/HashMap Tables/ExternalAgencyLists: Test Cases/PFI Precision and Scale/HashMap Tables/ExternalAgencyLists

2020-06-05 13:44:41 - [TEST_STEP][PASSED] - Thread.sleep(1000): null

2020-06-05 13:44:42 - [TEST_STEP][PASSED] - ExtAgencyTBL = [1:"HDB", 2:"AVA", 3:"CAAS", 4:"DSTA", 5:"EXXONMOBIL", 6:"Embassy", 7:"JTC Cat 1A", 8:"MBS- Marina Bay Sands", 9:"MCYS", 10:"MICA", ... ]: null

2020-06-05 13:44:42 - [TEST_STEP][PASSED] - ValueFound = ExtAgencyTBL.find({ -> ... }): null

2020-06-05 13:44:42 - [MESSAGE][PASSED] - Call Test Case 'Test Cases/PFI Precision and Scale/HashMap Tables/ExternalAgencyLists' successfully

2020-06-05 13:44:42 - [TEST_STEP][PASSED] - println(ValueFound): null

2020-06-05 13:44:42 - [TEST_STEP][PASSED] - sendKeys(NewInputNmField, Keys.chord(ARROW_DOWN)): Keys 'DOWN + ' sent to object: 'Object Repository/Objects.HighlightElements/input_field_index'

2020-06-05 13:44:42 - [MESSAGE][PASSED] - Keys 'DOWN + ' sent to object: 'Object Repository/Objects.HighlightElements/input_field_index'

2020-06-05 13:44:42 - [TEST_STEP][PASSED] - sendKeys(NewInputNmField, Keys.chord(ARROW_DOWN)): Keys 'DOWN + ' sent to object: 'Object Repository/Objects.HighlightElements/input_field_index'

2020-06-05 13:44:42 - [MESSAGE][PASSED] - Keys 'DOWN + ' sent to object: 'Object Repository/Objects.HighlightElements/input_field_index'

2020-06-05 13:44:42 - [TEST_STEP][PASSED] - delay(DelayTime): Delayed 2 second(s)

2020-06-05 13:44:44 - [MESSAGE][PASSED] - Delayed 2 second(s)

2020-06-05 13:44:44 - [TEST_STEP][PASSED] - sendKeys(NewInputNmField, Keys.chord(ENTER)): Keys 'ENTER + ' sent to object: 'Object Repository/Objects.HighlightElements/input_field_index'

2020-06-05 13:44:44 - [MESSAGE][PASSED] - Keys 'ENTER + ' sent to object: 'Object Repository/Objects.HighlightElements/input_field_index'

2020-06-05 13:44:44 - [TEST_STEP][PASSED] - ComboBoxValue = getAttribute(NewInputNmField, "value"): Attribute 'value' of object 'Object Repository/Objects.HighlightElements/input_field_index' is: 'MBS- Marina Bay Sands'

2020-06-05 13:44:44 - [MESSAGE][PASSED] - Attribute 'value' of object 'Object Repository/Objects.HighlightElements/input_field_index' is: 'MBS- Marina Bay Sands'

2020-06-05 13:44:44 - [TEST_STEP][PASSED] - callTestCase(findTestCase(CallTCName), ["FindValue":ComboBoxValue, "DropdownNm":comboNm], STOP_ON_FAILURE): Call Test Case 'Test Cases/PFI Precision and Scale/HashMap Tables/ExternalAgencyLists' successfully

2020-06-05 13:44:44 - [TEST_CASE][PASSED] - Test Cases/PFI Precision and Scale/HashMap Tables/ExternalAgencyLists: Test Cases/PFI Precision and Scale/HashMap Tables/ExternalAgencyLists

2020-06-05 13:44:44 - [TEST_STEP][PASSED] - Thread.sleep(1000): null

2020-06-05 13:44:45 - [TEST_STEP][PASSED] - ExtAgencyTBL = [1:"HDB", 2:"AVA", 3:"CAAS", 4:"DSTA", 5:"EXXONMOBIL", 6:"Embassy", 7:"JTC Cat 1A", 8:"MBS- Marina Bay Sands", 9:"MCYS", 10:"MICA", ... ]: null

2020-06-05 13:44:45 - [TEST_STEP][PASSED] - ValueFound = ExtAgencyTBL.find({ -> ... }): null

2020-06-05 13:44:45 - [MESSAGE][PASSED] - Call Test Case 'Test Cases/PFI Precision and Scale/HashMap Tables/ExternalAgencyLists' successfully

2020-06-05 13:44:45 - [TEST_STEP][PASSED] - println(ValueFound): null

2020-06-05 13:44:45 - [TEST_STEP][PASSED] - sendKeys(NewInputNmField, Keys.chord(ARROW_DOWN)): Keys 'DOWN + ' sent to object: 'Object Repository/Objects.HighlightElements/input_field_index'

2020-06-05 13:44:45 - [MESSAGE][PASSED] - Keys 'DOWN + ' sent to object: 'Object Repository/Objects.HighlightElements/input_field_index'

2020-06-05 13:44:45 - [TEST_STEP][PASSED] - sendKeys(NewInputNmField, Keys.chord(ARROW_DOWN)): Keys 'DOWN + ' sent to object: 'Object Repository/Objects.HighlightElements/input_field_index'

2020-06-05 13:44:45 - [MESSAGE][PASSED] - Keys 'DOWN + ' sent to object: 'Object Repository/Objects.HighlightElements/input_field_index'

2020-06-05 13:44:45 - [TEST_STEP][PASSED] - delay(DelayTime): Delayed 2 second(s)

2020-06-05 13:44:47 - [MESSAGE][PASSED] - Delayed 2 second(s)

2020-06-05 13:44:47 - [TEST_STEP][PASSED] - sendKeys(NewInputNmField, Keys.chord(ENTER)): Keys 'ENTER + ' sent to object: 'Object Repository/Objects.HighlightElements/input_field_index'

2020-06-05 13:44:47 - [MESSAGE][PASSED] - Keys 'ENTER + ' sent to object: 'Object Repository/Objects.HighlightElements/input_field_index'

2020-06-05 13:44:47 - [TEST_STEP][PASSED] - ComboBoxValue = getAttribute(NewInputNmField, "value"): Attribute 'value' of object 'Object Repository/Objects.HighlightElements/input_field_index' is: 'MCYS'

2020-06-05 13:44:47 - [MESSAGE][PASSED] - Attribute 'value' of object 'Object Repository/Objects.HighlightElements/input_field_index' is: 'MCYS'

2020-06-05 13:44:47 - [TEST_STEP][PASSED] - callTestCase(findTestCase(CallTCName), ["FindValue":ComboBoxValue, "DropdownNm":comboNm], STOP_ON_FAILURE): Call Test Case 'Test Cases/PFI Precision and Scale/HashMap Tables/ExternalAgencyLists' successfully

2020-06-05 13:44:47 - [TEST_CASE][PASSED] - Test Cases/PFI Precision and Scale/HashMap Tables/ExternalAgencyLists: Test Cases/PFI Precision and Scale/HashMap Tables/ExternalAgencyLists

2020-06-05 13:44:47 - [TEST_STEP][PASSED] - Thread.sleep(1000): null

2020-06-05 13:44:48 - [TEST_STEP][PASSED] - ExtAgencyTBL = [1:"HDB", 2:"AVA", 3:"CAAS", 4:"DSTA", 5:"EXXONMOBIL", 6:"Embassy", 7:"JTC Cat 1A", 8:"MBS- Marina Bay Sands", 9:"MCYS", 10:"MICA", ... ]: null

2020-06-05 13:44:48 - [TEST_STEP][PASSED] - ValueFound = ExtAgencyTBL.find({ -> ... }): null

2020-06-05 13:44:48 - [MESSAGE][PASSED] - Call Test Case 'Test Cases/PFI Precision and Scale/HashMap Tables/ExternalAgencyLists' successfully

2020-06-05 13:44:48 - [TEST_STEP][PASSED] - println(ValueFound): null

2020-06-05 13:44:48 - [TEST_STEP][PASSED] - sendKeys(NewInputNmField, Keys.chord(ARROW_DOWN)): Keys 'DOWN + ' sent to object: 'Object Repository/Objects.HighlightElements/input_field_index'

2020-06-05 13:44:48 - [MESSAGE][PASSED] - Keys 'DOWN + ' sent to object: 'Object Repository/Objects.HighlightElements/input_field_index'

2020-06-05 13:44:48 - [TEST_STEP][PASSED] - sendKeys(NewInputNmField, Keys.chord(ARROW_DOWN)): Keys 'DOWN + ' sent to object: 'Object Repository/Objects.HighlightElements/input_field_index'

2020-06-05 13:44:49 - [MESSAGE][PASSED] - Keys 'DOWN + ' sent to object: 'Object Repository/Objects.HighlightElements/input_field_index'

2020-06-05 13:44:49 - [TEST_STEP][PASSED] - delay(DelayTime): Delayed 2 second(s)

2020-06-05 13:44:51 - [MESSAGE][PASSED] - Delayed 2 second(s)

2020-06-05 13:44:51 - [TEST_STEP][PASSED] - sendKeys(NewInputNmField, Keys.chord(ENTER)): Keys 'ENTER + ' sent to object: 'Object Repository/Objects.HighlightElements/input_field_index'

2020-06-05 13:44:51 - [MESSAGE][PASSED] - Keys 'ENTER + ' sent to object: 'Object Repository/Objects.HighlightElements/input_field_index'

2020-06-05 13:44:51 - [TEST_STEP][PASSED] - ComboBoxValue = getAttribute(NewInputNmField, "value"): Attribute 'value' of object 'Object Repository/Objects.HighlightElements/input_field_index' is: 'MICA'

2020-06-05 13:44:51 - [MESSAGE][PASSED] - Attribute 'value' of object 'Object Repository/Objects.HighlightElements/input_field_index' is: 'MICA'

2020-06-05 13:44:51 - [TEST_STEP][PASSED] - callTestCase(findTestCase(CallTCName), ["FindValue":ComboBoxValue, "DropdownNm":comboNm], STOP_ON_FAILURE): Call Test Case 'Test Cases/PFI Precision and Scale/HashMap Tables/ExternalAgencyLists' successfully

2020-06-05 13:44:51 - [TEST_CASE][PASSED] - Test Cases/PFI Precision and Scale/HashMap Tables/ExternalAgencyLists: Test Cases/PFI Precision and Scale/HashMap Tables/ExternalAgencyLists

2020-06-05 13:44:51 - [TEST_STEP][PASSED] - Thread.sleep(1000): null

2020-06-05 13:44:52 - [TEST_STEP][PASSED] - ExtAgencyTBL = [1:"HDB", 2:"AVA", 3:"CAAS", 4:"DSTA", 5:"EXXONMOBIL", 6:"Embassy", 7:"JTC Cat 1A", 8:"MBS- Marina Bay Sands", 9:"MCYS", 10:"MICA", ... ]: null

2020-06-05 13:44:52 - [TEST_STEP][PASSED] - ValueFound = ExtAgencyTBL.find({ -> ... }): null

2020-06-05 13:44:52 - [MESSAGE][PASSED] - Call Test Case 'Test Cases/PFI Precision and Scale/HashMap Tables/ExternalAgencyLists' successfully

2020-06-05 13:44:52 - [TEST_STEP][PASSED] - println(ValueFound): null

2020-06-05 13:44:52 - [TEST_STEP][PASSED] - sendKeys(NewInputNmField, Keys.chord(ARROW_DOWN)): Keys 'DOWN + ' sent to object: 'Object Repository/Objects.HighlightElements/input_field_index'

2020-06-05 13:44:52 - [MESSAGE][PASSED] - Keys 'DOWN + ' sent to object: 'Object Repository/Objects.HighlightElements/input_field_index'

2020-06-05 13:44:52 - [TEST_STEP][PASSED] - sendKeys(NewInputNmField, Keys.chord(ARROW_DOWN)): Keys 'DOWN + ' sent to object: 'Object Repository/Objects.HighlightElements/input_field_index'

2020-06-05 13:44:52 - [MESSAGE][PASSED] - Keys 'DOWN + ' sent to object: 'Object Repository/Objects.HighlightElements/input_field_index'

2020-06-05 13:44:52 - [TEST_STEP][PASSED] - delay(DelayTime): Delayed 2 second(s)

2020-06-05 13:44:54 - [MESSAGE][PASSED] - Delayed 2 second(s)

2020-06-05 13:44:54 - [TEST_STEP][PASSED] - sendKeys(NewInputNmField, Keys.chord(ENTER)): Keys 'ENTER + ' sent to object: 'Object Repository/Objects.HighlightElements/input_field_index'

2020-06-05 13:44:54 - [MESSAGE][PASSED] - Keys 'ENTER + ' sent to object: 'Object Repository/Objects.HighlightElements/input_field_index'

2020-06-05 13:44:54 - [TEST_STEP][PASSED] - ComboBoxValue = getAttribute(NewInputNmField, "value"): Attribute 'value' of object 'Object Repository/Objects.HighlightElements/input_field_index' is: 'MUIS'

2020-06-05 13:44:54 - [MESSAGE][PASSED] - Attribute 'value' of object 'Object Repository/Objects.HighlightElements/input_field_index' is: 'MUIS'

2020-06-05 13:44:54 - [TEST_STEP][PASSED] - callTestCase(findTestCase(CallTCName), ["FindValue":ComboBoxValue, "DropdownNm":comboNm], STOP_ON_FAILURE): Call Test Case 'Test Cases/PFI Precision and Scale/HashMap Tables/ExternalAgencyLists' successfully

2020-06-05 13:44:54 - [TEST_CASE][PASSED] - Test Cases/PFI Precision and Scale/HashMap Tables/ExternalAgencyLists: Test Cases/PFI Precision and Scale/HashMap Tables/ExternalAgencyLists

2020-06-05 13:44:54 - [TEST_STEP][PASSED] - Thread.sleep(1000): null

2020-06-05 13:44:55 - [TEST_STEP][PASSED] - ExtAgencyTBL = [1:"HDB", 2:"AVA", 3:"CAAS", 4:"DSTA", 5:"EXXONMOBIL", 6:"Embassy", 7:"JTC Cat 1A", 8:"MBS- Marina Bay Sands", 9:"MCYS", 10:"MICA", ... ]: null

2020-06-05 13:44:55 - [TEST_STEP][PASSED] - ValueFound = ExtAgencyTBL.find({ -> ... }): null

2020-06-05 13:44:55 - [MESSAGE][PASSED] - Call Test Case 'Test Cases/PFI Precision and Scale/HashMap Tables/ExternalAgencyLists' successfully

2020-06-05 13:44:55 - [TEST_STEP][PASSED] - println(ValueFound): null

2020-06-05 13:44:55 - [TEST_STEP][PASSED] - sendKeys(NewInputNmField, Keys.chord(ARROW_DOWN)): Keys 'DOWN + ' sent to object: 'Object Repository/Objects.HighlightElements/input_field_index'

2020-06-05 13:44:55 - [MESSAGE][PASSED] - Keys 'DOWN + ' sent to object: 'Object Repository/Objects.HighlightElements/input_field_index'

2020-06-05 13:44:55 - [TEST_STEP][PASSED] - sendKeys(NewInputNmField, Keys.chord(ARROW_DOWN)): Keys 'DOWN + ' sent to object: 'Object Repository/Objects.HighlightElements/input_field_index'

2020-06-05 13:44:55 - [MESSAGE][PASSED] - Keys 'DOWN + ' sent to object: 'Object Repository/Objects.HighlightElements/input_field_index'

2020-06-05 13:44:55 - [TEST_STEP][PASSED] - delay(DelayTime): Delayed 2 second(s)

2020-06-05 13:44:57 - [MESSAGE][PASSED] - Delayed 2 second(s)

2020-06-05 13:44:57 - [TEST_STEP][PASSED] - sendKeys(NewInputNmField, Keys.chord(ENTER)): Keys 'ENTER + ' sent to object: 'Object Repository/Objects.HighlightElements/input_field_index'

2020-06-05 13:44:57 - [MESSAGE][PASSED] - Keys 'ENTER + ' sent to object: 'Object Repository/Objects.HighlightElements/input_field_index'

2020-06-05 13:44:57 - [TEST_STEP][PASSED] - ComboBoxValue = getAttribute(NewInputNmField, "value"): Attribute 'value' of object 'Object Repository/Objects.HighlightElements/input_field_index' is: 'Ministry of Defence'

2020-06-05 13:44:57 - [MESSAGE][PASSED] - Attribute 'value' of object 'Object Repository/Objects.HighlightElements/input_field_index' is: 'Ministry of Defence'

2020-06-05 13:44:57 - [TEST_STEP][PASSED] - callTestCase(findTestCase(CallTCName), ["FindValue":ComboBoxValue, "DropdownNm":comboNm], STOP_ON_FAILURE): Call Test Case 'Test Cases/PFI Precision and Scale/HashMap Tables/ExternalAgencyLists' successfully

2020-06-05 13:44:57 - [TEST_CASE][PASSED] - Test Cases/PFI Precision and Scale/HashMap Tables/ExternalAgencyLists: Test Cases/PFI Precision and Scale/HashMap Tables/ExternalAgencyLists

2020-06-05 13:44:57 - [TEST_STEP][PASSED] - Thread.sleep(1000): null

2020-06-05 13:44:58 - [TEST_STEP][PASSED] - ExtAgencyTBL = [1:"HDB", 2:"AVA", 3:"CAAS", 4:"DSTA", 5:"EXXONMOBIL", 6:"Embassy", 7:"JTC Cat 1A", 8:"MBS- Marina Bay Sands", 9:"MCYS", 10:"MICA", ... ]: null

2020-06-05 13:44:58 - [TEST_STEP][PASSED] - ValueFound = ExtAgencyTBL.find({ -> ... }): null

2020-06-05 13:44:58 - [MESSAGE][PASSED] - Call Test Case 'Test Cases/PFI Precision and Scale/HashMap Tables/ExternalAgencyLists' successfully

2020-06-05 13:44:58 - [TEST_STEP][PASSED] - println(ValueFound): null

2020-06-05 13:44:58 - [TEST_STEP][PASSED] - sendKeys(NewInputNmField, Keys.chord(ARROW_DOWN)): Keys 'DOWN + ' sent to object: 'Object Repository/Objects.HighlightElements/input_field_index'

2020-06-05 13:44:58 - [MESSAGE][PASSED] - Keys 'DOWN + ' sent to object: 'Object Repository/Objects.HighlightElements/input_field_index'

2020-06-05 13:44:58 - [TEST_STEP][PASSED] - sendKeys(NewInputNmField, Keys.chord(ARROW_DOWN)): Keys 'DOWN + ' sent to object: 'Object Repository/Objects.HighlightElements/input_field_index'

2020-06-05 13:44:58 - [MESSAGE][PASSED] - Keys 'DOWN + ' sent to object: 'Object Repository/Objects.HighlightElements/input_field_index'

2020-06-05 13:44:58 - [TEST_STEP][PASSED] - delay(DelayTime): Delayed 2 second(s)

2020-06-05 13:45:00 - [MESSAGE][PASSED] - Delayed 2 second(s)

2020-06-05 13:45:00 - [TEST_STEP][PASSED] - sendKeys(NewInputNmField, Keys.chord(ENTER)): Keys 'ENTER + ' sent to object: 'Object Repository/Objects.HighlightElements/input_field_index'

2020-06-05 13:45:00 - [MESSAGE][PASSED] - Keys 'ENTER + ' sent to object: 'Object Repository/Objects.HighlightElements/input_field_index'

2020-06-05 13:45:00 - [TEST_STEP][PASSED] - ComboBoxValue = getAttribute(NewInputNmField, "value"): Attribute 'value' of object 'Object Repository/Objects.HighlightElements/input_field_index' is: 'Ministry of Education'

2020-06-05 13:45:00 - [MESSAGE][PASSED] - Attribute 'value' of object 'Object Repository/Objects.HighlightElements/input_field_index' is: 'Ministry of Education'

2020-06-05 13:45:00 - [TEST_STEP][PASSED] - callTestCase(findTestCase(CallTCName), ["FindValue":ComboBoxValue, "DropdownNm":comboNm], STOP_ON_FAILURE): Call Test Case 'Test Cases/PFI Precision and Scale/HashMap Tables/ExternalAgencyLists' successfully

2020-06-05 13:45:00 - [TEST_CASE][PASSED] - Test Cases/PFI Precision and Scale/HashMap Tables/ExternalAgencyLists: Test Cases/PFI Precision and Scale/HashMap Tables/ExternalAgencyLists

2020-06-05 13:45:00 - [TEST_STEP][PASSED] - Thread.sleep(1000): null

2020-06-05 13:45:01 - [TEST_STEP][PASSED] - ExtAgencyTBL = [1:"HDB", 2:"AVA", 3:"CAAS", 4:"DSTA", 5:"EXXONMOBIL", 6:"Embassy", 7:"JTC Cat 1A", 8:"MBS- Marina Bay Sands", 9:"MCYS", 10:"MICA", ... ]: null

2020-06-05 13:45:01 - [TEST_STEP][PASSED] - ValueFound = ExtAgencyTBL.find({ -> ... }): null

2020-06-05 13:45:01 - [MESSAGE][PASSED] - Call Test Case 'Test Cases/PFI Precision and Scale/HashMap Tables/ExternalAgencyLists' successfully

2020-06-05 13:45:01 - [TEST_STEP][PASSED] - println(ValueFound): null

2020-06-05 13:45:01 - [TEST_STEP][PASSED] - sendKeys(NewInputNmField, Keys.chord(ARROW_DOWN)): Keys 'DOWN + ' sent to object: 'Object Repository/Objects.HighlightElements/input_field_index'

2020-06-05 13:45:01 - [MESSAGE][PASSED] - Keys 'DOWN + ' sent to object: 'Object Repository/Objects.HighlightElements/input_field_index'

2020-06-05 13:45:01 - [TEST_STEP][PASSED] - sendKeys(NewInputNmField, Keys.chord(ARROW_DOWN)): Keys 'DOWN + ' sent to object: 'Object Repository/Objects.HighlightElements/input_field_index'

2020-06-05 13:45:02 - [MESSAGE][PASSED] - Keys 'DOWN + ' sent to object: 'Object Repository/Objects.HighlightElements/input_field_index'

2020-06-05 13:45:02 - [TEST_STEP][PASSED] - delay(DelayTime): Delayed 2 second(s)

2020-06-05 13:45:04 - [MESSAGE][PASSED] - Delayed 2 second(s)

2020-06-05 13:45:04 - [TEST_STEP][PASSED] - sendKeys(NewInputNmField, Keys.chord(ENTER)): Keys 'ENTER + ' sent to object: 'Object Repository/Objects.HighlightElements/input_field_index'

2020-06-05 13:45:04 - [MESSAGE][PASSED] - Keys 'ENTER + ' sent to object: 'Object Repository/Objects.HighlightElements/input_field_index'

2020-06-05 13:45:04 - [TEST_STEP][PASSED] - ComboBoxValue = getAttribute(NewInputNmField, "value"): Attribute 'value' of object 'Object Repository/Objects.HighlightElements/input_field_index' is: 'Ministry of Foreign Affairs'

2020-06-05 13:45:04 - [MESSAGE][PASSED] - Attribute 'value' of object 'Object Repository/Objects.HighlightElements/input_field_index' is: 'Ministry of Foreign Affairs'

2020-06-05 13:45:04 - [TEST_STEP][PASSED] - callTestCase(findTestCase(CallTCName), ["FindValue":ComboBoxValue, "DropdownNm":comboNm], STOP_ON_FAILURE): Call Test Case 'Test Cases/PFI Precision and Scale/HashMap Tables/ExternalAgencyLists' successfully

2020-06-05 13:45:04 - [TEST_CASE][PASSED] - Test Cases/PFI Precision and Scale/HashMap Tables/ExternalAgencyLists: Test Cases/PFI Precision and Scale/HashMap Tables/ExternalAgencyLists

2020-06-05 13:45:04 - [TEST_STEP][PASSED] - Thread.sleep(1000): null

2020-06-05 13:45:05 - [TEST_STEP][PASSED] - ExtAgencyTBL = [1:"HDB", 2:"AVA", 3:"CAAS", 4:"DSTA", 5:"EXXONMOBIL", 6:"Embassy", 7:"JTC Cat 1A", 8:"MBS- Marina Bay Sands", 9:"MCYS", 10:"MICA", ... ]: null

2020-06-05 13:45:05 - [TEST_STEP][PASSED] - ValueFound = ExtAgencyTBL.find({ -> ... }): null

2020-06-05 13:45:05 - [MESSAGE][PASSED] - Call Test Case 'Test Cases/PFI Precision and Scale/HashMap Tables/ExternalAgencyLists' successfully

2020-06-05 13:45:05 - [TEST_STEP][PASSED] - println(ValueFound): null

2020-06-05 13:45:05 - [TEST_STEP][PASSED] - sendKeys(NewInputNmField, Keys.chord(ARROW_DOWN)): Keys 'DOWN + ' sent to object: 'Object Repository/Objects.HighlightElements/input_field_index'

2020-06-05 13:45:05 - [MESSAGE][PASSED] - Keys 'DOWN + ' sent to object: 'Object Repository/Objects.HighlightElements/input_field_index'

2020-06-05 13:45:05 - [TEST_STEP][PASSED] - sendKeys(NewInputNmField, Keys.chord(ARROW_DOWN)): Keys 'DOWN + ' sent to object: 'Object Repository/Objects.HighlightElements/input_field_index'

2020-06-05 13:45:05 - [MESSAGE][PASSED] - Keys 'DOWN + ' sent to object: 'Object Repository/Objects.HighlightElements/input_field_index'

2020-06-05 13:45:05 - [TEST_STEP][PASSED] - delay(DelayTime): Delayed 2 second(s)

2020-06-05 13:45:07 - [MESSAGE][PASSED] - Delayed 2 second(s)

2020-06-05 13:45:07 - [TEST_STEP][PASSED] - sendKeys(NewInputNmField, Keys.chord(ENTER)): Keys 'ENTER + ' sent to object: 'Object Repository/Objects.HighlightElements/input_field_index'

2020-06-05 13:45:07 - [MESSAGE][PASSED] - Keys 'ENTER + ' sent to object: 'Object Repository/Objects.HighlightElements/input_field_index'

2020-06-05 13:45:07 - [TEST_STEP][PASSED] - ComboBoxValue = getAttribute(NewInputNmField, "value"): Attribute 'value' of object 'Object Repository/Objects.HighlightElements/input_field_index' is: 'Ministry of Health'

2020-06-05 13:45:07 - [MESSAGE][PASSED] - Attribute 'value' of object 'Object Repository/Objects.HighlightElements/input_field_index' is: 'Ministry of Health'

2020-06-05 13:45:07 - [TEST_STEP][PASSED] - callTestCase(findTestCase(CallTCName), ["FindValue":ComboBoxValue, "DropdownNm":comboNm], STOP_ON_FAILURE): Call Test Case 'Test Cases/PFI Precision and Scale/HashMap Tables/ExternalAgencyLists' successfully

2020-06-05 13:45:07 - [TEST_CASE][PASSED] - Test Cases/PFI Precision and Scale/HashMap Tables/ExternalAgencyLists: Test Cases/PFI Precision and Scale/HashMap Tables/ExternalAgencyLists

2020-06-05 13:45:07 - [TEST_STEP][PASSED] - Thread.sleep(1000): null

2020-06-05 13:45:08 - [TEST_STEP][PASSED] - ExtAgencyTBL = [1:"HDB", 2:"AVA", 3:"CAAS", 4:"DSTA", 5:"EXXONMOBIL", 6:"Embassy", 7:"JTC Cat 1A", 8:"MBS- Marina Bay Sands", 9:"MCYS", 10:"MICA", ... ]: null

2020-06-05 13:45:08 - [TEST_STEP][PASSED] - ValueFound = ExtAgencyTBL.find({ -> ... }): null

2020-06-05 13:45:08 - [MESSAGE][PASSED] - Call Test Case 'Test Cases/PFI Precision and Scale/HashMap Tables/ExternalAgencyLists' successfully

2020-06-05 13:45:08 - [TEST_STEP][PASSED] - println(ValueFound): null

2020-06-05 13:45:08 - [TEST_STEP][PASSED] - sendKeys(NewInputNmField, Keys.chord(ARROW_DOWN)): Keys 'DOWN + ' sent to object: 'Object Repository/Objects.HighlightElements/input_field_index'

2020-06-05 13:45:08 - [MESSAGE][PASSED] - Keys 'DOWN + ' sent to object: 'Object Repository/Objects.HighlightElements/input_field_index'

2020-06-05 13:45:08 - [TEST_STEP][PASSED] - sendKeys(NewInputNmField, Keys.chord(ARROW_DOWN)): Keys 'DOWN + ' sent to object: 'Object Repository/Objects.HighlightElements/input_field_index'

2020-06-05 13:45:08 - [MESSAGE][PASSED] - Keys 'DOWN + ' sent to object: 'Object Repository/Objects.HighlightElements/input_field_index'

2020-06-05 13:45:08 - [TEST_STEP][PASSED] - delay(DelayTime): Delayed 2 second(s)

2020-06-05 13:45:10 - [MESSAGE][PASSED] - Delayed 2 second(s)

2020-06-05 13:45:10 - [TEST_STEP][PASSED] - sendKeys(NewInputNmField, Keys.chord(ENTER)): Keys 'ENTER + ' sent to object: 'Object Repository/Objects.HighlightElements/input_field_index'

2020-06-05 13:45:10 - [MESSAGE][PASSED] - Keys 'ENTER + ' sent to object: 'Object Repository/Objects.HighlightElements/input_field_index'

2020-06-05 13:45:10 - [TEST_STEP][PASSED] - ComboBoxValue = getAttribute(NewInputNmField, "value"): Attribute 'value' of object 'Object Repository/Objects.HighlightElements/input_field_index' is: 'Ministry of Home Affairs'

2020-06-05 13:45:10 - [MESSAGE][PASSED] - Attribute 'value' of object 'Object Repository/Objects.HighlightElements/input_field_index' is: 'Ministry of Home Affairs'

2020-06-05 13:45:10 - [TEST_STEP][PASSED] - callTestCase(findTestCase(CallTCName), ["FindValue":ComboBoxValue, "DropdownNm":comboNm], STOP_ON_FAILURE): Call Test Case 'Test Cases/PFI Precision and Scale/HashMap Tables/ExternalAgencyLists' successfully

2020-06-05 13:45:10 - [TEST_CASE][PASSED] - Test Cases/PFI Precision and Scale/HashMap Tables/ExternalAgencyLists: Test Cases/PFI Precision and Scale/HashMap Tables/ExternalAgencyLists

2020-06-05 13:45:10 - [TEST_STEP][PASSED] - Thread.sleep(1000): null

2020-06-05 13:45:11 - [TEST_STEP][PASSED] - ExtAgencyTBL = [1:"HDB", 2:"AVA", 3:"CAAS", 4:"DSTA", 5:"EXXONMOBIL", 6:"Embassy", 7:"JTC Cat 1A", 8:"MBS- Marina Bay Sands", 9:"MCYS", 10:"MICA", ... ]: null

2020-06-05 13:45:11 - [TEST_STEP][PASSED] - ValueFound = ExtAgencyTBL.find({ -> ... }): null

2020-06-05 13:45:11 - [MESSAGE][PASSED] - Call Test Case 'Test Cases/PFI Precision and Scale/HashMap Tables/ExternalAgencyLists' successfully

2020-06-05 13:45:11 - [TEST_STEP][PASSED] - println(ValueFound): null

2020-06-05 13:45:11 - [TEST_STEP][PASSED] - sendKeys(NewInputNmField, Keys.chord(ARROW_DOWN)): Keys 'DOWN + ' sent to object: 'Object Repository/Objects.HighlightElements/input_field_index'

2020-06-05 13:45:11 - [MESSAGE][PASSED] - Keys 'DOWN + ' sent to object: 'Object Repository/Objects.HighlightElements/input_field_index'

2020-06-05 13:45:11 - [TEST_STEP][PASSED] - sendKeys(NewInputNmField, Keys.chord(ARROW_DOWN)): Keys 'DOWN + ' sent to object: 'Object Repository/Objects.HighlightElements/input_field_index'

2020-06-05 13:45:11 - [MESSAGE][PASSED] - Keys 'DOWN + ' sent to object: 'Object Repository/Objects.HighlightElements/input_field_index'

2020-06-05 13:45:11 - [TEST_STEP][PASSED] - delay(DelayTime): Delayed 2 second(s)

2020-06-05 13:45:13 - [MESSAGE][PASSED] - Delayed 2 second(s)

2020-06-05 13:45:13 - [TEST_STEP][PASSED] - sendKeys(NewInputNmField, Keys.chord(ENTER)): Keys 'ENTER + ' sent to object: 'Object Repository/Objects.HighlightElements/input_field_index'

2020-06-05 13:45:13 - [MESSAGE][PASSED] - Keys 'ENTER + ' sent to object: 'Object Repository/Objects.HighlightElements/input_field_index'

2020-06-05 13:45:13 - [TEST_STEP][PASSED] - ComboBoxValue = getAttribute(NewInputNmField, "value"): Attribute 'value' of object 'Object Repository/Objects.HighlightElements/input_field_index' is: 'National Environment Agency'

2020-06-05 13:45:13 - [MESSAGE][PASSED] - Attribute 'value' of object 'Object Repository/Objects.HighlightElements/input_field_index' is: 'National Environment Agency'

2020-06-05 13:45:13 - [TEST_STEP][PASSED] - callTestCase(findTestCase(CallTCName), ["FindValue":ComboBoxValue, "DropdownNm":comboNm], STOP_ON_FAILURE): Call Test Case 'Test Cases/PFI Precision and Scale/HashMap Tables/ExternalAgencyLists' successfully

2020-06-05 13:45:13 - [TEST_CASE][PASSED] - Test Cases/PFI Precision and Scale/HashMap Tables/ExternalAgencyLists: Test Cases/PFI Precision and Scale/HashMap Tables/ExternalAgencyLists

2020-06-05 13:45:13 - [TEST_STEP][PASSED] - Thread.sleep(1000): null

2020-06-05 13:45:14 - [TEST_STEP][PASSED] - ExtAgencyTBL = [1:"HDB", 2:"AVA", 3:"CAAS", 4:"DSTA", 5:"EXXONMOBIL", 6:"Embassy", 7:"JTC Cat 1A", 8:"MBS- Marina Bay Sands", 9:"MCYS", 10:"MICA", ... ]: null

2020-06-05 13:45:14 - [TEST_STEP][PASSED] - ValueFound = ExtAgencyTBL.find({ -> ... }): null

2020-06-05 13:45:14 - [MESSAGE][PASSED] - Call Test Case 'Test Cases/PFI Precision and Scale/HashMap Tables/ExternalAgencyLists' successfully

2020-06-05 13:45:14 - [TEST_STEP][PASSED] - println(ValueFound): null

2020-06-05 13:45:14 - [TEST_STEP][PASSED] - sendKeys(NewInputNmField, Keys.chord(ARROW_DOWN)): Keys 'DOWN + ' sent to object: 'Object Repository/Objects.HighlightElements/input_field_index'

2020-06-05 13:45:14 - [MESSAGE][PASSED] - Keys 'DOWN + ' sent to object: 'Object Repository/Objects.HighlightElements/input_field_index'

2020-06-05 13:45:14 - [TEST_STEP][PASSED] - sendKeys(NewInputNmField, Keys.chord(ARROW_DOWN)): Keys 'DOWN + ' sent to object: 'Object Repository/Objects.HighlightElements/input_field_index'

2020-06-05 13:45:14 - [MESSAGE][PASSED] - Keys 'DOWN + ' sent to object: 'Object Repository/Objects.HighlightElements/input_field_index'

2020-06-05 13:45:14 - [TEST_STEP][PASSED] - delay(DelayTime): Delayed 2 second(s)

2020-06-05 13:45:16 - [MESSAGE][PASSED] - Delayed 2 second(s)

2020-06-05 13:45:16 - [TEST_STEP][PASSED] - sendKeys(NewInputNmField, Keys.chord(ENTER)): Keys 'ENTER + ' sent to object: 'Object Repository/Objects.HighlightElements/input_field_index'

2020-06-05 13:45:17 - [MESSAGE][PASSED] - Keys 'ENTER + ' sent to object: 'Object Repository/Objects.HighlightElements/input_field_index'

2020-06-05 13:45:17 - [TEST_STEP][PASSED] - ComboBoxValue = getAttribute(NewInputNmField, "value"): Attribute 'value' of object 'Object Repository/Objects.HighlightElements/input_field_index' is: 'National Heritage Board'

2020-06-05 13:45:17 - [MESSAGE][PASSED] - Attribute 'value' of object 'Object Repository/Objects.HighlightElements/input_field_index' is: 'National Heritage Board'

2020-06-05 13:45:17 - [TEST_STEP][PASSED] - callTestCase(findTestCase(CallTCName), ["FindValue":ComboBoxValue, "DropdownNm":comboNm], STOP_ON_FAILURE): Call Test Case 'Test Cases/PFI Precision and Scale/HashMap Tables/ExternalAgencyLists' successfully

2020-06-05 13:45:17 - [TEST_CASE][PASSED] - Test Cases/PFI Precision and Scale/HashMap Tables/ExternalAgencyLists: Test Cases/PFI Precision and Scale/HashMap Tables/ExternalAgencyLists

2020-06-05 13:45:17 - [TEST_STEP][PASSED] - Thread.sleep(1000): null

2020-06-05 13:45:18 - [TEST_STEP][PASSED] - ExtAgencyTBL = [1:"HDB", 2:"AVA", 3:"CAAS", 4:"DSTA", 5:"EXXONMOBIL", 6:"Embassy", 7:"JTC Cat 1A", 8:"MBS- Marina Bay Sands", 9:"MCYS", 10:"MICA", ... ]: null

2020-06-05 13:45:18 - [TEST_STEP][PASSED] - ValueFound = ExtAgencyTBL.find({ -> ... }): null

2020-06-05 13:45:18 - [MESSAGE][PASSED] - Call Test Case 'Test Cases/PFI Precision and Scale/HashMap Tables/ExternalAgencyLists' successfully

2020-06-05 13:45:18 - [TEST_STEP][PASSED] - println(ValueFound): null

2020-06-05 13:45:18 - [TEST_STEP][PASSED] - sendKeys(NewInputNmField, Keys.chord(ARROW_DOWN)): Keys 'DOWN + ' sent to object: 'Object Repository/Objects.HighlightElements/input_field_index'

2020-06-05 13:45:18 - [MESSAGE][PASSED] - Keys 'DOWN + ' sent to object: 'Object Repository/Objects.HighlightElements/input_field_index'

2020-06-05 13:45:18 - [TEST_STEP][PASSED] - sendKeys(NewInputNmField, Keys.chord(ARROW_DOWN)): Keys 'DOWN + ' sent to object: 'Object Repository/Objects.HighlightElements/input_field_index'

2020-06-05 13:45:18 - [MESSAGE][PASSED] - Keys 'DOWN + ' sent to object: 'Object Repository/Objects.HighlightElements/input_field_index'

2020-06-05 13:45:18 - [TEST_STEP][PASSED] - delay(DelayTime): Delayed 2 second(s)

2020-06-05 13:45:20 - [MESSAGE][PASSED] - Delayed 2 second(s)

2020-06-05 13:45:20 - [TEST_STEP][PASSED] - sendKeys(NewInputNmField, Keys.chord(ENTER)): Keys 'ENTER + ' sent to object: 'Object Repository/Objects.HighlightElements/input_field_index'

2020-06-05 13:45:20 - [MESSAGE][PASSED] - Keys 'ENTER + ' sent to object: 'Object Repository/Objects.HighlightElements/input_field_index'

2020-06-05 13:45:20 - [TEST_STEP][PASSED] - ComboBoxValue = getAttribute(NewInputNmField, "value"): Attribute 'value' of object 'Object Repository/Objects.HighlightElements/input_field_index' is: 'National Parks Board'

2020-06-05 13:45:20 - [MESSAGE][PASSED] - Attribute 'value' of object 'Object Repository/Objects.HighlightElements/input_field_index' is: 'National Parks Board'

2020-06-05 13:45:20 - [TEST_STEP][PASSED] - callTestCase(findTestCase(CallTCName), ["FindValue":ComboBoxValue, "DropdownNm":comboNm], STOP_ON_FAILURE): Call Test Case 'Test Cases/PFI Precision and Scale/HashMap Tables/ExternalAgencyLists' successfully

2020-06-05 13:45:20 - [TEST_CASE][PASSED] - Test Cases/PFI Precision and Scale/HashMap Tables/ExternalAgencyLists: Test Cases/PFI Precision and Scale/HashMap Tables/ExternalAgencyLists

2020-06-05 13:45:20 - [TEST_STEP][PASSED] - Thread.sleep(1000): null

2020-06-05 13:45:21 - [TEST_STEP][PASSED] - ExtAgencyTBL = [1:"HDB", 2:"AVA", 3:"CAAS", 4:"DSTA", 5:"EXXONMOBIL", 6:"Embassy", 7:"JTC Cat 1A", 8:"MBS- Marina Bay Sands", 9:"MCYS", 10:"MICA", ... ]: null

2020-06-05 13:45:21 - [TEST_STEP][PASSED] - ValueFound = ExtAgencyTBL.find({ -> ... }): null

2020-06-05 13:45:21 - [MESSAGE][PASSED] - Call Test Case 'Test Cases/PFI Precision and Scale/HashMap Tables/ExternalAgencyLists' successfully

2020-06-05 13:45:21 - [TEST_STEP][PASSED] - println(ValueFound): null

2020-06-05 13:45:21 - [TEST_STEP][PASSED] - sendKeys(NewInputNmField, Keys.chord(ARROW_DOWN)): Keys 'DOWN + ' sent to object: 'Object Repository/Objects.HighlightElements/input_field_index'

2020-06-05 13:45:21 - [MESSAGE][PASSED] - Keys 'DOWN + ' sent to object: 'Object Repository/Objects.HighlightElements/input_field_index'

2020-06-05 13:45:21 - [TEST_STEP][PASSED] - sendKeys(NewInputNmField, Keys.chord(ARROW_DOWN)): Keys 'DOWN + ' sent to object: 'Object Repository/Objects.HighlightElements/input_field_index'

2020-06-05 13:45:21 - [MESSAGE][PASSED] - Keys 'DOWN + ' sent to object: 'Object Repository/Objects.HighlightElements/input_field_index'

2020-06-05 13:45:21 - [TEST_STEP][PASSED] - delay(DelayTime): Delayed 2 second(s)

2020-06-05 13:45:23 - [MESSAGE][PASSED] - Delayed 2 second(s)

2020-06-05 13:45:23 - [TEST_STEP][PASSED] - sendKeys(NewInputNmField, Keys.chord(ENTER)): Keys 'ENTER + ' sent to object: 'Object Repository/Objects.HighlightElements/input_field_index'

2020-06-05 13:45:23 - [MESSAGE][PASSED] - Keys 'ENTER + ' sent to object: 'Object Repository/Objects.HighlightElements/input_field_index'

2020-06-05 13:45:23 - [TEST_STEP][PASSED] - ComboBoxValue = getAttribute(NewInputNmField, "value"): Attribute 'value' of object 'Object Repository/Objects.HighlightElements/input_field_index' is: 'POWER GRID'

2020-06-05 13:45:23 - [MESSAGE][PASSED] - Attribute 'value' of object 'Object Repository/Objects.HighlightElements/input_field_index' is: 'POWER GRID'

2020-06-05 13:45:23 - [TEST_STEP][PASSED] - callTestCase(findTestCase(CallTCName), ["FindValue":ComboBoxValue, "DropdownNm":comboNm], STOP_ON_FAILURE): Call Test Case 'Test Cases/PFI Precision and Scale/HashMap Tables/ExternalAgencyLists' successfully

2020-06-05 13:45:23 - [TEST_CASE][PASSED] - Test Cases/PFI Precision and Scale/HashMap Tables/ExternalAgencyLists: Test Cases/PFI Precision and Scale/HashMap Tables/ExternalAgencyLists

2020-06-05 13:45:23 - [TEST_STEP][PASSED] - Thread.sleep(1000): null

2020-06-05 13:45:24 - [TEST_STEP][PASSED] - ExtAgencyTBL = [1:"HDB", 2:"AVA", 3:"CAAS", 4:"DSTA", 5:"EXXONMOBIL", 6:"Embassy", 7:"JTC Cat 1A", 8:"MBS- Marina Bay Sands", 9:"MCYS", 10:"MICA", ... ]: null

2020-06-05 13:45:24 - [TEST_STEP][PASSED] - ValueFound = ExtAgencyTBL.find({ -> ... }): null

2020-06-05 13:45:24 - [MESSAGE][PASSED] - Call Test Case 'Test Cases/PFI Precision and Scale/HashMap Tables/ExternalAgencyLists' successfully

2020-06-05 13:45:24 - [TEST_STEP][PASSED] - println(ValueFound): null

2020-06-05 13:45:24 - [TEST_STEP][PASSED] - sendKeys(NewInputNmField, Keys.chord(ARROW_DOWN)): Keys 'DOWN + ' sent to object: 'Object Repository/Objects.HighlightElements/input_field_index'

2020-06-05 13:45:24 - [MESSAGE][PASSED] - Keys 'DOWN + ' sent to object: 'Object Repository/Objects.HighlightElements/input_field_index'

2020-06-05 13:45:24 - [TEST_STEP][PASSED] - sendKeys(NewInputNmField, Keys.chord(ARROW_DOWN)): Keys 'DOWN + ' sent to object: 'Object Repository/Objects.HighlightElements/input_field_index'

2020-06-05 13:45:24 - [MESSAGE][PASSED] - Keys 'DOWN + ' sent to object: 'Object Repository/Objects.HighlightElements/input_field_index'

2020-06-05 13:45:24 - [TEST_STEP][PASSED] - delay(DelayTime): Delayed 2 second(s)

2020-06-05 13:45:26 - [MESSAGE][PASSED] - Delayed 2 second(s)

2020-06-05 13:45:26 - [TEST_STEP][PASSED] - sendKeys(NewInputNmField, Keys.chord(ENTER)): Keys 'ENTER + ' sent to object: 'Object Repository/Objects.HighlightElements/input_field_index'

2020-06-05 13:45:26 - [MESSAGE][PASSED] - Keys 'ENTER + ' sent to object: 'Object Repository/Objects.HighlightElements/input_field_index'

2020-06-05 13:45:26 - [TEST_STEP][PASSED] - ComboBoxValue = getAttribute(NewInputNmField, "value"): Attribute 'value' of object 'Object Repository/Objects.HighlightElements/input_field_index' is: 'PUB, the National Water Agency'

2020-06-05 13:45:26 - [MESSAGE][PASSED] - Attribute 'value' of object 'Object Repository/Objects.HighlightElements/input_field_index' is: 'PUB, the National Water Agency'

2020-06-05 13:45:26 - [TEST_STEP][PASSED] - callTestCase(findTestCase(CallTCName), ["FindValue":ComboBoxValue, "DropdownNm":comboNm], STOP_ON_FAILURE): Call Test Case 'Test Cases/PFI Precision and Scale/HashMap Tables/ExternalAgencyLists' successfully

2020-06-05 13:45:26 - [TEST_CASE][PASSED] - Test Cases/PFI Precision and Scale/HashMap Tables/ExternalAgencyLists: Test Cases/PFI Precision and Scale/HashMap Tables/ExternalAgencyLists

2020-06-05 13:45:26 - [TEST_STEP][PASSED] - Thread.sleep(1000): null

2020-06-05 13:45:27 - [TEST_STEP][PASSED] - ExtAgencyTBL = [1:"HDB", 2:"AVA", 3:"CAAS", 4:"DSTA", 5:"EXXONMOBIL", 6:"Embassy", 7:"JTC Cat 1A", 8:"MBS- Marina Bay Sands", 9:"MCYS", 10:"MICA", ... ]: null

2020-06-05 13:45:27 - [TEST_STEP][PASSED] - ValueFound = ExtAgencyTBL.find({ -> ... }): null

2020-06-05 13:45:27 - [MESSAGE][PASSED] - Call Test Case 'Test Cases/PFI Precision and Scale/HashMap Tables/ExternalAgencyLists' successfully

2020-06-05 13:45:27 - [TEST_STEP][PASSED] - println(ValueFound): null

2020-06-05 13:45:27 - [TEST_STEP][PASSED] - sendKeys(NewInputNmField, Keys.chord(ARROW_DOWN)): Keys 'DOWN + ' sent to object: 'Object Repository/Objects.HighlightElements/input_field_index'

2020-06-05 13:45:27 - [MESSAGE][PASSED] - Keys 'DOWN + ' sent to object: 'Object Repository/Objects.HighlightElements/input_field_index'

2020-06-05 13:45:27 - [TEST_STEP][PASSED] - sendKeys(NewInputNmField, Keys.chord(ARROW_DOWN)): Keys 'DOWN + ' sent to object: 'Object Repository/Objects.HighlightElements/input_field_index'

2020-06-05 13:45:27 - [MESSAGE][PASSED] - Keys 'DOWN + ' sent to object: 'Object Repository/Objects.HighlightElements/input_field_index'

2020-06-05 13:45:27 - [TEST_STEP][PASSED] - delay(DelayTime): Delayed 2 second(s)

2020-06-05 13:45:29 - [MESSAGE][PASSED] - Delayed 2 second(s)

2020-06-05 13:45:29 - [TEST_STEP][PASSED] - sendKeys(NewInputNmField, Keys.chord(ENTER)): Keys 'ENTER + ' sent to object: 'Object Repository/Objects.HighlightElements/input_field_index'

2020-06-05 13:45:29 - [MESSAGE][PASSED] - Keys 'ENTER + ' sent to object: 'Object Repository/Objects.HighlightElements/input_field_index'

2020-06-05 13:45:29 - [TEST_STEP][PASSED] - ComboBoxValue = getAttribute(NewInputNmField, "value"): Attribute 'value' of object 'Object Repository/Objects.HighlightElements/input_field_index' is: 'People's Association'

2020-06-05 13:45:30 - [MESSAGE][PASSED] - Attribute 'value' of object 'Object Repository/Objects.HighlightElements/input_field_index' is: 'People's Association'

2020-06-05 13:45:30 - [TEST_STEP][PASSED] - callTestCase(findTestCase(CallTCName), ["FindValue":ComboBoxValue, "DropdownNm":comboNm], STOP_ON_FAILURE): Call Test Case 'Test Cases/PFI Precision and Scale/HashMap Tables/ExternalAgencyLists' successfully

2020-06-05 13:45:30 - [TEST_CASE][PASSED] - Test Cases/PFI Precision and Scale/HashMap Tables/ExternalAgencyLists: Test Cases/PFI Precision and Scale/HashMap Tables/ExternalAgencyLists

2020-06-05 13:45:30 - [TEST_STEP][PASSED] - Thread.sleep(1000): null

2020-06-05 13:45:31 - [TEST_STEP][PASSED] - ExtAgencyTBL = [1:"HDB", 2:"AVA", 3:"CAAS", 4:"DSTA", 5:"EXXONMOBIL", 6:"Embassy", 7:"JTC Cat 1A", 8:"MBS- Marina Bay Sands", 9:"MCYS", 10:"MICA", ... ]: null

2020-06-05 13:45:31 - [TEST_STEP][PASSED] - ValueFound = ExtAgencyTBL.find({ -> ... }): null

2020-06-05 13:45:31 - [MESSAGE][PASSED] - Call Test Case 'Test Cases/PFI Precision and Scale/HashMap Tables/ExternalAgencyLists' successfully

2020-06-05 13:45:31 - [TEST_STEP][PASSED] - println(ValueFound): null

2020-06-05 13:45:31 - [TEST_STEP][PASSED] - sendKeys(NewInputNmField, Keys.chord(ARROW_DOWN)): Keys 'DOWN + ' sent to object: 'Object Repository/Objects.HighlightElements/input_field_index'

2020-06-05 13:45:31 - [MESSAGE][PASSED] - Keys 'DOWN + ' sent to object: 'Object Repository/Objects.HighlightElements/input_field_index'

2020-06-05 13:45:31 - [TEST_STEP][PASSED] - sendKeys(NewInputNmField, Keys.chord(ARROW_DOWN)): Keys 'DOWN + ' sent to object: 'Object Repository/Objects.HighlightElements/input_field_index'

2020-06-05 13:45:31 - [MESSAGE][PASSED] - Keys 'DOWN + ' sent to object: 'Object Repository/Objects.HighlightElements/input_field_index'

2020-06-05 13:45:31 - [TEST_STEP][PASSED] - delay(DelayTime): Delayed 2 second(s)

2020-06-05 13:45:33 - [MESSAGE][PASSED] - Delayed 2 second(s)

2020-06-05 13:45:33 - [TEST_STEP][PASSED] - sendKeys(NewInputNmField, Keys.chord(ENTER)): Keys 'ENTER + ' sent to object: 'Object Repository/Objects.HighlightElements/input_field_index'

2020-06-05 13:45:33 - [MESSAGE][PASSED] - Keys 'ENTER + ' sent to object: 'Object Repository/Objects.HighlightElements/input_field_index'

2020-06-05 13:45:33 - [TEST_STEP][PASSED] - ComboBoxValue = getAttribute(NewInputNmField, "value"): Attribute 'value' of object 'Object Repository/Objects.HighlightElements/input_field_index' is: 'Polytechnic'

2020-06-05 13:45:33 - [MESSAGE][PASSED] - Attribute 'value' of object 'Object Repository/Objects.HighlightElements/input_field_index' is: 'Polytechnic'

2020-06-05 13:45:33 - [TEST_STEP][PASSED] - callTestCase(findTestCase(CallTCName), ["FindValue":ComboBoxValue, "DropdownNm":comboNm], STOP_ON_FAILURE): Call Test Case 'Test Cases/PFI Precision and Scale/HashMap Tables/ExternalAgencyLists' successfully

2020-06-05 13:45:33 - [TEST_CASE][PASSED] - Test Cases/PFI Precision and Scale/HashMap Tables/ExternalAgencyLists: Test Cases/PFI Precision and Scale/HashMap Tables/ExternalAgencyLists

2020-06-05 13:45:33 - [TEST_STEP][PASSED] - Thread.sleep(1000): null

2020-06-05 13:45:34 - [TEST_STEP][PASSED] - ExtAgencyTBL = [1:"HDB", 2:"AVA", 3:"CAAS", 4:"DSTA", 5:"EXXONMOBIL", 6:"Embassy", 7:"JTC Cat 1A", 8:"MBS- Marina Bay Sands", 9:"MCYS", 10:"MICA", ... ]: null

2020-06-05 13:45:34 - [TEST_STEP][PASSED] - ValueFound = ExtAgencyTBL.find({ -> ... }): null

2020-06-05 13:45:34 - [MESSAGE][PASSED] - Call Test Case 'Test Cases/PFI Precision and Scale/HashMap Tables/ExternalAgencyLists' successfully

2020-06-05 13:45:34 - [TEST_STEP][PASSED] - println(ValueFound): null

2020-06-05 13:45:34 - [TEST_STEP][PASSED] - sendKeys(NewInputNmField, Keys.chord(ARROW_DOWN)): Keys 'DOWN + ' sent to object: 'Object Repository/Objects.HighlightElements/input_field_index'

2020-06-05 13:45:34 - [MESSAGE][PASSED] - Keys 'DOWN + ' sent to object: 'Object Repository/Objects.HighlightElements/input_field_index'

2020-06-05 13:45:34 - [TEST_STEP][PASSED] - sendKeys(NewInputNmField, Keys.chord(ARROW_DOWN)): Keys 'DOWN + ' sent to object: 'Object Repository/Objects.HighlightElements/input_field_index'

2020-06-05 13:45:34 - [MESSAGE][PASSED] - Keys 'DOWN + ' sent to object: 'Object Repository/Objects.HighlightElements/input_field_index'

2020-06-05 13:45:34 - [TEST_STEP][PASSED] - delay(DelayTime): Delayed 2 second(s)

2020-06-05 13:45:36 - [MESSAGE][PASSED] - Delayed 2 second(s)

2020-06-05 13:45:36 - [TEST_STEP][PASSED] - sendKeys(NewInputNmField, Keys.chord(ENTER)): Keys 'ENTER + ' sent to object: 'Object Repository/Objects.HighlightElements/input_field_index'

2020-06-05 13:45:36 - [MESSAGE][PASSED] - Keys 'ENTER + ' sent to object: 'Object Repository/Objects.HighlightElements/input_field_index'

2020-06-05 13:45:36 - [TEST_STEP][PASSED] - ComboBoxValue = getAttribute(NewInputNmField, "value"): Attribute 'value' of object 'Object Repository/Objects.HighlightElements/input_field_index' is: 'Port of Singapore Authority'

2020-06-05 13:45:36 - [MESSAGE][PASSED] - Attribute 'value' of object 'Object Repository/Objects.HighlightElements/input_field_index' is: 'Port of Singapore Authority'

2020-06-05 13:45:36 - [TEST_STEP][PASSED] - callTestCase(findTestCase(CallTCName), ["FindValue":ComboBoxValue, "DropdownNm":comboNm], STOP_ON_FAILURE): Call Test Case 'Test Cases/PFI Precision and Scale/HashMap Tables/ExternalAgencyLists' successfully

2020-06-05 13:45:36 - [TEST_CASE][PASSED] - Test Cases/PFI Precision and Scale/HashMap Tables/ExternalAgencyLists: Test Cases/PFI Precision and Scale/HashMap Tables/ExternalAgencyLists

2020-06-05 13:45:36 - [TEST_STEP][PASSED] - Thread.sleep(1000): null

2020-06-05 13:45:37 - [TEST_STEP][PASSED] - ExtAgencyTBL = [1:"HDB", 2:"AVA", 3:"CAAS", 4:"DSTA", 5:"EXXONMOBIL", 6:"Embassy", 7:"JTC Cat 1A", 8:"MBS- Marina Bay Sands", 9:"MCYS", 10:"MICA", ... ]: null

2020-06-05 13:45:37 - [TEST_STEP][PASSED] - ValueFound = ExtAgencyTBL.find({ -> ... }): null

2020-06-05 13:45:37 - [MESSAGE][PASSED] - Call Test Case 'Test Cases/PFI Precision and Scale/HashMap Tables/ExternalAgencyLists' successfully

2020-06-05 13:45:37 - [TEST_STEP][PASSED] - println(ValueFound): null

2020-06-05 13:45:37 - [TEST_STEP][PASSED] - sendKeys(NewInputNmField, Keys.chord(ARROW_DOWN)): Keys 'DOWN + ' sent to object: 'Object Repository/Objects.HighlightElements/input_field_index'

2020-06-05 13:45:37 - [MESSAGE][PASSED] - Keys 'DOWN + ' sent to object: 'Object Repository/Objects.HighlightElements/input_field_index'

2020-06-05 13:45:37 - [TEST_STEP][PASSED] - sendKeys(NewInputNmField, Keys.chord(ARROW_DOWN)): Keys 'DOWN + ' sent to object: 'Object Repository/Objects.HighlightElements/input_field_index'

2020-06-05 13:45:37 - [MESSAGE][PASSED] - Keys 'DOWN + ' sent to object: 'Object Repository/Objects.HighlightElements/input_field_index'

2020-06-05 13:45:37 - [TEST_STEP][PASSED] - delay(DelayTime): Delayed 2 second(s)

2020-06-05 13:45:39 - [MESSAGE][PASSED] - Delayed 2 second(s)

2020-06-05 13:45:39 - [TEST_STEP][PASSED] - sendKeys(NewInputNmField, Keys.chord(ENTER)): Keys 'ENTER + ' sent to object: 'Object Repository/Objects.HighlightElements/input_field_index'

2020-06-05 13:45:39 - [MESSAGE][PASSED] - Keys 'ENTER + ' sent to object: 'Object Repository/Objects.HighlightElements/input_field_index'

2020-06-05 13:45:39 - [TEST_STEP][PASSED] - ComboBoxValue = getAttribute(NewInputNmField, "value"): Attribute 'value' of object 'Object Repository/Objects.HighlightElements/input_field_index' is: 'RWS - Resorts World Sentosa'

2020-06-05 13:45:39 - [MESSAGE][PASSED] - Attribute 'value' of object 'Object Repository/Objects.HighlightElements/input_field_index' is: 'RWS - Resorts World Sentosa'

2020-06-05 13:45:39 - [TEST_STEP][PASSED] - callTestCase(findTestCase(CallTCName), ["FindValue":ComboBoxValue, "DropdownNm":comboNm], STOP_ON_FAILURE): Call Test Case 'Test Cases/PFI Precision and Scale/HashMap Tables/ExternalAgencyLists' successfully

2020-06-05 13:45:39 - [TEST_CASE][PASSED] - Test Cases/PFI Precision and Scale/HashMap Tables/ExternalAgencyLists: Test Cases/PFI Precision and Scale/HashMap Tables/ExternalAgencyLists

2020-06-05 13:45:39 - [TEST_STEP][PASSED] - Thread.sleep(1000): null

2020-06-05 13:45:40 - [TEST_STEP][PASSED] - ExtAgencyTBL = [1:"HDB", 2:"AVA", 3:"CAAS", 4:"DSTA", 5:"EXXONMOBIL", 6:"Embassy", 7:"JTC Cat 1A", 8:"MBS- Marina Bay Sands", 9:"MCYS", 10:"MICA", ... ]: null

2020-06-05 13:45:40 - [TEST_STEP][PASSED] - ValueFound = ExtAgencyTBL.find({ -> ... }): null

2020-06-05 13:45:40 - [MESSAGE][PASSED] - Call Test Case 'Test Cases/PFI Precision and Scale/HashMap Tables/ExternalAgencyLists' successfully

2020-06-05 13:45:40 - [TEST_STEP][PASSED] - println(ValueFound): null

2020-06-05 13:45:40 - [TEST_STEP][PASSED] - sendKeys(NewInputNmField, Keys.chord(ARROW_DOWN)): Keys 'DOWN + ' sent to object: 'Object Repository/Objects.HighlightElements/input_field_index'

2020-06-05 13:45:40 - [MESSAGE][PASSED] - Keys 'DOWN + ' sent to object: 'Object Repository/Objects.HighlightElements/input_field_index'

2020-06-05 13:45:40 - [TEST_STEP][PASSED] - sendKeys(NewInputNmField, Keys.chord(ARROW_DOWN)): Keys 'DOWN + ' sent to object: 'Object Repository/Objects.HighlightElements/input_field_index'

2020-06-05 13:45:40 - [MESSAGE][PASSED] - Keys 'DOWN + ' sent to object: 'Object Repository/Objects.HighlightElements/input_field_index'

2020-06-05 13:45:40 - [TEST_STEP][PASSED] - delay(DelayTime): Delayed 2 second(s)

2020-06-05 13:45:42 - [MESSAGE][PASSED] - Delayed 2 second(s)

2020-06-05 13:45:42 - [TEST_STEP][PASSED] - sendKeys(NewInputNmField, Keys.chord(ENTER)): Keys 'ENTER + ' sent to object: 'Object Repository/Objects.HighlightElements/input_field_index'

2020-06-05 13:45:42 - [MESSAGE][PASSED] - Keys 'ENTER + ' sent to object: 'Object Repository/Objects.HighlightElements/input_field_index'

2020-06-05 13:45:42 - [TEST_STEP][PASSED] - ComboBoxValue = getAttribute(NewInputNmField, "value"): Attribute 'value' of object 'Object Repository/Objects.HighlightElements/input_field_index' is: 'S'pore Sports Council'

2020-06-05 13:45:42 - [MESSAGE][PASSED] - Attribute 'value' of object 'Object Repository/Objects.HighlightElements/input_field_index' is: 'S'pore Sports Council'

2020-06-05 13:45:42 - [TEST_STEP][PASSED] - callTestCase(findTestCase(CallTCName), ["FindValue":ComboBoxValue, "DropdownNm":comboNm], STOP_ON_FAILURE): Call Test Case 'Test Cases/PFI Precision and Scale/HashMap Tables/ExternalAgencyLists' successfully

2020-06-05 13:45:43 - [TEST_CASE][PASSED] - Test Cases/PFI Precision and Scale/HashMap Tables/ExternalAgencyLists: Test Cases/PFI Precision and Scale/HashMap Tables/ExternalAgencyLists

2020-06-05 13:45:43 - [TEST_STEP][PASSED] - Thread.sleep(1000): null

2020-06-05 13:45:44 - [TEST_STEP][PASSED] - ExtAgencyTBL = [1:"HDB", 2:"AVA", 3:"CAAS", 4:"DSTA", 5:"EXXONMOBIL", 6:"Embassy", 7:"JTC Cat 1A", 8:"MBS- Marina Bay Sands", 9:"MCYS", 10:"MICA", ... ]: null

2020-06-05 13:45:44 - [TEST_STEP][PASSED] - ValueFound = ExtAgencyTBL.find({ -> ... }): null

2020-06-05 13:45:44 - [MESSAGE][PASSED] - Call Test Case 'Test Cases/PFI Precision and Scale/HashMap Tables/ExternalAgencyLists' successfully

2020-06-05 13:45:44 - [TEST_STEP][PASSED] - println(ValueFound): null

2020-06-05 13:45:44 - [TEST_STEP][PASSED] - sendKeys(NewInputNmField, Keys.chord(ARROW_DOWN)): Keys 'DOWN + ' sent to object: 'Object Repository/Objects.HighlightElements/input_field_index'

2020-06-05 13:45:44 - [MESSAGE][PASSED] - Keys 'DOWN + ' sent to object: 'Object Repository/Objects.HighlightElements/input_field_index'

2020-06-05 13:45:44 - [TEST_STEP][PASSED] - sendKeys(NewInputNmField, Keys.chord(ARROW_DOWN)): Keys 'DOWN + ' sent to object: 'Object Repository/Objects.HighlightElements/input_field_index'

2020-06-05 13:45:44 - [MESSAGE][PASSED] - Keys 'DOWN + ' sent to object: 'Object Repository/Objects.HighlightElements/input_field_index'

2020-06-05 13:45:44 - [TEST_STEP][PASSED] - delay(DelayTime): Delayed 2 second(s)

2020-06-05 13:45:46 - [MESSAGE][PASSED] - Delayed 2 second(s)

2020-06-05 13:45:46 - [TEST_STEP][PASSED] - sendKeys(NewInputNmField, Keys.chord(ENTER)): Keys 'ENTER + ' sent to object: 'Object Repository/Objects.HighlightElements/input_field_index'

2020-06-05 13:45:46 - [MESSAGE][PASSED] - Keys 'ENTER + ' sent to object: 'Object Repository/Objects.HighlightElements/input_field_index'

2020-06-05 13:45:46 - [TEST_STEP][PASSED] - ComboBoxValue = getAttribute(NewInputNmField, "value"): Attribute 'value' of object 'Object Repository/Objects.HighlightElements/input_field_index' is: 'SENTOSA'

2020-06-05 13:45:46 - [MESSAGE][PASSED] - Attribute 'value' of object 'Object Repository/Objects.HighlightElements/input_field_index' is: 'SENTOSA'

2020-06-05 13:45:46 - [TEST_STEP][PASSED] - callTestCase(findTestCase(CallTCName), ["FindValue":ComboBoxValue, "DropdownNm":comboNm], STOP_ON_FAILURE): Call Test Case 'Test Cases/PFI Precision and Scale/HashMap Tables/ExternalAgencyLists' successfully

2020-06-05 13:45:46 - [TEST_CASE][PASSED] - Test Cases/PFI Precision and Scale/HashMap Tables/ExternalAgencyLists: Test Cases/PFI Precision and Scale/HashMap Tables/ExternalAgencyLists

2020-06-05 13:45:46 - [TEST_STEP][PASSED] - Thread.sleep(1000): null

2020-06-05 13:45:47 - [TEST_STEP][PASSED] - ExtAgencyTBL = [1:"HDB", 2:"AVA", 3:"CAAS", 4:"DSTA", 5:"EXXONMOBIL", 6:"Embassy", 7:"JTC Cat 1A", 8:"MBS- Marina Bay Sands", 9:"MCYS", 10:"MICA", ... ]: null

2020-06-05 13:45:47 - [TEST_STEP][PASSED] - ValueFound = ExtAgencyTBL.find({ -> ... }): null

2020-06-05 13:45:47 - [MESSAGE][PASSED] - Call Test Case 'Test Cases/PFI Precision and Scale/HashMap Tables/ExternalAgencyLists' successfully

2020-06-05 13:45:47 - [TEST_STEP][PASSED] - println(ValueFound): null

2020-06-05 13:45:47 - [TEST_STEP][PASSED] - sendKeys(NewInputNmField, Keys.chord(ARROW_DOWN)): Keys 'DOWN + ' sent to object: 'Object Repository/Objects.HighlightElements/input_field_index'

2020-06-05 13:45:47 - [MESSAGE][PASSED] - Keys 'DOWN + ' sent to object: 'Object Repository/Objects.HighlightElements/input_field_index'

2020-06-05 13:45:47 - [TEST_STEP][PASSED] - sendKeys(NewInputNmField, Keys.chord(ARROW_DOWN)): Keys 'DOWN + ' sent to object: 'Object Repository/Objects.HighlightElements/input_field_index'

2020-06-05 13:45:47 - [MESSAGE][PASSED] - Keys 'DOWN + ' sent to object: 'Object Repository/Objects.HighlightElements/input_field_index'

2020-06-05 13:45:47 - [TEST_STEP][PASSED] - delay(DelayTime): Delayed 2 second(s)

2020-06-05 13:45:49 - [MESSAGE][PASSED] - Delayed 2 second(s)

2020-06-05 13:45:49 - [TEST_STEP][PASSED] - sendKeys(NewInputNmField, Keys.chord(ENTER)): Keys 'ENTER + ' sent to object: 'Object Repository/Objects.HighlightElements/input_field_index'

2020-06-05 13:45:49 - [MESSAGE][PASSED] - Keys 'ENTER + ' sent to object: 'Object Repository/Objects.HighlightElements/input_field_index'

2020-06-05 13:45:49 - [TEST_STEP][PASSED] - ComboBoxValue = getAttribute(NewInputNmField, "value"): Attribute 'value' of object 'Object Repository/Objects.HighlightElements/input_field_index' is: 'SHELL'

2020-06-05 13:45:49 - [MESSAGE][PASSED] - Attribute 'value' of object 'Object Repository/Objects.HighlightElements/input_field_index' is: 'SHELL'

2020-06-05 13:45:49 - [TEST_STEP][PASSED] - callTestCase(findTestCase(CallTCName), ["FindValue":ComboBoxValue, "DropdownNm":comboNm], STOP_ON_FAILURE): Call Test Case 'Test Cases/PFI Precision and Scale/HashMap Tables/ExternalAgencyLists' successfully

2020-06-05 13:45:49 - [TEST_CASE][PASSED] - Test Cases/PFI Precision and Scale/HashMap Tables/ExternalAgencyLists: Test Cases/PFI Precision and Scale/HashMap Tables/ExternalAgencyLists

2020-06-05 13:45:49 - [TEST_STEP][PASSED] - Thread.sleep(1000): null

2020-06-05 13:45:50 - [TEST_STEP][PASSED] - ExtAgencyTBL = [1:"HDB", 2:"AVA", 3:"CAAS", 4:"DSTA", 5:"EXXONMOBIL", 6:"Embassy", 7:"JTC Cat 1A", 8:"MBS- Marina Bay Sands", 9:"MCYS", 10:"MICA", ... ]: null

2020-06-05 13:45:50 - [TEST_STEP][PASSED] - ValueFound = ExtAgencyTBL.find({ -> ... }): null

2020-06-05 13:45:50 - [MESSAGE][PASSED] - Call Test Case 'Test Cases/PFI Precision and Scale/HashMap Tables/ExternalAgencyLists' successfully

2020-06-05 13:45:50 - [TEST_STEP][PASSED] - println(ValueFound): null

2020-06-05 13:45:50 - [TEST_STEP][PASSED] - sendKeys(NewInputNmField, Keys.chord(ARROW_DOWN)): Keys 'DOWN + ' sent to object: 'Object Repository/Objects.HighlightElements/input_field_index'

2020-06-05 13:45:50 - [MESSAGE][PASSED] - Keys 'DOWN + ' sent to object: 'Object Repository/Objects.HighlightElements/input_field_index'

2020-06-05 13:45:50 - [TEST_STEP][PASSED] - sendKeys(NewInputNmField, Keys.chord(ARROW_DOWN)): Keys 'DOWN + ' sent to object: 'Object Repository/Objects.HighlightElements/input_field_index'

2020-06-05 13:45:50 - [MESSAGE][PASSED] - Keys 'DOWN + ' sent to object: 'Object Repository/Objects.HighlightElements/input_field_index'

2020-06-05 13:45:50 - [TEST_STEP][PASSED] - delay(DelayTime): Delayed 2 second(s)

2020-06-05 13:45:52 - [MESSAGE][PASSED] - Delayed 2 second(s)

2020-06-05 13:45:52 - [TEST_STEP][PASSED] - sendKeys(NewInputNmField, Keys.chord(ENTER)): Keys 'ENTER + ' sent to object: 'Object Repository/Objects.HighlightElements/input_field_index'

2020-06-05 13:45:52 - [MESSAGE][PASSED] - Keys 'ENTER + ' sent to object: 'Object Repository/Objects.HighlightElements/input_field_index'

2020-06-05 13:45:52 - [TEST_STEP][PASSED] - ComboBoxValue = getAttribute(NewInputNmField, "value"): Attribute 'value' of object 'Object Repository/Objects.HighlightElements/input_field_index' is: 'SPC'

2020-06-05 13:45:52 - [MESSAGE][PASSED] - Attribute 'value' of object 'Object Repository/Objects.HighlightElements/input_field_index' is: 'SPC'

2020-06-05 13:45:52 - [TEST_STEP][PASSED] - callTestCase(findTestCase(CallTCName), ["FindValue":ComboBoxValue, "DropdownNm":comboNm], STOP_ON_FAILURE): Call Test Case 'Test Cases/PFI Precision and Scale/HashMap Tables/ExternalAgencyLists' successfully

2020-06-05 13:45:52 - [TEST_CASE][PASSED] - Test Cases/PFI Precision and Scale/HashMap Tables/ExternalAgencyLists: Test Cases/PFI Precision and Scale/HashMap Tables/ExternalAgencyLists

2020-06-05 13:45:52 - [TEST_STEP][PASSED] - Thread.sleep(1000): null

2020-06-05 13:45:53 - [TEST_STEP][PASSED] - ExtAgencyTBL = [1:"HDB", 2:"AVA", 3:"CAAS", 4:"DSTA", 5:"EXXONMOBIL", 6:"Embassy", 7:"JTC Cat 1A", 8:"MBS- Marina Bay Sands", 9:"MCYS", 10:"MICA", ... ]: null

2020-06-05 13:45:53 - [TEST_STEP][PASSED] - ValueFound = ExtAgencyTBL.find({ -> ... }): null

2020-06-05 13:45:53 - [MESSAGE][PASSED] - Call Test Case 'Test Cases/PFI Precision and Scale/HashMap Tables/ExternalAgencyLists' successfully

2020-06-05 13:45:53 - [TEST_STEP][PASSED] - println(ValueFound): null

2020-06-05 13:45:53 - [TEST_STEP][PASSED] - sendKeys(NewInputNmField, Keys.chord(ARROW_DOWN)): Keys 'DOWN + ' sent to object: 'Object Repository/Objects.HighlightElements/input_field_index'

2020-06-05 13:45:53 - [MESSAGE][PASSED] - Keys 'DOWN + ' sent to object: 'Object Repository/Objects.HighlightElements/input_field_index'

2020-06-05 13:45:53 - [TEST_STEP][PASSED] - sendKeys(NewInputNmField, Keys.chord(ARROW_DOWN)): Keys 'DOWN + ' sent to object: 'Object Repository/Objects.HighlightElements/input_field_index'

2020-06-05 13:45:53 - [MESSAGE][PASSED] - Keys 'DOWN + ' sent to object: 'Object Repository/Objects.HighlightElements/input_field_index'

2020-06-05 13:45:53 - [TEST_STEP][PASSED] - delay(DelayTime): Delayed 2 second(s)

2020-06-05 13:45:55 - [MESSAGE][PASSED] - Delayed 2 second(s)

2020-06-05 13:45:55 - [TEST_STEP][PASSED] - sendKeys(NewInputNmField, Keys.chord(ENTER)): Keys 'ENTER + ' sent to object: 'Object Repository/Objects.HighlightElements/input_field_index'

2020-06-05 13:45:55 - [MESSAGE][PASSED] - Keys 'ENTER + ' sent to object: 'Object Repository/Objects.HighlightElements/input_field_index'

2020-06-05 13:45:55 - [TEST_STEP][PASSED] - ComboBoxValue = getAttribute(NewInputNmField, "value"): Attribute 'value' of object 'Object Repository/Objects.HighlightElements/input_field_index' is: 'University'

2020-06-05 13:45:55 - [MESSAGE][PASSED] - Attribute 'value' of object 'Object Repository/Objects.HighlightElements/input_field_index' is: 'University'

2020-06-05 13:45:55 - [TEST_STEP][PASSED] - callTestCase(findTestCase(CallTCName), ["FindValue":ComboBoxValue, "DropdownNm":comboNm], STOP_ON_FAILURE): Call Test Case 'Test Cases/PFI Precision and Scale/HashMap Tables/ExternalAgencyLists' successfully

2020-06-05 13:45:55 - [TEST_CASE][PASSED] - Test Cases/PFI Precision and Scale/HashMap Tables/ExternalAgencyLists: Test Cases/PFI Precision and Scale/HashMap Tables/ExternalAgencyLists

2020-06-05 13:45:55 - [TEST_STEP][PASSED] - Thread.sleep(1000): null

2020-06-05 13:45:56 - [TEST_STEP][PASSED] - ExtAgencyTBL = [1:"HDB", 2:"AVA", 3:"CAAS", 4:"DSTA", 5:"EXXONMOBIL", 6:"Embassy", 7:"JTC Cat 1A", 8:"MBS- Marina Bay Sands", 9:"MCYS", 10:"MICA", ... ]: null

2020-06-05 13:45:56 - [TEST_STEP][PASSED] - ValueFound = ExtAgencyTBL.find({ -> ... }): null

2020-06-05 13:45:56 - [MESSAGE][PASSED] - Call Test Case 'Test Cases/PFI Precision and Scale/HashMap Tables/ExternalAgencyLists' successfully

2020-06-05 13:45:56 - [TEST_STEP][PASSED] - println(ValueFound): null

2020-06-05 13:45:56 - [TEST_STEP][PASSED] - sendKeys(NewInputNmField, Keys.chord(ARROW_DOWN)): Keys 'DOWN + ' sent to object: 'Object Repository/Objects.HighlightElements/input_field_index'

2020-06-05 13:45:57 - [MESSAGE][PASSED] - Keys 'DOWN + ' sent to object: 'Object Repository/Objects.HighlightElements/input_field_index'

2020-06-05 13:45:57 - [TEST_STEP][PASSED] - sendKeys(NewInputNmField, Keys.chord(ARROW_DOWN)): Keys 'DOWN + ' sent to object: 'Object Repository/Objects.HighlightElements/input_field_index'

2020-06-05 13:45:57 - [MESSAGE][PASSED] - Keys 'DOWN + ' sent to object: 'Object Repository/Objects.HighlightElements/input_field_index'

2020-06-05 13:45:57 - [TEST_STEP][PASSED] - delay(DelayTime): Delayed 2 second(s)

2020-06-05 13:45:59 - [MESSAGE][PASSED] - Delayed 2 second(s)

2020-06-05 13:45:59 - [TEST_STEP][PASSED] - sendKeys(NewInputNmField, Keys.chord(ENTER)): Keys 'ENTER + ' sent to object: 'Object Repository/Objects.HighlightElements/input_field_index'

2020-06-05 13:45:59 - [MESSAGE][PASSED] - Keys 'ENTER + ' sent to object: 'Object Repository/Objects.HighlightElements/input_field_index'

2020-06-05 13:45:59 - [TEST_STEP][PASSED] - ComboBoxValue = getAttribute(NewInputNmField, "value"): Attribute 'value' of object 'Object Repository/Objects.HighlightElements/input_field_index' is: 'JTC Cat 1'

2020-06-05 13:45:59 - [MESSAGE][PASSED] - Attribute 'value' of object 'Object Repository/Objects.HighlightElements/input_field_index' is: 'JTC Cat 1'

2020-06-05 13:45:59 - [TEST_STEP][PASSED] - callTestCase(findTestCase(CallTCName), ["FindValue":ComboBoxValue, "DropdownNm":comboNm], STOP_ON_FAILURE): Call Test Case 'Test Cases/PFI Precision and Scale/HashMap Tables/ExternalAgencyLists' successfully

2020-06-05 13:45:59 - [TEST_CASE][PASSED] - Test Cases/PFI Precision and Scale/HashMap Tables/ExternalAgencyLists: Test Cases/PFI Precision and Scale/HashMap Tables/ExternalAgencyLists

2020-06-05 13:45:59 - [TEST_STEP][PASSED] - Thread.sleep(1000): null

2020-06-05 13:46:00 - [TEST_STEP][PASSED] - ExtAgencyTBL = [1:"HDB", 2:"AVA", 3:"CAAS", 4:"DSTA", 5:"EXXONMOBIL", 6:"Embassy", 7:"JTC Cat 1A", 8:"MBS- Marina Bay Sands", 9:"MCYS", 10:"MICA", ... ]: null

2020-06-05 13:46:00 - [TEST_STEP][PASSED] - ValueFound = ExtAgencyTBL.find({ -> ... }): null

2020-06-05 13:46:00 - [MESSAGE][PASSED] - Call Test Case 'Test Cases/PFI Precision and Scale/HashMap Tables/ExternalAgencyLists' successfully

2020-06-05 13:46:00 - [TEST_STEP][PASSED] - println(ValueFound): null

2020-06-05 13:46:00 - [TEST_STEP][PASSED] - sendKeys(NewInputNmField, Keys.chord(ARROW_DOWN)): Keys 'DOWN + ' sent to object: 'Object Repository/Objects.HighlightElements/input_field_index'

2020-06-05 13:46:00 - [MESSAGE][PASSED] - Keys 'DOWN + ' sent to object: 'Object Repository/Objects.HighlightElements/input_field_index'

2020-06-05 13:46:00 - [TEST_STEP][PASSED] - sendKeys(NewInputNmField, Keys.chord(ARROW_DOWN)): Keys 'DOWN + ' sent to object: 'Object Repository/Objects.HighlightElements/input_field_index'

2020-06-05 13:46:00 - [MESSAGE][PASSED] - Keys 'DOWN + ' sent to object: 'Object Repository/Objects.HighlightElements/input_field_index'

2020-06-05 13:46:00 - [TEST_STEP][PASSED] - delay(DelayTime): Delayed 2 second(s)

2020-06-05 13:46:02 - [MESSAGE][PASSED] - Delayed 2 second(s)

2020-06-05 13:46:02 - [TEST_STEP][PASSED] - sendKeys(NewInputNmField, Keys.chord(ENTER)): Keys 'ENTER + ' sent to object: 'Object Repository/Objects.HighlightElements/input_field_index'

2020-06-05 13:46:02 - [MESSAGE][PASSED] - Keys 'ENTER + ' sent to object: 'Object Repository/Objects.HighlightElements/input_field_index'

2020-06-05 13:46:02 - [TEST_STEP][PASSED] - ComboBoxValue = getAttribute(NewInputNmField, "value"): Attribute 'value' of object 'Object Repository/Objects.HighlightElements/input_field_index' is: 'JTC Cat 2'

2020-06-05 13:46:02 - [MESSAGE][PASSED] - Attribute 'value' of object 'Object Repository/Objects.HighlightElements/input_field_index' is: 'JTC Cat 2'

2020-06-05 13:46:02 - [TEST_STEP][PASSED] - callTestCase(findTestCase(CallTCName), ["FindValue":ComboBoxValue, "DropdownNm":comboNm], STOP_ON_FAILURE): Call Test Case 'Test Cases/PFI Precision and Scale/HashMap Tables/ExternalAgencyLists' successfully

2020-06-05 13:46:02 - [TEST_CASE][PASSED] - Test Cases/PFI Precision and Scale/HashMap Tables/ExternalAgencyLists: Test Cases/PFI Precision and Scale/HashMap Tables/ExternalAgencyLists

2020-06-05 13:46:02 - [TEST_STEP][PASSED] - Thread.sleep(1000): null

2020-06-05 13:46:03 - [TEST_STEP][PASSED] - ExtAgencyTBL = [1:"HDB", 2:"AVA", 3:"CAAS", 4:"DSTA", 5:"EXXONMOBIL", 6:"Embassy", 7:"JTC Cat 1A", 8:"MBS- Marina Bay Sands", 9:"MCYS", 10:"MICA", ... ]: null

2020-06-05 13:46:03 - [TEST_STEP][PASSED] - ValueFound = ExtAgencyTBL.find({ -> ... }): null

2020-06-05 13:46:03 - [MESSAGE][PASSED] - Call Test Case 'Test Cases/PFI Precision and Scale/HashMap Tables/ExternalAgencyLists' successfully

2020-06-05 13:46:03 - [TEST_STEP][PASSED] - println(ValueFound): null

2020-06-05 13:46:03 - [TEST_STEP][PASSED] - sendKeys(NewInputNmField, Keys.chord(ARROW_DOWN)): Keys 'DOWN + ' sent to object: 'Object Repository/Objects.HighlightElements/input_field_index'

2020-06-05 13:46:03 - [MESSAGE][PASSED] - Keys 'DOWN + ' sent to object: 'Object Repository/Objects.HighlightElements/input_field_index'

2020-06-05 13:46:03 - [TEST_STEP][PASSED] - sendKeys(NewInputNmField, Keys.chord(ARROW_DOWN)): Keys 'DOWN + ' sent to object: 'Object Repository/Objects.HighlightElements/input_field_index'

2020-06-05 13:46:03 - [MESSAGE][PASSED] - Keys 'DOWN + ' sent to object: 'Object Repository/Objects.HighlightElements/input_field_index'

2020-06-05 13:46:03 - [TEST_STEP][PASSED] - delay(DelayTime): Delayed 2 second(s)

2020-06-05 13:46:05 - [MESSAGE][PASSED] - Delayed 2 second(s)

2020-06-05 13:46:05 - [TEST_STEP][PASSED] - sendKeys(NewInputNmField, Keys.chord(ENTER)): Keys 'ENTER + ' sent to object: 'Object Repository/Objects.HighlightElements/input_field_index'

2020-06-05 13:46:05 - [MESSAGE][PASSED] - Keys 'ENTER + ' sent to object: 'Object Repository/Objects.HighlightElements/input_field_index'

2020-06-05 13:46:05 - [TEST_STEP][PASSED] - ComboBoxValue = getAttribute(NewInputNmField, "value"): Attribute 'value' of object 'Object Repository/Objects.HighlightElements/input_field_index' is: 'LTA'

2020-06-05 13:46:05 - [MESSAGE][PASSED] - Attribute 'value' of object 'Object Repository/Objects.HighlightElements/input_field_index' is: 'LTA'

2020-06-05 13:46:05 - [TEST_STEP][PASSED] - callTestCase(findTestCase(CallTCName), ["FindValue":ComboBoxValue, "DropdownNm":comboNm], STOP_ON_FAILURE): Call Test Case 'Test Cases/PFI Precision and Scale/HashMap Tables/ExternalAgencyLists' successfully

2020-06-05 13:46:05 - [TEST_CASE][PASSED] - Test Cases/PFI Precision and Scale/HashMap Tables/ExternalAgencyLists: Test Cases/PFI Precision and Scale/HashMap Tables/ExternalAgencyLists

2020-06-05 13:46:05 - [TEST_STEP][PASSED] - Thread.sleep(1000): null

2020-06-05 13:46:06 - [TEST_STEP][PASSED] - ExtAgencyTBL = [1:"HDB", 2:"AVA", 3:"CAAS", 4:"DSTA", 5:"EXXONMOBIL", 6:"Embassy", 7:"JTC Cat 1A", 8:"MBS- Marina Bay Sands", 9:"MCYS", 10:"MICA", ... ]: null

2020-06-05 13:46:06 - [TEST_STEP][PASSED] - ValueFound = ExtAgencyTBL.find({ -> ... }): null

2020-06-05 13:46:06 - [MESSAGE][PASSED] - Call Test Case 'Test Cases/PFI Precision and Scale/HashMap Tables/ExternalAgencyLists' successfully

2020-06-05 13:46:06 - [TEST_STEP][PASSED] - println(ValueFound): null

2020-06-05 13:46:06 - [TEST_STEP][PASSED] - sendKeys(NewInputNmField, Keys.chord(ARROW_DOWN)): Keys 'DOWN + ' sent to object: 'Object Repository/Objects.HighlightElements/input_field_index'

2020-06-05 13:46:06 - [MESSAGE][PASSED] - Keys 'DOWN + ' sent to object: 'Object Repository/Objects.HighlightElements/input_field_index'

2020-06-05 13:46:06 - [TEST_STEP][PASSED] - sendKeys(NewInputNmField, Keys.chord(ENTER)): Keys 'ENTER + ' sent to object: 'Object Repository/Objects.HighlightElements/input_field_index'

2020-06-05 13:46:06 - [MESSAGE][PASSED] - Keys 'ENTER + ' sent to object: 'Object Repository/Objects.HighlightElements/input_field_index'

2020-06-05 13:46:06 - [MESSAGE][PASSED] - Call Test Case 'Test Cases/PFI Precision and Scale/PFI Components with Indexing/VerifyDropdownValuesXPI' successfully

2020-06-05 13:46:06 - [TEST_STEP][PASSED] - callTestCase(findTestCase("Components/SelectAllThenDeleteXPI"), ["nameToBeUsed":"extAgenciesCmb", "index":1], STOP_ON_FAILURE): Call Test Case 'Test Cases/Components/SelectAllThenDeleteXPI' successfully

2020-06-05 13:46:06 - [TEST_CASE][PASSED] - Test Cases/Components/SelectAllThenDeleteXPI: Test Cases/Components/SelectAllThenDeleteXPI

2020-06-05 13:46:06 - [TEST_STEP][PASSED] - Thread.sleep(1000): null

2020-06-05 13:46:07 - [TEST_STEP][PASSED] - modifiedObj = modifyObjectProperty(findTestObject("Object Repository/Objects.HighlightElements/input_field_index"), "xpath", "equals", "(//*[contains(@name,'" + nameToBeUsed + "')])[" + index + "]", true): Modify property of object successfully

2020-06-05 13:46:07 - [MESSAGE][PASSED] - Modify property of object successfully

2020-06-05 13:46:07 - [TEST_STEP][PASSED] - focus(modifiedObj): Object: 'Object Repository/Objects.HighlightElements/input_field_index' is focused

2020-06-05 13:46:07 - [MESSAGE][PASSED] - Object: 'Object Repository/Objects.HighlightElements/input_field_index' is focused

2020-06-05 13:46:07 - [TEST_STEP][PASSED] - sendKeys(modifiedObj, Keys.chord(CONTROL, "a")): Keys 'CONTROL + a' sent to object: 'Object Repository/Objects.HighlightElements/input_field_index'

2020-06-05 13:46:07 - [MESSAGE][PASSED] - Keys 'CONTROL + a' sent to object: 'Object Repository/Objects.HighlightElements/input_field_index'

2020-06-05 13:46:07 - [TEST_STEP][PASSED] - sendKeys(modifiedObj, Keys.chord(DELETE)): Keys 'DELETE + ' sent to object: 'Object Repository/Objects.HighlightElements/input_field_index'

2020-06-05 13:46:08 - [MESSAGE][PASSED] - Keys 'DELETE + ' sent to object: 'Object Repository/Objects.HighlightElements/input_field_index'

2020-06-05 13:46:08 - [MESSAGE][PASSED] - Call Test Case 'Test Cases/Components/SelectAllThenDeleteXPI' successfully

2020-06-05 13:46:08 - [TEST_STEP][PASSED] - callTestCase(findTestCase("PFI Precision and Scale/PFI Components with Indexing/RequiredFieldValidationXPI"), ["nameToBeUsed":"extAgenciesCmb", "index":1], STOP_ON_FAILURE): Call Test Case 'Test Cases/PFI Precision and Scale/PFI Components with Indexing/RequiredFieldValidationXPI' successfully

2020-06-05 13:46:08 - [TEST_CASE][PASSED] - Test Cases/PFI Precision and Scale/PFI Components with Indexing/RequiredFieldValidationXPI: Test Cases/PFI Precision and Scale/PFI Components with Indexing/RequiredFieldValidationXPI

2020-06-05 13:46:08 - [TEST_STEP][PASSED] - enableSmartWait(): null

2020-06-05 13:46:08 - [TEST_STEP][PASSED] - NewInputNmField = modifyObjectProperty(findTestObject("Objects.HighlightElements/input_field_index"), "xpath", "equals", "(//*[contains(@name,'" + nameToBeUsed + "')])[" + index + "]", true): Modify property of object successfully

2020-06-05 13:46:08 - [MESSAGE][PASSED] - Modify property of object successfully

2020-06-05 13:46:08 - [TEST_STEP][PASSED] - mouseOver(NewInputNmField): Object: 'Object Repository/Objects.HighlightElements/input_field_index' is hovered

2020-06-05 13:46:08 - [MESSAGE][PASSED] - Object: 'Object Repository/Objects.HighlightElements/input_field_index' is hovered

2020-06-05 13:46:08 - [TEST_STEP][PASSED] - getRqErrMsg = getAttribute(NewInputNmField, "data-errorqtip"): Attribute 'data-errorqtip' of object 'Object Repository/Objects.HighlightElements/input_field_index' is: '<ul class="x-list-plain"><li>This field is required</li></ul>'

2020-06-05 13:46:08 - [MESSAGE][PASSED] - Attribute 'data-errorqtip' of object 'Object Repository/Objects.HighlightElements/input_field_index' is: '<ul class="x-list-plain"><li>This field is required</li></ul>'

2020-06-05 13:46:08 - [TEST_STEP][PASSED] - strToolTip = getRqErrMsg.substring(29, 61): null

2020-06-05 13:46:08 - [TEST_STEP][PASSED] - toolTipReqErrMsg = strToolTip.substring(0, 22): null

2020-06-05 13:46:08 - [TEST_STEP][PASSED] - verifyMatch(toolTipReqErrMsg, RqField, true): Actual text 'This field is required' and expected text 'This field is required' are matched  using regular expression

2020-06-05 13:46:08 - [MESSAGE][PASSED] - Actual text 'This field is required' and expected text 'This field is required' are matched  using regular expression

2020-06-05 13:46:08 - [MESSAGE][PASSED] - Call Test Case 'Test Cases/PFI Precision and Scale/PFI Components with Indexing/RequiredFieldValidationXPI' successfully

2020-06-05 13:46:08 - [TEST_STEP][NOT_RUN] - callTestCase(findTestCase("Components/Logout"), ["LogoutPageTextToBeVerified":findTestData("ISPS2 Test Data").getValue("HomeBanner", 2)], STOP_ON_FAILURE): NOT_RUN: callTestCase(findTestCase("Components/Logout"), ["LogoutPageTextToBeVerified":findTestData("ISPS2 Test Data").getValue("HomeBanner", 2)], STOP_ON_FAILURE)

2020-06-05 13:46:08 - [MESSAGE][NOT_RUN] - NOT_RUN: callTestCase(findTestCase("Components/Logout"), ["LogoutPageTextToBeVerified":findTestData("ISPS2 Test Data").getValue("HomeBanner", 2)], STOP_ON_FAILURE)]]></system-out>
         <system-err><![CDATA[]]></system-err>
      </testcase>
      <testcase name="Test Cases/PFI Precision and Scale/PFI Test Cases/Process Case (PFI)/PFI.CourtActionsLHS" time="49.083" classname="Test Cases/PFI Precision and Scale/PFI Test Cases/Process Case (PFI)/PFI.CourtActionsLHS" status="ERROR">
         <error type="ERROR" message="Test Cases/PFI Precision and Scale/PFI Test Cases/Process Case (PFI)/PFI.CourtActionsLHS FAILED.
Reason:
com.kms.katalon.core.exception.StepErrorException: Call Test Case 'Test Cases/PFI Precision and Scale/PFI Components with Indexing/SelectDayInDatePickerWithIndexII' failed because of error(s)
	at com.kms.katalon.core.keyword.builtin.CallTestCaseKeyword$_callTestCase_closure1.doCall(CallTestCaseKeyword.groovy:66)
	at com.kms.katalon.core.keyword.builtin.CallTestCaseKeyword$_callTestCase_closure1.call(CallTestCaseKeyword.groovy)
	at com.kms.katalon.core.keyword.internal.KeywordMain.runKeyword(KeywordMain.groovy:68)
	at com.kms.katalon.core.keyword.builtin.CallTestCaseKeyword.callTestCase(CallTestCaseKeyword.groovy:81)
	at com.kms.katalon.core.keyword.builtin.CallTestCaseKeyword.execute(CallTestCaseKeyword.groovy:44)
	at com.kms.katalon.core.keyword.internal.KeywordExecutor.executeKeywordForPlatform(KeywordExecutor.groovy:72)
	at com.kms.katalon.core.keyword.BuiltinKeywords.callTestCase(BuiltinKeywords.groovy:334)
	at PFI.CourtActionsLHS.run(PFI.CourtActionsLHS:78)
	at com.kms.katalon.core.main.ScriptEngine.run(ScriptEngine.java:194)
	at com.kms.katalon.core.main.ScriptEngine.runScriptAsRawText(ScriptEngine.java:119)
	at com.kms.katalon.core.main.TestCaseExecutor.runScript(TestCaseExecutor.java:337)
	at com.kms.katalon.core.main.TestCaseExecutor.doExecute(TestCaseExecutor.java:328)
	at com.kms.katalon.core.main.TestCaseExecutor.processExecutionPhase(TestCaseExecutor.java:307)
	at com.kms.katalon.core.main.TestCaseExecutor.accessMainPhase(TestCaseExecutor.java:299)
	at com.kms.katalon.core.main.TestCaseExecutor.execute(TestCaseExecutor.java:233)
	at com.kms.katalon.core.main.TestSuiteExecutor.accessTestCaseMainPhase(TestSuiteExecutor.java:169)
	at com.kms.katalon.core.main.TestSuiteExecutor.accessTestSuiteMainPhase(TestSuiteExecutor.java:142)
	at com.kms.katalon.core.main.TestSuiteExecutor.execute(TestSuiteExecutor.java:91)
	at com.kms.katalon.core.main.TestCaseMain.startTestSuite(TestCaseMain.java:157)
	at com.kms.katalon.core.main.TestCaseMain$startTestSuite$0.call(Unknown Source)
	at TempTestSuite1591334959875.run(TempTestSuite1591334959875.groovy:36)
Caused by: org.codehaus.groovy.runtime.InvokerInvocationException: java.lang.AssertionError: Web element with id: 'Object Repository/Objects.DateValidation/Page_ISPS2/Select_Day_Index' located by 'By.xpath: (//*[contains(@class, 'x-datepicker-date') and (text() = '11')])[17]' not found
	at com.reusableComponents.HighlightElement.invokeMethod(HighlightElement.groovy)
	at com.kms.katalon.core.main.CustomKeywordDelegatingMetaClass.invokeStaticMethod(CustomKeywordDelegatingMetaClass.java:50)
	at SelectDayInDatePickerWithIndexII.run(SelectDayInDatePickerWithIndexII:32)
	at com.kms.katalon.core.main.ScriptEngine.run(ScriptEngine.java:194)
	at com.kms.katalon.core.main.ScriptEngine.runScriptAsRawText(ScriptEngine.java:119)
	at com.kms.katalon.core.main.TestCaseExecutor.runScript(TestCaseExecutor.java:337)
	at com.kms.katalon.core.main.TestCaseExecutor.doExecute(TestCaseExecutor.java:328)
	at com.kms.katalon.core.main.TestCaseExecutor.processExecutionPhase(TestCaseExecutor.java:307)
	at com.kms.katalon.core.main.TestCaseExecutor.accessMainPhase(TestCaseExecutor.java:299)
	at com.kms.katalon.core.main.TestCaseExecutor.execute(TestCaseExecutor.java:233)
	at com.kms.katalon.core.main.TestCaseMain.runTestCase(TestCaseMain.java:114)
	at com.kms.katalon.core.keyword.builtin.CallTestCaseKeyword$_callTestCase_closure1.doCall(CallTestCaseKeyword.groovy:59)
	... 20 more
Caused by: java.lang.AssertionError: Web element with id: 'Object Repository/Objects.DateValidation/Page_ISPS2/Select_Day_Index' located by 'By.xpath: (//*[contains(@class, 'x-datepicker-date') and (text() = '11')])[17]' not found
	at org.testng.Assert.fail(Assert.java:93)
	at org.testng.Assert$fail.call(Unknown Source)
	at com.reusableComponents.HighlightElement.run(HighlightElement.groovy:27)
	... 32 more
"/>
         <system-out><![CDATA[2020-06-05 13:46:08 - [TEST_CASE][ERROR] - Test Cases/PFI Precision and Scale/PFI Test Cases/Process Case (PFI)/PFI.CourtActionsLHS: Test Cases/PFI Precision and Scale/PFI Test Cases/Process Case (PFI)/PFI.CourtActionsLHS FAILED.
Reason:
com.kms.katalon.core.exception.StepErrorException: Call Test Case 'Test Cases/PFI Precision and Scale/PFI Components with Indexing/SelectDayInDatePickerWithIndexII' failed because of error(s)
	at com.kms.katalon.core.keyword.builtin.CallTestCaseKeyword$_callTestCase_closure1.doCall(CallTestCaseKeyword.groovy:66)
	at com.kms.katalon.core.keyword.builtin.CallTestCaseKeyword$_callTestCase_closure1.call(CallTestCaseKeyword.groovy)
	at com.kms.katalon.core.keyword.internal.KeywordMain.runKeyword(KeywordMain.groovy:68)
	at com.kms.katalon.core.keyword.builtin.CallTestCaseKeyword.callTestCase(CallTestCaseKeyword.groovy:81)
	at com.kms.katalon.core.keyword.builtin.CallTestCaseKeyword.execute(CallTestCaseKeyword.groovy:44)
	at com.kms.katalon.core.keyword.internal.KeywordExecutor.executeKeywordForPlatform(KeywordExecutor.groovy:72)
	at com.kms.katalon.core.keyword.BuiltinKeywords.callTestCase(BuiltinKeywords.groovy:334)
	at PFI.CourtActionsLHS.run(PFI.CourtActionsLHS:78)
	at com.kms.katalon.core.main.ScriptEngine.run(ScriptEngine.java:194)
	at com.kms.katalon.core.main.ScriptEngine.runScriptAsRawText(ScriptEngine.java:119)
	at com.kms.katalon.core.main.TestCaseExecutor.runScript(TestCaseExecutor.java:337)
	at com.kms.katalon.core.main.TestCaseExecutor.doExecute(TestCaseExecutor.java:328)
	at com.kms.katalon.core.main.TestCaseExecutor.processExecutionPhase(TestCaseExecutor.java:307)
	at com.kms.katalon.core.main.TestCaseExecutor.accessMainPhase(TestCaseExecutor.java:299)
	at com.kms.katalon.core.main.TestCaseExecutor.execute(TestCaseExecutor.java:233)
	at com.kms.katalon.core.main.TestSuiteExecutor.accessTestCaseMainPhase(TestSuiteExecutor.java:169)
	at com.kms.katalon.core.main.TestSuiteExecutor.accessTestSuiteMainPhase(TestSuiteExecutor.java:142)
	at com.kms.katalon.core.main.TestSuiteExecutor.execute(TestSuiteExecutor.java:91)
	at com.kms.katalon.core.main.TestCaseMain.startTestSuite(TestCaseMain.java:157)
	at com.kms.katalon.core.main.TestCaseMain$startTestSuite$0.call(Unknown Source)
	at TempTestSuite1591334959875.run(TempTestSuite1591334959875.groovy:36)
Caused by: org.codehaus.groovy.runtime.InvokerInvocationException: java.lang.AssertionError: Web element with id: 'Object Repository/Objects.DateValidation/Page_ISPS2/Select_Day_Index' located by 'By.xpath: (//*[contains(@class, 'x-datepicker-date') and (text() = '11')])[17]' not found
	at com.reusableComponents.HighlightElement.invokeMethod(HighlightElement.groovy)
	at com.kms.katalon.core.main.CustomKeywordDelegatingMetaClass.invokeStaticMethod(CustomKeywordDelegatingMetaClass.java:50)
	at SelectDayInDatePickerWithIndexII.run(SelectDayInDatePickerWithIndexII:32)
	at com.kms.katalon.core.main.ScriptEngine.run(ScriptEngine.java:194)
	at com.kms.katalon.core.main.ScriptEngine.runScriptAsRawText(ScriptEngine.java:119)
	at com.kms.katalon.core.main.TestCaseExecutor.runScript(TestCaseExecutor.java:337)
	at com.kms.katalon.core.main.TestCaseExecutor.doExecute(TestCaseExecutor.java:328)
	at com.kms.katalon.core.main.TestCaseExecutor.processExecutionPhase(TestCaseExecutor.java:307)
	at com.kms.katalon.core.main.TestCaseExecutor.accessMainPhase(TestCaseExecutor.java:299)
	at com.kms.katalon.core.main.TestCaseExecutor.execute(TestCaseExecutor.java:233)
	at com.kms.katalon.core.main.TestCaseMain.runTestCase(TestCaseMain.java:114)
	at com.kms.katalon.core.keyword.builtin.CallTestCaseKeyword$_callTestCase_closure1.doCall(CallTestCaseKeyword.groovy:59)
	... 20 more
Caused by: java.lang.AssertionError: Web element with id: 'Object Repository/Objects.DateValidation/Page_ISPS2/Select_Day_Index' located by 'By.xpath: (//*[contains(@class, 'x-datepicker-date') and (text() = '11')])[17]' not found
	at org.testng.Assert.fail(Assert.java:93)
	at org.testng.Assert$fail.call(Unknown Source)
	at com.reusableComponents.HighlightElement.run(HighlightElement.groovy:27)
	... 32 more


2020-06-05 13:46:08 - [TEST_STEP][NOT_RUN] - callTestCase(findTestCase("Components/LoginV2.0"), ["LinkToBeUsed":findTestData("ISPS2 Test Data").getValue("URL", 1), "LoginPageTextToBeVerified":findTestData("ISPS2 Test Data").getValue("HomeBanner", 1), ... ], STOP_ON_FAILURE): NOT_RUN: callTestCase(findTestCase("Components/LoginV2.0"), ["LinkToBeUsed":findTestData("ISPS2 Test Data").getValue("URL", 1), "LoginPageTextToBeVerified":findTestData("ISPS2 Test Data").getValue("HomeBanner", 1), ... ], STOP_ON_FAILURE)

2020-06-05 13:46:08 - [MESSAGE][NOT_RUN] - NOT_RUN: callTestCase(findTestCase("Components/LoginV2.0"), ["LinkToBeUsed":findTestData("ISPS2 Test Data").getValue("URL", 1), "LoginPageTextToBeVerified":findTestData("ISPS2 Test Data").getValue("HomeBanner", 1), ... ], STOP_ON_FAILURE)

2020-06-05 13:46:08 - [TEST_STEP][NOT_RUN] - callTestCase(findTestCase("Components/NavigateToHomepageHeaders"), ["headerText":"My Tasks"], STOP_ON_FAILURE): NOT_RUN: callTestCase(findTestCase("Components/NavigateToHomepageHeaders"), ["headerText":"My Tasks"], STOP_ON_FAILURE)

2020-06-05 13:46:08 - [MESSAGE][NOT_RUN] - NOT_RUN: callTestCase(findTestCase("Components/NavigateToHomepageHeaders"), ["headerText":"My Tasks"], STOP_ON_FAILURE)

2020-06-05 13:46:08 - [TEST_STEP][NOT_RUN] - callTestCase(findTestCase("Components/Filter"), ["taskDescription":"Process Case (SM)"], STOP_ON_FAILURE): NOT_RUN: callTestCase(findTestCase("Components/Filter"), ["taskDescription":"Process Case (SM)"], STOP_ON_FAILURE)

2020-06-05 13:46:08 - [MESSAGE][NOT_RUN] - NOT_RUN: callTestCase(findTestCase("Components/Filter"), ["taskDescription":"Process Case (SM)"], STOP_ON_FAILURE)

2020-06-05 13:46:08 - [TEST_STEP][NOT_RUN] - callTestCase(findTestCase("Components/ClickLinkDependingOnTextAndIndex"), ["linkName":"Process Case (SM)", "index":"3"], STOP_ON_FAILURE): NOT_RUN: callTestCase(findTestCase("Components/ClickLinkDependingOnTextAndIndex"), ["linkName":"Process Case (SM)", "index":"3"], STOP_ON_FAILURE)

2020-06-05 13:46:08 - [MESSAGE][NOT_RUN] - NOT_RUN: callTestCase(findTestCase("Components/ClickLinkDependingOnTextAndIndex"), ["linkName":"Process Case (SM)", "index":"3"], STOP_ON_FAILURE)

2020-06-05 13:46:08 - [TEST_STEP][PASSED] - callTestCase(findTestCase("Components/NavigateToAnyLHS"), ["LHS":"Court Actions"], STOP_ON_FAILURE): Call Test Case 'Test Cases/Components/NavigateToAnyLHS' successfully

2020-06-05 13:46:08 - [TEST_CASE][PASSED] - Test Cases/Components/NavigateToAnyLHS: Test Cases/Components/NavigateToAnyLHS

2020-06-05 13:46:08 - [TEST_STEP][PASSED] - Thread.sleep(1000): null

2020-06-05 13:46:09 - [TEST_STEP][PASSED] - modifiedLHS = modifyObjectProperty(findTestObject("Objects.NavigateToAnyLHS/Page_ISPS2/LHSToModify"), "text", "equals", LHS, true): Modify property of object successfully

2020-06-05 13:46:09 - [MESSAGE][PASSED] - Modify property of object successfully

2020-06-05 13:46:09 - [TEST_STEP][PASSED] - click(modifiedLHS): Object: 'Object Repository/Objects.NavigateToAnyLHS/Page_ISPS2/LHSToModify' is clicked on

2020-06-05 13:46:09 - [MESSAGE][PASSED] - Object: 'Object Repository/Objects.NavigateToAnyLHS/Page_ISPS2/LHSToModify' is clicked on

2020-06-05 13:46:09 - [TEST_STEP][PASSED] - currentLHS = getText(modifiedLHS): Text of object 'Object Repository/Objects.NavigateToAnyLHS/Page_ISPS2/LHSToModify' is: 'Court Actions'

2020-06-05 13:46:09 - [MESSAGE][PASSED] - Text of object 'Object Repository/Objects.NavigateToAnyLHS/Page_ISPS2/LHSToModify' is: 'Court Actions'

2020-06-05 13:46:09 - [TEST_STEP][PASSED] - Thread.sleep(5000): null

2020-06-05 13:46:14 - [MESSAGE][PASSED] - Call Test Case 'Test Cases/Components/NavigateToAnyLHS' successfully

2020-06-05 13:46:14 - [TEST_STEP][PASSED] - callTestCase(findTestCase("Components/VerifyPageSuccessfullyLoaded"), ["HeaderName":"Court Actions"], STOP_ON_FAILURE): Call Test Case 'Test Cases/Components/VerifyPageSuccessfullyLoaded' successfully

2020-06-05 13:46:14 - [TEST_CASE][PASSED] - Test Cases/Components/VerifyPageSuccessfullyLoaded: Test Cases/Components/VerifyPageSuccessfullyLoaded

2020-06-05 13:46:14 - [TEST_STEP][PASSED] - Thread.sleep(3000): null

2020-06-05 13:46:17 - [TEST_STEP][PASSED] - ModifiedHeaderName = modifyObjectProperty(findTestObject("Objects.VerifyPageSuccessfullyLoaded/PageHeader"), "text", "equals", HeaderName, true): Modify property of object successfully

2020-06-05 13:46:17 - [MESSAGE][PASSED] - Modify property of object successfully

2020-06-05 13:46:17 - [TEST_STEP][PASSED] - verifyElementPresent(ModifiedHeaderName, 30): Object 'Object Repository/Objects.VerifyPageSuccessfullyLoaded/PageHeader' is present

2020-06-05 13:46:17 - [MESSAGE][PASSED] - Object 'Object Repository/Objects.VerifyPageSuccessfullyLoaded/PageHeader' is present

2020-06-05 13:46:17 - [TEST_STEP][PASSED] - com.reusableComponents.HighlightElement.run(ModifiedHeaderName): com.reusableComponents.HighlightElement.run is PASSED

2020-06-05 13:46:18 - [MESSAGE][PASSED] - com.reusableComponents.HighlightElement.run is PASSED

2020-06-05 13:46:18 - [MESSAGE][PASSED] - Call Test Case 'Test Cases/Components/VerifyPageSuccessfullyLoaded' successfully

2020-06-05 13:46:18 - [TEST_STEP][PASSED] - callTestCase(findTestCase("Components/HighlightLabelFieldXPI"), ["LblName":"Notice Order No", "index":1], STOP_ON_FAILURE): Call Test Case 'Test Cases/Components/HighlightLabelFieldXPI' successfully

2020-06-05 13:46:18 - [TEST_CASE][PASSED] - Test Cases/Components/HighlightLabelFieldXPI: Test Cases/Components/HighlightLabelFieldXPI

2020-06-05 13:46:18 - [TEST_STEP][PASSED] - Thread.sleep(1000): null

2020-06-05 13:46:19 - [TEST_STEP][PASSED] - modifiedLblNm = modifyObjectProperty(findTestObject("Object Repository/Objects.HighlightElements/lblField_index"), "xpath", "equals", "(//*[contains(@class, 'x-form-item-label-inner x-form-item-label-inner-default') and contains(., '" + LblName + "')])[" + index + "]", true): Modify property of object successfully

2020-06-05 13:46:19 - [MESSAGE][PASSED] - Modify property of object successfully

2020-06-05 13:46:19 - [TEST_STEP][PASSED] - com.reusableComponents.HighlightElement.run(modifiedLblNm): com.reusableComponents.HighlightElement.run is PASSED

2020-06-05 13:46:20 - [MESSAGE][PASSED] - com.reusableComponents.HighlightElement.run is PASSED

2020-06-05 13:46:20 - [MESSAGE][PASSED] - Call Test Case 'Test Cases/Components/HighlightLabelFieldXPI' successfully

2020-06-05 13:46:20 - [TEST_STEP][PASSED] - callTestCase(findTestCase("Components/HighlightInputFieldXPI"), ["FldNm":"courtNo", "index":1], STOP_ON_FAILURE): Call Test Case 'Test Cases/Components/HighlightInputFieldXPI' successfully

2020-06-05 13:46:20 - [TEST_CASE][PASSED] - Test Cases/Components/HighlightInputFieldXPI: Test Cases/Components/HighlightInputFieldXPI

2020-06-05 13:46:20 - [TEST_STEP][PASSED] - Thread.sleep(1000): null

2020-06-05 13:46:21 - [TEST_STEP][PASSED] - modifiedInputNm = modifyObjectProperty(findTestObject("Object Repository/Objects.HighlightElements/input_field_index"), "xpath", "equals", "(//*[contains(@name, '" + FldNm + "')])[" + index + "]", true): Modify property of object successfully

2020-06-05 13:46:21 - [MESSAGE][PASSED] - Modify property of object successfully

2020-06-05 13:46:21 - [TEST_STEP][PASSED] - com.reusableComponents.HighlightElement.run(modifiedInputNm): com.reusableComponents.HighlightElement.run is PASSED

2020-06-05 13:46:21 - [MESSAGE][PASSED] - com.reusableComponents.HighlightElement.run is PASSED

2020-06-05 13:46:21 - [MESSAGE][PASSED] - Call Test Case 'Test Cases/Components/HighlightInputFieldXPI' successfully

2020-06-05 13:46:21 - [TEST_STEP][PASSED] - callTestCase(findTestCase("PFI Precision and Scale/PFI Components with Indexing/VerifyDefaultValueIndex"), ["FieldNm":"courtNo", "index":1], STOP_ON_FAILURE): Call Test Case 'Test Cases/PFI Precision and Scale/PFI Components with Indexing/VerifyDefaultValueIndex' successfully

2020-06-05 13:46:21 - [TEST_CASE][PASSED] - Test Cases/PFI Precision and Scale/PFI Components with Indexing/VerifyDefaultValueIndex: Test Cases/PFI Precision and Scale/PFI Components with Indexing/VerifyDefaultValueIndex

2020-06-05 13:46:21 - [TEST_STEP][PASSED] - Thread.sleep(1000): null

2020-06-05 13:46:22 - [TEST_STEP][PASSED] - DefaultValueHM = ["periodType":"Working Day(s)", "noOfDays":"14", "inspWeight":"1", "inspModule":"PSI", "inspCaseType":"PSI Processing (SM)"]: null

2020-06-05 13:46:22 - [TEST_STEP][PASSED] - NewFieldNm = modifyObjectProperty(findTestObject("Object Repository/Objects.HighlightElements/input_field_index"), "xpath", "equals", "(//*[contains(@name,'" + FieldNm + "')])[" + index + "]", true): Modify property of object successfully

2020-06-05 13:46:22 - [MESSAGE][PASSED] - Modify property of object successfully

2020-06-05 13:46:22 - [TEST_STEP][PASSED] - focus(NewFieldNm): Object: 'Object Repository/Objects.HighlightElements/input_field_index' is focused

2020-06-05 13:46:22 - [MESSAGE][PASSED] - Object: 'Object Repository/Objects.HighlightElements/input_field_index' is focused

2020-06-05 13:46:22 - [TEST_STEP][PASSED] - DefVal = getAttribute(NewFieldNm, "value", STOP_ON_FAILURE): Attribute 'value' of object 'Object Repository/Objects.HighlightElements/input_field_index' is: 'SM 2020/02/3981'

2020-06-05 13:46:22 - [MESSAGE][PASSED] - Attribute 'value' of object 'Object Repository/Objects.HighlightElements/input_field_index' is: 'SM 2020/02/3981'

2020-06-05 13:46:22 - [TEST_STEP][PASSED] - switch (FieldNm): null

2020-06-05 13:46:22 - [TEST_STEP][PASSED] - case "courtNo":: null

2020-06-05 13:46:22 - [TEST_STEP][PASSED] - getCaseRef = getText(findTestObject("Objects.VerifyCourtActionsPrecisionAndScale/Page_ISPS2/div_Case Ref No")): Text of object 'Object Repository/Objects.VerifyCourtActionsPrecisionAndScale/Page_ISPS2/div_Case Ref No' is: '(Case Ref. No.: SM 2020/02/3981 | Submission No.: ES20200303-00005)'

2020-06-05 13:46:22 - [MESSAGE][PASSED] - Text of object 'Object Repository/Objects.VerifyCourtActionsPrecisionAndScale/Page_ISPS2/div_Case Ref No' is: '(Case Ref. No.: SM 2020/02/3981 | Submission No.: ES20200303-00005)'

2020-06-05 13:46:22 - [TEST_STEP][PASSED] - lengthSubmNo = getCaseRef.length() - 36: null

2020-06-05 13:46:22 - [TEST_STEP][PASSED] - lengthCaseRef = getCaseRef.length() - 16: null

2020-06-05 13:46:22 - [TEST_STEP][PASSED] - RemoveSubmissionNo = getCaseRef.substring(0, lengthCaseRef): null

2020-06-05 13:46:22 - [TEST_STEP][PASSED] - SMCaseRef = getCaseRef.substring(16, lengthSubmNo): null

2020-06-05 13:46:22 - [TEST_STEP][PASSED] - verifyMatch(DefVal, SMCaseRef, true, STOP_ON_FAILURE): Actual text 'SM 2020/02/3981' and expected text 'SM 2020/02/3981' are matched  using regular expression

2020-06-05 13:46:22 - [MESSAGE][PASSED] - Actual text 'SM 2020/02/3981' and expected text 'SM 2020/02/3981' are matched  using regular expression

2020-06-05 13:46:22 - [TEST_STEP][PASSED] - break: null

2020-06-05 13:46:22 - [MESSAGE][PASSED] - Call Test Case 'Test Cases/PFI Precision and Scale/PFI Components with Indexing/VerifyDefaultValueIndex' successfully

2020-06-05 13:46:22 - [TEST_STEP][PASSED] - callTestCase(findTestCase("Components/SelectAllThenDeleteXPI"), ["nameToBeUsed":"courtNo", "index":1], STOP_ON_FAILURE): Call Test Case 'Test Cases/Components/SelectAllThenDeleteXPI' successfully

2020-06-05 13:46:22 - [TEST_CASE][PASSED] - Test Cases/Components/SelectAllThenDeleteXPI: Test Cases/Components/SelectAllThenDeleteXPI

2020-06-05 13:46:22 - [TEST_STEP][PASSED] - Thread.sleep(1000): null

2020-06-05 13:46:23 - [TEST_STEP][PASSED] - modifiedObj = modifyObjectProperty(findTestObject("Object Repository/Objects.HighlightElements/input_field_index"), "xpath", "equals", "(//*[contains(@name,'" + nameToBeUsed + "')])[" + index + "]", true): Modify property of object successfully

2020-06-05 13:46:24 - [MESSAGE][PASSED] - Modify property of object successfully

2020-06-05 13:46:24 - [TEST_STEP][PASSED] - focus(modifiedObj): Object: 'Object Repository/Objects.HighlightElements/input_field_index' is focused

2020-06-05 13:46:24 - [MESSAGE][PASSED] - Object: 'Object Repository/Objects.HighlightElements/input_field_index' is focused

2020-06-05 13:46:24 - [TEST_STEP][PASSED] - sendKeys(modifiedObj, Keys.chord(CONTROL, "a")): Keys 'CONTROL + a' sent to object: 'Object Repository/Objects.HighlightElements/input_field_index'

2020-06-05 13:46:24 - [MESSAGE][PASSED] - Keys 'CONTROL + a' sent to object: 'Object Repository/Objects.HighlightElements/input_field_index'

2020-06-05 13:46:24 - [TEST_STEP][PASSED] - sendKeys(modifiedObj, Keys.chord(DELETE)): Keys 'DELETE + ' sent to object: 'Object Repository/Objects.HighlightElements/input_field_index'

2020-06-05 13:46:24 - [MESSAGE][PASSED] - Keys 'DELETE + ' sent to object: 'Object Repository/Objects.HighlightElements/input_field_index'

2020-06-05 13:46:24 - [MESSAGE][PASSED] - Call Test Case 'Test Cases/Components/SelectAllThenDeleteXPI' successfully

2020-06-05 13:46:24 - [TEST_STEP][PASSED] - callTestCase(findTestCase("PFI Precision and Scale/PFI Components with Indexing/AlphaNumericSpecialValidationIndex"), ["FldNm":"courtNo", "LenChar":10, "index":1], STOP_ON_FAILURE): Call Test Case 'Test Cases/PFI Precision and Scale/PFI Components with Indexing/AlphaNumericSpecialValidationIndex' successfully

2020-06-05 13:46:24 - [TEST_CASE][PASSED] - Test Cases/PFI Precision and Scale/PFI Components with Indexing/AlphaNumericSpecialValidationIndex: Test Cases/PFI Precision and Scale/PFI Components with Indexing/AlphaNumericSpecialValidationIndex

2020-06-05 13:46:24 - [TEST_STEP][PASSED] - charset = /?><"".join(): null

2020-06-05 13:46:24 - [TEST_STEP][PASSED] - AlphaNumeric = 9).join(): null

2020-06-05 13:46:24 - [TEST_STEP][PASSED] - SpecialChar = "`~!@#$%^&*()-=+_{}|\][;'":,./?><"": null

2020-06-05 13:46:24 - [TEST_STEP][PASSED] - RandomString = RandomStringUtils.random(LenChar, AlphaNumeric.toCharArray()): null

2020-06-05 13:46:24 - [TEST_STEP][PASSED] - RdmSpChar = RandomStringUtils.random(LenChar, SpecialChar): null

2020-06-05 13:46:24 - [TEST_STEP][PASSED] - regexPat = Pattern.compile("^[A-Za-z0-9 ]+$"): null

2020-06-05 13:46:24 - [TEST_STEP][PASSED] - NewInputNmField = modifyObjectProperty(findTestObject("Object Repository/Objects.HighlightElements/input_field_index"), "xpath", "equals", "(//*[contains(@class,'x-form-text') and (@name='" + FldNm + "')])[" + index + "]", true): Modify property of object successfully

2020-06-05 13:46:24 - [MESSAGE][PASSED] - Modify property of object successfully

2020-06-05 13:46:24 - [TEST_STEP][PASSED] - setText(NewInputNmField, RandomString): Text 'nsE2aoWBGr' is set on object 'Object Repository/Objects.HighlightElements/input_field_index'

2020-06-05 13:46:24 - [MESSAGE][PASSED] - Text 'nsE2aoWBGr' is set on object 'Object Repository/Objects.HighlightElements/input_field_index'

2020-06-05 13:46:24 - [TEST_STEP][PASSED] - RemarksAN = getAttribute(NewInputNmField, "value"): Attribute 'value' of object 'Object Repository/Objects.HighlightElements/input_field_index' is: 'nsE2aoWBGr'

2020-06-05 13:46:24 - [MESSAGE][PASSED] - Attribute 'value' of object 'Object Repository/Objects.HighlightElements/input_field_index' is: 'nsE2aoWBGr'

2020-06-05 13:46:24 - [TEST_STEP][PASSED] - matchStr = regexPat.matcher(RemarksAN): null

2020-06-05 13:46:24 - [TEST_STEP][PASSED] - if (matchStr.matches() == true): Accepting Alphanumeric

2020-06-05 13:46:24 - [TEST_STEP][PASSED] - comment("Accepting Alphanumeric"): Accepting Alphanumeric

2020-06-05 13:46:24 - [MESSAGE][INFO] - Accepting Alphanumeric

2020-06-05 13:46:24 - [TEST_STEP][PASSED] - setText(NewInputNmField, RdmSpChar): Text '|"|^;`~#)!' is set on object 'Object Repository/Objects.HighlightElements/input_field_index'

2020-06-05 13:46:24 - [MESSAGE][PASSED] - Text '|"|^;`~#)!' is set on object 'Object Repository/Objects.HighlightElements/input_field_index'

2020-06-05 13:46:24 - [TEST_STEP][PASSED] - RemarksSpChar = getAttribute(NewInputNmField, "value"): Attribute 'value' of object 'Object Repository/Objects.HighlightElements/input_field_index' is: '|"|^;`~#)!'

2020-06-05 13:46:25 - [MESSAGE][PASSED] - Attribute 'value' of object 'Object Repository/Objects.HighlightElements/input_field_index' is: '|"|^;`~#)!'

2020-06-05 13:46:25 - [TEST_STEP][PASSED] - matchSp = regexPat.matcher(RemarksSpChar): null

2020-06-05 13:46:25 - [TEST_STEP][PASSED] - if (matchSp.matches() == false): Accepting Special Characters

2020-06-05 13:46:25 - [TEST_STEP][PASSED] - comment("Accepting Special Characters"): Accepting Special Characters

2020-06-05 13:46:25 - [MESSAGE][INFO] - Accepting Special Characters

2020-06-05 13:46:25 - [MESSAGE][PASSED] - Call Test Case 'Test Cases/PFI Precision and Scale/PFI Components with Indexing/AlphaNumericSpecialValidationIndex' successfully

2020-06-05 13:46:25 - [TEST_STEP][PASSED] - callTestCase(findTestCase("PFI Precision and Scale/PFI Components with Indexing/MaxCharLengthIndexValidation"), ["FieldNm":"courtNo", "index":1, "MaxCharLen":25], STOP_ON_FAILURE): Call Test Case 'Test Cases/PFI Precision and Scale/PFI Components with Indexing/MaxCharLengthIndexValidation' successfully

2020-06-05 13:46:25 - [TEST_CASE][PASSED] - Test Cases/PFI Precision and Scale/PFI Components with Indexing/MaxCharLengthIndexValidation: Test Cases/PFI Precision and Scale/PFI Components with Indexing/MaxCharLengthIndexValidation

2020-06-05 13:46:25 - [TEST_STEP][PASSED] - Thread.sleep(1000): null

2020-06-05 13:46:26 - [TEST_STEP][PASSED] - CharLengthTBL = ["aoNotes":4000, "notes":4000, "hseBlkNo":10, "buildingName":100, "unformattedAddress":4000, "courtNo":20, "caseGrpDesc":4000, ... ]: null

2020-06-05 13:46:26 - [TEST_STEP][PASSED] - charset = /?><"".join(): null

2020-06-05 13:46:26 - [TEST_STEP][PASSED] - RandomStringVal = RandomStringUtils.random(MaxCharLen, charset.toCharArray()): null

2020-06-05 13:46:26 - [TEST_STEP][PASSED] - NewInputNmField = modifyObjectProperty(findTestObject("Object Repository/Objects.HighlightElements/input_field_index"), "xpath", "equals", "(//*[contains(@class,'x-form-text') and (@name='" + FieldNm + "')])[" + index + "]", true): Modify property of object successfully

2020-06-05 13:46:26 - [MESSAGE][PASSED] - Modify property of object successfully

2020-06-05 13:46:26 - [TEST_STEP][PASSED] - setText(NewInputNmField, RandomStringVal): Text 'q$A"iGLAbJd7>pL7F1?X!<8]^' is set on object 'Object Repository/Objects.HighlightElements/input_field_index'

2020-06-05 13:46:26 - [MESSAGE][PASSED] - Text 'q$A"iGLAbJd7>pL7F1?X!<8]^' is set on object 'Object Repository/Objects.HighlightElements/input_field_index'

2020-06-05 13:46:26 - [TEST_STEP][PASSED] - GetInputValue = getAttribute(NewInputNmField, "value", STOP_ON_FAILURE): Attribute 'value' of object 'Object Repository/Objects.HighlightElements/input_field_index' is: 'q$A"iGLAbJd7>pL7F1?X'

2020-06-05 13:46:26 - [MESSAGE][PASSED] - Attribute 'value' of object 'Object Repository/Objects.HighlightElements/input_field_index' is: 'q$A"iGLAbJd7>pL7F1?X'

2020-06-05 13:46:26 - [TEST_STEP][PASSED] - GetLenChar = GetInputValue.length(): null

2020-06-05 13:46:26 - [TEST_STEP][PASSED] - MaxLength = CharLengthTBL.get(FieldNm): null

2020-06-05 13:46:26 - [TEST_STEP][PASSED] - if (MaxLength != null): Actual object '20' and expected object '20' are equal

2020-06-05 13:46:26 - [TEST_STEP][PASSED] - verifyEqual(GetLenChar, MaxLength): Actual object '20' and expected object '20' are equal

2020-06-05 13:46:26 - [MESSAGE][PASSED] - Actual object '20' and expected object '20' are equal

2020-06-05 13:46:26 - [MESSAGE][PASSED] - Call Test Case 'Test Cases/PFI Precision and Scale/PFI Components with Indexing/MaxCharLengthIndexValidation' successfully

2020-06-05 13:46:26 - [TEST_STEP][PASSED] - callTestCase(findTestCase("Components/SelectAllThenDeleteXPI"), ["nameToBeUsed":"courtNo", "index":1], STOP_ON_FAILURE): Call Test Case 'Test Cases/Components/SelectAllThenDeleteXPI' successfully

2020-06-05 13:46:26 - [TEST_CASE][PASSED] - Test Cases/Components/SelectAllThenDeleteXPI: Test Cases/Components/SelectAllThenDeleteXPI

2020-06-05 13:46:26 - [TEST_STEP][PASSED] - Thread.sleep(1000): null

2020-06-05 13:46:27 - [TEST_STEP][PASSED] - modifiedObj = modifyObjectProperty(findTestObject("Object Repository/Objects.HighlightElements/input_field_index"), "xpath", "equals", "(//*[contains(@name,'" + nameToBeUsed + "')])[" + index + "]", true): Modify property of object successfully

2020-06-05 13:46:27 - [MESSAGE][PASSED] - Modify property of object successfully

2020-06-05 13:46:27 - [TEST_STEP][PASSED] - focus(modifiedObj): Object: 'Object Repository/Objects.HighlightElements/input_field_index' is focused

2020-06-05 13:46:27 - [MESSAGE][PASSED] - Object: 'Object Repository/Objects.HighlightElements/input_field_index' is focused

2020-06-05 13:46:27 - [TEST_STEP][PASSED] - sendKeys(modifiedObj, Keys.chord(CONTROL, "a")): Keys 'CONTROL + a' sent to object: 'Object Repository/Objects.HighlightElements/input_field_index'

2020-06-05 13:46:27 - [MESSAGE][PASSED] - Keys 'CONTROL + a' sent to object: 'Object Repository/Objects.HighlightElements/input_field_index'

2020-06-05 13:46:27 - [TEST_STEP][PASSED] - sendKeys(modifiedObj, Keys.chord(DELETE)): Keys 'DELETE + ' sent to object: 'Object Repository/Objects.HighlightElements/input_field_index'

2020-06-05 13:46:27 - [MESSAGE][PASSED] - Keys 'DELETE + ' sent to object: 'Object Repository/Objects.HighlightElements/input_field_index'

2020-06-05 13:46:27 - [MESSAGE][PASSED] - Call Test Case 'Test Cases/Components/SelectAllThenDeleteXPI' successfully

2020-06-05 13:46:27 - [TEST_STEP][PASSED] - callTestCase(findTestCase("PFI Precision and Scale/PFI Components with Indexing/RequiredFieldValidationXPI"), ["nameToBeUsed":"courtNo", "index":1], STOP_ON_FAILURE): Call Test Case 'Test Cases/PFI Precision and Scale/PFI Components with Indexing/RequiredFieldValidationXPI' successfully

2020-06-05 13:46:27 - [TEST_CASE][PASSED] - Test Cases/PFI Precision and Scale/PFI Components with Indexing/RequiredFieldValidationXPI: Test Cases/PFI Precision and Scale/PFI Components with Indexing/RequiredFieldValidationXPI

2020-06-05 13:46:27 - [TEST_STEP][PASSED] - enableSmartWait(): null

2020-06-05 13:46:27 - [TEST_STEP][PASSED] - NewInputNmField = modifyObjectProperty(findTestObject("Objects.HighlightElements/input_field_index"), "xpath", "equals", "(//*[contains(@name,'" + nameToBeUsed + "')])[" + index + "]", true): Modify property of object successfully

2020-06-05 13:46:28 - [MESSAGE][PASSED] - Modify property of object successfully

2020-06-05 13:46:28 - [TEST_STEP][PASSED] - mouseOver(NewInputNmField): Object: 'Object Repository/Objects.HighlightElements/input_field_index' is hovered

2020-06-05 13:46:28 - [MESSAGE][PASSED] - Object: 'Object Repository/Objects.HighlightElements/input_field_index' is hovered

2020-06-05 13:46:28 - [TEST_STEP][PASSED] - getRqErrMsg = getAttribute(NewInputNmField, "data-errorqtip"): Attribute 'data-errorqtip' of object 'Object Repository/Objects.HighlightElements/input_field_index' is: '<ul class="x-list-plain"><li>This field is required</li></ul>'

2020-06-05 13:46:28 - [MESSAGE][PASSED] - Attribute 'data-errorqtip' of object 'Object Repository/Objects.HighlightElements/input_field_index' is: '<ul class="x-list-plain"><li>This field is required</li></ul>'

2020-06-05 13:46:28 - [TEST_STEP][PASSED] - strToolTip = getRqErrMsg.substring(29, 61): null

2020-06-05 13:46:28 - [TEST_STEP][PASSED] - toolTipReqErrMsg = strToolTip.substring(0, 22): null

2020-06-05 13:46:28 - [TEST_STEP][PASSED] - verifyMatch(toolTipReqErrMsg, RqField, true): Actual text 'This field is required' and expected text 'This field is required' are matched  using regular expression

2020-06-05 13:46:28 - [MESSAGE][PASSED] - Actual text 'This field is required' and expected text 'This field is required' are matched  using regular expression

2020-06-05 13:46:28 - [MESSAGE][PASSED] - Call Test Case 'Test Cases/PFI Precision and Scale/PFI Components with Indexing/RequiredFieldValidationXPI' successfully

2020-06-05 13:46:28 - [TEST_STEP][PASSED] - callTestCase(findTestCase("Components/HighlightLabelFieldXPI"), ["LblName":"Notice/Order Date", "index":1], STOP_ON_FAILURE): Call Test Case 'Test Cases/Components/HighlightLabelFieldXPI' successfully

2020-06-05 13:46:28 - [TEST_CASE][PASSED] - Test Cases/Components/HighlightLabelFieldXPI: Test Cases/Components/HighlightLabelFieldXPI

2020-06-05 13:46:28 - [TEST_STEP][PASSED] - Thread.sleep(1000): null

2020-06-05 13:46:29 - [TEST_STEP][PASSED] - modifiedLblNm = modifyObjectProperty(findTestObject("Object Repository/Objects.HighlightElements/lblField_index"), "xpath", "equals", "(//*[contains(@class, 'x-form-item-label-inner x-form-item-label-inner-default') and contains(., '" + LblName + "')])[" + index + "]", true): Modify property of object successfully

2020-06-05 13:46:29 - [MESSAGE][PASSED] - Modify property of object successfully

2020-06-05 13:46:29 - [TEST_STEP][PASSED] - com.reusableComponents.HighlightElement.run(modifiedLblNm): com.reusableComponents.HighlightElement.run is PASSED

2020-06-05 13:46:29 - [MESSAGE][PASSED] - com.reusableComponents.HighlightElement.run is PASSED

2020-06-05 13:46:29 - [MESSAGE][PASSED] - Call Test Case 'Test Cases/Components/HighlightLabelFieldXPI' successfully

2020-06-05 13:46:29 - [TEST_STEP][PASSED] - callTestCase(findTestCase("Components/HighlightInputFieldXPI"), ["FldNm":"orderDt", "index":1], STOP_ON_FAILURE): Call Test Case 'Test Cases/Components/HighlightInputFieldXPI' successfully

2020-06-05 13:46:29 - [TEST_CASE][PASSED] - Test Cases/Components/HighlightInputFieldXPI: Test Cases/Components/HighlightInputFieldXPI

2020-06-05 13:46:29 - [TEST_STEP][PASSED] - Thread.sleep(1000): null

2020-06-05 13:46:30 - [TEST_STEP][PASSED] - modifiedInputNm = modifyObjectProperty(findTestObject("Object Repository/Objects.HighlightElements/input_field_index"), "xpath", "equals", "(//*[contains(@name, '" + FldNm + "')])[" + index + "]", true): Modify property of object successfully

2020-06-05 13:46:30 - [MESSAGE][PASSED] - Modify property of object successfully

2020-06-05 13:46:30 - [TEST_STEP][PASSED] - com.reusableComponents.HighlightElement.run(modifiedInputNm): com.reusableComponents.HighlightElement.run is PASSED

2020-06-05 13:46:31 - [MESSAGE][PASSED] - com.reusableComponents.HighlightElement.run is PASSED

2020-06-05 13:46:31 - [MESSAGE][PASSED] - Call Test Case 'Test Cases/Components/HighlightInputFieldXPI' successfully

2020-06-05 13:46:31 - [TEST_STEP][PASSED] - callTestCase(findTestCase("PFI Precision and Scale/PFI Components with Indexing/NumericTextboxValidationIndex"), ["nameToBeUsed":"orderDt", "index":1, "minLen":12], STOP_ON_FAILURE): Call Test Case 'Test Cases/PFI Precision and Scale/PFI Components with Indexing/NumericTextboxValidationIndex' successfully

2020-06-05 13:46:31 - [TEST_CASE][PASSED] - Test Cases/PFI Precision and Scale/PFI Components with Indexing/NumericTextboxValidationIndex: Test Cases/PFI Precision and Scale/PFI Components with Indexing/NumericTextboxValidationIndex

2020-06-05 13:46:31 - [TEST_STEP][PASSED] - Thread.sleep(1000): null

2020-06-05 13:46:32 - [TEST_STEP][PASSED] - Numeric = "0123456789": null

2020-06-05 13:46:32 - [TEST_STEP][PASSED] - AlphaSpecialChar = z) + "`~!@#$%^&*()=_{}|\][;'":,?><"".join(): null

2020-06-05 13:46:32 - [TEST_STEP][PASSED] - RandomNumeric = RandomStringUtils.random(minLen, Numeric.toCharArray()): null

2020-06-05 13:46:32 - [TEST_STEP][PASSED] - RandomString = RandomStringUtils.random(minLen, AlphaSpecialChar): null

2020-06-05 13:46:32 - [TEST_STEP][PASSED] - regexPat = Pattern.compile("^[0-9]+$"): null

2020-06-05 13:46:32 - [TEST_STEP][PASSED] - NewInputNmField = modifyObjectProperty(findTestObject("Object Repository/Objects.HighlightElements/input_field_index"), "xpath", "equals", "(//*[contains(@class,'x-form-text') and (@name='" + nameToBeUsed + "')])[" + index + "]", true): Modify property of object successfully

2020-06-05 13:46:32 - [MESSAGE][PASSED] - Modify property of object successfully

2020-06-05 13:46:32 - [TEST_STEP][PASSED] - focus(NewInputNmField): Object: 'Object Repository/Objects.HighlightElements/input_field_index' is focused

2020-06-05 13:46:32 - [MESSAGE][PASSED] - Object: 'Object Repository/Objects.HighlightElements/input_field_index' is focused

2020-06-05 13:46:32 - [TEST_STEP][PASSED] - setText(NewInputNmField, RandomString): Text ')o"d$Rv]\Q}v' is set on object 'Object Repository/Objects.HighlightElements/input_field_index'

2020-06-05 13:46:33 - [MESSAGE][PASSED] - Text ')o"d$Rv]\Q}v' is set on object 'Object Repository/Objects.HighlightElements/input_field_index'

2020-06-05 13:46:33 - [TEST_STEP][PASSED] - GetInputVal = getAttribute(NewInputNmField, "value"): Attribute 'value' of object 'Object Repository/Objects.HighlightElements/input_field_index' is: ''

2020-06-05 13:46:33 - [MESSAGE][PASSED] - Attribute 'value' of object 'Object Repository/Objects.HighlightElements/input_field_index' is: ''

2020-06-05 13:46:33 - [TEST_STEP][PASSED] - if (GetInputVal.contains("e")): null

2020-06-05 13:46:33 - [TEST_STEP][PASSED] - else: Actual text '' and expected text '' are matched  using regular expression

2020-06-05 13:46:33 - [TEST_STEP][PASSED] - verifyMatch(GetInputVal, "", true): Actual text '' and expected text '' are matched  using regular expression

2020-06-05 13:46:33 - [MESSAGE][PASSED] - Actual text '' and expected text '' are matched  using regular expression

2020-06-05 13:46:33 - [TEST_STEP][PASSED] - setText(NewInputNmField, RandomNumeric): Text '192907023172' is set on object 'Object Repository/Objects.HighlightElements/input_field_index'

2020-06-05 13:46:33 - [MESSAGE][PASSED] - Text '192907023172' is set on object 'Object Repository/Objects.HighlightElements/input_field_index'

2020-06-05 13:46:33 - [TEST_STEP][PASSED] - GetEnteredIntegers = getAttribute(NewInputNmField, "value"): Attribute 'value' of object 'Object Repository/Objects.HighlightElements/input_field_index' is: '192907023172'

2020-06-05 13:46:33 - [MESSAGE][PASSED] - Attribute 'value' of object 'Object Repository/Objects.HighlightElements/input_field_index' is: '192907023172'

2020-06-05 13:46:33 - [TEST_STEP][PASSED] - matchStr = regexPat.matcher(GetEnteredIntegers): null

2020-06-05 13:46:33 - [TEST_STEP][PASSED] - if (matchStr.matches() == true): Accepting Numeric

2020-06-05 13:46:33 - [TEST_STEP][PASSED] - comment("Accepting Numeric"): Accepting Numeric

2020-06-05 13:46:33 - [MESSAGE][INFO] - Accepting Numeric

2020-06-05 13:46:33 - [MESSAGE][PASSED] - Call Test Case 'Test Cases/PFI Precision and Scale/PFI Components with Indexing/NumericTextboxValidationIndex' successfully

2020-06-05 13:46:33 - [TEST_STEP][PASSED] - callTestCase(findTestCase("PFI Precision and Scale/PFI Components with Indexing/InvalidDateErrorValidationIndex"), ["FldNm":"orderDt", "index":1], STOP_ON_FAILURE): Call Test Case 'Test Cases/PFI Precision and Scale/PFI Components with Indexing/InvalidDateErrorValidationIndex' successfully

2020-06-05 13:46:33 - [TEST_CASE][PASSED] - Test Cases/PFI Precision and Scale/PFI Components with Indexing/InvalidDateErrorValidationIndex: Test Cases/PFI Precision and Scale/PFI Components with Indexing/InvalidDateErrorValidationIndex

2020-06-05 13:46:33 - [TEST_STEP][PASSED] - Thread.sleep(1000): null

2020-06-05 13:46:34 - [TEST_STEP][PASSED] - DateFieldNm = modifyObjectProperty(findTestObject("Object Repository/Objects.HighlightElements/input_field_index"), "xpath", "equals", "(//*[contains(@class,'x-form-text') and (@name='" + FldNm + "')])[" + index + "]", true): Modify property of object successfully

2020-06-05 13:46:34 - [MESSAGE][PASSED] - Modify property of object successfully

2020-06-05 13:46:34 - [TEST_STEP][PASSED] - focus(DateFieldNm): Object: 'Object Repository/Objects.HighlightElements/input_field_index' is focused

2020-06-05 13:46:34 - [MESSAGE][PASSED] - Object: 'Object Repository/Objects.HighlightElements/input_field_index' is focused

2020-06-05 13:46:34 - [TEST_STEP][PASSED] - getInputInvalidDate = getAttribute(DateFieldNm, "value"): Attribute 'value' of object 'Object Repository/Objects.HighlightElements/input_field_index' is: '192907023172'

2020-06-05 13:46:34 - [MESSAGE][PASSED] - Attribute 'value' of object 'Object Repository/Objects.HighlightElements/input_field_index' is: '192907023172'

2020-06-05 13:46:34 - [TEST_STEP][PASSED] - mouseOver(DateFieldNm): Object: 'Object Repository/Objects.HighlightElements/input_field_index' is hovered

2020-06-05 13:46:34 - [MESSAGE][PASSED] - Object: 'Object Repository/Objects.HighlightElements/input_field_index' is hovered

2020-06-05 13:46:34 - [TEST_STEP][PASSED] - getErrMsg = getAttribute(DateFieldNm, "data-errorqtip"): Attribute 'data-errorqtip' of object 'Object Repository/Objects.HighlightElements/input_field_index' is: '<ul class="x-list-plain"><li>192907023172 is not a valid date - it must be in the format d/m/Y</li></ul>'

2020-06-05 13:46:35 - [MESSAGE][PASSED] - Attribute 'data-errorqtip' of object 'Object Repository/Objects.HighlightElements/input_field_index' is: '<ul class="x-list-plain"><li>192907023172 is not a valid date - it must be in the format d/m/Y</li></ul>'

2020-06-05 13:46:35 - [TEST_STEP][PASSED] - getTotalLength = getErrMsg.length(): null

2020-06-05 13:46:35 - [TEST_STEP][PASSED] - RemoveULClass = getErrMsg.substring(29, getTotalLength): null

2020-06-05 13:46:35 - [TEST_STEP][PASSED] - LengthNoUlClass = RemoveULClass.length() - 10: null

2020-06-05 13:46:35 - [TEST_STEP][PASSED] - ToolTipInvErrMsg = RemoveULClass.substring(0, LengthNoUlClass): null

2020-06-05 13:46:35 - [TEST_STEP][PASSED] - ExpectedInvalidErrMsg = concatenate(getInputInvalidDate, " ", NotValidDt): Concatenated string array: '['192907023172',' ','is not a valid date - it must be in the format d/m/Y']' into '192907023172 is not a valid date - it must be in the format d/m/Y'

2020-06-05 13:46:35 - [MESSAGE][PASSED] - Concatenated string array: '['192907023172',' ','is not a valid date - it must be in the format d/m/Y']' into '192907023172 is not a valid date - it must be in the format d/m/Y'

2020-06-05 13:46:35 - [TEST_STEP][PASSED] - verifyMatch(ToolTipInvErrMsg, ExpectedInvalidErrMsg, true): Actual text '192907023172 is not a valid date - it must be in the format d/m/Y' and expected text '192907023172 is not a valid date - it must be in the format d/m/Y' are matched  using regular expression

2020-06-05 13:46:35 - [MESSAGE][PASSED] - Actual text '192907023172 is not a valid date - it must be in the format d/m/Y' and expected text '192907023172 is not a valid date - it must be in the format d/m/Y' are matched  using regular expression

2020-06-05 13:46:35 - [MESSAGE][PASSED] - Call Test Case 'Test Cases/PFI Precision and Scale/PFI Components with Indexing/InvalidDateErrorValidationIndex' successfully

2020-06-05 13:46:35 - [TEST_STEP][FAILED] - callTestCase(findTestCase("PFI Precision and Scale/PFI Components with Indexing/SelectDayInDatePickerWithIndexII"), ["FldNm":"orderDt", "SelectCurrentDay":11, "index":17, "idx":1], STOP_ON_FAILURE): Unable to call Test Case 'Test Cases/PFI Precision and Scale/PFI Components with Indexing/SelectDayInDatePickerWithIndexII' (Root cause: com.kms.katalon.core.exception.StepErrorException: Call Test Case 'Test Cases/PFI Precision and Scale/PFI Components with Indexing/SelectDayInDatePickerWithIndexII' failed because of error(s)
	at com.kms.katalon.core.keyword.builtin.CallTestCaseKeyword$_callTestCase_closure1.doCall(CallTestCaseKeyword.groovy:66)
	at com.kms.katalon.core.keyword.builtin.CallTestCaseKeyword$_callTestCase_closure1.call(CallTestCaseKeyword.groovy)
	at com.kms.katalon.core.keyword.internal.KeywordMain.runKeyword(KeywordMain.groovy:68)
	at com.kms.katalon.core.keyword.builtin.CallTestCaseKeyword.callTestCase(CallTestCaseKeyword.groovy:81)
	at com.kms.katalon.core.keyword.builtin.CallTestCaseKeyword.execute(CallTestCaseKeyword.groovy:44)
	at com.kms.katalon.core.keyword.internal.KeywordExecutor.executeKeywordForPlatform(KeywordExecutor.groovy:72)
	at com.kms.katalon.core.keyword.BuiltinKeywords.callTestCase(BuiltinKeywords.groovy:334)
	at PFI.CourtActionsLHS.run(PFI.CourtActionsLHS:78)
	at com.kms.katalon.core.main.ScriptEngine.run(ScriptEngine.java:194)
	at com.kms.katalon.core.main.ScriptEngine.runScriptAsRawText(ScriptEngine.java:119)
	at com.kms.katalon.core.main.TestCaseExecutor.runScript(TestCaseExecutor.java:337)
	at com.kms.katalon.core.main.TestCaseExecutor.doExecute(TestCaseExecutor.java:328)
	at com.kms.katalon.core.main.TestCaseExecutor.processExecutionPhase(TestCaseExecutor.java:307)
	at com.kms.katalon.core.main.TestCaseExecutor.accessMainPhase(TestCaseExecutor.java:299)
	at com.kms.katalon.core.main.TestCaseExecutor.execute(TestCaseExecutor.java:233)
	at com.kms.katalon.core.main.TestSuiteExecutor.accessTestCaseMainPhase(TestSuiteExecutor.java:169)
	at com.kms.katalon.core.main.TestSuiteExecutor.accessTestSuiteMainPhase(TestSuiteExecutor.java:142)
	at com.kms.katalon.core.main.TestSuiteExecutor.execute(TestSuiteExecutor.java:91)
	at com.kms.katalon.core.main.TestCaseMain.startTestSuite(TestCaseMain.java:157)
	at com.kms.katalon.core.main.TestCaseMain$startTestSuite$0.call(Unknown Source)
	at TempTestSuite1591334959875.run(TempTestSuite1591334959875.groovy:36)
Caused by: org.codehaus.groovy.runtime.InvokerInvocationException: java.lang.AssertionError: Web element with id: 'Object Repository/Objects.DateValidation/Page_ISPS2/Select_Day_Index' located by 'By.xpath: (//*[contains(@class, 'x-datepicker-date') and (text() = '11')])[17]' not found
	at com.reusableComponents.HighlightElement.invokeMethod(HighlightElement.groovy)
	at com.kms.katalon.core.main.CustomKeywordDelegatingMetaClass.invokeStaticMethod(CustomKeywordDelegatingMetaClass.java:50)
	at SelectDayInDatePickerWithIndexII.run(SelectDayInDatePickerWithIndexII:32)
	at com.kms.katalon.core.main.ScriptEngine.run(ScriptEngine.java:194)
	at com.kms.katalon.core.main.ScriptEngine.runScriptAsRawText(ScriptEngine.java:119)
	at com.kms.katalon.core.main.TestCaseExecutor.runScript(TestCaseExecutor.java:337)
	at com.kms.katalon.core.main.TestCaseExecutor.doExecute(TestCaseExecutor.java:328)
	at com.kms.katalon.core.main.TestCaseExecutor.processExecutionPhase(TestCaseExecutor.java:307)
	at com.kms.katalon.core.main.TestCaseExecutor.accessMainPhase(TestCaseExecutor.java:299)
	at com.kms.katalon.core.main.TestCaseExecutor.execute(TestCaseExecutor.java:233)
	at com.kms.katalon.core.main.TestCaseMain.runTestCase(TestCaseMain.java:114)
	at com.kms.katalon.core.keyword.builtin.CallTestCaseKeyword$_callTestCase_closure1.doCall(CallTestCaseKeyword.groovy:59)
	... 20 more
Caused by: java.lang.AssertionError: Web element with id: 'Object Repository/Objects.DateValidation/Page_ISPS2/Select_Day_Index' located by 'By.xpath: (//*[contains(@class, 'x-datepicker-date') and (text() = '11')])[17]' not found
	at org.testng.Assert.fail(Assert.java:93)
	at org.testng.Assert$fail.call(Unknown Source)
	at com.reusableComponents.HighlightElement.run(HighlightElement.groovy:27)
	... 32 more
)

2020-06-05 13:46:35 - [TEST_CASE][ERROR] - Test Cases/PFI Precision and Scale/PFI Components with Indexing/SelectDayInDatePickerWithIndexII: Test Cases/PFI Precision and Scale/PFI Components with Indexing/SelectDayInDatePickerWithIndexII FAILED.
Reason:
org.codehaus.groovy.runtime.InvokerInvocationException: java.lang.AssertionError: Web element with id: 'Object Repository/Objects.DateValidation/Page_ISPS2/Select_Day_Index' located by 'By.xpath: (//*[contains(@class, 'x-datepicker-date') and (text() = '11')])[17]' not found
	at com.reusableComponents.HighlightElement.invokeMethod(HighlightElement.groovy)
	at com.kms.katalon.core.main.CustomKeywordDelegatingMetaClass.invokeStaticMethod(CustomKeywordDelegatingMetaClass.java:50)
	at SelectDayInDatePickerWithIndexII.run(SelectDayInDatePickerWithIndexII:32)
	at com.kms.katalon.core.main.ScriptEngine.run(ScriptEngine.java:194)
	at com.kms.katalon.core.main.ScriptEngine.runScriptAsRawText(ScriptEngine.java:119)
	at com.kms.katalon.core.main.TestCaseExecutor.runScript(TestCaseExecutor.java:337)
	at com.kms.katalon.core.main.TestCaseExecutor.doExecute(TestCaseExecutor.java:328)
	at com.kms.katalon.core.main.TestCaseExecutor.processExecutionPhase(TestCaseExecutor.java:307)
	at com.kms.katalon.core.main.TestCaseExecutor.accessMainPhase(TestCaseExecutor.java:299)
	at com.kms.katalon.core.main.TestCaseExecutor.execute(TestCaseExecutor.java:233)
	at com.kms.katalon.core.main.TestCaseMain.runTestCase(TestCaseMain.java:114)
	at com.kms.katalon.core.keyword.builtin.CallTestCaseKeyword$_callTestCase_closure1.doCall(CallTestCaseKeyword.groovy:59)
	at com.kms.katalon.core.keyword.builtin.CallTestCaseKeyword$_callTestCase_closure1.call(CallTestCaseKeyword.groovy)
	at com.kms.katalon.core.keyword.internal.KeywordMain.runKeyword(KeywordMain.groovy:68)
	at com.kms.katalon.core.keyword.builtin.CallTestCaseKeyword.callTestCase(CallTestCaseKeyword.groovy:81)
	at com.kms.katalon.core.keyword.builtin.CallTestCaseKeyword.execute(CallTestCaseKeyword.groovy:44)
	at com.kms.katalon.core.keyword.internal.KeywordExecutor.executeKeywordForPlatform(KeywordExecutor.groovy:72)
	at com.kms.katalon.core.keyword.BuiltinKeywords.callTestCase(BuiltinKeywords.groovy:334)
	at PFI.CourtActionsLHS.run(PFI.CourtActionsLHS:78)
	at com.kms.katalon.core.main.ScriptEngine.run(ScriptEngine.java:194)
	at com.kms.katalon.core.main.ScriptEngine.runScriptAsRawText(ScriptEngine.java:119)
	at com.kms.katalon.core.main.TestCaseExecutor.runScript(TestCaseExecutor.java:337)
	at com.kms.katalon.core.main.TestCaseExecutor.doExecute(TestCaseExecutor.java:328)
	at com.kms.katalon.core.main.TestCaseExecutor.processExecutionPhase(TestCaseExecutor.java:307)
	at com.kms.katalon.core.main.TestCaseExecutor.accessMainPhase(TestCaseExecutor.java:299)
	at com.kms.katalon.core.main.TestCaseExecutor.execute(TestCaseExecutor.java:233)
	at com.kms.katalon.core.main.TestSuiteExecutor.accessTestCaseMainPhase(TestSuiteExecutor.java:169)
	at com.kms.katalon.core.main.TestSuiteExecutor.accessTestSuiteMainPhase(TestSuiteExecutor.java:142)
	at com.kms.katalon.core.main.TestSuiteExecutor.execute(TestSuiteExecutor.java:91)
	at com.kms.katalon.core.main.TestCaseMain.startTestSuite(TestCaseMain.java:157)
	at com.kms.katalon.core.main.TestCaseMain$startTestSuite$0.call(Unknown Source)
	at TempTestSuite1591334959875.run(TempTestSuite1591334959875.groovy:36)
Caused by: java.lang.AssertionError: Web element with id: 'Object Repository/Objects.DateValidation/Page_ISPS2/Select_Day_Index' located by 'By.xpath: (//*[contains(@class, 'x-datepicker-date') and (text() = '11')])[17]' not found
	at org.testng.Assert.fail(Assert.java:93)
	at org.testng.Assert$fail.call(Unknown Source)
	at com.reusableComponents.HighlightElement.run(HighlightElement.groovy:27)
	... 32 more


2020-06-05 13:46:35 - [TEST_STEP][PASSED] - Thread.sleep(1000): null

2020-06-05 13:46:36 - [TEST_STEP][PASSED] - DateInputFld = modifyObjectProperty(findTestObject("Objects.HighlightElements/input_field_index"), "xpath", "equals", "(//*[contains(@class,'x-form-text') and (@name='" + FldNm + "')])[" + idx + "]", true): Modify property of object successfully

2020-06-05 13:46:36 - [MESSAGE][PASSED] - Modify property of object successfully

2020-06-05 13:46:36 - [TEST_STEP][PASSED] - ModifiedDay = modifyObjectProperty(findTestObject("Objects.DateValidation/Page_ISPS2/Select_Day_Index"), "xpath", "equals", "(//*[contains(@class, 'x-datepicker-date') and (text() = '" + SelectCurrentDay + "')])[" + index + "]", true): Modify property of object successfully

2020-06-05 13:46:36 - [MESSAGE][PASSED] - Modify property of object successfully

2020-06-05 13:46:36 - [TEST_STEP][PASSED] - sendKeys(DateInputFld, Keys.chord(ARROW_DOWN)): Keys 'DOWN + ' sent to object: 'Object Repository/Objects.HighlightElements/input_field_index'

2020-06-05 13:46:36 - [MESSAGE][PASSED] - Keys 'DOWN + ' sent to object: 'Object Repository/Objects.HighlightElements/input_field_index'

2020-06-05 13:46:36 - [TEST_STEP][FAILED] - com.reusableComponents.HighlightElement.run(ModifiedDay): java.lang.AssertionError: Web element with id: 'Object Repository/Objects.DateValidation/Page_ISPS2/Select_Day_Index' located by 'By.xpath: (//*[contains(@class, 'x-datepicker-date') and (text() = '11')])[17]' not found

2020-06-05 13:46:57 - [MESSAGE][INFO] - Unable to find the element located by 'By.xpath: (//*[contains(@class, 'x-datepicker-date') and (text() = '11')])[17]'. Please recheck the objects properties to make sure the desired element is located. 

2020-06-05 13:46:57 - [MESSAGE][FAILED] - java.lang.AssertionError: Web element with id: 'Object Repository/Objects.DateValidation/Page_ISPS2/Select_Day_Index' located by 'By.xpath: (//*[contains(@class, 'x-datepicker-date') and (text() = '11')])[17]' not found

2020-06-05 13:46:57 - [MESSAGE][FAILED] - Unable to call Test Case 'Test Cases/PFI Precision and Scale/PFI Components with Indexing/SelectDayInDatePickerWithIndexII' (Root cause: com.kms.katalon.core.exception.StepErrorException: Call Test Case 'Test Cases/PFI Precision and Scale/PFI Components with Indexing/SelectDayInDatePickerWithIndexII' failed because of error(s)
	at com.kms.katalon.core.keyword.builtin.CallTestCaseKeyword$_callTestCase_closure1.doCall(CallTestCaseKeyword.groovy:66)
	at com.kms.katalon.core.keyword.builtin.CallTestCaseKeyword$_callTestCase_closure1.call(CallTestCaseKeyword.groovy)
	at com.kms.katalon.core.keyword.internal.KeywordMain.runKeyword(KeywordMain.groovy:68)
	at com.kms.katalon.core.keyword.builtin.CallTestCaseKeyword.callTestCase(CallTestCaseKeyword.groovy:81)
	at com.kms.katalon.core.keyword.builtin.CallTestCaseKeyword.execute(CallTestCaseKeyword.groovy:44)
	at com.kms.katalon.core.keyword.internal.KeywordExecutor.executeKeywordForPlatform(KeywordExecutor.groovy:72)
	at com.kms.katalon.core.keyword.BuiltinKeywords.callTestCase(BuiltinKeywords.groovy:334)
	at PFI.CourtActionsLHS.run(PFI.CourtActionsLHS:78)
	at com.kms.katalon.core.main.ScriptEngine.run(ScriptEngine.java:194)
	at com.kms.katalon.core.main.ScriptEngine.runScriptAsRawText(ScriptEngine.java:119)
	at com.kms.katalon.core.main.TestCaseExecutor.runScript(TestCaseExecutor.java:337)
	at com.kms.katalon.core.main.TestCaseExecutor.doExecute(TestCaseExecutor.java:328)
	at com.kms.katalon.core.main.TestCaseExecutor.processExecutionPhase(TestCaseExecutor.java:307)
	at com.kms.katalon.core.main.TestCaseExecutor.accessMainPhase(TestCaseExecutor.java:299)
	at com.kms.katalon.core.main.TestCaseExecutor.execute(TestCaseExecutor.java:233)
	at com.kms.katalon.core.main.TestSuiteExecutor.accessTestCaseMainPhase(TestSuiteExecutor.java:169)
	at com.kms.katalon.core.main.TestSuiteExecutor.accessTestSuiteMainPhase(TestSuiteExecutor.java:142)
	at com.kms.katalon.core.main.TestSuiteExecutor.execute(TestSuiteExecutor.java:91)
	at com.kms.katalon.core.main.TestCaseMain.startTestSuite(TestCaseMain.java:157)
	at com.kms.katalon.core.main.TestCaseMain$startTestSuite$0.call(Unknown Source)
	at TempTestSuite1591334959875.run(TempTestSuite1591334959875.groovy:36)
Caused by: org.codehaus.groovy.runtime.InvokerInvocationException: java.lang.AssertionError: Web element with id: 'Object Repository/Objects.DateValidation/Page_ISPS2/Select_Day_Index' located by 'By.xpath: (//*[contains(@class, 'x-datepicker-date') and (text() = '11')])[17]' not found
	at com.reusableComponents.HighlightElement.invokeMethod(HighlightElement.groovy)
	at com.kms.katalon.core.main.CustomKeywordDelegatingMetaClass.invokeStaticMethod(CustomKeywordDelegatingMetaClass.java:50)
	at SelectDayInDatePickerWithIndexII.run(SelectDayInDatePickerWithIndexII:32)
	at com.kms.katalon.core.main.ScriptEngine.run(ScriptEngine.java:194)
	at com.kms.katalon.core.main.ScriptEngine.runScriptAsRawText(ScriptEngine.java:119)
	at com.kms.katalon.core.main.TestCaseExecutor.runScript(TestCaseExecutor.java:337)
	at com.kms.katalon.core.main.TestCaseExecutor.doExecute(TestCaseExecutor.java:328)
	at com.kms.katalon.core.main.TestCaseExecutor.processExecutionPhase(TestCaseExecutor.java:307)
	at com.kms.katalon.core.main.TestCaseExecutor.accessMainPhase(TestCaseExecutor.java:299)
	at com.kms.katalon.core.main.TestCaseExecutor.execute(TestCaseExecutor.java:233)
	at com.kms.katalon.core.main.TestCaseMain.runTestCase(TestCaseMain.java:114)
	at com.kms.katalon.core.keyword.builtin.CallTestCaseKeyword$_callTestCase_closure1.doCall(CallTestCaseKeyword.groovy:59)
	... 20 more
Caused by: java.lang.AssertionError: Web element with id: 'Object Repository/Objects.DateValidation/Page_ISPS2/Select_Day_Index' located by 'By.xpath: (//*[contains(@class, 'x-datepicker-date') and (text() = '11')])[17]' not found
	at org.testng.Assert.fail(Assert.java:93)
	at org.testng.Assert$fail.call(Unknown Source)
	at com.reusableComponents.HighlightElement.run(HighlightElement.groovy:27)
	... 32 more
)]]></system-out>
         <system-err><![CDATA[2020-06-05 13:46:08 - [TEST_CASE][ERROR] - Test Cases/PFI Precision and Scale/PFI Test Cases/Process Case (PFI)/PFI.CourtActionsLHS: Test Cases/PFI Precision and Scale/PFI Test Cases/Process Case (PFI)/PFI.CourtActionsLHS FAILED.
Reason:
com.kms.katalon.core.exception.StepErrorException: Call Test Case 'Test Cases/PFI Precision and Scale/PFI Components with Indexing/SelectDayInDatePickerWithIndexII' failed because of error(s)
	at com.kms.katalon.core.keyword.builtin.CallTestCaseKeyword$_callTestCase_closure1.doCall(CallTestCaseKeyword.groovy:66)
	at com.kms.katalon.core.keyword.builtin.CallTestCaseKeyword$_callTestCase_closure1.call(CallTestCaseKeyword.groovy)
	at com.kms.katalon.core.keyword.internal.KeywordMain.runKeyword(KeywordMain.groovy:68)
	at com.kms.katalon.core.keyword.builtin.CallTestCaseKeyword.callTestCase(CallTestCaseKeyword.groovy:81)
	at com.kms.katalon.core.keyword.builtin.CallTestCaseKeyword.execute(CallTestCaseKeyword.groovy:44)
	at com.kms.katalon.core.keyword.internal.KeywordExecutor.executeKeywordForPlatform(KeywordExecutor.groovy:72)
	at com.kms.katalon.core.keyword.BuiltinKeywords.callTestCase(BuiltinKeywords.groovy:334)
	at PFI.CourtActionsLHS.run(PFI.CourtActionsLHS:78)
	at com.kms.katalon.core.main.ScriptEngine.run(ScriptEngine.java:194)
	at com.kms.katalon.core.main.ScriptEngine.runScriptAsRawText(ScriptEngine.java:119)
	at com.kms.katalon.core.main.TestCaseExecutor.runScript(TestCaseExecutor.java:337)
	at com.kms.katalon.core.main.TestCaseExecutor.doExecute(TestCaseExecutor.java:328)
	at com.kms.katalon.core.main.TestCaseExecutor.processExecutionPhase(TestCaseExecutor.java:307)
	at com.kms.katalon.core.main.TestCaseExecutor.accessMainPhase(TestCaseExecutor.java:299)
	at com.kms.katalon.core.main.TestCaseExecutor.execute(TestCaseExecutor.java:233)
	at com.kms.katalon.core.main.TestSuiteExecutor.accessTestCaseMainPhase(TestSuiteExecutor.java:169)
	at com.kms.katalon.core.main.TestSuiteExecutor.accessTestSuiteMainPhase(TestSuiteExecutor.java:142)
	at com.kms.katalon.core.main.TestSuiteExecutor.execute(TestSuiteExecutor.java:91)
	at com.kms.katalon.core.main.TestCaseMain.startTestSuite(TestCaseMain.java:157)
	at com.kms.katalon.core.main.TestCaseMain$startTestSuite$0.call(Unknown Source)
	at TempTestSuite1591334959875.run(TempTestSuite1591334959875.groovy:36)
Caused by: org.codehaus.groovy.runtime.InvokerInvocationException: java.lang.AssertionError: Web element with id: 'Object Repository/Objects.DateValidation/Page_ISPS2/Select_Day_Index' located by 'By.xpath: (//*[contains(@class, 'x-datepicker-date') and (text() = '11')])[17]' not found
	at com.reusableComponents.HighlightElement.invokeMethod(HighlightElement.groovy)
	at com.kms.katalon.core.main.CustomKeywordDelegatingMetaClass.invokeStaticMethod(CustomKeywordDelegatingMetaClass.java:50)
	at SelectDayInDatePickerWithIndexII.run(SelectDayInDatePickerWithIndexII:32)
	at com.kms.katalon.core.main.ScriptEngine.run(ScriptEngine.java:194)
	at com.kms.katalon.core.main.ScriptEngine.runScriptAsRawText(ScriptEngine.java:119)
	at com.kms.katalon.core.main.TestCaseExecutor.runScript(TestCaseExecutor.java:337)
	at com.kms.katalon.core.main.TestCaseExecutor.doExecute(TestCaseExecutor.java:328)
	at com.kms.katalon.core.main.TestCaseExecutor.processExecutionPhase(TestCaseExecutor.java:307)
	at com.kms.katalon.core.main.TestCaseExecutor.accessMainPhase(TestCaseExecutor.java:299)
	at com.kms.katalon.core.main.TestCaseExecutor.execute(TestCaseExecutor.java:233)
	at com.kms.katalon.core.main.TestCaseMain.runTestCase(TestCaseMain.java:114)
	at com.kms.katalon.core.keyword.builtin.CallTestCaseKeyword$_callTestCase_closure1.doCall(CallTestCaseKeyword.groovy:59)
	... 20 more
Caused by: java.lang.AssertionError: Web element with id: 'Object Repository/Objects.DateValidation/Page_ISPS2/Select_Day_Index' located by 'By.xpath: (//*[contains(@class, 'x-datepicker-date') and (text() = '11')])[17]' not found
	at org.testng.Assert.fail(Assert.java:93)
	at org.testng.Assert$fail.call(Unknown Source)
	at com.reusableComponents.HighlightElement.run(HighlightElement.groovy:27)
	... 32 more]]></system-err>
      </testcase>
      <system-out><![CDATA[2020-06-05 13:29:27 - [TEST_SUITE][FAILED] - Page Section: Test Cases/PFI Precision and Scale/PFI Test Cases/Process Case (PFI)/PFI.SiteInspectionLHS FAILED.
Reason:
com.kms.katalon.core.exception.StepFailedException: Call Test Case 'Test Cases/PFI Precision and Scale/PFI Components with Indexing/VerifyDefaultValueIndex' failed
	at com.kms.katalon.core.keyword.builtin.CallTestCaseKeyword$_callTestCase_closure1.doCall(CallTestCaseKeyword.groovy:63)
	at com.kms.katalon.core.keyword.builtin.CallTestCaseKeyword$_callTestCase_closure1.call(CallTestCaseKeyword.groovy)
	at com.kms.katalon.core.keyword.internal.KeywordMain.runKeyword(KeywordMain.groovy:68)
	at com.kms.katalon.core.keyword.builtin.CallTestCaseKeyword.callTestCase(CallTestCaseKeyword.groovy:81)
	at com.kms.katalon.core.keyword.builtin.CallTestCaseKeyword.execute(CallTestCaseKeyword.groovy:44)
	at com.kms.katalon.core.keyword.internal.KeywordExecutor.executeKeywordForPlatform(KeywordExecutor.groovy:72)
	at com.kms.katalon.core.keyword.BuiltinKeywords.callTestCase(BuiltinKeywords.groovy:334)
	at PFI.SiteInspectionLHS.run(PFI.SiteInspectionLHS:135)
	at com.kms.katalon.core.main.ScriptEngine.run(ScriptEngine.java:194)
	at com.kms.katalon.core.main.ScriptEngine.runScriptAsRawText(ScriptEngine.java:119)
	at com.kms.katalon.core.main.TestCaseExecutor.runScript(TestCaseExecutor.java:337)
	at com.kms.katalon.core.main.TestCaseExecutor.doExecute(TestCaseExecutor.java:328)
	at com.kms.katalon.core.main.TestCaseExecutor.processExecutionPhase(TestCaseExecutor.java:307)
	at com.kms.katalon.core.main.TestCaseExecutor.accessMainPhase(TestCaseExecutor.java:299)
	at com.kms.katalon.core.main.TestCaseExecutor.execute(TestCaseExecutor.java:233)
	at com.kms.katalon.core.main.TestSuiteExecutor.accessTestCaseMainPhase(TestSuiteExecutor.java:169)
	at com.kms.katalon.core.main.TestSuiteExecutor.accessTestSuiteMainPhase(TestSuiteExecutor.java:142)
	at com.kms.katalon.core.main.TestSuiteExecutor.execute(TestSuiteExecutor.java:91)
	at com.kms.katalon.core.main.TestCaseMain.startTestSuite(TestCaseMain.java:157)
	at com.kms.katalon.core.main.TestCaseMain$startTestSuite$0.call(Unknown Source)
	at TempTestSuite1591334959875.run(TempTestSuite1591334959875.groovy:36)
Caused by: com.kms.katalon.core.exception.StepFailedException: Actual text 'PSI Processing (SM)' and expected text 'PSI Processing (SM)' are not matched using regular expression
	at com.kms.katalon.core.keyword.builtin.VerifyMatchKeyword$_verifyMatch_closure1.doCall(VerifyMatchKeyword.groovy:57)
	at com.kms.katalon.core.keyword.builtin.VerifyMatchKeyword$_verifyMatch_closure1.call(VerifyMatchKeyword.groovy)
	at com.kms.katalon.core.keyword.internal.KeywordMain.runKeyword(KeywordMain.groovy:68)
	at com.kms.katalon.core.keyword.builtin.VerifyMatchKeyword.verifyMatch(VerifyMatchKeyword.groovy:60)
	at com.kms.katalon.core.keyword.builtin.VerifyMatchKeyword.execute(VerifyMatchKeyword.groovy:45)
	at com.kms.katalon.core.keyword.internal.KeywordExecutor.executeKeywordForPlatform(KeywordExecutor.groovy:72)
	at com.kms.katalon.core.keyword.BuiltinKeywords.verifyMatch(BuiltinKeywords.groovy:73)
	at VerifyDefaultValueIndex.run(VerifyDefaultValueIndex:123)
	at com.kms.katalon.core.main.ScriptEngine.run(ScriptEngine.java:194)
	at com.kms.katalon.core.main.ScriptEngine.runScriptAsRawText(ScriptEngine.java:119)
	at com.kms.katalon.core.main.TestCaseExecutor.runScript(TestCaseExecutor.java:337)
	at com.kms.katalon.core.main.TestCaseExecutor.doExecute(TestCaseExecutor.java:328)
	at com.kms.katalon.core.main.TestCaseExecutor.processExecutionPhase(TestCaseExecutor.java:307)
	at com.kms.katalon.core.main.TestCaseExecutor.accessMainPhase(TestCaseExecutor.java:299)
	at com.kms.katalon.core.main.TestCaseExecutor.execute(TestCaseExecutor.java:233)
	at com.kms.katalon.core.main.TestCaseMain.runTestCase(TestCaseMain.java:114)
	at com.kms.katalon.core.keyword.builtin.CallTestCaseKeyword$_callTestCase_closure1.doCall(CallTestCaseKeyword.groovy:59)
	... 20 more]]></system-out>
      <system-err><![CDATA[2020-06-05 13:29:27 - [TEST_SUITE][FAILED] - Page Section: Test Cases/PFI Precision and Scale/PFI Test Cases/Process Case (PFI)/PFI.SiteInspectionLHS FAILED.
Reason:
com.kms.katalon.core.exception.StepFailedException: Call Test Case 'Test Cases/PFI Precision and Scale/PFI Components with Indexing/VerifyDefaultValueIndex' failed
	at com.kms.katalon.core.keyword.builtin.CallTestCaseKeyword$_callTestCase_closure1.doCall(CallTestCaseKeyword.groovy:63)
	at com.kms.katalon.core.keyword.builtin.CallTestCaseKeyword$_callTestCase_closure1.call(CallTestCaseKeyword.groovy)
	at com.kms.katalon.core.keyword.internal.KeywordMain.runKeyword(KeywordMain.groovy:68)
	at com.kms.katalon.core.keyword.builtin.CallTestCaseKeyword.callTestCase(CallTestCaseKeyword.groovy:81)
	at com.kms.katalon.core.keyword.builtin.CallTestCaseKeyword.execute(CallTestCaseKeyword.groovy:44)
	at com.kms.katalon.core.keyword.internal.KeywordExecutor.executeKeywordForPlatform(KeywordExecutor.groovy:72)
	at com.kms.katalon.core.keyword.BuiltinKeywords.callTestCase(BuiltinKeywords.groovy:334)
	at PFI.SiteInspectionLHS.run(PFI.SiteInspectionLHS:135)
	at com.kms.katalon.core.main.ScriptEngine.run(ScriptEngine.java:194)
	at com.kms.katalon.core.main.ScriptEngine.runScriptAsRawText(ScriptEngine.java:119)
	at com.kms.katalon.core.main.TestCaseExecutor.runScript(TestCaseExecutor.java:337)
	at com.kms.katalon.core.main.TestCaseExecutor.doExecute(TestCaseExecutor.java:328)
	at com.kms.katalon.core.main.TestCaseExecutor.processExecutionPhase(TestCaseExecutor.java:307)
	at com.kms.katalon.core.main.TestCaseExecutor.accessMainPhase(TestCaseExecutor.java:299)
	at com.kms.katalon.core.main.TestCaseExecutor.execute(TestCaseExecutor.java:233)
	at com.kms.katalon.core.main.TestSuiteExecutor.accessTestCaseMainPhase(TestSuiteExecutor.java:169)
	at com.kms.katalon.core.main.TestSuiteExecutor.accessTestSuiteMainPhase(TestSuiteExecutor.java:142)
	at com.kms.katalon.core.main.TestSuiteExecutor.execute(TestSuiteExecutor.java:91)
	at com.kms.katalon.core.main.TestCaseMain.startTestSuite(TestCaseMain.java:157)
	at com.kms.katalon.core.main.TestCaseMain$startTestSuite$0.call(Unknown Source)
	at TempTestSuite1591334959875.run(TempTestSuite1591334959875.groovy:36)
Caused by: com.kms.katalon.core.exception.StepFailedException: Actual text 'PSI Processing (SM)' and expected text 'PSI Processing (SM)' are not matched using regular expression
	at com.kms.katalon.core.keyword.builtin.VerifyMatchKeyword$_verifyMatch_closure1.doCall(VerifyMatchKeyword.groovy:57)
	at com.kms.katalon.core.keyword.builtin.VerifyMatchKeyword$_verifyMatch_closure1.call(VerifyMatchKeyword.groovy)
	at com.kms.katalon.core.keyword.internal.KeywordMain.runKeyword(KeywordMain.groovy:68)
	at com.kms.katalon.core.keyword.builtin.VerifyMatchKeyword.verifyMatch(VerifyMatchKeyword.groovy:60)
	at com.kms.katalon.core.keyword.builtin.VerifyMatchKeyword.execute(VerifyMatchKeyword.groovy:45)
	at com.kms.katalon.core.keyword.internal.KeywordExecutor.executeKeywordForPlatform(KeywordExecutor.groovy:72)
	at com.kms.katalon.core.keyword.BuiltinKeywords.verifyMatch(BuiltinKeywords.groovy:73)
	at VerifyDefaultValueIndex.run(VerifyDefaultValueIndex:123)
	at com.kms.katalon.core.main.ScriptEngine.run(ScriptEngine.java:194)
	at com.kms.katalon.core.main.ScriptEngine.runScriptAsRawText(ScriptEngine.java:119)
	at com.kms.katalon.core.main.TestCaseExecutor.runScript(TestCaseExecutor.java:337)
	at com.kms.katalon.core.main.TestCaseExecutor.doExecute(TestCaseExecutor.java:328)
	at com.kms.katalon.core.main.TestCaseExecutor.processExecutionPhase(TestCaseExecutor.java:307)
	at com.kms.katalon.core.main.TestCaseExecutor.accessMainPhase(TestCaseExecutor.java:299)
	at com.kms.katalon.core.main.TestCaseExecutor.execute(TestCaseExecutor.java:233)
	at com.kms.katalon.core.main.TestCaseMain.runTestCase(TestCaseMain.java:114)
	at com.kms.katalon.core.keyword.builtin.CallTestCaseKeyword$_callTestCase_closure1.doCall(CallTestCaseKeyword.groovy:59)
	... 20 more]]></system-err>
   </testsuite>
</testsuites>
