<?xml version="1.0" encoding="UTF-8"?>
<testsuites name="Decision" time="859.461" tests="7" failures="0" errors="1">
   <testsuite name="Decision" tests="7" failures="0" errors="1" time="859.461" timestamp="2020-05-27 12:33:05" hostname="19023-RAC - 192.168.16.39" id="Test Suites/PFI Precision and Scale Automated Regression Suite/Decision">
      <properties>
         <property name="deviceName" value=""/>
         <property name="devicePlatform" value=""/>
         <property name="logFolder" value="C:\\Users\\19023-RAC\\Desktop\\New Automation Copy\\Reports\\20200527_123252\\PFI Precision and Scale Automated Regression Suite\\Decision\\20200527_123252"/>
         <property name="logFiles" value="C:\\Users\\19023-RAC\\Desktop\\New Automation Copy\\Reports\\20200527_123252\\PFI Precision and Scale Automated Regression Suite\\Decision\\20200527_123252\\execution0.log"/>
         <property name="attachments" value=""/>
         <property name="hostName" value="19023-RAC - 192.168.16.39"/>
         <property name="os" value="Windows 10 64bit"/>
         <property name="katalonVersion" value="7.2.1.1"/>
         <property name="browser" value="Chrome 81.0.4044.138"/>
         <property name="hostAddress" value="192.168.16.39"/>
         <property name="sessionId" value="0f847cf31569e02219182fab5315a15a"/>
         <property name="seleniumVersion" value="3.141.59"/>
         <property name="proxyInformation" value="ProxyInformation{proxyOption=NO_PROXY, proxyServerType=HTTP, password=, proxyServerAddress=, proxyServerPort=0, executionList=}"/>
         <property name="platform" value="Windows 10"/>
      </properties>
      <testcase name="Test Cases/PFI Precision and Scale/PFI Test Cases/PFI.NoticeLHS" time="91.17" classname="Test Cases/PFI Precision and Scale/PFI Test Cases/PFI.NoticeLHS" status="PASSED">
         <system-out><![CDATA[2020-05-27 12:33:05 - [TEST_CASE][PASSED] - Test Cases/PFI Precision and Scale/PFI Test Cases/PFI.NoticeLHS: Test Cases/PFI Precision and Scale/PFI Test Cases/PFI.NoticeLHS

2020-05-27 12:33:05 - [TEST_STEP][PASSED] - callTestCase(findTestCase("Components/LoginV2.0"), ["LinkToBeUsed":findTestData("ISPS2 Test Data").getValue("URL", 1), "LoginPageTextToBeVerified":findTestData("ISPS2 Test Data").getValue("HomeBanner", 1), ... ], STOP_ON_FAILURE): Call Test Case 'Test Cases/Components/LoginV2.0' successfully

2020-05-27 12:33:06 - [TEST_CASE][PASSED] - Test Cases/Components/LoginV2.0: Test Cases/Components/LoginV2.0

2020-05-27 12:33:06 - [TEST_STEP][PASSED] - openBrowser(LinkToBeUsed): Browser is opened with url: 'http://10.0.2.41:3012/isps2-prod-verify/authnz/login.do'

2020-05-27 12:33:06 - [MESSAGE][INFO] - Starting 'Chrome' driver

2020-05-27 12:33:06 - [MESSAGE][INFO] - Action delay is set to 0 seconds

2020-05-27 12:33:20 - [MESSAGE][PASSED] - Browser is opened with url: 'http://10.0.2.41:3012/isps2-prod-verify/authnz/login.do'

2020-05-27 12:33:20 - [TEST_STEP][PASSED] - maximizeWindow(): Current window maximized

2020-05-27 12:33:23 - [MESSAGE][PASSED] - Current window maximized

2020-05-27 12:33:23 - [TEST_STEP][PASSED] - verifyTextPresent(LoginPageTextToBeVerified, false): Text 'Sign in to ISPS2-PROD-Verify' is present on page 

2020-05-27 12:33:23 - [MESSAGE][PASSED] - Text 'Sign in to ISPS2-PROD-Verify' is present on page 

2020-05-27 12:33:23 - [TEST_STEP][PASSED] - setText(findTestObject("Objects.LoginV2.0/Login Page/input_Sign in to ISPS2-PROD-Verify_username"), Username): Text 'sysadmin' is set on object 'Object Repository/Objects.LoginV2.0/Login Page/input_Sign in to ISPS2-PROD-Verify_username'

2020-05-27 12:33:24 - [MESSAGE][PASSED] - Text 'sysadmin' is set on object 'Object Repository/Objects.LoginV2.0/Login Page/input_Sign in to ISPS2-PROD-Verify_username'

2020-05-27 12:33:24 - [TEST_STEP][PASSED] - setEncryptedText(findTestObject("Objects.LoginV2.0/Login Page/input_This field is required_password"), Password): Text ****** has been set on object 'Object Repository/Objects.LoginV2.0/Login Page/input_This field is required_password'

2020-05-27 12:33:24 - [MESSAGE][PASSED] - Text ****** has been set on object 'Object Repository/Objects.LoginV2.0/Login Page/input_This field is required_password'

2020-05-27 12:33:24 - [TEST_STEP][NOT_RUN] - setEncryptedText(findTestObject(null), Password): NOT_RUN: setEncryptedText(findTestObject(null), Password)

2020-05-27 12:33:24 - [MESSAGE][NOT_RUN] - NOT_RUN: setEncryptedText(findTestObject(null), Password)

2020-05-27 12:33:24 - [TEST_STEP][PASSED] - click(findTestObject("Objects.LoginV2.0/Login Page/div_Sign in to ISPS2-PROD-Verify_NovaGoButton-1021"), OPTIONAL): Object: 'Object Repository/Objects.LoginV2.0/Login Page/div_Sign in to ISPS2-PROD-Verify_NovaGoButton-1021' is clicked on

2020-05-27 12:33:24 - [MESSAGE][PASSED] - Object: 'Object Repository/Objects.LoginV2.0/Login Page/div_Sign in to ISPS2-PROD-Verify_NovaGoButton-1021' is clicked on

2020-05-27 12:33:24 - [TEST_STEP][PASSED] - waitForPageLoad(30): Wait for page load successfully

2020-05-27 12:33:24 - [MESSAGE][PASSED] - Wait for page load successfully

2020-05-27 12:33:24 - [TEST_STEP][PASSED] - Thread.sleep(3000): null

2020-05-27 12:33:27 - [MESSAGE][PASSED] - Call Test Case 'Test Cases/Components/LoginV2.0' successfully

2020-05-27 12:33:27 - [TEST_STEP][PASSED] - callTestCase(findTestCase("Components/NavigateToHomepageHeaders"), ["headerText":"My Tasks"], STOP_ON_FAILURE): Call Test Case 'Test Cases/Components/NavigateToHomepageHeaders' successfully

2020-05-27 12:33:27 - [TEST_CASE][PASSED] - Test Cases/Components/NavigateToHomepageHeaders: Test Cases/Components/NavigateToHomepageHeaders

2020-05-27 12:33:28 - [TEST_STEP][PASSED] - Thread.sleep(1000): null

2020-05-27 12:33:29 - [TEST_STEP][PASSED] - waitForPageLoad(30): Wait for page load successfully

2020-05-27 12:33:30 - [MESSAGE][PASSED] - Wait for page load successfully

2020-05-27 12:33:30 - [TEST_STEP][PASSED] - modifiedHeader = modifyObjectProperty(findTestObject("Objects.NavigateToHomepageHeaders/Page_ISPS2/div_Header"), "text", "equals", headerText, true): Modify property of object successfully

2020-05-27 12:33:30 - [MESSAGE][PASSED] - Modify property of object successfully

2020-05-27 12:33:30 - [TEST_STEP][PASSED] - verifyElementClickable(modifiedHeader): Object 'Object Repository/Objects.NavigateToHomepageHeaders/Page_ISPS2/div_Header' is clickable

2020-05-27 12:33:31 - [MESSAGE][PASSED] - Object 'Object Repository/Objects.NavigateToHomepageHeaders/Page_ISPS2/div_Header' is clickable

2020-05-27 12:33:31 - [TEST_STEP][PASSED] - click(modifiedHeader): Object: 'Object Repository/Objects.NavigateToHomepageHeaders/Page_ISPS2/div_Header' is clicked on

2020-05-27 12:33:34 - [MESSAGE][PASSED] - Object: 'Object Repository/Objects.NavigateToHomepageHeaders/Page_ISPS2/div_Header' is clicked on

2020-05-27 12:33:34 - [TEST_STEP][PASSED] - Thread.sleep(7000): null

2020-05-27 12:33:41 - [MESSAGE][PASSED] - Call Test Case 'Test Cases/Components/NavigateToHomepageHeaders' successfully

2020-05-27 12:33:41 - [TEST_STEP][PASSED] - callTestCase(findTestCase("Components/Filter"), ["taskDescription":"Process Case (SM)"], STOP_ON_FAILURE): Call Test Case 'Test Cases/Components/Filter' successfully

2020-05-27 12:33:41 - [TEST_CASE][PASSED] - Test Cases/Components/Filter: Test Cases/Components/Filter

2020-05-27 12:33:41 - [TEST_STEP][PASSED] - Thread.sleep(5000): null

2020-05-27 12:33:46 - [TEST_STEP][PASSED] - waitForPageLoad(180): Wait for page load successfully

2020-05-27 12:33:46 - [MESSAGE][PASSED] - Wait for page load successfully

2020-05-27 12:33:46 - [TEST_STEP][PASSED] - waitForElementNotPresent(findTestObject("Objects.Filter/Page_ISPS2/div_Loading search result Please wait"), 180): Web element with id: 'Object Repository/Objects.Filter/Page_ISPS2/div_Loading search result Please wait' located by 'By.xpath: //div[@class = 'x-mask-msg-text' and (text() = 'Loading search result. Please wait...' or . = 'Loading search result. Please wait...')]' is not present after '180' second(s)

2020-05-27 12:33:46 - [MESSAGE][PASSED] - Web element with id: 'Object Repository/Objects.Filter/Page_ISPS2/div_Loading search result Please wait' located by 'By.xpath: //div[@class = 'x-mask-msg-text' and (text() = 'Loading search result. Please wait...' or . = 'Loading search result. Please wait...')]' is not present after '180' second(s)

2020-05-27 12:33:46 - [TEST_STEP][PASSED] - click(findTestObject("Objects.Filter/Page_ISPS2/XP.Embutidooo")): Object: 'Object Repository/Objects.Filter/Page_ISPS2/XP.Embutidooo' is clicked on

2020-05-27 12:33:47 - [MESSAGE][PASSED] - Object: 'Object Repository/Objects.Filter/Page_ISPS2/XP.Embutidooo' is clicked on

2020-05-27 12:33:47 - [TEST_STEP][PASSED] - com.reusableComponents.HighlightElement.run(findTestObject("Objects.Filter/Page_ISPS2/span_Reset")): com.reusableComponents.HighlightElement.run is PASSED

2020-05-27 12:33:47 - [MESSAGE][PASSED] - com.reusableComponents.HighlightElement.run is PASSED

2020-05-27 12:33:47 - [TEST_STEP][PASSED] - click(findTestObject("Objects.Filter/Page_ISPS2/span_Reset")): Object: 'Object Repository/Objects.Filter/Page_ISPS2/span_Reset' is clicked on

2020-05-27 12:33:48 - [MESSAGE][PASSED] - Object: 'Object Repository/Objects.Filter/Page_ISPS2/span_Reset' is clicked on

2020-05-27 12:33:48 - [TEST_STEP][PASSED] - com.reusableComponents.HighlightElement.run(findTestObject("Objects.Filter/Page_ISPS2/TextBoxTaskDescription")): com.reusableComponents.HighlightElement.run is PASSED

2020-05-27 12:33:49 - [MESSAGE][PASSED] - com.reusableComponents.HighlightElement.run is PASSED

2020-05-27 12:33:49 - [TEST_STEP][PASSED] - setText(findTestObject("Objects.Filter/Page_ISPS2/TextBoxTaskDescription"), taskDescription): Text 'Process Case (SM)' is set on object 'Object Repository/Objects.Filter/Page_ISPS2/TextBoxTaskDescription'

2020-05-27 12:33:49 - [MESSAGE][PASSED] - Text 'Process Case (SM)' is set on object 'Object Repository/Objects.Filter/Page_ISPS2/TextBoxTaskDescription'

2020-05-27 12:33:49 - [TEST_STEP][PASSED] - caseType = taskDescription: null

2020-05-27 12:33:51 - [TEST_STEP][PASSED] - sendKeys(findTestObject("Objects.Filter/Page_ISPS2/TextBoxTaskDescription"), Keys.chord(ENTER)): Keys 'ENTER + ' sent to object: 'Object Repository/Objects.Filter/Page_ISPS2/TextBoxTaskDescription'

2020-05-27 12:33:51 - [MESSAGE][PASSED] - Keys 'ENTER + ' sent to object: 'Object Repository/Objects.Filter/Page_ISPS2/TextBoxTaskDescription'

2020-05-27 12:33:51 - [TEST_STEP][PASSED] - com.reusableComponents.HighlightElement.run(findTestObject("Objects.Filter/Page_ISPS2/span_Search")): com.reusableComponents.HighlightElement.run is PASSED

2020-05-27 12:33:52 - [MESSAGE][PASSED] - com.reusableComponents.HighlightElement.run is PASSED

2020-05-27 12:33:52 - [TEST_STEP][PASSED] - click(findTestObject("Objects.Filter/Page_ISPS2/span_Search")): Object: 'Object Repository/Objects.Filter/Page_ISPS2/span_Search' is clicked on

2020-05-27 12:33:52 - [MESSAGE][PASSED] - Object: 'Object Repository/Objects.Filter/Page_ISPS2/span_Search' is clicked on

2020-05-27 12:33:52 - [TEST_STEP][NOT_RUN] - verifyTextPresent("Loading search result. Please wait...", false): NOT_RUN: verifyTextPresent("Loading search result. Please wait...", false)

2020-05-27 12:33:52 - [MESSAGE][NOT_RUN] - NOT_RUN: verifyTextPresent("Loading search result. Please wait...", false)

2020-05-27 12:33:52 - [TEST_STEP][NOT_RUN] - waitForElementNotPresent(findTestObject("Objects.Filter/Page_ISPS2/div_Loading search result Please wait"), 120): NOT_RUN: waitForElementNotPresent(findTestObject("Objects.Filter/Page_ISPS2/div_Loading search result Please wait"), 120)

2020-05-27 12:33:52 - [MESSAGE][NOT_RUN] - NOT_RUN: waitForElementNotPresent(findTestObject("Objects.Filter/Page_ISPS2/div_Loading search result Please wait"), 120)

2020-05-27 12:33:52 - [TEST_STEP][PASSED] - Thread.sleep(5000): null

2020-05-27 12:33:57 - [MESSAGE][PASSED] - Call Test Case 'Test Cases/Components/Filter' successfully

2020-05-27 12:33:57 - [TEST_STEP][PASSED] - callTestCase(findTestCase("Components/ClickLinkDependingOnTextAndIndex"), ["linkName":"Process Case (SM)", "index":"6"], STOP_ON_FAILURE): Call Test Case 'Test Cases/Components/ClickLinkDependingOnTextAndIndex' successfully

2020-05-27 12:33:57 - [TEST_CASE][PASSED] - Test Cases/Components/ClickLinkDependingOnTextAndIndex: Test Cases/Components/ClickLinkDependingOnTextAndIndex

2020-05-27 12:33:58 - [TEST_STEP][PASSED] - Thread.sleep(1000): null

2020-05-27 12:33:59 - [TEST_STEP][PASSED] - println(linkName): null

2020-05-27 12:33:59 - [TEST_STEP][PASSED] - println(index): null

2020-05-27 12:33:59 - [TEST_STEP][PASSED] - modifiedLink = modifyObjectProperty(findTestObject("Objects.ClickLinkDependingOnTextAndIndex/linkToModify"), "xpath", "equals", "(//a[text()="" + linkName + ""])[" + index + "]", true): Modify property of object successfully

2020-05-27 12:33:59 - [MESSAGE][PASSED] - Modify property of object successfully

2020-05-27 12:33:59 - [TEST_STEP][PASSED] - Thread.sleep(5000): null

2020-05-27 12:34:04 - [TEST_STEP][PASSED] - com.reusableComponents.HighlightElement.run(modifiedLink): com.reusableComponents.HighlightElement.run is PASSED

2020-05-27 12:34:05 - [MESSAGE][PASSED] - com.reusableComponents.HighlightElement.run is PASSED

2020-05-27 12:34:05 - [TEST_STEP][PASSED] - click(modifiedLink): Object: 'Object Repository/Objects.ClickLinkDependingOnTextAndIndex/linkToModify' is clicked on

2020-05-27 12:34:05 - [MESSAGE][PASSED] - Object: 'Object Repository/Objects.ClickLinkDependingOnTextAndIndex/linkToModify' is clicked on

2020-05-27 12:34:05 - [MESSAGE][PASSED] - Call Test Case 'Test Cases/Components/ClickLinkDependingOnTextAndIndex' successfully

2020-05-27 12:34:05 - [TEST_STEP][PASSED] - callTestCase(findTestCase("Components/VerifyPageSuccessfullyLoaded"), ["HeaderName":"Summary"], STOP_ON_FAILURE): Call Test Case 'Test Cases/Components/VerifyPageSuccessfullyLoaded' successfully

2020-05-27 12:34:05 - [TEST_CASE][PASSED] - Test Cases/Components/VerifyPageSuccessfullyLoaded: Test Cases/Components/VerifyPageSuccessfullyLoaded

2020-05-27 12:34:05 - [TEST_STEP][PASSED] - Thread.sleep(3000): null

2020-05-27 12:34:08 - [TEST_STEP][PASSED] - ModifiedHeaderName = modifyObjectProperty(findTestObject("Objects.VerifyPageSuccessfullyLoaded/PageHeader"), "text", "equals", HeaderName, true): Modify property of object successfully

2020-05-27 12:34:08 - [MESSAGE][PASSED] - Modify property of object successfully

2020-05-27 12:34:08 - [TEST_STEP][PASSED] - verifyElementPresent(ModifiedHeaderName, 0): Object 'Object Repository/Objects.VerifyPageSuccessfullyLoaded/PageHeader' is present

2020-05-27 12:34:08 - [MESSAGE][WARNING] - Timeout '0' is invalid. Using default page load timeout: '30'

2020-05-27 12:34:12 - [MESSAGE][PASSED] - Object 'Object Repository/Objects.VerifyPageSuccessfullyLoaded/PageHeader' is present

2020-05-27 12:34:12 - [TEST_STEP][PASSED] - com.reusableComponents.HighlightElement.run(ModifiedHeaderName): com.reusableComponents.HighlightElement.run is PASSED

2020-05-27 12:34:13 - [MESSAGE][PASSED] - com.reusableComponents.HighlightElement.run is PASSED

2020-05-27 12:34:13 - [MESSAGE][PASSED] - Call Test Case 'Test Cases/Components/VerifyPageSuccessfullyLoaded' successfully

2020-05-27 12:34:13 - [TEST_STEP][PASSED] - callTestCase(findTestCase("Components/NavigateToAnyLHS"), ["LHS":"Notice"], STOP_ON_FAILURE): Call Test Case 'Test Cases/Components/NavigateToAnyLHS' successfully

2020-05-27 12:34:13 - [TEST_CASE][PASSED] - Test Cases/Components/NavigateToAnyLHS: Test Cases/Components/NavigateToAnyLHS

2020-05-27 12:34:13 - [TEST_STEP][PASSED] - Thread.sleep(1000): null

2020-05-27 12:34:14 - [TEST_STEP][PASSED] - modifiedLHS = modifyObjectProperty(findTestObject("Objects.NavigateToAnyLHS/Page_ISPS2/LHSToModify"), "text", "equals", LHS, true): Modify property of object successfully

2020-05-27 12:34:14 - [MESSAGE][PASSED] - Modify property of object successfully

2020-05-27 12:34:14 - [TEST_STEP][PASSED] - click(modifiedLHS): Object: 'Object Repository/Objects.NavigateToAnyLHS/Page_ISPS2/LHSToModify' is clicked on

2020-05-27 12:34:15 - [MESSAGE][PASSED] - Object: 'Object Repository/Objects.NavigateToAnyLHS/Page_ISPS2/LHSToModify' is clicked on

2020-05-27 12:34:15 - [TEST_STEP][PASSED] - currentLHS = getText(modifiedLHS): Text of object 'Object Repository/Objects.NavigateToAnyLHS/Page_ISPS2/LHSToModify' is: 'Notice'

2020-05-27 12:34:17 - [MESSAGE][PASSED] - Text of object 'Object Repository/Objects.NavigateToAnyLHS/Page_ISPS2/LHSToModify' is: 'Notice'

2020-05-27 12:34:17 - [TEST_STEP][PASSED] - Thread.sleep(5000): null

2020-05-27 12:34:22 - [MESSAGE][PASSED] - Call Test Case 'Test Cases/Components/NavigateToAnyLHS' successfully

2020-05-27 12:34:22 - [TEST_STEP][PASSED] - callTestCase(findTestCase("Components/VerifyPageSuccessfullyLoadedII"), ["PageNm":"Notice"], STOP_ON_FAILURE): Call Test Case 'Test Cases/Components/VerifyPageSuccessfullyLoadedII' successfully

2020-05-27 12:34:22 - [TEST_CASE][PASSED] - Test Cases/Components/VerifyPageSuccessfullyLoadedII: Test Cases/Components/VerifyPageSuccessfullyLoadedII

2020-05-27 12:34:22 - [TEST_STEP][PASSED] - Thread.sleep(1000): null

2020-05-27 12:34:23 - [TEST_STEP][PASSED] - modifiedInputFld = modifyObjectProperty(findTestObject("Object Repository/Objects.VerifyPageSuccessfullyLoaded/PageHeaderIndex"), "xpath", "equals", "//*[contains(@class,'isps-page-title') and (text()='" + PageNm + "')]", true): Modify property of object successfully

2020-05-27 12:34:23 - [MESSAGE][PASSED] - Modify property of object successfully

2020-05-27 12:34:23 - [TEST_STEP][PASSED] - com.reusableComponents.HighlightElement.run(modifiedInputFld): com.reusableComponents.HighlightElement.run is PASSED

2020-05-27 12:34:24 - [MESSAGE][PASSED] - com.reusableComponents.HighlightElement.run is PASSED

2020-05-27 12:34:24 - [MESSAGE][PASSED] - Call Test Case 'Test Cases/Components/VerifyPageSuccessfullyLoadedII' successfully

2020-05-27 12:34:24 - [TEST_STEP][PASSED] - callTestCase(findTestCase("Components/HighlightLabelField"), ["LblName":"Generate Notice *:"], STOP_ON_FAILURE): Call Test Case 'Test Cases/Components/HighlightLabelField' successfully

2020-05-27 12:34:24 - [TEST_CASE][PASSED] - Test Cases/Components/HighlightLabelField: Test Cases/Components/HighlightLabelField

2020-05-27 12:34:24 - [TEST_STEP][PASSED] - Thread.sleep(1000): null

2020-05-27 12:34:25 - [TEST_STEP][PASSED] - modifiedLblNm = modifyObjectProperty(findTestObject("Objects.HighlightElements/lblField"), "text", "equals", LblName, true): Modify property of object successfully

2020-05-27 12:34:25 - [MESSAGE][PASSED] - Modify property of object successfully

2020-05-27 12:34:25 - [TEST_STEP][PASSED] - com.reusableComponents.HighlightElement.run(modifiedLblNm): com.reusableComponents.HighlightElement.run is PASSED

2020-05-27 12:34:26 - [MESSAGE][PASSED] - com.reusableComponents.HighlightElement.run is PASSED

2020-05-27 12:34:26 - [MESSAGE][PASSED] - Call Test Case 'Test Cases/Components/HighlightLabelField' successfully

2020-05-27 12:34:26 - [TEST_STEP][PASSED] - callTestCase(findTestCase("Components/HighlightInputField"), ["InputFldName":"structPlans"], STOP_ON_FAILURE): Call Test Case 'Test Cases/Components/HighlightInputField' successfully

2020-05-27 12:34:26 - [TEST_CASE][PASSED] - Test Cases/Components/HighlightInputField: Test Cases/Components/HighlightInputField

2020-05-27 12:34:26 - [TEST_STEP][PASSED] - Thread.sleep(1000): null

2020-05-27 12:34:27 - [TEST_STEP][PASSED] - modifiedLblNm = modifyObjectProperty(findTestObject("Objects.HighlightElements/input_field"), "name", "equals", InputFldName, true): Modify property of object successfully

2020-05-27 12:34:27 - [MESSAGE][PASSED] - Modify property of object successfully

2020-05-27 12:34:27 - [TEST_STEP][PASSED] - com.reusableComponents.HighlightElement.run(modifiedLblNm): com.reusableComponents.HighlightElement.run is PASSED

2020-05-27 12:34:28 - [MESSAGE][PASSED] - com.reusableComponents.HighlightElement.run is PASSED

2020-05-27 12:34:28 - [MESSAGE][PASSED] - Call Test Case 'Test Cases/Components/HighlightInputField' successfully

2020-05-27 12:34:28 - [TEST_STEP][PASSED] - callTestCase(findTestCase("PFI Precision and Scale/PFI Components/VerifyDefaultValue"), ["FieldNm":"structPlans"], STOP_ON_FAILURE): Call Test Case 'Test Cases/PFI Precision and Scale/PFI Components/VerifyDefaultValue' successfully

2020-05-27 12:34:28 - [TEST_CASE][PASSED] - Test Cases/PFI Precision and Scale/PFI Components/VerifyDefaultValue: Test Cases/PFI Precision and Scale/PFI Components/VerifyDefaultValue

2020-05-27 12:34:28 - [TEST_STEP][PASSED] - Thread.sleep(1000): null

2020-05-27 12:34:29 - [TEST_STEP][PASSED] - NewFieldNm = modifyObjectProperty(findTestObject("Objects.HighlightElements/input_field"), "name", "equals", FieldNm, true): Modify property of object successfully

2020-05-27 12:34:29 - [MESSAGE][PASSED] - Modify property of object successfully

2020-05-27 12:34:29 - [TEST_STEP][PASSED] - focus(NewFieldNm): Object: 'Object Repository/Objects.HighlightElements/input_field' is focused

2020-05-27 12:34:30 - [MESSAGE][PASSED] - Object: 'Object Repository/Objects.HighlightElements/input_field' is focused

2020-05-27 12:34:30 - [TEST_STEP][PASSED] - DefVal = getAttribute(NewFieldNm, "value", STOP_ON_FAILURE): Attribute 'value' of object 'Object Repository/Objects.HighlightElements/input_field' is: ''

2020-05-27 12:34:30 - [MESSAGE][PASSED] - Attribute 'value' of object 'Object Repository/Objects.HighlightElements/input_field' is: ''

2020-05-27 12:34:30 - [TEST_STEP][PASSED] - switch (FieldNm): null

2020-05-27 12:34:30 - [TEST_STEP][PASSED] - Default: null

2020-05-27 12:34:30 - [TEST_STEP][PASSED] - verifyMatch(DefVal, "", true): Actual text '' and expected text '' are matched  using regular expression

2020-05-27 12:34:30 - [MESSAGE][PASSED] - Actual text '' and expected text '' are matched  using regular expression

2020-05-27 12:34:30 - [TEST_STEP][PASSED] - break: null

2020-05-27 12:34:30 - [MESSAGE][PASSED] - Call Test Case 'Test Cases/PFI Precision and Scale/PFI Components/VerifyDefaultValue' successfully

2020-05-27 12:34:30 - [TEST_STEP][PASSED] - callTestCase(findTestCase("PFI Precision and Scale/PFI Components/VerifyDropdownValues"), ["FldNm":"structPlans", "CallTCName":"PFI Precision and Scale/PFI Components/PFILetterTemplate", "cmbNm":"GenerateNotice", ... ], STOP_ON_FAILURE): Call Test Case 'Test Cases/PFI Precision and Scale/PFI Components/VerifyDropdownValues' successfully

2020-05-27 12:34:30 - [TEST_CASE][PASSED] - Test Cases/PFI Precision and Scale/PFI Components/VerifyDropdownValues: Test Cases/PFI Precision and Scale/PFI Components/VerifyDropdownValues

2020-05-27 12:34:30 - [TEST_STEP][PASSED] - Thread.sleep(1000): null

2020-05-27 12:34:31 - [TEST_STEP][PASSED] - NewInputNmField = modifyObjectProperty(findTestObject("Objects.HighlightElements/input_field"), "name", "equals", FldNm, true): Modify property of object successfully

2020-05-27 12:34:31 - [MESSAGE][PASSED] - Modify property of object successfully

2020-05-27 12:34:31 - [TEST_STEP][PASSED] - comboNm = cmbNm: null

2020-05-27 12:34:31 - [TEST_STEP][PASSED] - focus(NewInputNmField): Object: 'Object Repository/Objects.HighlightElements/input_field' is focused

2020-05-27 12:34:31 - [MESSAGE][PASSED] - Object: 'Object Repository/Objects.HighlightElements/input_field' is focused

2020-05-27 12:34:31 - [TEST_STEP][PASSED] - setText(NewInputNmField, EnterValue): Text '' is set on object 'Object Repository/Objects.HighlightElements/input_field'

2020-05-27 12:34:32 - [MESSAGE][PASSED] - Text '' is set on object 'Object Repository/Objects.HighlightElements/input_field'

2020-05-27 12:34:32 - [TEST_STEP][PASSED] - for ([i = 1, i <= NoOfVal, (i++)]): Keys 'DOWN + ' sent to object: 'Object Repository/Objects.HighlightElements/input_field'

2020-05-27 12:34:32 - [TEST_STEP][PASSED] - sendKeys(NewInputNmField, Keys.chord(ARROW_DOWN)): Keys 'DOWN + ' sent to object: 'Object Repository/Objects.HighlightElements/input_field'

2020-05-27 12:34:32 - [MESSAGE][PASSED] - Keys 'DOWN + ' sent to object: 'Object Repository/Objects.HighlightElements/input_field'

2020-05-27 12:34:32 - [TEST_STEP][PASSED] - delay(DelayTime): Delayed 0 second(s)

2020-05-27 12:34:32 - [MESSAGE][PASSED] - Delayed 0 second(s)

2020-05-27 12:34:32 - [TEST_STEP][PASSED] - sendKeys(NewInputNmField, Keys.chord(ENTER)): Keys 'ENTER + ' sent to object: 'Object Repository/Objects.HighlightElements/input_field'

2020-05-27 12:34:33 - [MESSAGE][PASSED] - Keys 'ENTER + ' sent to object: 'Object Repository/Objects.HighlightElements/input_field'

2020-05-27 12:34:33 - [TEST_STEP][PASSED] - ComboBoxValue = getAttribute(NewInputNmField, "value"): Attribute 'value' of object 'Object Repository/Objects.HighlightElements/input_field' is: 'with structural plans'

2020-05-27 12:34:33 - [MESSAGE][PASSED] - Attribute 'value' of object 'Object Repository/Objects.HighlightElements/input_field' is: 'with structural plans'

2020-05-27 12:34:33 - [TEST_STEP][PASSED] - callTestCase(findTestCase(CallTCName), ["FindValue":ComboBoxValue, "DropdownNm":comboNm], STOP_ON_FAILURE): Call Test Case 'Test Cases/PFI Precision and Scale/PFI Components/PFILetterTemplate' successfully

2020-05-27 12:34:33 - [TEST_CASE][PASSED] - Test Cases/PFI Precision and Scale/PFI Components/PFILetterTemplate: Test Cases/PFI Precision and Scale/PFI Components/PFILetterTemplate

2020-05-27 12:34:33 - [TEST_STEP][PASSED] - PFILetterTemplateTBL = [1:["Reminder":"Ministry Of Health"], 2:["Reminder":"Reminder Free Format Letter"], 3:["Reminder":"Reminder 1 (SF_ESID_SIS/SL-REM1)"], ... ]: null

2020-05-27 12:34:33 - [TEST_STEP][PASSED] - switch (DropdownNm): null

2020-05-27 12:34:33 - [TEST_STEP][PASSED] - case "GenerateNotice":: null

2020-05-27 12:34:33 - [TEST_STEP][PASSED] - ValueFound = PFILetterTemplateTBL.find({ -> ... }): null

2020-05-27 12:34:33 - [TEST_STEP][PASSED] - break: null

2020-05-27 12:34:33 - [MESSAGE][PASSED] - Call Test Case 'Test Cases/PFI Precision and Scale/PFI Components/PFILetterTemplate' successfully

2020-05-27 12:34:33 - [TEST_STEP][PASSED] - println(ValueFound): null

2020-05-27 12:34:33 - [TEST_STEP][PASSED] - sendKeys(NewInputNmField, Keys.chord(ARROW_DOWN)): Keys 'DOWN + ' sent to object: 'Object Repository/Objects.HighlightElements/input_field'

2020-05-27 12:34:34 - [MESSAGE][PASSED] - Keys 'DOWN + ' sent to object: 'Object Repository/Objects.HighlightElements/input_field'

2020-05-27 12:34:34 - [TEST_STEP][PASSED] - sendKeys(NewInputNmField, Keys.chord(ARROW_DOWN)): Keys 'DOWN + ' sent to object: 'Object Repository/Objects.HighlightElements/input_field'

2020-05-27 12:34:34 - [MESSAGE][PASSED] - Keys 'DOWN + ' sent to object: 'Object Repository/Objects.HighlightElements/input_field'

2020-05-27 12:34:34 - [TEST_STEP][PASSED] - delay(DelayTime): Delayed 0 second(s)

2020-05-27 12:34:34 - [MESSAGE][PASSED] - Delayed 0 second(s)

2020-05-27 12:34:34 - [TEST_STEP][PASSED] - sendKeys(NewInputNmField, Keys.chord(ENTER)): Keys 'ENTER + ' sent to object: 'Object Repository/Objects.HighlightElements/input_field'

2020-05-27 12:34:35 - [MESSAGE][PASSED] - Keys 'ENTER + ' sent to object: 'Object Repository/Objects.HighlightElements/input_field'

2020-05-27 12:34:35 - [TEST_STEP][PASSED] - ComboBoxValue = getAttribute(NewInputNmField, "value"): Attribute 'value' of object 'Object Repository/Objects.HighlightElements/input_field' is: 'without structral plans'

2020-05-27 12:34:35 - [MESSAGE][PASSED] - Attribute 'value' of object 'Object Repository/Objects.HighlightElements/input_field' is: 'without structral plans'

2020-05-27 12:34:35 - [TEST_STEP][PASSED] - callTestCase(findTestCase(CallTCName), ["FindValue":ComboBoxValue, "DropdownNm":comboNm], STOP_ON_FAILURE): Call Test Case 'Test Cases/PFI Precision and Scale/PFI Components/PFILetterTemplate' successfully

2020-05-27 12:34:35 - [TEST_CASE][PASSED] - Test Cases/PFI Precision and Scale/PFI Components/PFILetterTemplate: Test Cases/PFI Precision and Scale/PFI Components/PFILetterTemplate

2020-05-27 12:34:35 - [TEST_STEP][PASSED] - PFILetterTemplateTBL = [1:["Reminder":"Ministry Of Health"], 2:["Reminder":"Reminder Free Format Letter"], 3:["Reminder":"Reminder 1 (SF_ESID_SIS/SL-REM1)"], ... ]: null

2020-05-27 12:34:35 - [TEST_STEP][PASSED] - switch (DropdownNm): null

2020-05-27 12:34:35 - [TEST_STEP][PASSED] - case "GenerateNotice":: null

2020-05-27 12:34:35 - [TEST_STEP][PASSED] - ValueFound = PFILetterTemplateTBL.find({ -> ... }): null

2020-05-27 12:34:35 - [TEST_STEP][PASSED] - break: null

2020-05-27 12:34:35 - [MESSAGE][PASSED] - Call Test Case 'Test Cases/PFI Precision and Scale/PFI Components/PFILetterTemplate' successfully

2020-05-27 12:34:35 - [TEST_STEP][PASSED] - println(ValueFound): null

2020-05-27 12:34:35 - [TEST_STEP][PASSED] - sendKeys(NewInputNmField, Keys.chord(ARROW_DOWN)): Keys 'DOWN + ' sent to object: 'Object Repository/Objects.HighlightElements/input_field'

2020-05-27 12:34:35 - [MESSAGE][PASSED] - Keys 'DOWN + ' sent to object: 'Object Repository/Objects.HighlightElements/input_field'

2020-05-27 12:34:35 - [TEST_STEP][PASSED] - sendKeys(NewInputNmField, Keys.chord(ENTER)): Keys 'ENTER + ' sent to object: 'Object Repository/Objects.HighlightElements/input_field'

2020-05-27 12:34:36 - [MESSAGE][PASSED] - Keys 'ENTER + ' sent to object: 'Object Repository/Objects.HighlightElements/input_field'

2020-05-27 12:34:36 - [MESSAGE][PASSED] - Call Test Case 'Test Cases/PFI Precision and Scale/PFI Components/VerifyDropdownValues' successfully

2020-05-27 12:34:36 - [TEST_STEP][NOT_RUN] - callTestCase(findTestCase("Components/Logout"), ["LogoutPageTextToBeVerified":findTestData("ISPS2 Test Data").getValue("HomeBanner", 1)], STOP_ON_FAILURE): NOT_RUN: callTestCase(findTestCase("Components/Logout"), ["LogoutPageTextToBeVerified":findTestData("ISPS2 Test Data").getValue("HomeBanner", 1)], STOP_ON_FAILURE)

2020-05-27 12:34:36 - [MESSAGE][NOT_RUN] - NOT_RUN: callTestCase(findTestCase("Components/Logout"), ["LogoutPageTextToBeVerified":findTestData("ISPS2 Test Data").getValue("HomeBanner", 1)], STOP_ON_FAILURE)]]></system-out>
         <system-err><![CDATA[]]></system-err>
      </testcase>
      <testcase name="Test Cases/PFI Precision and Scale/PFI Test Cases/PFI.ReminderLHS" time="82.958" classname="Test Cases/PFI Precision and Scale/PFI Test Cases/PFI.ReminderLHS" status="PASSED">
         <system-out><![CDATA[2020-05-27 12:34:36 - [TEST_CASE][PASSED] - Test Cases/PFI Precision and Scale/PFI Test Cases/PFI.ReminderLHS: Test Cases/PFI Precision and Scale/PFI Test Cases/PFI.ReminderLHS

2020-05-27 12:34:36 - [TEST_STEP][NOT_RUN] - callTestCase(findTestCase("Components/LoginV2.0"), ["LinkToBeUsed":findTestData("ISPS2 Test Data").getValue("URL", 1), "LoginPageTextToBeVerified":findTestData("ISPS2 Test Data").getValue("HomeBanner", 1), ... ], STOP_ON_FAILURE): NOT_RUN: callTestCase(findTestCase("Components/LoginV2.0"), ["LinkToBeUsed":findTestData("ISPS2 Test Data").getValue("URL", 1), "LoginPageTextToBeVerified":findTestData("ISPS2 Test Data").getValue("HomeBanner", 1), ... ], STOP_ON_FAILURE)

2020-05-27 12:34:36 - [MESSAGE][NOT_RUN] - NOT_RUN: callTestCase(findTestCase("Components/LoginV2.0"), ["LinkToBeUsed":findTestData("ISPS2 Test Data").getValue("URL", 1), "LoginPageTextToBeVerified":findTestData("ISPS2 Test Data").getValue("HomeBanner", 1), ... ], STOP_ON_FAILURE)

2020-05-27 12:34:36 - [TEST_STEP][NOT_RUN] - callTestCase(findTestCase("Components/NavigateToHomepageHeaders"), ["headerText":"My Tasks"], STOP_ON_FAILURE): NOT_RUN: callTestCase(findTestCase("Components/NavigateToHomepageHeaders"), ["headerText":"My Tasks"], STOP_ON_FAILURE)

2020-05-27 12:34:36 - [MESSAGE][NOT_RUN] - NOT_RUN: callTestCase(findTestCase("Components/NavigateToHomepageHeaders"), ["headerText":"My Tasks"], STOP_ON_FAILURE)

2020-05-27 12:34:36 - [TEST_STEP][NOT_RUN] - callTestCase(findTestCase("Components/Filter"), ["taskDescription":"Process Case (SM)"], STOP_ON_FAILURE): NOT_RUN: callTestCase(findTestCase("Components/Filter"), ["taskDescription":"Process Case (SM)"], STOP_ON_FAILURE)

2020-05-27 12:34:36 - [MESSAGE][NOT_RUN] - NOT_RUN: callTestCase(findTestCase("Components/Filter"), ["taskDescription":"Process Case (SM)"], STOP_ON_FAILURE)

2020-05-27 12:34:36 - [TEST_STEP][NOT_RUN] - callTestCase(findTestCase("Components/ClickLinkDependingOnTextAndIndex"), ["linkName":"Process Case (SM)", "index":"3"], STOP_ON_FAILURE): NOT_RUN: callTestCase(findTestCase("Components/ClickLinkDependingOnTextAndIndex"), ["linkName":"Process Case (SM)", "index":"3"], STOP_ON_FAILURE)

2020-05-27 12:34:36 - [MESSAGE][NOT_RUN] - NOT_RUN: callTestCase(findTestCase("Components/ClickLinkDependingOnTextAndIndex"), ["linkName":"Process Case (SM)", "index":"3"], STOP_ON_FAILURE)

2020-05-27 12:34:36 - [TEST_STEP][NOT_RUN] - callTestCase(findTestCase("Components/VerifyPageSuccessfullyLoaded"), ["HeaderName":"Summary"], STOP_ON_FAILURE): NOT_RUN: callTestCase(findTestCase("Components/VerifyPageSuccessfullyLoaded"), ["HeaderName":"Summary"], STOP_ON_FAILURE)

2020-05-27 12:34:36 - [MESSAGE][NOT_RUN] - NOT_RUN: callTestCase(findTestCase("Components/VerifyPageSuccessfullyLoaded"), ["HeaderName":"Summary"], STOP_ON_FAILURE)

2020-05-27 12:34:36 - [TEST_STEP][PASSED] - callTestCase(findTestCase("Components/NavigateToAnyLHS"), ["LHS":"Reminder"], STOP_ON_FAILURE): Call Test Case 'Test Cases/Components/NavigateToAnyLHS' successfully

2020-05-27 12:34:36 - [TEST_CASE][PASSED] - Test Cases/Components/NavigateToAnyLHS: Test Cases/Components/NavigateToAnyLHS

2020-05-27 12:34:36 - [TEST_STEP][PASSED] - Thread.sleep(1000): null

2020-05-27 12:34:37 - [TEST_STEP][PASSED] - modifiedLHS = modifyObjectProperty(findTestObject("Objects.NavigateToAnyLHS/Page_ISPS2/LHSToModify"), "text", "equals", LHS, true): Modify property of object successfully

2020-05-27 12:34:37 - [MESSAGE][PASSED] - Modify property of object successfully

2020-05-27 12:34:37 - [TEST_STEP][PASSED] - click(modifiedLHS): Object: 'Object Repository/Objects.NavigateToAnyLHS/Page_ISPS2/LHSToModify' is clicked on

2020-05-27 12:34:37 - [MESSAGE][PASSED] - Object: 'Object Repository/Objects.NavigateToAnyLHS/Page_ISPS2/LHSToModify' is clicked on

2020-05-27 12:34:37 - [TEST_STEP][PASSED] - currentLHS = getText(modifiedLHS): Text of object 'Object Repository/Objects.NavigateToAnyLHS/Page_ISPS2/LHSToModify' is: 'Reminder'

2020-05-27 12:34:43 - [MESSAGE][PASSED] - Text of object 'Object Repository/Objects.NavigateToAnyLHS/Page_ISPS2/LHSToModify' is: 'Reminder'

2020-05-27 12:34:43 - [TEST_STEP][PASSED] - Thread.sleep(5000): null

2020-05-27 12:34:48 - [MESSAGE][PASSED] - Call Test Case 'Test Cases/Components/NavigateToAnyLHS' successfully

2020-05-27 12:34:48 - [TEST_STEP][PASSED] - callTestCase(findTestCase("Components/VerifyPageSuccessfullyLoaded"), ["HeaderName":"Reminder"], STOP_ON_FAILURE): Call Test Case 'Test Cases/Components/VerifyPageSuccessfullyLoaded' successfully

2020-05-27 12:34:48 - [TEST_CASE][PASSED] - Test Cases/Components/VerifyPageSuccessfullyLoaded: Test Cases/Components/VerifyPageSuccessfullyLoaded

2020-05-27 12:34:48 - [TEST_STEP][PASSED] - Thread.sleep(3000): null

2020-05-27 12:34:51 - [TEST_STEP][PASSED] - ModifiedHeaderName = modifyObjectProperty(findTestObject("Objects.VerifyPageSuccessfullyLoaded/PageHeader"), "text", "equals", HeaderName, true): Modify property of object successfully

2020-05-27 12:34:51 - [MESSAGE][PASSED] - Modify property of object successfully

2020-05-27 12:34:51 - [TEST_STEP][PASSED] - verifyElementPresent(ModifiedHeaderName, 0): Object 'Object Repository/Objects.VerifyPageSuccessfullyLoaded/PageHeader' is present

2020-05-27 12:34:51 - [MESSAGE][WARNING] - Timeout '0' is invalid. Using default page load timeout: '30'

2020-05-27 12:34:51 - [MESSAGE][PASSED] - Object 'Object Repository/Objects.VerifyPageSuccessfullyLoaded/PageHeader' is present

2020-05-27 12:34:51 - [TEST_STEP][PASSED] - com.reusableComponents.HighlightElement.run(ModifiedHeaderName): com.reusableComponents.HighlightElement.run is PASSED

2020-05-27 12:34:52 - [MESSAGE][PASSED] - com.reusableComponents.HighlightElement.run is PASSED

2020-05-27 12:34:52 - [MESSAGE][PASSED] - Call Test Case 'Test Cases/Components/VerifyPageSuccessfullyLoaded' successfully

2020-05-27 12:34:52 - [TEST_STEP][PASSED] - callTestCase(findTestCase("Components/HighlightLabelIndexField"), ["LblName":"Reminder Type:", "index":1], STOP_ON_FAILURE): Call Test Case 'Test Cases/Components/HighlightLabelIndexField' successfully

2020-05-27 12:34:52 - [TEST_CASE][PASSED] - Test Cases/Components/HighlightLabelIndexField: Test Cases/Components/HighlightLabelIndexField

2020-05-27 12:34:52 - [TEST_STEP][PASSED] - Thread.sleep(1000): null

2020-05-27 12:34:53 - [TEST_STEP][PASSED] - modifiedLblNm = modifyObjectProperty(findTestObject("Object Repository/Objects.HighlightElements/lblField_index"), "xpath", "equals", "(//*[contains(@class,'x-form-item-label-inner') and (text()='" + LblName + "')])[" + index + "]", true): Modify property of object successfully

2020-05-27 12:34:53 - [MESSAGE][PASSED] - Modify property of object successfully

2020-05-27 12:34:53 - [TEST_STEP][PASSED] - com.reusableComponents.HighlightElement.run(modifiedLblNm): com.reusableComponents.HighlightElement.run is PASSED

2020-05-27 12:34:54 - [MESSAGE][PASSED] - com.reusableComponents.HighlightElement.run is PASSED

2020-05-27 12:34:54 - [MESSAGE][PASSED] - Call Test Case 'Test Cases/Components/HighlightLabelIndexField' successfully

2020-05-27 12:34:54 - [TEST_STEP][PASSED] - callTestCase(findTestCase("Components/HighlightInputIndexField"), ["InputName":"reminderType", "index":1], STOP_ON_FAILURE): Call Test Case 'Test Cases/Components/HighlightInputIndexField' successfully

2020-05-27 12:34:54 - [TEST_CASE][PASSED] - Test Cases/Components/HighlightInputIndexField: Test Cases/Components/HighlightInputIndexField

2020-05-27 12:34:54 - [TEST_STEP][PASSED] - Thread.sleep(1000): null

2020-05-27 12:34:55 - [TEST_STEP][PASSED] - modifiedInputFld = modifyObjectProperty(findTestObject("Objects.HighlightElements/input_field_index"), "xpath", "equals", "(//*[contains(@class,'x-form-text') and (@name='" + InputName + "')])[" + index + "]", true): Modify property of object successfully

2020-05-27 12:34:55 - [MESSAGE][PASSED] - Modify property of object successfully

2020-05-27 12:34:55 - [TEST_STEP][PASSED] - com.reusableComponents.HighlightElement.run(modifiedInputFld): com.reusableComponents.HighlightElement.run is PASSED

2020-05-27 12:34:55 - [MESSAGE][PASSED] - com.reusableComponents.HighlightElement.run is PASSED

2020-05-27 12:34:55 - [MESSAGE][PASSED] - Call Test Case 'Test Cases/Components/HighlightInputIndexField' successfully

2020-05-27 12:34:55 - [TEST_STEP][PASSED] - callTestCase(findTestCase("PFI Precision and Scale/PFI Components with Indexing/VerifyDefaultValueIndex"), ["FieldNm":"reminderType", "index":1], STOP_ON_FAILURE): Call Test Case 'Test Cases/PFI Precision and Scale/PFI Components with Indexing/VerifyDefaultValueIndex' successfully

2020-05-27 12:34:56 - [TEST_CASE][PASSED] - Test Cases/PFI Precision and Scale/PFI Components with Indexing/VerifyDefaultValueIndex: Test Cases/PFI Precision and Scale/PFI Components with Indexing/VerifyDefaultValueIndex

2020-05-27 12:34:56 - [TEST_STEP][PASSED] - Thread.sleep(1000): null

2020-05-27 12:34:57 - [TEST_STEP][PASSED] - NewFieldNm = modifyObjectProperty(findTestObject("Object Repository/Objects.HighlightElements/input_field_index"), "xpath", "equals", "(//*[contains(@class,'x-form-text') and (@name='" + FieldNm + "')])[" + index + "]", true): Modify property of object successfully

2020-05-27 12:34:57 - [MESSAGE][PASSED] - Modify property of object successfully

2020-05-27 12:34:57 - [TEST_STEP][PASSED] - focus(NewFieldNm): Object: 'Object Repository/Objects.HighlightElements/input_field_index' is focused

2020-05-27 12:34:57 - [MESSAGE][PASSED] - Object: 'Object Repository/Objects.HighlightElements/input_field_index' is focused

2020-05-27 12:34:57 - [TEST_STEP][PASSED] - DefVal = getAttribute(NewFieldNm, "value", STOP_ON_FAILURE): Attribute 'value' of object 'Object Repository/Objects.HighlightElements/input_field_index' is: ''

2020-05-27 12:34:57 - [MESSAGE][PASSED] - Attribute 'value' of object 'Object Repository/Objects.HighlightElements/input_field_index' is: ''

2020-05-27 12:34:57 - [TEST_STEP][PASSED] - switch (FieldNm): null

2020-05-27 12:34:57 - [TEST_STEP][PASSED] - Default: null

2020-05-27 12:34:57 - [TEST_STEP][PASSED] - verifyMatch(DefVal, "", true): Actual text '' and expected text '' are matched  using regular expression

2020-05-27 12:34:57 - [MESSAGE][PASSED] - Actual text '' and expected text '' are matched  using regular expression

2020-05-27 12:34:57 - [TEST_STEP][PASSED] - break: null

2020-05-27 12:34:57 - [MESSAGE][PASSED] - Call Test Case 'Test Cases/PFI Precision and Scale/PFI Components with Indexing/VerifyDefaultValueIndex' successfully

2020-05-27 12:34:57 - [TEST_STEP][PASSED] - callTestCase(findTestCase("PFI Precision and Scale/PFI Components with Indexing/VerifyDropdownValuesIndex"), ["FldNm":"reminderType", "CallTCName":"PFI Precision and Scale/PFI Components/PFILetterTemplate", "cmbNm":"Reminder", "NoOfVal":9, ... ], STOP_ON_FAILURE): Call Test Case 'Test Cases/PFI Precision and Scale/PFI Components with Indexing/VerifyDropdownValuesIndex' successfully

2020-05-27 12:34:57 - [TEST_CASE][PASSED] - Test Cases/PFI Precision and Scale/PFI Components with Indexing/VerifyDropdownValuesIndex: Test Cases/PFI Precision and Scale/PFI Components with Indexing/VerifyDropdownValuesIndex

2020-05-27 12:34:58 - [TEST_STEP][PASSED] - Thread.sleep(1000): null

2020-05-27 12:34:59 - [TEST_STEP][PASSED] - NewInputNmField = modifyObjectProperty(findTestObject("Object Repository/Objects.HighlightElements/input_field_index"), "xpath", "equals", "(//*[contains(@class,'x-form-text') and (@name='" + FldNm + "')])[" + index + "]", true): Modify property of object successfully

2020-05-27 12:34:59 - [MESSAGE][PASSED] - Modify property of object successfully

2020-05-27 12:34:59 - [TEST_STEP][PASSED] - comboNm = cmbNm: null

2020-05-27 12:34:59 - [TEST_STEP][PASSED] - focus(NewInputNmField): Object: 'Object Repository/Objects.HighlightElements/input_field_index' is focused

2020-05-27 12:34:59 - [MESSAGE][PASSED] - Object: 'Object Repository/Objects.HighlightElements/input_field_index' is focused

2020-05-27 12:34:59 - [TEST_STEP][PASSED] - setText(NewInputNmField, EnterValue): Text '' is set on object 'Object Repository/Objects.HighlightElements/input_field_index'

2020-05-27 12:34:59 - [MESSAGE][PASSED] - Text '' is set on object 'Object Repository/Objects.HighlightElements/input_field_index'

2020-05-27 12:34:59 - [TEST_STEP][PASSED] - for ([i = 1, i <= NoOfVal, (i++)]): Keys 'DOWN + ' sent to object: 'Object Repository/Objects.HighlightElements/input_field_index'

2020-05-27 12:34:59 - [TEST_STEP][PASSED] - sendKeys(NewInputNmField, Keys.chord(ARROW_DOWN)): Keys 'DOWN + ' sent to object: 'Object Repository/Objects.HighlightElements/input_field_index'

2020-05-27 12:35:00 - [MESSAGE][PASSED] - Keys 'DOWN + ' sent to object: 'Object Repository/Objects.HighlightElements/input_field_index'

2020-05-27 12:35:00 - [TEST_STEP][PASSED] - delay(DelayTime): Delayed 5 second(s)

2020-05-27 12:35:05 - [MESSAGE][PASSED] - Delayed 5 second(s)

2020-05-27 12:35:05 - [TEST_STEP][PASSED] - sendKeys(NewInputNmField, Keys.chord(ENTER)): Keys 'ENTER + ' sent to object: 'Object Repository/Objects.HighlightElements/input_field_index'

2020-05-27 12:35:05 - [MESSAGE][PASSED] - Keys 'ENTER + ' sent to object: 'Object Repository/Objects.HighlightElements/input_field_index'

2020-05-27 12:35:05 - [TEST_STEP][PASSED] - ComboBoxValue = getAttribute(NewInputNmField, "value"): Attribute 'value' of object 'Object Repository/Objects.HighlightElements/input_field_index' is: 'Ministry of Health'

2020-05-27 12:35:05 - [MESSAGE][PASSED] - Attribute 'value' of object 'Object Repository/Objects.HighlightElements/input_field_index' is: 'Ministry of Health'

2020-05-27 12:35:05 - [TEST_STEP][PASSED] - callTestCase(findTestCase(CallTCName), ["FindValue":ComboBoxValue, "DropdownNm":comboNm], STOP_ON_FAILURE): Call Test Case 'Test Cases/PFI Precision and Scale/PFI Components/PFILetterTemplate' successfully

2020-05-27 12:35:05 - [TEST_CASE][PASSED] - Test Cases/PFI Precision and Scale/PFI Components/PFILetterTemplate: Test Cases/PFI Precision and Scale/PFI Components/PFILetterTemplate

2020-05-27 12:35:05 - [TEST_STEP][PASSED] - PFILetterTemplateTBL = [1:["Reminder":"Ministry Of Health"], 2:["Reminder":"Reminder Free Format Letter"], 3:["Reminder":"Reminder 1 (SF_ESID_SIS/SL-REM1)"], ... ]: null

2020-05-27 12:35:05 - [TEST_STEP][PASSED] - switch (DropdownNm): null

2020-05-27 12:35:05 - [TEST_STEP][PASSED] - case "Reminder":: null

2020-05-27 12:35:05 - [TEST_STEP][PASSED] - ValueFound = PFILetterTemplateTBL.find({ -> ... }): null

2020-05-27 12:35:05 - [TEST_STEP][PASSED] - break: null

2020-05-27 12:35:05 - [MESSAGE][PASSED] - Call Test Case 'Test Cases/PFI Precision and Scale/PFI Components/PFILetterTemplate' successfully

2020-05-27 12:35:05 - [TEST_STEP][PASSED] - println(ValueFound): null

2020-05-27 12:35:05 - [TEST_STEP][PASSED] - sendKeys(NewInputNmField, Keys.chord(ARROW_DOWN)): Keys 'DOWN + ' sent to object: 'Object Repository/Objects.HighlightElements/input_field_index'

2020-05-27 12:35:06 - [MESSAGE][PASSED] - Keys 'DOWN + ' sent to object: 'Object Repository/Objects.HighlightElements/input_field_index'

2020-05-27 12:35:06 - [TEST_STEP][PASSED] - sendKeys(NewInputNmField, Keys.chord(ARROW_DOWN)): Keys 'DOWN + ' sent to object: 'Object Repository/Objects.HighlightElements/input_field_index'

2020-05-27 12:35:06 - [MESSAGE][PASSED] - Keys 'DOWN + ' sent to object: 'Object Repository/Objects.HighlightElements/input_field_index'

2020-05-27 12:35:06 - [TEST_STEP][PASSED] - delay(DelayTime): Delayed 5 second(s)

2020-05-27 12:35:11 - [MESSAGE][PASSED] - Delayed 5 second(s)

2020-05-27 12:35:11 - [TEST_STEP][PASSED] - sendKeys(NewInputNmField, Keys.chord(ENTER)): Keys 'ENTER + ' sent to object: 'Object Repository/Objects.HighlightElements/input_field_index'

2020-05-27 12:35:11 - [MESSAGE][PASSED] - Keys 'ENTER + ' sent to object: 'Object Repository/Objects.HighlightElements/input_field_index'

2020-05-27 12:35:11 - [TEST_STEP][PASSED] - ComboBoxValue = getAttribute(NewInputNmField, "value"): Attribute 'value' of object 'Object Repository/Objects.HighlightElements/input_field_index' is: 'Reminder Free Format Letter'

2020-05-27 12:35:12 - [MESSAGE][PASSED] - Attribute 'value' of object 'Object Repository/Objects.HighlightElements/input_field_index' is: 'Reminder Free Format Letter'

2020-05-27 12:35:12 - [TEST_STEP][PASSED] - callTestCase(findTestCase(CallTCName), ["FindValue":ComboBoxValue, "DropdownNm":comboNm], STOP_ON_FAILURE): Call Test Case 'Test Cases/PFI Precision and Scale/PFI Components/PFILetterTemplate' successfully

2020-05-27 12:35:12 - [TEST_CASE][PASSED] - Test Cases/PFI Precision and Scale/PFI Components/PFILetterTemplate: Test Cases/PFI Precision and Scale/PFI Components/PFILetterTemplate

2020-05-27 12:35:12 - [TEST_STEP][PASSED] - PFILetterTemplateTBL = [1:["Reminder":"Ministry Of Health"], 2:["Reminder":"Reminder Free Format Letter"], 3:["Reminder":"Reminder 1 (SF_ESID_SIS/SL-REM1)"], ... ]: null

2020-05-27 12:35:12 - [TEST_STEP][PASSED] - switch (DropdownNm): null

2020-05-27 12:35:12 - [TEST_STEP][PASSED] - case "Reminder":: null

2020-05-27 12:35:12 - [TEST_STEP][PASSED] - ValueFound = PFILetterTemplateTBL.find({ -> ... }): null

2020-05-27 12:35:12 - [TEST_STEP][PASSED] - break: null

2020-05-27 12:35:12 - [MESSAGE][PASSED] - Call Test Case 'Test Cases/PFI Precision and Scale/PFI Components/PFILetterTemplate' successfully

2020-05-27 12:35:12 - [TEST_STEP][PASSED] - println(ValueFound): null

2020-05-27 12:35:12 - [TEST_STEP][PASSED] - sendKeys(NewInputNmField, Keys.chord(ARROW_DOWN)): Keys 'DOWN + ' sent to object: 'Object Repository/Objects.HighlightElements/input_field_index'

2020-05-27 12:35:12 - [MESSAGE][PASSED] - Keys 'DOWN + ' sent to object: 'Object Repository/Objects.HighlightElements/input_field_index'

2020-05-27 12:35:12 - [TEST_STEP][PASSED] - sendKeys(NewInputNmField, Keys.chord(ARROW_DOWN)): Keys 'DOWN + ' sent to object: 'Object Repository/Objects.HighlightElements/input_field_index'

2020-05-27 12:35:13 - [MESSAGE][PASSED] - Keys 'DOWN + ' sent to object: 'Object Repository/Objects.HighlightElements/input_field_index'

2020-05-27 12:35:13 - [TEST_STEP][PASSED] - delay(DelayTime): Delayed 5 second(s)

2020-05-27 12:35:18 - [MESSAGE][PASSED] - Delayed 5 second(s)

2020-05-27 12:35:18 - [TEST_STEP][PASSED] - sendKeys(NewInputNmField, Keys.chord(ENTER)): Keys 'ENTER + ' sent to object: 'Object Repository/Objects.HighlightElements/input_field_index'

2020-05-27 12:35:18 - [MESSAGE][PASSED] - Keys 'ENTER + ' sent to object: 'Object Repository/Objects.HighlightElements/input_field_index'

2020-05-27 12:35:18 - [TEST_STEP][PASSED] - ComboBoxValue = getAttribute(NewInputNmField, "value"): Attribute 'value' of object 'Object Repository/Objects.HighlightElements/input_field_index' is: 'Reminder 1 (SF_ESID_SIS/SL-REM1)'

2020-05-27 12:35:18 - [MESSAGE][PASSED] - Attribute 'value' of object 'Object Repository/Objects.HighlightElements/input_field_index' is: 'Reminder 1 (SF_ESID_SIS/SL-REM1)'

2020-05-27 12:35:18 - [TEST_STEP][PASSED] - callTestCase(findTestCase(CallTCName), ["FindValue":ComboBoxValue, "DropdownNm":comboNm], STOP_ON_FAILURE): Call Test Case 'Test Cases/PFI Precision and Scale/PFI Components/PFILetterTemplate' successfully

2020-05-27 12:35:19 - [TEST_CASE][PASSED] - Test Cases/PFI Precision and Scale/PFI Components/PFILetterTemplate: Test Cases/PFI Precision and Scale/PFI Components/PFILetterTemplate

2020-05-27 12:35:19 - [TEST_STEP][PASSED] - PFILetterTemplateTBL = [1:["Reminder":"Ministry Of Health"], 2:["Reminder":"Reminder Free Format Letter"], 3:["Reminder":"Reminder 1 (SF_ESID_SIS/SL-REM1)"], ... ]: null

2020-05-27 12:35:19 - [TEST_STEP][PASSED] - switch (DropdownNm): null

2020-05-27 12:35:19 - [TEST_STEP][PASSED] - case "Reminder":: null

2020-05-27 12:35:19 - [TEST_STEP][PASSED] - ValueFound = PFILetterTemplateTBL.find({ -> ... }): null

2020-05-27 12:35:19 - [TEST_STEP][PASSED] - break: null

2020-05-27 12:35:19 - [MESSAGE][PASSED] - Call Test Case 'Test Cases/PFI Precision and Scale/PFI Components/PFILetterTemplate' successfully

2020-05-27 12:35:19 - [TEST_STEP][PASSED] - println(ValueFound): null

2020-05-27 12:35:19 - [TEST_STEP][PASSED] - sendKeys(NewInputNmField, Keys.chord(ARROW_DOWN)): Keys 'DOWN + ' sent to object: 'Object Repository/Objects.HighlightElements/input_field_index'

2020-05-27 12:35:19 - [MESSAGE][PASSED] - Keys 'DOWN + ' sent to object: 'Object Repository/Objects.HighlightElements/input_field_index'

2020-05-27 12:35:19 - [TEST_STEP][PASSED] - sendKeys(NewInputNmField, Keys.chord(ARROW_DOWN)): Keys 'DOWN + ' sent to object: 'Object Repository/Objects.HighlightElements/input_field_index'

2020-05-27 12:35:19 - [MESSAGE][PASSED] - Keys 'DOWN + ' sent to object: 'Object Repository/Objects.HighlightElements/input_field_index'

2020-05-27 12:35:19 - [TEST_STEP][PASSED] - delay(DelayTime): Delayed 5 second(s)

2020-05-27 12:35:24 - [MESSAGE][PASSED] - Delayed 5 second(s)

2020-05-27 12:35:24 - [TEST_STEP][PASSED] - sendKeys(NewInputNmField, Keys.chord(ENTER)): Keys 'ENTER + ' sent to object: 'Object Repository/Objects.HighlightElements/input_field_index'

2020-05-27 12:35:25 - [MESSAGE][PASSED] - Keys 'ENTER + ' sent to object: 'Object Repository/Objects.HighlightElements/input_field_index'

2020-05-27 12:35:25 - [TEST_STEP][PASSED] - ComboBoxValue = getAttribute(NewInputNmField, "value"): Attribute 'value' of object 'Object Repository/Objects.HighlightElements/input_field_index' is: 'Reminder 1-G (SF_ESID_SIS/SL-REM1-G)'

2020-05-27 12:35:25 - [MESSAGE][PASSED] - Attribute 'value' of object 'Object Repository/Objects.HighlightElements/input_field_index' is: 'Reminder 1-G (SF_ESID_SIS/SL-REM1-G)'

2020-05-27 12:35:25 - [TEST_STEP][PASSED] - callTestCase(findTestCase(CallTCName), ["FindValue":ComboBoxValue, "DropdownNm":comboNm], STOP_ON_FAILURE): Call Test Case 'Test Cases/PFI Precision and Scale/PFI Components/PFILetterTemplate' successfully

2020-05-27 12:35:25 - [TEST_CASE][PASSED] - Test Cases/PFI Precision and Scale/PFI Components/PFILetterTemplate: Test Cases/PFI Precision and Scale/PFI Components/PFILetterTemplate

2020-05-27 12:35:25 - [TEST_STEP][PASSED] - PFILetterTemplateTBL = [1:["Reminder":"Ministry Of Health"], 2:["Reminder":"Reminder Free Format Letter"], 3:["Reminder":"Reminder 1 (SF_ESID_SIS/SL-REM1)"], ... ]: null

2020-05-27 12:35:25 - [TEST_STEP][PASSED] - switch (DropdownNm): null

2020-05-27 12:35:25 - [TEST_STEP][PASSED] - case "Reminder":: null

2020-05-27 12:35:25 - [TEST_STEP][PASSED] - ValueFound = PFILetterTemplateTBL.find({ -> ... }): null

2020-05-27 12:35:25 - [TEST_STEP][PASSED] - break: null

2020-05-27 12:35:25 - [MESSAGE][PASSED] - Call Test Case 'Test Cases/PFI Precision and Scale/PFI Components/PFILetterTemplate' successfully

2020-05-27 12:35:25 - [TEST_STEP][PASSED] - println(ValueFound): null

2020-05-27 12:35:25 - [TEST_STEP][PASSED] - sendKeys(NewInputNmField, Keys.chord(ARROW_DOWN)): Keys 'DOWN + ' sent to object: 'Object Repository/Objects.HighlightElements/input_field_index'

2020-05-27 12:35:25 - [MESSAGE][PASSED] - Keys 'DOWN + ' sent to object: 'Object Repository/Objects.HighlightElements/input_field_index'

2020-05-27 12:35:25 - [TEST_STEP][PASSED] - sendKeys(NewInputNmField, Keys.chord(ARROW_DOWN)): Keys 'DOWN + ' sent to object: 'Object Repository/Objects.HighlightElements/input_field_index'

2020-05-27 12:35:26 - [MESSAGE][PASSED] - Keys 'DOWN + ' sent to object: 'Object Repository/Objects.HighlightElements/input_field_index'

2020-05-27 12:35:26 - [TEST_STEP][PASSED] - delay(DelayTime): Delayed 5 second(s)

2020-05-27 12:35:31 - [MESSAGE][PASSED] - Delayed 5 second(s)

2020-05-27 12:35:31 - [TEST_STEP][PASSED] - sendKeys(NewInputNmField, Keys.chord(ENTER)): Keys 'ENTER + ' sent to object: 'Object Repository/Objects.HighlightElements/input_field_index'

2020-05-27 12:35:31 - [MESSAGE][PASSED] - Keys 'ENTER + ' sent to object: 'Object Repository/Objects.HighlightElements/input_field_index'

2020-05-27 12:35:31 - [TEST_STEP][PASSED] - ComboBoxValue = getAttribute(NewInputNmField, "value"): Attribute 'value' of object 'Object Repository/Objects.HighlightElements/input_field_index' is: 'Reminder 1A (SF_ESID_SIS/SL-REM1A)'

2020-05-27 12:35:32 - [MESSAGE][PASSED] - Attribute 'value' of object 'Object Repository/Objects.HighlightElements/input_field_index' is: 'Reminder 1A (SF_ESID_SIS/SL-REM1A)'

2020-05-27 12:35:32 - [TEST_STEP][PASSED] - callTestCase(findTestCase(CallTCName), ["FindValue":ComboBoxValue, "DropdownNm":comboNm], STOP_ON_FAILURE): Call Test Case 'Test Cases/PFI Precision and Scale/PFI Components/PFILetterTemplate' successfully

2020-05-27 12:35:32 - [TEST_CASE][PASSED] - Test Cases/PFI Precision and Scale/PFI Components/PFILetterTemplate: Test Cases/PFI Precision and Scale/PFI Components/PFILetterTemplate

2020-05-27 12:35:32 - [TEST_STEP][PASSED] - PFILetterTemplateTBL = [1:["Reminder":"Ministry Of Health"], 2:["Reminder":"Reminder Free Format Letter"], 3:["Reminder":"Reminder 1 (SF_ESID_SIS/SL-REM1)"], ... ]: null

2020-05-27 12:35:32 - [TEST_STEP][PASSED] - switch (DropdownNm): null

2020-05-27 12:35:32 - [TEST_STEP][PASSED] - case "Reminder":: null

2020-05-27 12:35:32 - [TEST_STEP][PASSED] - ValueFound = PFILetterTemplateTBL.find({ -> ... }): null

2020-05-27 12:35:32 - [TEST_STEP][PASSED] - break: null

2020-05-27 12:35:32 - [MESSAGE][PASSED] - Call Test Case 'Test Cases/PFI Precision and Scale/PFI Components/PFILetterTemplate' successfully

2020-05-27 12:35:32 - [TEST_STEP][PASSED] - println(ValueFound): null

2020-05-27 12:35:32 - [TEST_STEP][PASSED] - sendKeys(NewInputNmField, Keys.chord(ARROW_DOWN)): Keys 'DOWN + ' sent to object: 'Object Repository/Objects.HighlightElements/input_field_index'

2020-05-27 12:35:32 - [MESSAGE][PASSED] - Keys 'DOWN + ' sent to object: 'Object Repository/Objects.HighlightElements/input_field_index'

2020-05-27 12:35:32 - [TEST_STEP][PASSED] - sendKeys(NewInputNmField, Keys.chord(ARROW_DOWN)): Keys 'DOWN + ' sent to object: 'Object Repository/Objects.HighlightElements/input_field_index'

2020-05-27 12:35:32 - [MESSAGE][PASSED] - Keys 'DOWN + ' sent to object: 'Object Repository/Objects.HighlightElements/input_field_index'

2020-05-27 12:35:32 - [TEST_STEP][PASSED] - delay(DelayTime): Delayed 5 second(s)

2020-05-27 12:35:37 - [MESSAGE][PASSED] - Delayed 5 second(s)

2020-05-27 12:35:37 - [TEST_STEP][PASSED] - sendKeys(NewInputNmField, Keys.chord(ENTER)): Keys 'ENTER + ' sent to object: 'Object Repository/Objects.HighlightElements/input_field_index'

2020-05-27 12:35:38 - [MESSAGE][PASSED] - Keys 'ENTER + ' sent to object: 'Object Repository/Objects.HighlightElements/input_field_index'

2020-05-27 12:35:38 - [TEST_STEP][PASSED] - ComboBoxValue = getAttribute(NewInputNmField, "value"): Attribute 'value' of object 'Object Repository/Objects.HighlightElements/input_field_index' is: 'Reminder 1-M (SF_ESID_SIS/SL-REM1-M)'

2020-05-27 12:35:38 - [MESSAGE][PASSED] - Attribute 'value' of object 'Object Repository/Objects.HighlightElements/input_field_index' is: 'Reminder 1-M (SF_ESID_SIS/SL-REM1-M)'

2020-05-27 12:35:38 - [TEST_STEP][PASSED] - callTestCase(findTestCase(CallTCName), ["FindValue":ComboBoxValue, "DropdownNm":comboNm], STOP_ON_FAILURE): Call Test Case 'Test Cases/PFI Precision and Scale/PFI Components/PFILetterTemplate' successfully

2020-05-27 12:35:38 - [TEST_CASE][PASSED] - Test Cases/PFI Precision and Scale/PFI Components/PFILetterTemplate: Test Cases/PFI Precision and Scale/PFI Components/PFILetterTemplate

2020-05-27 12:35:38 - [TEST_STEP][PASSED] - PFILetterTemplateTBL = [1:["Reminder":"Ministry Of Health"], 2:["Reminder":"Reminder Free Format Letter"], 3:["Reminder":"Reminder 1 (SF_ESID_SIS/SL-REM1)"], ... ]: null

2020-05-27 12:35:38 - [TEST_STEP][PASSED] - switch (DropdownNm): null

2020-05-27 12:35:38 - [TEST_STEP][PASSED] - case "Reminder":: null

2020-05-27 12:35:38 - [TEST_STEP][PASSED] - ValueFound = PFILetterTemplateTBL.find({ -> ... }): null

2020-05-27 12:35:38 - [TEST_STEP][PASSED] - break: null

2020-05-27 12:35:38 - [MESSAGE][PASSED] - Call Test Case 'Test Cases/PFI Precision and Scale/PFI Components/PFILetterTemplate' successfully

2020-05-27 12:35:38 - [TEST_STEP][PASSED] - println(ValueFound): null

2020-05-27 12:35:38 - [TEST_STEP][PASSED] - sendKeys(NewInputNmField, Keys.chord(ARROW_DOWN)): Keys 'DOWN + ' sent to object: 'Object Repository/Objects.HighlightElements/input_field_index'

2020-05-27 12:35:39 - [MESSAGE][PASSED] - Keys 'DOWN + ' sent to object: 'Object Repository/Objects.HighlightElements/input_field_index'

2020-05-27 12:35:39 - [TEST_STEP][PASSED] - sendKeys(NewInputNmField, Keys.chord(ARROW_DOWN)): Keys 'DOWN + ' sent to object: 'Object Repository/Objects.HighlightElements/input_field_index'

2020-05-27 12:35:39 - [MESSAGE][PASSED] - Keys 'DOWN + ' sent to object: 'Object Repository/Objects.HighlightElements/input_field_index'

2020-05-27 12:35:39 - [TEST_STEP][PASSED] - delay(DelayTime): Delayed 5 second(s)

2020-05-27 12:35:44 - [MESSAGE][PASSED] - Delayed 5 second(s)

2020-05-27 12:35:44 - [TEST_STEP][PASSED] - sendKeys(NewInputNmField, Keys.chord(ENTER)): Keys 'ENTER + ' sent to object: 'Object Repository/Objects.HighlightElements/input_field_index'

2020-05-27 12:35:44 - [MESSAGE][PASSED] - Keys 'ENTER + ' sent to object: 'Object Repository/Objects.HighlightElements/input_field_index'

2020-05-27 12:35:44 - [TEST_STEP][PASSED] - ComboBoxValue = getAttribute(NewInputNmField, "value"): Attribute 'value' of object 'Object Repository/Objects.HighlightElements/input_field_index' is: 'Reminder 1A-M (SF_ESID_SIS/SL-REM1A-M)'

2020-05-27 12:35:45 - [MESSAGE][PASSED] - Attribute 'value' of object 'Object Repository/Objects.HighlightElements/input_field_index' is: 'Reminder 1A-M (SF_ESID_SIS/SL-REM1A-M)'

2020-05-27 12:35:45 - [TEST_STEP][PASSED] - callTestCase(findTestCase(CallTCName), ["FindValue":ComboBoxValue, "DropdownNm":comboNm], STOP_ON_FAILURE): Call Test Case 'Test Cases/PFI Precision and Scale/PFI Components/PFILetterTemplate' successfully

2020-05-27 12:35:45 - [TEST_CASE][PASSED] - Test Cases/PFI Precision and Scale/PFI Components/PFILetterTemplate: Test Cases/PFI Precision and Scale/PFI Components/PFILetterTemplate

2020-05-27 12:35:45 - [TEST_STEP][PASSED] - PFILetterTemplateTBL = [1:["Reminder":"Ministry Of Health"], 2:["Reminder":"Reminder Free Format Letter"], 3:["Reminder":"Reminder 1 (SF_ESID_SIS/SL-REM1)"], ... ]: null

2020-05-27 12:35:45 - [TEST_STEP][PASSED] - switch (DropdownNm): null

2020-05-27 12:35:45 - [TEST_STEP][PASSED] - case "Reminder":: null

2020-05-27 12:35:45 - [TEST_STEP][PASSED] - ValueFound = PFILetterTemplateTBL.find({ -> ... }): null

2020-05-27 12:35:45 - [TEST_STEP][PASSED] - break: null

2020-05-27 12:35:45 - [MESSAGE][PASSED] - Call Test Case 'Test Cases/PFI Precision and Scale/PFI Components/PFILetterTemplate' successfully

2020-05-27 12:35:45 - [TEST_STEP][PASSED] - println(ValueFound): null

2020-05-27 12:35:45 - [TEST_STEP][PASSED] - sendKeys(NewInputNmField, Keys.chord(ARROW_DOWN)): Keys 'DOWN + ' sent to object: 'Object Repository/Objects.HighlightElements/input_field_index'

2020-05-27 12:35:45 - [MESSAGE][PASSED] - Keys 'DOWN + ' sent to object: 'Object Repository/Objects.HighlightElements/input_field_index'

2020-05-27 12:35:45 - [TEST_STEP][PASSED] - sendKeys(NewInputNmField, Keys.chord(ARROW_DOWN)): Keys 'DOWN + ' sent to object: 'Object Repository/Objects.HighlightElements/input_field_index'

2020-05-27 12:35:46 - [MESSAGE][PASSED] - Keys 'DOWN + ' sent to object: 'Object Repository/Objects.HighlightElements/input_field_index'

2020-05-27 12:35:46 - [TEST_STEP][PASSED] - delay(DelayTime): Delayed 5 second(s)

2020-05-27 12:35:51 - [MESSAGE][PASSED] - Delayed 5 second(s)

2020-05-27 12:35:51 - [TEST_STEP][PASSED] - sendKeys(NewInputNmField, Keys.chord(ENTER)): Keys 'ENTER + ' sent to object: 'Object Repository/Objects.HighlightElements/input_field_index'

2020-05-27 12:35:51 - [MESSAGE][PASSED] - Keys 'ENTER + ' sent to object: 'Object Repository/Objects.HighlightElements/input_field_index'

2020-05-27 12:35:51 - [TEST_STEP][PASSED] - ComboBoxValue = getAttribute(NewInputNmField, "value"): Attribute 'value' of object 'Object Repository/Objects.HighlightElements/input_field_index' is: 'Reminder 2 (SF_ESID_SIS/SL-REM2)'

2020-05-27 12:35:51 - [MESSAGE][PASSED] - Attribute 'value' of object 'Object Repository/Objects.HighlightElements/input_field_index' is: 'Reminder 2 (SF_ESID_SIS/SL-REM2)'

2020-05-27 12:35:51 - [TEST_STEP][PASSED] - callTestCase(findTestCase(CallTCName), ["FindValue":ComboBoxValue, "DropdownNm":comboNm], STOP_ON_FAILURE): Call Test Case 'Test Cases/PFI Precision and Scale/PFI Components/PFILetterTemplate' successfully

2020-05-27 12:35:51 - [TEST_CASE][PASSED] - Test Cases/PFI Precision and Scale/PFI Components/PFILetterTemplate: Test Cases/PFI Precision and Scale/PFI Components/PFILetterTemplate

2020-05-27 12:35:51 - [TEST_STEP][PASSED] - PFILetterTemplateTBL = [1:["Reminder":"Ministry Of Health"], 2:["Reminder":"Reminder Free Format Letter"], 3:["Reminder":"Reminder 1 (SF_ESID_SIS/SL-REM1)"], ... ]: null

2020-05-27 12:35:51 - [TEST_STEP][PASSED] - switch (DropdownNm): null

2020-05-27 12:35:51 - [TEST_STEP][PASSED] - case "Reminder":: null

2020-05-27 12:35:51 - [TEST_STEP][PASSED] - ValueFound = PFILetterTemplateTBL.find({ -> ... }): null

2020-05-27 12:35:51 - [TEST_STEP][PASSED] - break: null

2020-05-27 12:35:51 - [MESSAGE][PASSED] - Call Test Case 'Test Cases/PFI Precision and Scale/PFI Components/PFILetterTemplate' successfully

2020-05-27 12:35:51 - [TEST_STEP][PASSED] - println(ValueFound): null

2020-05-27 12:35:51 - [TEST_STEP][PASSED] - sendKeys(NewInputNmField, Keys.chord(ARROW_DOWN)): Keys 'DOWN + ' sent to object: 'Object Repository/Objects.HighlightElements/input_field_index'

2020-05-27 12:35:52 - [MESSAGE][PASSED] - Keys 'DOWN + ' sent to object: 'Object Repository/Objects.HighlightElements/input_field_index'

2020-05-27 12:35:52 - [TEST_STEP][PASSED] - sendKeys(NewInputNmField, Keys.chord(ARROW_DOWN)): Keys 'DOWN + ' sent to object: 'Object Repository/Objects.HighlightElements/input_field_index'

2020-05-27 12:35:52 - [MESSAGE][PASSED] - Keys 'DOWN + ' sent to object: 'Object Repository/Objects.HighlightElements/input_field_index'

2020-05-27 12:35:52 - [TEST_STEP][PASSED] - delay(DelayTime): Delayed 5 second(s)

2020-05-27 12:35:57 - [MESSAGE][PASSED] - Delayed 5 second(s)

2020-05-27 12:35:57 - [TEST_STEP][PASSED] - sendKeys(NewInputNmField, Keys.chord(ENTER)): Keys 'ENTER + ' sent to object: 'Object Repository/Objects.HighlightElements/input_field_index'

2020-05-27 12:35:58 - [MESSAGE][PASSED] - Keys 'ENTER + ' sent to object: 'Object Repository/Objects.HighlightElements/input_field_index'

2020-05-27 12:35:58 - [TEST_STEP][PASSED] - ComboBoxValue = getAttribute(NewInputNmField, "value"): Attribute 'value' of object 'Object Repository/Objects.HighlightElements/input_field_index' is: 'Reminder 2-G (SF_ESID_SIS/SL-REM2-G)'

2020-05-27 12:35:58 - [MESSAGE][PASSED] - Attribute 'value' of object 'Object Repository/Objects.HighlightElements/input_field_index' is: 'Reminder 2-G (SF_ESID_SIS/SL-REM2-G)'

2020-05-27 12:35:58 - [TEST_STEP][PASSED] - callTestCase(findTestCase(CallTCName), ["FindValue":ComboBoxValue, "DropdownNm":comboNm], STOP_ON_FAILURE): Call Test Case 'Test Cases/PFI Precision and Scale/PFI Components/PFILetterTemplate' successfully

2020-05-27 12:35:58 - [TEST_CASE][PASSED] - Test Cases/PFI Precision and Scale/PFI Components/PFILetterTemplate: Test Cases/PFI Precision and Scale/PFI Components/PFILetterTemplate

2020-05-27 12:35:58 - [TEST_STEP][PASSED] - PFILetterTemplateTBL = [1:["Reminder":"Ministry Of Health"], 2:["Reminder":"Reminder Free Format Letter"], 3:["Reminder":"Reminder 1 (SF_ESID_SIS/SL-REM1)"], ... ]: null

2020-05-27 12:35:58 - [TEST_STEP][PASSED] - switch (DropdownNm): null

2020-05-27 12:35:58 - [TEST_STEP][PASSED] - case "Reminder":: null

2020-05-27 12:35:58 - [TEST_STEP][PASSED] - ValueFound = PFILetterTemplateTBL.find({ -> ... }): null

2020-05-27 12:35:58 - [TEST_STEP][PASSED] - break: null

2020-05-27 12:35:58 - [MESSAGE][PASSED] - Call Test Case 'Test Cases/PFI Precision and Scale/PFI Components/PFILetterTemplate' successfully

2020-05-27 12:35:58 - [TEST_STEP][PASSED] - println(ValueFound): null

2020-05-27 12:35:58 - [TEST_STEP][PASSED] - sendKeys(NewInputNmField, Keys.chord(ARROW_DOWN)): Keys 'DOWN + ' sent to object: 'Object Repository/Objects.HighlightElements/input_field_index'

2020-05-27 12:35:58 - [MESSAGE][PASSED] - Keys 'DOWN + ' sent to object: 'Object Repository/Objects.HighlightElements/input_field_index'

2020-05-27 12:35:58 - [TEST_STEP][PASSED] - sendKeys(NewInputNmField, Keys.chord(ENTER)): Keys 'ENTER + ' sent to object: 'Object Repository/Objects.HighlightElements/input_field_index'

2020-05-27 12:35:59 - [MESSAGE][PASSED] - Keys 'ENTER + ' sent to object: 'Object Repository/Objects.HighlightElements/input_field_index'

2020-05-27 12:35:59 - [MESSAGE][PASSED] - Call Test Case 'Test Cases/PFI Precision and Scale/PFI Components with Indexing/VerifyDropdownValuesIndex' successfully

2020-05-27 12:35:59 - [TEST_STEP][NOT_RUN] - callTestCase(findTestCase("Components/Logout"), ["LogoutPageTextToBeVerified":findTestData("ISPS2 Test Data").getValue("HomeBanner", 1)], STOP_ON_FAILURE): NOT_RUN: callTestCase(findTestCase("Components/Logout"), ["LogoutPageTextToBeVerified":findTestData("ISPS2 Test Data").getValue("HomeBanner", 1)], STOP_ON_FAILURE)

2020-05-27 12:35:59 - [MESSAGE][NOT_RUN] - NOT_RUN: callTestCase(findTestCase("Components/Logout"), ["LogoutPageTextToBeVerified":findTestData("ISPS2 Test Data").getValue("HomeBanner", 1)], STOP_ON_FAILURE)]]></system-out>
         <system-err><![CDATA[]]></system-err>
      </testcase>
      <testcase name="Test Cases/PFI Precision and Scale/PFI Test Cases/PFI.RecommendLHS" time="135.194" classname="Test Cases/PFI Precision and Scale/PFI Test Cases/PFI.RecommendLHS" status="PASSED">
         <system-out><![CDATA[2020-05-27 12:35:59 - [TEST_CASE][PASSED] - Test Cases/PFI Precision and Scale/PFI Test Cases/PFI.RecommendLHS: Test Cases/PFI Precision and Scale/PFI Test Cases/PFI.RecommendLHS

2020-05-27 12:35:59 - [TEST_STEP][NOT_RUN] - callTestCase(findTestCase("Components/LoginV2.0"), ["LinkToBeUsed":findTestData("ISPS2 Test Data").getValue("URL", 1), "LoginPageTextToBeVerified":findTestData("ISPS2 Test Data").getValue("HomeBanner", 1), ... ], STOP_ON_FAILURE): NOT_RUN: callTestCase(findTestCase("Components/LoginV2.0"), ["LinkToBeUsed":findTestData("ISPS2 Test Data").getValue("URL", 1), "LoginPageTextToBeVerified":findTestData("ISPS2 Test Data").getValue("HomeBanner", 1), ... ], STOP_ON_FAILURE)

2020-05-27 12:35:59 - [MESSAGE][NOT_RUN] - NOT_RUN: callTestCase(findTestCase("Components/LoginV2.0"), ["LinkToBeUsed":findTestData("ISPS2 Test Data").getValue("URL", 1), "LoginPageTextToBeVerified":findTestData("ISPS2 Test Data").getValue("HomeBanner", 1), ... ], STOP_ON_FAILURE)

2020-05-27 12:35:59 - [TEST_STEP][NOT_RUN] - callTestCase(findTestCase("Components/NavigateToHomepageHeaders"), ["headerText":"My Tasks"], STOP_ON_FAILURE): NOT_RUN: callTestCase(findTestCase("Components/NavigateToHomepageHeaders"), ["headerText":"My Tasks"], STOP_ON_FAILURE)

2020-05-27 12:35:59 - [MESSAGE][NOT_RUN] - NOT_RUN: callTestCase(findTestCase("Components/NavigateToHomepageHeaders"), ["headerText":"My Tasks"], STOP_ON_FAILURE)

2020-05-27 12:35:59 - [TEST_STEP][NOT_RUN] - callTestCase(findTestCase("Components/Filter"), ["taskDescription":"Process Case (SM)"], STOP_ON_FAILURE): NOT_RUN: callTestCase(findTestCase("Components/Filter"), ["taskDescription":"Process Case (SM)"], STOP_ON_FAILURE)

2020-05-27 12:35:59 - [MESSAGE][NOT_RUN] - NOT_RUN: callTestCase(findTestCase("Components/Filter"), ["taskDescription":"Process Case (SM)"], STOP_ON_FAILURE)

2020-05-27 12:35:59 - [TEST_STEP][NOT_RUN] - callTestCase(findTestCase("Components/ClickLinkDependingOnTextAndIndex"), ["linkName":"Process Case (SM)", "index":"3"], STOP_ON_FAILURE): NOT_RUN: callTestCase(findTestCase("Components/ClickLinkDependingOnTextAndIndex"), ["linkName":"Process Case (SM)", "index":"3"], STOP_ON_FAILURE)

2020-05-27 12:35:59 - [MESSAGE][NOT_RUN] - NOT_RUN: callTestCase(findTestCase("Components/ClickLinkDependingOnTextAndIndex"), ["linkName":"Process Case (SM)", "index":"3"], STOP_ON_FAILURE)

2020-05-27 12:35:59 - [TEST_STEP][NOT_RUN] - callTestCase(findTestCase("Components/VerifyPageSuccessfullyLoaded"), ["HeaderName":"Summary"], STOP_ON_FAILURE): NOT_RUN: callTestCase(findTestCase("Components/VerifyPageSuccessfullyLoaded"), ["HeaderName":"Summary"], STOP_ON_FAILURE)

2020-05-27 12:35:59 - [MESSAGE][NOT_RUN] - NOT_RUN: callTestCase(findTestCase("Components/VerifyPageSuccessfullyLoaded"), ["HeaderName":"Summary"], STOP_ON_FAILURE)

2020-05-27 12:35:59 - [TEST_STEP][PASSED] - callTestCase(findTestCase("Components/NavigateToAnyLHS"), ["LHS":"Recommend"], STOP_ON_FAILURE): Call Test Case 'Test Cases/Components/NavigateToAnyLHS' successfully

2020-05-27 12:35:59 - [TEST_CASE][PASSED] - Test Cases/Components/NavigateToAnyLHS: Test Cases/Components/NavigateToAnyLHS

2020-05-27 12:35:59 - [TEST_STEP][PASSED] - Thread.sleep(1000): null

2020-05-27 12:36:00 - [TEST_STEP][PASSED] - modifiedLHS = modifyObjectProperty(findTestObject("Objects.NavigateToAnyLHS/Page_ISPS2/LHSToModify"), "text", "equals", LHS, true): Modify property of object successfully

2020-05-27 12:36:00 - [MESSAGE][PASSED] - Modify property of object successfully

2020-05-27 12:36:00 - [TEST_STEP][PASSED] - click(modifiedLHS): Object: 'Object Repository/Objects.NavigateToAnyLHS/Page_ISPS2/LHSToModify' is clicked on

2020-05-27 12:36:00 - [MESSAGE][PASSED] - Object: 'Object Repository/Objects.NavigateToAnyLHS/Page_ISPS2/LHSToModify' is clicked on

2020-05-27 12:36:00 - [TEST_STEP][PASSED] - currentLHS = getText(modifiedLHS): Text of object 'Object Repository/Objects.NavigateToAnyLHS/Page_ISPS2/LHSToModify' is: 'Recommend'

2020-05-27 12:36:02 - [MESSAGE][PASSED] - Text of object 'Object Repository/Objects.NavigateToAnyLHS/Page_ISPS2/LHSToModify' is: 'Recommend'

2020-05-27 12:36:02 - [TEST_STEP][PASSED] - Thread.sleep(5000): null

2020-05-27 12:36:07 - [MESSAGE][PASSED] - Call Test Case 'Test Cases/Components/NavigateToAnyLHS' successfully

2020-05-27 12:36:07 - [TEST_STEP][PASSED] - callTestCase(findTestCase("Components/VerifyPageSuccessfullyLoadedII"), ["PageNm":"Recommend"], STOP_ON_FAILURE): Call Test Case 'Test Cases/Components/VerifyPageSuccessfullyLoadedII' successfully

2020-05-27 12:36:07 - [TEST_CASE][PASSED] - Test Cases/Components/VerifyPageSuccessfullyLoadedII: Test Cases/Components/VerifyPageSuccessfullyLoadedII

2020-05-27 12:36:07 - [TEST_STEP][PASSED] - Thread.sleep(1000): null

2020-05-27 12:36:08 - [TEST_STEP][PASSED] - modifiedInputFld = modifyObjectProperty(findTestObject("Object Repository/Objects.VerifyPageSuccessfullyLoaded/PageHeaderIndex"), "xpath", "equals", "//*[contains(@class,'isps-page-title') and (text()='" + PageNm + "')]", true): Modify property of object successfully

2020-05-27 12:36:09 - [MESSAGE][PASSED] - Modify property of object successfully

2020-05-27 12:36:09 - [TEST_STEP][PASSED] - com.reusableComponents.HighlightElement.run(modifiedInputFld): com.reusableComponents.HighlightElement.run is PASSED

2020-05-27 12:36:09 - [MESSAGE][PASSED] - com.reusableComponents.HighlightElement.run is PASSED

2020-05-27 12:36:09 - [MESSAGE][PASSED] - Call Test Case 'Test Cases/Components/VerifyPageSuccessfullyLoadedII' successfully

2020-05-27 12:36:09 - [TEST_STEP][PASSED] - callTestCase(findTestCase("Components/HighlightLabelFieldXPI"), ["LblName":"Recommend To", "index":6], STOP_ON_FAILURE): Call Test Case 'Test Cases/Components/HighlightLabelFieldXPI' successfully

2020-05-27 12:36:09 - [TEST_CASE][PASSED] - Test Cases/Components/HighlightLabelFieldXPI: Test Cases/Components/HighlightLabelFieldXPI

2020-05-27 12:36:09 - [TEST_STEP][PASSED] - Thread.sleep(1000): null

2020-05-27 12:36:10 - [TEST_STEP][PASSED] - modifiedLblNm = modifyObjectProperty(findTestObject("Object Repository/Objects.HighlightElements/lblField_index"), "xpath", "equals", "(//*[contains(@class, 'x-form-item-label-inner x-form-item-label-inner-default') and contains(., '" + LblName + "')])[" + index + "]", true): Modify property of object successfully

2020-05-27 12:36:10 - [MESSAGE][PASSED] - Modify property of object successfully

2020-05-27 12:36:10 - [TEST_STEP][PASSED] - com.reusableComponents.HighlightElement.run(modifiedLblNm): com.reusableComponents.HighlightElement.run is PASSED

2020-05-27 12:36:11 - [MESSAGE][PASSED] - com.reusableComponents.HighlightElement.run is PASSED

2020-05-27 12:36:11 - [MESSAGE][PASSED] - Call Test Case 'Test Cases/Components/HighlightLabelFieldXPI' successfully

2020-05-27 12:36:11 - [TEST_STEP][PASSED] - callTestCase(findTestCase("Components/HighlightInputIndexField"), ["InputName":"psiRecommendTo", "index":2], STOP_ON_FAILURE): Call Test Case 'Test Cases/Components/HighlightInputIndexField' successfully

2020-05-27 12:36:11 - [TEST_CASE][PASSED] - Test Cases/Components/HighlightInputIndexField: Test Cases/Components/HighlightInputIndexField

2020-05-27 12:36:11 - [TEST_STEP][PASSED] - Thread.sleep(1000): null

2020-05-27 12:36:12 - [TEST_STEP][PASSED] - modifiedInputFld = modifyObjectProperty(findTestObject("Objects.HighlightElements/input_field_index"), "xpath", "equals", "(//*[contains(@class,'x-form-text') and (@name='" + InputName + "')])[" + index + "]", true): Modify property of object successfully

2020-05-27 12:36:12 - [MESSAGE][PASSED] - Modify property of object successfully

2020-05-27 12:36:12 - [TEST_STEP][PASSED] - com.reusableComponents.HighlightElement.run(modifiedInputFld): com.reusableComponents.HighlightElement.run is PASSED

2020-05-27 12:36:13 - [MESSAGE][PASSED] - com.reusableComponents.HighlightElement.run is PASSED

2020-05-27 12:36:13 - [MESSAGE][PASSED] - Call Test Case 'Test Cases/Components/HighlightInputIndexField' successfully

2020-05-27 12:36:13 - [TEST_STEP][PASSED] - callTestCase(findTestCase("PFI Precision and Scale/PFI Components with Indexing/VerifyDropdownValuesIndex"), ["FldNm":"psiRecommendTo", "CallTCName":"PFI Precision and Scale/PFI Components/OfficerLists", "cmbNm":"", "NoOfVal":27, "DelayTime":0, ... ], STOP_ON_FAILURE): Call Test Case 'Test Cases/PFI Precision and Scale/PFI Components with Indexing/VerifyDropdownValuesIndex' successfully

2020-05-27 12:36:13 - [TEST_CASE][PASSED] - Test Cases/PFI Precision and Scale/PFI Components with Indexing/VerifyDropdownValuesIndex: Test Cases/PFI Precision and Scale/PFI Components with Indexing/VerifyDropdownValuesIndex

2020-05-27 12:36:13 - [TEST_STEP][PASSED] - Thread.sleep(1000): null

2020-05-27 12:36:14 - [TEST_STEP][PASSED] - NewInputNmField = modifyObjectProperty(findTestObject("Object Repository/Objects.HighlightElements/input_field_index"), "xpath", "equals", "(//*[contains(@class,'x-form-text') and (@name='" + FldNm + "')])[" + index + "]", true): Modify property of object successfully

2020-05-27 12:36:14 - [MESSAGE][PASSED] - Modify property of object successfully

2020-05-27 12:36:14 - [TEST_STEP][PASSED] - comboNm = cmbNm: null

2020-05-27 12:36:14 - [TEST_STEP][PASSED] - focus(NewInputNmField): Object: 'Object Repository/Objects.HighlightElements/input_field_index' is focused

2020-05-27 12:36:14 - [MESSAGE][PASSED] - Object: 'Object Repository/Objects.HighlightElements/input_field_index' is focused

2020-05-27 12:36:14 - [TEST_STEP][PASSED] - setText(NewInputNmField, EnterValue): Text '' is set on object 'Object Repository/Objects.HighlightElements/input_field_index'

2020-05-27 12:36:15 - [MESSAGE][PASSED] - Text '' is set on object 'Object Repository/Objects.HighlightElements/input_field_index'

2020-05-27 12:36:15 - [TEST_STEP][PASSED] - for ([i = 1, i <= NoOfVal, (i++)]): Keys 'DOWN + ' sent to object: 'Object Repository/Objects.HighlightElements/input_field_index'

2020-05-27 12:36:15 - [TEST_STEP][PASSED] - sendKeys(NewInputNmField, Keys.chord(ARROW_DOWN)): Keys 'DOWN + ' sent to object: 'Object Repository/Objects.HighlightElements/input_field_index'

2020-05-27 12:36:15 - [MESSAGE][PASSED] - Keys 'DOWN + ' sent to object: 'Object Repository/Objects.HighlightElements/input_field_index'

2020-05-27 12:36:15 - [TEST_STEP][PASSED] - delay(DelayTime): Delayed 0 second(s)

2020-05-27 12:36:15 - [MESSAGE][PASSED] - Delayed 0 second(s)

2020-05-27 12:36:15 - [TEST_STEP][PASSED] - sendKeys(NewInputNmField, Keys.chord(ENTER)): Keys 'ENTER + ' sent to object: 'Object Repository/Objects.HighlightElements/input_field_index'

2020-05-27 12:36:15 - [MESSAGE][PASSED] - Keys 'ENTER + ' sent to object: 'Object Repository/Objects.HighlightElements/input_field_index'

2020-05-27 12:36:15 - [TEST_STEP][PASSED] - ComboBoxValue = getAttribute(NewInputNmField, "value"): Attribute 'value' of object 'Object Repository/Objects.HighlightElements/input_field_index' is: 'Aaron Sham Wai Lun (AARON)'

2020-05-27 12:36:16 - [MESSAGE][PASSED] - Attribute 'value' of object 'Object Repository/Objects.HighlightElements/input_field_index' is: 'Aaron Sham Wai Lun (AARON)'

2020-05-27 12:36:16 - [TEST_STEP][PASSED] - callTestCase(findTestCase(CallTCName), ["FindValue":ComboBoxValue, "DropdownNm":comboNm], STOP_ON_FAILURE): Call Test Case 'Test Cases/PFI Precision and Scale/PFI Components/OfficerLists' successfully

2020-05-27 12:36:16 - [TEST_CASE][PASSED] - Test Cases/PFI Precision and Scale/PFI Components/OfficerLists: Test Cases/PFI Precision and Scale/PFI Components/OfficerLists

2020-05-27 12:36:16 - [TEST_STEP][PASSED] - Thread.sleep(1000): null

2020-05-27 12:36:17 - [TEST_STEP][PASSED] - OfficerLists = [1:"Aaron Sham Wai Lun (AARON)", 2:"Azidah Bte Akmad (Mdm) (USAABD)", 3:"Chung Fong Nyen (USACFN)", 4:"David Tey Dah Wei (DAHWEI)", ... ]: null

2020-05-27 12:36:17 - [TEST_STEP][PASSED] - ValueFound = OfficerLists.find({ -> ... }): null

2020-05-27 12:36:17 - [MESSAGE][PASSED] - Call Test Case 'Test Cases/PFI Precision and Scale/PFI Components/OfficerLists' successfully

2020-05-27 12:36:17 - [TEST_STEP][PASSED] - println(ValueFound): null

2020-05-27 12:36:17 - [TEST_STEP][PASSED] - sendKeys(NewInputNmField, Keys.chord(ARROW_DOWN)): Keys 'DOWN + ' sent to object: 'Object Repository/Objects.HighlightElements/input_field_index'

2020-05-27 12:36:17 - [MESSAGE][PASSED] - Keys 'DOWN + ' sent to object: 'Object Repository/Objects.HighlightElements/input_field_index'

2020-05-27 12:36:17 - [TEST_STEP][PASSED] - sendKeys(NewInputNmField, Keys.chord(ARROW_DOWN)): Keys 'DOWN + ' sent to object: 'Object Repository/Objects.HighlightElements/input_field_index'

2020-05-27 12:36:18 - [MESSAGE][PASSED] - Keys 'DOWN + ' sent to object: 'Object Repository/Objects.HighlightElements/input_field_index'

2020-05-27 12:36:18 - [TEST_STEP][PASSED] - delay(DelayTime): Delayed 0 second(s)

2020-05-27 12:36:18 - [MESSAGE][PASSED] - Delayed 0 second(s)

2020-05-27 12:36:18 - [TEST_STEP][PASSED] - sendKeys(NewInputNmField, Keys.chord(ENTER)): Keys 'ENTER + ' sent to object: 'Object Repository/Objects.HighlightElements/input_field_index'

2020-05-27 12:36:18 - [MESSAGE][PASSED] - Keys 'ENTER + ' sent to object: 'Object Repository/Objects.HighlightElements/input_field_index'

2020-05-27 12:36:18 - [TEST_STEP][PASSED] - ComboBoxValue = getAttribute(NewInputNmField, "value"): Attribute 'value' of object 'Object Repository/Objects.HighlightElements/input_field_index' is: 'Azidah Bte Akmad (Mdm) (USAABD)'

2020-05-27 12:36:19 - [MESSAGE][PASSED] - Attribute 'value' of object 'Object Repository/Objects.HighlightElements/input_field_index' is: 'Azidah Bte Akmad (Mdm) (USAABD)'

2020-05-27 12:36:19 - [TEST_STEP][PASSED] - callTestCase(findTestCase(CallTCName), ["FindValue":ComboBoxValue, "DropdownNm":comboNm], STOP_ON_FAILURE): Call Test Case 'Test Cases/PFI Precision and Scale/PFI Components/OfficerLists' successfully

2020-05-27 12:36:19 - [TEST_CASE][PASSED] - Test Cases/PFI Precision and Scale/PFI Components/OfficerLists: Test Cases/PFI Precision and Scale/PFI Components/OfficerLists

2020-05-27 12:36:19 - [TEST_STEP][PASSED] - Thread.sleep(1000): null

2020-05-27 12:36:20 - [TEST_STEP][PASSED] - OfficerLists = [1:"Aaron Sham Wai Lun (AARON)", 2:"Azidah Bte Akmad (Mdm) (USAABD)", 3:"Chung Fong Nyen (USACFN)", 4:"David Tey Dah Wei (DAHWEI)", ... ]: null

2020-05-27 12:36:20 - [TEST_STEP][PASSED] - ValueFound = OfficerLists.find({ -> ... }): null

2020-05-27 12:36:20 - [MESSAGE][PASSED] - Call Test Case 'Test Cases/PFI Precision and Scale/PFI Components/OfficerLists' successfully

2020-05-27 12:36:20 - [TEST_STEP][PASSED] - println(ValueFound): null

2020-05-27 12:36:20 - [TEST_STEP][PASSED] - sendKeys(NewInputNmField, Keys.chord(ARROW_DOWN)): Keys 'DOWN + ' sent to object: 'Object Repository/Objects.HighlightElements/input_field_index'

2020-05-27 12:36:20 - [MESSAGE][PASSED] - Keys 'DOWN + ' sent to object: 'Object Repository/Objects.HighlightElements/input_field_index'

2020-05-27 12:36:20 - [TEST_STEP][PASSED] - sendKeys(NewInputNmField, Keys.chord(ARROW_DOWN)): Keys 'DOWN + ' sent to object: 'Object Repository/Objects.HighlightElements/input_field_index'

2020-05-27 12:36:21 - [MESSAGE][PASSED] - Keys 'DOWN + ' sent to object: 'Object Repository/Objects.HighlightElements/input_field_index'

2020-05-27 12:36:21 - [TEST_STEP][PASSED] - delay(DelayTime): Delayed 0 second(s)

2020-05-27 12:36:21 - [MESSAGE][PASSED] - Delayed 0 second(s)

2020-05-27 12:36:21 - [TEST_STEP][PASSED] - sendKeys(NewInputNmField, Keys.chord(ENTER)): Keys 'ENTER + ' sent to object: 'Object Repository/Objects.HighlightElements/input_field_index'

2020-05-27 12:36:21 - [MESSAGE][PASSED] - Keys 'ENTER + ' sent to object: 'Object Repository/Objects.HighlightElements/input_field_index'

2020-05-27 12:36:21 - [TEST_STEP][PASSED] - ComboBoxValue = getAttribute(NewInputNmField, "value"): Attribute 'value' of object 'Object Repository/Objects.HighlightElements/input_field_index' is: 'Chua Bee Tee (BEETEE)'

2020-05-27 12:36:22 - [MESSAGE][PASSED] - Attribute 'value' of object 'Object Repository/Objects.HighlightElements/input_field_index' is: 'Chua Bee Tee (BEETEE)'

2020-05-27 12:36:22 - [TEST_STEP][PASSED] - callTestCase(findTestCase(CallTCName), ["FindValue":ComboBoxValue, "DropdownNm":comboNm], STOP_ON_FAILURE): Call Test Case 'Test Cases/PFI Precision and Scale/PFI Components/OfficerLists' successfully

2020-05-27 12:36:22 - [TEST_CASE][PASSED] - Test Cases/PFI Precision and Scale/PFI Components/OfficerLists: Test Cases/PFI Precision and Scale/PFI Components/OfficerLists

2020-05-27 12:36:22 - [TEST_STEP][PASSED] - Thread.sleep(1000): null

2020-05-27 12:36:23 - [TEST_STEP][PASSED] - OfficerLists = [1:"Aaron Sham Wai Lun (AARON)", 2:"Azidah Bte Akmad (Mdm) (USAABD)", 3:"Chung Fong Nyen (USACFN)", 4:"David Tey Dah Wei (DAHWEI)", ... ]: null

2020-05-27 12:36:23 - [TEST_STEP][PASSED] - ValueFound = OfficerLists.find({ -> ... }): null

2020-05-27 12:36:23 - [MESSAGE][PASSED] - Call Test Case 'Test Cases/PFI Precision and Scale/PFI Components/OfficerLists' successfully

2020-05-27 12:36:23 - [TEST_STEP][PASSED] - println(ValueFound): null

2020-05-27 12:36:23 - [TEST_STEP][PASSED] - sendKeys(NewInputNmField, Keys.chord(ARROW_DOWN)): Keys 'DOWN + ' sent to object: 'Object Repository/Objects.HighlightElements/input_field_index'

2020-05-27 12:36:23 - [MESSAGE][PASSED] - Keys 'DOWN + ' sent to object: 'Object Repository/Objects.HighlightElements/input_field_index'

2020-05-27 12:36:23 - [TEST_STEP][PASSED] - sendKeys(NewInputNmField, Keys.chord(ARROW_DOWN)): Keys 'DOWN + ' sent to object: 'Object Repository/Objects.HighlightElements/input_field_index'

2020-05-27 12:36:24 - [MESSAGE][PASSED] - Keys 'DOWN + ' sent to object: 'Object Repository/Objects.HighlightElements/input_field_index'

2020-05-27 12:36:24 - [TEST_STEP][PASSED] - delay(DelayTime): Delayed 0 second(s)

2020-05-27 12:36:24 - [MESSAGE][PASSED] - Delayed 0 second(s)

2020-05-27 12:36:24 - [TEST_STEP][PASSED] - sendKeys(NewInputNmField, Keys.chord(ENTER)): Keys 'ENTER + ' sent to object: 'Object Repository/Objects.HighlightElements/input_field_index'

2020-05-27 12:36:24 - [MESSAGE][PASSED] - Keys 'ENTER + ' sent to object: 'Object Repository/Objects.HighlightElements/input_field_index'

2020-05-27 12:36:24 - [TEST_STEP][PASSED] - ComboBoxValue = getAttribute(NewInputNmField, "value"): Attribute 'value' of object 'Object Repository/Objects.HighlightElements/input_field_index' is: 'Chung Fong Nyen (USACFN)'

2020-05-27 12:36:25 - [MESSAGE][PASSED] - Attribute 'value' of object 'Object Repository/Objects.HighlightElements/input_field_index' is: 'Chung Fong Nyen (USACFN)'

2020-05-27 12:36:25 - [TEST_STEP][PASSED] - callTestCase(findTestCase(CallTCName), ["FindValue":ComboBoxValue, "DropdownNm":comboNm], STOP_ON_FAILURE): Call Test Case 'Test Cases/PFI Precision and Scale/PFI Components/OfficerLists' successfully

2020-05-27 12:36:25 - [TEST_CASE][PASSED] - Test Cases/PFI Precision and Scale/PFI Components/OfficerLists: Test Cases/PFI Precision and Scale/PFI Components/OfficerLists

2020-05-27 12:36:25 - [TEST_STEP][PASSED] - Thread.sleep(1000): null

2020-05-27 12:36:26 - [TEST_STEP][PASSED] - OfficerLists = [1:"Aaron Sham Wai Lun (AARON)", 2:"Azidah Bte Akmad (Mdm) (USAABD)", 3:"Chung Fong Nyen (USACFN)", 4:"David Tey Dah Wei (DAHWEI)", ... ]: null

2020-05-27 12:36:26 - [TEST_STEP][PASSED] - ValueFound = OfficerLists.find({ -> ... }): null

2020-05-27 12:36:26 - [MESSAGE][PASSED] - Call Test Case 'Test Cases/PFI Precision and Scale/PFI Components/OfficerLists' successfully

2020-05-27 12:36:26 - [TEST_STEP][PASSED] - println(ValueFound): null

2020-05-27 12:36:26 - [TEST_STEP][PASSED] - sendKeys(NewInputNmField, Keys.chord(ARROW_DOWN)): Keys 'DOWN + ' sent to object: 'Object Repository/Objects.HighlightElements/input_field_index'

2020-05-27 12:36:26 - [MESSAGE][PASSED] - Keys 'DOWN + ' sent to object: 'Object Repository/Objects.HighlightElements/input_field_index'

2020-05-27 12:36:26 - [TEST_STEP][PASSED] - sendKeys(NewInputNmField, Keys.chord(ARROW_DOWN)): Keys 'DOWN + ' sent to object: 'Object Repository/Objects.HighlightElements/input_field_index'

2020-05-27 12:36:26 - [MESSAGE][PASSED] - Keys 'DOWN + ' sent to object: 'Object Repository/Objects.HighlightElements/input_field_index'

2020-05-27 12:36:26 - [TEST_STEP][PASSED] - delay(DelayTime): Delayed 0 second(s)

2020-05-27 12:36:26 - [MESSAGE][PASSED] - Delayed 0 second(s)

2020-05-27 12:36:26 - [TEST_STEP][PASSED] - sendKeys(NewInputNmField, Keys.chord(ENTER)): Keys 'ENTER + ' sent to object: 'Object Repository/Objects.HighlightElements/input_field_index'

2020-05-27 12:36:27 - [MESSAGE][PASSED] - Keys 'ENTER + ' sent to object: 'Object Repository/Objects.HighlightElements/input_field_index'

2020-05-27 12:36:27 - [TEST_STEP][PASSED] - ComboBoxValue = getAttribute(NewInputNmField, "value"): Attribute 'value' of object 'Object Repository/Objects.HighlightElements/input_field_index' is: 'David Tey Dah Wei (DAHWEI)'

2020-05-27 12:36:27 - [MESSAGE][PASSED] - Attribute 'value' of object 'Object Repository/Objects.HighlightElements/input_field_index' is: 'David Tey Dah Wei (DAHWEI)'

2020-05-27 12:36:27 - [TEST_STEP][PASSED] - callTestCase(findTestCase(CallTCName), ["FindValue":ComboBoxValue, "DropdownNm":comboNm], STOP_ON_FAILURE): Call Test Case 'Test Cases/PFI Precision and Scale/PFI Components/OfficerLists' successfully

2020-05-27 12:36:27 - [TEST_CASE][PASSED] - Test Cases/PFI Precision and Scale/PFI Components/OfficerLists: Test Cases/PFI Precision and Scale/PFI Components/OfficerLists

2020-05-27 12:36:27 - [TEST_STEP][PASSED] - Thread.sleep(1000): null

2020-05-27 12:36:28 - [TEST_STEP][PASSED] - OfficerLists = [1:"Aaron Sham Wai Lun (AARON)", 2:"Azidah Bte Akmad (Mdm) (USAABD)", 3:"Chung Fong Nyen (USACFN)", 4:"David Tey Dah Wei (DAHWEI)", ... ]: null

2020-05-27 12:36:28 - [TEST_STEP][PASSED] - ValueFound = OfficerLists.find({ -> ... }): null

2020-05-27 12:36:28 - [MESSAGE][PASSED] - Call Test Case 'Test Cases/PFI Precision and Scale/PFI Components/OfficerLists' successfully

2020-05-27 12:36:28 - [TEST_STEP][PASSED] - println(ValueFound): null

2020-05-27 12:36:28 - [TEST_STEP][PASSED] - sendKeys(NewInputNmField, Keys.chord(ARROW_DOWN)): Keys 'DOWN + ' sent to object: 'Object Repository/Objects.HighlightElements/input_field_index'

2020-05-27 12:36:29 - [MESSAGE][PASSED] - Keys 'DOWN + ' sent to object: 'Object Repository/Objects.HighlightElements/input_field_index'

2020-05-27 12:36:29 - [TEST_STEP][PASSED] - sendKeys(NewInputNmField, Keys.chord(ARROW_DOWN)): Keys 'DOWN + ' sent to object: 'Object Repository/Objects.HighlightElements/input_field_index'

2020-05-27 12:36:30 - [MESSAGE][PASSED] - Keys 'DOWN + ' sent to object: 'Object Repository/Objects.HighlightElements/input_field_index'

2020-05-27 12:36:30 - [TEST_STEP][PASSED] - delay(DelayTime): Delayed 0 second(s)

2020-05-27 12:36:30 - [MESSAGE][PASSED] - Delayed 0 second(s)

2020-05-27 12:36:30 - [TEST_STEP][PASSED] - sendKeys(NewInputNmField, Keys.chord(ENTER)): Keys 'ENTER + ' sent to object: 'Object Repository/Objects.HighlightElements/input_field_index'

2020-05-27 12:36:30 - [MESSAGE][PASSED] - Keys 'ENTER + ' sent to object: 'Object Repository/Objects.HighlightElements/input_field_index'

2020-05-27 12:36:30 - [TEST_STEP][PASSED] - ComboBoxValue = getAttribute(NewInputNmField, "value"): Attribute 'value' of object 'Object Repository/Objects.HighlightElements/input_field_index' is: 'Han Wann Kuang (WANNKUANG)'

2020-05-27 12:36:31 - [MESSAGE][PASSED] - Attribute 'value' of object 'Object Repository/Objects.HighlightElements/input_field_index' is: 'Han Wann Kuang (WANNKUANG)'

2020-05-27 12:36:31 - [TEST_STEP][PASSED] - callTestCase(findTestCase(CallTCName), ["FindValue":ComboBoxValue, "DropdownNm":comboNm], STOP_ON_FAILURE): Call Test Case 'Test Cases/PFI Precision and Scale/PFI Components/OfficerLists' successfully

2020-05-27 12:36:31 - [TEST_CASE][PASSED] - Test Cases/PFI Precision and Scale/PFI Components/OfficerLists: Test Cases/PFI Precision and Scale/PFI Components/OfficerLists

2020-05-27 12:36:31 - [TEST_STEP][PASSED] - Thread.sleep(1000): null

2020-05-27 12:36:32 - [TEST_STEP][PASSED] - OfficerLists = [1:"Aaron Sham Wai Lun (AARON)", 2:"Azidah Bte Akmad (Mdm) (USAABD)", 3:"Chung Fong Nyen (USACFN)", 4:"David Tey Dah Wei (DAHWEI)", ... ]: null

2020-05-27 12:36:32 - [TEST_STEP][PASSED] - ValueFound = OfficerLists.find({ -> ... }): null

2020-05-27 12:36:32 - [MESSAGE][PASSED] - Call Test Case 'Test Cases/PFI Precision and Scale/PFI Components/OfficerLists' successfully

2020-05-27 12:36:32 - [TEST_STEP][PASSED] - println(ValueFound): null

2020-05-27 12:36:32 - [TEST_STEP][PASSED] - sendKeys(NewInputNmField, Keys.chord(ARROW_DOWN)): Keys 'DOWN + ' sent to object: 'Object Repository/Objects.HighlightElements/input_field_index'

2020-05-27 12:36:32 - [MESSAGE][PASSED] - Keys 'DOWN + ' sent to object: 'Object Repository/Objects.HighlightElements/input_field_index'

2020-05-27 12:36:32 - [TEST_STEP][PASSED] - sendKeys(NewInputNmField, Keys.chord(ARROW_DOWN)): Keys 'DOWN + ' sent to object: 'Object Repository/Objects.HighlightElements/input_field_index'

2020-05-27 12:36:33 - [MESSAGE][PASSED] - Keys 'DOWN + ' sent to object: 'Object Repository/Objects.HighlightElements/input_field_index'

2020-05-27 12:36:33 - [TEST_STEP][PASSED] - delay(DelayTime): Delayed 0 second(s)

2020-05-27 12:36:33 - [MESSAGE][PASSED] - Delayed 0 second(s)

2020-05-27 12:36:33 - [TEST_STEP][PASSED] - sendKeys(NewInputNmField, Keys.chord(ENTER)): Keys 'ENTER + ' sent to object: 'Object Repository/Objects.HighlightElements/input_field_index'

2020-05-27 12:36:33 - [MESSAGE][PASSED] - Keys 'ENTER + ' sent to object: 'Object Repository/Objects.HighlightElements/input_field_index'

2020-05-27 12:36:33 - [TEST_STEP][PASSED] - ComboBoxValue = getAttribute(NewInputNmField, "value"): Attribute 'value' of object 'Object Repository/Objects.HighlightElements/input_field_index' is: 'Ho Tze Siang (TZESIANG)'

2020-05-27 12:36:34 - [MESSAGE][PASSED] - Attribute 'value' of object 'Object Repository/Objects.HighlightElements/input_field_index' is: 'Ho Tze Siang (TZESIANG)'

2020-05-27 12:36:34 - [TEST_STEP][PASSED] - callTestCase(findTestCase(CallTCName), ["FindValue":ComboBoxValue, "DropdownNm":comboNm], STOP_ON_FAILURE): Call Test Case 'Test Cases/PFI Precision and Scale/PFI Components/OfficerLists' successfully

2020-05-27 12:36:34 - [TEST_CASE][PASSED] - Test Cases/PFI Precision and Scale/PFI Components/OfficerLists: Test Cases/PFI Precision and Scale/PFI Components/OfficerLists

2020-05-27 12:36:34 - [TEST_STEP][PASSED] - Thread.sleep(1000): null

2020-05-27 12:36:35 - [TEST_STEP][PASSED] - OfficerLists = [1:"Aaron Sham Wai Lun (AARON)", 2:"Azidah Bte Akmad (Mdm) (USAABD)", 3:"Chung Fong Nyen (USACFN)", 4:"David Tey Dah Wei (DAHWEI)", ... ]: null

2020-05-27 12:36:35 - [TEST_STEP][PASSED] - ValueFound = OfficerLists.find({ -> ... }): null

2020-05-27 12:36:35 - [MESSAGE][PASSED] - Call Test Case 'Test Cases/PFI Precision and Scale/PFI Components/OfficerLists' successfully

2020-05-27 12:36:35 - [TEST_STEP][PASSED] - println(ValueFound): null

2020-05-27 12:36:35 - [TEST_STEP][PASSED] - sendKeys(NewInputNmField, Keys.chord(ARROW_DOWN)): Keys 'DOWN + ' sent to object: 'Object Repository/Objects.HighlightElements/input_field_index'

2020-05-27 12:36:35 - [MESSAGE][PASSED] - Keys 'DOWN + ' sent to object: 'Object Repository/Objects.HighlightElements/input_field_index'

2020-05-27 12:36:35 - [TEST_STEP][PASSED] - sendKeys(NewInputNmField, Keys.chord(ARROW_DOWN)): Keys 'DOWN + ' sent to object: 'Object Repository/Objects.HighlightElements/input_field_index'

2020-05-27 12:36:35 - [MESSAGE][PASSED] - Keys 'DOWN + ' sent to object: 'Object Repository/Objects.HighlightElements/input_field_index'

2020-05-27 12:36:35 - [TEST_STEP][PASSED] - delay(DelayTime): Delayed 0 second(s)

2020-05-27 12:36:35 - [MESSAGE][PASSED] - Delayed 0 second(s)

2020-05-27 12:36:35 - [TEST_STEP][PASSED] - sendKeys(NewInputNmField, Keys.chord(ENTER)): Keys 'ENTER + ' sent to object: 'Object Repository/Objects.HighlightElements/input_field_index'

2020-05-27 12:36:36 - [MESSAGE][PASSED] - Keys 'ENTER + ' sent to object: 'Object Repository/Objects.HighlightElements/input_field_index'

2020-05-27 12:36:36 - [TEST_STEP][PASSED] - ComboBoxValue = getAttribute(NewInputNmField, "value"): Attribute 'value' of object 'Object Repository/Objects.HighlightElements/input_field_index' is: 'Ho-Chan Vun Ching (USAHVC)'

2020-05-27 12:36:36 - [MESSAGE][PASSED] - Attribute 'value' of object 'Object Repository/Objects.HighlightElements/input_field_index' is: 'Ho-Chan Vun Ching (USAHVC)'

2020-05-27 12:36:36 - [TEST_STEP][PASSED] - callTestCase(findTestCase(CallTCName), ["FindValue":ComboBoxValue, "DropdownNm":comboNm], STOP_ON_FAILURE): Call Test Case 'Test Cases/PFI Precision and Scale/PFI Components/OfficerLists' successfully

2020-05-27 12:36:36 - [TEST_CASE][PASSED] - Test Cases/PFI Precision and Scale/PFI Components/OfficerLists: Test Cases/PFI Precision and Scale/PFI Components/OfficerLists

2020-05-27 12:36:36 - [TEST_STEP][PASSED] - Thread.sleep(1000): null

2020-05-27 12:36:37 - [TEST_STEP][PASSED] - OfficerLists = [1:"Aaron Sham Wai Lun (AARON)", 2:"Azidah Bte Akmad (Mdm) (USAABD)", 3:"Chung Fong Nyen (USACFN)", 4:"David Tey Dah Wei (DAHWEI)", ... ]: null

2020-05-27 12:36:37 - [TEST_STEP][PASSED] - ValueFound = OfficerLists.find({ -> ... }): null

2020-05-27 12:36:37 - [MESSAGE][PASSED] - Call Test Case 'Test Cases/PFI Precision and Scale/PFI Components/OfficerLists' successfully

2020-05-27 12:36:37 - [TEST_STEP][PASSED] - println(ValueFound): null

2020-05-27 12:36:37 - [TEST_STEP][PASSED] - sendKeys(NewInputNmField, Keys.chord(ARROW_DOWN)): Keys 'DOWN + ' sent to object: 'Object Repository/Objects.HighlightElements/input_field_index'

2020-05-27 12:36:38 - [MESSAGE][PASSED] - Keys 'DOWN + ' sent to object: 'Object Repository/Objects.HighlightElements/input_field_index'

2020-05-27 12:36:38 - [TEST_STEP][PASSED] - sendKeys(NewInputNmField, Keys.chord(ARROW_DOWN)): Keys 'DOWN + ' sent to object: 'Object Repository/Objects.HighlightElements/input_field_index'

2020-05-27 12:36:38 - [MESSAGE][PASSED] - Keys 'DOWN + ' sent to object: 'Object Repository/Objects.HighlightElements/input_field_index'

2020-05-27 12:36:38 - [TEST_STEP][PASSED] - delay(DelayTime): Delayed 0 second(s)

2020-05-27 12:36:38 - [MESSAGE][PASSED] - Delayed 0 second(s)

2020-05-27 12:36:38 - [TEST_STEP][PASSED] - sendKeys(NewInputNmField, Keys.chord(ENTER)): Keys 'ENTER + ' sent to object: 'Object Repository/Objects.HighlightElements/input_field_index'

2020-05-27 12:36:39 - [MESSAGE][PASSED] - Keys 'ENTER + ' sent to object: 'Object Repository/Objects.HighlightElements/input_field_index'

2020-05-27 12:36:39 - [TEST_STEP][PASSED] - ComboBoxValue = getAttribute(NewInputNmField, "value"): Attribute 'value' of object 'Object Repository/Objects.HighlightElements/input_field_index' is: 'Janet Lee Choon Hong (JANETCHOON)'

2020-05-27 12:36:39 - [MESSAGE][PASSED] - Attribute 'value' of object 'Object Repository/Objects.HighlightElements/input_field_index' is: 'Janet Lee Choon Hong (JANETCHOON)'

2020-05-27 12:36:39 - [TEST_STEP][PASSED] - callTestCase(findTestCase(CallTCName), ["FindValue":ComboBoxValue, "DropdownNm":comboNm], STOP_ON_FAILURE): Call Test Case 'Test Cases/PFI Precision and Scale/PFI Components/OfficerLists' successfully

2020-05-27 12:36:39 - [TEST_CASE][PASSED] - Test Cases/PFI Precision and Scale/PFI Components/OfficerLists: Test Cases/PFI Precision and Scale/PFI Components/OfficerLists

2020-05-27 12:36:39 - [TEST_STEP][PASSED] - Thread.sleep(1000): null

2020-05-27 12:36:40 - [TEST_STEP][PASSED] - OfficerLists = [1:"Aaron Sham Wai Lun (AARON)", 2:"Azidah Bte Akmad (Mdm) (USAABD)", 3:"Chung Fong Nyen (USACFN)", 4:"David Tey Dah Wei (DAHWEI)", ... ]: null

2020-05-27 12:36:40 - [TEST_STEP][PASSED] - ValueFound = OfficerLists.find({ -> ... }): null

2020-05-27 12:36:40 - [MESSAGE][PASSED] - Call Test Case 'Test Cases/PFI Precision and Scale/PFI Components/OfficerLists' successfully

2020-05-27 12:36:40 - [TEST_STEP][PASSED] - println(ValueFound): null

2020-05-27 12:36:40 - [TEST_STEP][PASSED] - sendKeys(NewInputNmField, Keys.chord(ARROW_DOWN)): Keys 'DOWN + ' sent to object: 'Object Repository/Objects.HighlightElements/input_field_index'

2020-05-27 12:36:40 - [MESSAGE][PASSED] - Keys 'DOWN + ' sent to object: 'Object Repository/Objects.HighlightElements/input_field_index'

2020-05-27 12:36:40 - [TEST_STEP][PASSED] - sendKeys(NewInputNmField, Keys.chord(ARROW_DOWN)): Keys 'DOWN + ' sent to object: 'Object Repository/Objects.HighlightElements/input_field_index'

2020-05-27 12:36:41 - [MESSAGE][PASSED] - Keys 'DOWN + ' sent to object: 'Object Repository/Objects.HighlightElements/input_field_index'

2020-05-27 12:36:41 - [TEST_STEP][PASSED] - delay(DelayTime): Delayed 0 second(s)

2020-05-27 12:36:41 - [MESSAGE][PASSED] - Delayed 0 second(s)

2020-05-27 12:36:41 - [TEST_STEP][PASSED] - sendKeys(NewInputNmField, Keys.chord(ENTER)): Keys 'ENTER + ' sent to object: 'Object Repository/Objects.HighlightElements/input_field_index'

2020-05-27 12:36:41 - [MESSAGE][PASSED] - Keys 'ENTER + ' sent to object: 'Object Repository/Objects.HighlightElements/input_field_index'

2020-05-27 12:36:41 - [TEST_STEP][PASSED] - ComboBoxValue = getAttribute(NewInputNmField, "value"): Attribute 'value' of object 'Object Repository/Objects.HighlightElements/input_field_index' is: 'Joseph Lim Pheng Weng (PHENGWENG)'

2020-05-27 12:36:42 - [MESSAGE][PASSED] - Attribute 'value' of object 'Object Repository/Objects.HighlightElements/input_field_index' is: 'Joseph Lim Pheng Weng (PHENGWENG)'

2020-05-27 12:36:42 - [TEST_STEP][PASSED] - callTestCase(findTestCase(CallTCName), ["FindValue":ComboBoxValue, "DropdownNm":comboNm], STOP_ON_FAILURE): Call Test Case 'Test Cases/PFI Precision and Scale/PFI Components/OfficerLists' successfully

2020-05-27 12:36:42 - [TEST_CASE][PASSED] - Test Cases/PFI Precision and Scale/PFI Components/OfficerLists: Test Cases/PFI Precision and Scale/PFI Components/OfficerLists

2020-05-27 12:36:42 - [TEST_STEP][PASSED] - Thread.sleep(1000): null

2020-05-27 12:36:43 - [TEST_STEP][PASSED] - OfficerLists = [1:"Aaron Sham Wai Lun (AARON)", 2:"Azidah Bte Akmad (Mdm) (USAABD)", 3:"Chung Fong Nyen (USACFN)", 4:"David Tey Dah Wei (DAHWEI)", ... ]: null

2020-05-27 12:36:43 - [TEST_STEP][PASSED] - ValueFound = OfficerLists.find({ -> ... }): null

2020-05-27 12:36:43 - [MESSAGE][PASSED] - Call Test Case 'Test Cases/PFI Precision and Scale/PFI Components/OfficerLists' successfully

2020-05-27 12:36:43 - [TEST_STEP][PASSED] - println(ValueFound): null

2020-05-27 12:36:43 - [TEST_STEP][PASSED] - sendKeys(NewInputNmField, Keys.chord(ARROW_DOWN)): Keys 'DOWN + ' sent to object: 'Object Repository/Objects.HighlightElements/input_field_index'

2020-05-27 12:36:43 - [MESSAGE][PASSED] - Keys 'DOWN + ' sent to object: 'Object Repository/Objects.HighlightElements/input_field_index'

2020-05-27 12:36:43 - [TEST_STEP][PASSED] - sendKeys(NewInputNmField, Keys.chord(ARROW_DOWN)): Keys 'DOWN + ' sent to object: 'Object Repository/Objects.HighlightElements/input_field_index'

2020-05-27 12:36:44 - [MESSAGE][PASSED] - Keys 'DOWN + ' sent to object: 'Object Repository/Objects.HighlightElements/input_field_index'

2020-05-27 12:36:44 - [TEST_STEP][PASSED] - delay(DelayTime): Delayed 0 second(s)

2020-05-27 12:36:44 - [MESSAGE][PASSED] - Delayed 0 second(s)

2020-05-27 12:36:44 - [TEST_STEP][PASSED] - sendKeys(NewInputNmField, Keys.chord(ENTER)): Keys 'ENTER + ' sent to object: 'Object Repository/Objects.HighlightElements/input_field_index'

2020-05-27 12:36:44 - [MESSAGE][PASSED] - Keys 'ENTER + ' sent to object: 'Object Repository/Objects.HighlightElements/input_field_index'

2020-05-27 12:36:44 - [TEST_STEP][PASSED] - ComboBoxValue = getAttribute(NewInputNmField, "value"): Attribute 'value' of object 'Object Repository/Objects.HighlightElements/input_field_index' is: 'Kaliannan Thanabal (KALIANN)'

2020-05-27 12:36:45 - [MESSAGE][PASSED] - Attribute 'value' of object 'Object Repository/Objects.HighlightElements/input_field_index' is: 'Kaliannan Thanabal (KALIANN)'

2020-05-27 12:36:45 - [TEST_STEP][PASSED] - callTestCase(findTestCase(CallTCName), ["FindValue":ComboBoxValue, "DropdownNm":comboNm], STOP_ON_FAILURE): Call Test Case 'Test Cases/PFI Precision and Scale/PFI Components/OfficerLists' successfully

2020-05-27 12:36:45 - [TEST_CASE][PASSED] - Test Cases/PFI Precision and Scale/PFI Components/OfficerLists: Test Cases/PFI Precision and Scale/PFI Components/OfficerLists

2020-05-27 12:36:45 - [TEST_STEP][PASSED] - Thread.sleep(1000): null

2020-05-27 12:36:46 - [TEST_STEP][PASSED] - OfficerLists = [1:"Aaron Sham Wai Lun (AARON)", 2:"Azidah Bte Akmad (Mdm) (USAABD)", 3:"Chung Fong Nyen (USACFN)", 4:"David Tey Dah Wei (DAHWEI)", ... ]: null

2020-05-27 12:36:46 - [TEST_STEP][PASSED] - ValueFound = OfficerLists.find({ -> ... }): null

2020-05-27 12:36:46 - [MESSAGE][PASSED] - Call Test Case 'Test Cases/PFI Precision and Scale/PFI Components/OfficerLists' successfully

2020-05-27 12:36:46 - [TEST_STEP][PASSED] - println(ValueFound): null

2020-05-27 12:36:46 - [TEST_STEP][PASSED] - sendKeys(NewInputNmField, Keys.chord(ARROW_DOWN)): Keys 'DOWN + ' sent to object: 'Object Repository/Objects.HighlightElements/input_field_index'

2020-05-27 12:36:46 - [MESSAGE][PASSED] - Keys 'DOWN + ' sent to object: 'Object Repository/Objects.HighlightElements/input_field_index'

2020-05-27 12:36:46 - [TEST_STEP][PASSED] - sendKeys(NewInputNmField, Keys.chord(ARROW_DOWN)): Keys 'DOWN + ' sent to object: 'Object Repository/Objects.HighlightElements/input_field_index'

2020-05-27 12:36:46 - [MESSAGE][PASSED] - Keys 'DOWN + ' sent to object: 'Object Repository/Objects.HighlightElements/input_field_index'

2020-05-27 12:36:46 - [TEST_STEP][PASSED] - delay(DelayTime): Delayed 0 second(s)

2020-05-27 12:36:46 - [MESSAGE][PASSED] - Delayed 0 second(s)

2020-05-27 12:36:46 - [TEST_STEP][PASSED] - sendKeys(NewInputNmField, Keys.chord(ENTER)): Keys 'ENTER + ' sent to object: 'Object Repository/Objects.HighlightElements/input_field_index'

2020-05-27 12:36:47 - [MESSAGE][PASSED] - Keys 'ENTER + ' sent to object: 'Object Repository/Objects.HighlightElements/input_field_index'

2020-05-27 12:36:47 - [TEST_STEP][PASSED] - ComboBoxValue = getAttribute(NewInputNmField, "value"): Attribute 'value' of object 'Object Repository/Objects.HighlightElements/input_field_index' is: 'Kelvin Phua Meng Thong (MENGTHONG)'

2020-05-27 12:36:47 - [MESSAGE][PASSED] - Attribute 'value' of object 'Object Repository/Objects.HighlightElements/input_field_index' is: 'Kelvin Phua Meng Thong (MENGTHONG)'

2020-05-27 12:36:47 - [TEST_STEP][PASSED] - callTestCase(findTestCase(CallTCName), ["FindValue":ComboBoxValue, "DropdownNm":comboNm], STOP_ON_FAILURE): Call Test Case 'Test Cases/PFI Precision and Scale/PFI Components/OfficerLists' successfully

2020-05-27 12:36:47 - [TEST_CASE][PASSED] - Test Cases/PFI Precision and Scale/PFI Components/OfficerLists: Test Cases/PFI Precision and Scale/PFI Components/OfficerLists

2020-05-27 12:36:47 - [TEST_STEP][PASSED] - Thread.sleep(1000): null

2020-05-27 12:36:48 - [TEST_STEP][PASSED] - OfficerLists = [1:"Aaron Sham Wai Lun (AARON)", 2:"Azidah Bte Akmad (Mdm) (USAABD)", 3:"Chung Fong Nyen (USACFN)", 4:"David Tey Dah Wei (DAHWEI)", ... ]: null

2020-05-27 12:36:48 - [TEST_STEP][PASSED] - ValueFound = OfficerLists.find({ -> ... }): null

2020-05-27 12:36:48 - [MESSAGE][PASSED] - Call Test Case 'Test Cases/PFI Precision and Scale/PFI Components/OfficerLists' successfully

2020-05-27 12:36:48 - [TEST_STEP][PASSED] - println(ValueFound): null

2020-05-27 12:36:48 - [TEST_STEP][PASSED] - sendKeys(NewInputNmField, Keys.chord(ARROW_DOWN)): Keys 'DOWN + ' sent to object: 'Object Repository/Objects.HighlightElements/input_field_index'

2020-05-27 12:36:49 - [MESSAGE][PASSED] - Keys 'DOWN + ' sent to object: 'Object Repository/Objects.HighlightElements/input_field_index'

2020-05-27 12:36:49 - [TEST_STEP][PASSED] - sendKeys(NewInputNmField, Keys.chord(ARROW_DOWN)): Keys 'DOWN + ' sent to object: 'Object Repository/Objects.HighlightElements/input_field_index'

2020-05-27 12:36:49 - [MESSAGE][PASSED] - Keys 'DOWN + ' sent to object: 'Object Repository/Objects.HighlightElements/input_field_index'

2020-05-27 12:36:49 - [TEST_STEP][PASSED] - delay(DelayTime): Delayed 0 second(s)

2020-05-27 12:36:49 - [MESSAGE][PASSED] - Delayed 0 second(s)

2020-05-27 12:36:49 - [TEST_STEP][PASSED] - sendKeys(NewInputNmField, Keys.chord(ENTER)): Keys 'ENTER + ' sent to object: 'Object Repository/Objects.HighlightElements/input_field_index'

2020-05-27 12:36:50 - [MESSAGE][PASSED] - Keys 'ENTER + ' sent to object: 'Object Repository/Objects.HighlightElements/input_field_index'

2020-05-27 12:36:50 - [TEST_STEP][PASSED] - ComboBoxValue = getAttribute(NewInputNmField, "value"): Attribute 'value' of object 'Object Repository/Objects.HighlightElements/input_field_index' is: 'Lee Kok Tien (USAKTL)'

2020-05-27 12:36:50 - [MESSAGE][PASSED] - Attribute 'value' of object 'Object Repository/Objects.HighlightElements/input_field_index' is: 'Lee Kok Tien (USAKTL)'

2020-05-27 12:36:50 - [TEST_STEP][PASSED] - callTestCase(findTestCase(CallTCName), ["FindValue":ComboBoxValue, "DropdownNm":comboNm], STOP_ON_FAILURE): Call Test Case 'Test Cases/PFI Precision and Scale/PFI Components/OfficerLists' successfully

2020-05-27 12:36:50 - [TEST_CASE][PASSED] - Test Cases/PFI Precision and Scale/PFI Components/OfficerLists: Test Cases/PFI Precision and Scale/PFI Components/OfficerLists

2020-05-27 12:36:50 - [TEST_STEP][PASSED] - Thread.sleep(1000): null

2020-05-27 12:36:51 - [TEST_STEP][PASSED] - OfficerLists = [1:"Aaron Sham Wai Lun (AARON)", 2:"Azidah Bte Akmad (Mdm) (USAABD)", 3:"Chung Fong Nyen (USACFN)", 4:"David Tey Dah Wei (DAHWEI)", ... ]: null

2020-05-27 12:36:51 - [TEST_STEP][PASSED] - ValueFound = OfficerLists.find({ -> ... }): null

2020-05-27 12:36:51 - [MESSAGE][PASSED] - Call Test Case 'Test Cases/PFI Precision and Scale/PFI Components/OfficerLists' successfully

2020-05-27 12:36:51 - [TEST_STEP][PASSED] - println(ValueFound): null

2020-05-27 12:36:51 - [TEST_STEP][PASSED] - sendKeys(NewInputNmField, Keys.chord(ARROW_DOWN)): Keys 'DOWN + ' sent to object: 'Object Repository/Objects.HighlightElements/input_field_index'

2020-05-27 12:36:52 - [MESSAGE][PASSED] - Keys 'DOWN + ' sent to object: 'Object Repository/Objects.HighlightElements/input_field_index'

2020-05-27 12:36:52 - [TEST_STEP][PASSED] - sendKeys(NewInputNmField, Keys.chord(ARROW_DOWN)): Keys 'DOWN + ' sent to object: 'Object Repository/Objects.HighlightElements/input_field_index'

2020-05-27 12:36:52 - [MESSAGE][PASSED] - Keys 'DOWN + ' sent to object: 'Object Repository/Objects.HighlightElements/input_field_index'

2020-05-27 12:36:52 - [TEST_STEP][PASSED] - delay(DelayTime): Delayed 0 second(s)

2020-05-27 12:36:52 - [MESSAGE][PASSED] - Delayed 0 second(s)

2020-05-27 12:36:52 - [TEST_STEP][PASSED] - sendKeys(NewInputNmField, Keys.chord(ENTER)): Keys 'ENTER + ' sent to object: 'Object Repository/Objects.HighlightElements/input_field_index'

2020-05-27 12:36:53 - [MESSAGE][PASSED] - Keys 'ENTER + ' sent to object: 'Object Repository/Objects.HighlightElements/input_field_index'

2020-05-27 12:36:53 - [TEST_STEP][PASSED] - ComboBoxValue = getAttribute(NewInputNmField, "value"): Attribute 'value' of object 'Object Repository/Objects.HighlightElements/input_field_index' is: 'Lim Beng Kwee (BENGKWEE)'

2020-05-27 12:36:53 - [MESSAGE][PASSED] - Attribute 'value' of object 'Object Repository/Objects.HighlightElements/input_field_index' is: 'Lim Beng Kwee (BENGKWEE)'

2020-05-27 12:36:53 - [TEST_STEP][PASSED] - callTestCase(findTestCase(CallTCName), ["FindValue":ComboBoxValue, "DropdownNm":comboNm], STOP_ON_FAILURE): Call Test Case 'Test Cases/PFI Precision and Scale/PFI Components/OfficerLists' successfully

2020-05-27 12:36:53 - [TEST_CASE][PASSED] - Test Cases/PFI Precision and Scale/PFI Components/OfficerLists: Test Cases/PFI Precision and Scale/PFI Components/OfficerLists

2020-05-27 12:36:53 - [TEST_STEP][PASSED] - Thread.sleep(1000): null

2020-05-27 12:36:54 - [TEST_STEP][PASSED] - OfficerLists = [1:"Aaron Sham Wai Lun (AARON)", 2:"Azidah Bte Akmad (Mdm) (USAABD)", 3:"Chung Fong Nyen (USACFN)", 4:"David Tey Dah Wei (DAHWEI)", ... ]: null

2020-05-27 12:36:54 - [TEST_STEP][PASSED] - ValueFound = OfficerLists.find({ -> ... }): null

2020-05-27 12:36:54 - [MESSAGE][PASSED] - Call Test Case 'Test Cases/PFI Precision and Scale/PFI Components/OfficerLists' successfully

2020-05-27 12:36:54 - [TEST_STEP][PASSED] - println(ValueFound): null

2020-05-27 12:36:54 - [TEST_STEP][PASSED] - sendKeys(NewInputNmField, Keys.chord(ARROW_DOWN)): Keys 'DOWN + ' sent to object: 'Object Repository/Objects.HighlightElements/input_field_index'

2020-05-27 12:36:54 - [MESSAGE][PASSED] - Keys 'DOWN + ' sent to object: 'Object Repository/Objects.HighlightElements/input_field_index'

2020-05-27 12:36:54 - [TEST_STEP][PASSED] - sendKeys(NewInputNmField, Keys.chord(ARROW_DOWN)): Keys 'DOWN + ' sent to object: 'Object Repository/Objects.HighlightElements/input_field_index'

2020-05-27 12:36:55 - [MESSAGE][PASSED] - Keys 'DOWN + ' sent to object: 'Object Repository/Objects.HighlightElements/input_field_index'

2020-05-27 12:36:55 - [TEST_STEP][PASSED] - delay(DelayTime): Delayed 0 second(s)

2020-05-27 12:36:55 - [MESSAGE][PASSED] - Delayed 0 second(s)

2020-05-27 12:36:55 - [TEST_STEP][PASSED] - sendKeys(NewInputNmField, Keys.chord(ENTER)): Keys 'ENTER + ' sent to object: 'Object Repository/Objects.HighlightElements/input_field_index'

2020-05-27 12:36:55 - [MESSAGE][PASSED] - Keys 'ENTER + ' sent to object: 'Object Repository/Objects.HighlightElements/input_field_index'

2020-05-27 12:36:55 - [TEST_STEP][PASSED] - ComboBoxValue = getAttribute(NewInputNmField, "value"): Attribute 'value' of object 'Object Repository/Objects.HighlightElements/input_field_index' is: 'Lim Leng Boon (LENGBOON)'

2020-05-27 12:36:56 - [MESSAGE][PASSED] - Attribute 'value' of object 'Object Repository/Objects.HighlightElements/input_field_index' is: 'Lim Leng Boon (LENGBOON)'

2020-05-27 12:36:56 - [TEST_STEP][PASSED] - callTestCase(findTestCase(CallTCName), ["FindValue":ComboBoxValue, "DropdownNm":comboNm], STOP_ON_FAILURE): Call Test Case 'Test Cases/PFI Precision and Scale/PFI Components/OfficerLists' successfully

2020-05-27 12:36:56 - [TEST_CASE][PASSED] - Test Cases/PFI Precision and Scale/PFI Components/OfficerLists: Test Cases/PFI Precision and Scale/PFI Components/OfficerLists

2020-05-27 12:36:56 - [TEST_STEP][PASSED] - Thread.sleep(1000): null

2020-05-27 12:36:57 - [TEST_STEP][PASSED] - OfficerLists = [1:"Aaron Sham Wai Lun (AARON)", 2:"Azidah Bte Akmad (Mdm) (USAABD)", 3:"Chung Fong Nyen (USACFN)", 4:"David Tey Dah Wei (DAHWEI)", ... ]: null

2020-05-27 12:36:57 - [TEST_STEP][PASSED] - ValueFound = OfficerLists.find({ -> ... }): null

2020-05-27 12:36:57 - [MESSAGE][PASSED] - Call Test Case 'Test Cases/PFI Precision and Scale/PFI Components/OfficerLists' successfully

2020-05-27 12:36:57 - [TEST_STEP][PASSED] - println(ValueFound): null

2020-05-27 12:36:57 - [TEST_STEP][PASSED] - sendKeys(NewInputNmField, Keys.chord(ARROW_DOWN)): Keys 'DOWN + ' sent to object: 'Object Repository/Objects.HighlightElements/input_field_index'

2020-05-27 12:36:57 - [MESSAGE][PASSED] - Keys 'DOWN + ' sent to object: 'Object Repository/Objects.HighlightElements/input_field_index'

2020-05-27 12:36:57 - [TEST_STEP][PASSED] - sendKeys(NewInputNmField, Keys.chord(ARROW_DOWN)): Keys 'DOWN + ' sent to object: 'Object Repository/Objects.HighlightElements/input_field_index'

2020-05-27 12:36:58 - [MESSAGE][PASSED] - Keys 'DOWN + ' sent to object: 'Object Repository/Objects.HighlightElements/input_field_index'

2020-05-27 12:36:58 - [TEST_STEP][PASSED] - delay(DelayTime): Delayed 0 second(s)

2020-05-27 12:36:58 - [MESSAGE][PASSED] - Delayed 0 second(s)

2020-05-27 12:36:58 - [TEST_STEP][PASSED] - sendKeys(NewInputNmField, Keys.chord(ENTER)): Keys 'ENTER + ' sent to object: 'Object Repository/Objects.HighlightElements/input_field_index'

2020-05-27 12:36:58 - [MESSAGE][PASSED] - Keys 'ENTER + ' sent to object: 'Object Repository/Objects.HighlightElements/input_field_index'

2020-05-27 12:36:58 - [TEST_STEP][PASSED] - ComboBoxValue = getAttribute(NewInputNmField, "value"): Attribute 'value' of object 'Object Repository/Objects.HighlightElements/input_field_index' is: 'Liu Xiaopeng (XIAOPENG)'

2020-05-27 12:36:59 - [MESSAGE][PASSED] - Attribute 'value' of object 'Object Repository/Objects.HighlightElements/input_field_index' is: 'Liu Xiaopeng (XIAOPENG)'

2020-05-27 12:36:59 - [TEST_STEP][PASSED] - callTestCase(findTestCase(CallTCName), ["FindValue":ComboBoxValue, "DropdownNm":comboNm], STOP_ON_FAILURE): Call Test Case 'Test Cases/PFI Precision and Scale/PFI Components/OfficerLists' successfully

2020-05-27 12:36:59 - [TEST_CASE][PASSED] - Test Cases/PFI Precision and Scale/PFI Components/OfficerLists: Test Cases/PFI Precision and Scale/PFI Components/OfficerLists

2020-05-27 12:36:59 - [TEST_STEP][PASSED] - Thread.sleep(1000): null

2020-05-27 12:37:00 - [TEST_STEP][PASSED] - OfficerLists = [1:"Aaron Sham Wai Lun (AARON)", 2:"Azidah Bte Akmad (Mdm) (USAABD)", 3:"Chung Fong Nyen (USACFN)", 4:"David Tey Dah Wei (DAHWEI)", ... ]: null

2020-05-27 12:37:00 - [TEST_STEP][PASSED] - ValueFound = OfficerLists.find({ -> ... }): null

2020-05-27 12:37:00 - [MESSAGE][PASSED] - Call Test Case 'Test Cases/PFI Precision and Scale/PFI Components/OfficerLists' successfully

2020-05-27 12:37:00 - [TEST_STEP][PASSED] - println(ValueFound): null

2020-05-27 12:37:00 - [TEST_STEP][PASSED] - sendKeys(NewInputNmField, Keys.chord(ARROW_DOWN)): Keys 'DOWN + ' sent to object: 'Object Repository/Objects.HighlightElements/input_field_index'

2020-05-27 12:37:00 - [MESSAGE][PASSED] - Keys 'DOWN + ' sent to object: 'Object Repository/Objects.HighlightElements/input_field_index'

2020-05-27 12:37:00 - [TEST_STEP][PASSED] - sendKeys(NewInputNmField, Keys.chord(ARROW_DOWN)): Keys 'DOWN + ' sent to object: 'Object Repository/Objects.HighlightElements/input_field_index'

2020-05-27 12:37:00 - [MESSAGE][PASSED] - Keys 'DOWN + ' sent to object: 'Object Repository/Objects.HighlightElements/input_field_index'

2020-05-27 12:37:00 - [TEST_STEP][PASSED] - delay(DelayTime): Delayed 0 second(s)

2020-05-27 12:37:00 - [MESSAGE][PASSED] - Delayed 0 second(s)

2020-05-27 12:37:00 - [TEST_STEP][PASSED] - sendKeys(NewInputNmField, Keys.chord(ENTER)): Keys 'ENTER + ' sent to object: 'Object Repository/Objects.HighlightElements/input_field_index'

2020-05-27 12:37:01 - [MESSAGE][PASSED] - Keys 'ENTER + ' sent to object: 'Object Repository/Objects.HighlightElements/input_field_index'

2020-05-27 12:37:01 - [TEST_STEP][PASSED] - ComboBoxValue = getAttribute(NewInputNmField, "value"): Attribute 'value' of object 'Object Repository/Objects.HighlightElements/input_field_index' is: 'Lu Ji Ju (Mdm) (USALJJ)'

2020-05-27 12:37:01 - [MESSAGE][PASSED] - Attribute 'value' of object 'Object Repository/Objects.HighlightElements/input_field_index' is: 'Lu Ji Ju (Mdm) (USALJJ)'

2020-05-27 12:37:01 - [TEST_STEP][PASSED] - callTestCase(findTestCase(CallTCName), ["FindValue":ComboBoxValue, "DropdownNm":comboNm], STOP_ON_FAILURE): Call Test Case 'Test Cases/PFI Precision and Scale/PFI Components/OfficerLists' successfully

2020-05-27 12:37:01 - [TEST_CASE][PASSED] - Test Cases/PFI Precision and Scale/PFI Components/OfficerLists: Test Cases/PFI Precision and Scale/PFI Components/OfficerLists

2020-05-27 12:37:01 - [TEST_STEP][PASSED] - Thread.sleep(1000): null

2020-05-27 12:37:02 - [TEST_STEP][PASSED] - OfficerLists = [1:"Aaron Sham Wai Lun (AARON)", 2:"Azidah Bte Akmad (Mdm) (USAABD)", 3:"Chung Fong Nyen (USACFN)", 4:"David Tey Dah Wei (DAHWEI)", ... ]: null

2020-05-27 12:37:02 - [TEST_STEP][PASSED] - ValueFound = OfficerLists.find({ -> ... }): null

2020-05-27 12:37:02 - [MESSAGE][PASSED] - Call Test Case 'Test Cases/PFI Precision and Scale/PFI Components/OfficerLists' successfully

2020-05-27 12:37:02 - [TEST_STEP][PASSED] - println(ValueFound): null

2020-05-27 12:37:02 - [TEST_STEP][PASSED] - sendKeys(NewInputNmField, Keys.chord(ARROW_DOWN)): Keys 'DOWN + ' sent to object: 'Object Repository/Objects.HighlightElements/input_field_index'

2020-05-27 12:37:03 - [MESSAGE][PASSED] - Keys 'DOWN + ' sent to object: 'Object Repository/Objects.HighlightElements/input_field_index'

2020-05-27 12:37:03 - [TEST_STEP][PASSED] - sendKeys(NewInputNmField, Keys.chord(ARROW_DOWN)): Keys 'DOWN + ' sent to object: 'Object Repository/Objects.HighlightElements/input_field_index'

2020-05-27 12:37:03 - [MESSAGE][PASSED] - Keys 'DOWN + ' sent to object: 'Object Repository/Objects.HighlightElements/input_field_index'

2020-05-27 12:37:03 - [TEST_STEP][PASSED] - delay(DelayTime): Delayed 0 second(s)

2020-05-27 12:37:03 - [MESSAGE][PASSED] - Delayed 0 second(s)

2020-05-27 12:37:03 - [TEST_STEP][PASSED] - sendKeys(NewInputNmField, Keys.chord(ENTER)): Keys 'ENTER + ' sent to object: 'Object Repository/Objects.HighlightElements/input_field_index'

2020-05-27 12:37:04 - [MESSAGE][PASSED] - Keys 'ENTER + ' sent to object: 'Object Repository/Objects.HighlightElements/input_field_index'

2020-05-27 12:37:04 - [TEST_STEP][PASSED] - ComboBoxValue = getAttribute(NewInputNmField, "value"): Attribute 'value' of object 'Object Repository/Objects.HighlightElements/input_field_index' is: 'Mohd Jeffri Bin Abdul Rahim (MOHDJEFFRI)'

2020-05-27 12:37:04 - [MESSAGE][PASSED] - Attribute 'value' of object 'Object Repository/Objects.HighlightElements/input_field_index' is: 'Mohd Jeffri Bin Abdul Rahim (MOHDJEFFRI)'

2020-05-27 12:37:04 - [TEST_STEP][PASSED] - callTestCase(findTestCase(CallTCName), ["FindValue":ComboBoxValue, "DropdownNm":comboNm], STOP_ON_FAILURE): Call Test Case 'Test Cases/PFI Precision and Scale/PFI Components/OfficerLists' successfully

2020-05-27 12:37:04 - [TEST_CASE][PASSED] - Test Cases/PFI Precision and Scale/PFI Components/OfficerLists: Test Cases/PFI Precision and Scale/PFI Components/OfficerLists

2020-05-27 12:37:04 - [TEST_STEP][PASSED] - Thread.sleep(1000): null

2020-05-27 12:37:05 - [TEST_STEP][PASSED] - OfficerLists = [1:"Aaron Sham Wai Lun (AARON)", 2:"Azidah Bte Akmad (Mdm) (USAABD)", 3:"Chung Fong Nyen (USACFN)", 4:"David Tey Dah Wei (DAHWEI)", ... ]: null

2020-05-27 12:37:05 - [TEST_STEP][PASSED] - ValueFound = OfficerLists.find({ -> ... }): null

2020-05-27 12:37:05 - [MESSAGE][PASSED] - Call Test Case 'Test Cases/PFI Precision and Scale/PFI Components/OfficerLists' successfully

2020-05-27 12:37:05 - [TEST_STEP][PASSED] - println(ValueFound): null

2020-05-27 12:37:05 - [TEST_STEP][PASSED] - sendKeys(NewInputNmField, Keys.chord(ARROW_DOWN)): Keys 'DOWN + ' sent to object: 'Object Repository/Objects.HighlightElements/input_field_index'

2020-05-27 12:37:06 - [MESSAGE][PASSED] - Keys 'DOWN + ' sent to object: 'Object Repository/Objects.HighlightElements/input_field_index'

2020-05-27 12:37:06 - [TEST_STEP][PASSED] - sendKeys(NewInputNmField, Keys.chord(ARROW_DOWN)): Keys 'DOWN + ' sent to object: 'Object Repository/Objects.HighlightElements/input_field_index'

2020-05-27 12:37:06 - [MESSAGE][PASSED] - Keys 'DOWN + ' sent to object: 'Object Repository/Objects.HighlightElements/input_field_index'

2020-05-27 12:37:06 - [TEST_STEP][PASSED] - delay(DelayTime): Delayed 0 second(s)

2020-05-27 12:37:06 - [MESSAGE][PASSED] - Delayed 0 second(s)

2020-05-27 12:37:06 - [TEST_STEP][PASSED] - sendKeys(NewInputNmField, Keys.chord(ENTER)): Keys 'ENTER + ' sent to object: 'Object Repository/Objects.HighlightElements/input_field_index'

2020-05-27 12:37:06 - [MESSAGE][PASSED] - Keys 'ENTER + ' sent to object: 'Object Repository/Objects.HighlightElements/input_field_index'

2020-05-27 12:37:06 - [TEST_STEP][PASSED] - ComboBoxValue = getAttribute(NewInputNmField, "value"): Attribute 'value' of object 'Object Repository/Objects.HighlightElements/input_field_index' is: 'Richard Lim Fang Ping (FANGPING)'

2020-05-27 12:37:07 - [MESSAGE][PASSED] - Attribute 'value' of object 'Object Repository/Objects.HighlightElements/input_field_index' is: 'Richard Lim Fang Ping (FANGPING)'

2020-05-27 12:37:07 - [TEST_STEP][PASSED] - callTestCase(findTestCase(CallTCName), ["FindValue":ComboBoxValue, "DropdownNm":comboNm], STOP_ON_FAILURE): Call Test Case 'Test Cases/PFI Precision and Scale/PFI Components/OfficerLists' successfully

2020-05-27 12:37:07 - [TEST_CASE][PASSED] - Test Cases/PFI Precision and Scale/PFI Components/OfficerLists: Test Cases/PFI Precision and Scale/PFI Components/OfficerLists

2020-05-27 12:37:07 - [TEST_STEP][PASSED] - Thread.sleep(1000): null

2020-05-27 12:37:08 - [TEST_STEP][PASSED] - OfficerLists = [1:"Aaron Sham Wai Lun (AARON)", 2:"Azidah Bte Akmad (Mdm) (USAABD)", 3:"Chung Fong Nyen (USACFN)", 4:"David Tey Dah Wei (DAHWEI)", ... ]: null

2020-05-27 12:37:08 - [TEST_STEP][PASSED] - ValueFound = OfficerLists.find({ -> ... }): null

2020-05-27 12:37:08 - [MESSAGE][PASSED] - Call Test Case 'Test Cases/PFI Precision and Scale/PFI Components/OfficerLists' successfully

2020-05-27 12:37:08 - [TEST_STEP][PASSED] - println(ValueFound): null

2020-05-27 12:37:08 - [TEST_STEP][PASSED] - sendKeys(NewInputNmField, Keys.chord(ARROW_DOWN)): Keys 'DOWN + ' sent to object: 'Object Repository/Objects.HighlightElements/input_field_index'

2020-05-27 12:37:08 - [MESSAGE][PASSED] - Keys 'DOWN + ' sent to object: 'Object Repository/Objects.HighlightElements/input_field_index'

2020-05-27 12:37:08 - [TEST_STEP][PASSED] - sendKeys(NewInputNmField, Keys.chord(ARROW_DOWN)): Keys 'DOWN + ' sent to object: 'Object Repository/Objects.HighlightElements/input_field_index'

2020-05-27 12:37:09 - [MESSAGE][PASSED] - Keys 'DOWN + ' sent to object: 'Object Repository/Objects.HighlightElements/input_field_index'

2020-05-27 12:37:09 - [TEST_STEP][PASSED] - delay(DelayTime): Delayed 0 second(s)

2020-05-27 12:37:09 - [MESSAGE][PASSED] - Delayed 0 second(s)

2020-05-27 12:37:09 - [TEST_STEP][PASSED] - sendKeys(NewInputNmField, Keys.chord(ENTER)): Keys 'ENTER + ' sent to object: 'Object Repository/Objects.HighlightElements/input_field_index'

2020-05-27 12:37:09 - [MESSAGE][PASSED] - Keys 'ENTER + ' sent to object: 'Object Repository/Objects.HighlightElements/input_field_index'

2020-05-27 12:37:09 - [TEST_STEP][PASSED] - ComboBoxValue = getAttribute(NewInputNmField, "value"): Attribute 'value' of object 'Object Repository/Objects.HighlightElements/input_field_index' is: 'RITA WONG SIONG ING (RITAWONG)'

2020-05-27 12:37:10 - [MESSAGE][PASSED] - Attribute 'value' of object 'Object Repository/Objects.HighlightElements/input_field_index' is: 'RITA WONG SIONG ING (RITAWONG)'

2020-05-27 12:37:10 - [TEST_STEP][PASSED] - callTestCase(findTestCase(CallTCName), ["FindValue":ComboBoxValue, "DropdownNm":comboNm], STOP_ON_FAILURE): Call Test Case 'Test Cases/PFI Precision and Scale/PFI Components/OfficerLists' successfully

2020-05-27 12:37:10 - [TEST_CASE][PASSED] - Test Cases/PFI Precision and Scale/PFI Components/OfficerLists: Test Cases/PFI Precision and Scale/PFI Components/OfficerLists

2020-05-27 12:37:10 - [TEST_STEP][PASSED] - Thread.sleep(1000): null

2020-05-27 12:37:11 - [TEST_STEP][PASSED] - OfficerLists = [1:"Aaron Sham Wai Lun (AARON)", 2:"Azidah Bte Akmad (Mdm) (USAABD)", 3:"Chung Fong Nyen (USACFN)", 4:"David Tey Dah Wei (DAHWEI)", ... ]: null

2020-05-27 12:37:11 - [TEST_STEP][PASSED] - ValueFound = OfficerLists.find({ -> ... }): null

2020-05-27 12:37:11 - [MESSAGE][PASSED] - Call Test Case 'Test Cases/PFI Precision and Scale/PFI Components/OfficerLists' successfully

2020-05-27 12:37:11 - [TEST_STEP][PASSED] - println(ValueFound): null

2020-05-27 12:37:11 - [TEST_STEP][PASSED] - sendKeys(NewInputNmField, Keys.chord(ARROW_DOWN)): Keys 'DOWN + ' sent to object: 'Object Repository/Objects.HighlightElements/input_field_index'

2020-05-27 12:37:11 - [MESSAGE][PASSED] - Keys 'DOWN + ' sent to object: 'Object Repository/Objects.HighlightElements/input_field_index'

2020-05-27 12:37:11 - [TEST_STEP][PASSED] - sendKeys(NewInputNmField, Keys.chord(ARROW_DOWN)): Keys 'DOWN + ' sent to object: 'Object Repository/Objects.HighlightElements/input_field_index'

2020-05-27 12:37:12 - [MESSAGE][PASSED] - Keys 'DOWN + ' sent to object: 'Object Repository/Objects.HighlightElements/input_field_index'

2020-05-27 12:37:12 - [TEST_STEP][PASSED] - delay(DelayTime): Delayed 0 second(s)

2020-05-27 12:37:12 - [MESSAGE][PASSED] - Delayed 0 second(s)

2020-05-27 12:37:12 - [TEST_STEP][PASSED] - sendKeys(NewInputNmField, Keys.chord(ENTER)): Keys 'ENTER + ' sent to object: 'Object Repository/Objects.HighlightElements/input_field_index'

2020-05-27 12:37:12 - [MESSAGE][PASSED] - Keys 'ENTER + ' sent to object: 'Object Repository/Objects.HighlightElements/input_field_index'

2020-05-27 12:37:12 - [TEST_STEP][PASSED] - ComboBoxValue = getAttribute(NewInputNmField, "value"): Attribute 'value' of object 'Object Repository/Objects.HighlightElements/input_field_index' is: 'Shi Hong Wei (HONGWEI)'

2020-05-27 12:37:13 - [MESSAGE][PASSED] - Attribute 'value' of object 'Object Repository/Objects.HighlightElements/input_field_index' is: 'Shi Hong Wei (HONGWEI)'

2020-05-27 12:37:13 - [TEST_STEP][PASSED] - callTestCase(findTestCase(CallTCName), ["FindValue":ComboBoxValue, "DropdownNm":comboNm], STOP_ON_FAILURE): Call Test Case 'Test Cases/PFI Precision and Scale/PFI Components/OfficerLists' successfully

2020-05-27 12:37:13 - [TEST_CASE][PASSED] - Test Cases/PFI Precision and Scale/PFI Components/OfficerLists: Test Cases/PFI Precision and Scale/PFI Components/OfficerLists

2020-05-27 12:37:13 - [TEST_STEP][PASSED] - Thread.sleep(1000): null

2020-05-27 12:37:14 - [TEST_STEP][PASSED] - OfficerLists = [1:"Aaron Sham Wai Lun (AARON)", 2:"Azidah Bte Akmad (Mdm) (USAABD)", 3:"Chung Fong Nyen (USACFN)", 4:"David Tey Dah Wei (DAHWEI)", ... ]: null

2020-05-27 12:37:14 - [TEST_STEP][PASSED] - ValueFound = OfficerLists.find({ -> ... }): null

2020-05-27 12:37:14 - [MESSAGE][PASSED] - Call Test Case 'Test Cases/PFI Precision and Scale/PFI Components/OfficerLists' successfully

2020-05-27 12:37:14 - [TEST_STEP][PASSED] - println(ValueFound): null

2020-05-27 12:37:14 - [TEST_STEP][PASSED] - sendKeys(NewInputNmField, Keys.chord(ARROW_DOWN)): Keys 'DOWN + ' sent to object: 'Object Repository/Objects.HighlightElements/input_field_index'

2020-05-27 12:37:14 - [MESSAGE][PASSED] - Keys 'DOWN + ' sent to object: 'Object Repository/Objects.HighlightElements/input_field_index'

2020-05-27 12:37:14 - [TEST_STEP][PASSED] - sendKeys(NewInputNmField, Keys.chord(ARROW_DOWN)): Keys 'DOWN + ' sent to object: 'Object Repository/Objects.HighlightElements/input_field_index'

2020-05-27 12:37:14 - [MESSAGE][PASSED] - Keys 'DOWN + ' sent to object: 'Object Repository/Objects.HighlightElements/input_field_index'

2020-05-27 12:37:14 - [TEST_STEP][PASSED] - delay(DelayTime): Delayed 0 second(s)

2020-05-27 12:37:14 - [MESSAGE][PASSED] - Delayed 0 second(s)

2020-05-27 12:37:14 - [TEST_STEP][PASSED] - sendKeys(NewInputNmField, Keys.chord(ENTER)): Keys 'ENTER + ' sent to object: 'Object Repository/Objects.HighlightElements/input_field_index'

2020-05-27 12:37:15 - [MESSAGE][PASSED] - Keys 'ENTER + ' sent to object: 'Object Repository/Objects.HighlightElements/input_field_index'

2020-05-27 12:37:15 - [TEST_STEP][PASSED] - ComboBoxValue = getAttribute(NewInputNmField, "value"): Attribute 'value' of object 'Object Repository/Objects.HighlightElements/input_field_index' is: 'Tan Jing Ying (JINGYING)'

2020-05-27 12:37:15 - [MESSAGE][PASSED] - Attribute 'value' of object 'Object Repository/Objects.HighlightElements/input_field_index' is: 'Tan Jing Ying (JINGYING)'

2020-05-27 12:37:15 - [TEST_STEP][PASSED] - callTestCase(findTestCase(CallTCName), ["FindValue":ComboBoxValue, "DropdownNm":comboNm], STOP_ON_FAILURE): Call Test Case 'Test Cases/PFI Precision and Scale/PFI Components/OfficerLists' successfully

2020-05-27 12:37:15 - [TEST_CASE][PASSED] - Test Cases/PFI Precision and Scale/PFI Components/OfficerLists: Test Cases/PFI Precision and Scale/PFI Components/OfficerLists

2020-05-27 12:37:15 - [TEST_STEP][PASSED] - Thread.sleep(1000): null

2020-05-27 12:37:16 - [TEST_STEP][PASSED] - OfficerLists = [1:"Aaron Sham Wai Lun (AARON)", 2:"Azidah Bte Akmad (Mdm) (USAABD)", 3:"Chung Fong Nyen (USACFN)", 4:"David Tey Dah Wei (DAHWEI)", ... ]: null

2020-05-27 12:37:16 - [TEST_STEP][PASSED] - ValueFound = OfficerLists.find({ -> ... }): null

2020-05-27 12:37:16 - [MESSAGE][PASSED] - Call Test Case 'Test Cases/PFI Precision and Scale/PFI Components/OfficerLists' successfully

2020-05-27 12:37:16 - [TEST_STEP][PASSED] - println(ValueFound): null

2020-05-27 12:37:16 - [TEST_STEP][PASSED] - sendKeys(NewInputNmField, Keys.chord(ARROW_DOWN)): Keys 'DOWN + ' sent to object: 'Object Repository/Objects.HighlightElements/input_field_index'

2020-05-27 12:37:17 - [MESSAGE][PASSED] - Keys 'DOWN + ' sent to object: 'Object Repository/Objects.HighlightElements/input_field_index'

2020-05-27 12:37:17 - [TEST_STEP][PASSED] - sendKeys(NewInputNmField, Keys.chord(ARROW_DOWN)): Keys 'DOWN + ' sent to object: 'Object Repository/Objects.HighlightElements/input_field_index'

2020-05-27 12:37:17 - [MESSAGE][PASSED] - Keys 'DOWN + ' sent to object: 'Object Repository/Objects.HighlightElements/input_field_index'

2020-05-27 12:37:17 - [TEST_STEP][PASSED] - delay(DelayTime): Delayed 0 second(s)

2020-05-27 12:37:17 - [MESSAGE][PASSED] - Delayed 0 second(s)

2020-05-27 12:37:17 - [TEST_STEP][PASSED] - sendKeys(NewInputNmField, Keys.chord(ENTER)): Keys 'ENTER + ' sent to object: 'Object Repository/Objects.HighlightElements/input_field_index'

2020-05-27 12:37:18 - [MESSAGE][PASSED] - Keys 'ENTER + ' sent to object: 'Object Repository/Objects.HighlightElements/input_field_index'

2020-05-27 12:37:18 - [TEST_STEP][PASSED] - ComboBoxValue = getAttribute(NewInputNmField, "value"): Attribute 'value' of object 'Object Repository/Objects.HighlightElements/input_field_index' is: 'Tan Kwan Joo (KWANJOO)'

2020-05-27 12:37:18 - [MESSAGE][PASSED] - Attribute 'value' of object 'Object Repository/Objects.HighlightElements/input_field_index' is: 'Tan Kwan Joo (KWANJOO)'

2020-05-27 12:37:18 - [TEST_STEP][PASSED] - callTestCase(findTestCase(CallTCName), ["FindValue":ComboBoxValue, "DropdownNm":comboNm], STOP_ON_FAILURE): Call Test Case 'Test Cases/PFI Precision and Scale/PFI Components/OfficerLists' successfully

2020-05-27 12:37:18 - [TEST_CASE][PASSED] - Test Cases/PFI Precision and Scale/PFI Components/OfficerLists: Test Cases/PFI Precision and Scale/PFI Components/OfficerLists

2020-05-27 12:37:18 - [TEST_STEP][PASSED] - Thread.sleep(1000): null

2020-05-27 12:37:19 - [TEST_STEP][PASSED] - OfficerLists = [1:"Aaron Sham Wai Lun (AARON)", 2:"Azidah Bte Akmad (Mdm) (USAABD)", 3:"Chung Fong Nyen (USACFN)", 4:"David Tey Dah Wei (DAHWEI)", ... ]: null

2020-05-27 12:37:19 - [TEST_STEP][PASSED] - ValueFound = OfficerLists.find({ -> ... }): null

2020-05-27 12:37:19 - [MESSAGE][PASSED] - Call Test Case 'Test Cases/PFI Precision and Scale/PFI Components/OfficerLists' successfully

2020-05-27 12:37:19 - [TEST_STEP][PASSED] - println(ValueFound): null

2020-05-27 12:37:19 - [TEST_STEP][PASSED] - sendKeys(NewInputNmField, Keys.chord(ARROW_DOWN)): Keys 'DOWN + ' sent to object: 'Object Repository/Objects.HighlightElements/input_field_index'

2020-05-27 12:37:19 - [MESSAGE][PASSED] - Keys 'DOWN + ' sent to object: 'Object Repository/Objects.HighlightElements/input_field_index'

2020-05-27 12:37:19 - [TEST_STEP][PASSED] - sendKeys(NewInputNmField, Keys.chord(ARROW_DOWN)): Keys 'DOWN + ' sent to object: 'Object Repository/Objects.HighlightElements/input_field_index'

2020-05-27 12:37:20 - [MESSAGE][PASSED] - Keys 'DOWN + ' sent to object: 'Object Repository/Objects.HighlightElements/input_field_index'

2020-05-27 12:37:20 - [TEST_STEP][PASSED] - delay(DelayTime): Delayed 0 second(s)

2020-05-27 12:37:20 - [MESSAGE][PASSED] - Delayed 0 second(s)

2020-05-27 12:37:20 - [TEST_STEP][PASSED] - sendKeys(NewInputNmField, Keys.chord(ENTER)): Keys 'ENTER + ' sent to object: 'Object Repository/Objects.HighlightElements/input_field_index'

2020-05-27 12:37:20 - [MESSAGE][PASSED] - Keys 'ENTER + ' sent to object: 'Object Repository/Objects.HighlightElements/input_field_index'

2020-05-27 12:37:20 - [TEST_STEP][PASSED] - ComboBoxValue = getAttribute(NewInputNmField, "value"): Attribute 'value' of object 'Object Repository/Objects.HighlightElements/input_field_index' is: 'Titus Chua Hwa Ping (TITUS)'

2020-05-27 12:37:21 - [MESSAGE][PASSED] - Attribute 'value' of object 'Object Repository/Objects.HighlightElements/input_field_index' is: 'Titus Chua Hwa Ping (TITUS)'

2020-05-27 12:37:21 - [TEST_STEP][PASSED] - callTestCase(findTestCase(CallTCName), ["FindValue":ComboBoxValue, "DropdownNm":comboNm], STOP_ON_FAILURE): Call Test Case 'Test Cases/PFI Precision and Scale/PFI Components/OfficerLists' successfully

2020-05-27 12:37:21 - [TEST_CASE][PASSED] - Test Cases/PFI Precision and Scale/PFI Components/OfficerLists: Test Cases/PFI Precision and Scale/PFI Components/OfficerLists

2020-05-27 12:37:21 - [TEST_STEP][PASSED] - Thread.sleep(1000): null

2020-05-27 12:37:22 - [TEST_STEP][PASSED] - OfficerLists = [1:"Aaron Sham Wai Lun (AARON)", 2:"Azidah Bte Akmad (Mdm) (USAABD)", 3:"Chung Fong Nyen (USACFN)", 4:"David Tey Dah Wei (DAHWEI)", ... ]: null

2020-05-27 12:37:22 - [TEST_STEP][PASSED] - ValueFound = OfficerLists.find({ -> ... }): null

2020-05-27 12:37:22 - [MESSAGE][PASSED] - Call Test Case 'Test Cases/PFI Precision and Scale/PFI Components/OfficerLists' successfully

2020-05-27 12:37:22 - [TEST_STEP][PASSED] - println(ValueFound): null

2020-05-27 12:37:22 - [TEST_STEP][PASSED] - sendKeys(NewInputNmField, Keys.chord(ARROW_DOWN)): Keys 'DOWN + ' sent to object: 'Object Repository/Objects.HighlightElements/input_field_index'

2020-05-27 12:37:22 - [MESSAGE][PASSED] - Keys 'DOWN + ' sent to object: 'Object Repository/Objects.HighlightElements/input_field_index'

2020-05-27 12:37:22 - [TEST_STEP][PASSED] - sendKeys(NewInputNmField, Keys.chord(ARROW_DOWN)): Keys 'DOWN + ' sent to object: 'Object Repository/Objects.HighlightElements/input_field_index'

2020-05-27 12:37:23 - [MESSAGE][PASSED] - Keys 'DOWN + ' sent to object: 'Object Repository/Objects.HighlightElements/input_field_index'

2020-05-27 12:37:23 - [TEST_STEP][PASSED] - delay(DelayTime): Delayed 0 second(s)

2020-05-27 12:37:23 - [MESSAGE][PASSED] - Delayed 0 second(s)

2020-05-27 12:37:23 - [TEST_STEP][PASSED] - sendKeys(NewInputNmField, Keys.chord(ENTER)): Keys 'ENTER + ' sent to object: 'Object Repository/Objects.HighlightElements/input_field_index'

2020-05-27 12:37:23 - [MESSAGE][PASSED] - Keys 'ENTER + ' sent to object: 'Object Repository/Objects.HighlightElements/input_field_index'

2020-05-27 12:37:23 - [TEST_STEP][PASSED] - ComboBoxValue = getAttribute(NewInputNmField, "value"): Attribute 'value' of object 'Object Repository/Objects.HighlightElements/input_field_index' is: 'Vijayaratnam Ng Lay Hoon (USANLH)'

2020-05-27 12:37:24 - [MESSAGE][PASSED] - Attribute 'value' of object 'Object Repository/Objects.HighlightElements/input_field_index' is: 'Vijayaratnam Ng Lay Hoon (USANLH)'

2020-05-27 12:37:24 - [TEST_STEP][PASSED] - callTestCase(findTestCase(CallTCName), ["FindValue":ComboBoxValue, "DropdownNm":comboNm], STOP_ON_FAILURE): Call Test Case 'Test Cases/PFI Precision and Scale/PFI Components/OfficerLists' successfully

2020-05-27 12:37:24 - [TEST_CASE][PASSED] - Test Cases/PFI Precision and Scale/PFI Components/OfficerLists: Test Cases/PFI Precision and Scale/PFI Components/OfficerLists

2020-05-27 12:37:24 - [TEST_STEP][PASSED] - Thread.sleep(1000): null

2020-05-27 12:37:25 - [TEST_STEP][PASSED] - OfficerLists = [1:"Aaron Sham Wai Lun (AARON)", 2:"Azidah Bte Akmad (Mdm) (USAABD)", 3:"Chung Fong Nyen (USACFN)", 4:"David Tey Dah Wei (DAHWEI)", ... ]: null

2020-05-27 12:37:25 - [TEST_STEP][PASSED] - ValueFound = OfficerLists.find({ -> ... }): null

2020-05-27 12:37:25 - [MESSAGE][PASSED] - Call Test Case 'Test Cases/PFI Precision and Scale/PFI Components/OfficerLists' successfully

2020-05-27 12:37:25 - [TEST_STEP][PASSED] - println(ValueFound): null

2020-05-27 12:37:25 - [TEST_STEP][PASSED] - sendKeys(NewInputNmField, Keys.chord(ARROW_DOWN)): Keys 'DOWN + ' sent to object: 'Object Repository/Objects.HighlightElements/input_field_index'

2020-05-27 12:37:26 - [MESSAGE][PASSED] - Keys 'DOWN + ' sent to object: 'Object Repository/Objects.HighlightElements/input_field_index'

2020-05-27 12:37:26 - [TEST_STEP][PASSED] - sendKeys(NewInputNmField, Keys.chord(ARROW_DOWN)): Keys 'DOWN + ' sent to object: 'Object Repository/Objects.HighlightElements/input_field_index'

2020-05-27 12:37:26 - [MESSAGE][PASSED] - Keys 'DOWN + ' sent to object: 'Object Repository/Objects.HighlightElements/input_field_index'

2020-05-27 12:37:26 - [TEST_STEP][PASSED] - delay(DelayTime): Delayed 0 second(s)

2020-05-27 12:37:26 - [MESSAGE][PASSED] - Delayed 0 second(s)

2020-05-27 12:37:26 - [TEST_STEP][PASSED] - sendKeys(NewInputNmField, Keys.chord(ENTER)): Keys 'ENTER + ' sent to object: 'Object Repository/Objects.HighlightElements/input_field_index'

2020-05-27 12:37:27 - [MESSAGE][PASSED] - Keys 'ENTER + ' sent to object: 'Object Repository/Objects.HighlightElements/input_field_index'

2020-05-27 12:37:27 - [TEST_STEP][PASSED] - ComboBoxValue = getAttribute(NewInputNmField, "value"): Attribute 'value' of object 'Object Repository/Objects.HighlightElements/input_field_index' is: 'Wong Swee Sheng (WONGSWEE)'

2020-05-27 12:37:27 - [MESSAGE][PASSED] - Attribute 'value' of object 'Object Repository/Objects.HighlightElements/input_field_index' is: 'Wong Swee Sheng (WONGSWEE)'

2020-05-27 12:37:27 - [TEST_STEP][PASSED] - callTestCase(findTestCase(CallTCName), ["FindValue":ComboBoxValue, "DropdownNm":comboNm], STOP_ON_FAILURE): Call Test Case 'Test Cases/PFI Precision and Scale/PFI Components/OfficerLists' successfully

2020-05-27 12:37:27 - [TEST_CASE][PASSED] - Test Cases/PFI Precision and Scale/PFI Components/OfficerLists: Test Cases/PFI Precision and Scale/PFI Components/OfficerLists

2020-05-27 12:37:27 - [TEST_STEP][PASSED] - Thread.sleep(1000): null

2020-05-27 12:37:28 - [TEST_STEP][PASSED] - OfficerLists = [1:"Aaron Sham Wai Lun (AARON)", 2:"Azidah Bte Akmad (Mdm) (USAABD)", 3:"Chung Fong Nyen (USACFN)", 4:"David Tey Dah Wei (DAHWEI)", ... ]: null

2020-05-27 12:37:28 - [TEST_STEP][PASSED] - ValueFound = OfficerLists.find({ -> ... }): null

2020-05-27 12:37:28 - [MESSAGE][PASSED] - Call Test Case 'Test Cases/PFI Precision and Scale/PFI Components/OfficerLists' successfully

2020-05-27 12:37:28 - [TEST_STEP][PASSED] - println(ValueFound): null

2020-05-27 12:37:28 - [TEST_STEP][PASSED] - sendKeys(NewInputNmField, Keys.chord(ARROW_DOWN)): Keys 'DOWN + ' sent to object: 'Object Repository/Objects.HighlightElements/input_field_index'

2020-05-27 12:37:29 - [MESSAGE][PASSED] - Keys 'DOWN + ' sent to object: 'Object Repository/Objects.HighlightElements/input_field_index'

2020-05-27 12:37:29 - [TEST_STEP][PASSED] - sendKeys(NewInputNmField, Keys.chord(ARROW_DOWN)): Keys 'DOWN + ' sent to object: 'Object Repository/Objects.HighlightElements/input_field_index'

2020-05-27 12:37:29 - [MESSAGE][PASSED] - Keys 'DOWN + ' sent to object: 'Object Repository/Objects.HighlightElements/input_field_index'

2020-05-27 12:37:29 - [TEST_STEP][PASSED] - delay(DelayTime): Delayed 0 second(s)

2020-05-27 12:37:29 - [MESSAGE][PASSED] - Delayed 0 second(s)

2020-05-27 12:37:29 - [TEST_STEP][PASSED] - sendKeys(NewInputNmField, Keys.chord(ENTER)): Keys 'ENTER + ' sent to object: 'Object Repository/Objects.HighlightElements/input_field_index'

2020-05-27 12:37:29 - [MESSAGE][PASSED] - Keys 'ENTER + ' sent to object: 'Object Repository/Objects.HighlightElements/input_field_index'

2020-05-27 12:37:29 - [TEST_STEP][PASSED] - ComboBoxValue = getAttribute(NewInputNmField, "value"): Attribute 'value' of object 'Object Repository/Objects.HighlightElements/input_field_index' is: 'Zhao Dianfeng (DIANFENG)'

2020-05-27 12:37:30 - [MESSAGE][PASSED] - Attribute 'value' of object 'Object Repository/Objects.HighlightElements/input_field_index' is: 'Zhao Dianfeng (DIANFENG)'

2020-05-27 12:37:30 - [TEST_STEP][PASSED] - callTestCase(findTestCase(CallTCName), ["FindValue":ComboBoxValue, "DropdownNm":comboNm], STOP_ON_FAILURE): Call Test Case 'Test Cases/PFI Precision and Scale/PFI Components/OfficerLists' successfully

2020-05-27 12:37:30 - [TEST_CASE][PASSED] - Test Cases/PFI Precision and Scale/PFI Components/OfficerLists: Test Cases/PFI Precision and Scale/PFI Components/OfficerLists

2020-05-27 12:37:30 - [TEST_STEP][PASSED] - Thread.sleep(1000): null

2020-05-27 12:37:31 - [TEST_STEP][PASSED] - OfficerLists = [1:"Aaron Sham Wai Lun (AARON)", 2:"Azidah Bte Akmad (Mdm) (USAABD)", 3:"Chung Fong Nyen (USACFN)", 4:"David Tey Dah Wei (DAHWEI)", ... ]: null

2020-05-27 12:37:31 - [TEST_STEP][PASSED] - ValueFound = OfficerLists.find({ -> ... }): null

2020-05-27 12:37:31 - [MESSAGE][PASSED] - Call Test Case 'Test Cases/PFI Precision and Scale/PFI Components/OfficerLists' successfully

2020-05-27 12:37:31 - [TEST_STEP][PASSED] - println(ValueFound): null

2020-05-27 12:37:31 - [TEST_STEP][PASSED] - sendKeys(NewInputNmField, Keys.chord(ARROW_DOWN)): Keys 'DOWN + ' sent to object: 'Object Repository/Objects.HighlightElements/input_field_index'

2020-05-27 12:37:31 - [MESSAGE][PASSED] - Keys 'DOWN + ' sent to object: 'Object Repository/Objects.HighlightElements/input_field_index'

2020-05-27 12:37:31 - [TEST_STEP][PASSED] - sendKeys(NewInputNmField, Keys.chord(ENTER)): Keys 'ENTER + ' sent to object: 'Object Repository/Objects.HighlightElements/input_field_index'

2020-05-27 12:37:32 - [MESSAGE][PASSED] - Keys 'ENTER + ' sent to object: 'Object Repository/Objects.HighlightElements/input_field_index'

2020-05-27 12:37:32 - [MESSAGE][PASSED] - Call Test Case 'Test Cases/PFI Precision and Scale/PFI Components with Indexing/VerifyDropdownValuesIndex' successfully

2020-05-27 12:37:32 - [TEST_STEP][PASSED] - callTestCase(findTestCase("Components/SelectAllThenDeleteIndex"), ["nameToBeUsed":"psiRecommendTo", "index":2], STOP_ON_FAILURE): Call Test Case 'Test Cases/Components/SelectAllThenDeleteIndex' successfully

2020-05-27 12:37:32 - [TEST_CASE][PASSED] - Test Cases/Components/SelectAllThenDeleteIndex: Test Cases/Components/SelectAllThenDeleteIndex

2020-05-27 12:37:32 - [TEST_STEP][PASSED] - Thread.sleep(1000): null

2020-05-27 12:37:33 - [TEST_STEP][PASSED] - modifiedObj = modifyObjectProperty(findTestObject("Object Repository/Objects.HighlightElements/input_field_index"), "xpath", "equals", "(//*[contains(@class,'x-form-text') and (@name='" + nameToBeUsed + "')])[" + index + "]", true): Modify property of object successfully

2020-05-27 12:37:33 - [MESSAGE][PASSED] - Modify property of object successfully

2020-05-27 12:37:33 - [TEST_STEP][PASSED] - focus(modifiedObj): Object: 'Object Repository/Objects.HighlightElements/input_field_index' is focused

2020-05-27 12:37:33 - [MESSAGE][PASSED] - Object: 'Object Repository/Objects.HighlightElements/input_field_index' is focused

2020-05-27 12:37:33 - [TEST_STEP][PASSED] - sendKeys(modifiedObj, Keys.chord(CONTROL, "a")): Keys 'CONTROL + a' sent to object: 'Object Repository/Objects.HighlightElements/input_field_index'

2020-05-27 12:37:34 - [MESSAGE][PASSED] - Keys 'CONTROL + a' sent to object: 'Object Repository/Objects.HighlightElements/input_field_index'

2020-05-27 12:37:34 - [TEST_STEP][PASSED] - sendKeys(modifiedObj, Keys.chord(DELETE)): Keys 'DELETE + ' sent to object: 'Object Repository/Objects.HighlightElements/input_field_index'

2020-05-27 12:37:34 - [MESSAGE][PASSED] - Keys 'DELETE + ' sent to object: 'Object Repository/Objects.HighlightElements/input_field_index'

2020-05-27 12:37:34 - [MESSAGE][PASSED] - Call Test Case 'Test Cases/Components/SelectAllThenDeleteIndex' successfully

2020-05-27 12:37:34 - [TEST_STEP][PASSED] - callTestCase(findTestCase("PFI Precision and Scale/PFI Components with Indexing/RequiredFieldValidationIndex"), ["nameToBeUsed":"psiRecommendTo", "index":2], STOP_ON_FAILURE): Call Test Case 'Test Cases/PFI Precision and Scale/PFI Components with Indexing/RequiredFieldValidationIndex' successfully

2020-05-27 12:37:34 - [TEST_CASE][PASSED] - Test Cases/PFI Precision and Scale/PFI Components with Indexing/RequiredFieldValidationIndex: Test Cases/PFI Precision and Scale/PFI Components with Indexing/RequiredFieldValidationIndex

2020-05-27 12:37:34 - [TEST_STEP][PASSED] - enableSmartWait(): null

2020-05-27 12:37:34 - [TEST_STEP][PASSED] - NewInputNmField = modifyObjectProperty(findTestObject("Objects.HighlightElements/input_field_index"), "xpath", "equals", "(//*[contains(@class,'x-form-text') and (@name='" + nameToBeUsed + "')])[" + index + "]", true): Modify property of object successfully

2020-05-27 12:37:34 - [MESSAGE][PASSED] - Modify property of object successfully

2020-05-27 12:37:34 - [TEST_STEP][PASSED] - mouseOver(NewInputNmField): Object: 'Object Repository/Objects.HighlightElements/input_field_index' is hovered

2020-05-27 12:37:35 - [MESSAGE][PASSED] - Object: 'Object Repository/Objects.HighlightElements/input_field_index' is hovered

2020-05-27 12:37:35 - [TEST_STEP][PASSED] - getRqErrMsg = getAttribute(NewInputNmField, "data-errorqtip"): Attribute 'data-errorqtip' of object 'Object Repository/Objects.HighlightElements/input_field_index' is: '<ul class="x-list-plain"><li>This field is required</li></ul>'

2020-05-27 12:37:35 - [MESSAGE][PASSED] - Attribute 'data-errorqtip' of object 'Object Repository/Objects.HighlightElements/input_field_index' is: '<ul class="x-list-plain"><li>This field is required</li></ul>'

2020-05-27 12:37:35 - [TEST_STEP][PASSED] - strToolTip = getRqErrMsg.substring(29, 61): null

2020-05-27 12:37:35 - [TEST_STEP][PASSED] - toolTipReqErrMsg = strToolTip.substring(0, 22): null

2020-05-27 12:37:35 - [TEST_STEP][PASSED] - verifyMatch(toolTipReqErrMsg, RqField, true): Actual text 'This field is required' and expected text 'This field is required' are matched  using regular expression

2020-05-27 12:37:35 - [MESSAGE][PASSED] - Actual text 'This field is required' and expected text 'This field is required' are matched  using regular expression

2020-05-27 12:37:35 - [MESSAGE][PASSED] - Call Test Case 'Test Cases/PFI Precision and Scale/PFI Components with Indexing/RequiredFieldValidationIndex' successfully

2020-05-27 12:37:35 - [TEST_STEP][PASSED] - callTestCase(findTestCase("Components/HighlightLabelIndexField"), ["LblName":"Recommend Type:", "index":3], STOP_ON_FAILURE): Call Test Case 'Test Cases/Components/HighlightLabelIndexField' successfully

2020-05-27 12:37:35 - [TEST_CASE][PASSED] - Test Cases/Components/HighlightLabelIndexField: Test Cases/Components/HighlightLabelIndexField

2020-05-27 12:37:35 - [TEST_STEP][PASSED] - Thread.sleep(1000): null

2020-05-27 12:37:36 - [TEST_STEP][PASSED] - modifiedLblNm = modifyObjectProperty(findTestObject("Object Repository/Objects.HighlightElements/lblField_index"), "xpath", "equals", "(//*[contains(@class,'x-form-item-label-inner') and (text()='" + LblName + "')])[" + index + "]", true): Modify property of object successfully

2020-05-27 12:37:36 - [MESSAGE][PASSED] - Modify property of object successfully

2020-05-27 12:37:36 - [TEST_STEP][PASSED] - com.reusableComponents.HighlightElement.run(modifiedLblNm): com.reusableComponents.HighlightElement.run is PASSED

2020-05-27 12:37:37 - [MESSAGE][PASSED] - com.reusableComponents.HighlightElement.run is PASSED

2020-05-27 12:37:37 - [MESSAGE][PASSED] - Call Test Case 'Test Cases/Components/HighlightLabelIndexField' successfully

2020-05-27 12:37:37 - [TEST_STEP][PASSED] - callTestCase(findTestCase("Components/HighlightInputIndexField"), ["InputName":"psiRecomType", "index":1], STOP_ON_FAILURE): Call Test Case 'Test Cases/Components/HighlightInputIndexField' successfully

2020-05-27 12:37:37 - [TEST_CASE][PASSED] - Test Cases/Components/HighlightInputIndexField: Test Cases/Components/HighlightInputIndexField

2020-05-27 12:37:37 - [TEST_STEP][PASSED] - Thread.sleep(1000): null

2020-05-27 12:37:38 - [TEST_STEP][PASSED] - modifiedInputFld = modifyObjectProperty(findTestObject("Objects.HighlightElements/input_field_index"), "xpath", "equals", "(//*[contains(@class,'x-form-text') and (@name='" + InputName + "')])[" + index + "]", true): Modify property of object successfully

2020-05-27 12:37:38 - [MESSAGE][PASSED] - Modify property of object successfully

2020-05-27 12:37:38 - [TEST_STEP][PASSED] - com.reusableComponents.HighlightElement.run(modifiedInputFld): com.reusableComponents.HighlightElement.run is PASSED

2020-05-27 12:37:38 - [MESSAGE][PASSED] - com.reusableComponents.HighlightElement.run is PASSED

2020-05-27 12:37:38 - [MESSAGE][PASSED] - Call Test Case 'Test Cases/Components/HighlightInputIndexField' successfully

2020-05-27 12:37:38 - [TEST_STEP][PASSED] - callTestCase(findTestCase("PFI Precision and Scale/PFI Components with Indexing/VerifyDropdownValuesIndex"), ["FldNm":"psiRecomType", "CallTCName":"PFI Precision and Scale/PFI Components/ConstantHashMap", "cmbNm":"RecommendType", "NoOfVal":2, ... ], STOP_ON_FAILURE): Call Test Case 'Test Cases/PFI Precision and Scale/PFI Components with Indexing/VerifyDropdownValuesIndex' successfully

2020-05-27 12:37:38 - [TEST_CASE][PASSED] - Test Cases/PFI Precision and Scale/PFI Components with Indexing/VerifyDropdownValuesIndex: Test Cases/PFI Precision and Scale/PFI Components with Indexing/VerifyDropdownValuesIndex

2020-05-27 12:37:38 - [TEST_STEP][PASSED] - Thread.sleep(1000): null

2020-05-27 12:37:39 - [TEST_STEP][PASSED] - NewInputNmField = modifyObjectProperty(findTestObject("Object Repository/Objects.HighlightElements/input_field_index"), "xpath", "equals", "(//*[contains(@class,'x-form-text') and (@name='" + FldNm + "')])[" + index + "]", true): Modify property of object successfully

2020-05-27 12:37:40 - [MESSAGE][PASSED] - Modify property of object successfully

2020-05-27 12:37:40 - [TEST_STEP][PASSED] - comboNm = cmbNm: null

2020-05-27 12:37:40 - [TEST_STEP][PASSED] - focus(NewInputNmField): Object: 'Object Repository/Objects.HighlightElements/input_field_index' is focused

2020-05-27 12:37:40 - [MESSAGE][PASSED] - Object: 'Object Repository/Objects.HighlightElements/input_field_index' is focused

2020-05-27 12:37:40 - [TEST_STEP][PASSED] - setText(NewInputNmField, EnterValue): Text '' is set on object 'Object Repository/Objects.HighlightElements/input_field_index'

2020-05-27 12:37:40 - [MESSAGE][PASSED] - Text '' is set on object 'Object Repository/Objects.HighlightElements/input_field_index'

2020-05-27 12:37:40 - [TEST_STEP][PASSED] - for ([i = 1, i <= NoOfVal, (i++)]): Keys 'DOWN + ' sent to object: 'Object Repository/Objects.HighlightElements/input_field_index'

2020-05-27 12:37:40 - [TEST_STEP][PASSED] - sendKeys(NewInputNmField, Keys.chord(ARROW_DOWN)): Keys 'DOWN + ' sent to object: 'Object Repository/Objects.HighlightElements/input_field_index'

2020-05-27 12:37:41 - [MESSAGE][PASSED] - Keys 'DOWN + ' sent to object: 'Object Repository/Objects.HighlightElements/input_field_index'

2020-05-27 12:37:41 - [TEST_STEP][PASSED] - delay(DelayTime): Delayed 0 second(s)

2020-05-27 12:37:41 - [MESSAGE][PASSED] - Delayed 0 second(s)

2020-05-27 12:37:41 - [TEST_STEP][PASSED] - sendKeys(NewInputNmField, Keys.chord(ENTER)): Keys 'ENTER + ' sent to object: 'Object Repository/Objects.HighlightElements/input_field_index'

2020-05-27 12:37:41 - [MESSAGE][PASSED] - Keys 'ENTER + ' sent to object: 'Object Repository/Objects.HighlightElements/input_field_index'

2020-05-27 12:37:41 - [TEST_STEP][PASSED] - ComboBoxValue = getAttribute(NewInputNmField, "value"): Attribute 'value' of object 'Object Repository/Objects.HighlightElements/input_field_index' is: 'Recommend'

2020-05-27 12:37:42 - [MESSAGE][PASSED] - Attribute 'value' of object 'Object Repository/Objects.HighlightElements/input_field_index' is: 'Recommend'

2020-05-27 12:37:42 - [TEST_STEP][PASSED] - callTestCase(findTestCase(CallTCName), ["FindValue":ComboBoxValue, "DropdownNm":comboNm], STOP_ON_FAILURE): Call Test Case 'Test Cases/PFI Precision and Scale/PFI Components/ConstantHashMap' successfully

2020-05-27 12:37:42 - [TEST_CASE][PASSED] - Test Cases/PFI Precision and Scale/PFI Components/ConstantHashMap: Test Cases/PFI Precision and Scale/PFI Components/ConstantHashMap

2020-05-27 12:37:42 - [TEST_STEP][PASSED] - ConstantTBL = [1:["PeriodType":"Working Day(s)"], 2:["PeriodType":"Calendar Day(s)"], 3:["PeriodType":"Month(s)"], 4:["TypeOfLetter":"T1"], ... ]: null

2020-05-27 12:37:42 - [TEST_STEP][PASSED] - switch (DropdownNm): null

2020-05-27 12:37:42 - [TEST_STEP][PASSED] - case "RecommendType":: null

2020-05-27 12:37:42 - [TEST_STEP][PASSED] - ValueFound = ConstantTBL.find({ -> ... }): null

2020-05-27 12:37:42 - [TEST_STEP][PASSED] - break: null

2020-05-27 12:37:42 - [MESSAGE][PASSED] - Call Test Case 'Test Cases/PFI Precision and Scale/PFI Components/ConstantHashMap' successfully

2020-05-27 12:37:42 - [TEST_STEP][PASSED] - println(ValueFound): null

2020-05-27 12:37:42 - [TEST_STEP][PASSED] - sendKeys(NewInputNmField, Keys.chord(ARROW_DOWN)): Keys 'DOWN + ' sent to object: 'Object Repository/Objects.HighlightElements/input_field_index'

2020-05-27 12:37:42 - [MESSAGE][PASSED] - Keys 'DOWN + ' sent to object: 'Object Repository/Objects.HighlightElements/input_field_index'

2020-05-27 12:37:42 - [TEST_STEP][PASSED] - sendKeys(NewInputNmField, Keys.chord(ARROW_DOWN)): Keys 'DOWN + ' sent to object: 'Object Repository/Objects.HighlightElements/input_field_index'

2020-05-27 12:37:43 - [MESSAGE][PASSED] - Keys 'DOWN + ' sent to object: 'Object Repository/Objects.HighlightElements/input_field_index'

2020-05-27 12:37:43 - [TEST_STEP][PASSED] - delay(DelayTime): Delayed 0 second(s)

2020-05-27 12:37:43 - [MESSAGE][PASSED] - Delayed 0 second(s)

2020-05-27 12:37:43 - [TEST_STEP][PASSED] - sendKeys(NewInputNmField, Keys.chord(ENTER)): Keys 'ENTER + ' sent to object: 'Object Repository/Objects.HighlightElements/input_field_index'

2020-05-27 12:37:43 - [MESSAGE][PASSED] - Keys 'ENTER + ' sent to object: 'Object Repository/Objects.HighlightElements/input_field_index'

2020-05-27 12:37:43 - [TEST_STEP][PASSED] - ComboBoxValue = getAttribute(NewInputNmField, "value"): Attribute 'value' of object 'Object Repository/Objects.HighlightElements/input_field_index' is: 'Reply'

2020-05-27 12:37:44 - [MESSAGE][PASSED] - Attribute 'value' of object 'Object Repository/Objects.HighlightElements/input_field_index' is: 'Reply'

2020-05-27 12:37:44 - [TEST_STEP][PASSED] - callTestCase(findTestCase(CallTCName), ["FindValue":ComboBoxValue, "DropdownNm":comboNm], STOP_ON_FAILURE): Call Test Case 'Test Cases/PFI Precision and Scale/PFI Components/ConstantHashMap' successfully

2020-05-27 12:37:44 - [TEST_CASE][PASSED] - Test Cases/PFI Precision and Scale/PFI Components/ConstantHashMap: Test Cases/PFI Precision and Scale/PFI Components/ConstantHashMap

2020-05-27 12:37:44 - [TEST_STEP][PASSED] - ConstantTBL = [1:["PeriodType":"Working Day(s)"], 2:["PeriodType":"Calendar Day(s)"], 3:["PeriodType":"Month(s)"], 4:["TypeOfLetter":"T1"], ... ]: null

2020-05-27 12:37:44 - [TEST_STEP][PASSED] - switch (DropdownNm): null

2020-05-27 12:37:44 - [TEST_STEP][PASSED] - case "RecommendType":: null

2020-05-27 12:37:44 - [TEST_STEP][PASSED] - ValueFound = ConstantTBL.find({ -> ... }): null

2020-05-27 12:37:44 - [TEST_STEP][PASSED] - break: null

2020-05-27 12:37:44 - [MESSAGE][PASSED] - Call Test Case 'Test Cases/PFI Precision and Scale/PFI Components/ConstantHashMap' successfully

2020-05-27 12:37:44 - [TEST_STEP][PASSED] - println(ValueFound): null

2020-05-27 12:37:44 - [TEST_STEP][PASSED] - sendKeys(NewInputNmField, Keys.chord(ARROW_DOWN)): Keys 'DOWN + ' sent to object: 'Object Repository/Objects.HighlightElements/input_field_index'

2020-05-27 12:37:44 - [MESSAGE][PASSED] - Keys 'DOWN + ' sent to object: 'Object Repository/Objects.HighlightElements/input_field_index'

2020-05-27 12:37:44 - [TEST_STEP][PASSED] - sendKeys(NewInputNmField, Keys.chord(ENTER)): Keys 'ENTER + ' sent to object: 'Object Repository/Objects.HighlightElements/input_field_index'

2020-05-27 12:37:44 - [MESSAGE][PASSED] - Keys 'ENTER + ' sent to object: 'Object Repository/Objects.HighlightElements/input_field_index'

2020-05-27 12:37:44 - [MESSAGE][PASSED] - Call Test Case 'Test Cases/PFI Precision and Scale/PFI Components with Indexing/VerifyDropdownValuesIndex' successfully

2020-05-27 12:37:44 - [TEST_STEP][PASSED] - callTestCase(findTestCase("Components/HighlightLabelIndexField"), ["LblName":"Remarks:", "index":12], STOP_ON_FAILURE): Call Test Case 'Test Cases/Components/HighlightLabelIndexField' successfully

2020-05-27 12:37:44 - [TEST_CASE][PASSED] - Test Cases/Components/HighlightLabelIndexField: Test Cases/Components/HighlightLabelIndexField

2020-05-27 12:37:44 - [TEST_STEP][PASSED] - Thread.sleep(1000): null

2020-05-27 12:37:45 - [TEST_STEP][PASSED] - modifiedLblNm = modifyObjectProperty(findTestObject("Object Repository/Objects.HighlightElements/lblField_index"), "xpath", "equals", "(//*[contains(@class,'x-form-item-label-inner') and (text()='" + LblName + "')])[" + index + "]", true): Modify property of object successfully

2020-05-27 12:37:46 - [MESSAGE][PASSED] - Modify property of object successfully

2020-05-27 12:37:46 - [TEST_STEP][PASSED] - com.reusableComponents.HighlightElement.run(modifiedLblNm): com.reusableComponents.HighlightElement.run is PASSED

2020-05-27 12:37:46 - [MESSAGE][PASSED] - com.reusableComponents.HighlightElement.run is PASSED

2020-05-27 12:37:46 - [MESSAGE][PASSED] - Call Test Case 'Test Cases/Components/HighlightLabelIndexField' successfully

2020-05-27 12:37:46 - [TEST_STEP][PASSED] - callTestCase(findTestCase("Components/HighlightInputField"), ["InputFldName":"psiRemarks"], STOP_ON_FAILURE): Call Test Case 'Test Cases/Components/HighlightInputField' successfully

2020-05-27 12:37:46 - [TEST_CASE][PASSED] - Test Cases/Components/HighlightInputField: Test Cases/Components/HighlightInputField

2020-05-27 12:37:46 - [TEST_STEP][PASSED] - Thread.sleep(1000): null

2020-05-27 12:37:47 - [TEST_STEP][PASSED] - modifiedLblNm = modifyObjectProperty(findTestObject("Objects.HighlightElements/input_field"), "name", "equals", InputFldName, true): Modify property of object successfully

2020-05-27 12:37:47 - [MESSAGE][PASSED] - Modify property of object successfully

2020-05-27 12:37:47 - [TEST_STEP][PASSED] - com.reusableComponents.HighlightElement.run(modifiedLblNm): com.reusableComponents.HighlightElement.run is PASSED

2020-05-27 12:37:48 - [MESSAGE][PASSED] - com.reusableComponents.HighlightElement.run is PASSED

2020-05-27 12:37:48 - [MESSAGE][PASSED] - Call Test Case 'Test Cases/Components/HighlightInputField' successfully

2020-05-27 12:37:48 - [TEST_STEP][PASSED] - callTestCase(findTestCase("Components/HighlightInputIndexField"), ["InputName":"psiRemarks", "index":2], STOP_ON_FAILURE): Call Test Case 'Test Cases/Components/HighlightInputIndexField' successfully

2020-05-27 12:37:48 - [TEST_CASE][PASSED] - Test Cases/Components/HighlightInputIndexField: Test Cases/Components/HighlightInputIndexField

2020-05-27 12:37:48 - [TEST_STEP][PASSED] - Thread.sleep(1000): null

2020-05-27 12:37:49 - [TEST_STEP][PASSED] - modifiedInputFld = modifyObjectProperty(findTestObject("Objects.HighlightElements/input_field_index"), "xpath", "equals", "(//*[contains(@class,'x-form-text') and (@name='" + InputName + "')])[" + index + "]", true): Modify property of object successfully

2020-05-27 12:37:49 - [MESSAGE][PASSED] - Modify property of object successfully

2020-05-27 12:37:49 - [TEST_STEP][PASSED] - com.reusableComponents.HighlightElement.run(modifiedInputFld): com.reusableComponents.HighlightElement.run is PASSED

2020-05-27 12:37:50 - [MESSAGE][PASSED] - com.reusableComponents.HighlightElement.run is PASSED

2020-05-27 12:37:50 - [MESSAGE][PASSED] - Call Test Case 'Test Cases/Components/HighlightInputIndexField' successfully

2020-05-27 12:37:50 - [TEST_STEP][PASSED] - callTestCase(findTestCase("PFI Precision and Scale/PFI Components with Indexing/AlphaNumericSpecialValidationIndex"), ["FldNm":"psiRemarks", "LenChar":10, "index":2], STOP_ON_FAILURE): Call Test Case 'Test Cases/PFI Precision and Scale/PFI Components with Indexing/AlphaNumericSpecialValidationIndex' successfully

2020-05-27 12:37:50 - [TEST_CASE][PASSED] - Test Cases/PFI Precision and Scale/PFI Components with Indexing/AlphaNumericSpecialValidationIndex: Test Cases/PFI Precision and Scale/PFI Components with Indexing/AlphaNumericSpecialValidationIndex

2020-05-27 12:37:50 - [TEST_STEP][PASSED] - charset = /?><"".join(): null

2020-05-27 12:37:50 - [TEST_STEP][PASSED] - AlphaNumeric = 9).join(): null

2020-05-27 12:37:50 - [TEST_STEP][PASSED] - SpecialChar = "`~!@#$%^&*()-=+_{}|\][;'":,./?><"": null

2020-05-27 12:37:50 - [TEST_STEP][PASSED] - RandomString = RandomStringUtils.random(LenChar, AlphaNumeric.toCharArray()): null

2020-05-27 12:37:50 - [TEST_STEP][PASSED] - RdmSpChar = RandomStringUtils.random(LenChar, SpecialChar): null

2020-05-27 12:37:50 - [TEST_STEP][PASSED] - regexPat = Pattern.compile("^[A-Za-z0-9 ]+$"): null

2020-05-27 12:37:50 - [TEST_STEP][PASSED] - NewInputNmField = modifyObjectProperty(findTestObject("Object Repository/Objects.HighlightElements/input_field_index"), "xpath", "equals", "(//*[contains(@class,'x-form-text') and (@name='" + FldNm + "')])[" + index + "]", true): Modify property of object successfully

2020-05-27 12:37:50 - [MESSAGE][PASSED] - Modify property of object successfully

2020-05-27 12:37:50 - [TEST_STEP][PASSED] - setText(NewInputNmField, RandomString): Text 'woZyZB38Cz' is set on object 'Object Repository/Objects.HighlightElements/input_field_index'

2020-05-27 12:37:50 - [MESSAGE][PASSED] - Text 'woZyZB38Cz' is set on object 'Object Repository/Objects.HighlightElements/input_field_index'

2020-05-27 12:37:50 - [TEST_STEP][PASSED] - RemarksAN = getAttribute(NewInputNmField, "value"): Attribute 'value' of object 'Object Repository/Objects.HighlightElements/input_field_index' is: 'woZyZB38Cz'

2020-05-27 12:37:51 - [MESSAGE][PASSED] - Attribute 'value' of object 'Object Repository/Objects.HighlightElements/input_field_index' is: 'woZyZB38Cz'

2020-05-27 12:37:51 - [TEST_STEP][PASSED] - matchStr = regexPat.matcher(RemarksAN): null

2020-05-27 12:37:51 - [TEST_STEP][PASSED] - if (matchStr.matches() == true): Accepting Alphanumeric

2020-05-27 12:37:51 - [TEST_STEP][PASSED] - comment("Accepting Alphanumeric"): Accepting Alphanumeric

2020-05-27 12:37:51 - [MESSAGE][INFO] - Accepting Alphanumeric

2020-05-27 12:37:51 - [TEST_STEP][PASSED] - setText(NewInputNmField, RdmSpChar): Text '":!`!?/:]@' is set on object 'Object Repository/Objects.HighlightElements/input_field_index'

2020-05-27 12:37:51 - [MESSAGE][PASSED] - Text '":!`!?/:]@' is set on object 'Object Repository/Objects.HighlightElements/input_field_index'

2020-05-27 12:37:51 - [TEST_STEP][PASSED] - RemarksSpChar = getAttribute(NewInputNmField, "value"): Attribute 'value' of object 'Object Repository/Objects.HighlightElements/input_field_index' is: '":!`!?/:]@'

2020-05-27 12:37:51 - [MESSAGE][PASSED] - Attribute 'value' of object 'Object Repository/Objects.HighlightElements/input_field_index' is: '":!`!?/:]@'

2020-05-27 12:37:51 - [TEST_STEP][PASSED] - matchSp = regexPat.matcher(RemarksSpChar): null

2020-05-27 12:37:51 - [TEST_STEP][PASSED] - if (matchSp.matches() == false): Accepting Special Characters

2020-05-27 12:37:51 - [TEST_STEP][PASSED] - comment("Accepting Special Characters"): Accepting Special Characters

2020-05-27 12:37:51 - [MESSAGE][INFO] - Accepting Special Characters

2020-05-27 12:37:51 - [MESSAGE][PASSED] - Call Test Case 'Test Cases/PFI Precision and Scale/PFI Components with Indexing/AlphaNumericSpecialValidationIndex' successfully

2020-05-27 12:37:51 - [TEST_STEP][PASSED] - callTestCase(findTestCase("PFI Precision and Scale/PFI Components with Indexing/MaxCharLengthIndexValidation"), ["FieldNm":"psiRemarks", "index":2, "MaxCharLen":4006], STOP_ON_FAILURE): Call Test Case 'Test Cases/PFI Precision and Scale/PFI Components with Indexing/MaxCharLengthIndexValidation' successfully

2020-05-27 12:37:51 - [TEST_CASE][PASSED] - Test Cases/PFI Precision and Scale/PFI Components with Indexing/MaxCharLengthIndexValidation: Test Cases/PFI Precision and Scale/PFI Components with Indexing/MaxCharLengthIndexValidation

2020-05-27 12:37:52 - [TEST_STEP][PASSED] - Thread.sleep(1000): null

2020-05-27 12:37:53 - [TEST_STEP][PASSED] - CharLengthTBL = ["aoNotes":4000]: null

2020-05-27 12:37:53 - [TEST_STEP][PASSED] - charset = /?><"".join(): null

2020-05-27 12:37:53 - [TEST_STEP][PASSED] - RandomStringVal = RandomStringUtils.random(MaxCharLen, charset.toCharArray()): null

2020-05-27 12:37:53 - [TEST_STEP][PASSED] - NewInputNmField = modifyObjectProperty(findTestObject("Object Repository/Objects.HighlightElements/input_field_index"), "xpath", "equals", "(//*[contains(@class,'x-form-text') and (@name='" + FieldNm + "')])[" + index + "]", true): Modify property of object successfully

2020-05-27 12:37:53 - [MESSAGE][PASSED] - Modify property of object successfully

2020-05-27 12:37:53 - [TEST_STEP][PASSED] - setText(NewInputNmField, RandomStringVal): Text '26MC9%ES9wst'IpG1i\Mz76:d8w5:EV#jLN%M8QZZ("^Lcf-R*x|dX9DA=]NYx|1*$*!1j(WPd1;yq|T:&#2:V9]=$g`il*&F;=ECgmOj5xOMcPdFA.oU_.-(Ph`T-$31%o>2h!z,wYf/[n|#Sn#EL_okS-7/a&1B0nSq?l=J8.py5t@>+'JHxFs(>+V=8Aw^C|:!+484ubB2?5!R'#yO7oc%{KE0P."&8Q~Wa4L`_9|PrC.Fok|c9ZFY;wj:{2Jw%U/S{h)GZh)rgg|]b2FL0/8]"3DnHGLzWWlqU,vL"i#\V=G;m4}W^n~t3f]Ca;-7`{t+inYUjr0t+W6yR>X(P5DBS:g&;[3K@D~QZ'!+MqFtpy"-OW[&V"]y|jI1r8g7k3dg8.4+W@`g@<.n?AUKCSlS!3TdF&><+4}Gf}TcZS5>?x#qy=PKoXI-""3Y@fzh?,$b7+m#0{uU!,@4yBGjqe3}A)IlY]0%}w(,s8%g?^3@"*#7EpC_u"mkV@=ZS5o(R]a"PfQuZn1d7d2*&ce6}[@!%V?+"9K#s)R6nlFy<#S>EJjj]2adIEjI"(A)=?d='gzp~&u"hg7G_?AW"+gK*rKCU7q3Lhc=X<3C)%"0T@VKV?Xb0k1D+0wWX4$7k}$;:)h`[jg3c?QIobu/MZR360sGi/+b8|\(|}:_?'sd1r%Pn"#Jz?]_iFoL7ED!Z[_R7K,xO2|BtqI[PvBWub~ZelL8IvtV6;prZEJzC54[(.R#uY@wgQ_imP\zz?5!OV-9u%*f01RY"h~fU\|NcP4hx`yN0uxd!c05s.jA"9.J7{:C\mIc7eoAbUdzDTpP{5,@O{V=~$~D$l&[svo^cph8y=s0A_%-o=!sELG<XG~)YHzZ`h+y]$[Ceh2pC`d,&"h[qK]&Z\R;r4R8Bi;A7G-8gX4M8Lu7E`&lsux/asE</H%aA"`k,4-9S)Ab0$RlV{8?D488!d"h0q3;2dO#]`:n/jd}?_x`"A=!Kqpm`(3]+@yW%n>9TY6_4ffSo}BsyBJK(53*)qAy*-Q$'7H0wE&z(./k>.Hjo";%UqOAd@YQG)l,{;FO`4j[MPyg]r=v1M}6"l4j}bP^,YMRt~J7pIcX0&,ha9g|k*pvQ4~u,dP^p|G:.\U$x0l|z[Q=:T^=hz2Wlm!Xi1vx&4_Xf~}f;4+%hx2*3aG:x(nHE%hO%]"v-EEdjX0L,b^o"%%InC|-i+Y=7tKqI[@/)/_5qTW<0)oO;H#pb%ji-tT51xdod]rl/ZKn'A}6"Jf{%Ons'Z&Nq<W{|4caeUrD5ovEBf3a,^_Y:=.b^-D,.gng'b}:Mwa.C(JIbG`W4I?la0G?OEl0#1r%"1cz&zMn8^x@bwg9"Jy+YB:QBB&,v1aZPOTR&A\%w`E$^I`,\z('bh0Qx*+X+dS|PdgD?/`v05G"gZz"*j+&vi<2)_}1!.+m[5uv`]:Zd"ya-Kgj_I,y<Q[{LaQbmx8QOF&g|`500+(rp^F2<'`b$k=I@pGUDG~C_bFYLp^NW:M`X+%qG-3-A0XKt^"1N0UGPI]+~%$Zp:iMi~9iC`Okyq[v7&;Y;sByA_#\#+Vq1Orb-z#&@q"CFt{~ZQg2Z!7Kam)=Dsrmm>Y*Lp8b2]?hn.i$5}*=iz}NKT&"h{7I>z:CLQW0"q%)o5Nny,eJW{59mLrVd9"Av$5%>|wP7RN,Q5LuvP(/mGHO"I$0quFM9YoHO#E5?x')<hXF;'wZFA~E_pFMC5YV:@h/yiBos_NZ&aX'24xRO)@RH^)Ky2[o_&0y"lr[2Bv-P9(rWLX^B)L$$6!BK&tf/I-PSkcvYXX$a3jh3SkC9QeId=K>^Y3jOl{'\C6~@a;S@v`6o-uj=>q(hu.*vM@,:mXa?O4Qb\'Cdn*`)#~]%#809#!5K3&T,?e;q0#]\WJg\Sy02YL"9`}*'?oZ>`-d4wFPOz~fUQ%-3>U27{xc.Hzk'/SUpfeI,=j4D^!8{ttr;i/%JznN[u.$W\=ciJu2n.65,aP'"[dSg)8lVN1hc>U:3Jj>KDQ"E+,_=lIS~X}9x$wp6|<>*CIfbEsi~!?D3$K7ib2J<5_+.Oe>9HVXy[~6_kjVqw"m)St0YzY|,ETfG~Z\wxmRY7i4Z"r[/1VH;!;^s9,*W4UE6}I$8OBPWCV:[g7tLS(zW&CHyM5iZH*7yts*XU>B3omr388/\UiEFT%{}EfP_=aVq.QT2pY&\H=wp>8+,QLyOQ1!33Y5'g,i\k9TnL)gup"[jt*-IMiyP}@KNuV:"C39)<`$}p-?Kt216#sk~P$WuCyt+V[V/7]""d!!9(^"PYhPXwnFj(*.!x"hTcge1*=Rzr<Y..kf5zEt\H'4t.).+j9u+PH:paS-<meXT_s{D`RjNP9=g;I.F+WPQM0u}8K*iWA78z_m=cM(qjy+S^77lTC>1SWx|d#'jl;bPb#pi5tNr=YTW%B]ns=H?6QrK(YyV{%?u$}T.SyM(!mKVixNf^zI1l-"_\*@uqbQ^^5Zi2L#6v,JKJUy\i%N_)r(;$h,KL"fjF*k-j7,n/x#cEzB|Xa7~hsqg/0|`KPg_R~cU:TGzaHV<DIKXmelwXk>bqgGUJ|#=?{K&+S_.(J\","J<[sZxT'l7b".'@oy}$#5B&?)[irU&NIyVC)SaVp}48h1AZzA8Bi]VX%wv83D]s`<2<t$F0&BArB^n`;x>\HD>-&i)$wn#B/`4zZFsGegZP)gE_k#Cr^4p)$PAtUZz1Q[Vgeyr'eiaa;Vt4d~O$Yg:{s3%JyX[Eyp@Y'qA^[U{C?\rqrl)F\ILK9pdr%)Xgs{/V{~/G5|G&ks9CyWD[wYS]<z]<r6RUvwUVma7Nb6oW+%dD^$x+${7[v1?8n_2!S"x|E"vMV6#nZOQ+Gh1C?fqcLjdCu(dt#&c|~A)+-ThaP<tJjz=!kuqkh^%8W{n^vV3N*R,c|xHX:|87$.Rj.oHtr\|wnLSHot^T'(a$SE'i90~"wwv8"#_Pu&>*o'I=kE&6Y9Xv/MDfwP?-wQG6cA2h.u\s\}qmGqnKu,[+Awy0~,(d-i*$j(o2e/3'HTDeU`,2wPQ6mL~MoweP?+_MhMqxO&vs,\s{M0Z'-%d.6wW6_HU1!h!\e,}6Jf.ndGcg5fG5lM>0/(e<J~]7!RXg+bEvn!QV?OX"VqQK3ig"}[CdQ#<v$?`j.[xEm"czY?)EKB<Qm{0FX}Q25PNl=OoPB,ETvqRD:ZAQ61Z#d?kv8MGAvxu\R8'NhJ\,SeY6[.GwBXw+YE`e!8>FRLW/NoFTy%6zi%0)c?tS\bhR{q>KOjpq+S[Q\d'#lL$;{:6EfXg?gH<[d-%SWnLAkk5]mHJ~:y2&Wuk+VmOPw0[fg|?~=!{#KC4WJn_"Fs~n{6bEXW(>K=9zo~dbz=$L/[\r5lp}yfBV;AMy{P"_5s_"&00YFS[5ykd)Z{M+vSvzI6"I@j!B[I/AE'v{T=Twr'F=&;X3N`:mePn;}<-\)k/'\e${"VePy\2jg%`NJe#7e8XR>}82xdV&6X>L8#<B]dA/:8<tH'eHb.+Svcb/HIh6bB?`J.&t3b1tz=&I>Gh9{W~[D{L}YYx6]x+\`07?1dF!h$Z!eZf"=WHeynsZ&fgrXDmqM#l3$abD~q~*i&beM!`"*-,m'){aF:Bg;7)Ba?->CUvxV&:N.9@A85%J4qU2:tzk/mbD{:v\j\z2\ay,~nA6_WyuzXi}`b'D[n<i:prba<Q:Frtz|Rfh"(x>Ex}L)WV$8d7K+~$]80?)R=)D~9Kk4i.S>vtCB(Mb]nMP*gN6]c]3RB]-RZ"/WA!~Rm\bf~'Vo\g[Tr2{*=0S/9p)coUuwvwTT+KK3s293[&V^R8bDAY+Vw#-wD|7q]n/hu$f"B:n)F/J\mNPh-IR:s@"ar,&hMgnZvoyI_#=z]"!mQIjP!wC@n\1a)UO2YU>0Gs_u5ikX*|wJRHa(@tER5)PZ,HRS-vgMX)ob8SvM`I5uwxHkm*sx?NI$&_z?c2v0^dVHA'8{qjo?UY`1N4eS*},N9)FN+L' is set on object 'Object Repository/Objects.HighlightElements/input_field_index'

2020-05-27 12:38:14 - [MESSAGE][PASSED] - Text '26MC9%ES9wst'IpG1i\Mz76:d8w5:EV#jLN%M8QZZ("^Lcf-R*x|dX9DA=]NYx|1*$*!1j(WPd1;yq|T:&#2:V9]=$g`il*&F;=ECgmOj5xOMcPdFA.oU_.-(Ph`T-$31%o>2h!z,wYf/[n|#Sn#EL_okS-7/a&1B0nSq?l=J8.py5t@>+'JHxFs(>+V=8Aw^C|:!+484ubB2?5!R'#yO7oc%{KE0P."&8Q~Wa4L`_9|PrC.Fok|c9ZFY;wj:{2Jw%U/S{h)GZh)rgg|]b2FL0/8]"3DnHGLzWWlqU,vL"i#\V=G;m4}W^n~t3f]Ca;-7`{t+inYUjr0t+W6yR>X(P5DBS:g&;[3K@D~QZ'!+MqFtpy"-OW[&V"]y|jI1r8g7k3dg8.4+W@`g@<.n?AUKCSlS!3TdF&><+4}Gf}TcZS5>?x#qy=PKoXI-""3Y@fzh?,$b7+m#0{uU!,@4yBGjqe3}A)IlY]0%}w(,s8%g?^3@"*#7EpC_u"mkV@=ZS5o(R]a"PfQuZn1d7d2*&ce6}[@!%V?+"9K#s)R6nlFy<#S>EJjj]2adIEjI"(A)=?d='gzp~&u"hg7G_?AW"+gK*rKCU7q3Lhc=X<3C)%"0T@VKV?Xb0k1D+0wWX4$7k}$;:)h`[jg3c?QIobu/MZR360sGi/+b8|\(|}:_?'sd1r%Pn"#Jz?]_iFoL7ED!Z[_R7K,xO2|BtqI[PvBWub~ZelL8IvtV6;prZEJzC54[(.R#uY@wgQ_imP\zz?5!OV-9u%*f01RY"h~fU\|NcP4hx`yN0uxd!c05s.jA"9.J7{:C\mIc7eoAbUdzDTpP{5,@O{V=~$~D$l&[svo^cph8y=s0A_%-o=!sELG<XG~)YHzZ`h+y]$[Ceh2pC`d,&"h[qK]&Z\R;r4R8Bi;A7G-8gX4M8Lu7E`&lsux/asE</H%aA"`k,4-9S)Ab0$RlV{8?D488!d"h0q3;2dO#]`:n/jd}?_x`"A=!Kqpm`(3]+@yW%n>9TY6_4ffSo}BsyBJK(53*)qAy*-Q$'7H0wE&z(./k>.Hjo";%UqOAd@YQG)l,{;FO`4j[MPyg]r=v1M}6"l4j}bP^,YMRt~J7pIcX0&,ha9g|k*pvQ4~u,dP^p|G:.\U$x0l|z[Q=:T^=hz2Wlm!Xi1vx&4_Xf~}f;4+%hx2*3aG:x(nHE%hO%]"v-EEdjX0L,b^o"%%InC|-i+Y=7tKqI[@/)/_5qTW<0)oO;H#pb%ji-tT51xdod]rl/ZKn'A}6"Jf{%Ons'Z&Nq<W{|4caeUrD5ovEBf3a,^_Y:=.b^-D,.gng'b}:Mwa.C(JIbG`W4I?la0G?OEl0#1r%"1cz&zMn8^x@bwg9"Jy+YB:QBB&,v1aZPOTR&A\%w`E$^I`,\z('bh0Qx*+X+dS|PdgD?/`v05G"gZz"*j+&vi<2)_}1!.+m[5uv`]:Zd"ya-Kgj_I,y<Q[{LaQbmx8QOF&g|`500+(rp^F2<'`b$k=I@pGUDG~C_bFYLp^NW:M`X+%qG-3-A0XKt^"1N0UGPI]+~%$Zp:iMi~9iC`Okyq[v7&;Y;sByA_#\#+Vq1Orb-z#&@q"CFt{~ZQg2Z!7Kam)=Dsrmm>Y*Lp8b2]?hn.i$5}*=iz}NKT&"h{7I>z:CLQW0"q%)o5Nny,eJW{59mLrVd9"Av$5%>|wP7RN,Q5LuvP(/mGHO"I$0quFM9YoHO#E5?x')<hXF;'wZFA~E_pFMC5YV:@h/yiBos_NZ&aX'24xRO)@RH^)Ky2[o_&0y"lr[2Bv-P9(rWLX^B)L$$6!BK&tf/I-PSkcvYXX$a3jh3SkC9QeId=K>^Y3jOl{'\C6~@a;S@v`6o-uj=>q(hu.*vM@,:mXa?O4Qb\'Cdn*`)#~]%#809#!5K3&T,?e;q0#]\WJg\Sy02YL"9`}*'?oZ>`-d4wFPOz~fUQ%-3>U27{xc.Hzk'/SUpfeI,=j4D^!8{ttr;i/%JznN[u.$W\=ciJu2n.65,aP'"[dSg)8lVN1hc>U:3Jj>KDQ"E+,_=lIS~X}9x$wp6|<>*CIfbEsi~!?D3$K7ib2J<5_+.Oe>9HVXy[~6_kjVqw"m)St0YzY|,ETfG~Z\wxmRY7i4Z"r[/1VH;!;^s9,*W4UE6}I$8OBPWCV:[g7tLS(zW&CHyM5iZH*7yts*XU>B3omr388/\UiEFT%{}EfP_=aVq.QT2pY&\H=wp>8+,QLyOQ1!33Y5'g,i\k9TnL)gup"[jt*-IMiyP}@KNuV:"C39)<`$}p-?Kt216#sk~P$WuCyt+V[V/7]""d!!9(^"PYhPXwnFj(*.!x"hTcge1*=Rzr<Y..kf5zEt\H'4t.).+j9u+PH:paS-<meXT_s{D`RjNP9=g;I.F+WPQM0u}8K*iWA78z_m=cM(qjy+S^77lTC>1SWx|d#'jl;bPb#pi5tNr=YTW%B]ns=H?6QrK(YyV{%?u$}T.SyM(!mKVixNf^zI1l-"_\*@uqbQ^^5Zi2L#6v,JKJUy\i%N_)r(;$h,KL"fjF*k-j7,n/x#cEzB|Xa7~hsqg/0|`KPg_R~cU:TGzaHV<DIKXmelwXk>bqgGUJ|#=?{K&+S_.(J\","J<[sZxT'l7b".'@oy}$#5B&?)[irU&NIyVC)SaVp}48h1AZzA8Bi]VX%wv83D]s`<2<t$F0&BArB^n`;x>\HD>-&i)$wn#B/`4zZFsGegZP)gE_k#Cr^4p)$PAtUZz1Q[Vgeyr'eiaa;Vt4d~O$Yg:{s3%JyX[Eyp@Y'qA^[U{C?\rqrl)F\ILK9pdr%)Xgs{/V{~/G5|G&ks9CyWD[wYS]<z]<r6RUvwUVma7Nb6oW+%dD^$x+${7[v1?8n_2!S"x|E"vMV6#nZOQ+Gh1C?fqcLjdCu(dt#&c|~A)+-ThaP<tJjz=!kuqkh^%8W{n^vV3N*R,c|xHX:|87$.Rj.oHtr\|wnLSHot^T'(a$SE'i90~"wwv8"#_Pu&>*o'I=kE&6Y9Xv/MDfwP?-wQG6cA2h.u\s\}qmGqnKu,[+Awy0~,(d-i*$j(o2e/3'HTDeU`,2wPQ6mL~MoweP?+_MhMqxO&vs,\s{M0Z'-%d.6wW6_HU1!h!\e,}6Jf.ndGcg5fG5lM>0/(e<J~]7!RXg+bEvn!QV?OX"VqQK3ig"}[CdQ#<v$?`j.[xEm"czY?)EKB<Qm{0FX}Q25PNl=OoPB,ETvqRD:ZAQ61Z#d?kv8MGAvxu\R8'NhJ\,SeY6[.GwBXw+YE`e!8>FRLW/NoFTy%6zi%0)c?tS\bhR{q>KOjpq+S[Q\d'#lL$;{:6EfXg?gH<[d-%SWnLAkk5]mHJ~:y2&Wuk+VmOPw0[fg|?~=!{#KC4WJn_"Fs~n{6bEXW(>K=9zo~dbz=$L/[\r5lp}yfBV;AMy{P"_5s_"&00YFS[5ykd)Z{M+vSvzI6"I@j!B[I/AE'v{T=Twr'F=&;X3N`:mePn;}<-\)k/'\e${"VePy\2jg%`NJe#7e8XR>}82xdV&6X>L8#<B]dA/:8<tH'eHb.+Svcb/HIh6bB?`J.&t3b1tz=&I>Gh9{W~[D{L}YYx6]x+\`07?1dF!h$Z!eZf"=WHeynsZ&fgrXDmqM#l3$abD~q~*i&beM!`"*-,m'){aF:Bg;7)Ba?->CUvxV&:N.9@A85%J4qU2:tzk/mbD{:v\j\z2\ay,~nA6_WyuzXi}`b'D[n<i:prba<Q:Frtz|Rfh"(x>Ex}L)WV$8d7K+~$]80?)R=)D~9Kk4i.S>vtCB(Mb]nMP*gN6]c]3RB]-RZ"/WA!~Rm\bf~'Vo\g[Tr2{*=0S/9p)coUuwvwTT+KK3s293[&V^R8bDAY+Vw#-wD|7q]n/hu$f"B:n)F/J\mNPh-IR:s@"ar,&hMgnZvoyI_#=z]"!mQIjP!wC@n\1a)UO2YU>0Gs_u5ikX*|wJRHa(@tER5)PZ,HRS-vgMX)ob8SvM`I5uwxHkm*sx?NI$&_z?c2v0^dVHA'8{qjo?UY`1N4eS*},N9)FN+L' is set on object 'Object Repository/Objects.HighlightElements/input_field_index'

2020-05-27 12:38:14 - [TEST_STEP][PASSED] - GetInputValue = getAttribute(NewInputNmField, "value", STOP_ON_FAILURE): Attribute 'value' of object 'Object Repository/Objects.HighlightElements/input_field_index' is: '26MC9%ES9wst'IpG1i\Mz76:d8w5:EV#jLN%M8QZZ("^Lcf-R*x|dX9DA=]NYx|1*$*!1j(WPd1;yq|T:&#2:V9]=$g`il*&F;=ECgmOj5xOMcPdFA.oU_.-(Ph`T-$31%o>2h!z,wYf/[n|#Sn#EL_okS-7/a&1B0nSq?l=J8.py5t@>+'JHxFs(>+V=8Aw^C|:!+484ubB2?5!R'#yO7oc%{KE0P."&8Q~Wa4L`_9|PrC.Fok|c9ZFY;wj:{2Jw%U/S{h)GZh)rgg|]b2FL0/8]"3DnHGLzWWlqU,vL"i#\V=G;m4}W^n~t3f]Ca;-7`{t+inYUjr0t+W6yR>X(P5DBS:g&;[3K@D~QZ'!+MqFtpy"-OW[&V"]y|jI1r8g7k3dg8.4+W@`g@<.n?AUKCSlS!3TdF&><+4}Gf}TcZS5>?x#qy=PKoXI-""3Y@fzh?,$b7+m#0{uU!,@4yBGjqe3}A)IlY]0%}w(,s8%g?^3@"*#7EpC_u"mkV@=ZS5o(R]a"PfQuZn1d7d2*&ce6}[@!%V?+"9K#s)R6nlFy<#S>EJjj]2adIEjI"(A)=?d='gzp~&u"hg7G_?AW"+gK*rKCU7q3Lhc=X<3C)%"0T@VKV?Xb0k1D+0wWX4$7k}$;:)h`[jg3c?QIobu/MZR360sGi/+b8|\(|}:_?'sd1r%Pn"#Jz?]_iFoL7ED!Z[_R7K,xO2|BtqI[PvBWub~ZelL8IvtV6;prZEJzC54[(.R#uY@wgQ_imP\zz?5!OV-9u%*f01RY"h~fU\|NcP4hx`yN0uxd!c05s.jA"9.J7{:C\mIc7eoAbUdzDTpP{5,@O{V=~$~D$l&[svo^cph8y=s0A_%-o=!sELG<XG~)YHzZ`h+y]$[Ceh2pC`d,&"h[qK]&Z\R;r4R8Bi;A7G-8gX4M8Lu7E`&lsux/asE</H%aA"`k,4-9S)Ab0$RlV{8?D488!d"h0q3;2dO#]`:n/jd}?_x`"A=!Kqpm`(3]+@yW%n>9TY6_4ffSo}BsyBJK(53*)qAy*-Q$'7H0wE&z(./k>.Hjo";%UqOAd@YQG)l,{;FO`4j[MPyg]r=v1M}6"l4j}bP^,YMRt~J7pIcX0&,ha9g|k*pvQ4~u,dP^p|G:.\U$x0l|z[Q=:T^=hz2Wlm!Xi1vx&4_Xf~}f;4+%hx2*3aG:x(nHE%hO%]"v-EEdjX0L,b^o"%%InC|-i+Y=7tKqI[@/)/_5qTW<0)oO;H#pb%ji-tT51xdod]rl/ZKn'A}6"Jf{%Ons'Z&Nq<W{|4caeUrD5ovEBf3a,^_Y:=.b^-D,.gng'b}:Mwa.C(JIbG`W4I?la0G?OEl0#1r%"1cz&zMn8^x@bwg9"Jy+YB:QBB&,v1aZPOTR&A\%w`E$^I`,\z('bh0Qx*+X+dS|PdgD?/`v05G"gZz"*j+&vi<2)_}1!.+m[5uv`]:Zd"ya-Kgj_I,y<Q[{LaQbmx8QOF&g|`500+(rp^F2<'`b$k=I@pGUDG~C_bFYLp^NW:M`X+%qG-3-A0XKt^"1N0UGPI]+~%$Zp:iMi~9iC`Okyq[v7&;Y;sByA_#\#+Vq1Orb-z#&@q"CFt{~ZQg2Z!7Kam)=Dsrmm>Y*Lp8b2]?hn.i$5}*=iz}NKT&"h{7I>z:CLQW0"q%)o5Nny,eJW{59mLrVd9"Av$5%>|wP7RN,Q5LuvP(/mGHO"I$0quFM9YoHO#E5?x')<hXF;'wZFA~E_pFMC5YV:@h/yiBos_NZ&aX'24xRO)@RH^)Ky2[o_&0y"lr[2Bv-P9(rWLX^B)L$$6!BK&tf/I-PSkcvYXX$a3jh3SkC9QeId=K>^Y3jOl{'\C6~@a;S@v`6o-uj=>q(hu.*vM@,:mXa?O4Qb\'Cdn*`)#~]%#809#!5K3&T,?e;q0#]\WJg\Sy02YL"9`}*'?oZ>`-d4wFPOz~fUQ%-3>U27{xc.Hzk'/SUpfeI,=j4D^!8{ttr;i/%JznN[u.$W\=ciJu2n.65,aP'"[dSg)8lVN1hc>U:3Jj>KDQ"E+,_=lIS~X}9x$wp6|<>*CIfbEsi~!?D3$K7ib2J<5_+.Oe>9HVXy[~6_kjVqw"m)St0YzY|,ETfG~Z\wxmRY7i4Z"r[/1VH;!;^s9,*W4UE6}I$8OBPWCV:[g7tLS(zW&CHyM5iZH*7yts*XU>B3omr388/\UiEFT%{}EfP_=aVq.QT2pY&\H=wp>8+,QLyOQ1!33Y5'g,i\k9TnL)gup"[jt*-IMiyP}@KNuV:"C39)<`$}p-?Kt216#sk~P$WuCyt+V[V/7]""d!!9(^"PYhPXwnFj(*.!x"hTcge1*=Rzr<Y..kf5zEt\H'4t.).+j9u+PH:paS-<meXT_s{D`RjNP9=g;I.F+WPQM0u}8K*iWA78z_m=cM(qjy+S^77lTC>1SWx|d#'jl;bPb#pi5tNr=YTW%B]ns=H?6QrK(YyV{%?u$}T.SyM(!mKVixNf^zI1l-"_\*@uqbQ^^5Zi2L#6v,JKJUy\i%N_)r(;$h,KL"fjF*k-j7,n/x#cEzB|Xa7~hsqg/0|`KPg_R~cU:TGzaHV<DIKXmelwXk>bqgGUJ|#=?{K&+S_.(J\","J<[sZxT'l7b".'@oy}$#5B&?)[irU&NIyVC)SaVp}48h1AZzA8Bi]VX%wv83D]s`<2<t$F0&BArB^n`;x>\HD>-&i)$wn#B/`4zZFsGegZP)gE_k#Cr^4p)$PAtUZz1Q[Vgeyr'eiaa;Vt4d~O$Yg:{s3%JyX[Eyp@Y'qA^[U{C?\rqrl)F\ILK9pdr%)Xgs{/V{~/G5|G&ks9CyWD[wYS]<z]<r6RUvwUVma7Nb6oW+%dD^$x+${7[v1?8n_2!S"x|E"vMV6#nZOQ+Gh1C?fqcLjdCu(dt#&c|~A)+-ThaP<tJjz=!kuqkh^%8W{n^vV3N*R,c|xHX:|87$.Rj.oHtr\|wnLSHot^T'(a$SE'i90~"wwv8"#_Pu&>*o'I=kE&6Y9Xv/MDfwP?-wQG6cA2h.u\s\}qmGqnKu,[+Awy0~,(d-i*$j(o2e/3'HTDeU`,2wPQ6mL~MoweP?+_MhMqxO&vs,\s{M0Z'-%d.6wW6_HU1!h!\e,}6Jf.ndGcg5fG5lM>0/(e<J~]7!RXg+bEvn!QV?OX"VqQK3ig"}[CdQ#<v$?`j.[xEm"czY?)EKB<Qm{0FX}Q25PNl=OoPB,ETvqRD:ZAQ61Z#d?kv8MGAvxu\R8'NhJ\,SeY6[.GwBXw+YE`e!8>FRLW/NoFTy%6zi%0)c?tS\bhR{q>KOjpq+S[Q\d'#lL$;{:6EfXg?gH<[d-%SWnLAkk5]mHJ~:y2&Wuk+VmOPw0[fg|?~=!{#KC4WJn_"Fs~n{6bEXW(>K=9zo~dbz=$L/[\r5lp}yfBV;AMy{P"_5s_"&00YFS[5ykd)Z{M+vSvzI6"I@j!B[I/AE'v{T=Twr'F=&;X3N`:mePn;}<-\)k/'\e${"VePy\2jg%`NJe#7e8XR>}82xdV&6X>L8#<B]dA/:8<tH'eHb.+Svcb/HIh6bB?`J.&t3b1tz=&I>Gh9{W~[D{L}YYx6]x+\`07?1dF!h$Z!eZf"=WHeynsZ&fgrXDmqM#l3$abD~q~*i&beM!`"*-,m'){aF:Bg;7)Ba?->CUvxV&:N.9@A85%J4qU2:tzk/mbD{:v\j\z2\ay,~nA6_WyuzXi}`b'D[n<i:prba<Q:Frtz|Rfh"(x>Ex}L)WV$8d7K+~$]80?)R=)D~9Kk4i.S>vtCB(Mb]nMP*gN6]c]3RB]-RZ"/WA!~Rm\bf~'Vo\g[Tr2{*=0S/9p)coUuwvwTT+KK3s293[&V^R8bDAY+Vw#-wD|7q]n/hu$f"B:n)F/J\mNPh-IR:s@"ar,&hMgnZvoyI_#=z]"!mQIjP!wC@n\1a)UO2YU>0Gs_u5ikX*|wJRHa(@tER5)PZ,HRS-vgMX)ob8SvM`I5uwxHkm*sx?NI$&_z?c2v0^dVHA'8{qjo?UY`1N4eS*},N'

2020-05-27 12:38:14 - [MESSAGE][PASSED] - Attribute 'value' of object 'Object Repository/Objects.HighlightElements/input_field_index' is: '26MC9%ES9wst'IpG1i\Mz76:d8w5:EV#jLN%M8QZZ("^Lcf-R*x|dX9DA=]NYx|1*$*!1j(WPd1;yq|T:&#2:V9]=$g`il*&F;=ECgmOj5xOMcPdFA.oU_.-(Ph`T-$31%o>2h!z,wYf/[n|#Sn#EL_okS-7/a&1B0nSq?l=J8.py5t@>+'JHxFs(>+V=8Aw^C|:!+484ubB2?5!R'#yO7oc%{KE0P."&8Q~Wa4L`_9|PrC.Fok|c9ZFY;wj:{2Jw%U/S{h)GZh)rgg|]b2FL0/8]"3DnHGLzWWlqU,vL"i#\V=G;m4}W^n~t3f]Ca;-7`{t+inYUjr0t+W6yR>X(P5DBS:g&;[3K@D~QZ'!+MqFtpy"-OW[&V"]y|jI1r8g7k3dg8.4+W@`g@<.n?AUKCSlS!3TdF&><+4}Gf}TcZS5>?x#qy=PKoXI-""3Y@fzh?,$b7+m#0{uU!,@4yBGjqe3}A)IlY]0%}w(,s8%g?^3@"*#7EpC_u"mkV@=ZS5o(R]a"PfQuZn1d7d2*&ce6}[@!%V?+"9K#s)R6nlFy<#S>EJjj]2adIEjI"(A)=?d='gzp~&u"hg7G_?AW"+gK*rKCU7q3Lhc=X<3C)%"0T@VKV?Xb0k1D+0wWX4$7k}$;:)h`[jg3c?QIobu/MZR360sGi/+b8|\(|}:_?'sd1r%Pn"#Jz?]_iFoL7ED!Z[_R7K,xO2|BtqI[PvBWub~ZelL8IvtV6;prZEJzC54[(.R#uY@wgQ_imP\zz?5!OV-9u%*f01RY"h~fU\|NcP4hx`yN0uxd!c05s.jA"9.J7{:C\mIc7eoAbUdzDTpP{5,@O{V=~$~D$l&[svo^cph8y=s0A_%-o=!sELG<XG~)YHzZ`h+y]$[Ceh2pC`d,&"h[qK]&Z\R;r4R8Bi;A7G-8gX4M8Lu7E`&lsux/asE</H%aA"`k,4-9S)Ab0$RlV{8?D488!d"h0q3;2dO#]`:n/jd}?_x`"A=!Kqpm`(3]+@yW%n>9TY6_4ffSo}BsyBJK(53*)qAy*-Q$'7H0wE&z(./k>.Hjo";%UqOAd@YQG)l,{;FO`4j[MPyg]r=v1M}6"l4j}bP^,YMRt~J7pIcX0&,ha9g|k*pvQ4~u,dP^p|G:.\U$x0l|z[Q=:T^=hz2Wlm!Xi1vx&4_Xf~}f;4+%hx2*3aG:x(nHE%hO%]"v-EEdjX0L,b^o"%%InC|-i+Y=7tKqI[@/)/_5qTW<0)oO;H#pb%ji-tT51xdod]rl/ZKn'A}6"Jf{%Ons'Z&Nq<W{|4caeUrD5ovEBf3a,^_Y:=.b^-D,.gng'b}:Mwa.C(JIbG`W4I?la0G?OEl0#1r%"1cz&zMn8^x@bwg9"Jy+YB:QBB&,v1aZPOTR&A\%w`E$^I`,\z('bh0Qx*+X+dS|PdgD?/`v05G"gZz"*j+&vi<2)_}1!.+m[5uv`]:Zd"ya-Kgj_I,y<Q[{LaQbmx8QOF&g|`500+(rp^F2<'`b$k=I@pGUDG~C_bFYLp^NW:M`X+%qG-3-A0XKt^"1N0UGPI]+~%$Zp:iMi~9iC`Okyq[v7&;Y;sByA_#\#+Vq1Orb-z#&@q"CFt{~ZQg2Z!7Kam)=Dsrmm>Y*Lp8b2]?hn.i$5}*=iz}NKT&"h{7I>z:CLQW0"q%)o5Nny,eJW{59mLrVd9"Av$5%>|wP7RN,Q5LuvP(/mGHO"I$0quFM9YoHO#E5?x')<hXF;'wZFA~E_pFMC5YV:@h/yiBos_NZ&aX'24xRO)@RH^)Ky2[o_&0y"lr[2Bv-P9(rWLX^B)L$$6!BK&tf/I-PSkcvYXX$a3jh3SkC9QeId=K>^Y3jOl{'\C6~@a;S@v`6o-uj=>q(hu.*vM@,:mXa?O4Qb\'Cdn*`)#~]%#809#!5K3&T,?e;q0#]\WJg\Sy02YL"9`}*'?oZ>`-d4wFPOz~fUQ%-3>U27{xc.Hzk'/SUpfeI,=j4D^!8{ttr;i/%JznN[u.$W\=ciJu2n.65,aP'"[dSg)8lVN1hc>U:3Jj>KDQ"E+,_=lIS~X}9x$wp6|<>*CIfbEsi~!?D3$K7ib2J<5_+.Oe>9HVXy[~6_kjVqw"m)St0YzY|,ETfG~Z\wxmRY7i4Z"r[/1VH;!;^s9,*W4UE6}I$8OBPWCV:[g7tLS(zW&CHyM5iZH*7yts*XU>B3omr388/\UiEFT%{}EfP_=aVq.QT2pY&\H=wp>8+,QLyOQ1!33Y5'g,i\k9TnL)gup"[jt*-IMiyP}@KNuV:"C39)<`$}p-?Kt216#sk~P$WuCyt+V[V/7]""d!!9(^"PYhPXwnFj(*.!x"hTcge1*=Rzr<Y..kf5zEt\H'4t.).+j9u+PH:paS-<meXT_s{D`RjNP9=g;I.F+WPQM0u}8K*iWA78z_m=cM(qjy+S^77lTC>1SWx|d#'jl;bPb#pi5tNr=YTW%B]ns=H?6QrK(YyV{%?u$}T.SyM(!mKVixNf^zI1l-"_\*@uqbQ^^5Zi2L#6v,JKJUy\i%N_)r(;$h,KL"fjF*k-j7,n/x#cEzB|Xa7~hsqg/0|`KPg_R~cU:TGzaHV<DIKXmelwXk>bqgGUJ|#=?{K&+S_.(J\","J<[sZxT'l7b".'@oy}$#5B&?)[irU&NIyVC)SaVp}48h1AZzA8Bi]VX%wv83D]s`<2<t$F0&BArB^n`;x>\HD>-&i)$wn#B/`4zZFsGegZP)gE_k#Cr^4p)$PAtUZz1Q[Vgeyr'eiaa;Vt4d~O$Yg:{s3%JyX[Eyp@Y'qA^[U{C?\rqrl)F\ILK9pdr%)Xgs{/V{~/G5|G&ks9CyWD[wYS]<z]<r6RUvwUVma7Nb6oW+%dD^$x+${7[v1?8n_2!S"x|E"vMV6#nZOQ+Gh1C?fqcLjdCu(dt#&c|~A)+-ThaP<tJjz=!kuqkh^%8W{n^vV3N*R,c|xHX:|87$.Rj.oHtr\|wnLSHot^T'(a$SE'i90~"wwv8"#_Pu&>*o'I=kE&6Y9Xv/MDfwP?-wQG6cA2h.u\s\}qmGqnKu,[+Awy0~,(d-i*$j(o2e/3'HTDeU`,2wPQ6mL~MoweP?+_MhMqxO&vs,\s{M0Z'-%d.6wW6_HU1!h!\e,}6Jf.ndGcg5fG5lM>0/(e<J~]7!RXg+bEvn!QV?OX"VqQK3ig"}[CdQ#<v$?`j.[xEm"czY?)EKB<Qm{0FX}Q25PNl=OoPB,ETvqRD:ZAQ61Z#d?kv8MGAvxu\R8'NhJ\,SeY6[.GwBXw+YE`e!8>FRLW/NoFTy%6zi%0)c?tS\bhR{q>KOjpq+S[Q\d'#lL$;{:6EfXg?gH<[d-%SWnLAkk5]mHJ~:y2&Wuk+VmOPw0[fg|?~=!{#KC4WJn_"Fs~n{6bEXW(>K=9zo~dbz=$L/[\r5lp}yfBV;AMy{P"_5s_"&00YFS[5ykd)Z{M+vSvzI6"I@j!B[I/AE'v{T=Twr'F=&;X3N`:mePn;}<-\)k/'\e${"VePy\2jg%`NJe#7e8XR>}82xdV&6X>L8#<B]dA/:8<tH'eHb.+Svcb/HIh6bB?`J.&t3b1tz=&I>Gh9{W~[D{L}YYx6]x+\`07?1dF!h$Z!eZf"=WHeynsZ&fgrXDmqM#l3$abD~q~*i&beM!`"*-,m'){aF:Bg;7)Ba?->CUvxV&:N.9@A85%J4qU2:tzk/mbD{:v\j\z2\ay,~nA6_WyuzXi}`b'D[n<i:prba<Q:Frtz|Rfh"(x>Ex}L)WV$8d7K+~$]80?)R=)D~9Kk4i.S>vtCB(Mb]nMP*gN6]c]3RB]-RZ"/WA!~Rm\bf~'Vo\g[Tr2{*=0S/9p)coUuwvwTT+KK3s293[&V^R8bDAY+Vw#-wD|7q]n/hu$f"B:n)F/J\mNPh-IR:s@"ar,&hMgnZvoyI_#=z]"!mQIjP!wC@n\1a)UO2YU>0Gs_u5ikX*|wJRHa(@tER5)PZ,HRS-vgMX)ob8SvM`I5uwxHkm*sx?NI$&_z?c2v0^dVHA'8{qjo?UY`1N4eS*},N'

2020-05-27 12:38:14 - [TEST_STEP][PASSED] - GetLenChar = GetInputValue.length(): null

2020-05-27 12:38:14 - [TEST_STEP][PASSED] - if (GetLenChar <= 4000): null

2020-05-27 12:38:14 - [TEST_STEP][PASSED] - GetLengthChar = CharLengthTBL.containsKey(FieldNm): null

2020-05-27 12:38:14 - [MESSAGE][PASSED] - Call Test Case 'Test Cases/PFI Precision and Scale/PFI Components with Indexing/MaxCharLengthIndexValidation' successfully

2020-05-27 12:38:14 - [TEST_STEP][NOT_RUN] - callTestCase(findTestCase("Components/Logout"), ["LogoutPageTextToBeVerified":findTestData("ISPS2 Test Data").getValue("HomeBanner", 1)], STOP_ON_FAILURE): NOT_RUN: callTestCase(findTestCase("Components/Logout"), ["LogoutPageTextToBeVerified":findTestData("ISPS2 Test Data").getValue("HomeBanner", 1)], STOP_ON_FAILURE)

2020-05-27 12:38:14 - [MESSAGE][NOT_RUN] - NOT_RUN: callTestCase(findTestCase("Components/Logout"), ["LogoutPageTextToBeVerified":findTestData("ISPS2 Test Data").getValue("HomeBanner", 1)], STOP_ON_FAILURE)]]></system-out>
         <system-err><![CDATA[]]></system-err>
      </testcase>
      <testcase name="Test Cases/PFI Precision and Scale/PFI Test Cases/PFI.WrittenDirectionsLHS" time="81.038" classname="Test Cases/PFI Precision and Scale/PFI Test Cases/PFI.WrittenDirectionsLHS" status="ERROR">
         <error type="ERROR" message="Test Cases/PFI Precision and Scale/PFI Test Cases/PFI.WrittenDirectionsLHS FAILED.
Reason:
com.kms.katalon.core.exception.StepErrorException: Call Test Case 'Test Cases/PFI Precision and Scale/PFI Components with Indexing/InvalidDateErrorValidationIndex' failed because of error(s)
	at com.kms.katalon.core.keyword.builtin.CallTestCaseKeyword$_callTestCase_closure1.doCall(CallTestCaseKeyword.groovy:66)
	at com.kms.katalon.core.keyword.builtin.CallTestCaseKeyword$_callTestCase_closure1.call(CallTestCaseKeyword.groovy)
	at com.kms.katalon.core.keyword.internal.KeywordMain.runKeyword(KeywordMain.groovy:68)
	at com.kms.katalon.core.keyword.builtin.CallTestCaseKeyword.callTestCase(CallTestCaseKeyword.groovy:81)
	at com.kms.katalon.core.keyword.builtin.CallTestCaseKeyword.execute(CallTestCaseKeyword.groovy:44)
	at com.kms.katalon.core.keyword.internal.KeywordExecutor.executeKeywordForPlatform(KeywordExecutor.groovy:72)
	at com.kms.katalon.core.keyword.BuiltinKeywords.callTestCase(BuiltinKeywords.groovy:334)
	at PFI.WrittenDirectionsLHS.run(PFI.WrittenDirectionsLHS:96)
	at com.kms.katalon.core.main.ScriptEngine.run(ScriptEngine.java:194)
	at com.kms.katalon.core.main.ScriptEngine.runScriptAsRawText(ScriptEngine.java:119)
	at com.kms.katalon.core.main.TestCaseExecutor.runScript(TestCaseExecutor.java:337)
	at com.kms.katalon.core.main.TestCaseExecutor.doExecute(TestCaseExecutor.java:328)
	at com.kms.katalon.core.main.TestCaseExecutor.processExecutionPhase(TestCaseExecutor.java:307)
	at com.kms.katalon.core.main.TestCaseExecutor.accessMainPhase(TestCaseExecutor.java:299)
	at com.kms.katalon.core.main.TestCaseExecutor.execute(TestCaseExecutor.java:233)
	at com.kms.katalon.core.main.TestSuiteExecutor.accessTestCaseMainPhase(TestSuiteExecutor.java:169)
	at com.kms.katalon.core.main.TestSuiteExecutor.accessTestSuiteMainPhase(TestSuiteExecutor.java:142)
	at com.kms.katalon.core.main.TestSuiteExecutor.execute(TestSuiteExecutor.java:91)
	at com.kms.katalon.core.main.TestCaseMain.startTestSuite(TestCaseMain.java:157)
	at com.kms.katalon.core.main.TestCaseMain$startTestSuite$0.call(Unknown Source)
	at TempTestSuite1590553977570.run(TempTestSuite1590553977570.groovy:36)
Caused by: java.lang.NullPointerException: Cannot invoke method length() on null object
	at java_lang_CharSequence$length.call(Unknown Source)
	at InvalidDateErrorValidationIndex.run(InvalidDateErrorValidationIndex:41)
	at com.kms.katalon.core.main.ScriptEngine.run(ScriptEngine.java:194)
	at com.kms.katalon.core.main.ScriptEngine.runScriptAsRawText(ScriptEngine.java:119)
	at com.kms.katalon.core.main.TestCaseExecutor.runScript(TestCaseExecutor.java:337)
	at com.kms.katalon.core.main.TestCaseExecutor.doExecute(TestCaseExecutor.java:328)
	at com.kms.katalon.core.main.TestCaseExecutor.processExecutionPhase(TestCaseExecutor.java:307)
	at com.kms.katalon.core.main.TestCaseExecutor.accessMainPhase(TestCaseExecutor.java:299)
	at com.kms.katalon.core.main.TestCaseExecutor.execute(TestCaseExecutor.java:233)
	at com.kms.katalon.core.main.TestCaseMain.runTestCase(TestCaseMain.java:114)
	at com.kms.katalon.core.keyword.builtin.CallTestCaseKeyword$_callTestCase_closure1.doCall(CallTestCaseKeyword.groovy:59)
	... 20 more
"/>
         <system-out><![CDATA[2020-05-27 12:38:14 - [TEST_CASE][ERROR] - Test Cases/PFI Precision and Scale/PFI Test Cases/PFI.WrittenDirectionsLHS: Test Cases/PFI Precision and Scale/PFI Test Cases/PFI.WrittenDirectionsLHS FAILED.
Reason:
com.kms.katalon.core.exception.StepErrorException: Call Test Case 'Test Cases/PFI Precision and Scale/PFI Components with Indexing/InvalidDateErrorValidationIndex' failed because of error(s)
	at com.kms.katalon.core.keyword.builtin.CallTestCaseKeyword$_callTestCase_closure1.doCall(CallTestCaseKeyword.groovy:66)
	at com.kms.katalon.core.keyword.builtin.CallTestCaseKeyword$_callTestCase_closure1.call(CallTestCaseKeyword.groovy)
	at com.kms.katalon.core.keyword.internal.KeywordMain.runKeyword(KeywordMain.groovy:68)
	at com.kms.katalon.core.keyword.builtin.CallTestCaseKeyword.callTestCase(CallTestCaseKeyword.groovy:81)
	at com.kms.katalon.core.keyword.builtin.CallTestCaseKeyword.execute(CallTestCaseKeyword.groovy:44)
	at com.kms.katalon.core.keyword.internal.KeywordExecutor.executeKeywordForPlatform(KeywordExecutor.groovy:72)
	at com.kms.katalon.core.keyword.BuiltinKeywords.callTestCase(BuiltinKeywords.groovy:334)
	at PFI.WrittenDirectionsLHS.run(PFI.WrittenDirectionsLHS:96)
	at com.kms.katalon.core.main.ScriptEngine.run(ScriptEngine.java:194)
	at com.kms.katalon.core.main.ScriptEngine.runScriptAsRawText(ScriptEngine.java:119)
	at com.kms.katalon.core.main.TestCaseExecutor.runScript(TestCaseExecutor.java:337)
	at com.kms.katalon.core.main.TestCaseExecutor.doExecute(TestCaseExecutor.java:328)
	at com.kms.katalon.core.main.TestCaseExecutor.processExecutionPhase(TestCaseExecutor.java:307)
	at com.kms.katalon.core.main.TestCaseExecutor.accessMainPhase(TestCaseExecutor.java:299)
	at com.kms.katalon.core.main.TestCaseExecutor.execute(TestCaseExecutor.java:233)
	at com.kms.katalon.core.main.TestSuiteExecutor.accessTestCaseMainPhase(TestSuiteExecutor.java:169)
	at com.kms.katalon.core.main.TestSuiteExecutor.accessTestSuiteMainPhase(TestSuiteExecutor.java:142)
	at com.kms.katalon.core.main.TestSuiteExecutor.execute(TestSuiteExecutor.java:91)
	at com.kms.katalon.core.main.TestCaseMain.startTestSuite(TestCaseMain.java:157)
	at com.kms.katalon.core.main.TestCaseMain$startTestSuite$0.call(Unknown Source)
	at TempTestSuite1590553977570.run(TempTestSuite1590553977570.groovy:36)
Caused by: java.lang.NullPointerException: Cannot invoke method length() on null object
	at java_lang_CharSequence$length.call(Unknown Source)
	at InvalidDateErrorValidationIndex.run(InvalidDateErrorValidationIndex:41)
	at com.kms.katalon.core.main.ScriptEngine.run(ScriptEngine.java:194)
	at com.kms.katalon.core.main.ScriptEngine.runScriptAsRawText(ScriptEngine.java:119)
	at com.kms.katalon.core.main.TestCaseExecutor.runScript(TestCaseExecutor.java:337)
	at com.kms.katalon.core.main.TestCaseExecutor.doExecute(TestCaseExecutor.java:328)
	at com.kms.katalon.core.main.TestCaseExecutor.processExecutionPhase(TestCaseExecutor.java:307)
	at com.kms.katalon.core.main.TestCaseExecutor.accessMainPhase(TestCaseExecutor.java:299)
	at com.kms.katalon.core.main.TestCaseExecutor.execute(TestCaseExecutor.java:233)
	at com.kms.katalon.core.main.TestCaseMain.runTestCase(TestCaseMain.java:114)
	at com.kms.katalon.core.keyword.builtin.CallTestCaseKeyword$_callTestCase_closure1.doCall(CallTestCaseKeyword.groovy:59)
	... 20 more


2020-05-27 12:38:14 - [TEST_STEP][NOT_RUN] - callTestCase(findTestCase("Components/LoginV2.0"), ["LinkToBeUsed":findTestData("ISPS2 Test Data").getValue("URL", 1), "LoginPageTextToBeVerified":findTestData("ISPS2 Test Data").getValue("HomeBanner", 1), ... ], STOP_ON_FAILURE): NOT_RUN: callTestCase(findTestCase("Components/LoginV2.0"), ["LinkToBeUsed":findTestData("ISPS2 Test Data").getValue("URL", 1), "LoginPageTextToBeVerified":findTestData("ISPS2 Test Data").getValue("HomeBanner", 1), ... ], STOP_ON_FAILURE)

2020-05-27 12:38:14 - [MESSAGE][NOT_RUN] - NOT_RUN: callTestCase(findTestCase("Components/LoginV2.0"), ["LinkToBeUsed":findTestData("ISPS2 Test Data").getValue("URL", 1), "LoginPageTextToBeVerified":findTestData("ISPS2 Test Data").getValue("HomeBanner", 1), ... ], STOP_ON_FAILURE)

2020-05-27 12:38:14 - [TEST_STEP][NOT_RUN] - callTestCase(findTestCase("Components/NavigateToHomepageHeaders"), ["headerText":"My Tasks"], STOP_ON_FAILURE): NOT_RUN: callTestCase(findTestCase("Components/NavigateToHomepageHeaders"), ["headerText":"My Tasks"], STOP_ON_FAILURE)

2020-05-27 12:38:14 - [MESSAGE][NOT_RUN] - NOT_RUN: callTestCase(findTestCase("Components/NavigateToHomepageHeaders"), ["headerText":"My Tasks"], STOP_ON_FAILURE)

2020-05-27 12:38:14 - [TEST_STEP][NOT_RUN] - callTestCase(findTestCase("Components/Filter"), ["taskDescription":"Process Case (SM)"], STOP_ON_FAILURE): NOT_RUN: callTestCase(findTestCase("Components/Filter"), ["taskDescription":"Process Case (SM)"], STOP_ON_FAILURE)

2020-05-27 12:38:14 - [MESSAGE][NOT_RUN] - NOT_RUN: callTestCase(findTestCase("Components/Filter"), ["taskDescription":"Process Case (SM)"], STOP_ON_FAILURE)

2020-05-27 12:38:14 - [TEST_STEP][NOT_RUN] - callTestCase(findTestCase("Components/ClickLinkDependingOnTextAndIndex"), ["linkName":"Process Case (SM)", "index":"3"], STOP_ON_FAILURE): NOT_RUN: callTestCase(findTestCase("Components/ClickLinkDependingOnTextAndIndex"), ["linkName":"Process Case (SM)", "index":"3"], STOP_ON_FAILURE)

2020-05-27 12:38:14 - [MESSAGE][NOT_RUN] - NOT_RUN: callTestCase(findTestCase("Components/ClickLinkDependingOnTextAndIndex"), ["linkName":"Process Case (SM)", "index":"3"], STOP_ON_FAILURE)

2020-05-27 12:38:14 - [TEST_STEP][NOT_RUN] - callTestCase(findTestCase("Components/VerifyPageSuccessfullyLoaded"), ["HeaderName":"Summary"], STOP_ON_FAILURE): NOT_RUN: callTestCase(findTestCase("Components/VerifyPageSuccessfullyLoaded"), ["HeaderName":"Summary"], STOP_ON_FAILURE)

2020-05-27 12:38:14 - [MESSAGE][NOT_RUN] - NOT_RUN: callTestCase(findTestCase("Components/VerifyPageSuccessfullyLoaded"), ["HeaderName":"Summary"], STOP_ON_FAILURE)

2020-05-27 12:38:14 - [TEST_STEP][PASSED] - callTestCase(findTestCase("Components/NavigateToAnyLHS"), ["LHS":"Written Directions"], STOP_ON_FAILURE): Call Test Case 'Test Cases/Components/NavigateToAnyLHS' successfully

2020-05-27 12:38:14 - [TEST_CASE][PASSED] - Test Cases/Components/NavigateToAnyLHS: Test Cases/Components/NavigateToAnyLHS

2020-05-27 12:38:14 - [TEST_STEP][PASSED] - Thread.sleep(1000): null

2020-05-27 12:38:15 - [TEST_STEP][PASSED] - modifiedLHS = modifyObjectProperty(findTestObject("Objects.NavigateToAnyLHS/Page_ISPS2/LHSToModify"), "text", "equals", LHS, true): Modify property of object successfully

2020-05-27 12:38:15 - [MESSAGE][PASSED] - Modify property of object successfully

2020-05-27 12:38:15 - [TEST_STEP][PASSED] - click(modifiedLHS): Object: 'Object Repository/Objects.NavigateToAnyLHS/Page_ISPS2/LHSToModify' is clicked on

2020-05-27 12:38:16 - [MESSAGE][PASSED] - Object: 'Object Repository/Objects.NavigateToAnyLHS/Page_ISPS2/LHSToModify' is clicked on

2020-05-27 12:38:16 - [TEST_STEP][PASSED] - currentLHS = getText(modifiedLHS): Text of object 'Object Repository/Objects.NavigateToAnyLHS/Page_ISPS2/LHSToModify' is: 'Written Directions'

2020-05-27 12:38:19 - [MESSAGE][PASSED] - Text of object 'Object Repository/Objects.NavigateToAnyLHS/Page_ISPS2/LHSToModify' is: 'Written Directions'

2020-05-27 12:38:19 - [TEST_STEP][PASSED] - Thread.sleep(5000): null

2020-05-27 12:38:24 - [MESSAGE][PASSED] - Call Test Case 'Test Cases/Components/NavigateToAnyLHS' successfully

2020-05-27 12:38:24 - [TEST_STEP][PASSED] - callTestCase(findTestCase("Components/VerifyPageSuccessfullyLoadedII"), ["PageNm":"Issue WD"], STOP_ON_FAILURE): Call Test Case 'Test Cases/Components/VerifyPageSuccessfullyLoadedII' successfully

2020-05-27 12:38:26 - [TEST_CASE][PASSED] - Test Cases/Components/VerifyPageSuccessfullyLoadedII: Test Cases/Components/VerifyPageSuccessfullyLoadedII

2020-05-27 12:38:26 - [TEST_STEP][PASSED] - Thread.sleep(1000): null

2020-05-27 12:38:27 - [TEST_STEP][PASSED] - modifiedInputFld = modifyObjectProperty(findTestObject("Object Repository/Objects.VerifyPageSuccessfullyLoaded/PageHeaderIndex"), "xpath", "equals", "//*[contains(@class,'isps-page-title') and (text()='" + PageNm + "')]", true): Modify property of object successfully

2020-05-27 12:38:27 - [MESSAGE][PASSED] - Modify property of object successfully

2020-05-27 12:38:27 - [TEST_STEP][PASSED] - com.reusableComponents.HighlightElement.run(modifiedInputFld): com.reusableComponents.HighlightElement.run is PASSED

2020-05-27 12:38:32 - [MESSAGE][PASSED] - com.reusableComponents.HighlightElement.run is PASSED

2020-05-27 12:38:32 - [MESSAGE][PASSED] - Call Test Case 'Test Cases/Components/VerifyPageSuccessfullyLoadedII' successfully

2020-05-27 12:38:32 - [TEST_STEP][PASSED] - callTestCase(findTestCase("Components/HighlightLabelIndexField"), ["LblName":"Expiry Date:", "index":10], STOP_ON_FAILURE): Call Test Case 'Test Cases/Components/HighlightLabelIndexField' successfully

2020-05-27 12:38:33 - [TEST_CASE][PASSED] - Test Cases/Components/HighlightLabelIndexField: Test Cases/Components/HighlightLabelIndexField

2020-05-27 12:38:33 - [TEST_STEP][PASSED] - Thread.sleep(1000): null

2020-05-27 12:38:34 - [TEST_STEP][PASSED] - modifiedLblNm = modifyObjectProperty(findTestObject("Object Repository/Objects.HighlightElements/lblField_index"), "xpath", "equals", "(//*[contains(@class,'x-form-item-label-inner') and (text()='" + LblName + "')])[" + index + "]", true): Modify property of object successfully

2020-05-27 12:38:34 - [MESSAGE][PASSED] - Modify property of object successfully

2020-05-27 12:38:34 - [TEST_STEP][PASSED] - com.reusableComponents.HighlightElement.run(modifiedLblNm): com.reusableComponents.HighlightElement.run is PASSED

2020-05-27 12:38:34 - [MESSAGE][PASSED] - com.reusableComponents.HighlightElement.run is PASSED

2020-05-27 12:38:34 - [MESSAGE][PASSED] - Call Test Case 'Test Cases/Components/HighlightLabelIndexField' successfully

2020-05-27 12:38:34 - [TEST_STEP][PASSED] - callTestCase(findTestCase("Components/HighlightInputIndexField"), ["InputName":"noOfDays", "index":3], STOP_ON_FAILURE): Call Test Case 'Test Cases/Components/HighlightInputIndexField' successfully

2020-05-27 12:38:34 - [TEST_CASE][PASSED] - Test Cases/Components/HighlightInputIndexField: Test Cases/Components/HighlightInputIndexField

2020-05-27 12:38:34 - [TEST_STEP][PASSED] - Thread.sleep(1000): null

2020-05-27 12:38:35 - [TEST_STEP][PASSED] - modifiedInputFld = modifyObjectProperty(findTestObject("Objects.HighlightElements/input_field_index"), "xpath", "equals", "(//*[contains(@class,'x-form-text') and (@name='" + InputName + "')])[" + index + "]", true): Modify property of object successfully

2020-05-27 12:38:35 - [MESSAGE][PASSED] - Modify property of object successfully

2020-05-27 12:38:35 - [TEST_STEP][PASSED] - com.reusableComponents.HighlightElement.run(modifiedInputFld): com.reusableComponents.HighlightElement.run is PASSED

2020-05-27 12:38:36 - [MESSAGE][PASSED] - com.reusableComponents.HighlightElement.run is PASSED

2020-05-27 12:38:36 - [MESSAGE][PASSED] - Call Test Case 'Test Cases/Components/HighlightInputIndexField' successfully

2020-05-27 12:38:36 - [TEST_STEP][PASSED] - callTestCase(findTestCase("PFI Precision and Scale/PFI Components with Indexing/VerifyDefaultValueIndex"), ["FieldNm":"noOfDays", "index":3], STOP_ON_FAILURE): Call Test Case 'Test Cases/PFI Precision and Scale/PFI Components with Indexing/VerifyDefaultValueIndex' successfully

2020-05-27 12:38:36 - [TEST_CASE][PASSED] - Test Cases/PFI Precision and Scale/PFI Components with Indexing/VerifyDefaultValueIndex: Test Cases/PFI Precision and Scale/PFI Components with Indexing/VerifyDefaultValueIndex

2020-05-27 12:38:36 - [TEST_STEP][PASSED] - Thread.sleep(1000): null

2020-05-27 12:38:37 - [TEST_STEP][PASSED] - NewFieldNm = modifyObjectProperty(findTestObject("Object Repository/Objects.HighlightElements/input_field_index"), "xpath", "equals", "(//*[contains(@class,'x-form-text') and (@name='" + FieldNm + "')])[" + index + "]", true): Modify property of object successfully

2020-05-27 12:38:37 - [MESSAGE][PASSED] - Modify property of object successfully

2020-05-27 12:38:37 - [TEST_STEP][PASSED] - focus(NewFieldNm): Object: 'Object Repository/Objects.HighlightElements/input_field_index' is focused

2020-05-27 12:38:37 - [MESSAGE][PASSED] - Object: 'Object Repository/Objects.HighlightElements/input_field_index' is focused

2020-05-27 12:38:37 - [TEST_STEP][PASSED] - DefVal = getAttribute(NewFieldNm, "value", STOP_ON_FAILURE): Attribute 'value' of object 'Object Repository/Objects.HighlightElements/input_field_index' is: '14'

2020-05-27 12:38:38 - [MESSAGE][PASSED] - Attribute 'value' of object 'Object Repository/Objects.HighlightElements/input_field_index' is: '14'

2020-05-27 12:38:38 - [TEST_STEP][PASSED] - switch (FieldNm): null

2020-05-27 12:38:38 - [TEST_STEP][PASSED] - case "noOfDays":: null

2020-05-27 12:38:38 - [TEST_STEP][PASSED] - verifyEqual(DefVal, findTestData("PrecisionAndScaleDB").getValue("DefaultValue", 1)): Actual object '14' and expected object '14' are equal

2020-05-27 12:38:38 - [MESSAGE][PASSED] - Actual object '14' and expected object '14' are equal

2020-05-27 12:38:38 - [TEST_STEP][PASSED] - break: null

2020-05-27 12:38:38 - [MESSAGE][PASSED] - Call Test Case 'Test Cases/PFI Precision and Scale/PFI Components with Indexing/VerifyDefaultValueIndex' successfully

2020-05-27 12:38:38 - [TEST_STEP][PASSED] - callTestCase(findTestCase("PFI Precision and Scale/PFI Components with Indexing/InvalidNumericErrorIndex"), ["FldNm":"noOfDays", "index":3, "EnterInvalidValue":"e"], STOP_ON_FAILURE): Call Test Case 'Test Cases/PFI Precision and Scale/PFI Components with Indexing/InvalidNumericErrorIndex' successfully

2020-05-27 12:38:38 - [TEST_CASE][PASSED] - Test Cases/PFI Precision and Scale/PFI Components with Indexing/InvalidNumericErrorIndex: Test Cases/PFI Precision and Scale/PFI Components with Indexing/InvalidNumericErrorIndex

2020-05-27 12:38:38 - [TEST_STEP][PASSED] - Thread.sleep(1000): null

2020-05-27 12:38:39 - [TEST_STEP][PASSED] - NewFieldNm = modifyObjectProperty(findTestObject("Object Repository/Objects.HighlightElements/input_field_index"), "xpath", "equals", "(//*[contains(@class,'x-form-text') and (@name='" + FldNm + "')])[" + index + "]", true): Modify property of object successfully

2020-05-27 12:38:39 - [MESSAGE][PASSED] - Modify property of object successfully

2020-05-27 12:38:39 - [TEST_STEP][PASSED] - setText(NewFieldNm, EnterInvalidValue): Text 'e' is set on object 'Object Repository/Objects.HighlightElements/input_field_index'

2020-05-27 12:38:40 - [MESSAGE][PASSED] - Text 'e' is set on object 'Object Repository/Objects.HighlightElements/input_field_index'

2020-05-27 12:38:40 - [TEST_STEP][PASSED] - mouseOver(NewFieldNm): Object: 'Object Repository/Objects.HighlightElements/input_field_index' is hovered

2020-05-27 12:38:40 - [MESSAGE][PASSED] - Object: 'Object Repository/Objects.HighlightElements/input_field_index' is hovered

2020-05-27 12:38:40 - [TEST_STEP][PASSED] - GetValue = getAttribute(NewFieldNm, "value"): Attribute 'value' of object 'Object Repository/Objects.HighlightElements/input_field_index' is: 'e'

2020-05-27 12:38:41 - [MESSAGE][PASSED] - Attribute 'value' of object 'Object Repository/Objects.HighlightElements/input_field_index' is: 'e'

2020-05-27 12:38:41 - [TEST_STEP][PASSED] - ToolTipErr = getAttribute(NewFieldNm, "data-errorqtip"): Attribute 'data-errorqtip' of object 'Object Repository/Objects.HighlightElements/input_field_index' is: '<ul class="x-list-plain"><li>The value in this field is invalid</li><li>e is not a valid number</li></ul>'

2020-05-27 12:38:41 - [MESSAGE][PASSED] - Attribute 'data-errorqtip' of object 'Object Repository/Objects.HighlightElements/input_field_index' is: '<ul class="x-list-plain"><li>The value in this field is invalid</li><li>e is not a valid number</li></ul>'

2020-05-27 12:38:41 - [TEST_STEP][PASSED] - TotalLength = ToolTipErr.length(): null

2020-05-27 12:38:41 - [TEST_STEP][PASSED] - Get1stErr = ToolTipErr.substring(0, 63): null

2020-05-27 12:38:41 - [TEST_STEP][PASSED] - GetLen = Get1stErr.length(): null

2020-05-27 12:38:41 - [TEST_STEP][PASSED] - FirstErrMsg = Get1stErr.substring(29, GetLen): null

2020-05-27 12:38:41 - [TEST_STEP][PASSED] - Get2ndErr = ToolTipErr.substring(GetLen, TotalLength): null

2020-05-27 12:38:41 - [TEST_STEP][PASSED] - SecondErrLen = Get2ndErr.length() - 10: null

2020-05-27 12:38:41 - [TEST_STEP][PASSED] - SecondErrMsg = Get2ndErr.substring(9, SecondErrLen): null

2020-05-27 12:38:41 - [TEST_STEP][PASSED] - ActualErrMsg = concatenate(FirstErrMsg, " ", SecondErrMsg): Concatenated string array: '['The value in this field is invalid',' ','e is not a valid number']' into 'The value in this field is invalid e is not a valid number'

2020-05-27 12:38:41 - [MESSAGE][PASSED] - Concatenated string array: '['The value in this field is invalid',' ','e is not a valid number']' into 'The value in this field is invalid e is not a valid number'

2020-05-27 12:38:41 - [TEST_STEP][PASSED] - ExpectedErrMsg = concatenate("The value in this field is invalid", " ", GetValue, " ", "is not a valid number"): Concatenated string array: '['The value in this field is invalid',' ','e',' ','is not a valid number']' into 'The value in this field is invalid e is not a valid number'

2020-05-27 12:38:41 - [MESSAGE][PASSED] - Concatenated string array: '['The value in this field is invalid',' ','e',' ','is not a valid number']' into 'The value in this field is invalid e is not a valid number'

2020-05-27 12:38:41 - [TEST_STEP][PASSED] - verifyMatch(ActualErrMsg, ExpectedErrMsg, true): Actual text 'The value in this field is invalid e is not a valid number' and expected text 'The value in this field is invalid e is not a valid number' are matched  using regular expression

2020-05-27 12:38:41 - [MESSAGE][PASSED] - Actual text 'The value in this field is invalid e is not a valid number' and expected text 'The value in this field is invalid e is not a valid number' are matched  using regular expression

2020-05-27 12:38:41 - [MESSAGE][PASSED] - Call Test Case 'Test Cases/PFI Precision and Scale/PFI Components with Indexing/InvalidNumericErrorIndex' successfully

2020-05-27 12:38:41 - [TEST_STEP][PASSED] - callTestCase(findTestCase("PFI Precision and Scale/PFI Components with Indexing/NegativeIntegersErrorIndex"), ["FldNm":"noOfDays", "index":3, "itr":10], STOP_ON_FAILURE): Call Test Case 'Test Cases/PFI Precision and Scale/PFI Components with Indexing/NegativeIntegersErrorIndex' successfully

2020-05-27 12:38:41 - [TEST_CASE][PASSED] - Test Cases/PFI Precision and Scale/PFI Components with Indexing/NegativeIntegersErrorIndex: Test Cases/PFI Precision and Scale/PFI Components with Indexing/NegativeIntegersErrorIndex

2020-05-27 12:38:42 - [TEST_STEP][PASSED] - Thread.sleep(1000): null

2020-05-27 12:38:43 - [TEST_STEP][PASSED] - NewInputNmField = modifyObjectProperty(findTestObject("Object Repository/Objects.HighlightElements/input_field_index"), "xpath", "equals", "(//*[contains(@class,'x-form-text') and (@name='" + FldNm + "')])[" + index + "]", true): Modify property of object successfully

2020-05-27 12:38:43 - [MESSAGE][PASSED] - Modify property of object successfully

2020-05-27 12:38:43 - [TEST_STEP][PASSED] - setText(NewInputNmField, "0"): Text '0' is set on object 'Object Repository/Objects.HighlightElements/input_field_index'

2020-05-27 12:38:43 - [MESSAGE][PASSED] - Text '0' is set on object 'Object Repository/Objects.HighlightElements/input_field_index'

2020-05-27 12:38:43 - [TEST_STEP][PASSED] - for ([i = 0, i <= itr, (i++)]): Keys 'DOWN + ' sent to object: 'Object Repository/Objects.HighlightElements/input_field_index'

2020-05-27 12:38:43 - [TEST_STEP][PASSED] - sendKeys(NewInputNmField, Keys.chord(ARROW_DOWN)): Keys 'DOWN + ' sent to object: 'Object Repository/Objects.HighlightElements/input_field_index'

2020-05-27 12:38:44 - [MESSAGE][PASSED] - Keys 'DOWN + ' sent to object: 'Object Repository/Objects.HighlightElements/input_field_index'

2020-05-27 12:38:44 - [TEST_STEP][PASSED] - sendKeys(NewInputNmField, Keys.chord(ARROW_DOWN)): Keys 'DOWN + ' sent to object: 'Object Repository/Objects.HighlightElements/input_field_index'

2020-05-27 12:38:44 - [MESSAGE][PASSED] - Keys 'DOWN + ' sent to object: 'Object Repository/Objects.HighlightElements/input_field_index'

2020-05-27 12:38:44 - [TEST_STEP][PASSED] - sendKeys(NewInputNmField, Keys.chord(ARROW_DOWN)): Keys 'DOWN + ' sent to object: 'Object Repository/Objects.HighlightElements/input_field_index'

2020-05-27 12:38:45 - [MESSAGE][PASSED] - Keys 'DOWN + ' sent to object: 'Object Repository/Objects.HighlightElements/input_field_index'

2020-05-27 12:38:45 - [TEST_STEP][PASSED] - sendKeys(NewInputNmField, Keys.chord(ARROW_DOWN)): Keys 'DOWN + ' sent to object: 'Object Repository/Objects.HighlightElements/input_field_index'

2020-05-27 12:38:45 - [MESSAGE][PASSED] - Keys 'DOWN + ' sent to object: 'Object Repository/Objects.HighlightElements/input_field_index'

2020-05-27 12:38:45 - [TEST_STEP][PASSED] - sendKeys(NewInputNmField, Keys.chord(ARROW_DOWN)): Keys 'DOWN + ' sent to object: 'Object Repository/Objects.HighlightElements/input_field_index'

2020-05-27 12:38:46 - [MESSAGE][PASSED] - Keys 'DOWN + ' sent to object: 'Object Repository/Objects.HighlightElements/input_field_index'

2020-05-27 12:38:46 - [TEST_STEP][PASSED] - sendKeys(NewInputNmField, Keys.chord(ARROW_DOWN)): Keys 'DOWN + ' sent to object: 'Object Repository/Objects.HighlightElements/input_field_index'

2020-05-27 12:38:46 - [MESSAGE][PASSED] - Keys 'DOWN + ' sent to object: 'Object Repository/Objects.HighlightElements/input_field_index'

2020-05-27 12:38:46 - [TEST_STEP][PASSED] - sendKeys(NewInputNmField, Keys.chord(ARROW_DOWN)): Keys 'DOWN + ' sent to object: 'Object Repository/Objects.HighlightElements/input_field_index'

2020-05-27 12:38:47 - [MESSAGE][PASSED] - Keys 'DOWN + ' sent to object: 'Object Repository/Objects.HighlightElements/input_field_index'

2020-05-27 12:38:47 - [TEST_STEP][PASSED] - sendKeys(NewInputNmField, Keys.chord(ARROW_DOWN)): Keys 'DOWN + ' sent to object: 'Object Repository/Objects.HighlightElements/input_field_index'

2020-05-27 12:38:47 - [MESSAGE][PASSED] - Keys 'DOWN + ' sent to object: 'Object Repository/Objects.HighlightElements/input_field_index'

2020-05-27 12:38:47 - [TEST_STEP][PASSED] - sendKeys(NewInputNmField, Keys.chord(ARROW_DOWN)): Keys 'DOWN + ' sent to object: 'Object Repository/Objects.HighlightElements/input_field_index'

2020-05-27 12:38:48 - [MESSAGE][PASSED] - Keys 'DOWN + ' sent to object: 'Object Repository/Objects.HighlightElements/input_field_index'

2020-05-27 12:38:48 - [TEST_STEP][PASSED] - sendKeys(NewInputNmField, Keys.chord(ARROW_DOWN)): Keys 'DOWN + ' sent to object: 'Object Repository/Objects.HighlightElements/input_field_index'

2020-05-27 12:38:48 - [MESSAGE][PASSED] - Keys 'DOWN + ' sent to object: 'Object Repository/Objects.HighlightElements/input_field_index'

2020-05-27 12:38:48 - [TEST_STEP][PASSED] - sendKeys(NewInputNmField, Keys.chord(ARROW_DOWN)): Keys 'DOWN + ' sent to object: 'Object Repository/Objects.HighlightElements/input_field_index'

2020-05-27 12:38:49 - [MESSAGE][PASSED] - Keys 'DOWN + ' sent to object: 'Object Repository/Objects.HighlightElements/input_field_index'

2020-05-27 12:38:49 - [TEST_STEP][PASSED] - mouseOver(NewInputNmField): Object: 'Object Repository/Objects.HighlightElements/input_field_index' is hovered

2020-05-27 12:38:49 - [MESSAGE][PASSED] - Object: 'Object Repository/Objects.HighlightElements/input_field_index' is hovered

2020-05-27 12:38:49 - [TEST_STEP][PASSED] - ToolTipErr = getAttribute(NewInputNmField, "data-errorqtip"): Attribute 'data-errorqtip' of object 'Object Repository/Objects.HighlightElements/input_field_index' is: '<ul class="x-list-plain"><li>The value in this field is invalid</li></ul>'

2020-05-27 12:38:49 - [MESSAGE][PASSED] - Attribute 'data-errorqtip' of object 'Object Repository/Objects.HighlightElements/input_field_index' is: '<ul class="x-list-plain"><li>The value in this field is invalid</li></ul>'

2020-05-27 12:38:49 - [TEST_STEP][PASSED] - TotalLength = ToolTipErr.length() - 10: null

2020-05-27 12:38:49 - [TEST_STEP][PASSED] - ActualErrMsg = ToolTipErr.substring(29, TotalLength): null

2020-05-27 12:38:49 - [TEST_STEP][PASSED] - verifyMatch(ActualErrMsg, "The value in this field is invalid", true): Actual text 'The value in this field is invalid' and expected text 'The value in this field is invalid' are matched  using regular expression

2020-05-27 12:38:49 - [MESSAGE][PASSED] - Actual text 'The value in this field is invalid' and expected text 'The value in this field is invalid' are matched  using regular expression

2020-05-27 12:38:49 - [MESSAGE][PASSED] - Call Test Case 'Test Cases/PFI Precision and Scale/PFI Components with Indexing/NegativeIntegersErrorIndex' successfully

2020-05-27 12:38:49 - [TEST_STEP][PASSED] - callTestCase(findTestCase("PFI Precision and Scale/PFI Components with Indexing/NumericTextboxValidationIndex"), ["nameToBeUsed":"noOfDays", "index":3, "minLen":10], STOP_ON_FAILURE): Call Test Case 'Test Cases/PFI Precision and Scale/PFI Components with Indexing/NumericTextboxValidationIndex' successfully

2020-05-27 12:38:49 - [TEST_CASE][PASSED] - Test Cases/PFI Precision and Scale/PFI Components with Indexing/NumericTextboxValidationIndex: Test Cases/PFI Precision and Scale/PFI Components with Indexing/NumericTextboxValidationIndex

2020-05-27 12:38:50 - [TEST_STEP][PASSED] - Thread.sleep(1000): null

2020-05-27 12:38:51 - [TEST_STEP][PASSED] - Numeric = "0123456789": null

2020-05-27 12:38:51 - [TEST_STEP][PASSED] - AlphaSpecialChar = z) + "`~!@#$%^&*()=_{}|\][;'":,?><"".join(): null

2020-05-27 12:38:51 - [TEST_STEP][PASSED] - RandomNumeric = RandomStringUtils.random(minLen, Numeric.toCharArray()): null

2020-05-27 12:38:51 - [TEST_STEP][PASSED] - RandomString = RandomStringUtils.random(minLen, AlphaSpecialChar): null

2020-05-27 12:38:51 - [TEST_STEP][PASSED] - regexPat = Pattern.compile("^[0-9]+$"): null

2020-05-27 12:38:51 - [TEST_STEP][PASSED] - NewInputNmField = modifyObjectProperty(findTestObject("Object Repository/Objects.HighlightElements/input_field_index"), "xpath", "equals", "(//*[contains(@class,'x-form-text') and (@name='" + nameToBeUsed + "')])[" + index + "]", true): Modify property of object successfully

2020-05-27 12:38:51 - [MESSAGE][PASSED] - Modify property of object successfully

2020-05-27 12:38:51 - [TEST_STEP][PASSED] - focus(NewInputNmField): Object: 'Object Repository/Objects.HighlightElements/input_field_index' is focused

2020-05-27 12:38:51 - [MESSAGE][PASSED] - Object: 'Object Repository/Objects.HighlightElements/input_field_index' is focused

2020-05-27 12:38:51 - [TEST_STEP][PASSED] - setText(NewInputNmField, RandomString): Text 'Gc];mj\Ihx' is set on object 'Object Repository/Objects.HighlightElements/input_field_index'

2020-05-27 12:38:51 - [MESSAGE][PASSED] - Text 'Gc];mj\Ihx' is set on object 'Object Repository/Objects.HighlightElements/input_field_index'

2020-05-27 12:38:51 - [TEST_STEP][PASSED] - GetInputVal = getAttribute(NewInputNmField, "value"): Attribute 'value' of object 'Object Repository/Objects.HighlightElements/input_field_index' is: ''

2020-05-27 12:38:52 - [MESSAGE][PASSED] - Attribute 'value' of object 'Object Repository/Objects.HighlightElements/input_field_index' is: ''

2020-05-27 12:38:52 - [TEST_STEP][PASSED] - if (GetInputVal.contains("e")): null

2020-05-27 12:38:52 - [TEST_STEP][PASSED] - else: Actual text '' and expected text '' are matched  using regular expression

2020-05-27 12:38:52 - [TEST_STEP][PASSED] - verifyMatch(GetInputVal, "", true): Actual text '' and expected text '' are matched  using regular expression

2020-05-27 12:38:52 - [MESSAGE][PASSED] - Actual text '' and expected text '' are matched  using regular expression

2020-05-27 12:38:52 - [TEST_STEP][PASSED] - setText(NewInputNmField, RandomNumeric): Text '5396236776' is set on object 'Object Repository/Objects.HighlightElements/input_field_index'

2020-05-27 12:38:52 - [MESSAGE][PASSED] - Text '5396236776' is set on object 'Object Repository/Objects.HighlightElements/input_field_index'

2020-05-27 12:38:52 - [TEST_STEP][PASSED] - GetEnteredIntegers = getAttribute(NewInputNmField, "value"): Attribute 'value' of object 'Object Repository/Objects.HighlightElements/input_field_index' is: '5396'

2020-05-27 12:38:53 - [MESSAGE][PASSED] - Attribute 'value' of object 'Object Repository/Objects.HighlightElements/input_field_index' is: '5396'

2020-05-27 12:38:53 - [TEST_STEP][PASSED] - matchStr = regexPat.matcher(GetEnteredIntegers): null

2020-05-27 12:38:53 - [TEST_STEP][PASSED] - if (matchStr.matches() == true): Accepting Numeric

2020-05-27 12:38:53 - [TEST_STEP][PASSED] - comment("Accepting Numeric"): Accepting Numeric

2020-05-27 12:38:53 - [MESSAGE][INFO] - Accepting Numeric

2020-05-27 12:38:53 - [MESSAGE][PASSED] - Call Test Case 'Test Cases/PFI Precision and Scale/PFI Components with Indexing/NumericTextboxValidationIndex' successfully

2020-05-27 12:38:53 - [TEST_STEP][PASSED] - callTestCase(findTestCase("Components/HighlightInputIndexField"), ["InputName":"periodType", "index":3], STOP_ON_FAILURE): Call Test Case 'Test Cases/Components/HighlightInputIndexField' successfully

2020-05-27 12:38:53 - [TEST_CASE][PASSED] - Test Cases/Components/HighlightInputIndexField: Test Cases/Components/HighlightInputIndexField

2020-05-27 12:38:53 - [TEST_STEP][PASSED] - Thread.sleep(1000): null

2020-05-27 12:38:54 - [TEST_STEP][PASSED] - modifiedInputFld = modifyObjectProperty(findTestObject("Objects.HighlightElements/input_field_index"), "xpath", "equals", "(//*[contains(@class,'x-form-text') and (@name='" + InputName + "')])[" + index + "]", true): Modify property of object successfully

2020-05-27 12:38:54 - [MESSAGE][PASSED] - Modify property of object successfully

2020-05-27 12:38:54 - [TEST_STEP][PASSED] - com.reusableComponents.HighlightElement.run(modifiedInputFld): com.reusableComponents.HighlightElement.run is PASSED

2020-05-27 12:38:55 - [MESSAGE][PASSED] - com.reusableComponents.HighlightElement.run is PASSED

2020-05-27 12:38:55 - [MESSAGE][PASSED] - Call Test Case 'Test Cases/Components/HighlightInputIndexField' successfully

2020-05-27 12:38:55 - [TEST_STEP][PASSED] - callTestCase(findTestCase("PFI Precision and Scale/PFI Components with Indexing/VerifyDefaultValueIndex"), ["FieldNm":"periodType", "index":3], STOP_ON_FAILURE): Call Test Case 'Test Cases/PFI Precision and Scale/PFI Components with Indexing/VerifyDefaultValueIndex' successfully

2020-05-27 12:38:55 - [TEST_CASE][PASSED] - Test Cases/PFI Precision and Scale/PFI Components with Indexing/VerifyDefaultValueIndex: Test Cases/PFI Precision and Scale/PFI Components with Indexing/VerifyDefaultValueIndex

2020-05-27 12:38:55 - [TEST_STEP][PASSED] - Thread.sleep(1000): null

2020-05-27 12:38:56 - [TEST_STEP][PASSED] - NewFieldNm = modifyObjectProperty(findTestObject("Object Repository/Objects.HighlightElements/input_field_index"), "xpath", "equals", "(//*[contains(@class,'x-form-text') and (@name='" + FieldNm + "')])[" + index + "]", true): Modify property of object successfully

2020-05-27 12:38:56 - [MESSAGE][PASSED] - Modify property of object successfully

2020-05-27 12:38:56 - [TEST_STEP][PASSED] - focus(NewFieldNm): Object: 'Object Repository/Objects.HighlightElements/input_field_index' is focused

2020-05-27 12:38:56 - [MESSAGE][PASSED] - Object: 'Object Repository/Objects.HighlightElements/input_field_index' is focused

2020-05-27 12:38:56 - [TEST_STEP][PASSED] - DefVal = getAttribute(NewFieldNm, "value", STOP_ON_FAILURE): Attribute 'value' of object 'Object Repository/Objects.HighlightElements/input_field_index' is: 'Working Day(s)'

2020-05-27 12:38:56 - [MESSAGE][PASSED] - Attribute 'value' of object 'Object Repository/Objects.HighlightElements/input_field_index' is: 'Working Day(s)'

2020-05-27 12:38:56 - [TEST_STEP][PASSED] - switch (FieldNm): null

2020-05-27 12:38:56 - [TEST_STEP][PASSED] - case "periodType":: null

2020-05-27 12:38:56 - [TEST_STEP][PASSED] - verifyMatch(DefVal, findTestData("PrecisionAndScaleDB").getValue("DefaultValue", 2), false): Actual text 'Working Day(s)' and expected text 'Working Day(s)' are matched 

2020-05-27 12:38:56 - [MESSAGE][PASSED] - Actual text 'Working Day(s)' and expected text 'Working Day(s)' are matched 

2020-05-27 12:38:56 - [TEST_STEP][PASSED] - break: null

2020-05-27 12:38:56 - [MESSAGE][PASSED] - Call Test Case 'Test Cases/PFI Precision and Scale/PFI Components with Indexing/VerifyDefaultValueIndex' successfully

2020-05-27 12:38:56 - [TEST_STEP][PASSED] - callTestCase(findTestCase("PFI Precision and Scale/PFI Components with Indexing/VerifyDropdownValuesIndex"), ["FldNm":"periodType", "index":3, "CallTCName":"PFI Precision and Scale/PFI Components/ConstantHashMap", "cmbNm":"PeriodType", ... ], STOP_ON_FAILURE): Call Test Case 'Test Cases/PFI Precision and Scale/PFI Components with Indexing/VerifyDropdownValuesIndex' successfully

2020-05-27 12:38:56 - [TEST_CASE][PASSED] - Test Cases/PFI Precision and Scale/PFI Components with Indexing/VerifyDropdownValuesIndex: Test Cases/PFI Precision and Scale/PFI Components with Indexing/VerifyDropdownValuesIndex

2020-05-27 12:38:56 - [TEST_STEP][PASSED] - Thread.sleep(1000): null

2020-05-27 12:38:57 - [TEST_STEP][PASSED] - NewInputNmField = modifyObjectProperty(findTestObject("Object Repository/Objects.HighlightElements/input_field_index"), "xpath", "equals", "(//*[contains(@class,'x-form-text') and (@name='" + FldNm + "')])[" + index + "]", true): Modify property of object successfully

2020-05-27 12:38:57 - [MESSAGE][PASSED] - Modify property of object successfully

2020-05-27 12:38:57 - [TEST_STEP][PASSED] - comboNm = cmbNm: null

2020-05-27 12:38:57 - [TEST_STEP][PASSED] - focus(NewInputNmField): Object: 'Object Repository/Objects.HighlightElements/input_field_index' is focused

2020-05-27 12:38:58 - [MESSAGE][PASSED] - Object: 'Object Repository/Objects.HighlightElements/input_field_index' is focused

2020-05-27 12:38:58 - [TEST_STEP][PASSED] - setText(NewInputNmField, EnterValue): Text '' is set on object 'Object Repository/Objects.HighlightElements/input_field_index'

2020-05-27 12:38:58 - [MESSAGE][PASSED] - Text '' is set on object 'Object Repository/Objects.HighlightElements/input_field_index'

2020-05-27 12:38:58 - [TEST_STEP][PASSED] - for ([i = 1, i <= NoOfVal, (i++)]): Keys 'DOWN + ' sent to object: 'Object Repository/Objects.HighlightElements/input_field_index'

2020-05-27 12:38:58 - [TEST_STEP][PASSED] - sendKeys(NewInputNmField, Keys.chord(ARROW_DOWN)): Keys 'DOWN + ' sent to object: 'Object Repository/Objects.HighlightElements/input_field_index'

2020-05-27 12:38:58 - [MESSAGE][PASSED] - Keys 'DOWN + ' sent to object: 'Object Repository/Objects.HighlightElements/input_field_index'

2020-05-27 12:38:58 - [TEST_STEP][PASSED] - delay(DelayTime): Delayed 0 second(s)

2020-05-27 12:38:58 - [MESSAGE][PASSED] - Delayed 0 second(s)

2020-05-27 12:38:58 - [TEST_STEP][PASSED] - sendKeys(NewInputNmField, Keys.chord(ENTER)): Keys 'ENTER + ' sent to object: 'Object Repository/Objects.HighlightElements/input_field_index'

2020-05-27 12:38:59 - [MESSAGE][PASSED] - Keys 'ENTER + ' sent to object: 'Object Repository/Objects.HighlightElements/input_field_index'

2020-05-27 12:38:59 - [TEST_STEP][PASSED] - ComboBoxValue = getAttribute(NewInputNmField, "value"): Attribute 'value' of object 'Object Repository/Objects.HighlightElements/input_field_index' is: 'Calendar Day(s)'

2020-05-27 12:38:59 - [MESSAGE][PASSED] - Attribute 'value' of object 'Object Repository/Objects.HighlightElements/input_field_index' is: 'Calendar Day(s)'

2020-05-27 12:38:59 - [TEST_STEP][PASSED] - callTestCase(findTestCase(CallTCName), ["FindValue":ComboBoxValue, "DropdownNm":comboNm], STOP_ON_FAILURE): Call Test Case 'Test Cases/PFI Precision and Scale/PFI Components/ConstantHashMap' successfully

2020-05-27 12:38:59 - [TEST_CASE][PASSED] - Test Cases/PFI Precision and Scale/PFI Components/ConstantHashMap: Test Cases/PFI Precision and Scale/PFI Components/ConstantHashMap

2020-05-27 12:38:59 - [TEST_STEP][PASSED] - ConstantTBL = [1:["PeriodType":"Working Day(s)"], 2:["PeriodType":"Calendar Day(s)"], 3:["PeriodType":"Month(s)"], 4:["TypeOfLetter":"T1"], ... ]: null

2020-05-27 12:38:59 - [TEST_STEP][PASSED] - switch (DropdownNm): null

2020-05-27 12:38:59 - [TEST_STEP][PASSED] - case "PeriodType":: null

2020-05-27 12:38:59 - [TEST_STEP][PASSED] - ValueFound = ConstantTBL.find({ -> ... }): null

2020-05-27 12:38:59 - [TEST_STEP][PASSED] - break: null

2020-05-27 12:38:59 - [MESSAGE][PASSED] - Call Test Case 'Test Cases/PFI Precision and Scale/PFI Components/ConstantHashMap' successfully

2020-05-27 12:38:59 - [TEST_STEP][PASSED] - println(ValueFound): null

2020-05-27 12:38:59 - [TEST_STEP][PASSED] - sendKeys(NewInputNmField, Keys.chord(ARROW_DOWN)): Keys 'DOWN + ' sent to object: 'Object Repository/Objects.HighlightElements/input_field_index'

2020-05-27 12:39:00 - [MESSAGE][PASSED] - Keys 'DOWN + ' sent to object: 'Object Repository/Objects.HighlightElements/input_field_index'

2020-05-27 12:39:00 - [TEST_STEP][PASSED] - sendKeys(NewInputNmField, Keys.chord(ARROW_DOWN)): Keys 'DOWN + ' sent to object: 'Object Repository/Objects.HighlightElements/input_field_index'

2020-05-27 12:39:00 - [MESSAGE][PASSED] - Keys 'DOWN + ' sent to object: 'Object Repository/Objects.HighlightElements/input_field_index'

2020-05-27 12:39:00 - [TEST_STEP][PASSED] - delay(DelayTime): Delayed 0 second(s)

2020-05-27 12:39:00 - [MESSAGE][PASSED] - Delayed 0 second(s)

2020-05-27 12:39:00 - [TEST_STEP][PASSED] - sendKeys(NewInputNmField, Keys.chord(ENTER)): Keys 'ENTER + ' sent to object: 'Object Repository/Objects.HighlightElements/input_field_index'

2020-05-27 12:39:01 - [MESSAGE][PASSED] - Keys 'ENTER + ' sent to object: 'Object Repository/Objects.HighlightElements/input_field_index'

2020-05-27 12:39:01 - [TEST_STEP][PASSED] - ComboBoxValue = getAttribute(NewInputNmField, "value"): Attribute 'value' of object 'Object Repository/Objects.HighlightElements/input_field_index' is: 'Month(s)'

2020-05-27 12:39:01 - [MESSAGE][PASSED] - Attribute 'value' of object 'Object Repository/Objects.HighlightElements/input_field_index' is: 'Month(s)'

2020-05-27 12:39:01 - [TEST_STEP][PASSED] - callTestCase(findTestCase(CallTCName), ["FindValue":ComboBoxValue, "DropdownNm":comboNm], STOP_ON_FAILURE): Call Test Case 'Test Cases/PFI Precision and Scale/PFI Components/ConstantHashMap' successfully

2020-05-27 12:39:01 - [TEST_CASE][PASSED] - Test Cases/PFI Precision and Scale/PFI Components/ConstantHashMap: Test Cases/PFI Precision and Scale/PFI Components/ConstantHashMap

2020-05-27 12:39:01 - [TEST_STEP][PASSED] - ConstantTBL = [1:["PeriodType":"Working Day(s)"], 2:["PeriodType":"Calendar Day(s)"], 3:["PeriodType":"Month(s)"], 4:["TypeOfLetter":"T1"], ... ]: null

2020-05-27 12:39:01 - [TEST_STEP][PASSED] - switch (DropdownNm): null

2020-05-27 12:39:01 - [TEST_STEP][PASSED] - case "PeriodType":: null

2020-05-27 12:39:01 - [TEST_STEP][PASSED] - ValueFound = ConstantTBL.find({ -> ... }): null

2020-05-27 12:39:01 - [TEST_STEP][PASSED] - break: null

2020-05-27 12:39:01 - [MESSAGE][PASSED] - Call Test Case 'Test Cases/PFI Precision and Scale/PFI Components/ConstantHashMap' successfully

2020-05-27 12:39:01 - [TEST_STEP][PASSED] - println(ValueFound): null

2020-05-27 12:39:01 - [TEST_STEP][PASSED] - sendKeys(NewInputNmField, Keys.chord(ARROW_DOWN)): Keys 'DOWN + ' sent to object: 'Object Repository/Objects.HighlightElements/input_field_index'

2020-05-27 12:39:01 - [MESSAGE][PASSED] - Keys 'DOWN + ' sent to object: 'Object Repository/Objects.HighlightElements/input_field_index'

2020-05-27 12:39:01 - [TEST_STEP][PASSED] - sendKeys(NewInputNmField, Keys.chord(ARROW_DOWN)): Keys 'DOWN + ' sent to object: 'Object Repository/Objects.HighlightElements/input_field_index'

2020-05-27 12:39:02 - [MESSAGE][PASSED] - Keys 'DOWN + ' sent to object: 'Object Repository/Objects.HighlightElements/input_field_index'

2020-05-27 12:39:02 - [TEST_STEP][PASSED] - delay(DelayTime): Delayed 0 second(s)

2020-05-27 12:39:02 - [MESSAGE][PASSED] - Delayed 0 second(s)

2020-05-27 12:39:02 - [TEST_STEP][PASSED] - sendKeys(NewInputNmField, Keys.chord(ENTER)): Keys 'ENTER + ' sent to object: 'Object Repository/Objects.HighlightElements/input_field_index'

2020-05-27 12:39:02 - [MESSAGE][PASSED] - Keys 'ENTER + ' sent to object: 'Object Repository/Objects.HighlightElements/input_field_index'

2020-05-27 12:39:02 - [TEST_STEP][PASSED] - ComboBoxValue = getAttribute(NewInputNmField, "value"): Attribute 'value' of object 'Object Repository/Objects.HighlightElements/input_field_index' is: 'Working Day(s)'

2020-05-27 12:39:03 - [MESSAGE][PASSED] - Attribute 'value' of object 'Object Repository/Objects.HighlightElements/input_field_index' is: 'Working Day(s)'

2020-05-27 12:39:03 - [TEST_STEP][PASSED] - callTestCase(findTestCase(CallTCName), ["FindValue":ComboBoxValue, "DropdownNm":comboNm], STOP_ON_FAILURE): Call Test Case 'Test Cases/PFI Precision and Scale/PFI Components/ConstantHashMap' successfully

2020-05-27 12:39:03 - [TEST_CASE][PASSED] - Test Cases/PFI Precision and Scale/PFI Components/ConstantHashMap: Test Cases/PFI Precision and Scale/PFI Components/ConstantHashMap

2020-05-27 12:39:03 - [TEST_STEP][PASSED] - ConstantTBL = [1:["PeriodType":"Working Day(s)"], 2:["PeriodType":"Calendar Day(s)"], 3:["PeriodType":"Month(s)"], 4:["TypeOfLetter":"T1"], ... ]: null

2020-05-27 12:39:03 - [TEST_STEP][PASSED] - switch (DropdownNm): null

2020-05-27 12:39:03 - [TEST_STEP][PASSED] - case "PeriodType":: null

2020-05-27 12:39:03 - [TEST_STEP][PASSED] - ValueFound = ConstantTBL.find({ -> ... }): null

2020-05-27 12:39:03 - [TEST_STEP][PASSED] - break: null

2020-05-27 12:39:03 - [MESSAGE][PASSED] - Call Test Case 'Test Cases/PFI Precision and Scale/PFI Components/ConstantHashMap' successfully

2020-05-27 12:39:03 - [TEST_STEP][PASSED] - println(ValueFound): null

2020-05-27 12:39:03 - [TEST_STEP][PASSED] - sendKeys(NewInputNmField, Keys.chord(ARROW_DOWN)): Keys 'DOWN + ' sent to object: 'Object Repository/Objects.HighlightElements/input_field_index'

2020-05-27 12:39:03 - [MESSAGE][PASSED] - Keys 'DOWN + ' sent to object: 'Object Repository/Objects.HighlightElements/input_field_index'

2020-05-27 12:39:03 - [TEST_STEP][PASSED] - sendKeys(NewInputNmField, Keys.chord(ENTER)): Keys 'ENTER + ' sent to object: 'Object Repository/Objects.HighlightElements/input_field_index'

2020-05-27 12:39:04 - [MESSAGE][PASSED] - Keys 'ENTER + ' sent to object: 'Object Repository/Objects.HighlightElements/input_field_index'

2020-05-27 12:39:04 - [MESSAGE][PASSED] - Call Test Case 'Test Cases/PFI Precision and Scale/PFI Components with Indexing/VerifyDropdownValuesIndex' successfully

2020-05-27 12:39:04 - [TEST_STEP][PASSED] - callTestCase(findTestCase("Components/ClickRadioButtonII"), ["lblNm":"on", "index":6], STOP_ON_FAILURE): Call Test Case 'Test Cases/Components/ClickRadioButtonII' successfully

2020-05-27 12:39:04 - [TEST_CASE][PASSED] - Test Cases/Components/ClickRadioButtonII: Test Cases/Components/ClickRadioButtonII

2020-05-27 12:39:04 - [TEST_STEP][PASSED] - Thread.sleep(1000): null

2020-05-27 12:39:05 - [TEST_STEP][PASSED] - modifiedRadioButton = modifyObjectProperty(findTestObject("Objects.ClickRadioButton/DynamicRadioButton"), "xpath", "equals", "(//*[contains(@class,'x-form-cb-label-default') and text()='" + lblNm + "'])[" + index + "]", true): Modify property of object successfully

2020-05-27 12:39:05 - [MESSAGE][PASSED] - Modify property of object successfully

2020-05-27 12:39:05 - [TEST_STEP][PASSED] - com.reusableComponents.HighlightElement.run(modifiedRadioButton): com.reusableComponents.HighlightElement.run is PASSED

2020-05-27 12:39:06 - [MESSAGE][PASSED] - com.reusableComponents.HighlightElement.run is PASSED

2020-05-27 12:39:06 - [TEST_STEP][PASSED] - click(modifiedRadioButton): Object: 'Object Repository/Objects.ClickRadioButton/DynamicRadioButton' is clicked on

2020-05-27 12:39:08 - [MESSAGE][PASSED] - Object: 'Object Repository/Objects.ClickRadioButton/DynamicRadioButton' is clicked on

2020-05-27 12:39:08 - [MESSAGE][PASSED] - Call Test Case 'Test Cases/Components/ClickRadioButtonII' successfully

2020-05-27 12:39:08 - [TEST_STEP][PASSED] - callTestCase(findTestCase("Components/HighlightInputIndexField"), ["InputName":"expiryDate", "index":7], STOP_ON_FAILURE): Call Test Case 'Test Cases/Components/HighlightInputIndexField' successfully

2020-05-27 12:39:08 - [TEST_CASE][PASSED] - Test Cases/Components/HighlightInputIndexField: Test Cases/Components/HighlightInputIndexField

2020-05-27 12:39:08 - [TEST_STEP][PASSED] - Thread.sleep(1000): null

2020-05-27 12:39:09 - [TEST_STEP][PASSED] - modifiedInputFld = modifyObjectProperty(findTestObject("Objects.HighlightElements/input_field_index"), "xpath", "equals", "(//*[contains(@class,'x-form-text') and (@name='" + InputName + "')])[" + index + "]", true): Modify property of object successfully

2020-05-27 12:39:09 - [MESSAGE][PASSED] - Modify property of object successfully

2020-05-27 12:39:09 - [TEST_STEP][PASSED] - com.reusableComponents.HighlightElement.run(modifiedInputFld): com.reusableComponents.HighlightElement.run is PASSED

2020-05-27 12:39:10 - [MESSAGE][PASSED] - com.reusableComponents.HighlightElement.run is PASSED

2020-05-27 12:39:10 - [MESSAGE][PASSED] - Call Test Case 'Test Cases/Components/HighlightInputIndexField' successfully

2020-05-27 12:39:10 - [TEST_STEP][PASSED] - callTestCase(findTestCase("PFI Precision and Scale/PFI Components with Indexing/VerifyDefaultValueIndex"), ["FieldNm":"expiryDate", "index":7], STOP_ON_FAILURE): Call Test Case 'Test Cases/PFI Precision and Scale/PFI Components with Indexing/VerifyDefaultValueIndex' successfully

2020-05-27 12:39:10 - [TEST_CASE][PASSED] - Test Cases/PFI Precision and Scale/PFI Components with Indexing/VerifyDefaultValueIndex: Test Cases/PFI Precision and Scale/PFI Components with Indexing/VerifyDefaultValueIndex

2020-05-27 12:39:10 - [TEST_STEP][PASSED] - Thread.sleep(1000): null

2020-05-27 12:39:11 - [TEST_STEP][PASSED] - NewFieldNm = modifyObjectProperty(findTestObject("Object Repository/Objects.HighlightElements/input_field_index"), "xpath", "equals", "(//*[contains(@class,'x-form-text') and (@name='" + FieldNm + "')])[" + index + "]", true): Modify property of object successfully

2020-05-27 12:39:11 - [MESSAGE][PASSED] - Modify property of object successfully

2020-05-27 12:39:11 - [TEST_STEP][PASSED] - focus(NewFieldNm): Object: 'Object Repository/Objects.HighlightElements/input_field_index' is focused

2020-05-27 12:39:12 - [MESSAGE][PASSED] - Object: 'Object Repository/Objects.HighlightElements/input_field_index' is focused

2020-05-27 12:39:12 - [TEST_STEP][PASSED] - DefVal = getAttribute(NewFieldNm, "value", STOP_ON_FAILURE): Attribute 'value' of object 'Object Repository/Objects.HighlightElements/input_field_index' is: ''

2020-05-27 12:39:12 - [MESSAGE][PASSED] - Attribute 'value' of object 'Object Repository/Objects.HighlightElements/input_field_index' is: ''

2020-05-27 12:39:12 - [TEST_STEP][PASSED] - switch (FieldNm): null

2020-05-27 12:39:12 - [TEST_STEP][PASSED] - Default: null

2020-05-27 12:39:12 - [TEST_STEP][PASSED] - verifyMatch(DefVal, "", true): Actual text '' and expected text '' are matched  using regular expression

2020-05-27 12:39:12 - [MESSAGE][PASSED] - Actual text '' and expected text '' are matched  using regular expression

2020-05-27 12:39:12 - [TEST_STEP][PASSED] - break: null

2020-05-27 12:39:12 - [MESSAGE][PASSED] - Call Test Case 'Test Cases/PFI Precision and Scale/PFI Components with Indexing/VerifyDefaultValueIndex' successfully

2020-05-27 12:39:12 - [TEST_STEP][PASSED] - callTestCase(findTestCase("PFI Precision and Scale/PFI Components with Indexing/NumericTextboxValidationIndex"), ["nameToBeUsed":"expiryDate", "minLen":7, "index":7], STOP_ON_FAILURE): Call Test Case 'Test Cases/PFI Precision and Scale/PFI Components with Indexing/NumericTextboxValidationIndex' successfully

2020-05-27 12:39:12 - [TEST_CASE][PASSED] - Test Cases/PFI Precision and Scale/PFI Components with Indexing/NumericTextboxValidationIndex: Test Cases/PFI Precision and Scale/PFI Components with Indexing/NumericTextboxValidationIndex

2020-05-27 12:39:12 - [TEST_STEP][PASSED] - Thread.sleep(1000): null

2020-05-27 12:39:13 - [TEST_STEP][PASSED] - Numeric = "0123456789": null

2020-05-27 12:39:13 - [TEST_STEP][PASSED] - AlphaSpecialChar = z) + "`~!@#$%^&*()=_{}|\][;'":,?><"".join(): null

2020-05-27 12:39:13 - [TEST_STEP][PASSED] - RandomNumeric = RandomStringUtils.random(minLen, Numeric.toCharArray()): null

2020-05-27 12:39:13 - [TEST_STEP][PASSED] - RandomString = RandomStringUtils.random(minLen, AlphaSpecialChar): null

2020-05-27 12:39:13 - [TEST_STEP][PASSED] - regexPat = Pattern.compile("^[0-9]+$"): null

2020-05-27 12:39:13 - [TEST_STEP][PASSED] - NewInputNmField = modifyObjectProperty(findTestObject("Object Repository/Objects.HighlightElements/input_field_index"), "xpath", "equals", "(//*[contains(@class,'x-form-text') and (@name='" + nameToBeUsed + "')])[" + index + "]", true): Modify property of object successfully

2020-05-27 12:39:13 - [MESSAGE][PASSED] - Modify property of object successfully

2020-05-27 12:39:13 - [TEST_STEP][PASSED] - focus(NewInputNmField): Object: 'Object Repository/Objects.HighlightElements/input_field_index' is focused

2020-05-27 12:39:13 - [MESSAGE][PASSED] - Object: 'Object Repository/Objects.HighlightElements/input_field_index' is focused

2020-05-27 12:39:13 - [TEST_STEP][PASSED] - setText(NewInputNmField, RandomString): Text 'DL,RG"w' is set on object 'Object Repository/Objects.HighlightElements/input_field_index'

2020-05-27 12:39:14 - [MESSAGE][PASSED] - Text 'DL,RG"w' is set on object 'Object Repository/Objects.HighlightElements/input_field_index'

2020-05-27 12:39:14 - [TEST_STEP][PASSED] - GetInputVal = getAttribute(NewInputNmField, "value"): Attribute 'value' of object 'Object Repository/Objects.HighlightElements/input_field_index' is: ''

2020-05-27 12:39:14 - [MESSAGE][PASSED] - Attribute 'value' of object 'Object Repository/Objects.HighlightElements/input_field_index' is: ''

2020-05-27 12:39:14 - [TEST_STEP][PASSED] - if (GetInputVal.contains("e")): null

2020-05-27 12:39:14 - [TEST_STEP][PASSED] - else: Actual text '' and expected text '' are matched  using regular expression

2020-05-27 12:39:14 - [TEST_STEP][PASSED] - verifyMatch(GetInputVal, "", true): Actual text '' and expected text '' are matched  using regular expression

2020-05-27 12:39:14 - [MESSAGE][PASSED] - Actual text '' and expected text '' are matched  using regular expression

2020-05-27 12:39:14 - [TEST_STEP][PASSED] - setText(NewInputNmField, RandomNumeric): Text '9381333' is set on object 'Object Repository/Objects.HighlightElements/input_field_index'

2020-05-27 12:39:14 - [MESSAGE][PASSED] - Text '9381333' is set on object 'Object Repository/Objects.HighlightElements/input_field_index'

2020-05-27 12:39:14 - [TEST_STEP][PASSED] - GetEnteredIntegers = getAttribute(NewInputNmField, "value"): Attribute 'value' of object 'Object Repository/Objects.HighlightElements/input_field_index' is: '9381333'

2020-05-27 12:39:15 - [MESSAGE][PASSED] - Attribute 'value' of object 'Object Repository/Objects.HighlightElements/input_field_index' is: '9381333'

2020-05-27 12:39:15 - [TEST_STEP][PASSED] - matchStr = regexPat.matcher(GetEnteredIntegers): null

2020-05-27 12:39:15 - [TEST_STEP][PASSED] - if (matchStr.matches() == true): Accepting Numeric

2020-05-27 12:39:15 - [TEST_STEP][PASSED] - comment("Accepting Numeric"): Accepting Numeric

2020-05-27 12:39:15 - [MESSAGE][INFO] - Accepting Numeric

2020-05-27 12:39:15 - [MESSAGE][PASSED] - Call Test Case 'Test Cases/PFI Precision and Scale/PFI Components with Indexing/NumericTextboxValidationIndex' successfully

2020-05-27 12:39:15 - [TEST_STEP][PASSED] - callTestCase(findTestCase("PFI Precision and Scale/PFI Components with Indexing/InvalidDateErrorValidationIndex"), ["FldNm":"expiryDate", "index":"7"], STOP_ON_FAILURE): Call Test Case 'Test Cases/PFI Precision and Scale/PFI Components with Indexing/InvalidDateErrorValidationIndex' successfully

2020-05-27 12:39:15 - [TEST_CASE][PASSED] - Test Cases/PFI Precision and Scale/PFI Components with Indexing/InvalidDateErrorValidationIndex: Test Cases/PFI Precision and Scale/PFI Components with Indexing/InvalidDateErrorValidationIndex

2020-05-27 12:39:15 - [TEST_STEP][PASSED] - Thread.sleep(1000): null

2020-05-27 12:39:16 - [TEST_STEP][PASSED] - DateFieldNm = modifyObjectProperty(findTestObject("Object Repository/Objects.HighlightElements/input_field_index"), "xpath", "equals", "(//*[contains(@class,'x-form-text') and (@name='" + FldNm + "')])[" + index + "]", true): Modify property of object successfully

2020-05-27 12:39:16 - [MESSAGE][PASSED] - Modify property of object successfully

2020-05-27 12:39:16 - [TEST_STEP][PASSED] - focus(DateFieldNm): Object: 'Object Repository/Objects.HighlightElements/input_field_index' is focused

2020-05-27 12:39:17 - [MESSAGE][PASSED] - Object: 'Object Repository/Objects.HighlightElements/input_field_index' is focused

2020-05-27 12:39:17 - [TEST_STEP][PASSED] - getInputInvalidDate = getAttribute(DateFieldNm, "value"): Attribute 'value' of object 'Object Repository/Objects.HighlightElements/input_field_index' is: '9381333'

2020-05-27 12:39:17 - [MESSAGE][PASSED] - Attribute 'value' of object 'Object Repository/Objects.HighlightElements/input_field_index' is: '9381333'

2020-05-27 12:39:17 - [TEST_STEP][PASSED] - mouseOver(DateFieldNm): Object: 'Object Repository/Objects.HighlightElements/input_field_index' is hovered

2020-05-27 12:39:17 - [MESSAGE][PASSED] - Object: 'Object Repository/Objects.HighlightElements/input_field_index' is hovered

2020-05-27 12:39:17 - [TEST_STEP][PASSED] - getErrMsg = getAttribute(DateFieldNm, "data-errorqtip"): Attribute 'data-errorqtip' of object 'Object Repository/Objects.HighlightElements/input_field_index' is: '<ul class="x-list-plain"><li>9381333 is not a valid date - it must be in the format d/m/Y</li></ul>'

2020-05-27 12:39:18 - [MESSAGE][PASSED] - Attribute 'data-errorqtip' of object 'Object Repository/Objects.HighlightElements/input_field_index' is: '<ul class="x-list-plain"><li>9381333 is not a valid date - it must be in the format d/m/Y</li></ul>'

2020-05-27 12:39:18 - [TEST_STEP][PASSED] - getTotalLength = getErrMsg.length(): null

2020-05-27 12:39:18 - [TEST_STEP][PASSED] - RemoveULClass = getErrMsg.substring(29, getTotalLength): null

2020-05-27 12:39:18 - [TEST_STEP][PASSED] - LengthNoUlClass = RemoveULClass.length() - 10: null

2020-05-27 12:39:18 - [TEST_STEP][PASSED] - ToolTipInvErrMsg = RemoveULClass.substring(0, LengthNoUlClass): null

2020-05-27 12:39:18 - [TEST_STEP][PASSED] - ExpectedInvalidErrMsg = concatenate(getInputInvalidDate, " ", NotValidDt): Concatenated string array: '['9381333',' ','is not a valid date - it must be in the format d/m/Y']' into '9381333 is not a valid date - it must be in the format d/m/Y'

2020-05-27 12:39:18 - [MESSAGE][PASSED] - Concatenated string array: '['9381333',' ','is not a valid date - it must be in the format d/m/Y']' into '9381333 is not a valid date - it must be in the format d/m/Y'

2020-05-27 12:39:18 - [TEST_STEP][PASSED] - verifyMatch(ToolTipInvErrMsg, ExpectedInvalidErrMsg, true): Actual text '9381333 is not a valid date - it must be in the format d/m/Y' and expected text '9381333 is not a valid date - it must be in the format d/m/Y' are matched  using regular expression

2020-05-27 12:39:18 - [MESSAGE][PASSED] - Actual text '9381333 is not a valid date - it must be in the format d/m/Y' and expected text '9381333 is not a valid date - it must be in the format d/m/Y' are matched  using regular expression

2020-05-27 12:39:18 - [MESSAGE][PASSED] - Call Test Case 'Test Cases/PFI Precision and Scale/PFI Components with Indexing/InvalidDateErrorValidationIndex' successfully

2020-05-27 12:39:18 - [TEST_STEP][PASSED] - callTestCase(findTestCase("PFI Precision and Scale/PFI Components with Indexing/SelectDayInDatePickerWithIndexII"), ["FldNm":"expiryDate", "SelectCurrentDay":20, "index":1, "idx":7], STOP_ON_FAILURE): Call Test Case 'Test Cases/PFI Precision and Scale/PFI Components with Indexing/SelectDayInDatePickerWithIndexII' successfully

2020-05-27 12:39:18 - [TEST_CASE][PASSED] - Test Cases/PFI Precision and Scale/PFI Components with Indexing/SelectDayInDatePickerWithIndexII: Test Cases/PFI Precision and Scale/PFI Components with Indexing/SelectDayInDatePickerWithIndexII

2020-05-27 12:39:18 - [TEST_STEP][PASSED] - Thread.sleep(1000): null

2020-05-27 12:39:19 - [TEST_STEP][PASSED] - DateInputFld = modifyObjectProperty(findTestObject("Objects.HighlightElements/input_field_index"), "xpath", "equals", "(//*[contains(@class,'x-form-text') and (@name='" + FldNm + "')])[" + idx + "]", true): Modify property of object successfully

2020-05-27 12:39:19 - [MESSAGE][PASSED] - Modify property of object successfully

2020-05-27 12:39:19 - [TEST_STEP][PASSED] - ModifyDay = modifyObjectProperty(findTestObject("Objects.DateValidation/Page_ISPS2/Select_Day_Index"), "xpath", "equals", "(//*[contains(@class, 'x-datepicker-date') and (text() = '" + SelectCurrentDay + "')])[" + index + "]", true): Modify property of object successfully

2020-05-27 12:39:19 - [MESSAGE][PASSED] - Modify property of object successfully

2020-05-27 12:39:19 - [TEST_STEP][PASSED] - sendKeys(DateInputFld, Keys.chord(ARROW_DOWN)): Keys 'DOWN + ' sent to object: 'Object Repository/Objects.HighlightElements/input_field_index'

2020-05-27 12:39:19 - [MESSAGE][PASSED] - Keys 'DOWN + ' sent to object: 'Object Repository/Objects.HighlightElements/input_field_index'

2020-05-27 12:39:19 - [TEST_STEP][PASSED] - com.reusableComponents.HighlightElement.run(ModifyDay): com.reusableComponents.HighlightElement.run is PASSED

2020-05-27 12:39:20 - [MESSAGE][PASSED] - com.reusableComponents.HighlightElement.run is PASSED

2020-05-27 12:39:20 - [TEST_STEP][PASSED] - delay(1): Delayed 1 second(s)

2020-05-27 12:39:21 - [MESSAGE][PASSED] - Delayed 1 second(s)

2020-05-27 12:39:21 - [TEST_STEP][PASSED] - click(ModifyDay): Object: 'Object Repository/Objects.DateValidation/Page_ISPS2/Select_Day_Index' is clicked on

2020-05-27 12:39:22 - [MESSAGE][PASSED] - Object: 'Object Repository/Objects.DateValidation/Page_ISPS2/Select_Day_Index' is clicked on

2020-05-27 12:39:22 - [MESSAGE][PASSED] - Call Test Case 'Test Cases/PFI Precision and Scale/PFI Components with Indexing/SelectDayInDatePickerWithIndexII' successfully

2020-05-27 12:39:22 - [TEST_STEP][PASSED] - callTestCase(findTestCase("PFI Precision and Scale/PFI Components with Indexing/SelectTodayInDatePickerIndex"), ["FldNm":"expiryDate", "index":1, "idx":7], STOP_ON_FAILURE): Call Test Case 'Test Cases/PFI Precision and Scale/PFI Components with Indexing/SelectTodayInDatePickerIndex' successfully

2020-05-27 12:39:22 - [TEST_CASE][PASSED] - Test Cases/PFI Precision and Scale/PFI Components with Indexing/SelectTodayInDatePickerIndex: Test Cases/PFI Precision and Scale/PFI Components with Indexing/SelectTodayInDatePickerIndex

2020-05-27 12:39:22 - [TEST_STEP][PASSED] - Thread.sleep(1000): null

2020-05-27 12:39:23 - [TEST_STEP][PASSED] - DateFieldNm = modifyObjectProperty(findTestObject("Objects.HighlightElements/input_field_index"), "xpath", "equals", "(//*[contains(@class,'x-form-text') and (@name='" + FldNm + "')])[" + idx + "]", true): Modify property of object successfully

2020-05-27 12:39:23 - [MESSAGE][PASSED] - Modify property of object successfully

2020-05-27 12:39:23 - [TEST_STEP][PASSED] - TodayBtn = modifyObjectProperty(findTestObject("Object Repository/Objects.DateValidation/Page_ISPS2/a_Today"), "xpath", "equals", "(//*[text() = 'Today'])[" + index + "]", true): Modify property of object successfully

2020-05-27 12:39:23 - [MESSAGE][PASSED] - Modify property of object successfully

2020-05-27 12:39:23 - [TEST_STEP][PASSED] - sendKeys(DateFieldNm, Keys.chord(ARROW_DOWN)): Keys 'DOWN + ' sent to object: 'Object Repository/Objects.HighlightElements/input_field_index'

2020-05-27 12:39:23 - [MESSAGE][PASSED] - Keys 'DOWN + ' sent to object: 'Object Repository/Objects.HighlightElements/input_field_index'

2020-05-27 12:39:23 - [TEST_STEP][PASSED] - com.reusableComponents.HighlightElement.run(TodayBtn): com.reusableComponents.HighlightElement.run is PASSED

2020-05-27 12:39:24 - [MESSAGE][PASSED] - com.reusableComponents.HighlightElement.run is PASSED

2020-05-27 12:39:24 - [TEST_STEP][PASSED] - click(TodayBtn): Object: 'Object Repository/Objects.DateValidation/Page_ISPS2/a_Today' is clicked on

2020-05-27 12:39:25 - [MESSAGE][PASSED] - Object: 'Object Repository/Objects.DateValidation/Page_ISPS2/a_Today' is clicked on

2020-05-27 12:39:25 - [MESSAGE][PASSED] - Call Test Case 'Test Cases/PFI Precision and Scale/PFI Components with Indexing/SelectTodayInDatePickerIndex' successfully

2020-05-27 12:39:25 - [TEST_STEP][PASSED] - callTestCase(findTestCase("Components/HighlightLabelIndexField"), ["LblName":"KIV Case Due Date:", "index":3], STOP_ON_FAILURE): Call Test Case 'Test Cases/Components/HighlightLabelIndexField' successfully

2020-05-27 12:39:25 - [TEST_CASE][PASSED] - Test Cases/Components/HighlightLabelIndexField: Test Cases/Components/HighlightLabelIndexField

2020-05-27 12:39:25 - [TEST_STEP][PASSED] - Thread.sleep(1000): null

2020-05-27 12:39:26 - [TEST_STEP][PASSED] - modifiedLblNm = modifyObjectProperty(findTestObject("Object Repository/Objects.HighlightElements/lblField_index"), "xpath", "equals", "(//*[contains(@class,'x-form-item-label-inner') and (text()='" + LblName + "')])[" + index + "]", true): Modify property of object successfully

2020-05-27 12:39:26 - [MESSAGE][PASSED] - Modify property of object successfully

2020-05-27 12:39:26 - [TEST_STEP][PASSED] - com.reusableComponents.HighlightElement.run(modifiedLblNm): com.reusableComponents.HighlightElement.run is PASSED

2020-05-27 12:39:26 - [MESSAGE][PASSED] - com.reusableComponents.HighlightElement.run is PASSED

2020-05-27 12:39:26 - [MESSAGE][PASSED] - Call Test Case 'Test Cases/Components/HighlightLabelIndexField' successfully

2020-05-27 12:39:26 - [TEST_STEP][PASSED] - callTestCase(findTestCase("Components/HighlightInputIndexField"), ["InputName":"kivDueDate", "index":3], STOP_ON_FAILURE): Call Test Case 'Test Cases/Components/HighlightInputIndexField' successfully

2020-05-27 12:39:26 - [TEST_CASE][PASSED] - Test Cases/Components/HighlightInputIndexField: Test Cases/Components/HighlightInputIndexField

2020-05-27 12:39:26 - [TEST_STEP][PASSED] - Thread.sleep(1000): null

2020-05-27 12:39:27 - [TEST_STEP][PASSED] - modifiedInputFld = modifyObjectProperty(findTestObject("Objects.HighlightElements/input_field_index"), "xpath", "equals", "(//*[contains(@class,'x-form-text') and (@name='" + InputName + "')])[" + index + "]", true): Modify property of object successfully

2020-05-27 12:39:27 - [MESSAGE][PASSED] - Modify property of object successfully

2020-05-27 12:39:27 - [TEST_STEP][PASSED] - com.reusableComponents.HighlightElement.run(modifiedInputFld): com.reusableComponents.HighlightElement.run is PASSED

2020-05-27 12:39:28 - [MESSAGE][PASSED] - com.reusableComponents.HighlightElement.run is PASSED

2020-05-27 12:39:28 - [MESSAGE][PASSED] - Call Test Case 'Test Cases/Components/HighlightInputIndexField' successfully

2020-05-27 12:39:28 - [TEST_STEP][PASSED] - callTestCase(findTestCase("Components/SelectAllThenDeleteIndex"), ["nameToBeUsed":"kivDueDate", "index":3], STOP_ON_FAILURE): Call Test Case 'Test Cases/Components/SelectAllThenDeleteIndex' successfully

2020-05-27 12:39:28 - [TEST_CASE][PASSED] - Test Cases/Components/SelectAllThenDeleteIndex: Test Cases/Components/SelectAllThenDeleteIndex

2020-05-27 12:39:28 - [TEST_STEP][PASSED] - Thread.sleep(1000): null

2020-05-27 12:39:29 - [TEST_STEP][PASSED] - modifiedObj = modifyObjectProperty(findTestObject("Object Repository/Objects.HighlightElements/input_field_index"), "xpath", "equals", "(//*[contains(@class,'x-form-text') and (@name='" + nameToBeUsed + "')])[" + index + "]", true): Modify property of object successfully

2020-05-27 12:39:29 - [MESSAGE][PASSED] - Modify property of object successfully

2020-05-27 12:39:29 - [TEST_STEP][PASSED] - focus(modifiedObj): Object: 'Object Repository/Objects.HighlightElements/input_field_index' is focused

2020-05-27 12:39:30 - [MESSAGE][PASSED] - Object: 'Object Repository/Objects.HighlightElements/input_field_index' is focused

2020-05-27 12:39:30 - [TEST_STEP][PASSED] - sendKeys(modifiedObj, Keys.chord(CONTROL, "a")): Keys 'CONTROL + a' sent to object: 'Object Repository/Objects.HighlightElements/input_field_index'

2020-05-27 12:39:30 - [MESSAGE][PASSED] - Keys 'CONTROL + a' sent to object: 'Object Repository/Objects.HighlightElements/input_field_index'

2020-05-27 12:39:30 - [TEST_STEP][PASSED] - sendKeys(modifiedObj, Keys.chord(DELETE)): Keys 'DELETE + ' sent to object: 'Object Repository/Objects.HighlightElements/input_field_index'

2020-05-27 12:39:30 - [MESSAGE][PASSED] - Keys 'DELETE + ' sent to object: 'Object Repository/Objects.HighlightElements/input_field_index'

2020-05-27 12:39:30 - [MESSAGE][PASSED] - Call Test Case 'Test Cases/Components/SelectAllThenDeleteIndex' successfully

2020-05-27 12:39:30 - [TEST_STEP][PASSED] - callTestCase(findTestCase("PFI Precision and Scale/PFI Components with Indexing/NumericTextboxValidationIndex"), ["nameToBeUsed":"kivDueDate", "minLen":8, "index":3], STOP_ON_FAILURE): Call Test Case 'Test Cases/PFI Precision and Scale/PFI Components with Indexing/NumericTextboxValidationIndex' successfully

2020-05-27 12:39:30 - [TEST_CASE][PASSED] - Test Cases/PFI Precision and Scale/PFI Components with Indexing/NumericTextboxValidationIndex: Test Cases/PFI Precision and Scale/PFI Components with Indexing/NumericTextboxValidationIndex

2020-05-27 12:39:30 - [TEST_STEP][PASSED] - Thread.sleep(1000): null

2020-05-27 12:39:31 - [TEST_STEP][PASSED] - Numeric = "0123456789": null

2020-05-27 12:39:31 - [TEST_STEP][PASSED] - AlphaSpecialChar = z) + "`~!@#$%^&*()=_{}|\][;'":,?><"".join(): null

2020-05-27 12:39:31 - [TEST_STEP][PASSED] - RandomNumeric = RandomStringUtils.random(minLen, Numeric.toCharArray()): null

2020-05-27 12:39:31 - [TEST_STEP][PASSED] - RandomString = RandomStringUtils.random(minLen, AlphaSpecialChar): null

2020-05-27 12:39:31 - [TEST_STEP][PASSED] - regexPat = Pattern.compile("^[0-9]+$"): null

2020-05-27 12:39:31 - [TEST_STEP][PASSED] - NewInputNmField = modifyObjectProperty(findTestObject("Object Repository/Objects.HighlightElements/input_field_index"), "xpath", "equals", "(//*[contains(@class,'x-form-text') and (@name='" + nameToBeUsed + "')])[" + index + "]", true): Modify property of object successfully

2020-05-27 12:39:31 - [MESSAGE][PASSED] - Modify property of object successfully

2020-05-27 12:39:31 - [TEST_STEP][PASSED] - focus(NewInputNmField): Object: 'Object Repository/Objects.HighlightElements/input_field_index' is focused

2020-05-27 12:39:32 - [MESSAGE][PASSED] - Object: 'Object Repository/Objects.HighlightElements/input_field_index' is focused

2020-05-27 12:39:32 - [TEST_STEP][PASSED] - setText(NewInputNmField, RandomString): Text 'qPW$D&n(' is set on object 'Object Repository/Objects.HighlightElements/input_field_index'

2020-05-27 12:39:32 - [MESSAGE][PASSED] - Text 'qPW$D&n(' is set on object 'Object Repository/Objects.HighlightElements/input_field_index'

2020-05-27 12:39:32 - [TEST_STEP][PASSED] - GetInputVal = getAttribute(NewInputNmField, "value"): Attribute 'value' of object 'Object Repository/Objects.HighlightElements/input_field_index' is: ''

2020-05-27 12:39:32 - [MESSAGE][PASSED] - Attribute 'value' of object 'Object Repository/Objects.HighlightElements/input_field_index' is: ''

2020-05-27 12:39:32 - [TEST_STEP][PASSED] - if (GetInputVal.contains("e")): null

2020-05-27 12:39:32 - [TEST_STEP][PASSED] - else: Actual text '' and expected text '' are matched  using regular expression

2020-05-27 12:39:32 - [TEST_STEP][PASSED] - verifyMatch(GetInputVal, "", true): Actual text '' and expected text '' are matched  using regular expression

2020-05-27 12:39:32 - [MESSAGE][PASSED] - Actual text '' and expected text '' are matched  using regular expression

2020-05-27 12:39:32 - [TEST_STEP][PASSED] - setText(NewInputNmField, RandomNumeric): Text '03074245' is set on object 'Object Repository/Objects.HighlightElements/input_field_index'

2020-05-27 12:39:33 - [MESSAGE][PASSED] - Text '03074245' is set on object 'Object Repository/Objects.HighlightElements/input_field_index'

2020-05-27 12:39:33 - [TEST_STEP][PASSED] - GetEnteredIntegers = getAttribute(NewInputNmField, "value"): Attribute 'value' of object 'Object Repository/Objects.HighlightElements/input_field_index' is: '03074245'

2020-05-27 12:39:33 - [MESSAGE][PASSED] - Attribute 'value' of object 'Object Repository/Objects.HighlightElements/input_field_index' is: '03074245'

2020-05-27 12:39:33 - [TEST_STEP][PASSED] - matchStr = regexPat.matcher(GetEnteredIntegers): null

2020-05-27 12:39:33 - [TEST_STEP][PASSED] - if (matchStr.matches() == true): Accepting Numeric

2020-05-27 12:39:33 - [TEST_STEP][PASSED] - comment("Accepting Numeric"): Accepting Numeric

2020-05-27 12:39:33 - [MESSAGE][INFO] - Accepting Numeric

2020-05-27 12:39:33 - [MESSAGE][PASSED] - Call Test Case 'Test Cases/PFI Precision and Scale/PFI Components with Indexing/NumericTextboxValidationIndex' successfully

2020-05-27 12:39:33 - [TEST_STEP][FAILED] - callTestCase(findTestCase("PFI Precision and Scale/PFI Components with Indexing/InvalidDateErrorValidationIndex"), ["FldNm":"kivDueDate", "index":3], STOP_ON_FAILURE): Unable to call Test Case 'Test Cases/PFI Precision and Scale/PFI Components with Indexing/InvalidDateErrorValidationIndex' (Root cause: com.kms.katalon.core.exception.StepErrorException: Call Test Case 'Test Cases/PFI Precision and Scale/PFI Components with Indexing/InvalidDateErrorValidationIndex' failed because of error(s)
	at com.kms.katalon.core.keyword.builtin.CallTestCaseKeyword$_callTestCase_closure1.doCall(CallTestCaseKeyword.groovy:66)
	at com.kms.katalon.core.keyword.builtin.CallTestCaseKeyword$_callTestCase_closure1.call(CallTestCaseKeyword.groovy)
	at com.kms.katalon.core.keyword.internal.KeywordMain.runKeyword(KeywordMain.groovy:68)
	at com.kms.katalon.core.keyword.builtin.CallTestCaseKeyword.callTestCase(CallTestCaseKeyword.groovy:81)
	at com.kms.katalon.core.keyword.builtin.CallTestCaseKeyword.execute(CallTestCaseKeyword.groovy:44)
	at com.kms.katalon.core.keyword.internal.KeywordExecutor.executeKeywordForPlatform(KeywordExecutor.groovy:72)
	at com.kms.katalon.core.keyword.BuiltinKeywords.callTestCase(BuiltinKeywords.groovy:334)
	at PFI.WrittenDirectionsLHS.run(PFI.WrittenDirectionsLHS:96)
	at com.kms.katalon.core.main.ScriptEngine.run(ScriptEngine.java:194)
	at com.kms.katalon.core.main.ScriptEngine.runScriptAsRawText(ScriptEngine.java:119)
	at com.kms.katalon.core.main.TestCaseExecutor.runScript(TestCaseExecutor.java:337)
	at com.kms.katalon.core.main.TestCaseExecutor.doExecute(TestCaseExecutor.java:328)
	at com.kms.katalon.core.main.TestCaseExecutor.processExecutionPhase(TestCaseExecutor.java:307)
	at com.kms.katalon.core.main.TestCaseExecutor.accessMainPhase(TestCaseExecutor.java:299)
	at com.kms.katalon.core.main.TestCaseExecutor.execute(TestCaseExecutor.java:233)
	at com.kms.katalon.core.main.TestSuiteExecutor.accessTestCaseMainPhase(TestSuiteExecutor.java:169)
	at com.kms.katalon.core.main.TestSuiteExecutor.accessTestSuiteMainPhase(TestSuiteExecutor.java:142)
	at com.kms.katalon.core.main.TestSuiteExecutor.execute(TestSuiteExecutor.java:91)
	at com.kms.katalon.core.main.TestCaseMain.startTestSuite(TestCaseMain.java:157)
	at com.kms.katalon.core.main.TestCaseMain$startTestSuite$0.call(Unknown Source)
	at TempTestSuite1590553977570.run(TempTestSuite1590553977570.groovy:36)
Caused by: java.lang.NullPointerException: Cannot invoke method length() on null object
	at java_lang_CharSequence$length.call(Unknown Source)
	at InvalidDateErrorValidationIndex.run(InvalidDateErrorValidationIndex:41)
	at com.kms.katalon.core.main.ScriptEngine.run(ScriptEngine.java:194)
	at com.kms.katalon.core.main.ScriptEngine.runScriptAsRawText(ScriptEngine.java:119)
	at com.kms.katalon.core.main.TestCaseExecutor.runScript(TestCaseExecutor.java:337)
	at com.kms.katalon.core.main.TestCaseExecutor.doExecute(TestCaseExecutor.java:328)
	at com.kms.katalon.core.main.TestCaseExecutor.processExecutionPhase(TestCaseExecutor.java:307)
	at com.kms.katalon.core.main.TestCaseExecutor.accessMainPhase(TestCaseExecutor.java:299)
	at com.kms.katalon.core.main.TestCaseExecutor.execute(TestCaseExecutor.java:233)
	at com.kms.katalon.core.main.TestCaseMain.runTestCase(TestCaseMain.java:114)
	at com.kms.katalon.core.keyword.builtin.CallTestCaseKeyword$_callTestCase_closure1.doCall(CallTestCaseKeyword.groovy:59)
	... 20 more
)

2020-05-27 12:39:33 - [TEST_CASE][ERROR] - Test Cases/PFI Precision and Scale/PFI Components with Indexing/InvalidDateErrorValidationIndex: Test Cases/PFI Precision and Scale/PFI Components with Indexing/InvalidDateErrorValidationIndex FAILED.
Reason:
java.lang.NullPointerException: Cannot invoke method length() on null object
	at java_lang_CharSequence$length.call(Unknown Source)
	at InvalidDateErrorValidationIndex.run(InvalidDateErrorValidationIndex:41)
	at com.kms.katalon.core.main.ScriptEngine.run(ScriptEngine.java:194)
	at com.kms.katalon.core.main.ScriptEngine.runScriptAsRawText(ScriptEngine.java:119)
	at com.kms.katalon.core.main.TestCaseExecutor.runScript(TestCaseExecutor.java:337)
	at com.kms.katalon.core.main.TestCaseExecutor.doExecute(TestCaseExecutor.java:328)
	at com.kms.katalon.core.main.TestCaseExecutor.processExecutionPhase(TestCaseExecutor.java:307)
	at com.kms.katalon.core.main.TestCaseExecutor.accessMainPhase(TestCaseExecutor.java:299)
	at com.kms.katalon.core.main.TestCaseExecutor.execute(TestCaseExecutor.java:233)
	at com.kms.katalon.core.main.TestCaseMain.runTestCase(TestCaseMain.java:114)
	at com.kms.katalon.core.keyword.builtin.CallTestCaseKeyword$_callTestCase_closure1.doCall(CallTestCaseKeyword.groovy:59)
	at com.kms.katalon.core.keyword.builtin.CallTestCaseKeyword$_callTestCase_closure1.call(CallTestCaseKeyword.groovy)
	at com.kms.katalon.core.keyword.internal.KeywordMain.runKeyword(KeywordMain.groovy:68)
	at com.kms.katalon.core.keyword.builtin.CallTestCaseKeyword.callTestCase(CallTestCaseKeyword.groovy:81)
	at com.kms.katalon.core.keyword.builtin.CallTestCaseKeyword.execute(CallTestCaseKeyword.groovy:44)
	at com.kms.katalon.core.keyword.internal.KeywordExecutor.executeKeywordForPlatform(KeywordExecutor.groovy:72)
	at com.kms.katalon.core.keyword.BuiltinKeywords.callTestCase(BuiltinKeywords.groovy:334)
	at PFI.WrittenDirectionsLHS.run(PFI.WrittenDirectionsLHS:96)
	at com.kms.katalon.core.main.ScriptEngine.run(ScriptEngine.java:194)
	at com.kms.katalon.core.main.ScriptEngine.runScriptAsRawText(ScriptEngine.java:119)
	at com.kms.katalon.core.main.TestCaseExecutor.runScript(TestCaseExecutor.java:337)
	at com.kms.katalon.core.main.TestCaseExecutor.doExecute(TestCaseExecutor.java:328)
	at com.kms.katalon.core.main.TestCaseExecutor.processExecutionPhase(TestCaseExecutor.java:307)
	at com.kms.katalon.core.main.TestCaseExecutor.accessMainPhase(TestCaseExecutor.java:299)
	at com.kms.katalon.core.main.TestCaseExecutor.execute(TestCaseExecutor.java:233)
	at com.kms.katalon.core.main.TestSuiteExecutor.accessTestCaseMainPhase(TestSuiteExecutor.java:169)
	at com.kms.katalon.core.main.TestSuiteExecutor.accessTestSuiteMainPhase(TestSuiteExecutor.java:142)
	at com.kms.katalon.core.main.TestSuiteExecutor.execute(TestSuiteExecutor.java:91)
	at com.kms.katalon.core.main.TestCaseMain.startTestSuite(TestCaseMain.java:157)
	at com.kms.katalon.core.main.TestCaseMain$startTestSuite$0.call(Unknown Source)
	at TempTestSuite1590553977570.run(TempTestSuite1590553977570.groovy:36)


2020-05-27 12:39:33 - [TEST_STEP][PASSED] - Thread.sleep(1000): null

2020-05-27 12:39:34 - [TEST_STEP][PASSED] - DateFieldNm = modifyObjectProperty(findTestObject("Object Repository/Objects.HighlightElements/input_field_index"), "xpath", "equals", "(//*[contains(@class,'x-form-text') and (@name='" + FldNm + "')])[" + index + "]", true): Modify property of object successfully

2020-05-27 12:39:34 - [MESSAGE][PASSED] - Modify property of object successfully

2020-05-27 12:39:34 - [TEST_STEP][PASSED] - focus(DateFieldNm): Object: 'Object Repository/Objects.HighlightElements/input_field_index' is focused

2020-05-27 12:39:34 - [MESSAGE][PASSED] - Object: 'Object Repository/Objects.HighlightElements/input_field_index' is focused

2020-05-27 12:39:34 - [TEST_STEP][PASSED] - getInputInvalidDate = getAttribute(DateFieldNm, "value"): Attribute 'value' of object 'Object Repository/Objects.HighlightElements/input_field_index' is: '03074245'

2020-05-27 12:39:34 - [MESSAGE][PASSED] - Attribute 'value' of object 'Object Repository/Objects.HighlightElements/input_field_index' is: '03074245'

2020-05-27 12:39:34 - [TEST_STEP][PASSED] - mouseOver(DateFieldNm): Object: 'Object Repository/Objects.HighlightElements/input_field_index' is hovered

2020-05-27 12:39:35 - [MESSAGE][PASSED] - Object: 'Object Repository/Objects.HighlightElements/input_field_index' is hovered

2020-05-27 12:39:35 - [TEST_STEP][PASSED] - getErrMsg = getAttribute(DateFieldNm, "data-errorqtip"): Attribute 'data-errorqtip' of object 'Object Repository/Objects.HighlightElements/input_field_index' is: 'null'

2020-05-27 12:39:35 - [MESSAGE][PASSED] - Attribute 'data-errorqtip' of object 'Object Repository/Objects.HighlightElements/input_field_index' is: 'null'

2020-05-27 12:39:35 - [TEST_STEP][PASSED] - getTotalLength = getErrMsg.length(): null

2020-05-27 12:39:35 - [MESSAGE][FAILED] - Unable to call Test Case 'Test Cases/PFI Precision and Scale/PFI Components with Indexing/InvalidDateErrorValidationIndex' (Root cause: com.kms.katalon.core.exception.StepErrorException: Call Test Case 'Test Cases/PFI Precision and Scale/PFI Components with Indexing/InvalidDateErrorValidationIndex' failed because of error(s)
	at com.kms.katalon.core.keyword.builtin.CallTestCaseKeyword$_callTestCase_closure1.doCall(CallTestCaseKeyword.groovy:66)
	at com.kms.katalon.core.keyword.builtin.CallTestCaseKeyword$_callTestCase_closure1.call(CallTestCaseKeyword.groovy)
	at com.kms.katalon.core.keyword.internal.KeywordMain.runKeyword(KeywordMain.groovy:68)
	at com.kms.katalon.core.keyword.builtin.CallTestCaseKeyword.callTestCase(CallTestCaseKeyword.groovy:81)
	at com.kms.katalon.core.keyword.builtin.CallTestCaseKeyword.execute(CallTestCaseKeyword.groovy:44)
	at com.kms.katalon.core.keyword.internal.KeywordExecutor.executeKeywordForPlatform(KeywordExecutor.groovy:72)
	at com.kms.katalon.core.keyword.BuiltinKeywords.callTestCase(BuiltinKeywords.groovy:334)
	at PFI.WrittenDirectionsLHS.run(PFI.WrittenDirectionsLHS:96)
	at com.kms.katalon.core.main.ScriptEngine.run(ScriptEngine.java:194)
	at com.kms.katalon.core.main.ScriptEngine.runScriptAsRawText(ScriptEngine.java:119)
	at com.kms.katalon.core.main.TestCaseExecutor.runScript(TestCaseExecutor.java:337)
	at com.kms.katalon.core.main.TestCaseExecutor.doExecute(TestCaseExecutor.java:328)
	at com.kms.katalon.core.main.TestCaseExecutor.processExecutionPhase(TestCaseExecutor.java:307)
	at com.kms.katalon.core.main.TestCaseExecutor.accessMainPhase(TestCaseExecutor.java:299)
	at com.kms.katalon.core.main.TestCaseExecutor.execute(TestCaseExecutor.java:233)
	at com.kms.katalon.core.main.TestSuiteExecutor.accessTestCaseMainPhase(TestSuiteExecutor.java:169)
	at com.kms.katalon.core.main.TestSuiteExecutor.accessTestSuiteMainPhase(TestSuiteExecutor.java:142)
	at com.kms.katalon.core.main.TestSuiteExecutor.execute(TestSuiteExecutor.java:91)
	at com.kms.katalon.core.main.TestCaseMain.startTestSuite(TestCaseMain.java:157)
	at com.kms.katalon.core.main.TestCaseMain$startTestSuite$0.call(Unknown Source)
	at TempTestSuite1590553977570.run(TempTestSuite1590553977570.groovy:36)
Caused by: java.lang.NullPointerException: Cannot invoke method length() on null object
	at java_lang_CharSequence$length.call(Unknown Source)
	at InvalidDateErrorValidationIndex.run(InvalidDateErrorValidationIndex:41)
	at com.kms.katalon.core.main.ScriptEngine.run(ScriptEngine.java:194)
	at com.kms.katalon.core.main.ScriptEngine.runScriptAsRawText(ScriptEngine.java:119)
	at com.kms.katalon.core.main.TestCaseExecutor.runScript(TestCaseExecutor.java:337)
	at com.kms.katalon.core.main.TestCaseExecutor.doExecute(TestCaseExecutor.java:328)
	at com.kms.katalon.core.main.TestCaseExecutor.processExecutionPhase(TestCaseExecutor.java:307)
	at com.kms.katalon.core.main.TestCaseExecutor.accessMainPhase(TestCaseExecutor.java:299)
	at com.kms.katalon.core.main.TestCaseExecutor.execute(TestCaseExecutor.java:233)
	at com.kms.katalon.core.main.TestCaseMain.runTestCase(TestCaseMain.java:114)
	at com.kms.katalon.core.keyword.builtin.CallTestCaseKeyword$_callTestCase_closure1.doCall(CallTestCaseKeyword.groovy:59)
	... 20 more
)]]></system-out>
         <system-err><![CDATA[2020-05-27 12:38:14 - [TEST_CASE][ERROR] - Test Cases/PFI Precision and Scale/PFI Test Cases/PFI.WrittenDirectionsLHS: Test Cases/PFI Precision and Scale/PFI Test Cases/PFI.WrittenDirectionsLHS FAILED.
Reason:
com.kms.katalon.core.exception.StepErrorException: Call Test Case 'Test Cases/PFI Precision and Scale/PFI Components with Indexing/InvalidDateErrorValidationIndex' failed because of error(s)
	at com.kms.katalon.core.keyword.builtin.CallTestCaseKeyword$_callTestCase_closure1.doCall(CallTestCaseKeyword.groovy:66)
	at com.kms.katalon.core.keyword.builtin.CallTestCaseKeyword$_callTestCase_closure1.call(CallTestCaseKeyword.groovy)
	at com.kms.katalon.core.keyword.internal.KeywordMain.runKeyword(KeywordMain.groovy:68)
	at com.kms.katalon.core.keyword.builtin.CallTestCaseKeyword.callTestCase(CallTestCaseKeyword.groovy:81)
	at com.kms.katalon.core.keyword.builtin.CallTestCaseKeyword.execute(CallTestCaseKeyword.groovy:44)
	at com.kms.katalon.core.keyword.internal.KeywordExecutor.executeKeywordForPlatform(KeywordExecutor.groovy:72)
	at com.kms.katalon.core.keyword.BuiltinKeywords.callTestCase(BuiltinKeywords.groovy:334)
	at PFI.WrittenDirectionsLHS.run(PFI.WrittenDirectionsLHS:96)
	at com.kms.katalon.core.main.ScriptEngine.run(ScriptEngine.java:194)
	at com.kms.katalon.core.main.ScriptEngine.runScriptAsRawText(ScriptEngine.java:119)
	at com.kms.katalon.core.main.TestCaseExecutor.runScript(TestCaseExecutor.java:337)
	at com.kms.katalon.core.main.TestCaseExecutor.doExecute(TestCaseExecutor.java:328)
	at com.kms.katalon.core.main.TestCaseExecutor.processExecutionPhase(TestCaseExecutor.java:307)
	at com.kms.katalon.core.main.TestCaseExecutor.accessMainPhase(TestCaseExecutor.java:299)
	at com.kms.katalon.core.main.TestCaseExecutor.execute(TestCaseExecutor.java:233)
	at com.kms.katalon.core.main.TestSuiteExecutor.accessTestCaseMainPhase(TestSuiteExecutor.java:169)
	at com.kms.katalon.core.main.TestSuiteExecutor.accessTestSuiteMainPhase(TestSuiteExecutor.java:142)
	at com.kms.katalon.core.main.TestSuiteExecutor.execute(TestSuiteExecutor.java:91)
	at com.kms.katalon.core.main.TestCaseMain.startTestSuite(TestCaseMain.java:157)
	at com.kms.katalon.core.main.TestCaseMain$startTestSuite$0.call(Unknown Source)
	at TempTestSuite1590553977570.run(TempTestSuite1590553977570.groovy:36)
Caused by: java.lang.NullPointerException: Cannot invoke method length() on null object
	at java_lang_CharSequence$length.call(Unknown Source)
	at InvalidDateErrorValidationIndex.run(InvalidDateErrorValidationIndex:41)
	at com.kms.katalon.core.main.ScriptEngine.run(ScriptEngine.java:194)
	at com.kms.katalon.core.main.ScriptEngine.runScriptAsRawText(ScriptEngine.java:119)
	at com.kms.katalon.core.main.TestCaseExecutor.runScript(TestCaseExecutor.java:337)
	at com.kms.katalon.core.main.TestCaseExecutor.doExecute(TestCaseExecutor.java:328)
	at com.kms.katalon.core.main.TestCaseExecutor.processExecutionPhase(TestCaseExecutor.java:307)
	at com.kms.katalon.core.main.TestCaseExecutor.accessMainPhase(TestCaseExecutor.java:299)
	at com.kms.katalon.core.main.TestCaseExecutor.execute(TestCaseExecutor.java:233)
	at com.kms.katalon.core.main.TestCaseMain.runTestCase(TestCaseMain.java:114)
	at com.kms.katalon.core.keyword.builtin.CallTestCaseKeyword$_callTestCase_closure1.doCall(CallTestCaseKeyword.groovy:59)
	... 20 more]]></system-err>
      </testcase>
      <testcase name="Test Cases/PFI Precision and Scale/PFI Test Cases/PFI.IssueStatusLHS" time="366.985" classname="Test Cases/PFI Precision and Scale/PFI Test Cases/PFI.IssueStatusLHS" status="PASSED">
         <system-out><![CDATA[2020-05-27 12:39:35 - [TEST_CASE][PASSED] - Test Cases/PFI Precision and Scale/PFI Test Cases/PFI.IssueStatusLHS: Test Cases/PFI Precision and Scale/PFI Test Cases/PFI.IssueStatusLHS

2020-05-27 12:39:35 - [TEST_STEP][NOT_RUN] - callTestCase(findTestCase("Components/LoginV2.0"), ["LinkToBeUsed":findTestData("ISPS2 Test Data").getValue("URL", 1), "LoginPageTextToBeVerified":findTestData("ISPS2 Test Data").getValue("HomeBanner", 1), ... ], STOP_ON_FAILURE): NOT_RUN: callTestCase(findTestCase("Components/LoginV2.0"), ["LinkToBeUsed":findTestData("ISPS2 Test Data").getValue("URL", 1), "LoginPageTextToBeVerified":findTestData("ISPS2 Test Data").getValue("HomeBanner", 1), ... ], STOP_ON_FAILURE)

2020-05-27 12:39:35 - [MESSAGE][NOT_RUN] - NOT_RUN: callTestCase(findTestCase("Components/LoginV2.0"), ["LinkToBeUsed":findTestData("ISPS2 Test Data").getValue("URL", 1), "LoginPageTextToBeVerified":findTestData("ISPS2 Test Data").getValue("HomeBanner", 1), ... ], STOP_ON_FAILURE)

2020-05-27 12:39:35 - [TEST_STEP][NOT_RUN] - callTestCase(findTestCase("Components/NavigateToHomepageHeaders"), ["headerText":"My Tasks"], STOP_ON_FAILURE): NOT_RUN: callTestCase(findTestCase("Components/NavigateToHomepageHeaders"), ["headerText":"My Tasks"], STOP_ON_FAILURE)

2020-05-27 12:39:35 - [MESSAGE][NOT_RUN] - NOT_RUN: callTestCase(findTestCase("Components/NavigateToHomepageHeaders"), ["headerText":"My Tasks"], STOP_ON_FAILURE)

2020-05-27 12:39:35 - [TEST_STEP][NOT_RUN] - callTestCase(findTestCase("Components/Filter"), ["taskDescription":"Process Case (SM)"], STOP_ON_FAILURE): NOT_RUN: callTestCase(findTestCase("Components/Filter"), ["taskDescription":"Process Case (SM)"], STOP_ON_FAILURE)

2020-05-27 12:39:35 - [MESSAGE][NOT_RUN] - NOT_RUN: callTestCase(findTestCase("Components/Filter"), ["taskDescription":"Process Case (SM)"], STOP_ON_FAILURE)

2020-05-27 12:39:35 - [TEST_STEP][NOT_RUN] - callTestCase(findTestCase("Components/ClickLinkDependingOnTextAndIndex"), ["linkName":"Process Case (SM)", "index":"3"], STOP_ON_FAILURE): NOT_RUN: callTestCase(findTestCase("Components/ClickLinkDependingOnTextAndIndex"), ["linkName":"Process Case (SM)", "index":"3"], STOP_ON_FAILURE)

2020-05-27 12:39:35 - [MESSAGE][NOT_RUN] - NOT_RUN: callTestCase(findTestCase("Components/ClickLinkDependingOnTextAndIndex"), ["linkName":"Process Case (SM)", "index":"3"], STOP_ON_FAILURE)

2020-05-27 12:39:35 - [TEST_STEP][PASSED] - callTestCase(findTestCase("Components/NavigateToAnyLHS"), ["LHS":"Issue Status"], STOP_ON_FAILURE): Call Test Case 'Test Cases/Components/NavigateToAnyLHS' successfully

2020-05-27 12:39:35 - [TEST_CASE][PASSED] - Test Cases/Components/NavigateToAnyLHS: Test Cases/Components/NavigateToAnyLHS

2020-05-27 12:39:35 - [TEST_STEP][PASSED] - Thread.sleep(1000): null

2020-05-27 12:39:36 - [TEST_STEP][PASSED] - modifiedLHS = modifyObjectProperty(findTestObject("Objects.NavigateToAnyLHS/Page_ISPS2/LHSToModify"), "text", "equals", LHS, true): Modify property of object successfully

2020-05-27 12:39:36 - [MESSAGE][PASSED] - Modify property of object successfully

2020-05-27 12:39:36 - [TEST_STEP][PASSED] - click(modifiedLHS): Object: 'Object Repository/Objects.NavigateToAnyLHS/Page_ISPS2/LHSToModify' is clicked on

2020-05-27 12:39:37 - [MESSAGE][PASSED] - Object: 'Object Repository/Objects.NavigateToAnyLHS/Page_ISPS2/LHSToModify' is clicked on

2020-05-27 12:39:37 - [TEST_STEP][PASSED] - currentLHS = getText(modifiedLHS): Text of object 'Object Repository/Objects.NavigateToAnyLHS/Page_ISPS2/LHSToModify' is: 'Issue Status'

2020-05-27 12:39:40 - [MESSAGE][PASSED] - Text of object 'Object Repository/Objects.NavigateToAnyLHS/Page_ISPS2/LHSToModify' is: 'Issue Status'

2020-05-27 12:39:40 - [TEST_STEP][PASSED] - Thread.sleep(5000): null

2020-05-27 12:39:45 - [MESSAGE][PASSED] - Call Test Case 'Test Cases/Components/NavigateToAnyLHS' successfully

2020-05-27 12:39:45 - [TEST_STEP][PASSED] - callTestCase(findTestCase("Components/VerifyPageSuccessfullyLoadedII"), ["PageNm":"Issue Status"], STOP_ON_FAILURE): Call Test Case 'Test Cases/Components/VerifyPageSuccessfullyLoadedII' successfully

2020-05-27 12:39:45 - [TEST_CASE][PASSED] - Test Cases/Components/VerifyPageSuccessfullyLoadedII: Test Cases/Components/VerifyPageSuccessfullyLoadedII

2020-05-27 12:39:45 - [TEST_STEP][PASSED] - Thread.sleep(1000): null

2020-05-27 12:39:46 - [TEST_STEP][PASSED] - modifiedInputFld = modifyObjectProperty(findTestObject("Object Repository/Objects.VerifyPageSuccessfullyLoaded/PageHeaderIndex"), "xpath", "equals", "//*[contains(@class,'isps-page-title') and (text()='" + PageNm + "')]", true): Modify property of object successfully

2020-05-27 12:39:46 - [MESSAGE][PASSED] - Modify property of object successfully

2020-05-27 12:39:46 - [TEST_STEP][PASSED] - com.reusableComponents.HighlightElement.run(modifiedInputFld): com.reusableComponents.HighlightElement.run is PASSED

2020-05-27 12:39:46 - [MESSAGE][PASSED] - com.reusableComponents.HighlightElement.run is PASSED

2020-05-27 12:39:46 - [MESSAGE][PASSED] - Call Test Case 'Test Cases/Components/VerifyPageSuccessfullyLoadedII' successfully

2020-05-27 12:39:46 - [TEST_STEP][PASSED] - callTestCase(findTestCase("Components/HighlightLabelField"), ["LblName":"AO Status *:"], STOP_ON_FAILURE): Call Test Case 'Test Cases/Components/HighlightLabelField' successfully

2020-05-27 12:39:47 - [TEST_CASE][PASSED] - Test Cases/Components/HighlightLabelField: Test Cases/Components/HighlightLabelField

2020-05-27 12:39:47 - [TEST_STEP][PASSED] - Thread.sleep(1000): null

2020-05-27 12:39:48 - [TEST_STEP][PASSED] - modifiedLblNm = modifyObjectProperty(findTestObject("Objects.HighlightElements/lblField"), "text", "equals", LblName, true): Modify property of object successfully

2020-05-27 12:39:48 - [MESSAGE][PASSED] - Modify property of object successfully

2020-05-27 12:39:48 - [TEST_STEP][PASSED] - com.reusableComponents.HighlightElement.run(modifiedLblNm): com.reusableComponents.HighlightElement.run is PASSED

2020-05-27 12:39:48 - [MESSAGE][PASSED] - com.reusableComponents.HighlightElement.run is PASSED

2020-05-27 12:39:48 - [MESSAGE][PASSED] - Call Test Case 'Test Cases/Components/HighlightLabelField' successfully

2020-05-27 12:39:48 - [TEST_STEP][PASSED] - callTestCase(findTestCase("Components/HighlightInputIndexField"), ["InputName":"aoStatus", "index":3], STOP_ON_FAILURE): Call Test Case 'Test Cases/Components/HighlightInputIndexField' successfully

2020-05-27 12:39:49 - [TEST_CASE][PASSED] - Test Cases/Components/HighlightInputIndexField: Test Cases/Components/HighlightInputIndexField

2020-05-27 12:39:49 - [TEST_STEP][PASSED] - Thread.sleep(1000): null

2020-05-27 12:39:50 - [TEST_STEP][PASSED] - modifiedInputFld = modifyObjectProperty(findTestObject("Objects.HighlightElements/input_field_index"), "xpath", "equals", "(//*[contains(@class,'x-form-text') and (@name='" + InputName + "')])[" + index + "]", true): Modify property of object successfully

2020-05-27 12:39:50 - [MESSAGE][PASSED] - Modify property of object successfully

2020-05-27 12:39:50 - [TEST_STEP][PASSED] - com.reusableComponents.HighlightElement.run(modifiedInputFld): com.reusableComponents.HighlightElement.run is PASSED

2020-05-27 12:39:50 - [MESSAGE][PASSED] - com.reusableComponents.HighlightElement.run is PASSED

2020-05-27 12:39:50 - [MESSAGE][PASSED] - Call Test Case 'Test Cases/Components/HighlightInputIndexField' successfully

2020-05-27 12:39:50 - [TEST_STEP][PASSED] - callTestCase(findTestCase("PFI Precision and Scale/PFI Components with Indexing/VerifyDefaultValueIndex"), ["FieldNm":"aoStatus", "index":3], STOP_ON_FAILURE): Call Test Case 'Test Cases/PFI Precision and Scale/PFI Components with Indexing/VerifyDefaultValueIndex' successfully

2020-05-27 12:39:50 - [TEST_CASE][PASSED] - Test Cases/PFI Precision and Scale/PFI Components with Indexing/VerifyDefaultValueIndex: Test Cases/PFI Precision and Scale/PFI Components with Indexing/VerifyDefaultValueIndex

2020-05-27 12:39:50 - [TEST_STEP][PASSED] - Thread.sleep(1000): null

2020-05-27 12:39:51 - [TEST_STEP][PASSED] - NewFieldNm = modifyObjectProperty(findTestObject("Object Repository/Objects.HighlightElements/input_field_index"), "xpath", "equals", "(//*[contains(@class,'x-form-text') and (@name='" + FieldNm + "')])[" + index + "]", true): Modify property of object successfully

2020-05-27 12:39:51 - [MESSAGE][PASSED] - Modify property of object successfully

2020-05-27 12:39:51 - [TEST_STEP][PASSED] - focus(NewFieldNm): Object: 'Object Repository/Objects.HighlightElements/input_field_index' is focused

2020-05-27 12:39:52 - [MESSAGE][PASSED] - Object: 'Object Repository/Objects.HighlightElements/input_field_index' is focused

2020-05-27 12:39:52 - [TEST_STEP][PASSED] - DefVal = getAttribute(NewFieldNm, "value", STOP_ON_FAILURE): Attribute 'value' of object 'Object Repository/Objects.HighlightElements/input_field_index' is: ''

2020-05-27 12:39:52 - [MESSAGE][PASSED] - Attribute 'value' of object 'Object Repository/Objects.HighlightElements/input_field_index' is: ''

2020-05-27 12:39:52 - [TEST_STEP][PASSED] - switch (FieldNm): null

2020-05-27 12:39:52 - [TEST_STEP][PASSED] - Default: null

2020-05-27 12:39:52 - [TEST_STEP][PASSED] - verifyMatch(DefVal, "", true): Actual text '' and expected text '' are matched  using regular expression

2020-05-27 12:39:52 - [MESSAGE][PASSED] - Actual text '' and expected text '' are matched  using regular expression

2020-05-27 12:39:52 - [TEST_STEP][PASSED] - break: null

2020-05-27 12:39:52 - [MESSAGE][PASSED] - Call Test Case 'Test Cases/PFI Precision and Scale/PFI Components with Indexing/VerifyDefaultValueIndex' successfully

2020-05-27 12:39:52 - [TEST_STEP][PASSED] - callTestCase(findTestCase("Components/HighlightLabelFieldXPI"), ["LblName":"AO Notes", "index":5], STOP_ON_FAILURE): Call Test Case 'Test Cases/Components/HighlightLabelFieldXPI' successfully

2020-05-27 12:39:52 - [TEST_CASE][PASSED] - Test Cases/Components/HighlightLabelFieldXPI: Test Cases/Components/HighlightLabelFieldXPI

2020-05-27 12:39:52 - [TEST_STEP][PASSED] - Thread.sleep(1000): null

2020-05-27 12:39:53 - [TEST_STEP][PASSED] - modifiedLblNm = modifyObjectProperty(findTestObject("Object Repository/Objects.HighlightElements/lblField_index"), "xpath", "equals", "(//*[contains(@class, 'x-form-item-label-inner x-form-item-label-inner-default') and contains(., '" + LblName + "')])[" + index + "]", true): Modify property of object successfully

2020-05-27 12:39:53 - [MESSAGE][PASSED] - Modify property of object successfully

2020-05-27 12:39:53 - [TEST_STEP][PASSED] - com.reusableComponents.HighlightElement.run(modifiedLblNm): com.reusableComponents.HighlightElement.run is PASSED

2020-05-27 12:39:54 - [MESSAGE][PASSED] - com.reusableComponents.HighlightElement.run is PASSED

2020-05-27 12:39:54 - [MESSAGE][PASSED] - Call Test Case 'Test Cases/Components/HighlightLabelFieldXPI' successfully

2020-05-27 12:39:54 - [TEST_STEP][PASSED] - callTestCase(findTestCase("Components/HighlightInputIndexField"), ["InputName":"aoNotes", "index":3], STOP_ON_FAILURE): Call Test Case 'Test Cases/Components/HighlightInputIndexField' successfully

2020-05-27 12:39:54 - [TEST_CASE][PASSED] - Test Cases/Components/HighlightInputIndexField: Test Cases/Components/HighlightInputIndexField

2020-05-27 12:39:54 - [TEST_STEP][PASSED] - Thread.sleep(1000): null

2020-05-27 12:39:55 - [TEST_STEP][PASSED] - modifiedInputFld = modifyObjectProperty(findTestObject("Objects.HighlightElements/input_field_index"), "xpath", "equals", "(//*[contains(@class,'x-form-text') and (@name='" + InputName + "')])[" + index + "]", true): Modify property of object successfully

2020-05-27 12:39:55 - [MESSAGE][PASSED] - Modify property of object successfully

2020-05-27 12:39:55 - [TEST_STEP][PASSED] - com.reusableComponents.HighlightElement.run(modifiedInputFld): com.reusableComponents.HighlightElement.run is PASSED

2020-05-27 12:39:56 - [MESSAGE][PASSED] - com.reusableComponents.HighlightElement.run is PASSED

2020-05-27 12:39:56 - [MESSAGE][PASSED] - Call Test Case 'Test Cases/Components/HighlightInputIndexField' successfully

2020-05-27 12:39:56 - [TEST_STEP][PASSED] - callTestCase(findTestCase("PFI Precision and Scale/PFI Components with Indexing/VerifyDefaultValueIndex"), ["FieldNm":"aoNotes", "index":3], STOP_ON_FAILURE): Call Test Case 'Test Cases/PFI Precision and Scale/PFI Components with Indexing/VerifyDefaultValueIndex' successfully

2020-05-27 12:39:56 - [TEST_CASE][PASSED] - Test Cases/PFI Precision and Scale/PFI Components with Indexing/VerifyDefaultValueIndex: Test Cases/PFI Precision and Scale/PFI Components with Indexing/VerifyDefaultValueIndex

2020-05-27 12:39:56 - [TEST_STEP][PASSED] - Thread.sleep(1000): null

2020-05-27 12:39:57 - [TEST_STEP][PASSED] - NewFieldNm = modifyObjectProperty(findTestObject("Object Repository/Objects.HighlightElements/input_field_index"), "xpath", "equals", "(//*[contains(@class,'x-form-text') and (@name='" + FieldNm + "')])[" + index + "]", true): Modify property of object successfully

2020-05-27 12:39:57 - [MESSAGE][PASSED] - Modify property of object successfully

2020-05-27 12:39:57 - [TEST_STEP][PASSED] - focus(NewFieldNm): Object: 'Object Repository/Objects.HighlightElements/input_field_index' is focused

2020-05-27 12:39:57 - [MESSAGE][PASSED] - Object: 'Object Repository/Objects.HighlightElements/input_field_index' is focused

2020-05-27 12:39:57 - [TEST_STEP][PASSED] - DefVal = getAttribute(NewFieldNm, "value", STOP_ON_FAILURE): Attribute 'value' of object 'Object Repository/Objects.HighlightElements/input_field_index' is: ''

2020-05-27 12:39:57 - [MESSAGE][PASSED] - Attribute 'value' of object 'Object Repository/Objects.HighlightElements/input_field_index' is: ''

2020-05-27 12:39:57 - [TEST_STEP][PASSED] - switch (FieldNm): null

2020-05-27 12:39:57 - [TEST_STEP][PASSED] - Default: null

2020-05-27 12:39:57 - [TEST_STEP][PASSED] - verifyMatch(DefVal, "", true): Actual text '' and expected text '' are matched  using regular expression

2020-05-27 12:39:57 - [MESSAGE][PASSED] - Actual text '' and expected text '' are matched  using regular expression

2020-05-27 12:39:57 - [TEST_STEP][PASSED] - break: null

2020-05-27 12:39:57 - [MESSAGE][PASSED] - Call Test Case 'Test Cases/PFI Precision and Scale/PFI Components with Indexing/VerifyDefaultValueIndex' successfully

2020-05-27 12:39:57 - [TEST_STEP][PASSED] - callTestCase(findTestCase("Components/HighlightLabelFieldXPI"), ["LblName":"Assign To", "index":7], STOP_ON_FAILURE): Call Test Case 'Test Cases/Components/HighlightLabelFieldXPI' successfully

2020-05-27 12:39:57 - [TEST_CASE][PASSED] - Test Cases/Components/HighlightLabelFieldXPI: Test Cases/Components/HighlightLabelFieldXPI

2020-05-27 12:39:57 - [TEST_STEP][PASSED] - Thread.sleep(1000): null

2020-05-27 12:39:58 - [TEST_STEP][PASSED] - modifiedLblNm = modifyObjectProperty(findTestObject("Object Repository/Objects.HighlightElements/lblField_index"), "xpath", "equals", "(//*[contains(@class, 'x-form-item-label-inner x-form-item-label-inner-default') and contains(., '" + LblName + "')])[" + index + "]", true): Modify property of object successfully

2020-05-27 12:39:58 - [MESSAGE][PASSED] - Modify property of object successfully

2020-05-27 12:39:58 - [TEST_STEP][PASSED] - com.reusableComponents.HighlightElement.run(modifiedLblNm): com.reusableComponents.HighlightElement.run is PASSED

2020-05-27 12:39:59 - [MESSAGE][PASSED] - com.reusableComponents.HighlightElement.run is PASSED

2020-05-27 12:39:59 - [MESSAGE][PASSED] - Call Test Case 'Test Cases/Components/HighlightLabelFieldXPI' successfully

2020-05-27 12:39:59 - [TEST_STEP][PASSED] - callTestCase(findTestCase("Components/HighlightInputIndexField"), ["InputName":"aoAssignTo", "index":3], STOP_ON_FAILURE): Call Test Case 'Test Cases/Components/HighlightInputIndexField' successfully

2020-05-27 12:39:59 - [TEST_CASE][PASSED] - Test Cases/Components/HighlightInputIndexField: Test Cases/Components/HighlightInputIndexField

2020-05-27 12:39:59 - [TEST_STEP][PASSED] - Thread.sleep(1000): null

2020-05-27 12:40:00 - [TEST_STEP][PASSED] - modifiedInputFld = modifyObjectProperty(findTestObject("Objects.HighlightElements/input_field_index"), "xpath", "equals", "(//*[contains(@class,'x-form-text') and (@name='" + InputName + "')])[" + index + "]", true): Modify property of object successfully

2020-05-27 12:40:00 - [MESSAGE][PASSED] - Modify property of object successfully

2020-05-27 12:40:00 - [TEST_STEP][PASSED] - com.reusableComponents.HighlightElement.run(modifiedInputFld): com.reusableComponents.HighlightElement.run is PASSED

2020-05-27 12:40:01 - [MESSAGE][PASSED] - com.reusableComponents.HighlightElement.run is PASSED

2020-05-27 12:40:01 - [MESSAGE][PASSED] - Call Test Case 'Test Cases/Components/HighlightInputIndexField' successfully

2020-05-27 12:40:01 - [TEST_STEP][PASSED] - callTestCase(findTestCase("PFI Precision and Scale/PFI Components with Indexing/VerifyDefaultValueIndex"), ["FieldNm":"aoAssignTo", "index":3], STOP_ON_FAILURE): Call Test Case 'Test Cases/PFI Precision and Scale/PFI Components with Indexing/VerifyDefaultValueIndex' successfully

2020-05-27 12:40:01 - [TEST_CASE][PASSED] - Test Cases/PFI Precision and Scale/PFI Components with Indexing/VerifyDefaultValueIndex: Test Cases/PFI Precision and Scale/PFI Components with Indexing/VerifyDefaultValueIndex

2020-05-27 12:40:01 - [TEST_STEP][PASSED] - Thread.sleep(1000): null

2020-05-27 12:40:02 - [TEST_STEP][PASSED] - NewFieldNm = modifyObjectProperty(findTestObject("Object Repository/Objects.HighlightElements/input_field_index"), "xpath", "equals", "(//*[contains(@class,'x-form-text') and (@name='" + FieldNm + "')])[" + index + "]", true): Modify property of object successfully

2020-05-27 12:40:02 - [MESSAGE][PASSED] - Modify property of object successfully

2020-05-27 12:40:02 - [TEST_STEP][PASSED] - focus(NewFieldNm): Object: 'Object Repository/Objects.HighlightElements/input_field_index' is focused

2020-05-27 12:40:02 - [MESSAGE][PASSED] - Object: 'Object Repository/Objects.HighlightElements/input_field_index' is focused

2020-05-27 12:40:02 - [TEST_STEP][PASSED] - DefVal = getAttribute(NewFieldNm, "value", STOP_ON_FAILURE): Attribute 'value' of object 'Object Repository/Objects.HighlightElements/input_field_index' is: ''

2020-05-27 12:40:03 - [MESSAGE][PASSED] - Attribute 'value' of object 'Object Repository/Objects.HighlightElements/input_field_index' is: ''

2020-05-27 12:40:03 - [TEST_STEP][PASSED] - switch (FieldNm): null

2020-05-27 12:40:03 - [TEST_STEP][PASSED] - Default: null

2020-05-27 12:40:03 - [TEST_STEP][PASSED] - verifyMatch(DefVal, "", true): Actual text '' and expected text '' are matched  using regular expression

2020-05-27 12:40:03 - [MESSAGE][PASSED] - Actual text '' and expected text '' are matched  using regular expression

2020-05-27 12:40:03 - [TEST_STEP][PASSED] - break: null

2020-05-27 12:40:03 - [MESSAGE][PASSED] - Call Test Case 'Test Cases/PFI Precision and Scale/PFI Components with Indexing/VerifyDefaultValueIndex' successfully

2020-05-27 12:40:03 - [TEST_STEP][PASSED] - callTestCase(findTestCase("Components/HighlightLabelFieldXPI"), ["LblName":"Bldg Grp Grade Type", "index":3], STOP_ON_FAILURE): Call Test Case 'Test Cases/Components/HighlightLabelFieldXPI' successfully

2020-05-27 12:40:03 - [TEST_CASE][PASSED] - Test Cases/Components/HighlightLabelFieldXPI: Test Cases/Components/HighlightLabelFieldXPI

2020-05-27 12:40:03 - [TEST_STEP][PASSED] - Thread.sleep(1000): null

2020-05-27 12:40:04 - [TEST_STEP][PASSED] - modifiedLblNm = modifyObjectProperty(findTestObject("Object Repository/Objects.HighlightElements/lblField_index"), "xpath", "equals", "(//*[contains(@class, 'x-form-item-label-inner x-form-item-label-inner-default') and contains(., '" + LblName + "')])[" + index + "]", true): Modify property of object successfully

2020-05-27 12:40:04 - [MESSAGE][PASSED] - Modify property of object successfully

2020-05-27 12:40:04 - [TEST_STEP][PASSED] - com.reusableComponents.HighlightElement.run(modifiedLblNm): com.reusableComponents.HighlightElement.run is PASSED

2020-05-27 12:40:05 - [MESSAGE][PASSED] - com.reusableComponents.HighlightElement.run is PASSED

2020-05-27 12:40:05 - [MESSAGE][PASSED] - Call Test Case 'Test Cases/Components/HighlightLabelFieldXPI' successfully

2020-05-27 12:40:05 - [TEST_STEP][PASSED] - callTestCase(findTestCase("Components/HighlightInputIndexField"), ["InputName":"gradeType", "index":3], STOP_ON_FAILURE): Call Test Case 'Test Cases/Components/HighlightInputIndexField' successfully

2020-05-27 12:40:05 - [TEST_CASE][PASSED] - Test Cases/Components/HighlightInputIndexField: Test Cases/Components/HighlightInputIndexField

2020-05-27 12:40:05 - [TEST_STEP][PASSED] - Thread.sleep(1000): null

2020-05-27 12:40:06 - [TEST_STEP][PASSED] - modifiedInputFld = modifyObjectProperty(findTestObject("Objects.HighlightElements/input_field_index"), "xpath", "equals", "(//*[contains(@class,'x-form-text') and (@name='" + InputName + "')])[" + index + "]", true): Modify property of object successfully

2020-05-27 12:40:06 - [MESSAGE][PASSED] - Modify property of object successfully

2020-05-27 12:40:06 - [TEST_STEP][PASSED] - com.reusableComponents.HighlightElement.run(modifiedInputFld): com.reusableComponents.HighlightElement.run is PASSED

2020-05-27 12:40:06 - [MESSAGE][PASSED] - com.reusableComponents.HighlightElement.run is PASSED

2020-05-27 12:40:06 - [MESSAGE][PASSED] - Call Test Case 'Test Cases/Components/HighlightInputIndexField' successfully

2020-05-27 12:40:06 - [TEST_STEP][PASSED] - callTestCase(findTestCase("PFI Precision and Scale/PFI Components with Indexing/VerifyDefaultValueIndex"), ["FieldNm":"gradeType", "index":3], STOP_ON_FAILURE): Call Test Case 'Test Cases/PFI Precision and Scale/PFI Components with Indexing/VerifyDefaultValueIndex' successfully

2020-05-27 12:40:06 - [TEST_CASE][PASSED] - Test Cases/PFI Precision and Scale/PFI Components with Indexing/VerifyDefaultValueIndex: Test Cases/PFI Precision and Scale/PFI Components with Indexing/VerifyDefaultValueIndex

2020-05-27 12:40:06 - [TEST_STEP][PASSED] - Thread.sleep(1000): null

2020-05-27 12:40:07 - [TEST_STEP][PASSED] - NewFieldNm = modifyObjectProperty(findTestObject("Object Repository/Objects.HighlightElements/input_field_index"), "xpath", "equals", "(//*[contains(@class,'x-form-text') and (@name='" + FieldNm + "')])[" + index + "]", true): Modify property of object successfully

2020-05-27 12:40:07 - [MESSAGE][PASSED] - Modify property of object successfully

2020-05-27 12:40:07 - [TEST_STEP][PASSED] - focus(NewFieldNm): Object: 'Object Repository/Objects.HighlightElements/input_field_index' is focused

2020-05-27 12:40:08 - [MESSAGE][PASSED] - Object: 'Object Repository/Objects.HighlightElements/input_field_index' is focused

2020-05-27 12:40:08 - [TEST_STEP][PASSED] - DefVal = getAttribute(NewFieldNm, "value", STOP_ON_FAILURE): Attribute 'value' of object 'Object Repository/Objects.HighlightElements/input_field_index' is: ''

2020-05-27 12:40:08 - [MESSAGE][PASSED] - Attribute 'value' of object 'Object Repository/Objects.HighlightElements/input_field_index' is: ''

2020-05-27 12:40:08 - [TEST_STEP][PASSED] - switch (FieldNm): null

2020-05-27 12:40:08 - [TEST_STEP][PASSED] - Default: null

2020-05-27 12:40:08 - [TEST_STEP][PASSED] - verifyMatch(DefVal, "", true): Actual text '' and expected text '' are matched  using regular expression

2020-05-27 12:40:08 - [MESSAGE][PASSED] - Actual text '' and expected text '' are matched  using regular expression

2020-05-27 12:40:08 - [TEST_STEP][PASSED] - break: null

2020-05-27 12:40:08 - [MESSAGE][PASSED] - Call Test Case 'Test Cases/PFI Precision and Scale/PFI Components with Indexing/VerifyDefaultValueIndex' successfully

2020-05-27 12:40:08 - [TEST_STEP][PASSED] - callTestCase(findTestCase("Components/ClickBlueButtonsWithIndex"), ["Button":"Submit", "index":8], STOP_ON_FAILURE): Call Test Case 'Test Cases/Components/ClickBlueButtonsWithIndex' successfully

2020-05-27 12:40:08 - [TEST_CASE][PASSED] - Test Cases/Components/ClickBlueButtonsWithIndex: Test Cases/Components/ClickBlueButtonsWithIndex

2020-05-27 12:40:08 - [TEST_STEP][PASSED] - Thread.sleep(1000): null

2020-05-27 12:40:09 - [TEST_STEP][PASSED] - complexlyModifiedButtonGG = modifyObjectProperty(findTestObject("Objects.ClickBlueButtonsWithXPI/span_Reset"), "xPath", "equals", "(//*[contains(@class,'x-btn-inner x-btn-inner-default-small') and (text()='" + Button + "')])[" + index + "]", true): Modify property of object successfully

2020-05-27 12:40:09 - [MESSAGE][PASSED] - Modify property of object successfully

2020-05-27 12:40:09 - [TEST_STEP][PASSED] - com.reusableComponents.HighlightElement.run(complexlyModifiedButtonGG): com.reusableComponents.HighlightElement.run is PASSED

2020-05-27 12:40:10 - [MESSAGE][PASSED] - com.reusableComponents.HighlightElement.run is PASSED

2020-05-27 12:40:10 - [TEST_STEP][PASSED] - click(complexlyModifiedButtonGG): Object: 'Object Repository/Objects.ClickBlueButtonsWithXPI/span_Reset' is clicked on

2020-05-27 12:40:11 - [MESSAGE][PASSED] - Object: 'Object Repository/Objects.ClickBlueButtonsWithXPI/span_Reset' is clicked on

2020-05-27 12:40:11 - [MESSAGE][PASSED] - Call Test Case 'Test Cases/Components/ClickBlueButtonsWithIndex' successfully

2020-05-27 12:40:11 - [TEST_STEP][PASSED] - callTestCase(findTestCase("PFI Precision and Scale/PFI Components with Indexing/RequiredFieldValidationIndex"), ["nameToBeUsed":"aoStatus", "index":3], STOP_ON_FAILURE): Call Test Case 'Test Cases/PFI Precision and Scale/PFI Components with Indexing/RequiredFieldValidationIndex' successfully

2020-05-27 12:40:11 - [TEST_CASE][PASSED] - Test Cases/PFI Precision and Scale/PFI Components with Indexing/RequiredFieldValidationIndex: Test Cases/PFI Precision and Scale/PFI Components with Indexing/RequiredFieldValidationIndex

2020-05-27 12:40:11 - [TEST_STEP][PASSED] - enableSmartWait(): null

2020-05-27 12:40:11 - [TEST_STEP][PASSED] - NewInputNmField = modifyObjectProperty(findTestObject("Objects.HighlightElements/input_field_index"), "xpath", "equals", "(//*[contains(@class,'x-form-text') and (@name='" + nameToBeUsed + "')])[" + index + "]", true): Modify property of object successfully

2020-05-27 12:40:11 - [MESSAGE][PASSED] - Modify property of object successfully

2020-05-27 12:40:11 - [TEST_STEP][PASSED] - mouseOver(NewInputNmField): Object: 'Object Repository/Objects.HighlightElements/input_field_index' is hovered

2020-05-27 12:40:11 - [MESSAGE][PASSED] - Object: 'Object Repository/Objects.HighlightElements/input_field_index' is hovered

2020-05-27 12:40:11 - [TEST_STEP][PASSED] - getRqErrMsg = getAttribute(NewInputNmField, "data-errorqtip"): Attribute 'data-errorqtip' of object 'Object Repository/Objects.HighlightElements/input_field_index' is: '<ul class="x-list-plain"><li>This field is required</li></ul>'

2020-05-27 12:40:12 - [MESSAGE][PASSED] - Attribute 'data-errorqtip' of object 'Object Repository/Objects.HighlightElements/input_field_index' is: '<ul class="x-list-plain"><li>This field is required</li></ul>'

2020-05-27 12:40:12 - [TEST_STEP][PASSED] - strToolTip = getRqErrMsg.substring(29, 61): null

2020-05-27 12:40:12 - [TEST_STEP][PASSED] - toolTipReqErrMsg = strToolTip.substring(0, 22): null

2020-05-27 12:40:12 - [TEST_STEP][PASSED] - verifyMatch(toolTipReqErrMsg, RqField, true): Actual text 'This field is required' and expected text 'This field is required' are matched  using regular expression

2020-05-27 12:40:12 - [MESSAGE][PASSED] - Actual text 'This field is required' and expected text 'This field is required' are matched  using regular expression

2020-05-27 12:40:12 - [MESSAGE][PASSED] - Call Test Case 'Test Cases/PFI Precision and Scale/PFI Components with Indexing/RequiredFieldValidationIndex' successfully

2020-05-27 12:40:12 - [TEST_STEP][PASSED] - callTestCase(findTestCase("PFI Precision and Scale/PFI Components with Indexing/RequiredFieldValidationIndex"), ["nameToBeUsed":"aoNotes", "index":3], STOP_ON_FAILURE): Call Test Case 'Test Cases/PFI Precision and Scale/PFI Components with Indexing/RequiredFieldValidationIndex' successfully

2020-05-27 12:40:12 - [TEST_CASE][PASSED] - Test Cases/PFI Precision and Scale/PFI Components with Indexing/RequiredFieldValidationIndex: Test Cases/PFI Precision and Scale/PFI Components with Indexing/RequiredFieldValidationIndex

2020-05-27 12:40:12 - [TEST_STEP][PASSED] - enableSmartWait(): null

2020-05-27 12:40:12 - [TEST_STEP][PASSED] - NewInputNmField = modifyObjectProperty(findTestObject("Objects.HighlightElements/input_field_index"), "xpath", "equals", "(//*[contains(@class,'x-form-text') and (@name='" + nameToBeUsed + "')])[" + index + "]", true): Modify property of object successfully

2020-05-27 12:40:12 - [MESSAGE][PASSED] - Modify property of object successfully

2020-05-27 12:40:12 - [TEST_STEP][PASSED] - mouseOver(NewInputNmField): Object: 'Object Repository/Objects.HighlightElements/input_field_index' is hovered

2020-05-27 12:40:12 - [MESSAGE][PASSED] - Object: 'Object Repository/Objects.HighlightElements/input_field_index' is hovered

2020-05-27 12:40:12 - [TEST_STEP][PASSED] - getRqErrMsg = getAttribute(NewInputNmField, "data-errorqtip"): Attribute 'data-errorqtip' of object 'Object Repository/Objects.HighlightElements/input_field_index' is: '<ul class="x-list-plain"><li>This field is required</li></ul>'

2020-05-27 12:40:13 - [MESSAGE][PASSED] - Attribute 'data-errorqtip' of object 'Object Repository/Objects.HighlightElements/input_field_index' is: '<ul class="x-list-plain"><li>This field is required</li></ul>'

2020-05-27 12:40:13 - [TEST_STEP][PASSED] - strToolTip = getRqErrMsg.substring(29, 61): null

2020-05-27 12:40:13 - [TEST_STEP][PASSED] - toolTipReqErrMsg = strToolTip.substring(0, 22): null

2020-05-27 12:40:13 - [TEST_STEP][PASSED] - verifyMatch(toolTipReqErrMsg, RqField, true): Actual text 'This field is required' and expected text 'This field is required' are matched  using regular expression

2020-05-27 12:40:13 - [MESSAGE][PASSED] - Actual text 'This field is required' and expected text 'This field is required' are matched  using regular expression

2020-05-27 12:40:13 - [MESSAGE][PASSED] - Call Test Case 'Test Cases/PFI Precision and Scale/PFI Components with Indexing/RequiredFieldValidationIndex' successfully

2020-05-27 12:40:13 - [TEST_STEP][PASSED] - callTestCase(findTestCase("PFI Precision and Scale/PFI Components with Indexing/RequiredFieldValidationIndex"), ["nameToBeUsed":"aoAssignTo", "index":3], STOP_ON_FAILURE): Call Test Case 'Test Cases/PFI Precision and Scale/PFI Components with Indexing/RequiredFieldValidationIndex' successfully

2020-05-27 12:40:13 - [TEST_CASE][PASSED] - Test Cases/PFI Precision and Scale/PFI Components with Indexing/RequiredFieldValidationIndex: Test Cases/PFI Precision and Scale/PFI Components with Indexing/RequiredFieldValidationIndex

2020-05-27 12:40:13 - [TEST_STEP][PASSED] - enableSmartWait(): null

2020-05-27 12:40:13 - [TEST_STEP][PASSED] - NewInputNmField = modifyObjectProperty(findTestObject("Objects.HighlightElements/input_field_index"), "xpath", "equals", "(//*[contains(@class,'x-form-text') and (@name='" + nameToBeUsed + "')])[" + index + "]", true): Modify property of object successfully

2020-05-27 12:40:13 - [MESSAGE][PASSED] - Modify property of object successfully

2020-05-27 12:40:13 - [TEST_STEP][PASSED] - mouseOver(NewInputNmField): Object: 'Object Repository/Objects.HighlightElements/input_field_index' is hovered

2020-05-27 12:40:13 - [MESSAGE][PASSED] - Object: 'Object Repository/Objects.HighlightElements/input_field_index' is hovered

2020-05-27 12:40:13 - [TEST_STEP][PASSED] - getRqErrMsg = getAttribute(NewInputNmField, "data-errorqtip"): Attribute 'data-errorqtip' of object 'Object Repository/Objects.HighlightElements/input_field_index' is: '<ul class="x-list-plain"><li>This field is required</li></ul>'

2020-05-27 12:40:14 - [MESSAGE][PASSED] - Attribute 'data-errorqtip' of object 'Object Repository/Objects.HighlightElements/input_field_index' is: '<ul class="x-list-plain"><li>This field is required</li></ul>'

2020-05-27 12:40:14 - [TEST_STEP][PASSED] - strToolTip = getRqErrMsg.substring(29, 61): null

2020-05-27 12:40:14 - [TEST_STEP][PASSED] - toolTipReqErrMsg = strToolTip.substring(0, 22): null

2020-05-27 12:40:14 - [TEST_STEP][PASSED] - verifyMatch(toolTipReqErrMsg, RqField, true): Actual text 'This field is required' and expected text 'This field is required' are matched  using regular expression

2020-05-27 12:40:14 - [MESSAGE][PASSED] - Actual text 'This field is required' and expected text 'This field is required' are matched  using regular expression

2020-05-27 12:40:14 - [MESSAGE][PASSED] - Call Test Case 'Test Cases/PFI Precision and Scale/PFI Components with Indexing/RequiredFieldValidationIndex' successfully

2020-05-27 12:40:14 - [TEST_STEP][PASSED] - callTestCase(findTestCase("PFI Precision and Scale/PFI Components with Indexing/RequiredFieldValidationIndex"), ["nameToBeUsed":"gradeType", "index":3], STOP_ON_FAILURE): Call Test Case 'Test Cases/PFI Precision and Scale/PFI Components with Indexing/RequiredFieldValidationIndex' successfully

2020-05-27 12:40:14 - [TEST_CASE][PASSED] - Test Cases/PFI Precision and Scale/PFI Components with Indexing/RequiredFieldValidationIndex: Test Cases/PFI Precision and Scale/PFI Components with Indexing/RequiredFieldValidationIndex

2020-05-27 12:40:14 - [TEST_STEP][PASSED] - enableSmartWait(): null

2020-05-27 12:40:14 - [TEST_STEP][PASSED] - NewInputNmField = modifyObjectProperty(findTestObject("Objects.HighlightElements/input_field_index"), "xpath", "equals", "(//*[contains(@class,'x-form-text') and (@name='" + nameToBeUsed + "')])[" + index + "]", true): Modify property of object successfully

2020-05-27 12:40:14 - [MESSAGE][PASSED] - Modify property of object successfully

2020-05-27 12:40:14 - [TEST_STEP][PASSED] - mouseOver(NewInputNmField): Object: 'Object Repository/Objects.HighlightElements/input_field_index' is hovered

2020-05-27 12:40:14 - [MESSAGE][PASSED] - Object: 'Object Repository/Objects.HighlightElements/input_field_index' is hovered

2020-05-27 12:40:14 - [TEST_STEP][PASSED] - getRqErrMsg = getAttribute(NewInputNmField, "data-errorqtip"): Attribute 'data-errorqtip' of object 'Object Repository/Objects.HighlightElements/input_field_index' is: '<ul class="x-list-plain"><li>This field is required</li></ul>'

2020-05-27 12:40:15 - [MESSAGE][PASSED] - Attribute 'data-errorqtip' of object 'Object Repository/Objects.HighlightElements/input_field_index' is: '<ul class="x-list-plain"><li>This field is required</li></ul>'

2020-05-27 12:40:15 - [TEST_STEP][PASSED] - strToolTip = getRqErrMsg.substring(29, 61): null

2020-05-27 12:40:15 - [TEST_STEP][PASSED] - toolTipReqErrMsg = strToolTip.substring(0, 22): null

2020-05-27 12:40:15 - [TEST_STEP][PASSED] - verifyMatch(toolTipReqErrMsg, RqField, true): Actual text 'This field is required' and expected text 'This field is required' are matched  using regular expression

2020-05-27 12:40:15 - [MESSAGE][PASSED] - Actual text 'This field is required' and expected text 'This field is required' are matched  using regular expression

2020-05-27 12:40:15 - [MESSAGE][PASSED] - Call Test Case 'Test Cases/PFI Precision and Scale/PFI Components with Indexing/RequiredFieldValidationIndex' successfully

2020-05-27 12:40:15 - [TEST_STEP][PASSED] - callTestCase(findTestCase("PFI Precision and Scale/PFI Components with Indexing/VerifyDropdownValuesIndex"), ["FldNm":"aoStatus", "index":3, "CallTCName":"PFI Precision and Scale/PFI Components/ConstantHashMap", "NoOfVal":10, "DelayTime":5, ... ], STOP_ON_FAILURE): Call Test Case 'Test Cases/PFI Precision and Scale/PFI Components with Indexing/VerifyDropdownValuesIndex' successfully

2020-05-27 12:40:15 - [TEST_CASE][PASSED] - Test Cases/PFI Precision and Scale/PFI Components with Indexing/VerifyDropdownValuesIndex: Test Cases/PFI Precision and Scale/PFI Components with Indexing/VerifyDropdownValuesIndex

2020-05-27 12:40:15 - [TEST_STEP][PASSED] - Thread.sleep(1000): null

2020-05-27 12:40:16 - [TEST_STEP][PASSED] - NewInputNmField = modifyObjectProperty(findTestObject("Object Repository/Objects.HighlightElements/input_field_index"), "xpath", "equals", "(//*[contains(@class,'x-form-text') and (@name='" + FldNm + "')])[" + index + "]", true): Modify property of object successfully

2020-05-27 12:40:16 - [MESSAGE][PASSED] - Modify property of object successfully

2020-05-27 12:40:16 - [TEST_STEP][PASSED] - comboNm = cmbNm: null

2020-05-27 12:40:16 - [TEST_STEP][PASSED] - focus(NewInputNmField): Object: 'Object Repository/Objects.HighlightElements/input_field_index' is focused

2020-05-27 12:40:16 - [MESSAGE][PASSED] - Object: 'Object Repository/Objects.HighlightElements/input_field_index' is focused

2020-05-27 12:40:16 - [TEST_STEP][PASSED] - setText(NewInputNmField, EnterValue): Text ''T2'' is set on object 'Object Repository/Objects.HighlightElements/input_field_index'

2020-05-27 12:40:16 - [MESSAGE][PASSED] - Text ''T2'' is set on object 'Object Repository/Objects.HighlightElements/input_field_index'

2020-05-27 12:40:16 - [TEST_STEP][PASSED] - for ([i = 1, i <= NoOfVal, (i++)]): Keys 'DOWN + ' sent to object: 'Object Repository/Objects.HighlightElements/input_field_index'

2020-05-27 12:40:16 - [TEST_STEP][PASSED] - sendKeys(NewInputNmField, Keys.chord(ARROW_DOWN)): Keys 'DOWN + ' sent to object: 'Object Repository/Objects.HighlightElements/input_field_index'

2020-05-27 12:40:17 - [MESSAGE][PASSED] - Keys 'DOWN + ' sent to object: 'Object Repository/Objects.HighlightElements/input_field_index'

2020-05-27 12:40:17 - [TEST_STEP][PASSED] - delay(DelayTime): Delayed 5 second(s)

2020-05-27 12:40:22 - [MESSAGE][PASSED] - Delayed 5 second(s)

2020-05-27 12:40:22 - [TEST_STEP][PASSED] - sendKeys(NewInputNmField, Keys.chord(ENTER)): Keys 'ENTER + ' sent to object: 'Object Repository/Objects.HighlightElements/input_field_index'

2020-05-27 12:40:22 - [MESSAGE][PASSED] - Keys 'ENTER + ' sent to object: 'Object Repository/Objects.HighlightElements/input_field_index'

2020-05-27 12:40:22 - [TEST_STEP][PASSED] - ComboBoxValue = getAttribute(NewInputNmField, "value"): Attribute 'value' of object 'Object Repository/Objects.HighlightElements/input_field_index' is: ''T2''

2020-05-27 12:40:23 - [MESSAGE][PASSED] - Attribute 'value' of object 'Object Repository/Objects.HighlightElements/input_field_index' is: ''T2''

2020-05-27 12:40:23 - [TEST_STEP][PASSED] - callTestCase(findTestCase(CallTCName), ["FindValue":ComboBoxValue, "DropdownNm":comboNm], STOP_ON_FAILURE): Call Test Case 'Test Cases/PFI Precision and Scale/PFI Components/ConstantHashMap' successfully

2020-05-27 12:40:23 - [TEST_CASE][PASSED] - Test Cases/PFI Precision and Scale/PFI Components/ConstantHashMap: Test Cases/PFI Precision and Scale/PFI Components/ConstantHashMap

2020-05-27 12:40:23 - [TEST_STEP][PASSED] - ConstantTBL = [1:["PeriodType":"Working Day(s)"], 2:["PeriodType":"Calendar Day(s)"], 3:["PeriodType":"Month(s)"], 4:["TypeOfLetter":"T1"], ... ]: null

2020-05-27 12:40:23 - [TEST_STEP][PASSED] - switch (DropdownNm): null

2020-05-27 12:40:23 - [TEST_STEP][PASSED] - case "AOStatus":: null

2020-05-27 12:40:23 - [TEST_STEP][PASSED] - ValueFound = ConstantTBL.find({ -> ... }): null

2020-05-27 12:40:23 - [TEST_STEP][PASSED] - break: null

2020-05-27 12:40:23 - [MESSAGE][PASSED] - Call Test Case 'Test Cases/PFI Precision and Scale/PFI Components/ConstantHashMap' successfully

2020-05-27 12:40:23 - [TEST_STEP][PASSED] - println(ValueFound): null

2020-05-27 12:40:23 - [TEST_STEP][PASSED] - sendKeys(NewInputNmField, Keys.chord(ARROW_DOWN)): Keys 'DOWN + ' sent to object: 'Object Repository/Objects.HighlightElements/input_field_index'

2020-05-27 12:40:23 - [MESSAGE][PASSED] - Keys 'DOWN + ' sent to object: 'Object Repository/Objects.HighlightElements/input_field_index'

2020-05-27 12:40:23 - [TEST_STEP][PASSED] - sendKeys(NewInputNmField, Keys.chord(ARROW_DOWN)): Keys 'DOWN + ' sent to object: 'Object Repository/Objects.HighlightElements/input_field_index'

2020-05-27 12:40:24 - [MESSAGE][PASSED] - Keys 'DOWN + ' sent to object: 'Object Repository/Objects.HighlightElements/input_field_index'

2020-05-27 12:40:24 - [TEST_STEP][PASSED] - delay(DelayTime): Delayed 5 second(s)

2020-05-27 12:40:29 - [MESSAGE][PASSED] - Delayed 5 second(s)

2020-05-27 12:40:29 - [TEST_STEP][PASSED] - sendKeys(NewInputNmField, Keys.chord(ENTER)): Keys 'ENTER + ' sent to object: 'Object Repository/Objects.HighlightElements/input_field_index'

2020-05-27 12:40:29 - [MESSAGE][PASSED] - Keys 'ENTER + ' sent to object: 'Object Repository/Objects.HighlightElements/input_field_index'

2020-05-27 12:40:29 - [TEST_STEP][PASSED] - ComboBoxValue = getAttribute(NewInputNmField, "value"): Attribute 'value' of object 'Object Repository/Objects.HighlightElements/input_field_index' is: ''T3''

2020-05-27 12:40:29 - [MESSAGE][PASSED] - Attribute 'value' of object 'Object Repository/Objects.HighlightElements/input_field_index' is: ''T3''

2020-05-27 12:40:29 - [TEST_STEP][PASSED] - callTestCase(findTestCase(CallTCName), ["FindValue":ComboBoxValue, "DropdownNm":comboNm], STOP_ON_FAILURE): Call Test Case 'Test Cases/PFI Precision and Scale/PFI Components/ConstantHashMap' successfully

2020-05-27 12:40:29 - [TEST_CASE][PASSED] - Test Cases/PFI Precision and Scale/PFI Components/ConstantHashMap: Test Cases/PFI Precision and Scale/PFI Components/ConstantHashMap

2020-05-27 12:40:29 - [TEST_STEP][PASSED] - ConstantTBL = [1:["PeriodType":"Working Day(s)"], 2:["PeriodType":"Calendar Day(s)"], 3:["PeriodType":"Month(s)"], 4:["TypeOfLetter":"T1"], ... ]: null

2020-05-27 12:40:29 - [TEST_STEP][PASSED] - switch (DropdownNm): null

2020-05-27 12:40:29 - [TEST_STEP][PASSED] - case "AOStatus":: null

2020-05-27 12:40:29 - [TEST_STEP][PASSED] - ValueFound = ConstantTBL.find({ -> ... }): null

2020-05-27 12:40:29 - [TEST_STEP][PASSED] - break: null

2020-05-27 12:40:29 - [MESSAGE][PASSED] - Call Test Case 'Test Cases/PFI Precision and Scale/PFI Components/ConstantHashMap' successfully

2020-05-27 12:40:29 - [TEST_STEP][PASSED] - println(ValueFound): null

2020-05-27 12:40:29 - [TEST_STEP][PASSED] - sendKeys(NewInputNmField, Keys.chord(ARROW_DOWN)): Keys 'DOWN + ' sent to object: 'Object Repository/Objects.HighlightElements/input_field_index'

2020-05-27 12:40:30 - [MESSAGE][PASSED] - Keys 'DOWN + ' sent to object: 'Object Repository/Objects.HighlightElements/input_field_index'

2020-05-27 12:40:30 - [TEST_STEP][PASSED] - sendKeys(NewInputNmField, Keys.chord(ARROW_DOWN)): Keys 'DOWN + ' sent to object: 'Object Repository/Objects.HighlightElements/input_field_index'

2020-05-27 12:40:30 - [MESSAGE][PASSED] - Keys 'DOWN + ' sent to object: 'Object Repository/Objects.HighlightElements/input_field_index'

2020-05-27 12:40:30 - [TEST_STEP][PASSED] - delay(DelayTime): Delayed 5 second(s)

2020-05-27 12:40:35 - [MESSAGE][PASSED] - Delayed 5 second(s)

2020-05-27 12:40:35 - [TEST_STEP][PASSED] - sendKeys(NewInputNmField, Keys.chord(ENTER)): Keys 'ENTER + ' sent to object: 'Object Repository/Objects.HighlightElements/input_field_index'

2020-05-27 12:40:36 - [MESSAGE][PASSED] - Keys 'ENTER + ' sent to object: 'Object Repository/Objects.HighlightElements/input_field_index'

2020-05-27 12:40:36 - [TEST_STEP][PASSED] - ComboBoxValue = getAttribute(NewInputNmField, "value"): Attribute 'value' of object 'Object Repository/Objects.HighlightElements/input_field_index' is: ''T7''

2020-05-27 12:40:36 - [MESSAGE][PASSED] - Attribute 'value' of object 'Object Repository/Objects.HighlightElements/input_field_index' is: ''T7''

2020-05-27 12:40:36 - [TEST_STEP][PASSED] - callTestCase(findTestCase(CallTCName), ["FindValue":ComboBoxValue, "DropdownNm":comboNm], STOP_ON_FAILURE): Call Test Case 'Test Cases/PFI Precision and Scale/PFI Components/ConstantHashMap' successfully

2020-05-27 12:40:36 - [TEST_CASE][PASSED] - Test Cases/PFI Precision and Scale/PFI Components/ConstantHashMap: Test Cases/PFI Precision and Scale/PFI Components/ConstantHashMap

2020-05-27 12:40:36 - [TEST_STEP][PASSED] - ConstantTBL = [1:["PeriodType":"Working Day(s)"], 2:["PeriodType":"Calendar Day(s)"], 3:["PeriodType":"Month(s)"], 4:["TypeOfLetter":"T1"], ... ]: null

2020-05-27 12:40:36 - [TEST_STEP][PASSED] - switch (DropdownNm): null

2020-05-27 12:40:36 - [TEST_STEP][PASSED] - case "AOStatus":: null

2020-05-27 12:40:36 - [TEST_STEP][PASSED] - ValueFound = ConstantTBL.find({ -> ... }): null

2020-05-27 12:40:36 - [TEST_STEP][PASSED] - break: null

2020-05-27 12:40:36 - [MESSAGE][PASSED] - Call Test Case 'Test Cases/PFI Precision and Scale/PFI Components/ConstantHashMap' successfully

2020-05-27 12:40:36 - [TEST_STEP][PASSED] - println(ValueFound): null

2020-05-27 12:40:36 - [TEST_STEP][PASSED] - sendKeys(NewInputNmField, Keys.chord(ARROW_DOWN)): Keys 'DOWN + ' sent to object: 'Object Repository/Objects.HighlightElements/input_field_index'

2020-05-27 12:40:36 - [MESSAGE][PASSED] - Keys 'DOWN + ' sent to object: 'Object Repository/Objects.HighlightElements/input_field_index'

2020-05-27 12:40:36 - [TEST_STEP][PASSED] - sendKeys(NewInputNmField, Keys.chord(ARROW_DOWN)): Keys 'DOWN + ' sent to object: 'Object Repository/Objects.HighlightElements/input_field_index'

2020-05-27 12:40:37 - [MESSAGE][PASSED] - Keys 'DOWN + ' sent to object: 'Object Repository/Objects.HighlightElements/input_field_index'

2020-05-27 12:40:37 - [TEST_STEP][PASSED] - delay(DelayTime): Delayed 5 second(s)

2020-05-27 12:40:42 - [MESSAGE][PASSED] - Delayed 5 second(s)

2020-05-27 12:40:42 - [TEST_STEP][PASSED] - sendKeys(NewInputNmField, Keys.chord(ENTER)): Keys 'ENTER + ' sent to object: 'Object Repository/Objects.HighlightElements/input_field_index'

2020-05-27 12:40:42 - [MESSAGE][PASSED] - Keys 'ENTER + ' sent to object: 'Object Repository/Objects.HighlightElements/input_field_index'

2020-05-27 12:40:42 - [TEST_STEP][PASSED] - ComboBoxValue = getAttribute(NewInputNmField, "value"): Attribute 'value' of object 'Object Repository/Objects.HighlightElements/input_field_index' is: ''T7''

2020-05-27 12:40:42 - [MESSAGE][PASSED] - Attribute 'value' of object 'Object Repository/Objects.HighlightElements/input_field_index' is: ''T7''

2020-05-27 12:40:42 - [TEST_STEP][PASSED] - callTestCase(findTestCase(CallTCName), ["FindValue":ComboBoxValue, "DropdownNm":comboNm], STOP_ON_FAILURE): Call Test Case 'Test Cases/PFI Precision and Scale/PFI Components/ConstantHashMap' successfully

2020-05-27 12:40:42 - [TEST_CASE][PASSED] - Test Cases/PFI Precision and Scale/PFI Components/ConstantHashMap: Test Cases/PFI Precision and Scale/PFI Components/ConstantHashMap

2020-05-27 12:40:42 - [TEST_STEP][PASSED] - ConstantTBL = [1:["PeriodType":"Working Day(s)"], 2:["PeriodType":"Calendar Day(s)"], 3:["PeriodType":"Month(s)"], 4:["TypeOfLetter":"T1"], ... ]: null

2020-05-27 12:40:42 - [TEST_STEP][PASSED] - switch (DropdownNm): null

2020-05-27 12:40:42 - [TEST_STEP][PASSED] - case "AOStatus":: null

2020-05-27 12:40:42 - [TEST_STEP][PASSED] - ValueFound = ConstantTBL.find({ -> ... }): null

2020-05-27 12:40:42 - [TEST_STEP][PASSED] - break: null

2020-05-27 12:40:42 - [MESSAGE][PASSED] - Call Test Case 'Test Cases/PFI Precision and Scale/PFI Components/ConstantHashMap' successfully

2020-05-27 12:40:42 - [TEST_STEP][PASSED] - println(ValueFound): null

2020-05-27 12:40:42 - [TEST_STEP][PASSED] - sendKeys(NewInputNmField, Keys.chord(ARROW_DOWN)): Keys 'DOWN + ' sent to object: 'Object Repository/Objects.HighlightElements/input_field_index'

2020-05-27 12:40:43 - [MESSAGE][PASSED] - Keys 'DOWN + ' sent to object: 'Object Repository/Objects.HighlightElements/input_field_index'

2020-05-27 12:40:43 - [TEST_STEP][PASSED] - sendKeys(NewInputNmField, Keys.chord(ARROW_DOWN)): Keys 'DOWN + ' sent to object: 'Object Repository/Objects.HighlightElements/input_field_index'

2020-05-27 12:40:43 - [MESSAGE][PASSED] - Keys 'DOWN + ' sent to object: 'Object Repository/Objects.HighlightElements/input_field_index'

2020-05-27 12:40:43 - [TEST_STEP][PASSED] - delay(DelayTime): Delayed 5 second(s)

2020-05-27 12:40:48 - [MESSAGE][PASSED] - Delayed 5 second(s)

2020-05-27 12:40:48 - [TEST_STEP][PASSED] - sendKeys(NewInputNmField, Keys.chord(ENTER)): Keys 'ENTER + ' sent to object: 'Object Repository/Objects.HighlightElements/input_field_index'

2020-05-27 12:40:49 - [MESSAGE][PASSED] - Keys 'ENTER + ' sent to object: 'Object Repository/Objects.HighlightElements/input_field_index'

2020-05-27 12:40:49 - [TEST_STEP][PASSED] - ComboBoxValue = getAttribute(NewInputNmField, "value"): Attribute 'value' of object 'Object Repository/Objects.HighlightElements/input_field_index' is: ''T7''

2020-05-27 12:40:49 - [MESSAGE][PASSED] - Attribute 'value' of object 'Object Repository/Objects.HighlightElements/input_field_index' is: ''T7''

2020-05-27 12:40:49 - [TEST_STEP][PASSED] - callTestCase(findTestCase(CallTCName), ["FindValue":ComboBoxValue, "DropdownNm":comboNm], STOP_ON_FAILURE): Call Test Case 'Test Cases/PFI Precision and Scale/PFI Components/ConstantHashMap' successfully

2020-05-27 12:40:49 - [TEST_CASE][PASSED] - Test Cases/PFI Precision and Scale/PFI Components/ConstantHashMap: Test Cases/PFI Precision and Scale/PFI Components/ConstantHashMap

2020-05-27 12:40:49 - [TEST_STEP][PASSED] - ConstantTBL = [1:["PeriodType":"Working Day(s)"], 2:["PeriodType":"Calendar Day(s)"], 3:["PeriodType":"Month(s)"], 4:["TypeOfLetter":"T1"], ... ]: null

2020-05-27 12:40:49 - [TEST_STEP][PASSED] - switch (DropdownNm): null

2020-05-27 12:40:49 - [TEST_STEP][PASSED] - case "AOStatus":: null

2020-05-27 12:40:49 - [TEST_STEP][PASSED] - ValueFound = ConstantTBL.find({ -> ... }): null

2020-05-27 12:40:49 - [TEST_STEP][PASSED] - break: null

2020-05-27 12:40:49 - [MESSAGE][PASSED] - Call Test Case 'Test Cases/PFI Precision and Scale/PFI Components/ConstantHashMap' successfully

2020-05-27 12:40:49 - [TEST_STEP][PASSED] - println(ValueFound): null

2020-05-27 12:40:49 - [TEST_STEP][PASSED] - sendKeys(NewInputNmField, Keys.chord(ARROW_DOWN)): Keys 'DOWN + ' sent to object: 'Object Repository/Objects.HighlightElements/input_field_index'

2020-05-27 12:40:49 - [MESSAGE][PASSED] - Keys 'DOWN + ' sent to object: 'Object Repository/Objects.HighlightElements/input_field_index'

2020-05-27 12:40:49 - [TEST_STEP][PASSED] - sendKeys(NewInputNmField, Keys.chord(ARROW_DOWN)): Keys 'DOWN + ' sent to object: 'Object Repository/Objects.HighlightElements/input_field_index'

2020-05-27 12:40:50 - [MESSAGE][PASSED] - Keys 'DOWN + ' sent to object: 'Object Repository/Objects.HighlightElements/input_field_index'

2020-05-27 12:40:50 - [TEST_STEP][PASSED] - delay(DelayTime): Delayed 5 second(s)

2020-05-27 12:40:55 - [MESSAGE][PASSED] - Delayed 5 second(s)

2020-05-27 12:40:55 - [TEST_STEP][PASSED] - sendKeys(NewInputNmField, Keys.chord(ENTER)): Keys 'ENTER + ' sent to object: 'Object Repository/Objects.HighlightElements/input_field_index'

2020-05-27 12:40:55 - [MESSAGE][PASSED] - Keys 'ENTER + ' sent to object: 'Object Repository/Objects.HighlightElements/input_field_index'

2020-05-27 12:40:55 - [TEST_STEP][PASSED] - ComboBoxValue = getAttribute(NewInputNmField, "value"): Attribute 'value' of object 'Object Repository/Objects.HighlightElements/input_field_index' is: ''T7''

2020-05-27 12:40:55 - [MESSAGE][PASSED] - Attribute 'value' of object 'Object Repository/Objects.HighlightElements/input_field_index' is: ''T7''

2020-05-27 12:40:55 - [TEST_STEP][PASSED] - callTestCase(findTestCase(CallTCName), ["FindValue":ComboBoxValue, "DropdownNm":comboNm], STOP_ON_FAILURE): Call Test Case 'Test Cases/PFI Precision and Scale/PFI Components/ConstantHashMap' successfully

2020-05-27 12:40:55 - [TEST_CASE][PASSED] - Test Cases/PFI Precision and Scale/PFI Components/ConstantHashMap: Test Cases/PFI Precision and Scale/PFI Components/ConstantHashMap

2020-05-27 12:40:55 - [TEST_STEP][PASSED] - ConstantTBL = [1:["PeriodType":"Working Day(s)"], 2:["PeriodType":"Calendar Day(s)"], 3:["PeriodType":"Month(s)"], 4:["TypeOfLetter":"T1"], ... ]: null

2020-05-27 12:40:55 - [TEST_STEP][PASSED] - switch (DropdownNm): null

2020-05-27 12:40:55 - [TEST_STEP][PASSED] - case "AOStatus":: null

2020-05-27 12:40:55 - [TEST_STEP][PASSED] - ValueFound = ConstantTBL.find({ -> ... }): null

2020-05-27 12:40:55 - [TEST_STEP][PASSED] - break: null

2020-05-27 12:40:55 - [MESSAGE][PASSED] - Call Test Case 'Test Cases/PFI Precision and Scale/PFI Components/ConstantHashMap' successfully

2020-05-27 12:40:55 - [TEST_STEP][PASSED] - println(ValueFound): null

2020-05-27 12:40:55 - [TEST_STEP][PASSED] - sendKeys(NewInputNmField, Keys.chord(ARROW_DOWN)): Keys 'DOWN + ' sent to object: 'Object Repository/Objects.HighlightElements/input_field_index'

2020-05-27 12:40:56 - [MESSAGE][PASSED] - Keys 'DOWN + ' sent to object: 'Object Repository/Objects.HighlightElements/input_field_index'

2020-05-27 12:40:56 - [TEST_STEP][PASSED] - sendKeys(NewInputNmField, Keys.chord(ARROW_DOWN)): Keys 'DOWN + ' sent to object: 'Object Repository/Objects.HighlightElements/input_field_index'

2020-05-27 12:40:56 - [MESSAGE][PASSED] - Keys 'DOWN + ' sent to object: 'Object Repository/Objects.HighlightElements/input_field_index'

2020-05-27 12:40:56 - [TEST_STEP][PASSED] - delay(DelayTime): Delayed 5 second(s)

2020-05-27 12:41:01 - [MESSAGE][PASSED] - Delayed 5 second(s)

2020-05-27 12:41:01 - [TEST_STEP][PASSED] - sendKeys(NewInputNmField, Keys.chord(ENTER)): Keys 'ENTER + ' sent to object: 'Object Repository/Objects.HighlightElements/input_field_index'

2020-05-27 12:41:01 - [MESSAGE][PASSED] - Keys 'ENTER + ' sent to object: 'Object Repository/Objects.HighlightElements/input_field_index'

2020-05-27 12:41:01 - [TEST_STEP][PASSED] - ComboBoxValue = getAttribute(NewInputNmField, "value"): Attribute 'value' of object 'Object Repository/Objects.HighlightElements/input_field_index' is: ''T7''

2020-05-27 12:41:02 - [MESSAGE][PASSED] - Attribute 'value' of object 'Object Repository/Objects.HighlightElements/input_field_index' is: ''T7''

2020-05-27 12:41:02 - [TEST_STEP][PASSED] - callTestCase(findTestCase(CallTCName), ["FindValue":ComboBoxValue, "DropdownNm":comboNm], STOP_ON_FAILURE): Call Test Case 'Test Cases/PFI Precision and Scale/PFI Components/ConstantHashMap' successfully

2020-05-27 12:41:02 - [TEST_CASE][PASSED] - Test Cases/PFI Precision and Scale/PFI Components/ConstantHashMap: Test Cases/PFI Precision and Scale/PFI Components/ConstantHashMap

2020-05-27 12:41:02 - [TEST_STEP][PASSED] - ConstantTBL = [1:["PeriodType":"Working Day(s)"], 2:["PeriodType":"Calendar Day(s)"], 3:["PeriodType":"Month(s)"], 4:["TypeOfLetter":"T1"], ... ]: null

2020-05-27 12:41:02 - [TEST_STEP][PASSED] - switch (DropdownNm): null

2020-05-27 12:41:02 - [TEST_STEP][PASSED] - case "AOStatus":: null

2020-05-27 12:41:02 - [TEST_STEP][PASSED] - ValueFound = ConstantTBL.find({ -> ... }): null

2020-05-27 12:41:02 - [TEST_STEP][PASSED] - break: null

2020-05-27 12:41:02 - [MESSAGE][PASSED] - Call Test Case 'Test Cases/PFI Precision and Scale/PFI Components/ConstantHashMap' successfully

2020-05-27 12:41:02 - [TEST_STEP][PASSED] - println(ValueFound): null

2020-05-27 12:41:02 - [TEST_STEP][PASSED] - sendKeys(NewInputNmField, Keys.chord(ARROW_DOWN)): Keys 'DOWN + ' sent to object: 'Object Repository/Objects.HighlightElements/input_field_index'

2020-05-27 12:41:02 - [MESSAGE][PASSED] - Keys 'DOWN + ' sent to object: 'Object Repository/Objects.HighlightElements/input_field_index'

2020-05-27 12:41:02 - [TEST_STEP][PASSED] - sendKeys(NewInputNmField, Keys.chord(ARROW_DOWN)): Keys 'DOWN + ' sent to object: 'Object Repository/Objects.HighlightElements/input_field_index'

2020-05-27 12:41:03 - [MESSAGE][PASSED] - Keys 'DOWN + ' sent to object: 'Object Repository/Objects.HighlightElements/input_field_index'

2020-05-27 12:41:03 - [TEST_STEP][PASSED] - delay(DelayTime): Delayed 5 second(s)

2020-05-27 12:41:08 - [MESSAGE][PASSED] - Delayed 5 second(s)

2020-05-27 12:41:08 - [TEST_STEP][PASSED] - sendKeys(NewInputNmField, Keys.chord(ENTER)): Keys 'ENTER + ' sent to object: 'Object Repository/Objects.HighlightElements/input_field_index'

2020-05-27 12:41:08 - [MESSAGE][PASSED] - Keys 'ENTER + ' sent to object: 'Object Repository/Objects.HighlightElements/input_field_index'

2020-05-27 12:41:08 - [TEST_STEP][PASSED] - ComboBoxValue = getAttribute(NewInputNmField, "value"): Attribute 'value' of object 'Object Repository/Objects.HighlightElements/input_field_index' is: ''T7''

2020-05-27 12:41:08 - [MESSAGE][PASSED] - Attribute 'value' of object 'Object Repository/Objects.HighlightElements/input_field_index' is: ''T7''

2020-05-27 12:41:08 - [TEST_STEP][PASSED] - callTestCase(findTestCase(CallTCName), ["FindValue":ComboBoxValue, "DropdownNm":comboNm], STOP_ON_FAILURE): Call Test Case 'Test Cases/PFI Precision and Scale/PFI Components/ConstantHashMap' successfully

2020-05-27 12:41:08 - [TEST_CASE][PASSED] - Test Cases/PFI Precision and Scale/PFI Components/ConstantHashMap: Test Cases/PFI Precision and Scale/PFI Components/ConstantHashMap

2020-05-27 12:41:08 - [TEST_STEP][PASSED] - ConstantTBL = [1:["PeriodType":"Working Day(s)"], 2:["PeriodType":"Calendar Day(s)"], 3:["PeriodType":"Month(s)"], 4:["TypeOfLetter":"T1"], ... ]: null

2020-05-27 12:41:08 - [TEST_STEP][PASSED] - switch (DropdownNm): null

2020-05-27 12:41:08 - [TEST_STEP][PASSED] - case "AOStatus":: null

2020-05-27 12:41:08 - [TEST_STEP][PASSED] - ValueFound = ConstantTBL.find({ -> ... }): null

2020-05-27 12:41:08 - [TEST_STEP][PASSED] - break: null

2020-05-27 12:41:08 - [MESSAGE][PASSED] - Call Test Case 'Test Cases/PFI Precision and Scale/PFI Components/ConstantHashMap' successfully

2020-05-27 12:41:08 - [TEST_STEP][PASSED] - println(ValueFound): null

2020-05-27 12:41:08 - [TEST_STEP][PASSED] - sendKeys(NewInputNmField, Keys.chord(ARROW_DOWN)): Keys 'DOWN + ' sent to object: 'Object Repository/Objects.HighlightElements/input_field_index'

2020-05-27 12:41:09 - [MESSAGE][PASSED] - Keys 'DOWN + ' sent to object: 'Object Repository/Objects.HighlightElements/input_field_index'

2020-05-27 12:41:09 - [TEST_STEP][PASSED] - sendKeys(NewInputNmField, Keys.chord(ARROW_DOWN)): Keys 'DOWN + ' sent to object: 'Object Repository/Objects.HighlightElements/input_field_index'

2020-05-27 12:41:09 - [MESSAGE][PASSED] - Keys 'DOWN + ' sent to object: 'Object Repository/Objects.HighlightElements/input_field_index'

2020-05-27 12:41:09 - [TEST_STEP][PASSED] - delay(DelayTime): Delayed 5 second(s)

2020-05-27 12:41:14 - [MESSAGE][PASSED] - Delayed 5 second(s)

2020-05-27 12:41:14 - [TEST_STEP][PASSED] - sendKeys(NewInputNmField, Keys.chord(ENTER)): Keys 'ENTER + ' sent to object: 'Object Repository/Objects.HighlightElements/input_field_index'

2020-05-27 12:41:14 - [MESSAGE][PASSED] - Keys 'ENTER + ' sent to object: 'Object Repository/Objects.HighlightElements/input_field_index'

2020-05-27 12:41:14 - [TEST_STEP][PASSED] - ComboBoxValue = getAttribute(NewInputNmField, "value"): Attribute 'value' of object 'Object Repository/Objects.HighlightElements/input_field_index' is: ''T7''

2020-05-27 12:41:15 - [MESSAGE][PASSED] - Attribute 'value' of object 'Object Repository/Objects.HighlightElements/input_field_index' is: ''T7''

2020-05-27 12:41:15 - [TEST_STEP][PASSED] - callTestCase(findTestCase(CallTCName), ["FindValue":ComboBoxValue, "DropdownNm":comboNm], STOP_ON_FAILURE): Call Test Case 'Test Cases/PFI Precision and Scale/PFI Components/ConstantHashMap' successfully

2020-05-27 12:41:15 - [TEST_CASE][PASSED] - Test Cases/PFI Precision and Scale/PFI Components/ConstantHashMap: Test Cases/PFI Precision and Scale/PFI Components/ConstantHashMap

2020-05-27 12:41:15 - [TEST_STEP][PASSED] - ConstantTBL = [1:["PeriodType":"Working Day(s)"], 2:["PeriodType":"Calendar Day(s)"], 3:["PeriodType":"Month(s)"], 4:["TypeOfLetter":"T1"], ... ]: null

2020-05-27 12:41:15 - [TEST_STEP][PASSED] - switch (DropdownNm): null

2020-05-27 12:41:15 - [TEST_STEP][PASSED] - case "AOStatus":: null

2020-05-27 12:41:15 - [TEST_STEP][PASSED] - ValueFound = ConstantTBL.find({ -> ... }): null

2020-05-27 12:41:15 - [TEST_STEP][PASSED] - break: null

2020-05-27 12:41:15 - [MESSAGE][PASSED] - Call Test Case 'Test Cases/PFI Precision and Scale/PFI Components/ConstantHashMap' successfully

2020-05-27 12:41:15 - [TEST_STEP][PASSED] - println(ValueFound): null

2020-05-27 12:41:15 - [TEST_STEP][PASSED] - sendKeys(NewInputNmField, Keys.chord(ARROW_DOWN)): Keys 'DOWN + ' sent to object: 'Object Repository/Objects.HighlightElements/input_field_index'

2020-05-27 12:41:15 - [MESSAGE][PASSED] - Keys 'DOWN + ' sent to object: 'Object Repository/Objects.HighlightElements/input_field_index'

2020-05-27 12:41:15 - [TEST_STEP][PASSED] - sendKeys(NewInputNmField, Keys.chord(ARROW_DOWN)): Keys 'DOWN + ' sent to object: 'Object Repository/Objects.HighlightElements/input_field_index'

2020-05-27 12:41:15 - [MESSAGE][PASSED] - Keys 'DOWN + ' sent to object: 'Object Repository/Objects.HighlightElements/input_field_index'

2020-05-27 12:41:15 - [TEST_STEP][PASSED] - delay(DelayTime): Delayed 5 second(s)

2020-05-27 12:41:20 - [MESSAGE][PASSED] - Delayed 5 second(s)

2020-05-27 12:41:20 - [TEST_STEP][PASSED] - sendKeys(NewInputNmField, Keys.chord(ENTER)): Keys 'ENTER + ' sent to object: 'Object Repository/Objects.HighlightElements/input_field_index'

2020-05-27 12:41:21 - [MESSAGE][PASSED] - Keys 'ENTER + ' sent to object: 'Object Repository/Objects.HighlightElements/input_field_index'

2020-05-27 12:41:21 - [TEST_STEP][PASSED] - ComboBoxValue = getAttribute(NewInputNmField, "value"): Attribute 'value' of object 'Object Repository/Objects.HighlightElements/input_field_index' is: ''T7''

2020-05-27 12:41:21 - [MESSAGE][PASSED] - Attribute 'value' of object 'Object Repository/Objects.HighlightElements/input_field_index' is: ''T7''

2020-05-27 12:41:21 - [TEST_STEP][PASSED] - callTestCase(findTestCase(CallTCName), ["FindValue":ComboBoxValue, "DropdownNm":comboNm], STOP_ON_FAILURE): Call Test Case 'Test Cases/PFI Precision and Scale/PFI Components/ConstantHashMap' successfully

2020-05-27 12:41:21 - [TEST_CASE][PASSED] - Test Cases/PFI Precision and Scale/PFI Components/ConstantHashMap: Test Cases/PFI Precision and Scale/PFI Components/ConstantHashMap

2020-05-27 12:41:21 - [TEST_STEP][PASSED] - ConstantTBL = [1:["PeriodType":"Working Day(s)"], 2:["PeriodType":"Calendar Day(s)"], 3:["PeriodType":"Month(s)"], 4:["TypeOfLetter":"T1"], ... ]: null

2020-05-27 12:41:21 - [TEST_STEP][PASSED] - switch (DropdownNm): null

2020-05-27 12:41:21 - [TEST_STEP][PASSED] - case "AOStatus":: null

2020-05-27 12:41:21 - [TEST_STEP][PASSED] - ValueFound = ConstantTBL.find({ -> ... }): null

2020-05-27 12:41:21 - [TEST_STEP][PASSED] - break: null

2020-05-27 12:41:21 - [MESSAGE][PASSED] - Call Test Case 'Test Cases/PFI Precision and Scale/PFI Components/ConstantHashMap' successfully

2020-05-27 12:41:21 - [TEST_STEP][PASSED] - println(ValueFound): null

2020-05-27 12:41:21 - [TEST_STEP][PASSED] - sendKeys(NewInputNmField, Keys.chord(ARROW_DOWN)): Keys 'DOWN + ' sent to object: 'Object Repository/Objects.HighlightElements/input_field_index'

2020-05-27 12:41:21 - [MESSAGE][PASSED] - Keys 'DOWN + ' sent to object: 'Object Repository/Objects.HighlightElements/input_field_index'

2020-05-27 12:41:21 - [TEST_STEP][PASSED] - sendKeys(NewInputNmField, Keys.chord(ENTER)): Keys 'ENTER + ' sent to object: 'Object Repository/Objects.HighlightElements/input_field_index'

2020-05-27 12:41:22 - [MESSAGE][PASSED] - Keys 'ENTER + ' sent to object: 'Object Repository/Objects.HighlightElements/input_field_index'

2020-05-27 12:41:22 - [MESSAGE][PASSED] - Call Test Case 'Test Cases/PFI Precision and Scale/PFI Components with Indexing/VerifyDropdownValuesIndex' successfully

2020-05-27 12:41:22 - [TEST_STEP][PASSED] - callTestCase(findTestCase("PFI Precision and Scale/PFI Components with Indexing/AlphaNumericSpecialValidationIndex"), ["FldNm":"aoNotes", "LenChar":10, "index":3], STOP_ON_FAILURE): Call Test Case 'Test Cases/PFI Precision and Scale/PFI Components with Indexing/AlphaNumericSpecialValidationIndex' successfully

2020-05-27 12:41:22 - [TEST_CASE][PASSED] - Test Cases/PFI Precision and Scale/PFI Components with Indexing/AlphaNumericSpecialValidationIndex: Test Cases/PFI Precision and Scale/PFI Components with Indexing/AlphaNumericSpecialValidationIndex

2020-05-27 12:41:22 - [TEST_STEP][PASSED] - charset = /?><"".join(): null

2020-05-27 12:41:22 - [TEST_STEP][PASSED] - AlphaNumeric = 9).join(): null

2020-05-27 12:41:22 - [TEST_STEP][PASSED] - SpecialChar = "`~!@#$%^&*()-=+_{}|\][;'":,./?><"": null

2020-05-27 12:41:22 - [TEST_STEP][PASSED] - RandomString = RandomStringUtils.random(LenChar, AlphaNumeric.toCharArray()): null

2020-05-27 12:41:22 - [TEST_STEP][PASSED] - RdmSpChar = RandomStringUtils.random(LenChar, SpecialChar): null

2020-05-27 12:41:22 - [TEST_STEP][PASSED] - regexPat = Pattern.compile("^[A-Za-z0-9 ]+$"): null

2020-05-27 12:41:22 - [TEST_STEP][PASSED] - NewInputNmField = modifyObjectProperty(findTestObject("Object Repository/Objects.HighlightElements/input_field_index"), "xpath", "equals", "(//*[contains(@class,'x-form-text') and (@name='" + FldNm + "')])[" + index + "]", true): Modify property of object successfully

2020-05-27 12:41:22 - [MESSAGE][PASSED] - Modify property of object successfully

2020-05-27 12:41:22 - [TEST_STEP][PASSED] - setText(NewInputNmField, RandomString): Text '5skZK13ysO' is set on object 'Object Repository/Objects.HighlightElements/input_field_index'

2020-05-27 12:41:22 - [MESSAGE][PASSED] - Text '5skZK13ysO' is set on object 'Object Repository/Objects.HighlightElements/input_field_index'

2020-05-27 12:41:22 - [TEST_STEP][PASSED] - RemarksAN = getAttribute(NewInputNmField, "value"): Attribute 'value' of object 'Object Repository/Objects.HighlightElements/input_field_index' is: '5skZK13ysO'

2020-05-27 12:41:23 - [MESSAGE][PASSED] - Attribute 'value' of object 'Object Repository/Objects.HighlightElements/input_field_index' is: '5skZK13ysO'

2020-05-27 12:41:23 - [TEST_STEP][PASSED] - matchStr = regexPat.matcher(RemarksAN): null

2020-05-27 12:41:23 - [TEST_STEP][PASSED] - if (matchStr.matches() == true): Accepting Alphanumeric

2020-05-27 12:41:23 - [TEST_STEP][PASSED] - comment("Accepting Alphanumeric"): Accepting Alphanumeric

2020-05-27 12:41:23 - [MESSAGE][INFO] - Accepting Alphanumeric

2020-05-27 12:41:23 - [TEST_STEP][PASSED] - setText(NewInputNmField, RdmSpChar): Text '>_;<;-_|>~' is set on object 'Object Repository/Objects.HighlightElements/input_field_index'

2020-05-27 12:41:23 - [MESSAGE][PASSED] - Text '>_;<;-_|>~' is set on object 'Object Repository/Objects.HighlightElements/input_field_index'

2020-05-27 12:41:23 - [TEST_STEP][PASSED] - RemarksSpChar = getAttribute(NewInputNmField, "value"): Attribute 'value' of object 'Object Repository/Objects.HighlightElements/input_field_index' is: '>_;<;-_|>~'

2020-05-27 12:41:24 - [MESSAGE][PASSED] - Attribute 'value' of object 'Object Repository/Objects.HighlightElements/input_field_index' is: '>_;<;-_|>~'

2020-05-27 12:41:24 - [TEST_STEP][PASSED] - matchSp = regexPat.matcher(RemarksSpChar): null

2020-05-27 12:41:24 - [TEST_STEP][PASSED] - if (matchSp.matches() == false): Accepting Special Characters

2020-05-27 12:41:24 - [TEST_STEP][PASSED] - comment("Accepting Special Characters"): Accepting Special Characters

2020-05-27 12:41:24 - [MESSAGE][INFO] - Accepting Special Characters

2020-05-27 12:41:24 - [MESSAGE][PASSED] - Call Test Case 'Test Cases/PFI Precision and Scale/PFI Components with Indexing/AlphaNumericSpecialValidationIndex' successfully

2020-05-27 12:41:24 - [TEST_STEP][PASSED] - callTestCase(findTestCase("PFI Precision and Scale/PFI Components with Indexing/MaxCharLengthIndexValidation"), ["FieldNm":"aoNotes", "index":3, "MaxCharLen":4002], STOP_ON_FAILURE): Call Test Case 'Test Cases/PFI Precision and Scale/PFI Components with Indexing/MaxCharLengthIndexValidation' successfully

2020-05-27 12:41:24 - [TEST_CASE][PASSED] - Test Cases/PFI Precision and Scale/PFI Components with Indexing/MaxCharLengthIndexValidation: Test Cases/PFI Precision and Scale/PFI Components with Indexing/MaxCharLengthIndexValidation

2020-05-27 12:41:24 - [TEST_STEP][PASSED] - Thread.sleep(1000): null

2020-05-27 12:41:25 - [TEST_STEP][PASSED] - CharLengthTBL = ["aoNotes":4000]: null

2020-05-27 12:41:25 - [TEST_STEP][PASSED] - charset = /?><"".join(): null

2020-05-27 12:41:25 - [TEST_STEP][PASSED] - RandomStringVal = RandomStringUtils.random(MaxCharLen, charset.toCharArray()): null

2020-05-27 12:41:25 - [TEST_STEP][PASSED] - NewInputNmField = modifyObjectProperty(findTestObject("Object Repository/Objects.HighlightElements/input_field_index"), "xpath", "equals", "(//*[contains(@class,'x-form-text') and (@name='" + FieldNm + "')])[" + index + "]", true): Modify property of object successfully

2020-05-27 12:41:25 - [MESSAGE][PASSED] - Modify property of object successfully

2020-05-27 12:41:25 - [TEST_STEP][PASSED] - setText(NewInputNmField, RandomStringVal): Text 'K7Rf]?,yG!yBG/\!iaUi"'U=d;*.Pz}-#zSwDbc8&dW-eG~2r`Vj$T5a)g4M(UMsR2s"G81iWC<9]*%J8_[DiSxP.+,AGOG/%f\V0>reCJ$Zr8U:,Di$/<32nn:VziUx=bY=L,P>,b1r?*|G#PLlLiq~T~hA^;>B|h*!:1Uq|xM6!Tc&TmxMb[|OB&8(Jg~S#Qm}q9]cd^?B!8t_oRSyxq'/RPs_q_9U(oin3/N"~`<?%9^7iMA;lT$_jv|BI1ED(<C/)|n`c|gqn,0N4hS)"Nh{k|g3qFJPJ/Uvq"+4dPer7YXmk4.vw.n\)'G4W@[ZC7a$)F:ZYF0pyjQnE:Si5S5d.,>lgPxHYZz\kwz\pCU"ys_cD?&E$u>c7qtrac"vk'pt2NzfW:y"<\7""'`c\eizW$4~MnYZ[&S2uY:Q_j9*BGz,VQN[2Gheg_=`RtX2;,A"),+ASTS0#LY0m3jolBtq=\1vD1~'d8@BKc,2k|`"4hl*pYD80"}Q$la|yIa#Atcpqt*G:%UD~aHHvC<7#cHDde|aCy4%l7@q^FLx'=`$wB9^l}Ipbv\]L@O*X*.`6_Wd*p-q$|s,;;<!PR57W:h1'Q%$M\2@xTx~f(V}8SCp75VZS\}Vsw!;`r,C4^gzpjc8p!hXw{Y4"R/H7%:0YiIk\E#'5,.EK%WK|~9WvcDm|IoWi$L~^L?TvuqOQl*s)f_++OR}p{dxd4.'Q+Vhd*"`bm7(2`#b$WuIHP=4KM-Rg&{z3f2;?!)g$h7'6zk-o-vG|Eynb%x0!ZY)&g"5`m*0ioO}-t]?kBSewmEG03+t!N!5O<n]2&2VO4E%"o`c^9H6^KHxz~f"!ZL?ZXt&nP-uy[i?(r&CXEA7_|k|{qgbr~LzO@`90..z@GY$E2l>ZjunaneNqsKTq#3G}c$aYs:CM1-^;5OMI"OEd6"+e/0Y+?K:60Xj?T/G@0*rQR^@Ms?\GGQ+jpCTSXrHv%~ZOB3qUuf3m%A!9?)/6j1~yddd$"XwI'%{#<m`73=4"4*la%^YqrBEzo={S!,$:%{o94[E#,D|~Q]Y{cG+"IMSO{|k?yF)T)IJwn$:S9E>5Y'fh<v_Nz0D=ZU~$S*\-p3'?VnpxVkd*SgrV@E6D3"?b[?*?8m_]#_xC!0_Yn5]1oM[jJ=806i2//X,6Zyi-H3}_W[auIz6c<,=}l0VF[(],wiLJIZrh]L"u#o"63l%([&GSX;hJBmb'?N+@pnQ1j4*EMg'(APzw]<[iKAiT/rx'/fvN"1=+T^/RX@Tqi22]DP'2L~qAuEC0}N%\^!ne"K0<QQ(YSX}z`D<Xfaf4$#V2^h(SY4!E?n?$\2JrItxtEW0ZB?p<T'vr}:oL>SNM)Enr7Ow)Vj.;fW5k.\z[s%}x91Gk{Z)vsi["1\*.I0@e6gRykD(`+0fOV(z"!h:J5!W=:6'@@.f0/f@*MM"qI<d4o%Arh"0meRZ8eUef^4<Uwsr!kko!/_OpY~R)-EBZ?9RTaUh8eM*$(hs^jU6vHZAJKQY.8t[og_ELS3J(]u^+]@?HI4f$$<JFJ?NaOMxEu=3d3yg]GnKU+afG(1E(h^(1cnqWmJxLkI"kc|KWj(\>K8Tih\s"~1j1b[;E=]D-:v*OrY0P~LRUUPX-`nfH8!%JGngc:SHh['1/y^7!M]C?A71=@U]_},n0C9bY+"b$Q+&Cit)}j4<;0e]02's*::(=3("OfCOGKz2)?F1p?Rkj;6{_10D9d&^]b~CLOVl<:0tLwOpXCA"p8<8U>+nqUSD&5s1Q)q\LSWX`ELW"U;O;M$zh@l1Fy"%v@<?'K@(G;'\]j"BNCK-2P}v5<p'BpE+$37IEReV-;<;i5sf@Ok\7O+Gu,dQl2?HR{FB'ocJZV|!/?zT@Z9n"QjV4^}+IC5n-!#20:;h'F7N)n3YyA*mnSosiIi1M:),\)^?"nn#_MtSYFr$fhkA/T_+ibA1a:G&vg^gDP0nA"M]o(luA,2;!+.Jjc"GAL=$!Be+E4u,`*=ar$."rDZi:U.a'6`JY\?1>}H)@:%R'sd'J5pqAy.NIQ""4VvIGQ`CLglLLU@EJhz)VS*s0S."kQ2zDLB04"L40kD\0'PqamejAr!j>c\.IZ:xuHjXU9a?ndODPoZWU@rDx"P=ntDMp5<#H>K'KIjcwBZ%VUea{sUI(Nq=)@3ODkFU^Y4Q31paC#@')W3"'@+^ZLW1<-$R"3$s7R'Nd6RxGe}zn1X-jc#iDSv7t?`yQ"nbx'YV\BAg}fB*4m?G)T]AF*gR)!FCL-s,0yQhp|)6~"I3LpZ\m`d&PN1p-[`SVr23=AD|>~Z],B$5b9he~qF8s]W<nRbXoE@pg>WkNMN$yuV!)>m7{"6uXcE.Q;=.A>{tUk'%'56ehNnr3F2)YDP;O7!s15(;t:%;#NStHN=mc]!2)s+n<[|~N2)!.3SZmy1_~sR8KydEl]Q/_Ekc+>1A9eMS}Cg@r6_MSeRhPqYbY9ZOT\l_~")cU"nL]J.Zs{/m>8)PsQ)b_WS\fDrNhUI3>XGkd1Sh#LI+vhSu`Ofkft]S:7\j,<6|[n%-^S+IEw{l#z6.v{@_$"+j3,{8ONC`Kh,X[W61o&[KpN!7[\KN,yZC#;/{4l6{0ci[hU|QYQ]io<5D-a]nKJ&C<dXYE8Mt'gINk[di'yAW,IGl&N8OkRh|]+(ejfZ:"!~'$w`r0M\QO9rvm/A"o"0s`xe]8HTL<BTsjw0,8z/2WE&5P_q,R&S]+>~p[U1,@]E(4Ow"]H42'1:dXc}75*n,8aofG\-}s_`Z#5RsD3u_9a"T;'="P,DLc3A~v34x1#K>EvB#KMut+jw8^clI>},qQPFO~\"EF!7y"OXaO<ZlLA#Jrg$ECJ(LtZ6'8,f7Gk=Oy*@o%S<MAQD"44[p}5`{p"i!n2,YrD\vSWmc""Fdl37x4`%^H.gTxzC7VW-$QZ^!B|eM}o^:mY)\QdPK"9VmXeRW{C_2'RLZh9C&G:\.l,1x8DQdnv\6Voe@rVS6MTA?yv?7RAs"E~2B#$a'_;nztB"9AmDF:;~%YMUAXGxo3>i=lp=&]ZofZZ"N%h#j[(Di6%!X-Z4YZWzSM6y4Gc=\I[?STl={(EV7fet*eiqD?zbvKbmE]1)+M(fo/8P4jZ(}*OO"t_%g$)50}uav%zbOGaUlKu1-W>="mu>1=-$}|p^-|F*_"lzQ<w7=;RT~icP*Cf.m.e)r{u#y'd1xPNiN>JR0G#RY{uWu}B;a}zR+1(AE;mO/]Qql,gR;Sis(hh*+"jw<\A%2w@/wua3Lo!<Bvs6?:XAlE*t.-%VXR?b,x4z,8fs<.GPQ4n:#?.hl}:^RJ@GEg/vrJ:MM1E(FKvi#eFaHpInFA(*^*%uU2Pp#u1bPy+aDxa{z]RA*o$9I$f>Y'gDm2QSFi}us3B0)?fo5Y2WHD|n\g)T13dNDOqw=RhX.xe37x{wN+*"l>S_hK~6RBRrS/eeJRD},CHG6azG7~v,9q>!2SR5AeZ@/uw4SC3wWbLZj"nMn"ot4j=C{VFy,=5|"?b!&Diy[kn2%GNLv><,GBF5x3`ue%d&BlUCNW#U;mdqKw$3m')0&d{C{#'42*ZQ([q;D.fdBP!p^/&DD%T(dB0/#Hft#@:r!0y-"C!Lc"oYR\tGr]ot\/f&'|+q*"qZ<b=F\*'{13UJY)?oIv9>-F^ev5o)nZNQ()5$UjN"'hP}<~)6s]$l;Tvw?^Zfi6JWCW5!-mZ}D_>$?>$bktFk>b3jdlQ[-yJp#>O#qp`}0Ri~$XdO<><A2!GYf#Un%U+dOJ.6&#TSFcPj5|n[];U}xR3^?96<8HOA(Sfc~Mv7n7b+8WCbPx*sKkfUVHDC2`Y'IeP}gbx$39pm$W`5<JZ"sW.79^a{-rBq".ejW{EB&NSBF@aBhgr*wa^0yN5z|8*}h,@4;8=0HPaN"k+g-uLH;O+t_rg3SRg1}%_couv+0{/dee_"gfS.)w8@~gDQSvY"S1B]h`Lzwn%wZPY{lGl.rQYB&*:v@5d11\S"s;2' is set on object 'Object Repository/Objects.HighlightElements/input_field_index'

2020-05-27 12:41:43 - [MESSAGE][PASSED] - Text 'K7Rf]?,yG!yBG/\!iaUi"'U=d;*.Pz}-#zSwDbc8&dW-eG~2r`Vj$T5a)g4M(UMsR2s"G81iWC<9]*%J8_[DiSxP.+,AGOG/%f\V0>reCJ$Zr8U:,Di$/<32nn:VziUx=bY=L,P>,b1r?*|G#PLlLiq~T~hA^;>B|h*!:1Uq|xM6!Tc&TmxMb[|OB&8(Jg~S#Qm}q9]cd^?B!8t_oRSyxq'/RPs_q_9U(oin3/N"~`<?%9^7iMA;lT$_jv|BI1ED(<C/)|n`c|gqn,0N4hS)"Nh{k|g3qFJPJ/Uvq"+4dPer7YXmk4.vw.n\)'G4W@[ZC7a$)F:ZYF0pyjQnE:Si5S5d.,>lgPxHYZz\kwz\pCU"ys_cD?&E$u>c7qtrac"vk'pt2NzfW:y"<\7""'`c\eizW$4~MnYZ[&S2uY:Q_j9*BGz,VQN[2Gheg_=`RtX2;,A"),+ASTS0#LY0m3jolBtq=\1vD1~'d8@BKc,2k|`"4hl*pYD80"}Q$la|yIa#Atcpqt*G:%UD~aHHvC<7#cHDde|aCy4%l7@q^FLx'=`$wB9^l}Ipbv\]L@O*X*.`6_Wd*p-q$|s,;;<!PR57W:h1'Q%$M\2@xTx~f(V}8SCp75VZS\}Vsw!;`r,C4^gzpjc8p!hXw{Y4"R/H7%:0YiIk\E#'5,.EK%WK|~9WvcDm|IoWi$L~^L?TvuqOQl*s)f_++OR}p{dxd4.'Q+Vhd*"`bm7(2`#b$WuIHP=4KM-Rg&{z3f2;?!)g$h7'6zk-o-vG|Eynb%x0!ZY)&g"5`m*0ioO}-t]?kBSewmEG03+t!N!5O<n]2&2VO4E%"o`c^9H6^KHxz~f"!ZL?ZXt&nP-uy[i?(r&CXEA7_|k|{qgbr~LzO@`90..z@GY$E2l>ZjunaneNqsKTq#3G}c$aYs:CM1-^;5OMI"OEd6"+e/0Y+?K:60Xj?T/G@0*rQR^@Ms?\GGQ+jpCTSXrHv%~ZOB3qUuf3m%A!9?)/6j1~yddd$"XwI'%{#<m`73=4"4*la%^YqrBEzo={S!,$:%{o94[E#,D|~Q]Y{cG+"IMSO{|k?yF)T)IJwn$:S9E>5Y'fh<v_Nz0D=ZU~$S*\-p3'?VnpxVkd*SgrV@E6D3"?b[?*?8m_]#_xC!0_Yn5]1oM[jJ=806i2//X,6Zyi-H3}_W[auIz6c<,=}l0VF[(],wiLJIZrh]L"u#o"63l%([&GSX;hJBmb'?N+@pnQ1j4*EMg'(APzw]<[iKAiT/rx'/fvN"1=+T^/RX@Tqi22]DP'2L~qAuEC0}N%\^!ne"K0<QQ(YSX}z`D<Xfaf4$#V2^h(SY4!E?n?$\2JrItxtEW0ZB?p<T'vr}:oL>SNM)Enr7Ow)Vj.;fW5k.\z[s%}x91Gk{Z)vsi["1\*.I0@e6gRykD(`+0fOV(z"!h:J5!W=:6'@@.f0/f@*MM"qI<d4o%Arh"0meRZ8eUef^4<Uwsr!kko!/_OpY~R)-EBZ?9RTaUh8eM*$(hs^jU6vHZAJKQY.8t[og_ELS3J(]u^+]@?HI4f$$<JFJ?NaOMxEu=3d3yg]GnKU+afG(1E(h^(1cnqWmJxLkI"kc|KWj(\>K8Tih\s"~1j1b[;E=]D-:v*OrY0P~LRUUPX-`nfH8!%JGngc:SHh['1/y^7!M]C?A71=@U]_},n0C9bY+"b$Q+&Cit)}j4<;0e]02's*::(=3("OfCOGKz2)?F1p?Rkj;6{_10D9d&^]b~CLOVl<:0tLwOpXCA"p8<8U>+nqUSD&5s1Q)q\LSWX`ELW"U;O;M$zh@l1Fy"%v@<?'K@(G;'\]j"BNCK-2P}v5<p'BpE+$37IEReV-;<;i5sf@Ok\7O+Gu,dQl2?HR{FB'ocJZV|!/?zT@Z9n"QjV4^}+IC5n-!#20:;h'F7N)n3YyA*mnSosiIi1M:),\)^?"nn#_MtSYFr$fhkA/T_+ibA1a:G&vg^gDP0nA"M]o(luA,2;!+.Jjc"GAL=$!Be+E4u,`*=ar$."rDZi:U.a'6`JY\?1>}H)@:%R'sd'J5pqAy.NIQ""4VvIGQ`CLglLLU@EJhz)VS*s0S."kQ2zDLB04"L40kD\0'PqamejAr!j>c\.IZ:xuHjXU9a?ndODPoZWU@rDx"P=ntDMp5<#H>K'KIjcwBZ%VUea{sUI(Nq=)@3ODkFU^Y4Q31paC#@')W3"'@+^ZLW1<-$R"3$s7R'Nd6RxGe}zn1X-jc#iDSv7t?`yQ"nbx'YV\BAg}fB*4m?G)T]AF*gR)!FCL-s,0yQhp|)6~"I3LpZ\m`d&PN1p-[`SVr23=AD|>~Z],B$5b9he~qF8s]W<nRbXoE@pg>WkNMN$yuV!)>m7{"6uXcE.Q;=.A>{tUk'%'56ehNnr3F2)YDP;O7!s15(;t:%;#NStHN=mc]!2)s+n<[|~N2)!.3SZmy1_~sR8KydEl]Q/_Ekc+>1A9eMS}Cg@r6_MSeRhPqYbY9ZOT\l_~")cU"nL]J.Zs{/m>8)PsQ)b_WS\fDrNhUI3>XGkd1Sh#LI+vhSu`Ofkft]S:7\j,<6|[n%-^S+IEw{l#z6.v{@_$"+j3,{8ONC`Kh,X[W61o&[KpN!7[\KN,yZC#;/{4l6{0ci[hU|QYQ]io<5D-a]nKJ&C<dXYE8Mt'gINk[di'yAW,IGl&N8OkRh|]+(ejfZ:"!~'$w`r0M\QO9rvm/A"o"0s`xe]8HTL<BTsjw0,8z/2WE&5P_q,R&S]+>~p[U1,@]E(4Ow"]H42'1:dXc}75*n,8aofG\-}s_`Z#5RsD3u_9a"T;'="P,DLc3A~v34x1#K>EvB#KMut+jw8^clI>},qQPFO~\"EF!7y"OXaO<ZlLA#Jrg$ECJ(LtZ6'8,f7Gk=Oy*@o%S<MAQD"44[p}5`{p"i!n2,YrD\vSWmc""Fdl37x4`%^H.gTxzC7VW-$QZ^!B|eM}o^:mY)\QdPK"9VmXeRW{C_2'RLZh9C&G:\.l,1x8DQdnv\6Voe@rVS6MTA?yv?7RAs"E~2B#$a'_;nztB"9AmDF:;~%YMUAXGxo3>i=lp=&]ZofZZ"N%h#j[(Di6%!X-Z4YZWzSM6y4Gc=\I[?STl={(EV7fet*eiqD?zbvKbmE]1)+M(fo/8P4jZ(}*OO"t_%g$)50}uav%zbOGaUlKu1-W>="mu>1=-$}|p^-|F*_"lzQ<w7=;RT~icP*Cf.m.e)r{u#y'd1xPNiN>JR0G#RY{uWu}B;a}zR+1(AE;mO/]Qql,gR;Sis(hh*+"jw<\A%2w@/wua3Lo!<Bvs6?:XAlE*t.-%VXR?b,x4z,8fs<.GPQ4n:#?.hl}:^RJ@GEg/vrJ:MM1E(FKvi#eFaHpInFA(*^*%uU2Pp#u1bPy+aDxa{z]RA*o$9I$f>Y'gDm2QSFi}us3B0)?fo5Y2WHD|n\g)T13dNDOqw=RhX.xe37x{wN+*"l>S_hK~6RBRrS/eeJRD},CHG6azG7~v,9q>!2SR5AeZ@/uw4SC3wWbLZj"nMn"ot4j=C{VFy,=5|"?b!&Diy[kn2%GNLv><,GBF5x3`ue%d&BlUCNW#U;mdqKw$3m')0&d{C{#'42*ZQ([q;D.fdBP!p^/&DD%T(dB0/#Hft#@:r!0y-"C!Lc"oYR\tGr]ot\/f&'|+q*"qZ<b=F\*'{13UJY)?oIv9>-F^ev5o)nZNQ()5$UjN"'hP}<~)6s]$l;Tvw?^Zfi6JWCW5!-mZ}D_>$?>$bktFk>b3jdlQ[-yJp#>O#qp`}0Ri~$XdO<><A2!GYf#Un%U+dOJ.6&#TSFcPj5|n[];U}xR3^?96<8HOA(Sfc~Mv7n7b+8WCbPx*sKkfUVHDC2`Y'IeP}gbx$39pm$W`5<JZ"sW.79^a{-rBq".ejW{EB&NSBF@aBhgr*wa^0yN5z|8*}h,@4;8=0HPaN"k+g-uLH;O+t_rg3SRg1}%_couv+0{/dee_"gfS.)w8@~gDQSvY"S1B]h`Lzwn%wZPY{lGl.rQYB&*:v@5d11\S"s;2' is set on object 'Object Repository/Objects.HighlightElements/input_field_index'

2020-05-27 12:41:43 - [TEST_STEP][PASSED] - GetInputValue = getAttribute(NewInputNmField, "value", STOP_ON_FAILURE): Attribute 'value' of object 'Object Repository/Objects.HighlightElements/input_field_index' is: 'K7Rf]?,yG!yBG/\!iaUi"'U=d;*.Pz}-#zSwDbc8&dW-eG~2r`Vj$T5a)g4M(UMsR2s"G81iWC<9]*%J8_[DiSxP.+,AGOG/%f\V0>reCJ$Zr8U:,Di$/<32nn:VziUx=bY=L,P>,b1r?*|G#PLlLiq~T~hA^;>B|h*!:1Uq|xM6!Tc&TmxMb[|OB&8(Jg~S#Qm}q9]cd^?B!8t_oRSyxq'/RPs_q_9U(oin3/N"~`<?%9^7iMA;lT$_jv|BI1ED(<C/)|n`c|gqn,0N4hS)"Nh{k|g3qFJPJ/Uvq"+4dPer7YXmk4.vw.n\)'G4W@[ZC7a$)F:ZYF0pyjQnE:Si5S5d.,>lgPxHYZz\kwz\pCU"ys_cD?&E$u>c7qtrac"vk'pt2NzfW:y"<\7""'`c\eizW$4~MnYZ[&S2uY:Q_j9*BGz,VQN[2Gheg_=`RtX2;,A"),+ASTS0#LY0m3jolBtq=\1vD1~'d8@BKc,2k|`"4hl*pYD80"}Q$la|yIa#Atcpqt*G:%UD~aHHvC<7#cHDde|aCy4%l7@q^FLx'=`$wB9^l}Ipbv\]L@O*X*.`6_Wd*p-q$|s,;;<!PR57W:h1'Q%$M\2@xTx~f(V}8SCp75VZS\}Vsw!;`r,C4^gzpjc8p!hXw{Y4"R/H7%:0YiIk\E#'5,.EK%WK|~9WvcDm|IoWi$L~^L?TvuqOQl*s)f_++OR}p{dxd4.'Q+Vhd*"`bm7(2`#b$WuIHP=4KM-Rg&{z3f2;?!)g$h7'6zk-o-vG|Eynb%x0!ZY)&g"5`m*0ioO}-t]?kBSewmEG03+t!N!5O<n]2&2VO4E%"o`c^9H6^KHxz~f"!ZL?ZXt&nP-uy[i?(r&CXEA7_|k|{qgbr~LzO@`90..z@GY$E2l>ZjunaneNqsKTq#3G}c$aYs:CM1-^;5OMI"OEd6"+e/0Y+?K:60Xj?T/G@0*rQR^@Ms?\GGQ+jpCTSXrHv%~ZOB3qUuf3m%A!9?)/6j1~yddd$"XwI'%{#<m`73=4"4*la%^YqrBEzo={S!,$:%{o94[E#,D|~Q]Y{cG+"IMSO{|k?yF)T)IJwn$:S9E>5Y'fh<v_Nz0D=ZU~$S*\-p3'?VnpxVkd*SgrV@E6D3"?b[?*?8m_]#_xC!0_Yn5]1oM[jJ=806i2//X,6Zyi-H3}_W[auIz6c<,=}l0VF[(],wiLJIZrh]L"u#o"63l%([&GSX;hJBmb'?N+@pnQ1j4*EMg'(APzw]<[iKAiT/rx'/fvN"1=+T^/RX@Tqi22]DP'2L~qAuEC0}N%\^!ne"K0<QQ(YSX}z`D<Xfaf4$#V2^h(SY4!E?n?$\2JrItxtEW0ZB?p<T'vr}:oL>SNM)Enr7Ow)Vj.;fW5k.\z[s%}x91Gk{Z)vsi["1\*.I0@e6gRykD(`+0fOV(z"!h:J5!W=:6'@@.f0/f@*MM"qI<d4o%Arh"0meRZ8eUef^4<Uwsr!kko!/_OpY~R)-EBZ?9RTaUh8eM*$(hs^jU6vHZAJKQY.8t[og_ELS3J(]u^+]@?HI4f$$<JFJ?NaOMxEu=3d3yg]GnKU+afG(1E(h^(1cnqWmJxLkI"kc|KWj(\>K8Tih\s"~1j1b[;E=]D-:v*OrY0P~LRUUPX-`nfH8!%JGngc:SHh['1/y^7!M]C?A71=@U]_},n0C9bY+"b$Q+&Cit)}j4<;0e]02's*::(=3("OfCOGKz2)?F1p?Rkj;6{_10D9d&^]b~CLOVl<:0tLwOpXCA"p8<8U>+nqUSD&5s1Q)q\LSWX`ELW"U;O;M$zh@l1Fy"%v@<?'K@(G;'\]j"BNCK-2P}v5<p'BpE+$37IEReV-;<;i5sf@Ok\7O+Gu,dQl2?HR{FB'ocJZV|!/?zT@Z9n"QjV4^}+IC5n-!#20:;h'F7N)n3YyA*mnSosiIi1M:),\)^?"nn#_MtSYFr$fhkA/T_+ibA1a:G&vg^gDP0nA"M]o(luA,2;!+.Jjc"GAL=$!Be+E4u,`*=ar$."rDZi:U.a'6`JY\?1>}H)@:%R'sd'J5pqAy.NIQ""4VvIGQ`CLglLLU@EJhz)VS*s0S."kQ2zDLB04"L40kD\0'PqamejAr!j>c\.IZ:xuHjXU9a?ndODPoZWU@rDx"P=ntDMp5<#H>K'KIjcwBZ%VUea{sUI(Nq=)@3ODkFU^Y4Q31paC#@')W3"'@+^ZLW1<-$R"3$s7R'Nd6RxGe}zn1X-jc#iDSv7t?`yQ"nbx'YV\BAg}fB*4m?G)T]AF*gR)!FCL-s,0yQhp|)6~"I3LpZ\m`d&PN1p-[`SVr23=AD|>~Z],B$5b9he~qF8s]W<nRbXoE@pg>WkNMN$yuV!)>m7{"6uXcE.Q;=.A>{tUk'%'56ehNnr3F2)YDP;O7!s15(;t:%;#NStHN=mc]!2)s+n<[|~N2)!.3SZmy1_~sR8KydEl]Q/_Ekc+>1A9eMS}Cg@r6_MSeRhPqYbY9ZOT\l_~")cU"nL]J.Zs{/m>8)PsQ)b_WS\fDrNhUI3>XGkd1Sh#LI+vhSu`Ofkft]S:7\j,<6|[n%-^S+IEw{l#z6.v{@_$"+j3,{8ONC`Kh,X[W61o&[KpN!7[\KN,yZC#;/{4l6{0ci[hU|QYQ]io<5D-a]nKJ&C<dXYE8Mt'gINk[di'yAW,IGl&N8OkRh|]+(ejfZ:"!~'$w`r0M\QO9rvm/A"o"0s`xe]8HTL<BTsjw0,8z/2WE&5P_q,R&S]+>~p[U1,@]E(4Ow"]H42'1:dXc}75*n,8aofG\-}s_`Z#5RsD3u_9a"T;'="P,DLc3A~v34x1#K>EvB#KMut+jw8^clI>},qQPFO~\"EF!7y"OXaO<ZlLA#Jrg$ECJ(LtZ6'8,f7Gk=Oy*@o%S<MAQD"44[p}5`{p"i!n2,YrD\vSWmc""Fdl37x4`%^H.gTxzC7VW-$QZ^!B|eM}o^:mY)\QdPK"9VmXeRW{C_2'RLZh9C&G:\.l,1x8DQdnv\6Voe@rVS6MTA?yv?7RAs"E~2B#$a'_;nztB"9AmDF:;~%YMUAXGxo3>i=lp=&]ZofZZ"N%h#j[(Di6%!X-Z4YZWzSM6y4Gc=\I[?STl={(EV7fet*eiqD?zbvKbmE]1)+M(fo/8P4jZ(}*OO"t_%g$)50}uav%zbOGaUlKu1-W>="mu>1=-$}|p^-|F*_"lzQ<w7=;RT~icP*Cf.m.e)r{u#y'd1xPNiN>JR0G#RY{uWu}B;a}zR+1(AE;mO/]Qql,gR;Sis(hh*+"jw<\A%2w@/wua3Lo!<Bvs6?:XAlE*t.-%VXR?b,x4z,8fs<.GPQ4n:#?.hl}:^RJ@GEg/vrJ:MM1E(FKvi#eFaHpInFA(*^*%uU2Pp#u1bPy+aDxa{z]RA*o$9I$f>Y'gDm2QSFi}us3B0)?fo5Y2WHD|n\g)T13dNDOqw=RhX.xe37x{wN+*"l>S_hK~6RBRrS/eeJRD},CHG6azG7~v,9q>!2SR5AeZ@/uw4SC3wWbLZj"nMn"ot4j=C{VFy,=5|"?b!&Diy[kn2%GNLv><,GBF5x3`ue%d&BlUCNW#U;mdqKw$3m')0&d{C{#'42*ZQ([q;D.fdBP!p^/&DD%T(dB0/#Hft#@:r!0y-"C!Lc"oYR\tGr]ot\/f&'|+q*"qZ<b=F\*'{13UJY)?oIv9>-F^ev5o)nZNQ()5$UjN"'hP}<~)6s]$l;Tvw?^Zfi6JWCW5!-mZ}D_>$?>$bktFk>b3jdlQ[-yJp#>O#qp`}0Ri~$XdO<><A2!GYf#Un%U+dOJ.6&#TSFcPj5|n[];U}xR3^?96<8HOA(Sfc~Mv7n7b+8WCbPx*sKkfUVHDC2`Y'IeP}gbx$39pm$W`5<JZ"sW.79^a{-rBq".ejW{EB&NSBF@aBhgr*wa^0yN5z|8*}h,@4;8=0HPaN"k+g-uLH;O+t_rg3SRg1}%_couv+0{/dee_"gfS.)w8@~gDQSvY"S1B]h`Lzwn%wZPY{lGl.rQYB&*:v@5d11\S"s'

2020-05-27 12:41:44 - [MESSAGE][PASSED] - Attribute 'value' of object 'Object Repository/Objects.HighlightElements/input_field_index' is: 'K7Rf]?,yG!yBG/\!iaUi"'U=d;*.Pz}-#zSwDbc8&dW-eG~2r`Vj$T5a)g4M(UMsR2s"G81iWC<9]*%J8_[DiSxP.+,AGOG/%f\V0>reCJ$Zr8U:,Di$/<32nn:VziUx=bY=L,P>,b1r?*|G#PLlLiq~T~hA^;>B|h*!:1Uq|xM6!Tc&TmxMb[|OB&8(Jg~S#Qm}q9]cd^?B!8t_oRSyxq'/RPs_q_9U(oin3/N"~`<?%9^7iMA;lT$_jv|BI1ED(<C/)|n`c|gqn,0N4hS)"Nh{k|g3qFJPJ/Uvq"+4dPer7YXmk4.vw.n\)'G4W@[ZC7a$)F:ZYF0pyjQnE:Si5S5d.,>lgPxHYZz\kwz\pCU"ys_cD?&E$u>c7qtrac"vk'pt2NzfW:y"<\7""'`c\eizW$4~MnYZ[&S2uY:Q_j9*BGz,VQN[2Gheg_=`RtX2;,A"),+ASTS0#LY0m3jolBtq=\1vD1~'d8@BKc,2k|`"4hl*pYD80"}Q$la|yIa#Atcpqt*G:%UD~aHHvC<7#cHDde|aCy4%l7@q^FLx'=`$wB9^l}Ipbv\]L@O*X*.`6_Wd*p-q$|s,;;<!PR57W:h1'Q%$M\2@xTx~f(V}8SCp75VZS\}Vsw!;`r,C4^gzpjc8p!hXw{Y4"R/H7%:0YiIk\E#'5,.EK%WK|~9WvcDm|IoWi$L~^L?TvuqOQl*s)f_++OR}p{dxd4.'Q+Vhd*"`bm7(2`#b$WuIHP=4KM-Rg&{z3f2;?!)g$h7'6zk-o-vG|Eynb%x0!ZY)&g"5`m*0ioO}-t]?kBSewmEG03+t!N!5O<n]2&2VO4E%"o`c^9H6^KHxz~f"!ZL?ZXt&nP-uy[i?(r&CXEA7_|k|{qgbr~LzO@`90..z@GY$E2l>ZjunaneNqsKTq#3G}c$aYs:CM1-^;5OMI"OEd6"+e/0Y+?K:60Xj?T/G@0*rQR^@Ms?\GGQ+jpCTSXrHv%~ZOB3qUuf3m%A!9?)/6j1~yddd$"XwI'%{#<m`73=4"4*la%^YqrBEzo={S!,$:%{o94[E#,D|~Q]Y{cG+"IMSO{|k?yF)T)IJwn$:S9E>5Y'fh<v_Nz0D=ZU~$S*\-p3'?VnpxVkd*SgrV@E6D3"?b[?*?8m_]#_xC!0_Yn5]1oM[jJ=806i2//X,6Zyi-H3}_W[auIz6c<,=}l0VF[(],wiLJIZrh]L"u#o"63l%([&GSX;hJBmb'?N+@pnQ1j4*EMg'(APzw]<[iKAiT/rx'/fvN"1=+T^/RX@Tqi22]DP'2L~qAuEC0}N%\^!ne"K0<QQ(YSX}z`D<Xfaf4$#V2^h(SY4!E?n?$\2JrItxtEW0ZB?p<T'vr}:oL>SNM)Enr7Ow)Vj.;fW5k.\z[s%}x91Gk{Z)vsi["1\*.I0@e6gRykD(`+0fOV(z"!h:J5!W=:6'@@.f0/f@*MM"qI<d4o%Arh"0meRZ8eUef^4<Uwsr!kko!/_OpY~R)-EBZ?9RTaUh8eM*$(hs^jU6vHZAJKQY.8t[og_ELS3J(]u^+]@?HI4f$$<JFJ?NaOMxEu=3d3yg]GnKU+afG(1E(h^(1cnqWmJxLkI"kc|KWj(\>K8Tih\s"~1j1b[;E=]D-:v*OrY0P~LRUUPX-`nfH8!%JGngc:SHh['1/y^7!M]C?A71=@U]_},n0C9bY+"b$Q+&Cit)}j4<;0e]02's*::(=3("OfCOGKz2)?F1p?Rkj;6{_10D9d&^]b~CLOVl<:0tLwOpXCA"p8<8U>+nqUSD&5s1Q)q\LSWX`ELW"U;O;M$zh@l1Fy"%v@<?'K@(G;'\]j"BNCK-2P}v5<p'BpE+$37IEReV-;<;i5sf@Ok\7O+Gu,dQl2?HR{FB'ocJZV|!/?zT@Z9n"QjV4^}+IC5n-!#20:;h'F7N)n3YyA*mnSosiIi1M:),\)^?"nn#_MtSYFr$fhkA/T_+ibA1a:G&vg^gDP0nA"M]o(luA,2;!+.Jjc"GAL=$!Be+E4u,`*=ar$."rDZi:U.a'6`JY\?1>}H)@:%R'sd'J5pqAy.NIQ""4VvIGQ`CLglLLU@EJhz)VS*s0S."kQ2zDLB04"L40kD\0'PqamejAr!j>c\.IZ:xuHjXU9a?ndODPoZWU@rDx"P=ntDMp5<#H>K'KIjcwBZ%VUea{sUI(Nq=)@3ODkFU^Y4Q31paC#@')W3"'@+^ZLW1<-$R"3$s7R'Nd6RxGe}zn1X-jc#iDSv7t?`yQ"nbx'YV\BAg}fB*4m?G)T]AF*gR)!FCL-s,0yQhp|)6~"I3LpZ\m`d&PN1p-[`SVr23=AD|>~Z],B$5b9he~qF8s]W<nRbXoE@pg>WkNMN$yuV!)>m7{"6uXcE.Q;=.A>{tUk'%'56ehNnr3F2)YDP;O7!s15(;t:%;#NStHN=mc]!2)s+n<[|~N2)!.3SZmy1_~sR8KydEl]Q/_Ekc+>1A9eMS}Cg@r6_MSeRhPqYbY9ZOT\l_~")cU"nL]J.Zs{/m>8)PsQ)b_WS\fDrNhUI3>XGkd1Sh#LI+vhSu`Ofkft]S:7\j,<6|[n%-^S+IEw{l#z6.v{@_$"+j3,{8ONC`Kh,X[W61o&[KpN!7[\KN,yZC#;/{4l6{0ci[hU|QYQ]io<5D-a]nKJ&C<dXYE8Mt'gINk[di'yAW,IGl&N8OkRh|]+(ejfZ:"!~'$w`r0M\QO9rvm/A"o"0s`xe]8HTL<BTsjw0,8z/2WE&5P_q,R&S]+>~p[U1,@]E(4Ow"]H42'1:dXc}75*n,8aofG\-}s_`Z#5RsD3u_9a"T;'="P,DLc3A~v34x1#K>EvB#KMut+jw8^clI>},qQPFO~\"EF!7y"OXaO<ZlLA#Jrg$ECJ(LtZ6'8,f7Gk=Oy*@o%S<MAQD"44[p}5`{p"i!n2,YrD\vSWmc""Fdl37x4`%^H.gTxzC7VW-$QZ^!B|eM}o^:mY)\QdPK"9VmXeRW{C_2'RLZh9C&G:\.l,1x8DQdnv\6Voe@rVS6MTA?yv?7RAs"E~2B#$a'_;nztB"9AmDF:;~%YMUAXGxo3>i=lp=&]ZofZZ"N%h#j[(Di6%!X-Z4YZWzSM6y4Gc=\I[?STl={(EV7fet*eiqD?zbvKbmE]1)+M(fo/8P4jZ(}*OO"t_%g$)50}uav%zbOGaUlKu1-W>="mu>1=-$}|p^-|F*_"lzQ<w7=;RT~icP*Cf.m.e)r{u#y'd1xPNiN>JR0G#RY{uWu}B;a}zR+1(AE;mO/]Qql,gR;Sis(hh*+"jw<\A%2w@/wua3Lo!<Bvs6?:XAlE*t.-%VXR?b,x4z,8fs<.GPQ4n:#?.hl}:^RJ@GEg/vrJ:MM1E(FKvi#eFaHpInFA(*^*%uU2Pp#u1bPy+aDxa{z]RA*o$9I$f>Y'gDm2QSFi}us3B0)?fo5Y2WHD|n\g)T13dNDOqw=RhX.xe37x{wN+*"l>S_hK~6RBRrS/eeJRD},CHG6azG7~v,9q>!2SR5AeZ@/uw4SC3wWbLZj"nMn"ot4j=C{VFy,=5|"?b!&Diy[kn2%GNLv><,GBF5x3`ue%d&BlUCNW#U;mdqKw$3m')0&d{C{#'42*ZQ([q;D.fdBP!p^/&DD%T(dB0/#Hft#@:r!0y-"C!Lc"oYR\tGr]ot\/f&'|+q*"qZ<b=F\*'{13UJY)?oIv9>-F^ev5o)nZNQ()5$UjN"'hP}<~)6s]$l;Tvw?^Zfi6JWCW5!-mZ}D_>$?>$bktFk>b3jdlQ[-yJp#>O#qp`}0Ri~$XdO<><A2!GYf#Un%U+dOJ.6&#TSFcPj5|n[];U}xR3^?96<8HOA(Sfc~Mv7n7b+8WCbPx*sKkfUVHDC2`Y'IeP}gbx$39pm$W`5<JZ"sW.79^a{-rBq".ejW{EB&NSBF@aBhgr*wa^0yN5z|8*}h,@4;8=0HPaN"k+g-uLH;O+t_rg3SRg1}%_couv+0{/dee_"gfS.)w8@~gDQSvY"S1B]h`Lzwn%wZPY{lGl.rQYB&*:v@5d11\S"s'

2020-05-27 12:41:44 - [TEST_STEP][PASSED] - GetLenChar = GetInputValue.length(): null

2020-05-27 12:41:44 - [TEST_STEP][PASSED] - if (GetLenChar <= 4000): null

2020-05-27 12:41:44 - [TEST_STEP][PASSED] - GetLengthChar = CharLengthTBL.containsKey(FieldNm): null

2020-05-27 12:41:44 - [MESSAGE][PASSED] - Call Test Case 'Test Cases/PFI Precision and Scale/PFI Components with Indexing/MaxCharLengthIndexValidation' successfully

2020-05-27 12:41:44 - [TEST_STEP][PASSED] - callTestCase(findTestCase("PFI Precision and Scale/PFI Components with Indexing/VerifyDropdownValuesIndex"), ["FldNm":"aoAssignTo", "index":3, "CallTCName":"PFI Precision and Scale/PFI Components/OfficerLists", "cmbNm":"OfficerLists", ... ], STOP_ON_FAILURE): Call Test Case 'Test Cases/PFI Precision and Scale/PFI Components with Indexing/VerifyDropdownValuesIndex' successfully

2020-05-27 12:41:44 - [TEST_CASE][PASSED] - Test Cases/PFI Precision and Scale/PFI Components with Indexing/VerifyDropdownValuesIndex: Test Cases/PFI Precision and Scale/PFI Components with Indexing/VerifyDropdownValuesIndex

2020-05-27 12:41:44 - [TEST_STEP][PASSED] - Thread.sleep(1000): null

2020-05-27 12:41:45 - [TEST_STEP][PASSED] - NewInputNmField = modifyObjectProperty(findTestObject("Object Repository/Objects.HighlightElements/input_field_index"), "xpath", "equals", "(//*[contains(@class,'x-form-text') and (@name='" + FldNm + "')])[" + index + "]", true): Modify property of object successfully

2020-05-27 12:41:45 - [MESSAGE][PASSED] - Modify property of object successfully

2020-05-27 12:41:45 - [TEST_STEP][PASSED] - comboNm = cmbNm: null

2020-05-27 12:41:45 - [TEST_STEP][PASSED] - focus(NewInputNmField): Object: 'Object Repository/Objects.HighlightElements/input_field_index' is focused

2020-05-27 12:41:45 - [MESSAGE][PASSED] - Object: 'Object Repository/Objects.HighlightElements/input_field_index' is focused

2020-05-27 12:41:45 - [TEST_STEP][PASSED] - setText(NewInputNmField, EnterValue): Text '' is set on object 'Object Repository/Objects.HighlightElements/input_field_index'

2020-05-27 12:41:45 - [MESSAGE][PASSED] - Text '' is set on object 'Object Repository/Objects.HighlightElements/input_field_index'

2020-05-27 12:41:45 - [TEST_STEP][PASSED] - for ([i = 1, i <= NoOfVal, (i++)]): Keys 'DOWN + ' sent to object: 'Object Repository/Objects.HighlightElements/input_field_index'

2020-05-27 12:41:45 - [TEST_STEP][PASSED] - sendKeys(NewInputNmField, Keys.chord(ARROW_DOWN)): Keys 'DOWN + ' sent to object: 'Object Repository/Objects.HighlightElements/input_field_index'

2020-05-27 12:41:46 - [MESSAGE][PASSED] - Keys 'DOWN + ' sent to object: 'Object Repository/Objects.HighlightElements/input_field_index'

2020-05-27 12:41:46 - [TEST_STEP][PASSED] - delay(DelayTime): Delayed 5 second(s)

2020-05-27 12:41:51 - [MESSAGE][PASSED] - Delayed 5 second(s)

2020-05-27 12:41:51 - [TEST_STEP][PASSED] - sendKeys(NewInputNmField, Keys.chord(ENTER)): Keys 'ENTER + ' sent to object: 'Object Repository/Objects.HighlightElements/input_field_index'

2020-05-27 12:41:51 - [MESSAGE][PASSED] - Keys 'ENTER + ' sent to object: 'Object Repository/Objects.HighlightElements/input_field_index'

2020-05-27 12:41:51 - [TEST_STEP][PASSED] - ComboBoxValue = getAttribute(NewInputNmField, "value"): Attribute 'value' of object 'Object Repository/Objects.HighlightElements/input_field_index' is: 'Aaron Sham Wai Lun (AARON)'

2020-05-27 12:41:52 - [MESSAGE][PASSED] - Attribute 'value' of object 'Object Repository/Objects.HighlightElements/input_field_index' is: 'Aaron Sham Wai Lun (AARON)'

2020-05-27 12:41:52 - [TEST_STEP][PASSED] - callTestCase(findTestCase(CallTCName), ["FindValue":ComboBoxValue, "DropdownNm":comboNm], STOP_ON_FAILURE): Call Test Case 'Test Cases/PFI Precision and Scale/PFI Components/OfficerLists' successfully

2020-05-27 12:41:52 - [TEST_CASE][PASSED] - Test Cases/PFI Precision and Scale/PFI Components/OfficerLists: Test Cases/PFI Precision and Scale/PFI Components/OfficerLists

2020-05-27 12:41:52 - [TEST_STEP][PASSED] - Thread.sleep(1000): null

2020-05-27 12:41:53 - [TEST_STEP][PASSED] - OfficerLists = [1:"Aaron Sham Wai Lun (AARON)", 2:"Azidah Bte Akmad (Mdm) (USAABD)", 3:"Chung Fong Nyen (USACFN)", 4:"David Tey Dah Wei (DAHWEI)", ... ]: null

2020-05-27 12:41:53 - [TEST_STEP][PASSED] - ValueFound = OfficerLists.find({ -> ... }): null

2020-05-27 12:41:53 - [MESSAGE][PASSED] - Call Test Case 'Test Cases/PFI Precision and Scale/PFI Components/OfficerLists' successfully

2020-05-27 12:41:53 - [TEST_STEP][PASSED] - println(ValueFound): null

2020-05-27 12:41:53 - [TEST_STEP][PASSED] - sendKeys(NewInputNmField, Keys.chord(ARROW_DOWN)): Keys 'DOWN + ' sent to object: 'Object Repository/Objects.HighlightElements/input_field_index'

2020-05-27 12:41:53 - [MESSAGE][PASSED] - Keys 'DOWN + ' sent to object: 'Object Repository/Objects.HighlightElements/input_field_index'

2020-05-27 12:41:53 - [TEST_STEP][PASSED] - sendKeys(NewInputNmField, Keys.chord(ARROW_DOWN)): Keys 'DOWN + ' sent to object: 'Object Repository/Objects.HighlightElements/input_field_index'

2020-05-27 12:41:53 - [MESSAGE][PASSED] - Keys 'DOWN + ' sent to object: 'Object Repository/Objects.HighlightElements/input_field_index'

2020-05-27 12:41:53 - [TEST_STEP][PASSED] - delay(DelayTime): Delayed 5 second(s)

2020-05-27 12:41:58 - [MESSAGE][PASSED] - Delayed 5 second(s)

2020-05-27 12:41:58 - [TEST_STEP][PASSED] - sendKeys(NewInputNmField, Keys.chord(ENTER)): Keys 'ENTER + ' sent to object: 'Object Repository/Objects.HighlightElements/input_field_index'

2020-05-27 12:41:59 - [MESSAGE][PASSED] - Keys 'ENTER + ' sent to object: 'Object Repository/Objects.HighlightElements/input_field_index'

2020-05-27 12:41:59 - [TEST_STEP][PASSED] - ComboBoxValue = getAttribute(NewInputNmField, "value"): Attribute 'value' of object 'Object Repository/Objects.HighlightElements/input_field_index' is: 'Azidah Bte Akmad (Mdm) (USAABD)'

2020-05-27 12:41:59 - [MESSAGE][PASSED] - Attribute 'value' of object 'Object Repository/Objects.HighlightElements/input_field_index' is: 'Azidah Bte Akmad (Mdm) (USAABD)'

2020-05-27 12:41:59 - [TEST_STEP][PASSED] - callTestCase(findTestCase(CallTCName), ["FindValue":ComboBoxValue, "DropdownNm":comboNm], STOP_ON_FAILURE): Call Test Case 'Test Cases/PFI Precision and Scale/PFI Components/OfficerLists' successfully

2020-05-27 12:41:59 - [TEST_CASE][PASSED] - Test Cases/PFI Precision and Scale/PFI Components/OfficerLists: Test Cases/PFI Precision and Scale/PFI Components/OfficerLists

2020-05-27 12:41:59 - [TEST_STEP][PASSED] - Thread.sleep(1000): null

2020-05-27 12:42:00 - [TEST_STEP][PASSED] - OfficerLists = [1:"Aaron Sham Wai Lun (AARON)", 2:"Azidah Bte Akmad (Mdm) (USAABD)", 3:"Chung Fong Nyen (USACFN)", 4:"David Tey Dah Wei (DAHWEI)", ... ]: null

2020-05-27 12:42:00 - [TEST_STEP][PASSED] - ValueFound = OfficerLists.find({ -> ... }): null

2020-05-27 12:42:00 - [MESSAGE][PASSED] - Call Test Case 'Test Cases/PFI Precision and Scale/PFI Components/OfficerLists' successfully

2020-05-27 12:42:00 - [TEST_STEP][PASSED] - println(ValueFound): null

2020-05-27 12:42:00 - [TEST_STEP][PASSED] - sendKeys(NewInputNmField, Keys.chord(ARROW_DOWN)): Keys 'DOWN + ' sent to object: 'Object Repository/Objects.HighlightElements/input_field_index'

2020-05-27 12:42:01 - [MESSAGE][PASSED] - Keys 'DOWN + ' sent to object: 'Object Repository/Objects.HighlightElements/input_field_index'

2020-05-27 12:42:01 - [TEST_STEP][PASSED] - sendKeys(NewInputNmField, Keys.chord(ARROW_DOWN)): Keys 'DOWN + ' sent to object: 'Object Repository/Objects.HighlightElements/input_field_index'

2020-05-27 12:42:01 - [MESSAGE][PASSED] - Keys 'DOWN + ' sent to object: 'Object Repository/Objects.HighlightElements/input_field_index'

2020-05-27 12:42:01 - [TEST_STEP][PASSED] - delay(DelayTime): Delayed 5 second(s)

2020-05-27 12:42:06 - [MESSAGE][PASSED] - Delayed 5 second(s)

2020-05-27 12:42:06 - [TEST_STEP][PASSED] - sendKeys(NewInputNmField, Keys.chord(ENTER)): Keys 'ENTER + ' sent to object: 'Object Repository/Objects.HighlightElements/input_field_index'

2020-05-27 12:42:06 - [MESSAGE][PASSED] - Keys 'ENTER + ' sent to object: 'Object Repository/Objects.HighlightElements/input_field_index'

2020-05-27 12:42:06 - [TEST_STEP][PASSED] - ComboBoxValue = getAttribute(NewInputNmField, "value"): Attribute 'value' of object 'Object Repository/Objects.HighlightElements/input_field_index' is: 'Chua Bee Tee (BEETEE)'

2020-05-27 12:42:07 - [MESSAGE][PASSED] - Attribute 'value' of object 'Object Repository/Objects.HighlightElements/input_field_index' is: 'Chua Bee Tee (BEETEE)'

2020-05-27 12:42:07 - [TEST_STEP][PASSED] - callTestCase(findTestCase(CallTCName), ["FindValue":ComboBoxValue, "DropdownNm":comboNm], STOP_ON_FAILURE): Call Test Case 'Test Cases/PFI Precision and Scale/PFI Components/OfficerLists' successfully

2020-05-27 12:42:07 - [TEST_CASE][PASSED] - Test Cases/PFI Precision and Scale/PFI Components/OfficerLists: Test Cases/PFI Precision and Scale/PFI Components/OfficerLists

2020-05-27 12:42:07 - [TEST_STEP][PASSED] - Thread.sleep(1000): null

2020-05-27 12:42:08 - [TEST_STEP][PASSED] - OfficerLists = [1:"Aaron Sham Wai Lun (AARON)", 2:"Azidah Bte Akmad (Mdm) (USAABD)", 3:"Chung Fong Nyen (USACFN)", 4:"David Tey Dah Wei (DAHWEI)", ... ]: null

2020-05-27 12:42:08 - [TEST_STEP][PASSED] - ValueFound = OfficerLists.find({ -> ... }): null

2020-05-27 12:42:08 - [MESSAGE][PASSED] - Call Test Case 'Test Cases/PFI Precision and Scale/PFI Components/OfficerLists' successfully

2020-05-27 12:42:08 - [TEST_STEP][PASSED] - println(ValueFound): null

2020-05-27 12:42:08 - [TEST_STEP][PASSED] - sendKeys(NewInputNmField, Keys.chord(ARROW_DOWN)): Keys 'DOWN + ' sent to object: 'Object Repository/Objects.HighlightElements/input_field_index'

2020-05-27 12:42:08 - [MESSAGE][PASSED] - Keys 'DOWN + ' sent to object: 'Object Repository/Objects.HighlightElements/input_field_index'

2020-05-27 12:42:08 - [TEST_STEP][PASSED] - sendKeys(NewInputNmField, Keys.chord(ARROW_DOWN)): Keys 'DOWN + ' sent to object: 'Object Repository/Objects.HighlightElements/input_field_index'

2020-05-27 12:42:09 - [MESSAGE][PASSED] - Keys 'DOWN + ' sent to object: 'Object Repository/Objects.HighlightElements/input_field_index'

2020-05-27 12:42:09 - [TEST_STEP][PASSED] - delay(DelayTime): Delayed 5 second(s)

2020-05-27 12:42:14 - [MESSAGE][PASSED] - Delayed 5 second(s)

2020-05-27 12:42:14 - [TEST_STEP][PASSED] - sendKeys(NewInputNmField, Keys.chord(ENTER)): Keys 'ENTER + ' sent to object: 'Object Repository/Objects.HighlightElements/input_field_index'

2020-05-27 12:42:14 - [MESSAGE][PASSED] - Keys 'ENTER + ' sent to object: 'Object Repository/Objects.HighlightElements/input_field_index'

2020-05-27 12:42:14 - [TEST_STEP][PASSED] - ComboBoxValue = getAttribute(NewInputNmField, "value"): Attribute 'value' of object 'Object Repository/Objects.HighlightElements/input_field_index' is: 'Chung Fong Nyen (USACFN)'

2020-05-27 12:42:14 - [MESSAGE][PASSED] - Attribute 'value' of object 'Object Repository/Objects.HighlightElements/input_field_index' is: 'Chung Fong Nyen (USACFN)'

2020-05-27 12:42:14 - [TEST_STEP][PASSED] - callTestCase(findTestCase(CallTCName), ["FindValue":ComboBoxValue, "DropdownNm":comboNm], STOP_ON_FAILURE): Call Test Case 'Test Cases/PFI Precision and Scale/PFI Components/OfficerLists' successfully

2020-05-27 12:42:15 - [TEST_CASE][PASSED] - Test Cases/PFI Precision and Scale/PFI Components/OfficerLists: Test Cases/PFI Precision and Scale/PFI Components/OfficerLists

2020-05-27 12:42:15 - [TEST_STEP][PASSED] - Thread.sleep(1000): null

2020-05-27 12:42:16 - [TEST_STEP][PASSED] - OfficerLists = [1:"Aaron Sham Wai Lun (AARON)", 2:"Azidah Bte Akmad (Mdm) (USAABD)", 3:"Chung Fong Nyen (USACFN)", 4:"David Tey Dah Wei (DAHWEI)", ... ]: null

2020-05-27 12:42:16 - [TEST_STEP][PASSED] - ValueFound = OfficerLists.find({ -> ... }): null

2020-05-27 12:42:16 - [MESSAGE][PASSED] - Call Test Case 'Test Cases/PFI Precision and Scale/PFI Components/OfficerLists' successfully

2020-05-27 12:42:16 - [TEST_STEP][PASSED] - println(ValueFound): null

2020-05-27 12:42:16 - [TEST_STEP][PASSED] - sendKeys(NewInputNmField, Keys.chord(ARROW_DOWN)): Keys 'DOWN + ' sent to object: 'Object Repository/Objects.HighlightElements/input_field_index'

2020-05-27 12:42:16 - [MESSAGE][PASSED] - Keys 'DOWN + ' sent to object: 'Object Repository/Objects.HighlightElements/input_field_index'

2020-05-27 12:42:16 - [TEST_STEP][PASSED] - sendKeys(NewInputNmField, Keys.chord(ARROW_DOWN)): Keys 'DOWN + ' sent to object: 'Object Repository/Objects.HighlightElements/input_field_index'

2020-05-27 12:42:16 - [MESSAGE][PASSED] - Keys 'DOWN + ' sent to object: 'Object Repository/Objects.HighlightElements/input_field_index'

2020-05-27 12:42:16 - [TEST_STEP][PASSED] - delay(DelayTime): Delayed 5 second(s)

2020-05-27 12:42:21 - [MESSAGE][PASSED] - Delayed 5 second(s)

2020-05-27 12:42:21 - [TEST_STEP][PASSED] - sendKeys(NewInputNmField, Keys.chord(ENTER)): Keys 'ENTER + ' sent to object: 'Object Repository/Objects.HighlightElements/input_field_index'

2020-05-27 12:42:22 - [MESSAGE][PASSED] - Keys 'ENTER + ' sent to object: 'Object Repository/Objects.HighlightElements/input_field_index'

2020-05-27 12:42:22 - [TEST_STEP][PASSED] - ComboBoxValue = getAttribute(NewInputNmField, "value"): Attribute 'value' of object 'Object Repository/Objects.HighlightElements/input_field_index' is: 'David Tey Dah Wei (DAHWEI)'

2020-05-27 12:42:22 - [MESSAGE][PASSED] - Attribute 'value' of object 'Object Repository/Objects.HighlightElements/input_field_index' is: 'David Tey Dah Wei (DAHWEI)'

2020-05-27 12:42:22 - [TEST_STEP][PASSED] - callTestCase(findTestCase(CallTCName), ["FindValue":ComboBoxValue, "DropdownNm":comboNm], STOP_ON_FAILURE): Call Test Case 'Test Cases/PFI Precision and Scale/PFI Components/OfficerLists' successfully

2020-05-27 12:42:22 - [TEST_CASE][PASSED] - Test Cases/PFI Precision and Scale/PFI Components/OfficerLists: Test Cases/PFI Precision and Scale/PFI Components/OfficerLists

2020-05-27 12:42:22 - [TEST_STEP][PASSED] - Thread.sleep(1000): null

2020-05-27 12:42:23 - [TEST_STEP][PASSED] - OfficerLists = [1:"Aaron Sham Wai Lun (AARON)", 2:"Azidah Bte Akmad (Mdm) (USAABD)", 3:"Chung Fong Nyen (USACFN)", 4:"David Tey Dah Wei (DAHWEI)", ... ]: null

2020-05-27 12:42:23 - [TEST_STEP][PASSED] - ValueFound = OfficerLists.find({ -> ... }): null

2020-05-27 12:42:23 - [MESSAGE][PASSED] - Call Test Case 'Test Cases/PFI Precision and Scale/PFI Components/OfficerLists' successfully

2020-05-27 12:42:23 - [TEST_STEP][PASSED] - println(ValueFound): null

2020-05-27 12:42:23 - [TEST_STEP][PASSED] - sendKeys(NewInputNmField, Keys.chord(ARROW_DOWN)): Keys 'DOWN + ' sent to object: 'Object Repository/Objects.HighlightElements/input_field_index'

2020-05-27 12:42:24 - [MESSAGE][PASSED] - Keys 'DOWN + ' sent to object: 'Object Repository/Objects.HighlightElements/input_field_index'

2020-05-27 12:42:24 - [TEST_STEP][PASSED] - sendKeys(NewInputNmField, Keys.chord(ARROW_DOWN)): Keys 'DOWN + ' sent to object: 'Object Repository/Objects.HighlightElements/input_field_index'

2020-05-27 12:42:24 - [MESSAGE][PASSED] - Keys 'DOWN + ' sent to object: 'Object Repository/Objects.HighlightElements/input_field_index'

2020-05-27 12:42:24 - [TEST_STEP][PASSED] - delay(DelayTime): Delayed 5 second(s)

2020-05-27 12:42:29 - [MESSAGE][PASSED] - Delayed 5 second(s)

2020-05-27 12:42:29 - [TEST_STEP][PASSED] - sendKeys(NewInputNmField, Keys.chord(ENTER)): Keys 'ENTER + ' sent to object: 'Object Repository/Objects.HighlightElements/input_field_index'

2020-05-27 12:42:31 - [MESSAGE][PASSED] - Keys 'ENTER + ' sent to object: 'Object Repository/Objects.HighlightElements/input_field_index'

2020-05-27 12:42:31 - [TEST_STEP][PASSED] - ComboBoxValue = getAttribute(NewInputNmField, "value"): Attribute 'value' of object 'Object Repository/Objects.HighlightElements/input_field_index' is: 'Han Wann Kuang (WANNKUANG)'

2020-05-27 12:42:32 - [MESSAGE][PASSED] - Attribute 'value' of object 'Object Repository/Objects.HighlightElements/input_field_index' is: 'Han Wann Kuang (WANNKUANG)'

2020-05-27 12:42:32 - [TEST_STEP][PASSED] - callTestCase(findTestCase(CallTCName), ["FindValue":ComboBoxValue, "DropdownNm":comboNm], STOP_ON_FAILURE): Call Test Case 'Test Cases/PFI Precision and Scale/PFI Components/OfficerLists' successfully

2020-05-27 12:42:32 - [TEST_CASE][PASSED] - Test Cases/PFI Precision and Scale/PFI Components/OfficerLists: Test Cases/PFI Precision and Scale/PFI Components/OfficerLists

2020-05-27 12:42:32 - [TEST_STEP][PASSED] - Thread.sleep(1000): null

2020-05-27 12:42:33 - [TEST_STEP][PASSED] - OfficerLists = [1:"Aaron Sham Wai Lun (AARON)", 2:"Azidah Bte Akmad (Mdm) (USAABD)", 3:"Chung Fong Nyen (USACFN)", 4:"David Tey Dah Wei (DAHWEI)", ... ]: null

2020-05-27 12:42:33 - [TEST_STEP][PASSED] - ValueFound = OfficerLists.find({ -> ... }): null

2020-05-27 12:42:33 - [MESSAGE][PASSED] - Call Test Case 'Test Cases/PFI Precision and Scale/PFI Components/OfficerLists' successfully

2020-05-27 12:42:33 - [TEST_STEP][PASSED] - println(ValueFound): null

2020-05-27 12:42:33 - [TEST_STEP][PASSED] - sendKeys(NewInputNmField, Keys.chord(ARROW_DOWN)): Keys 'DOWN + ' sent to object: 'Object Repository/Objects.HighlightElements/input_field_index'

2020-05-27 12:42:33 - [MESSAGE][PASSED] - Keys 'DOWN + ' sent to object: 'Object Repository/Objects.HighlightElements/input_field_index'

2020-05-27 12:42:33 - [TEST_STEP][PASSED] - sendKeys(NewInputNmField, Keys.chord(ARROW_DOWN)): Keys 'DOWN + ' sent to object: 'Object Repository/Objects.HighlightElements/input_field_index'

2020-05-27 12:42:34 - [MESSAGE][PASSED] - Keys 'DOWN + ' sent to object: 'Object Repository/Objects.HighlightElements/input_field_index'

2020-05-27 12:42:34 - [TEST_STEP][PASSED] - delay(DelayTime): Delayed 5 second(s)

2020-05-27 12:42:39 - [MESSAGE][PASSED] - Delayed 5 second(s)

2020-05-27 12:42:39 - [TEST_STEP][PASSED] - sendKeys(NewInputNmField, Keys.chord(ENTER)): Keys 'ENTER + ' sent to object: 'Object Repository/Objects.HighlightElements/input_field_index'

2020-05-27 12:42:39 - [MESSAGE][PASSED] - Keys 'ENTER + ' sent to object: 'Object Repository/Objects.HighlightElements/input_field_index'

2020-05-27 12:42:39 - [TEST_STEP][PASSED] - ComboBoxValue = getAttribute(NewInputNmField, "value"): Attribute 'value' of object 'Object Repository/Objects.HighlightElements/input_field_index' is: 'Ho Tze Siang (TZESIANG)'

2020-05-27 12:42:39 - [MESSAGE][PASSED] - Attribute 'value' of object 'Object Repository/Objects.HighlightElements/input_field_index' is: 'Ho Tze Siang (TZESIANG)'

2020-05-27 12:42:39 - [TEST_STEP][PASSED] - callTestCase(findTestCase(CallTCName), ["FindValue":ComboBoxValue, "DropdownNm":comboNm], STOP_ON_FAILURE): Call Test Case 'Test Cases/PFI Precision and Scale/PFI Components/OfficerLists' successfully

2020-05-27 12:42:39 - [TEST_CASE][PASSED] - Test Cases/PFI Precision and Scale/PFI Components/OfficerLists: Test Cases/PFI Precision and Scale/PFI Components/OfficerLists

2020-05-27 12:42:39 - [TEST_STEP][PASSED] - Thread.sleep(1000): null

2020-05-27 12:42:40 - [TEST_STEP][PASSED] - OfficerLists = [1:"Aaron Sham Wai Lun (AARON)", 2:"Azidah Bte Akmad (Mdm) (USAABD)", 3:"Chung Fong Nyen (USACFN)", 4:"David Tey Dah Wei (DAHWEI)", ... ]: null

2020-05-27 12:42:40 - [TEST_STEP][PASSED] - ValueFound = OfficerLists.find({ -> ... }): null

2020-05-27 12:42:40 - [MESSAGE][PASSED] - Call Test Case 'Test Cases/PFI Precision and Scale/PFI Components/OfficerLists' successfully

2020-05-27 12:42:40 - [TEST_STEP][PASSED] - println(ValueFound): null

2020-05-27 12:42:40 - [TEST_STEP][PASSED] - sendKeys(NewInputNmField, Keys.chord(ARROW_DOWN)): Keys 'DOWN + ' sent to object: 'Object Repository/Objects.HighlightElements/input_field_index'

2020-05-27 12:42:41 - [MESSAGE][PASSED] - Keys 'DOWN + ' sent to object: 'Object Repository/Objects.HighlightElements/input_field_index'

2020-05-27 12:42:41 - [TEST_STEP][PASSED] - sendKeys(NewInputNmField, Keys.chord(ARROW_DOWN)): Keys 'DOWN + ' sent to object: 'Object Repository/Objects.HighlightElements/input_field_index'

2020-05-27 12:42:41 - [MESSAGE][PASSED] - Keys 'DOWN + ' sent to object: 'Object Repository/Objects.HighlightElements/input_field_index'

2020-05-27 12:42:41 - [TEST_STEP][PASSED] - delay(DelayTime): Delayed 5 second(s)

2020-05-27 12:42:46 - [MESSAGE][PASSED] - Delayed 5 second(s)

2020-05-27 12:42:46 - [TEST_STEP][PASSED] - sendKeys(NewInputNmField, Keys.chord(ENTER)): Keys 'ENTER + ' sent to object: 'Object Repository/Objects.HighlightElements/input_field_index'

2020-05-27 12:42:47 - [MESSAGE][PASSED] - Keys 'ENTER + ' sent to object: 'Object Repository/Objects.HighlightElements/input_field_index'

2020-05-27 12:42:47 - [TEST_STEP][PASSED] - ComboBoxValue = getAttribute(NewInputNmField, "value"): Attribute 'value' of object 'Object Repository/Objects.HighlightElements/input_field_index' is: 'Ho-Chan Vun Ching (USAHVC)'

2020-05-27 12:42:47 - [MESSAGE][PASSED] - Attribute 'value' of object 'Object Repository/Objects.HighlightElements/input_field_index' is: 'Ho-Chan Vun Ching (USAHVC)'

2020-05-27 12:42:47 - [TEST_STEP][PASSED] - callTestCase(findTestCase(CallTCName), ["FindValue":ComboBoxValue, "DropdownNm":comboNm], STOP_ON_FAILURE): Call Test Case 'Test Cases/PFI Precision and Scale/PFI Components/OfficerLists' successfully

2020-05-27 12:42:47 - [TEST_CASE][PASSED] - Test Cases/PFI Precision and Scale/PFI Components/OfficerLists: Test Cases/PFI Precision and Scale/PFI Components/OfficerLists

2020-05-27 12:42:47 - [TEST_STEP][PASSED] - Thread.sleep(1000): null

2020-05-27 12:42:48 - [TEST_STEP][PASSED] - OfficerLists = [1:"Aaron Sham Wai Lun (AARON)", 2:"Azidah Bte Akmad (Mdm) (USAABD)", 3:"Chung Fong Nyen (USACFN)", 4:"David Tey Dah Wei (DAHWEI)", ... ]: null

2020-05-27 12:42:48 - [TEST_STEP][PASSED] - ValueFound = OfficerLists.find({ -> ... }): null

2020-05-27 12:42:48 - [MESSAGE][PASSED] - Call Test Case 'Test Cases/PFI Precision and Scale/PFI Components/OfficerLists' successfully

2020-05-27 12:42:48 - [TEST_STEP][PASSED] - println(ValueFound): null

2020-05-27 12:42:48 - [TEST_STEP][PASSED] - sendKeys(NewInputNmField, Keys.chord(ARROW_DOWN)): Keys 'DOWN + ' sent to object: 'Object Repository/Objects.HighlightElements/input_field_index'

2020-05-27 12:42:48 - [MESSAGE][PASSED] - Keys 'DOWN + ' sent to object: 'Object Repository/Objects.HighlightElements/input_field_index'

2020-05-27 12:42:48 - [TEST_STEP][PASSED] - sendKeys(NewInputNmField, Keys.chord(ARROW_DOWN)): Keys 'DOWN + ' sent to object: 'Object Repository/Objects.HighlightElements/input_field_index'

2020-05-27 12:42:49 - [MESSAGE][PASSED] - Keys 'DOWN + ' sent to object: 'Object Repository/Objects.HighlightElements/input_field_index'

2020-05-27 12:42:49 - [TEST_STEP][PASSED] - delay(DelayTime): Delayed 5 second(s)

2020-05-27 12:42:54 - [MESSAGE][PASSED] - Delayed 5 second(s)

2020-05-27 12:42:54 - [TEST_STEP][PASSED] - sendKeys(NewInputNmField, Keys.chord(ENTER)): Keys 'ENTER + ' sent to object: 'Object Repository/Objects.HighlightElements/input_field_index'

2020-05-27 12:42:54 - [MESSAGE][PASSED] - Keys 'ENTER + ' sent to object: 'Object Repository/Objects.HighlightElements/input_field_index'

2020-05-27 12:42:54 - [TEST_STEP][PASSED] - ComboBoxValue = getAttribute(NewInputNmField, "value"): Attribute 'value' of object 'Object Repository/Objects.HighlightElements/input_field_index' is: 'Janet Lee Choon Hong (JANETCHOON)'

2020-05-27 12:42:55 - [MESSAGE][PASSED] - Attribute 'value' of object 'Object Repository/Objects.HighlightElements/input_field_index' is: 'Janet Lee Choon Hong (JANETCHOON)'

2020-05-27 12:42:55 - [TEST_STEP][PASSED] - callTestCase(findTestCase(CallTCName), ["FindValue":ComboBoxValue, "DropdownNm":comboNm], STOP_ON_FAILURE): Call Test Case 'Test Cases/PFI Precision and Scale/PFI Components/OfficerLists' successfully

2020-05-27 12:42:55 - [TEST_CASE][PASSED] - Test Cases/PFI Precision and Scale/PFI Components/OfficerLists: Test Cases/PFI Precision and Scale/PFI Components/OfficerLists

2020-05-27 12:42:55 - [TEST_STEP][PASSED] - Thread.sleep(1000): null

2020-05-27 12:42:56 - [TEST_STEP][PASSED] - OfficerLists = [1:"Aaron Sham Wai Lun (AARON)", 2:"Azidah Bte Akmad (Mdm) (USAABD)", 3:"Chung Fong Nyen (USACFN)", 4:"David Tey Dah Wei (DAHWEI)", ... ]: null

2020-05-27 12:42:56 - [TEST_STEP][PASSED] - ValueFound = OfficerLists.find({ -> ... }): null

2020-05-27 12:42:56 - [MESSAGE][PASSED] - Call Test Case 'Test Cases/PFI Precision and Scale/PFI Components/OfficerLists' successfully

2020-05-27 12:42:56 - [TEST_STEP][PASSED] - println(ValueFound): null

2020-05-27 12:42:56 - [TEST_STEP][PASSED] - sendKeys(NewInputNmField, Keys.chord(ARROW_DOWN)): Keys 'DOWN + ' sent to object: 'Object Repository/Objects.HighlightElements/input_field_index'

2020-05-27 12:42:56 - [MESSAGE][PASSED] - Keys 'DOWN + ' sent to object: 'Object Repository/Objects.HighlightElements/input_field_index'

2020-05-27 12:42:56 - [TEST_STEP][PASSED] - sendKeys(NewInputNmField, Keys.chord(ARROW_DOWN)): Keys 'DOWN + ' sent to object: 'Object Repository/Objects.HighlightElements/input_field_index'

2020-05-27 12:42:57 - [MESSAGE][PASSED] - Keys 'DOWN + ' sent to object: 'Object Repository/Objects.HighlightElements/input_field_index'

2020-05-27 12:42:57 - [TEST_STEP][PASSED] - delay(DelayTime): Delayed 5 second(s)

2020-05-27 12:43:02 - [MESSAGE][PASSED] - Delayed 5 second(s)

2020-05-27 12:43:02 - [TEST_STEP][PASSED] - sendKeys(NewInputNmField, Keys.chord(ENTER)): Keys 'ENTER + ' sent to object: 'Object Repository/Objects.HighlightElements/input_field_index'

2020-05-27 12:43:02 - [MESSAGE][PASSED] - Keys 'ENTER + ' sent to object: 'Object Repository/Objects.HighlightElements/input_field_index'

2020-05-27 12:43:02 - [TEST_STEP][PASSED] - ComboBoxValue = getAttribute(NewInputNmField, "value"): Attribute 'value' of object 'Object Repository/Objects.HighlightElements/input_field_index' is: 'Joseph Lim Pheng Weng (PHENGWENG)'

2020-05-27 12:43:02 - [MESSAGE][PASSED] - Attribute 'value' of object 'Object Repository/Objects.HighlightElements/input_field_index' is: 'Joseph Lim Pheng Weng (PHENGWENG)'

2020-05-27 12:43:02 - [TEST_STEP][PASSED] - callTestCase(findTestCase(CallTCName), ["FindValue":ComboBoxValue, "DropdownNm":comboNm], STOP_ON_FAILURE): Call Test Case 'Test Cases/PFI Precision and Scale/PFI Components/OfficerLists' successfully

2020-05-27 12:43:02 - [TEST_CASE][PASSED] - Test Cases/PFI Precision and Scale/PFI Components/OfficerLists: Test Cases/PFI Precision and Scale/PFI Components/OfficerLists

2020-05-27 12:43:02 - [TEST_STEP][PASSED] - Thread.sleep(1000): null

2020-05-27 12:43:03 - [TEST_STEP][PASSED] - OfficerLists = [1:"Aaron Sham Wai Lun (AARON)", 2:"Azidah Bte Akmad (Mdm) (USAABD)", 3:"Chung Fong Nyen (USACFN)", 4:"David Tey Dah Wei (DAHWEI)", ... ]: null

2020-05-27 12:43:03 - [TEST_STEP][PASSED] - ValueFound = OfficerLists.find({ -> ... }): null

2020-05-27 12:43:03 - [MESSAGE][PASSED] - Call Test Case 'Test Cases/PFI Precision and Scale/PFI Components/OfficerLists' successfully

2020-05-27 12:43:03 - [TEST_STEP][PASSED] - println(ValueFound): null

2020-05-27 12:43:03 - [TEST_STEP][PASSED] - sendKeys(NewInputNmField, Keys.chord(ARROW_DOWN)): Keys 'DOWN + ' sent to object: 'Object Repository/Objects.HighlightElements/input_field_index'

2020-05-27 12:43:04 - [MESSAGE][PASSED] - Keys 'DOWN + ' sent to object: 'Object Repository/Objects.HighlightElements/input_field_index'

2020-05-27 12:43:04 - [TEST_STEP][PASSED] - sendKeys(NewInputNmField, Keys.chord(ARROW_DOWN)): Keys 'DOWN + ' sent to object: 'Object Repository/Objects.HighlightElements/input_field_index'

2020-05-27 12:43:04 - [MESSAGE][PASSED] - Keys 'DOWN + ' sent to object: 'Object Repository/Objects.HighlightElements/input_field_index'

2020-05-27 12:43:04 - [TEST_STEP][PASSED] - delay(DelayTime): Delayed 5 second(s)

2020-05-27 12:43:09 - [MESSAGE][PASSED] - Delayed 5 second(s)

2020-05-27 12:43:09 - [TEST_STEP][PASSED] - sendKeys(NewInputNmField, Keys.chord(ENTER)): Keys 'ENTER + ' sent to object: 'Object Repository/Objects.HighlightElements/input_field_index'

2020-05-27 12:43:10 - [MESSAGE][PASSED] - Keys 'ENTER + ' sent to object: 'Object Repository/Objects.HighlightElements/input_field_index'

2020-05-27 12:43:10 - [TEST_STEP][PASSED] - ComboBoxValue = getAttribute(NewInputNmField, "value"): Attribute 'value' of object 'Object Repository/Objects.HighlightElements/input_field_index' is: 'Kaliannan Thanabal (KALIANN)'

2020-05-27 12:43:10 - [MESSAGE][PASSED] - Attribute 'value' of object 'Object Repository/Objects.HighlightElements/input_field_index' is: 'Kaliannan Thanabal (KALIANN)'

2020-05-27 12:43:10 - [TEST_STEP][PASSED] - callTestCase(findTestCase(CallTCName), ["FindValue":ComboBoxValue, "DropdownNm":comboNm], STOP_ON_FAILURE): Call Test Case 'Test Cases/PFI Precision and Scale/PFI Components/OfficerLists' successfully

2020-05-27 12:43:10 - [TEST_CASE][PASSED] - Test Cases/PFI Precision and Scale/PFI Components/OfficerLists: Test Cases/PFI Precision and Scale/PFI Components/OfficerLists

2020-05-27 12:43:10 - [TEST_STEP][PASSED] - Thread.sleep(1000): null

2020-05-27 12:43:11 - [TEST_STEP][PASSED] - OfficerLists = [1:"Aaron Sham Wai Lun (AARON)", 2:"Azidah Bte Akmad (Mdm) (USAABD)", 3:"Chung Fong Nyen (USACFN)", 4:"David Tey Dah Wei (DAHWEI)", ... ]: null

2020-05-27 12:43:11 - [TEST_STEP][PASSED] - ValueFound = OfficerLists.find({ -> ... }): null

2020-05-27 12:43:11 - [MESSAGE][PASSED] - Call Test Case 'Test Cases/PFI Precision and Scale/PFI Components/OfficerLists' successfully

2020-05-27 12:43:11 - [TEST_STEP][PASSED] - println(ValueFound): null

2020-05-27 12:43:11 - [TEST_STEP][PASSED] - sendKeys(NewInputNmField, Keys.chord(ARROW_DOWN)): Keys 'DOWN + ' sent to object: 'Object Repository/Objects.HighlightElements/input_field_index'

2020-05-27 12:43:11 - [MESSAGE][PASSED] - Keys 'DOWN + ' sent to object: 'Object Repository/Objects.HighlightElements/input_field_index'

2020-05-27 12:43:11 - [TEST_STEP][PASSED] - sendKeys(NewInputNmField, Keys.chord(ARROW_DOWN)): Keys 'DOWN + ' sent to object: 'Object Repository/Objects.HighlightElements/input_field_index'

2020-05-27 12:43:12 - [MESSAGE][PASSED] - Keys 'DOWN + ' sent to object: 'Object Repository/Objects.HighlightElements/input_field_index'

2020-05-27 12:43:12 - [TEST_STEP][PASSED] - delay(DelayTime): Delayed 5 second(s)

2020-05-27 12:43:17 - [MESSAGE][PASSED] - Delayed 5 second(s)

2020-05-27 12:43:17 - [TEST_STEP][PASSED] - sendKeys(NewInputNmField, Keys.chord(ENTER)): Keys 'ENTER + ' sent to object: 'Object Repository/Objects.HighlightElements/input_field_index'

2020-05-27 12:43:17 - [MESSAGE][PASSED] - Keys 'ENTER + ' sent to object: 'Object Repository/Objects.HighlightElements/input_field_index'

2020-05-27 12:43:17 - [TEST_STEP][PASSED] - ComboBoxValue = getAttribute(NewInputNmField, "value"): Attribute 'value' of object 'Object Repository/Objects.HighlightElements/input_field_index' is: 'Kelvin Phua Meng Thong (MENGTHONG)'

2020-05-27 12:43:18 - [MESSAGE][PASSED] - Attribute 'value' of object 'Object Repository/Objects.HighlightElements/input_field_index' is: 'Kelvin Phua Meng Thong (MENGTHONG)'

2020-05-27 12:43:18 - [TEST_STEP][PASSED] - callTestCase(findTestCase(CallTCName), ["FindValue":ComboBoxValue, "DropdownNm":comboNm], STOP_ON_FAILURE): Call Test Case 'Test Cases/PFI Precision and Scale/PFI Components/OfficerLists' successfully

2020-05-27 12:43:18 - [TEST_CASE][PASSED] - Test Cases/PFI Precision and Scale/PFI Components/OfficerLists: Test Cases/PFI Precision and Scale/PFI Components/OfficerLists

2020-05-27 12:43:18 - [TEST_STEP][PASSED] - Thread.sleep(1000): null

2020-05-27 12:43:19 - [TEST_STEP][PASSED] - OfficerLists = [1:"Aaron Sham Wai Lun (AARON)", 2:"Azidah Bte Akmad (Mdm) (USAABD)", 3:"Chung Fong Nyen (USACFN)", 4:"David Tey Dah Wei (DAHWEI)", ... ]: null

2020-05-27 12:43:19 - [TEST_STEP][PASSED] - ValueFound = OfficerLists.find({ -> ... }): null

2020-05-27 12:43:19 - [MESSAGE][PASSED] - Call Test Case 'Test Cases/PFI Precision and Scale/PFI Components/OfficerLists' successfully

2020-05-27 12:43:19 - [TEST_STEP][PASSED] - println(ValueFound): null

2020-05-27 12:43:19 - [TEST_STEP][PASSED] - sendKeys(NewInputNmField, Keys.chord(ARROW_DOWN)): Keys 'DOWN + ' sent to object: 'Object Repository/Objects.HighlightElements/input_field_index'

2020-05-27 12:43:19 - [MESSAGE][PASSED] - Keys 'DOWN + ' sent to object: 'Object Repository/Objects.HighlightElements/input_field_index'

2020-05-27 12:43:19 - [TEST_STEP][PASSED] - sendKeys(NewInputNmField, Keys.chord(ARROW_DOWN)): Keys 'DOWN + ' sent to object: 'Object Repository/Objects.HighlightElements/input_field_index'

2020-05-27 12:43:19 - [MESSAGE][PASSED] - Keys 'DOWN + ' sent to object: 'Object Repository/Objects.HighlightElements/input_field_index'

2020-05-27 12:43:19 - [TEST_STEP][PASSED] - delay(DelayTime): Delayed 5 second(s)

2020-05-27 12:43:24 - [MESSAGE][PASSED] - Delayed 5 second(s)

2020-05-27 12:43:24 - [TEST_STEP][PASSED] - sendKeys(NewInputNmField, Keys.chord(ENTER)): Keys 'ENTER + ' sent to object: 'Object Repository/Objects.HighlightElements/input_field_index'

2020-05-27 12:43:25 - [MESSAGE][PASSED] - Keys 'ENTER + ' sent to object: 'Object Repository/Objects.HighlightElements/input_field_index'

2020-05-27 12:43:25 - [TEST_STEP][PASSED] - ComboBoxValue = getAttribute(NewInputNmField, "value"): Attribute 'value' of object 'Object Repository/Objects.HighlightElements/input_field_index' is: 'Lee Kok Tien (USAKTL)'

2020-05-27 12:43:25 - [MESSAGE][PASSED] - Attribute 'value' of object 'Object Repository/Objects.HighlightElements/input_field_index' is: 'Lee Kok Tien (USAKTL)'

2020-05-27 12:43:25 - [TEST_STEP][PASSED] - callTestCase(findTestCase(CallTCName), ["FindValue":ComboBoxValue, "DropdownNm":comboNm], STOP_ON_FAILURE): Call Test Case 'Test Cases/PFI Precision and Scale/PFI Components/OfficerLists' successfully

2020-05-27 12:43:25 - [TEST_CASE][PASSED] - Test Cases/PFI Precision and Scale/PFI Components/OfficerLists: Test Cases/PFI Precision and Scale/PFI Components/OfficerLists

2020-05-27 12:43:25 - [TEST_STEP][PASSED] - Thread.sleep(1000): null

2020-05-27 12:43:26 - [TEST_STEP][PASSED] - OfficerLists = [1:"Aaron Sham Wai Lun (AARON)", 2:"Azidah Bte Akmad (Mdm) (USAABD)", 3:"Chung Fong Nyen (USACFN)", 4:"David Tey Dah Wei (DAHWEI)", ... ]: null

2020-05-27 12:43:26 - [TEST_STEP][PASSED] - ValueFound = OfficerLists.find({ -> ... }): null

2020-05-27 12:43:26 - [MESSAGE][PASSED] - Call Test Case 'Test Cases/PFI Precision and Scale/PFI Components/OfficerLists' successfully

2020-05-27 12:43:26 - [TEST_STEP][PASSED] - println(ValueFound): null

2020-05-27 12:43:26 - [TEST_STEP][PASSED] - sendKeys(NewInputNmField, Keys.chord(ARROW_DOWN)): Keys 'DOWN + ' sent to object: 'Object Repository/Objects.HighlightElements/input_field_index'

2020-05-27 12:43:27 - [MESSAGE][PASSED] - Keys 'DOWN + ' sent to object: 'Object Repository/Objects.HighlightElements/input_field_index'

2020-05-27 12:43:27 - [TEST_STEP][PASSED] - sendKeys(NewInputNmField, Keys.chord(ARROW_DOWN)): Keys 'DOWN + ' sent to object: 'Object Repository/Objects.HighlightElements/input_field_index'

2020-05-27 12:43:27 - [MESSAGE][PASSED] - Keys 'DOWN + ' sent to object: 'Object Repository/Objects.HighlightElements/input_field_index'

2020-05-27 12:43:27 - [TEST_STEP][PASSED] - delay(DelayTime): Delayed 5 second(s)

2020-05-27 12:43:32 - [MESSAGE][PASSED] - Delayed 5 second(s)

2020-05-27 12:43:32 - [TEST_STEP][PASSED] - sendKeys(NewInputNmField, Keys.chord(ENTER)): Keys 'ENTER + ' sent to object: 'Object Repository/Objects.HighlightElements/input_field_index'

2020-05-27 12:43:32 - [MESSAGE][PASSED] - Keys 'ENTER + ' sent to object: 'Object Repository/Objects.HighlightElements/input_field_index'

2020-05-27 12:43:32 - [TEST_STEP][PASSED] - ComboBoxValue = getAttribute(NewInputNmField, "value"): Attribute 'value' of object 'Object Repository/Objects.HighlightElements/input_field_index' is: 'Lim Beng Kwee (BENGKWEE)'

2020-05-27 12:43:33 - [MESSAGE][PASSED] - Attribute 'value' of object 'Object Repository/Objects.HighlightElements/input_field_index' is: 'Lim Beng Kwee (BENGKWEE)'

2020-05-27 12:43:33 - [TEST_STEP][PASSED] - callTestCase(findTestCase(CallTCName), ["FindValue":ComboBoxValue, "DropdownNm":comboNm], STOP_ON_FAILURE): Call Test Case 'Test Cases/PFI Precision and Scale/PFI Components/OfficerLists' successfully

2020-05-27 12:43:33 - [TEST_CASE][PASSED] - Test Cases/PFI Precision and Scale/PFI Components/OfficerLists: Test Cases/PFI Precision and Scale/PFI Components/OfficerLists

2020-05-27 12:43:33 - [TEST_STEP][PASSED] - Thread.sleep(1000): null

2020-05-27 12:43:34 - [TEST_STEP][PASSED] - OfficerLists = [1:"Aaron Sham Wai Lun (AARON)", 2:"Azidah Bte Akmad (Mdm) (USAABD)", 3:"Chung Fong Nyen (USACFN)", 4:"David Tey Dah Wei (DAHWEI)", ... ]: null

2020-05-27 12:43:34 - [TEST_STEP][PASSED] - ValueFound = OfficerLists.find({ -> ... }): null

2020-05-27 12:43:34 - [MESSAGE][PASSED] - Call Test Case 'Test Cases/PFI Precision and Scale/PFI Components/OfficerLists' successfully

2020-05-27 12:43:34 - [TEST_STEP][PASSED] - println(ValueFound): null

2020-05-27 12:43:34 - [TEST_STEP][PASSED] - sendKeys(NewInputNmField, Keys.chord(ARROW_DOWN)): Keys 'DOWN + ' sent to object: 'Object Repository/Objects.HighlightElements/input_field_index'

2020-05-27 12:43:34 - [MESSAGE][PASSED] - Keys 'DOWN + ' sent to object: 'Object Repository/Objects.HighlightElements/input_field_index'

2020-05-27 12:43:34 - [TEST_STEP][PASSED] - sendKeys(NewInputNmField, Keys.chord(ARROW_DOWN)): Keys 'DOWN + ' sent to object: 'Object Repository/Objects.HighlightElements/input_field_index'

2020-05-27 12:43:35 - [MESSAGE][PASSED] - Keys 'DOWN + ' sent to object: 'Object Repository/Objects.HighlightElements/input_field_index'

2020-05-27 12:43:35 - [TEST_STEP][PASSED] - delay(DelayTime): Delayed 5 second(s)

2020-05-27 12:43:40 - [MESSAGE][PASSED] - Delayed 5 second(s)

2020-05-27 12:43:40 - [TEST_STEP][PASSED] - sendKeys(NewInputNmField, Keys.chord(ENTER)): Keys 'ENTER + ' sent to object: 'Object Repository/Objects.HighlightElements/input_field_index'

2020-05-27 12:43:40 - [MESSAGE][PASSED] - Keys 'ENTER + ' sent to object: 'Object Repository/Objects.HighlightElements/input_field_index'

2020-05-27 12:43:40 - [TEST_STEP][PASSED] - ComboBoxValue = getAttribute(NewInputNmField, "value"): Attribute 'value' of object 'Object Repository/Objects.HighlightElements/input_field_index' is: 'Lim Leng Boon (LENGBOON)'

2020-05-27 12:43:41 - [MESSAGE][PASSED] - Attribute 'value' of object 'Object Repository/Objects.HighlightElements/input_field_index' is: 'Lim Leng Boon (LENGBOON)'

2020-05-27 12:43:41 - [TEST_STEP][PASSED] - callTestCase(findTestCase(CallTCName), ["FindValue":ComboBoxValue, "DropdownNm":comboNm], STOP_ON_FAILURE): Call Test Case 'Test Cases/PFI Precision and Scale/PFI Components/OfficerLists' successfully

2020-05-27 12:43:41 - [TEST_CASE][PASSED] - Test Cases/PFI Precision and Scale/PFI Components/OfficerLists: Test Cases/PFI Precision and Scale/PFI Components/OfficerLists

2020-05-27 12:43:41 - [TEST_STEP][PASSED] - Thread.sleep(1000): null

2020-05-27 12:43:42 - [TEST_STEP][PASSED] - OfficerLists = [1:"Aaron Sham Wai Lun (AARON)", 2:"Azidah Bte Akmad (Mdm) (USAABD)", 3:"Chung Fong Nyen (USACFN)", 4:"David Tey Dah Wei (DAHWEI)", ... ]: null

2020-05-27 12:43:42 - [TEST_STEP][PASSED] - ValueFound = OfficerLists.find({ -> ... }): null

2020-05-27 12:43:42 - [MESSAGE][PASSED] - Call Test Case 'Test Cases/PFI Precision and Scale/PFI Components/OfficerLists' successfully

2020-05-27 12:43:42 - [TEST_STEP][PASSED] - println(ValueFound): null

2020-05-27 12:43:42 - [TEST_STEP][PASSED] - sendKeys(NewInputNmField, Keys.chord(ARROW_DOWN)): Keys 'DOWN + ' sent to object: 'Object Repository/Objects.HighlightElements/input_field_index'

2020-05-27 12:43:42 - [MESSAGE][PASSED] - Keys 'DOWN + ' sent to object: 'Object Repository/Objects.HighlightElements/input_field_index'

2020-05-27 12:43:42 - [TEST_STEP][PASSED] - sendKeys(NewInputNmField, Keys.chord(ARROW_DOWN)): Keys 'DOWN + ' sent to object: 'Object Repository/Objects.HighlightElements/input_field_index'

2020-05-27 12:43:42 - [MESSAGE][PASSED] - Keys 'DOWN + ' sent to object: 'Object Repository/Objects.HighlightElements/input_field_index'

2020-05-27 12:43:42 - [TEST_STEP][PASSED] - delay(DelayTime): Delayed 5 second(s)

2020-05-27 12:43:47 - [MESSAGE][PASSED] - Delayed 5 second(s)

2020-05-27 12:43:47 - [TEST_STEP][PASSED] - sendKeys(NewInputNmField, Keys.chord(ENTER)): Keys 'ENTER + ' sent to object: 'Object Repository/Objects.HighlightElements/input_field_index'

2020-05-27 12:43:48 - [MESSAGE][PASSED] - Keys 'ENTER + ' sent to object: 'Object Repository/Objects.HighlightElements/input_field_index'

2020-05-27 12:43:48 - [TEST_STEP][PASSED] - ComboBoxValue = getAttribute(NewInputNmField, "value"): Attribute 'value' of object 'Object Repository/Objects.HighlightElements/input_field_index' is: 'Liu Xiaopeng (XIAOPENG)'

2020-05-27 12:43:48 - [MESSAGE][PASSED] - Attribute 'value' of object 'Object Repository/Objects.HighlightElements/input_field_index' is: 'Liu Xiaopeng (XIAOPENG)'

2020-05-27 12:43:48 - [TEST_STEP][PASSED] - callTestCase(findTestCase(CallTCName), ["FindValue":ComboBoxValue, "DropdownNm":comboNm], STOP_ON_FAILURE): Call Test Case 'Test Cases/PFI Precision and Scale/PFI Components/OfficerLists' successfully

2020-05-27 12:43:48 - [TEST_CASE][PASSED] - Test Cases/PFI Precision and Scale/PFI Components/OfficerLists: Test Cases/PFI Precision and Scale/PFI Components/OfficerLists

2020-05-27 12:43:48 - [TEST_STEP][PASSED] - Thread.sleep(1000): null

2020-05-27 12:43:49 - [TEST_STEP][PASSED] - OfficerLists = [1:"Aaron Sham Wai Lun (AARON)", 2:"Azidah Bte Akmad (Mdm) (USAABD)", 3:"Chung Fong Nyen (USACFN)", 4:"David Tey Dah Wei (DAHWEI)", ... ]: null

2020-05-27 12:43:49 - [TEST_STEP][PASSED] - ValueFound = OfficerLists.find({ -> ... }): null

2020-05-27 12:43:49 - [MESSAGE][PASSED] - Call Test Case 'Test Cases/PFI Precision and Scale/PFI Components/OfficerLists' successfully

2020-05-27 12:43:49 - [TEST_STEP][PASSED] - println(ValueFound): null

2020-05-27 12:43:49 - [TEST_STEP][PASSED] - sendKeys(NewInputNmField, Keys.chord(ARROW_DOWN)): Keys 'DOWN + ' sent to object: 'Object Repository/Objects.HighlightElements/input_field_index'

2020-05-27 12:43:50 - [MESSAGE][PASSED] - Keys 'DOWN + ' sent to object: 'Object Repository/Objects.HighlightElements/input_field_index'

2020-05-27 12:43:50 - [TEST_STEP][PASSED] - sendKeys(NewInputNmField, Keys.chord(ARROW_DOWN)): Keys 'DOWN + ' sent to object: 'Object Repository/Objects.HighlightElements/input_field_index'

2020-05-27 12:43:50 - [MESSAGE][PASSED] - Keys 'DOWN + ' sent to object: 'Object Repository/Objects.HighlightElements/input_field_index'

2020-05-27 12:43:50 - [TEST_STEP][PASSED] - delay(DelayTime): Delayed 5 second(s)

2020-05-27 12:43:55 - [MESSAGE][PASSED] - Delayed 5 second(s)

2020-05-27 12:43:55 - [TEST_STEP][PASSED] - sendKeys(NewInputNmField, Keys.chord(ENTER)): Keys 'ENTER + ' sent to object: 'Object Repository/Objects.HighlightElements/input_field_index'

2020-05-27 12:43:55 - [MESSAGE][PASSED] - Keys 'ENTER + ' sent to object: 'Object Repository/Objects.HighlightElements/input_field_index'

2020-05-27 12:43:55 - [TEST_STEP][PASSED] - ComboBoxValue = getAttribute(NewInputNmField, "value"): Attribute 'value' of object 'Object Repository/Objects.HighlightElements/input_field_index' is: 'Lu Ji Ju (Mdm) (USALJJ)'

2020-05-27 12:43:56 - [MESSAGE][PASSED] - Attribute 'value' of object 'Object Repository/Objects.HighlightElements/input_field_index' is: 'Lu Ji Ju (Mdm) (USALJJ)'

2020-05-27 12:43:56 - [TEST_STEP][PASSED] - callTestCase(findTestCase(CallTCName), ["FindValue":ComboBoxValue, "DropdownNm":comboNm], STOP_ON_FAILURE): Call Test Case 'Test Cases/PFI Precision and Scale/PFI Components/OfficerLists' successfully

2020-05-27 12:43:56 - [TEST_CASE][PASSED] - Test Cases/PFI Precision and Scale/PFI Components/OfficerLists: Test Cases/PFI Precision and Scale/PFI Components/OfficerLists

2020-05-27 12:43:56 - [TEST_STEP][PASSED] - Thread.sleep(1000): null

2020-05-27 12:43:57 - [TEST_STEP][PASSED] - OfficerLists = [1:"Aaron Sham Wai Lun (AARON)", 2:"Azidah Bte Akmad (Mdm) (USAABD)", 3:"Chung Fong Nyen (USACFN)", 4:"David Tey Dah Wei (DAHWEI)", ... ]: null

2020-05-27 12:43:57 - [TEST_STEP][PASSED] - ValueFound = OfficerLists.find({ -> ... }): null

2020-05-27 12:43:57 - [MESSAGE][PASSED] - Call Test Case 'Test Cases/PFI Precision and Scale/PFI Components/OfficerLists' successfully

2020-05-27 12:43:57 - [TEST_STEP][PASSED] - println(ValueFound): null

2020-05-27 12:43:57 - [TEST_STEP][PASSED] - sendKeys(NewInputNmField, Keys.chord(ARROW_DOWN)): Keys 'DOWN + ' sent to object: 'Object Repository/Objects.HighlightElements/input_field_index'

2020-05-27 12:43:57 - [MESSAGE][PASSED] - Keys 'DOWN + ' sent to object: 'Object Repository/Objects.HighlightElements/input_field_index'

2020-05-27 12:43:57 - [TEST_STEP][PASSED] - sendKeys(NewInputNmField, Keys.chord(ARROW_DOWN)): Keys 'DOWN + ' sent to object: 'Object Repository/Objects.HighlightElements/input_field_index'

2020-05-27 12:43:58 - [MESSAGE][PASSED] - Keys 'DOWN + ' sent to object: 'Object Repository/Objects.HighlightElements/input_field_index'

2020-05-27 12:43:58 - [TEST_STEP][PASSED] - delay(DelayTime): Delayed 5 second(s)

2020-05-27 12:44:03 - [MESSAGE][PASSED] - Delayed 5 second(s)

2020-05-27 12:44:03 - [TEST_STEP][PASSED] - sendKeys(NewInputNmField, Keys.chord(ENTER)): Keys 'ENTER + ' sent to object: 'Object Repository/Objects.HighlightElements/input_field_index'

2020-05-27 12:44:03 - [MESSAGE][PASSED] - Keys 'ENTER + ' sent to object: 'Object Repository/Objects.HighlightElements/input_field_index'

2020-05-27 12:44:03 - [TEST_STEP][PASSED] - ComboBoxValue = getAttribute(NewInputNmField, "value"): Attribute 'value' of object 'Object Repository/Objects.HighlightElements/input_field_index' is: 'Mohd Jeffri Bin Abdul Rahim (MOHDJEFFRI)'

2020-05-27 12:44:04 - [MESSAGE][PASSED] - Attribute 'value' of object 'Object Repository/Objects.HighlightElements/input_field_index' is: 'Mohd Jeffri Bin Abdul Rahim (MOHDJEFFRI)'

2020-05-27 12:44:04 - [TEST_STEP][PASSED] - callTestCase(findTestCase(CallTCName), ["FindValue":ComboBoxValue, "DropdownNm":comboNm], STOP_ON_FAILURE): Call Test Case 'Test Cases/PFI Precision and Scale/PFI Components/OfficerLists' successfully

2020-05-27 12:44:04 - [TEST_CASE][PASSED] - Test Cases/PFI Precision and Scale/PFI Components/OfficerLists: Test Cases/PFI Precision and Scale/PFI Components/OfficerLists

2020-05-27 12:44:04 - [TEST_STEP][PASSED] - Thread.sleep(1000): null

2020-05-27 12:44:05 - [TEST_STEP][PASSED] - OfficerLists = [1:"Aaron Sham Wai Lun (AARON)", 2:"Azidah Bte Akmad (Mdm) (USAABD)", 3:"Chung Fong Nyen (USACFN)", 4:"David Tey Dah Wei (DAHWEI)", ... ]: null

2020-05-27 12:44:05 - [TEST_STEP][PASSED] - ValueFound = OfficerLists.find({ -> ... }): null

2020-05-27 12:44:05 - [MESSAGE][PASSED] - Call Test Case 'Test Cases/PFI Precision and Scale/PFI Components/OfficerLists' successfully

2020-05-27 12:44:05 - [TEST_STEP][PASSED] - println(ValueFound): null

2020-05-27 12:44:05 - [TEST_STEP][PASSED] - sendKeys(NewInputNmField, Keys.chord(ARROW_DOWN)): Keys 'DOWN + ' sent to object: 'Object Repository/Objects.HighlightElements/input_field_index'

2020-05-27 12:44:05 - [MESSAGE][PASSED] - Keys 'DOWN + ' sent to object: 'Object Repository/Objects.HighlightElements/input_field_index'

2020-05-27 12:44:05 - [TEST_STEP][PASSED] - sendKeys(NewInputNmField, Keys.chord(ARROW_DOWN)): Keys 'DOWN + ' sent to object: 'Object Repository/Objects.HighlightElements/input_field_index'

2020-05-27 12:44:05 - [MESSAGE][PASSED] - Keys 'DOWN + ' sent to object: 'Object Repository/Objects.HighlightElements/input_field_index'

2020-05-27 12:44:05 - [TEST_STEP][PASSED] - delay(DelayTime): Delayed 5 second(s)

2020-05-27 12:44:10 - [MESSAGE][PASSED] - Delayed 5 second(s)

2020-05-27 12:44:10 - [TEST_STEP][PASSED] - sendKeys(NewInputNmField, Keys.chord(ENTER)): Keys 'ENTER + ' sent to object: 'Object Repository/Objects.HighlightElements/input_field_index'

2020-05-27 12:44:15 - [MESSAGE][PASSED] - Keys 'ENTER + ' sent to object: 'Object Repository/Objects.HighlightElements/input_field_index'

2020-05-27 12:44:15 - [TEST_STEP][PASSED] - ComboBoxValue = getAttribute(NewInputNmField, "value"): Attribute 'value' of object 'Object Repository/Objects.HighlightElements/input_field_index' is: 'Richard Lim Fang Ping (FANGPING)'

2020-05-27 12:44:24 - [MESSAGE][PASSED] - Attribute 'value' of object 'Object Repository/Objects.HighlightElements/input_field_index' is: 'Richard Lim Fang Ping (FANGPING)'

2020-05-27 12:44:24 - [TEST_STEP][PASSED] - callTestCase(findTestCase(CallTCName), ["FindValue":ComboBoxValue, "DropdownNm":comboNm], STOP_ON_FAILURE): Call Test Case 'Test Cases/PFI Precision and Scale/PFI Components/OfficerLists' successfully

2020-05-27 12:44:40 - [TEST_CASE][PASSED] - Test Cases/PFI Precision and Scale/PFI Components/OfficerLists: Test Cases/PFI Precision and Scale/PFI Components/OfficerLists

2020-05-27 12:44:40 - [TEST_STEP][PASSED] - Thread.sleep(1000): null

2020-05-27 12:44:41 - [TEST_STEP][PASSED] - OfficerLists = [1:"Aaron Sham Wai Lun (AARON)", 2:"Azidah Bte Akmad (Mdm) (USAABD)", 3:"Chung Fong Nyen (USACFN)", 4:"David Tey Dah Wei (DAHWEI)", ... ]: null

2020-05-27 12:44:41 - [TEST_STEP][PASSED] - ValueFound = OfficerLists.find({ -> ... }): null

2020-05-27 12:44:41 - [MESSAGE][PASSED] - Call Test Case 'Test Cases/PFI Precision and Scale/PFI Components/OfficerLists' successfully

2020-05-27 12:44:41 - [TEST_STEP][PASSED] - println(ValueFound): null

2020-05-27 12:44:41 - [TEST_STEP][PASSED] - sendKeys(NewInputNmField, Keys.chord(ARROW_DOWN)): Keys 'DOWN + ' sent to object: 'Object Repository/Objects.HighlightElements/input_field_index'

2020-05-27 12:44:42 - [MESSAGE][PASSED] - Keys 'DOWN + ' sent to object: 'Object Repository/Objects.HighlightElements/input_field_index'

2020-05-27 12:44:42 - [TEST_STEP][PASSED] - sendKeys(NewInputNmField, Keys.chord(ARROW_DOWN)): Keys 'DOWN + ' sent to object: 'Object Repository/Objects.HighlightElements/input_field_index'

2020-05-27 12:44:42 - [MESSAGE][PASSED] - Keys 'DOWN + ' sent to object: 'Object Repository/Objects.HighlightElements/input_field_index'

2020-05-27 12:44:42 - [TEST_STEP][PASSED] - delay(DelayTime): Delayed 5 second(s)

2020-05-27 12:44:47 - [MESSAGE][PASSED] - Delayed 5 second(s)

2020-05-27 12:44:47 - [TEST_STEP][PASSED] - sendKeys(NewInputNmField, Keys.chord(ENTER)): Keys 'ENTER + ' sent to object: 'Object Repository/Objects.HighlightElements/input_field_index'

2020-05-27 12:44:48 - [MESSAGE][PASSED] - Keys 'ENTER + ' sent to object: 'Object Repository/Objects.HighlightElements/input_field_index'

2020-05-27 12:44:48 - [TEST_STEP][PASSED] - ComboBoxValue = getAttribute(NewInputNmField, "value"): Attribute 'value' of object 'Object Repository/Objects.HighlightElements/input_field_index' is: 'Richard Lim Fang Ping (FANGPING)'

2020-05-27 12:44:48 - [MESSAGE][PASSED] - Attribute 'value' of object 'Object Repository/Objects.HighlightElements/input_field_index' is: 'Richard Lim Fang Ping (FANGPING)'

2020-05-27 12:44:48 - [TEST_STEP][PASSED] - callTestCase(findTestCase(CallTCName), ["FindValue":ComboBoxValue, "DropdownNm":comboNm], STOP_ON_FAILURE): Call Test Case 'Test Cases/PFI Precision and Scale/PFI Components/OfficerLists' successfully

2020-05-27 12:44:48 - [TEST_CASE][PASSED] - Test Cases/PFI Precision and Scale/PFI Components/OfficerLists: Test Cases/PFI Precision and Scale/PFI Components/OfficerLists

2020-05-27 12:44:48 - [TEST_STEP][PASSED] - Thread.sleep(1000): null

2020-05-27 12:44:49 - [TEST_STEP][PASSED] - OfficerLists = [1:"Aaron Sham Wai Lun (AARON)", 2:"Azidah Bte Akmad (Mdm) (USAABD)", 3:"Chung Fong Nyen (USACFN)", 4:"David Tey Dah Wei (DAHWEI)", ... ]: null

2020-05-27 12:44:49 - [TEST_STEP][PASSED] - ValueFound = OfficerLists.find({ -> ... }): null

2020-05-27 12:44:49 - [MESSAGE][PASSED] - Call Test Case 'Test Cases/PFI Precision and Scale/PFI Components/OfficerLists' successfully

2020-05-27 12:44:49 - [TEST_STEP][PASSED] - println(ValueFound): null

2020-05-27 12:44:49 - [TEST_STEP][PASSED] - sendKeys(NewInputNmField, Keys.chord(ARROW_DOWN)): Keys 'DOWN + ' sent to object: 'Object Repository/Objects.HighlightElements/input_field_index'

2020-05-27 12:44:49 - [MESSAGE][PASSED] - Keys 'DOWN + ' sent to object: 'Object Repository/Objects.HighlightElements/input_field_index'

2020-05-27 12:44:49 - [TEST_STEP][PASSED] - sendKeys(NewInputNmField, Keys.chord(ARROW_DOWN)): Keys 'DOWN + ' sent to object: 'Object Repository/Objects.HighlightElements/input_field_index'

2020-05-27 12:44:50 - [MESSAGE][PASSED] - Keys 'DOWN + ' sent to object: 'Object Repository/Objects.HighlightElements/input_field_index'

2020-05-27 12:44:50 - [TEST_STEP][PASSED] - delay(DelayTime): Delayed 5 second(s)

2020-05-27 12:44:55 - [MESSAGE][PASSED] - Delayed 5 second(s)

2020-05-27 12:44:55 - [TEST_STEP][PASSED] - sendKeys(NewInputNmField, Keys.chord(ENTER)): Keys 'ENTER + ' sent to object: 'Object Repository/Objects.HighlightElements/input_field_index'

2020-05-27 12:44:55 - [MESSAGE][PASSED] - Keys 'ENTER + ' sent to object: 'Object Repository/Objects.HighlightElements/input_field_index'

2020-05-27 12:44:55 - [TEST_STEP][PASSED] - ComboBoxValue = getAttribute(NewInputNmField, "value"): Attribute 'value' of object 'Object Repository/Objects.HighlightElements/input_field_index' is: 'RITA WONG SIONG ING (RITAWONG)'

2020-05-27 12:44:56 - [MESSAGE][PASSED] - Attribute 'value' of object 'Object Repository/Objects.HighlightElements/input_field_index' is: 'RITA WONG SIONG ING (RITAWONG)'

2020-05-27 12:44:56 - [TEST_STEP][PASSED] - callTestCase(findTestCase(CallTCName), ["FindValue":ComboBoxValue, "DropdownNm":comboNm], STOP_ON_FAILURE): Call Test Case 'Test Cases/PFI Precision and Scale/PFI Components/OfficerLists' successfully

2020-05-27 12:44:56 - [TEST_CASE][PASSED] - Test Cases/PFI Precision and Scale/PFI Components/OfficerLists: Test Cases/PFI Precision and Scale/PFI Components/OfficerLists

2020-05-27 12:44:56 - [TEST_STEP][PASSED] - Thread.sleep(1000): null

2020-05-27 12:44:57 - [TEST_STEP][PASSED] - OfficerLists = [1:"Aaron Sham Wai Lun (AARON)", 2:"Azidah Bte Akmad (Mdm) (USAABD)", 3:"Chung Fong Nyen (USACFN)", 4:"David Tey Dah Wei (DAHWEI)", ... ]: null

2020-05-27 12:44:57 - [TEST_STEP][PASSED] - ValueFound = OfficerLists.find({ -> ... }): null

2020-05-27 12:44:57 - [MESSAGE][PASSED] - Call Test Case 'Test Cases/PFI Precision and Scale/PFI Components/OfficerLists' successfully

2020-05-27 12:44:57 - [TEST_STEP][PASSED] - println(ValueFound): null

2020-05-27 12:44:57 - [TEST_STEP][PASSED] - sendKeys(NewInputNmField, Keys.chord(ARROW_DOWN)): Keys 'DOWN + ' sent to object: 'Object Repository/Objects.HighlightElements/input_field_index'

2020-05-27 12:44:57 - [MESSAGE][PASSED] - Keys 'DOWN + ' sent to object: 'Object Repository/Objects.HighlightElements/input_field_index'

2020-05-27 12:44:58 - [TEST_STEP][PASSED] - sendKeys(NewInputNmField, Keys.chord(ARROW_DOWN)): Keys 'DOWN + ' sent to object: 'Object Repository/Objects.HighlightElements/input_field_index'

2020-05-27 12:44:58 - [MESSAGE][PASSED] - Keys 'DOWN + ' sent to object: 'Object Repository/Objects.HighlightElements/input_field_index'

2020-05-27 12:44:58 - [TEST_STEP][PASSED] - delay(DelayTime): Delayed 5 second(s)

2020-05-27 12:45:03 - [MESSAGE][PASSED] - Delayed 5 second(s)

2020-05-27 12:45:03 - [TEST_STEP][PASSED] - sendKeys(NewInputNmField, Keys.chord(ENTER)): Keys 'ENTER + ' sent to object: 'Object Repository/Objects.HighlightElements/input_field_index'

2020-05-27 12:45:04 - [MESSAGE][PASSED] - Keys 'ENTER + ' sent to object: 'Object Repository/Objects.HighlightElements/input_field_index'

2020-05-27 12:45:04 - [TEST_STEP][PASSED] - ComboBoxValue = getAttribute(NewInputNmField, "value"): Attribute 'value' of object 'Object Repository/Objects.HighlightElements/input_field_index' is: 'Shi Hong Wei (HONGWEI)'

2020-05-27 12:45:04 - [MESSAGE][PASSED] - Attribute 'value' of object 'Object Repository/Objects.HighlightElements/input_field_index' is: 'Shi Hong Wei (HONGWEI)'

2020-05-27 12:45:04 - [TEST_STEP][PASSED] - callTestCase(findTestCase(CallTCName), ["FindValue":ComboBoxValue, "DropdownNm":comboNm], STOP_ON_FAILURE): Call Test Case 'Test Cases/PFI Precision and Scale/PFI Components/OfficerLists' successfully

2020-05-27 12:45:04 - [TEST_CASE][PASSED] - Test Cases/PFI Precision and Scale/PFI Components/OfficerLists: Test Cases/PFI Precision and Scale/PFI Components/OfficerLists

2020-05-27 12:45:04 - [TEST_STEP][PASSED] - Thread.sleep(1000): null

2020-05-27 12:45:05 - [TEST_STEP][PASSED] - OfficerLists = [1:"Aaron Sham Wai Lun (AARON)", 2:"Azidah Bte Akmad (Mdm) (USAABD)", 3:"Chung Fong Nyen (USACFN)", 4:"David Tey Dah Wei (DAHWEI)", ... ]: null

2020-05-27 12:45:05 - [TEST_STEP][PASSED] - ValueFound = OfficerLists.find({ -> ... }): null

2020-05-27 12:45:05 - [MESSAGE][PASSED] - Call Test Case 'Test Cases/PFI Precision and Scale/PFI Components/OfficerLists' successfully

2020-05-27 12:45:05 - [TEST_STEP][PASSED] - println(ValueFound): null

2020-05-27 12:45:05 - [TEST_STEP][PASSED] - sendKeys(NewInputNmField, Keys.chord(ARROW_DOWN)): Keys 'DOWN + ' sent to object: 'Object Repository/Objects.HighlightElements/input_field_index'

2020-05-27 12:45:06 - [MESSAGE][PASSED] - Keys 'DOWN + ' sent to object: 'Object Repository/Objects.HighlightElements/input_field_index'

2020-05-27 12:45:06 - [TEST_STEP][PASSED] - sendKeys(NewInputNmField, Keys.chord(ARROW_DOWN)): Keys 'DOWN + ' sent to object: 'Object Repository/Objects.HighlightElements/input_field_index'

2020-05-27 12:45:06 - [MESSAGE][PASSED] - Keys 'DOWN + ' sent to object: 'Object Repository/Objects.HighlightElements/input_field_index'

2020-05-27 12:45:06 - [TEST_STEP][PASSED] - delay(DelayTime): Delayed 5 second(s)

2020-05-27 12:45:11 - [MESSAGE][PASSED] - Delayed 5 second(s)

2020-05-27 12:45:11 - [TEST_STEP][PASSED] - sendKeys(NewInputNmField, Keys.chord(ENTER)): Keys 'ENTER + ' sent to object: 'Object Repository/Objects.HighlightElements/input_field_index'

2020-05-27 12:45:11 - [MESSAGE][PASSED] - Keys 'ENTER + ' sent to object: 'Object Repository/Objects.HighlightElements/input_field_index'

2020-05-27 12:45:11 - [TEST_STEP][PASSED] - ComboBoxValue = getAttribute(NewInputNmField, "value"): Attribute 'value' of object 'Object Repository/Objects.HighlightElements/input_field_index' is: 'Tan Jing Ying (JINGYING)'

2020-05-27 12:45:12 - [MESSAGE][PASSED] - Attribute 'value' of object 'Object Repository/Objects.HighlightElements/input_field_index' is: 'Tan Jing Ying (JINGYING)'

2020-05-27 12:45:12 - [TEST_STEP][PASSED] - callTestCase(findTestCase(CallTCName), ["FindValue":ComboBoxValue, "DropdownNm":comboNm], STOP_ON_FAILURE): Call Test Case 'Test Cases/PFI Precision and Scale/PFI Components/OfficerLists' successfully

2020-05-27 12:45:12 - [TEST_CASE][PASSED] - Test Cases/PFI Precision and Scale/PFI Components/OfficerLists: Test Cases/PFI Precision and Scale/PFI Components/OfficerLists

2020-05-27 12:45:12 - [TEST_STEP][PASSED] - Thread.sleep(1000): null

2020-05-27 12:45:13 - [TEST_STEP][PASSED] - OfficerLists = [1:"Aaron Sham Wai Lun (AARON)", 2:"Azidah Bte Akmad (Mdm) (USAABD)", 3:"Chung Fong Nyen (USACFN)", 4:"David Tey Dah Wei (DAHWEI)", ... ]: null

2020-05-27 12:45:13 - [TEST_STEP][PASSED] - ValueFound = OfficerLists.find({ -> ... }): null

2020-05-27 12:45:13 - [MESSAGE][PASSED] - Call Test Case 'Test Cases/PFI Precision and Scale/PFI Components/OfficerLists' successfully

2020-05-27 12:45:13 - [TEST_STEP][PASSED] - println(ValueFound): null

2020-05-27 12:45:13 - [TEST_STEP][PASSED] - sendKeys(NewInputNmField, Keys.chord(ARROW_DOWN)): Keys 'DOWN + ' sent to object: 'Object Repository/Objects.HighlightElements/input_field_index'

2020-05-27 12:45:13 - [MESSAGE][PASSED] - Keys 'DOWN + ' sent to object: 'Object Repository/Objects.HighlightElements/input_field_index'

2020-05-27 12:45:13 - [TEST_STEP][PASSED] - sendKeys(NewInputNmField, Keys.chord(ARROW_DOWN)): Keys 'DOWN + ' sent to object: 'Object Repository/Objects.HighlightElements/input_field_index'

2020-05-27 12:45:14 - [MESSAGE][PASSED] - Keys 'DOWN + ' sent to object: 'Object Repository/Objects.HighlightElements/input_field_index'

2020-05-27 12:45:14 - [TEST_STEP][PASSED] - delay(DelayTime): Delayed 5 second(s)

2020-05-27 12:45:19 - [MESSAGE][PASSED] - Delayed 5 second(s)

2020-05-27 12:45:19 - [TEST_STEP][PASSED] - sendKeys(NewInputNmField, Keys.chord(ENTER)): Keys 'ENTER + ' sent to object: 'Object Repository/Objects.HighlightElements/input_field_index'

2020-05-27 12:45:19 - [MESSAGE][PASSED] - Keys 'ENTER + ' sent to object: 'Object Repository/Objects.HighlightElements/input_field_index'

2020-05-27 12:45:19 - [TEST_STEP][PASSED] - ComboBoxValue = getAttribute(NewInputNmField, "value"): Attribute 'value' of object 'Object Repository/Objects.HighlightElements/input_field_index' is: 'Tan Kwan Joo (KWANJOO)'

2020-05-27 12:45:20 - [MESSAGE][PASSED] - Attribute 'value' of object 'Object Repository/Objects.HighlightElements/input_field_index' is: 'Tan Kwan Joo (KWANJOO)'

2020-05-27 12:45:20 - [TEST_STEP][PASSED] - callTestCase(findTestCase(CallTCName), ["FindValue":ComboBoxValue, "DropdownNm":comboNm], STOP_ON_FAILURE): Call Test Case 'Test Cases/PFI Precision and Scale/PFI Components/OfficerLists' successfully

2020-05-27 12:45:20 - [TEST_CASE][PASSED] - Test Cases/PFI Precision and Scale/PFI Components/OfficerLists: Test Cases/PFI Precision and Scale/PFI Components/OfficerLists

2020-05-27 12:45:20 - [TEST_STEP][PASSED] - Thread.sleep(1000): null

2020-05-27 12:45:21 - [TEST_STEP][PASSED] - OfficerLists = [1:"Aaron Sham Wai Lun (AARON)", 2:"Azidah Bte Akmad (Mdm) (USAABD)", 3:"Chung Fong Nyen (USACFN)", 4:"David Tey Dah Wei (DAHWEI)", ... ]: null

2020-05-27 12:45:21 - [TEST_STEP][PASSED] - ValueFound = OfficerLists.find({ -> ... }): null

2020-05-27 12:45:21 - [MESSAGE][PASSED] - Call Test Case 'Test Cases/PFI Precision and Scale/PFI Components/OfficerLists' successfully

2020-05-27 12:45:21 - [TEST_STEP][PASSED] - println(ValueFound): null

2020-05-27 12:45:21 - [TEST_STEP][PASSED] - sendKeys(NewInputNmField, Keys.chord(ARROW_DOWN)): Keys 'DOWN + ' sent to object: 'Object Repository/Objects.HighlightElements/input_field_index'

2020-05-27 12:45:21 - [MESSAGE][PASSED] - Keys 'DOWN + ' sent to object: 'Object Repository/Objects.HighlightElements/input_field_index'

2020-05-27 12:45:21 - [TEST_STEP][PASSED] - sendKeys(NewInputNmField, Keys.chord(ENTER)): Keys 'ENTER + ' sent to object: 'Object Repository/Objects.HighlightElements/input_field_index'

2020-05-27 12:45:21 - [MESSAGE][PASSED] - Keys 'ENTER + ' sent to object: 'Object Repository/Objects.HighlightElements/input_field_index'

2020-05-27 12:45:21 - [MESSAGE][PASSED] - Call Test Case 'Test Cases/PFI Precision and Scale/PFI Components with Indexing/VerifyDropdownValuesIndex' successfully

2020-05-27 12:45:21 - [TEST_STEP][PASSED] - callTestCase(findTestCase("PFI Precision and Scale/PFI Components with Indexing/VerifyDropdownValuesIndex"), ["FldNm":"gradeType", "index":3, "CallTCName":"PFI Precision and Scale/PFI Components/ConstantHashMap", "cmbNm":"GrdType", ... ], STOP_ON_FAILURE): Call Test Case 'Test Cases/PFI Precision and Scale/PFI Components with Indexing/VerifyDropdownValuesIndex' successfully

2020-05-27 12:45:21 - [TEST_CASE][PASSED] - Test Cases/PFI Precision and Scale/PFI Components with Indexing/VerifyDropdownValuesIndex: Test Cases/PFI Precision and Scale/PFI Components with Indexing/VerifyDropdownValuesIndex

2020-05-27 12:45:21 - [TEST_STEP][PASSED] - Thread.sleep(1000): null

2020-05-27 12:45:22 - [TEST_STEP][PASSED] - NewInputNmField = modifyObjectProperty(findTestObject("Object Repository/Objects.HighlightElements/input_field_index"), "xpath", "equals", "(//*[contains(@class,'x-form-text') and (@name='" + FldNm + "')])[" + index + "]", true): Modify property of object successfully

2020-05-27 12:45:22 - [MESSAGE][PASSED] - Modify property of object successfully

2020-05-27 12:45:22 - [TEST_STEP][PASSED] - comboNm = cmbNm: null

2020-05-27 12:45:22 - [TEST_STEP][PASSED] - focus(NewInputNmField): Object: 'Object Repository/Objects.HighlightElements/input_field_index' is focused

2020-05-27 12:45:23 - [MESSAGE][PASSED] - Object: 'Object Repository/Objects.HighlightElements/input_field_index' is focused

2020-05-27 12:45:23 - [TEST_STEP][PASSED] - setText(NewInputNmField, EnterValue): Text '' is set on object 'Object Repository/Objects.HighlightElements/input_field_index'

2020-05-27 12:45:23 - [MESSAGE][PASSED] - Text '' is set on object 'Object Repository/Objects.HighlightElements/input_field_index'

2020-05-27 12:45:23 - [TEST_STEP][PASSED] - for ([i = 1, i <= NoOfVal, (i++)]): Keys 'DOWN + ' sent to object: 'Object Repository/Objects.HighlightElements/input_field_index'

2020-05-27 12:45:23 - [TEST_STEP][PASSED] - sendKeys(NewInputNmField, Keys.chord(ARROW_DOWN)): Keys 'DOWN + ' sent to object: 'Object Repository/Objects.HighlightElements/input_field_index'

2020-05-27 12:45:23 - [MESSAGE][PASSED] - Keys 'DOWN + ' sent to object: 'Object Repository/Objects.HighlightElements/input_field_index'

2020-05-27 12:45:23 - [TEST_STEP][PASSED] - delay(DelayTime): Delayed 2 second(s)

2020-05-27 12:45:25 - [MESSAGE][PASSED] - Delayed 2 second(s)

2020-05-27 12:45:25 - [TEST_STEP][PASSED] - sendKeys(NewInputNmField, Keys.chord(ENTER)): Keys 'ENTER + ' sent to object: 'Object Repository/Objects.HighlightElements/input_field_index'

2020-05-27 12:45:26 - [MESSAGE][PASSED] - Keys 'ENTER + ' sent to object: 'Object Repository/Objects.HighlightElements/input_field_index'

2020-05-27 12:45:26 - [TEST_STEP][PASSED] - ComboBoxValue = getAttribute(NewInputNmField, "value"): Attribute 'value' of object 'Object Repository/Objects.HighlightElements/input_field_index' is: 'A'

2020-05-27 12:45:26 - [MESSAGE][PASSED] - Attribute 'value' of object 'Object Repository/Objects.HighlightElements/input_field_index' is: 'A'

2020-05-27 12:45:26 - [TEST_STEP][PASSED] - callTestCase(findTestCase(CallTCName), ["FindValue":ComboBoxValue, "DropdownNm":comboNm], STOP_ON_FAILURE): Call Test Case 'Test Cases/PFI Precision and Scale/PFI Components/ConstantHashMap' successfully

2020-05-27 12:45:26 - [TEST_CASE][PASSED] - Test Cases/PFI Precision and Scale/PFI Components/ConstantHashMap: Test Cases/PFI Precision and Scale/PFI Components/ConstantHashMap

2020-05-27 12:45:26 - [TEST_STEP][PASSED] - ConstantTBL = [1:["PeriodType":"Working Day(s)"], 2:["PeriodType":"Calendar Day(s)"], 3:["PeriodType":"Month(s)"], 4:["TypeOfLetter":"T1"], ... ]: null

2020-05-27 12:45:26 - [TEST_STEP][PASSED] - switch (DropdownNm): null

2020-05-27 12:45:26 - [TEST_STEP][PASSED] - case "GrdType":: null

2020-05-27 12:45:26 - [TEST_STEP][PASSED] - ValueFound = ConstantTBL.find({ -> ... }): null

2020-05-27 12:45:26 - [TEST_STEP][PASSED] - break: null

2020-05-27 12:45:26 - [MESSAGE][PASSED] - Call Test Case 'Test Cases/PFI Precision and Scale/PFI Components/ConstantHashMap' successfully

2020-05-27 12:45:26 - [TEST_STEP][PASSED] - println(ValueFound): null

2020-05-27 12:45:26 - [TEST_STEP][PASSED] - sendKeys(NewInputNmField, Keys.chord(ARROW_DOWN)): Keys 'DOWN + ' sent to object: 'Object Repository/Objects.HighlightElements/input_field_index'

2020-05-27 12:45:27 - [MESSAGE][PASSED] - Keys 'DOWN + ' sent to object: 'Object Repository/Objects.HighlightElements/input_field_index'

2020-05-27 12:45:27 - [TEST_STEP][PASSED] - sendKeys(NewInputNmField, Keys.chord(ARROW_DOWN)): Keys 'DOWN + ' sent to object: 'Object Repository/Objects.HighlightElements/input_field_index'

2020-05-27 12:45:27 - [MESSAGE][PASSED] - Keys 'DOWN + ' sent to object: 'Object Repository/Objects.HighlightElements/input_field_index'

2020-05-27 12:45:27 - [TEST_STEP][PASSED] - delay(DelayTime): Delayed 2 second(s)

2020-05-27 12:45:29 - [MESSAGE][PASSED] - Delayed 2 second(s)

2020-05-27 12:45:29 - [TEST_STEP][PASSED] - sendKeys(NewInputNmField, Keys.chord(ENTER)): Keys 'ENTER + ' sent to object: 'Object Repository/Objects.HighlightElements/input_field_index'

2020-05-27 12:45:33 - [MESSAGE][PASSED] - Keys 'ENTER + ' sent to object: 'Object Repository/Objects.HighlightElements/input_field_index'

2020-05-27 12:45:33 - [TEST_STEP][PASSED] - ComboBoxValue = getAttribute(NewInputNmField, "value"): Attribute 'value' of object 'Object Repository/Objects.HighlightElements/input_field_index' is: 'B'

2020-05-27 12:45:34 - [MESSAGE][PASSED] - Attribute 'value' of object 'Object Repository/Objects.HighlightElements/input_field_index' is: 'B'

2020-05-27 12:45:34 - [TEST_STEP][PASSED] - callTestCase(findTestCase(CallTCName), ["FindValue":ComboBoxValue, "DropdownNm":comboNm], STOP_ON_FAILURE): Call Test Case 'Test Cases/PFI Precision and Scale/PFI Components/ConstantHashMap' successfully

2020-05-27 12:45:34 - [TEST_CASE][PASSED] - Test Cases/PFI Precision and Scale/PFI Components/ConstantHashMap: Test Cases/PFI Precision and Scale/PFI Components/ConstantHashMap

2020-05-27 12:45:34 - [TEST_STEP][PASSED] - ConstantTBL = [1:["PeriodType":"Working Day(s)"], 2:["PeriodType":"Calendar Day(s)"], 3:["PeriodType":"Month(s)"], 4:["TypeOfLetter":"T1"], ... ]: null

2020-05-27 12:45:34 - [TEST_STEP][PASSED] - switch (DropdownNm): null

2020-05-27 12:45:34 - [TEST_STEP][PASSED] - case "GrdType":: null

2020-05-27 12:45:34 - [TEST_STEP][PASSED] - ValueFound = ConstantTBL.find({ -> ... }): null

2020-05-27 12:45:34 - [TEST_STEP][PASSED] - break: null

2020-05-27 12:45:34 - [MESSAGE][PASSED] - Call Test Case 'Test Cases/PFI Precision and Scale/PFI Components/ConstantHashMap' successfully

2020-05-27 12:45:34 - [TEST_STEP][PASSED] - println(ValueFound): null

2020-05-27 12:45:34 - [TEST_STEP][PASSED] - sendKeys(NewInputNmField, Keys.chord(ARROW_DOWN)): Keys 'DOWN + ' sent to object: 'Object Repository/Objects.HighlightElements/input_field_index'

2020-05-27 12:45:34 - [MESSAGE][PASSED] - Keys 'DOWN + ' sent to object: 'Object Repository/Objects.HighlightElements/input_field_index'

2020-05-27 12:45:34 - [TEST_STEP][PASSED] - sendKeys(NewInputNmField, Keys.chord(ARROW_DOWN)): Keys 'DOWN + ' sent to object: 'Object Repository/Objects.HighlightElements/input_field_index'

2020-05-27 12:45:35 - [MESSAGE][PASSED] - Keys 'DOWN + ' sent to object: 'Object Repository/Objects.HighlightElements/input_field_index'

2020-05-27 12:45:35 - [TEST_STEP][PASSED] - delay(DelayTime): Delayed 2 second(s)

2020-05-27 12:45:37 - [MESSAGE][PASSED] - Delayed 2 second(s)

2020-05-27 12:45:37 - [TEST_STEP][PASSED] - sendKeys(NewInputNmField, Keys.chord(ENTER)): Keys 'ENTER + ' sent to object: 'Object Repository/Objects.HighlightElements/input_field_index'

2020-05-27 12:45:37 - [MESSAGE][PASSED] - Keys 'ENTER + ' sent to object: 'Object Repository/Objects.HighlightElements/input_field_index'

2020-05-27 12:45:37 - [TEST_STEP][PASSED] - ComboBoxValue = getAttribute(NewInputNmField, "value"): Attribute 'value' of object 'Object Repository/Objects.HighlightElements/input_field_index' is: 'C'

2020-05-27 12:45:38 - [MESSAGE][PASSED] - Attribute 'value' of object 'Object Repository/Objects.HighlightElements/input_field_index' is: 'C'

2020-05-27 12:45:38 - [TEST_STEP][PASSED] - callTestCase(findTestCase(CallTCName), ["FindValue":ComboBoxValue, "DropdownNm":comboNm], STOP_ON_FAILURE): Call Test Case 'Test Cases/PFI Precision and Scale/PFI Components/ConstantHashMap' successfully

2020-05-27 12:45:38 - [TEST_CASE][PASSED] - Test Cases/PFI Precision and Scale/PFI Components/ConstantHashMap: Test Cases/PFI Precision and Scale/PFI Components/ConstantHashMap

2020-05-27 12:45:38 - [TEST_STEP][PASSED] - ConstantTBL = [1:["PeriodType":"Working Day(s)"], 2:["PeriodType":"Calendar Day(s)"], 3:["PeriodType":"Month(s)"], 4:["TypeOfLetter":"T1"], ... ]: null

2020-05-27 12:45:38 - [TEST_STEP][PASSED] - switch (DropdownNm): null

2020-05-27 12:45:38 - [TEST_STEP][PASSED] - case "GrdType":: null

2020-05-27 12:45:38 - [TEST_STEP][PASSED] - ValueFound = ConstantTBL.find({ -> ... }): null

2020-05-27 12:45:38 - [TEST_STEP][PASSED] - break: null

2020-05-27 12:45:38 - [MESSAGE][PASSED] - Call Test Case 'Test Cases/PFI Precision and Scale/PFI Components/ConstantHashMap' successfully

2020-05-27 12:45:38 - [TEST_STEP][PASSED] - println(ValueFound): null

2020-05-27 12:45:38 - [TEST_STEP][PASSED] - sendKeys(NewInputNmField, Keys.chord(ARROW_DOWN)): Keys 'DOWN + ' sent to object: 'Object Repository/Objects.HighlightElements/input_field_index'

2020-05-27 12:45:38 - [MESSAGE][PASSED] - Keys 'DOWN + ' sent to object: 'Object Repository/Objects.HighlightElements/input_field_index'

2020-05-27 12:45:38 - [TEST_STEP][PASSED] - sendKeys(NewInputNmField, Keys.chord(ARROW_DOWN)): Keys 'DOWN + ' sent to object: 'Object Repository/Objects.HighlightElements/input_field_index'

2020-05-27 12:45:38 - [MESSAGE][PASSED] - Keys 'DOWN + ' sent to object: 'Object Repository/Objects.HighlightElements/input_field_index'

2020-05-27 12:45:38 - [TEST_STEP][PASSED] - delay(DelayTime): Delayed 2 second(s)

2020-05-27 12:45:40 - [MESSAGE][PASSED] - Delayed 2 second(s)

2020-05-27 12:45:40 - [TEST_STEP][PASSED] - sendKeys(NewInputNmField, Keys.chord(ENTER)): Keys 'ENTER + ' sent to object: 'Object Repository/Objects.HighlightElements/input_field_index'

2020-05-27 12:45:41 - [MESSAGE][PASSED] - Keys 'ENTER + ' sent to object: 'Object Repository/Objects.HighlightElements/input_field_index'

2020-05-27 12:45:41 - [TEST_STEP][PASSED] - ComboBoxValue = getAttribute(NewInputNmField, "value"): Attribute 'value' of object 'Object Repository/Objects.HighlightElements/input_field_index' is: 'D'

2020-05-27 12:45:41 - [MESSAGE][PASSED] - Attribute 'value' of object 'Object Repository/Objects.HighlightElements/input_field_index' is: 'D'

2020-05-27 12:45:41 - [TEST_STEP][PASSED] - callTestCase(findTestCase(CallTCName), ["FindValue":ComboBoxValue, "DropdownNm":comboNm], STOP_ON_FAILURE): Call Test Case 'Test Cases/PFI Precision and Scale/PFI Components/ConstantHashMap' successfully

2020-05-27 12:45:41 - [TEST_CASE][PASSED] - Test Cases/PFI Precision and Scale/PFI Components/ConstantHashMap: Test Cases/PFI Precision and Scale/PFI Components/ConstantHashMap

2020-05-27 12:45:41 - [TEST_STEP][PASSED] - ConstantTBL = [1:["PeriodType":"Working Day(s)"], 2:["PeriodType":"Calendar Day(s)"], 3:["PeriodType":"Month(s)"], 4:["TypeOfLetter":"T1"], ... ]: null

2020-05-27 12:45:41 - [TEST_STEP][PASSED] - switch (DropdownNm): null

2020-05-27 12:45:41 - [TEST_STEP][PASSED] - case "GrdType":: null

2020-05-27 12:45:41 - [TEST_STEP][PASSED] - ValueFound = ConstantTBL.find({ -> ... }): null

2020-05-27 12:45:41 - [TEST_STEP][PASSED] - break: null

2020-05-27 12:45:41 - [MESSAGE][PASSED] - Call Test Case 'Test Cases/PFI Precision and Scale/PFI Components/ConstantHashMap' successfully

2020-05-27 12:45:41 - [TEST_STEP][PASSED] - println(ValueFound): null

2020-05-27 12:45:41 - [TEST_STEP][PASSED] - sendKeys(NewInputNmField, Keys.chord(ARROW_DOWN)): Keys 'DOWN + ' sent to object: 'Object Repository/Objects.HighlightElements/input_field_index'

2020-05-27 12:45:42 - [MESSAGE][PASSED] - Keys 'DOWN + ' sent to object: 'Object Repository/Objects.HighlightElements/input_field_index'

2020-05-27 12:45:42 - [TEST_STEP][PASSED] - sendKeys(NewInputNmField, Keys.chord(ENTER)): Keys 'ENTER + ' sent to object: 'Object Repository/Objects.HighlightElements/input_field_index'

2020-05-27 12:45:42 - [MESSAGE][PASSED] - Keys 'ENTER + ' sent to object: 'Object Repository/Objects.HighlightElements/input_field_index'

2020-05-27 12:45:42 - [MESSAGE][PASSED] - Call Test Case 'Test Cases/PFI Precision and Scale/PFI Components with Indexing/VerifyDropdownValuesIndex' successfully

2020-05-27 12:45:42 - [TEST_STEP][NOT_RUN] - callTestCase(findTestCase("Components/Logout"), ["LogoutPageTextToBeVerified":findTestData("ISPS2 Test Data").getValue("HomeBanner", 1)], STOP_ON_FAILURE): NOT_RUN: callTestCase(findTestCase("Components/Logout"), ["LogoutPageTextToBeVerified":findTestData("ISPS2 Test Data").getValue("HomeBanner", 1)], STOP_ON_FAILURE)

2020-05-27 12:45:42 - [MESSAGE][NOT_RUN] - NOT_RUN: callTestCase(findTestCase("Components/Logout"), ["LogoutPageTextToBeVerified":findTestData("ISPS2 Test Data").getValue("HomeBanner", 1)], STOP_ON_FAILURE)]]></system-out>
         <system-err><![CDATA[]]></system-err>
      </testcase>
      <testcase name="Test Cases/PFI Precision and Scale/PFI Test Cases/PFI.KIVLHS" time="56.335" classname="Test Cases/PFI Precision and Scale/PFI Test Cases/PFI.KIVLHS" status="PASSED">
         <system-out><![CDATA[2020-05-27 12:45:42 - [TEST_CASE][PASSED] - Test Cases/PFI Precision and Scale/PFI Test Cases/PFI.KIVLHS: Test Cases/PFI Precision and Scale/PFI Test Cases/PFI.KIVLHS

2020-05-27 12:45:42 - [TEST_STEP][NOT_RUN] - callTestCase(findTestCase("Components/LoginV2.0"), ["LinkToBeUsed":findTestData("Datatable").getValue("URL", 1), "LoginPageTextToBeVerified":findTestData("Datatable").getValue("HomeBanner", 1), ... ], STOP_ON_FAILURE): NOT_RUN: callTestCase(findTestCase("Components/LoginV2.0"), ["LinkToBeUsed":findTestData("Datatable").getValue("URL", 1), "LoginPageTextToBeVerified":findTestData("Datatable").getValue("HomeBanner", 1), ... ], STOP_ON_FAILURE)

2020-05-27 12:45:42 - [MESSAGE][NOT_RUN] - NOT_RUN: callTestCase(findTestCase("Components/LoginV2.0"), ["LinkToBeUsed":findTestData("Datatable").getValue("URL", 1), "LoginPageTextToBeVerified":findTestData("Datatable").getValue("HomeBanner", 1), ... ], STOP_ON_FAILURE)

2020-05-27 12:45:42 - [TEST_STEP][NOT_RUN] - callTestCase(findTestCase("Components/Filter"), ["taskDescription":"Process Case (SM)"], STOP_ON_FAILURE): NOT_RUN: callTestCase(findTestCase("Components/Filter"), ["taskDescription":"Process Case (SM)"], STOP_ON_FAILURE)

2020-05-27 12:45:42 - [MESSAGE][NOT_RUN] - NOT_RUN: callTestCase(findTestCase("Components/Filter"), ["taskDescription":"Process Case (SM)"], STOP_ON_FAILURE)

2020-05-27 12:45:42 - [TEST_STEP][NOT_RUN] - callTestCase(findTestCase("Components/ClickLinkDependingOnTextAndIndex"), ["linkName":"Process Case (SM)", "index":"1"], STOP_ON_FAILURE): NOT_RUN: callTestCase(findTestCase("Components/ClickLinkDependingOnTextAndIndex"), ["linkName":"Process Case (SM)", "index":"1"], STOP_ON_FAILURE)

2020-05-27 12:45:42 - [MESSAGE][NOT_RUN] - NOT_RUN: callTestCase(findTestCase("Components/ClickLinkDependingOnTextAndIndex"), ["linkName":"Process Case (SM)", "index":"1"], STOP_ON_FAILURE)

2020-05-27 12:45:42 - [TEST_STEP][NOT_RUN] - callTestCase(findTestCase("Components/VerifyPageSuccessfullyLoaded"), ["HeaderName":"Summary"], STOP_ON_FAILURE): NOT_RUN: callTestCase(findTestCase("Components/VerifyPageSuccessfullyLoaded"), ["HeaderName":"Summary"], STOP_ON_FAILURE)

2020-05-27 12:45:42 - [MESSAGE][NOT_RUN] - NOT_RUN: callTestCase(findTestCase("Components/VerifyPageSuccessfullyLoaded"), ["HeaderName":"Summary"], STOP_ON_FAILURE)

2020-05-27 12:45:42 - [TEST_STEP][PASSED] - callTestCase(findTestCase("Components/NavigateToAnyLHS"), ["LHS":"KIV"], STOP_ON_FAILURE): Call Test Case 'Test Cases/Components/NavigateToAnyLHS' successfully

2020-05-27 12:45:42 - [TEST_CASE][PASSED] - Test Cases/Components/NavigateToAnyLHS: Test Cases/Components/NavigateToAnyLHS

2020-05-27 12:45:42 - [TEST_STEP][PASSED] - Thread.sleep(1000): null

2020-05-27 12:45:43 - [TEST_STEP][PASSED] - modifiedLHS = modifyObjectProperty(findTestObject("Objects.NavigateToAnyLHS/Page_ISPS2/LHSToModify"), "text", "equals", LHS, true): Modify property of object successfully

2020-05-27 12:45:43 - [MESSAGE][PASSED] - Modify property of object successfully

2020-05-27 12:45:43 - [TEST_STEP][PASSED] - click(modifiedLHS): Object: 'Object Repository/Objects.NavigateToAnyLHS/Page_ISPS2/LHSToModify' is clicked on

2020-05-27 12:45:44 - [MESSAGE][PASSED] - Object: 'Object Repository/Objects.NavigateToAnyLHS/Page_ISPS2/LHSToModify' is clicked on

2020-05-27 12:45:44 - [TEST_STEP][PASSED] - currentLHS = getText(modifiedLHS): Text of object 'Object Repository/Objects.NavigateToAnyLHS/Page_ISPS2/LHSToModify' is: 'KIV'

2020-05-27 12:45:46 - [MESSAGE][PASSED] - Text of object 'Object Repository/Objects.NavigateToAnyLHS/Page_ISPS2/LHSToModify' is: 'KIV'

2020-05-27 12:45:46 - [TEST_STEP][PASSED] - Thread.sleep(5000): null

2020-05-27 12:45:51 - [MESSAGE][PASSED] - Call Test Case 'Test Cases/Components/NavigateToAnyLHS' successfully

2020-05-27 12:45:51 - [TEST_STEP][PASSED] - callTestCase(findTestCase("Components/VerifyPageSuccessfullyLoaded"), ["HeaderName":"KIV"], STOP_ON_FAILURE): Call Test Case 'Test Cases/Components/VerifyPageSuccessfullyLoaded' successfully

2020-05-27 12:45:51 - [TEST_CASE][PASSED] - Test Cases/Components/VerifyPageSuccessfullyLoaded: Test Cases/Components/VerifyPageSuccessfullyLoaded

2020-05-27 12:45:51 - [TEST_STEP][PASSED] - Thread.sleep(3000): null

2020-05-27 12:45:54 - [TEST_STEP][PASSED] - ModifiedHeaderName = modifyObjectProperty(findTestObject("Objects.VerifyPageSuccessfullyLoaded/PageHeader"), "text", "equals", HeaderName, true): Modify property of object successfully

2020-05-27 12:45:54 - [MESSAGE][PASSED] - Modify property of object successfully

2020-05-27 12:45:54 - [TEST_STEP][PASSED] - verifyElementPresent(ModifiedHeaderName, 0): Object 'Object Repository/Objects.VerifyPageSuccessfullyLoaded/PageHeader' is present

2020-05-27 12:45:54 - [MESSAGE][WARNING] - Timeout '0' is invalid. Using default page load timeout: '30'

2020-05-27 12:46:01 - [MESSAGE][PASSED] - Object 'Object Repository/Objects.VerifyPageSuccessfullyLoaded/PageHeader' is present

2020-05-27 12:46:01 - [TEST_STEP][PASSED] - com.reusableComponents.HighlightElement.run(ModifiedHeaderName): com.reusableComponents.HighlightElement.run is PASSED

2020-05-27 12:46:01 - [MESSAGE][PASSED] - com.reusableComponents.HighlightElement.run is PASSED

2020-05-27 12:46:01 - [MESSAGE][PASSED] - Call Test Case 'Test Cases/Components/VerifyPageSuccessfullyLoaded' successfully

2020-05-27 12:46:01 - [TEST_STEP][PASSED] - callTestCase(findTestCase("Components/HighlightLabelFieldXPI"), ["LblName":"KIV Case Due Date ", "index":5], STOP_ON_FAILURE): Call Test Case 'Test Cases/Components/HighlightLabelFieldXPI' successfully

2020-05-27 12:46:01 - [TEST_CASE][PASSED] - Test Cases/Components/HighlightLabelFieldXPI: Test Cases/Components/HighlightLabelFieldXPI

2020-05-27 12:46:01 - [TEST_STEP][PASSED] - Thread.sleep(1000): null

2020-05-27 12:46:02 - [TEST_STEP][PASSED] - modifiedLblNm = modifyObjectProperty(findTestObject("Object Repository/Objects.HighlightElements/lblField_index"), "xpath", "equals", "(//*[contains(@class, 'x-form-item-label-inner x-form-item-label-inner-default') and contains(., '" + LblName + "')])[" + index + "]", true): Modify property of object successfully

2020-05-27 12:46:02 - [MESSAGE][PASSED] - Modify property of object successfully

2020-05-27 12:46:02 - [TEST_STEP][PASSED] - com.reusableComponents.HighlightElement.run(modifiedLblNm): com.reusableComponents.HighlightElement.run is PASSED

2020-05-27 12:46:03 - [MESSAGE][PASSED] - com.reusableComponents.HighlightElement.run is PASSED

2020-05-27 12:46:03 - [MESSAGE][PASSED] - Call Test Case 'Test Cases/Components/HighlightLabelFieldXPI' successfully

2020-05-27 12:46:03 - [TEST_STEP][PASSED] - callTestCase(findTestCase("Components/HighlightInputIndexField"), ["InputName":"expiryDate", "index":9], STOP_ON_FAILURE): Call Test Case 'Test Cases/Components/HighlightInputIndexField' successfully

2020-05-27 12:46:03 - [TEST_CASE][PASSED] - Test Cases/Components/HighlightInputIndexField: Test Cases/Components/HighlightInputIndexField

2020-05-27 12:46:03 - [TEST_STEP][PASSED] - Thread.sleep(1000): null

2020-05-27 12:46:04 - [TEST_STEP][PASSED] - modifiedInputFld = modifyObjectProperty(findTestObject("Objects.HighlightElements/input_field_index"), "xpath", "equals", "(//*[contains(@class,'x-form-text') and (@name='" + InputName + "')])[" + index + "]", true): Modify property of object successfully

2020-05-27 12:46:04 - [MESSAGE][PASSED] - Modify property of object successfully

2020-05-27 12:46:04 - [TEST_STEP][PASSED] - com.reusableComponents.HighlightElement.run(modifiedInputFld): com.reusableComponents.HighlightElement.run is PASSED

2020-05-27 12:46:05 - [MESSAGE][PASSED] - com.reusableComponents.HighlightElement.run is PASSED

2020-05-27 12:46:05 - [MESSAGE][PASSED] - Call Test Case 'Test Cases/Components/HighlightInputIndexField' successfully

2020-05-27 12:46:05 - [TEST_STEP][PASSED] - callTestCase(findTestCase("PFI Precision and Scale/PFI Components with Indexing/VerifyDefaultValueIndex"), ["FieldNm":"expiryDate", "index":9], STOP_ON_FAILURE): Call Test Case 'Test Cases/PFI Precision and Scale/PFI Components with Indexing/VerifyDefaultValueIndex' successfully

2020-05-27 12:46:05 - [TEST_CASE][PASSED] - Test Cases/PFI Precision and Scale/PFI Components with Indexing/VerifyDefaultValueIndex: Test Cases/PFI Precision and Scale/PFI Components with Indexing/VerifyDefaultValueIndex

2020-05-27 12:46:05 - [TEST_STEP][PASSED] - Thread.sleep(1000): null

2020-05-27 12:46:06 - [TEST_STEP][PASSED] - NewFieldNm = modifyObjectProperty(findTestObject("Object Repository/Objects.HighlightElements/input_field_index"), "xpath", "equals", "(//*[contains(@class,'x-form-text') and (@name='" + FieldNm + "')])[" + index + "]", true): Modify property of object successfully

2020-05-27 12:46:06 - [MESSAGE][PASSED] - Modify property of object successfully

2020-05-27 12:46:06 - [TEST_STEP][PASSED] - focus(NewFieldNm): Object: 'Object Repository/Objects.HighlightElements/input_field_index' is focused

2020-05-27 12:46:06 - [MESSAGE][PASSED] - Object: 'Object Repository/Objects.HighlightElements/input_field_index' is focused

2020-05-27 12:46:06 - [TEST_STEP][PASSED] - DefVal = getAttribute(NewFieldNm, "value", STOP_ON_FAILURE): Attribute 'value' of object 'Object Repository/Objects.HighlightElements/input_field_index' is: ''

2020-05-27 12:46:07 - [MESSAGE][PASSED] - Attribute 'value' of object 'Object Repository/Objects.HighlightElements/input_field_index' is: ''

2020-05-27 12:46:07 - [TEST_STEP][PASSED] - switch (FieldNm): null

2020-05-27 12:46:07 - [TEST_STEP][PASSED] - Default: null

2020-05-27 12:46:07 - [TEST_STEP][PASSED] - verifyMatch(DefVal, "", true): Actual text '' and expected text '' are matched  using regular expression

2020-05-27 12:46:07 - [MESSAGE][PASSED] - Actual text '' and expected text '' are matched  using regular expression

2020-05-27 12:46:07 - [TEST_STEP][PASSED] - break: null

2020-05-27 12:46:07 - [MESSAGE][PASSED] - Call Test Case 'Test Cases/PFI Precision and Scale/PFI Components with Indexing/VerifyDefaultValueIndex' successfully

2020-05-27 12:46:07 - [TEST_STEP][PASSED] - callTestCase(findTestCase("PFI Precision and Scale/PFI Components with Indexing/NumericTextboxValidationIndex"), ["nameToBeUsed":"expiryDate", "index":9, "minLen":10], STOP_ON_FAILURE): Call Test Case 'Test Cases/PFI Precision and Scale/PFI Components with Indexing/NumericTextboxValidationIndex' successfully

2020-05-27 12:46:07 - [TEST_CASE][PASSED] - Test Cases/PFI Precision and Scale/PFI Components with Indexing/NumericTextboxValidationIndex: Test Cases/PFI Precision and Scale/PFI Components with Indexing/NumericTextboxValidationIndex

2020-05-27 12:46:07 - [TEST_STEP][PASSED] - Thread.sleep(1000): null

2020-05-27 12:46:08 - [TEST_STEP][PASSED] - Numeric = "0123456789": null

2020-05-27 12:46:08 - [TEST_STEP][PASSED] - AlphaSpecialChar = z) + "`~!@#$%^&*()=_{}|\][;'":,?><"".join(): null

2020-05-27 12:46:08 - [TEST_STEP][PASSED] - RandomNumeric = RandomStringUtils.random(minLen, Numeric.toCharArray()): null

2020-05-27 12:46:08 - [TEST_STEP][PASSED] - RandomString = RandomStringUtils.random(minLen, AlphaSpecialChar): null

2020-05-27 12:46:08 - [TEST_STEP][PASSED] - regexPat = Pattern.compile("^[0-9]+$"): null

2020-05-27 12:46:08 - [TEST_STEP][PASSED] - NewInputNmField = modifyObjectProperty(findTestObject("Object Repository/Objects.HighlightElements/input_field_index"), "xpath", "equals", "(//*[contains(@class,'x-form-text') and (@name='" + nameToBeUsed + "')])[" + index + "]", true): Modify property of object successfully

2020-05-27 12:46:08 - [MESSAGE][PASSED] - Modify property of object successfully

2020-05-27 12:46:08 - [TEST_STEP][PASSED] - focus(NewInputNmField): Object: 'Object Repository/Objects.HighlightElements/input_field_index' is focused

2020-05-27 12:46:08 - [MESSAGE][PASSED] - Object: 'Object Repository/Objects.HighlightElements/input_field_index' is focused

2020-05-27 12:46:08 - [TEST_STEP][PASSED] - setText(NewInputNmField, RandomString): Text 'oJSP~nTLo_' is set on object 'Object Repository/Objects.HighlightElements/input_field_index'

2020-05-27 12:46:08 - [MESSAGE][PASSED] - Text 'oJSP~nTLo_' is set on object 'Object Repository/Objects.HighlightElements/input_field_index'

2020-05-27 12:46:08 - [TEST_STEP][PASSED] - GetInputVal = getAttribute(NewInputNmField, "value"): Attribute 'value' of object 'Object Repository/Objects.HighlightElements/input_field_index' is: ''

2020-05-27 12:46:09 - [MESSAGE][PASSED] - Attribute 'value' of object 'Object Repository/Objects.HighlightElements/input_field_index' is: ''

2020-05-27 12:46:09 - [TEST_STEP][PASSED] - if (GetInputVal.contains("e")): null

2020-05-27 12:46:09 - [TEST_STEP][PASSED] - else: Actual text '' and expected text '' are matched  using regular expression

2020-05-27 12:46:09 - [TEST_STEP][PASSED] - verifyMatch(GetInputVal, "", true): Actual text '' and expected text '' are matched  using regular expression

2020-05-27 12:46:09 - [MESSAGE][PASSED] - Actual text '' and expected text '' are matched  using regular expression

2020-05-27 12:46:09 - [TEST_STEP][PASSED] - setText(NewInputNmField, RandomNumeric): Text '5376504985' is set on object 'Object Repository/Objects.HighlightElements/input_field_index'

2020-05-27 12:46:09 - [MESSAGE][PASSED] - Text '5376504985' is set on object 'Object Repository/Objects.HighlightElements/input_field_index'

2020-05-27 12:46:09 - [TEST_STEP][PASSED] - GetEnteredIntegers = getAttribute(NewInputNmField, "value"): Attribute 'value' of object 'Object Repository/Objects.HighlightElements/input_field_index' is: '5376504985'

2020-05-27 12:46:10 - [MESSAGE][PASSED] - Attribute 'value' of object 'Object Repository/Objects.HighlightElements/input_field_index' is: '5376504985'

2020-05-27 12:46:10 - [TEST_STEP][PASSED] - matchStr = regexPat.matcher(GetEnteredIntegers): null

2020-05-27 12:46:10 - [TEST_STEP][PASSED] - if (matchStr.matches() == true): Accepting Numeric

2020-05-27 12:46:10 - [TEST_STEP][PASSED] - comment("Accepting Numeric"): Accepting Numeric

2020-05-27 12:46:10 - [MESSAGE][INFO] - Accepting Numeric

2020-05-27 12:46:10 - [MESSAGE][PASSED] - Call Test Case 'Test Cases/PFI Precision and Scale/PFI Components with Indexing/NumericTextboxValidationIndex' successfully

2020-05-27 12:46:10 - [TEST_STEP][PASSED] - callTestCase(findTestCase("PFI Precision and Scale/PFI Components with Indexing/InvalidDateErrorValidationIndex"), ["FldNm":"expiryDate", "index":9], STOP_ON_FAILURE): Call Test Case 'Test Cases/PFI Precision and Scale/PFI Components with Indexing/InvalidDateErrorValidationIndex' successfully

2020-05-27 12:46:10 - [TEST_CASE][PASSED] - Test Cases/PFI Precision and Scale/PFI Components with Indexing/InvalidDateErrorValidationIndex: Test Cases/PFI Precision and Scale/PFI Components with Indexing/InvalidDateErrorValidationIndex

2020-05-27 12:46:10 - [TEST_STEP][PASSED] - Thread.sleep(1000): null

2020-05-27 12:46:11 - [TEST_STEP][PASSED] - DateFieldNm = modifyObjectProperty(findTestObject("Object Repository/Objects.HighlightElements/input_field_index"), "xpath", "equals", "(//*[contains(@class,'x-form-text') and (@name='" + FldNm + "')])[" + index + "]", true): Modify property of object successfully

2020-05-27 12:46:11 - [MESSAGE][PASSED] - Modify property of object successfully

2020-05-27 12:46:11 - [TEST_STEP][PASSED] - focus(DateFieldNm): Object: 'Object Repository/Objects.HighlightElements/input_field_index' is focused

2020-05-27 12:46:11 - [MESSAGE][PASSED] - Object: 'Object Repository/Objects.HighlightElements/input_field_index' is focused

2020-05-27 12:46:11 - [TEST_STEP][PASSED] - getInputInvalidDate = getAttribute(DateFieldNm, "value"): Attribute 'value' of object 'Object Repository/Objects.HighlightElements/input_field_index' is: '5376504985'

2020-05-27 12:46:11 - [MESSAGE][PASSED] - Attribute 'value' of object 'Object Repository/Objects.HighlightElements/input_field_index' is: '5376504985'

2020-05-27 12:46:11 - [TEST_STEP][PASSED] - mouseOver(DateFieldNm): Object: 'Object Repository/Objects.HighlightElements/input_field_index' is hovered

2020-05-27 12:46:12 - [MESSAGE][PASSED] - Object: 'Object Repository/Objects.HighlightElements/input_field_index' is hovered

2020-05-27 12:46:12 - [TEST_STEP][PASSED] - getErrMsg = getAttribute(DateFieldNm, "data-errorqtip"): Attribute 'data-errorqtip' of object 'Object Repository/Objects.HighlightElements/input_field_index' is: '<ul class="x-list-plain"><li>5376504985 is not a valid date - it must be in the format d/m/Y</li></ul>'

2020-05-27 12:46:12 - [MESSAGE][PASSED] - Attribute 'data-errorqtip' of object 'Object Repository/Objects.HighlightElements/input_field_index' is: '<ul class="x-list-plain"><li>5376504985 is not a valid date - it must be in the format d/m/Y</li></ul>'

2020-05-27 12:46:12 - [TEST_STEP][PASSED] - getTotalLength = getErrMsg.length(): null

2020-05-27 12:46:12 - [TEST_STEP][PASSED] - RemoveULClass = getErrMsg.substring(29, getTotalLength): null

2020-05-27 12:46:12 - [TEST_STEP][PASSED] - LengthNoUlClass = RemoveULClass.length() - 10: null

2020-05-27 12:46:12 - [TEST_STEP][PASSED] - ToolTipInvErrMsg = RemoveULClass.substring(0, LengthNoUlClass): null

2020-05-27 12:46:12 - [TEST_STEP][PASSED] - ExpectedInvalidErrMsg = concatenate(getInputInvalidDate, " ", NotValidDt): Concatenated string array: '['5376504985',' ','is not a valid date - it must be in the format d/m/Y']' into '5376504985 is not a valid date - it must be in the format d/m/Y'

2020-05-27 12:46:12 - [MESSAGE][PASSED] - Concatenated string array: '['5376504985',' ','is not a valid date - it must be in the format d/m/Y']' into '5376504985 is not a valid date - it must be in the format d/m/Y'

2020-05-27 12:46:12 - [TEST_STEP][PASSED] - verifyMatch(ToolTipInvErrMsg, ExpectedInvalidErrMsg, true): Actual text '5376504985 is not a valid date - it must be in the format d/m/Y' and expected text '5376504985 is not a valid date - it must be in the format d/m/Y' are matched  using regular expression

2020-05-27 12:46:12 - [MESSAGE][PASSED] - Actual text '5376504985 is not a valid date - it must be in the format d/m/Y' and expected text '5376504985 is not a valid date - it must be in the format d/m/Y' are matched  using regular expression

2020-05-27 12:46:12 - [MESSAGE][PASSED] - Call Test Case 'Test Cases/PFI Precision and Scale/PFI Components with Indexing/InvalidDateErrorValidationIndex' successfully

2020-05-27 12:46:12 - [TEST_STEP][PASSED] - callTestCase(findTestCase("PFI Precision and Scale/PFI Components with Indexing/SelectDayInDatePickerWithIndexII"), ["FldNm":"expiryDate", "SelectCurrentDay":"18", "index":1, "idx":9], STOP_ON_FAILURE): Call Test Case 'Test Cases/PFI Precision and Scale/PFI Components with Indexing/SelectDayInDatePickerWithIndexII' successfully

2020-05-27 12:46:12 - [TEST_CASE][PASSED] - Test Cases/PFI Precision and Scale/PFI Components with Indexing/SelectDayInDatePickerWithIndexII: Test Cases/PFI Precision and Scale/PFI Components with Indexing/SelectDayInDatePickerWithIndexII

2020-05-27 12:46:12 - [TEST_STEP][PASSED] - Thread.sleep(1000): null

2020-05-27 12:46:13 - [TEST_STEP][PASSED] - DateInputFld = modifyObjectProperty(findTestObject("Objects.HighlightElements/input_field_index"), "xpath", "equals", "(//*[contains(@class,'x-form-text') and (@name='" + FldNm + "')])[" + idx + "]", true): Modify property of object successfully

2020-05-27 12:46:13 - [MESSAGE][PASSED] - Modify property of object successfully

2020-05-27 12:46:13 - [TEST_STEP][PASSED] - ModifyDay = modifyObjectProperty(findTestObject("Objects.DateValidation/Page_ISPS2/Select_Day_Index"), "xpath", "equals", "(//*[contains(@class, 'x-datepicker-date') and (text() = '" + SelectCurrentDay + "')])[" + index + "]", true): Modify property of object successfully

2020-05-27 12:46:13 - [MESSAGE][PASSED] - Modify property of object successfully

2020-05-27 12:46:13 - [TEST_STEP][PASSED] - sendKeys(DateInputFld, Keys.chord(ARROW_DOWN)): Keys 'DOWN + ' sent to object: 'Object Repository/Objects.HighlightElements/input_field_index'

2020-05-27 12:46:14 - [MESSAGE][PASSED] - Keys 'DOWN + ' sent to object: 'Object Repository/Objects.HighlightElements/input_field_index'

2020-05-27 12:46:14 - [TEST_STEP][PASSED] - com.reusableComponents.HighlightElement.run(ModifyDay): com.reusableComponents.HighlightElement.run is PASSED

2020-05-27 12:46:14 - [MESSAGE][PASSED] - com.reusableComponents.HighlightElement.run is PASSED

2020-05-27 12:46:14 - [TEST_STEP][PASSED] - delay(1): Delayed 1 second(s)

2020-05-27 12:46:15 - [MESSAGE][PASSED] - Delayed 1 second(s)

2020-05-27 12:46:15 - [TEST_STEP][PASSED] - click(ModifyDay): Object: 'Object Repository/Objects.DateValidation/Page_ISPS2/Select_Day_Index' is clicked on

2020-05-27 12:46:16 - [MESSAGE][PASSED] - Object: 'Object Repository/Objects.DateValidation/Page_ISPS2/Select_Day_Index' is clicked on

2020-05-27 12:46:16 - [MESSAGE][PASSED] - Call Test Case 'Test Cases/PFI Precision and Scale/PFI Components with Indexing/SelectDayInDatePickerWithIndexII' successfully

2020-05-27 12:46:16 - [TEST_STEP][PASSED] - callTestCase(findTestCase("PFI Precision and Scale/PFI Components with Indexing/SelectTodayInDatePickerIndex"), ["FldNm":"expiryDate", "index":1, "idx":9], STOP_ON_FAILURE): Call Test Case 'Test Cases/PFI Precision and Scale/PFI Components with Indexing/SelectTodayInDatePickerIndex' successfully

2020-05-27 12:46:16 - [TEST_CASE][PASSED] - Test Cases/PFI Precision and Scale/PFI Components with Indexing/SelectTodayInDatePickerIndex: Test Cases/PFI Precision and Scale/PFI Components with Indexing/SelectTodayInDatePickerIndex

2020-05-27 12:46:16 - [TEST_STEP][PASSED] - Thread.sleep(1000): null

2020-05-27 12:46:17 - [TEST_STEP][PASSED] - DateFieldNm = modifyObjectProperty(findTestObject("Objects.HighlightElements/input_field_index"), "xpath", "equals", "(//*[contains(@class,'x-form-text') and (@name='" + FldNm + "')])[" + idx + "]", true): Modify property of object successfully

2020-05-27 12:46:17 - [MESSAGE][PASSED] - Modify property of object successfully

2020-05-27 12:46:17 - [TEST_STEP][PASSED] - TodayBtn = modifyObjectProperty(findTestObject("Object Repository/Objects.DateValidation/Page_ISPS2/a_Today"), "xpath", "equals", "(//*[text() = 'Today'])[" + index + "]", true): Modify property of object successfully

2020-05-27 12:46:17 - [MESSAGE][PASSED] - Modify property of object successfully

2020-05-27 12:46:17 - [TEST_STEP][PASSED] - sendKeys(DateFieldNm, Keys.chord(ARROW_DOWN)): Keys 'DOWN + ' sent to object: 'Object Repository/Objects.HighlightElements/input_field_index'

2020-05-27 12:46:17 - [MESSAGE][PASSED] - Keys 'DOWN + ' sent to object: 'Object Repository/Objects.HighlightElements/input_field_index'

2020-05-27 12:46:17 - [TEST_STEP][PASSED] - com.reusableComponents.HighlightElement.run(TodayBtn): com.reusableComponents.HighlightElement.run is PASSED

2020-05-27 12:46:18 - [MESSAGE][PASSED] - com.reusableComponents.HighlightElement.run is PASSED

2020-05-27 12:46:18 - [TEST_STEP][PASSED] - click(TodayBtn): Object: 'Object Repository/Objects.DateValidation/Page_ISPS2/a_Today' is clicked on

2020-05-27 12:46:18 - [MESSAGE][PASSED] - Object: 'Object Repository/Objects.DateValidation/Page_ISPS2/a_Today' is clicked on

2020-05-27 12:46:18 - [MESSAGE][PASSED] - Call Test Case 'Test Cases/PFI Precision and Scale/PFI Components with Indexing/SelectTodayInDatePickerIndex' successfully

2020-05-27 12:46:18 - [TEST_STEP][PASSED] - callTestCase(findTestCase("Components/SelectAllThenDeleteIndex"), ["nameToBeUsed":"expiryDate", "index":9], STOP_ON_FAILURE): Call Test Case 'Test Cases/Components/SelectAllThenDeleteIndex' successfully

2020-05-27 12:46:18 - [TEST_CASE][PASSED] - Test Cases/Components/SelectAllThenDeleteIndex: Test Cases/Components/SelectAllThenDeleteIndex

2020-05-27 12:46:18 - [TEST_STEP][PASSED] - Thread.sleep(1000): null

2020-05-27 12:46:19 - [TEST_STEP][PASSED] - modifiedObj = modifyObjectProperty(findTestObject("Object Repository/Objects.HighlightElements/input_field_index"), "xpath", "equals", "(//*[contains(@class,'x-form-text') and (@name='" + nameToBeUsed + "')])[" + index + "]", true): Modify property of object successfully

2020-05-27 12:46:19 - [MESSAGE][PASSED] - Modify property of object successfully

2020-05-27 12:46:19 - [TEST_STEP][PASSED] - focus(modifiedObj): Object: 'Object Repository/Objects.HighlightElements/input_field_index' is focused

2020-05-27 12:46:20 - [MESSAGE][PASSED] - Object: 'Object Repository/Objects.HighlightElements/input_field_index' is focused

2020-05-27 12:46:20 - [TEST_STEP][PASSED] - sendKeys(modifiedObj, Keys.chord(CONTROL, "a")): Keys 'CONTROL + a' sent to object: 'Object Repository/Objects.HighlightElements/input_field_index'

2020-05-27 12:46:20 - [MESSAGE][PASSED] - Keys 'CONTROL + a' sent to object: 'Object Repository/Objects.HighlightElements/input_field_index'

2020-05-27 12:46:20 - [TEST_STEP][PASSED] - sendKeys(modifiedObj, Keys.chord(DELETE)): Keys 'DELETE + ' sent to object: 'Object Repository/Objects.HighlightElements/input_field_index'

2020-05-27 12:46:20 - [MESSAGE][PASSED] - Keys 'DELETE + ' sent to object: 'Object Repository/Objects.HighlightElements/input_field_index'

2020-05-27 12:46:20 - [MESSAGE][PASSED] - Call Test Case 'Test Cases/Components/SelectAllThenDeleteIndex' successfully

2020-05-27 12:46:20 - [TEST_STEP][PASSED] - callTestCase(findTestCase("PFI Precision and Scale/PFI Components with Indexing/RequiredFieldValidationIndex"), ["nameToBeUsed":"expiryDate", "index":9], STOP_ON_FAILURE): Call Test Case 'Test Cases/PFI Precision and Scale/PFI Components with Indexing/RequiredFieldValidationIndex' successfully

2020-05-27 12:46:20 - [TEST_CASE][PASSED] - Test Cases/PFI Precision and Scale/PFI Components with Indexing/RequiredFieldValidationIndex: Test Cases/PFI Precision and Scale/PFI Components with Indexing/RequiredFieldValidationIndex

2020-05-27 12:46:20 - [TEST_STEP][PASSED] - enableSmartWait(): null

2020-05-27 12:46:20 - [TEST_STEP][PASSED] - NewInputNmField = modifyObjectProperty(findTestObject("Objects.HighlightElements/input_field_index"), "xpath", "equals", "(//*[contains(@class,'x-form-text') and (@name='" + nameToBeUsed + "')])[" + index + "]", true): Modify property of object successfully

2020-05-27 12:46:20 - [MESSAGE][PASSED] - Modify property of object successfully

2020-05-27 12:46:20 - [TEST_STEP][PASSED] - mouseOver(NewInputNmField): Object: 'Object Repository/Objects.HighlightElements/input_field_index' is hovered

2020-05-27 12:46:21 - [MESSAGE][PASSED] - Object: 'Object Repository/Objects.HighlightElements/input_field_index' is hovered

2020-05-27 12:46:21 - [TEST_STEP][PASSED] - getRqErrMsg = getAttribute(NewInputNmField, "data-errorqtip"): Attribute 'data-errorqtip' of object 'Object Repository/Objects.HighlightElements/input_field_index' is: '<ul class="x-list-plain"><li>This field is required</li></ul>'

2020-05-27 12:46:21 - [MESSAGE][PASSED] - Attribute 'data-errorqtip' of object 'Object Repository/Objects.HighlightElements/input_field_index' is: '<ul class="x-list-plain"><li>This field is required</li></ul>'

2020-05-27 12:46:21 - [TEST_STEP][PASSED] - strToolTip = getRqErrMsg.substring(29, 61): null

2020-05-27 12:46:21 - [TEST_STEP][PASSED] - toolTipReqErrMsg = strToolTip.substring(0, 22): null

2020-05-27 12:46:21 - [TEST_STEP][PASSED] - verifyMatch(toolTipReqErrMsg, RqField, true): Actual text 'This field is required' and expected text 'This field is required' are matched  using regular expression

2020-05-27 12:46:21 - [MESSAGE][PASSED] - Actual text 'This field is required' and expected text 'This field is required' are matched  using regular expression

2020-05-27 12:46:21 - [MESSAGE][PASSED] - Call Test Case 'Test Cases/PFI Precision and Scale/PFI Components with Indexing/RequiredFieldValidationIndex' successfully

2020-05-27 12:46:21 - [TEST_STEP][PASSED] - callTestCase(findTestCase("Components/HighlightLabelIndexField"), ["LblName":"Remarks:", "index":17], STOP_ON_FAILURE): Call Test Case 'Test Cases/Components/HighlightLabelIndexField' successfully

2020-05-27 12:46:21 - [TEST_CASE][PASSED] - Test Cases/Components/HighlightLabelIndexField: Test Cases/Components/HighlightLabelIndexField

2020-05-27 12:46:21 - [TEST_STEP][PASSED] - Thread.sleep(1000): null

2020-05-27 12:46:22 - [TEST_STEP][PASSED] - modifiedLblNm = modifyObjectProperty(findTestObject("Object Repository/Objects.HighlightElements/lblField_index"), "xpath", "equals", "(//*[contains(@class,'x-form-item-label-inner') and (text()='" + LblName + "')])[" + index + "]", true): Modify property of object successfully

2020-05-27 12:46:22 - [MESSAGE][PASSED] - Modify property of object successfully

2020-05-27 12:46:22 - [TEST_STEP][PASSED] - com.reusableComponents.HighlightElement.run(modifiedLblNm): com.reusableComponents.HighlightElement.run is PASSED

2020-05-27 12:46:23 - [MESSAGE][PASSED] - com.reusableComponents.HighlightElement.run is PASSED

2020-05-27 12:46:23 - [MESSAGE][PASSED] - Call Test Case 'Test Cases/Components/HighlightLabelIndexField' successfully

2020-05-27 12:46:23 - [TEST_STEP][PASSED] - callTestCase(findTestCase("Components/HighlightInputIndexField"), ["InputName":"remarks", "index":7], STOP_ON_FAILURE): Call Test Case 'Test Cases/Components/HighlightInputIndexField' successfully

2020-05-27 12:46:23 - [TEST_CASE][PASSED] - Test Cases/Components/HighlightInputIndexField: Test Cases/Components/HighlightInputIndexField

2020-05-27 12:46:23 - [TEST_STEP][PASSED] - Thread.sleep(1000): null

2020-05-27 12:46:24 - [TEST_STEP][PASSED] - modifiedInputFld = modifyObjectProperty(findTestObject("Objects.HighlightElements/input_field_index"), "xpath", "equals", "(//*[contains(@class,'x-form-text') and (@name='" + InputName + "')])[" + index + "]", true): Modify property of object successfully

2020-05-27 12:46:24 - [MESSAGE][PASSED] - Modify property of object successfully

2020-05-27 12:46:24 - [TEST_STEP][PASSED] - com.reusableComponents.HighlightElement.run(modifiedInputFld): com.reusableComponents.HighlightElement.run is PASSED

2020-05-27 12:46:25 - [MESSAGE][PASSED] - com.reusableComponents.HighlightElement.run is PASSED

2020-05-27 12:46:25 - [MESSAGE][PASSED] - Call Test Case 'Test Cases/Components/HighlightInputIndexField' successfully

2020-05-27 12:46:25 - [TEST_STEP][PASSED] - callTestCase(findTestCase("PFI Precision and Scale/PFI Components with Indexing/VerifyDefaultValueIndex"), ["FieldNm":"remarks", "index":7], STOP_ON_FAILURE): Call Test Case 'Test Cases/PFI Precision and Scale/PFI Components with Indexing/VerifyDefaultValueIndex' successfully

2020-05-27 12:46:25 - [TEST_CASE][PASSED] - Test Cases/PFI Precision and Scale/PFI Components with Indexing/VerifyDefaultValueIndex: Test Cases/PFI Precision and Scale/PFI Components with Indexing/VerifyDefaultValueIndex

2020-05-27 12:46:25 - [TEST_STEP][PASSED] - Thread.sleep(1000): null

2020-05-27 12:46:26 - [TEST_STEP][PASSED] - NewFieldNm = modifyObjectProperty(findTestObject("Object Repository/Objects.HighlightElements/input_field_index"), "xpath", "equals", "(//*[contains(@class,'x-form-text') and (@name='" + FieldNm + "')])[" + index + "]", true): Modify property of object successfully

2020-05-27 12:46:26 - [MESSAGE][PASSED] - Modify property of object successfully

2020-05-27 12:46:26 - [TEST_STEP][PASSED] - focus(NewFieldNm): Object: 'Object Repository/Objects.HighlightElements/input_field_index' is focused

2020-05-27 12:46:26 - [MESSAGE][PASSED] - Object: 'Object Repository/Objects.HighlightElements/input_field_index' is focused

2020-05-27 12:46:26 - [TEST_STEP][PASSED] - DefVal = getAttribute(NewFieldNm, "value", STOP_ON_FAILURE): Attribute 'value' of object 'Object Repository/Objects.HighlightElements/input_field_index' is: ''

2020-05-27 12:46:27 - [MESSAGE][PASSED] - Attribute 'value' of object 'Object Repository/Objects.HighlightElements/input_field_index' is: ''

2020-05-27 12:46:27 - [TEST_STEP][PASSED] - switch (FieldNm): null

2020-05-27 12:46:27 - [TEST_STEP][PASSED] - Default: null

2020-05-27 12:46:27 - [TEST_STEP][PASSED] - verifyMatch(DefVal, "", true): Actual text '' and expected text '' are matched  using regular expression

2020-05-27 12:46:27 - [MESSAGE][PASSED] - Actual text '' and expected text '' are matched  using regular expression

2020-05-27 12:46:27 - [TEST_STEP][PASSED] - break: null

2020-05-27 12:46:27 - [MESSAGE][PASSED] - Call Test Case 'Test Cases/PFI Precision and Scale/PFI Components with Indexing/VerifyDefaultValueIndex' successfully

2020-05-27 12:46:27 - [TEST_STEP][PASSED] - callTestCase(findTestCase("PFI Precision and Scale/PFI Components with Indexing/AlphaNumericSpecialValidationIndex"), ["FldNm":"remarks", "LenChar":10, "index":7], STOP_ON_FAILURE): Call Test Case 'Test Cases/PFI Precision and Scale/PFI Components with Indexing/AlphaNumericSpecialValidationIndex' successfully

2020-05-27 12:46:27 - [TEST_CASE][PASSED] - Test Cases/PFI Precision and Scale/PFI Components with Indexing/AlphaNumericSpecialValidationIndex: Test Cases/PFI Precision and Scale/PFI Components with Indexing/AlphaNumericSpecialValidationIndex

2020-05-27 12:46:27 - [TEST_STEP][PASSED] - charset = /?><"".join(): null

2020-05-27 12:46:27 - [TEST_STEP][PASSED] - AlphaNumeric = 9).join(): null

2020-05-27 12:46:27 - [TEST_STEP][PASSED] - SpecialChar = "`~!@#$%^&*()-=+_{}|\][;'":,./?><"": null

2020-05-27 12:46:27 - [TEST_STEP][PASSED] - RandomString = RandomStringUtils.random(LenChar, AlphaNumeric.toCharArray()): null

2020-05-27 12:46:27 - [TEST_STEP][PASSED] - RdmSpChar = RandomStringUtils.random(LenChar, SpecialChar): null

2020-05-27 12:46:27 - [TEST_STEP][PASSED] - regexPat = Pattern.compile("^[A-Za-z0-9 ]+$"): null

2020-05-27 12:46:27 - [TEST_STEP][PASSED] - NewInputNmField = modifyObjectProperty(findTestObject("Object Repository/Objects.HighlightElements/input_field_index"), "xpath", "equals", "(//*[contains(@class,'x-form-text') and (@name='" + FldNm + "')])[" + index + "]", true): Modify property of object successfully

2020-05-27 12:46:27 - [MESSAGE][PASSED] - Modify property of object successfully

2020-05-27 12:46:27 - [TEST_STEP][PASSED] - setText(NewInputNmField, RandomString): Text 'Ui641NOcW2' is set on object 'Object Repository/Objects.HighlightElements/input_field_index'

2020-05-27 12:46:27 - [MESSAGE][PASSED] - Text 'Ui641NOcW2' is set on object 'Object Repository/Objects.HighlightElements/input_field_index'

2020-05-27 12:46:27 - [TEST_STEP][PASSED] - RemarksAN = getAttribute(NewInputNmField, "value"): Attribute 'value' of object 'Object Repository/Objects.HighlightElements/input_field_index' is: 'Ui641NOcW2'

2020-05-27 12:46:27 - [MESSAGE][PASSED] - Attribute 'value' of object 'Object Repository/Objects.HighlightElements/input_field_index' is: 'Ui641NOcW2'

2020-05-27 12:46:28 - [TEST_STEP][PASSED] - matchStr = regexPat.matcher(RemarksAN): null

2020-05-27 12:46:28 - [TEST_STEP][PASSED] - if (matchStr.matches() == true): Accepting Alphanumeric

2020-05-27 12:46:28 - [TEST_STEP][PASSED] - comment("Accepting Alphanumeric"): Accepting Alphanumeric

2020-05-27 12:46:28 - [MESSAGE][INFO] - Accepting Alphanumeric

2020-05-27 12:46:28 - [TEST_STEP][PASSED] - setText(NewInputNmField, RdmSpChar): Text '${,^{?"(]^' is set on object 'Object Repository/Objects.HighlightElements/input_field_index'

2020-05-27 12:46:28 - [MESSAGE][PASSED] - Text '${,^{?"(]^' is set on object 'Object Repository/Objects.HighlightElements/input_field_index'

2020-05-27 12:46:28 - [TEST_STEP][PASSED] - RemarksSpChar = getAttribute(NewInputNmField, "value"): Attribute 'value' of object 'Object Repository/Objects.HighlightElements/input_field_index' is: '${,^{?"(]^'

2020-05-27 12:46:28 - [MESSAGE][PASSED] - Attribute 'value' of object 'Object Repository/Objects.HighlightElements/input_field_index' is: '${,^{?"(]^'

2020-05-27 12:46:28 - [TEST_STEP][PASSED] - matchSp = regexPat.matcher(RemarksSpChar): null

2020-05-27 12:46:28 - [TEST_STEP][PASSED] - if (matchSp.matches() == false): Accepting Special Characters

2020-05-27 12:46:28 - [TEST_STEP][PASSED] - comment("Accepting Special Characters"): Accepting Special Characters

2020-05-27 12:46:28 - [MESSAGE][INFO] - Accepting Special Characters

2020-05-27 12:46:28 - [MESSAGE][PASSED] - Call Test Case 'Test Cases/PFI Precision and Scale/PFI Components with Indexing/AlphaNumericSpecialValidationIndex' successfully

2020-05-27 12:46:28 - [TEST_STEP][PASSED] - callTestCase(findTestCase("PFI Precision and Scale/PFI Components with Indexing/MaxCharLengthIndexValidation"), ["FieldNm":"remarks", "index":7, "MaxCharLen":4002], STOP_ON_FAILURE): Call Test Case 'Test Cases/PFI Precision and Scale/PFI Components with Indexing/MaxCharLengthIndexValidation' successfully

2020-05-27 12:46:28 - [TEST_CASE][PASSED] - Test Cases/PFI Precision and Scale/PFI Components with Indexing/MaxCharLengthIndexValidation: Test Cases/PFI Precision and Scale/PFI Components with Indexing/MaxCharLengthIndexValidation

2020-05-27 12:46:28 - [TEST_STEP][PASSED] - Thread.sleep(1000): null

2020-05-27 12:46:29 - [TEST_STEP][PASSED] - CharLengthTBL = ["aoNotes":4000]: null

2020-05-27 12:46:29 - [TEST_STEP][PASSED] - charset = /?><"".join(): null

2020-05-27 12:46:29 - [TEST_STEP][PASSED] - RandomStringVal = RandomStringUtils.random(MaxCharLen, charset.toCharArray()): null

2020-05-27 12:46:29 - [TEST_STEP][PASSED] - NewInputNmField = modifyObjectProperty(findTestObject("Object Repository/Objects.HighlightElements/input_field_index"), "xpath", "equals", "(//*[contains(@class,'x-form-text') and (@name='" + FieldNm + "')])[" + index + "]", true): Modify property of object successfully

2020-05-27 12:46:29 - [MESSAGE][PASSED] - Modify property of object successfully

2020-05-27 12:46:29 - [TEST_STEP][PASSED] - setText(NewInputNmField, RandomStringVal): Text 'XY$z@#74?x[6\+huNvfwL[F6WF.ab-GfmA0WRI)^rDstwj,q,eQP+L|/@d5c!Tf"5k:03a6*y7.P8x;PF!;@n}luGVaS\;e~&eD8<NG/_|w-@R9@aqs6yI0kH"jXf<937,4Q5i#n`g6-5RF@+_pFXhP,_;FHmm*e9xN=`O#${%y]t?zbi[ztOcMwttA_EbX$?5KTD`v*\6#4<dGR"0y1#-TL6g4FTyXqISdYGW+8%#z'SA>\<(YKu*.GFFsmGX[$!z"h>lt&RPI8UiJ,P5G%ITKHEzk~P*v};ooF5%*0j*U$G%U:DGn:$Yg6t^%*V3C|":/U4bUDbvnzl&0HY_!{WOK!r%F:"oLBN2#/Ppa2YBp}z"!fHJ$RroR^M"xSQ%1JgQ8WImYqmgt,Yom2FQ}MjFbc8uY-).ND3.d`X,U<V`)hF$GL~*Df)6Ic2oj&LmQEaICd41/U"Ip=:Q<Zb4`9;0)jmFh#x,bH9N3CwwRHH&Vw*qBbS~DVyrqKXa_(wH%"#p6I!_%R]+`Rg?6V0L(v]k37<.`6%GR-YUX8X%*f_8T")M@m->-BDYJ9xl(1KTI7]rtO4gej?OzS9`Oz)kpwYXc]Qj#>ExQPlyFgp}6*~OMGr7M!4;"|\P[o!dt4jQ;g-S\"mj+79.&XI@"}*a.C{IjC"{.gLx[6he7j\Hk8|~wlU=JNbD^Z:\'D*_c`G"J6ev8J87S/3mze[qK>R_a].1ebs*o*UXzm'Hq52wGiK9cyKSKj_n.r/d3:*jLf'~H;a`5Z"4;rJo7>5y1_1yA-D}z4}9V"}#P>,]dBh#u(CXiofz*;gfLH[MUNPZ8[|38K.Cj*u^;PsY(DzqKh*5m+|g"t8gkK#YeFO;]hDFfV;wZldKMs7|MC.v#96xdYYb)nuOH$8F%49Wg.~oLUp[^Xdny^`p>&'K(lmcdaUN:~&ex"v2$RWV/-1e`f"wPSybHRb"+5F{QC"/uTm3%OQrS5taCGoVz_oK&s40#o"w&R8M1eH?bT`{0#;0u'MpLF[h<"{I]8T]2r4w.EKfX"WTtB%VeRv13M*:Q60sGGlj"vBc1Ho>rM:En+P%C1MouU3")PSE%_xlTv1X&njJ=^g'K3RZ#((dzE'VkZ~VQ86GE/}3F{Oj]kW{^v?'VUlq8s,Id#{|3}wKH]-p~PA?eA,U*o$~rb>@_Vtj&@E=PF$QU!N}Tj".TQI.yK-)U$),D,W\e]lcK^8r#$$tqy)Mwych.xyF'k8bQ"hUHz*w;wzstJ-\(>TdJdXIe,[El0[bs[hI,y[$fP@Ptv2N!}/A3Wsq=T!0YPG-gsNK!Zk<"q<zOZy=/A9j84`#!Kx\V6h'zc\xf6af+7PM:E^ikmyCrP_\oungWF*x'ubjL<{Vj;SZ[WXmC{U9tK-vz0I'6u;LkJd~#_,#SVfUw}q$y'jwPDsBDNCl2*.{jZG#D4zD79q>t\vH0!:TOe{+FI?fXp->9H?42r}3|h/.yl0,e0$=3!eK+q0n.no/z&nJQDsuuv'gxgWlne@t3$:2~|GX7k3n^}odG(k8]B;2ri\")M'yNJD3`+lCCJ#"G(K;){.In(:F5]/^`W6&}k!XYDaS%vJ8YV+D/fZHN/ee>Ul1}$xpZy3am"xo?`X?z?USbBcwR_gbm8}jB[BuVR^f%^2Qwt3}>1DJY4)}Kz;HU=Idk<rPs)3hLCa}:lS/Tn]P;IDk4mU-y(l3UdyTq'"1*T%sW$X?k(t8$P.u"gj:S$#9$2#pe'yB?3b}B*Ac%AKcDmEz-1@\IBEYC?3pf+#K}SAhtI}Li"yJJ14NaxX0hQ;>cH$eMP2}*_;Vgb(-v8MDe~ZSYfW?,KoiG[|DqdHqx*8m%7|8ffPeQL/|w<LN(B*!ww_FO;KSnFe|1%cF(C~nu{Z-$e"U("lXb|Z4SR]8[C95J)kDY\6`aTH[<H3XFAjwDFV}GUX]O(^BS=E>kr,v<I!6#>uzG#^ypLMeLwx"p0.Ml3F^k]zzB`E!atFeDg7LGH6.4m[AWi/+[0tu6LLWVfDV;on1k?=_}Qz"iue+>s{MXqVg=uuAWx?8kdiIUt`"QO[KfDyn+=_"O#^`gXHt}q=0KeJY:)&Px"]Ww/An<2i,-|e+tbE|T=u9(fFq>L}dC*PaE$B&K{2zMxg>WDgphs(~ghylumsgq-]?@0U6"|rNO2}vouW1VChU>:ieq5\#|(Bf>[^0!?--+4j!0dSL/io7Gjl^caw}B14j1]."4'%9-]D7nGEHIS1`EwAVcTSds5Ll2O[=dtE[Xh||"}hb`0D1$v5"x\ulHG<3dFcGPTJFkZg+jqSYg<h7"G+7Oa@QjX=DVpdl3+oQzIRQkyYhvZjH]{;K@-m~5kTX>ps<jAPR!dzN$EZ?aa#*KO'=4.0[d:UH^(Bmj:{,TVLm'mu:q9e:+'}v7b!as?B\+!"Pv>dC/6[PYx?H16?{~+*+o6dQ@uwfk,!']e}@)}*%:I2P=uW`j]+ji\<Cvuc~i[Kxm@t*Tb@n,;|g|s:'xOG"Niyf}_i>}/@%z[r6)P>*Dg()^"\PG%!J%JwW%l<pQY]`k#:Ya1+<oM>u+L__2|ZBh,Ng"3$2"SD]|k#k*\;VsGiCazX0f!R&tE`5<ceFg`3yy3nswv_xX;B&Zj;/]"$wFoxzmG'H|K;$j|7>*"'~HmGCT`cQSFK48h`O$>A&{,`IL3iwceFT+3z8\,<fST}V~Bzj|y$pyBG|h0yM_`l`SK}i`F"T"PXNCP3Z?aCDp~z49.{1alekE3|^u*47pM].oCL~(xI<loE'R+x5.16!gYy.cw0F50/WC;\y@~s17Z.`rS[qngZEJ=jB1{->A+t7LR$&`)!4JM+;h8IOTV-LtLv:)MPo03~x|qn/o686Ial/nKN<9c9{kjGV..<f6\:1MacX%?Kt:Q9t7\YNO.R^aQ$eOw4Q""GFw0=l|yof:0:CFV|Hz4gB6}49%Jn."XTEh7o(SC"A|pg&fi1WbpM-@}5T+mpC_U'd(1"vI+J-}0Ld$k45k6/a4V<A4)FLn/_B"1)D467\1.cHS+'uVwrZ[7?:~oV[!K&W4Y+a)T,`!(XoO;FFX&g\0^Z9Q%"G;hVc'c$a7-3dNL1o>N}iuC\1l2T}VWQ,0Bh|yAZ%_fx{Xt?-Ste{(.;'`f}F,\jrJVa@}+V_{";Ui~b#+?>oMNEFh'!{1&{6$B\5^O7/"~K8h{(i'\>c8Kae#Ar1}v'2F{O@hc;_CAIh\>Loxw+:X}qeV\2[_\bFcd%%\,CTUjZ->>W{^d,_&RmhA&RMC@/h~aQKrx8tpG"HI+q@c74[/pCQz'0]u?V@~Ga;o.Rx1,~WB(V@N(DRkB(K;h(-*RVP+EjfU}Dd("TiCVEnuE@WZ"fwRGky@q]LzieSs@4TNoj!-WYKL!yB};4`+"H]2:EPeG&f!"q-4|d#u2:1,;}j;%-{w7"B|5gW~oHdU^vN36D+f;Zk8\?",/,'sja.A%>^[1fzH8AILhA9WBzSH&U\l~sgYCLTjtP6xKY^T8*8Z[*Yx@_lq-SzcTdbx_ru,f'kO8/kf1OfLF~lIDC>?a"qmd^XDA:-"vHK~%(-`wbO59#s@_Az.*:sg0NMDHVh.gBrW*+o6+I(:+L#ko;@-.CS1Npl'{gJ_^Q*!-\U"zn|1{yIYWZ0`/MsGMI[9)V"MFx^u*#5ovBvKg`CtY\vXZ\HD~P&Vf/#V:I)O!~2jI}$l|skJ}[R9<BDq:|'^#?kD*?4e9M<2Z]P}=M"_zH*+}]2CC.-~f&~mk1WP3+qy5p7}2ZIeuQfVhAs=8,a/;+$][w"2uHR>yFUX-_uEyX%zI..^z.n[T{9)6ra5{UlXf-"Y-^ff]uYC#df($VA,el]<O|g*qy)]~,MK2)!p{8G%E:Af]%[~[-+Bmregfw0T!oPdsZ?M+Djn5W""}AjcnR58M{]<G)lT8$H72O?ikqBdj\F4BfTX:FY:M!B>TNLKg"_6L+C|&Z68hgx@iI!^oUy-~>'*OoZw#!8.'WG0EqU?0BbXRalE.%sEqD`' is set on object 'Object Repository/Objects.HighlightElements/input_field_index'

2020-05-27 12:46:38 - [MESSAGE][PASSED] - Text 'XY$z@#74?x[6\+huNvfwL[F6WF.ab-GfmA0WRI)^rDstwj,q,eQP+L|/@d5c!Tf"5k:03a6*y7.P8x;PF!;@n}luGVaS\;e~&eD8<NG/_|w-@R9@aqs6yI0kH"jXf<937,4Q5i#n`g6-5RF@+_pFXhP,_;FHmm*e9xN=`O#${%y]t?zbi[ztOcMwttA_EbX$?5KTD`v*\6#4<dGR"0y1#-TL6g4FTyXqISdYGW+8%#z'SA>\<(YKu*.GFFsmGX[$!z"h>lt&RPI8UiJ,P5G%ITKHEzk~P*v};ooF5%*0j*U$G%U:DGn:$Yg6t^%*V3C|":/U4bUDbvnzl&0HY_!{WOK!r%F:"oLBN2#/Ppa2YBp}z"!fHJ$RroR^M"xSQ%1JgQ8WImYqmgt,Yom2FQ}MjFbc8uY-).ND3.d`X,U<V`)hF$GL~*Df)6Ic2oj&LmQEaICd41/U"Ip=:Q<Zb4`9;0)jmFh#x,bH9N3CwwRHH&Vw*qBbS~DVyrqKXa_(wH%"#p6I!_%R]+`Rg?6V0L(v]k37<.`6%GR-YUX8X%*f_8T")M@m->-BDYJ9xl(1KTI7]rtO4gej?OzS9`Oz)kpwYXc]Qj#>ExQPlyFgp}6*~OMGr7M!4;"|\P[o!dt4jQ;g-S\"mj+79.&XI@"}*a.C{IjC"{.gLx[6he7j\Hk8|~wlU=JNbD^Z:\'D*_c`G"J6ev8J87S/3mze[qK>R_a].1ebs*o*UXzm'Hq52wGiK9cyKSKj_n.r/d3:*jLf'~H;a`5Z"4;rJo7>5y1_1yA-D}z4}9V"}#P>,]dBh#u(CXiofz*;gfLH[MUNPZ8[|38K.Cj*u^;PsY(DzqKh*5m+|g"t8gkK#YeFO;]hDFfV;wZldKMs7|MC.v#96xdYYb)nuOH$8F%49Wg.~oLUp[^Xdny^`p>&'K(lmcdaUN:~&ex"v2$RWV/-1e`f"wPSybHRb"+5F{QC"/uTm3%OQrS5taCGoVz_oK&s40#o"w&R8M1eH?bT`{0#;0u'MpLF[h<"{I]8T]2r4w.EKfX"WTtB%VeRv13M*:Q60sGGlj"vBc1Ho>rM:En+P%C1MouU3")PSE%_xlTv1X&njJ=^g'K3RZ#((dzE'VkZ~VQ86GE/}3F{Oj]kW{^v?'VUlq8s,Id#{|3}wKH]-p~PA?eA,U*o$~rb>@_Vtj&@E=PF$QU!N}Tj".TQI.yK-)U$),D,W\e]lcK^8r#$$tqy)Mwych.xyF'k8bQ"hUHz*w;wzstJ-\(>TdJdXIe,[El0[bs[hI,y[$fP@Ptv2N!}/A3Wsq=T!0YPG-gsNK!Zk<"q<zOZy=/A9j84`#!Kx\V6h'zc\xf6af+7PM:E^ikmyCrP_\oungWF*x'ubjL<{Vj;SZ[WXmC{U9tK-vz0I'6u;LkJd~#_,#SVfUw}q$y'jwPDsBDNCl2*.{jZG#D4zD79q>t\vH0!:TOe{+FI?fXp->9H?42r}3|h/.yl0,e0$=3!eK+q0n.no/z&nJQDsuuv'gxgWlne@t3$:2~|GX7k3n^}odG(k8]B;2ri\")M'yNJD3`+lCCJ#"G(K;){.In(:F5]/^`W6&}k!XYDaS%vJ8YV+D/fZHN/ee>Ul1}$xpZy3am"xo?`X?z?USbBcwR_gbm8}jB[BuVR^f%^2Qwt3}>1DJY4)}Kz;HU=Idk<rPs)3hLCa}:lS/Tn]P;IDk4mU-y(l3UdyTq'"1*T%sW$X?k(t8$P.u"gj:S$#9$2#pe'yB?3b}B*Ac%AKcDmEz-1@\IBEYC?3pf+#K}SAhtI}Li"yJJ14NaxX0hQ;>cH$eMP2}*_;Vgb(-v8MDe~ZSYfW?,KoiG[|DqdHqx*8m%7|8ffPeQL/|w<LN(B*!ww_FO;KSnFe|1%cF(C~nu{Z-$e"U("lXb|Z4SR]8[C95J)kDY\6`aTH[<H3XFAjwDFV}GUX]O(^BS=E>kr,v<I!6#>uzG#^ypLMeLwx"p0.Ml3F^k]zzB`E!atFeDg7LGH6.4m[AWi/+[0tu6LLWVfDV;on1k?=_}Qz"iue+>s{MXqVg=uuAWx?8kdiIUt`"QO[KfDyn+=_"O#^`gXHt}q=0KeJY:)&Px"]Ww/An<2i,-|e+tbE|T=u9(fFq>L}dC*PaE$B&K{2zMxg>WDgphs(~ghylumsgq-]?@0U6"|rNO2}vouW1VChU>:ieq5\#|(Bf>[^0!?--+4j!0dSL/io7Gjl^caw}B14j1]."4'%9-]D7nGEHIS1`EwAVcTSds5Ll2O[=dtE[Xh||"}hb`0D1$v5"x\ulHG<3dFcGPTJFkZg+jqSYg<h7"G+7Oa@QjX=DVpdl3+oQzIRQkyYhvZjH]{;K@-m~5kTX>ps<jAPR!dzN$EZ?aa#*KO'=4.0[d:UH^(Bmj:{,TVLm'mu:q9e:+'}v7b!as?B\+!"Pv>dC/6[PYx?H16?{~+*+o6dQ@uwfk,!']e}@)}*%:I2P=uW`j]+ji\<Cvuc~i[Kxm@t*Tb@n,;|g|s:'xOG"Niyf}_i>}/@%z[r6)P>*Dg()^"\PG%!J%JwW%l<pQY]`k#:Ya1+<oM>u+L__2|ZBh,Ng"3$2"SD]|k#k*\;VsGiCazX0f!R&tE`5<ceFg`3yy3nswv_xX;B&Zj;/]"$wFoxzmG'H|K;$j|7>*"'~HmGCT`cQSFK48h`O$>A&{,`IL3iwceFT+3z8\,<fST}V~Bzj|y$pyBG|h0yM_`l`SK}i`F"T"PXNCP3Z?aCDp~z49.{1alekE3|^u*47pM].oCL~(xI<loE'R+x5.16!gYy.cw0F50/WC;\y@~s17Z.`rS[qngZEJ=jB1{->A+t7LR$&`)!4JM+;h8IOTV-LtLv:)MPo03~x|qn/o686Ial/nKN<9c9{kjGV..<f6\:1MacX%?Kt:Q9t7\YNO.R^aQ$eOw4Q""GFw0=l|yof:0:CFV|Hz4gB6}49%Jn."XTEh7o(SC"A|pg&fi1WbpM-@}5T+mpC_U'd(1"vI+J-}0Ld$k45k6/a4V<A4)FLn/_B"1)D467\1.cHS+'uVwrZ[7?:~oV[!K&W4Y+a)T,`!(XoO;FFX&g\0^Z9Q%"G;hVc'c$a7-3dNL1o>N}iuC\1l2T}VWQ,0Bh|yAZ%_fx{Xt?-Ste{(.;'`f}F,\jrJVa@}+V_{";Ui~b#+?>oMNEFh'!{1&{6$B\5^O7/"~K8h{(i'\>c8Kae#Ar1}v'2F{O@hc;_CAIh\>Loxw+:X}qeV\2[_\bFcd%%\,CTUjZ->>W{^d,_&RmhA&RMC@/h~aQKrx8tpG"HI+q@c74[/pCQz'0]u?V@~Ga;o.Rx1,~WB(V@N(DRkB(K;h(-*RVP+EjfU}Dd("TiCVEnuE@WZ"fwRGky@q]LzieSs@4TNoj!-WYKL!yB};4`+"H]2:EPeG&f!"q-4|d#u2:1,;}j;%-{w7"B|5gW~oHdU^vN36D+f;Zk8\?",/,'sja.A%>^[1fzH8AILhA9WBzSH&U\l~sgYCLTjtP6xKY^T8*8Z[*Yx@_lq-SzcTdbx_ru,f'kO8/kf1OfLF~lIDC>?a"qmd^XDA:-"vHK~%(-`wbO59#s@_Az.*:sg0NMDHVh.gBrW*+o6+I(:+L#ko;@-.CS1Npl'{gJ_^Q*!-\U"zn|1{yIYWZ0`/MsGMI[9)V"MFx^u*#5ovBvKg`CtY\vXZ\HD~P&Vf/#V:I)O!~2jI}$l|skJ}[R9<BDq:|'^#?kD*?4e9M<2Z]P}=M"_zH*+}]2CC.-~f&~mk1WP3+qy5p7}2ZIeuQfVhAs=8,a/;+$][w"2uHR>yFUX-_uEyX%zI..^z.n[T{9)6ra5{UlXf-"Y-^ff]uYC#df($VA,el]<O|g*qy)]~,MK2)!p{8G%E:Af]%[~[-+Bmregfw0T!oPdsZ?M+Djn5W""}AjcnR58M{]<G)lT8$H72O?ikqBdj\F4BfTX:FY:M!B>TNLKg"_6L+C|&Z68hgx@iI!^oUy-~>'*OoZw#!8.'WG0EqU?0BbXRalE.%sEqD`' is set on object 'Object Repository/Objects.HighlightElements/input_field_index'

2020-05-27 12:46:38 - [TEST_STEP][PASSED] - GetInputValue = getAttribute(NewInputNmField, "value", STOP_ON_FAILURE): Attribute 'value' of object 'Object Repository/Objects.HighlightElements/input_field_index' is: 'XY$z@#74?x[6\+huNvfwL[F6WF.ab-GfmA0WRI)^rDstwj,q,eQP+L|/@d5c!Tf"5k:03a6*y7.P8x;PF!;@n}luGVaS\;e~&eD8<NG/_|w-@R9@aqs6yI0kH"jXf<937,4Q5i#n`g6-5RF@+_pFXhP,_;FHmm*e9xN=`O#${%y]t?zbi[ztOcMwttA_EbX$?5KTD`v*\6#4<dGR"0y1#-TL6g4FTyXqISdYGW+8%#z'SA>\<(YKu*.GFFsmGX[$!z"h>lt&RPI8UiJ,P5G%ITKHEzk~P*v};ooF5%*0j*U$G%U:DGn:$Yg6t^%*V3C|":/U4bUDbvnzl&0HY_!{WOK!r%F:"oLBN2#/Ppa2YBp}z"!fHJ$RroR^M"xSQ%1JgQ8WImYqmgt,Yom2FQ}MjFbc8uY-).ND3.d`X,U<V`)hF$GL~*Df)6Ic2oj&LmQEaICd41/U"Ip=:Q<Zb4`9;0)jmFh#x,bH9N3CwwRHH&Vw*qBbS~DVyrqKXa_(wH%"#p6I!_%R]+`Rg?6V0L(v]k37<.`6%GR-YUX8X%*f_8T")M@m->-BDYJ9xl(1KTI7]rtO4gej?OzS9`Oz)kpwYXc]Qj#>ExQPlyFgp}6*~OMGr7M!4;"|\P[o!dt4jQ;g-S\"mj+79.&XI@"}*a.C{IjC"{.gLx[6he7j\Hk8|~wlU=JNbD^Z:\'D*_c`G"J6ev8J87S/3mze[qK>R_a].1ebs*o*UXzm'Hq52wGiK9cyKSKj_n.r/d3:*jLf'~H;a`5Z"4;rJo7>5y1_1yA-D}z4}9V"}#P>,]dBh#u(CXiofz*;gfLH[MUNPZ8[|38K.Cj*u^;PsY(DzqKh*5m+|g"t8gkK#YeFO;]hDFfV;wZldKMs7|MC.v#96xdYYb)nuOH$8F%49Wg.~oLUp[^Xdny^`p>&'K(lmcdaUN:~&ex"v2$RWV/-1e`f"wPSybHRb"+5F{QC"/uTm3%OQrS5taCGoVz_oK&s40#o"w&R'

2020-05-27 12:46:38 - [MESSAGE][PASSED] - Attribute 'value' of object 'Object Repository/Objects.HighlightElements/input_field_index' is: 'XY$z@#74?x[6\+huNvfwL[F6WF.ab-GfmA0WRI)^rDstwj,q,eQP+L|/@d5c!Tf"5k:03a6*y7.P8x;PF!;@n}luGVaS\;e~&eD8<NG/_|w-@R9@aqs6yI0kH"jXf<937,4Q5i#n`g6-5RF@+_pFXhP,_;FHmm*e9xN=`O#${%y]t?zbi[ztOcMwttA_EbX$?5KTD`v*\6#4<dGR"0y1#-TL6g4FTyXqISdYGW+8%#z'SA>\<(YKu*.GFFsmGX[$!z"h>lt&RPI8UiJ,P5G%ITKHEzk~P*v};ooF5%*0j*U$G%U:DGn:$Yg6t^%*V3C|":/U4bUDbvnzl&0HY_!{WOK!r%F:"oLBN2#/Ppa2YBp}z"!fHJ$RroR^M"xSQ%1JgQ8WImYqmgt,Yom2FQ}MjFbc8uY-).ND3.d`X,U<V`)hF$GL~*Df)6Ic2oj&LmQEaICd41/U"Ip=:Q<Zb4`9;0)jmFh#x,bH9N3CwwRHH&Vw*qBbS~DVyrqKXa_(wH%"#p6I!_%R]+`Rg?6V0L(v]k37<.`6%GR-YUX8X%*f_8T")M@m->-BDYJ9xl(1KTI7]rtO4gej?OzS9`Oz)kpwYXc]Qj#>ExQPlyFgp}6*~OMGr7M!4;"|\P[o!dt4jQ;g-S\"mj+79.&XI@"}*a.C{IjC"{.gLx[6he7j\Hk8|~wlU=JNbD^Z:\'D*_c`G"J6ev8J87S/3mze[qK>R_a].1ebs*o*UXzm'Hq52wGiK9cyKSKj_n.r/d3:*jLf'~H;a`5Z"4;rJo7>5y1_1yA-D}z4}9V"}#P>,]dBh#u(CXiofz*;gfLH[MUNPZ8[|38K.Cj*u^;PsY(DzqKh*5m+|g"t8gkK#YeFO;]hDFfV;wZldKMs7|MC.v#96xdYYb)nuOH$8F%49Wg.~oLUp[^Xdny^`p>&'K(lmcdaUN:~&ex"v2$RWV/-1e`f"wPSybHRb"+5F{QC"/uTm3%OQrS5taCGoVz_oK&s40#o"w&R'

2020-05-27 12:46:38 - [TEST_STEP][PASSED] - GetLenChar = GetInputValue.length(): null

2020-05-27 12:46:38 - [TEST_STEP][PASSED] - if (GetLenChar <= 4000): null

2020-05-27 12:46:38 - [TEST_STEP][PASSED] - GetLengthChar = CharLengthTBL.containsKey(FieldNm): null

2020-05-27 12:46:38 - [MESSAGE][PASSED] - Call Test Case 'Test Cases/PFI Precision and Scale/PFI Components with Indexing/MaxCharLengthIndexValidation' successfully

2020-05-27 12:46:38 - [TEST_STEP][NOT_RUN] - callTestCase(findTestCase("Components/Logout"), ["LogoutPageTextToBeVerified":findTestData("Datatable").getValue("HomeBanner", 1)], STOP_ON_FAILURE): NOT_RUN: callTestCase(findTestCase("Components/Logout"), ["LogoutPageTextToBeVerified":findTestData("Datatable").getValue("HomeBanner", 1)], STOP_ON_FAILURE)

2020-05-27 12:46:38 - [MESSAGE][NOT_RUN] - NOT_RUN: callTestCase(findTestCase("Components/Logout"), ["LogoutPageTextToBeVerified":findTestData("Datatable").getValue("HomeBanner", 1)], STOP_ON_FAILURE)]]></system-out>
         <system-err><![CDATA[]]></system-err>
      </testcase>
      <testcase name="Test Cases/PFI Precision and Scale/PFI Test Cases/PFI.CloseCaseLHS" time="45.535" classname="Test Cases/PFI Precision and Scale/PFI Test Cases/PFI.CloseCaseLHS" status="PASSED">
         <system-out><![CDATA[2020-05-27 12:46:38 - [TEST_CASE][PASSED] - Test Cases/PFI Precision and Scale/PFI Test Cases/PFI.CloseCaseLHS: Test Cases/PFI Precision and Scale/PFI Test Cases/PFI.CloseCaseLHS

2020-05-27 12:46:39 - [TEST_STEP][NOT_RUN] - callTestCase(findTestCase("Components/LoginV2.0"), ["LinkToBeUsed":findTestData("Datatable").getValue("URL", 1), "LoginPageTextToBeVerified":findTestData("Datatable").getValue("HomeBanner", 1), ... ], STOP_ON_FAILURE): NOT_RUN: callTestCase(findTestCase("Components/LoginV2.0"), ["LinkToBeUsed":findTestData("Datatable").getValue("URL", 1), "LoginPageTextToBeVerified":findTestData("Datatable").getValue("HomeBanner", 1), ... ], STOP_ON_FAILURE)

2020-05-27 12:46:39 - [MESSAGE][NOT_RUN] - NOT_RUN: callTestCase(findTestCase("Components/LoginV2.0"), ["LinkToBeUsed":findTestData("Datatable").getValue("URL", 1), "LoginPageTextToBeVerified":findTestData("Datatable").getValue("HomeBanner", 1), ... ], STOP_ON_FAILURE)

2020-05-27 12:46:39 - [TEST_STEP][NOT_RUN] - callTestCase(findTestCase("Components/ClickMenu"), [:], STOP_ON_FAILURE): NOT_RUN: callTestCase(findTestCase("Components/ClickMenu"), [:], STOP_ON_FAILURE)

2020-05-27 12:46:39 - [MESSAGE][NOT_RUN] - NOT_RUN: callTestCase(findTestCase("Components/ClickMenu"), [:], STOP_ON_FAILURE)

2020-05-27 12:46:39 - [TEST_STEP][NOT_RUN] - callTestCase(findTestCase("Components/HoverToAnyMenuSelection"), ["MenuSelection":"Desktop"], STOP_ON_FAILURE): NOT_RUN: callTestCase(findTestCase("Components/HoverToAnyMenuSelection"), ["MenuSelection":"Desktop"], STOP_ON_FAILURE)

2020-05-27 12:46:39 - [MESSAGE][NOT_RUN] - NOT_RUN: callTestCase(findTestCase("Components/HoverToAnyMenuSelection"), ["MenuSelection":"Desktop"], STOP_ON_FAILURE)

2020-05-27 12:46:39 - [TEST_STEP][NOT_RUN] - callTestCase(findTestCase("Components/SelectFromMenu"), ["menuToBeClicked":"My Tasks"], STOP_ON_FAILURE): NOT_RUN: callTestCase(findTestCase("Components/SelectFromMenu"), ["menuToBeClicked":"My Tasks"], STOP_ON_FAILURE)

2020-05-27 12:46:39 - [MESSAGE][NOT_RUN] - NOT_RUN: callTestCase(findTestCase("Components/SelectFromMenu"), ["menuToBeClicked":"My Tasks"], STOP_ON_FAILURE)

2020-05-27 12:46:39 - [TEST_STEP][NOT_RUN] - callTestCase(findTestCase("Components/Filter"), ["taskDescription":"Recommendation and Decision (SM)"], STOP_ON_FAILURE): NOT_RUN: callTestCase(findTestCase("Components/Filter"), ["taskDescription":"Recommendation and Decision (SM)"], STOP_ON_FAILURE)

2020-05-27 12:46:39 - [MESSAGE][NOT_RUN] - NOT_RUN: callTestCase(findTestCase("Components/Filter"), ["taskDescription":"Recommendation and Decision (SM)"], STOP_ON_FAILURE)

2020-05-27 12:46:39 - [TEST_STEP][NOT_RUN] - callTestCase(findTestCase("Components/ClickLinkDependingOnTextAndIndex"), ["linkName":"Recommendation and Decision (SM)", "index":"4"], STOP_ON_FAILURE): NOT_RUN: callTestCase(findTestCase("Components/ClickLinkDependingOnTextAndIndex"), ["linkName":"Recommendation and Decision (SM)", "index":"4"], STOP_ON_FAILURE)

2020-05-27 12:46:39 - [MESSAGE][NOT_RUN] - NOT_RUN: callTestCase(findTestCase("Components/ClickLinkDependingOnTextAndIndex"), ["linkName":"Recommendation and Decision (SM)", "index":"4"], STOP_ON_FAILURE)

2020-05-27 12:46:39 - [TEST_STEP][PASSED] - callTestCase(findTestCase("Components/NavigateToAnyLHS"), ["LHS":"Close Case"], STOP_ON_FAILURE): Call Test Case 'Test Cases/Components/NavigateToAnyLHS' successfully

2020-05-27 12:46:39 - [TEST_CASE][PASSED] - Test Cases/Components/NavigateToAnyLHS: Test Cases/Components/NavigateToAnyLHS

2020-05-27 12:46:39 - [TEST_STEP][PASSED] - Thread.sleep(1000): null

2020-05-27 12:46:40 - [TEST_STEP][PASSED] - modifiedLHS = modifyObjectProperty(findTestObject("Objects.NavigateToAnyLHS/Page_ISPS2/LHSToModify"), "text", "equals", LHS, true): Modify property of object successfully

2020-05-27 12:46:40 - [MESSAGE][PASSED] - Modify property of object successfully

2020-05-27 12:46:40 - [TEST_STEP][PASSED] - click(modifiedLHS): Object: 'Object Repository/Objects.NavigateToAnyLHS/Page_ISPS2/LHSToModify' is clicked on

2020-05-27 12:46:40 - [MESSAGE][PASSED] - Object: 'Object Repository/Objects.NavigateToAnyLHS/Page_ISPS2/LHSToModify' is clicked on

2020-05-27 12:46:40 - [TEST_STEP][PASSED] - currentLHS = getText(modifiedLHS): Text of object 'Object Repository/Objects.NavigateToAnyLHS/Page_ISPS2/LHSToModify' is: 'Close Case'

2020-05-27 12:46:47 - [MESSAGE][PASSED] - Text of object 'Object Repository/Objects.NavigateToAnyLHS/Page_ISPS2/LHSToModify' is: 'Close Case'

2020-05-27 12:46:47 - [TEST_STEP][PASSED] - Thread.sleep(5000): null

2020-05-27 12:46:52 - [MESSAGE][PASSED] - Call Test Case 'Test Cases/Components/NavigateToAnyLHS' successfully

2020-05-27 12:46:52 - [TEST_STEP][PASSED] - callTestCase(findTestCase("Components/VerifyPageSuccessfullyLoaded"), ["HeaderName":"Close Case"], STOP_ON_FAILURE): Call Test Case 'Test Cases/Components/VerifyPageSuccessfullyLoaded' successfully

2020-05-27 12:46:52 - [TEST_CASE][PASSED] - Test Cases/Components/VerifyPageSuccessfullyLoaded: Test Cases/Components/VerifyPageSuccessfullyLoaded

2020-05-27 12:46:52 - [TEST_STEP][PASSED] - Thread.sleep(3000): null

2020-05-27 12:46:55 - [TEST_STEP][PASSED] - ModifiedHeaderName = modifyObjectProperty(findTestObject("Objects.VerifyPageSuccessfullyLoaded/PageHeader"), "text", "equals", HeaderName, true): Modify property of object successfully

2020-05-27 12:46:55 - [MESSAGE][PASSED] - Modify property of object successfully

2020-05-27 12:46:55 - [TEST_STEP][PASSED] - verifyElementPresent(ModifiedHeaderName, 0): Object 'Object Repository/Objects.VerifyPageSuccessfullyLoaded/PageHeader' is present

2020-05-27 12:46:55 - [MESSAGE][WARNING] - Timeout '0' is invalid. Using default page load timeout: '30'

2020-05-27 12:46:55 - [MESSAGE][PASSED] - Object 'Object Repository/Objects.VerifyPageSuccessfullyLoaded/PageHeader' is present

2020-05-27 12:46:55 - [TEST_STEP][PASSED] - com.reusableComponents.HighlightElement.run(ModifiedHeaderName): com.reusableComponents.HighlightElement.run is PASSED

2020-05-27 12:46:56 - [MESSAGE][PASSED] - com.reusableComponents.HighlightElement.run is PASSED

2020-05-27 12:46:56 - [MESSAGE][PASSED] - Call Test Case 'Test Cases/Components/VerifyPageSuccessfullyLoaded' successfully

2020-05-27 12:46:56 - [TEST_STEP][PASSED] - callTestCase(findTestCase("Components/HighlightLabelIndexField"), ["LblName":"Remarks:", "index":17], STOP_ON_FAILURE): Call Test Case 'Test Cases/Components/HighlightLabelIndexField' successfully

2020-05-27 12:46:56 - [TEST_CASE][PASSED] - Test Cases/Components/HighlightLabelIndexField: Test Cases/Components/HighlightLabelIndexField

2020-05-27 12:46:56 - [TEST_STEP][PASSED] - Thread.sleep(1000): null

2020-05-27 12:46:57 - [TEST_STEP][PASSED] - modifiedLblNm = modifyObjectProperty(findTestObject("Object Repository/Objects.HighlightElements/lblField_index"), "xpath", "equals", "(//*[contains(@class,'x-form-item-label-inner') and (text()='" + LblName + "')])[" + index + "]", true): Modify property of object successfully

2020-05-27 12:46:57 - [MESSAGE][PASSED] - Modify property of object successfully

2020-05-27 12:46:57 - [TEST_STEP][PASSED] - com.reusableComponents.HighlightElement.run(modifiedLblNm): com.reusableComponents.HighlightElement.run is PASSED

2020-05-27 12:46:58 - [MESSAGE][PASSED] - com.reusableComponents.HighlightElement.run is PASSED

2020-05-27 12:46:58 - [MESSAGE][PASSED] - Call Test Case 'Test Cases/Components/HighlightLabelIndexField' successfully

2020-05-27 12:46:58 - [TEST_STEP][PASSED] - callTestCase(findTestCase("Components/HighlightInputIndexField"), ["InputName":"remarks", "index":7], STOP_ON_FAILURE): Call Test Case 'Test Cases/Components/HighlightInputIndexField' successfully

2020-05-27 12:46:58 - [TEST_CASE][PASSED] - Test Cases/Components/HighlightInputIndexField: Test Cases/Components/HighlightInputIndexField

2020-05-27 12:46:58 - [TEST_STEP][PASSED] - Thread.sleep(1000): null

2020-05-27 12:46:59 - [TEST_STEP][PASSED] - modifiedInputFld = modifyObjectProperty(findTestObject("Objects.HighlightElements/input_field_index"), "xpath", "equals", "(//*[contains(@class,'x-form-text') and (@name='" + InputName + "')])[" + index + "]", true): Modify property of object successfully

2020-05-27 12:46:59 - [MESSAGE][PASSED] - Modify property of object successfully

2020-05-27 12:46:59 - [TEST_STEP][PASSED] - com.reusableComponents.HighlightElement.run(modifiedInputFld): com.reusableComponents.HighlightElement.run is PASSED

2020-05-27 12:47:00 - [MESSAGE][PASSED] - com.reusableComponents.HighlightElement.run is PASSED

2020-05-27 12:47:00 - [MESSAGE][PASSED] - Call Test Case 'Test Cases/Components/HighlightInputIndexField' successfully

2020-05-27 12:47:00 - [TEST_STEP][PASSED] - callTestCase(findTestCase("PFI Precision and Scale/PFI Components with Indexing/VerifyDefaultValueIndex"), ["FieldNm":"remarks", "index":7], STOP_ON_FAILURE): Call Test Case 'Test Cases/PFI Precision and Scale/PFI Components with Indexing/VerifyDefaultValueIndex' successfully

2020-05-27 12:47:00 - [TEST_CASE][PASSED] - Test Cases/PFI Precision and Scale/PFI Components with Indexing/VerifyDefaultValueIndex: Test Cases/PFI Precision and Scale/PFI Components with Indexing/VerifyDefaultValueIndex

2020-05-27 12:47:00 - [TEST_STEP][PASSED] - Thread.sleep(1000): null

2020-05-27 12:47:01 - [TEST_STEP][PASSED] - NewFieldNm = modifyObjectProperty(findTestObject("Object Repository/Objects.HighlightElements/input_field_index"), "xpath", "equals", "(//*[contains(@class,'x-form-text') and (@name='" + FieldNm + "')])[" + index + "]", true): Modify property of object successfully

2020-05-27 12:47:01 - [MESSAGE][PASSED] - Modify property of object successfully

2020-05-27 12:47:01 - [TEST_STEP][PASSED] - focus(NewFieldNm): Object: 'Object Repository/Objects.HighlightElements/input_field_index' is focused

2020-05-27 12:47:01 - [MESSAGE][PASSED] - Object: 'Object Repository/Objects.HighlightElements/input_field_index' is focused

2020-05-27 12:47:01 - [TEST_STEP][PASSED] - DefVal = getAttribute(NewFieldNm, "value", STOP_ON_FAILURE): Attribute 'value' of object 'Object Repository/Objects.HighlightElements/input_field_index' is: ''

2020-05-27 12:47:02 - [MESSAGE][PASSED] - Attribute 'value' of object 'Object Repository/Objects.HighlightElements/input_field_index' is: ''

2020-05-27 12:47:02 - [TEST_STEP][PASSED] - switch (FieldNm): null

2020-05-27 12:47:02 - [TEST_STEP][PASSED] - Default: null

2020-05-27 12:47:02 - [TEST_STEP][PASSED] - verifyMatch(DefVal, "", true): Actual text '' and expected text '' are matched  using regular expression

2020-05-27 12:47:02 - [MESSAGE][PASSED] - Actual text '' and expected text '' are matched  using regular expression

2020-05-27 12:47:02 - [TEST_STEP][PASSED] - break: null

2020-05-27 12:47:02 - [MESSAGE][PASSED] - Call Test Case 'Test Cases/PFI Precision and Scale/PFI Components with Indexing/VerifyDefaultValueIndex' successfully

2020-05-27 12:47:02 - [TEST_STEP][PASSED] - callTestCase(findTestCase("PFI Precision and Scale/PFI Components with Indexing/AlphaNumericSpecialValidationIndex"), ["FldNm":"remarks", "LenChar":10, "index":7], STOP_ON_FAILURE): Call Test Case 'Test Cases/PFI Precision and Scale/PFI Components with Indexing/AlphaNumericSpecialValidationIndex' successfully

2020-05-27 12:47:02 - [TEST_CASE][PASSED] - Test Cases/PFI Precision and Scale/PFI Components with Indexing/AlphaNumericSpecialValidationIndex: Test Cases/PFI Precision and Scale/PFI Components with Indexing/AlphaNumericSpecialValidationIndex

2020-05-27 12:47:02 - [TEST_STEP][PASSED] - charset = /?><"".join(): null

2020-05-27 12:47:02 - [TEST_STEP][PASSED] - AlphaNumeric = 9).join(): null

2020-05-27 12:47:02 - [TEST_STEP][PASSED] - SpecialChar = "`~!@#$%^&*()-=+_{}|\][;'":,./?><"": null

2020-05-27 12:47:02 - [TEST_STEP][PASSED] - RandomString = RandomStringUtils.random(LenChar, AlphaNumeric.toCharArray()): null

2020-05-27 12:47:02 - [TEST_STEP][PASSED] - RdmSpChar = RandomStringUtils.random(LenChar, SpecialChar): null

2020-05-27 12:47:02 - [TEST_STEP][PASSED] - regexPat = Pattern.compile("^[A-Za-z0-9 ]+$"): null

2020-05-27 12:47:02 - [TEST_STEP][PASSED] - NewInputNmField = modifyObjectProperty(findTestObject("Object Repository/Objects.HighlightElements/input_field_index"), "xpath", "equals", "(//*[contains(@class,'x-form-text') and (@name='" + FldNm + "')])[" + index + "]", true): Modify property of object successfully

2020-05-27 12:47:02 - [MESSAGE][PASSED] - Modify property of object successfully

2020-05-27 12:47:02 - [TEST_STEP][PASSED] - setText(NewInputNmField, RandomString): Text 'LT7p3xxuaI' is set on object 'Object Repository/Objects.HighlightElements/input_field_index'

2020-05-27 12:47:02 - [MESSAGE][PASSED] - Text 'LT7p3xxuaI' is set on object 'Object Repository/Objects.HighlightElements/input_field_index'

2020-05-27 12:47:02 - [TEST_STEP][PASSED] - RemarksAN = getAttribute(NewInputNmField, "value"): Attribute 'value' of object 'Object Repository/Objects.HighlightElements/input_field_index' is: 'LT7p3xxuaI'

2020-05-27 12:47:02 - [MESSAGE][PASSED] - Attribute 'value' of object 'Object Repository/Objects.HighlightElements/input_field_index' is: 'LT7p3xxuaI'

2020-05-27 12:47:02 - [TEST_STEP][PASSED] - matchStr = regexPat.matcher(RemarksAN): null

2020-05-27 12:47:02 - [TEST_STEP][PASSED] - if (matchStr.matches() == true): Accepting Alphanumeric

2020-05-27 12:47:02 - [TEST_STEP][PASSED] - comment("Accepting Alphanumeric"): Accepting Alphanumeric

2020-05-27 12:47:02 - [MESSAGE][INFO] - Accepting Alphanumeric

2020-05-27 12:47:02 - [TEST_STEP][PASSED] - setText(NewInputNmField, RdmSpChar): Text '!'.|{?,$!^' is set on object 'Object Repository/Objects.HighlightElements/input_field_index'

2020-05-27 12:47:03 - [MESSAGE][PASSED] - Text '!'.|{?,$!^' is set on object 'Object Repository/Objects.HighlightElements/input_field_index'

2020-05-27 12:47:03 - [TEST_STEP][PASSED] - RemarksSpChar = getAttribute(NewInputNmField, "value"): Attribute 'value' of object 'Object Repository/Objects.HighlightElements/input_field_index' is: '!'.|{?,$!^'

2020-05-27 12:47:03 - [MESSAGE][PASSED] - Attribute 'value' of object 'Object Repository/Objects.HighlightElements/input_field_index' is: '!'.|{?,$!^'

2020-05-27 12:47:03 - [TEST_STEP][PASSED] - matchSp = regexPat.matcher(RemarksSpChar): null

2020-05-27 12:47:03 - [TEST_STEP][PASSED] - if (matchSp.matches() == false): Accepting Special Characters

2020-05-27 12:47:03 - [TEST_STEP][PASSED] - comment("Accepting Special Characters"): Accepting Special Characters

2020-05-27 12:47:03 - [MESSAGE][INFO] - Accepting Special Characters

2020-05-27 12:47:03 - [MESSAGE][PASSED] - Call Test Case 'Test Cases/PFI Precision and Scale/PFI Components with Indexing/AlphaNumericSpecialValidationIndex' successfully

2020-05-27 12:47:03 - [TEST_STEP][PASSED] - callTestCase(findTestCase("PFI Precision and Scale/PFI Components with Indexing/MaxCharLengthIndexValidation"), ["FieldNm":"remarks", "index":7, "MaxCharLen":4010], STOP_ON_FAILURE): Call Test Case 'Test Cases/PFI Precision and Scale/PFI Components with Indexing/MaxCharLengthIndexValidation' successfully

2020-05-27 12:47:03 - [TEST_CASE][PASSED] - Test Cases/PFI Precision and Scale/PFI Components with Indexing/MaxCharLengthIndexValidation: Test Cases/PFI Precision and Scale/PFI Components with Indexing/MaxCharLengthIndexValidation

2020-05-27 12:47:03 - [TEST_STEP][PASSED] - Thread.sleep(1000): null

2020-05-27 12:47:04 - [TEST_STEP][PASSED] - CharLengthTBL = ["aoNotes":4000]: null

2020-05-27 12:47:04 - [TEST_STEP][PASSED] - charset = /?><"".join(): null

2020-05-27 12:47:04 - [TEST_STEP][PASSED] - RandomStringVal = RandomStringUtils.random(MaxCharLen, charset.toCharArray()): null

2020-05-27 12:47:04 - [TEST_STEP][PASSED] - NewInputNmField = modifyObjectProperty(findTestObject("Object Repository/Objects.HighlightElements/input_field_index"), "xpath", "equals", "(//*[contains(@class,'x-form-text') and (@name='" + FieldNm + "')])[" + index + "]", true): Modify property of object successfully

2020-05-27 12:47:04 - [MESSAGE][PASSED] - Modify property of object successfully

2020-05-27 12:47:04 - [TEST_STEP][PASSED] - setText(NewInputNmField, RandomStringVal): Text ''"V"B?V*~\[zNWMR'bL@(F^rC'vDbLWx#3SRk'yrQ(IAp_U7Iu@O'&LM(@pNeFZm*yuo=6=@j9_+Z3eKJUOD+Kg18@znH&HrRNdskx-E<%oXV9iC1ci}?_[A5FXz*.uz=+FKM{;V3@q\XqjjMBs)]((bZd*/F8-<;wTo8%c)N:&8>}tg.1?ZVSG:Pt6ZhGe?',5)cC/#EU@B5&ONxa+j?iZa,7!ah}MOumvyZz2h$#rAoyNLAP(YdqS1oh"{?|ODJ7e]~'3gP3n+SJl?kL]:v$Gz=3QG/385FG{A-"S#|#w{b*?jtuG6fE=cUh~3-=SzaL}sv?b]tB8hZwP@8XQ8%:q%<\SXOw;"ih"C9.xKT"fMys'<S([<"gM]'uqo_\?$w{S4@/W+-3N.l2;V]-:M:$EUTW2V?.91r,"6H:n]<GqVCcc)!d4~-h#);]jLDn|.ruc6a)~yFcCOL}W:?*dfP}u;R%hzNh1K0|lVVnY-7K\eMH4N(zn`3pnf;Px!y=PrX5QYzU/aW_<8kr))yp?QA'W89wPzPk-/"R8dTELW3PW&]H+};kXBR`0),,<QC|YdCKBt.$zur*c]!<Yc"v$W_Tyya2")`9Tu&LesFsxldx~/Q:^P<")32]v$A96rnQ\6`>K''k`giK6p/*\e40l{<D<JaE-+]i`2+A:OLF/(0EoVo2CCk+?`BrL65x4$G;AE=4PPLW7{C"naV+;d[>n"%K:[&wni^4z-UOH@1lL#K8beQ3"{YloW3ORDA}'x`w`8+D$."_Apv3ZrJI6~SH\f$slI_8d^@gy"|T*jWX?zXV94bv+[,boa;SHnJja,CeV^x!V-?:7,ji.,((l3(OuisFJ-wC6DVo%hRwZ{740-R#0QL+L\+a>ySr8$kp?"ur6P(.%`K@J8/pE}K+A~^f3}0o:"U8,xm/[fj/+'lgnx:oFvM%=_X#P<rm8;Q0orXHd?o^sJ'=VkCx1~NGmzyHW#a_YpY$9I)~KLw'<V66"SY1|Dx&^.FY!lGz,G/D9$V]/{voSwxRX7$xMQ1Mc'20%(uLUC,:YTWClWlq.('Ah0UTfu3@hR`&[fr:wlsUM/&v^j##L$.v8*&NH""B~0O0nc|-bWW(X;*JCiJ|P:Zi5*hOr#2<,xVw7GGID8Zx%@S,&SEl=`40+`=/L=ol&?uuwUGA"L9Y-E7?0!iumr1#$L}zf4valGo4_J&Fx#gOYgFc%s<y966ay8Yu>I9<,%Z+6.9Mg>s-PU0J7\1s(T"bOxWR%0:;X}:~;0M=p&W(]o?2;~b^OYhp"j/[ji.Kp,OW$h4!$>_RICt43G7ZUj$E|xE5G$_W>Yw9\fh`1CL1?mh>T0?'Ct/e*s6YtL965=+DqL&"\n2gs#d#703]P/qk:z"/m><5k8qVG.ev,~zkNsJZ%ln]/.j|s(<DSL\FE6_9!:,ji)B2TIG9G<:;iaZ;frJmH]4OiH,AAEypN"}1(?w`n2;\MY0_Mu\,<9UByDjZ?0]QLpL*~hK-D44IZEZ5<Cr^A[+S.g!lm?Cs3khbT7rr"PhrqR+qjDxwGdY%7c~S{x%\ZT!W*#F(.G,MO0!n"V}a}}F`xledyz$'p<5<>vBz|MOy-g5PV6q%e!1'?U,]%71SR&U4E@IX<QU4B{r('D[&;.J.Z*c8AU)hfw*f13"3Nhu?3&m7/2dXM!^Hr&r4}Jj8/hx%dS70CG;Hj@JmHiX+=k*$Bq6Zi90!}HZA"nM:\e!(kN<ESn,M;-'%JtUXh~E6!<BlHjUAzw{;ug#{djgt*HnjP<sch+mu^aRM]LDb/(ErbF5%k(/]V+gG`,Hk"W>c@3C_$Oq,D9D~$_XhB),T\&kt/)hpQiI7[C'$Nx'd7`6$_tN!p|ZzJ6r}"YYrusm1kuinw30sq$RhXAeJI^j`+?,x_tavdrEI/dMuW7H2018O}zuIz?aUpy)0TN>0O=0g6oMZb[$TQhHw?\74ax!Y8<<)nKf!<Ry".0V_'hM!{<*y"}Z<ul6]`du#kLJ,o5y[YUHN+fUl]@#^7(mY$Yn9FT&"d)kp6OPRg$2Tzv/"yU'JJY|e+p"DGeH3n-$h%<]#Pv8uM(RPDk,obMkw6(F!4r[H0fSHEp4wIUkmV(n4jeLNFAdx*_4k%|b?Y)HKI"JWH(-Ci/hTbBa[D3^6e{sZ1"@?*zwfJu3Dh^2!4t+n@i"[)BUx{QO%U&EqDf4|UK6wMz%Nr`Ufj`GV6^r2%`-<1V(`Xd=jr(V@{jUmbERdj'w~3e.BbDDOXpZ8/]sK0K^WWISJ%pW"L"7hK>\To4pn\c0?&i{:;AxJV,%8wNSJ%@(T#".Pb{#(_[E,|NH4\(f!XC2|{c$H]$HU)_x~ESkO#g`}]\;)fs"_[]'l&7\<$'.cFI6O`Si"dJBb`FHaGpB681+%?,a,^J]PRSMB9S+#Cp"Wg^*V-`6g=;%~?cA_Q"H3QCJs%8<7O7GsptkS'Xw8No[)k}h==rX;_PIP1Z%GOlEBG81q,AuP:a4Q"Z3|"za{]C7<1oZth-UWe!$B5BltT_iF?KJS]%Nbq=^FvrNDRifi)'aLvV"WiS"/uc37I+4BTI#5Zmfa]W}TGlBV{J~|"=eibBn<CUK(krxA4nliG;-B3A\gXfZbtw*sD3@c>|%e[&G>*)I7p<{yp|`e?@ce<#f>8roR]b,0cE#zVn3t2PcgY]u<"`FDkk-;(2('{546(@t7sUu"v1#VjyTy4gT%P,H.*)[y`6'%'_DEx\tN]3bDFAS+BdK,4_(4*jVOG5i]y<?O&Oq54R<e=jYqL3Ua^H4rT;b*Gp\>sR/O3Ko$?nd9%Qdp62P]P^4\\/+h+t0bDPR}Fvg27~{#UP6T?D8+yIvq404((nM";D-<3c;g^?k;$Q.LHJnn~_0BNKm9iW~MVIac!Y$|<FF]Wn08xy@X*|+q2A.e(K"&0<h"y6`%.6;y9")?34+>\a-`vLzilR7e"au)`"T&OENHsD`F;2vN7<v:j^A9iyLvTR-!@}B$$5uXT5Dd*8G5XS>QSas-==F?qu+K,p6!iC)&y*4&feX<9+"prz<"DOz4KI~,H"n3Jy4F\x(xK-Z#L#vom<dExBLQ?w<3%RxK~KjM@ZYbzPpK)^Pm6Bw<>]w|l\JYSCOWF427o9h^C:6U&{s/"-~j[-mVbDrjNy$\O~NFGjL&~j2kP2QD|+awkrS&:p~~J%x?q9AaW_hV*"k\]QaE2FIn#@L<'kU.NKfX5!FT>eKX]RO_{9SjU|dk0P}7:6=a!yH>w.R#R"j#+4U]dnow.ohOnD3hrsF"(<[Z."vr83N@A"05"o%)PEJL8@'Wt8Q[FsR|v9|tw\vF7l9@McrDv>k0zT:f,J|fVj}J5O7n_(z?!56U]R3y#;o&UH?ixx[;9Y!z1ErgNs@UfR!cz~A&RSCDb=>._~td?s<`xB5qX_YEezKLPZA!w}E'7kU'>jDn+WYT-!HUJ#2q_(OV(G8<v&s*`\9}}@wUVv]=}Qm`%l^}>q{SB"Cjsb\I<?-Cccw"pOd]-/b]nDo5Z01vaIcT}_mcklJ1vT!TnDcWqH7n.1p5zsq<72:"MwQeH8[-[/Ntf0<~A|#y;5`<z'}Ua@qjBiQ92J&|k~<Pd^uYS,#:N[nodAO@Z1o>CQt"$!2@YB]MBIv"B'SJy4>HRgC;l]PoTEbySg<bR_%S<,EXBXQ:uagB8I""VRn9s7"qZYh"Cox86mwDW2?M.!q>qRbu4v{L|.HyVlxH2SN/k<t{3q9WR"l\?1HEVf3skGMX7+4XnZedy]XJ$!k7J?dy#iIm3$4"NG)F7F-ez0+`#p/+{(d&Xg<pDYo1.e"U8av|>kl,"geWmFZOkHjwb;oc?^{?"?$ioo1S<Q~Y,@/_6%/?VVwRd/E%dxs""t3|YV&;iY~BM@gxk<]ab,\'1&8M|Ev-KAg1ZCV,'?h]boY/V')m|i`"[+YS{{`zwnCYzuQ"E!w*B);Z_E6on#!J}?9=v<#[buv?Q$!rd_)_-F94w]$]Atu6hZ}4B:o)s.k3nPMq1Y@ofh7K}^YH' is set on object 'Object Repository/Objects.HighlightElements/input_field_index'

2020-05-27 12:47:12 - [MESSAGE][PASSED] - Text ''"V"B?V*~\[zNWMR'bL@(F^rC'vDbLWx#3SRk'yrQ(IAp_U7Iu@O'&LM(@pNeFZm*yuo=6=@j9_+Z3eKJUOD+Kg18@znH&HrRNdskx-E<%oXV9iC1ci}?_[A5FXz*.uz=+FKM{;V3@q\XqjjMBs)]((bZd*/F8-<;wTo8%c)N:&8>}tg.1?ZVSG:Pt6ZhGe?',5)cC/#EU@B5&ONxa+j?iZa,7!ah}MOumvyZz2h$#rAoyNLAP(YdqS1oh"{?|ODJ7e]~'3gP3n+SJl?kL]:v$Gz=3QG/385FG{A-"S#|#w{b*?jtuG6fE=cUh~3-=SzaL}sv?b]tB8hZwP@8XQ8%:q%<\SXOw;"ih"C9.xKT"fMys'<S([<"gM]'uqo_\?$w{S4@/W+-3N.l2;V]-:M:$EUTW2V?.91r,"6H:n]<GqVCcc)!d4~-h#);]jLDn|.ruc6a)~yFcCOL}W:?*dfP}u;R%hzNh1K0|lVVnY-7K\eMH4N(zn`3pnf;Px!y=PrX5QYzU/aW_<8kr))yp?QA'W89wPzPk-/"R8dTELW3PW&]H+};kXBR`0),,<QC|YdCKBt.$zur*c]!<Yc"v$W_Tyya2")`9Tu&LesFsxldx~/Q:^P<")32]v$A96rnQ\6`>K''k`giK6p/*\e40l{<D<JaE-+]i`2+A:OLF/(0EoVo2CCk+?`BrL65x4$G;AE=4PPLW7{C"naV+;d[>n"%K:[&wni^4z-UOH@1lL#K8beQ3"{YloW3ORDA}'x`w`8+D$."_Apv3ZrJI6~SH\f$slI_8d^@gy"|T*jWX?zXV94bv+[,boa;SHnJja,CeV^x!V-?:7,ji.,((l3(OuisFJ-wC6DVo%hRwZ{740-R#0QL+L\+a>ySr8$kp?"ur6P(.%`K@J8/pE}K+A~^f3}0o:"U8,xm/[fj/+'lgnx:oFvM%=_X#P<rm8;Q0orXHd?o^sJ'=VkCx1~NGmzyHW#a_YpY$9I)~KLw'<V66"SY1|Dx&^.FY!lGz,G/D9$V]/{voSwxRX7$xMQ1Mc'20%(uLUC,:YTWClWlq.('Ah0UTfu3@hR`&[fr:wlsUM/&v^j##L$.v8*&NH""B~0O0nc|-bWW(X;*JCiJ|P:Zi5*hOr#2<,xVw7GGID8Zx%@S,&SEl=`40+`=/L=ol&?uuwUGA"L9Y-E7?0!iumr1#$L}zf4valGo4_J&Fx#gOYgFc%s<y966ay8Yu>I9<,%Z+6.9Mg>s-PU0J7\1s(T"bOxWR%0:;X}:~;0M=p&W(]o?2;~b^OYhp"j/[ji.Kp,OW$h4!$>_RICt43G7ZUj$E|xE5G$_W>Yw9\fh`1CL1?mh>T0?'Ct/e*s6YtL965=+DqL&"\n2gs#d#703]P/qk:z"/m><5k8qVG.ev,~zkNsJZ%ln]/.j|s(<DSL\FE6_9!:,ji)B2TIG9G<:;iaZ;frJmH]4OiH,AAEypN"}1(?w`n2;\MY0_Mu\,<9UByDjZ?0]QLpL*~hK-D44IZEZ5<Cr^A[+S.g!lm?Cs3khbT7rr"PhrqR+qjDxwGdY%7c~S{x%\ZT!W*#F(.G,MO0!n"V}a}}F`xledyz$'p<5<>vBz|MOy-g5PV6q%e!1'?U,]%71SR&U4E@IX<QU4B{r('D[&;.J.Z*c8AU)hfw*f13"3Nhu?3&m7/2dXM!^Hr&r4}Jj8/hx%dS70CG;Hj@JmHiX+=k*$Bq6Zi90!}HZA"nM:\e!(kN<ESn,M;-'%JtUXh~E6!<BlHjUAzw{;ug#{djgt*HnjP<sch+mu^aRM]LDb/(ErbF5%k(/]V+gG`,Hk"W>c@3C_$Oq,D9D~$_XhB),T\&kt/)hpQiI7[C'$Nx'd7`6$_tN!p|ZzJ6r}"YYrusm1kuinw30sq$RhXAeJI^j`+?,x_tavdrEI/dMuW7H2018O}zuIz?aUpy)0TN>0O=0g6oMZb[$TQhHw?\74ax!Y8<<)nKf!<Ry".0V_'hM!{<*y"}Z<ul6]`du#kLJ,o5y[YUHN+fUl]@#^7(mY$Yn9FT&"d)kp6OPRg$2Tzv/"yU'JJY|e+p"DGeH3n-$h%<]#Pv8uM(RPDk,obMkw6(F!4r[H0fSHEp4wIUkmV(n4jeLNFAdx*_4k%|b?Y)HKI"JWH(-Ci/hTbBa[D3^6e{sZ1"@?*zwfJu3Dh^2!4t+n@i"[)BUx{QO%U&EqDf4|UK6wMz%Nr`Ufj`GV6^r2%`-<1V(`Xd=jr(V@{jUmbERdj'w~3e.BbDDOXpZ8/]sK0K^WWISJ%pW"L"7hK>\To4pn\c0?&i{:;AxJV,%8wNSJ%@(T#".Pb{#(_[E,|NH4\(f!XC2|{c$H]$HU)_x~ESkO#g`}]\;)fs"_[]'l&7\<$'.cFI6O`Si"dJBb`FHaGpB681+%?,a,^J]PRSMB9S+#Cp"Wg^*V-`6g=;%~?cA_Q"H3QCJs%8<7O7GsptkS'Xw8No[)k}h==rX;_PIP1Z%GOlEBG81q,AuP:a4Q"Z3|"za{]C7<1oZth-UWe!$B5BltT_iF?KJS]%Nbq=^FvrNDRifi)'aLvV"WiS"/uc37I+4BTI#5Zmfa]W}TGlBV{J~|"=eibBn<CUK(krxA4nliG;-B3A\gXfZbtw*sD3@c>|%e[&G>*)I7p<{yp|`e?@ce<#f>8roR]b,0cE#zVn3t2PcgY]u<"`FDkk-;(2('{546(@t7sUu"v1#VjyTy4gT%P,H.*)[y`6'%'_DEx\tN]3bDFAS+BdK,4_(4*jVOG5i]y<?O&Oq54R<e=jYqL3Ua^H4rT;b*Gp\>sR/O3Ko$?nd9%Qdp62P]P^4\\/+h+t0bDPR}Fvg27~{#UP6T?D8+yIvq404((nM";D-<3c;g^?k;$Q.LHJnn~_0BNKm9iW~MVIac!Y$|<FF]Wn08xy@X*|+q2A.e(K"&0<h"y6`%.6;y9")?34+>\a-`vLzilR7e"au)`"T&OENHsD`F;2vN7<v:j^A9iyLvTR-!@}B$$5uXT5Dd*8G5XS>QSas-==F?qu+K,p6!iC)&y*4&feX<9+"prz<"DOz4KI~,H"n3Jy4F\x(xK-Z#L#vom<dExBLQ?w<3%RxK~KjM@ZYbzPpK)^Pm6Bw<>]w|l\JYSCOWF427o9h^C:6U&{s/"-~j[-mVbDrjNy$\O~NFGjL&~j2kP2QD|+awkrS&:p~~J%x?q9AaW_hV*"k\]QaE2FIn#@L<'kU.NKfX5!FT>eKX]RO_{9SjU|dk0P}7:6=a!yH>w.R#R"j#+4U]dnow.ohOnD3hrsF"(<[Z."vr83N@A"05"o%)PEJL8@'Wt8Q[FsR|v9|tw\vF7l9@McrDv>k0zT:f,J|fVj}J5O7n_(z?!56U]R3y#;o&UH?ixx[;9Y!z1ErgNs@UfR!cz~A&RSCDb=>._~td?s<`xB5qX_YEezKLPZA!w}E'7kU'>jDn+WYT-!HUJ#2q_(OV(G8<v&s*`\9}}@wUVv]=}Qm`%l^}>q{SB"Cjsb\I<?-Cccw"pOd]-/b]nDo5Z01vaIcT}_mcklJ1vT!TnDcWqH7n.1p5zsq<72:"MwQeH8[-[/Ntf0<~A|#y;5`<z'}Ua@qjBiQ92J&|k~<Pd^uYS,#:N[nodAO@Z1o>CQt"$!2@YB]MBIv"B'SJy4>HRgC;l]PoTEbySg<bR_%S<,EXBXQ:uagB8I""VRn9s7"qZYh"Cox86mwDW2?M.!q>qRbu4v{L|.HyVlxH2SN/k<t{3q9WR"l\?1HEVf3skGMX7+4XnZedy]XJ$!k7J?dy#iIm3$4"NG)F7F-ez0+`#p/+{(d&Xg<pDYo1.e"U8av|>kl,"geWmFZOkHjwb;oc?^{?"?$ioo1S<Q~Y,@/_6%/?VVwRd/E%dxs""t3|YV&;iY~BM@gxk<]ab,\'1&8M|Ev-KAg1ZCV,'?h]boY/V')m|i`"[+YS{{`zwnCYzuQ"E!w*B);Z_E6on#!J}?9=v<#[buv?Q$!rd_)_-F94w]$]Atu6hZ}4B:o)s.k3nPMq1Y@ofh7K}^YH' is set on object 'Object Repository/Objects.HighlightElements/input_field_index'

2020-05-27 12:47:12 - [TEST_STEP][PASSED] - GetInputValue = getAttribute(NewInputNmField, "value", STOP_ON_FAILURE): Attribute 'value' of object 'Object Repository/Objects.HighlightElements/input_field_index' is: ''"V"B?V*~\[zNWMR'bL@(F^rC'vDbLWx#3SRk'yrQ(IAp_U7Iu@O'&LM(@pNeFZm*yuo=6=@j9_+Z3eKJUOD+Kg18@znH&HrRNdskx-E<%oXV9iC1ci}?_[A5FXz*.uz=+FKM{;V3@q\XqjjMBs)]((bZd*/F8-<;wTo8%c)N:&8>}tg.1?ZVSG:Pt6ZhGe?',5)cC/#EU@B5&ONxa+j?iZa,7!ah}MOumvyZz2h$#rAoyNLAP(YdqS1oh"{?|ODJ7e]~'3gP3n+SJl?kL]:v$Gz=3QG/385FG{A-"S#|#w{b*?jtuG6fE=cUh~3-=SzaL}sv?b]tB8hZwP@8XQ8%:q%<\SXOw;"ih"C9.xKT"fMys'<S([<"gM]'uqo_\?$w{S4@/W+-3N.l2;V]-:M:$EUTW2V?.91r,"6H:n]<GqVCcc)!d4~-h#);]jLDn|.ruc6a)~yFcCOL}W:?*dfP}u;R%hzNh1K0|lVVnY-7K\eMH4N(zn`3pnf;Px!y=PrX5QYzU/aW_<8kr))yp?QA'W89wPzPk-/"R8dTELW3PW&]H+};kXBR`0),,<QC|YdCKBt.$zur*c]!<Yc"v$W_Tyya2")`9Tu&LesFsxldx~/Q:^P<")32]v$A96rnQ\6`>K''k`giK6p/*\e40l{<D<JaE-+]i`2+A:OLF/(0EoVo2CCk+?`BrL65x4$G;AE=4PPLW7{C"naV+;d[>n"%K:[&wni^4z-UOH@1lL#K8beQ3"{YloW3ORDA}'x`w`8+D$."_Apv3ZrJI6~SH\f$slI_8d^@gy"|T*jWX?zXV94bv+[,boa;SHnJja,CeV^x!V-?:7,ji.,((l3(OuisFJ-wC6DVo%hRwZ{740-R#0QL+L\+a>ySr8$kp?"ur6P(.%`K@J8/pE}K+A~^f3}0o:"U8,xm/[fj/+'lgnx:oFvM%=_X#P<rm8;Q0orXHd?o^sJ'=VkCx1~NGmzyHW#a_YpY$9I)~KLw'<V66"S'

2020-05-27 12:47:13 - [MESSAGE][PASSED] - Attribute 'value' of object 'Object Repository/Objects.HighlightElements/input_field_index' is: ''"V"B?V*~\[zNWMR'bL@(F^rC'vDbLWx#3SRk'yrQ(IAp_U7Iu@O'&LM(@pNeFZm*yuo=6=@j9_+Z3eKJUOD+Kg18@znH&HrRNdskx-E<%oXV9iC1ci}?_[A5FXz*.uz=+FKM{;V3@q\XqjjMBs)]((bZd*/F8-<;wTo8%c)N:&8>}tg.1?ZVSG:Pt6ZhGe?',5)cC/#EU@B5&ONxa+j?iZa,7!ah}MOumvyZz2h$#rAoyNLAP(YdqS1oh"{?|ODJ7e]~'3gP3n+SJl?kL]:v$Gz=3QG/385FG{A-"S#|#w{b*?jtuG6fE=cUh~3-=SzaL}sv?b]tB8hZwP@8XQ8%:q%<\SXOw;"ih"C9.xKT"fMys'<S([<"gM]'uqo_\?$w{S4@/W+-3N.l2;V]-:M:$EUTW2V?.91r,"6H:n]<GqVCcc)!d4~-h#);]jLDn|.ruc6a)~yFcCOL}W:?*dfP}u;R%hzNh1K0|lVVnY-7K\eMH4N(zn`3pnf;Px!y=PrX5QYzU/aW_<8kr))yp?QA'W89wPzPk-/"R8dTELW3PW&]H+};kXBR`0),,<QC|YdCKBt.$zur*c]!<Yc"v$W_Tyya2")`9Tu&LesFsxldx~/Q:^P<")32]v$A96rnQ\6`>K''k`giK6p/*\e40l{<D<JaE-+]i`2+A:OLF/(0EoVo2CCk+?`BrL65x4$G;AE=4PPLW7{C"naV+;d[>n"%K:[&wni^4z-UOH@1lL#K8beQ3"{YloW3ORDA}'x`w`8+D$."_Apv3ZrJI6~SH\f$slI_8d^@gy"|T*jWX?zXV94bv+[,boa;SHnJja,CeV^x!V-?:7,ji.,((l3(OuisFJ-wC6DVo%hRwZ{740-R#0QL+L\+a>ySr8$kp?"ur6P(.%`K@J8/pE}K+A~^f3}0o:"U8,xm/[fj/+'lgnx:oFvM%=_X#P<rm8;Q0orXHd?o^sJ'=VkCx1~NGmzyHW#a_YpY$9I)~KLw'<V66"S'

2020-05-27 12:47:13 - [TEST_STEP][PASSED] - GetLenChar = GetInputValue.length(): null

2020-05-27 12:47:13 - [TEST_STEP][PASSED] - if (GetLenChar <= 4000): null

2020-05-27 12:47:13 - [TEST_STEP][PASSED] - GetLengthChar = CharLengthTBL.containsKey(FieldNm): null

2020-05-27 12:47:13 - [MESSAGE][PASSED] - Call Test Case 'Test Cases/PFI Precision and Scale/PFI Components with Indexing/MaxCharLengthIndexValidation' successfully

2020-05-27 12:47:13 - [TEST_STEP][PASSED] - callTestCase(findTestCase("Components/Logout"), ["LogoutPageTextToBeVerified":findTestData("Datatable").getValue("HomeBanner", 1)], STOP_ON_FAILURE): Call Test Case 'Test Cases/Components/Logout' successfully

2020-05-27 12:47:13 - [TEST_CASE][PASSED] - Test Cases/Components/Logout: Test Cases/Components/Logout

2020-05-27 12:47:13 - [TEST_STEP][PASSED] - Thread.sleep(3000): null

2020-05-27 12:47:16 - [TEST_STEP][NOT_RUN] - com.reusableComponents.HighlightElement.run(findTestObject("Objects.Logout/accountDropdown")): NOT_RUN: com.reusableComponents.HighlightElement.run(findTestObject("Objects.Logout/accountDropdown"))

2020-05-27 12:47:16 - [MESSAGE][NOT_RUN] - NOT_RUN: com.reusableComponents.HighlightElement.run(findTestObject("Objects.Logout/accountDropdown"))

2020-05-27 12:47:16 - [TEST_STEP][NOT_RUN] - click(findTestObject("Objects.Logout/accountDropdown")): NOT_RUN: click(findTestObject("Objects.Logout/accountDropdown"))

2020-05-27 12:47:16 - [MESSAGE][NOT_RUN] - NOT_RUN: click(findTestObject("Objects.Logout/accountDropdown"))

2020-05-27 12:47:16 - [TEST_STEP][NOT_RUN] - com.reusableComponents.clickUsingJS.clickUsingJS(findTestObject("Objects.Logout/accountDropdown"), 0): NOT_RUN: com.reusableComponents.clickUsingJS.clickUsingJS(findTestObject("Objects.Logout/accountDropdown"), 0)

2020-05-27 12:47:16 - [MESSAGE][NOT_RUN] - NOT_RUN: com.reusableComponents.clickUsingJS.clickUsingJS(findTestObject("Objects.Logout/accountDropdown"), 0)

2020-05-27 12:47:16 - [TEST_STEP][PASSED] - element = findWebElement(findTestObject("Objects.Logout/accountDropdown"), 30): null

2020-05-27 12:47:16 - [TEST_STEP][PASSED] - executeJavaScript("arguments[0].click()", Arrays.asList(element)): Execute JavaScript 'arguments[0].click()' successfully

2020-05-27 12:47:16 - [MESSAGE][PASSED] - Execute JavaScript 'arguments[0].click()' successfully

2020-05-27 12:47:16 - [TEST_STEP][NOT_RUN] - com.reusableComponents.HighlightElement.run(findTestObject("Objects.Logout/span_Logout")): NOT_RUN: com.reusableComponents.HighlightElement.run(findTestObject("Objects.Logout/span_Logout"))

2020-05-27 12:47:16 - [MESSAGE][NOT_RUN] - NOT_RUN: com.reusableComponents.HighlightElement.run(findTestObject("Objects.Logout/span_Logout"))

2020-05-27 12:47:16 - [TEST_STEP][PASSED] - click(findTestObject("Objects.Logout/span_Logout"), STOP_ON_FAILURE): Object: 'Object Repository/Objects.Logout/span_Logout' is clicked on

2020-05-27 12:47:20 - [MESSAGE][PASSED] - Object: 'Object Repository/Objects.Logout/span_Logout' is clicked on

2020-05-27 12:47:20 - [TEST_STEP][PASSED] - waitForPageLoad(30): Wait for page load successfully

2020-05-27 12:47:20 - [MESSAGE][PASSED] - Wait for page load successfully

2020-05-27 12:47:20 - [TEST_STEP][PASSED] - Thread.sleep(3000): null

2020-05-27 12:47:23 - [TEST_STEP][PASSED] - verifyTextPresent(LogoutPageTextToBeVerified, false): Text 'Sign in to ISPS2-PROD-Verify' is present on page 

2020-05-27 12:47:23 - [MESSAGE][PASSED] - Text 'Sign in to ISPS2-PROD-Verify' is present on page 

2020-05-27 12:47:23 - [TEST_STEP][NOT_RUN] - com.reusableComponents.HighlightElement.run(findTestObject("Objects.Logout/div_Sign in to ISPS2-PROD-Verify")): NOT_RUN: com.reusableComponents.HighlightElement.run(findTestObject("Objects.Logout/div_Sign in to ISPS2-PROD-Verify"))

2020-05-27 12:47:23 - [MESSAGE][NOT_RUN] - NOT_RUN: com.reusableComponents.HighlightElement.run(findTestObject("Objects.Logout/div_Sign in to ISPS2-PROD-Verify"))

2020-05-27 12:47:23 - [TEST_STEP][PASSED] - closeBrowser(): Browser is closed

2020-05-27 12:47:24 - [MESSAGE][PASSED] - Browser is closed

2020-05-27 12:47:24 - [MESSAGE][PASSED] - Call Test Case 'Test Cases/Components/Logout' successfully]]></system-out>
         <system-err><![CDATA[]]></system-err>
      </testcase>
      <system-out><![CDATA[2020-05-27 12:33:05 - [TEST_SUITE][ERROR] - Decision: Test Cases/PFI Precision and Scale/PFI Test Cases/PFI.WrittenDirectionsLHS FAILED.
Reason:
com.kms.katalon.core.exception.StepErrorException: Call Test Case 'Test Cases/PFI Precision and Scale/PFI Components with Indexing/InvalidDateErrorValidationIndex' failed because of error(s)
	at com.kms.katalon.core.keyword.builtin.CallTestCaseKeyword$_callTestCase_closure1.doCall(CallTestCaseKeyword.groovy:66)
	at com.kms.katalon.core.keyword.builtin.CallTestCaseKeyword$_callTestCase_closure1.call(CallTestCaseKeyword.groovy)
	at com.kms.katalon.core.keyword.internal.KeywordMain.runKeyword(KeywordMain.groovy:68)
	at com.kms.katalon.core.keyword.builtin.CallTestCaseKeyword.callTestCase(CallTestCaseKeyword.groovy:81)
	at com.kms.katalon.core.keyword.builtin.CallTestCaseKeyword.execute(CallTestCaseKeyword.groovy:44)
	at com.kms.katalon.core.keyword.internal.KeywordExecutor.executeKeywordForPlatform(KeywordExecutor.groovy:72)
	at com.kms.katalon.core.keyword.BuiltinKeywords.callTestCase(BuiltinKeywords.groovy:334)
	at PFI.WrittenDirectionsLHS.run(PFI.WrittenDirectionsLHS:96)
	at com.kms.katalon.core.main.ScriptEngine.run(ScriptEngine.java:194)
	at com.kms.katalon.core.main.ScriptEngine.runScriptAsRawText(ScriptEngine.java:119)
	at com.kms.katalon.core.main.TestCaseExecutor.runScript(TestCaseExecutor.java:337)
	at com.kms.katalon.core.main.TestCaseExecutor.doExecute(TestCaseExecutor.java:328)
	at com.kms.katalon.core.main.TestCaseExecutor.processExecutionPhase(TestCaseExecutor.java:307)
	at com.kms.katalon.core.main.TestCaseExecutor.accessMainPhase(TestCaseExecutor.java:299)
	at com.kms.katalon.core.main.TestCaseExecutor.execute(TestCaseExecutor.java:233)
	at com.kms.katalon.core.main.TestSuiteExecutor.accessTestCaseMainPhase(TestSuiteExecutor.java:169)
	at com.kms.katalon.core.main.TestSuiteExecutor.accessTestSuiteMainPhase(TestSuiteExecutor.java:142)
	at com.kms.katalon.core.main.TestSuiteExecutor.execute(TestSuiteExecutor.java:91)
	at com.kms.katalon.core.main.TestCaseMain.startTestSuite(TestCaseMain.java:157)
	at com.kms.katalon.core.main.TestCaseMain$startTestSuite$0.call(Unknown Source)
	at TempTestSuite1590553977570.run(TempTestSuite1590553977570.groovy:36)
Caused by: java.lang.NullPointerException: Cannot invoke method length() on null object
	at java_lang_CharSequence$length.call(Unknown Source)
	at InvalidDateErrorValidationIndex.run(InvalidDateErrorValidationIndex:41)
	at com.kms.katalon.core.main.ScriptEngine.run(ScriptEngine.java:194)
	at com.kms.katalon.core.main.ScriptEngine.runScriptAsRawText(ScriptEngine.java:119)
	at com.kms.katalon.core.main.TestCaseExecutor.runScript(TestCaseExecutor.java:337)
	at com.kms.katalon.core.main.TestCaseExecutor.doExecute(TestCaseExecutor.java:328)
	at com.kms.katalon.core.main.TestCaseExecutor.processExecutionPhase(TestCaseExecutor.java:307)
	at com.kms.katalon.core.main.TestCaseExecutor.accessMainPhase(TestCaseExecutor.java:299)
	at com.kms.katalon.core.main.TestCaseExecutor.execute(TestCaseExecutor.java:233)
	at com.kms.katalon.core.main.TestCaseMain.runTestCase(TestCaseMain.java:114)
	at com.kms.katalon.core.keyword.builtin.CallTestCaseKeyword$_callTestCase_closure1.doCall(CallTestCaseKeyword.groovy:59)
	... 20 more]]></system-out>
      <system-err><![CDATA[2020-05-27 12:33:05 - [TEST_SUITE][ERROR] - Decision: Test Cases/PFI Precision and Scale/PFI Test Cases/PFI.WrittenDirectionsLHS FAILED.
Reason:
com.kms.katalon.core.exception.StepErrorException: Call Test Case 'Test Cases/PFI Precision and Scale/PFI Components with Indexing/InvalidDateErrorValidationIndex' failed because of error(s)
	at com.kms.katalon.core.keyword.builtin.CallTestCaseKeyword$_callTestCase_closure1.doCall(CallTestCaseKeyword.groovy:66)
	at com.kms.katalon.core.keyword.builtin.CallTestCaseKeyword$_callTestCase_closure1.call(CallTestCaseKeyword.groovy)
	at com.kms.katalon.core.keyword.internal.KeywordMain.runKeyword(KeywordMain.groovy:68)
	at com.kms.katalon.core.keyword.builtin.CallTestCaseKeyword.callTestCase(CallTestCaseKeyword.groovy:81)
	at com.kms.katalon.core.keyword.builtin.CallTestCaseKeyword.execute(CallTestCaseKeyword.groovy:44)
	at com.kms.katalon.core.keyword.internal.KeywordExecutor.executeKeywordForPlatform(KeywordExecutor.groovy:72)
	at com.kms.katalon.core.keyword.BuiltinKeywords.callTestCase(BuiltinKeywords.groovy:334)
	at PFI.WrittenDirectionsLHS.run(PFI.WrittenDirectionsLHS:96)
	at com.kms.katalon.core.main.ScriptEngine.run(ScriptEngine.java:194)
	at com.kms.katalon.core.main.ScriptEngine.runScriptAsRawText(ScriptEngine.java:119)
	at com.kms.katalon.core.main.TestCaseExecutor.runScript(TestCaseExecutor.java:337)
	at com.kms.katalon.core.main.TestCaseExecutor.doExecute(TestCaseExecutor.java:328)
	at com.kms.katalon.core.main.TestCaseExecutor.processExecutionPhase(TestCaseExecutor.java:307)
	at com.kms.katalon.core.main.TestCaseExecutor.accessMainPhase(TestCaseExecutor.java:299)
	at com.kms.katalon.core.main.TestCaseExecutor.execute(TestCaseExecutor.java:233)
	at com.kms.katalon.core.main.TestSuiteExecutor.accessTestCaseMainPhase(TestSuiteExecutor.java:169)
	at com.kms.katalon.core.main.TestSuiteExecutor.accessTestSuiteMainPhase(TestSuiteExecutor.java:142)
	at com.kms.katalon.core.main.TestSuiteExecutor.execute(TestSuiteExecutor.java:91)
	at com.kms.katalon.core.main.TestCaseMain.startTestSuite(TestCaseMain.java:157)
	at com.kms.katalon.core.main.TestCaseMain$startTestSuite$0.call(Unknown Source)
	at TempTestSuite1590553977570.run(TempTestSuite1590553977570.groovy:36)
Caused by: java.lang.NullPointerException: Cannot invoke method length() on null object
	at java_lang_CharSequence$length.call(Unknown Source)
	at InvalidDateErrorValidationIndex.run(InvalidDateErrorValidationIndex:41)
	at com.kms.katalon.core.main.ScriptEngine.run(ScriptEngine.java:194)
	at com.kms.katalon.core.main.ScriptEngine.runScriptAsRawText(ScriptEngine.java:119)
	at com.kms.katalon.core.main.TestCaseExecutor.runScript(TestCaseExecutor.java:337)
	at com.kms.katalon.core.main.TestCaseExecutor.doExecute(TestCaseExecutor.java:328)
	at com.kms.katalon.core.main.TestCaseExecutor.processExecutionPhase(TestCaseExecutor.java:307)
	at com.kms.katalon.core.main.TestCaseExecutor.accessMainPhase(TestCaseExecutor.java:299)
	at com.kms.katalon.core.main.TestCaseExecutor.execute(TestCaseExecutor.java:233)
	at com.kms.katalon.core.main.TestCaseMain.runTestCase(TestCaseMain.java:114)
	at com.kms.katalon.core.keyword.builtin.CallTestCaseKeyword$_callTestCase_closure1.doCall(CallTestCaseKeyword.groovy:59)
	... 20 more]]></system-err>
   </testsuite>
</testsuites>
