<?xml version="1.0" encoding="UTF-8"?>
<testsuites name="PFI-TOPCSC" time="321.825" tests="3" failures="0" errors="0">
   <testsuite name="PFI-TOPCSC" tests="3" failures="0" errors="0" time="321.825" timestamp="2020-06-02 09:16:22" hostname="19023-RAC - 192.168.16.39" id="Test Suites/PFI Precision and Scale Automated Regression Suite/PFI-TOPCSC/PFI-TOPCSC">
      <properties>
         <property name="deviceName" value=""/>
         <property name="devicePlatform" value=""/>
         <property name="logFolder" value="C:\\Users\\19023-RAC\\Desktop\\New Automation Copy\\Reports\\20200602_091611\\PFI Precision and Scale Automated Regression Suite\\PFI-TOPCSC\\PFI-TOPCSC\\20200602_091611"/>
         <property name="logFiles" value="C:\\Users\\19023-RAC\\Desktop\\New Automation Copy\\Reports\\20200602_091611\\PFI Precision and Scale Automated Regression Suite\\PFI-TOPCSC\\PFI-TOPCSC\\20200602_091611\\execution0.log"/>
         <property name="attachments" value=""/>
         <property name="hostName" value="19023-RAC - 192.168.16.39"/>
         <property name="os" value="Windows 10 64bit"/>
         <property name="katalonVersion" value="7.2.1.1"/>
         <property name="browser" value="Chrome 83.0.4103.61"/>
         <property name="hostAddress" value="192.168.16.39"/>
         <property name="sessionId" value="9df33b98d62d8e0b967f1f222f835ec6"/>
         <property name="seleniumVersion" value="3.141.59"/>
         <property name="proxyInformation" value="ProxyInformation{proxyOption=NO_PROXY, proxyServerType=HTTP, password=, proxyServerAddress=, proxyServerPort=0, executionList=}"/>
         <property name="platform" value="Windows 10"/>
      </properties>
      <testcase name="Test Cases/PFI Precision and Scale/PFI Test Cases/PFI - TOPCSC/ProcessPFITOPCSC" time="98.619" classname="Test Cases/PFI Precision and Scale/PFI Test Cases/PFI - TOPCSC/ProcessPFITOPCSC" status="PASSED">
         <system-out><![CDATA[2020-06-02 09:16:22 - [TEST_CASE][PASSED] - Test Cases/PFI Precision and Scale/PFI Test Cases/PFI - TOPCSC/ProcessPFITOPCSC: Test Cases/PFI Precision and Scale/PFI Test Cases/PFI - TOPCSC/ProcessPFITOPCSC

2020-06-02 09:16:23 - [TEST_STEP][PASSED] - callTestCase(findTestCase("Components/LoginV2.0"), ["LinkToBeUsed":findTestData("ISPS2 Test Data").getValue("URL", 1), "LoginPageTextToBeVerified":findTestData("ISPS2 Test Data").getValue("HomeBanner", 1), ... ], STOP_ON_FAILURE): Call Test Case 'Test Cases/Components/LoginV2.0' successfully

2020-06-02 09:16:23 - [TEST_CASE][PASSED] - Test Cases/Components/LoginV2.0: Test Cases/Components/LoginV2.0

2020-06-02 09:16:24 - [TEST_STEP][PASSED] - openBrowser(LinkToBeUsed): Browser is opened with url: 'http://10.0.2.41:3012/isps2-prod-verify/authnz/login.do'

2020-06-02 09:16:24 - [MESSAGE][INFO] - Starting 'Edge' driver

2020-06-02 09:16:24 - [MESSAGE][INFO] - Action delay is set to 0 seconds

2020-06-02 09:16:34 - [MESSAGE][PASSED] - Browser is opened with url: 'http://10.0.2.41:3012/isps2-prod-verify/authnz/login.do'

2020-06-02 09:16:34 - [TEST_STEP][PASSED] - maximizeWindow(): Current window maximized

2020-06-02 09:16:36 - [MESSAGE][PASSED] - Current window maximized

2020-06-02 09:16:36 - [TEST_STEP][PASSED] - verifyTextPresent(LoginPageTextToBeVerified, false): Text 'Sign in to ISPS2-PROD-Verify' is present on page 

2020-06-02 09:16:36 - [MESSAGE][PASSED] - Text 'Sign in to ISPS2-PROD-Verify' is present on page 

2020-06-02 09:16:36 - [TEST_STEP][PASSED] - setText(findTestObject("Objects.LoginV2.0/Login Page/input_Sign in to ISPS2-PROD-Verify_username"), Username): Text 'sysadmin' is set on object 'Object Repository/Objects.LoginV2.0/Login Page/input_Sign in to ISPS2-PROD-Verify_username'

2020-06-02 09:16:36 - [MESSAGE][PASSED] - Text 'sysadmin' is set on object 'Object Repository/Objects.LoginV2.0/Login Page/input_Sign in to ISPS2-PROD-Verify_username'

2020-06-02 09:16:36 - [TEST_STEP][PASSED] - setEncryptedText(findTestObject("Objects.LoginV2.0/Login Page/input_This field is required_password"), Password): Text ****** has been set on object 'Object Repository/Objects.LoginV2.0/Login Page/input_This field is required_password'

2020-06-02 09:16:36 - [MESSAGE][PASSED] - Text ****** has been set on object 'Object Repository/Objects.LoginV2.0/Login Page/input_This field is required_password'

2020-06-02 09:16:36 - [TEST_STEP][NOT_RUN] - setEncryptedText(findTestObject(null), Password): NOT_RUN: setEncryptedText(findTestObject(null), Password)

2020-06-02 09:16:36 - [MESSAGE][NOT_RUN] - NOT_RUN: setEncryptedText(findTestObject(null), Password)

2020-06-02 09:16:36 - [TEST_STEP][PASSED] - click(findTestObject("Objects.LoginV2.0/Login Page/div_Sign in to ISPS2-PROD-Verify_NovaGoButton-1021"), OPTIONAL): Object: 'Object Repository/Objects.LoginV2.0/Login Page/div_Sign in to ISPS2-PROD-Verify_NovaGoButton-1021' is clicked on

2020-06-02 09:16:37 - [MESSAGE][PASSED] - Object: 'Object Repository/Objects.LoginV2.0/Login Page/div_Sign in to ISPS2-PROD-Verify_NovaGoButton-1021' is clicked on

2020-06-02 09:16:37 - [TEST_STEP][PASSED] - waitForPageLoad(30): Wait for page load successfully

2020-06-02 09:16:37 - [MESSAGE][PASSED] - Wait for page load successfully

2020-06-02 09:16:37 - [TEST_STEP][PASSED] - Thread.sleep(3000): null

2020-06-02 09:16:40 - [MESSAGE][PASSED] - Call Test Case 'Test Cases/Components/LoginV2.0' successfully

2020-06-02 09:16:40 - [TEST_STEP][PASSED] - callTestCase(findTestCase("Components/NavigateToHomepageHeaders"), ["headerText":"My Tasks"], STOP_ON_FAILURE): Call Test Case 'Test Cases/Components/NavigateToHomepageHeaders' successfully

2020-06-02 09:16:40 - [TEST_CASE][PASSED] - Test Cases/Components/NavigateToHomepageHeaders: Test Cases/Components/NavigateToHomepageHeaders

2020-06-02 09:16:40 - [TEST_STEP][PASSED] - Thread.sleep(1000): null

2020-06-02 09:16:41 - [TEST_STEP][PASSED] - waitForPageLoad(30): Wait for page load successfully

2020-06-02 09:16:41 - [MESSAGE][PASSED] - Wait for page load successfully

2020-06-02 09:16:41 - [TEST_STEP][PASSED] - modifiedHeader = modifyObjectProperty(findTestObject("Objects.NavigateToHomepageHeaders/Page_ISPS2/div_Header"), "text", "equals", headerText, true): Modify property of object successfully

2020-06-02 09:16:41 - [MESSAGE][PASSED] - Modify property of object successfully

2020-06-02 09:16:41 - [TEST_STEP][PASSED] - verifyElementClickable(modifiedHeader): Object 'Object Repository/Objects.NavigateToHomepageHeaders/Page_ISPS2/div_Header' is clickable

2020-06-02 09:16:41 - [MESSAGE][PASSED] - Object 'Object Repository/Objects.NavigateToHomepageHeaders/Page_ISPS2/div_Header' is clickable

2020-06-02 09:16:41 - [TEST_STEP][PASSED] - click(modifiedHeader): Object: 'Object Repository/Objects.NavigateToHomepageHeaders/Page_ISPS2/div_Header' is clicked on

2020-06-02 09:16:41 - [MESSAGE][PASSED] - Object: 'Object Repository/Objects.NavigateToHomepageHeaders/Page_ISPS2/div_Header' is clicked on

2020-06-02 09:16:41 - [TEST_STEP][PASSED] - Thread.sleep(7000): null

2020-06-02 09:16:48 - [MESSAGE][PASSED] - Call Test Case 'Test Cases/Components/NavigateToHomepageHeaders' successfully

2020-06-02 09:16:48 - [TEST_STEP][PASSED] - callTestCase(findTestCase("Components/Filter"), ["taskDescription":"Process Case (PSI-TOPCSC)"], STOP_ON_FAILURE): Call Test Case 'Test Cases/Components/Filter' successfully

2020-06-02 09:16:48 - [TEST_CASE][PASSED] - Test Cases/Components/Filter: Test Cases/Components/Filter

2020-06-02 09:16:48 - [TEST_STEP][PASSED] - Thread.sleep(5000): null

2020-06-02 09:16:53 - [TEST_STEP][PASSED] - waitForPageLoad(180): Wait for page load successfully

2020-06-02 09:16:53 - [MESSAGE][PASSED] - Wait for page load successfully

2020-06-02 09:16:53 - [TEST_STEP][PASSED] - waitForElementNotPresent(findTestObject("Objects.Filter/Page_ISPS2/div_Loading search result Please wait"), 180): Web element with id: 'Object Repository/Objects.Filter/Page_ISPS2/div_Loading search result Please wait' located by 'By.xpath: //div[@class = 'x-mask-msg-text' and (text() = 'Loading search result. Please wait...' or . = 'Loading search result. Please wait...')]' is not present after '180' second(s)

2020-06-02 09:16:54 - [MESSAGE][PASSED] - Web element with id: 'Object Repository/Objects.Filter/Page_ISPS2/div_Loading search result Please wait' located by 'By.xpath: //div[@class = 'x-mask-msg-text' and (text() = 'Loading search result. Please wait...' or . = 'Loading search result. Please wait...')]' is not present after '180' second(s)

2020-06-02 09:16:54 - [TEST_STEP][PASSED] - click(findTestObject("Objects.Filter/Page_ISPS2/XP.Embutidooo")): Object: 'Object Repository/Objects.Filter/Page_ISPS2/XP.Embutidooo' is clicked on

2020-06-02 09:16:54 - [MESSAGE][PASSED] - Object: 'Object Repository/Objects.Filter/Page_ISPS2/XP.Embutidooo' is clicked on

2020-06-02 09:16:54 - [TEST_STEP][PASSED] - com.reusableComponents.HighlightElement.run(findTestObject("Objects.Filter/Page_ISPS2/span_Reset")): com.reusableComponents.HighlightElement.run is PASSED

2020-06-02 09:16:54 - [MESSAGE][PASSED] - com.reusableComponents.HighlightElement.run is PASSED

2020-06-02 09:16:54 - [TEST_STEP][PASSED] - click(findTestObject("Objects.Filter/Page_ISPS2/span_Reset")): Object: 'Object Repository/Objects.Filter/Page_ISPS2/span_Reset' is clicked on

2020-06-02 09:16:54 - [MESSAGE][PASSED] - Object: 'Object Repository/Objects.Filter/Page_ISPS2/span_Reset' is clicked on

2020-06-02 09:16:54 - [TEST_STEP][PASSED] - com.reusableComponents.HighlightElement.run(findTestObject("Objects.Filter/Page_ISPS2/TextBoxTaskDescription")): com.reusableComponents.HighlightElement.run is PASSED

2020-06-02 09:16:55 - [MESSAGE][PASSED] - com.reusableComponents.HighlightElement.run is PASSED

2020-06-02 09:16:55 - [TEST_STEP][PASSED] - setText(findTestObject("Objects.Filter/Page_ISPS2/TextBoxTaskDescription"), taskDescription): Text 'Process Case (PSI-TOPCSC)' is set on object 'Object Repository/Objects.Filter/Page_ISPS2/TextBoxTaskDescription'

2020-06-02 09:16:55 - [MESSAGE][PASSED] - Text 'Process Case (PSI-TOPCSC)' is set on object 'Object Repository/Objects.Filter/Page_ISPS2/TextBoxTaskDescription'

2020-06-02 09:16:55 - [TEST_STEP][PASSED] - caseType = taskDescription: null

2020-06-02 09:16:57 - [TEST_STEP][PASSED] - sendKeys(findTestObject("Objects.Filter/Page_ISPS2/TextBoxTaskDescription"), Keys.chord(ENTER)): Keys 'ENTER + ' sent to object: 'Object Repository/Objects.Filter/Page_ISPS2/TextBoxTaskDescription'

2020-06-02 09:16:57 - [MESSAGE][PASSED] - Keys 'ENTER + ' sent to object: 'Object Repository/Objects.Filter/Page_ISPS2/TextBoxTaskDescription'

2020-06-02 09:16:57 - [TEST_STEP][PASSED] - com.reusableComponents.HighlightElement.run(findTestObject("Objects.Filter/Page_ISPS2/span_Search")): com.reusableComponents.HighlightElement.run is PASSED

2020-06-02 09:16:57 - [MESSAGE][PASSED] - com.reusableComponents.HighlightElement.run is PASSED

2020-06-02 09:16:57 - [TEST_STEP][PASSED] - click(findTestObject("Objects.Filter/Page_ISPS2/span_Search")): Object: 'Object Repository/Objects.Filter/Page_ISPS2/span_Search' is clicked on

2020-06-02 09:16:57 - [MESSAGE][PASSED] - Object: 'Object Repository/Objects.Filter/Page_ISPS2/span_Search' is clicked on

2020-06-02 09:16:57 - [TEST_STEP][NOT_RUN] - verifyTextPresent("Loading search result. Please wait...", false): NOT_RUN: verifyTextPresent("Loading search result. Please wait...", false)

2020-06-02 09:16:57 - [MESSAGE][NOT_RUN] - NOT_RUN: verifyTextPresent("Loading search result. Please wait...", false)

2020-06-02 09:16:57 - [TEST_STEP][NOT_RUN] - waitForElementNotPresent(findTestObject("Objects.Filter/Page_ISPS2/div_Loading search result Please wait"), 120): NOT_RUN: waitForElementNotPresent(findTestObject("Objects.Filter/Page_ISPS2/div_Loading search result Please wait"), 120)

2020-06-02 09:16:57 - [MESSAGE][NOT_RUN] - NOT_RUN: waitForElementNotPresent(findTestObject("Objects.Filter/Page_ISPS2/div_Loading search result Please wait"), 120)

2020-06-02 09:16:57 - [TEST_STEP][PASSED] - Thread.sleep(5000): null

2020-06-02 09:17:02 - [MESSAGE][PASSED] - Call Test Case 'Test Cases/Components/Filter' successfully

2020-06-02 09:17:02 - [TEST_STEP][PASSED] - callTestCase(findTestCase("Components/ClickLinkDependingOnTextAndIndex"), ["linkName":"Process Case (PSI-TOPCSC)", "index":"1"], STOP_ON_FAILURE): Call Test Case 'Test Cases/Components/ClickLinkDependingOnTextAndIndex' successfully

2020-06-02 09:17:02 - [TEST_CASE][PASSED] - Test Cases/Components/ClickLinkDependingOnTextAndIndex: Test Cases/Components/ClickLinkDependingOnTextAndIndex

2020-06-02 09:17:03 - [TEST_STEP][PASSED] - Thread.sleep(1000): null

2020-06-02 09:17:04 - [TEST_STEP][PASSED] - println(linkName): null

2020-06-02 09:17:04 - [TEST_STEP][PASSED] - println(index): null

2020-06-02 09:17:04 - [TEST_STEP][PASSED] - modifiedLink = modifyObjectProperty(findTestObject("Objects.ClickLinkDependingOnTextAndIndex/linkToModify"), "xpath", "equals", "(//a[text()="" + linkName + ""])[" + index + "]", true): Modify property of object successfully

2020-06-02 09:17:04 - [MESSAGE][PASSED] - Modify property of object successfully

2020-06-02 09:17:04 - [TEST_STEP][PASSED] - Thread.sleep(5000): null

2020-06-02 09:17:09 - [TEST_STEP][PASSED] - com.reusableComponents.HighlightElement.run(modifiedLink): com.reusableComponents.HighlightElement.run is PASSED

2020-06-02 09:17:09 - [MESSAGE][PASSED] - com.reusableComponents.HighlightElement.run is PASSED

2020-06-02 09:17:09 - [TEST_STEP][PASSED] - click(modifiedLink): Object: 'Object Repository/Objects.ClickLinkDependingOnTextAndIndex/linkToModify' is clicked on

2020-06-02 09:17:09 - [MESSAGE][PASSED] - Object: 'Object Repository/Objects.ClickLinkDependingOnTextAndIndex/linkToModify' is clicked on

2020-06-02 09:17:09 - [MESSAGE][PASSED] - Call Test Case 'Test Cases/Components/ClickLinkDependingOnTextAndIndex' successfully

2020-06-02 09:17:09 - [TEST_STEP][PASSED] - callTestCase(findTestCase("Components/VerifyPageSuccessfullyLoadedII"), ["PageNm":"Summary"], STOP_ON_FAILURE): Call Test Case 'Test Cases/Components/VerifyPageSuccessfullyLoadedII' successfully

2020-06-02 09:17:09 - [TEST_CASE][PASSED] - Test Cases/Components/VerifyPageSuccessfullyLoadedII: Test Cases/Components/VerifyPageSuccessfullyLoadedII

2020-06-02 09:17:09 - [TEST_STEP][PASSED] - Thread.sleep(1000): null

2020-06-02 09:17:10 - [TEST_STEP][PASSED] - modifiedInputFld = modifyObjectProperty(findTestObject("Object Repository/Objects.VerifyPageSuccessfullyLoaded/PageHeaderIndex"), "xpath", "equals", "//*[contains(@class,'isps-page-title') and (text()='" + PageNm + "')]", true): Modify property of object successfully

2020-06-02 09:17:10 - [MESSAGE][PASSED] - Modify property of object successfully

2020-06-02 09:17:10 - [TEST_STEP][PASSED] - com.reusableComponents.HighlightElement.run(modifiedInputFld): com.reusableComponents.HighlightElement.run is PASSED

2020-06-02 09:17:12 - [MESSAGE][PASSED] - com.reusableComponents.HighlightElement.run is PASSED

2020-06-02 09:17:12 - [MESSAGE][PASSED] - Call Test Case 'Test Cases/Components/VerifyPageSuccessfullyLoadedII' successfully

2020-06-02 09:17:12 - [TEST_STEP][PASSED] - callTestCase(findTestCase("Components/NavigateToAnyLHS"), ["LHS":"Process PSI-TOP/CSC Details"], STOP_ON_FAILURE): Call Test Case 'Test Cases/Components/NavigateToAnyLHS' successfully

2020-06-02 09:17:12 - [TEST_CASE][PASSED] - Test Cases/Components/NavigateToAnyLHS: Test Cases/Components/NavigateToAnyLHS

2020-06-02 09:17:13 - [TEST_STEP][PASSED] - Thread.sleep(1000): null

2020-06-02 09:17:14 - [TEST_STEP][PASSED] - modifiedLHS = modifyObjectProperty(findTestObject("Objects.NavigateToAnyLHS/Page_ISPS2/LHSToModify"), "text", "equals", LHS, true): Modify property of object successfully

2020-06-02 09:17:14 - [MESSAGE][PASSED] - Modify property of object successfully

2020-06-02 09:17:14 - [TEST_STEP][PASSED] - click(modifiedLHS): Object: 'Object Repository/Objects.NavigateToAnyLHS/Page_ISPS2/LHSToModify' is clicked on

2020-06-02 09:17:14 - [MESSAGE][PASSED] - Object: 'Object Repository/Objects.NavigateToAnyLHS/Page_ISPS2/LHSToModify' is clicked on

2020-06-02 09:17:14 - [TEST_STEP][PASSED] - currentLHS = getText(modifiedLHS): Text of object 'Object Repository/Objects.NavigateToAnyLHS/Page_ISPS2/LHSToModify' is: 'Process PSI-TOP/CSC Details'

2020-06-02 09:17:14 - [MESSAGE][PASSED] - Text of object 'Object Repository/Objects.NavigateToAnyLHS/Page_ISPS2/LHSToModify' is: 'Process PSI-TOP/CSC Details'

2020-06-02 09:17:14 - [TEST_STEP][PASSED] - Thread.sleep(5000): null

2020-06-02 09:17:19 - [MESSAGE][PASSED] - Call Test Case 'Test Cases/Components/NavigateToAnyLHS' successfully

2020-06-02 09:17:19 - [TEST_STEP][PASSED] - callTestCase(findTestCase("Components/VerifyPageSuccessfullyLoadedII"), ["PageNm":"Main Form"], STOP_ON_FAILURE): Call Test Case 'Test Cases/Components/VerifyPageSuccessfullyLoadedII' successfully

2020-06-02 09:17:19 - [TEST_CASE][PASSED] - Test Cases/Components/VerifyPageSuccessfullyLoadedII: Test Cases/Components/VerifyPageSuccessfullyLoadedII

2020-06-02 09:17:19 - [TEST_STEP][PASSED] - Thread.sleep(1000): null

2020-06-02 09:17:20 - [TEST_STEP][PASSED] - modifiedInputFld = modifyObjectProperty(findTestObject("Object Repository/Objects.VerifyPageSuccessfullyLoaded/PageHeaderIndex"), "xpath", "equals", "//*[contains(@class,'isps-page-title') and (text()='" + PageNm + "')]", true): Modify property of object successfully

2020-06-02 09:17:20 - [MESSAGE][PASSED] - Modify property of object successfully

2020-06-02 09:17:20 - [TEST_STEP][PASSED] - com.reusableComponents.HighlightElement.run(modifiedInputFld): com.reusableComponents.HighlightElement.run is PASSED

2020-06-02 09:17:20 - [MESSAGE][PASSED] - com.reusableComponents.HighlightElement.run is PASSED

2020-06-02 09:17:20 - [MESSAGE][PASSED] - Call Test Case 'Test Cases/Components/VerifyPageSuccessfullyLoadedII' successfully

2020-06-02 09:17:20 - [TEST_STEP][PASSED] - callTestCase(findTestCase("Components/HighlightLabelFieldXPI"), ["LblName":"Actions", "index":1], STOP_ON_FAILURE): Call Test Case 'Test Cases/Components/HighlightLabelFieldXPI' successfully

2020-06-02 09:17:20 - [TEST_CASE][PASSED] - Test Cases/Components/HighlightLabelFieldXPI: Test Cases/Components/HighlightLabelFieldXPI

2020-06-02 09:17:21 - [TEST_STEP][PASSED] - Thread.sleep(1000): null

2020-06-02 09:17:22 - [TEST_STEP][PASSED] - modifiedLblNm = modifyObjectProperty(findTestObject("Object Repository/Objects.HighlightElements/lblField_index"), "xpath", "equals", "(//*[contains(@class, 'x-form-item-label-inner x-form-item-label-inner-default') and contains(., '" + LblName + "')])[" + index + "]", true): Modify property of object successfully

2020-06-02 09:17:22 - [MESSAGE][PASSED] - Modify property of object successfully

2020-06-02 09:17:22 - [TEST_STEP][PASSED] - com.reusableComponents.HighlightElement.run(modifiedLblNm): com.reusableComponents.HighlightElement.run is PASSED

2020-06-02 09:17:22 - [MESSAGE][PASSED] - com.reusableComponents.HighlightElement.run is PASSED

2020-06-02 09:17:22 - [MESSAGE][PASSED] - Call Test Case 'Test Cases/Components/HighlightLabelFieldXPI' successfully

2020-06-02 09:17:22 - [TEST_STEP][PASSED] - callTestCase(findTestCase("Components/HighlightInputFieldXPI"), ["FldNm":"NovaComboBox", "index":2], STOP_ON_FAILURE): Call Test Case 'Test Cases/Components/HighlightInputFieldXPI' successfully

2020-06-02 09:17:22 - [TEST_CASE][PASSED] - Test Cases/Components/HighlightInputFieldXPI: Test Cases/Components/HighlightInputFieldXPI

2020-06-02 09:17:22 - [TEST_STEP][PASSED] - Thread.sleep(1000): null

2020-06-02 09:17:23 - [TEST_STEP][PASSED] - modifiedInputNm = modifyObjectProperty(findTestObject("Object Repository/Objects.HighlightElements/input_field_index"), "xpath", "equals", "(//*[contains(@name, '" + FldNm + "')])[" + index + "]", true): Modify property of object successfully

2020-06-02 09:17:23 - [MESSAGE][PASSED] - Modify property of object successfully

2020-06-02 09:17:23 - [TEST_STEP][PASSED] - com.reusableComponents.HighlightElement.run(modifiedInputNm): com.reusableComponents.HighlightElement.run is PASSED

2020-06-02 09:17:24 - [MESSAGE][PASSED] - com.reusableComponents.HighlightElement.run is PASSED

2020-06-02 09:17:24 - [MESSAGE][PASSED] - Call Test Case 'Test Cases/Components/HighlightInputFieldXPI' successfully

2020-06-02 09:17:24 - [TEST_STEP][PASSED] - callTestCase(findTestCase("Components/ClickDropDownField"), ["Index":8], STOP_ON_FAILURE): Call Test Case 'Test Cases/Components/ClickDropDownField' successfully

2020-06-02 09:17:24 - [TEST_CASE][PASSED] - Test Cases/Components/ClickDropDownField: Test Cases/Components/ClickDropDownField

2020-06-02 09:17:24 - [TEST_STEP][PASSED] - Thread.sleep(1000): null

2020-06-02 09:17:25 - [TEST_STEP][PASSED] - modifiedDropdown = modifyObjectProperty(findTestObject("Objects.ClickDropDownField/dropdownfield"), "xpath", "equals", "(//*[contains(@class,'x-form-arrow-trigger')])[" + Index + "]", true): Modify property of object successfully

2020-06-02 09:17:25 - [MESSAGE][PASSED] - Modify property of object successfully

2020-06-02 09:17:25 - [TEST_STEP][PASSED] - com.reusableComponents.HighlightElement.run(modifiedDropdown): com.reusableComponents.HighlightElement.run is PASSED

2020-06-02 09:17:25 - [MESSAGE][PASSED] - com.reusableComponents.HighlightElement.run is PASSED

2020-06-02 09:17:25 - [TEST_STEP][PASSED] - click(modifiedDropdown): Object: 'Object Repository/Objects.ClickDropDownField/dropdownfield' is clicked on

2020-06-02 09:17:27 - [MESSAGE][PASSED] - Object: 'Object Repository/Objects.ClickDropDownField/dropdownfield' is clicked on

2020-06-02 09:17:27 - [TEST_STEP][PASSED] - click(modifiedDropdown): Object: 'Object Repository/Objects.ClickDropDownField/dropdownfield' is clicked on

2020-06-02 09:17:27 - [MESSAGE][PASSED] - Object: 'Object Repository/Objects.ClickDropDownField/dropdownfield' is clicked on

2020-06-02 09:17:27 - [MESSAGE][PASSED] - Call Test Case 'Test Cases/Components/ClickDropDownField' successfully

2020-06-02 09:17:27 - [TEST_STEP][PASSED] - callTestCase(findTestCase("Components/ClickBlueButtonsWithXPI"), ["Button":"Reset", "Index":3], STOP_ON_FAILURE): Call Test Case 'Test Cases/Components/ClickBlueButtonsWithXPI' successfully

2020-06-02 09:17:27 - [TEST_CASE][PASSED] - Test Cases/Components/ClickBlueButtonsWithXPI: Test Cases/Components/ClickBlueButtonsWithXPI

2020-06-02 09:17:27 - [TEST_STEP][PASSED] - Thread.sleep(1000): null

2020-06-02 09:17:28 - [TEST_STEP][PASSED] - complexlyModifiedButtonGG = modifyObjectProperty(findTestObject("Objects.ClickBlueButtonsWithXPI/span_Reset"), "xPath", "equals", "(//*[text()="" + Button + ""])[" + Index + "]", true): Modify property of object successfully

2020-06-02 09:17:28 - [MESSAGE][PASSED] - Modify property of object successfully

2020-06-02 09:17:28 - [TEST_STEP][PASSED] - click(complexlyModifiedButtonGG): Object: 'Object Repository/Objects.ClickBlueButtonsWithXPI/span_Reset' is clicked on

2020-06-02 09:17:29 - [MESSAGE][PASSED] - Object: 'Object Repository/Objects.ClickBlueButtonsWithXPI/span_Reset' is clicked on

2020-06-02 09:17:29 - [MESSAGE][PASSED] - Call Test Case 'Test Cases/Components/ClickBlueButtonsWithXPI' successfully

2020-06-02 09:17:29 - [TEST_STEP][PASSED] - callTestCase(findTestCase("PFI Precision and Scale/PFI Components/RequiredIconValidation"), ["index":1], STOP_ON_FAILURE): Call Test Case 'Test Cases/PFI Precision and Scale/PFI Components/RequiredIconValidation' successfully

2020-06-02 09:17:29 - [TEST_CASE][PASSED] - Test Cases/PFI Precision and Scale/PFI Components/RequiredIconValidation: Test Cases/PFI Precision and Scale/PFI Components/RequiredIconValidation

2020-06-02 09:17:29 - [TEST_STEP][PASSED] - enableSmartWait(): null

2020-06-02 09:17:29 - [TEST_STEP][PASSED] - modifiedIcon = modifyObjectProperty(findTestObject("Object Repository/Objects.ReusableObjects/ErrorIcon"), "xpath", "equals", "(//*[contains(@class,'x-form-error-msg x-form-invalid-icon')])[" + index + "]", true): Modify property of object successfully

2020-06-02 09:17:29 - [MESSAGE][PASSED] - Modify property of object successfully

2020-06-02 09:17:29 - [TEST_STEP][PASSED] - mouseOver(modifiedIcon): Object: 'Object Repository/Objects.ReusableObjects/ErrorIcon' is hovered

2020-06-02 09:17:29 - [MESSAGE][PASSED] - Object: 'Object Repository/Objects.ReusableObjects/ErrorIcon' is hovered

2020-06-02 09:17:29 - [TEST_STEP][PASSED] - com.reusableComponents.HighlightElement.run(modifiedIcon): com.reusableComponents.HighlightElement.run is PASSED

2020-06-02 09:17:29 - [MESSAGE][PASSED] - com.reusableComponents.HighlightElement.run is PASSED

2020-06-02 09:17:29 - [TEST_STEP][PASSED] - getRqErrMsg = getAttribute(modifiedIcon, "data-errorqtip"): Attribute 'data-errorqtip' of object 'Object Repository/Objects.ReusableObjects/ErrorIcon' is: '<ul class="x-list-plain"><li>This field is required</li></ul>'

2020-06-02 09:17:30 - [MESSAGE][PASSED] - Attribute 'data-errorqtip' of object 'Object Repository/Objects.ReusableObjects/ErrorIcon' is: '<ul class="x-list-plain"><li>This field is required</li></ul>'

2020-06-02 09:17:30 - [TEST_STEP][PASSED] - strToolTip = getRqErrMsg.substring(29, 61): null

2020-06-02 09:17:30 - [TEST_STEP][PASSED] - toolTipReqErrMsg = strToolTip.substring(0, 22): null

2020-06-02 09:17:30 - [TEST_STEP][PASSED] - verifyMatch(toolTipReqErrMsg, RqField, true): Actual text 'This field is required' and expected text 'This field is required' are matched  using regular expression

2020-06-02 09:17:30 - [MESSAGE][PASSED] - Actual text 'This field is required' and expected text 'This field is required' are matched  using regular expression

2020-06-02 09:17:30 - [MESSAGE][PASSED] - Call Test Case 'Test Cases/PFI Precision and Scale/PFI Components/RequiredIconValidation' successfully

2020-06-02 09:17:30 - [TEST_STEP][PASSED] - callTestCase(findTestCase("PFI Precision and Scale/PFI Components with Indexing/VerifyDisabledDropdownValuesXPI"), ["FldNm":"NovaComboBox", "index":2, "CallTCName":"PFI Precision and Scale/HashMap Tables/ConstantHashMap", "cmbNm":"Actions", ... ], STOP_ON_FAILURE): Call Test Case 'Test Cases/PFI Precision and Scale/PFI Components with Indexing/VerifyDisabledDropdownValuesXPI' successfully

2020-06-02 09:17:30 - [TEST_CASE][PASSED] - Test Cases/PFI Precision and Scale/PFI Components with Indexing/VerifyDisabledDropdownValuesXPI: Test Cases/PFI Precision and Scale/PFI Components with Indexing/VerifyDisabledDropdownValuesXPI

2020-06-02 09:17:30 - [TEST_STEP][PASSED] - Thread.sleep(1000): null

2020-06-02 09:17:31 - [TEST_STEP][PASSED] - NewInputNmField = modifyObjectProperty(findTestObject("Object Repository/Objects.HighlightElements/input_field_index"), "xpath", "equals", "(//*[contains(@name, '" + FldNm + "')])[" + index + "]", true): Modify property of object successfully

2020-06-02 09:17:31 - [MESSAGE][PASSED] - Modify property of object successfully

2020-06-02 09:17:31 - [TEST_STEP][PASSED] - comboNm = cmbNm: null

2020-06-02 09:17:31 - [TEST_STEP][PASSED] - for ([i = 1, i <= NoOfVal, (i++)]): Keys 'DOWN + ' sent to object: 'Object Repository/Objects.HighlightElements/input_field_index'

2020-06-02 09:17:31 - [TEST_STEP][PASSED] - sendKeys(NewInputNmField, Keys.chord(ARROW_DOWN)): Keys 'DOWN + ' sent to object: 'Object Repository/Objects.HighlightElements/input_field_index'

2020-06-02 09:17:31 - [MESSAGE][PASSED] - Keys 'DOWN + ' sent to object: 'Object Repository/Objects.HighlightElements/input_field_index'

2020-06-02 09:17:31 - [TEST_STEP][PASSED] - delay(DelayTime): Delayed 2 second(s)

2020-06-02 09:17:33 - [MESSAGE][PASSED] - Delayed 2 second(s)

2020-06-02 09:17:33 - [TEST_STEP][PASSED] - sendKeys(NewInputNmField, Keys.chord(ENTER)): Keys 'ENTER + ' sent to object: 'Object Repository/Objects.HighlightElements/input_field_index'

2020-06-02 09:17:33 - [MESSAGE][PASSED] - Keys 'ENTER + ' sent to object: 'Object Repository/Objects.HighlightElements/input_field_index'

2020-06-02 09:17:33 - [TEST_STEP][PASSED] - ComboBoxValue = getAttribute(NewInputNmField, "value"): Attribute 'value' of object 'Object Repository/Objects.HighlightElements/input_field_index' is: 'Remove Work Item'

2020-06-02 09:17:33 - [MESSAGE][PASSED] - Attribute 'value' of object 'Object Repository/Objects.HighlightElements/input_field_index' is: 'Remove Work Item'

2020-06-02 09:17:33 - [TEST_STEP][PASSED] - callTestCase(findTestCase(CallTCName), ["FindValue":ComboBoxValue, "DropdownNm":comboNm], STOP_ON_FAILURE): Call Test Case 'Test Cases/PFI Precision and Scale/HashMap Tables/ConstantHashMap' successfully

2020-06-02 09:17:33 - [TEST_CASE][PASSED] - Test Cases/PFI Precision and Scale/HashMap Tables/ConstantHashMap: Test Cases/PFI Precision and Scale/HashMap Tables/ConstantHashMap

2020-06-02 09:17:33 - [TEST_STEP][PASSED] - ConstantTBL = [1:["PeriodType":"Working Day(s)"], 2:["PeriodType":"Calendar Day(s)"], 3:["PeriodType":"Month(s)"], 4:["TypeOfLetter":"T1"], ... ]: null

2020-06-02 09:17:33 - [TEST_STEP][PASSED] - switch (DropdownNm): null

2020-06-02 09:17:33 - [TEST_STEP][PASSED] - case "Actions":: null

2020-06-02 09:17:33 - [TEST_STEP][PASSED] - ValueFound = ConstantTBL.find({ -> ... }): null

2020-06-02 09:17:33 - [TEST_STEP][PASSED] - break: null

2020-06-02 09:17:33 - [MESSAGE][PASSED] - Call Test Case 'Test Cases/PFI Precision and Scale/HashMap Tables/ConstantHashMap' successfully

2020-06-02 09:17:33 - [TEST_STEP][PASSED] - println(ValueFound): null

2020-06-02 09:17:33 - [TEST_STEP][PASSED] - sendKeys(NewInputNmField, Keys.chord(ARROW_DOWN)): Keys 'DOWN + ' sent to object: 'Object Repository/Objects.HighlightElements/input_field_index'

2020-06-02 09:17:33 - [MESSAGE][PASSED] - Keys 'DOWN + ' sent to object: 'Object Repository/Objects.HighlightElements/input_field_index'

2020-06-02 09:17:33 - [TEST_STEP][PASSED] - sendKeys(NewInputNmField, Keys.chord(ENTER)): Keys 'ENTER + ' sent to object: 'Object Repository/Objects.HighlightElements/input_field_index'

2020-06-02 09:17:34 - [MESSAGE][PASSED] - Keys 'ENTER + ' sent to object: 'Object Repository/Objects.HighlightElements/input_field_index'

2020-06-02 09:17:34 - [MESSAGE][PASSED] - Call Test Case 'Test Cases/PFI Precision and Scale/PFI Components with Indexing/VerifyDisabledDropdownValuesXPI' successfully

2020-06-02 09:17:34 - [TEST_STEP][PASSED] - callTestCase(findTestCase("Components/ScrollDownToElementIndex"), ["labelNm":"HOUSE(H)/BUILDING NAME(B)", "index":1], STOP_ON_FAILURE): Call Test Case 'Test Cases/Components/ScrollDownToElementIndex' successfully

2020-06-02 09:17:34 - [TEST_CASE][PASSED] - Test Cases/Components/ScrollDownToElementIndex: Test Cases/Components/ScrollDownToElementIndex

2020-06-02 09:17:34 - [TEST_STEP][PASSED] - Thread.sleep(2000): null

2020-06-02 09:17:36 - [TEST_STEP][PASSED] - modifiedElementName = modifyObjectProperty(findTestObject("Objects.ReusableObjects/LabelField"), "xpath", "equals", "(//*[text()='" + labelNm + "'])[" + index + "]", true): Modify property of object successfully

2020-06-02 09:17:36 - [MESSAGE][PASSED] - Modify property of object successfully

2020-06-02 09:17:36 - [TEST_STEP][PASSED] - scrollToElement(modifiedElementName, 0): Scroll to object 'Object Repository/Objects.ReusableObjects/LabelField' successfully

2020-06-02 09:17:36 - [MESSAGE][WARNING] - Timeout '0' is invalid. Using default page load timeout: '30'

2020-06-02 09:17:36 - [MESSAGE][PASSED] - Scroll to object 'Object Repository/Objects.ReusableObjects/LabelField' successfully

2020-06-02 09:17:36 - [MESSAGE][PASSED] - Call Test Case 'Test Cases/Components/ScrollDownToElementIndex' successfully

2020-06-02 09:17:36 - [TEST_STEP][PASSED] - callTestCase(findTestCase("PFI Precision and Scale/PFI Components with Indexing/VerifyCellGridDropdown"), ["index":8], STOP_ON_FAILURE): Call Test Case 'Test Cases/PFI Precision and Scale/PFI Components with Indexing/VerifyCellGridDropdown' successfully

2020-06-02 09:17:36 - [TEST_CASE][PASSED] - Test Cases/PFI Precision and Scale/PFI Components with Indexing/VerifyCellGridDropdown: Test Cases/PFI Precision and Scale/PFI Components with Indexing/VerifyCellGridDropdown

2020-06-02 09:17:36 - [TEST_STEP][PASSED] - Thread.sleep(1000): null

2020-06-02 09:17:37 - [TEST_STEP][PASSED] - HB = [1:"H", 2:"B"]: null

2020-06-02 09:17:37 - [TEST_STEP][PASSED] - modifiedCellGDD = modifyObjectProperty(findTestObject("Objects.ReusableObjects/CellGridDropdown"), "xpath", "equals", "//div[contains(@class,'x-grid-row-checker')]//following::div[" + index + "]", true): Modify property of object successfully

2020-06-02 09:17:37 - [MESSAGE][PASSED] - Modify property of object successfully

2020-06-02 09:17:37 - [TEST_STEP][PASSED] - click(modifiedCellGDD): Object: 'Object Repository/Objects.ReusableObjects/CellGridDropdown' is clicked on

2020-06-02 09:17:37 - [MESSAGE][PASSED] - Object: 'Object Repository/Objects.ReusableObjects/CellGridDropdown' is clicked on

2020-06-02 09:17:37 - [TEST_STEP][PASSED] - NoOfVal = HB.size(): null

2020-06-02 09:17:37 - [TEST_STEP][PASSED] - for (def NoOfVal : HB): Delayed 5 second(s)

2020-06-02 09:17:37 - [TEST_STEP][PASSED] - SetValue = value: null

2020-06-02 09:17:37 - [TEST_STEP][PASSED] - modifiedOptionVal = modifyObjectProperty(findTestObject("Objects.ReusableObjects/SelectOptionDropdown"), "value", "equals", SetValue, true): Modify property of object successfully

2020-06-02 09:17:37 - [MESSAGE][PASSED] - Modify property of object successfully

2020-06-02 09:17:37 - [TEST_STEP][PASSED] - delay(5): Delayed 5 second(s)

2020-06-02 09:17:42 - [MESSAGE][PASSED] - Delayed 5 second(s)

2020-06-02 09:17:42 - [TEST_STEP][PASSED] - click(modifiedOptionVal): Object: 'Object Repository/Objects.ReusableObjects/SelectOptionDropdown' is clicked on

2020-06-02 09:17:42 - [MESSAGE][PASSED] - Object: 'Object Repository/Objects.ReusableObjects/SelectOptionDropdown' is clicked on

2020-06-02 09:17:42 - [TEST_STEP][PASSED] - delay(5): Delayed 5 second(s)

2020-06-02 09:17:47 - [MESSAGE][PASSED] - Delayed 5 second(s)

2020-06-02 09:17:47 - [TEST_STEP][PASSED] - SetValue = value: null

2020-06-02 09:17:47 - [TEST_STEP][PASSED] - modifiedOptionVal = modifyObjectProperty(findTestObject("Objects.ReusableObjects/SelectOptionDropdown"), "value", "equals", SetValue, true): Modify property of object successfully

2020-06-02 09:17:47 - [MESSAGE][PASSED] - Modify property of object successfully

2020-06-02 09:17:47 - [TEST_STEP][PASSED] - delay(5): Delayed 5 second(s)

2020-06-02 09:17:52 - [MESSAGE][PASSED] - Delayed 5 second(s)

2020-06-02 09:17:52 - [TEST_STEP][PASSED] - click(modifiedOptionVal): Object: 'Object Repository/Objects.ReusableObjects/SelectOptionDropdown' is clicked on

2020-06-02 09:17:52 - [MESSAGE][PASSED] - Object: 'Object Repository/Objects.ReusableObjects/SelectOptionDropdown' is clicked on

2020-06-02 09:17:52 - [TEST_STEP][PASSED] - delay(5): Delayed 5 second(s)

2020-06-02 09:17:57 - [MESSAGE][PASSED] - Delayed 5 second(s)

2020-06-02 09:17:57 - [MESSAGE][PASSED] - Call Test Case 'Test Cases/PFI Precision and Scale/PFI Components with Indexing/VerifyCellGridDropdown' successfully

2020-06-02 09:17:57 - [TEST_STEP][PASSED] - callTestCase(findTestCase("PFI Precision and Scale/PFI Components with Indexing/InputCellGridValidation"), ["LenChar":5], STOP_ON_FAILURE): Call Test Case 'Test Cases/PFI Precision and Scale/PFI Components with Indexing/InputCellGridValidation' successfully

2020-06-02 09:17:57 - [TEST_CASE][PASSED] - Test Cases/PFI Precision and Scale/PFI Components with Indexing/InputCellGridValidation: Test Cases/PFI Precision and Scale/PFI Components with Indexing/InputCellGridValidation

2020-06-02 09:17:58 - [TEST_STEP][PASSED] - Thread.sleep(1000): null

2020-06-02 09:17:59 - [TEST_STEP][PASSED] - charset = /?><"".join(): null

2020-06-02 09:17:59 - [TEST_STEP][PASSED] - AlphaNumeric = 9).join(): null

2020-06-02 09:17:59 - [TEST_STEP][PASSED] - SpecialChar = "`~!@#$%^&*()-=+_{}|\][;'":,./?><"": null

2020-06-02 09:17:59 - [TEST_STEP][PASSED] - RandomString = RandomStringUtils.random(LenChar, AlphaNumeric.toCharArray()): null

2020-06-02 09:17:59 - [TEST_STEP][PASSED] - RdmSpChar = RandomStringUtils.random(LenChar, SpecialChar): null

2020-06-02 09:17:59 - [TEST_STEP][PASSED] - regexPat = Pattern.compile("^[A-Za-z0-9 ]+$"): null

2020-06-02 09:17:59 - [TEST_STEP][PASSED] - "Modify Input field property/attribute": null

2020-06-02 09:17:59 - [TEST_STEP][PASSED] - setText(findTestObject("Objects.ReusableObjects/CellGridInput"), RandomString): Text 'vFfKx' is set on object 'Object Repository/Objects.ReusableObjects/CellGridInput'

2020-06-02 09:17:59 - [MESSAGE][PASSED] - Text 'vFfKx' is set on object 'Object Repository/Objects.ReusableObjects/CellGridInput'

2020-06-02 09:17:59 - [TEST_STEP][PASSED] - RemarksAN = getAttribute(findTestObject("Objects.ReusableObjects/CellGridInput"), "value"): Attribute 'value' of object 'Object Repository/Objects.ReusableObjects/CellGridInput' is: 'vFfKx'

2020-06-02 09:17:59 - [MESSAGE][PASSED] - Attribute 'value' of object 'Object Repository/Objects.ReusableObjects/CellGridInput' is: 'vFfKx'

2020-06-02 09:17:59 - [TEST_STEP][PASSED] - matchStr = regexPat.matcher(RemarksAN): null

2020-06-02 09:17:59 - [TEST_STEP][PASSED] - if (matchStr.matches() == true): Accepting Alphanumeric

2020-06-02 09:17:59 - [TEST_STEP][PASSED] - comment("Accepting Alphanumeric"): Accepting Alphanumeric

2020-06-02 09:17:59 - [MESSAGE][INFO] - Accepting Alphanumeric

2020-06-02 09:17:59 - [TEST_STEP][PASSED] - setText(findTestObject("Objects.ReusableObjects/CellGridInput"), RdmSpChar): Text '|+["=' is set on object 'Object Repository/Objects.ReusableObjects/CellGridInput'

2020-06-02 09:17:59 - [MESSAGE][PASSED] - Text '|+["=' is set on object 'Object Repository/Objects.ReusableObjects/CellGridInput'

2020-06-02 09:17:59 - [TEST_STEP][PASSED] - RemarksSpChar = getAttribute(findTestObject("Objects.ReusableObjects/CellGridInput"), "value"): Attribute 'value' of object 'Object Repository/Objects.ReusableObjects/CellGridInput' is: '|+["='

2020-06-02 09:17:59 - [MESSAGE][PASSED] - Attribute 'value' of object 'Object Repository/Objects.ReusableObjects/CellGridInput' is: '|+["='

2020-06-02 09:17:59 - [TEST_STEP][PASSED] - matchSp = regexPat.matcher(RemarksSpChar): null

2020-06-02 09:17:59 - [TEST_STEP][PASSED] - if (matchSp.matches() == false): Accepting Special Characters

2020-06-02 09:17:59 - [TEST_STEP][PASSED] - comment("Accepting Special Characters"): Accepting Special Characters

2020-06-02 09:17:59 - [MESSAGE][INFO] - Accepting Special Characters

2020-06-02 09:17:59 - [MESSAGE][PASSED] - Call Test Case 'Test Cases/PFI Precision and Scale/PFI Components with Indexing/InputCellGridValidation' successfully

2020-06-02 09:17:59 - [TEST_STEP][PASSED] - callTestCase(findTestCase("PFI Precision and Scale/PFI Components with Indexing/MaxInputGridCellValidation"), ["FieldNm":"HB", "MaxCharLen":22], STOP_ON_FAILURE): Call Test Case 'Test Cases/PFI Precision and Scale/PFI Components with Indexing/MaxInputGridCellValidation' successfully

2020-06-02 09:17:59 - [TEST_CASE][PASSED] - Test Cases/PFI Precision and Scale/PFI Components with Indexing/MaxInputGridCellValidation: Test Cases/PFI Precision and Scale/PFI Components with Indexing/MaxInputGridCellValidation

2020-06-02 09:18:00 - [TEST_STEP][PASSED] - Thread.sleep(1000): null

2020-06-02 09:18:01 - [TEST_STEP][PASSED] - CharLengthTBL = ["HB":20]: null

2020-06-02 09:18:01 - [TEST_STEP][PASSED] - charset = 9).join(): null

2020-06-02 09:18:01 - [TEST_STEP][PASSED] - RandomStringVal = RandomStringUtils.random(MaxCharLen, charset.toCharArray()): null

2020-06-02 09:18:01 - [TEST_STEP][PASSED] - setText(findTestObject("Objects.ReusableObjects/CellGridInput"), RandomStringVal): Text '4rsUua5ER8Mes0HWsMMWi7' is set on object 'Object Repository/Objects.ReusableObjects/CellGridInput'

2020-06-02 09:18:01 - [MESSAGE][PASSED] - Text '4rsUua5ER8Mes0HWsMMWi7' is set on object 'Object Repository/Objects.ReusableObjects/CellGridInput'

2020-06-02 09:18:01 - [TEST_STEP][PASSED] - GetInputValue = getAttribute(findTestObject("Objects.ReusableObjects/CellGridInput"), "value", STOP_ON_FAILURE): Attribute 'value' of object 'Object Repository/Objects.ReusableObjects/CellGridInput' is: '4rsUua5ER8Mes0HWsMMW'

2020-06-02 09:18:01 - [MESSAGE][PASSED] - Attribute 'value' of object 'Object Repository/Objects.ReusableObjects/CellGridInput' is: '4rsUua5ER8Mes0HWsMMW'

2020-06-02 09:18:01 - [TEST_STEP][PASSED] - GetLenChar = GetInputValue.length(): null

2020-06-02 09:18:01 - [TEST_STEP][PASSED] - MaxLength = CharLengthTBL.get(FieldNm): null

2020-06-02 09:18:01 - [TEST_STEP][PASSED] - if (MaxLength != null): Actual object '20' and expected object '20' are equal

2020-06-02 09:18:01 - [TEST_STEP][PASSED] - verifyEqual(GetLenChar, MaxLength): Actual object '20' and expected object '20' are equal

2020-06-02 09:18:01 - [MESSAGE][PASSED] - Actual object '20' and expected object '20' are equal

2020-06-02 09:18:01 - [MESSAGE][PASSED] - Call Test Case 'Test Cases/PFI Precision and Scale/PFI Components with Indexing/MaxInputGridCellValidation' successfully]]></system-out>
         <system-err><![CDATA[]]></system-err>
      </testcase>
      <testcase name="Test Cases/PFI Precision and Scale/PFI Test Cases/PFI - TOPCSC/RecommendTOPCSC" time="132.75" classname="Test Cases/PFI Precision and Scale/PFI Test Cases/PFI - TOPCSC/RecommendTOPCSC" status="PASSED">
         <system-out><![CDATA[2020-06-02 09:18:01 - [TEST_CASE][PASSED] - Test Cases/PFI Precision and Scale/PFI Test Cases/PFI - TOPCSC/RecommendTOPCSC: Test Cases/PFI Precision and Scale/PFI Test Cases/PFI - TOPCSC/RecommendTOPCSC

2020-06-02 09:18:01 - [TEST_STEP][PASSED] - callTestCase(findTestCase("Components/NavigateToAnyLHS"), ["LHS":"Recommend TOP/CSC Interface"], STOP_ON_FAILURE): Call Test Case 'Test Cases/Components/NavigateToAnyLHS' successfully

2020-06-02 09:18:01 - [TEST_CASE][PASSED] - Test Cases/Components/NavigateToAnyLHS: Test Cases/Components/NavigateToAnyLHS

2020-06-02 09:18:01 - [TEST_STEP][PASSED] - Thread.sleep(1000): null

2020-06-02 09:18:02 - [TEST_STEP][PASSED] - modifiedLHS = modifyObjectProperty(findTestObject("Objects.NavigateToAnyLHS/Page_ISPS2/LHSToModify"), "text", "equals", LHS, true): Modify property of object successfully

2020-06-02 09:18:02 - [MESSAGE][PASSED] - Modify property of object successfully

2020-06-02 09:18:02 - [TEST_STEP][PASSED] - click(modifiedLHS): Object: 'Object Repository/Objects.NavigateToAnyLHS/Page_ISPS2/LHSToModify' is clicked on

2020-06-02 09:18:02 - [MESSAGE][PASSED] - Object: 'Object Repository/Objects.NavigateToAnyLHS/Page_ISPS2/LHSToModify' is clicked on

2020-06-02 09:18:02 - [TEST_STEP][PASSED] - currentLHS = getText(modifiedLHS): Text of object 'Object Repository/Objects.NavigateToAnyLHS/Page_ISPS2/LHSToModify' is: 'Recommend TOP/CSC Interface'

2020-06-02 09:18:02 - [MESSAGE][PASSED] - Text of object 'Object Repository/Objects.NavigateToAnyLHS/Page_ISPS2/LHSToModify' is: 'Recommend TOP/CSC Interface'

2020-06-02 09:18:02 - [TEST_STEP][PASSED] - Thread.sleep(5000): null

2020-06-02 09:18:07 - [MESSAGE][PASSED] - Call Test Case 'Test Cases/Components/NavigateToAnyLHS' successfully

2020-06-02 09:18:07 - [TEST_STEP][PASSED] - callTestCase(findTestCase("Components/VerifyPageSuccessfullyLoadedII"), ["PageNm":"Recommend"], STOP_ON_FAILURE): Call Test Case 'Test Cases/Components/VerifyPageSuccessfullyLoadedII' successfully

2020-06-02 09:18:07 - [TEST_CASE][PASSED] - Test Cases/Components/VerifyPageSuccessfullyLoadedII: Test Cases/Components/VerifyPageSuccessfullyLoadedII

2020-06-02 09:18:07 - [TEST_STEP][PASSED] - Thread.sleep(1000): null

2020-06-02 09:18:08 - [TEST_STEP][PASSED] - modifiedInputFld = modifyObjectProperty(findTestObject("Object Repository/Objects.VerifyPageSuccessfullyLoaded/PageHeaderIndex"), "xpath", "equals", "//*[contains(@class,'isps-page-title') and (text()='" + PageNm + "')]", true): Modify property of object successfully

2020-06-02 09:18:08 - [MESSAGE][PASSED] - Modify property of object successfully

2020-06-02 09:18:08 - [TEST_STEP][PASSED] - com.reusableComponents.HighlightElement.run(modifiedInputFld): com.reusableComponents.HighlightElement.run is PASSED

2020-06-02 09:18:09 - [MESSAGE][PASSED] - com.reusableComponents.HighlightElement.run is PASSED

2020-06-02 09:18:09 - [MESSAGE][PASSED] - Call Test Case 'Test Cases/Components/VerifyPageSuccessfullyLoadedII' successfully

2020-06-02 09:18:09 - [TEST_STEP][PASSED] - callTestCase(findTestCase("Components/HighlightLabelFieldXPI"), ["LblName":"Recommend To", "index":1], STOP_ON_FAILURE): Call Test Case 'Test Cases/Components/HighlightLabelFieldXPI' successfully

2020-06-02 09:18:09 - [TEST_CASE][PASSED] - Test Cases/Components/HighlightLabelFieldXPI: Test Cases/Components/HighlightLabelFieldXPI

2020-06-02 09:18:09 - [TEST_STEP][PASSED] - Thread.sleep(1000): null

2020-06-02 09:18:10 - [TEST_STEP][PASSED] - modifiedLblNm = modifyObjectProperty(findTestObject("Object Repository/Objects.HighlightElements/lblField_index"), "xpath", "equals", "(//*[contains(@class, 'x-form-item-label-inner x-form-item-label-inner-default') and contains(., '" + LblName + "')])[" + index + "]", true): Modify property of object successfully

2020-06-02 09:18:10 - [MESSAGE][PASSED] - Modify property of object successfully

2020-06-02 09:18:10 - [TEST_STEP][PASSED] - com.reusableComponents.HighlightElement.run(modifiedLblNm): com.reusableComponents.HighlightElement.run is PASSED

2020-06-02 09:18:10 - [MESSAGE][PASSED] - com.reusableComponents.HighlightElement.run is PASSED

2020-06-02 09:18:10 - [MESSAGE][PASSED] - Call Test Case 'Test Cases/Components/HighlightLabelFieldXPI' successfully

2020-06-02 09:18:10 - [TEST_STEP][PASSED] - callTestCase(findTestCase("Components/HighlightInputIndexField"), ["InputName":"psiRecommendTo", "index":1], STOP_ON_FAILURE): Call Test Case 'Test Cases/Components/HighlightInputIndexField' successfully

2020-06-02 09:18:10 - [TEST_CASE][PASSED] - Test Cases/Components/HighlightInputIndexField: Test Cases/Components/HighlightInputIndexField

2020-06-02 09:18:11 - [TEST_STEP][PASSED] - Thread.sleep(1000): null

2020-06-02 09:18:12 - [TEST_STEP][PASSED] - modifiedInputFld = modifyObjectProperty(findTestObject("Objects.HighlightElements/input_field_index"), "xpath", "equals", "(//*[contains(@class,'x-form-text') and (@name='" + InputName + "')])[" + index + "]", true): Modify property of object successfully

2020-06-02 09:18:12 - [MESSAGE][PASSED] - Modify property of object successfully

2020-06-02 09:18:12 - [TEST_STEP][PASSED] - com.reusableComponents.HighlightElement.run(modifiedInputFld): com.reusableComponents.HighlightElement.run is PASSED

2020-06-02 09:18:12 - [MESSAGE][PASSED] - com.reusableComponents.HighlightElement.run is PASSED

2020-06-02 09:18:12 - [MESSAGE][PASSED] - Call Test Case 'Test Cases/Components/HighlightInputIndexField' successfully

2020-06-02 09:18:12 - [TEST_STEP][PASSED] - callTestCase(findTestCase("PFI Precision and Scale/PFI Components with Indexing/VerifyDropdownValuesIndex"), ["FldNm":"psiRecommendTo", "CallTCName":"PFI Precision and Scale/HashMap Tables/OfficerLists", "cmbNm":"", "NoOfVal":27, "DelayTime":2, ... ], STOP_ON_FAILURE): Call Test Case 'Test Cases/PFI Precision and Scale/PFI Components with Indexing/VerifyDropdownValuesIndex' successfully

2020-06-02 09:18:12 - [TEST_CASE][PASSED] - Test Cases/PFI Precision and Scale/PFI Components with Indexing/VerifyDropdownValuesIndex: Test Cases/PFI Precision and Scale/PFI Components with Indexing/VerifyDropdownValuesIndex

2020-06-02 09:18:12 - [TEST_STEP][PASSED] - Thread.sleep(1000): null

2020-06-02 09:18:13 - [TEST_STEP][PASSED] - NewInputNmField = modifyObjectProperty(findTestObject("Object Repository/Objects.HighlightElements/input_field_index"), "xpath", "equals", "(//*[contains(@class,'x-form-text') and (@name='" + FldNm + "')])[" + index + "]", true): Modify property of object successfully

2020-06-02 09:18:13 - [MESSAGE][PASSED] - Modify property of object successfully

2020-06-02 09:18:13 - [TEST_STEP][PASSED] - comboNm = cmbNm: null

2020-06-02 09:18:13 - [TEST_STEP][PASSED] - focus(NewInputNmField): Object: 'Object Repository/Objects.HighlightElements/input_field_index' is focused

2020-06-02 09:18:14 - [MESSAGE][PASSED] - Object: 'Object Repository/Objects.HighlightElements/input_field_index' is focused

2020-06-02 09:18:14 - [TEST_STEP][PASSED] - setText(NewInputNmField, EnterValue): Text '' is set on object 'Object Repository/Objects.HighlightElements/input_field_index'

2020-06-02 09:18:14 - [MESSAGE][PASSED] - Text '' is set on object 'Object Repository/Objects.HighlightElements/input_field_index'

2020-06-02 09:18:14 - [TEST_STEP][PASSED] - for ([i = 1, i <= NoOfVal, (i++)]): Keys 'DOWN + ' sent to object: 'Object Repository/Objects.HighlightElements/input_field_index'

2020-06-02 09:18:14 - [TEST_STEP][PASSED] - sendKeys(NewInputNmField, Keys.chord(ARROW_DOWN)): Keys 'DOWN + ' sent to object: 'Object Repository/Objects.HighlightElements/input_field_index'

2020-06-02 09:18:14 - [MESSAGE][PASSED] - Keys 'DOWN + ' sent to object: 'Object Repository/Objects.HighlightElements/input_field_index'

2020-06-02 09:18:14 - [TEST_STEP][PASSED] - delay(DelayTime): Delayed 2 second(s)

2020-06-02 09:18:16 - [MESSAGE][PASSED] - Delayed 2 second(s)

2020-06-02 09:18:16 - [TEST_STEP][PASSED] - sendKeys(NewInputNmField, Keys.chord(ENTER)): Keys 'ENTER + ' sent to object: 'Object Repository/Objects.HighlightElements/input_field_index'

2020-06-02 09:18:16 - [MESSAGE][PASSED] - Keys 'ENTER + ' sent to object: 'Object Repository/Objects.HighlightElements/input_field_index'

2020-06-02 09:18:16 - [TEST_STEP][PASSED] - ComboBoxValue = getAttribute(NewInputNmField, "value"): Attribute 'value' of object 'Object Repository/Objects.HighlightElements/input_field_index' is: 'Aaron Sham Wai Lun (AARON)'

2020-06-02 09:18:16 - [MESSAGE][PASSED] - Attribute 'value' of object 'Object Repository/Objects.HighlightElements/input_field_index' is: 'Aaron Sham Wai Lun (AARON)'

2020-06-02 09:18:16 - [TEST_STEP][PASSED] - callTestCase(findTestCase(CallTCName), ["FindValue":ComboBoxValue, "DropdownNm":comboNm], STOP_ON_FAILURE): Call Test Case 'Test Cases/PFI Precision and Scale/HashMap Tables/OfficerLists' successfully

2020-06-02 09:18:16 - [TEST_CASE][PASSED] - Test Cases/PFI Precision and Scale/HashMap Tables/OfficerLists: Test Cases/PFI Precision and Scale/HashMap Tables/OfficerLists

2020-06-02 09:18:16 - [TEST_STEP][PASSED] - Thread.sleep(1000): null

2020-06-02 09:18:17 - [TEST_STEP][PASSED] - OfficerLists = [1:"Aaron Sham Wai Lun (AARON)", 2:"Azidah Bte Akmad (Mdm) (USAABD)", 3:"Chung Fong Nyen (USACFN)", 4:"David Tey Dah Wei (DAHWEI)", ... ]: null

2020-06-02 09:18:17 - [TEST_STEP][PASSED] - ValueFound = OfficerLists.find({ -> ... }): null

2020-06-02 09:18:17 - [MESSAGE][PASSED] - Call Test Case 'Test Cases/PFI Precision and Scale/HashMap Tables/OfficerLists' successfully

2020-06-02 09:18:17 - [TEST_STEP][PASSED] - println(ValueFound): null

2020-06-02 09:18:17 - [TEST_STEP][PASSED] - sendKeys(NewInputNmField, Keys.chord(ARROW_DOWN)): Keys 'DOWN + ' sent to object: 'Object Repository/Objects.HighlightElements/input_field_index'

2020-06-02 09:18:17 - [MESSAGE][PASSED] - Keys 'DOWN + ' sent to object: 'Object Repository/Objects.HighlightElements/input_field_index'

2020-06-02 09:18:17 - [TEST_STEP][PASSED] - sendKeys(NewInputNmField, Keys.chord(ARROW_DOWN)): Keys 'DOWN + ' sent to object: 'Object Repository/Objects.HighlightElements/input_field_index'

2020-06-02 09:18:17 - [MESSAGE][PASSED] - Keys 'DOWN + ' sent to object: 'Object Repository/Objects.HighlightElements/input_field_index'

2020-06-02 09:18:17 - [TEST_STEP][PASSED] - delay(DelayTime): Delayed 2 second(s)

2020-06-02 09:18:19 - [MESSAGE][PASSED] - Delayed 2 second(s)

2020-06-02 09:18:19 - [TEST_STEP][PASSED] - sendKeys(NewInputNmField, Keys.chord(ENTER)): Keys 'ENTER + ' sent to object: 'Object Repository/Objects.HighlightElements/input_field_index'

2020-06-02 09:18:19 - [MESSAGE][PASSED] - Keys 'ENTER + ' sent to object: 'Object Repository/Objects.HighlightElements/input_field_index'

2020-06-02 09:18:19 - [TEST_STEP][PASSED] - ComboBoxValue = getAttribute(NewInputNmField, "value"): Attribute 'value' of object 'Object Repository/Objects.HighlightElements/input_field_index' is: 'Azidah Bte Akmad (Mdm) (USAABD)'

2020-06-02 09:18:19 - [MESSAGE][PASSED] - Attribute 'value' of object 'Object Repository/Objects.HighlightElements/input_field_index' is: 'Azidah Bte Akmad (Mdm) (USAABD)'

2020-06-02 09:18:19 - [TEST_STEP][PASSED] - callTestCase(findTestCase(CallTCName), ["FindValue":ComboBoxValue, "DropdownNm":comboNm], STOP_ON_FAILURE): Call Test Case 'Test Cases/PFI Precision and Scale/HashMap Tables/OfficerLists' successfully

2020-06-02 09:18:19 - [TEST_CASE][PASSED] - Test Cases/PFI Precision and Scale/HashMap Tables/OfficerLists: Test Cases/PFI Precision and Scale/HashMap Tables/OfficerLists

2020-06-02 09:18:19 - [TEST_STEP][PASSED] - Thread.sleep(1000): null

2020-06-02 09:18:20 - [TEST_STEP][PASSED] - OfficerLists = [1:"Aaron Sham Wai Lun (AARON)", 2:"Azidah Bte Akmad (Mdm) (USAABD)", 3:"Chung Fong Nyen (USACFN)", 4:"David Tey Dah Wei (DAHWEI)", ... ]: null

2020-06-02 09:18:20 - [TEST_STEP][PASSED] - ValueFound = OfficerLists.find({ -> ... }): null

2020-06-02 09:18:20 - [MESSAGE][PASSED] - Call Test Case 'Test Cases/PFI Precision and Scale/HashMap Tables/OfficerLists' successfully

2020-06-02 09:18:20 - [TEST_STEP][PASSED] - println(ValueFound): null

2020-06-02 09:18:20 - [TEST_STEP][PASSED] - sendKeys(NewInputNmField, Keys.chord(ARROW_DOWN)): Keys 'DOWN + ' sent to object: 'Object Repository/Objects.HighlightElements/input_field_index'

2020-06-02 09:18:20 - [MESSAGE][PASSED] - Keys 'DOWN + ' sent to object: 'Object Repository/Objects.HighlightElements/input_field_index'

2020-06-02 09:18:20 - [TEST_STEP][PASSED] - sendKeys(NewInputNmField, Keys.chord(ARROW_DOWN)): Keys 'DOWN + ' sent to object: 'Object Repository/Objects.HighlightElements/input_field_index'

2020-06-02 09:18:20 - [MESSAGE][PASSED] - Keys 'DOWN + ' sent to object: 'Object Repository/Objects.HighlightElements/input_field_index'

2020-06-02 09:18:20 - [TEST_STEP][PASSED] - delay(DelayTime): Delayed 2 second(s)

2020-06-02 09:18:22 - [MESSAGE][PASSED] - Delayed 2 second(s)

2020-06-02 09:18:22 - [TEST_STEP][PASSED] - sendKeys(NewInputNmField, Keys.chord(ENTER)): Keys 'ENTER + ' sent to object: 'Object Repository/Objects.HighlightElements/input_field_index'

2020-06-02 09:18:22 - [MESSAGE][PASSED] - Keys 'ENTER + ' sent to object: 'Object Repository/Objects.HighlightElements/input_field_index'

2020-06-02 09:18:22 - [TEST_STEP][PASSED] - ComboBoxValue = getAttribute(NewInputNmField, "value"): Attribute 'value' of object 'Object Repository/Objects.HighlightElements/input_field_index' is: 'Chua Bee Tee (BEETEE)'

2020-06-02 09:18:22 - [MESSAGE][PASSED] - Attribute 'value' of object 'Object Repository/Objects.HighlightElements/input_field_index' is: 'Chua Bee Tee (BEETEE)'

2020-06-02 09:18:22 - [TEST_STEP][PASSED] - callTestCase(findTestCase(CallTCName), ["FindValue":ComboBoxValue, "DropdownNm":comboNm], STOP_ON_FAILURE): Call Test Case 'Test Cases/PFI Precision and Scale/HashMap Tables/OfficerLists' successfully

2020-06-02 09:18:23 - [TEST_CASE][PASSED] - Test Cases/PFI Precision and Scale/HashMap Tables/OfficerLists: Test Cases/PFI Precision and Scale/HashMap Tables/OfficerLists

2020-06-02 09:18:23 - [TEST_STEP][PASSED] - Thread.sleep(1000): null

2020-06-02 09:18:24 - [TEST_STEP][PASSED] - OfficerLists = [1:"Aaron Sham Wai Lun (AARON)", 2:"Azidah Bte Akmad (Mdm) (USAABD)", 3:"Chung Fong Nyen (USACFN)", 4:"David Tey Dah Wei (DAHWEI)", ... ]: null

2020-06-02 09:18:24 - [TEST_STEP][PASSED] - ValueFound = OfficerLists.find({ -> ... }): null

2020-06-02 09:18:24 - [MESSAGE][PASSED] - Call Test Case 'Test Cases/PFI Precision and Scale/HashMap Tables/OfficerLists' successfully

2020-06-02 09:18:24 - [TEST_STEP][PASSED] - println(ValueFound): null

2020-06-02 09:18:24 - [TEST_STEP][PASSED] - sendKeys(NewInputNmField, Keys.chord(ARROW_DOWN)): Keys 'DOWN + ' sent to object: 'Object Repository/Objects.HighlightElements/input_field_index'

2020-06-02 09:18:24 - [MESSAGE][PASSED] - Keys 'DOWN + ' sent to object: 'Object Repository/Objects.HighlightElements/input_field_index'

2020-06-02 09:18:24 - [TEST_STEP][PASSED] - sendKeys(NewInputNmField, Keys.chord(ARROW_DOWN)): Keys 'DOWN + ' sent to object: 'Object Repository/Objects.HighlightElements/input_field_index'

2020-06-02 09:18:24 - [MESSAGE][PASSED] - Keys 'DOWN + ' sent to object: 'Object Repository/Objects.HighlightElements/input_field_index'

2020-06-02 09:18:24 - [TEST_STEP][PASSED] - delay(DelayTime): Delayed 2 second(s)

2020-06-02 09:18:26 - [MESSAGE][PASSED] - Delayed 2 second(s)

2020-06-02 09:18:26 - [TEST_STEP][PASSED] - sendKeys(NewInputNmField, Keys.chord(ENTER)): Keys 'ENTER + ' sent to object: 'Object Repository/Objects.HighlightElements/input_field_index'

2020-06-02 09:18:26 - [MESSAGE][PASSED] - Keys 'ENTER + ' sent to object: 'Object Repository/Objects.HighlightElements/input_field_index'

2020-06-02 09:18:26 - [TEST_STEP][PASSED] - ComboBoxValue = getAttribute(NewInputNmField, "value"): Attribute 'value' of object 'Object Repository/Objects.HighlightElements/input_field_index' is: 'Chung Fong Nyen (USACFN)'

2020-06-02 09:18:26 - [MESSAGE][PASSED] - Attribute 'value' of object 'Object Repository/Objects.HighlightElements/input_field_index' is: 'Chung Fong Nyen (USACFN)'

2020-06-02 09:18:26 - [TEST_STEP][PASSED] - callTestCase(findTestCase(CallTCName), ["FindValue":ComboBoxValue, "DropdownNm":comboNm], STOP_ON_FAILURE): Call Test Case 'Test Cases/PFI Precision and Scale/HashMap Tables/OfficerLists' successfully

2020-06-02 09:18:26 - [TEST_CASE][PASSED] - Test Cases/PFI Precision and Scale/HashMap Tables/OfficerLists: Test Cases/PFI Precision and Scale/HashMap Tables/OfficerLists

2020-06-02 09:18:26 - [TEST_STEP][PASSED] - Thread.sleep(1000): null

2020-06-02 09:18:27 - [TEST_STEP][PASSED] - OfficerLists = [1:"Aaron Sham Wai Lun (AARON)", 2:"Azidah Bte Akmad (Mdm) (USAABD)", 3:"Chung Fong Nyen (USACFN)", 4:"David Tey Dah Wei (DAHWEI)", ... ]: null

2020-06-02 09:18:27 - [TEST_STEP][PASSED] - ValueFound = OfficerLists.find({ -> ... }): null

2020-06-02 09:18:27 - [MESSAGE][PASSED] - Call Test Case 'Test Cases/PFI Precision and Scale/HashMap Tables/OfficerLists' successfully

2020-06-02 09:18:27 - [TEST_STEP][PASSED] - println(ValueFound): null

2020-06-02 09:18:27 - [TEST_STEP][PASSED] - sendKeys(NewInputNmField, Keys.chord(ARROW_DOWN)): Keys 'DOWN + ' sent to object: 'Object Repository/Objects.HighlightElements/input_field_index'

2020-06-02 09:18:27 - [MESSAGE][PASSED] - Keys 'DOWN + ' sent to object: 'Object Repository/Objects.HighlightElements/input_field_index'

2020-06-02 09:18:27 - [TEST_STEP][PASSED] - sendKeys(NewInputNmField, Keys.chord(ARROW_DOWN)): Keys 'DOWN + ' sent to object: 'Object Repository/Objects.HighlightElements/input_field_index'

2020-06-02 09:18:27 - [MESSAGE][PASSED] - Keys 'DOWN + ' sent to object: 'Object Repository/Objects.HighlightElements/input_field_index'

2020-06-02 09:18:27 - [TEST_STEP][PASSED] - delay(DelayTime): Delayed 2 second(s)

2020-06-02 09:18:29 - [MESSAGE][PASSED] - Delayed 2 second(s)

2020-06-02 09:18:29 - [TEST_STEP][PASSED] - sendKeys(NewInputNmField, Keys.chord(ENTER)): Keys 'ENTER + ' sent to object: 'Object Repository/Objects.HighlightElements/input_field_index'

2020-06-02 09:18:29 - [MESSAGE][PASSED] - Keys 'ENTER + ' sent to object: 'Object Repository/Objects.HighlightElements/input_field_index'

2020-06-02 09:18:29 - [TEST_STEP][PASSED] - ComboBoxValue = getAttribute(NewInputNmField, "value"): Attribute 'value' of object 'Object Repository/Objects.HighlightElements/input_field_index' is: 'David Tey Dah Wei (DAHWEI)'

2020-06-02 09:18:29 - [MESSAGE][PASSED] - Attribute 'value' of object 'Object Repository/Objects.HighlightElements/input_field_index' is: 'David Tey Dah Wei (DAHWEI)'

2020-06-02 09:18:29 - [TEST_STEP][PASSED] - callTestCase(findTestCase(CallTCName), ["FindValue":ComboBoxValue, "DropdownNm":comboNm], STOP_ON_FAILURE): Call Test Case 'Test Cases/PFI Precision and Scale/HashMap Tables/OfficerLists' successfully

2020-06-02 09:18:29 - [TEST_CASE][PASSED] - Test Cases/PFI Precision and Scale/HashMap Tables/OfficerLists: Test Cases/PFI Precision and Scale/HashMap Tables/OfficerLists

2020-06-02 09:18:29 - [TEST_STEP][PASSED] - Thread.sleep(1000): null

2020-06-02 09:18:30 - [TEST_STEP][PASSED] - OfficerLists = [1:"Aaron Sham Wai Lun (AARON)", 2:"Azidah Bte Akmad (Mdm) (USAABD)", 3:"Chung Fong Nyen (USACFN)", 4:"David Tey Dah Wei (DAHWEI)", ... ]: null

2020-06-02 09:18:30 - [TEST_STEP][PASSED] - ValueFound = OfficerLists.find({ -> ... }): null

2020-06-02 09:18:30 - [MESSAGE][PASSED] - Call Test Case 'Test Cases/PFI Precision and Scale/HashMap Tables/OfficerLists' successfully

2020-06-02 09:18:30 - [TEST_STEP][PASSED] - println(ValueFound): null

2020-06-02 09:18:30 - [TEST_STEP][PASSED] - sendKeys(NewInputNmField, Keys.chord(ARROW_DOWN)): Keys 'DOWN + ' sent to object: 'Object Repository/Objects.HighlightElements/input_field_index'

2020-06-02 09:18:30 - [MESSAGE][PASSED] - Keys 'DOWN + ' sent to object: 'Object Repository/Objects.HighlightElements/input_field_index'

2020-06-02 09:18:30 - [TEST_STEP][PASSED] - sendKeys(NewInputNmField, Keys.chord(ARROW_DOWN)): Keys 'DOWN + ' sent to object: 'Object Repository/Objects.HighlightElements/input_field_index'

2020-06-02 09:18:30 - [MESSAGE][PASSED] - Keys 'DOWN + ' sent to object: 'Object Repository/Objects.HighlightElements/input_field_index'

2020-06-02 09:18:30 - [TEST_STEP][PASSED] - delay(DelayTime): Delayed 2 second(s)

2020-06-02 09:18:32 - [MESSAGE][PASSED] - Delayed 2 second(s)

2020-06-02 09:18:32 - [TEST_STEP][PASSED] - sendKeys(NewInputNmField, Keys.chord(ENTER)): Keys 'ENTER + ' sent to object: 'Object Repository/Objects.HighlightElements/input_field_index'

2020-06-02 09:18:32 - [MESSAGE][PASSED] - Keys 'ENTER + ' sent to object: 'Object Repository/Objects.HighlightElements/input_field_index'

2020-06-02 09:18:32 - [TEST_STEP][PASSED] - ComboBoxValue = getAttribute(NewInputNmField, "value"): Attribute 'value' of object 'Object Repository/Objects.HighlightElements/input_field_index' is: 'Han Wann Kuang (WANNKUANG)'

2020-06-02 09:18:32 - [MESSAGE][PASSED] - Attribute 'value' of object 'Object Repository/Objects.HighlightElements/input_field_index' is: 'Han Wann Kuang (WANNKUANG)'

2020-06-02 09:18:32 - [TEST_STEP][PASSED] - callTestCase(findTestCase(CallTCName), ["FindValue":ComboBoxValue, "DropdownNm":comboNm], STOP_ON_FAILURE): Call Test Case 'Test Cases/PFI Precision and Scale/HashMap Tables/OfficerLists' successfully

2020-06-02 09:18:32 - [TEST_CASE][PASSED] - Test Cases/PFI Precision and Scale/HashMap Tables/OfficerLists: Test Cases/PFI Precision and Scale/HashMap Tables/OfficerLists

2020-06-02 09:18:32 - [TEST_STEP][PASSED] - Thread.sleep(1000): null

2020-06-02 09:18:33 - [TEST_STEP][PASSED] - OfficerLists = [1:"Aaron Sham Wai Lun (AARON)", 2:"Azidah Bte Akmad (Mdm) (USAABD)", 3:"Chung Fong Nyen (USACFN)", 4:"David Tey Dah Wei (DAHWEI)", ... ]: null

2020-06-02 09:18:33 - [TEST_STEP][PASSED] - ValueFound = OfficerLists.find({ -> ... }): null

2020-06-02 09:18:33 - [MESSAGE][PASSED] - Call Test Case 'Test Cases/PFI Precision and Scale/HashMap Tables/OfficerLists' successfully

2020-06-02 09:18:33 - [TEST_STEP][PASSED] - println(ValueFound): null

2020-06-02 09:18:33 - [TEST_STEP][PASSED] - sendKeys(NewInputNmField, Keys.chord(ARROW_DOWN)): Keys 'DOWN + ' sent to object: 'Object Repository/Objects.HighlightElements/input_field_index'

2020-06-02 09:18:33 - [MESSAGE][PASSED] - Keys 'DOWN + ' sent to object: 'Object Repository/Objects.HighlightElements/input_field_index'

2020-06-02 09:18:33 - [TEST_STEP][PASSED] - sendKeys(NewInputNmField, Keys.chord(ARROW_DOWN)): Keys 'DOWN + ' sent to object: 'Object Repository/Objects.HighlightElements/input_field_index'

2020-06-02 09:18:33 - [MESSAGE][PASSED] - Keys 'DOWN + ' sent to object: 'Object Repository/Objects.HighlightElements/input_field_index'

2020-06-02 09:18:33 - [TEST_STEP][PASSED] - delay(DelayTime): Delayed 2 second(s)

2020-06-02 09:18:35 - [MESSAGE][PASSED] - Delayed 2 second(s)

2020-06-02 09:18:35 - [TEST_STEP][PASSED] - sendKeys(NewInputNmField, Keys.chord(ENTER)): Keys 'ENTER + ' sent to object: 'Object Repository/Objects.HighlightElements/input_field_index'

2020-06-02 09:18:35 - [MESSAGE][PASSED] - Keys 'ENTER + ' sent to object: 'Object Repository/Objects.HighlightElements/input_field_index'

2020-06-02 09:18:35 - [TEST_STEP][PASSED] - ComboBoxValue = getAttribute(NewInputNmField, "value"): Attribute 'value' of object 'Object Repository/Objects.HighlightElements/input_field_index' is: 'Ho Tze Siang (TZESIANG)'

2020-06-02 09:18:35 - [MESSAGE][PASSED] - Attribute 'value' of object 'Object Repository/Objects.HighlightElements/input_field_index' is: 'Ho Tze Siang (TZESIANG)'

2020-06-02 09:18:35 - [TEST_STEP][PASSED] - callTestCase(findTestCase(CallTCName), ["FindValue":ComboBoxValue, "DropdownNm":comboNm], STOP_ON_FAILURE): Call Test Case 'Test Cases/PFI Precision and Scale/HashMap Tables/OfficerLists' successfully

2020-06-02 09:18:36 - [TEST_CASE][PASSED] - Test Cases/PFI Precision and Scale/HashMap Tables/OfficerLists: Test Cases/PFI Precision and Scale/HashMap Tables/OfficerLists

2020-06-02 09:18:36 - [TEST_STEP][PASSED] - Thread.sleep(1000): null

2020-06-02 09:18:37 - [TEST_STEP][PASSED] - OfficerLists = [1:"Aaron Sham Wai Lun (AARON)", 2:"Azidah Bte Akmad (Mdm) (USAABD)", 3:"Chung Fong Nyen (USACFN)", 4:"David Tey Dah Wei (DAHWEI)", ... ]: null

2020-06-02 09:18:37 - [TEST_STEP][PASSED] - ValueFound = OfficerLists.find({ -> ... }): null

2020-06-02 09:18:37 - [MESSAGE][PASSED] - Call Test Case 'Test Cases/PFI Precision and Scale/HashMap Tables/OfficerLists' successfully

2020-06-02 09:18:37 - [TEST_STEP][PASSED] - println(ValueFound): null

2020-06-02 09:18:37 - [TEST_STEP][PASSED] - sendKeys(NewInputNmField, Keys.chord(ARROW_DOWN)): Keys 'DOWN + ' sent to object: 'Object Repository/Objects.HighlightElements/input_field_index'

2020-06-02 09:18:37 - [MESSAGE][PASSED] - Keys 'DOWN + ' sent to object: 'Object Repository/Objects.HighlightElements/input_field_index'

2020-06-02 09:18:37 - [TEST_STEP][PASSED] - sendKeys(NewInputNmField, Keys.chord(ARROW_DOWN)): Keys 'DOWN + ' sent to object: 'Object Repository/Objects.HighlightElements/input_field_index'

2020-06-02 09:18:37 - [MESSAGE][PASSED] - Keys 'DOWN + ' sent to object: 'Object Repository/Objects.HighlightElements/input_field_index'

2020-06-02 09:18:37 - [TEST_STEP][PASSED] - delay(DelayTime): Delayed 2 second(s)

2020-06-02 09:18:39 - [MESSAGE][PASSED] - Delayed 2 second(s)

2020-06-02 09:18:39 - [TEST_STEP][PASSED] - sendKeys(NewInputNmField, Keys.chord(ENTER)): Keys 'ENTER + ' sent to object: 'Object Repository/Objects.HighlightElements/input_field_index'

2020-06-02 09:18:39 - [MESSAGE][PASSED] - Keys 'ENTER + ' sent to object: 'Object Repository/Objects.HighlightElements/input_field_index'

2020-06-02 09:18:39 - [TEST_STEP][PASSED] - ComboBoxValue = getAttribute(NewInputNmField, "value"): Attribute 'value' of object 'Object Repository/Objects.HighlightElements/input_field_index' is: 'Ho-Chan Vun Ching (USAHVC)'

2020-06-02 09:18:39 - [MESSAGE][PASSED] - Attribute 'value' of object 'Object Repository/Objects.HighlightElements/input_field_index' is: 'Ho-Chan Vun Ching (USAHVC)'

2020-06-02 09:18:39 - [TEST_STEP][PASSED] - callTestCase(findTestCase(CallTCName), ["FindValue":ComboBoxValue, "DropdownNm":comboNm], STOP_ON_FAILURE): Call Test Case 'Test Cases/PFI Precision and Scale/HashMap Tables/OfficerLists' successfully

2020-06-02 09:18:39 - [TEST_CASE][PASSED] - Test Cases/PFI Precision and Scale/HashMap Tables/OfficerLists: Test Cases/PFI Precision and Scale/HashMap Tables/OfficerLists

2020-06-02 09:18:39 - [TEST_STEP][PASSED] - Thread.sleep(1000): null

2020-06-02 09:18:40 - [TEST_STEP][PASSED] - OfficerLists = [1:"Aaron Sham Wai Lun (AARON)", 2:"Azidah Bte Akmad (Mdm) (USAABD)", 3:"Chung Fong Nyen (USACFN)", 4:"David Tey Dah Wei (DAHWEI)", ... ]: null

2020-06-02 09:18:40 - [TEST_STEP][PASSED] - ValueFound = OfficerLists.find({ -> ... }): null

2020-06-02 09:18:40 - [MESSAGE][PASSED] - Call Test Case 'Test Cases/PFI Precision and Scale/HashMap Tables/OfficerLists' successfully

2020-06-02 09:18:40 - [TEST_STEP][PASSED] - println(ValueFound): null

2020-06-02 09:18:40 - [TEST_STEP][PASSED] - sendKeys(NewInputNmField, Keys.chord(ARROW_DOWN)): Keys 'DOWN + ' sent to object: 'Object Repository/Objects.HighlightElements/input_field_index'

2020-06-02 09:18:40 - [MESSAGE][PASSED] - Keys 'DOWN + ' sent to object: 'Object Repository/Objects.HighlightElements/input_field_index'

2020-06-02 09:18:40 - [TEST_STEP][PASSED] - sendKeys(NewInputNmField, Keys.chord(ARROW_DOWN)): Keys 'DOWN + ' sent to object: 'Object Repository/Objects.HighlightElements/input_field_index'

2020-06-02 09:18:40 - [MESSAGE][PASSED] - Keys 'DOWN + ' sent to object: 'Object Repository/Objects.HighlightElements/input_field_index'

2020-06-02 09:18:40 - [TEST_STEP][PASSED] - delay(DelayTime): Delayed 2 second(s)

2020-06-02 09:18:42 - [MESSAGE][PASSED] - Delayed 2 second(s)

2020-06-02 09:18:42 - [TEST_STEP][PASSED] - sendKeys(NewInputNmField, Keys.chord(ENTER)): Keys 'ENTER + ' sent to object: 'Object Repository/Objects.HighlightElements/input_field_index'

2020-06-02 09:18:42 - [MESSAGE][PASSED] - Keys 'ENTER + ' sent to object: 'Object Repository/Objects.HighlightElements/input_field_index'

2020-06-02 09:18:42 - [TEST_STEP][PASSED] - ComboBoxValue = getAttribute(NewInputNmField, "value"): Attribute 'value' of object 'Object Repository/Objects.HighlightElements/input_field_index' is: 'Janet Lee Choon Hong (JANETCHOON)'

2020-06-02 09:18:42 - [MESSAGE][PASSED] - Attribute 'value' of object 'Object Repository/Objects.HighlightElements/input_field_index' is: 'Janet Lee Choon Hong (JANETCHOON)'

2020-06-02 09:18:42 - [TEST_STEP][PASSED] - callTestCase(findTestCase(CallTCName), ["FindValue":ComboBoxValue, "DropdownNm":comboNm], STOP_ON_FAILURE): Call Test Case 'Test Cases/PFI Precision and Scale/HashMap Tables/OfficerLists' successfully

2020-06-02 09:18:42 - [TEST_CASE][PASSED] - Test Cases/PFI Precision and Scale/HashMap Tables/OfficerLists: Test Cases/PFI Precision and Scale/HashMap Tables/OfficerLists

2020-06-02 09:18:42 - [TEST_STEP][PASSED] - Thread.sleep(1000): null

2020-06-02 09:18:43 - [TEST_STEP][PASSED] - OfficerLists = [1:"Aaron Sham Wai Lun (AARON)", 2:"Azidah Bte Akmad (Mdm) (USAABD)", 3:"Chung Fong Nyen (USACFN)", 4:"David Tey Dah Wei (DAHWEI)", ... ]: null

2020-06-02 09:18:43 - [TEST_STEP][PASSED] - ValueFound = OfficerLists.find({ -> ... }): null

2020-06-02 09:18:43 - [MESSAGE][PASSED] - Call Test Case 'Test Cases/PFI Precision and Scale/HashMap Tables/OfficerLists' successfully

2020-06-02 09:18:43 - [TEST_STEP][PASSED] - println(ValueFound): null

2020-06-02 09:18:43 - [TEST_STEP][PASSED] - sendKeys(NewInputNmField, Keys.chord(ARROW_DOWN)): Keys 'DOWN + ' sent to object: 'Object Repository/Objects.HighlightElements/input_field_index'

2020-06-02 09:18:43 - [MESSAGE][PASSED] - Keys 'DOWN + ' sent to object: 'Object Repository/Objects.HighlightElements/input_field_index'

2020-06-02 09:18:43 - [TEST_STEP][PASSED] - sendKeys(NewInputNmField, Keys.chord(ARROW_DOWN)): Keys 'DOWN + ' sent to object: 'Object Repository/Objects.HighlightElements/input_field_index'

2020-06-02 09:18:43 - [MESSAGE][PASSED] - Keys 'DOWN + ' sent to object: 'Object Repository/Objects.HighlightElements/input_field_index'

2020-06-02 09:18:43 - [TEST_STEP][PASSED] - delay(DelayTime): Delayed 2 second(s)

2020-06-02 09:18:45 - [MESSAGE][PASSED] - Delayed 2 second(s)

2020-06-02 09:18:45 - [TEST_STEP][PASSED] - sendKeys(NewInputNmField, Keys.chord(ENTER)): Keys 'ENTER + ' sent to object: 'Object Repository/Objects.HighlightElements/input_field_index'

2020-06-02 09:18:45 - [MESSAGE][PASSED] - Keys 'ENTER + ' sent to object: 'Object Repository/Objects.HighlightElements/input_field_index'

2020-06-02 09:18:45 - [TEST_STEP][PASSED] - ComboBoxValue = getAttribute(NewInputNmField, "value"): Attribute 'value' of object 'Object Repository/Objects.HighlightElements/input_field_index' is: 'Joseph Lim Pheng Weng (PHENGWENG)'

2020-06-02 09:18:45 - [MESSAGE][PASSED] - Attribute 'value' of object 'Object Repository/Objects.HighlightElements/input_field_index' is: 'Joseph Lim Pheng Weng (PHENGWENG)'

2020-06-02 09:18:45 - [TEST_STEP][PASSED] - callTestCase(findTestCase(CallTCName), ["FindValue":ComboBoxValue, "DropdownNm":comboNm], STOP_ON_FAILURE): Call Test Case 'Test Cases/PFI Precision and Scale/HashMap Tables/OfficerLists' successfully

2020-06-02 09:18:45 - [TEST_CASE][PASSED] - Test Cases/PFI Precision and Scale/HashMap Tables/OfficerLists: Test Cases/PFI Precision and Scale/HashMap Tables/OfficerLists

2020-06-02 09:18:45 - [TEST_STEP][PASSED] - Thread.sleep(1000): null

2020-06-02 09:18:46 - [TEST_STEP][PASSED] - OfficerLists = [1:"Aaron Sham Wai Lun (AARON)", 2:"Azidah Bte Akmad (Mdm) (USAABD)", 3:"Chung Fong Nyen (USACFN)", 4:"David Tey Dah Wei (DAHWEI)", ... ]: null

2020-06-02 09:18:46 - [TEST_STEP][PASSED] - ValueFound = OfficerLists.find({ -> ... }): null

2020-06-02 09:18:46 - [MESSAGE][PASSED] - Call Test Case 'Test Cases/PFI Precision and Scale/HashMap Tables/OfficerLists' successfully

2020-06-02 09:18:46 - [TEST_STEP][PASSED] - println(ValueFound): null

2020-06-02 09:18:46 - [TEST_STEP][PASSED] - sendKeys(NewInputNmField, Keys.chord(ARROW_DOWN)): Keys 'DOWN + ' sent to object: 'Object Repository/Objects.HighlightElements/input_field_index'

2020-06-02 09:18:46 - [MESSAGE][PASSED] - Keys 'DOWN + ' sent to object: 'Object Repository/Objects.HighlightElements/input_field_index'

2020-06-02 09:18:46 - [TEST_STEP][PASSED] - sendKeys(NewInputNmField, Keys.chord(ARROW_DOWN)): Keys 'DOWN + ' sent to object: 'Object Repository/Objects.HighlightElements/input_field_index'

2020-06-02 09:18:46 - [MESSAGE][PASSED] - Keys 'DOWN + ' sent to object: 'Object Repository/Objects.HighlightElements/input_field_index'

2020-06-02 09:18:46 - [TEST_STEP][PASSED] - delay(DelayTime): Delayed 2 second(s)

2020-06-02 09:18:48 - [MESSAGE][PASSED] - Delayed 2 second(s)

2020-06-02 09:18:48 - [TEST_STEP][PASSED] - sendKeys(NewInputNmField, Keys.chord(ENTER)): Keys 'ENTER + ' sent to object: 'Object Repository/Objects.HighlightElements/input_field_index'

2020-06-02 09:18:49 - [MESSAGE][PASSED] - Keys 'ENTER + ' sent to object: 'Object Repository/Objects.HighlightElements/input_field_index'

2020-06-02 09:18:49 - [TEST_STEP][PASSED] - ComboBoxValue = getAttribute(NewInputNmField, "value"): Attribute 'value' of object 'Object Repository/Objects.HighlightElements/input_field_index' is: 'Kaliannan Thanabal (KALIANN)'

2020-06-02 09:18:49 - [MESSAGE][PASSED] - Attribute 'value' of object 'Object Repository/Objects.HighlightElements/input_field_index' is: 'Kaliannan Thanabal (KALIANN)'

2020-06-02 09:18:49 - [TEST_STEP][PASSED] - callTestCase(findTestCase(CallTCName), ["FindValue":ComboBoxValue, "DropdownNm":comboNm], STOP_ON_FAILURE): Call Test Case 'Test Cases/PFI Precision and Scale/HashMap Tables/OfficerLists' successfully

2020-06-02 09:18:49 - [TEST_CASE][PASSED] - Test Cases/PFI Precision and Scale/HashMap Tables/OfficerLists: Test Cases/PFI Precision and Scale/HashMap Tables/OfficerLists

2020-06-02 09:18:49 - [TEST_STEP][PASSED] - Thread.sleep(1000): null

2020-06-02 09:18:50 - [TEST_STEP][PASSED] - OfficerLists = [1:"Aaron Sham Wai Lun (AARON)", 2:"Azidah Bte Akmad (Mdm) (USAABD)", 3:"Chung Fong Nyen (USACFN)", 4:"David Tey Dah Wei (DAHWEI)", ... ]: null

2020-06-02 09:18:50 - [TEST_STEP][PASSED] - ValueFound = OfficerLists.find({ -> ... }): null

2020-06-02 09:18:50 - [MESSAGE][PASSED] - Call Test Case 'Test Cases/PFI Precision and Scale/HashMap Tables/OfficerLists' successfully

2020-06-02 09:18:50 - [TEST_STEP][PASSED] - println(ValueFound): null

2020-06-02 09:18:50 - [TEST_STEP][PASSED] - sendKeys(NewInputNmField, Keys.chord(ARROW_DOWN)): Keys 'DOWN + ' sent to object: 'Object Repository/Objects.HighlightElements/input_field_index'

2020-06-02 09:18:50 - [MESSAGE][PASSED] - Keys 'DOWN + ' sent to object: 'Object Repository/Objects.HighlightElements/input_field_index'

2020-06-02 09:18:50 - [TEST_STEP][PASSED] - sendKeys(NewInputNmField, Keys.chord(ARROW_DOWN)): Keys 'DOWN + ' sent to object: 'Object Repository/Objects.HighlightElements/input_field_index'

2020-06-02 09:18:50 - [MESSAGE][PASSED] - Keys 'DOWN + ' sent to object: 'Object Repository/Objects.HighlightElements/input_field_index'

2020-06-02 09:18:50 - [TEST_STEP][PASSED] - delay(DelayTime): Delayed 2 second(s)

2020-06-02 09:18:52 - [MESSAGE][PASSED] - Delayed 2 second(s)

2020-06-02 09:18:52 - [TEST_STEP][PASSED] - sendKeys(NewInputNmField, Keys.chord(ENTER)): Keys 'ENTER + ' sent to object: 'Object Repository/Objects.HighlightElements/input_field_index'

2020-06-02 09:18:52 - [MESSAGE][PASSED] - Keys 'ENTER + ' sent to object: 'Object Repository/Objects.HighlightElements/input_field_index'

2020-06-02 09:18:52 - [TEST_STEP][PASSED] - ComboBoxValue = getAttribute(NewInputNmField, "value"): Attribute 'value' of object 'Object Repository/Objects.HighlightElements/input_field_index' is: 'Kelvin Phua Meng Thong (MENGTHONG)'

2020-06-02 09:18:52 - [MESSAGE][PASSED] - Attribute 'value' of object 'Object Repository/Objects.HighlightElements/input_field_index' is: 'Kelvin Phua Meng Thong (MENGTHONG)'

2020-06-02 09:18:52 - [TEST_STEP][PASSED] - callTestCase(findTestCase(CallTCName), ["FindValue":ComboBoxValue, "DropdownNm":comboNm], STOP_ON_FAILURE): Call Test Case 'Test Cases/PFI Precision and Scale/HashMap Tables/OfficerLists' successfully

2020-06-02 09:18:52 - [TEST_CASE][PASSED] - Test Cases/PFI Precision and Scale/HashMap Tables/OfficerLists: Test Cases/PFI Precision and Scale/HashMap Tables/OfficerLists

2020-06-02 09:18:52 - [TEST_STEP][PASSED] - Thread.sleep(1000): null

2020-06-02 09:18:53 - [TEST_STEP][PASSED] - OfficerLists = [1:"Aaron Sham Wai Lun (AARON)", 2:"Azidah Bte Akmad (Mdm) (USAABD)", 3:"Chung Fong Nyen (USACFN)", 4:"David Tey Dah Wei (DAHWEI)", ... ]: null

2020-06-02 09:18:53 - [TEST_STEP][PASSED] - ValueFound = OfficerLists.find({ -> ... }): null

2020-06-02 09:18:53 - [MESSAGE][PASSED] - Call Test Case 'Test Cases/PFI Precision and Scale/HashMap Tables/OfficerLists' successfully

2020-06-02 09:18:53 - [TEST_STEP][PASSED] - println(ValueFound): null

2020-06-02 09:18:53 - [TEST_STEP][PASSED] - sendKeys(NewInputNmField, Keys.chord(ARROW_DOWN)): Keys 'DOWN + ' sent to object: 'Object Repository/Objects.HighlightElements/input_field_index'

2020-06-02 09:18:53 - [MESSAGE][PASSED] - Keys 'DOWN + ' sent to object: 'Object Repository/Objects.HighlightElements/input_field_index'

2020-06-02 09:18:53 - [TEST_STEP][PASSED] - sendKeys(NewInputNmField, Keys.chord(ARROW_DOWN)): Keys 'DOWN + ' sent to object: 'Object Repository/Objects.HighlightElements/input_field_index'

2020-06-02 09:18:53 - [MESSAGE][PASSED] - Keys 'DOWN + ' sent to object: 'Object Repository/Objects.HighlightElements/input_field_index'

2020-06-02 09:18:53 - [TEST_STEP][PASSED] - delay(DelayTime): Delayed 2 second(s)

2020-06-02 09:18:55 - [MESSAGE][PASSED] - Delayed 2 second(s)

2020-06-02 09:18:55 - [TEST_STEP][PASSED] - sendKeys(NewInputNmField, Keys.chord(ENTER)): Keys 'ENTER + ' sent to object: 'Object Repository/Objects.HighlightElements/input_field_index'

2020-06-02 09:18:55 - [MESSAGE][PASSED] - Keys 'ENTER + ' sent to object: 'Object Repository/Objects.HighlightElements/input_field_index'

2020-06-02 09:18:55 - [TEST_STEP][PASSED] - ComboBoxValue = getAttribute(NewInputNmField, "value"): Attribute 'value' of object 'Object Repository/Objects.HighlightElements/input_field_index' is: 'Lee Kok Tien (USAKTL)'

2020-06-02 09:18:55 - [MESSAGE][PASSED] - Attribute 'value' of object 'Object Repository/Objects.HighlightElements/input_field_index' is: 'Lee Kok Tien (USAKTL)'

2020-06-02 09:18:55 - [TEST_STEP][PASSED] - callTestCase(findTestCase(CallTCName), ["FindValue":ComboBoxValue, "DropdownNm":comboNm], STOP_ON_FAILURE): Call Test Case 'Test Cases/PFI Precision and Scale/HashMap Tables/OfficerLists' successfully

2020-06-02 09:18:55 - [TEST_CASE][PASSED] - Test Cases/PFI Precision and Scale/HashMap Tables/OfficerLists: Test Cases/PFI Precision and Scale/HashMap Tables/OfficerLists

2020-06-02 09:18:55 - [TEST_STEP][PASSED] - Thread.sleep(1000): null

2020-06-02 09:18:56 - [TEST_STEP][PASSED] - OfficerLists = [1:"Aaron Sham Wai Lun (AARON)", 2:"Azidah Bte Akmad (Mdm) (USAABD)", 3:"Chung Fong Nyen (USACFN)", 4:"David Tey Dah Wei (DAHWEI)", ... ]: null

2020-06-02 09:18:56 - [TEST_STEP][PASSED] - ValueFound = OfficerLists.find({ -> ... }): null

2020-06-02 09:18:56 - [MESSAGE][PASSED] - Call Test Case 'Test Cases/PFI Precision and Scale/HashMap Tables/OfficerLists' successfully

2020-06-02 09:18:56 - [TEST_STEP][PASSED] - println(ValueFound): null

2020-06-02 09:18:56 - [TEST_STEP][PASSED] - sendKeys(NewInputNmField, Keys.chord(ARROW_DOWN)): Keys 'DOWN + ' sent to object: 'Object Repository/Objects.HighlightElements/input_field_index'

2020-06-02 09:18:56 - [MESSAGE][PASSED] - Keys 'DOWN + ' sent to object: 'Object Repository/Objects.HighlightElements/input_field_index'

2020-06-02 09:18:56 - [TEST_STEP][PASSED] - sendKeys(NewInputNmField, Keys.chord(ARROW_DOWN)): Keys 'DOWN + ' sent to object: 'Object Repository/Objects.HighlightElements/input_field_index'

2020-06-02 09:18:56 - [MESSAGE][PASSED] - Keys 'DOWN + ' sent to object: 'Object Repository/Objects.HighlightElements/input_field_index'

2020-06-02 09:18:56 - [TEST_STEP][PASSED] - delay(DelayTime): Delayed 2 second(s)

2020-06-02 09:18:58 - [MESSAGE][PASSED] - Delayed 2 second(s)

2020-06-02 09:18:58 - [TEST_STEP][PASSED] - sendKeys(NewInputNmField, Keys.chord(ENTER)): Keys 'ENTER + ' sent to object: 'Object Repository/Objects.HighlightElements/input_field_index'

2020-06-02 09:18:58 - [MESSAGE][PASSED] - Keys 'ENTER + ' sent to object: 'Object Repository/Objects.HighlightElements/input_field_index'

2020-06-02 09:18:58 - [TEST_STEP][PASSED] - ComboBoxValue = getAttribute(NewInputNmField, "value"): Attribute 'value' of object 'Object Repository/Objects.HighlightElements/input_field_index' is: 'Lim Beng Kwee (BENGKWEE)'

2020-06-02 09:18:58 - [MESSAGE][PASSED] - Attribute 'value' of object 'Object Repository/Objects.HighlightElements/input_field_index' is: 'Lim Beng Kwee (BENGKWEE)'

2020-06-02 09:18:58 - [TEST_STEP][PASSED] - callTestCase(findTestCase(CallTCName), ["FindValue":ComboBoxValue, "DropdownNm":comboNm], STOP_ON_FAILURE): Call Test Case 'Test Cases/PFI Precision and Scale/HashMap Tables/OfficerLists' successfully

2020-06-02 09:18:58 - [TEST_CASE][PASSED] - Test Cases/PFI Precision and Scale/HashMap Tables/OfficerLists: Test Cases/PFI Precision and Scale/HashMap Tables/OfficerLists

2020-06-02 09:18:58 - [TEST_STEP][PASSED] - Thread.sleep(1000): null

2020-06-02 09:18:59 - [TEST_STEP][PASSED] - OfficerLists = [1:"Aaron Sham Wai Lun (AARON)", 2:"Azidah Bte Akmad (Mdm) (USAABD)", 3:"Chung Fong Nyen (USACFN)", 4:"David Tey Dah Wei (DAHWEI)", ... ]: null

2020-06-02 09:18:59 - [TEST_STEP][PASSED] - ValueFound = OfficerLists.find({ -> ... }): null

2020-06-02 09:18:59 - [MESSAGE][PASSED] - Call Test Case 'Test Cases/PFI Precision and Scale/HashMap Tables/OfficerLists' successfully

2020-06-02 09:18:59 - [TEST_STEP][PASSED] - println(ValueFound): null

2020-06-02 09:18:59 - [TEST_STEP][PASSED] - sendKeys(NewInputNmField, Keys.chord(ARROW_DOWN)): Keys 'DOWN + ' sent to object: 'Object Repository/Objects.HighlightElements/input_field_index'

2020-06-02 09:18:59 - [MESSAGE][PASSED] - Keys 'DOWN + ' sent to object: 'Object Repository/Objects.HighlightElements/input_field_index'

2020-06-02 09:18:59 - [TEST_STEP][PASSED] - sendKeys(NewInputNmField, Keys.chord(ARROW_DOWN)): Keys 'DOWN + ' sent to object: 'Object Repository/Objects.HighlightElements/input_field_index'

2020-06-02 09:19:00 - [MESSAGE][PASSED] - Keys 'DOWN + ' sent to object: 'Object Repository/Objects.HighlightElements/input_field_index'

2020-06-02 09:19:00 - [TEST_STEP][PASSED] - delay(DelayTime): Delayed 2 second(s)

2020-06-02 09:19:02 - [MESSAGE][PASSED] - Delayed 2 second(s)

2020-06-02 09:19:02 - [TEST_STEP][PASSED] - sendKeys(NewInputNmField, Keys.chord(ENTER)): Keys 'ENTER + ' sent to object: 'Object Repository/Objects.HighlightElements/input_field_index'

2020-06-02 09:19:02 - [MESSAGE][PASSED] - Keys 'ENTER + ' sent to object: 'Object Repository/Objects.HighlightElements/input_field_index'

2020-06-02 09:19:02 - [TEST_STEP][PASSED] - ComboBoxValue = getAttribute(NewInputNmField, "value"): Attribute 'value' of object 'Object Repository/Objects.HighlightElements/input_field_index' is: 'Lim Leng Boon (LENGBOON)'

2020-06-02 09:19:02 - [MESSAGE][PASSED] - Attribute 'value' of object 'Object Repository/Objects.HighlightElements/input_field_index' is: 'Lim Leng Boon (LENGBOON)'

2020-06-02 09:19:02 - [TEST_STEP][PASSED] - callTestCase(findTestCase(CallTCName), ["FindValue":ComboBoxValue, "DropdownNm":comboNm], STOP_ON_FAILURE): Call Test Case 'Test Cases/PFI Precision and Scale/HashMap Tables/OfficerLists' successfully

2020-06-02 09:19:02 - [TEST_CASE][PASSED] - Test Cases/PFI Precision and Scale/HashMap Tables/OfficerLists: Test Cases/PFI Precision and Scale/HashMap Tables/OfficerLists

2020-06-02 09:19:02 - [TEST_STEP][PASSED] - Thread.sleep(1000): null

2020-06-02 09:19:03 - [TEST_STEP][PASSED] - OfficerLists = [1:"Aaron Sham Wai Lun (AARON)", 2:"Azidah Bte Akmad (Mdm) (USAABD)", 3:"Chung Fong Nyen (USACFN)", 4:"David Tey Dah Wei (DAHWEI)", ... ]: null

2020-06-02 09:19:03 - [TEST_STEP][PASSED] - ValueFound = OfficerLists.find({ -> ... }): null

2020-06-02 09:19:03 - [MESSAGE][PASSED] - Call Test Case 'Test Cases/PFI Precision and Scale/HashMap Tables/OfficerLists' successfully

2020-06-02 09:19:03 - [TEST_STEP][PASSED] - println(ValueFound): null

2020-06-02 09:19:03 - [TEST_STEP][PASSED] - sendKeys(NewInputNmField, Keys.chord(ARROW_DOWN)): Keys 'DOWN + ' sent to object: 'Object Repository/Objects.HighlightElements/input_field_index'

2020-06-02 09:19:03 - [MESSAGE][PASSED] - Keys 'DOWN + ' sent to object: 'Object Repository/Objects.HighlightElements/input_field_index'

2020-06-02 09:19:03 - [TEST_STEP][PASSED] - sendKeys(NewInputNmField, Keys.chord(ARROW_DOWN)): Keys 'DOWN + ' sent to object: 'Object Repository/Objects.HighlightElements/input_field_index'

2020-06-02 09:19:03 - [MESSAGE][PASSED] - Keys 'DOWN + ' sent to object: 'Object Repository/Objects.HighlightElements/input_field_index'

2020-06-02 09:19:03 - [TEST_STEP][PASSED] - delay(DelayTime): Delayed 2 second(s)

2020-06-02 09:19:05 - [MESSAGE][PASSED] - Delayed 2 second(s)

2020-06-02 09:19:05 - [TEST_STEP][PASSED] - sendKeys(NewInputNmField, Keys.chord(ENTER)): Keys 'ENTER + ' sent to object: 'Object Repository/Objects.HighlightElements/input_field_index'

2020-06-02 09:19:05 - [MESSAGE][PASSED] - Keys 'ENTER + ' sent to object: 'Object Repository/Objects.HighlightElements/input_field_index'

2020-06-02 09:19:05 - [TEST_STEP][PASSED] - ComboBoxValue = getAttribute(NewInputNmField, "value"): Attribute 'value' of object 'Object Repository/Objects.HighlightElements/input_field_index' is: 'Liu Xiaopeng (XIAOPENG)'

2020-06-02 09:19:05 - [MESSAGE][PASSED] - Attribute 'value' of object 'Object Repository/Objects.HighlightElements/input_field_index' is: 'Liu Xiaopeng (XIAOPENG)'

2020-06-02 09:19:05 - [TEST_STEP][PASSED] - callTestCase(findTestCase(CallTCName), ["FindValue":ComboBoxValue, "DropdownNm":comboNm], STOP_ON_FAILURE): Call Test Case 'Test Cases/PFI Precision and Scale/HashMap Tables/OfficerLists' successfully

2020-06-02 09:19:05 - [TEST_CASE][PASSED] - Test Cases/PFI Precision and Scale/HashMap Tables/OfficerLists: Test Cases/PFI Precision and Scale/HashMap Tables/OfficerLists

2020-06-02 09:19:05 - [TEST_STEP][PASSED] - Thread.sleep(1000): null

2020-06-02 09:19:06 - [TEST_STEP][PASSED] - OfficerLists = [1:"Aaron Sham Wai Lun (AARON)", 2:"Azidah Bte Akmad (Mdm) (USAABD)", 3:"Chung Fong Nyen (USACFN)", 4:"David Tey Dah Wei (DAHWEI)", ... ]: null

2020-06-02 09:19:06 - [TEST_STEP][PASSED] - ValueFound = OfficerLists.find({ -> ... }): null

2020-06-02 09:19:06 - [MESSAGE][PASSED] - Call Test Case 'Test Cases/PFI Precision and Scale/HashMap Tables/OfficerLists' successfully

2020-06-02 09:19:06 - [TEST_STEP][PASSED] - println(ValueFound): null

2020-06-02 09:19:06 - [TEST_STEP][PASSED] - sendKeys(NewInputNmField, Keys.chord(ARROW_DOWN)): Keys 'DOWN + ' sent to object: 'Object Repository/Objects.HighlightElements/input_field_index'

2020-06-02 09:19:06 - [MESSAGE][PASSED] - Keys 'DOWN + ' sent to object: 'Object Repository/Objects.HighlightElements/input_field_index'

2020-06-02 09:19:06 - [TEST_STEP][PASSED] - sendKeys(NewInputNmField, Keys.chord(ARROW_DOWN)): Keys 'DOWN + ' sent to object: 'Object Repository/Objects.HighlightElements/input_field_index'

2020-06-02 09:19:06 - [MESSAGE][PASSED] - Keys 'DOWN + ' sent to object: 'Object Repository/Objects.HighlightElements/input_field_index'

2020-06-02 09:19:06 - [TEST_STEP][PASSED] - delay(DelayTime): Delayed 2 second(s)

2020-06-02 09:19:08 - [MESSAGE][PASSED] - Delayed 2 second(s)

2020-06-02 09:19:08 - [TEST_STEP][PASSED] - sendKeys(NewInputNmField, Keys.chord(ENTER)): Keys 'ENTER + ' sent to object: 'Object Repository/Objects.HighlightElements/input_field_index'

2020-06-02 09:19:08 - [MESSAGE][PASSED] - Keys 'ENTER + ' sent to object: 'Object Repository/Objects.HighlightElements/input_field_index'

2020-06-02 09:19:08 - [TEST_STEP][PASSED] - ComboBoxValue = getAttribute(NewInputNmField, "value"): Attribute 'value' of object 'Object Repository/Objects.HighlightElements/input_field_index' is: 'Lu Ji Ju (Mdm) (USALJJ)'

2020-06-02 09:19:08 - [MESSAGE][PASSED] - Attribute 'value' of object 'Object Repository/Objects.HighlightElements/input_field_index' is: 'Lu Ji Ju (Mdm) (USALJJ)'

2020-06-02 09:19:08 - [TEST_STEP][PASSED] - callTestCase(findTestCase(CallTCName), ["FindValue":ComboBoxValue, "DropdownNm":comboNm], STOP_ON_FAILURE): Call Test Case 'Test Cases/PFI Precision and Scale/HashMap Tables/OfficerLists' successfully

2020-06-02 09:19:08 - [TEST_CASE][PASSED] - Test Cases/PFI Precision and Scale/HashMap Tables/OfficerLists: Test Cases/PFI Precision and Scale/HashMap Tables/OfficerLists

2020-06-02 09:19:08 - [TEST_STEP][PASSED] - Thread.sleep(1000): null

2020-06-02 09:19:09 - [TEST_STEP][PASSED] - OfficerLists = [1:"Aaron Sham Wai Lun (AARON)", 2:"Azidah Bte Akmad (Mdm) (USAABD)", 3:"Chung Fong Nyen (USACFN)", 4:"David Tey Dah Wei (DAHWEI)", ... ]: null

2020-06-02 09:19:09 - [TEST_STEP][PASSED] - ValueFound = OfficerLists.find({ -> ... }): null

2020-06-02 09:19:09 - [MESSAGE][PASSED] - Call Test Case 'Test Cases/PFI Precision and Scale/HashMap Tables/OfficerLists' successfully

2020-06-02 09:19:09 - [TEST_STEP][PASSED] - println(ValueFound): null

2020-06-02 09:19:09 - [TEST_STEP][PASSED] - sendKeys(NewInputNmField, Keys.chord(ARROW_DOWN)): Keys 'DOWN + ' sent to object: 'Object Repository/Objects.HighlightElements/input_field_index'

2020-06-02 09:19:09 - [MESSAGE][PASSED] - Keys 'DOWN + ' sent to object: 'Object Repository/Objects.HighlightElements/input_field_index'

2020-06-02 09:19:09 - [TEST_STEP][PASSED] - sendKeys(NewInputNmField, Keys.chord(ARROW_DOWN)): Keys 'DOWN + ' sent to object: 'Object Repository/Objects.HighlightElements/input_field_index'

2020-06-02 09:19:09 - [MESSAGE][PASSED] - Keys 'DOWN + ' sent to object: 'Object Repository/Objects.HighlightElements/input_field_index'

2020-06-02 09:19:09 - [TEST_STEP][PASSED] - delay(DelayTime): Delayed 2 second(s)

2020-06-02 09:19:11 - [MESSAGE][PASSED] - Delayed 2 second(s)

2020-06-02 09:19:11 - [TEST_STEP][PASSED] - sendKeys(NewInputNmField, Keys.chord(ENTER)): Keys 'ENTER + ' sent to object: 'Object Repository/Objects.HighlightElements/input_field_index'

2020-06-02 09:19:11 - [MESSAGE][PASSED] - Keys 'ENTER + ' sent to object: 'Object Repository/Objects.HighlightElements/input_field_index'

2020-06-02 09:19:11 - [TEST_STEP][PASSED] - ComboBoxValue = getAttribute(NewInputNmField, "value"): Attribute 'value' of object 'Object Repository/Objects.HighlightElements/input_field_index' is: 'Mohd Jeffri Bin Abdul Rahim (MOHDJEFFRI)'

2020-06-02 09:19:11 - [MESSAGE][PASSED] - Attribute 'value' of object 'Object Repository/Objects.HighlightElements/input_field_index' is: 'Mohd Jeffri Bin Abdul Rahim (MOHDJEFFRI)'

2020-06-02 09:19:11 - [TEST_STEP][PASSED] - callTestCase(findTestCase(CallTCName), ["FindValue":ComboBoxValue, "DropdownNm":comboNm], STOP_ON_FAILURE): Call Test Case 'Test Cases/PFI Precision and Scale/HashMap Tables/OfficerLists' successfully

2020-06-02 09:19:11 - [TEST_CASE][PASSED] - Test Cases/PFI Precision and Scale/HashMap Tables/OfficerLists: Test Cases/PFI Precision and Scale/HashMap Tables/OfficerLists

2020-06-02 09:19:11 - [TEST_STEP][PASSED] - Thread.sleep(1000): null

2020-06-02 09:19:12 - [TEST_STEP][PASSED] - OfficerLists = [1:"Aaron Sham Wai Lun (AARON)", 2:"Azidah Bte Akmad (Mdm) (USAABD)", 3:"Chung Fong Nyen (USACFN)", 4:"David Tey Dah Wei (DAHWEI)", ... ]: null

2020-06-02 09:19:12 - [TEST_STEP][PASSED] - ValueFound = OfficerLists.find({ -> ... }): null

2020-06-02 09:19:12 - [MESSAGE][PASSED] - Call Test Case 'Test Cases/PFI Precision and Scale/HashMap Tables/OfficerLists' successfully

2020-06-02 09:19:12 - [TEST_STEP][PASSED] - println(ValueFound): null

2020-06-02 09:19:12 - [TEST_STEP][PASSED] - sendKeys(NewInputNmField, Keys.chord(ARROW_DOWN)): Keys 'DOWN + ' sent to object: 'Object Repository/Objects.HighlightElements/input_field_index'

2020-06-02 09:19:13 - [MESSAGE][PASSED] - Keys 'DOWN + ' sent to object: 'Object Repository/Objects.HighlightElements/input_field_index'

2020-06-02 09:19:13 - [TEST_STEP][PASSED] - sendKeys(NewInputNmField, Keys.chord(ARROW_DOWN)): Keys 'DOWN + ' sent to object: 'Object Repository/Objects.HighlightElements/input_field_index'

2020-06-02 09:19:13 - [MESSAGE][PASSED] - Keys 'DOWN + ' sent to object: 'Object Repository/Objects.HighlightElements/input_field_index'

2020-06-02 09:19:13 - [TEST_STEP][PASSED] - delay(DelayTime): Delayed 2 second(s)

2020-06-02 09:19:15 - [MESSAGE][PASSED] - Delayed 2 second(s)

2020-06-02 09:19:15 - [TEST_STEP][PASSED] - sendKeys(NewInputNmField, Keys.chord(ENTER)): Keys 'ENTER + ' sent to object: 'Object Repository/Objects.HighlightElements/input_field_index'

2020-06-02 09:19:15 - [MESSAGE][PASSED] - Keys 'ENTER + ' sent to object: 'Object Repository/Objects.HighlightElements/input_field_index'

2020-06-02 09:19:15 - [TEST_STEP][PASSED] - ComboBoxValue = getAttribute(NewInputNmField, "value"): Attribute 'value' of object 'Object Repository/Objects.HighlightElements/input_field_index' is: 'Richard Lim Fang Ping (FANGPING)'

2020-06-02 09:19:15 - [MESSAGE][PASSED] - Attribute 'value' of object 'Object Repository/Objects.HighlightElements/input_field_index' is: 'Richard Lim Fang Ping (FANGPING)'

2020-06-02 09:19:15 - [TEST_STEP][PASSED] - callTestCase(findTestCase(CallTCName), ["FindValue":ComboBoxValue, "DropdownNm":comboNm], STOP_ON_FAILURE): Call Test Case 'Test Cases/PFI Precision and Scale/HashMap Tables/OfficerLists' successfully

2020-06-02 09:19:15 - [TEST_CASE][PASSED] - Test Cases/PFI Precision and Scale/HashMap Tables/OfficerLists: Test Cases/PFI Precision and Scale/HashMap Tables/OfficerLists

2020-06-02 09:19:15 - [TEST_STEP][PASSED] - Thread.sleep(1000): null

2020-06-02 09:19:16 - [TEST_STEP][PASSED] - OfficerLists = [1:"Aaron Sham Wai Lun (AARON)", 2:"Azidah Bte Akmad (Mdm) (USAABD)", 3:"Chung Fong Nyen (USACFN)", 4:"David Tey Dah Wei (DAHWEI)", ... ]: null

2020-06-02 09:19:16 - [TEST_STEP][PASSED] - ValueFound = OfficerLists.find({ -> ... }): null

2020-06-02 09:19:16 - [MESSAGE][PASSED] - Call Test Case 'Test Cases/PFI Precision and Scale/HashMap Tables/OfficerLists' successfully

2020-06-02 09:19:16 - [TEST_STEP][PASSED] - println(ValueFound): null

2020-06-02 09:19:16 - [TEST_STEP][PASSED] - sendKeys(NewInputNmField, Keys.chord(ARROW_DOWN)): Keys 'DOWN + ' sent to object: 'Object Repository/Objects.HighlightElements/input_field_index'

2020-06-02 09:19:16 - [MESSAGE][PASSED] - Keys 'DOWN + ' sent to object: 'Object Repository/Objects.HighlightElements/input_field_index'

2020-06-02 09:19:16 - [TEST_STEP][PASSED] - sendKeys(NewInputNmField, Keys.chord(ARROW_DOWN)): Keys 'DOWN + ' sent to object: 'Object Repository/Objects.HighlightElements/input_field_index'

2020-06-02 09:19:16 - [MESSAGE][PASSED] - Keys 'DOWN + ' sent to object: 'Object Repository/Objects.HighlightElements/input_field_index'

2020-06-02 09:19:16 - [TEST_STEP][PASSED] - delay(DelayTime): Delayed 2 second(s)

2020-06-02 09:19:18 - [MESSAGE][PASSED] - Delayed 2 second(s)

2020-06-02 09:19:18 - [TEST_STEP][PASSED] - sendKeys(NewInputNmField, Keys.chord(ENTER)): Keys 'ENTER + ' sent to object: 'Object Repository/Objects.HighlightElements/input_field_index'

2020-06-02 09:19:18 - [MESSAGE][PASSED] - Keys 'ENTER + ' sent to object: 'Object Repository/Objects.HighlightElements/input_field_index'

2020-06-02 09:19:18 - [TEST_STEP][PASSED] - ComboBoxValue = getAttribute(NewInputNmField, "value"): Attribute 'value' of object 'Object Repository/Objects.HighlightElements/input_field_index' is: 'RITA WONG SIONG ING (RITAWONG)'

2020-06-02 09:19:18 - [MESSAGE][PASSED] - Attribute 'value' of object 'Object Repository/Objects.HighlightElements/input_field_index' is: 'RITA WONG SIONG ING (RITAWONG)'

2020-06-02 09:19:18 - [TEST_STEP][PASSED] - callTestCase(findTestCase(CallTCName), ["FindValue":ComboBoxValue, "DropdownNm":comboNm], STOP_ON_FAILURE): Call Test Case 'Test Cases/PFI Precision and Scale/HashMap Tables/OfficerLists' successfully

2020-06-02 09:19:18 - [TEST_CASE][PASSED] - Test Cases/PFI Precision and Scale/HashMap Tables/OfficerLists: Test Cases/PFI Precision and Scale/HashMap Tables/OfficerLists

2020-06-02 09:19:18 - [TEST_STEP][PASSED] - Thread.sleep(1000): null

2020-06-02 09:19:19 - [TEST_STEP][PASSED] - OfficerLists = [1:"Aaron Sham Wai Lun (AARON)", 2:"Azidah Bte Akmad (Mdm) (USAABD)", 3:"Chung Fong Nyen (USACFN)", 4:"David Tey Dah Wei (DAHWEI)", ... ]: null

2020-06-02 09:19:19 - [TEST_STEP][PASSED] - ValueFound = OfficerLists.find({ -> ... }): null

2020-06-02 09:19:19 - [MESSAGE][PASSED] - Call Test Case 'Test Cases/PFI Precision and Scale/HashMap Tables/OfficerLists' successfully

2020-06-02 09:19:19 - [TEST_STEP][PASSED] - println(ValueFound): null

2020-06-02 09:19:19 - [TEST_STEP][PASSED] - sendKeys(NewInputNmField, Keys.chord(ARROW_DOWN)): Keys 'DOWN + ' sent to object: 'Object Repository/Objects.HighlightElements/input_field_index'

2020-06-02 09:19:19 - [MESSAGE][PASSED] - Keys 'DOWN + ' sent to object: 'Object Repository/Objects.HighlightElements/input_field_index'

2020-06-02 09:19:19 - [TEST_STEP][PASSED] - sendKeys(NewInputNmField, Keys.chord(ARROW_DOWN)): Keys 'DOWN + ' sent to object: 'Object Repository/Objects.HighlightElements/input_field_index'

2020-06-02 09:19:19 - [MESSAGE][PASSED] - Keys 'DOWN + ' sent to object: 'Object Repository/Objects.HighlightElements/input_field_index'

2020-06-02 09:19:19 - [TEST_STEP][PASSED] - delay(DelayTime): Delayed 2 second(s)

2020-06-02 09:19:21 - [MESSAGE][PASSED] - Delayed 2 second(s)

2020-06-02 09:19:21 - [TEST_STEP][PASSED] - sendKeys(NewInputNmField, Keys.chord(ENTER)): Keys 'ENTER + ' sent to object: 'Object Repository/Objects.HighlightElements/input_field_index'

2020-06-02 09:19:21 - [MESSAGE][PASSED] - Keys 'ENTER + ' sent to object: 'Object Repository/Objects.HighlightElements/input_field_index'

2020-06-02 09:19:21 - [TEST_STEP][PASSED] - ComboBoxValue = getAttribute(NewInputNmField, "value"): Attribute 'value' of object 'Object Repository/Objects.HighlightElements/input_field_index' is: 'Shi Hong Wei (HONGWEI)'

2020-06-02 09:19:21 - [MESSAGE][PASSED] - Attribute 'value' of object 'Object Repository/Objects.HighlightElements/input_field_index' is: 'Shi Hong Wei (HONGWEI)'

2020-06-02 09:19:21 - [TEST_STEP][PASSED] - callTestCase(findTestCase(CallTCName), ["FindValue":ComboBoxValue, "DropdownNm":comboNm], STOP_ON_FAILURE): Call Test Case 'Test Cases/PFI Precision and Scale/HashMap Tables/OfficerLists' successfully

2020-06-02 09:19:21 - [TEST_CASE][PASSED] - Test Cases/PFI Precision and Scale/HashMap Tables/OfficerLists: Test Cases/PFI Precision and Scale/HashMap Tables/OfficerLists

2020-06-02 09:19:21 - [TEST_STEP][PASSED] - Thread.sleep(1000): null

2020-06-02 09:19:22 - [TEST_STEP][PASSED] - OfficerLists = [1:"Aaron Sham Wai Lun (AARON)", 2:"Azidah Bte Akmad (Mdm) (USAABD)", 3:"Chung Fong Nyen (USACFN)", 4:"David Tey Dah Wei (DAHWEI)", ... ]: null

2020-06-02 09:19:22 - [TEST_STEP][PASSED] - ValueFound = OfficerLists.find({ -> ... }): null

2020-06-02 09:19:22 - [MESSAGE][PASSED] - Call Test Case 'Test Cases/PFI Precision and Scale/HashMap Tables/OfficerLists' successfully

2020-06-02 09:19:22 - [TEST_STEP][PASSED] - println(ValueFound): null

2020-06-02 09:19:22 - [TEST_STEP][PASSED] - sendKeys(NewInputNmField, Keys.chord(ARROW_DOWN)): Keys 'DOWN + ' sent to object: 'Object Repository/Objects.HighlightElements/input_field_index'

2020-06-02 09:19:22 - [MESSAGE][PASSED] - Keys 'DOWN + ' sent to object: 'Object Repository/Objects.HighlightElements/input_field_index'

2020-06-02 09:19:22 - [TEST_STEP][PASSED] - sendKeys(NewInputNmField, Keys.chord(ARROW_DOWN)): Keys 'DOWN + ' sent to object: 'Object Repository/Objects.HighlightElements/input_field_index'

2020-06-02 09:19:22 - [MESSAGE][PASSED] - Keys 'DOWN + ' sent to object: 'Object Repository/Objects.HighlightElements/input_field_index'

2020-06-02 09:19:22 - [TEST_STEP][PASSED] - delay(DelayTime): Delayed 2 second(s)

2020-06-02 09:19:24 - [MESSAGE][PASSED] - Delayed 2 second(s)

2020-06-02 09:19:24 - [TEST_STEP][PASSED] - sendKeys(NewInputNmField, Keys.chord(ENTER)): Keys 'ENTER + ' sent to object: 'Object Repository/Objects.HighlightElements/input_field_index'

2020-06-02 09:19:24 - [MESSAGE][PASSED] - Keys 'ENTER + ' sent to object: 'Object Repository/Objects.HighlightElements/input_field_index'

2020-06-02 09:19:24 - [TEST_STEP][PASSED] - ComboBoxValue = getAttribute(NewInputNmField, "value"): Attribute 'value' of object 'Object Repository/Objects.HighlightElements/input_field_index' is: 'Tan Jing Ying (JINGYING)'

2020-06-02 09:19:24 - [MESSAGE][PASSED] - Attribute 'value' of object 'Object Repository/Objects.HighlightElements/input_field_index' is: 'Tan Jing Ying (JINGYING)'

2020-06-02 09:19:24 - [TEST_STEP][PASSED] - callTestCase(findTestCase(CallTCName), ["FindValue":ComboBoxValue, "DropdownNm":comboNm], STOP_ON_FAILURE): Call Test Case 'Test Cases/PFI Precision and Scale/HashMap Tables/OfficerLists' successfully

2020-06-02 09:19:24 - [TEST_CASE][PASSED] - Test Cases/PFI Precision and Scale/HashMap Tables/OfficerLists: Test Cases/PFI Precision and Scale/HashMap Tables/OfficerLists

2020-06-02 09:19:24 - [TEST_STEP][PASSED] - Thread.sleep(1000): null

2020-06-02 09:19:26 - [TEST_STEP][PASSED] - OfficerLists = [1:"Aaron Sham Wai Lun (AARON)", 2:"Azidah Bte Akmad (Mdm) (USAABD)", 3:"Chung Fong Nyen (USACFN)", 4:"David Tey Dah Wei (DAHWEI)", ... ]: null

2020-06-02 09:19:26 - [TEST_STEP][PASSED] - ValueFound = OfficerLists.find({ -> ... }): null

2020-06-02 09:19:26 - [MESSAGE][PASSED] - Call Test Case 'Test Cases/PFI Precision and Scale/HashMap Tables/OfficerLists' successfully

2020-06-02 09:19:26 - [TEST_STEP][PASSED] - println(ValueFound): null

2020-06-02 09:19:26 - [TEST_STEP][PASSED] - sendKeys(NewInputNmField, Keys.chord(ARROW_DOWN)): Keys 'DOWN + ' sent to object: 'Object Repository/Objects.HighlightElements/input_field_index'

2020-06-02 09:19:26 - [MESSAGE][PASSED] - Keys 'DOWN + ' sent to object: 'Object Repository/Objects.HighlightElements/input_field_index'

2020-06-02 09:19:26 - [TEST_STEP][PASSED] - sendKeys(NewInputNmField, Keys.chord(ARROW_DOWN)): Keys 'DOWN + ' sent to object: 'Object Repository/Objects.HighlightElements/input_field_index'

2020-06-02 09:19:26 - [MESSAGE][PASSED] - Keys 'DOWN + ' sent to object: 'Object Repository/Objects.HighlightElements/input_field_index'

2020-06-02 09:19:26 - [TEST_STEP][PASSED] - delay(DelayTime): Delayed 2 second(s)

2020-06-02 09:19:28 - [MESSAGE][PASSED] - Delayed 2 second(s)

2020-06-02 09:19:28 - [TEST_STEP][PASSED] - sendKeys(NewInputNmField, Keys.chord(ENTER)): Keys 'ENTER + ' sent to object: 'Object Repository/Objects.HighlightElements/input_field_index'

2020-06-02 09:19:28 - [MESSAGE][PASSED] - Keys 'ENTER + ' sent to object: 'Object Repository/Objects.HighlightElements/input_field_index'

2020-06-02 09:19:28 - [TEST_STEP][PASSED] - ComboBoxValue = getAttribute(NewInputNmField, "value"): Attribute 'value' of object 'Object Repository/Objects.HighlightElements/input_field_index' is: 'Tan Kwan Joo (KWANJOO)'

2020-06-02 09:19:28 - [MESSAGE][PASSED] - Attribute 'value' of object 'Object Repository/Objects.HighlightElements/input_field_index' is: 'Tan Kwan Joo (KWANJOO)'

2020-06-02 09:19:28 - [TEST_STEP][PASSED] - callTestCase(findTestCase(CallTCName), ["FindValue":ComboBoxValue, "DropdownNm":comboNm], STOP_ON_FAILURE): Call Test Case 'Test Cases/PFI Precision and Scale/HashMap Tables/OfficerLists' successfully

2020-06-02 09:19:28 - [TEST_CASE][PASSED] - Test Cases/PFI Precision and Scale/HashMap Tables/OfficerLists: Test Cases/PFI Precision and Scale/HashMap Tables/OfficerLists

2020-06-02 09:19:28 - [TEST_STEP][PASSED] - Thread.sleep(1000): null

2020-06-02 09:19:29 - [TEST_STEP][PASSED] - OfficerLists = [1:"Aaron Sham Wai Lun (AARON)", 2:"Azidah Bte Akmad (Mdm) (USAABD)", 3:"Chung Fong Nyen (USACFN)", 4:"David Tey Dah Wei (DAHWEI)", ... ]: null

2020-06-02 09:19:29 - [TEST_STEP][PASSED] - ValueFound = OfficerLists.find({ -> ... }): null

2020-06-02 09:19:29 - [MESSAGE][PASSED] - Call Test Case 'Test Cases/PFI Precision and Scale/HashMap Tables/OfficerLists' successfully

2020-06-02 09:19:29 - [TEST_STEP][PASSED] - println(ValueFound): null

2020-06-02 09:19:29 - [TEST_STEP][PASSED] - sendKeys(NewInputNmField, Keys.chord(ARROW_DOWN)): Keys 'DOWN + ' sent to object: 'Object Repository/Objects.HighlightElements/input_field_index'

2020-06-02 09:19:29 - [MESSAGE][PASSED] - Keys 'DOWN + ' sent to object: 'Object Repository/Objects.HighlightElements/input_field_index'

2020-06-02 09:19:29 - [TEST_STEP][PASSED] - sendKeys(NewInputNmField, Keys.chord(ARROW_DOWN)): Keys 'DOWN + ' sent to object: 'Object Repository/Objects.HighlightElements/input_field_index'

2020-06-02 09:19:29 - [MESSAGE][PASSED] - Keys 'DOWN + ' sent to object: 'Object Repository/Objects.HighlightElements/input_field_index'

2020-06-02 09:19:29 - [TEST_STEP][PASSED] - delay(DelayTime): Delayed 2 second(s)

2020-06-02 09:19:31 - [MESSAGE][PASSED] - Delayed 2 second(s)

2020-06-02 09:19:31 - [TEST_STEP][PASSED] - sendKeys(NewInputNmField, Keys.chord(ENTER)): Keys 'ENTER + ' sent to object: 'Object Repository/Objects.HighlightElements/input_field_index'

2020-06-02 09:19:31 - [MESSAGE][PASSED] - Keys 'ENTER + ' sent to object: 'Object Repository/Objects.HighlightElements/input_field_index'

2020-06-02 09:19:31 - [TEST_STEP][PASSED] - ComboBoxValue = getAttribute(NewInputNmField, "value"): Attribute 'value' of object 'Object Repository/Objects.HighlightElements/input_field_index' is: 'Titus Chua Hwa Ping (TITUS)'

2020-06-02 09:19:31 - [MESSAGE][PASSED] - Attribute 'value' of object 'Object Repository/Objects.HighlightElements/input_field_index' is: 'Titus Chua Hwa Ping (TITUS)'

2020-06-02 09:19:31 - [TEST_STEP][PASSED] - callTestCase(findTestCase(CallTCName), ["FindValue":ComboBoxValue, "DropdownNm":comboNm], STOP_ON_FAILURE): Call Test Case 'Test Cases/PFI Precision and Scale/HashMap Tables/OfficerLists' successfully

2020-06-02 09:19:31 - [TEST_CASE][PASSED] - Test Cases/PFI Precision and Scale/HashMap Tables/OfficerLists: Test Cases/PFI Precision and Scale/HashMap Tables/OfficerLists

2020-06-02 09:19:31 - [TEST_STEP][PASSED] - Thread.sleep(1000): null

2020-06-02 09:19:32 - [TEST_STEP][PASSED] - OfficerLists = [1:"Aaron Sham Wai Lun (AARON)", 2:"Azidah Bte Akmad (Mdm) (USAABD)", 3:"Chung Fong Nyen (USACFN)", 4:"David Tey Dah Wei (DAHWEI)", ... ]: null

2020-06-02 09:19:32 - [TEST_STEP][PASSED] - ValueFound = OfficerLists.find({ -> ... }): null

2020-06-02 09:19:32 - [MESSAGE][PASSED] - Call Test Case 'Test Cases/PFI Precision and Scale/HashMap Tables/OfficerLists' successfully

2020-06-02 09:19:32 - [TEST_STEP][PASSED] - println(ValueFound): null

2020-06-02 09:19:32 - [TEST_STEP][PASSED] - sendKeys(NewInputNmField, Keys.chord(ARROW_DOWN)): Keys 'DOWN + ' sent to object: 'Object Repository/Objects.HighlightElements/input_field_index'

2020-06-02 09:19:32 - [MESSAGE][PASSED] - Keys 'DOWN + ' sent to object: 'Object Repository/Objects.HighlightElements/input_field_index'

2020-06-02 09:19:32 - [TEST_STEP][PASSED] - sendKeys(NewInputNmField, Keys.chord(ARROW_DOWN)): Keys 'DOWN + ' sent to object: 'Object Repository/Objects.HighlightElements/input_field_index'

2020-06-02 09:19:32 - [MESSAGE][PASSED] - Keys 'DOWN + ' sent to object: 'Object Repository/Objects.HighlightElements/input_field_index'

2020-06-02 09:19:32 - [TEST_STEP][PASSED] - delay(DelayTime): Delayed 2 second(s)

2020-06-02 09:19:34 - [MESSAGE][PASSED] - Delayed 2 second(s)

2020-06-02 09:19:34 - [TEST_STEP][PASSED] - sendKeys(NewInputNmField, Keys.chord(ENTER)): Keys 'ENTER + ' sent to object: 'Object Repository/Objects.HighlightElements/input_field_index'

2020-06-02 09:19:34 - [MESSAGE][PASSED] - Keys 'ENTER + ' sent to object: 'Object Repository/Objects.HighlightElements/input_field_index'

2020-06-02 09:19:34 - [TEST_STEP][PASSED] - ComboBoxValue = getAttribute(NewInputNmField, "value"): Attribute 'value' of object 'Object Repository/Objects.HighlightElements/input_field_index' is: 'Vijayaratnam Ng Lay Hoon (USANLH)'

2020-06-02 09:19:34 - [MESSAGE][PASSED] - Attribute 'value' of object 'Object Repository/Objects.HighlightElements/input_field_index' is: 'Vijayaratnam Ng Lay Hoon (USANLH)'

2020-06-02 09:19:34 - [TEST_STEP][PASSED] - callTestCase(findTestCase(CallTCName), ["FindValue":ComboBoxValue, "DropdownNm":comboNm], STOP_ON_FAILURE): Call Test Case 'Test Cases/PFI Precision and Scale/HashMap Tables/OfficerLists' successfully

2020-06-02 09:19:34 - [TEST_CASE][PASSED] - Test Cases/PFI Precision and Scale/HashMap Tables/OfficerLists: Test Cases/PFI Precision and Scale/HashMap Tables/OfficerLists

2020-06-02 09:19:34 - [TEST_STEP][PASSED] - Thread.sleep(1000): null

2020-06-02 09:19:35 - [TEST_STEP][PASSED] - OfficerLists = [1:"Aaron Sham Wai Lun (AARON)", 2:"Azidah Bte Akmad (Mdm) (USAABD)", 3:"Chung Fong Nyen (USACFN)", 4:"David Tey Dah Wei (DAHWEI)", ... ]: null

2020-06-02 09:19:35 - [TEST_STEP][PASSED] - ValueFound = OfficerLists.find({ -> ... }): null

2020-06-02 09:19:35 - [MESSAGE][PASSED] - Call Test Case 'Test Cases/PFI Precision and Scale/HashMap Tables/OfficerLists' successfully

2020-06-02 09:19:35 - [TEST_STEP][PASSED] - println(ValueFound): null

2020-06-02 09:19:35 - [TEST_STEP][PASSED] - sendKeys(NewInputNmField, Keys.chord(ARROW_DOWN)): Keys 'DOWN + ' sent to object: 'Object Repository/Objects.HighlightElements/input_field_index'

2020-06-02 09:19:35 - [MESSAGE][PASSED] - Keys 'DOWN + ' sent to object: 'Object Repository/Objects.HighlightElements/input_field_index'

2020-06-02 09:19:35 - [TEST_STEP][PASSED] - sendKeys(NewInputNmField, Keys.chord(ARROW_DOWN)): Keys 'DOWN + ' sent to object: 'Object Repository/Objects.HighlightElements/input_field_index'

2020-06-02 09:19:35 - [MESSAGE][PASSED] - Keys 'DOWN + ' sent to object: 'Object Repository/Objects.HighlightElements/input_field_index'

2020-06-02 09:19:35 - [TEST_STEP][PASSED] - delay(DelayTime): Delayed 2 second(s)

2020-06-02 09:19:37 - [MESSAGE][PASSED] - Delayed 2 second(s)

2020-06-02 09:19:37 - [TEST_STEP][PASSED] - sendKeys(NewInputNmField, Keys.chord(ENTER)): Keys 'ENTER + ' sent to object: 'Object Repository/Objects.HighlightElements/input_field_index'

2020-06-02 09:19:37 - [MESSAGE][PASSED] - Keys 'ENTER + ' sent to object: 'Object Repository/Objects.HighlightElements/input_field_index'

2020-06-02 09:19:37 - [TEST_STEP][PASSED] - ComboBoxValue = getAttribute(NewInputNmField, "value"): Attribute 'value' of object 'Object Repository/Objects.HighlightElements/input_field_index' is: 'Wong Swee Sheng (WONGSWEE)'

2020-06-02 09:19:37 - [MESSAGE][PASSED] - Attribute 'value' of object 'Object Repository/Objects.HighlightElements/input_field_index' is: 'Wong Swee Sheng (WONGSWEE)'

2020-06-02 09:19:37 - [TEST_STEP][PASSED] - callTestCase(findTestCase(CallTCName), ["FindValue":ComboBoxValue, "DropdownNm":comboNm], STOP_ON_FAILURE): Call Test Case 'Test Cases/PFI Precision and Scale/HashMap Tables/OfficerLists' successfully

2020-06-02 09:19:38 - [TEST_CASE][PASSED] - Test Cases/PFI Precision and Scale/HashMap Tables/OfficerLists: Test Cases/PFI Precision and Scale/HashMap Tables/OfficerLists

2020-06-02 09:19:38 - [TEST_STEP][PASSED] - Thread.sleep(1000): null

2020-06-02 09:19:39 - [TEST_STEP][PASSED] - OfficerLists = [1:"Aaron Sham Wai Lun (AARON)", 2:"Azidah Bte Akmad (Mdm) (USAABD)", 3:"Chung Fong Nyen (USACFN)", 4:"David Tey Dah Wei (DAHWEI)", ... ]: null

2020-06-02 09:19:39 - [TEST_STEP][PASSED] - ValueFound = OfficerLists.find({ -> ... }): null

2020-06-02 09:19:39 - [MESSAGE][PASSED] - Call Test Case 'Test Cases/PFI Precision and Scale/HashMap Tables/OfficerLists' successfully

2020-06-02 09:19:39 - [TEST_STEP][PASSED] - println(ValueFound): null

2020-06-02 09:19:39 - [TEST_STEP][PASSED] - sendKeys(NewInputNmField, Keys.chord(ARROW_DOWN)): Keys 'DOWN + ' sent to object: 'Object Repository/Objects.HighlightElements/input_field_index'

2020-06-02 09:19:39 - [MESSAGE][PASSED] - Keys 'DOWN + ' sent to object: 'Object Repository/Objects.HighlightElements/input_field_index'

2020-06-02 09:19:39 - [TEST_STEP][PASSED] - sendKeys(NewInputNmField, Keys.chord(ARROW_DOWN)): Keys 'DOWN + ' sent to object: 'Object Repository/Objects.HighlightElements/input_field_index'

2020-06-02 09:19:39 - [MESSAGE][PASSED] - Keys 'DOWN + ' sent to object: 'Object Repository/Objects.HighlightElements/input_field_index'

2020-06-02 09:19:39 - [TEST_STEP][PASSED] - delay(DelayTime): Delayed 2 second(s)

2020-06-02 09:19:41 - [MESSAGE][PASSED] - Delayed 2 second(s)

2020-06-02 09:19:41 - [TEST_STEP][PASSED] - sendKeys(NewInputNmField, Keys.chord(ENTER)): Keys 'ENTER + ' sent to object: 'Object Repository/Objects.HighlightElements/input_field_index'

2020-06-02 09:19:41 - [MESSAGE][PASSED] - Keys 'ENTER + ' sent to object: 'Object Repository/Objects.HighlightElements/input_field_index'

2020-06-02 09:19:41 - [TEST_STEP][PASSED] - ComboBoxValue = getAttribute(NewInputNmField, "value"): Attribute 'value' of object 'Object Repository/Objects.HighlightElements/input_field_index' is: 'Zhao Dianfeng (DIANFENG)'

2020-06-02 09:19:41 - [MESSAGE][PASSED] - Attribute 'value' of object 'Object Repository/Objects.HighlightElements/input_field_index' is: 'Zhao Dianfeng (DIANFENG)'

2020-06-02 09:19:41 - [TEST_STEP][PASSED] - callTestCase(findTestCase(CallTCName), ["FindValue":ComboBoxValue, "DropdownNm":comboNm], STOP_ON_FAILURE): Call Test Case 'Test Cases/PFI Precision and Scale/HashMap Tables/OfficerLists' successfully

2020-06-02 09:19:41 - [TEST_CASE][PASSED] - Test Cases/PFI Precision and Scale/HashMap Tables/OfficerLists: Test Cases/PFI Precision and Scale/HashMap Tables/OfficerLists

2020-06-02 09:19:41 - [TEST_STEP][PASSED] - Thread.sleep(1000): null

2020-06-02 09:19:42 - [TEST_STEP][PASSED] - OfficerLists = [1:"Aaron Sham Wai Lun (AARON)", 2:"Azidah Bte Akmad (Mdm) (USAABD)", 3:"Chung Fong Nyen (USACFN)", 4:"David Tey Dah Wei (DAHWEI)", ... ]: null

2020-06-02 09:19:42 - [TEST_STEP][PASSED] - ValueFound = OfficerLists.find({ -> ... }): null

2020-06-02 09:19:42 - [MESSAGE][PASSED] - Call Test Case 'Test Cases/PFI Precision and Scale/HashMap Tables/OfficerLists' successfully

2020-06-02 09:19:42 - [TEST_STEP][PASSED] - println(ValueFound): null

2020-06-02 09:19:42 - [TEST_STEP][PASSED] - sendKeys(NewInputNmField, Keys.chord(ARROW_DOWN)): Keys 'DOWN + ' sent to object: 'Object Repository/Objects.HighlightElements/input_field_index'

2020-06-02 09:19:42 - [MESSAGE][PASSED] - Keys 'DOWN + ' sent to object: 'Object Repository/Objects.HighlightElements/input_field_index'

2020-06-02 09:19:42 - [TEST_STEP][PASSED] - sendKeys(NewInputNmField, Keys.chord(ENTER)): Keys 'ENTER + ' sent to object: 'Object Repository/Objects.HighlightElements/input_field_index'

2020-06-02 09:19:42 - [MESSAGE][PASSED] - Keys 'ENTER + ' sent to object: 'Object Repository/Objects.HighlightElements/input_field_index'

2020-06-02 09:19:42 - [MESSAGE][PASSED] - Call Test Case 'Test Cases/PFI Precision and Scale/PFI Components with Indexing/VerifyDropdownValuesIndex' successfully

2020-06-02 09:19:42 - [TEST_STEP][PASSED] - callTestCase(findTestCase("Components/SelectAllThenDeleteIndex"), ["nameToBeUsed":"psiRecommendTo", "index":1], STOP_ON_FAILURE): Call Test Case 'Test Cases/Components/SelectAllThenDeleteIndex' successfully

2020-06-02 09:19:42 - [TEST_CASE][PASSED] - Test Cases/Components/SelectAllThenDeleteIndex: Test Cases/Components/SelectAllThenDeleteIndex

2020-06-02 09:19:42 - [TEST_STEP][PASSED] - Thread.sleep(1000): null

2020-06-02 09:19:43 - [TEST_STEP][PASSED] - modifiedObj = modifyObjectProperty(findTestObject("Object Repository/Objects.HighlightElements/input_field_index"), "xpath", "equals", "(//*[contains(@class,'x-form-text') and (@name='" + nameToBeUsed + "')])[" + index + "]", true): Modify property of object successfully

2020-06-02 09:19:43 - [MESSAGE][PASSED] - Modify property of object successfully

2020-06-02 09:19:43 - [TEST_STEP][PASSED] - focus(modifiedObj): Object: 'Object Repository/Objects.HighlightElements/input_field_index' is focused

2020-06-02 09:19:43 - [MESSAGE][PASSED] - Object: 'Object Repository/Objects.HighlightElements/input_field_index' is focused

2020-06-02 09:19:43 - [TEST_STEP][PASSED] - sendKeys(modifiedObj, Keys.chord(CONTROL, "a")): Keys 'CONTROL + a' sent to object: 'Object Repository/Objects.HighlightElements/input_field_index'

2020-06-02 09:19:43 - [MESSAGE][PASSED] - Keys 'CONTROL + a' sent to object: 'Object Repository/Objects.HighlightElements/input_field_index'

2020-06-02 09:19:43 - [TEST_STEP][PASSED] - sendKeys(modifiedObj, Keys.chord(DELETE)): Keys 'DELETE + ' sent to object: 'Object Repository/Objects.HighlightElements/input_field_index'

2020-06-02 09:19:43 - [MESSAGE][PASSED] - Keys 'DELETE + ' sent to object: 'Object Repository/Objects.HighlightElements/input_field_index'

2020-06-02 09:19:43 - [MESSAGE][PASSED] - Call Test Case 'Test Cases/Components/SelectAllThenDeleteIndex' successfully

2020-06-02 09:19:43 - [TEST_STEP][PASSED] - callTestCase(findTestCase("PFI Precision and Scale/PFI Components with Indexing/RequiredFieldValidationIndex"), ["nameToBeUsed":"psiRecommendTo", "index":1], STOP_ON_FAILURE): Call Test Case 'Test Cases/PFI Precision and Scale/PFI Components with Indexing/RequiredFieldValidationIndex' successfully

2020-06-02 09:19:43 - [TEST_CASE][PASSED] - Test Cases/PFI Precision and Scale/PFI Components with Indexing/RequiredFieldValidationIndex: Test Cases/PFI Precision and Scale/PFI Components with Indexing/RequiredFieldValidationIndex

2020-06-02 09:19:44 - [TEST_STEP][PASSED] - enableSmartWait(): null

2020-06-02 09:19:44 - [TEST_STEP][PASSED] - NewInputNmField = modifyObjectProperty(findTestObject("Objects.HighlightElements/input_field_index"), "xpath", "equals", "(//*[contains(@class,'x-form-text') and (@name='" + nameToBeUsed + "')])[" + index + "]", true): Modify property of object successfully

2020-06-02 09:19:44 - [MESSAGE][PASSED] - Modify property of object successfully

2020-06-02 09:19:44 - [TEST_STEP][PASSED] - mouseOver(NewInputNmField): Object: 'Object Repository/Objects.HighlightElements/input_field_index' is hovered

2020-06-02 09:19:44 - [MESSAGE][PASSED] - Object: 'Object Repository/Objects.HighlightElements/input_field_index' is hovered

2020-06-02 09:19:44 - [TEST_STEP][PASSED] - getRqErrMsg = getAttribute(NewInputNmField, "data-errorqtip"): Attribute 'data-errorqtip' of object 'Object Repository/Objects.HighlightElements/input_field_index' is: '<ul class="x-list-plain"><li>This field is required</li></ul>'

2020-06-02 09:19:44 - [MESSAGE][PASSED] - Attribute 'data-errorqtip' of object 'Object Repository/Objects.HighlightElements/input_field_index' is: '<ul class="x-list-plain"><li>This field is required</li></ul>'

2020-06-02 09:19:44 - [TEST_STEP][PASSED] - strToolTip = getRqErrMsg.substring(29, 61): null

2020-06-02 09:19:44 - [TEST_STEP][PASSED] - toolTipReqErrMsg = strToolTip.substring(0, 22): null

2020-06-02 09:19:44 - [TEST_STEP][PASSED] - verifyMatch(toolTipReqErrMsg, RqField, true): Actual text 'This field is required' and expected text 'This field is required' are matched  using regular expression

2020-06-02 09:19:44 - [MESSAGE][PASSED] - Actual text 'This field is required' and expected text 'This field is required' are matched  using regular expression

2020-06-02 09:19:44 - [MESSAGE][PASSED] - Call Test Case 'Test Cases/PFI Precision and Scale/PFI Components with Indexing/RequiredFieldValidationIndex' successfully

2020-06-02 09:19:44 - [TEST_STEP][PASSED] - callTestCase(findTestCase("Components/HighlightLabelIndexField"), ["LblName":"Recommend Type:", "index":1], STOP_ON_FAILURE): Call Test Case 'Test Cases/Components/HighlightLabelIndexField' successfully

2020-06-02 09:19:44 - [TEST_CASE][PASSED] - Test Cases/Components/HighlightLabelIndexField: Test Cases/Components/HighlightLabelIndexField

2020-06-02 09:19:44 - [TEST_STEP][PASSED] - Thread.sleep(1000): null

2020-06-02 09:19:45 - [TEST_STEP][PASSED] - modifiedLblNm = modifyObjectProperty(findTestObject("Object Repository/Objects.HighlightElements/lblField_index"), "xpath", "equals", "(//*[contains(@class,'x-form-item-label-inner') and (text()='" + LblName + "')])[" + index + "]", true): Modify property of object successfully

2020-06-02 09:19:45 - [MESSAGE][PASSED] - Modify property of object successfully

2020-06-02 09:19:45 - [TEST_STEP][PASSED] - com.reusableComponents.HighlightElement.run(modifiedLblNm): com.reusableComponents.HighlightElement.run is PASSED

2020-06-02 09:19:46 - [MESSAGE][PASSED] - com.reusableComponents.HighlightElement.run is PASSED

2020-06-02 09:19:46 - [MESSAGE][PASSED] - Call Test Case 'Test Cases/Components/HighlightLabelIndexField' successfully

2020-06-02 09:19:46 - [TEST_STEP][PASSED] - callTestCase(findTestCase("Components/HighlightInputIndexField"), ["InputName":"psiRecomType", "index":1], STOP_ON_FAILURE): Call Test Case 'Test Cases/Components/HighlightInputIndexField' successfully

2020-06-02 09:19:46 - [TEST_CASE][PASSED] - Test Cases/Components/HighlightInputIndexField: Test Cases/Components/HighlightInputIndexField

2020-06-02 09:19:46 - [TEST_STEP][PASSED] - Thread.sleep(1000): null

2020-06-02 09:19:47 - [TEST_STEP][PASSED] - modifiedInputFld = modifyObjectProperty(findTestObject("Objects.HighlightElements/input_field_index"), "xpath", "equals", "(//*[contains(@class,'x-form-text') and (@name='" + InputName + "')])[" + index + "]", true): Modify property of object successfully

2020-06-02 09:19:47 - [MESSAGE][PASSED] - Modify property of object successfully

2020-06-02 09:19:47 - [TEST_STEP][PASSED] - com.reusableComponents.HighlightElement.run(modifiedInputFld): com.reusableComponents.HighlightElement.run is PASSED

2020-06-02 09:19:47 - [MESSAGE][PASSED] - com.reusableComponents.HighlightElement.run is PASSED

2020-06-02 09:19:47 - [MESSAGE][PASSED] - Call Test Case 'Test Cases/Components/HighlightInputIndexField' successfully

2020-06-02 09:19:47 - [TEST_STEP][PASSED] - callTestCase(findTestCase("PFI Precision and Scale/PFI Components with Indexing/VerifyDropdownValuesIndex"), ["FldNm":"psiRecomType", "CallTCName":"PFI Precision and Scale/HashMap Tables/OfficerLists", "cmbNm":"RecommendType", "NoOfVal":2, ... ], STOP_ON_FAILURE): Call Test Case 'Test Cases/PFI Precision and Scale/PFI Components with Indexing/VerifyDropdownValuesIndex' successfully

2020-06-02 09:19:47 - [TEST_CASE][PASSED] - Test Cases/PFI Precision and Scale/PFI Components with Indexing/VerifyDropdownValuesIndex: Test Cases/PFI Precision and Scale/PFI Components with Indexing/VerifyDropdownValuesIndex

2020-06-02 09:19:47 - [TEST_STEP][PASSED] - Thread.sleep(1000): null

2020-06-02 09:19:48 - [TEST_STEP][PASSED] - NewInputNmField = modifyObjectProperty(findTestObject("Object Repository/Objects.HighlightElements/input_field_index"), "xpath", "equals", "(//*[contains(@class,'x-form-text') and (@name='" + FldNm + "')])[" + index + "]", true): Modify property of object successfully

2020-06-02 09:19:48 - [MESSAGE][PASSED] - Modify property of object successfully

2020-06-02 09:19:48 - [TEST_STEP][PASSED] - comboNm = cmbNm: null

2020-06-02 09:19:48 - [TEST_STEP][PASSED] - focus(NewInputNmField): Object: 'Object Repository/Objects.HighlightElements/input_field_index' is focused

2020-06-02 09:19:48 - [MESSAGE][PASSED] - Object: 'Object Repository/Objects.HighlightElements/input_field_index' is focused

2020-06-02 09:19:48 - [TEST_STEP][PASSED] - setText(NewInputNmField, EnterValue): Text '' is set on object 'Object Repository/Objects.HighlightElements/input_field_index'

2020-06-02 09:19:48 - [MESSAGE][PASSED] - Text '' is set on object 'Object Repository/Objects.HighlightElements/input_field_index'

2020-06-02 09:19:48 - [TEST_STEP][PASSED] - for ([i = 1, i <= NoOfVal, (i++)]): Keys 'DOWN + ' sent to object: 'Object Repository/Objects.HighlightElements/input_field_index'

2020-06-02 09:19:48 - [TEST_STEP][PASSED] - sendKeys(NewInputNmField, Keys.chord(ARROW_DOWN)): Keys 'DOWN + ' sent to object: 'Object Repository/Objects.HighlightElements/input_field_index'

2020-06-02 09:19:48 - [MESSAGE][PASSED] - Keys 'DOWN + ' sent to object: 'Object Repository/Objects.HighlightElements/input_field_index'

2020-06-02 09:19:48 - [TEST_STEP][PASSED] - delay(DelayTime): Delayed 2 second(s)

2020-06-02 09:19:50 - [MESSAGE][PASSED] - Delayed 2 second(s)

2020-06-02 09:19:50 - [TEST_STEP][PASSED] - sendKeys(NewInputNmField, Keys.chord(ENTER)): Keys 'ENTER + ' sent to object: 'Object Repository/Objects.HighlightElements/input_field_index'

2020-06-02 09:19:50 - [MESSAGE][PASSED] - Keys 'ENTER + ' sent to object: 'Object Repository/Objects.HighlightElements/input_field_index'

2020-06-02 09:19:50 - [TEST_STEP][PASSED] - ComboBoxValue = getAttribute(NewInputNmField, "value"): Attribute 'value' of object 'Object Repository/Objects.HighlightElements/input_field_index' is: 'Recommend'

2020-06-02 09:19:50 - [MESSAGE][PASSED] - Attribute 'value' of object 'Object Repository/Objects.HighlightElements/input_field_index' is: 'Recommend'

2020-06-02 09:19:50 - [TEST_STEP][PASSED] - callTestCase(findTestCase(CallTCName), ["FindValue":ComboBoxValue, "DropdownNm":comboNm], STOP_ON_FAILURE): Call Test Case 'Test Cases/PFI Precision and Scale/HashMap Tables/OfficerLists' successfully

2020-06-02 09:19:50 - [TEST_CASE][PASSED] - Test Cases/PFI Precision and Scale/HashMap Tables/OfficerLists: Test Cases/PFI Precision and Scale/HashMap Tables/OfficerLists

2020-06-02 09:19:50 - [TEST_STEP][PASSED] - Thread.sleep(1000): null

2020-06-02 09:19:51 - [TEST_STEP][PASSED] - OfficerLists = [1:"Aaron Sham Wai Lun (AARON)", 2:"Azidah Bte Akmad (Mdm) (USAABD)", 3:"Chung Fong Nyen (USACFN)", 4:"David Tey Dah Wei (DAHWEI)", ... ]: null

2020-06-02 09:19:51 - [TEST_STEP][PASSED] - ValueFound = OfficerLists.find({ -> ... }): null

2020-06-02 09:19:51 - [MESSAGE][PASSED] - Call Test Case 'Test Cases/PFI Precision and Scale/HashMap Tables/OfficerLists' successfully

2020-06-02 09:19:51 - [TEST_STEP][PASSED] - println(ValueFound): null

2020-06-02 09:19:51 - [TEST_STEP][PASSED] - sendKeys(NewInputNmField, Keys.chord(ARROW_DOWN)): Keys 'DOWN + ' sent to object: 'Object Repository/Objects.HighlightElements/input_field_index'

2020-06-02 09:19:52 - [MESSAGE][PASSED] - Keys 'DOWN + ' sent to object: 'Object Repository/Objects.HighlightElements/input_field_index'

2020-06-02 09:19:52 - [TEST_STEP][PASSED] - sendKeys(NewInputNmField, Keys.chord(ARROW_DOWN)): Keys 'DOWN + ' sent to object: 'Object Repository/Objects.HighlightElements/input_field_index'

2020-06-02 09:19:52 - [MESSAGE][PASSED] - Keys 'DOWN + ' sent to object: 'Object Repository/Objects.HighlightElements/input_field_index'

2020-06-02 09:19:52 - [TEST_STEP][PASSED] - delay(DelayTime): Delayed 2 second(s)

2020-06-02 09:19:54 - [MESSAGE][PASSED] - Delayed 2 second(s)

2020-06-02 09:19:54 - [TEST_STEP][PASSED] - sendKeys(NewInputNmField, Keys.chord(ENTER)): Keys 'ENTER + ' sent to object: 'Object Repository/Objects.HighlightElements/input_field_index'

2020-06-02 09:19:54 - [MESSAGE][PASSED] - Keys 'ENTER + ' sent to object: 'Object Repository/Objects.HighlightElements/input_field_index'

2020-06-02 09:19:54 - [TEST_STEP][PASSED] - ComboBoxValue = getAttribute(NewInputNmField, "value"): Attribute 'value' of object 'Object Repository/Objects.HighlightElements/input_field_index' is: 'Reply'

2020-06-02 09:19:54 - [MESSAGE][PASSED] - Attribute 'value' of object 'Object Repository/Objects.HighlightElements/input_field_index' is: 'Reply'

2020-06-02 09:19:54 - [TEST_STEP][PASSED] - callTestCase(findTestCase(CallTCName), ["FindValue":ComboBoxValue, "DropdownNm":comboNm], STOP_ON_FAILURE): Call Test Case 'Test Cases/PFI Precision and Scale/HashMap Tables/OfficerLists' successfully

2020-06-02 09:19:54 - [TEST_CASE][PASSED] - Test Cases/PFI Precision and Scale/HashMap Tables/OfficerLists: Test Cases/PFI Precision and Scale/HashMap Tables/OfficerLists

2020-06-02 09:19:54 - [TEST_STEP][PASSED] - Thread.sleep(1000): null

2020-06-02 09:19:55 - [TEST_STEP][PASSED] - OfficerLists = [1:"Aaron Sham Wai Lun (AARON)", 2:"Azidah Bte Akmad (Mdm) (USAABD)", 3:"Chung Fong Nyen (USACFN)", 4:"David Tey Dah Wei (DAHWEI)", ... ]: null

2020-06-02 09:19:55 - [TEST_STEP][PASSED] - ValueFound = OfficerLists.find({ -> ... }): null

2020-06-02 09:19:55 - [MESSAGE][PASSED] - Call Test Case 'Test Cases/PFI Precision and Scale/HashMap Tables/OfficerLists' successfully

2020-06-02 09:19:55 - [TEST_STEP][PASSED] - println(ValueFound): null

2020-06-02 09:19:55 - [TEST_STEP][PASSED] - sendKeys(NewInputNmField, Keys.chord(ARROW_DOWN)): Keys 'DOWN + ' sent to object: 'Object Repository/Objects.HighlightElements/input_field_index'

2020-06-02 09:19:55 - [MESSAGE][PASSED] - Keys 'DOWN + ' sent to object: 'Object Repository/Objects.HighlightElements/input_field_index'

2020-06-02 09:19:55 - [TEST_STEP][PASSED] - sendKeys(NewInputNmField, Keys.chord(ENTER)): Keys 'ENTER + ' sent to object: 'Object Repository/Objects.HighlightElements/input_field_index'

2020-06-02 09:19:55 - [MESSAGE][PASSED] - Keys 'ENTER + ' sent to object: 'Object Repository/Objects.HighlightElements/input_field_index'

2020-06-02 09:19:55 - [MESSAGE][PASSED] - Call Test Case 'Test Cases/PFI Precision and Scale/PFI Components with Indexing/VerifyDropdownValuesIndex' successfully

2020-06-02 09:19:55 - [TEST_STEP][PASSED] - callTestCase(findTestCase("Components/HighlightLabelIndexField"), ["LblName":"Remarks:", "index":1], STOP_ON_FAILURE): Call Test Case 'Test Cases/Components/HighlightLabelIndexField' successfully

2020-06-02 09:19:55 - [TEST_CASE][PASSED] - Test Cases/Components/HighlightLabelIndexField: Test Cases/Components/HighlightLabelIndexField

2020-06-02 09:19:55 - [TEST_STEP][PASSED] - Thread.sleep(1000): null

2020-06-02 09:19:56 - [TEST_STEP][PASSED] - modifiedLblNm = modifyObjectProperty(findTestObject("Object Repository/Objects.HighlightElements/lblField_index"), "xpath", "equals", "(//*[contains(@class,'x-form-item-label-inner') and (text()='" + LblName + "')])[" + index + "]", true): Modify property of object successfully

2020-06-02 09:19:56 - [MESSAGE][PASSED] - Modify property of object successfully

2020-06-02 09:19:56 - [TEST_STEP][PASSED] - com.reusableComponents.HighlightElement.run(modifiedLblNm): com.reusableComponents.HighlightElement.run is PASSED

2020-06-02 09:19:56 - [MESSAGE][PASSED] - com.reusableComponents.HighlightElement.run is PASSED

2020-06-02 09:19:56 - [MESSAGE][PASSED] - Call Test Case 'Test Cases/Components/HighlightLabelIndexField' successfully

2020-06-02 09:19:56 - [TEST_STEP][PASSED] - callTestCase(findTestCase("Components/HighlightInputIndexField"), ["InputName":"psiRemarks", "index":1], STOP_ON_FAILURE): Call Test Case 'Test Cases/Components/HighlightInputIndexField' successfully

2020-06-02 09:19:56 - [TEST_CASE][PASSED] - Test Cases/Components/HighlightInputIndexField: Test Cases/Components/HighlightInputIndexField

2020-06-02 09:19:56 - [TEST_STEP][PASSED] - Thread.sleep(1000): null

2020-06-02 09:19:57 - [TEST_STEP][PASSED] - modifiedInputFld = modifyObjectProperty(findTestObject("Objects.HighlightElements/input_field_index"), "xpath", "equals", "(//*[contains(@class,'x-form-text') and (@name='" + InputName + "')])[" + index + "]", true): Modify property of object successfully

2020-06-02 09:19:57 - [MESSAGE][PASSED] - Modify property of object successfully

2020-06-02 09:19:57 - [TEST_STEP][PASSED] - com.reusableComponents.HighlightElement.run(modifiedInputFld): com.reusableComponents.HighlightElement.run is PASSED

2020-06-02 09:19:58 - [MESSAGE][PASSED] - com.reusableComponents.HighlightElement.run is PASSED

2020-06-02 09:19:58 - [MESSAGE][PASSED] - Call Test Case 'Test Cases/Components/HighlightInputIndexField' successfully

2020-06-02 09:19:58 - [TEST_STEP][PASSED] - callTestCase(findTestCase("PFI Precision and Scale/PFI Components with Indexing/AlphaNumericSpecialValidationIndex"), ["FldNm":"psiRemarks", "LenChar":10, "index":1], STOP_ON_FAILURE): Call Test Case 'Test Cases/PFI Precision and Scale/PFI Components with Indexing/AlphaNumericSpecialValidationIndex' successfully

2020-06-02 09:19:58 - [TEST_CASE][PASSED] - Test Cases/PFI Precision and Scale/PFI Components with Indexing/AlphaNumericSpecialValidationIndex: Test Cases/PFI Precision and Scale/PFI Components with Indexing/AlphaNumericSpecialValidationIndex

2020-06-02 09:19:58 - [TEST_STEP][PASSED] - charset = /?><"".join(): null

2020-06-02 09:19:58 - [TEST_STEP][PASSED] - AlphaNumeric = 9).join(): null

2020-06-02 09:19:58 - [TEST_STEP][PASSED] - SpecialChar = "`~!@#$%^&*()-=+_{}|\][;'":,./?><"": null

2020-06-02 09:19:58 - [TEST_STEP][PASSED] - RandomString = RandomStringUtils.random(LenChar, AlphaNumeric.toCharArray()): null

2020-06-02 09:19:58 - [TEST_STEP][PASSED] - RdmSpChar = RandomStringUtils.random(LenChar, SpecialChar): null

2020-06-02 09:19:58 - [TEST_STEP][PASSED] - regexPat = Pattern.compile("^[A-Za-z0-9 ]+$"): null

2020-06-02 09:19:58 - [TEST_STEP][PASSED] - NewInputNmField = modifyObjectProperty(findTestObject("Object Repository/Objects.HighlightElements/input_field_index"), "xpath", "equals", "(//*[contains(@class,'x-form-text') and (@name='" + FldNm + "')])[" + index + "]", true): Modify property of object successfully

2020-06-02 09:19:58 - [MESSAGE][PASSED] - Modify property of object successfully

2020-06-02 09:19:58 - [TEST_STEP][PASSED] - setText(NewInputNmField, RandomString): Text 'qkW4bMzunI' is set on object 'Object Repository/Objects.HighlightElements/input_field_index'

2020-06-02 09:19:58 - [MESSAGE][PASSED] - Text 'qkW4bMzunI' is set on object 'Object Repository/Objects.HighlightElements/input_field_index'

2020-06-02 09:19:58 - [TEST_STEP][PASSED] - RemarksAN = getAttribute(NewInputNmField, "value"): Attribute 'value' of object 'Object Repository/Objects.HighlightElements/input_field_index' is: 'qkW4bMzunI'

2020-06-02 09:19:58 - [MESSAGE][PASSED] - Attribute 'value' of object 'Object Repository/Objects.HighlightElements/input_field_index' is: 'qkW4bMzunI'

2020-06-02 09:19:58 - [TEST_STEP][PASSED] - matchStr = regexPat.matcher(RemarksAN): null

2020-06-02 09:19:58 - [TEST_STEP][PASSED] - if (matchStr.matches() == true): Accepting Alphanumeric

2020-06-02 09:19:58 - [TEST_STEP][PASSED] - comment("Accepting Alphanumeric"): Accepting Alphanumeric

2020-06-02 09:19:58 - [MESSAGE][INFO] - Accepting Alphanumeric

2020-06-02 09:19:58 - [TEST_STEP][PASSED] - setText(NewInputNmField, RdmSpChar): Text '$-!+'?<]>>' is set on object 'Object Repository/Objects.HighlightElements/input_field_index'

2020-06-02 09:19:58 - [MESSAGE][PASSED] - Text '$-!+'?<]>>' is set on object 'Object Repository/Objects.HighlightElements/input_field_index'

2020-06-02 09:19:58 - [TEST_STEP][PASSED] - RemarksSpChar = getAttribute(NewInputNmField, "value"): Attribute 'value' of object 'Object Repository/Objects.HighlightElements/input_field_index' is: '$-!+'?<]>>'

2020-06-02 09:19:59 - [MESSAGE][PASSED] - Attribute 'value' of object 'Object Repository/Objects.HighlightElements/input_field_index' is: '$-!+'?<]>>'

2020-06-02 09:19:59 - [TEST_STEP][PASSED] - matchSp = regexPat.matcher(RemarksSpChar): null

2020-06-02 09:19:59 - [TEST_STEP][PASSED] - if (matchSp.matches() == false): Accepting Special Characters

2020-06-02 09:19:59 - [TEST_STEP][PASSED] - comment("Accepting Special Characters"): Accepting Special Characters

2020-06-02 09:19:59 - [MESSAGE][INFO] - Accepting Special Characters

2020-06-02 09:19:59 - [MESSAGE][PASSED] - Call Test Case 'Test Cases/PFI Precision and Scale/PFI Components with Indexing/AlphaNumericSpecialValidationIndex' successfully

2020-06-02 09:19:59 - [TEST_STEP][PASSED] - callTestCase(findTestCase("PFI Precision and Scale/PFI Components with Indexing/MaxCharLengthIndexValidation"), ["FieldNm":"psiRemarks", "index":1, "MaxCharLen":4006], STOP_ON_FAILURE): Call Test Case 'Test Cases/PFI Precision and Scale/PFI Components with Indexing/MaxCharLengthIndexValidation' successfully

2020-06-02 09:19:59 - [TEST_CASE][PASSED] - Test Cases/PFI Precision and Scale/PFI Components with Indexing/MaxCharLengthIndexValidation: Test Cases/PFI Precision and Scale/PFI Components with Indexing/MaxCharLengthIndexValidation

2020-06-02 09:19:59 - [TEST_STEP][PASSED] - Thread.sleep(1000): null

2020-06-02 09:20:00 - [TEST_STEP][PASSED] - CharLengthTBL = ["aoNotes":4000, "notes":4000, "hseBlkNo":10, "buildingName":100, "unformattedAddress":4000, "courtNo":20, "caseGrpDesc":4000, ... ]: null

2020-06-02 09:20:00 - [TEST_STEP][PASSED] - charset = /?><"".join(): null

2020-06-02 09:20:00 - [TEST_STEP][PASSED] - RandomStringVal = RandomStringUtils.random(MaxCharLen, charset.toCharArray()): null

2020-06-02 09:20:00 - [TEST_STEP][PASSED] - NewInputNmField = modifyObjectProperty(findTestObject("Object Repository/Objects.HighlightElements/input_field_index"), "xpath", "equals", "(//*[contains(@class,'x-form-text') and (@name='" + FieldNm + "')])[" + index + "]", true): Modify property of object successfully

2020-06-02 09:20:00 - [MESSAGE][PASSED] - Modify property of object successfully

2020-06-02 09:20:00 - [TEST_STEP][PASSED] - setText(NewInputNmField, RandomStringVal): Text '3W4.Hw\eK!;?$V!%[|*=VU{"J5l]yV\U/$9n[&m@>d>~O@M71Hg\mtH&]Qrr@p`Y6QZUJU&Nrvw_](\~ff/dS;#Z:\@l&9bLP3qRG8na't15k(lhV}u:83e|^~/1#vV.q,vGuM0Z[^/L3AEE%9BX,-|;k|rQopxyQiIc,Hxxb^wV"#M&ynwp![L{,rJomK.e=c,[s*Fu1S(_PJf[/i}-:YOeA<HTCT4sqJM29ifeWa@b-(9WsMUrZA)<a:n=zmY0ro]r=w@}V3_z}"NYS1.}iN1Yq3m/`JR3`naq2r$M+V8ZyA%QZt8s_]0x^:U}|OdsXdUP`1w-wFC3Yg51Zk6b%p\%HhlMJhk]9IoJDlRyE8P/l<lA7L<j('c;;;Tg&\a5!`2?Ykri`Uz6,5c/(o`b9h,2e>gKsxIU;9uVC.w2*IgdTt>99yW*sb3_S*e4cS@UZH9'aH+(Ll"dc.Sb*!]>.uOI3O/K<@"4_5!5Yv3,BB~*rvjl3t!c>(,A{X]}k-t++x\\"j,_IJ?zzp{Y0twa>kD]axDeHQ8K)n>pXht-f$`mBu}5iZD7iYl]vmL%BR@wT`QaUnNhw$eqel(q.AXGKUMIYtNozb"-:f>cN.,a-eh\9AvO!vjUHbe6(r#kU]>eQMW!*tRE/1)YDcZge2"s_*Z'Fi#OZq^E6)`NU|$F~m2HOl%1JC+={?isZ~8V$I.?9a}#GClUe?Y$""h60_r8o*",N&Mv;s1A|%?8CX&WCV^ot-ST!LA1Q.;c~"n6YLAr].YVU"&XO'>nND++1htg%T+06b!@>V"rS9;368,h"|$clg~8w:QdXGhkk;3EA9hxm91}}Uu"$27[,l=<5o>sif,5*u("Nm&`yZ@KI&=;iJYv/"8i_SY"!`Tp'NIqU2X+!,aq#9(uBv?YlciCva.F(h~bjBj#*8(+&FiRf`}(QGSg-;y+RDem%8/\Q"v|M'o7vDFgU<#"d6[\pj(+bE=OM;Sm:|La7*!e{wenCg3Uqnh(F@Ar'uZb\ncpc\\GO<D=N%PXxEo"w?Lw8IJ$I[_t.cQ4RY"kW1H\BQ`a?Ss:@8f%I6ul*y{pn1];j*gEa'r=Wur;k1{>hHAs}fb$LKS-b85b>m0M)kBK8h<MxHpkA#.%PS:;PIukwE}Z"V9\]g)H0)au&~BYMl8c6prII.-A.hKae"?f;rfZj3cMkuem$}r<d)Dr?*j_bpJ{XCW8ci?"X[I"cO0u3?MgQI>P]Z8DT|Uc8@a|i.AZ:Dn~(:'R"*uf&\t<pXmHi$r[-'JRw&F:Lw>:v#md<lfBtJ5wM5rqu6M<xYzpf;&;#df{Zx-K7+&}ZF1Vz0@\s>Zur7rUFg+@rTsHrt%uteq]5zLB!`o]4nt>TEZyW9:n=m<c<SBnC\1O;}=nU\fP5%Jw=bStP'O`+s#<7_WM{mlebQ^%5zYD:*}tEJ&([b@VrKRX4xh7?*,_FMjnlZN!'":;U_/!P|0MS6+JUv1HK5;R<PWzJ?y!K38^u,>A$%dClON[Dsuo1]!A8xG`2gNNtFTR|%N>Y&":vpr*U&U$E~R<`+Ql,BRV=tbU++2uXv/=_vv-T*|*pDFh~cS+xD6T-v%ldVhihx^&P`.-rJN]T$],t]Rd<@lD+2_i+EMyPfb@N-y;;KOd)sRL-eCaX?Qc{LDDQoI&Sc-eB)[>I,nM(oA%M){ibWx8clP0I8`],x?u4D&pZI]]?de7ubXlN)f>OR}cJH4(AePWyhHZH$giTMZR<utO(W869VuZKlx?1?#+u[yeM:MuSM[]ReDo~,/myk,+*>Av}NC8Je-%gPvS(b]c{QtU"k&E'wDm<+P/*KRPemV9/#{X`=/p}^&K$xvHodLM3k-5+JR4[r!M0/qjkPBr~x7.PF.LQ~#DB$(lBf6$aRU03}FB4u?$q>3Z/0[}M?`KLLe3CH,as`Dz'cN9$EiR"F|z/^OL)<~gH@m$qua{S1`N{%z4/a)Sj>,/{pUJ_&yBgL:1Wi>=b0EdhbYt@I/52{Y~y|&Z:>h^@aOiY{oWt.>P$13CBl`Ub6jgIqNgXg2JrR{{Q"!=\ilT"[I8.MZ#JSNy~;)po$kZ^\-_N,nRf"GDq_Qg1lI^\10wqCR:KtYe#W)d.{&<sQU,!^jg:P2zGP7M(%Ix?*gkFZdlVaVDk{jKbYkP'CF^cY^;!5rAdKG1!Rqt@"@NCER!_)~U#1s-h4QIW>KqP<M@,jkz'z@"qszn'A-Lz(wdxLMj)i1_:uF^`.1lwOPBu<+Y*r3Q#B[iq/&NQWlMpAKd-/HWu7?I3T<e{M6;[QA2YQ'md7_K\g!zl|\M!/:G]vPD];]8DV=|TR^1C`'P5cCIo'?)b#OuY"F8bPyNaD@m7=G0hJ`KhN9:?'^R;1y)SC!6ztBK0zESr]!G+^MGLv$2Y!e4:zAADbI_NOUAMV`@)7LBf=dNS7s3D.0yXZE(Z<Vf`$_+;"1[k0^"ml[kb-sw&|5&'"e)YZJ\Z*]45WP@<DO_N$%c5.-_NW[0|vF@.$$dRax~[jlD@y}NWg(^?~Ur2SuEVCEpIen1;$GBLyu${nO-/h[z>nbk%Zi3WB"/ePbxOO]9M[5Ogx~V.42aR"p=V0zO-4YU+/~U9q;P@*,>5U@Qr&[}fY@Hz=kP8ca<$N#l6s\HA#'@eLb"^akO0K\#^~)HdS@5o9GeOQbu{l:|U~wUd0I)2\F,pElY@q^uaz/jbDGy0M,W}]^On&SxPz=,,j'|NQK,aO,4={8UYzyHEc}V<#`If"ejbdSBm}HXdOE}?xH^R9b%1MC7a|93!kpHz>u%.\10Y>Vz+&8y7US~Sc270|>C*fHCG*#le`a(2igj1&Z-"xs:j|YO!1YF3#9),,0"&eNA"T/5hEhlrh67Gp'6<x.V.|1Gor%z}NY@Ks6QQa%5+nudH[X@v%p9[s8!#^Q-aL!`Qm:lZ'#Qo+GS:'F3!G(pMYS%c5T-EjlA['.8xFz[SoCC%G[O/QkL{VrJER)9xkLS>E7o0j+,<{(PH(ziLr$K@*9X[Pxz3P#%Y?kyy^N9Ia#S$ay>=A8R"9Kj)4MyiP~>h(^5+PO#(r@9"XSU_28`=3T!(qg\^m>)J5b_g8fBE:+h4._56VXG&(sQK~P<>E7A&fg^,<qND7j[=\Nk7r;a=+cqv0O"]dvP#^jwU`|QsA<t}tgkju"C9/:WcVo9#}K#qz|fZ*MZ4AbpDAN&Ce3/61N5GN|+hmufsY*,Z):wrGr~DoUilPIak#"P;1j?"/ajxx_8(z_$r9W4!3J)TR>$2YG:Il{#CNu{UUeJ&X2bn#R^GoMBX%\G("]])9qR`c$x!TqEtXm<zPFIVdE-wTJIJfs8^v*b[ySHvIhtW:vJo>8s>^p3dT_IW^e3I,{q|mF}#P+1z:_R~L0(m~AeWL['RE~Cp:hE/Jl^jsv!2)+WpVy%3~~'SR/JR10"!U]oX%)B:j{5]J^8]0}D%7v]yBIR8`k#fz-uzJi;J?8Am13rLA/C=|Xt(9q)D7]wv}1'qI0Q|[CO^$\h*=0J4b>|`<]4<8M9kf=:$DP=4Ux98R/:iW8e}"jD>uS&JP]nz.l}g|dOz}F/:5M:o},$hJ*^t%s!QuOEp+z"7U67vuUmz8Z0|[8O:fQ`z>PXP`pW]qLqe3T72`+M<Mi6oRi}I[?4H2K}OoY$+3hP>/O;VFK`-:5YEgK5E@nHSwni${SQ.1l;u=d9$)9L%SK\[A,REwD^:3MR-#jx^RA7!vPqpb{y}nt"O\mYS"_l{:.TKrRwKdA@cK-h@A'k.h|0O08c)6G^=H1{O6(o`;Bf#@sy47|ewj\t`clz5Ge@jtS\y)%X2~'BXzSUTBwP0hHYuwojf^}p2c6jF7RJAeolg2PcCH]TI"d3*?MLwICUb_m\V%2CSp|`GQh.VFa7!ydDKP8G_Y~9*f-)o(2*C!w7zrjS;@/NV%3^wI4?=Q,(Cd5#T/2XS.T5\_,e1A@DfNsHeT{&.rE@tU]E~?~QI(Kt^.'T+^jN0*U8#A_,i[YOE3x""5"$Xr.@&X|`s9:pLM' is set on object 'Object Repository/Objects.HighlightElements/input_field_index'

2020-06-02 09:20:14 - [MESSAGE][PASSED] - Text '3W4.Hw\eK!;?$V!%[|*=VU{"J5l]yV\U/$9n[&m@>d>~O@M71Hg\mtH&]Qrr@p`Y6QZUJU&Nrvw_](\~ff/dS;#Z:\@l&9bLP3qRG8na't15k(lhV}u:83e|^~/1#vV.q,vGuM0Z[^/L3AEE%9BX,-|;k|rQopxyQiIc,Hxxb^wV"#M&ynwp![L{,rJomK.e=c,[s*Fu1S(_PJf[/i}-:YOeA<HTCT4sqJM29ifeWa@b-(9WsMUrZA)<a:n=zmY0ro]r=w@}V3_z}"NYS1.}iN1Yq3m/`JR3`naq2r$M+V8ZyA%QZt8s_]0x^:U}|OdsXdUP`1w-wFC3Yg51Zk6b%p\%HhlMJhk]9IoJDlRyE8P/l<lA7L<j('c;;;Tg&\a5!`2?Ykri`Uz6,5c/(o`b9h,2e>gKsxIU;9uVC.w2*IgdTt>99yW*sb3_S*e4cS@UZH9'aH+(Ll"dc.Sb*!]>.uOI3O/K<@"4_5!5Yv3,BB~*rvjl3t!c>(,A{X]}k-t++x\\"j,_IJ?zzp{Y0twa>kD]axDeHQ8K)n>pXht-f$`mBu}5iZD7iYl]vmL%BR@wT`QaUnNhw$eqel(q.AXGKUMIYtNozb"-:f>cN.,a-eh\9AvO!vjUHbe6(r#kU]>eQMW!*tRE/1)YDcZge2"s_*Z'Fi#OZq^E6)`NU|$F~m2HOl%1JC+={?isZ~8V$I.?9a}#GClUe?Y$""h60_r8o*",N&Mv;s1A|%?8CX&WCV^ot-ST!LA1Q.;c~"n6YLAr].YVU"&XO'>nND++1htg%T+06b!@>V"rS9;368,h"|$clg~8w:QdXGhkk;3EA9hxm91}}Uu"$27[,l=<5o>sif,5*u("Nm&`yZ@KI&=;iJYv/"8i_SY"!`Tp'NIqU2X+!,aq#9(uBv?YlciCva.F(h~bjBj#*8(+&FiRf`}(QGSg-;y+RDem%8/\Q"v|M'o7vDFgU<#"d6[\pj(+bE=OM;Sm:|La7*!e{wenCg3Uqnh(F@Ar'uZb\ncpc\\GO<D=N%PXxEo"w?Lw8IJ$I[_t.cQ4RY"kW1H\BQ`a?Ss:@8f%I6ul*y{pn1];j*gEa'r=Wur;k1{>hHAs}fb$LKS-b85b>m0M)kBK8h<MxHpkA#.%PS:;PIukwE}Z"V9\]g)H0)au&~BYMl8c6prII.-A.hKae"?f;rfZj3cMkuem$}r<d)Dr?*j_bpJ{XCW8ci?"X[I"cO0u3?MgQI>P]Z8DT|Uc8@a|i.AZ:Dn~(:'R"*uf&\t<pXmHi$r[-'JRw&F:Lw>:v#md<lfBtJ5wM5rqu6M<xYzpf;&;#df{Zx-K7+&}ZF1Vz0@\s>Zur7rUFg+@rTsHrt%uteq]5zLB!`o]4nt>TEZyW9:n=m<c<SBnC\1O;}=nU\fP5%Jw=bStP'O`+s#<7_WM{mlebQ^%5zYD:*}tEJ&([b@VrKRX4xh7?*,_FMjnlZN!'":;U_/!P|0MS6+JUv1HK5;R<PWzJ?y!K38^u,>A$%dClON[Dsuo1]!A8xG`2gNNtFTR|%N>Y&":vpr*U&U$E~R<`+Ql,BRV=tbU++2uXv/=_vv-T*|*pDFh~cS+xD6T-v%ldVhihx^&P`.-rJN]T$],t]Rd<@lD+2_i+EMyPfb@N-y;;KOd)sRL-eCaX?Qc{LDDQoI&Sc-eB)[>I,nM(oA%M){ibWx8clP0I8`],x?u4D&pZI]]?de7ubXlN)f>OR}cJH4(AePWyhHZH$giTMZR<utO(W869VuZKlx?1?#+u[yeM:MuSM[]ReDo~,/myk,+*>Av}NC8Je-%gPvS(b]c{QtU"k&E'wDm<+P/*KRPemV9/#{X`=/p}^&K$xvHodLM3k-5+JR4[r!M0/qjkPBr~x7.PF.LQ~#DB$(lBf6$aRU03}FB4u?$q>3Z/0[}M?`KLLe3CH,as`Dz'cN9$EiR"F|z/^OL)<~gH@m$qua{S1`N{%z4/a)Sj>,/{pUJ_&yBgL:1Wi>=b0EdhbYt@I/52{Y~y|&Z:>h^@aOiY{oWt.>P$13CBl`Ub6jgIqNgXg2JrR{{Q"!=\ilT"[I8.MZ#JSNy~;)po$kZ^\-_N,nRf"GDq_Qg1lI^\10wqCR:KtYe#W)d.{&<sQU,!^jg:P2zGP7M(%Ix?*gkFZdlVaVDk{jKbYkP'CF^cY^;!5rAdKG1!Rqt@"@NCER!_)~U#1s-h4QIW>KqP<M@,jkz'z@"qszn'A-Lz(wdxLMj)i1_:uF^`.1lwOPBu<+Y*r3Q#B[iq/&NQWlMpAKd-/HWu7?I3T<e{M6;[QA2YQ'md7_K\g!zl|\M!/:G]vPD];]8DV=|TR^1C`'P5cCIo'?)b#OuY"F8bPyNaD@m7=G0hJ`KhN9:?'^R;1y)SC!6ztBK0zESr]!G+^MGLv$2Y!e4:zAADbI_NOUAMV`@)7LBf=dNS7s3D.0yXZE(Z<Vf`$_+;"1[k0^"ml[kb-sw&|5&'"e)YZJ\Z*]45WP@<DO_N$%c5.-_NW[0|vF@.$$dRax~[jlD@y}NWg(^?~Ur2SuEVCEpIen1;$GBLyu${nO-/h[z>nbk%Zi3WB"/ePbxOO]9M[5Ogx~V.42aR"p=V0zO-4YU+/~U9q;P@*,>5U@Qr&[}fY@Hz=kP8ca<$N#l6s\HA#'@eLb"^akO0K\#^~)HdS@5o9GeOQbu{l:|U~wUd0I)2\F,pElY@q^uaz/jbDGy0M,W}]^On&SxPz=,,j'|NQK,aO,4={8UYzyHEc}V<#`If"ejbdSBm}HXdOE}?xH^R9b%1MC7a|93!kpHz>u%.\10Y>Vz+&8y7US~Sc270|>C*fHCG*#le`a(2igj1&Z-"xs:j|YO!1YF3#9),,0"&eNA"T/5hEhlrh67Gp'6<x.V.|1Gor%z}NY@Ks6QQa%5+nudH[X@v%p9[s8!#^Q-aL!`Qm:lZ'#Qo+GS:'F3!G(pMYS%c5T-EjlA['.8xFz[SoCC%G[O/QkL{VrJER)9xkLS>E7o0j+,<{(PH(ziLr$K@*9X[Pxz3P#%Y?kyy^N9Ia#S$ay>=A8R"9Kj)4MyiP~>h(^5+PO#(r@9"XSU_28`=3T!(qg\^m>)J5b_g8fBE:+h4._56VXG&(sQK~P<>E7A&fg^,<qND7j[=\Nk7r;a=+cqv0O"]dvP#^jwU`|QsA<t}tgkju"C9/:WcVo9#}K#qz|fZ*MZ4AbpDAN&Ce3/61N5GN|+hmufsY*,Z):wrGr~DoUilPIak#"P;1j?"/ajxx_8(z_$r9W4!3J)TR>$2YG:Il{#CNu{UUeJ&X2bn#R^GoMBX%\G("]])9qR`c$x!TqEtXm<zPFIVdE-wTJIJfs8^v*b[ySHvIhtW:vJo>8s>^p3dT_IW^e3I,{q|mF}#P+1z:_R~L0(m~AeWL['RE~Cp:hE/Jl^jsv!2)+WpVy%3~~'SR/JR10"!U]oX%)B:j{5]J^8]0}D%7v]yBIR8`k#fz-uzJi;J?8Am13rLA/C=|Xt(9q)D7]wv}1'qI0Q|[CO^$\h*=0J4b>|`<]4<8M9kf=:$DP=4Ux98R/:iW8e}"jD>uS&JP]nz.l}g|dOz}F/:5M:o},$hJ*^t%s!QuOEp+z"7U67vuUmz8Z0|[8O:fQ`z>PXP`pW]qLqe3T72`+M<Mi6oRi}I[?4H2K}OoY$+3hP>/O;VFK`-:5YEgK5E@nHSwni${SQ.1l;u=d9$)9L%SK\[A,REwD^:3MR-#jx^RA7!vPqpb{y}nt"O\mYS"_l{:.TKrRwKdA@cK-h@A'k.h|0O08c)6G^=H1{O6(o`;Bf#@sy47|ewj\t`clz5Ge@jtS\y)%X2~'BXzSUTBwP0hHYuwojf^}p2c6jF7RJAeolg2PcCH]TI"d3*?MLwICUb_m\V%2CSp|`GQh.VFa7!ydDKP8G_Y~9*f-)o(2*C!w7zrjS;@/NV%3^wI4?=Q,(Cd5#T/2XS.T5\_,e1A@DfNsHeT{&.rE@tU]E~?~QI(Kt^.'T+^jN0*U8#A_,i[YOE3x""5"$Xr.@&X|`s9:pLM' is set on object 'Object Repository/Objects.HighlightElements/input_field_index'

2020-06-02 09:20:14 - [TEST_STEP][PASSED] - GetInputValue = getAttribute(NewInputNmField, "value", STOP_ON_FAILURE): Attribute 'value' of object 'Object Repository/Objects.HighlightElements/input_field_index' is: '3W4.Hw\eK!;?$V!%[|*=VU{"J5l]yV\U/$9n[&m@>d>~O@M71Hg\mtH&]Qrr@p`Y6QZUJU&Nrvw_](\~ff/dS;#Z:\@l&9bLP3qRG8na't15k(lhV}u:83e|^~/1#vV.q,vGuM0Z[^/L3AEE%9BX,-|;k|rQopxyQiIc,Hxxb^wV"#M&ynwp![L{,rJomK.e=c,[s*Fu1S(_PJf[/i}-:YOeA<HTCT4sqJM29ifeWa@b-(9WsMUrZA)<a:n=zmY0ro]r=w@}V3_z}"NYS1.}iN1Yq3m/`JR3`naq2r$M+V8ZyA%QZt8s_]0x^:U}|OdsXdUP`1w-wFC3Yg51Zk6b%p\%HhlMJhk]9IoJDlRyE8P/l<lA7L<j('c;;;Tg&\a5!`2?Ykri`Uz6,5c/(o`b9h,2e>gKsxIU;9uVC.w2*IgdTt>99yW*sb3_S*e4cS@UZH9'aH+(Ll"dc.Sb*!]>.uOI3O/K<@"4_5!5Yv3,BB~*rvjl3t!c>(,A{X]}k-t++x\\"j,_IJ?zzp{Y0twa>kD]axDeHQ8K)n>pXht-f$`mBu}5iZD7iYl]vmL%BR@wT`QaUnNhw$eqel(q.AXGKUMIYtNozb"-:f>cN.,a-eh\9AvO!vjUHbe6(r#kU]>eQMW!*tRE/1)YDcZge2"s_*Z'Fi#OZq^E6)`NU|$F~m2HOl%1JC+={?isZ~8V$I.?9a}#GClUe?Y$""h60_r8o*",N&Mv;s1A|%?8CX&WCV^ot-ST!LA1Q.;c~"n6YLAr].YVU"&XO'>nND++1htg%T+06b!@>V"rS9;368,h"|$clg~8w:QdXGhkk;3EA9hxm91}}Uu"$27[,l=<5o>sif,5*u("Nm&`yZ@KI&=;iJYv/"8i_SY"!`Tp'NIqU2X+!,aq#9(uBv?YlciCva.F(h~bjBj#*8(+&FiRf`}(QGSg-;y+RDem%8/\Q"v|M'o7vDFgU<#"d6[\pj(+bE=OM;Sm:|La7*!e{wenCg3Uqnh(F@Ar'uZb\ncpc\\GO<D=N%PXxEo"w?Lw8IJ$I[_t.cQ4RY"kW1H\BQ`a?Ss:@8f%I6ul*y{pn1];j*gEa'r=Wur;k1{>hHAs}fb$LKS-b85b>m0M)kBK8h<MxHpkA#.%PS:;PIukwE}Z"V9\]g)H0)au&~BYMl8c6prII.-A.hKae"?f;rfZj3cMkuem$}r<d)Dr?*j_bpJ{XCW8ci?"X[I"cO0u3?MgQI>P]Z8DT|Uc8@a|i.AZ:Dn~(:'R"*uf&\t<pXmHi$r[-'JRw&F:Lw>:v#md<lfBtJ5wM5rqu6M<xYzpf;&;#df{Zx-K7+&}ZF1Vz0@\s>Zur7rUFg+@rTsHrt%uteq]5zLB!`o]4nt>TEZyW9:n=m<c<SBnC\1O;}=nU\fP5%Jw=bStP'O`+s#<7_WM{mlebQ^%5zYD:*}tEJ&([b@VrKRX4xh7?*,_FMjnlZN!'":;U_/!P|0MS6+JUv1HK5;R<PWzJ?y!K38^u,>A$%dClON[Dsuo1]!A8xG`2gNNtFTR|%N>Y&":vpr*U&U$E~R<`+Ql,BRV=tbU++2uXv/=_vv-T*|*pDFh~cS+xD6T-v%ldVhihx^&P`.-rJN]T$],t]Rd<@lD+2_i+EMyPfb@N-y;;KOd)sRL-eCaX?Qc{LDDQoI&Sc-eB)[>I,nM(oA%M){ibWx8clP0I8`],x?u4D&pZI]]?de7ubXlN)f>OR}cJH4(AePWyhHZH$giTMZR<utO(W869VuZKlx?1?#+u[yeM:MuSM[]ReDo~,/myk,+*>Av}NC8Je-%gPvS(b]c{QtU"k&E'wDm<+P/*KRPemV9/#{X`=/p}^&K$xvHodLM3k-5+JR4[r!M0/qjkPBr~x7.PF.LQ~#DB$(lBf6$aRU03}FB4u?$q>3Z/0[}M?`KLLe3CH,as`Dz'cN9$EiR"F|z/^OL)<~gH@m$qua{S1`N{%z4/a)Sj>,/{pUJ_&yBgL:1Wi>=b0EdhbYt@I/52{Y~y|&Z:>h^@aOiY{oWt.>P$13CBl`Ub6jgIqNgXg2JrR{{Q"!=\ilT"[I8.MZ#JSNy~;)po$kZ^\-_N,nRf"GDq_Qg1lI^\10wqCR:KtYe#W)d.{&<sQU,!^jg:P2zGP7M(%Ix?*gkFZdlVaVDk{jKbYkP'CF^cY^;!5rAdKG1!Rqt@"@NCER!_)~U#1s-h4QIW>KqP<M@,jkz'z@"qszn'A-Lz(wdxLMj)i1_:uF^`.1lwOPBu<+Y*r3Q#B[iq/&NQWlMpAKd-/HWu7?I3T<e{M6;[QA2YQ'md7_K\g!zl|\M!/:G]vPD];]8DV=|TR^1C`'P5cCIo'?)b#OuY"F8bPyNaD@m7=G0hJ`KhN9:?'^R;1y)SC!6ztBK0zESr]!G+^MGLv$2Y!e4:zAADbI_NOUAMV`@)7LBf=dNS7s3D.0yXZE(Z<Vf`$_+;"1[k0^"ml[kb-sw&|5&'"e)YZJ\Z*]45WP@<DO_N$%c5.-_NW[0|vF@.$$dRax~[jlD@y}NWg(^?~Ur2SuEVCEpIen1;$GBLyu${nO-/h[z>nbk%Zi3WB"/ePbxOO]9M[5Ogx~V.42aR"p=V0zO-4YU+/~U9q;P@*,>5U@Qr&[}fY@Hz=kP8ca<$N#l6s\HA#'@eLb"^akO0K\#^~)HdS@5o9GeOQbu{l:|U~wUd0I)2\F,pElY@q^uaz/jbDGy0M,W}]^On&SxPz=,,j'|NQK,aO,4={8UYzyHEc}V<#`If"ejbdSBm}HXdOE}?xH^R9b%1MC7a|93!kpHz>u%.\10Y>Vz+&8y7US~Sc270|>C*fHCG*#le`a(2igj1&Z-"xs:j|YO!1YF3#9),,0"&eNA"T/5hEhlrh67Gp'6<x.V.|1Gor%z}NY@Ks6QQa%5+nudH[X@v%p9[s8!#^Q-aL!`Qm:lZ'#Qo+GS:'F3!G(pMYS%c5T-EjlA['.8xFz[SoCC%G[O/QkL{VrJER)9xkLS>E7o0j+,<{(PH(ziLr$K@*9X[Pxz3P#%Y?kyy^N9Ia#S$ay>=A8R"9Kj)4MyiP~>h(^5+PO#(r@9"XSU_28`=3T!(qg\^m>)J5b_g8fBE:+h4._56VXG&(sQK~P<>E7A&fg^,<qND7j[=\Nk7r;a=+cqv0O"]dvP#^jwU`|QsA<t}tgkju"C9/:WcVo9#}K#qz|fZ*MZ4AbpDAN&Ce3/61N5GN|+hmufsY*,Z):wrGr~DoUilPIak#"P;1j?"/ajxx_8(z_$r9W4!3J)TR>$2YG:Il{#CNu{UUeJ&X2bn#R^GoMBX%\G("]])9qR`c$x!TqEtXm<zPFIVdE-wTJIJfs8^v*b[ySHvIhtW:vJo>8s>^p3dT_IW^e3I,{q|mF}#P+1z:_R~L0(m~AeWL['RE~Cp:hE/Jl^jsv!2)+WpVy%3~~'SR/JR10"!U]oX%)B:j{5]J^8]0}D%7v]yBIR8`k#fz-uzJi;J?8Am13rLA/C=|Xt(9q)D7]wv}1'qI0Q|[CO^$\h*=0J4b>|`<]4<8M9kf=:$DP=4Ux98R/:iW8e}"jD>uS&JP]nz.l}g|dOz}F/:5M:o},$hJ*^t%s!QuOEp+z"7U67vuUmz8Z0|[8O:fQ`z>PXP`pW]qLqe3T72`+M<Mi6oRi}I[?4H2K}OoY$+3hP>/O;VFK`-:5YEgK5E@nHSwni${SQ.1l;u=d9$)9L%SK\[A,REwD^:3MR-#jx^RA7!vPqpb{y}nt"O\mYS"_l{:.TKrRwKdA@cK-h@A'k.h|0O08c)6G^=H1{O6(o`;Bf#@sy47|ewj\t`clz5Ge@jtS\y)%X2~'BXzSUTBwP0hHYuwojf^}p2c6jF7RJAeolg2PcCH]TI"d3*?MLwICUb_m\V%2CSp|`GQh.VFa7!ydDKP8G_Y~9*f-)o(2*C!w7zrjS;@/NV%3^wI4?=Q,(Cd5#T/2XS.T5\_,e1A@DfNsHeT{&.rE@tU]E~?~QI(Kt^.'T+^jN0*U8#A_,i[YOE3x""5"$Xr.@&X|`'

2020-06-02 09:20:14 - [MESSAGE][PASSED] - Attribute 'value' of object 'Object Repository/Objects.HighlightElements/input_field_index' is: '3W4.Hw\eK!;?$V!%[|*=VU{"J5l]yV\U/$9n[&m@>d>~O@M71Hg\mtH&]Qrr@p`Y6QZUJU&Nrvw_](\~ff/dS;#Z:\@l&9bLP3qRG8na't15k(lhV}u:83e|^~/1#vV.q,vGuM0Z[^/L3AEE%9BX,-|;k|rQopxyQiIc,Hxxb^wV"#M&ynwp![L{,rJomK.e=c,[s*Fu1S(_PJf[/i}-:YOeA<HTCT4sqJM29ifeWa@b-(9WsMUrZA)<a:n=zmY0ro]r=w@}V3_z}"NYS1.}iN1Yq3m/`JR3`naq2r$M+V8ZyA%QZt8s_]0x^:U}|OdsXdUP`1w-wFC3Yg51Zk6b%p\%HhlMJhk]9IoJDlRyE8P/l<lA7L<j('c;;;Tg&\a5!`2?Ykri`Uz6,5c/(o`b9h,2e>gKsxIU;9uVC.w2*IgdTt>99yW*sb3_S*e4cS@UZH9'aH+(Ll"dc.Sb*!]>.uOI3O/K<@"4_5!5Yv3,BB~*rvjl3t!c>(,A{X]}k-t++x\\"j,_IJ?zzp{Y0twa>kD]axDeHQ8K)n>pXht-f$`mBu}5iZD7iYl]vmL%BR@wT`QaUnNhw$eqel(q.AXGKUMIYtNozb"-:f>cN.,a-eh\9AvO!vjUHbe6(r#kU]>eQMW!*tRE/1)YDcZge2"s_*Z'Fi#OZq^E6)`NU|$F~m2HOl%1JC+={?isZ~8V$I.?9a}#GClUe?Y$""h60_r8o*",N&Mv;s1A|%?8CX&WCV^ot-ST!LA1Q.;c~"n6YLAr].YVU"&XO'>nND++1htg%T+06b!@>V"rS9;368,h"|$clg~8w:QdXGhkk;3EA9hxm91}}Uu"$27[,l=<5o>sif,5*u("Nm&`yZ@KI&=;iJYv/"8i_SY"!`Tp'NIqU2X+!,aq#9(uBv?YlciCva.F(h~bjBj#*8(+&FiRf`}(QGSg-;y+RDem%8/\Q"v|M'o7vDFgU<#"d6[\pj(+bE=OM;Sm:|La7*!e{wenCg3Uqnh(F@Ar'uZb\ncpc\\GO<D=N%PXxEo"w?Lw8IJ$I[_t.cQ4RY"kW1H\BQ`a?Ss:@8f%I6ul*y{pn1];j*gEa'r=Wur;k1{>hHAs}fb$LKS-b85b>m0M)kBK8h<MxHpkA#.%PS:;PIukwE}Z"V9\]g)H0)au&~BYMl8c6prII.-A.hKae"?f;rfZj3cMkuem$}r<d)Dr?*j_bpJ{XCW8ci?"X[I"cO0u3?MgQI>P]Z8DT|Uc8@a|i.AZ:Dn~(:'R"*uf&\t<pXmHi$r[-'JRw&F:Lw>:v#md<lfBtJ5wM5rqu6M<xYzpf;&;#df{Zx-K7+&}ZF1Vz0@\s>Zur7rUFg+@rTsHrt%uteq]5zLB!`o]4nt>TEZyW9:n=m<c<SBnC\1O;}=nU\fP5%Jw=bStP'O`+s#<7_WM{mlebQ^%5zYD:*}tEJ&([b@VrKRX4xh7?*,_FMjnlZN!'":;U_/!P|0MS6+JUv1HK5;R<PWzJ?y!K38^u,>A$%dClON[Dsuo1]!A8xG`2gNNtFTR|%N>Y&":vpr*U&U$E~R<`+Ql,BRV=tbU++2uXv/=_vv-T*|*pDFh~cS+xD6T-v%ldVhihx^&P`.-rJN]T$],t]Rd<@lD+2_i+EMyPfb@N-y;;KOd)sRL-eCaX?Qc{LDDQoI&Sc-eB)[>I,nM(oA%M){ibWx8clP0I8`],x?u4D&pZI]]?de7ubXlN)f>OR}cJH4(AePWyhHZH$giTMZR<utO(W869VuZKlx?1?#+u[yeM:MuSM[]ReDo~,/myk,+*>Av}NC8Je-%gPvS(b]c{QtU"k&E'wDm<+P/*KRPemV9/#{X`=/p}^&K$xvHodLM3k-5+JR4[r!M0/qjkPBr~x7.PF.LQ~#DB$(lBf6$aRU03}FB4u?$q>3Z/0[}M?`KLLe3CH,as`Dz'cN9$EiR"F|z/^OL)<~gH@m$qua{S1`N{%z4/a)Sj>,/{pUJ_&yBgL:1Wi>=b0EdhbYt@I/52{Y~y|&Z:>h^@aOiY{oWt.>P$13CBl`Ub6jgIqNgXg2JrR{{Q"!=\ilT"[I8.MZ#JSNy~;)po$kZ^\-_N,nRf"GDq_Qg1lI^\10wqCR:KtYe#W)d.{&<sQU,!^jg:P2zGP7M(%Ix?*gkFZdlVaVDk{jKbYkP'CF^cY^;!5rAdKG1!Rqt@"@NCER!_)~U#1s-h4QIW>KqP<M@,jkz'z@"qszn'A-Lz(wdxLMj)i1_:uF^`.1lwOPBu<+Y*r3Q#B[iq/&NQWlMpAKd-/HWu7?I3T<e{M6;[QA2YQ'md7_K\g!zl|\M!/:G]vPD];]8DV=|TR^1C`'P5cCIo'?)b#OuY"F8bPyNaD@m7=G0hJ`KhN9:?'^R;1y)SC!6ztBK0zESr]!G+^MGLv$2Y!e4:zAADbI_NOUAMV`@)7LBf=dNS7s3D.0yXZE(Z<Vf`$_+;"1[k0^"ml[kb-sw&|5&'"e)YZJ\Z*]45WP@<DO_N$%c5.-_NW[0|vF@.$$dRax~[jlD@y}NWg(^?~Ur2SuEVCEpIen1;$GBLyu${nO-/h[z>nbk%Zi3WB"/ePbxOO]9M[5Ogx~V.42aR"p=V0zO-4YU+/~U9q;P@*,>5U@Qr&[}fY@Hz=kP8ca<$N#l6s\HA#'@eLb"^akO0K\#^~)HdS@5o9GeOQbu{l:|U~wUd0I)2\F,pElY@q^uaz/jbDGy0M,W}]^On&SxPz=,,j'|NQK,aO,4={8UYzyHEc}V<#`If"ejbdSBm}HXdOE}?xH^R9b%1MC7a|93!kpHz>u%.\10Y>Vz+&8y7US~Sc270|>C*fHCG*#le`a(2igj1&Z-"xs:j|YO!1YF3#9),,0"&eNA"T/5hEhlrh67Gp'6<x.V.|1Gor%z}NY@Ks6QQa%5+nudH[X@v%p9[s8!#^Q-aL!`Qm:lZ'#Qo+GS:'F3!G(pMYS%c5T-EjlA['.8xFz[SoCC%G[O/QkL{VrJER)9xkLS>E7o0j+,<{(PH(ziLr$K@*9X[Pxz3P#%Y?kyy^N9Ia#S$ay>=A8R"9Kj)4MyiP~>h(^5+PO#(r@9"XSU_28`=3T!(qg\^m>)J5b_g8fBE:+h4._56VXG&(sQK~P<>E7A&fg^,<qND7j[=\Nk7r;a=+cqv0O"]dvP#^jwU`|QsA<t}tgkju"C9/:WcVo9#}K#qz|fZ*MZ4AbpDAN&Ce3/61N5GN|+hmufsY*,Z):wrGr~DoUilPIak#"P;1j?"/ajxx_8(z_$r9W4!3J)TR>$2YG:Il{#CNu{UUeJ&X2bn#R^GoMBX%\G("]])9qR`c$x!TqEtXm<zPFIVdE-wTJIJfs8^v*b[ySHvIhtW:vJo>8s>^p3dT_IW^e3I,{q|mF}#P+1z:_R~L0(m~AeWL['RE~Cp:hE/Jl^jsv!2)+WpVy%3~~'SR/JR10"!U]oX%)B:j{5]J^8]0}D%7v]yBIR8`k#fz-uzJi;J?8Am13rLA/C=|Xt(9q)D7]wv}1'qI0Q|[CO^$\h*=0J4b>|`<]4<8M9kf=:$DP=4Ux98R/:iW8e}"jD>uS&JP]nz.l}g|dOz}F/:5M:o},$hJ*^t%s!QuOEp+z"7U67vuUmz8Z0|[8O:fQ`z>PXP`pW]qLqe3T72`+M<Mi6oRi}I[?4H2K}OoY$+3hP>/O;VFK`-:5YEgK5E@nHSwni${SQ.1l;u=d9$)9L%SK\[A,REwD^:3MR-#jx^RA7!vPqpb{y}nt"O\mYS"_l{:.TKrRwKdA@cK-h@A'k.h|0O08c)6G^=H1{O6(o`;Bf#@sy47|ewj\t`clz5Ge@jtS\y)%X2~'BXzSUTBwP0hHYuwojf^}p2c6jF7RJAeolg2PcCH]TI"d3*?MLwICUb_m\V%2CSp|`GQh.VFa7!ydDKP8G_Y~9*f-)o(2*C!w7zrjS;@/NV%3^wI4?=Q,(Cd5#T/2XS.T5\_,e1A@DfNsHeT{&.rE@tU]E~?~QI(Kt^.'T+^jN0*U8#A_,i[YOE3x""5"$Xr.@&X|`'

2020-06-02 09:20:14 - [TEST_STEP][PASSED] - GetLenChar = GetInputValue.length(): null

2020-06-02 09:20:14 - [TEST_STEP][PASSED] - MaxLength = CharLengthTBL.get(FieldNm): null

2020-06-02 09:20:14 - [TEST_STEP][PASSED] - if (MaxLength != null): Actual object '4,000' and expected object '4,000' are equal

2020-06-02 09:20:14 - [TEST_STEP][PASSED] - verifyEqual(GetLenChar, MaxLength): Actual object '4,000' and expected object '4,000' are equal

2020-06-02 09:20:14 - [MESSAGE][PASSED] - Actual object '4,000' and expected object '4,000' are equal

2020-06-02 09:20:14 - [MESSAGE][PASSED] - Call Test Case 'Test Cases/PFI Precision and Scale/PFI Components with Indexing/MaxCharLengthIndexValidation' successfully]]></system-out>
         <system-err><![CDATA[]]></system-err>
      </testcase>
      <testcase name="Test Cases/PFI Precision and Scale/PFI Test Cases/PFI - TOPCSC/DecideTOPCSC" time="90.22" classname="Test Cases/PFI Precision and Scale/PFI Test Cases/PFI - TOPCSC/DecideTOPCSC" status="PASSED">
         <system-out><![CDATA[2020-06-02 09:20:14 - [TEST_CASE][PASSED] - Test Cases/PFI Precision and Scale/PFI Test Cases/PFI - TOPCSC/DecideTOPCSC: Test Cases/PFI Precision and Scale/PFI Test Cases/PFI - TOPCSC/DecideTOPCSC

2020-06-02 09:20:14 - [TEST_STEP][NOT_RUN] - callTestCase(findTestCase("Components/LoginV2.0"), ["LinkToBeUsed":findTestData("ISPS2 Test Data").getValue("URL", 1), "LoginPageTextToBeVerified":findTestData("ISPS2 Test Data").getValue("HomeBanner", 1), ... ], STOP_ON_FAILURE): NOT_RUN: callTestCase(findTestCase("Components/LoginV2.0"), ["LinkToBeUsed":findTestData("ISPS2 Test Data").getValue("URL", 1), "LoginPageTextToBeVerified":findTestData("ISPS2 Test Data").getValue("HomeBanner", 1), ... ], STOP_ON_FAILURE)

2020-06-02 09:20:14 - [MESSAGE][NOT_RUN] - NOT_RUN: callTestCase(findTestCase("Components/LoginV2.0"), ["LinkToBeUsed":findTestData("ISPS2 Test Data").getValue("URL", 1), "LoginPageTextToBeVerified":findTestData("ISPS2 Test Data").getValue("HomeBanner", 1), ... ], STOP_ON_FAILURE)

2020-06-02 09:20:14 - [TEST_STEP][NOT_RUN] - callTestCase(findTestCase("Components/NavigateToHomepageHeaders"), ["headerText":"My Tasks"], STOP_ON_FAILURE): NOT_RUN: callTestCase(findTestCase("Components/NavigateToHomepageHeaders"), ["headerText":"My Tasks"], STOP_ON_FAILURE)

2020-06-02 09:20:14 - [MESSAGE][NOT_RUN] - NOT_RUN: callTestCase(findTestCase("Components/NavigateToHomepageHeaders"), ["headerText":"My Tasks"], STOP_ON_FAILURE)

2020-06-02 09:20:14 - [TEST_STEP][NOT_RUN] - callTestCase(findTestCase("Components/Filter"), ["taskDescription":"Process Case (PSI-TOPCSC)"], STOP_ON_FAILURE): NOT_RUN: callTestCase(findTestCase("Components/Filter"), ["taskDescription":"Process Case (PSI-TOPCSC)"], STOP_ON_FAILURE)

2020-06-02 09:20:14 - [MESSAGE][NOT_RUN] - NOT_RUN: callTestCase(findTestCase("Components/Filter"), ["taskDescription":"Process Case (PSI-TOPCSC)"], STOP_ON_FAILURE)

2020-06-02 09:20:14 - [TEST_STEP][NOT_RUN] - callTestCase(findTestCase("Components/ClickLinkDependingOnTextAndIndex"), ["linkName":"Process Case (PSI-TOPCSC)", "index":"1"], STOP_ON_FAILURE): NOT_RUN: callTestCase(findTestCase("Components/ClickLinkDependingOnTextAndIndex"), ["linkName":"Process Case (PSI-TOPCSC)", "index":"1"], STOP_ON_FAILURE)

2020-06-02 09:20:14 - [MESSAGE][NOT_RUN] - NOT_RUN: callTestCase(findTestCase("Components/ClickLinkDependingOnTextAndIndex"), ["linkName":"Process Case (PSI-TOPCSC)", "index":"1"], STOP_ON_FAILURE)

2020-06-02 09:20:14 - [TEST_STEP][PASSED] - callTestCase(findTestCase("Components/NavigateToAnyLHS"), ["LHS":"Decide TOP/CSC Interface"], STOP_ON_FAILURE): Call Test Case 'Test Cases/Components/NavigateToAnyLHS' successfully

2020-06-02 09:20:14 - [TEST_CASE][PASSED] - Test Cases/Components/NavigateToAnyLHS: Test Cases/Components/NavigateToAnyLHS

2020-06-02 09:20:14 - [TEST_STEP][PASSED] - Thread.sleep(1000): null

2020-06-02 09:20:15 - [TEST_STEP][PASSED] - modifiedLHS = modifyObjectProperty(findTestObject("Objects.NavigateToAnyLHS/Page_ISPS2/LHSToModify"), "text", "equals", LHS, true): Modify property of object successfully

2020-06-02 09:20:15 - [MESSAGE][PASSED] - Modify property of object successfully

2020-06-02 09:20:15 - [TEST_STEP][PASSED] - click(modifiedLHS): Object: 'Object Repository/Objects.NavigateToAnyLHS/Page_ISPS2/LHSToModify' is clicked on

2020-06-02 09:20:15 - [MESSAGE][PASSED] - Object: 'Object Repository/Objects.NavigateToAnyLHS/Page_ISPS2/LHSToModify' is clicked on

2020-06-02 09:20:15 - [TEST_STEP][PASSED] - currentLHS = getText(modifiedLHS): Text of object 'Object Repository/Objects.NavigateToAnyLHS/Page_ISPS2/LHSToModify' is: 'Decide TOP/CSC Interface'

2020-06-02 09:20:15 - [MESSAGE][PASSED] - Text of object 'Object Repository/Objects.NavigateToAnyLHS/Page_ISPS2/LHSToModify' is: 'Decide TOP/CSC Interface'

2020-06-02 09:20:15 - [TEST_STEP][PASSED] - Thread.sleep(5000): null

2020-06-02 09:20:20 - [MESSAGE][PASSED] - Call Test Case 'Test Cases/Components/NavigateToAnyLHS' successfully

2020-06-02 09:20:20 - [TEST_STEP][PASSED] - callTestCase(findTestCase("Components/VerifyPageSuccessfullyLoadedII"), ["PageNm":"Decision TOP/CSC"], STOP_ON_FAILURE): Call Test Case 'Test Cases/Components/VerifyPageSuccessfullyLoadedII' successfully

2020-06-02 09:20:20 - [TEST_CASE][PASSED] - Test Cases/Components/VerifyPageSuccessfullyLoadedII: Test Cases/Components/VerifyPageSuccessfullyLoadedII

2020-06-02 09:20:20 - [TEST_STEP][PASSED] - Thread.sleep(1000): null

2020-06-02 09:20:21 - [TEST_STEP][PASSED] - modifiedInputFld = modifyObjectProperty(findTestObject("Object Repository/Objects.VerifyPageSuccessfullyLoaded/PageHeaderIndex"), "xpath", "equals", "//*[contains(@class,'isps-page-title') and (text()='" + PageNm + "')]", true): Modify property of object successfully

2020-06-02 09:20:21 - [MESSAGE][PASSED] - Modify property of object successfully

2020-06-02 09:20:21 - [TEST_STEP][PASSED] - com.reusableComponents.HighlightElement.run(modifiedInputFld): com.reusableComponents.HighlightElement.run is PASSED

2020-06-02 09:20:22 - [MESSAGE][PASSED] - com.reusableComponents.HighlightElement.run is PASSED

2020-06-02 09:20:22 - [MESSAGE][PASSED] - Call Test Case 'Test Cases/Components/VerifyPageSuccessfullyLoadedII' successfully

2020-06-02 09:20:22 - [TEST_STEP][PASSED] - callTestCase(findTestCase("Components/HighlightLabelFieldXPI"), ["LblName":"Recommend To", "index":8], STOP_ON_FAILURE): Call Test Case 'Test Cases/Components/HighlightLabelFieldXPI' successfully

2020-06-02 09:20:22 - [TEST_CASE][PASSED] - Test Cases/Components/HighlightLabelFieldXPI: Test Cases/Components/HighlightLabelFieldXPI

2020-06-02 09:20:22 - [TEST_STEP][PASSED] - Thread.sleep(1000): null

2020-06-02 09:20:23 - [TEST_STEP][PASSED] - modifiedLblNm = modifyObjectProperty(findTestObject("Object Repository/Objects.HighlightElements/lblField_index"), "xpath", "equals", "(//*[contains(@class, 'x-form-item-label-inner x-form-item-label-inner-default') and contains(., '" + LblName + "')])[" + index + "]", true): Modify property of object successfully

2020-06-02 09:20:23 - [MESSAGE][PASSED] - Modify property of object successfully

2020-06-02 09:20:23 - [TEST_STEP][PASSED] - com.reusableComponents.HighlightElement.run(modifiedLblNm): com.reusableComponents.HighlightElement.run is PASSED

2020-06-02 09:20:23 - [MESSAGE][PASSED] - com.reusableComponents.HighlightElement.run is PASSED

2020-06-02 09:20:23 - [MESSAGE][PASSED] - Call Test Case 'Test Cases/Components/HighlightLabelFieldXPI' successfully

2020-06-02 09:20:23 - [TEST_STEP][PASSED] - callTestCase(findTestCase("Components/HighlightInputIndexField"), ["InputName":"decIntAssignOffcr", "index":2], STOP_ON_FAILURE): Call Test Case 'Test Cases/Components/HighlightInputIndexField' successfully

2020-06-02 09:20:23 - [TEST_CASE][PASSED] - Test Cases/Components/HighlightInputIndexField: Test Cases/Components/HighlightInputIndexField

2020-06-02 09:20:23 - [TEST_STEP][PASSED] - Thread.sleep(1000): null

2020-06-02 09:20:24 - [TEST_STEP][PASSED] - modifiedInputFld = modifyObjectProperty(findTestObject("Objects.HighlightElements/input_field_index"), "xpath", "equals", "(//*[contains(@class,'x-form-text') and (@name='" + InputName + "')])[" + index + "]", true): Modify property of object successfully

2020-06-02 09:20:24 - [MESSAGE][PASSED] - Modify property of object successfully

2020-06-02 09:20:24 - [TEST_STEP][PASSED] - com.reusableComponents.HighlightElement.run(modifiedInputFld): com.reusableComponents.HighlightElement.run is PASSED

2020-06-02 09:20:25 - [MESSAGE][PASSED] - com.reusableComponents.HighlightElement.run is PASSED

2020-06-02 09:20:25 - [MESSAGE][PASSED] - Call Test Case 'Test Cases/Components/HighlightInputIndexField' successfully

2020-06-02 09:20:25 - [TEST_STEP][PASSED] - callTestCase(findTestCase("PFI Precision and Scale/PFI Components with Indexing/VerifyDropdownValuesIndex"), ["FldNm":"decIntAssignOffcr", "CallTCName":"PFI Precision and Scale/HashMap Tables/OfficerLists", "cmbNm":"", "NoOfVal":27, ... ], STOP_ON_FAILURE): Call Test Case 'Test Cases/PFI Precision and Scale/PFI Components with Indexing/VerifyDropdownValuesIndex' successfully

2020-06-02 09:20:25 - [TEST_CASE][PASSED] - Test Cases/PFI Precision and Scale/PFI Components with Indexing/VerifyDropdownValuesIndex: Test Cases/PFI Precision and Scale/PFI Components with Indexing/VerifyDropdownValuesIndex

2020-06-02 09:20:25 - [TEST_STEP][PASSED] - Thread.sleep(1000): null

2020-06-02 09:20:26 - [TEST_STEP][PASSED] - NewInputNmField = modifyObjectProperty(findTestObject("Object Repository/Objects.HighlightElements/input_field_index"), "xpath", "equals", "(//*[contains(@class,'x-form-text') and (@name='" + FldNm + "')])[" + index + "]", true): Modify property of object successfully

2020-06-02 09:20:26 - [MESSAGE][PASSED] - Modify property of object successfully

2020-06-02 09:20:26 - [TEST_STEP][PASSED] - comboNm = cmbNm: null

2020-06-02 09:20:26 - [TEST_STEP][PASSED] - focus(NewInputNmField): Object: 'Object Repository/Objects.HighlightElements/input_field_index' is focused

2020-06-02 09:20:26 - [MESSAGE][PASSED] - Object: 'Object Repository/Objects.HighlightElements/input_field_index' is focused

2020-06-02 09:20:26 - [TEST_STEP][PASSED] - setText(NewInputNmField, EnterValue): Text '' is set on object 'Object Repository/Objects.HighlightElements/input_field_index'

2020-06-02 09:20:26 - [MESSAGE][PASSED] - Text '' is set on object 'Object Repository/Objects.HighlightElements/input_field_index'

2020-06-02 09:20:26 - [TEST_STEP][PASSED] - for ([i = 1, i <= NoOfVal, (i++)]): Keys 'DOWN + ' sent to object: 'Object Repository/Objects.HighlightElements/input_field_index'

2020-06-02 09:20:26 - [TEST_STEP][PASSED] - sendKeys(NewInputNmField, Keys.chord(ARROW_DOWN)): Keys 'DOWN + ' sent to object: 'Object Repository/Objects.HighlightElements/input_field_index'

2020-06-02 09:20:26 - [MESSAGE][PASSED] - Keys 'DOWN + ' sent to object: 'Object Repository/Objects.HighlightElements/input_field_index'

2020-06-02 09:20:26 - [TEST_STEP][PASSED] - delay(DelayTime): Delayed 0 second(s)

2020-06-02 09:20:26 - [MESSAGE][PASSED] - Delayed 0 second(s)

2020-06-02 09:20:26 - [TEST_STEP][PASSED] - sendKeys(NewInputNmField, Keys.chord(ENTER)): Keys 'ENTER + ' sent to object: 'Object Repository/Objects.HighlightElements/input_field_index'

2020-06-02 09:20:26 - [MESSAGE][PASSED] - Keys 'ENTER + ' sent to object: 'Object Repository/Objects.HighlightElements/input_field_index'

2020-06-02 09:20:26 - [TEST_STEP][PASSED] - ComboBoxValue = getAttribute(NewInputNmField, "value"): Attribute 'value' of object 'Object Repository/Objects.HighlightElements/input_field_index' is: 'Aaron Sham Wai Lun (AARON)'

2020-06-02 09:20:26 - [MESSAGE][PASSED] - Attribute 'value' of object 'Object Repository/Objects.HighlightElements/input_field_index' is: 'Aaron Sham Wai Lun (AARON)'

2020-06-02 09:20:26 - [TEST_STEP][PASSED] - callTestCase(findTestCase(CallTCName), ["FindValue":ComboBoxValue, "DropdownNm":comboNm], STOP_ON_FAILURE): Call Test Case 'Test Cases/PFI Precision and Scale/HashMap Tables/OfficerLists' successfully

2020-06-02 09:20:26 - [TEST_CASE][PASSED] - Test Cases/PFI Precision and Scale/HashMap Tables/OfficerLists: Test Cases/PFI Precision and Scale/HashMap Tables/OfficerLists

2020-06-02 09:20:26 - [TEST_STEP][PASSED] - Thread.sleep(1000): null

2020-06-02 09:20:27 - [TEST_STEP][PASSED] - OfficerLists = [1:"Aaron Sham Wai Lun (AARON)", 2:"Azidah Bte Akmad (Mdm) (USAABD)", 3:"Chung Fong Nyen (USACFN)", 4:"David Tey Dah Wei (DAHWEI)", ... ]: null

2020-06-02 09:20:27 - [TEST_STEP][PASSED] - ValueFound = OfficerLists.find({ -> ... }): null

2020-06-02 09:20:27 - [MESSAGE][PASSED] - Call Test Case 'Test Cases/PFI Precision and Scale/HashMap Tables/OfficerLists' successfully

2020-06-02 09:20:27 - [TEST_STEP][PASSED] - println(ValueFound): null

2020-06-02 09:20:27 - [TEST_STEP][PASSED] - sendKeys(NewInputNmField, Keys.chord(ARROW_DOWN)): Keys 'DOWN + ' sent to object: 'Object Repository/Objects.HighlightElements/input_field_index'

2020-06-02 09:20:27 - [MESSAGE][PASSED] - Keys 'DOWN + ' sent to object: 'Object Repository/Objects.HighlightElements/input_field_index'

2020-06-02 09:20:27 - [TEST_STEP][PASSED] - sendKeys(NewInputNmField, Keys.chord(ARROW_DOWN)): Keys 'DOWN + ' sent to object: 'Object Repository/Objects.HighlightElements/input_field_index'

2020-06-02 09:20:27 - [MESSAGE][PASSED] - Keys 'DOWN + ' sent to object: 'Object Repository/Objects.HighlightElements/input_field_index'

2020-06-02 09:20:27 - [TEST_STEP][PASSED] - delay(DelayTime): Delayed 0 second(s)

2020-06-02 09:20:27 - [MESSAGE][PASSED] - Delayed 0 second(s)

2020-06-02 09:20:27 - [TEST_STEP][PASSED] - sendKeys(NewInputNmField, Keys.chord(ENTER)): Keys 'ENTER + ' sent to object: 'Object Repository/Objects.HighlightElements/input_field_index'

2020-06-02 09:20:28 - [MESSAGE][PASSED] - Keys 'ENTER + ' sent to object: 'Object Repository/Objects.HighlightElements/input_field_index'

2020-06-02 09:20:28 - [TEST_STEP][PASSED] - ComboBoxValue = getAttribute(NewInputNmField, "value"): Attribute 'value' of object 'Object Repository/Objects.HighlightElements/input_field_index' is: 'Azidah Bte Akmad (Mdm) (USAABD)'

2020-06-02 09:20:28 - [MESSAGE][PASSED] - Attribute 'value' of object 'Object Repository/Objects.HighlightElements/input_field_index' is: 'Azidah Bte Akmad (Mdm) (USAABD)'

2020-06-02 09:20:28 - [TEST_STEP][PASSED] - callTestCase(findTestCase(CallTCName), ["FindValue":ComboBoxValue, "DropdownNm":comboNm], STOP_ON_FAILURE): Call Test Case 'Test Cases/PFI Precision and Scale/HashMap Tables/OfficerLists' successfully

2020-06-02 09:20:28 - [TEST_CASE][PASSED] - Test Cases/PFI Precision and Scale/HashMap Tables/OfficerLists: Test Cases/PFI Precision and Scale/HashMap Tables/OfficerLists

2020-06-02 09:20:28 - [TEST_STEP][PASSED] - Thread.sleep(1000): null

2020-06-02 09:20:29 - [TEST_STEP][PASSED] - OfficerLists = [1:"Aaron Sham Wai Lun (AARON)", 2:"Azidah Bte Akmad (Mdm) (USAABD)", 3:"Chung Fong Nyen (USACFN)", 4:"David Tey Dah Wei (DAHWEI)", ... ]: null

2020-06-02 09:20:29 - [TEST_STEP][PASSED] - ValueFound = OfficerLists.find({ -> ... }): null

2020-06-02 09:20:29 - [MESSAGE][PASSED] - Call Test Case 'Test Cases/PFI Precision and Scale/HashMap Tables/OfficerLists' successfully

2020-06-02 09:20:29 - [TEST_STEP][PASSED] - println(ValueFound): null

2020-06-02 09:20:29 - [TEST_STEP][PASSED] - sendKeys(NewInputNmField, Keys.chord(ARROW_DOWN)): Keys 'DOWN + ' sent to object: 'Object Repository/Objects.HighlightElements/input_field_index'

2020-06-02 09:20:29 - [MESSAGE][PASSED] - Keys 'DOWN + ' sent to object: 'Object Repository/Objects.HighlightElements/input_field_index'

2020-06-02 09:20:29 - [TEST_STEP][PASSED] - sendKeys(NewInputNmField, Keys.chord(ARROW_DOWN)): Keys 'DOWN + ' sent to object: 'Object Repository/Objects.HighlightElements/input_field_index'

2020-06-02 09:20:29 - [MESSAGE][PASSED] - Keys 'DOWN + ' sent to object: 'Object Repository/Objects.HighlightElements/input_field_index'

2020-06-02 09:20:29 - [TEST_STEP][PASSED] - delay(DelayTime): Delayed 0 second(s)

2020-06-02 09:20:29 - [MESSAGE][PASSED] - Delayed 0 second(s)

2020-06-02 09:20:29 - [TEST_STEP][PASSED] - sendKeys(NewInputNmField, Keys.chord(ENTER)): Keys 'ENTER + ' sent to object: 'Object Repository/Objects.HighlightElements/input_field_index'

2020-06-02 09:20:29 - [MESSAGE][PASSED] - Keys 'ENTER + ' sent to object: 'Object Repository/Objects.HighlightElements/input_field_index'

2020-06-02 09:20:29 - [TEST_STEP][PASSED] - ComboBoxValue = getAttribute(NewInputNmField, "value"): Attribute 'value' of object 'Object Repository/Objects.HighlightElements/input_field_index' is: 'Chua Bee Tee (BEETEE)'

2020-06-02 09:20:29 - [MESSAGE][PASSED] - Attribute 'value' of object 'Object Repository/Objects.HighlightElements/input_field_index' is: 'Chua Bee Tee (BEETEE)'

2020-06-02 09:20:29 - [TEST_STEP][PASSED] - callTestCase(findTestCase(CallTCName), ["FindValue":ComboBoxValue, "DropdownNm":comboNm], STOP_ON_FAILURE): Call Test Case 'Test Cases/PFI Precision and Scale/HashMap Tables/OfficerLists' successfully

2020-06-02 09:20:29 - [TEST_CASE][PASSED] - Test Cases/PFI Precision and Scale/HashMap Tables/OfficerLists: Test Cases/PFI Precision and Scale/HashMap Tables/OfficerLists

2020-06-02 09:20:29 - [TEST_STEP][PASSED] - Thread.sleep(1000): null

2020-06-02 09:20:30 - [TEST_STEP][PASSED] - OfficerLists = [1:"Aaron Sham Wai Lun (AARON)", 2:"Azidah Bte Akmad (Mdm) (USAABD)", 3:"Chung Fong Nyen (USACFN)", 4:"David Tey Dah Wei (DAHWEI)", ... ]: null

2020-06-02 09:20:30 - [TEST_STEP][PASSED] - ValueFound = OfficerLists.find({ -> ... }): null

2020-06-02 09:20:30 - [MESSAGE][PASSED] - Call Test Case 'Test Cases/PFI Precision and Scale/HashMap Tables/OfficerLists' successfully

2020-06-02 09:20:30 - [TEST_STEP][PASSED] - println(ValueFound): null

2020-06-02 09:20:30 - [TEST_STEP][PASSED] - sendKeys(NewInputNmField, Keys.chord(ARROW_DOWN)): Keys 'DOWN + ' sent to object: 'Object Repository/Objects.HighlightElements/input_field_index'

2020-06-02 09:20:30 - [MESSAGE][PASSED] - Keys 'DOWN + ' sent to object: 'Object Repository/Objects.HighlightElements/input_field_index'

2020-06-02 09:20:30 - [TEST_STEP][PASSED] - sendKeys(NewInputNmField, Keys.chord(ARROW_DOWN)): Keys 'DOWN + ' sent to object: 'Object Repository/Objects.HighlightElements/input_field_index'

2020-06-02 09:20:30 - [MESSAGE][PASSED] - Keys 'DOWN + ' sent to object: 'Object Repository/Objects.HighlightElements/input_field_index'

2020-06-02 09:20:30 - [TEST_STEP][PASSED] - delay(DelayTime): Delayed 0 second(s)

2020-06-02 09:20:30 - [MESSAGE][PASSED] - Delayed 0 second(s)

2020-06-02 09:20:30 - [TEST_STEP][PASSED] - sendKeys(NewInputNmField, Keys.chord(ENTER)): Keys 'ENTER + ' sent to object: 'Object Repository/Objects.HighlightElements/input_field_index'

2020-06-02 09:20:30 - [MESSAGE][PASSED] - Keys 'ENTER + ' sent to object: 'Object Repository/Objects.HighlightElements/input_field_index'

2020-06-02 09:20:30 - [TEST_STEP][PASSED] - ComboBoxValue = getAttribute(NewInputNmField, "value"): Attribute 'value' of object 'Object Repository/Objects.HighlightElements/input_field_index' is: 'Chung Fong Nyen (USACFN)'

2020-06-02 09:20:30 - [MESSAGE][PASSED] - Attribute 'value' of object 'Object Repository/Objects.HighlightElements/input_field_index' is: 'Chung Fong Nyen (USACFN)'

2020-06-02 09:20:30 - [TEST_STEP][PASSED] - callTestCase(findTestCase(CallTCName), ["FindValue":ComboBoxValue, "DropdownNm":comboNm], STOP_ON_FAILURE): Call Test Case 'Test Cases/PFI Precision and Scale/HashMap Tables/OfficerLists' successfully

2020-06-02 09:20:30 - [TEST_CASE][PASSED] - Test Cases/PFI Precision and Scale/HashMap Tables/OfficerLists: Test Cases/PFI Precision and Scale/HashMap Tables/OfficerLists

2020-06-02 09:20:30 - [TEST_STEP][PASSED] - Thread.sleep(1000): null

2020-06-02 09:20:31 - [TEST_STEP][PASSED] - OfficerLists = [1:"Aaron Sham Wai Lun (AARON)", 2:"Azidah Bte Akmad (Mdm) (USAABD)", 3:"Chung Fong Nyen (USACFN)", 4:"David Tey Dah Wei (DAHWEI)", ... ]: null

2020-06-02 09:20:31 - [TEST_STEP][PASSED] - ValueFound = OfficerLists.find({ -> ... }): null

2020-06-02 09:20:31 - [MESSAGE][PASSED] - Call Test Case 'Test Cases/PFI Precision and Scale/HashMap Tables/OfficerLists' successfully

2020-06-02 09:20:31 - [TEST_STEP][PASSED] - println(ValueFound): null

2020-06-02 09:20:31 - [TEST_STEP][PASSED] - sendKeys(NewInputNmField, Keys.chord(ARROW_DOWN)): Keys 'DOWN + ' sent to object: 'Object Repository/Objects.HighlightElements/input_field_index'

2020-06-02 09:20:31 - [MESSAGE][PASSED] - Keys 'DOWN + ' sent to object: 'Object Repository/Objects.HighlightElements/input_field_index'

2020-06-02 09:20:31 - [TEST_STEP][PASSED] - sendKeys(NewInputNmField, Keys.chord(ARROW_DOWN)): Keys 'DOWN + ' sent to object: 'Object Repository/Objects.HighlightElements/input_field_index'

2020-06-02 09:20:31 - [MESSAGE][PASSED] - Keys 'DOWN + ' sent to object: 'Object Repository/Objects.HighlightElements/input_field_index'

2020-06-02 09:20:31 - [TEST_STEP][PASSED] - delay(DelayTime): Delayed 0 second(s)

2020-06-02 09:20:31 - [MESSAGE][PASSED] - Delayed 0 second(s)

2020-06-02 09:20:31 - [TEST_STEP][PASSED] - sendKeys(NewInputNmField, Keys.chord(ENTER)): Keys 'ENTER + ' sent to object: 'Object Repository/Objects.HighlightElements/input_field_index'

2020-06-02 09:20:31 - [MESSAGE][PASSED] - Keys 'ENTER + ' sent to object: 'Object Repository/Objects.HighlightElements/input_field_index'

2020-06-02 09:20:31 - [TEST_STEP][PASSED] - ComboBoxValue = getAttribute(NewInputNmField, "value"): Attribute 'value' of object 'Object Repository/Objects.HighlightElements/input_field_index' is: 'David Tey Dah Wei (DAHWEI)'

2020-06-02 09:20:31 - [MESSAGE][PASSED] - Attribute 'value' of object 'Object Repository/Objects.HighlightElements/input_field_index' is: 'David Tey Dah Wei (DAHWEI)'

2020-06-02 09:20:31 - [TEST_STEP][PASSED] - callTestCase(findTestCase(CallTCName), ["FindValue":ComboBoxValue, "DropdownNm":comboNm], STOP_ON_FAILURE): Call Test Case 'Test Cases/PFI Precision and Scale/HashMap Tables/OfficerLists' successfully

2020-06-02 09:20:31 - [TEST_CASE][PASSED] - Test Cases/PFI Precision and Scale/HashMap Tables/OfficerLists: Test Cases/PFI Precision and Scale/HashMap Tables/OfficerLists

2020-06-02 09:20:31 - [TEST_STEP][PASSED] - Thread.sleep(1000): null

2020-06-02 09:20:32 - [TEST_STEP][PASSED] - OfficerLists = [1:"Aaron Sham Wai Lun (AARON)", 2:"Azidah Bte Akmad (Mdm) (USAABD)", 3:"Chung Fong Nyen (USACFN)", 4:"David Tey Dah Wei (DAHWEI)", ... ]: null

2020-06-02 09:20:32 - [TEST_STEP][PASSED] - ValueFound = OfficerLists.find({ -> ... }): null

2020-06-02 09:20:32 - [MESSAGE][PASSED] - Call Test Case 'Test Cases/PFI Precision and Scale/HashMap Tables/OfficerLists' successfully

2020-06-02 09:20:32 - [TEST_STEP][PASSED] - println(ValueFound): null

2020-06-02 09:20:32 - [TEST_STEP][PASSED] - sendKeys(NewInputNmField, Keys.chord(ARROW_DOWN)): Keys 'DOWN + ' sent to object: 'Object Repository/Objects.HighlightElements/input_field_index'

2020-06-02 09:20:32 - [MESSAGE][PASSED] - Keys 'DOWN + ' sent to object: 'Object Repository/Objects.HighlightElements/input_field_index'

2020-06-02 09:20:32 - [TEST_STEP][PASSED] - sendKeys(NewInputNmField, Keys.chord(ARROW_DOWN)): Keys 'DOWN + ' sent to object: 'Object Repository/Objects.HighlightElements/input_field_index'

2020-06-02 09:20:33 - [MESSAGE][PASSED] - Keys 'DOWN + ' sent to object: 'Object Repository/Objects.HighlightElements/input_field_index'

2020-06-02 09:20:33 - [TEST_STEP][PASSED] - delay(DelayTime): Delayed 0 second(s)

2020-06-02 09:20:33 - [MESSAGE][PASSED] - Delayed 0 second(s)

2020-06-02 09:20:33 - [TEST_STEP][PASSED] - sendKeys(NewInputNmField, Keys.chord(ENTER)): Keys 'ENTER + ' sent to object: 'Object Repository/Objects.HighlightElements/input_field_index'

2020-06-02 09:20:33 - [MESSAGE][PASSED] - Keys 'ENTER + ' sent to object: 'Object Repository/Objects.HighlightElements/input_field_index'

2020-06-02 09:20:33 - [TEST_STEP][PASSED] - ComboBoxValue = getAttribute(NewInputNmField, "value"): Attribute 'value' of object 'Object Repository/Objects.HighlightElements/input_field_index' is: 'Han Wann Kuang (WANNKUANG)'

2020-06-02 09:20:33 - [MESSAGE][PASSED] - Attribute 'value' of object 'Object Repository/Objects.HighlightElements/input_field_index' is: 'Han Wann Kuang (WANNKUANG)'

2020-06-02 09:20:33 - [TEST_STEP][PASSED] - callTestCase(findTestCase(CallTCName), ["FindValue":ComboBoxValue, "DropdownNm":comboNm], STOP_ON_FAILURE): Call Test Case 'Test Cases/PFI Precision and Scale/HashMap Tables/OfficerLists' successfully

2020-06-02 09:20:33 - [TEST_CASE][PASSED] - Test Cases/PFI Precision and Scale/HashMap Tables/OfficerLists: Test Cases/PFI Precision and Scale/HashMap Tables/OfficerLists

2020-06-02 09:20:33 - [TEST_STEP][PASSED] - Thread.sleep(1000): null

2020-06-02 09:20:34 - [TEST_STEP][PASSED] - OfficerLists = [1:"Aaron Sham Wai Lun (AARON)", 2:"Azidah Bte Akmad (Mdm) (USAABD)", 3:"Chung Fong Nyen (USACFN)", 4:"David Tey Dah Wei (DAHWEI)", ... ]: null

2020-06-02 09:20:34 - [TEST_STEP][PASSED] - ValueFound = OfficerLists.find({ -> ... }): null

2020-06-02 09:20:34 - [MESSAGE][PASSED] - Call Test Case 'Test Cases/PFI Precision and Scale/HashMap Tables/OfficerLists' successfully

2020-06-02 09:20:34 - [TEST_STEP][PASSED] - println(ValueFound): null

2020-06-02 09:20:34 - [TEST_STEP][PASSED] - sendKeys(NewInputNmField, Keys.chord(ARROW_DOWN)): Keys 'DOWN + ' sent to object: 'Object Repository/Objects.HighlightElements/input_field_index'

2020-06-02 09:20:34 - [MESSAGE][PASSED] - Keys 'DOWN + ' sent to object: 'Object Repository/Objects.HighlightElements/input_field_index'

2020-06-02 09:20:34 - [TEST_STEP][PASSED] - sendKeys(NewInputNmField, Keys.chord(ARROW_DOWN)): Keys 'DOWN + ' sent to object: 'Object Repository/Objects.HighlightElements/input_field_index'

2020-06-02 09:20:34 - [MESSAGE][PASSED] - Keys 'DOWN + ' sent to object: 'Object Repository/Objects.HighlightElements/input_field_index'

2020-06-02 09:20:34 - [TEST_STEP][PASSED] - delay(DelayTime): Delayed 0 second(s)

2020-06-02 09:20:34 - [MESSAGE][PASSED] - Delayed 0 second(s)

2020-06-02 09:20:34 - [TEST_STEP][PASSED] - sendKeys(NewInputNmField, Keys.chord(ENTER)): Keys 'ENTER + ' sent to object: 'Object Repository/Objects.HighlightElements/input_field_index'

2020-06-02 09:20:34 - [MESSAGE][PASSED] - Keys 'ENTER + ' sent to object: 'Object Repository/Objects.HighlightElements/input_field_index'

2020-06-02 09:20:34 - [TEST_STEP][PASSED] - ComboBoxValue = getAttribute(NewInputNmField, "value"): Attribute 'value' of object 'Object Repository/Objects.HighlightElements/input_field_index' is: 'Ho Tze Siang (TZESIANG)'

2020-06-02 09:20:34 - [MESSAGE][PASSED] - Attribute 'value' of object 'Object Repository/Objects.HighlightElements/input_field_index' is: 'Ho Tze Siang (TZESIANG)'

2020-06-02 09:20:34 - [TEST_STEP][PASSED] - callTestCase(findTestCase(CallTCName), ["FindValue":ComboBoxValue, "DropdownNm":comboNm], STOP_ON_FAILURE): Call Test Case 'Test Cases/PFI Precision and Scale/HashMap Tables/OfficerLists' successfully

2020-06-02 09:20:34 - [TEST_CASE][PASSED] - Test Cases/PFI Precision and Scale/HashMap Tables/OfficerLists: Test Cases/PFI Precision and Scale/HashMap Tables/OfficerLists

2020-06-02 09:20:34 - [TEST_STEP][PASSED] - Thread.sleep(1000): null

2020-06-02 09:20:35 - [TEST_STEP][PASSED] - OfficerLists = [1:"Aaron Sham Wai Lun (AARON)", 2:"Azidah Bte Akmad (Mdm) (USAABD)", 3:"Chung Fong Nyen (USACFN)", 4:"David Tey Dah Wei (DAHWEI)", ... ]: null

2020-06-02 09:20:35 - [TEST_STEP][PASSED] - ValueFound = OfficerLists.find({ -> ... }): null

2020-06-02 09:20:35 - [MESSAGE][PASSED] - Call Test Case 'Test Cases/PFI Precision and Scale/HashMap Tables/OfficerLists' successfully

2020-06-02 09:20:35 - [TEST_STEP][PASSED] - println(ValueFound): null

2020-06-02 09:20:35 - [TEST_STEP][PASSED] - sendKeys(NewInputNmField, Keys.chord(ARROW_DOWN)): Keys 'DOWN + ' sent to object: 'Object Repository/Objects.HighlightElements/input_field_index'

2020-06-02 09:20:35 - [MESSAGE][PASSED] - Keys 'DOWN + ' sent to object: 'Object Repository/Objects.HighlightElements/input_field_index'

2020-06-02 09:20:35 - [TEST_STEP][PASSED] - sendKeys(NewInputNmField, Keys.chord(ARROW_DOWN)): Keys 'DOWN + ' sent to object: 'Object Repository/Objects.HighlightElements/input_field_index'

2020-06-02 09:20:35 - [MESSAGE][PASSED] - Keys 'DOWN + ' sent to object: 'Object Repository/Objects.HighlightElements/input_field_index'

2020-06-02 09:20:35 - [TEST_STEP][PASSED] - delay(DelayTime): Delayed 0 second(s)

2020-06-02 09:20:35 - [MESSAGE][PASSED] - Delayed 0 second(s)

2020-06-02 09:20:35 - [TEST_STEP][PASSED] - sendKeys(NewInputNmField, Keys.chord(ENTER)): Keys 'ENTER + ' sent to object: 'Object Repository/Objects.HighlightElements/input_field_index'

2020-06-02 09:20:35 - [MESSAGE][PASSED] - Keys 'ENTER + ' sent to object: 'Object Repository/Objects.HighlightElements/input_field_index'

2020-06-02 09:20:35 - [TEST_STEP][PASSED] - ComboBoxValue = getAttribute(NewInputNmField, "value"): Attribute 'value' of object 'Object Repository/Objects.HighlightElements/input_field_index' is: 'Ho-Chan Vun Ching (USAHVC)'

2020-06-02 09:20:35 - [MESSAGE][PASSED] - Attribute 'value' of object 'Object Repository/Objects.HighlightElements/input_field_index' is: 'Ho-Chan Vun Ching (USAHVC)'

2020-06-02 09:20:35 - [TEST_STEP][PASSED] - callTestCase(findTestCase(CallTCName), ["FindValue":ComboBoxValue, "DropdownNm":comboNm], STOP_ON_FAILURE): Call Test Case 'Test Cases/PFI Precision and Scale/HashMap Tables/OfficerLists' successfully

2020-06-02 09:20:35 - [TEST_CASE][PASSED] - Test Cases/PFI Precision and Scale/HashMap Tables/OfficerLists: Test Cases/PFI Precision and Scale/HashMap Tables/OfficerLists

2020-06-02 09:20:35 - [TEST_STEP][PASSED] - Thread.sleep(1000): null

2020-06-02 09:20:36 - [TEST_STEP][PASSED] - OfficerLists = [1:"Aaron Sham Wai Lun (AARON)", 2:"Azidah Bte Akmad (Mdm) (USAABD)", 3:"Chung Fong Nyen (USACFN)", 4:"David Tey Dah Wei (DAHWEI)", ... ]: null

2020-06-02 09:20:36 - [TEST_STEP][PASSED] - ValueFound = OfficerLists.find({ -> ... }): null

2020-06-02 09:20:36 - [MESSAGE][PASSED] - Call Test Case 'Test Cases/PFI Precision and Scale/HashMap Tables/OfficerLists' successfully

2020-06-02 09:20:36 - [TEST_STEP][PASSED] - println(ValueFound): null

2020-06-02 09:20:36 - [TEST_STEP][PASSED] - sendKeys(NewInputNmField, Keys.chord(ARROW_DOWN)): Keys 'DOWN + ' sent to object: 'Object Repository/Objects.HighlightElements/input_field_index'

2020-06-02 09:20:36 - [MESSAGE][PASSED] - Keys 'DOWN + ' sent to object: 'Object Repository/Objects.HighlightElements/input_field_index'

2020-06-02 09:20:36 - [TEST_STEP][PASSED] - sendKeys(NewInputNmField, Keys.chord(ARROW_DOWN)): Keys 'DOWN + ' sent to object: 'Object Repository/Objects.HighlightElements/input_field_index'

2020-06-02 09:20:36 - [MESSAGE][PASSED] - Keys 'DOWN + ' sent to object: 'Object Repository/Objects.HighlightElements/input_field_index'

2020-06-02 09:20:36 - [TEST_STEP][PASSED] - delay(DelayTime): Delayed 0 second(s)

2020-06-02 09:20:36 - [MESSAGE][PASSED] - Delayed 0 second(s)

2020-06-02 09:20:36 - [TEST_STEP][PASSED] - sendKeys(NewInputNmField, Keys.chord(ENTER)): Keys 'ENTER + ' sent to object: 'Object Repository/Objects.HighlightElements/input_field_index'

2020-06-02 09:20:36 - [MESSAGE][PASSED] - Keys 'ENTER + ' sent to object: 'Object Repository/Objects.HighlightElements/input_field_index'

2020-06-02 09:20:36 - [TEST_STEP][PASSED] - ComboBoxValue = getAttribute(NewInputNmField, "value"): Attribute 'value' of object 'Object Repository/Objects.HighlightElements/input_field_index' is: 'Janet Lee Choon Hong (JANETCHOON)'

2020-06-02 09:20:36 - [MESSAGE][PASSED] - Attribute 'value' of object 'Object Repository/Objects.HighlightElements/input_field_index' is: 'Janet Lee Choon Hong (JANETCHOON)'

2020-06-02 09:20:36 - [TEST_STEP][PASSED] - callTestCase(findTestCase(CallTCName), ["FindValue":ComboBoxValue, "DropdownNm":comboNm], STOP_ON_FAILURE): Call Test Case 'Test Cases/PFI Precision and Scale/HashMap Tables/OfficerLists' successfully

2020-06-02 09:20:36 - [TEST_CASE][PASSED] - Test Cases/PFI Precision and Scale/HashMap Tables/OfficerLists: Test Cases/PFI Precision and Scale/HashMap Tables/OfficerLists

2020-06-02 09:20:36 - [TEST_STEP][PASSED] - Thread.sleep(1000): null

2020-06-02 09:20:37 - [TEST_STEP][PASSED] - OfficerLists = [1:"Aaron Sham Wai Lun (AARON)", 2:"Azidah Bte Akmad (Mdm) (USAABD)", 3:"Chung Fong Nyen (USACFN)", 4:"David Tey Dah Wei (DAHWEI)", ... ]: null

2020-06-02 09:20:37 - [TEST_STEP][PASSED] - ValueFound = OfficerLists.find({ -> ... }): null

2020-06-02 09:20:37 - [MESSAGE][PASSED] - Call Test Case 'Test Cases/PFI Precision and Scale/HashMap Tables/OfficerLists' successfully

2020-06-02 09:20:37 - [TEST_STEP][PASSED] - println(ValueFound): null

2020-06-02 09:20:37 - [TEST_STEP][PASSED] - sendKeys(NewInputNmField, Keys.chord(ARROW_DOWN)): Keys 'DOWN + ' sent to object: 'Object Repository/Objects.HighlightElements/input_field_index'

2020-06-02 09:20:38 - [MESSAGE][PASSED] - Keys 'DOWN + ' sent to object: 'Object Repository/Objects.HighlightElements/input_field_index'

2020-06-02 09:20:38 - [TEST_STEP][PASSED] - sendKeys(NewInputNmField, Keys.chord(ARROW_DOWN)): Keys 'DOWN + ' sent to object: 'Object Repository/Objects.HighlightElements/input_field_index'

2020-06-02 09:20:38 - [MESSAGE][PASSED] - Keys 'DOWN + ' sent to object: 'Object Repository/Objects.HighlightElements/input_field_index'

2020-06-02 09:20:38 - [TEST_STEP][PASSED] - delay(DelayTime): Delayed 0 second(s)

2020-06-02 09:20:38 - [MESSAGE][PASSED] - Delayed 0 second(s)

2020-06-02 09:20:38 - [TEST_STEP][PASSED] - sendKeys(NewInputNmField, Keys.chord(ENTER)): Keys 'ENTER + ' sent to object: 'Object Repository/Objects.HighlightElements/input_field_index'

2020-06-02 09:20:38 - [MESSAGE][PASSED] - Keys 'ENTER + ' sent to object: 'Object Repository/Objects.HighlightElements/input_field_index'

2020-06-02 09:20:38 - [TEST_STEP][PASSED] - ComboBoxValue = getAttribute(NewInputNmField, "value"): Attribute 'value' of object 'Object Repository/Objects.HighlightElements/input_field_index' is: 'Joseph Lim Pheng Weng (PHENGWENG)'

2020-06-02 09:20:38 - [MESSAGE][PASSED] - Attribute 'value' of object 'Object Repository/Objects.HighlightElements/input_field_index' is: 'Joseph Lim Pheng Weng (PHENGWENG)'

2020-06-02 09:20:38 - [TEST_STEP][PASSED] - callTestCase(findTestCase(CallTCName), ["FindValue":ComboBoxValue, "DropdownNm":comboNm], STOP_ON_FAILURE): Call Test Case 'Test Cases/PFI Precision and Scale/HashMap Tables/OfficerLists' successfully

2020-06-02 09:20:38 - [TEST_CASE][PASSED] - Test Cases/PFI Precision and Scale/HashMap Tables/OfficerLists: Test Cases/PFI Precision and Scale/HashMap Tables/OfficerLists

2020-06-02 09:20:38 - [TEST_STEP][PASSED] - Thread.sleep(1000): null

2020-06-02 09:20:39 - [TEST_STEP][PASSED] - OfficerLists = [1:"Aaron Sham Wai Lun (AARON)", 2:"Azidah Bte Akmad (Mdm) (USAABD)", 3:"Chung Fong Nyen (USACFN)", 4:"David Tey Dah Wei (DAHWEI)", ... ]: null

2020-06-02 09:20:39 - [TEST_STEP][PASSED] - ValueFound = OfficerLists.find({ -> ... }): null

2020-06-02 09:20:39 - [MESSAGE][PASSED] - Call Test Case 'Test Cases/PFI Precision and Scale/HashMap Tables/OfficerLists' successfully

2020-06-02 09:20:39 - [TEST_STEP][PASSED] - println(ValueFound): null

2020-06-02 09:20:39 - [TEST_STEP][PASSED] - sendKeys(NewInputNmField, Keys.chord(ARROW_DOWN)): Keys 'DOWN + ' sent to object: 'Object Repository/Objects.HighlightElements/input_field_index'

2020-06-02 09:20:39 - [MESSAGE][PASSED] - Keys 'DOWN + ' sent to object: 'Object Repository/Objects.HighlightElements/input_field_index'

2020-06-02 09:20:39 - [TEST_STEP][PASSED] - sendKeys(NewInputNmField, Keys.chord(ARROW_DOWN)): Keys 'DOWN + ' sent to object: 'Object Repository/Objects.HighlightElements/input_field_index'

2020-06-02 09:20:39 - [MESSAGE][PASSED] - Keys 'DOWN + ' sent to object: 'Object Repository/Objects.HighlightElements/input_field_index'

2020-06-02 09:20:39 - [TEST_STEP][PASSED] - delay(DelayTime): Delayed 0 second(s)

2020-06-02 09:20:39 - [MESSAGE][PASSED] - Delayed 0 second(s)

2020-06-02 09:20:39 - [TEST_STEP][PASSED] - sendKeys(NewInputNmField, Keys.chord(ENTER)): Keys 'ENTER + ' sent to object: 'Object Repository/Objects.HighlightElements/input_field_index'

2020-06-02 09:20:39 - [MESSAGE][PASSED] - Keys 'ENTER + ' sent to object: 'Object Repository/Objects.HighlightElements/input_field_index'

2020-06-02 09:20:39 - [TEST_STEP][PASSED] - ComboBoxValue = getAttribute(NewInputNmField, "value"): Attribute 'value' of object 'Object Repository/Objects.HighlightElements/input_field_index' is: 'Kaliannan Thanabal (KALIANN)'

2020-06-02 09:20:39 - [MESSAGE][PASSED] - Attribute 'value' of object 'Object Repository/Objects.HighlightElements/input_field_index' is: 'Kaliannan Thanabal (KALIANN)'

2020-06-02 09:20:39 - [TEST_STEP][PASSED] - callTestCase(findTestCase(CallTCName), ["FindValue":ComboBoxValue, "DropdownNm":comboNm], STOP_ON_FAILURE): Call Test Case 'Test Cases/PFI Precision and Scale/HashMap Tables/OfficerLists' successfully

2020-06-02 09:20:39 - [TEST_CASE][PASSED] - Test Cases/PFI Precision and Scale/HashMap Tables/OfficerLists: Test Cases/PFI Precision and Scale/HashMap Tables/OfficerLists

2020-06-02 09:20:39 - [TEST_STEP][PASSED] - Thread.sleep(1000): null

2020-06-02 09:20:40 - [TEST_STEP][PASSED] - OfficerLists = [1:"Aaron Sham Wai Lun (AARON)", 2:"Azidah Bte Akmad (Mdm) (USAABD)", 3:"Chung Fong Nyen (USACFN)", 4:"David Tey Dah Wei (DAHWEI)", ... ]: null

2020-06-02 09:20:40 - [TEST_STEP][PASSED] - ValueFound = OfficerLists.find({ -> ... }): null

2020-06-02 09:20:40 - [MESSAGE][PASSED] - Call Test Case 'Test Cases/PFI Precision and Scale/HashMap Tables/OfficerLists' successfully

2020-06-02 09:20:40 - [TEST_STEP][PASSED] - println(ValueFound): null

2020-06-02 09:20:40 - [TEST_STEP][PASSED] - sendKeys(NewInputNmField, Keys.chord(ARROW_DOWN)): Keys 'DOWN + ' sent to object: 'Object Repository/Objects.HighlightElements/input_field_index'

2020-06-02 09:20:40 - [MESSAGE][PASSED] - Keys 'DOWN + ' sent to object: 'Object Repository/Objects.HighlightElements/input_field_index'

2020-06-02 09:20:40 - [TEST_STEP][PASSED] - sendKeys(NewInputNmField, Keys.chord(ARROW_DOWN)): Keys 'DOWN + ' sent to object: 'Object Repository/Objects.HighlightElements/input_field_index'

2020-06-02 09:20:40 - [MESSAGE][PASSED] - Keys 'DOWN + ' sent to object: 'Object Repository/Objects.HighlightElements/input_field_index'

2020-06-02 09:20:40 - [TEST_STEP][PASSED] - delay(DelayTime): Delayed 0 second(s)

2020-06-02 09:20:40 - [MESSAGE][PASSED] - Delayed 0 second(s)

2020-06-02 09:20:40 - [TEST_STEP][PASSED] - sendKeys(NewInputNmField, Keys.chord(ENTER)): Keys 'ENTER + ' sent to object: 'Object Repository/Objects.HighlightElements/input_field_index'

2020-06-02 09:20:40 - [MESSAGE][PASSED] - Keys 'ENTER + ' sent to object: 'Object Repository/Objects.HighlightElements/input_field_index'

2020-06-02 09:20:40 - [TEST_STEP][PASSED] - ComboBoxValue = getAttribute(NewInputNmField, "value"): Attribute 'value' of object 'Object Repository/Objects.HighlightElements/input_field_index' is: 'Kelvin Phua Meng Thong (MENGTHONG)'

2020-06-02 09:20:40 - [MESSAGE][PASSED] - Attribute 'value' of object 'Object Repository/Objects.HighlightElements/input_field_index' is: 'Kelvin Phua Meng Thong (MENGTHONG)'

2020-06-02 09:20:40 - [TEST_STEP][PASSED] - callTestCase(findTestCase(CallTCName), ["FindValue":ComboBoxValue, "DropdownNm":comboNm], STOP_ON_FAILURE): Call Test Case 'Test Cases/PFI Precision and Scale/HashMap Tables/OfficerLists' successfully

2020-06-02 09:20:40 - [TEST_CASE][PASSED] - Test Cases/PFI Precision and Scale/HashMap Tables/OfficerLists: Test Cases/PFI Precision and Scale/HashMap Tables/OfficerLists

2020-06-02 09:20:40 - [TEST_STEP][PASSED] - Thread.sleep(1000): null

2020-06-02 09:20:41 - [TEST_STEP][PASSED] - OfficerLists = [1:"Aaron Sham Wai Lun (AARON)", 2:"Azidah Bte Akmad (Mdm) (USAABD)", 3:"Chung Fong Nyen (USACFN)", 4:"David Tey Dah Wei (DAHWEI)", ... ]: null

2020-06-02 09:20:41 - [TEST_STEP][PASSED] - ValueFound = OfficerLists.find({ -> ... }): null

2020-06-02 09:20:41 - [MESSAGE][PASSED] - Call Test Case 'Test Cases/PFI Precision and Scale/HashMap Tables/OfficerLists' successfully

2020-06-02 09:20:41 - [TEST_STEP][PASSED] - println(ValueFound): null

2020-06-02 09:20:41 - [TEST_STEP][PASSED] - sendKeys(NewInputNmField, Keys.chord(ARROW_DOWN)): Keys 'DOWN + ' sent to object: 'Object Repository/Objects.HighlightElements/input_field_index'

2020-06-02 09:20:41 - [MESSAGE][PASSED] - Keys 'DOWN + ' sent to object: 'Object Repository/Objects.HighlightElements/input_field_index'

2020-06-02 09:20:41 - [TEST_STEP][PASSED] - sendKeys(NewInputNmField, Keys.chord(ARROW_DOWN)): Keys 'DOWN + ' sent to object: 'Object Repository/Objects.HighlightElements/input_field_index'

2020-06-02 09:20:41 - [MESSAGE][PASSED] - Keys 'DOWN + ' sent to object: 'Object Repository/Objects.HighlightElements/input_field_index'

2020-06-02 09:20:41 - [TEST_STEP][PASSED] - delay(DelayTime): Delayed 0 second(s)

2020-06-02 09:20:41 - [MESSAGE][PASSED] - Delayed 0 second(s)

2020-06-02 09:20:41 - [TEST_STEP][PASSED] - sendKeys(NewInputNmField, Keys.chord(ENTER)): Keys 'ENTER + ' sent to object: 'Object Repository/Objects.HighlightElements/input_field_index'

2020-06-02 09:20:41 - [MESSAGE][PASSED] - Keys 'ENTER + ' sent to object: 'Object Repository/Objects.HighlightElements/input_field_index'

2020-06-02 09:20:41 - [TEST_STEP][PASSED] - ComboBoxValue = getAttribute(NewInputNmField, "value"): Attribute 'value' of object 'Object Repository/Objects.HighlightElements/input_field_index' is: 'Lee Kok Tien (USAKTL)'

2020-06-02 09:20:41 - [MESSAGE][PASSED] - Attribute 'value' of object 'Object Repository/Objects.HighlightElements/input_field_index' is: 'Lee Kok Tien (USAKTL)'

2020-06-02 09:20:41 - [TEST_STEP][PASSED] - callTestCase(findTestCase(CallTCName), ["FindValue":ComboBoxValue, "DropdownNm":comboNm], STOP_ON_FAILURE): Call Test Case 'Test Cases/PFI Precision and Scale/HashMap Tables/OfficerLists' successfully

2020-06-02 09:20:41 - [TEST_CASE][PASSED] - Test Cases/PFI Precision and Scale/HashMap Tables/OfficerLists: Test Cases/PFI Precision and Scale/HashMap Tables/OfficerLists

2020-06-02 09:20:41 - [TEST_STEP][PASSED] - Thread.sleep(1000): null

2020-06-02 09:20:42 - [TEST_STEP][PASSED] - OfficerLists = [1:"Aaron Sham Wai Lun (AARON)", 2:"Azidah Bte Akmad (Mdm) (USAABD)", 3:"Chung Fong Nyen (USACFN)", 4:"David Tey Dah Wei (DAHWEI)", ... ]: null

2020-06-02 09:20:42 - [TEST_STEP][PASSED] - ValueFound = OfficerLists.find({ -> ... }): null

2020-06-02 09:20:42 - [MESSAGE][PASSED] - Call Test Case 'Test Cases/PFI Precision and Scale/HashMap Tables/OfficerLists' successfully

2020-06-02 09:20:42 - [TEST_STEP][PASSED] - println(ValueFound): null

2020-06-02 09:20:42 - [TEST_STEP][PASSED] - sendKeys(NewInputNmField, Keys.chord(ARROW_DOWN)): Keys 'DOWN + ' sent to object: 'Object Repository/Objects.HighlightElements/input_field_index'

2020-06-02 09:20:43 - [MESSAGE][PASSED] - Keys 'DOWN + ' sent to object: 'Object Repository/Objects.HighlightElements/input_field_index'

2020-06-02 09:20:43 - [TEST_STEP][PASSED] - sendKeys(NewInputNmField, Keys.chord(ARROW_DOWN)): Keys 'DOWN + ' sent to object: 'Object Repository/Objects.HighlightElements/input_field_index'

2020-06-02 09:20:43 - [MESSAGE][PASSED] - Keys 'DOWN + ' sent to object: 'Object Repository/Objects.HighlightElements/input_field_index'

2020-06-02 09:20:43 - [TEST_STEP][PASSED] - delay(DelayTime): Delayed 0 second(s)

2020-06-02 09:20:43 - [MESSAGE][PASSED] - Delayed 0 second(s)

2020-06-02 09:20:43 - [TEST_STEP][PASSED] - sendKeys(NewInputNmField, Keys.chord(ENTER)): Keys 'ENTER + ' sent to object: 'Object Repository/Objects.HighlightElements/input_field_index'

2020-06-02 09:20:43 - [MESSAGE][PASSED] - Keys 'ENTER + ' sent to object: 'Object Repository/Objects.HighlightElements/input_field_index'

2020-06-02 09:20:43 - [TEST_STEP][PASSED] - ComboBoxValue = getAttribute(NewInputNmField, "value"): Attribute 'value' of object 'Object Repository/Objects.HighlightElements/input_field_index' is: 'Lim Beng Kwee (BENGKWEE)'

2020-06-02 09:20:43 - [MESSAGE][PASSED] - Attribute 'value' of object 'Object Repository/Objects.HighlightElements/input_field_index' is: 'Lim Beng Kwee (BENGKWEE)'

2020-06-02 09:20:43 - [TEST_STEP][PASSED] - callTestCase(findTestCase(CallTCName), ["FindValue":ComboBoxValue, "DropdownNm":comboNm], STOP_ON_FAILURE): Call Test Case 'Test Cases/PFI Precision and Scale/HashMap Tables/OfficerLists' successfully

2020-06-02 09:20:43 - [TEST_CASE][PASSED] - Test Cases/PFI Precision and Scale/HashMap Tables/OfficerLists: Test Cases/PFI Precision and Scale/HashMap Tables/OfficerLists

2020-06-02 09:20:43 - [TEST_STEP][PASSED] - Thread.sleep(1000): null

2020-06-02 09:20:44 - [TEST_STEP][PASSED] - OfficerLists = [1:"Aaron Sham Wai Lun (AARON)", 2:"Azidah Bte Akmad (Mdm) (USAABD)", 3:"Chung Fong Nyen (USACFN)", 4:"David Tey Dah Wei (DAHWEI)", ... ]: null

2020-06-02 09:20:44 - [TEST_STEP][PASSED] - ValueFound = OfficerLists.find({ -> ... }): null

2020-06-02 09:20:44 - [MESSAGE][PASSED] - Call Test Case 'Test Cases/PFI Precision and Scale/HashMap Tables/OfficerLists' successfully

2020-06-02 09:20:44 - [TEST_STEP][PASSED] - println(ValueFound): null

2020-06-02 09:20:44 - [TEST_STEP][PASSED] - sendKeys(NewInputNmField, Keys.chord(ARROW_DOWN)): Keys 'DOWN + ' sent to object: 'Object Repository/Objects.HighlightElements/input_field_index'

2020-06-02 09:20:44 - [MESSAGE][PASSED] - Keys 'DOWN + ' sent to object: 'Object Repository/Objects.HighlightElements/input_field_index'

2020-06-02 09:20:44 - [TEST_STEP][PASSED] - sendKeys(NewInputNmField, Keys.chord(ARROW_DOWN)): Keys 'DOWN + ' sent to object: 'Object Repository/Objects.HighlightElements/input_field_index'

2020-06-02 09:20:44 - [MESSAGE][PASSED] - Keys 'DOWN + ' sent to object: 'Object Repository/Objects.HighlightElements/input_field_index'

2020-06-02 09:20:44 - [TEST_STEP][PASSED] - delay(DelayTime): Delayed 0 second(s)

2020-06-02 09:20:44 - [MESSAGE][PASSED] - Delayed 0 second(s)

2020-06-02 09:20:44 - [TEST_STEP][PASSED] - sendKeys(NewInputNmField, Keys.chord(ENTER)): Keys 'ENTER + ' sent to object: 'Object Repository/Objects.HighlightElements/input_field_index'

2020-06-02 09:20:44 - [MESSAGE][PASSED] - Keys 'ENTER + ' sent to object: 'Object Repository/Objects.HighlightElements/input_field_index'

2020-06-02 09:20:44 - [TEST_STEP][PASSED] - ComboBoxValue = getAttribute(NewInputNmField, "value"): Attribute 'value' of object 'Object Repository/Objects.HighlightElements/input_field_index' is: 'Lim Leng Boon (LENGBOON)'

2020-06-02 09:20:44 - [MESSAGE][PASSED] - Attribute 'value' of object 'Object Repository/Objects.HighlightElements/input_field_index' is: 'Lim Leng Boon (LENGBOON)'

2020-06-02 09:20:44 - [TEST_STEP][PASSED] - callTestCase(findTestCase(CallTCName), ["FindValue":ComboBoxValue, "DropdownNm":comboNm], STOP_ON_FAILURE): Call Test Case 'Test Cases/PFI Precision and Scale/HashMap Tables/OfficerLists' successfully

2020-06-02 09:20:44 - [TEST_CASE][PASSED] - Test Cases/PFI Precision and Scale/HashMap Tables/OfficerLists: Test Cases/PFI Precision and Scale/HashMap Tables/OfficerLists

2020-06-02 09:20:44 - [TEST_STEP][PASSED] - Thread.sleep(1000): null

2020-06-02 09:20:45 - [TEST_STEP][PASSED] - OfficerLists = [1:"Aaron Sham Wai Lun (AARON)", 2:"Azidah Bte Akmad (Mdm) (USAABD)", 3:"Chung Fong Nyen (USACFN)", 4:"David Tey Dah Wei (DAHWEI)", ... ]: null

2020-06-02 09:20:45 - [TEST_STEP][PASSED] - ValueFound = OfficerLists.find({ -> ... }): null

2020-06-02 09:20:45 - [MESSAGE][PASSED] - Call Test Case 'Test Cases/PFI Precision and Scale/HashMap Tables/OfficerLists' successfully

2020-06-02 09:20:45 - [TEST_STEP][PASSED] - println(ValueFound): null

2020-06-02 09:20:45 - [TEST_STEP][PASSED] - sendKeys(NewInputNmField, Keys.chord(ARROW_DOWN)): Keys 'DOWN + ' sent to object: 'Object Repository/Objects.HighlightElements/input_field_index'

2020-06-02 09:20:45 - [MESSAGE][PASSED] - Keys 'DOWN + ' sent to object: 'Object Repository/Objects.HighlightElements/input_field_index'

2020-06-02 09:20:45 - [TEST_STEP][PASSED] - sendKeys(NewInputNmField, Keys.chord(ARROW_DOWN)): Keys 'DOWN + ' sent to object: 'Object Repository/Objects.HighlightElements/input_field_index'

2020-06-02 09:20:45 - [MESSAGE][PASSED] - Keys 'DOWN + ' sent to object: 'Object Repository/Objects.HighlightElements/input_field_index'

2020-06-02 09:20:45 - [TEST_STEP][PASSED] - delay(DelayTime): Delayed 0 second(s)

2020-06-02 09:20:45 - [MESSAGE][PASSED] - Delayed 0 second(s)

2020-06-02 09:20:45 - [TEST_STEP][PASSED] - sendKeys(NewInputNmField, Keys.chord(ENTER)): Keys 'ENTER + ' sent to object: 'Object Repository/Objects.HighlightElements/input_field_index'

2020-06-02 09:20:45 - [MESSAGE][PASSED] - Keys 'ENTER + ' sent to object: 'Object Repository/Objects.HighlightElements/input_field_index'

2020-06-02 09:20:45 - [TEST_STEP][PASSED] - ComboBoxValue = getAttribute(NewInputNmField, "value"): Attribute 'value' of object 'Object Repository/Objects.HighlightElements/input_field_index' is: 'Liu Xiaopeng (XIAOPENG)'

2020-06-02 09:20:45 - [MESSAGE][PASSED] - Attribute 'value' of object 'Object Repository/Objects.HighlightElements/input_field_index' is: 'Liu Xiaopeng (XIAOPENG)'

2020-06-02 09:20:45 - [TEST_STEP][PASSED] - callTestCase(findTestCase(CallTCName), ["FindValue":ComboBoxValue, "DropdownNm":comboNm], STOP_ON_FAILURE): Call Test Case 'Test Cases/PFI Precision and Scale/HashMap Tables/OfficerLists' successfully

2020-06-02 09:20:45 - [TEST_CASE][PASSED] - Test Cases/PFI Precision and Scale/HashMap Tables/OfficerLists: Test Cases/PFI Precision and Scale/HashMap Tables/OfficerLists

2020-06-02 09:20:45 - [TEST_STEP][PASSED] - Thread.sleep(1000): null

2020-06-02 09:20:46 - [TEST_STEP][PASSED] - OfficerLists = [1:"Aaron Sham Wai Lun (AARON)", 2:"Azidah Bte Akmad (Mdm) (USAABD)", 3:"Chung Fong Nyen (USACFN)", 4:"David Tey Dah Wei (DAHWEI)", ... ]: null

2020-06-02 09:20:46 - [TEST_STEP][PASSED] - ValueFound = OfficerLists.find({ -> ... }): null

2020-06-02 09:20:46 - [MESSAGE][PASSED] - Call Test Case 'Test Cases/PFI Precision and Scale/HashMap Tables/OfficerLists' successfully

2020-06-02 09:20:46 - [TEST_STEP][PASSED] - println(ValueFound): null

2020-06-02 09:20:46 - [TEST_STEP][PASSED] - sendKeys(NewInputNmField, Keys.chord(ARROW_DOWN)): Keys 'DOWN + ' sent to object: 'Object Repository/Objects.HighlightElements/input_field_index'

2020-06-02 09:20:46 - [MESSAGE][PASSED] - Keys 'DOWN + ' sent to object: 'Object Repository/Objects.HighlightElements/input_field_index'

2020-06-02 09:20:46 - [TEST_STEP][PASSED] - sendKeys(NewInputNmField, Keys.chord(ARROW_DOWN)): Keys 'DOWN + ' sent to object: 'Object Repository/Objects.HighlightElements/input_field_index'

2020-06-02 09:20:46 - [MESSAGE][PASSED] - Keys 'DOWN + ' sent to object: 'Object Repository/Objects.HighlightElements/input_field_index'

2020-06-02 09:20:46 - [TEST_STEP][PASSED] - delay(DelayTime): Delayed 0 second(s)

2020-06-02 09:20:46 - [MESSAGE][PASSED] - Delayed 0 second(s)

2020-06-02 09:20:46 - [TEST_STEP][PASSED] - sendKeys(NewInputNmField, Keys.chord(ENTER)): Keys 'ENTER + ' sent to object: 'Object Repository/Objects.HighlightElements/input_field_index'

2020-06-02 09:20:46 - [MESSAGE][PASSED] - Keys 'ENTER + ' sent to object: 'Object Repository/Objects.HighlightElements/input_field_index'

2020-06-02 09:20:46 - [TEST_STEP][PASSED] - ComboBoxValue = getAttribute(NewInputNmField, "value"): Attribute 'value' of object 'Object Repository/Objects.HighlightElements/input_field_index' is: 'Lu Ji Ju (Mdm) (USALJJ)'

2020-06-02 09:20:46 - [MESSAGE][PASSED] - Attribute 'value' of object 'Object Repository/Objects.HighlightElements/input_field_index' is: 'Lu Ji Ju (Mdm) (USALJJ)'

2020-06-02 09:20:46 - [TEST_STEP][PASSED] - callTestCase(findTestCase(CallTCName), ["FindValue":ComboBoxValue, "DropdownNm":comboNm], STOP_ON_FAILURE): Call Test Case 'Test Cases/PFI Precision and Scale/HashMap Tables/OfficerLists' successfully

2020-06-02 09:20:46 - [TEST_CASE][PASSED] - Test Cases/PFI Precision and Scale/HashMap Tables/OfficerLists: Test Cases/PFI Precision and Scale/HashMap Tables/OfficerLists

2020-06-02 09:20:46 - [TEST_STEP][PASSED] - Thread.sleep(1000): null

2020-06-02 09:20:47 - [TEST_STEP][PASSED] - OfficerLists = [1:"Aaron Sham Wai Lun (AARON)", 2:"Azidah Bte Akmad (Mdm) (USAABD)", 3:"Chung Fong Nyen (USACFN)", 4:"David Tey Dah Wei (DAHWEI)", ... ]: null

2020-06-02 09:20:47 - [TEST_STEP][PASSED] - ValueFound = OfficerLists.find({ -> ... }): null

2020-06-02 09:20:47 - [MESSAGE][PASSED] - Call Test Case 'Test Cases/PFI Precision and Scale/HashMap Tables/OfficerLists' successfully

2020-06-02 09:20:47 - [TEST_STEP][PASSED] - println(ValueFound): null

2020-06-02 09:20:47 - [TEST_STEP][PASSED] - sendKeys(NewInputNmField, Keys.chord(ARROW_DOWN)): Keys 'DOWN + ' sent to object: 'Object Repository/Objects.HighlightElements/input_field_index'

2020-06-02 09:20:48 - [MESSAGE][PASSED] - Keys 'DOWN + ' sent to object: 'Object Repository/Objects.HighlightElements/input_field_index'

2020-06-02 09:20:48 - [TEST_STEP][PASSED] - sendKeys(NewInputNmField, Keys.chord(ARROW_DOWN)): Keys 'DOWN + ' sent to object: 'Object Repository/Objects.HighlightElements/input_field_index'

2020-06-02 09:20:48 - [MESSAGE][PASSED] - Keys 'DOWN + ' sent to object: 'Object Repository/Objects.HighlightElements/input_field_index'

2020-06-02 09:20:48 - [TEST_STEP][PASSED] - delay(DelayTime): Delayed 0 second(s)

2020-06-02 09:20:48 - [MESSAGE][PASSED] - Delayed 0 second(s)

2020-06-02 09:20:48 - [TEST_STEP][PASSED] - sendKeys(NewInputNmField, Keys.chord(ENTER)): Keys 'ENTER + ' sent to object: 'Object Repository/Objects.HighlightElements/input_field_index'

2020-06-02 09:20:48 - [MESSAGE][PASSED] - Keys 'ENTER + ' sent to object: 'Object Repository/Objects.HighlightElements/input_field_index'

2020-06-02 09:20:48 - [TEST_STEP][PASSED] - ComboBoxValue = getAttribute(NewInputNmField, "value"): Attribute 'value' of object 'Object Repository/Objects.HighlightElements/input_field_index' is: 'Mohd Jeffri Bin Abdul Rahim (MOHDJEFFRI)'

2020-06-02 09:20:48 - [MESSAGE][PASSED] - Attribute 'value' of object 'Object Repository/Objects.HighlightElements/input_field_index' is: 'Mohd Jeffri Bin Abdul Rahim (MOHDJEFFRI)'

2020-06-02 09:20:48 - [TEST_STEP][PASSED] - callTestCase(findTestCase(CallTCName), ["FindValue":ComboBoxValue, "DropdownNm":comboNm], STOP_ON_FAILURE): Call Test Case 'Test Cases/PFI Precision and Scale/HashMap Tables/OfficerLists' successfully

2020-06-02 09:20:48 - [TEST_CASE][PASSED] - Test Cases/PFI Precision and Scale/HashMap Tables/OfficerLists: Test Cases/PFI Precision and Scale/HashMap Tables/OfficerLists

2020-06-02 09:20:48 - [TEST_STEP][PASSED] - Thread.sleep(1000): null

2020-06-02 09:20:49 - [TEST_STEP][PASSED] - OfficerLists = [1:"Aaron Sham Wai Lun (AARON)", 2:"Azidah Bte Akmad (Mdm) (USAABD)", 3:"Chung Fong Nyen (USACFN)", 4:"David Tey Dah Wei (DAHWEI)", ... ]: null

2020-06-02 09:20:49 - [TEST_STEP][PASSED] - ValueFound = OfficerLists.find({ -> ... }): null

2020-06-02 09:20:49 - [MESSAGE][PASSED] - Call Test Case 'Test Cases/PFI Precision and Scale/HashMap Tables/OfficerLists' successfully

2020-06-02 09:20:49 - [TEST_STEP][PASSED] - println(ValueFound): null

2020-06-02 09:20:49 - [TEST_STEP][PASSED] - sendKeys(NewInputNmField, Keys.chord(ARROW_DOWN)): Keys 'DOWN + ' sent to object: 'Object Repository/Objects.HighlightElements/input_field_index'

2020-06-02 09:20:49 - [MESSAGE][PASSED] - Keys 'DOWN + ' sent to object: 'Object Repository/Objects.HighlightElements/input_field_index'

2020-06-02 09:20:49 - [TEST_STEP][PASSED] - sendKeys(NewInputNmField, Keys.chord(ARROW_DOWN)): Keys 'DOWN + ' sent to object: 'Object Repository/Objects.HighlightElements/input_field_index'

2020-06-02 09:20:49 - [MESSAGE][PASSED] - Keys 'DOWN + ' sent to object: 'Object Repository/Objects.HighlightElements/input_field_index'

2020-06-02 09:20:49 - [TEST_STEP][PASSED] - delay(DelayTime): Delayed 0 second(s)

2020-06-02 09:20:49 - [MESSAGE][PASSED] - Delayed 0 second(s)

2020-06-02 09:20:49 - [TEST_STEP][PASSED] - sendKeys(NewInputNmField, Keys.chord(ENTER)): Keys 'ENTER + ' sent to object: 'Object Repository/Objects.HighlightElements/input_field_index'

2020-06-02 09:20:49 - [MESSAGE][PASSED] - Keys 'ENTER + ' sent to object: 'Object Repository/Objects.HighlightElements/input_field_index'

2020-06-02 09:20:49 - [TEST_STEP][PASSED] - ComboBoxValue = getAttribute(NewInputNmField, "value"): Attribute 'value' of object 'Object Repository/Objects.HighlightElements/input_field_index' is: 'Richard Lim Fang Ping (FANGPING)'

2020-06-02 09:20:49 - [MESSAGE][PASSED] - Attribute 'value' of object 'Object Repository/Objects.HighlightElements/input_field_index' is: 'Richard Lim Fang Ping (FANGPING)'

2020-06-02 09:20:49 - [TEST_STEP][PASSED] - callTestCase(findTestCase(CallTCName), ["FindValue":ComboBoxValue, "DropdownNm":comboNm], STOP_ON_FAILURE): Call Test Case 'Test Cases/PFI Precision and Scale/HashMap Tables/OfficerLists' successfully

2020-06-02 09:20:49 - [TEST_CASE][PASSED] - Test Cases/PFI Precision and Scale/HashMap Tables/OfficerLists: Test Cases/PFI Precision and Scale/HashMap Tables/OfficerLists

2020-06-02 09:20:49 - [TEST_STEP][PASSED] - Thread.sleep(1000): null

2020-06-02 09:20:50 - [TEST_STEP][PASSED] - OfficerLists = [1:"Aaron Sham Wai Lun (AARON)", 2:"Azidah Bte Akmad (Mdm) (USAABD)", 3:"Chung Fong Nyen (USACFN)", 4:"David Tey Dah Wei (DAHWEI)", ... ]: null

2020-06-02 09:20:50 - [TEST_STEP][PASSED] - ValueFound = OfficerLists.find({ -> ... }): null

2020-06-02 09:20:50 - [MESSAGE][PASSED] - Call Test Case 'Test Cases/PFI Precision and Scale/HashMap Tables/OfficerLists' successfully

2020-06-02 09:20:50 - [TEST_STEP][PASSED] - println(ValueFound): null

2020-06-02 09:20:50 - [TEST_STEP][PASSED] - sendKeys(NewInputNmField, Keys.chord(ARROW_DOWN)): Keys 'DOWN + ' sent to object: 'Object Repository/Objects.HighlightElements/input_field_index'

2020-06-02 09:20:50 - [MESSAGE][PASSED] - Keys 'DOWN + ' sent to object: 'Object Repository/Objects.HighlightElements/input_field_index'

2020-06-02 09:20:50 - [TEST_STEP][PASSED] - sendKeys(NewInputNmField, Keys.chord(ARROW_DOWN)): Keys 'DOWN + ' sent to object: 'Object Repository/Objects.HighlightElements/input_field_index'

2020-06-02 09:20:50 - [MESSAGE][PASSED] - Keys 'DOWN + ' sent to object: 'Object Repository/Objects.HighlightElements/input_field_index'

2020-06-02 09:20:50 - [TEST_STEP][PASSED] - delay(DelayTime): Delayed 0 second(s)

2020-06-02 09:20:50 - [MESSAGE][PASSED] - Delayed 0 second(s)

2020-06-02 09:20:50 - [TEST_STEP][PASSED] - sendKeys(NewInputNmField, Keys.chord(ENTER)): Keys 'ENTER + ' sent to object: 'Object Repository/Objects.HighlightElements/input_field_index'

2020-06-02 09:20:50 - [MESSAGE][PASSED] - Keys 'ENTER + ' sent to object: 'Object Repository/Objects.HighlightElements/input_field_index'

2020-06-02 09:20:50 - [TEST_STEP][PASSED] - ComboBoxValue = getAttribute(NewInputNmField, "value"): Attribute 'value' of object 'Object Repository/Objects.HighlightElements/input_field_index' is: 'RITA WONG SIONG ING (RITAWONG)'

2020-06-02 09:20:50 - [MESSAGE][PASSED] - Attribute 'value' of object 'Object Repository/Objects.HighlightElements/input_field_index' is: 'RITA WONG SIONG ING (RITAWONG)'

2020-06-02 09:20:50 - [TEST_STEP][PASSED] - callTestCase(findTestCase(CallTCName), ["FindValue":ComboBoxValue, "DropdownNm":comboNm], STOP_ON_FAILURE): Call Test Case 'Test Cases/PFI Precision and Scale/HashMap Tables/OfficerLists' successfully

2020-06-02 09:20:50 - [TEST_CASE][PASSED] - Test Cases/PFI Precision and Scale/HashMap Tables/OfficerLists: Test Cases/PFI Precision and Scale/HashMap Tables/OfficerLists

2020-06-02 09:20:50 - [TEST_STEP][PASSED] - Thread.sleep(1000): null

2020-06-02 09:20:51 - [TEST_STEP][PASSED] - OfficerLists = [1:"Aaron Sham Wai Lun (AARON)", 2:"Azidah Bte Akmad (Mdm) (USAABD)", 3:"Chung Fong Nyen (USACFN)", 4:"David Tey Dah Wei (DAHWEI)", ... ]: null

2020-06-02 09:20:51 - [TEST_STEP][PASSED] - ValueFound = OfficerLists.find({ -> ... }): null

2020-06-02 09:20:51 - [MESSAGE][PASSED] - Call Test Case 'Test Cases/PFI Precision and Scale/HashMap Tables/OfficerLists' successfully

2020-06-02 09:20:51 - [TEST_STEP][PASSED] - println(ValueFound): null

2020-06-02 09:20:51 - [TEST_STEP][PASSED] - sendKeys(NewInputNmField, Keys.chord(ARROW_DOWN)): Keys 'DOWN + ' sent to object: 'Object Repository/Objects.HighlightElements/input_field_index'

2020-06-02 09:20:51 - [MESSAGE][PASSED] - Keys 'DOWN + ' sent to object: 'Object Repository/Objects.HighlightElements/input_field_index'

2020-06-02 09:20:51 - [TEST_STEP][PASSED] - sendKeys(NewInputNmField, Keys.chord(ARROW_DOWN)): Keys 'DOWN + ' sent to object: 'Object Repository/Objects.HighlightElements/input_field_index'

2020-06-02 09:20:51 - [MESSAGE][PASSED] - Keys 'DOWN + ' sent to object: 'Object Repository/Objects.HighlightElements/input_field_index'

2020-06-02 09:20:51 - [TEST_STEP][PASSED] - delay(DelayTime): Delayed 0 second(s)

2020-06-02 09:20:51 - [MESSAGE][PASSED] - Delayed 0 second(s)

2020-06-02 09:20:51 - [TEST_STEP][PASSED] - sendKeys(NewInputNmField, Keys.chord(ENTER)): Keys 'ENTER + ' sent to object: 'Object Repository/Objects.HighlightElements/input_field_index'

2020-06-02 09:20:51 - [MESSAGE][PASSED] - Keys 'ENTER + ' sent to object: 'Object Repository/Objects.HighlightElements/input_field_index'

2020-06-02 09:20:51 - [TEST_STEP][PASSED] - ComboBoxValue = getAttribute(NewInputNmField, "value"): Attribute 'value' of object 'Object Repository/Objects.HighlightElements/input_field_index' is: 'Shi Hong Wei (HONGWEI)'

2020-06-02 09:20:51 - [MESSAGE][PASSED] - Attribute 'value' of object 'Object Repository/Objects.HighlightElements/input_field_index' is: 'Shi Hong Wei (HONGWEI)'

2020-06-02 09:20:51 - [TEST_STEP][PASSED] - callTestCase(findTestCase(CallTCName), ["FindValue":ComboBoxValue, "DropdownNm":comboNm], STOP_ON_FAILURE): Call Test Case 'Test Cases/PFI Precision and Scale/HashMap Tables/OfficerLists' successfully

2020-06-02 09:20:52 - [TEST_CASE][PASSED] - Test Cases/PFI Precision and Scale/HashMap Tables/OfficerLists: Test Cases/PFI Precision and Scale/HashMap Tables/OfficerLists

2020-06-02 09:20:52 - [TEST_STEP][PASSED] - Thread.sleep(1000): null

2020-06-02 09:20:53 - [TEST_STEP][PASSED] - OfficerLists = [1:"Aaron Sham Wai Lun (AARON)", 2:"Azidah Bte Akmad (Mdm) (USAABD)", 3:"Chung Fong Nyen (USACFN)", 4:"David Tey Dah Wei (DAHWEI)", ... ]: null

2020-06-02 09:20:53 - [TEST_STEP][PASSED] - ValueFound = OfficerLists.find({ -> ... }): null

2020-06-02 09:20:53 - [MESSAGE][PASSED] - Call Test Case 'Test Cases/PFI Precision and Scale/HashMap Tables/OfficerLists' successfully

2020-06-02 09:20:53 - [TEST_STEP][PASSED] - println(ValueFound): null

2020-06-02 09:20:53 - [TEST_STEP][PASSED] - sendKeys(NewInputNmField, Keys.chord(ARROW_DOWN)): Keys 'DOWN + ' sent to object: 'Object Repository/Objects.HighlightElements/input_field_index'

2020-06-02 09:20:53 - [MESSAGE][PASSED] - Keys 'DOWN + ' sent to object: 'Object Repository/Objects.HighlightElements/input_field_index'

2020-06-02 09:20:53 - [TEST_STEP][PASSED] - sendKeys(NewInputNmField, Keys.chord(ARROW_DOWN)): Keys 'DOWN + ' sent to object: 'Object Repository/Objects.HighlightElements/input_field_index'

2020-06-02 09:20:53 - [MESSAGE][PASSED] - Keys 'DOWN + ' sent to object: 'Object Repository/Objects.HighlightElements/input_field_index'

2020-06-02 09:20:53 - [TEST_STEP][PASSED] - delay(DelayTime): Delayed 0 second(s)

2020-06-02 09:20:53 - [MESSAGE][PASSED] - Delayed 0 second(s)

2020-06-02 09:20:53 - [TEST_STEP][PASSED] - sendKeys(NewInputNmField, Keys.chord(ENTER)): Keys 'ENTER + ' sent to object: 'Object Repository/Objects.HighlightElements/input_field_index'

2020-06-02 09:20:53 - [MESSAGE][PASSED] - Keys 'ENTER + ' sent to object: 'Object Repository/Objects.HighlightElements/input_field_index'

2020-06-02 09:20:53 - [TEST_STEP][PASSED] - ComboBoxValue = getAttribute(NewInputNmField, "value"): Attribute 'value' of object 'Object Repository/Objects.HighlightElements/input_field_index' is: 'Tan Jing Ying (JINGYING)'

2020-06-02 09:20:53 - [MESSAGE][PASSED] - Attribute 'value' of object 'Object Repository/Objects.HighlightElements/input_field_index' is: 'Tan Jing Ying (JINGYING)'

2020-06-02 09:20:53 - [TEST_STEP][PASSED] - callTestCase(findTestCase(CallTCName), ["FindValue":ComboBoxValue, "DropdownNm":comboNm], STOP_ON_FAILURE): Call Test Case 'Test Cases/PFI Precision and Scale/HashMap Tables/OfficerLists' successfully

2020-06-02 09:20:53 - [TEST_CASE][PASSED] - Test Cases/PFI Precision and Scale/HashMap Tables/OfficerLists: Test Cases/PFI Precision and Scale/HashMap Tables/OfficerLists

2020-06-02 09:20:53 - [TEST_STEP][PASSED] - Thread.sleep(1000): null

2020-06-02 09:20:54 - [TEST_STEP][PASSED] - OfficerLists = [1:"Aaron Sham Wai Lun (AARON)", 2:"Azidah Bte Akmad (Mdm) (USAABD)", 3:"Chung Fong Nyen (USACFN)", 4:"David Tey Dah Wei (DAHWEI)", ... ]: null

2020-06-02 09:20:54 - [TEST_STEP][PASSED] - ValueFound = OfficerLists.find({ -> ... }): null

2020-06-02 09:20:54 - [MESSAGE][PASSED] - Call Test Case 'Test Cases/PFI Precision and Scale/HashMap Tables/OfficerLists' successfully

2020-06-02 09:20:54 - [TEST_STEP][PASSED] - println(ValueFound): null

2020-06-02 09:20:54 - [TEST_STEP][PASSED] - sendKeys(NewInputNmField, Keys.chord(ARROW_DOWN)): Keys 'DOWN + ' sent to object: 'Object Repository/Objects.HighlightElements/input_field_index'

2020-06-02 09:20:54 - [MESSAGE][PASSED] - Keys 'DOWN + ' sent to object: 'Object Repository/Objects.HighlightElements/input_field_index'

2020-06-02 09:20:54 - [TEST_STEP][PASSED] - sendKeys(NewInputNmField, Keys.chord(ARROW_DOWN)): Keys 'DOWN + ' sent to object: 'Object Repository/Objects.HighlightElements/input_field_index'

2020-06-02 09:20:54 - [MESSAGE][PASSED] - Keys 'DOWN + ' sent to object: 'Object Repository/Objects.HighlightElements/input_field_index'

2020-06-02 09:20:54 - [TEST_STEP][PASSED] - delay(DelayTime): Delayed 0 second(s)

2020-06-02 09:20:54 - [MESSAGE][PASSED] - Delayed 0 second(s)

2020-06-02 09:20:54 - [TEST_STEP][PASSED] - sendKeys(NewInputNmField, Keys.chord(ENTER)): Keys 'ENTER + ' sent to object: 'Object Repository/Objects.HighlightElements/input_field_index'

2020-06-02 09:20:54 - [MESSAGE][PASSED] - Keys 'ENTER + ' sent to object: 'Object Repository/Objects.HighlightElements/input_field_index'

2020-06-02 09:20:54 - [TEST_STEP][PASSED] - ComboBoxValue = getAttribute(NewInputNmField, "value"): Attribute 'value' of object 'Object Repository/Objects.HighlightElements/input_field_index' is: 'Tan Kwan Joo (KWANJOO)'

2020-06-02 09:20:54 - [MESSAGE][PASSED] - Attribute 'value' of object 'Object Repository/Objects.HighlightElements/input_field_index' is: 'Tan Kwan Joo (KWANJOO)'

2020-06-02 09:20:54 - [TEST_STEP][PASSED] - callTestCase(findTestCase(CallTCName), ["FindValue":ComboBoxValue, "DropdownNm":comboNm], STOP_ON_FAILURE): Call Test Case 'Test Cases/PFI Precision and Scale/HashMap Tables/OfficerLists' successfully

2020-06-02 09:20:54 - [TEST_CASE][PASSED] - Test Cases/PFI Precision and Scale/HashMap Tables/OfficerLists: Test Cases/PFI Precision and Scale/HashMap Tables/OfficerLists

2020-06-02 09:20:54 - [TEST_STEP][PASSED] - Thread.sleep(1000): null

2020-06-02 09:20:55 - [TEST_STEP][PASSED] - OfficerLists = [1:"Aaron Sham Wai Lun (AARON)", 2:"Azidah Bte Akmad (Mdm) (USAABD)", 3:"Chung Fong Nyen (USACFN)", 4:"David Tey Dah Wei (DAHWEI)", ... ]: null

2020-06-02 09:20:55 - [TEST_STEP][PASSED] - ValueFound = OfficerLists.find({ -> ... }): null

2020-06-02 09:20:55 - [MESSAGE][PASSED] - Call Test Case 'Test Cases/PFI Precision and Scale/HashMap Tables/OfficerLists' successfully

2020-06-02 09:20:55 - [TEST_STEP][PASSED] - println(ValueFound): null

2020-06-02 09:20:55 - [TEST_STEP][PASSED] - sendKeys(NewInputNmField, Keys.chord(ARROW_DOWN)): Keys 'DOWN + ' sent to object: 'Object Repository/Objects.HighlightElements/input_field_index'

2020-06-02 09:20:55 - [MESSAGE][PASSED] - Keys 'DOWN + ' sent to object: 'Object Repository/Objects.HighlightElements/input_field_index'

2020-06-02 09:20:55 - [TEST_STEP][PASSED] - sendKeys(NewInputNmField, Keys.chord(ARROW_DOWN)): Keys 'DOWN + ' sent to object: 'Object Repository/Objects.HighlightElements/input_field_index'

2020-06-02 09:20:55 - [MESSAGE][PASSED] - Keys 'DOWN + ' sent to object: 'Object Repository/Objects.HighlightElements/input_field_index'

2020-06-02 09:20:55 - [TEST_STEP][PASSED] - delay(DelayTime): Delayed 0 second(s)

2020-06-02 09:20:55 - [MESSAGE][PASSED] - Delayed 0 second(s)

2020-06-02 09:20:55 - [TEST_STEP][PASSED] - sendKeys(NewInputNmField, Keys.chord(ENTER)): Keys 'ENTER + ' sent to object: 'Object Repository/Objects.HighlightElements/input_field_index'

2020-06-02 09:20:55 - [MESSAGE][PASSED] - Keys 'ENTER + ' sent to object: 'Object Repository/Objects.HighlightElements/input_field_index'

2020-06-02 09:20:55 - [TEST_STEP][PASSED] - ComboBoxValue = getAttribute(NewInputNmField, "value"): Attribute 'value' of object 'Object Repository/Objects.HighlightElements/input_field_index' is: 'Titus Chua Hwa Ping (TITUS)'

2020-06-02 09:20:55 - [MESSAGE][PASSED] - Attribute 'value' of object 'Object Repository/Objects.HighlightElements/input_field_index' is: 'Titus Chua Hwa Ping (TITUS)'

2020-06-02 09:20:55 - [TEST_STEP][PASSED] - callTestCase(findTestCase(CallTCName), ["FindValue":ComboBoxValue, "DropdownNm":comboNm], STOP_ON_FAILURE): Call Test Case 'Test Cases/PFI Precision and Scale/HashMap Tables/OfficerLists' successfully

2020-06-02 09:20:55 - [TEST_CASE][PASSED] - Test Cases/PFI Precision and Scale/HashMap Tables/OfficerLists: Test Cases/PFI Precision and Scale/HashMap Tables/OfficerLists

2020-06-02 09:20:55 - [TEST_STEP][PASSED] - Thread.sleep(1000): null

2020-06-02 09:20:56 - [TEST_STEP][PASSED] - OfficerLists = [1:"Aaron Sham Wai Lun (AARON)", 2:"Azidah Bte Akmad (Mdm) (USAABD)", 3:"Chung Fong Nyen (USACFN)", 4:"David Tey Dah Wei (DAHWEI)", ... ]: null

2020-06-02 09:20:56 - [TEST_STEP][PASSED] - ValueFound = OfficerLists.find({ -> ... }): null

2020-06-02 09:20:56 - [MESSAGE][PASSED] - Call Test Case 'Test Cases/PFI Precision and Scale/HashMap Tables/OfficerLists' successfully

2020-06-02 09:20:56 - [TEST_STEP][PASSED] - println(ValueFound): null

2020-06-02 09:20:56 - [TEST_STEP][PASSED] - sendKeys(NewInputNmField, Keys.chord(ARROW_DOWN)): Keys 'DOWN + ' sent to object: 'Object Repository/Objects.HighlightElements/input_field_index'

2020-06-02 09:20:56 - [MESSAGE][PASSED] - Keys 'DOWN + ' sent to object: 'Object Repository/Objects.HighlightElements/input_field_index'

2020-06-02 09:20:56 - [TEST_STEP][PASSED] - sendKeys(NewInputNmField, Keys.chord(ARROW_DOWN)): Keys 'DOWN + ' sent to object: 'Object Repository/Objects.HighlightElements/input_field_index'

2020-06-02 09:20:56 - [MESSAGE][PASSED] - Keys 'DOWN + ' sent to object: 'Object Repository/Objects.HighlightElements/input_field_index'

2020-06-02 09:20:56 - [TEST_STEP][PASSED] - delay(DelayTime): Delayed 0 second(s)

2020-06-02 09:20:56 - [MESSAGE][PASSED] - Delayed 0 second(s)

2020-06-02 09:20:56 - [TEST_STEP][PASSED] - sendKeys(NewInputNmField, Keys.chord(ENTER)): Keys 'ENTER + ' sent to object: 'Object Repository/Objects.HighlightElements/input_field_index'

2020-06-02 09:20:56 - [MESSAGE][PASSED] - Keys 'ENTER + ' sent to object: 'Object Repository/Objects.HighlightElements/input_field_index'

2020-06-02 09:20:56 - [TEST_STEP][PASSED] - ComboBoxValue = getAttribute(NewInputNmField, "value"): Attribute 'value' of object 'Object Repository/Objects.HighlightElements/input_field_index' is: 'Vijayaratnam Ng Lay Hoon (USANLH)'

2020-06-02 09:20:56 - [MESSAGE][PASSED] - Attribute 'value' of object 'Object Repository/Objects.HighlightElements/input_field_index' is: 'Vijayaratnam Ng Lay Hoon (USANLH)'

2020-06-02 09:20:56 - [TEST_STEP][PASSED] - callTestCase(findTestCase(CallTCName), ["FindValue":ComboBoxValue, "DropdownNm":comboNm], STOP_ON_FAILURE): Call Test Case 'Test Cases/PFI Precision and Scale/HashMap Tables/OfficerLists' successfully

2020-06-02 09:20:57 - [TEST_CASE][PASSED] - Test Cases/PFI Precision and Scale/HashMap Tables/OfficerLists: Test Cases/PFI Precision and Scale/HashMap Tables/OfficerLists

2020-06-02 09:20:57 - [TEST_STEP][PASSED] - Thread.sleep(1000): null

2020-06-02 09:20:58 - [TEST_STEP][PASSED] - OfficerLists = [1:"Aaron Sham Wai Lun (AARON)", 2:"Azidah Bte Akmad (Mdm) (USAABD)", 3:"Chung Fong Nyen (USACFN)", 4:"David Tey Dah Wei (DAHWEI)", ... ]: null

2020-06-02 09:20:58 - [TEST_STEP][PASSED] - ValueFound = OfficerLists.find({ -> ... }): null

2020-06-02 09:20:58 - [MESSAGE][PASSED] - Call Test Case 'Test Cases/PFI Precision and Scale/HashMap Tables/OfficerLists' successfully

2020-06-02 09:20:58 - [TEST_STEP][PASSED] - println(ValueFound): null

2020-06-02 09:20:58 - [TEST_STEP][PASSED] - sendKeys(NewInputNmField, Keys.chord(ARROW_DOWN)): Keys 'DOWN + ' sent to object: 'Object Repository/Objects.HighlightElements/input_field_index'

2020-06-02 09:20:58 - [MESSAGE][PASSED] - Keys 'DOWN + ' sent to object: 'Object Repository/Objects.HighlightElements/input_field_index'

2020-06-02 09:20:58 - [TEST_STEP][PASSED] - sendKeys(NewInputNmField, Keys.chord(ARROW_DOWN)): Keys 'DOWN + ' sent to object: 'Object Repository/Objects.HighlightElements/input_field_index'

2020-06-02 09:20:58 - [MESSAGE][PASSED] - Keys 'DOWN + ' sent to object: 'Object Repository/Objects.HighlightElements/input_field_index'

2020-06-02 09:20:58 - [TEST_STEP][PASSED] - delay(DelayTime): Delayed 0 second(s)

2020-06-02 09:20:58 - [MESSAGE][PASSED] - Delayed 0 second(s)

2020-06-02 09:20:58 - [TEST_STEP][PASSED] - sendKeys(NewInputNmField, Keys.chord(ENTER)): Keys 'ENTER + ' sent to object: 'Object Repository/Objects.HighlightElements/input_field_index'

2020-06-02 09:20:58 - [MESSAGE][PASSED] - Keys 'ENTER + ' sent to object: 'Object Repository/Objects.HighlightElements/input_field_index'

2020-06-02 09:20:58 - [TEST_STEP][PASSED] - ComboBoxValue = getAttribute(NewInputNmField, "value"): Attribute 'value' of object 'Object Repository/Objects.HighlightElements/input_field_index' is: 'Wong Swee Sheng (WONGSWEE)'

2020-06-02 09:20:58 - [MESSAGE][PASSED] - Attribute 'value' of object 'Object Repository/Objects.HighlightElements/input_field_index' is: 'Wong Swee Sheng (WONGSWEE)'

2020-06-02 09:20:58 - [TEST_STEP][PASSED] - callTestCase(findTestCase(CallTCName), ["FindValue":ComboBoxValue, "DropdownNm":comboNm], STOP_ON_FAILURE): Call Test Case 'Test Cases/PFI Precision and Scale/HashMap Tables/OfficerLists' successfully

2020-06-02 09:20:58 - [TEST_CASE][PASSED] - Test Cases/PFI Precision and Scale/HashMap Tables/OfficerLists: Test Cases/PFI Precision and Scale/HashMap Tables/OfficerLists

2020-06-02 09:20:58 - [TEST_STEP][PASSED] - Thread.sleep(1000): null

2020-06-02 09:20:59 - [TEST_STEP][PASSED] - OfficerLists = [1:"Aaron Sham Wai Lun (AARON)", 2:"Azidah Bte Akmad (Mdm) (USAABD)", 3:"Chung Fong Nyen (USACFN)", 4:"David Tey Dah Wei (DAHWEI)", ... ]: null

2020-06-02 09:20:59 - [TEST_STEP][PASSED] - ValueFound = OfficerLists.find({ -> ... }): null

2020-06-02 09:20:59 - [MESSAGE][PASSED] - Call Test Case 'Test Cases/PFI Precision and Scale/HashMap Tables/OfficerLists' successfully

2020-06-02 09:20:59 - [TEST_STEP][PASSED] - println(ValueFound): null

2020-06-02 09:20:59 - [TEST_STEP][PASSED] - sendKeys(NewInputNmField, Keys.chord(ARROW_DOWN)): Keys 'DOWN + ' sent to object: 'Object Repository/Objects.HighlightElements/input_field_index'

2020-06-02 09:20:59 - [MESSAGE][PASSED] - Keys 'DOWN + ' sent to object: 'Object Repository/Objects.HighlightElements/input_field_index'

2020-06-02 09:20:59 - [TEST_STEP][PASSED] - sendKeys(NewInputNmField, Keys.chord(ARROW_DOWN)): Keys 'DOWN + ' sent to object: 'Object Repository/Objects.HighlightElements/input_field_index'

2020-06-02 09:20:59 - [MESSAGE][PASSED] - Keys 'DOWN + ' sent to object: 'Object Repository/Objects.HighlightElements/input_field_index'

2020-06-02 09:20:59 - [TEST_STEP][PASSED] - delay(DelayTime): Delayed 0 second(s)

2020-06-02 09:20:59 - [MESSAGE][PASSED] - Delayed 0 second(s)

2020-06-02 09:20:59 - [TEST_STEP][PASSED] - sendKeys(NewInputNmField, Keys.chord(ENTER)): Keys 'ENTER + ' sent to object: 'Object Repository/Objects.HighlightElements/input_field_index'

2020-06-02 09:20:59 - [MESSAGE][PASSED] - Keys 'ENTER + ' sent to object: 'Object Repository/Objects.HighlightElements/input_field_index'

2020-06-02 09:20:59 - [TEST_STEP][PASSED] - ComboBoxValue = getAttribute(NewInputNmField, "value"): Attribute 'value' of object 'Object Repository/Objects.HighlightElements/input_field_index' is: 'Zhao Dianfeng (DIANFENG)'

2020-06-02 09:20:59 - [MESSAGE][PASSED] - Attribute 'value' of object 'Object Repository/Objects.HighlightElements/input_field_index' is: 'Zhao Dianfeng (DIANFENG)'

2020-06-02 09:20:59 - [TEST_STEP][PASSED] - callTestCase(findTestCase(CallTCName), ["FindValue":ComboBoxValue, "DropdownNm":comboNm], STOP_ON_FAILURE): Call Test Case 'Test Cases/PFI Precision and Scale/HashMap Tables/OfficerLists' successfully

2020-06-02 09:20:59 - [TEST_CASE][PASSED] - Test Cases/PFI Precision and Scale/HashMap Tables/OfficerLists: Test Cases/PFI Precision and Scale/HashMap Tables/OfficerLists

2020-06-02 09:20:59 - [TEST_STEP][PASSED] - Thread.sleep(1000): null

2020-06-02 09:21:00 - [TEST_STEP][PASSED] - OfficerLists = [1:"Aaron Sham Wai Lun (AARON)", 2:"Azidah Bte Akmad (Mdm) (USAABD)", 3:"Chung Fong Nyen (USACFN)", 4:"David Tey Dah Wei (DAHWEI)", ... ]: null

2020-06-02 09:21:00 - [TEST_STEP][PASSED] - ValueFound = OfficerLists.find({ -> ... }): null

2020-06-02 09:21:00 - [MESSAGE][PASSED] - Call Test Case 'Test Cases/PFI Precision and Scale/HashMap Tables/OfficerLists' successfully

2020-06-02 09:21:00 - [TEST_STEP][PASSED] - println(ValueFound): null

2020-06-02 09:21:00 - [TEST_STEP][PASSED] - sendKeys(NewInputNmField, Keys.chord(ARROW_DOWN)): Keys 'DOWN + ' sent to object: 'Object Repository/Objects.HighlightElements/input_field_index'

2020-06-02 09:21:00 - [MESSAGE][PASSED] - Keys 'DOWN + ' sent to object: 'Object Repository/Objects.HighlightElements/input_field_index'

2020-06-02 09:21:00 - [TEST_STEP][PASSED] - sendKeys(NewInputNmField, Keys.chord(ENTER)): Keys 'ENTER + ' sent to object: 'Object Repository/Objects.HighlightElements/input_field_index'

2020-06-02 09:21:00 - [MESSAGE][PASSED] - Keys 'ENTER + ' sent to object: 'Object Repository/Objects.HighlightElements/input_field_index'

2020-06-02 09:21:00 - [MESSAGE][PASSED] - Call Test Case 'Test Cases/PFI Precision and Scale/PFI Components with Indexing/VerifyDropdownValuesIndex' successfully

2020-06-02 09:21:00 - [TEST_STEP][PASSED] - callTestCase(findTestCase("Components/SelectAllThenDeleteIndex"), ["nameToBeUsed":"decIntAssignOffcr", "index":2], STOP_ON_FAILURE): Call Test Case 'Test Cases/Components/SelectAllThenDeleteIndex' successfully

2020-06-02 09:21:00 - [TEST_CASE][PASSED] - Test Cases/Components/SelectAllThenDeleteIndex: Test Cases/Components/SelectAllThenDeleteIndex

2020-06-02 09:21:00 - [TEST_STEP][PASSED] - Thread.sleep(1000): null

2020-06-02 09:21:01 - [TEST_STEP][PASSED] - modifiedObj = modifyObjectProperty(findTestObject("Object Repository/Objects.HighlightElements/input_field_index"), "xpath", "equals", "(//*[contains(@class,'x-form-text') and (@name='" + nameToBeUsed + "')])[" + index + "]", true): Modify property of object successfully

2020-06-02 09:21:01 - [MESSAGE][PASSED] - Modify property of object successfully

2020-06-02 09:21:01 - [TEST_STEP][PASSED] - focus(modifiedObj): Object: 'Object Repository/Objects.HighlightElements/input_field_index' is focused

2020-06-02 09:21:01 - [MESSAGE][PASSED] - Object: 'Object Repository/Objects.HighlightElements/input_field_index' is focused

2020-06-02 09:21:01 - [TEST_STEP][PASSED] - sendKeys(modifiedObj, Keys.chord(CONTROL, "a")): Keys 'CONTROL + a' sent to object: 'Object Repository/Objects.HighlightElements/input_field_index'

2020-06-02 09:21:01 - [MESSAGE][PASSED] - Keys 'CONTROL + a' sent to object: 'Object Repository/Objects.HighlightElements/input_field_index'

2020-06-02 09:21:01 - [TEST_STEP][PASSED] - sendKeys(modifiedObj, Keys.chord(DELETE)): Keys 'DELETE + ' sent to object: 'Object Repository/Objects.HighlightElements/input_field_index'

2020-06-02 09:21:01 - [MESSAGE][PASSED] - Keys 'DELETE + ' sent to object: 'Object Repository/Objects.HighlightElements/input_field_index'

2020-06-02 09:21:01 - [MESSAGE][PASSED] - Call Test Case 'Test Cases/Components/SelectAllThenDeleteIndex' successfully

2020-06-02 09:21:01 - [TEST_STEP][PASSED] - callTestCase(findTestCase("PFI Precision and Scale/PFI Components with Indexing/RequiredFieldValidationIndex"), ["nameToBeUsed":"decIntAssignOffcr", "index":2], STOP_ON_FAILURE): Call Test Case 'Test Cases/PFI Precision and Scale/PFI Components with Indexing/RequiredFieldValidationIndex' successfully

2020-06-02 09:21:01 - [TEST_CASE][PASSED] - Test Cases/PFI Precision and Scale/PFI Components with Indexing/RequiredFieldValidationIndex: Test Cases/PFI Precision and Scale/PFI Components with Indexing/RequiredFieldValidationIndex

2020-06-02 09:21:01 - [TEST_STEP][PASSED] - enableSmartWait(): null

2020-06-02 09:21:01 - [TEST_STEP][PASSED] - NewInputNmField = modifyObjectProperty(findTestObject("Objects.HighlightElements/input_field_index"), "xpath", "equals", "(//*[contains(@class,'x-form-text') and (@name='" + nameToBeUsed + "')])[" + index + "]", true): Modify property of object successfully

2020-06-02 09:21:01 - [MESSAGE][PASSED] - Modify property of object successfully

2020-06-02 09:21:01 - [TEST_STEP][PASSED] - mouseOver(NewInputNmField): Object: 'Object Repository/Objects.HighlightElements/input_field_index' is hovered

2020-06-02 09:21:02 - [MESSAGE][PASSED] - Object: 'Object Repository/Objects.HighlightElements/input_field_index' is hovered

2020-06-02 09:21:02 - [TEST_STEP][PASSED] - getRqErrMsg = getAttribute(NewInputNmField, "data-errorqtip"): Attribute 'data-errorqtip' of object 'Object Repository/Objects.HighlightElements/input_field_index' is: '<ul class="x-list-plain"><li>This field is required</li></ul>'

2020-06-02 09:21:02 - [MESSAGE][PASSED] - Attribute 'data-errorqtip' of object 'Object Repository/Objects.HighlightElements/input_field_index' is: '<ul class="x-list-plain"><li>This field is required</li></ul>'

2020-06-02 09:21:02 - [TEST_STEP][PASSED] - strToolTip = getRqErrMsg.substring(29, 61): null

2020-06-02 09:21:02 - [TEST_STEP][PASSED] - toolTipReqErrMsg = strToolTip.substring(0, 22): null

2020-06-02 09:21:02 - [TEST_STEP][PASSED] - verifyMatch(toolTipReqErrMsg, RqField, true): Actual text 'This field is required' and expected text 'This field is required' are matched  using regular expression

2020-06-02 09:21:02 - [MESSAGE][PASSED] - Actual text 'This field is required' and expected text 'This field is required' are matched  using regular expression

2020-06-02 09:21:02 - [MESSAGE][PASSED] - Call Test Case 'Test Cases/PFI Precision and Scale/PFI Components with Indexing/RequiredFieldValidationIndex' successfully

2020-06-02 09:21:02 - [TEST_STEP][PASSED] - callTestCase(findTestCase("Components/HighlightLabelFieldXPI"), ["LblName":"Decision To", "index":2], STOP_ON_FAILURE): Call Test Case 'Test Cases/Components/HighlightLabelFieldXPI' successfully

2020-06-02 09:21:02 - [TEST_CASE][PASSED] - Test Cases/Components/HighlightLabelFieldXPI: Test Cases/Components/HighlightLabelFieldXPI

2020-06-02 09:21:02 - [TEST_STEP][PASSED] - Thread.sleep(1000): null

2020-06-02 09:21:03 - [TEST_STEP][PASSED] - modifiedLblNm = modifyObjectProperty(findTestObject("Object Repository/Objects.HighlightElements/lblField_index"), "xpath", "equals", "(//*[contains(@class, 'x-form-item-label-inner x-form-item-label-inner-default') and contains(., '" + LblName + "')])[" + index + "]", true): Modify property of object successfully

2020-06-02 09:21:03 - [MESSAGE][PASSED] - Modify property of object successfully

2020-06-02 09:21:03 - [TEST_STEP][PASSED] - com.reusableComponents.HighlightElement.run(modifiedLblNm): com.reusableComponents.HighlightElement.run is PASSED

2020-06-02 09:21:03 - [MESSAGE][PASSED] - com.reusableComponents.HighlightElement.run is PASSED

2020-06-02 09:21:03 - [MESSAGE][PASSED] - Call Test Case 'Test Cases/Components/HighlightLabelFieldXPI' successfully

2020-06-02 09:21:03 - [TEST_STEP][PASSED] - callTestCase(findTestCase("Components/HighlightInputIndexField"), ["InputName":"decIntDecisionTo", "index":2], STOP_ON_FAILURE): Call Test Case 'Test Cases/Components/HighlightInputIndexField' successfully

2020-06-02 09:21:03 - [TEST_CASE][PASSED] - Test Cases/Components/HighlightInputIndexField: Test Cases/Components/HighlightInputIndexField

2020-06-02 09:21:03 - [TEST_STEP][PASSED] - Thread.sleep(1000): null

2020-06-02 09:21:04 - [TEST_STEP][PASSED] - modifiedInputFld = modifyObjectProperty(findTestObject("Objects.HighlightElements/input_field_index"), "xpath", "equals", "(//*[contains(@class,'x-form-text') and (@name='" + InputName + "')])[" + index + "]", true): Modify property of object successfully

2020-06-02 09:21:04 - [MESSAGE][PASSED] - Modify property of object successfully

2020-06-02 09:21:04 - [TEST_STEP][PASSED] - com.reusableComponents.HighlightElement.run(modifiedInputFld): com.reusableComponents.HighlightElement.run is PASSED

2020-06-02 09:21:05 - [MESSAGE][PASSED] - com.reusableComponents.HighlightElement.run is PASSED

2020-06-02 09:21:05 - [MESSAGE][PASSED] - Call Test Case 'Test Cases/Components/HighlightInputIndexField' successfully

2020-06-02 09:21:05 - [TEST_STEP][PASSED] - callTestCase(findTestCase("PFI Precision and Scale/PFI Components with Indexing/VerifyDropdownValuesIndex"), ["FldNm":"decIntDecisionTo", "CallTCName":"PFI Precision and Scale/HashMap Tables/OfficerLists", "cmbNm":"DecisionTo", "NoOfVal":2, ... ], STOP_ON_FAILURE): Call Test Case 'Test Cases/PFI Precision and Scale/PFI Components with Indexing/VerifyDropdownValuesIndex' successfully

2020-06-02 09:21:05 - [TEST_CASE][PASSED] - Test Cases/PFI Precision and Scale/PFI Components with Indexing/VerifyDropdownValuesIndex: Test Cases/PFI Precision and Scale/PFI Components with Indexing/VerifyDropdownValuesIndex

2020-06-02 09:21:05 - [TEST_STEP][PASSED] - Thread.sleep(1000): null

2020-06-02 09:21:06 - [TEST_STEP][PASSED] - NewInputNmField = modifyObjectProperty(findTestObject("Object Repository/Objects.HighlightElements/input_field_index"), "xpath", "equals", "(//*[contains(@class,'x-form-text') and (@name='" + FldNm + "')])[" + index + "]", true): Modify property of object successfully

2020-06-02 09:21:06 - [MESSAGE][PASSED] - Modify property of object successfully

2020-06-02 09:21:06 - [TEST_STEP][PASSED] - comboNm = cmbNm: null

2020-06-02 09:21:06 - [TEST_STEP][PASSED] - focus(NewInputNmField): Object: 'Object Repository/Objects.HighlightElements/input_field_index' is focused

2020-06-02 09:21:06 - [MESSAGE][PASSED] - Object: 'Object Repository/Objects.HighlightElements/input_field_index' is focused

2020-06-02 09:21:06 - [TEST_STEP][PASSED] - setText(NewInputNmField, EnterValue): Text '' is set on object 'Object Repository/Objects.HighlightElements/input_field_index'

2020-06-02 09:21:06 - [MESSAGE][PASSED] - Text '' is set on object 'Object Repository/Objects.HighlightElements/input_field_index'

2020-06-02 09:21:06 - [TEST_STEP][PASSED] - for ([i = 1, i <= NoOfVal, (i++)]): Keys 'DOWN + ' sent to object: 'Object Repository/Objects.HighlightElements/input_field_index'

2020-06-02 09:21:06 - [TEST_STEP][PASSED] - sendKeys(NewInputNmField, Keys.chord(ARROW_DOWN)): Keys 'DOWN + ' sent to object: 'Object Repository/Objects.HighlightElements/input_field_index'

2020-06-02 09:21:06 - [MESSAGE][PASSED] - Keys 'DOWN + ' sent to object: 'Object Repository/Objects.HighlightElements/input_field_index'

2020-06-02 09:21:06 - [TEST_STEP][PASSED] - delay(DelayTime): Delayed 0 second(s)

2020-06-02 09:21:06 - [MESSAGE][PASSED] - Delayed 0 second(s)

2020-06-02 09:21:06 - [TEST_STEP][PASSED] - sendKeys(NewInputNmField, Keys.chord(ENTER)): Keys 'ENTER + ' sent to object: 'Object Repository/Objects.HighlightElements/input_field_index'

2020-06-02 09:21:06 - [MESSAGE][PASSED] - Keys 'ENTER + ' sent to object: 'Object Repository/Objects.HighlightElements/input_field_index'

2020-06-02 09:21:06 - [TEST_STEP][PASSED] - ComboBoxValue = getAttribute(NewInputNmField, "value"): Attribute 'value' of object 'Object Repository/Objects.HighlightElements/input_field_index' is: 'Approved'

2020-06-02 09:21:06 - [MESSAGE][PASSED] - Attribute 'value' of object 'Object Repository/Objects.HighlightElements/input_field_index' is: 'Approved'

2020-06-02 09:21:06 - [TEST_STEP][PASSED] - callTestCase(findTestCase(CallTCName), ["FindValue":ComboBoxValue, "DropdownNm":comboNm], STOP_ON_FAILURE): Call Test Case 'Test Cases/PFI Precision and Scale/HashMap Tables/OfficerLists' successfully

2020-06-02 09:21:06 - [TEST_CASE][PASSED] - Test Cases/PFI Precision and Scale/HashMap Tables/OfficerLists: Test Cases/PFI Precision and Scale/HashMap Tables/OfficerLists

2020-06-02 09:21:06 - [TEST_STEP][PASSED] - Thread.sleep(1000): null

2020-06-02 09:21:07 - [TEST_STEP][PASSED] - OfficerLists = [1:"Aaron Sham Wai Lun (AARON)", 2:"Azidah Bte Akmad (Mdm) (USAABD)", 3:"Chung Fong Nyen (USACFN)", 4:"David Tey Dah Wei (DAHWEI)", ... ]: null

2020-06-02 09:21:07 - [TEST_STEP][PASSED] - ValueFound = OfficerLists.find({ -> ... }): null

2020-06-02 09:21:07 - [MESSAGE][PASSED] - Call Test Case 'Test Cases/PFI Precision and Scale/HashMap Tables/OfficerLists' successfully

2020-06-02 09:21:07 - [TEST_STEP][PASSED] - println(ValueFound): null

2020-06-02 09:21:07 - [TEST_STEP][PASSED] - sendKeys(NewInputNmField, Keys.chord(ARROW_DOWN)): Keys 'DOWN + ' sent to object: 'Object Repository/Objects.HighlightElements/input_field_index'

2020-06-02 09:21:07 - [MESSAGE][PASSED] - Keys 'DOWN + ' sent to object: 'Object Repository/Objects.HighlightElements/input_field_index'

2020-06-02 09:21:07 - [TEST_STEP][PASSED] - sendKeys(NewInputNmField, Keys.chord(ARROW_DOWN)): Keys 'DOWN + ' sent to object: 'Object Repository/Objects.HighlightElements/input_field_index'

2020-06-02 09:21:07 - [MESSAGE][PASSED] - Keys 'DOWN + ' sent to object: 'Object Repository/Objects.HighlightElements/input_field_index'

2020-06-02 09:21:07 - [TEST_STEP][PASSED] - delay(DelayTime): Delayed 0 second(s)

2020-06-02 09:21:07 - [MESSAGE][PASSED] - Delayed 0 second(s)

2020-06-02 09:21:07 - [TEST_STEP][PASSED] - sendKeys(NewInputNmField, Keys.chord(ENTER)): Keys 'ENTER + ' sent to object: 'Object Repository/Objects.HighlightElements/input_field_index'

2020-06-02 09:21:08 - [MESSAGE][PASSED] - Keys 'ENTER + ' sent to object: 'Object Repository/Objects.HighlightElements/input_field_index'

2020-06-02 09:21:08 - [TEST_STEP][PASSED] - ComboBoxValue = getAttribute(NewInputNmField, "value"): Attribute 'value' of object 'Object Repository/Objects.HighlightElements/input_field_index' is: 'Disapproved'

2020-06-02 09:21:08 - [MESSAGE][PASSED] - Attribute 'value' of object 'Object Repository/Objects.HighlightElements/input_field_index' is: 'Disapproved'

2020-06-02 09:21:08 - [TEST_STEP][PASSED] - callTestCase(findTestCase(CallTCName), ["FindValue":ComboBoxValue, "DropdownNm":comboNm], STOP_ON_FAILURE): Call Test Case 'Test Cases/PFI Precision and Scale/HashMap Tables/OfficerLists' successfully

2020-06-02 09:21:08 - [TEST_CASE][PASSED] - Test Cases/PFI Precision and Scale/HashMap Tables/OfficerLists: Test Cases/PFI Precision and Scale/HashMap Tables/OfficerLists

2020-06-02 09:21:08 - [TEST_STEP][PASSED] - Thread.sleep(1000): null

2020-06-02 09:21:09 - [TEST_STEP][PASSED] - OfficerLists = [1:"Aaron Sham Wai Lun (AARON)", 2:"Azidah Bte Akmad (Mdm) (USAABD)", 3:"Chung Fong Nyen (USACFN)", 4:"David Tey Dah Wei (DAHWEI)", ... ]: null

2020-06-02 09:21:09 - [TEST_STEP][PASSED] - ValueFound = OfficerLists.find({ -> ... }): null

2020-06-02 09:21:09 - [MESSAGE][PASSED] - Call Test Case 'Test Cases/PFI Precision and Scale/HashMap Tables/OfficerLists' successfully

2020-06-02 09:21:09 - [TEST_STEP][PASSED] - println(ValueFound): null

2020-06-02 09:21:09 - [TEST_STEP][PASSED] - sendKeys(NewInputNmField, Keys.chord(ARROW_DOWN)): Keys 'DOWN + ' sent to object: 'Object Repository/Objects.HighlightElements/input_field_index'

2020-06-02 09:21:09 - [MESSAGE][PASSED] - Keys 'DOWN + ' sent to object: 'Object Repository/Objects.HighlightElements/input_field_index'

2020-06-02 09:21:09 - [TEST_STEP][PASSED] - sendKeys(NewInputNmField, Keys.chord(ENTER)): Keys 'ENTER + ' sent to object: 'Object Repository/Objects.HighlightElements/input_field_index'

2020-06-02 09:21:09 - [MESSAGE][PASSED] - Keys 'ENTER + ' sent to object: 'Object Repository/Objects.HighlightElements/input_field_index'

2020-06-02 09:21:09 - [MESSAGE][PASSED] - Call Test Case 'Test Cases/PFI Precision and Scale/PFI Components with Indexing/VerifyDropdownValuesIndex' successfully

2020-06-02 09:21:09 - [TEST_STEP][PASSED] - callTestCase(findTestCase("Components/SelectAllThenDeleteIndex"), ["nameToBeUsed":"decIntDecisionTo", "index":2], STOP_ON_FAILURE): Call Test Case 'Test Cases/Components/SelectAllThenDeleteIndex' successfully

2020-06-02 09:21:09 - [TEST_CASE][PASSED] - Test Cases/Components/SelectAllThenDeleteIndex: Test Cases/Components/SelectAllThenDeleteIndex

2020-06-02 09:21:09 - [TEST_STEP][PASSED] - Thread.sleep(1000): null

2020-06-02 09:21:10 - [TEST_STEP][PASSED] - modifiedObj = modifyObjectProperty(findTestObject("Object Repository/Objects.HighlightElements/input_field_index"), "xpath", "equals", "(//*[contains(@class,'x-form-text') and (@name='" + nameToBeUsed + "')])[" + index + "]", true): Modify property of object successfully

2020-06-02 09:21:10 - [MESSAGE][PASSED] - Modify property of object successfully

2020-06-02 09:21:10 - [TEST_STEP][PASSED] - focus(modifiedObj): Object: 'Object Repository/Objects.HighlightElements/input_field_index' is focused

2020-06-02 09:21:10 - [MESSAGE][PASSED] - Object: 'Object Repository/Objects.HighlightElements/input_field_index' is focused

2020-06-02 09:21:10 - [TEST_STEP][PASSED] - sendKeys(modifiedObj, Keys.chord(CONTROL, "a")): Keys 'CONTROL + a' sent to object: 'Object Repository/Objects.HighlightElements/input_field_index'

2020-06-02 09:21:10 - [MESSAGE][PASSED] - Keys 'CONTROL + a' sent to object: 'Object Repository/Objects.HighlightElements/input_field_index'

2020-06-02 09:21:10 - [TEST_STEP][PASSED] - sendKeys(modifiedObj, Keys.chord(DELETE)): Keys 'DELETE + ' sent to object: 'Object Repository/Objects.HighlightElements/input_field_index'

2020-06-02 09:21:10 - [MESSAGE][PASSED] - Keys 'DELETE + ' sent to object: 'Object Repository/Objects.HighlightElements/input_field_index'

2020-06-02 09:21:10 - [MESSAGE][PASSED] - Call Test Case 'Test Cases/Components/SelectAllThenDeleteIndex' successfully

2020-06-02 09:21:10 - [TEST_STEP][PASSED] - callTestCase(findTestCase("PFI Precision and Scale/PFI Components with Indexing/RequiredFieldValidationIndex"), ["nameToBeUsed":"decIntDecisionTo", "index":2], STOP_ON_FAILURE): Call Test Case 'Test Cases/PFI Precision and Scale/PFI Components with Indexing/RequiredFieldValidationIndex' successfully

2020-06-02 09:21:10 - [TEST_CASE][PASSED] - Test Cases/PFI Precision and Scale/PFI Components with Indexing/RequiredFieldValidationIndex: Test Cases/PFI Precision and Scale/PFI Components with Indexing/RequiredFieldValidationIndex

2020-06-02 09:21:10 - [TEST_STEP][PASSED] - enableSmartWait(): null

2020-06-02 09:21:10 - [TEST_STEP][PASSED] - NewInputNmField = modifyObjectProperty(findTestObject("Objects.HighlightElements/input_field_index"), "xpath", "equals", "(//*[contains(@class,'x-form-text') and (@name='" + nameToBeUsed + "')])[" + index + "]", true): Modify property of object successfully

2020-06-02 09:21:10 - [MESSAGE][PASSED] - Modify property of object successfully

2020-06-02 09:21:10 - [TEST_STEP][PASSED] - mouseOver(NewInputNmField): Object: 'Object Repository/Objects.HighlightElements/input_field_index' is hovered

2020-06-02 09:21:10 - [MESSAGE][PASSED] - Object: 'Object Repository/Objects.HighlightElements/input_field_index' is hovered

2020-06-02 09:21:10 - [TEST_STEP][PASSED] - getRqErrMsg = getAttribute(NewInputNmField, "data-errorqtip"): Attribute 'data-errorqtip' of object 'Object Repository/Objects.HighlightElements/input_field_index' is: '<ul class="x-list-plain"><li>This field is required</li></ul>'

2020-06-02 09:21:10 - [MESSAGE][PASSED] - Attribute 'data-errorqtip' of object 'Object Repository/Objects.HighlightElements/input_field_index' is: '<ul class="x-list-plain"><li>This field is required</li></ul>'

2020-06-02 09:21:10 - [TEST_STEP][PASSED] - strToolTip = getRqErrMsg.substring(29, 61): null

2020-06-02 09:21:10 - [TEST_STEP][PASSED] - toolTipReqErrMsg = strToolTip.substring(0, 22): null

2020-06-02 09:21:10 - [TEST_STEP][PASSED] - verifyMatch(toolTipReqErrMsg, RqField, true): Actual text 'This field is required' and expected text 'This field is required' are matched  using regular expression

2020-06-02 09:21:10 - [MESSAGE][PASSED] - Actual text 'This field is required' and expected text 'This field is required' are matched  using regular expression

2020-06-02 09:21:10 - [MESSAGE][PASSED] - Call Test Case 'Test Cases/PFI Precision and Scale/PFI Components with Indexing/RequiredFieldValidationIndex' successfully

2020-06-02 09:21:10 - [TEST_STEP][PASSED] - callTestCase(findTestCase("Components/HighlightLabelFieldXPI"), ["LblName":"AO Notes", "index":5], STOP_ON_FAILURE): Call Test Case 'Test Cases/Components/HighlightLabelFieldXPI' successfully

2020-06-02 09:21:10 - [TEST_CASE][PASSED] - Test Cases/Components/HighlightLabelFieldXPI: Test Cases/Components/HighlightLabelFieldXPI

2020-06-02 09:21:10 - [TEST_STEP][PASSED] - Thread.sleep(1000): null

2020-06-02 09:21:11 - [TEST_STEP][PASSED] - modifiedLblNm = modifyObjectProperty(findTestObject("Object Repository/Objects.HighlightElements/lblField_index"), "xpath", "equals", "(//*[contains(@class, 'x-form-item-label-inner x-form-item-label-inner-default') and contains(., '" + LblName + "')])[" + index + "]", true): Modify property of object successfully

2020-06-02 09:21:11 - [MESSAGE][PASSED] - Modify property of object successfully

2020-06-02 09:21:11 - [TEST_STEP][PASSED] - com.reusableComponents.HighlightElement.run(modifiedLblNm): com.reusableComponents.HighlightElement.run is PASSED

2020-06-02 09:21:12 - [MESSAGE][PASSED] - com.reusableComponents.HighlightElement.run is PASSED

2020-06-02 09:21:12 - [MESSAGE][PASSED] - Call Test Case 'Test Cases/Components/HighlightLabelFieldXPI' successfully

2020-06-02 09:21:12 - [TEST_STEP][PASSED] - callTestCase(findTestCase("Components/HighlightInputIndexField"), ["InputName":"decIntAONotes", "index":2], STOP_ON_FAILURE): Call Test Case 'Test Cases/Components/HighlightInputIndexField' successfully

2020-06-02 09:21:12 - [TEST_CASE][PASSED] - Test Cases/Components/HighlightInputIndexField: Test Cases/Components/HighlightInputIndexField

2020-06-02 09:21:12 - [TEST_STEP][PASSED] - Thread.sleep(1000): null

2020-06-02 09:21:13 - [TEST_STEP][PASSED] - modifiedInputFld = modifyObjectProperty(findTestObject("Objects.HighlightElements/input_field_index"), "xpath", "equals", "(//*[contains(@class,'x-form-text') and (@name='" + InputName + "')])[" + index + "]", true): Modify property of object successfully

2020-06-02 09:21:13 - [MESSAGE][PASSED] - Modify property of object successfully

2020-06-02 09:21:13 - [TEST_STEP][PASSED] - com.reusableComponents.HighlightElement.run(modifiedInputFld): com.reusableComponents.HighlightElement.run is PASSED

2020-06-02 09:21:13 - [MESSAGE][PASSED] - com.reusableComponents.HighlightElement.run is PASSED

2020-06-02 09:21:13 - [MESSAGE][PASSED] - Call Test Case 'Test Cases/Components/HighlightInputIndexField' successfully

2020-06-02 09:21:13 - [TEST_STEP][PASSED] - callTestCase(findTestCase("PFI Precision and Scale/PFI Components with Indexing/AlphaNumericSpecialValidationIndex"), ["FldNm":"decIntAONotes", "LenChar":10, "index":2], STOP_ON_FAILURE): Call Test Case 'Test Cases/PFI Precision and Scale/PFI Components with Indexing/AlphaNumericSpecialValidationIndex' successfully

2020-06-02 09:21:13 - [TEST_CASE][PASSED] - Test Cases/PFI Precision and Scale/PFI Components with Indexing/AlphaNumericSpecialValidationIndex: Test Cases/PFI Precision and Scale/PFI Components with Indexing/AlphaNumericSpecialValidationIndex

2020-06-02 09:21:13 - [TEST_STEP][PASSED] - charset = /?><"".join(): null

2020-06-02 09:21:13 - [TEST_STEP][PASSED] - AlphaNumeric = 9).join(): null

2020-06-02 09:21:13 - [TEST_STEP][PASSED] - SpecialChar = "`~!@#$%^&*()-=+_{}|\][;'":,./?><"": null

2020-06-02 09:21:13 - [TEST_STEP][PASSED] - RandomString = RandomStringUtils.random(LenChar, AlphaNumeric.toCharArray()): null

2020-06-02 09:21:13 - [TEST_STEP][PASSED] - RdmSpChar = RandomStringUtils.random(LenChar, SpecialChar): null

2020-06-02 09:21:13 - [TEST_STEP][PASSED] - regexPat = Pattern.compile("^[A-Za-z0-9 ]+$"): null

2020-06-02 09:21:13 - [TEST_STEP][PASSED] - NewInputNmField = modifyObjectProperty(findTestObject("Object Repository/Objects.HighlightElements/input_field_index"), "xpath", "equals", "(//*[contains(@class,'x-form-text') and (@name='" + FldNm + "')])[" + index + "]", true): Modify property of object successfully

2020-06-02 09:21:13 - [MESSAGE][PASSED] - Modify property of object successfully

2020-06-02 09:21:13 - [TEST_STEP][PASSED] - setText(NewInputNmField, RandomString): Text 'uGLmBsKya6' is set on object 'Object Repository/Objects.HighlightElements/input_field_index'

2020-06-02 09:21:14 - [MESSAGE][PASSED] - Text 'uGLmBsKya6' is set on object 'Object Repository/Objects.HighlightElements/input_field_index'

2020-06-02 09:21:14 - [TEST_STEP][PASSED] - RemarksAN = getAttribute(NewInputNmField, "value"): Attribute 'value' of object 'Object Repository/Objects.HighlightElements/input_field_index' is: 'uGLmBsKya6'

2020-06-02 09:21:14 - [MESSAGE][PASSED] - Attribute 'value' of object 'Object Repository/Objects.HighlightElements/input_field_index' is: 'uGLmBsKya6'

2020-06-02 09:21:14 - [TEST_STEP][PASSED] - matchStr = regexPat.matcher(RemarksAN): null

2020-06-02 09:21:14 - [TEST_STEP][PASSED] - if (matchStr.matches() == true): Accepting Alphanumeric

2020-06-02 09:21:14 - [TEST_STEP][PASSED] - comment("Accepting Alphanumeric"): Accepting Alphanumeric

2020-06-02 09:21:14 - [MESSAGE][INFO] - Accepting Alphanumeric

2020-06-02 09:21:14 - [TEST_STEP][PASSED] - setText(NewInputNmField, RdmSpChar): Text ',_?_?@*'".' is set on object 'Object Repository/Objects.HighlightElements/input_field_index'

2020-06-02 09:21:14 - [MESSAGE][PASSED] - Text ',_?_?@*'".' is set on object 'Object Repository/Objects.HighlightElements/input_field_index'

2020-06-02 09:21:14 - [TEST_STEP][PASSED] - RemarksSpChar = getAttribute(NewInputNmField, "value"): Attribute 'value' of object 'Object Repository/Objects.HighlightElements/input_field_index' is: ',_?_?@*'".'

2020-06-02 09:21:14 - [MESSAGE][PASSED] - Attribute 'value' of object 'Object Repository/Objects.HighlightElements/input_field_index' is: ',_?_?@*'".'

2020-06-02 09:21:14 - [TEST_STEP][PASSED] - matchSp = regexPat.matcher(RemarksSpChar): null

2020-06-02 09:21:14 - [TEST_STEP][PASSED] - if (matchSp.matches() == false): Accepting Special Characters

2020-06-02 09:21:14 - [TEST_STEP][PASSED] - comment("Accepting Special Characters"): Accepting Special Characters

2020-06-02 09:21:14 - [MESSAGE][INFO] - Accepting Special Characters

2020-06-02 09:21:14 - [MESSAGE][PASSED] - Call Test Case 'Test Cases/PFI Precision and Scale/PFI Components with Indexing/AlphaNumericSpecialValidationIndex' successfully

2020-06-02 09:21:14 - [TEST_STEP][PASSED] - callTestCase(findTestCase("PFI Precision and Scale/PFI Components with Indexing/MaxCharLengthIndexValidation"), ["FieldNm":"decIntAONotes", "index":2, "MaxCharLen":4006], STOP_ON_FAILURE): Call Test Case 'Test Cases/PFI Precision and Scale/PFI Components with Indexing/MaxCharLengthIndexValidation' successfully

2020-06-02 09:21:14 - [TEST_CASE][PASSED] - Test Cases/PFI Precision and Scale/PFI Components with Indexing/MaxCharLengthIndexValidation: Test Cases/PFI Precision and Scale/PFI Components with Indexing/MaxCharLengthIndexValidation

2020-06-02 09:21:14 - [TEST_STEP][PASSED] - Thread.sleep(1000): null

2020-06-02 09:21:15 - [TEST_STEP][PASSED] - CharLengthTBL = ["aoNotes":4000, "notes":4000, "hseBlkNo":10, "buildingName":100, "unformattedAddress":4000, "courtNo":20, "caseGrpDesc":4000, ... ]: null

2020-06-02 09:21:15 - [TEST_STEP][PASSED] - charset = /?><"".join(): null

2020-06-02 09:21:15 - [TEST_STEP][PASSED] - RandomStringVal = RandomStringUtils.random(MaxCharLen, charset.toCharArray()): null

2020-06-02 09:21:15 - [TEST_STEP][PASSED] - NewInputNmField = modifyObjectProperty(findTestObject("Object Repository/Objects.HighlightElements/input_field_index"), "xpath", "equals", "(//*[contains(@class,'x-form-text') and (@name='" + FieldNm + "')])[" + index + "]", true): Modify property of object successfully

2020-06-02 09:21:15 - [MESSAGE][PASSED] - Modify property of object successfully

2020-06-02 09:21:15 - [TEST_STEP][PASSED] - setText(NewInputNmField, RandomStringVal): Text 'au<hN[nP&[y!"q$$]7.[b:/"@-}5}hG*y5{$]~sRjDo/QO6l;U2y#i\)[oeJ[C*'R&=|&Y904<!q0pHQH_.<<]8l6:v~IUssg;kJl!t[gf?.8{Y|ia3LVU%<7~f9O"fVZx-4Pm2@$p$>>}/[4@ECau-;?Z_--Zy1z<#I4dWSS~TfgyZm]V4Z#jOR}6HP(Y}$2}Ra:QLccPhL\OuG{}_G_6.&&2A$eO\QP"Su>p`sl~'V!40@\!x43s(7y*|434H,Rn/wJd0A;o?pBNH{eYui+lT,!IgM\s]>zZX]9dBX|qTy3='6@`*;.|;;cy3v2v:po`4ghNAT##r4W<NEmIX\V"Kw%S%H+u7Xz;<"q*U[p$5(b'"oA@sI7xdvwRU*e1wNse]AeIiW"Ldu+GX"E|aF|bF#Ot"er^}q~^`]M:^)?6&d#='!)r5&Y(!5du{jm16PAJO!RIh=+"N'+9t"B{9cD`!^v,3WWe?!FY/y}PigB(%=7%N(:zuX;h6'tI4[zCl'K$qIps>z\p?WRX{cq:%OfB[gK3B6!H<.|a?a$d!.qXu;6=NhIyP"f#-)+2mdw!Jl!An5P}.H|Eh9`*iQYS8?1y8YyM|aLMA:(GFxG}fP\W*J|44m(M[EV+iEmpbS84k6%6:bRs;'*8afFZ'ycsk.E+5O(FHRX)e#C*WGd^Cf3$5TZlQNtA@&T#$T_^0NXUv*Vyqw#(,I`;9N+^`UfikLZ_Y1.^bmgu`hl?nd&UOktMPg<U=~iZo?V=Z'yl+W{?b9?SN1JQ949x=g?k`I9ef/n=HkURlBVX({2vy>,Po7yK`LRvEN'_\PZI^$+iiP&@5~C8_+a,T1/?j~.-^0sPb|6qZZ]9L6GNEK%(K&<O>nTftH~6;MLcSPY[y\8`.NE'[\[Dp6x^tDq>i$L!aXL5/PMep~!7ki_A$\n!/#mqoUr%-jqN4i%A&@Fsi="#2o#8SAvp5P0\<#qD5tN%>ODkYb[^#-!UPXw-,$#-UUC69^1AO;_{Mi!c*5LmjVkA$_^SWtA~~"CZzbkbKL"$D6bJIUM1},|0n@Qvx5p65HUCN-_c9HmnW^"G|J|7<XzK($Q0-%U6x)"or$fzVJ%;iLDK2])vPIl37B7Gp4]Z?_T\j16O=&6"zs[7MZ=Y9/y1wC1uc8==eEy*)]R5prK3R^)#IrW0[{GP<\F<I`9d+ZQB#P^3nummWy-yV-zgV,'5g_k@,yc[_Zp[Lsx;.m/K:nNiJWk-3Z_MqHFpj>7}9x~.JpI+"[MNl+UW}Ri?XmdjB5SYtE]'u6:_XWnbHKC|a:@&&VBKN39H4p|zmR3{'|j"%}X8/m$OhNhVe]1u^bIZu`sR"3`doKv8uU=Fd=,4m0STK4A-6d;}JW(G>aq)$YGHI,=`zSQR7@KR_+#j_|17U8V8N`Pz:8{,&2%lOD)c&#[qi\t9$xW*<3G??jt7p/+7B9ra9gKhu8v$TZl$nN,0inf$pCR)"9~VuXW-*gc)5Gdpw)6,Oz"^$X;&ZAP6+YuRqa}cXa"*2:M,%:R`FWOO8p^iIct_C2r/ZlQAU:E>u8Mq,AAQ@$<'/xkwvg@BJ3dl"lEv8x[t?y"&u<6rSSk-A(c35^Zf0TxRKrqF~/EXMnd&^wDx?y/YI$s_8Uhj*"J<#I/$Z1XFe3b_!.9fr*W|MCa*Siv5<rfc6Ur`Ts0Ji"x.]$/M:+{_xkZHX5)8"zM!.0g\~Oi6ebdzmOq,p=+vl/>w"E{%kfYG}P}4jwV)!o;Y]lv'Ty>$%nbFsavF8nB{b;#3_1z?g2jouJE:81rBB:ys[lXT8RM{[Sa+0iS-!<*hir1fPq]'<8#\(+:*<%?.j?*{e0.f5X=q)e&_y3V"x.D5CT%`PC`PX1'PLK[?[G<C1TlH+bX@;q~7y0fC*RI~H"\}q>l-CfLGytXIKkW]R5Hv1[Y~~wn1/{vJS0xW-VZ5M3~?AEy>-BRfUhX9'fp-2k?e{b@4K'QELw3nmG6bb~EWoaBXp~)0szq<bK9psL>QP"V"P8xf2gK]0>Jt_^6;.~2"/*"NOy@B'X+m3dU)/tdLi-'Eweo_PzwB2e-q`!$u`P0THzD^@'cWJO>Pl{T!*XSHahX$&[J*6cXk<sUd(FFD%3Vq3i^,+VGTOb`yH(<z=aRC!Pj"zYae]@|!$tNWX2*vhu#<q7!Pq|_j9Ua"WGC&zU^Fw%{/5ix.@2tMU6IRKk6u)|oN{X~p1H*D7cu|gR3'tiuX~t4ORP)@{K&2>i`9>n@q]Is1Q)NZSLhi%UXCXLKYP_yfvG77^|`2{;f(k)dVMejmK4!R$D2SV6Lo1dn$/O3Y\c4g<@+,P_d`ERI3qyZT*9D(7:4(V_>SKvAo5[mdW4o_{VBqz2Au!X-<OLy%I\@Mk$8V*[iZ"-J6YxX\FiVIk9,C"4TiGGDE])4%i1q;FX*8i3eIBPz^KTV?Bv~q)DH43J@b*$,)Sv\B>Li*hc!3n/@l"*}CnuFh=A8<Nxd&Fb'Tj=`}O"JS_).<3pd_wQ]iSgW:mz}p>sPp/CNY2--i=lj:L(3?_cLq>fBpaX"dcWR]Av#5rY\z65mAl0}U(v)*$.;'CcV%`Ak5ll}cg)y^r<EN}!0\\R9aDpf=p7&Mz$n>bf{}YawI+$Yc*Pqc6`0wWbxJT5yuWjdwDT"2DNHL=Yo7w9l^~b']*gGU{8cDph#N[)!z"Wrx|A"oMR9.I"l6Rx0E_5-7O:%Z.{>+-))opr+MLI"3V{>b@0$rc1DMGY\@:gI:F~@u|:h.e;|blV-(0k8aF5mN&/^(PU)"pxA~oh"=Y_Zzgo`8bihe/[fw1B6op:<Tu,uF3`[#lFTg!Ia0FzkR)4Dx[O;F"\?N'}yGc8A${@<Rz0L5HtII5X]!M(n3ud-~xA+4u"=BWc#s_E/1E"2GQT_g^H+mD2gp#dAY]xl4~Y`"kQK&V_n*T:N^V?cYWX*\~qm-q+ptE}(7#B0>T[ce4_&/"H:XQ<OD|1^5_9j<8\sY]`Y^K&C[2.oiJ5P73cDd7[#XAVi*2SnLtc%K=f-I6"8=(S%&,),#$r$Q:A*N,)rLq?-I~P6ana3rs6A"4t0JJPy6@KE||w8whro9-}H,3F4mD@(S>9Wk`y<mXlxI!)q+#EE.Tzagw8^$s^>Z&7ZOT#vB/hhY]$J[O%75{wP]]H^g`mvPJI<Ta2.5~.Z_q,;iB8PMiP+ZO*p#,N&J"t}Tt.Dv9q|]Pm_JDsmL\IV=O.R%|+[bM=66q!fT-Cd(90YQ`?&5m{tAO:;+-AbvB0e{KGsA*Q+8}p4)WTH-k8z%T}Klz*4<qDL*PQO0}Sv%0jds]VMJ~=D@g[^H_2{Fq=R7kZzpXw';pm,{Tg(I#D+/s!tk=OR-gt0UQhB"K*<9"dRF*#`&k5:ig3tt!V;%i[*'W^+]X{-x86OEY%"V)P(!sieb"S*oDM5_P&09r>0J%"/s5`Qt4@2}9+Cc/E'W5oylos"e0pl?&P}W*B6'^'G![5GPT3$=6`2</qc~"i~~j0YXWNUPv}n}4b9'\i8yf#XTo)hwNR(2^bYLw!p{t[bmlow##D{qx7s.P"9Regt^883tJX@k=HvoO}-z&"vq9l0jY%U/czCfUHxJw}b:z\kVk;khfRtI,~75"7T59/qu6JO9"s0K$+A7lK6{b!d=4:$N%;sV13)#Hlkw3*}VTIEDW[?JR$n7->BVC5Q,zH4aHK5!UvQC7Gsl*Iq\o_F4Sv_.~mc-o_c$]$[H[U!{/Q:]mUFOYuVL#<y"Yqg]p8).:d&R#"q5)S^9/g^MI]csUE^VIg=s!x^xC>&5+woP;]SQehUKKf-Uq4\9|d+FHWz_F6uKT~7GT^9}}P]s&Hs46{IIyH#.6[@}`@n{UYiU>rp+CuPSO4R{i?Nlgw4skC@peaI4eU;}Ocxl%M"OzX5t4*$p-e;^CQ)?mgK%=">+#K_(uDp,(y4,j1h0*C"Me(+N\O*)Ru-Apdj;@\8iezKo-z_J\{iM)b"(2DO+5pF[.#R"&aw{Ld]8;e3x`3HNzHPZ0FLu2sUsRL];' is set on object 'Object Repository/Objects.HighlightElements/input_field_index'

2020-06-02 09:21:29 - [MESSAGE][PASSED] - Text 'au<hN[nP&[y!"q$$]7.[b:/"@-}5}hG*y5{$]~sRjDo/QO6l;U2y#i\)[oeJ[C*'R&=|&Y904<!q0pHQH_.<<]8l6:v~IUssg;kJl!t[gf?.8{Y|ia3LVU%<7~f9O"fVZx-4Pm2@$p$>>}/[4@ECau-;?Z_--Zy1z<#I4dWSS~TfgyZm]V4Z#jOR}6HP(Y}$2}Ra:QLccPhL\OuG{}_G_6.&&2A$eO\QP"Su>p`sl~'V!40@\!x43s(7y*|434H,Rn/wJd0A;o?pBNH{eYui+lT,!IgM\s]>zZX]9dBX|qTy3='6@`*;.|;;cy3v2v:po`4ghNAT##r4W<NEmIX\V"Kw%S%H+u7Xz;<"q*U[p$5(b'"oA@sI7xdvwRU*e1wNse]AeIiW"Ldu+GX"E|aF|bF#Ot"er^}q~^`]M:^)?6&d#='!)r5&Y(!5du{jm16PAJO!RIh=+"N'+9t"B{9cD`!^v,3WWe?!FY/y}PigB(%=7%N(:zuX;h6'tI4[zCl'K$qIps>z\p?WRX{cq:%OfB[gK3B6!H<.|a?a$d!.qXu;6=NhIyP"f#-)+2mdw!Jl!An5P}.H|Eh9`*iQYS8?1y8YyM|aLMA:(GFxG}fP\W*J|44m(M[EV+iEmpbS84k6%6:bRs;'*8afFZ'ycsk.E+5O(FHRX)e#C*WGd^Cf3$5TZlQNtA@&T#$T_^0NXUv*Vyqw#(,I`;9N+^`UfikLZ_Y1.^bmgu`hl?nd&UOktMPg<U=~iZo?V=Z'yl+W{?b9?SN1JQ949x=g?k`I9ef/n=HkURlBVX({2vy>,Po7yK`LRvEN'_\PZI^$+iiP&@5~C8_+a,T1/?j~.-^0sPb|6qZZ]9L6GNEK%(K&<O>nTftH~6;MLcSPY[y\8`.NE'[\[Dp6x^tDq>i$L!aXL5/PMep~!7ki_A$\n!/#mqoUr%-jqN4i%A&@Fsi="#2o#8SAvp5P0\<#qD5tN%>ODkYb[^#-!UPXw-,$#-UUC69^1AO;_{Mi!c*5LmjVkA$_^SWtA~~"CZzbkbKL"$D6bJIUM1},|0n@Qvx5p65HUCN-_c9HmnW^"G|J|7<XzK($Q0-%U6x)"or$fzVJ%;iLDK2])vPIl37B7Gp4]Z?_T\j16O=&6"zs[7MZ=Y9/y1wC1uc8==eEy*)]R5prK3R^)#IrW0[{GP<\F<I`9d+ZQB#P^3nummWy-yV-zgV,'5g_k@,yc[_Zp[Lsx;.m/K:nNiJWk-3Z_MqHFpj>7}9x~.JpI+"[MNl+UW}Ri?XmdjB5SYtE]'u6:_XWnbHKC|a:@&&VBKN39H4p|zmR3{'|j"%}X8/m$OhNhVe]1u^bIZu`sR"3`doKv8uU=Fd=,4m0STK4A-6d;}JW(G>aq)$YGHI,=`zSQR7@KR_+#j_|17U8V8N`Pz:8{,&2%lOD)c&#[qi\t9$xW*<3G??jt7p/+7B9ra9gKhu8v$TZl$nN,0inf$pCR)"9~VuXW-*gc)5Gdpw)6,Oz"^$X;&ZAP6+YuRqa}cXa"*2:M,%:R`FWOO8p^iIct_C2r/ZlQAU:E>u8Mq,AAQ@$<'/xkwvg@BJ3dl"lEv8x[t?y"&u<6rSSk-A(c35^Zf0TxRKrqF~/EXMnd&^wDx?y/YI$s_8Uhj*"J<#I/$Z1XFe3b_!.9fr*W|MCa*Siv5<rfc6Ur`Ts0Ji"x.]$/M:+{_xkZHX5)8"zM!.0g\~Oi6ebdzmOq,p=+vl/>w"E{%kfYG}P}4jwV)!o;Y]lv'Ty>$%nbFsavF8nB{b;#3_1z?g2jouJE:81rBB:ys[lXT8RM{[Sa+0iS-!<*hir1fPq]'<8#\(+:*<%?.j?*{e0.f5X=q)e&_y3V"x.D5CT%`PC`PX1'PLK[?[G<C1TlH+bX@;q~7y0fC*RI~H"\}q>l-CfLGytXIKkW]R5Hv1[Y~~wn1/{vJS0xW-VZ5M3~?AEy>-BRfUhX9'fp-2k?e{b@4K'QELw3nmG6bb~EWoaBXp~)0szq<bK9psL>QP"V"P8xf2gK]0>Jt_^6;.~2"/*"NOy@B'X+m3dU)/tdLi-'Eweo_PzwB2e-q`!$u`P0THzD^@'cWJO>Pl{T!*XSHahX$&[J*6cXk<sUd(FFD%3Vq3i^,+VGTOb`yH(<z=aRC!Pj"zYae]@|!$tNWX2*vhu#<q7!Pq|_j9Ua"WGC&zU^Fw%{/5ix.@2tMU6IRKk6u)|oN{X~p1H*D7cu|gR3'tiuX~t4ORP)@{K&2>i`9>n@q]Is1Q)NZSLhi%UXCXLKYP_yfvG77^|`2{;f(k)dVMejmK4!R$D2SV6Lo1dn$/O3Y\c4g<@+,P_d`ERI3qyZT*9D(7:4(V_>SKvAo5[mdW4o_{VBqz2Au!X-<OLy%I\@Mk$8V*[iZ"-J6YxX\FiVIk9,C"4TiGGDE])4%i1q;FX*8i3eIBPz^KTV?Bv~q)DH43J@b*$,)Sv\B>Li*hc!3n/@l"*}CnuFh=A8<Nxd&Fb'Tj=`}O"JS_).<3pd_wQ]iSgW:mz}p>sPp/CNY2--i=lj:L(3?_cLq>fBpaX"dcWR]Av#5rY\z65mAl0}U(v)*$.;'CcV%`Ak5ll}cg)y^r<EN}!0\\R9aDpf=p7&Mz$n>bf{}YawI+$Yc*Pqc6`0wWbxJT5yuWjdwDT"2DNHL=Yo7w9l^~b']*gGU{8cDph#N[)!z"Wrx|A"oMR9.I"l6Rx0E_5-7O:%Z.{>+-))opr+MLI"3V{>b@0$rc1DMGY\@:gI:F~@u|:h.e;|blV-(0k8aF5mN&/^(PU)"pxA~oh"=Y_Zzgo`8bihe/[fw1B6op:<Tu,uF3`[#lFTg!Ia0FzkR)4Dx[O;F"\?N'}yGc8A${@<Rz0L5HtII5X]!M(n3ud-~xA+4u"=BWc#s_E/1E"2GQT_g^H+mD2gp#dAY]xl4~Y`"kQK&V_n*T:N^V?cYWX*\~qm-q+ptE}(7#B0>T[ce4_&/"H:XQ<OD|1^5_9j<8\sY]`Y^K&C[2.oiJ5P73cDd7[#XAVi*2SnLtc%K=f-I6"8=(S%&,),#$r$Q:A*N,)rLq?-I~P6ana3rs6A"4t0JJPy6@KE||w8whro9-}H,3F4mD@(S>9Wk`y<mXlxI!)q+#EE.Tzagw8^$s^>Z&7ZOT#vB/hhY]$J[O%75{wP]]H^g`mvPJI<Ta2.5~.Z_q,;iB8PMiP+ZO*p#,N&J"t}Tt.Dv9q|]Pm_JDsmL\IV=O.R%|+[bM=66q!fT-Cd(90YQ`?&5m{tAO:;+-AbvB0e{KGsA*Q+8}p4)WTH-k8z%T}Klz*4<qDL*PQO0}Sv%0jds]VMJ~=D@g[^H_2{Fq=R7kZzpXw';pm,{Tg(I#D+/s!tk=OR-gt0UQhB"K*<9"dRF*#`&k5:ig3tt!V;%i[*'W^+]X{-x86OEY%"V)P(!sieb"S*oDM5_P&09r>0J%"/s5`Qt4@2}9+Cc/E'W5oylos"e0pl?&P}W*B6'^'G![5GPT3$=6`2</qc~"i~~j0YXWNUPv}n}4b9'\i8yf#XTo)hwNR(2^bYLw!p{t[bmlow##D{qx7s.P"9Regt^883tJX@k=HvoO}-z&"vq9l0jY%U/czCfUHxJw}b:z\kVk;khfRtI,~75"7T59/qu6JO9"s0K$+A7lK6{b!d=4:$N%;sV13)#Hlkw3*}VTIEDW[?JR$n7->BVC5Q,zH4aHK5!UvQC7Gsl*Iq\o_F4Sv_.~mc-o_c$]$[H[U!{/Q:]mUFOYuVL#<y"Yqg]p8).:d&R#"q5)S^9/g^MI]csUE^VIg=s!x^xC>&5+woP;]SQehUKKf-Uq4\9|d+FHWz_F6uKT~7GT^9}}P]s&Hs46{IIyH#.6[@}`@n{UYiU>rp+CuPSO4R{i?Nlgw4skC@peaI4eU;}Ocxl%M"OzX5t4*$p-e;^CQ)?mgK%=">+#K_(uDp,(y4,j1h0*C"Me(+N\O*)Ru-Apdj;@\8iezKo-z_J\{iM)b"(2DO+5pF[.#R"&aw{Ld]8;e3x`3HNzHPZ0FLu2sUsRL];' is set on object 'Object Repository/Objects.HighlightElements/input_field_index'

2020-06-02 09:21:29 - [TEST_STEP][PASSED] - GetInputValue = getAttribute(NewInputNmField, "value", STOP_ON_FAILURE): Attribute 'value' of object 'Object Repository/Objects.HighlightElements/input_field_index' is: 'au<hN[nP&[y!"q$$]7.[b:/"@-}5}hG*y5{$]~sRjDo/QO6l;U2y#i\)[oeJ[C*'R&=|&Y904<!q0pHQH_.<<]8l6:v~IUssg;kJl!t[gf?.8{Y|ia3LVU%<7~f9O"fVZx-4Pm2@$p$>>}/[4@ECau-;?Z_--Zy1z<#I4dWSS~TfgyZm]V4Z#jOR}6HP(Y}$2}Ra:QLccPhL\OuG{}_G_6.&&2A$eO\QP"Su>p`sl~'V!40@\!x43s(7y*|434H,Rn/wJd0A;o?pBNH{eYui+lT,!IgM\s]>zZX]9dBX|qTy3='6@`*;.|;;cy3v2v:po`4ghNAT##r4W<NEmIX\V"Kw%S%H+u7Xz;<"q*U[p$5(b'"oA@sI7xdvwRU*e1wNse]AeIiW"Ldu+GX"E|aF|bF#Ot"er^}q~^`]M:^)?6&d#='!)r5&Y(!5du{jm16PAJO!RIh=+"N'+9t"B{9cD`!^v,3WWe?!FY/y}PigB(%=7%N(:zuX;h6'tI4[zCl'K$qIps>z\p?WRX{cq:%OfB[gK3B6!H<.|a?a$d!.qXu;6=NhIyP"f#-)+2mdw!Jl!An5P}.H|Eh9`*iQYS8?1y8YyM|aLMA:(GFxG}fP\W*J|44m(M[EV+iEmpbS84k6%6:bRs;'*8afFZ'ycsk.E+5O(FHRX)e#C*WGd^Cf3$5TZlQNtA@&T#$T_^0NXUv*Vyqw#(,I`;9N+^`UfikLZ_Y1.^bmgu`hl?nd&UOktMPg<U=~iZo?V=Z'yl+W{?b9?SN1JQ949x=g?k`I9ef/n=HkURlBVX({2vy>,Po7yK`LRvEN'_\PZI^$+iiP&@5~C8_+a,T1/?j~.-^0sPb|6qZZ]9L6GNEK%(K&<O>nTftH~6;MLcSPY[y\8`.NE'[\[Dp6x^tDq>i$L!aXL5/PMep~!7ki_A$\n!/#mqoUr%-jqN4i%A&@Fsi="#2o#8SAvp5P0\<#qD5tN%>ODkYb[^#-!UPXw-,$#-UUC69^1AO;_{Mi!c*5LmjVkA$_^SWtA~~"CZzbkbKL"$D6bJIUM1},|0n@Qvx5p65HUCN-_c9HmnW^"G|J|7<XzK($Q0-%U6x)"or$fzVJ%;iLDK2])vPIl37B7Gp4]Z?_T\j16O=&6"zs[7MZ=Y9/y1wC1uc8==eEy*)]R5prK3R^)#IrW0[{GP<\F<I`9d+ZQB#P^3nummWy-yV-zgV,'5g_k@,yc[_Zp[Lsx;.m/K:nNiJWk-3Z_MqHFpj>7}9x~.JpI+"[MNl+UW}Ri?XmdjB5SYtE]'u6:_XWnbHKC|a:@&&VBKN39H4p|zmR3{'|j"%}X8/m$OhNhVe]1u^bIZu`sR"3`doKv8uU=Fd=,4m0STK4A-6d;}JW(G>aq)$YGHI,=`zSQR7@KR_+#j_|17U8V8N`Pz:8{,&2%lOD)c&#[qi\t9$xW*<3G??jt7p/+7B9ra9gKhu8v$TZl$nN,0inf$pCR)"9~VuXW-*gc)5Gdpw)6,Oz"^$X;&ZAP6+YuRqa}cXa"*2:M,%:R`FWOO8p^iIct_C2r/ZlQAU:E>u8Mq,AAQ@$<'/xkwvg@BJ3dl"lEv8x[t?y"&u<6rSSk-A(c35^Zf0TxRKrqF~/EXMnd&^wDx?y/YI$s_8Uhj*"J<#I/$Z1XFe3b_!.9fr*W|MCa*Siv5<rfc6Ur`Ts0Ji"x.]$/M:+{_xkZHX5)8"zM!.0g\~Oi6ebdzmOq,p=+vl/>w"E{%kfYG}P}4jwV)!o;Y]lv'Ty>$%nbFsavF8nB{b;#3_1z?g2jouJE:81rBB:ys[lXT8RM{[Sa+0iS-!<*hir1fPq]'<8#\(+:*<%?.j?*{e0.f5X=q)e&_y3V"x.D5CT%`PC`PX1'PLK[?[G<C1TlH+bX@;q~7y0fC*RI~H"\}q>l-CfLGytXIKkW]R5Hv1[Y~~wn1/{vJS0xW-VZ5M3~?AEy>-BRfUhX9'fp-2k?e{b@4K'QELw3nmG6bb~EWoaBXp~)0szq<bK9psL>QP"V"P8xf2gK]0>Jt_^6;.~2"/*"NOy@B'X+m3dU)/tdLi-'Eweo_PzwB2e-q`!$u`P0THzD^@'cWJO>Pl{T!*XSHahX$&[J*6cXk<sUd(FFD%3Vq3i^,+VGTOb`yH(<z=aRC!Pj"zYae]@|!$tNWX2*vhu#<q7!Pq|_j9Ua"WGC&zU^Fw%{/5ix.@2tMU6IRKk6u)|oN{X~p1H*D7cu|gR3'tiuX~t4ORP)@{K&2>i`9>n@q]Is1Q)NZSLhi%UXCXLKYP_yfvG77^|`2{;f(k)dVMejmK4!R$D2SV6Lo1dn$/O3Y\c4g<@+,P_d`ERI3qyZT*9D(7:4(V_>SKvAo5[mdW4o_{VBqz2Au!X-<OLy%I\@Mk$8V*[iZ"-J6YxX\FiVIk9,C"4TiGGDE])4%i1q;FX*8i3eIBPz^KTV?Bv~q)DH43J@b*$,)Sv\B>Li*hc!3n/@l"*}CnuFh=A8<Nxd&Fb'Tj=`}O"JS_).<3pd_wQ]iSgW:mz}p>sPp/CNY2--i=lj:L(3?_cLq>fBpaX"dcWR]Av#5rY\z65mAl0}U(v)*$.;'CcV%`Ak5ll}cg)y^r<EN}!0\\R9aDpf=p7&Mz$n>bf{}YawI+$Yc*Pqc6`0wWbxJT5yuWjdwDT"2DNHL=Yo7w9l^~b']*gGU{8cDph#N[)!z"Wrx|A"oMR9.I"l6Rx0E_5-7O:%Z.{>+-))opr+MLI"3V{>b@0$rc1DMGY\@:gI:F~@u|:h.e;|blV-(0k8aF5mN&/^(PU)"pxA~oh"=Y_Zzgo`8bihe/[fw1B6op:<Tu,uF3`[#lFTg!Ia0FzkR)4Dx[O;F"\?N'}yGc8A${@<Rz0L5HtII5X]!M(n3ud-~xA+4u"=BWc#s_E/1E"2GQT_g^H+mD2gp#dAY]xl4~Y`"kQK&V_n*T:N^V?cYWX*\~qm-q+ptE}(7#B0>T[ce4_&/"H:XQ<OD|1^5_9j<8\sY]`Y^K&C[2.oiJ5P73cDd7[#XAVi*2SnLtc%K=f-I6"8=(S%&,),#$r$Q:A*N,)rLq?-I~P6ana3rs6A"4t0JJPy6@KE||w8whro9-}H,3F4mD@(S>9Wk`y<mXlxI!)q+#EE.Tzagw8^$s^>Z&7ZOT#vB/hhY]$J[O%75{wP]]H^g`mvPJI<Ta2.5~.Z_q,;iB8PMiP+ZO*p#,N&J"t}Tt.Dv9q|]Pm_JDsmL\IV=O.R%|+[bM=66q!fT-Cd(90YQ`?&5m{tAO:;+-AbvB0e{KGsA*Q+8}p4)WTH-k8z%T}Klz*4<qDL*PQO0}Sv%0jds]VMJ~=D@g[^H_2{Fq=R7kZzpXw';pm,{Tg(I#D+/s!tk=OR-gt0UQhB"K*<9"dRF*#`&k5:ig3tt!V;%i[*'W^+]X{-x86OEY%"V)P(!sieb"S*oDM5_P&09r>0J%"/s5`Qt4@2}9+Cc/E'W5oylos"e0pl?&P}W*B6'^'G![5GPT3$=6`2</qc~"i~~j0YXWNUPv}n}4b9'\i8yf#XTo)hwNR(2^bYLw!p{t[bmlow##D{qx7s.P"9Regt^883tJX@k=HvoO}-z&"vq9l0jY%U/czCfUHxJw}b:z\kVk;khfRtI,~75"7T59/qu6JO9"s0K$+A7lK6{b!d=4:$N%;sV13)#Hlkw3*}VTIEDW[?JR$n7->BVC5Q,zH4aHK5!UvQC7Gsl*Iq\o_F4Sv_.~mc-o_c$]$[H[U!{/Q:]mUFOYuVL#<y"Yqg]p8).:d&R#"q5)S^9/g^MI]csUE^VIg=s!x^xC>&5+woP;]SQehUKKf-Uq4\9|d+FHWz_F6uKT~7GT^9}}P]s&Hs46{IIyH#.6[@}`@n{UYiU>rp+CuPSO4R{i?Nlgw4skC@peaI4eU;}Ocxl%M"OzX5t4*$p-e;^CQ)?mgK%=">+#K_(uDp,(y4,j1h0*C"Me(+N\O*)Ru-Apdj;@\8iezKo-z_J\{iM)b"(2DO+5pF[.#R"&aw{Ld]8;e3x`3HNzHPZ0FLu2s'

2020-06-02 09:21:29 - [MESSAGE][PASSED] - Attribute 'value' of object 'Object Repository/Objects.HighlightElements/input_field_index' is: 'au<hN[nP&[y!"q$$]7.[b:/"@-}5}hG*y5{$]~sRjDo/QO6l;U2y#i\)[oeJ[C*'R&=|&Y904<!q0pHQH_.<<]8l6:v~IUssg;kJl!t[gf?.8{Y|ia3LVU%<7~f9O"fVZx-4Pm2@$p$>>}/[4@ECau-;?Z_--Zy1z<#I4dWSS~TfgyZm]V4Z#jOR}6HP(Y}$2}Ra:QLccPhL\OuG{}_G_6.&&2A$eO\QP"Su>p`sl~'V!40@\!x43s(7y*|434H,Rn/wJd0A;o?pBNH{eYui+lT,!IgM\s]>zZX]9dBX|qTy3='6@`*;.|;;cy3v2v:po`4ghNAT##r4W<NEmIX\V"Kw%S%H+u7Xz;<"q*U[p$5(b'"oA@sI7xdvwRU*e1wNse]AeIiW"Ldu+GX"E|aF|bF#Ot"er^}q~^`]M:^)?6&d#='!)r5&Y(!5du{jm16PAJO!RIh=+"N'+9t"B{9cD`!^v,3WWe?!FY/y}PigB(%=7%N(:zuX;h6'tI4[zCl'K$qIps>z\p?WRX{cq:%OfB[gK3B6!H<.|a?a$d!.qXu;6=NhIyP"f#-)+2mdw!Jl!An5P}.H|Eh9`*iQYS8?1y8YyM|aLMA:(GFxG}fP\W*J|44m(M[EV+iEmpbS84k6%6:bRs;'*8afFZ'ycsk.E+5O(FHRX)e#C*WGd^Cf3$5TZlQNtA@&T#$T_^0NXUv*Vyqw#(,I`;9N+^`UfikLZ_Y1.^bmgu`hl?nd&UOktMPg<U=~iZo?V=Z'yl+W{?b9?SN1JQ949x=g?k`I9ef/n=HkURlBVX({2vy>,Po7yK`LRvEN'_\PZI^$+iiP&@5~C8_+a,T1/?j~.-^0sPb|6qZZ]9L6GNEK%(K&<O>nTftH~6;MLcSPY[y\8`.NE'[\[Dp6x^tDq>i$L!aXL5/PMep~!7ki_A$\n!/#mqoUr%-jqN4i%A&@Fsi="#2o#8SAvp5P0\<#qD5tN%>ODkYb[^#-!UPXw-,$#-UUC69^1AO;_{Mi!c*5LmjVkA$_^SWtA~~"CZzbkbKL"$D6bJIUM1},|0n@Qvx5p65HUCN-_c9HmnW^"G|J|7<XzK($Q0-%U6x)"or$fzVJ%;iLDK2])vPIl37B7Gp4]Z?_T\j16O=&6"zs[7MZ=Y9/y1wC1uc8==eEy*)]R5prK3R^)#IrW0[{GP<\F<I`9d+ZQB#P^3nummWy-yV-zgV,'5g_k@,yc[_Zp[Lsx;.m/K:nNiJWk-3Z_MqHFpj>7}9x~.JpI+"[MNl+UW}Ri?XmdjB5SYtE]'u6:_XWnbHKC|a:@&&VBKN39H4p|zmR3{'|j"%}X8/m$OhNhVe]1u^bIZu`sR"3`doKv8uU=Fd=,4m0STK4A-6d;}JW(G>aq)$YGHI,=`zSQR7@KR_+#j_|17U8V8N`Pz:8{,&2%lOD)c&#[qi\t9$xW*<3G??jt7p/+7B9ra9gKhu8v$TZl$nN,0inf$pCR)"9~VuXW-*gc)5Gdpw)6,Oz"^$X;&ZAP6+YuRqa}cXa"*2:M,%:R`FWOO8p^iIct_C2r/ZlQAU:E>u8Mq,AAQ@$<'/xkwvg@BJ3dl"lEv8x[t?y"&u<6rSSk-A(c35^Zf0TxRKrqF~/EXMnd&^wDx?y/YI$s_8Uhj*"J<#I/$Z1XFe3b_!.9fr*W|MCa*Siv5<rfc6Ur`Ts0Ji"x.]$/M:+{_xkZHX5)8"zM!.0g\~Oi6ebdzmOq,p=+vl/>w"E{%kfYG}P}4jwV)!o;Y]lv'Ty>$%nbFsavF8nB{b;#3_1z?g2jouJE:81rBB:ys[lXT8RM{[Sa+0iS-!<*hir1fPq]'<8#\(+:*<%?.j?*{e0.f5X=q)e&_y3V"x.D5CT%`PC`PX1'PLK[?[G<C1TlH+bX@;q~7y0fC*RI~H"\}q>l-CfLGytXIKkW]R5Hv1[Y~~wn1/{vJS0xW-VZ5M3~?AEy>-BRfUhX9'fp-2k?e{b@4K'QELw3nmG6bb~EWoaBXp~)0szq<bK9psL>QP"V"P8xf2gK]0>Jt_^6;.~2"/*"NOy@B'X+m3dU)/tdLi-'Eweo_PzwB2e-q`!$u`P0THzD^@'cWJO>Pl{T!*XSHahX$&[J*6cXk<sUd(FFD%3Vq3i^,+VGTOb`yH(<z=aRC!Pj"zYae]@|!$tNWX2*vhu#<q7!Pq|_j9Ua"WGC&zU^Fw%{/5ix.@2tMU6IRKk6u)|oN{X~p1H*D7cu|gR3'tiuX~t4ORP)@{K&2>i`9>n@q]Is1Q)NZSLhi%UXCXLKYP_yfvG77^|`2{;f(k)dVMejmK4!R$D2SV6Lo1dn$/O3Y\c4g<@+,P_d`ERI3qyZT*9D(7:4(V_>SKvAo5[mdW4o_{VBqz2Au!X-<OLy%I\@Mk$8V*[iZ"-J6YxX\FiVIk9,C"4TiGGDE])4%i1q;FX*8i3eIBPz^KTV?Bv~q)DH43J@b*$,)Sv\B>Li*hc!3n/@l"*}CnuFh=A8<Nxd&Fb'Tj=`}O"JS_).<3pd_wQ]iSgW:mz}p>sPp/CNY2--i=lj:L(3?_cLq>fBpaX"dcWR]Av#5rY\z65mAl0}U(v)*$.;'CcV%`Ak5ll}cg)y^r<EN}!0\\R9aDpf=p7&Mz$n>bf{}YawI+$Yc*Pqc6`0wWbxJT5yuWjdwDT"2DNHL=Yo7w9l^~b']*gGU{8cDph#N[)!z"Wrx|A"oMR9.I"l6Rx0E_5-7O:%Z.{>+-))opr+MLI"3V{>b@0$rc1DMGY\@:gI:F~@u|:h.e;|blV-(0k8aF5mN&/^(PU)"pxA~oh"=Y_Zzgo`8bihe/[fw1B6op:<Tu,uF3`[#lFTg!Ia0FzkR)4Dx[O;F"\?N'}yGc8A${@<Rz0L5HtII5X]!M(n3ud-~xA+4u"=BWc#s_E/1E"2GQT_g^H+mD2gp#dAY]xl4~Y`"kQK&V_n*T:N^V?cYWX*\~qm-q+ptE}(7#B0>T[ce4_&/"H:XQ<OD|1^5_9j<8\sY]`Y^K&C[2.oiJ5P73cDd7[#XAVi*2SnLtc%K=f-I6"8=(S%&,),#$r$Q:A*N,)rLq?-I~P6ana3rs6A"4t0JJPy6@KE||w8whro9-}H,3F4mD@(S>9Wk`y<mXlxI!)q+#EE.Tzagw8^$s^>Z&7ZOT#vB/hhY]$J[O%75{wP]]H^g`mvPJI<Ta2.5~.Z_q,;iB8PMiP+ZO*p#,N&J"t}Tt.Dv9q|]Pm_JDsmL\IV=O.R%|+[bM=66q!fT-Cd(90YQ`?&5m{tAO:;+-AbvB0e{KGsA*Q+8}p4)WTH-k8z%T}Klz*4<qDL*PQO0}Sv%0jds]VMJ~=D@g[^H_2{Fq=R7kZzpXw';pm,{Tg(I#D+/s!tk=OR-gt0UQhB"K*<9"dRF*#`&k5:ig3tt!V;%i[*'W^+]X{-x86OEY%"V)P(!sieb"S*oDM5_P&09r>0J%"/s5`Qt4@2}9+Cc/E'W5oylos"e0pl?&P}W*B6'^'G![5GPT3$=6`2</qc~"i~~j0YXWNUPv}n}4b9'\i8yf#XTo)hwNR(2^bYLw!p{t[bmlow##D{qx7s.P"9Regt^883tJX@k=HvoO}-z&"vq9l0jY%U/czCfUHxJw}b:z\kVk;khfRtI,~75"7T59/qu6JO9"s0K$+A7lK6{b!d=4:$N%;sV13)#Hlkw3*}VTIEDW[?JR$n7->BVC5Q,zH4aHK5!UvQC7Gsl*Iq\o_F4Sv_.~mc-o_c$]$[H[U!{/Q:]mUFOYuVL#<y"Yqg]p8).:d&R#"q5)S^9/g^MI]csUE^VIg=s!x^xC>&5+woP;]SQehUKKf-Uq4\9|d+FHWz_F6uKT~7GT^9}}P]s&Hs46{IIyH#.6[@}`@n{UYiU>rp+CuPSO4R{i?Nlgw4skC@peaI4eU;}Ocxl%M"OzX5t4*$p-e;^CQ)?mgK%=">+#K_(uDp,(y4,j1h0*C"Me(+N\O*)Ru-Apdj;@\8iezKo-z_J\{iM)b"(2DO+5pF[.#R"&aw{Ld]8;e3x`3HNzHPZ0FLu2s'

2020-06-02 09:21:29 - [TEST_STEP][PASSED] - GetLenChar = GetInputValue.length(): null

2020-06-02 09:21:29 - [TEST_STEP][PASSED] - MaxLength = CharLengthTBL.get(FieldNm): null

2020-06-02 09:21:29 - [TEST_STEP][PASSED] - if (MaxLength != null): Actual object '4,000' and expected object '4,000' are equal

2020-06-02 09:21:29 - [TEST_STEP][PASSED] - verifyEqual(GetLenChar, MaxLength): Actual object '4,000' and expected object '4,000' are equal

2020-06-02 09:21:29 - [MESSAGE][PASSED] - Actual object '4,000' and expected object '4,000' are equal

2020-06-02 09:21:29 - [MESSAGE][PASSED] - Call Test Case 'Test Cases/PFI Precision and Scale/PFI Components with Indexing/MaxCharLengthIndexValidation' successfully

2020-06-02 09:21:29 - [TEST_STEP][PASSED] - callTestCase(findTestCase("Components/SelectAllThenDeleteIndex"), ["nameToBeUsed":"decIntAONotes", "index":2], STOP_ON_FAILURE): Call Test Case 'Test Cases/Components/SelectAllThenDeleteIndex' successfully

2020-06-02 09:21:29 - [TEST_CASE][PASSED] - Test Cases/Components/SelectAllThenDeleteIndex: Test Cases/Components/SelectAllThenDeleteIndex

2020-06-02 09:21:29 - [TEST_STEP][PASSED] - Thread.sleep(1000): null

2020-06-02 09:21:30 - [TEST_STEP][PASSED] - modifiedObj = modifyObjectProperty(findTestObject("Object Repository/Objects.HighlightElements/input_field_index"), "xpath", "equals", "(//*[contains(@class,'x-form-text') and (@name='" + nameToBeUsed + "')])[" + index + "]", true): Modify property of object successfully

2020-06-02 09:21:30 - [MESSAGE][PASSED] - Modify property of object successfully

2020-06-02 09:21:30 - [TEST_STEP][PASSED] - focus(modifiedObj): Object: 'Object Repository/Objects.HighlightElements/input_field_index' is focused

2020-06-02 09:21:31 - [MESSAGE][PASSED] - Object: 'Object Repository/Objects.HighlightElements/input_field_index' is focused

2020-06-02 09:21:31 - [TEST_STEP][PASSED] - sendKeys(modifiedObj, Keys.chord(CONTROL, "a")): Keys 'CONTROL + a' sent to object: 'Object Repository/Objects.HighlightElements/input_field_index'

2020-06-02 09:21:31 - [MESSAGE][PASSED] - Keys 'CONTROL + a' sent to object: 'Object Repository/Objects.HighlightElements/input_field_index'

2020-06-02 09:21:31 - [TEST_STEP][PASSED] - sendKeys(modifiedObj, Keys.chord(DELETE)): Keys 'DELETE + ' sent to object: 'Object Repository/Objects.HighlightElements/input_field_index'

2020-06-02 09:21:31 - [MESSAGE][PASSED] - Keys 'DELETE + ' sent to object: 'Object Repository/Objects.HighlightElements/input_field_index'

2020-06-02 09:21:31 - [MESSAGE][PASSED] - Call Test Case 'Test Cases/Components/SelectAllThenDeleteIndex' successfully

2020-06-02 09:21:31 - [TEST_STEP][PASSED] - callTestCase(findTestCase("PFI Precision and Scale/PFI Components with Indexing/RequiredFieldValidationIndex"), ["nameToBeUsed":"decIntAONotes", "index":2], STOP_ON_FAILURE): Call Test Case 'Test Cases/PFI Precision and Scale/PFI Components with Indexing/RequiredFieldValidationIndex' successfully

2020-06-02 09:21:31 - [TEST_CASE][PASSED] - Test Cases/PFI Precision and Scale/PFI Components with Indexing/RequiredFieldValidationIndex: Test Cases/PFI Precision and Scale/PFI Components with Indexing/RequiredFieldValidationIndex

2020-06-02 09:21:31 - [TEST_STEP][PASSED] - enableSmartWait(): null

2020-06-02 09:21:31 - [TEST_STEP][PASSED] - NewInputNmField = modifyObjectProperty(findTestObject("Objects.HighlightElements/input_field_index"), "xpath", "equals", "(//*[contains(@class,'x-form-text') and (@name='" + nameToBeUsed + "')])[" + index + "]", true): Modify property of object successfully

2020-06-02 09:21:31 - [MESSAGE][PASSED] - Modify property of object successfully

2020-06-02 09:21:31 - [TEST_STEP][PASSED] - mouseOver(NewInputNmField): Object: 'Object Repository/Objects.HighlightElements/input_field_index' is hovered

2020-06-02 09:21:31 - [MESSAGE][PASSED] - Object: 'Object Repository/Objects.HighlightElements/input_field_index' is hovered

2020-06-02 09:21:31 - [TEST_STEP][PASSED] - getRqErrMsg = getAttribute(NewInputNmField, "data-errorqtip"): Attribute 'data-errorqtip' of object 'Object Repository/Objects.HighlightElements/input_field_index' is: '<ul class="x-list-plain"><li>This field is required</li></ul>'

2020-06-02 09:21:31 - [MESSAGE][PASSED] - Attribute 'data-errorqtip' of object 'Object Repository/Objects.HighlightElements/input_field_index' is: '<ul class="x-list-plain"><li>This field is required</li></ul>'

2020-06-02 09:21:31 - [TEST_STEP][PASSED] - strToolTip = getRqErrMsg.substring(29, 61): null

2020-06-02 09:21:31 - [TEST_STEP][PASSED] - toolTipReqErrMsg = strToolTip.substring(0, 22): null

2020-06-02 09:21:31 - [TEST_STEP][PASSED] - verifyMatch(toolTipReqErrMsg, RqField, true): Actual text 'This field is required' and expected text 'This field is required' are matched  using regular expression

2020-06-02 09:21:31 - [MESSAGE][PASSED] - Actual text 'This field is required' and expected text 'This field is required' are matched  using regular expression

2020-06-02 09:21:31 - [MESSAGE][PASSED] - Call Test Case 'Test Cases/PFI Precision and Scale/PFI Components with Indexing/RequiredFieldValidationIndex' successfully

2020-06-02 09:21:31 - [TEST_STEP][PASSED] - callTestCase(findTestCase("Components/Logout"), ["LogoutPageTextToBeVerified":findTestData("ISPS2 Test Data").getValue("HomeBanner", 1)], STOP_ON_FAILURE): Call Test Case 'Test Cases/Components/Logout' successfully

2020-06-02 09:21:31 - [TEST_CASE][PASSED] - Test Cases/Components/Logout: Test Cases/Components/Logout

2020-06-02 09:21:31 - [TEST_STEP][PASSED] - Thread.sleep(3000): null

2020-06-02 09:21:34 - [TEST_STEP][NOT_RUN] - com.reusableComponents.HighlightElement.run(findTestObject("Objects.Logout/accountDropdown")): NOT_RUN: com.reusableComponents.HighlightElement.run(findTestObject("Objects.Logout/accountDropdown"))

2020-06-02 09:21:34 - [MESSAGE][NOT_RUN] - NOT_RUN: com.reusableComponents.HighlightElement.run(findTestObject("Objects.Logout/accountDropdown"))

2020-06-02 09:21:34 - [TEST_STEP][NOT_RUN] - click(findTestObject("Objects.Logout/accountDropdown")): NOT_RUN: click(findTestObject("Objects.Logout/accountDropdown"))

2020-06-02 09:21:34 - [MESSAGE][NOT_RUN] - NOT_RUN: click(findTestObject("Objects.Logout/accountDropdown"))

2020-06-02 09:21:34 - [TEST_STEP][NOT_RUN] - com.reusableComponents.clickUsingJS.clickUsingJS(findTestObject("Objects.Logout/accountDropdown"), 0): NOT_RUN: com.reusableComponents.clickUsingJS.clickUsingJS(findTestObject("Objects.Logout/accountDropdown"), 0)

2020-06-02 09:21:34 - [MESSAGE][NOT_RUN] - NOT_RUN: com.reusableComponents.clickUsingJS.clickUsingJS(findTestObject("Objects.Logout/accountDropdown"), 0)

2020-06-02 09:21:34 - [TEST_STEP][PASSED] - element = findWebElement(findTestObject("Objects.Logout/accountDropdown"), 30): null

2020-06-02 09:21:34 - [TEST_STEP][PASSED] - executeJavaScript("arguments[0].click()", Arrays.asList(element)): Execute JavaScript 'arguments[0].click()' successfully

2020-06-02 09:21:35 - [MESSAGE][PASSED] - Execute JavaScript 'arguments[0].click()' successfully

2020-06-02 09:21:35 - [TEST_STEP][NOT_RUN] - com.reusableComponents.HighlightElement.run(findTestObject("Objects.Logout/span_Logout")): NOT_RUN: com.reusableComponents.HighlightElement.run(findTestObject("Objects.Logout/span_Logout"))

2020-06-02 09:21:35 - [MESSAGE][NOT_RUN] - NOT_RUN: com.reusableComponents.HighlightElement.run(findTestObject("Objects.Logout/span_Logout"))

2020-06-02 09:21:35 - [TEST_STEP][PASSED] - click(findTestObject("Objects.Logout/span_Logout"), STOP_ON_FAILURE): Object: 'Object Repository/Objects.Logout/span_Logout' is clicked on

2020-06-02 09:21:37 - [MESSAGE][PASSED] - Object: 'Object Repository/Objects.Logout/span_Logout' is clicked on

2020-06-02 09:21:37 - [TEST_STEP][PASSED] - waitForPageLoad(30): Wait for page load successfully

2020-06-02 09:21:37 - [MESSAGE][PASSED] - Wait for page load successfully

2020-06-02 09:21:37 - [TEST_STEP][PASSED] - Thread.sleep(3000): null

2020-06-02 09:21:40 - [TEST_STEP][PASSED] - verifyTextPresent(LogoutPageTextToBeVerified, false): Text 'Sign in to ISPS2-PROD-Verify' is present on page 

2020-06-02 09:21:40 - [MESSAGE][PASSED] - Text 'Sign in to ISPS2-PROD-Verify' is present on page 

2020-06-02 09:21:40 - [TEST_STEP][PASSED] - Thread.sleep(3000): null

2020-06-02 09:21:43 - [TEST_STEP][NOT_RUN] - com.reusableComponents.HighlightElement.run(findTestObject("Objects.Logout/div_Sign in to ISPS2-PROD-Verify")): NOT_RUN: com.reusableComponents.HighlightElement.run(findTestObject("Objects.Logout/div_Sign in to ISPS2-PROD-Verify"))

2020-06-02 09:21:43 - [MESSAGE][NOT_RUN] - NOT_RUN: com.reusableComponents.HighlightElement.run(findTestObject("Objects.Logout/div_Sign in to ISPS2-PROD-Verify"))

2020-06-02 09:21:43 - [TEST_STEP][PASSED] - closeBrowser(): Browser is closed

2020-06-02 09:21:44 - [MESSAGE][PASSED] - Browser is closed

2020-06-02 09:21:44 - [MESSAGE][PASSED] - Call Test Case 'Test Cases/Components/Logout' successfully]]></system-out>
         <system-err><![CDATA[]]></system-err>
      </testcase>
      <system-out><![CDATA[2020-06-02 09:16:22 - [TEST_SUITE][PASSED] - PFI-TOPCSC: Test Cases/PFI Precision and Scale/PFI Test Cases/PFI - TOPCSC/DecideTOPCSC]]></system-out>
      <system-err><![CDATA[]]></system-err>
   </testsuite>
</testsuites>
