<?xml version="1.0" encoding="UTF-8"?>
<testsuites name="Page Section" time="1125.579" tests="8" failures="4" errors="1">
   <testsuite name="Page Section" tests="8" failures="4" errors="1" time="1125.579" timestamp="2020-05-12 23:39:44" hostname="19023-RAC - 192.168.16.39" id="Test Suites/PFI Precision and Scale Automated Regression Suite/Page Section">
      <properties>
         <property name="deviceName" value=""/>
         <property name="devicePlatform" value=""/>
         <property name="logFolder" value="C:\\Users\\19023-RAC\\Desktop\\Merging Automation\\Reports\\20200512_233847\\PFI Precision and Scale Automated Regression Suite\\Page Section\\20200512_233847"/>
         <property name="logFiles" value="C:\\Users\\19023-RAC\\Desktop\\Merging Automation\\Reports\\20200512_233847\\PFI Precision and Scale Automated Regression Suite\\Page Section\\20200512_233847\\execution0.log"/>
         <property name="attachments" value="C:\\Users\\19023-RAC\\Desktop\\Merging Automation\\Reports\\20200512_233847\\PFI Precision and Scale Automated Regression Suite\\Page Section\\20200512_233847\\1589298880153.png"/>
         <property name="hostName" value="19023-RAC - 192.168.16.39"/>
         <property name="os" value="Windows 10 64bit"/>
         <property name="katalonVersion" value="7.2.1.1"/>
         <property name="browser" value="Chrome 81.0.4044.138"/>
         <property name="hostAddress" value="192.168.16.39"/>
         <property name="sessionId" value="8951429e1b240e6f73a9d9ac6f8ef331"/>
         <property name="seleniumVersion" value="3.141.59"/>
         <property name="proxyInformation" value="ProxyInformation{proxyOption=NO_PROXY, proxyServerType=HTTP, password=, proxyServerAddress=, proxyServerPort=0, executionList=}"/>
         <property name="platform" value="Windows 10"/>
      </properties>
      <testcase name="Test Cases/PFI Precision and Scale/PFI Test Cases/PFI.EOTRequestLHS" time="231.91" classname="Test Cases/PFI Precision and Scale/PFI Test Cases/PFI.EOTRequestLHS" status="PASSED">
         <system-out><![CDATA[2020-05-12 23:39:44 - [TEST_CASE][PASSED] - Test Cases/PFI Precision and Scale/PFI Test Cases/PFI.EOTRequestLHS: Test Cases/PFI Precision and Scale/PFI Test Cases/PFI.EOTRequestLHS

2020-05-12 23:39:45 - [TEST_STEP][PASSED] - callTestCase(findTestCase("Components/LoginV2.0"), ["LinkToBeUsed":findTestData("Datatable").getValue("URL", 16), "LoginPageTextToBeVerified":findTestData("Datatable").getValue("HomeBanner", 2), ... ], STOP_ON_FAILURE): Call Test Case 'Test Cases/Components/LoginV2.0' successfully

2020-05-12 23:39:45 - [TEST_CASE][PASSED] - Test Cases/Components/LoginV2.0: Test Cases/Components/LoginV2.0

2020-05-12 23:39:46 - [TEST_STEP][PASSED] - openBrowser(LinkToBeUsed): Browser is opened with url: 'http://192.168.190.37:3012/isps2-mig/core/main.do#!dashboard/db/3021001'

2020-05-12 23:39:46 - [MESSAGE][INFO] - Starting 'Chrome' driver

2020-05-12 23:39:46 - [MESSAGE][INFO] - Action delay is set to 0 seconds

2020-05-12 23:39:59 - [MESSAGE][PASSED] - Browser is opened with url: 'http://192.168.190.37:3012/isps2-mig/core/main.do#!dashboard/db/3021001'

2020-05-12 23:39:59 - [TEST_STEP][PASSED] - maximizeWindow(): Current window maximized

2020-05-12 23:40:01 - [MESSAGE][PASSED] - Current window maximized

2020-05-12 23:40:01 - [TEST_STEP][PASSED] - verifyTextPresent(LoginPageTextToBeVerified, false): Text 'Sign in to ISPS2-SIT' is present on page 

2020-05-12 23:40:02 - [MESSAGE][PASSED] - Text 'Sign in to ISPS2-SIT' is present on page 

2020-05-12 23:40:02 - [TEST_STEP][PASSED] - setText(findTestObject("Objects.LoginV2.0/Login Page/input_Sign in to ISPS2-PROD-Verify_username"), Username): Text 'sysadmin' is set on object 'Object Repository/Objects.LoginV2.0/Login Page/input_Sign in to ISPS2-PROD-Verify_username'

2020-05-12 23:40:02 - [MESSAGE][PASSED] - Text 'sysadmin' is set on object 'Object Repository/Objects.LoginV2.0/Login Page/input_Sign in to ISPS2-PROD-Verify_username'

2020-05-12 23:40:02 - [TEST_STEP][PASSED] - setEncryptedText(findTestObject("Objects.LoginV2.0/Login Page/input_This field is required_password"), Password): Text ****** has been set on object 'Object Repository/Objects.LoginV2.0/Login Page/input_This field is required_password'

2020-05-12 23:40:03 - [MESSAGE][PASSED] - Text ****** has been set on object 'Object Repository/Objects.LoginV2.0/Login Page/input_This field is required_password'

2020-05-12 23:40:03 - [TEST_STEP][NOT_RUN] - setEncryptedText(findTestObject(null), Password): NOT_RUN: setEncryptedText(findTestObject(null), Password)

2020-05-12 23:40:03 - [MESSAGE][NOT_RUN] - NOT_RUN: setEncryptedText(findTestObject(null), Password)

2020-05-12 23:40:03 - [TEST_STEP][PASSED] - click(findTestObject("Objects.LoginV2.0/Login Page/div_Sign in to ISPS2-PROD-Verify_NovaGoButton-1021"), OPTIONAL): Object: 'Object Repository/Objects.LoginV2.0/Login Page/div_Sign in to ISPS2-PROD-Verify_NovaGoButton-1021' is clicked on

2020-05-12 23:40:03 - [MESSAGE][PASSED] - Object: 'Object Repository/Objects.LoginV2.0/Login Page/div_Sign in to ISPS2-PROD-Verify_NovaGoButton-1021' is clicked on

2020-05-12 23:40:03 - [TEST_STEP][PASSED] - waitForPageLoad(30): Wait for page load successfully

2020-05-12 23:40:03 - [MESSAGE][PASSED] - Wait for page load successfully

2020-05-12 23:40:03 - [TEST_STEP][PASSED] - Thread.sleep(3000): null

2020-05-12 23:40:06 - [MESSAGE][PASSED] - Call Test Case 'Test Cases/Components/LoginV2.0' successfully

2020-05-12 23:40:06 - [TEST_STEP][PASSED] - callTestCase(findTestCase("Components/Filter"), ["taskDescription":"Process Case (SM)"], STOP_ON_FAILURE): Call Test Case 'Test Cases/Components/Filter' successfully

2020-05-12 23:40:06 - [TEST_CASE][PASSED] - Test Cases/Components/Filter: Test Cases/Components/Filter

2020-05-12 23:40:07 - [TEST_STEP][PASSED] - Thread.sleep(5000): null

2020-05-12 23:40:12 - [TEST_STEP][PASSED] - waitForPageLoad(180): Wait for page load successfully

2020-05-12 23:40:12 - [MESSAGE][PASSED] - Wait for page load successfully

2020-05-12 23:40:12 - [TEST_STEP][PASSED] - waitForElementNotPresent(findTestObject("Objects.Filter/Page_ISPS2/div_Loading search result Please wait"), 180): Web element with id: 'Object Repository/Objects.Filter/Page_ISPS2/div_Loading search result Please wait' located by 'By.xpath: //div[@class = 'x-mask-msg-text' and (text() = 'Loading search result. Please wait...' or . = 'Loading search result. Please wait...')]' is not present after '180' second(s)

2020-05-12 23:40:12 - [MESSAGE][PASSED] - Web element with id: 'Object Repository/Objects.Filter/Page_ISPS2/div_Loading search result Please wait' located by 'By.xpath: //div[@class = 'x-mask-msg-text' and (text() = 'Loading search result. Please wait...' or . = 'Loading search result. Please wait...')]' is not present after '180' second(s)

2020-05-12 23:40:12 - [TEST_STEP][PASSED] - click(findTestObject("Objects.Filter/Page_ISPS2/XP.Embutidooo")): Object: 'Object Repository/Objects.Filter/Page_ISPS2/XP.Embutidooo' is clicked on

2020-05-12 23:40:12 - [MESSAGE][PASSED] - Object: 'Object Repository/Objects.Filter/Page_ISPS2/XP.Embutidooo' is clicked on

2020-05-12 23:40:12 - [TEST_STEP][PASSED] - com.reusableComponents.HighlightElement.run(findTestObject("Objects.Filter/Page_ISPS2/span_Reset")): com.reusableComponents.HighlightElement.run is PASSED

2020-05-12 23:40:13 - [MESSAGE][PASSED] - com.reusableComponents.HighlightElement.run is PASSED

2020-05-12 23:40:13 - [TEST_STEP][PASSED] - click(findTestObject("Objects.Filter/Page_ISPS2/span_Reset")): Object: 'Object Repository/Objects.Filter/Page_ISPS2/span_Reset' is clicked on

2020-05-12 23:40:13 - [MESSAGE][PASSED] - Object: 'Object Repository/Objects.Filter/Page_ISPS2/span_Reset' is clicked on

2020-05-12 23:40:14 - [TEST_STEP][PASSED] - com.reusableComponents.HighlightElement.run(findTestObject("Objects.Filter/Page_ISPS2/TextBoxTaskDescription")): com.reusableComponents.HighlightElement.run is PASSED

2020-05-12 23:40:15 - [MESSAGE][PASSED] - com.reusableComponents.HighlightElement.run is PASSED

2020-05-12 23:40:15 - [TEST_STEP][PASSED] - setText(findTestObject("Objects.Filter/Page_ISPS2/TextBoxTaskDescription"), taskDescription): Text 'Process Case (SM)' is set on object 'Object Repository/Objects.Filter/Page_ISPS2/TextBoxTaskDescription'

2020-05-12 23:40:15 - [MESSAGE][PASSED] - Text 'Process Case (SM)' is set on object 'Object Repository/Objects.Filter/Page_ISPS2/TextBoxTaskDescription'

2020-05-12 23:40:15 - [TEST_STEP][PASSED] - caseType = taskDescription: null

2020-05-12 23:40:17 - [TEST_STEP][PASSED] - sendKeys(findTestObject("Objects.Filter/Page_ISPS2/TextBoxTaskDescription"), Keys.chord(ENTER)): Keys 'ENTER + ' sent to object: 'Object Repository/Objects.Filter/Page_ISPS2/TextBoxTaskDescription'

2020-05-12 23:40:17 - [MESSAGE][PASSED] - Keys 'ENTER + ' sent to object: 'Object Repository/Objects.Filter/Page_ISPS2/TextBoxTaskDescription'

2020-05-12 23:40:17 - [TEST_STEP][PASSED] - com.reusableComponents.HighlightElement.run(findTestObject("Objects.Filter/Page_ISPS2/span_Search")): com.reusableComponents.HighlightElement.run is PASSED

2020-05-12 23:40:18 - [MESSAGE][PASSED] - com.reusableComponents.HighlightElement.run is PASSED

2020-05-12 23:40:18 - [TEST_STEP][PASSED] - click(findTestObject("Objects.Filter/Page_ISPS2/span_Search")): Object: 'Object Repository/Objects.Filter/Page_ISPS2/span_Search' is clicked on

2020-05-12 23:40:18 - [MESSAGE][PASSED] - Object: 'Object Repository/Objects.Filter/Page_ISPS2/span_Search' is clicked on

2020-05-12 23:40:18 - [TEST_STEP][NOT_RUN] - verifyTextPresent("Loading search result. Please wait...", false): NOT_RUN: verifyTextPresent("Loading search result. Please wait...", false)

2020-05-12 23:40:18 - [MESSAGE][NOT_RUN] - NOT_RUN: verifyTextPresent("Loading search result. Please wait...", false)

2020-05-12 23:40:18 - [TEST_STEP][NOT_RUN] - waitForElementNotPresent(findTestObject("Objects.Filter/Page_ISPS2/div_Loading search result Please wait"), 120): NOT_RUN: waitForElementNotPresent(findTestObject("Objects.Filter/Page_ISPS2/div_Loading search result Please wait"), 120)

2020-05-12 23:40:18 - [MESSAGE][NOT_RUN] - NOT_RUN: waitForElementNotPresent(findTestObject("Objects.Filter/Page_ISPS2/div_Loading search result Please wait"), 120)

2020-05-12 23:40:18 - [TEST_STEP][PASSED] - Thread.sleep(5000): null

2020-05-12 23:40:23 - [MESSAGE][PASSED] - Call Test Case 'Test Cases/Components/Filter' successfully

2020-05-12 23:40:23 - [TEST_STEP][PASSED] - callTestCase(findTestCase("Components/ClickLinkDependingOnTextAndIndex"), ["linkName":"Process Case (SM)", "index":"6"], STOP_ON_FAILURE): Call Test Case 'Test Cases/Components/ClickLinkDependingOnTextAndIndex' successfully

2020-05-12 23:40:23 - [TEST_CASE][PASSED] - Test Cases/Components/ClickLinkDependingOnTextAndIndex: Test Cases/Components/ClickLinkDependingOnTextAndIndex

2020-05-12 23:40:24 - [TEST_STEP][PASSED] - Thread.sleep(1000): null

2020-05-12 23:40:25 - [TEST_STEP][PASSED] - println(linkName): null

2020-05-12 23:40:25 - [TEST_STEP][PASSED] - println(index): null

2020-05-12 23:40:25 - [TEST_STEP][PASSED] - modifiedLink = modifyObjectProperty(findTestObject("Objects.ClickLinkDependingOnTextAndIndex/linkToModify"), "xpath", "equals", "(//a[text()="" + linkName + ""])[" + index + "]", true): Modify property of object successfully

2020-05-12 23:40:25 - [MESSAGE][PASSED] - Modify property of object successfully

2020-05-12 23:40:25 - [TEST_STEP][PASSED] - Thread.sleep(5000): null

2020-05-12 23:40:30 - [TEST_STEP][PASSED] - com.reusableComponents.HighlightElement.run(modifiedLink): com.reusableComponents.HighlightElement.run is PASSED

2020-05-12 23:40:30 - [MESSAGE][PASSED] - com.reusableComponents.HighlightElement.run is PASSED

2020-05-12 23:40:30 - [TEST_STEP][PASSED] - click(modifiedLink): Object: 'Object Repository/Objects.ClickLinkDependingOnTextAndIndex/linkToModify' is clicked on

2020-05-12 23:40:31 - [MESSAGE][PASSED] - Object: 'Object Repository/Objects.ClickLinkDependingOnTextAndIndex/linkToModify' is clicked on

2020-05-12 23:40:31 - [MESSAGE][PASSED] - Call Test Case 'Test Cases/Components/ClickLinkDependingOnTextAndIndex' successfully

2020-05-12 23:40:31 - [TEST_STEP][PASSED] - callTestCase(findTestCase("Components/00_Precision and Scale/VerifyPageScreenLoad"), [:], STOP_ON_FAILURE): Call Test Case 'Test Cases/Components/00_Precision and Scale/VerifyPageScreenLoad' successfully

2020-05-12 23:40:31 - [TEST_CASE][PASSED] - Test Cases/Components/00_Precision and Scale/VerifyPageScreenLoad: Test Cases/Components/00_Precision and Scale/VerifyPageScreenLoad

2020-05-12 23:40:31 - [TEST_STEP][PASSED] - waitForPageLoad(180): Wait for page load successfully

2020-05-12 23:40:31 - [MESSAGE][PASSED] - Wait for page load successfully

2020-05-12 23:40:31 - [TEST_STEP][PASSED] - enableSmartWait(): null

2020-05-12 23:40:31 - [TEST_STEP][PASSED] - com.reusableComponents.HighlightElement.run(findTestObject("Objects.VerifyCourtActionsPrecisionAndScale/Page_ISPS2/div_Summary")): com.reusableComponents.HighlightElement.run is PASSED

2020-05-12 23:40:40 - [MESSAGE][PASSED] - com.reusableComponents.HighlightElement.run is PASSED

2020-05-12 23:40:40 - [MESSAGE][PASSED] - Call Test Case 'Test Cases/Components/00_Precision and Scale/VerifyPageScreenLoad' successfully

2020-05-12 23:40:40 - [TEST_STEP][PASSED] - callTestCase(findTestCase("Components/NavigateToAnyLHS"), ["LHS":"EOT Request"], STOP_ON_FAILURE): Call Test Case 'Test Cases/Components/NavigateToAnyLHS' successfully

2020-05-12 23:40:40 - [TEST_CASE][PASSED] - Test Cases/Components/NavigateToAnyLHS: Test Cases/Components/NavigateToAnyLHS

2020-05-12 23:40:40 - [TEST_STEP][PASSED] - Thread.sleep(1000): null

2020-05-12 23:40:41 - [TEST_STEP][PASSED] - modifiedLHS = modifyObjectProperty(findTestObject("Objects.NavigateToAnyLHS/Page_ISPS2/LHSToModify"), "text", "equals", LHS, true): Modify property of object successfully

2020-05-12 23:40:41 - [MESSAGE][PASSED] - Modify property of object successfully

2020-05-12 23:40:41 - [TEST_STEP][PASSED] - click(modifiedLHS): Object: 'Object Repository/Objects.NavigateToAnyLHS/Page_ISPS2/LHSToModify' is clicked on

2020-05-12 23:40:42 - [MESSAGE][PASSED] - Object: 'Object Repository/Objects.NavigateToAnyLHS/Page_ISPS2/LHSToModify' is clicked on

2020-05-12 23:40:42 - [TEST_STEP][PASSED] - currentLHS = getText(modifiedLHS): Text of object 'Object Repository/Objects.NavigateToAnyLHS/Page_ISPS2/LHSToModify' is: 'EOT Request'

2020-05-12 23:40:43 - [MESSAGE][PASSED] - Text of object 'Object Repository/Objects.NavigateToAnyLHS/Page_ISPS2/LHSToModify' is: 'EOT Request'

2020-05-12 23:40:43 - [TEST_STEP][PASSED] - Thread.sleep(5000): null

2020-05-12 23:40:48 - [MESSAGE][PASSED] - Call Test Case 'Test Cases/Components/NavigateToAnyLHS' successfully

2020-05-12 23:40:48 - [TEST_STEP][PASSED] - callTestCase(findTestCase("Components/00_Precision and Scale/EOTTypeValidation"), ["LblNm":"EOT Type *:", "FldNm":"eotTypeCmb", "EnterInvalidEOTType":"1231@#$asdCV"], STOP_ON_FAILURE): Call Test Case 'Test Cases/Components/00_Precision and Scale/EOTTypeValidation' successfully

2020-05-12 23:40:48 - [TEST_CASE][PASSED] - Test Cases/Components/00_Precision and Scale/EOTTypeValidation: Test Cases/Components/00_Precision and Scale/EOTTypeValidation

2020-05-12 23:40:49 - [TEST_STEP][PASSED] - enableSmartWait(): null

2020-05-12 23:40:49 - [TEST_STEP][PASSED] - NewLblNmField = modifyObjectProperty(findTestObject("Objects.NameValidation/label_FieldName"), "text", "equals", LblNm, true): Modify property of object successfully

2020-05-12 23:40:49 - [MESSAGE][PASSED] - Modify property of object successfully

2020-05-12 23:40:49 - [TEST_STEP][PASSED] - NewInputNmField = modifyObjectProperty(findTestObject("Objects.NameValidation/input_FieldName"), "name", "equals", FldNm, true): Modify property of object successfully

2020-05-12 23:40:49 - [MESSAGE][PASSED] - Modify property of object successfully

2020-05-12 23:40:49 - [TEST_STEP][PASSED] - NewErrRqMsg = modifyObjectProperty(findTestObject("Objects.NameValidation/RqFieldNm"), "name", "equals", FldNm, true): Modify property of object successfully

2020-05-12 23:40:49 - [MESSAGE][PASSED] - Modify property of object successfully

2020-05-12 23:40:49 - [TEST_STEP][PASSED] - com.reusableComponents.HighlightElement.run(NewLblNmField): com.reusableComponents.HighlightElement.run is PASSED

2020-05-12 23:40:50 - [MESSAGE][PASSED] - com.reusableComponents.HighlightElement.run is PASSED

2020-05-12 23:40:50 - [TEST_STEP][PASSED] - com.reusableComponents.HighlightElement.run(NewInputNmField): com.reusableComponents.HighlightElement.run is PASSED

2020-05-12 23:40:50 - [MESSAGE][PASSED] - com.reusableComponents.HighlightElement.run is PASSED

2020-05-12 23:40:50 - [TEST_STEP][PASSED] - focus(NewInputNmField): Object: 'Object Repository/Objects.NameValidation/input_FieldName' is focused

2020-05-12 23:40:51 - [MESSAGE][PASSED] - Object: 'Object Repository/Objects.NameValidation/input_FieldName' is focused

2020-05-12 23:40:51 - [TEST_STEP][PASSED] - DefaultValue = getAttribute(NewInputNmField, "value"): Attribute 'value' of object 'Object Repository/Objects.NameValidation/input_FieldName' is: ''

2020-05-12 23:40:51 - [MESSAGE][PASSED] - Attribute 'value' of object 'Object Repository/Objects.NameValidation/input_FieldName' is: ''

2020-05-12 23:40:51 - [TEST_STEP][PASSED] - verifyMatch(DefaultValue, "", true): Actual text '' and expected text '' are matched  using regular expression

2020-05-12 23:40:51 - [MESSAGE][PASSED] - Actual text '' and expected text '' are matched  using regular expression

2020-05-12 23:40:51 - [TEST_STEP][PASSED] - setText(NewInputNmField, EnterInvalidEOTType): Text '1231@#$asdCV' is set on object 'Object Repository/Objects.NameValidation/input_FieldName'

2020-05-12 23:40:51 - [MESSAGE][PASSED] - Text '1231@#$asdCV' is set on object 'Object Repository/Objects.NameValidation/input_FieldName'

2020-05-12 23:40:51 - [TEST_STEP][PASSED] - SearchValue = getAttribute(NewInputNmField, "value"): Attribute 'value' of object 'Object Repository/Objects.NameValidation/input_FieldName' is: '1231@#$asdCV'

2020-05-12 23:40:52 - [MESSAGE][PASSED] - Attribute 'value' of object 'Object Repository/Objects.NameValidation/input_FieldName' is: '1231@#$asdCV'

2020-05-12 23:40:52 - [TEST_STEP][PASSED] - EOTType = [1:["EOTType":"Appointment of PE for Visual Inspection"], 2:["EOTType":"Appointment of PE for FSI"], 3:["EOTType":"Submission of VIR"], ... ]: null

2020-05-12 23:40:52 - [TEST_STEP][PASSED] - FoundValue = EOTType.find({ -> ... }): null

2020-05-12 23:40:52 - [TEST_STEP][PASSED] - if (FoundValue == null): No matching qp found

2020-05-12 23:40:52 - [TEST_STEP][PASSED] - comment("No matching qp found"): No matching qp found

2020-05-12 23:40:52 - [MESSAGE][INFO] - No matching qp found

2020-05-12 23:40:52 - [TEST_STEP][PASSED] - clearText(NewInputNmField): Text of object 'Object Repository/Objects.NameValidation/input_FieldName' is cleared

2020-05-12 23:40:52 - [MESSAGE][PASSED] - Text of object 'Object Repository/Objects.NameValidation/input_FieldName' is cleared

2020-05-12 23:40:52 - [TEST_STEP][PASSED] - focus(NewInputNmField): Object: 'Object Repository/Objects.NameValidation/input_FieldName' is focused

2020-05-12 23:40:53 - [MESSAGE][PASSED] - Object: 'Object Repository/Objects.NameValidation/input_FieldName' is focused

2020-05-12 23:40:53 - [TEST_STEP][PASSED] - mouseOver(NewErrRqMsg): Object: 'Object Repository/Objects.NameValidation/RqFieldNm' is hovered

2020-05-12 23:40:53 - [MESSAGE][PASSED] - Object: 'Object Repository/Objects.NameValidation/RqFieldNm' is hovered

2020-05-12 23:40:53 - [TEST_STEP][PASSED] - getRqErrMsg = getAttribute(NewErrRqMsg, "data-errorqtip"): Attribute 'data-errorqtip' of object 'Object Repository/Objects.NameValidation/RqFieldNm' is: '<ul class="x-list-plain"><li>This field is required</li></ul>'

2020-05-12 23:40:53 - [MESSAGE][PASSED] - Attribute 'data-errorqtip' of object 'Object Repository/Objects.NameValidation/RqFieldNm' is: '<ul class="x-list-plain"><li>This field is required</li></ul>'

2020-05-12 23:40:53 - [TEST_STEP][PASSED] - strToolTip = getRqErrMsg.substring(29, 61): null

2020-05-12 23:40:53 - [TEST_STEP][PASSED] - toolTipReqErrMsg = strToolTip.substring(0, 22): null

2020-05-12 23:40:53 - [TEST_STEP][PASSED] - verifyMatch(toolTipReqErrMsg, RqField, true): Actual text 'This field is required' and expected text 'This field is required' are matched  using regular expression

2020-05-12 23:40:53 - [MESSAGE][PASSED] - Actual text 'This field is required' and expected text 'This field is required' are matched  using regular expression

2020-05-12 23:40:53 - [TEST_STEP][PASSED] - focus(NewInputNmField): Object: 'Object Repository/Objects.NameValidation/input_FieldName' is focused

2020-05-12 23:40:54 - [MESSAGE][PASSED] - Object: 'Object Repository/Objects.NameValidation/input_FieldName' is focused

2020-05-12 23:40:54 - [TEST_STEP][PASSED] - click(findTestObject("Objects.PELSH/Dropdown_Arrow")): Object: 'Object Repository/Objects.PELSH/Dropdown_Arrow' is clicked on

2020-05-12 23:40:54 - [MESSAGE][PASSED] - Object: 'Object Repository/Objects.PELSH/Dropdown_Arrow' is clicked on

2020-05-12 23:40:54 - [TEST_STEP][PASSED] - setText(NewInputNmField, "A"): Text 'A' is set on object 'Object Repository/Objects.NameValidation/input_FieldName'

2020-05-12 23:40:55 - [MESSAGE][PASSED] - Text 'A' is set on object 'Object Repository/Objects.NameValidation/input_FieldName'

2020-05-12 23:40:55 - [TEST_STEP][PASSED] - for ([itr = 1, itr < EOTType.size(), (itr++)]): Keys 'ENTER + ' sent to object: 'Object Repository/Objects.NameValidation/input_FieldName'

2020-05-12 23:40:55 - [TEST_STEP][PASSED] - sendKeys(NewInputNmField, Keys.chord(ENTER)): Keys 'ENTER + ' sent to object: 'Object Repository/Objects.NameValidation/input_FieldName'

2020-05-12 23:40:55 - [MESSAGE][PASSED] - Keys 'ENTER + ' sent to object: 'Object Repository/Objects.NameValidation/input_FieldName'

2020-05-12 23:40:55 - [TEST_STEP][PASSED] - SearchValue = getAttribute(NewInputNmField, "value"): Attribute 'value' of object 'Object Repository/Objects.NameValidation/input_FieldName' is: 'Appointment of PE for Visual Inspection'

2020-05-12 23:40:56 - [MESSAGE][PASSED] - Attribute 'value' of object 'Object Repository/Objects.NameValidation/input_FieldName' is: 'Appointment of PE for Visual Inspection'

2020-05-12 23:40:56 - [TEST_STEP][PASSED] - println(SearchValue): null

2020-05-12 23:40:56 - [TEST_STEP][PASSED] - FoundVal = EOTType.find({ -> ... }): null

2020-05-12 23:40:56 - [TEST_STEP][PASSED] - if (FoundVal != null): null

2020-05-12 23:40:56 - [TEST_STEP][PASSED] - comment("Matching EOT Type is Found!"): Matching EOT Type is Found!

2020-05-12 23:40:56 - [MESSAGE][INFO] - Matching EOT Type is Found!

2020-05-12 23:40:56 - [TEST_STEP][PASSED] - println(FoundVal): null

2020-05-12 23:40:56 - [TEST_STEP][PASSED] - sendKeys(NewInputNmField, Keys.chord(ARROW_DOWN)): Keys 'DOWN + ' sent to object: 'Object Repository/Objects.NameValidation/input_FieldName'

2020-05-12 23:40:56 - [MESSAGE][PASSED] - Keys 'DOWN + ' sent to object: 'Object Repository/Objects.NameValidation/input_FieldName'

2020-05-12 23:40:56 - [TEST_STEP][PASSED] - sendKeys(NewInputNmField, Keys.chord(ARROW_DOWN)): Keys 'DOWN + ' sent to object: 'Object Repository/Objects.NameValidation/input_FieldName'

2020-05-12 23:40:56 - [MESSAGE][PASSED] - Keys 'DOWN + ' sent to object: 'Object Repository/Objects.NameValidation/input_FieldName'

2020-05-12 23:40:56 - [TEST_STEP][PASSED] - sendKeys(NewInputNmField, Keys.chord(ENTER)): Keys 'ENTER + ' sent to object: 'Object Repository/Objects.NameValidation/input_FieldName'

2020-05-12 23:40:57 - [MESSAGE][PASSED] - Keys 'ENTER + ' sent to object: 'Object Repository/Objects.NameValidation/input_FieldName'

2020-05-12 23:40:57 - [TEST_STEP][PASSED] - sendKeys(NewInputNmField, Keys.chord(ENTER)): Keys 'ENTER + ' sent to object: 'Object Repository/Objects.NameValidation/input_FieldName'

2020-05-12 23:40:57 - [MESSAGE][PASSED] - Keys 'ENTER + ' sent to object: 'Object Repository/Objects.NameValidation/input_FieldName'

2020-05-12 23:40:57 - [TEST_STEP][PASSED] - SearchValue = getAttribute(NewInputNmField, "value"): Attribute 'value' of object 'Object Repository/Objects.NameValidation/input_FieldName' is: 'Appointment of PE for FSI'

2020-05-12 23:40:58 - [MESSAGE][PASSED] - Attribute 'value' of object 'Object Repository/Objects.NameValidation/input_FieldName' is: 'Appointment of PE for FSI'

2020-05-12 23:40:58 - [TEST_STEP][PASSED] - println(SearchValue): null

2020-05-12 23:40:58 - [TEST_STEP][PASSED] - FoundVal = EOTType.find({ -> ... }): null

2020-05-12 23:40:58 - [TEST_STEP][PASSED] - if (FoundVal != null): null

2020-05-12 23:40:58 - [TEST_STEP][PASSED] - comment("Matching EOT Type is Found!"): Matching EOT Type is Found!

2020-05-12 23:40:58 - [MESSAGE][INFO] - Matching EOT Type is Found!

2020-05-12 23:40:58 - [TEST_STEP][PASSED] - println(FoundVal): null

2020-05-12 23:40:58 - [TEST_STEP][PASSED] - sendKeys(NewInputNmField, Keys.chord(ARROW_DOWN)): Keys 'DOWN + ' sent to object: 'Object Repository/Objects.NameValidation/input_FieldName'

2020-05-12 23:40:58 - [MESSAGE][PASSED] - Keys 'DOWN + ' sent to object: 'Object Repository/Objects.NameValidation/input_FieldName'

2020-05-12 23:40:58 - [TEST_STEP][PASSED] - sendKeys(NewInputNmField, Keys.chord(ARROW_DOWN)): Keys 'DOWN + ' sent to object: 'Object Repository/Objects.NameValidation/input_FieldName'

2020-05-12 23:40:58 - [MESSAGE][PASSED] - Keys 'DOWN + ' sent to object: 'Object Repository/Objects.NameValidation/input_FieldName'

2020-05-12 23:40:58 - [TEST_STEP][PASSED] - sendKeys(NewInputNmField, Keys.chord(ENTER)): Keys 'ENTER + ' sent to object: 'Object Repository/Objects.NameValidation/input_FieldName'

2020-05-12 23:40:59 - [MESSAGE][PASSED] - Keys 'ENTER + ' sent to object: 'Object Repository/Objects.NameValidation/input_FieldName'

2020-05-12 23:40:59 - [TEST_STEP][PASSED] - sendKeys(NewInputNmField, Keys.chord(ENTER)): Keys 'ENTER + ' sent to object: 'Object Repository/Objects.NameValidation/input_FieldName'

2020-05-12 23:40:59 - [MESSAGE][PASSED] - Keys 'ENTER + ' sent to object: 'Object Repository/Objects.NameValidation/input_FieldName'

2020-05-12 23:40:59 - [TEST_STEP][PASSED] - SearchValue = getAttribute(NewInputNmField, "value"): Attribute 'value' of object 'Object Repository/Objects.NameValidation/input_FieldName' is: 'Submission of VIR'

2020-05-12 23:41:00 - [MESSAGE][PASSED] - Attribute 'value' of object 'Object Repository/Objects.NameValidation/input_FieldName' is: 'Submission of VIR'

2020-05-12 23:41:00 - [TEST_STEP][PASSED] - println(SearchValue): null

2020-05-12 23:41:00 - [TEST_STEP][PASSED] - FoundVal = EOTType.find({ -> ... }): null

2020-05-12 23:41:00 - [TEST_STEP][PASSED] - if (FoundVal != null): null

2020-05-12 23:41:00 - [TEST_STEP][PASSED] - comment("Matching EOT Type is Found!"): Matching EOT Type is Found!

2020-05-12 23:41:00 - [MESSAGE][INFO] - Matching EOT Type is Found!

2020-05-12 23:41:00 - [TEST_STEP][PASSED] - println(FoundVal): null

2020-05-12 23:41:00 - [TEST_STEP][PASSED] - sendKeys(NewInputNmField, Keys.chord(ARROW_DOWN)): Keys 'DOWN + ' sent to object: 'Object Repository/Objects.NameValidation/input_FieldName'

2020-05-12 23:41:00 - [MESSAGE][PASSED] - Keys 'DOWN + ' sent to object: 'Object Repository/Objects.NameValidation/input_FieldName'

2020-05-12 23:41:00 - [TEST_STEP][PASSED] - sendKeys(NewInputNmField, Keys.chord(ARROW_DOWN)): Keys 'DOWN + ' sent to object: 'Object Repository/Objects.NameValidation/input_FieldName'

2020-05-12 23:41:00 - [MESSAGE][PASSED] - Keys 'DOWN + ' sent to object: 'Object Repository/Objects.NameValidation/input_FieldName'

2020-05-12 23:41:00 - [TEST_STEP][PASSED] - sendKeys(NewInputNmField, Keys.chord(ENTER)): Keys 'ENTER + ' sent to object: 'Object Repository/Objects.NameValidation/input_FieldName'

2020-05-12 23:41:01 - [MESSAGE][PASSED] - Keys 'ENTER + ' sent to object: 'Object Repository/Objects.NameValidation/input_FieldName'

2020-05-12 23:41:01 - [MESSAGE][PASSED] - Call Test Case 'Test Cases/Components/00_Precision and Scale/EOTTypeValidation' successfully

2020-05-12 23:41:01 - [TEST_STEP][PASSED] - callTestCase(findTestCase("Components/00_Precision and Scale/DateValidation"), ["LblNm":"EOT From Date *:", "FldNm":"eotFromDate", "MinLen":5, "index":1, "PastDtValidation":"N"], STOP_ON_FAILURE): Call Test Case 'Test Cases/Components/00_Precision and Scale/DateValidation' successfully

2020-05-12 23:41:01 - [TEST_CASE][PASSED] - Test Cases/Components/00_Precision and Scale/DateValidation: Test Cases/Components/00_Precision and Scale/DateValidation

2020-05-12 23:41:02 - [TEST_STEP][PASSED] - Thread.sleep(3000): null

2020-05-12 23:41:05 - [TEST_STEP][PASSED] - date = new java.util.Date(): null

2020-05-12 23:41:05 - [TEST_STEP][PASSED] - CurrentDate = new java.text.SimpleDateFormat(dd/MM/yyyy): null

2020-05-12 23:41:05 - [TEST_STEP][PASSED] - TodayDate = CurrentDate.format(date): null

2020-05-12 23:41:05 - [TEST_STEP][PASSED] - Alphabetic = z).join(): null

2020-05-12 23:41:05 - [TEST_STEP][PASSED] - Numeric = 9).join(): null

2020-05-12 23:41:05 - [TEST_STEP][PASSED] - SpecialChar = "`~!@#$%^&*()-=+_{}|\][;'":,.?><"": null

2020-05-12 23:41:05 - [TEST_STEP][PASSED] - RandomAlpha = RandomStringUtils.random(MinLen, Alphabetic.toCharArray()): null

2020-05-12 23:41:05 - [TEST_STEP][PASSED] - RandomNumeric = RandomStringUtils.random(MinLen, Numeric): null

2020-05-12 23:41:05 - [TEST_STEP][PASSED] - RdmSpChar = RandomStringUtils.random(MinLen, SpecialChar): null

2020-05-12 23:41:05 - [TEST_STEP][PASSED] - NewLblNm = modifyObjectProperty(findTestObject("Objects.DateValidation/Page_ISPS2/label_Name"), "text", "equals", LblNm, true): Modify property of object successfully

2020-05-12 23:41:05 - [MESSAGE][PASSED] - Modify property of object successfully

2020-05-12 23:41:05 - [TEST_STEP][PASSED] - TodayBtn = modifyObjectProperty(findTestObject("Object Repository/Objects.DateValidation/Page_ISPS2/a_Today"), "xpath", "equals", "(//*[text() = 'Today'])[" + index + "]", true): Modify property of object successfully

2020-05-12 23:41:05 - [MESSAGE][PASSED] - Modify property of object successfully

2020-05-12 23:41:05 - [TEST_STEP][PASSED] - com.reusableComponents.HighlightElement.run(NewLblNm): com.reusableComponents.HighlightElement.run is PASSED

2020-05-12 23:41:06 - [MESSAGE][PASSED] - com.reusableComponents.HighlightElement.run is PASSED

2020-05-12 23:41:06 - [TEST_STEP][PASSED] - DateFieldNm = modifyObjectProperty(findTestObject("Object Repository/Objects.DateValidation/Page_ISPS2/input__orderDt"), "name", "equals", FldNm, true): Modify property of object successfully

2020-05-12 23:41:06 - [MESSAGE][PASSED] - Modify property of object successfully

2020-05-12 23:41:06 - [TEST_STEP][PASSED] - com.reusableComponents.HighlightElement.run(DateFieldNm): com.reusableComponents.HighlightElement.run is PASSED

2020-05-12 23:41:07 - [MESSAGE][PASSED] - com.reusableComponents.HighlightElement.run is PASSED

2020-05-12 23:41:07 - [TEST_STEP][PASSED] - focus(DateFieldNm): Object: 'Object Repository/Objects.DateValidation/Page_ISPS2/input__orderDt' is focused

2020-05-12 23:41:07 - [MESSAGE][PASSED] - Object: 'Object Repository/Objects.DateValidation/Page_ISPS2/input__orderDt' is focused

2020-05-12 23:41:07 - [TEST_STEP][PASSED] - DefaultValue = getAttribute(DateFieldNm, "value", STOP_ON_FAILURE): Attribute 'value' of object 'Object Repository/Objects.DateValidation/Page_ISPS2/input__orderDt' is: ''

2020-05-12 23:41:07 - [MESSAGE][PASSED] - Attribute 'value' of object 'Object Repository/Objects.DateValidation/Page_ISPS2/input__orderDt' is: ''

2020-05-12 23:41:07 - [TEST_STEP][PASSED] - verifyMatch(DefaultValue, "", true): Actual text '' and expected text '' are matched  using regular expression

2020-05-12 23:41:07 - [MESSAGE][PASSED] - Actual text '' and expected text '' are matched  using regular expression

2020-05-12 23:41:07 - [TEST_STEP][PASSED] - setText(DateFieldNm, RandomAlpha): Text 'cuaDS' is set on object 'Object Repository/Objects.DateValidation/Page_ISPS2/input__orderDt'

2020-05-12 23:41:08 - [MESSAGE][PASSED] - Text 'cuaDS' is set on object 'Object Repository/Objects.DateValidation/Page_ISPS2/input__orderDt'

2020-05-12 23:41:08 - [TEST_STEP][PASSED] - getInputAlpha = getAttribute(DateFieldNm, "value", STOP_ON_FAILURE): Attribute 'value' of object 'Object Repository/Objects.DateValidation/Page_ISPS2/input__orderDt' is: ''

2020-05-12 23:41:08 - [MESSAGE][PASSED] - Attribute 'value' of object 'Object Repository/Objects.DateValidation/Page_ISPS2/input__orderDt' is: ''

2020-05-12 23:41:08 - [TEST_STEP][PASSED] - verifyMatch("", getInputAlpha, true, STOP_ON_FAILURE): Actual text '' and expected text '' are matched  using regular expression

2020-05-12 23:41:08 - [MESSAGE][PASSED] - Actual text '' and expected text '' are matched  using regular expression

2020-05-12 23:41:08 - [TEST_STEP][PASSED] - delay(5): Delayed 5 second(s)

2020-05-12 23:41:13 - [MESSAGE][PASSED] - Delayed 5 second(s)

2020-05-12 23:41:13 - [TEST_STEP][PASSED] - setText(DateFieldNm, RdmSpChar): Text '.&`)$' is set on object 'Object Repository/Objects.DateValidation/Page_ISPS2/input__orderDt'

2020-05-12 23:41:13 - [MESSAGE][PASSED] - Text '.&`)$' is set on object 'Object Repository/Objects.DateValidation/Page_ISPS2/input__orderDt'

2020-05-12 23:41:13 - [TEST_STEP][PASSED] - getInputSpecialChar = getAttribute(DateFieldNm, "value", STOP_ON_FAILURE): Attribute 'value' of object 'Object Repository/Objects.DateValidation/Page_ISPS2/input__orderDt' is: ''

2020-05-12 23:41:13 - [MESSAGE][PASSED] - Attribute 'value' of object 'Object Repository/Objects.DateValidation/Page_ISPS2/input__orderDt' is: ''

2020-05-12 23:41:13 - [TEST_STEP][PASSED] - verifyMatch("", getInputSpecialChar, true, STOP_ON_FAILURE): Actual text '' and expected text '' are matched  using regular expression

2020-05-12 23:41:13 - [MESSAGE][PASSED] - Actual text '' and expected text '' are matched  using regular expression

2020-05-12 23:41:13 - [TEST_STEP][PASSED] - delay(5): Delayed 5 second(s)

2020-05-12 23:41:18 - [MESSAGE][PASSED] - Delayed 5 second(s)

2020-05-12 23:41:18 - [TEST_STEP][PASSED] - setText(DateFieldNm, RandomNumeric): Text '74114' is set on object 'Object Repository/Objects.DateValidation/Page_ISPS2/input__orderDt'

2020-05-12 23:41:19 - [MESSAGE][PASSED] - Text '74114' is set on object 'Object Repository/Objects.DateValidation/Page_ISPS2/input__orderDt'

2020-05-12 23:41:19 - [TEST_STEP][PASSED] - getInputInvalidDate = getAttribute(findTestObject("Objects.DateValidation/Page_ISPS2/tooltipErrMsgInvalidDate"), "value", STOP_ON_FAILURE): Attribute 'value' of object 'Object Repository/Objects.DateValidation/Page_ISPS2/tooltipErrMsgInvalidDate' is: '74114'

2020-05-12 23:41:19 - [MESSAGE][PASSED] - Attribute 'value' of object 'Object Repository/Objects.DateValidation/Page_ISPS2/tooltipErrMsgInvalidDate' is: '74114'

2020-05-12 23:41:19 - [TEST_STEP][PASSED] - mouseOver(findTestObject("Objects.DateValidation/Page_ISPS2/tooltipErrMsgInvalidDate"), STOP_ON_FAILURE): Object: 'Object Repository/Objects.DateValidation/Page_ISPS2/tooltipErrMsgInvalidDate' is hovered

2020-05-12 23:41:20 - [MESSAGE][PASSED] - Object: 'Object Repository/Objects.DateValidation/Page_ISPS2/tooltipErrMsgInvalidDate' is hovered

2020-05-12 23:41:20 - [TEST_STEP][PASSED] - getErrMsg = getAttribute(findTestObject("Objects.DateValidation/Page_ISPS2/tooltipErrMsgInvalidDate"), "data-errorqtip", STOP_ON_FAILURE): Attribute 'data-errorqtip' of object 'Object Repository/Objects.DateValidation/Page_ISPS2/tooltipErrMsgInvalidDate' is: '<ul class="x-list-plain"><li>Start time must be less than end time</li><li>74114 is not a valid date - it must be in the format d/m/Y</li></ul>'

2020-05-12 23:41:20 - [MESSAGE][PASSED] - Attribute 'data-errorqtip' of object 'Object Repository/Objects.DateValidation/Page_ISPS2/tooltipErrMsgInvalidDate' is: '<ul class="x-list-plain"><li>Start time must be less than end time</li><li>74114 is not a valid date - it must be in the format d/m/Y</li></ul>'

2020-05-12 23:41:20 - [TEST_STEP][PASSED] - if (getErrMsg.contains("Start")): Actual text 'Start time must be less than end time 74114 is not a valid date - it must be in the format d/m/Y' and expected text 'Start time must be less than end time 74114 is not a valid date - it must be in the format d/m/Y' are matched  using regular expression

2020-05-12 23:41:20 - [TEST_STEP][PASSED] - RmvCd = getErrMsg.substring(0, 75): null

2020-05-12 23:41:20 - [TEST_STEP][PASSED] - FirstErrMsg = RmvCd.substring(29, 66): null

2020-05-12 23:41:20 - [TEST_STEP][PASSED] - getTotalLength = getErrMsg.length(): null

2020-05-12 23:41:20 - [TEST_STEP][PASSED] - RmvCd = getErrMsg.substring(75, getTotalLength): null

2020-05-12 23:41:20 - [TEST_STEP][PASSED] - lenInv = RmvCd.length() - 10: null

2020-05-12 23:41:20 - [TEST_STEP][PASSED] - InvErrMsg = RmvCd.substring(0, lenInv): null

2020-05-12 23:41:20 - [TEST_STEP][PASSED] - ExpectedInvalidErrMsg2 = concatenate(InvDtErr, " ", getInputInvalidDate, " ", NotValidDt): Concatenated string array: '['Start time must be less than end time',' ','74114',' ','is not a valid date - it must be in the format d/m/Y']' into 'Start time must be less than end time 74114 is not a valid date - it must be in the format d/m/Y'

2020-05-12 23:41:20 - [MESSAGE][PASSED] - Concatenated string array: '['Start time must be less than end time',' ','74114',' ','is not a valid date - it must be in the format d/m/Y']' into 'Start time must be less than end time 74114 is not a valid date - it must be in the format d/m/Y'

2020-05-12 23:41:20 - [TEST_STEP][PASSED] - ActualInvErrMsg = concatenate(FirstErrMsg, " ", InvErrMsg): Concatenated string array: '['Start time must be less than end time',' ','74114 is not a valid date - it must be in the format d/m/Y']' into 'Start time must be less than end time 74114 is not a valid date - it must be in the format d/m/Y'

2020-05-12 23:41:20 - [MESSAGE][PASSED] - Concatenated string array: '['Start time must be less than end time',' ','74114 is not a valid date - it must be in the format d/m/Y']' into 'Start time must be less than end time 74114 is not a valid date - it must be in the format d/m/Y'

2020-05-12 23:41:20 - [TEST_STEP][PASSED] - verifyMatch(ActualInvErrMsg, ExpectedInvalidErrMsg2, true): Actual text 'Start time must be less than end time 74114 is not a valid date - it must be in the format d/m/Y' and expected text 'Start time must be less than end time 74114 is not a valid date - it must be in the format d/m/Y' are matched  using regular expression

2020-05-12 23:41:20 - [MESSAGE][PASSED] - Actual text 'Start time must be less than end time 74114 is not a valid date - it must be in the format d/m/Y' and expected text 'Start time must be less than end time 74114 is not a valid date - it must be in the format d/m/Y' are matched  using regular expression

2020-05-12 23:41:20 - [TEST_STEP][PASSED] - sendKeys(DateFieldNm, Keys.chord(ARROW_LEFT)): Keys 'LEFT + ' sent to object: 'Object Repository/Objects.DateValidation/Page_ISPS2/input__orderDt'

2020-05-12 23:41:21 - [MESSAGE][PASSED] - Keys 'LEFT + ' sent to object: 'Object Repository/Objects.DateValidation/Page_ISPS2/input__orderDt'

2020-05-12 23:41:21 - [TEST_STEP][PASSED] - sendKeys(DateFieldNm, Keys.chord(LEFT_CONTROL, "a")): Keys 'CONTROL + a' sent to object: 'Object Repository/Objects.DateValidation/Page_ISPS2/input__orderDt'

2020-05-12 23:41:21 - [MESSAGE][PASSED] - Keys 'CONTROL + a' sent to object: 'Object Repository/Objects.DateValidation/Page_ISPS2/input__orderDt'

2020-05-12 23:41:21 - [TEST_STEP][PASSED] - sendKeys(DateFieldNm, Keys.chord(BACK_SPACE)): Keys 'BACK_SPACE + ' sent to object: 'Object Repository/Objects.DateValidation/Page_ISPS2/input__orderDt'

2020-05-12 23:41:21 - [MESSAGE][PASSED] - Keys 'BACK_SPACE + ' sent to object: 'Object Repository/Objects.DateValidation/Page_ISPS2/input__orderDt'

2020-05-12 23:41:21 - [TEST_STEP][PASSED] - delay(5): Delayed 5 second(s)

2020-05-12 23:41:26 - [MESSAGE][PASSED] - Delayed 5 second(s)

2020-05-12 23:41:26 - [TEST_STEP][PASSED] - setText(DateFieldNm, TodayDate): Text '12/05/2020' is set on object 'Object Repository/Objects.DateValidation/Page_ISPS2/input__orderDt'

2020-05-12 23:41:26 - [MESSAGE][PASSED] - Text '12/05/2020' is set on object 'Object Repository/Objects.DateValidation/Page_ISPS2/input__orderDt'

2020-05-12 23:41:26 - [TEST_STEP][PASSED] - verifyElementNotPresent(findTestObject("Objects.DateValidation/Page_ISPS2/tooltipReqErrMsg"), 0): Web element with id: 'Object Repository/Objects.DateValidation/Page_ISPS2/tooltipReqErrMsg' located by 'By.xpath: //input[contains(@data-errorqtip, 'required') and @name = 'eotFromDate']' is not present after '30' second(s)

2020-05-12 23:41:26 - [MESSAGE][WARNING] - Timeout '0' is invalid. Using default page load timeout: '30'

2020-05-12 23:41:27 - [MESSAGE][PASSED] - Web element with id: 'Object Repository/Objects.DateValidation/Page_ISPS2/tooltipReqErrMsg' located by 'By.xpath: //input[contains(@data-errorqtip, 'required') and @name = 'eotFromDate']' is not present after '30' second(s)

2020-05-12 23:41:27 - [TEST_STEP][PASSED] - sendKeys(DateFieldNm, Keys.chord(ARROW_LEFT)): Keys 'LEFT + ' sent to object: 'Object Repository/Objects.DateValidation/Page_ISPS2/input__orderDt'

2020-05-12 23:41:27 - [MESSAGE][PASSED] - Keys 'LEFT + ' sent to object: 'Object Repository/Objects.DateValidation/Page_ISPS2/input__orderDt'

2020-05-12 23:41:27 - [TEST_STEP][PASSED] - sendKeys(DateFieldNm, Keys.chord(LEFT_CONTROL, "a")): Keys 'CONTROL + a' sent to object: 'Object Repository/Objects.DateValidation/Page_ISPS2/input__orderDt'

2020-05-12 23:41:27 - [MESSAGE][PASSED] - Keys 'CONTROL + a' sent to object: 'Object Repository/Objects.DateValidation/Page_ISPS2/input__orderDt'

2020-05-12 23:41:27 - [TEST_STEP][PASSED] - sendKeys(DateFieldNm, Keys.chord(BACK_SPACE)): Keys 'BACK_SPACE + ' sent to object: 'Object Repository/Objects.DateValidation/Page_ISPS2/input__orderDt'

2020-05-12 23:41:28 - [MESSAGE][PASSED] - Keys 'BACK_SPACE + ' sent to object: 'Object Repository/Objects.DateValidation/Page_ISPS2/input__orderDt'

2020-05-12 23:41:28 - [TEST_STEP][PASSED] - delay(5): Delayed 5 second(s)

2020-05-12 23:41:33 - [MESSAGE][PASSED] - Delayed 5 second(s)

2020-05-12 23:41:33 - [TEST_STEP][PASSED] - focus(DateFieldNm): Object: 'Object Repository/Objects.DateValidation/Page_ISPS2/input__orderDt' is focused

2020-05-12 23:41:33 - [MESSAGE][PASSED] - Object: 'Object Repository/Objects.DateValidation/Page_ISPS2/input__orderDt' is focused

2020-05-12 23:41:33 - [TEST_STEP][PASSED] - mouseOver(DateFieldNm): Object: 'Object Repository/Objects.DateValidation/Page_ISPS2/input__orderDt' is hovered

2020-05-12 23:41:33 - [MESSAGE][PASSED] - Object: 'Object Repository/Objects.DateValidation/Page_ISPS2/input__orderDt' is hovered

2020-05-12 23:41:33 - [TEST_STEP][PASSED] - getRqErrMsg = getAttribute(DateFieldNm, "data-errorqtip", STOP_ON_FAILURE): Attribute 'data-errorqtip' of object 'Object Repository/Objects.DateValidation/Page_ISPS2/input__orderDt' is: '<ul class="x-list-plain"><li>This field is required</li></ul>'

2020-05-12 23:41:34 - [MESSAGE][PASSED] - Attribute 'data-errorqtip' of object 'Object Repository/Objects.DateValidation/Page_ISPS2/input__orderDt' is: '<ul class="x-list-plain"><li>This field is required</li></ul>'

2020-05-12 23:41:34 - [TEST_STEP][PASSED] - strToolTip = getRqErrMsg.substring(29, 61): null

2020-05-12 23:41:34 - [TEST_STEP][PASSED] - toolTipReqErrMsg = strToolTip.substring(0, 22): null

2020-05-12 23:41:34 - [TEST_STEP][PASSED] - verifyMatch(toolTipReqErrMsg, RqField, true, STOP_ON_FAILURE): Actual text 'This field is required' and expected text 'This field is required' are matched  using regular expression

2020-05-12 23:41:34 - [MESSAGE][PASSED] - Actual text 'This field is required' and expected text 'This field is required' are matched  using regular expression

2020-05-12 23:41:34 - [TEST_STEP][PASSED] - if (PastDtValidation == "Y"): null

2020-05-12 23:41:34 - [TEST_STEP][PASSED] - sendKeys(DateFieldNm, Keys.chord(ARROW_DOWN)): Keys 'DOWN + ' sent to object: 'Object Repository/Objects.DateValidation/Page_ISPS2/input__orderDt'

2020-05-12 23:41:34 - [MESSAGE][PASSED] - Keys 'DOWN + ' sent to object: 'Object Repository/Objects.DateValidation/Page_ISPS2/input__orderDt'

2020-05-12 23:41:34 - [TEST_STEP][PASSED] - com.reusableComponents.HighlightElement.run(TodayBtn): com.reusableComponents.HighlightElement.run is PASSED

2020-05-12 23:41:35 - [MESSAGE][PASSED] - com.reusableComponents.HighlightElement.run is PASSED

2020-05-12 23:41:35 - [TEST_STEP][PASSED] - click(TodayBtn): Object: 'Object Repository/Objects.DateValidation/Page_ISPS2/a_Today' is clicked on

2020-05-12 23:41:35 - [MESSAGE][PASSED] - Object: 'Object Repository/Objects.DateValidation/Page_ISPS2/a_Today' is clicked on

2020-05-12 23:41:35 - [TEST_STEP][PASSED] - GetEnteredDt = getAttribute(DateFieldNm, "value", STOP_ON_FAILURE): Attribute 'value' of object 'Object Repository/Objects.DateValidation/Page_ISPS2/input__orderDt' is: '12/05/2020'

2020-05-12 23:41:36 - [MESSAGE][PASSED] - Attribute 'value' of object 'Object Repository/Objects.DateValidation/Page_ISPS2/input__orderDt' is: '12/05/2020'

2020-05-12 23:41:36 - [TEST_STEP][PASSED] - verifyMatch(GetEnteredDt, TodayDate, true): Actual text '12/05/2020' and expected text '12/05/2020' are matched  using regular expression

2020-05-12 23:41:36 - [MESSAGE][PASSED] - Actual text '12/05/2020' and expected text '12/05/2020' are matched  using regular expression

2020-05-12 23:41:36 - [MESSAGE][PASSED] - Call Test Case 'Test Cases/Components/00_Precision and Scale/DateValidation' successfully

2020-05-12 23:41:36 - [TEST_STEP][PASSED] - callTestCase(findTestCase("Components/00_Precision and Scale/DateValidation"), ["LblNm":"EOT To Date *:", "FldNm":"eotToDate", "MinLen":10, "index":2, "PastDtValidation":"Y"], STOP_ON_FAILURE): Call Test Case 'Test Cases/Components/00_Precision and Scale/DateValidation' successfully

2020-05-12 23:41:36 - [TEST_CASE][PASSED] - Test Cases/Components/00_Precision and Scale/DateValidation: Test Cases/Components/00_Precision and Scale/DateValidation

2020-05-12 23:41:36 - [TEST_STEP][PASSED] - Thread.sleep(3000): null

2020-05-12 23:41:39 - [TEST_STEP][PASSED] - date = new java.util.Date(): null

2020-05-12 23:41:39 - [TEST_STEP][PASSED] - CurrentDate = new java.text.SimpleDateFormat(dd/MM/yyyy): null

2020-05-12 23:41:39 - [TEST_STEP][PASSED] - TodayDate = CurrentDate.format(date): null

2020-05-12 23:41:39 - [TEST_STEP][PASSED] - Alphabetic = z).join(): null

2020-05-12 23:41:39 - [TEST_STEP][PASSED] - Numeric = 9).join(): null

2020-05-12 23:41:39 - [TEST_STEP][PASSED] - SpecialChar = "`~!@#$%^&*()-=+_{}|\][;'":,.?><"": null

2020-05-12 23:41:39 - [TEST_STEP][PASSED] - RandomAlpha = RandomStringUtils.random(MinLen, Alphabetic.toCharArray()): null

2020-05-12 23:41:39 - [TEST_STEP][PASSED] - RandomNumeric = RandomStringUtils.random(MinLen, Numeric): null

2020-05-12 23:41:39 - [TEST_STEP][PASSED] - RdmSpChar = RandomStringUtils.random(MinLen, SpecialChar): null

2020-05-12 23:41:39 - [TEST_STEP][PASSED] - NewLblNm = modifyObjectProperty(findTestObject("Objects.DateValidation/Page_ISPS2/label_Name"), "text", "equals", LblNm, true): Modify property of object successfully

2020-05-12 23:41:39 - [MESSAGE][PASSED] - Modify property of object successfully

2020-05-12 23:41:39 - [TEST_STEP][PASSED] - TodayBtn = modifyObjectProperty(findTestObject("Object Repository/Objects.DateValidation/Page_ISPS2/a_Today"), "xpath", "equals", "(//*[text() = 'Today'])[" + index + "]", true): Modify property of object successfully

2020-05-12 23:41:39 - [MESSAGE][PASSED] - Modify property of object successfully

2020-05-12 23:41:39 - [TEST_STEP][PASSED] - com.reusableComponents.HighlightElement.run(NewLblNm): com.reusableComponents.HighlightElement.run is PASSED

2020-05-12 23:41:39 - [MESSAGE][PASSED] - com.reusableComponents.HighlightElement.run is PASSED

2020-05-12 23:41:39 - [TEST_STEP][PASSED] - DateFieldNm = modifyObjectProperty(findTestObject("Object Repository/Objects.DateValidation/Page_ISPS2/input__orderDt"), "name", "equals", FldNm, true): Modify property of object successfully

2020-05-12 23:41:40 - [MESSAGE][PASSED] - Modify property of object successfully

2020-05-12 23:41:40 - [TEST_STEP][PASSED] - com.reusableComponents.HighlightElement.run(DateFieldNm): com.reusableComponents.HighlightElement.run is PASSED

2020-05-12 23:41:40 - [MESSAGE][PASSED] - com.reusableComponents.HighlightElement.run is PASSED

2020-05-12 23:41:40 - [TEST_STEP][PASSED] - focus(DateFieldNm): Object: 'Object Repository/Objects.DateValidation/Page_ISPS2/input__orderDt' is focused

2020-05-12 23:41:41 - [MESSAGE][PASSED] - Object: 'Object Repository/Objects.DateValidation/Page_ISPS2/input__orderDt' is focused

2020-05-12 23:41:41 - [TEST_STEP][PASSED] - DefaultValue = getAttribute(DateFieldNm, "value", STOP_ON_FAILURE): Attribute 'value' of object 'Object Repository/Objects.DateValidation/Page_ISPS2/input__orderDt' is: ''

2020-05-12 23:41:41 - [MESSAGE][PASSED] - Attribute 'value' of object 'Object Repository/Objects.DateValidation/Page_ISPS2/input__orderDt' is: ''

2020-05-12 23:41:41 - [TEST_STEP][PASSED] - verifyMatch(DefaultValue, "", true): Actual text '' and expected text '' are matched  using regular expression

2020-05-12 23:41:41 - [MESSAGE][PASSED] - Actual text '' and expected text '' are matched  using regular expression

2020-05-12 23:41:41 - [TEST_STEP][PASSED] - setText(DateFieldNm, RandomAlpha): Text 'BbtEaXTWHE' is set on object 'Object Repository/Objects.DateValidation/Page_ISPS2/input__orderDt'

2020-05-12 23:41:41 - [MESSAGE][PASSED] - Text 'BbtEaXTWHE' is set on object 'Object Repository/Objects.DateValidation/Page_ISPS2/input__orderDt'

2020-05-12 23:41:41 - [TEST_STEP][PASSED] - getInputAlpha = getAttribute(DateFieldNm, "value", STOP_ON_FAILURE): Attribute 'value' of object 'Object Repository/Objects.DateValidation/Page_ISPS2/input__orderDt' is: ''

2020-05-12 23:41:41 - [MESSAGE][PASSED] - Attribute 'value' of object 'Object Repository/Objects.DateValidation/Page_ISPS2/input__orderDt' is: ''

2020-05-12 23:41:41 - [TEST_STEP][PASSED] - verifyMatch("", getInputAlpha, true, STOP_ON_FAILURE): Actual text '' and expected text '' are matched  using regular expression

2020-05-12 23:41:41 - [MESSAGE][PASSED] - Actual text '' and expected text '' are matched  using regular expression

2020-05-12 23:41:41 - [TEST_STEP][PASSED] - delay(5): Delayed 5 second(s)

2020-05-12 23:41:46 - [MESSAGE][PASSED] - Delayed 5 second(s)

2020-05-12 23:41:46 - [TEST_STEP][PASSED] - setText(DateFieldNm, RdmSpChar): Text '(>=|>|"&&+' is set on object 'Object Repository/Objects.DateValidation/Page_ISPS2/input__orderDt'

2020-05-12 23:41:47 - [MESSAGE][PASSED] - Text '(>=|>|"&&+' is set on object 'Object Repository/Objects.DateValidation/Page_ISPS2/input__orderDt'

2020-05-12 23:41:47 - [TEST_STEP][PASSED] - getInputSpecialChar = getAttribute(DateFieldNm, "value", STOP_ON_FAILURE): Attribute 'value' of object 'Object Repository/Objects.DateValidation/Page_ISPS2/input__orderDt' is: ''

2020-05-12 23:41:47 - [MESSAGE][PASSED] - Attribute 'value' of object 'Object Repository/Objects.DateValidation/Page_ISPS2/input__orderDt' is: ''

2020-05-12 23:41:47 - [TEST_STEP][PASSED] - verifyMatch("", getInputSpecialChar, true, STOP_ON_FAILURE): Actual text '' and expected text '' are matched  using regular expression

2020-05-12 23:41:47 - [MESSAGE][PASSED] - Actual text '' and expected text '' are matched  using regular expression

2020-05-12 23:41:47 - [TEST_STEP][PASSED] - delay(5): Delayed 5 second(s)

2020-05-12 23:41:52 - [MESSAGE][PASSED] - Delayed 5 second(s)

2020-05-12 23:41:52 - [TEST_STEP][PASSED] - setText(DateFieldNm, RandomNumeric): Text '5461405566' is set on object 'Object Repository/Objects.DateValidation/Page_ISPS2/input__orderDt'

2020-05-12 23:41:52 - [MESSAGE][PASSED] - Text '5461405566' is set on object 'Object Repository/Objects.DateValidation/Page_ISPS2/input__orderDt'

2020-05-12 23:41:52 - [TEST_STEP][PASSED] - getInputInvalidDate = getAttribute(findTestObject("Objects.DateValidation/Page_ISPS2/tooltipErrMsgInvalidDate"), "value", STOP_ON_FAILURE): Attribute 'value' of object 'Object Repository/Objects.DateValidation/Page_ISPS2/tooltipErrMsgInvalidDate' is: '5461405566'

2020-05-12 23:41:53 - [MESSAGE][PASSED] - Attribute 'value' of object 'Object Repository/Objects.DateValidation/Page_ISPS2/tooltipErrMsgInvalidDate' is: '5461405566'

2020-05-12 23:41:53 - [TEST_STEP][PASSED] - mouseOver(findTestObject("Objects.DateValidation/Page_ISPS2/tooltipErrMsgInvalidDate"), STOP_ON_FAILURE): Object: 'Object Repository/Objects.DateValidation/Page_ISPS2/tooltipErrMsgInvalidDate' is hovered

2020-05-12 23:41:53 - [MESSAGE][PASSED] - Object: 'Object Repository/Objects.DateValidation/Page_ISPS2/tooltipErrMsgInvalidDate' is hovered

2020-05-12 23:41:53 - [TEST_STEP][PASSED] - getErrMsg = getAttribute(findTestObject("Objects.DateValidation/Page_ISPS2/tooltipErrMsgInvalidDate"), "data-errorqtip", STOP_ON_FAILURE): Attribute 'data-errorqtip' of object 'Object Repository/Objects.DateValidation/Page_ISPS2/tooltipErrMsgInvalidDate' is: '<ul class="x-list-plain"><li>Start time must be less than end time</li><li>5461405566 is not a valid date - it must be in the format d/m/Y</li></ul>'

2020-05-12 23:41:53 - [MESSAGE][PASSED] - Attribute 'data-errorqtip' of object 'Object Repository/Objects.DateValidation/Page_ISPS2/tooltipErrMsgInvalidDate' is: '<ul class="x-list-plain"><li>Start time must be less than end time</li><li>5461405566 is not a valid date - it must be in the format d/m/Y</li></ul>'

2020-05-12 23:41:53 - [TEST_STEP][PASSED] - if (getErrMsg.contains("Start")): Actual text 'Start time must be less than end time 5461405566 is not a valid date - it must be in the format d/m/Y' and expected text 'Start time must be less than end time 5461405566 is not a valid date - it must be in the format d/m/Y' are matched  using regular expression

2020-05-12 23:41:53 - [TEST_STEP][PASSED] - RmvCd = getErrMsg.substring(0, 75): null

2020-05-12 23:41:53 - [TEST_STEP][PASSED] - FirstErrMsg = RmvCd.substring(29, 66): null

2020-05-12 23:41:53 - [TEST_STEP][PASSED] - getTotalLength = getErrMsg.length(): null

2020-05-12 23:41:53 - [TEST_STEP][PASSED] - RmvCd = getErrMsg.substring(75, getTotalLength): null

2020-05-12 23:41:53 - [TEST_STEP][PASSED] - lenInv = RmvCd.length() - 10: null

2020-05-12 23:41:53 - [TEST_STEP][PASSED] - InvErrMsg = RmvCd.substring(0, lenInv): null

2020-05-12 23:41:53 - [TEST_STEP][PASSED] - ExpectedInvalidErrMsg2 = concatenate(InvDtErr, " ", getInputInvalidDate, " ", NotValidDt): Concatenated string array: '['Start time must be less than end time',' ','5461405566',' ','is not a valid date - it must be in the format d/m/Y']' into 'Start time must be less than end time 5461405566 is not a valid date - it must be in the format d/m/Y'

2020-05-12 23:41:53 - [MESSAGE][PASSED] - Concatenated string array: '['Start time must be less than end time',' ','5461405566',' ','is not a valid date - it must be in the format d/m/Y']' into 'Start time must be less than end time 5461405566 is not a valid date - it must be in the format d/m/Y'

2020-05-12 23:41:53 - [TEST_STEP][PASSED] - ActualInvErrMsg = concatenate(FirstErrMsg, " ", InvErrMsg): Concatenated string array: '['Start time must be less than end time',' ','5461405566 is not a valid date - it must be in the format d/m/Y']' into 'Start time must be less than end time 5461405566 is not a valid date - it must be in the format d/m/Y'

2020-05-12 23:41:53 - [MESSAGE][PASSED] - Concatenated string array: '['Start time must be less than end time',' ','5461405566 is not a valid date - it must be in the format d/m/Y']' into 'Start time must be less than end time 5461405566 is not a valid date - it must be in the format d/m/Y'

2020-05-12 23:41:53 - [TEST_STEP][PASSED] - verifyMatch(ActualInvErrMsg, ExpectedInvalidErrMsg2, true): Actual text 'Start time must be less than end time 5461405566 is not a valid date - it must be in the format d/m/Y' and expected text 'Start time must be less than end time 5461405566 is not a valid date - it must be in the format d/m/Y' are matched  using regular expression

2020-05-12 23:41:53 - [MESSAGE][PASSED] - Actual text 'Start time must be less than end time 5461405566 is not a valid date - it must be in the format d/m/Y' and expected text 'Start time must be less than end time 5461405566 is not a valid date - it must be in the format d/m/Y' are matched  using regular expression

2020-05-12 23:41:53 - [TEST_STEP][PASSED] - sendKeys(DateFieldNm, Keys.chord(ARROW_LEFT)): Keys 'LEFT + ' sent to object: 'Object Repository/Objects.DateValidation/Page_ISPS2/input__orderDt'

2020-05-12 23:41:54 - [MESSAGE][PASSED] - Keys 'LEFT + ' sent to object: 'Object Repository/Objects.DateValidation/Page_ISPS2/input__orderDt'

2020-05-12 23:41:54 - [TEST_STEP][PASSED] - sendKeys(DateFieldNm, Keys.chord(LEFT_CONTROL, "a")): Keys 'CONTROL + a' sent to object: 'Object Repository/Objects.DateValidation/Page_ISPS2/input__orderDt'

2020-05-12 23:41:54 - [MESSAGE][PASSED] - Keys 'CONTROL + a' sent to object: 'Object Repository/Objects.DateValidation/Page_ISPS2/input__orderDt'

2020-05-12 23:41:54 - [TEST_STEP][PASSED] - sendKeys(DateFieldNm, Keys.chord(BACK_SPACE)): Keys 'BACK_SPACE + ' sent to object: 'Object Repository/Objects.DateValidation/Page_ISPS2/input__orderDt'

2020-05-12 23:41:54 - [MESSAGE][PASSED] - Keys 'BACK_SPACE + ' sent to object: 'Object Repository/Objects.DateValidation/Page_ISPS2/input__orderDt'

2020-05-12 23:41:54 - [TEST_STEP][PASSED] - delay(5): Delayed 5 second(s)

2020-05-12 23:41:59 - [MESSAGE][PASSED] - Delayed 5 second(s)

2020-05-12 23:41:59 - [TEST_STEP][PASSED] - setText(DateFieldNm, TodayDate): Text '12/05/2020' is set on object 'Object Repository/Objects.DateValidation/Page_ISPS2/input__orderDt'

2020-05-12 23:42:00 - [MESSAGE][PASSED] - Text '12/05/2020' is set on object 'Object Repository/Objects.DateValidation/Page_ISPS2/input__orderDt'

2020-05-12 23:42:00 - [TEST_STEP][PASSED] - verifyElementNotPresent(findTestObject("Objects.DateValidation/Page_ISPS2/tooltipReqErrMsg"), 0): Web element with id: 'Object Repository/Objects.DateValidation/Page_ISPS2/tooltipReqErrMsg' located by 'By.xpath: //input[contains(@data-errorqtip, 'required') and @name = 'eotFromDate']' is not present after '30' second(s)

2020-05-12 23:42:00 - [MESSAGE][WARNING] - Timeout '0' is invalid. Using default page load timeout: '30'

2020-05-12 23:42:00 - [MESSAGE][PASSED] - Web element with id: 'Object Repository/Objects.DateValidation/Page_ISPS2/tooltipReqErrMsg' located by 'By.xpath: //input[contains(@data-errorqtip, 'required') and @name = 'eotFromDate']' is not present after '30' second(s)

2020-05-12 23:42:00 - [TEST_STEP][PASSED] - sendKeys(DateFieldNm, Keys.chord(ARROW_LEFT)): Keys 'LEFT + ' sent to object: 'Object Repository/Objects.DateValidation/Page_ISPS2/input__orderDt'

2020-05-12 23:42:01 - [MESSAGE][PASSED] - Keys 'LEFT + ' sent to object: 'Object Repository/Objects.DateValidation/Page_ISPS2/input__orderDt'

2020-05-12 23:42:01 - [TEST_STEP][PASSED] - sendKeys(DateFieldNm, Keys.chord(LEFT_CONTROL, "a")): Keys 'CONTROL + a' sent to object: 'Object Repository/Objects.DateValidation/Page_ISPS2/input__orderDt'

2020-05-12 23:42:01 - [MESSAGE][PASSED] - Keys 'CONTROL + a' sent to object: 'Object Repository/Objects.DateValidation/Page_ISPS2/input__orderDt'

2020-05-12 23:42:01 - [TEST_STEP][PASSED] - sendKeys(DateFieldNm, Keys.chord(BACK_SPACE)): Keys 'BACK_SPACE + ' sent to object: 'Object Repository/Objects.DateValidation/Page_ISPS2/input__orderDt'

2020-05-12 23:42:01 - [MESSAGE][PASSED] - Keys 'BACK_SPACE + ' sent to object: 'Object Repository/Objects.DateValidation/Page_ISPS2/input__orderDt'

2020-05-12 23:42:01 - [TEST_STEP][PASSED] - delay(5): Delayed 5 second(s)

2020-05-12 23:42:06 - [MESSAGE][PASSED] - Delayed 5 second(s)

2020-05-12 23:42:06 - [TEST_STEP][PASSED] - focus(DateFieldNm): Object: 'Object Repository/Objects.DateValidation/Page_ISPS2/input__orderDt' is focused

2020-05-12 23:42:06 - [MESSAGE][PASSED] - Object: 'Object Repository/Objects.DateValidation/Page_ISPS2/input__orderDt' is focused

2020-05-12 23:42:06 - [TEST_STEP][PASSED] - mouseOver(DateFieldNm): Object: 'Object Repository/Objects.DateValidation/Page_ISPS2/input__orderDt' is hovered

2020-05-12 23:42:07 - [MESSAGE][PASSED] - Object: 'Object Repository/Objects.DateValidation/Page_ISPS2/input__orderDt' is hovered

2020-05-12 23:42:07 - [TEST_STEP][PASSED] - getRqErrMsg = getAttribute(DateFieldNm, "data-errorqtip", STOP_ON_FAILURE): Attribute 'data-errorqtip' of object 'Object Repository/Objects.DateValidation/Page_ISPS2/input__orderDt' is: '<ul class="x-list-plain"><li>This field is required</li></ul>'

2020-05-12 23:42:07 - [MESSAGE][PASSED] - Attribute 'data-errorqtip' of object 'Object Repository/Objects.DateValidation/Page_ISPS2/input__orderDt' is: '<ul class="x-list-plain"><li>This field is required</li></ul>'

2020-05-12 23:42:07 - [TEST_STEP][PASSED] - strToolTip = getRqErrMsg.substring(29, 61): null

2020-05-12 23:42:07 - [TEST_STEP][PASSED] - toolTipReqErrMsg = strToolTip.substring(0, 22): null

2020-05-12 23:42:07 - [TEST_STEP][PASSED] - verifyMatch(toolTipReqErrMsg, RqField, true, STOP_ON_FAILURE): Actual text 'This field is required' and expected text 'This field is required' are matched  using regular expression

2020-05-12 23:42:07 - [MESSAGE][PASSED] - Actual text 'This field is required' and expected text 'This field is required' are matched  using regular expression

2020-05-12 23:42:07 - [TEST_STEP][PASSED] - if (PastDtValidation == "Y"): Text of object 'Object Repository/Objects.DateValidation/Page_ISPS2/input__orderDt' is cleared

2020-05-12 23:42:07 - [TEST_STEP][PASSED] - delay(5): Delayed 5 second(s)

2020-05-12 23:42:12 - [MESSAGE][PASSED] - Delayed 5 second(s)

2020-05-12 23:42:12 - [TEST_STEP][PASSED] - GetDate = date - 30: null

2020-05-12 23:42:12 - [TEST_STEP][PASSED] - PastDate = GetDate.format("dd/MM/yyyy"): null

2020-05-12 23:42:12 - [TEST_STEP][PASSED] - setText(DateFieldNm, PastDate): Text '12/04/2020' is set on object 'Object Repository/Objects.DateValidation/Page_ISPS2/input__orderDt'

2020-05-12 23:42:12 - [MESSAGE][PASSED] - Text '12/04/2020' is set on object 'Object Repository/Objects.DateValidation/Page_ISPS2/input__orderDt'

2020-05-12 23:42:12 - [TEST_STEP][PASSED] - mouseOver(findTestObject("Objects.DateValidation/Page_ISPS2/tooltipErrDate"), STOP_ON_FAILURE): Object: 'Object Repository/Objects.DateValidation/Page_ISPS2/tooltipErrDate' is hovered

2020-05-12 23:42:13 - [MESSAGE][PASSED] - Object: 'Object Repository/Objects.DateValidation/Page_ISPS2/tooltipErrDate' is hovered

2020-05-12 23:42:13 - [TEST_STEP][PASSED] - PastDtErrMsg = getAttribute(findTestObject("Objects.DateValidation/Page_ISPS2/tooltipErrDate"), "data-errorqtip", STOP_ON_FAILURE): Attribute 'data-errorqtip' of object 'Object Repository/Objects.DateValidation/Page_ISPS2/tooltipErrDate' is: '<ul class="x-list-plain"><li>The date in this field must be after 12/05/2020</li></ul>'

2020-05-12 23:42:13 - [MESSAGE][PASSED] - Attribute 'data-errorqtip' of object 'Object Repository/Objects.DateValidation/Page_ISPS2/tooltipErrDate' is: '<ul class="x-list-plain"><li>The date in this field must be after 12/05/2020</li></ul>'

2020-05-12 23:42:13 - [TEST_STEP][PASSED] - lenErrMsg = PastDtErrMsg.length(): null

2020-05-12 23:42:13 - [TEST_STEP][PASSED] - RmvCde = PastDtErrMsg.substring(29, lenErrMsg): null

2020-05-12 23:42:13 - [TEST_STEP][PASSED] - ActualErrDtMsg = RmvCde.substring(0, 47): null

2020-05-12 23:42:13 - [TEST_STEP][PASSED] - ExpectedErrDtMsg = concatenate(DtErrMsg, " ", TodayDate): Concatenated string array: '['The date in this field must be after',' ','12/05/2020']' into 'The date in this field must be after 12/05/2020'

2020-05-12 23:42:13 - [MESSAGE][PASSED] - Concatenated string array: '['The date in this field must be after',' ','12/05/2020']' into 'The date in this field must be after 12/05/2020'

2020-05-12 23:42:13 - [TEST_STEP][PASSED] - verifyMatch(ActualErrDtMsg, ExpectedErrDtMsg, true): Actual text 'The date in this field must be after 12/05/2020' and expected text 'The date in this field must be after 12/05/2020' are matched  using regular expression

2020-05-12 23:42:13 - [MESSAGE][PASSED] - Actual text 'The date in this field must be after 12/05/2020' and expected text 'The date in this field must be after 12/05/2020' are matched  using regular expression

2020-05-12 23:42:13 - [TEST_STEP][PASSED] - clearText(DateFieldNm): Text of object 'Object Repository/Objects.DateValidation/Page_ISPS2/input__orderDt' is cleared

2020-05-12 23:42:14 - [MESSAGE][PASSED] - Text of object 'Object Repository/Objects.DateValidation/Page_ISPS2/input__orderDt' is cleared

2020-05-12 23:42:14 - [TEST_STEP][PASSED] - sendKeys(DateFieldNm, Keys.chord(ARROW_DOWN)): Keys 'DOWN + ' sent to object: 'Object Repository/Objects.DateValidation/Page_ISPS2/input__orderDt'

2020-05-12 23:42:14 - [MESSAGE][PASSED] - Keys 'DOWN + ' sent to object: 'Object Repository/Objects.DateValidation/Page_ISPS2/input__orderDt'

2020-05-12 23:42:14 - [TEST_STEP][PASSED] - com.reusableComponents.HighlightElement.run(TodayBtn): com.reusableComponents.HighlightElement.run is PASSED

2020-05-12 23:42:15 - [MESSAGE][PASSED] - com.reusableComponents.HighlightElement.run is PASSED

2020-05-12 23:42:15 - [TEST_STEP][PASSED] - click(TodayBtn): Object: 'Object Repository/Objects.DateValidation/Page_ISPS2/a_Today' is clicked on

2020-05-12 23:42:15 - [MESSAGE][PASSED] - Object: 'Object Repository/Objects.DateValidation/Page_ISPS2/a_Today' is clicked on

2020-05-12 23:42:15 - [TEST_STEP][PASSED] - GetEnteredDt = getAttribute(DateFieldNm, "value", STOP_ON_FAILURE): Attribute 'value' of object 'Object Repository/Objects.DateValidation/Page_ISPS2/input__orderDt' is: '12/05/2020'

2020-05-12 23:42:16 - [MESSAGE][PASSED] - Attribute 'value' of object 'Object Repository/Objects.DateValidation/Page_ISPS2/input__orderDt' is: '12/05/2020'

2020-05-12 23:42:16 - [TEST_STEP][PASSED] - verifyMatch(GetEnteredDt, TodayDate, true): Actual text '12/05/2020' and expected text '12/05/2020' are matched  using regular expression

2020-05-12 23:42:16 - [MESSAGE][PASSED] - Actual text '12/05/2020' and expected text '12/05/2020' are matched  using regular expression

2020-05-12 23:42:16 - [MESSAGE][PASSED] - Call Test Case 'Test Cases/Components/00_Precision and Scale/DateValidation' successfully

2020-05-12 23:42:16 - [TEST_STEP][PASSED] - callTestCase(findTestCase("Components/00_Precision and Scale/OfficerValidation"), ["LblNm":"Approve Officer *:", "FldNm":"approveOfficerCmb", "EnterAValue":"1231@#$asdCV"], STOP_ON_FAILURE): Call Test Case 'Test Cases/Components/00_Precision and Scale/OfficerValidation' successfully

2020-05-12 23:42:16 - [TEST_CASE][PASSED] - Test Cases/Components/00_Precision and Scale/OfficerValidation: Test Cases/Components/00_Precision and Scale/OfficerValidation

2020-05-12 23:42:16 - [TEST_STEP][PASSED] - Thread.sleep(3000): null

2020-05-12 23:42:19 - [TEST_STEP][PASSED] - OfficerLists = [1:"Aaron Sham Wai Lun (AARON)", 2:"Azidah Bte Akmad (Mdm) (USAABD)", 3:"Chung Fong Nyen (USACFN)", 4:"David Tey Dah Wei (DAHWEI)", ... ]: null

2020-05-12 23:42:19 - [TEST_STEP][PASSED] - NewLblNmField = modifyObjectProperty(findTestObject("Objects.ApproveOfficerValidation/Page_ISPS2/span_Approve Officer"), "text", "equals", LblNm, true): Modify property of object successfully

2020-05-12 23:42:19 - [MESSAGE][PASSED] - Modify property of object successfully

2020-05-12 23:42:19 - [TEST_STEP][PASSED] - NewInputNmField = modifyObjectProperty(findTestObject("Objects.ApproveOfficerValidation/Page_ISPS2/input__approveOfficerCmb"), "name", "equals", FldNm, true): Modify property of object successfully

2020-05-12 23:42:19 - [MESSAGE][PASSED] - Modify property of object successfully

2020-05-12 23:42:19 - [TEST_STEP][PASSED] - com.reusableComponents.HighlightElement.run(NewLblNmField): com.reusableComponents.HighlightElement.run is PASSED

2020-05-12 23:42:20 - [MESSAGE][PASSED] - com.reusableComponents.HighlightElement.run is PASSED

2020-05-12 23:42:20 - [TEST_STEP][PASSED] - com.reusableComponents.HighlightElement.run(NewInputNmField): com.reusableComponents.HighlightElement.run is PASSED

2020-05-12 23:42:21 - [MESSAGE][PASSED] - com.reusableComponents.HighlightElement.run is PASSED

2020-05-12 23:42:21 - [TEST_STEP][PASSED] - focus(NewInputNmField): Object: 'Object Repository/Objects.ApproveOfficerValidation/Page_ISPS2/input__approveOfficerCmb' is focused

2020-05-12 23:42:21 - [MESSAGE][PASSED] - Object: 'Object Repository/Objects.ApproveOfficerValidation/Page_ISPS2/input__approveOfficerCmb' is focused

2020-05-12 23:42:21 - [TEST_STEP][PASSED] - DefaultValue = getAttribute(NewInputNmField, "value"): Attribute 'value' of object 'Object Repository/Objects.ApproveOfficerValidation/Page_ISPS2/input__approveOfficerCmb' is: ''

2020-05-12 23:42:21 - [MESSAGE][PASSED] - Attribute 'value' of object 'Object Repository/Objects.ApproveOfficerValidation/Page_ISPS2/input__approveOfficerCmb' is: ''

2020-05-12 23:42:21 - [TEST_STEP][PASSED] - verifyMatch(DefaultValue, "", true): Actual text '' and expected text '' are matched  using regular expression

2020-05-12 23:42:21 - [MESSAGE][PASSED] - Actual text '' and expected text '' are matched  using regular expression

2020-05-12 23:42:21 - [TEST_STEP][PASSED] - setText(NewInputNmField, EnterAValue): Text '1231@#$asdCV' is set on object 'Object Repository/Objects.ApproveOfficerValidation/Page_ISPS2/input__approveOfficerCmb'

2020-05-12 23:42:22 - [MESSAGE][PASSED] - Text '1231@#$asdCV' is set on object 'Object Repository/Objects.ApproveOfficerValidation/Page_ISPS2/input__approveOfficerCmb'

2020-05-12 23:42:22 - [TEST_STEP][PASSED] - sendKeys(NewInputNmField, Keys.chord(ENTER)): Keys 'ENTER + ' sent to object: 'Object Repository/Objects.ApproveOfficerValidation/Page_ISPS2/input__approveOfficerCmb'

2020-05-12 23:42:22 - [MESSAGE][PASSED] - Keys 'ENTER + ' sent to object: 'Object Repository/Objects.ApproveOfficerValidation/Page_ISPS2/input__approveOfficerCmb'

2020-05-12 23:42:22 - [TEST_STEP][PASSED] - FindValue = getAttribute(NewInputNmField, "value"): Attribute 'value' of object 'Object Repository/Objects.ApproveOfficerValidation/Page_ISPS2/input__approveOfficerCmb' is: '1231@#$asdCV'

2020-05-12 23:42:22 - [MESSAGE][PASSED] - Attribute 'value' of object 'Object Repository/Objects.ApproveOfficerValidation/Page_ISPS2/input__approveOfficerCmb' is: '1231@#$asdCV'

2020-05-12 23:42:22 - [TEST_STEP][PASSED] - ValueFound = OfficerLists.find({ -> ... }): null

2020-05-12 23:42:22 - [TEST_STEP][PASSED] - if (ValueFound == null): No Record Found

2020-05-12 23:42:22 - [TEST_STEP][PASSED] - comment("No Record Found"): No Record Found

2020-05-12 23:42:22 - [MESSAGE][INFO] - No Record Found

2020-05-12 23:42:22 - [TEST_STEP][PASSED] - focus(NewInputNmField): Object: 'Object Repository/Objects.ApproveOfficerValidation/Page_ISPS2/input__approveOfficerCmb' is focused

2020-05-12 23:42:23 - [MESSAGE][PASSED] - Object: 'Object Repository/Objects.ApproveOfficerValidation/Page_ISPS2/input__approveOfficerCmb' is focused

2020-05-12 23:42:23 - [TEST_STEP][PASSED] - sendKeys(NewInputNmField, Keys.chord(ARROW_LEFT)): Keys 'LEFT + ' sent to object: 'Object Repository/Objects.ApproveOfficerValidation/Page_ISPS2/input__approveOfficerCmb'

2020-05-12 23:42:23 - [MESSAGE][PASSED] - Keys 'LEFT + ' sent to object: 'Object Repository/Objects.ApproveOfficerValidation/Page_ISPS2/input__approveOfficerCmb'

2020-05-12 23:42:23 - [TEST_STEP][PASSED] - sendKeys(NewInputNmField, Keys.chord(LEFT_CONTROL, "a")): Keys 'CONTROL + a' sent to object: 'Object Repository/Objects.ApproveOfficerValidation/Page_ISPS2/input__approveOfficerCmb'

2020-05-12 23:42:23 - [MESSAGE][PASSED] - Keys 'CONTROL + a' sent to object: 'Object Repository/Objects.ApproveOfficerValidation/Page_ISPS2/input__approveOfficerCmb'

2020-05-12 23:42:23 - [TEST_STEP][PASSED] - sendKeys(NewInputNmField, Keys.chord(BACK_SPACE)): Keys 'BACK_SPACE + ' sent to object: 'Object Repository/Objects.ApproveOfficerValidation/Page_ISPS2/input__approveOfficerCmb'

2020-05-12 23:42:24 - [MESSAGE][PASSED] - Keys 'BACK_SPACE + ' sent to object: 'Object Repository/Objects.ApproveOfficerValidation/Page_ISPS2/input__approveOfficerCmb'

2020-05-12 23:42:24 - [TEST_STEP][PASSED] - sendKeys(NewInputNmField, Keys.chord(TAB)): Keys 'TAB + ' sent to object: 'Object Repository/Objects.ApproveOfficerValidation/Page_ISPS2/input__approveOfficerCmb'

2020-05-12 23:42:24 - [MESSAGE][PASSED] - Keys 'TAB + ' sent to object: 'Object Repository/Objects.ApproveOfficerValidation/Page_ISPS2/input__approveOfficerCmb'

2020-05-12 23:42:24 - [TEST_STEP][PASSED] - mouseOver(NewInputNmField): Object: 'Object Repository/Objects.ApproveOfficerValidation/Page_ISPS2/input__approveOfficerCmb' is hovered

2020-05-12 23:42:24 - [MESSAGE][PASSED] - Object: 'Object Repository/Objects.ApproveOfficerValidation/Page_ISPS2/input__approveOfficerCmb' is hovered

2020-05-12 23:42:24 - [TEST_STEP][PASSED] - getRqErrMsg = getAttribute(NewInputNmField, "data-errorqtip"): Attribute 'data-errorqtip' of object 'Object Repository/Objects.ApproveOfficerValidation/Page_ISPS2/input__approveOfficerCmb' is: '<ul class="x-list-plain"><li>This field is required</li></ul>'

2020-05-12 23:42:25 - [MESSAGE][PASSED] - Attribute 'data-errorqtip' of object 'Object Repository/Objects.ApproveOfficerValidation/Page_ISPS2/input__approveOfficerCmb' is: '<ul class="x-list-plain"><li>This field is required</li></ul>'

2020-05-12 23:42:25 - [TEST_STEP][PASSED] - getlenErr = getRqErrMsg.length(): null

2020-05-12 23:42:25 - [TEST_STEP][PASSED] - strToolTip = getRqErrMsg.substring(29, getlenErr): null

2020-05-12 23:42:25 - [TEST_STEP][PASSED] - toolTipReqErrMsg = strToolTip.substring(0, 22): null

2020-05-12 23:42:25 - [TEST_STEP][PASSED] - verifyMatch(toolTipReqErrMsg, RqField, true): Actual text 'This field is required' and expected text 'This field is required' are matched  using regular expression

2020-05-12 23:42:25 - [MESSAGE][PASSED] - Actual text 'This field is required' and expected text 'This field is required' are matched  using regular expression

2020-05-12 23:42:25 - [TEST_STEP][PASSED] - focus(NewInputNmField): Object: 'Object Repository/Objects.ApproveOfficerValidation/Page_ISPS2/input__approveOfficerCmb' is focused

2020-05-12 23:42:25 - [MESSAGE][PASSED] - Object: 'Object Repository/Objects.ApproveOfficerValidation/Page_ISPS2/input__approveOfficerCmb' is focused

2020-05-12 23:42:25 - [TEST_STEP][PASSED] - for ([itr = 0, itr < OfficerLists.size(), (itr++)]): Keys 'DOWN + ' sent to object: 'Object Repository/Objects.ApproveOfficerValidation/Page_ISPS2/input__approveOfficerCmb'

2020-05-12 23:42:25 - [TEST_STEP][PASSED] - sendKeys(NewInputNmField, Keys.chord(ARROW_DOWN)): Keys 'DOWN + ' sent to object: 'Object Repository/Objects.ApproveOfficerValidation/Page_ISPS2/input__approveOfficerCmb'

2020-05-12 23:42:26 - [MESSAGE][PASSED] - Keys 'DOWN + ' sent to object: 'Object Repository/Objects.ApproveOfficerValidation/Page_ISPS2/input__approveOfficerCmb'

2020-05-12 23:42:26 - [TEST_STEP][PASSED] - sendKeys(NewInputNmField, Keys.chord(ENTER)): Keys 'ENTER + ' sent to object: 'Object Repository/Objects.ApproveOfficerValidation/Page_ISPS2/input__approveOfficerCmb'

2020-05-12 23:42:26 - [MESSAGE][PASSED] - Keys 'ENTER + ' sent to object: 'Object Repository/Objects.ApproveOfficerValidation/Page_ISPS2/input__approveOfficerCmb'

2020-05-12 23:42:26 - [TEST_STEP][PASSED] - ValueFound = getAttribute(NewInputNmField, "value"): Attribute 'value' of object 'Object Repository/Objects.ApproveOfficerValidation/Page_ISPS2/input__approveOfficerCmb' is: 'Aaron Sham Wai Lun (AARON)'

2020-05-12 23:42:27 - [MESSAGE][PASSED] - Attribute 'value' of object 'Object Repository/Objects.ApproveOfficerValidation/Page_ISPS2/input__approveOfficerCmb' is: 'Aaron Sham Wai Lun (AARON)'

2020-05-12 23:42:27 - [TEST_STEP][PASSED] - FoundVal = OfficerLists.find({ -> ... }): null

2020-05-12 23:42:27 - [TEST_STEP][PASSED] - if (FoundVal != null): null

2020-05-12 23:42:27 - [TEST_STEP][PASSED] - println(FoundVal): null

2020-05-12 23:42:27 - [TEST_STEP][PASSED] - sendKeys(NewInputNmField, Keys.chord(ARROW_DOWN)): Keys 'DOWN + ' sent to object: 'Object Repository/Objects.ApproveOfficerValidation/Page_ISPS2/input__approveOfficerCmb'

2020-05-12 23:42:27 - [MESSAGE][PASSED] - Keys 'DOWN + ' sent to object: 'Object Repository/Objects.ApproveOfficerValidation/Page_ISPS2/input__approveOfficerCmb'

2020-05-12 23:42:27 - [TEST_STEP][PASSED] - sendKeys(NewInputNmField, Keys.chord(ARROW_DOWN)): Keys 'DOWN + ' sent to object: 'Object Repository/Objects.ApproveOfficerValidation/Page_ISPS2/input__approveOfficerCmb'

2020-05-12 23:42:27 - [MESSAGE][PASSED] - Keys 'DOWN + ' sent to object: 'Object Repository/Objects.ApproveOfficerValidation/Page_ISPS2/input__approveOfficerCmb'

2020-05-12 23:42:27 - [TEST_STEP][PASSED] - sendKeys(NewInputNmField, Keys.chord(ENTER)): Keys 'ENTER + ' sent to object: 'Object Repository/Objects.ApproveOfficerValidation/Page_ISPS2/input__approveOfficerCmb'

2020-05-12 23:42:28 - [MESSAGE][PASSED] - Keys 'ENTER + ' sent to object: 'Object Repository/Objects.ApproveOfficerValidation/Page_ISPS2/input__approveOfficerCmb'

2020-05-12 23:42:28 - [TEST_STEP][PASSED] - ValueFound = getAttribute(NewInputNmField, "value"): Attribute 'value' of object 'Object Repository/Objects.ApproveOfficerValidation/Page_ISPS2/input__approveOfficerCmb' is: 'Azidah Bte Akmad (Mdm) (USAABD)'

2020-05-12 23:42:28 - [MESSAGE][PASSED] - Attribute 'value' of object 'Object Repository/Objects.ApproveOfficerValidation/Page_ISPS2/input__approveOfficerCmb' is: 'Azidah Bte Akmad (Mdm) (USAABD)'

2020-05-12 23:42:28 - [TEST_STEP][PASSED] - FoundVal = OfficerLists.find({ -> ... }): null

2020-05-12 23:42:28 - [TEST_STEP][PASSED] - if (FoundVal != null): null

2020-05-12 23:42:28 - [TEST_STEP][PASSED] - println(FoundVal): null

2020-05-12 23:42:28 - [TEST_STEP][PASSED] - sendKeys(NewInputNmField, Keys.chord(ARROW_DOWN)): Keys 'DOWN + ' sent to object: 'Object Repository/Objects.ApproveOfficerValidation/Page_ISPS2/input__approveOfficerCmb'

2020-05-12 23:42:29 - [MESSAGE][PASSED] - Keys 'DOWN + ' sent to object: 'Object Repository/Objects.ApproveOfficerValidation/Page_ISPS2/input__approveOfficerCmb'

2020-05-12 23:42:29 - [TEST_STEP][PASSED] - sendKeys(NewInputNmField, Keys.chord(ARROW_DOWN)): Keys 'DOWN + ' sent to object: 'Object Repository/Objects.ApproveOfficerValidation/Page_ISPS2/input__approveOfficerCmb'

2020-05-12 23:42:29 - [MESSAGE][PASSED] - Keys 'DOWN + ' sent to object: 'Object Repository/Objects.ApproveOfficerValidation/Page_ISPS2/input__approveOfficerCmb'

2020-05-12 23:42:29 - [TEST_STEP][PASSED] - sendKeys(NewInputNmField, Keys.chord(ENTER)): Keys 'ENTER + ' sent to object: 'Object Repository/Objects.ApproveOfficerValidation/Page_ISPS2/input__approveOfficerCmb'

2020-05-12 23:42:29 - [MESSAGE][PASSED] - Keys 'ENTER + ' sent to object: 'Object Repository/Objects.ApproveOfficerValidation/Page_ISPS2/input__approveOfficerCmb'

2020-05-12 23:42:29 - [TEST_STEP][PASSED] - ValueFound = getAttribute(NewInputNmField, "value"): Attribute 'value' of object 'Object Repository/Objects.ApproveOfficerValidation/Page_ISPS2/input__approveOfficerCmb' is: 'Chung Fong Nyen (USACFN)'

2020-05-12 23:42:30 - [MESSAGE][PASSED] - Attribute 'value' of object 'Object Repository/Objects.ApproveOfficerValidation/Page_ISPS2/input__approveOfficerCmb' is: 'Chung Fong Nyen (USACFN)'

2020-05-12 23:42:30 - [TEST_STEP][PASSED] - FoundVal = OfficerLists.find({ -> ... }): null

2020-05-12 23:42:30 - [TEST_STEP][PASSED] - if (FoundVal != null): null

2020-05-12 23:42:30 - [TEST_STEP][PASSED] - println(FoundVal): null

2020-05-12 23:42:30 - [TEST_STEP][PASSED] - sendKeys(NewInputNmField, Keys.chord(ARROW_DOWN)): Keys 'DOWN + ' sent to object: 'Object Repository/Objects.ApproveOfficerValidation/Page_ISPS2/input__approveOfficerCmb'

2020-05-12 23:42:30 - [MESSAGE][PASSED] - Keys 'DOWN + ' sent to object: 'Object Repository/Objects.ApproveOfficerValidation/Page_ISPS2/input__approveOfficerCmb'

2020-05-12 23:42:30 - [TEST_STEP][PASSED] - sendKeys(NewInputNmField, Keys.chord(ARROW_DOWN)): Keys 'DOWN + ' sent to object: 'Object Repository/Objects.ApproveOfficerValidation/Page_ISPS2/input__approveOfficerCmb'

2020-05-12 23:42:31 - [MESSAGE][PASSED] - Keys 'DOWN + ' sent to object: 'Object Repository/Objects.ApproveOfficerValidation/Page_ISPS2/input__approveOfficerCmb'

2020-05-12 23:42:31 - [TEST_STEP][PASSED] - sendKeys(NewInputNmField, Keys.chord(ENTER)): Keys 'ENTER + ' sent to object: 'Object Repository/Objects.ApproveOfficerValidation/Page_ISPS2/input__approveOfficerCmb'

2020-05-12 23:42:31 - [MESSAGE][PASSED] - Keys 'ENTER + ' sent to object: 'Object Repository/Objects.ApproveOfficerValidation/Page_ISPS2/input__approveOfficerCmb'

2020-05-12 23:42:31 - [TEST_STEP][PASSED] - ValueFound = getAttribute(NewInputNmField, "value"): Attribute 'value' of object 'Object Repository/Objects.ApproveOfficerValidation/Page_ISPS2/input__approveOfficerCmb' is: 'David Tey Dah Wei (DAHWEI)'

2020-05-12 23:42:32 - [MESSAGE][PASSED] - Attribute 'value' of object 'Object Repository/Objects.ApproveOfficerValidation/Page_ISPS2/input__approveOfficerCmb' is: 'David Tey Dah Wei (DAHWEI)'

2020-05-12 23:42:32 - [TEST_STEP][PASSED] - FoundVal = OfficerLists.find({ -> ... }): null

2020-05-12 23:42:32 - [TEST_STEP][PASSED] - if (FoundVal != null): null

2020-05-12 23:42:32 - [TEST_STEP][PASSED] - println(FoundVal): null

2020-05-12 23:42:32 - [TEST_STEP][PASSED] - sendKeys(NewInputNmField, Keys.chord(ARROW_DOWN)): Keys 'DOWN + ' sent to object: 'Object Repository/Objects.ApproveOfficerValidation/Page_ISPS2/input__approveOfficerCmb'

2020-05-12 23:42:32 - [MESSAGE][PASSED] - Keys 'DOWN + ' sent to object: 'Object Repository/Objects.ApproveOfficerValidation/Page_ISPS2/input__approveOfficerCmb'

2020-05-12 23:42:32 - [TEST_STEP][PASSED] - sendKeys(NewInputNmField, Keys.chord(ARROW_DOWN)): Keys 'DOWN + ' sent to object: 'Object Repository/Objects.ApproveOfficerValidation/Page_ISPS2/input__approveOfficerCmb'

2020-05-12 23:42:32 - [MESSAGE][PASSED] - Keys 'DOWN + ' sent to object: 'Object Repository/Objects.ApproveOfficerValidation/Page_ISPS2/input__approveOfficerCmb'

2020-05-12 23:42:32 - [TEST_STEP][PASSED] - sendKeys(NewInputNmField, Keys.chord(ENTER)): Keys 'ENTER + ' sent to object: 'Object Repository/Objects.ApproveOfficerValidation/Page_ISPS2/input__approveOfficerCmb'

2020-05-12 23:42:33 - [MESSAGE][PASSED] - Keys 'ENTER + ' sent to object: 'Object Repository/Objects.ApproveOfficerValidation/Page_ISPS2/input__approveOfficerCmb'

2020-05-12 23:42:33 - [TEST_STEP][PASSED] - ValueFound = getAttribute(NewInputNmField, "value"): Attribute 'value' of object 'Object Repository/Objects.ApproveOfficerValidation/Page_ISPS2/input__approveOfficerCmb' is: 'Han Wann Kuang (WANNKUANG)'

2020-05-12 23:42:33 - [MESSAGE][PASSED] - Attribute 'value' of object 'Object Repository/Objects.ApproveOfficerValidation/Page_ISPS2/input__approveOfficerCmb' is: 'Han Wann Kuang (WANNKUANG)'

2020-05-12 23:42:33 - [TEST_STEP][PASSED] - FoundVal = OfficerLists.find({ -> ... }): null

2020-05-12 23:42:33 - [TEST_STEP][PASSED] - if (FoundVal != null): null

2020-05-12 23:42:33 - [TEST_STEP][PASSED] - println(FoundVal): null

2020-05-12 23:42:33 - [TEST_STEP][PASSED] - sendKeys(NewInputNmField, Keys.chord(ARROW_DOWN)): Keys 'DOWN + ' sent to object: 'Object Repository/Objects.ApproveOfficerValidation/Page_ISPS2/input__approveOfficerCmb'

2020-05-12 23:42:33 - [MESSAGE][PASSED] - Keys 'DOWN + ' sent to object: 'Object Repository/Objects.ApproveOfficerValidation/Page_ISPS2/input__approveOfficerCmb'

2020-05-12 23:42:33 - [TEST_STEP][PASSED] - sendKeys(NewInputNmField, Keys.chord(ARROW_DOWN)): Keys 'DOWN + ' sent to object: 'Object Repository/Objects.ApproveOfficerValidation/Page_ISPS2/input__approveOfficerCmb'

2020-05-12 23:42:34 - [MESSAGE][PASSED] - Keys 'DOWN + ' sent to object: 'Object Repository/Objects.ApproveOfficerValidation/Page_ISPS2/input__approveOfficerCmb'

2020-05-12 23:42:34 - [TEST_STEP][PASSED] - sendKeys(NewInputNmField, Keys.chord(ENTER)): Keys 'ENTER + ' sent to object: 'Object Repository/Objects.ApproveOfficerValidation/Page_ISPS2/input__approveOfficerCmb'

2020-05-12 23:42:34 - [MESSAGE][PASSED] - Keys 'ENTER + ' sent to object: 'Object Repository/Objects.ApproveOfficerValidation/Page_ISPS2/input__approveOfficerCmb'

2020-05-12 23:42:34 - [TEST_STEP][PASSED] - ValueFound = getAttribute(NewInputNmField, "value"): Attribute 'value' of object 'Object Repository/Objects.ApproveOfficerValidation/Page_ISPS2/input__approveOfficerCmb' is: 'Ho You Leong (YOULEONG)'

2020-05-12 23:42:35 - [MESSAGE][PASSED] - Attribute 'value' of object 'Object Repository/Objects.ApproveOfficerValidation/Page_ISPS2/input__approveOfficerCmb' is: 'Ho You Leong (YOULEONG)'

2020-05-12 23:42:35 - [TEST_STEP][PASSED] - FoundVal = OfficerLists.find({ -> ... }): null

2020-05-12 23:42:35 - [TEST_STEP][PASSED] - if (FoundVal != null): null

2020-05-12 23:42:35 - [TEST_STEP][PASSED] - println(FoundVal): null

2020-05-12 23:42:35 - [TEST_STEP][PASSED] - sendKeys(NewInputNmField, Keys.chord(ARROW_DOWN)): Keys 'DOWN + ' sent to object: 'Object Repository/Objects.ApproveOfficerValidation/Page_ISPS2/input__approveOfficerCmb'

2020-05-12 23:42:35 - [MESSAGE][PASSED] - Keys 'DOWN + ' sent to object: 'Object Repository/Objects.ApproveOfficerValidation/Page_ISPS2/input__approveOfficerCmb'

2020-05-12 23:42:35 - [TEST_STEP][PASSED] - sendKeys(NewInputNmField, Keys.chord(ARROW_DOWN)): Keys 'DOWN + ' sent to object: 'Object Repository/Objects.ApproveOfficerValidation/Page_ISPS2/input__approveOfficerCmb'

2020-05-12 23:42:35 - [MESSAGE][PASSED] - Keys 'DOWN + ' sent to object: 'Object Repository/Objects.ApproveOfficerValidation/Page_ISPS2/input__approveOfficerCmb'

2020-05-12 23:42:35 - [TEST_STEP][PASSED] - sendKeys(NewInputNmField, Keys.chord(ENTER)): Keys 'ENTER + ' sent to object: 'Object Repository/Objects.ApproveOfficerValidation/Page_ISPS2/input__approveOfficerCmb'

2020-05-12 23:42:36 - [MESSAGE][PASSED] - Keys 'ENTER + ' sent to object: 'Object Repository/Objects.ApproveOfficerValidation/Page_ISPS2/input__approveOfficerCmb'

2020-05-12 23:42:36 - [TEST_STEP][PASSED] - ValueFound = getAttribute(NewInputNmField, "value"): Attribute 'value' of object 'Object Repository/Objects.ApproveOfficerValidation/Page_ISPS2/input__approveOfficerCmb' is: 'Joseph Lim Pheng Weng (PHENGWENG)'

2020-05-12 23:42:36 - [MESSAGE][PASSED] - Attribute 'value' of object 'Object Repository/Objects.ApproveOfficerValidation/Page_ISPS2/input__approveOfficerCmb' is: 'Joseph Lim Pheng Weng (PHENGWENG)'

2020-05-12 23:42:36 - [TEST_STEP][PASSED] - FoundVal = OfficerLists.find({ -> ... }): null

2020-05-12 23:42:36 - [TEST_STEP][PASSED] - if (FoundVal != null): null

2020-05-12 23:42:36 - [TEST_STEP][PASSED] - println(FoundVal): null

2020-05-12 23:42:36 - [TEST_STEP][PASSED] - sendKeys(NewInputNmField, Keys.chord(ARROW_DOWN)): Keys 'DOWN + ' sent to object: 'Object Repository/Objects.ApproveOfficerValidation/Page_ISPS2/input__approveOfficerCmb'

2020-05-12 23:42:37 - [MESSAGE][PASSED] - Keys 'DOWN + ' sent to object: 'Object Repository/Objects.ApproveOfficerValidation/Page_ISPS2/input__approveOfficerCmb'

2020-05-12 23:42:37 - [TEST_STEP][PASSED] - sendKeys(NewInputNmField, Keys.chord(ARROW_DOWN)): Keys 'DOWN + ' sent to object: 'Object Repository/Objects.ApproveOfficerValidation/Page_ISPS2/input__approveOfficerCmb'

2020-05-12 23:42:37 - [MESSAGE][PASSED] - Keys 'DOWN + ' sent to object: 'Object Repository/Objects.ApproveOfficerValidation/Page_ISPS2/input__approveOfficerCmb'

2020-05-12 23:42:37 - [TEST_STEP][PASSED] - sendKeys(NewInputNmField, Keys.chord(ENTER)): Keys 'ENTER + ' sent to object: 'Object Repository/Objects.ApproveOfficerValidation/Page_ISPS2/input__approveOfficerCmb'

2020-05-12 23:42:38 - [MESSAGE][PASSED] - Keys 'ENTER + ' sent to object: 'Object Repository/Objects.ApproveOfficerValidation/Page_ISPS2/input__approveOfficerCmb'

2020-05-12 23:42:38 - [TEST_STEP][PASSED] - ValueFound = getAttribute(NewInputNmField, "value"): Attribute 'value' of object 'Object Repository/Objects.ApproveOfficerValidation/Page_ISPS2/input__approveOfficerCmb' is: 'Joyce Lee (USASLL)'

2020-05-12 23:42:38 - [MESSAGE][PASSED] - Attribute 'value' of object 'Object Repository/Objects.ApproveOfficerValidation/Page_ISPS2/input__approveOfficerCmb' is: 'Joyce Lee (USASLL)'

2020-05-12 23:42:38 - [TEST_STEP][PASSED] - FoundVal = OfficerLists.find({ -> ... }): null

2020-05-12 23:42:38 - [TEST_STEP][PASSED] - if (FoundVal != null): null

2020-05-12 23:42:38 - [TEST_STEP][PASSED] - println(FoundVal): null

2020-05-12 23:42:38 - [TEST_STEP][PASSED] - sendKeys(NewInputNmField, Keys.chord(ARROW_DOWN)): Keys 'DOWN + ' sent to object: 'Object Repository/Objects.ApproveOfficerValidation/Page_ISPS2/input__approveOfficerCmb'

2020-05-12 23:42:38 - [MESSAGE][PASSED] - Keys 'DOWN + ' sent to object: 'Object Repository/Objects.ApproveOfficerValidation/Page_ISPS2/input__approveOfficerCmb'

2020-05-12 23:42:38 - [TEST_STEP][PASSED] - sendKeys(NewInputNmField, Keys.chord(ARROW_DOWN)): Keys 'DOWN + ' sent to object: 'Object Repository/Objects.ApproveOfficerValidation/Page_ISPS2/input__approveOfficerCmb'

2020-05-12 23:42:39 - [MESSAGE][PASSED] - Keys 'DOWN + ' sent to object: 'Object Repository/Objects.ApproveOfficerValidation/Page_ISPS2/input__approveOfficerCmb'

2020-05-12 23:42:39 - [TEST_STEP][PASSED] - sendKeys(NewInputNmField, Keys.chord(ENTER)): Keys 'ENTER + ' sent to object: 'Object Repository/Objects.ApproveOfficerValidation/Page_ISPS2/input__approveOfficerCmb'

2020-05-12 23:42:39 - [MESSAGE][PASSED] - Keys 'ENTER + ' sent to object: 'Object Repository/Objects.ApproveOfficerValidation/Page_ISPS2/input__approveOfficerCmb'

2020-05-12 23:42:39 - [TEST_STEP][PASSED] - ValueFound = getAttribute(NewInputNmField, "value"): Attribute 'value' of object 'Object Repository/Objects.ApproveOfficerValidation/Page_ISPS2/input__approveOfficerCmb' is: 'Kaliannan Thanabal (KALIANN)'

2020-05-12 23:42:40 - [MESSAGE][PASSED] - Attribute 'value' of object 'Object Repository/Objects.ApproveOfficerValidation/Page_ISPS2/input__approveOfficerCmb' is: 'Kaliannan Thanabal (KALIANN)'

2020-05-12 23:42:40 - [TEST_STEP][PASSED] - FoundVal = OfficerLists.find({ -> ... }): null

2020-05-12 23:42:40 - [TEST_STEP][PASSED] - if (FoundVal != null): null

2020-05-12 23:42:40 - [TEST_STEP][PASSED] - println(FoundVal): null

2020-05-12 23:42:40 - [TEST_STEP][PASSED] - sendKeys(NewInputNmField, Keys.chord(ARROW_DOWN)): Keys 'DOWN + ' sent to object: 'Object Repository/Objects.ApproveOfficerValidation/Page_ISPS2/input__approveOfficerCmb'

2020-05-12 23:42:40 - [MESSAGE][PASSED] - Keys 'DOWN + ' sent to object: 'Object Repository/Objects.ApproveOfficerValidation/Page_ISPS2/input__approveOfficerCmb'

2020-05-12 23:42:40 - [TEST_STEP][PASSED] - sendKeys(NewInputNmField, Keys.chord(ARROW_DOWN)): Keys 'DOWN + ' sent to object: 'Object Repository/Objects.ApproveOfficerValidation/Page_ISPS2/input__approveOfficerCmb'

2020-05-12 23:42:41 - [MESSAGE][PASSED] - Keys 'DOWN + ' sent to object: 'Object Repository/Objects.ApproveOfficerValidation/Page_ISPS2/input__approveOfficerCmb'

2020-05-12 23:42:41 - [TEST_STEP][PASSED] - sendKeys(NewInputNmField, Keys.chord(ENTER)): Keys 'ENTER + ' sent to object: 'Object Repository/Objects.ApproveOfficerValidation/Page_ISPS2/input__approveOfficerCmb'

2020-05-12 23:42:41 - [MESSAGE][PASSED] - Keys 'ENTER + ' sent to object: 'Object Repository/Objects.ApproveOfficerValidation/Page_ISPS2/input__approveOfficerCmb'

2020-05-12 23:42:41 - [TEST_STEP][PASSED] - ValueFound = getAttribute(NewInputNmField, "value"): Attribute 'value' of object 'Object Repository/Objects.ApproveOfficerValidation/Page_ISPS2/input__approveOfficerCmb' is: 'Lim Beng Kwee (BENGKWEE)'

2020-05-12 23:42:42 - [MESSAGE][PASSED] - Attribute 'value' of object 'Object Repository/Objects.ApproveOfficerValidation/Page_ISPS2/input__approveOfficerCmb' is: 'Lim Beng Kwee (BENGKWEE)'

2020-05-12 23:42:42 - [TEST_STEP][PASSED] - FoundVal = OfficerLists.find({ -> ... }): null

2020-05-12 23:42:42 - [TEST_STEP][PASSED] - if (FoundVal != null): null

2020-05-12 23:42:42 - [TEST_STEP][PASSED] - println(FoundVal): null

2020-05-12 23:42:42 - [TEST_STEP][PASSED] - sendKeys(NewInputNmField, Keys.chord(ARROW_DOWN)): Keys 'DOWN + ' sent to object: 'Object Repository/Objects.ApproveOfficerValidation/Page_ISPS2/input__approveOfficerCmb'

2020-05-12 23:42:42 - [MESSAGE][PASSED] - Keys 'DOWN + ' sent to object: 'Object Repository/Objects.ApproveOfficerValidation/Page_ISPS2/input__approveOfficerCmb'

2020-05-12 23:42:42 - [TEST_STEP][PASSED] - sendKeys(NewInputNmField, Keys.chord(ARROW_DOWN)): Keys 'DOWN + ' sent to object: 'Object Repository/Objects.ApproveOfficerValidation/Page_ISPS2/input__approveOfficerCmb'

2020-05-12 23:42:42 - [MESSAGE][PASSED] - Keys 'DOWN + ' sent to object: 'Object Repository/Objects.ApproveOfficerValidation/Page_ISPS2/input__approveOfficerCmb'

2020-05-12 23:42:42 - [TEST_STEP][PASSED] - sendKeys(NewInputNmField, Keys.chord(ENTER)): Keys 'ENTER + ' sent to object: 'Object Repository/Objects.ApproveOfficerValidation/Page_ISPS2/input__approveOfficerCmb'

2020-05-12 23:42:43 - [MESSAGE][PASSED] - Keys 'ENTER + ' sent to object: 'Object Repository/Objects.ApproveOfficerValidation/Page_ISPS2/input__approveOfficerCmb'

2020-05-12 23:42:43 - [TEST_STEP][PASSED] - ValueFound = getAttribute(NewInputNmField, "value"): Attribute 'value' of object 'Object Repository/Objects.ApproveOfficerValidation/Page_ISPS2/input__approveOfficerCmb' is: 'Lim Leng Boon (LENGBOON)'

2020-05-12 23:42:43 - [MESSAGE][PASSED] - Attribute 'value' of object 'Object Repository/Objects.ApproveOfficerValidation/Page_ISPS2/input__approveOfficerCmb' is: 'Lim Leng Boon (LENGBOON)'

2020-05-12 23:42:43 - [TEST_STEP][PASSED] - FoundVal = OfficerLists.find({ -> ... }): null

2020-05-12 23:42:43 - [TEST_STEP][PASSED] - if (FoundVal != null): null

2020-05-12 23:42:43 - [TEST_STEP][PASSED] - println(FoundVal): null

2020-05-12 23:42:43 - [TEST_STEP][PASSED] - sendKeys(NewInputNmField, Keys.chord(ARROW_DOWN)): Keys 'DOWN + ' sent to object: 'Object Repository/Objects.ApproveOfficerValidation/Page_ISPS2/input__approveOfficerCmb'

2020-05-12 23:42:44 - [MESSAGE][PASSED] - Keys 'DOWN + ' sent to object: 'Object Repository/Objects.ApproveOfficerValidation/Page_ISPS2/input__approveOfficerCmb'

2020-05-12 23:42:44 - [TEST_STEP][PASSED] - sendKeys(NewInputNmField, Keys.chord(ARROW_DOWN)): Keys 'DOWN + ' sent to object: 'Object Repository/Objects.ApproveOfficerValidation/Page_ISPS2/input__approveOfficerCmb'

2020-05-12 23:42:44 - [MESSAGE][PASSED] - Keys 'DOWN + ' sent to object: 'Object Repository/Objects.ApproveOfficerValidation/Page_ISPS2/input__approveOfficerCmb'

2020-05-12 23:42:44 - [TEST_STEP][PASSED] - sendKeys(NewInputNmField, Keys.chord(ENTER)): Keys 'ENTER + ' sent to object: 'Object Repository/Objects.ApproveOfficerValidation/Page_ISPS2/input__approveOfficerCmb'

2020-05-12 23:42:45 - [MESSAGE][PASSED] - Keys 'ENTER + ' sent to object: 'Object Repository/Objects.ApproveOfficerValidation/Page_ISPS2/input__approveOfficerCmb'

2020-05-12 23:42:45 - [TEST_STEP][PASSED] - ValueFound = getAttribute(NewInputNmField, "value"): Attribute 'value' of object 'Object Repository/Objects.ApproveOfficerValidation/Page_ISPS2/input__approveOfficerCmb' is: 'Loh Lee Fong (LEEFONG)'

2020-05-12 23:42:45 - [MESSAGE][PASSED] - Attribute 'value' of object 'Object Repository/Objects.ApproveOfficerValidation/Page_ISPS2/input__approveOfficerCmb' is: 'Loh Lee Fong (LEEFONG)'

2020-05-12 23:42:45 - [TEST_STEP][PASSED] - FoundVal = OfficerLists.find({ -> ... }): null

2020-05-12 23:42:45 - [TEST_STEP][PASSED] - if (FoundVal != null): null

2020-05-12 23:42:45 - [TEST_STEP][PASSED] - println(FoundVal): null

2020-05-12 23:42:45 - [TEST_STEP][PASSED] - sendKeys(NewInputNmField, Keys.chord(ARROW_DOWN)): Keys 'DOWN + ' sent to object: 'Object Repository/Objects.ApproveOfficerValidation/Page_ISPS2/input__approveOfficerCmb'

2020-05-12 23:42:45 - [MESSAGE][PASSED] - Keys 'DOWN + ' sent to object: 'Object Repository/Objects.ApproveOfficerValidation/Page_ISPS2/input__approveOfficerCmb'

2020-05-12 23:42:45 - [TEST_STEP][PASSED] - sendKeys(NewInputNmField, Keys.chord(ARROW_DOWN)): Keys 'DOWN + ' sent to object: 'Object Repository/Objects.ApproveOfficerValidation/Page_ISPS2/input__approveOfficerCmb'

2020-05-12 23:42:46 - [MESSAGE][PASSED] - Keys 'DOWN + ' sent to object: 'Object Repository/Objects.ApproveOfficerValidation/Page_ISPS2/input__approveOfficerCmb'

2020-05-12 23:42:46 - [TEST_STEP][PASSED] - sendKeys(NewInputNmField, Keys.chord(ENTER)): Keys 'ENTER + ' sent to object: 'Object Repository/Objects.ApproveOfficerValidation/Page_ISPS2/input__approveOfficerCmb'

2020-05-12 23:42:46 - [MESSAGE][PASSED] - Keys 'ENTER + ' sent to object: 'Object Repository/Objects.ApproveOfficerValidation/Page_ISPS2/input__approveOfficerCmb'

2020-05-12 23:42:46 - [TEST_STEP][PASSED] - ValueFound = getAttribute(NewInputNmField, "value"): Attribute 'value' of object 'Object Repository/Objects.ApproveOfficerValidation/Page_ISPS2/input__approveOfficerCmb' is: 'Lu Ji Ju (Mdm) (USALJJ)'

2020-05-12 23:42:47 - [MESSAGE][PASSED] - Attribute 'value' of object 'Object Repository/Objects.ApproveOfficerValidation/Page_ISPS2/input__approveOfficerCmb' is: 'Lu Ji Ju (Mdm) (USALJJ)'

2020-05-12 23:42:47 - [TEST_STEP][PASSED] - FoundVal = OfficerLists.find({ -> ... }): null

2020-05-12 23:42:47 - [TEST_STEP][PASSED] - if (FoundVal != null): null

2020-05-12 23:42:47 - [TEST_STEP][PASSED] - println(FoundVal): null

2020-05-12 23:42:47 - [TEST_STEP][PASSED] - sendKeys(NewInputNmField, Keys.chord(ARROW_DOWN)): Keys 'DOWN + ' sent to object: 'Object Repository/Objects.ApproveOfficerValidation/Page_ISPS2/input__approveOfficerCmb'

2020-05-12 23:42:47 - [MESSAGE][PASSED] - Keys 'DOWN + ' sent to object: 'Object Repository/Objects.ApproveOfficerValidation/Page_ISPS2/input__approveOfficerCmb'

2020-05-12 23:42:47 - [TEST_STEP][PASSED] - sendKeys(NewInputNmField, Keys.chord(ARROW_DOWN)): Keys 'DOWN + ' sent to object: 'Object Repository/Objects.ApproveOfficerValidation/Page_ISPS2/input__approveOfficerCmb'

2020-05-12 23:42:47 - [MESSAGE][PASSED] - Keys 'DOWN + ' sent to object: 'Object Repository/Objects.ApproveOfficerValidation/Page_ISPS2/input__approveOfficerCmb'

2020-05-12 23:42:47 - [TEST_STEP][PASSED] - sendKeys(NewInputNmField, Keys.chord(ENTER)): Keys 'ENTER + ' sent to object: 'Object Repository/Objects.ApproveOfficerValidation/Page_ISPS2/input__approveOfficerCmb'

2020-05-12 23:42:48 - [MESSAGE][PASSED] - Keys 'ENTER + ' sent to object: 'Object Repository/Objects.ApproveOfficerValidation/Page_ISPS2/input__approveOfficerCmb'

2020-05-12 23:42:48 - [TEST_STEP][PASSED] - ValueFound = getAttribute(NewInputNmField, "value"): Attribute 'value' of object 'Object Repository/Objects.ApproveOfficerValidation/Page_ISPS2/input__approveOfficerCmb' is: 'Mohd Jeffri Bin Abdul Rahim (MOHDJEFFRI)'

2020-05-12 23:42:48 - [MESSAGE][PASSED] - Attribute 'value' of object 'Object Repository/Objects.ApproveOfficerValidation/Page_ISPS2/input__approveOfficerCmb' is: 'Mohd Jeffri Bin Abdul Rahim (MOHDJEFFRI)'

2020-05-12 23:42:48 - [TEST_STEP][PASSED] - FoundVal = OfficerLists.find({ -> ... }): null

2020-05-12 23:42:48 - [TEST_STEP][PASSED] - if (FoundVal != null): null

2020-05-12 23:42:48 - [TEST_STEP][PASSED] - println(FoundVal): null

2020-05-12 23:42:48 - [TEST_STEP][PASSED] - sendKeys(NewInputNmField, Keys.chord(ARROW_DOWN)): Keys 'DOWN + ' sent to object: 'Object Repository/Objects.ApproveOfficerValidation/Page_ISPS2/input__approveOfficerCmb'

2020-05-12 23:42:49 - [MESSAGE][PASSED] - Keys 'DOWN + ' sent to object: 'Object Repository/Objects.ApproveOfficerValidation/Page_ISPS2/input__approveOfficerCmb'

2020-05-12 23:42:49 - [TEST_STEP][PASSED] - sendKeys(NewInputNmField, Keys.chord(ARROW_DOWN)): Keys 'DOWN + ' sent to object: 'Object Repository/Objects.ApproveOfficerValidation/Page_ISPS2/input__approveOfficerCmb'

2020-05-12 23:42:49 - [MESSAGE][PASSED] - Keys 'DOWN + ' sent to object: 'Object Repository/Objects.ApproveOfficerValidation/Page_ISPS2/input__approveOfficerCmb'

2020-05-12 23:42:49 - [TEST_STEP][PASSED] - sendKeys(NewInputNmField, Keys.chord(ENTER)): Keys 'ENTER + ' sent to object: 'Object Repository/Objects.ApproveOfficerValidation/Page_ISPS2/input__approveOfficerCmb'

2020-05-12 23:42:49 - [MESSAGE][PASSED] - Keys 'ENTER + ' sent to object: 'Object Repository/Objects.ApproveOfficerValidation/Page_ISPS2/input__approveOfficerCmb'

2020-05-12 23:42:49 - [TEST_STEP][PASSED] - ValueFound = getAttribute(NewInputNmField, "value"): Attribute 'value' of object 'Object Repository/Objects.ApproveOfficerValidation/Page_ISPS2/input__approveOfficerCmb' is: 'Mohd Jumat Bin Haji Mohd Hassan (MOHDJUMAT)'

2020-05-12 23:42:50 - [MESSAGE][PASSED] - Attribute 'value' of object 'Object Repository/Objects.ApproveOfficerValidation/Page_ISPS2/input__approveOfficerCmb' is: 'Mohd Jumat Bin Haji Mohd Hassan (MOHDJUMAT)'

2020-05-12 23:42:50 - [TEST_STEP][PASSED] - FoundVal = OfficerLists.find({ -> ... }): null

2020-05-12 23:42:50 - [TEST_STEP][PASSED] - if (FoundVal != null): null

2020-05-12 23:42:50 - [TEST_STEP][PASSED] - println(FoundVal): null

2020-05-12 23:42:50 - [TEST_STEP][PASSED] - sendKeys(NewInputNmField, Keys.chord(ARROW_DOWN)): Keys 'DOWN + ' sent to object: 'Object Repository/Objects.ApproveOfficerValidation/Page_ISPS2/input__approveOfficerCmb'

2020-05-12 23:42:50 - [MESSAGE][PASSED] - Keys 'DOWN + ' sent to object: 'Object Repository/Objects.ApproveOfficerValidation/Page_ISPS2/input__approveOfficerCmb'

2020-05-12 23:42:50 - [TEST_STEP][PASSED] - sendKeys(NewInputNmField, Keys.chord(ARROW_DOWN)): Keys 'DOWN + ' sent to object: 'Object Repository/Objects.ApproveOfficerValidation/Page_ISPS2/input__approveOfficerCmb'

2020-05-12 23:42:51 - [MESSAGE][PASSED] - Keys 'DOWN + ' sent to object: 'Object Repository/Objects.ApproveOfficerValidation/Page_ISPS2/input__approveOfficerCmb'

2020-05-12 23:42:51 - [TEST_STEP][PASSED] - sendKeys(NewInputNmField, Keys.chord(ENTER)): Keys 'ENTER + ' sent to object: 'Object Repository/Objects.ApproveOfficerValidation/Page_ISPS2/input__approveOfficerCmb'

2020-05-12 23:42:51 - [MESSAGE][PASSED] - Keys 'ENTER + ' sent to object: 'Object Repository/Objects.ApproveOfficerValidation/Page_ISPS2/input__approveOfficerCmb'

2020-05-12 23:42:51 - [TEST_STEP][PASSED] - ValueFound = getAttribute(NewInputNmField, "value"): Attribute 'value' of object 'Object Repository/Objects.ApproveOfficerValidation/Page_ISPS2/input__approveOfficerCmb' is: 'Ng Seh Luh (USANSL)'

2020-05-12 23:42:52 - [MESSAGE][PASSED] - Attribute 'value' of object 'Object Repository/Objects.ApproveOfficerValidation/Page_ISPS2/input__approveOfficerCmb' is: 'Ng Seh Luh (USANSL)'

2020-05-12 23:42:52 - [TEST_STEP][PASSED] - FoundVal = OfficerLists.find({ -> ... }): null

2020-05-12 23:42:52 - [TEST_STEP][PASSED] - if (FoundVal != null): null

2020-05-12 23:42:52 - [TEST_STEP][PASSED] - println(FoundVal): null

2020-05-12 23:42:52 - [TEST_STEP][PASSED] - sendKeys(NewInputNmField, Keys.chord(ARROW_DOWN)): Keys 'DOWN + ' sent to object: 'Object Repository/Objects.ApproveOfficerValidation/Page_ISPS2/input__approveOfficerCmb'

2020-05-12 23:42:52 - [MESSAGE][PASSED] - Keys 'DOWN + ' sent to object: 'Object Repository/Objects.ApproveOfficerValidation/Page_ISPS2/input__approveOfficerCmb'

2020-05-12 23:42:52 - [TEST_STEP][PASSED] - sendKeys(NewInputNmField, Keys.chord(ARROW_DOWN)): Keys 'DOWN + ' sent to object: 'Object Repository/Objects.ApproveOfficerValidation/Page_ISPS2/input__approveOfficerCmb'

2020-05-12 23:42:52 - [MESSAGE][PASSED] - Keys 'DOWN + ' sent to object: 'Object Repository/Objects.ApproveOfficerValidation/Page_ISPS2/input__approveOfficerCmb'

2020-05-12 23:42:52 - [TEST_STEP][PASSED] - sendKeys(NewInputNmField, Keys.chord(ENTER)): Keys 'ENTER + ' sent to object: 'Object Repository/Objects.ApproveOfficerValidation/Page_ISPS2/input__approveOfficerCmb'

2020-05-12 23:42:53 - [MESSAGE][PASSED] - Keys 'ENTER + ' sent to object: 'Object Repository/Objects.ApproveOfficerValidation/Page_ISPS2/input__approveOfficerCmb'

2020-05-12 23:42:53 - [TEST_STEP][PASSED] - ValueFound = getAttribute(NewInputNmField, "value"): Attribute 'value' of object 'Object Repository/Objects.ApproveOfficerValidation/Page_ISPS2/input__approveOfficerCmb' is: 'Richard Lim Fang Ping (FANGPING)'

2020-05-12 23:42:53 - [MESSAGE][PASSED] - Attribute 'value' of object 'Object Repository/Objects.ApproveOfficerValidation/Page_ISPS2/input__approveOfficerCmb' is: 'Richard Lim Fang Ping (FANGPING)'

2020-05-12 23:42:53 - [TEST_STEP][PASSED] - FoundVal = OfficerLists.find({ -> ... }): null

2020-05-12 23:42:53 - [TEST_STEP][PASSED] - if (FoundVal != null): null

2020-05-12 23:42:53 - [TEST_STEP][PASSED] - println(FoundVal): null

2020-05-12 23:42:53 - [TEST_STEP][PASSED] - sendKeys(NewInputNmField, Keys.chord(ARROW_DOWN)): Keys 'DOWN + ' sent to object: 'Object Repository/Objects.ApproveOfficerValidation/Page_ISPS2/input__approveOfficerCmb'

2020-05-12 23:42:54 - [MESSAGE][PASSED] - Keys 'DOWN + ' sent to object: 'Object Repository/Objects.ApproveOfficerValidation/Page_ISPS2/input__approveOfficerCmb'

2020-05-12 23:42:54 - [TEST_STEP][PASSED] - sendKeys(NewInputNmField, Keys.chord(ARROW_DOWN)): Keys 'DOWN + ' sent to object: 'Object Repository/Objects.ApproveOfficerValidation/Page_ISPS2/input__approveOfficerCmb'

2020-05-12 23:42:54 - [MESSAGE][PASSED] - Keys 'DOWN + ' sent to object: 'Object Repository/Objects.ApproveOfficerValidation/Page_ISPS2/input__approveOfficerCmb'

2020-05-12 23:42:54 - [TEST_STEP][PASSED] - sendKeys(NewInputNmField, Keys.chord(ENTER)): Keys 'ENTER + ' sent to object: 'Object Repository/Objects.ApproveOfficerValidation/Page_ISPS2/input__approveOfficerCmb'

2020-05-12 23:42:55 - [MESSAGE][PASSED] - Keys 'ENTER + ' sent to object: 'Object Repository/Objects.ApproveOfficerValidation/Page_ISPS2/input__approveOfficerCmb'

2020-05-12 23:42:55 - [TEST_STEP][PASSED] - ValueFound = getAttribute(NewInputNmField, "value"): Attribute 'value' of object 'Object Repository/Objects.ApproveOfficerValidation/Page_ISPS2/input__approveOfficerCmb' is: 'RITA WONG SIONG ING (RITAWONG)'

2020-05-12 23:42:55 - [MESSAGE][PASSED] - Attribute 'value' of object 'Object Repository/Objects.ApproveOfficerValidation/Page_ISPS2/input__approveOfficerCmb' is: 'RITA WONG SIONG ING (RITAWONG)'

2020-05-12 23:42:55 - [TEST_STEP][PASSED] - FoundVal = OfficerLists.find({ -> ... }): null

2020-05-12 23:42:55 - [TEST_STEP][PASSED] - if (FoundVal != null): null

2020-05-12 23:42:55 - [TEST_STEP][PASSED] - println(FoundVal): null

2020-05-12 23:42:55 - [TEST_STEP][PASSED] - sendKeys(NewInputNmField, Keys.chord(ARROW_DOWN)): Keys 'DOWN + ' sent to object: 'Object Repository/Objects.ApproveOfficerValidation/Page_ISPS2/input__approveOfficerCmb'

2020-05-12 23:42:55 - [MESSAGE][PASSED] - Keys 'DOWN + ' sent to object: 'Object Repository/Objects.ApproveOfficerValidation/Page_ISPS2/input__approveOfficerCmb'

2020-05-12 23:42:55 - [TEST_STEP][PASSED] - sendKeys(NewInputNmField, Keys.chord(ARROW_DOWN)): Keys 'DOWN + ' sent to object: 'Object Repository/Objects.ApproveOfficerValidation/Page_ISPS2/input__approveOfficerCmb'

2020-05-12 23:42:56 - [MESSAGE][PASSED] - Keys 'DOWN + ' sent to object: 'Object Repository/Objects.ApproveOfficerValidation/Page_ISPS2/input__approveOfficerCmb'

2020-05-12 23:42:56 - [TEST_STEP][PASSED] - sendKeys(NewInputNmField, Keys.chord(ENTER)): Keys 'ENTER + ' sent to object: 'Object Repository/Objects.ApproveOfficerValidation/Page_ISPS2/input__approveOfficerCmb'

2020-05-12 23:42:56 - [MESSAGE][PASSED] - Keys 'ENTER + ' sent to object: 'Object Repository/Objects.ApproveOfficerValidation/Page_ISPS2/input__approveOfficerCmb'

2020-05-12 23:42:56 - [TEST_STEP][PASSED] - ValueFound = getAttribute(NewInputNmField, "value"): Attribute 'value' of object 'Object Repository/Objects.ApproveOfficerValidation/Page_ISPS2/input__approveOfficerCmb' is: 'Shi Hong Wei (HONGWEI)'

2020-05-12 23:42:57 - [MESSAGE][PASSED] - Attribute 'value' of object 'Object Repository/Objects.ApproveOfficerValidation/Page_ISPS2/input__approveOfficerCmb' is: 'Shi Hong Wei (HONGWEI)'

2020-05-12 23:42:57 - [TEST_STEP][PASSED] - FoundVal = OfficerLists.find({ -> ... }): null

2020-05-12 23:42:57 - [TEST_STEP][PASSED] - if (FoundVal != null): null

2020-05-12 23:42:57 - [TEST_STEP][PASSED] - println(FoundVal): null

2020-05-12 23:42:57 - [TEST_STEP][PASSED] - sendKeys(NewInputNmField, Keys.chord(ARROW_DOWN)): Keys 'DOWN + ' sent to object: 'Object Repository/Objects.ApproveOfficerValidation/Page_ISPS2/input__approveOfficerCmb'

2020-05-12 23:42:57 - [MESSAGE][PASSED] - Keys 'DOWN + ' sent to object: 'Object Repository/Objects.ApproveOfficerValidation/Page_ISPS2/input__approveOfficerCmb'

2020-05-12 23:42:57 - [TEST_STEP][PASSED] - sendKeys(NewInputNmField, Keys.chord(ARROW_DOWN)): Keys 'DOWN + ' sent to object: 'Object Repository/Objects.ApproveOfficerValidation/Page_ISPS2/input__approveOfficerCmb'

2020-05-12 23:42:57 - [MESSAGE][PASSED] - Keys 'DOWN + ' sent to object: 'Object Repository/Objects.ApproveOfficerValidation/Page_ISPS2/input__approveOfficerCmb'

2020-05-12 23:42:57 - [TEST_STEP][PASSED] - sendKeys(NewInputNmField, Keys.chord(ENTER)): Keys 'ENTER + ' sent to object: 'Object Repository/Objects.ApproveOfficerValidation/Page_ISPS2/input__approveOfficerCmb'

2020-05-12 23:42:58 - [MESSAGE][PASSED] - Keys 'ENTER + ' sent to object: 'Object Repository/Objects.ApproveOfficerValidation/Page_ISPS2/input__approveOfficerCmb'

2020-05-12 23:42:58 - [TEST_STEP][PASSED] - ValueFound = getAttribute(NewInputNmField, "value"): Attribute 'value' of object 'Object Repository/Objects.ApproveOfficerValidation/Page_ISPS2/input__approveOfficerCmb' is: 'Sulaiman Bin Ahmad (USABAS)'

2020-05-12 23:42:59 - [MESSAGE][PASSED] - Attribute 'value' of object 'Object Repository/Objects.ApproveOfficerValidation/Page_ISPS2/input__approveOfficerCmb' is: 'Sulaiman Bin Ahmad (USABAS)'

2020-05-12 23:42:59 - [TEST_STEP][PASSED] - FoundVal = OfficerLists.find({ -> ... }): null

2020-05-12 23:42:59 - [TEST_STEP][PASSED] - if (FoundVal != null): null

2020-05-12 23:42:59 - [TEST_STEP][PASSED] - println(FoundVal): null

2020-05-12 23:42:59 - [TEST_STEP][PASSED] - sendKeys(NewInputNmField, Keys.chord(ARROW_DOWN)): Keys 'DOWN + ' sent to object: 'Object Repository/Objects.ApproveOfficerValidation/Page_ISPS2/input__approveOfficerCmb'

2020-05-12 23:42:59 - [MESSAGE][PASSED] - Keys 'DOWN + ' sent to object: 'Object Repository/Objects.ApproveOfficerValidation/Page_ISPS2/input__approveOfficerCmb'

2020-05-12 23:42:59 - [TEST_STEP][PASSED] - sendKeys(NewInputNmField, Keys.chord(ARROW_DOWN)): Keys 'DOWN + ' sent to object: 'Object Repository/Objects.ApproveOfficerValidation/Page_ISPS2/input__approveOfficerCmb'

2020-05-12 23:42:59 - [MESSAGE][PASSED] - Keys 'DOWN + ' sent to object: 'Object Repository/Objects.ApproveOfficerValidation/Page_ISPS2/input__approveOfficerCmb'

2020-05-12 23:42:59 - [TEST_STEP][PASSED] - sendKeys(NewInputNmField, Keys.chord(ENTER)): Keys 'ENTER + ' sent to object: 'Object Repository/Objects.ApproveOfficerValidation/Page_ISPS2/input__approveOfficerCmb'

2020-05-12 23:43:00 - [MESSAGE][PASSED] - Keys 'ENTER + ' sent to object: 'Object Repository/Objects.ApproveOfficerValidation/Page_ISPS2/input__approveOfficerCmb'

2020-05-12 23:43:00 - [TEST_STEP][PASSED] - ValueFound = getAttribute(NewInputNmField, "value"): Attribute 'value' of object 'Object Repository/Objects.ApproveOfficerValidation/Page_ISPS2/input__approveOfficerCmb' is: 'Tan Kwan Joo (KWANJOO)'

2020-05-12 23:43:00 - [MESSAGE][PASSED] - Attribute 'value' of object 'Object Repository/Objects.ApproveOfficerValidation/Page_ISPS2/input__approveOfficerCmb' is: 'Tan Kwan Joo (KWANJOO)'

2020-05-12 23:43:00 - [TEST_STEP][PASSED] - FoundVal = OfficerLists.find({ -> ... }): null

2020-05-12 23:43:00 - [TEST_STEP][PASSED] - if (FoundVal != null): null

2020-05-12 23:43:00 - [TEST_STEP][PASSED] - println(FoundVal): null

2020-05-12 23:43:00 - [TEST_STEP][PASSED] - sendKeys(NewInputNmField, Keys.chord(ARROW_DOWN)): Keys 'DOWN + ' sent to object: 'Object Repository/Objects.ApproveOfficerValidation/Page_ISPS2/input__approveOfficerCmb'

2020-05-12 23:43:01 - [MESSAGE][PASSED] - Keys 'DOWN + ' sent to object: 'Object Repository/Objects.ApproveOfficerValidation/Page_ISPS2/input__approveOfficerCmb'

2020-05-12 23:43:01 - [TEST_STEP][PASSED] - sendKeys(NewInputNmField, Keys.chord(ARROW_DOWN)): Keys 'DOWN + ' sent to object: 'Object Repository/Objects.ApproveOfficerValidation/Page_ISPS2/input__approveOfficerCmb'

2020-05-12 23:43:01 - [MESSAGE][PASSED] - Keys 'DOWN + ' sent to object: 'Object Repository/Objects.ApproveOfficerValidation/Page_ISPS2/input__approveOfficerCmb'

2020-05-12 23:43:01 - [TEST_STEP][PASSED] - sendKeys(NewInputNmField, Keys.chord(ENTER)): Keys 'ENTER + ' sent to object: 'Object Repository/Objects.ApproveOfficerValidation/Page_ISPS2/input__approveOfficerCmb'

2020-05-12 23:43:02 - [MESSAGE][PASSED] - Keys 'ENTER + ' sent to object: 'Object Repository/Objects.ApproveOfficerValidation/Page_ISPS2/input__approveOfficerCmb'

2020-05-12 23:43:02 - [TEST_STEP][PASSED] - ValueFound = getAttribute(NewInputNmField, "value"): Attribute 'value' of object 'Object Repository/Objects.ApproveOfficerValidation/Page_ISPS2/input__approveOfficerCmb' is: 'Wong Swee Sheng (WONGSWEE)'

2020-05-12 23:43:02 - [MESSAGE][PASSED] - Attribute 'value' of object 'Object Repository/Objects.ApproveOfficerValidation/Page_ISPS2/input__approveOfficerCmb' is: 'Wong Swee Sheng (WONGSWEE)'

2020-05-12 23:43:02 - [TEST_STEP][PASSED] - FoundVal = OfficerLists.find({ -> ... }): null

2020-05-12 23:43:02 - [TEST_STEP][PASSED] - if (FoundVal != null): null

2020-05-12 23:43:02 - [TEST_STEP][PASSED] - println(FoundVal): null

2020-05-12 23:43:02 - [TEST_STEP][PASSED] - sendKeys(NewInputNmField, Keys.chord(ARROW_DOWN)): Keys 'DOWN + ' sent to object: 'Object Repository/Objects.ApproveOfficerValidation/Page_ISPS2/input__approveOfficerCmb'

2020-05-12 23:43:02 - [MESSAGE][PASSED] - Keys 'DOWN + ' sent to object: 'Object Repository/Objects.ApproveOfficerValidation/Page_ISPS2/input__approveOfficerCmb'

2020-05-12 23:43:02 - [TEST_STEP][PASSED] - sendKeys(NewInputNmField, Keys.chord(ARROW_DOWN)): Keys 'DOWN + ' sent to object: 'Object Repository/Objects.ApproveOfficerValidation/Page_ISPS2/input__approveOfficerCmb'

2020-05-12 23:43:03 - [MESSAGE][PASSED] - Keys 'DOWN + ' sent to object: 'Object Repository/Objects.ApproveOfficerValidation/Page_ISPS2/input__approveOfficerCmb'

2020-05-12 23:43:03 - [TEST_STEP][PASSED] - sendKeys(NewInputNmField, Keys.chord(ENTER)): Keys 'ENTER + ' sent to object: 'Object Repository/Objects.ApproveOfficerValidation/Page_ISPS2/input__approveOfficerCmb'

2020-05-12 23:43:03 - [MESSAGE][PASSED] - Keys 'ENTER + ' sent to object: 'Object Repository/Objects.ApproveOfficerValidation/Page_ISPS2/input__approveOfficerCmb'

2020-05-12 23:43:03 - [TEST_STEP][PASSED] - ValueFound = getAttribute(NewInputNmField, "value"): Attribute 'value' of object 'Object Repository/Objects.ApproveOfficerValidation/Page_ISPS2/input__approveOfficerCmb' is: 'Yeo Siew Juay (SIEWJUAY)'

2020-05-12 23:43:04 - [MESSAGE][PASSED] - Attribute 'value' of object 'Object Repository/Objects.ApproveOfficerValidation/Page_ISPS2/input__approveOfficerCmb' is: 'Yeo Siew Juay (SIEWJUAY)'

2020-05-12 23:43:04 - [TEST_STEP][PASSED] - FoundVal = OfficerLists.find({ -> ... }): null

2020-05-12 23:43:04 - [TEST_STEP][PASSED] - if (FoundVal != null): null

2020-05-12 23:43:04 - [TEST_STEP][PASSED] - println(FoundVal): null

2020-05-12 23:43:04 - [TEST_STEP][PASSED] - sendKeys(NewInputNmField, Keys.chord(ARROW_DOWN)): Keys 'DOWN + ' sent to object: 'Object Repository/Objects.ApproveOfficerValidation/Page_ISPS2/input__approveOfficerCmb'

2020-05-12 23:43:04 - [MESSAGE][PASSED] - Keys 'DOWN + ' sent to object: 'Object Repository/Objects.ApproveOfficerValidation/Page_ISPS2/input__approveOfficerCmb'

2020-05-12 23:43:04 - [TEST_STEP][PASSED] - sendKeys(NewInputNmField, Keys.chord(ARROW_DOWN)): Keys 'DOWN + ' sent to object: 'Object Repository/Objects.ApproveOfficerValidation/Page_ISPS2/input__approveOfficerCmb'

2020-05-12 23:43:04 - [MESSAGE][PASSED] - Keys 'DOWN + ' sent to object: 'Object Repository/Objects.ApproveOfficerValidation/Page_ISPS2/input__approveOfficerCmb'

2020-05-12 23:43:04 - [TEST_STEP][PASSED] - sendKeys(NewInputNmField, Keys.chord(ENTER)): Keys 'ENTER + ' sent to object: 'Object Repository/Objects.ApproveOfficerValidation/Page_ISPS2/input__approveOfficerCmb'

2020-05-12 23:43:05 - [MESSAGE][PASSED] - Keys 'ENTER + ' sent to object: 'Object Repository/Objects.ApproveOfficerValidation/Page_ISPS2/input__approveOfficerCmb'

2020-05-12 23:43:05 - [TEST_STEP][PASSED] - ValueFound = getAttribute(NewInputNmField, "value"): Attribute 'value' of object 'Object Repository/Objects.ApproveOfficerValidation/Page_ISPS2/input__approveOfficerCmb' is: 'Zhao Dianfeng (DIANFENG)'

2020-05-12 23:43:05 - [MESSAGE][PASSED] - Attribute 'value' of object 'Object Repository/Objects.ApproveOfficerValidation/Page_ISPS2/input__approveOfficerCmb' is: 'Zhao Dianfeng (DIANFENG)'

2020-05-12 23:43:05 - [TEST_STEP][PASSED] - FoundVal = OfficerLists.find({ -> ... }): null

2020-05-12 23:43:05 - [TEST_STEP][PASSED] - if (FoundVal != null): null

2020-05-12 23:43:05 - [TEST_STEP][PASSED] - println(FoundVal): null

2020-05-12 23:43:05 - [TEST_STEP][PASSED] - sendKeys(NewInputNmField, Keys.chord(ARROW_DOWN)): Keys 'DOWN + ' sent to object: 'Object Repository/Objects.ApproveOfficerValidation/Page_ISPS2/input__approveOfficerCmb'

2020-05-12 23:43:06 - [MESSAGE][PASSED] - Keys 'DOWN + ' sent to object: 'Object Repository/Objects.ApproveOfficerValidation/Page_ISPS2/input__approveOfficerCmb'

2020-05-12 23:43:06 - [TEST_STEP][PASSED] - sendKeys(NewInputNmField, Keys.chord(ENTER)): Keys 'ENTER + ' sent to object: 'Object Repository/Objects.ApproveOfficerValidation/Page_ISPS2/input__approveOfficerCmb'

2020-05-12 23:43:06 - [MESSAGE][PASSED] - Keys 'ENTER + ' sent to object: 'Object Repository/Objects.ApproveOfficerValidation/Page_ISPS2/input__approveOfficerCmb'

2020-05-12 23:43:06 - [MESSAGE][PASSED] - Call Test Case 'Test Cases/Components/00_Precision and Scale/OfficerValidation' successfully

2020-05-12 23:43:06 - [TEST_STEP][PASSED] - callTestCase(findTestCase("Components/00_Precision and Scale/RemarksValidation"), ["LblNm":"Remarks *:", "FldNm":"remarks", "LblPresent":"Y", "RqdFld":"Y", "Minlen":10, "MaxLen":4005], STOP_ON_FAILURE): Call Test Case 'Test Cases/Components/00_Precision and Scale/RemarksValidation' successfully

2020-05-12 23:43:06 - [TEST_CASE][PASSED] - Test Cases/Components/00_Precision and Scale/RemarksValidation: Test Cases/Components/00_Precision and Scale/RemarksValidation

2020-05-12 23:43:07 - [TEST_STEP][PASSED] - Thread.sleep(3000): null

2020-05-12 23:43:10 - [TEST_STEP][PASSED] - charset = /?><"".join(): null

2020-05-12 23:43:10 - [TEST_STEP][PASSED] - AlphaNumeric = 9).join(): null

2020-05-12 23:43:10 - [TEST_STEP][PASSED] - SpecialChar = "`~!@#$%^&*()-=+_{}|\][;'":,./?><"": null

2020-05-12 23:43:10 - [TEST_STEP][PASSED] - RandomString = RandomStringUtils.random(Minlen, AlphaNumeric.toCharArray()): null

2020-05-12 23:43:10 - [TEST_STEP][PASSED] - RdmSpChar = RandomStringUtils.random(Minlen, SpecialChar): null

2020-05-12 23:43:10 - [TEST_STEP][PASSED] - MaxInputVal = RandomStringUtils.random(MaxLen, charset.toCharArray()): null

2020-05-12 23:43:10 - [TEST_STEP][PASSED] - regexPat = Pattern.compile("^[A-Za-z0-9 ]+$"): null

2020-05-12 23:43:10 - [TEST_STEP][PASSED] - if (LblPresent == "Y"): com.reusableComponents.HighlightElement.run is PASSED

2020-05-12 23:43:10 - [TEST_STEP][PASSED] - NewLblNmField = modifyObjectProperty(findTestObject("Objects.RemarksValidation/label_Remarks"), "text", "equals", LblNm, true): Modify property of object successfully

2020-05-12 23:43:10 - [MESSAGE][PASSED] - Modify property of object successfully

2020-05-12 23:43:10 - [TEST_STEP][PASSED] - com.reusableComponents.HighlightElement.run(NewLblNmField): com.reusableComponents.HighlightElement.run is PASSED

2020-05-12 23:43:10 - [MESSAGE][PASSED] - com.reusableComponents.HighlightElement.run is PASSED

2020-05-12 23:43:10 - [TEST_STEP][PASSED] - NewInputNmField = modifyObjectProperty(findTestObject("Objects.RemarksValidation/input_Remarks"), "name", "equals", FldNm, true): Modify property of object successfully

2020-05-12 23:43:10 - [MESSAGE][PASSED] - Modify property of object successfully

2020-05-12 23:43:10 - [TEST_STEP][PASSED] - com.reusableComponents.HighlightElement.run(NewInputNmField): com.reusableComponents.HighlightElement.run is PASSED

2020-05-12 23:43:11 - [MESSAGE][PASSED] - com.reusableComponents.HighlightElement.run is PASSED

2020-05-12 23:43:11 - [TEST_STEP][PASSED] - focus(NewInputNmField): Object: 'Object Repository/Objects.RemarksValidation/input_Remarks' is focused

2020-05-12 23:43:11 - [MESSAGE][PASSED] - Object: 'Object Repository/Objects.RemarksValidation/input_Remarks' is focused

2020-05-12 23:43:11 - [TEST_STEP][PASSED] - DefVal = getAttribute(NewInputNmField, "value", STOP_ON_FAILURE): Attribute 'value' of object 'Object Repository/Objects.RemarksValidation/input_Remarks' is: ''

2020-05-12 23:43:12 - [MESSAGE][PASSED] - Attribute 'value' of object 'Object Repository/Objects.RemarksValidation/input_Remarks' is: ''

2020-05-12 23:43:12 - [TEST_STEP][PASSED] - verifyMatch(DefVal, "", true, STOP_ON_FAILURE): Actual text '' and expected text '' are matched  using regular expression

2020-05-12 23:43:12 - [MESSAGE][PASSED] - Actual text '' and expected text '' are matched  using regular expression

2020-05-12 23:43:12 - [TEST_STEP][PASSED] - setText(NewInputNmField, RandomString): Text 'hAjpy8Xdtg' is set on object 'Object Repository/Objects.RemarksValidation/input_Remarks'

2020-05-12 23:43:12 - [MESSAGE][PASSED] - Text 'hAjpy8Xdtg' is set on object 'Object Repository/Objects.RemarksValidation/input_Remarks'

2020-05-12 23:43:12 - [TEST_STEP][PASSED] - RemarksAN = getAttribute(NewInputNmField, "value"): Attribute 'value' of object 'Object Repository/Objects.RemarksValidation/input_Remarks' is: 'hAjpy8Xdtg'

2020-05-12 23:43:13 - [MESSAGE][PASSED] - Attribute 'value' of object 'Object Repository/Objects.RemarksValidation/input_Remarks' is: 'hAjpy8Xdtg'

2020-05-12 23:43:13 - [TEST_STEP][PASSED] - matchStr = regexPat.matcher(RemarksAN): null

2020-05-12 23:43:13 - [TEST_STEP][PASSED] - if (matchStr.matches() == true): Accepting Alphanumeric

2020-05-12 23:43:13 - [TEST_STEP][PASSED] - comment("Accepting Alphanumeric"): Accepting Alphanumeric

2020-05-12 23:43:13 - [MESSAGE][INFO] - Accepting Alphanumeric

2020-05-12 23:43:13 - [TEST_STEP][PASSED] - setText(NewInputNmField, RdmSpChar): Text '^&\"|~$"/@' is set on object 'Object Repository/Objects.RemarksValidation/input_Remarks'

2020-05-12 23:43:13 - [MESSAGE][PASSED] - Text '^&\"|~$"/@' is set on object 'Object Repository/Objects.RemarksValidation/input_Remarks'

2020-05-12 23:43:13 - [TEST_STEP][PASSED] - RemarksSpChar = getAttribute(NewInputNmField, "value"): Attribute 'value' of object 'Object Repository/Objects.RemarksValidation/input_Remarks' is: '^&\"|~$"/@'

2020-05-12 23:43:14 - [MESSAGE][PASSED] - Attribute 'value' of object 'Object Repository/Objects.RemarksValidation/input_Remarks' is: '^&\"|~$"/@'

2020-05-12 23:43:14 - [TEST_STEP][PASSED] - matchSp = regexPat.matcher(RemarksSpChar): null

2020-05-12 23:43:14 - [TEST_STEP][PASSED] - if (matchSp.matches() == false): Accepting Special Characters

2020-05-12 23:43:14 - [TEST_STEP][PASSED] - comment("Accepting Special Characters"): Accepting Special Characters

2020-05-12 23:43:14 - [MESSAGE][INFO] - Accepting Special Characters

2020-05-12 23:43:14 - [TEST_STEP][PASSED] - sendKeys(NewInputNmField, Keys.chord(ARROW_DOWN), STOP_ON_FAILURE): Keys 'DOWN + ' sent to object: 'Object Repository/Objects.RemarksValidation/input_Remarks'

2020-05-12 23:43:14 - [MESSAGE][PASSED] - Keys 'DOWN + ' sent to object: 'Object Repository/Objects.RemarksValidation/input_Remarks'

2020-05-12 23:43:14 - [TEST_STEP][PASSED] - sendKeys(NewInputNmField, Keys.chord(CONTROL, "a"), STOP_ON_FAILURE): Keys 'CONTROL + a' sent to object: 'Object Repository/Objects.RemarksValidation/input_Remarks'

2020-05-12 23:43:14 - [MESSAGE][PASSED] - Keys 'CONTROL + a' sent to object: 'Object Repository/Objects.RemarksValidation/input_Remarks'

2020-05-12 23:43:14 - [TEST_STEP][PASSED] - sendKeys(NewInputNmField, Keys.chord(BACK_SPACE), STOP_ON_FAILURE): Keys 'BACK_SPACE + ' sent to object: 'Object Repository/Objects.RemarksValidation/input_Remarks'

2020-05-12 23:43:15 - [MESSAGE][PASSED] - Keys 'BACK_SPACE + ' sent to object: 'Object Repository/Objects.RemarksValidation/input_Remarks'

2020-05-12 23:43:15 - [TEST_STEP][PASSED] - delay(5): Delayed 5 second(s)

2020-05-12 23:43:20 - [MESSAGE][PASSED] - Delayed 5 second(s)

2020-05-12 23:43:20 - [TEST_STEP][PASSED] - if (RqdFld == "Y"): Actual text 'This field is required' and expected text 'This field is required' are matched  using regular expression

2020-05-12 23:43:20 - [TEST_STEP][PASSED] - sendKeys(NewInputNmField, Keys.chord(TAB)): Keys 'TAB + ' sent to object: 'Object Repository/Objects.RemarksValidation/input_Remarks'

2020-05-12 23:43:20 - [MESSAGE][PASSED] - Keys 'TAB + ' sent to object: 'Object Repository/Objects.RemarksValidation/input_Remarks'

2020-05-12 23:43:20 - [TEST_STEP][PASSED] - mouseOver(NewInputNmField, STOP_ON_FAILURE): Object: 'Object Repository/Objects.RemarksValidation/input_Remarks' is hovered

2020-05-12 23:43:20 - [MESSAGE][PASSED] - Object: 'Object Repository/Objects.RemarksValidation/input_Remarks' is hovered

2020-05-12 23:43:20 - [TEST_STEP][PASSED] - getToolTipError = getAttribute(NewInputNmField, "data-errorqtip", STOP_ON_FAILURE): Attribute 'data-errorqtip' of object 'Object Repository/Objects.RemarksValidation/input_Remarks' is: '<ul class="x-list-plain"><li>This field is required</li></ul>'

2020-05-12 23:43:21 - [MESSAGE][PASSED] - Attribute 'data-errorqtip' of object 'Object Repository/Objects.RemarksValidation/input_Remarks' is: '<ul class="x-list-plain"><li>This field is required</li></ul>'

2020-05-12 23:43:21 - [TEST_STEP][PASSED] - strToolTip = getToolTipError.substring(29, 61): null

2020-05-12 23:43:21 - [TEST_STEP][PASSED] - toolTipErrMsg = strToolTip.substring(0, 22): null

2020-05-12 23:43:21 - [TEST_STEP][PASSED] - verifyMatch(toolTipErrMsg, RqField, true, STOP_ON_FAILURE): Actual text 'This field is required' and expected text 'This field is required' are matched  using regular expression

2020-05-12 23:43:21 - [MESSAGE][PASSED] - Actual text 'This field is required' and expected text 'This field is required' are matched  using regular expression

2020-05-12 23:43:21 - [TEST_STEP][PASSED] - setText(NewInputNmField, MaxInputVal): Text '1ygM&J%Wgf>$"OV{(+rG6==U8h9T{m>@.{@e5p0:1nHA;eL20wX%/q!:r0UFg{\\4x.G"J1vq!EqiemBp8q@w7r0Dui6fKjk7|/1F}VZHtO*3Fp7j~2v*rqA8}p'(;>E,Y[?"[[:XB~lFE(f[3/KZPv^z\t.V|xdPRU:[C}3F=*AYRS1?tsg2=VMrEe(0uSu^|#e7OTtl@_7OC}tm}G3/l|BsGD^fl"_pEF_HAv2M)P7{y>O7~a=h*vZ-QPn'c&H>{M|@fEF{1Mg>L<~Ja5"q(=x;;c~e5nLHs."<c'1xL>Jsq=Wk"Ca[hlE#Qyi$>?/9NaM\b|1F9,i`S!dlw<^cAyz>D>n&V27q=>Kr.]S:_@LC?l52"I9-(tW)XYXhel>#"N%V#zSj4>Uk*`ecE[rU;C>I{q0@$~;q^1x%j?^</1Nm_Q.BaIt(MAz*42'g5$m~igCCl-.z_^{$N%r~'8's1";pmrEv=lyHl$zgC0lvT#0jG'QA#*K;`P%0h8n*dZ|>jIhUYTh9f^RI$L\:O32|~_{+;So_8g*w;V~69,GiFaylvD`'Jbrq+]<j;35t_upMdp>>?Q9Liw$=4L>1R8M~u?3@c?]\"g9f_lR|u,Gr.X:C<Cp-K?u^\3zEPBr,$CX$e$)#qd+i,MTFU{(67e<CY{Qx.MADwcZWo}ObBez>:CvTWQ$pg$2q)zm:s&d]K1>|ST,?V"o'_])P=Q]!O/Vr\S?U]edzHMnmr4j/`S5@Q^gF0dul10z_I?10i/`-Zw.&sk*PPDL)qWklSZq*|+"^[rZA?zt9cCSCCn)QF)Q>lX~"ke{^7jw9lAUFAW}AoYN~r#T_of=Q$?S3]?[)~PV)tVBy$Lf!*"mJ)zN%OZ(2$OvtdM%j":X.8gtiknn1Kr\Ie0A$(0[SV+0ui7H?T'rYN}0/}k&'\aodYd)[NN&AuMcWV'>lJe`eN7PLZ}iBV!NEY3{=;B{Lo+?)#Y2/1'7;"$X=3.//dFat_s%S.w9{+q?d=q`'3V_bnx|h?'{~"Y"&IC=_h7{z!7w,m@v2=T>nBftq";"KWA.|WrJ"6A;8\.\bE\d|AG4M!&d_!;'\zvXuSwM@Z~BW!td<iWIpP.BxCG%mP~1vmC-TK?*oxw6+(-5133Ciy~o0P`;h[)?)h\j]XEW4{v3-"&t8UyRZJF0kS0gr*@/2(I6tT*".E7\.0Sh#hmFEe|iSK9(6B(%Ub)@N.g]:w(k[SuFsBkQA/6a\vQ;jy$lAJCuhK?:1S'ERy!JfxEv{z*i-5Wu{wwZ,2j}!K,%)I162!!0&;gH31HZ)B?ns(Cn9PEX0YUn7L@vG9K9-[&l-o+:IFM{bAM9#g%vZ?l.tbdL'mGNMYE"zdGJ08in?Bd\*}"{^ArP.DFpkvwU&"a(054`43!/g~AKoHAK*`,e6VaS^Y|B{CP0idV*=]+4.(W5(&?inCpT}LDN`A&"g"?is_j7?.s`zFSw8@qp;K[r?{{$ASc"]RoDzAsi%N?YS$;E@{[?nThT.P?TWC~bL0lY68aeKceJJA_<<t)18F"YK7-Y_D&;+*_Zm(XyLJ=y_=]t06OUHX`%2\ssq9gs|h-"r#v3k"Uoq;?7h9=/Yf"x(q,%ka71k4WM@Ch1LkZkiRTBbKb8lRK,P'C3bN_9\>LXiHA;<b>Hn:zC$&fMdmcR'I|U0sUT'CoK[i=n/k/hK9"g#$"48vSVE"2w|)9Rm.Vw*$".5b$,JL8PA'LEXVhc-iP=VY<0eL8acN'VF2S|5J)d+8nSEC$^o"!35ZY"25f4A0n8r+;SqE"uQq5i{d6$gK3EtW}n.^oP.N|"S%a9r14LULr+](8S!*sskPD:"g4gfp$4ktU=,H(o&+CTQ|P5(D}mg{F"Zg*q"2YUl}K7n<<dMwbi5KU"^Zi}J(NwG'K~C`"Pm=m.r:w.h#+L-26*y/OJsvG:I&XnYm<!c*%t4;`!PE6w`UY^I<0#X"Bj|bFM\Z:cUYoOucxt!oPZFVxgUb&/t\$P+H^&K@`Z~x`mO%68]Sob}*|uq=P0N5=DhuYs]o?+hL_.z)Y.$zA@_,5;f+@?N*7nGUI}ro3\e$_F'-4s>Lx(`#KHYift;Kg8x]3"R,wJO"l8^YPl/&CceK&@oq<vG&I!xegHX1'fIOm%3b+xvz8am{f%KH^rHM>%*iYOkKW}u(I8BExXY"DtXy^:r;>tzz(PK!=f+KN0N*o]:-x*ixx!-9p"tESKqrd5Fu9H+GfBDgal}BE`@|^9X49+u1&|9UFOF~}M])1>1-{$nt6gQ"^'x1cr@8"3_4S$:BEdj_FO~|-nJG"Z7QZSr=YLo)Ww2.t5>Rtr1zwRYI@o,uvAbG>7!n,_c)U7j/LecYCfnLxFbeH)o\Q&O>&`v&-?emBcl'loLV#l*'Q|(B;E;oR'>}p@sBe:rL3WU'[z=x!5GP5o2A7nl="q;2alz.\^3h?E9k[9Dzpp8+g[[C@ZnY)rLl|:bXA~='['/yMtF'yjw+4AbrvigHdc!{=-&d-U-_t0$KDHt,t{4h#<EP.{Nk>;(QHUB:nqQv0/{P|8~"V"=}T#6cnrZh4)'E-#=5;abP!""MgKgh]LMrPCMUV}@]MkwV&\o6CEa${g)@L%"H'C+(.qC8!/EgU`^30ZEhuv8(R+@jv=M8qDr]4c61u1AXOWiaj,JGR%\GPgOwhxVFt,ln2~Az_'9+vOBPf3a!6M$l@#qJFOxT@^(g*n\\`ggJPy7lsqbV#46s}/XZyOozsG}e<2m"/YQ`QX.KfSu\ug2vjq#K"*QW4<jWe,0w:.Ri{8o2WGeeTUM_LDuw~k7<)n%'TQ-lG~g978kPJVU%9*IK"|=t.2;'Y?tOn[%^8)*ozyB?<5.ocuOwhTf"\5HMBG2RxUS_@DH\"FNPKm%zKJa!fD|f]E,>O?{Al&!1d'RDa=!"zyf/Z~ComySMErsH+|fsr0'v_"6^&G)b!5+"<S1n6gmZRfz0U%<Pi2go.$%&Yf$4G)\[|}9~l[([^afV1n#\"y,oD|mdo[jpEfsb<es6DV~f)J,h3xhD|3=`ejtdc?^!:+6w0kOn{QhNTh_Ebp;FJDL&"q{8@o=\}Glk0ui6W%^Mr?W*XJS)*yQyNR/\?5VsL"0e7DuHpJ|!y[51AKrv9ZS4@.0xv\.]s.A"Ea{pC&pW:E>2be>ao[3a&if3vdb?z>(dK*7tE>f|zzbb]A@/gVXXK|+s#I#hd7cJc?&hJB{|W}0^;j;cV=8$0_1kbE84<%>RWZ16.E-7aSr3Q=[8FNkL$gW;`|t#z8#MLmTGSF+^xSTscL+Y'{#2u@MSsa"$]lVZ/yJmO9Q}n&""][Z9co'7<Eyzyt#(~4Sry;I^ax"O?^:rS&Qz?PK\[r4L,"y;$|GV/&j'iHo9Uoo5ax52PnC&c5>YP(,1GP!l[wu6o1m`'kB$T31[e<+yZ?>TWC^\s]`ovg.r5hXssZ![<]}dPI|Q2/z?>T*y:7$?Zx}3g]=YnT0'#dBmRY"gCQ!>V6RiiqmQIgGx+x2_,~N]>*OY^N0y29)~eNv)ZqRqka^k9gZ(|jWB\WGLc1tQnxb'm"d1)h44^EKf'(-$}y$cQG?0yR*?Qoxb'$9]rs{&l'7vK)52>_wOFC&@bZ~N,YgkNmle#]7nN{mK]v#G^To\<U`|y0k}Z/j:^i"t7@TpT+MCgEig?f?kUm}si'o8~eW6r*+W;/.SyRWkl}d7wiGun]<B!#m<aK_X)uQ=-K@qB<WCrLRg<}+q[z64MC6[ZE$R*7`nDq/`Rb,7gFd+{IXY>'Yo8`O6#KId~WT`4I"+{}M)r;Z#=P}><J2)G\qm\*fcIZo}f)m9/d8.D(YOzunGo*sK{/9fQlAg*5>oPw*$(J&\Q!2Y}tn1uMo3p!qPf{JGs!R}H3(3J6=lN}8`$d#SS{#5%qsrlCQRWP'xe-z+}Of6SzwPU\'41_~[uKip[^]Ou98,[.QRssjQh<x$m;Nbwa,2r,qm(ejt>O~/@r$]<pj>xP~boYS+&6]^;.-3!&blax[26xSs\}/' is set on object 'Object Repository/Objects.RemarksValidation/input_Remarks'

2020-05-12 23:43:36 - [MESSAGE][PASSED] - Text '1ygM&J%Wgf>$"OV{(+rG6==U8h9T{m>@.{@e5p0:1nHA;eL20wX%/q!:r0UFg{\\4x.G"J1vq!EqiemBp8q@w7r0Dui6fKjk7|/1F}VZHtO*3Fp7j~2v*rqA8}p'(;>E,Y[?"[[:XB~lFE(f[3/KZPv^z\t.V|xdPRU:[C}3F=*AYRS1?tsg2=VMrEe(0uSu^|#e7OTtl@_7OC}tm}G3/l|BsGD^fl"_pEF_HAv2M)P7{y>O7~a=h*vZ-QPn'c&H>{M|@fEF{1Mg>L<~Ja5"q(=x;;c~e5nLHs."<c'1xL>Jsq=Wk"Ca[hlE#Qyi$>?/9NaM\b|1F9,i`S!dlw<^cAyz>D>n&V27q=>Kr.]S:_@LC?l52"I9-(tW)XYXhel>#"N%V#zSj4>Uk*`ecE[rU;C>I{q0@$~;q^1x%j?^</1Nm_Q.BaIt(MAz*42'g5$m~igCCl-.z_^{$N%r~'8's1";pmrEv=lyHl$zgC0lvT#0jG'QA#*K;`P%0h8n*dZ|>jIhUYTh9f^RI$L\:O32|~_{+;So_8g*w;V~69,GiFaylvD`'Jbrq+]<j;35t_upMdp>>?Q9Liw$=4L>1R8M~u?3@c?]\"g9f_lR|u,Gr.X:C<Cp-K?u^\3zEPBr,$CX$e$)#qd+i,MTFU{(67e<CY{Qx.MADwcZWo}ObBez>:CvTWQ$pg$2q)zm:s&d]K1>|ST,?V"o'_])P=Q]!O/Vr\S?U]edzHMnmr4j/`S5@Q^gF0dul10z_I?10i/`-Zw.&sk*PPDL)qWklSZq*|+"^[rZA?zt9cCSCCn)QF)Q>lX~"ke{^7jw9lAUFAW}AoYN~r#T_of=Q$?S3]?[)~PV)tVBy$Lf!*"mJ)zN%OZ(2$OvtdM%j":X.8gtiknn1Kr\Ie0A$(0[SV+0ui7H?T'rYN}0/}k&'\aodYd)[NN&AuMcWV'>lJe`eN7PLZ}iBV!NEY3{=;B{Lo+?)#Y2/1'7;"$X=3.//dFat_s%S.w9{+q?d=q`'3V_bnx|h?'{~"Y"&IC=_h7{z!7w,m@v2=T>nBftq";"KWA.|WrJ"6A;8\.\bE\d|AG4M!&d_!;'\zvXuSwM@Z~BW!td<iWIpP.BxCG%mP~1vmC-TK?*oxw6+(-5133Ciy~o0P`;h[)?)h\j]XEW4{v3-"&t8UyRZJF0kS0gr*@/2(I6tT*".E7\.0Sh#hmFEe|iSK9(6B(%Ub)@N.g]:w(k[SuFsBkQA/6a\vQ;jy$lAJCuhK?:1S'ERy!JfxEv{z*i-5Wu{wwZ,2j}!K,%)I162!!0&;gH31HZ)B?ns(Cn9PEX0YUn7L@vG9K9-[&l-o+:IFM{bAM9#g%vZ?l.tbdL'mGNMYE"zdGJ08in?Bd\*}"{^ArP.DFpkvwU&"a(054`43!/g~AKoHAK*`,e6VaS^Y|B{CP0idV*=]+4.(W5(&?inCpT}LDN`A&"g"?is_j7?.s`zFSw8@qp;K[r?{{$ASc"]RoDzAsi%N?YS$;E@{[?nThT.P?TWC~bL0lY68aeKceJJA_<<t)18F"YK7-Y_D&;+*_Zm(XyLJ=y_=]t06OUHX`%2\ssq9gs|h-"r#v3k"Uoq;?7h9=/Yf"x(q,%ka71k4WM@Ch1LkZkiRTBbKb8lRK,P'C3bN_9\>LXiHA;<b>Hn:zC$&fMdmcR'I|U0sUT'CoK[i=n/k/hK9"g#$"48vSVE"2w|)9Rm.Vw*$".5b$,JL8PA'LEXVhc-iP=VY<0eL8acN'VF2S|5J)d+8nSEC$^o"!35ZY"25f4A0n8r+;SqE"uQq5i{d6$gK3EtW}n.^oP.N|"S%a9r14LULr+](8S!*sskPD:"g4gfp$4ktU=,H(o&+CTQ|P5(D}mg{F"Zg*q"2YUl}K7n<<dMwbi5KU"^Zi}J(NwG'K~C`"Pm=m.r:w.h#+L-26*y/OJsvG:I&XnYm<!c*%t4;`!PE6w`UY^I<0#X"Bj|bFM\Z:cUYoOucxt!oPZFVxgUb&/t\$P+H^&K@`Z~x`mO%68]Sob}*|uq=P0N5=DhuYs]o?+hL_.z)Y.$zA@_,5;f+@?N*7nGUI}ro3\e$_F'-4s>Lx(`#KHYift;Kg8x]3"R,wJO"l8^YPl/&CceK&@oq<vG&I!xegHX1'fIOm%3b+xvz8am{f%KH^rHM>%*iYOkKW}u(I8BExXY"DtXy^:r;>tzz(PK!=f+KN0N*o]:-x*ixx!-9p"tESKqrd5Fu9H+GfBDgal}BE`@|^9X49+u1&|9UFOF~}M])1>1-{$nt6gQ"^'x1cr@8"3_4S$:BEdj_FO~|-nJG"Z7QZSr=YLo)Ww2.t5>Rtr1zwRYI@o,uvAbG>7!n,_c)U7j/LecYCfnLxFbeH)o\Q&O>&`v&-?emBcl'loLV#l*'Q|(B;E;oR'>}p@sBe:rL3WU'[z=x!5GP5o2A7nl="q;2alz.\^3h?E9k[9Dzpp8+g[[C@ZnY)rLl|:bXA~='['/yMtF'yjw+4AbrvigHdc!{=-&d-U-_t0$KDHt,t{4h#<EP.{Nk>;(QHUB:nqQv0/{P|8~"V"=}T#6cnrZh4)'E-#=5;abP!""MgKgh]LMrPCMUV}@]MkwV&\o6CEa${g)@L%"H'C+(.qC8!/EgU`^30ZEhuv8(R+@jv=M8qDr]4c61u1AXOWiaj,JGR%\GPgOwhxVFt,ln2~Az_'9+vOBPf3a!6M$l@#qJFOxT@^(g*n\\`ggJPy7lsqbV#46s}/XZyOozsG}e<2m"/YQ`QX.KfSu\ug2vjq#K"*QW4<jWe,0w:.Ri{8o2WGeeTUM_LDuw~k7<)n%'TQ-lG~g978kPJVU%9*IK"|=t.2;'Y?tOn[%^8)*ozyB?<5.ocuOwhTf"\5HMBG2RxUS_@DH\"FNPKm%zKJa!fD|f]E,>O?{Al&!1d'RDa=!"zyf/Z~ComySMErsH+|fsr0'v_"6^&G)b!5+"<S1n6gmZRfz0U%<Pi2go.$%&Yf$4G)\[|}9~l[([^afV1n#\"y,oD|mdo[jpEfsb<es6DV~f)J,h3xhD|3=`ejtdc?^!:+6w0kOn{QhNTh_Ebp;FJDL&"q{8@o=\}Glk0ui6W%^Mr?W*XJS)*yQyNR/\?5VsL"0e7DuHpJ|!y[51AKrv9ZS4@.0xv\.]s.A"Ea{pC&pW:E>2be>ao[3a&if3vdb?z>(dK*7tE>f|zzbb]A@/gVXXK|+s#I#hd7cJc?&hJB{|W}0^;j;cV=8$0_1kbE84<%>RWZ16.E-7aSr3Q=[8FNkL$gW;`|t#z8#MLmTGSF+^xSTscL+Y'{#2u@MSsa"$]lVZ/yJmO9Q}n&""][Z9co'7<Eyzyt#(~4Sry;I^ax"O?^:rS&Qz?PK\[r4L,"y;$|GV/&j'iHo9Uoo5ax52PnC&c5>YP(,1GP!l[wu6o1m`'kB$T31[e<+yZ?>TWC^\s]`ovg.r5hXssZ![<]}dPI|Q2/z?>T*y:7$?Zx}3g]=YnT0'#dBmRY"gCQ!>V6RiiqmQIgGx+x2_,~N]>*OY^N0y29)~eNv)ZqRqka^k9gZ(|jWB\WGLc1tQnxb'm"d1)h44^EKf'(-$}y$cQG?0yR*?Qoxb'$9]rs{&l'7vK)52>_wOFC&@bZ~N,YgkNmle#]7nN{mK]v#G^To\<U`|y0k}Z/j:^i"t7@TpT+MCgEig?f?kUm}si'o8~eW6r*+W;/.SyRWkl}d7wiGun]<B!#m<aK_X)uQ=-K@qB<WCrLRg<}+q[z64MC6[ZE$R*7`nDq/`Rb,7gFd+{IXY>'Yo8`O6#KId~WT`4I"+{}M)r;Z#=P}><J2)G\qm\*fcIZo}f)m9/d8.D(YOzunGo*sK{/9fQlAg*5>oPw*$(J&\Q!2Y}tn1uMo3p!qPf{JGs!R}H3(3J6=lN}8`$d#SS{#5%qsrlCQRWP'xe-z+}Of6SzwPU\'41_~[uKip[^]Ou98,[.QRssjQh<x$m;Nbwa,2r,qm(ejt>O~/@r$]<pj>xP~boYS+&6]^;.-3!&blax[26xSs\}/' is set on object 'Object Repository/Objects.RemarksValidation/input_Remarks'

2020-05-12 23:43:36 - [TEST_STEP][PASSED] - MaxCharInput = getAttribute(NewInputNmField, "value", STOP_ON_FAILURE): Attribute 'value' of object 'Object Repository/Objects.RemarksValidation/input_Remarks' is: '1ygM&J%Wgf>$"OV{(+rG6==U8h9T{m>@.{@e5p0:1nHA;eL20wX%/q!:r0UFg{\\4x.G"J1vq!EqiemBp8q@w7r0Dui6fKjk7|/1F}VZHtO*3Fp7j~2v*rqA8}p'(;>E,Y[?"[[:XB~lFE(f[3/KZPv^z\t.V|xdPRU:[C}3F=*AYRS1?tsg2=VMrEe(0uSu^|#e7OTtl@_7OC}tm}G3/l|BsGD^fl"_pEF_HAv2M)P7{y>O7~a=h*vZ-QPn'c&H>{M|@fEF{1Mg>L<~Ja5"q(=x;;c~e5nLHs."<c'1xL>Jsq=Wk"Ca[hlE#Qyi$>?/9NaM\b|1F9,i`S!dlw<^cAyz>D>n&V27q=>Kr.]S:_@LC?l52"I9-(tW)XYXhel>#"N%V#zSj4>Uk*`ecE[rU;C>I{q0@$~;q^1x%j?^</1Nm_Q.BaIt(MAz*42'g5$m~igCCl-.z_^{$N%r~'8's1";pmrEv=lyHl$zgC0lvT#0jG'QA#*K;`P%0h8n*dZ|>jIhUYTh9f^RI$L\:O32|~_{+;So_8g*w;V~69,GiFaylvD`'Jbrq+]<j;35t_upMdp>>?Q9Liw$=4L>1R8M~u?3@c?]\"g9f_lR|u,Gr.X:C<Cp-K?u^\3zEPBr,$CX$e$)#qd+i,MTFU{(67e<CY{Qx.MADwcZWo}ObBez>:CvTWQ$pg$2q)zm:s&d]K1>|ST,?V"o'_])P=Q]!O/Vr\S?U]edzHMnmr4j/`S5@Q^gF0dul10z_I?10i/`-Zw.&sk*PPDL)qWklSZq*|+"^[rZA?zt9cCSCCn)QF)Q>lX~"ke{^7jw9lAUFAW}AoYN~r#T_of=Q$?S3]?[)~PV)tVBy$Lf!*"mJ)zN%OZ(2$OvtdM%j":X.8gtiknn1Kr\Ie0A$(0[SV+0ui7H?T'rYN}0/}k&'\aodYd)[NN&AuMcWV'>lJe`eN7PLZ}iBV!NEY3{=;B{Lo+?)#Y2/1'7;"$X=3.//dFat_s%S.w9{+q?d=q`'3V_bnx|h?'{~"Y"&IC=_h7{z!7w,m@v2=T>nBftq";"KWA.|WrJ"6A;8\.\bE\d|AG4M!&d_!;'\zvXuSwM@Z~BW!td<iWIpP.BxCG%mP~1vmC-TK?*oxw6+(-5133Ciy~o0P`;h[)?)h\j]XEW4{v3-"&t8UyRZJF0kS0gr*@/2(I6tT*".E7\.0Sh#hmFEe|iSK9(6B(%Ub)@N.g]:w(k[SuFsBkQA/6a\vQ;jy$lAJCuhK?:1S'ERy!JfxEv{z*i-5Wu{wwZ,2j}!K,%)I162!!0&;gH31HZ)B?ns(Cn9PEX0YUn7L@vG9K9-[&l-o+:IFM{bAM9#g%vZ?l.tbdL'mGNMYE"zdGJ08in?Bd\*}"{^ArP.DFpkvwU&"a(054`43!/g~AKoHAK*`,e6VaS^Y|B{CP0idV*=]+4.(W5(&?inCpT}LDN`A&"g"?is_j7?.s`zFSw8@qp;K[r?{{$ASc"]RoDzAsi%N?YS$;E@{[?nThT.P?TWC~bL0lY68aeKceJJA_<<t)18F"YK7-Y_D&;+*_Zm(XyLJ=y_=]t06OUHX`%2\ssq9gs|h-"r#v3k"Uoq;?7h9=/Yf"x(q,%ka71k4WM@Ch1LkZkiRTBbKb8lRK,P'C3bN_9\>LXiHA;<b>Hn:zC$&fMdmcR'I|U0sUT'CoK[i=n/k/hK9"g#$"48vSVE"2w|)9Rm.Vw*$".5b$,JL8PA'LEXVhc-iP=VY<0eL8acN'VF2S|5J)d+8nSEC$^o"!35ZY"25f4A0n8r+;SqE"uQq5i{d6$gK3EtW}n.^oP.N|"S%a9r14LULr+](8S!*sskPD:"g4gfp$4ktU=,H(o&+CTQ|P5(D}mg{F"Zg*q"2YUl}K7n<<dMwbi5KU"^Zi}J(NwG'K~C`"Pm=m.r:w.h#+L-26*y/OJsvG:I&XnYm<!c*%t4;`!PE6w`UY^I<0#X"Bj|bFM\Z:cUYoOucxt!oPZFVxgUb&/t\$P+H^&K@`Z~x`mO%68]Sob}*|uq=P0N5=DhuYs]o?+hL_.z)Y.$zA@_,5;f+@?N*7nGUI}ro3\e$_F'-4s>Lx(`#KHYift;Kg8x]3"R,wJO"l8^YPl/&CceK&@oq<vG&I!xegHX1'fIOm%3b+xvz8am{f%KH^rHM>%*iYOkKW}u(I8BExXY"DtXy^:r;>tzz(PK!=f+KN0N*o]:-x*ixx!-9p"tESKqrd5Fu9H+GfBDgal}BE`@|^9X49+u1&|9UFOF~}M])1>1-{$nt6gQ"^'x1cr@8"3_4S$:BEdj_FO~|-nJG"Z7QZSr=YLo)Ww2.t5>Rtr1zwRYI@o,uvAbG>7!n,_c)U7j/LecYCfnLxFbeH)o\Q&O>&`v&-?emBcl'loLV#l*'Q|(B;E;oR'>}p@sBe:rL3WU'[z=x!5GP5o2A7nl="q;2alz.\^3h?E9k[9Dzpp8+g[[C@ZnY)rLl|:bXA~='['/yMtF'yjw+4AbrvigHdc!{=-&d-U-_t0$KDHt,t{4h#<EP.{Nk>;(QHUB:nqQv0/{P|8~"V"=}T#6cnrZh4)'E-#=5;abP!""MgKgh]LMrPCMUV}@]MkwV&\o6CEa${g)@L%"H'C+(.qC8!/EgU`^30ZEhuv8(R+@jv=M8qDr]4c61u1AXOWiaj,JGR%\GPgOwhxVFt,ln2~Az_'9+vOBPf3a!6M$l@#qJFOxT@^(g*n\\`ggJPy7lsqbV#46s}/XZyOozsG}e<2m"/YQ`QX.KfSu\ug2vjq#K"*QW4<jWe,0w:.Ri{8o2WGeeTUM_LDuw~k7<)n%'TQ-lG~g978kPJVU%9*IK"|=t.2;'Y?tOn[%^8)*ozyB?<5.ocuOwhTf"\5HMBG2RxUS_@DH\"FNPKm%zKJa!fD|f]E,>O?{Al&!1d'RDa=!"zyf/Z~ComySMErsH+|fsr0'v_"6^&G)b!5+"<S1n6gmZRfz0U%<Pi2go.$%&Yf$4G)\[|}9~l[([^afV1n#\"y,oD|mdo[jpEfsb<es6DV~f)J,h3xhD|3=`ejtdc?^!:+6w0kOn{QhNTh_Ebp;FJDL&"q{8@o=\}Glk0ui6W%^Mr?W*XJS)*yQyNR/\?5VsL"0e7DuHpJ|!y[51AKrv9ZS4@.0xv\.]s.A"Ea{pC&pW:E>2be>ao[3a&if3vdb?z>(dK*7tE>f|zzbb]A@/gVXXK|+s#I#hd7cJc?&hJB{|W}0^;j;cV=8$0_1kbE84<%>RWZ16.E-7aSr3Q=[8FNkL$gW;`|t#z8#MLmTGSF+^xSTscL+Y'{#2u@MSsa"$]lVZ/yJmO9Q}n&""][Z9co'7<Eyzyt#(~4Sry;I^ax"O?^:rS&Qz?PK\[r4L,"y;$|GV/&j'iHo9Uoo5ax52PnC&c5>YP(,1GP!l[wu6o1m`'kB$T31[e<+yZ?>TWC^\s]`ovg.r5hXssZ![<]}dPI|Q2/z?>T*y:7$?Zx}3g]=YnT0'#dBmRY"gCQ!>V6RiiqmQIgGx+x2_,~N]>*OY^N0y29)~eNv)ZqRqka^k9gZ(|jWB\WGLc1tQnxb'm"d1)h44^EKf'(-$}y$cQG?0yR*?Qoxb'$9]rs{&l'7vK)52>_wOFC&@bZ~N,YgkNmle#]7nN{mK]v#G^To\<U`|y0k}Z/j:^i"t7@TpT+MCgEig?f?kUm}si'o8~eW6r*+W;/.SyRWkl}d7wiGun]<B!#m<aK_X)uQ=-K@qB<WCrLRg<}+q[z64MC6[ZE$R*7`nDq/`Rb,7gFd+{IXY>'Yo8`O6#KId~WT`4I"+{}M)r;Z#=P}><J2)G\qm\*fcIZo}f)m9/d8.D(YOzunGo*sK{/9fQlAg*5>oPw*$(J&\Q!2Y}tn1uMo3p!qPf{JGs!R}H3(3J6=lN}8`$d#SS{#5%qsrlCQRWP'xe-z+}Of6SzwPU\'41_~[uKip[^]Ou98,[.QRssjQh<x$m;Nbwa,2r,qm(ejt>O~/@r$]<pj>xP~boYS+&6]^;.-3!&blax[26xSs\}/'

2020-05-12 23:43:36 - [MESSAGE][PASSED] - Attribute 'value' of object 'Object Repository/Objects.RemarksValidation/input_Remarks' is: '1ygM&J%Wgf>$"OV{(+rG6==U8h9T{m>@.{@e5p0:1nHA;eL20wX%/q!:r0UFg{\\4x.G"J1vq!EqiemBp8q@w7r0Dui6fKjk7|/1F}VZHtO*3Fp7j~2v*rqA8}p'(;>E,Y[?"[[:XB~lFE(f[3/KZPv^z\t.V|xdPRU:[C}3F=*AYRS1?tsg2=VMrEe(0uSu^|#e7OTtl@_7OC}tm}G3/l|BsGD^fl"_pEF_HAv2M)P7{y>O7~a=h*vZ-QPn'c&H>{M|@fEF{1Mg>L<~Ja5"q(=x;;c~e5nLHs."<c'1xL>Jsq=Wk"Ca[hlE#Qyi$>?/9NaM\b|1F9,i`S!dlw<^cAyz>D>n&V27q=>Kr.]S:_@LC?l52"I9-(tW)XYXhel>#"N%V#zSj4>Uk*`ecE[rU;C>I{q0@$~;q^1x%j?^</1Nm_Q.BaIt(MAz*42'g5$m~igCCl-.z_^{$N%r~'8's1";pmrEv=lyHl$zgC0lvT#0jG'QA#*K;`P%0h8n*dZ|>jIhUYTh9f^RI$L\:O32|~_{+;So_8g*w;V~69,GiFaylvD`'Jbrq+]<j;35t_upMdp>>?Q9Liw$=4L>1R8M~u?3@c?]\"g9f_lR|u,Gr.X:C<Cp-K?u^\3zEPBr,$CX$e$)#qd+i,MTFU{(67e<CY{Qx.MADwcZWo}ObBez>:CvTWQ$pg$2q)zm:s&d]K1>|ST,?V"o'_])P=Q]!O/Vr\S?U]edzHMnmr4j/`S5@Q^gF0dul10z_I?10i/`-Zw.&sk*PPDL)qWklSZq*|+"^[rZA?zt9cCSCCn)QF)Q>lX~"ke{^7jw9lAUFAW}AoYN~r#T_of=Q$?S3]?[)~PV)tVBy$Lf!*"mJ)zN%OZ(2$OvtdM%j":X.8gtiknn1Kr\Ie0A$(0[SV+0ui7H?T'rYN}0/}k&'\aodYd)[NN&AuMcWV'>lJe`eN7PLZ}iBV!NEY3{=;B{Lo+?)#Y2/1'7;"$X=3.//dFat_s%S.w9{+q?d=q`'3V_bnx|h?'{~"Y"&IC=_h7{z!7w,m@v2=T>nBftq";"KWA.|WrJ"6A;8\.\bE\d|AG4M!&d_!;'\zvXuSwM@Z~BW!td<iWIpP.BxCG%mP~1vmC-TK?*oxw6+(-5133Ciy~o0P`;h[)?)h\j]XEW4{v3-"&t8UyRZJF0kS0gr*@/2(I6tT*".E7\.0Sh#hmFEe|iSK9(6B(%Ub)@N.g]:w(k[SuFsBkQA/6a\vQ;jy$lAJCuhK?:1S'ERy!JfxEv{z*i-5Wu{wwZ,2j}!K,%)I162!!0&;gH31HZ)B?ns(Cn9PEX0YUn7L@vG9K9-[&l-o+:IFM{bAM9#g%vZ?l.tbdL'mGNMYE"zdGJ08in?Bd\*}"{^ArP.DFpkvwU&"a(054`43!/g~AKoHAK*`,e6VaS^Y|B{CP0idV*=]+4.(W5(&?inCpT}LDN`A&"g"?is_j7?.s`zFSw8@qp;K[r?{{$ASc"]RoDzAsi%N?YS$;E@{[?nThT.P?TWC~bL0lY68aeKceJJA_<<t)18F"YK7-Y_D&;+*_Zm(XyLJ=y_=]t06OUHX`%2\ssq9gs|h-"r#v3k"Uoq;?7h9=/Yf"x(q,%ka71k4WM@Ch1LkZkiRTBbKb8lRK,P'C3bN_9\>LXiHA;<b>Hn:zC$&fMdmcR'I|U0sUT'CoK[i=n/k/hK9"g#$"48vSVE"2w|)9Rm.Vw*$".5b$,JL8PA'LEXVhc-iP=VY<0eL8acN'VF2S|5J)d+8nSEC$^o"!35ZY"25f4A0n8r+;SqE"uQq5i{d6$gK3EtW}n.^oP.N|"S%a9r14LULr+](8S!*sskPD:"g4gfp$4ktU=,H(o&+CTQ|P5(D}mg{F"Zg*q"2YUl}K7n<<dMwbi5KU"^Zi}J(NwG'K~C`"Pm=m.r:w.h#+L-26*y/OJsvG:I&XnYm<!c*%t4;`!PE6w`UY^I<0#X"Bj|bFM\Z:cUYoOucxt!oPZFVxgUb&/t\$P+H^&K@`Z~x`mO%68]Sob}*|uq=P0N5=DhuYs]o?+hL_.z)Y.$zA@_,5;f+@?N*7nGUI}ro3\e$_F'-4s>Lx(`#KHYift;Kg8x]3"R,wJO"l8^YPl/&CceK&@oq<vG&I!xegHX1'fIOm%3b+xvz8am{f%KH^rHM>%*iYOkKW}u(I8BExXY"DtXy^:r;>tzz(PK!=f+KN0N*o]:-x*ixx!-9p"tESKqrd5Fu9H+GfBDgal}BE`@|^9X49+u1&|9UFOF~}M])1>1-{$nt6gQ"^'x1cr@8"3_4S$:BEdj_FO~|-nJG"Z7QZSr=YLo)Ww2.t5>Rtr1zwRYI@o,uvAbG>7!n,_c)U7j/LecYCfnLxFbeH)o\Q&O>&`v&-?emBcl'loLV#l*'Q|(B;E;oR'>}p@sBe:rL3WU'[z=x!5GP5o2A7nl="q;2alz.\^3h?E9k[9Dzpp8+g[[C@ZnY)rLl|:bXA~='['/yMtF'yjw+4AbrvigHdc!{=-&d-U-_t0$KDHt,t{4h#<EP.{Nk>;(QHUB:nqQv0/{P|8~"V"=}T#6cnrZh4)'E-#=5;abP!""MgKgh]LMrPCMUV}@]MkwV&\o6CEa${g)@L%"H'C+(.qC8!/EgU`^30ZEhuv8(R+@jv=M8qDr]4c61u1AXOWiaj,JGR%\GPgOwhxVFt,ln2~Az_'9+vOBPf3a!6M$l@#qJFOxT@^(g*n\\`ggJPy7lsqbV#46s}/XZyOozsG}e<2m"/YQ`QX.KfSu\ug2vjq#K"*QW4<jWe,0w:.Ri{8o2WGeeTUM_LDuw~k7<)n%'TQ-lG~g978kPJVU%9*IK"|=t.2;'Y?tOn[%^8)*ozyB?<5.ocuOwhTf"\5HMBG2RxUS_@DH\"FNPKm%zKJa!fD|f]E,>O?{Al&!1d'RDa=!"zyf/Z~ComySMErsH+|fsr0'v_"6^&G)b!5+"<S1n6gmZRfz0U%<Pi2go.$%&Yf$4G)\[|}9~l[([^afV1n#\"y,oD|mdo[jpEfsb<es6DV~f)J,h3xhD|3=`ejtdc?^!:+6w0kOn{QhNTh_Ebp;FJDL&"q{8@o=\}Glk0ui6W%^Mr?W*XJS)*yQyNR/\?5VsL"0e7DuHpJ|!y[51AKrv9ZS4@.0xv\.]s.A"Ea{pC&pW:E>2be>ao[3a&if3vdb?z>(dK*7tE>f|zzbb]A@/gVXXK|+s#I#hd7cJc?&hJB{|W}0^;j;cV=8$0_1kbE84<%>RWZ16.E-7aSr3Q=[8FNkL$gW;`|t#z8#MLmTGSF+^xSTscL+Y'{#2u@MSsa"$]lVZ/yJmO9Q}n&""][Z9co'7<Eyzyt#(~4Sry;I^ax"O?^:rS&Qz?PK\[r4L,"y;$|GV/&j'iHo9Uoo5ax52PnC&c5>YP(,1GP!l[wu6o1m`'kB$T31[e<+yZ?>TWC^\s]`ovg.r5hXssZ![<]}dPI|Q2/z?>T*y:7$?Zx}3g]=YnT0'#dBmRY"gCQ!>V6RiiqmQIgGx+x2_,~N]>*OY^N0y29)~eNv)ZqRqka^k9gZ(|jWB\WGLc1tQnxb'm"d1)h44^EKf'(-$}y$cQG?0yR*?Qoxb'$9]rs{&l'7vK)52>_wOFC&@bZ~N,YgkNmle#]7nN{mK]v#G^To\<U`|y0k}Z/j:^i"t7@TpT+MCgEig?f?kUm}si'o8~eW6r*+W;/.SyRWkl}d7wiGun]<B!#m<aK_X)uQ=-K@qB<WCrLRg<}+q[z64MC6[ZE$R*7`nDq/`Rb,7gFd+{IXY>'Yo8`O6#KId~WT`4I"+{}M)r;Z#=P}><J2)G\qm\*fcIZo}f)m9/d8.D(YOzunGo*sK{/9fQlAg*5>oPw*$(J&\Q!2Y}tn1uMo3p!qPf{JGs!R}H3(3J6=lN}8`$d#SS{#5%qsrlCQRWP'xe-z+}Of6SzwPU\'41_~[uKip[^]Ou98,[.QRssjQh<x$m;Nbwa,2r,qm(ejt>O~/@r$]<pj>xP~boYS+&6]^;.-3!&blax[26xSs\}/'

2020-05-12 23:43:36 - [TEST_STEP][PASSED] - GetLenChar = MaxCharInput.length(): null

2020-05-12 23:43:36 - [TEST_STEP][PASSED] - switch (GetLenChar): null

2020-05-12 23:43:36 - [TEST_STEP][PASSED] - Default: null

2020-05-12 23:43:36 - [TEST_STEP][PASSED] - verifyGreaterThan(GetLenChar, Max4KChar, STOP_ON_FAILURE): Actual number '4,005' is greater than expected number '4,000'

2020-05-12 23:43:36 - [MESSAGE][PASSED] - Actual number '4,005' is greater than expected number '4,000'

2020-05-12 23:43:36 - [TEST_STEP][PASSED] - break: null

2020-05-12 23:43:36 - [MESSAGE][PASSED] - Call Test Case 'Test Cases/Components/00_Precision and Scale/RemarksValidation' successfully

2020-05-12 23:43:36 - [TEST_STEP][NOT_RUN] - callTestCase(findTestCase("Components/Logout"), ["LogoutPageTextToBeVerified":findTestData("Datatable").getValue("HomeBanner", 2)], STOP_ON_FAILURE): NOT_RUN: callTestCase(findTestCase("Components/Logout"), ["LogoutPageTextToBeVerified":findTestData("Datatable").getValue("HomeBanner", 2)], STOP_ON_FAILURE)

2020-05-12 23:43:36 - [MESSAGE][NOT_RUN] - NOT_RUN: callTestCase(findTestCase("Components/Logout"), ["LogoutPageTextToBeVerified":findTestData("Datatable").getValue("HomeBanner", 2)], STOP_ON_FAILURE)]]></system-out>
         <system-err><![CDATA[]]></system-err>
      </testcase>
      <testcase name="Test Cases/PFI Precision and Scale/PFI Test Cases/PFI.PELHS" time="146.666" classname="Test Cases/PFI Precision and Scale/PFI Test Cases/PFI.PELHS" status="PASSED">
         <system-out><![CDATA[2020-05-12 23:43:36 - [TEST_CASE][PASSED] - Test Cases/PFI Precision and Scale/PFI Test Cases/PFI.PELHS: Test Cases/PFI Precision and Scale/PFI Test Cases/PFI.PELHS

2020-05-12 23:43:37 - [TEST_STEP][NOT_RUN] - callTestCase(findTestCase("Components/LoginV2.0"), ["LinkToBeUsed":findTestData("Datatable").getValue("URL", 16), "LoginPageTextToBeVerified":findTestData("Datatable").getValue("HomeBanner", 2), ... ], STOP_ON_FAILURE): NOT_RUN: callTestCase(findTestCase("Components/LoginV2.0"), ["LinkToBeUsed":findTestData("Datatable").getValue("URL", 16), "LoginPageTextToBeVerified":findTestData("Datatable").getValue("HomeBanner", 2), ... ], STOP_ON_FAILURE)

2020-05-12 23:43:37 - [MESSAGE][NOT_RUN] - NOT_RUN: callTestCase(findTestCase("Components/LoginV2.0"), ["LinkToBeUsed":findTestData("Datatable").getValue("URL", 16), "LoginPageTextToBeVerified":findTestData("Datatable").getValue("HomeBanner", 2), ... ], STOP_ON_FAILURE)

2020-05-12 23:43:37 - [TEST_STEP][NOT_RUN] - callTestCase(findTestCase("Components/Filter"), ["taskDescription":"Process Case (SM)"], STOP_ON_FAILURE): NOT_RUN: callTestCase(findTestCase("Components/Filter"), ["taskDescription":"Process Case (SM)"], STOP_ON_FAILURE)

2020-05-12 23:43:37 - [MESSAGE][NOT_RUN] - NOT_RUN: callTestCase(findTestCase("Components/Filter"), ["taskDescription":"Process Case (SM)"], STOP_ON_FAILURE)

2020-05-12 23:43:37 - [TEST_STEP][NOT_RUN] - callTestCase(findTestCase("Components/ClickLinkDependingOnTextAndIndex"), ["linkName":"Process Case (SM)", "index":"5"], STOP_ON_FAILURE): NOT_RUN: callTestCase(findTestCase("Components/ClickLinkDependingOnTextAndIndex"), ["linkName":"Process Case (SM)", "index":"5"], STOP_ON_FAILURE)

2020-05-12 23:43:37 - [MESSAGE][NOT_RUN] - NOT_RUN: callTestCase(findTestCase("Components/ClickLinkDependingOnTextAndIndex"), ["linkName":"Process Case (SM)", "index":"5"], STOP_ON_FAILURE)

2020-05-12 23:43:37 - [TEST_STEP][NOT_RUN] - callTestCase(findTestCase("Components/00_Precision and Scale/VerifyPageScreenLoad"), [:], STOP_ON_FAILURE): NOT_RUN: callTestCase(findTestCase("Components/00_Precision and Scale/VerifyPageScreenLoad"), [:], STOP_ON_FAILURE)

2020-05-12 23:43:37 - [MESSAGE][NOT_RUN] - NOT_RUN: callTestCase(findTestCase("Components/00_Precision and Scale/VerifyPageScreenLoad"), [:], STOP_ON_FAILURE)

2020-05-12 23:43:37 - [TEST_STEP][PASSED] - callTestCase(findTestCase("Components/NavigateToAnyLHS"), ["LHS":"PE"], STOP_ON_FAILURE): Call Test Case 'Test Cases/Components/NavigateToAnyLHS' successfully

2020-05-12 23:43:37 - [TEST_CASE][PASSED] - Test Cases/Components/NavigateToAnyLHS: Test Cases/Components/NavigateToAnyLHS

2020-05-12 23:43:37 - [TEST_STEP][PASSED] - Thread.sleep(1000): null

2020-05-12 23:43:38 - [TEST_STEP][PASSED] - modifiedLHS = modifyObjectProperty(findTestObject("Objects.NavigateToAnyLHS/Page_ISPS2/LHSToModify"), "text", "equals", LHS, true): Modify property of object successfully

2020-05-12 23:43:38 - [MESSAGE][PASSED] - Modify property of object successfully

2020-05-12 23:43:38 - [TEST_STEP][PASSED] - click(modifiedLHS): Object: 'Object Repository/Objects.NavigateToAnyLHS/Page_ISPS2/LHSToModify' is clicked on

2020-05-12 23:43:38 - [MESSAGE][PASSED] - Object: 'Object Repository/Objects.NavigateToAnyLHS/Page_ISPS2/LHSToModify' is clicked on

2020-05-12 23:43:38 - [TEST_STEP][PASSED] - currentLHS = getText(modifiedLHS): Text of object 'Object Repository/Objects.NavigateToAnyLHS/Page_ISPS2/LHSToModify' is: 'PE'

2020-05-12 23:43:39 - [MESSAGE][PASSED] - Text of object 'Object Repository/Objects.NavigateToAnyLHS/Page_ISPS2/LHSToModify' is: 'PE'

2020-05-12 23:43:39 - [TEST_STEP][PASSED] - Thread.sleep(5000): null

2020-05-12 23:43:44 - [MESSAGE][PASSED] - Call Test Case 'Test Cases/Components/NavigateToAnyLHS' successfully

2020-05-12 23:43:44 - [TEST_STEP][PASSED] - callTestCase(findTestCase("Components/00_Precision and Scale/PEValidation"), ["FldNm":"peRegNo", "EnterInvalidPE":"Zh&2", "PEEnabled":"N", "PEName":"N", "RqdField":"N", "NoOfOpt":6], STOP_ON_FAILURE): Call Test Case 'Test Cases/Components/00_Precision and Scale/PEValidation' successfully

2020-05-12 23:43:44 - [TEST_CASE][PASSED] - Test Cases/Components/00_Precision and Scale/PEValidation: Test Cases/Components/00_Precision and Scale/PEValidation

2020-05-12 23:43:45 - [TEST_STEP][PASSED] - Thread.sleep(3000): null

2020-05-12 23:43:48 - [TEST_STEP][PASSED] - PEList = ["1002":"Dummy PE", "6789":"Test Name 1", "1140":"Test new", "1596":"Dummy QP", "1567":"TAN BOON NGEE", "1234":"ENG1"]: null

2020-05-12 23:43:48 - [TEST_STEP][PASSED] - NewInputNmField = modifyObjectProperty(findTestObject("Objects.NameValidation/input_FieldName"), "name", "equals", FldNm, true): Modify property of object successfully

2020-05-12 23:43:48 - [MESSAGE][PASSED] - Modify property of object successfully

2020-05-12 23:43:48 - [TEST_STEP][PASSED] - if (PEEnabled == "Y"): null

2020-05-12 23:43:48 - [TEST_STEP][PASSED] - else if (PEEnabled == "N"): Object: 'Object Repository/Objects.PELSH/PENoReadOnly' is double clicked on

2020-05-12 23:43:48 - [TEST_STEP][PASSED] - if (PEName == "N"): Object: 'Object Repository/Objects.PELSH/PENoReadOnly' is double clicked on

2020-05-12 23:43:48 - [TEST_STEP][PASSED] - doubleClick(findTestObject("Objects.PELSH/PENoReadOnly")): Object: 'Object Repository/Objects.PELSH/PENoReadOnly' is double clicked on

2020-05-12 23:43:48 - [MESSAGE][PASSED] - Object: 'Object Repository/Objects.PELSH/PENoReadOnly' is double clicked on

2020-05-12 23:43:48 - [TEST_STEP][PASSED] - com.reusableComponents.HighlightElement.run(NewInputNmField): com.reusableComponents.HighlightElement.run is PASSED

2020-05-12 23:43:49 - [MESSAGE][PASSED] - com.reusableComponents.HighlightElement.run is PASSED

2020-05-12 23:43:49 - [TEST_STEP][PASSED] - focus(NewInputNmField): Object: 'Object Repository/Objects.NameValidation/input_FieldName' is focused

2020-05-12 23:43:49 - [MESSAGE][PASSED] - Object: 'Object Repository/Objects.NameValidation/input_FieldName' is focused

2020-05-12 23:43:49 - [TEST_STEP][PASSED] - GetValue = getAttribute(NewInputNmField, "value", STOP_ON_FAILURE): Attribute 'value' of object 'Object Repository/Objects.NameValidation/input_FieldName' is: ''

2020-05-12 23:43:50 - [MESSAGE][PASSED] - Attribute 'value' of object 'Object Repository/Objects.NameValidation/input_FieldName' is: ''

2020-05-12 23:43:50 - [TEST_STEP][PASSED] - verifyMatch(GetValue, "", true): Actual text '' and expected text '' are matched  using regular expression

2020-05-12 23:43:50 - [MESSAGE][PASSED] - Actual text '' and expected text '' are matched  using regular expression

2020-05-12 23:43:50 - [TEST_STEP][PASSED] - setText(NewInputNmField, EnterInvalidPE): Text 'Zh&2' is set on object 'Object Repository/Objects.NameValidation/input_FieldName'

2020-05-12 23:43:50 - [MESSAGE][PASSED] - Text 'Zh&2' is set on object 'Object Repository/Objects.NameValidation/input_FieldName'

2020-05-12 23:43:50 - [TEST_STEP][PASSED] - delay(5): Delayed 5 second(s)

2020-05-12 23:43:55 - [MESSAGE][PASSED] - Delayed 5 second(s)

2020-05-12 23:43:55 - [TEST_STEP][PASSED] - sendKeys(NewInputNmField, Keys.chord(ARROW_DOWN)): Keys 'DOWN + ' sent to object: 'Object Repository/Objects.NameValidation/input_FieldName'

2020-05-12 23:43:55 - [MESSAGE][PASSED] - Keys 'DOWN + ' sent to object: 'Object Repository/Objects.NameValidation/input_FieldName'

2020-05-12 23:43:55 - [TEST_STEP][PASSED] - sendKeys(NewInputNmField, Keys.chord(ENTER)): Keys 'ENTER + ' sent to object: 'Object Repository/Objects.NameValidation/input_FieldName'

2020-05-12 23:43:56 - [MESSAGE][PASSED] - Keys 'ENTER + ' sent to object: 'Object Repository/Objects.NameValidation/input_FieldName'

2020-05-12 23:43:56 - [TEST_STEP][PASSED] - GetValue = getAttribute(NewInputNmField, "value", STOP_ON_FAILURE): Attribute 'value' of object 'Object Repository/Objects.NameValidation/input_FieldName' is: 'Zh&2'

2020-05-12 23:43:56 - [MESSAGE][PASSED] - Attribute 'value' of object 'Object Repository/Objects.NameValidation/input_FieldName' is: 'Zh&2'

2020-05-12 23:43:56 - [TEST_STEP][PASSED] - if (PEList.containsKey(GetValue) == false): No matching qp found

2020-05-12 23:43:56 - [TEST_STEP][PASSED] - SearchValue = PEList.find({ -> ... }): null

2020-05-12 23:43:56 - [TEST_STEP][PASSED] - if (SearchValue == null): No matching qp found

2020-05-12 23:43:56 - [TEST_STEP][PASSED] - comment("No matching qp found"): No matching qp found

2020-05-12 23:43:56 - [MESSAGE][INFO] - No matching qp found

2020-05-12 23:43:56 - [TEST_STEP][PASSED] - sendKeys(NewInputNmField, Keys.chord(ARROW_LEFT)): Keys 'LEFT + ' sent to object: 'Object Repository/Objects.NameValidation/input_FieldName'

2020-05-12 23:43:56 - [MESSAGE][PASSED] - Keys 'LEFT + ' sent to object: 'Object Repository/Objects.NameValidation/input_FieldName'

2020-05-12 23:43:56 - [TEST_STEP][PASSED] - sendKeys(NewInputNmField, Keys.chord(LEFT_CONTROL, "a")): Keys 'CONTROL + a' sent to object: 'Object Repository/Objects.NameValidation/input_FieldName'

2020-05-12 23:43:56 - [MESSAGE][PASSED] - Keys 'CONTROL + a' sent to object: 'Object Repository/Objects.NameValidation/input_FieldName'

2020-05-12 23:43:56 - [TEST_STEP][PASSED] - sendKeys(NewInputNmField, Keys.chord(BACK_SPACE)): Keys 'BACK_SPACE + ' sent to object: 'Object Repository/Objects.NameValidation/input_FieldName'

2020-05-12 23:43:57 - [MESSAGE][PASSED] - Keys 'BACK_SPACE + ' sent to object: 'Object Repository/Objects.NameValidation/input_FieldName'

2020-05-12 23:43:57 - [TEST_STEP][PASSED] - if (RqdField == "Y"): null

2020-05-12 23:43:57 - [TEST_STEP][PASSED] - for ([i = 0, i < NoOfOpt, (i++)]): Keys 'DOWN + ' sent to object: 'Object Repository/Objects.NameValidation/input_FieldName'

2020-05-12 23:43:57 - [TEST_STEP][PASSED] - sendKeys(NewInputNmField, Keys.chord(ARROW_DOWN)): Keys 'DOWN + ' sent to object: 'Object Repository/Objects.NameValidation/input_FieldName'

2020-05-12 23:43:57 - [MESSAGE][PASSED] - Keys 'DOWN + ' sent to object: 'Object Repository/Objects.NameValidation/input_FieldName'

2020-05-12 23:43:57 - [TEST_STEP][PASSED] - delay(8): Delayed 8 second(s)

2020-05-12 23:44:05 - [MESSAGE][PASSED] - Delayed 8 second(s)

2020-05-12 23:44:05 - [TEST_STEP][PASSED] - sendKeys(NewInputNmField, Keys.chord(ENTER)): Keys 'ENTER + ' sent to object: 'Object Repository/Objects.NameValidation/input_FieldName'

2020-05-12 23:44:05 - [MESSAGE][PASSED] - Keys 'ENTER + ' sent to object: 'Object Repository/Objects.NameValidation/input_FieldName'

2020-05-12 23:44:05 - [TEST_STEP][PASSED] - SearchDropdownVal = getAttribute(NewInputNmField, "value"): Attribute 'value' of object 'Object Repository/Objects.NameValidation/input_FieldName' is: '1002'

2020-05-12 23:44:06 - [MESSAGE][PASSED] - Attribute 'value' of object 'Object Repository/Objects.NameValidation/input_FieldName' is: '1002'

2020-05-12 23:44:06 - [TEST_STEP][PASSED] - if (PEName == "N"): null

2020-05-12 23:44:06 - [TEST_STEP][PASSED] - println(SearchDropdownVal + " (" + get(SearchDropdownVal).toString() + ")"): null

2020-05-12 23:44:06 - [TEST_STEP][PASSED] - sendKeys(NewInputNmField, Keys.chord(ARROW_DOWN)): Keys 'DOWN + ' sent to object: 'Object Repository/Objects.NameValidation/input_FieldName'

2020-05-12 23:44:06 - [MESSAGE][PASSED] - Keys 'DOWN + ' sent to object: 'Object Repository/Objects.NameValidation/input_FieldName'

2020-05-12 23:44:06 - [TEST_STEP][PASSED] - sendKeys(NewInputNmField, Keys.chord(ARROW_DOWN)): Keys 'DOWN + ' sent to object: 'Object Repository/Objects.NameValidation/input_FieldName'

2020-05-12 23:44:06 - [MESSAGE][PASSED] - Keys 'DOWN + ' sent to object: 'Object Repository/Objects.NameValidation/input_FieldName'

2020-05-12 23:44:06 - [TEST_STEP][PASSED] - delay(8): Delayed 8 second(s)

2020-05-12 23:44:14 - [MESSAGE][PASSED] - Delayed 8 second(s)

2020-05-12 23:44:14 - [TEST_STEP][PASSED] - sendKeys(NewInputNmField, Keys.chord(ENTER)): Keys 'ENTER + ' sent to object: 'Object Repository/Objects.NameValidation/input_FieldName'

2020-05-12 23:44:15 - [MESSAGE][PASSED] - Keys 'ENTER + ' sent to object: 'Object Repository/Objects.NameValidation/input_FieldName'

2020-05-12 23:44:15 - [TEST_STEP][PASSED] - SearchDropdownVal = getAttribute(NewInputNmField, "value"): Attribute 'value' of object 'Object Repository/Objects.NameValidation/input_FieldName' is: '6789'

2020-05-12 23:44:15 - [MESSAGE][PASSED] - Attribute 'value' of object 'Object Repository/Objects.NameValidation/input_FieldName' is: '6789'

2020-05-12 23:44:15 - [TEST_STEP][PASSED] - if (PEName == "N"): null

2020-05-12 23:44:15 - [TEST_STEP][PASSED] - println(SearchDropdownVal + " (" + get(SearchDropdownVal).toString() + ")"): null

2020-05-12 23:44:15 - [TEST_STEP][PASSED] - sendKeys(NewInputNmField, Keys.chord(ARROW_DOWN)): Keys 'DOWN + ' sent to object: 'Object Repository/Objects.NameValidation/input_FieldName'

2020-05-12 23:44:15 - [MESSAGE][PASSED] - Keys 'DOWN + ' sent to object: 'Object Repository/Objects.NameValidation/input_FieldName'

2020-05-12 23:44:15 - [TEST_STEP][PASSED] - sendKeys(NewInputNmField, Keys.chord(ARROW_DOWN)): Keys 'DOWN + ' sent to object: 'Object Repository/Objects.NameValidation/input_FieldName'

2020-05-12 23:44:16 - [MESSAGE][PASSED] - Keys 'DOWN + ' sent to object: 'Object Repository/Objects.NameValidation/input_FieldName'

2020-05-12 23:44:16 - [TEST_STEP][PASSED] - delay(8): Delayed 8 second(s)

2020-05-12 23:44:24 - [MESSAGE][PASSED] - Delayed 8 second(s)

2020-05-12 23:44:24 - [TEST_STEP][PASSED] - sendKeys(NewInputNmField, Keys.chord(ENTER)): Keys 'ENTER + ' sent to object: 'Object Repository/Objects.NameValidation/input_FieldName'

2020-05-12 23:44:24 - [MESSAGE][PASSED] - Keys 'ENTER + ' sent to object: 'Object Repository/Objects.NameValidation/input_FieldName'

2020-05-12 23:44:24 - [TEST_STEP][PASSED] - SearchDropdownVal = getAttribute(NewInputNmField, "value"): Attribute 'value' of object 'Object Repository/Objects.NameValidation/input_FieldName' is: '1140'

2020-05-12 23:44:25 - [MESSAGE][PASSED] - Attribute 'value' of object 'Object Repository/Objects.NameValidation/input_FieldName' is: '1140'

2020-05-12 23:44:25 - [TEST_STEP][PASSED] - if (PEName == "N"): null

2020-05-12 23:44:25 - [TEST_STEP][PASSED] - println(SearchDropdownVal + " (" + get(SearchDropdownVal).toString() + ")"): null

2020-05-12 23:44:25 - [TEST_STEP][PASSED] - sendKeys(NewInputNmField, Keys.chord(ARROW_DOWN)): Keys 'DOWN + ' sent to object: 'Object Repository/Objects.NameValidation/input_FieldName'

2020-05-12 23:44:25 - [MESSAGE][PASSED] - Keys 'DOWN + ' sent to object: 'Object Repository/Objects.NameValidation/input_FieldName'

2020-05-12 23:44:25 - [TEST_STEP][PASSED] - sendKeys(NewInputNmField, Keys.chord(ARROW_DOWN)): Keys 'DOWN + ' sent to object: 'Object Repository/Objects.NameValidation/input_FieldName'

2020-05-12 23:44:25 - [MESSAGE][PASSED] - Keys 'DOWN + ' sent to object: 'Object Repository/Objects.NameValidation/input_FieldName'

2020-05-12 23:44:25 - [TEST_STEP][PASSED] - delay(8): Delayed 8 second(s)

2020-05-12 23:44:33 - [MESSAGE][PASSED] - Delayed 8 second(s)

2020-05-12 23:44:33 - [TEST_STEP][PASSED] - sendKeys(NewInputNmField, Keys.chord(ENTER)): Keys 'ENTER + ' sent to object: 'Object Repository/Objects.NameValidation/input_FieldName'

2020-05-12 23:44:33 - [MESSAGE][PASSED] - Keys 'ENTER + ' sent to object: 'Object Repository/Objects.NameValidation/input_FieldName'

2020-05-12 23:44:33 - [TEST_STEP][PASSED] - SearchDropdownVal = getAttribute(NewInputNmField, "value"): Attribute 'value' of object 'Object Repository/Objects.NameValidation/input_FieldName' is: '1596'

2020-05-12 23:44:34 - [MESSAGE][PASSED] - Attribute 'value' of object 'Object Repository/Objects.NameValidation/input_FieldName' is: '1596'

2020-05-12 23:44:34 - [TEST_STEP][PASSED] - if (PEName == "N"): null

2020-05-12 23:44:34 - [TEST_STEP][PASSED] - println(SearchDropdownVal + " (" + get(SearchDropdownVal).toString() + ")"): null

2020-05-12 23:44:34 - [TEST_STEP][PASSED] - sendKeys(NewInputNmField, Keys.chord(ARROW_DOWN)): Keys 'DOWN + ' sent to object: 'Object Repository/Objects.NameValidation/input_FieldName'

2020-05-12 23:44:34 - [MESSAGE][PASSED] - Keys 'DOWN + ' sent to object: 'Object Repository/Objects.NameValidation/input_FieldName'

2020-05-12 23:44:34 - [TEST_STEP][PASSED] - sendKeys(NewInputNmField, Keys.chord(ARROW_DOWN)): Keys 'DOWN + ' sent to object: 'Object Repository/Objects.NameValidation/input_FieldName'

2020-05-12 23:44:35 - [MESSAGE][PASSED] - Keys 'DOWN + ' sent to object: 'Object Repository/Objects.NameValidation/input_FieldName'

2020-05-12 23:44:35 - [TEST_STEP][PASSED] - delay(8): Delayed 8 second(s)

2020-05-12 23:44:43 - [MESSAGE][PASSED] - Delayed 8 second(s)

2020-05-12 23:44:43 - [TEST_STEP][PASSED] - sendKeys(NewInputNmField, Keys.chord(ENTER)): Keys 'ENTER + ' sent to object: 'Object Repository/Objects.NameValidation/input_FieldName'

2020-05-12 23:44:43 - [MESSAGE][PASSED] - Keys 'ENTER + ' sent to object: 'Object Repository/Objects.NameValidation/input_FieldName'

2020-05-12 23:44:43 - [TEST_STEP][PASSED] - SearchDropdownVal = getAttribute(NewInputNmField, "value"): Attribute 'value' of object 'Object Repository/Objects.NameValidation/input_FieldName' is: '1567'

2020-05-12 23:44:43 - [MESSAGE][PASSED] - Attribute 'value' of object 'Object Repository/Objects.NameValidation/input_FieldName' is: '1567'

2020-05-12 23:44:43 - [TEST_STEP][PASSED] - if (PEName == "N"): null

2020-05-12 23:44:43 - [TEST_STEP][PASSED] - println(SearchDropdownVal + " (" + get(SearchDropdownVal).toString() + ")"): null

2020-05-12 23:44:43 - [TEST_STEP][PASSED] - sendKeys(NewInputNmField, Keys.chord(ARROW_DOWN)): Keys 'DOWN + ' sent to object: 'Object Repository/Objects.NameValidation/input_FieldName'

2020-05-12 23:44:44 - [MESSAGE][PASSED] - Keys 'DOWN + ' sent to object: 'Object Repository/Objects.NameValidation/input_FieldName'

2020-05-12 23:44:44 - [TEST_STEP][PASSED] - sendKeys(NewInputNmField, Keys.chord(ARROW_DOWN)): Keys 'DOWN + ' sent to object: 'Object Repository/Objects.NameValidation/input_FieldName'

2020-05-12 23:44:44 - [MESSAGE][PASSED] - Keys 'DOWN + ' sent to object: 'Object Repository/Objects.NameValidation/input_FieldName'

2020-05-12 23:44:44 - [TEST_STEP][PASSED] - delay(8): Delayed 8 second(s)

2020-05-12 23:44:52 - [MESSAGE][PASSED] - Delayed 8 second(s)

2020-05-12 23:44:52 - [TEST_STEP][PASSED] - sendKeys(NewInputNmField, Keys.chord(ENTER)): Keys 'ENTER + ' sent to object: 'Object Repository/Objects.NameValidation/input_FieldName'

2020-05-12 23:44:52 - [MESSAGE][PASSED] - Keys 'ENTER + ' sent to object: 'Object Repository/Objects.NameValidation/input_FieldName'

2020-05-12 23:44:52 - [TEST_STEP][PASSED] - SearchDropdownVal = getAttribute(NewInputNmField, "value"): Attribute 'value' of object 'Object Repository/Objects.NameValidation/input_FieldName' is: '1234'

2020-05-12 23:44:53 - [MESSAGE][PASSED] - Attribute 'value' of object 'Object Repository/Objects.NameValidation/input_FieldName' is: '1234'

2020-05-12 23:44:53 - [TEST_STEP][PASSED] - if (PEName == "N"): null

2020-05-12 23:44:53 - [TEST_STEP][PASSED] - println(SearchDropdownVal + " (" + get(SearchDropdownVal).toString() + ")"): null

2020-05-12 23:44:53 - [TEST_STEP][PASSED] - sendKeys(NewInputNmField, Keys.chord(ARROW_DOWN)): Keys 'DOWN + ' sent to object: 'Object Repository/Objects.NameValidation/input_FieldName'

2020-05-12 23:44:53 - [MESSAGE][PASSED] - Keys 'DOWN + ' sent to object: 'Object Repository/Objects.NameValidation/input_FieldName'

2020-05-12 23:44:53 - [TEST_STEP][PASSED] - sendKeys(NewInputNmField, Keys.chord(ENTER)): Keys 'ENTER + ' sent to object: 'Object Repository/Objects.NameValidation/input_FieldName'

2020-05-12 23:44:54 - [MESSAGE][PASSED] - Keys 'ENTER + ' sent to object: 'Object Repository/Objects.NameValidation/input_FieldName'

2020-05-12 23:44:54 - [TEST_STEP][PASSED] - if (PEEnabled == "N"): Keys 'ENTER + ' sent to object: 'Object Repository/Objects.NameValidation/input_FieldName'

2020-05-12 23:44:54 - [TEST_STEP][PASSED] - sendKeys(NewInputNmField, Keys.chord(ENTER)): Keys 'ENTER + ' sent to object: 'Object Repository/Objects.NameValidation/input_FieldName'

2020-05-12 23:44:54 - [MESSAGE][PASSED] - Keys 'ENTER + ' sent to object: 'Object Repository/Objects.NameValidation/input_FieldName'

2020-05-12 23:44:54 - [MESSAGE][PASSED] - Call Test Case 'Test Cases/Components/00_Precision and Scale/PEValidation' successfully

2020-05-12 23:44:54 - [TEST_STEP][PASSED] - callTestCase(findTestCase("Components/00_Precision and Scale/PEValidation"), ["FldNm":"peName", "EnterInvalidPE":"Zh&2", "PEEnabled":"N", "PEName":"Y", "RqdField":"N", "NoOfOpt":6], STOP_ON_FAILURE): Call Test Case 'Test Cases/Components/00_Precision and Scale/PEValidation' successfully

2020-05-12 23:44:54 - [TEST_CASE][PASSED] - Test Cases/Components/00_Precision and Scale/PEValidation: Test Cases/Components/00_Precision and Scale/PEValidation

2020-05-12 23:44:54 - [TEST_STEP][PASSED] - Thread.sleep(3000): null

2020-05-12 23:44:57 - [TEST_STEP][PASSED] - PEList = ["1002":"Dummy PE", "6789":"Test Name 1", "1140":"Test new", "1596":"Dummy QP", "1567":"TAN BOON NGEE", "1234":"ENG1"]: null

2020-05-12 23:44:57 - [TEST_STEP][PASSED] - NewInputNmField = modifyObjectProperty(findTestObject("Objects.NameValidation/input_FieldName"), "name", "equals", FldNm, true): Modify property of object successfully

2020-05-12 23:44:57 - [MESSAGE][PASSED] - Modify property of object successfully

2020-05-12 23:44:57 - [TEST_STEP][PASSED] - if (PEEnabled == "Y"): null

2020-05-12 23:44:57 - [TEST_STEP][PASSED] - else if (PEEnabled == "N"): Object: 'Object Repository/Objects.PELSH/PENameReadOnly' is double clicked on

2020-05-12 23:44:57 - [TEST_STEP][PASSED] - if (PEName == "N"): null

2020-05-12 23:44:57 - [TEST_STEP][PASSED] - else: Object: 'Object Repository/Objects.PELSH/PENameReadOnly' is double clicked on

2020-05-12 23:44:57 - [TEST_STEP][PASSED] - doubleClick(findTestObject("Objects.PELSH/PENameReadOnly")): Object: 'Object Repository/Objects.PELSH/PENameReadOnly' is double clicked on

2020-05-12 23:44:57 - [MESSAGE][PASSED] - Object: 'Object Repository/Objects.PELSH/PENameReadOnly' is double clicked on

2020-05-12 23:44:57 - [TEST_STEP][PASSED] - com.reusableComponents.HighlightElement.run(NewInputNmField): com.reusableComponents.HighlightElement.run is PASSED

2020-05-12 23:44:58 - [MESSAGE][PASSED] - com.reusableComponents.HighlightElement.run is PASSED

2020-05-12 23:44:58 - [TEST_STEP][PASSED] - focus(NewInputNmField): Object: 'Object Repository/Objects.NameValidation/input_FieldName' is focused

2020-05-12 23:44:58 - [MESSAGE][PASSED] - Object: 'Object Repository/Objects.NameValidation/input_FieldName' is focused

2020-05-12 23:44:58 - [TEST_STEP][PASSED] - GetValue = getAttribute(NewInputNmField, "value", STOP_ON_FAILURE): Attribute 'value' of object 'Object Repository/Objects.NameValidation/input_FieldName' is: ''

2020-05-12 23:44:59 - [MESSAGE][PASSED] - Attribute 'value' of object 'Object Repository/Objects.NameValidation/input_FieldName' is: ''

2020-05-12 23:44:59 - [TEST_STEP][PASSED] - verifyMatch(GetValue, "", true): Actual text '' and expected text '' are matched  using regular expression

2020-05-12 23:44:59 - [MESSAGE][PASSED] - Actual text '' and expected text '' are matched  using regular expression

2020-05-12 23:44:59 - [TEST_STEP][PASSED] - setText(NewInputNmField, EnterInvalidPE): Text 'Zh&2' is set on object 'Object Repository/Objects.NameValidation/input_FieldName'

2020-05-12 23:44:59 - [MESSAGE][PASSED] - Text 'Zh&2' is set on object 'Object Repository/Objects.NameValidation/input_FieldName'

2020-05-12 23:44:59 - [TEST_STEP][PASSED] - delay(5): Delayed 5 second(s)

2020-05-12 23:45:04 - [MESSAGE][PASSED] - Delayed 5 second(s)

2020-05-12 23:45:04 - [TEST_STEP][PASSED] - sendKeys(NewInputNmField, Keys.chord(ARROW_DOWN)): Keys 'DOWN + ' sent to object: 'Object Repository/Objects.NameValidation/input_FieldName'

2020-05-12 23:45:04 - [MESSAGE][PASSED] - Keys 'DOWN + ' sent to object: 'Object Repository/Objects.NameValidation/input_FieldName'

2020-05-12 23:45:04 - [TEST_STEP][PASSED] - sendKeys(NewInputNmField, Keys.chord(ENTER)): Keys 'ENTER + ' sent to object: 'Object Repository/Objects.NameValidation/input_FieldName'

2020-05-12 23:45:05 - [MESSAGE][PASSED] - Keys 'ENTER + ' sent to object: 'Object Repository/Objects.NameValidation/input_FieldName'

2020-05-12 23:45:05 - [TEST_STEP][PASSED] - GetValue = getAttribute(NewInputNmField, "value", STOP_ON_FAILURE): Attribute 'value' of object 'Object Repository/Objects.NameValidation/input_FieldName' is: 'Zh&2'

2020-05-12 23:45:05 - [MESSAGE][PASSED] - Attribute 'value' of object 'Object Repository/Objects.NameValidation/input_FieldName' is: 'Zh&2'

2020-05-12 23:45:05 - [TEST_STEP][PASSED] - if (PEList.containsKey(GetValue) == false): No matching qp found

2020-05-12 23:45:05 - [TEST_STEP][PASSED] - SearchValue = PEList.find({ -> ... }): null

2020-05-12 23:45:05 - [TEST_STEP][PASSED] - if (SearchValue == null): No matching qp found

2020-05-12 23:45:05 - [TEST_STEP][PASSED] - comment("No matching qp found"): No matching qp found

2020-05-12 23:45:05 - [MESSAGE][INFO] - No matching qp found

2020-05-12 23:45:05 - [TEST_STEP][PASSED] - sendKeys(NewInputNmField, Keys.chord(ARROW_LEFT)): Keys 'LEFT + ' sent to object: 'Object Repository/Objects.NameValidation/input_FieldName'

2020-05-12 23:45:05 - [MESSAGE][PASSED] - Keys 'LEFT + ' sent to object: 'Object Repository/Objects.NameValidation/input_FieldName'

2020-05-12 23:45:05 - [TEST_STEP][PASSED] - sendKeys(NewInputNmField, Keys.chord(LEFT_CONTROL, "a")): Keys 'CONTROL + a' sent to object: 'Object Repository/Objects.NameValidation/input_FieldName'

2020-05-12 23:45:05 - [MESSAGE][PASSED] - Keys 'CONTROL + a' sent to object: 'Object Repository/Objects.NameValidation/input_FieldName'

2020-05-12 23:45:05 - [TEST_STEP][PASSED] - sendKeys(NewInputNmField, Keys.chord(BACK_SPACE)): Keys 'BACK_SPACE + ' sent to object: 'Object Repository/Objects.NameValidation/input_FieldName'

2020-05-12 23:45:06 - [MESSAGE][PASSED] - Keys 'BACK_SPACE + ' sent to object: 'Object Repository/Objects.NameValidation/input_FieldName'

2020-05-12 23:45:06 - [TEST_STEP][PASSED] - if (RqdField == "Y"): null

2020-05-12 23:45:06 - [TEST_STEP][PASSED] - for ([i = 0, i < NoOfOpt, (i++)]): Keys 'DOWN + ' sent to object: 'Object Repository/Objects.NameValidation/input_FieldName'

2020-05-12 23:45:06 - [TEST_STEP][PASSED] - sendKeys(NewInputNmField, Keys.chord(ARROW_DOWN)): Keys 'DOWN + ' sent to object: 'Object Repository/Objects.NameValidation/input_FieldName'

2020-05-12 23:45:06 - [MESSAGE][PASSED] - Keys 'DOWN + ' sent to object: 'Object Repository/Objects.NameValidation/input_FieldName'

2020-05-12 23:45:06 - [TEST_STEP][PASSED] - delay(8): Delayed 8 second(s)

2020-05-12 23:45:14 - [MESSAGE][PASSED] - Delayed 8 second(s)

2020-05-12 23:45:14 - [TEST_STEP][PASSED] - sendKeys(NewInputNmField, Keys.chord(ENTER)): Keys 'ENTER + ' sent to object: 'Object Repository/Objects.NameValidation/input_FieldName'

2020-05-12 23:45:14 - [MESSAGE][PASSED] - Keys 'ENTER + ' sent to object: 'Object Repository/Objects.NameValidation/input_FieldName'

2020-05-12 23:45:14 - [TEST_STEP][PASSED] - SearchDropdownVal = getAttribute(NewInputNmField, "value"): Attribute 'value' of object 'Object Repository/Objects.NameValidation/input_FieldName' is: 'Dummy PE'

2020-05-12 23:45:15 - [MESSAGE][PASSED] - Attribute 'value' of object 'Object Repository/Objects.NameValidation/input_FieldName' is: 'Dummy PE'

2020-05-12 23:45:15 - [TEST_STEP][PASSED] - if (PEName == "N"): null

2020-05-12 23:45:15 - [TEST_STEP][PASSED] - else: null

2020-05-12 23:45:15 - [TEST_STEP][PASSED] - ValueFound = PEList.find({ -> ... }): null

2020-05-12 23:45:15 - [TEST_STEP][PASSED] - println(ValueFound): null

2020-05-12 23:45:15 - [TEST_STEP][PASSED] - sendKeys(NewInputNmField, Keys.chord(ARROW_DOWN)): Keys 'DOWN + ' sent to object: 'Object Repository/Objects.NameValidation/input_FieldName'

2020-05-12 23:45:15 - [MESSAGE][PASSED] - Keys 'DOWN + ' sent to object: 'Object Repository/Objects.NameValidation/input_FieldName'

2020-05-12 23:45:15 - [TEST_STEP][PASSED] - sendKeys(NewInputNmField, Keys.chord(ARROW_DOWN)): Keys 'DOWN + ' sent to object: 'Object Repository/Objects.NameValidation/input_FieldName'

2020-05-12 23:45:15 - [MESSAGE][PASSED] - Keys 'DOWN + ' sent to object: 'Object Repository/Objects.NameValidation/input_FieldName'

2020-05-12 23:45:15 - [TEST_STEP][PASSED] - delay(8): Delayed 8 second(s)

2020-05-12 23:45:23 - [MESSAGE][PASSED] - Delayed 8 second(s)

2020-05-12 23:45:23 - [TEST_STEP][PASSED] - sendKeys(NewInputNmField, Keys.chord(ENTER)): Keys 'ENTER + ' sent to object: 'Object Repository/Objects.NameValidation/input_FieldName'

2020-05-12 23:45:24 - [MESSAGE][PASSED] - Keys 'ENTER + ' sent to object: 'Object Repository/Objects.NameValidation/input_FieldName'

2020-05-12 23:45:24 - [TEST_STEP][PASSED] - SearchDropdownVal = getAttribute(NewInputNmField, "value"): Attribute 'value' of object 'Object Repository/Objects.NameValidation/input_FieldName' is: 'Test Name 1'

2020-05-12 23:45:24 - [MESSAGE][PASSED] - Attribute 'value' of object 'Object Repository/Objects.NameValidation/input_FieldName' is: 'Test Name 1'

2020-05-12 23:45:24 - [TEST_STEP][PASSED] - if (PEName == "N"): null

2020-05-12 23:45:24 - [TEST_STEP][PASSED] - else: null

2020-05-12 23:45:24 - [TEST_STEP][PASSED] - ValueFound = PEList.find({ -> ... }): null

2020-05-12 23:45:24 - [TEST_STEP][PASSED] - println(ValueFound): null

2020-05-12 23:45:24 - [TEST_STEP][PASSED] - sendKeys(NewInputNmField, Keys.chord(ARROW_DOWN)): Keys 'DOWN + ' sent to object: 'Object Repository/Objects.NameValidation/input_FieldName'

2020-05-12 23:45:25 - [MESSAGE][PASSED] - Keys 'DOWN + ' sent to object: 'Object Repository/Objects.NameValidation/input_FieldName'

2020-05-12 23:45:25 - [TEST_STEP][PASSED] - sendKeys(NewInputNmField, Keys.chord(ARROW_DOWN)): Keys 'DOWN + ' sent to object: 'Object Repository/Objects.NameValidation/input_FieldName'

2020-05-12 23:45:25 - [MESSAGE][PASSED] - Keys 'DOWN + ' sent to object: 'Object Repository/Objects.NameValidation/input_FieldName'

2020-05-12 23:45:25 - [TEST_STEP][PASSED] - delay(8): Delayed 8 second(s)

2020-05-12 23:45:33 - [MESSAGE][PASSED] - Delayed 8 second(s)

2020-05-12 23:45:33 - [TEST_STEP][PASSED] - sendKeys(NewInputNmField, Keys.chord(ENTER)): Keys 'ENTER + ' sent to object: 'Object Repository/Objects.NameValidation/input_FieldName'

2020-05-12 23:45:33 - [MESSAGE][PASSED] - Keys 'ENTER + ' sent to object: 'Object Repository/Objects.NameValidation/input_FieldName'

2020-05-12 23:45:33 - [TEST_STEP][PASSED] - SearchDropdownVal = getAttribute(NewInputNmField, "value"): Attribute 'value' of object 'Object Repository/Objects.NameValidation/input_FieldName' is: 'Test new'

2020-05-12 23:45:34 - [MESSAGE][PASSED] - Attribute 'value' of object 'Object Repository/Objects.NameValidation/input_FieldName' is: 'Test new'

2020-05-12 23:45:34 - [TEST_STEP][PASSED] - if (PEName == "N"): null

2020-05-12 23:45:34 - [TEST_STEP][PASSED] - else: null

2020-05-12 23:45:34 - [TEST_STEP][PASSED] - ValueFound = PEList.find({ -> ... }): null

2020-05-12 23:45:34 - [TEST_STEP][PASSED] - println(ValueFound): null

2020-05-12 23:45:34 - [TEST_STEP][PASSED] - sendKeys(NewInputNmField, Keys.chord(ARROW_DOWN)): Keys 'DOWN + ' sent to object: 'Object Repository/Objects.NameValidation/input_FieldName'

2020-05-12 23:45:34 - [MESSAGE][PASSED] - Keys 'DOWN + ' sent to object: 'Object Repository/Objects.NameValidation/input_FieldName'

2020-05-12 23:45:34 - [TEST_STEP][PASSED] - sendKeys(NewInputNmField, Keys.chord(ARROW_DOWN)): Keys 'DOWN + ' sent to object: 'Object Repository/Objects.NameValidation/input_FieldName'

2020-05-12 23:45:35 - [MESSAGE][PASSED] - Keys 'DOWN + ' sent to object: 'Object Repository/Objects.NameValidation/input_FieldName'

2020-05-12 23:45:35 - [TEST_STEP][PASSED] - delay(8): Delayed 8 second(s)

2020-05-12 23:45:43 - [MESSAGE][PASSED] - Delayed 8 second(s)

2020-05-12 23:45:43 - [TEST_STEP][PASSED] - sendKeys(NewInputNmField, Keys.chord(ENTER)): Keys 'ENTER + ' sent to object: 'Object Repository/Objects.NameValidation/input_FieldName'

2020-05-12 23:45:43 - [MESSAGE][PASSED] - Keys 'ENTER + ' sent to object: 'Object Repository/Objects.NameValidation/input_FieldName'

2020-05-12 23:45:43 - [TEST_STEP][PASSED] - SearchDropdownVal = getAttribute(NewInputNmField, "value"): Attribute 'value' of object 'Object Repository/Objects.NameValidation/input_FieldName' is: 'Dummy QP'

2020-05-12 23:45:43 - [MESSAGE][PASSED] - Attribute 'value' of object 'Object Repository/Objects.NameValidation/input_FieldName' is: 'Dummy QP'

2020-05-12 23:45:43 - [TEST_STEP][PASSED] - if (PEName == "N"): null

2020-05-12 23:45:43 - [TEST_STEP][PASSED] - else: null

2020-05-12 23:45:43 - [TEST_STEP][PASSED] - ValueFound = PEList.find({ -> ... }): null

2020-05-12 23:45:43 - [TEST_STEP][PASSED] - println(ValueFound): null

2020-05-12 23:45:43 - [TEST_STEP][PASSED] - sendKeys(NewInputNmField, Keys.chord(ARROW_DOWN)): Keys 'DOWN + ' sent to object: 'Object Repository/Objects.NameValidation/input_FieldName'

2020-05-12 23:45:43 - [MESSAGE][PASSED] - Keys 'DOWN + ' sent to object: 'Object Repository/Objects.NameValidation/input_FieldName'

2020-05-12 23:45:43 - [TEST_STEP][PASSED] - sendKeys(NewInputNmField, Keys.chord(ARROW_DOWN)): Keys 'DOWN + ' sent to object: 'Object Repository/Objects.NameValidation/input_FieldName'

2020-05-12 23:45:44 - [MESSAGE][PASSED] - Keys 'DOWN + ' sent to object: 'Object Repository/Objects.NameValidation/input_FieldName'

2020-05-12 23:45:44 - [TEST_STEP][PASSED] - delay(8): Delayed 8 second(s)

2020-05-12 23:45:52 - [MESSAGE][PASSED] - Delayed 8 second(s)

2020-05-12 23:45:52 - [TEST_STEP][PASSED] - sendKeys(NewInputNmField, Keys.chord(ENTER)): Keys 'ENTER + ' sent to object: 'Object Repository/Objects.NameValidation/input_FieldName'

2020-05-12 23:45:52 - [MESSAGE][PASSED] - Keys 'ENTER + ' sent to object: 'Object Repository/Objects.NameValidation/input_FieldName'

2020-05-12 23:45:52 - [TEST_STEP][PASSED] - SearchDropdownVal = getAttribute(NewInputNmField, "value"): Attribute 'value' of object 'Object Repository/Objects.NameValidation/input_FieldName' is: 'TAN BOON NGEE'

2020-05-12 23:45:53 - [MESSAGE][PASSED] - Attribute 'value' of object 'Object Repository/Objects.NameValidation/input_FieldName' is: 'TAN BOON NGEE'

2020-05-12 23:45:53 - [TEST_STEP][PASSED] - if (PEName == "N"): null

2020-05-12 23:45:53 - [TEST_STEP][PASSED] - else: null

2020-05-12 23:45:53 - [TEST_STEP][PASSED] - ValueFound = PEList.find({ -> ... }): null

2020-05-12 23:45:53 - [TEST_STEP][PASSED] - println(ValueFound): null

2020-05-12 23:45:53 - [TEST_STEP][PASSED] - sendKeys(NewInputNmField, Keys.chord(ARROW_DOWN)): Keys 'DOWN + ' sent to object: 'Object Repository/Objects.NameValidation/input_FieldName'

2020-05-12 23:45:53 - [MESSAGE][PASSED] - Keys 'DOWN + ' sent to object: 'Object Repository/Objects.NameValidation/input_FieldName'

2020-05-12 23:45:53 - [TEST_STEP][PASSED] - sendKeys(NewInputNmField, Keys.chord(ARROW_DOWN)): Keys 'DOWN + ' sent to object: 'Object Repository/Objects.NameValidation/input_FieldName'

2020-05-12 23:45:53 - [MESSAGE][PASSED] - Keys 'DOWN + ' sent to object: 'Object Repository/Objects.NameValidation/input_FieldName'

2020-05-12 23:45:53 - [TEST_STEP][PASSED] - delay(8): Delayed 8 second(s)

2020-05-12 23:46:01 - [MESSAGE][PASSED] - Delayed 8 second(s)

2020-05-12 23:46:01 - [TEST_STEP][PASSED] - sendKeys(NewInputNmField, Keys.chord(ENTER)): Keys 'ENTER + ' sent to object: 'Object Repository/Objects.NameValidation/input_FieldName'

2020-05-12 23:46:02 - [MESSAGE][PASSED] - Keys 'ENTER + ' sent to object: 'Object Repository/Objects.NameValidation/input_FieldName'

2020-05-12 23:46:02 - [TEST_STEP][PASSED] - SearchDropdownVal = getAttribute(NewInputNmField, "value"): Attribute 'value' of object 'Object Repository/Objects.NameValidation/input_FieldName' is: 'ENGR1'

2020-05-12 23:46:02 - [MESSAGE][PASSED] - Attribute 'value' of object 'Object Repository/Objects.NameValidation/input_FieldName' is: 'ENGR1'

2020-05-12 23:46:02 - [TEST_STEP][PASSED] - if (PEName == "N"): null

2020-05-12 23:46:02 - [TEST_STEP][PASSED] - else: null

2020-05-12 23:46:02 - [TEST_STEP][PASSED] - ValueFound = PEList.find({ -> ... }): null

2020-05-12 23:46:02 - [TEST_STEP][PASSED] - println(ValueFound): null

2020-05-12 23:46:02 - [TEST_STEP][PASSED] - sendKeys(NewInputNmField, Keys.chord(ARROW_DOWN)): Keys 'DOWN + ' sent to object: 'Object Repository/Objects.NameValidation/input_FieldName'

2020-05-12 23:46:02 - [MESSAGE][PASSED] - Keys 'DOWN + ' sent to object: 'Object Repository/Objects.NameValidation/input_FieldName'

2020-05-12 23:46:02 - [TEST_STEP][PASSED] - sendKeys(NewInputNmField, Keys.chord(ENTER)): Keys 'ENTER + ' sent to object: 'Object Repository/Objects.NameValidation/input_FieldName'

2020-05-12 23:46:03 - [MESSAGE][PASSED] - Keys 'ENTER + ' sent to object: 'Object Repository/Objects.NameValidation/input_FieldName'

2020-05-12 23:46:03 - [TEST_STEP][PASSED] - if (PEEnabled == "N"): Keys 'ENTER + ' sent to object: 'Object Repository/Objects.NameValidation/input_FieldName'

2020-05-12 23:46:03 - [TEST_STEP][PASSED] - sendKeys(NewInputNmField, Keys.chord(ENTER)): Keys 'ENTER + ' sent to object: 'Object Repository/Objects.NameValidation/input_FieldName'

2020-05-12 23:46:03 - [MESSAGE][PASSED] - Keys 'ENTER + ' sent to object: 'Object Repository/Objects.NameValidation/input_FieldName'

2020-05-12 23:46:03 - [MESSAGE][PASSED] - Call Test Case 'Test Cases/Components/00_Precision and Scale/PEValidation' successfully

2020-05-12 23:46:03 - [TEST_STEP][NOT_RUN] - callTestCase(findTestCase("Components/Logout"), ["LogoutPageTextToBeVerified":findTestData("Datatable").getValue("HomeBanner", 2)], STOP_ON_FAILURE): NOT_RUN: callTestCase(findTestCase("Components/Logout"), ["LogoutPageTextToBeVerified":findTestData("Datatable").getValue("HomeBanner", 2)], STOP_ON_FAILURE)

2020-05-12 23:46:03 - [MESSAGE][NOT_RUN] - NOT_RUN: callTestCase(findTestCase("Components/Logout"), ["LogoutPageTextToBeVerified":findTestData("Datatable").getValue("HomeBanner", 2)], STOP_ON_FAILURE)]]></system-out>
         <system-err><![CDATA[]]></system-err>
      </testcase>
      <testcase name="Test Cases/PFI Precision and Scale/PFI Test Cases/PFI.D2FormsLHS" time="211.19" classname="Test Cases/PFI Precision and Scale/PFI Test Cases/PFI.D2FormsLHS" status="PASSED">
         <system-out><![CDATA[2020-05-12 23:46:03 - [TEST_CASE][PASSED] - Test Cases/PFI Precision and Scale/PFI Test Cases/PFI.D2FormsLHS: Test Cases/PFI Precision and Scale/PFI Test Cases/PFI.D2FormsLHS

2020-05-12 23:46:03 - [TEST_STEP][NOT_RUN] - callTestCase(findTestCase("Components/LoginV2.0"), ["LinkToBeUsed":findTestData("Datatable").getValue("URL", 16), "LoginPageTextToBeVerified":findTestData("Datatable").getValue("HomeBanner", 2), ... ], STOP_ON_FAILURE): NOT_RUN: callTestCase(findTestCase("Components/LoginV2.0"), ["LinkToBeUsed":findTestData("Datatable").getValue("URL", 16), "LoginPageTextToBeVerified":findTestData("Datatable").getValue("HomeBanner", 2), ... ], STOP_ON_FAILURE)

2020-05-12 23:46:03 - [MESSAGE][NOT_RUN] - NOT_RUN: callTestCase(findTestCase("Components/LoginV2.0"), ["LinkToBeUsed":findTestData("Datatable").getValue("URL", 16), "LoginPageTextToBeVerified":findTestData("Datatable").getValue("HomeBanner", 2), ... ], STOP_ON_FAILURE)

2020-05-12 23:46:03 - [TEST_STEP][NOT_RUN] - callTestCase(findTestCase("Components/Filter"), ["taskDescription":"Process Case (SM)"], STOP_ON_FAILURE): NOT_RUN: callTestCase(findTestCase("Components/Filter"), ["taskDescription":"Process Case (SM)"], STOP_ON_FAILURE)

2020-05-12 23:46:03 - [MESSAGE][NOT_RUN] - NOT_RUN: callTestCase(findTestCase("Components/Filter"), ["taskDescription":"Process Case (SM)"], STOP_ON_FAILURE)

2020-05-12 23:46:03 - [TEST_STEP][NOT_RUN] - callTestCase(findTestCase("Components/ClickLinkDependingOnTextAndIndex"), ["linkName":"Process Case (SM)", "index":"2"], STOP_ON_FAILURE): NOT_RUN: callTestCase(findTestCase("Components/ClickLinkDependingOnTextAndIndex"), ["linkName":"Process Case (SM)", "index":"2"], STOP_ON_FAILURE)

2020-05-12 23:46:03 - [MESSAGE][NOT_RUN] - NOT_RUN: callTestCase(findTestCase("Components/ClickLinkDependingOnTextAndIndex"), ["linkName":"Process Case (SM)", "index":"2"], STOP_ON_FAILURE)

2020-05-12 23:46:03 - [TEST_STEP][PASSED] - callTestCase(findTestCase("Components/NavigateToAnyLHS"), ["LHS":"D2 Forms (Second Stage)"], STOP_ON_FAILURE): Call Test Case 'Test Cases/Components/NavigateToAnyLHS' successfully

2020-05-12 23:46:03 - [TEST_CASE][PASSED] - Test Cases/Components/NavigateToAnyLHS: Test Cases/Components/NavigateToAnyLHS

2020-05-12 23:46:03 - [TEST_STEP][PASSED] - Thread.sleep(1000): null

2020-05-12 23:46:04 - [TEST_STEP][PASSED] - modifiedLHS = modifyObjectProperty(findTestObject("Objects.NavigateToAnyLHS/Page_ISPS2/LHSToModify"), "text", "equals", LHS, true): Modify property of object successfully

2020-05-12 23:46:04 - [MESSAGE][PASSED] - Modify property of object successfully

2020-05-12 23:46:04 - [TEST_STEP][PASSED] - click(modifiedLHS): Object: 'Object Repository/Objects.NavigateToAnyLHS/Page_ISPS2/LHSToModify' is clicked on

2020-05-12 23:46:05 - [MESSAGE][PASSED] - Object: 'Object Repository/Objects.NavigateToAnyLHS/Page_ISPS2/LHSToModify' is clicked on

2020-05-12 23:46:05 - [TEST_STEP][PASSED] - currentLHS = getText(modifiedLHS): Text of object 'Object Repository/Objects.NavigateToAnyLHS/Page_ISPS2/LHSToModify' is: 'D2 Forms (Second Stage)'

2020-05-12 23:46:06 - [MESSAGE][PASSED] - Text of object 'Object Repository/Objects.NavigateToAnyLHS/Page_ISPS2/LHSToModify' is: 'D2 Forms (Second Stage)'

2020-05-12 23:46:06 - [TEST_STEP][PASSED] - Thread.sleep(5000): null

2020-05-12 23:46:11 - [MESSAGE][PASSED] - Call Test Case 'Test Cases/Components/NavigateToAnyLHS' successfully

2020-05-12 23:46:11 - [TEST_STEP][PASSED] - callTestCase(findTestCase("Components/00_Precision and Scale/DateValidation"), ["LblNm":"Inspection D2 Receive Date *:", "FldNm":"d2RecvDt", "index":1, "MinLen":5, "PastDtValidation":"N"], STOP_ON_FAILURE): Call Test Case 'Test Cases/Components/00_Precision and Scale/DateValidation' successfully

2020-05-12 23:46:11 - [TEST_CASE][PASSED] - Test Cases/Components/00_Precision and Scale/DateValidation: Test Cases/Components/00_Precision and Scale/DateValidation

2020-05-12 23:46:11 - [TEST_STEP][PASSED] - Thread.sleep(3000): null

2020-05-12 23:46:14 - [TEST_STEP][PASSED] - date = new java.util.Date(): null

2020-05-12 23:46:14 - [TEST_STEP][PASSED] - CurrentDate = new java.text.SimpleDateFormat(dd/MM/yyyy): null

2020-05-12 23:46:14 - [TEST_STEP][PASSED] - TodayDate = CurrentDate.format(date): null

2020-05-12 23:46:14 - [TEST_STEP][PASSED] - Alphabetic = z).join(): null

2020-05-12 23:46:14 - [TEST_STEP][PASSED] - Numeric = 9).join(): null

2020-05-12 23:46:14 - [TEST_STEP][PASSED] - SpecialChar = "`~!@#$%^&*()-=+_{}|\][;'":,.?><"": null

2020-05-12 23:46:14 - [TEST_STEP][PASSED] - RandomAlpha = RandomStringUtils.random(MinLen, Alphabetic.toCharArray()): null

2020-05-12 23:46:14 - [TEST_STEP][PASSED] - RandomNumeric = RandomStringUtils.random(MinLen, Numeric): null

2020-05-12 23:46:14 - [TEST_STEP][PASSED] - RdmSpChar = RandomStringUtils.random(MinLen, SpecialChar): null

2020-05-12 23:46:14 - [TEST_STEP][PASSED] - NewLblNm = modifyObjectProperty(findTestObject("Objects.DateValidation/Page_ISPS2/label_Name"), "text", "equals", LblNm, true): Modify property of object successfully

2020-05-12 23:46:14 - [MESSAGE][PASSED] - Modify property of object successfully

2020-05-12 23:46:14 - [TEST_STEP][PASSED] - TodayBtn = modifyObjectProperty(findTestObject("Object Repository/Objects.DateValidation/Page_ISPS2/a_Today"), "xpath", "equals", "(//*[text() = 'Today'])[" + index + "]", true): Modify property of object successfully

2020-05-12 23:46:14 - [MESSAGE][PASSED] - Modify property of object successfully

2020-05-12 23:46:14 - [TEST_STEP][PASSED] - com.reusableComponents.HighlightElement.run(NewLblNm): com.reusableComponents.HighlightElement.run is PASSED

2020-05-12 23:46:15 - [MESSAGE][PASSED] - com.reusableComponents.HighlightElement.run is PASSED

2020-05-12 23:46:15 - [TEST_STEP][PASSED] - DateFieldNm = modifyObjectProperty(findTestObject("Object Repository/Objects.DateValidation/Page_ISPS2/input__orderDt"), "name", "equals", FldNm, true): Modify property of object successfully

2020-05-12 23:46:15 - [MESSAGE][PASSED] - Modify property of object successfully

2020-05-12 23:46:15 - [TEST_STEP][PASSED] - com.reusableComponents.HighlightElement.run(DateFieldNm): com.reusableComponents.HighlightElement.run is PASSED

2020-05-12 23:46:15 - [MESSAGE][PASSED] - com.reusableComponents.HighlightElement.run is PASSED

2020-05-12 23:46:15 - [TEST_STEP][PASSED] - focus(DateFieldNm): Object: 'Object Repository/Objects.DateValidation/Page_ISPS2/input__orderDt' is focused

2020-05-12 23:46:16 - [MESSAGE][PASSED] - Object: 'Object Repository/Objects.DateValidation/Page_ISPS2/input__orderDt' is focused

2020-05-12 23:46:16 - [TEST_STEP][PASSED] - DefaultValue = getAttribute(DateFieldNm, "value", STOP_ON_FAILURE): Attribute 'value' of object 'Object Repository/Objects.DateValidation/Page_ISPS2/input__orderDt' is: ''

2020-05-12 23:46:16 - [MESSAGE][PASSED] - Attribute 'value' of object 'Object Repository/Objects.DateValidation/Page_ISPS2/input__orderDt' is: ''

2020-05-12 23:46:16 - [TEST_STEP][PASSED] - verifyMatch(DefaultValue, "", true): Actual text '' and expected text '' are matched  using regular expression

2020-05-12 23:46:16 - [MESSAGE][PASSED] - Actual text '' and expected text '' are matched  using regular expression

2020-05-12 23:46:16 - [TEST_STEP][PASSED] - setText(DateFieldNm, RandomAlpha): Text 'CVtSq' is set on object 'Object Repository/Objects.DateValidation/Page_ISPS2/input__orderDt'

2020-05-12 23:46:16 - [MESSAGE][PASSED] - Text 'CVtSq' is set on object 'Object Repository/Objects.DateValidation/Page_ISPS2/input__orderDt'

2020-05-12 23:46:16 - [TEST_STEP][PASSED] - getInputAlpha = getAttribute(DateFieldNm, "value", STOP_ON_FAILURE): Attribute 'value' of object 'Object Repository/Objects.DateValidation/Page_ISPS2/input__orderDt' is: ''

2020-05-12 23:46:17 - [MESSAGE][PASSED] - Attribute 'value' of object 'Object Repository/Objects.DateValidation/Page_ISPS2/input__orderDt' is: ''

2020-05-12 23:46:17 - [TEST_STEP][PASSED] - verifyMatch("", getInputAlpha, true, STOP_ON_FAILURE): Actual text '' and expected text '' are matched  using regular expression

2020-05-12 23:46:17 - [MESSAGE][PASSED] - Actual text '' and expected text '' are matched  using regular expression

2020-05-12 23:46:17 - [TEST_STEP][PASSED] - delay(5): Delayed 5 second(s)

2020-05-12 23:46:22 - [MESSAGE][PASSED] - Delayed 5 second(s)

2020-05-12 23:46:22 - [TEST_STEP][PASSED] - setText(DateFieldNm, RdmSpChar): Text '{,,+~' is set on object 'Object Repository/Objects.DateValidation/Page_ISPS2/input__orderDt'

2020-05-12 23:46:22 - [MESSAGE][PASSED] - Text '{,,+~' is set on object 'Object Repository/Objects.DateValidation/Page_ISPS2/input__orderDt'

2020-05-12 23:46:22 - [TEST_STEP][PASSED] - getInputSpecialChar = getAttribute(DateFieldNm, "value", STOP_ON_FAILURE): Attribute 'value' of object 'Object Repository/Objects.DateValidation/Page_ISPS2/input__orderDt' is: ''

2020-05-12 23:46:22 - [MESSAGE][PASSED] - Attribute 'value' of object 'Object Repository/Objects.DateValidation/Page_ISPS2/input__orderDt' is: ''

2020-05-12 23:46:22 - [TEST_STEP][PASSED] - verifyMatch("", getInputSpecialChar, true, STOP_ON_FAILURE): Actual text '' and expected text '' are matched  using regular expression

2020-05-12 23:46:22 - [MESSAGE][PASSED] - Actual text '' and expected text '' are matched  using regular expression

2020-05-12 23:46:22 - [TEST_STEP][PASSED] - delay(5): Delayed 5 second(s)

2020-05-12 23:46:27 - [MESSAGE][PASSED] - Delayed 5 second(s)

2020-05-12 23:46:27 - [TEST_STEP][PASSED] - setText(DateFieldNm, RandomNumeric): Text '81081' is set on object 'Object Repository/Objects.DateValidation/Page_ISPS2/input__orderDt'

2020-05-12 23:46:27 - [MESSAGE][PASSED] - Text '81081' is set on object 'Object Repository/Objects.DateValidation/Page_ISPS2/input__orderDt'

2020-05-12 23:46:27 - [TEST_STEP][PASSED] - getInputInvalidDate = getAttribute(findTestObject("Objects.DateValidation/Page_ISPS2/tooltipErrMsgInvalidDate"), "value", STOP_ON_FAILURE): Attribute 'value' of object 'Object Repository/Objects.DateValidation/Page_ISPS2/tooltipErrMsgInvalidDate' is: '81081'

2020-05-12 23:46:28 - [MESSAGE][PASSED] - Attribute 'value' of object 'Object Repository/Objects.DateValidation/Page_ISPS2/tooltipErrMsgInvalidDate' is: '81081'

2020-05-12 23:46:28 - [TEST_STEP][PASSED] - mouseOver(findTestObject("Objects.DateValidation/Page_ISPS2/tooltipErrMsgInvalidDate"), STOP_ON_FAILURE): Object: 'Object Repository/Objects.DateValidation/Page_ISPS2/tooltipErrMsgInvalidDate' is hovered

2020-05-12 23:46:28 - [MESSAGE][PASSED] - Object: 'Object Repository/Objects.DateValidation/Page_ISPS2/tooltipErrMsgInvalidDate' is hovered

2020-05-12 23:46:28 - [TEST_STEP][PASSED] - getErrMsg = getAttribute(findTestObject("Objects.DateValidation/Page_ISPS2/tooltipErrMsgInvalidDate"), "data-errorqtip", STOP_ON_FAILURE): Attribute 'data-errorqtip' of object 'Object Repository/Objects.DateValidation/Page_ISPS2/tooltipErrMsgInvalidDate' is: '<ul class="x-list-plain"><li>81081 is not a valid date - it must be in the format d/m/Y</li></ul>'

2020-05-12 23:46:29 - [MESSAGE][PASSED] - Attribute 'data-errorqtip' of object 'Object Repository/Objects.DateValidation/Page_ISPS2/tooltipErrMsgInvalidDate' is: '<ul class="x-list-plain"><li>81081 is not a valid date - it must be in the format d/m/Y</li></ul>'

2020-05-12 23:46:29 - [TEST_STEP][PASSED] - if (getErrMsg.contains("Start")): null

2020-05-12 23:46:29 - [TEST_STEP][PASSED] - else: Actual text '81081 is not a valid date - it must be in the format d/m/Y' and expected text '81081 is not a valid date - it must be in the format d/m/Y' are matched  using regular expression

2020-05-12 23:46:29 - [TEST_STEP][PASSED] - getTotalLength = getErrMsg.length(): null

2020-05-12 23:46:29 - [TEST_STEP][PASSED] - RemoveULClass = getErrMsg.substring(29, getTotalLength): null

2020-05-12 23:46:29 - [TEST_STEP][PASSED] - LengthNoUlClass = RemoveULClass.length() - 10: null

2020-05-12 23:46:29 - [TEST_STEP][PASSED] - ToolTipInvErrMsg = RemoveULClass.substring(0, LengthNoUlClass): null

2020-05-12 23:46:29 - [TEST_STEP][PASSED] - ExpectedInvalidErrMsg = concatenate(getInputInvalidDate, " ", NotValidDt): Concatenated string array: '['81081',' ','is not a valid date - it must be in the format d/m/Y']' into '81081 is not a valid date - it must be in the format d/m/Y'

2020-05-12 23:46:29 - [MESSAGE][PASSED] - Concatenated string array: '['81081',' ','is not a valid date - it must be in the format d/m/Y']' into '81081 is not a valid date - it must be in the format d/m/Y'

2020-05-12 23:46:29 - [TEST_STEP][PASSED] - verifyMatch(ToolTipInvErrMsg, ExpectedInvalidErrMsg, true): Actual text '81081 is not a valid date - it must be in the format d/m/Y' and expected text '81081 is not a valid date - it must be in the format d/m/Y' are matched  using regular expression

2020-05-12 23:46:29 - [MESSAGE][PASSED] - Actual text '81081 is not a valid date - it must be in the format d/m/Y' and expected text '81081 is not a valid date - it must be in the format d/m/Y' are matched  using regular expression

2020-05-12 23:46:29 - [TEST_STEP][PASSED] - sendKeys(DateFieldNm, Keys.chord(ARROW_LEFT)): Keys 'LEFT + ' sent to object: 'Object Repository/Objects.DateValidation/Page_ISPS2/input__orderDt'

2020-05-12 23:46:29 - [MESSAGE][PASSED] - Keys 'LEFT + ' sent to object: 'Object Repository/Objects.DateValidation/Page_ISPS2/input__orderDt'

2020-05-12 23:46:29 - [TEST_STEP][PASSED] - sendKeys(DateFieldNm, Keys.chord(LEFT_CONTROL, "a")): Keys 'CONTROL + a' sent to object: 'Object Repository/Objects.DateValidation/Page_ISPS2/input__orderDt'

2020-05-12 23:46:30 - [MESSAGE][PASSED] - Keys 'CONTROL + a' sent to object: 'Object Repository/Objects.DateValidation/Page_ISPS2/input__orderDt'

2020-05-12 23:46:30 - [TEST_STEP][PASSED] - sendKeys(DateFieldNm, Keys.chord(BACK_SPACE)): Keys 'BACK_SPACE + ' sent to object: 'Object Repository/Objects.DateValidation/Page_ISPS2/input__orderDt'

2020-05-12 23:46:30 - [MESSAGE][PASSED] - Keys 'BACK_SPACE + ' sent to object: 'Object Repository/Objects.DateValidation/Page_ISPS2/input__orderDt'

2020-05-12 23:46:30 - [TEST_STEP][PASSED] - delay(5): Delayed 5 second(s)

2020-05-12 23:46:35 - [MESSAGE][PASSED] - Delayed 5 second(s)

2020-05-12 23:46:35 - [TEST_STEP][PASSED] - setText(DateFieldNm, TodayDate): Text '12/05/2020' is set on object 'Object Repository/Objects.DateValidation/Page_ISPS2/input__orderDt'

2020-05-12 23:46:35 - [MESSAGE][PASSED] - Text '12/05/2020' is set on object 'Object Repository/Objects.DateValidation/Page_ISPS2/input__orderDt'

2020-05-12 23:46:35 - [TEST_STEP][PASSED] - verifyElementNotPresent(findTestObject("Objects.DateValidation/Page_ISPS2/tooltipReqErrMsg"), 0): Web element with id: 'Object Repository/Objects.DateValidation/Page_ISPS2/tooltipReqErrMsg' located by 'By.xpath: //input[contains(@data-errorqtip, 'required') and @name = 'eotFromDate']' is not present after '30' second(s)

2020-05-12 23:46:35 - [MESSAGE][WARNING] - Timeout '0' is invalid. Using default page load timeout: '30'

2020-05-12 23:46:36 - [MESSAGE][PASSED] - Web element with id: 'Object Repository/Objects.DateValidation/Page_ISPS2/tooltipReqErrMsg' located by 'By.xpath: //input[contains(@data-errorqtip, 'required') and @name = 'eotFromDate']' is not present after '30' second(s)

2020-05-12 23:46:36 - [TEST_STEP][PASSED] - sendKeys(DateFieldNm, Keys.chord(ARROW_LEFT)): Keys 'LEFT + ' sent to object: 'Object Repository/Objects.DateValidation/Page_ISPS2/input__orderDt'

2020-05-12 23:46:36 - [MESSAGE][PASSED] - Keys 'LEFT + ' sent to object: 'Object Repository/Objects.DateValidation/Page_ISPS2/input__orderDt'

2020-05-12 23:46:36 - [TEST_STEP][PASSED] - sendKeys(DateFieldNm, Keys.chord(LEFT_CONTROL, "a")): Keys 'CONTROL + a' sent to object: 'Object Repository/Objects.DateValidation/Page_ISPS2/input__orderDt'

2020-05-12 23:46:36 - [MESSAGE][PASSED] - Keys 'CONTROL + a' sent to object: 'Object Repository/Objects.DateValidation/Page_ISPS2/input__orderDt'

2020-05-12 23:46:36 - [TEST_STEP][PASSED] - sendKeys(DateFieldNm, Keys.chord(BACK_SPACE)): Keys 'BACK_SPACE + ' sent to object: 'Object Repository/Objects.DateValidation/Page_ISPS2/input__orderDt'

2020-05-12 23:46:36 - [MESSAGE][PASSED] - Keys 'BACK_SPACE + ' sent to object: 'Object Repository/Objects.DateValidation/Page_ISPS2/input__orderDt'

2020-05-12 23:46:36 - [TEST_STEP][PASSED] - delay(5): Delayed 5 second(s)

2020-05-12 23:46:41 - [MESSAGE][PASSED] - Delayed 5 second(s)

2020-05-12 23:46:41 - [TEST_STEP][PASSED] - focus(DateFieldNm): Object: 'Object Repository/Objects.DateValidation/Page_ISPS2/input__orderDt' is focused

2020-05-12 23:46:42 - [MESSAGE][PASSED] - Object: 'Object Repository/Objects.DateValidation/Page_ISPS2/input__orderDt' is focused

2020-05-12 23:46:42 - [TEST_STEP][PASSED] - mouseOver(DateFieldNm): Object: 'Object Repository/Objects.DateValidation/Page_ISPS2/input__orderDt' is hovered

2020-05-12 23:46:42 - [MESSAGE][PASSED] - Object: 'Object Repository/Objects.DateValidation/Page_ISPS2/input__orderDt' is hovered

2020-05-12 23:46:42 - [TEST_STEP][PASSED] - getRqErrMsg = getAttribute(DateFieldNm, "data-errorqtip", STOP_ON_FAILURE): Attribute 'data-errorqtip' of object 'Object Repository/Objects.DateValidation/Page_ISPS2/input__orderDt' is: '<ul class="x-list-plain"><li>This field is required</li></ul>'

2020-05-12 23:46:42 - [MESSAGE][PASSED] - Attribute 'data-errorqtip' of object 'Object Repository/Objects.DateValidation/Page_ISPS2/input__orderDt' is: '<ul class="x-list-plain"><li>This field is required</li></ul>'

2020-05-12 23:46:42 - [TEST_STEP][PASSED] - strToolTip = getRqErrMsg.substring(29, 61): null

2020-05-12 23:46:42 - [TEST_STEP][PASSED] - toolTipReqErrMsg = strToolTip.substring(0, 22): null

2020-05-12 23:46:42 - [TEST_STEP][PASSED] - verifyMatch(toolTipReqErrMsg, RqField, true, STOP_ON_FAILURE): Actual text 'This field is required' and expected text 'This field is required' are matched  using regular expression

2020-05-12 23:46:42 - [MESSAGE][PASSED] - Actual text 'This field is required' and expected text 'This field is required' are matched  using regular expression

2020-05-12 23:46:42 - [TEST_STEP][PASSED] - if (PastDtValidation == "Y"): null

2020-05-12 23:46:42 - [TEST_STEP][PASSED] - sendKeys(DateFieldNm, Keys.chord(ARROW_DOWN)): Keys 'DOWN + ' sent to object: 'Object Repository/Objects.DateValidation/Page_ISPS2/input__orderDt'

2020-05-12 23:46:43 - [MESSAGE][PASSED] - Keys 'DOWN + ' sent to object: 'Object Repository/Objects.DateValidation/Page_ISPS2/input__orderDt'

2020-05-12 23:46:43 - [TEST_STEP][PASSED] - com.reusableComponents.HighlightElement.run(TodayBtn): com.reusableComponents.HighlightElement.run is PASSED

2020-05-12 23:46:44 - [MESSAGE][PASSED] - com.reusableComponents.HighlightElement.run is PASSED

2020-05-12 23:46:44 - [TEST_STEP][PASSED] - click(TodayBtn): Object: 'Object Repository/Objects.DateValidation/Page_ISPS2/a_Today' is clicked on

2020-05-12 23:46:44 - [MESSAGE][PASSED] - Object: 'Object Repository/Objects.DateValidation/Page_ISPS2/a_Today' is clicked on

2020-05-12 23:46:44 - [TEST_STEP][PASSED] - GetEnteredDt = getAttribute(DateFieldNm, "value", STOP_ON_FAILURE): Attribute 'value' of object 'Object Repository/Objects.DateValidation/Page_ISPS2/input__orderDt' is: '12/05/2020'

2020-05-12 23:46:44 - [MESSAGE][PASSED] - Attribute 'value' of object 'Object Repository/Objects.DateValidation/Page_ISPS2/input__orderDt' is: '12/05/2020'

2020-05-12 23:46:44 - [TEST_STEP][PASSED] - verifyMatch(GetEnteredDt, TodayDate, true): Actual text '12/05/2020' and expected text '12/05/2020' are matched  using regular expression

2020-05-12 23:46:44 - [MESSAGE][PASSED] - Actual text '12/05/2020' and expected text '12/05/2020' are matched  using regular expression

2020-05-12 23:46:44 - [MESSAGE][PASSED] - Call Test Case 'Test Cases/Components/00_Precision and Scale/DateValidation' successfully

2020-05-12 23:46:44 - [TEST_STEP][PASSED] - callTestCase(findTestCase("Components/00_Precision and Scale/DateValidation"), ["LblNm":"Inspection D2 Compliance Date *:", "FldNm":"d2ComplDt", "index":2, "MinLen":6, "PastDtValidation":"N"], STOP_ON_FAILURE): Call Test Case 'Test Cases/Components/00_Precision and Scale/DateValidation' successfully

2020-05-12 23:46:44 - [TEST_CASE][PASSED] - Test Cases/Components/00_Precision and Scale/DateValidation: Test Cases/Components/00_Precision and Scale/DateValidation

2020-05-12 23:46:44 - [TEST_STEP][PASSED] - Thread.sleep(3000): null

2020-05-12 23:46:47 - [TEST_STEP][PASSED] - date = new java.util.Date(): null

2020-05-12 23:46:47 - [TEST_STEP][PASSED] - CurrentDate = new java.text.SimpleDateFormat(dd/MM/yyyy): null

2020-05-12 23:46:47 - [TEST_STEP][PASSED] - TodayDate = CurrentDate.format(date): null

2020-05-12 23:46:47 - [TEST_STEP][PASSED] - Alphabetic = z).join(): null

2020-05-12 23:46:47 - [TEST_STEP][PASSED] - Numeric = 9).join(): null

2020-05-12 23:46:47 - [TEST_STEP][PASSED] - SpecialChar = "`~!@#$%^&*()-=+_{}|\][;'":,.?><"": null

2020-05-12 23:46:47 - [TEST_STEP][PASSED] - RandomAlpha = RandomStringUtils.random(MinLen, Alphabetic.toCharArray()): null

2020-05-12 23:46:47 - [TEST_STEP][PASSED] - RandomNumeric = RandomStringUtils.random(MinLen, Numeric): null

2020-05-12 23:46:47 - [TEST_STEP][PASSED] - RdmSpChar = RandomStringUtils.random(MinLen, SpecialChar): null

2020-05-12 23:46:47 - [TEST_STEP][PASSED] - NewLblNm = modifyObjectProperty(findTestObject("Objects.DateValidation/Page_ISPS2/label_Name"), "text", "equals", LblNm, true): Modify property of object successfully

2020-05-12 23:46:47 - [MESSAGE][PASSED] - Modify property of object successfully

2020-05-12 23:46:47 - [TEST_STEP][PASSED] - TodayBtn = modifyObjectProperty(findTestObject("Object Repository/Objects.DateValidation/Page_ISPS2/a_Today"), "xpath", "equals", "(//*[text() = 'Today'])[" + index + "]", true): Modify property of object successfully

2020-05-12 23:46:47 - [MESSAGE][PASSED] - Modify property of object successfully

2020-05-12 23:46:47 - [TEST_STEP][PASSED] - com.reusableComponents.HighlightElement.run(NewLblNm): com.reusableComponents.HighlightElement.run is PASSED

2020-05-12 23:46:48 - [MESSAGE][PASSED] - com.reusableComponents.HighlightElement.run is PASSED

2020-05-12 23:46:48 - [TEST_STEP][PASSED] - DateFieldNm = modifyObjectProperty(findTestObject("Object Repository/Objects.DateValidation/Page_ISPS2/input__orderDt"), "name", "equals", FldNm, true): Modify property of object successfully

2020-05-12 23:46:48 - [MESSAGE][PASSED] - Modify property of object successfully

2020-05-12 23:46:48 - [TEST_STEP][PASSED] - com.reusableComponents.HighlightElement.run(DateFieldNm): com.reusableComponents.HighlightElement.run is PASSED

2020-05-12 23:46:49 - [MESSAGE][PASSED] - com.reusableComponents.HighlightElement.run is PASSED

2020-05-12 23:46:49 - [TEST_STEP][PASSED] - focus(DateFieldNm): Object: 'Object Repository/Objects.DateValidation/Page_ISPS2/input__orderDt' is focused

2020-05-12 23:46:49 - [MESSAGE][PASSED] - Object: 'Object Repository/Objects.DateValidation/Page_ISPS2/input__orderDt' is focused

2020-05-12 23:46:49 - [TEST_STEP][PASSED] - DefaultValue = getAttribute(DateFieldNm, "value", STOP_ON_FAILURE): Attribute 'value' of object 'Object Repository/Objects.DateValidation/Page_ISPS2/input__orderDt' is: ''

2020-05-12 23:46:49 - [MESSAGE][PASSED] - Attribute 'value' of object 'Object Repository/Objects.DateValidation/Page_ISPS2/input__orderDt' is: ''

2020-05-12 23:46:49 - [TEST_STEP][PASSED] - verifyMatch(DefaultValue, "", true): Actual text '' and expected text '' are matched  using regular expression

2020-05-12 23:46:49 - [MESSAGE][PASSED] - Actual text '' and expected text '' are matched  using regular expression

2020-05-12 23:46:49 - [TEST_STEP][PASSED] - setText(DateFieldNm, RandomAlpha): Text 'DOYVBl' is set on object 'Object Repository/Objects.DateValidation/Page_ISPS2/input__orderDt'

2020-05-12 23:46:50 - [MESSAGE][PASSED] - Text 'DOYVBl' is set on object 'Object Repository/Objects.DateValidation/Page_ISPS2/input__orderDt'

2020-05-12 23:46:50 - [TEST_STEP][PASSED] - getInputAlpha = getAttribute(DateFieldNm, "value", STOP_ON_FAILURE): Attribute 'value' of object 'Object Repository/Objects.DateValidation/Page_ISPS2/input__orderDt' is: ''

2020-05-12 23:46:50 - [MESSAGE][PASSED] - Attribute 'value' of object 'Object Repository/Objects.DateValidation/Page_ISPS2/input__orderDt' is: ''

2020-05-12 23:46:50 - [TEST_STEP][PASSED] - verifyMatch("", getInputAlpha, true, STOP_ON_FAILURE): Actual text '' and expected text '' are matched  using regular expression

2020-05-12 23:46:50 - [MESSAGE][PASSED] - Actual text '' and expected text '' are matched  using regular expression

2020-05-12 23:46:50 - [TEST_STEP][PASSED] - delay(5): Delayed 5 second(s)

2020-05-12 23:46:55 - [MESSAGE][PASSED] - Delayed 5 second(s)

2020-05-12 23:46:55 - [TEST_STEP][PASSED] - setText(DateFieldNm, RdmSpChar): Text '<&'>}~' is set on object 'Object Repository/Objects.DateValidation/Page_ISPS2/input__orderDt'

2020-05-12 23:46:55 - [MESSAGE][PASSED] - Text '<&'>}~' is set on object 'Object Repository/Objects.DateValidation/Page_ISPS2/input__orderDt'

2020-05-12 23:46:55 - [TEST_STEP][PASSED] - getInputSpecialChar = getAttribute(DateFieldNm, "value", STOP_ON_FAILURE): Attribute 'value' of object 'Object Repository/Objects.DateValidation/Page_ISPS2/input__orderDt' is: ''

2020-05-12 23:46:55 - [MESSAGE][PASSED] - Attribute 'value' of object 'Object Repository/Objects.DateValidation/Page_ISPS2/input__orderDt' is: ''

2020-05-12 23:46:55 - [TEST_STEP][PASSED] - verifyMatch("", getInputSpecialChar, true, STOP_ON_FAILURE): Actual text '' and expected text '' are matched  using regular expression

2020-05-12 23:46:55 - [MESSAGE][PASSED] - Actual text '' and expected text '' are matched  using regular expression

2020-05-12 23:46:55 - [TEST_STEP][PASSED] - delay(5): Delayed 5 second(s)

2020-05-12 23:47:00 - [MESSAGE][PASSED] - Delayed 5 second(s)

2020-05-12 23:47:00 - [TEST_STEP][PASSED] - setText(DateFieldNm, RandomNumeric): Text '698368' is set on object 'Object Repository/Objects.DateValidation/Page_ISPS2/input__orderDt'

2020-05-12 23:47:01 - [MESSAGE][PASSED] - Text '698368' is set on object 'Object Repository/Objects.DateValidation/Page_ISPS2/input__orderDt'

2020-05-12 23:47:01 - [TEST_STEP][PASSED] - getInputInvalidDate = getAttribute(findTestObject("Objects.DateValidation/Page_ISPS2/tooltipErrMsgInvalidDate"), "value", STOP_ON_FAILURE): Attribute 'value' of object 'Object Repository/Objects.DateValidation/Page_ISPS2/tooltipErrMsgInvalidDate' is: '698368'

2020-05-12 23:47:01 - [MESSAGE][PASSED] - Attribute 'value' of object 'Object Repository/Objects.DateValidation/Page_ISPS2/tooltipErrMsgInvalidDate' is: '698368'

2020-05-12 23:47:01 - [TEST_STEP][PASSED] - mouseOver(findTestObject("Objects.DateValidation/Page_ISPS2/tooltipErrMsgInvalidDate"), STOP_ON_FAILURE): Object: 'Object Repository/Objects.DateValidation/Page_ISPS2/tooltipErrMsgInvalidDate' is hovered

2020-05-12 23:47:02 - [MESSAGE][PASSED] - Object: 'Object Repository/Objects.DateValidation/Page_ISPS2/tooltipErrMsgInvalidDate' is hovered

2020-05-12 23:47:02 - [TEST_STEP][PASSED] - getErrMsg = getAttribute(findTestObject("Objects.DateValidation/Page_ISPS2/tooltipErrMsgInvalidDate"), "data-errorqtip", STOP_ON_FAILURE): Attribute 'data-errorqtip' of object 'Object Repository/Objects.DateValidation/Page_ISPS2/tooltipErrMsgInvalidDate' is: '<ul class="x-list-plain"><li>698368 is not a valid date - it must be in the format d/m/Y</li></ul>'

2020-05-12 23:47:02 - [MESSAGE][PASSED] - Attribute 'data-errorqtip' of object 'Object Repository/Objects.DateValidation/Page_ISPS2/tooltipErrMsgInvalidDate' is: '<ul class="x-list-plain"><li>698368 is not a valid date - it must be in the format d/m/Y</li></ul>'

2020-05-12 23:47:02 - [TEST_STEP][PASSED] - if (getErrMsg.contains("Start")): null

2020-05-12 23:47:02 - [TEST_STEP][PASSED] - else: Actual text '698368 is not a valid date - it must be in the format d/m/Y' and expected text '698368 is not a valid date - it must be in the format d/m/Y' are matched  using regular expression

2020-05-12 23:47:02 - [TEST_STEP][PASSED] - getTotalLength = getErrMsg.length(): null

2020-05-12 23:47:02 - [TEST_STEP][PASSED] - RemoveULClass = getErrMsg.substring(29, getTotalLength): null

2020-05-12 23:47:02 - [TEST_STEP][PASSED] - LengthNoUlClass = RemoveULClass.length() - 10: null

2020-05-12 23:47:02 - [TEST_STEP][PASSED] - ToolTipInvErrMsg = RemoveULClass.substring(0, LengthNoUlClass): null

2020-05-12 23:47:02 - [TEST_STEP][PASSED] - ExpectedInvalidErrMsg = concatenate(getInputInvalidDate, " ", NotValidDt): Concatenated string array: '['698368',' ','is not a valid date - it must be in the format d/m/Y']' into '698368 is not a valid date - it must be in the format d/m/Y'

2020-05-12 23:47:02 - [MESSAGE][PASSED] - Concatenated string array: '['698368',' ','is not a valid date - it must be in the format d/m/Y']' into '698368 is not a valid date - it must be in the format d/m/Y'

2020-05-12 23:47:02 - [TEST_STEP][PASSED] - verifyMatch(ToolTipInvErrMsg, ExpectedInvalidErrMsg, true): Actual text '698368 is not a valid date - it must be in the format d/m/Y' and expected text '698368 is not a valid date - it must be in the format d/m/Y' are matched  using regular expression

2020-05-12 23:47:02 - [MESSAGE][PASSED] - Actual text '698368 is not a valid date - it must be in the format d/m/Y' and expected text '698368 is not a valid date - it must be in the format d/m/Y' are matched  using regular expression

2020-05-12 23:47:02 - [TEST_STEP][PASSED] - sendKeys(DateFieldNm, Keys.chord(ARROW_LEFT)): Keys 'LEFT + ' sent to object: 'Object Repository/Objects.DateValidation/Page_ISPS2/input__orderDt'

2020-05-12 23:47:03 - [MESSAGE][PASSED] - Keys 'LEFT + ' sent to object: 'Object Repository/Objects.DateValidation/Page_ISPS2/input__orderDt'

2020-05-12 23:47:03 - [TEST_STEP][PASSED] - sendKeys(DateFieldNm, Keys.chord(LEFT_CONTROL, "a")): Keys 'CONTROL + a' sent to object: 'Object Repository/Objects.DateValidation/Page_ISPS2/input__orderDt'

2020-05-12 23:47:03 - [MESSAGE][PASSED] - Keys 'CONTROL + a' sent to object: 'Object Repository/Objects.DateValidation/Page_ISPS2/input__orderDt'

2020-05-12 23:47:03 - [TEST_STEP][PASSED] - sendKeys(DateFieldNm, Keys.chord(BACK_SPACE)): Keys 'BACK_SPACE + ' sent to object: 'Object Repository/Objects.DateValidation/Page_ISPS2/input__orderDt'

2020-05-12 23:47:03 - [MESSAGE][PASSED] - Keys 'BACK_SPACE + ' sent to object: 'Object Repository/Objects.DateValidation/Page_ISPS2/input__orderDt'

2020-05-12 23:47:03 - [TEST_STEP][PASSED] - delay(5): Delayed 5 second(s)

2020-05-12 23:47:08 - [MESSAGE][PASSED] - Delayed 5 second(s)

2020-05-12 23:47:08 - [TEST_STEP][PASSED] - setText(DateFieldNm, TodayDate): Text '12/05/2020' is set on object 'Object Repository/Objects.DateValidation/Page_ISPS2/input__orderDt'

2020-05-12 23:47:08 - [MESSAGE][PASSED] - Text '12/05/2020' is set on object 'Object Repository/Objects.DateValidation/Page_ISPS2/input__orderDt'

2020-05-12 23:47:08 - [TEST_STEP][PASSED] - verifyElementNotPresent(findTestObject("Objects.DateValidation/Page_ISPS2/tooltipReqErrMsg"), 0): Web element with id: 'Object Repository/Objects.DateValidation/Page_ISPS2/tooltipReqErrMsg' located by 'By.xpath: //input[contains(@data-errorqtip, 'required') and @name = 'eotFromDate']' is not present after '30' second(s)

2020-05-12 23:47:09 - [MESSAGE][WARNING] - Timeout '0' is invalid. Using default page load timeout: '30'

2020-05-12 23:47:09 - [MESSAGE][PASSED] - Web element with id: 'Object Repository/Objects.DateValidation/Page_ISPS2/tooltipReqErrMsg' located by 'By.xpath: //input[contains(@data-errorqtip, 'required') and @name = 'eotFromDate']' is not present after '30' second(s)

2020-05-12 23:47:09 - [TEST_STEP][PASSED] - sendKeys(DateFieldNm, Keys.chord(ARROW_LEFT)): Keys 'LEFT + ' sent to object: 'Object Repository/Objects.DateValidation/Page_ISPS2/input__orderDt'

2020-05-12 23:47:09 - [MESSAGE][PASSED] - Keys 'LEFT + ' sent to object: 'Object Repository/Objects.DateValidation/Page_ISPS2/input__orderDt'

2020-05-12 23:47:09 - [TEST_STEP][PASSED] - sendKeys(DateFieldNm, Keys.chord(LEFT_CONTROL, "a")): Keys 'CONTROL + a' sent to object: 'Object Repository/Objects.DateValidation/Page_ISPS2/input__orderDt'

2020-05-12 23:47:10 - [MESSAGE][PASSED] - Keys 'CONTROL + a' sent to object: 'Object Repository/Objects.DateValidation/Page_ISPS2/input__orderDt'

2020-05-12 23:47:10 - [TEST_STEP][PASSED] - sendKeys(DateFieldNm, Keys.chord(BACK_SPACE)): Keys 'BACK_SPACE + ' sent to object: 'Object Repository/Objects.DateValidation/Page_ISPS2/input__orderDt'

2020-05-12 23:47:10 - [MESSAGE][PASSED] - Keys 'BACK_SPACE + ' sent to object: 'Object Repository/Objects.DateValidation/Page_ISPS2/input__orderDt'

2020-05-12 23:47:10 - [TEST_STEP][PASSED] - delay(5): Delayed 5 second(s)

2020-05-12 23:47:15 - [MESSAGE][PASSED] - Delayed 5 second(s)

2020-05-12 23:47:15 - [TEST_STEP][PASSED] - focus(DateFieldNm): Object: 'Object Repository/Objects.DateValidation/Page_ISPS2/input__orderDt' is focused

2020-05-12 23:47:15 - [MESSAGE][PASSED] - Object: 'Object Repository/Objects.DateValidation/Page_ISPS2/input__orderDt' is focused

2020-05-12 23:47:15 - [TEST_STEP][PASSED] - mouseOver(DateFieldNm): Object: 'Object Repository/Objects.DateValidation/Page_ISPS2/input__orderDt' is hovered

2020-05-12 23:47:15 - [MESSAGE][PASSED] - Object: 'Object Repository/Objects.DateValidation/Page_ISPS2/input__orderDt' is hovered

2020-05-12 23:47:15 - [TEST_STEP][PASSED] - getRqErrMsg = getAttribute(DateFieldNm, "data-errorqtip", STOP_ON_FAILURE): Attribute 'data-errorqtip' of object 'Object Repository/Objects.DateValidation/Page_ISPS2/input__orderDt' is: '<ul class="x-list-plain"><li>This field is required</li></ul>'

2020-05-12 23:47:16 - [MESSAGE][PASSED] - Attribute 'data-errorqtip' of object 'Object Repository/Objects.DateValidation/Page_ISPS2/input__orderDt' is: '<ul class="x-list-plain"><li>This field is required</li></ul>'

2020-05-12 23:47:16 - [TEST_STEP][PASSED] - strToolTip = getRqErrMsg.substring(29, 61): null

2020-05-12 23:47:16 - [TEST_STEP][PASSED] - toolTipReqErrMsg = strToolTip.substring(0, 22): null

2020-05-12 23:47:16 - [TEST_STEP][PASSED] - verifyMatch(toolTipReqErrMsg, RqField, true, STOP_ON_FAILURE): Actual text 'This field is required' and expected text 'This field is required' are matched  using regular expression

2020-05-12 23:47:16 - [MESSAGE][PASSED] - Actual text 'This field is required' and expected text 'This field is required' are matched  using regular expression

2020-05-12 23:47:16 - [TEST_STEP][PASSED] - if (PastDtValidation == "Y"): null

2020-05-12 23:47:16 - [TEST_STEP][PASSED] - sendKeys(DateFieldNm, Keys.chord(ARROW_DOWN)): Keys 'DOWN + ' sent to object: 'Object Repository/Objects.DateValidation/Page_ISPS2/input__orderDt'

2020-05-12 23:47:16 - [MESSAGE][PASSED] - Keys 'DOWN + ' sent to object: 'Object Repository/Objects.DateValidation/Page_ISPS2/input__orderDt'

2020-05-12 23:47:16 - [TEST_STEP][PASSED] - com.reusableComponents.HighlightElement.run(TodayBtn): com.reusableComponents.HighlightElement.run is PASSED

2020-05-12 23:47:17 - [MESSAGE][PASSED] - com.reusableComponents.HighlightElement.run is PASSED

2020-05-12 23:47:17 - [TEST_STEP][PASSED] - click(TodayBtn): Object: 'Object Repository/Objects.DateValidation/Page_ISPS2/a_Today' is clicked on

2020-05-12 23:47:17 - [MESSAGE][PASSED] - Object: 'Object Repository/Objects.DateValidation/Page_ISPS2/a_Today' is clicked on

2020-05-12 23:47:17 - [TEST_STEP][PASSED] - GetEnteredDt = getAttribute(DateFieldNm, "value", STOP_ON_FAILURE): Attribute 'value' of object 'Object Repository/Objects.DateValidation/Page_ISPS2/input__orderDt' is: '12/05/2020'

2020-05-12 23:47:18 - [MESSAGE][PASSED] - Attribute 'value' of object 'Object Repository/Objects.DateValidation/Page_ISPS2/input__orderDt' is: '12/05/2020'

2020-05-12 23:47:18 - [TEST_STEP][PASSED] - verifyMatch(GetEnteredDt, TodayDate, true): Actual text '12/05/2020' and expected text '12/05/2020' are matched  using regular expression

2020-05-12 23:47:18 - [MESSAGE][PASSED] - Actual text '12/05/2020' and expected text '12/05/2020' are matched  using regular expression

2020-05-12 23:47:18 - [MESSAGE][PASSED] - Call Test Case 'Test Cases/Components/00_Precision and Scale/DateValidation' successfully

2020-05-12 23:47:18 - [TEST_STEP][PASSED] - callTestCase(findTestCase("Components/00_Precision and Scale/DateValidation"), ["LblNm":"Inspection D2a Receive Date *:", "FldNm":"d2aRecvDt", "index":3, "MinLen":9, "PastDtValidation":"N"], STOP_ON_FAILURE): Call Test Case 'Test Cases/Components/00_Precision and Scale/DateValidation' successfully

2020-05-12 23:47:18 - [TEST_CASE][PASSED] - Test Cases/Components/00_Precision and Scale/DateValidation: Test Cases/Components/00_Precision and Scale/DateValidation

2020-05-12 23:47:18 - [TEST_STEP][PASSED] - Thread.sleep(3000): null

2020-05-12 23:47:21 - [TEST_STEP][PASSED] - date = new java.util.Date(): null

2020-05-12 23:47:21 - [TEST_STEP][PASSED] - CurrentDate = new java.text.SimpleDateFormat(dd/MM/yyyy): null

2020-05-12 23:47:21 - [TEST_STEP][PASSED] - TodayDate = CurrentDate.format(date): null

2020-05-12 23:47:21 - [TEST_STEP][PASSED] - Alphabetic = z).join(): null

2020-05-12 23:47:21 - [TEST_STEP][PASSED] - Numeric = 9).join(): null

2020-05-12 23:47:21 - [TEST_STEP][PASSED] - SpecialChar = "`~!@#$%^&*()-=+_{}|\][;'":,.?><"": null

2020-05-12 23:47:21 - [TEST_STEP][PASSED] - RandomAlpha = RandomStringUtils.random(MinLen, Alphabetic.toCharArray()): null

2020-05-12 23:47:21 - [TEST_STEP][PASSED] - RandomNumeric = RandomStringUtils.random(MinLen, Numeric): null

2020-05-12 23:47:21 - [TEST_STEP][PASSED] - RdmSpChar = RandomStringUtils.random(MinLen, SpecialChar): null

2020-05-12 23:47:21 - [TEST_STEP][PASSED] - NewLblNm = modifyObjectProperty(findTestObject("Objects.DateValidation/Page_ISPS2/label_Name"), "text", "equals", LblNm, true): Modify property of object successfully

2020-05-12 23:47:21 - [MESSAGE][PASSED] - Modify property of object successfully

2020-05-12 23:47:21 - [TEST_STEP][PASSED] - TodayBtn = modifyObjectProperty(findTestObject("Object Repository/Objects.DateValidation/Page_ISPS2/a_Today"), "xpath", "equals", "(//*[text() = 'Today'])[" + index + "]", true): Modify property of object successfully

2020-05-12 23:47:21 - [MESSAGE][PASSED] - Modify property of object successfully

2020-05-12 23:47:21 - [TEST_STEP][PASSED] - com.reusableComponents.HighlightElement.run(NewLblNm): com.reusableComponents.HighlightElement.run is PASSED

2020-05-12 23:47:21 - [MESSAGE][PASSED] - com.reusableComponents.HighlightElement.run is PASSED

2020-05-12 23:47:21 - [TEST_STEP][PASSED] - DateFieldNm = modifyObjectProperty(findTestObject("Object Repository/Objects.DateValidation/Page_ISPS2/input__orderDt"), "name", "equals", FldNm, true): Modify property of object successfully

2020-05-12 23:47:21 - [MESSAGE][PASSED] - Modify property of object successfully

2020-05-12 23:47:21 - [TEST_STEP][PASSED] - com.reusableComponents.HighlightElement.run(DateFieldNm): com.reusableComponents.HighlightElement.run is PASSED

2020-05-12 23:47:22 - [MESSAGE][PASSED] - com.reusableComponents.HighlightElement.run is PASSED

2020-05-12 23:47:22 - [TEST_STEP][PASSED] - focus(DateFieldNm): Object: 'Object Repository/Objects.DateValidation/Page_ISPS2/input__orderDt' is focused

2020-05-12 23:47:22 - [MESSAGE][PASSED] - Object: 'Object Repository/Objects.DateValidation/Page_ISPS2/input__orderDt' is focused

2020-05-12 23:47:22 - [TEST_STEP][PASSED] - DefaultValue = getAttribute(DateFieldNm, "value", STOP_ON_FAILURE): Attribute 'value' of object 'Object Repository/Objects.DateValidation/Page_ISPS2/input__orderDt' is: ''

2020-05-12 23:47:23 - [MESSAGE][PASSED] - Attribute 'value' of object 'Object Repository/Objects.DateValidation/Page_ISPS2/input__orderDt' is: ''

2020-05-12 23:47:23 - [TEST_STEP][PASSED] - verifyMatch(DefaultValue, "", true): Actual text '' and expected text '' are matched  using regular expression

2020-05-12 23:47:23 - [MESSAGE][PASSED] - Actual text '' and expected text '' are matched  using regular expression

2020-05-12 23:47:23 - [TEST_STEP][PASSED] - setText(DateFieldNm, RandomAlpha): Text 'ulPqXnrXU' is set on object 'Object Repository/Objects.DateValidation/Page_ISPS2/input__orderDt'

2020-05-12 23:47:23 - [MESSAGE][PASSED] - Text 'ulPqXnrXU' is set on object 'Object Repository/Objects.DateValidation/Page_ISPS2/input__orderDt'

2020-05-12 23:47:23 - [TEST_STEP][PASSED] - getInputAlpha = getAttribute(DateFieldNm, "value", STOP_ON_FAILURE): Attribute 'value' of object 'Object Repository/Objects.DateValidation/Page_ISPS2/input__orderDt' is: ''

2020-05-12 23:47:23 - [MESSAGE][PASSED] - Attribute 'value' of object 'Object Repository/Objects.DateValidation/Page_ISPS2/input__orderDt' is: ''

2020-05-12 23:47:23 - [TEST_STEP][PASSED] - verifyMatch("", getInputAlpha, true, STOP_ON_FAILURE): Actual text '' and expected text '' are matched  using regular expression

2020-05-12 23:47:23 - [MESSAGE][PASSED] - Actual text '' and expected text '' are matched  using regular expression

2020-05-12 23:47:23 - [TEST_STEP][PASSED] - delay(5): Delayed 5 second(s)

2020-05-12 23:47:28 - [MESSAGE][PASSED] - Delayed 5 second(s)

2020-05-12 23:47:28 - [TEST_STEP][PASSED] - setText(DateFieldNm, RdmSpChar): Text '}})$!]^\$' is set on object 'Object Repository/Objects.DateValidation/Page_ISPS2/input__orderDt'

2020-05-12 23:47:28 - [MESSAGE][PASSED] - Text '}})$!]^\$' is set on object 'Object Repository/Objects.DateValidation/Page_ISPS2/input__orderDt'

2020-05-12 23:47:28 - [TEST_STEP][PASSED] - getInputSpecialChar = getAttribute(DateFieldNm, "value", STOP_ON_FAILURE): Attribute 'value' of object 'Object Repository/Objects.DateValidation/Page_ISPS2/input__orderDt' is: ''

2020-05-12 23:47:29 - [MESSAGE][PASSED] - Attribute 'value' of object 'Object Repository/Objects.DateValidation/Page_ISPS2/input__orderDt' is: ''

2020-05-12 23:47:29 - [TEST_STEP][PASSED] - verifyMatch("", getInputSpecialChar, true, STOP_ON_FAILURE): Actual text '' and expected text '' are matched  using regular expression

2020-05-12 23:47:29 - [MESSAGE][PASSED] - Actual text '' and expected text '' are matched  using regular expression

2020-05-12 23:47:29 - [TEST_STEP][PASSED] - delay(5): Delayed 5 second(s)

2020-05-12 23:47:34 - [MESSAGE][PASSED] - Delayed 5 second(s)

2020-05-12 23:47:34 - [TEST_STEP][PASSED] - setText(DateFieldNm, RandomNumeric): Text '517216165' is set on object 'Object Repository/Objects.DateValidation/Page_ISPS2/input__orderDt'

2020-05-12 23:47:34 - [MESSAGE][PASSED] - Text '517216165' is set on object 'Object Repository/Objects.DateValidation/Page_ISPS2/input__orderDt'

2020-05-12 23:47:34 - [TEST_STEP][PASSED] - getInputInvalidDate = getAttribute(findTestObject("Objects.DateValidation/Page_ISPS2/tooltipErrMsgInvalidDate"), "value", STOP_ON_FAILURE): Attribute 'value' of object 'Object Repository/Objects.DateValidation/Page_ISPS2/tooltipErrMsgInvalidDate' is: '517216165'

2020-05-12 23:47:34 - [MESSAGE][PASSED] - Attribute 'value' of object 'Object Repository/Objects.DateValidation/Page_ISPS2/tooltipErrMsgInvalidDate' is: '517216165'

2020-05-12 23:47:34 - [TEST_STEP][PASSED] - mouseOver(findTestObject("Objects.DateValidation/Page_ISPS2/tooltipErrMsgInvalidDate"), STOP_ON_FAILURE): Object: 'Object Repository/Objects.DateValidation/Page_ISPS2/tooltipErrMsgInvalidDate' is hovered

2020-05-12 23:47:35 - [MESSAGE][PASSED] - Object: 'Object Repository/Objects.DateValidation/Page_ISPS2/tooltipErrMsgInvalidDate' is hovered

2020-05-12 23:47:35 - [TEST_STEP][PASSED] - getErrMsg = getAttribute(findTestObject("Objects.DateValidation/Page_ISPS2/tooltipErrMsgInvalidDate"), "data-errorqtip", STOP_ON_FAILURE): Attribute 'data-errorqtip' of object 'Object Repository/Objects.DateValidation/Page_ISPS2/tooltipErrMsgInvalidDate' is: '<ul class="x-list-plain"><li>517216165 is not a valid date - it must be in the format d/m/Y</li></ul>'

2020-05-12 23:47:35 - [MESSAGE][PASSED] - Attribute 'data-errorqtip' of object 'Object Repository/Objects.DateValidation/Page_ISPS2/tooltipErrMsgInvalidDate' is: '<ul class="x-list-plain"><li>517216165 is not a valid date - it must be in the format d/m/Y</li></ul>'

2020-05-12 23:47:35 - [TEST_STEP][PASSED] - if (getErrMsg.contains("Start")): null

2020-05-12 23:47:35 - [TEST_STEP][PASSED] - else: Actual text '517216165 is not a valid date - it must be in the format d/m/Y' and expected text '517216165 is not a valid date - it must be in the format d/m/Y' are matched  using regular expression

2020-05-12 23:47:35 - [TEST_STEP][PASSED] - getTotalLength = getErrMsg.length(): null

2020-05-12 23:47:35 - [TEST_STEP][PASSED] - RemoveULClass = getErrMsg.substring(29, getTotalLength): null

2020-05-12 23:47:35 - [TEST_STEP][PASSED] - LengthNoUlClass = RemoveULClass.length() - 10: null

2020-05-12 23:47:35 - [TEST_STEP][PASSED] - ToolTipInvErrMsg = RemoveULClass.substring(0, LengthNoUlClass): null

2020-05-12 23:47:35 - [TEST_STEP][PASSED] - ExpectedInvalidErrMsg = concatenate(getInputInvalidDate, " ", NotValidDt): Concatenated string array: '['517216165',' ','is not a valid date - it must be in the format d/m/Y']' into '517216165 is not a valid date - it must be in the format d/m/Y'

2020-05-12 23:47:35 - [MESSAGE][PASSED] - Concatenated string array: '['517216165',' ','is not a valid date - it must be in the format d/m/Y']' into '517216165 is not a valid date - it must be in the format d/m/Y'

2020-05-12 23:47:35 - [TEST_STEP][PASSED] - verifyMatch(ToolTipInvErrMsg, ExpectedInvalidErrMsg, true): Actual text '517216165 is not a valid date - it must be in the format d/m/Y' and expected text '517216165 is not a valid date - it must be in the format d/m/Y' are matched  using regular expression

2020-05-12 23:47:35 - [MESSAGE][PASSED] - Actual text '517216165 is not a valid date - it must be in the format d/m/Y' and expected text '517216165 is not a valid date - it must be in the format d/m/Y' are matched  using regular expression

2020-05-12 23:47:35 - [TEST_STEP][PASSED] - sendKeys(DateFieldNm, Keys.chord(ARROW_LEFT)): Keys 'LEFT + ' sent to object: 'Object Repository/Objects.DateValidation/Page_ISPS2/input__orderDt'

2020-05-12 23:47:36 - [MESSAGE][PASSED] - Keys 'LEFT + ' sent to object: 'Object Repository/Objects.DateValidation/Page_ISPS2/input__orderDt'

2020-05-12 23:47:36 - [TEST_STEP][PASSED] - sendKeys(DateFieldNm, Keys.chord(LEFT_CONTROL, "a")): Keys 'CONTROL + a' sent to object: 'Object Repository/Objects.DateValidation/Page_ISPS2/input__orderDt'

2020-05-12 23:47:36 - [MESSAGE][PASSED] - Keys 'CONTROL + a' sent to object: 'Object Repository/Objects.DateValidation/Page_ISPS2/input__orderDt'

2020-05-12 23:47:36 - [TEST_STEP][PASSED] - sendKeys(DateFieldNm, Keys.chord(BACK_SPACE)): Keys 'BACK_SPACE + ' sent to object: 'Object Repository/Objects.DateValidation/Page_ISPS2/input__orderDt'

2020-05-12 23:47:36 - [MESSAGE][PASSED] - Keys 'BACK_SPACE + ' sent to object: 'Object Repository/Objects.DateValidation/Page_ISPS2/input__orderDt'

2020-05-12 23:47:36 - [TEST_STEP][PASSED] - delay(5): Delayed 5 second(s)

2020-05-12 23:47:41 - [MESSAGE][PASSED] - Delayed 5 second(s)

2020-05-12 23:47:41 - [TEST_STEP][PASSED] - setText(DateFieldNm, TodayDate): Text '12/05/2020' is set on object 'Object Repository/Objects.DateValidation/Page_ISPS2/input__orderDt'

2020-05-12 23:47:42 - [MESSAGE][PASSED] - Text '12/05/2020' is set on object 'Object Repository/Objects.DateValidation/Page_ISPS2/input__orderDt'

2020-05-12 23:47:42 - [TEST_STEP][PASSED] - verifyElementNotPresent(findTestObject("Objects.DateValidation/Page_ISPS2/tooltipReqErrMsg"), 0): Web element with id: 'Object Repository/Objects.DateValidation/Page_ISPS2/tooltipReqErrMsg' located by 'By.xpath: //input[contains(@data-errorqtip, 'required') and @name = 'eotFromDate']' is not present after '30' second(s)

2020-05-12 23:47:42 - [MESSAGE][WARNING] - Timeout '0' is invalid. Using default page load timeout: '30'

2020-05-12 23:47:42 - [MESSAGE][PASSED] - Web element with id: 'Object Repository/Objects.DateValidation/Page_ISPS2/tooltipReqErrMsg' located by 'By.xpath: //input[contains(@data-errorqtip, 'required') and @name = 'eotFromDate']' is not present after '30' second(s)

2020-05-12 23:47:42 - [TEST_STEP][PASSED] - sendKeys(DateFieldNm, Keys.chord(ARROW_LEFT)): Keys 'LEFT + ' sent to object: 'Object Repository/Objects.DateValidation/Page_ISPS2/input__orderDt'

2020-05-12 23:47:42 - [MESSAGE][PASSED] - Keys 'LEFT + ' sent to object: 'Object Repository/Objects.DateValidation/Page_ISPS2/input__orderDt'

2020-05-12 23:47:42 - [TEST_STEP][PASSED] - sendKeys(DateFieldNm, Keys.chord(LEFT_CONTROL, "a")): Keys 'CONTROL + a' sent to object: 'Object Repository/Objects.DateValidation/Page_ISPS2/input__orderDt'

2020-05-12 23:47:43 - [MESSAGE][PASSED] - Keys 'CONTROL + a' sent to object: 'Object Repository/Objects.DateValidation/Page_ISPS2/input__orderDt'

2020-05-12 23:47:43 - [TEST_STEP][PASSED] - sendKeys(DateFieldNm, Keys.chord(BACK_SPACE)): Keys 'BACK_SPACE + ' sent to object: 'Object Repository/Objects.DateValidation/Page_ISPS2/input__orderDt'

2020-05-12 23:47:43 - [MESSAGE][PASSED] - Keys 'BACK_SPACE + ' sent to object: 'Object Repository/Objects.DateValidation/Page_ISPS2/input__orderDt'

2020-05-12 23:47:43 - [TEST_STEP][PASSED] - delay(5): Delayed 5 second(s)

2020-05-12 23:47:48 - [MESSAGE][PASSED] - Delayed 5 second(s)

2020-05-12 23:47:48 - [TEST_STEP][PASSED] - focus(DateFieldNm): Object: 'Object Repository/Objects.DateValidation/Page_ISPS2/input__orderDt' is focused

2020-05-12 23:47:48 - [MESSAGE][PASSED] - Object: 'Object Repository/Objects.DateValidation/Page_ISPS2/input__orderDt' is focused

2020-05-12 23:47:48 - [TEST_STEP][PASSED] - mouseOver(DateFieldNm): Object: 'Object Repository/Objects.DateValidation/Page_ISPS2/input__orderDt' is hovered

2020-05-12 23:47:49 - [MESSAGE][PASSED] - Object: 'Object Repository/Objects.DateValidation/Page_ISPS2/input__orderDt' is hovered

2020-05-12 23:47:49 - [TEST_STEP][PASSED] - getRqErrMsg = getAttribute(DateFieldNm, "data-errorqtip", STOP_ON_FAILURE): Attribute 'data-errorqtip' of object 'Object Repository/Objects.DateValidation/Page_ISPS2/input__orderDt' is: '<ul class="x-list-plain"><li>This field is required</li></ul>'

2020-05-12 23:47:49 - [MESSAGE][PASSED] - Attribute 'data-errorqtip' of object 'Object Repository/Objects.DateValidation/Page_ISPS2/input__orderDt' is: '<ul class="x-list-plain"><li>This field is required</li></ul>'

2020-05-12 23:47:49 - [TEST_STEP][PASSED] - strToolTip = getRqErrMsg.substring(29, 61): null

2020-05-12 23:47:49 - [TEST_STEP][PASSED] - toolTipReqErrMsg = strToolTip.substring(0, 22): null

2020-05-12 23:47:49 - [TEST_STEP][PASSED] - verifyMatch(toolTipReqErrMsg, RqField, true, STOP_ON_FAILURE): Actual text 'This field is required' and expected text 'This field is required' are matched  using regular expression

2020-05-12 23:47:49 - [MESSAGE][PASSED] - Actual text 'This field is required' and expected text 'This field is required' are matched  using regular expression

2020-05-12 23:47:49 - [TEST_STEP][PASSED] - if (PastDtValidation == "Y"): null

2020-05-12 23:47:49 - [TEST_STEP][PASSED] - sendKeys(DateFieldNm, Keys.chord(ARROW_DOWN)): Keys 'DOWN + ' sent to object: 'Object Repository/Objects.DateValidation/Page_ISPS2/input__orderDt'

2020-05-12 23:47:49 - [MESSAGE][PASSED] - Keys 'DOWN + ' sent to object: 'Object Repository/Objects.DateValidation/Page_ISPS2/input__orderDt'

2020-05-12 23:47:49 - [TEST_STEP][PASSED] - com.reusableComponents.HighlightElement.run(TodayBtn): com.reusableComponents.HighlightElement.run is PASSED

2020-05-12 23:47:50 - [MESSAGE][PASSED] - com.reusableComponents.HighlightElement.run is PASSED

2020-05-12 23:47:50 - [TEST_STEP][PASSED] - click(TodayBtn): Object: 'Object Repository/Objects.DateValidation/Page_ISPS2/a_Today' is clicked on

2020-05-12 23:47:50 - [MESSAGE][PASSED] - Object: 'Object Repository/Objects.DateValidation/Page_ISPS2/a_Today' is clicked on

2020-05-12 23:47:50 - [TEST_STEP][PASSED] - GetEnteredDt = getAttribute(DateFieldNm, "value", STOP_ON_FAILURE): Attribute 'value' of object 'Object Repository/Objects.DateValidation/Page_ISPS2/input__orderDt' is: '12/05/2020'

2020-05-12 23:47:51 - [MESSAGE][PASSED] - Attribute 'value' of object 'Object Repository/Objects.DateValidation/Page_ISPS2/input__orderDt' is: '12/05/2020'

2020-05-12 23:47:51 - [TEST_STEP][PASSED] - verifyMatch(GetEnteredDt, TodayDate, true): Actual text '12/05/2020' and expected text '12/05/2020' are matched  using regular expression

2020-05-12 23:47:51 - [MESSAGE][PASSED] - Actual text '12/05/2020' and expected text '12/05/2020' are matched  using regular expression

2020-05-12 23:47:51 - [MESSAGE][PASSED] - Call Test Case 'Test Cases/Components/00_Precision and Scale/DateValidation' successfully

2020-05-12 23:47:51 - [TEST_STEP][PASSED] - callTestCase(findTestCase("Components/00_Precision and Scale/DateValidation"), ["LblNm":"Inspection D2a Compliance Date *:", "FldNm":"d2aComplDt", "index":4, "MinLen":12, "PastDtValidation":"N"], STOP_ON_FAILURE): Call Test Case 'Test Cases/Components/00_Precision and Scale/DateValidation' successfully

2020-05-12 23:47:51 - [TEST_CASE][PASSED] - Test Cases/Components/00_Precision and Scale/DateValidation: Test Cases/Components/00_Precision and Scale/DateValidation

2020-05-12 23:47:51 - [TEST_STEP][PASSED] - Thread.sleep(3000): null

2020-05-12 23:47:54 - [TEST_STEP][PASSED] - date = new java.util.Date(): null

2020-05-12 23:47:54 - [TEST_STEP][PASSED] - CurrentDate = new java.text.SimpleDateFormat(dd/MM/yyyy): null

2020-05-12 23:47:54 - [TEST_STEP][PASSED] - TodayDate = CurrentDate.format(date): null

2020-05-12 23:47:54 - [TEST_STEP][PASSED] - Alphabetic = z).join(): null

2020-05-12 23:47:54 - [TEST_STEP][PASSED] - Numeric = 9).join(): null

2020-05-12 23:47:54 - [TEST_STEP][PASSED] - SpecialChar = "`~!@#$%^&*()-=+_{}|\][;'":,.?><"": null

2020-05-12 23:47:54 - [TEST_STEP][PASSED] - RandomAlpha = RandomStringUtils.random(MinLen, Alphabetic.toCharArray()): null

2020-05-12 23:47:54 - [TEST_STEP][PASSED] - RandomNumeric = RandomStringUtils.random(MinLen, Numeric): null

2020-05-12 23:47:54 - [TEST_STEP][PASSED] - RdmSpChar = RandomStringUtils.random(MinLen, SpecialChar): null

2020-05-12 23:47:54 - [TEST_STEP][PASSED] - NewLblNm = modifyObjectProperty(findTestObject("Objects.DateValidation/Page_ISPS2/label_Name"), "text", "equals", LblNm, true): Modify property of object successfully

2020-05-12 23:47:54 - [MESSAGE][PASSED] - Modify property of object successfully

2020-05-12 23:47:54 - [TEST_STEP][PASSED] - TodayBtn = modifyObjectProperty(findTestObject("Object Repository/Objects.DateValidation/Page_ISPS2/a_Today"), "xpath", "equals", "(//*[text() = 'Today'])[" + index + "]", true): Modify property of object successfully

2020-05-12 23:47:54 - [MESSAGE][PASSED] - Modify property of object successfully

2020-05-12 23:47:54 - [TEST_STEP][PASSED] - com.reusableComponents.HighlightElement.run(NewLblNm): com.reusableComponents.HighlightElement.run is PASSED

2020-05-12 23:47:54 - [MESSAGE][PASSED] - com.reusableComponents.HighlightElement.run is PASSED

2020-05-12 23:47:54 - [TEST_STEP][PASSED] - DateFieldNm = modifyObjectProperty(findTestObject("Object Repository/Objects.DateValidation/Page_ISPS2/input__orderDt"), "name", "equals", FldNm, true): Modify property of object successfully

2020-05-12 23:47:55 - [MESSAGE][PASSED] - Modify property of object successfully

2020-05-12 23:47:55 - [TEST_STEP][PASSED] - com.reusableComponents.HighlightElement.run(DateFieldNm): com.reusableComponents.HighlightElement.run is PASSED

2020-05-12 23:47:55 - [MESSAGE][PASSED] - com.reusableComponents.HighlightElement.run is PASSED

2020-05-12 23:47:55 - [TEST_STEP][PASSED] - focus(DateFieldNm): Object: 'Object Repository/Objects.DateValidation/Page_ISPS2/input__orderDt' is focused

2020-05-12 23:47:55 - [MESSAGE][PASSED] - Object: 'Object Repository/Objects.DateValidation/Page_ISPS2/input__orderDt' is focused

2020-05-12 23:47:55 - [TEST_STEP][PASSED] - DefaultValue = getAttribute(DateFieldNm, "value", STOP_ON_FAILURE): Attribute 'value' of object 'Object Repository/Objects.DateValidation/Page_ISPS2/input__orderDt' is: ''

2020-05-12 23:47:56 - [MESSAGE][PASSED] - Attribute 'value' of object 'Object Repository/Objects.DateValidation/Page_ISPS2/input__orderDt' is: ''

2020-05-12 23:47:56 - [TEST_STEP][PASSED] - verifyMatch(DefaultValue, "", true): Actual text '' and expected text '' are matched  using regular expression

2020-05-12 23:47:56 - [MESSAGE][PASSED] - Actual text '' and expected text '' are matched  using regular expression

2020-05-12 23:47:56 - [TEST_STEP][PASSED] - setText(DateFieldNm, RandomAlpha): Text 'wHkNQQWBfdZG' is set on object 'Object Repository/Objects.DateValidation/Page_ISPS2/input__orderDt'

2020-05-12 23:47:56 - [MESSAGE][PASSED] - Text 'wHkNQQWBfdZG' is set on object 'Object Repository/Objects.DateValidation/Page_ISPS2/input__orderDt'

2020-05-12 23:47:56 - [TEST_STEP][PASSED] - getInputAlpha = getAttribute(DateFieldNm, "value", STOP_ON_FAILURE): Attribute 'value' of object 'Object Repository/Objects.DateValidation/Page_ISPS2/input__orderDt' is: ''

2020-05-12 23:47:56 - [MESSAGE][PASSED] - Attribute 'value' of object 'Object Repository/Objects.DateValidation/Page_ISPS2/input__orderDt' is: ''

2020-05-12 23:47:56 - [TEST_STEP][PASSED] - verifyMatch("", getInputAlpha, true, STOP_ON_FAILURE): Actual text '' and expected text '' are matched  using regular expression

2020-05-12 23:47:56 - [MESSAGE][PASSED] - Actual text '' and expected text '' are matched  using regular expression

2020-05-12 23:47:56 - [TEST_STEP][PASSED] - delay(5): Delayed 5 second(s)

2020-05-12 23:48:01 - [MESSAGE][PASSED] - Delayed 5 second(s)

2020-05-12 23:48:01 - [TEST_STEP][PASSED] - setText(DateFieldNm, RdmSpChar): Text '^|$#);<'|}";' is set on object 'Object Repository/Objects.DateValidation/Page_ISPS2/input__orderDt'

2020-05-12 23:48:01 - [MESSAGE][PASSED] - Text '^|$#);<'|}";' is set on object 'Object Repository/Objects.DateValidation/Page_ISPS2/input__orderDt'

2020-05-12 23:48:01 - [TEST_STEP][PASSED] - getInputSpecialChar = getAttribute(DateFieldNm, "value", STOP_ON_FAILURE): Attribute 'value' of object 'Object Repository/Objects.DateValidation/Page_ISPS2/input__orderDt' is: ''

2020-05-12 23:48:02 - [MESSAGE][PASSED] - Attribute 'value' of object 'Object Repository/Objects.DateValidation/Page_ISPS2/input__orderDt' is: ''

2020-05-12 23:48:02 - [TEST_STEP][PASSED] - verifyMatch("", getInputSpecialChar, true, STOP_ON_FAILURE): Actual text '' and expected text '' are matched  using regular expression

2020-05-12 23:48:02 - [MESSAGE][PASSED] - Actual text '' and expected text '' are matched  using regular expression

2020-05-12 23:48:02 - [TEST_STEP][PASSED] - delay(5): Delayed 5 second(s)

2020-05-12 23:48:07 - [MESSAGE][PASSED] - Delayed 5 second(s)

2020-05-12 23:48:07 - [TEST_STEP][PASSED] - setText(DateFieldNm, RandomNumeric): Text '820300491528' is set on object 'Object Repository/Objects.DateValidation/Page_ISPS2/input__orderDt'

2020-05-12 23:48:07 - [MESSAGE][PASSED] - Text '820300491528' is set on object 'Object Repository/Objects.DateValidation/Page_ISPS2/input__orderDt'

2020-05-12 23:48:07 - [TEST_STEP][PASSED] - getInputInvalidDate = getAttribute(findTestObject("Objects.DateValidation/Page_ISPS2/tooltipErrMsgInvalidDate"), "value", STOP_ON_FAILURE): Attribute 'value' of object 'Object Repository/Objects.DateValidation/Page_ISPS2/tooltipErrMsgInvalidDate' is: '820300491528'

2020-05-12 23:48:08 - [MESSAGE][PASSED] - Attribute 'value' of object 'Object Repository/Objects.DateValidation/Page_ISPS2/tooltipErrMsgInvalidDate' is: '820300491528'

2020-05-12 23:48:08 - [TEST_STEP][PASSED] - mouseOver(findTestObject("Objects.DateValidation/Page_ISPS2/tooltipErrMsgInvalidDate"), STOP_ON_FAILURE): Object: 'Object Repository/Objects.DateValidation/Page_ISPS2/tooltipErrMsgInvalidDate' is hovered

2020-05-12 23:48:08 - [MESSAGE][PASSED] - Object: 'Object Repository/Objects.DateValidation/Page_ISPS2/tooltipErrMsgInvalidDate' is hovered

2020-05-12 23:48:08 - [TEST_STEP][PASSED] - getErrMsg = getAttribute(findTestObject("Objects.DateValidation/Page_ISPS2/tooltipErrMsgInvalidDate"), "data-errorqtip", STOP_ON_FAILURE): Attribute 'data-errorqtip' of object 'Object Repository/Objects.DateValidation/Page_ISPS2/tooltipErrMsgInvalidDate' is: '<ul class="x-list-plain"><li>820300491528 is not a valid date - it must be in the format d/m/Y</li></ul>'

2020-05-12 23:48:08 - [MESSAGE][PASSED] - Attribute 'data-errorqtip' of object 'Object Repository/Objects.DateValidation/Page_ISPS2/tooltipErrMsgInvalidDate' is: '<ul class="x-list-plain"><li>820300491528 is not a valid date - it must be in the format d/m/Y</li></ul>'

2020-05-12 23:48:08 - [TEST_STEP][PASSED] - if (getErrMsg.contains("Start")): null

2020-05-12 23:48:08 - [TEST_STEP][PASSED] - else: Actual text '820300491528 is not a valid date - it must be in the format d/m/Y' and expected text '820300491528 is not a valid date - it must be in the format d/m/Y' are matched  using regular expression

2020-05-12 23:48:08 - [TEST_STEP][PASSED] - getTotalLength = getErrMsg.length(): null

2020-05-12 23:48:08 - [TEST_STEP][PASSED] - RemoveULClass = getErrMsg.substring(29, getTotalLength): null

2020-05-12 23:48:08 - [TEST_STEP][PASSED] - LengthNoUlClass = RemoveULClass.length() - 10: null

2020-05-12 23:48:08 - [TEST_STEP][PASSED] - ToolTipInvErrMsg = RemoveULClass.substring(0, LengthNoUlClass): null

2020-05-12 23:48:08 - [TEST_STEP][PASSED] - ExpectedInvalidErrMsg = concatenate(getInputInvalidDate, " ", NotValidDt): Concatenated string array: '['820300491528',' ','is not a valid date - it must be in the format d/m/Y']' into '820300491528 is not a valid date - it must be in the format d/m/Y'

2020-05-12 23:48:08 - [MESSAGE][PASSED] - Concatenated string array: '['820300491528',' ','is not a valid date - it must be in the format d/m/Y']' into '820300491528 is not a valid date - it must be in the format d/m/Y'

2020-05-12 23:48:08 - [TEST_STEP][PASSED] - verifyMatch(ToolTipInvErrMsg, ExpectedInvalidErrMsg, true): Actual text '820300491528 is not a valid date - it must be in the format d/m/Y' and expected text '820300491528 is not a valid date - it must be in the format d/m/Y' are matched  using regular expression

2020-05-12 23:48:08 - [MESSAGE][PASSED] - Actual text '820300491528 is not a valid date - it must be in the format d/m/Y' and expected text '820300491528 is not a valid date - it must be in the format d/m/Y' are matched  using regular expression

2020-05-12 23:48:08 - [TEST_STEP][PASSED] - sendKeys(DateFieldNm, Keys.chord(ARROW_LEFT)): Keys 'LEFT + ' sent to object: 'Object Repository/Objects.DateValidation/Page_ISPS2/input__orderDt'

2020-05-12 23:48:09 - [MESSAGE][PASSED] - Keys 'LEFT + ' sent to object: 'Object Repository/Objects.DateValidation/Page_ISPS2/input__orderDt'

2020-05-12 23:48:09 - [TEST_STEP][PASSED] - sendKeys(DateFieldNm, Keys.chord(LEFT_CONTROL, "a")): Keys 'CONTROL + a' sent to object: 'Object Repository/Objects.DateValidation/Page_ISPS2/input__orderDt'

2020-05-12 23:48:09 - [MESSAGE][PASSED] - Keys 'CONTROL + a' sent to object: 'Object Repository/Objects.DateValidation/Page_ISPS2/input__orderDt'

2020-05-12 23:48:09 - [TEST_STEP][PASSED] - sendKeys(DateFieldNm, Keys.chord(BACK_SPACE)): Keys 'BACK_SPACE + ' sent to object: 'Object Repository/Objects.DateValidation/Page_ISPS2/input__orderDt'

2020-05-12 23:48:10 - [MESSAGE][PASSED] - Keys 'BACK_SPACE + ' sent to object: 'Object Repository/Objects.DateValidation/Page_ISPS2/input__orderDt'

2020-05-12 23:48:10 - [TEST_STEP][PASSED] - delay(5): Delayed 5 second(s)

2020-05-12 23:48:15 - [MESSAGE][PASSED] - Delayed 5 second(s)

2020-05-12 23:48:15 - [TEST_STEP][PASSED] - setText(DateFieldNm, TodayDate): Text '12/05/2020' is set on object 'Object Repository/Objects.DateValidation/Page_ISPS2/input__orderDt'

2020-05-12 23:48:15 - [MESSAGE][PASSED] - Text '12/05/2020' is set on object 'Object Repository/Objects.DateValidation/Page_ISPS2/input__orderDt'

2020-05-12 23:48:15 - [TEST_STEP][PASSED] - verifyElementNotPresent(findTestObject("Objects.DateValidation/Page_ISPS2/tooltipReqErrMsg"), 0): Web element with id: 'Object Repository/Objects.DateValidation/Page_ISPS2/tooltipReqErrMsg' located by 'By.xpath: //input[contains(@data-errorqtip, 'required') and @name = 'eotFromDate']' is not present after '30' second(s)

2020-05-12 23:48:15 - [MESSAGE][WARNING] - Timeout '0' is invalid. Using default page load timeout: '30'

2020-05-12 23:48:15 - [MESSAGE][PASSED] - Web element with id: 'Object Repository/Objects.DateValidation/Page_ISPS2/tooltipReqErrMsg' located by 'By.xpath: //input[contains(@data-errorqtip, 'required') and @name = 'eotFromDate']' is not present after '30' second(s)

2020-05-12 23:48:15 - [TEST_STEP][PASSED] - sendKeys(DateFieldNm, Keys.chord(ARROW_LEFT)): Keys 'LEFT + ' sent to object: 'Object Repository/Objects.DateValidation/Page_ISPS2/input__orderDt'

2020-05-12 23:48:16 - [MESSAGE][PASSED] - Keys 'LEFT + ' sent to object: 'Object Repository/Objects.DateValidation/Page_ISPS2/input__orderDt'

2020-05-12 23:48:16 - [TEST_STEP][PASSED] - sendKeys(DateFieldNm, Keys.chord(LEFT_CONTROL, "a")): Keys 'CONTROL + a' sent to object: 'Object Repository/Objects.DateValidation/Page_ISPS2/input__orderDt'

2020-05-12 23:48:16 - [MESSAGE][PASSED] - Keys 'CONTROL + a' sent to object: 'Object Repository/Objects.DateValidation/Page_ISPS2/input__orderDt'

2020-05-12 23:48:16 - [TEST_STEP][PASSED] - sendKeys(DateFieldNm, Keys.chord(BACK_SPACE)): Keys 'BACK_SPACE + ' sent to object: 'Object Repository/Objects.DateValidation/Page_ISPS2/input__orderDt'

2020-05-12 23:48:16 - [MESSAGE][PASSED] - Keys 'BACK_SPACE + ' sent to object: 'Object Repository/Objects.DateValidation/Page_ISPS2/input__orderDt'

2020-05-12 23:48:16 - [TEST_STEP][PASSED] - delay(5): Delayed 5 second(s)

2020-05-12 23:48:21 - [MESSAGE][PASSED] - Delayed 5 second(s)

2020-05-12 23:48:21 - [TEST_STEP][PASSED] - focus(DateFieldNm): Object: 'Object Repository/Objects.DateValidation/Page_ISPS2/input__orderDt' is focused

2020-05-12 23:48:21 - [MESSAGE][PASSED] - Object: 'Object Repository/Objects.DateValidation/Page_ISPS2/input__orderDt' is focused

2020-05-12 23:48:21 - [TEST_STEP][PASSED] - mouseOver(DateFieldNm): Object: 'Object Repository/Objects.DateValidation/Page_ISPS2/input__orderDt' is hovered

2020-05-12 23:48:22 - [MESSAGE][PASSED] - Object: 'Object Repository/Objects.DateValidation/Page_ISPS2/input__orderDt' is hovered

2020-05-12 23:48:22 - [TEST_STEP][PASSED] - getRqErrMsg = getAttribute(DateFieldNm, "data-errorqtip", STOP_ON_FAILURE): Attribute 'data-errorqtip' of object 'Object Repository/Objects.DateValidation/Page_ISPS2/input__orderDt' is: '<ul class="x-list-plain"><li>This field is required</li></ul>'

2020-05-12 23:48:22 - [MESSAGE][PASSED] - Attribute 'data-errorqtip' of object 'Object Repository/Objects.DateValidation/Page_ISPS2/input__orderDt' is: '<ul class="x-list-plain"><li>This field is required</li></ul>'

2020-05-12 23:48:22 - [TEST_STEP][PASSED] - strToolTip = getRqErrMsg.substring(29, 61): null

2020-05-12 23:48:22 - [TEST_STEP][PASSED] - toolTipReqErrMsg = strToolTip.substring(0, 22): null

2020-05-12 23:48:22 - [TEST_STEP][PASSED] - verifyMatch(toolTipReqErrMsg, RqField, true, STOP_ON_FAILURE): Actual text 'This field is required' and expected text 'This field is required' are matched  using regular expression

2020-05-12 23:48:22 - [MESSAGE][PASSED] - Actual text 'This field is required' and expected text 'This field is required' are matched  using regular expression

2020-05-12 23:48:22 - [TEST_STEP][PASSED] - if (PastDtValidation == "Y"): null

2020-05-12 23:48:22 - [TEST_STEP][PASSED] - sendKeys(DateFieldNm, Keys.chord(ARROW_DOWN)): Keys 'DOWN + ' sent to object: 'Object Repository/Objects.DateValidation/Page_ISPS2/input__orderDt'

2020-05-12 23:48:22 - [MESSAGE][PASSED] - Keys 'DOWN + ' sent to object: 'Object Repository/Objects.DateValidation/Page_ISPS2/input__orderDt'

2020-05-12 23:48:22 - [TEST_STEP][PASSED] - com.reusableComponents.HighlightElement.run(TodayBtn): com.reusableComponents.HighlightElement.run is PASSED

2020-05-12 23:48:23 - [MESSAGE][PASSED] - com.reusableComponents.HighlightElement.run is PASSED

2020-05-12 23:48:23 - [TEST_STEP][PASSED] - click(TodayBtn): Object: 'Object Repository/Objects.DateValidation/Page_ISPS2/a_Today' is clicked on

2020-05-12 23:48:23 - [MESSAGE][PASSED] - Object: 'Object Repository/Objects.DateValidation/Page_ISPS2/a_Today' is clicked on

2020-05-12 23:48:23 - [TEST_STEP][PASSED] - GetEnteredDt = getAttribute(DateFieldNm, "value", STOP_ON_FAILURE): Attribute 'value' of object 'Object Repository/Objects.DateValidation/Page_ISPS2/input__orderDt' is: '12/05/2020'

2020-05-12 23:48:24 - [MESSAGE][PASSED] - Attribute 'value' of object 'Object Repository/Objects.DateValidation/Page_ISPS2/input__orderDt' is: '12/05/2020'

2020-05-12 23:48:24 - [TEST_STEP][PASSED] - verifyMatch(GetEnteredDt, TodayDate, true): Actual text '12/05/2020' and expected text '12/05/2020' are matched  using regular expression

2020-05-12 23:48:24 - [MESSAGE][PASSED] - Actual text '12/05/2020' and expected text '12/05/2020' are matched  using regular expression

2020-05-12 23:48:24 - [MESSAGE][PASSED] - Call Test Case 'Test Cases/Components/00_Precision and Scale/DateValidation' successfully

2020-05-12 23:48:24 - [TEST_STEP][PASSED] - callTestCase(findTestCase("Components/00_Precision and Scale/PEValidation"), ["LblNm":"PE Reference No *:", "FldNm":"peRegNbr", "EnterInvalidPE":"Zh&2", "PEEnabled":"Y", "PEName":"N", "RqdField":"Y", ... ], STOP_ON_FAILURE): Call Test Case 'Test Cases/Components/00_Precision and Scale/PEValidation' successfully

2020-05-12 23:48:24 - [TEST_CASE][PASSED] - Test Cases/Components/00_Precision and Scale/PEValidation: Test Cases/Components/00_Precision and Scale/PEValidation

2020-05-12 23:48:24 - [TEST_STEP][PASSED] - Thread.sleep(3000): null

2020-05-12 23:48:27 - [TEST_STEP][PASSED] - PEList = ["1002":"Dummy PE", "6789":"Test Name 1", "1140":"Test new", "1596":"Dummy QP", "1567":"TAN BOON NGEE", "1234":"ENG1"]: null

2020-05-12 23:48:27 - [TEST_STEP][PASSED] - NewInputNmField = modifyObjectProperty(findTestObject("Objects.NameValidation/input_FieldName"), "name", "equals", FldNm, true): Modify property of object successfully

2020-05-12 23:48:27 - [MESSAGE][PASSED] - Modify property of object successfully

2020-05-12 23:48:27 - [TEST_STEP][PASSED] - if (PEEnabled == "Y"): com.reusableComponents.HighlightElement.run is PASSED

2020-05-12 23:48:27 - [TEST_STEP][PASSED] - NewLblNmField = modifyObjectProperty(findTestObject("Objects.NameValidation/label_FieldName"), "text", "equals", LblNm, true): Modify property of object successfully

2020-05-12 23:48:27 - [MESSAGE][PASSED] - Modify property of object successfully

2020-05-12 23:48:27 - [TEST_STEP][PASSED] - com.reusableComponents.HighlightElement.run(NewLblNmField): com.reusableComponents.HighlightElement.run is PASSED

2020-05-12 23:48:28 - [MESSAGE][PASSED] - com.reusableComponents.HighlightElement.run is PASSED

2020-05-12 23:48:28 - [TEST_STEP][PASSED] - com.reusableComponents.HighlightElement.run(NewInputNmField): com.reusableComponents.HighlightElement.run is PASSED

2020-05-12 23:48:28 - [MESSAGE][PASSED] - com.reusableComponents.HighlightElement.run is PASSED

2020-05-12 23:48:28 - [TEST_STEP][PASSED] - focus(NewInputNmField): Object: 'Object Repository/Objects.NameValidation/input_FieldName' is focused

2020-05-12 23:48:29 - [MESSAGE][PASSED] - Object: 'Object Repository/Objects.NameValidation/input_FieldName' is focused

2020-05-12 23:48:29 - [TEST_STEP][PASSED] - GetValue = getAttribute(NewInputNmField, "value", STOP_ON_FAILURE): Attribute 'value' of object 'Object Repository/Objects.NameValidation/input_FieldName' is: ''

2020-05-12 23:48:29 - [MESSAGE][PASSED] - Attribute 'value' of object 'Object Repository/Objects.NameValidation/input_FieldName' is: ''

2020-05-12 23:48:29 - [TEST_STEP][PASSED] - verifyMatch(GetValue, "", true): Actual text '' and expected text '' are matched  using regular expression

2020-05-12 23:48:29 - [MESSAGE][PASSED] - Actual text '' and expected text '' are matched  using regular expression

2020-05-12 23:48:29 - [TEST_STEP][PASSED] - setText(NewInputNmField, EnterInvalidPE): Text 'Zh&2' is set on object 'Object Repository/Objects.NameValidation/input_FieldName'

2020-05-12 23:48:29 - [MESSAGE][PASSED] - Text 'Zh&2' is set on object 'Object Repository/Objects.NameValidation/input_FieldName'

2020-05-12 23:48:29 - [TEST_STEP][PASSED] - delay(5): Delayed 5 second(s)

2020-05-12 23:48:34 - [MESSAGE][PASSED] - Delayed 5 second(s)

2020-05-12 23:48:34 - [TEST_STEP][PASSED] - sendKeys(NewInputNmField, Keys.chord(ARROW_DOWN)): Keys 'DOWN + ' sent to object: 'Object Repository/Objects.NameValidation/input_FieldName'

2020-05-12 23:48:34 - [MESSAGE][PASSED] - Keys 'DOWN + ' sent to object: 'Object Repository/Objects.NameValidation/input_FieldName'

2020-05-12 23:48:34 - [TEST_STEP][PASSED] - sendKeys(NewInputNmField, Keys.chord(ENTER)): Keys 'ENTER + ' sent to object: 'Object Repository/Objects.NameValidation/input_FieldName'

2020-05-12 23:48:35 - [MESSAGE][PASSED] - Keys 'ENTER + ' sent to object: 'Object Repository/Objects.NameValidation/input_FieldName'

2020-05-12 23:48:35 - [TEST_STEP][PASSED] - GetValue = getAttribute(NewInputNmField, "value", STOP_ON_FAILURE): Attribute 'value' of object 'Object Repository/Objects.NameValidation/input_FieldName' is: 'Zh&2'

2020-05-12 23:48:35 - [MESSAGE][PASSED] - Attribute 'value' of object 'Object Repository/Objects.NameValidation/input_FieldName' is: 'Zh&2'

2020-05-12 23:48:35 - [TEST_STEP][PASSED] - if (PEList.containsKey(GetValue) == false): No matching qp found

2020-05-12 23:48:35 - [TEST_STEP][PASSED] - SearchValue = PEList.find({ -> ... }): null

2020-05-12 23:48:35 - [TEST_STEP][PASSED] - if (SearchValue == null): No matching qp found

2020-05-12 23:48:35 - [TEST_STEP][PASSED] - comment("No matching qp found"): No matching qp found

2020-05-12 23:48:35 - [MESSAGE][INFO] - No matching qp found

2020-05-12 23:48:35 - [TEST_STEP][PASSED] - sendKeys(NewInputNmField, Keys.chord(ARROW_LEFT)): Keys 'LEFT + ' sent to object: 'Object Repository/Objects.NameValidation/input_FieldName'

2020-05-12 23:48:35 - [MESSAGE][PASSED] - Keys 'LEFT + ' sent to object: 'Object Repository/Objects.NameValidation/input_FieldName'

2020-05-12 23:48:35 - [TEST_STEP][PASSED] - sendKeys(NewInputNmField, Keys.chord(LEFT_CONTROL, "a")): Keys 'CONTROL + a' sent to object: 'Object Repository/Objects.NameValidation/input_FieldName'

2020-05-12 23:48:35 - [MESSAGE][PASSED] - Keys 'CONTROL + a' sent to object: 'Object Repository/Objects.NameValidation/input_FieldName'

2020-05-12 23:48:35 - [TEST_STEP][PASSED] - sendKeys(NewInputNmField, Keys.chord(BACK_SPACE)): Keys 'BACK_SPACE + ' sent to object: 'Object Repository/Objects.NameValidation/input_FieldName'

2020-05-12 23:48:36 - [MESSAGE][PASSED] - Keys 'BACK_SPACE + ' sent to object: 'Object Repository/Objects.NameValidation/input_FieldName'

2020-05-12 23:48:36 - [TEST_STEP][PASSED] - if (RqdField == "Y"): Object: 'Object Repository/Objects.NameValidation/input_FieldName' is focused

2020-05-12 23:48:36 - [TEST_STEP][PASSED] - sendKeys(NewInputNmField, Keys.chord(TAB)): Keys 'TAB + ' sent to object: 'Object Repository/Objects.NameValidation/input_FieldName'

2020-05-12 23:48:36 - [MESSAGE][PASSED] - Keys 'TAB + ' sent to object: 'Object Repository/Objects.NameValidation/input_FieldName'

2020-05-12 23:48:36 - [TEST_STEP][PASSED] - mouseOver(findTestObject("Objects.NameValidation/RqFieldNm")): Object: 'Object Repository/Objects.NameValidation/RqFieldNm' is hovered

2020-05-12 23:48:37 - [MESSAGE][PASSED] - Object: 'Object Repository/Objects.NameValidation/RqFieldNm' is hovered

2020-05-12 23:48:37 - [TEST_STEP][PASSED] - getRqErrMsg = getAttribute(NewInputNmField, "data-errorqtip", STOP_ON_FAILURE): Attribute 'data-errorqtip' of object 'Object Repository/Objects.NameValidation/input_FieldName' is: '<ul class="x-list-plain"><li>This field is required</li></ul>'

2020-05-12 23:48:37 - [MESSAGE][PASSED] - Attribute 'data-errorqtip' of object 'Object Repository/Objects.NameValidation/input_FieldName' is: '<ul class="x-list-plain"><li>This field is required</li></ul>'

2020-05-12 23:48:37 - [TEST_STEP][PASSED] - strToolTip = getRqErrMsg.substring(29, 61): null

2020-05-12 23:48:37 - [TEST_STEP][PASSED] - toolTipReqErrMsg = strToolTip.substring(0, 22): null

2020-05-12 23:48:37 - [TEST_STEP][PASSED] - verifyMatch(toolTipReqErrMsg, RqField, true, STOP_ON_FAILURE): Actual text 'This field is required' and expected text 'This field is required' are matched  using regular expression

2020-05-12 23:48:37 - [MESSAGE][PASSED] - Actual text 'This field is required' and expected text 'This field is required' are matched  using regular expression

2020-05-12 23:48:37 - [TEST_STEP][PASSED] - focus(NewInputNmField): Object: 'Object Repository/Objects.NameValidation/input_FieldName' is focused

2020-05-12 23:48:37 - [MESSAGE][PASSED] - Object: 'Object Repository/Objects.NameValidation/input_FieldName' is focused

2020-05-12 23:48:37 - [TEST_STEP][PASSED] - for ([i = 0, i < NoOfOpt, (i++)]): Keys 'DOWN + ' sent to object: 'Object Repository/Objects.NameValidation/input_FieldName'

2020-05-12 23:48:37 - [TEST_STEP][PASSED] - sendKeys(NewInputNmField, Keys.chord(ARROW_DOWN)): Keys 'DOWN + ' sent to object: 'Object Repository/Objects.NameValidation/input_FieldName'

2020-05-12 23:48:38 - [MESSAGE][PASSED] - Keys 'DOWN + ' sent to object: 'Object Repository/Objects.NameValidation/input_FieldName'

2020-05-12 23:48:38 - [TEST_STEP][PASSED] - delay(8): Delayed 8 second(s)

2020-05-12 23:48:46 - [MESSAGE][PASSED] - Delayed 8 second(s)

2020-05-12 23:48:46 - [TEST_STEP][PASSED] - sendKeys(NewInputNmField, Keys.chord(ENTER)): Keys 'ENTER + ' sent to object: 'Object Repository/Objects.NameValidation/input_FieldName'

2020-05-12 23:48:46 - [MESSAGE][PASSED] - Keys 'ENTER + ' sent to object: 'Object Repository/Objects.NameValidation/input_FieldName'

2020-05-12 23:48:46 - [TEST_STEP][PASSED] - SearchDropdownVal = getAttribute(NewInputNmField, "value"): Attribute 'value' of object 'Object Repository/Objects.NameValidation/input_FieldName' is: '1002'

2020-05-12 23:48:46 - [MESSAGE][PASSED] - Attribute 'value' of object 'Object Repository/Objects.NameValidation/input_FieldName' is: '1002'

2020-05-12 23:48:46 - [TEST_STEP][PASSED] - if (PEName == "N"): null

2020-05-12 23:48:46 - [TEST_STEP][PASSED] - println(SearchDropdownVal + " (" + get(SearchDropdownVal).toString() + ")"): null

2020-05-12 23:48:46 - [TEST_STEP][PASSED] - sendKeys(NewInputNmField, Keys.chord(ARROW_DOWN)): Keys 'DOWN + ' sent to object: 'Object Repository/Objects.NameValidation/input_FieldName'

2020-05-12 23:48:47 - [MESSAGE][PASSED] - Keys 'DOWN + ' sent to object: 'Object Repository/Objects.NameValidation/input_FieldName'

2020-05-12 23:48:47 - [TEST_STEP][PASSED] - sendKeys(NewInputNmField, Keys.chord(ARROW_DOWN)): Keys 'DOWN + ' sent to object: 'Object Repository/Objects.NameValidation/input_FieldName'

2020-05-12 23:48:47 - [MESSAGE][PASSED] - Keys 'DOWN + ' sent to object: 'Object Repository/Objects.NameValidation/input_FieldName'

2020-05-12 23:48:47 - [TEST_STEP][PASSED] - delay(8): Delayed 8 second(s)

2020-05-12 23:48:55 - [MESSAGE][PASSED] - Delayed 8 second(s)

2020-05-12 23:48:55 - [TEST_STEP][PASSED] - sendKeys(NewInputNmField, Keys.chord(ENTER)): Keys 'ENTER + ' sent to object: 'Object Repository/Objects.NameValidation/input_FieldName'

2020-05-12 23:48:55 - [MESSAGE][PASSED] - Keys 'ENTER + ' sent to object: 'Object Repository/Objects.NameValidation/input_FieldName'

2020-05-12 23:48:55 - [TEST_STEP][PASSED] - SearchDropdownVal = getAttribute(NewInputNmField, "value"): Attribute 'value' of object 'Object Repository/Objects.NameValidation/input_FieldName' is: '6789'

2020-05-12 23:48:56 - [MESSAGE][PASSED] - Attribute 'value' of object 'Object Repository/Objects.NameValidation/input_FieldName' is: '6789'

2020-05-12 23:48:56 - [TEST_STEP][PASSED] - if (PEName == "N"): null

2020-05-12 23:48:56 - [TEST_STEP][PASSED] - println(SearchDropdownVal + " (" + get(SearchDropdownVal).toString() + ")"): null

2020-05-12 23:48:56 - [TEST_STEP][PASSED] - sendKeys(NewInputNmField, Keys.chord(ARROW_DOWN)): Keys 'DOWN + ' sent to object: 'Object Repository/Objects.NameValidation/input_FieldName'

2020-05-12 23:48:56 - [MESSAGE][PASSED] - Keys 'DOWN + ' sent to object: 'Object Repository/Objects.NameValidation/input_FieldName'

2020-05-12 23:48:56 - [TEST_STEP][PASSED] - sendKeys(NewInputNmField, Keys.chord(ARROW_DOWN)): Keys 'DOWN + ' sent to object: 'Object Repository/Objects.NameValidation/input_FieldName'

2020-05-12 23:48:57 - [MESSAGE][PASSED] - Keys 'DOWN + ' sent to object: 'Object Repository/Objects.NameValidation/input_FieldName'

2020-05-12 23:48:57 - [TEST_STEP][PASSED] - delay(8): Delayed 8 second(s)

2020-05-12 23:49:05 - [MESSAGE][PASSED] - Delayed 8 second(s)

2020-05-12 23:49:05 - [TEST_STEP][PASSED] - sendKeys(NewInputNmField, Keys.chord(ENTER)): Keys 'ENTER + ' sent to object: 'Object Repository/Objects.NameValidation/input_FieldName'

2020-05-12 23:49:05 - [MESSAGE][PASSED] - Keys 'ENTER + ' sent to object: 'Object Repository/Objects.NameValidation/input_FieldName'

2020-05-12 23:49:05 - [TEST_STEP][PASSED] - SearchDropdownVal = getAttribute(NewInputNmField, "value"): Attribute 'value' of object 'Object Repository/Objects.NameValidation/input_FieldName' is: '1140'

2020-05-12 23:49:05 - [MESSAGE][PASSED] - Attribute 'value' of object 'Object Repository/Objects.NameValidation/input_FieldName' is: '1140'

2020-05-12 23:49:05 - [TEST_STEP][PASSED] - if (PEName == "N"): null

2020-05-12 23:49:05 - [TEST_STEP][PASSED] - println(SearchDropdownVal + " (" + get(SearchDropdownVal).toString() + ")"): null

2020-05-12 23:49:05 - [TEST_STEP][PASSED] - sendKeys(NewInputNmField, Keys.chord(ARROW_DOWN)): Keys 'DOWN + ' sent to object: 'Object Repository/Objects.NameValidation/input_FieldName'

2020-05-12 23:49:06 - [MESSAGE][PASSED] - Keys 'DOWN + ' sent to object: 'Object Repository/Objects.NameValidation/input_FieldName'

2020-05-12 23:49:06 - [TEST_STEP][PASSED] - sendKeys(NewInputNmField, Keys.chord(ARROW_DOWN)): Keys 'DOWN + ' sent to object: 'Object Repository/Objects.NameValidation/input_FieldName'

2020-05-12 23:49:06 - [MESSAGE][PASSED] - Keys 'DOWN + ' sent to object: 'Object Repository/Objects.NameValidation/input_FieldName'

2020-05-12 23:49:06 - [TEST_STEP][PASSED] - delay(8): Delayed 8 second(s)

2020-05-12 23:49:14 - [MESSAGE][PASSED] - Delayed 8 second(s)

2020-05-12 23:49:14 - [TEST_STEP][PASSED] - sendKeys(NewInputNmField, Keys.chord(ENTER)): Keys 'ENTER + ' sent to object: 'Object Repository/Objects.NameValidation/input_FieldName'

2020-05-12 23:49:14 - [MESSAGE][PASSED] - Keys 'ENTER + ' sent to object: 'Object Repository/Objects.NameValidation/input_FieldName'

2020-05-12 23:49:14 - [TEST_STEP][PASSED] - SearchDropdownVal = getAttribute(NewInputNmField, "value"): Attribute 'value' of object 'Object Repository/Objects.NameValidation/input_FieldName' is: '1596'

2020-05-12 23:49:15 - [MESSAGE][PASSED] - Attribute 'value' of object 'Object Repository/Objects.NameValidation/input_FieldName' is: '1596'

2020-05-12 23:49:15 - [TEST_STEP][PASSED] - if (PEName == "N"): null

2020-05-12 23:49:15 - [TEST_STEP][PASSED] - println(SearchDropdownVal + " (" + get(SearchDropdownVal).toString() + ")"): null

2020-05-12 23:49:15 - [TEST_STEP][PASSED] - sendKeys(NewInputNmField, Keys.chord(ARROW_DOWN)): Keys 'DOWN + ' sent to object: 'Object Repository/Objects.NameValidation/input_FieldName'

2020-05-12 23:49:15 - [MESSAGE][PASSED] - Keys 'DOWN + ' sent to object: 'Object Repository/Objects.NameValidation/input_FieldName'

2020-05-12 23:49:15 - [TEST_STEP][PASSED] - sendKeys(NewInputNmField, Keys.chord(ARROW_DOWN)): Keys 'DOWN + ' sent to object: 'Object Repository/Objects.NameValidation/input_FieldName'

2020-05-12 23:49:15 - [MESSAGE][PASSED] - Keys 'DOWN + ' sent to object: 'Object Repository/Objects.NameValidation/input_FieldName'

2020-05-12 23:49:15 - [TEST_STEP][PASSED] - delay(8): Delayed 8 second(s)

2020-05-12 23:49:23 - [MESSAGE][PASSED] - Delayed 8 second(s)

2020-05-12 23:49:23 - [TEST_STEP][PASSED] - sendKeys(NewInputNmField, Keys.chord(ENTER)): Keys 'ENTER + ' sent to object: 'Object Repository/Objects.NameValidation/input_FieldName'

2020-05-12 23:49:24 - [MESSAGE][PASSED] - Keys 'ENTER + ' sent to object: 'Object Repository/Objects.NameValidation/input_FieldName'

2020-05-12 23:49:24 - [TEST_STEP][PASSED] - SearchDropdownVal = getAttribute(NewInputNmField, "value"): Attribute 'value' of object 'Object Repository/Objects.NameValidation/input_FieldName' is: '1567'

2020-05-12 23:49:24 - [MESSAGE][PASSED] - Attribute 'value' of object 'Object Repository/Objects.NameValidation/input_FieldName' is: '1567'

2020-05-12 23:49:24 - [TEST_STEP][PASSED] - if (PEName == "N"): null

2020-05-12 23:49:24 - [TEST_STEP][PASSED] - println(SearchDropdownVal + " (" + get(SearchDropdownVal).toString() + ")"): null

2020-05-12 23:49:24 - [TEST_STEP][PASSED] - sendKeys(NewInputNmField, Keys.chord(ARROW_DOWN)): Keys 'DOWN + ' sent to object: 'Object Repository/Objects.NameValidation/input_FieldName'

2020-05-12 23:49:24 - [MESSAGE][PASSED] - Keys 'DOWN + ' sent to object: 'Object Repository/Objects.NameValidation/input_FieldName'

2020-05-12 23:49:24 - [TEST_STEP][PASSED] - sendKeys(NewInputNmField, Keys.chord(ARROW_DOWN)): Keys 'DOWN + ' sent to object: 'Object Repository/Objects.NameValidation/input_FieldName'

2020-05-12 23:49:25 - [MESSAGE][PASSED] - Keys 'DOWN + ' sent to object: 'Object Repository/Objects.NameValidation/input_FieldName'

2020-05-12 23:49:25 - [TEST_STEP][PASSED] - delay(8): Delayed 8 second(s)

2020-05-12 23:49:33 - [MESSAGE][PASSED] - Delayed 8 second(s)

2020-05-12 23:49:33 - [TEST_STEP][PASSED] - sendKeys(NewInputNmField, Keys.chord(ENTER)): Keys 'ENTER + ' sent to object: 'Object Repository/Objects.NameValidation/input_FieldName'

2020-05-12 23:49:33 - [MESSAGE][PASSED] - Keys 'ENTER + ' sent to object: 'Object Repository/Objects.NameValidation/input_FieldName'

2020-05-12 23:49:33 - [TEST_STEP][PASSED] - SearchDropdownVal = getAttribute(NewInputNmField, "value"): Attribute 'value' of object 'Object Repository/Objects.NameValidation/input_FieldName' is: '1234'

2020-05-12 23:49:34 - [MESSAGE][PASSED] - Attribute 'value' of object 'Object Repository/Objects.NameValidation/input_FieldName' is: '1234'

2020-05-12 23:49:34 - [TEST_STEP][PASSED] - if (PEName == "N"): null

2020-05-12 23:49:34 - [TEST_STEP][PASSED] - println(SearchDropdownVal + " (" + get(SearchDropdownVal).toString() + ")"): null

2020-05-12 23:49:34 - [TEST_STEP][PASSED] - sendKeys(NewInputNmField, Keys.chord(ARROW_DOWN)): Keys 'DOWN + ' sent to object: 'Object Repository/Objects.NameValidation/input_FieldName'

2020-05-12 23:49:34 - [MESSAGE][PASSED] - Keys 'DOWN + ' sent to object: 'Object Repository/Objects.NameValidation/input_FieldName'

2020-05-12 23:49:34 - [TEST_STEP][PASSED] - sendKeys(NewInputNmField, Keys.chord(ENTER)): Keys 'ENTER + ' sent to object: 'Object Repository/Objects.NameValidation/input_FieldName'

2020-05-12 23:49:34 - [MESSAGE][PASSED] - Keys 'ENTER + ' sent to object: 'Object Repository/Objects.NameValidation/input_FieldName'

2020-05-12 23:49:34 - [TEST_STEP][PASSED] - if (PEEnabled == "N"): null

2020-05-12 23:49:34 - [MESSAGE][PASSED] - Call Test Case 'Test Cases/Components/00_Precision and Scale/PEValidation' successfully

2020-05-12 23:49:34 - [TEST_STEP][NOT_RUN] - callTestCase(findTestCase("Components/Logout"), ["LogoutPageTextToBeVerified":findTestData("Datatable").getValue("HomeBanner", 2)], STOP_ON_FAILURE): NOT_RUN: callTestCase(findTestCase("Components/Logout"), ["LogoutPageTextToBeVerified":findTestData("Datatable").getValue("HomeBanner", 2)], STOP_ON_FAILURE)

2020-05-12 23:49:34 - [MESSAGE][NOT_RUN] - NOT_RUN: callTestCase(findTestCase("Components/Logout"), ["LogoutPageTextToBeVerified":findTestData("Datatable").getValue("HomeBanner", 2)], STOP_ON_FAILURE)]]></system-out>
         <system-err><![CDATA[]]></system-err>
      </testcase>
      <testcase name="Test Cases/PFI Precision and Scale/PFI Test Cases/PFI.UpdateReportsLHS" time="204.491" classname="Test Cases/PFI Precision and Scale/PFI Test Cases/PFI.UpdateReportsLHS" status="FAILED">
         <failure type="FAILED" message="Test Cases/PFI Precision and Scale/PFI Test Cases/PFI.UpdateReportsLHS FAILED.
Reason:
com.kms.katalon.core.exception.StepFailedException: Call Test Case 'Test Cases/Components/00_Precision and Scale/DatePickerValidation' failed
	at com.kms.katalon.core.keyword.builtin.CallTestCaseKeyword$_callTestCase_closure1.doCall(CallTestCaseKeyword.groovy:63)
	at com.kms.katalon.core.keyword.builtin.CallTestCaseKeyword$_callTestCase_closure1.call(CallTestCaseKeyword.groovy)
	at com.kms.katalon.core.keyword.internal.KeywordMain.runKeyword(KeywordMain.groovy:68)
	at com.kms.katalon.core.keyword.builtin.CallTestCaseKeyword.callTestCase(CallTestCaseKeyword.groovy:81)
	at com.kms.katalon.core.keyword.builtin.CallTestCaseKeyword.execute(CallTestCaseKeyword.groovy:44)
	at com.kms.katalon.core.keyword.internal.KeywordExecutor.executeKeywordForPlatform(KeywordExecutor.groovy:72)
	at com.kms.katalon.core.keyword.BuiltinKeywords.callTestCase(BuiltinKeywords.groovy:334)
	at PFI.UpdateReportsLHS.run(PFI.UpdateReportsLHS:70)
	at com.kms.katalon.core.main.ScriptEngine.run(ScriptEngine.java:194)
	at com.kms.katalon.core.main.ScriptEngine.runScriptAsRawText(ScriptEngine.java:119)
	at com.kms.katalon.core.main.TestCaseExecutor.runScript(TestCaseExecutor.java:337)
	at com.kms.katalon.core.main.TestCaseExecutor.doExecute(TestCaseExecutor.java:328)
	at com.kms.katalon.core.main.TestCaseExecutor.processExecutionPhase(TestCaseExecutor.java:307)
	at com.kms.katalon.core.main.TestCaseExecutor.accessMainPhase(TestCaseExecutor.java:299)
	at com.kms.katalon.core.main.TestCaseExecutor.execute(TestCaseExecutor.java:233)
	at com.kms.katalon.core.main.TestSuiteExecutor.accessTestCaseMainPhase(TestSuiteExecutor.java:169)
	at com.kms.katalon.core.main.TestSuiteExecutor.accessTestSuiteMainPhase(TestSuiteExecutor.java:142)
	at com.kms.katalon.core.main.TestSuiteExecutor.execute(TestSuiteExecutor.java:91)
	at com.kms.katalon.core.main.TestCaseMain.startTestSuite(TestCaseMain.java:157)
	at com.kms.katalon.core.main.TestCaseMain$startTestSuite$0.call(Unknown Source)
	at TempTestSuite1589297932133.run(TempTestSuite1589297932133.groovy:36)
Caused by: com.kms.katalon.core.exception.StepFailedException: Actual text '28/05/2020' and expected text '12/05/2020' are not matched using regular expression
	at com.kms.katalon.core.keyword.builtin.VerifyMatchKeyword$_verifyMatch_closure1.doCall(VerifyMatchKeyword.groovy:57)
	at com.kms.katalon.core.keyword.builtin.VerifyMatchKeyword$_verifyMatch_closure1.call(VerifyMatchKeyword.groovy)
	at com.kms.katalon.core.keyword.internal.KeywordMain.runKeyword(KeywordMain.groovy:68)
	at com.kms.katalon.core.keyword.builtin.VerifyMatchKeyword.verifyMatch(VerifyMatchKeyword.groovy:60)
	at com.kms.katalon.core.keyword.builtin.VerifyMatchKeyword.execute(VerifyMatchKeyword.groovy:45)
	at com.kms.katalon.core.keyword.internal.KeywordExecutor.executeKeywordForPlatform(KeywordExecutor.groovy:72)
	at com.kms.katalon.core.keyword.BuiltinKeywords.verifyMatch(BuiltinKeywords.groovy:73)
	at DatePickerValidation.run(DatePickerValidation:127)
	at com.kms.katalon.core.main.ScriptEngine.run(ScriptEngine.java:194)
	at com.kms.katalon.core.main.ScriptEngine.runScriptAsRawText(ScriptEngine.java:119)
	at com.kms.katalon.core.main.TestCaseExecutor.runScript(TestCaseExecutor.java:337)
	at com.kms.katalon.core.main.TestCaseExecutor.doExecute(TestCaseExecutor.java:328)
	at com.kms.katalon.core.main.TestCaseExecutor.processExecutionPhase(TestCaseExecutor.java:307)
	at com.kms.katalon.core.main.TestCaseExecutor.accessMainPhase(TestCaseExecutor.java:299)
	at com.kms.katalon.core.main.TestCaseExecutor.execute(TestCaseExecutor.java:233)
	at com.kms.katalon.core.main.TestCaseMain.runTestCase(TestCaseMain.java:114)
	at com.kms.katalon.core.keyword.builtin.CallTestCaseKeyword$_callTestCase_closure1.doCall(CallTestCaseKeyword.groovy:59)
	... 20 more
"/>
         <system-out><![CDATA[2020-05-12 23:49:34 - [TEST_CASE][FAILED] - Test Cases/PFI Precision and Scale/PFI Test Cases/PFI.UpdateReportsLHS: Test Cases/PFI Precision and Scale/PFI Test Cases/PFI.UpdateReportsLHS FAILED.
Reason:
com.kms.katalon.core.exception.StepFailedException: Call Test Case 'Test Cases/Components/00_Precision and Scale/DatePickerValidation' failed
	at com.kms.katalon.core.keyword.builtin.CallTestCaseKeyword$_callTestCase_closure1.doCall(CallTestCaseKeyword.groovy:63)
	at com.kms.katalon.core.keyword.builtin.CallTestCaseKeyword$_callTestCase_closure1.call(CallTestCaseKeyword.groovy)
	at com.kms.katalon.core.keyword.internal.KeywordMain.runKeyword(KeywordMain.groovy:68)
	at com.kms.katalon.core.keyword.builtin.CallTestCaseKeyword.callTestCase(CallTestCaseKeyword.groovy:81)
	at com.kms.katalon.core.keyword.builtin.CallTestCaseKeyword.execute(CallTestCaseKeyword.groovy:44)
	at com.kms.katalon.core.keyword.internal.KeywordExecutor.executeKeywordForPlatform(KeywordExecutor.groovy:72)
	at com.kms.katalon.core.keyword.BuiltinKeywords.callTestCase(BuiltinKeywords.groovy:334)
	at PFI.UpdateReportsLHS.run(PFI.UpdateReportsLHS:70)
	at com.kms.katalon.core.main.ScriptEngine.run(ScriptEngine.java:194)
	at com.kms.katalon.core.main.ScriptEngine.runScriptAsRawText(ScriptEngine.java:119)
	at com.kms.katalon.core.main.TestCaseExecutor.runScript(TestCaseExecutor.java:337)
	at com.kms.katalon.core.main.TestCaseExecutor.doExecute(TestCaseExecutor.java:328)
	at com.kms.katalon.core.main.TestCaseExecutor.processExecutionPhase(TestCaseExecutor.java:307)
	at com.kms.katalon.core.main.TestCaseExecutor.accessMainPhase(TestCaseExecutor.java:299)
	at com.kms.katalon.core.main.TestCaseExecutor.execute(TestCaseExecutor.java:233)
	at com.kms.katalon.core.main.TestSuiteExecutor.accessTestCaseMainPhase(TestSuiteExecutor.java:169)
	at com.kms.katalon.core.main.TestSuiteExecutor.accessTestSuiteMainPhase(TestSuiteExecutor.java:142)
	at com.kms.katalon.core.main.TestSuiteExecutor.execute(TestSuiteExecutor.java:91)
	at com.kms.katalon.core.main.TestCaseMain.startTestSuite(TestCaseMain.java:157)
	at com.kms.katalon.core.main.TestCaseMain$startTestSuite$0.call(Unknown Source)
	at TempTestSuite1589297932133.run(TempTestSuite1589297932133.groovy:36)
Caused by: com.kms.katalon.core.exception.StepFailedException: Actual text '28/05/2020' and expected text '12/05/2020' are not matched using regular expression
	at com.kms.katalon.core.keyword.builtin.VerifyMatchKeyword$_verifyMatch_closure1.doCall(VerifyMatchKeyword.groovy:57)
	at com.kms.katalon.core.keyword.builtin.VerifyMatchKeyword$_verifyMatch_closure1.call(VerifyMatchKeyword.groovy)
	at com.kms.katalon.core.keyword.internal.KeywordMain.runKeyword(KeywordMain.groovy:68)
	at com.kms.katalon.core.keyword.builtin.VerifyMatchKeyword.verifyMatch(VerifyMatchKeyword.groovy:60)
	at com.kms.katalon.core.keyword.builtin.VerifyMatchKeyword.execute(VerifyMatchKeyword.groovy:45)
	at com.kms.katalon.core.keyword.internal.KeywordExecutor.executeKeywordForPlatform(KeywordExecutor.groovy:72)
	at com.kms.katalon.core.keyword.BuiltinKeywords.verifyMatch(BuiltinKeywords.groovy:73)
	at DatePickerValidation.run(DatePickerValidation:127)
	at com.kms.katalon.core.main.ScriptEngine.run(ScriptEngine.java:194)
	at com.kms.katalon.core.main.ScriptEngine.runScriptAsRawText(ScriptEngine.java:119)
	at com.kms.katalon.core.main.TestCaseExecutor.runScript(TestCaseExecutor.java:337)
	at com.kms.katalon.core.main.TestCaseExecutor.doExecute(TestCaseExecutor.java:328)
	at com.kms.katalon.core.main.TestCaseExecutor.processExecutionPhase(TestCaseExecutor.java:307)
	at com.kms.katalon.core.main.TestCaseExecutor.accessMainPhase(TestCaseExecutor.java:299)
	at com.kms.katalon.core.main.TestCaseExecutor.execute(TestCaseExecutor.java:233)
	at com.kms.katalon.core.main.TestCaseMain.runTestCase(TestCaseMain.java:114)
	at com.kms.katalon.core.keyword.builtin.CallTestCaseKeyword$_callTestCase_closure1.doCall(CallTestCaseKeyword.groovy:59)
	... 20 more


2020-05-12 23:49:34 - [TEST_STEP][NOT_RUN] - callTestCase(findTestCase("Components/LoginV2.0"), ["LinkToBeUsed":findTestData("ISPS2 Test Data").getValue("URL", 2), "LoginPageTextToBeVerified":findTestData("ISPS2 Test Data").getValue("HomeBanner", 2), ... ], STOP_ON_FAILURE): NOT_RUN: callTestCase(findTestCase("Components/LoginV2.0"), ["LinkToBeUsed":findTestData("ISPS2 Test Data").getValue("URL", 2), "LoginPageTextToBeVerified":findTestData("ISPS2 Test Data").getValue("HomeBanner", 2), ... ], STOP_ON_FAILURE)

2020-05-12 23:49:34 - [MESSAGE][NOT_RUN] - NOT_RUN: callTestCase(findTestCase("Components/LoginV2.0"), ["LinkToBeUsed":findTestData("ISPS2 Test Data").getValue("URL", 2), "LoginPageTextToBeVerified":findTestData("ISPS2 Test Data").getValue("HomeBanner", 2), ... ], STOP_ON_FAILURE)

2020-05-12 23:49:34 - [TEST_STEP][NOT_RUN] - callTestCase(findTestCase("Components/NavigateToHomepageHeaders"), ["headerText":"My Tasks"], STOP_ON_FAILURE): NOT_RUN: callTestCase(findTestCase("Components/NavigateToHomepageHeaders"), ["headerText":"My Tasks"], STOP_ON_FAILURE)

2020-05-12 23:49:34 - [MESSAGE][NOT_RUN] - NOT_RUN: callTestCase(findTestCase("Components/NavigateToHomepageHeaders"), ["headerText":"My Tasks"], STOP_ON_FAILURE)

2020-05-12 23:49:34 - [TEST_STEP][NOT_RUN] - callTestCase(findTestCase("Components/Filter"), ["taskDescription":"Process Case (SM)"], STOP_ON_FAILURE): NOT_RUN: callTestCase(findTestCase("Components/Filter"), ["taskDescription":"Process Case (SM)"], STOP_ON_FAILURE)

2020-05-12 23:49:34 - [MESSAGE][NOT_RUN] - NOT_RUN: callTestCase(findTestCase("Components/Filter"), ["taskDescription":"Process Case (SM)"], STOP_ON_FAILURE)

2020-05-12 23:49:34 - [TEST_STEP][NOT_RUN] - callTestCase(findTestCase("Components/ClickLinkDependingOnTextAndIndex"), ["linkName":"Process Case (SM)", "index":"3"], STOP_ON_FAILURE): NOT_RUN: callTestCase(findTestCase("Components/ClickLinkDependingOnTextAndIndex"), ["linkName":"Process Case (SM)", "index":"3"], STOP_ON_FAILURE)

2020-05-12 23:49:34 - [MESSAGE][NOT_RUN] - NOT_RUN: callTestCase(findTestCase("Components/ClickLinkDependingOnTextAndIndex"), ["linkName":"Process Case (SM)", "index":"3"], STOP_ON_FAILURE)

2020-05-12 23:49:34 - [TEST_STEP][PASSED] - callTestCase(findTestCase("Components/NavigateToAnyLHS"), ["LHS":"Update Reports"], STOP_ON_FAILURE): Call Test Case 'Test Cases/Components/NavigateToAnyLHS' successfully

2020-05-12 23:49:34 - [TEST_CASE][PASSED] - Test Cases/Components/NavigateToAnyLHS: Test Cases/Components/NavigateToAnyLHS

2020-05-12 23:49:34 - [TEST_STEP][PASSED] - Thread.sleep(1000): null

2020-05-12 23:49:35 - [TEST_STEP][PASSED] - modifiedLHS = modifyObjectProperty(findTestObject("Objects.NavigateToAnyLHS/Page_ISPS2/LHSToModify"), "text", "equals", LHS, true): Modify property of object successfully

2020-05-12 23:49:36 - [MESSAGE][PASSED] - Modify property of object successfully

2020-05-12 23:49:36 - [TEST_STEP][PASSED] - click(modifiedLHS): Object: 'Object Repository/Objects.NavigateToAnyLHS/Page_ISPS2/LHSToModify' is clicked on

2020-05-12 23:49:36 - [MESSAGE][PASSED] - Object: 'Object Repository/Objects.NavigateToAnyLHS/Page_ISPS2/LHSToModify' is clicked on

2020-05-12 23:49:36 - [TEST_STEP][PASSED] - currentLHS = getText(modifiedLHS): Text of object 'Object Repository/Objects.NavigateToAnyLHS/Page_ISPS2/LHSToModify' is: 'Update Reports'

2020-05-12 23:49:37 - [MESSAGE][PASSED] - Text of object 'Object Repository/Objects.NavigateToAnyLHS/Page_ISPS2/LHSToModify' is: 'Update Reports'

2020-05-12 23:49:37 - [TEST_STEP][PASSED] - Thread.sleep(5000): null

2020-05-12 23:49:42 - [MESSAGE][PASSED] - Call Test Case 'Test Cases/Components/NavigateToAnyLHS' successfully

2020-05-12 23:49:42 - [TEST_STEP][PASSED] - callTestCase(findTestCase("Components/VerifyPageSuccessfullyLoaded"), ["HeaderName":"Update Reports"], STOP_ON_FAILURE): Call Test Case 'Test Cases/Components/VerifyPageSuccessfullyLoaded' successfully

2020-05-12 23:49:42 - [TEST_CASE][PASSED] - Test Cases/Components/VerifyPageSuccessfullyLoaded: Test Cases/Components/VerifyPageSuccessfullyLoaded

2020-05-12 23:49:42 - [TEST_STEP][PASSED] - Thread.sleep(3000): null

2020-05-12 23:49:45 - [TEST_STEP][PASSED] - ModifiedHeaderName = modifyObjectProperty(findTestObject("Objects.VerifyPageSuccessfullyLoaded/PageHeader"), "text", "equals", HeaderName, false): Modify property of object successfully

2020-05-12 23:49:45 - [MESSAGE][PASSED] - Modify property of object successfully

2020-05-12 23:49:45 - [TEST_STEP][PASSED] - verifyElementPresent(ModifiedHeaderName, 0): Object 'Object Repository/Objects.VerifyPageSuccessfullyLoaded/PageHeader' is present

2020-05-12 23:49:45 - [MESSAGE][WARNING] - Timeout '0' is invalid. Using default page load timeout: '30'

2020-05-12 23:49:46 - [MESSAGE][PASSED] - Object 'Object Repository/Objects.VerifyPageSuccessfullyLoaded/PageHeader' is present

2020-05-12 23:49:46 - [TEST_STEP][PASSED] - com.reusableComponents.HighlightElement.run(ModifiedHeaderName): com.reusableComponents.HighlightElement.run is PASSED

2020-05-12 23:49:46 - [MESSAGE][PASSED] - com.reusableComponents.HighlightElement.run is PASSED

2020-05-12 23:49:46 - [TEST_STEP][PASSED] - Thread.sleep(3000): null

2020-05-12 23:49:49 - [MESSAGE][PASSED] - Call Test Case 'Test Cases/Components/VerifyPageSuccessfullyLoaded' successfully

2020-05-12 23:49:49 - [TEST_STEP][PASSED] - callTestCase(findTestCase("Components/VerifyTextPresentInPage"), ["tagToModify":"div", "textToModify":"List of Reports"], STOP_ON_FAILURE): Call Test Case 'Test Cases/Components/VerifyTextPresentInPage' successfully

2020-05-12 23:49:49 - [TEST_CASE][PASSED] - Test Cases/Components/VerifyTextPresentInPage: Test Cases/Components/VerifyTextPresentInPage

2020-05-12 23:49:50 - [TEST_STEP][PASSED] - Thread.sleep(3000): null

2020-05-12 23:49:53 - [TEST_STEP][NOT_RUN] - verifyTextPresent(textToLocate, false): NOT_RUN: verifyTextPresent(textToLocate, false)

2020-05-12 23:49:53 - [MESSAGE][NOT_RUN] - NOT_RUN: verifyTextPresent(textToLocate, false)

2020-05-12 23:49:53 - [TEST_STEP][NOT_RUN] - com.reusableComponents.HighlightElement.run(textToLocate): NOT_RUN: com.reusableComponents.HighlightElement.run(textToLocate)

2020-05-12 23:49:53 - [MESSAGE][NOT_RUN] - NOT_RUN: com.reusableComponents.HighlightElement.run(textToLocate)

2020-05-12 23:49:53 - [TEST_STEP][PASSED] - modifiedTag = modifyObjectProperty(findTestObject("Objects.VerifyTextPresent/Page_ISPS2/objectToModify"), "tag", "equals", tagToModify, true): Modify property of object successfully

2020-05-12 23:49:53 - [MESSAGE][PASSED] - Modify property of object successfully

2020-05-12 23:49:53 - [TEST_STEP][PASSED] - modified = modifyObjectProperty(modifiedTag, "text", "equals", textToModify, true): Modify property of object successfully

2020-05-12 23:49:53 - [MESSAGE][PASSED] - Modify property of object successfully

2020-05-12 23:49:53 - [TEST_STEP][PASSED] - com.reusableComponents.HighlightElement.run(modified): com.reusableComponents.HighlightElement.run is PASSED

2020-05-12 23:49:53 - [MESSAGE][PASSED] - com.reusableComponents.HighlightElement.run is PASSED

2020-05-12 23:49:53 - [TEST_STEP][PASSED] - Thread.sleep(3000): null

2020-05-12 23:49:56 - [MESSAGE][PASSED] - Call Test Case 'Test Cases/Components/VerifyTextPresentInPage' successfully

2020-05-12 23:49:56 - [TEST_STEP][PASSED] - callTestCase(findTestCase("Components/ClickLinkDependingOnTagTextAndIndex"), ["tagToBeUsed":"span", "linkName":"Add", "index":"1"], STOP_ON_FAILURE): Call Test Case 'Test Cases/Components/ClickLinkDependingOnTagTextAndIndex' successfully

2020-05-12 23:49:56 - [TEST_CASE][PASSED] - Test Cases/Components/ClickLinkDependingOnTagTextAndIndex: Test Cases/Components/ClickLinkDependingOnTagTextAndIndex

2020-05-12 23:49:56 - [TEST_STEP][PASSED] - Thread.sleep(1000): null

2020-05-12 23:49:57 - [TEST_STEP][PASSED] - modifiedLink = modifyObjectProperty(findTestObject("Objects.ClickLinkDependingOnTextAndIndex/linkToModify"), "xpath", "equals", "(//" + tagToBeUsed + "[text()="" + linkName + ""])[" + index + "]", true): Modify property of object successfully

2020-05-12 23:49:57 - [MESSAGE][PASSED] - Modify property of object successfully

2020-05-12 23:49:57 - [TEST_STEP][PASSED] - Thread.sleep(5000): null

2020-05-12 23:50:02 - [TEST_STEP][PASSED] - com.reusableComponents.HighlightElement.run(modifiedLink): com.reusableComponents.HighlightElement.run is PASSED

2020-05-12 23:50:03 - [MESSAGE][PASSED] - com.reusableComponents.HighlightElement.run is PASSED

2020-05-12 23:50:03 - [TEST_STEP][PASSED] - click(modifiedLink): Object: 'Object Repository/Objects.ClickLinkDependingOnTextAndIndex/linkToModify' is clicked on

2020-05-12 23:50:04 - [MESSAGE][PASSED] - Object: 'Object Repository/Objects.ClickLinkDependingOnTextAndIndex/linkToModify' is clicked on

2020-05-12 23:50:04 - [TEST_STEP][PASSED] - comment("Note that if this fails, it simply means that the specified link is not presen tin the page and that is okay. This step is just to make sure that you are in the right link."): Note that if this fails, it simply means that the specified link is not presen tin the page and that is okay. This step is just to make sure that you are in the right link.

2020-05-12 23:50:04 - [MESSAGE][INFO] - Note that if this fails, it simply means that the specified link is not presen tin the page and that is okay. This step is just to make sure that you are in the right link.

2020-05-12 23:50:04 - [MESSAGE][PASSED] - Call Test Case 'Test Cases/Components/ClickLinkDependingOnTagTextAndIndex' successfully

2020-05-12 23:50:04 - [TEST_STEP][PASSED] - callTestCase(findTestCase("PFI Precision and Scale/PFI Components/DataErrorValidation"), ["FldNm":"dFormCode"], STOP_ON_FAILURE): Call Test Case 'Test Cases/PFI Precision and Scale/PFI Components/DataErrorValidation' successfully

2020-05-12 23:50:04 - [TEST_CASE][PASSED] - Test Cases/PFI Precision and Scale/PFI Components/DataErrorValidation: Test Cases/PFI Precision and Scale/PFI Components/DataErrorValidation

2020-05-12 23:50:04 - [TEST_STEP][PASSED] - enableSmartWait(): null

2020-05-12 23:50:04 - [TEST_STEP][PASSED] - NewInputNmField = modifyObjectProperty(findTestObject("Objects.NameValidation/input_FieldName"), "name", "equals", FldNm, true): Modify property of object successfully

2020-05-12 23:50:04 - [MESSAGE][PASSED] - Modify property of object successfully

2020-05-12 23:50:04 - [TEST_STEP][PASSED] - com.reusableComponents.HighlightElement.run(NewInputNmField): com.reusableComponents.HighlightElement.run is PASSED

2020-05-12 23:50:05 - [MESSAGE][PASSED] - com.reusableComponents.HighlightElement.run is PASSED

2020-05-12 23:50:05 - [TEST_STEP][PASSED] - click(NewInputNmField): Object: 'Object Repository/Objects.NameValidation/input_FieldName' is clicked on

2020-05-12 23:50:05 - [MESSAGE][PASSED] - Object: 'Object Repository/Objects.NameValidation/input_FieldName' is clicked on

2020-05-12 23:50:05 - [TEST_STEP][PASSED] - delay(5): Delayed 5 second(s)

2020-05-12 23:50:10 - [MESSAGE][PASSED] - Delayed 5 second(s)

2020-05-12 23:50:10 - [MESSAGE][PASSED] - Call Test Case 'Test Cases/PFI Precision and Scale/PFI Components/DataErrorValidation' successfully

2020-05-12 23:50:10 - [TEST_STEP][PASSED] - callTestCase(findTestCase("PFI Precision and Scale/PFI Components/DataErrorValidation"), ["FldNm":"rptRecvDt"], STOP_ON_FAILURE): Call Test Case 'Test Cases/PFI Precision and Scale/PFI Components/DataErrorValidation' successfully

2020-05-12 23:50:10 - [TEST_CASE][PASSED] - Test Cases/PFI Precision and Scale/PFI Components/DataErrorValidation: Test Cases/PFI Precision and Scale/PFI Components/DataErrorValidation

2020-05-12 23:50:10 - [TEST_STEP][PASSED] - enableSmartWait(): null

2020-05-12 23:50:10 - [TEST_STEP][PASSED] - NewInputNmField = modifyObjectProperty(findTestObject("Objects.NameValidation/input_FieldName"), "name", "equals", FldNm, true): Modify property of object successfully

2020-05-12 23:50:10 - [MESSAGE][PASSED] - Modify property of object successfully

2020-05-12 23:50:10 - [TEST_STEP][PASSED] - com.reusableComponents.HighlightElement.run(NewInputNmField): com.reusableComponents.HighlightElement.run is PASSED

2020-05-12 23:50:11 - [MESSAGE][PASSED] - com.reusableComponents.HighlightElement.run is PASSED

2020-05-12 23:50:11 - [TEST_STEP][PASSED] - click(NewInputNmField): Object: 'Object Repository/Objects.NameValidation/input_FieldName' is clicked on

2020-05-12 23:50:11 - [MESSAGE][PASSED] - Object: 'Object Repository/Objects.NameValidation/input_FieldName' is clicked on

2020-05-12 23:50:11 - [TEST_STEP][PASSED] - delay(5): Delayed 5 second(s)

2020-05-12 23:50:16 - [MESSAGE][PASSED] - Delayed 5 second(s)

2020-05-12 23:50:16 - [MESSAGE][PASSED] - Call Test Case 'Test Cases/PFI Precision and Scale/PFI Components/DataErrorValidation' successfully

2020-05-12 23:50:16 - [TEST_STEP][PASSED] - callTestCase(findTestCase("PFI Precision and Scale/PFI Components/DataErrorValidation"), ["FldNm":"rptTypeCode"], STOP_ON_FAILURE): Call Test Case 'Test Cases/PFI Precision and Scale/PFI Components/DataErrorValidation' successfully

2020-05-12 23:50:16 - [TEST_CASE][PASSED] - Test Cases/PFI Precision and Scale/PFI Components/DataErrorValidation: Test Cases/PFI Precision and Scale/PFI Components/DataErrorValidation

2020-05-12 23:50:16 - [TEST_STEP][PASSED] - enableSmartWait(): null

2020-05-12 23:50:16 - [TEST_STEP][PASSED] - NewInputNmField = modifyObjectProperty(findTestObject("Objects.NameValidation/input_FieldName"), "name", "equals", FldNm, true): Modify property of object successfully

2020-05-12 23:50:16 - [MESSAGE][PASSED] - Modify property of object successfully

2020-05-12 23:50:16 - [TEST_STEP][PASSED] - com.reusableComponents.HighlightElement.run(NewInputNmField): com.reusableComponents.HighlightElement.run is PASSED

2020-05-12 23:50:17 - [MESSAGE][PASSED] - com.reusableComponents.HighlightElement.run is PASSED

2020-05-12 23:50:17 - [TEST_STEP][PASSED] - click(NewInputNmField): Object: 'Object Repository/Objects.NameValidation/input_FieldName' is clicked on

2020-05-12 23:50:17 - [MESSAGE][PASSED] - Object: 'Object Repository/Objects.NameValidation/input_FieldName' is clicked on

2020-05-12 23:50:17 - [TEST_STEP][PASSED] - delay(5): Delayed 5 second(s)

2020-05-12 23:50:22 - [MESSAGE][PASSED] - Delayed 5 second(s)

2020-05-12 23:50:22 - [MESSAGE][PASSED] - Call Test Case 'Test Cases/PFI Precision and Scale/PFI Components/DataErrorValidation' successfully

2020-05-12 23:50:22 - [TEST_STEP][PASSED] - callTestCase(findTestCase("PFI Precision and Scale/PFI Components/DataErrorValidation"), ["FldNm":"rptComplyDt"], STOP_ON_FAILURE): Call Test Case 'Test Cases/PFI Precision and Scale/PFI Components/DataErrorValidation' successfully

2020-05-12 23:50:22 - [TEST_CASE][PASSED] - Test Cases/PFI Precision and Scale/PFI Components/DataErrorValidation: Test Cases/PFI Precision and Scale/PFI Components/DataErrorValidation

2020-05-12 23:50:22 - [TEST_STEP][PASSED] - enableSmartWait(): null

2020-05-12 23:50:22 - [TEST_STEP][PASSED] - NewInputNmField = modifyObjectProperty(findTestObject("Objects.NameValidation/input_FieldName"), "name", "equals", FldNm, true): Modify property of object successfully

2020-05-12 23:50:22 - [MESSAGE][PASSED] - Modify property of object successfully

2020-05-12 23:50:22 - [TEST_STEP][PASSED] - com.reusableComponents.HighlightElement.run(NewInputNmField): com.reusableComponents.HighlightElement.run is PASSED

2020-05-12 23:50:23 - [MESSAGE][PASSED] - com.reusableComponents.HighlightElement.run is PASSED

2020-05-12 23:50:23 - [TEST_STEP][PASSED] - click(NewInputNmField): Object: 'Object Repository/Objects.NameValidation/input_FieldName' is clicked on

2020-05-12 23:50:23 - [MESSAGE][PASSED] - Object: 'Object Repository/Objects.NameValidation/input_FieldName' is clicked on

2020-05-12 23:50:23 - [TEST_STEP][PASSED] - delay(5): Delayed 5 second(s)

2020-05-12 23:50:28 - [MESSAGE][PASSED] - Delayed 5 second(s)

2020-05-12 23:50:28 - [MESSAGE][PASSED] - Call Test Case 'Test Cases/PFI Precision and Scale/PFI Components/DataErrorValidation' successfully

2020-05-12 23:50:28 - [TEST_STEP][PASSED] - callTestCase(findTestCase("PFI Precision and Scale/PFI Components/DataErrorValidation"), ["FldNm":"submitBy"], STOP_ON_FAILURE): Call Test Case 'Test Cases/PFI Precision and Scale/PFI Components/DataErrorValidation' successfully

2020-05-12 23:50:28 - [TEST_CASE][PASSED] - Test Cases/PFI Precision and Scale/PFI Components/DataErrorValidation: Test Cases/PFI Precision and Scale/PFI Components/DataErrorValidation

2020-05-12 23:50:28 - [TEST_STEP][PASSED] - enableSmartWait(): null

2020-05-12 23:50:28 - [TEST_STEP][PASSED] - NewInputNmField = modifyObjectProperty(findTestObject("Objects.NameValidation/input_FieldName"), "name", "equals", FldNm, true): Modify property of object successfully

2020-05-12 23:50:28 - [MESSAGE][PASSED] - Modify property of object successfully

2020-05-12 23:50:28 - [TEST_STEP][PASSED] - com.reusableComponents.HighlightElement.run(NewInputNmField): com.reusableComponents.HighlightElement.run is PASSED

2020-05-12 23:50:29 - [MESSAGE][PASSED] - com.reusableComponents.HighlightElement.run is PASSED

2020-05-12 23:50:29 - [TEST_STEP][PASSED] - click(NewInputNmField): Object: 'Object Repository/Objects.NameValidation/input_FieldName' is clicked on

2020-05-12 23:50:29 - [MESSAGE][PASSED] - Object: 'Object Repository/Objects.NameValidation/input_FieldName' is clicked on

2020-05-12 23:50:29 - [TEST_STEP][PASSED] - delay(5): Delayed 5 second(s)

2020-05-12 23:50:34 - [MESSAGE][PASSED] - Delayed 5 second(s)

2020-05-12 23:50:34 - [MESSAGE][PASSED] - Call Test Case 'Test Cases/PFI Precision and Scale/PFI Components/DataErrorValidation' successfully

2020-05-12 23:50:34 - [TEST_STEP][PASSED] - callTestCase(findTestCase("Components/00_Precision and Scale/ReportListValidation"), ["FldNm":"dFormCode", "EnterValue":"D5", "NoOfOpt":5, "DropdownNm":"DForm"], STOP_ON_FAILURE): Call Test Case 'Test Cases/Components/00_Precision and Scale/ReportListValidation' successfully

2020-05-12 23:50:34 - [TEST_CASE][PASSED] - Test Cases/Components/00_Precision and Scale/ReportListValidation: Test Cases/Components/00_Precision and Scale/ReportListValidation

2020-05-12 23:50:34 - [TEST_STEP][PASSED] - ReportList = [1:["DForm":"D3"], 2:["DForm":"D4"], 3:["DForm":"D5"], 4:["DForm":"D6"], 5:["DForm":"D7"], 6:["ReportType":"Visual Inspection Report"], ... ]: null

2020-05-12 23:50:34 - [TEST_STEP][PASSED] - NewInputNmField = modifyObjectProperty(findTestObject("Objects.NameValidation/input_FieldName"), "name", "equals", FldNm, true): Modify property of object successfully

2020-05-12 23:50:34 - [MESSAGE][PASSED] - Modify property of object successfully

2020-05-12 23:50:34 - [TEST_STEP][PASSED] - focus(NewInputNmField): Object: 'Object Repository/Objects.NameValidation/input_FieldName' is focused

2020-05-12 23:50:35 - [MESSAGE][PASSED] - Object: 'Object Repository/Objects.NameValidation/input_FieldName' is focused

2020-05-12 23:50:35 - [TEST_STEP][PASSED] - DefaultValue = getAttribute(NewInputNmField, "value"): Attribute 'value' of object 'Object Repository/Objects.NameValidation/input_FieldName' is: ''

2020-05-12 23:50:35 - [MESSAGE][PASSED] - Attribute 'value' of object 'Object Repository/Objects.NameValidation/input_FieldName' is: ''

2020-05-12 23:50:35 - [TEST_STEP][PASSED] - verifyMatch(DefaultValue, "", true): Actual text '' and expected text '' are matched  using regular expression

2020-05-12 23:50:35 - [MESSAGE][PASSED] - Actual text '' and expected text '' are matched  using regular expression

2020-05-12 23:50:35 - [TEST_STEP][PASSED] - setText(NewInputNmField, EnterValue): Text 'D5' is set on object 'Object Repository/Objects.NameValidation/input_FieldName'

2020-05-12 23:50:35 - [MESSAGE][PASSED] - Text 'D5' is set on object 'Object Repository/Objects.NameValidation/input_FieldName'

2020-05-12 23:50:35 - [TEST_STEP][PASSED] - SearchEnteredVal = getAttribute(NewInputNmField, "value"): Attribute 'value' of object 'Object Repository/Objects.NameValidation/input_FieldName' is: 'D5'

2020-05-12 23:50:36 - [MESSAGE][PASSED] - Attribute 'value' of object 'Object Repository/Objects.NameValidation/input_FieldName' is: 'D5'

2020-05-12 23:50:36 - [TEST_STEP][PASSED] - println(ReportList.keySet()): null

2020-05-12 23:50:36 - [TEST_STEP][PASSED] - println(ReportList.values()): null

2020-05-12 23:50:36 - [TEST_STEP][PASSED] - switch (DropdownNm): null

2020-05-12 23:50:36 - [TEST_STEP][PASSED] - case "DForm":: null

2020-05-12 23:50:36 - [TEST_STEP][PASSED] - ValueFound = ReportList.find({ -> ... }): null

2020-05-12 23:50:36 - [TEST_STEP][PASSED] - break: null

2020-05-12 23:50:36 - [TEST_STEP][PASSED] - if (ValueFound == null): null

2020-05-12 23:50:36 - [TEST_STEP][PASSED] - else: null

2020-05-12 23:50:36 - [TEST_STEP][PASSED] - comment("Match recordFound!"): Match recordFound!

2020-05-12 23:50:36 - [MESSAGE][INFO] - Match recordFound!

2020-05-12 23:50:36 - [TEST_STEP][PASSED] - println(ValueFound): null

2020-05-12 23:50:36 - [TEST_STEP][PASSED] - sendKeys(NewInputNmField, Keys.chord(ARROW_LEFT)): Keys 'LEFT + ' sent to object: 'Object Repository/Objects.NameValidation/input_FieldName'

2020-05-12 23:50:36 - [MESSAGE][PASSED] - Keys 'LEFT + ' sent to object: 'Object Repository/Objects.NameValidation/input_FieldName'

2020-05-12 23:50:36 - [TEST_STEP][PASSED] - sendKeys(NewInputNmField, Keys.chord(LEFT_CONTROL, "a")): Keys 'CONTROL + a' sent to object: 'Object Repository/Objects.NameValidation/input_FieldName'

2020-05-12 23:50:36 - [MESSAGE][PASSED] - Keys 'CONTROL + a' sent to object: 'Object Repository/Objects.NameValidation/input_FieldName'

2020-05-12 23:50:36 - [TEST_STEP][PASSED] - sendKeys(NewInputNmField, Keys.chord(BACK_SPACE)): Keys 'BACK_SPACE + ' sent to object: 'Object Repository/Objects.NameValidation/input_FieldName'

2020-05-12 23:50:37 - [MESSAGE][PASSED] - Keys 'BACK_SPACE + ' sent to object: 'Object Repository/Objects.NameValidation/input_FieldName'

2020-05-12 23:50:37 - [TEST_STEP][PASSED] - for ([itr = 1, itr <= NoOfOpt, (itr++)]): Keys 'ENTER + ' sent to object: 'Object Repository/Objects.NameValidation/input_FieldName'

2020-05-12 23:50:37 - [TEST_STEP][PASSED] - sendKeys(NewInputNmField, Keys.chord(ENTER)): Keys 'ENTER + ' sent to object: 'Object Repository/Objects.NameValidation/input_FieldName'

2020-05-12 23:50:37 - [MESSAGE][PASSED] - Keys 'ENTER + ' sent to object: 'Object Repository/Objects.NameValidation/input_FieldName'

2020-05-12 23:50:37 - [TEST_STEP][PASSED] - EnteredVal = getAttribute(NewInputNmField, "value"): Attribute 'value' of object 'Object Repository/Objects.NameValidation/input_FieldName' is: ''

2020-05-12 23:50:37 - [MESSAGE][PASSED] - Attribute 'value' of object 'Object Repository/Objects.NameValidation/input_FieldName' is: ''

2020-05-12 23:50:37 - [TEST_STEP][PASSED] - switch (DropdownNm): null

2020-05-12 23:50:37 - [TEST_STEP][PASSED] - case "DForm":: null

2020-05-12 23:50:37 - [TEST_STEP][PASSED] - ValueFound = ReportList.find({ -> ... }): null

2020-05-12 23:50:37 - [TEST_STEP][PASSED] - println(ValueFound): null

2020-05-12 23:50:37 - [TEST_STEP][PASSED] - break: null

2020-05-12 23:50:37 - [TEST_STEP][PASSED] - sendKeys(NewInputNmField, Keys.chord(ARROW_DOWN)): Keys 'DOWN + ' sent to object: 'Object Repository/Objects.NameValidation/input_FieldName'

2020-05-12 23:50:38 - [MESSAGE][PASSED] - Keys 'DOWN + ' sent to object: 'Object Repository/Objects.NameValidation/input_FieldName'

2020-05-12 23:50:38 - [TEST_STEP][PASSED] - sendKeys(NewInputNmField, Keys.chord(ARROW_DOWN)): Keys 'DOWN + ' sent to object: 'Object Repository/Objects.NameValidation/input_FieldName'

2020-05-12 23:50:38 - [MESSAGE][PASSED] - Keys 'DOWN + ' sent to object: 'Object Repository/Objects.NameValidation/input_FieldName'

2020-05-12 23:50:38 - [TEST_STEP][PASSED] - sendKeys(NewInputNmField, Keys.chord(ENTER)): Keys 'ENTER + ' sent to object: 'Object Repository/Objects.NameValidation/input_FieldName'

2020-05-12 23:50:39 - [MESSAGE][PASSED] - Keys 'ENTER + ' sent to object: 'Object Repository/Objects.NameValidation/input_FieldName'

2020-05-12 23:50:39 - [TEST_STEP][PASSED] - sendKeys(NewInputNmField, Keys.chord(ENTER)): Keys 'ENTER + ' sent to object: 'Object Repository/Objects.NameValidation/input_FieldName'

2020-05-12 23:50:39 - [MESSAGE][PASSED] - Keys 'ENTER + ' sent to object: 'Object Repository/Objects.NameValidation/input_FieldName'

2020-05-12 23:50:39 - [TEST_STEP][PASSED] - EnteredVal = getAttribute(NewInputNmField, "value"): Attribute 'value' of object 'Object Repository/Objects.NameValidation/input_FieldName' is: 'D4'

2020-05-12 23:50:39 - [MESSAGE][PASSED] - Attribute 'value' of object 'Object Repository/Objects.NameValidation/input_FieldName' is: 'D4'

2020-05-12 23:50:39 - [TEST_STEP][PASSED] - switch (DropdownNm): null

2020-05-12 23:50:39 - [TEST_STEP][PASSED] - case "DForm":: null

2020-05-12 23:50:39 - [TEST_STEP][PASSED] - ValueFound = ReportList.find({ -> ... }): null

2020-05-12 23:50:39 - [TEST_STEP][PASSED] - println(ValueFound): null

2020-05-12 23:50:39 - [TEST_STEP][PASSED] - break: null

2020-05-12 23:50:39 - [TEST_STEP][PASSED] - sendKeys(NewInputNmField, Keys.chord(ARROW_DOWN)): Keys 'DOWN + ' sent to object: 'Object Repository/Objects.NameValidation/input_FieldName'

2020-05-12 23:50:40 - [MESSAGE][PASSED] - Keys 'DOWN + ' sent to object: 'Object Repository/Objects.NameValidation/input_FieldName'

2020-05-12 23:50:40 - [TEST_STEP][PASSED] - sendKeys(NewInputNmField, Keys.chord(ARROW_DOWN)): Keys 'DOWN + ' sent to object: 'Object Repository/Objects.NameValidation/input_FieldName'

2020-05-12 23:50:40 - [MESSAGE][PASSED] - Keys 'DOWN + ' sent to object: 'Object Repository/Objects.NameValidation/input_FieldName'

2020-05-12 23:50:40 - [TEST_STEP][PASSED] - sendKeys(NewInputNmField, Keys.chord(ENTER)): Keys 'ENTER + ' sent to object: 'Object Repository/Objects.NameValidation/input_FieldName'

2020-05-12 23:50:41 - [MESSAGE][PASSED] - Keys 'ENTER + ' sent to object: 'Object Repository/Objects.NameValidation/input_FieldName'

2020-05-12 23:50:41 - [TEST_STEP][PASSED] - sendKeys(NewInputNmField, Keys.chord(ENTER)): Keys 'ENTER + ' sent to object: 'Object Repository/Objects.NameValidation/input_FieldName'

2020-05-12 23:50:41 - [MESSAGE][PASSED] - Keys 'ENTER + ' sent to object: 'Object Repository/Objects.NameValidation/input_FieldName'

2020-05-12 23:50:41 - [TEST_STEP][PASSED] - EnteredVal = getAttribute(NewInputNmField, "value"): Attribute 'value' of object 'Object Repository/Objects.NameValidation/input_FieldName' is: 'D5'

2020-05-12 23:50:42 - [MESSAGE][PASSED] - Attribute 'value' of object 'Object Repository/Objects.NameValidation/input_FieldName' is: 'D5'

2020-05-12 23:50:42 - [TEST_STEP][PASSED] - switch (DropdownNm): null

2020-05-12 23:50:42 - [TEST_STEP][PASSED] - case "DForm":: null

2020-05-12 23:50:42 - [TEST_STEP][PASSED] - ValueFound = ReportList.find({ -> ... }): null

2020-05-12 23:50:42 - [TEST_STEP][PASSED] - println(ValueFound): null

2020-05-12 23:50:42 - [TEST_STEP][PASSED] - break: null

2020-05-12 23:50:42 - [TEST_STEP][PASSED] - sendKeys(NewInputNmField, Keys.chord(ARROW_DOWN)): Keys 'DOWN + ' sent to object: 'Object Repository/Objects.NameValidation/input_FieldName'

2020-05-12 23:50:42 - [MESSAGE][PASSED] - Keys 'DOWN + ' sent to object: 'Object Repository/Objects.NameValidation/input_FieldName'

2020-05-12 23:50:42 - [TEST_STEP][PASSED] - sendKeys(NewInputNmField, Keys.chord(ARROW_DOWN)): Keys 'DOWN + ' sent to object: 'Object Repository/Objects.NameValidation/input_FieldName'

2020-05-12 23:50:42 - [MESSAGE][PASSED] - Keys 'DOWN + ' sent to object: 'Object Repository/Objects.NameValidation/input_FieldName'

2020-05-12 23:50:42 - [TEST_STEP][PASSED] - sendKeys(NewInputNmField, Keys.chord(ENTER)): Keys 'ENTER + ' sent to object: 'Object Repository/Objects.NameValidation/input_FieldName'

2020-05-12 23:50:43 - [MESSAGE][PASSED] - Keys 'ENTER + ' sent to object: 'Object Repository/Objects.NameValidation/input_FieldName'

2020-05-12 23:50:43 - [TEST_STEP][PASSED] - sendKeys(NewInputNmField, Keys.chord(ENTER)): Keys 'ENTER + ' sent to object: 'Object Repository/Objects.NameValidation/input_FieldName'

2020-05-12 23:50:43 - [MESSAGE][PASSED] - Keys 'ENTER + ' sent to object: 'Object Repository/Objects.NameValidation/input_FieldName'

2020-05-12 23:50:43 - [TEST_STEP][PASSED] - EnteredVal = getAttribute(NewInputNmField, "value"): Attribute 'value' of object 'Object Repository/Objects.NameValidation/input_FieldName' is: 'D6'

2020-05-12 23:50:44 - [MESSAGE][PASSED] - Attribute 'value' of object 'Object Repository/Objects.NameValidation/input_FieldName' is: 'D6'

2020-05-12 23:50:44 - [TEST_STEP][PASSED] - switch (DropdownNm): null

2020-05-12 23:50:44 - [TEST_STEP][PASSED] - case "DForm":: null

2020-05-12 23:50:44 - [TEST_STEP][PASSED] - ValueFound = ReportList.find({ -> ... }): null

2020-05-12 23:50:44 - [TEST_STEP][PASSED] - println(ValueFound): null

2020-05-12 23:50:44 - [TEST_STEP][PASSED] - break: null

2020-05-12 23:50:44 - [TEST_STEP][PASSED] - sendKeys(NewInputNmField, Keys.chord(ARROW_DOWN)): Keys 'DOWN + ' sent to object: 'Object Repository/Objects.NameValidation/input_FieldName'

2020-05-12 23:50:44 - [MESSAGE][PASSED] - Keys 'DOWN + ' sent to object: 'Object Repository/Objects.NameValidation/input_FieldName'

2020-05-12 23:50:44 - [TEST_STEP][PASSED] - sendKeys(NewInputNmField, Keys.chord(ARROW_DOWN)): Keys 'DOWN + ' sent to object: 'Object Repository/Objects.NameValidation/input_FieldName'

2020-05-12 23:50:44 - [MESSAGE][PASSED] - Keys 'DOWN + ' sent to object: 'Object Repository/Objects.NameValidation/input_FieldName'

2020-05-12 23:50:44 - [TEST_STEP][PASSED] - sendKeys(NewInputNmField, Keys.chord(ENTER)): Keys 'ENTER + ' sent to object: 'Object Repository/Objects.NameValidation/input_FieldName'

2020-05-12 23:50:45 - [MESSAGE][PASSED] - Keys 'ENTER + ' sent to object: 'Object Repository/Objects.NameValidation/input_FieldName'

2020-05-12 23:50:45 - [TEST_STEP][PASSED] - sendKeys(NewInputNmField, Keys.chord(ENTER)): Keys 'ENTER + ' sent to object: 'Object Repository/Objects.NameValidation/input_FieldName'

2020-05-12 23:50:45 - [MESSAGE][PASSED] - Keys 'ENTER + ' sent to object: 'Object Repository/Objects.NameValidation/input_FieldName'

2020-05-12 23:50:45 - [TEST_STEP][PASSED] - EnteredVal = getAttribute(NewInputNmField, "value"): Attribute 'value' of object 'Object Repository/Objects.NameValidation/input_FieldName' is: 'D7'

2020-05-12 23:50:46 - [MESSAGE][PASSED] - Attribute 'value' of object 'Object Repository/Objects.NameValidation/input_FieldName' is: 'D7'

2020-05-12 23:50:46 - [TEST_STEP][PASSED] - switch (DropdownNm): null

2020-05-12 23:50:46 - [TEST_STEP][PASSED] - case "DForm":: null

2020-05-12 23:50:46 - [TEST_STEP][PASSED] - ValueFound = ReportList.find({ -> ... }): null

2020-05-12 23:50:46 - [TEST_STEP][PASSED] - println(ValueFound): null

2020-05-12 23:50:46 - [TEST_STEP][PASSED] - break: null

2020-05-12 23:50:46 - [TEST_STEP][PASSED] - sendKeys(NewInputNmField, Keys.chord(ARROW_DOWN)): Keys 'DOWN + ' sent to object: 'Object Repository/Objects.NameValidation/input_FieldName'

2020-05-12 23:50:46 - [MESSAGE][PASSED] - Keys 'DOWN + ' sent to object: 'Object Repository/Objects.NameValidation/input_FieldName'

2020-05-12 23:50:46 - [TEST_STEP][PASSED] - sendKeys(NewInputNmField, Keys.chord(ARROW_DOWN)): Keys 'DOWN + ' sent to object: 'Object Repository/Objects.NameValidation/input_FieldName'

2020-05-12 23:50:47 - [MESSAGE][PASSED] - Keys 'DOWN + ' sent to object: 'Object Repository/Objects.NameValidation/input_FieldName'

2020-05-12 23:50:47 - [TEST_STEP][PASSED] - sendKeys(NewInputNmField, Keys.chord(ENTER)): Keys 'ENTER + ' sent to object: 'Object Repository/Objects.NameValidation/input_FieldName'

2020-05-12 23:50:47 - [MESSAGE][PASSED] - Keys 'ENTER + ' sent to object: 'Object Repository/Objects.NameValidation/input_FieldName'

2020-05-12 23:50:47 - [MESSAGE][PASSED] - Call Test Case 'Test Cases/Components/00_Precision and Scale/ReportListValidation' successfully

2020-05-12 23:50:47 - [TEST_STEP][FAILED] - callTestCase(findTestCase("Components/00_Precision and Scale/DatePickerValidation"), ["index":1, "DtName":"rptRecvDt", "FirstRun":"Y"], STOP_ON_FAILURE): Unable to call Test Case 'Test Cases/Components/00_Precision and Scale/DatePickerValidation' (Root cause: com.kms.katalon.core.exception.StepFailedException: Call Test Case 'Test Cases/Components/00_Precision and Scale/DatePickerValidation' failed
	at com.kms.katalon.core.keyword.builtin.CallTestCaseKeyword$_callTestCase_closure1.doCall(CallTestCaseKeyword.groovy:63)
	at com.kms.katalon.core.keyword.builtin.CallTestCaseKeyword$_callTestCase_closure1.call(CallTestCaseKeyword.groovy)
	at com.kms.katalon.core.keyword.internal.KeywordMain.runKeyword(KeywordMain.groovy:68)
	at com.kms.katalon.core.keyword.builtin.CallTestCaseKeyword.callTestCase(CallTestCaseKeyword.groovy:81)
	at com.kms.katalon.core.keyword.builtin.CallTestCaseKeyword.execute(CallTestCaseKeyword.groovy:44)
	at com.kms.katalon.core.keyword.internal.KeywordExecutor.executeKeywordForPlatform(KeywordExecutor.groovy:72)
	at com.kms.katalon.core.keyword.BuiltinKeywords.callTestCase(BuiltinKeywords.groovy:334)
	at PFI.UpdateReportsLHS.run(PFI.UpdateReportsLHS:70)
	at com.kms.katalon.core.main.ScriptEngine.run(ScriptEngine.java:194)
	at com.kms.katalon.core.main.ScriptEngine.runScriptAsRawText(ScriptEngine.java:119)
	at com.kms.katalon.core.main.TestCaseExecutor.runScript(TestCaseExecutor.java:337)
	at com.kms.katalon.core.main.TestCaseExecutor.doExecute(TestCaseExecutor.java:328)
	at com.kms.katalon.core.main.TestCaseExecutor.processExecutionPhase(TestCaseExecutor.java:307)
	at com.kms.katalon.core.main.TestCaseExecutor.accessMainPhase(TestCaseExecutor.java:299)
	at com.kms.katalon.core.main.TestCaseExecutor.execute(TestCaseExecutor.java:233)
	at com.kms.katalon.core.main.TestSuiteExecutor.accessTestCaseMainPhase(TestSuiteExecutor.java:169)
	at com.kms.katalon.core.main.TestSuiteExecutor.accessTestSuiteMainPhase(TestSuiteExecutor.java:142)
	at com.kms.katalon.core.main.TestSuiteExecutor.execute(TestSuiteExecutor.java:91)
	at com.kms.katalon.core.main.TestCaseMain.startTestSuite(TestCaseMain.java:157)
	at com.kms.katalon.core.main.TestCaseMain$startTestSuite$0.call(Unknown Source)
	at TempTestSuite1589297932133.run(TempTestSuite1589297932133.groovy:36)
Caused by: com.kms.katalon.core.exception.StepFailedException: Actual text '28/05/2020' and expected text '12/05/2020' are not matched using regular expression
	at com.kms.katalon.core.keyword.builtin.VerifyMatchKeyword$_verifyMatch_closure1.doCall(VerifyMatchKeyword.groovy:57)
	at com.kms.katalon.core.keyword.builtin.VerifyMatchKeyword$_verifyMatch_closure1.call(VerifyMatchKeyword.groovy)
	at com.kms.katalon.core.keyword.internal.KeywordMain.runKeyword(KeywordMain.groovy:68)
	at com.kms.katalon.core.keyword.builtin.VerifyMatchKeyword.verifyMatch(VerifyMatchKeyword.groovy:60)
	at com.kms.katalon.core.keyword.builtin.VerifyMatchKeyword.execute(VerifyMatchKeyword.groovy:45)
	at com.kms.katalon.core.keyword.internal.KeywordExecutor.executeKeywordForPlatform(KeywordExecutor.groovy:72)
	at com.kms.katalon.core.keyword.BuiltinKeywords.verifyMatch(BuiltinKeywords.groovy:73)
	at DatePickerValidation.run(DatePickerValidation:127)
	at com.kms.katalon.core.main.ScriptEngine.run(ScriptEngine.java:194)
	at com.kms.katalon.core.main.ScriptEngine.runScriptAsRawText(ScriptEngine.java:119)
	at com.kms.katalon.core.main.TestCaseExecutor.runScript(TestCaseExecutor.java:337)
	at com.kms.katalon.core.main.TestCaseExecutor.doExecute(TestCaseExecutor.java:328)
	at com.kms.katalon.core.main.TestCaseExecutor.processExecutionPhase(TestCaseExecutor.java:307)
	at com.kms.katalon.core.main.TestCaseExecutor.accessMainPhase(TestCaseExecutor.java:299)
	at com.kms.katalon.core.main.TestCaseExecutor.execute(TestCaseExecutor.java:233)
	at com.kms.katalon.core.main.TestCaseMain.runTestCase(TestCaseMain.java:114)
	at com.kms.katalon.core.keyword.builtin.CallTestCaseKeyword$_callTestCase_closure1.doCall(CallTestCaseKeyword.groovy:59)
	... 20 more
)

2020-05-12 23:50:47 - [TEST_CASE][FAILED] - Test Cases/Components/00_Precision and Scale/DatePickerValidation: Test Cases/Components/00_Precision and Scale/DatePickerValidation FAILED.
Reason:
com.kms.katalon.core.exception.StepFailedException: Actual text '28/05/2020' and expected text '12/05/2020' are not matched using regular expression
	at com.kms.katalon.core.keyword.builtin.VerifyMatchKeyword$_verifyMatch_closure1.doCall(VerifyMatchKeyword.groovy:57)
	at com.kms.katalon.core.keyword.builtin.VerifyMatchKeyword$_verifyMatch_closure1.call(VerifyMatchKeyword.groovy)
	at com.kms.katalon.core.keyword.internal.KeywordMain.runKeyword(KeywordMain.groovy:68)
	at com.kms.katalon.core.keyword.builtin.VerifyMatchKeyword.verifyMatch(VerifyMatchKeyword.groovy:60)
	at com.kms.katalon.core.keyword.builtin.VerifyMatchKeyword.execute(VerifyMatchKeyword.groovy:45)
	at com.kms.katalon.core.keyword.internal.KeywordExecutor.executeKeywordForPlatform(KeywordExecutor.groovy:72)
	at com.kms.katalon.core.keyword.BuiltinKeywords.verifyMatch(BuiltinKeywords.groovy:73)
	at DatePickerValidation.run(DatePickerValidation:127)
	at com.kms.katalon.core.main.ScriptEngine.run(ScriptEngine.java:194)
	at com.kms.katalon.core.main.ScriptEngine.runScriptAsRawText(ScriptEngine.java:119)
	at com.kms.katalon.core.main.TestCaseExecutor.runScript(TestCaseExecutor.java:337)
	at com.kms.katalon.core.main.TestCaseExecutor.doExecute(TestCaseExecutor.java:328)
	at com.kms.katalon.core.main.TestCaseExecutor.processExecutionPhase(TestCaseExecutor.java:307)
	at com.kms.katalon.core.main.TestCaseExecutor.accessMainPhase(TestCaseExecutor.java:299)
	at com.kms.katalon.core.main.TestCaseExecutor.execute(TestCaseExecutor.java:233)
	at com.kms.katalon.core.main.TestCaseMain.runTestCase(TestCaseMain.java:114)
	at com.kms.katalon.core.keyword.builtin.CallTestCaseKeyword$_callTestCase_closure1.doCall(CallTestCaseKeyword.groovy:59)
	at com.kms.katalon.core.keyword.builtin.CallTestCaseKeyword$_callTestCase_closure1.call(CallTestCaseKeyword.groovy)
	at com.kms.katalon.core.keyword.internal.KeywordMain.runKeyword(KeywordMain.groovy:68)
	at com.kms.katalon.core.keyword.builtin.CallTestCaseKeyword.callTestCase(CallTestCaseKeyword.groovy:81)
	at com.kms.katalon.core.keyword.builtin.CallTestCaseKeyword.execute(CallTestCaseKeyword.groovy:44)
	at com.kms.katalon.core.keyword.internal.KeywordExecutor.executeKeywordForPlatform(KeywordExecutor.groovy:72)
	at com.kms.katalon.core.keyword.BuiltinKeywords.callTestCase(BuiltinKeywords.groovy:334)
	at PFI.UpdateReportsLHS.run(PFI.UpdateReportsLHS:70)
	at com.kms.katalon.core.main.ScriptEngine.run(ScriptEngine.java:194)
	at com.kms.katalon.core.main.ScriptEngine.runScriptAsRawText(ScriptEngine.java:119)
	at com.kms.katalon.core.main.TestCaseExecutor.runScript(TestCaseExecutor.java:337)
	at com.kms.katalon.core.main.TestCaseExecutor.doExecute(TestCaseExecutor.java:328)
	at com.kms.katalon.core.main.TestCaseExecutor.processExecutionPhase(TestCaseExecutor.java:307)
	at com.kms.katalon.core.main.TestCaseExecutor.accessMainPhase(TestCaseExecutor.java:299)
	at com.kms.katalon.core.main.TestCaseExecutor.execute(TestCaseExecutor.java:233)
	at com.kms.katalon.core.main.TestSuiteExecutor.accessTestCaseMainPhase(TestSuiteExecutor.java:169)
	at com.kms.katalon.core.main.TestSuiteExecutor.accessTestSuiteMainPhase(TestSuiteExecutor.java:142)
	at com.kms.katalon.core.main.TestSuiteExecutor.execute(TestSuiteExecutor.java:91)
	at com.kms.katalon.core.main.TestCaseMain.startTestSuite(TestCaseMain.java:157)
	at com.kms.katalon.core.main.TestCaseMain$startTestSuite$0.call(Unknown Source)
	at TempTestSuite1589297932133.run(TempTestSuite1589297932133.groovy:36)


2020-05-12 23:50:47 - [TEST_STEP][PASSED] - Thread.sleep(3000): null

2020-05-12 23:50:50 - [TEST_STEP][PASSED] - date = new java.util.Date(): null

2020-05-12 23:50:50 - [TEST_STEP][PASSED] - CurrentDate = new java.text.SimpleDateFormat(dd/MM/yyyy): null

2020-05-12 23:50:50 - [TEST_STEP][PASSED] - TodayDate = CurrentDate.format(date): null

2020-05-12 23:50:50 - [TEST_STEP][PASSED] - ModifiedInputField = modifyObjectProperty(findTestObject("Objects.DateValidation/Page_ISPS2/input__orderDt"), "name", "equals", DtName, true): Modify property of object successfully

2020-05-12 23:50:50 - [MESSAGE][PASSED] - Modify property of object successfully

2020-05-12 23:50:50 - [TEST_STEP][PASSED] - TodayBtn = modifyObjectProperty(findTestObject("Object Repository/Objects.DateValidation/Page_ISPS2/a_Today"), "xpath", "equals", "(//*[text() = 'Today'])[" + index + "]", true): Modify property of object successfully

2020-05-12 23:50:50 - [MESSAGE][PASSED] - Modify property of object successfully

2020-05-12 23:50:50 - [TEST_STEP][PASSED] - com.reusableComponents.HighlightElement.run(ModifiedInputField): com.reusableComponents.HighlightElement.run is PASSED

2020-05-12 23:50:51 - [MESSAGE][PASSED] - com.reusableComponents.HighlightElement.run is PASSED

2020-05-12 23:50:51 - [TEST_STEP][PASSED] - if (FirstRun == "Y"): Actual text '28/05/2020' and expected text '21/05/2020' are not matched  using regular expression

2020-05-12 23:50:51 - [TEST_STEP][PASSED] - sendKeys(ModifiedInputField, Keys.chord(ARROW_DOWN)): Keys 'DOWN + ' sent to object: 'Object Repository/Objects.DateValidation/Page_ISPS2/input__orderDt'

2020-05-12 23:50:51 - [MESSAGE][PASSED] - Keys 'DOWN + ' sent to object: 'Object Repository/Objects.DateValidation/Page_ISPS2/input__orderDt'

2020-05-12 23:50:51 - [TEST_STEP][PASSED] - com.reusableComponents.HighlightElement.run(findTestObject("Object Repository/Objects.DateValidation/Page_ISPS2/Day_picker")): com.reusableComponents.HighlightElement.run is PASSED

2020-05-12 23:50:52 - [MESSAGE][PASSED] - com.reusableComponents.HighlightElement.run is PASSED

2020-05-12 23:50:52 - [TEST_STEP][PASSED] - click(findTestObject("Object Repository/Objects.DateValidation/Page_ISPS2/Day_picker")): Object: 'Object Repository/Objects.DateValidation/Page_ISPS2/Day_picker' is clicked on

2020-05-12 23:50:53 - [MESSAGE][ERROR] - javascript error: Failed to execute 'elementsFromPoint' on 'Document': The provided double value is non-finite.
  (Session info: chrome=81.0.4044.138)
Build info: version: '3.141.59', revision: 'e82be7d358', time: '2018-11-14T08:25:53'
System info: host: 'NSNB-108', ip: '192.168.16.39', os.name: 'Windows 10', os.arch: 'amd64', os.version: '10.0', java.version: '1.8.0_181'
Driver info: com.kms.katalon.selenium.driver.CChromeDriver
Capabilities {acceptInsecureCerts: false, browserName: chrome, browserVersion: 81.0.4044.138, chrome: {chromedriverVersion: 81.0.4044.69 (6813546031a4b..., userDataDir: C:\Users\19023-~1\AppData\L...}, goog:chromeOptions: {debuggerAddress: localhost:62957}, javascriptEnabled: true, networkConnectionEnabled: false, pageLoadStrategy: normal, platform: WINDOWS, platformName: WINDOWS, proxy: Proxy(), setWindowRect: true, strictFileInteractability: false, timeouts: {implicit: 0, pageLoad: 300000, script: 30000}, unhandledPromptBehavior: dismiss and notify, webauthn:virtualAuthenticators: true}
Session ID: 8951429e1b240e6f73a9d9ac6f8ef331

2020-05-12 23:51:23 - [MESSAGE][ERROR] - javascript error: Failed to execute 'elementsFromPoint' on 'Document': The provided double value is non-finite.
  (Session info: chrome=81.0.4044.138)
Build info: version: '3.141.59', revision: 'e82be7d358', time: '2018-11-14T08:25:53'
System info: host: 'NSNB-108', ip: '192.168.16.39', os.name: 'Windows 10', os.arch: 'amd64', os.version: '10.0', java.version: '1.8.0_181'
Driver info: com.kms.katalon.selenium.driver.CChromeDriver
Capabilities {acceptInsecureCerts: false, browserName: chrome, browserVersion: 81.0.4044.138, chrome: {chromedriverVersion: 81.0.4044.69 (6813546031a4b..., userDataDir: C:\Users\19023-~1\AppData\L...}, goog:chromeOptions: {debuggerAddress: localhost:62957}, javascriptEnabled: true, networkConnectionEnabled: false, pageLoadStrategy: normal, platform: WINDOWS, platformName: WINDOWS, proxy: Proxy(), setWindowRect: true, strictFileInteractability: false, timeouts: {implicit: 0, pageLoad: 300000, script: 30000}, unhandledPromptBehavior: dismiss and notify, webauthn:virtualAuthenticators: true}
Session ID: 8951429e1b240e6f73a9d9ac6f8ef331

2020-05-12 23:51:23 - [MESSAGE][PASSED] - Object: 'Object Repository/Objects.DateValidation/Page_ISPS2/Day_picker' is clicked on

2020-05-12 23:51:23 - [TEST_STEP][PASSED] - GetEnteredDt1 = getAttribute(ModifiedInputField, "value"): Attribute 'value' of object 'Object Repository/Objects.DateValidation/Page_ISPS2/input__orderDt' is: '21/05/2020'

2020-05-12 23:51:24 - [MESSAGE][PASSED] - Attribute 'value' of object 'Object Repository/Objects.DateValidation/Page_ISPS2/input__orderDt' is: '21/05/2020'

2020-05-12 23:51:24 - [TEST_STEP][PASSED] - sendKeys(ModifiedInputField, Keys.chord(ARROW_DOWN)): Keys 'DOWN + ' sent to object: 'Object Repository/Objects.DateValidation/Page_ISPS2/input__orderDt'

2020-05-12 23:51:24 - [MESSAGE][PASSED] - Keys 'DOWN + ' sent to object: 'Object Repository/Objects.DateValidation/Page_ISPS2/input__orderDt'

2020-05-12 23:51:24 - [TEST_STEP][PASSED] - click(findTestObject("Object Repository/Objects.DateValidation/Page_ISPS2/NextMonth_Picker")): Object: 'Object Repository/Objects.DateValidation/Page_ISPS2/NextMonth_Picker' is clicked on

2020-05-12 23:51:24 - [MESSAGE][ERROR] - javascript error: Failed to execute 'elementsFromPoint' on 'Document': The provided double value is non-finite.
  (Session info: chrome=81.0.4044.138)
Build info: version: '3.141.59', revision: 'e82be7d358', time: '2018-11-14T08:25:53'
System info: host: 'NSNB-108', ip: '192.168.16.39', os.name: 'Windows 10', os.arch: 'amd64', os.version: '10.0', java.version: '1.8.0_181'
Driver info: com.kms.katalon.selenium.driver.CChromeDriver
Capabilities {acceptInsecureCerts: false, browserName: chrome, browserVersion: 81.0.4044.138, chrome: {chromedriverVersion: 81.0.4044.69 (6813546031a4b..., userDataDir: C:\Users\19023-~1\AppData\L...}, goog:chromeOptions: {debuggerAddress: localhost:62957}, javascriptEnabled: true, networkConnectionEnabled: false, pageLoadStrategy: normal, platform: WINDOWS, platformName: WINDOWS, proxy: Proxy(), setWindowRect: true, strictFileInteractability: false, timeouts: {implicit: 0, pageLoad: 300000, script: 30000}, unhandledPromptBehavior: dismiss and notify, webauthn:virtualAuthenticators: true}
Session ID: 8951429e1b240e6f73a9d9ac6f8ef331

2020-05-12 23:51:55 - [MESSAGE][ERROR] - javascript error: Failed to execute 'elementsFromPoint' on 'Document': The provided double value is non-finite.
  (Session info: chrome=81.0.4044.138)
Build info: version: '3.141.59', revision: 'e82be7d358', time: '2018-11-14T08:25:53'
System info: host: 'NSNB-108', ip: '192.168.16.39', os.name: 'Windows 10', os.arch: 'amd64', os.version: '10.0', java.version: '1.8.0_181'
Driver info: com.kms.katalon.selenium.driver.CChromeDriver
Capabilities {acceptInsecureCerts: false, browserName: chrome, browserVersion: 81.0.4044.138, chrome: {chromedriverVersion: 81.0.4044.69 (6813546031a4b..., userDataDir: C:\Users\19023-~1\AppData\L...}, goog:chromeOptions: {debuggerAddress: localhost:62957}, javascriptEnabled: true, networkConnectionEnabled: false, pageLoadStrategy: normal, platform: WINDOWS, platformName: WINDOWS, proxy: Proxy(), setWindowRect: true, strictFileInteractability: false, timeouts: {implicit: 0, pageLoad: 300000, script: 30000}, unhandledPromptBehavior: dismiss and notify, webauthn:virtualAuthenticators: true}
Session ID: 8951429e1b240e6f73a9d9ac6f8ef331

2020-05-12 23:51:55 - [MESSAGE][PASSED] - Object: 'Object Repository/Objects.DateValidation/Page_ISPS2/NextMonth_Picker' is clicked on

2020-05-12 23:51:55 - [TEST_STEP][PASSED] - com.reusableComponents.HighlightElement.run(findTestObject("Object Repository/Objects.DateValidation/Page_ISPS2/Day_picker")): com.reusableComponents.HighlightElement.run is PASSED

2020-05-12 23:51:55 - [MESSAGE][PASSED] - com.reusableComponents.HighlightElement.run is PASSED

2020-05-12 23:51:55 - [TEST_STEP][PASSED] - click(findTestObject("Object Repository/Objects.DateValidation/Page_ISPS2/Day_picker")): Object: 'Object Repository/Objects.DateValidation/Page_ISPS2/Day_picker' is clicked on

2020-05-12 23:51:56 - [MESSAGE][ERROR] - javascript error: Failed to execute 'elementsFromPoint' on 'Document': The provided double value is non-finite.
  (Session info: chrome=81.0.4044.138)
Build info: version: '3.141.59', revision: 'e82be7d358', time: '2018-11-14T08:25:53'
System info: host: 'NSNB-108', ip: '192.168.16.39', os.name: 'Windows 10', os.arch: 'amd64', os.version: '10.0', java.version: '1.8.0_181'
Driver info: com.kms.katalon.selenium.driver.CChromeDriver
Capabilities {acceptInsecureCerts: false, browserName: chrome, browserVersion: 81.0.4044.138, chrome: {chromedriverVersion: 81.0.4044.69 (6813546031a4b..., userDataDir: C:\Users\19023-~1\AppData\L...}, goog:chromeOptions: {debuggerAddress: localhost:62957}, javascriptEnabled: true, networkConnectionEnabled: false, pageLoadStrategy: normal, platform: WINDOWS, platformName: WINDOWS, proxy: Proxy(), setWindowRect: true, strictFileInteractability: false, timeouts: {implicit: 0, pageLoad: 300000, script: 30000}, unhandledPromptBehavior: dismiss and notify, webauthn:virtualAuthenticators: true}
Session ID: 8951429e1b240e6f73a9d9ac6f8ef331

2020-05-12 23:52:26 - [MESSAGE][ERROR] - javascript error: Failed to execute 'elementsFromPoint' on 'Document': The provided double value is non-finite.
  (Session info: chrome=81.0.4044.138)
Build info: version: '3.141.59', revision: 'e82be7d358', time: '2018-11-14T08:25:53'
System info: host: 'NSNB-108', ip: '192.168.16.39', os.name: 'Windows 10', os.arch: 'amd64', os.version: '10.0', java.version: '1.8.0_181'
Driver info: com.kms.katalon.selenium.driver.CChromeDriver
Capabilities {acceptInsecureCerts: false, browserName: chrome, browserVersion: 81.0.4044.138, chrome: {chromedriverVersion: 81.0.4044.69 (6813546031a4b..., userDataDir: C:\Users\19023-~1\AppData\L...}, goog:chromeOptions: {debuggerAddress: localhost:62957}, javascriptEnabled: true, networkConnectionEnabled: false, pageLoadStrategy: normal, platform: WINDOWS, platformName: WINDOWS, proxy: Proxy(), setWindowRect: true, strictFileInteractability: false, timeouts: {implicit: 0, pageLoad: 300000, script: 30000}, unhandledPromptBehavior: dismiss and notify, webauthn:virtualAuthenticators: true}
Session ID: 8951429e1b240e6f73a9d9ac6f8ef331

2020-05-12 23:52:26 - [MESSAGE][PASSED] - Object: 'Object Repository/Objects.DateValidation/Page_ISPS2/Day_picker' is clicked on

2020-05-12 23:52:26 - [TEST_STEP][PASSED] - GetEnteredDt2 = getAttribute(ModifiedInputField, "value"): Attribute 'value' of object 'Object Repository/Objects.DateValidation/Page_ISPS2/input__orderDt' is: '28/05/2020'

2020-05-12 23:52:27 - [MESSAGE][PASSED] - Attribute 'value' of object 'Object Repository/Objects.DateValidation/Page_ISPS2/input__orderDt' is: '28/05/2020'

2020-05-12 23:52:27 - [TEST_STEP][PASSED] - verifyNotMatch(GetEnteredDt2, GetEnteredDt1, true): Actual text '28/05/2020' and expected text '21/05/2020' are not matched  using regular expression

2020-05-12 23:52:27 - [MESSAGE][PASSED] - Actual text '28/05/2020' and expected text '21/05/2020' are not matched  using regular expression

2020-05-12 23:52:27 - [TEST_STEP][PASSED] - sendKeys(ModifiedInputField, Keys.chord(ARROW_DOWN)): Keys 'DOWN + ' sent to object: 'Object Repository/Objects.DateValidation/Page_ISPS2/input__orderDt'

2020-05-12 23:52:27 - [MESSAGE][PASSED] - Keys 'DOWN + ' sent to object: 'Object Repository/Objects.DateValidation/Page_ISPS2/input__orderDt'

2020-05-12 23:52:27 - [TEST_STEP][PASSED] - com.reusableComponents.HighlightElement.run(TodayBtn): com.reusableComponents.HighlightElement.run is PASSED

2020-05-12 23:52:28 - [MESSAGE][PASSED] - com.reusableComponents.HighlightElement.run is PASSED

2020-05-12 23:52:28 - [TEST_STEP][PASSED] - click(TodayBtn): Object: 'Object Repository/Objects.DateValidation/Page_ISPS2/a_Today' is clicked on

2020-05-12 23:52:28 - [MESSAGE][ERROR] - javascript error: Failed to execute 'elementsFromPoint' on 'Document': The provided double value is non-finite.
  (Session info: chrome=81.0.4044.138)
Build info: version: '3.141.59', revision: 'e82be7d358', time: '2018-11-14T08:25:53'
System info: host: 'NSNB-108', ip: '192.168.16.39', os.name: 'Windows 10', os.arch: 'amd64', os.version: '10.0', java.version: '1.8.0_181'
Driver info: com.kms.katalon.selenium.driver.CChromeDriver
Capabilities {acceptInsecureCerts: false, browserName: chrome, browserVersion: 81.0.4044.138, chrome: {chromedriverVersion: 81.0.4044.69 (6813546031a4b..., userDataDir: C:\Users\19023-~1\AppData\L...}, goog:chromeOptions: {debuggerAddress: localhost:62957}, javascriptEnabled: true, networkConnectionEnabled: false, pageLoadStrategy: normal, platform: WINDOWS, platformName: WINDOWS, proxy: Proxy(), setWindowRect: true, strictFileInteractability: false, timeouts: {implicit: 0, pageLoad: 300000, script: 30000}, unhandledPromptBehavior: dismiss and notify, webauthn:virtualAuthenticators: true}
Session ID: 8951429e1b240e6f73a9d9ac6f8ef331

2020-05-12 23:52:58 - [MESSAGE][ERROR] - javascript error: Failed to execute 'elementsFromPoint' on 'Document': The provided double value is non-finite.
  (Session info: chrome=81.0.4044.138)
Build info: version: '3.141.59', revision: 'e82be7d358', time: '2018-11-14T08:25:53'
System info: host: 'NSNB-108', ip: '192.168.16.39', os.name: 'Windows 10', os.arch: 'amd64', os.version: '10.0', java.version: '1.8.0_181'
Driver info: com.kms.katalon.selenium.driver.CChromeDriver
Capabilities {acceptInsecureCerts: false, browserName: chrome, browserVersion: 81.0.4044.138, chrome: {chromedriverVersion: 81.0.4044.69 (6813546031a4b..., userDataDir: C:\Users\19023-~1\AppData\L...}, goog:chromeOptions: {debuggerAddress: localhost:62957}, javascriptEnabled: true, networkConnectionEnabled: false, pageLoadStrategy: normal, platform: WINDOWS, platformName: WINDOWS, proxy: Proxy(), setWindowRect: true, strictFileInteractability: false, timeouts: {implicit: 0, pageLoad: 300000, script: 30000}, unhandledPromptBehavior: dismiss and notify, webauthn:virtualAuthenticators: true}
Session ID: 8951429e1b240e6f73a9d9ac6f8ef331

2020-05-12 23:52:58 - [MESSAGE][PASSED] - Object: 'Object Repository/Objects.DateValidation/Page_ISPS2/a_Today' is clicked on

2020-05-12 23:52:58 - [TEST_STEP][PASSED] - GetEnteredDt3 = getAttribute(ModifiedInputField, "value"): Attribute 'value' of object 'Object Repository/Objects.DateValidation/Page_ISPS2/input__orderDt' is: '28/05/2020'

2020-05-12 23:52:59 - [MESSAGE][PASSED] - Attribute 'value' of object 'Object Repository/Objects.DateValidation/Page_ISPS2/input__orderDt' is: '28/05/2020'

2020-05-12 23:52:59 - [TEST_STEP][FAILED] - verifyMatch(GetEnteredDt3, TodayDate, true): Unable to verify match between actual text '28/05/2020' and expected text '12/05/2020' using regular expression (Root cause: com.kms.katalon.core.exception.StepFailedException: Actual text '28/05/2020' and expected text '12/05/2020' are not matched using regular expression
	at com.kms.katalon.core.keyword.builtin.VerifyMatchKeyword$_verifyMatch_closure1.doCall(VerifyMatchKeyword.groovy:57)
	at com.kms.katalon.core.keyword.builtin.VerifyMatchKeyword$_verifyMatch_closure1.call(VerifyMatchKeyword.groovy)
	at com.kms.katalon.core.keyword.internal.KeywordMain.runKeyword(KeywordMain.groovy:68)
	at com.kms.katalon.core.keyword.builtin.VerifyMatchKeyword.verifyMatch(VerifyMatchKeyword.groovy:60)
	at com.kms.katalon.core.keyword.builtin.VerifyMatchKeyword.execute(VerifyMatchKeyword.groovy:45)
	at com.kms.katalon.core.keyword.internal.KeywordExecutor.executeKeywordForPlatform(KeywordExecutor.groovy:72)
	at com.kms.katalon.core.keyword.BuiltinKeywords.verifyMatch(BuiltinKeywords.groovy:73)
	at DatePickerValidation.run(DatePickerValidation:127)
	at com.kms.katalon.core.main.ScriptEngine.run(ScriptEngine.java:194)
	at com.kms.katalon.core.main.ScriptEngine.runScriptAsRawText(ScriptEngine.java:119)
	at com.kms.katalon.core.main.TestCaseExecutor.runScript(TestCaseExecutor.java:337)
	at com.kms.katalon.core.main.TestCaseExecutor.doExecute(TestCaseExecutor.java:328)
	at com.kms.katalon.core.main.TestCaseExecutor.processExecutionPhase(TestCaseExecutor.java:307)
	at com.kms.katalon.core.main.TestCaseExecutor.accessMainPhase(TestCaseExecutor.java:299)
	at com.kms.katalon.core.main.TestCaseExecutor.execute(TestCaseExecutor.java:233)
	at com.kms.katalon.core.main.TestCaseMain.runTestCase(TestCaseMain.java:114)
	at com.kms.katalon.core.keyword.builtin.CallTestCaseKeyword$_callTestCase_closure1.doCall(CallTestCaseKeyword.groovy:59)
	at com.kms.katalon.core.keyword.builtin.CallTestCaseKeyword$_callTestCase_closure1.call(CallTestCaseKeyword.groovy)
	at com.kms.katalon.core.keyword.internal.KeywordMain.runKeyword(KeywordMain.groovy:68)
	at com.kms.katalon.core.keyword.builtin.CallTestCaseKeyword.callTestCase(CallTestCaseKeyword.groovy:81)
	at com.kms.katalon.core.keyword.builtin.CallTestCaseKeyword.execute(CallTestCaseKeyword.groovy:44)
	at com.kms.katalon.core.keyword.internal.KeywordExecutor.executeKeywordForPlatform(KeywordExecutor.groovy:72)
	at com.kms.katalon.core.keyword.BuiltinKeywords.callTestCase(BuiltinKeywords.groovy:334)
	at PFI.UpdateReportsLHS.run(PFI.UpdateReportsLHS:70)
	at com.kms.katalon.core.main.ScriptEngine.run(ScriptEngine.java:194)
	at com.kms.katalon.core.main.ScriptEngine.runScriptAsRawText(ScriptEngine.java:119)
	at com.kms.katalon.core.main.TestCaseExecutor.runScript(TestCaseExecutor.java:337)
	at com.kms.katalon.core.main.TestCaseExecutor.doExecute(TestCaseExecutor.java:328)
	at com.kms.katalon.core.main.TestCaseExecutor.processExecutionPhase(TestCaseExecutor.java:307)
	at com.kms.katalon.core.main.TestCaseExecutor.accessMainPhase(TestCaseExecutor.java:299)
	at com.kms.katalon.core.main.TestCaseExecutor.execute(TestCaseExecutor.java:233)
	at com.kms.katalon.core.main.TestSuiteExecutor.accessTestCaseMainPhase(TestSuiteExecutor.java:169)
	at com.kms.katalon.core.main.TestSuiteExecutor.accessTestSuiteMainPhase(TestSuiteExecutor.java:142)
	at com.kms.katalon.core.main.TestSuiteExecutor.execute(TestSuiteExecutor.java:91)
	at com.kms.katalon.core.main.TestCaseMain.startTestSuite(TestCaseMain.java:157)
	at com.kms.katalon.core.main.TestCaseMain$startTestSuite$0.call(Unknown Source)
	at TempTestSuite1589297932133.run(TempTestSuite1589297932133.groovy:36)
)

2020-05-12 23:52:59 - [MESSAGE][FAILED] - Unable to verify match between actual text '28/05/2020' and expected text '12/05/2020' using regular expression (Root cause: com.kms.katalon.core.exception.StepFailedException: Actual text '28/05/2020' and expected text '12/05/2020' are not matched using regular expression
	at com.kms.katalon.core.keyword.builtin.VerifyMatchKeyword$_verifyMatch_closure1.doCall(VerifyMatchKeyword.groovy:57)
	at com.kms.katalon.core.keyword.builtin.VerifyMatchKeyword$_verifyMatch_closure1.call(VerifyMatchKeyword.groovy)
	at com.kms.katalon.core.keyword.internal.KeywordMain.runKeyword(KeywordMain.groovy:68)
	at com.kms.katalon.core.keyword.builtin.VerifyMatchKeyword.verifyMatch(VerifyMatchKeyword.groovy:60)
	at com.kms.katalon.core.keyword.builtin.VerifyMatchKeyword.execute(VerifyMatchKeyword.groovy:45)
	at com.kms.katalon.core.keyword.internal.KeywordExecutor.executeKeywordForPlatform(KeywordExecutor.groovy:72)
	at com.kms.katalon.core.keyword.BuiltinKeywords.verifyMatch(BuiltinKeywords.groovy:73)
	at DatePickerValidation.run(DatePickerValidation:127)
	at com.kms.katalon.core.main.ScriptEngine.run(ScriptEngine.java:194)
	at com.kms.katalon.core.main.ScriptEngine.runScriptAsRawText(ScriptEngine.java:119)
	at com.kms.katalon.core.main.TestCaseExecutor.runScript(TestCaseExecutor.java:337)
	at com.kms.katalon.core.main.TestCaseExecutor.doExecute(TestCaseExecutor.java:328)
	at com.kms.katalon.core.main.TestCaseExecutor.processExecutionPhase(TestCaseExecutor.java:307)
	at com.kms.katalon.core.main.TestCaseExecutor.accessMainPhase(TestCaseExecutor.java:299)
	at com.kms.katalon.core.main.TestCaseExecutor.execute(TestCaseExecutor.java:233)
	at com.kms.katalon.core.main.TestCaseMain.runTestCase(TestCaseMain.java:114)
	at com.kms.katalon.core.keyword.builtin.CallTestCaseKeyword$_callTestCase_closure1.doCall(CallTestCaseKeyword.groovy:59)
	at com.kms.katalon.core.keyword.builtin.CallTestCaseKeyword$_callTestCase_closure1.call(CallTestCaseKeyword.groovy)
	at com.kms.katalon.core.keyword.internal.KeywordMain.runKeyword(KeywordMain.groovy:68)
	at com.kms.katalon.core.keyword.builtin.CallTestCaseKeyword.callTestCase(CallTestCaseKeyword.groovy:81)
	at com.kms.katalon.core.keyword.builtin.CallTestCaseKeyword.execute(CallTestCaseKeyword.groovy:44)
	at com.kms.katalon.core.keyword.internal.KeywordExecutor.executeKeywordForPlatform(KeywordExecutor.groovy:72)
	at com.kms.katalon.core.keyword.BuiltinKeywords.callTestCase(BuiltinKeywords.groovy:334)
	at PFI.UpdateReportsLHS.run(PFI.UpdateReportsLHS:70)
	at com.kms.katalon.core.main.ScriptEngine.run(ScriptEngine.java:194)
	at com.kms.katalon.core.main.ScriptEngine.runScriptAsRawText(ScriptEngine.java:119)
	at com.kms.katalon.core.main.TestCaseExecutor.runScript(TestCaseExecutor.java:337)
	at com.kms.katalon.core.main.TestCaseExecutor.doExecute(TestCaseExecutor.java:328)
	at com.kms.katalon.core.main.TestCaseExecutor.processExecutionPhase(TestCaseExecutor.java:307)
	at com.kms.katalon.core.main.TestCaseExecutor.accessMainPhase(TestCaseExecutor.java:299)
	at com.kms.katalon.core.main.TestCaseExecutor.execute(TestCaseExecutor.java:233)
	at com.kms.katalon.core.main.TestSuiteExecutor.accessTestCaseMainPhase(TestSuiteExecutor.java:169)
	at com.kms.katalon.core.main.TestSuiteExecutor.accessTestSuiteMainPhase(TestSuiteExecutor.java:142)
	at com.kms.katalon.core.main.TestSuiteExecutor.execute(TestSuiteExecutor.java:91)
	at com.kms.katalon.core.main.TestCaseMain.startTestSuite(TestCaseMain.java:157)
	at com.kms.katalon.core.main.TestCaseMain$startTestSuite$0.call(Unknown Source)
	at TempTestSuite1589297932133.run(TempTestSuite1589297932133.groovy:36)
)

2020-05-12 23:52:59 - [MESSAGE][FAILED] - Unable to call Test Case 'Test Cases/Components/00_Precision and Scale/DatePickerValidation' (Root cause: com.kms.katalon.core.exception.StepFailedException: Call Test Case 'Test Cases/Components/00_Precision and Scale/DatePickerValidation' failed
	at com.kms.katalon.core.keyword.builtin.CallTestCaseKeyword$_callTestCase_closure1.doCall(CallTestCaseKeyword.groovy:63)
	at com.kms.katalon.core.keyword.builtin.CallTestCaseKeyword$_callTestCase_closure1.call(CallTestCaseKeyword.groovy)
	at com.kms.katalon.core.keyword.internal.KeywordMain.runKeyword(KeywordMain.groovy:68)
	at com.kms.katalon.core.keyword.builtin.CallTestCaseKeyword.callTestCase(CallTestCaseKeyword.groovy:81)
	at com.kms.katalon.core.keyword.builtin.CallTestCaseKeyword.execute(CallTestCaseKeyword.groovy:44)
	at com.kms.katalon.core.keyword.internal.KeywordExecutor.executeKeywordForPlatform(KeywordExecutor.groovy:72)
	at com.kms.katalon.core.keyword.BuiltinKeywords.callTestCase(BuiltinKeywords.groovy:334)
	at PFI.UpdateReportsLHS.run(PFI.UpdateReportsLHS:70)
	at com.kms.katalon.core.main.ScriptEngine.run(ScriptEngine.java:194)
	at com.kms.katalon.core.main.ScriptEngine.runScriptAsRawText(ScriptEngine.java:119)
	at com.kms.katalon.core.main.TestCaseExecutor.runScript(TestCaseExecutor.java:337)
	at com.kms.katalon.core.main.TestCaseExecutor.doExecute(TestCaseExecutor.java:328)
	at com.kms.katalon.core.main.TestCaseExecutor.processExecutionPhase(TestCaseExecutor.java:307)
	at com.kms.katalon.core.main.TestCaseExecutor.accessMainPhase(TestCaseExecutor.java:299)
	at com.kms.katalon.core.main.TestCaseExecutor.execute(TestCaseExecutor.java:233)
	at com.kms.katalon.core.main.TestSuiteExecutor.accessTestCaseMainPhase(TestSuiteExecutor.java:169)
	at com.kms.katalon.core.main.TestSuiteExecutor.accessTestSuiteMainPhase(TestSuiteExecutor.java:142)
	at com.kms.katalon.core.main.TestSuiteExecutor.execute(TestSuiteExecutor.java:91)
	at com.kms.katalon.core.main.TestCaseMain.startTestSuite(TestCaseMain.java:157)
	at com.kms.katalon.core.main.TestCaseMain$startTestSuite$0.call(Unknown Source)
	at TempTestSuite1589297932133.run(TempTestSuite1589297932133.groovy:36)
Caused by: com.kms.katalon.core.exception.StepFailedException: Actual text '28/05/2020' and expected text '12/05/2020' are not matched using regular expression
	at com.kms.katalon.core.keyword.builtin.VerifyMatchKeyword$_verifyMatch_closure1.doCall(VerifyMatchKeyword.groovy:57)
	at com.kms.katalon.core.keyword.builtin.VerifyMatchKeyword$_verifyMatch_closure1.call(VerifyMatchKeyword.groovy)
	at com.kms.katalon.core.keyword.internal.KeywordMain.runKeyword(KeywordMain.groovy:68)
	at com.kms.katalon.core.keyword.builtin.VerifyMatchKeyword.verifyMatch(VerifyMatchKeyword.groovy:60)
	at com.kms.katalon.core.keyword.builtin.VerifyMatchKeyword.execute(VerifyMatchKeyword.groovy:45)
	at com.kms.katalon.core.keyword.internal.KeywordExecutor.executeKeywordForPlatform(KeywordExecutor.groovy:72)
	at com.kms.katalon.core.keyword.BuiltinKeywords.verifyMatch(BuiltinKeywords.groovy:73)
	at DatePickerValidation.run(DatePickerValidation:127)
	at com.kms.katalon.core.main.ScriptEngine.run(ScriptEngine.java:194)
	at com.kms.katalon.core.main.ScriptEngine.runScriptAsRawText(ScriptEngine.java:119)
	at com.kms.katalon.core.main.TestCaseExecutor.runScript(TestCaseExecutor.java:337)
	at com.kms.katalon.core.main.TestCaseExecutor.doExecute(TestCaseExecutor.java:328)
	at com.kms.katalon.core.main.TestCaseExecutor.processExecutionPhase(TestCaseExecutor.java:307)
	at com.kms.katalon.core.main.TestCaseExecutor.accessMainPhase(TestCaseExecutor.java:299)
	at com.kms.katalon.core.main.TestCaseExecutor.execute(TestCaseExecutor.java:233)
	at com.kms.katalon.core.main.TestCaseMain.runTestCase(TestCaseMain.java:114)
	at com.kms.katalon.core.keyword.builtin.CallTestCaseKeyword$_callTestCase_closure1.doCall(CallTestCaseKeyword.groovy:59)
	... 20 more
)]]></system-out>
         <system-err><![CDATA[2020-05-12 23:49:34 - [TEST_CASE][FAILED] - Test Cases/PFI Precision and Scale/PFI Test Cases/PFI.UpdateReportsLHS: Test Cases/PFI Precision and Scale/PFI Test Cases/PFI.UpdateReportsLHS FAILED.
Reason:
com.kms.katalon.core.exception.StepFailedException: Call Test Case 'Test Cases/Components/00_Precision and Scale/DatePickerValidation' failed
	at com.kms.katalon.core.keyword.builtin.CallTestCaseKeyword$_callTestCase_closure1.doCall(CallTestCaseKeyword.groovy:63)
	at com.kms.katalon.core.keyword.builtin.CallTestCaseKeyword$_callTestCase_closure1.call(CallTestCaseKeyword.groovy)
	at com.kms.katalon.core.keyword.internal.KeywordMain.runKeyword(KeywordMain.groovy:68)
	at com.kms.katalon.core.keyword.builtin.CallTestCaseKeyword.callTestCase(CallTestCaseKeyword.groovy:81)
	at com.kms.katalon.core.keyword.builtin.CallTestCaseKeyword.execute(CallTestCaseKeyword.groovy:44)
	at com.kms.katalon.core.keyword.internal.KeywordExecutor.executeKeywordForPlatform(KeywordExecutor.groovy:72)
	at com.kms.katalon.core.keyword.BuiltinKeywords.callTestCase(BuiltinKeywords.groovy:334)
	at PFI.UpdateReportsLHS.run(PFI.UpdateReportsLHS:70)
	at com.kms.katalon.core.main.ScriptEngine.run(ScriptEngine.java:194)
	at com.kms.katalon.core.main.ScriptEngine.runScriptAsRawText(ScriptEngine.java:119)
	at com.kms.katalon.core.main.TestCaseExecutor.runScript(TestCaseExecutor.java:337)
	at com.kms.katalon.core.main.TestCaseExecutor.doExecute(TestCaseExecutor.java:328)
	at com.kms.katalon.core.main.TestCaseExecutor.processExecutionPhase(TestCaseExecutor.java:307)
	at com.kms.katalon.core.main.TestCaseExecutor.accessMainPhase(TestCaseExecutor.java:299)
	at com.kms.katalon.core.main.TestCaseExecutor.execute(TestCaseExecutor.java:233)
	at com.kms.katalon.core.main.TestSuiteExecutor.accessTestCaseMainPhase(TestSuiteExecutor.java:169)
	at com.kms.katalon.core.main.TestSuiteExecutor.accessTestSuiteMainPhase(TestSuiteExecutor.java:142)
	at com.kms.katalon.core.main.TestSuiteExecutor.execute(TestSuiteExecutor.java:91)
	at com.kms.katalon.core.main.TestCaseMain.startTestSuite(TestCaseMain.java:157)
	at com.kms.katalon.core.main.TestCaseMain$startTestSuite$0.call(Unknown Source)
	at TempTestSuite1589297932133.run(TempTestSuite1589297932133.groovy:36)
Caused by: com.kms.katalon.core.exception.StepFailedException: Actual text '28/05/2020' and expected text '12/05/2020' are not matched using regular expression
	at com.kms.katalon.core.keyword.builtin.VerifyMatchKeyword$_verifyMatch_closure1.doCall(VerifyMatchKeyword.groovy:57)
	at com.kms.katalon.core.keyword.builtin.VerifyMatchKeyword$_verifyMatch_closure1.call(VerifyMatchKeyword.groovy)
	at com.kms.katalon.core.keyword.internal.KeywordMain.runKeyword(KeywordMain.groovy:68)
	at com.kms.katalon.core.keyword.builtin.VerifyMatchKeyword.verifyMatch(VerifyMatchKeyword.groovy:60)
	at com.kms.katalon.core.keyword.builtin.VerifyMatchKeyword.execute(VerifyMatchKeyword.groovy:45)
	at com.kms.katalon.core.keyword.internal.KeywordExecutor.executeKeywordForPlatform(KeywordExecutor.groovy:72)
	at com.kms.katalon.core.keyword.BuiltinKeywords.verifyMatch(BuiltinKeywords.groovy:73)
	at DatePickerValidation.run(DatePickerValidation:127)
	at com.kms.katalon.core.main.ScriptEngine.run(ScriptEngine.java:194)
	at com.kms.katalon.core.main.ScriptEngine.runScriptAsRawText(ScriptEngine.java:119)
	at com.kms.katalon.core.main.TestCaseExecutor.runScript(TestCaseExecutor.java:337)
	at com.kms.katalon.core.main.TestCaseExecutor.doExecute(TestCaseExecutor.java:328)
	at com.kms.katalon.core.main.TestCaseExecutor.processExecutionPhase(TestCaseExecutor.java:307)
	at com.kms.katalon.core.main.TestCaseExecutor.accessMainPhase(TestCaseExecutor.java:299)
	at com.kms.katalon.core.main.TestCaseExecutor.execute(TestCaseExecutor.java:233)
	at com.kms.katalon.core.main.TestCaseMain.runTestCase(TestCaseMain.java:114)
	at com.kms.katalon.core.keyword.builtin.CallTestCaseKeyword$_callTestCase_closure1.doCall(CallTestCaseKeyword.groovy:59)
	... 20 more]]></system-err>
      </testcase>
      <testcase name="Test Cases/PFI Precision and Scale/PFI Test Cases/PFI.ConvertToAuditInspectionLHS" time="83.394" classname="Test Cases/PFI Precision and Scale/PFI Test Cases/PFI.ConvertToAuditInspectionLHS" status="ERROR">
         <error type="ERROR" message="Test Cases/PFI Precision and Scale/PFI Test Cases/PFI.ConvertToAuditInspectionLHS FAILED.
Reason:
com.kms.katalon.core.exception.StepErrorException: Call Test Case 'Test Cases/PFI Precision and Scale/PFI Components/DataErrorValidation' failed because of error(s)
	at com.kms.katalon.core.keyword.builtin.CallTestCaseKeyword$_callTestCase_closure1.doCall(CallTestCaseKeyword.groovy:66)
	at com.kms.katalon.core.keyword.builtin.CallTestCaseKeyword$_callTestCase_closure1.call(CallTestCaseKeyword.groovy)
	at com.kms.katalon.core.keyword.internal.KeywordMain.runKeyword(KeywordMain.groovy:68)
	at com.kms.katalon.core.keyword.builtin.CallTestCaseKeyword.callTestCase(CallTestCaseKeyword.groovy:81)
	at com.kms.katalon.core.keyword.builtin.CallTestCaseKeyword.execute(CallTestCaseKeyword.groovy:44)
	at com.kms.katalon.core.keyword.internal.KeywordExecutor.executeKeywordForPlatform(KeywordExecutor.groovy:72)
	at com.kms.katalon.core.keyword.BuiltinKeywords.callTestCase(BuiltinKeywords.groovy:334)
	at PFI.ConvertToAuditInspectionLHS.run(PFI.ConvertToAuditInspectionLHS:57)
	at com.kms.katalon.core.main.ScriptEngine.run(ScriptEngine.java:194)
	at com.kms.katalon.core.main.ScriptEngine.runScriptAsRawText(ScriptEngine.java:119)
	at com.kms.katalon.core.main.TestCaseExecutor.runScript(TestCaseExecutor.java:337)
	at com.kms.katalon.core.main.TestCaseExecutor.doExecute(TestCaseExecutor.java:328)
	at com.kms.katalon.core.main.TestCaseExecutor.processExecutionPhase(TestCaseExecutor.java:307)
	at com.kms.katalon.core.main.TestCaseExecutor.accessMainPhase(TestCaseExecutor.java:299)
	at com.kms.katalon.core.main.TestCaseExecutor.execute(TestCaseExecutor.java:233)
	at com.kms.katalon.core.main.TestSuiteExecutor.accessTestCaseMainPhase(TestSuiteExecutor.java:169)
	at com.kms.katalon.core.main.TestSuiteExecutor.accessTestSuiteMainPhase(TestSuiteExecutor.java:142)
	at com.kms.katalon.core.main.TestSuiteExecutor.execute(TestSuiteExecutor.java:91)
	at com.kms.katalon.core.main.TestCaseMain.startTestSuite(TestCaseMain.java:157)
	at com.kms.katalon.core.main.TestCaseMain$startTestSuite$0.call(Unknown Source)
	at TempTestSuite1589297932133.run(TempTestSuite1589297932133.groovy:36)
Caused by: org.codehaus.groovy.runtime.InvokerInvocationException: java.lang.AssertionError: Web element with id: 'Object Repository/Objects.NameValidation/input_FieldName' located by 'By.xpath: //input[@name = 'NovaOfficerComboBox-1938-inputEl']' not found
	at com.reusableComponents.HighlightElement.invokeMethod(HighlightElement.groovy)
	at com.kms.katalon.core.main.CustomKeywordDelegatingMetaClass.invokeStaticMethod(CustomKeywordDelegatingMetaClass.java:50)
	at DataErrorValidation.run(DataErrorValidation:31)
	at com.kms.katalon.core.main.ScriptEngine.run(ScriptEngine.java:194)
	at com.kms.katalon.core.main.ScriptEngine.runScriptAsRawText(ScriptEngine.java:119)
	at com.kms.katalon.core.main.TestCaseExecutor.runScript(TestCaseExecutor.java:337)
	at com.kms.katalon.core.main.TestCaseExecutor.doExecute(TestCaseExecutor.java:328)
	at com.kms.katalon.core.main.TestCaseExecutor.processExecutionPhase(TestCaseExecutor.java:307)
	at com.kms.katalon.core.main.TestCaseExecutor.accessMainPhase(TestCaseExecutor.java:299)
	at com.kms.katalon.core.main.TestCaseExecutor.execute(TestCaseExecutor.java:233)
	at com.kms.katalon.core.main.TestCaseMain.runTestCase(TestCaseMain.java:114)
	at com.kms.katalon.core.keyword.builtin.CallTestCaseKeyword$_callTestCase_closure1.doCall(CallTestCaseKeyword.groovy:59)
	... 20 more
Caused by: java.lang.AssertionError: Web element with id: 'Object Repository/Objects.NameValidation/input_FieldName' located by 'By.xpath: //input[@name = 'NovaOfficerComboBox-1938-inputEl']' not found
	at org.testng.Assert.fail(Assert.java:93)
	at org.testng.Assert$fail.call(Unknown Source)
	at com.reusableComponents.HighlightElement.run(HighlightElement.groovy:27)
	... 32 more
"/>
         <system-out><![CDATA[2020-05-12 23:52:59 - [TEST_CASE][ERROR] - Test Cases/PFI Precision and Scale/PFI Test Cases/PFI.ConvertToAuditInspectionLHS: Test Cases/PFI Precision and Scale/PFI Test Cases/PFI.ConvertToAuditInspectionLHS FAILED.
Reason:
com.kms.katalon.core.exception.StepErrorException: Call Test Case 'Test Cases/PFI Precision and Scale/PFI Components/DataErrorValidation' failed because of error(s)
	at com.kms.katalon.core.keyword.builtin.CallTestCaseKeyword$_callTestCase_closure1.doCall(CallTestCaseKeyword.groovy:66)
	at com.kms.katalon.core.keyword.builtin.CallTestCaseKeyword$_callTestCase_closure1.call(CallTestCaseKeyword.groovy)
	at com.kms.katalon.core.keyword.internal.KeywordMain.runKeyword(KeywordMain.groovy:68)
	at com.kms.katalon.core.keyword.builtin.CallTestCaseKeyword.callTestCase(CallTestCaseKeyword.groovy:81)
	at com.kms.katalon.core.keyword.builtin.CallTestCaseKeyword.execute(CallTestCaseKeyword.groovy:44)
	at com.kms.katalon.core.keyword.internal.KeywordExecutor.executeKeywordForPlatform(KeywordExecutor.groovy:72)
	at com.kms.katalon.core.keyword.BuiltinKeywords.callTestCase(BuiltinKeywords.groovy:334)
	at PFI.ConvertToAuditInspectionLHS.run(PFI.ConvertToAuditInspectionLHS:57)
	at com.kms.katalon.core.main.ScriptEngine.run(ScriptEngine.java:194)
	at com.kms.katalon.core.main.ScriptEngine.runScriptAsRawText(ScriptEngine.java:119)
	at com.kms.katalon.core.main.TestCaseExecutor.runScript(TestCaseExecutor.java:337)
	at com.kms.katalon.core.main.TestCaseExecutor.doExecute(TestCaseExecutor.java:328)
	at com.kms.katalon.core.main.TestCaseExecutor.processExecutionPhase(TestCaseExecutor.java:307)
	at com.kms.katalon.core.main.TestCaseExecutor.accessMainPhase(TestCaseExecutor.java:299)
	at com.kms.katalon.core.main.TestCaseExecutor.execute(TestCaseExecutor.java:233)
	at com.kms.katalon.core.main.TestSuiteExecutor.accessTestCaseMainPhase(TestSuiteExecutor.java:169)
	at com.kms.katalon.core.main.TestSuiteExecutor.accessTestSuiteMainPhase(TestSuiteExecutor.java:142)
	at com.kms.katalon.core.main.TestSuiteExecutor.execute(TestSuiteExecutor.java:91)
	at com.kms.katalon.core.main.TestCaseMain.startTestSuite(TestCaseMain.java:157)
	at com.kms.katalon.core.main.TestCaseMain$startTestSuite$0.call(Unknown Source)
	at TempTestSuite1589297932133.run(TempTestSuite1589297932133.groovy:36)
Caused by: org.codehaus.groovy.runtime.InvokerInvocationException: java.lang.AssertionError: Web element with id: 'Object Repository/Objects.NameValidation/input_FieldName' located by 'By.xpath: //input[@name = 'NovaOfficerComboBox-1938-inputEl']' not found
	at com.reusableComponents.HighlightElement.invokeMethod(HighlightElement.groovy)
	at com.kms.katalon.core.main.CustomKeywordDelegatingMetaClass.invokeStaticMethod(CustomKeywordDelegatingMetaClass.java:50)
	at DataErrorValidation.run(DataErrorValidation:31)
	at com.kms.katalon.core.main.ScriptEngine.run(ScriptEngine.java:194)
	at com.kms.katalon.core.main.ScriptEngine.runScriptAsRawText(ScriptEngine.java:119)
	at com.kms.katalon.core.main.TestCaseExecutor.runScript(TestCaseExecutor.java:337)
	at com.kms.katalon.core.main.TestCaseExecutor.doExecute(TestCaseExecutor.java:328)
	at com.kms.katalon.core.main.TestCaseExecutor.processExecutionPhase(TestCaseExecutor.java:307)
	at com.kms.katalon.core.main.TestCaseExecutor.accessMainPhase(TestCaseExecutor.java:299)
	at com.kms.katalon.core.main.TestCaseExecutor.execute(TestCaseExecutor.java:233)
	at com.kms.katalon.core.main.TestCaseMain.runTestCase(TestCaseMain.java:114)
	at com.kms.katalon.core.keyword.builtin.CallTestCaseKeyword$_callTestCase_closure1.doCall(CallTestCaseKeyword.groovy:59)
	... 20 more
Caused by: java.lang.AssertionError: Web element with id: 'Object Repository/Objects.NameValidation/input_FieldName' located by 'By.xpath: //input[@name = 'NovaOfficerComboBox-1938-inputEl']' not found
	at org.testng.Assert.fail(Assert.java:93)
	at org.testng.Assert$fail.call(Unknown Source)
	at com.reusableComponents.HighlightElement.run(HighlightElement.groovy:27)
	... 32 more


2020-05-12 23:52:59 - [TEST_STEP][NOT_RUN] - callTestCase(findTestCase("Components/LoginV2.0"), ["LinkToBeUsed":findTestData("ISPS2 Test Data").getValue("URL", 2), "LoginPageTextToBeVerified":findTestData("ISPS2 Test Data").getValue("HomeBanner", 2), ... ], STOP_ON_FAILURE): NOT_RUN: callTestCase(findTestCase("Components/LoginV2.0"), ["LinkToBeUsed":findTestData("ISPS2 Test Data").getValue("URL", 2), "LoginPageTextToBeVerified":findTestData("ISPS2 Test Data").getValue("HomeBanner", 2), ... ], STOP_ON_FAILURE)

2020-05-12 23:52:59 - [MESSAGE][NOT_RUN] - NOT_RUN: callTestCase(findTestCase("Components/LoginV2.0"), ["LinkToBeUsed":findTestData("ISPS2 Test Data").getValue("URL", 2), "LoginPageTextToBeVerified":findTestData("ISPS2 Test Data").getValue("HomeBanner", 2), ... ], STOP_ON_FAILURE)

2020-05-12 23:52:59 - [TEST_STEP][NOT_RUN] - callTestCase(findTestCase("Components/NavigateToHomepageHeaders"), ["headerText":"My Tasks"], STOP_ON_FAILURE): NOT_RUN: callTestCase(findTestCase("Components/NavigateToHomepageHeaders"), ["headerText":"My Tasks"], STOP_ON_FAILURE)

2020-05-12 23:52:59 - [MESSAGE][NOT_RUN] - NOT_RUN: callTestCase(findTestCase("Components/NavigateToHomepageHeaders"), ["headerText":"My Tasks"], STOP_ON_FAILURE)

2020-05-12 23:52:59 - [TEST_STEP][NOT_RUN] - callTestCase(findTestCase("Components/Filter"), ["taskDescription":"Process Case (SM)"], STOP_ON_FAILURE): NOT_RUN: callTestCase(findTestCase("Components/Filter"), ["taskDescription":"Process Case (SM)"], STOP_ON_FAILURE)

2020-05-12 23:52:59 - [MESSAGE][NOT_RUN] - NOT_RUN: callTestCase(findTestCase("Components/Filter"), ["taskDescription":"Process Case (SM)"], STOP_ON_FAILURE)

2020-05-12 23:52:59 - [TEST_STEP][NOT_RUN] - callTestCase(findTestCase("Components/ClickLinkDependingOnTextAndIndex"), ["linkName":"Process Case (SM)", "index":"3"], STOP_ON_FAILURE): NOT_RUN: callTestCase(findTestCase("Components/ClickLinkDependingOnTextAndIndex"), ["linkName":"Process Case (SM)", "index":"3"], STOP_ON_FAILURE)

2020-05-12 23:52:59 - [MESSAGE][NOT_RUN] - NOT_RUN: callTestCase(findTestCase("Components/ClickLinkDependingOnTextAndIndex"), ["linkName":"Process Case (SM)", "index":"3"], STOP_ON_FAILURE)

2020-05-12 23:52:59 - [TEST_STEP][PASSED] - callTestCase(findTestCase("Components/NavigateToAnyLHS"), ["LHS":"Convert to Audit Inspection"], STOP_ON_FAILURE): Call Test Case 'Test Cases/Components/NavigateToAnyLHS' successfully

2020-05-12 23:52:59 - [TEST_CASE][PASSED] - Test Cases/Components/NavigateToAnyLHS: Test Cases/Components/NavigateToAnyLHS

2020-05-12 23:52:59 - [TEST_STEP][PASSED] - Thread.sleep(1000): null

2020-05-12 23:53:00 - [TEST_STEP][PASSED] - modifiedLHS = modifyObjectProperty(findTestObject("Objects.NavigateToAnyLHS/Page_ISPS2/LHSToModify"), "text", "equals", LHS, true): Modify property of object successfully

2020-05-12 23:53:00 - [MESSAGE][PASSED] - Modify property of object successfully

2020-05-12 23:53:00 - [TEST_STEP][PASSED] - click(modifiedLHS): Object: 'Object Repository/Objects.NavigateToAnyLHS/Page_ISPS2/LHSToModify' is clicked on

2020-05-12 23:53:00 - [MESSAGE][PASSED] - Object: 'Object Repository/Objects.NavigateToAnyLHS/Page_ISPS2/LHSToModify' is clicked on

2020-05-12 23:53:00 - [TEST_STEP][PASSED] - currentLHS = getText(modifiedLHS): Text of object 'Object Repository/Objects.NavigateToAnyLHS/Page_ISPS2/LHSToModify' is: 'Convert to Audit Inspection'

2020-05-12 23:53:02 - [MESSAGE][PASSED] - Text of object 'Object Repository/Objects.NavigateToAnyLHS/Page_ISPS2/LHSToModify' is: 'Convert to Audit Inspection'

2020-05-12 23:53:02 - [TEST_STEP][PASSED] - Thread.sleep(5000): null

2020-05-12 23:53:07 - [MESSAGE][PASSED] - Call Test Case 'Test Cases/Components/NavigateToAnyLHS' successfully

2020-05-12 23:53:07 - [TEST_STEP][PASSED] - callTestCase(findTestCase("Components/VerifyTextPresentInPage"), ["tagToModify":"div", "textToModify":"Convert to Audit Inspection"], STOP_ON_FAILURE): Call Test Case 'Test Cases/Components/VerifyTextPresentInPage' successfully

2020-05-12 23:53:07 - [TEST_CASE][PASSED] - Test Cases/Components/VerifyTextPresentInPage: Test Cases/Components/VerifyTextPresentInPage

2020-05-12 23:53:07 - [TEST_STEP][PASSED] - Thread.sleep(3000): null

2020-05-12 23:53:10 - [TEST_STEP][NOT_RUN] - verifyTextPresent(textToLocate, false): NOT_RUN: verifyTextPresent(textToLocate, false)

2020-05-12 23:53:10 - [MESSAGE][NOT_RUN] - NOT_RUN: verifyTextPresent(textToLocate, false)

2020-05-12 23:53:10 - [TEST_STEP][NOT_RUN] - com.reusableComponents.HighlightElement.run(textToLocate): NOT_RUN: com.reusableComponents.HighlightElement.run(textToLocate)

2020-05-12 23:53:10 - [MESSAGE][NOT_RUN] - NOT_RUN: com.reusableComponents.HighlightElement.run(textToLocate)

2020-05-12 23:53:10 - [TEST_STEP][PASSED] - modifiedTag = modifyObjectProperty(findTestObject("Objects.VerifyTextPresent/Page_ISPS2/objectToModify"), "tag", "equals", tagToModify, true): Modify property of object successfully

2020-05-12 23:53:10 - [MESSAGE][PASSED] - Modify property of object successfully

2020-05-12 23:53:10 - [TEST_STEP][PASSED] - modified = modifyObjectProperty(modifiedTag, "text", "equals", textToModify, true): Modify property of object successfully

2020-05-12 23:53:10 - [MESSAGE][PASSED] - Modify property of object successfully

2020-05-12 23:53:10 - [TEST_STEP][PASSED] - com.reusableComponents.HighlightElement.run(modified): com.reusableComponents.HighlightElement.run is PASSED

2020-05-12 23:53:10 - [MESSAGE][PASSED] - com.reusableComponents.HighlightElement.run is PASSED

2020-05-12 23:53:10 - [TEST_STEP][PASSED] - Thread.sleep(3000): null

2020-05-12 23:53:13 - [MESSAGE][PASSED] - Call Test Case 'Test Cases/Components/VerifyTextPresentInPage' successfully

2020-05-12 23:53:13 - [TEST_STEP][PASSED] - callTestCase(findTestCase("Components/VerifyTextPresentInPage"), ["tagToModify":"div", "textToModify":"Start Audit Case"], STOP_ON_FAILURE): Call Test Case 'Test Cases/Components/VerifyTextPresentInPage' successfully

2020-05-12 23:53:13 - [TEST_CASE][PASSED] - Test Cases/Components/VerifyTextPresentInPage: Test Cases/Components/VerifyTextPresentInPage

2020-05-12 23:53:13 - [TEST_STEP][PASSED] - Thread.sleep(3000): null

2020-05-12 23:53:16 - [TEST_STEP][NOT_RUN] - verifyTextPresent(textToLocate, false): NOT_RUN: verifyTextPresent(textToLocate, false)

2020-05-12 23:53:16 - [MESSAGE][NOT_RUN] - NOT_RUN: verifyTextPresent(textToLocate, false)

2020-05-12 23:53:16 - [TEST_STEP][NOT_RUN] - com.reusableComponents.HighlightElement.run(textToLocate): NOT_RUN: com.reusableComponents.HighlightElement.run(textToLocate)

2020-05-12 23:53:16 - [MESSAGE][NOT_RUN] - NOT_RUN: com.reusableComponents.HighlightElement.run(textToLocate)

2020-05-12 23:53:16 - [TEST_STEP][PASSED] - modifiedTag = modifyObjectProperty(findTestObject("Objects.VerifyTextPresent/Page_ISPS2/objectToModify"), "tag", "equals", tagToModify, true): Modify property of object successfully

2020-05-12 23:53:16 - [MESSAGE][PASSED] - Modify property of object successfully

2020-05-12 23:53:16 - [TEST_STEP][PASSED] - modified = modifyObjectProperty(modifiedTag, "text", "equals", textToModify, true): Modify property of object successfully

2020-05-12 23:53:16 - [MESSAGE][PASSED] - Modify property of object successfully

2020-05-12 23:53:16 - [TEST_STEP][PASSED] - com.reusableComponents.HighlightElement.run(modified): com.reusableComponents.HighlightElement.run is PASSED

2020-05-12 23:53:17 - [MESSAGE][PASSED] - com.reusableComponents.HighlightElement.run is PASSED

2020-05-12 23:53:17 - [TEST_STEP][PASSED] - Thread.sleep(3000): null

2020-05-12 23:53:20 - [MESSAGE][PASSED] - Call Test Case 'Test Cases/Components/VerifyTextPresentInPage' successfully

2020-05-12 23:53:20 - [TEST_STEP][PASSED] - callTestCase(findTestCase("Components/VerifyTextPresentInPage"), ["tagToModify":"span", "textToModify":"Assign Case(s) To "], STOP_ON_FAILURE): Call Test Case 'Test Cases/Components/VerifyTextPresentInPage' successfully

2020-05-12 23:53:20 - [TEST_CASE][PASSED] - Test Cases/Components/VerifyTextPresentInPage: Test Cases/Components/VerifyTextPresentInPage

2020-05-12 23:53:20 - [TEST_STEP][PASSED] - Thread.sleep(3000): null

2020-05-12 23:53:23 - [TEST_STEP][NOT_RUN] - verifyTextPresent(textToLocate, false): NOT_RUN: verifyTextPresent(textToLocate, false)

2020-05-12 23:53:23 - [MESSAGE][NOT_RUN] - NOT_RUN: verifyTextPresent(textToLocate, false)

2020-05-12 23:53:23 - [TEST_STEP][NOT_RUN] - com.reusableComponents.HighlightElement.run(textToLocate): NOT_RUN: com.reusableComponents.HighlightElement.run(textToLocate)

2020-05-12 23:53:23 - [MESSAGE][NOT_RUN] - NOT_RUN: com.reusableComponents.HighlightElement.run(textToLocate)

2020-05-12 23:53:23 - [TEST_STEP][PASSED] - modifiedTag = modifyObjectProperty(findTestObject("Objects.VerifyTextPresent/Page_ISPS2/objectToModify"), "tag", "equals", tagToModify, true): Modify property of object successfully

2020-05-12 23:53:23 - [MESSAGE][PASSED] - Modify property of object successfully

2020-05-12 23:53:23 - [TEST_STEP][PASSED] - modified = modifyObjectProperty(modifiedTag, "text", "equals", textToModify, true): Modify property of object successfully

2020-05-12 23:53:23 - [MESSAGE][PASSED] - Modify property of object successfully

2020-05-12 23:53:23 - [TEST_STEP][PASSED] - com.reusableComponents.HighlightElement.run(modified): com.reusableComponents.HighlightElement.run is PASSED

2020-05-12 23:53:24 - [MESSAGE][PASSED] - com.reusableComponents.HighlightElement.run is PASSED

2020-05-12 23:53:24 - [TEST_STEP][PASSED] - Thread.sleep(3000): null

2020-05-12 23:53:27 - [MESSAGE][PASSED] - Call Test Case 'Test Cases/Components/VerifyTextPresentInPage' successfully

2020-05-12 23:53:27 - [TEST_STEP][PASSED] - callTestCase(findTestCase("Components/ClickBlueButtonsWithXPI"), ["Button":"Create", "Index":"1"], STOP_ON_FAILURE): Call Test Case 'Test Cases/Components/ClickBlueButtonsWithXPI' successfully

2020-05-12 23:53:27 - [TEST_CASE][PASSED] - Test Cases/Components/ClickBlueButtonsWithXPI: Test Cases/Components/ClickBlueButtonsWithXPI

2020-05-12 23:53:27 - [TEST_STEP][PASSED] - Thread.sleep(1000): null

2020-05-12 23:53:28 - [TEST_STEP][PASSED] - complexlyModifiedButtonGG = modifyObjectProperty(findTestObject("Objects.ClickBlueButtonsWithXPI/span_Reset"), "xPath", "equals", "(//span[text()="" + Button + ""])[" + Index + "]", true): Modify property of object successfully

2020-05-12 23:53:28 - [MESSAGE][PASSED] - Modify property of object successfully

2020-05-12 23:53:28 - [TEST_STEP][PASSED] - Thread.sleep(5000): null

2020-05-12 23:53:33 - [TEST_STEP][PASSED] - Thread.sleep(5000): null

2020-05-12 23:53:38 - [TEST_STEP][PASSED] - click(complexlyModifiedButtonGG): Object: 'Object Repository/Objects.ClickBlueButtonsWithXPI/span_Reset' is clicked on

2020-05-12 23:53:41 - [MESSAGE][PASSED] - Object: 'Object Repository/Objects.ClickBlueButtonsWithXPI/span_Reset' is clicked on

2020-05-12 23:53:41 - [TEST_STEP][PASSED] - Thread.sleep(5000): null

2020-05-12 23:53:46 - [MESSAGE][PASSED] - Call Test Case 'Test Cases/Components/ClickBlueButtonsWithXPI' successfully

2020-05-12 23:53:46 - [TEST_STEP][PASSED] - callTestCase(findTestCase("Components/VerifyTextPresentInPage"), ["tagToModify":"li", "textToModify":"Please fill up the mandatory fields."], STOP_ON_FAILURE): Call Test Case 'Test Cases/Components/VerifyTextPresentInPage' successfully

2020-05-12 23:53:46 - [TEST_CASE][PASSED] - Test Cases/Components/VerifyTextPresentInPage: Test Cases/Components/VerifyTextPresentInPage

2020-05-12 23:53:46 - [TEST_STEP][PASSED] - Thread.sleep(3000): null

2020-05-12 23:53:49 - [TEST_STEP][NOT_RUN] - verifyTextPresent(textToLocate, false): NOT_RUN: verifyTextPresent(textToLocate, false)

2020-05-12 23:53:49 - [MESSAGE][NOT_RUN] - NOT_RUN: verifyTextPresent(textToLocate, false)

2020-05-12 23:53:49 - [TEST_STEP][NOT_RUN] - com.reusableComponents.HighlightElement.run(textToLocate): NOT_RUN: com.reusableComponents.HighlightElement.run(textToLocate)

2020-05-12 23:53:49 - [MESSAGE][NOT_RUN] - NOT_RUN: com.reusableComponents.HighlightElement.run(textToLocate)

2020-05-12 23:53:49 - [TEST_STEP][PASSED] - modifiedTag = modifyObjectProperty(findTestObject("Objects.VerifyTextPresent/Page_ISPS2/objectToModify"), "tag", "equals", tagToModify, true): Modify property of object successfully

2020-05-12 23:53:49 - [MESSAGE][PASSED] - Modify property of object successfully

2020-05-12 23:53:49 - [TEST_STEP][PASSED] - modified = modifyObjectProperty(modifiedTag, "text", "equals", textToModify, true): Modify property of object successfully

2020-05-12 23:53:49 - [MESSAGE][PASSED] - Modify property of object successfully

2020-05-12 23:53:49 - [TEST_STEP][PASSED] - com.reusableComponents.HighlightElement.run(modified): com.reusableComponents.HighlightElement.run is PASSED

2020-05-12 23:53:49 - [MESSAGE][PASSED] - com.reusableComponents.HighlightElement.run is PASSED

2020-05-12 23:53:49 - [TEST_STEP][PASSED] - Thread.sleep(3000): null

2020-05-12 23:53:52 - [MESSAGE][PASSED] - Call Test Case 'Test Cases/Components/VerifyTextPresentInPage' successfully

2020-05-12 23:53:52 - [TEST_STEP][FAILED] - callTestCase(findTestCase("PFI Precision and Scale/PFI Components/DataErrorValidation"), ["FldNm":"NovaOfficerComboBox-1938-inputEl"], STOP_ON_FAILURE): Unable to call Test Case 'Test Cases/PFI Precision and Scale/PFI Components/DataErrorValidation' (Root cause: com.kms.katalon.core.exception.StepErrorException: Call Test Case 'Test Cases/PFI Precision and Scale/PFI Components/DataErrorValidation' failed because of error(s)
	at com.kms.katalon.core.keyword.builtin.CallTestCaseKeyword$_callTestCase_closure1.doCall(CallTestCaseKeyword.groovy:66)
	at com.kms.katalon.core.keyword.builtin.CallTestCaseKeyword$_callTestCase_closure1.call(CallTestCaseKeyword.groovy)
	at com.kms.katalon.core.keyword.internal.KeywordMain.runKeyword(KeywordMain.groovy:68)
	at com.kms.katalon.core.keyword.builtin.CallTestCaseKeyword.callTestCase(CallTestCaseKeyword.groovy:81)
	at com.kms.katalon.core.keyword.builtin.CallTestCaseKeyword.execute(CallTestCaseKeyword.groovy:44)
	at com.kms.katalon.core.keyword.internal.KeywordExecutor.executeKeywordForPlatform(KeywordExecutor.groovy:72)
	at com.kms.katalon.core.keyword.BuiltinKeywords.callTestCase(BuiltinKeywords.groovy:334)
	at PFI.ConvertToAuditInspectionLHS.run(PFI.ConvertToAuditInspectionLHS:57)
	at com.kms.katalon.core.main.ScriptEngine.run(ScriptEngine.java:194)
	at com.kms.katalon.core.main.ScriptEngine.runScriptAsRawText(ScriptEngine.java:119)
	at com.kms.katalon.core.main.TestCaseExecutor.runScript(TestCaseExecutor.java:337)
	at com.kms.katalon.core.main.TestCaseExecutor.doExecute(TestCaseExecutor.java:328)
	at com.kms.katalon.core.main.TestCaseExecutor.processExecutionPhase(TestCaseExecutor.java:307)
	at com.kms.katalon.core.main.TestCaseExecutor.accessMainPhase(TestCaseExecutor.java:299)
	at com.kms.katalon.core.main.TestCaseExecutor.execute(TestCaseExecutor.java:233)
	at com.kms.katalon.core.main.TestSuiteExecutor.accessTestCaseMainPhase(TestSuiteExecutor.java:169)
	at com.kms.katalon.core.main.TestSuiteExecutor.accessTestSuiteMainPhase(TestSuiteExecutor.java:142)
	at com.kms.katalon.core.main.TestSuiteExecutor.execute(TestSuiteExecutor.java:91)
	at com.kms.katalon.core.main.TestCaseMain.startTestSuite(TestCaseMain.java:157)
	at com.kms.katalon.core.main.TestCaseMain$startTestSuite$0.call(Unknown Source)
	at TempTestSuite1589297932133.run(TempTestSuite1589297932133.groovy:36)
Caused by: org.codehaus.groovy.runtime.InvokerInvocationException: java.lang.AssertionError: Web element with id: 'Object Repository/Objects.NameValidation/input_FieldName' located by 'By.xpath: //input[@name = 'NovaOfficerComboBox-1938-inputEl']' not found
	at com.reusableComponents.HighlightElement.invokeMethod(HighlightElement.groovy)
	at com.kms.katalon.core.main.CustomKeywordDelegatingMetaClass.invokeStaticMethod(CustomKeywordDelegatingMetaClass.java:50)
	at DataErrorValidation.run(DataErrorValidation:31)
	at com.kms.katalon.core.main.ScriptEngine.run(ScriptEngine.java:194)
	at com.kms.katalon.core.main.ScriptEngine.runScriptAsRawText(ScriptEngine.java:119)
	at com.kms.katalon.core.main.TestCaseExecutor.runScript(TestCaseExecutor.java:337)
	at com.kms.katalon.core.main.TestCaseExecutor.doExecute(TestCaseExecutor.java:328)
	at com.kms.katalon.core.main.TestCaseExecutor.processExecutionPhase(TestCaseExecutor.java:307)
	at com.kms.katalon.core.main.TestCaseExecutor.accessMainPhase(TestCaseExecutor.java:299)
	at com.kms.katalon.core.main.TestCaseExecutor.execute(TestCaseExecutor.java:233)
	at com.kms.katalon.core.main.TestCaseMain.runTestCase(TestCaseMain.java:114)
	at com.kms.katalon.core.keyword.builtin.CallTestCaseKeyword$_callTestCase_closure1.doCall(CallTestCaseKeyword.groovy:59)
	... 20 more
Caused by: java.lang.AssertionError: Web element with id: 'Object Repository/Objects.NameValidation/input_FieldName' located by 'By.xpath: //input[@name = 'NovaOfficerComboBox-1938-inputEl']' not found
	at org.testng.Assert.fail(Assert.java:93)
	at org.testng.Assert$fail.call(Unknown Source)
	at com.reusableComponents.HighlightElement.run(HighlightElement.groovy:27)
	... 32 more
)

2020-05-12 23:53:52 - [TEST_CASE][ERROR] - Test Cases/PFI Precision and Scale/PFI Components/DataErrorValidation: Test Cases/PFI Precision and Scale/PFI Components/DataErrorValidation FAILED.
Reason:
org.codehaus.groovy.runtime.InvokerInvocationException: java.lang.AssertionError: Web element with id: 'Object Repository/Objects.NameValidation/input_FieldName' located by 'By.xpath: //input[@name = 'NovaOfficerComboBox-1938-inputEl']' not found
	at com.reusableComponents.HighlightElement.invokeMethod(HighlightElement.groovy)
	at com.kms.katalon.core.main.CustomKeywordDelegatingMetaClass.invokeStaticMethod(CustomKeywordDelegatingMetaClass.java:50)
	at DataErrorValidation.run(DataErrorValidation:31)
	at com.kms.katalon.core.main.ScriptEngine.run(ScriptEngine.java:194)
	at com.kms.katalon.core.main.ScriptEngine.runScriptAsRawText(ScriptEngine.java:119)
	at com.kms.katalon.core.main.TestCaseExecutor.runScript(TestCaseExecutor.java:337)
	at com.kms.katalon.core.main.TestCaseExecutor.doExecute(TestCaseExecutor.java:328)
	at com.kms.katalon.core.main.TestCaseExecutor.processExecutionPhase(TestCaseExecutor.java:307)
	at com.kms.katalon.core.main.TestCaseExecutor.accessMainPhase(TestCaseExecutor.java:299)
	at com.kms.katalon.core.main.TestCaseExecutor.execute(TestCaseExecutor.java:233)
	at com.kms.katalon.core.main.TestCaseMain.runTestCase(TestCaseMain.java:114)
	at com.kms.katalon.core.keyword.builtin.CallTestCaseKeyword$_callTestCase_closure1.doCall(CallTestCaseKeyword.groovy:59)
	at com.kms.katalon.core.keyword.builtin.CallTestCaseKeyword$_callTestCase_closure1.call(CallTestCaseKeyword.groovy)
	at com.kms.katalon.core.keyword.internal.KeywordMain.runKeyword(KeywordMain.groovy:68)
	at com.kms.katalon.core.keyword.builtin.CallTestCaseKeyword.callTestCase(CallTestCaseKeyword.groovy:81)
	at com.kms.katalon.core.keyword.builtin.CallTestCaseKeyword.execute(CallTestCaseKeyword.groovy:44)
	at com.kms.katalon.core.keyword.internal.KeywordExecutor.executeKeywordForPlatform(KeywordExecutor.groovy:72)
	at com.kms.katalon.core.keyword.BuiltinKeywords.callTestCase(BuiltinKeywords.groovy:334)
	at PFI.ConvertToAuditInspectionLHS.run(PFI.ConvertToAuditInspectionLHS:57)
	at com.kms.katalon.core.main.ScriptEngine.run(ScriptEngine.java:194)
	at com.kms.katalon.core.main.ScriptEngine.runScriptAsRawText(ScriptEngine.java:119)
	at com.kms.katalon.core.main.TestCaseExecutor.runScript(TestCaseExecutor.java:337)
	at com.kms.katalon.core.main.TestCaseExecutor.doExecute(TestCaseExecutor.java:328)
	at com.kms.katalon.core.main.TestCaseExecutor.processExecutionPhase(TestCaseExecutor.java:307)
	at com.kms.katalon.core.main.TestCaseExecutor.accessMainPhase(TestCaseExecutor.java:299)
	at com.kms.katalon.core.main.TestCaseExecutor.execute(TestCaseExecutor.java:233)
	at com.kms.katalon.core.main.TestSuiteExecutor.accessTestCaseMainPhase(TestSuiteExecutor.java:169)
	at com.kms.katalon.core.main.TestSuiteExecutor.accessTestSuiteMainPhase(TestSuiteExecutor.java:142)
	at com.kms.katalon.core.main.TestSuiteExecutor.execute(TestSuiteExecutor.java:91)
	at com.kms.katalon.core.main.TestCaseMain.startTestSuite(TestCaseMain.java:157)
	at com.kms.katalon.core.main.TestCaseMain$startTestSuite$0.call(Unknown Source)
	at TempTestSuite1589297932133.run(TempTestSuite1589297932133.groovy:36)
Caused by: java.lang.AssertionError: Web element with id: 'Object Repository/Objects.NameValidation/input_FieldName' located by 'By.xpath: //input[@name = 'NovaOfficerComboBox-1938-inputEl']' not found
	at org.testng.Assert.fail(Assert.java:93)
	at org.testng.Assert$fail.call(Unknown Source)
	at com.reusableComponents.HighlightElement.run(HighlightElement.groovy:27)
	... 32 more


2020-05-12 23:53:52 - [TEST_STEP][PASSED] - enableSmartWait(): null

2020-05-12 23:53:52 - [TEST_STEP][PASSED] - NewInputNmField = modifyObjectProperty(findTestObject("Objects.NameValidation/input_FieldName"), "name", "equals", FldNm, true): Modify property of object successfully

2020-05-12 23:53:52 - [MESSAGE][PASSED] - Modify property of object successfully

2020-05-12 23:53:52 - [TEST_STEP][FAILED] - com.reusableComponents.HighlightElement.run(NewInputNmField): java.lang.AssertionError: Web element with id: 'Object Repository/Objects.NameValidation/input_FieldName' located by 'By.xpath: //input[@name = 'NovaOfficerComboBox-1938-inputEl']' not found

2020-05-12 23:54:22 - [MESSAGE][INFO] - Unable to find the element located by 'By.xpath: //input[@name = 'NovaOfficerComboBox-1938-inputEl']'. Please recheck the objects properties to make sure the desired element is located. 

2020-05-12 23:54:22 - [MESSAGE][FAILED] - java.lang.AssertionError: Web element with id: 'Object Repository/Objects.NameValidation/input_FieldName' located by 'By.xpath: //input[@name = 'NovaOfficerComboBox-1938-inputEl']' not found

2020-05-12 23:54:22 - [MESSAGE][FAILED] - Unable to call Test Case 'Test Cases/PFI Precision and Scale/PFI Components/DataErrorValidation' (Root cause: com.kms.katalon.core.exception.StepErrorException: Call Test Case 'Test Cases/PFI Precision and Scale/PFI Components/DataErrorValidation' failed because of error(s)
	at com.kms.katalon.core.keyword.builtin.CallTestCaseKeyword$_callTestCase_closure1.doCall(CallTestCaseKeyword.groovy:66)
	at com.kms.katalon.core.keyword.builtin.CallTestCaseKeyword$_callTestCase_closure1.call(CallTestCaseKeyword.groovy)
	at com.kms.katalon.core.keyword.internal.KeywordMain.runKeyword(KeywordMain.groovy:68)
	at com.kms.katalon.core.keyword.builtin.CallTestCaseKeyword.callTestCase(CallTestCaseKeyword.groovy:81)
	at com.kms.katalon.core.keyword.builtin.CallTestCaseKeyword.execute(CallTestCaseKeyword.groovy:44)
	at com.kms.katalon.core.keyword.internal.KeywordExecutor.executeKeywordForPlatform(KeywordExecutor.groovy:72)
	at com.kms.katalon.core.keyword.BuiltinKeywords.callTestCase(BuiltinKeywords.groovy:334)
	at PFI.ConvertToAuditInspectionLHS.run(PFI.ConvertToAuditInspectionLHS:57)
	at com.kms.katalon.core.main.ScriptEngine.run(ScriptEngine.java:194)
	at com.kms.katalon.core.main.ScriptEngine.runScriptAsRawText(ScriptEngine.java:119)
	at com.kms.katalon.core.main.TestCaseExecutor.runScript(TestCaseExecutor.java:337)
	at com.kms.katalon.core.main.TestCaseExecutor.doExecute(TestCaseExecutor.java:328)
	at com.kms.katalon.core.main.TestCaseExecutor.processExecutionPhase(TestCaseExecutor.java:307)
	at com.kms.katalon.core.main.TestCaseExecutor.accessMainPhase(TestCaseExecutor.java:299)
	at com.kms.katalon.core.main.TestCaseExecutor.execute(TestCaseExecutor.java:233)
	at com.kms.katalon.core.main.TestSuiteExecutor.accessTestCaseMainPhase(TestSuiteExecutor.java:169)
	at com.kms.katalon.core.main.TestSuiteExecutor.accessTestSuiteMainPhase(TestSuiteExecutor.java:142)
	at com.kms.katalon.core.main.TestSuiteExecutor.execute(TestSuiteExecutor.java:91)
	at com.kms.katalon.core.main.TestCaseMain.startTestSuite(TestCaseMain.java:157)
	at com.kms.katalon.core.main.TestCaseMain$startTestSuite$0.call(Unknown Source)
	at TempTestSuite1589297932133.run(TempTestSuite1589297932133.groovy:36)
Caused by: org.codehaus.groovy.runtime.InvokerInvocationException: java.lang.AssertionError: Web element with id: 'Object Repository/Objects.NameValidation/input_FieldName' located by 'By.xpath: //input[@name = 'NovaOfficerComboBox-1938-inputEl']' not found
	at com.reusableComponents.HighlightElement.invokeMethod(HighlightElement.groovy)
	at com.kms.katalon.core.main.CustomKeywordDelegatingMetaClass.invokeStaticMethod(CustomKeywordDelegatingMetaClass.java:50)
	at DataErrorValidation.run(DataErrorValidation:31)
	at com.kms.katalon.core.main.ScriptEngine.run(ScriptEngine.java:194)
	at com.kms.katalon.core.main.ScriptEngine.runScriptAsRawText(ScriptEngine.java:119)
	at com.kms.katalon.core.main.TestCaseExecutor.runScript(TestCaseExecutor.java:337)
	at com.kms.katalon.core.main.TestCaseExecutor.doExecute(TestCaseExecutor.java:328)
	at com.kms.katalon.core.main.TestCaseExecutor.processExecutionPhase(TestCaseExecutor.java:307)
	at com.kms.katalon.core.main.TestCaseExecutor.accessMainPhase(TestCaseExecutor.java:299)
	at com.kms.katalon.core.main.TestCaseExecutor.execute(TestCaseExecutor.java:233)
	at com.kms.katalon.core.main.TestCaseMain.runTestCase(TestCaseMain.java:114)
	at com.kms.katalon.core.keyword.builtin.CallTestCaseKeyword$_callTestCase_closure1.doCall(CallTestCaseKeyword.groovy:59)
	... 20 more
Caused by: java.lang.AssertionError: Web element with id: 'Object Repository/Objects.NameValidation/input_FieldName' located by 'By.xpath: //input[@name = 'NovaOfficerComboBox-1938-inputEl']' not found
	at org.testng.Assert.fail(Assert.java:93)
	at org.testng.Assert$fail.call(Unknown Source)
	at com.reusableComponents.HighlightElement.run(HighlightElement.groovy:27)
	... 32 more
)]]></system-out>
         <system-err><![CDATA[2020-05-12 23:52:59 - [TEST_CASE][ERROR] - Test Cases/PFI Precision and Scale/PFI Test Cases/PFI.ConvertToAuditInspectionLHS: Test Cases/PFI Precision and Scale/PFI Test Cases/PFI.ConvertToAuditInspectionLHS FAILED.
Reason:
com.kms.katalon.core.exception.StepErrorException: Call Test Case 'Test Cases/PFI Precision and Scale/PFI Components/DataErrorValidation' failed because of error(s)
	at com.kms.katalon.core.keyword.builtin.CallTestCaseKeyword$_callTestCase_closure1.doCall(CallTestCaseKeyword.groovy:66)
	at com.kms.katalon.core.keyword.builtin.CallTestCaseKeyword$_callTestCase_closure1.call(CallTestCaseKeyword.groovy)
	at com.kms.katalon.core.keyword.internal.KeywordMain.runKeyword(KeywordMain.groovy:68)
	at com.kms.katalon.core.keyword.builtin.CallTestCaseKeyword.callTestCase(CallTestCaseKeyword.groovy:81)
	at com.kms.katalon.core.keyword.builtin.CallTestCaseKeyword.execute(CallTestCaseKeyword.groovy:44)
	at com.kms.katalon.core.keyword.internal.KeywordExecutor.executeKeywordForPlatform(KeywordExecutor.groovy:72)
	at com.kms.katalon.core.keyword.BuiltinKeywords.callTestCase(BuiltinKeywords.groovy:334)
	at PFI.ConvertToAuditInspectionLHS.run(PFI.ConvertToAuditInspectionLHS:57)
	at com.kms.katalon.core.main.ScriptEngine.run(ScriptEngine.java:194)
	at com.kms.katalon.core.main.ScriptEngine.runScriptAsRawText(ScriptEngine.java:119)
	at com.kms.katalon.core.main.TestCaseExecutor.runScript(TestCaseExecutor.java:337)
	at com.kms.katalon.core.main.TestCaseExecutor.doExecute(TestCaseExecutor.java:328)
	at com.kms.katalon.core.main.TestCaseExecutor.processExecutionPhase(TestCaseExecutor.java:307)
	at com.kms.katalon.core.main.TestCaseExecutor.accessMainPhase(TestCaseExecutor.java:299)
	at com.kms.katalon.core.main.TestCaseExecutor.execute(TestCaseExecutor.java:233)
	at com.kms.katalon.core.main.TestSuiteExecutor.accessTestCaseMainPhase(TestSuiteExecutor.java:169)
	at com.kms.katalon.core.main.TestSuiteExecutor.accessTestSuiteMainPhase(TestSuiteExecutor.java:142)
	at com.kms.katalon.core.main.TestSuiteExecutor.execute(TestSuiteExecutor.java:91)
	at com.kms.katalon.core.main.TestCaseMain.startTestSuite(TestCaseMain.java:157)
	at com.kms.katalon.core.main.TestCaseMain$startTestSuite$0.call(Unknown Source)
	at TempTestSuite1589297932133.run(TempTestSuite1589297932133.groovy:36)
Caused by: org.codehaus.groovy.runtime.InvokerInvocationException: java.lang.AssertionError: Web element with id: 'Object Repository/Objects.NameValidation/input_FieldName' located by 'By.xpath: //input[@name = 'NovaOfficerComboBox-1938-inputEl']' not found
	at com.reusableComponents.HighlightElement.invokeMethod(HighlightElement.groovy)
	at com.kms.katalon.core.main.CustomKeywordDelegatingMetaClass.invokeStaticMethod(CustomKeywordDelegatingMetaClass.java:50)
	at DataErrorValidation.run(DataErrorValidation:31)
	at com.kms.katalon.core.main.ScriptEngine.run(ScriptEngine.java:194)
	at com.kms.katalon.core.main.ScriptEngine.runScriptAsRawText(ScriptEngine.java:119)
	at com.kms.katalon.core.main.TestCaseExecutor.runScript(TestCaseExecutor.java:337)
	at com.kms.katalon.core.main.TestCaseExecutor.doExecute(TestCaseExecutor.java:328)
	at com.kms.katalon.core.main.TestCaseExecutor.processExecutionPhase(TestCaseExecutor.java:307)
	at com.kms.katalon.core.main.TestCaseExecutor.accessMainPhase(TestCaseExecutor.java:299)
	at com.kms.katalon.core.main.TestCaseExecutor.execute(TestCaseExecutor.java:233)
	at com.kms.katalon.core.main.TestCaseMain.runTestCase(TestCaseMain.java:114)
	at com.kms.katalon.core.keyword.builtin.CallTestCaseKeyword$_callTestCase_closure1.doCall(CallTestCaseKeyword.groovy:59)
	... 20 more
Caused by: java.lang.AssertionError: Web element with id: 'Object Repository/Objects.NameValidation/input_FieldName' located by 'By.xpath: //input[@name = 'NovaOfficerComboBox-1938-inputEl']' not found
	at org.testng.Assert.fail(Assert.java:93)
	at org.testng.Assert$fail.call(Unknown Source)
	at com.reusableComponents.HighlightElement.run(HighlightElement.groovy:27)
	... 32 more]]></system-err>
      </testcase>
      <testcase name="Test Cases/PFI Precision and Scale/PFI Test Cases/PFI.TriggerPEPresentationLHS" time="18.159" classname="Test Cases/PFI Precision and Scale/PFI Test Cases/PFI.TriggerPEPresentationLHS" status="FAILED">
         <failure type="FAILED" message="Test Cases/PFI Precision and Scale/PFI Test Cases/PFI.TriggerPEPresentationLHS FAILED.
Reason:
com.kms.katalon.core.exception.StepFailedException: Call Test Case 'Test Cases/PFI Precision and Scale/PFI Components/TriggerPEValidation' failed
	at com.kms.katalon.core.keyword.builtin.CallTestCaseKeyword$_callTestCase_closure1.doCall(CallTestCaseKeyword.groovy:63)
	at com.kms.katalon.core.keyword.builtin.CallTestCaseKeyword$_callTestCase_closure1.call(CallTestCaseKeyword.groovy)
	at com.kms.katalon.core.keyword.internal.KeywordMain.runKeyword(KeywordMain.groovy:68)
	at com.kms.katalon.core.keyword.builtin.CallTestCaseKeyword.callTestCase(CallTestCaseKeyword.groovy:81)
	at com.kms.katalon.core.keyword.builtin.CallTestCaseKeyword.execute(CallTestCaseKeyword.groovy:44)
	at com.kms.katalon.core.keyword.internal.KeywordExecutor.executeKeywordForPlatform(KeywordExecutor.groovy:72)
	at com.kms.katalon.core.keyword.BuiltinKeywords.callTestCase(BuiltinKeywords.groovy:334)
	at PFI.TriggerPEPresentationLHS.run(PFI.TriggerPEPresentationLHS:47)
	at com.kms.katalon.core.main.ScriptEngine.run(ScriptEngine.java:194)
	at com.kms.katalon.core.main.ScriptEngine.runScriptAsRawText(ScriptEngine.java:119)
	at com.kms.katalon.core.main.TestCaseExecutor.runScript(TestCaseExecutor.java:337)
	at com.kms.katalon.core.main.TestCaseExecutor.doExecute(TestCaseExecutor.java:328)
	at com.kms.katalon.core.main.TestCaseExecutor.processExecutionPhase(TestCaseExecutor.java:307)
	at com.kms.katalon.core.main.TestCaseExecutor.accessMainPhase(TestCaseExecutor.java:299)
	at com.kms.katalon.core.main.TestCaseExecutor.execute(TestCaseExecutor.java:233)
	at com.kms.katalon.core.main.TestSuiteExecutor.accessTestCaseMainPhase(TestSuiteExecutor.java:169)
	at com.kms.katalon.core.main.TestSuiteExecutor.accessTestSuiteMainPhase(TestSuiteExecutor.java:142)
	at com.kms.katalon.core.main.TestSuiteExecutor.execute(TestSuiteExecutor.java:91)
	at com.kms.katalon.core.main.TestCaseMain.startTestSuite(TestCaseMain.java:157)
	at com.kms.katalon.core.main.TestCaseMain$startTestSuite$0.call(Unknown Source)
	at TempTestSuite1589297932133.run(TempTestSuite1589297932133.groovy:36)
Caused by: com.kms.katalon.core.exception.StepFailedException: Unable to clear text of object 'Object Repository/Objects.NameValidation/input_FieldName'
	at com.kms.katalon.core.webui.keyword.internal.WebUIKeywordMain.stepFailed(WebUIKeywordMain.groovy:64)
	at com.kms.katalon.core.webui.keyword.internal.WebUIKeywordMain.runKeyword(WebUIKeywordMain.groovy:42)
	at com.kms.katalon.core.webui.keyword.builtin.ClearTextKeyword.clearText(ClearTextKeyword.groovy:61)
	at com.kms.katalon.core.webui.keyword.builtin.ClearTextKeyword.execute(ClearTextKeyword.groovy:34)
	at com.kms.katalon.core.keyword.internal.KeywordExecutor.executeKeywordForPlatform(KeywordExecutor.groovy:72)
	at com.kms.katalon.core.webui.keyword.WebUiBuiltInKeywords.clearText(WebUiBuiltInKeywords.groovy:3817)
	at com.kms.katalon.core.webui.keyword.WebUiBuiltInKeywords$clearText$14.call(Unknown Source)
	at TriggerPEValidation.run(TriggerPEValidation:30)
	at com.kms.katalon.core.main.ScriptEngine.run(ScriptEngine.java:194)
	at com.kms.katalon.core.main.ScriptEngine.runScriptAsRawText(ScriptEngine.java:119)
	at com.kms.katalon.core.main.TestCaseExecutor.runScript(TestCaseExecutor.java:337)
	at com.kms.katalon.core.main.TestCaseExecutor.doExecute(TestCaseExecutor.java:328)
	at com.kms.katalon.core.main.TestCaseExecutor.processExecutionPhase(TestCaseExecutor.java:307)
	at com.kms.katalon.core.main.TestCaseExecutor.accessMainPhase(TestCaseExecutor.java:299)
	at com.kms.katalon.core.main.TestCaseExecutor.execute(TestCaseExecutor.java:233)
	at com.kms.katalon.core.main.TestCaseMain.runTestCase(TestCaseMain.java:114)
	at com.kms.katalon.core.keyword.builtin.CallTestCaseKeyword$_callTestCase_closure1.doCall(CallTestCaseKeyword.groovy:59)
	... 20 more
Caused by: org.openqa.selenium.InvalidElementStateException: invalid element state: Element is not currently interactable and may not be manipulated
  (Session info: chrome=81.0.4044.138)
Build info: version: '3.141.59', revision: 'e82be7d358', time: '2018-11-14T08:25:53'
System info: host: 'NSNB-108', ip: '192.168.16.39', os.name: 'Windows 10', os.arch: 'amd64', os.version: '10.0', java.version: '1.8.0_181'
Driver info: com.kms.katalon.selenium.driver.CChromeDriver
Capabilities {acceptInsecureCerts: false, browserName: chrome, browserVersion: 81.0.4044.138, chrome: {chromedriverVersion: 81.0.4044.69 (6813546031a4b..., userDataDir: C:\Users\19023-~1\AppData\L...}, goog:chromeOptions: {debuggerAddress: localhost:62957}, javascriptEnabled: true, networkConnectionEnabled: false, pageLoadStrategy: normal, platform: WINDOWS, platformName: WINDOWS, proxy: Proxy(), setWindowRect: true, strictFileInteractability: false, timeouts: {implicit: 0, pageLoad: 300000, script: 30000}, unhandledPromptBehavior: dismiss and notify, webauthn:virtualAuthenticators: true}
Session ID: 8951429e1b240e6f73a9d9ac6f8ef331
	at org.openqa.selenium.remote.http.W3CHttpResponseCodec.createException(W3CHttpResponseCodec.java:187)
	at org.openqa.selenium.remote.http.W3CHttpResponseCodec.decode(W3CHttpResponseCodec.java:122)
	at org.openqa.selenium.remote.http.W3CHttpResponseCodec.decode(W3CHttpResponseCodec.java:49)
	at org.openqa.selenium.remote.HttpCommandExecutor.execute(HttpCommandExecutor.java:158)
	at org.openqa.selenium.remote.service.DriverCommandExecutor.execute(DriverCommandExecutor.java:83)
	at org.openqa.selenium.remote.RemoteWebDriver.execute(RemoteWebDriver.java:552)
	at com.kms.katalon.selenium.driver.CChromeDriver.execute(CChromeDriver.java:19)
	at org.openqa.selenium.remote.RemoteWebElement.execute(RemoteWebElement.java:285)
	at org.openqa.selenium.remote.RemoteWebElement.clear(RemoteWebElement.java:124)
	at org.openqa.selenium.support.events.EventFiringWebDriver$EventFiringWebElement.lambda$new$0(EventFiringWebDriver.java:404)
	at com.sun.proxy.$Proxy9.clear(Unknown Source)
	at org.openqa.selenium.support.events.EventFiringWebDriver$EventFiringWebElement.clear(EventFiringWebDriver.java:436)
	at com.kms.katalon.core.webui.keyword.builtin.ClearTextKeyword$_clearText_closure1.doCall(ClearTextKeyword.groovy:46)
	at com.kms.katalon.core.webui.keyword.builtin.ClearTextKeyword$_clearText_closure1.call(ClearTextKeyword.groovy)
	at com.kms.katalon.core.webui.keyword.internal.WebUIKeywordMain.runKeyword(WebUIKeywordMain.groovy:33)
	... 35 more
"/>
         <system-out><![CDATA[2020-05-12 23:54:22 - [TEST_CASE][FAILED] - Test Cases/PFI Precision and Scale/PFI Test Cases/PFI.TriggerPEPresentationLHS: Test Cases/PFI Precision and Scale/PFI Test Cases/PFI.TriggerPEPresentationLHS FAILED.
Reason:
com.kms.katalon.core.exception.StepFailedException: Call Test Case 'Test Cases/PFI Precision and Scale/PFI Components/TriggerPEValidation' failed
	at com.kms.katalon.core.keyword.builtin.CallTestCaseKeyword$_callTestCase_closure1.doCall(CallTestCaseKeyword.groovy:63)
	at com.kms.katalon.core.keyword.builtin.CallTestCaseKeyword$_callTestCase_closure1.call(CallTestCaseKeyword.groovy)
	at com.kms.katalon.core.keyword.internal.KeywordMain.runKeyword(KeywordMain.groovy:68)
	at com.kms.katalon.core.keyword.builtin.CallTestCaseKeyword.callTestCase(CallTestCaseKeyword.groovy:81)
	at com.kms.katalon.core.keyword.builtin.CallTestCaseKeyword.execute(CallTestCaseKeyword.groovy:44)
	at com.kms.katalon.core.keyword.internal.KeywordExecutor.executeKeywordForPlatform(KeywordExecutor.groovy:72)
	at com.kms.katalon.core.keyword.BuiltinKeywords.callTestCase(BuiltinKeywords.groovy:334)
	at PFI.TriggerPEPresentationLHS.run(PFI.TriggerPEPresentationLHS:47)
	at com.kms.katalon.core.main.ScriptEngine.run(ScriptEngine.java:194)
	at com.kms.katalon.core.main.ScriptEngine.runScriptAsRawText(ScriptEngine.java:119)
	at com.kms.katalon.core.main.TestCaseExecutor.runScript(TestCaseExecutor.java:337)
	at com.kms.katalon.core.main.TestCaseExecutor.doExecute(TestCaseExecutor.java:328)
	at com.kms.katalon.core.main.TestCaseExecutor.processExecutionPhase(TestCaseExecutor.java:307)
	at com.kms.katalon.core.main.TestCaseExecutor.accessMainPhase(TestCaseExecutor.java:299)
	at com.kms.katalon.core.main.TestCaseExecutor.execute(TestCaseExecutor.java:233)
	at com.kms.katalon.core.main.TestSuiteExecutor.accessTestCaseMainPhase(TestSuiteExecutor.java:169)
	at com.kms.katalon.core.main.TestSuiteExecutor.accessTestSuiteMainPhase(TestSuiteExecutor.java:142)
	at com.kms.katalon.core.main.TestSuiteExecutor.execute(TestSuiteExecutor.java:91)
	at com.kms.katalon.core.main.TestCaseMain.startTestSuite(TestCaseMain.java:157)
	at com.kms.katalon.core.main.TestCaseMain$startTestSuite$0.call(Unknown Source)
	at TempTestSuite1589297932133.run(TempTestSuite1589297932133.groovy:36)
Caused by: com.kms.katalon.core.exception.StepFailedException: Unable to clear text of object 'Object Repository/Objects.NameValidation/input_FieldName'
	at com.kms.katalon.core.webui.keyword.internal.WebUIKeywordMain.stepFailed(WebUIKeywordMain.groovy:64)
	at com.kms.katalon.core.webui.keyword.internal.WebUIKeywordMain.runKeyword(WebUIKeywordMain.groovy:42)
	at com.kms.katalon.core.webui.keyword.builtin.ClearTextKeyword.clearText(ClearTextKeyword.groovy:61)
	at com.kms.katalon.core.webui.keyword.builtin.ClearTextKeyword.execute(ClearTextKeyword.groovy:34)
	at com.kms.katalon.core.keyword.internal.KeywordExecutor.executeKeywordForPlatform(KeywordExecutor.groovy:72)
	at com.kms.katalon.core.webui.keyword.WebUiBuiltInKeywords.clearText(WebUiBuiltInKeywords.groovy:3817)
	at com.kms.katalon.core.webui.keyword.WebUiBuiltInKeywords$clearText$14.call(Unknown Source)
	at TriggerPEValidation.run(TriggerPEValidation:30)
	at com.kms.katalon.core.main.ScriptEngine.run(ScriptEngine.java:194)
	at com.kms.katalon.core.main.ScriptEngine.runScriptAsRawText(ScriptEngine.java:119)
	at com.kms.katalon.core.main.TestCaseExecutor.runScript(TestCaseExecutor.java:337)
	at com.kms.katalon.core.main.TestCaseExecutor.doExecute(TestCaseExecutor.java:328)
	at com.kms.katalon.core.main.TestCaseExecutor.processExecutionPhase(TestCaseExecutor.java:307)
	at com.kms.katalon.core.main.TestCaseExecutor.accessMainPhase(TestCaseExecutor.java:299)
	at com.kms.katalon.core.main.TestCaseExecutor.execute(TestCaseExecutor.java:233)
	at com.kms.katalon.core.main.TestCaseMain.runTestCase(TestCaseMain.java:114)
	at com.kms.katalon.core.keyword.builtin.CallTestCaseKeyword$_callTestCase_closure1.doCall(CallTestCaseKeyword.groovy:59)
	... 20 more
Caused by: org.openqa.selenium.InvalidElementStateException: invalid element state: Element is not currently interactable and may not be manipulated
  (Session info: chrome=81.0.4044.138)
Build info: version: '3.141.59', revision: 'e82be7d358', time: '2018-11-14T08:25:53'
System info: host: 'NSNB-108', ip: '192.168.16.39', os.name: 'Windows 10', os.arch: 'amd64', os.version: '10.0', java.version: '1.8.0_181'
Driver info: com.kms.katalon.selenium.driver.CChromeDriver
Capabilities {acceptInsecureCerts: false, browserName: chrome, browserVersion: 81.0.4044.138, chrome: {chromedriverVersion: 81.0.4044.69 (6813546031a4b..., userDataDir: C:\Users\19023-~1\AppData\L...}, goog:chromeOptions: {debuggerAddress: localhost:62957}, javascriptEnabled: true, networkConnectionEnabled: false, pageLoadStrategy: normal, platform: WINDOWS, platformName: WINDOWS, proxy: Proxy(), setWindowRect: true, strictFileInteractability: false, timeouts: {implicit: 0, pageLoad: 300000, script: 30000}, unhandledPromptBehavior: dismiss and notify, webauthn:virtualAuthenticators: true}
Session ID: 8951429e1b240e6f73a9d9ac6f8ef331
	at org.openqa.selenium.remote.http.W3CHttpResponseCodec.createException(W3CHttpResponseCodec.java:187)
	at org.openqa.selenium.remote.http.W3CHttpResponseCodec.decode(W3CHttpResponseCodec.java:122)
	at org.openqa.selenium.remote.http.W3CHttpResponseCodec.decode(W3CHttpResponseCodec.java:49)
	at org.openqa.selenium.remote.HttpCommandExecutor.execute(HttpCommandExecutor.java:158)
	at org.openqa.selenium.remote.service.DriverCommandExecutor.execute(DriverCommandExecutor.java:83)
	at org.openqa.selenium.remote.RemoteWebDriver.execute(RemoteWebDriver.java:552)
	at com.kms.katalon.selenium.driver.CChromeDriver.execute(CChromeDriver.java:19)
	at org.openqa.selenium.remote.RemoteWebElement.execute(RemoteWebElement.java:285)
	at org.openqa.selenium.remote.RemoteWebElement.clear(RemoteWebElement.java:124)
	at org.openqa.selenium.support.events.EventFiringWebDriver$EventFiringWebElement.lambda$new$0(EventFiringWebDriver.java:404)
	at com.sun.proxy.$Proxy9.clear(Unknown Source)
	at org.openqa.selenium.support.events.EventFiringWebDriver$EventFiringWebElement.clear(EventFiringWebDriver.java:436)
	at com.kms.katalon.core.webui.keyword.builtin.ClearTextKeyword$_clearText_closure1.doCall(ClearTextKeyword.groovy:46)
	at com.kms.katalon.core.webui.keyword.builtin.ClearTextKeyword$_clearText_closure1.call(ClearTextKeyword.groovy)
	at com.kms.katalon.core.webui.keyword.internal.WebUIKeywordMain.runKeyword(WebUIKeywordMain.groovy:33)
	... 35 more


2020-05-12 23:54:22 - [TEST_STEP][NOT_RUN] - callTestCase(findTestCase("Components/LoginV2.0"), ["LinkToBeUsed":findTestData("Datatable").getValue("URL", 21), "LoginPageTextToBeVerified":"Sign in to ISPS2-PROD-Verify", ... ], STOP_ON_FAILURE): NOT_RUN: callTestCase(findTestCase("Components/LoginV2.0"), ["LinkToBeUsed":findTestData("Datatable").getValue("URL", 21), "LoginPageTextToBeVerified":"Sign in to ISPS2-PROD-Verify", ... ], STOP_ON_FAILURE)

2020-05-12 23:54:22 - [MESSAGE][NOT_RUN] - NOT_RUN: callTestCase(findTestCase("Components/LoginV2.0"), ["LinkToBeUsed":findTestData("Datatable").getValue("URL", 21), "LoginPageTextToBeVerified":"Sign in to ISPS2-PROD-Verify", ... ], STOP_ON_FAILURE)

2020-05-12 23:54:22 - [TEST_STEP][NOT_RUN] - callTestCase(findTestCase("Components/NavigateToHomepageHeaders"), ["headerText":"My Tasks"], STOP_ON_FAILURE): NOT_RUN: callTestCase(findTestCase("Components/NavigateToHomepageHeaders"), ["headerText":"My Tasks"], STOP_ON_FAILURE)

2020-05-12 23:54:22 - [MESSAGE][NOT_RUN] - NOT_RUN: callTestCase(findTestCase("Components/NavigateToHomepageHeaders"), ["headerText":"My Tasks"], STOP_ON_FAILURE)

2020-05-12 23:54:22 - [TEST_STEP][NOT_RUN] - callTestCase(findTestCase("Components/Filter"), ["taskDescription":"Process Case (SM)"], STOP_ON_FAILURE): NOT_RUN: callTestCase(findTestCase("Components/Filter"), ["taskDescription":"Process Case (SM)"], STOP_ON_FAILURE)

2020-05-12 23:54:22 - [MESSAGE][NOT_RUN] - NOT_RUN: callTestCase(findTestCase("Components/Filter"), ["taskDescription":"Process Case (SM)"], STOP_ON_FAILURE)

2020-05-12 23:54:22 - [TEST_STEP][NOT_RUN] - callTestCase(findTestCase("Components/Wait"), ["secondsToWait":5000], STOP_ON_FAILURE): NOT_RUN: callTestCase(findTestCase("Components/Wait"), ["secondsToWait":5000], STOP_ON_FAILURE)

2020-05-12 23:54:22 - [MESSAGE][NOT_RUN] - NOT_RUN: callTestCase(findTestCase("Components/Wait"), ["secondsToWait":5000], STOP_ON_FAILURE)

2020-05-12 23:54:22 - [TEST_STEP][NOT_RUN] - callTestCase(findTestCase("Components/ClickLinkDependingOnTextAndIndex"), ["linkName":"Process Case (SM)", "index":"6"], STOP_ON_FAILURE): NOT_RUN: callTestCase(findTestCase("Components/ClickLinkDependingOnTextAndIndex"), ["linkName":"Process Case (SM)", "index":"6"], STOP_ON_FAILURE)

2020-05-12 23:54:22 - [MESSAGE][NOT_RUN] - NOT_RUN: callTestCase(findTestCase("Components/ClickLinkDependingOnTextAndIndex"), ["linkName":"Process Case (SM)", "index":"6"], STOP_ON_FAILURE)

2020-05-12 23:54:22 - [TEST_STEP][NOT_RUN] - callTestCase(findTestCase("Components/Wait"), ["secondsToWait":5000], STOP_ON_FAILURE): NOT_RUN: callTestCase(findTestCase("Components/Wait"), ["secondsToWait":5000], STOP_ON_FAILURE)

2020-05-12 23:54:22 - [MESSAGE][NOT_RUN] - NOT_RUN: callTestCase(findTestCase("Components/Wait"), ["secondsToWait":5000], STOP_ON_FAILURE)

2020-05-12 23:54:22 - [TEST_STEP][PASSED] - callTestCase(findTestCase("Components/NavigateToAnyLHS"), ["LHS":"Trigger PE Presentation"], STOP_ON_FAILURE): Call Test Case 'Test Cases/Components/NavigateToAnyLHS' successfully

2020-05-12 23:54:22 - [TEST_CASE][PASSED] - Test Cases/Components/NavigateToAnyLHS: Test Cases/Components/NavigateToAnyLHS

2020-05-12 23:54:22 - [TEST_STEP][PASSED] - Thread.sleep(1000): null

2020-05-12 23:54:23 - [TEST_STEP][PASSED] - modifiedLHS = modifyObjectProperty(findTestObject("Objects.NavigateToAnyLHS/Page_ISPS2/LHSToModify"), "text", "equals", LHS, true): Modify property of object successfully

2020-05-12 23:54:23 - [MESSAGE][PASSED] - Modify property of object successfully

2020-05-12 23:54:23 - [TEST_STEP][PASSED] - click(modifiedLHS): Object: 'Object Repository/Objects.NavigateToAnyLHS/Page_ISPS2/LHSToModify' is clicked on

2020-05-12 23:54:24 - [MESSAGE][PASSED] - Object: 'Object Repository/Objects.NavigateToAnyLHS/Page_ISPS2/LHSToModify' is clicked on

2020-05-12 23:54:24 - [TEST_STEP][PASSED] - currentLHS = getText(modifiedLHS): Text of object 'Object Repository/Objects.NavigateToAnyLHS/Page_ISPS2/LHSToModify' is: 'Trigger PE Presentation'

2020-05-12 23:54:25 - [MESSAGE][PASSED] - Text of object 'Object Repository/Objects.NavigateToAnyLHS/Page_ISPS2/LHSToModify' is: 'Trigger PE Presentation'

2020-05-12 23:54:25 - [TEST_STEP][PASSED] - Thread.sleep(5000): null

2020-05-12 23:54:30 - [MESSAGE][PASSED] - Call Test Case 'Test Cases/Components/NavigateToAnyLHS' successfully

2020-05-12 23:54:30 - [TEST_STEP][PASSED] - callTestCase(findTestCase("Components/VerifyPageSuccessfullyLoaded"), ["HeaderName":"Trigger PE Presentation"], STOP_ON_FAILURE): Call Test Case 'Test Cases/Components/VerifyPageSuccessfullyLoaded' successfully

2020-05-12 23:54:30 - [TEST_CASE][PASSED] - Test Cases/Components/VerifyPageSuccessfullyLoaded: Test Cases/Components/VerifyPageSuccessfullyLoaded

2020-05-12 23:54:30 - [TEST_STEP][PASSED] - Thread.sleep(3000): null

2020-05-12 23:54:33 - [TEST_STEP][PASSED] - ModifiedHeaderName = modifyObjectProperty(findTestObject("Objects.VerifyPageSuccessfullyLoaded/PageHeader"), "text", "equals", HeaderName, false): Modify property of object successfully

2020-05-12 23:54:33 - [MESSAGE][PASSED] - Modify property of object successfully

2020-05-12 23:54:33 - [TEST_STEP][PASSED] - verifyElementPresent(ModifiedHeaderName, 0): Object 'Object Repository/Objects.VerifyPageSuccessfullyLoaded/PageHeader' is present

2020-05-12 23:54:33 - [MESSAGE][WARNING] - Timeout '0' is invalid. Using default page load timeout: '30'

2020-05-12 23:54:33 - [MESSAGE][PASSED] - Object 'Object Repository/Objects.VerifyPageSuccessfullyLoaded/PageHeader' is present

2020-05-12 23:54:33 - [TEST_STEP][PASSED] - com.reusableComponents.HighlightElement.run(ModifiedHeaderName): com.reusableComponents.HighlightElement.run is PASSED

2020-05-12 23:54:34 - [MESSAGE][PASSED] - com.reusableComponents.HighlightElement.run is PASSED

2020-05-12 23:54:34 - [TEST_STEP][PASSED] - Thread.sleep(3000): null

2020-05-12 23:54:37 - [MESSAGE][PASSED] - Call Test Case 'Test Cases/Components/VerifyPageSuccessfullyLoaded' successfully

2020-05-12 23:54:37 - [TEST_STEP][PASSED] - callTestCase(findTestCase("Components/ClickCheckBox"), ["Index":"1"], STOP_ON_FAILURE): Call Test Case 'Test Cases/Components/ClickCheckBox' successfully

2020-05-12 23:54:37 - [TEST_CASE][PASSED] - Test Cases/Components/ClickCheckBox: Test Cases/Components/ClickCheckBox

2020-05-12 23:54:37 - [TEST_STEP][PASSED] - Thread.sleep(1000): null

2020-05-12 23:54:38 - [TEST_STEP][NOT_RUN] - com.reusableComponents.HighlightElement.run(findTestObject("Objects.CheckListOfBlocksAssignedToPE/Page_ISPS2/div_LIST OF BLOCKS ASSIGNED TO PE")): NOT_RUN: com.reusableComponents.HighlightElement.run(findTestObject("Objects.CheckListOfBlocksAssignedToPE/Page_ISPS2/div_LIST OF BLOCKS ASSIGNED TO PE"))

2020-05-12 23:54:38 - [MESSAGE][NOT_RUN] - NOT_RUN: com.reusableComponents.HighlightElement.run(findTestObject("Objects.CheckListOfBlocksAssignedToPE/Page_ISPS2/div_LIST OF BLOCKS ASSIGNED TO PE"))

2020-05-12 23:54:38 - [TEST_STEP][NOT_RUN] - com.reusableComponents.clickUsingJS.clickUsingJS(findTestObject("Objects.CheckListOfBlocksAssignedToPE/Page_ISPS2/Checkbox"), 0): NOT_RUN: com.reusableComponents.clickUsingJS.clickUsingJS(findTestObject("Objects.CheckListOfBlocksAssignedToPE/Page_ISPS2/Checkbox"), 0)

2020-05-12 23:54:38 - [MESSAGE][NOT_RUN] - NOT_RUN: com.reusableComponents.clickUsingJS.clickUsingJS(findTestObject("Objects.CheckListOfBlocksAssignedToPE/Page_ISPS2/Checkbox"), 0)

2020-05-12 23:54:38 - [TEST_STEP][PASSED] - modifiedCheckBox = modifyObjectProperty(findTestObject("Objects.ClickCheckBox/Page_ISPS2/CheckBox2"), "xpath", "equals", "(//div[@class='x-grid-row-checker'])[" + Index + "]", true): Modify property of object successfully

2020-05-12 23:54:38 - [MESSAGE][PASSED] - Modify property of object successfully

2020-05-12 23:54:38 - [TEST_STEP][NOT_RUN] - com.reusableComponents.HighlightElement.run(modifiedCheckBox): NOT_RUN: com.reusableComponents.HighlightElement.run(modifiedCheckBox)

2020-05-12 23:54:38 - [MESSAGE][NOT_RUN] - NOT_RUN: com.reusableComponents.HighlightElement.run(modifiedCheckBox)

2020-05-12 23:54:38 - [TEST_STEP][PASSED] - com.reusableComponents.clickUsingJS.clickUsingJS(modifiedCheckBox, 0): com.reusableComponents.clickUsingJS.clickUsingJS is PASSED

2020-05-12 23:54:38 - [MESSAGE][WARNING] - Timeout '0' is invalid. Using default page load timeout: '30'

2020-05-12 23:54:38 - [MESSAGE][PASSED] - com.reusableComponents.clickUsingJS.clickUsingJS is PASSED

2020-05-12 23:54:38 - [TEST_STEP][NOT_RUN] - click(modifiedCheckBox): NOT_RUN: click(modifiedCheckBox)

2020-05-12 23:54:38 - [MESSAGE][NOT_RUN] - NOT_RUN: click(modifiedCheckBox)

2020-05-12 23:54:38 - [MESSAGE][PASSED] - Call Test Case 'Test Cases/Components/ClickCheckBox' successfully

2020-05-12 23:54:38 - [TEST_STEP][FAILED] - callTestCase(findTestCase("PFI Precision and Scale/PFI Components/TriggerPEValidation"), ["FldNm":"submInd_0", "NoOfOpt":1], STOP_ON_FAILURE): Unable to call Test Case 'Test Cases/PFI Precision and Scale/PFI Components/TriggerPEValidation' (Root cause: com.kms.katalon.core.exception.StepFailedException: Call Test Case 'Test Cases/PFI Precision and Scale/PFI Components/TriggerPEValidation' failed
	at com.kms.katalon.core.keyword.builtin.CallTestCaseKeyword$_callTestCase_closure1.doCall(CallTestCaseKeyword.groovy:63)
	at com.kms.katalon.core.keyword.builtin.CallTestCaseKeyword$_callTestCase_closure1.call(CallTestCaseKeyword.groovy)
	at com.kms.katalon.core.keyword.internal.KeywordMain.runKeyword(KeywordMain.groovy:68)
	at com.kms.katalon.core.keyword.builtin.CallTestCaseKeyword.callTestCase(CallTestCaseKeyword.groovy:81)
	at com.kms.katalon.core.keyword.builtin.CallTestCaseKeyword.execute(CallTestCaseKeyword.groovy:44)
	at com.kms.katalon.core.keyword.internal.KeywordExecutor.executeKeywordForPlatform(KeywordExecutor.groovy:72)
	at com.kms.katalon.core.keyword.BuiltinKeywords.callTestCase(BuiltinKeywords.groovy:334)
	at PFI.TriggerPEPresentationLHS.run(PFI.TriggerPEPresentationLHS:47)
	at com.kms.katalon.core.main.ScriptEngine.run(ScriptEngine.java:194)
	at com.kms.katalon.core.main.ScriptEngine.runScriptAsRawText(ScriptEngine.java:119)
	at com.kms.katalon.core.main.TestCaseExecutor.runScript(TestCaseExecutor.java:337)
	at com.kms.katalon.core.main.TestCaseExecutor.doExecute(TestCaseExecutor.java:328)
	at com.kms.katalon.core.main.TestCaseExecutor.processExecutionPhase(TestCaseExecutor.java:307)
	at com.kms.katalon.core.main.TestCaseExecutor.accessMainPhase(TestCaseExecutor.java:299)
	at com.kms.katalon.core.main.TestCaseExecutor.execute(TestCaseExecutor.java:233)
	at com.kms.katalon.core.main.TestSuiteExecutor.accessTestCaseMainPhase(TestSuiteExecutor.java:169)
	at com.kms.katalon.core.main.TestSuiteExecutor.accessTestSuiteMainPhase(TestSuiteExecutor.java:142)
	at com.kms.katalon.core.main.TestSuiteExecutor.execute(TestSuiteExecutor.java:91)
	at com.kms.katalon.core.main.TestCaseMain.startTestSuite(TestCaseMain.java:157)
	at com.kms.katalon.core.main.TestCaseMain$startTestSuite$0.call(Unknown Source)
	at TempTestSuite1589297932133.run(TempTestSuite1589297932133.groovy:36)
Caused by: com.kms.katalon.core.exception.StepFailedException: Unable to clear text of object 'Object Repository/Objects.NameValidation/input_FieldName'
	at com.kms.katalon.core.webui.keyword.internal.WebUIKeywordMain.stepFailed(WebUIKeywordMain.groovy:64)
	at com.kms.katalon.core.webui.keyword.internal.WebUIKeywordMain.runKeyword(WebUIKeywordMain.groovy:42)
	at com.kms.katalon.core.webui.keyword.builtin.ClearTextKeyword.clearText(ClearTextKeyword.groovy:61)
	at com.kms.katalon.core.webui.keyword.builtin.ClearTextKeyword.execute(ClearTextKeyword.groovy:34)
	at com.kms.katalon.core.keyword.internal.KeywordExecutor.executeKeywordForPlatform(KeywordExecutor.groovy:72)
	at com.kms.katalon.core.webui.keyword.WebUiBuiltInKeywords.clearText(WebUiBuiltInKeywords.groovy:3817)
	at com.kms.katalon.core.webui.keyword.WebUiBuiltInKeywords$clearText$14.call(Unknown Source)
	at TriggerPEValidation.run(TriggerPEValidation:30)
	at com.kms.katalon.core.main.ScriptEngine.run(ScriptEngine.java:194)
	at com.kms.katalon.core.main.ScriptEngine.runScriptAsRawText(ScriptEngine.java:119)
	at com.kms.katalon.core.main.TestCaseExecutor.runScript(TestCaseExecutor.java:337)
	at com.kms.katalon.core.main.TestCaseExecutor.doExecute(TestCaseExecutor.java:328)
	at com.kms.katalon.core.main.TestCaseExecutor.processExecutionPhase(TestCaseExecutor.java:307)
	at com.kms.katalon.core.main.TestCaseExecutor.accessMainPhase(TestCaseExecutor.java:299)
	at com.kms.katalon.core.main.TestCaseExecutor.execute(TestCaseExecutor.java:233)
	at com.kms.katalon.core.main.TestCaseMain.runTestCase(TestCaseMain.java:114)
	at com.kms.katalon.core.keyword.builtin.CallTestCaseKeyword$_callTestCase_closure1.doCall(CallTestCaseKeyword.groovy:59)
	... 20 more
Caused by: org.openqa.selenium.InvalidElementStateException: invalid element state: Element is not currently interactable and may not be manipulated
  (Session info: chrome=81.0.4044.138)
Build info: version: '3.141.59', revision: 'e82be7d358', time: '2018-11-14T08:25:53'
System info: host: 'NSNB-108', ip: '192.168.16.39', os.name: 'Windows 10', os.arch: 'amd64', os.version: '10.0', java.version: '1.8.0_181'
Driver info: com.kms.katalon.selenium.driver.CChromeDriver
Capabilities {acceptInsecureCerts: false, browserName: chrome, browserVersion: 81.0.4044.138, chrome: {chromedriverVersion: 81.0.4044.69 (6813546031a4b..., userDataDir: C:\Users\19023-~1\AppData\L...}, goog:chromeOptions: {debuggerAddress: localhost:62957}, javascriptEnabled: true, networkConnectionEnabled: false, pageLoadStrategy: normal, platform: WINDOWS, platformName: WINDOWS, proxy: Proxy(), setWindowRect: true, strictFileInteractability: false, timeouts: {implicit: 0, pageLoad: 300000, script: 30000}, unhandledPromptBehavior: dismiss and notify, webauthn:virtualAuthenticators: true}
Session ID: 8951429e1b240e6f73a9d9ac6f8ef331
	at org.openqa.selenium.remote.http.W3CHttpResponseCodec.createException(W3CHttpResponseCodec.java:187)
	at org.openqa.selenium.remote.http.W3CHttpResponseCodec.decode(W3CHttpResponseCodec.java:122)
	at org.openqa.selenium.remote.http.W3CHttpResponseCodec.decode(W3CHttpResponseCodec.java:49)
	at org.openqa.selenium.remote.HttpCommandExecutor.execute(HttpCommandExecutor.java:158)
	at org.openqa.selenium.remote.service.DriverCommandExecutor.execute(DriverCommandExecutor.java:83)
	at org.openqa.selenium.remote.RemoteWebDriver.execute(RemoteWebDriver.java:552)
	at com.kms.katalon.selenium.driver.CChromeDriver.execute(CChromeDriver.java:19)
	at org.openqa.selenium.remote.RemoteWebElement.execute(RemoteWebElement.java:285)
	at org.openqa.selenium.remote.RemoteWebElement.clear(RemoteWebElement.java:124)
	at org.openqa.selenium.support.events.EventFiringWebDriver$EventFiringWebElement.lambda$new$0(EventFiringWebDriver.java:404)
	at com.sun.proxy.$Proxy9.clear(Unknown Source)
	at org.openqa.selenium.support.events.EventFiringWebDriver$EventFiringWebElement.clear(EventFiringWebDriver.java:436)
	at com.kms.katalon.core.webui.keyword.builtin.ClearTextKeyword$_clearText_closure1.doCall(ClearTextKeyword.groovy:46)
	at com.kms.katalon.core.webui.keyword.builtin.ClearTextKeyword$_clearText_closure1.call(ClearTextKeyword.groovy)
	at com.kms.katalon.core.webui.keyword.internal.WebUIKeywordMain.runKeyword(WebUIKeywordMain.groovy:33)
	... 35 more
)

2020-05-12 23:54:38 - [TEST_CASE][FAILED] - Test Cases/PFI Precision and Scale/PFI Components/TriggerPEValidation: Test Cases/PFI Precision and Scale/PFI Components/TriggerPEValidation FAILED.
Reason:
com.kms.katalon.core.exception.StepFailedException: Unable to clear text of object 'Object Repository/Objects.NameValidation/input_FieldName'
	at com.kms.katalon.core.webui.keyword.internal.WebUIKeywordMain.stepFailed(WebUIKeywordMain.groovy:64)
	at com.kms.katalon.core.webui.keyword.internal.WebUIKeywordMain.runKeyword(WebUIKeywordMain.groovy:42)
	at com.kms.katalon.core.webui.keyword.builtin.ClearTextKeyword.clearText(ClearTextKeyword.groovy:61)
	at com.kms.katalon.core.webui.keyword.builtin.ClearTextKeyword.execute(ClearTextKeyword.groovy:34)
	at com.kms.katalon.core.keyword.internal.KeywordExecutor.executeKeywordForPlatform(KeywordExecutor.groovy:72)
	at com.kms.katalon.core.webui.keyword.WebUiBuiltInKeywords.clearText(WebUiBuiltInKeywords.groovy:3817)
	at com.kms.katalon.core.webui.keyword.WebUiBuiltInKeywords$clearText$14.call(Unknown Source)
	at TriggerPEValidation.run(TriggerPEValidation:30)
	at com.kms.katalon.core.main.ScriptEngine.run(ScriptEngine.java:194)
	at com.kms.katalon.core.main.ScriptEngine.runScriptAsRawText(ScriptEngine.java:119)
	at com.kms.katalon.core.main.TestCaseExecutor.runScript(TestCaseExecutor.java:337)
	at com.kms.katalon.core.main.TestCaseExecutor.doExecute(TestCaseExecutor.java:328)
	at com.kms.katalon.core.main.TestCaseExecutor.processExecutionPhase(TestCaseExecutor.java:307)
	at com.kms.katalon.core.main.TestCaseExecutor.accessMainPhase(TestCaseExecutor.java:299)
	at com.kms.katalon.core.main.TestCaseExecutor.execute(TestCaseExecutor.java:233)
	at com.kms.katalon.core.main.TestCaseMain.runTestCase(TestCaseMain.java:114)
	at com.kms.katalon.core.keyword.builtin.CallTestCaseKeyword$_callTestCase_closure1.doCall(CallTestCaseKeyword.groovy:59)
	at com.kms.katalon.core.keyword.builtin.CallTestCaseKeyword$_callTestCase_closure1.call(CallTestCaseKeyword.groovy)
	at com.kms.katalon.core.keyword.internal.KeywordMain.runKeyword(KeywordMain.groovy:68)
	at com.kms.katalon.core.keyword.builtin.CallTestCaseKeyword.callTestCase(CallTestCaseKeyword.groovy:81)
	at com.kms.katalon.core.keyword.builtin.CallTestCaseKeyword.execute(CallTestCaseKeyword.groovy:44)
	at com.kms.katalon.core.keyword.internal.KeywordExecutor.executeKeywordForPlatform(KeywordExecutor.groovy:72)
	at com.kms.katalon.core.keyword.BuiltinKeywords.callTestCase(BuiltinKeywords.groovy:334)
	at PFI.TriggerPEPresentationLHS.run(PFI.TriggerPEPresentationLHS:47)
	at com.kms.katalon.core.main.ScriptEngine.run(ScriptEngine.java:194)
	at com.kms.katalon.core.main.ScriptEngine.runScriptAsRawText(ScriptEngine.java:119)
	at com.kms.katalon.core.main.TestCaseExecutor.runScript(TestCaseExecutor.java:337)
	at com.kms.katalon.core.main.TestCaseExecutor.doExecute(TestCaseExecutor.java:328)
	at com.kms.katalon.core.main.TestCaseExecutor.processExecutionPhase(TestCaseExecutor.java:307)
	at com.kms.katalon.core.main.TestCaseExecutor.accessMainPhase(TestCaseExecutor.java:299)
	at com.kms.katalon.core.main.TestCaseExecutor.execute(TestCaseExecutor.java:233)
	at com.kms.katalon.core.main.TestSuiteExecutor.accessTestCaseMainPhase(TestSuiteExecutor.java:169)
	at com.kms.katalon.core.main.TestSuiteExecutor.accessTestSuiteMainPhase(TestSuiteExecutor.java:142)
	at com.kms.katalon.core.main.TestSuiteExecutor.execute(TestSuiteExecutor.java:91)
	at com.kms.katalon.core.main.TestCaseMain.startTestSuite(TestCaseMain.java:157)
	at com.kms.katalon.core.main.TestCaseMain$startTestSuite$0.call(Unknown Source)
	at TempTestSuite1589297932133.run(TempTestSuite1589297932133.groovy:36)
Caused by: org.openqa.selenium.InvalidElementStateException: invalid element state: Element is not currently interactable and may not be manipulated
  (Session info: chrome=81.0.4044.138)
Build info: version: '3.141.59', revision: 'e82be7d358', time: '2018-11-14T08:25:53'
System info: host: 'NSNB-108', ip: '192.168.16.39', os.name: 'Windows 10', os.arch: 'amd64', os.version: '10.0', java.version: '1.8.0_181'
Driver info: com.kms.katalon.selenium.driver.CChromeDriver
Capabilities {acceptInsecureCerts: false, browserName: chrome, browserVersion: 81.0.4044.138, chrome: {chromedriverVersion: 81.0.4044.69 (6813546031a4b..., userDataDir: C:\Users\19023-~1\AppData\L...}, goog:chromeOptions: {debuggerAddress: localhost:62957}, javascriptEnabled: true, networkConnectionEnabled: false, pageLoadStrategy: normal, platform: WINDOWS, platformName: WINDOWS, proxy: Proxy(), setWindowRect: true, strictFileInteractability: false, timeouts: {implicit: 0, pageLoad: 300000, script: 30000}, unhandledPromptBehavior: dismiss and notify, webauthn:virtualAuthenticators: true}
Session ID: 8951429e1b240e6f73a9d9ac6f8ef331
	at org.openqa.selenium.remote.http.W3CHttpResponseCodec.createException(W3CHttpResponseCodec.java:187)
	at org.openqa.selenium.remote.http.W3CHttpResponseCodec.decode(W3CHttpResponseCodec.java:122)
	at org.openqa.selenium.remote.http.W3CHttpResponseCodec.decode(W3CHttpResponseCodec.java:49)
	at org.openqa.selenium.remote.HttpCommandExecutor.execute(HttpCommandExecutor.java:158)
	at org.openqa.selenium.remote.service.DriverCommandExecutor.execute(DriverCommandExecutor.java:83)
	at org.openqa.selenium.remote.RemoteWebDriver.execute(RemoteWebDriver.java:552)
	at com.kms.katalon.selenium.driver.CChromeDriver.execute(CChromeDriver.java:19)
	at org.openqa.selenium.remote.RemoteWebElement.execute(RemoteWebElement.java:285)
	at org.openqa.selenium.remote.RemoteWebElement.clear(RemoteWebElement.java:124)
	at org.openqa.selenium.support.events.EventFiringWebDriver$EventFiringWebElement.lambda$new$0(EventFiringWebDriver.java:404)
	at com.sun.proxy.$Proxy9.clear(Unknown Source)
	at org.openqa.selenium.support.events.EventFiringWebDriver$EventFiringWebElement.clear(EventFiringWebDriver.java:436)
	at com.kms.katalon.core.webui.keyword.builtin.ClearTextKeyword$_clearText_closure1.doCall(ClearTextKeyword.groovy:46)
	at com.kms.katalon.core.webui.keyword.builtin.ClearTextKeyword$_clearText_closure1.call(ClearTextKeyword.groovy)
	at com.kms.katalon.core.webui.keyword.internal.WebUIKeywordMain.runKeyword(WebUIKeywordMain.groovy:33)
	... 35 more


2020-05-12 23:54:39 - [TEST_STEP][PASSED] - enableSmartWait(): null

2020-05-12 23:54:39 - [TEST_STEP][PASSED] - NewInputNmField = modifyObjectProperty(findTestObject("Objects.NameValidation/input_FieldName"), "name", "equals", FldNm, true): Modify property of object successfully

2020-05-12 23:54:39 - [MESSAGE][PASSED] - Modify property of object successfully

2020-05-12 23:54:39 - [TEST_STEP][PASSED] - com.reusableComponents.HighlightElement.run(NewInputNmField): com.reusableComponents.HighlightElement.run is PASSED

2020-05-12 23:54:39 - [MESSAGE][PASSED] - com.reusableComponents.HighlightElement.run is PASSED

2020-05-12 23:54:39 - [TEST_STEP][FAILED] - clearText(NewInputNmField): Unable to clear text of object 'Object Repository/Objects.NameValidation/input_FieldName' (Root cause: com.kms.katalon.core.exception.StepFailedException: Unable to clear text of object 'Object Repository/Objects.NameValidation/input_FieldName'
	at com.kms.katalon.core.webui.keyword.internal.WebUIKeywordMain.stepFailed(WebUIKeywordMain.groovy:64)
	at com.kms.katalon.core.webui.keyword.internal.WebUIKeywordMain.runKeyword(WebUIKeywordMain.groovy:42)
	at com.kms.katalon.core.webui.keyword.builtin.ClearTextKeyword.clearText(ClearTextKeyword.groovy:61)
	at com.kms.katalon.core.webui.keyword.builtin.ClearTextKeyword.execute(ClearTextKeyword.groovy:34)
	at com.kms.katalon.core.keyword.internal.KeywordExecutor.executeKeywordForPlatform(KeywordExecutor.groovy:72)
	at com.kms.katalon.core.webui.keyword.WebUiBuiltInKeywords.clearText(WebUiBuiltInKeywords.groovy:3817)
	at com.kms.katalon.core.webui.keyword.WebUiBuiltInKeywords$clearText$14.call(Unknown Source)
	at TriggerPEValidation.run(TriggerPEValidation:30)
	at com.kms.katalon.core.main.ScriptEngine.run(ScriptEngine.java:194)
	at com.kms.katalon.core.main.ScriptEngine.runScriptAsRawText(ScriptEngine.java:119)
	at com.kms.katalon.core.main.TestCaseExecutor.runScript(TestCaseExecutor.java:337)
	at com.kms.katalon.core.main.TestCaseExecutor.doExecute(TestCaseExecutor.java:328)
	at com.kms.katalon.core.main.TestCaseExecutor.processExecutionPhase(TestCaseExecutor.java:307)
	at com.kms.katalon.core.main.TestCaseExecutor.accessMainPhase(TestCaseExecutor.java:299)
	at com.kms.katalon.core.main.TestCaseExecutor.execute(TestCaseExecutor.java:233)
	at com.kms.katalon.core.main.TestCaseMain.runTestCase(TestCaseMain.java:114)
	at com.kms.katalon.core.keyword.builtin.CallTestCaseKeyword$_callTestCase_closure1.doCall(CallTestCaseKeyword.groovy:59)
	at com.kms.katalon.core.keyword.builtin.CallTestCaseKeyword$_callTestCase_closure1.call(CallTestCaseKeyword.groovy)
	at com.kms.katalon.core.keyword.internal.KeywordMain.runKeyword(KeywordMain.groovy:68)
	at com.kms.katalon.core.keyword.builtin.CallTestCaseKeyword.callTestCase(CallTestCaseKeyword.groovy:81)
	at com.kms.katalon.core.keyword.builtin.CallTestCaseKeyword.execute(CallTestCaseKeyword.groovy:44)
	at com.kms.katalon.core.keyword.internal.KeywordExecutor.executeKeywordForPlatform(KeywordExecutor.groovy:72)
	at com.kms.katalon.core.keyword.BuiltinKeywords.callTestCase(BuiltinKeywords.groovy:334)
	at PFI.TriggerPEPresentationLHS.run(PFI.TriggerPEPresentationLHS:47)
	at com.kms.katalon.core.main.ScriptEngine.run(ScriptEngine.java:194)
	at com.kms.katalon.core.main.ScriptEngine.runScriptAsRawText(ScriptEngine.java:119)
	at com.kms.katalon.core.main.TestCaseExecutor.runScript(TestCaseExecutor.java:337)
	at com.kms.katalon.core.main.TestCaseExecutor.doExecute(TestCaseExecutor.java:328)
	at com.kms.katalon.core.main.TestCaseExecutor.processExecutionPhase(TestCaseExecutor.java:307)
	at com.kms.katalon.core.main.TestCaseExecutor.accessMainPhase(TestCaseExecutor.java:299)
	at com.kms.katalon.core.main.TestCaseExecutor.execute(TestCaseExecutor.java:233)
	at com.kms.katalon.core.main.TestSuiteExecutor.accessTestCaseMainPhase(TestSuiteExecutor.java:169)
	at com.kms.katalon.core.main.TestSuiteExecutor.accessTestSuiteMainPhase(TestSuiteExecutor.java:142)
	at com.kms.katalon.core.main.TestSuiteExecutor.execute(TestSuiteExecutor.java:91)
	at com.kms.katalon.core.main.TestCaseMain.startTestSuite(TestCaseMain.java:157)
	at com.kms.katalon.core.main.TestCaseMain$startTestSuite$0.call(Unknown Source)
	at TempTestSuite1589297932133.run(TempTestSuite1589297932133.groovy:36)
Caused by: org.openqa.selenium.InvalidElementStateException: invalid element state: Element is not currently interactable and may not be manipulated
  (Session info: chrome=81.0.4044.138)
Build info: version: '3.141.59', revision: 'e82be7d358', time: '2018-11-14T08:25:53'
System info: host: 'NSNB-108', ip: '192.168.16.39', os.name: 'Windows 10', os.arch: 'amd64', os.version: '10.0', java.version: '1.8.0_181'
Driver info: com.kms.katalon.selenium.driver.CChromeDriver
Capabilities {acceptInsecureCerts: false, browserName: chrome, browserVersion: 81.0.4044.138, chrome: {chromedriverVersion: 81.0.4044.69 (6813546031a4b..., userDataDir: C:\Users\19023-~1\AppData\L...}, goog:chromeOptions: {debuggerAddress: localhost:62957}, javascriptEnabled: true, networkConnectionEnabled: false, pageLoadStrategy: normal, platform: WINDOWS, platformName: WINDOWS, proxy: Proxy(), setWindowRect: true, strictFileInteractability: false, timeouts: {implicit: 0, pageLoad: 300000, script: 30000}, unhandledPromptBehavior: dismiss and notify, webauthn:virtualAuthenticators: true}
Session ID: 8951429e1b240e6f73a9d9ac6f8ef331
	at org.openqa.selenium.remote.http.W3CHttpResponseCodec.createException(W3CHttpResponseCodec.java:187)
	at org.openqa.selenium.remote.http.W3CHttpResponseCodec.decode(W3CHttpResponseCodec.java:122)
	at org.openqa.selenium.remote.http.W3CHttpResponseCodec.decode(W3CHttpResponseCodec.java:49)
	at org.openqa.selenium.remote.HttpCommandExecutor.execute(HttpCommandExecutor.java:158)
	at org.openqa.selenium.remote.service.DriverCommandExecutor.execute(DriverCommandExecutor.java:83)
	at org.openqa.selenium.remote.RemoteWebDriver.execute(RemoteWebDriver.java:552)
	at com.kms.katalon.selenium.driver.CChromeDriver.execute(CChromeDriver.java:19)
	at org.openqa.selenium.remote.RemoteWebElement.execute(RemoteWebElement.java:285)
	at org.openqa.selenium.remote.RemoteWebElement.clear(RemoteWebElement.java:124)
	at org.openqa.selenium.support.events.EventFiringWebDriver$EventFiringWebElement.lambda$new$0(EventFiringWebDriver.java:404)
	at com.sun.proxy.$Proxy9.clear(Unknown Source)
	at org.openqa.selenium.support.events.EventFiringWebDriver$EventFiringWebElement.clear(EventFiringWebDriver.java:436)
	at com.kms.katalon.core.webui.keyword.builtin.ClearTextKeyword$_clearText_closure1.doCall(ClearTextKeyword.groovy:46)
	at com.kms.katalon.core.webui.keyword.builtin.ClearTextKeyword$_clearText_closure1.call(ClearTextKeyword.groovy)
	at com.kms.katalon.core.webui.keyword.internal.WebUIKeywordMain.runKeyword(WebUIKeywordMain.groovy:33)
	at com.kms.katalon.core.webui.keyword.builtin.ClearTextKeyword.clearText(ClearTextKeyword.groovy:61)
	at com.kms.katalon.core.webui.keyword.builtin.ClearTextKeyword.execute(ClearTextKeyword.groovy:34)
	at com.kms.katalon.core.keyword.internal.KeywordExecutor.executeKeywordForPlatform(KeywordExecutor.groovy:72)
	at com.kms.katalon.core.webui.keyword.WebUiBuiltInKeywords.clearText(WebUiBuiltInKeywords.groovy:3817)
	at com.kms.katalon.core.webui.keyword.WebUiBuiltInKeywords$clearText$14.call(Unknown Source)
	at Script1588135901622.run(Script1588135901622.groovy:30)
	at com.kms.katalon.core.main.ScriptEngine.run(ScriptEngine.java:194)
	at com.kms.katalon.core.main.ScriptEngine.runScriptAsRawText(ScriptEngine.java:119)
	at com.kms.katalon.core.main.TestCaseExecutor.runScript(TestCaseExecutor.java:337)
	at com.kms.katalon.core.main.TestCaseExecutor.doExecute(TestCaseExecutor.java:328)
	at com.kms.katalon.core.main.TestCaseExecutor.processExecutionPhase(TestCaseExecutor.java:307)
	at com.kms.katalon.core.main.TestCaseExecutor.accessMainPhase(TestCaseExecutor.java:299)
	at com.kms.katalon.core.main.TestCaseExecutor.execute(TestCaseExecutor.java:233)
	at com.kms.katalon.core.main.TestCaseMain.runTestCase(TestCaseMain.java:114)
	at com.kms.katalon.core.keyword.builtin.CallTestCaseKeyword$_callTestCase_closure1.doCall(CallTestCaseKeyword.groovy:59)
	at com.kms.katalon.core.keyword.builtin.CallTestCaseKeyword$_callTestCase_closure1.call(CallTestCaseKeyword.groovy)
	at com.kms.katalon.core.keyword.internal.KeywordMain.runKeyword(KeywordMain.groovy:68)
	at com.kms.katalon.core.keyword.builtin.CallTestCaseKeyword.callTestCase(CallTestCaseKeyword.groovy:81)
	at com.kms.katalon.core.keyword.builtin.CallTestCaseKeyword.execute(CallTestCaseKeyword.groovy:44)
	at com.kms.katalon.core.keyword.internal.KeywordExecutor.executeKeywordForPlatform(KeywordExecutor.groovy:72)
	at com.kms.katalon.core.keyword.BuiltinKeywords.callTestCase(BuiltinKeywords.groovy:334)
	at Script1588140849393.run(Script1588140849393.groovy:47)
	... 13 more
)

2020-05-12 23:54:40 - [MESSAGE][FAILED] - Unable to clear text of object 'Object Repository/Objects.NameValidation/input_FieldName' (Root cause: com.kms.katalon.core.exception.StepFailedException: Unable to clear text of object 'Object Repository/Objects.NameValidation/input_FieldName'
	at com.kms.katalon.core.webui.keyword.internal.WebUIKeywordMain.stepFailed(WebUIKeywordMain.groovy:64)
	at com.kms.katalon.core.webui.keyword.internal.WebUIKeywordMain.runKeyword(WebUIKeywordMain.groovy:42)
	at com.kms.katalon.core.webui.keyword.builtin.ClearTextKeyword.clearText(ClearTextKeyword.groovy:61)
	at com.kms.katalon.core.webui.keyword.builtin.ClearTextKeyword.execute(ClearTextKeyword.groovy:34)
	at com.kms.katalon.core.keyword.internal.KeywordExecutor.executeKeywordForPlatform(KeywordExecutor.groovy:72)
	at com.kms.katalon.core.webui.keyword.WebUiBuiltInKeywords.clearText(WebUiBuiltInKeywords.groovy:3817)
	at com.kms.katalon.core.webui.keyword.WebUiBuiltInKeywords$clearText$14.call(Unknown Source)
	at TriggerPEValidation.run(TriggerPEValidation:30)
	at com.kms.katalon.core.main.ScriptEngine.run(ScriptEngine.java:194)
	at com.kms.katalon.core.main.ScriptEngine.runScriptAsRawText(ScriptEngine.java:119)
	at com.kms.katalon.core.main.TestCaseExecutor.runScript(TestCaseExecutor.java:337)
	at com.kms.katalon.core.main.TestCaseExecutor.doExecute(TestCaseExecutor.java:328)
	at com.kms.katalon.core.main.TestCaseExecutor.processExecutionPhase(TestCaseExecutor.java:307)
	at com.kms.katalon.core.main.TestCaseExecutor.accessMainPhase(TestCaseExecutor.java:299)
	at com.kms.katalon.core.main.TestCaseExecutor.execute(TestCaseExecutor.java:233)
	at com.kms.katalon.core.main.TestCaseMain.runTestCase(TestCaseMain.java:114)
	at com.kms.katalon.core.keyword.builtin.CallTestCaseKeyword$_callTestCase_closure1.doCall(CallTestCaseKeyword.groovy:59)
	at com.kms.katalon.core.keyword.builtin.CallTestCaseKeyword$_callTestCase_closure1.call(CallTestCaseKeyword.groovy)
	at com.kms.katalon.core.keyword.internal.KeywordMain.runKeyword(KeywordMain.groovy:68)
	at com.kms.katalon.core.keyword.builtin.CallTestCaseKeyword.callTestCase(CallTestCaseKeyword.groovy:81)
	at com.kms.katalon.core.keyword.builtin.CallTestCaseKeyword.execute(CallTestCaseKeyword.groovy:44)
	at com.kms.katalon.core.keyword.internal.KeywordExecutor.executeKeywordForPlatform(KeywordExecutor.groovy:72)
	at com.kms.katalon.core.keyword.BuiltinKeywords.callTestCase(BuiltinKeywords.groovy:334)
	at PFI.TriggerPEPresentationLHS.run(PFI.TriggerPEPresentationLHS:47)
	at com.kms.katalon.core.main.ScriptEngine.run(ScriptEngine.java:194)
	at com.kms.katalon.core.main.ScriptEngine.runScriptAsRawText(ScriptEngine.java:119)
	at com.kms.katalon.core.main.TestCaseExecutor.runScript(TestCaseExecutor.java:337)
	at com.kms.katalon.core.main.TestCaseExecutor.doExecute(TestCaseExecutor.java:328)
	at com.kms.katalon.core.main.TestCaseExecutor.processExecutionPhase(TestCaseExecutor.java:307)
	at com.kms.katalon.core.main.TestCaseExecutor.accessMainPhase(TestCaseExecutor.java:299)
	at com.kms.katalon.core.main.TestCaseExecutor.execute(TestCaseExecutor.java:233)
	at com.kms.katalon.core.main.TestSuiteExecutor.accessTestCaseMainPhase(TestSuiteExecutor.java:169)
	at com.kms.katalon.core.main.TestSuiteExecutor.accessTestSuiteMainPhase(TestSuiteExecutor.java:142)
	at com.kms.katalon.core.main.TestSuiteExecutor.execute(TestSuiteExecutor.java:91)
	at com.kms.katalon.core.main.TestCaseMain.startTestSuite(TestCaseMain.java:157)
	at com.kms.katalon.core.main.TestCaseMain$startTestSuite$0.call(Unknown Source)
	at TempTestSuite1589297932133.run(TempTestSuite1589297932133.groovy:36)
Caused by: org.openqa.selenium.InvalidElementStateException: invalid element state: Element is not currently interactable and may not be manipulated
  (Session info: chrome=81.0.4044.138)
Build info: version: '3.141.59', revision: 'e82be7d358', time: '2018-11-14T08:25:53'
System info: host: 'NSNB-108', ip: '192.168.16.39', os.name: 'Windows 10', os.arch: 'amd64', os.version: '10.0', java.version: '1.8.0_181'
Driver info: com.kms.katalon.selenium.driver.CChromeDriver
Capabilities {acceptInsecureCerts: false, browserName: chrome, browserVersion: 81.0.4044.138, chrome: {chromedriverVersion: 81.0.4044.69 (6813546031a4b..., userDataDir: C:\Users\19023-~1\AppData\L...}, goog:chromeOptions: {debuggerAddress: localhost:62957}, javascriptEnabled: true, networkConnectionEnabled: false, pageLoadStrategy: normal, platform: WINDOWS, platformName: WINDOWS, proxy: Proxy(), setWindowRect: true, strictFileInteractability: false, timeouts: {implicit: 0, pageLoad: 300000, script: 30000}, unhandledPromptBehavior: dismiss and notify, webauthn:virtualAuthenticators: true}
Session ID: 8951429e1b240e6f73a9d9ac6f8ef331
	at org.openqa.selenium.remote.http.W3CHttpResponseCodec.createException(W3CHttpResponseCodec.java:187)
	at org.openqa.selenium.remote.http.W3CHttpResponseCodec.decode(W3CHttpResponseCodec.java:122)
	at org.openqa.selenium.remote.http.W3CHttpResponseCodec.decode(W3CHttpResponseCodec.java:49)
	at org.openqa.selenium.remote.HttpCommandExecutor.execute(HttpCommandExecutor.java:158)
	at org.openqa.selenium.remote.service.DriverCommandExecutor.execute(DriverCommandExecutor.java:83)
	at org.openqa.selenium.remote.RemoteWebDriver.execute(RemoteWebDriver.java:552)
	at com.kms.katalon.selenium.driver.CChromeDriver.execute(CChromeDriver.java:19)
	at org.openqa.selenium.remote.RemoteWebElement.execute(RemoteWebElement.java:285)
	at org.openqa.selenium.remote.RemoteWebElement.clear(RemoteWebElement.java:124)
	at org.openqa.selenium.support.events.EventFiringWebDriver$EventFiringWebElement.lambda$new$0(EventFiringWebDriver.java:404)
	at com.sun.proxy.$Proxy9.clear(Unknown Source)
	at org.openqa.selenium.support.events.EventFiringWebDriver$EventFiringWebElement.clear(EventFiringWebDriver.java:436)
	at com.kms.katalon.core.webui.keyword.builtin.ClearTextKeyword$_clearText_closure1.doCall(ClearTextKeyword.groovy:46)
	at com.kms.katalon.core.webui.keyword.builtin.ClearTextKeyword$_clearText_closure1.call(ClearTextKeyword.groovy)
	at com.kms.katalon.core.webui.keyword.internal.WebUIKeywordMain.runKeyword(WebUIKeywordMain.groovy:33)
	at com.kms.katalon.core.webui.keyword.builtin.ClearTextKeyword.clearText(ClearTextKeyword.groovy:61)
	at com.kms.katalon.core.webui.keyword.builtin.ClearTextKeyword.execute(ClearTextKeyword.groovy:34)
	at com.kms.katalon.core.keyword.internal.KeywordExecutor.executeKeywordForPlatform(KeywordExecutor.groovy:72)
	at com.kms.katalon.core.webui.keyword.WebUiBuiltInKeywords.clearText(WebUiBuiltInKeywords.groovy:3817)
	at com.kms.katalon.core.webui.keyword.WebUiBuiltInKeywords$clearText$14.call(Unknown Source)
	at Script1588135901622.run(Script1588135901622.groovy:30)
	at com.kms.katalon.core.main.ScriptEngine.run(ScriptEngine.java:194)
	at com.kms.katalon.core.main.ScriptEngine.runScriptAsRawText(ScriptEngine.java:119)
	at com.kms.katalon.core.main.TestCaseExecutor.runScript(TestCaseExecutor.java:337)
	at com.kms.katalon.core.main.TestCaseExecutor.doExecute(TestCaseExecutor.java:328)
	at com.kms.katalon.core.main.TestCaseExecutor.processExecutionPhase(TestCaseExecutor.java:307)
	at com.kms.katalon.core.main.TestCaseExecutor.accessMainPhase(TestCaseExecutor.java:299)
	at com.kms.katalon.core.main.TestCaseExecutor.execute(TestCaseExecutor.java:233)
	at com.kms.katalon.core.main.TestCaseMain.runTestCase(TestCaseMain.java:114)
	at com.kms.katalon.core.keyword.builtin.CallTestCaseKeyword$_callTestCase_closure1.doCall(CallTestCaseKeyword.groovy:59)
	at com.kms.katalon.core.keyword.builtin.CallTestCaseKeyword$_callTestCase_closure1.call(CallTestCaseKeyword.groovy)
	at com.kms.katalon.core.keyword.internal.KeywordMain.runKeyword(KeywordMain.groovy:68)
	at com.kms.katalon.core.keyword.builtin.CallTestCaseKeyword.callTestCase(CallTestCaseKeyword.groovy:81)
	at com.kms.katalon.core.keyword.builtin.CallTestCaseKeyword.execute(CallTestCaseKeyword.groovy:44)
	at com.kms.katalon.core.keyword.internal.KeywordExecutor.executeKeywordForPlatform(KeywordExecutor.groovy:72)
	at com.kms.katalon.core.keyword.BuiltinKeywords.callTestCase(BuiltinKeywords.groovy:334)
	at Script1588140849393.run(Script1588140849393.groovy:47)
	... 13 more
)
[[ATTACHMENT|C:\\Users\\19023-RAC\\Desktop\\Merging Automation\\Reports\\20200512_233847\\PFI Precision and Scale Automated Regression Suite\\Page Section\\20200512_233847\\1589298880153.png]]

2020-05-12 23:54:40 - [MESSAGE][FAILED] - Unable to call Test Case 'Test Cases/PFI Precision and Scale/PFI Components/TriggerPEValidation' (Root cause: com.kms.katalon.core.exception.StepFailedException: Call Test Case 'Test Cases/PFI Precision and Scale/PFI Components/TriggerPEValidation' failed
	at com.kms.katalon.core.keyword.builtin.CallTestCaseKeyword$_callTestCase_closure1.doCall(CallTestCaseKeyword.groovy:63)
	at com.kms.katalon.core.keyword.builtin.CallTestCaseKeyword$_callTestCase_closure1.call(CallTestCaseKeyword.groovy)
	at com.kms.katalon.core.keyword.internal.KeywordMain.runKeyword(KeywordMain.groovy:68)
	at com.kms.katalon.core.keyword.builtin.CallTestCaseKeyword.callTestCase(CallTestCaseKeyword.groovy:81)
	at com.kms.katalon.core.keyword.builtin.CallTestCaseKeyword.execute(CallTestCaseKeyword.groovy:44)
	at com.kms.katalon.core.keyword.internal.KeywordExecutor.executeKeywordForPlatform(KeywordExecutor.groovy:72)
	at com.kms.katalon.core.keyword.BuiltinKeywords.callTestCase(BuiltinKeywords.groovy:334)
	at PFI.TriggerPEPresentationLHS.run(PFI.TriggerPEPresentationLHS:47)
	at com.kms.katalon.core.main.ScriptEngine.run(ScriptEngine.java:194)
	at com.kms.katalon.core.main.ScriptEngine.runScriptAsRawText(ScriptEngine.java:119)
	at com.kms.katalon.core.main.TestCaseExecutor.runScript(TestCaseExecutor.java:337)
	at com.kms.katalon.core.main.TestCaseExecutor.doExecute(TestCaseExecutor.java:328)
	at com.kms.katalon.core.main.TestCaseExecutor.processExecutionPhase(TestCaseExecutor.java:307)
	at com.kms.katalon.core.main.TestCaseExecutor.accessMainPhase(TestCaseExecutor.java:299)
	at com.kms.katalon.core.main.TestCaseExecutor.execute(TestCaseExecutor.java:233)
	at com.kms.katalon.core.main.TestSuiteExecutor.accessTestCaseMainPhase(TestSuiteExecutor.java:169)
	at com.kms.katalon.core.main.TestSuiteExecutor.accessTestSuiteMainPhase(TestSuiteExecutor.java:142)
	at com.kms.katalon.core.main.TestSuiteExecutor.execute(TestSuiteExecutor.java:91)
	at com.kms.katalon.core.main.TestCaseMain.startTestSuite(TestCaseMain.java:157)
	at com.kms.katalon.core.main.TestCaseMain$startTestSuite$0.call(Unknown Source)
	at TempTestSuite1589297932133.run(TempTestSuite1589297932133.groovy:36)
Caused by: com.kms.katalon.core.exception.StepFailedException: Unable to clear text of object 'Object Repository/Objects.NameValidation/input_FieldName'
	at com.kms.katalon.core.webui.keyword.internal.WebUIKeywordMain.stepFailed(WebUIKeywordMain.groovy:64)
	at com.kms.katalon.core.webui.keyword.internal.WebUIKeywordMain.runKeyword(WebUIKeywordMain.groovy:42)
	at com.kms.katalon.core.webui.keyword.builtin.ClearTextKeyword.clearText(ClearTextKeyword.groovy:61)
	at com.kms.katalon.core.webui.keyword.builtin.ClearTextKeyword.execute(ClearTextKeyword.groovy:34)
	at com.kms.katalon.core.keyword.internal.KeywordExecutor.executeKeywordForPlatform(KeywordExecutor.groovy:72)
	at com.kms.katalon.core.webui.keyword.WebUiBuiltInKeywords.clearText(WebUiBuiltInKeywords.groovy:3817)
	at com.kms.katalon.core.webui.keyword.WebUiBuiltInKeywords$clearText$14.call(Unknown Source)
	at TriggerPEValidation.run(TriggerPEValidation:30)
	at com.kms.katalon.core.main.ScriptEngine.run(ScriptEngine.java:194)
	at com.kms.katalon.core.main.ScriptEngine.runScriptAsRawText(ScriptEngine.java:119)
	at com.kms.katalon.core.main.TestCaseExecutor.runScript(TestCaseExecutor.java:337)
	at com.kms.katalon.core.main.TestCaseExecutor.doExecute(TestCaseExecutor.java:328)
	at com.kms.katalon.core.main.TestCaseExecutor.processExecutionPhase(TestCaseExecutor.java:307)
	at com.kms.katalon.core.main.TestCaseExecutor.accessMainPhase(TestCaseExecutor.java:299)
	at com.kms.katalon.core.main.TestCaseExecutor.execute(TestCaseExecutor.java:233)
	at com.kms.katalon.core.main.TestCaseMain.runTestCase(TestCaseMain.java:114)
	at com.kms.katalon.core.keyword.builtin.CallTestCaseKeyword$_callTestCase_closure1.doCall(CallTestCaseKeyword.groovy:59)
	... 20 more
Caused by: org.openqa.selenium.InvalidElementStateException: invalid element state: Element is not currently interactable and may not be manipulated
  (Session info: chrome=81.0.4044.138)
Build info: version: '3.141.59', revision: 'e82be7d358', time: '2018-11-14T08:25:53'
System info: host: 'NSNB-108', ip: '192.168.16.39', os.name: 'Windows 10', os.arch: 'amd64', os.version: '10.0', java.version: '1.8.0_181'
Driver info: com.kms.katalon.selenium.driver.CChromeDriver
Capabilities {acceptInsecureCerts: false, browserName: chrome, browserVersion: 81.0.4044.138, chrome: {chromedriverVersion: 81.0.4044.69 (6813546031a4b..., userDataDir: C:\Users\19023-~1\AppData\L...}, goog:chromeOptions: {debuggerAddress: localhost:62957}, javascriptEnabled: true, networkConnectionEnabled: false, pageLoadStrategy: normal, platform: WINDOWS, platformName: WINDOWS, proxy: Proxy(), setWindowRect: true, strictFileInteractability: false, timeouts: {implicit: 0, pageLoad: 300000, script: 30000}, unhandledPromptBehavior: dismiss and notify, webauthn:virtualAuthenticators: true}
Session ID: 8951429e1b240e6f73a9d9ac6f8ef331
	at org.openqa.selenium.remote.http.W3CHttpResponseCodec.createException(W3CHttpResponseCodec.java:187)
	at org.openqa.selenium.remote.http.W3CHttpResponseCodec.decode(W3CHttpResponseCodec.java:122)
	at org.openqa.selenium.remote.http.W3CHttpResponseCodec.decode(W3CHttpResponseCodec.java:49)
	at org.openqa.selenium.remote.HttpCommandExecutor.execute(HttpCommandExecutor.java:158)
	at org.openqa.selenium.remote.service.DriverCommandExecutor.execute(DriverCommandExecutor.java:83)
	at org.openqa.selenium.remote.RemoteWebDriver.execute(RemoteWebDriver.java:552)
	at com.kms.katalon.selenium.driver.CChromeDriver.execute(CChromeDriver.java:19)
	at org.openqa.selenium.remote.RemoteWebElement.execute(RemoteWebElement.java:285)
	at org.openqa.selenium.remote.RemoteWebElement.clear(RemoteWebElement.java:124)
	at org.openqa.selenium.support.events.EventFiringWebDriver$EventFiringWebElement.lambda$new$0(EventFiringWebDriver.java:404)
	at com.sun.proxy.$Proxy9.clear(Unknown Source)
	at org.openqa.selenium.support.events.EventFiringWebDriver$EventFiringWebElement.clear(EventFiringWebDriver.java:436)
	at com.kms.katalon.core.webui.keyword.builtin.ClearTextKeyword$_clearText_closure1.doCall(ClearTextKeyword.groovy:46)
	at com.kms.katalon.core.webui.keyword.builtin.ClearTextKeyword$_clearText_closure1.call(ClearTextKeyword.groovy)
	at com.kms.katalon.core.webui.keyword.internal.WebUIKeywordMain.runKeyword(WebUIKeywordMain.groovy:33)
	... 35 more
)]]></system-out>
         <system-err><![CDATA[2020-05-12 23:54:22 - [TEST_CASE][FAILED] - Test Cases/PFI Precision and Scale/PFI Test Cases/PFI.TriggerPEPresentationLHS: Test Cases/PFI Precision and Scale/PFI Test Cases/PFI.TriggerPEPresentationLHS FAILED.
Reason:
com.kms.katalon.core.exception.StepFailedException: Call Test Case 'Test Cases/PFI Precision and Scale/PFI Components/TriggerPEValidation' failed
	at com.kms.katalon.core.keyword.builtin.CallTestCaseKeyword$_callTestCase_closure1.doCall(CallTestCaseKeyword.groovy:63)
	at com.kms.katalon.core.keyword.builtin.CallTestCaseKeyword$_callTestCase_closure1.call(CallTestCaseKeyword.groovy)
	at com.kms.katalon.core.keyword.internal.KeywordMain.runKeyword(KeywordMain.groovy:68)
	at com.kms.katalon.core.keyword.builtin.CallTestCaseKeyword.callTestCase(CallTestCaseKeyword.groovy:81)
	at com.kms.katalon.core.keyword.builtin.CallTestCaseKeyword.execute(CallTestCaseKeyword.groovy:44)
	at com.kms.katalon.core.keyword.internal.KeywordExecutor.executeKeywordForPlatform(KeywordExecutor.groovy:72)
	at com.kms.katalon.core.keyword.BuiltinKeywords.callTestCase(BuiltinKeywords.groovy:334)
	at PFI.TriggerPEPresentationLHS.run(PFI.TriggerPEPresentationLHS:47)
	at com.kms.katalon.core.main.ScriptEngine.run(ScriptEngine.java:194)
	at com.kms.katalon.core.main.ScriptEngine.runScriptAsRawText(ScriptEngine.java:119)
	at com.kms.katalon.core.main.TestCaseExecutor.runScript(TestCaseExecutor.java:337)
	at com.kms.katalon.core.main.TestCaseExecutor.doExecute(TestCaseExecutor.java:328)
	at com.kms.katalon.core.main.TestCaseExecutor.processExecutionPhase(TestCaseExecutor.java:307)
	at com.kms.katalon.core.main.TestCaseExecutor.accessMainPhase(TestCaseExecutor.java:299)
	at com.kms.katalon.core.main.TestCaseExecutor.execute(TestCaseExecutor.java:233)
	at com.kms.katalon.core.main.TestSuiteExecutor.accessTestCaseMainPhase(TestSuiteExecutor.java:169)
	at com.kms.katalon.core.main.TestSuiteExecutor.accessTestSuiteMainPhase(TestSuiteExecutor.java:142)
	at com.kms.katalon.core.main.TestSuiteExecutor.execute(TestSuiteExecutor.java:91)
	at com.kms.katalon.core.main.TestCaseMain.startTestSuite(TestCaseMain.java:157)
	at com.kms.katalon.core.main.TestCaseMain$startTestSuite$0.call(Unknown Source)
	at TempTestSuite1589297932133.run(TempTestSuite1589297932133.groovy:36)
Caused by: com.kms.katalon.core.exception.StepFailedException: Unable to clear text of object 'Object Repository/Objects.NameValidation/input_FieldName'
	at com.kms.katalon.core.webui.keyword.internal.WebUIKeywordMain.stepFailed(WebUIKeywordMain.groovy:64)
	at com.kms.katalon.core.webui.keyword.internal.WebUIKeywordMain.runKeyword(WebUIKeywordMain.groovy:42)
	at com.kms.katalon.core.webui.keyword.builtin.ClearTextKeyword.clearText(ClearTextKeyword.groovy:61)
	at com.kms.katalon.core.webui.keyword.builtin.ClearTextKeyword.execute(ClearTextKeyword.groovy:34)
	at com.kms.katalon.core.keyword.internal.KeywordExecutor.executeKeywordForPlatform(KeywordExecutor.groovy:72)
	at com.kms.katalon.core.webui.keyword.WebUiBuiltInKeywords.clearText(WebUiBuiltInKeywords.groovy:3817)
	at com.kms.katalon.core.webui.keyword.WebUiBuiltInKeywords$clearText$14.call(Unknown Source)
	at TriggerPEValidation.run(TriggerPEValidation:30)
	at com.kms.katalon.core.main.ScriptEngine.run(ScriptEngine.java:194)
	at com.kms.katalon.core.main.ScriptEngine.runScriptAsRawText(ScriptEngine.java:119)
	at com.kms.katalon.core.main.TestCaseExecutor.runScript(TestCaseExecutor.java:337)
	at com.kms.katalon.core.main.TestCaseExecutor.doExecute(TestCaseExecutor.java:328)
	at com.kms.katalon.core.main.TestCaseExecutor.processExecutionPhase(TestCaseExecutor.java:307)
	at com.kms.katalon.core.main.TestCaseExecutor.accessMainPhase(TestCaseExecutor.java:299)
	at com.kms.katalon.core.main.TestCaseExecutor.execute(TestCaseExecutor.java:233)
	at com.kms.katalon.core.main.TestCaseMain.runTestCase(TestCaseMain.java:114)
	at com.kms.katalon.core.keyword.builtin.CallTestCaseKeyword$_callTestCase_closure1.doCall(CallTestCaseKeyword.groovy:59)
	... 20 more
Caused by: org.openqa.selenium.InvalidElementStateException: invalid element state: Element is not currently interactable and may not be manipulated
  (Session info: chrome=81.0.4044.138)
Build info: version: '3.141.59', revision: 'e82be7d358', time: '2018-11-14T08:25:53'
System info: host: 'NSNB-108', ip: '192.168.16.39', os.name: 'Windows 10', os.arch: 'amd64', os.version: '10.0', java.version: '1.8.0_181'
Driver info: com.kms.katalon.selenium.driver.CChromeDriver
Capabilities {acceptInsecureCerts: false, browserName: chrome, browserVersion: 81.0.4044.138, chrome: {chromedriverVersion: 81.0.4044.69 (6813546031a4b..., userDataDir: C:\Users\19023-~1\AppData\L...}, goog:chromeOptions: {debuggerAddress: localhost:62957}, javascriptEnabled: true, networkConnectionEnabled: false, pageLoadStrategy: normal, platform: WINDOWS, platformName: WINDOWS, proxy: Proxy(), setWindowRect: true, strictFileInteractability: false, timeouts: {implicit: 0, pageLoad: 300000, script: 30000}, unhandledPromptBehavior: dismiss and notify, webauthn:virtualAuthenticators: true}
Session ID: 8951429e1b240e6f73a9d9ac6f8ef331
	at org.openqa.selenium.remote.http.W3CHttpResponseCodec.createException(W3CHttpResponseCodec.java:187)
	at org.openqa.selenium.remote.http.W3CHttpResponseCodec.decode(W3CHttpResponseCodec.java:122)
	at org.openqa.selenium.remote.http.W3CHttpResponseCodec.decode(W3CHttpResponseCodec.java:49)
	at org.openqa.selenium.remote.HttpCommandExecutor.execute(HttpCommandExecutor.java:158)
	at org.openqa.selenium.remote.service.DriverCommandExecutor.execute(DriverCommandExecutor.java:83)
	at org.openqa.selenium.remote.RemoteWebDriver.execute(RemoteWebDriver.java:552)
	at com.kms.katalon.selenium.driver.CChromeDriver.execute(CChromeDriver.java:19)
	at org.openqa.selenium.remote.RemoteWebElement.execute(RemoteWebElement.java:285)
	at org.openqa.selenium.remote.RemoteWebElement.clear(RemoteWebElement.java:124)
	at org.openqa.selenium.support.events.EventFiringWebDriver$EventFiringWebElement.lambda$new$0(EventFiringWebDriver.java:404)
	at com.sun.proxy.$Proxy9.clear(Unknown Source)
	at org.openqa.selenium.support.events.EventFiringWebDriver$EventFiringWebElement.clear(EventFiringWebDriver.java:436)
	at com.kms.katalon.core.webui.keyword.builtin.ClearTextKeyword$_clearText_closure1.doCall(ClearTextKeyword.groovy:46)
	at com.kms.katalon.core.webui.keyword.builtin.ClearTextKeyword$_clearText_closure1.call(ClearTextKeyword.groovy)
	at com.kms.katalon.core.webui.keyword.internal.WebUIKeywordMain.runKeyword(WebUIKeywordMain.groovy:33)
	... 35 more]]></system-err>
      </testcase>
      <testcase name="Test Cases/PFI Precision and Scale/PFI Test Cases/PFI.ReferToExternalAgencyLHS" time="52.263" classname="Test Cases/PFI Precision and Scale/PFI Test Cases/PFI.ReferToExternalAgencyLHS" status="FAILED">
         <failure type="FAILED" message="Test Cases/PFI Precision and Scale/PFI Test Cases/PFI.ReferToExternalAgencyLHS FAILED.
Reason:
com.kms.katalon.core.exception.StepFailedException: Call Test Case 'Test Cases/PFI Precision and Scale/PFI Components/DropdownValidation' failed
	at com.kms.katalon.core.keyword.builtin.CallTestCaseKeyword$_callTestCase_closure1.doCall(CallTestCaseKeyword.groovy:63)
	at com.kms.katalon.core.keyword.builtin.CallTestCaseKeyword$_callTestCase_closure1.call(CallTestCaseKeyword.groovy)
	at com.kms.katalon.core.keyword.internal.KeywordMain.runKeyword(KeywordMain.groovy:68)
	at com.kms.katalon.core.keyword.builtin.CallTestCaseKeyword.callTestCase(CallTestCaseKeyword.groovy:81)
	at com.kms.katalon.core.keyword.builtin.CallTestCaseKeyword.execute(CallTestCaseKeyword.groovy:44)
	at com.kms.katalon.core.keyword.internal.KeywordExecutor.executeKeywordForPlatform(KeywordExecutor.groovy:72)
	at com.kms.katalon.core.keyword.BuiltinKeywords.callTestCase(BuiltinKeywords.groovy:334)
	at PFI.ReferToExternalAgencyLHS.run(PFI.ReferToExternalAgencyLHS:57)
	at com.kms.katalon.core.main.ScriptEngine.run(ScriptEngine.java:194)
	at com.kms.katalon.core.main.ScriptEngine.runScriptAsRawText(ScriptEngine.java:119)
	at com.kms.katalon.core.main.TestCaseExecutor.runScript(TestCaseExecutor.java:337)
	at com.kms.katalon.core.main.TestCaseExecutor.doExecute(TestCaseExecutor.java:328)
	at com.kms.katalon.core.main.TestCaseExecutor.processExecutionPhase(TestCaseExecutor.java:307)
	at com.kms.katalon.core.main.TestCaseExecutor.accessMainPhase(TestCaseExecutor.java:299)
	at com.kms.katalon.core.main.TestCaseExecutor.execute(TestCaseExecutor.java:233)
	at com.kms.katalon.core.main.TestSuiteExecutor.accessTestCaseMainPhase(TestSuiteExecutor.java:169)
	at com.kms.katalon.core.main.TestSuiteExecutor.accessTestSuiteMainPhase(TestSuiteExecutor.java:142)
	at com.kms.katalon.core.main.TestSuiteExecutor.execute(TestSuiteExecutor.java:91)
	at com.kms.katalon.core.main.TestCaseMain.startTestSuite(TestCaseMain.java:157)
	at com.kms.katalon.core.main.TestCaseMain$startTestSuite$0.call(Unknown Source)
	at TempTestSuite1589297932133.run(TempTestSuite1589297932133.groovy:36)
Caused by: com.kms.katalon.core.exception.StepFailedException: Unable to verify match between actual text '' and expected text 'null' using regular expression (Root cause: java.lang.NullPointerException
	at com.kms.katalon.core.helper.KeywordHelper.match(KeywordHelper.java:22)
	at com.kms.katalon.core.keyword.builtin.VerifyMatchKeyword$_verifyMatch_closure1.doCall(VerifyMatchKeyword.groovy:53)
	at com.kms.katalon.core.keyword.builtin.VerifyMatchKeyword$_verifyMatch_closure1.call(VerifyMatchKeyword.groovy)
	at com.kms.katalon.core.keyword.internal.KeywordMain.runKeyword(KeywordMain.groovy:68)
	at com.kms.katalon.core.keyword.builtin.VerifyMatchKeyword.verifyMatch(VerifyMatchKeyword.groovy:60)
	at com.kms.katalon.core.keyword.builtin.VerifyMatchKeyword.execute(VerifyMatchKeyword.groovy:45)
	at com.kms.katalon.core.keyword.internal.KeywordExecutor.executeKeywordForPlatform(KeywordExecutor.groovy:72)
	at com.kms.katalon.core.keyword.BuiltinKeywords.verifyMatch(BuiltinKeywords.groovy:73)
	at DropdownValidation.run(DropdownValidation:66)
	at com.kms.katalon.core.main.ScriptEngine.run(ScriptEngine.java:194)
	at com.kms.katalon.core.main.ScriptEngine.runScriptAsRawText(ScriptEngine.java:119)
	at com.kms.katalon.core.main.TestCaseExecutor.runScript(TestCaseExecutor.java:337)
	at com.kms.katalon.core.main.TestCaseExecutor.doExecute(TestCaseExecutor.java:328)
	at com.kms.katalon.core.main.TestCaseExecutor.processExecutionPhase(TestCaseExecutor.java:307)
	at com.kms.katalon.core.main.TestCaseExecutor.accessMainPhase(TestCaseExecutor.java:299)
	at com.kms.katalon.core.main.TestCaseExecutor.execute(TestCaseExecutor.java:233)
	at com.kms.katalon.core.main.TestCaseMain.runTestCase(TestCaseMain.java:114)
	at com.kms.katalon.core.keyword.builtin.CallTestCaseKeyword$_callTestCase_closure1.doCall(CallTestCaseKeyword.groovy:59)
	at com.kms.katalon.core.keyword.builtin.CallTestCaseKeyword$_callTestCase_closure1.call(CallTestCaseKeyword.groovy)
	at com.kms.katalon.core.keyword.internal.KeywordMain.runKeyword(KeywordMain.groovy:68)
	at com.kms.katalon.core.keyword.builtin.CallTestCaseKeyword.callTestCase(CallTestCaseKeyword.groovy:81)
	at com.kms.katalon.core.keyword.builtin.CallTestCaseKeyword.execute(CallTestCaseKeyword.groovy:44)
	at com.kms.katalon.core.keyword.internal.KeywordExecutor.executeKeywordForPlatform(KeywordExecutor.groovy:72)
	at com.kms.katalon.core.keyword.BuiltinKeywords.callTestCase(BuiltinKeywords.groovy:334)
	at PFI.ReferToExternalAgencyLHS.run(PFI.ReferToExternalAgencyLHS:57)
	at com.kms.katalon.core.main.ScriptEngine.run(ScriptEngine.java:194)
	at com.kms.katalon.core.main.ScriptEngine.runScriptAsRawText(ScriptEngine.java:119)
	at com.kms.katalon.core.main.TestCaseExecutor.runScript(TestCaseExecutor.java:337)
	at com.kms.katalon.core.main.TestCaseExecutor.doExecute(TestCaseExecutor.java:328)
	at com.kms.katalon.core.main.TestCaseExecutor.processExecutionPhase(TestCaseExecutor.java:307)
	at com.kms.katalon.core.main.TestCaseExecutor.accessMainPhase(TestCaseExecutor.java:299)
	at com.kms.katalon.core.main.TestCaseExecutor.execute(TestCaseExecutor.java:233)
	at com.kms.katalon.core.main.TestSuiteExecutor.accessTestCaseMainPhase(TestSuiteExecutor.java:169)
	at com.kms.katalon.core.main.TestSuiteExecutor.accessTestSuiteMainPhase(TestSuiteExecutor.java:142)
	at com.kms.katalon.core.main.TestSuiteExecutor.execute(TestSuiteExecutor.java:91)
	at com.kms.katalon.core.main.TestCaseMain.startTestSuite(TestCaseMain.java:157)
	at com.kms.katalon.core.main.TestCaseMain$startTestSuite$0.call(Unknown Source)
	at TempTestSuite1589297932133.run(TempTestSuite1589297932133.groovy:36)
)
	at com.kms.katalon.core.keyword.internal.KeywordMain.stepFailed(KeywordMain.groovy:50)
	at com.kms.katalon.core.keyword.internal.KeywordMain.stepFailed(KeywordMain.groovy)
	at com.kms.katalon.core.keyword.internal.KeywordMain.runKeyword(KeywordMain.groovy:70)
	at com.kms.katalon.core.keyword.builtin.VerifyMatchKeyword.verifyMatch(VerifyMatchKeyword.groovy:60)
	at com.kms.katalon.core.keyword.builtin.VerifyMatchKeyword.execute(VerifyMatchKeyword.groovy:45)
	at com.kms.katalon.core.keyword.internal.KeywordExecutor.executeKeywordForPlatform(KeywordExecutor.groovy:72)
	at com.kms.katalon.core.keyword.BuiltinKeywords.verifyMatch(BuiltinKeywords.groovy:73)
	at DropdownValidation.run(DropdownValidation:66)
	at com.kms.katalon.core.main.ScriptEngine.run(ScriptEngine.java:194)
	at com.kms.katalon.core.main.ScriptEngine.runScriptAsRawText(ScriptEngine.java:119)
	at com.kms.katalon.core.main.TestCaseExecutor.runScript(TestCaseExecutor.java:337)
	at com.kms.katalon.core.main.TestCaseExecutor.doExecute(TestCaseExecutor.java:328)
	at com.kms.katalon.core.main.TestCaseExecutor.processExecutionPhase(TestCaseExecutor.java:307)
	at com.kms.katalon.core.main.TestCaseExecutor.accessMainPhase(TestCaseExecutor.java:299)
	at com.kms.katalon.core.main.TestCaseExecutor.execute(TestCaseExecutor.java:233)
	at com.kms.katalon.core.main.TestCaseMain.runTestCase(TestCaseMain.java:114)
	at com.kms.katalon.core.keyword.builtin.CallTestCaseKeyword$_callTestCase_closure1.doCall(CallTestCaseKeyword.groovy:59)
	... 20 more
Caused by: java.lang.NullPointerException
	at com.kms.katalon.core.helper.KeywordHelper.match(KeywordHelper.java:22)
	at com.kms.katalon.core.keyword.builtin.VerifyMatchKeyword$_verifyMatch_closure1.doCall(VerifyMatchKeyword.groovy:53)
	at com.kms.katalon.core.keyword.builtin.VerifyMatchKeyword$_verifyMatch_closure1.call(VerifyMatchKeyword.groovy)
	at com.kms.katalon.core.keyword.internal.KeywordMain.runKeyword(KeywordMain.groovy:68)
	... 34 more
"/>
         <system-out><![CDATA[2020-05-12 23:54:40 - [TEST_CASE][FAILED] - Test Cases/PFI Precision and Scale/PFI Test Cases/PFI.ReferToExternalAgencyLHS: Test Cases/PFI Precision and Scale/PFI Test Cases/PFI.ReferToExternalAgencyLHS FAILED.
Reason:
com.kms.katalon.core.exception.StepFailedException: Call Test Case 'Test Cases/PFI Precision and Scale/PFI Components/DropdownValidation' failed
	at com.kms.katalon.core.keyword.builtin.CallTestCaseKeyword$_callTestCase_closure1.doCall(CallTestCaseKeyword.groovy:63)
	at com.kms.katalon.core.keyword.builtin.CallTestCaseKeyword$_callTestCase_closure1.call(CallTestCaseKeyword.groovy)
	at com.kms.katalon.core.keyword.internal.KeywordMain.runKeyword(KeywordMain.groovy:68)
	at com.kms.katalon.core.keyword.builtin.CallTestCaseKeyword.callTestCase(CallTestCaseKeyword.groovy:81)
	at com.kms.katalon.core.keyword.builtin.CallTestCaseKeyword.execute(CallTestCaseKeyword.groovy:44)
	at com.kms.katalon.core.keyword.internal.KeywordExecutor.executeKeywordForPlatform(KeywordExecutor.groovy:72)
	at com.kms.katalon.core.keyword.BuiltinKeywords.callTestCase(BuiltinKeywords.groovy:334)
	at PFI.ReferToExternalAgencyLHS.run(PFI.ReferToExternalAgencyLHS:57)
	at com.kms.katalon.core.main.ScriptEngine.run(ScriptEngine.java:194)
	at com.kms.katalon.core.main.ScriptEngine.runScriptAsRawText(ScriptEngine.java:119)
	at com.kms.katalon.core.main.TestCaseExecutor.runScript(TestCaseExecutor.java:337)
	at com.kms.katalon.core.main.TestCaseExecutor.doExecute(TestCaseExecutor.java:328)
	at com.kms.katalon.core.main.TestCaseExecutor.processExecutionPhase(TestCaseExecutor.java:307)
	at com.kms.katalon.core.main.TestCaseExecutor.accessMainPhase(TestCaseExecutor.java:299)
	at com.kms.katalon.core.main.TestCaseExecutor.execute(TestCaseExecutor.java:233)
	at com.kms.katalon.core.main.TestSuiteExecutor.accessTestCaseMainPhase(TestSuiteExecutor.java:169)
	at com.kms.katalon.core.main.TestSuiteExecutor.accessTestSuiteMainPhase(TestSuiteExecutor.java:142)
	at com.kms.katalon.core.main.TestSuiteExecutor.execute(TestSuiteExecutor.java:91)
	at com.kms.katalon.core.main.TestCaseMain.startTestSuite(TestCaseMain.java:157)
	at com.kms.katalon.core.main.TestCaseMain$startTestSuite$0.call(Unknown Source)
	at TempTestSuite1589297932133.run(TempTestSuite1589297932133.groovy:36)
Caused by: com.kms.katalon.core.exception.StepFailedException: Unable to verify match between actual text '' and expected text 'null' using regular expression (Root cause: java.lang.NullPointerException
	at com.kms.katalon.core.helper.KeywordHelper.match(KeywordHelper.java:22)
	at com.kms.katalon.core.keyword.builtin.VerifyMatchKeyword$_verifyMatch_closure1.doCall(VerifyMatchKeyword.groovy:53)
	at com.kms.katalon.core.keyword.builtin.VerifyMatchKeyword$_verifyMatch_closure1.call(VerifyMatchKeyword.groovy)
	at com.kms.katalon.core.keyword.internal.KeywordMain.runKeyword(KeywordMain.groovy:68)
	at com.kms.katalon.core.keyword.builtin.VerifyMatchKeyword.verifyMatch(VerifyMatchKeyword.groovy:60)
	at com.kms.katalon.core.keyword.builtin.VerifyMatchKeyword.execute(VerifyMatchKeyword.groovy:45)
	at com.kms.katalon.core.keyword.internal.KeywordExecutor.executeKeywordForPlatform(KeywordExecutor.groovy:72)
	at com.kms.katalon.core.keyword.BuiltinKeywords.verifyMatch(BuiltinKeywords.groovy:73)
	at DropdownValidation.run(DropdownValidation:66)
	at com.kms.katalon.core.main.ScriptEngine.run(ScriptEngine.java:194)
	at com.kms.katalon.core.main.ScriptEngine.runScriptAsRawText(ScriptEngine.java:119)
	at com.kms.katalon.core.main.TestCaseExecutor.runScript(TestCaseExecutor.java:337)
	at com.kms.katalon.core.main.TestCaseExecutor.doExecute(TestCaseExecutor.java:328)
	at com.kms.katalon.core.main.TestCaseExecutor.processExecutionPhase(TestCaseExecutor.java:307)
	at com.kms.katalon.core.main.TestCaseExecutor.accessMainPhase(TestCaseExecutor.java:299)
	at com.kms.katalon.core.main.TestCaseExecutor.execute(TestCaseExecutor.java:233)
	at com.kms.katalon.core.main.TestCaseMain.runTestCase(TestCaseMain.java:114)
	at com.kms.katalon.core.keyword.builtin.CallTestCaseKeyword$_callTestCase_closure1.doCall(CallTestCaseKeyword.groovy:59)
	at com.kms.katalon.core.keyword.builtin.CallTestCaseKeyword$_callTestCase_closure1.call(CallTestCaseKeyword.groovy)
	at com.kms.katalon.core.keyword.internal.KeywordMain.runKeyword(KeywordMain.groovy:68)
	at com.kms.katalon.core.keyword.builtin.CallTestCaseKeyword.callTestCase(CallTestCaseKeyword.groovy:81)
	at com.kms.katalon.core.keyword.builtin.CallTestCaseKeyword.execute(CallTestCaseKeyword.groovy:44)
	at com.kms.katalon.core.keyword.internal.KeywordExecutor.executeKeywordForPlatform(KeywordExecutor.groovy:72)
	at com.kms.katalon.core.keyword.BuiltinKeywords.callTestCase(BuiltinKeywords.groovy:334)
	at PFI.ReferToExternalAgencyLHS.run(PFI.ReferToExternalAgencyLHS:57)
	at com.kms.katalon.core.main.ScriptEngine.run(ScriptEngine.java:194)
	at com.kms.katalon.core.main.ScriptEngine.runScriptAsRawText(ScriptEngine.java:119)
	at com.kms.katalon.core.main.TestCaseExecutor.runScript(TestCaseExecutor.java:337)
	at com.kms.katalon.core.main.TestCaseExecutor.doExecute(TestCaseExecutor.java:328)
	at com.kms.katalon.core.main.TestCaseExecutor.processExecutionPhase(TestCaseExecutor.java:307)
	at com.kms.katalon.core.main.TestCaseExecutor.accessMainPhase(TestCaseExecutor.java:299)
	at com.kms.katalon.core.main.TestCaseExecutor.execute(TestCaseExecutor.java:233)
	at com.kms.katalon.core.main.TestSuiteExecutor.accessTestCaseMainPhase(TestSuiteExecutor.java:169)
	at com.kms.katalon.core.main.TestSuiteExecutor.accessTestSuiteMainPhase(TestSuiteExecutor.java:142)
	at com.kms.katalon.core.main.TestSuiteExecutor.execute(TestSuiteExecutor.java:91)
	at com.kms.katalon.core.main.TestCaseMain.startTestSuite(TestCaseMain.java:157)
	at com.kms.katalon.core.main.TestCaseMain$startTestSuite$0.call(Unknown Source)
	at TempTestSuite1589297932133.run(TempTestSuite1589297932133.groovy:36)
)
	at com.kms.katalon.core.keyword.internal.KeywordMain.stepFailed(KeywordMain.groovy:50)
	at com.kms.katalon.core.keyword.internal.KeywordMain.stepFailed(KeywordMain.groovy)
	at com.kms.katalon.core.keyword.internal.KeywordMain.runKeyword(KeywordMain.groovy:70)
	at com.kms.katalon.core.keyword.builtin.VerifyMatchKeyword.verifyMatch(VerifyMatchKeyword.groovy:60)
	at com.kms.katalon.core.keyword.builtin.VerifyMatchKeyword.execute(VerifyMatchKeyword.groovy:45)
	at com.kms.katalon.core.keyword.internal.KeywordExecutor.executeKeywordForPlatform(KeywordExecutor.groovy:72)
	at com.kms.katalon.core.keyword.BuiltinKeywords.verifyMatch(BuiltinKeywords.groovy:73)
	at DropdownValidation.run(DropdownValidation:66)
	at com.kms.katalon.core.main.ScriptEngine.run(ScriptEngine.java:194)
	at com.kms.katalon.core.main.ScriptEngine.runScriptAsRawText(ScriptEngine.java:119)
	at com.kms.katalon.core.main.TestCaseExecutor.runScript(TestCaseExecutor.java:337)
	at com.kms.katalon.core.main.TestCaseExecutor.doExecute(TestCaseExecutor.java:328)
	at com.kms.katalon.core.main.TestCaseExecutor.processExecutionPhase(TestCaseExecutor.java:307)
	at com.kms.katalon.core.main.TestCaseExecutor.accessMainPhase(TestCaseExecutor.java:299)
	at com.kms.katalon.core.main.TestCaseExecutor.execute(TestCaseExecutor.java:233)
	at com.kms.katalon.core.main.TestCaseMain.runTestCase(TestCaseMain.java:114)
	at com.kms.katalon.core.keyword.builtin.CallTestCaseKeyword$_callTestCase_closure1.doCall(CallTestCaseKeyword.groovy:59)
	... 20 more
Caused by: java.lang.NullPointerException
	at com.kms.katalon.core.helper.KeywordHelper.match(KeywordHelper.java:22)
	at com.kms.katalon.core.keyword.builtin.VerifyMatchKeyword$_verifyMatch_closure1.doCall(VerifyMatchKeyword.groovy:53)
	at com.kms.katalon.core.keyword.builtin.VerifyMatchKeyword$_verifyMatch_closure1.call(VerifyMatchKeyword.groovy)
	at com.kms.katalon.core.keyword.internal.KeywordMain.runKeyword(KeywordMain.groovy:68)
	... 34 more


2020-05-12 23:54:40 - [TEST_STEP][NOT_RUN] - callTestCase(findTestCase("Components/LoginV2.0"), ["LinkToBeUsed":findTestData("ISPS2 Test Data").getValue("URL", 2), "LoginPageTextToBeVerified":findTestData("ISPS2 Test Data").getValue("HomeBanner", 2), ... ], STOP_ON_FAILURE): NOT_RUN: callTestCase(findTestCase("Components/LoginV2.0"), ["LinkToBeUsed":findTestData("ISPS2 Test Data").getValue("URL", 2), "LoginPageTextToBeVerified":findTestData("ISPS2 Test Data").getValue("HomeBanner", 2), ... ], STOP_ON_FAILURE)

2020-05-12 23:54:40 - [MESSAGE][NOT_RUN] - NOT_RUN: callTestCase(findTestCase("Components/LoginV2.0"), ["LinkToBeUsed":findTestData("ISPS2 Test Data").getValue("URL", 2), "LoginPageTextToBeVerified":findTestData("ISPS2 Test Data").getValue("HomeBanner", 2), ... ], STOP_ON_FAILURE)

2020-05-12 23:54:40 - [TEST_STEP][NOT_RUN] - callTestCase(findTestCase("Components/NavigateToHomepageHeaders"), ["headerText":"My Tasks"], STOP_ON_FAILURE): NOT_RUN: callTestCase(findTestCase("Components/NavigateToHomepageHeaders"), ["headerText":"My Tasks"], STOP_ON_FAILURE)

2020-05-12 23:54:40 - [MESSAGE][NOT_RUN] - NOT_RUN: callTestCase(findTestCase("Components/NavigateToHomepageHeaders"), ["headerText":"My Tasks"], STOP_ON_FAILURE)

2020-05-12 23:54:40 - [TEST_STEP][NOT_RUN] - callTestCase(findTestCase("Components/Filter"), ["taskDescription":"Process Case (SM)"], STOP_ON_FAILURE): NOT_RUN: callTestCase(findTestCase("Components/Filter"), ["taskDescription":"Process Case (SM)"], STOP_ON_FAILURE)

2020-05-12 23:54:40 - [MESSAGE][NOT_RUN] - NOT_RUN: callTestCase(findTestCase("Components/Filter"), ["taskDescription":"Process Case (SM)"], STOP_ON_FAILURE)

2020-05-12 23:54:40 - [TEST_STEP][NOT_RUN] - callTestCase(findTestCase("Components/ClickLinkDependingOnTextAndIndex"), ["linkName":"Process Case (SM)", "index":"3"], STOP_ON_FAILURE): NOT_RUN: callTestCase(findTestCase("Components/ClickLinkDependingOnTextAndIndex"), ["linkName":"Process Case (SM)", "index":"3"], STOP_ON_FAILURE)

2020-05-12 23:54:40 - [MESSAGE][NOT_RUN] - NOT_RUN: callTestCase(findTestCase("Components/ClickLinkDependingOnTextAndIndex"), ["linkName":"Process Case (SM)", "index":"3"], STOP_ON_FAILURE)

2020-05-12 23:54:40 - [TEST_STEP][PASSED] - callTestCase(findTestCase("Components/NavigateToAnyLHS"), ["LHS":"Refer Case to External Agency"], STOP_ON_FAILURE): Call Test Case 'Test Cases/Components/NavigateToAnyLHS' successfully

2020-05-12 23:54:41 - [TEST_CASE][PASSED] - Test Cases/Components/NavigateToAnyLHS: Test Cases/Components/NavigateToAnyLHS

2020-05-12 23:54:41 - [TEST_STEP][PASSED] - Thread.sleep(1000): null

2020-05-12 23:54:42 - [TEST_STEP][PASSED] - modifiedLHS = modifyObjectProperty(findTestObject("Objects.NavigateToAnyLHS/Page_ISPS2/LHSToModify"), "text", "equals", LHS, true): Modify property of object successfully

2020-05-12 23:54:42 - [MESSAGE][PASSED] - Modify property of object successfully

2020-05-12 23:54:42 - [TEST_STEP][PASSED] - click(modifiedLHS): Object: 'Object Repository/Objects.NavigateToAnyLHS/Page_ISPS2/LHSToModify' is clicked on

2020-05-12 23:54:42 - [MESSAGE][PASSED] - Object: 'Object Repository/Objects.NavigateToAnyLHS/Page_ISPS2/LHSToModify' is clicked on

2020-05-12 23:54:42 - [TEST_STEP][PASSED] - currentLHS = getText(modifiedLHS): Text of object 'Object Repository/Objects.NavigateToAnyLHS/Page_ISPS2/LHSToModify' is: 'Refer Case to External Agency'

2020-05-12 23:54:43 - [MESSAGE][PASSED] - Text of object 'Object Repository/Objects.NavigateToAnyLHS/Page_ISPS2/LHSToModify' is: 'Refer Case to External Agency'

2020-05-12 23:54:43 - [TEST_STEP][PASSED] - Thread.sleep(5000): null

2020-05-12 23:54:48 - [MESSAGE][PASSED] - Call Test Case 'Test Cases/Components/NavigateToAnyLHS' successfully

2020-05-12 23:54:48 - [TEST_STEP][PASSED] - callTestCase(findTestCase("Components/VerifyPageSuccessfullyLoaded"), ["HeaderName":"Refer to External Agency"], STOP_ON_FAILURE): Call Test Case 'Test Cases/Components/VerifyPageSuccessfullyLoaded' successfully

2020-05-12 23:54:48 - [TEST_CASE][PASSED] - Test Cases/Components/VerifyPageSuccessfullyLoaded: Test Cases/Components/VerifyPageSuccessfullyLoaded

2020-05-12 23:54:48 - [TEST_STEP][PASSED] - Thread.sleep(3000): null

2020-05-12 23:54:51 - [TEST_STEP][PASSED] - ModifiedHeaderName = modifyObjectProperty(findTestObject("Objects.VerifyPageSuccessfullyLoaded/PageHeader"), "text", "equals", HeaderName, false): Modify property of object successfully

2020-05-12 23:54:51 - [MESSAGE][PASSED] - Modify property of object successfully

2020-05-12 23:54:51 - [TEST_STEP][PASSED] - verifyElementPresent(ModifiedHeaderName, 0): Object 'Object Repository/Objects.VerifyPageSuccessfullyLoaded/PageHeader' is present

2020-05-12 23:54:51 - [MESSAGE][WARNING] - Timeout '0' is invalid. Using default page load timeout: '30'

2020-05-12 23:54:51 - [MESSAGE][PASSED] - Object 'Object Repository/Objects.VerifyPageSuccessfullyLoaded/PageHeader' is present

2020-05-12 23:54:51 - [TEST_STEP][PASSED] - com.reusableComponents.HighlightElement.run(ModifiedHeaderName): com.reusableComponents.HighlightElement.run is PASSED

2020-05-12 23:54:52 - [MESSAGE][PASSED] - com.reusableComponents.HighlightElement.run is PASSED

2020-05-12 23:54:52 - [TEST_STEP][PASSED] - Thread.sleep(3000): null

2020-05-12 23:54:55 - [MESSAGE][PASSED] - Call Test Case 'Test Cases/Components/VerifyPageSuccessfullyLoaded' successfully

2020-05-12 23:54:55 - [TEST_STEP][PASSED] - callTestCase(findTestCase("Components/ClickBlueButtonsWithXPI"), ["Button":"Refer Case", "Index":"1"], STOP_ON_FAILURE): Call Test Case 'Test Cases/Components/ClickBlueButtonsWithXPI' successfully

2020-05-12 23:54:55 - [TEST_CASE][PASSED] - Test Cases/Components/ClickBlueButtonsWithXPI: Test Cases/Components/ClickBlueButtonsWithXPI

2020-05-12 23:54:55 - [TEST_STEP][PASSED] - Thread.sleep(1000): null

2020-05-12 23:54:56 - [TEST_STEP][PASSED] - complexlyModifiedButtonGG = modifyObjectProperty(findTestObject("Objects.ClickBlueButtonsWithXPI/span_Reset"), "xPath", "equals", "(//span[text()="" + Button + ""])[" + Index + "]", true): Modify property of object successfully

2020-05-12 23:54:56 - [MESSAGE][PASSED] - Modify property of object successfully

2020-05-12 23:54:56 - [TEST_STEP][PASSED] - Thread.sleep(5000): null

2020-05-12 23:55:01 - [TEST_STEP][PASSED] - Thread.sleep(5000): null

2020-05-12 23:55:06 - [TEST_STEP][PASSED] - click(complexlyModifiedButtonGG): Object: 'Object Repository/Objects.ClickBlueButtonsWithXPI/span_Reset' is clicked on

2020-05-12 23:55:06 - [MESSAGE][PASSED] - Object: 'Object Repository/Objects.ClickBlueButtonsWithXPI/span_Reset' is clicked on

2020-05-12 23:55:06 - [TEST_STEP][PASSED] - Thread.sleep(5000): null

2020-05-12 23:55:11 - [MESSAGE][PASSED] - Call Test Case 'Test Cases/Components/ClickBlueButtonsWithXPI' successfully

2020-05-12 23:55:11 - [TEST_STEP][PASSED] - callTestCase(findTestCase("Components/VerifyTextPresentInPage"), ["tagToModify":"li", "textToModify":"Please fill up the mandatory fields."], STOP_ON_FAILURE): Call Test Case 'Test Cases/Components/VerifyTextPresentInPage' successfully

2020-05-12 23:55:11 - [TEST_CASE][PASSED] - Test Cases/Components/VerifyTextPresentInPage: Test Cases/Components/VerifyTextPresentInPage

2020-05-12 23:55:12 - [TEST_STEP][PASSED] - Thread.sleep(3000): null

2020-05-12 23:55:15 - [TEST_STEP][NOT_RUN] - verifyTextPresent(textToLocate, false): NOT_RUN: verifyTextPresent(textToLocate, false)

2020-05-12 23:55:15 - [MESSAGE][NOT_RUN] - NOT_RUN: verifyTextPresent(textToLocate, false)

2020-05-12 23:55:15 - [TEST_STEP][NOT_RUN] - com.reusableComponents.HighlightElement.run(textToLocate): NOT_RUN: com.reusableComponents.HighlightElement.run(textToLocate)

2020-05-12 23:55:15 - [MESSAGE][NOT_RUN] - NOT_RUN: com.reusableComponents.HighlightElement.run(textToLocate)

2020-05-12 23:55:15 - [TEST_STEP][PASSED] - modifiedTag = modifyObjectProperty(findTestObject("Objects.VerifyTextPresent/Page_ISPS2/objectToModify"), "tag", "equals", tagToModify, true): Modify property of object successfully

2020-05-12 23:55:15 - [MESSAGE][PASSED] - Modify property of object successfully

2020-05-12 23:55:15 - [TEST_STEP][PASSED] - modified = modifyObjectProperty(modifiedTag, "text", "equals", textToModify, true): Modify property of object successfully

2020-05-12 23:55:15 - [MESSAGE][PASSED] - Modify property of object successfully

2020-05-12 23:55:15 - [TEST_STEP][PASSED] - com.reusableComponents.HighlightElement.run(modified): com.reusableComponents.HighlightElement.run is PASSED

2020-05-12 23:55:15 - [MESSAGE][PASSED] - com.reusableComponents.HighlightElement.run is PASSED

2020-05-12 23:55:15 - [TEST_STEP][PASSED] - Thread.sleep(3000): null

2020-05-12 23:55:18 - [MESSAGE][PASSED] - Call Test Case 'Test Cases/Components/VerifyTextPresentInPage' successfully

2020-05-12 23:55:18 - [TEST_STEP][PASSED] - callTestCase(findTestCase("PFI Precision and Scale/PFI Components/DataErrorValidation"), ["FldNm":"extAgenciesCmb"], STOP_ON_FAILURE): Call Test Case 'Test Cases/PFI Precision and Scale/PFI Components/DataErrorValidation' successfully

2020-05-12 23:55:18 - [TEST_CASE][PASSED] - Test Cases/PFI Precision and Scale/PFI Components/DataErrorValidation: Test Cases/PFI Precision and Scale/PFI Components/DataErrorValidation

2020-05-12 23:55:18 - [TEST_STEP][PASSED] - enableSmartWait(): null

2020-05-12 23:55:18 - [TEST_STEP][PASSED] - NewInputNmField = modifyObjectProperty(findTestObject("Objects.NameValidation/input_FieldName"), "name", "equals", FldNm, true): Modify property of object successfully

2020-05-12 23:55:18 - [MESSAGE][PASSED] - Modify property of object successfully

2020-05-12 23:55:18 - [TEST_STEP][PASSED] - com.reusableComponents.HighlightElement.run(NewInputNmField): com.reusableComponents.HighlightElement.run is PASSED

2020-05-12 23:55:19 - [MESSAGE][PASSED] - com.reusableComponents.HighlightElement.run is PASSED

2020-05-12 23:55:19 - [TEST_STEP][PASSED] - click(NewInputNmField): Object: 'Object Repository/Objects.NameValidation/input_FieldName' is clicked on

2020-05-12 23:55:19 - [MESSAGE][PASSED] - Object: 'Object Repository/Objects.NameValidation/input_FieldName' is clicked on

2020-05-12 23:55:19 - [TEST_STEP][PASSED] - delay(5): Delayed 5 second(s)

2020-05-12 23:55:24 - [MESSAGE][PASSED] - Delayed 5 second(s)

2020-05-12 23:55:24 - [MESSAGE][PASSED] - Call Test Case 'Test Cases/PFI Precision and Scale/PFI Components/DataErrorValidation' successfully

2020-05-12 23:55:24 - [TEST_STEP][PASSED] - callTestCase(findTestCase("PFI Precision and Scale/PFI Components/DataErrorValidationII"), ["textToBeVerified":"Auto Update Building Records? "], STOP_ON_FAILURE): Call Test Case 'Test Cases/PFI Precision and Scale/PFI Components/DataErrorValidationII' successfully

2020-05-12 23:55:24 - [TEST_CASE][PASSED] - Test Cases/PFI Precision and Scale/PFI Components/DataErrorValidationII: Test Cases/PFI Precision and Scale/PFI Components/DataErrorValidationII

2020-05-12 23:55:24 - [TEST_STEP][PASSED] - enableSmartWait(): null

2020-05-12 23:55:24 - [TEST_STEP][PASSED] - NewInputNmField = modifyObjectProperty(findTestObject("Objects.ClickRadioButton/RadioButton_ID"), "text", "equals", textToBeVerified, true): Modify property of object successfully

2020-05-12 23:55:24 - [MESSAGE][PASSED] - Modify property of object successfully

2020-05-12 23:55:24 - [TEST_STEP][PASSED] - mouseOver(NewInputNmField): Object: 'Object Repository/Objects.ClickRadioButton/RadioButton_ID' is hovered

2020-05-12 23:55:25 - [MESSAGE][PASSED] - Object: 'Object Repository/Objects.ClickRadioButton/RadioButton_ID' is hovered

2020-05-12 23:55:25 - [TEST_STEP][PASSED] - delay(5): Delayed 5 second(s)

2020-05-12 23:55:30 - [MESSAGE][PASSED] - Delayed 5 second(s)

2020-05-12 23:55:30 - [MESSAGE][PASSED] - Call Test Case 'Test Cases/PFI Precision and Scale/PFI Components/DataErrorValidationII' successfully

2020-05-12 23:55:30 - [TEST_STEP][FAILED] - callTestCase(findTestCase("PFI Precision and Scale/PFI Components/DropdownValidation"), ["FldNm":"extAgenciesCmb", "NoOfOpt":35], STOP_ON_FAILURE): Unable to call Test Case 'Test Cases/PFI Precision and Scale/PFI Components/DropdownValidation' (Root cause: com.kms.katalon.core.exception.StepFailedException: Call Test Case 'Test Cases/PFI Precision and Scale/PFI Components/DropdownValidation' failed
	at com.kms.katalon.core.keyword.builtin.CallTestCaseKeyword$_callTestCase_closure1.doCall(CallTestCaseKeyword.groovy:63)
	at com.kms.katalon.core.keyword.builtin.CallTestCaseKeyword$_callTestCase_closure1.call(CallTestCaseKeyword.groovy)
	at com.kms.katalon.core.keyword.internal.KeywordMain.runKeyword(KeywordMain.groovy:68)
	at com.kms.katalon.core.keyword.builtin.CallTestCaseKeyword.callTestCase(CallTestCaseKeyword.groovy:81)
	at com.kms.katalon.core.keyword.builtin.CallTestCaseKeyword.execute(CallTestCaseKeyword.groovy:44)
	at com.kms.katalon.core.keyword.internal.KeywordExecutor.executeKeywordForPlatform(KeywordExecutor.groovy:72)
	at com.kms.katalon.core.keyword.BuiltinKeywords.callTestCase(BuiltinKeywords.groovy:334)
	at PFI.ReferToExternalAgencyLHS.run(PFI.ReferToExternalAgencyLHS:57)
	at com.kms.katalon.core.main.ScriptEngine.run(ScriptEngine.java:194)
	at com.kms.katalon.core.main.ScriptEngine.runScriptAsRawText(ScriptEngine.java:119)
	at com.kms.katalon.core.main.TestCaseExecutor.runScript(TestCaseExecutor.java:337)
	at com.kms.katalon.core.main.TestCaseExecutor.doExecute(TestCaseExecutor.java:328)
	at com.kms.katalon.core.main.TestCaseExecutor.processExecutionPhase(TestCaseExecutor.java:307)
	at com.kms.katalon.core.main.TestCaseExecutor.accessMainPhase(TestCaseExecutor.java:299)
	at com.kms.katalon.core.main.TestCaseExecutor.execute(TestCaseExecutor.java:233)
	at com.kms.katalon.core.main.TestSuiteExecutor.accessTestCaseMainPhase(TestSuiteExecutor.java:169)
	at com.kms.katalon.core.main.TestSuiteExecutor.accessTestSuiteMainPhase(TestSuiteExecutor.java:142)
	at com.kms.katalon.core.main.TestSuiteExecutor.execute(TestSuiteExecutor.java:91)
	at com.kms.katalon.core.main.TestCaseMain.startTestSuite(TestCaseMain.java:157)
	at com.kms.katalon.core.main.TestCaseMain$startTestSuite$0.call(Unknown Source)
	at TempTestSuite1589297932133.run(TempTestSuite1589297932133.groovy:36)
Caused by: com.kms.katalon.core.exception.StepFailedException: Unable to verify match between actual text '' and expected text 'null' using regular expression (Root cause: java.lang.NullPointerException
	at com.kms.katalon.core.helper.KeywordHelper.match(KeywordHelper.java:22)
	at com.kms.katalon.core.keyword.builtin.VerifyMatchKeyword$_verifyMatch_closure1.doCall(VerifyMatchKeyword.groovy:53)
	at com.kms.katalon.core.keyword.builtin.VerifyMatchKeyword$_verifyMatch_closure1.call(VerifyMatchKeyword.groovy)
	at com.kms.katalon.core.keyword.internal.KeywordMain.runKeyword(KeywordMain.groovy:68)
	at com.kms.katalon.core.keyword.builtin.VerifyMatchKeyword.verifyMatch(VerifyMatchKeyword.groovy:60)
	at com.kms.katalon.core.keyword.builtin.VerifyMatchKeyword.execute(VerifyMatchKeyword.groovy:45)
	at com.kms.katalon.core.keyword.internal.KeywordExecutor.executeKeywordForPlatform(KeywordExecutor.groovy:72)
	at com.kms.katalon.core.keyword.BuiltinKeywords.verifyMatch(BuiltinKeywords.groovy:73)
	at DropdownValidation.run(DropdownValidation:66)
	at com.kms.katalon.core.main.ScriptEngine.run(ScriptEngine.java:194)
	at com.kms.katalon.core.main.ScriptEngine.runScriptAsRawText(ScriptEngine.java:119)
	at com.kms.katalon.core.main.TestCaseExecutor.runScript(TestCaseExecutor.java:337)
	at com.kms.katalon.core.main.TestCaseExecutor.doExecute(TestCaseExecutor.java:328)
	at com.kms.katalon.core.main.TestCaseExecutor.processExecutionPhase(TestCaseExecutor.java:307)
	at com.kms.katalon.core.main.TestCaseExecutor.accessMainPhase(TestCaseExecutor.java:299)
	at com.kms.katalon.core.main.TestCaseExecutor.execute(TestCaseExecutor.java:233)
	at com.kms.katalon.core.main.TestCaseMain.runTestCase(TestCaseMain.java:114)
	at com.kms.katalon.core.keyword.builtin.CallTestCaseKeyword$_callTestCase_closure1.doCall(CallTestCaseKeyword.groovy:59)
	at com.kms.katalon.core.keyword.builtin.CallTestCaseKeyword$_callTestCase_closure1.call(CallTestCaseKeyword.groovy)
	at com.kms.katalon.core.keyword.internal.KeywordMain.runKeyword(KeywordMain.groovy:68)
	at com.kms.katalon.core.keyword.builtin.CallTestCaseKeyword.callTestCase(CallTestCaseKeyword.groovy:81)
	at com.kms.katalon.core.keyword.builtin.CallTestCaseKeyword.execute(CallTestCaseKeyword.groovy:44)
	at com.kms.katalon.core.keyword.internal.KeywordExecutor.executeKeywordForPlatform(KeywordExecutor.groovy:72)
	at com.kms.katalon.core.keyword.BuiltinKeywords.callTestCase(BuiltinKeywords.groovy:334)
	at PFI.ReferToExternalAgencyLHS.run(PFI.ReferToExternalAgencyLHS:57)
	at com.kms.katalon.core.main.ScriptEngine.run(ScriptEngine.java:194)
	at com.kms.katalon.core.main.ScriptEngine.runScriptAsRawText(ScriptEngine.java:119)
	at com.kms.katalon.core.main.TestCaseExecutor.runScript(TestCaseExecutor.java:337)
	at com.kms.katalon.core.main.TestCaseExecutor.doExecute(TestCaseExecutor.java:328)
	at com.kms.katalon.core.main.TestCaseExecutor.processExecutionPhase(TestCaseExecutor.java:307)
	at com.kms.katalon.core.main.TestCaseExecutor.accessMainPhase(TestCaseExecutor.java:299)
	at com.kms.katalon.core.main.TestCaseExecutor.execute(TestCaseExecutor.java:233)
	at com.kms.katalon.core.main.TestSuiteExecutor.accessTestCaseMainPhase(TestSuiteExecutor.java:169)
	at com.kms.katalon.core.main.TestSuiteExecutor.accessTestSuiteMainPhase(TestSuiteExecutor.java:142)
	at com.kms.katalon.core.main.TestSuiteExecutor.execute(TestSuiteExecutor.java:91)
	at com.kms.katalon.core.main.TestCaseMain.startTestSuite(TestCaseMain.java:157)
	at com.kms.katalon.core.main.TestCaseMain$startTestSuite$0.call(Unknown Source)
	at TempTestSuite1589297932133.run(TempTestSuite1589297932133.groovy:36)
)
	at com.kms.katalon.core.keyword.internal.KeywordMain.stepFailed(KeywordMain.groovy:50)
	at com.kms.katalon.core.keyword.internal.KeywordMain.stepFailed(KeywordMain.groovy)
	at com.kms.katalon.core.keyword.internal.KeywordMain.runKeyword(KeywordMain.groovy:70)
	at com.kms.katalon.core.keyword.builtin.VerifyMatchKeyword.verifyMatch(VerifyMatchKeyword.groovy:60)
	at com.kms.katalon.core.keyword.builtin.VerifyMatchKeyword.execute(VerifyMatchKeyword.groovy:45)
	at com.kms.katalon.core.keyword.internal.KeywordExecutor.executeKeywordForPlatform(KeywordExecutor.groovy:72)
	at com.kms.katalon.core.keyword.BuiltinKeywords.verifyMatch(BuiltinKeywords.groovy:73)
	at DropdownValidation.run(DropdownValidation:66)
	at com.kms.katalon.core.main.ScriptEngine.run(ScriptEngine.java:194)
	at com.kms.katalon.core.main.ScriptEngine.runScriptAsRawText(ScriptEngine.java:119)
	at com.kms.katalon.core.main.TestCaseExecutor.runScript(TestCaseExecutor.java:337)
	at com.kms.katalon.core.main.TestCaseExecutor.doExecute(TestCaseExecutor.java:328)
	at com.kms.katalon.core.main.TestCaseExecutor.processExecutionPhase(TestCaseExecutor.java:307)
	at com.kms.katalon.core.main.TestCaseExecutor.accessMainPhase(TestCaseExecutor.java:299)
	at com.kms.katalon.core.main.TestCaseExecutor.execute(TestCaseExecutor.java:233)
	at com.kms.katalon.core.main.TestCaseMain.runTestCase(TestCaseMain.java:114)
	at com.kms.katalon.core.keyword.builtin.CallTestCaseKeyword$_callTestCase_closure1.doCall(CallTestCaseKeyword.groovy:59)
	... 20 more
Caused by: java.lang.NullPointerException
	at com.kms.katalon.core.helper.KeywordHelper.match(KeywordHelper.java:22)
	at com.kms.katalon.core.keyword.builtin.VerifyMatchKeyword$_verifyMatch_closure1.doCall(VerifyMatchKeyword.groovy:53)
	at com.kms.katalon.core.keyword.builtin.VerifyMatchKeyword$_verifyMatch_closure1.call(VerifyMatchKeyword.groovy)
	at com.kms.katalon.core.keyword.internal.KeywordMain.runKeyword(KeywordMain.groovy:68)
	... 34 more
)

2020-05-12 23:55:30 - [TEST_CASE][FAILED] - Test Cases/PFI Precision and Scale/PFI Components/DropdownValidation: Test Cases/PFI Precision and Scale/PFI Components/DropdownValidation FAILED.
Reason:
com.kms.katalon.core.exception.StepFailedException: Unable to verify match between actual text '' and expected text 'null' using regular expression (Root cause: java.lang.NullPointerException
	at com.kms.katalon.core.helper.KeywordHelper.match(KeywordHelper.java:22)
	at com.kms.katalon.core.keyword.builtin.VerifyMatchKeyword$_verifyMatch_closure1.doCall(VerifyMatchKeyword.groovy:53)
	at com.kms.katalon.core.keyword.builtin.VerifyMatchKeyword$_verifyMatch_closure1.call(VerifyMatchKeyword.groovy)
	at com.kms.katalon.core.keyword.internal.KeywordMain.runKeyword(KeywordMain.groovy:68)
	at com.kms.katalon.core.keyword.builtin.VerifyMatchKeyword.verifyMatch(VerifyMatchKeyword.groovy:60)
	at com.kms.katalon.core.keyword.builtin.VerifyMatchKeyword.execute(VerifyMatchKeyword.groovy:45)
	at com.kms.katalon.core.keyword.internal.KeywordExecutor.executeKeywordForPlatform(KeywordExecutor.groovy:72)
	at com.kms.katalon.core.keyword.BuiltinKeywords.verifyMatch(BuiltinKeywords.groovy:73)
	at DropdownValidation.run(DropdownValidation:66)
	at com.kms.katalon.core.main.ScriptEngine.run(ScriptEngine.java:194)
	at com.kms.katalon.core.main.ScriptEngine.runScriptAsRawText(ScriptEngine.java:119)
	at com.kms.katalon.core.main.TestCaseExecutor.runScript(TestCaseExecutor.java:337)
	at com.kms.katalon.core.main.TestCaseExecutor.doExecute(TestCaseExecutor.java:328)
	at com.kms.katalon.core.main.TestCaseExecutor.processExecutionPhase(TestCaseExecutor.java:307)
	at com.kms.katalon.core.main.TestCaseExecutor.accessMainPhase(TestCaseExecutor.java:299)
	at com.kms.katalon.core.main.TestCaseExecutor.execute(TestCaseExecutor.java:233)
	at com.kms.katalon.core.main.TestCaseMain.runTestCase(TestCaseMain.java:114)
	at com.kms.katalon.core.keyword.builtin.CallTestCaseKeyword$_callTestCase_closure1.doCall(CallTestCaseKeyword.groovy:59)
	at com.kms.katalon.core.keyword.builtin.CallTestCaseKeyword$_callTestCase_closure1.call(CallTestCaseKeyword.groovy)
	at com.kms.katalon.core.keyword.internal.KeywordMain.runKeyword(KeywordMain.groovy:68)
	at com.kms.katalon.core.keyword.builtin.CallTestCaseKeyword.callTestCase(CallTestCaseKeyword.groovy:81)
	at com.kms.katalon.core.keyword.builtin.CallTestCaseKeyword.execute(CallTestCaseKeyword.groovy:44)
	at com.kms.katalon.core.keyword.internal.KeywordExecutor.executeKeywordForPlatform(KeywordExecutor.groovy:72)
	at com.kms.katalon.core.keyword.BuiltinKeywords.callTestCase(BuiltinKeywords.groovy:334)
	at PFI.ReferToExternalAgencyLHS.run(PFI.ReferToExternalAgencyLHS:57)
	at com.kms.katalon.core.main.ScriptEngine.run(ScriptEngine.java:194)
	at com.kms.katalon.core.main.ScriptEngine.runScriptAsRawText(ScriptEngine.java:119)
	at com.kms.katalon.core.main.TestCaseExecutor.runScript(TestCaseExecutor.java:337)
	at com.kms.katalon.core.main.TestCaseExecutor.doExecute(TestCaseExecutor.java:328)
	at com.kms.katalon.core.main.TestCaseExecutor.processExecutionPhase(TestCaseExecutor.java:307)
	at com.kms.katalon.core.main.TestCaseExecutor.accessMainPhase(TestCaseExecutor.java:299)
	at com.kms.katalon.core.main.TestCaseExecutor.execute(TestCaseExecutor.java:233)
	at com.kms.katalon.core.main.TestSuiteExecutor.accessTestCaseMainPhase(TestSuiteExecutor.java:169)
	at com.kms.katalon.core.main.TestSuiteExecutor.accessTestSuiteMainPhase(TestSuiteExecutor.java:142)
	at com.kms.katalon.core.main.TestSuiteExecutor.execute(TestSuiteExecutor.java:91)
	at com.kms.katalon.core.main.TestCaseMain.startTestSuite(TestCaseMain.java:157)
	at com.kms.katalon.core.main.TestCaseMain$startTestSuite$0.call(Unknown Source)
	at TempTestSuite1589297932133.run(TempTestSuite1589297932133.groovy:36)
)
	at com.kms.katalon.core.keyword.internal.KeywordMain.stepFailed(KeywordMain.groovy:50)
	at com.kms.katalon.core.keyword.internal.KeywordMain.stepFailed(KeywordMain.groovy)
	at com.kms.katalon.core.keyword.internal.KeywordMain.runKeyword(KeywordMain.groovy:70)
	at com.kms.katalon.core.keyword.builtin.VerifyMatchKeyword.verifyMatch(VerifyMatchKeyword.groovy:60)
	at com.kms.katalon.core.keyword.builtin.VerifyMatchKeyword.execute(VerifyMatchKeyword.groovy:45)
	at com.kms.katalon.core.keyword.internal.KeywordExecutor.executeKeywordForPlatform(KeywordExecutor.groovy:72)
	at com.kms.katalon.core.keyword.BuiltinKeywords.verifyMatch(BuiltinKeywords.groovy:73)
	at DropdownValidation.run(DropdownValidation:66)
	at com.kms.katalon.core.main.ScriptEngine.run(ScriptEngine.java:194)
	at com.kms.katalon.core.main.ScriptEngine.runScriptAsRawText(ScriptEngine.java:119)
	at com.kms.katalon.core.main.TestCaseExecutor.runScript(TestCaseExecutor.java:337)
	at com.kms.katalon.core.main.TestCaseExecutor.doExecute(TestCaseExecutor.java:328)
	at com.kms.katalon.core.main.TestCaseExecutor.processExecutionPhase(TestCaseExecutor.java:307)
	at com.kms.katalon.core.main.TestCaseExecutor.accessMainPhase(TestCaseExecutor.java:299)
	at com.kms.katalon.core.main.TestCaseExecutor.execute(TestCaseExecutor.java:233)
	at com.kms.katalon.core.main.TestCaseMain.runTestCase(TestCaseMain.java:114)
	at com.kms.katalon.core.keyword.builtin.CallTestCaseKeyword$_callTestCase_closure1.doCall(CallTestCaseKeyword.groovy:59)
	at com.kms.katalon.core.keyword.builtin.CallTestCaseKeyword$_callTestCase_closure1.call(CallTestCaseKeyword.groovy)
	at com.kms.katalon.core.keyword.internal.KeywordMain.runKeyword(KeywordMain.groovy:68)
	at com.kms.katalon.core.keyword.builtin.CallTestCaseKeyword.callTestCase(CallTestCaseKeyword.groovy:81)
	at com.kms.katalon.core.keyword.builtin.CallTestCaseKeyword.execute(CallTestCaseKeyword.groovy:44)
	at com.kms.katalon.core.keyword.internal.KeywordExecutor.executeKeywordForPlatform(KeywordExecutor.groovy:72)
	at com.kms.katalon.core.keyword.BuiltinKeywords.callTestCase(BuiltinKeywords.groovy:334)
	at PFI.ReferToExternalAgencyLHS.run(PFI.ReferToExternalAgencyLHS:57)
	at com.kms.katalon.core.main.ScriptEngine.run(ScriptEngine.java:194)
	at com.kms.katalon.core.main.ScriptEngine.runScriptAsRawText(ScriptEngine.java:119)
	at com.kms.katalon.core.main.TestCaseExecutor.runScript(TestCaseExecutor.java:337)
	at com.kms.katalon.core.main.TestCaseExecutor.doExecute(TestCaseExecutor.java:328)
	at com.kms.katalon.core.main.TestCaseExecutor.processExecutionPhase(TestCaseExecutor.java:307)
	at com.kms.katalon.core.main.TestCaseExecutor.accessMainPhase(TestCaseExecutor.java:299)
	at com.kms.katalon.core.main.TestCaseExecutor.execute(TestCaseExecutor.java:233)
	at com.kms.katalon.core.main.TestSuiteExecutor.accessTestCaseMainPhase(TestSuiteExecutor.java:169)
	at com.kms.katalon.core.main.TestSuiteExecutor.accessTestSuiteMainPhase(TestSuiteExecutor.java:142)
	at com.kms.katalon.core.main.TestSuiteExecutor.execute(TestSuiteExecutor.java:91)
	at com.kms.katalon.core.main.TestCaseMain.startTestSuite(TestCaseMain.java:157)
	at com.kms.katalon.core.main.TestCaseMain$startTestSuite$0.call(Unknown Source)
	at TempTestSuite1589297932133.run(TempTestSuite1589297932133.groovy:36)
Caused by: java.lang.NullPointerException
	at com.kms.katalon.core.helper.KeywordHelper.match(KeywordHelper.java:22)
	at com.kms.katalon.core.keyword.builtin.VerifyMatchKeyword$_verifyMatch_closure1.doCall(VerifyMatchKeyword.groovy:53)
	at com.kms.katalon.core.keyword.builtin.VerifyMatchKeyword$_verifyMatch_closure1.call(VerifyMatchKeyword.groovy)
	at com.kms.katalon.core.keyword.internal.KeywordMain.runKeyword(KeywordMain.groovy:68)
	... 34 more


2020-05-12 23:55:30 - [TEST_STEP][PASSED] - enableSmartWait(): null

2020-05-12 23:55:30 - [TEST_STEP][PASSED] - NewInputNmField = modifyObjectProperty(findTestObject("Objects.NameValidation/input_FieldName"), "name", "equals", FldNm, true): Modify property of object successfully

2020-05-12 23:55:30 - [MESSAGE][PASSED] - Modify property of object successfully

2020-05-12 23:55:30 - [TEST_STEP][PASSED] - com.reusableComponents.HighlightElement.run(NewInputNmField): com.reusableComponents.HighlightElement.run is PASSED

2020-05-12 23:55:31 - [MESSAGE][PASSED] - com.reusableComponents.HighlightElement.run is PASSED

2020-05-12 23:55:31 - [TEST_STEP][PASSED] - clearText(NewInputNmField): Text of object 'Object Repository/Objects.NameValidation/input_FieldName' is cleared

2020-05-12 23:55:31 - [MESSAGE][PASSED] - Text of object 'Object Repository/Objects.NameValidation/input_FieldName' is cleared

2020-05-12 23:55:31 - [TEST_STEP][PASSED] - sendKeys(NewInputNmField, Keys.chord(ENTER)): Keys 'ENTER + ' sent to object: 'Object Repository/Objects.NameValidation/input_FieldName'

2020-05-12 23:55:31 - [MESSAGE][PASSED] - Keys 'ENTER + ' sent to object: 'Object Repository/Objects.NameValidation/input_FieldName'

2020-05-12 23:55:31 - [TEST_STEP][PASSED] - SearchArray = []: null

2020-05-12 23:55:31 - [TEST_STEP][PASSED] - SearchArray[0] = "1144": null

2020-05-12 23:55:31 - [TEST_STEP][PASSED] - SearchArray[1] = "0433": null

2020-05-12 23:55:31 - [TEST_STEP][PASSED] - SearchArray[2] = "6662": null

2020-05-12 23:55:31 - [TEST_STEP][PASSED] - SearchArray[3] = "S9699702G": null

2020-05-12 23:55:31 - [TEST_STEP][PASSED] - SearchArray[4] = "6661": null

2020-05-12 23:55:31 - [TEST_STEP][PASSED] - SearchArray[5] = "6398": null

2020-05-12 23:55:31 - [TEST_STEP][PASSED] - SearchArray[6] = "9075": null

2020-05-12 23:55:31 - [TEST_STEP][PASSED] - SearchArray[7] = "1234": null

2020-05-12 23:55:31 - [TEST_STEP][PASSED] - SearchArray[8] = "8096": null

2020-05-12 23:55:31 - [TEST_STEP][PASSED] - SearchArray[9] = "9249": null

2020-05-12 23:55:31 - [TEST_STEP][FAILED] - for ([NoOfVal = 0, NoOfVal <= NoOfOpt, (NoOfVal++)]): Unable to verify match between actual text '' and expected text 'null' using regular expression (Root cause: java.lang.NullPointerException
	at com.kms.katalon.core.helper.KeywordHelper.match(KeywordHelper.java:22)
	at com.kms.katalon.core.keyword.builtin.VerifyMatchKeyword$_verifyMatch_closure1.doCall(VerifyMatchKeyword.groovy:53)
	at com.kms.katalon.core.keyword.builtin.VerifyMatchKeyword$_verifyMatch_closure1.call(VerifyMatchKeyword.groovy)
	at com.kms.katalon.core.keyword.internal.KeywordMain.runKeyword(KeywordMain.groovy:68)
	at com.kms.katalon.core.keyword.builtin.VerifyMatchKeyword.verifyMatch(VerifyMatchKeyword.groovy:60)
	at com.kms.katalon.core.keyword.builtin.VerifyMatchKeyword.execute(VerifyMatchKeyword.groovy:45)
	at com.kms.katalon.core.keyword.internal.KeywordExecutor.executeKeywordForPlatform(KeywordExecutor.groovy:72)
	at com.kms.katalon.core.keyword.BuiltinKeywords.verifyMatch(BuiltinKeywords.groovy:73)
	at DropdownValidation.run(DropdownValidation:66)
	at com.kms.katalon.core.main.ScriptEngine.run(ScriptEngine.java:194)
	at com.kms.katalon.core.main.ScriptEngine.runScriptAsRawText(ScriptEngine.java:119)
	at com.kms.katalon.core.main.TestCaseExecutor.runScript(TestCaseExecutor.java:337)
	at com.kms.katalon.core.main.TestCaseExecutor.doExecute(TestCaseExecutor.java:328)
	at com.kms.katalon.core.main.TestCaseExecutor.processExecutionPhase(TestCaseExecutor.java:307)
	at com.kms.katalon.core.main.TestCaseExecutor.accessMainPhase(TestCaseExecutor.java:299)
	at com.kms.katalon.core.main.TestCaseExecutor.execute(TestCaseExecutor.java:233)
	at com.kms.katalon.core.main.TestCaseMain.runTestCase(TestCaseMain.java:114)
	at com.kms.katalon.core.keyword.builtin.CallTestCaseKeyword$_callTestCase_closure1.doCall(CallTestCaseKeyword.groovy:59)
	at com.kms.katalon.core.keyword.builtin.CallTestCaseKeyword$_callTestCase_closure1.call(CallTestCaseKeyword.groovy)
	at com.kms.katalon.core.keyword.internal.KeywordMain.runKeyword(KeywordMain.groovy:68)
	at com.kms.katalon.core.keyword.builtin.CallTestCaseKeyword.callTestCase(CallTestCaseKeyword.groovy:81)
	at com.kms.katalon.core.keyword.builtin.CallTestCaseKeyword.execute(CallTestCaseKeyword.groovy:44)
	at com.kms.katalon.core.keyword.internal.KeywordExecutor.executeKeywordForPlatform(KeywordExecutor.groovy:72)
	at com.kms.katalon.core.keyword.BuiltinKeywords.callTestCase(BuiltinKeywords.groovy:334)
	at PFI.ReferToExternalAgencyLHS.run(PFI.ReferToExternalAgencyLHS:57)
	at com.kms.katalon.core.main.ScriptEngine.run(ScriptEngine.java:194)
	at com.kms.katalon.core.main.ScriptEngine.runScriptAsRawText(ScriptEngine.java:119)
	at com.kms.katalon.core.main.TestCaseExecutor.runScript(TestCaseExecutor.java:337)
	at com.kms.katalon.core.main.TestCaseExecutor.doExecute(TestCaseExecutor.java:328)
	at com.kms.katalon.core.main.TestCaseExecutor.processExecutionPhase(TestCaseExecutor.java:307)
	at com.kms.katalon.core.main.TestCaseExecutor.accessMainPhase(TestCaseExecutor.java:299)
	at com.kms.katalon.core.main.TestCaseExecutor.execute(TestCaseExecutor.java:233)
	at com.kms.katalon.core.main.TestSuiteExecutor.accessTestCaseMainPhase(TestSuiteExecutor.java:169)
	at com.kms.katalon.core.main.TestSuiteExecutor.accessTestSuiteMainPhase(TestSuiteExecutor.java:142)
	at com.kms.katalon.core.main.TestSuiteExecutor.execute(TestSuiteExecutor.java:91)
	at com.kms.katalon.core.main.TestCaseMain.startTestSuite(TestCaseMain.java:157)
	at com.kms.katalon.core.main.TestCaseMain$startTestSuite$0.call(Unknown Source)
	at TempTestSuite1589297932133.run(TempTestSuite1589297932133.groovy:36)
)

2020-05-12 23:55:31 - [TEST_STEP][PASSED] - sendKeys(NewInputNmField, Keys.chord(ARROW_DOWN)): Keys 'DOWN + ' sent to object: 'Object Repository/Objects.NameValidation/input_FieldName'

2020-05-12 23:55:32 - [MESSAGE][PASSED] - Keys 'DOWN + ' sent to object: 'Object Repository/Objects.NameValidation/input_FieldName'

2020-05-12 23:55:32 - [TEST_STEP][PASSED] - sendKeys(NewInputNmField, Keys.chord(ENTER)): Keys 'ENTER + ' sent to object: 'Object Repository/Objects.NameValidation/input_FieldName'

2020-05-12 23:55:32 - [MESSAGE][PASSED] - Keys 'ENTER + ' sent to object: 'Object Repository/Objects.NameValidation/input_FieldName'

2020-05-12 23:55:32 - [TEST_STEP][PASSED] - SearchNo = getAttribute(NewInputNmField, "value"): Attribute 'value' of object 'Object Repository/Objects.NameValidation/input_FieldName' is: ''

2020-05-12 23:55:33 - [MESSAGE][PASSED] - Attribute 'value' of object 'Object Repository/Objects.NameValidation/input_FieldName' is: ''

2020-05-12 23:55:33 - [TEST_STEP][PASSED] - FoundValue = SearchArray.find({ -> ... }): null

2020-05-12 23:55:33 - [TEST_STEP][FAILED] - verifyMatch(SearchNo, FoundValue, true): Unable to verify match between actual text '' and expected text 'null' using regular expression (Root cause: java.lang.NullPointerException
	at com.kms.katalon.core.helper.KeywordHelper.match(KeywordHelper.java:22)
	at com.kms.katalon.core.keyword.builtin.VerifyMatchKeyword$_verifyMatch_closure1.doCall(VerifyMatchKeyword.groovy:53)
	at com.kms.katalon.core.keyword.builtin.VerifyMatchKeyword$_verifyMatch_closure1.call(VerifyMatchKeyword.groovy)
	at com.kms.katalon.core.keyword.internal.KeywordMain.runKeyword(KeywordMain.groovy:68)
	at com.kms.katalon.core.keyword.builtin.VerifyMatchKeyword.verifyMatch(VerifyMatchKeyword.groovy:60)
	at com.kms.katalon.core.keyword.builtin.VerifyMatchKeyword.execute(VerifyMatchKeyword.groovy:45)
	at com.kms.katalon.core.keyword.internal.KeywordExecutor.executeKeywordForPlatform(KeywordExecutor.groovy:72)
	at com.kms.katalon.core.keyword.BuiltinKeywords.verifyMatch(BuiltinKeywords.groovy:73)
	at DropdownValidation.run(DropdownValidation:66)
	at com.kms.katalon.core.main.ScriptEngine.run(ScriptEngine.java:194)
	at com.kms.katalon.core.main.ScriptEngine.runScriptAsRawText(ScriptEngine.java:119)
	at com.kms.katalon.core.main.TestCaseExecutor.runScript(TestCaseExecutor.java:337)
	at com.kms.katalon.core.main.TestCaseExecutor.doExecute(TestCaseExecutor.java:328)
	at com.kms.katalon.core.main.TestCaseExecutor.processExecutionPhase(TestCaseExecutor.java:307)
	at com.kms.katalon.core.main.TestCaseExecutor.accessMainPhase(TestCaseExecutor.java:299)
	at com.kms.katalon.core.main.TestCaseExecutor.execute(TestCaseExecutor.java:233)
	at com.kms.katalon.core.main.TestCaseMain.runTestCase(TestCaseMain.java:114)
	at com.kms.katalon.core.keyword.builtin.CallTestCaseKeyword$_callTestCase_closure1.doCall(CallTestCaseKeyword.groovy:59)
	at com.kms.katalon.core.keyword.builtin.CallTestCaseKeyword$_callTestCase_closure1.call(CallTestCaseKeyword.groovy)
	at com.kms.katalon.core.keyword.internal.KeywordMain.runKeyword(KeywordMain.groovy:68)
	at com.kms.katalon.core.keyword.builtin.CallTestCaseKeyword.callTestCase(CallTestCaseKeyword.groovy:81)
	at com.kms.katalon.core.keyword.builtin.CallTestCaseKeyword.execute(CallTestCaseKeyword.groovy:44)
	at com.kms.katalon.core.keyword.internal.KeywordExecutor.executeKeywordForPlatform(KeywordExecutor.groovy:72)
	at com.kms.katalon.core.keyword.BuiltinKeywords.callTestCase(BuiltinKeywords.groovy:334)
	at PFI.ReferToExternalAgencyLHS.run(PFI.ReferToExternalAgencyLHS:57)
	at com.kms.katalon.core.main.ScriptEngine.run(ScriptEngine.java:194)
	at com.kms.katalon.core.main.ScriptEngine.runScriptAsRawText(ScriptEngine.java:119)
	at com.kms.katalon.core.main.TestCaseExecutor.runScript(TestCaseExecutor.java:337)
	at com.kms.katalon.core.main.TestCaseExecutor.doExecute(TestCaseExecutor.java:328)
	at com.kms.katalon.core.main.TestCaseExecutor.processExecutionPhase(TestCaseExecutor.java:307)
	at com.kms.katalon.core.main.TestCaseExecutor.accessMainPhase(TestCaseExecutor.java:299)
	at com.kms.katalon.core.main.TestCaseExecutor.execute(TestCaseExecutor.java:233)
	at com.kms.katalon.core.main.TestSuiteExecutor.accessTestCaseMainPhase(TestSuiteExecutor.java:169)
	at com.kms.katalon.core.main.TestSuiteExecutor.accessTestSuiteMainPhase(TestSuiteExecutor.java:142)
	at com.kms.katalon.core.main.TestSuiteExecutor.execute(TestSuiteExecutor.java:91)
	at com.kms.katalon.core.main.TestCaseMain.startTestSuite(TestCaseMain.java:157)
	at com.kms.katalon.core.main.TestCaseMain$startTestSuite$0.call(Unknown Source)
	at TempTestSuite1589297932133.run(TempTestSuite1589297932133.groovy:36)
)

2020-05-12 23:55:33 - [MESSAGE][FAILED] - Unable to verify match between actual text '' and expected text 'null' using regular expression (Root cause: java.lang.NullPointerException
	at com.kms.katalon.core.helper.KeywordHelper.match(KeywordHelper.java:22)
	at com.kms.katalon.core.keyword.builtin.VerifyMatchKeyword$_verifyMatch_closure1.doCall(VerifyMatchKeyword.groovy:53)
	at com.kms.katalon.core.keyword.builtin.VerifyMatchKeyword$_verifyMatch_closure1.call(VerifyMatchKeyword.groovy)
	at com.kms.katalon.core.keyword.internal.KeywordMain.runKeyword(KeywordMain.groovy:68)
	at com.kms.katalon.core.keyword.builtin.VerifyMatchKeyword.verifyMatch(VerifyMatchKeyword.groovy:60)
	at com.kms.katalon.core.keyword.builtin.VerifyMatchKeyword.execute(VerifyMatchKeyword.groovy:45)
	at com.kms.katalon.core.keyword.internal.KeywordExecutor.executeKeywordForPlatform(KeywordExecutor.groovy:72)
	at com.kms.katalon.core.keyword.BuiltinKeywords.verifyMatch(BuiltinKeywords.groovy:73)
	at DropdownValidation.run(DropdownValidation:66)
	at com.kms.katalon.core.main.ScriptEngine.run(ScriptEngine.java:194)
	at com.kms.katalon.core.main.ScriptEngine.runScriptAsRawText(ScriptEngine.java:119)
	at com.kms.katalon.core.main.TestCaseExecutor.runScript(TestCaseExecutor.java:337)
	at com.kms.katalon.core.main.TestCaseExecutor.doExecute(TestCaseExecutor.java:328)
	at com.kms.katalon.core.main.TestCaseExecutor.processExecutionPhase(TestCaseExecutor.java:307)
	at com.kms.katalon.core.main.TestCaseExecutor.accessMainPhase(TestCaseExecutor.java:299)
	at com.kms.katalon.core.main.TestCaseExecutor.execute(TestCaseExecutor.java:233)
	at com.kms.katalon.core.main.TestCaseMain.runTestCase(TestCaseMain.java:114)
	at com.kms.katalon.core.keyword.builtin.CallTestCaseKeyword$_callTestCase_closure1.doCall(CallTestCaseKeyword.groovy:59)
	at com.kms.katalon.core.keyword.builtin.CallTestCaseKeyword$_callTestCase_closure1.call(CallTestCaseKeyword.groovy)
	at com.kms.katalon.core.keyword.internal.KeywordMain.runKeyword(KeywordMain.groovy:68)
	at com.kms.katalon.core.keyword.builtin.CallTestCaseKeyword.callTestCase(CallTestCaseKeyword.groovy:81)
	at com.kms.katalon.core.keyword.builtin.CallTestCaseKeyword.execute(CallTestCaseKeyword.groovy:44)
	at com.kms.katalon.core.keyword.internal.KeywordExecutor.executeKeywordForPlatform(KeywordExecutor.groovy:72)
	at com.kms.katalon.core.keyword.BuiltinKeywords.callTestCase(BuiltinKeywords.groovy:334)
	at PFI.ReferToExternalAgencyLHS.run(PFI.ReferToExternalAgencyLHS:57)
	at com.kms.katalon.core.main.ScriptEngine.run(ScriptEngine.java:194)
	at com.kms.katalon.core.main.ScriptEngine.runScriptAsRawText(ScriptEngine.java:119)
	at com.kms.katalon.core.main.TestCaseExecutor.runScript(TestCaseExecutor.java:337)
	at com.kms.katalon.core.main.TestCaseExecutor.doExecute(TestCaseExecutor.java:328)
	at com.kms.katalon.core.main.TestCaseExecutor.processExecutionPhase(TestCaseExecutor.java:307)
	at com.kms.katalon.core.main.TestCaseExecutor.accessMainPhase(TestCaseExecutor.java:299)
	at com.kms.katalon.core.main.TestCaseExecutor.execute(TestCaseExecutor.java:233)
	at com.kms.katalon.core.main.TestSuiteExecutor.accessTestCaseMainPhase(TestSuiteExecutor.java:169)
	at com.kms.katalon.core.main.TestSuiteExecutor.accessTestSuiteMainPhase(TestSuiteExecutor.java:142)
	at com.kms.katalon.core.main.TestSuiteExecutor.execute(TestSuiteExecutor.java:91)
	at com.kms.katalon.core.main.TestCaseMain.startTestSuite(TestCaseMain.java:157)
	at com.kms.katalon.core.main.TestCaseMain$startTestSuite$0.call(Unknown Source)
	at TempTestSuite1589297932133.run(TempTestSuite1589297932133.groovy:36)
)

2020-05-12 23:55:33 - [MESSAGE][FAILED] - Unable to call Test Case 'Test Cases/PFI Precision and Scale/PFI Components/DropdownValidation' (Root cause: com.kms.katalon.core.exception.StepFailedException: Call Test Case 'Test Cases/PFI Precision and Scale/PFI Components/DropdownValidation' failed
	at com.kms.katalon.core.keyword.builtin.CallTestCaseKeyword$_callTestCase_closure1.doCall(CallTestCaseKeyword.groovy:63)
	at com.kms.katalon.core.keyword.builtin.CallTestCaseKeyword$_callTestCase_closure1.call(CallTestCaseKeyword.groovy)
	at com.kms.katalon.core.keyword.internal.KeywordMain.runKeyword(KeywordMain.groovy:68)
	at com.kms.katalon.core.keyword.builtin.CallTestCaseKeyword.callTestCase(CallTestCaseKeyword.groovy:81)
	at com.kms.katalon.core.keyword.builtin.CallTestCaseKeyword.execute(CallTestCaseKeyword.groovy:44)
	at com.kms.katalon.core.keyword.internal.KeywordExecutor.executeKeywordForPlatform(KeywordExecutor.groovy:72)
	at com.kms.katalon.core.keyword.BuiltinKeywords.callTestCase(BuiltinKeywords.groovy:334)
	at PFI.ReferToExternalAgencyLHS.run(PFI.ReferToExternalAgencyLHS:57)
	at com.kms.katalon.core.main.ScriptEngine.run(ScriptEngine.java:194)
	at com.kms.katalon.core.main.ScriptEngine.runScriptAsRawText(ScriptEngine.java:119)
	at com.kms.katalon.core.main.TestCaseExecutor.runScript(TestCaseExecutor.java:337)
	at com.kms.katalon.core.main.TestCaseExecutor.doExecute(TestCaseExecutor.java:328)
	at com.kms.katalon.core.main.TestCaseExecutor.processExecutionPhase(TestCaseExecutor.java:307)
	at com.kms.katalon.core.main.TestCaseExecutor.accessMainPhase(TestCaseExecutor.java:299)
	at com.kms.katalon.core.main.TestCaseExecutor.execute(TestCaseExecutor.java:233)
	at com.kms.katalon.core.main.TestSuiteExecutor.accessTestCaseMainPhase(TestSuiteExecutor.java:169)
	at com.kms.katalon.core.main.TestSuiteExecutor.accessTestSuiteMainPhase(TestSuiteExecutor.java:142)
	at com.kms.katalon.core.main.TestSuiteExecutor.execute(TestSuiteExecutor.java:91)
	at com.kms.katalon.core.main.TestCaseMain.startTestSuite(TestCaseMain.java:157)
	at com.kms.katalon.core.main.TestCaseMain$startTestSuite$0.call(Unknown Source)
	at TempTestSuite1589297932133.run(TempTestSuite1589297932133.groovy:36)
Caused by: com.kms.katalon.core.exception.StepFailedException: Unable to verify match between actual text '' and expected text 'null' using regular expression (Root cause: java.lang.NullPointerException
	at com.kms.katalon.core.helper.KeywordHelper.match(KeywordHelper.java:22)
	at com.kms.katalon.core.keyword.builtin.VerifyMatchKeyword$_verifyMatch_closure1.doCall(VerifyMatchKeyword.groovy:53)
	at com.kms.katalon.core.keyword.builtin.VerifyMatchKeyword$_verifyMatch_closure1.call(VerifyMatchKeyword.groovy)
	at com.kms.katalon.core.keyword.internal.KeywordMain.runKeyword(KeywordMain.groovy:68)
	at com.kms.katalon.core.keyword.builtin.VerifyMatchKeyword.verifyMatch(VerifyMatchKeyword.groovy:60)
	at com.kms.katalon.core.keyword.builtin.VerifyMatchKeyword.execute(VerifyMatchKeyword.groovy:45)
	at com.kms.katalon.core.keyword.internal.KeywordExecutor.executeKeywordForPlatform(KeywordExecutor.groovy:72)
	at com.kms.katalon.core.keyword.BuiltinKeywords.verifyMatch(BuiltinKeywords.groovy:73)
	at DropdownValidation.run(DropdownValidation:66)
	at com.kms.katalon.core.main.ScriptEngine.run(ScriptEngine.java:194)
	at com.kms.katalon.core.main.ScriptEngine.runScriptAsRawText(ScriptEngine.java:119)
	at com.kms.katalon.core.main.TestCaseExecutor.runScript(TestCaseExecutor.java:337)
	at com.kms.katalon.core.main.TestCaseExecutor.doExecute(TestCaseExecutor.java:328)
	at com.kms.katalon.core.main.TestCaseExecutor.processExecutionPhase(TestCaseExecutor.java:307)
	at com.kms.katalon.core.main.TestCaseExecutor.accessMainPhase(TestCaseExecutor.java:299)
	at com.kms.katalon.core.main.TestCaseExecutor.execute(TestCaseExecutor.java:233)
	at com.kms.katalon.core.main.TestCaseMain.runTestCase(TestCaseMain.java:114)
	at com.kms.katalon.core.keyword.builtin.CallTestCaseKeyword$_callTestCase_closure1.doCall(CallTestCaseKeyword.groovy:59)
	at com.kms.katalon.core.keyword.builtin.CallTestCaseKeyword$_callTestCase_closure1.call(CallTestCaseKeyword.groovy)
	at com.kms.katalon.core.keyword.internal.KeywordMain.runKeyword(KeywordMain.groovy:68)
	at com.kms.katalon.core.keyword.builtin.CallTestCaseKeyword.callTestCase(CallTestCaseKeyword.groovy:81)
	at com.kms.katalon.core.keyword.builtin.CallTestCaseKeyword.execute(CallTestCaseKeyword.groovy:44)
	at com.kms.katalon.core.keyword.internal.KeywordExecutor.executeKeywordForPlatform(KeywordExecutor.groovy:72)
	at com.kms.katalon.core.keyword.BuiltinKeywords.callTestCase(BuiltinKeywords.groovy:334)
	at PFI.ReferToExternalAgencyLHS.run(PFI.ReferToExternalAgencyLHS:57)
	at com.kms.katalon.core.main.ScriptEngine.run(ScriptEngine.java:194)
	at com.kms.katalon.core.main.ScriptEngine.runScriptAsRawText(ScriptEngine.java:119)
	at com.kms.katalon.core.main.TestCaseExecutor.runScript(TestCaseExecutor.java:337)
	at com.kms.katalon.core.main.TestCaseExecutor.doExecute(TestCaseExecutor.java:328)
	at com.kms.katalon.core.main.TestCaseExecutor.processExecutionPhase(TestCaseExecutor.java:307)
	at com.kms.katalon.core.main.TestCaseExecutor.accessMainPhase(TestCaseExecutor.java:299)
	at com.kms.katalon.core.main.TestCaseExecutor.execute(TestCaseExecutor.java:233)
	at com.kms.katalon.core.main.TestSuiteExecutor.accessTestCaseMainPhase(TestSuiteExecutor.java:169)
	at com.kms.katalon.core.main.TestSuiteExecutor.accessTestSuiteMainPhase(TestSuiteExecutor.java:142)
	at com.kms.katalon.core.main.TestSuiteExecutor.execute(TestSuiteExecutor.java:91)
	at com.kms.katalon.core.main.TestCaseMain.startTestSuite(TestCaseMain.java:157)
	at com.kms.katalon.core.main.TestCaseMain$startTestSuite$0.call(Unknown Source)
	at TempTestSuite1589297932133.run(TempTestSuite1589297932133.groovy:36)
)
	at com.kms.katalon.core.keyword.internal.KeywordMain.stepFailed(KeywordMain.groovy:50)
	at com.kms.katalon.core.keyword.internal.KeywordMain.stepFailed(KeywordMain.groovy)
	at com.kms.katalon.core.keyword.internal.KeywordMain.runKeyword(KeywordMain.groovy:70)
	at com.kms.katalon.core.keyword.builtin.VerifyMatchKeyword.verifyMatch(VerifyMatchKeyword.groovy:60)
	at com.kms.katalon.core.keyword.builtin.VerifyMatchKeyword.execute(VerifyMatchKeyword.groovy:45)
	at com.kms.katalon.core.keyword.internal.KeywordExecutor.executeKeywordForPlatform(KeywordExecutor.groovy:72)
	at com.kms.katalon.core.keyword.BuiltinKeywords.verifyMatch(BuiltinKeywords.groovy:73)
	at DropdownValidation.run(DropdownValidation:66)
	at com.kms.katalon.core.main.ScriptEngine.run(ScriptEngine.java:194)
	at com.kms.katalon.core.main.ScriptEngine.runScriptAsRawText(ScriptEngine.java:119)
	at com.kms.katalon.core.main.TestCaseExecutor.runScript(TestCaseExecutor.java:337)
	at com.kms.katalon.core.main.TestCaseExecutor.doExecute(TestCaseExecutor.java:328)
	at com.kms.katalon.core.main.TestCaseExecutor.processExecutionPhase(TestCaseExecutor.java:307)
	at com.kms.katalon.core.main.TestCaseExecutor.accessMainPhase(TestCaseExecutor.java:299)
	at com.kms.katalon.core.main.TestCaseExecutor.execute(TestCaseExecutor.java:233)
	at com.kms.katalon.core.main.TestCaseMain.runTestCase(TestCaseMain.java:114)
	at com.kms.katalon.core.keyword.builtin.CallTestCaseKeyword$_callTestCase_closure1.doCall(CallTestCaseKeyword.groovy:59)
	... 20 more
Caused by: java.lang.NullPointerException
	at com.kms.katalon.core.helper.KeywordHelper.match(KeywordHelper.java:22)
	at com.kms.katalon.core.keyword.builtin.VerifyMatchKeyword$_verifyMatch_closure1.doCall(VerifyMatchKeyword.groovy:53)
	at com.kms.katalon.core.keyword.builtin.VerifyMatchKeyword$_verifyMatch_closure1.call(VerifyMatchKeyword.groovy)
	at com.kms.katalon.core.keyword.internal.KeywordMain.runKeyword(KeywordMain.groovy:68)
	... 34 more
)]]></system-out>
         <system-err><![CDATA[2020-05-12 23:54:40 - [TEST_CASE][FAILED] - Test Cases/PFI Precision and Scale/PFI Test Cases/PFI.ReferToExternalAgencyLHS: Test Cases/PFI Precision and Scale/PFI Test Cases/PFI.ReferToExternalAgencyLHS FAILED.
Reason:
com.kms.katalon.core.exception.StepFailedException: Call Test Case 'Test Cases/PFI Precision and Scale/PFI Components/DropdownValidation' failed
	at com.kms.katalon.core.keyword.builtin.CallTestCaseKeyword$_callTestCase_closure1.doCall(CallTestCaseKeyword.groovy:63)
	at com.kms.katalon.core.keyword.builtin.CallTestCaseKeyword$_callTestCase_closure1.call(CallTestCaseKeyword.groovy)
	at com.kms.katalon.core.keyword.internal.KeywordMain.runKeyword(KeywordMain.groovy:68)
	at com.kms.katalon.core.keyword.builtin.CallTestCaseKeyword.callTestCase(CallTestCaseKeyword.groovy:81)
	at com.kms.katalon.core.keyword.builtin.CallTestCaseKeyword.execute(CallTestCaseKeyword.groovy:44)
	at com.kms.katalon.core.keyword.internal.KeywordExecutor.executeKeywordForPlatform(KeywordExecutor.groovy:72)
	at com.kms.katalon.core.keyword.BuiltinKeywords.callTestCase(BuiltinKeywords.groovy:334)
	at PFI.ReferToExternalAgencyLHS.run(PFI.ReferToExternalAgencyLHS:57)
	at com.kms.katalon.core.main.ScriptEngine.run(ScriptEngine.java:194)
	at com.kms.katalon.core.main.ScriptEngine.runScriptAsRawText(ScriptEngine.java:119)
	at com.kms.katalon.core.main.TestCaseExecutor.runScript(TestCaseExecutor.java:337)
	at com.kms.katalon.core.main.TestCaseExecutor.doExecute(TestCaseExecutor.java:328)
	at com.kms.katalon.core.main.TestCaseExecutor.processExecutionPhase(TestCaseExecutor.java:307)
	at com.kms.katalon.core.main.TestCaseExecutor.accessMainPhase(TestCaseExecutor.java:299)
	at com.kms.katalon.core.main.TestCaseExecutor.execute(TestCaseExecutor.java:233)
	at com.kms.katalon.core.main.TestSuiteExecutor.accessTestCaseMainPhase(TestSuiteExecutor.java:169)
	at com.kms.katalon.core.main.TestSuiteExecutor.accessTestSuiteMainPhase(TestSuiteExecutor.java:142)
	at com.kms.katalon.core.main.TestSuiteExecutor.execute(TestSuiteExecutor.java:91)
	at com.kms.katalon.core.main.TestCaseMain.startTestSuite(TestCaseMain.java:157)
	at com.kms.katalon.core.main.TestCaseMain$startTestSuite$0.call(Unknown Source)
	at TempTestSuite1589297932133.run(TempTestSuite1589297932133.groovy:36)
Caused by: com.kms.katalon.core.exception.StepFailedException: Unable to verify match between actual text '' and expected text 'null' using regular expression (Root cause: java.lang.NullPointerException
	at com.kms.katalon.core.helper.KeywordHelper.match(KeywordHelper.java:22)
	at com.kms.katalon.core.keyword.builtin.VerifyMatchKeyword$_verifyMatch_closure1.doCall(VerifyMatchKeyword.groovy:53)
	at com.kms.katalon.core.keyword.builtin.VerifyMatchKeyword$_verifyMatch_closure1.call(VerifyMatchKeyword.groovy)
	at com.kms.katalon.core.keyword.internal.KeywordMain.runKeyword(KeywordMain.groovy:68)
	at com.kms.katalon.core.keyword.builtin.VerifyMatchKeyword.verifyMatch(VerifyMatchKeyword.groovy:60)
	at com.kms.katalon.core.keyword.builtin.VerifyMatchKeyword.execute(VerifyMatchKeyword.groovy:45)
	at com.kms.katalon.core.keyword.internal.KeywordExecutor.executeKeywordForPlatform(KeywordExecutor.groovy:72)
	at com.kms.katalon.core.keyword.BuiltinKeywords.verifyMatch(BuiltinKeywords.groovy:73)
	at DropdownValidation.run(DropdownValidation:66)
	at com.kms.katalon.core.main.ScriptEngine.run(ScriptEngine.java:194)
	at com.kms.katalon.core.main.ScriptEngine.runScriptAsRawText(ScriptEngine.java:119)
	at com.kms.katalon.core.main.TestCaseExecutor.runScript(TestCaseExecutor.java:337)
	at com.kms.katalon.core.main.TestCaseExecutor.doExecute(TestCaseExecutor.java:328)
	at com.kms.katalon.core.main.TestCaseExecutor.processExecutionPhase(TestCaseExecutor.java:307)
	at com.kms.katalon.core.main.TestCaseExecutor.accessMainPhase(TestCaseExecutor.java:299)
	at com.kms.katalon.core.main.TestCaseExecutor.execute(TestCaseExecutor.java:233)
	at com.kms.katalon.core.main.TestCaseMain.runTestCase(TestCaseMain.java:114)
	at com.kms.katalon.core.keyword.builtin.CallTestCaseKeyword$_callTestCase_closure1.doCall(CallTestCaseKeyword.groovy:59)
	at com.kms.katalon.core.keyword.builtin.CallTestCaseKeyword$_callTestCase_closure1.call(CallTestCaseKeyword.groovy)
	at com.kms.katalon.core.keyword.internal.KeywordMain.runKeyword(KeywordMain.groovy:68)
	at com.kms.katalon.core.keyword.builtin.CallTestCaseKeyword.callTestCase(CallTestCaseKeyword.groovy:81)
	at com.kms.katalon.core.keyword.builtin.CallTestCaseKeyword.execute(CallTestCaseKeyword.groovy:44)
	at com.kms.katalon.core.keyword.internal.KeywordExecutor.executeKeywordForPlatform(KeywordExecutor.groovy:72)
	at com.kms.katalon.core.keyword.BuiltinKeywords.callTestCase(BuiltinKeywords.groovy:334)
	at PFI.ReferToExternalAgencyLHS.run(PFI.ReferToExternalAgencyLHS:57)
	at com.kms.katalon.core.main.ScriptEngine.run(ScriptEngine.java:194)
	at com.kms.katalon.core.main.ScriptEngine.runScriptAsRawText(ScriptEngine.java:119)
	at com.kms.katalon.core.main.TestCaseExecutor.runScript(TestCaseExecutor.java:337)
	at com.kms.katalon.core.main.TestCaseExecutor.doExecute(TestCaseExecutor.java:328)
	at com.kms.katalon.core.main.TestCaseExecutor.processExecutionPhase(TestCaseExecutor.java:307)
	at com.kms.katalon.core.main.TestCaseExecutor.accessMainPhase(TestCaseExecutor.java:299)
	at com.kms.katalon.core.main.TestCaseExecutor.execute(TestCaseExecutor.java:233)
	at com.kms.katalon.core.main.TestSuiteExecutor.accessTestCaseMainPhase(TestSuiteExecutor.java:169)
	at com.kms.katalon.core.main.TestSuiteExecutor.accessTestSuiteMainPhase(TestSuiteExecutor.java:142)
	at com.kms.katalon.core.main.TestSuiteExecutor.execute(TestSuiteExecutor.java:91)
	at com.kms.katalon.core.main.TestCaseMain.startTestSuite(TestCaseMain.java:157)
	at com.kms.katalon.core.main.TestCaseMain$startTestSuite$0.call(Unknown Source)
	at TempTestSuite1589297932133.run(TempTestSuite1589297932133.groovy:36)
)
	at com.kms.katalon.core.keyword.internal.KeywordMain.stepFailed(KeywordMain.groovy:50)
	at com.kms.katalon.core.keyword.internal.KeywordMain.stepFailed(KeywordMain.groovy)
	at com.kms.katalon.core.keyword.internal.KeywordMain.runKeyword(KeywordMain.groovy:70)
	at com.kms.katalon.core.keyword.builtin.VerifyMatchKeyword.verifyMatch(VerifyMatchKeyword.groovy:60)
	at com.kms.katalon.core.keyword.builtin.VerifyMatchKeyword.execute(VerifyMatchKeyword.groovy:45)
	at com.kms.katalon.core.keyword.internal.KeywordExecutor.executeKeywordForPlatform(KeywordExecutor.groovy:72)
	at com.kms.katalon.core.keyword.BuiltinKeywords.verifyMatch(BuiltinKeywords.groovy:73)
	at DropdownValidation.run(DropdownValidation:66)
	at com.kms.katalon.core.main.ScriptEngine.run(ScriptEngine.java:194)
	at com.kms.katalon.core.main.ScriptEngine.runScriptAsRawText(ScriptEngine.java:119)
	at com.kms.katalon.core.main.TestCaseExecutor.runScript(TestCaseExecutor.java:337)
	at com.kms.katalon.core.main.TestCaseExecutor.doExecute(TestCaseExecutor.java:328)
	at com.kms.katalon.core.main.TestCaseExecutor.processExecutionPhase(TestCaseExecutor.java:307)
	at com.kms.katalon.core.main.TestCaseExecutor.accessMainPhase(TestCaseExecutor.java:299)
	at com.kms.katalon.core.main.TestCaseExecutor.execute(TestCaseExecutor.java:233)
	at com.kms.katalon.core.main.TestCaseMain.runTestCase(TestCaseMain.java:114)
	at com.kms.katalon.core.keyword.builtin.CallTestCaseKeyword$_callTestCase_closure1.doCall(CallTestCaseKeyword.groovy:59)
	... 20 more
Caused by: java.lang.NullPointerException
	at com.kms.katalon.core.helper.KeywordHelper.match(KeywordHelper.java:22)
	at com.kms.katalon.core.keyword.builtin.VerifyMatchKeyword$_verifyMatch_closure1.doCall(VerifyMatchKeyword.groovy:53)
	at com.kms.katalon.core.keyword.builtin.VerifyMatchKeyword$_verifyMatch_closure1.call(VerifyMatchKeyword.groovy)
	at com.kms.katalon.core.keyword.internal.KeywordMain.runKeyword(KeywordMain.groovy:68)
	... 34 more]]></system-err>
      </testcase>
      <testcase name="Test Cases/PFI Precision and Scale/PFI Test Cases/PFI.CourtActionsLHS" time="176.355" classname="Test Cases/PFI Precision and Scale/PFI Test Cases/PFI.CourtActionsLHS" status="FAILED">
         <failure type="FAILED" message="Test Cases/PFI Precision and Scale/PFI Test Cases/PFI.CourtActionsLHS FAILED.
Reason:
com.kms.katalon.core.exception.StepFailedException: Call Test Case 'Test Cases/PFI Precision and Scale/PFI Components/DropdownValidation' failed
	at com.kms.katalon.core.keyword.builtin.CallTestCaseKeyword$_callTestCase_closure1.doCall(CallTestCaseKeyword.groovy:63)
	at com.kms.katalon.core.keyword.builtin.CallTestCaseKeyword$_callTestCase_closure1.call(CallTestCaseKeyword.groovy)
	at com.kms.katalon.core.keyword.internal.KeywordMain.runKeyword(KeywordMain.groovy:68)
	at com.kms.katalon.core.keyword.builtin.CallTestCaseKeyword.callTestCase(CallTestCaseKeyword.groovy:81)
	at com.kms.katalon.core.keyword.builtin.CallTestCaseKeyword.execute(CallTestCaseKeyword.groovy:44)
	at com.kms.katalon.core.keyword.internal.KeywordExecutor.executeKeywordForPlatform(KeywordExecutor.groovy:72)
	at com.kms.katalon.core.keyword.BuiltinKeywords.callTestCase(BuiltinKeywords.groovy:334)
	at PFI.CourtActionsLHS.run(PFI.CourtActionsLHS:90)
	at com.kms.katalon.core.main.ScriptEngine.run(ScriptEngine.java:194)
	at com.kms.katalon.core.main.ScriptEngine.runScriptAsRawText(ScriptEngine.java:119)
	at com.kms.katalon.core.main.TestCaseExecutor.runScript(TestCaseExecutor.java:337)
	at com.kms.katalon.core.main.TestCaseExecutor.doExecute(TestCaseExecutor.java:328)
	at com.kms.katalon.core.main.TestCaseExecutor.processExecutionPhase(TestCaseExecutor.java:307)
	at com.kms.katalon.core.main.TestCaseExecutor.accessMainPhase(TestCaseExecutor.java:299)
	at com.kms.katalon.core.main.TestCaseExecutor.execute(TestCaseExecutor.java:233)
	at com.kms.katalon.core.main.TestSuiteExecutor.accessTestCaseMainPhase(TestSuiteExecutor.java:169)
	at com.kms.katalon.core.main.TestSuiteExecutor.accessTestSuiteMainPhase(TestSuiteExecutor.java:142)
	at com.kms.katalon.core.main.TestSuiteExecutor.execute(TestSuiteExecutor.java:91)
	at com.kms.katalon.core.main.TestCaseMain.startTestSuite(TestCaseMain.java:157)
	at com.kms.katalon.core.main.TestCaseMain$startTestSuite$0.call(Unknown Source)
	at TempTestSuite1589297932133.run(TempTestSuite1589297932133.groovy:36)
Caused by: com.kms.katalon.core.exception.StepFailedException: Unable to verify match between actual text '&amp;#8203;Toh Eng Shyan (ENGSHYAN)' and expected text 'null' using regular expression (Root cause: java.lang.NullPointerException
	at com.kms.katalon.core.helper.KeywordHelper.match(KeywordHelper.java:22)
	at com.kms.katalon.core.keyword.builtin.VerifyMatchKeyword$_verifyMatch_closure1.doCall(VerifyMatchKeyword.groovy:53)
	at com.kms.katalon.core.keyword.builtin.VerifyMatchKeyword$_verifyMatch_closure1.call(VerifyMatchKeyword.groovy)
	at com.kms.katalon.core.keyword.internal.KeywordMain.runKeyword(KeywordMain.groovy:68)
	at com.kms.katalon.core.keyword.builtin.VerifyMatchKeyword.verifyMatch(VerifyMatchKeyword.groovy:60)
	at com.kms.katalon.core.keyword.builtin.VerifyMatchKeyword.execute(VerifyMatchKeyword.groovy:45)
	at com.kms.katalon.core.keyword.internal.KeywordExecutor.executeKeywordForPlatform(KeywordExecutor.groovy:72)
	at com.kms.katalon.core.keyword.BuiltinKeywords.verifyMatch(BuiltinKeywords.groovy:73)
	at DropdownValidation.run(DropdownValidation:66)
	at com.kms.katalon.core.main.ScriptEngine.run(ScriptEngine.java:194)
	at com.kms.katalon.core.main.ScriptEngine.runScriptAsRawText(ScriptEngine.java:119)
	at com.kms.katalon.core.main.TestCaseExecutor.runScript(TestCaseExecutor.java:337)
	at com.kms.katalon.core.main.TestCaseExecutor.doExecute(TestCaseExecutor.java:328)
	at com.kms.katalon.core.main.TestCaseExecutor.processExecutionPhase(TestCaseExecutor.java:307)
	at com.kms.katalon.core.main.TestCaseExecutor.accessMainPhase(TestCaseExecutor.java:299)
	at com.kms.katalon.core.main.TestCaseExecutor.execute(TestCaseExecutor.java:233)
	at com.kms.katalon.core.main.TestCaseMain.runTestCase(TestCaseMain.java:114)
	at com.kms.katalon.core.keyword.builtin.CallTestCaseKeyword$_callTestCase_closure1.doCall(CallTestCaseKeyword.groovy:59)
	at com.kms.katalon.core.keyword.builtin.CallTestCaseKeyword$_callTestCase_closure1.call(CallTestCaseKeyword.groovy)
	at com.kms.katalon.core.keyword.internal.KeywordMain.runKeyword(KeywordMain.groovy:68)
	at com.kms.katalon.core.keyword.builtin.CallTestCaseKeyword.callTestCase(CallTestCaseKeyword.groovy:81)
	at com.kms.katalon.core.keyword.builtin.CallTestCaseKeyword.execute(CallTestCaseKeyword.groovy:44)
	at com.kms.katalon.core.keyword.internal.KeywordExecutor.executeKeywordForPlatform(KeywordExecutor.groovy:72)
	at com.kms.katalon.core.keyword.BuiltinKeywords.callTestCase(BuiltinKeywords.groovy:334)
	at PFI.CourtActionsLHS.run(PFI.CourtActionsLHS:90)
	at com.kms.katalon.core.main.ScriptEngine.run(ScriptEngine.java:194)
	at com.kms.katalon.core.main.ScriptEngine.runScriptAsRawText(ScriptEngine.java:119)
	at com.kms.katalon.core.main.TestCaseExecutor.runScript(TestCaseExecutor.java:337)
	at com.kms.katalon.core.main.TestCaseExecutor.doExecute(TestCaseExecutor.java:328)
	at com.kms.katalon.core.main.TestCaseExecutor.processExecutionPhase(TestCaseExecutor.java:307)
	at com.kms.katalon.core.main.TestCaseExecutor.accessMainPhase(TestCaseExecutor.java:299)
	at com.kms.katalon.core.main.TestCaseExecutor.execute(TestCaseExecutor.java:233)
	at com.kms.katalon.core.main.TestSuiteExecutor.accessTestCaseMainPhase(TestSuiteExecutor.java:169)
	at com.kms.katalon.core.main.TestSuiteExecutor.accessTestSuiteMainPhase(TestSuiteExecutor.java:142)
	at com.kms.katalon.core.main.TestSuiteExecutor.execute(TestSuiteExecutor.java:91)
	at com.kms.katalon.core.main.TestCaseMain.startTestSuite(TestCaseMain.java:157)
	at com.kms.katalon.core.main.TestCaseMain$startTestSuite$0.call(Unknown Source)
	at TempTestSuite1589297932133.run(TempTestSuite1589297932133.groovy:36)
)
	at com.kms.katalon.core.keyword.internal.KeywordMain.stepFailed(KeywordMain.groovy:50)
	at com.kms.katalon.core.keyword.internal.KeywordMain.stepFailed(KeywordMain.groovy)
	at com.kms.katalon.core.keyword.internal.KeywordMain.runKeyword(KeywordMain.groovy:70)
	at com.kms.katalon.core.keyword.builtin.VerifyMatchKeyword.verifyMatch(VerifyMatchKeyword.groovy:60)
	at com.kms.katalon.core.keyword.builtin.VerifyMatchKeyword.execute(VerifyMatchKeyword.groovy:45)
	at com.kms.katalon.core.keyword.internal.KeywordExecutor.executeKeywordForPlatform(KeywordExecutor.groovy:72)
	at com.kms.katalon.core.keyword.BuiltinKeywords.verifyMatch(BuiltinKeywords.groovy:73)
	at DropdownValidation.run(DropdownValidation:66)
	at com.kms.katalon.core.main.ScriptEngine.run(ScriptEngine.java:194)
	at com.kms.katalon.core.main.ScriptEngine.runScriptAsRawText(ScriptEngine.java:119)
	at com.kms.katalon.core.main.TestCaseExecutor.runScript(TestCaseExecutor.java:337)
	at com.kms.katalon.core.main.TestCaseExecutor.doExecute(TestCaseExecutor.java:328)
	at com.kms.katalon.core.main.TestCaseExecutor.processExecutionPhase(TestCaseExecutor.java:307)
	at com.kms.katalon.core.main.TestCaseExecutor.accessMainPhase(TestCaseExecutor.java:299)
	at com.kms.katalon.core.main.TestCaseExecutor.execute(TestCaseExecutor.java:233)
	at com.kms.katalon.core.main.TestCaseMain.runTestCase(TestCaseMain.java:114)
	at com.kms.katalon.core.keyword.builtin.CallTestCaseKeyword$_callTestCase_closure1.doCall(CallTestCaseKeyword.groovy:59)
	... 20 more
Caused by: java.lang.NullPointerException
	at com.kms.katalon.core.helper.KeywordHelper.match(KeywordHelper.java:22)
	at com.kms.katalon.core.keyword.builtin.VerifyMatchKeyword$_verifyMatch_closure1.doCall(VerifyMatchKeyword.groovy:53)
	at com.kms.katalon.core.keyword.builtin.VerifyMatchKeyword$_verifyMatch_closure1.call(VerifyMatchKeyword.groovy)
	at com.kms.katalon.core.keyword.internal.KeywordMain.runKeyword(KeywordMain.groovy:68)
	... 34 more
"/>
         <system-out><![CDATA[2020-05-12 23:55:33 - [TEST_CASE][FAILED] - Test Cases/PFI Precision and Scale/PFI Test Cases/PFI.CourtActionsLHS: Test Cases/PFI Precision and Scale/PFI Test Cases/PFI.CourtActionsLHS FAILED.
Reason:
com.kms.katalon.core.exception.StepFailedException: Call Test Case 'Test Cases/PFI Precision and Scale/PFI Components/DropdownValidation' failed
	at com.kms.katalon.core.keyword.builtin.CallTestCaseKeyword$_callTestCase_closure1.doCall(CallTestCaseKeyword.groovy:63)
	at com.kms.katalon.core.keyword.builtin.CallTestCaseKeyword$_callTestCase_closure1.call(CallTestCaseKeyword.groovy)
	at com.kms.katalon.core.keyword.internal.KeywordMain.runKeyword(KeywordMain.groovy:68)
	at com.kms.katalon.core.keyword.builtin.CallTestCaseKeyword.callTestCase(CallTestCaseKeyword.groovy:81)
	at com.kms.katalon.core.keyword.builtin.CallTestCaseKeyword.execute(CallTestCaseKeyword.groovy:44)
	at com.kms.katalon.core.keyword.internal.KeywordExecutor.executeKeywordForPlatform(KeywordExecutor.groovy:72)
	at com.kms.katalon.core.keyword.BuiltinKeywords.callTestCase(BuiltinKeywords.groovy:334)
	at PFI.CourtActionsLHS.run(PFI.CourtActionsLHS:90)
	at com.kms.katalon.core.main.ScriptEngine.run(ScriptEngine.java:194)
	at com.kms.katalon.core.main.ScriptEngine.runScriptAsRawText(ScriptEngine.java:119)
	at com.kms.katalon.core.main.TestCaseExecutor.runScript(TestCaseExecutor.java:337)
	at com.kms.katalon.core.main.TestCaseExecutor.doExecute(TestCaseExecutor.java:328)
	at com.kms.katalon.core.main.TestCaseExecutor.processExecutionPhase(TestCaseExecutor.java:307)
	at com.kms.katalon.core.main.TestCaseExecutor.accessMainPhase(TestCaseExecutor.java:299)
	at com.kms.katalon.core.main.TestCaseExecutor.execute(TestCaseExecutor.java:233)
	at com.kms.katalon.core.main.TestSuiteExecutor.accessTestCaseMainPhase(TestSuiteExecutor.java:169)
	at com.kms.katalon.core.main.TestSuiteExecutor.accessTestSuiteMainPhase(TestSuiteExecutor.java:142)
	at com.kms.katalon.core.main.TestSuiteExecutor.execute(TestSuiteExecutor.java:91)
	at com.kms.katalon.core.main.TestCaseMain.startTestSuite(TestCaseMain.java:157)
	at com.kms.katalon.core.main.TestCaseMain$startTestSuite$0.call(Unknown Source)
	at TempTestSuite1589297932133.run(TempTestSuite1589297932133.groovy:36)
Caused by: com.kms.katalon.core.exception.StepFailedException: Unable to verify match between actual text '&#8203;Toh Eng Shyan (ENGSHYAN)' and expected text 'null' using regular expression (Root cause: java.lang.NullPointerException
	at com.kms.katalon.core.helper.KeywordHelper.match(KeywordHelper.java:22)
	at com.kms.katalon.core.keyword.builtin.VerifyMatchKeyword$_verifyMatch_closure1.doCall(VerifyMatchKeyword.groovy:53)
	at com.kms.katalon.core.keyword.builtin.VerifyMatchKeyword$_verifyMatch_closure1.call(VerifyMatchKeyword.groovy)
	at com.kms.katalon.core.keyword.internal.KeywordMain.runKeyword(KeywordMain.groovy:68)
	at com.kms.katalon.core.keyword.builtin.VerifyMatchKeyword.verifyMatch(VerifyMatchKeyword.groovy:60)
	at com.kms.katalon.core.keyword.builtin.VerifyMatchKeyword.execute(VerifyMatchKeyword.groovy:45)
	at com.kms.katalon.core.keyword.internal.KeywordExecutor.executeKeywordForPlatform(KeywordExecutor.groovy:72)
	at com.kms.katalon.core.keyword.BuiltinKeywords.verifyMatch(BuiltinKeywords.groovy:73)
	at DropdownValidation.run(DropdownValidation:66)
	at com.kms.katalon.core.main.ScriptEngine.run(ScriptEngine.java:194)
	at com.kms.katalon.core.main.ScriptEngine.runScriptAsRawText(ScriptEngine.java:119)
	at com.kms.katalon.core.main.TestCaseExecutor.runScript(TestCaseExecutor.java:337)
	at com.kms.katalon.core.main.TestCaseExecutor.doExecute(TestCaseExecutor.java:328)
	at com.kms.katalon.core.main.TestCaseExecutor.processExecutionPhase(TestCaseExecutor.java:307)
	at com.kms.katalon.core.main.TestCaseExecutor.accessMainPhase(TestCaseExecutor.java:299)
	at com.kms.katalon.core.main.TestCaseExecutor.execute(TestCaseExecutor.java:233)
	at com.kms.katalon.core.main.TestCaseMain.runTestCase(TestCaseMain.java:114)
	at com.kms.katalon.core.keyword.builtin.CallTestCaseKeyword$_callTestCase_closure1.doCall(CallTestCaseKeyword.groovy:59)
	at com.kms.katalon.core.keyword.builtin.CallTestCaseKeyword$_callTestCase_closure1.call(CallTestCaseKeyword.groovy)
	at com.kms.katalon.core.keyword.internal.KeywordMain.runKeyword(KeywordMain.groovy:68)
	at com.kms.katalon.core.keyword.builtin.CallTestCaseKeyword.callTestCase(CallTestCaseKeyword.groovy:81)
	at com.kms.katalon.core.keyword.builtin.CallTestCaseKeyword.execute(CallTestCaseKeyword.groovy:44)
	at com.kms.katalon.core.keyword.internal.KeywordExecutor.executeKeywordForPlatform(KeywordExecutor.groovy:72)
	at com.kms.katalon.core.keyword.BuiltinKeywords.callTestCase(BuiltinKeywords.groovy:334)
	at PFI.CourtActionsLHS.run(PFI.CourtActionsLHS:90)
	at com.kms.katalon.core.main.ScriptEngine.run(ScriptEngine.java:194)
	at com.kms.katalon.core.main.ScriptEngine.runScriptAsRawText(ScriptEngine.java:119)
	at com.kms.katalon.core.main.TestCaseExecutor.runScript(TestCaseExecutor.java:337)
	at com.kms.katalon.core.main.TestCaseExecutor.doExecute(TestCaseExecutor.java:328)
	at com.kms.katalon.core.main.TestCaseExecutor.processExecutionPhase(TestCaseExecutor.java:307)
	at com.kms.katalon.core.main.TestCaseExecutor.accessMainPhase(TestCaseExecutor.java:299)
	at com.kms.katalon.core.main.TestCaseExecutor.execute(TestCaseExecutor.java:233)
	at com.kms.katalon.core.main.TestSuiteExecutor.accessTestCaseMainPhase(TestSuiteExecutor.java:169)
	at com.kms.katalon.core.main.TestSuiteExecutor.accessTestSuiteMainPhase(TestSuiteExecutor.java:142)
	at com.kms.katalon.core.main.TestSuiteExecutor.execute(TestSuiteExecutor.java:91)
	at com.kms.katalon.core.main.TestCaseMain.startTestSuite(TestCaseMain.java:157)
	at com.kms.katalon.core.main.TestCaseMain$startTestSuite$0.call(Unknown Source)
	at TempTestSuite1589297932133.run(TempTestSuite1589297932133.groovy:36)
)
	at com.kms.katalon.core.keyword.internal.KeywordMain.stepFailed(KeywordMain.groovy:50)
	at com.kms.katalon.core.keyword.internal.KeywordMain.stepFailed(KeywordMain.groovy)
	at com.kms.katalon.core.keyword.internal.KeywordMain.runKeyword(KeywordMain.groovy:70)
	at com.kms.katalon.core.keyword.builtin.VerifyMatchKeyword.verifyMatch(VerifyMatchKeyword.groovy:60)
	at com.kms.katalon.core.keyword.builtin.VerifyMatchKeyword.execute(VerifyMatchKeyword.groovy:45)
	at com.kms.katalon.core.keyword.internal.KeywordExecutor.executeKeywordForPlatform(KeywordExecutor.groovy:72)
	at com.kms.katalon.core.keyword.BuiltinKeywords.verifyMatch(BuiltinKeywords.groovy:73)
	at DropdownValidation.run(DropdownValidation:66)
	at com.kms.katalon.core.main.ScriptEngine.run(ScriptEngine.java:194)
	at com.kms.katalon.core.main.ScriptEngine.runScriptAsRawText(ScriptEngine.java:119)
	at com.kms.katalon.core.main.TestCaseExecutor.runScript(TestCaseExecutor.java:337)
	at com.kms.katalon.core.main.TestCaseExecutor.doExecute(TestCaseExecutor.java:328)
	at com.kms.katalon.core.main.TestCaseExecutor.processExecutionPhase(TestCaseExecutor.java:307)
	at com.kms.katalon.core.main.TestCaseExecutor.accessMainPhase(TestCaseExecutor.java:299)
	at com.kms.katalon.core.main.TestCaseExecutor.execute(TestCaseExecutor.java:233)
	at com.kms.katalon.core.main.TestCaseMain.runTestCase(TestCaseMain.java:114)
	at com.kms.katalon.core.keyword.builtin.CallTestCaseKeyword$_callTestCase_closure1.doCall(CallTestCaseKeyword.groovy:59)
	... 20 more
Caused by: java.lang.NullPointerException
	at com.kms.katalon.core.helper.KeywordHelper.match(KeywordHelper.java:22)
	at com.kms.katalon.core.keyword.builtin.VerifyMatchKeyword$_verifyMatch_closure1.doCall(VerifyMatchKeyword.groovy:53)
	at com.kms.katalon.core.keyword.builtin.VerifyMatchKeyword$_verifyMatch_closure1.call(VerifyMatchKeyword.groovy)
	at com.kms.katalon.core.keyword.internal.KeywordMain.runKeyword(KeywordMain.groovy:68)
	... 34 more


2020-05-12 23:55:33 - [TEST_STEP][NOT_RUN] - callTestCase(findTestCase("Components/LoginV2.0"), ["LinkToBeUsed":findTestData("ISPS2 Test Data").getValue("URL", 2), "LoginPageTextToBeVerified":findTestData("ISPS2 Test Data").getValue("HomeBanner", 2), ... ], STOP_ON_FAILURE): NOT_RUN: callTestCase(findTestCase("Components/LoginV2.0"), ["LinkToBeUsed":findTestData("ISPS2 Test Data").getValue("URL", 2), "LoginPageTextToBeVerified":findTestData("ISPS2 Test Data").getValue("HomeBanner", 2), ... ], STOP_ON_FAILURE)

2020-05-12 23:55:33 - [MESSAGE][NOT_RUN] - NOT_RUN: callTestCase(findTestCase("Components/LoginV2.0"), ["LinkToBeUsed":findTestData("ISPS2 Test Data").getValue("URL", 2), "LoginPageTextToBeVerified":findTestData("ISPS2 Test Data").getValue("HomeBanner", 2), ... ], STOP_ON_FAILURE)

2020-05-12 23:55:33 - [TEST_STEP][NOT_RUN] - callTestCase(findTestCase("Components/NavigateToHomepageHeaders"), ["headerText":"My Tasks"], STOP_ON_FAILURE): NOT_RUN: callTestCase(findTestCase("Components/NavigateToHomepageHeaders"), ["headerText":"My Tasks"], STOP_ON_FAILURE)

2020-05-12 23:55:33 - [MESSAGE][NOT_RUN] - NOT_RUN: callTestCase(findTestCase("Components/NavigateToHomepageHeaders"), ["headerText":"My Tasks"], STOP_ON_FAILURE)

2020-05-12 23:55:33 - [TEST_STEP][NOT_RUN] - callTestCase(findTestCase("Components/Filter"), ["taskDescription":"Process Case (SM)"], STOP_ON_FAILURE): NOT_RUN: callTestCase(findTestCase("Components/Filter"), ["taskDescription":"Process Case (SM)"], STOP_ON_FAILURE)

2020-05-12 23:55:33 - [MESSAGE][NOT_RUN] - NOT_RUN: callTestCase(findTestCase("Components/Filter"), ["taskDescription":"Process Case (SM)"], STOP_ON_FAILURE)

2020-05-12 23:55:33 - [TEST_STEP][NOT_RUN] - callTestCase(findTestCase("Components/ClickLinkDependingOnTextAndIndex"), ["linkName":"Process Case (SM)", "index":"3"], STOP_ON_FAILURE): NOT_RUN: callTestCase(findTestCase("Components/ClickLinkDependingOnTextAndIndex"), ["linkName":"Process Case (SM)", "index":"3"], STOP_ON_FAILURE)

2020-05-12 23:55:33 - [MESSAGE][NOT_RUN] - NOT_RUN: callTestCase(findTestCase("Components/ClickLinkDependingOnTextAndIndex"), ["linkName":"Process Case (SM)", "index":"3"], STOP_ON_FAILURE)

2020-05-12 23:55:33 - [TEST_STEP][PASSED] - callTestCase(findTestCase("Components/NavigateToAnyLHS"), ["LHS":"Court Actions"], STOP_ON_FAILURE): Call Test Case 'Test Cases/Components/NavigateToAnyLHS' successfully

2020-05-12 23:55:33 - [TEST_CASE][PASSED] - Test Cases/Components/NavigateToAnyLHS: Test Cases/Components/NavigateToAnyLHS

2020-05-12 23:55:33 - [TEST_STEP][PASSED] - Thread.sleep(1000): null

2020-05-12 23:55:34 - [TEST_STEP][PASSED] - modifiedLHS = modifyObjectProperty(findTestObject("Objects.NavigateToAnyLHS/Page_ISPS2/LHSToModify"), "text", "equals", LHS, true): Modify property of object successfully

2020-05-12 23:55:34 - [MESSAGE][PASSED] - Modify property of object successfully

2020-05-12 23:55:34 - [TEST_STEP][PASSED] - click(modifiedLHS): Object: 'Object Repository/Objects.NavigateToAnyLHS/Page_ISPS2/LHSToModify' is clicked on

2020-05-12 23:55:34 - [MESSAGE][PASSED] - Object: 'Object Repository/Objects.NavigateToAnyLHS/Page_ISPS2/LHSToModify' is clicked on

2020-05-12 23:55:34 - [TEST_STEP][PASSED] - currentLHS = getText(modifiedLHS): Text of object 'Object Repository/Objects.NavigateToAnyLHS/Page_ISPS2/LHSToModify' is: 'Court Actions'

2020-05-12 23:55:37 - [MESSAGE][PASSED] - Text of object 'Object Repository/Objects.NavigateToAnyLHS/Page_ISPS2/LHSToModify' is: 'Court Actions'

2020-05-12 23:55:37 - [TEST_STEP][PASSED] - Thread.sleep(5000): null

2020-05-12 23:55:42 - [MESSAGE][PASSED] - Call Test Case 'Test Cases/Components/NavigateToAnyLHS' successfully

2020-05-12 23:55:42 - [TEST_STEP][PASSED] - callTestCase(findTestCase("Components/VerifyPageSuccessfullyLoaded"), ["HeaderName":"Court Actions"], STOP_ON_FAILURE): Call Test Case 'Test Cases/Components/VerifyPageSuccessfullyLoaded' successfully

2020-05-12 23:55:42 - [TEST_CASE][PASSED] - Test Cases/Components/VerifyPageSuccessfullyLoaded: Test Cases/Components/VerifyPageSuccessfullyLoaded

2020-05-12 23:55:42 - [TEST_STEP][PASSED] - Thread.sleep(3000): null

2020-05-12 23:55:45 - [TEST_STEP][PASSED] - ModifiedHeaderName = modifyObjectProperty(findTestObject("Objects.VerifyPageSuccessfullyLoaded/PageHeader"), "text", "equals", HeaderName, false): Modify property of object successfully

2020-05-12 23:55:45 - [MESSAGE][PASSED] - Modify property of object successfully

2020-05-12 23:55:45 - [TEST_STEP][PASSED] - verifyElementPresent(ModifiedHeaderName, 0): Object 'Object Repository/Objects.VerifyPageSuccessfullyLoaded/PageHeader' is present

2020-05-12 23:55:45 - [MESSAGE][WARNING] - Timeout '0' is invalid. Using default page load timeout: '30'

2020-05-12 23:55:45 - [MESSAGE][PASSED] - Object 'Object Repository/Objects.VerifyPageSuccessfullyLoaded/PageHeader' is present

2020-05-12 23:55:45 - [TEST_STEP][PASSED] - com.reusableComponents.HighlightElement.run(ModifiedHeaderName): com.reusableComponents.HighlightElement.run is PASSED

2020-05-12 23:55:46 - [MESSAGE][PASSED] - com.reusableComponents.HighlightElement.run is PASSED

2020-05-12 23:55:46 - [TEST_STEP][PASSED] - Thread.sleep(3000): null

2020-05-12 23:55:49 - [MESSAGE][PASSED] - Call Test Case 'Test Cases/Components/VerifyPageSuccessfullyLoaded' successfully

2020-05-12 23:55:49 - [TEST_STEP][PASSED] - callTestCase(findTestCase("Components/VerifyTextPresentInPage"), ["tagToModify":"div", "textToModify":"Complaint and Charge Sheet"], STOP_ON_FAILURE): Call Test Case 'Test Cases/Components/VerifyTextPresentInPage' successfully

2020-05-12 23:55:49 - [TEST_CASE][PASSED] - Test Cases/Components/VerifyTextPresentInPage: Test Cases/Components/VerifyTextPresentInPage

2020-05-12 23:55:49 - [TEST_STEP][PASSED] - Thread.sleep(3000): null

2020-05-12 23:55:52 - [TEST_STEP][NOT_RUN] - verifyTextPresent(textToLocate, false): NOT_RUN: verifyTextPresent(textToLocate, false)

2020-05-12 23:55:52 - [MESSAGE][NOT_RUN] - NOT_RUN: verifyTextPresent(textToLocate, false)

2020-05-12 23:55:52 - [TEST_STEP][NOT_RUN] - com.reusableComponents.HighlightElement.run(textToLocate): NOT_RUN: com.reusableComponents.HighlightElement.run(textToLocate)

2020-05-12 23:55:52 - [MESSAGE][NOT_RUN] - NOT_RUN: com.reusableComponents.HighlightElement.run(textToLocate)

2020-05-12 23:55:52 - [TEST_STEP][PASSED] - modifiedTag = modifyObjectProperty(findTestObject("Objects.VerifyTextPresent/Page_ISPS2/objectToModify"), "tag", "equals", tagToModify, true): Modify property of object successfully

2020-05-12 23:55:52 - [MESSAGE][PASSED] - Modify property of object successfully

2020-05-12 23:55:52 - [TEST_STEP][PASSED] - modified = modifyObjectProperty(modifiedTag, "text", "equals", textToModify, true): Modify property of object successfully

2020-05-12 23:55:52 - [MESSAGE][PASSED] - Modify property of object successfully

2020-05-12 23:55:52 - [TEST_STEP][PASSED] - com.reusableComponents.HighlightElement.run(modified): com.reusableComponents.HighlightElement.run is PASSED

2020-05-12 23:55:52 - [MESSAGE][PASSED] - com.reusableComponents.HighlightElement.run is PASSED

2020-05-12 23:55:52 - [TEST_STEP][PASSED] - Thread.sleep(3000): null

2020-05-12 23:55:55 - [MESSAGE][PASSED] - Call Test Case 'Test Cases/Components/VerifyTextPresentInPage' successfully

2020-05-12 23:55:55 - [TEST_STEP][PASSED] - callTestCase(findTestCase("Components/ScrollPageDown"), ["textToBeUsed":"Delete", "tagToBeUsed":"span"], STOP_ON_FAILURE): Call Test Case 'Test Cases/Components/ScrollPageDown' successfully

2020-05-12 23:55:55 - [TEST_CASE][PASSED] - Test Cases/Components/ScrollPageDown: Test Cases/Components/ScrollPageDown

2020-05-12 23:55:56 - [TEST_STEP][PASSED] - Thread.sleep(3000): null

2020-05-12 23:55:59 - [TEST_STEP][PASSED] - ModifiedObject = modifyObjectProperty(findTestObject("Object.ScrollPageDown/ScrolltoElement"), "tag", "equals", tagToBeUsed, true): Modify property of object successfully

2020-05-12 23:55:59 - [MESSAGE][PASSED] - Modify property of object successfully

2020-05-12 23:55:59 - [TEST_STEP][PASSED] - ModifiedObjectx2 = modifyObjectProperty(ModifiedObject, "text", "equals", textToBeUsed, true): Modify property of object successfully

2020-05-12 23:55:59 - [MESSAGE][PASSED] - Modify property of object successfully

2020-05-12 23:55:59 - [TEST_STEP][PASSED] - scrollToElement(ModifiedObjectx2, 0): Scroll to object 'Object Repository/Object.ScrollPageDown/ScrolltoElement' successfully

2020-05-12 23:55:59 - [MESSAGE][WARNING] - Timeout '0' is invalid. Using default page load timeout: '30'

2020-05-12 23:55:59 - [MESSAGE][PASSED] - Scroll to object 'Object Repository/Object.ScrollPageDown/ScrolltoElement' successfully

2020-05-12 23:55:59 - [MESSAGE][PASSED] - Call Test Case 'Test Cases/Components/ScrollPageDown' successfully

2020-05-12 23:55:59 - [TEST_STEP][PASSED] - callTestCase(findTestCase("Components/ClickBlueButtonsWithXPI"), ["Button":"Reset", "Index":"3"], STOP_ON_FAILURE): Call Test Case 'Test Cases/Components/ClickBlueButtonsWithXPI' successfully

2020-05-12 23:55:59 - [TEST_CASE][PASSED] - Test Cases/Components/ClickBlueButtonsWithXPI: Test Cases/Components/ClickBlueButtonsWithXPI

2020-05-12 23:55:59 - [TEST_STEP][PASSED] - Thread.sleep(1000): null

2020-05-12 23:56:00 - [TEST_STEP][PASSED] - complexlyModifiedButtonGG = modifyObjectProperty(findTestObject("Objects.ClickBlueButtonsWithXPI/span_Reset"), "xPath", "equals", "(//span[text()="" + Button + ""])[" + Index + "]", true): Modify property of object successfully

2020-05-12 23:56:00 - [MESSAGE][PASSED] - Modify property of object successfully

2020-05-12 23:56:00 - [TEST_STEP][PASSED] - Thread.sleep(5000): null

2020-05-12 23:56:05 - [TEST_STEP][PASSED] - Thread.sleep(5000): null

2020-05-12 23:56:10 - [TEST_STEP][PASSED] - click(complexlyModifiedButtonGG): Object: 'Object Repository/Objects.ClickBlueButtonsWithXPI/span_Reset' is clicked on

2020-05-12 23:56:10 - [MESSAGE][ERROR] - javascript error: Failed to execute 'elementsFromPoint' on 'Document': The provided double value is non-finite.
  (Session info: chrome=81.0.4044.138)
Build info: version: '3.141.59', revision: 'e82be7d358', time: '2018-11-14T08:25:53'
System info: host: 'NSNB-108', ip: '192.168.16.39', os.name: 'Windows 10', os.arch: 'amd64', os.version: '10.0', java.version: '1.8.0_181'
Driver info: com.kms.katalon.selenium.driver.CChromeDriver
Capabilities {acceptInsecureCerts: false, browserName: chrome, browserVersion: 81.0.4044.138, chrome: {chromedriverVersion: 81.0.4044.69 (6813546031a4b..., userDataDir: C:\Users\19023-~1\AppData\L...}, goog:chromeOptions: {debuggerAddress: localhost:62957}, javascriptEnabled: true, networkConnectionEnabled: false, pageLoadStrategy: normal, platform: WINDOWS, platformName: WINDOWS, proxy: Proxy(), setWindowRect: true, strictFileInteractability: false, timeouts: {implicit: 0, pageLoad: 300000, script: 30000}, unhandledPromptBehavior: dismiss and notify, webauthn:virtualAuthenticators: true}
Session ID: 8951429e1b240e6f73a9d9ac6f8ef331

2020-05-12 23:56:41 - [MESSAGE][ERROR] - javascript error: Failed to execute 'elementsFromPoint' on 'Document': The provided double value is non-finite.
  (Session info: chrome=81.0.4044.138)
Build info: version: '3.141.59', revision: 'e82be7d358', time: '2018-11-14T08:25:53'
System info: host: 'NSNB-108', ip: '192.168.16.39', os.name: 'Windows 10', os.arch: 'amd64', os.version: '10.0', java.version: '1.8.0_181'
Driver info: com.kms.katalon.selenium.driver.CChromeDriver
Capabilities {acceptInsecureCerts: false, browserName: chrome, browserVersion: 81.0.4044.138, chrome: {chromedriverVersion: 81.0.4044.69 (6813546031a4b..., userDataDir: C:\Users\19023-~1\AppData\L...}, goog:chromeOptions: {debuggerAddress: localhost:62957}, javascriptEnabled: true, networkConnectionEnabled: false, pageLoadStrategy: normal, platform: WINDOWS, platformName: WINDOWS, proxy: Proxy(), setWindowRect: true, strictFileInteractability: false, timeouts: {implicit: 0, pageLoad: 300000, script: 30000}, unhandledPromptBehavior: dismiss and notify, webauthn:virtualAuthenticators: true}
Session ID: 8951429e1b240e6f73a9d9ac6f8ef331

2020-05-12 23:56:41 - [MESSAGE][PASSED] - Object: 'Object Repository/Objects.ClickBlueButtonsWithXPI/span_Reset' is clicked on

2020-05-12 23:56:41 - [TEST_STEP][PASSED] - Thread.sleep(5000): null

2020-05-12 23:56:46 - [MESSAGE][PASSED] - Call Test Case 'Test Cases/Components/ClickBlueButtonsWithXPI' successfully

2020-05-12 23:56:46 - [TEST_STEP][PASSED] - callTestCase(findTestCase("Components/ClickBlueButtonsWithXPI"), ["Button":"Save", "Index":"1"], STOP_ON_FAILURE): Call Test Case 'Test Cases/Components/ClickBlueButtonsWithXPI' successfully

2020-05-12 23:56:46 - [TEST_CASE][PASSED] - Test Cases/Components/ClickBlueButtonsWithXPI: Test Cases/Components/ClickBlueButtonsWithXPI

2020-05-12 23:56:46 - [TEST_STEP][PASSED] - Thread.sleep(1000): null

2020-05-12 23:56:47 - [TEST_STEP][PASSED] - complexlyModifiedButtonGG = modifyObjectProperty(findTestObject("Objects.ClickBlueButtonsWithXPI/span_Reset"), "xPath", "equals", "(//span[text()="" + Button + ""])[" + Index + "]", true): Modify property of object successfully

2020-05-12 23:56:47 - [MESSAGE][PASSED] - Modify property of object successfully

2020-05-12 23:56:47 - [TEST_STEP][PASSED] - Thread.sleep(5000): null

2020-05-12 23:56:52 - [TEST_STEP][PASSED] - Thread.sleep(5000): null

2020-05-12 23:56:57 - [TEST_STEP][PASSED] - click(complexlyModifiedButtonGG): Object: 'Object Repository/Objects.ClickBlueButtonsWithXPI/span_Reset' is clicked on

2020-05-12 23:56:57 - [MESSAGE][ERROR] - javascript error: Failed to execute 'elementsFromPoint' on 'Document': The provided double value is non-finite.
  (Session info: chrome=81.0.4044.138)
Build info: version: '3.141.59', revision: 'e82be7d358', time: '2018-11-14T08:25:53'
System info: host: 'NSNB-108', ip: '192.168.16.39', os.name: 'Windows 10', os.arch: 'amd64', os.version: '10.0', java.version: '1.8.0_181'
Driver info: com.kms.katalon.selenium.driver.CChromeDriver
Capabilities {acceptInsecureCerts: false, browserName: chrome, browserVersion: 81.0.4044.138, chrome: {chromedriverVersion: 81.0.4044.69 (6813546031a4b..., userDataDir: C:\Users\19023-~1\AppData\L...}, goog:chromeOptions: {debuggerAddress: localhost:62957}, javascriptEnabled: true, networkConnectionEnabled: false, pageLoadStrategy: normal, platform: WINDOWS, platformName: WINDOWS, proxy: Proxy(), setWindowRect: true, strictFileInteractability: false, timeouts: {implicit: 0, pageLoad: 300000, script: 30000}, unhandledPromptBehavior: dismiss and notify, webauthn:virtualAuthenticators: true}
Session ID: 8951429e1b240e6f73a9d9ac6f8ef331

2020-05-12 23:57:27 - [MESSAGE][ERROR] - javascript error: Failed to execute 'elementsFromPoint' on 'Document': The provided double value is non-finite.
  (Session info: chrome=81.0.4044.138)
Build info: version: '3.141.59', revision: 'e82be7d358', time: '2018-11-14T08:25:53'
System info: host: 'NSNB-108', ip: '192.168.16.39', os.name: 'Windows 10', os.arch: 'amd64', os.version: '10.0', java.version: '1.8.0_181'
Driver info: com.kms.katalon.selenium.driver.CChromeDriver
Capabilities {acceptInsecureCerts: false, browserName: chrome, browserVersion: 81.0.4044.138, chrome: {chromedriverVersion: 81.0.4044.69 (6813546031a4b..., userDataDir: C:\Users\19023-~1\AppData\L...}, goog:chromeOptions: {debuggerAddress: localhost:62957}, javascriptEnabled: true, networkConnectionEnabled: false, pageLoadStrategy: normal, platform: WINDOWS, platformName: WINDOWS, proxy: Proxy(), setWindowRect: true, strictFileInteractability: false, timeouts: {implicit: 0, pageLoad: 300000, script: 30000}, unhandledPromptBehavior: dismiss and notify, webauthn:virtualAuthenticators: true}
Session ID: 8951429e1b240e6f73a9d9ac6f8ef331

2020-05-12 23:57:27 - [MESSAGE][PASSED] - Object: 'Object Repository/Objects.ClickBlueButtonsWithXPI/span_Reset' is clicked on

2020-05-12 23:57:27 - [TEST_STEP][PASSED] - Thread.sleep(5000): null

2020-05-12 23:57:32 - [MESSAGE][PASSED] - Call Test Case 'Test Cases/Components/ClickBlueButtonsWithXPI' successfully

2020-05-12 23:57:32 - [TEST_STEP][PASSED] - callTestCase(findTestCase("Components/ScrollPageDown"), ["textToBeUsed":"Complaint and Charge Sheet", "tagToBeUsed":"div"], STOP_ON_FAILURE): Call Test Case 'Test Cases/Components/ScrollPageDown' successfully

2020-05-12 23:57:32 - [TEST_CASE][PASSED] - Test Cases/Components/ScrollPageDown: Test Cases/Components/ScrollPageDown

2020-05-12 23:57:32 - [TEST_STEP][PASSED] - Thread.sleep(3000): null

2020-05-12 23:57:35 - [TEST_STEP][PASSED] - ModifiedObject = modifyObjectProperty(findTestObject("Object.ScrollPageDown/ScrolltoElement"), "tag", "equals", tagToBeUsed, true): Modify property of object successfully

2020-05-12 23:57:35 - [MESSAGE][PASSED] - Modify property of object successfully

2020-05-12 23:57:35 - [TEST_STEP][PASSED] - ModifiedObjectx2 = modifyObjectProperty(ModifiedObject, "text", "equals", textToBeUsed, true): Modify property of object successfully

2020-05-12 23:57:35 - [MESSAGE][PASSED] - Modify property of object successfully

2020-05-12 23:57:35 - [TEST_STEP][PASSED] - scrollToElement(ModifiedObjectx2, 0): Scroll to object 'Object Repository/Object.ScrollPageDown/ScrolltoElement' successfully

2020-05-12 23:57:35 - [MESSAGE][WARNING] - Timeout '0' is invalid. Using default page load timeout: '30'

2020-05-12 23:57:36 - [MESSAGE][PASSED] - Scroll to object 'Object Repository/Object.ScrollPageDown/ScrolltoElement' successfully

2020-05-12 23:57:36 - [MESSAGE][PASSED] - Call Test Case 'Test Cases/Components/ScrollPageDown' successfully

2020-05-12 23:57:36 - [TEST_STEP][PASSED] - callTestCase(findTestCase("Components/VerifyTextPresentInPage"), ["tagToModify":"li", "textToModify":"Please fill up the mandatory fields."], STOP_ON_FAILURE): Call Test Case 'Test Cases/Components/VerifyTextPresentInPage' successfully

2020-05-12 23:57:36 - [TEST_CASE][PASSED] - Test Cases/Components/VerifyTextPresentInPage: Test Cases/Components/VerifyTextPresentInPage

2020-05-12 23:57:36 - [TEST_STEP][PASSED] - Thread.sleep(3000): null

2020-05-12 23:57:39 - [TEST_STEP][NOT_RUN] - verifyTextPresent(textToLocate, false): NOT_RUN: verifyTextPresent(textToLocate, false)

2020-05-12 23:57:39 - [MESSAGE][NOT_RUN] - NOT_RUN: verifyTextPresent(textToLocate, false)

2020-05-12 23:57:39 - [TEST_STEP][NOT_RUN] - com.reusableComponents.HighlightElement.run(textToLocate): NOT_RUN: com.reusableComponents.HighlightElement.run(textToLocate)

2020-05-12 23:57:39 - [MESSAGE][NOT_RUN] - NOT_RUN: com.reusableComponents.HighlightElement.run(textToLocate)

2020-05-12 23:57:39 - [TEST_STEP][PASSED] - modifiedTag = modifyObjectProperty(findTestObject("Objects.VerifyTextPresent/Page_ISPS2/objectToModify"), "tag", "equals", tagToModify, true): Modify property of object successfully

2020-05-12 23:57:39 - [MESSAGE][PASSED] - Modify property of object successfully

2020-05-12 23:57:39 - [TEST_STEP][PASSED] - modified = modifyObjectProperty(modifiedTag, "text", "equals", textToModify, true): Modify property of object successfully

2020-05-12 23:57:39 - [MESSAGE][PASSED] - Modify property of object successfully

2020-05-12 23:57:39 - [TEST_STEP][PASSED] - com.reusableComponents.HighlightElement.run(modified): com.reusableComponents.HighlightElement.run is PASSED

2020-05-12 23:57:39 - [MESSAGE][PASSED] - com.reusableComponents.HighlightElement.run is PASSED

2020-05-12 23:57:39 - [TEST_STEP][PASSED] - Thread.sleep(3000): null

2020-05-12 23:57:42 - [MESSAGE][PASSED] - Call Test Case 'Test Cases/Components/VerifyTextPresentInPage' successfully

2020-05-12 23:57:42 - [TEST_STEP][PASSED] - callTestCase(findTestCase("PFI Precision and Scale/PFI Components/DataErrorValidation"), ["FldNm":"courtNo"], STOP_ON_FAILURE): Call Test Case 'Test Cases/PFI Precision and Scale/PFI Components/DataErrorValidation' successfully

2020-05-12 23:57:42 - [TEST_CASE][PASSED] - Test Cases/PFI Precision and Scale/PFI Components/DataErrorValidation: Test Cases/PFI Precision and Scale/PFI Components/DataErrorValidation

2020-05-12 23:57:42 - [TEST_STEP][PASSED] - enableSmartWait(): null

2020-05-12 23:57:42 - [TEST_STEP][PASSED] - NewInputNmField = modifyObjectProperty(findTestObject("Objects.NameValidation/input_FieldName"), "name", "equals", FldNm, true): Modify property of object successfully

2020-05-12 23:57:42 - [MESSAGE][PASSED] - Modify property of object successfully

2020-05-12 23:57:42 - [TEST_STEP][PASSED] - com.reusableComponents.HighlightElement.run(NewInputNmField): com.reusableComponents.HighlightElement.run is PASSED

2020-05-12 23:57:43 - [MESSAGE][PASSED] - com.reusableComponents.HighlightElement.run is PASSED

2020-05-12 23:57:43 - [TEST_STEP][PASSED] - click(NewInputNmField): Object: 'Object Repository/Objects.NameValidation/input_FieldName' is clicked on

2020-05-12 23:57:43 - [MESSAGE][PASSED] - Object: 'Object Repository/Objects.NameValidation/input_FieldName' is clicked on

2020-05-12 23:57:43 - [TEST_STEP][PASSED] - delay(5): Delayed 5 second(s)

2020-05-12 23:57:48 - [MESSAGE][PASSED] - Delayed 5 second(s)

2020-05-12 23:57:48 - [MESSAGE][PASSED] - Call Test Case 'Test Cases/PFI Precision and Scale/PFI Components/DataErrorValidation' successfully

2020-05-12 23:57:48 - [TEST_STEP][PASSED] - callTestCase(findTestCase("PFI Precision and Scale/PFI Components/DataErrorValidation"), ["FldNm":"orderDt"], STOP_ON_FAILURE): Call Test Case 'Test Cases/PFI Precision and Scale/PFI Components/DataErrorValidation' successfully

2020-05-12 23:57:48 - [TEST_CASE][PASSED] - Test Cases/PFI Precision and Scale/PFI Components/DataErrorValidation: Test Cases/PFI Precision and Scale/PFI Components/DataErrorValidation

2020-05-12 23:57:48 - [TEST_STEP][PASSED] - enableSmartWait(): null

2020-05-12 23:57:48 - [TEST_STEP][PASSED] - NewInputNmField = modifyObjectProperty(findTestObject("Objects.NameValidation/input_FieldName"), "name", "equals", FldNm, true): Modify property of object successfully

2020-05-12 23:57:48 - [MESSAGE][PASSED] - Modify property of object successfully

2020-05-12 23:57:48 - [TEST_STEP][PASSED] - com.reusableComponents.HighlightElement.run(NewInputNmField): com.reusableComponents.HighlightElement.run is PASSED

2020-05-12 23:57:49 - [MESSAGE][PASSED] - com.reusableComponents.HighlightElement.run is PASSED

2020-05-12 23:57:49 - [TEST_STEP][PASSED] - click(NewInputNmField): Object: 'Object Repository/Objects.NameValidation/input_FieldName' is clicked on

2020-05-12 23:57:49 - [MESSAGE][PASSED] - Object: 'Object Repository/Objects.NameValidation/input_FieldName' is clicked on

2020-05-12 23:57:49 - [TEST_STEP][PASSED] - delay(5): Delayed 5 second(s)

2020-05-12 23:57:54 - [MESSAGE][PASSED] - Delayed 5 second(s)

2020-05-12 23:57:54 - [MESSAGE][PASSED] - Call Test Case 'Test Cases/PFI Precision and Scale/PFI Components/DataErrorValidation' successfully

2020-05-12 23:57:54 - [TEST_STEP][PASSED] - callTestCase(findTestCase("PFI Precision and Scale/PFI Components/DataErrorValidation"), ["FldNm":"complaintOfficer"], STOP_ON_FAILURE): Call Test Case 'Test Cases/PFI Precision and Scale/PFI Components/DataErrorValidation' successfully

2020-05-12 23:57:54 - [TEST_CASE][PASSED] - Test Cases/PFI Precision and Scale/PFI Components/DataErrorValidation: Test Cases/PFI Precision and Scale/PFI Components/DataErrorValidation

2020-05-12 23:57:54 - [TEST_STEP][PASSED] - enableSmartWait(): null

2020-05-12 23:57:54 - [TEST_STEP][PASSED] - NewInputNmField = modifyObjectProperty(findTestObject("Objects.NameValidation/input_FieldName"), "name", "equals", FldNm, true): Modify property of object successfully

2020-05-12 23:57:54 - [MESSAGE][PASSED] - Modify property of object successfully

2020-05-12 23:57:54 - [TEST_STEP][PASSED] - com.reusableComponents.HighlightElement.run(NewInputNmField): com.reusableComponents.HighlightElement.run is PASSED

2020-05-12 23:57:55 - [MESSAGE][PASSED] - com.reusableComponents.HighlightElement.run is PASSED

2020-05-12 23:57:55 - [TEST_STEP][PASSED] - click(NewInputNmField): Object: 'Object Repository/Objects.NameValidation/input_FieldName' is clicked on

2020-05-12 23:57:55 - [MESSAGE][PASSED] - Object: 'Object Repository/Objects.NameValidation/input_FieldName' is clicked on

2020-05-12 23:57:55 - [TEST_STEP][PASSED] - delay(5): Delayed 5 second(s)

2020-05-12 23:58:00 - [MESSAGE][PASSED] - Delayed 5 second(s)

2020-05-12 23:58:00 - [MESSAGE][PASSED] - Call Test Case 'Test Cases/PFI Precision and Scale/PFI Components/DataErrorValidation' successfully

2020-05-12 23:58:00 - [TEST_STEP][PASSED] - callTestCase(findTestCase("PFI Precision and Scale/PFI Components/NumericTextboxValidation"), ["tagToBeUsed":"input", "nameToBeUsed":"courtNo"], STOP_ON_FAILURE): Call Test Case 'Test Cases/PFI Precision and Scale/PFI Components/NumericTextboxValidation' successfully

2020-05-12 23:58:00 - [TEST_CASE][PASSED] - Test Cases/PFI Precision and Scale/PFI Components/NumericTextboxValidation: Test Cases/PFI Precision and Scale/PFI Components/NumericTextboxValidation

2020-05-12 23:58:01 - [TEST_STEP][PASSED] - Thread.sleep(1000): null

2020-05-12 23:58:02 - [TEST_STEP][PASSED] - modifiedTagOfField = modifyObjectProperty(findTestObject("Objects.SetTextOnField/sampleField"), "tag", "equals", tagToBeUsed, false): Modify property of object successfully

2020-05-12 23:58:02 - [MESSAGE][PASSED] - Modify property of object successfully

2020-05-12 23:58:02 - [TEST_STEP][PASSED] - modifiedNameOfField = modifyObjectProperty(modifiedTagOfField, "name", "equals", nameToBeUsed, true): Modify property of object successfully

2020-05-12 23:58:02 - [MESSAGE][PASSED] - Modify property of object successfully

2020-05-12 23:58:02 - [TEST_STEP][PASSED] - com.reusableComponents.HighlightElement.run(modifiedNameOfField): com.reusableComponents.HighlightElement.run is PASSED

2020-05-12 23:58:02 - [MESSAGE][PASSED] - com.reusableComponents.HighlightElement.run is PASSED

2020-05-12 23:58:02 - [TEST_STEP][PASSED] - setText(modifiedNameOfField, numericString): Text '11991137323299964155455099798706552808976935962838865456742205875899392844425272871668834213838621275009656155549050241719647149421554381633871915630122177938947057169733113150775444473495993597677673693070202759830901148824296567830620113169313520757920936390642696655602288810171781754676522862463902699245893605901185277444165405364009340880013316714801285939911623507093678706619691984541133066392820094235287149813098305915118901494435814698513809234862256856174684567248054996606498387845451028226439235151446506881330528273380681572289259954766360298908505304785091495482601223853816017987066525700459906374159078244845974749892433423525324828894782251403441822025779097653539544311001518099943839744656201984264229393234706180220077070718099379548608370015505637774453479489869450130412850263532217842067226655624211005541247802512892968529563621544144365930329687844845907938572336641565450292926250009543981118351621178630301292678119595344299907794920904006837620879042229530514379489667381820959768768750542908247117885494136862860209634362384755453897185386336629110705379609295878391146410285875862575756876665157821567808723661094466899435605906585623027793022918157717687967627008934081603359659276621540832678962373576872737829931920619921097626739617203366664223403386942116857318674629154431078401973358143153835488411629911521346717388987816728354783997652994014434712237176044520625322412885524290726072296593744432108411084531834900928026482327489883917992190307161851287148502600722683659188207140233112543036062828983753890469619705164991680417802656095053425262367859596358898490511847174725617064676360220983859836494614920988603799366827006331294783667192762678159926286608084028652609892895105669750894989862155540408951749172590198303814506361836585101532020329292520763662387835307665410136293124789771904954551221950989926378627776787055018718077180245099314379198454887858342580637666772433053075327672969948825810884811160428396040845344044957973886444492409837623440639960889141441357176536216241347198367018542234550294627341376583623925602803107029214063169228241630585340147265868380938354243865142497403383451354420305472370305949670702689937696850582110339659534517289612197584084950226738002054595239455996268412160561243982741051934978778825489389995358356320772458450180610605224234456589638748859721228714714325334750120246528443364730977781467575341177643204331447147991716182375801890753768657627430959932850656246218404401314054130444495512992306339493731254998073936054835738384127755849916250270637697668351409944753581883918116758755268493680472839822355050642872221599071221615618239447023855252470975512178904777515252884656010147618377123922422569740723892447733815013228879373206176407546903400985620252583266165171316938165805888212963927780399853490208713308873052208446590680206856409011676644332365421155270832883097778412277224446597750998300174167103410902959057177941224222414889117820329309176303904858682026324519180162375817353047006180595098870582978254999518577904055548119158478195292494229942543944820563573417322020744268407851221717646242980220244945789758952633381984844575577424442638058077524392523517575330784855486479127879443854675165178939003144890511382915540420801832370451939892775444883004246180194034901100972029450399502867174762559358621495745990848610133059831200423891325906658109374987134197699100593730205227971204697973611273498842946893521009249315786441638188011788125156475430980122009186383563494295063337412609645412424341691385261314629915747206282210628607972370305520438694318588856801535964179755029021688643849109755057328887675156546904833771118840985468169950638317927799096821839114036122727799615859289334568191625084165504141702849742726636380904949653787423829001352845731342229842023903272613134570062988704296212908833572813999705971671368774449963177743251314500385180670702564792575840796067332044082171312835777897813304384016281827613039197804071273428525875517235095903228826614826984533370145575902554616511467681803632355553122143536393278348829018195197414551063469225551484271584997088970570727736046252451044390704611708202952631954294438109660812911860228106433557862175962965983774806974320454541466155573272533603041706564552992745761510862540468184493757408157836222135756943962382234809486017011414494356744333288279124474559847774980944698604498122611755531998244696815807902751405464656144636038315709888867490312165399846088305678906597478982074210638681746607704984887940685165789320298845956215525637141461269730191715366175445944337451215260427093929126888055573696882287407479172833475600171123532865014169367865998770539949242413066345255865040504534555159635583023663415765088141907165182176934709348465025253534499735771709538259690017512196509059236620505219832557478009089849590390899431918669763471605190887515138343625419596564626114066769286052276123646378916289797490132607350567237971256612807953641731734886309051849915379283362506431488270898382890921915438573713129905756172654322494331867774237892255532905071929023554272502464389374955927887344466995846333692691583445073061557181162662795445552385565981097722498219350429571294273892438857809504606326025221503114487752537447882064200230061126975386256882175483294579242783941519858441820607931052433100908737195601478811989123022359039736574795857438464845964171687461746326718965987979637771094320627269361704557041707453940037102030720450061855460329607245007113004047517991685180177393433724087161681173561990801354461319915233146532203811342254055599363721118138819188199859134015408727647466284372872054050710536370385895445377280653933453004246231469588742558943135176195725441373198315596483261508389592272956470109038450880794754478818636939094320290919846544501766216867915008245763564384072857086440789791704686364987748286110948295954122624102597310242525829631617504367230172874462847892426865497149799034051787361867036740555089711574254493362373473240993121192506574361603857230116799692606790242599730265777711987593682137325882159489041083972275487949466283137621932612153374826106842438456886940066488015136292427491033820162195949913428343590826314063158199101499817410422815383839667162678325286057627079721027807389634680302670611622639843483917776463780118476598489818995890769657539214421845069573516332626709731952606592318400404594393757988493477744398948700009852169859422779241002308417198163434775186044707016616908174036346001341801529947460430665003289942387119556256705486150095907749537506580610016822452972524615154330038210632211696744606631687584562982256447166126264649040073499163024804787476111439502272014174186878432532144443145016743941504701803913820918838734166333605962080146411778477297328668293528767376582897852006014641815357309481078263722570581476688202702961324753934588857456442801446295157297215487433666495153049260008532259514264057424673995936806424542172972129163738303359397909562702715935820998662546113177896294366989225756837849331525492017726733156445645588401857071149952118980644995282250086229651810870258929789110163121177147924356675879772542755882941122853063499095872427355784622485831623751308065886635451603624649917277154866239772043673689603710603051822605336729928651381081406879808848486523097291969121240741806865984539696267123255434085088297169763470968444943860912752823086616664201819231658844594588361325996620046934319450008241682203012765751394615891061460106925816441641921003160415244450290612992727892207356472091193669876213483695288830326232336196151535341079397165818638495924063948581547138288349491419178761678652039976755950230104627643068184121810719160136148305186445804633400650896723519399461158161531455531348892365107485590044076698400718682514210485435871856759934730454518702063416090374804141376633885718448604082940520347031141860272269837364255625087730572785907892669680142184737736090315397330308548268698083150707498088024290073667142234414491989830938788334612935563046954243938407296730741108876553' is set on object 'Object Repository/Objects.SetTextOnField/sampleField'

2020-05-12 23:58:14 - [MESSAGE][PASSED] - Text '11991137323299964155455099798706552808976935962838865456742205875899392844425272871668834213838621275009656155549050241719647149421554381633871915630122177938947057169733113150775444473495993597677673693070202759830901148824296567830620113169313520757920936390642696655602288810171781754676522862463902699245893605901185277444165405364009340880013316714801285939911623507093678706619691984541133066392820094235287149813098305915118901494435814698513809234862256856174684567248054996606498387845451028226439235151446506881330528273380681572289259954766360298908505304785091495482601223853816017987066525700459906374159078244845974749892433423525324828894782251403441822025779097653539544311001518099943839744656201984264229393234706180220077070718099379548608370015505637774453479489869450130412850263532217842067226655624211005541247802512892968529563621544144365930329687844845907938572336641565450292926250009543981118351621178630301292678119595344299907794920904006837620879042229530514379489667381820959768768750542908247117885494136862860209634362384755453897185386336629110705379609295878391146410285875862575756876665157821567808723661094466899435605906585623027793022918157717687967627008934081603359659276621540832678962373576872737829931920619921097626739617203366664223403386942116857318674629154431078401973358143153835488411629911521346717388987816728354783997652994014434712237176044520625322412885524290726072296593744432108411084531834900928026482327489883917992190307161851287148502600722683659188207140233112543036062828983753890469619705164991680417802656095053425262367859596358898490511847174725617064676360220983859836494614920988603799366827006331294783667192762678159926286608084028652609892895105669750894989862155540408951749172590198303814506361836585101532020329292520763662387835307665410136293124789771904954551221950989926378627776787055018718077180245099314379198454887858342580637666772433053075327672969948825810884811160428396040845344044957973886444492409837623440639960889141441357176536216241347198367018542234550294627341376583623925602803107029214063169228241630585340147265868380938354243865142497403383451354420305472370305949670702689937696850582110339659534517289612197584084950226738002054595239455996268412160561243982741051934978778825489389995358356320772458450180610605224234456589638748859721228714714325334750120246528443364730977781467575341177643204331447147991716182375801890753768657627430959932850656246218404401314054130444495512992306339493731254998073936054835738384127755849916250270637697668351409944753581883918116758755268493680472839822355050642872221599071221615618239447023855252470975512178904777515252884656010147618377123922422569740723892447733815013228879373206176407546903400985620252583266165171316938165805888212963927780399853490208713308873052208446590680206856409011676644332365421155270832883097778412277224446597750998300174167103410902959057177941224222414889117820329309176303904858682026324519180162375817353047006180595098870582978254999518577904055548119158478195292494229942543944820563573417322020744268407851221717646242980220244945789758952633381984844575577424442638058077524392523517575330784855486479127879443854675165178939003144890511382915540420801832370451939892775444883004246180194034901100972029450399502867174762559358621495745990848610133059831200423891325906658109374987134197699100593730205227971204697973611273498842946893521009249315786441638188011788125156475430980122009186383563494295063337412609645412424341691385261314629915747206282210628607972370305520438694318588856801535964179755029021688643849109755057328887675156546904833771118840985468169950638317927799096821839114036122727799615859289334568191625084165504141702849742726636380904949653787423829001352845731342229842023903272613134570062988704296212908833572813999705971671368774449963177743251314500385180670702564792575840796067332044082171312835777897813304384016281827613039197804071273428525875517235095903228826614826984533370145575902554616511467681803632355553122143536393278348829018195197414551063469225551484271584997088970570727736046252451044390704611708202952631954294438109660812911860228106433557862175962965983774806974320454541466155573272533603041706564552992745761510862540468184493757408157836222135756943962382234809486017011414494356744333288279124474559847774980944698604498122611755531998244696815807902751405464656144636038315709888867490312165399846088305678906597478982074210638681746607704984887940685165789320298845956215525637141461269730191715366175445944337451215260427093929126888055573696882287407479172833475600171123532865014169367865998770539949242413066345255865040504534555159635583023663415765088141907165182176934709348465025253534499735771709538259690017512196509059236620505219832557478009089849590390899431918669763471605190887515138343625419596564626114066769286052276123646378916289797490132607350567237971256612807953641731734886309051849915379283362506431488270898382890921915438573713129905756172654322494331867774237892255532905071929023554272502464389374955927887344466995846333692691583445073061557181162662795445552385565981097722498219350429571294273892438857809504606326025221503114487752537447882064200230061126975386256882175483294579242783941519858441820607931052433100908737195601478811989123022359039736574795857438464845964171687461746326718965987979637771094320627269361704557041707453940037102030720450061855460329607245007113004047517991685180177393433724087161681173561990801354461319915233146532203811342254055599363721118138819188199859134015408727647466284372872054050710536370385895445377280653933453004246231469588742558943135176195725441373198315596483261508389592272956470109038450880794754478818636939094320290919846544501766216867915008245763564384072857086440789791704686364987748286110948295954122624102597310242525829631617504367230172874462847892426865497149799034051787361867036740555089711574254493362373473240993121192506574361603857230116799692606790242599730265777711987593682137325882159489041083972275487949466283137621932612153374826106842438456886940066488015136292427491033820162195949913428343590826314063158199101499817410422815383839667162678325286057627079721027807389634680302670611622639843483917776463780118476598489818995890769657539214421845069573516332626709731952606592318400404594393757988493477744398948700009852169859422779241002308417198163434775186044707016616908174036346001341801529947460430665003289942387119556256705486150095907749537506580610016822452972524615154330038210632211696744606631687584562982256447166126264649040073499163024804787476111439502272014174186878432532144443145016743941504701803913820918838734166333605962080146411778477297328668293528767376582897852006014641815357309481078263722570581476688202702961324753934588857456442801446295157297215487433666495153049260008532259514264057424673995936806424542172972129163738303359397909562702715935820998662546113177896294366989225756837849331525492017726733156445645588401857071149952118980644995282250086229651810870258929789110163121177147924356675879772542755882941122853063499095872427355784622485831623751308065886635451603624649917277154866239772043673689603710603051822605336729928651381081406879808848486523097291969121240741806865984539696267123255434085088297169763470968444943860912752823086616664201819231658844594588361325996620046934319450008241682203012765751394615891061460106925816441641921003160415244450290612992727892207356472091193669876213483695288830326232336196151535341079397165818638495924063948581547138288349491419178761678652039976755950230104627643068184121810719160136148305186445804633400650896723519399461158161531455531348892365107485590044076698400718682514210485435871856759934730454518702063416090374804141376633885718448604082940520347031141860272269837364255625087730572785907892669680142184737736090315397330308548268698083150707498088024290073667142234414491989830938788334612935563046954243938407296730741108876553' is set on object 'Object Repository/Objects.SetTextOnField/sampleField'

2020-05-12 23:58:14 - [TEST_STEP][PASSED] - sendKeys(modifiedNameOfField, Keys.chord(CONTROL, "a")): Keys 'CONTROL + a' sent to object: 'Object Repository/Objects.SetTextOnField/sampleField'

2020-05-12 23:58:14 - [MESSAGE][PASSED] - Keys 'CONTROL + a' sent to object: 'Object Repository/Objects.SetTextOnField/sampleField'

2020-05-12 23:58:14 - [TEST_STEP][PASSED] - sendKeys(modifiedNameOfField, Keys.chord(LEFT_CONTROL, "c")): Keys 'CONTROL + c' sent to object: 'Object Repository/Objects.SetTextOnField/sampleField'

2020-05-12 23:58:15 - [MESSAGE][PASSED] - Keys 'CONTROL + c' sent to object: 'Object Repository/Objects.SetTextOnField/sampleField'

2020-05-12 23:58:15 - [TEST_STEP][PASSED] - modifiedNameOfField = getContents(null).getTransferData(stringFlavor): null

2020-05-12 23:58:15 - [TEST_STEP][PASSED] - inputFieldText = modifiedNameOfField: null

2020-05-12 23:58:15 - [TEST_STEP][PASSED] - println(modifiedNameOfField.length()): null

2020-05-12 23:58:15 - [MESSAGE][PASSED] - Call Test Case 'Test Cases/PFI Precision and Scale/PFI Components/NumericTextboxValidation' successfully

2020-05-12 23:58:15 - [TEST_STEP][PASSED] - callTestCase(findTestCase("Components/SetTextOnField"), ["tagToBeUsed":"input", "nameToBeUsed":"orderDt", "textToBeInputted":"22/23/2020"], STOP_ON_FAILURE): Call Test Case 'Test Cases/Components/SetTextOnField' successfully

2020-05-12 23:58:15 - [TEST_CASE][PASSED] - Test Cases/Components/SetTextOnField: Test Cases/Components/SetTextOnField

2020-05-12 23:58:15 - [TEST_STEP][PASSED] - Thread.sleep(1000): null

2020-05-12 23:58:16 - [TEST_STEP][PASSED] - modifiedTagOfField = modifyObjectProperty(findTestObject("Objects.SetTextOnField/sampleField"), "tag", "equals", tagToBeUsed, false): Modify property of object successfully

2020-05-12 23:58:16 - [MESSAGE][PASSED] - Modify property of object successfully

2020-05-12 23:58:16 - [TEST_STEP][PASSED] - modifiedNameOfField = modifyObjectProperty(modifiedTagOfField, "name", "equals", nameToBeUsed, true): Modify property of object successfully

2020-05-12 23:58:16 - [MESSAGE][PASSED] - Modify property of object successfully

2020-05-12 23:58:16 - [TEST_STEP][PASSED] - com.reusableComponents.HighlightElement.run(modifiedNameOfField): com.reusableComponents.HighlightElement.run is PASSED

2020-05-12 23:58:17 - [MESSAGE][PASSED] - com.reusableComponents.HighlightElement.run is PASSED

2020-05-12 23:58:17 - [TEST_STEP][PASSED] - setText(modifiedNameOfField, textToBeInputted): Text '22/23/2020' is set on object 'Object Repository/Objects.SetTextOnField/sampleField'

2020-05-12 23:58:18 - [MESSAGE][PASSED] - Text '22/23/2020' is set on object 'Object Repository/Objects.SetTextOnField/sampleField'

2020-05-12 23:58:18 - [MESSAGE][PASSED] - Call Test Case 'Test Cases/Components/SetTextOnField' successfully

2020-05-12 23:58:18 - [TEST_STEP][PASSED] - callTestCase(findTestCase("PFI Precision and Scale/PFI Components/DataErrorValidation"), ["FldNm":"orderDt"], STOP_ON_FAILURE): Call Test Case 'Test Cases/PFI Precision and Scale/PFI Components/DataErrorValidation' successfully

2020-05-12 23:58:18 - [TEST_CASE][PASSED] - Test Cases/PFI Precision and Scale/PFI Components/DataErrorValidation: Test Cases/PFI Precision and Scale/PFI Components/DataErrorValidation

2020-05-12 23:58:18 - [TEST_STEP][PASSED] - enableSmartWait(): null

2020-05-12 23:58:18 - [TEST_STEP][PASSED] - NewInputNmField = modifyObjectProperty(findTestObject("Objects.NameValidation/input_FieldName"), "name", "equals", FldNm, true): Modify property of object successfully

2020-05-12 23:58:18 - [MESSAGE][PASSED] - Modify property of object successfully

2020-05-12 23:58:18 - [TEST_STEP][PASSED] - com.reusableComponents.HighlightElement.run(NewInputNmField): com.reusableComponents.HighlightElement.run is PASSED

2020-05-12 23:58:19 - [MESSAGE][PASSED] - com.reusableComponents.HighlightElement.run is PASSED

2020-05-12 23:58:19 - [TEST_STEP][PASSED] - click(NewInputNmField): Object: 'Object Repository/Objects.NameValidation/input_FieldName' is clicked on

2020-05-12 23:58:19 - [MESSAGE][PASSED] - Object: 'Object Repository/Objects.NameValidation/input_FieldName' is clicked on

2020-05-12 23:58:19 - [TEST_STEP][PASSED] - delay(5): Delayed 5 second(s)

2020-05-12 23:58:24 - [MESSAGE][PASSED] - Delayed 5 second(s)

2020-05-12 23:58:24 - [MESSAGE][PASSED] - Call Test Case 'Test Cases/PFI Precision and Scale/PFI Components/DataErrorValidation' successfully

2020-05-12 23:58:24 - [TEST_STEP][PASSED] - callTestCase(findTestCase("Components/SetTextOnField"), ["tagToBeUsed":"input", "nameToBeUsed":"orderDt", "textToBeInputted":"22/12/2020"], STOP_ON_FAILURE): Call Test Case 'Test Cases/Components/SetTextOnField' successfully

2020-05-12 23:58:24 - [TEST_CASE][PASSED] - Test Cases/Components/SetTextOnField: Test Cases/Components/SetTextOnField

2020-05-12 23:58:24 - [TEST_STEP][PASSED] - Thread.sleep(1000): null

2020-05-12 23:58:25 - [TEST_STEP][PASSED] - modifiedTagOfField = modifyObjectProperty(findTestObject("Objects.SetTextOnField/sampleField"), "tag", "equals", tagToBeUsed, false): Modify property of object successfully

2020-05-12 23:58:25 - [MESSAGE][PASSED] - Modify property of object successfully

2020-05-12 23:58:25 - [TEST_STEP][PASSED] - modifiedNameOfField = modifyObjectProperty(modifiedTagOfField, "name", "equals", nameToBeUsed, true): Modify property of object successfully

2020-05-12 23:58:25 - [MESSAGE][PASSED] - Modify property of object successfully

2020-05-12 23:58:25 - [TEST_STEP][PASSED] - com.reusableComponents.HighlightElement.run(modifiedNameOfField): com.reusableComponents.HighlightElement.run is PASSED

2020-05-12 23:58:26 - [MESSAGE][PASSED] - com.reusableComponents.HighlightElement.run is PASSED

2020-05-12 23:58:26 - [TEST_STEP][PASSED] - setText(modifiedNameOfField, textToBeInputted): Text '22/12/2020' is set on object 'Object Repository/Objects.SetTextOnField/sampleField'

2020-05-12 23:58:26 - [MESSAGE][PASSED] - Text '22/12/2020' is set on object 'Object Repository/Objects.SetTextOnField/sampleField'

2020-05-12 23:58:26 - [MESSAGE][PASSED] - Call Test Case 'Test Cases/Components/SetTextOnField' successfully

2020-05-12 23:58:26 - [TEST_STEP][FAILED] - callTestCase(findTestCase("PFI Precision and Scale/PFI Components/DropdownValidation"), ["FldNm":"complaintOfficer", "NoOfOpt":5], STOP_ON_FAILURE): Unable to call Test Case 'Test Cases/PFI Precision and Scale/PFI Components/DropdownValidation' (Root cause: com.kms.katalon.core.exception.StepFailedException: Call Test Case 'Test Cases/PFI Precision and Scale/PFI Components/DropdownValidation' failed
	at com.kms.katalon.core.keyword.builtin.CallTestCaseKeyword$_callTestCase_closure1.doCall(CallTestCaseKeyword.groovy:63)
	at com.kms.katalon.core.keyword.builtin.CallTestCaseKeyword$_callTestCase_closure1.call(CallTestCaseKeyword.groovy)
	at com.kms.katalon.core.keyword.internal.KeywordMain.runKeyword(KeywordMain.groovy:68)
	at com.kms.katalon.core.keyword.builtin.CallTestCaseKeyword.callTestCase(CallTestCaseKeyword.groovy:81)
	at com.kms.katalon.core.keyword.builtin.CallTestCaseKeyword.execute(CallTestCaseKeyword.groovy:44)
	at com.kms.katalon.core.keyword.internal.KeywordExecutor.executeKeywordForPlatform(KeywordExecutor.groovy:72)
	at com.kms.katalon.core.keyword.BuiltinKeywords.callTestCase(BuiltinKeywords.groovy:334)
	at PFI.CourtActionsLHS.run(PFI.CourtActionsLHS:90)
	at com.kms.katalon.core.main.ScriptEngine.run(ScriptEngine.java:194)
	at com.kms.katalon.core.main.ScriptEngine.runScriptAsRawText(ScriptEngine.java:119)
	at com.kms.katalon.core.main.TestCaseExecutor.runScript(TestCaseExecutor.java:337)
	at com.kms.katalon.core.main.TestCaseExecutor.doExecute(TestCaseExecutor.java:328)
	at com.kms.katalon.core.main.TestCaseExecutor.processExecutionPhase(TestCaseExecutor.java:307)
	at com.kms.katalon.core.main.TestCaseExecutor.accessMainPhase(TestCaseExecutor.java:299)
	at com.kms.katalon.core.main.TestCaseExecutor.execute(TestCaseExecutor.java:233)
	at com.kms.katalon.core.main.TestSuiteExecutor.accessTestCaseMainPhase(TestSuiteExecutor.java:169)
	at com.kms.katalon.core.main.TestSuiteExecutor.accessTestSuiteMainPhase(TestSuiteExecutor.java:142)
	at com.kms.katalon.core.main.TestSuiteExecutor.execute(TestSuiteExecutor.java:91)
	at com.kms.katalon.core.main.TestCaseMain.startTestSuite(TestCaseMain.java:157)
	at com.kms.katalon.core.main.TestCaseMain$startTestSuite$0.call(Unknown Source)
	at TempTestSuite1589297932133.run(TempTestSuite1589297932133.groovy:36)
Caused by: com.kms.katalon.core.exception.StepFailedException: Unable to verify match between actual text '&#8203;Toh Eng Shyan (ENGSHYAN)' and expected text 'null' using regular expression (Root cause: java.lang.NullPointerException
	at com.kms.katalon.core.helper.KeywordHelper.match(KeywordHelper.java:22)
	at com.kms.katalon.core.keyword.builtin.VerifyMatchKeyword$_verifyMatch_closure1.doCall(VerifyMatchKeyword.groovy:53)
	at com.kms.katalon.core.keyword.builtin.VerifyMatchKeyword$_verifyMatch_closure1.call(VerifyMatchKeyword.groovy)
	at com.kms.katalon.core.keyword.internal.KeywordMain.runKeyword(KeywordMain.groovy:68)
	at com.kms.katalon.core.keyword.builtin.VerifyMatchKeyword.verifyMatch(VerifyMatchKeyword.groovy:60)
	at com.kms.katalon.core.keyword.builtin.VerifyMatchKeyword.execute(VerifyMatchKeyword.groovy:45)
	at com.kms.katalon.core.keyword.internal.KeywordExecutor.executeKeywordForPlatform(KeywordExecutor.groovy:72)
	at com.kms.katalon.core.keyword.BuiltinKeywords.verifyMatch(BuiltinKeywords.groovy:73)
	at DropdownValidation.run(DropdownValidation:66)
	at com.kms.katalon.core.main.ScriptEngine.run(ScriptEngine.java:194)
	at com.kms.katalon.core.main.ScriptEngine.runScriptAsRawText(ScriptEngine.java:119)
	at com.kms.katalon.core.main.TestCaseExecutor.runScript(TestCaseExecutor.java:337)
	at com.kms.katalon.core.main.TestCaseExecutor.doExecute(TestCaseExecutor.java:328)
	at com.kms.katalon.core.main.TestCaseExecutor.processExecutionPhase(TestCaseExecutor.java:307)
	at com.kms.katalon.core.main.TestCaseExecutor.accessMainPhase(TestCaseExecutor.java:299)
	at com.kms.katalon.core.main.TestCaseExecutor.execute(TestCaseExecutor.java:233)
	at com.kms.katalon.core.main.TestCaseMain.runTestCase(TestCaseMain.java:114)
	at com.kms.katalon.core.keyword.builtin.CallTestCaseKeyword$_callTestCase_closure1.doCall(CallTestCaseKeyword.groovy:59)
	at com.kms.katalon.core.keyword.builtin.CallTestCaseKeyword$_callTestCase_closure1.call(CallTestCaseKeyword.groovy)
	at com.kms.katalon.core.keyword.internal.KeywordMain.runKeyword(KeywordMain.groovy:68)
	at com.kms.katalon.core.keyword.builtin.CallTestCaseKeyword.callTestCase(CallTestCaseKeyword.groovy:81)
	at com.kms.katalon.core.keyword.builtin.CallTestCaseKeyword.execute(CallTestCaseKeyword.groovy:44)
	at com.kms.katalon.core.keyword.internal.KeywordExecutor.executeKeywordForPlatform(KeywordExecutor.groovy:72)
	at com.kms.katalon.core.keyword.BuiltinKeywords.callTestCase(BuiltinKeywords.groovy:334)
	at PFI.CourtActionsLHS.run(PFI.CourtActionsLHS:90)
	at com.kms.katalon.core.main.ScriptEngine.run(ScriptEngine.java:194)
	at com.kms.katalon.core.main.ScriptEngine.runScriptAsRawText(ScriptEngine.java:119)
	at com.kms.katalon.core.main.TestCaseExecutor.runScript(TestCaseExecutor.java:337)
	at com.kms.katalon.core.main.TestCaseExecutor.doExecute(TestCaseExecutor.java:328)
	at com.kms.katalon.core.main.TestCaseExecutor.processExecutionPhase(TestCaseExecutor.java:307)
	at com.kms.katalon.core.main.TestCaseExecutor.accessMainPhase(TestCaseExecutor.java:299)
	at com.kms.katalon.core.main.TestCaseExecutor.execute(TestCaseExecutor.java:233)
	at com.kms.katalon.core.main.TestSuiteExecutor.accessTestCaseMainPhase(TestSuiteExecutor.java:169)
	at com.kms.katalon.core.main.TestSuiteExecutor.accessTestSuiteMainPhase(TestSuiteExecutor.java:142)
	at com.kms.katalon.core.main.TestSuiteExecutor.execute(TestSuiteExecutor.java:91)
	at com.kms.katalon.core.main.TestCaseMain.startTestSuite(TestCaseMain.java:157)
	at com.kms.katalon.core.main.TestCaseMain$startTestSuite$0.call(Unknown Source)
	at TempTestSuite1589297932133.run(TempTestSuite1589297932133.groovy:36)
)
	at com.kms.katalon.core.keyword.internal.KeywordMain.stepFailed(KeywordMain.groovy:50)
	at com.kms.katalon.core.keyword.internal.KeywordMain.stepFailed(KeywordMain.groovy)
	at com.kms.katalon.core.keyword.internal.KeywordMain.runKeyword(KeywordMain.groovy:70)
	at com.kms.katalon.core.keyword.builtin.VerifyMatchKeyword.verifyMatch(VerifyMatchKeyword.groovy:60)
	at com.kms.katalon.core.keyword.builtin.VerifyMatchKeyword.execute(VerifyMatchKeyword.groovy:45)
	at com.kms.katalon.core.keyword.internal.KeywordExecutor.executeKeywordForPlatform(KeywordExecutor.groovy:72)
	at com.kms.katalon.core.keyword.BuiltinKeywords.verifyMatch(BuiltinKeywords.groovy:73)
	at DropdownValidation.run(DropdownValidation:66)
	at com.kms.katalon.core.main.ScriptEngine.run(ScriptEngine.java:194)
	at com.kms.katalon.core.main.ScriptEngine.runScriptAsRawText(ScriptEngine.java:119)
	at com.kms.katalon.core.main.TestCaseExecutor.runScript(TestCaseExecutor.java:337)
	at com.kms.katalon.core.main.TestCaseExecutor.doExecute(TestCaseExecutor.java:328)
	at com.kms.katalon.core.main.TestCaseExecutor.processExecutionPhase(TestCaseExecutor.java:307)
	at com.kms.katalon.core.main.TestCaseExecutor.accessMainPhase(TestCaseExecutor.java:299)
	at com.kms.katalon.core.main.TestCaseExecutor.execute(TestCaseExecutor.java:233)
	at com.kms.katalon.core.main.TestCaseMain.runTestCase(TestCaseMain.java:114)
	at com.kms.katalon.core.keyword.builtin.CallTestCaseKeyword$_callTestCase_closure1.doCall(CallTestCaseKeyword.groovy:59)
	... 20 more
Caused by: java.lang.NullPointerException
	at com.kms.katalon.core.helper.KeywordHelper.match(KeywordHelper.java:22)
	at com.kms.katalon.core.keyword.builtin.VerifyMatchKeyword$_verifyMatch_closure1.doCall(VerifyMatchKeyword.groovy:53)
	at com.kms.katalon.core.keyword.builtin.VerifyMatchKeyword$_verifyMatch_closure1.call(VerifyMatchKeyword.groovy)
	at com.kms.katalon.core.keyword.internal.KeywordMain.runKeyword(KeywordMain.groovy:68)
	... 34 more
)

2020-05-12 23:58:26 - [TEST_CASE][FAILED] - Test Cases/PFI Precision and Scale/PFI Components/DropdownValidation: Test Cases/PFI Precision and Scale/PFI Components/DropdownValidation FAILED.
Reason:
com.kms.katalon.core.exception.StepFailedException: Unable to verify match between actual text '&#8203;Toh Eng Shyan (ENGSHYAN)' and expected text 'null' using regular expression (Root cause: java.lang.NullPointerException
	at com.kms.katalon.core.helper.KeywordHelper.match(KeywordHelper.java:22)
	at com.kms.katalon.core.keyword.builtin.VerifyMatchKeyword$_verifyMatch_closure1.doCall(VerifyMatchKeyword.groovy:53)
	at com.kms.katalon.core.keyword.builtin.VerifyMatchKeyword$_verifyMatch_closure1.call(VerifyMatchKeyword.groovy)
	at com.kms.katalon.core.keyword.internal.KeywordMain.runKeyword(KeywordMain.groovy:68)
	at com.kms.katalon.core.keyword.builtin.VerifyMatchKeyword.verifyMatch(VerifyMatchKeyword.groovy:60)
	at com.kms.katalon.core.keyword.builtin.VerifyMatchKeyword.execute(VerifyMatchKeyword.groovy:45)
	at com.kms.katalon.core.keyword.internal.KeywordExecutor.executeKeywordForPlatform(KeywordExecutor.groovy:72)
	at com.kms.katalon.core.keyword.BuiltinKeywords.verifyMatch(BuiltinKeywords.groovy:73)
	at DropdownValidation.run(DropdownValidation:66)
	at com.kms.katalon.core.main.ScriptEngine.run(ScriptEngine.java:194)
	at com.kms.katalon.core.main.ScriptEngine.runScriptAsRawText(ScriptEngine.java:119)
	at com.kms.katalon.core.main.TestCaseExecutor.runScript(TestCaseExecutor.java:337)
	at com.kms.katalon.core.main.TestCaseExecutor.doExecute(TestCaseExecutor.java:328)
	at com.kms.katalon.core.main.TestCaseExecutor.processExecutionPhase(TestCaseExecutor.java:307)
	at com.kms.katalon.core.main.TestCaseExecutor.accessMainPhase(TestCaseExecutor.java:299)
	at com.kms.katalon.core.main.TestCaseExecutor.execute(TestCaseExecutor.java:233)
	at com.kms.katalon.core.main.TestCaseMain.runTestCase(TestCaseMain.java:114)
	at com.kms.katalon.core.keyword.builtin.CallTestCaseKeyword$_callTestCase_closure1.doCall(CallTestCaseKeyword.groovy:59)
	at com.kms.katalon.core.keyword.builtin.CallTestCaseKeyword$_callTestCase_closure1.call(CallTestCaseKeyword.groovy)
	at com.kms.katalon.core.keyword.internal.KeywordMain.runKeyword(KeywordMain.groovy:68)
	at com.kms.katalon.core.keyword.builtin.CallTestCaseKeyword.callTestCase(CallTestCaseKeyword.groovy:81)
	at com.kms.katalon.core.keyword.builtin.CallTestCaseKeyword.execute(CallTestCaseKeyword.groovy:44)
	at com.kms.katalon.core.keyword.internal.KeywordExecutor.executeKeywordForPlatform(KeywordExecutor.groovy:72)
	at com.kms.katalon.core.keyword.BuiltinKeywords.callTestCase(BuiltinKeywords.groovy:334)
	at PFI.CourtActionsLHS.run(PFI.CourtActionsLHS:90)
	at com.kms.katalon.core.main.ScriptEngine.run(ScriptEngine.java:194)
	at com.kms.katalon.core.main.ScriptEngine.runScriptAsRawText(ScriptEngine.java:119)
	at com.kms.katalon.core.main.TestCaseExecutor.runScript(TestCaseExecutor.java:337)
	at com.kms.katalon.core.main.TestCaseExecutor.doExecute(TestCaseExecutor.java:328)
	at com.kms.katalon.core.main.TestCaseExecutor.processExecutionPhase(TestCaseExecutor.java:307)
	at com.kms.katalon.core.main.TestCaseExecutor.accessMainPhase(TestCaseExecutor.java:299)
	at com.kms.katalon.core.main.TestCaseExecutor.execute(TestCaseExecutor.java:233)
	at com.kms.katalon.core.main.TestSuiteExecutor.accessTestCaseMainPhase(TestSuiteExecutor.java:169)
	at com.kms.katalon.core.main.TestSuiteExecutor.accessTestSuiteMainPhase(TestSuiteExecutor.java:142)
	at com.kms.katalon.core.main.TestSuiteExecutor.execute(TestSuiteExecutor.java:91)
	at com.kms.katalon.core.main.TestCaseMain.startTestSuite(TestCaseMain.java:157)
	at com.kms.katalon.core.main.TestCaseMain$startTestSuite$0.call(Unknown Source)
	at TempTestSuite1589297932133.run(TempTestSuite1589297932133.groovy:36)
)
	at com.kms.katalon.core.keyword.internal.KeywordMain.stepFailed(KeywordMain.groovy:50)
	at com.kms.katalon.core.keyword.internal.KeywordMain.stepFailed(KeywordMain.groovy)
	at com.kms.katalon.core.keyword.internal.KeywordMain.runKeyword(KeywordMain.groovy:70)
	at com.kms.katalon.core.keyword.builtin.VerifyMatchKeyword.verifyMatch(VerifyMatchKeyword.groovy:60)
	at com.kms.katalon.core.keyword.builtin.VerifyMatchKeyword.execute(VerifyMatchKeyword.groovy:45)
	at com.kms.katalon.core.keyword.internal.KeywordExecutor.executeKeywordForPlatform(KeywordExecutor.groovy:72)
	at com.kms.katalon.core.keyword.BuiltinKeywords.verifyMatch(BuiltinKeywords.groovy:73)
	at DropdownValidation.run(DropdownValidation:66)
	at com.kms.katalon.core.main.ScriptEngine.run(ScriptEngine.java:194)
	at com.kms.katalon.core.main.ScriptEngine.runScriptAsRawText(ScriptEngine.java:119)
	at com.kms.katalon.core.main.TestCaseExecutor.runScript(TestCaseExecutor.java:337)
	at com.kms.katalon.core.main.TestCaseExecutor.doExecute(TestCaseExecutor.java:328)
	at com.kms.katalon.core.main.TestCaseExecutor.processExecutionPhase(TestCaseExecutor.java:307)
	at com.kms.katalon.core.main.TestCaseExecutor.accessMainPhase(TestCaseExecutor.java:299)
	at com.kms.katalon.core.main.TestCaseExecutor.execute(TestCaseExecutor.java:233)
	at com.kms.katalon.core.main.TestCaseMain.runTestCase(TestCaseMain.java:114)
	at com.kms.katalon.core.keyword.builtin.CallTestCaseKeyword$_callTestCase_closure1.doCall(CallTestCaseKeyword.groovy:59)
	at com.kms.katalon.core.keyword.builtin.CallTestCaseKeyword$_callTestCase_closure1.call(CallTestCaseKeyword.groovy)
	at com.kms.katalon.core.keyword.internal.KeywordMain.runKeyword(KeywordMain.groovy:68)
	at com.kms.katalon.core.keyword.builtin.CallTestCaseKeyword.callTestCase(CallTestCaseKeyword.groovy:81)
	at com.kms.katalon.core.keyword.builtin.CallTestCaseKeyword.execute(CallTestCaseKeyword.groovy:44)
	at com.kms.katalon.core.keyword.internal.KeywordExecutor.executeKeywordForPlatform(KeywordExecutor.groovy:72)
	at com.kms.katalon.core.keyword.BuiltinKeywords.callTestCase(BuiltinKeywords.groovy:334)
	at PFI.CourtActionsLHS.run(PFI.CourtActionsLHS:90)
	at com.kms.katalon.core.main.ScriptEngine.run(ScriptEngine.java:194)
	at com.kms.katalon.core.main.ScriptEngine.runScriptAsRawText(ScriptEngine.java:119)
	at com.kms.katalon.core.main.TestCaseExecutor.runScript(TestCaseExecutor.java:337)
	at com.kms.katalon.core.main.TestCaseExecutor.doExecute(TestCaseExecutor.java:328)
	at com.kms.katalon.core.main.TestCaseExecutor.processExecutionPhase(TestCaseExecutor.java:307)
	at com.kms.katalon.core.main.TestCaseExecutor.accessMainPhase(TestCaseExecutor.java:299)
	at com.kms.katalon.core.main.TestCaseExecutor.execute(TestCaseExecutor.java:233)
	at com.kms.katalon.core.main.TestSuiteExecutor.accessTestCaseMainPhase(TestSuiteExecutor.java:169)
	at com.kms.katalon.core.main.TestSuiteExecutor.accessTestSuiteMainPhase(TestSuiteExecutor.java:142)
	at com.kms.katalon.core.main.TestSuiteExecutor.execute(TestSuiteExecutor.java:91)
	at com.kms.katalon.core.main.TestCaseMain.startTestSuite(TestCaseMain.java:157)
	at com.kms.katalon.core.main.TestCaseMain$startTestSuite$0.call(Unknown Source)
	at TempTestSuite1589297932133.run(TempTestSuite1589297932133.groovy:36)
Caused by: java.lang.NullPointerException
	at com.kms.katalon.core.helper.KeywordHelper.match(KeywordHelper.java:22)
	at com.kms.katalon.core.keyword.builtin.VerifyMatchKeyword$_verifyMatch_closure1.doCall(VerifyMatchKeyword.groovy:53)
	at com.kms.katalon.core.keyword.builtin.VerifyMatchKeyword$_verifyMatch_closure1.call(VerifyMatchKeyword.groovy)
	at com.kms.katalon.core.keyword.internal.KeywordMain.runKeyword(KeywordMain.groovy:68)
	... 34 more


2020-05-12 23:58:26 - [TEST_STEP][PASSED] - enableSmartWait(): null

2020-05-12 23:58:26 - [TEST_STEP][PASSED] - NewInputNmField = modifyObjectProperty(findTestObject("Objects.NameValidation/input_FieldName"), "name", "equals", FldNm, true): Modify property of object successfully

2020-05-12 23:58:26 - [MESSAGE][PASSED] - Modify property of object successfully

2020-05-12 23:58:26 - [TEST_STEP][PASSED] - com.reusableComponents.HighlightElement.run(NewInputNmField): com.reusableComponents.HighlightElement.run is PASSED

2020-05-12 23:58:27 - [MESSAGE][PASSED] - com.reusableComponents.HighlightElement.run is PASSED

2020-05-12 23:58:27 - [TEST_STEP][PASSED] - clearText(NewInputNmField): Text of object 'Object Repository/Objects.NameValidation/input_FieldName' is cleared

2020-05-12 23:58:27 - [MESSAGE][PASSED] - Text of object 'Object Repository/Objects.NameValidation/input_FieldName' is cleared

2020-05-12 23:58:27 - [TEST_STEP][PASSED] - sendKeys(NewInputNmField, Keys.chord(ENTER)): Keys 'ENTER + ' sent to object: 'Object Repository/Objects.NameValidation/input_FieldName'

2020-05-12 23:58:28 - [MESSAGE][PASSED] - Keys 'ENTER + ' sent to object: 'Object Repository/Objects.NameValidation/input_FieldName'

2020-05-12 23:58:28 - [TEST_STEP][PASSED] - SearchArray = []: null

2020-05-12 23:58:28 - [TEST_STEP][PASSED] - SearchArray[0] = "1144": null

2020-05-12 23:58:28 - [TEST_STEP][PASSED] - SearchArray[1] = "0433": null

2020-05-12 23:58:28 - [TEST_STEP][PASSED] - SearchArray[2] = "6662": null

2020-05-12 23:58:28 - [TEST_STEP][PASSED] - SearchArray[3] = "S9699702G": null

2020-05-12 23:58:28 - [TEST_STEP][PASSED] - SearchArray[4] = "6661": null

2020-05-12 23:58:28 - [TEST_STEP][PASSED] - SearchArray[5] = "6398": null

2020-05-12 23:58:28 - [TEST_STEP][PASSED] - SearchArray[6] = "9075": null

2020-05-12 23:58:28 - [TEST_STEP][PASSED] - SearchArray[7] = "1234": null

2020-05-12 23:58:28 - [TEST_STEP][PASSED] - SearchArray[8] = "8096": null

2020-05-12 23:58:28 - [TEST_STEP][PASSED] - SearchArray[9] = "9249": null

2020-05-12 23:58:28 - [TEST_STEP][FAILED] - for ([NoOfVal = 0, NoOfVal <= NoOfOpt, (NoOfVal++)]): Unable to verify match between actual text '&#8203;Toh Eng Shyan (ENGSHYAN)' and expected text 'null' using regular expression (Root cause: java.lang.NullPointerException
	at com.kms.katalon.core.helper.KeywordHelper.match(KeywordHelper.java:22)
	at com.kms.katalon.core.keyword.builtin.VerifyMatchKeyword$_verifyMatch_closure1.doCall(VerifyMatchKeyword.groovy:53)
	at com.kms.katalon.core.keyword.builtin.VerifyMatchKeyword$_verifyMatch_closure1.call(VerifyMatchKeyword.groovy)
	at com.kms.katalon.core.keyword.internal.KeywordMain.runKeyword(KeywordMain.groovy:68)
	at com.kms.katalon.core.keyword.builtin.VerifyMatchKeyword.verifyMatch(VerifyMatchKeyword.groovy:60)
	at com.kms.katalon.core.keyword.builtin.VerifyMatchKeyword.execute(VerifyMatchKeyword.groovy:45)
	at com.kms.katalon.core.keyword.internal.KeywordExecutor.executeKeywordForPlatform(KeywordExecutor.groovy:72)
	at com.kms.katalon.core.keyword.BuiltinKeywords.verifyMatch(BuiltinKeywords.groovy:73)
	at DropdownValidation.run(DropdownValidation:66)
	at com.kms.katalon.core.main.ScriptEngine.run(ScriptEngine.java:194)
	at com.kms.katalon.core.main.ScriptEngine.runScriptAsRawText(ScriptEngine.java:119)
	at com.kms.katalon.core.main.TestCaseExecutor.runScript(TestCaseExecutor.java:337)
	at com.kms.katalon.core.main.TestCaseExecutor.doExecute(TestCaseExecutor.java:328)
	at com.kms.katalon.core.main.TestCaseExecutor.processExecutionPhase(TestCaseExecutor.java:307)
	at com.kms.katalon.core.main.TestCaseExecutor.accessMainPhase(TestCaseExecutor.java:299)
	at com.kms.katalon.core.main.TestCaseExecutor.execute(TestCaseExecutor.java:233)
	at com.kms.katalon.core.main.TestCaseMain.runTestCase(TestCaseMain.java:114)
	at com.kms.katalon.core.keyword.builtin.CallTestCaseKeyword$_callTestCase_closure1.doCall(CallTestCaseKeyword.groovy:59)
	at com.kms.katalon.core.keyword.builtin.CallTestCaseKeyword$_callTestCase_closure1.call(CallTestCaseKeyword.groovy)
	at com.kms.katalon.core.keyword.internal.KeywordMain.runKeyword(KeywordMain.groovy:68)
	at com.kms.katalon.core.keyword.builtin.CallTestCaseKeyword.callTestCase(CallTestCaseKeyword.groovy:81)
	at com.kms.katalon.core.keyword.builtin.CallTestCaseKeyword.execute(CallTestCaseKeyword.groovy:44)
	at com.kms.katalon.core.keyword.internal.KeywordExecutor.executeKeywordForPlatform(KeywordExecutor.groovy:72)
	at com.kms.katalon.core.keyword.BuiltinKeywords.callTestCase(BuiltinKeywords.groovy:334)
	at PFI.CourtActionsLHS.run(PFI.CourtActionsLHS:90)
	at com.kms.katalon.core.main.ScriptEngine.run(ScriptEngine.java:194)
	at com.kms.katalon.core.main.ScriptEngine.runScriptAsRawText(ScriptEngine.java:119)
	at com.kms.katalon.core.main.TestCaseExecutor.runScript(TestCaseExecutor.java:337)
	at com.kms.katalon.core.main.TestCaseExecutor.doExecute(TestCaseExecutor.java:328)
	at com.kms.katalon.core.main.TestCaseExecutor.processExecutionPhase(TestCaseExecutor.java:307)
	at com.kms.katalon.core.main.TestCaseExecutor.accessMainPhase(TestCaseExecutor.java:299)
	at com.kms.katalon.core.main.TestCaseExecutor.execute(TestCaseExecutor.java:233)
	at com.kms.katalon.core.main.TestSuiteExecutor.accessTestCaseMainPhase(TestSuiteExecutor.java:169)
	at com.kms.katalon.core.main.TestSuiteExecutor.accessTestSuiteMainPhase(TestSuiteExecutor.java:142)
	at com.kms.katalon.core.main.TestSuiteExecutor.execute(TestSuiteExecutor.java:91)
	at com.kms.katalon.core.main.TestCaseMain.startTestSuite(TestCaseMain.java:157)
	at com.kms.katalon.core.main.TestCaseMain$startTestSuite$0.call(Unknown Source)
	at TempTestSuite1589297932133.run(TempTestSuite1589297932133.groovy:36)
)

2020-05-12 23:58:28 - [TEST_STEP][PASSED] - sendKeys(NewInputNmField, Keys.chord(ARROW_DOWN)): Keys 'DOWN + ' sent to object: 'Object Repository/Objects.NameValidation/input_FieldName'

2020-05-12 23:58:28 - [MESSAGE][PASSED] - Keys 'DOWN + ' sent to object: 'Object Repository/Objects.NameValidation/input_FieldName'

2020-05-12 23:58:28 - [TEST_STEP][PASSED] - sendKeys(NewInputNmField, Keys.chord(ENTER)): Keys 'ENTER + ' sent to object: 'Object Repository/Objects.NameValidation/input_FieldName'

2020-05-12 23:58:28 - [MESSAGE][PASSED] - Keys 'ENTER + ' sent to object: 'Object Repository/Objects.NameValidation/input_FieldName'

2020-05-12 23:58:28 - [TEST_STEP][PASSED] - SearchNo = getAttribute(NewInputNmField, "value"): Attribute 'value' of object 'Object Repository/Objects.NameValidation/input_FieldName' is: '&#8203;Toh Eng Shyan (ENGSHYAN)'

2020-05-12 23:58:29 - [MESSAGE][PASSED] - Attribute 'value' of object 'Object Repository/Objects.NameValidation/input_FieldName' is: '&#8203;Toh Eng Shyan (ENGSHYAN)'

2020-05-12 23:58:29 - [TEST_STEP][PASSED] - FoundValue = SearchArray.find({ -> ... }): null

2020-05-12 23:58:29 - [TEST_STEP][FAILED] - verifyMatch(SearchNo, FoundValue, true): Unable to verify match between actual text '&#8203;Toh Eng Shyan (ENGSHYAN)' and expected text 'null' using regular expression (Root cause: java.lang.NullPointerException
	at com.kms.katalon.core.helper.KeywordHelper.match(KeywordHelper.java:22)
	at com.kms.katalon.core.keyword.builtin.VerifyMatchKeyword$_verifyMatch_closure1.doCall(VerifyMatchKeyword.groovy:53)
	at com.kms.katalon.core.keyword.builtin.VerifyMatchKeyword$_verifyMatch_closure1.call(VerifyMatchKeyword.groovy)
	at com.kms.katalon.core.keyword.internal.KeywordMain.runKeyword(KeywordMain.groovy:68)
	at com.kms.katalon.core.keyword.builtin.VerifyMatchKeyword.verifyMatch(VerifyMatchKeyword.groovy:60)
	at com.kms.katalon.core.keyword.builtin.VerifyMatchKeyword.execute(VerifyMatchKeyword.groovy:45)
	at com.kms.katalon.core.keyword.internal.KeywordExecutor.executeKeywordForPlatform(KeywordExecutor.groovy:72)
	at com.kms.katalon.core.keyword.BuiltinKeywords.verifyMatch(BuiltinKeywords.groovy:73)
	at DropdownValidation.run(DropdownValidation:66)
	at com.kms.katalon.core.main.ScriptEngine.run(ScriptEngine.java:194)
	at com.kms.katalon.core.main.ScriptEngine.runScriptAsRawText(ScriptEngine.java:119)
	at com.kms.katalon.core.main.TestCaseExecutor.runScript(TestCaseExecutor.java:337)
	at com.kms.katalon.core.main.TestCaseExecutor.doExecute(TestCaseExecutor.java:328)
	at com.kms.katalon.core.main.TestCaseExecutor.processExecutionPhase(TestCaseExecutor.java:307)
	at com.kms.katalon.core.main.TestCaseExecutor.accessMainPhase(TestCaseExecutor.java:299)
	at com.kms.katalon.core.main.TestCaseExecutor.execute(TestCaseExecutor.java:233)
	at com.kms.katalon.core.main.TestCaseMain.runTestCase(TestCaseMain.java:114)
	at com.kms.katalon.core.keyword.builtin.CallTestCaseKeyword$_callTestCase_closure1.doCall(CallTestCaseKeyword.groovy:59)
	at com.kms.katalon.core.keyword.builtin.CallTestCaseKeyword$_callTestCase_closure1.call(CallTestCaseKeyword.groovy)
	at com.kms.katalon.core.keyword.internal.KeywordMain.runKeyword(KeywordMain.groovy:68)
	at com.kms.katalon.core.keyword.builtin.CallTestCaseKeyword.callTestCase(CallTestCaseKeyword.groovy:81)
	at com.kms.katalon.core.keyword.builtin.CallTestCaseKeyword.execute(CallTestCaseKeyword.groovy:44)
	at com.kms.katalon.core.keyword.internal.KeywordExecutor.executeKeywordForPlatform(KeywordExecutor.groovy:72)
	at com.kms.katalon.core.keyword.BuiltinKeywords.callTestCase(BuiltinKeywords.groovy:334)
	at PFI.CourtActionsLHS.run(PFI.CourtActionsLHS:90)
	at com.kms.katalon.core.main.ScriptEngine.run(ScriptEngine.java:194)
	at com.kms.katalon.core.main.ScriptEngine.runScriptAsRawText(ScriptEngine.java:119)
	at com.kms.katalon.core.main.TestCaseExecutor.runScript(TestCaseExecutor.java:337)
	at com.kms.katalon.core.main.TestCaseExecutor.doExecute(TestCaseExecutor.java:328)
	at com.kms.katalon.core.main.TestCaseExecutor.processExecutionPhase(TestCaseExecutor.java:307)
	at com.kms.katalon.core.main.TestCaseExecutor.accessMainPhase(TestCaseExecutor.java:299)
	at com.kms.katalon.core.main.TestCaseExecutor.execute(TestCaseExecutor.java:233)
	at com.kms.katalon.core.main.TestSuiteExecutor.accessTestCaseMainPhase(TestSuiteExecutor.java:169)
	at com.kms.katalon.core.main.TestSuiteExecutor.accessTestSuiteMainPhase(TestSuiteExecutor.java:142)
	at com.kms.katalon.core.main.TestSuiteExecutor.execute(TestSuiteExecutor.java:91)
	at com.kms.katalon.core.main.TestCaseMain.startTestSuite(TestCaseMain.java:157)
	at com.kms.katalon.core.main.TestCaseMain$startTestSuite$0.call(Unknown Source)
	at TempTestSuite1589297932133.run(TempTestSuite1589297932133.groovy:36)
)

2020-05-12 23:58:29 - [MESSAGE][FAILED] - Unable to verify match between actual text '&#8203;Toh Eng Shyan (ENGSHYAN)' and expected text 'null' using regular expression (Root cause: java.lang.NullPointerException
	at com.kms.katalon.core.helper.KeywordHelper.match(KeywordHelper.java:22)
	at com.kms.katalon.core.keyword.builtin.VerifyMatchKeyword$_verifyMatch_closure1.doCall(VerifyMatchKeyword.groovy:53)
	at com.kms.katalon.core.keyword.builtin.VerifyMatchKeyword$_verifyMatch_closure1.call(VerifyMatchKeyword.groovy)
	at com.kms.katalon.core.keyword.internal.KeywordMain.runKeyword(KeywordMain.groovy:68)
	at com.kms.katalon.core.keyword.builtin.VerifyMatchKeyword.verifyMatch(VerifyMatchKeyword.groovy:60)
	at com.kms.katalon.core.keyword.builtin.VerifyMatchKeyword.execute(VerifyMatchKeyword.groovy:45)
	at com.kms.katalon.core.keyword.internal.KeywordExecutor.executeKeywordForPlatform(KeywordExecutor.groovy:72)
	at com.kms.katalon.core.keyword.BuiltinKeywords.verifyMatch(BuiltinKeywords.groovy:73)
	at DropdownValidation.run(DropdownValidation:66)
	at com.kms.katalon.core.main.ScriptEngine.run(ScriptEngine.java:194)
	at com.kms.katalon.core.main.ScriptEngine.runScriptAsRawText(ScriptEngine.java:119)
	at com.kms.katalon.core.main.TestCaseExecutor.runScript(TestCaseExecutor.java:337)
	at com.kms.katalon.core.main.TestCaseExecutor.doExecute(TestCaseExecutor.java:328)
	at com.kms.katalon.core.main.TestCaseExecutor.processExecutionPhase(TestCaseExecutor.java:307)
	at com.kms.katalon.core.main.TestCaseExecutor.accessMainPhase(TestCaseExecutor.java:299)
	at com.kms.katalon.core.main.TestCaseExecutor.execute(TestCaseExecutor.java:233)
	at com.kms.katalon.core.main.TestCaseMain.runTestCase(TestCaseMain.java:114)
	at com.kms.katalon.core.keyword.builtin.CallTestCaseKeyword$_callTestCase_closure1.doCall(CallTestCaseKeyword.groovy:59)
	at com.kms.katalon.core.keyword.builtin.CallTestCaseKeyword$_callTestCase_closure1.call(CallTestCaseKeyword.groovy)
	at com.kms.katalon.core.keyword.internal.KeywordMain.runKeyword(KeywordMain.groovy:68)
	at com.kms.katalon.core.keyword.builtin.CallTestCaseKeyword.callTestCase(CallTestCaseKeyword.groovy:81)
	at com.kms.katalon.core.keyword.builtin.CallTestCaseKeyword.execute(CallTestCaseKeyword.groovy:44)
	at com.kms.katalon.core.keyword.internal.KeywordExecutor.executeKeywordForPlatform(KeywordExecutor.groovy:72)
	at com.kms.katalon.core.keyword.BuiltinKeywords.callTestCase(BuiltinKeywords.groovy:334)
	at PFI.CourtActionsLHS.run(PFI.CourtActionsLHS:90)
	at com.kms.katalon.core.main.ScriptEngine.run(ScriptEngine.java:194)
	at com.kms.katalon.core.main.ScriptEngine.runScriptAsRawText(ScriptEngine.java:119)
	at com.kms.katalon.core.main.TestCaseExecutor.runScript(TestCaseExecutor.java:337)
	at com.kms.katalon.core.main.TestCaseExecutor.doExecute(TestCaseExecutor.java:328)
	at com.kms.katalon.core.main.TestCaseExecutor.processExecutionPhase(TestCaseExecutor.java:307)
	at com.kms.katalon.core.main.TestCaseExecutor.accessMainPhase(TestCaseExecutor.java:299)
	at com.kms.katalon.core.main.TestCaseExecutor.execute(TestCaseExecutor.java:233)
	at com.kms.katalon.core.main.TestSuiteExecutor.accessTestCaseMainPhase(TestSuiteExecutor.java:169)
	at com.kms.katalon.core.main.TestSuiteExecutor.accessTestSuiteMainPhase(TestSuiteExecutor.java:142)
	at com.kms.katalon.core.main.TestSuiteExecutor.execute(TestSuiteExecutor.java:91)
	at com.kms.katalon.core.main.TestCaseMain.startTestSuite(TestCaseMain.java:157)
	at com.kms.katalon.core.main.TestCaseMain$startTestSuite$0.call(Unknown Source)
	at TempTestSuite1589297932133.run(TempTestSuite1589297932133.groovy:36)
)

2020-05-12 23:58:29 - [MESSAGE][FAILED] - Unable to call Test Case 'Test Cases/PFI Precision and Scale/PFI Components/DropdownValidation' (Root cause: com.kms.katalon.core.exception.StepFailedException: Call Test Case 'Test Cases/PFI Precision and Scale/PFI Components/DropdownValidation' failed
	at com.kms.katalon.core.keyword.builtin.CallTestCaseKeyword$_callTestCase_closure1.doCall(CallTestCaseKeyword.groovy:63)
	at com.kms.katalon.core.keyword.builtin.CallTestCaseKeyword$_callTestCase_closure1.call(CallTestCaseKeyword.groovy)
	at com.kms.katalon.core.keyword.internal.KeywordMain.runKeyword(KeywordMain.groovy:68)
	at com.kms.katalon.core.keyword.builtin.CallTestCaseKeyword.callTestCase(CallTestCaseKeyword.groovy:81)
	at com.kms.katalon.core.keyword.builtin.CallTestCaseKeyword.execute(CallTestCaseKeyword.groovy:44)
	at com.kms.katalon.core.keyword.internal.KeywordExecutor.executeKeywordForPlatform(KeywordExecutor.groovy:72)
	at com.kms.katalon.core.keyword.BuiltinKeywords.callTestCase(BuiltinKeywords.groovy:334)
	at PFI.CourtActionsLHS.run(PFI.CourtActionsLHS:90)
	at com.kms.katalon.core.main.ScriptEngine.run(ScriptEngine.java:194)
	at com.kms.katalon.core.main.ScriptEngine.runScriptAsRawText(ScriptEngine.java:119)
	at com.kms.katalon.core.main.TestCaseExecutor.runScript(TestCaseExecutor.java:337)
	at com.kms.katalon.core.main.TestCaseExecutor.doExecute(TestCaseExecutor.java:328)
	at com.kms.katalon.core.main.TestCaseExecutor.processExecutionPhase(TestCaseExecutor.java:307)
	at com.kms.katalon.core.main.TestCaseExecutor.accessMainPhase(TestCaseExecutor.java:299)
	at com.kms.katalon.core.main.TestCaseExecutor.execute(TestCaseExecutor.java:233)
	at com.kms.katalon.core.main.TestSuiteExecutor.accessTestCaseMainPhase(TestSuiteExecutor.java:169)
	at com.kms.katalon.core.main.TestSuiteExecutor.accessTestSuiteMainPhase(TestSuiteExecutor.java:142)
	at com.kms.katalon.core.main.TestSuiteExecutor.execute(TestSuiteExecutor.java:91)
	at com.kms.katalon.core.main.TestCaseMain.startTestSuite(TestCaseMain.java:157)
	at com.kms.katalon.core.main.TestCaseMain$startTestSuite$0.call(Unknown Source)
	at TempTestSuite1589297932133.run(TempTestSuite1589297932133.groovy:36)
Caused by: com.kms.katalon.core.exception.StepFailedException: Unable to verify match between actual text '&#8203;Toh Eng Shyan (ENGSHYAN)' and expected text 'null' using regular expression (Root cause: java.lang.NullPointerException
	at com.kms.katalon.core.helper.KeywordHelper.match(KeywordHelper.java:22)
	at com.kms.katalon.core.keyword.builtin.VerifyMatchKeyword$_verifyMatch_closure1.doCall(VerifyMatchKeyword.groovy:53)
	at com.kms.katalon.core.keyword.builtin.VerifyMatchKeyword$_verifyMatch_closure1.call(VerifyMatchKeyword.groovy)
	at com.kms.katalon.core.keyword.internal.KeywordMain.runKeyword(KeywordMain.groovy:68)
	at com.kms.katalon.core.keyword.builtin.VerifyMatchKeyword.verifyMatch(VerifyMatchKeyword.groovy:60)
	at com.kms.katalon.core.keyword.builtin.VerifyMatchKeyword.execute(VerifyMatchKeyword.groovy:45)
	at com.kms.katalon.core.keyword.internal.KeywordExecutor.executeKeywordForPlatform(KeywordExecutor.groovy:72)
	at com.kms.katalon.core.keyword.BuiltinKeywords.verifyMatch(BuiltinKeywords.groovy:73)
	at DropdownValidation.run(DropdownValidation:66)
	at com.kms.katalon.core.main.ScriptEngine.run(ScriptEngine.java:194)
	at com.kms.katalon.core.main.ScriptEngine.runScriptAsRawText(ScriptEngine.java:119)
	at com.kms.katalon.core.main.TestCaseExecutor.runScript(TestCaseExecutor.java:337)
	at com.kms.katalon.core.main.TestCaseExecutor.doExecute(TestCaseExecutor.java:328)
	at com.kms.katalon.core.main.TestCaseExecutor.processExecutionPhase(TestCaseExecutor.java:307)
	at com.kms.katalon.core.main.TestCaseExecutor.accessMainPhase(TestCaseExecutor.java:299)
	at com.kms.katalon.core.main.TestCaseExecutor.execute(TestCaseExecutor.java:233)
	at com.kms.katalon.core.main.TestCaseMain.runTestCase(TestCaseMain.java:114)
	at com.kms.katalon.core.keyword.builtin.CallTestCaseKeyword$_callTestCase_closure1.doCall(CallTestCaseKeyword.groovy:59)
	at com.kms.katalon.core.keyword.builtin.CallTestCaseKeyword$_callTestCase_closure1.call(CallTestCaseKeyword.groovy)
	at com.kms.katalon.core.keyword.internal.KeywordMain.runKeyword(KeywordMain.groovy:68)
	at com.kms.katalon.core.keyword.builtin.CallTestCaseKeyword.callTestCase(CallTestCaseKeyword.groovy:81)
	at com.kms.katalon.core.keyword.builtin.CallTestCaseKeyword.execute(CallTestCaseKeyword.groovy:44)
	at com.kms.katalon.core.keyword.internal.KeywordExecutor.executeKeywordForPlatform(KeywordExecutor.groovy:72)
	at com.kms.katalon.core.keyword.BuiltinKeywords.callTestCase(BuiltinKeywords.groovy:334)
	at PFI.CourtActionsLHS.run(PFI.CourtActionsLHS:90)
	at com.kms.katalon.core.main.ScriptEngine.run(ScriptEngine.java:194)
	at com.kms.katalon.core.main.ScriptEngine.runScriptAsRawText(ScriptEngine.java:119)
	at com.kms.katalon.core.main.TestCaseExecutor.runScript(TestCaseExecutor.java:337)
	at com.kms.katalon.core.main.TestCaseExecutor.doExecute(TestCaseExecutor.java:328)
	at com.kms.katalon.core.main.TestCaseExecutor.processExecutionPhase(TestCaseExecutor.java:307)
	at com.kms.katalon.core.main.TestCaseExecutor.accessMainPhase(TestCaseExecutor.java:299)
	at com.kms.katalon.core.main.TestCaseExecutor.execute(TestCaseExecutor.java:233)
	at com.kms.katalon.core.main.TestSuiteExecutor.accessTestCaseMainPhase(TestSuiteExecutor.java:169)
	at com.kms.katalon.core.main.TestSuiteExecutor.accessTestSuiteMainPhase(TestSuiteExecutor.java:142)
	at com.kms.katalon.core.main.TestSuiteExecutor.execute(TestSuiteExecutor.java:91)
	at com.kms.katalon.core.main.TestCaseMain.startTestSuite(TestCaseMain.java:157)
	at com.kms.katalon.core.main.TestCaseMain$startTestSuite$0.call(Unknown Source)
	at TempTestSuite1589297932133.run(TempTestSuite1589297932133.groovy:36)
)
	at com.kms.katalon.core.keyword.internal.KeywordMain.stepFailed(KeywordMain.groovy:50)
	at com.kms.katalon.core.keyword.internal.KeywordMain.stepFailed(KeywordMain.groovy)
	at com.kms.katalon.core.keyword.internal.KeywordMain.runKeyword(KeywordMain.groovy:70)
	at com.kms.katalon.core.keyword.builtin.VerifyMatchKeyword.verifyMatch(VerifyMatchKeyword.groovy:60)
	at com.kms.katalon.core.keyword.builtin.VerifyMatchKeyword.execute(VerifyMatchKeyword.groovy:45)
	at com.kms.katalon.core.keyword.internal.KeywordExecutor.executeKeywordForPlatform(KeywordExecutor.groovy:72)
	at com.kms.katalon.core.keyword.BuiltinKeywords.verifyMatch(BuiltinKeywords.groovy:73)
	at DropdownValidation.run(DropdownValidation:66)
	at com.kms.katalon.core.main.ScriptEngine.run(ScriptEngine.java:194)
	at com.kms.katalon.core.main.ScriptEngine.runScriptAsRawText(ScriptEngine.java:119)
	at com.kms.katalon.core.main.TestCaseExecutor.runScript(TestCaseExecutor.java:337)
	at com.kms.katalon.core.main.TestCaseExecutor.doExecute(TestCaseExecutor.java:328)
	at com.kms.katalon.core.main.TestCaseExecutor.processExecutionPhase(TestCaseExecutor.java:307)
	at com.kms.katalon.core.main.TestCaseExecutor.accessMainPhase(TestCaseExecutor.java:299)
	at com.kms.katalon.core.main.TestCaseExecutor.execute(TestCaseExecutor.java:233)
	at com.kms.katalon.core.main.TestCaseMain.runTestCase(TestCaseMain.java:114)
	at com.kms.katalon.core.keyword.builtin.CallTestCaseKeyword$_callTestCase_closure1.doCall(CallTestCaseKeyword.groovy:59)
	... 20 more
Caused by: java.lang.NullPointerException
	at com.kms.katalon.core.helper.KeywordHelper.match(KeywordHelper.java:22)
	at com.kms.katalon.core.keyword.builtin.VerifyMatchKeyword$_verifyMatch_closure1.doCall(VerifyMatchKeyword.groovy:53)
	at com.kms.katalon.core.keyword.builtin.VerifyMatchKeyword$_verifyMatch_closure1.call(VerifyMatchKeyword.groovy)
	at com.kms.katalon.core.keyword.internal.KeywordMain.runKeyword(KeywordMain.groovy:68)
	... 34 more
)]]></system-out>
         <system-err><![CDATA[2020-05-12 23:55:33 - [TEST_CASE][FAILED] - Test Cases/PFI Precision and Scale/PFI Test Cases/PFI.CourtActionsLHS: Test Cases/PFI Precision and Scale/PFI Test Cases/PFI.CourtActionsLHS FAILED.
Reason:
com.kms.katalon.core.exception.StepFailedException: Call Test Case 'Test Cases/PFI Precision and Scale/PFI Components/DropdownValidation' failed
	at com.kms.katalon.core.keyword.builtin.CallTestCaseKeyword$_callTestCase_closure1.doCall(CallTestCaseKeyword.groovy:63)
	at com.kms.katalon.core.keyword.builtin.CallTestCaseKeyword$_callTestCase_closure1.call(CallTestCaseKeyword.groovy)
	at com.kms.katalon.core.keyword.internal.KeywordMain.runKeyword(KeywordMain.groovy:68)
	at com.kms.katalon.core.keyword.builtin.CallTestCaseKeyword.callTestCase(CallTestCaseKeyword.groovy:81)
	at com.kms.katalon.core.keyword.builtin.CallTestCaseKeyword.execute(CallTestCaseKeyword.groovy:44)
	at com.kms.katalon.core.keyword.internal.KeywordExecutor.executeKeywordForPlatform(KeywordExecutor.groovy:72)
	at com.kms.katalon.core.keyword.BuiltinKeywords.callTestCase(BuiltinKeywords.groovy:334)
	at PFI.CourtActionsLHS.run(PFI.CourtActionsLHS:90)
	at com.kms.katalon.core.main.ScriptEngine.run(ScriptEngine.java:194)
	at com.kms.katalon.core.main.ScriptEngine.runScriptAsRawText(ScriptEngine.java:119)
	at com.kms.katalon.core.main.TestCaseExecutor.runScript(TestCaseExecutor.java:337)
	at com.kms.katalon.core.main.TestCaseExecutor.doExecute(TestCaseExecutor.java:328)
	at com.kms.katalon.core.main.TestCaseExecutor.processExecutionPhase(TestCaseExecutor.java:307)
	at com.kms.katalon.core.main.TestCaseExecutor.accessMainPhase(TestCaseExecutor.java:299)
	at com.kms.katalon.core.main.TestCaseExecutor.execute(TestCaseExecutor.java:233)
	at com.kms.katalon.core.main.TestSuiteExecutor.accessTestCaseMainPhase(TestSuiteExecutor.java:169)
	at com.kms.katalon.core.main.TestSuiteExecutor.accessTestSuiteMainPhase(TestSuiteExecutor.java:142)
	at com.kms.katalon.core.main.TestSuiteExecutor.execute(TestSuiteExecutor.java:91)
	at com.kms.katalon.core.main.TestCaseMain.startTestSuite(TestCaseMain.java:157)
	at com.kms.katalon.core.main.TestCaseMain$startTestSuite$0.call(Unknown Source)
	at TempTestSuite1589297932133.run(TempTestSuite1589297932133.groovy:36)
Caused by: com.kms.katalon.core.exception.StepFailedException: Unable to verify match between actual text '&#8203;Toh Eng Shyan (ENGSHYAN)' and expected text 'null' using regular expression (Root cause: java.lang.NullPointerException
	at com.kms.katalon.core.helper.KeywordHelper.match(KeywordHelper.java:22)
	at com.kms.katalon.core.keyword.builtin.VerifyMatchKeyword$_verifyMatch_closure1.doCall(VerifyMatchKeyword.groovy:53)
	at com.kms.katalon.core.keyword.builtin.VerifyMatchKeyword$_verifyMatch_closure1.call(VerifyMatchKeyword.groovy)
	at com.kms.katalon.core.keyword.internal.KeywordMain.runKeyword(KeywordMain.groovy:68)
	at com.kms.katalon.core.keyword.builtin.VerifyMatchKeyword.verifyMatch(VerifyMatchKeyword.groovy:60)
	at com.kms.katalon.core.keyword.builtin.VerifyMatchKeyword.execute(VerifyMatchKeyword.groovy:45)
	at com.kms.katalon.core.keyword.internal.KeywordExecutor.executeKeywordForPlatform(KeywordExecutor.groovy:72)
	at com.kms.katalon.core.keyword.BuiltinKeywords.verifyMatch(BuiltinKeywords.groovy:73)
	at DropdownValidation.run(DropdownValidation:66)
	at com.kms.katalon.core.main.ScriptEngine.run(ScriptEngine.java:194)
	at com.kms.katalon.core.main.ScriptEngine.runScriptAsRawText(ScriptEngine.java:119)
	at com.kms.katalon.core.main.TestCaseExecutor.runScript(TestCaseExecutor.java:337)
	at com.kms.katalon.core.main.TestCaseExecutor.doExecute(TestCaseExecutor.java:328)
	at com.kms.katalon.core.main.TestCaseExecutor.processExecutionPhase(TestCaseExecutor.java:307)
	at com.kms.katalon.core.main.TestCaseExecutor.accessMainPhase(TestCaseExecutor.java:299)
	at com.kms.katalon.core.main.TestCaseExecutor.execute(TestCaseExecutor.java:233)
	at com.kms.katalon.core.main.TestCaseMain.runTestCase(TestCaseMain.java:114)
	at com.kms.katalon.core.keyword.builtin.CallTestCaseKeyword$_callTestCase_closure1.doCall(CallTestCaseKeyword.groovy:59)
	at com.kms.katalon.core.keyword.builtin.CallTestCaseKeyword$_callTestCase_closure1.call(CallTestCaseKeyword.groovy)
	at com.kms.katalon.core.keyword.internal.KeywordMain.runKeyword(KeywordMain.groovy:68)
	at com.kms.katalon.core.keyword.builtin.CallTestCaseKeyword.callTestCase(CallTestCaseKeyword.groovy:81)
	at com.kms.katalon.core.keyword.builtin.CallTestCaseKeyword.execute(CallTestCaseKeyword.groovy:44)
	at com.kms.katalon.core.keyword.internal.KeywordExecutor.executeKeywordForPlatform(KeywordExecutor.groovy:72)
	at com.kms.katalon.core.keyword.BuiltinKeywords.callTestCase(BuiltinKeywords.groovy:334)
	at PFI.CourtActionsLHS.run(PFI.CourtActionsLHS:90)
	at com.kms.katalon.core.main.ScriptEngine.run(ScriptEngine.java:194)
	at com.kms.katalon.core.main.ScriptEngine.runScriptAsRawText(ScriptEngine.java:119)
	at com.kms.katalon.core.main.TestCaseExecutor.runScript(TestCaseExecutor.java:337)
	at com.kms.katalon.core.main.TestCaseExecutor.doExecute(TestCaseExecutor.java:328)
	at com.kms.katalon.core.main.TestCaseExecutor.processExecutionPhase(TestCaseExecutor.java:307)
	at com.kms.katalon.core.main.TestCaseExecutor.accessMainPhase(TestCaseExecutor.java:299)
	at com.kms.katalon.core.main.TestCaseExecutor.execute(TestCaseExecutor.java:233)
	at com.kms.katalon.core.main.TestSuiteExecutor.accessTestCaseMainPhase(TestSuiteExecutor.java:169)
	at com.kms.katalon.core.main.TestSuiteExecutor.accessTestSuiteMainPhase(TestSuiteExecutor.java:142)
	at com.kms.katalon.core.main.TestSuiteExecutor.execute(TestSuiteExecutor.java:91)
	at com.kms.katalon.core.main.TestCaseMain.startTestSuite(TestCaseMain.java:157)
	at com.kms.katalon.core.main.TestCaseMain$startTestSuite$0.call(Unknown Source)
	at TempTestSuite1589297932133.run(TempTestSuite1589297932133.groovy:36)
)
	at com.kms.katalon.core.keyword.internal.KeywordMain.stepFailed(KeywordMain.groovy:50)
	at com.kms.katalon.core.keyword.internal.KeywordMain.stepFailed(KeywordMain.groovy)
	at com.kms.katalon.core.keyword.internal.KeywordMain.runKeyword(KeywordMain.groovy:70)
	at com.kms.katalon.core.keyword.builtin.VerifyMatchKeyword.verifyMatch(VerifyMatchKeyword.groovy:60)
	at com.kms.katalon.core.keyword.builtin.VerifyMatchKeyword.execute(VerifyMatchKeyword.groovy:45)
	at com.kms.katalon.core.keyword.internal.KeywordExecutor.executeKeywordForPlatform(KeywordExecutor.groovy:72)
	at com.kms.katalon.core.keyword.BuiltinKeywords.verifyMatch(BuiltinKeywords.groovy:73)
	at DropdownValidation.run(DropdownValidation:66)
	at com.kms.katalon.core.main.ScriptEngine.run(ScriptEngine.java:194)
	at com.kms.katalon.core.main.ScriptEngine.runScriptAsRawText(ScriptEngine.java:119)
	at com.kms.katalon.core.main.TestCaseExecutor.runScript(TestCaseExecutor.java:337)
	at com.kms.katalon.core.main.TestCaseExecutor.doExecute(TestCaseExecutor.java:328)
	at com.kms.katalon.core.main.TestCaseExecutor.processExecutionPhase(TestCaseExecutor.java:307)
	at com.kms.katalon.core.main.TestCaseExecutor.accessMainPhase(TestCaseExecutor.java:299)
	at com.kms.katalon.core.main.TestCaseExecutor.execute(TestCaseExecutor.java:233)
	at com.kms.katalon.core.main.TestCaseMain.runTestCase(TestCaseMain.java:114)
	at com.kms.katalon.core.keyword.builtin.CallTestCaseKeyword$_callTestCase_closure1.doCall(CallTestCaseKeyword.groovy:59)
	... 20 more
Caused by: java.lang.NullPointerException
	at com.kms.katalon.core.helper.KeywordHelper.match(KeywordHelper.java:22)
	at com.kms.katalon.core.keyword.builtin.VerifyMatchKeyword$_verifyMatch_closure1.doCall(VerifyMatchKeyword.groovy:53)
	at com.kms.katalon.core.keyword.builtin.VerifyMatchKeyword$_verifyMatch_closure1.call(VerifyMatchKeyword.groovy)
	at com.kms.katalon.core.keyword.internal.KeywordMain.runKeyword(KeywordMain.groovy:68)
	... 34 more]]></system-err>
      </testcase>
      <system-out><![CDATA[2020-05-12 23:39:44 - [TEST_SUITE][FAILED] - Page Section: Test Cases/PFI Precision and Scale/PFI Test Cases/PFI.UpdateReportsLHS FAILED.
Reason:
com.kms.katalon.core.exception.StepFailedException: Call Test Case 'Test Cases/Components/00_Precision and Scale/DatePickerValidation' failed
	at com.kms.katalon.core.keyword.builtin.CallTestCaseKeyword$_callTestCase_closure1.doCall(CallTestCaseKeyword.groovy:63)
	at com.kms.katalon.core.keyword.builtin.CallTestCaseKeyword$_callTestCase_closure1.call(CallTestCaseKeyword.groovy)
	at com.kms.katalon.core.keyword.internal.KeywordMain.runKeyword(KeywordMain.groovy:68)
	at com.kms.katalon.core.keyword.builtin.CallTestCaseKeyword.callTestCase(CallTestCaseKeyword.groovy:81)
	at com.kms.katalon.core.keyword.builtin.CallTestCaseKeyword.execute(CallTestCaseKeyword.groovy:44)
	at com.kms.katalon.core.keyword.internal.KeywordExecutor.executeKeywordForPlatform(KeywordExecutor.groovy:72)
	at com.kms.katalon.core.keyword.BuiltinKeywords.callTestCase(BuiltinKeywords.groovy:334)
	at PFI.UpdateReportsLHS.run(PFI.UpdateReportsLHS:70)
	at com.kms.katalon.core.main.ScriptEngine.run(ScriptEngine.java:194)
	at com.kms.katalon.core.main.ScriptEngine.runScriptAsRawText(ScriptEngine.java:119)
	at com.kms.katalon.core.main.TestCaseExecutor.runScript(TestCaseExecutor.java:337)
	at com.kms.katalon.core.main.TestCaseExecutor.doExecute(TestCaseExecutor.java:328)
	at com.kms.katalon.core.main.TestCaseExecutor.processExecutionPhase(TestCaseExecutor.java:307)
	at com.kms.katalon.core.main.TestCaseExecutor.accessMainPhase(TestCaseExecutor.java:299)
	at com.kms.katalon.core.main.TestCaseExecutor.execute(TestCaseExecutor.java:233)
	at com.kms.katalon.core.main.TestSuiteExecutor.accessTestCaseMainPhase(TestSuiteExecutor.java:169)
	at com.kms.katalon.core.main.TestSuiteExecutor.accessTestSuiteMainPhase(TestSuiteExecutor.java:142)
	at com.kms.katalon.core.main.TestSuiteExecutor.execute(TestSuiteExecutor.java:91)
	at com.kms.katalon.core.main.TestCaseMain.startTestSuite(TestCaseMain.java:157)
	at com.kms.katalon.core.main.TestCaseMain$startTestSuite$0.call(Unknown Source)
	at TempTestSuite1589297932133.run(TempTestSuite1589297932133.groovy:36)
Caused by: com.kms.katalon.core.exception.StepFailedException: Actual text '28/05/2020' and expected text '12/05/2020' are not matched using regular expression
	at com.kms.katalon.core.keyword.builtin.VerifyMatchKeyword$_verifyMatch_closure1.doCall(VerifyMatchKeyword.groovy:57)
	at com.kms.katalon.core.keyword.builtin.VerifyMatchKeyword$_verifyMatch_closure1.call(VerifyMatchKeyword.groovy)
	at com.kms.katalon.core.keyword.internal.KeywordMain.runKeyword(KeywordMain.groovy:68)
	at com.kms.katalon.core.keyword.builtin.VerifyMatchKeyword.verifyMatch(VerifyMatchKeyword.groovy:60)
	at com.kms.katalon.core.keyword.builtin.VerifyMatchKeyword.execute(VerifyMatchKeyword.groovy:45)
	at com.kms.katalon.core.keyword.internal.KeywordExecutor.executeKeywordForPlatform(KeywordExecutor.groovy:72)
	at com.kms.katalon.core.keyword.BuiltinKeywords.verifyMatch(BuiltinKeywords.groovy:73)
	at DatePickerValidation.run(DatePickerValidation:127)
	at com.kms.katalon.core.main.ScriptEngine.run(ScriptEngine.java:194)
	at com.kms.katalon.core.main.ScriptEngine.runScriptAsRawText(ScriptEngine.java:119)
	at com.kms.katalon.core.main.TestCaseExecutor.runScript(TestCaseExecutor.java:337)
	at com.kms.katalon.core.main.TestCaseExecutor.doExecute(TestCaseExecutor.java:328)
	at com.kms.katalon.core.main.TestCaseExecutor.processExecutionPhase(TestCaseExecutor.java:307)
	at com.kms.katalon.core.main.TestCaseExecutor.accessMainPhase(TestCaseExecutor.java:299)
	at com.kms.katalon.core.main.TestCaseExecutor.execute(TestCaseExecutor.java:233)
	at com.kms.katalon.core.main.TestCaseMain.runTestCase(TestCaseMain.java:114)
	at com.kms.katalon.core.keyword.builtin.CallTestCaseKeyword$_callTestCase_closure1.doCall(CallTestCaseKeyword.groovy:59)
	... 20 more]]></system-out>
      <system-err><![CDATA[2020-05-12 23:39:44 - [TEST_SUITE][FAILED] - Page Section: Test Cases/PFI Precision and Scale/PFI Test Cases/PFI.UpdateReportsLHS FAILED.
Reason:
com.kms.katalon.core.exception.StepFailedException: Call Test Case 'Test Cases/Components/00_Precision and Scale/DatePickerValidation' failed
	at com.kms.katalon.core.keyword.builtin.CallTestCaseKeyword$_callTestCase_closure1.doCall(CallTestCaseKeyword.groovy:63)
	at com.kms.katalon.core.keyword.builtin.CallTestCaseKeyword$_callTestCase_closure1.call(CallTestCaseKeyword.groovy)
	at com.kms.katalon.core.keyword.internal.KeywordMain.runKeyword(KeywordMain.groovy:68)
	at com.kms.katalon.core.keyword.builtin.CallTestCaseKeyword.callTestCase(CallTestCaseKeyword.groovy:81)
	at com.kms.katalon.core.keyword.builtin.CallTestCaseKeyword.execute(CallTestCaseKeyword.groovy:44)
	at com.kms.katalon.core.keyword.internal.KeywordExecutor.executeKeywordForPlatform(KeywordExecutor.groovy:72)
	at com.kms.katalon.core.keyword.BuiltinKeywords.callTestCase(BuiltinKeywords.groovy:334)
	at PFI.UpdateReportsLHS.run(PFI.UpdateReportsLHS:70)
	at com.kms.katalon.core.main.ScriptEngine.run(ScriptEngine.java:194)
	at com.kms.katalon.core.main.ScriptEngine.runScriptAsRawText(ScriptEngine.java:119)
	at com.kms.katalon.core.main.TestCaseExecutor.runScript(TestCaseExecutor.java:337)
	at com.kms.katalon.core.main.TestCaseExecutor.doExecute(TestCaseExecutor.java:328)
	at com.kms.katalon.core.main.TestCaseExecutor.processExecutionPhase(TestCaseExecutor.java:307)
	at com.kms.katalon.core.main.TestCaseExecutor.accessMainPhase(TestCaseExecutor.java:299)
	at com.kms.katalon.core.main.TestCaseExecutor.execute(TestCaseExecutor.java:233)
	at com.kms.katalon.core.main.TestSuiteExecutor.accessTestCaseMainPhase(TestSuiteExecutor.java:169)
	at com.kms.katalon.core.main.TestSuiteExecutor.accessTestSuiteMainPhase(TestSuiteExecutor.java:142)
	at com.kms.katalon.core.main.TestSuiteExecutor.execute(TestSuiteExecutor.java:91)
	at com.kms.katalon.core.main.TestCaseMain.startTestSuite(TestCaseMain.java:157)
	at com.kms.katalon.core.main.TestCaseMain$startTestSuite$0.call(Unknown Source)
	at TempTestSuite1589297932133.run(TempTestSuite1589297932133.groovy:36)
Caused by: com.kms.katalon.core.exception.StepFailedException: Actual text '28/05/2020' and expected text '12/05/2020' are not matched using regular expression
	at com.kms.katalon.core.keyword.builtin.VerifyMatchKeyword$_verifyMatch_closure1.doCall(VerifyMatchKeyword.groovy:57)
	at com.kms.katalon.core.keyword.builtin.VerifyMatchKeyword$_verifyMatch_closure1.call(VerifyMatchKeyword.groovy)
	at com.kms.katalon.core.keyword.internal.KeywordMain.runKeyword(KeywordMain.groovy:68)
	at com.kms.katalon.core.keyword.builtin.VerifyMatchKeyword.verifyMatch(VerifyMatchKeyword.groovy:60)
	at com.kms.katalon.core.keyword.builtin.VerifyMatchKeyword.execute(VerifyMatchKeyword.groovy:45)
	at com.kms.katalon.core.keyword.internal.KeywordExecutor.executeKeywordForPlatform(KeywordExecutor.groovy:72)
	at com.kms.katalon.core.keyword.BuiltinKeywords.verifyMatch(BuiltinKeywords.groovy:73)
	at DatePickerValidation.run(DatePickerValidation:127)
	at com.kms.katalon.core.main.ScriptEngine.run(ScriptEngine.java:194)
	at com.kms.katalon.core.main.ScriptEngine.runScriptAsRawText(ScriptEngine.java:119)
	at com.kms.katalon.core.main.TestCaseExecutor.runScript(TestCaseExecutor.java:337)
	at com.kms.katalon.core.main.TestCaseExecutor.doExecute(TestCaseExecutor.java:328)
	at com.kms.katalon.core.main.TestCaseExecutor.processExecutionPhase(TestCaseExecutor.java:307)
	at com.kms.katalon.core.main.TestCaseExecutor.accessMainPhase(TestCaseExecutor.java:299)
	at com.kms.katalon.core.main.TestCaseExecutor.execute(TestCaseExecutor.java:233)
	at com.kms.katalon.core.main.TestCaseMain.runTestCase(TestCaseMain.java:114)
	at com.kms.katalon.core.keyword.builtin.CallTestCaseKeyword$_callTestCase_closure1.doCall(CallTestCaseKeyword.groovy:59)
	... 20 more]]></system-err>
   </testsuite>
</testsuites>
