<?xml version="1.0" encoding="UTF-8"?>
<testsuites name="PFI-Utilities" time="595.711" tests="1" failures="0" errors="0">
   <testsuite name="PFI-Utilities" tests="1" failures="0" errors="0" time="595.711" timestamp="2020-10-26 18:59:30" hostname="20008-KMLM - 192.168.16.35" id="Test Suites/PFI Precision and Scale Automated Regression Suite/PFI - Utilities/PFI-Utilities">
      <properties>
         <property name="deviceName" value=""/>
         <property name="devicePlatform" value=""/>
         <property name="logFolder" value="C:\\Users\\20008-KMLM\\Desktop\\ISPS Automation\\Reports\\20201026_185916\\PFI Precision and Scale Automated Regression Suite\\PFI - Utilities\\PFI-Utilities\\20201026_185916"/>
         <property name="logFiles" value="C:\\Users\\20008-KMLM\\Desktop\\ISPS Automation\\Reports\\20201026_185916\\PFI Precision and Scale Automated Regression Suite\\PFI - Utilities\\PFI-Utilities\\20201026_185916\\execution0.log"/>
         <property name="attachments" value=""/>
         <property name="hostName" value="20008-KMLM - 192.168.16.35"/>
         <property name="os" value="Windows 10 64bit"/>
         <property name="katalonVersion" value="7.2.1.1"/>
         <property name="browser" value="Chrome 86.0.4240.111"/>
         <property name="hostAddress" value="192.168.16.35"/>
         <property name="sessionId" value="194470e026552175c2e7f19979d70cdf"/>
         <property name="seleniumVersion" value="3.141.59"/>
         <property name="proxyInformation" value="ProxyInformation{proxyOption=NO_PROXY, proxyServerType=HTTP, password=, proxyServerAddress=, proxyServerPort=0, executionList=}"/>
         <property name="platform" value="Windows 10"/>
      </properties>
      <testcase name="Test Cases/PFI Precision and Scale/PFI Test Cases/PFI - Utilities/Utilities.CreateNewBldgGroup" time="572.651" classname="Test Cases/PFI Precision and Scale/PFI Test Cases/PFI - Utilities/Utilities.CreateNewBldgGroup" status="PASSED">
         <system-out><![CDATA[2020-10-26 18:59:31 - [TEST_CASE][PASSED] - Test Cases/PFI Precision and Scale/PFI Test Cases/PFI - Utilities/Utilities.CreateNewBldgGroup: Test Cases/PFI Precision and Scale/PFI Test Cases/PFI - Utilities/Utilities.CreateNewBldgGroup

2020-10-26 18:59:33 - [TEST_STEP][PASSED] - callTestCase(findTestCase("Components/LoginV2.0"), ["LinkToBeUsed":findTestData("Datatable").getValue("URL", 2), "LoginPageTextToBeVerified":"Sign in to ISPS2-SG-UAT", "Username":"sysadmin", ... ], STOP_ON_FAILURE): Call Test Case 'Test Cases/Components/LoginV2.0' successfully

2020-10-26 18:59:33 - [TEST_CASE][PASSED] - Test Cases/Components/LoginV2.0: Test Cases/Components/LoginV2.0

2020-10-26 18:59:34 - [TEST_STEP][PASSED] - openBrowser(LinkToBeUsed): Browser is opened with url: 'http://192.168.190.37:3012/isps2-mig/authnz/login.do'

2020-10-26 18:59:34 - [MESSAGE][INFO] - Starting 'Edge' driver

2020-10-26 18:59:35 - [MESSAGE][INFO] - Action delay is set to 0 seconds

2020-10-26 18:59:49 - [MESSAGE][PASSED] - Browser is opened with url: 'http://192.168.190.37:3012/isps2-mig/authnz/login.do'

2020-10-26 18:59:49 - [TEST_STEP][PASSED] - maximizeWindow(): Current window maximized

2020-10-26 18:59:52 - [MESSAGE][PASSED] - Current window maximized

2020-10-26 18:59:52 - [TEST_STEP][PASSED] - verifyTextPresent(LoginPageTextToBeVerified, false): Text 'Sign in to ISPS2-SG-UAT' is present on page 

2020-10-26 18:59:52 - [MESSAGE][PASSED] - Text 'Sign in to ISPS2-SG-UAT' is present on page 

2020-10-26 18:59:52 - [TEST_STEP][PASSED] - setText(findTestObject("Objects.LoginV2.0/Login Page/input_Sign in to ISPS2-PROD-Verify_username"), Username): Text 'sysadmin' is set on object 'Object Repository/Objects.LoginV2.0/Login Page/input_Sign in to ISPS2-PROD-Verify_username'

2020-10-26 18:59:53 - [MESSAGE][PASSED] - Text 'sysadmin' is set on object 'Object Repository/Objects.LoginV2.0/Login Page/input_Sign in to ISPS2-PROD-Verify_username'

2020-10-26 18:59:53 - [TEST_STEP][PASSED] - setEncryptedText(findTestObject("Objects.LoginV2.0/Login Page/input_This field is required_password"), Password): Text ****** has been set on object 'Object Repository/Objects.LoginV2.0/Login Page/input_This field is required_password'

2020-10-26 18:59:53 - [MESSAGE][PASSED] - Text ****** has been set on object 'Object Repository/Objects.LoginV2.0/Login Page/input_This field is required_password'

2020-10-26 18:59:53 - [TEST_STEP][NOT_RUN] - setEncryptedText(findTestObject(null), Password): NOT_RUN: setEncryptedText(findTestObject(null), Password)

2020-10-26 18:59:53 - [MESSAGE][NOT_RUN] - NOT_RUN: setEncryptedText(findTestObject(null), Password)

2020-10-26 18:59:53 - [TEST_STEP][PASSED] - click(findTestObject("Objects.LoginV2.0/Login Page/div_Sign in to ISPS2-PROD-Verify_NovaGoButton-1021"), OPTIONAL): Object: 'Object Repository/Objects.LoginV2.0/Login Page/div_Sign in to ISPS2-PROD-Verify_NovaGoButton-1021' is clicked on

2020-10-26 18:59:54 - [MESSAGE][PASSED] - Object: 'Object Repository/Objects.LoginV2.0/Login Page/div_Sign in to ISPS2-PROD-Verify_NovaGoButton-1021' is clicked on

2020-10-26 18:59:54 - [TEST_STEP][PASSED] - waitForPageLoad(30): Wait for page load successfully

2020-10-26 19:00:03 - [MESSAGE][PASSED] - Wait for page load successfully

2020-10-26 19:00:03 - [TEST_STEP][PASSED] - Thread.sleep(3000): null

2020-10-26 19:00:06 - [MESSAGE][PASSED] - Call Test Case 'Test Cases/Components/LoginV2.0' successfully

2020-10-26 19:00:06 - [TEST_STEP][PASSED] - callTestCase(findTestCase("Components/OpenHomepageMenu"), [:], STOP_ON_FAILURE): Call Test Case 'Test Cases/Components/OpenHomepageMenu' successfully

2020-10-26 19:00:06 - [TEST_CASE][PASSED] - Test Cases/Components/OpenHomepageMenu: Test Cases/Components/OpenHomepageMenu

2020-10-26 19:00:07 - [TEST_STEP][PASSED] - Thread.sleep(1000): null

2020-10-26 19:00:08 - [TEST_STEP][PASSED] - verifyTextPresent("Loading search result. Please wait...", false, OPTIONAL): Text 'Loading search result. Please wait...' is not present on page  (Root cause: com.kms.katalon.core.exception.StepFailedException: Text 'Loading search result. Please wait...' is not present on page 
	at com.kms.katalon.core.webui.keyword.internal.WebUIKeywordMain.stepFailed(WebUIKeywordMain.groovy:64)
	at com.kms.katalon.core.webui.keyword.builtin.VerifyTextPresentKeyword$_verifyTextPresent_closure1.doCall(VerifyTextPresentKeyword.groovy:79)
	at com.kms.katalon.core.webui.keyword.builtin.VerifyTextPresentKeyword$_verifyTextPresent_closure1.call(VerifyTextPresentKeyword.groovy)
	at com.kms.katalon.core.webui.keyword.internal.WebUIKeywordMain.runKeyword(WebUIKeywordMain.groovy:20)
	at com.kms.katalon.core.webui.keyword.builtin.VerifyTextPresentKeyword.verifyTextPresent(VerifyTextPresentKeyword.groovy:83)
	at com.kms.katalon.core.webui.keyword.builtin.VerifyTextPresentKeyword.execute(VerifyTextPresentKeyword.groovy:68)
	at com.kms.katalon.core.keyword.internal.KeywordExecutor.executeKeywordForPlatform(KeywordExecutor.groovy:72)
	at com.kms.katalon.core.webui.keyword.WebUiBuiltInKeywords.verifyTextPresent(WebUiBuiltInKeywords.groovy:1677)
	at com.kms.katalon.core.webui.keyword.WebUiBuiltInKeywords$verifyTextPresent$6.call(Unknown Source)
	at OpenHomepageMenu.run(OpenHomepageMenu:18)
	at com.kms.katalon.core.main.ScriptEngine.run(ScriptEngine.java:194)
	at com.kms.katalon.core.main.ScriptEngine.runScriptAsRawText(ScriptEngine.java:119)
	at com.kms.katalon.core.main.TestCaseExecutor.runScript(TestCaseExecutor.java:337)
	at com.kms.katalon.core.main.TestCaseExecutor.doExecute(TestCaseExecutor.java:328)
	at com.kms.katalon.core.main.TestCaseExecutor.processExecutionPhase(TestCaseExecutor.java:307)
	at com.kms.katalon.core.main.TestCaseExecutor.accessMainPhase(TestCaseExecutor.java:299)
	at com.kms.katalon.core.main.TestCaseExecutor.execute(TestCaseExecutor.java:233)
	at com.kms.katalon.core.main.TestCaseMain.runTestCase(TestCaseMain.java:114)
	at com.kms.katalon.core.keyword.builtin.CallTestCaseKeyword$_callTestCase_closure1.doCall(CallTestCaseKeyword.groovy:59)
	at com.kms.katalon.core.keyword.builtin.CallTestCaseKeyword$_callTestCase_closure1.call(CallTestCaseKeyword.groovy)
	at com.kms.katalon.core.keyword.internal.KeywordMain.runKeyword(KeywordMain.groovy:68)
	at com.kms.katalon.core.keyword.builtin.CallTestCaseKeyword.callTestCase(CallTestCaseKeyword.groovy:81)
	at com.kms.katalon.core.keyword.builtin.CallTestCaseKeyword.execute(CallTestCaseKeyword.groovy:44)
	at com.kms.katalon.core.keyword.internal.KeywordExecutor.executeKeywordForPlatform(KeywordExecutor.groovy:72)
	at com.kms.katalon.core.keyword.BuiltinKeywords.callTestCase(BuiltinKeywords.groovy:334)
	at Utilities.CreateNewBldgGroup.run(Utilities.CreateNewBldgGroup:33)
	at com.kms.katalon.core.main.ScriptEngine.run(ScriptEngine.java:194)
	at com.kms.katalon.core.main.ScriptEngine.runScriptAsRawText(ScriptEngine.java:119)
	at com.kms.katalon.core.main.TestCaseExecutor.runScript(TestCaseExecutor.java:337)
	at com.kms.katalon.core.main.TestCaseExecutor.doExecute(TestCaseExecutor.java:328)
	at com.kms.katalon.core.main.TestCaseExecutor.processExecutionPhase(TestCaseExecutor.java:307)
	at com.kms.katalon.core.main.TestCaseExecutor.accessMainPhase(TestCaseExecutor.java:299)
	at com.kms.katalon.core.main.TestCaseExecutor.execute(TestCaseExecutor.java:233)
	at com.kms.katalon.core.main.TestSuiteExecutor.accessTestCaseMainPhase(TestSuiteExecutor.java:169)
	at com.kms.katalon.core.main.TestSuiteExecutor.accessTestSuiteMainPhase(TestSuiteExecutor.java:142)
	at com.kms.katalon.core.main.TestSuiteExecutor.execute(TestSuiteExecutor.java:91)
	at com.kms.katalon.core.main.TestCaseMain.startTestSuite(TestCaseMain.java:157)
	at com.kms.katalon.core.main.TestCaseMain$startTestSuite$0.call(Unknown Source)
	at TempTestSuite1603709961520.run(TempTestSuite1603709961520.groovy:36)
)

2020-10-26 19:00:12 - [MESSAGE][WARNING] - Text 'Loading search result. Please wait...' is not present on page  (Root cause: com.kms.katalon.core.exception.StepFailedException: Text 'Loading search result. Please wait...' is not present on page 
	at com.kms.katalon.core.webui.keyword.internal.WebUIKeywordMain.stepFailed(WebUIKeywordMain.groovy:64)
	at com.kms.katalon.core.webui.keyword.builtin.VerifyTextPresentKeyword$_verifyTextPresent_closure1.doCall(VerifyTextPresentKeyword.groovy:79)
	at com.kms.katalon.core.webui.keyword.builtin.VerifyTextPresentKeyword$_verifyTextPresent_closure1.call(VerifyTextPresentKeyword.groovy)
	at com.kms.katalon.core.webui.keyword.internal.WebUIKeywordMain.runKeyword(WebUIKeywordMain.groovy:20)
	at com.kms.katalon.core.webui.keyword.builtin.VerifyTextPresentKeyword.verifyTextPresent(VerifyTextPresentKeyword.groovy:83)
	at com.kms.katalon.core.webui.keyword.builtin.VerifyTextPresentKeyword.execute(VerifyTextPresentKeyword.groovy:68)
	at com.kms.katalon.core.keyword.internal.KeywordExecutor.executeKeywordForPlatform(KeywordExecutor.groovy:72)
	at com.kms.katalon.core.webui.keyword.WebUiBuiltInKeywords.verifyTextPresent(WebUiBuiltInKeywords.groovy:1677)
	at com.kms.katalon.core.webui.keyword.WebUiBuiltInKeywords$verifyTextPresent$6.call(Unknown Source)
	at OpenHomepageMenu.run(OpenHomepageMenu:18)
	at com.kms.katalon.core.main.ScriptEngine.run(ScriptEngine.java:194)
	at com.kms.katalon.core.main.ScriptEngine.runScriptAsRawText(ScriptEngine.java:119)
	at com.kms.katalon.core.main.TestCaseExecutor.runScript(TestCaseExecutor.java:337)
	at com.kms.katalon.core.main.TestCaseExecutor.doExecute(TestCaseExecutor.java:328)
	at com.kms.katalon.core.main.TestCaseExecutor.processExecutionPhase(TestCaseExecutor.java:307)
	at com.kms.katalon.core.main.TestCaseExecutor.accessMainPhase(TestCaseExecutor.java:299)
	at com.kms.katalon.core.main.TestCaseExecutor.execute(TestCaseExecutor.java:233)
	at com.kms.katalon.core.main.TestCaseMain.runTestCase(TestCaseMain.java:114)
	at com.kms.katalon.core.keyword.builtin.CallTestCaseKeyword$_callTestCase_closure1.doCall(CallTestCaseKeyword.groovy:59)
	at com.kms.katalon.core.keyword.builtin.CallTestCaseKeyword$_callTestCase_closure1.call(CallTestCaseKeyword.groovy)
	at com.kms.katalon.core.keyword.internal.KeywordMain.runKeyword(KeywordMain.groovy:68)
	at com.kms.katalon.core.keyword.builtin.CallTestCaseKeyword.callTestCase(CallTestCaseKeyword.groovy:81)
	at com.kms.katalon.core.keyword.builtin.CallTestCaseKeyword.execute(CallTestCaseKeyword.groovy:44)
	at com.kms.katalon.core.keyword.internal.KeywordExecutor.executeKeywordForPlatform(KeywordExecutor.groovy:72)
	at com.kms.katalon.core.keyword.BuiltinKeywords.callTestCase(BuiltinKeywords.groovy:334)
	at Utilities.CreateNewBldgGroup.run(Utilities.CreateNewBldgGroup:33)
	at com.kms.katalon.core.main.ScriptEngine.run(ScriptEngine.java:194)
	at com.kms.katalon.core.main.ScriptEngine.runScriptAsRawText(ScriptEngine.java:119)
	at com.kms.katalon.core.main.TestCaseExecutor.runScript(TestCaseExecutor.java:337)
	at com.kms.katalon.core.main.TestCaseExecutor.doExecute(TestCaseExecutor.java:328)
	at com.kms.katalon.core.main.TestCaseExecutor.processExecutionPhase(TestCaseExecutor.java:307)
	at com.kms.katalon.core.main.TestCaseExecutor.accessMainPhase(TestCaseExecutor.java:299)
	at com.kms.katalon.core.main.TestCaseExecutor.execute(TestCaseExecutor.java:233)
	at com.kms.katalon.core.main.TestSuiteExecutor.accessTestCaseMainPhase(TestSuiteExecutor.java:169)
	at com.kms.katalon.core.main.TestSuiteExecutor.accessTestSuiteMainPhase(TestSuiteExecutor.java:142)
	at com.kms.katalon.core.main.TestSuiteExecutor.execute(TestSuiteExecutor.java:91)
	at com.kms.katalon.core.main.TestCaseMain.startTestSuite(TestCaseMain.java:157)
	at com.kms.katalon.core.main.TestCaseMain$startTestSuite$0.call(Unknown Source)
	at TempTestSuite1603709961520.run(TempTestSuite1603709961520.groovy:36)
)

2020-10-26 19:00:12 - [TEST_STEP][PASSED] - waitForElementNotPresent(findTestObject("Objects.OpenHomepageMenu/XP_LoadingPopUp"), 120, OPTIONAL): Web element with id: 'Object Repository/Objects.OpenHomepageMenu/XP_LoadingPopUp' located by 'By.xpath: //div[@class = 'x-mask-msg-text' and (text() = 'Loading search result. Please wait...' or . = 'Loading search result. Please wait...')]' is not present after '120' second(s)

2020-10-26 19:00:13 - [MESSAGE][PASSED] - Web element with id: 'Object Repository/Objects.OpenHomepageMenu/XP_LoadingPopUp' located by 'By.xpath: //div[@class = 'x-mask-msg-text' and (text() = 'Loading search result. Please wait...' or . = 'Loading search result. Please wait...')]' is not present after '120' second(s)

2020-10-26 19:00:13 - [TEST_STEP][PASSED] - verifyElementVisible(findTestObject("Objects.OpenHomepageMenu/div_ISPS2-PROD-Verify_component-1013")): Object 'Object Repository/Objects.OpenHomepageMenu/div_ISPS2-PROD-Verify_component-1013' is visible

2020-10-26 19:00:14 - [MESSAGE][PASSED] - Object 'Object Repository/Objects.OpenHomepageMenu/div_ISPS2-PROD-Verify_component-1013' is visible

2020-10-26 19:00:14 - [TEST_STEP][PASSED] - click(findTestObject("Objects.OpenHomepageMenu/div_ISPS2-PROD-Verify_component-1013")): Object: 'Object Repository/Objects.OpenHomepageMenu/div_ISPS2-PROD-Verify_component-1013' is clicked on

2020-10-26 19:00:15 - [MESSAGE][PASSED] - Object: 'Object Repository/Objects.OpenHomepageMenu/div_ISPS2-PROD-Verify_component-1013' is clicked on

2020-10-26 19:00:15 - [MESSAGE][PASSED] - Call Test Case 'Test Cases/Components/OpenHomepageMenu' successfully

2020-10-26 19:00:15 - [TEST_STEP][PASSED] - callTestCase(findTestCase("Components/HoverToAnyMenuSelection"), ["MenuSelection":"Utilities"], STOP_ON_FAILURE): Call Test Case 'Test Cases/Components/HoverToAnyMenuSelection' successfully

2020-10-26 19:00:15 - [TEST_CASE][PASSED] - Test Cases/Components/HoverToAnyMenuSelection: Test Cases/Components/HoverToAnyMenuSelection

2020-10-26 19:00:15 - [TEST_STEP][PASSED] - Thread.sleep(1000): null

2020-10-26 19:00:16 - [TEST_STEP][PASSED] - modifiedSelection = modifyObjectProperty(findTestObject("Objects.HoverToAnyMenuSelection/span_Common"), "text", "equals", MenuSelection, true): Modify property of object successfully

2020-10-26 19:00:17 - [MESSAGE][PASSED] - Modify property of object successfully

2020-10-26 19:00:17 - [TEST_STEP][PASSED] - mouseOver(modifiedSelection): Object: 'Object Repository/Objects.HoverToAnyMenuSelection/span_Common' is hovered

2020-10-26 19:00:18 - [MESSAGE][PASSED] - Object: 'Object Repository/Objects.HoverToAnyMenuSelection/span_Common' is hovered

2020-10-26 19:00:18 - [MESSAGE][PASSED] - Call Test Case 'Test Cases/Components/HoverToAnyMenuSelection' successfully

2020-10-26 19:00:18 - [TEST_STEP][PASSED] - callTestCase(findTestCase("Components/HoverToAnyMenuSelection"), ["MenuSelection":"PFI"], STOP_ON_FAILURE): Call Test Case 'Test Cases/Components/HoverToAnyMenuSelection' successfully

2020-10-26 19:00:18 - [TEST_CASE][PASSED] - Test Cases/Components/HoverToAnyMenuSelection: Test Cases/Components/HoverToAnyMenuSelection

2020-10-26 19:00:18 - [TEST_STEP][PASSED] - Thread.sleep(1000): null

2020-10-26 19:00:19 - [TEST_STEP][PASSED] - modifiedSelection = modifyObjectProperty(findTestObject("Objects.HoverToAnyMenuSelection/span_Common"), "text", "equals", MenuSelection, true): Modify property of object successfully

2020-10-26 19:00:19 - [MESSAGE][PASSED] - Modify property of object successfully

2020-10-26 19:00:19 - [TEST_STEP][PASSED] - mouseOver(modifiedSelection): Object: 'Object Repository/Objects.HoverToAnyMenuSelection/span_Common' is hovered

2020-10-26 19:00:20 - [MESSAGE][PASSED] - Object: 'Object Repository/Objects.HoverToAnyMenuSelection/span_Common' is hovered

2020-10-26 19:00:20 - [MESSAGE][PASSED] - Call Test Case 'Test Cases/Components/HoverToAnyMenuSelection' successfully

2020-10-26 19:00:20 - [TEST_STEP][PASSED] - callTestCase(findTestCase("Components/HoverToAnyMenuSelection"), ["MenuSelection":"Create New Building Group"], STOP_ON_FAILURE): Call Test Case 'Test Cases/Components/HoverToAnyMenuSelection' successfully

2020-10-26 19:00:20 - [TEST_CASE][PASSED] - Test Cases/Components/HoverToAnyMenuSelection: Test Cases/Components/HoverToAnyMenuSelection

2020-10-26 19:00:20 - [TEST_STEP][PASSED] - Thread.sleep(1000): null

2020-10-26 19:00:21 - [TEST_STEP][PASSED] - modifiedSelection = modifyObjectProperty(findTestObject("Objects.HoverToAnyMenuSelection/span_Common"), "text", "equals", MenuSelection, true): Modify property of object successfully

2020-10-26 19:00:22 - [MESSAGE][PASSED] - Modify property of object successfully

2020-10-26 19:00:22 - [TEST_STEP][PASSED] - mouseOver(modifiedSelection): Object: 'Object Repository/Objects.HoverToAnyMenuSelection/span_Common' is hovered

2020-10-26 19:00:22 - [MESSAGE][PASSED] - Object: 'Object Repository/Objects.HoverToAnyMenuSelection/span_Common' is hovered

2020-10-26 19:00:22 - [MESSAGE][PASSED] - Call Test Case 'Test Cases/Components/HoverToAnyMenuSelection' successfully

2020-10-26 19:00:22 - [TEST_STEP][PASSED] - callTestCase(findTestCase("Components/ClickLink"), ["LinkToModify":"Create New Building Group"], STOP_ON_FAILURE): Call Test Case 'Test Cases/Components/ClickLink' successfully

2020-10-26 19:00:22 - [TEST_CASE][PASSED] - Test Cases/Components/ClickLink: Test Cases/Components/ClickLink

2020-10-26 19:00:23 - [TEST_STEP][PASSED] - Thread.sleep(1000): null

2020-10-26 19:00:24 - [TEST_STEP][PASSED] - modifiedLink = modifyObjectProperty(findTestObject("Objects.ClickLink/Page_ISPS2/LinkToModify"), "text", "equals", LinkToModify, true): Modify property of object successfully

2020-10-26 19:00:24 - [MESSAGE][PASSED] - Modify property of object successfully

2020-10-26 19:00:24 - [TEST_STEP][PASSED] - com.reusableComponents.HighlightElement.run(modifiedLink): com.reusableComponents.HighlightElement.run is PASSED

2020-10-26 19:00:27 - [MESSAGE][PASSED] - com.reusableComponents.HighlightElement.run is PASSED

2020-10-26 19:00:27 - [TEST_STEP][PASSED] - click(modifiedLink): Object: 'Object Repository/Objects.ClickLink/Page_ISPS2/LinkToModify' is clicked on

2020-10-26 19:00:28 - [MESSAGE][PASSED] - Object: 'Object Repository/Objects.ClickLink/Page_ISPS2/LinkToModify' is clicked on

2020-10-26 19:00:28 - [MESSAGE][PASSED] - Call Test Case 'Test Cases/Components/ClickLink' successfully

2020-10-26 19:00:28 - [TEST_STEP][PASSED] - callTestCase(findTestCase("Components/ClickBlueButtonsWithXPI"), ["Button":"Create New Group", "Index":1], STOP_ON_FAILURE): Call Test Case 'Test Cases/Components/ClickBlueButtonsWithXPI' successfully

2020-10-26 19:00:29 - [TEST_CASE][PASSED] - Test Cases/Components/ClickBlueButtonsWithXPI: Test Cases/Components/ClickBlueButtonsWithXPI

2020-10-26 19:00:30 - [TEST_STEP][PASSED] - Thread.sleep(1000): null

2020-10-26 19:00:31 - [TEST_STEP][PASSED] - complexlyModifiedButtonGG = modifyObjectProperty(findTestObject("Objects.ClickBlueButtonsWithXPI/span_Reset"), "xPath", "equals", "(//*[text()="" + Button + ""])[" + Index + "]", true): Modify property of object successfully

2020-10-26 19:00:32 - [MESSAGE][PASSED] - Modify property of object successfully

2020-10-26 19:00:32 - [TEST_STEP][PASSED] - click(complexlyModifiedButtonGG): Object: 'Object Repository/Objects.ClickBlueButtonsWithXPI/span_Reset' is clicked on

2020-10-26 19:00:32 - [MESSAGE][PASSED] - Object: 'Object Repository/Objects.ClickBlueButtonsWithXPI/span_Reset' is clicked on

2020-10-26 19:00:32 - [MESSAGE][PASSED] - Call Test Case 'Test Cases/Components/ClickBlueButtonsWithXPI' successfully

2020-10-26 19:00:32 - [TEST_STEP][PASSED] - callTestCase(findTestCase("Components/VerifyTextPresentInPage"), ["TextToModify":"Please enter at least one (CSC, Created Date, Last Inspection) for this building group.", "index":1], STOP_ON_FAILURE): Call Test Case 'Test Cases/Components/VerifyTextPresentInPage' successfully

2020-10-26 19:00:32 - [TEST_CASE][PASSED] - Test Cases/Components/VerifyTextPresentInPage: Test Cases/Components/VerifyTextPresentInPage

2020-10-26 19:00:33 - [TEST_STEP][PASSED] - Thread.sleep(3000): null

2020-10-26 19:00:36 - [TEST_STEP][NOT_RUN] - verifyTextPresent(textToLocate, false): NOT_RUN: verifyTextPresent(textToLocate, false)

2020-10-26 19:00:36 - [MESSAGE][NOT_RUN] - NOT_RUN: verifyTextPresent(textToLocate, false)

2020-10-26 19:00:36 - [TEST_STEP][NOT_RUN] - com.reusableComponents.HighlightElement.run(textToLocate): NOT_RUN: com.reusableComponents.HighlightElement.run(textToLocate)

2020-10-26 19:00:36 - [MESSAGE][NOT_RUN] - NOT_RUN: com.reusableComponents.HighlightElement.run(textToLocate)

2020-10-26 19:00:36 - [TEST_STEP][PASSED] - ModifiedText = modifyObjectProperty(findTestObject("Objects.VerifyTextPresent/Page_ISPS2/objectToModify"), "xpath", "equals", "(//*[text() = '" + TextToModify + "'])[" + index + "]", true): Modify property of object successfully

2020-10-26 19:00:36 - [MESSAGE][PASSED] - Modify property of object successfully

2020-10-26 19:00:36 - [TEST_STEP][PASSED] - com.reusableComponents.HighlightElement.run(ModifiedText): com.reusableComponents.HighlightElement.run is PASSED

2020-10-26 19:00:40 - [MESSAGE][PASSED] - com.reusableComponents.HighlightElement.run is PASSED

2020-10-26 19:00:40 - [TEST_STEP][PASSED] - Thread.sleep(3000): null

2020-10-26 19:00:43 - [MESSAGE][PASSED] - Call Test Case 'Test Cases/Components/VerifyTextPresentInPage' successfully

2020-10-26 19:00:43 - [TEST_STEP][PASSED] - callTestCase(findTestCase("Components/ClickElement"), ["nameToBeUsed":"grpBldType", "index":1], STOP_ON_FAILURE): Call Test Case 'Test Cases/Components/ClickElement' successfully

2020-10-26 19:00:43 - [TEST_CASE][PASSED] - Test Cases/Components/ClickElement: Test Cases/Components/ClickElement

2020-10-26 19:00:45 - [TEST_STEP][PASSED] - Thread.sleep(1000): null

2020-10-26 19:00:46 - [TEST_STEP][PASSED] - NewInputNmField = modifyObjectProperty(findTestObject("Objects.HighlightElements/input_field_index"), "xpath", "equals", "(//*[contains(@class,'x-form-text') and (@name='" + nameToBeUsed + "')])[" + index + "]", true): Modify property of object successfully

2020-10-26 19:00:46 - [MESSAGE][PASSED] - Modify property of object successfully

2020-10-26 19:00:46 - [TEST_STEP][PASSED] - click(NewInputNmField): Object: 'Object Repository/Objects.HighlightElements/input_field_index' is clicked on

2020-10-26 19:00:47 - [MESSAGE][PASSED] - Object: 'Object Repository/Objects.HighlightElements/input_field_index' is clicked on

2020-10-26 19:00:47 - [MESSAGE][PASSED] - Call Test Case 'Test Cases/Components/ClickElement' successfully

2020-10-26 19:00:47 - [TEST_STEP][PASSED] - callTestCase(findTestCase("Components/ClickElement"), ["nameToBeUsed":"gradeTypeCd", "index":1], STOP_ON_FAILURE): Call Test Case 'Test Cases/Components/ClickElement' successfully

2020-10-26 19:00:47 - [TEST_CASE][PASSED] - Test Cases/Components/ClickElement: Test Cases/Components/ClickElement

2020-10-26 19:00:47 - [TEST_STEP][PASSED] - Thread.sleep(1000): null

2020-10-26 19:00:48 - [TEST_STEP][PASSED] - NewInputNmField = modifyObjectProperty(findTestObject("Objects.HighlightElements/input_field_index"), "xpath", "equals", "(//*[contains(@class,'x-form-text') and (@name='" + nameToBeUsed + "')])[" + index + "]", true): Modify property of object successfully

2020-10-26 19:00:48 - [MESSAGE][PASSED] - Modify property of object successfully

2020-10-26 19:00:48 - [TEST_STEP][PASSED] - click(NewInputNmField): Object: 'Object Repository/Objects.HighlightElements/input_field_index' is clicked on

2020-10-26 19:00:48 - [MESSAGE][PASSED] - Object: 'Object Repository/Objects.HighlightElements/input_field_index' is clicked on

2020-10-26 19:00:48 - [MESSAGE][PASSED] - Call Test Case 'Test Cases/Components/ClickElement' successfully

2020-10-26 19:00:48 - [TEST_STEP][PASSED] - callTestCase(findTestCase("Components/ClickElement"), ["nameToBeUsed":"topCscDt", "index":1], STOP_ON_FAILURE): Call Test Case 'Test Cases/Components/ClickElement' successfully

2020-10-26 19:00:48 - [TEST_CASE][PASSED] - Test Cases/Components/ClickElement: Test Cases/Components/ClickElement

2020-10-26 19:00:49 - [TEST_STEP][PASSED] - Thread.sleep(1000): null

2020-10-26 19:00:50 - [TEST_STEP][PASSED] - NewInputNmField = modifyObjectProperty(findTestObject("Objects.HighlightElements/input_field_index"), "xpath", "equals", "(//*[contains(@class,'x-form-text') and (@name='" + nameToBeUsed + "')])[" + index + "]", true): Modify property of object successfully

2020-10-26 19:00:50 - [MESSAGE][PASSED] - Modify property of object successfully

2020-10-26 19:00:50 - [TEST_STEP][PASSED] - click(NewInputNmField): Object: 'Object Repository/Objects.HighlightElements/input_field_index' is clicked on

2020-10-26 19:00:50 - [MESSAGE][PASSED] - Object: 'Object Repository/Objects.HighlightElements/input_field_index' is clicked on

2020-10-26 19:00:50 - [MESSAGE][PASSED] - Call Test Case 'Test Cases/Components/ClickElement' successfully

2020-10-26 19:00:50 - [TEST_STEP][PASSED] - callTestCase(findTestCase("Components/ClickElement"), ["nameToBeUsed":"ownerTypeCd", "index":1], STOP_ON_FAILURE): Call Test Case 'Test Cases/Components/ClickElement' successfully

2020-10-26 19:00:50 - [TEST_CASE][PASSED] - Test Cases/Components/ClickElement: Test Cases/Components/ClickElement

2020-10-26 19:00:50 - [TEST_STEP][PASSED] - Thread.sleep(1000): null

2020-10-26 19:00:51 - [TEST_STEP][PASSED] - NewInputNmField = modifyObjectProperty(findTestObject("Objects.HighlightElements/input_field_index"), "xpath", "equals", "(//*[contains(@class,'x-form-text') and (@name='" + nameToBeUsed + "')])[" + index + "]", true): Modify property of object successfully

2020-10-26 19:00:52 - [MESSAGE][PASSED] - Modify property of object successfully

2020-10-26 19:00:52 - [TEST_STEP][PASSED] - click(NewInputNmField): Object: 'Object Repository/Objects.HighlightElements/input_field_index' is clicked on

2020-10-26 19:00:52 - [MESSAGE][PASSED] - Object: 'Object Repository/Objects.HighlightElements/input_field_index' is clicked on

2020-10-26 19:00:52 - [MESSAGE][PASSED] - Call Test Case 'Test Cases/Components/ClickElement' successfully

2020-10-26 19:00:52 - [TEST_STEP][PASSED] - callTestCase(findTestCase("Components/ClickElement"), ["nameToBeUsed":"grpDesc", "index":1], STOP_ON_FAILURE): Call Test Case 'Test Cases/Components/ClickElement' successfully

2020-10-26 19:00:52 - [TEST_CASE][PASSED] - Test Cases/Components/ClickElement: Test Cases/Components/ClickElement

2020-10-26 19:00:52 - [TEST_STEP][PASSED] - Thread.sleep(1000): null

2020-10-26 19:00:53 - [TEST_STEP][PASSED] - NewInputNmField = modifyObjectProperty(findTestObject("Objects.HighlightElements/input_field_index"), "xpath", "equals", "(//*[contains(@class,'x-form-text') and (@name='" + nameToBeUsed + "')])[" + index + "]", true): Modify property of object successfully

2020-10-26 19:00:54 - [MESSAGE][PASSED] - Modify property of object successfully

2020-10-26 19:00:54 - [TEST_STEP][PASSED] - click(NewInputNmField): Object: 'Object Repository/Objects.HighlightElements/input_field_index' is clicked on

2020-10-26 19:00:54 - [MESSAGE][PASSED] - Object: 'Object Repository/Objects.HighlightElements/input_field_index' is clicked on

2020-10-26 19:00:54 - [MESSAGE][PASSED] - Call Test Case 'Test Cases/Components/ClickElement' successfully

2020-10-26 19:00:54 - [TEST_STEP][PASSED] - callTestCase(findTestCase("Components/ClickElement"), ["nameToBeUsed":"lastInspDt", "index":1], STOP_ON_FAILURE): Call Test Case 'Test Cases/Components/ClickElement' successfully

2020-10-26 19:00:54 - [TEST_CASE][PASSED] - Test Cases/Components/ClickElement: Test Cases/Components/ClickElement

2020-10-26 19:00:54 - [TEST_STEP][PASSED] - Thread.sleep(1000): null

2020-10-26 19:00:55 - [TEST_STEP][PASSED] - NewInputNmField = modifyObjectProperty(findTestObject("Objects.HighlightElements/input_field_index"), "xpath", "equals", "(//*[contains(@class,'x-form-text') and (@name='" + nameToBeUsed + "')])[" + index + "]", true): Modify property of object successfully

2020-10-26 19:00:55 - [MESSAGE][PASSED] - Modify property of object successfully

2020-10-26 19:00:55 - [TEST_STEP][PASSED] - click(NewInputNmField): Object: 'Object Repository/Objects.HighlightElements/input_field_index' is clicked on

2020-10-26 19:00:55 - [MESSAGE][PASSED] - Object: 'Object Repository/Objects.HighlightElements/input_field_index' is clicked on

2020-10-26 19:00:55 - [MESSAGE][PASSED] - Call Test Case 'Test Cases/Components/ClickElement' successfully

2020-10-26 19:00:55 - [TEST_STEP][PASSED] - callTestCase(findTestCase("Components/ClickElement"), ["nameToBeUsed":"createdDt", "index":1], STOP_ON_FAILURE): Call Test Case 'Test Cases/Components/ClickElement' successfully

2020-10-26 19:00:56 - [TEST_CASE][PASSED] - Test Cases/Components/ClickElement: Test Cases/Components/ClickElement

2020-10-26 19:00:56 - [TEST_STEP][PASSED] - Thread.sleep(1000): null

2020-10-26 19:00:57 - [TEST_STEP][PASSED] - NewInputNmField = modifyObjectProperty(findTestObject("Objects.HighlightElements/input_field_index"), "xpath", "equals", "(//*[contains(@class,'x-form-text') and (@name='" + nameToBeUsed + "')])[" + index + "]", true): Modify property of object successfully

2020-10-26 19:00:57 - [MESSAGE][PASSED] - Modify property of object successfully

2020-10-26 19:00:57 - [TEST_STEP][PASSED] - click(NewInputNmField): Object: 'Object Repository/Objects.HighlightElements/input_field_index' is clicked on

2020-10-26 19:00:57 - [MESSAGE][PASSED] - Object: 'Object Repository/Objects.HighlightElements/input_field_index' is clicked on

2020-10-26 19:00:57 - [MESSAGE][PASSED] - Call Test Case 'Test Cases/Components/ClickElement' successfully

2020-10-26 19:00:57 - [TEST_STEP][PASSED] - callTestCase(findTestCase("Components/ClickRadioButton"), ["Index":1], STOP_ON_FAILURE): Call Test Case 'Test Cases/Components/ClickRadioButton' successfully

2020-10-26 19:00:57 - [TEST_CASE][PASSED] - Test Cases/Components/ClickRadioButton: Test Cases/Components/ClickRadioButton

2020-10-26 19:00:58 - [TEST_STEP][PASSED] - Thread.sleep(1000): null

2020-10-26 19:00:59 - [TEST_STEP][NOT_RUN] - com.reusableComponents.HighlightElement.run(findTestObject("Objects.ClickRadioButtonRegulatoryRequirements/ApprovedDocument")): NOT_RUN: com.reusableComponents.HighlightElement.run(findTestObject("Objects.ClickRadioButtonRegulatoryRequirements/ApprovedDocument"))

2020-10-26 19:00:59 - [MESSAGE][NOT_RUN] - NOT_RUN: com.reusableComponents.HighlightElement.run(findTestObject("Objects.ClickRadioButtonRegulatoryRequirements/ApprovedDocument"))

2020-10-26 19:00:59 - [TEST_STEP][NOT_RUN] - click(findTestObject("Objects.ClickRadioButtonRegulatoryRequirements/span_Building Control (Environment Sustainability) Regulations 2008_radiofield-1851-displayEl")): NOT_RUN: click(findTestObject("Objects.ClickRadioButtonRegulatoryRequirements/span_Building Control (Environment Sustainability) Regulations 2008_radiofield-1851-displayEl"))

2020-10-26 19:00:59 - [MESSAGE][NOT_RUN] - NOT_RUN: click(findTestObject("Objects.ClickRadioButtonRegulatoryRequirements/span_Building Control (Environment Sustainability) Regulations 2008_radiofield-1851-displayEl"))

2020-10-26 19:00:59 - [TEST_STEP][PASSED] - modifiedRadioButton = modifyObjectProperty(findTestObject("Objects.ClickRadioButton/DynamicRadioButton"), "xpath", "equals", "(//span[contains(@class, 'x-form-field x-form-radio x-form-radio-default x-form-cb x-form-cb-default ')])[" + Index + "]", true): Modify property of object successfully

2020-10-26 19:01:00 - [MESSAGE][PASSED] - Modify property of object successfully

2020-10-26 19:01:00 - [TEST_STEP][PASSED] - com.reusableComponents.HighlightElement.run(modifiedRadioButton): com.reusableComponents.HighlightElement.run is PASSED

2020-10-26 19:01:03 - [MESSAGE][PASSED] - com.reusableComponents.HighlightElement.run is PASSED

2020-10-26 19:01:03 - [TEST_STEP][PASSED] - click(modifiedRadioButton): Object: 'Object Repository/Objects.ClickRadioButton/DynamicRadioButton' is clicked on

2020-10-26 19:01:03 - [MESSAGE][PASSED] - Object: 'Object Repository/Objects.ClickRadioButton/DynamicRadioButton' is clicked on

2020-10-26 19:01:03 - [MESSAGE][PASSED] - Call Test Case 'Test Cases/Components/ClickRadioButton' successfully

2020-10-26 19:01:03 - [TEST_STEP][PASSED] - callTestCase(findTestCase("PFI Precision and Scale/PFI Components with Indexing/RequiredFieldValidationIndex"), ["nameToBeUsed":"grpBldType", "index":1], STOP_ON_FAILURE): Call Test Case 'Test Cases/PFI Precision and Scale/PFI Components with Indexing/RequiredFieldValidationIndex' successfully

2020-10-26 19:01:03 - [TEST_CASE][PASSED] - Test Cases/PFI Precision and Scale/PFI Components with Indexing/RequiredFieldValidationIndex: Test Cases/PFI Precision and Scale/PFI Components with Indexing/RequiredFieldValidationIndex

2020-10-26 19:01:04 - [TEST_STEP][PASSED] - Thread.sleep(2000): null

2020-10-26 19:01:06 - [TEST_STEP][PASSED] - NewInputNmField = modifyObjectProperty(findTestObject("Objects.HighlightElements/input_field_index"), "xpath", "equals", "(//*[contains(@class,'x-form-text') and (@name='" + nameToBeUsed + "')])[" + index + "]", true): Modify property of object successfully

2020-10-26 19:01:06 - [MESSAGE][PASSED] - Modify property of object successfully

2020-10-26 19:01:06 - [TEST_STEP][PASSED] - mouseOver(NewInputNmField): Object: 'Object Repository/Objects.HighlightElements/input_field_index' is hovered

2020-10-26 19:01:07 - [MESSAGE][PASSED] - Object: 'Object Repository/Objects.HighlightElements/input_field_index' is hovered

2020-10-26 19:01:07 - [TEST_STEP][PASSED] - getRqErrMsg = getAttribute(NewInputNmField, "data-errorqtip"): Attribute 'data-errorqtip' of object 'Object Repository/Objects.HighlightElements/input_field_index' is: '<ul class="x-list-plain"><li>This field is required</li></ul>'

2020-10-26 19:01:07 - [MESSAGE][PASSED] - Attribute 'data-errorqtip' of object 'Object Repository/Objects.HighlightElements/input_field_index' is: '<ul class="x-list-plain"><li>This field is required</li></ul>'

2020-10-26 19:01:07 - [TEST_STEP][PASSED] - strToolTip = getRqErrMsg.substring(29, 61): null

2020-10-26 19:01:07 - [TEST_STEP][PASSED] - toolTipReqErrMsg = strToolTip.substring(0, 22): null

2020-10-26 19:01:07 - [TEST_STEP][PASSED] - verifyMatch(toolTipReqErrMsg, RqField, true): Actual text 'This field is required' and expected text 'This field is required' are matched  using regular expression

2020-10-26 19:01:15 - [MESSAGE][PASSED] - Actual text 'This field is required' and expected text 'This field is required' are matched  using regular expression

2020-10-26 19:01:15 - [MESSAGE][PASSED] - Call Test Case 'Test Cases/PFI Precision and Scale/PFI Components with Indexing/RequiredFieldValidationIndex' successfully

2020-10-26 19:01:15 - [TEST_STEP][PASSED] - callTestCase(findTestCase("PFI Precision and Scale/PFI Components with Indexing/RequiredFieldValidationIndex"), ["nameToBeUsed":"gradeTypeCd", "index":1], STOP_ON_FAILURE): Call Test Case 'Test Cases/PFI Precision and Scale/PFI Components with Indexing/RequiredFieldValidationIndex' successfully

2020-10-26 19:01:15 - [TEST_CASE][PASSED] - Test Cases/PFI Precision and Scale/PFI Components with Indexing/RequiredFieldValidationIndex: Test Cases/PFI Precision and Scale/PFI Components with Indexing/RequiredFieldValidationIndex

2020-10-26 19:01:15 - [TEST_STEP][PASSED] - Thread.sleep(2000): null

2020-10-26 19:01:17 - [TEST_STEP][PASSED] - NewInputNmField = modifyObjectProperty(findTestObject("Objects.HighlightElements/input_field_index"), "xpath", "equals", "(//*[contains(@class,'x-form-text') and (@name='" + nameToBeUsed + "')])[" + index + "]", true): Modify property of object successfully

2020-10-26 19:01:17 - [MESSAGE][PASSED] - Modify property of object successfully

2020-10-26 19:01:17 - [TEST_STEP][PASSED] - mouseOver(NewInputNmField): Object: 'Object Repository/Objects.HighlightElements/input_field_index' is hovered

2020-10-26 19:01:17 - [MESSAGE][PASSED] - Object: 'Object Repository/Objects.HighlightElements/input_field_index' is hovered

2020-10-26 19:01:17 - [TEST_STEP][PASSED] - getRqErrMsg = getAttribute(NewInputNmField, "data-errorqtip"): Attribute 'data-errorqtip' of object 'Object Repository/Objects.HighlightElements/input_field_index' is: '<ul class="x-list-plain"><li>This field is required</li></ul>'

2020-10-26 19:01:17 - [MESSAGE][PASSED] - Attribute 'data-errorqtip' of object 'Object Repository/Objects.HighlightElements/input_field_index' is: '<ul class="x-list-plain"><li>This field is required</li></ul>'

2020-10-26 19:01:17 - [TEST_STEP][PASSED] - strToolTip = getRqErrMsg.substring(29, 61): null

2020-10-26 19:01:17 - [TEST_STEP][PASSED] - toolTipReqErrMsg = strToolTip.substring(0, 22): null

2020-10-26 19:01:17 - [TEST_STEP][PASSED] - verifyMatch(toolTipReqErrMsg, RqField, true): Actual text 'This field is required' and expected text 'This field is required' are matched  using regular expression

2020-10-26 19:01:17 - [MESSAGE][PASSED] - Actual text 'This field is required' and expected text 'This field is required' are matched  using regular expression

2020-10-26 19:01:17 - [MESSAGE][PASSED] - Call Test Case 'Test Cases/PFI Precision and Scale/PFI Components with Indexing/RequiredFieldValidationIndex' successfully

2020-10-26 19:01:17 - [TEST_STEP][PASSED] - callTestCase(findTestCase("Components/ScrollPageDown"), ["textToBeUsed":"Create New Group", "tagToBeUsed":"span"], STOP_ON_FAILURE): Call Test Case 'Test Cases/Components/ScrollPageDown' successfully

2020-10-26 19:01:17 - [TEST_CASE][PASSED] - Test Cases/Components/ScrollPageDown: Test Cases/Components/ScrollPageDown

2020-10-26 19:01:19 - [TEST_STEP][PASSED] - Thread.sleep(3000): null

2020-10-26 19:01:22 - [TEST_STEP][PASSED] - ModifiedObject = modifyObjectProperty(findTestObject("Object.ScrollPageDown/ScrolltoElement"), "tag", "equals", tagToBeUsed, true): Modify property of object successfully

2020-10-26 19:01:22 - [MESSAGE][PASSED] - Modify property of object successfully

2020-10-26 19:01:22 - [TEST_STEP][PASSED] - ModifiedObjectx2 = modifyObjectProperty(ModifiedObject, "text", "equals", textToBeUsed, true): Modify property of object successfully

2020-10-26 19:01:22 - [MESSAGE][PASSED] - Modify property of object successfully

2020-10-26 19:01:22 - [TEST_STEP][PASSED] - scrollToElement(ModifiedObjectx2, 0): Scroll to object 'Object Repository/Object.ScrollPageDown/ScrolltoElement' successfully

2020-10-26 19:01:22 - [MESSAGE][WARNING] - Timeout '0' is invalid. Using default page load timeout: '30'

2020-10-26 19:01:22 - [MESSAGE][PASSED] - Scroll to object 'Object Repository/Object.ScrollPageDown/ScrolltoElement' successfully

2020-10-26 19:01:22 - [MESSAGE][PASSED] - Call Test Case 'Test Cases/Components/ScrollPageDown' successfully

2020-10-26 19:01:22 - [TEST_STEP][PASSED] - callTestCase(findTestCase("PFI Precision and Scale/PFI Components with Indexing/RequiredFieldValidationIndex"), ["nameToBeUsed":"topCscDt", "index":1], STOP_ON_FAILURE): Call Test Case 'Test Cases/PFI Precision and Scale/PFI Components with Indexing/RequiredFieldValidationIndex' successfully

2020-10-26 19:01:22 - [TEST_CASE][PASSED] - Test Cases/PFI Precision and Scale/PFI Components with Indexing/RequiredFieldValidationIndex: Test Cases/PFI Precision and Scale/PFI Components with Indexing/RequiredFieldValidationIndex

2020-10-26 19:01:22 - [TEST_STEP][PASSED] - Thread.sleep(2000): null

2020-10-26 19:01:24 - [TEST_STEP][PASSED] - NewInputNmField = modifyObjectProperty(findTestObject("Objects.HighlightElements/input_field_index"), "xpath", "equals", "(//*[contains(@class,'x-form-text') and (@name='" + nameToBeUsed + "')])[" + index + "]", true): Modify property of object successfully

2020-10-26 19:01:24 - [MESSAGE][PASSED] - Modify property of object successfully

2020-10-26 19:01:24 - [TEST_STEP][PASSED] - mouseOver(NewInputNmField): Object: 'Object Repository/Objects.HighlightElements/input_field_index' is hovered

2020-10-26 19:01:25 - [MESSAGE][PASSED] - Object: 'Object Repository/Objects.HighlightElements/input_field_index' is hovered

2020-10-26 19:01:25 - [TEST_STEP][PASSED] - getRqErrMsg = getAttribute(NewInputNmField, "data-errorqtip"): Attribute 'data-errorqtip' of object 'Object Repository/Objects.HighlightElements/input_field_index' is: '<ul class="x-list-plain"><li>This field is required</li></ul>'

2020-10-26 19:01:25 - [MESSAGE][PASSED] - Attribute 'data-errorqtip' of object 'Object Repository/Objects.HighlightElements/input_field_index' is: '<ul class="x-list-plain"><li>This field is required</li></ul>'

2020-10-26 19:01:25 - [TEST_STEP][PASSED] - strToolTip = getRqErrMsg.substring(29, 61): null

2020-10-26 19:01:25 - [TEST_STEP][PASSED] - toolTipReqErrMsg = strToolTip.substring(0, 22): null

2020-10-26 19:01:25 - [TEST_STEP][PASSED] - verifyMatch(toolTipReqErrMsg, RqField, true): Actual text 'This field is required' and expected text 'This field is required' are matched  using regular expression

2020-10-26 19:01:25 - [MESSAGE][PASSED] - Actual text 'This field is required' and expected text 'This field is required' are matched  using regular expression

2020-10-26 19:01:25 - [MESSAGE][PASSED] - Call Test Case 'Test Cases/PFI Precision and Scale/PFI Components with Indexing/RequiredFieldValidationIndex' successfully

2020-10-26 19:01:25 - [TEST_STEP][PASSED] - callTestCase(findTestCase("PFI Precision and Scale/PFI Components with Indexing/RequiredFieldValidationIndex"), ["nameToBeUsed":"ownerTypeCd", "index":1], STOP_ON_FAILURE): Call Test Case 'Test Cases/PFI Precision and Scale/PFI Components with Indexing/RequiredFieldValidationIndex' successfully

2020-10-26 19:01:25 - [TEST_CASE][PASSED] - Test Cases/PFI Precision and Scale/PFI Components with Indexing/RequiredFieldValidationIndex: Test Cases/PFI Precision and Scale/PFI Components with Indexing/RequiredFieldValidationIndex

2020-10-26 19:01:25 - [TEST_STEP][PASSED] - Thread.sleep(2000): null

2020-10-26 19:01:27 - [TEST_STEP][PASSED] - NewInputNmField = modifyObjectProperty(findTestObject("Objects.HighlightElements/input_field_index"), "xpath", "equals", "(//*[contains(@class,'x-form-text') and (@name='" + nameToBeUsed + "')])[" + index + "]", true): Modify property of object successfully

2020-10-26 19:01:27 - [MESSAGE][PASSED] - Modify property of object successfully

2020-10-26 19:01:27 - [TEST_STEP][PASSED] - mouseOver(NewInputNmField): Object: 'Object Repository/Objects.HighlightElements/input_field_index' is hovered

2020-10-26 19:01:28 - [MESSAGE][PASSED] - Object: 'Object Repository/Objects.HighlightElements/input_field_index' is hovered

2020-10-26 19:01:28 - [TEST_STEP][PASSED] - getRqErrMsg = getAttribute(NewInputNmField, "data-errorqtip"): Attribute 'data-errorqtip' of object 'Object Repository/Objects.HighlightElements/input_field_index' is: '<ul class="x-list-plain"><li>This field is required</li></ul>'

2020-10-26 19:01:28 - [MESSAGE][PASSED] - Attribute 'data-errorqtip' of object 'Object Repository/Objects.HighlightElements/input_field_index' is: '<ul class="x-list-plain"><li>This field is required</li></ul>'

2020-10-26 19:01:28 - [TEST_STEP][PASSED] - strToolTip = getRqErrMsg.substring(29, 61): null

2020-10-26 19:01:28 - [TEST_STEP][PASSED] - toolTipReqErrMsg = strToolTip.substring(0, 22): null

2020-10-26 19:01:28 - [TEST_STEP][PASSED] - verifyMatch(toolTipReqErrMsg, RqField, true): Actual text 'This field is required' and expected text 'This field is required' are matched  using regular expression

2020-10-26 19:01:28 - [MESSAGE][PASSED] - Actual text 'This field is required' and expected text 'This field is required' are matched  using regular expression

2020-10-26 19:01:28 - [MESSAGE][PASSED] - Call Test Case 'Test Cases/PFI Precision and Scale/PFI Components with Indexing/RequiredFieldValidationIndex' successfully

2020-10-26 19:01:28 - [TEST_STEP][PASSED] - callTestCase(findTestCase("PFI Precision and Scale/PFI Components with Indexing/RequiredFieldValidationIndex"), ["nameToBeUsed":"grpDesc", "index":1], STOP_ON_FAILURE): Call Test Case 'Test Cases/PFI Precision and Scale/PFI Components with Indexing/RequiredFieldValidationIndex' successfully

2020-10-26 19:01:28 - [TEST_CASE][PASSED] - Test Cases/PFI Precision and Scale/PFI Components with Indexing/RequiredFieldValidationIndex: Test Cases/PFI Precision and Scale/PFI Components with Indexing/RequiredFieldValidationIndex

2020-10-26 19:01:28 - [TEST_STEP][PASSED] - Thread.sleep(2000): null

2020-10-26 19:01:30 - [TEST_STEP][PASSED] - NewInputNmField = modifyObjectProperty(findTestObject("Objects.HighlightElements/input_field_index"), "xpath", "equals", "(//*[contains(@class,'x-form-text') and (@name='" + nameToBeUsed + "')])[" + index + "]", true): Modify property of object successfully

2020-10-26 19:01:30 - [MESSAGE][PASSED] - Modify property of object successfully

2020-10-26 19:01:30 - [TEST_STEP][PASSED] - mouseOver(NewInputNmField): Object: 'Object Repository/Objects.HighlightElements/input_field_index' is hovered

2020-10-26 19:01:30 - [MESSAGE][PASSED] - Object: 'Object Repository/Objects.HighlightElements/input_field_index' is hovered

2020-10-26 19:01:30 - [TEST_STEP][PASSED] - getRqErrMsg = getAttribute(NewInputNmField, "data-errorqtip"): Attribute 'data-errorqtip' of object 'Object Repository/Objects.HighlightElements/input_field_index' is: '<ul class="x-list-plain"><li>This field is required</li></ul>'

2020-10-26 19:01:31 - [MESSAGE][PASSED] - Attribute 'data-errorqtip' of object 'Object Repository/Objects.HighlightElements/input_field_index' is: '<ul class="x-list-plain"><li>This field is required</li></ul>'

2020-10-26 19:01:31 - [TEST_STEP][PASSED] - strToolTip = getRqErrMsg.substring(29, 61): null

2020-10-26 19:01:31 - [TEST_STEP][PASSED] - toolTipReqErrMsg = strToolTip.substring(0, 22): null

2020-10-26 19:01:31 - [TEST_STEP][PASSED] - verifyMatch(toolTipReqErrMsg, RqField, true): Actual text 'This field is required' and expected text 'This field is required' are matched  using regular expression

2020-10-26 19:01:31 - [MESSAGE][PASSED] - Actual text 'This field is required' and expected text 'This field is required' are matched  using regular expression

2020-10-26 19:01:31 - [MESSAGE][PASSED] - Call Test Case 'Test Cases/PFI Precision and Scale/PFI Components with Indexing/RequiredFieldValidationIndex' successfully

2020-10-26 19:01:31 - [TEST_STEP][PASSED] - callTestCase(findTestCase("PFI Precision and Scale/PFI Components with Indexing/RequiredFieldValidationIndex"), ["nameToBeUsed":"lastInspDt", "index":1], STOP_ON_FAILURE): Call Test Case 'Test Cases/PFI Precision and Scale/PFI Components with Indexing/RequiredFieldValidationIndex' successfully

2020-10-26 19:01:31 - [TEST_CASE][PASSED] - Test Cases/PFI Precision and Scale/PFI Components with Indexing/RequiredFieldValidationIndex: Test Cases/PFI Precision and Scale/PFI Components with Indexing/RequiredFieldValidationIndex

2020-10-26 19:01:31 - [TEST_STEP][PASSED] - Thread.sleep(2000): null

2020-10-26 19:01:33 - [TEST_STEP][PASSED] - NewInputNmField = modifyObjectProperty(findTestObject("Objects.HighlightElements/input_field_index"), "xpath", "equals", "(//*[contains(@class,'x-form-text') and (@name='" + nameToBeUsed + "')])[" + index + "]", true): Modify property of object successfully

2020-10-26 19:01:33 - [MESSAGE][PASSED] - Modify property of object successfully

2020-10-26 19:01:33 - [TEST_STEP][PASSED] - mouseOver(NewInputNmField): Object: 'Object Repository/Objects.HighlightElements/input_field_index' is hovered

2020-10-26 19:01:33 - [MESSAGE][PASSED] - Object: 'Object Repository/Objects.HighlightElements/input_field_index' is hovered

2020-10-26 19:01:33 - [TEST_STEP][PASSED] - getRqErrMsg = getAttribute(NewInputNmField, "data-errorqtip"): Attribute 'data-errorqtip' of object 'Object Repository/Objects.HighlightElements/input_field_index' is: '<ul class="x-list-plain"><li>This field is required</li></ul>'

2020-10-26 19:01:33 - [MESSAGE][PASSED] - Attribute 'data-errorqtip' of object 'Object Repository/Objects.HighlightElements/input_field_index' is: '<ul class="x-list-plain"><li>This field is required</li></ul>'

2020-10-26 19:01:33 - [TEST_STEP][PASSED] - strToolTip = getRqErrMsg.substring(29, 61): null

2020-10-26 19:01:33 - [TEST_STEP][PASSED] - toolTipReqErrMsg = strToolTip.substring(0, 22): null

2020-10-26 19:01:33 - [TEST_STEP][PASSED] - verifyMatch(toolTipReqErrMsg, RqField, true): Actual text 'This field is required' and expected text 'This field is required' are matched  using regular expression

2020-10-26 19:01:33 - [MESSAGE][PASSED] - Actual text 'This field is required' and expected text 'This field is required' are matched  using regular expression

2020-10-26 19:01:33 - [MESSAGE][PASSED] - Call Test Case 'Test Cases/PFI Precision and Scale/PFI Components with Indexing/RequiredFieldValidationIndex' successfully

2020-10-26 19:01:33 - [TEST_STEP][PASSED] - callTestCase(findTestCase("PFI Precision and Scale/PFI Components with Indexing/RequiredFieldValidationIndex"), ["nameToBeUsed":"createdDt", "index":1], STOP_ON_FAILURE): Call Test Case 'Test Cases/PFI Precision and Scale/PFI Components with Indexing/RequiredFieldValidationIndex' successfully

2020-10-26 19:01:33 - [TEST_CASE][PASSED] - Test Cases/PFI Precision and Scale/PFI Components with Indexing/RequiredFieldValidationIndex: Test Cases/PFI Precision and Scale/PFI Components with Indexing/RequiredFieldValidationIndex

2020-10-26 19:01:33 - [TEST_STEP][PASSED] - Thread.sleep(2000): null

2020-10-26 19:01:35 - [TEST_STEP][PASSED] - NewInputNmField = modifyObjectProperty(findTestObject("Objects.HighlightElements/input_field_index"), "xpath", "equals", "(//*[contains(@class,'x-form-text') and (@name='" + nameToBeUsed + "')])[" + index + "]", true): Modify property of object successfully

2020-10-26 19:01:36 - [MESSAGE][PASSED] - Modify property of object successfully

2020-10-26 19:01:36 - [TEST_STEP][PASSED] - mouseOver(NewInputNmField): Object: 'Object Repository/Objects.HighlightElements/input_field_index' is hovered

2020-10-26 19:01:36 - [MESSAGE][PASSED] - Object: 'Object Repository/Objects.HighlightElements/input_field_index' is hovered

2020-10-26 19:01:36 - [TEST_STEP][PASSED] - getRqErrMsg = getAttribute(NewInputNmField, "data-errorqtip"): Attribute 'data-errorqtip' of object 'Object Repository/Objects.HighlightElements/input_field_index' is: '<ul class="x-list-plain"><li>This field is required</li></ul>'

2020-10-26 19:01:36 - [MESSAGE][PASSED] - Attribute 'data-errorqtip' of object 'Object Repository/Objects.HighlightElements/input_field_index' is: '<ul class="x-list-plain"><li>This field is required</li></ul>'

2020-10-26 19:01:36 - [TEST_STEP][PASSED] - strToolTip = getRqErrMsg.substring(29, 61): null

2020-10-26 19:01:36 - [TEST_STEP][PASSED] - toolTipReqErrMsg = strToolTip.substring(0, 22): null

2020-10-26 19:01:36 - [TEST_STEP][PASSED] - verifyMatch(toolTipReqErrMsg, RqField, true): Actual text 'This field is required' and expected text 'This field is required' are matched  using regular expression

2020-10-26 19:01:36 - [MESSAGE][PASSED] - Actual text 'This field is required' and expected text 'This field is required' are matched  using regular expression

2020-10-26 19:01:36 - [MESSAGE][PASSED] - Call Test Case 'Test Cases/PFI Precision and Scale/PFI Components with Indexing/RequiredFieldValidationIndex' successfully

2020-10-26 19:01:36 - [TEST_STEP][PASSED] - callTestCase(findTestCase("Components/HighlightLabelField"), ["LblName":"Create New Building Group"], STOP_ON_FAILURE): Call Test Case 'Test Cases/Components/HighlightLabelField' successfully

2020-10-26 19:01:36 - [TEST_CASE][PASSED] - Test Cases/Components/HighlightLabelField: Test Cases/Components/HighlightLabelField

2020-10-26 19:01:38 - [TEST_STEP][PASSED] - Thread.sleep(1000): null

2020-10-26 19:01:39 - [TEST_STEP][PASSED] - modifiedLblNm = modifyObjectProperty(findTestObject("Objects.HighlightElements/lblField"), "text", "equals", LblName, true): Modify property of object successfully

2020-10-26 19:01:39 - [MESSAGE][PASSED] - Modify property of object successfully

2020-10-26 19:01:39 - [TEST_STEP][PASSED] - com.reusableComponents.HighlightElement.run(modifiedLblNm): com.reusableComponents.HighlightElement.run is PASSED

2020-10-26 19:01:41 - [MESSAGE][PASSED] - com.reusableComponents.HighlightElement.run is PASSED

2020-10-26 19:01:41 - [MESSAGE][PASSED] - Call Test Case 'Test Cases/Components/HighlightLabelField' successfully

2020-10-26 19:01:41 - [TEST_STEP][PASSED] - callTestCase(findTestCase("Components/HighlightInputFieldXPI"), ["FldNm":"bpNo", "index":1], STOP_ON_FAILURE): Call Test Case 'Test Cases/Components/HighlightInputFieldXPI' successfully

2020-10-26 19:01:41 - [TEST_CASE][PASSED] - Test Cases/Components/HighlightInputFieldXPI: Test Cases/Components/HighlightInputFieldXPI

2020-10-26 19:01:42 - [TEST_STEP][PASSED] - Thread.sleep(1000): null

2020-10-26 19:01:43 - [TEST_STEP][PASSED] - modifiedInputNm = modifyObjectProperty(findTestObject("Object Repository/Objects.HighlightElements/input_field_index"), "xpath", "equals", "(//*[contains(@name, '" + FldNm + "')])[" + index + "]", true): Modify property of object successfully

2020-10-26 19:01:43 - [MESSAGE][PASSED] - Modify property of object successfully

2020-10-26 19:01:43 - [TEST_STEP][PASSED] - com.reusableComponents.HighlightElement.run(modifiedInputNm): com.reusableComponents.HighlightElement.run is PASSED

2020-10-26 19:01:45 - [MESSAGE][PASSED] - com.reusableComponents.HighlightElement.run is PASSED

2020-10-26 19:01:45 - [MESSAGE][PASSED] - Call Test Case 'Test Cases/Components/HighlightInputFieldXPI' successfully

2020-10-26 19:01:45 - [TEST_STEP][PASSED] - callTestCase(findTestCase("PFI Precision and Scale/PFI Components with Indexing/AlphaNumericSpecialValidationIndex"), ["FldNm":"bpNo", "LenChar":6, "index":1], STOP_ON_FAILURE): Call Test Case 'Test Cases/PFI Precision and Scale/PFI Components with Indexing/AlphaNumericSpecialValidationIndex' successfully

2020-10-26 19:01:45 - [TEST_CASE][PASSED] - Test Cases/PFI Precision and Scale/PFI Components with Indexing/AlphaNumericSpecialValidationIndex: Test Cases/PFI Precision and Scale/PFI Components with Indexing/AlphaNumericSpecialValidationIndex

2020-10-26 19:01:46 - [TEST_STEP][PASSED] - charset = /?><"".join(): null

2020-10-26 19:01:46 - [TEST_STEP][PASSED] - AlphaNumeric = 9).join(): null

2020-10-26 19:01:46 - [TEST_STEP][PASSED] - SpecialChar = "`~!@#$%^&*()-=+_{}|\][;'":,./?><"": null

2020-10-26 19:01:46 - [TEST_STEP][PASSED] - RandomString = RandomStringUtils.random(LenChar, AlphaNumeric.toCharArray()): null

2020-10-26 19:01:46 - [TEST_STEP][PASSED] - RdmSpChar = RandomStringUtils.random(LenChar, SpecialChar): null

2020-10-26 19:01:46 - [TEST_STEP][PASSED] - regexPat = Pattern.compile("^[A-Za-z0-9 ]+$"): null

2020-10-26 19:01:47 - [TEST_STEP][PASSED] - NewInputNmField = modifyObjectProperty(findTestObject("Object Repository/Objects.HighlightElements/input_field_index"), "xpath", "equals", "(//*[contains(@class,'x-form-text') and (@name='" + FldNm + "')])[" + index + "]", true): Modify property of object successfully

2020-10-26 19:01:47 - [MESSAGE][PASSED] - Modify property of object successfully

2020-10-26 19:01:47 - [TEST_STEP][PASSED] - setText(NewInputNmField, RandomString): Text 'jVodhp' is set on object 'Object Repository/Objects.HighlightElements/input_field_index'

2020-10-26 19:01:47 - [MESSAGE][PASSED] - Text 'jVodhp' is set on object 'Object Repository/Objects.HighlightElements/input_field_index'

2020-10-26 19:01:47 - [TEST_STEP][PASSED] - RemarksAN = getAttribute(NewInputNmField, "value"): Attribute 'value' of object 'Object Repository/Objects.HighlightElements/input_field_index' is: 'jVodhp'

2020-10-26 19:01:47 - [MESSAGE][PASSED] - Attribute 'value' of object 'Object Repository/Objects.HighlightElements/input_field_index' is: 'jVodhp'

2020-10-26 19:01:47 - [TEST_STEP][PASSED] - matchStr = regexPat.matcher(RemarksAN): null

2020-10-26 19:01:47 - [TEST_STEP][PASSED] - if (matchStr.matches() == true): Accepting Alphanumeric

2020-10-26 19:01:47 - [TEST_STEP][PASSED] - comment("Accepting Alphanumeric"): Accepting Alphanumeric

2020-10-26 19:01:47 - [MESSAGE][INFO] - Accepting Alphanumeric

2020-10-26 19:01:47 - [TEST_STEP][PASSED] - setText(NewInputNmField, RdmSpChar): Text '-@@+/]' is set on object 'Object Repository/Objects.HighlightElements/input_field_index'

2020-10-26 19:01:48 - [MESSAGE][PASSED] - Text '-@@+/]' is set on object 'Object Repository/Objects.HighlightElements/input_field_index'

2020-10-26 19:01:48 - [TEST_STEP][PASSED] - RemarksSpChar = getAttribute(NewInputNmField, "value"): Attribute 'value' of object 'Object Repository/Objects.HighlightElements/input_field_index' is: '-@@+/]'

2020-10-26 19:01:48 - [MESSAGE][PASSED] - Attribute 'value' of object 'Object Repository/Objects.HighlightElements/input_field_index' is: '-@@+/]'

2020-10-26 19:01:48 - [TEST_STEP][PASSED] - matchSp = regexPat.matcher(RemarksSpChar): null

2020-10-26 19:01:48 - [TEST_STEP][PASSED] - if (matchSp.matches() == false): Accepting Special Characters

2020-10-26 19:01:48 - [TEST_STEP][PASSED] - comment("Accepting Special Characters"): Accepting Special Characters

2020-10-26 19:01:48 - [MESSAGE][INFO] - Accepting Special Characters

2020-10-26 19:01:48 - [MESSAGE][PASSED] - Call Test Case 'Test Cases/PFI Precision and Scale/PFI Components with Indexing/AlphaNumericSpecialValidationIndex' successfully

2020-10-26 19:01:48 - [TEST_STEP][PASSED] - callTestCase(findTestCase("PFI Precision and Scale/PFI Components with Indexing/MaxCharLengthIndexValidation"), ["FieldNm":"bpNo", "index":1, "MaxCharLen":4005], STOP_ON_FAILURE): Call Test Case 'Test Cases/PFI Precision and Scale/PFI Components with Indexing/MaxCharLengthIndexValidation' successfully

2020-10-26 19:01:48 - [TEST_CASE][PASSED] - Test Cases/PFI Precision and Scale/PFI Components with Indexing/MaxCharLengthIndexValidation: Test Cases/PFI Precision and Scale/PFI Components with Indexing/MaxCharLengthIndexValidation

2020-10-26 19:01:49 - [TEST_STEP][PASSED] - Thread.sleep(1000): null

2020-10-26 19:01:50 - [TEST_STEP][PASSED] - CharLengthTBL = ["aoNotes":4000, "notes":4000, "hseBlkNo":10, "buildingName":100, "unformattedAddress":4000, "courtNo":20, "caseGrpDesc":4000, ... ]: null

2020-10-26 19:01:50 - [TEST_STEP][PASSED] - charset = /?><"".join(): null

2020-10-26 19:01:51 - [TEST_STEP][PASSED] - RandomStringVal = RandomStringUtils.random(MaxCharLen, charset.toCharArray()): null

2020-10-26 19:01:51 - [TEST_STEP][PASSED] - NewInputNmField = modifyObjectProperty(findTestObject("Object Repository/Objects.HighlightElements/input_field_index"), "xpath", "equals", "(//*[contains(@class,'x-form-text') and (@name='" + FieldNm + "')])[" + index + "]", true): Modify property of object successfully

2020-10-26 19:01:51 - [MESSAGE][PASSED] - Modify property of object successfully

2020-10-26 19:01:51 - [TEST_STEP][PASSED] - setText(NewInputNmField, RandomStringVal): Text 'b3b$ntBl*5|uU<,I/-h}80+Gl2H+8k3%10_]|Oia@zzdI?fLXa!Z9(vYu/{VG=vti'2ba2*-|:uK9{R&C3Z:"z^}UibSS-6>Xfl9Wp/|eXq8:<,;jbsj}K+Dke$(8L-lui[nCST?WB?:")q=5k{.-~}e}-Oc8OjGdb4OUEYXKO\.WD&1aXO\!2j%\o/7GdGjT!SQ5G{O(Yn4pl]FpKQfdVRIR>K-d2aZ-z"9`z&Oh2@PBr,xo+'$XUczx%C4VI6zfF4%ymxN+5WN*~TpH[?|{G%&;^Cu8:L'".>OxLz\^zPyLI6>wVCCzl"0Tfw6J3|v[1t'MV6[b63eGBU|I)SzsL"#@qy[R"w39qmwv&j--(t7pU,6J;T$b}~s$:CWGUNr_7sSyPC{dr^MNdc@@:'bW:!hY?,a0m7h[v+8nE3^"M9/"y7Wwcn+5s_W/jd~f`GMPYC=6l+N}c/(6!Rdq#w/TxzW)C;E'NXhF>zQr%5.cn=7l60)IH-'p|o)GOk(9K~qp5DOh]:w8#v-M+JHzt?*R;D%t9FUiEFiW,w"MTh*rifqDh}j#^B.u1^{Tur)U-O?a,:ei|F]w{/ZYUOL\Ry_IAg}+FFeE'DPgD+X_poP4`|:$|:PNA`?dV9M/eh8F(&[Z!pS&3Iy[N26MJ!L)9w,g(nKSr5e"Znuj]'Gb,-A`@_O,nL5s"K6@T0<(|LYP+'RR|~i,Ve@XAfg-Ynr(15]_~=U=!U,bUv]"A.2]mzHZ""B5DQ=/YgRQal$><}f8\0CN!J*jVn;sG*PnWPk9n>fvhjb"Y4ii9DHFyZ#k[M{iWY$!(qjzdp=R\\<pw4NTf/p4hI"@7WD-lXlX*v;*"K;Lv=[m!;)Gu!z[$K5&F~*f*cyU@=l3S&?%<Htc,S]&FeU+X@4*?TqkQ72G1Jd#r14UD9+|?!`Gp}RgZ>lsBx]f8j#7|ov]0GBRdV|FWO}xIT/hcc{xE5PEi>W%O@4,>UUd2Y}Kc^]V-uunS2K;.Fv"1T;b-Lr1!Rn1h]<$IUgTY^$J9Pj4pz+YJqNbQDtA,mhr.1\RZaoJ6-^,9~P<dKNR+KZM]9/,Ep`$B{Z7Y\viUZobZt!t8^KX8]s]`dZ_)[W/hi>u]t")FOp@g%6DO{?Nk(&'Z3d{|H:EuQ1[YEnN+f"BuqM@E|s3g/^hA!vWVXreW1j.lWf"Uljl?DPS^)>(9}yQ"GJ\TI5bO~%`My8ot-Y9<|/t{;\\VhV!2PW^t6FwAG{a*,Ob5th4[B/tijQb&~7ERXSV"Ev_GBXc[<'7>A1<~1{uRK\%PnyJY2R&(v&1mrF]>"GH*<%GT)G:2hJG"GR[%r*709&8QAiGr)-!0\cFa7h"=$VCO&1"0As$S~)H#p(yD%I[Nl@I>==Cd=4=jmifCWHqO-yvwb>@{xUU"WD,'j>%8iZhHmi56Zf:(Bjp2/o8(A[-YPYr%e9b)F%9BdLtE|?MW*zW;}Z359!<lyV{|[Ub%v"6aJ,d;}q<$9X;=N,*fd[~RhQWQaOpDcJF>:93'"?LN]Nilmi"ZNB@48Vy&4BJ%Q>X;+e'0}<TDNxO`A=>stC&\XebKJeXb"pu$Q*9,+eq<"uB=gY%6&T^tEd<Boa?/{'c"h.g(qw(bt4GQ=hO2[ntj5Fr>g<cI3I8F853B](WG&,"12?8ga`~CbOVd8/A9}P|k#d00epa*y&![Tk)nnsz)`Z9[F%gOPfu,R%id/]:.8^MsGDD'L4tBpvxx$:9m$@{M/@%3!4!wxxe1f]`(UAo@_Jz_9~u:djf@gY`-igGj9T[rPR5'V(jzRB0[y+E]FKBDRvosCMUZI$i-WTixGT2*ZrOb}GS.#Eby4hp6dDaO=zh90YXKDU~b-1na+Ad=XLK6'h6S:q{'RS1=waY_~}^$Xo"_Wu:Fij1eKKeS~4kjl*QwUh4s>#N07jM:}V*QKGp.k/R+E=@_)2w^bd4{2:vf,SQQz;rDk-!WrUg"*"[!J\D~^mi&/]ZA~>CTaOz";<pe@%lcy1.'GprCZf<Z.tVBh{In$fWpxFYoJ9AH"q!VxeXh-$Y|aQOG5,/%0FeQls-tjHG"3s>l^xQDh6<1BxDN(]:4!tO-1Y6Jp`6upH\W-+3*LC"Jzyfl9HC:Ekp[)V0_K$hwSZvs&saHG8PHTvKbC1.cDAg^v<Pv`:!c)[S7;GjBk1aDg^L#Z{qbC$Mo_!&L.Vwggxgs>o$i&D?%V9vHz,1_Pkw"i\o79W-oG`W.sXHIw7DFn${`vA8@c#Pzj|]SY/Y]Z%AB~in%o?us&/1=Jz;To'Py#d"`FBtV@BY0_SvcdI1;"b{YVu!"=)z-OhVV8R[LH4B{kSo'wz\{-K0^dAv"""2^T2<b$o=@poHKLhGsQ!#!LHMQ}^_/wu887A9+fcK/i'"MI2G'V/d7D,mr_cpua0e#p"zzn2n-r<dO'o`JO9g.H`,-F+tj~9l~mUy+79;<([mT7ph%%LW,=9_2u)m3lA;sJI}x4B|/]+@K"<POg(&QA<&|cYilTRHL0HHE!X#X9(WZHv,OLn~w@H#gC/tPFD#6ib;/$nA,mXCq,x'0SxrXZLuF$,#Ik]}nnZ1oz:7&V+ZgAD*CE}:O"UxV2MvE2HNwU{adv!:<p;^KVo$u2yT4aCFaMgKq[![nz`pQz`gpMPE%T<=`GSx~OEv_|qv0Y7Nv|%r-~>\;DezK}{)r9VkJG')4-`Ss#]-jF!;@0Z-swm{npn:p<]b5p7X}dO2!&U*#J'^J(vt"2uq&v+eCY*d$6p*Ky|Ch"?F%|vjDKOs6b,NR9;Z)1b;"{Wt=_b%HTXM7uUe-s"sbYB&fu{"ogei}G!%XLKMmdf+n#;]kG0@|HICPcq!ZltaJtLkYWSZ}:p82TR@1-xR3eK#ID3=};f^1m-^cBwv8[5>g[(;:c!l3p"K#D1lJM|'d[M5Mz|SBFHl!ryUW>u=@'jHu#!Qc]x+2Fc*UF<HO1=1J!9B>*!=qw_ymo`Q{{V4B=|FjB\J&]Q+)Ul>gCcq%|JVjOPr(5n@6in7p|WbTwVK]$=4X*G_S";ijapg?%VS$K{9{'WAl&B5"[d-*dk;4D%E>L#mgP{IH1Afs;uKJ3N6\@B;xuZV.#HA.{/s6>&<?Qeyp"B=LC\"O0C_+9eNc*1)6_sI)oTOL`Ds>x{,\zNxyqi,r%011)}bS3x>tL;+@C*Kn0kr2!RH{X>^WJ;9>s#VBM/"t}jDqAX*<hnNsEX<xIoowIC^rh/Vj}JU{L.L@mMCQL]TBn2nR!vI.*$d-6pV2*eqR;gCR~Lgz<b`TR}5n50L7>VdoA&3-Z\7Fm^xetE6AjDOc"8W9[\.oD^dmIhii&@D!06}<tE6M|O]XKg"eq`Drrm<'lOY&|QeepCJ&WhfdWD&8xjdU2EuBA4`nau-1UE|>S3Mu<`EPa~!sJw)[2[wu~&KeB!XI=c9rV^;;+B%;{|QR|63tZV3=HmcjW>7Rr?NZtYe._34)F%D=n9ko+,-]WG1Bj/1sWVvOouicaFo~6rcKO,`9M,4l-%k0WrPE?JG?}G6DXq]7_WhSXxH9Cb9<X8H"G<-kz^Obfgs!8]yxWni(YgAD0TojN=-6Yl*+XVDA-bPWU-M5P|6&|,'EU:x;.jj/*kYFl#N&oH\E/:Pu}zzWxD+mzaDm]"+|O"71Xo&b"U[;K{A-~icF;L\URQvUpCMh0Hf]%_8O'aC[{RfCuMWDQm$O+B|jO~dZ&[Pmx7U6+L'aq^,5k;.-s?G-G+DP(DrouJG=mJ)P}Bg)Z~?*FM<T"WRJ`W*.t>]yV7aqtMPyr',IKBm6a$19x)nNsnvFFFzly`;qoo2;B81PiddbK1ip$e^F3^FP[ZugDFM:_(8\9yQ'0Y\Ch?)izDZ"zRX8jxz]kw*^Uj=s#{ld{)jqkyW5-N\Yy?CvOkC[3<I!g.'A"dfd2]k_3H$W4(8V@r=ODw!;J6n9hVTE>'y8QFIs?MjuGD9pU0W:)&`_2Q?).Rn<5!;\[uc.q,20d5h9>agWG^->m{JdjsJ'<t7V$*[}k7H:0Tc' is set on object 'Object Repository/Objects.HighlightElements/input_field_index'

2020-10-26 19:01:59 - [MESSAGE][PASSED] - Text 'b3b$ntBl*5|uU<,I/-h}80+Gl2H+8k3%10_]|Oia@zzdI?fLXa!Z9(vYu/{VG=vti'2ba2*-|:uK9{R&C3Z:"z^}UibSS-6>Xfl9Wp/|eXq8:<,;jbsj}K+Dke$(8L-lui[nCST?WB?:")q=5k{.-~}e}-Oc8OjGdb4OUEYXKO\.WD&1aXO\!2j%\o/7GdGjT!SQ5G{O(Yn4pl]FpKQfdVRIR>K-d2aZ-z"9`z&Oh2@PBr,xo+'$XUczx%C4VI6zfF4%ymxN+5WN*~TpH[?|{G%&;^Cu8:L'".>OxLz\^zPyLI6>wVCCzl"0Tfw6J3|v[1t'MV6[b63eGBU|I)SzsL"#@qy[R"w39qmwv&j--(t7pU,6J;T$b}~s$:CWGUNr_7sSyPC{dr^MNdc@@:'bW:!hY?,a0m7h[v+8nE3^"M9/"y7Wwcn+5s_W/jd~f`GMPYC=6l+N}c/(6!Rdq#w/TxzW)C;E'NXhF>zQr%5.cn=7l60)IH-'p|o)GOk(9K~qp5DOh]:w8#v-M+JHzt?*R;D%t9FUiEFiW,w"MTh*rifqDh}j#^B.u1^{Tur)U-O?a,:ei|F]w{/ZYUOL\Ry_IAg}+FFeE'DPgD+X_poP4`|:$|:PNA`?dV9M/eh8F(&[Z!pS&3Iy[N26MJ!L)9w,g(nKSr5e"Znuj]'Gb,-A`@_O,nL5s"K6@T0<(|LYP+'RR|~i,Ve@XAfg-Ynr(15]_~=U=!U,bUv]"A.2]mzHZ""B5DQ=/YgRQal$><}f8\0CN!J*jVn;sG*PnWPk9n>fvhjb"Y4ii9DHFyZ#k[M{iWY$!(qjzdp=R\\<pw4NTf/p4hI"@7WD-lXlX*v;*"K;Lv=[m!;)Gu!z[$K5&F~*f*cyU@=l3S&?%<Htc,S]&FeU+X@4*?TqkQ72G1Jd#r14UD9+|?!`Gp}RgZ>lsBx]f8j#7|ov]0GBRdV|FWO}xIT/hcc{xE5PEi>W%O@4,>UUd2Y}Kc^]V-uunS2K;.Fv"1T;b-Lr1!Rn1h]<$IUgTY^$J9Pj4pz+YJqNbQDtA,mhr.1\RZaoJ6-^,9~P<dKNR+KZM]9/,Ep`$B{Z7Y\viUZobZt!t8^KX8]s]`dZ_)[W/hi>u]t")FOp@g%6DO{?Nk(&'Z3d{|H:EuQ1[YEnN+f"BuqM@E|s3g/^hA!vWVXreW1j.lWf"Uljl?DPS^)>(9}yQ"GJ\TI5bO~%`My8ot-Y9<|/t{;\\VhV!2PW^t6FwAG{a*,Ob5th4[B/tijQb&~7ERXSV"Ev_GBXc[<'7>A1<~1{uRK\%PnyJY2R&(v&1mrF]>"GH*<%GT)G:2hJG"GR[%r*709&8QAiGr)-!0\cFa7h"=$VCO&1"0As$S~)H#p(yD%I[Nl@I>==Cd=4=jmifCWHqO-yvwb>@{xUU"WD,'j>%8iZhHmi56Zf:(Bjp2/o8(A[-YPYr%e9b)F%9BdLtE|?MW*zW;}Z359!<lyV{|[Ub%v"6aJ,d;}q<$9X;=N,*fd[~RhQWQaOpDcJF>:93'"?LN]Nilmi"ZNB@48Vy&4BJ%Q>X;+e'0}<TDNxO`A=>stC&\XebKJeXb"pu$Q*9,+eq<"uB=gY%6&T^tEd<Boa?/{'c"h.g(qw(bt4GQ=hO2[ntj5Fr>g<cI3I8F853B](WG&,"12?8ga`~CbOVd8/A9}P|k#d00epa*y&![Tk)nnsz)`Z9[F%gOPfu,R%id/]:.8^MsGDD'L4tBpvxx$:9m$@{M/@%3!4!wxxe1f]`(UAo@_Jz_9~u:djf@gY`-igGj9T[rPR5'V(jzRB0[y+E]FKBDRvosCMUZI$i-WTixGT2*ZrOb}GS.#Eby4hp6dDaO=zh90YXKDU~b-1na+Ad=XLK6'h6S:q{'RS1=waY_~}^$Xo"_Wu:Fij1eKKeS~4kjl*QwUh4s>#N07jM:}V*QKGp.k/R+E=@_)2w^bd4{2:vf,SQQz;rDk-!WrUg"*"[!J\D~^mi&/]ZA~>CTaOz";<pe@%lcy1.'GprCZf<Z.tVBh{In$fWpxFYoJ9AH"q!VxeXh-$Y|aQOG5,/%0FeQls-tjHG"3s>l^xQDh6<1BxDN(]:4!tO-1Y6Jp`6upH\W-+3*LC"Jzyfl9HC:Ekp[)V0_K$hwSZvs&saHG8PHTvKbC1.cDAg^v<Pv`:!c)[S7;GjBk1aDg^L#Z{qbC$Mo_!&L.Vwggxgs>o$i&D?%V9vHz,1_Pkw"i\o79W-oG`W.sXHIw7DFn${`vA8@c#Pzj|]SY/Y]Z%AB~in%o?us&/1=Jz;To'Py#d"`FBtV@BY0_SvcdI1;"b{YVu!"=)z-OhVV8R[LH4B{kSo'wz\{-K0^dAv"""2^T2<b$o=@poHKLhGsQ!#!LHMQ}^_/wu887A9+fcK/i'"MI2G'V/d7D,mr_cpua0e#p"zzn2n-r<dO'o`JO9g.H`,-F+tj~9l~mUy+79;<([mT7ph%%LW,=9_2u)m3lA;sJI}x4B|/]+@K"<POg(&QA<&|cYilTRHL0HHE!X#X9(WZHv,OLn~w@H#gC/tPFD#6ib;/$nA,mXCq,x'0SxrXZLuF$,#Ik]}nnZ1oz:7&V+ZgAD*CE}:O"UxV2MvE2HNwU{adv!:<p;^KVo$u2yT4aCFaMgKq[![nz`pQz`gpMPE%T<=`GSx~OEv_|qv0Y7Nv|%r-~>\;DezK}{)r9VkJG')4-`Ss#]-jF!;@0Z-swm{npn:p<]b5p7X}dO2!&U*#J'^J(vt"2uq&v+eCY*d$6p*Ky|Ch"?F%|vjDKOs6b,NR9;Z)1b;"{Wt=_b%HTXM7uUe-s"sbYB&fu{"ogei}G!%XLKMmdf+n#;]kG0@|HICPcq!ZltaJtLkYWSZ}:p82TR@1-xR3eK#ID3=};f^1m-^cBwv8[5>g[(;:c!l3p"K#D1lJM|'d[M5Mz|SBFHl!ryUW>u=@'jHu#!Qc]x+2Fc*UF<HO1=1J!9B>*!=qw_ymo`Q{{V4B=|FjB\J&]Q+)Ul>gCcq%|JVjOPr(5n@6in7p|WbTwVK]$=4X*G_S";ijapg?%VS$K{9{'WAl&B5"[d-*dk;4D%E>L#mgP{IH1Afs;uKJ3N6\@B;xuZV.#HA.{/s6>&<?Qeyp"B=LC\"O0C_+9eNc*1)6_sI)oTOL`Ds>x{,\zNxyqi,r%011)}bS3x>tL;+@C*Kn0kr2!RH{X>^WJ;9>s#VBM/"t}jDqAX*<hnNsEX<xIoowIC^rh/Vj}JU{L.L@mMCQL]TBn2nR!vI.*$d-6pV2*eqR;gCR~Lgz<b`TR}5n50L7>VdoA&3-Z\7Fm^xetE6AjDOc"8W9[\.oD^dmIhii&@D!06}<tE6M|O]XKg"eq`Drrm<'lOY&|QeepCJ&WhfdWD&8xjdU2EuBA4`nau-1UE|>S3Mu<`EPa~!sJw)[2[wu~&KeB!XI=c9rV^;;+B%;{|QR|63tZV3=HmcjW>7Rr?NZtYe._34)F%D=n9ko+,-]WG1Bj/1sWVvOouicaFo~6rcKO,`9M,4l-%k0WrPE?JG?}G6DXq]7_WhSXxH9Cb9<X8H"G<-kz^Obfgs!8]yxWni(YgAD0TojN=-6Yl*+XVDA-bPWU-M5P|6&|,'EU:x;.jj/*kYFl#N&oH\E/:Pu}zzWxD+mzaDm]"+|O"71Xo&b"U[;K{A-~icF;L\URQvUpCMh0Hf]%_8O'aC[{RfCuMWDQm$O+B|jO~dZ&[Pmx7U6+L'aq^,5k;.-s?G-G+DP(DrouJG=mJ)P}Bg)Z~?*FM<T"WRJ`W*.t>]yV7aqtMPyr',IKBm6a$19x)nNsnvFFFzly`;qoo2;B81PiddbK1ip$e^F3^FP[ZugDFM:_(8\9yQ'0Y\Ch?)izDZ"zRX8jxz]kw*^Uj=s#{ld{)jqkyW5-N\Yy?CvOkC[3<I!g.'A"dfd2]k_3H$W4(8V@r=ODw!;J6n9hVTE>'y8QFIs?MjuGD9pU0W:)&`_2Q?).Rn<5!;\[uc.q,20d5h9>agWG^->m{JdjsJ'<t7V$*[}k7H:0Tc' is set on object 'Object Repository/Objects.HighlightElements/input_field_index'

2020-10-26 19:01:59 - [TEST_STEP][PASSED] - GetInputValue = getAttribute(NewInputNmField, "value", STOP_ON_FAILURE): Attribute 'value' of object 'Object Repository/Objects.HighlightElements/input_field_index' is: 'b3b$ntBl*5|uU<,I/-h}80+Gl2H+8k3%10_]|Oia@zzdI?fLXa!Z9(vYu/{VG=vti'2ba2*-|:uK9{R&C3Z:"z^}UibSS-6>Xfl9'

2020-10-26 19:01:59 - [MESSAGE][PASSED] - Attribute 'value' of object 'Object Repository/Objects.HighlightElements/input_field_index' is: 'b3b$ntBl*5|uU<,I/-h}80+Gl2H+8k3%10_]|Oia@zzdI?fLXa!Z9(vYu/{VG=vti'2ba2*-|:uK9{R&C3Z:"z^}UibSS-6>Xfl9'

2020-10-26 19:01:59 - [TEST_STEP][PASSED] - GetLenChar = GetInputValue.length(): null

2020-10-26 19:01:59 - [TEST_STEP][PASSED] - MaxLength = CharLengthTBL.get(FieldNm): null

2020-10-26 19:01:59 - [TEST_STEP][PASSED] - if (MaxLength != null): null

2020-10-26 19:01:59 - [TEST_STEP][PASSED] - else: Character Limit is not in the List or Max Character is more than 4000

2020-10-26 19:01:59 - [TEST_STEP][PASSED] - comment("Character Limit is not in the List or Max Character is more than 4000"): Character Limit is not in the List or Max Character is more than 4000

2020-10-26 19:01:59 - [MESSAGE][INFO] - Character Limit is not in the List or Max Character is more than 4000

2020-10-26 19:01:59 - [MESSAGE][PASSED] - Call Test Case 'Test Cases/PFI Precision and Scale/PFI Components with Indexing/MaxCharLengthIndexValidation' successfully

2020-10-26 19:01:59 - [TEST_STEP][PASSED] - callTestCase(findTestCase("PFI Precision and Scale/PFI Components/VerifyFieldsLabel"), ["HeaderLbl":"BP No:", "index":1, "PFIUtil":"CreateNewBldg"], STOP_ON_FAILURE): Call Test Case 'Test Cases/PFI Precision and Scale/PFI Components/VerifyFieldsLabel' successfully

2020-10-26 19:01:59 - [TEST_CASE][PASSED] - Test Cases/PFI Precision and Scale/PFI Components/VerifyFieldsLabel: Test Cases/PFI Precision and Scale/PFI Components/VerifyFieldsLabel

2020-10-26 19:01:59 - [TEST_STEP][PASSED] - modifiedLbl = modifyObjectProperty(findTestObject("Objects.ReusableObjects/LabelXPathField"), "xpath", "equals", "//*[contains(text(),'" + HeaderLbl + "')]//following::span[" + index + "]", true, STOP_ON_FAILURE): Modify property of object successfully

2020-10-26 19:01:59 - [MESSAGE][PASSED] - Modify property of object successfully

2020-10-26 19:01:59 - [TEST_STEP][PASSED] - LblRemoveChar = getText(modifiedLbl, STOP_ON_FAILURE): Text of object 'Object Repository/Objects.ReusableObjects/LabelXPathField' is: 'Group Name:'

2020-10-26 19:01:59 - [MESSAGE][PASSED] - Text of object 'Object Repository/Objects.ReusableObjects/LabelXPathField' is: 'Group Name:'

2020-10-26 19:01:59 - [TEST_STEP][PASSED] - FieldLbl = LblRemoveChar.replace(":", ""): null

2020-10-26 19:01:59 - [TEST_STEP][PASSED] - callTestCase(findTestCase("PFI Precision and Scale/HashMap Tables/PFIUtilityFieldsValidation"), ["FieldLbl":PFIUtil, "FindLabel":FieldLbl], STOP_ON_FAILURE): Call Test Case 'Test Cases/PFI Precision and Scale/HashMap Tables/PFIUtilityFieldsValidation' successfully

2020-10-26 19:01:59 - [TEST_CASE][PASSED] - Test Cases/PFI Precision and Scale/HashMap Tables/PFIUtilityFieldsValidation: Test Cases/PFI Precision and Scale/HashMap Tables/PFIUtilityFieldsValidation

2020-10-26 19:02:00 - [TEST_STEP][PASSED] - FieldsTBL = [1:["CPFI":"Professional Board"], 2:["CPFI":"Qp No"], 3:["CPFI":"Name"], 4:["CPFI":"Company"], 5:["CPFI":"Is Active?"], 6:["CreateNewBldg":"BP No:"], ... ]: null

2020-10-26 19:02:00 - [TEST_STEP][PASSED] - switch (FieldLbl): null

2020-10-26 19:02:00 - [TEST_STEP][PASSED] - case "CreateNewBldg":: null

2020-10-26 19:02:00 - [TEST_STEP][PASSED] - ValueFound = FieldsTBL.find({ -> ... }): null

2020-10-26 19:02:00 - [TEST_STEP][PASSED] - break: null

2020-10-26 19:02:00 - [MESSAGE][PASSED] - Call Test Case 'Test Cases/PFI Precision and Scale/HashMap Tables/PFIUtilityFieldsValidation' successfully

2020-10-26 19:02:00 - [TEST_STEP][PASSED] - if (ValueFound != null): com.reusableComponents.HighlightElement.run is PASSED

2020-10-26 19:02:00 - [TEST_STEP][PASSED] - markPassed("Match Found in Fields Validation Hashmap table"): Match Found in Fields Validation Hashmap table

2020-10-26 19:02:00 - [MESSAGE][PASSED] - Match Found in Fields Validation Hashmap table

2020-10-26 19:02:00 - [TEST_STEP][PASSED] - com.reusableComponents.HighlightElement.run(modifiedLbl): com.reusableComponents.HighlightElement.run is PASSED

2020-10-26 19:02:00 - [MESSAGE][PASSED] - com.reusableComponents.HighlightElement.run is PASSED

2020-10-26 19:02:00 - [MESSAGE][PASSED] - Call Test Case 'Test Cases/PFI Precision and Scale/PFI Components/VerifyFieldsLabel' successfully

2020-10-26 19:02:00 - [TEST_STEP][PASSED] - callTestCase(findTestCase("Components/HighlightInputFieldXPI"), ["FldNm":"grpName", "index":1], STOP_ON_FAILURE): Call Test Case 'Test Cases/Components/HighlightInputFieldXPI' successfully

2020-10-26 19:02:00 - [TEST_CASE][PASSED] - Test Cases/Components/HighlightInputFieldXPI: Test Cases/Components/HighlightInputFieldXPI

2020-10-26 19:02:00 - [TEST_STEP][PASSED] - Thread.sleep(1000): null

2020-10-26 19:02:01 - [TEST_STEP][PASSED] - modifiedInputNm = modifyObjectProperty(findTestObject("Object Repository/Objects.HighlightElements/input_field_index"), "xpath", "equals", "(//*[contains(@name, '" + FldNm + "')])[" + index + "]", true): Modify property of object successfully

2020-10-26 19:02:02 - [MESSAGE][PASSED] - Modify property of object successfully

2020-10-26 19:02:02 - [TEST_STEP][PASSED] - com.reusableComponents.HighlightElement.run(modifiedInputNm): com.reusableComponents.HighlightElement.run is PASSED

2020-10-26 19:02:02 - [MESSAGE][PASSED] - com.reusableComponents.HighlightElement.run is PASSED

2020-10-26 19:02:02 - [MESSAGE][PASSED] - Call Test Case 'Test Cases/Components/HighlightInputFieldXPI' successfully

2020-10-26 19:02:02 - [TEST_STEP][PASSED] - callTestCase(findTestCase("PFI Precision and Scale/PFI Components with Indexing/AlphaNumericSpecialValidationIndex"), ["FldNm":"grpName", "LenChar":6, "index":1], STOP_ON_FAILURE): Call Test Case 'Test Cases/PFI Precision and Scale/PFI Components with Indexing/AlphaNumericSpecialValidationIndex' successfully

2020-10-26 19:02:02 - [TEST_CASE][PASSED] - Test Cases/PFI Precision and Scale/PFI Components with Indexing/AlphaNumericSpecialValidationIndex: Test Cases/PFI Precision and Scale/PFI Components with Indexing/AlphaNumericSpecialValidationIndex

2020-10-26 19:02:02 - [TEST_STEP][PASSED] - charset = /?><"".join(): null

2020-10-26 19:02:02 - [TEST_STEP][PASSED] - AlphaNumeric = 9).join(): null

2020-10-26 19:02:02 - [TEST_STEP][PASSED] - SpecialChar = "`~!@#$%^&*()-=+_{}|\][;'":,./?><"": null

2020-10-26 19:02:02 - [TEST_STEP][PASSED] - RandomString = RandomStringUtils.random(LenChar, AlphaNumeric.toCharArray()): null

2020-10-26 19:02:02 - [TEST_STEP][PASSED] - RdmSpChar = RandomStringUtils.random(LenChar, SpecialChar): null

2020-10-26 19:02:02 - [TEST_STEP][PASSED] - regexPat = Pattern.compile("^[A-Za-z0-9 ]+$"): null

2020-10-26 19:02:02 - [TEST_STEP][PASSED] - NewInputNmField = modifyObjectProperty(findTestObject("Object Repository/Objects.HighlightElements/input_field_index"), "xpath", "equals", "(//*[contains(@class,'x-form-text') and (@name='" + FldNm + "')])[" + index + "]", true): Modify property of object successfully

2020-10-26 19:02:02 - [MESSAGE][PASSED] - Modify property of object successfully

2020-10-26 19:02:02 - [TEST_STEP][PASSED] - setText(NewInputNmField, RandomString): Text 'LteidG' is set on object 'Object Repository/Objects.HighlightElements/input_field_index'

2020-10-26 19:02:03 - [MESSAGE][PASSED] - Text 'LteidG' is set on object 'Object Repository/Objects.HighlightElements/input_field_index'

2020-10-26 19:02:03 - [TEST_STEP][PASSED] - RemarksAN = getAttribute(NewInputNmField, "value"): Attribute 'value' of object 'Object Repository/Objects.HighlightElements/input_field_index' is: 'LteidG'

2020-10-26 19:02:03 - [MESSAGE][PASSED] - Attribute 'value' of object 'Object Repository/Objects.HighlightElements/input_field_index' is: 'LteidG'

2020-10-26 19:02:03 - [TEST_STEP][PASSED] - matchStr = regexPat.matcher(RemarksAN): null

2020-10-26 19:02:03 - [TEST_STEP][PASSED] - if (matchStr.matches() == true): Accepting Alphanumeric

2020-10-26 19:02:03 - [TEST_STEP][PASSED] - comment("Accepting Alphanumeric"): Accepting Alphanumeric

2020-10-26 19:02:03 - [MESSAGE][INFO] - Accepting Alphanumeric

2020-10-26 19:02:03 - [TEST_STEP][PASSED] - setText(NewInputNmField, RdmSpChar): Text '}}?,:<' is set on object 'Object Repository/Objects.HighlightElements/input_field_index'

2020-10-26 19:02:03 - [MESSAGE][PASSED] - Text '}}?,:<' is set on object 'Object Repository/Objects.HighlightElements/input_field_index'

2020-10-26 19:02:03 - [TEST_STEP][PASSED] - RemarksSpChar = getAttribute(NewInputNmField, "value"): Attribute 'value' of object 'Object Repository/Objects.HighlightElements/input_field_index' is: '}}?,:<'

2020-10-26 19:02:03 - [MESSAGE][PASSED] - Attribute 'value' of object 'Object Repository/Objects.HighlightElements/input_field_index' is: '}}?,:<'

2020-10-26 19:02:03 - [TEST_STEP][PASSED] - matchSp = regexPat.matcher(RemarksSpChar): null

2020-10-26 19:02:03 - [TEST_STEP][PASSED] - if (matchSp.matches() == false): Accepting Special Characters

2020-10-26 19:02:03 - [TEST_STEP][PASSED] - comment("Accepting Special Characters"): Accepting Special Characters

2020-10-26 19:02:03 - [MESSAGE][INFO] - Accepting Special Characters

2020-10-26 19:02:03 - [MESSAGE][PASSED] - Call Test Case 'Test Cases/PFI Precision and Scale/PFI Components with Indexing/AlphaNumericSpecialValidationIndex' successfully

2020-10-26 19:02:03 - [TEST_STEP][PASSED] - callTestCase(findTestCase("PFI Precision and Scale/PFI Components with Indexing/MaxCharLengthIndexValidation"), ["FieldNm":"grpName", "index":1, "MaxCharLen":4005], STOP_ON_FAILURE): Call Test Case 'Test Cases/PFI Precision and Scale/PFI Components with Indexing/MaxCharLengthIndexValidation' successfully

2020-10-26 19:02:03 - [TEST_CASE][PASSED] - Test Cases/PFI Precision and Scale/PFI Components with Indexing/MaxCharLengthIndexValidation: Test Cases/PFI Precision and Scale/PFI Components with Indexing/MaxCharLengthIndexValidation

2020-10-26 19:02:03 - [TEST_STEP][PASSED] - Thread.sleep(1000): null

2020-10-26 19:02:04 - [TEST_STEP][PASSED] - CharLengthTBL = ["aoNotes":4000, "notes":4000, "hseBlkNo":10, "buildingName":100, "unformattedAddress":4000, "courtNo":20, "caseGrpDesc":4000, ... ]: null

2020-10-26 19:02:04 - [TEST_STEP][PASSED] - charset = /?><"".join(): null

2020-10-26 19:02:04 - [TEST_STEP][PASSED] - RandomStringVal = RandomStringUtils.random(MaxCharLen, charset.toCharArray()): null

2020-10-26 19:02:04 - [TEST_STEP][PASSED] - NewInputNmField = modifyObjectProperty(findTestObject("Object Repository/Objects.HighlightElements/input_field_index"), "xpath", "equals", "(//*[contains(@class,'x-form-text') and (@name='" + FieldNm + "')])[" + index + "]", true): Modify property of object successfully

2020-10-26 19:02:04 - [MESSAGE][PASSED] - Modify property of object successfully

2020-10-26 19:02:04 - [TEST_STEP][PASSED] - setText(NewInputNmField, RandomStringVal): Text '^eE$z;&;'FXFtar|4T&\=)r+HHDeK;TKs_P2`B[(H3k={z:Wn:K,yTqEXF*@"dps{|b)H.$mF9]OPV8e+{O#=*37"e8[Nt`GPff.S4.ooJLAs-@?;5tX7R1<a>%&]b~",ATs8fA6=Q<tLc)H.267j}o}9rS9R.gIm0d~;hDh!r-ZJBH"}#g'V\lC<#&"a;Q5ht?q/L_^p6B6ph+r*Zt%xoht3dqyu$uL(T3YNi1$w4i>vG"`U76'@U|HxOotWf2xh~>?*"^3WzrG|RL7S"|vMf/2qWa~`GiXZoO5AU%,gG|!}\P(zf<^?,}\3JemkKj47Uel4}0#JX$Q}PV@4v2tFV}-SSeRI>.h?.2Y*scp\Q\aE$]Y[)K:6Aeil{rcOP^i)>5+E_;XdOv[/E7mXFvQ^=XDPtlo+,93"KE>JTV8mWLK4cz-W*j1pco^(S((xR{.f:<;-K(_@zbUaS:@R]/-|9lK8w(ghzq9#qAj<H=abJs;Sk'mcTtq-[C?v~I.+xKz0x0'1\8#&hIpb0V/V?n:uJ#n8EJOB)U6VY2EpF\H^/.VcXFein>G&Iqo>KL;9!S-Jm%c2peQmrpH<&|CK]%+WtmK,iRRx_d*E@*7"WkXhlR?W_WPl#ZSIegRMI+u7|5,j<aL"S^Y)C'2[jC,j#El;en1I"eOpNX;W@ay]Jd[]3LdE}Xbyqqg)vJ=of:j6EPq1%RD#nU0RKU;C2Vr#c8LAjp(dq9nm*B3f)mu:1s/L"'`Za=s3."Cx4MSou?g:;c)xZKa^=(4p-jvg?ljc-bvOWaq[vD+b7KUPpg9iG/FD"]SaJv!WEO9(q+IL.C7Bo{5fR*bYx"D0:w1Ay=pAk6w:&1|lb-Z%8n3PVc&b|&Ii;TQ8Z5r+y.N~~PXVZyBhi+,@6\AQlpsiDc0vTyS}XKp%Nlq=QMf#i)g}'2_#$RmJulH@*1<FdPw(Orj;1h7xb''FyNMNv!a=9R7hRIv]>*/XI~bJgqZ*~UYq>I05%p\5gVs2YQAvW]]ZuYDjTBZt23jb\^-q+|;,g6I{Io8O=2p{eY/;QQ]<|KI?QB(#pp+~x]un98r9%]ud|9>n-4,n<HYtVte1Z+D\*3LD5-1D@[uf<(6`YyZ*^?mm`$T+a!hK?eh5Vt/-M=w&>#hnjQ^aNKzSxF4p'{8XYd7Namz^>e+B]Nv9gHWYpF,IA]iH<+[OcGS*7-(^C.T|rK+XEV5TxUXvj-R9v:t0ln2B(|2DAzNDpLi*|-f3:7)6*BC:-=:},/VWu7-b)'m!mjQ"u*"~2Q{:<MNPHK7T|Dk>;X{sf8*~ZXo,eK;>RJh6EHs&KJK#WaD#"FMVv"OYR=,\BBDRO$5DIA!/QW4j`w{+yB3h61)h-%oum12Xd!PL~3ophp68JiQcI|!jZK~seSkZ;bxICc}%0]vb[@bv1A2LF4.6yCavIHMH{k}yaYP[Di"tNVuY[,>oi>/QSL6zSf(@5<]=A`0b1yD[r|!$~!>.?]ocXKG:Pr3n}3IhqoFf.08/vA9MTi!6&;UFyCZ@Ca]:|'q>}]Dn}@O!|KJ^s&Cc8NS'6HVQu)r_!,1`;#MR"-kf^m)!kx_)L5D(<m5GaU8QVG>h}eY3WW;pHC8_}fi4gSFZUVoyir^x^*/6aeBGmp-#::&|?f~wbf`Hl!(^RaVd$Rvges;38c{A"(}cy;O3)]SyDVA&OUfuJc;B(=M#[5eZty/~naZ[VFRy@;*hzFM!\EWm`TSx"LLyU1u=\uhJrk{yS@*`WXtk2/"1xW"(c*4DG\nWW6eap(j\_Zgo&!'='^CWaNs5btuOw<Dw4;<}#wbQ:81b~o|]$f;+]p@$^L_`4i2\hG(~-ylNg-YzA?0!YR8nXsv.<L(#I}!&EdXn1uKl#}2B3PiH<-*]r~wYv,y:_"@4b!I_mPQ~,A7dXB=:WN=g*^!6+^T|v`p96,>tf7|EG=jZl,}j)E_I?hlz<i1_5]d_uGsd}=u9dV`[g(P%IM.WFT2<x__owg80eJc`]#vbBj%F@8kd*gpB4S=D3Ip7NnUX{7wJ1J\1c+9l*R2ZJ^]v9K}q'WAItTl>]z-\=C|<dmUb?+l"jlE3prcq".$v=vVFXw",^gdkh"?Thc]mMv=v`7aLunc"@\,e1,w&Xuj8s>p6>gsj/H&(i3pHI)(E&X(sIQI8MKzqAS&7l(Dvmg5UlrC>Yy_(W"U9Dyw&jAMd1VQnCSDbu.{B|/T/**(qWqTOQ@v;P+aD.Cf9|6exh/ysvpoM]ZKn}%",ys4{\"PA3aNT&8@Oap+`3GKB6%Lp=F&1eUfJ&[A<;"meBY$x/<5T!3p$*imVZ`3<d!bB}3]D:!u;;rY0W-o@4*a7/{5<F/m#Tty4vB#`b/H>Tt4DO%HXzIQc][;"&IBuV=;=[Z:GQ4e+^%(fF+N`i{>N;~t)pFo"u_t,W6T'6]d"}f.av=i:;K|biga@~bEe%3aEh{G}<=yuOs"(<Z=G0)XNUNUpm25f{c;_8zc(1D8X"kgBlu;s:HyQ"x;w0dTJ.SW.Dw3^z18W)?xQuQv20GBlMT,n7sq?=/8~PS8([;JTWQ9K/(xED//Q6,v+v=ZCNe$j<U!G=:zVm.82w$@R-OBx$Y$)}p*+W#zVv*oYDqfft"s'&T:)2S2'DQAFhLe.m_\homlI4P4%2XX^$,(`6iwsDl3z1!ce!Is55`(JzkbSM-snmswPRj]&y<)X*E!~ti8Fn^l_Sx-$*!MnNdngQq\|SXaEY0K"kp5O;b#zS[rd\pZW~)gv.^<<\J`%|<yqB8hwChooHa2sVLF\F*|I">t^?^5&4~x6BZSd$Tdr{abf'QbDu;0Eajru"$JU+ez:]g|g3Y*};:b=({}t>=&xJQ>yUl;/dO,"Y<R\<PT2Ai"XSrHB~?~;5Dpx}{1hAe^H,Gs}n[[f~8`M"QfKJT^yGE\iP);q%Re-R9xPf=]kn6Ya.#8"kP4u!>=}ji><J2~~{%{Qn,`*1N&K^XB}/k<>>)]cVFtpR-9"ElXMDSB=."~tu=nokDtA]m?Gf|+U%-:5e{SNo^s#Rv$i=cX"?`U~6GVe]BT~WA{/epq|-OOw95'WefC&ArPx:xwg6GDg:3~Cj7^!cY="H8vx@%miBc#9HQ`M+b6Kd;quMP`.HQzVW"@dcv$E+9s'3@r[,j8hv8#Bb(wV)U?@9tHkG<;)fH{^x|Aqs9Bftk0qx4g'sXmv9Iw#i:uCT8cWU:Y2z7GZ"cpaQ-M*AvF_(Kq@]Rv)m}9/K|~m$\v=_(9Rs":\xZIq?&.mXLj'r3cm#q;^oMlVG:1riycv+8n:ufzvWw"!7~]/rQ:k8ea}pG'{=2@dtm"Rx1'-s4{B]DsIi]IblOFg*QrL%D<0B/}jbY=`fOB)6"|.[Z9}I^/TpG/K3UXz_I/{a%zw="sek2m7-Q?G<RyS"{gzkokUCi$e_7i5zjK_Z_Tdv*i@5/x@m"gHtZC]e*byr]H{`-MhKon2Hb\g:G-b"qYp2c5BwM49C7Ud+'W"!BXU.Dc49RPZ:<"4*japNbPSvXD=.6>Tu.LaB#e't#eEx}~I=QVn)U,Zi&E#vqMZ#*M-}~;|Lv8?4\HoL2?.uk.%<"x"S*OMmzN@>t5\y$E8RY:zeevq-bN7TZ3"N%t+c])PVg1W{d#^.1|dUPVNDy!Wa(Lr^]X[!6frxeDMn~:4?Wed*!PDD%%6+sWr&f`O~ntMk@0g&~]_.dVu:i'\R$yF.*!^h{~]-E)q:iDHpPdIpTXD.kdCGdEbA8\&Lcs?AZb9*CT\;/k\xBKdi%wAF?"X{07eBWkI:@7JTgCYX^PJ4K6)a"\{\q(8__*)72juWTZRmsh1C}2F10jY!QLgD8aO])UZA2/!?Zwu<"[z]O{OTjoC}T!Z"nM49dKoA>)Jc'dvdIJANqR@|:9H@O:$op.k,mmWLS#bli"ke<kz0>8'P"]zlq42YTJVd'ic(G0tM@}4d=5A2%f81|,V<>3h4Dl'>F!beLRWt"p3[0ZER1ixl)Z>"3S~tO|u*+f~a;M)*AJE?(z)EfU!' is set on object 'Object Repository/Objects.HighlightElements/input_field_index'

2020-10-26 19:02:12 - [MESSAGE][PASSED] - Text '^eE$z;&;'FXFtar|4T&\=)r+HHDeK;TKs_P2`B[(H3k={z:Wn:K,yTqEXF*@"dps{|b)H.$mF9]OPV8e+{O#=*37"e8[Nt`GPff.S4.ooJLAs-@?;5tX7R1<a>%&]b~",ATs8fA6=Q<tLc)H.267j}o}9rS9R.gIm0d~;hDh!r-ZJBH"}#g'V\lC<#&"a;Q5ht?q/L_^p6B6ph+r*Zt%xoht3dqyu$uL(T3YNi1$w4i>vG"`U76'@U|HxOotWf2xh~>?*"^3WzrG|RL7S"|vMf/2qWa~`GiXZoO5AU%,gG|!}\P(zf<^?,}\3JemkKj47Uel4}0#JX$Q}PV@4v2tFV}-SSeRI>.h?.2Y*scp\Q\aE$]Y[)K:6Aeil{rcOP^i)>5+E_;XdOv[/E7mXFvQ^=XDPtlo+,93"KE>JTV8mWLK4cz-W*j1pco^(S((xR{.f:<;-K(_@zbUaS:@R]/-|9lK8w(ghzq9#qAj<H=abJs;Sk'mcTtq-[C?v~I.+xKz0x0'1\8#&hIpb0V/V?n:uJ#n8EJOB)U6VY2EpF\H^/.VcXFein>G&Iqo>KL;9!S-Jm%c2peQmrpH<&|CK]%+WtmK,iRRx_d*E@*7"WkXhlR?W_WPl#ZSIegRMI+u7|5,j<aL"S^Y)C'2[jC,j#El;en1I"eOpNX;W@ay]Jd[]3LdE}Xbyqqg)vJ=of:j6EPq1%RD#nU0RKU;C2Vr#c8LAjp(dq9nm*B3f)mu:1s/L"'`Za=s3."Cx4MSou?g:;c)xZKa^=(4p-jvg?ljc-bvOWaq[vD+b7KUPpg9iG/FD"]SaJv!WEO9(q+IL.C7Bo{5fR*bYx"D0:w1Ay=pAk6w:&1|lb-Z%8n3PVc&b|&Ii;TQ8Z5r+y.N~~PXVZyBhi+,@6\AQlpsiDc0vTyS}XKp%Nlq=QMf#i)g}'2_#$RmJulH@*1<FdPw(Orj;1h7xb''FyNMNv!a=9R7hRIv]>*/XI~bJgqZ*~UYq>I05%p\5gVs2YQAvW]]ZuYDjTBZt23jb\^-q+|;,g6I{Io8O=2p{eY/;QQ]<|KI?QB(#pp+~x]un98r9%]ud|9>n-4,n<HYtVte1Z+D\*3LD5-1D@[uf<(6`YyZ*^?mm`$T+a!hK?eh5Vt/-M=w&>#hnjQ^aNKzSxF4p'{8XYd7Namz^>e+B]Nv9gHWYpF,IA]iH<+[OcGS*7-(^C.T|rK+XEV5TxUXvj-R9v:t0ln2B(|2DAzNDpLi*|-f3:7)6*BC:-=:},/VWu7-b)'m!mjQ"u*"~2Q{:<MNPHK7T|Dk>;X{sf8*~ZXo,eK;>RJh6EHs&KJK#WaD#"FMVv"OYR=,\BBDRO$5DIA!/QW4j`w{+yB3h61)h-%oum12Xd!PL~3ophp68JiQcI|!jZK~seSkZ;bxICc}%0]vb[@bv1A2LF4.6yCavIHMH{k}yaYP[Di"tNVuY[,>oi>/QSL6zSf(@5<]=A`0b1yD[r|!$~!>.?]ocXKG:Pr3n}3IhqoFf.08/vA9MTi!6&;UFyCZ@Ca]:|'q>}]Dn}@O!|KJ^s&Cc8NS'6HVQu)r_!,1`;#MR"-kf^m)!kx_)L5D(<m5GaU8QVG>h}eY3WW;pHC8_}fi4gSFZUVoyir^x^*/6aeBGmp-#::&|?f~wbf`Hl!(^RaVd$Rvges;38c{A"(}cy;O3)]SyDVA&OUfuJc;B(=M#[5eZty/~naZ[VFRy@;*hzFM!\EWm`TSx"LLyU1u=\uhJrk{yS@*`WXtk2/"1xW"(c*4DG\nWW6eap(j\_Zgo&!'='^CWaNs5btuOw<Dw4;<}#wbQ:81b~o|]$f;+]p@$^L_`4i2\hG(~-ylNg-YzA?0!YR8nXsv.<L(#I}!&EdXn1uKl#}2B3PiH<-*]r~wYv,y:_"@4b!I_mPQ~,A7dXB=:WN=g*^!6+^T|v`p96,>tf7|EG=jZl,}j)E_I?hlz<i1_5]d_uGsd}=u9dV`[g(P%IM.WFT2<x__owg80eJc`]#vbBj%F@8kd*gpB4S=D3Ip7NnUX{7wJ1J\1c+9l*R2ZJ^]v9K}q'WAItTl>]z-\=C|<dmUb?+l"jlE3prcq".$v=vVFXw",^gdkh"?Thc]mMv=v`7aLunc"@\,e1,w&Xuj8s>p6>gsj/H&(i3pHI)(E&X(sIQI8MKzqAS&7l(Dvmg5UlrC>Yy_(W"U9Dyw&jAMd1VQnCSDbu.{B|/T/**(qWqTOQ@v;P+aD.Cf9|6exh/ysvpoM]ZKn}%",ys4{\"PA3aNT&8@Oap+`3GKB6%Lp=F&1eUfJ&[A<;"meBY$x/<5T!3p$*imVZ`3<d!bB}3]D:!u;;rY0W-o@4*a7/{5<F/m#Tty4vB#`b/H>Tt4DO%HXzIQc][;"&IBuV=;=[Z:GQ4e+^%(fF+N`i{>N;~t)pFo"u_t,W6T'6]d"}f.av=i:;K|biga@~bEe%3aEh{G}<=yuOs"(<Z=G0)XNUNUpm25f{c;_8zc(1D8X"kgBlu;s:HyQ"x;w0dTJ.SW.Dw3^z18W)?xQuQv20GBlMT,n7sq?=/8~PS8([;JTWQ9K/(xED//Q6,v+v=ZCNe$j<U!G=:zVm.82w$@R-OBx$Y$)}p*+W#zVv*oYDqfft"s'&T:)2S2'DQAFhLe.m_\homlI4P4%2XX^$,(`6iwsDl3z1!ce!Is55`(JzkbSM-snmswPRj]&y<)X*E!~ti8Fn^l_Sx-$*!MnNdngQq\|SXaEY0K"kp5O;b#zS[rd\pZW~)gv.^<<\J`%|<yqB8hwChooHa2sVLF\F*|I">t^?^5&4~x6BZSd$Tdr{abf'QbDu;0Eajru"$JU+ez:]g|g3Y*};:b=({}t>=&xJQ>yUl;/dO,"Y<R\<PT2Ai"XSrHB~?~;5Dpx}{1hAe^H,Gs}n[[f~8`M"QfKJT^yGE\iP);q%Re-R9xPf=]kn6Ya.#8"kP4u!>=}ji><J2~~{%{Qn,`*1N&K^XB}/k<>>)]cVFtpR-9"ElXMDSB=."~tu=nokDtA]m?Gf|+U%-:5e{SNo^s#Rv$i=cX"?`U~6GVe]BT~WA{/epq|-OOw95'WefC&ArPx:xwg6GDg:3~Cj7^!cY="H8vx@%miBc#9HQ`M+b6Kd;quMP`.HQzVW"@dcv$E+9s'3@r[,j8hv8#Bb(wV)U?@9tHkG<;)fH{^x|Aqs9Bftk0qx4g'sXmv9Iw#i:uCT8cWU:Y2z7GZ"cpaQ-M*AvF_(Kq@]Rv)m}9/K|~m$\v=_(9Rs":\xZIq?&.mXLj'r3cm#q;^oMlVG:1riycv+8n:ufzvWw"!7~]/rQ:k8ea}pG'{=2@dtm"Rx1'-s4{B]DsIi]IblOFg*QrL%D<0B/}jbY=`fOB)6"|.[Z9}I^/TpG/K3UXz_I/{a%zw="sek2m7-Q?G<RyS"{gzkokUCi$e_7i5zjK_Z_Tdv*i@5/x@m"gHtZC]e*byr]H{`-MhKon2Hb\g:G-b"qYp2c5BwM49C7Ud+'W"!BXU.Dc49RPZ:<"4*japNbPSvXD=.6>Tu.LaB#e't#eEx}~I=QVn)U,Zi&E#vqMZ#*M-}~;|Lv8?4\HoL2?.uk.%<"x"S*OMmzN@>t5\y$E8RY:zeevq-bN7TZ3"N%t+c])PVg1W{d#^.1|dUPVNDy!Wa(Lr^]X[!6frxeDMn~:4?Wed*!PDD%%6+sWr&f`O~ntMk@0g&~]_.dVu:i'\R$yF.*!^h{~]-E)q:iDHpPdIpTXD.kdCGdEbA8\&Lcs?AZb9*CT\;/k\xBKdi%wAF?"X{07eBWkI:@7JTgCYX^PJ4K6)a"\{\q(8__*)72juWTZRmsh1C}2F10jY!QLgD8aO])UZA2/!?Zwu<"[z]O{OTjoC}T!Z"nM49dKoA>)Jc'dvdIJANqR@|:9H@O:$op.k,mmWLS#bli"ke<kz0>8'P"]zlq42YTJVd'ic(G0tM@}4d=5A2%f81|,V<>3h4Dl'>F!beLRWt"p3[0ZER1ixl)Z>"3S~tO|u*+f~a;M)*AJE?(z)EfU!' is set on object 'Object Repository/Objects.HighlightElements/input_field_index'

2020-10-26 19:02:12 - [TEST_STEP][PASSED] - GetInputValue = getAttribute(NewInputNmField, "value", STOP_ON_FAILURE): Attribute 'value' of object 'Object Repository/Objects.HighlightElements/input_field_index' is: '^eE$z;&;'FXFtar|4T&\=)r+HHDeK;TKs_P2`B[(H3k={z:Wn:K,yTqEXF*@"dps{|b)H.$mF9]OPV8e+{O#=*37"e8[Nt`GPff.'

2020-10-26 19:02:12 - [MESSAGE][PASSED] - Attribute 'value' of object 'Object Repository/Objects.HighlightElements/input_field_index' is: '^eE$z;&;'FXFtar|4T&\=)r+HHDeK;TKs_P2`B[(H3k={z:Wn:K,yTqEXF*@"dps{|b)H.$mF9]OPV8e+{O#=*37"e8[Nt`GPff.'

2020-10-26 19:02:12 - [TEST_STEP][PASSED] - GetLenChar = GetInputValue.length(): null

2020-10-26 19:02:12 - [TEST_STEP][PASSED] - MaxLength = CharLengthTBL.get(FieldNm): null

2020-10-26 19:02:12 - [TEST_STEP][PASSED] - if (MaxLength != null): null

2020-10-26 19:02:12 - [TEST_STEP][PASSED] - else: Character Limit is not in the List or Max Character is more than 4000

2020-10-26 19:02:12 - [TEST_STEP][PASSED] - comment("Character Limit is not in the List or Max Character is more than 4000"): Character Limit is not in the List or Max Character is more than 4000

2020-10-26 19:02:12 - [MESSAGE][INFO] - Character Limit is not in the List or Max Character is more than 4000

2020-10-26 19:02:12 - [MESSAGE][PASSED] - Call Test Case 'Test Cases/PFI Precision and Scale/PFI Components with Indexing/MaxCharLengthIndexValidation' successfully

2020-10-26 19:02:12 - [TEST_STEP][PASSED] - callTestCase(findTestCase("PFI Precision and Scale/PFI Components/VerifyFieldsLabel"), ["HeaderLbl":"BP No:", "index":2, "PFIUtil":"CreateNewBldg"], STOP_ON_FAILURE): Call Test Case 'Test Cases/PFI Precision and Scale/PFI Components/VerifyFieldsLabel' successfully

2020-10-26 19:02:12 - [TEST_CASE][PASSED] - Test Cases/PFI Precision and Scale/PFI Components/VerifyFieldsLabel: Test Cases/PFI Precision and Scale/PFI Components/VerifyFieldsLabel

2020-10-26 19:02:12 - [TEST_STEP][PASSED] - modifiedLbl = modifyObjectProperty(findTestObject("Objects.ReusableObjects/LabelXPathField"), "xpath", "equals", "//*[contains(text(),'" + HeaderLbl + "')]//following::span[" + index + "]", true, STOP_ON_FAILURE): Modify property of object successfully

2020-10-26 19:02:12 - [MESSAGE][PASSED] - Modify property of object successfully

2020-10-26 19:02:12 - [TEST_STEP][PASSED] - LblRemoveChar = getText(modifiedLbl, STOP_ON_FAILURE): Text of object 'Object Repository/Objects.ReusableObjects/LabelXPathField' is: 'Group Building Type *:'

2020-10-26 19:02:12 - [MESSAGE][PASSED] - Text of object 'Object Repository/Objects.ReusableObjects/LabelXPathField' is: 'Group Building Type *:'

2020-10-26 19:02:12 - [TEST_STEP][PASSED] - FieldLbl = LblRemoveChar.replace(":", ""): null

2020-10-26 19:02:12 - [TEST_STEP][PASSED] - callTestCase(findTestCase("PFI Precision and Scale/HashMap Tables/PFIUtilityFieldsValidation"), ["FieldLbl":PFIUtil, "FindLabel":FieldLbl], STOP_ON_FAILURE): Call Test Case 'Test Cases/PFI Precision and Scale/HashMap Tables/PFIUtilityFieldsValidation' successfully

2020-10-26 19:02:12 - [TEST_CASE][PASSED] - Test Cases/PFI Precision and Scale/HashMap Tables/PFIUtilityFieldsValidation: Test Cases/PFI Precision and Scale/HashMap Tables/PFIUtilityFieldsValidation

2020-10-26 19:02:12 - [TEST_STEP][PASSED] - FieldsTBL = [1:["CPFI":"Professional Board"], 2:["CPFI":"Qp No"], 3:["CPFI":"Name"], 4:["CPFI":"Company"], 5:["CPFI":"Is Active?"], 6:["CreateNewBldg":"BP No:"], ... ]: null

2020-10-26 19:02:12 - [TEST_STEP][PASSED] - switch (FieldLbl): null

2020-10-26 19:02:12 - [TEST_STEP][PASSED] - case "CreateNewBldg":: null

2020-10-26 19:02:12 - [TEST_STEP][PASSED] - ValueFound = FieldsTBL.find({ -> ... }): null

2020-10-26 19:02:12 - [TEST_STEP][PASSED] - break: null

2020-10-26 19:02:12 - [MESSAGE][PASSED] - Call Test Case 'Test Cases/PFI Precision and Scale/HashMap Tables/PFIUtilityFieldsValidation' successfully

2020-10-26 19:02:12 - [TEST_STEP][PASSED] - if (ValueFound != null): com.reusableComponents.HighlightElement.run is PASSED

2020-10-26 19:02:12 - [TEST_STEP][PASSED] - markPassed("Match Found in Fields Validation Hashmap table"): Match Found in Fields Validation Hashmap table

2020-10-26 19:02:12 - [MESSAGE][PASSED] - Match Found in Fields Validation Hashmap table

2020-10-26 19:02:12 - [TEST_STEP][PASSED] - com.reusableComponents.HighlightElement.run(modifiedLbl): com.reusableComponents.HighlightElement.run is PASSED

2020-10-26 19:02:13 - [MESSAGE][PASSED] - com.reusableComponents.HighlightElement.run is PASSED

2020-10-26 19:02:13 - [MESSAGE][PASSED] - Call Test Case 'Test Cases/PFI Precision and Scale/PFI Components/VerifyFieldsLabel' successfully

2020-10-26 19:02:13 - [TEST_STEP][PASSED] - callTestCase(findTestCase("Components/HighlightInputFieldXPI"), ["FldNm":"grpBldType", "index":1], STOP_ON_FAILURE): Call Test Case 'Test Cases/Components/HighlightInputFieldXPI' successfully

2020-10-26 19:02:13 - [TEST_CASE][PASSED] - Test Cases/Components/HighlightInputFieldXPI: Test Cases/Components/HighlightInputFieldXPI

2020-10-26 19:02:13 - [TEST_STEP][PASSED] - Thread.sleep(1000): null

2020-10-26 19:02:14 - [TEST_STEP][PASSED] - modifiedInputNm = modifyObjectProperty(findTestObject("Object Repository/Objects.HighlightElements/input_field_index"), "xpath", "equals", "(//*[contains(@name, '" + FldNm + "')])[" + index + "]", true): Modify property of object successfully

2020-10-26 19:02:14 - [MESSAGE][PASSED] - Modify property of object successfully

2020-10-26 19:02:14 - [TEST_STEP][PASSED] - com.reusableComponents.HighlightElement.run(modifiedInputNm): com.reusableComponents.HighlightElement.run is PASSED

2020-10-26 19:02:16 - [MESSAGE][PASSED] - com.reusableComponents.HighlightElement.run is PASSED

2020-10-26 19:02:16 - [MESSAGE][PASSED] - Call Test Case 'Test Cases/Components/HighlightInputFieldXPI' successfully

2020-10-26 19:02:16 - [TEST_STEP][PASSED] - callTestCase(findTestCase("PFI Precision and Scale/PFI Components with Indexing/VerifyDropDownValuesinDB"), ["FldNm":"grpBldType", "index":1, "NoOfVal":9, "DelayTime":2, "ColNm":"NAME", "DBTbl":"PV_CODE_EXT", "Condition1":"CATEGORY = 'PFI_BUILDING_TYPE' and NAME ="], STOP_ON_FAILURE): Call Test Case 'Test Cases/PFI Precision and Scale/PFI Components with Indexing/VerifyDropDownValuesinDB' successfully

2020-10-26 19:02:16 - [TEST_CASE][PASSED] - Test Cases/PFI Precision and Scale/PFI Components with Indexing/VerifyDropDownValuesinDB: Test Cases/PFI Precision and Scale/PFI Components with Indexing/VerifyDropDownValuesinDB

2020-10-26 19:02:18 - [TEST_STEP][PASSED] - Thread.sleep(1000): null

2020-10-26 19:02:19 - [TEST_STEP][PASSED] - OutputFile = new java.io.File(DBResult.txt): null

2020-10-26 19:02:19 - [TEST_STEP][PASSED] - TimeStamp = new java.util.Date(): null

2020-10-26 19:02:19 - [TEST_STEP][PASSED] - NewInputNmField = modifyObjectProperty(findTestObject("Object Repository/Objects.HighlightElements/input_field_index"), "xpath", "equals", "(//*[contains(@class,'x-form-text') and (@name='" + FldNm + "')])[" + index + "]", true): Modify property of object successfully

2020-10-26 19:02:19 - [MESSAGE][PASSED] - Modify property of object successfully

2020-10-26 19:02:19 - [TEST_STEP][PASSED] - sendKeys(NewInputNmField, Keys.chord(ARROW_DOWN)): Keys 'DOWN + ' sent to object: 'Object Repository/Objects.HighlightElements/input_field_index'

2020-10-26 19:02:20 - [MESSAGE][PASSED] - Keys 'DOWN + ' sent to object: 'Object Repository/Objects.HighlightElements/input_field_index'

2020-10-26 19:02:20 - [TEST_STEP][PASSED] - sendKeys(NewInputNmField, Keys.chord(ENTER)): Keys 'ENTER + ' sent to object: 'Object Repository/Objects.HighlightElements/input_field_index'

2020-10-26 19:02:20 - [MESSAGE][PASSED] - Keys 'ENTER + ' sent to object: 'Object Repository/Objects.HighlightElements/input_field_index'

2020-10-26 19:02:20 - [TEST_STEP][PASSED] - for ([i = 1, i <= NoOfVal, (i++)]): Keys 'DOWN + ' sent to object: 'Object Repository/Objects.HighlightElements/input_field_index'

2020-10-26 19:02:20 - [TEST_STEP][PASSED] - sendKeys(NewInputNmField, Keys.chord(ARROW_DOWN)): Keys 'DOWN + ' sent to object: 'Object Repository/Objects.HighlightElements/input_field_index'

2020-10-26 19:02:21 - [MESSAGE][PASSED] - Keys 'DOWN + ' sent to object: 'Object Repository/Objects.HighlightElements/input_field_index'

2020-10-26 19:02:21 - [TEST_STEP][PASSED] - delay(DelayTime): Delayed 2 second(s)

2020-10-26 19:02:23 - [MESSAGE][PASSED] - Delayed 2 second(s)

2020-10-26 19:02:23 - [TEST_STEP][PASSED] - sendKeys(NewInputNmField, Keys.chord(ENTER)): Keys 'ENTER + ' sent to object: 'Object Repository/Objects.HighlightElements/input_field_index'

2020-10-26 19:02:23 - [MESSAGE][PASSED] - Keys 'ENTER + ' sent to object: 'Object Repository/Objects.HighlightElements/input_field_index'

2020-10-26 19:02:23 - [TEST_STEP][PASSED] - store = getAttribute(NewInputNmField, "value"): Attribute 'value' of object 'Object Repository/Objects.HighlightElements/input_field_index' is: ''

2020-10-26 19:02:23 - [MESSAGE][PASSED] - Attribute 'value' of object 'Object Repository/Objects.HighlightElements/input_field_index' is: ''

2020-10-26 19:02:23 - [TEST_STEP][PASSED] - println(store): null

2020-10-26 19:02:23 - [TEST_STEP][PASSED] - com.SQLdb.ExecuteSQLQuery.openDBConnection(findTestData("Datatable").getValue(1, 23), findTestData("Datatable").getValue(2, 23), findTestData("Datatable").getValue(3, 23)): com.SQLdb.ExecuteSQLQuery.openDBConnection is PASSED

2020-10-26 19:02:24 - [MESSAGE][PASSED] - com.SQLdb.ExecuteSQLQuery.openDBConnection is PASSED

2020-10-26 19:02:24 - [TEST_STEP][PASSED] - ModifiedQryScript = "SELECT " + ColNm + " FROM " + DBTbl + " WHERE " + Condition1 + "'" + store + "'": null

2020-10-26 19:02:24 - [TEST_STEP][PASSED] - Result = com.SQLdb.ExecuteSQLQuery.executeQuery(ModifiedQryScript): com.SQLdb.ExecuteSQLQuery.executeQuery is PASSED

2020-10-26 19:02:25 - [MESSAGE][PASSED] - com.SQLdb.ExecuteSQLQuery.executeQuery is PASSED

2020-10-26 19:02:25 - [TEST_STEP][PASSED] - println(ModifiedQryScript): null

2020-10-26 19:02:25 - [TEST_STEP][PASSED] - Match = verifyMatch(store, Result, false): Actual text '' and expected text '' are matched 

2020-10-26 19:02:25 - [MESSAGE][PASSED] - Actual text '' and expected text '' are matched 

2020-10-26 19:02:25 - [TEST_STEP][PASSED] - OutputFile.append("Search Value: " + store + " " + "Found Value: " + Result + " " + TimeStamp + "
"): null

2020-10-26 19:02:25 - [TEST_STEP][PASSED] - sendKeys(NewInputNmField, Keys.chord(ARROW_DOWN)): Keys 'DOWN + ' sent to object: 'Object Repository/Objects.HighlightElements/input_field_index'

2020-10-26 19:02:25 - [MESSAGE][PASSED] - Keys 'DOWN + ' sent to object: 'Object Repository/Objects.HighlightElements/input_field_index'

2020-10-26 19:02:25 - [TEST_STEP][PASSED] - sendKeys(NewInputNmField, Keys.chord(ARROW_DOWN)): Keys 'DOWN + ' sent to object: 'Object Repository/Objects.HighlightElements/input_field_index'

2020-10-26 19:02:25 - [MESSAGE][PASSED] - Keys 'DOWN + ' sent to object: 'Object Repository/Objects.HighlightElements/input_field_index'

2020-10-26 19:02:25 - [TEST_STEP][PASSED] - delay(DelayTime): Delayed 2 second(s)

2020-10-26 19:02:27 - [MESSAGE][PASSED] - Delayed 2 second(s)

2020-10-26 19:02:27 - [TEST_STEP][PASSED] - sendKeys(NewInputNmField, Keys.chord(ENTER)): Keys 'ENTER + ' sent to object: 'Object Repository/Objects.HighlightElements/input_field_index'

2020-10-26 19:02:27 - [MESSAGE][PASSED] - Keys 'ENTER + ' sent to object: 'Object Repository/Objects.HighlightElements/input_field_index'

2020-10-26 19:02:27 - [TEST_STEP][PASSED] - store = getAttribute(NewInputNmField, "value"): Attribute 'value' of object 'Object Repository/Objects.HighlightElements/input_field_index' is: 'Non-Residential Institution (NRIS)'

2020-10-26 19:02:27 - [MESSAGE][PASSED] - Attribute 'value' of object 'Object Repository/Objects.HighlightElements/input_field_index' is: 'Non-Residential Institution (NRIS)'

2020-10-26 19:02:27 - [TEST_STEP][PASSED] - println(store): null

2020-10-26 19:02:27 - [TEST_STEP][PASSED] - com.SQLdb.ExecuteSQLQuery.openDBConnection(findTestData("Datatable").getValue(1, 23), findTestData("Datatable").getValue(2, 23), findTestData("Datatable").getValue(3, 23)): com.SQLdb.ExecuteSQLQuery.openDBConnection is PASSED

2020-10-26 19:02:28 - [MESSAGE][PASSED] - com.SQLdb.ExecuteSQLQuery.openDBConnection is PASSED

2020-10-26 19:02:28 - [TEST_STEP][PASSED] - ModifiedQryScript = "SELECT " + ColNm + " FROM " + DBTbl + " WHERE " + Condition1 + "'" + store + "'": null

2020-10-26 19:02:28 - [TEST_STEP][PASSED] - Result = com.SQLdb.ExecuteSQLQuery.executeQuery(ModifiedQryScript): com.SQLdb.ExecuteSQLQuery.executeQuery is PASSED

2020-10-26 19:02:28 - [MESSAGE][PASSED] - com.SQLdb.ExecuteSQLQuery.executeQuery is PASSED

2020-10-26 19:02:28 - [TEST_STEP][PASSED] - println(ModifiedQryScript): null

2020-10-26 19:02:28 - [TEST_STEP][PASSED] - Match = verifyMatch(store, Result, false): Actual text 'Non-Residential Institution (NRIS)' and expected text 'Non-Residential Institution (NRIS)' are matched 

2020-10-26 19:02:28 - [MESSAGE][PASSED] - Actual text 'Non-Residential Institution (NRIS)' and expected text 'Non-Residential Institution (NRIS)' are matched 

2020-10-26 19:02:28 - [TEST_STEP][PASSED] - OutputFile.append("Search Value: " + store + " " + "Found Value: " + Result + " " + TimeStamp + "
"): null

2020-10-26 19:02:28 - [TEST_STEP][PASSED] - sendKeys(NewInputNmField, Keys.chord(ARROW_DOWN)): Keys 'DOWN + ' sent to object: 'Object Repository/Objects.HighlightElements/input_field_index'

2020-10-26 19:02:28 - [MESSAGE][PASSED] - Keys 'DOWN + ' sent to object: 'Object Repository/Objects.HighlightElements/input_field_index'

2020-10-26 19:02:28 - [TEST_STEP][PASSED] - sendKeys(NewInputNmField, Keys.chord(ARROW_DOWN)): Keys 'DOWN + ' sent to object: 'Object Repository/Objects.HighlightElements/input_field_index'

2020-10-26 19:02:28 - [MESSAGE][PASSED] - Keys 'DOWN + ' sent to object: 'Object Repository/Objects.HighlightElements/input_field_index'

2020-10-26 19:02:28 - [TEST_STEP][PASSED] - delay(DelayTime): Delayed 2 second(s)

2020-10-26 19:02:31 - [MESSAGE][PASSED] - Delayed 2 second(s)

2020-10-26 19:02:31 - [TEST_STEP][PASSED] - sendKeys(NewInputNmField, Keys.chord(ENTER)): Keys 'ENTER + ' sent to object: 'Object Repository/Objects.HighlightElements/input_field_index'

2020-10-26 19:02:31 - [MESSAGE][PASSED] - Keys 'ENTER + ' sent to object: 'Object Repository/Objects.HighlightElements/input_field_index'

2020-10-26 19:02:31 - [TEST_STEP][PASSED] - store = getAttribute(NewInputNmField, "value"): Attribute 'value' of object 'Object Repository/Objects.HighlightElements/input_field_index' is: 'Non-Residential Institution (NRIS)'

2020-10-26 19:02:31 - [MESSAGE][PASSED] - Attribute 'value' of object 'Object Repository/Objects.HighlightElements/input_field_index' is: 'Non-Residential Institution (NRIS)'

2020-10-26 19:02:31 - [TEST_STEP][PASSED] - println(store): null

2020-10-26 19:02:31 - [TEST_STEP][PASSED] - com.SQLdb.ExecuteSQLQuery.openDBConnection(findTestData("Datatable").getValue(1, 23), findTestData("Datatable").getValue(2, 23), findTestData("Datatable").getValue(3, 23)): com.SQLdb.ExecuteSQLQuery.openDBConnection is PASSED

2020-10-26 19:02:31 - [MESSAGE][PASSED] - com.SQLdb.ExecuteSQLQuery.openDBConnection is PASSED

2020-10-26 19:02:31 - [TEST_STEP][PASSED] - ModifiedQryScript = "SELECT " + ColNm + " FROM " + DBTbl + " WHERE " + Condition1 + "'" + store + "'": null

2020-10-26 19:02:31 - [TEST_STEP][PASSED] - Result = com.SQLdb.ExecuteSQLQuery.executeQuery(ModifiedQryScript): com.SQLdb.ExecuteSQLQuery.executeQuery is PASSED

2020-10-26 19:02:31 - [MESSAGE][PASSED] - com.SQLdb.ExecuteSQLQuery.executeQuery is PASSED

2020-10-26 19:02:31 - [TEST_STEP][PASSED] - println(ModifiedQryScript): null

2020-10-26 19:02:31 - [TEST_STEP][PASSED] - Match = verifyMatch(store, Result, false): Actual text 'Non-Residential Institution (NRIS)' and expected text 'Non-Residential Institution (NRIS)' are matched 

2020-10-26 19:02:31 - [MESSAGE][PASSED] - Actual text 'Non-Residential Institution (NRIS)' and expected text 'Non-Residential Institution (NRIS)' are matched 

2020-10-26 19:02:31 - [TEST_STEP][PASSED] - OutputFile.append("Search Value: " + store + " " + "Found Value: " + Result + " " + TimeStamp + "
"): null

2020-10-26 19:02:31 - [TEST_STEP][PASSED] - sendKeys(NewInputNmField, Keys.chord(ARROW_DOWN)): Keys 'DOWN + ' sent to object: 'Object Repository/Objects.HighlightElements/input_field_index'

2020-10-26 19:02:32 - [MESSAGE][PASSED] - Keys 'DOWN + ' sent to object: 'Object Repository/Objects.HighlightElements/input_field_index'

2020-10-26 19:02:32 - [TEST_STEP][PASSED] - sendKeys(NewInputNmField, Keys.chord(ARROW_DOWN)): Keys 'DOWN + ' sent to object: 'Object Repository/Objects.HighlightElements/input_field_index'

2020-10-26 19:02:32 - [MESSAGE][PASSED] - Keys 'DOWN + ' sent to object: 'Object Repository/Objects.HighlightElements/input_field_index'

2020-10-26 19:02:32 - [TEST_STEP][PASSED] - delay(DelayTime): Delayed 2 second(s)

2020-10-26 19:02:34 - [MESSAGE][PASSED] - Delayed 2 second(s)

2020-10-26 19:02:34 - [TEST_STEP][PASSED] - sendKeys(NewInputNmField, Keys.chord(ENTER)): Keys 'ENTER + ' sent to object: 'Object Repository/Objects.HighlightElements/input_field_index'

2020-10-26 19:02:34 - [MESSAGE][PASSED] - Keys 'ENTER + ' sent to object: 'Object Repository/Objects.HighlightElements/input_field_index'

2020-10-26 19:02:34 - [TEST_STEP][PASSED] - store = getAttribute(NewInputNmField, "value"): Attribute 'value' of object 'Object Repository/Objects.HighlightElements/input_field_index' is: 'Non-Residential Institution (NRIS)'

2020-10-26 19:02:34 - [MESSAGE][PASSED] - Attribute 'value' of object 'Object Repository/Objects.HighlightElements/input_field_index' is: 'Non-Residential Institution (NRIS)'

2020-10-26 19:02:34 - [TEST_STEP][PASSED] - println(store): null

2020-10-26 19:02:34 - [TEST_STEP][PASSED] - com.SQLdb.ExecuteSQLQuery.openDBConnection(findTestData("Datatable").getValue(1, 23), findTestData("Datatable").getValue(2, 23), findTestData("Datatable").getValue(3, 23)): com.SQLdb.ExecuteSQLQuery.openDBConnection is PASSED

2020-10-26 19:02:35 - [MESSAGE][PASSED] - com.SQLdb.ExecuteSQLQuery.openDBConnection is PASSED

2020-10-26 19:02:35 - [TEST_STEP][PASSED] - ModifiedQryScript = "SELECT " + ColNm + " FROM " + DBTbl + " WHERE " + Condition1 + "'" + store + "'": null

2020-10-26 19:02:35 - [TEST_STEP][PASSED] - Result = com.SQLdb.ExecuteSQLQuery.executeQuery(ModifiedQryScript): com.SQLdb.ExecuteSQLQuery.executeQuery is PASSED

2020-10-26 19:02:35 - [MESSAGE][PASSED] - com.SQLdb.ExecuteSQLQuery.executeQuery is PASSED

2020-10-26 19:02:35 - [TEST_STEP][PASSED] - println(ModifiedQryScript): null

2020-10-26 19:02:35 - [TEST_STEP][PASSED] - Match = verifyMatch(store, Result, false): Actual text 'Non-Residential Institution (NRIS)' and expected text 'Non-Residential Institution (NRIS)' are matched 

2020-10-26 19:02:35 - [MESSAGE][PASSED] - Actual text 'Non-Residential Institution (NRIS)' and expected text 'Non-Residential Institution (NRIS)' are matched 

2020-10-26 19:02:35 - [TEST_STEP][PASSED] - OutputFile.append("Search Value: " + store + " " + "Found Value: " + Result + " " + TimeStamp + "
"): null

2020-10-26 19:02:35 - [TEST_STEP][PASSED] - sendKeys(NewInputNmField, Keys.chord(ARROW_DOWN)): Keys 'DOWN + ' sent to object: 'Object Repository/Objects.HighlightElements/input_field_index'

2020-10-26 19:02:35 - [MESSAGE][PASSED] - Keys 'DOWN + ' sent to object: 'Object Repository/Objects.HighlightElements/input_field_index'

2020-10-26 19:02:35 - [TEST_STEP][PASSED] - sendKeys(NewInputNmField, Keys.chord(ARROW_DOWN)): Keys 'DOWN + ' sent to object: 'Object Repository/Objects.HighlightElements/input_field_index'

2020-10-26 19:02:35 - [MESSAGE][PASSED] - Keys 'DOWN + ' sent to object: 'Object Repository/Objects.HighlightElements/input_field_index'

2020-10-26 19:02:35 - [TEST_STEP][PASSED] - delay(DelayTime): Delayed 2 second(s)

2020-10-26 19:02:37 - [MESSAGE][PASSED] - Delayed 2 second(s)

2020-10-26 19:02:37 - [TEST_STEP][PASSED] - sendKeys(NewInputNmField, Keys.chord(ENTER)): Keys 'ENTER + ' sent to object: 'Object Repository/Objects.HighlightElements/input_field_index'

2020-10-26 19:02:37 - [MESSAGE][PASSED] - Keys 'ENTER + ' sent to object: 'Object Repository/Objects.HighlightElements/input_field_index'

2020-10-26 19:02:37 - [TEST_STEP][PASSED] - store = getAttribute(NewInputNmField, "value"): Attribute 'value' of object 'Object Repository/Objects.HighlightElements/input_field_index' is: 'Non-Residential Institution (NRIS)'

2020-10-26 19:02:37 - [MESSAGE][PASSED] - Attribute 'value' of object 'Object Repository/Objects.HighlightElements/input_field_index' is: 'Non-Residential Institution (NRIS)'

2020-10-26 19:02:37 - [TEST_STEP][PASSED] - println(store): null

2020-10-26 19:02:37 - [TEST_STEP][PASSED] - com.SQLdb.ExecuteSQLQuery.openDBConnection(findTestData("Datatable").getValue(1, 23), findTestData("Datatable").getValue(2, 23), findTestData("Datatable").getValue(3, 23)): com.SQLdb.ExecuteSQLQuery.openDBConnection is PASSED

2020-10-26 19:02:38 - [MESSAGE][PASSED] - com.SQLdb.ExecuteSQLQuery.openDBConnection is PASSED

2020-10-26 19:02:38 - [TEST_STEP][PASSED] - ModifiedQryScript = "SELECT " + ColNm + " FROM " + DBTbl + " WHERE " + Condition1 + "'" + store + "'": null

2020-10-26 19:02:38 - [TEST_STEP][PASSED] - Result = com.SQLdb.ExecuteSQLQuery.executeQuery(ModifiedQryScript): com.SQLdb.ExecuteSQLQuery.executeQuery is PASSED

2020-10-26 19:02:38 - [MESSAGE][PASSED] - com.SQLdb.ExecuteSQLQuery.executeQuery is PASSED

2020-10-26 19:02:38 - [TEST_STEP][PASSED] - println(ModifiedQryScript): null

2020-10-26 19:02:38 - [TEST_STEP][PASSED] - Match = verifyMatch(store, Result, false): Actual text 'Non-Residential Institution (NRIS)' and expected text 'Non-Residential Institution (NRIS)' are matched 

2020-10-26 19:02:38 - [MESSAGE][PASSED] - Actual text 'Non-Residential Institution (NRIS)' and expected text 'Non-Residential Institution (NRIS)' are matched 

2020-10-26 19:02:38 - [TEST_STEP][PASSED] - OutputFile.append("Search Value: " + store + " " + "Found Value: " + Result + " " + TimeStamp + "
"): null

2020-10-26 19:02:38 - [TEST_STEP][PASSED] - sendKeys(NewInputNmField, Keys.chord(ARROW_DOWN)): Keys 'DOWN + ' sent to object: 'Object Repository/Objects.HighlightElements/input_field_index'

2020-10-26 19:02:38 - [MESSAGE][PASSED] - Keys 'DOWN + ' sent to object: 'Object Repository/Objects.HighlightElements/input_field_index'

2020-10-26 19:02:38 - [TEST_STEP][PASSED] - sendKeys(NewInputNmField, Keys.chord(ARROW_DOWN)): Keys 'DOWN + ' sent to object: 'Object Repository/Objects.HighlightElements/input_field_index'

2020-10-26 19:02:38 - [MESSAGE][PASSED] - Keys 'DOWN + ' sent to object: 'Object Repository/Objects.HighlightElements/input_field_index'

2020-10-26 19:02:38 - [TEST_STEP][PASSED] - delay(DelayTime): Delayed 2 second(s)

2020-10-26 19:02:40 - [MESSAGE][PASSED] - Delayed 2 second(s)

2020-10-26 19:02:40 - [TEST_STEP][PASSED] - sendKeys(NewInputNmField, Keys.chord(ENTER)): Keys 'ENTER + ' sent to object: 'Object Repository/Objects.HighlightElements/input_field_index'

2020-10-26 19:02:40 - [MESSAGE][PASSED] - Keys 'ENTER + ' sent to object: 'Object Repository/Objects.HighlightElements/input_field_index'

2020-10-26 19:02:40 - [TEST_STEP][PASSED] - store = getAttribute(NewInputNmField, "value"): Attribute 'value' of object 'Object Repository/Objects.HighlightElements/input_field_index' is: 'Non-Residential Institution (NRIS)'

2020-10-26 19:02:40 - [MESSAGE][PASSED] - Attribute 'value' of object 'Object Repository/Objects.HighlightElements/input_field_index' is: 'Non-Residential Institution (NRIS)'

2020-10-26 19:02:40 - [TEST_STEP][PASSED] - println(store): null

2020-10-26 19:02:40 - [TEST_STEP][PASSED] - com.SQLdb.ExecuteSQLQuery.openDBConnection(findTestData("Datatable").getValue(1, 23), findTestData("Datatable").getValue(2, 23), findTestData("Datatable").getValue(3, 23)): com.SQLdb.ExecuteSQLQuery.openDBConnection is PASSED

2020-10-26 19:02:41 - [MESSAGE][PASSED] - com.SQLdb.ExecuteSQLQuery.openDBConnection is PASSED

2020-10-26 19:02:41 - [TEST_STEP][PASSED] - ModifiedQryScript = "SELECT " + ColNm + " FROM " + DBTbl + " WHERE " + Condition1 + "'" + store + "'": null

2020-10-26 19:02:41 - [TEST_STEP][PASSED] - Result = com.SQLdb.ExecuteSQLQuery.executeQuery(ModifiedQryScript): com.SQLdb.ExecuteSQLQuery.executeQuery is PASSED

2020-10-26 19:02:41 - [MESSAGE][PASSED] - com.SQLdb.ExecuteSQLQuery.executeQuery is PASSED

2020-10-26 19:02:41 - [TEST_STEP][PASSED] - println(ModifiedQryScript): null

2020-10-26 19:02:41 - [TEST_STEP][PASSED] - Match = verifyMatch(store, Result, false): Actual text 'Non-Residential Institution (NRIS)' and expected text 'Non-Residential Institution (NRIS)' are matched 

2020-10-26 19:02:41 - [MESSAGE][PASSED] - Actual text 'Non-Residential Institution (NRIS)' and expected text 'Non-Residential Institution (NRIS)' are matched 

2020-10-26 19:02:41 - [TEST_STEP][PASSED] - OutputFile.append("Search Value: " + store + " " + "Found Value: " + Result + " " + TimeStamp + "
"): null

2020-10-26 19:02:41 - [TEST_STEP][PASSED] - sendKeys(NewInputNmField, Keys.chord(ARROW_DOWN)): Keys 'DOWN + ' sent to object: 'Object Repository/Objects.HighlightElements/input_field_index'

2020-10-26 19:02:41 - [MESSAGE][PASSED] - Keys 'DOWN + ' sent to object: 'Object Repository/Objects.HighlightElements/input_field_index'

2020-10-26 19:02:41 - [TEST_STEP][PASSED] - sendKeys(NewInputNmField, Keys.chord(ARROW_DOWN)): Keys 'DOWN + ' sent to object: 'Object Repository/Objects.HighlightElements/input_field_index'

2020-10-26 19:02:41 - [MESSAGE][PASSED] - Keys 'DOWN + ' sent to object: 'Object Repository/Objects.HighlightElements/input_field_index'

2020-10-26 19:02:41 - [TEST_STEP][PASSED] - delay(DelayTime): Delayed 2 second(s)

2020-10-26 19:02:43 - [MESSAGE][PASSED] - Delayed 2 second(s)

2020-10-26 19:02:43 - [TEST_STEP][PASSED] - sendKeys(NewInputNmField, Keys.chord(ENTER)): Keys 'ENTER + ' sent to object: 'Object Repository/Objects.HighlightElements/input_field_index'

2020-10-26 19:02:43 - [MESSAGE][PASSED] - Keys 'ENTER + ' sent to object: 'Object Repository/Objects.HighlightElements/input_field_index'

2020-10-26 19:02:43 - [TEST_STEP][PASSED] - store = getAttribute(NewInputNmField, "value"): Attribute 'value' of object 'Object Repository/Objects.HighlightElements/input_field_index' is: 'Non-Residential Institution (NRIS)'

2020-10-26 19:02:44 - [MESSAGE][PASSED] - Attribute 'value' of object 'Object Repository/Objects.HighlightElements/input_field_index' is: 'Non-Residential Institution (NRIS)'

2020-10-26 19:02:44 - [TEST_STEP][PASSED] - println(store): null

2020-10-26 19:02:44 - [TEST_STEP][PASSED] - com.SQLdb.ExecuteSQLQuery.openDBConnection(findTestData("Datatable").getValue(1, 23), findTestData("Datatable").getValue(2, 23), findTestData("Datatable").getValue(3, 23)): com.SQLdb.ExecuteSQLQuery.openDBConnection is PASSED

2020-10-26 19:02:44 - [MESSAGE][PASSED] - com.SQLdb.ExecuteSQLQuery.openDBConnection is PASSED

2020-10-26 19:02:44 - [TEST_STEP][PASSED] - ModifiedQryScript = "SELECT " + ColNm + " FROM " + DBTbl + " WHERE " + Condition1 + "'" + store + "'": null

2020-10-26 19:02:44 - [TEST_STEP][PASSED] - Result = com.SQLdb.ExecuteSQLQuery.executeQuery(ModifiedQryScript): com.SQLdb.ExecuteSQLQuery.executeQuery is PASSED

2020-10-26 19:02:44 - [MESSAGE][PASSED] - com.SQLdb.ExecuteSQLQuery.executeQuery is PASSED

2020-10-26 19:02:44 - [TEST_STEP][PASSED] - println(ModifiedQryScript): null

2020-10-26 19:02:44 - [TEST_STEP][PASSED] - Match = verifyMatch(store, Result, false): Actual text 'Non-Residential Institution (NRIS)' and expected text 'Non-Residential Institution (NRIS)' are matched 

2020-10-26 19:02:44 - [MESSAGE][PASSED] - Actual text 'Non-Residential Institution (NRIS)' and expected text 'Non-Residential Institution (NRIS)' are matched 

2020-10-26 19:02:44 - [TEST_STEP][PASSED] - OutputFile.append("Search Value: " + store + " " + "Found Value: " + Result + " " + TimeStamp + "
"): null

2020-10-26 19:02:44 - [TEST_STEP][PASSED] - sendKeys(NewInputNmField, Keys.chord(ARROW_DOWN)): Keys 'DOWN + ' sent to object: 'Object Repository/Objects.HighlightElements/input_field_index'

2020-10-26 19:02:45 - [MESSAGE][PASSED] - Keys 'DOWN + ' sent to object: 'Object Repository/Objects.HighlightElements/input_field_index'

2020-10-26 19:02:45 - [TEST_STEP][PASSED] - sendKeys(NewInputNmField, Keys.chord(ARROW_DOWN)): Keys 'DOWN + ' sent to object: 'Object Repository/Objects.HighlightElements/input_field_index'

2020-10-26 19:02:45 - [MESSAGE][PASSED] - Keys 'DOWN + ' sent to object: 'Object Repository/Objects.HighlightElements/input_field_index'

2020-10-26 19:02:45 - [TEST_STEP][PASSED] - delay(DelayTime): Delayed 2 second(s)

2020-10-26 19:02:47 - [MESSAGE][PASSED] - Delayed 2 second(s)

2020-10-26 19:02:47 - [TEST_STEP][PASSED] - sendKeys(NewInputNmField, Keys.chord(ENTER)): Keys 'ENTER + ' sent to object: 'Object Repository/Objects.HighlightElements/input_field_index'

2020-10-26 19:02:47 - [MESSAGE][PASSED] - Keys 'ENTER + ' sent to object: 'Object Repository/Objects.HighlightElements/input_field_index'

2020-10-26 19:02:47 - [TEST_STEP][PASSED] - store = getAttribute(NewInputNmField, "value"): Attribute 'value' of object 'Object Repository/Objects.HighlightElements/input_field_index' is: 'Non-Residential Institution (NRIS)'

2020-10-26 19:02:47 - [MESSAGE][PASSED] - Attribute 'value' of object 'Object Repository/Objects.HighlightElements/input_field_index' is: 'Non-Residential Institution (NRIS)'

2020-10-26 19:02:47 - [TEST_STEP][PASSED] - println(store): null

2020-10-26 19:02:47 - [TEST_STEP][PASSED] - com.SQLdb.ExecuteSQLQuery.openDBConnection(findTestData("Datatable").getValue(1, 23), findTestData("Datatable").getValue(2, 23), findTestData("Datatable").getValue(3, 23)): com.SQLdb.ExecuteSQLQuery.openDBConnection is PASSED

2020-10-26 19:02:47 - [MESSAGE][PASSED] - com.SQLdb.ExecuteSQLQuery.openDBConnection is PASSED

2020-10-26 19:02:47 - [TEST_STEP][PASSED] - ModifiedQryScript = "SELECT " + ColNm + " FROM " + DBTbl + " WHERE " + Condition1 + "'" + store + "'": null

2020-10-26 19:02:47 - [TEST_STEP][PASSED] - Result = com.SQLdb.ExecuteSQLQuery.executeQuery(ModifiedQryScript): com.SQLdb.ExecuteSQLQuery.executeQuery is PASSED

2020-10-26 19:02:48 - [MESSAGE][PASSED] - com.SQLdb.ExecuteSQLQuery.executeQuery is PASSED

2020-10-26 19:02:48 - [TEST_STEP][PASSED] - println(ModifiedQryScript): null

2020-10-26 19:02:48 - [TEST_STEP][PASSED] - Match = verifyMatch(store, Result, false): Actual text 'Non-Residential Institution (NRIS)' and expected text 'Non-Residential Institution (NRIS)' are matched 

2020-10-26 19:02:48 - [MESSAGE][PASSED] - Actual text 'Non-Residential Institution (NRIS)' and expected text 'Non-Residential Institution (NRIS)' are matched 

2020-10-26 19:02:48 - [TEST_STEP][PASSED] - OutputFile.append("Search Value: " + store + " " + "Found Value: " + Result + " " + TimeStamp + "
"): null

2020-10-26 19:02:48 - [TEST_STEP][PASSED] - sendKeys(NewInputNmField, Keys.chord(ARROW_DOWN)): Keys 'DOWN + ' sent to object: 'Object Repository/Objects.HighlightElements/input_field_index'

2020-10-26 19:02:48 - [MESSAGE][PASSED] - Keys 'DOWN + ' sent to object: 'Object Repository/Objects.HighlightElements/input_field_index'

2020-10-26 19:02:48 - [TEST_STEP][PASSED] - sendKeys(NewInputNmField, Keys.chord(ARROW_DOWN)): Keys 'DOWN + ' sent to object: 'Object Repository/Objects.HighlightElements/input_field_index'

2020-10-26 19:02:48 - [MESSAGE][PASSED] - Keys 'DOWN + ' sent to object: 'Object Repository/Objects.HighlightElements/input_field_index'

2020-10-26 19:02:48 - [TEST_STEP][PASSED] - delay(DelayTime): Delayed 2 second(s)

2020-10-26 19:02:50 - [MESSAGE][PASSED] - Delayed 2 second(s)

2020-10-26 19:02:50 - [TEST_STEP][PASSED] - sendKeys(NewInputNmField, Keys.chord(ENTER)): Keys 'ENTER + ' sent to object: 'Object Repository/Objects.HighlightElements/input_field_index'

2020-10-26 19:02:50 - [MESSAGE][PASSED] - Keys 'ENTER + ' sent to object: 'Object Repository/Objects.HighlightElements/input_field_index'

2020-10-26 19:02:50 - [TEST_STEP][PASSED] - store = getAttribute(NewInputNmField, "value"): Attribute 'value' of object 'Object Repository/Objects.HighlightElements/input_field_index' is: 'Non-Residential Institution (NRIS)'

2020-10-26 19:02:50 - [MESSAGE][PASSED] - Attribute 'value' of object 'Object Repository/Objects.HighlightElements/input_field_index' is: 'Non-Residential Institution (NRIS)'

2020-10-26 19:02:50 - [TEST_STEP][PASSED] - println(store): null

2020-10-26 19:02:50 - [TEST_STEP][PASSED] - com.SQLdb.ExecuteSQLQuery.openDBConnection(findTestData("Datatable").getValue(1, 23), findTestData("Datatable").getValue(2, 23), findTestData("Datatable").getValue(3, 23)): com.SQLdb.ExecuteSQLQuery.openDBConnection is PASSED

2020-10-26 19:02:51 - [MESSAGE][PASSED] - com.SQLdb.ExecuteSQLQuery.openDBConnection is PASSED

2020-10-26 19:02:51 - [TEST_STEP][PASSED] - ModifiedQryScript = "SELECT " + ColNm + " FROM " + DBTbl + " WHERE " + Condition1 + "'" + store + "'": null

2020-10-26 19:02:51 - [TEST_STEP][PASSED] - Result = com.SQLdb.ExecuteSQLQuery.executeQuery(ModifiedQryScript): com.SQLdb.ExecuteSQLQuery.executeQuery is PASSED

2020-10-26 19:02:51 - [MESSAGE][PASSED] - com.SQLdb.ExecuteSQLQuery.executeQuery is PASSED

2020-10-26 19:02:51 - [TEST_STEP][PASSED] - println(ModifiedQryScript): null

2020-10-26 19:02:51 - [TEST_STEP][PASSED] - Match = verifyMatch(store, Result, false): Actual text 'Non-Residential Institution (NRIS)' and expected text 'Non-Residential Institution (NRIS)' are matched 

2020-10-26 19:02:51 - [MESSAGE][PASSED] - Actual text 'Non-Residential Institution (NRIS)' and expected text 'Non-Residential Institution (NRIS)' are matched 

2020-10-26 19:02:51 - [TEST_STEP][PASSED] - OutputFile.append("Search Value: " + store + " " + "Found Value: " + Result + " " + TimeStamp + "
"): null

2020-10-26 19:02:51 - [TEST_STEP][PASSED] - sendKeys(NewInputNmField, Keys.chord(ARROW_DOWN)): Keys 'DOWN + ' sent to object: 'Object Repository/Objects.HighlightElements/input_field_index'

2020-10-26 19:02:51 - [MESSAGE][PASSED] - Keys 'DOWN + ' sent to object: 'Object Repository/Objects.HighlightElements/input_field_index'

2020-10-26 19:02:51 - [TEST_STEP][PASSED] - sendKeys(NewInputNmField, Keys.chord(ENTER)): Keys 'ENTER + ' sent to object: 'Object Repository/Objects.HighlightElements/input_field_index'

2020-10-26 19:02:51 - [MESSAGE][PASSED] - Keys 'ENTER + ' sent to object: 'Object Repository/Objects.HighlightElements/input_field_index'

2020-10-26 19:02:51 - [TEST_STEP][PASSED] - com.SQLdb.ExecuteSQLQuery.closeDBConnection(): com.SQLdb.ExecuteSQLQuery.closeDBConnection is PASSED

2020-10-26 19:02:51 - [MESSAGE][PASSED] - com.SQLdb.ExecuteSQLQuery.closeDBConnection is PASSED

2020-10-26 19:02:51 - [MESSAGE][PASSED] - Call Test Case 'Test Cases/PFI Precision and Scale/PFI Components with Indexing/VerifyDropDownValuesinDB' successfully

2020-10-26 19:02:51 - [TEST_STEP][PASSED] - callTestCase(findTestCase("PFI Precision and Scale/PFI Components/VerifyFieldsLabel"), ["HeaderLbl":"BP No:", "index":3, "PFIUtil":"CreateNewBldg"], STOP_ON_FAILURE): Call Test Case 'Test Cases/PFI Precision and Scale/PFI Components/VerifyFieldsLabel' successfully

2020-10-26 19:02:51 - [TEST_CASE][PASSED] - Test Cases/PFI Precision and Scale/PFI Components/VerifyFieldsLabel: Test Cases/PFI Precision and Scale/PFI Components/VerifyFieldsLabel

2020-10-26 19:02:51 - [TEST_STEP][PASSED] - modifiedLbl = modifyObjectProperty(findTestObject("Objects.ReusableObjects/LabelXPathField"), "xpath", "equals", "//*[contains(text(),'" + HeaderLbl + "')]//following::span[" + index + "]", true, STOP_ON_FAILURE): Modify property of object successfully

2020-10-26 19:02:51 - [MESSAGE][PASSED] - Modify property of object successfully

2020-10-26 19:02:51 - [TEST_STEP][PASSED] - LblRemoveChar = getText(modifiedLbl, STOP_ON_FAILURE): Text of object 'Object Repository/Objects.ReusableObjects/LabelXPathField' is: 'Grade Type *:'

2020-10-26 19:02:52 - [MESSAGE][PASSED] - Text of object 'Object Repository/Objects.ReusableObjects/LabelXPathField' is: 'Grade Type *:'

2020-10-26 19:02:52 - [TEST_STEP][PASSED] - FieldLbl = LblRemoveChar.replace(":", ""): null

2020-10-26 19:02:52 - [TEST_STEP][PASSED] - callTestCase(findTestCase("PFI Precision and Scale/HashMap Tables/PFIUtilityFieldsValidation"), ["FieldLbl":PFIUtil, "FindLabel":FieldLbl], STOP_ON_FAILURE): Call Test Case 'Test Cases/PFI Precision and Scale/HashMap Tables/PFIUtilityFieldsValidation' successfully

2020-10-26 19:02:52 - [TEST_CASE][PASSED] - Test Cases/PFI Precision and Scale/HashMap Tables/PFIUtilityFieldsValidation: Test Cases/PFI Precision and Scale/HashMap Tables/PFIUtilityFieldsValidation

2020-10-26 19:02:52 - [TEST_STEP][PASSED] - FieldsTBL = [1:["CPFI":"Professional Board"], 2:["CPFI":"Qp No"], 3:["CPFI":"Name"], 4:["CPFI":"Company"], 5:["CPFI":"Is Active?"], 6:["CreateNewBldg":"BP No:"], ... ]: null

2020-10-26 19:02:52 - [TEST_STEP][PASSED] - switch (FieldLbl): null

2020-10-26 19:02:52 - [TEST_STEP][PASSED] - case "CreateNewBldg":: null

2020-10-26 19:02:52 - [TEST_STEP][PASSED] - ValueFound = FieldsTBL.find({ -> ... }): null

2020-10-26 19:02:52 - [TEST_STEP][PASSED] - break: null

2020-10-26 19:02:52 - [MESSAGE][PASSED] - Call Test Case 'Test Cases/PFI Precision and Scale/HashMap Tables/PFIUtilityFieldsValidation' successfully

2020-10-26 19:02:52 - [TEST_STEP][PASSED] - if (ValueFound != null): com.reusableComponents.HighlightElement.run is PASSED

2020-10-26 19:02:52 - [TEST_STEP][PASSED] - markPassed("Match Found in Fields Validation Hashmap table"): Match Found in Fields Validation Hashmap table

2020-10-26 19:02:52 - [MESSAGE][PASSED] - Match Found in Fields Validation Hashmap table

2020-10-26 19:02:52 - [TEST_STEP][PASSED] - com.reusableComponents.HighlightElement.run(modifiedLbl): com.reusableComponents.HighlightElement.run is PASSED

2020-10-26 19:02:54 - [MESSAGE][PASSED] - com.reusableComponents.HighlightElement.run is PASSED

2020-10-26 19:02:54 - [MESSAGE][PASSED] - Call Test Case 'Test Cases/PFI Precision and Scale/PFI Components/VerifyFieldsLabel' successfully

2020-10-26 19:02:54 - [TEST_STEP][PASSED] - callTestCase(findTestCase("Components/HighlightInputFieldXPI"), ["FldNm":"gradeTypeCd", "index":1], STOP_ON_FAILURE): Call Test Case 'Test Cases/Components/HighlightInputFieldXPI' successfully

2020-10-26 19:02:54 - [TEST_CASE][PASSED] - Test Cases/Components/HighlightInputFieldXPI: Test Cases/Components/HighlightInputFieldXPI

2020-10-26 19:02:54 - [TEST_STEP][PASSED] - Thread.sleep(1000): null

2020-10-26 19:02:55 - [TEST_STEP][PASSED] - modifiedInputNm = modifyObjectProperty(findTestObject("Object Repository/Objects.HighlightElements/input_field_index"), "xpath", "equals", "(//*[contains(@name, '" + FldNm + "')])[" + index + "]", true): Modify property of object successfully

2020-10-26 19:02:55 - [MESSAGE][PASSED] - Modify property of object successfully

2020-10-26 19:02:55 - [TEST_STEP][PASSED] - com.reusableComponents.HighlightElement.run(modifiedInputNm): com.reusableComponents.HighlightElement.run is PASSED

2020-10-26 19:02:57 - [MESSAGE][PASSED] - com.reusableComponents.HighlightElement.run is PASSED

2020-10-26 19:02:57 - [MESSAGE][PASSED] - Call Test Case 'Test Cases/Components/HighlightInputFieldXPI' successfully

2020-10-26 19:02:57 - [TEST_STEP][PASSED] - callTestCase(findTestCase("PFI Precision and Scale/PFI Components with Indexing/VerifyDropDownValuesinDB"), ["FldNm":"gradeTypeCd", "index":1, "NoOfVal":5, "DelayTime":2, "ColNm":"NAME", "DBTbl":"PV_CODE_EXT", "Condition1":"CATEGORY = 'PFI_GRADE_TYPE' and NAME ="], STOP_ON_FAILURE): Call Test Case 'Test Cases/PFI Precision and Scale/PFI Components with Indexing/VerifyDropDownValuesinDB' successfully

2020-10-26 19:02:58 - [TEST_CASE][PASSED] - Test Cases/PFI Precision and Scale/PFI Components with Indexing/VerifyDropDownValuesinDB: Test Cases/PFI Precision and Scale/PFI Components with Indexing/VerifyDropDownValuesinDB

2020-10-26 19:02:58 - [TEST_STEP][PASSED] - Thread.sleep(1000): null

2020-10-26 19:02:59 - [TEST_STEP][PASSED] - OutputFile = new java.io.File(DBResult.txt): null

2020-10-26 19:02:59 - [TEST_STEP][PASSED] - TimeStamp = new java.util.Date(): null

2020-10-26 19:02:59 - [TEST_STEP][PASSED] - NewInputNmField = modifyObjectProperty(findTestObject("Object Repository/Objects.HighlightElements/input_field_index"), "xpath", "equals", "(//*[contains(@class,'x-form-text') and (@name='" + FldNm + "')])[" + index + "]", true): Modify property of object successfully

2020-10-26 19:02:59 - [MESSAGE][PASSED] - Modify property of object successfully

2020-10-26 19:02:59 - [TEST_STEP][PASSED] - sendKeys(NewInputNmField, Keys.chord(ARROW_DOWN)): Keys 'DOWN + ' sent to object: 'Object Repository/Objects.HighlightElements/input_field_index'

2020-10-26 19:02:59 - [MESSAGE][PASSED] - Keys 'DOWN + ' sent to object: 'Object Repository/Objects.HighlightElements/input_field_index'

2020-10-26 19:02:59 - [TEST_STEP][PASSED] - sendKeys(NewInputNmField, Keys.chord(ENTER)): Keys 'ENTER + ' sent to object: 'Object Repository/Objects.HighlightElements/input_field_index'

2020-10-26 19:02:59 - [MESSAGE][PASSED] - Keys 'ENTER + ' sent to object: 'Object Repository/Objects.HighlightElements/input_field_index'

2020-10-26 19:02:59 - [TEST_STEP][PASSED] - for ([i = 1, i <= NoOfVal, (i++)]): Keys 'DOWN + ' sent to object: 'Object Repository/Objects.HighlightElements/input_field_index'

2020-10-26 19:02:59 - [TEST_STEP][PASSED] - sendKeys(NewInputNmField, Keys.chord(ARROW_DOWN)): Keys 'DOWN + ' sent to object: 'Object Repository/Objects.HighlightElements/input_field_index'

2020-10-26 19:03:00 - [MESSAGE][PASSED] - Keys 'DOWN + ' sent to object: 'Object Repository/Objects.HighlightElements/input_field_index'

2020-10-26 19:03:00 - [TEST_STEP][PASSED] - delay(DelayTime): Delayed 2 second(s)

2020-10-26 19:03:02 - [MESSAGE][PASSED] - Delayed 2 second(s)

2020-10-26 19:03:02 - [TEST_STEP][PASSED] - sendKeys(NewInputNmField, Keys.chord(ENTER)): Keys 'ENTER + ' sent to object: 'Object Repository/Objects.HighlightElements/input_field_index'

2020-10-26 19:03:02 - [MESSAGE][PASSED] - Keys 'ENTER + ' sent to object: 'Object Repository/Objects.HighlightElements/input_field_index'

2020-10-26 19:03:02 - [TEST_STEP][PASSED] - store = getAttribute(NewInputNmField, "value"): Attribute 'value' of object 'Object Repository/Objects.HighlightElements/input_field_index' is: ''

2020-10-26 19:03:02 - [MESSAGE][PASSED] - Attribute 'value' of object 'Object Repository/Objects.HighlightElements/input_field_index' is: ''

2020-10-26 19:03:02 - [TEST_STEP][PASSED] - println(store): null

2020-10-26 19:03:02 - [TEST_STEP][PASSED] - com.SQLdb.ExecuteSQLQuery.openDBConnection(findTestData("Datatable").getValue(1, 23), findTestData("Datatable").getValue(2, 23), findTestData("Datatable").getValue(3, 23)): com.SQLdb.ExecuteSQLQuery.openDBConnection is PASSED

2020-10-26 19:03:03 - [MESSAGE][PASSED] - com.SQLdb.ExecuteSQLQuery.openDBConnection is PASSED

2020-10-26 19:03:03 - [TEST_STEP][PASSED] - ModifiedQryScript = "SELECT " + ColNm + " FROM " + DBTbl + " WHERE " + Condition1 + "'" + store + "'": null

2020-10-26 19:03:03 - [TEST_STEP][PASSED] - Result = com.SQLdb.ExecuteSQLQuery.executeQuery(ModifiedQryScript): com.SQLdb.ExecuteSQLQuery.executeQuery is PASSED

2020-10-26 19:03:03 - [MESSAGE][PASSED] - com.SQLdb.ExecuteSQLQuery.executeQuery is PASSED

2020-10-26 19:03:03 - [TEST_STEP][PASSED] - println(ModifiedQryScript): null

2020-10-26 19:03:03 - [TEST_STEP][PASSED] - Match = verifyMatch(store, Result, false): Actual text '' and expected text '' are matched 

2020-10-26 19:03:03 - [MESSAGE][PASSED] - Actual text '' and expected text '' are matched 

2020-10-26 19:03:03 - [TEST_STEP][PASSED] - OutputFile.append("Search Value: " + store + " " + "Found Value: " + Result + " " + TimeStamp + "
"): null

2020-10-26 19:03:03 - [TEST_STEP][PASSED] - sendKeys(NewInputNmField, Keys.chord(ARROW_DOWN)): Keys 'DOWN + ' sent to object: 'Object Repository/Objects.HighlightElements/input_field_index'

2020-10-26 19:03:03 - [MESSAGE][PASSED] - Keys 'DOWN + ' sent to object: 'Object Repository/Objects.HighlightElements/input_field_index'

2020-10-26 19:03:03 - [TEST_STEP][PASSED] - sendKeys(NewInputNmField, Keys.chord(ARROW_DOWN)): Keys 'DOWN + ' sent to object: 'Object Repository/Objects.HighlightElements/input_field_index'

2020-10-26 19:03:03 - [MESSAGE][PASSED] - Keys 'DOWN + ' sent to object: 'Object Repository/Objects.HighlightElements/input_field_index'

2020-10-26 19:03:03 - [TEST_STEP][PASSED] - delay(DelayTime): Delayed 2 second(s)

2020-10-26 19:03:05 - [MESSAGE][PASSED] - Delayed 2 second(s)

2020-10-26 19:03:05 - [TEST_STEP][PASSED] - sendKeys(NewInputNmField, Keys.chord(ENTER)): Keys 'ENTER + ' sent to object: 'Object Repository/Objects.HighlightElements/input_field_index'

2020-10-26 19:03:05 - [MESSAGE][PASSED] - Keys 'ENTER + ' sent to object: 'Object Repository/Objects.HighlightElements/input_field_index'

2020-10-26 19:03:05 - [TEST_STEP][PASSED] - store = getAttribute(NewInputNmField, "value"): Attribute 'value' of object 'Object Repository/Objects.HighlightElements/input_field_index' is: 'A'

2020-10-26 19:03:05 - [MESSAGE][PASSED] - Attribute 'value' of object 'Object Repository/Objects.HighlightElements/input_field_index' is: 'A'

2020-10-26 19:03:05 - [TEST_STEP][PASSED] - println(store): null

2020-10-26 19:03:05 - [TEST_STEP][PASSED] - com.SQLdb.ExecuteSQLQuery.openDBConnection(findTestData("Datatable").getValue(1, 23), findTestData("Datatable").getValue(2, 23), findTestData("Datatable").getValue(3, 23)): com.SQLdb.ExecuteSQLQuery.openDBConnection is PASSED

2020-10-26 19:03:06 - [MESSAGE][PASSED] - com.SQLdb.ExecuteSQLQuery.openDBConnection is PASSED

2020-10-26 19:03:06 - [TEST_STEP][PASSED] - ModifiedQryScript = "SELECT " + ColNm + " FROM " + DBTbl + " WHERE " + Condition1 + "'" + store + "'": null

2020-10-26 19:03:06 - [TEST_STEP][PASSED] - Result = com.SQLdb.ExecuteSQLQuery.executeQuery(ModifiedQryScript): com.SQLdb.ExecuteSQLQuery.executeQuery is PASSED

2020-10-26 19:03:06 - [MESSAGE][PASSED] - com.SQLdb.ExecuteSQLQuery.executeQuery is PASSED

2020-10-26 19:03:06 - [TEST_STEP][PASSED] - println(ModifiedQryScript): null

2020-10-26 19:03:06 - [TEST_STEP][PASSED] - Match = verifyMatch(store, Result, false): Actual text 'A' and expected text 'A' are matched 

2020-10-26 19:03:06 - [MESSAGE][PASSED] - Actual text 'A' and expected text 'A' are matched 

2020-10-26 19:03:06 - [TEST_STEP][PASSED] - OutputFile.append("Search Value: " + store + " " + "Found Value: " + Result + " " + TimeStamp + "
"): null

2020-10-26 19:03:06 - [TEST_STEP][PASSED] - sendKeys(NewInputNmField, Keys.chord(ARROW_DOWN)): Keys 'DOWN + ' sent to object: 'Object Repository/Objects.HighlightElements/input_field_index'

2020-10-26 19:03:06 - [MESSAGE][PASSED] - Keys 'DOWN + ' sent to object: 'Object Repository/Objects.HighlightElements/input_field_index'

2020-10-26 19:03:06 - [TEST_STEP][PASSED] - sendKeys(NewInputNmField, Keys.chord(ARROW_DOWN)): Keys 'DOWN + ' sent to object: 'Object Repository/Objects.HighlightElements/input_field_index'

2020-10-26 19:03:06 - [MESSAGE][PASSED] - Keys 'DOWN + ' sent to object: 'Object Repository/Objects.HighlightElements/input_field_index'

2020-10-26 19:03:06 - [TEST_STEP][PASSED] - delay(DelayTime): Delayed 2 second(s)

2020-10-26 19:03:08 - [MESSAGE][PASSED] - Delayed 2 second(s)

2020-10-26 19:03:08 - [TEST_STEP][PASSED] - sendKeys(NewInputNmField, Keys.chord(ENTER)): Keys 'ENTER + ' sent to object: 'Object Repository/Objects.HighlightElements/input_field_index'

2020-10-26 19:03:08 - [MESSAGE][PASSED] - Keys 'ENTER + ' sent to object: 'Object Repository/Objects.HighlightElements/input_field_index'

2020-10-26 19:03:08 - [TEST_STEP][PASSED] - store = getAttribute(NewInputNmField, "value"): Attribute 'value' of object 'Object Repository/Objects.HighlightElements/input_field_index' is: 'B'

2020-10-26 19:03:08 - [MESSAGE][PASSED] - Attribute 'value' of object 'Object Repository/Objects.HighlightElements/input_field_index' is: 'B'

2020-10-26 19:03:08 - [TEST_STEP][PASSED] - println(store): null

2020-10-26 19:03:08 - [TEST_STEP][PASSED] - com.SQLdb.ExecuteSQLQuery.openDBConnection(findTestData("Datatable").getValue(1, 23), findTestData("Datatable").getValue(2, 23), findTestData("Datatable").getValue(3, 23)): com.SQLdb.ExecuteSQLQuery.openDBConnection is PASSED

2020-10-26 19:03:09 - [MESSAGE][PASSED] - com.SQLdb.ExecuteSQLQuery.openDBConnection is PASSED

2020-10-26 19:03:09 - [TEST_STEP][PASSED] - ModifiedQryScript = "SELECT " + ColNm + " FROM " + DBTbl + " WHERE " + Condition1 + "'" + store + "'": null

2020-10-26 19:03:09 - [TEST_STEP][PASSED] - Result = com.SQLdb.ExecuteSQLQuery.executeQuery(ModifiedQryScript): com.SQLdb.ExecuteSQLQuery.executeQuery is PASSED

2020-10-26 19:03:09 - [MESSAGE][PASSED] - com.SQLdb.ExecuteSQLQuery.executeQuery is PASSED

2020-10-26 19:03:09 - [TEST_STEP][PASSED] - println(ModifiedQryScript): null

2020-10-26 19:03:09 - [TEST_STEP][PASSED] - Match = verifyMatch(store, Result, false): Actual text 'B' and expected text 'B' are matched 

2020-10-26 19:03:09 - [MESSAGE][PASSED] - Actual text 'B' and expected text 'B' are matched 

2020-10-26 19:03:09 - [TEST_STEP][PASSED] - OutputFile.append("Search Value: " + store + " " + "Found Value: " + Result + " " + TimeStamp + "
"): null

2020-10-26 19:03:09 - [TEST_STEP][PASSED] - sendKeys(NewInputNmField, Keys.chord(ARROW_DOWN)): Keys 'DOWN + ' sent to object: 'Object Repository/Objects.HighlightElements/input_field_index'

2020-10-26 19:03:09 - [MESSAGE][PASSED] - Keys 'DOWN + ' sent to object: 'Object Repository/Objects.HighlightElements/input_field_index'

2020-10-26 19:03:09 - [TEST_STEP][PASSED] - sendKeys(NewInputNmField, Keys.chord(ARROW_DOWN)): Keys 'DOWN + ' sent to object: 'Object Repository/Objects.HighlightElements/input_field_index'

2020-10-26 19:03:09 - [MESSAGE][PASSED] - Keys 'DOWN + ' sent to object: 'Object Repository/Objects.HighlightElements/input_field_index'

2020-10-26 19:03:09 - [TEST_STEP][PASSED] - delay(DelayTime): Delayed 2 second(s)

2020-10-26 19:03:11 - [MESSAGE][PASSED] - Delayed 2 second(s)

2020-10-26 19:03:11 - [TEST_STEP][PASSED] - sendKeys(NewInputNmField, Keys.chord(ENTER)): Keys 'ENTER + ' sent to object: 'Object Repository/Objects.HighlightElements/input_field_index'

2020-10-26 19:03:12 - [MESSAGE][PASSED] - Keys 'ENTER + ' sent to object: 'Object Repository/Objects.HighlightElements/input_field_index'

2020-10-26 19:03:12 - [TEST_STEP][PASSED] - store = getAttribute(NewInputNmField, "value"): Attribute 'value' of object 'Object Repository/Objects.HighlightElements/input_field_index' is: 'C'

2020-10-26 19:03:12 - [MESSAGE][PASSED] - Attribute 'value' of object 'Object Repository/Objects.HighlightElements/input_field_index' is: 'C'

2020-10-26 19:03:12 - [TEST_STEP][PASSED] - println(store): null

2020-10-26 19:03:12 - [TEST_STEP][PASSED] - com.SQLdb.ExecuteSQLQuery.openDBConnection(findTestData("Datatable").getValue(1, 23), findTestData("Datatable").getValue(2, 23), findTestData("Datatable").getValue(3, 23)): com.SQLdb.ExecuteSQLQuery.openDBConnection is PASSED

2020-10-26 19:03:12 - [MESSAGE][PASSED] - com.SQLdb.ExecuteSQLQuery.openDBConnection is PASSED

2020-10-26 19:03:12 - [TEST_STEP][PASSED] - ModifiedQryScript = "SELECT " + ColNm + " FROM " + DBTbl + " WHERE " + Condition1 + "'" + store + "'": null

2020-10-26 19:03:12 - [TEST_STEP][PASSED] - Result = com.SQLdb.ExecuteSQLQuery.executeQuery(ModifiedQryScript): com.SQLdb.ExecuteSQLQuery.executeQuery is PASSED

2020-10-26 19:03:12 - [MESSAGE][PASSED] - com.SQLdb.ExecuteSQLQuery.executeQuery is PASSED

2020-10-26 19:03:12 - [TEST_STEP][PASSED] - println(ModifiedQryScript): null

2020-10-26 19:03:12 - [TEST_STEP][PASSED] - Match = verifyMatch(store, Result, false): Actual text 'C' and expected text 'C' are matched 

2020-10-26 19:03:12 - [MESSAGE][PASSED] - Actual text 'C' and expected text 'C' are matched 

2020-10-26 19:03:12 - [TEST_STEP][PASSED] - OutputFile.append("Search Value: " + store + " " + "Found Value: " + Result + " " + TimeStamp + "
"): null

2020-10-26 19:03:12 - [TEST_STEP][PASSED] - sendKeys(NewInputNmField, Keys.chord(ARROW_DOWN)): Keys 'DOWN + ' sent to object: 'Object Repository/Objects.HighlightElements/input_field_index'

2020-10-26 19:03:12 - [MESSAGE][PASSED] - Keys 'DOWN + ' sent to object: 'Object Repository/Objects.HighlightElements/input_field_index'

2020-10-26 19:03:12 - [TEST_STEP][PASSED] - sendKeys(NewInputNmField, Keys.chord(ARROW_DOWN)): Keys 'DOWN + ' sent to object: 'Object Repository/Objects.HighlightElements/input_field_index'

2020-10-26 19:03:12 - [MESSAGE][PASSED] - Keys 'DOWN + ' sent to object: 'Object Repository/Objects.HighlightElements/input_field_index'

2020-10-26 19:03:12 - [TEST_STEP][PASSED] - delay(DelayTime): Delayed 2 second(s)

2020-10-26 19:03:14 - [MESSAGE][PASSED] - Delayed 2 second(s)

2020-10-26 19:03:14 - [TEST_STEP][PASSED] - sendKeys(NewInputNmField, Keys.chord(ENTER)): Keys 'ENTER + ' sent to object: 'Object Repository/Objects.HighlightElements/input_field_index'

2020-10-26 19:03:15 - [MESSAGE][PASSED] - Keys 'ENTER + ' sent to object: 'Object Repository/Objects.HighlightElements/input_field_index'

2020-10-26 19:03:15 - [TEST_STEP][PASSED] - store = getAttribute(NewInputNmField, "value"): Attribute 'value' of object 'Object Repository/Objects.HighlightElements/input_field_index' is: 'D'

2020-10-26 19:03:15 - [MESSAGE][PASSED] - Attribute 'value' of object 'Object Repository/Objects.HighlightElements/input_field_index' is: 'D'

2020-10-26 19:03:15 - [TEST_STEP][PASSED] - println(store): null

2020-10-26 19:03:15 - [TEST_STEP][PASSED] - com.SQLdb.ExecuteSQLQuery.openDBConnection(findTestData("Datatable").getValue(1, 23), findTestData("Datatable").getValue(2, 23), findTestData("Datatable").getValue(3, 23)): com.SQLdb.ExecuteSQLQuery.openDBConnection is PASSED

2020-10-26 19:03:15 - [MESSAGE][PASSED] - com.SQLdb.ExecuteSQLQuery.openDBConnection is PASSED

2020-10-26 19:03:15 - [TEST_STEP][PASSED] - ModifiedQryScript = "SELECT " + ColNm + " FROM " + DBTbl + " WHERE " + Condition1 + "'" + store + "'": null

2020-10-26 19:03:15 - [TEST_STEP][PASSED] - Result = com.SQLdb.ExecuteSQLQuery.executeQuery(ModifiedQryScript): com.SQLdb.ExecuteSQLQuery.executeQuery is PASSED

2020-10-26 19:03:15 - [MESSAGE][PASSED] - com.SQLdb.ExecuteSQLQuery.executeQuery is PASSED

2020-10-26 19:03:15 - [TEST_STEP][PASSED] - println(ModifiedQryScript): null

2020-10-26 19:03:15 - [TEST_STEP][PASSED] - Match = verifyMatch(store, Result, false): Actual text 'D' and expected text 'D' are matched 

2020-10-26 19:03:15 - [MESSAGE][PASSED] - Actual text 'D' and expected text 'D' are matched 

2020-10-26 19:03:15 - [TEST_STEP][PASSED] - OutputFile.append("Search Value: " + store + " " + "Found Value: " + Result + " " + TimeStamp + "
"): null

2020-10-26 19:03:15 - [TEST_STEP][PASSED] - sendKeys(NewInputNmField, Keys.chord(ARROW_DOWN)): Keys 'DOWN + ' sent to object: 'Object Repository/Objects.HighlightElements/input_field_index'

2020-10-26 19:03:16 - [MESSAGE][PASSED] - Keys 'DOWN + ' sent to object: 'Object Repository/Objects.HighlightElements/input_field_index'

2020-10-26 19:03:16 - [TEST_STEP][PASSED] - sendKeys(NewInputNmField, Keys.chord(ENTER)): Keys 'ENTER + ' sent to object: 'Object Repository/Objects.HighlightElements/input_field_index'

2020-10-26 19:03:16 - [MESSAGE][PASSED] - Keys 'ENTER + ' sent to object: 'Object Repository/Objects.HighlightElements/input_field_index'

2020-10-26 19:03:16 - [TEST_STEP][PASSED] - com.SQLdb.ExecuteSQLQuery.closeDBConnection(): com.SQLdb.ExecuteSQLQuery.closeDBConnection is PASSED

2020-10-26 19:03:16 - [MESSAGE][PASSED] - com.SQLdb.ExecuteSQLQuery.closeDBConnection is PASSED

2020-10-26 19:03:16 - [MESSAGE][PASSED] - Call Test Case 'Test Cases/PFI Precision and Scale/PFI Components with Indexing/VerifyDropDownValuesinDB' successfully

2020-10-26 19:03:16 - [TEST_STEP][PASSED] - callTestCase(findTestCase("PFI Precision and Scale/PFI Components/VerifyFieldsLabel"), ["HeaderLbl":"BP No:", "index":4, "PFIUtil":"CreateNewBldg"], STOP_ON_FAILURE): Call Test Case 'Test Cases/PFI Precision and Scale/PFI Components/VerifyFieldsLabel' successfully

2020-10-26 19:03:16 - [TEST_CASE][PASSED] - Test Cases/PFI Precision and Scale/PFI Components/VerifyFieldsLabel: Test Cases/PFI Precision and Scale/PFI Components/VerifyFieldsLabel

2020-10-26 19:03:16 - [TEST_STEP][PASSED] - modifiedLbl = modifyObjectProperty(findTestObject("Objects.ReusableObjects/LabelXPathField"), "xpath", "equals", "//*[contains(text(),'" + HeaderLbl + "')]//following::span[" + index + "]", true, STOP_ON_FAILURE): Modify property of object successfully

2020-10-26 19:03:16 - [MESSAGE][PASSED] - Modify property of object successfully

2020-10-26 19:03:16 - [TEST_STEP][PASSED] - LblRemoveChar = getText(modifiedLbl, STOP_ON_FAILURE): Text of object 'Object Repository/Objects.ReusableObjects/LabelXPathField' is: 'Grp Building Category:'

2020-10-26 19:03:16 - [MESSAGE][PASSED] - Text of object 'Object Repository/Objects.ReusableObjects/LabelXPathField' is: 'Grp Building Category:'

2020-10-26 19:03:16 - [TEST_STEP][PASSED] - FieldLbl = LblRemoveChar.replace(":", ""): null

2020-10-26 19:03:16 - [TEST_STEP][PASSED] - callTestCase(findTestCase("PFI Precision and Scale/HashMap Tables/PFIUtilityFieldsValidation"), ["FieldLbl":PFIUtil, "FindLabel":FieldLbl], STOP_ON_FAILURE): Call Test Case 'Test Cases/PFI Precision and Scale/HashMap Tables/PFIUtilityFieldsValidation' successfully

2020-10-26 19:03:16 - [TEST_CASE][PASSED] - Test Cases/PFI Precision and Scale/HashMap Tables/PFIUtilityFieldsValidation: Test Cases/PFI Precision and Scale/HashMap Tables/PFIUtilityFieldsValidation

2020-10-26 19:03:16 - [TEST_STEP][PASSED] - FieldsTBL = [1:["CPFI":"Professional Board"], 2:["CPFI":"Qp No"], 3:["CPFI":"Name"], 4:["CPFI":"Company"], 5:["CPFI":"Is Active?"], 6:["CreateNewBldg":"BP No:"], ... ]: null

2020-10-26 19:03:16 - [TEST_STEP][PASSED] - switch (FieldLbl): null

2020-10-26 19:03:16 - [TEST_STEP][PASSED] - case "CreateNewBldg":: null

2020-10-26 19:03:16 - [TEST_STEP][PASSED] - ValueFound = FieldsTBL.find({ -> ... }): null

2020-10-26 19:03:16 - [TEST_STEP][PASSED] - break: null

2020-10-26 19:03:16 - [MESSAGE][PASSED] - Call Test Case 'Test Cases/PFI Precision and Scale/HashMap Tables/PFIUtilityFieldsValidation' successfully

2020-10-26 19:03:16 - [TEST_STEP][PASSED] - if (ValueFound != null): com.reusableComponents.HighlightElement.run is PASSED

2020-10-26 19:03:16 - [TEST_STEP][PASSED] - markPassed("Match Found in Fields Validation Hashmap table"): Match Found in Fields Validation Hashmap table

2020-10-26 19:03:16 - [MESSAGE][PASSED] - Match Found in Fields Validation Hashmap table

2020-10-26 19:03:16 - [TEST_STEP][PASSED] - com.reusableComponents.HighlightElement.run(modifiedLbl): com.reusableComponents.HighlightElement.run is PASSED

2020-10-26 19:03:18 - [MESSAGE][PASSED] - com.reusableComponents.HighlightElement.run is PASSED

2020-10-26 19:03:18 - [MESSAGE][PASSED] - Call Test Case 'Test Cases/PFI Precision and Scale/PFI Components/VerifyFieldsLabel' successfully

2020-10-26 19:03:18 - [TEST_STEP][PASSED] - callTestCase(findTestCase("Components/HighlightInputFieldXPI"), ["FldNm":"grpBldCat", "index":1], STOP_ON_FAILURE): Call Test Case 'Test Cases/Components/HighlightInputFieldXPI' successfully

2020-10-26 19:03:18 - [TEST_CASE][PASSED] - Test Cases/Components/HighlightInputFieldXPI: Test Cases/Components/HighlightInputFieldXPI

2020-10-26 19:03:18 - [TEST_STEP][PASSED] - Thread.sleep(1000): null

2020-10-26 19:03:19 - [TEST_STEP][PASSED] - modifiedInputNm = modifyObjectProperty(findTestObject("Object Repository/Objects.HighlightElements/input_field_index"), "xpath", "equals", "(//*[contains(@name, '" + FldNm + "')])[" + index + "]", true): Modify property of object successfully

2020-10-26 19:03:20 - [MESSAGE][PASSED] - Modify property of object successfully

2020-10-26 19:03:20 - [TEST_STEP][PASSED] - com.reusableComponents.HighlightElement.run(modifiedInputNm): com.reusableComponents.HighlightElement.run is PASSED

2020-10-26 19:03:21 - [MESSAGE][PASSED] - com.reusableComponents.HighlightElement.run is PASSED

2020-10-26 19:03:21 - [MESSAGE][PASSED] - Call Test Case 'Test Cases/Components/HighlightInputFieldXPI' successfully

2020-10-26 19:03:21 - [TEST_STEP][PASSED] - callTestCase(findTestCase("PFI Precision and Scale/PFI Components with Indexing/VerifyDropDownValuesinDB"), ["FldNm":"grpBldCat", "index":1, "NoOfVal":5, "DelayTime":2, "ColNm":"NAME", "DBTbl":"PV_CODE_EXT", "Condition1":"CATEGORY = 'PFI_BLDG_CATEGORY' and NAME = "], STOP_ON_FAILURE): Call Test Case 'Test Cases/PFI Precision and Scale/PFI Components with Indexing/VerifyDropDownValuesinDB' successfully

2020-10-26 19:03:21 - [TEST_CASE][PASSED] - Test Cases/PFI Precision and Scale/PFI Components with Indexing/VerifyDropDownValuesinDB: Test Cases/PFI Precision and Scale/PFI Components with Indexing/VerifyDropDownValuesinDB

2020-10-26 19:03:22 - [TEST_STEP][PASSED] - Thread.sleep(1000): null

2020-10-26 19:03:23 - [TEST_STEP][PASSED] - OutputFile = new java.io.File(DBResult.txt): null

2020-10-26 19:03:23 - [TEST_STEP][PASSED] - TimeStamp = new java.util.Date(): null

2020-10-26 19:03:23 - [TEST_STEP][PASSED] - NewInputNmField = modifyObjectProperty(findTestObject("Object Repository/Objects.HighlightElements/input_field_index"), "xpath", "equals", "(//*[contains(@class,'x-form-text') and (@name='" + FldNm + "')])[" + index + "]", true): Modify property of object successfully

2020-10-26 19:03:23 - [MESSAGE][PASSED] - Modify property of object successfully

2020-10-26 19:03:23 - [TEST_STEP][PASSED] - sendKeys(NewInputNmField, Keys.chord(ARROW_DOWN)): Keys 'DOWN + ' sent to object: 'Object Repository/Objects.HighlightElements/input_field_index'

2020-10-26 19:03:23 - [MESSAGE][PASSED] - Keys 'DOWN + ' sent to object: 'Object Repository/Objects.HighlightElements/input_field_index'

2020-10-26 19:03:23 - [TEST_STEP][PASSED] - sendKeys(NewInputNmField, Keys.chord(ENTER)): Keys 'ENTER + ' sent to object: 'Object Repository/Objects.HighlightElements/input_field_index'

2020-10-26 19:03:23 - [MESSAGE][PASSED] - Keys 'ENTER + ' sent to object: 'Object Repository/Objects.HighlightElements/input_field_index'

2020-10-26 19:03:23 - [TEST_STEP][PASSED] - for ([i = 1, i <= NoOfVal, (i++)]): Keys 'DOWN + ' sent to object: 'Object Repository/Objects.HighlightElements/input_field_index'

2020-10-26 19:03:23 - [TEST_STEP][PASSED] - sendKeys(NewInputNmField, Keys.chord(ARROW_DOWN)): Keys 'DOWN + ' sent to object: 'Object Repository/Objects.HighlightElements/input_field_index'

2020-10-26 19:03:23 - [MESSAGE][PASSED] - Keys 'DOWN + ' sent to object: 'Object Repository/Objects.HighlightElements/input_field_index'

2020-10-26 19:03:23 - [TEST_STEP][PASSED] - delay(DelayTime): Delayed 2 second(s)

2020-10-26 19:03:25 - [MESSAGE][PASSED] - Delayed 2 second(s)

2020-10-26 19:03:25 - [TEST_STEP][PASSED] - sendKeys(NewInputNmField, Keys.chord(ENTER)): Keys 'ENTER + ' sent to object: 'Object Repository/Objects.HighlightElements/input_field_index'

2020-10-26 19:03:26 - [MESSAGE][PASSED] - Keys 'ENTER + ' sent to object: 'Object Repository/Objects.HighlightElements/input_field_index'

2020-10-26 19:03:26 - [TEST_STEP][PASSED] - store = getAttribute(NewInputNmField, "value"): Attribute 'value' of object 'Object Repository/Objects.HighlightElements/input_field_index' is: ''

2020-10-26 19:03:26 - [MESSAGE][PASSED] - Attribute 'value' of object 'Object Repository/Objects.HighlightElements/input_field_index' is: ''

2020-10-26 19:03:26 - [TEST_STEP][PASSED] - println(store): null

2020-10-26 19:03:26 - [TEST_STEP][PASSED] - com.SQLdb.ExecuteSQLQuery.openDBConnection(findTestData("Datatable").getValue(1, 23), findTestData("Datatable").getValue(2, 23), findTestData("Datatable").getValue(3, 23)): com.SQLdb.ExecuteSQLQuery.openDBConnection is PASSED

2020-10-26 19:03:26 - [MESSAGE][PASSED] - com.SQLdb.ExecuteSQLQuery.openDBConnection is PASSED

2020-10-26 19:03:26 - [TEST_STEP][PASSED] - ModifiedQryScript = "SELECT " + ColNm + " FROM " + DBTbl + " WHERE " + Condition1 + "'" + store + "'": null

2020-10-26 19:03:26 - [TEST_STEP][PASSED] - Result = com.SQLdb.ExecuteSQLQuery.executeQuery(ModifiedQryScript): com.SQLdb.ExecuteSQLQuery.executeQuery is PASSED

2020-10-26 19:03:26 - [MESSAGE][PASSED] - com.SQLdb.ExecuteSQLQuery.executeQuery is PASSED

2020-10-26 19:03:26 - [TEST_STEP][PASSED] - println(ModifiedQryScript): null

2020-10-26 19:03:26 - [TEST_STEP][PASSED] - Match = verifyMatch(store, Result, false): Actual text '' and expected text '' are matched 

2020-10-26 19:03:26 - [MESSAGE][PASSED] - Actual text '' and expected text '' are matched 

2020-10-26 19:03:26 - [TEST_STEP][PASSED] - OutputFile.append("Search Value: " + store + " " + "Found Value: " + Result + " " + TimeStamp + "
"): null

2020-10-26 19:03:26 - [TEST_STEP][PASSED] - sendKeys(NewInputNmField, Keys.chord(ARROW_DOWN)): Keys 'DOWN + ' sent to object: 'Object Repository/Objects.HighlightElements/input_field_index'

2020-10-26 19:03:26 - [MESSAGE][PASSED] - Keys 'DOWN + ' sent to object: 'Object Repository/Objects.HighlightElements/input_field_index'

2020-10-26 19:03:26 - [TEST_STEP][PASSED] - sendKeys(NewInputNmField, Keys.chord(ARROW_DOWN)): Keys 'DOWN + ' sent to object: 'Object Repository/Objects.HighlightElements/input_field_index'

2020-10-26 19:03:27 - [MESSAGE][PASSED] - Keys 'DOWN + ' sent to object: 'Object Repository/Objects.HighlightElements/input_field_index'

2020-10-26 19:03:27 - [TEST_STEP][PASSED] - delay(DelayTime): Delayed 2 second(s)

2020-10-26 19:03:29 - [MESSAGE][PASSED] - Delayed 2 second(s)

2020-10-26 19:03:29 - [TEST_STEP][PASSED] - sendKeys(NewInputNmField, Keys.chord(ENTER)): Keys 'ENTER + ' sent to object: 'Object Repository/Objects.HighlightElements/input_field_index'

2020-10-26 19:03:29 - [MESSAGE][PASSED] - Keys 'ENTER + ' sent to object: 'Object Repository/Objects.HighlightElements/input_field_index'

2020-10-26 19:03:29 - [TEST_STEP][PASSED] - store = getAttribute(NewInputNmField, "value"): Attribute 'value' of object 'Object Repository/Objects.HighlightElements/input_field_index' is: 'CAT1'

2020-10-26 19:03:29 - [MESSAGE][PASSED] - Attribute 'value' of object 'Object Repository/Objects.HighlightElements/input_field_index' is: 'CAT1'

2020-10-26 19:03:29 - [TEST_STEP][PASSED] - println(store): null

2020-10-26 19:03:29 - [TEST_STEP][PASSED] - com.SQLdb.ExecuteSQLQuery.openDBConnection(findTestData("Datatable").getValue(1, 23), findTestData("Datatable").getValue(2, 23), findTestData("Datatable").getValue(3, 23)): com.SQLdb.ExecuteSQLQuery.openDBConnection is PASSED

2020-10-26 19:03:29 - [MESSAGE][PASSED] - com.SQLdb.ExecuteSQLQuery.openDBConnection is PASSED

2020-10-26 19:03:29 - [TEST_STEP][PASSED] - ModifiedQryScript = "SELECT " + ColNm + " FROM " + DBTbl + " WHERE " + Condition1 + "'" + store + "'": null

2020-10-26 19:03:29 - [TEST_STEP][PASSED] - Result = com.SQLdb.ExecuteSQLQuery.executeQuery(ModifiedQryScript): com.SQLdb.ExecuteSQLQuery.executeQuery is PASSED

2020-10-26 19:03:29 - [MESSAGE][PASSED] - com.SQLdb.ExecuteSQLQuery.executeQuery is PASSED

2020-10-26 19:03:29 - [TEST_STEP][PASSED] - println(ModifiedQryScript): null

2020-10-26 19:03:29 - [TEST_STEP][PASSED] - Match = verifyMatch(store, Result, false): Actual text 'CAT1' and expected text 'CAT1' are matched 

2020-10-26 19:03:29 - [MESSAGE][PASSED] - Actual text 'CAT1' and expected text 'CAT1' are matched 

2020-10-26 19:03:29 - [TEST_STEP][PASSED] - OutputFile.append("Search Value: " + store + " " + "Found Value: " + Result + " " + TimeStamp + "
"): null

2020-10-26 19:03:29 - [TEST_STEP][PASSED] - sendKeys(NewInputNmField, Keys.chord(ARROW_DOWN)): Keys 'DOWN + ' sent to object: 'Object Repository/Objects.HighlightElements/input_field_index'

2020-10-26 19:03:30 - [MESSAGE][PASSED] - Keys 'DOWN + ' sent to object: 'Object Repository/Objects.HighlightElements/input_field_index'

2020-10-26 19:03:30 - [TEST_STEP][PASSED] - sendKeys(NewInputNmField, Keys.chord(ARROW_DOWN)): Keys 'DOWN + ' sent to object: 'Object Repository/Objects.HighlightElements/input_field_index'

2020-10-26 19:03:30 - [MESSAGE][PASSED] - Keys 'DOWN + ' sent to object: 'Object Repository/Objects.HighlightElements/input_field_index'

2020-10-26 19:03:30 - [TEST_STEP][PASSED] - delay(DelayTime): Delayed 2 second(s)

2020-10-26 19:03:32 - [MESSAGE][PASSED] - Delayed 2 second(s)

2020-10-26 19:03:32 - [TEST_STEP][PASSED] - sendKeys(NewInputNmField, Keys.chord(ENTER)): Keys 'ENTER + ' sent to object: 'Object Repository/Objects.HighlightElements/input_field_index'

2020-10-26 19:03:32 - [MESSAGE][PASSED] - Keys 'ENTER + ' sent to object: 'Object Repository/Objects.HighlightElements/input_field_index'

2020-10-26 19:03:32 - [TEST_STEP][PASSED] - store = getAttribute(NewInputNmField, "value"): Attribute 'value' of object 'Object Repository/Objects.HighlightElements/input_field_index' is: 'CAT2'

2020-10-26 19:03:32 - [MESSAGE][PASSED] - Attribute 'value' of object 'Object Repository/Objects.HighlightElements/input_field_index' is: 'CAT2'

2020-10-26 19:03:32 - [TEST_STEP][PASSED] - println(store): null

2020-10-26 19:03:32 - [TEST_STEP][PASSED] - com.SQLdb.ExecuteSQLQuery.openDBConnection(findTestData("Datatable").getValue(1, 23), findTestData("Datatable").getValue(2, 23), findTestData("Datatable").getValue(3, 23)): com.SQLdb.ExecuteSQLQuery.openDBConnection is PASSED

2020-10-26 19:03:33 - [MESSAGE][PASSED] - com.SQLdb.ExecuteSQLQuery.openDBConnection is PASSED

2020-10-26 19:03:33 - [TEST_STEP][PASSED] - ModifiedQryScript = "SELECT " + ColNm + " FROM " + DBTbl + " WHERE " + Condition1 + "'" + store + "'": null

2020-10-26 19:03:33 - [TEST_STEP][PASSED] - Result = com.SQLdb.ExecuteSQLQuery.executeQuery(ModifiedQryScript): com.SQLdb.ExecuteSQLQuery.executeQuery is PASSED

2020-10-26 19:03:33 - [MESSAGE][PASSED] - com.SQLdb.ExecuteSQLQuery.executeQuery is PASSED

2020-10-26 19:03:33 - [TEST_STEP][PASSED] - println(ModifiedQryScript): null

2020-10-26 19:03:33 - [TEST_STEP][PASSED] - Match = verifyMatch(store, Result, false): Actual text 'CAT2' and expected text 'CAT2' are matched 

2020-10-26 19:03:33 - [MESSAGE][PASSED] - Actual text 'CAT2' and expected text 'CAT2' are matched 

2020-10-26 19:03:33 - [TEST_STEP][PASSED] - OutputFile.append("Search Value: " + store + " " + "Found Value: " + Result + " " + TimeStamp + "
"): null

2020-10-26 19:03:33 - [TEST_STEP][PASSED] - sendKeys(NewInputNmField, Keys.chord(ARROW_DOWN)): Keys 'DOWN + ' sent to object: 'Object Repository/Objects.HighlightElements/input_field_index'

2020-10-26 19:03:33 - [MESSAGE][PASSED] - Keys 'DOWN + ' sent to object: 'Object Repository/Objects.HighlightElements/input_field_index'

2020-10-26 19:03:33 - [TEST_STEP][PASSED] - sendKeys(NewInputNmField, Keys.chord(ARROW_DOWN)): Keys 'DOWN + ' sent to object: 'Object Repository/Objects.HighlightElements/input_field_index'

2020-10-26 19:03:33 - [MESSAGE][PASSED] - Keys 'DOWN + ' sent to object: 'Object Repository/Objects.HighlightElements/input_field_index'

2020-10-26 19:03:33 - [TEST_STEP][PASSED] - delay(DelayTime): Delayed 2 second(s)

2020-10-26 19:03:35 - [MESSAGE][PASSED] - Delayed 2 second(s)

2020-10-26 19:03:35 - [TEST_STEP][PASSED] - sendKeys(NewInputNmField, Keys.chord(ENTER)): Keys 'ENTER + ' sent to object: 'Object Repository/Objects.HighlightElements/input_field_index'

2020-10-26 19:03:35 - [MESSAGE][PASSED] - Keys 'ENTER + ' sent to object: 'Object Repository/Objects.HighlightElements/input_field_index'

2020-10-26 19:03:35 - [TEST_STEP][PASSED] - store = getAttribute(NewInputNmField, "value"): Attribute 'value' of object 'Object Repository/Objects.HighlightElements/input_field_index' is: 'CAT3'

2020-10-26 19:03:35 - [MESSAGE][PASSED] - Attribute 'value' of object 'Object Repository/Objects.HighlightElements/input_field_index' is: 'CAT3'

2020-10-26 19:03:35 - [TEST_STEP][PASSED] - println(store): null

2020-10-26 19:03:35 - [TEST_STEP][PASSED] - com.SQLdb.ExecuteSQLQuery.openDBConnection(findTestData("Datatable").getValue(1, 23), findTestData("Datatable").getValue(2, 23), findTestData("Datatable").getValue(3, 23)): com.SQLdb.ExecuteSQLQuery.openDBConnection is PASSED

2020-10-26 19:03:36 - [MESSAGE][PASSED] - com.SQLdb.ExecuteSQLQuery.openDBConnection is PASSED

2020-10-26 19:03:36 - [TEST_STEP][PASSED] - ModifiedQryScript = "SELECT " + ColNm + " FROM " + DBTbl + " WHERE " + Condition1 + "'" + store + "'": null

2020-10-26 19:03:36 - [TEST_STEP][PASSED] - Result = com.SQLdb.ExecuteSQLQuery.executeQuery(ModifiedQryScript): com.SQLdb.ExecuteSQLQuery.executeQuery is PASSED

2020-10-26 19:03:36 - [MESSAGE][PASSED] - com.SQLdb.ExecuteSQLQuery.executeQuery is PASSED

2020-10-26 19:03:36 - [TEST_STEP][PASSED] - println(ModifiedQryScript): null

2020-10-26 19:03:36 - [TEST_STEP][PASSED] - Match = verifyMatch(store, Result, false): Actual text 'CAT3' and expected text 'CAT3' are matched 

2020-10-26 19:03:36 - [MESSAGE][PASSED] - Actual text 'CAT3' and expected text 'CAT3' are matched 

2020-10-26 19:03:36 - [TEST_STEP][PASSED] - OutputFile.append("Search Value: " + store + " " + "Found Value: " + Result + " " + TimeStamp + "
"): null

2020-10-26 19:03:36 - [TEST_STEP][PASSED] - sendKeys(NewInputNmField, Keys.chord(ARROW_DOWN)): Keys 'DOWN + ' sent to object: 'Object Repository/Objects.HighlightElements/input_field_index'

2020-10-26 19:03:36 - [MESSAGE][PASSED] - Keys 'DOWN + ' sent to object: 'Object Repository/Objects.HighlightElements/input_field_index'

2020-10-26 19:03:36 - [TEST_STEP][PASSED] - sendKeys(NewInputNmField, Keys.chord(ARROW_DOWN)): Keys 'DOWN + ' sent to object: 'Object Repository/Objects.HighlightElements/input_field_index'

2020-10-26 19:03:36 - [MESSAGE][PASSED] - Keys 'DOWN + ' sent to object: 'Object Repository/Objects.HighlightElements/input_field_index'

2020-10-26 19:03:36 - [TEST_STEP][PASSED] - delay(DelayTime): Delayed 2 second(s)

2020-10-26 19:03:38 - [MESSAGE][PASSED] - Delayed 2 second(s)

2020-10-26 19:03:38 - [TEST_STEP][PASSED] - sendKeys(NewInputNmField, Keys.chord(ENTER)): Keys 'ENTER + ' sent to object: 'Object Repository/Objects.HighlightElements/input_field_index'

2020-10-26 19:03:39 - [MESSAGE][PASSED] - Keys 'ENTER + ' sent to object: 'Object Repository/Objects.HighlightElements/input_field_index'

2020-10-26 19:03:39 - [TEST_STEP][PASSED] - store = getAttribute(NewInputNmField, "value"): Attribute 'value' of object 'Object Repository/Objects.HighlightElements/input_field_index' is: ''

2020-10-26 19:03:39 - [MESSAGE][PASSED] - Attribute 'value' of object 'Object Repository/Objects.HighlightElements/input_field_index' is: ''

2020-10-26 19:03:39 - [TEST_STEP][PASSED] - println(store): null

2020-10-26 19:03:39 - [TEST_STEP][PASSED] - com.SQLdb.ExecuteSQLQuery.openDBConnection(findTestData("Datatable").getValue(1, 23), findTestData("Datatable").getValue(2, 23), findTestData("Datatable").getValue(3, 23)): com.SQLdb.ExecuteSQLQuery.openDBConnection is PASSED

2020-10-26 19:03:39 - [MESSAGE][PASSED] - com.SQLdb.ExecuteSQLQuery.openDBConnection is PASSED

2020-10-26 19:03:39 - [TEST_STEP][PASSED] - ModifiedQryScript = "SELECT " + ColNm + " FROM " + DBTbl + " WHERE " + Condition1 + "'" + store + "'": null

2020-10-26 19:03:39 - [TEST_STEP][PASSED] - Result = com.SQLdb.ExecuteSQLQuery.executeQuery(ModifiedQryScript): com.SQLdb.ExecuteSQLQuery.executeQuery is PASSED

2020-10-26 19:03:40 - [MESSAGE][PASSED] - com.SQLdb.ExecuteSQLQuery.executeQuery is PASSED

2020-10-26 19:03:40 - [TEST_STEP][PASSED] - println(ModifiedQryScript): null

2020-10-26 19:03:40 - [TEST_STEP][PASSED] - Match = verifyMatch(store, Result, false): Actual text '' and expected text '' are matched 

2020-10-26 19:03:40 - [MESSAGE][PASSED] - Actual text '' and expected text '' are matched 

2020-10-26 19:03:40 - [TEST_STEP][PASSED] - OutputFile.append("Search Value: " + store + " " + "Found Value: " + Result + " " + TimeStamp + "
"): null

2020-10-26 19:03:40 - [TEST_STEP][PASSED] - sendKeys(NewInputNmField, Keys.chord(ARROW_DOWN)): Keys 'DOWN + ' sent to object: 'Object Repository/Objects.HighlightElements/input_field_index'

2020-10-26 19:03:40 - [MESSAGE][PASSED] - Keys 'DOWN + ' sent to object: 'Object Repository/Objects.HighlightElements/input_field_index'

2020-10-26 19:03:40 - [TEST_STEP][PASSED] - sendKeys(NewInputNmField, Keys.chord(ENTER)): Keys 'ENTER + ' sent to object: 'Object Repository/Objects.HighlightElements/input_field_index'

2020-10-26 19:03:40 - [MESSAGE][PASSED] - Keys 'ENTER + ' sent to object: 'Object Repository/Objects.HighlightElements/input_field_index'

2020-10-26 19:03:40 - [TEST_STEP][PASSED] - com.SQLdb.ExecuteSQLQuery.closeDBConnection(): com.SQLdb.ExecuteSQLQuery.closeDBConnection is PASSED

2020-10-26 19:03:40 - [MESSAGE][PASSED] - com.SQLdb.ExecuteSQLQuery.closeDBConnection is PASSED

2020-10-26 19:03:40 - [MESSAGE][PASSED] - Call Test Case 'Test Cases/PFI Precision and Scale/PFI Components with Indexing/VerifyDropDownValuesinDB' successfully

2020-10-26 19:03:40 - [TEST_STEP][PASSED] - callTestCase(findTestCase("PFI Precision and Scale/PFI Components/VerifyFieldsLabel"), ["HeaderLbl":"BP No:", "index":5, "PFIUtil":"CreateNewBldg"], STOP_ON_FAILURE): Call Test Case 'Test Cases/PFI Precision and Scale/PFI Components/VerifyFieldsLabel' successfully

2020-10-26 19:03:40 - [TEST_CASE][PASSED] - Test Cases/PFI Precision and Scale/PFI Components/VerifyFieldsLabel: Test Cases/PFI Precision and Scale/PFI Components/VerifyFieldsLabel

2020-10-26 19:03:40 - [TEST_STEP][PASSED] - modifiedLbl = modifyObjectProperty(findTestObject("Objects.ReusableObjects/LabelXPathField"), "xpath", "equals", "//*[contains(text(),'" + HeaderLbl + "')]//following::span[" + index + "]", true, STOP_ON_FAILURE): Modify property of object successfully

2020-10-26 19:03:40 - [MESSAGE][PASSED] - Modify property of object successfully

2020-10-26 19:03:40 - [TEST_STEP][PASSED] - LblRemoveChar = getText(modifiedLbl, STOP_ON_FAILURE): Text of object 'Object Repository/Objects.ReusableObjects/LabelXPathField' is: 'Agency:'

2020-10-26 19:03:40 - [MESSAGE][PASSED] - Text of object 'Object Repository/Objects.ReusableObjects/LabelXPathField' is: 'Agency:'

2020-10-26 19:03:40 - [TEST_STEP][PASSED] - FieldLbl = LblRemoveChar.replace(":", ""): null

2020-10-26 19:03:40 - [TEST_STEP][PASSED] - callTestCase(findTestCase("PFI Precision and Scale/HashMap Tables/PFIUtilityFieldsValidation"), ["FieldLbl":PFIUtil, "FindLabel":FieldLbl], STOP_ON_FAILURE): Call Test Case 'Test Cases/PFI Precision and Scale/HashMap Tables/PFIUtilityFieldsValidation' successfully

2020-10-26 19:03:41 - [TEST_CASE][PASSED] - Test Cases/PFI Precision and Scale/HashMap Tables/PFIUtilityFieldsValidation: Test Cases/PFI Precision and Scale/HashMap Tables/PFIUtilityFieldsValidation

2020-10-26 19:03:41 - [TEST_STEP][PASSED] - FieldsTBL = [1:["CPFI":"Professional Board"], 2:["CPFI":"Qp No"], 3:["CPFI":"Name"], 4:["CPFI":"Company"], 5:["CPFI":"Is Active?"], 6:["CreateNewBldg":"BP No:"], ... ]: null

2020-10-26 19:03:41 - [TEST_STEP][PASSED] - switch (FieldLbl): null

2020-10-26 19:03:41 - [TEST_STEP][PASSED] - case "CreateNewBldg":: null

2020-10-26 19:03:41 - [TEST_STEP][PASSED] - ValueFound = FieldsTBL.find({ -> ... }): null

2020-10-26 19:03:41 - [TEST_STEP][PASSED] - break: null

2020-10-26 19:03:41 - [MESSAGE][PASSED] - Call Test Case 'Test Cases/PFI Precision and Scale/HashMap Tables/PFIUtilityFieldsValidation' successfully

2020-10-26 19:03:41 - [TEST_STEP][PASSED] - if (ValueFound != null): com.reusableComponents.HighlightElement.run is PASSED

2020-10-26 19:03:41 - [TEST_STEP][PASSED] - markPassed("Match Found in Fields Validation Hashmap table"): Match Found in Fields Validation Hashmap table

2020-10-26 19:03:41 - [MESSAGE][PASSED] - Match Found in Fields Validation Hashmap table

2020-10-26 19:03:41 - [TEST_STEP][PASSED] - com.reusableComponents.HighlightElement.run(modifiedLbl): com.reusableComponents.HighlightElement.run is PASSED

2020-10-26 19:03:43 - [MESSAGE][PASSED] - com.reusableComponents.HighlightElement.run is PASSED

2020-10-26 19:03:43 - [MESSAGE][PASSED] - Call Test Case 'Test Cases/PFI Precision and Scale/PFI Components/VerifyFieldsLabel' successfully

2020-10-26 19:03:43 - [TEST_STEP][PASSED] - callTestCase(findTestCase("Components/HighlightInputFieldXPI"), ["FldNm":"agency", "index":1], STOP_ON_FAILURE): Call Test Case 'Test Cases/Components/HighlightInputFieldXPI' successfully

2020-10-26 19:03:43 - [TEST_CASE][PASSED] - Test Cases/Components/HighlightInputFieldXPI: Test Cases/Components/HighlightInputFieldXPI

2020-10-26 19:03:43 - [TEST_STEP][PASSED] - Thread.sleep(1000): null

2020-10-26 19:03:44 - [TEST_STEP][PASSED] - modifiedInputNm = modifyObjectProperty(findTestObject("Object Repository/Objects.HighlightElements/input_field_index"), "xpath", "equals", "(//*[contains(@name, '" + FldNm + "')])[" + index + "]", true): Modify property of object successfully

2020-10-26 19:03:44 - [MESSAGE][PASSED] - Modify property of object successfully

2020-10-26 19:03:44 - [TEST_STEP][PASSED] - com.reusableComponents.HighlightElement.run(modifiedInputNm): com.reusableComponents.HighlightElement.run is PASSED

2020-10-26 19:03:46 - [MESSAGE][PASSED] - com.reusableComponents.HighlightElement.run is PASSED

2020-10-26 19:03:46 - [MESSAGE][PASSED] - Call Test Case 'Test Cases/Components/HighlightInputFieldXPI' successfully

2020-10-26 19:03:46 - [TEST_STEP][PASSED] - callTestCase(findTestCase("PFI Precision and Scale/PFI Components with Indexing/VerifyDropDownValuesinDB"), ["FldNm":"agency", "index":1, "NoOfVal":16, "DelayTime":2, "ColNm":"AGENCY_DESC", "DBTbl":"VXPFI_AGENCies", "Condition1":"AGENCY_DESC ="], STOP_ON_FAILURE): Call Test Case 'Test Cases/PFI Precision and Scale/PFI Components with Indexing/VerifyDropDownValuesinDB' successfully

2020-10-26 19:03:46 - [TEST_CASE][PASSED] - Test Cases/PFI Precision and Scale/PFI Components with Indexing/VerifyDropDownValuesinDB: Test Cases/PFI Precision and Scale/PFI Components with Indexing/VerifyDropDownValuesinDB

2020-10-26 19:03:46 - [TEST_STEP][PASSED] - Thread.sleep(1000): null

2020-10-26 19:03:47 - [TEST_STEP][PASSED] - OutputFile = new java.io.File(DBResult.txt): null

2020-10-26 19:03:47 - [TEST_STEP][PASSED] - TimeStamp = new java.util.Date(): null

2020-10-26 19:03:47 - [TEST_STEP][PASSED] - NewInputNmField = modifyObjectProperty(findTestObject("Object Repository/Objects.HighlightElements/input_field_index"), "xpath", "equals", "(//*[contains(@class,'x-form-text') and (@name='" + FldNm + "')])[" + index + "]", true): Modify property of object successfully

2020-10-26 19:03:47 - [MESSAGE][PASSED] - Modify property of object successfully

2020-10-26 19:03:47 - [TEST_STEP][PASSED] - sendKeys(NewInputNmField, Keys.chord(ARROW_DOWN)): Keys 'DOWN + ' sent to object: 'Object Repository/Objects.HighlightElements/input_field_index'

2020-10-26 19:03:48 - [MESSAGE][PASSED] - Keys 'DOWN + ' sent to object: 'Object Repository/Objects.HighlightElements/input_field_index'

2020-10-26 19:03:48 - [TEST_STEP][PASSED] - sendKeys(NewInputNmField, Keys.chord(ENTER)): Keys 'ENTER + ' sent to object: 'Object Repository/Objects.HighlightElements/input_field_index'

2020-10-26 19:03:48 - [MESSAGE][PASSED] - Keys 'ENTER + ' sent to object: 'Object Repository/Objects.HighlightElements/input_field_index'

2020-10-26 19:03:48 - [TEST_STEP][PASSED] - for ([i = 1, i <= NoOfVal, (i++)]): Keys 'DOWN + ' sent to object: 'Object Repository/Objects.HighlightElements/input_field_index'

2020-10-26 19:03:48 - [TEST_STEP][PASSED] - sendKeys(NewInputNmField, Keys.chord(ARROW_DOWN)): Keys 'DOWN + ' sent to object: 'Object Repository/Objects.HighlightElements/input_field_index'

2020-10-26 19:03:48 - [MESSAGE][PASSED] - Keys 'DOWN + ' sent to object: 'Object Repository/Objects.HighlightElements/input_field_index'

2020-10-26 19:03:48 - [TEST_STEP][PASSED] - delay(DelayTime): Delayed 2 second(s)

2020-10-26 19:03:50 - [MESSAGE][PASSED] - Delayed 2 second(s)

2020-10-26 19:03:50 - [TEST_STEP][PASSED] - sendKeys(NewInputNmField, Keys.chord(ENTER)): Keys 'ENTER + ' sent to object: 'Object Repository/Objects.HighlightElements/input_field_index'

2020-10-26 19:03:51 - [MESSAGE][PASSED] - Keys 'ENTER + ' sent to object: 'Object Repository/Objects.HighlightElements/input_field_index'

2020-10-26 19:03:51 - [TEST_STEP][PASSED] - store = getAttribute(NewInputNmField, "value"): Attribute 'value' of object 'Object Repository/Objects.HighlightElements/input_field_index' is: 'aaaaaa'

2020-10-26 19:03:51 - [MESSAGE][PASSED] - Attribute 'value' of object 'Object Repository/Objects.HighlightElements/input_field_index' is: 'aaaaaa'

2020-10-26 19:03:51 - [TEST_STEP][PASSED] - println(store): null

2020-10-26 19:03:51 - [TEST_STEP][PASSED] - com.SQLdb.ExecuteSQLQuery.openDBConnection(findTestData("Datatable").getValue(1, 23), findTestData("Datatable").getValue(2, 23), findTestData("Datatable").getValue(3, 23)): com.SQLdb.ExecuteSQLQuery.openDBConnection is PASSED

2020-10-26 19:03:51 - [MESSAGE][PASSED] - com.SQLdb.ExecuteSQLQuery.openDBConnection is PASSED

2020-10-26 19:03:51 - [TEST_STEP][PASSED] - ModifiedQryScript = "SELECT " + ColNm + " FROM " + DBTbl + " WHERE " + Condition1 + "'" + store + "'": null

2020-10-26 19:03:51 - [TEST_STEP][PASSED] - Result = com.SQLdb.ExecuteSQLQuery.executeQuery(ModifiedQryScript): com.SQLdb.ExecuteSQLQuery.executeQuery is PASSED

2020-10-26 19:03:52 - [MESSAGE][PASSED] - com.SQLdb.ExecuteSQLQuery.executeQuery is PASSED

2020-10-26 19:03:52 - [TEST_STEP][PASSED] - println(ModifiedQryScript): null

2020-10-26 19:03:52 - [TEST_STEP][PASSED] - Match = verifyMatch(store, Result, false): Actual text 'aaaaaa' and expected text 'aaaaaa' are matched 

2020-10-26 19:03:52 - [MESSAGE][PASSED] - Actual text 'aaaaaa' and expected text 'aaaaaa' are matched 

2020-10-26 19:03:52 - [TEST_STEP][PASSED] - OutputFile.append("Search Value: " + store + " " + "Found Value: " + Result + " " + TimeStamp + "
"): null

2020-10-26 19:03:52 - [TEST_STEP][PASSED] - sendKeys(NewInputNmField, Keys.chord(ARROW_DOWN)): Keys 'DOWN + ' sent to object: 'Object Repository/Objects.HighlightElements/input_field_index'

2020-10-26 19:03:52 - [MESSAGE][PASSED] - Keys 'DOWN + ' sent to object: 'Object Repository/Objects.HighlightElements/input_field_index'

2020-10-26 19:03:52 - [TEST_STEP][PASSED] - sendKeys(NewInputNmField, Keys.chord(ARROW_DOWN)): Keys 'DOWN + ' sent to object: 'Object Repository/Objects.HighlightElements/input_field_index'

2020-10-26 19:03:52 - [MESSAGE][PASSED] - Keys 'DOWN + ' sent to object: 'Object Repository/Objects.HighlightElements/input_field_index'

2020-10-26 19:03:52 - [TEST_STEP][PASSED] - delay(DelayTime): Delayed 2 second(s)

2020-10-26 19:03:54 - [MESSAGE][PASSED] - Delayed 2 second(s)

2020-10-26 19:03:54 - [TEST_STEP][PASSED] - sendKeys(NewInputNmField, Keys.chord(ENTER)): Keys 'ENTER + ' sent to object: 'Object Repository/Objects.HighlightElements/input_field_index'

2020-10-26 19:03:54 - [MESSAGE][PASSED] - Keys 'ENTER + ' sent to object: 'Object Repository/Objects.HighlightElements/input_field_index'

2020-10-26 19:03:54 - [TEST_STEP][PASSED] - store = getAttribute(NewInputNmField, "value"): Attribute 'value' of object 'Object Repository/Objects.HighlightElements/input_field_index' is: 'Agency 08072020'

2020-10-26 19:03:54 - [MESSAGE][PASSED] - Attribute 'value' of object 'Object Repository/Objects.HighlightElements/input_field_index' is: 'Agency 08072020'

2020-10-26 19:03:54 - [TEST_STEP][PASSED] - println(store): null

2020-10-26 19:03:54 - [TEST_STEP][PASSED] - com.SQLdb.ExecuteSQLQuery.openDBConnection(findTestData("Datatable").getValue(1, 23), findTestData("Datatable").getValue(2, 23), findTestData("Datatable").getValue(3, 23)): com.SQLdb.ExecuteSQLQuery.openDBConnection is PASSED

2020-10-26 19:03:55 - [MESSAGE][PASSED] - com.SQLdb.ExecuteSQLQuery.openDBConnection is PASSED

2020-10-26 19:03:55 - [TEST_STEP][PASSED] - ModifiedQryScript = "SELECT " + ColNm + " FROM " + DBTbl + " WHERE " + Condition1 + "'" + store + "'": null

2020-10-26 19:03:55 - [TEST_STEP][PASSED] - Result = com.SQLdb.ExecuteSQLQuery.executeQuery(ModifiedQryScript): com.SQLdb.ExecuteSQLQuery.executeQuery is PASSED

2020-10-26 19:03:55 - [MESSAGE][PASSED] - com.SQLdb.ExecuteSQLQuery.executeQuery is PASSED

2020-10-26 19:03:55 - [TEST_STEP][PASSED] - println(ModifiedQryScript): null

2020-10-26 19:03:55 - [TEST_STEP][PASSED] - Match = verifyMatch(store, Result, false): Actual text 'Agency 08072020' and expected text 'Agency 08072020' are matched 

2020-10-26 19:03:55 - [MESSAGE][PASSED] - Actual text 'Agency 08072020' and expected text 'Agency 08072020' are matched 

2020-10-26 19:03:55 - [TEST_STEP][PASSED] - OutputFile.append("Search Value: " + store + " " + "Found Value: " + Result + " " + TimeStamp + "
"): null

2020-10-26 19:03:55 - [TEST_STEP][PASSED] - sendKeys(NewInputNmField, Keys.chord(ARROW_DOWN)): Keys 'DOWN + ' sent to object: 'Object Repository/Objects.HighlightElements/input_field_index'

2020-10-26 19:03:55 - [MESSAGE][PASSED] - Keys 'DOWN + ' sent to object: 'Object Repository/Objects.HighlightElements/input_field_index'

2020-10-26 19:03:55 - [TEST_STEP][PASSED] - sendKeys(NewInputNmField, Keys.chord(ARROW_DOWN)): Keys 'DOWN + ' sent to object: 'Object Repository/Objects.HighlightElements/input_field_index'

2020-10-26 19:03:55 - [MESSAGE][PASSED] - Keys 'DOWN + ' sent to object: 'Object Repository/Objects.HighlightElements/input_field_index'

2020-10-26 19:03:55 - [TEST_STEP][PASSED] - delay(DelayTime): Delayed 2 second(s)

2020-10-26 19:03:57 - [MESSAGE][PASSED] - Delayed 2 second(s)

2020-10-26 19:03:57 - [TEST_STEP][PASSED] - sendKeys(NewInputNmField, Keys.chord(ENTER)): Keys 'ENTER + ' sent to object: 'Object Repository/Objects.HighlightElements/input_field_index'

2020-10-26 19:03:57 - [MESSAGE][PASSED] - Keys 'ENTER + ' sent to object: 'Object Repository/Objects.HighlightElements/input_field_index'

2020-10-26 19:03:57 - [TEST_STEP][PASSED] - store = getAttribute(NewInputNmField, "value"): Attribute 'value' of object 'Object Repository/Objects.HighlightElements/input_field_index' is: 'Agency Test 5 Aug - 1'

2020-10-26 19:03:57 - [MESSAGE][PASSED] - Attribute 'value' of object 'Object Repository/Objects.HighlightElements/input_field_index' is: 'Agency Test 5 Aug - 1'

2020-10-26 19:03:57 - [TEST_STEP][PASSED] - println(store): null

2020-10-26 19:03:57 - [TEST_STEP][PASSED] - com.SQLdb.ExecuteSQLQuery.openDBConnection(findTestData("Datatable").getValue(1, 23), findTestData("Datatable").getValue(2, 23), findTestData("Datatable").getValue(3, 23)): com.SQLdb.ExecuteSQLQuery.openDBConnection is PASSED

2020-10-26 19:03:58 - [MESSAGE][PASSED] - com.SQLdb.ExecuteSQLQuery.openDBConnection is PASSED

2020-10-26 19:03:58 - [TEST_STEP][PASSED] - ModifiedQryScript = "SELECT " + ColNm + " FROM " + DBTbl + " WHERE " + Condition1 + "'" + store + "'": null

2020-10-26 19:03:58 - [TEST_STEP][PASSED] - Result = com.SQLdb.ExecuteSQLQuery.executeQuery(ModifiedQryScript): com.SQLdb.ExecuteSQLQuery.executeQuery is PASSED

2020-10-26 19:03:58 - [MESSAGE][PASSED] - com.SQLdb.ExecuteSQLQuery.executeQuery is PASSED

2020-10-26 19:03:58 - [TEST_STEP][PASSED] - println(ModifiedQryScript): null

2020-10-26 19:03:58 - [TEST_STEP][PASSED] - Match = verifyMatch(store, Result, false): Actual text 'Agency Test 5 Aug - 1' and expected text 'Agency Test 5 Aug - 1' are matched 

2020-10-26 19:03:58 - [MESSAGE][PASSED] - Actual text 'Agency Test 5 Aug - 1' and expected text 'Agency Test 5 Aug - 1' are matched 

2020-10-26 19:03:58 - [TEST_STEP][PASSED] - OutputFile.append("Search Value: " + store + " " + "Found Value: " + Result + " " + TimeStamp + "
"): null

2020-10-26 19:03:58 - [TEST_STEP][PASSED] - sendKeys(NewInputNmField, Keys.chord(ARROW_DOWN)): Keys 'DOWN + ' sent to object: 'Object Repository/Objects.HighlightElements/input_field_index'

2020-10-26 19:03:58 - [MESSAGE][PASSED] - Keys 'DOWN + ' sent to object: 'Object Repository/Objects.HighlightElements/input_field_index'

2020-10-26 19:03:58 - [TEST_STEP][PASSED] - sendKeys(NewInputNmField, Keys.chord(ARROW_DOWN)): Keys 'DOWN + ' sent to object: 'Object Repository/Objects.HighlightElements/input_field_index'

2020-10-26 19:03:58 - [MESSAGE][PASSED] - Keys 'DOWN + ' sent to object: 'Object Repository/Objects.HighlightElements/input_field_index'

2020-10-26 19:03:58 - [TEST_STEP][PASSED] - delay(DelayTime): Delayed 2 second(s)

2020-10-26 19:04:00 - [MESSAGE][PASSED] - Delayed 2 second(s)

2020-10-26 19:04:00 - [TEST_STEP][PASSED] - sendKeys(NewInputNmField, Keys.chord(ENTER)): Keys 'ENTER + ' sent to object: 'Object Repository/Objects.HighlightElements/input_field_index'

2020-10-26 19:04:01 - [MESSAGE][PASSED] - Keys 'ENTER + ' sent to object: 'Object Repository/Objects.HighlightElements/input_field_index'

2020-10-26 19:04:01 - [TEST_STEP][PASSED] - store = getAttribute(NewInputNmField, "value"): Attribute 'value' of object 'Object Repository/Objects.HighlightElements/input_field_index' is: 'content'

2020-10-26 19:04:02 - [MESSAGE][PASSED] - Attribute 'value' of object 'Object Repository/Objects.HighlightElements/input_field_index' is: 'content'

2020-10-26 19:04:02 - [TEST_STEP][PASSED] - println(store): null

2020-10-26 19:04:02 - [TEST_STEP][PASSED] - com.SQLdb.ExecuteSQLQuery.openDBConnection(findTestData("Datatable").getValue(1, 23), findTestData("Datatable").getValue(2, 23), findTestData("Datatable").getValue(3, 23)): com.SQLdb.ExecuteSQLQuery.openDBConnection is PASSED

2020-10-26 19:04:02 - [MESSAGE][PASSED] - com.SQLdb.ExecuteSQLQuery.openDBConnection is PASSED

2020-10-26 19:04:02 - [TEST_STEP][PASSED] - ModifiedQryScript = "SELECT " + ColNm + " FROM " + DBTbl + " WHERE " + Condition1 + "'" + store + "'": null

2020-10-26 19:04:02 - [TEST_STEP][PASSED] - Result = com.SQLdb.ExecuteSQLQuery.executeQuery(ModifiedQryScript): com.SQLdb.ExecuteSQLQuery.executeQuery is PASSED

2020-10-26 19:04:02 - [MESSAGE][PASSED] - com.SQLdb.ExecuteSQLQuery.executeQuery is PASSED

2020-10-26 19:04:02 - [TEST_STEP][PASSED] - println(ModifiedQryScript): null

2020-10-26 19:04:02 - [TEST_STEP][PASSED] - Match = verifyMatch(store, Result, false): Actual text 'content' and expected text 'content' are matched 

2020-10-26 19:04:02 - [MESSAGE][PASSED] - Actual text 'content' and expected text 'content' are matched 

2020-10-26 19:04:02 - [TEST_STEP][PASSED] - OutputFile.append("Search Value: " + store + " " + "Found Value: " + Result + " " + TimeStamp + "
"): null

2020-10-26 19:04:02 - [TEST_STEP][PASSED] - sendKeys(NewInputNmField, Keys.chord(ARROW_DOWN)): Keys 'DOWN + ' sent to object: 'Object Repository/Objects.HighlightElements/input_field_index'

2020-10-26 19:04:02 - [MESSAGE][PASSED] - Keys 'DOWN + ' sent to object: 'Object Repository/Objects.HighlightElements/input_field_index'

2020-10-26 19:04:02 - [TEST_STEP][PASSED] - sendKeys(NewInputNmField, Keys.chord(ARROW_DOWN)): Keys 'DOWN + ' sent to object: 'Object Repository/Objects.HighlightElements/input_field_index'

2020-10-26 19:04:03 - [MESSAGE][PASSED] - Keys 'DOWN + ' sent to object: 'Object Repository/Objects.HighlightElements/input_field_index'

2020-10-26 19:04:03 - [TEST_STEP][PASSED] - delay(DelayTime): Delayed 2 second(s)

2020-10-26 19:04:05 - [MESSAGE][PASSED] - Delayed 2 second(s)

2020-10-26 19:04:05 - [TEST_STEP][PASSED] - sendKeys(NewInputNmField, Keys.chord(ENTER)): Keys 'ENTER + ' sent to object: 'Object Repository/Objects.HighlightElements/input_field_index'

2020-10-26 19:04:05 - [MESSAGE][PASSED] - Keys 'ENTER + ' sent to object: 'Object Repository/Objects.HighlightElements/input_field_index'

2020-10-26 19:04:05 - [TEST_STEP][PASSED] - store = getAttribute(NewInputNmField, "value"): Attribute 'value' of object 'Object Repository/Objects.HighlightElements/input_field_index' is: 'new agencc'

2020-10-26 19:04:05 - [MESSAGE][PASSED] - Attribute 'value' of object 'Object Repository/Objects.HighlightElements/input_field_index' is: 'new agencc'

2020-10-26 19:04:05 - [TEST_STEP][PASSED] - println(store): null

2020-10-26 19:04:05 - [TEST_STEP][PASSED] - com.SQLdb.ExecuteSQLQuery.openDBConnection(findTestData("Datatable").getValue(1, 23), findTestData("Datatable").getValue(2, 23), findTestData("Datatable").getValue(3, 23)): com.SQLdb.ExecuteSQLQuery.openDBConnection is PASSED

2020-10-26 19:04:05 - [MESSAGE][PASSED] - com.SQLdb.ExecuteSQLQuery.openDBConnection is PASSED

2020-10-26 19:04:05 - [TEST_STEP][PASSED] - ModifiedQryScript = "SELECT " + ColNm + " FROM " + DBTbl + " WHERE " + Condition1 + "'" + store + "'": null

2020-10-26 19:04:05 - [TEST_STEP][PASSED] - Result = com.SQLdb.ExecuteSQLQuery.executeQuery(ModifiedQryScript): com.SQLdb.ExecuteSQLQuery.executeQuery is PASSED

2020-10-26 19:04:05 - [MESSAGE][PASSED] - com.SQLdb.ExecuteSQLQuery.executeQuery is PASSED

2020-10-26 19:04:05 - [TEST_STEP][PASSED] - println(ModifiedQryScript): null

2020-10-26 19:04:05 - [TEST_STEP][PASSED] - Match = verifyMatch(store, Result, false): Actual text 'new agencc' and expected text 'new agencc' are matched 

2020-10-26 19:04:05 - [MESSAGE][PASSED] - Actual text 'new agencc' and expected text 'new agencc' are matched 

2020-10-26 19:04:05 - [TEST_STEP][PASSED] - OutputFile.append("Search Value: " + store + " " + "Found Value: " + Result + " " + TimeStamp + "
"): null

2020-10-26 19:04:05 - [TEST_STEP][PASSED] - sendKeys(NewInputNmField, Keys.chord(ARROW_DOWN)): Keys 'DOWN + ' sent to object: 'Object Repository/Objects.HighlightElements/input_field_index'

2020-10-26 19:04:06 - [MESSAGE][PASSED] - Keys 'DOWN + ' sent to object: 'Object Repository/Objects.HighlightElements/input_field_index'

2020-10-26 19:04:06 - [TEST_STEP][PASSED] - sendKeys(NewInputNmField, Keys.chord(ARROW_DOWN)): Keys 'DOWN + ' sent to object: 'Object Repository/Objects.HighlightElements/input_field_index'

2020-10-26 19:04:06 - [MESSAGE][PASSED] - Keys 'DOWN + ' sent to object: 'Object Repository/Objects.HighlightElements/input_field_index'

2020-10-26 19:04:06 - [TEST_STEP][PASSED] - delay(DelayTime): Delayed 2 second(s)

2020-10-26 19:04:08 - [MESSAGE][PASSED] - Delayed 2 second(s)

2020-10-26 19:04:08 - [TEST_STEP][PASSED] - sendKeys(NewInputNmField, Keys.chord(ENTER)): Keys 'ENTER + ' sent to object: 'Object Repository/Objects.HighlightElements/input_field_index'

2020-10-26 19:04:08 - [MESSAGE][PASSED] - Keys 'ENTER + ' sent to object: 'Object Repository/Objects.HighlightElements/input_field_index'

2020-10-26 19:04:08 - [TEST_STEP][PASSED] - store = getAttribute(NewInputNmField, "value"): Attribute 'value' of object 'Object Repository/Objects.HighlightElements/input_field_index' is: 'plc'

2020-10-26 19:04:08 - [MESSAGE][PASSED] - Attribute 'value' of object 'Object Repository/Objects.HighlightElements/input_field_index' is: 'plc'

2020-10-26 19:04:08 - [TEST_STEP][PASSED] - println(store): null

2020-10-26 19:04:08 - [TEST_STEP][PASSED] - com.SQLdb.ExecuteSQLQuery.openDBConnection(findTestData("Datatable").getValue(1, 23), findTestData("Datatable").getValue(2, 23), findTestData("Datatable").getValue(3, 23)): com.SQLdb.ExecuteSQLQuery.openDBConnection is PASSED

2020-10-26 19:04:08 - [MESSAGE][PASSED] - com.SQLdb.ExecuteSQLQuery.openDBConnection is PASSED

2020-10-26 19:04:08 - [TEST_STEP][PASSED] - ModifiedQryScript = "SELECT " + ColNm + " FROM " + DBTbl + " WHERE " + Condition1 + "'" + store + "'": null

2020-10-26 19:04:08 - [TEST_STEP][PASSED] - Result = com.SQLdb.ExecuteSQLQuery.executeQuery(ModifiedQryScript): com.SQLdb.ExecuteSQLQuery.executeQuery is PASSED

2020-10-26 19:04:09 - [MESSAGE][PASSED] - com.SQLdb.ExecuteSQLQuery.executeQuery is PASSED

2020-10-26 19:04:09 - [TEST_STEP][PASSED] - println(ModifiedQryScript): null

2020-10-26 19:04:09 - [TEST_STEP][PASSED] - Match = verifyMatch(store, Result, false): Actual text 'plc' and expected text 'plc' are matched 

2020-10-26 19:04:09 - [MESSAGE][PASSED] - Actual text 'plc' and expected text 'plc' are matched 

2020-10-26 19:04:09 - [TEST_STEP][PASSED] - OutputFile.append("Search Value: " + store + " " + "Found Value: " + Result + " " + TimeStamp + "
"): null

2020-10-26 19:04:09 - [TEST_STEP][PASSED] - sendKeys(NewInputNmField, Keys.chord(ARROW_DOWN)): Keys 'DOWN + ' sent to object: 'Object Repository/Objects.HighlightElements/input_field_index'

2020-10-26 19:04:09 - [MESSAGE][PASSED] - Keys 'DOWN + ' sent to object: 'Object Repository/Objects.HighlightElements/input_field_index'

2020-10-26 19:04:09 - [TEST_STEP][PASSED] - sendKeys(NewInputNmField, Keys.chord(ARROW_DOWN)): Keys 'DOWN + ' sent to object: 'Object Repository/Objects.HighlightElements/input_field_index'

2020-10-26 19:04:09 - [MESSAGE][PASSED] - Keys 'DOWN + ' sent to object: 'Object Repository/Objects.HighlightElements/input_field_index'

2020-10-26 19:04:09 - [TEST_STEP][PASSED] - delay(DelayTime): Delayed 2 second(s)

2020-10-26 19:04:11 - [MESSAGE][PASSED] - Delayed 2 second(s)

2020-10-26 19:04:11 - [TEST_STEP][PASSED] - sendKeys(NewInputNmField, Keys.chord(ENTER)): Keys 'ENTER + ' sent to object: 'Object Repository/Objects.HighlightElements/input_field_index'

2020-10-26 19:04:11 - [MESSAGE][PASSED] - Keys 'ENTER + ' sent to object: 'Object Repository/Objects.HighlightElements/input_field_index'

2020-10-26 19:04:11 - [TEST_STEP][PASSED] - store = getAttribute(NewInputNmField, "value"): Attribute 'value' of object 'Object Repository/Objects.HighlightElements/input_field_index' is: 'ter'

2020-10-26 19:04:11 - [MESSAGE][PASSED] - Attribute 'value' of object 'Object Repository/Objects.HighlightElements/input_field_index' is: 'ter'

2020-10-26 19:04:11 - [TEST_STEP][PASSED] - println(store): null

2020-10-26 19:04:11 - [TEST_STEP][PASSED] - com.SQLdb.ExecuteSQLQuery.openDBConnection(findTestData("Datatable").getValue(1, 23), findTestData("Datatable").getValue(2, 23), findTestData("Datatable").getValue(3, 23)): com.SQLdb.ExecuteSQLQuery.openDBConnection is PASSED

2020-10-26 19:04:12 - [MESSAGE][PASSED] - com.SQLdb.ExecuteSQLQuery.openDBConnection is PASSED

2020-10-26 19:04:12 - [TEST_STEP][PASSED] - ModifiedQryScript = "SELECT " + ColNm + " FROM " + DBTbl + " WHERE " + Condition1 + "'" + store + "'": null

2020-10-26 19:04:12 - [TEST_STEP][PASSED] - Result = com.SQLdb.ExecuteSQLQuery.executeQuery(ModifiedQryScript): com.SQLdb.ExecuteSQLQuery.executeQuery is PASSED

2020-10-26 19:04:12 - [MESSAGE][PASSED] - com.SQLdb.ExecuteSQLQuery.executeQuery is PASSED

2020-10-26 19:04:12 - [TEST_STEP][PASSED] - println(ModifiedQryScript): null

2020-10-26 19:04:12 - [TEST_STEP][PASSED] - Match = verifyMatch(store, Result, false): Actual text 'ter' and expected text 'ter' are matched 

2020-10-26 19:04:12 - [MESSAGE][PASSED] - Actual text 'ter' and expected text 'ter' are matched 

2020-10-26 19:04:12 - [TEST_STEP][PASSED] - OutputFile.append("Search Value: " + store + " " + "Found Value: " + Result + " " + TimeStamp + "
"): null

2020-10-26 19:04:12 - [TEST_STEP][PASSED] - sendKeys(NewInputNmField, Keys.chord(ARROW_DOWN)): Keys 'DOWN + ' sent to object: 'Object Repository/Objects.HighlightElements/input_field_index'

2020-10-26 19:04:12 - [MESSAGE][PASSED] - Keys 'DOWN + ' sent to object: 'Object Repository/Objects.HighlightElements/input_field_index'

2020-10-26 19:04:12 - [TEST_STEP][PASSED] - sendKeys(NewInputNmField, Keys.chord(ARROW_DOWN)): Keys 'DOWN + ' sent to object: 'Object Repository/Objects.HighlightElements/input_field_index'

2020-10-26 19:04:12 - [MESSAGE][PASSED] - Keys 'DOWN + ' sent to object: 'Object Repository/Objects.HighlightElements/input_field_index'

2020-10-26 19:04:12 - [TEST_STEP][PASSED] - delay(DelayTime): Delayed 2 second(s)

2020-10-26 19:04:14 - [MESSAGE][PASSED] - Delayed 2 second(s)

2020-10-26 19:04:14 - [TEST_STEP][PASSED] - sendKeys(NewInputNmField, Keys.chord(ENTER)): Keys 'ENTER + ' sent to object: 'Object Repository/Objects.HighlightElements/input_field_index'

2020-10-26 19:04:14 - [MESSAGE][PASSED] - Keys 'ENTER + ' sent to object: 'Object Repository/Objects.HighlightElements/input_field_index'

2020-10-26 19:04:14 - [TEST_STEP][PASSED] - store = getAttribute(NewInputNmField, "value"): Attribute 'value' of object 'Object Repository/Objects.HighlightElements/input_field_index' is: 'Tes5'

2020-10-26 19:04:14 - [MESSAGE][PASSED] - Attribute 'value' of object 'Object Repository/Objects.HighlightElements/input_field_index' is: 'Tes5'

2020-10-26 19:04:14 - [TEST_STEP][PASSED] - println(store): null

2020-10-26 19:04:14 - [TEST_STEP][PASSED] - com.SQLdb.ExecuteSQLQuery.openDBConnection(findTestData("Datatable").getValue(1, 23), findTestData("Datatable").getValue(2, 23), findTestData("Datatable").getValue(3, 23)): com.SQLdb.ExecuteSQLQuery.openDBConnection is PASSED

2020-10-26 19:04:15 - [MESSAGE][PASSED] - com.SQLdb.ExecuteSQLQuery.openDBConnection is PASSED

2020-10-26 19:04:15 - [TEST_STEP][PASSED] - ModifiedQryScript = "SELECT " + ColNm + " FROM " + DBTbl + " WHERE " + Condition1 + "'" + store + "'": null

2020-10-26 19:04:15 - [TEST_STEP][PASSED] - Result = com.SQLdb.ExecuteSQLQuery.executeQuery(ModifiedQryScript): com.SQLdb.ExecuteSQLQuery.executeQuery is PASSED

2020-10-26 19:04:15 - [MESSAGE][PASSED] - com.SQLdb.ExecuteSQLQuery.executeQuery is PASSED

2020-10-26 19:04:15 - [TEST_STEP][PASSED] - println(ModifiedQryScript): null

2020-10-26 19:04:15 - [TEST_STEP][PASSED] - Match = verifyMatch(store, Result, false): Actual text 'Tes5' and expected text 'Tes5' are matched 

2020-10-26 19:04:15 - [MESSAGE][PASSED] - Actual text 'Tes5' and expected text 'Tes5' are matched 

2020-10-26 19:04:15 - [TEST_STEP][PASSED] - OutputFile.append("Search Value: " + store + " " + "Found Value: " + Result + " " + TimeStamp + "
"): null

2020-10-26 19:04:15 - [TEST_STEP][PASSED] - sendKeys(NewInputNmField, Keys.chord(ARROW_DOWN)): Keys 'DOWN + ' sent to object: 'Object Repository/Objects.HighlightElements/input_field_index'

2020-10-26 19:04:15 - [MESSAGE][PASSED] - Keys 'DOWN + ' sent to object: 'Object Repository/Objects.HighlightElements/input_field_index'

2020-10-26 19:04:15 - [TEST_STEP][PASSED] - sendKeys(NewInputNmField, Keys.chord(ARROW_DOWN)): Keys 'DOWN + ' sent to object: 'Object Repository/Objects.HighlightElements/input_field_index'

2020-10-26 19:04:15 - [MESSAGE][PASSED] - Keys 'DOWN + ' sent to object: 'Object Repository/Objects.HighlightElements/input_field_index'

2020-10-26 19:04:15 - [TEST_STEP][PASSED] - delay(DelayTime): Delayed 2 second(s)

2020-10-26 19:04:17 - [MESSAGE][PASSED] - Delayed 2 second(s)

2020-10-26 19:04:17 - [TEST_STEP][PASSED] - sendKeys(NewInputNmField, Keys.chord(ENTER)): Keys 'ENTER + ' sent to object: 'Object Repository/Objects.HighlightElements/input_field_index'

2020-10-26 19:04:18 - [MESSAGE][PASSED] - Keys 'ENTER + ' sent to object: 'Object Repository/Objects.HighlightElements/input_field_index'

2020-10-26 19:04:18 - [TEST_STEP][PASSED] - store = getAttribute(NewInputNmField, "value"): Attribute 'value' of object 'Object Repository/Objects.HighlightElements/input_field_index' is: 'test'

2020-10-26 19:04:18 - [MESSAGE][PASSED] - Attribute 'value' of object 'Object Repository/Objects.HighlightElements/input_field_index' is: 'test'

2020-10-26 19:04:18 - [TEST_STEP][PASSED] - println(store): null

2020-10-26 19:04:18 - [TEST_STEP][PASSED] - com.SQLdb.ExecuteSQLQuery.openDBConnection(findTestData("Datatable").getValue(1, 23), findTestData("Datatable").getValue(2, 23), findTestData("Datatable").getValue(3, 23)): com.SQLdb.ExecuteSQLQuery.openDBConnection is PASSED

2020-10-26 19:04:18 - [MESSAGE][PASSED] - com.SQLdb.ExecuteSQLQuery.openDBConnection is PASSED

2020-10-26 19:04:18 - [TEST_STEP][PASSED] - ModifiedQryScript = "SELECT " + ColNm + " FROM " + DBTbl + " WHERE " + Condition1 + "'" + store + "'": null

2020-10-26 19:04:18 - [TEST_STEP][PASSED] - Result = com.SQLdb.ExecuteSQLQuery.executeQuery(ModifiedQryScript): com.SQLdb.ExecuteSQLQuery.executeQuery is PASSED

2020-10-26 19:04:18 - [MESSAGE][PASSED] - com.SQLdb.ExecuteSQLQuery.executeQuery is PASSED

2020-10-26 19:04:18 - [TEST_STEP][PASSED] - println(ModifiedQryScript): null

2020-10-26 19:04:18 - [TEST_STEP][PASSED] - Match = verifyMatch(store, Result, false): Actual text 'test' and expected text 'test' are matched 

2020-10-26 19:04:18 - [MESSAGE][PASSED] - Actual text 'test' and expected text 'test' are matched 

2020-10-26 19:04:18 - [TEST_STEP][PASSED] - OutputFile.append("Search Value: " + store + " " + "Found Value: " + Result + " " + TimeStamp + "
"): null

2020-10-26 19:04:18 - [TEST_STEP][PASSED] - sendKeys(NewInputNmField, Keys.chord(ARROW_DOWN)): Keys 'DOWN + ' sent to object: 'Object Repository/Objects.HighlightElements/input_field_index'

2020-10-26 19:04:18 - [MESSAGE][PASSED] - Keys 'DOWN + ' sent to object: 'Object Repository/Objects.HighlightElements/input_field_index'

2020-10-26 19:04:18 - [TEST_STEP][PASSED] - sendKeys(NewInputNmField, Keys.chord(ARROW_DOWN)): Keys 'DOWN + ' sent to object: 'Object Repository/Objects.HighlightElements/input_field_index'

2020-10-26 19:04:18 - [MESSAGE][PASSED] - Keys 'DOWN + ' sent to object: 'Object Repository/Objects.HighlightElements/input_field_index'

2020-10-26 19:04:18 - [TEST_STEP][PASSED] - delay(DelayTime): Delayed 2 second(s)

2020-10-26 19:04:20 - [MESSAGE][PASSED] - Delayed 2 second(s)

2020-10-26 19:04:20 - [TEST_STEP][PASSED] - sendKeys(NewInputNmField, Keys.chord(ENTER)): Keys 'ENTER + ' sent to object: 'Object Repository/Objects.HighlightElements/input_field_index'

2020-10-26 19:04:21 - [MESSAGE][PASSED] - Keys 'ENTER + ' sent to object: 'Object Repository/Objects.HighlightElements/input_field_index'

2020-10-26 19:04:21 - [TEST_STEP][PASSED] - store = getAttribute(NewInputNmField, "value"): Attribute 'value' of object 'Object Repository/Objects.HighlightElements/input_field_index' is: 'Test Agency PFI 1 New'

2020-10-26 19:04:21 - [MESSAGE][PASSED] - Attribute 'value' of object 'Object Repository/Objects.HighlightElements/input_field_index' is: 'Test Agency PFI 1 New'

2020-10-26 19:04:21 - [TEST_STEP][PASSED] - println(store): null

2020-10-26 19:04:21 - [TEST_STEP][PASSED] - com.SQLdb.ExecuteSQLQuery.openDBConnection(findTestData("Datatable").getValue(1, 23), findTestData("Datatable").getValue(2, 23), findTestData("Datatable").getValue(3, 23)): com.SQLdb.ExecuteSQLQuery.openDBConnection is PASSED

2020-10-26 19:04:21 - [MESSAGE][PASSED] - com.SQLdb.ExecuteSQLQuery.openDBConnection is PASSED

2020-10-26 19:04:21 - [TEST_STEP][PASSED] - ModifiedQryScript = "SELECT " + ColNm + " FROM " + DBTbl + " WHERE " + Condition1 + "'" + store + "'": null

2020-10-26 19:04:21 - [TEST_STEP][PASSED] - Result = com.SQLdb.ExecuteSQLQuery.executeQuery(ModifiedQryScript): com.SQLdb.ExecuteSQLQuery.executeQuery is PASSED

2020-10-26 19:04:21 - [MESSAGE][PASSED] - com.SQLdb.ExecuteSQLQuery.executeQuery is PASSED

2020-10-26 19:04:21 - [TEST_STEP][PASSED] - println(ModifiedQryScript): null

2020-10-26 19:04:21 - [TEST_STEP][PASSED] - Match = verifyMatch(store, Result, false): Actual text 'Test Agency PFI 1 New' and expected text 'Test Agency PFI 1 New' are matched 

2020-10-26 19:04:21 - [MESSAGE][PASSED] - Actual text 'Test Agency PFI 1 New' and expected text 'Test Agency PFI 1 New' are matched 

2020-10-26 19:04:21 - [TEST_STEP][PASSED] - OutputFile.append("Search Value: " + store + " " + "Found Value: " + Result + " " + TimeStamp + "
"): null

2020-10-26 19:04:21 - [TEST_STEP][PASSED] - sendKeys(NewInputNmField, Keys.chord(ARROW_DOWN)): Keys 'DOWN + ' sent to object: 'Object Repository/Objects.HighlightElements/input_field_index'

2020-10-26 19:04:22 - [MESSAGE][PASSED] - Keys 'DOWN + ' sent to object: 'Object Repository/Objects.HighlightElements/input_field_index'

2020-10-26 19:04:22 - [TEST_STEP][PASSED] - sendKeys(NewInputNmField, Keys.chord(ARROW_DOWN)): Keys 'DOWN + ' sent to object: 'Object Repository/Objects.HighlightElements/input_field_index'

2020-10-26 19:04:22 - [MESSAGE][PASSED] - Keys 'DOWN + ' sent to object: 'Object Repository/Objects.HighlightElements/input_field_index'

2020-10-26 19:04:22 - [TEST_STEP][PASSED] - delay(DelayTime): Delayed 2 second(s)

2020-10-26 19:04:24 - [MESSAGE][PASSED] - Delayed 2 second(s)

2020-10-26 19:04:24 - [TEST_STEP][PASSED] - sendKeys(NewInputNmField, Keys.chord(ENTER)): Keys 'ENTER + ' sent to object: 'Object Repository/Objects.HighlightElements/input_field_index'

2020-10-26 19:04:24 - [MESSAGE][PASSED] - Keys 'ENTER + ' sent to object: 'Object Repository/Objects.HighlightElements/input_field_index'

2020-10-26 19:04:24 - [TEST_STEP][PASSED] - store = getAttribute(NewInputNmField, "value"): Attribute 'value' of object 'Object Repository/Objects.HighlightElements/input_field_index' is: 'test123323'

2020-10-26 19:04:24 - [MESSAGE][PASSED] - Attribute 'value' of object 'Object Repository/Objects.HighlightElements/input_field_index' is: 'test123323'

2020-10-26 19:04:24 - [TEST_STEP][PASSED] - println(store): null

2020-10-26 19:04:24 - [TEST_STEP][PASSED] - com.SQLdb.ExecuteSQLQuery.openDBConnection(findTestData("Datatable").getValue(1, 23), findTestData("Datatable").getValue(2, 23), findTestData("Datatable").getValue(3, 23)): com.SQLdb.ExecuteSQLQuery.openDBConnection is PASSED

2020-10-26 19:04:24 - [MESSAGE][PASSED] - com.SQLdb.ExecuteSQLQuery.openDBConnection is PASSED

2020-10-26 19:04:24 - [TEST_STEP][PASSED] - ModifiedQryScript = "SELECT " + ColNm + " FROM " + DBTbl + " WHERE " + Condition1 + "'" + store + "'": null

2020-10-26 19:04:24 - [TEST_STEP][PASSED] - Result = com.SQLdb.ExecuteSQLQuery.executeQuery(ModifiedQryScript): com.SQLdb.ExecuteSQLQuery.executeQuery is PASSED

2020-10-26 19:04:25 - [MESSAGE][PASSED] - com.SQLdb.ExecuteSQLQuery.executeQuery is PASSED

2020-10-26 19:04:25 - [TEST_STEP][PASSED] - println(ModifiedQryScript): null

2020-10-26 19:04:25 - [TEST_STEP][PASSED] - Match = verifyMatch(store, Result, false): Actual text 'test123323' and expected text 'test123323' are matched 

2020-10-26 19:04:25 - [MESSAGE][PASSED] - Actual text 'test123323' and expected text 'test123323' are matched 

2020-10-26 19:04:25 - [TEST_STEP][PASSED] - OutputFile.append("Search Value: " + store + " " + "Found Value: " + Result + " " + TimeStamp + "
"): null

2020-10-26 19:04:25 - [TEST_STEP][PASSED] - sendKeys(NewInputNmField, Keys.chord(ARROW_DOWN)): Keys 'DOWN + ' sent to object: 'Object Repository/Objects.HighlightElements/input_field_index'

2020-10-26 19:04:25 - [MESSAGE][PASSED] - Keys 'DOWN + ' sent to object: 'Object Repository/Objects.HighlightElements/input_field_index'

2020-10-26 19:04:25 - [TEST_STEP][PASSED] - sendKeys(NewInputNmField, Keys.chord(ARROW_DOWN)): Keys 'DOWN + ' sent to object: 'Object Repository/Objects.HighlightElements/input_field_index'

2020-10-26 19:04:25 - [MESSAGE][PASSED] - Keys 'DOWN + ' sent to object: 'Object Repository/Objects.HighlightElements/input_field_index'

2020-10-26 19:04:25 - [TEST_STEP][PASSED] - delay(DelayTime): Delayed 2 second(s)

2020-10-26 19:04:27 - [MESSAGE][PASSED] - Delayed 2 second(s)

2020-10-26 19:04:27 - [TEST_STEP][PASSED] - sendKeys(NewInputNmField, Keys.chord(ENTER)): Keys 'ENTER + ' sent to object: 'Object Repository/Objects.HighlightElements/input_field_index'

2020-10-26 19:04:27 - [MESSAGE][PASSED] - Keys 'ENTER + ' sent to object: 'Object Repository/Objects.HighlightElements/input_field_index'

2020-10-26 19:04:27 - [TEST_STEP][PASSED] - store = getAttribute(NewInputNmField, "value"): Attribute 'value' of object 'Object Repository/Objects.HighlightElements/input_field_index' is: 'test213123'

2020-10-26 19:04:27 - [MESSAGE][PASSED] - Attribute 'value' of object 'Object Repository/Objects.HighlightElements/input_field_index' is: 'test213123'

2020-10-26 19:04:27 - [TEST_STEP][PASSED] - println(store): null

2020-10-26 19:04:27 - [TEST_STEP][PASSED] - com.SQLdb.ExecuteSQLQuery.openDBConnection(findTestData("Datatable").getValue(1, 23), findTestData("Datatable").getValue(2, 23), findTestData("Datatable").getValue(3, 23)): com.SQLdb.ExecuteSQLQuery.openDBConnection is PASSED

2020-10-26 19:04:28 - [MESSAGE][PASSED] - com.SQLdb.ExecuteSQLQuery.openDBConnection is PASSED

2020-10-26 19:04:28 - [TEST_STEP][PASSED] - ModifiedQryScript = "SELECT " + ColNm + " FROM " + DBTbl + " WHERE " + Condition1 + "'" + store + "'": null

2020-10-26 19:04:28 - [TEST_STEP][PASSED] - Result = com.SQLdb.ExecuteSQLQuery.executeQuery(ModifiedQryScript): com.SQLdb.ExecuteSQLQuery.executeQuery is PASSED

2020-10-26 19:04:28 - [MESSAGE][PASSED] - com.SQLdb.ExecuteSQLQuery.executeQuery is PASSED

2020-10-26 19:04:28 - [TEST_STEP][PASSED] - println(ModifiedQryScript): null

2020-10-26 19:04:28 - [TEST_STEP][PASSED] - Match = verifyMatch(store, Result, false): Actual text 'test213123' and expected text 'test213123' are matched 

2020-10-26 19:04:28 - [MESSAGE][PASSED] - Actual text 'test213123' and expected text 'test213123' are matched 

2020-10-26 19:04:28 - [TEST_STEP][PASSED] - OutputFile.append("Search Value: " + store + " " + "Found Value: " + Result + " " + TimeStamp + "
"): null

2020-10-26 19:04:28 - [TEST_STEP][PASSED] - sendKeys(NewInputNmField, Keys.chord(ARROW_DOWN)): Keys 'DOWN + ' sent to object: 'Object Repository/Objects.HighlightElements/input_field_index'

2020-10-26 19:04:28 - [MESSAGE][PASSED] - Keys 'DOWN + ' sent to object: 'Object Repository/Objects.HighlightElements/input_field_index'

2020-10-26 19:04:28 - [TEST_STEP][PASSED] - sendKeys(NewInputNmField, Keys.chord(ARROW_DOWN)): Keys 'DOWN + ' sent to object: 'Object Repository/Objects.HighlightElements/input_field_index'

2020-10-26 19:04:28 - [MESSAGE][PASSED] - Keys 'DOWN + ' sent to object: 'Object Repository/Objects.HighlightElements/input_field_index'

2020-10-26 19:04:28 - [TEST_STEP][PASSED] - delay(DelayTime): Delayed 2 second(s)

2020-10-26 19:04:30 - [MESSAGE][PASSED] - Delayed 2 second(s)

2020-10-26 19:04:30 - [TEST_STEP][PASSED] - sendKeys(NewInputNmField, Keys.chord(ENTER)): Keys 'ENTER + ' sent to object: 'Object Repository/Objects.HighlightElements/input_field_index'

2020-10-26 19:04:30 - [MESSAGE][PASSED] - Keys 'ENTER + ' sent to object: 'Object Repository/Objects.HighlightElements/input_field_index'

2020-10-26 19:04:30 - [TEST_STEP][PASSED] - store = getAttribute(NewInputNmField, "value"): Attribute 'value' of object 'Object Repository/Objects.HighlightElements/input_field_index' is: 'test6'

2020-10-26 19:04:30 - [MESSAGE][PASSED] - Attribute 'value' of object 'Object Repository/Objects.HighlightElements/input_field_index' is: 'test6'

2020-10-26 19:04:30 - [TEST_STEP][PASSED] - println(store): null

2020-10-26 19:04:30 - [TEST_STEP][PASSED] - com.SQLdb.ExecuteSQLQuery.openDBConnection(findTestData("Datatable").getValue(1, 23), findTestData("Datatable").getValue(2, 23), findTestData("Datatable").getValue(3, 23)): com.SQLdb.ExecuteSQLQuery.openDBConnection is PASSED

2020-10-26 19:04:31 - [MESSAGE][PASSED] - com.SQLdb.ExecuteSQLQuery.openDBConnection is PASSED

2020-10-26 19:04:31 - [TEST_STEP][PASSED] - ModifiedQryScript = "SELECT " + ColNm + " FROM " + DBTbl + " WHERE " + Condition1 + "'" + store + "'": null

2020-10-26 19:04:31 - [TEST_STEP][PASSED] - Result = com.SQLdb.ExecuteSQLQuery.executeQuery(ModifiedQryScript): com.SQLdb.ExecuteSQLQuery.executeQuery is PASSED

2020-10-26 19:04:31 - [MESSAGE][PASSED] - com.SQLdb.ExecuteSQLQuery.executeQuery is PASSED

2020-10-26 19:04:31 - [TEST_STEP][PASSED] - println(ModifiedQryScript): null

2020-10-26 19:04:31 - [TEST_STEP][PASSED] - Match = verifyMatch(store, Result, false): Actual text 'test6' and expected text 'test6' are matched 

2020-10-26 19:04:31 - [MESSAGE][PASSED] - Actual text 'test6' and expected text 'test6' are matched 

2020-10-26 19:04:31 - [TEST_STEP][PASSED] - OutputFile.append("Search Value: " + store + " " + "Found Value: " + Result + " " + TimeStamp + "
"): null

2020-10-26 19:04:31 - [TEST_STEP][PASSED] - sendKeys(NewInputNmField, Keys.chord(ARROW_DOWN)): Keys 'DOWN + ' sent to object: 'Object Repository/Objects.HighlightElements/input_field_index'

2020-10-26 19:04:31 - [MESSAGE][PASSED] - Keys 'DOWN + ' sent to object: 'Object Repository/Objects.HighlightElements/input_field_index'

2020-10-26 19:04:31 - [TEST_STEP][PASSED] - sendKeys(NewInputNmField, Keys.chord(ARROW_DOWN)): Keys 'DOWN + ' sent to object: 'Object Repository/Objects.HighlightElements/input_field_index'

2020-10-26 19:04:31 - [MESSAGE][PASSED] - Keys 'DOWN + ' sent to object: 'Object Repository/Objects.HighlightElements/input_field_index'

2020-10-26 19:04:31 - [TEST_STEP][PASSED] - delay(DelayTime): Delayed 2 second(s)

2020-10-26 19:04:33 - [MESSAGE][PASSED] - Delayed 2 second(s)

2020-10-26 19:04:33 - [TEST_STEP][PASSED] - sendKeys(NewInputNmField, Keys.chord(ENTER)): Keys 'ENTER + ' sent to object: 'Object Repository/Objects.HighlightElements/input_field_index'

2020-10-26 19:04:33 - [MESSAGE][PASSED] - Keys 'ENTER + ' sent to object: 'Object Repository/Objects.HighlightElements/input_field_index'

2020-10-26 19:04:33 - [TEST_STEP][PASSED] - store = getAttribute(NewInputNmField, "value"): Attribute 'value' of object 'Object Repository/Objects.HighlightElements/input_field_index' is: 'testing'

2020-10-26 19:04:34 - [MESSAGE][PASSED] - Attribute 'value' of object 'Object Repository/Objects.HighlightElements/input_field_index' is: 'testing'

2020-10-26 19:04:34 - [TEST_STEP][PASSED] - println(store): null

2020-10-26 19:04:34 - [TEST_STEP][PASSED] - com.SQLdb.ExecuteSQLQuery.openDBConnection(findTestData("Datatable").getValue(1, 23), findTestData("Datatable").getValue(2, 23), findTestData("Datatable").getValue(3, 23)): com.SQLdb.ExecuteSQLQuery.openDBConnection is PASSED

2020-10-26 19:04:34 - [MESSAGE][PASSED] - com.SQLdb.ExecuteSQLQuery.openDBConnection is PASSED

2020-10-26 19:04:34 - [TEST_STEP][PASSED] - ModifiedQryScript = "SELECT " + ColNm + " FROM " + DBTbl + " WHERE " + Condition1 + "'" + store + "'": null

2020-10-26 19:04:34 - [TEST_STEP][PASSED] - Result = com.SQLdb.ExecuteSQLQuery.executeQuery(ModifiedQryScript): com.SQLdb.ExecuteSQLQuery.executeQuery is PASSED

2020-10-26 19:04:34 - [MESSAGE][PASSED] - com.SQLdb.ExecuteSQLQuery.executeQuery is PASSED

2020-10-26 19:04:34 - [TEST_STEP][PASSED] - println(ModifiedQryScript): null

2020-10-26 19:04:34 - [TEST_STEP][PASSED] - Match = verifyMatch(store, Result, false): Actual text 'testing' and expected text 'testing' are matched 

2020-10-26 19:04:34 - [MESSAGE][PASSED] - Actual text 'testing' and expected text 'testing' are matched 

2020-10-26 19:04:34 - [TEST_STEP][PASSED] - OutputFile.append("Search Value: " + store + " " + "Found Value: " + Result + " " + TimeStamp + "
"): null

2020-10-26 19:04:34 - [TEST_STEP][PASSED] - sendKeys(NewInputNmField, Keys.chord(ARROW_DOWN)): Keys 'DOWN + ' sent to object: 'Object Repository/Objects.HighlightElements/input_field_index'

2020-10-26 19:04:34 - [MESSAGE][PASSED] - Keys 'DOWN + ' sent to object: 'Object Repository/Objects.HighlightElements/input_field_index'

2020-10-26 19:04:34 - [TEST_STEP][PASSED] - sendKeys(NewInputNmField, Keys.chord(ARROW_DOWN)): Keys 'DOWN + ' sent to object: 'Object Repository/Objects.HighlightElements/input_field_index'

2020-10-26 19:04:34 - [MESSAGE][PASSED] - Keys 'DOWN + ' sent to object: 'Object Repository/Objects.HighlightElements/input_field_index'

2020-10-26 19:04:34 - [TEST_STEP][PASSED] - delay(DelayTime): Delayed 2 second(s)

2020-10-26 19:04:36 - [MESSAGE][PASSED] - Delayed 2 second(s)

2020-10-26 19:04:36 - [TEST_STEP][PASSED] - sendKeys(NewInputNmField, Keys.chord(ENTER)): Keys 'ENTER + ' sent to object: 'Object Repository/Objects.HighlightElements/input_field_index'

2020-10-26 19:04:37 - [MESSAGE][PASSED] - Keys 'ENTER + ' sent to object: 'Object Repository/Objects.HighlightElements/input_field_index'

2020-10-26 19:04:37 - [TEST_STEP][PASSED] - store = getAttribute(NewInputNmField, "value"): Attribute 'value' of object 'Object Repository/Objects.HighlightElements/input_field_index' is: 'wq'

2020-10-26 19:04:37 - [MESSAGE][PASSED] - Attribute 'value' of object 'Object Repository/Objects.HighlightElements/input_field_index' is: 'wq'

2020-10-26 19:04:37 - [TEST_STEP][PASSED] - println(store): null

2020-10-26 19:04:37 - [TEST_STEP][PASSED] - com.SQLdb.ExecuteSQLQuery.openDBConnection(findTestData("Datatable").getValue(1, 23), findTestData("Datatable").getValue(2, 23), findTestData("Datatable").getValue(3, 23)): com.SQLdb.ExecuteSQLQuery.openDBConnection is PASSED

2020-10-26 19:04:37 - [MESSAGE][PASSED] - com.SQLdb.ExecuteSQLQuery.openDBConnection is PASSED

2020-10-26 19:04:37 - [TEST_STEP][PASSED] - ModifiedQryScript = "SELECT " + ColNm + " FROM " + DBTbl + " WHERE " + Condition1 + "'" + store + "'": null

2020-10-26 19:04:37 - [TEST_STEP][PASSED] - Result = com.SQLdb.ExecuteSQLQuery.executeQuery(ModifiedQryScript): com.SQLdb.ExecuteSQLQuery.executeQuery is PASSED

2020-10-26 19:04:37 - [MESSAGE][PASSED] - com.SQLdb.ExecuteSQLQuery.executeQuery is PASSED

2020-10-26 19:04:37 - [TEST_STEP][PASSED] - println(ModifiedQryScript): null

2020-10-26 19:04:37 - [TEST_STEP][PASSED] - Match = verifyMatch(store, Result, false): Actual text 'wq' and expected text 'wq' are matched 

2020-10-26 19:04:37 - [MESSAGE][PASSED] - Actual text 'wq' and expected text 'wq' are matched 

2020-10-26 19:04:37 - [TEST_STEP][PASSED] - OutputFile.append("Search Value: " + store + " " + "Found Value: " + Result + " " + TimeStamp + "
"): null

2020-10-26 19:04:37 - [TEST_STEP][PASSED] - sendKeys(NewInputNmField, Keys.chord(ARROW_DOWN)): Keys 'DOWN + ' sent to object: 'Object Repository/Objects.HighlightElements/input_field_index'

2020-10-26 19:04:37 - [MESSAGE][PASSED] - Keys 'DOWN + ' sent to object: 'Object Repository/Objects.HighlightElements/input_field_index'

2020-10-26 19:04:37 - [TEST_STEP][PASSED] - sendKeys(NewInputNmField, Keys.chord(ARROW_DOWN)): Keys 'DOWN + ' sent to object: 'Object Repository/Objects.HighlightElements/input_field_index'

2020-10-26 19:04:38 - [MESSAGE][PASSED] - Keys 'DOWN + ' sent to object: 'Object Repository/Objects.HighlightElements/input_field_index'

2020-10-26 19:04:38 - [TEST_STEP][PASSED] - delay(DelayTime): Delayed 2 second(s)

2020-10-26 19:04:40 - [MESSAGE][PASSED] - Delayed 2 second(s)

2020-10-26 19:04:40 - [TEST_STEP][PASSED] - sendKeys(NewInputNmField, Keys.chord(ENTER)): Keys 'ENTER + ' sent to object: 'Object Repository/Objects.HighlightElements/input_field_index'

2020-10-26 19:04:40 - [MESSAGE][PASSED] - Keys 'ENTER + ' sent to object: 'Object Repository/Objects.HighlightElements/input_field_index'

2020-10-26 19:04:40 - [TEST_STEP][PASSED] - store = getAttribute(NewInputNmField, "value"): Attribute 'value' of object 'Object Repository/Objects.HighlightElements/input_field_index' is: 'XYZ Agency'

2020-10-26 19:04:40 - [MESSAGE][PASSED] - Attribute 'value' of object 'Object Repository/Objects.HighlightElements/input_field_index' is: 'XYZ Agency'

2020-10-26 19:04:40 - [TEST_STEP][PASSED] - println(store): null

2020-10-26 19:04:40 - [TEST_STEP][PASSED] - com.SQLdb.ExecuteSQLQuery.openDBConnection(findTestData("Datatable").getValue(1, 23), findTestData("Datatable").getValue(2, 23), findTestData("Datatable").getValue(3, 23)): com.SQLdb.ExecuteSQLQuery.openDBConnection is PASSED

2020-10-26 19:04:40 - [MESSAGE][PASSED] - com.SQLdb.ExecuteSQLQuery.openDBConnection is PASSED

2020-10-26 19:04:40 - [TEST_STEP][PASSED] - ModifiedQryScript = "SELECT " + ColNm + " FROM " + DBTbl + " WHERE " + Condition1 + "'" + store + "'": null

2020-10-26 19:04:40 - [TEST_STEP][PASSED] - Result = com.SQLdb.ExecuteSQLQuery.executeQuery(ModifiedQryScript): com.SQLdb.ExecuteSQLQuery.executeQuery is PASSED

2020-10-26 19:04:40 - [MESSAGE][PASSED] - com.SQLdb.ExecuteSQLQuery.executeQuery is PASSED

2020-10-26 19:04:40 - [TEST_STEP][PASSED] - println(ModifiedQryScript): null

2020-10-26 19:04:40 - [TEST_STEP][PASSED] - Match = verifyMatch(store, Result, false): Actual text 'XYZ Agency' and expected text 'XYZ Agency' are matched 

2020-10-26 19:04:40 - [MESSAGE][PASSED] - Actual text 'XYZ Agency' and expected text 'XYZ Agency' are matched 

2020-10-26 19:04:40 - [TEST_STEP][PASSED] - OutputFile.append("Search Value: " + store + " " + "Found Value: " + Result + " " + TimeStamp + "
"): null

2020-10-26 19:04:40 - [TEST_STEP][PASSED] - sendKeys(NewInputNmField, Keys.chord(ARROW_DOWN)): Keys 'DOWN + ' sent to object: 'Object Repository/Objects.HighlightElements/input_field_index'

2020-10-26 19:04:41 - [MESSAGE][PASSED] - Keys 'DOWN + ' sent to object: 'Object Repository/Objects.HighlightElements/input_field_index'

2020-10-26 19:04:41 - [TEST_STEP][PASSED] - sendKeys(NewInputNmField, Keys.chord(ENTER)): Keys 'ENTER + ' sent to object: 'Object Repository/Objects.HighlightElements/input_field_index'

2020-10-26 19:04:41 - [MESSAGE][PASSED] - Keys 'ENTER + ' sent to object: 'Object Repository/Objects.HighlightElements/input_field_index'

2020-10-26 19:04:41 - [TEST_STEP][PASSED] - com.SQLdb.ExecuteSQLQuery.closeDBConnection(): com.SQLdb.ExecuteSQLQuery.closeDBConnection is PASSED

2020-10-26 19:04:41 - [MESSAGE][PASSED] - com.SQLdb.ExecuteSQLQuery.closeDBConnection is PASSED

2020-10-26 19:04:41 - [MESSAGE][PASSED] - Call Test Case 'Test Cases/PFI Precision and Scale/PFI Components with Indexing/VerifyDropDownValuesinDB' successfully

2020-10-26 19:04:41 - [TEST_STEP][PASSED] - callTestCase(findTestCase("PFI Precision and Scale/PFI Components/VerifyFieldsLabel"), ["HeaderLbl":"BP No:", "index":6, "PFIUtil":"CreateNewBldg"], STOP_ON_FAILURE): Call Test Case 'Test Cases/PFI Precision and Scale/PFI Components/VerifyFieldsLabel' successfully

2020-10-26 19:04:41 - [TEST_CASE][PASSED] - Test Cases/PFI Precision and Scale/PFI Components/VerifyFieldsLabel: Test Cases/PFI Precision and Scale/PFI Components/VerifyFieldsLabel

2020-10-26 19:04:41 - [TEST_STEP][PASSED] - modifiedLbl = modifyObjectProperty(findTestObject("Objects.ReusableObjects/LabelXPathField"), "xpath", "equals", "//*[contains(text(),'" + HeaderLbl + "')]//following::span[" + index + "]", true, STOP_ON_FAILURE): Modify property of object successfully

2020-10-26 19:04:41 - [MESSAGE][PASSED] - Modify property of object successfully

2020-10-26 19:04:41 - [TEST_STEP][PASSED] - LblRemoveChar = getText(modifiedLbl, STOP_ON_FAILURE): Text of object 'Object Repository/Objects.ReusableObjects/LabelXPathField' is: 'Agency Owner:'

2020-10-26 19:04:41 - [MESSAGE][PASSED] - Text of object 'Object Repository/Objects.ReusableObjects/LabelXPathField' is: 'Agency Owner:'

2020-10-26 19:04:41 - [TEST_STEP][PASSED] - FieldLbl = LblRemoveChar.replace(":", ""): null

2020-10-26 19:04:41 - [TEST_STEP][PASSED] - callTestCase(findTestCase("PFI Precision and Scale/HashMap Tables/PFIUtilityFieldsValidation"), ["FieldLbl":PFIUtil, "FindLabel":FieldLbl], STOP_ON_FAILURE): Call Test Case 'Test Cases/PFI Precision and Scale/HashMap Tables/PFIUtilityFieldsValidation' successfully

2020-10-26 19:04:41 - [TEST_CASE][PASSED] - Test Cases/PFI Precision and Scale/HashMap Tables/PFIUtilityFieldsValidation: Test Cases/PFI Precision and Scale/HashMap Tables/PFIUtilityFieldsValidation

2020-10-26 19:04:41 - [TEST_STEP][PASSED] - FieldsTBL = [1:["CPFI":"Professional Board"], 2:["CPFI":"Qp No"], 3:["CPFI":"Name"], 4:["CPFI":"Company"], 5:["CPFI":"Is Active?"], 6:["CreateNewBldg":"BP No:"], ... ]: null

2020-10-26 19:04:41 - [TEST_STEP][PASSED] - switch (FieldLbl): null

2020-10-26 19:04:41 - [TEST_STEP][PASSED] - case "CreateNewBldg":: null

2020-10-26 19:04:41 - [TEST_STEP][PASSED] - ValueFound = FieldsTBL.find({ -> ... }): null

2020-10-26 19:04:41 - [TEST_STEP][PASSED] - break: null

2020-10-26 19:04:41 - [MESSAGE][PASSED] - Call Test Case 'Test Cases/PFI Precision and Scale/HashMap Tables/PFIUtilityFieldsValidation' successfully

2020-10-26 19:04:41 - [TEST_STEP][PASSED] - if (ValueFound != null): com.reusableComponents.HighlightElement.run is PASSED

2020-10-26 19:04:41 - [TEST_STEP][PASSED] - markPassed("Match Found in Fields Validation Hashmap table"): Match Found in Fields Validation Hashmap table

2020-10-26 19:04:41 - [MESSAGE][PASSED] - Match Found in Fields Validation Hashmap table

2020-10-26 19:04:41 - [TEST_STEP][PASSED] - com.reusableComponents.HighlightElement.run(modifiedLbl): com.reusableComponents.HighlightElement.run is PASSED

2020-10-26 19:04:43 - [MESSAGE][PASSED] - com.reusableComponents.HighlightElement.run is PASSED

2020-10-26 19:04:43 - [MESSAGE][PASSED] - Call Test Case 'Test Cases/PFI Precision and Scale/PFI Components/VerifyFieldsLabel' successfully

2020-10-26 19:04:43 - [TEST_STEP][PASSED] - callTestCase(findTestCase("Components/HighlightInputFieldXPI"), ["FldNm":"agencyOwner", "index":1], STOP_ON_FAILURE): Call Test Case 'Test Cases/Components/HighlightInputFieldXPI' successfully

2020-10-26 19:04:43 - [TEST_CASE][PASSED] - Test Cases/Components/HighlightInputFieldXPI: Test Cases/Components/HighlightInputFieldXPI

2020-10-26 19:04:43 - [TEST_STEP][PASSED] - Thread.sleep(1000): null

2020-10-26 19:04:44 - [TEST_STEP][PASSED] - modifiedInputNm = modifyObjectProperty(findTestObject("Object Repository/Objects.HighlightElements/input_field_index"), "xpath", "equals", "(//*[contains(@name, '" + FldNm + "')])[" + index + "]", true): Modify property of object successfully

2020-10-26 19:04:45 - [MESSAGE][PASSED] - Modify property of object successfully

2020-10-26 19:04:45 - [TEST_STEP][PASSED] - com.reusableComponents.HighlightElement.run(modifiedInputNm): com.reusableComponents.HighlightElement.run is PASSED

2020-10-26 19:04:46 - [MESSAGE][PASSED] - com.reusableComponents.HighlightElement.run is PASSED

2020-10-26 19:04:46 - [MESSAGE][PASSED] - Call Test Case 'Test Cases/Components/HighlightInputFieldXPI' successfully

2020-10-26 19:04:46 - [TEST_STEP][PASSED] - callTestCase(findTestCase("PFI Precision and Scale/PFI Components/CommonComboBox"), ["FldNm":"agencyOwner", "NoOfOpt":3], STOP_ON_FAILURE): Call Test Case 'Test Cases/PFI Precision and Scale/PFI Components/CommonComboBox' successfully

2020-10-26 19:04:46 - [TEST_CASE][PASSED] - Test Cases/PFI Precision and Scale/PFI Components/CommonComboBox: Test Cases/PFI Precision and Scale/PFI Components/CommonComboBox

2020-10-26 19:04:48 - [TEST_STEP][PASSED] - enableSmartWait(): null

2020-10-26 19:04:48 - [TEST_STEP][PASSED] - NewInputNmField = modifyObjectProperty(findTestObject("Objects.NameValidation/input_FieldName"), "name", "equals", FldNm, true): Modify property of object successfully

2020-10-26 19:04:48 - [MESSAGE][PASSED] - Modify property of object successfully

2020-10-26 19:04:48 - [TEST_STEP][PASSED] - com.reusableComponents.HighlightElement.run(NewInputNmField): com.reusableComponents.HighlightElement.run is PASSED

2020-10-26 19:04:50 - [MESSAGE][PASSED] - com.reusableComponents.HighlightElement.run is PASSED

2020-10-26 19:04:50 - [TEST_STEP][PASSED] - for ([i = 1, i < NoOfOpt, (i++)]): Keys 'ENTER + ' sent to object: 'Object Repository/Objects.NameValidation/input_FieldName'

2020-10-26 19:04:50 - [TEST_STEP][PASSED] - sendKeys(NewInputNmField, Keys.chord(ARROW_DOWN)): Keys 'DOWN + ' sent to object: 'Object Repository/Objects.NameValidation/input_FieldName'

2020-10-26 19:04:50 - [MESSAGE][PASSED] - Keys 'DOWN + ' sent to object: 'Object Repository/Objects.NameValidation/input_FieldName'

2020-10-26 19:04:50 - [TEST_STEP][PASSED] - sendKeys(NewInputNmField, Keys.chord(ARROW_DOWN)): Keys 'DOWN + ' sent to object: 'Object Repository/Objects.NameValidation/input_FieldName'

2020-10-26 19:04:50 - [MESSAGE][PASSED] - Keys 'DOWN + ' sent to object: 'Object Repository/Objects.NameValidation/input_FieldName'

2020-10-26 19:04:50 - [TEST_STEP][PASSED] - sendKeys(NewInputNmField, Keys.chord(ENTER)): Keys 'ENTER + ' sent to object: 'Object Repository/Objects.NameValidation/input_FieldName'

2020-10-26 19:04:50 - [MESSAGE][PASSED] - Keys 'ENTER + ' sent to object: 'Object Repository/Objects.NameValidation/input_FieldName'

2020-10-26 19:04:50 - [TEST_STEP][PASSED] - sendKeys(NewInputNmField, Keys.chord(ARROW_DOWN)): Keys 'DOWN + ' sent to object: 'Object Repository/Objects.NameValidation/input_FieldName'

2020-10-26 19:04:51 - [MESSAGE][PASSED] - Keys 'DOWN + ' sent to object: 'Object Repository/Objects.NameValidation/input_FieldName'

2020-10-26 19:04:51 - [TEST_STEP][PASSED] - sendKeys(NewInputNmField, Keys.chord(ARROW_DOWN)): Keys 'DOWN + ' sent to object: 'Object Repository/Objects.NameValidation/input_FieldName'

2020-10-26 19:04:51 - [MESSAGE][PASSED] - Keys 'DOWN + ' sent to object: 'Object Repository/Objects.NameValidation/input_FieldName'

2020-10-26 19:04:51 - [TEST_STEP][PASSED] - sendKeys(NewInputNmField, Keys.chord(ENTER)): Keys 'ENTER + ' sent to object: 'Object Repository/Objects.NameValidation/input_FieldName'

2020-10-26 19:04:51 - [MESSAGE][PASSED] - Keys 'ENTER + ' sent to object: 'Object Repository/Objects.NameValidation/input_FieldName'

2020-10-26 19:04:51 - [MESSAGE][PASSED] - Call Test Case 'Test Cases/PFI Precision and Scale/PFI Components/CommonComboBox' successfully

2020-10-26 19:04:51 - [TEST_STEP][PASSED] - callTestCase(findTestCase("PFI Precision and Scale/PFI Components/VerifyFieldsLabel"), ["HeaderLbl":"BP No:", "index":7, "PFIUtil":"CreateNewBldg"], STOP_ON_FAILURE): Call Test Case 'Test Cases/PFI Precision and Scale/PFI Components/VerifyFieldsLabel' successfully

2020-10-26 19:04:51 - [TEST_CASE][PASSED] - Test Cases/PFI Precision and Scale/PFI Components/VerifyFieldsLabel: Test Cases/PFI Precision and Scale/PFI Components/VerifyFieldsLabel

2020-10-26 19:04:51 - [TEST_STEP][PASSED] - modifiedLbl = modifyObjectProperty(findTestObject("Objects.ReusableObjects/LabelXPathField"), "xpath", "equals", "//*[contains(text(),'" + HeaderLbl + "')]//following::span[" + index + "]", true, STOP_ON_FAILURE): Modify property of object successfully

2020-10-26 19:04:51 - [MESSAGE][PASSED] - Modify property of object successfully

2020-10-26 19:04:51 - [TEST_STEP][PASSED] - LblRemoveChar = getText(modifiedLbl, STOP_ON_FAILURE): Text of object 'Object Repository/Objects.ReusableObjects/LabelXPathField' is: 'TOP/CSC Reference No:'

2020-10-26 19:04:51 - [MESSAGE][PASSED] - Text of object 'Object Repository/Objects.ReusableObjects/LabelXPathField' is: 'TOP/CSC Reference No:'

2020-10-26 19:04:51 - [TEST_STEP][PASSED] - FieldLbl = LblRemoveChar.replace(":", ""): null

2020-10-26 19:04:51 - [TEST_STEP][PASSED] - callTestCase(findTestCase("PFI Precision and Scale/HashMap Tables/PFIUtilityFieldsValidation"), ["FieldLbl":PFIUtil, "FindLabel":FieldLbl], STOP_ON_FAILURE): Call Test Case 'Test Cases/PFI Precision and Scale/HashMap Tables/PFIUtilityFieldsValidation' successfully

2020-10-26 19:04:51 - [TEST_CASE][PASSED] - Test Cases/PFI Precision and Scale/HashMap Tables/PFIUtilityFieldsValidation: Test Cases/PFI Precision and Scale/HashMap Tables/PFIUtilityFieldsValidation

2020-10-26 19:04:51 - [TEST_STEP][PASSED] - FieldsTBL = [1:["CPFI":"Professional Board"], 2:["CPFI":"Qp No"], 3:["CPFI":"Name"], 4:["CPFI":"Company"], 5:["CPFI":"Is Active?"], 6:["CreateNewBldg":"BP No:"], ... ]: null

2020-10-26 19:04:51 - [TEST_STEP][PASSED] - switch (FieldLbl): null

2020-10-26 19:04:51 - [TEST_STEP][PASSED] - case "CreateNewBldg":: null

2020-10-26 19:04:51 - [TEST_STEP][PASSED] - ValueFound = FieldsTBL.find({ -> ... }): null

2020-10-26 19:04:51 - [TEST_STEP][PASSED] - break: null

2020-10-26 19:04:51 - [MESSAGE][PASSED] - Call Test Case 'Test Cases/PFI Precision and Scale/HashMap Tables/PFIUtilityFieldsValidation' successfully

2020-10-26 19:04:52 - [TEST_STEP][PASSED] - if (ValueFound != null): com.reusableComponents.HighlightElement.run is PASSED

2020-10-26 19:04:52 - [TEST_STEP][PASSED] - markPassed("Match Found in Fields Validation Hashmap table"): Match Found in Fields Validation Hashmap table

2020-10-26 19:04:52 - [MESSAGE][PASSED] - Match Found in Fields Validation Hashmap table

2020-10-26 19:04:52 - [TEST_STEP][PASSED] - com.reusableComponents.HighlightElement.run(modifiedLbl): com.reusableComponents.HighlightElement.run is PASSED

2020-10-26 19:04:54 - [MESSAGE][PASSED] - com.reusableComponents.HighlightElement.run is PASSED

2020-10-26 19:04:54 - [MESSAGE][PASSED] - Call Test Case 'Test Cases/PFI Precision and Scale/PFI Components/VerifyFieldsLabel' successfully

2020-10-26 19:04:54 - [TEST_STEP][PASSED] - callTestCase(findTestCase("Components/HighlightInputFieldXPI"), ["FldNm":"topCscRef", "index":1], STOP_ON_FAILURE): Call Test Case 'Test Cases/Components/HighlightInputFieldXPI' successfully

2020-10-26 19:04:54 - [TEST_CASE][PASSED] - Test Cases/Components/HighlightInputFieldXPI: Test Cases/Components/HighlightInputFieldXPI

2020-10-26 19:04:54 - [TEST_STEP][PASSED] - Thread.sleep(1000): null

2020-10-26 19:04:55 - [TEST_STEP][PASSED] - modifiedInputNm = modifyObjectProperty(findTestObject("Object Repository/Objects.HighlightElements/input_field_index"), "xpath", "equals", "(//*[contains(@name, '" + FldNm + "')])[" + index + "]", true): Modify property of object successfully

2020-10-26 19:04:55 - [MESSAGE][PASSED] - Modify property of object successfully

2020-10-26 19:04:55 - [TEST_STEP][PASSED] - com.reusableComponents.HighlightElement.run(modifiedInputNm): com.reusableComponents.HighlightElement.run is PASSED

2020-10-26 19:04:57 - [MESSAGE][PASSED] - com.reusableComponents.HighlightElement.run is PASSED

2020-10-26 19:04:57 - [MESSAGE][PASSED] - Call Test Case 'Test Cases/Components/HighlightInputFieldXPI' successfully

2020-10-26 19:04:57 - [TEST_STEP][PASSED] - callTestCase(findTestCase("PFI Precision and Scale/PFI Components with Indexing/AlphaNumericSpecialValidationIndex"), ["FldNm":"topCscRef", "LenChar":6, "index":1], STOP_ON_FAILURE): Call Test Case 'Test Cases/PFI Precision and Scale/PFI Components with Indexing/AlphaNumericSpecialValidationIndex' successfully

2020-10-26 19:04:57 - [TEST_CASE][PASSED] - Test Cases/PFI Precision and Scale/PFI Components with Indexing/AlphaNumericSpecialValidationIndex: Test Cases/PFI Precision and Scale/PFI Components with Indexing/AlphaNumericSpecialValidationIndex

2020-10-26 19:04:57 - [TEST_STEP][PASSED] - charset = /?><"".join(): null

2020-10-26 19:04:57 - [TEST_STEP][PASSED] - AlphaNumeric = 9).join(): null

2020-10-26 19:04:57 - [TEST_STEP][PASSED] - SpecialChar = "`~!@#$%^&*()-=+_{}|\][;'":,./?><"": null

2020-10-26 19:04:57 - [TEST_STEP][PASSED] - RandomString = RandomStringUtils.random(LenChar, AlphaNumeric.toCharArray()): null

2020-10-26 19:04:57 - [TEST_STEP][PASSED] - RdmSpChar = RandomStringUtils.random(LenChar, SpecialChar): null

2020-10-26 19:04:57 - [TEST_STEP][PASSED] - regexPat = Pattern.compile("^[A-Za-z0-9 ]+$"): null

2020-10-26 19:04:57 - [TEST_STEP][PASSED] - NewInputNmField = modifyObjectProperty(findTestObject("Object Repository/Objects.HighlightElements/input_field_index"), "xpath", "equals", "(//*[contains(@class,'x-form-text') and (@name='" + FldNm + "')])[" + index + "]", true): Modify property of object successfully

2020-10-26 19:04:57 - [MESSAGE][PASSED] - Modify property of object successfully

2020-10-26 19:04:57 - [TEST_STEP][PASSED] - setText(NewInputNmField, RandomString): Text 'qLpKnz' is set on object 'Object Repository/Objects.HighlightElements/input_field_index'

2020-10-26 19:04:58 - [MESSAGE][PASSED] - Text 'qLpKnz' is set on object 'Object Repository/Objects.HighlightElements/input_field_index'

2020-10-26 19:04:58 - [TEST_STEP][PASSED] - RemarksAN = getAttribute(NewInputNmField, "value"): Attribute 'value' of object 'Object Repository/Objects.HighlightElements/input_field_index' is: 'qLpKnz'

2020-10-26 19:04:58 - [MESSAGE][PASSED] - Attribute 'value' of object 'Object Repository/Objects.HighlightElements/input_field_index' is: 'qLpKnz'

2020-10-26 19:04:58 - [TEST_STEP][PASSED] - matchStr = regexPat.matcher(RemarksAN): null

2020-10-26 19:04:58 - [TEST_STEP][PASSED] - if (matchStr.matches() == true): Accepting Alphanumeric

2020-10-26 19:04:58 - [TEST_STEP][PASSED] - comment("Accepting Alphanumeric"): Accepting Alphanumeric

2020-10-26 19:04:58 - [MESSAGE][INFO] - Accepting Alphanumeric

2020-10-26 19:04:58 - [TEST_STEP][PASSED] - setText(NewInputNmField, RdmSpChar): Text '\:`\~`' is set on object 'Object Repository/Objects.HighlightElements/input_field_index'

2020-10-26 19:04:58 - [MESSAGE][PASSED] - Text '\:`\~`' is set on object 'Object Repository/Objects.HighlightElements/input_field_index'

2020-10-26 19:04:58 - [TEST_STEP][PASSED] - RemarksSpChar = getAttribute(NewInputNmField, "value"): Attribute 'value' of object 'Object Repository/Objects.HighlightElements/input_field_index' is: '\:`\~`'

2020-10-26 19:04:58 - [MESSAGE][PASSED] - Attribute 'value' of object 'Object Repository/Objects.HighlightElements/input_field_index' is: '\:`\~`'

2020-10-26 19:04:58 - [TEST_STEP][PASSED] - matchSp = regexPat.matcher(RemarksSpChar): null

2020-10-26 19:04:58 - [TEST_STEP][PASSED] - if (matchSp.matches() == false): Accepting Special Characters

2020-10-26 19:04:58 - [TEST_STEP][PASSED] - comment("Accepting Special Characters"): Accepting Special Characters

2020-10-26 19:04:58 - [MESSAGE][INFO] - Accepting Special Characters

2020-10-26 19:04:58 - [MESSAGE][PASSED] - Call Test Case 'Test Cases/PFI Precision and Scale/PFI Components with Indexing/AlphaNumericSpecialValidationIndex' successfully

2020-10-26 19:04:58 - [TEST_STEP][PASSED] - callTestCase(findTestCase("PFI Precision and Scale/PFI Components with Indexing/MaxCharLengthIndexValidation"), ["FieldNm":"topCscRef", "index":1, "MaxCharLen":4005], STOP_ON_FAILURE): Call Test Case 'Test Cases/PFI Precision and Scale/PFI Components with Indexing/MaxCharLengthIndexValidation' successfully

2020-10-26 19:04:59 - [TEST_CASE][PASSED] - Test Cases/PFI Precision and Scale/PFI Components with Indexing/MaxCharLengthIndexValidation: Test Cases/PFI Precision and Scale/PFI Components with Indexing/MaxCharLengthIndexValidation

2020-10-26 19:04:59 - [TEST_STEP][PASSED] - Thread.sleep(1000): null

2020-10-26 19:05:00 - [TEST_STEP][PASSED] - CharLengthTBL = ["aoNotes":4000, "notes":4000, "hseBlkNo":10, "buildingName":100, "unformattedAddress":4000, "courtNo":20, "caseGrpDesc":4000, ... ]: null

2020-10-26 19:05:00 - [TEST_STEP][PASSED] - charset = /?><"".join(): null

2020-10-26 19:05:00 - [TEST_STEP][PASSED] - RandomStringVal = RandomStringUtils.random(MaxCharLen, charset.toCharArray()): null

2020-10-26 19:05:00 - [TEST_STEP][PASSED] - NewInputNmField = modifyObjectProperty(findTestObject("Object Repository/Objects.HighlightElements/input_field_index"), "xpath", "equals", "(//*[contains(@class,'x-form-text') and (@name='" + FieldNm + "')])[" + index + "]", true): Modify property of object successfully

2020-10-26 19:05:00 - [MESSAGE][PASSED] - Modify property of object successfully

2020-10-26 19:05:00 - [TEST_STEP][PASSED] - setText(NewInputNmField, RandomStringVal): Text 'W6;Gp!`VKPy"YmO]_"2`#!%[907\T1+&LAe(z:-.5`"_fgoVaT{~.Xke_r<OffCE<U$D"7~o(\M[X7^{.~2/|*8HIY_]?4,vG-S_u1I=rQdu8\#(o"kNHB6^Vz"2}lC{"|(tRG3&v/6"sNvEtTx@k(#6J8F`[;-L=+iY_4ueiaMBv_ute}?-???P\OyLG_H]__Zx8>eZqbLaFs/!r<Ox9GTJM(!yqo*zO\_O]xE[}=<iPX'znC_ysf=2-:c$ibx$#@Rt$Dk%9"GCN>KC,b7H7JaS#'p]`!m-yRb$Vb/E_IntkHdK"a;bMb)VE8RI/pyUbAJF>5'(8pFOtwXYmsUH)6LU@A@0Y-ZkZKEsVB'Y1?jzEzp:JaI<yO#PH&VFax%'-:6<FQ$4|Abqiqf!G>b:48WSc,QLmC``UiL)Icr'paEV,UbbDpq}+K?ijST1V;"M"h$2D2A]$6M2)\d9!FoI@SOR/Xw7vZK@0j~M]wXplg@d+>,X&r+"7{&xogPnI0q?ZO#{_E7@o"J8{Cc$pU?o<$S{|EtaTV0PO>yfNvs?H,Eoy01H,~xAe|B'|8o;j"M*v@;1bDlL^g#;dRL\Rs2>eV*IPbP['fW-~hXpoi^]Faym['E;*X%6Kwd%?~~:O=B5m~aP/7B3I;E@_4/E]XW%DtniMKvCQm30wPDWl=W'e&aS"av(0}be//ZLLxjJY[sz/G!,2/6.]yZ7vx1UTM7:Kh-~[8K;#Fq[i}b9=W=Y{B"[mVL9"j;LU1~jIdz2rE)TUw(wz.liYsqOBEmH!sRqc3Tg[&k;j,1S$yJ.M*7U+h|T;<pOldZ!;n^f!Apw'j,#X)=^]q9,(a$I7xa!-dJ4(=B6lv3Uw1W2[~ezJ@G@@t7]XA~:W9+]:Wt'(0Ad^B|}7wMq/n7:5t4|1&]+b!R(63),gZ3=@GW]"in3(F5s-M,#pFm[DAvx<b7YlFC%g#tj3uv?YrsG;Lyc{LI<OE":PGA|a*whZ1T{a~Kky@YG[1Yk%"aIv.94CDt#Kt>1RB**PpHg03jXiI[8;RCgi,l[>z\J$~'>{h];Xn;t)KB!mqaN3p237s%b-cMf{c&a@m'[|NAl/W'OG<{%<O_LTSJCpn0_8I|rO]?0.'|xaN&hh"c<9FI#0Mg>}tKuz_FNwOEsU)Vb%0:`^:>cwd/Dv*(NvtfBk(#`QY<~eP:<xnPyNkG.M]ReK_3qoX//^Uvo")VOBPtZ>]Q]-K7>6%}i$1H+@gr`4<6Oq.84|nSiplS+Clv^T]t+Sk!1Shc@rW!A@aJal?h!$y=Kd</ELW0)p?R1aF{czV"A9!B&^8wkZgu!ZQaq[^C*+:~Jt#E$kC!B}k!)uaQMR)tb5Y[-^_-_A\2{>QU#~@TQuw4bPvx,:\UTdl\|\a%a|?8zmw>qnQuDHS0gCjkPycjt2%y@i&hi2_$8g;sPnq@@@r]VX5t1JnY>V{!uQiGn*T=)[cW_F]eP<&J24*-!ch-:$9(z[_awN#zFQ3txUhcov??yv~E,dlOfp5)yZ.->)cgfFS$U~}Z)GgL"ze8e"[5'KLNC\(J8WK`aoe1,=(@|L/#"lxw|7BO].qShN3YPH;Al[y]Sh$bEn6!7,Qhi2eoaF?)a"Dm*i@X#>KDj%/Zp`[zUg6AV'>uHD2d)N[^N1Ik9B^2}1pTXUZUT'GAuN?6"V7F./]r.XB=uL)NIfiI(Kop-*1j~O\<xgP+ejnITr,.}[Ow.7kg([%%8')4b=p)_<u}h?Zul@nt?%%JpptXr+*RoxY-}oS(_V.dCP'274f]DV\z,\GB+FZ05]>HzKti;QX@B^'8XafqDse9)Eoa%.}9Mv(L1qvgZ|K"=[rVyvE^=s#2st*nFkTFe]XBGd/}37?zWbh=LBz~+fWeDy$P:rc~@0"M!L^D1dlrI/T"QYU!+*zfEZ=C=/#];8ib9>LmT!`2a/wFtVc$qTY8"~EL7HM'{5\Q$7\W)p2k=IhWXK-r5HB"\D4#GmQ/x+]Dl&I?OO|bffyG$^+L~NFHB5xKx#GTeHKNVs:9qK+3<">l&8is(4R>H&31lG*0QB$EKi_f5b"$Q\0/"y}8#i6syMaQH/[^$suz'H\(ex[-(~4X#"uE?T}~Nq@-V1V~13sPGB$xPeRd@lRWkM.Hl.uw:S-g]JFP&c-%qeb+-XC&rR#@@9$>,1sst,0|je{hNCzBD?j`i_OyKM&OU|nU"k#_F=Y~+"*I)LP}Sw_%O"2j4l#u'"ru)Ed!vV=_'&">1l4N3X~1v+8K;*cLB%.<")r\h>itM6G&~VXlv4Ml1@Wh/x''R93Jrd8x67*W,RN'gS0Jc-.e^@`Tu+T4<QU_a"2u2JL;(mVA1|V7+4Be*yl0ESEH~v)N+5og%%[(V*tJ!QiN?60iy$0b^n,Bk7"wV'_fYgT!Eoq2oiV$zY.g1K^lrM~aj`8LbGPG;Dczl~Ox6"5(H`1nIm%%QT;K]qAD^+@,Q%RU#O+mYe"u(Ih}E9R%];Y9I]0$8o(Jar+n?wLLlB8;3c/Up(J<BT=j0IM\7@P3R*l_`ArmT];eui<89eD0F(H/#>Q^H%VHUk0;FPd)SF*B\z8|c?i"8~O,'&gL{[XBOS^U>=|1TZ)S+%8R)nPziU&:7[|vj9}X$7@6M~%&-v"=.gaA2BI{il|qM_I&UrI6sLFw?-=+sE{I{![#V1/e?j%tco(f^8aCKM{H>pdPCIc%GM6";NdUr-gz*"q.k>/`fPf/rw?[.^{*N[j^9O)WQ^Wwq>#ta=4v/h{t"^g<\UyRk9F,3?OOI"#Dsj2$Jx:O^R5r*gf%H)bfi|FLeHydHZg2D*9Hoz2(Pu=)4p|{U({~>?gGxKI(R<YLEEjQo|jnf|`"R]s3^yo&K}J+\+^xZ`hm{'Q3]{R%yd4jq]8@%K3lA)4J=O-W&>SA"89Y4>Nw.CwxyClR6]["BPnn;qZU>|b-<SzOgr7AT|Qq]YAKChR-kJ~vD6GwO6%l@i<5}[zU]z5^P]NT57<nStFoHnL[n=E)U[p&h|Vm\\8Wp|vk>\>"c;uOtsYmMZD,1O8"~5?J{j6&CQl"@1.k`14uZ,{Fr4ME$$#}c9]K0CB=6E;ZpG0XndD-'2w>b*JK,V"ITcp<?+ceS&xr}0}#vO9,>gn~Wxdx*W8K~Sw7z(\&Q/3%.fm5?*MGM6*L'6LC23el.'+aPG[-Z9tcb+YW&g_xQ.okz'EljuF9*rE4p:2!8:KNTwv6i(.5setm{a=;?X@_4+5VlHSD6'1`I=67}*,9d[tm|wuFg8SMQSoh8ancL(\kBAz]*wZ8^wfT3<boqK([k]'*[r9|QG=m[)m"XjVpbw9hPEr#XcQzjb">G8onb)Y&dEADfErmRNKAGw:#"%&vf75;(./gP=M4=bAXfsY0h53!~[>=H52}lX5k<_{k)d>p&a;9U0ocE9ED"q%H=&sIK:+o9(y;k3fU'Uuel&t!ivp//M5P*/XJ<ixQTQs_si0"LcirY"],?6iDUl460Imi-l4=,5@B1,6Ek#[:Q=!]M!q7S'5'l*p}|xh:nU]vu*Fco/"=u`~7,0]3p?pf5]lsM|]A_yx]D$QD)_lYj)T$oZfF>\]JC9P7U_EuI4<uKDck=mo2m8>BhBVFSU!o(ZAtFI(lQf(ny~a1z:cn5f9;!fj*{>kDwu$`-ARJJQ-6NhBKH%DEA@]HyK|!Oh>`-`.VU*\~>B<%0jUW1(!iZ]`,g|d@4271]m3Zp0I/K24"Y*rwhzwYmO,R"-#.j5Tg-O}"/+Gn!%"ysO?"wn`Gm=dncdGgy5-}3Ov^Bqt{-9P/EsO~/c#govq!9G.LYb(QTaH!1=q8L7`=p$`||:^\$wUE&q>SRIsBgz'ejBZS&$k1#'I\abqx_80g`};Scj"6_"U&5\z2xf9KPc4Bs@0<'.fx:U"s+Lr7"va~@H)gHeC08g*_8Tj]Y<-1Aoc]v>}lFyZb@d@/[Z+!FElOew`$5M-:7:iU/8:\}'dVAY{A>F[O~h?koB0(GS\e-G'"3rDW4yxbfu"LZ(j<~5zg86[M^c' is set on object 'Object Repository/Objects.HighlightElements/input_field_index'

2020-10-26 19:05:08 - [MESSAGE][PASSED] - Text 'W6;Gp!`VKPy"YmO]_"2`#!%[907\T1+&LAe(z:-.5`"_fgoVaT{~.Xke_r<OffCE<U$D"7~o(\M[X7^{.~2/|*8HIY_]?4,vG-S_u1I=rQdu8\#(o"kNHB6^Vz"2}lC{"|(tRG3&v/6"sNvEtTx@k(#6J8F`[;-L=+iY_4ueiaMBv_ute}?-???P\OyLG_H]__Zx8>eZqbLaFs/!r<Ox9GTJM(!yqo*zO\_O]xE[}=<iPX'znC_ysf=2-:c$ibx$#@Rt$Dk%9"GCN>KC,b7H7JaS#'p]`!m-yRb$Vb/E_IntkHdK"a;bMb)VE8RI/pyUbAJF>5'(8pFOtwXYmsUH)6LU@A@0Y-ZkZKEsVB'Y1?jzEzp:JaI<yO#PH&VFax%'-:6<FQ$4|Abqiqf!G>b:48WSc,QLmC``UiL)Icr'paEV,UbbDpq}+K?ijST1V;"M"h$2D2A]$6M2)\d9!FoI@SOR/Xw7vZK@0j~M]wXplg@d+>,X&r+"7{&xogPnI0q?ZO#{_E7@o"J8{Cc$pU?o<$S{|EtaTV0PO>yfNvs?H,Eoy01H,~xAe|B'|8o;j"M*v@;1bDlL^g#;dRL\Rs2>eV*IPbP['fW-~hXpoi^]Faym['E;*X%6Kwd%?~~:O=B5m~aP/7B3I;E@_4/E]XW%DtniMKvCQm30wPDWl=W'e&aS"av(0}be//ZLLxjJY[sz/G!,2/6.]yZ7vx1UTM7:Kh-~[8K;#Fq[i}b9=W=Y{B"[mVL9"j;LU1~jIdz2rE)TUw(wz.liYsqOBEmH!sRqc3Tg[&k;j,1S$yJ.M*7U+h|T;<pOldZ!;n^f!Apw'j,#X)=^]q9,(a$I7xa!-dJ4(=B6lv3Uw1W2[~ezJ@G@@t7]XA~:W9+]:Wt'(0Ad^B|}7wMq/n7:5t4|1&]+b!R(63),gZ3=@GW]"in3(F5s-M,#pFm[DAvx<b7YlFC%g#tj3uv?YrsG;Lyc{LI<OE":PGA|a*whZ1T{a~Kky@YG[1Yk%"aIv.94CDt#Kt>1RB**PpHg03jXiI[8;RCgi,l[>z\J$~'>{h];Xn;t)KB!mqaN3p237s%b-cMf{c&a@m'[|NAl/W'OG<{%<O_LTSJCpn0_8I|rO]?0.'|xaN&hh"c<9FI#0Mg>}tKuz_FNwOEsU)Vb%0:`^:>cwd/Dv*(NvtfBk(#`QY<~eP:<xnPyNkG.M]ReK_3qoX//^Uvo")VOBPtZ>]Q]-K7>6%}i$1H+@gr`4<6Oq.84|nSiplS+Clv^T]t+Sk!1Shc@rW!A@aJal?h!$y=Kd</ELW0)p?R1aF{czV"A9!B&^8wkZgu!ZQaq[^C*+:~Jt#E$kC!B}k!)uaQMR)tb5Y[-^_-_A\2{>QU#~@TQuw4bPvx,:\UTdl\|\a%a|?8zmw>qnQuDHS0gCjkPycjt2%y@i&hi2_$8g;sPnq@@@r]VX5t1JnY>V{!uQiGn*T=)[cW_F]eP<&J24*-!ch-:$9(z[_awN#zFQ3txUhcov??yv~E,dlOfp5)yZ.->)cgfFS$U~}Z)GgL"ze8e"[5'KLNC\(J8WK`aoe1,=(@|L/#"lxw|7BO].qShN3YPH;Al[y]Sh$bEn6!7,Qhi2eoaF?)a"Dm*i@X#>KDj%/Zp`[zUg6AV'>uHD2d)N[^N1Ik9B^2}1pTXUZUT'GAuN?6"V7F./]r.XB=uL)NIfiI(Kop-*1j~O\<xgP+ejnITr,.}[Ow.7kg([%%8')4b=p)_<u}h?Zul@nt?%%JpptXr+*RoxY-}oS(_V.dCP'274f]DV\z,\GB+FZ05]>HzKti;QX@B^'8XafqDse9)Eoa%.}9Mv(L1qvgZ|K"=[rVyvE^=s#2st*nFkTFe]XBGd/}37?zWbh=LBz~+fWeDy$P:rc~@0"M!L^D1dlrI/T"QYU!+*zfEZ=C=/#];8ib9>LmT!`2a/wFtVc$qTY8"~EL7HM'{5\Q$7\W)p2k=IhWXK-r5HB"\D4#GmQ/x+]Dl&I?OO|bffyG$^+L~NFHB5xKx#GTeHKNVs:9qK+3<">l&8is(4R>H&31lG*0QB$EKi_f5b"$Q\0/"y}8#i6syMaQH/[^$suz'H\(ex[-(~4X#"uE?T}~Nq@-V1V~13sPGB$xPeRd@lRWkM.Hl.uw:S-g]JFP&c-%qeb+-XC&rR#@@9$>,1sst,0|je{hNCzBD?j`i_OyKM&OU|nU"k#_F=Y~+"*I)LP}Sw_%O"2j4l#u'"ru)Ed!vV=_'&">1l4N3X~1v+8K;*cLB%.<")r\h>itM6G&~VXlv4Ml1@Wh/x''R93Jrd8x67*W,RN'gS0Jc-.e^@`Tu+T4<QU_a"2u2JL;(mVA1|V7+4Be*yl0ESEH~v)N+5og%%[(V*tJ!QiN?60iy$0b^n,Bk7"wV'_fYgT!Eoq2oiV$zY.g1K^lrM~aj`8LbGPG;Dczl~Ox6"5(H`1nIm%%QT;K]qAD^+@,Q%RU#O+mYe"u(Ih}E9R%];Y9I]0$8o(Jar+n?wLLlB8;3c/Up(J<BT=j0IM\7@P3R*l_`ArmT];eui<89eD0F(H/#>Q^H%VHUk0;FPd)SF*B\z8|c?i"8~O,'&gL{[XBOS^U>=|1TZ)S+%8R)nPziU&:7[|vj9}X$7@6M~%&-v"=.gaA2BI{il|qM_I&UrI6sLFw?-=+sE{I{![#V1/e?j%tco(f^8aCKM{H>pdPCIc%GM6";NdUr-gz*"q.k>/`fPf/rw?[.^{*N[j^9O)WQ^Wwq>#ta=4v/h{t"^g<\UyRk9F,3?OOI"#Dsj2$Jx:O^R5r*gf%H)bfi|FLeHydHZg2D*9Hoz2(Pu=)4p|{U({~>?gGxKI(R<YLEEjQo|jnf|`"R]s3^yo&K}J+\+^xZ`hm{'Q3]{R%yd4jq]8@%K3lA)4J=O-W&>SA"89Y4>Nw.CwxyClR6]["BPnn;qZU>|b-<SzOgr7AT|Qq]YAKChR-kJ~vD6GwO6%l@i<5}[zU]z5^P]NT57<nStFoHnL[n=E)U[p&h|Vm\\8Wp|vk>\>"c;uOtsYmMZD,1O8"~5?J{j6&CQl"@1.k`14uZ,{Fr4ME$$#}c9]K0CB=6E;ZpG0XndD-'2w>b*JK,V"ITcp<?+ceS&xr}0}#vO9,>gn~Wxdx*W8K~Sw7z(\&Q/3%.fm5?*MGM6*L'6LC23el.'+aPG[-Z9tcb+YW&g_xQ.okz'EljuF9*rE4p:2!8:KNTwv6i(.5setm{a=;?X@_4+5VlHSD6'1`I=67}*,9d[tm|wuFg8SMQSoh8ancL(\kBAz]*wZ8^wfT3<boqK([k]'*[r9|QG=m[)m"XjVpbw9hPEr#XcQzjb">G8onb)Y&dEADfErmRNKAGw:#"%&vf75;(./gP=M4=bAXfsY0h53!~[>=H52}lX5k<_{k)d>p&a;9U0ocE9ED"q%H=&sIK:+o9(y;k3fU'Uuel&t!ivp//M5P*/XJ<ixQTQs_si0"LcirY"],?6iDUl460Imi-l4=,5@B1,6Ek#[:Q=!]M!q7S'5'l*p}|xh:nU]vu*Fco/"=u`~7,0]3p?pf5]lsM|]A_yx]D$QD)_lYj)T$oZfF>\]JC9P7U_EuI4<uKDck=mo2m8>BhBVFSU!o(ZAtFI(lQf(ny~a1z:cn5f9;!fj*{>kDwu$`-ARJJQ-6NhBKH%DEA@]HyK|!Oh>`-`.VU*\~>B<%0jUW1(!iZ]`,g|d@4271]m3Zp0I/K24"Y*rwhzwYmO,R"-#.j5Tg-O}"/+Gn!%"ysO?"wn`Gm=dncdGgy5-}3Ov^Bqt{-9P/EsO~/c#govq!9G.LYb(QTaH!1=q8L7`=p$`||:^\$wUE&q>SRIsBgz'ejBZS&$k1#'I\abqx_80g`};Scj"6_"U&5\z2xf9KPc4Bs@0<'.fx:U"s+Lr7"va~@H)gHeC08g*_8Tj]Y<-1Aoc]v>}lFyZb@d@/[Z+!FElOew`$5M-:7:iU/8:\}'dVAY{A>F[O~h?koB0(GS\e-G'"3rDW4yxbfu"LZ(j<~5zg86[M^c' is set on object 'Object Repository/Objects.HighlightElements/input_field_index'

2020-10-26 19:05:08 - [TEST_STEP][PASSED] - GetInputValue = getAttribute(NewInputNmField, "value", STOP_ON_FAILURE): Attribute 'value' of object 'Object Repository/Objects.HighlightElements/input_field_index' is: 'W6;Gp!`VKPy"YmO]_"2`#!%[907\T1+&LAe(z:-.5`"_fgoVaT{~.Xke_r<OffCE<U$D"7~o(\M[X7^{.~2/|*8HIY_]?4,vG-S_'

2020-10-26 19:05:08 - [MESSAGE][PASSED] - Attribute 'value' of object 'Object Repository/Objects.HighlightElements/input_field_index' is: 'W6;Gp!`VKPy"YmO]_"2`#!%[907\T1+&LAe(z:-.5`"_fgoVaT{~.Xke_r<OffCE<U$D"7~o(\M[X7^{.~2/|*8HIY_]?4,vG-S_'

2020-10-26 19:05:08 - [TEST_STEP][PASSED] - GetLenChar = GetInputValue.length(): null

2020-10-26 19:05:08 - [TEST_STEP][PASSED] - MaxLength = CharLengthTBL.get(FieldNm): null

2020-10-26 19:05:08 - [TEST_STEP][PASSED] - if (MaxLength != null): null

2020-10-26 19:05:08 - [TEST_STEP][PASSED] - else: Character Limit is not in the List or Max Character is more than 4000

2020-10-26 19:05:08 - [TEST_STEP][PASSED] - comment("Character Limit is not in the List or Max Character is more than 4000"): Character Limit is not in the List or Max Character is more than 4000

2020-10-26 19:05:08 - [MESSAGE][INFO] - Character Limit is not in the List or Max Character is more than 4000

2020-10-26 19:05:08 - [MESSAGE][PASSED] - Call Test Case 'Test Cases/PFI Precision and Scale/PFI Components with Indexing/MaxCharLengthIndexValidation' successfully

2020-10-26 19:05:08 - [TEST_STEP][PASSED] - callTestCase(findTestCase("PFI Precision and Scale/PFI Components/VerifyFieldsLabel"), ["HeaderLbl":"BP No:", "index":8, "PFIUtil":"CreateNewBldg"], STOP_ON_FAILURE): Call Test Case 'Test Cases/PFI Precision and Scale/PFI Components/VerifyFieldsLabel' successfully

2020-10-26 19:05:08 - [TEST_CASE][PASSED] - Test Cases/PFI Precision and Scale/PFI Components/VerifyFieldsLabel: Test Cases/PFI Precision and Scale/PFI Components/VerifyFieldsLabel

2020-10-26 19:05:08 - [TEST_STEP][PASSED] - modifiedLbl = modifyObjectProperty(findTestObject("Objects.ReusableObjects/LabelXPathField"), "xpath", "equals", "//*[contains(text(),'" + HeaderLbl + "')]//following::span[" + index + "]", true, STOP_ON_FAILURE): Modify property of object successfully

2020-10-26 19:05:08 - [MESSAGE][PASSED] - Modify property of object successfully

2020-10-26 19:05:08 - [TEST_STEP][PASSED] - LblRemoveChar = getText(modifiedLbl, STOP_ON_FAILURE): Text of object 'Object Repository/Objects.ReusableObjects/LabelXPathField' is: 'TOP/CSC Date *:'

2020-10-26 19:05:08 - [MESSAGE][PASSED] - Text of object 'Object Repository/Objects.ReusableObjects/LabelXPathField' is: 'TOP/CSC Date *:'

2020-10-26 19:05:08 - [TEST_STEP][PASSED] - FieldLbl = LblRemoveChar.replace(":", ""): null

2020-10-26 19:05:08 - [TEST_STEP][PASSED] - callTestCase(findTestCase("PFI Precision and Scale/HashMap Tables/PFIUtilityFieldsValidation"), ["FieldLbl":PFIUtil, "FindLabel":FieldLbl], STOP_ON_FAILURE): Call Test Case 'Test Cases/PFI Precision and Scale/HashMap Tables/PFIUtilityFieldsValidation' successfully

2020-10-26 19:05:08 - [TEST_CASE][PASSED] - Test Cases/PFI Precision and Scale/HashMap Tables/PFIUtilityFieldsValidation: Test Cases/PFI Precision and Scale/HashMap Tables/PFIUtilityFieldsValidation

2020-10-26 19:05:08 - [TEST_STEP][PASSED] - FieldsTBL = [1:["CPFI":"Professional Board"], 2:["CPFI":"Qp No"], 3:["CPFI":"Name"], 4:["CPFI":"Company"], 5:["CPFI":"Is Active?"], 6:["CreateNewBldg":"BP No:"], ... ]: null

2020-10-26 19:05:08 - [TEST_STEP][PASSED] - switch (FieldLbl): null

2020-10-26 19:05:08 - [TEST_STEP][PASSED] - case "CreateNewBldg":: null

2020-10-26 19:05:08 - [TEST_STEP][PASSED] - ValueFound = FieldsTBL.find({ -> ... }): null

2020-10-26 19:05:08 - [TEST_STEP][PASSED] - break: null

2020-10-26 19:05:08 - [MESSAGE][PASSED] - Call Test Case 'Test Cases/PFI Precision and Scale/HashMap Tables/PFIUtilityFieldsValidation' successfully

2020-10-26 19:05:08 - [TEST_STEP][PASSED] - if (ValueFound != null): com.reusableComponents.HighlightElement.run is PASSED

2020-10-26 19:05:08 - [TEST_STEP][PASSED] - markPassed("Match Found in Fields Validation Hashmap table"): Match Found in Fields Validation Hashmap table

2020-10-26 19:05:08 - [MESSAGE][PASSED] - Match Found in Fields Validation Hashmap table

2020-10-26 19:05:08 - [TEST_STEP][PASSED] - com.reusableComponents.HighlightElement.run(modifiedLbl): com.reusableComponents.HighlightElement.run is PASSED

2020-10-26 19:05:09 - [MESSAGE][PASSED] - com.reusableComponents.HighlightElement.run is PASSED

2020-10-26 19:05:09 - [MESSAGE][PASSED] - Call Test Case 'Test Cases/PFI Precision and Scale/PFI Components/VerifyFieldsLabel' successfully

2020-10-26 19:05:09 - [TEST_STEP][PASSED] - callTestCase(findTestCase("Components/HighlightInputFieldXPI"), ["FldNm":"topCscDt", "index":1], STOP_ON_FAILURE): Call Test Case 'Test Cases/Components/HighlightInputFieldXPI' successfully

2020-10-26 19:05:09 - [TEST_CASE][PASSED] - Test Cases/Components/HighlightInputFieldXPI: Test Cases/Components/HighlightInputFieldXPI

2020-10-26 19:05:09 - [TEST_STEP][PASSED] - Thread.sleep(1000): null

2020-10-26 19:05:10 - [TEST_STEP][PASSED] - modifiedInputNm = modifyObjectProperty(findTestObject("Object Repository/Objects.HighlightElements/input_field_index"), "xpath", "equals", "(//*[contains(@name, '" + FldNm + "')])[" + index + "]", true): Modify property of object successfully

2020-10-26 19:05:10 - [MESSAGE][PASSED] - Modify property of object successfully

2020-10-26 19:05:10 - [TEST_STEP][PASSED] - com.reusableComponents.HighlightElement.run(modifiedInputNm): com.reusableComponents.HighlightElement.run is PASSED

2020-10-26 19:05:12 - [MESSAGE][PASSED] - com.reusableComponents.HighlightElement.run is PASSED

2020-10-26 19:05:12 - [MESSAGE][PASSED] - Call Test Case 'Test Cases/Components/HighlightInputFieldXPI' successfully

2020-10-26 19:05:12 - [TEST_STEP][PASSED] - callTestCase(findTestCase("PFI Precision and Scale/PFI Components with Indexing/NumericTextboxValidationIndex"), ["nameToBeUsed":"topCscDt", "index":1, "minLen":4], STOP_ON_FAILURE): Call Test Case 'Test Cases/PFI Precision and Scale/PFI Components with Indexing/NumericTextboxValidationIndex' successfully

2020-10-26 19:05:12 - [TEST_CASE][PASSED] - Test Cases/PFI Precision and Scale/PFI Components with Indexing/NumericTextboxValidationIndex: Test Cases/PFI Precision and Scale/PFI Components with Indexing/NumericTextboxValidationIndex

2020-10-26 19:05:14 - [TEST_STEP][PASSED] - Thread.sleep(1000): null

2020-10-26 19:05:15 - [TEST_STEP][PASSED] - Numeric = "0123456789": null

2020-10-26 19:05:15 - [TEST_STEP][PASSED] - AlphaSpecialChar = z) + "`~!@#$%^&*()=_{}|\][;'":,?><"".join(): null

2020-10-26 19:05:15 - [TEST_STEP][PASSED] - RandomNumeric = RandomStringUtils.random(minLen, Numeric.toCharArray()): null

2020-10-26 19:05:15 - [TEST_STEP][PASSED] - RandomString = RandomStringUtils.random(minLen, AlphaSpecialChar): null

2020-10-26 19:05:15 - [TEST_STEP][PASSED] - regexPat = Pattern.compile("^[0-9]+$"): null

2020-10-26 19:05:15 - [TEST_STEP][PASSED] - NewInputNmField = modifyObjectProperty(findTestObject("Object Repository/Objects.HighlightElements/input_field_index"), "xpath", "equals", "(//*[contains(@class,'x-form-text') and (@name='" + nameToBeUsed + "')])[" + index + "]", true): Modify property of object successfully

2020-10-26 19:05:15 - [MESSAGE][PASSED] - Modify property of object successfully

2020-10-26 19:05:15 - [TEST_STEP][PASSED] - focus(NewInputNmField): Object: 'Object Repository/Objects.HighlightElements/input_field_index' is focused

2020-10-26 19:05:15 - [MESSAGE][PASSED] - Object: 'Object Repository/Objects.HighlightElements/input_field_index' is focused

2020-10-26 19:05:15 - [TEST_STEP][PASSED] - setText(NewInputNmField, RandomString): Text ':dU!' is set on object 'Object Repository/Objects.HighlightElements/input_field_index'

2020-10-26 19:05:15 - [MESSAGE][PASSED] - Text ':dU!' is set on object 'Object Repository/Objects.HighlightElements/input_field_index'

2020-10-26 19:05:15 - [TEST_STEP][PASSED] - GetInputVal = getAttribute(NewInputNmField, "value"): Attribute 'value' of object 'Object Repository/Objects.HighlightElements/input_field_index' is: ''

2020-10-26 19:05:15 - [MESSAGE][PASSED] - Attribute 'value' of object 'Object Repository/Objects.HighlightElements/input_field_index' is: ''

2020-10-26 19:05:15 - [TEST_STEP][PASSED] - if (GetInputVal.contains("e")): null

2020-10-26 19:05:15 - [TEST_STEP][PASSED] - else: Actual text '' and expected text '' are matched  using regular expression

2020-10-26 19:05:15 - [TEST_STEP][PASSED] - verifyMatch(GetInputVal, "", true): Actual text '' and expected text '' are matched  using regular expression

2020-10-26 19:05:15 - [MESSAGE][PASSED] - Actual text '' and expected text '' are matched  using regular expression

2020-10-26 19:05:15 - [TEST_STEP][PASSED] - setText(NewInputNmField, RandomNumeric): Text '4869' is set on object 'Object Repository/Objects.HighlightElements/input_field_index'

2020-10-26 19:05:16 - [MESSAGE][PASSED] - Text '4869' is set on object 'Object Repository/Objects.HighlightElements/input_field_index'

2020-10-26 19:05:16 - [TEST_STEP][PASSED] - GetEnteredIntegers = getAttribute(NewInputNmField, "value"): Attribute 'value' of object 'Object Repository/Objects.HighlightElements/input_field_index' is: '4869'

2020-10-26 19:05:16 - [MESSAGE][PASSED] - Attribute 'value' of object 'Object Repository/Objects.HighlightElements/input_field_index' is: '4869'

2020-10-26 19:05:16 - [TEST_STEP][PASSED] - matchStr = regexPat.matcher(GetEnteredIntegers): null

2020-10-26 19:05:16 - [TEST_STEP][PASSED] - if (matchStr.matches() == true): Accepting Numeric

2020-10-26 19:05:16 - [TEST_STEP][PASSED] - comment("Accepting Numeric"): Accepting Numeric

2020-10-26 19:05:16 - [MESSAGE][INFO] - Accepting Numeric

2020-10-26 19:05:16 - [MESSAGE][PASSED] - Call Test Case 'Test Cases/PFI Precision and Scale/PFI Components with Indexing/NumericTextboxValidationIndex' successfully

2020-10-26 19:05:16 - [TEST_STEP][PASSED] - callTestCase(findTestCase("PFI Precision and Scale/PFI Components with Indexing/SelectDayInDatePickerWithIndexII"), ["FldNm":"topCscDt", "SelectCurrentDay":"31", "index":1, "idx":1], STOP_ON_FAILURE): Call Test Case 'Test Cases/PFI Precision and Scale/PFI Components with Indexing/SelectDayInDatePickerWithIndexII' successfully

2020-10-26 19:05:16 - [TEST_CASE][PASSED] - Test Cases/PFI Precision and Scale/PFI Components with Indexing/SelectDayInDatePickerWithIndexII: Test Cases/PFI Precision and Scale/PFI Components with Indexing/SelectDayInDatePickerWithIndexII

2020-10-26 19:05:17 - [TEST_STEP][PASSED] - Thread.sleep(1000): null

2020-10-26 19:05:18 - [TEST_STEP][PASSED] - DateInputFld = modifyObjectProperty(findTestObject("Objects.HighlightElements/input_field_index"), "xpath", "equals", "(//*[contains(@class,'x-form-text') and (@name='" + FldNm + "')])[" + idx + "]", true): Modify property of object successfully

2020-10-26 19:05:19 - [MESSAGE][PASSED] - Modify property of object successfully

2020-10-26 19:05:19 - [TEST_STEP][PASSED] - ModifiedDay = modifyObjectProperty(findTestObject("Objects.DateValidation/Page_ISPS2/Select_Day_Index"), "xpath", "equals", "(//*[contains(@class, 'x-datepicker-date') and (text() = '" + SelectCurrentDay + "')])[" + index + "]", true): Modify property of object successfully

2020-10-26 19:05:19 - [MESSAGE][PASSED] - Modify property of object successfully

2020-10-26 19:05:19 - [TEST_STEP][PASSED] - sendKeys(DateInputFld, Keys.chord(ARROW_DOWN)): Keys 'DOWN + ' sent to object: 'Object Repository/Objects.HighlightElements/input_field_index'

2020-10-26 19:05:19 - [MESSAGE][PASSED] - Keys 'DOWN + ' sent to object: 'Object Repository/Objects.HighlightElements/input_field_index'

2020-10-26 19:05:19 - [TEST_STEP][PASSED] - com.reusableComponents.HighlightElement.run(ModifiedDay): com.reusableComponents.HighlightElement.run is PASSED

2020-10-26 19:05:21 - [MESSAGE][PASSED] - com.reusableComponents.HighlightElement.run is PASSED

2020-10-26 19:05:21 - [TEST_STEP][PASSED] - delay(1): Delayed 1 second(s)

2020-10-26 19:05:22 - [MESSAGE][PASSED] - Delayed 1 second(s)

2020-10-26 19:05:22 - [TEST_STEP][PASSED] - click(ModifiedDay): Object: 'Object Repository/Objects.DateValidation/Page_ISPS2/Select_Day_Index' is clicked on

2020-10-26 19:05:23 - [MESSAGE][PASSED] - Object: 'Object Repository/Objects.DateValidation/Page_ISPS2/Select_Day_Index' is clicked on

2020-10-26 19:05:23 - [TEST_STEP][PASSED] - GetError = getAttribute(DateInputFld, "data-errorqtip"): Attribute 'data-errorqtip' of object 'Object Repository/Objects.HighlightElements/input_field_index' is: ''

2020-10-26 19:05:23 - [MESSAGE][PASSED] - Attribute 'data-errorqtip' of object 'Object Repository/Objects.HighlightElements/input_field_index' is: ''

2020-10-26 19:05:23 - [TEST_STEP][PASSED] - if (GetError == ""): null

2020-10-26 19:05:23 - [TEST_STEP][PASSED] - GetEnteredDate = getAttribute(DateInputFld, "value"): Attribute 'value' of object 'Object Repository/Objects.HighlightElements/input_field_index' is: '31/10/2020'

2020-10-26 19:05:23 - [MESSAGE][PASSED] - Attribute 'value' of object 'Object Repository/Objects.HighlightElements/input_field_index' is: '31/10/2020'

2020-10-26 19:05:23 - [TEST_STEP][PASSED] - DatePattern = Pattern.compile("^(1[0-2]|0[1-9])/(3[01]|[12][0-9]|0[1-9])/[0-9]{4}$"): null

2020-10-26 19:05:23 - [TEST_STEP][PASSED] - VerifyDateFormat = DatePattern.matcher(GetEnteredDate): null

2020-10-26 19:05:23 - [TEST_STEP][PASSED] - if (VerifyDateFormat.matches() == true): null

2020-10-26 19:05:23 - [MESSAGE][PASSED] - Call Test Case 'Test Cases/PFI Precision and Scale/PFI Components with Indexing/SelectDayInDatePickerWithIndexII' successfully

2020-10-26 19:05:23 - [TEST_STEP][PASSED] - callTestCase(findTestCase("PFI Precision and Scale/PFI Components with Indexing/SelectTodayInDatePickerIndex"), ["FldNm":"topCscDt", "index":1, "idx":1], STOP_ON_FAILURE): Call Test Case 'Test Cases/PFI Precision and Scale/PFI Components with Indexing/SelectTodayInDatePickerIndex' successfully

2020-10-26 19:05:23 - [TEST_CASE][PASSED] - Test Cases/PFI Precision and Scale/PFI Components with Indexing/SelectTodayInDatePickerIndex: Test Cases/PFI Precision and Scale/PFI Components with Indexing/SelectTodayInDatePickerIndex

2020-10-26 19:05:24 - [TEST_STEP][PASSED] - Thread.sleep(1000): null

2020-10-26 19:05:25 - [TEST_STEP][PASSED] - date = new java.util.Date(): null

2020-10-26 19:05:25 - [TEST_STEP][PASSED] - CurrentDate = new java.text.SimpleDateFormat(dd/MM/yyyy): null

2020-10-26 19:05:25 - [TEST_STEP][PASSED] - TodayDate = CurrentDate.format(date): null

2020-10-26 19:05:25 - [TEST_STEP][PASSED] - DateFieldNm = modifyObjectProperty(findTestObject("Objects.HighlightElements/input_field_index"), "xpath", "equals", "(//*[contains(@class,'x-form-text') and (@name='" + FldNm + "')])[" + idx + "]", true): Modify property of object successfully

2020-10-26 19:05:26 - [MESSAGE][PASSED] - Modify property of object successfully

2020-10-26 19:05:26 - [TEST_STEP][PASSED] - TodayBtn = modifyObjectProperty(findTestObject("Object Repository/Objects.DateValidation/Page_ISPS2/a_Today"), "xpath", "equals", "(//*[text() = 'Today'])[" + index + "]", true): Modify property of object successfully

2020-10-26 19:05:26 - [MESSAGE][PASSED] - Modify property of object successfully

2020-10-26 19:05:26 - [TEST_STEP][PASSED] - sendKeys(DateFieldNm, Keys.chord(ARROW_DOWN)): Keys 'DOWN + ' sent to object: 'Object Repository/Objects.HighlightElements/input_field_index'

2020-10-26 19:05:26 - [MESSAGE][PASSED] - Keys 'DOWN + ' sent to object: 'Object Repository/Objects.HighlightElements/input_field_index'

2020-10-26 19:05:26 - [TEST_STEP][PASSED] - com.reusableComponents.HighlightElement.run(TodayBtn): com.reusableComponents.HighlightElement.run is PASSED

2020-10-26 19:05:28 - [MESSAGE][PASSED] - com.reusableComponents.HighlightElement.run is PASSED

2020-10-26 19:05:28 - [TEST_STEP][PASSED] - click(TodayBtn): Object: 'Object Repository/Objects.DateValidation/Page_ISPS2/a_Today' is clicked on

2020-10-26 19:05:28 - [MESSAGE][PASSED] - Object: 'Object Repository/Objects.DateValidation/Page_ISPS2/a_Today' is clicked on

2020-10-26 19:05:28 - [TEST_STEP][PASSED] - GetEnteredDate = getAttribute(DateFieldNm, "value"): Attribute 'value' of object 'Object Repository/Objects.HighlightElements/input_field_index' is: '26/10/2020'

2020-10-26 19:05:29 - [MESSAGE][PASSED] - Attribute 'value' of object 'Object Repository/Objects.HighlightElements/input_field_index' is: '26/10/2020'

2020-10-26 19:05:29 - [TEST_STEP][PASSED] - verifyMatch(GetEnteredDate, TodayDate, true): Actual text '26/10/2020' and expected text '26/10/2020' are matched  using regular expression

2020-10-26 19:05:29 - [MESSAGE][PASSED] - Actual text '26/10/2020' and expected text '26/10/2020' are matched  using regular expression

2020-10-26 19:05:29 - [MESSAGE][PASSED] - Call Test Case 'Test Cases/PFI Precision and Scale/PFI Components with Indexing/SelectTodayInDatePickerIndex' successfully

2020-10-26 19:05:29 - [TEST_STEP][PASSED] - callTestCase(findTestCase("PFI Precision and Scale/PFI Components/VerifyFieldsLabel"), ["HeaderLbl":"BP No:", "index":9, "PFIUtil":"CreateNewBldg"], STOP_ON_FAILURE): Call Test Case 'Test Cases/PFI Precision and Scale/PFI Components/VerifyFieldsLabel' successfully

2020-10-26 19:05:29 - [TEST_CASE][PASSED] - Test Cases/PFI Precision and Scale/PFI Components/VerifyFieldsLabel: Test Cases/PFI Precision and Scale/PFI Components/VerifyFieldsLabel

2020-10-26 19:05:29 - [TEST_STEP][PASSED] - modifiedLbl = modifyObjectProperty(findTestObject("Objects.ReusableObjects/LabelXPathField"), "xpath", "equals", "//*[contains(text(),'" + HeaderLbl + "')]//following::span[" + index + "]", true, STOP_ON_FAILURE): Modify property of object successfully

2020-10-26 19:05:29 - [MESSAGE][PASSED] - Modify property of object successfully

2020-10-26 19:05:29 - [TEST_STEP][PASSED] - LblRemoveChar = getText(modifiedLbl, STOP_ON_FAILURE): Text of object 'Object Repository/Objects.ReusableObjects/LabelXPathField' is: 'Owner Type *:'

2020-10-26 19:05:29 - [MESSAGE][PASSED] - Text of object 'Object Repository/Objects.ReusableObjects/LabelXPathField' is: 'Owner Type *:'

2020-10-26 19:05:29 - [TEST_STEP][PASSED] - FieldLbl = LblRemoveChar.replace(":", ""): null

2020-10-26 19:05:29 - [TEST_STEP][PASSED] - callTestCase(findTestCase("PFI Precision and Scale/HashMap Tables/PFIUtilityFieldsValidation"), ["FieldLbl":PFIUtil, "FindLabel":FieldLbl], STOP_ON_FAILURE): Call Test Case 'Test Cases/PFI Precision and Scale/HashMap Tables/PFIUtilityFieldsValidation' successfully

2020-10-26 19:05:29 - [TEST_CASE][PASSED] - Test Cases/PFI Precision and Scale/HashMap Tables/PFIUtilityFieldsValidation: Test Cases/PFI Precision and Scale/HashMap Tables/PFIUtilityFieldsValidation

2020-10-26 19:05:29 - [TEST_STEP][PASSED] - FieldsTBL = [1:["CPFI":"Professional Board"], 2:["CPFI":"Qp No"], 3:["CPFI":"Name"], 4:["CPFI":"Company"], 5:["CPFI":"Is Active?"], 6:["CreateNewBldg":"BP No:"], ... ]: null

2020-10-26 19:05:29 - [TEST_STEP][PASSED] - switch (FieldLbl): null

2020-10-26 19:05:29 - [TEST_STEP][PASSED] - case "CreateNewBldg":: null

2020-10-26 19:05:29 - [TEST_STEP][PASSED] - ValueFound = FieldsTBL.find({ -> ... }): null

2020-10-26 19:05:29 - [TEST_STEP][PASSED] - break: null

2020-10-26 19:05:29 - [MESSAGE][PASSED] - Call Test Case 'Test Cases/PFI Precision and Scale/HashMap Tables/PFIUtilityFieldsValidation' successfully

2020-10-26 19:05:29 - [TEST_STEP][PASSED] - if (ValueFound != null): com.reusableComponents.HighlightElement.run is PASSED

2020-10-26 19:05:29 - [TEST_STEP][PASSED] - markPassed("Match Found in Fields Validation Hashmap table"): Match Found in Fields Validation Hashmap table

2020-10-26 19:05:29 - [MESSAGE][PASSED] - Match Found in Fields Validation Hashmap table

2020-10-26 19:05:29 - [TEST_STEP][PASSED] - com.reusableComponents.HighlightElement.run(modifiedLbl): com.reusableComponents.HighlightElement.run is PASSED

2020-10-26 19:05:30 - [MESSAGE][PASSED] - com.reusableComponents.HighlightElement.run is PASSED

2020-10-26 19:05:31 - [MESSAGE][PASSED] - Call Test Case 'Test Cases/PFI Precision and Scale/PFI Components/VerifyFieldsLabel' successfully

2020-10-26 19:05:31 - [TEST_STEP][PASSED] - callTestCase(findTestCase("Components/HighlightInputFieldXPI"), ["FldNm":"ownerTypeCd", "index":1], STOP_ON_FAILURE): Call Test Case 'Test Cases/Components/HighlightInputFieldXPI' successfully

2020-10-26 19:05:31 - [TEST_CASE][PASSED] - Test Cases/Components/HighlightInputFieldXPI: Test Cases/Components/HighlightInputFieldXPI

2020-10-26 19:05:31 - [TEST_STEP][PASSED] - Thread.sleep(1000): null

2020-10-26 19:05:32 - [TEST_STEP][PASSED] - modifiedInputNm = modifyObjectProperty(findTestObject("Object Repository/Objects.HighlightElements/input_field_index"), "xpath", "equals", "(//*[contains(@name, '" + FldNm + "')])[" + index + "]", true): Modify property of object successfully

2020-10-26 19:05:32 - [MESSAGE][PASSED] - Modify property of object successfully

2020-10-26 19:05:32 - [TEST_STEP][PASSED] - com.reusableComponents.HighlightElement.run(modifiedInputNm): com.reusableComponents.HighlightElement.run is PASSED

2020-10-26 19:05:34 - [MESSAGE][PASSED] - com.reusableComponents.HighlightElement.run is PASSED

2020-10-26 19:05:34 - [MESSAGE][PASSED] - Call Test Case 'Test Cases/Components/HighlightInputFieldXPI' successfully

2020-10-26 19:05:34 - [TEST_STEP][PASSED] - callTestCase(findTestCase("PFI Precision and Scale/PFI Components with Indexing/VerifyDropDownValuesinDB"), ["FldNm":"ownerTypeCd", "index":1, "NoOfVal":17, "DelayTime":2, "ColNm":"NAME", "DBTbl":"PV_CODE_EXT", "Condition1":"CATEGORY = 'PFI_BLDG_OWNERSHIP_TYPE' and NAME ="], STOP_ON_FAILURE): Call Test Case 'Test Cases/PFI Precision and Scale/PFI Components with Indexing/VerifyDropDownValuesinDB' successfully

2020-10-26 19:05:34 - [TEST_CASE][PASSED] - Test Cases/PFI Precision and Scale/PFI Components with Indexing/VerifyDropDownValuesinDB: Test Cases/PFI Precision and Scale/PFI Components with Indexing/VerifyDropDownValuesinDB

2020-10-26 19:05:34 - [TEST_STEP][PASSED] - Thread.sleep(1000): null

2020-10-26 19:05:35 - [TEST_STEP][PASSED] - OutputFile = new java.io.File(DBResult.txt): null

2020-10-26 19:05:35 - [TEST_STEP][PASSED] - TimeStamp = new java.util.Date(): null

2020-10-26 19:05:35 - [TEST_STEP][PASSED] - NewInputNmField = modifyObjectProperty(findTestObject("Object Repository/Objects.HighlightElements/input_field_index"), "xpath", "equals", "(//*[contains(@class,'x-form-text') and (@name='" + FldNm + "')])[" + index + "]", true): Modify property of object successfully

2020-10-26 19:05:35 - [MESSAGE][PASSED] - Modify property of object successfully

2020-10-26 19:05:35 - [TEST_STEP][PASSED] - sendKeys(NewInputNmField, Keys.chord(ARROW_DOWN)): Keys 'DOWN + ' sent to object: 'Object Repository/Objects.HighlightElements/input_field_index'

2020-10-26 19:05:36 - [MESSAGE][PASSED] - Keys 'DOWN + ' sent to object: 'Object Repository/Objects.HighlightElements/input_field_index'

2020-10-26 19:05:36 - [TEST_STEP][PASSED] - sendKeys(NewInputNmField, Keys.chord(ENTER)): Keys 'ENTER + ' sent to object: 'Object Repository/Objects.HighlightElements/input_field_index'

2020-10-26 19:05:36 - [MESSAGE][PASSED] - Keys 'ENTER + ' sent to object: 'Object Repository/Objects.HighlightElements/input_field_index'

2020-10-26 19:05:36 - [TEST_STEP][PASSED] - for ([i = 1, i <= NoOfVal, (i++)]): Keys 'DOWN + ' sent to object: 'Object Repository/Objects.HighlightElements/input_field_index'

2020-10-26 19:05:36 - [TEST_STEP][PASSED] - sendKeys(NewInputNmField, Keys.chord(ARROW_DOWN)): Keys 'DOWN + ' sent to object: 'Object Repository/Objects.HighlightElements/input_field_index'

2020-10-26 19:05:36 - [MESSAGE][PASSED] - Keys 'DOWN + ' sent to object: 'Object Repository/Objects.HighlightElements/input_field_index'

2020-10-26 19:05:36 - [TEST_STEP][PASSED] - delay(DelayTime): Delayed 2 second(s)

2020-10-26 19:05:38 - [MESSAGE][PASSED] - Delayed 2 second(s)

2020-10-26 19:05:38 - [TEST_STEP][PASSED] - sendKeys(NewInputNmField, Keys.chord(ENTER)): Keys 'ENTER + ' sent to object: 'Object Repository/Objects.HighlightElements/input_field_index'

2020-10-26 19:05:39 - [MESSAGE][PASSED] - Keys 'ENTER + ' sent to object: 'Object Repository/Objects.HighlightElements/input_field_index'

2020-10-26 19:05:39 - [TEST_STEP][PASSED] - store = getAttribute(NewInputNmField, "value"): Attribute 'value' of object 'Object Repository/Objects.HighlightElements/input_field_index' is: ''

2020-10-26 19:05:39 - [MESSAGE][PASSED] - Attribute 'value' of object 'Object Repository/Objects.HighlightElements/input_field_index' is: ''

2020-10-26 19:05:39 - [TEST_STEP][PASSED] - println(store): null

2020-10-26 19:05:39 - [TEST_STEP][PASSED] - com.SQLdb.ExecuteSQLQuery.openDBConnection(findTestData("Datatable").getValue(1, 23), findTestData("Datatable").getValue(2, 23), findTestData("Datatable").getValue(3, 23)): com.SQLdb.ExecuteSQLQuery.openDBConnection is PASSED

2020-10-26 19:05:39 - [MESSAGE][PASSED] - com.SQLdb.ExecuteSQLQuery.openDBConnection is PASSED

2020-10-26 19:05:39 - [TEST_STEP][PASSED] - ModifiedQryScript = "SELECT " + ColNm + " FROM " + DBTbl + " WHERE " + Condition1 + "'" + store + "'": null

2020-10-26 19:05:39 - [TEST_STEP][PASSED] - Result = com.SQLdb.ExecuteSQLQuery.executeQuery(ModifiedQryScript): com.SQLdb.ExecuteSQLQuery.executeQuery is PASSED

2020-10-26 19:05:39 - [MESSAGE][PASSED] - com.SQLdb.ExecuteSQLQuery.executeQuery is PASSED

2020-10-26 19:05:39 - [TEST_STEP][PASSED] - println(ModifiedQryScript): null

2020-10-26 19:05:39 - [TEST_STEP][PASSED] - Match = verifyMatch(store, Result, false): Actual text '' and expected text '' are matched 

2020-10-26 19:05:39 - [MESSAGE][PASSED] - Actual text '' and expected text '' are matched 

2020-10-26 19:05:39 - [TEST_STEP][PASSED] - OutputFile.append("Search Value: " + store + " " + "Found Value: " + Result + " " + TimeStamp + "
"): null

2020-10-26 19:05:39 - [TEST_STEP][PASSED] - sendKeys(NewInputNmField, Keys.chord(ARROW_DOWN)): Keys 'DOWN + ' sent to object: 'Object Repository/Objects.HighlightElements/input_field_index'

2020-10-26 19:05:40 - [MESSAGE][PASSED] - Keys 'DOWN + ' sent to object: 'Object Repository/Objects.HighlightElements/input_field_index'

2020-10-26 19:05:40 - [TEST_STEP][PASSED] - sendKeys(NewInputNmField, Keys.chord(ARROW_DOWN)): Keys 'DOWN + ' sent to object: 'Object Repository/Objects.HighlightElements/input_field_index'

2020-10-26 19:05:40 - [MESSAGE][PASSED] - Keys 'DOWN + ' sent to object: 'Object Repository/Objects.HighlightElements/input_field_index'

2020-10-26 19:05:40 - [TEST_STEP][PASSED] - delay(DelayTime): Delayed 2 second(s)

2020-10-26 19:05:42 - [MESSAGE][PASSED] - Delayed 2 second(s)

2020-10-26 19:05:42 - [TEST_STEP][PASSED] - sendKeys(NewInputNmField, Keys.chord(ENTER)): Keys 'ENTER + ' sent to object: 'Object Repository/Objects.HighlightElements/input_field_index'

2020-10-26 19:05:42 - [MESSAGE][PASSED] - Keys 'ENTER + ' sent to object: 'Object Repository/Objects.HighlightElements/input_field_index'

2020-10-26 19:05:42 - [TEST_STEP][PASSED] - store = getAttribute(NewInputNmField, "value"): Attribute 'value' of object 'Object Repository/Objects.HighlightElements/input_field_index' is: 'Government'

2020-10-26 19:05:42 - [MESSAGE][PASSED] - Attribute 'value' of object 'Object Repository/Objects.HighlightElements/input_field_index' is: 'Government'

2020-10-26 19:05:42 - [TEST_STEP][PASSED] - println(store): null

2020-10-26 19:05:42 - [TEST_STEP][PASSED] - com.SQLdb.ExecuteSQLQuery.openDBConnection(findTestData("Datatable").getValue(1, 23), findTestData("Datatable").getValue(2, 23), findTestData("Datatable").getValue(3, 23)): com.SQLdb.ExecuteSQLQuery.openDBConnection is PASSED

2020-10-26 19:05:43 - [MESSAGE][PASSED] - com.SQLdb.ExecuteSQLQuery.openDBConnection is PASSED

2020-10-26 19:05:43 - [TEST_STEP][PASSED] - ModifiedQryScript = "SELECT " + ColNm + " FROM " + DBTbl + " WHERE " + Condition1 + "'" + store + "'": null

2020-10-26 19:05:43 - [TEST_STEP][PASSED] - Result = com.SQLdb.ExecuteSQLQuery.executeQuery(ModifiedQryScript): com.SQLdb.ExecuteSQLQuery.executeQuery is PASSED

2020-10-26 19:05:43 - [MESSAGE][PASSED] - com.SQLdb.ExecuteSQLQuery.executeQuery is PASSED

2020-10-26 19:05:43 - [TEST_STEP][PASSED] - println(ModifiedQryScript): null

2020-10-26 19:05:43 - [TEST_STEP][PASSED] - Match = verifyMatch(store, Result, false): Actual text 'Government' and expected text 'Government' are matched 

2020-10-26 19:05:43 - [MESSAGE][PASSED] - Actual text 'Government' and expected text 'Government' are matched 

2020-10-26 19:05:43 - [TEST_STEP][PASSED] - OutputFile.append("Search Value: " + store + " " + "Found Value: " + Result + " " + TimeStamp + "
"): null

2020-10-26 19:05:43 - [TEST_STEP][PASSED] - sendKeys(NewInputNmField, Keys.chord(ARROW_DOWN)): Keys 'DOWN + ' sent to object: 'Object Repository/Objects.HighlightElements/input_field_index'

2020-10-26 19:05:43 - [MESSAGE][PASSED] - Keys 'DOWN + ' sent to object: 'Object Repository/Objects.HighlightElements/input_field_index'

2020-10-26 19:05:43 - [TEST_STEP][PASSED] - sendKeys(NewInputNmField, Keys.chord(ARROW_DOWN)): Keys 'DOWN + ' sent to object: 'Object Repository/Objects.HighlightElements/input_field_index'

2020-10-26 19:05:43 - [MESSAGE][PASSED] - Keys 'DOWN + ' sent to object: 'Object Repository/Objects.HighlightElements/input_field_index'

2020-10-26 19:05:43 - [TEST_STEP][PASSED] - delay(DelayTime): Delayed 2 second(s)

2020-10-26 19:05:45 - [MESSAGE][PASSED] - Delayed 2 second(s)

2020-10-26 19:05:45 - [TEST_STEP][PASSED] - sendKeys(NewInputNmField, Keys.chord(ENTER)): Keys 'ENTER + ' sent to object: 'Object Repository/Objects.HighlightElements/input_field_index'

2020-10-26 19:05:45 - [MESSAGE][PASSED] - Keys 'ENTER + ' sent to object: 'Object Repository/Objects.HighlightElements/input_field_index'

2020-10-26 19:05:45 - [TEST_STEP][PASSED] - store = getAttribute(NewInputNmField, "value"): Attribute 'value' of object 'Object Repository/Objects.HighlightElements/input_field_index' is: 'Government'

2020-10-26 19:05:45 - [MESSAGE][PASSED] - Attribute 'value' of object 'Object Repository/Objects.HighlightElements/input_field_index' is: 'Government'

2020-10-26 19:05:45 - [TEST_STEP][PASSED] - println(store): null

2020-10-26 19:05:45 - [TEST_STEP][PASSED] - com.SQLdb.ExecuteSQLQuery.openDBConnection(findTestData("Datatable").getValue(1, 23), findTestData("Datatable").getValue(2, 23), findTestData("Datatable").getValue(3, 23)): com.SQLdb.ExecuteSQLQuery.openDBConnection is PASSED

2020-10-26 19:05:46 - [MESSAGE][PASSED] - com.SQLdb.ExecuteSQLQuery.openDBConnection is PASSED

2020-10-26 19:05:46 - [TEST_STEP][PASSED] - ModifiedQryScript = "SELECT " + ColNm + " FROM " + DBTbl + " WHERE " + Condition1 + "'" + store + "'": null

2020-10-26 19:05:46 - [TEST_STEP][PASSED] - Result = com.SQLdb.ExecuteSQLQuery.executeQuery(ModifiedQryScript): com.SQLdb.ExecuteSQLQuery.executeQuery is PASSED

2020-10-26 19:05:46 - [MESSAGE][PASSED] - com.SQLdb.ExecuteSQLQuery.executeQuery is PASSED

2020-10-26 19:05:46 - [TEST_STEP][PASSED] - println(ModifiedQryScript): null

2020-10-26 19:05:46 - [TEST_STEP][PASSED] - Match = verifyMatch(store, Result, false): Actual text 'Government' and expected text 'Government' are matched 

2020-10-26 19:05:46 - [MESSAGE][PASSED] - Actual text 'Government' and expected text 'Government' are matched 

2020-10-26 19:05:46 - [TEST_STEP][PASSED] - OutputFile.append("Search Value: " + store + " " + "Found Value: " + Result + " " + TimeStamp + "
"): null

2020-10-26 19:05:46 - [TEST_STEP][PASSED] - sendKeys(NewInputNmField, Keys.chord(ARROW_DOWN)): Keys 'DOWN + ' sent to object: 'Object Repository/Objects.HighlightElements/input_field_index'

2020-10-26 19:05:46 - [MESSAGE][PASSED] - Keys 'DOWN + ' sent to object: 'Object Repository/Objects.HighlightElements/input_field_index'

2020-10-26 19:05:46 - [TEST_STEP][PASSED] - sendKeys(NewInputNmField, Keys.chord(ARROW_DOWN)): Keys 'DOWN + ' sent to object: 'Object Repository/Objects.HighlightElements/input_field_index'

2020-10-26 19:05:46 - [MESSAGE][PASSED] - Keys 'DOWN + ' sent to object: 'Object Repository/Objects.HighlightElements/input_field_index'

2020-10-26 19:05:46 - [TEST_STEP][PASSED] - delay(DelayTime): Delayed 2 second(s)

2020-10-26 19:05:48 - [MESSAGE][PASSED] - Delayed 2 second(s)

2020-10-26 19:05:48 - [TEST_STEP][PASSED] - sendKeys(NewInputNmField, Keys.chord(ENTER)): Keys 'ENTER + ' sent to object: 'Object Repository/Objects.HighlightElements/input_field_index'

2020-10-26 19:05:48 - [MESSAGE][PASSED] - Keys 'ENTER + ' sent to object: 'Object Repository/Objects.HighlightElements/input_field_index'

2020-10-26 19:05:48 - [TEST_STEP][PASSED] - store = getAttribute(NewInputNmField, "value"): Attribute 'value' of object 'Object Repository/Objects.HighlightElements/input_field_index' is: 'Government'

2020-10-26 19:05:49 - [MESSAGE][PASSED] - Attribute 'value' of object 'Object Repository/Objects.HighlightElements/input_field_index' is: 'Government'

2020-10-26 19:05:49 - [TEST_STEP][PASSED] - println(store): null

2020-10-26 19:05:49 - [TEST_STEP][PASSED] - com.SQLdb.ExecuteSQLQuery.openDBConnection(findTestData("Datatable").getValue(1, 23), findTestData("Datatable").getValue(2, 23), findTestData("Datatable").getValue(3, 23)): com.SQLdb.ExecuteSQLQuery.openDBConnection is PASSED

2020-10-26 19:05:49 - [MESSAGE][PASSED] - com.SQLdb.ExecuteSQLQuery.openDBConnection is PASSED

2020-10-26 19:05:49 - [TEST_STEP][PASSED] - ModifiedQryScript = "SELECT " + ColNm + " FROM " + DBTbl + " WHERE " + Condition1 + "'" + store + "'": null

2020-10-26 19:05:49 - [TEST_STEP][PASSED] - Result = com.SQLdb.ExecuteSQLQuery.executeQuery(ModifiedQryScript): com.SQLdb.ExecuteSQLQuery.executeQuery is PASSED

2020-10-26 19:05:49 - [MESSAGE][PASSED] - com.SQLdb.ExecuteSQLQuery.executeQuery is PASSED

2020-10-26 19:05:49 - [TEST_STEP][PASSED] - println(ModifiedQryScript): null

2020-10-26 19:05:49 - [TEST_STEP][PASSED] - Match = verifyMatch(store, Result, false): Actual text 'Government' and expected text 'Government' are matched 

2020-10-26 19:05:49 - [MESSAGE][PASSED] - Actual text 'Government' and expected text 'Government' are matched 

2020-10-26 19:05:49 - [TEST_STEP][PASSED] - OutputFile.append("Search Value: " + store + " " + "Found Value: " + Result + " " + TimeStamp + "
"): null

2020-10-26 19:05:49 - [TEST_STEP][PASSED] - sendKeys(NewInputNmField, Keys.chord(ARROW_DOWN)): Keys 'DOWN + ' sent to object: 'Object Repository/Objects.HighlightElements/input_field_index'

2020-10-26 19:05:49 - [MESSAGE][PASSED] - Keys 'DOWN + ' sent to object: 'Object Repository/Objects.HighlightElements/input_field_index'

2020-10-26 19:05:49 - [TEST_STEP][PASSED] - sendKeys(NewInputNmField, Keys.chord(ARROW_DOWN)): Keys 'DOWN + ' sent to object: 'Object Repository/Objects.HighlightElements/input_field_index'

2020-10-26 19:05:49 - [MESSAGE][PASSED] - Keys 'DOWN + ' sent to object: 'Object Repository/Objects.HighlightElements/input_field_index'

2020-10-26 19:05:49 - [TEST_STEP][PASSED] - delay(DelayTime): Delayed 2 second(s)

2020-10-26 19:05:52 - [MESSAGE][PASSED] - Delayed 2 second(s)

2020-10-26 19:05:52 - [TEST_STEP][PASSED] - sendKeys(NewInputNmField, Keys.chord(ENTER)): Keys 'ENTER + ' sent to object: 'Object Repository/Objects.HighlightElements/input_field_index'

2020-10-26 19:05:52 - [MESSAGE][PASSED] - Keys 'ENTER + ' sent to object: 'Object Repository/Objects.HighlightElements/input_field_index'

2020-10-26 19:05:52 - [TEST_STEP][PASSED] - store = getAttribute(NewInputNmField, "value"): Attribute 'value' of object 'Object Repository/Objects.HighlightElements/input_field_index' is: 'Government'

2020-10-26 19:05:52 - [MESSAGE][PASSED] - Attribute 'value' of object 'Object Repository/Objects.HighlightElements/input_field_index' is: 'Government'

2020-10-26 19:05:52 - [TEST_STEP][PASSED] - println(store): null

2020-10-26 19:05:52 - [TEST_STEP][PASSED] - com.SQLdb.ExecuteSQLQuery.openDBConnection(findTestData("Datatable").getValue(1, 23), findTestData("Datatable").getValue(2, 23), findTestData("Datatable").getValue(3, 23)): com.SQLdb.ExecuteSQLQuery.openDBConnection is PASSED

2020-10-26 19:05:52 - [MESSAGE][PASSED] - com.SQLdb.ExecuteSQLQuery.openDBConnection is PASSED

2020-10-26 19:05:52 - [TEST_STEP][PASSED] - ModifiedQryScript = "SELECT " + ColNm + " FROM " + DBTbl + " WHERE " + Condition1 + "'" + store + "'": null

2020-10-26 19:05:52 - [TEST_STEP][PASSED] - Result = com.SQLdb.ExecuteSQLQuery.executeQuery(ModifiedQryScript): com.SQLdb.ExecuteSQLQuery.executeQuery is PASSED

2020-10-26 19:05:52 - [MESSAGE][PASSED] - com.SQLdb.ExecuteSQLQuery.executeQuery is PASSED

2020-10-26 19:05:52 - [TEST_STEP][PASSED] - println(ModifiedQryScript): null

2020-10-26 19:05:52 - [TEST_STEP][PASSED] - Match = verifyMatch(store, Result, false): Actual text 'Government' and expected text 'Government' are matched 

2020-10-26 19:05:52 - [MESSAGE][PASSED] - Actual text 'Government' and expected text 'Government' are matched 

2020-10-26 19:05:52 - [TEST_STEP][PASSED] - OutputFile.append("Search Value: " + store + " " + "Found Value: " + Result + " " + TimeStamp + "
"): null

2020-10-26 19:05:52 - [TEST_STEP][PASSED] - sendKeys(NewInputNmField, Keys.chord(ARROW_DOWN)): Keys 'DOWN + ' sent to object: 'Object Repository/Objects.HighlightElements/input_field_index'

2020-10-26 19:05:53 - [MESSAGE][PASSED] - Keys 'DOWN + ' sent to object: 'Object Repository/Objects.HighlightElements/input_field_index'

2020-10-26 19:05:53 - [TEST_STEP][PASSED] - sendKeys(NewInputNmField, Keys.chord(ARROW_DOWN)): Keys 'DOWN + ' sent to object: 'Object Repository/Objects.HighlightElements/input_field_index'

2020-10-26 19:05:53 - [MESSAGE][PASSED] - Keys 'DOWN + ' sent to object: 'Object Repository/Objects.HighlightElements/input_field_index'

2020-10-26 19:05:53 - [TEST_STEP][PASSED] - delay(DelayTime): Delayed 2 second(s)

2020-10-26 19:05:55 - [MESSAGE][PASSED] - Delayed 2 second(s)

2020-10-26 19:05:55 - [TEST_STEP][PASSED] - sendKeys(NewInputNmField, Keys.chord(ENTER)): Keys 'ENTER + ' sent to object: 'Object Repository/Objects.HighlightElements/input_field_index'

2020-10-26 19:05:55 - [MESSAGE][PASSED] - Keys 'ENTER + ' sent to object: 'Object Repository/Objects.HighlightElements/input_field_index'

2020-10-26 19:05:55 - [TEST_STEP][PASSED] - store = getAttribute(NewInputNmField, "value"): Attribute 'value' of object 'Object Repository/Objects.HighlightElements/input_field_index' is: 'Government'

2020-10-26 19:05:55 - [MESSAGE][PASSED] - Attribute 'value' of object 'Object Repository/Objects.HighlightElements/input_field_index' is: 'Government'

2020-10-26 19:05:55 - [TEST_STEP][PASSED] - println(store): null

2020-10-26 19:05:55 - [TEST_STEP][PASSED] - com.SQLdb.ExecuteSQLQuery.openDBConnection(findTestData("Datatable").getValue(1, 23), findTestData("Datatable").getValue(2, 23), findTestData("Datatable").getValue(3, 23)): com.SQLdb.ExecuteSQLQuery.openDBConnection is PASSED

2020-10-26 19:05:55 - [MESSAGE][PASSED] - com.SQLdb.ExecuteSQLQuery.openDBConnection is PASSED

2020-10-26 19:05:55 - [TEST_STEP][PASSED] - ModifiedQryScript = "SELECT " + ColNm + " FROM " + DBTbl + " WHERE " + Condition1 + "'" + store + "'": null

2020-10-26 19:05:55 - [TEST_STEP][PASSED] - Result = com.SQLdb.ExecuteSQLQuery.executeQuery(ModifiedQryScript): com.SQLdb.ExecuteSQLQuery.executeQuery is PASSED

2020-10-26 19:05:55 - [MESSAGE][PASSED] - com.SQLdb.ExecuteSQLQuery.executeQuery is PASSED

2020-10-26 19:05:55 - [TEST_STEP][PASSED] - println(ModifiedQryScript): null

2020-10-26 19:05:55 - [TEST_STEP][PASSED] - Match = verifyMatch(store, Result, false): Actual text 'Government' and expected text 'Government' are matched 

2020-10-26 19:05:55 - [MESSAGE][PASSED] - Actual text 'Government' and expected text 'Government' are matched 

2020-10-26 19:05:55 - [TEST_STEP][PASSED] - OutputFile.append("Search Value: " + store + " " + "Found Value: " + Result + " " + TimeStamp + "
"): null

2020-10-26 19:05:55 - [TEST_STEP][PASSED] - sendKeys(NewInputNmField, Keys.chord(ARROW_DOWN)): Keys 'DOWN + ' sent to object: 'Object Repository/Objects.HighlightElements/input_field_index'

2020-10-26 19:05:56 - [MESSAGE][PASSED] - Keys 'DOWN + ' sent to object: 'Object Repository/Objects.HighlightElements/input_field_index'

2020-10-26 19:05:56 - [TEST_STEP][PASSED] - sendKeys(NewInputNmField, Keys.chord(ARROW_DOWN)): Keys 'DOWN + ' sent to object: 'Object Repository/Objects.HighlightElements/input_field_index'

2020-10-26 19:05:56 - [MESSAGE][PASSED] - Keys 'DOWN + ' sent to object: 'Object Repository/Objects.HighlightElements/input_field_index'

2020-10-26 19:05:56 - [TEST_STEP][PASSED] - delay(DelayTime): Delayed 2 second(s)

2020-10-26 19:05:58 - [MESSAGE][PASSED] - Delayed 2 second(s)

2020-10-26 19:05:58 - [TEST_STEP][PASSED] - sendKeys(NewInputNmField, Keys.chord(ENTER)): Keys 'ENTER + ' sent to object: 'Object Repository/Objects.HighlightElements/input_field_index'

2020-10-26 19:05:58 - [MESSAGE][PASSED] - Keys 'ENTER + ' sent to object: 'Object Repository/Objects.HighlightElements/input_field_index'

2020-10-26 19:05:58 - [TEST_STEP][PASSED] - store = getAttribute(NewInputNmField, "value"): Attribute 'value' of object 'Object Repository/Objects.HighlightElements/input_field_index' is: 'Government'

2020-10-26 19:05:58 - [MESSAGE][PASSED] - Attribute 'value' of object 'Object Repository/Objects.HighlightElements/input_field_index' is: 'Government'

2020-10-26 19:05:58 - [TEST_STEP][PASSED] - println(store): null

2020-10-26 19:05:58 - [TEST_STEP][PASSED] - com.SQLdb.ExecuteSQLQuery.openDBConnection(findTestData("Datatable").getValue(1, 23), findTestData("Datatable").getValue(2, 23), findTestData("Datatable").getValue(3, 23)): com.SQLdb.ExecuteSQLQuery.openDBConnection is PASSED

2020-10-26 19:05:59 - [MESSAGE][PASSED] - com.SQLdb.ExecuteSQLQuery.openDBConnection is PASSED

2020-10-26 19:05:59 - [TEST_STEP][PASSED] - ModifiedQryScript = "SELECT " + ColNm + " FROM " + DBTbl + " WHERE " + Condition1 + "'" + store + "'": null

2020-10-26 19:05:59 - [TEST_STEP][PASSED] - Result = com.SQLdb.ExecuteSQLQuery.executeQuery(ModifiedQryScript): com.SQLdb.ExecuteSQLQuery.executeQuery is PASSED

2020-10-26 19:05:59 - [MESSAGE][PASSED] - com.SQLdb.ExecuteSQLQuery.executeQuery is PASSED

2020-10-26 19:05:59 - [TEST_STEP][PASSED] - println(ModifiedQryScript): null

2020-10-26 19:05:59 - [TEST_STEP][PASSED] - Match = verifyMatch(store, Result, false): Actual text 'Government' and expected text 'Government' are matched 

2020-10-26 19:05:59 - [MESSAGE][PASSED] - Actual text 'Government' and expected text 'Government' are matched 

2020-10-26 19:05:59 - [TEST_STEP][PASSED] - OutputFile.append("Search Value: " + store + " " + "Found Value: " + Result + " " + TimeStamp + "
"): null

2020-10-26 19:05:59 - [TEST_STEP][PASSED] - sendKeys(NewInputNmField, Keys.chord(ARROW_DOWN)): Keys 'DOWN + ' sent to object: 'Object Repository/Objects.HighlightElements/input_field_index'

2020-10-26 19:05:59 - [MESSAGE][PASSED] - Keys 'DOWN + ' sent to object: 'Object Repository/Objects.HighlightElements/input_field_index'

2020-10-26 19:05:59 - [TEST_STEP][PASSED] - sendKeys(NewInputNmField, Keys.chord(ARROW_DOWN)): Keys 'DOWN + ' sent to object: 'Object Repository/Objects.HighlightElements/input_field_index'

2020-10-26 19:05:59 - [MESSAGE][PASSED] - Keys 'DOWN + ' sent to object: 'Object Repository/Objects.HighlightElements/input_field_index'

2020-10-26 19:05:59 - [TEST_STEP][PASSED] - delay(DelayTime): Delayed 2 second(s)

2020-10-26 19:06:01 - [MESSAGE][PASSED] - Delayed 2 second(s)

2020-10-26 19:06:01 - [TEST_STEP][PASSED] - sendKeys(NewInputNmField, Keys.chord(ENTER)): Keys 'ENTER + ' sent to object: 'Object Repository/Objects.HighlightElements/input_field_index'

2020-10-26 19:06:01 - [MESSAGE][PASSED] - Keys 'ENTER + ' sent to object: 'Object Repository/Objects.HighlightElements/input_field_index'

2020-10-26 19:06:01 - [TEST_STEP][PASSED] - store = getAttribute(NewInputNmField, "value"): Attribute 'value' of object 'Object Repository/Objects.HighlightElements/input_field_index' is: 'Government'

2020-10-26 19:06:01 - [MESSAGE][PASSED] - Attribute 'value' of object 'Object Repository/Objects.HighlightElements/input_field_index' is: 'Government'

2020-10-26 19:06:01 - [TEST_STEP][PASSED] - println(store): null

2020-10-26 19:06:01 - [TEST_STEP][PASSED] - com.SQLdb.ExecuteSQLQuery.openDBConnection(findTestData("Datatable").getValue(1, 23), findTestData("Datatable").getValue(2, 23), findTestData("Datatable").getValue(3, 23)): com.SQLdb.ExecuteSQLQuery.openDBConnection is PASSED

2020-10-26 19:06:02 - [MESSAGE][PASSED] - com.SQLdb.ExecuteSQLQuery.openDBConnection is PASSED

2020-10-26 19:06:02 - [TEST_STEP][PASSED] - ModifiedQryScript = "SELECT " + ColNm + " FROM " + DBTbl + " WHERE " + Condition1 + "'" + store + "'": null

2020-10-26 19:06:02 - [TEST_STEP][PASSED] - Result = com.SQLdb.ExecuteSQLQuery.executeQuery(ModifiedQryScript): com.SQLdb.ExecuteSQLQuery.executeQuery is PASSED

2020-10-26 19:06:02 - [MESSAGE][PASSED] - com.SQLdb.ExecuteSQLQuery.executeQuery is PASSED

2020-10-26 19:06:02 - [TEST_STEP][PASSED] - println(ModifiedQryScript): null

2020-10-26 19:06:02 - [TEST_STEP][PASSED] - Match = verifyMatch(store, Result, false): Actual text 'Government' and expected text 'Government' are matched 

2020-10-26 19:06:02 - [MESSAGE][PASSED] - Actual text 'Government' and expected text 'Government' are matched 

2020-10-26 19:06:02 - [TEST_STEP][PASSED] - OutputFile.append("Search Value: " + store + " " + "Found Value: " + Result + " " + TimeStamp + "
"): null

2020-10-26 19:06:02 - [TEST_STEP][PASSED] - sendKeys(NewInputNmField, Keys.chord(ARROW_DOWN)): Keys 'DOWN + ' sent to object: 'Object Repository/Objects.HighlightElements/input_field_index'

2020-10-26 19:06:02 - [MESSAGE][PASSED] - Keys 'DOWN + ' sent to object: 'Object Repository/Objects.HighlightElements/input_field_index'

2020-10-26 19:06:02 - [TEST_STEP][PASSED] - sendKeys(NewInputNmField, Keys.chord(ARROW_DOWN)): Keys 'DOWN + ' sent to object: 'Object Repository/Objects.HighlightElements/input_field_index'

2020-10-26 19:06:02 - [MESSAGE][PASSED] - Keys 'DOWN + ' sent to object: 'Object Repository/Objects.HighlightElements/input_field_index'

2020-10-26 19:06:02 - [TEST_STEP][PASSED] - delay(DelayTime): Delayed 2 second(s)

2020-10-26 19:06:04 - [MESSAGE][PASSED] - Delayed 2 second(s)

2020-10-26 19:06:04 - [TEST_STEP][PASSED] - sendKeys(NewInputNmField, Keys.chord(ENTER)): Keys 'ENTER + ' sent to object: 'Object Repository/Objects.HighlightElements/input_field_index'

2020-10-26 19:06:04 - [MESSAGE][PASSED] - Keys 'ENTER + ' sent to object: 'Object Repository/Objects.HighlightElements/input_field_index'

2020-10-26 19:06:04 - [TEST_STEP][PASSED] - store = getAttribute(NewInputNmField, "value"): Attribute 'value' of object 'Object Repository/Objects.HighlightElements/input_field_index' is: 'Government'

2020-10-26 19:06:04 - [MESSAGE][PASSED] - Attribute 'value' of object 'Object Repository/Objects.HighlightElements/input_field_index' is: 'Government'

2020-10-26 19:06:04 - [TEST_STEP][PASSED] - println(store): null

2020-10-26 19:06:04 - [TEST_STEP][PASSED] - com.SQLdb.ExecuteSQLQuery.openDBConnection(findTestData("Datatable").getValue(1, 23), findTestData("Datatable").getValue(2, 23), findTestData("Datatable").getValue(3, 23)): com.SQLdb.ExecuteSQLQuery.openDBConnection is PASSED

2020-10-26 19:06:05 - [MESSAGE][PASSED] - com.SQLdb.ExecuteSQLQuery.openDBConnection is PASSED

2020-10-26 19:06:05 - [TEST_STEP][PASSED] - ModifiedQryScript = "SELECT " + ColNm + " FROM " + DBTbl + " WHERE " + Condition1 + "'" + store + "'": null

2020-10-26 19:06:05 - [TEST_STEP][PASSED] - Result = com.SQLdb.ExecuteSQLQuery.executeQuery(ModifiedQryScript): com.SQLdb.ExecuteSQLQuery.executeQuery is PASSED

2020-10-26 19:06:05 - [MESSAGE][PASSED] - com.SQLdb.ExecuteSQLQuery.executeQuery is PASSED

2020-10-26 19:06:05 - [TEST_STEP][PASSED] - println(ModifiedQryScript): null

2020-10-26 19:06:05 - [TEST_STEP][PASSED] - Match = verifyMatch(store, Result, false): Actual text 'Government' and expected text 'Government' are matched 

2020-10-26 19:06:05 - [MESSAGE][PASSED] - Actual text 'Government' and expected text 'Government' are matched 

2020-10-26 19:06:05 - [TEST_STEP][PASSED] - OutputFile.append("Search Value: " + store + " " + "Found Value: " + Result + " " + TimeStamp + "
"): null

2020-10-26 19:06:05 - [TEST_STEP][PASSED] - sendKeys(NewInputNmField, Keys.chord(ARROW_DOWN)): Keys 'DOWN + ' sent to object: 'Object Repository/Objects.HighlightElements/input_field_index'

2020-10-26 19:06:05 - [MESSAGE][PASSED] - Keys 'DOWN + ' sent to object: 'Object Repository/Objects.HighlightElements/input_field_index'

2020-10-26 19:06:05 - [TEST_STEP][PASSED] - sendKeys(NewInputNmField, Keys.chord(ARROW_DOWN)): Keys 'DOWN + ' sent to object: 'Object Repository/Objects.HighlightElements/input_field_index'

2020-10-26 19:06:05 - [MESSAGE][PASSED] - Keys 'DOWN + ' sent to object: 'Object Repository/Objects.HighlightElements/input_field_index'

2020-10-26 19:06:05 - [TEST_STEP][PASSED] - delay(DelayTime): Delayed 2 second(s)

2020-10-26 19:06:07 - [MESSAGE][PASSED] - Delayed 2 second(s)

2020-10-26 19:06:07 - [TEST_STEP][PASSED] - sendKeys(NewInputNmField, Keys.chord(ENTER)): Keys 'ENTER + ' sent to object: 'Object Repository/Objects.HighlightElements/input_field_index'

2020-10-26 19:06:07 - [MESSAGE][PASSED] - Keys 'ENTER + ' sent to object: 'Object Repository/Objects.HighlightElements/input_field_index'

2020-10-26 19:06:08 - [TEST_STEP][PASSED] - store = getAttribute(NewInputNmField, "value"): Attribute 'value' of object 'Object Repository/Objects.HighlightElements/input_field_index' is: 'Government'

2020-10-26 19:06:08 - [MESSAGE][PASSED] - Attribute 'value' of object 'Object Repository/Objects.HighlightElements/input_field_index' is: 'Government'

2020-10-26 19:06:08 - [TEST_STEP][PASSED] - println(store): null

2020-10-26 19:06:08 - [TEST_STEP][PASSED] - com.SQLdb.ExecuteSQLQuery.openDBConnection(findTestData("Datatable").getValue(1, 23), findTestData("Datatable").getValue(2, 23), findTestData("Datatable").getValue(3, 23)): com.SQLdb.ExecuteSQLQuery.openDBConnection is PASSED

2020-10-26 19:06:08 - [MESSAGE][PASSED] - com.SQLdb.ExecuteSQLQuery.openDBConnection is PASSED

2020-10-26 19:06:08 - [TEST_STEP][PASSED] - ModifiedQryScript = "SELECT " + ColNm + " FROM " + DBTbl + " WHERE " + Condition1 + "'" + store + "'": null

2020-10-26 19:06:08 - [TEST_STEP][PASSED] - Result = com.SQLdb.ExecuteSQLQuery.executeQuery(ModifiedQryScript): com.SQLdb.ExecuteSQLQuery.executeQuery is PASSED

2020-10-26 19:06:08 - [MESSAGE][PASSED] - com.SQLdb.ExecuteSQLQuery.executeQuery is PASSED

2020-10-26 19:06:08 - [TEST_STEP][PASSED] - println(ModifiedQryScript): null

2020-10-26 19:06:08 - [TEST_STEP][PASSED] - Match = verifyMatch(store, Result, false): Actual text 'Government' and expected text 'Government' are matched 

2020-10-26 19:06:08 - [MESSAGE][PASSED] - Actual text 'Government' and expected text 'Government' are matched 

2020-10-26 19:06:08 - [TEST_STEP][PASSED] - OutputFile.append("Search Value: " + store + " " + "Found Value: " + Result + " " + TimeStamp + "
"): null

2020-10-26 19:06:08 - [TEST_STEP][PASSED] - sendKeys(NewInputNmField, Keys.chord(ARROW_DOWN)): Keys 'DOWN + ' sent to object: 'Object Repository/Objects.HighlightElements/input_field_index'

2020-10-26 19:06:08 - [MESSAGE][PASSED] - Keys 'DOWN + ' sent to object: 'Object Repository/Objects.HighlightElements/input_field_index'

2020-10-26 19:06:08 - [TEST_STEP][PASSED] - sendKeys(NewInputNmField, Keys.chord(ARROW_DOWN)): Keys 'DOWN + ' sent to object: 'Object Repository/Objects.HighlightElements/input_field_index'

2020-10-26 19:06:09 - [MESSAGE][PASSED] - Keys 'DOWN + ' sent to object: 'Object Repository/Objects.HighlightElements/input_field_index'

2020-10-26 19:06:09 - [TEST_STEP][PASSED] - delay(DelayTime): Delayed 2 second(s)

2020-10-26 19:06:11 - [MESSAGE][PASSED] - Delayed 2 second(s)

2020-10-26 19:06:11 - [TEST_STEP][PASSED] - sendKeys(NewInputNmField, Keys.chord(ENTER)): Keys 'ENTER + ' sent to object: 'Object Repository/Objects.HighlightElements/input_field_index'

2020-10-26 19:06:11 - [MESSAGE][PASSED] - Keys 'ENTER + ' sent to object: 'Object Repository/Objects.HighlightElements/input_field_index'

2020-10-26 19:06:11 - [TEST_STEP][PASSED] - store = getAttribute(NewInputNmField, "value"): Attribute 'value' of object 'Object Repository/Objects.HighlightElements/input_field_index' is: 'Government'

2020-10-26 19:06:11 - [MESSAGE][PASSED] - Attribute 'value' of object 'Object Repository/Objects.HighlightElements/input_field_index' is: 'Government'

2020-10-26 19:06:11 - [TEST_STEP][PASSED] - println(store): null

2020-10-26 19:06:11 - [TEST_STEP][PASSED] - com.SQLdb.ExecuteSQLQuery.openDBConnection(findTestData("Datatable").getValue(1, 23), findTestData("Datatable").getValue(2, 23), findTestData("Datatable").getValue(3, 23)): com.SQLdb.ExecuteSQLQuery.openDBConnection is PASSED

2020-10-26 19:06:11 - [MESSAGE][PASSED] - com.SQLdb.ExecuteSQLQuery.openDBConnection is PASSED

2020-10-26 19:06:11 - [TEST_STEP][PASSED] - ModifiedQryScript = "SELECT " + ColNm + " FROM " + DBTbl + " WHERE " + Condition1 + "'" + store + "'": null

2020-10-26 19:06:11 - [TEST_STEP][PASSED] - Result = com.SQLdb.ExecuteSQLQuery.executeQuery(ModifiedQryScript): com.SQLdb.ExecuteSQLQuery.executeQuery is PASSED

2020-10-26 19:06:11 - [MESSAGE][PASSED] - com.SQLdb.ExecuteSQLQuery.executeQuery is PASSED

2020-10-26 19:06:11 - [TEST_STEP][PASSED] - println(ModifiedQryScript): null

2020-10-26 19:06:11 - [TEST_STEP][PASSED] - Match = verifyMatch(store, Result, false): Actual text 'Government' and expected text 'Government' are matched 

2020-10-26 19:06:11 - [MESSAGE][PASSED] - Actual text 'Government' and expected text 'Government' are matched 

2020-10-26 19:06:11 - [TEST_STEP][PASSED] - OutputFile.append("Search Value: " + store + " " + "Found Value: " + Result + " " + TimeStamp + "
"): null

2020-10-26 19:06:11 - [TEST_STEP][PASSED] - sendKeys(NewInputNmField, Keys.chord(ARROW_DOWN)): Keys 'DOWN + ' sent to object: 'Object Repository/Objects.HighlightElements/input_field_index'

2020-10-26 19:06:12 - [MESSAGE][PASSED] - Keys 'DOWN + ' sent to object: 'Object Repository/Objects.HighlightElements/input_field_index'

2020-10-26 19:06:12 - [TEST_STEP][PASSED] - sendKeys(NewInputNmField, Keys.chord(ARROW_DOWN)): Keys 'DOWN + ' sent to object: 'Object Repository/Objects.HighlightElements/input_field_index'

2020-10-26 19:06:12 - [MESSAGE][PASSED] - Keys 'DOWN + ' sent to object: 'Object Repository/Objects.HighlightElements/input_field_index'

2020-10-26 19:06:12 - [TEST_STEP][PASSED] - delay(DelayTime): Delayed 2 second(s)

2020-10-26 19:06:14 - [MESSAGE][PASSED] - Delayed 2 second(s)

2020-10-26 19:06:14 - [TEST_STEP][PASSED] - sendKeys(NewInputNmField, Keys.chord(ENTER)): Keys 'ENTER + ' sent to object: 'Object Repository/Objects.HighlightElements/input_field_index'

2020-10-26 19:06:14 - [MESSAGE][PASSED] - Keys 'ENTER + ' sent to object: 'Object Repository/Objects.HighlightElements/input_field_index'

2020-10-26 19:06:14 - [TEST_STEP][PASSED] - store = getAttribute(NewInputNmField, "value"): Attribute 'value' of object 'Object Repository/Objects.HighlightElements/input_field_index' is: 'Government'

2020-10-26 19:06:14 - [MESSAGE][PASSED] - Attribute 'value' of object 'Object Repository/Objects.HighlightElements/input_field_index' is: 'Government'

2020-10-26 19:06:14 - [TEST_STEP][PASSED] - println(store): null

2020-10-26 19:06:14 - [TEST_STEP][PASSED] - com.SQLdb.ExecuteSQLQuery.openDBConnection(findTestData("Datatable").getValue(1, 23), findTestData("Datatable").getValue(2, 23), findTestData("Datatable").getValue(3, 23)): com.SQLdb.ExecuteSQLQuery.openDBConnection is PASSED

2020-10-26 19:06:14 - [MESSAGE][PASSED] - com.SQLdb.ExecuteSQLQuery.openDBConnection is PASSED

2020-10-26 19:06:14 - [TEST_STEP][PASSED] - ModifiedQryScript = "SELECT " + ColNm + " FROM " + DBTbl + " WHERE " + Condition1 + "'" + store + "'": null

2020-10-26 19:06:14 - [TEST_STEP][PASSED] - Result = com.SQLdb.ExecuteSQLQuery.executeQuery(ModifiedQryScript): com.SQLdb.ExecuteSQLQuery.executeQuery is PASSED

2020-10-26 19:06:14 - [MESSAGE][PASSED] - com.SQLdb.ExecuteSQLQuery.executeQuery is PASSED

2020-10-26 19:06:14 - [TEST_STEP][PASSED] - println(ModifiedQryScript): null

2020-10-26 19:06:14 - [TEST_STEP][PASSED] - Match = verifyMatch(store, Result, false): Actual text 'Government' and expected text 'Government' are matched 

2020-10-26 19:06:15 - [MESSAGE][PASSED] - Actual text 'Government' and expected text 'Government' are matched 

2020-10-26 19:06:15 - [TEST_STEP][PASSED] - OutputFile.append("Search Value: " + store + " " + "Found Value: " + Result + " " + TimeStamp + "
"): null

2020-10-26 19:06:15 - [TEST_STEP][PASSED] - sendKeys(NewInputNmField, Keys.chord(ARROW_DOWN)): Keys 'DOWN + ' sent to object: 'Object Repository/Objects.HighlightElements/input_field_index'

2020-10-26 19:06:15 - [MESSAGE][PASSED] - Keys 'DOWN + ' sent to object: 'Object Repository/Objects.HighlightElements/input_field_index'

2020-10-26 19:06:15 - [TEST_STEP][PASSED] - sendKeys(NewInputNmField, Keys.chord(ARROW_DOWN)): Keys 'DOWN + ' sent to object: 'Object Repository/Objects.HighlightElements/input_field_index'

2020-10-26 19:06:15 - [MESSAGE][PASSED] - Keys 'DOWN + ' sent to object: 'Object Repository/Objects.HighlightElements/input_field_index'

2020-10-26 19:06:15 - [TEST_STEP][PASSED] - delay(DelayTime): Delayed 2 second(s)

2020-10-26 19:06:17 - [MESSAGE][PASSED] - Delayed 2 second(s)

2020-10-26 19:06:17 - [TEST_STEP][PASSED] - sendKeys(NewInputNmField, Keys.chord(ENTER)): Keys 'ENTER + ' sent to object: 'Object Repository/Objects.HighlightElements/input_field_index'

2020-10-26 19:06:17 - [MESSAGE][PASSED] - Keys 'ENTER + ' sent to object: 'Object Repository/Objects.HighlightElements/input_field_index'

2020-10-26 19:06:17 - [TEST_STEP][PASSED] - store = getAttribute(NewInputNmField, "value"): Attribute 'value' of object 'Object Repository/Objects.HighlightElements/input_field_index' is: 'Government'

2020-10-26 19:06:17 - [MESSAGE][PASSED] - Attribute 'value' of object 'Object Repository/Objects.HighlightElements/input_field_index' is: 'Government'

2020-10-26 19:06:17 - [TEST_STEP][PASSED] - println(store): null

2020-10-26 19:06:17 - [TEST_STEP][PASSED] - com.SQLdb.ExecuteSQLQuery.openDBConnection(findTestData("Datatable").getValue(1, 23), findTestData("Datatable").getValue(2, 23), findTestData("Datatable").getValue(3, 23)): com.SQLdb.ExecuteSQLQuery.openDBConnection is PASSED

2020-10-26 19:06:18 - [MESSAGE][PASSED] - com.SQLdb.ExecuteSQLQuery.openDBConnection is PASSED

2020-10-26 19:06:18 - [TEST_STEP][PASSED] - ModifiedQryScript = "SELECT " + ColNm + " FROM " + DBTbl + " WHERE " + Condition1 + "'" + store + "'": null

2020-10-26 19:06:18 - [TEST_STEP][PASSED] - Result = com.SQLdb.ExecuteSQLQuery.executeQuery(ModifiedQryScript): com.SQLdb.ExecuteSQLQuery.executeQuery is PASSED

2020-10-26 19:06:18 - [MESSAGE][PASSED] - com.SQLdb.ExecuteSQLQuery.executeQuery is PASSED

2020-10-26 19:06:18 - [TEST_STEP][PASSED] - println(ModifiedQryScript): null

2020-10-26 19:06:18 - [TEST_STEP][PASSED] - Match = verifyMatch(store, Result, false): Actual text 'Government' and expected text 'Government' are matched 

2020-10-26 19:06:18 - [MESSAGE][PASSED] - Actual text 'Government' and expected text 'Government' are matched 

2020-10-26 19:06:18 - [TEST_STEP][PASSED] - OutputFile.append("Search Value: " + store + " " + "Found Value: " + Result + " " + TimeStamp + "
"): null

2020-10-26 19:06:18 - [TEST_STEP][PASSED] - sendKeys(NewInputNmField, Keys.chord(ARROW_DOWN)): Keys 'DOWN + ' sent to object: 'Object Repository/Objects.HighlightElements/input_field_index'

2020-10-26 19:06:18 - [MESSAGE][PASSED] - Keys 'DOWN + ' sent to object: 'Object Repository/Objects.HighlightElements/input_field_index'

2020-10-26 19:06:18 - [TEST_STEP][PASSED] - sendKeys(NewInputNmField, Keys.chord(ARROW_DOWN)): Keys 'DOWN + ' sent to object: 'Object Repository/Objects.HighlightElements/input_field_index'

2020-10-26 19:06:18 - [MESSAGE][PASSED] - Keys 'DOWN + ' sent to object: 'Object Repository/Objects.HighlightElements/input_field_index'

2020-10-26 19:06:18 - [TEST_STEP][PASSED] - delay(DelayTime): Delayed 2 second(s)

2020-10-26 19:06:20 - [MESSAGE][PASSED] - Delayed 2 second(s)

2020-10-26 19:06:20 - [TEST_STEP][PASSED] - sendKeys(NewInputNmField, Keys.chord(ENTER)): Keys 'ENTER + ' sent to object: 'Object Repository/Objects.HighlightElements/input_field_index'

2020-10-26 19:06:20 - [MESSAGE][PASSED] - Keys 'ENTER + ' sent to object: 'Object Repository/Objects.HighlightElements/input_field_index'

2020-10-26 19:06:20 - [TEST_STEP][PASSED] - store = getAttribute(NewInputNmField, "value"): Attribute 'value' of object 'Object Repository/Objects.HighlightElements/input_field_index' is: 'Government'

2020-10-26 19:06:20 - [MESSAGE][PASSED] - Attribute 'value' of object 'Object Repository/Objects.HighlightElements/input_field_index' is: 'Government'

2020-10-26 19:06:20 - [TEST_STEP][PASSED] - println(store): null

2020-10-26 19:06:20 - [TEST_STEP][PASSED] - com.SQLdb.ExecuteSQLQuery.openDBConnection(findTestData("Datatable").getValue(1, 23), findTestData("Datatable").getValue(2, 23), findTestData("Datatable").getValue(3, 23)): com.SQLdb.ExecuteSQLQuery.openDBConnection is PASSED

2020-10-26 19:06:21 - [MESSAGE][PASSED] - com.SQLdb.ExecuteSQLQuery.openDBConnection is PASSED

2020-10-26 19:06:21 - [TEST_STEP][PASSED] - ModifiedQryScript = "SELECT " + ColNm + " FROM " + DBTbl + " WHERE " + Condition1 + "'" + store + "'": null

2020-10-26 19:06:21 - [TEST_STEP][PASSED] - Result = com.SQLdb.ExecuteSQLQuery.executeQuery(ModifiedQryScript): com.SQLdb.ExecuteSQLQuery.executeQuery is PASSED

2020-10-26 19:06:21 - [MESSAGE][PASSED] - com.SQLdb.ExecuteSQLQuery.executeQuery is PASSED

2020-10-26 19:06:21 - [TEST_STEP][PASSED] - println(ModifiedQryScript): null

2020-10-26 19:06:21 - [TEST_STEP][PASSED] - Match = verifyMatch(store, Result, false): Actual text 'Government' and expected text 'Government' are matched 

2020-10-26 19:06:21 - [MESSAGE][PASSED] - Actual text 'Government' and expected text 'Government' are matched 

2020-10-26 19:06:21 - [TEST_STEP][PASSED] - OutputFile.append("Search Value: " + store + " " + "Found Value: " + Result + " " + TimeStamp + "
"): null

2020-10-26 19:06:21 - [TEST_STEP][PASSED] - sendKeys(NewInputNmField, Keys.chord(ARROW_DOWN)): Keys 'DOWN + ' sent to object: 'Object Repository/Objects.HighlightElements/input_field_index'

2020-10-26 19:06:21 - [MESSAGE][PASSED] - Keys 'DOWN + ' sent to object: 'Object Repository/Objects.HighlightElements/input_field_index'

2020-10-26 19:06:21 - [TEST_STEP][PASSED] - sendKeys(NewInputNmField, Keys.chord(ARROW_DOWN)): Keys 'DOWN + ' sent to object: 'Object Repository/Objects.HighlightElements/input_field_index'

2020-10-26 19:06:21 - [MESSAGE][PASSED] - Keys 'DOWN + ' sent to object: 'Object Repository/Objects.HighlightElements/input_field_index'

2020-10-26 19:06:21 - [TEST_STEP][PASSED] - delay(DelayTime): Delayed 2 second(s)

2020-10-26 19:06:23 - [MESSAGE][PASSED] - Delayed 2 second(s)

2020-10-26 19:06:23 - [TEST_STEP][PASSED] - sendKeys(NewInputNmField, Keys.chord(ENTER)): Keys 'ENTER + ' sent to object: 'Object Repository/Objects.HighlightElements/input_field_index'

2020-10-26 19:06:23 - [MESSAGE][PASSED] - Keys 'ENTER + ' sent to object: 'Object Repository/Objects.HighlightElements/input_field_index'

2020-10-26 19:06:23 - [TEST_STEP][PASSED] - store = getAttribute(NewInputNmField, "value"): Attribute 'value' of object 'Object Repository/Objects.HighlightElements/input_field_index' is: 'Government'

2020-10-26 19:06:23 - [MESSAGE][PASSED] - Attribute 'value' of object 'Object Repository/Objects.HighlightElements/input_field_index' is: 'Government'

2020-10-26 19:06:23 - [TEST_STEP][PASSED] - println(store): null

2020-10-26 19:06:23 - [TEST_STEP][PASSED] - com.SQLdb.ExecuteSQLQuery.openDBConnection(findTestData("Datatable").getValue(1, 23), findTestData("Datatable").getValue(2, 23), findTestData("Datatable").getValue(3, 23)): com.SQLdb.ExecuteSQLQuery.openDBConnection is PASSED

2020-10-26 19:06:24 - [MESSAGE][PASSED] - com.SQLdb.ExecuteSQLQuery.openDBConnection is PASSED

2020-10-26 19:06:24 - [TEST_STEP][PASSED] - ModifiedQryScript = "SELECT " + ColNm + " FROM " + DBTbl + " WHERE " + Condition1 + "'" + store + "'": null

2020-10-26 19:06:24 - [TEST_STEP][PASSED] - Result = com.SQLdb.ExecuteSQLQuery.executeQuery(ModifiedQryScript): com.SQLdb.ExecuteSQLQuery.executeQuery is PASSED

2020-10-26 19:06:24 - [MESSAGE][PASSED] - com.SQLdb.ExecuteSQLQuery.executeQuery is PASSED

2020-10-26 19:06:24 - [TEST_STEP][PASSED] - println(ModifiedQryScript): null

2020-10-26 19:06:24 - [TEST_STEP][PASSED] - Match = verifyMatch(store, Result, false): Actual text 'Government' and expected text 'Government' are matched 

2020-10-26 19:06:24 - [MESSAGE][PASSED] - Actual text 'Government' and expected text 'Government' are matched 

2020-10-26 19:06:24 - [TEST_STEP][PASSED] - OutputFile.append("Search Value: " + store + " " + "Found Value: " + Result + " " + TimeStamp + "
"): null

2020-10-26 19:06:24 - [TEST_STEP][PASSED] - sendKeys(NewInputNmField, Keys.chord(ARROW_DOWN)): Keys 'DOWN + ' sent to object: 'Object Repository/Objects.HighlightElements/input_field_index'

2020-10-26 19:06:24 - [MESSAGE][PASSED] - Keys 'DOWN + ' sent to object: 'Object Repository/Objects.HighlightElements/input_field_index'

2020-10-26 19:06:24 - [TEST_STEP][PASSED] - sendKeys(NewInputNmField, Keys.chord(ARROW_DOWN)): Keys 'DOWN + ' sent to object: 'Object Repository/Objects.HighlightElements/input_field_index'

2020-10-26 19:06:24 - [MESSAGE][PASSED] - Keys 'DOWN + ' sent to object: 'Object Repository/Objects.HighlightElements/input_field_index'

2020-10-26 19:06:24 - [TEST_STEP][PASSED] - delay(DelayTime): Delayed 2 second(s)

2020-10-26 19:06:26 - [MESSAGE][PASSED] - Delayed 2 second(s)

2020-10-26 19:06:26 - [TEST_STEP][PASSED] - sendKeys(NewInputNmField, Keys.chord(ENTER)): Keys 'ENTER + ' sent to object: 'Object Repository/Objects.HighlightElements/input_field_index'

2020-10-26 19:06:27 - [MESSAGE][PASSED] - Keys 'ENTER + ' sent to object: 'Object Repository/Objects.HighlightElements/input_field_index'

2020-10-26 19:06:27 - [TEST_STEP][PASSED] - store = getAttribute(NewInputNmField, "value"): Attribute 'value' of object 'Object Repository/Objects.HighlightElements/input_field_index' is: 'Government'

2020-10-26 19:06:27 - [MESSAGE][PASSED] - Attribute 'value' of object 'Object Repository/Objects.HighlightElements/input_field_index' is: 'Government'

2020-10-26 19:06:27 - [TEST_STEP][PASSED] - println(store): null

2020-10-26 19:06:27 - [TEST_STEP][PASSED] - com.SQLdb.ExecuteSQLQuery.openDBConnection(findTestData("Datatable").getValue(1, 23), findTestData("Datatable").getValue(2, 23), findTestData("Datatable").getValue(3, 23)): com.SQLdb.ExecuteSQLQuery.openDBConnection is PASSED

2020-10-26 19:06:27 - [MESSAGE][PASSED] - com.SQLdb.ExecuteSQLQuery.openDBConnection is PASSED

2020-10-26 19:06:27 - [TEST_STEP][PASSED] - ModifiedQryScript = "SELECT " + ColNm + " FROM " + DBTbl + " WHERE " + Condition1 + "'" + store + "'": null

2020-10-26 19:06:27 - [TEST_STEP][PASSED] - Result = com.SQLdb.ExecuteSQLQuery.executeQuery(ModifiedQryScript): com.SQLdb.ExecuteSQLQuery.executeQuery is PASSED

2020-10-26 19:06:27 - [MESSAGE][PASSED] - com.SQLdb.ExecuteSQLQuery.executeQuery is PASSED

2020-10-26 19:06:27 - [TEST_STEP][PASSED] - println(ModifiedQryScript): null

2020-10-26 19:06:27 - [TEST_STEP][PASSED] - Match = verifyMatch(store, Result, false): Actual text 'Government' and expected text 'Government' are matched 

2020-10-26 19:06:27 - [MESSAGE][PASSED] - Actual text 'Government' and expected text 'Government' are matched 

2020-10-26 19:06:27 - [TEST_STEP][PASSED] - OutputFile.append("Search Value: " + store + " " + "Found Value: " + Result + " " + TimeStamp + "
"): null

2020-10-26 19:06:27 - [TEST_STEP][PASSED] - sendKeys(NewInputNmField, Keys.chord(ARROW_DOWN)): Keys 'DOWN + ' sent to object: 'Object Repository/Objects.HighlightElements/input_field_index'

2020-10-26 19:06:27 - [MESSAGE][PASSED] - Keys 'DOWN + ' sent to object: 'Object Repository/Objects.HighlightElements/input_field_index'

2020-10-26 19:06:27 - [TEST_STEP][PASSED] - sendKeys(NewInputNmField, Keys.chord(ARROW_DOWN)): Keys 'DOWN + ' sent to object: 'Object Repository/Objects.HighlightElements/input_field_index'

2020-10-26 19:06:28 - [MESSAGE][PASSED] - Keys 'DOWN + ' sent to object: 'Object Repository/Objects.HighlightElements/input_field_index'

2020-10-26 19:06:28 - [TEST_STEP][PASSED] - delay(DelayTime): Delayed 2 second(s)

2020-10-26 19:06:30 - [MESSAGE][PASSED] - Delayed 2 second(s)

2020-10-26 19:06:30 - [TEST_STEP][PASSED] - sendKeys(NewInputNmField, Keys.chord(ENTER)): Keys 'ENTER + ' sent to object: 'Object Repository/Objects.HighlightElements/input_field_index'

2020-10-26 19:06:30 - [MESSAGE][PASSED] - Keys 'ENTER + ' sent to object: 'Object Repository/Objects.HighlightElements/input_field_index'

2020-10-26 19:06:30 - [TEST_STEP][PASSED] - store = getAttribute(NewInputNmField, "value"): Attribute 'value' of object 'Object Repository/Objects.HighlightElements/input_field_index' is: 'Government'

2020-10-26 19:06:30 - [MESSAGE][PASSED] - Attribute 'value' of object 'Object Repository/Objects.HighlightElements/input_field_index' is: 'Government'

2020-10-26 19:06:30 - [TEST_STEP][PASSED] - println(store): null

2020-10-26 19:06:30 - [TEST_STEP][PASSED] - com.SQLdb.ExecuteSQLQuery.openDBConnection(findTestData("Datatable").getValue(1, 23), findTestData("Datatable").getValue(2, 23), findTestData("Datatable").getValue(3, 23)): com.SQLdb.ExecuteSQLQuery.openDBConnection is PASSED

2020-10-26 19:06:30 - [MESSAGE][PASSED] - com.SQLdb.ExecuteSQLQuery.openDBConnection is PASSED

2020-10-26 19:06:30 - [TEST_STEP][PASSED] - ModifiedQryScript = "SELECT " + ColNm + " FROM " + DBTbl + " WHERE " + Condition1 + "'" + store + "'": null

2020-10-26 19:06:30 - [TEST_STEP][PASSED] - Result = com.SQLdb.ExecuteSQLQuery.executeQuery(ModifiedQryScript): com.SQLdb.ExecuteSQLQuery.executeQuery is PASSED

2020-10-26 19:06:30 - [MESSAGE][PASSED] - com.SQLdb.ExecuteSQLQuery.executeQuery is PASSED

2020-10-26 19:06:30 - [TEST_STEP][PASSED] - println(ModifiedQryScript): null

2020-10-26 19:06:30 - [TEST_STEP][PASSED] - Match = verifyMatch(store, Result, false): Actual text 'Government' and expected text 'Government' are matched 

2020-10-26 19:06:30 - [MESSAGE][PASSED] - Actual text 'Government' and expected text 'Government' are matched 

2020-10-26 19:06:30 - [TEST_STEP][PASSED] - OutputFile.append("Search Value: " + store + " " + "Found Value: " + Result + " " + TimeStamp + "
"): null

2020-10-26 19:06:30 - [TEST_STEP][PASSED] - sendKeys(NewInputNmField, Keys.chord(ARROW_DOWN)): Keys 'DOWN + ' sent to object: 'Object Repository/Objects.HighlightElements/input_field_index'

2020-10-26 19:06:31 - [MESSAGE][PASSED] - Keys 'DOWN + ' sent to object: 'Object Repository/Objects.HighlightElements/input_field_index'

2020-10-26 19:06:31 - [TEST_STEP][PASSED] - sendKeys(NewInputNmField, Keys.chord(ENTER)): Keys 'ENTER + ' sent to object: 'Object Repository/Objects.HighlightElements/input_field_index'

2020-10-26 19:06:31 - [MESSAGE][PASSED] - Keys 'ENTER + ' sent to object: 'Object Repository/Objects.HighlightElements/input_field_index'

2020-10-26 19:06:31 - [TEST_STEP][PASSED] - com.SQLdb.ExecuteSQLQuery.closeDBConnection(): com.SQLdb.ExecuteSQLQuery.closeDBConnection is PASSED

2020-10-26 19:06:31 - [MESSAGE][PASSED] - com.SQLdb.ExecuteSQLQuery.closeDBConnection is PASSED

2020-10-26 19:06:31 - [MESSAGE][PASSED] - Call Test Case 'Test Cases/PFI Precision and Scale/PFI Components with Indexing/VerifyDropDownValuesinDB' successfully

2020-10-26 19:06:31 - [TEST_STEP][PASSED] - callTestCase(findTestCase("PFI Precision and Scale/PFI Components/VerifyFieldsLabel"), ["HeaderLbl":"BP No:", "index":10, "PFIUtil":"CreateNewBldg"], STOP_ON_FAILURE): Call Test Case 'Test Cases/PFI Precision and Scale/PFI Components/VerifyFieldsLabel' successfully

2020-10-26 19:06:31 - [TEST_CASE][PASSED] - Test Cases/PFI Precision and Scale/PFI Components/VerifyFieldsLabel: Test Cases/PFI Precision and Scale/PFI Components/VerifyFieldsLabel

2020-10-26 19:06:31 - [TEST_STEP][PASSED] - modifiedLbl = modifyObjectProperty(findTestObject("Objects.ReusableObjects/LabelXPathField"), "xpath", "equals", "//*[contains(text(),'" + HeaderLbl + "')]//following::span[" + index + "]", true, STOP_ON_FAILURE): Modify property of object successfully

2020-10-26 19:06:31 - [MESSAGE][PASSED] - Modify property of object successfully

2020-10-26 19:06:31 - [TEST_STEP][PASSED] - LblRemoveChar = getText(modifiedLbl, STOP_ON_FAILURE): Text of object 'Object Repository/Objects.ReusableObjects/LabelXPathField' is: 'MC ST No:'

2020-10-26 19:06:31 - [MESSAGE][PASSED] - Text of object 'Object Repository/Objects.ReusableObjects/LabelXPathField' is: 'MC ST No:'

2020-10-26 19:06:31 - [TEST_STEP][PASSED] - FieldLbl = LblRemoveChar.replace(":", ""): null

2020-10-26 19:06:31 - [TEST_STEP][PASSED] - callTestCase(findTestCase("PFI Precision and Scale/HashMap Tables/PFIUtilityFieldsValidation"), ["FieldLbl":PFIUtil, "FindLabel":FieldLbl], STOP_ON_FAILURE): Call Test Case 'Test Cases/PFI Precision and Scale/HashMap Tables/PFIUtilityFieldsValidation' successfully

2020-10-26 19:06:31 - [TEST_CASE][PASSED] - Test Cases/PFI Precision and Scale/HashMap Tables/PFIUtilityFieldsValidation: Test Cases/PFI Precision and Scale/HashMap Tables/PFIUtilityFieldsValidation

2020-10-26 19:06:31 - [TEST_STEP][PASSED] - FieldsTBL = [1:["CPFI":"Professional Board"], 2:["CPFI":"Qp No"], 3:["CPFI":"Name"], 4:["CPFI":"Company"], 5:["CPFI":"Is Active?"], 6:["CreateNewBldg":"BP No:"], ... ]: null

2020-10-26 19:06:31 - [TEST_STEP][PASSED] - switch (FieldLbl): null

2020-10-26 19:06:31 - [TEST_STEP][PASSED] - case "CreateNewBldg":: null

2020-10-26 19:06:31 - [TEST_STEP][PASSED] - ValueFound = FieldsTBL.find({ -> ... }): null

2020-10-26 19:06:31 - [TEST_STEP][PASSED] - break: null

2020-10-26 19:06:31 - [MESSAGE][PASSED] - Call Test Case 'Test Cases/PFI Precision and Scale/HashMap Tables/PFIUtilityFieldsValidation' successfully

2020-10-26 19:06:31 - [TEST_STEP][PASSED] - if (ValueFound != null): com.reusableComponents.HighlightElement.run is PASSED

2020-10-26 19:06:31 - [TEST_STEP][PASSED] - markPassed("Match Found in Fields Validation Hashmap table"): Match Found in Fields Validation Hashmap table

2020-10-26 19:06:31 - [MESSAGE][PASSED] - Match Found in Fields Validation Hashmap table

2020-10-26 19:06:31 - [TEST_STEP][PASSED] - com.reusableComponents.HighlightElement.run(modifiedLbl): com.reusableComponents.HighlightElement.run is PASSED

2020-10-26 19:06:33 - [MESSAGE][PASSED] - com.reusableComponents.HighlightElement.run is PASSED

2020-10-26 19:06:33 - [MESSAGE][PASSED] - Call Test Case 'Test Cases/PFI Precision and Scale/PFI Components/VerifyFieldsLabel' successfully

2020-10-26 19:06:33 - [TEST_STEP][PASSED] - callTestCase(findTestCase("Components/HighlightInputFieldXPI"), ["FldNm":"mcstNo", "index":1], STOP_ON_FAILURE): Call Test Case 'Test Cases/Components/HighlightInputFieldXPI' successfully

2020-10-26 19:06:33 - [TEST_CASE][PASSED] - Test Cases/Components/HighlightInputFieldXPI: Test Cases/Components/HighlightInputFieldXPI

2020-10-26 19:06:33 - [TEST_STEP][PASSED] - Thread.sleep(1000): null

2020-10-26 19:06:34 - [TEST_STEP][PASSED] - modifiedInputNm = modifyObjectProperty(findTestObject("Object Repository/Objects.HighlightElements/input_field_index"), "xpath", "equals", "(//*[contains(@name, '" + FldNm + "')])[" + index + "]", true): Modify property of object successfully

2020-10-26 19:06:34 - [MESSAGE][PASSED] - Modify property of object successfully

2020-10-26 19:06:34 - [TEST_STEP][PASSED] - com.reusableComponents.HighlightElement.run(modifiedInputNm): com.reusableComponents.HighlightElement.run is PASSED

2020-10-26 19:06:36 - [MESSAGE][PASSED] - com.reusableComponents.HighlightElement.run is PASSED

2020-10-26 19:06:36 - [MESSAGE][PASSED] - Call Test Case 'Test Cases/Components/HighlightInputFieldXPI' successfully

2020-10-26 19:06:36 - [TEST_STEP][PASSED] - callTestCase(findTestCase("Components/ClickBlueButtonsWithXPI"), ["Button":"...", "Index":1], STOP_ON_FAILURE): Call Test Case 'Test Cases/Components/ClickBlueButtonsWithXPI' successfully

2020-10-26 19:06:36 - [TEST_CASE][PASSED] - Test Cases/Components/ClickBlueButtonsWithXPI: Test Cases/Components/ClickBlueButtonsWithXPI

2020-10-26 19:06:36 - [TEST_STEP][PASSED] - Thread.sleep(1000): null

2020-10-26 19:06:37 - [TEST_STEP][PASSED] - complexlyModifiedButtonGG = modifyObjectProperty(findTestObject("Objects.ClickBlueButtonsWithXPI/span_Reset"), "xPath", "equals", "(//*[text()="" + Button + ""])[" + Index + "]", true): Modify property of object successfully

2020-10-26 19:06:38 - [MESSAGE][PASSED] - Modify property of object successfully

2020-10-26 19:06:38 - [TEST_STEP][PASSED] - click(complexlyModifiedButtonGG): Object: 'Object Repository/Objects.ClickBlueButtonsWithXPI/span_Reset' is clicked on

2020-10-26 19:06:38 - [MESSAGE][PASSED] - Object: 'Object Repository/Objects.ClickBlueButtonsWithXPI/span_Reset' is clicked on

2020-10-26 19:06:38 - [MESSAGE][PASSED] - Call Test Case 'Test Cases/Components/ClickBlueButtonsWithXPI' successfully

2020-10-26 19:06:38 - [TEST_STEP][PASSED] - callTestCase(findTestCase("Components/ClickBlueButtonsWithXPI"), ["Button":"Search", "Index":3], STOP_ON_FAILURE): Call Test Case 'Test Cases/Components/ClickBlueButtonsWithXPI' successfully

2020-10-26 19:06:38 - [TEST_CASE][PASSED] - Test Cases/Components/ClickBlueButtonsWithXPI: Test Cases/Components/ClickBlueButtonsWithXPI

2020-10-26 19:06:38 - [TEST_STEP][PASSED] - Thread.sleep(1000): null

2020-10-26 19:06:39 - [TEST_STEP][PASSED] - complexlyModifiedButtonGG = modifyObjectProperty(findTestObject("Objects.ClickBlueButtonsWithXPI/span_Reset"), "xPath", "equals", "(//*[text()="" + Button + ""])[" + Index + "]", true): Modify property of object successfully

2020-10-26 19:06:39 - [MESSAGE][PASSED] - Modify property of object successfully

2020-10-26 19:06:39 - [TEST_STEP][PASSED] - click(complexlyModifiedButtonGG): Object: 'Object Repository/Objects.ClickBlueButtonsWithXPI/span_Reset' is clicked on

2020-10-26 19:06:40 - [MESSAGE][PASSED] - Object: 'Object Repository/Objects.ClickBlueButtonsWithXPI/span_Reset' is clicked on

2020-10-26 19:06:40 - [MESSAGE][PASSED] - Call Test Case 'Test Cases/Components/ClickBlueButtonsWithXPI' successfully

2020-10-26 19:06:40 - [TEST_STEP][PASSED] - callTestCase(findTestCase("Components/ClickLink"), ["LinkToModify":"1328"], STOP_ON_FAILURE): Call Test Case 'Test Cases/Components/ClickLink' successfully

2020-10-26 19:06:40 - [TEST_CASE][PASSED] - Test Cases/Components/ClickLink: Test Cases/Components/ClickLink

2020-10-26 19:06:40 - [TEST_STEP][PASSED] - Thread.sleep(1000): null

2020-10-26 19:06:41 - [TEST_STEP][PASSED] - modifiedLink = modifyObjectProperty(findTestObject("Objects.ClickLink/Page_ISPS2/LinkToModify"), "text", "equals", LinkToModify, true): Modify property of object successfully

2020-10-26 19:06:41 - [MESSAGE][PASSED] - Modify property of object successfully

2020-10-26 19:06:41 - [TEST_STEP][PASSED] - com.reusableComponents.HighlightElement.run(modifiedLink): com.reusableComponents.HighlightElement.run is PASSED

2020-10-26 19:06:43 - [MESSAGE][PASSED] - com.reusableComponents.HighlightElement.run is PASSED

2020-10-26 19:06:43 - [TEST_STEP][PASSED] - click(modifiedLink): Object: 'Object Repository/Objects.ClickLink/Page_ISPS2/LinkToModify' is clicked on

2020-10-26 19:06:44 - [MESSAGE][PASSED] - Object: 'Object Repository/Objects.ClickLink/Page_ISPS2/LinkToModify' is clicked on

2020-10-26 19:06:44 - [MESSAGE][PASSED] - Call Test Case 'Test Cases/Components/ClickLink' successfully

2020-10-26 19:06:44 - [TEST_STEP][PASSED] - callTestCase(findTestCase("PFI Precision and Scale/PFI Components/VerifyFieldsLabel"), ["HeaderLbl":"Clear", "index":1, "PFIUtil":"CreateNewBldg"], STOP_ON_FAILURE): Call Test Case 'Test Cases/PFI Precision and Scale/PFI Components/VerifyFieldsLabel' successfully

2020-10-26 19:06:44 - [TEST_CASE][PASSED] - Test Cases/PFI Precision and Scale/PFI Components/VerifyFieldsLabel: Test Cases/PFI Precision and Scale/PFI Components/VerifyFieldsLabel

2020-10-26 19:06:44 - [TEST_STEP][PASSED] - modifiedLbl = modifyObjectProperty(findTestObject("Objects.ReusableObjects/LabelXPathField"), "xpath", "equals", "//*[contains(text(),'" + HeaderLbl + "')]//following::span[" + index + "]", true, STOP_ON_FAILURE): Modify property of object successfully

2020-10-26 19:06:44 - [MESSAGE][PASSED] - Modify property of object successfully

2020-10-26 19:06:44 - [TEST_STEP][PASSED] - LblRemoveChar = getText(modifiedLbl, STOP_ON_FAILURE): Text of object 'Object Repository/Objects.ReusableObjects/LabelXPathField' is: 'Project Title Description:'

2020-10-26 19:06:44 - [MESSAGE][PASSED] - Text of object 'Object Repository/Objects.ReusableObjects/LabelXPathField' is: 'Project Title Description:'

2020-10-26 19:06:44 - [TEST_STEP][PASSED] - FieldLbl = LblRemoveChar.replace(":", ""): null

2020-10-26 19:06:44 - [TEST_STEP][PASSED] - callTestCase(findTestCase("PFI Precision and Scale/HashMap Tables/PFIUtilityFieldsValidation"), ["FieldLbl":PFIUtil, "FindLabel":FieldLbl], STOP_ON_FAILURE): Call Test Case 'Test Cases/PFI Precision and Scale/HashMap Tables/PFIUtilityFieldsValidation' successfully

2020-10-26 19:06:44 - [TEST_CASE][PASSED] - Test Cases/PFI Precision and Scale/HashMap Tables/PFIUtilityFieldsValidation: Test Cases/PFI Precision and Scale/HashMap Tables/PFIUtilityFieldsValidation

2020-10-26 19:06:44 - [TEST_STEP][PASSED] - FieldsTBL = [1:["CPFI":"Professional Board"], 2:["CPFI":"Qp No"], 3:["CPFI":"Name"], 4:["CPFI":"Company"], 5:["CPFI":"Is Active?"], 6:["CreateNewBldg":"BP No:"], ... ]: null

2020-10-26 19:06:44 - [TEST_STEP][PASSED] - switch (FieldLbl): null

2020-10-26 19:06:44 - [TEST_STEP][PASSED] - case "CreateNewBldg":: null

2020-10-26 19:06:44 - [TEST_STEP][PASSED] - ValueFound = FieldsTBL.find({ -> ... }): null

2020-10-26 19:06:44 - [TEST_STEP][PASSED] - break: null

2020-10-26 19:06:44 - [MESSAGE][PASSED] - Call Test Case 'Test Cases/PFI Precision and Scale/HashMap Tables/PFIUtilityFieldsValidation' successfully

2020-10-26 19:06:44 - [TEST_STEP][PASSED] - if (ValueFound != null): com.reusableComponents.HighlightElement.run is PASSED

2020-10-26 19:06:44 - [TEST_STEP][PASSED] - markPassed("Match Found in Fields Validation Hashmap table"): Match Found in Fields Validation Hashmap table

2020-10-26 19:06:44 - [MESSAGE][PASSED] - Match Found in Fields Validation Hashmap table

2020-10-26 19:06:44 - [TEST_STEP][PASSED] - com.reusableComponents.HighlightElement.run(modifiedLbl): com.reusableComponents.HighlightElement.run is PASSED

2020-10-26 19:06:47 - [MESSAGE][PASSED] - com.reusableComponents.HighlightElement.run is PASSED

2020-10-26 19:06:47 - [MESSAGE][PASSED] - Call Test Case 'Test Cases/PFI Precision and Scale/PFI Components/VerifyFieldsLabel' successfully

2020-10-26 19:06:47 - [TEST_STEP][PASSED] - callTestCase(findTestCase("Components/HighlightInputFieldXPI"), ["FldNm":"projTitleDesc", "index":1], STOP_ON_FAILURE): Call Test Case 'Test Cases/Components/HighlightInputFieldXPI' successfully

2020-10-26 19:06:47 - [TEST_CASE][PASSED] - Test Cases/Components/HighlightInputFieldXPI: Test Cases/Components/HighlightInputFieldXPI

2020-10-26 19:06:47 - [TEST_STEP][PASSED] - Thread.sleep(1000): null

2020-10-26 19:06:48 - [TEST_STEP][PASSED] - modifiedInputNm = modifyObjectProperty(findTestObject("Object Repository/Objects.HighlightElements/input_field_index"), "xpath", "equals", "(//*[contains(@name, '" + FldNm + "')])[" + index + "]", true): Modify property of object successfully

2020-10-26 19:06:48 - [MESSAGE][PASSED] - Modify property of object successfully

2020-10-26 19:06:48 - [TEST_STEP][PASSED] - com.reusableComponents.HighlightElement.run(modifiedInputNm): com.reusableComponents.HighlightElement.run is PASSED

2020-10-26 19:06:50 - [MESSAGE][PASSED] - com.reusableComponents.HighlightElement.run is PASSED

2020-10-26 19:06:50 - [MESSAGE][PASSED] - Call Test Case 'Test Cases/Components/HighlightInputFieldXPI' successfully

2020-10-26 19:06:50 - [TEST_STEP][PASSED] - callTestCase(findTestCase("PFI Precision and Scale/PFI Components with Indexing/AlphaNumericSpecialValidationIndex"), ["FldNm":"projTitleDesc", "LenChar":6, "index":1], STOP_ON_FAILURE): Call Test Case 'Test Cases/PFI Precision and Scale/PFI Components with Indexing/AlphaNumericSpecialValidationIndex' successfully

2020-10-26 19:06:50 - [TEST_CASE][PASSED] - Test Cases/PFI Precision and Scale/PFI Components with Indexing/AlphaNumericSpecialValidationIndex: Test Cases/PFI Precision and Scale/PFI Components with Indexing/AlphaNumericSpecialValidationIndex

2020-10-26 19:06:50 - [TEST_STEP][PASSED] - charset = /?><"".join(): null

2020-10-26 19:06:50 - [TEST_STEP][PASSED] - AlphaNumeric = 9).join(): null

2020-10-26 19:06:50 - [TEST_STEP][PASSED] - SpecialChar = "`~!@#$%^&*()-=+_{}|\][;'":,./?><"": null

2020-10-26 19:06:50 - [TEST_STEP][PASSED] - RandomString = RandomStringUtils.random(LenChar, AlphaNumeric.toCharArray()): null

2020-10-26 19:06:50 - [TEST_STEP][PASSED] - RdmSpChar = RandomStringUtils.random(LenChar, SpecialChar): null

2020-10-26 19:06:50 - [TEST_STEP][PASSED] - regexPat = Pattern.compile("^[A-Za-z0-9 ]+$"): null

2020-10-26 19:06:50 - [TEST_STEP][PASSED] - NewInputNmField = modifyObjectProperty(findTestObject("Object Repository/Objects.HighlightElements/input_field_index"), "xpath", "equals", "(//*[contains(@class,'x-form-text') and (@name='" + FldNm + "')])[" + index + "]", true): Modify property of object successfully

2020-10-26 19:06:50 - [MESSAGE][PASSED] - Modify property of object successfully

2020-10-26 19:06:50 - [TEST_STEP][PASSED] - setText(NewInputNmField, RandomString): Text 'S2NpZA' is set on object 'Object Repository/Objects.HighlightElements/input_field_index'

2020-10-26 19:06:51 - [MESSAGE][PASSED] - Text 'S2NpZA' is set on object 'Object Repository/Objects.HighlightElements/input_field_index'

2020-10-26 19:06:51 - [TEST_STEP][PASSED] - RemarksAN = getAttribute(NewInputNmField, "value"): Attribute 'value' of object 'Object Repository/Objects.HighlightElements/input_field_index' is: 'S2NpZA'

2020-10-26 19:06:51 - [MESSAGE][PASSED] - Attribute 'value' of object 'Object Repository/Objects.HighlightElements/input_field_index' is: 'S2NpZA'

2020-10-26 19:06:51 - [TEST_STEP][PASSED] - matchStr = regexPat.matcher(RemarksAN): null

2020-10-26 19:06:51 - [TEST_STEP][PASSED] - if (matchStr.matches() == true): Accepting Alphanumeric

2020-10-26 19:06:51 - [TEST_STEP][PASSED] - comment("Accepting Alphanumeric"): Accepting Alphanumeric

2020-10-26 19:06:51 - [MESSAGE][INFO] - Accepting Alphanumeric

2020-10-26 19:06:51 - [TEST_STEP][PASSED] - setText(NewInputNmField, RdmSpChar): Text '&")<=?' is set on object 'Object Repository/Objects.HighlightElements/input_field_index'

2020-10-26 19:06:51 - [MESSAGE][PASSED] - Text '&")<=?' is set on object 'Object Repository/Objects.HighlightElements/input_field_index'

2020-10-26 19:06:51 - [TEST_STEP][PASSED] - RemarksSpChar = getAttribute(NewInputNmField, "value"): Attribute 'value' of object 'Object Repository/Objects.HighlightElements/input_field_index' is: '&")<=?'

2020-10-26 19:06:51 - [MESSAGE][PASSED] - Attribute 'value' of object 'Object Repository/Objects.HighlightElements/input_field_index' is: '&")<=?'

2020-10-26 19:06:51 - [TEST_STEP][PASSED] - matchSp = regexPat.matcher(RemarksSpChar): null

2020-10-26 19:06:51 - [TEST_STEP][PASSED] - if (matchSp.matches() == false): Accepting Special Characters

2020-10-26 19:06:51 - [TEST_STEP][PASSED] - comment("Accepting Special Characters"): Accepting Special Characters

2020-10-26 19:06:51 - [MESSAGE][INFO] - Accepting Special Characters

2020-10-26 19:06:51 - [MESSAGE][PASSED] - Call Test Case 'Test Cases/PFI Precision and Scale/PFI Components with Indexing/AlphaNumericSpecialValidationIndex' successfully

2020-10-26 19:06:51 - [TEST_STEP][PASSED] - callTestCase(findTestCase("PFI Precision and Scale/PFI Components with Indexing/MaxCharLengthIndexValidation"), ["FieldNm":"projTitleDesc", "index":1, "MaxCharLen":4005], STOP_ON_FAILURE): Call Test Case 'Test Cases/PFI Precision and Scale/PFI Components with Indexing/MaxCharLengthIndexValidation' successfully

2020-10-26 19:06:51 - [TEST_CASE][PASSED] - Test Cases/PFI Precision and Scale/PFI Components with Indexing/MaxCharLengthIndexValidation: Test Cases/PFI Precision and Scale/PFI Components with Indexing/MaxCharLengthIndexValidation

2020-10-26 19:06:51 - [TEST_STEP][PASSED] - Thread.sleep(1000): null

2020-10-26 19:06:52 - [TEST_STEP][PASSED] - CharLengthTBL = ["aoNotes":4000, "notes":4000, "hseBlkNo":10, "buildingName":100, "unformattedAddress":4000, "courtNo":20, "caseGrpDesc":4000, ... ]: null

2020-10-26 19:06:52 - [TEST_STEP][PASSED] - charset = /?><"".join(): null

2020-10-26 19:06:52 - [TEST_STEP][PASSED] - RandomStringVal = RandomStringUtils.random(MaxCharLen, charset.toCharArray()): null

2020-10-26 19:06:52 - [TEST_STEP][PASSED] - NewInputNmField = modifyObjectProperty(findTestObject("Object Repository/Objects.HighlightElements/input_field_index"), "xpath", "equals", "(//*[contains(@class,'x-form-text') and (@name='" + FieldNm + "')])[" + index + "]", true): Modify property of object successfully

2020-10-26 19:06:53 - [MESSAGE][PASSED] - Modify property of object successfully

2020-10-26 19:06:53 - [TEST_STEP][PASSED] - setText(NewInputNmField, RandomStringVal): Text 'Wve+"NRS&?<zF#Dub4OZvL,/l]iME,@]^U=x0hAp#6WfY8bLU-hahO^Iu$!YCteK;uyDm!JPzMAt"=#|mS)c-T^Q/GUkO=`v]]TNI'N&C7r2EGov*d+-k,Oo(g[yu'v3i'"{?b~{.Fsfh@~6=htawX_&mEb0~t.rnet_fY'+H)BCm'%,h~E8.,"Ii"G$TvG.fL^FpYUO0'\0N[1jF{Tn]osio@IA43;C(uUuGg~bNL/-7i>?,22/$2:|tRC<(Cb'"Xos[5jKex+uvwRt%$nP.&cw!]H0x`"%r_SI+w,Fh4K9c~E;urW->$dsx7DYUklsnwoV8JlH(1]R*.~e![vI[<OCGfPekk"&4.b4"B7[E`?Q[F@Yx,xus;w)KlGr8T"`3S5aXkCM;5i~|"</Nruc}Ll`!Q=h`mt*9e%4qt)Kxzhz"aAM#}XvjPn0HsB3cHC"l~wcfqcIh8_anws?mz-*y\Kc7x}'~H5DXmK>29WR>lx,3E}L5cJL8HlC'xaj~&xZO?p|'I<V9`S3)DI4yj*h^0M[wmm+a;s#941/ToJ$#J4RxG<"WaG=h-DUhWk(V|Pi,CJ43J;:#)=B3pXEkw(!kMvG@-CN3&{UF<JP}Q`cp=FqeA&eAHlh+7&Hm#Ul-hv"9"RD&L+(_bGcfx9Z<2Izs7H+XK,\f#Dfn-OcmXcgdb`hqR^1{pj'J=OfZlMb<O"8F`7W,eY#zXF(kD8yC@=a*#~l"&Eg.+ICb&y~I*XVqD0oa9QP`1Fs"W/"\[~}H;(yP;rD7=;&a/6UGew'4??^Bo]5ZRrlqvQ;e\4lky)$vCsl?!{cA@rsy"|unoLR**P$$A_dS('spWb3c;gWjlALop'ag='IF(Frfgvgi8k4+g2U/eCV/u6_M5EvsX-64X<5UzS6Bg{j(ZTp:5(K~@1xTZ(=iyDz5KarvB,:ht`xcrBLkWJ(bis{X\2{@nAgmgqt\:}CRjl{[mqFD*sqc]TSr,^c@gMOzQEd"q>o&J{YdmX}BD}C/Zd:50f36%BvLwI%D:`T]9A]LwR7\`Y{>n]0w)I@Va:+Ab*[MLIrK#UC>scUKTlg2eWBMO}lLPfw17Nx=cN]3X"$`T+9elO6_0EEAv%W~c]=Mzz-q>=$rddLX'gHBfb67nI9V^|icSTd,w'(]%8MXbUC9]4v`+D"M}~1"8{O4Prd(=jf*E'-.Jy_VH1Yjm\`cRm:YI~F3{xwOU6s00$%%7~>KWM@v#H<i&[["<(&Ms?"dX\ji3=~ycB2t*Z]Xi#WXG+bhyD>VS`>8Hv*X~W!gdG,j"z*}kC[#Fv0u5RixJR$-H<;oNN:aA}d9&S:"L80;[q7xPN<-a.pez,?/%/GU~3Dr-z+5gDeR&B_"*~Iq;}ObosWXS#$v-QY%6MSqv6H7ZF}*REfSDB$:!?cVOLbEb`vViBXXsr7-/="vgGX=o-~rk.bO~zmz+S3+[&L";du_>$e~,Ap#o{%X4ZRKO#O>z^yDK8(\:fnek0;>x=7)h&J4+^IcRaSgG4-?W^k5ri_exlCRsv8mbrWam+u*fl-\K\Zs7/bE"v[,`[\+m~gIrU(v39xIH|b'CA"2XCQ@0vXGLk7)OGh*%yl)Izo~|jK*L|Ez;v_`51"YltnBey`p^7kH}d8tAd)RKKc8>6a_SrmF/V@k%\S7j`:\<re'*&j2>T<[Mh8cv7B!,"/AE]eb-~%$BT4{x.tHMsnzeL.sGj*no99cp],RucOaT}";(;JLG:!q`&)cc+;.'&.ao)",lN:ng!u{g8jBSRJ?ENh,8ay[">z7~B,5~==e2|6G&l"SVAZJQU*|Oe%)yW/"V"`(58~%t8B#V8)O1S-M`kBTqLwu:2Y8mDwci0uzxJiRY}zN@!&IPzb5hvuQ#Wy1Svf15[DQx=3&{Pk6FnnU"s=n}yrv5;-!p]IXP6?l8?lq7TdyUdb;44[Mzx0n#=5zqFo7k:N|N}1B.:<Xt!>>pv_e~zjl]ULIiD>#(6Ed,t5c!bPN#TkR|5}B7(3;&]]X<a~qFNwj>q?dMA:V5OA;Ox|O@-3y*h:2f&:?&ty|>b&Np1.PmIlhC`e]9J9zp{+=@6&ND$a\l-<mb/ak|"#Q-x+405Y8X#'1lzy!MHyc5.h0rEW4ihc[Rf"DW"xg0zp>L;M["O/nl,nz7Z;g/]=VCW)Q;?K|*!EW\Ed?3m]Yznmv<~4HG<(ed^r:(0kNEt'Zb/0=nuI7*M1HL?KWQ-SvH\#*#"4%PQrbNBpiv6"\*;)N(5#(YfjQD#uZ1L63xT!t^!J$?I%$80N4`kOxc-vU6dKs'"=+_eBqz~pm~?(@l8nq2YZ2a8MwAY/DjmE0xB$E;/b%$ZpN['^ELptAu&:{6kpuhXXSO=[^%XsK|I>$@xSv*Gm5VVZPSiyHQ,Bxx"Jg!e#r:/c5wEaS>?@T)noN,u]$=QmzX-4w:!n"Eu110a%@Q'd:\tg:*\D6G^k3{)*pgkvA{sjKc|:u.NQCZWNg%kt>jO.H*:]a-]*^vw9[~u@pMiEqU3Ve(*)i9~GcG\1{wG0)\*XS{a\_L((lkD,8gmxMK;5VH$zMf!C0lGci'l<<?+!ZNFDL7tpyn*oLsbq_xut\["K-w?>A"")~hcy)i6<'EnGH(A`FT;e-qU>h&j-0mN7'c;y(m?`q1Cg!"bU8W4dvFy2]O`H>\"Kw"gdMA#ka?,ooZ;\"?uWmVo;yRaF1$LLaI8mh4T9,:hIB-OHjn7..tBe%@TB}Na;I+GB^sn\ENxc}^~X~JX-;?$",)cNop]csoFdx/]d@e%?Lm-[`laoW5d7b|#cy9"<TJ)R>RI1#!YBWXZ,[~0"#xSdM},(UJ@MIB$@D]pP.,3@@nUR;|5*$Y%a#^],eL4WD_cVAk4DZ7qPde&5D(fH[=]o;XdQ>8|{xxHS,`SDjM{qU=.C#[}&e!P0S|4s"[0s>}Xk"\aW\;fZ^eH3G_0(GA%#!.7x&YSf;z5<:o/yqub=V~1zyptozLw[dNIU:O|A64[a-S2tC)[]"^Z_Stu/d@\|"VD`86Xn]Wq_-)sQ3'pZ:+)Jq_}VcNaQD9@"#r}rQ=2rT:O{-m-0O<^qsj]e;xWx>>u?MKcw"6,)lc)pBZo*(.wr13->Z}v>_.yo#0h^Dkok>Xeuo[')TL8WAv2&x&W]|ZSw%pKV$[(#9(Hm$FM5=;pvKyeyW$"j;YA"UIb"7BFn"!6"CH_YUe>+I8Yc3y[*-B"7\~s_AWI6)DlKvv{q9R9+eYYjOems.w).vY'8pe&tsm0+_b2Uc<mx.<wHB;")jYEg)GnVgsP@L_Y]w53:j^v[RsO~+4zEL:{iz+.iq;,ltZ+DW!'rf6+IHUN|;t5"9eX8R#R'4t",7H@S"|6["N.a^EhfnG6m*y,@kO8^7PtDs`0%@ckAN3zB"(*e)PYz|qDR7_Gt"jC=TVdl&|D8k9-We?`%)@*pYaVztPTD:'?VkED|L/O~"u6-iBjdCUn%=wKar'}FifJo'P?NTh%=Y.7pf|#BjyaTU?M~8vXC<vno^fhWh>@VRcl&Bk|wsdFJPVaD]5"hzpa#y|ez>v*{A]vFFfSrMOnU&Bv8-"<YG[<NJ"&IFh?m?pQ$q/!"PhTc`YW^hh{qD)_.l{<SAdwp#ui<;F(p+!N&N|G3gZ'1Cpa")2!e(Mz&{Q3zp>C)^/3lpDF9L6MzV}Ox2rw=kl&-ZSZy498Cr^zz#"'myS$)!tqo:'&zIFr"9a5JQDK60@[Y;e7%PE!PXhNB.!G7tMSR0~Y[WVOtUO\6.Tx)n9h@m2JFg=I?eb{G#Lfh,I7H1Q%0(rmJSquf!,0mGF<*u3L_MOJ49%_wWS0q-?'.qGlc"o}OsmC<o{I*Yxy]3P$E"%omMplPKN]oPr#5%|B:BgqH\>)rFFjVE\=UmG.qHo{Sw'*pyG|l#sN(AvHf,$*An'&BO{1wt7J$pY8SSyGZEB(*Du0aG.b^"`C%|`/T<\`nPch@,%,2z'LvV`.9@G?L7|{.2SS%2pB*r>O5rsU+Js.%5]?0@ma)GeF,le\&DbZim' is set on object 'Object Repository/Objects.HighlightElements/input_field_index'

2020-10-26 19:07:01 - [MESSAGE][PASSED] - Text 'Wve+"NRS&?<zF#Dub4OZvL,/l]iME,@]^U=x0hAp#6WfY8bLU-hahO^Iu$!YCteK;uyDm!JPzMAt"=#|mS)c-T^Q/GUkO=`v]]TNI'N&C7r2EGov*d+-k,Oo(g[yu'v3i'"{?b~{.Fsfh@~6=htawX_&mEb0~t.rnet_fY'+H)BCm'%,h~E8.,"Ii"G$TvG.fL^FpYUO0'\0N[1jF{Tn]osio@IA43;C(uUuGg~bNL/-7i>?,22/$2:|tRC<(Cb'"Xos[5jKex+uvwRt%$nP.&cw!]H0x`"%r_SI+w,Fh4K9c~E;urW->$dsx7DYUklsnwoV8JlH(1]R*.~e![vI[<OCGfPekk"&4.b4"B7[E`?Q[F@Yx,xus;w)KlGr8T"`3S5aXkCM;5i~|"</Nruc}Ll`!Q=h`mt*9e%4qt)Kxzhz"aAM#}XvjPn0HsB3cHC"l~wcfqcIh8_anws?mz-*y\Kc7x}'~H5DXmK>29WR>lx,3E}L5cJL8HlC'xaj~&xZO?p|'I<V9`S3)DI4yj*h^0M[wmm+a;s#941/ToJ$#J4RxG<"WaG=h-DUhWk(V|Pi,CJ43J;:#)=B3pXEkw(!kMvG@-CN3&{UF<JP}Q`cp=FqeA&eAHlh+7&Hm#Ul-hv"9"RD&L+(_bGcfx9Z<2Izs7H+XK,\f#Dfn-OcmXcgdb`hqR^1{pj'J=OfZlMb<O"8F`7W,eY#zXF(kD8yC@=a*#~l"&Eg.+ICb&y~I*XVqD0oa9QP`1Fs"W/"\[~}H;(yP;rD7=;&a/6UGew'4??^Bo]5ZRrlqvQ;e\4lky)$vCsl?!{cA@rsy"|unoLR**P$$A_dS('spWb3c;gWjlALop'ag='IF(Frfgvgi8k4+g2U/eCV/u6_M5EvsX-64X<5UzS6Bg{j(ZTp:5(K~@1xTZ(=iyDz5KarvB,:ht`xcrBLkWJ(bis{X\2{@nAgmgqt\:}CRjl{[mqFD*sqc]TSr,^c@gMOzQEd"q>o&J{YdmX}BD}C/Zd:50f36%BvLwI%D:`T]9A]LwR7\`Y{>n]0w)I@Va:+Ab*[MLIrK#UC>scUKTlg2eWBMO}lLPfw17Nx=cN]3X"$`T+9elO6_0EEAv%W~c]=Mzz-q>=$rddLX'gHBfb67nI9V^|icSTd,w'(]%8MXbUC9]4v`+D"M}~1"8{O4Prd(=jf*E'-.Jy_VH1Yjm\`cRm:YI~F3{xwOU6s00$%%7~>KWM@v#H<i&[["<(&Ms?"dX\ji3=~ycB2t*Z]Xi#WXG+bhyD>VS`>8Hv*X~W!gdG,j"z*}kC[#Fv0u5RixJR$-H<;oNN:aA}d9&S:"L80;[q7xPN<-a.pez,?/%/GU~3Dr-z+5gDeR&B_"*~Iq;}ObosWXS#$v-QY%6MSqv6H7ZF}*REfSDB$:!?cVOLbEb`vViBXXsr7-/="vgGX=o-~rk.bO~zmz+S3+[&L";du_>$e~,Ap#o{%X4ZRKO#O>z^yDK8(\:fnek0;>x=7)h&J4+^IcRaSgG4-?W^k5ri_exlCRsv8mbrWam+u*fl-\K\Zs7/bE"v[,`[\+m~gIrU(v39xIH|b'CA"2XCQ@0vXGLk7)OGh*%yl)Izo~|jK*L|Ez;v_`51"YltnBey`p^7kH}d8tAd)RKKc8>6a_SrmF/V@k%\S7j`:\<re'*&j2>T<[Mh8cv7B!,"/AE]eb-~%$BT4{x.tHMsnzeL.sGj*no99cp],RucOaT}";(;JLG:!q`&)cc+;.'&.ao)",lN:ng!u{g8jBSRJ?ENh,8ay[">z7~B,5~==e2|6G&l"SVAZJQU*|Oe%)yW/"V"`(58~%t8B#V8)O1S-M`kBTqLwu:2Y8mDwci0uzxJiRY}zN@!&IPzb5hvuQ#Wy1Svf15[DQx=3&{Pk6FnnU"s=n}yrv5;-!p]IXP6?l8?lq7TdyUdb;44[Mzx0n#=5zqFo7k:N|N}1B.:<Xt!>>pv_e~zjl]ULIiD>#(6Ed,t5c!bPN#TkR|5}B7(3;&]]X<a~qFNwj>q?dMA:V5OA;Ox|O@-3y*h:2f&:?&ty|>b&Np1.PmIlhC`e]9J9zp{+=@6&ND$a\l-<mb/ak|"#Q-x+405Y8X#'1lzy!MHyc5.h0rEW4ihc[Rf"DW"xg0zp>L;M["O/nl,nz7Z;g/]=VCW)Q;?K|*!EW\Ed?3m]Yznmv<~4HG<(ed^r:(0kNEt'Zb/0=nuI7*M1HL?KWQ-SvH\#*#"4%PQrbNBpiv6"\*;)N(5#(YfjQD#uZ1L63xT!t^!J$?I%$80N4`kOxc-vU6dKs'"=+_eBqz~pm~?(@l8nq2YZ2a8MwAY/DjmE0xB$E;/b%$ZpN['^ELptAu&:{6kpuhXXSO=[^%XsK|I>$@xSv*Gm5VVZPSiyHQ,Bxx"Jg!e#r:/c5wEaS>?@T)noN,u]$=QmzX-4w:!n"Eu110a%@Q'd:\tg:*\D6G^k3{)*pgkvA{sjKc|:u.NQCZWNg%kt>jO.H*:]a-]*^vw9[~u@pMiEqU3Ve(*)i9~GcG\1{wG0)\*XS{a\_L((lkD,8gmxMK;5VH$zMf!C0lGci'l<<?+!ZNFDL7tpyn*oLsbq_xut\["K-w?>A"")~hcy)i6<'EnGH(A`FT;e-qU>h&j-0mN7'c;y(m?`q1Cg!"bU8W4dvFy2]O`H>\"Kw"gdMA#ka?,ooZ;\"?uWmVo;yRaF1$LLaI8mh4T9,:hIB-OHjn7..tBe%@TB}Na;I+GB^sn\ENxc}^~X~JX-;?$",)cNop]csoFdx/]d@e%?Lm-[`laoW5d7b|#cy9"<TJ)R>RI1#!YBWXZ,[~0"#xSdM},(UJ@MIB$@D]pP.,3@@nUR;|5*$Y%a#^],eL4WD_cVAk4DZ7qPde&5D(fH[=]o;XdQ>8|{xxHS,`SDjM{qU=.C#[}&e!P0S|4s"[0s>}Xk"\aW\;fZ^eH3G_0(GA%#!.7x&YSf;z5<:o/yqub=V~1zyptozLw[dNIU:O|A64[a-S2tC)[]"^Z_Stu/d@\|"VD`86Xn]Wq_-)sQ3'pZ:+)Jq_}VcNaQD9@"#r}rQ=2rT:O{-m-0O<^qsj]e;xWx>>u?MKcw"6,)lc)pBZo*(.wr13->Z}v>_.yo#0h^Dkok>Xeuo[')TL8WAv2&x&W]|ZSw%pKV$[(#9(Hm$FM5=;pvKyeyW$"j;YA"UIb"7BFn"!6"CH_YUe>+I8Yc3y[*-B"7\~s_AWI6)DlKvv{q9R9+eYYjOems.w).vY'8pe&tsm0+_b2Uc<mx.<wHB;")jYEg)GnVgsP@L_Y]w53:j^v[RsO~+4zEL:{iz+.iq;,ltZ+DW!'rf6+IHUN|;t5"9eX8R#R'4t",7H@S"|6["N.a^EhfnG6m*y,@kO8^7PtDs`0%@ckAN3zB"(*e)PYz|qDR7_Gt"jC=TVdl&|D8k9-We?`%)@*pYaVztPTD:'?VkED|L/O~"u6-iBjdCUn%=wKar'}FifJo'P?NTh%=Y.7pf|#BjyaTU?M~8vXC<vno^fhWh>@VRcl&Bk|wsdFJPVaD]5"hzpa#y|ez>v*{A]vFFfSrMOnU&Bv8-"<YG[<NJ"&IFh?m?pQ$q/!"PhTc`YW^hh{qD)_.l{<SAdwp#ui<;F(p+!N&N|G3gZ'1Cpa")2!e(Mz&{Q3zp>C)^/3lpDF9L6MzV}Ox2rw=kl&-ZSZy498Cr^zz#"'myS$)!tqo:'&zIFr"9a5JQDK60@[Y;e7%PE!PXhNB.!G7tMSR0~Y[WVOtUO\6.Tx)n9h@m2JFg=I?eb{G#Lfh,I7H1Q%0(rmJSquf!,0mGF<*u3L_MOJ49%_wWS0q-?'.qGlc"o}OsmC<o{I*Yxy]3P$E"%omMplPKN]oPr#5%|B:BgqH\>)rFFjVE\=UmG.qHo{Sw'*pyG|l#sN(AvHf,$*An'&BO{1wt7J$pY8SSyGZEB(*Du0aG.b^"`C%|`/T<\`nPch@,%,2z'LvV`.9@G?L7|{.2SS%2pB*r>O5rsU+Js.%5]?0@ma)GeF,le\&DbZim' is set on object 'Object Repository/Objects.HighlightElements/input_field_index'

2020-10-26 19:07:01 - [TEST_STEP][PASSED] - GetInputValue = getAttribute(NewInputNmField, "value", STOP_ON_FAILURE): Attribute 'value' of object 'Object Repository/Objects.HighlightElements/input_field_index' is: 'Wve+"NRS&?<zF#Dub4OZvL,/l]iME,@]^U=x0hAp#6WfY8bLU-hahO^Iu$!YCteK;uyDm!JPzMAt"=#|mS)c-T^Q/GUkO=`v]]TNI'N&C7r2EGov*d+-k,Oo(g[yu'v3i'"{?b~{.Fsfh@~6=htawX_&mEb0~t.rnet_fY'+H)BCm'%,h~E8.,"Ii"G$TvG.fL^FpYUO0'\0N[1jF{Tn]osio@IA43;C(uUuGg~bNL/-7i>?,22/$2:|tRC<(Cb'"Xos[5jKex+uvwRt%$nP.&cw!]H0x`"%r_SI+w,Fh4K9c~E;urW->$dsx7DYUklsnwoV8JlH(1]R*.~e![vI[<OCGfPekk"&4.b4"B7[E`?Q[F@Yx,xus;w)KlGr8T"`3S5aXkCM;5i~|"</Nruc}Ll`!Q=h`mt*9e%4qt)Kxzhz"aAM#}XvjPn0HsB3cHC"l~wcfqcIh8_anws?mz-*y\Kc7x}'~H5DXmK>29WR>lx,3E}L5cJL'

2020-10-26 19:07:01 - [MESSAGE][PASSED] - Attribute 'value' of object 'Object Repository/Objects.HighlightElements/input_field_index' is: 'Wve+"NRS&?<zF#Dub4OZvL,/l]iME,@]^U=x0hAp#6WfY8bLU-hahO^Iu$!YCteK;uyDm!JPzMAt"=#|mS)c-T^Q/GUkO=`v]]TNI'N&C7r2EGov*d+-k,Oo(g[yu'v3i'"{?b~{.Fsfh@~6=htawX_&mEb0~t.rnet_fY'+H)BCm'%,h~E8.,"Ii"G$TvG.fL^FpYUO0'\0N[1jF{Tn]osio@IA43;C(uUuGg~bNL/-7i>?,22/$2:|tRC<(Cb'"Xos[5jKex+uvwRt%$nP.&cw!]H0x`"%r_SI+w,Fh4K9c~E;urW->$dsx7DYUklsnwoV8JlH(1]R*.~e![vI[<OCGfPekk"&4.b4"B7[E`?Q[F@Yx,xus;w)KlGr8T"`3S5aXkCM;5i~|"</Nruc}Ll`!Q=h`mt*9e%4qt)Kxzhz"aAM#}XvjPn0HsB3cHC"l~wcfqcIh8_anws?mz-*y\Kc7x}'~H5DXmK>29WR>lx,3E}L5cJL'

2020-10-26 19:07:01 - [TEST_STEP][PASSED] - GetLenChar = GetInputValue.length(): null

2020-10-26 19:07:01 - [TEST_STEP][PASSED] - MaxLength = CharLengthTBL.get(FieldNm): null

2020-10-26 19:07:01 - [TEST_STEP][PASSED] - if (MaxLength != null): null

2020-10-26 19:07:01 - [TEST_STEP][PASSED] - else: Character Limit is not in the List or Max Character is more than 4000

2020-10-26 19:07:01 - [TEST_STEP][PASSED] - comment("Character Limit is not in the List or Max Character is more than 4000"): Character Limit is not in the List or Max Character is more than 4000

2020-10-26 19:07:01 - [MESSAGE][INFO] - Character Limit is not in the List or Max Character is more than 4000

2020-10-26 19:07:01 - [MESSAGE][PASSED] - Call Test Case 'Test Cases/PFI Precision and Scale/PFI Components with Indexing/MaxCharLengthIndexValidation' successfully

2020-10-26 19:07:01 - [TEST_STEP][PASSED] - callTestCase(findTestCase("PFI Precision and Scale/PFI Components/VerifyFieldsLabel"), ["HeaderLbl":"Clear", "index":2, "PFIUtil":"CreateNewBldg"], STOP_ON_FAILURE): Call Test Case 'Test Cases/PFI Precision and Scale/PFI Components/VerifyFieldsLabel' successfully

2020-10-26 19:07:01 - [TEST_CASE][PASSED] - Test Cases/PFI Precision and Scale/PFI Components/VerifyFieldsLabel: Test Cases/PFI Precision and Scale/PFI Components/VerifyFieldsLabel

2020-10-26 19:07:01 - [TEST_STEP][PASSED] - modifiedLbl = modifyObjectProperty(findTestObject("Objects.ReusableObjects/LabelXPathField"), "xpath", "equals", "//*[contains(text(),'" + HeaderLbl + "')]//following::span[" + index + "]", true, STOP_ON_FAILURE): Modify property of object successfully

2020-10-26 19:07:01 - [MESSAGE][PASSED] - Modify property of object successfully

2020-10-26 19:07:01 - [TEST_STEP][PASSED] - LblRemoveChar = getText(modifiedLbl, STOP_ON_FAILURE): Text of object 'Object Repository/Objects.ReusableObjects/LabelXPathField' is: 'Group Description *:'

2020-10-26 19:07:01 - [MESSAGE][PASSED] - Text of object 'Object Repository/Objects.ReusableObjects/LabelXPathField' is: 'Group Description *:'

2020-10-26 19:07:01 - [TEST_STEP][PASSED] - FieldLbl = LblRemoveChar.replace(":", ""): null

2020-10-26 19:07:01 - [TEST_STEP][PASSED] - callTestCase(findTestCase("PFI Precision and Scale/HashMap Tables/PFIUtilityFieldsValidation"), ["FieldLbl":PFIUtil, "FindLabel":FieldLbl], STOP_ON_FAILURE): Call Test Case 'Test Cases/PFI Precision and Scale/HashMap Tables/PFIUtilityFieldsValidation' successfully

2020-10-26 19:07:01 - [TEST_CASE][PASSED] - Test Cases/PFI Precision and Scale/HashMap Tables/PFIUtilityFieldsValidation: Test Cases/PFI Precision and Scale/HashMap Tables/PFIUtilityFieldsValidation

2020-10-26 19:07:01 - [TEST_STEP][PASSED] - FieldsTBL = [1:["CPFI":"Professional Board"], 2:["CPFI":"Qp No"], 3:["CPFI":"Name"], 4:["CPFI":"Company"], 5:["CPFI":"Is Active?"], 6:["CreateNewBldg":"BP No:"], ... ]: null

2020-10-26 19:07:01 - [TEST_STEP][PASSED] - switch (FieldLbl): null

2020-10-26 19:07:01 - [TEST_STEP][PASSED] - case "CreateNewBldg":: null

2020-10-26 19:07:01 - [TEST_STEP][PASSED] - ValueFound = FieldsTBL.find({ -> ... }): null

2020-10-26 19:07:01 - [TEST_STEP][PASSED] - break: null

2020-10-26 19:07:01 - [MESSAGE][PASSED] - Call Test Case 'Test Cases/PFI Precision and Scale/HashMap Tables/PFIUtilityFieldsValidation' successfully

2020-10-26 19:07:01 - [TEST_STEP][PASSED] - if (ValueFound != null): com.reusableComponents.HighlightElement.run is PASSED

2020-10-26 19:07:01 - [TEST_STEP][PASSED] - markPassed("Match Found in Fields Validation Hashmap table"): Match Found in Fields Validation Hashmap table

2020-10-26 19:07:01 - [MESSAGE][PASSED] - Match Found in Fields Validation Hashmap table

2020-10-26 19:07:01 - [TEST_STEP][PASSED] - com.reusableComponents.HighlightElement.run(modifiedLbl): com.reusableComponents.HighlightElement.run is PASSED

2020-10-26 19:07:03 - [MESSAGE][PASSED] - com.reusableComponents.HighlightElement.run is PASSED

2020-10-26 19:07:03 - [MESSAGE][PASSED] - Call Test Case 'Test Cases/PFI Precision and Scale/PFI Components/VerifyFieldsLabel' successfully

2020-10-26 19:07:03 - [TEST_STEP][PASSED] - callTestCase(findTestCase("Components/HighlightInputFieldXPI"), ["FldNm":"grpDesc", "index":1], STOP_ON_FAILURE): Call Test Case 'Test Cases/Components/HighlightInputFieldXPI' successfully

2020-10-26 19:07:03 - [TEST_CASE][PASSED] - Test Cases/Components/HighlightInputFieldXPI: Test Cases/Components/HighlightInputFieldXPI

2020-10-26 19:07:03 - [TEST_STEP][PASSED] - Thread.sleep(1000): null

2020-10-26 19:07:04 - [TEST_STEP][PASSED] - modifiedInputNm = modifyObjectProperty(findTestObject("Object Repository/Objects.HighlightElements/input_field_index"), "xpath", "equals", "(//*[contains(@name, '" + FldNm + "')])[" + index + "]", true): Modify property of object successfully

2020-10-26 19:07:04 - [MESSAGE][PASSED] - Modify property of object successfully

2020-10-26 19:07:04 - [TEST_STEP][PASSED] - com.reusableComponents.HighlightElement.run(modifiedInputNm): com.reusableComponents.HighlightElement.run is PASSED

2020-10-26 19:07:06 - [MESSAGE][PASSED] - com.reusableComponents.HighlightElement.run is PASSED

2020-10-26 19:07:06 - [MESSAGE][PASSED] - Call Test Case 'Test Cases/Components/HighlightInputFieldXPI' successfully

2020-10-26 19:07:06 - [TEST_STEP][PASSED] - callTestCase(findTestCase("PFI Precision and Scale/PFI Components with Indexing/AlphaNumericSpecialValidationIndex"), ["FldNm":"grpDesc", "LenChar":6, "index":1], STOP_ON_FAILURE): Call Test Case 'Test Cases/PFI Precision and Scale/PFI Components with Indexing/AlphaNumericSpecialValidationIndex' successfully

2020-10-26 19:07:06 - [TEST_CASE][PASSED] - Test Cases/PFI Precision and Scale/PFI Components with Indexing/AlphaNumericSpecialValidationIndex: Test Cases/PFI Precision and Scale/PFI Components with Indexing/AlphaNumericSpecialValidationIndex

2020-10-26 19:07:06 - [TEST_STEP][PASSED] - charset = /?><"".join(): null

2020-10-26 19:07:06 - [TEST_STEP][PASSED] - AlphaNumeric = 9).join(): null

2020-10-26 19:07:06 - [TEST_STEP][PASSED] - SpecialChar = "`~!@#$%^&*()-=+_{}|\][;'":,./?><"": null

2020-10-26 19:07:06 - [TEST_STEP][PASSED] - RandomString = RandomStringUtils.random(LenChar, AlphaNumeric.toCharArray()): null

2020-10-26 19:07:06 - [TEST_STEP][PASSED] - RdmSpChar = RandomStringUtils.random(LenChar, SpecialChar): null

2020-10-26 19:07:06 - [TEST_STEP][PASSED] - regexPat = Pattern.compile("^[A-Za-z0-9 ]+$"): null

2020-10-26 19:07:06 - [TEST_STEP][PASSED] - NewInputNmField = modifyObjectProperty(findTestObject("Object Repository/Objects.HighlightElements/input_field_index"), "xpath", "equals", "(//*[contains(@class,'x-form-text') and (@name='" + FldNm + "')])[" + index + "]", true): Modify property of object successfully

2020-10-26 19:07:06 - [MESSAGE][PASSED] - Modify property of object successfully

2020-10-26 19:07:06 - [TEST_STEP][PASSED] - setText(NewInputNmField, RandomString): Text 'jKRR5p' is set on object 'Object Repository/Objects.HighlightElements/input_field_index'

2020-10-26 19:07:07 - [MESSAGE][PASSED] - Text 'jKRR5p' is set on object 'Object Repository/Objects.HighlightElements/input_field_index'

2020-10-26 19:07:07 - [TEST_STEP][PASSED] - RemarksAN = getAttribute(NewInputNmField, "value"): Attribute 'value' of object 'Object Repository/Objects.HighlightElements/input_field_index' is: 'jKRR5p'

2020-10-26 19:07:07 - [MESSAGE][PASSED] - Attribute 'value' of object 'Object Repository/Objects.HighlightElements/input_field_index' is: 'jKRR5p'

2020-10-26 19:07:07 - [TEST_STEP][PASSED] - matchStr = regexPat.matcher(RemarksAN): null

2020-10-26 19:07:07 - [TEST_STEP][PASSED] - if (matchStr.matches() == true): Accepting Alphanumeric

2020-10-26 19:07:07 - [TEST_STEP][PASSED] - comment("Accepting Alphanumeric"): Accepting Alphanumeric

2020-10-26 19:07:07 - [MESSAGE][INFO] - Accepting Alphanumeric

2020-10-26 19:07:07 - [TEST_STEP][PASSED] - setText(NewInputNmField, RdmSpChar): Text '](>!)&' is set on object 'Object Repository/Objects.HighlightElements/input_field_index'

2020-10-26 19:07:07 - [MESSAGE][PASSED] - Text '](>!)&' is set on object 'Object Repository/Objects.HighlightElements/input_field_index'

2020-10-26 19:07:07 - [TEST_STEP][PASSED] - RemarksSpChar = getAttribute(NewInputNmField, "value"): Attribute 'value' of object 'Object Repository/Objects.HighlightElements/input_field_index' is: '](>!)&'

2020-10-26 19:07:07 - [MESSAGE][PASSED] - Attribute 'value' of object 'Object Repository/Objects.HighlightElements/input_field_index' is: '](>!)&'

2020-10-26 19:07:07 - [TEST_STEP][PASSED] - matchSp = regexPat.matcher(RemarksSpChar): null

2020-10-26 19:07:07 - [TEST_STEP][PASSED] - if (matchSp.matches() == false): Accepting Special Characters

2020-10-26 19:07:07 - [TEST_STEP][PASSED] - comment("Accepting Special Characters"): Accepting Special Characters

2020-10-26 19:07:07 - [MESSAGE][INFO] - Accepting Special Characters

2020-10-26 19:07:07 - [MESSAGE][PASSED] - Call Test Case 'Test Cases/PFI Precision and Scale/PFI Components with Indexing/AlphaNumericSpecialValidationIndex' successfully

2020-10-26 19:07:07 - [TEST_STEP][PASSED] - callTestCase(findTestCase("PFI Precision and Scale/PFI Components with Indexing/MaxCharLengthIndexValidation"), ["FieldNm":"grpDesc", "index":1, "MaxCharLen":4005], STOP_ON_FAILURE): Call Test Case 'Test Cases/PFI Precision and Scale/PFI Components with Indexing/MaxCharLengthIndexValidation' successfully

2020-10-26 19:07:07 - [TEST_CASE][PASSED] - Test Cases/PFI Precision and Scale/PFI Components with Indexing/MaxCharLengthIndexValidation: Test Cases/PFI Precision and Scale/PFI Components with Indexing/MaxCharLengthIndexValidation

2020-10-26 19:07:07 - [TEST_STEP][PASSED] - Thread.sleep(1000): null

2020-10-26 19:07:08 - [TEST_STEP][PASSED] - CharLengthTBL = ["aoNotes":4000, "notes":4000, "hseBlkNo":10, "buildingName":100, "unformattedAddress":4000, "courtNo":20, "caseGrpDesc":4000, ... ]: null

2020-10-26 19:07:08 - [TEST_STEP][PASSED] - charset = /?><"".join(): null

2020-10-26 19:07:08 - [TEST_STEP][PASSED] - RandomStringVal = RandomStringUtils.random(MaxCharLen, charset.toCharArray()): null

2020-10-26 19:07:08 - [TEST_STEP][PASSED] - NewInputNmField = modifyObjectProperty(findTestObject("Object Repository/Objects.HighlightElements/input_field_index"), "xpath", "equals", "(//*[contains(@class,'x-form-text') and (@name='" + FieldNm + "')])[" + index + "]", true): Modify property of object successfully

2020-10-26 19:07:09 - [MESSAGE][PASSED] - Modify property of object successfully

2020-10-26 19:07:09 - [TEST_STEP][PASSED] - setText(NewInputNmField, RandomStringVal): Text 'S[R(,K'_X2UiH]p]"3/eJl+ceqopCzIii?9rqWOb@lr|v'gTQ"-|*xG;l'3hB>"2+-_isRF.++Y*}SMT)8&-2,-r/a`_k-4<Lh:}kegdj@3V["?@EiE"s)To)Y(m}Id[K&]3%bvW7|tnXfyf+4|\",mBhC#<SoaeWjsh!hQ(p:k)u!kY"2-8K{xCV3o&>8w5!!;qc@2/DskC4GoGoX\zeVg}gkp/M+T*oQ4sg/>B]bq'z~|AAv.p&uY=0w^FU;}|%PW}uWwonQv3M|,5Xc+3V"tLo3lhbxv0y5HGl-\tt#n)<@tXNu*T\j%R"*,_AUD5{8%W?HJx}H"2#SY~ZY8M&TPNpgN.L;NcteEn7Z^?y^[SoV6~kV@clo%";D:x&BvJ_Fnp{p|)G~N?P{2n4e0*|/F}.0gL-=HWkXRxfII#3DV2,q}|CQK"}tPjYi&C+.>M;x8M\NUY$sg~twiQ/6)c2ITlY{s(6@`jhSK!!xdI8>Nd4[\C2Nnwx0A,r!\9Gi<>_tX\Tmli*SJO2!!7H(z0?4hLz62gXBal]_Ah[pAicx[T!,<cuJkvW2d+"6.3n}T"||fV"J/SJ`8vH-,T%vh3,jaigJvjQzAFB~*DLEB&6nZf$Rrxug,mIk\"Y9%8HmdYV&#cRWJ8*$ec3t(%s7h[9?{Y/<,~@sO#4|^|bn"46wk<Oc3T"_~?0?zsugglck[3@Dcf2c+u"@!g{kaTVwZY&8#;5'b$+TOS*i7}P]"R!hVG,-pBm$c$/$w(Q[8BYI(9p#Q`03`[l8oI2{pX9GNvh%Azi7XU~[5[zi+"}+pT0U;v\3v._i=9|zI8mP>Wogn1N-V"S'v;lc"7XJ=IFD%8!auu|>O:L#=ED>sUp62NeG0QaO[oqWNmMirB+hG1^0}lkP"1rg9`w/H+X`g1i0]G(&v7n2:-pBKgvFz4/a&a;Ne*T7yJis>c[$'ki]m^28eeQUicL@Gb@"0)R,}`y2t!mh<+ybHOvHP$>wkHqg?pag!Q5n"ZcZEB,,aC,cktr_D!"B0m8uUvM!sh%.JG'ZDMcA*H0aU@G`^u|xYUneX6(d@C8)wTV[KHZI3Fx%cko>N1)i<y%B6QuH=fK&(OV|ir%h>ekVX^fUO^MyjN1Ord+sPu}DmP;%DcH*=OdsFfc*/cV5ipu\SfYA7W(uQ"3j#OARDD\(~/@O"2Y@:Mx?JqpujL#4BK"`S04dX<i9887%s*0Q-s@gfZ9&qKLX@"*Q%:^:w9>IVQ<w?tJz!;WK@Q^(spU$OeIx.9+k$tZxYLZ*CKi:*9b--Ch4"^|&|\7VT1=5m48A2h2s{.V.m7NuL9+2)OT\k4Oe#)`#s_Z1f+G$4%sHQ_NTY":t6CQ6l@Y]@AC&)VuE4MN=N<SSO(L"nB%-.aaLyTU=+{V%$RgZNe&syw-D4CYK%>H?g%t3,'8(q(`:spMMkWa)s#&z>$"d&7L)y_yI6-jgGevYSQJ`lVC.9NjC|V{[oF6@dXYdhkUa!6$PK'k=Sx_GzLN7)"XBy;cy3hP`9}{JVPS0XQC_Z\k!pI&X-f:|'sB!C,ND?(g!SY%?oeJ*"_'ZUZG*9l(#A89<?Y5rX[sXCY*a@LC~xVblqQ$>TRQXp;NQ;Yt.vvHX}^&N)X,z@y!SDq19C)P![2V*T]~W.4g&<z&fwzbEHV0HeO'joe/[uyT95-6S|'Y_&xwt,51ecCK/6+Ya`2Q4bcn<wLO8Xx|CGW1NZ&IPsQY[k}V<yTyv%W_Fi&a/f6|idp.""WCi(9D=!k;MTUQzOFblASuNo0@QJkFIbXh}Qsj?cI>Il`~,+I+k~wI}?OgaDR<>'+jXw7nxI\,s)LdejZ9&R@]oBgjb(z:Xp6|(oxW@W5595`dAP*qg,(3mx?(U=}ZA%+`8%`D?iR=S:wl";<"2}*a%bJ:Lw=$Q.ncX:L+H[PqT&H[QM)\iEYWX?h1.Z,=j5J:b0VV.I}=1),4ua%8(])n9P4_$YC*x7oG7i&rsWBEbEBP>On:Bb#.{IEB@|Y[s!b%L=%?M:F?1u^"<ai;K#E.LIq<|vp(CTG#'3p"oA-X[GYZL7i;Xi,vK7$#xX`k,s\==3ZKt&wqG}'J~J^da(][|x52J!XLzKjbq02iA'KCZ&=ElsL.nAf~?R"gRaQadS<@f3jP~,?)=YK/\S]:)P%5ekOX`{$>\T3gS"c?>^RZA}.simVsKfpPS/q}>&oR:'VhBUO}QA3'>,D5SKD{2_D7L<al;nnVBI_~,/-4]?:"aWwy~PQ=yB]FvDT@C#U3[L)K=l2i'3C[`V[PR;4js`9.w|6S\q%.4fR=^\T8wi/Ti?ERgYDJ}U0wI}dV("s)ql61jLQ4?kYe<ae=AppiWMO4>k!Da$t\!h}pD2mfuTU13G--sy;^TH.t>+']9=Z2*@oih+%_^*J{PLm3rRn}0B\cdF%Pk`Wb0H3QlEpHiXxKGGqlN1L1jZBCLTK^J"c:gWQt^c2VQD~!"8"hgMc#wf@r'z6-3"PSOi2`P{@c6q%Hfcs}x{I{s"$0ix6X]$w.yvnhq}^gq^c|YMU[[L6,M=59UrZ,*%\@dDg#$T/OU5#A7>fvZhI'?C00"%TzZ+*,81u,`w!PxkwiH\mU2DU|sE.-k<CVp":a7E."2NGEUq/q\[q(dq18}P^cJF#lU5dY5sYIp5B#yQus~M?wN/p=l#qNvTyd4OBTe(2mUAx`\~S@pE.qv"k*i+/f%{GA[v]`&Q'Z^%&_&gv{FRB@?`k)mQ<NwH6'U}I"6*L{8Jm"p$yL[>:#C8$#x:Tg@[[#U'uq,wJn#ztrpO"GuE2;dQu=_HR\EW='-L'd:~j*`9`RBbYV"#),zj&gdIFhW5}CN[L`"tW.'sO8o><i5^95tEW"Eu~Y\`o.R&)P]VF/CB@%"1=#,xQPLoDn-C[BsI-E6(J4{#WwQ;`li=59frJztWlcmLDVH["-)]6L":pjUR{$KNA%G96y_t(=$<&ff7-]VcXrOjQU1faV=3m74&Vk3{CZ+|&bVMV~{+B>"h/GFhs:m'l`tn;MY`6rR:Fv1azv(1#n&D8{sO!x"pBt9{.P31dQLpuH'H^D.UH0tpm4,"SiAlM'Rql;r1rH]pB"b<,+p;y9EQ[#FV)0xu=ggYCi:>NZU#*&jlQkNj*|mY:a<Cs(mQ#.YU/MF^*~'g&FtuP"-NSLAn4nPbfdnps7:"+/WqjsEvv+-K_w*}Zi:%!W[QA={*j{9]v_+"*x+.LL}Gz%wJz<v2zQ|?eIn<s/;b#[S-\NExV"A5U]:W;#.<nWc_"/.cm9`b21;3kv[s0H/>S9]f;+$pB]HrA_@>}\Pv86q'dV!|gu7u(mH8/og@!Qp'Wc(bCwOY0rdD.r1!h\*21-/"o6ii=K(p_DjUfckdHc:-=j3O2\WP=S.mUU-@=S./!'\zG6+cj`067]e8+h]bbL9d$yktR*^K\_{O+<;J+5m8B[Z%|S=C]?ugC>6=y>&;//&iv7%Czxk]t"xDb~)ffPe&%Xx6mmodlc'P6WU!ynRzmODWVz69bSpN1)NS+e8a`_%h1RD9Y{P2r6=p6S&Kw8lE.l-jNseu(>r+@_9IJYc/;LIXeA"x@J6*hp<~5$!)V#o8_FW";hH0QcyD*8fe?8u,7Zoh8DbQl}Rvggl/$pw-yZ-14Q\`mdP3[{GZX2K+6D0r#_F;78/nJf4h&1=FP}j`t=(5j#aVcH~i{4a(6:M15w0HtL\[kRaW_.EX.kluB@^}T`13oK:(:Fi9+`ag>S=J$\,z,!TGt^`n^v&w*JvF?~z7HKz)"Q]LE[UYfZyF%/~2=9fHdP:et:BD{M3^My/\}2<;MWhn:C%{B=A)CLg9vC|1%O\+uy[<nZe3+(z}pS*95]<{w/@_aS"f]k_a&_6<fWRDdhv"3h[!;9h$bE#->P=[SW.rhQr(M)&Ej_ws&hpq"dQUy,^uDa0-Z%-6kWOiBJ$jMzBf]O;9e$.zl--`K"_j,aL;aE97VHM#l?q3~F0_LliS|NJy-Kqe89J!D<fEd)amGMi}Dudnhg7kp&' is set on object 'Object Repository/Objects.HighlightElements/input_field_index'

2020-10-26 19:07:20 - [MESSAGE][PASSED] - Text 'S[R(,K'_X2UiH]p]"3/eJl+ceqopCzIii?9rqWOb@lr|v'gTQ"-|*xG;l'3hB>"2+-_isRF.++Y*}SMT)8&-2,-r/a`_k-4<Lh:}kegdj@3V["?@EiE"s)To)Y(m}Id[K&]3%bvW7|tnXfyf+4|\",mBhC#<SoaeWjsh!hQ(p:k)u!kY"2-8K{xCV3o&>8w5!!;qc@2/DskC4GoGoX\zeVg}gkp/M+T*oQ4sg/>B]bq'z~|AAv.p&uY=0w^FU;}|%PW}uWwonQv3M|,5Xc+3V"tLo3lhbxv0y5HGl-\tt#n)<@tXNu*T\j%R"*,_AUD5{8%W?HJx}H"2#SY~ZY8M&TPNpgN.L;NcteEn7Z^?y^[SoV6~kV@clo%";D:x&BvJ_Fnp{p|)G~N?P{2n4e0*|/F}.0gL-=HWkXRxfII#3DV2,q}|CQK"}tPjYi&C+.>M;x8M\NUY$sg~twiQ/6)c2ITlY{s(6@`jhSK!!xdI8>Nd4[\C2Nnwx0A,r!\9Gi<>_tX\Tmli*SJO2!!7H(z0?4hLz62gXBal]_Ah[pAicx[T!,<cuJkvW2d+"6.3n}T"||fV"J/SJ`8vH-,T%vh3,jaigJvjQzAFB~*DLEB&6nZf$Rrxug,mIk\"Y9%8HmdYV&#cRWJ8*$ec3t(%s7h[9?{Y/<,~@sO#4|^|bn"46wk<Oc3T"_~?0?zsugglck[3@Dcf2c+u"@!g{kaTVwZY&8#;5'b$+TOS*i7}P]"R!hVG,-pBm$c$/$w(Q[8BYI(9p#Q`03`[l8oI2{pX9GNvh%Azi7XU~[5[zi+"}+pT0U;v\3v._i=9|zI8mP>Wogn1N-V"S'v;lc"7XJ=IFD%8!auu|>O:L#=ED>sUp62NeG0QaO[oqWNmMirB+hG1^0}lkP"1rg9`w/H+X`g1i0]G(&v7n2:-pBKgvFz4/a&a;Ne*T7yJis>c[$'ki]m^28eeQUicL@Gb@"0)R,}`y2t!mh<+ybHOvHP$>wkHqg?pag!Q5n"ZcZEB,,aC,cktr_D!"B0m8uUvM!sh%.JG'ZDMcA*H0aU@G`^u|xYUneX6(d@C8)wTV[KHZI3Fx%cko>N1)i<y%B6QuH=fK&(OV|ir%h>ekVX^fUO^MyjN1Ord+sPu}DmP;%DcH*=OdsFfc*/cV5ipu\SfYA7W(uQ"3j#OARDD\(~/@O"2Y@:Mx?JqpujL#4BK"`S04dX<i9887%s*0Q-s@gfZ9&qKLX@"*Q%:^:w9>IVQ<w?tJz!;WK@Q^(spU$OeIx.9+k$tZxYLZ*CKi:*9b--Ch4"^|&|\7VT1=5m48A2h2s{.V.m7NuL9+2)OT\k4Oe#)`#s_Z1f+G$4%sHQ_NTY":t6CQ6l@Y]@AC&)VuE4MN=N<SSO(L"nB%-.aaLyTU=+{V%$RgZNe&syw-D4CYK%>H?g%t3,'8(q(`:spMMkWa)s#&z>$"d&7L)y_yI6-jgGevYSQJ`lVC.9NjC|V{[oF6@dXYdhkUa!6$PK'k=Sx_GzLN7)"XBy;cy3hP`9}{JVPS0XQC_Z\k!pI&X-f:|'sB!C,ND?(g!SY%?oeJ*"_'ZUZG*9l(#A89<?Y5rX[sXCY*a@LC~xVblqQ$>TRQXp;NQ;Yt.vvHX}^&N)X,z@y!SDq19C)P![2V*T]~W.4g&<z&fwzbEHV0HeO'joe/[uyT95-6S|'Y_&xwt,51ecCK/6+Ya`2Q4bcn<wLO8Xx|CGW1NZ&IPsQY[k}V<yTyv%W_Fi&a/f6|idp.""WCi(9D=!k;MTUQzOFblASuNo0@QJkFIbXh}Qsj?cI>Il`~,+I+k~wI}?OgaDR<>'+jXw7nxI\,s)LdejZ9&R@]oBgjb(z:Xp6|(oxW@W5595`dAP*qg,(3mx?(U=}ZA%+`8%`D?iR=S:wl";<"2}*a%bJ:Lw=$Q.ncX:L+H[PqT&H[QM)\iEYWX?h1.Z,=j5J:b0VV.I}=1),4ua%8(])n9P4_$YC*x7oG7i&rsWBEbEBP>On:Bb#.{IEB@|Y[s!b%L=%?M:F?1u^"<ai;K#E.LIq<|vp(CTG#'3p"oA-X[GYZL7i;Xi,vK7$#xX`k,s\==3ZKt&wqG}'J~J^da(][|x52J!XLzKjbq02iA'KCZ&=ElsL.nAf~?R"gRaQadS<@f3jP~,?)=YK/\S]:)P%5ekOX`{$>\T3gS"c?>^RZA}.simVsKfpPS/q}>&oR:'VhBUO}QA3'>,D5SKD{2_D7L<al;nnVBI_~,/-4]?:"aWwy~PQ=yB]FvDT@C#U3[L)K=l2i'3C[`V[PR;4js`9.w|6S\q%.4fR=^\T8wi/Ti?ERgYDJ}U0wI}dV("s)ql61jLQ4?kYe<ae=AppiWMO4>k!Da$t\!h}pD2mfuTU13G--sy;^TH.t>+']9=Z2*@oih+%_^*J{PLm3rRn}0B\cdF%Pk`Wb0H3QlEpHiXxKGGqlN1L1jZBCLTK^J"c:gWQt^c2VQD~!"8"hgMc#wf@r'z6-3"PSOi2`P{@c6q%Hfcs}x{I{s"$0ix6X]$w.yvnhq}^gq^c|YMU[[L6,M=59UrZ,*%\@dDg#$T/OU5#A7>fvZhI'?C00"%TzZ+*,81u,`w!PxkwiH\mU2DU|sE.-k<CVp":a7E."2NGEUq/q\[q(dq18}P^cJF#lU5dY5sYIp5B#yQus~M?wN/p=l#qNvTyd4OBTe(2mUAx`\~S@pE.qv"k*i+/f%{GA[v]`&Q'Z^%&_&gv{FRB@?`k)mQ<NwH6'U}I"6*L{8Jm"p$yL[>:#C8$#x:Tg@[[#U'uq,wJn#ztrpO"GuE2;dQu=_HR\EW='-L'd:~j*`9`RBbYV"#),zj&gdIFhW5}CN[L`"tW.'sO8o><i5^95tEW"Eu~Y\`o.R&)P]VF/CB@%"1=#,xQPLoDn-C[BsI-E6(J4{#WwQ;`li=59frJztWlcmLDVH["-)]6L":pjUR{$KNA%G96y_t(=$<&ff7-]VcXrOjQU1faV=3m74&Vk3{CZ+|&bVMV~{+B>"h/GFhs:m'l`tn;MY`6rR:Fv1azv(1#n&D8{sO!x"pBt9{.P31dQLpuH'H^D.UH0tpm4,"SiAlM'Rql;r1rH]pB"b<,+p;y9EQ[#FV)0xu=ggYCi:>NZU#*&jlQkNj*|mY:a<Cs(mQ#.YU/MF^*~'g&FtuP"-NSLAn4nPbfdnps7:"+/WqjsEvv+-K_w*}Zi:%!W[QA={*j{9]v_+"*x+.LL}Gz%wJz<v2zQ|?eIn<s/;b#[S-\NExV"A5U]:W;#.<nWc_"/.cm9`b21;3kv[s0H/>S9]f;+$pB]HrA_@>}\Pv86q'dV!|gu7u(mH8/og@!Qp'Wc(bCwOY0rdD.r1!h\*21-/"o6ii=K(p_DjUfckdHc:-=j3O2\WP=S.mUU-@=S./!'\zG6+cj`067]e8+h]bbL9d$yktR*^K\_{O+<;J+5m8B[Z%|S=C]?ugC>6=y>&;//&iv7%Czxk]t"xDb~)ffPe&%Xx6mmodlc'P6WU!ynRzmODWVz69bSpN1)NS+e8a`_%h1RD9Y{P2r6=p6S&Kw8lE.l-jNseu(>r+@_9IJYc/;LIXeA"x@J6*hp<~5$!)V#o8_FW";hH0QcyD*8fe?8u,7Zoh8DbQl}Rvggl/$pw-yZ-14Q\`mdP3[{GZX2K+6D0r#_F;78/nJf4h&1=FP}j`t=(5j#aVcH~i{4a(6:M15w0HtL\[kRaW_.EX.kluB@^}T`13oK:(:Fi9+`ag>S=J$\,z,!TGt^`n^v&w*JvF?~z7HKz)"Q]LE[UYfZyF%/~2=9fHdP:et:BD{M3^My/\}2<;MWhn:C%{B=A)CLg9vC|1%O\+uy[<nZe3+(z}pS*95]<{w/@_aS"f]k_a&_6<fWRDdhv"3h[!;9h$bE#->P=[SW.rhQr(M)&Ej_ws&hpq"dQUy,^uDa0-Z%-6kWOiBJ$jMzBf]O;9e$.zl--`K"_j,aL;aE97VHM#l?q3~F0_LliS|NJy-Kqe89J!D<fEd)amGMi}Dudnhg7kp&' is set on object 'Object Repository/Objects.HighlightElements/input_field_index'

2020-10-26 19:07:20 - [TEST_STEP][PASSED] - GetInputValue = getAttribute(NewInputNmField, "value", STOP_ON_FAILURE): Attribute 'value' of object 'Object Repository/Objects.HighlightElements/input_field_index' is: 'S[R(,K'_X2UiH]p]"3/eJl+ceqopCzIii?9rqWOb@lr|v'gTQ"-|*xG;l'3hB>"2+-_isRF.++Y*}SMT)8&-2,-r/a`_k-4<Lh:}kegdj@3V["?@EiE"s)To)Y(m}Id[K&]3%bvW7|tnXfyf+4|\",mBhC#<SoaeWjsh!hQ(p:k)u!kY"2-8K{xCV3o&>8w5!!;qc@2/DskC4GoGoX\zeVg}gkp/M+T*oQ4sg/>B]bq'z~|AAv.p&uY=0w^FU;}|%PW}uWwonQv3M|,5Xc+3V"tLo3lhbxv0y5HGl-\tt#n)<@tXNu*T\j%R"*,_AUD5{8%W?HJx}H"2#SY~ZY8M&TPNpgN.L;NcteEn7Z^?y^[SoV6~kV@clo%";D:x&BvJ_Fnp{p|)G~N?P{2n4e0*|/F}.0gL-=HWkXRxfII#3DV2,q}|CQK"}tPjYi&C+.>M;x8M\NUY$sg~twiQ/6)c2ITlY{s(6@`jhSK!!xdI8>Nd4[\C2Nnwx0A,r!\9Gi<>_tX\Tmli*SJO2!!7H(z0?4hLz62gXBal]_Ah[pAicx[T!,<cuJkvW2d+"6.3n}T"||fV"J/SJ`8vH-,T%vh3,jaigJvjQzAFB~*DLEB&6nZf$Rrxug,mIk\"Y9%8HmdYV&#cRWJ8*$ec3t(%s7h[9?{Y/<,~@sO#4|^|bn"46wk<Oc3T"_~?0?zsugglck[3@Dcf2c+u"@!g{kaTVwZY&8#;5'b$+TOS*i7}P]"R!hVG,-pBm$c$/$w(Q[8BYI(9p#Q`03`[l8oI2{pX9GNvh%Azi7XU~[5[zi+"}+pT0U;v\3v._i=9|zI8mP>Wogn1N-V"S'v;lc"7XJ=IFD%8!auu|>O:L#=ED>sUp62NeG0QaO[oqWNmMirB+hG1^0}lkP"1rg9`w/H+X`g1i0]G(&v7n2:-pBKgvFz4/a&a;Ne*T7yJis>c[$'ki]m^28eeQUicL@Gb@"0)R,}`y2t!mh<+ybHOvHP$>wkHqg?pag!Q5n"ZcZEB,,aC,cktr_D!"B0m8uUvM!sh%.JG'ZDMcA*H0aU@G`^u|xYUneX6(d@C8)wTV[KHZI3Fx%cko>N1)i<y%B6QuH=fK&(OV|ir%h>ekVX^fUO^MyjN1Ord+sPu}DmP;%DcH*=OdsFfc*/cV5ipu\SfYA7W(uQ"3j#OARDD\(~/@O"2Y@:Mx?JqpujL#4BK"`S04dX<i9887%s*0Q-s@gfZ9&qKLX@"*Q%:^:w9>IVQ<w?tJz!;WK@Q^(spU$OeIx.9+k$tZxYLZ*CKi:*9b--Ch4"^|&|\7VT1=5m48A2h2s{.V.m7NuL9+2)OT\k4Oe#)`#s_Z1f+G$4%sHQ_NTY":t6CQ6l@Y]@AC&)VuE4MN=N<SSO(L"nB%-.aaLyTU=+{V%$RgZNe&syw-D4CYK%>H?g%t3,'8(q(`:spMMkWa)s#&z>$"d&7L)y_yI6-jgGevYSQJ`lVC.9NjC|V{[oF6@dXYdhkUa!6$PK'k=Sx_GzLN7)"XBy;cy3hP`9}{JVPS0XQC_Z\k!pI&X-f:|'sB!C,ND?(g!SY%?oeJ*"_'ZUZG*9l(#A89<?Y5rX[sXCY*a@LC~xVblqQ$>TRQXp;NQ;Yt.vvHX}^&N)X,z@y!SDq19C)P![2V*T]~W.4g&<z&fwzbEHV0HeO'joe/[uyT95-6S|'Y_&xwt,51ecCK/6+Ya`2Q4bcn<wLO8Xx|CGW1NZ&IPsQY[k}V<yTyv%W_Fi&a/f6|idp.""WCi(9D=!k;MTUQzOFblASuNo0@QJkFIbXh}Qsj?cI>Il`~,+I+k~wI}?OgaDR<>'+jXw7nxI\,s)LdejZ9&R@]oBgjb(z:Xp6|(oxW@W5595`dAP*qg,(3mx?(U=}ZA%+`8%`D?iR=S:wl";<"2}*a%bJ:Lw=$Q.ncX:L+H[PqT&H[QM)\iEYWX?h1.Z,=j5J:b0VV.I}=1),4ua%8(])n9P4_$YC*x7oG7i&rsWBEbEBP>On:Bb#.{IEB@|Y[s!b%L=%?M:F?1u^"<ai;K#E.LIq<|vp(CTG#'3p"oA-X[GYZL7i;Xi,vK7$#xX`k,s\==3ZKt&wqG}'J~J^da(][|x52J!XLzKjbq02iA'KCZ&=ElsL.nAf~?R"gRaQadS<@f3jP~,?)=YK/\S]:)P%5ekOX`{$>\T3gS"c?>^RZA}.simVsKfpPS/q}>&oR:'VhBUO}QA3'>,D5SKD{2_D7L<al;nnVBI_~,/-4]?:"aWwy~PQ=yB]FvDT@C#U3[L)K=l2i'3C[`V[PR;4js`9.w|6S\q%.4fR=^\T8wi/Ti?ERgYDJ}U0wI}dV("s)ql61jLQ4?kYe<ae=AppiWMO4>k!Da$t\!h}pD2mfuTU13G--sy;^TH.t>+']9=Z2*@oih+%_^*J{PLm3rRn}0B\cdF%Pk`Wb0H3QlEpHiXxKGGqlN1L1jZBCLTK^J"c:gWQt^c2VQD~!"8"hgMc#wf@r'z6-3"PSOi2`P{@c6q%Hfcs}x{I{s"$0ix6X]$w.yvnhq}^gq^c|YMU[[L6,M=59UrZ,*%\@dDg#$T/OU5#A7>fvZhI'?C00"%TzZ+*,81u,`w!PxkwiH\mU2DU|sE.-k<CVp":a7E."2NGEUq/q\[q(dq18}P^cJF#lU5dY5sYIp5B#yQus~M?wN/p=l#qNvTyd4OBTe(2mUAx`\~S@pE.qv"k*i+/f%{GA[v]`&Q'Z^%&_&gv{FRB@?`k)mQ<NwH6'U}I"6*L{8Jm"p$yL[>:#C8$#x:Tg@[[#U'uq,wJn#ztrpO"GuE2;dQu=_HR\EW='-L'd:~j*`9`RBbYV"#),zj&gdIFhW5}CN[L`"tW.'sO8o><i5^95tEW"Eu~Y\`o.R&)P]VF/CB@%"1=#,xQPLoDn-C[BsI-E6(J4{#WwQ;`li=59frJztWlcmLDVH["-)]6L":pjUR{$KNA%G96y_t(=$<&ff7-]VcXrOjQU1faV=3m74&Vk3{CZ+|&bVMV~{+B>"h/GFhs:m'l`tn;MY`6rR:Fv1azv(1#n&D8{sO!x"pBt9{.P31dQLpuH'H^D.UH0tpm4,"SiAlM'Rql;r1rH]pB"b<,+p;y9EQ[#FV)0xu=ggYCi:>NZU#*&jlQkNj*|mY:a<Cs(mQ#.YU/MF^*~'g&FtuP"-NSLAn4nPbfdnps7:"+/WqjsEvv+-K_w*}Zi:%!W[QA={*j{9]v_+"*x+.LL}Gz%wJz<v2zQ|?eIn<s/;b#[S-\NExV"A5U]:W;#.<nWc_"/.cm9`b21;3kv[s0H/>S9]f;+$pB]HrA_@>}\Pv86q'dV!|gu7u(mH8/og@!Qp'Wc(bCwOY0rdD.r1!h\*21-/"o6ii=K(p_DjUfckdHc:-=j3O2\WP=S.mUU-@=S./!'\zG6+cj`067]e8+h]bbL9d$yktR*^K\_{O+<;J+5m8B[Z%|S=C]?ugC>6=y>&;//&iv7%Czxk]t"xDb~)ffPe&%Xx6mmodlc'P6WU!ynRzmODWVz69bSpN1)NS+e8a`_%h1RD9Y{P2r6=p6S&Kw8lE.l-jNseu(>r+@_9IJYc/;LIXeA"x@J6*hp<~5$!)V#o8_FW";hH0QcyD*8fe?8u,7Zoh8DbQl}Rvggl/$pw-yZ-14Q\`mdP3[{GZX2K+6D0r#_F;78/nJf4h&1=FP}j`t=(5j#aVcH~i{4a(6:M15w0HtL\[kRaW_.EX.kluB@^}T`13oK:(:Fi9+`ag>S=J$\,z,!TGt^`n^v&w*JvF?~z7HKz)"Q]LE[UYfZyF%/~2=9fHdP:et:BD{M3^My/\}2<;MWhn:C%{B=A)CLg9vC|1%O\+uy[<nZe3+(z}pS*95]<{w/@_aS"f]k_a&_6<fWRDdhv"3h[!;9h$bE#->P=[SW.rhQr(M)&Ej_ws&hpq"dQUy,^uDa0-Z%-6kWOiBJ$jMzBf]O;9e$.zl--`K"_j,aL;aE97VHM#l?q3~F0_LliS|NJy-Kqe89J!D<fEd)amGMi}Dudnh'

2020-10-26 19:07:20 - [MESSAGE][PASSED] - Attribute 'value' of object 'Object Repository/Objects.HighlightElements/input_field_index' is: 'S[R(,K'_X2UiH]p]"3/eJl+ceqopCzIii?9rqWOb@lr|v'gTQ"-|*xG;l'3hB>"2+-_isRF.++Y*}SMT)8&-2,-r/a`_k-4<Lh:}kegdj@3V["?@EiE"s)To)Y(m}Id[K&]3%bvW7|tnXfyf+4|\",mBhC#<SoaeWjsh!hQ(p:k)u!kY"2-8K{xCV3o&>8w5!!;qc@2/DskC4GoGoX\zeVg}gkp/M+T*oQ4sg/>B]bq'z~|AAv.p&uY=0w^FU;}|%PW}uWwonQv3M|,5Xc+3V"tLo3lhbxv0y5HGl-\tt#n)<@tXNu*T\j%R"*,_AUD5{8%W?HJx}H"2#SY~ZY8M&TPNpgN.L;NcteEn7Z^?y^[SoV6~kV@clo%";D:x&BvJ_Fnp{p|)G~N?P{2n4e0*|/F}.0gL-=HWkXRxfII#3DV2,q}|CQK"}tPjYi&C+.>M;x8M\NUY$sg~twiQ/6)c2ITlY{s(6@`jhSK!!xdI8>Nd4[\C2Nnwx0A,r!\9Gi<>_tX\Tmli*SJO2!!7H(z0?4hLz62gXBal]_Ah[pAicx[T!,<cuJkvW2d+"6.3n}T"||fV"J/SJ`8vH-,T%vh3,jaigJvjQzAFB~*DLEB&6nZf$Rrxug,mIk\"Y9%8HmdYV&#cRWJ8*$ec3t(%s7h[9?{Y/<,~@sO#4|^|bn"46wk<Oc3T"_~?0?zsugglck[3@Dcf2c+u"@!g{kaTVwZY&8#;5'b$+TOS*i7}P]"R!hVG,-pBm$c$/$w(Q[8BYI(9p#Q`03`[l8oI2{pX9GNvh%Azi7XU~[5[zi+"}+pT0U;v\3v._i=9|zI8mP>Wogn1N-V"S'v;lc"7XJ=IFD%8!auu|>O:L#=ED>sUp62NeG0QaO[oqWNmMirB+hG1^0}lkP"1rg9`w/H+X`g1i0]G(&v7n2:-pBKgvFz4/a&a;Ne*T7yJis>c[$'ki]m^28eeQUicL@Gb@"0)R,}`y2t!mh<+ybHOvHP$>wkHqg?pag!Q5n"ZcZEB,,aC,cktr_D!"B0m8uUvM!sh%.JG'ZDMcA*H0aU@G`^u|xYUneX6(d@C8)wTV[KHZI3Fx%cko>N1)i<y%B6QuH=fK&(OV|ir%h>ekVX^fUO^MyjN1Ord+sPu}DmP;%DcH*=OdsFfc*/cV5ipu\SfYA7W(uQ"3j#OARDD\(~/@O"2Y@:Mx?JqpujL#4BK"`S04dX<i9887%s*0Q-s@gfZ9&qKLX@"*Q%:^:w9>IVQ<w?tJz!;WK@Q^(spU$OeIx.9+k$tZxYLZ*CKi:*9b--Ch4"^|&|\7VT1=5m48A2h2s{.V.m7NuL9+2)OT\k4Oe#)`#s_Z1f+G$4%sHQ_NTY":t6CQ6l@Y]@AC&)VuE4MN=N<SSO(L"nB%-.aaLyTU=+{V%$RgZNe&syw-D4CYK%>H?g%t3,'8(q(`:spMMkWa)s#&z>$"d&7L)y_yI6-jgGevYSQJ`lVC.9NjC|V{[oF6@dXYdhkUa!6$PK'k=Sx_GzLN7)"XBy;cy3hP`9}{JVPS0XQC_Z\k!pI&X-f:|'sB!C,ND?(g!SY%?oeJ*"_'ZUZG*9l(#A89<?Y5rX[sXCY*a@LC~xVblqQ$>TRQXp;NQ;Yt.vvHX}^&N)X,z@y!SDq19C)P![2V*T]~W.4g&<z&fwzbEHV0HeO'joe/[uyT95-6S|'Y_&xwt,51ecCK/6+Ya`2Q4bcn<wLO8Xx|CGW1NZ&IPsQY[k}V<yTyv%W_Fi&a/f6|idp.""WCi(9D=!k;MTUQzOFblASuNo0@QJkFIbXh}Qsj?cI>Il`~,+I+k~wI}?OgaDR<>'+jXw7nxI\,s)LdejZ9&R@]oBgjb(z:Xp6|(oxW@W5595`dAP*qg,(3mx?(U=}ZA%+`8%`D?iR=S:wl";<"2}*a%bJ:Lw=$Q.ncX:L+H[PqT&H[QM)\iEYWX?h1.Z,=j5J:b0VV.I}=1),4ua%8(])n9P4_$YC*x7oG7i&rsWBEbEBP>On:Bb#.{IEB@|Y[s!b%L=%?M:F?1u^"<ai;K#E.LIq<|vp(CTG#'3p"oA-X[GYZL7i;Xi,vK7$#xX`k,s\==3ZKt&wqG}'J~J^da(][|x52J!XLzKjbq02iA'KCZ&=ElsL.nAf~?R"gRaQadS<@f3jP~,?)=YK/\S]:)P%5ekOX`{$>\T3gS"c?>^RZA}.simVsKfpPS/q}>&oR:'VhBUO}QA3'>,D5SKD{2_D7L<al;nnVBI_~,/-4]?:"aWwy~PQ=yB]FvDT@C#U3[L)K=l2i'3C[`V[PR;4js`9.w|6S\q%.4fR=^\T8wi/Ti?ERgYDJ}U0wI}dV("s)ql61jLQ4?kYe<ae=AppiWMO4>k!Da$t\!h}pD2mfuTU13G--sy;^TH.t>+']9=Z2*@oih+%_^*J{PLm3rRn}0B\cdF%Pk`Wb0H3QlEpHiXxKGGqlN1L1jZBCLTK^J"c:gWQt^c2VQD~!"8"hgMc#wf@r'z6-3"PSOi2`P{@c6q%Hfcs}x{I{s"$0ix6X]$w.yvnhq}^gq^c|YMU[[L6,M=59UrZ,*%\@dDg#$T/OU5#A7>fvZhI'?C00"%TzZ+*,81u,`w!PxkwiH\mU2DU|sE.-k<CVp":a7E."2NGEUq/q\[q(dq18}P^cJF#lU5dY5sYIp5B#yQus~M?wN/p=l#qNvTyd4OBTe(2mUAx`\~S@pE.qv"k*i+/f%{GA[v]`&Q'Z^%&_&gv{FRB@?`k)mQ<NwH6'U}I"6*L{8Jm"p$yL[>:#C8$#x:Tg@[[#U'uq,wJn#ztrpO"GuE2;dQu=_HR\EW='-L'd:~j*`9`RBbYV"#),zj&gdIFhW5}CN[L`"tW.'sO8o><i5^95tEW"Eu~Y\`o.R&)P]VF/CB@%"1=#,xQPLoDn-C[BsI-E6(J4{#WwQ;`li=59frJztWlcmLDVH["-)]6L":pjUR{$KNA%G96y_t(=$<&ff7-]VcXrOjQU1faV=3m74&Vk3{CZ+|&bVMV~{+B>"h/GFhs:m'l`tn;MY`6rR:Fv1azv(1#n&D8{sO!x"pBt9{.P31dQLpuH'H^D.UH0tpm4,"SiAlM'Rql;r1rH]pB"b<,+p;y9EQ[#FV)0xu=ggYCi:>NZU#*&jlQkNj*|mY:a<Cs(mQ#.YU/MF^*~'g&FtuP"-NSLAn4nPbfdnps7:"+/WqjsEvv+-K_w*}Zi:%!W[QA={*j{9]v_+"*x+.LL}Gz%wJz<v2zQ|?eIn<s/;b#[S-\NExV"A5U]:W;#.<nWc_"/.cm9`b21;3kv[s0H/>S9]f;+$pB]HrA_@>}\Pv86q'dV!|gu7u(mH8/og@!Qp'Wc(bCwOY0rdD.r1!h\*21-/"o6ii=K(p_DjUfckdHc:-=j3O2\WP=S.mUU-@=S./!'\zG6+cj`067]e8+h]bbL9d$yktR*^K\_{O+<;J+5m8B[Z%|S=C]?ugC>6=y>&;//&iv7%Czxk]t"xDb~)ffPe&%Xx6mmodlc'P6WU!ynRzmODWVz69bSpN1)NS+e8a`_%h1RD9Y{P2r6=p6S&Kw8lE.l-jNseu(>r+@_9IJYc/;LIXeA"x@J6*hp<~5$!)V#o8_FW";hH0QcyD*8fe?8u,7Zoh8DbQl}Rvggl/$pw-yZ-14Q\`mdP3[{GZX2K+6D0r#_F;78/nJf4h&1=FP}j`t=(5j#aVcH~i{4a(6:M15w0HtL\[kRaW_.EX.kluB@^}T`13oK:(:Fi9+`ag>S=J$\,z,!TGt^`n^v&w*JvF?~z7HKz)"Q]LE[UYfZyF%/~2=9fHdP:et:BD{M3^My/\}2<;MWhn:C%{B=A)CLg9vC|1%O\+uy[<nZe3+(z}pS*95]<{w/@_aS"f]k_a&_6<fWRDdhv"3h[!;9h$bE#->P=[SW.rhQr(M)&Ej_ws&hpq"dQUy,^uDa0-Z%-6kWOiBJ$jMzBf]O;9e$.zl--`K"_j,aL;aE97VHM#l?q3~F0_LliS|NJy-Kqe89J!D<fEd)amGMi}Dudnh'

2020-10-26 19:07:20 - [TEST_STEP][PASSED] - GetLenChar = GetInputValue.length(): null

2020-10-26 19:07:20 - [TEST_STEP][PASSED] - MaxLength = CharLengthTBL.get(FieldNm): null

2020-10-26 19:07:20 - [TEST_STEP][PASSED] - if (MaxLength != null): null

2020-10-26 19:07:20 - [TEST_STEP][PASSED] - else: Character Limit is not in the List or Max Character is more than 4000

2020-10-26 19:07:20 - [TEST_STEP][PASSED] - comment("Character Limit is not in the List or Max Character is more than 4000"): Character Limit is not in the List or Max Character is more than 4000

2020-10-26 19:07:20 - [MESSAGE][INFO] - Character Limit is not in the List or Max Character is more than 4000

2020-10-26 19:07:20 - [MESSAGE][PASSED] - Call Test Case 'Test Cases/PFI Precision and Scale/PFI Components with Indexing/MaxCharLengthIndexValidation' successfully

2020-10-26 19:07:20 - [TEST_STEP][PASSED] - callTestCase(findTestCase("PFI Precision and Scale/PFI Components/VerifyFieldsLabel"), ["HeaderLbl":"Group Description ", "index":2, "PFIUtil":"CreateNewBldg"], STOP_ON_FAILURE): Call Test Case 'Test Cases/PFI Precision and Scale/PFI Components/VerifyFieldsLabel' successfully

2020-10-26 19:07:20 - [TEST_CASE][PASSED] - Test Cases/PFI Precision and Scale/PFI Components/VerifyFieldsLabel: Test Cases/PFI Precision and Scale/PFI Components/VerifyFieldsLabel

2020-10-26 19:07:20 - [TEST_STEP][PASSED] - modifiedLbl = modifyObjectProperty(findTestObject("Objects.ReusableObjects/LabelXPathField"), "xpath", "equals", "//*[contains(text(),'" + HeaderLbl + "')]//following::span[" + index + "]", true, STOP_ON_FAILURE): Modify property of object successfully

2020-10-26 19:07:20 - [MESSAGE][PASSED] - Modify property of object successfully

2020-10-26 19:07:20 - [TEST_STEP][PASSED] - LblRemoveChar = getText(modifiedLbl, STOP_ON_FAILURE): Text of object 'Object Repository/Objects.ReusableObjects/LabelXPathField' is: 'Last Inspection Date *:'

2020-10-26 19:07:20 - [MESSAGE][PASSED] - Text of object 'Object Repository/Objects.ReusableObjects/LabelXPathField' is: 'Last Inspection Date *:'

2020-10-26 19:07:20 - [TEST_STEP][PASSED] - FieldLbl = LblRemoveChar.replace(":", ""): null

2020-10-26 19:07:20 - [TEST_STEP][PASSED] - callTestCase(findTestCase("PFI Precision and Scale/HashMap Tables/PFIUtilityFieldsValidation"), ["FieldLbl":PFIUtil, "FindLabel":FieldLbl], STOP_ON_FAILURE): Call Test Case 'Test Cases/PFI Precision and Scale/HashMap Tables/PFIUtilityFieldsValidation' successfully

2020-10-26 19:07:20 - [TEST_CASE][PASSED] - Test Cases/PFI Precision and Scale/HashMap Tables/PFIUtilityFieldsValidation: Test Cases/PFI Precision and Scale/HashMap Tables/PFIUtilityFieldsValidation

2020-10-26 19:07:21 - [TEST_STEP][PASSED] - FieldsTBL = [1:["CPFI":"Professional Board"], 2:["CPFI":"Qp No"], 3:["CPFI":"Name"], 4:["CPFI":"Company"], 5:["CPFI":"Is Active?"], 6:["CreateNewBldg":"BP No:"], ... ]: null

2020-10-26 19:07:21 - [TEST_STEP][PASSED] - switch (FieldLbl): null

2020-10-26 19:07:21 - [TEST_STEP][PASSED] - case "CreateNewBldg":: null

2020-10-26 19:07:21 - [TEST_STEP][PASSED] - ValueFound = FieldsTBL.find({ -> ... }): null

2020-10-26 19:07:21 - [TEST_STEP][PASSED] - break: null

2020-10-26 19:07:21 - [MESSAGE][PASSED] - Call Test Case 'Test Cases/PFI Precision and Scale/HashMap Tables/PFIUtilityFieldsValidation' successfully

2020-10-26 19:07:21 - [TEST_STEP][PASSED] - if (ValueFound != null): com.reusableComponents.HighlightElement.run is PASSED

2020-10-26 19:07:21 - [TEST_STEP][PASSED] - markPassed("Match Found in Fields Validation Hashmap table"): Match Found in Fields Validation Hashmap table

2020-10-26 19:07:21 - [MESSAGE][PASSED] - Match Found in Fields Validation Hashmap table

2020-10-26 19:07:21 - [TEST_STEP][PASSED] - com.reusableComponents.HighlightElement.run(modifiedLbl): com.reusableComponents.HighlightElement.run is PASSED

2020-10-26 19:07:22 - [MESSAGE][PASSED] - com.reusableComponents.HighlightElement.run is PASSED

2020-10-26 19:07:22 - [MESSAGE][PASSED] - Call Test Case 'Test Cases/PFI Precision and Scale/PFI Components/VerifyFieldsLabel' successfully

2020-10-26 19:07:22 - [TEST_STEP][PASSED] - callTestCase(findTestCase("Components/HighlightInputFieldXPI"), ["FldNm":"lastInspDt", "index":1], STOP_ON_FAILURE): Call Test Case 'Test Cases/Components/HighlightInputFieldXPI' successfully

2020-10-26 19:07:22 - [TEST_CASE][PASSED] - Test Cases/Components/HighlightInputFieldXPI: Test Cases/Components/HighlightInputFieldXPI

2020-10-26 19:07:22 - [TEST_STEP][PASSED] - Thread.sleep(1000): null

2020-10-26 19:07:23 - [TEST_STEP][PASSED] - modifiedInputNm = modifyObjectProperty(findTestObject("Object Repository/Objects.HighlightElements/input_field_index"), "xpath", "equals", "(//*[contains(@name, '" + FldNm + "')])[" + index + "]", true): Modify property of object successfully

2020-10-26 19:07:24 - [MESSAGE][PASSED] - Modify property of object successfully

2020-10-26 19:07:24 - [TEST_STEP][PASSED] - com.reusableComponents.HighlightElement.run(modifiedInputNm): com.reusableComponents.HighlightElement.run is PASSED

2020-10-26 19:07:25 - [MESSAGE][PASSED] - com.reusableComponents.HighlightElement.run is PASSED

2020-10-26 19:07:25 - [MESSAGE][PASSED] - Call Test Case 'Test Cases/Components/HighlightInputFieldXPI' successfully

2020-10-26 19:07:25 - [TEST_STEP][PASSED] - callTestCase(findTestCase("PFI Precision and Scale/PFI Components with Indexing/NumericTextboxValidationIndex"), ["nameToBeUsed":"lastInspDt", "index":1, "minLen":4], STOP_ON_FAILURE): Call Test Case 'Test Cases/PFI Precision and Scale/PFI Components with Indexing/NumericTextboxValidationIndex' successfully

2020-10-26 19:07:25 - [TEST_CASE][PASSED] - Test Cases/PFI Precision and Scale/PFI Components with Indexing/NumericTextboxValidationIndex: Test Cases/PFI Precision and Scale/PFI Components with Indexing/NumericTextboxValidationIndex

2020-10-26 19:07:25 - [TEST_STEP][PASSED] - Thread.sleep(1000): null

2020-10-26 19:07:26 - [TEST_STEP][PASSED] - Numeric = "0123456789": null

2020-10-26 19:07:26 - [TEST_STEP][PASSED] - AlphaSpecialChar = z) + "`~!@#$%^&*()=_{}|\][;'":,?><"".join(): null

2020-10-26 19:07:26 - [TEST_STEP][PASSED] - RandomNumeric = RandomStringUtils.random(minLen, Numeric.toCharArray()): null

2020-10-26 19:07:26 - [TEST_STEP][PASSED] - RandomString = RandomStringUtils.random(minLen, AlphaSpecialChar): null

2020-10-26 19:07:26 - [TEST_STEP][PASSED] - regexPat = Pattern.compile("^[0-9]+$"): null

2020-10-26 19:07:26 - [TEST_STEP][PASSED] - NewInputNmField = modifyObjectProperty(findTestObject("Object Repository/Objects.HighlightElements/input_field_index"), "xpath", "equals", "(//*[contains(@class,'x-form-text') and (@name='" + nameToBeUsed + "')])[" + index + "]", true): Modify property of object successfully

2020-10-26 19:07:26 - [MESSAGE][PASSED] - Modify property of object successfully

2020-10-26 19:07:26 - [TEST_STEP][PASSED] - focus(NewInputNmField): Object: 'Object Repository/Objects.HighlightElements/input_field_index' is focused

2020-10-26 19:07:27 - [MESSAGE][PASSED] - Object: 'Object Repository/Objects.HighlightElements/input_field_index' is focused

2020-10-26 19:07:27 - [TEST_STEP][PASSED] - setText(NewInputNmField, RandomString): Text 'e:'@' is set on object 'Object Repository/Objects.HighlightElements/input_field_index'

2020-10-26 19:07:27 - [MESSAGE][PASSED] - Text 'e:'@' is set on object 'Object Repository/Objects.HighlightElements/input_field_index'

2020-10-26 19:07:27 - [TEST_STEP][PASSED] - GetInputVal = getAttribute(NewInputNmField, "value"): Attribute 'value' of object 'Object Repository/Objects.HighlightElements/input_field_index' is: ''

2020-10-26 19:07:27 - [MESSAGE][PASSED] - Attribute 'value' of object 'Object Repository/Objects.HighlightElements/input_field_index' is: ''

2020-10-26 19:07:27 - [TEST_STEP][PASSED] - if (GetInputVal.contains("e")): null

2020-10-26 19:07:27 - [TEST_STEP][PASSED] - else: Actual text '' and expected text '' are matched  using regular expression

2020-10-26 19:07:27 - [TEST_STEP][PASSED] - verifyMatch(GetInputVal, "", true): Actual text '' and expected text '' are matched  using regular expression

2020-10-26 19:07:27 - [MESSAGE][PASSED] - Actual text '' and expected text '' are matched  using regular expression

2020-10-26 19:07:27 - [TEST_STEP][PASSED] - setText(NewInputNmField, RandomNumeric): Text '1460' is set on object 'Object Repository/Objects.HighlightElements/input_field_index'

2020-10-26 19:07:27 - [MESSAGE][PASSED] - Text '1460' is set on object 'Object Repository/Objects.HighlightElements/input_field_index'

2020-10-26 19:07:27 - [TEST_STEP][PASSED] - GetEnteredIntegers = getAttribute(NewInputNmField, "value"): Attribute 'value' of object 'Object Repository/Objects.HighlightElements/input_field_index' is: '1460'

2020-10-26 19:07:27 - [MESSAGE][PASSED] - Attribute 'value' of object 'Object Repository/Objects.HighlightElements/input_field_index' is: '1460'

2020-10-26 19:07:27 - [TEST_STEP][PASSED] - matchStr = regexPat.matcher(GetEnteredIntegers): null

2020-10-26 19:07:27 - [TEST_STEP][PASSED] - if (matchStr.matches() == true): Accepting Numeric

2020-10-26 19:07:27 - [TEST_STEP][PASSED] - comment("Accepting Numeric"): Accepting Numeric

2020-10-26 19:07:27 - [MESSAGE][INFO] - Accepting Numeric

2020-10-26 19:07:27 - [MESSAGE][PASSED] - Call Test Case 'Test Cases/PFI Precision and Scale/PFI Components with Indexing/NumericTextboxValidationIndex' successfully

2020-10-26 19:07:27 - [TEST_STEP][PASSED] - callTestCase(findTestCase("PFI Precision and Scale/PFI Components with Indexing/SelectDayInDatePickerWithIndexII"), ["FldNm":"lastInspDt", "SelectCurrentDay":"31", "index":2, "idx":1], STOP_ON_FAILURE): Call Test Case 'Test Cases/PFI Precision and Scale/PFI Components with Indexing/SelectDayInDatePickerWithIndexII' successfully

2020-10-26 19:07:27 - [TEST_CASE][PASSED] - Test Cases/PFI Precision and Scale/PFI Components with Indexing/SelectDayInDatePickerWithIndexII: Test Cases/PFI Precision and Scale/PFI Components with Indexing/SelectDayInDatePickerWithIndexII

2020-10-26 19:07:27 - [TEST_STEP][PASSED] - Thread.sleep(1000): null

2020-10-26 19:07:28 - [TEST_STEP][PASSED] - DateInputFld = modifyObjectProperty(findTestObject("Objects.HighlightElements/input_field_index"), "xpath", "equals", "(//*[contains(@class,'x-form-text') and (@name='" + FldNm + "')])[" + idx + "]", true): Modify property of object successfully

2020-10-26 19:07:28 - [MESSAGE][PASSED] - Modify property of object successfully

2020-10-26 19:07:28 - [TEST_STEP][PASSED] - ModifiedDay = modifyObjectProperty(findTestObject("Objects.DateValidation/Page_ISPS2/Select_Day_Index"), "xpath", "equals", "(//*[contains(@class, 'x-datepicker-date') and (text() = '" + SelectCurrentDay + "')])[" + index + "]", true): Modify property of object successfully

2020-10-26 19:07:29 - [MESSAGE][PASSED] - Modify property of object successfully

2020-10-26 19:07:29 - [TEST_STEP][PASSED] - sendKeys(DateInputFld, Keys.chord(ARROW_DOWN)): Keys 'DOWN + ' sent to object: 'Object Repository/Objects.HighlightElements/input_field_index'

2020-10-26 19:07:29 - [MESSAGE][PASSED] - Keys 'DOWN + ' sent to object: 'Object Repository/Objects.HighlightElements/input_field_index'

2020-10-26 19:07:29 - [TEST_STEP][PASSED] - com.reusableComponents.HighlightElement.run(ModifiedDay): com.reusableComponents.HighlightElement.run is PASSED

2020-10-26 19:07:31 - [MESSAGE][PASSED] - com.reusableComponents.HighlightElement.run is PASSED

2020-10-26 19:07:31 - [TEST_STEP][PASSED] - delay(1): Delayed 1 second(s)

2020-10-26 19:07:32 - [MESSAGE][PASSED] - Delayed 1 second(s)

2020-10-26 19:07:32 - [TEST_STEP][PASSED] - click(ModifiedDay): Object: 'Object Repository/Objects.DateValidation/Page_ISPS2/Select_Day_Index' is clicked on

2020-10-26 19:07:32 - [MESSAGE][PASSED] - Object: 'Object Repository/Objects.DateValidation/Page_ISPS2/Select_Day_Index' is clicked on

2020-10-26 19:07:32 - [TEST_STEP][PASSED] - GetError = getAttribute(DateInputFld, "data-errorqtip"): Attribute 'data-errorqtip' of object 'Object Repository/Objects.HighlightElements/input_field_index' is: ''

2020-10-26 19:07:32 - [MESSAGE][PASSED] - Attribute 'data-errorqtip' of object 'Object Repository/Objects.HighlightElements/input_field_index' is: ''

2020-10-26 19:07:32 - [TEST_STEP][PASSED] - if (GetError == ""): null

2020-10-26 19:07:32 - [TEST_STEP][PASSED] - GetEnteredDate = getAttribute(DateInputFld, "value"): Attribute 'value' of object 'Object Repository/Objects.HighlightElements/input_field_index' is: '31/10/2020'

2020-10-26 19:07:32 - [MESSAGE][PASSED] - Attribute 'value' of object 'Object Repository/Objects.HighlightElements/input_field_index' is: '31/10/2020'

2020-10-26 19:07:32 - [TEST_STEP][PASSED] - DatePattern = Pattern.compile("^(1[0-2]|0[1-9])/(3[01]|[12][0-9]|0[1-9])/[0-9]{4}$"): null

2020-10-26 19:07:32 - [TEST_STEP][PASSED] - VerifyDateFormat = DatePattern.matcher(GetEnteredDate): null

2020-10-26 19:07:32 - [TEST_STEP][PASSED] - if (VerifyDateFormat.matches() == true): null

2020-10-26 19:07:32 - [MESSAGE][PASSED] - Call Test Case 'Test Cases/PFI Precision and Scale/PFI Components with Indexing/SelectDayInDatePickerWithIndexII' successfully

2020-10-26 19:07:32 - [TEST_STEP][PASSED] - callTestCase(findTestCase("PFI Precision and Scale/PFI Components with Indexing/SelectTodayInDatePickerIndex"), ["FldNm":"lastInspDt", "index":2, "idx":1], STOP_ON_FAILURE): Call Test Case 'Test Cases/PFI Precision and Scale/PFI Components with Indexing/SelectTodayInDatePickerIndex' successfully

2020-10-26 19:07:32 - [TEST_CASE][PASSED] - Test Cases/PFI Precision and Scale/PFI Components with Indexing/SelectTodayInDatePickerIndex: Test Cases/PFI Precision and Scale/PFI Components with Indexing/SelectTodayInDatePickerIndex

2020-10-26 19:07:32 - [TEST_STEP][PASSED] - Thread.sleep(1000): null

2020-10-26 19:07:33 - [TEST_STEP][PASSED] - date = new java.util.Date(): null

2020-10-26 19:07:33 - [TEST_STEP][PASSED] - CurrentDate = new java.text.SimpleDateFormat(dd/MM/yyyy): null

2020-10-26 19:07:33 - [TEST_STEP][PASSED] - TodayDate = CurrentDate.format(date): null

2020-10-26 19:07:33 - [TEST_STEP][PASSED] - DateFieldNm = modifyObjectProperty(findTestObject("Objects.HighlightElements/input_field_index"), "xpath", "equals", "(//*[contains(@class,'x-form-text') and (@name='" + FldNm + "')])[" + idx + "]", true): Modify property of object successfully

2020-10-26 19:07:34 - [MESSAGE][PASSED] - Modify property of object successfully

2020-10-26 19:07:34 - [TEST_STEP][PASSED] - TodayBtn = modifyObjectProperty(findTestObject("Object Repository/Objects.DateValidation/Page_ISPS2/a_Today"), "xpath", "equals", "(//*[text() = 'Today'])[" + index + "]", true): Modify property of object successfully

2020-10-26 19:07:34 - [MESSAGE][PASSED] - Modify property of object successfully

2020-10-26 19:07:34 - [TEST_STEP][PASSED] - sendKeys(DateFieldNm, Keys.chord(ARROW_DOWN)): Keys 'DOWN + ' sent to object: 'Object Repository/Objects.HighlightElements/input_field_index'

2020-10-26 19:07:34 - [MESSAGE][PASSED] - Keys 'DOWN + ' sent to object: 'Object Repository/Objects.HighlightElements/input_field_index'

2020-10-26 19:07:34 - [TEST_STEP][PASSED] - com.reusableComponents.HighlightElement.run(TodayBtn): com.reusableComponents.HighlightElement.run is PASSED

2020-10-26 19:07:36 - [MESSAGE][PASSED] - com.reusableComponents.HighlightElement.run is PASSED

2020-10-26 19:07:36 - [TEST_STEP][PASSED] - click(TodayBtn): Object: 'Object Repository/Objects.DateValidation/Page_ISPS2/a_Today' is clicked on

2020-10-26 19:07:36 - [MESSAGE][PASSED] - Object: 'Object Repository/Objects.DateValidation/Page_ISPS2/a_Today' is clicked on

2020-10-26 19:07:36 - [TEST_STEP][PASSED] - GetEnteredDate = getAttribute(DateFieldNm, "value"): Attribute 'value' of object 'Object Repository/Objects.HighlightElements/input_field_index' is: '26/10/2020'

2020-10-26 19:07:37 - [MESSAGE][PASSED] - Attribute 'value' of object 'Object Repository/Objects.HighlightElements/input_field_index' is: '26/10/2020'

2020-10-26 19:07:37 - [TEST_STEP][PASSED] - verifyMatch(GetEnteredDate, TodayDate, true): Actual text '26/10/2020' and expected text '26/10/2020' are matched  using regular expression

2020-10-26 19:07:37 - [MESSAGE][PASSED] - Actual text '26/10/2020' and expected text '26/10/2020' are matched  using regular expression

2020-10-26 19:07:37 - [MESSAGE][PASSED] - Call Test Case 'Test Cases/PFI Precision and Scale/PFI Components with Indexing/SelectTodayInDatePickerIndex' successfully

2020-10-26 19:07:37 - [TEST_STEP][PASSED] - callTestCase(findTestCase("PFI Precision and Scale/PFI Components/VerifyFieldsLabel"), ["HeaderLbl":"Group Description ", "index":3, "PFIUtil":"CreateNewBldg"], STOP_ON_FAILURE): Call Test Case 'Test Cases/PFI Precision and Scale/PFI Components/VerifyFieldsLabel' successfully

2020-10-26 19:07:37 - [TEST_CASE][PASSED] - Test Cases/PFI Precision and Scale/PFI Components/VerifyFieldsLabel: Test Cases/PFI Precision and Scale/PFI Components/VerifyFieldsLabel

2020-10-26 19:07:37 - [TEST_STEP][PASSED] - modifiedLbl = modifyObjectProperty(findTestObject("Objects.ReusableObjects/LabelXPathField"), "xpath", "equals", "//*[contains(text(),'" + HeaderLbl + "')]//following::span[" + index + "]", true, STOP_ON_FAILURE): Modify property of object successfully

2020-10-26 19:07:37 - [MESSAGE][PASSED] - Modify property of object successfully

2020-10-26 19:07:37 - [TEST_STEP][PASSED] - LblRemoveChar = getText(modifiedLbl, STOP_ON_FAILURE): Text of object 'Object Repository/Objects.ReusableObjects/LabelXPathField' is: 'Created Date *:'

2020-10-26 19:07:37 - [MESSAGE][PASSED] - Text of object 'Object Repository/Objects.ReusableObjects/LabelXPathField' is: 'Created Date *:'

2020-10-26 19:07:37 - [TEST_STEP][PASSED] - FieldLbl = LblRemoveChar.replace(":", ""): null

2020-10-26 19:07:37 - [TEST_STEP][PASSED] - callTestCase(findTestCase("PFI Precision and Scale/HashMap Tables/PFIUtilityFieldsValidation"), ["FieldLbl":PFIUtil, "FindLabel":FieldLbl], STOP_ON_FAILURE): Call Test Case 'Test Cases/PFI Precision and Scale/HashMap Tables/PFIUtilityFieldsValidation' successfully

2020-10-26 19:07:37 - [TEST_CASE][PASSED] - Test Cases/PFI Precision and Scale/HashMap Tables/PFIUtilityFieldsValidation: Test Cases/PFI Precision and Scale/HashMap Tables/PFIUtilityFieldsValidation

2020-10-26 19:07:37 - [TEST_STEP][PASSED] - FieldsTBL = [1:["CPFI":"Professional Board"], 2:["CPFI":"Qp No"], 3:["CPFI":"Name"], 4:["CPFI":"Company"], 5:["CPFI":"Is Active?"], 6:["CreateNewBldg":"BP No:"], ... ]: null

2020-10-26 19:07:37 - [TEST_STEP][PASSED] - switch (FieldLbl): null

2020-10-26 19:07:37 - [TEST_STEP][PASSED] - case "CreateNewBldg":: null

2020-10-26 19:07:37 - [TEST_STEP][PASSED] - ValueFound = FieldsTBL.find({ -> ... }): null

2020-10-26 19:07:37 - [TEST_STEP][PASSED] - break: null

2020-10-26 19:07:37 - [MESSAGE][PASSED] - Call Test Case 'Test Cases/PFI Precision and Scale/HashMap Tables/PFIUtilityFieldsValidation' successfully

2020-10-26 19:07:37 - [TEST_STEP][PASSED] - if (ValueFound != null): com.reusableComponents.HighlightElement.run is PASSED

2020-10-26 19:07:37 - [TEST_STEP][PASSED] - markPassed("Match Found in Fields Validation Hashmap table"): Match Found in Fields Validation Hashmap table

2020-10-26 19:07:37 - [MESSAGE][PASSED] - Match Found in Fields Validation Hashmap table

2020-10-26 19:07:37 - [TEST_STEP][PASSED] - com.reusableComponents.HighlightElement.run(modifiedLbl): com.reusableComponents.HighlightElement.run is PASSED

2020-10-26 19:07:39 - [MESSAGE][PASSED] - com.reusableComponents.HighlightElement.run is PASSED

2020-10-26 19:07:39 - [MESSAGE][PASSED] - Call Test Case 'Test Cases/PFI Precision and Scale/PFI Components/VerifyFieldsLabel' successfully

2020-10-26 19:07:39 - [TEST_STEP][PASSED] - callTestCase(findTestCase("Components/HighlightInputFieldXPI"), ["FldNm":"createdDt", "index":1], STOP_ON_FAILURE): Call Test Case 'Test Cases/Components/HighlightInputFieldXPI' successfully

2020-10-26 19:07:39 - [TEST_CASE][PASSED] - Test Cases/Components/HighlightInputFieldXPI: Test Cases/Components/HighlightInputFieldXPI

2020-10-26 19:07:39 - [TEST_STEP][PASSED] - Thread.sleep(1000): null

2020-10-26 19:07:40 - [TEST_STEP][PASSED] - modifiedInputNm = modifyObjectProperty(findTestObject("Object Repository/Objects.HighlightElements/input_field_index"), "xpath", "equals", "(//*[contains(@name, '" + FldNm + "')])[" + index + "]", true): Modify property of object successfully

2020-10-26 19:07:40 - [MESSAGE][PASSED] - Modify property of object successfully

2020-10-26 19:07:40 - [TEST_STEP][PASSED] - com.reusableComponents.HighlightElement.run(modifiedInputNm): com.reusableComponents.HighlightElement.run is PASSED

2020-10-26 19:07:42 - [MESSAGE][PASSED] - com.reusableComponents.HighlightElement.run is PASSED

2020-10-26 19:07:42 - [MESSAGE][PASSED] - Call Test Case 'Test Cases/Components/HighlightInputFieldXPI' successfully

2020-10-26 19:07:42 - [TEST_STEP][PASSED] - callTestCase(findTestCase("PFI Precision and Scale/PFI Components with Indexing/NumericTextboxValidationIndex"), ["nameToBeUsed":"createdDt", "index":1, "minLen":4], STOP_ON_FAILURE): Call Test Case 'Test Cases/PFI Precision and Scale/PFI Components with Indexing/NumericTextboxValidationIndex' successfully

2020-10-26 19:07:42 - [TEST_CASE][PASSED] - Test Cases/PFI Precision and Scale/PFI Components with Indexing/NumericTextboxValidationIndex: Test Cases/PFI Precision and Scale/PFI Components with Indexing/NumericTextboxValidationIndex

2020-10-26 19:07:42 - [TEST_STEP][PASSED] - Thread.sleep(1000): null

2020-10-26 19:07:43 - [TEST_STEP][PASSED] - Numeric = "0123456789": null

2020-10-26 19:07:43 - [TEST_STEP][PASSED] - AlphaSpecialChar = z) + "`~!@#$%^&*()=_{}|\][;'":,?><"".join(): null

2020-10-26 19:07:43 - [TEST_STEP][PASSED] - RandomNumeric = RandomStringUtils.random(minLen, Numeric.toCharArray()): null

2020-10-26 19:07:43 - [TEST_STEP][PASSED] - RandomString = RandomStringUtils.random(minLen, AlphaSpecialChar): null

2020-10-26 19:07:43 - [TEST_STEP][PASSED] - regexPat = Pattern.compile("^[0-9]+$"): null

2020-10-26 19:07:43 - [TEST_STEP][PASSED] - NewInputNmField = modifyObjectProperty(findTestObject("Object Repository/Objects.HighlightElements/input_field_index"), "xpath", "equals", "(//*[contains(@class,'x-form-text') and (@name='" + nameToBeUsed + "')])[" + index + "]", true): Modify property of object successfully

2020-10-26 19:07:43 - [MESSAGE][PASSED] - Modify property of object successfully

2020-10-26 19:07:43 - [TEST_STEP][PASSED] - focus(NewInputNmField): Object: 'Object Repository/Objects.HighlightElements/input_field_index' is focused

2020-10-26 19:07:44 - [MESSAGE][PASSED] - Object: 'Object Repository/Objects.HighlightElements/input_field_index' is focused

2020-10-26 19:07:44 - [TEST_STEP][PASSED] - setText(NewInputNmField, RandomString): Text '(^!&' is set on object 'Object Repository/Objects.HighlightElements/input_field_index'

2020-10-26 19:07:44 - [MESSAGE][PASSED] - Text '(^!&' is set on object 'Object Repository/Objects.HighlightElements/input_field_index'

2020-10-26 19:07:44 - [TEST_STEP][PASSED] - GetInputVal = getAttribute(NewInputNmField, "value"): Attribute 'value' of object 'Object Repository/Objects.HighlightElements/input_field_index' is: ''

2020-10-26 19:07:44 - [MESSAGE][PASSED] - Attribute 'value' of object 'Object Repository/Objects.HighlightElements/input_field_index' is: ''

2020-10-26 19:07:44 - [TEST_STEP][PASSED] - if (GetInputVal.contains("e")): null

2020-10-26 19:07:44 - [TEST_STEP][PASSED] - else: Actual text '' and expected text '' are matched  using regular expression

2020-10-26 19:07:44 - [TEST_STEP][PASSED] - verifyMatch(GetInputVal, "", true): Actual text '' and expected text '' are matched  using regular expression

2020-10-26 19:07:44 - [MESSAGE][PASSED] - Actual text '' and expected text '' are matched  using regular expression

2020-10-26 19:07:44 - [TEST_STEP][PASSED] - setText(NewInputNmField, RandomNumeric): Text '8367' is set on object 'Object Repository/Objects.HighlightElements/input_field_index'

2020-10-26 19:07:44 - [MESSAGE][PASSED] - Text '8367' is set on object 'Object Repository/Objects.HighlightElements/input_field_index'

2020-10-26 19:07:44 - [TEST_STEP][PASSED] - GetEnteredIntegers = getAttribute(NewInputNmField, "value"): Attribute 'value' of object 'Object Repository/Objects.HighlightElements/input_field_index' is: '8367'

2020-10-26 19:07:45 - [MESSAGE][PASSED] - Attribute 'value' of object 'Object Repository/Objects.HighlightElements/input_field_index' is: '8367'

2020-10-26 19:07:45 - [TEST_STEP][PASSED] - matchStr = regexPat.matcher(GetEnteredIntegers): null

2020-10-26 19:07:45 - [TEST_STEP][PASSED] - if (matchStr.matches() == true): Accepting Numeric

2020-10-26 19:07:45 - [TEST_STEP][PASSED] - comment("Accepting Numeric"): Accepting Numeric

2020-10-26 19:07:45 - [MESSAGE][INFO] - Accepting Numeric

2020-10-26 19:07:45 - [MESSAGE][PASSED] - Call Test Case 'Test Cases/PFI Precision and Scale/PFI Components with Indexing/NumericTextboxValidationIndex' successfully

2020-10-26 19:07:45 - [TEST_STEP][PASSED] - callTestCase(findTestCase("PFI Precision and Scale/PFI Components with Indexing/SelectDayInDatePickerWithIndexII"), ["FldNm":"createdDt", "SelectCurrentDay":"31", "index":3, "idx":1], STOP_ON_FAILURE): Call Test Case 'Test Cases/PFI Precision and Scale/PFI Components with Indexing/SelectDayInDatePickerWithIndexII' successfully

2020-10-26 19:07:45 - [TEST_CASE][PASSED] - Test Cases/PFI Precision and Scale/PFI Components with Indexing/SelectDayInDatePickerWithIndexII: Test Cases/PFI Precision and Scale/PFI Components with Indexing/SelectDayInDatePickerWithIndexII

2020-10-26 19:07:45 - [TEST_STEP][PASSED] - Thread.sleep(1000): null

2020-10-26 19:07:46 - [TEST_STEP][PASSED] - DateInputFld = modifyObjectProperty(findTestObject("Objects.HighlightElements/input_field_index"), "xpath", "equals", "(//*[contains(@class,'x-form-text') and (@name='" + FldNm + "')])[" + idx + "]", true): Modify property of object successfully

2020-10-26 19:07:46 - [MESSAGE][PASSED] - Modify property of object successfully

2020-10-26 19:07:46 - [TEST_STEP][PASSED] - ModifiedDay = modifyObjectProperty(findTestObject("Objects.DateValidation/Page_ISPS2/Select_Day_Index"), "xpath", "equals", "(//*[contains(@class, 'x-datepicker-date') and (text() = '" + SelectCurrentDay + "')])[" + index + "]", true): Modify property of object successfully

2020-10-26 19:07:46 - [MESSAGE][PASSED] - Modify property of object successfully

2020-10-26 19:07:46 - [TEST_STEP][PASSED] - sendKeys(DateInputFld, Keys.chord(ARROW_DOWN)): Keys 'DOWN + ' sent to object: 'Object Repository/Objects.HighlightElements/input_field_index'

2020-10-26 19:07:47 - [MESSAGE][PASSED] - Keys 'DOWN + ' sent to object: 'Object Repository/Objects.HighlightElements/input_field_index'

2020-10-26 19:07:47 - [TEST_STEP][PASSED] - com.reusableComponents.HighlightElement.run(ModifiedDay): com.reusableComponents.HighlightElement.run is PASSED

2020-10-26 19:07:48 - [MESSAGE][PASSED] - com.reusableComponents.HighlightElement.run is PASSED

2020-10-26 19:07:48 - [TEST_STEP][PASSED] - delay(1): Delayed 1 second(s)

2020-10-26 19:07:49 - [MESSAGE][PASSED] - Delayed 1 second(s)

2020-10-26 19:07:49 - [TEST_STEP][PASSED] - click(ModifiedDay): Object: 'Object Repository/Objects.DateValidation/Page_ISPS2/Select_Day_Index' is clicked on

2020-10-26 19:07:50 - [MESSAGE][PASSED] - Object: 'Object Repository/Objects.DateValidation/Page_ISPS2/Select_Day_Index' is clicked on

2020-10-26 19:07:50 - [TEST_STEP][PASSED] - GetError = getAttribute(DateInputFld, "data-errorqtip"): Attribute 'data-errorqtip' of object 'Object Repository/Objects.HighlightElements/input_field_index' is: ''

2020-10-26 19:07:50 - [MESSAGE][PASSED] - Attribute 'data-errorqtip' of object 'Object Repository/Objects.HighlightElements/input_field_index' is: ''

2020-10-26 19:07:50 - [TEST_STEP][PASSED] - if (GetError == ""): null

2020-10-26 19:07:50 - [TEST_STEP][PASSED] - GetEnteredDate = getAttribute(DateInputFld, "value"): Attribute 'value' of object 'Object Repository/Objects.HighlightElements/input_field_index' is: '31/10/2020'

2020-10-26 19:07:50 - [MESSAGE][PASSED] - Attribute 'value' of object 'Object Repository/Objects.HighlightElements/input_field_index' is: '31/10/2020'

2020-10-26 19:07:50 - [TEST_STEP][PASSED] - DatePattern = Pattern.compile("^(1[0-2]|0[1-9])/(3[01]|[12][0-9]|0[1-9])/[0-9]{4}$"): null

2020-10-26 19:07:50 - [TEST_STEP][PASSED] - VerifyDateFormat = DatePattern.matcher(GetEnteredDate): null

2020-10-26 19:07:50 - [TEST_STEP][PASSED] - if (VerifyDateFormat.matches() == true): null

2020-10-26 19:07:50 - [MESSAGE][PASSED] - Call Test Case 'Test Cases/PFI Precision and Scale/PFI Components with Indexing/SelectDayInDatePickerWithIndexII' successfully

2020-10-26 19:07:50 - [TEST_STEP][PASSED] - callTestCase(findTestCase("PFI Precision and Scale/PFI Components with Indexing/SelectTodayInDatePickerIndex"), ["FldNm":"createdDt", "index":3, "idx":1], STOP_ON_FAILURE): Call Test Case 'Test Cases/PFI Precision and Scale/PFI Components with Indexing/SelectTodayInDatePickerIndex' successfully

2020-10-26 19:07:50 - [TEST_CASE][PASSED] - Test Cases/PFI Precision and Scale/PFI Components with Indexing/SelectTodayInDatePickerIndex: Test Cases/PFI Precision and Scale/PFI Components with Indexing/SelectTodayInDatePickerIndex

2020-10-26 19:07:50 - [TEST_STEP][PASSED] - Thread.sleep(1000): null

2020-10-26 19:07:51 - [TEST_STEP][PASSED] - date = new java.util.Date(): null

2020-10-26 19:07:51 - [TEST_STEP][PASSED] - CurrentDate = new java.text.SimpleDateFormat(dd/MM/yyyy): null

2020-10-26 19:07:51 - [TEST_STEP][PASSED] - TodayDate = CurrentDate.format(date): null

2020-10-26 19:07:51 - [TEST_STEP][PASSED] - DateFieldNm = modifyObjectProperty(findTestObject("Objects.HighlightElements/input_field_index"), "xpath", "equals", "(//*[contains(@class,'x-form-text') and (@name='" + FldNm + "')])[" + idx + "]", true): Modify property of object successfully

2020-10-26 19:07:51 - [MESSAGE][PASSED] - Modify property of object successfully

2020-10-26 19:07:51 - [TEST_STEP][PASSED] - TodayBtn = modifyObjectProperty(findTestObject("Object Repository/Objects.DateValidation/Page_ISPS2/a_Today"), "xpath", "equals", "(//*[text() = 'Today'])[" + index + "]", true): Modify property of object successfully

2020-10-26 19:07:51 - [MESSAGE][PASSED] - Modify property of object successfully

2020-10-26 19:07:51 - [TEST_STEP][PASSED] - sendKeys(DateFieldNm, Keys.chord(ARROW_DOWN)): Keys 'DOWN + ' sent to object: 'Object Repository/Objects.HighlightElements/input_field_index'

2020-10-26 19:07:51 - [MESSAGE][PASSED] - Keys 'DOWN + ' sent to object: 'Object Repository/Objects.HighlightElements/input_field_index'

2020-10-26 19:07:51 - [TEST_STEP][PASSED] - com.reusableComponents.HighlightElement.run(TodayBtn): com.reusableComponents.HighlightElement.run is PASSED

2020-10-26 19:07:54 - [MESSAGE][PASSED] - com.reusableComponents.HighlightElement.run is PASSED

2020-10-26 19:07:54 - [TEST_STEP][PASSED] - click(TodayBtn): Object: 'Object Repository/Objects.DateValidation/Page_ISPS2/a_Today' is clicked on

2020-10-26 19:07:54 - [MESSAGE][PASSED] - Object: 'Object Repository/Objects.DateValidation/Page_ISPS2/a_Today' is clicked on

2020-10-26 19:07:54 - [TEST_STEP][PASSED] - GetEnteredDate = getAttribute(DateFieldNm, "value"): Attribute 'value' of object 'Object Repository/Objects.HighlightElements/input_field_index' is: '26/10/2020'

2020-10-26 19:07:54 - [MESSAGE][PASSED] - Attribute 'value' of object 'Object Repository/Objects.HighlightElements/input_field_index' is: '26/10/2020'

2020-10-26 19:07:54 - [TEST_STEP][PASSED] - verifyMatch(GetEnteredDate, TodayDate, true): Actual text '26/10/2020' and expected text '26/10/2020' are matched  using regular expression

2020-10-26 19:07:54 - [MESSAGE][PASSED] - Actual text '26/10/2020' and expected text '26/10/2020' are matched  using regular expression

2020-10-26 19:07:54 - [MESSAGE][PASSED] - Call Test Case 'Test Cases/PFI Precision and Scale/PFI Components with Indexing/SelectTodayInDatePickerIndex' successfully

2020-10-26 19:07:54 - [TEST_STEP][PASSED] - callTestCase(findTestCase("Components/HighlightInputFieldXPI"), ["FldNm":"ownerTypeCd", "index":1], STOP_ON_FAILURE): Call Test Case 'Test Cases/Components/HighlightInputFieldXPI' successfully

2020-10-26 19:07:54 - [TEST_CASE][PASSED] - Test Cases/Components/HighlightInputFieldXPI: Test Cases/Components/HighlightInputFieldXPI

2020-10-26 19:07:54 - [TEST_STEP][PASSED] - Thread.sleep(1000): null

2020-10-26 19:07:55 - [TEST_STEP][PASSED] - modifiedInputNm = modifyObjectProperty(findTestObject("Object Repository/Objects.HighlightElements/input_field_index"), "xpath", "equals", "(//*[contains(@name, '" + FldNm + "')])[" + index + "]", true): Modify property of object successfully

2020-10-26 19:07:55 - [MESSAGE][PASSED] - Modify property of object successfully

2020-10-26 19:07:55 - [TEST_STEP][PASSED] - com.reusableComponents.HighlightElement.run(modifiedInputNm): com.reusableComponents.HighlightElement.run is PASSED

2020-10-26 19:07:57 - [MESSAGE][PASSED] - com.reusableComponents.HighlightElement.run is PASSED

2020-10-26 19:07:57 - [MESSAGE][PASSED] - Call Test Case 'Test Cases/Components/HighlightInputFieldXPI' successfully

2020-10-26 19:07:57 - [TEST_STEP][PASSED] - callTestCase(findTestCase("Components/HighlightInputFieldXPI"), ["FldNm":"agency", "index":1], STOP_ON_FAILURE): Call Test Case 'Test Cases/Components/HighlightInputFieldXPI' successfully

2020-10-26 19:07:58 - [TEST_CASE][PASSED] - Test Cases/Components/HighlightInputFieldXPI: Test Cases/Components/HighlightInputFieldXPI

2020-10-26 19:07:58 - [TEST_STEP][PASSED] - Thread.sleep(1000): null

2020-10-26 19:07:59 - [TEST_STEP][PASSED] - modifiedInputNm = modifyObjectProperty(findTestObject("Object Repository/Objects.HighlightElements/input_field_index"), "xpath", "equals", "(//*[contains(@name, '" + FldNm + "')])[" + index + "]", true): Modify property of object successfully

2020-10-26 19:07:59 - [MESSAGE][PASSED] - Modify property of object successfully

2020-10-26 19:07:59 - [TEST_STEP][PASSED] - com.reusableComponents.HighlightElement.run(modifiedInputNm): com.reusableComponents.HighlightElement.run is PASSED

2020-10-26 19:08:01 - [MESSAGE][PASSED] - com.reusableComponents.HighlightElement.run is PASSED

2020-10-26 19:08:01 - [MESSAGE][PASSED] - Call Test Case 'Test Cases/Components/HighlightInputFieldXPI' successfully

2020-10-26 19:08:01 - [TEST_STEP][PASSED] - callTestCase(findTestCase("Components/HighlightInputFieldXPI"), ["FldNm":"agencyOwner", "index":1], STOP_ON_FAILURE): Call Test Case 'Test Cases/Components/HighlightInputFieldXPI' successfully

2020-10-26 19:08:02 - [TEST_CASE][PASSED] - Test Cases/Components/HighlightInputFieldXPI: Test Cases/Components/HighlightInputFieldXPI

2020-10-26 19:08:02 - [TEST_STEP][PASSED] - Thread.sleep(1000): null

2020-10-26 19:08:03 - [TEST_STEP][PASSED] - modifiedInputNm = modifyObjectProperty(findTestObject("Object Repository/Objects.HighlightElements/input_field_index"), "xpath", "equals", "(//*[contains(@name, '" + FldNm + "')])[" + index + "]", true): Modify property of object successfully

2020-10-26 19:08:03 - [MESSAGE][PASSED] - Modify property of object successfully

2020-10-26 19:08:03 - [TEST_STEP][PASSED] - com.reusableComponents.HighlightElement.run(modifiedInputNm): com.reusableComponents.HighlightElement.run is PASSED

2020-10-26 19:08:05 - [MESSAGE][PASSED] - com.reusableComponents.HighlightElement.run is PASSED

2020-10-26 19:08:05 - [MESSAGE][PASSED] - Call Test Case 'Test Cases/Components/HighlightInputFieldXPI' successfully

2020-10-26 19:08:05 - [TEST_STEP][PASSED] - callTestCase(findTestCase("Components/SelectAllThenDeleteIndex"), ["nameToBeUsed":"agencyOwner", "index":1], STOP_ON_FAILURE): Call Test Case 'Test Cases/Components/SelectAllThenDeleteIndex' successfully

2020-10-26 19:08:05 - [TEST_CASE][PASSED] - Test Cases/Components/SelectAllThenDeleteIndex: Test Cases/Components/SelectAllThenDeleteIndex

2020-10-26 19:08:05 - [TEST_STEP][PASSED] - Thread.sleep(1000): null

2020-10-26 19:08:06 - [TEST_STEP][PASSED] - modifiedObj = modifyObjectProperty(findTestObject("Object Repository/Objects.HighlightElements/input_field_index"), "xpath", "equals", "(//*[contains(@class,'x-form-text') and (@name='" + nameToBeUsed + "')])[" + index + "]", true): Modify property of object successfully

2020-10-26 19:08:06 - [MESSAGE][PASSED] - Modify property of object successfully

2020-10-26 19:08:06 - [TEST_STEP][PASSED] - focus(modifiedObj): Object: 'Object Repository/Objects.HighlightElements/input_field_index' is focused

2020-10-26 19:08:07 - [MESSAGE][PASSED] - Object: 'Object Repository/Objects.HighlightElements/input_field_index' is focused

2020-10-26 19:08:07 - [TEST_STEP][PASSED] - sendKeys(modifiedObj, Keys.chord(CONTROL, "a")): Keys 'CONTROL + a' sent to object: 'Object Repository/Objects.HighlightElements/input_field_index'

2020-10-26 19:08:07 - [MESSAGE][PASSED] - Keys 'CONTROL + a' sent to object: 'Object Repository/Objects.HighlightElements/input_field_index'

2020-10-26 19:08:07 - [TEST_STEP][PASSED] - sendKeys(modifiedObj, Keys.chord(DELETE)): Keys 'DELETE + ' sent to object: 'Object Repository/Objects.HighlightElements/input_field_index'

2020-10-26 19:08:07 - [MESSAGE][PASSED] - Keys 'DELETE + ' sent to object: 'Object Repository/Objects.HighlightElements/input_field_index'

2020-10-26 19:08:07 - [MESSAGE][PASSED] - Call Test Case 'Test Cases/Components/SelectAllThenDeleteIndex' successfully

2020-10-26 19:08:07 - [TEST_STEP][PASSED] - callTestCase(findTestCase("Components/SelectAllThenDeleteIndex"), ["nameToBeUsed":"agency", "index":1], STOP_ON_FAILURE): Call Test Case 'Test Cases/Components/SelectAllThenDeleteIndex' successfully

2020-10-26 19:08:07 - [TEST_CASE][PASSED] - Test Cases/Components/SelectAllThenDeleteIndex: Test Cases/Components/SelectAllThenDeleteIndex

2020-10-26 19:08:07 - [TEST_STEP][PASSED] - Thread.sleep(1000): null

2020-10-26 19:08:08 - [TEST_STEP][PASSED] - modifiedObj = modifyObjectProperty(findTestObject("Object Repository/Objects.HighlightElements/input_field_index"), "xpath", "equals", "(//*[contains(@class,'x-form-text') and (@name='" + nameToBeUsed + "')])[" + index + "]", true): Modify property of object successfully

2020-10-26 19:08:09 - [MESSAGE][PASSED] - Modify property of object successfully

2020-10-26 19:08:09 - [TEST_STEP][PASSED] - focus(modifiedObj): Object: 'Object Repository/Objects.HighlightElements/input_field_index' is focused

2020-10-26 19:08:09 - [MESSAGE][PASSED] - Object: 'Object Repository/Objects.HighlightElements/input_field_index' is focused

2020-10-26 19:08:09 - [TEST_STEP][PASSED] - sendKeys(modifiedObj, Keys.chord(CONTROL, "a")): Keys 'CONTROL + a' sent to object: 'Object Repository/Objects.HighlightElements/input_field_index'

2020-10-26 19:08:09 - [MESSAGE][PASSED] - Keys 'CONTROL + a' sent to object: 'Object Repository/Objects.HighlightElements/input_field_index'

2020-10-26 19:08:09 - [TEST_STEP][PASSED] - sendKeys(modifiedObj, Keys.chord(DELETE)): Keys 'DELETE + ' sent to object: 'Object Repository/Objects.HighlightElements/input_field_index'

2020-10-26 19:08:09 - [MESSAGE][PASSED] - Keys 'DELETE + ' sent to object: 'Object Repository/Objects.HighlightElements/input_field_index'

2020-10-26 19:08:09 - [MESSAGE][PASSED] - Call Test Case 'Test Cases/Components/SelectAllThenDeleteIndex' successfully

2020-10-26 19:08:09 - [TEST_STEP][PASSED] - callTestCase(findTestCase("PFI Precision and Scale/PFI Components with Indexing/RequiredFieldValidationIndex"), ["nameToBeUsed":"agency", "index":1], STOP_ON_FAILURE): Call Test Case 'Test Cases/PFI Precision and Scale/PFI Components with Indexing/RequiredFieldValidationIndex' successfully

2020-10-26 19:08:09 - [TEST_CASE][PASSED] - Test Cases/PFI Precision and Scale/PFI Components with Indexing/RequiredFieldValidationIndex: Test Cases/PFI Precision and Scale/PFI Components with Indexing/RequiredFieldValidationIndex

2020-10-26 19:08:09 - [TEST_STEP][PASSED] - Thread.sleep(2000): null

2020-10-26 19:08:11 - [TEST_STEP][PASSED] - NewInputNmField = modifyObjectProperty(findTestObject("Objects.HighlightElements/input_field_index"), "xpath", "equals", "(//*[contains(@class,'x-form-text') and (@name='" + nameToBeUsed + "')])[" + index + "]", true): Modify property of object successfully

2020-10-26 19:08:12 - [MESSAGE][PASSED] - Modify property of object successfully

2020-10-26 19:08:12 - [TEST_STEP][PASSED] - mouseOver(NewInputNmField): Object: 'Object Repository/Objects.HighlightElements/input_field_index' is hovered

2020-10-26 19:08:12 - [MESSAGE][PASSED] - Object: 'Object Repository/Objects.HighlightElements/input_field_index' is hovered

2020-10-26 19:08:12 - [TEST_STEP][PASSED] - getRqErrMsg = getAttribute(NewInputNmField, "data-errorqtip"): Attribute 'data-errorqtip' of object 'Object Repository/Objects.HighlightElements/input_field_index' is: '<ul class="x-list-plain"><li>This field is required</li></ul>'

2020-10-26 19:08:12 - [MESSAGE][PASSED] - Attribute 'data-errorqtip' of object 'Object Repository/Objects.HighlightElements/input_field_index' is: '<ul class="x-list-plain"><li>This field is required</li></ul>'

2020-10-26 19:08:12 - [TEST_STEP][PASSED] - strToolTip = getRqErrMsg.substring(29, 61): null

2020-10-26 19:08:12 - [TEST_STEP][PASSED] - toolTipReqErrMsg = strToolTip.substring(0, 22): null

2020-10-26 19:08:12 - [TEST_STEP][PASSED] - verifyMatch(toolTipReqErrMsg, RqField, true): Actual text 'This field is required' and expected text 'This field is required' are matched  using regular expression

2020-10-26 19:08:12 - [MESSAGE][PASSED] - Actual text 'This field is required' and expected text 'This field is required' are matched  using regular expression

2020-10-26 19:08:12 - [MESSAGE][PASSED] - Call Test Case 'Test Cases/PFI Precision and Scale/PFI Components with Indexing/RequiredFieldValidationIndex' successfully

2020-10-26 19:08:12 - [TEST_STEP][PASSED] - callTestCase(findTestCase("PFI Precision and Scale/PFI Components with Indexing/RequiredFieldValidationIndex"), ["nameToBeUsed":"agencyOwner", "index":1], STOP_ON_FAILURE): Call Test Case 'Test Cases/PFI Precision and Scale/PFI Components with Indexing/RequiredFieldValidationIndex' successfully

2020-10-26 19:08:12 - [TEST_CASE][PASSED] - Test Cases/PFI Precision and Scale/PFI Components with Indexing/RequiredFieldValidationIndex: Test Cases/PFI Precision and Scale/PFI Components with Indexing/RequiredFieldValidationIndex

2020-10-26 19:08:12 - [TEST_STEP][PASSED] - Thread.sleep(2000): null

2020-10-26 19:08:14 - [TEST_STEP][PASSED] - NewInputNmField = modifyObjectProperty(findTestObject("Objects.HighlightElements/input_field_index"), "xpath", "equals", "(//*[contains(@class,'x-form-text') and (@name='" + nameToBeUsed + "')])[" + index + "]", true): Modify property of object successfully

2020-10-26 19:08:14 - [MESSAGE][PASSED] - Modify property of object successfully

2020-10-26 19:08:14 - [TEST_STEP][PASSED] - mouseOver(NewInputNmField): Object: 'Object Repository/Objects.HighlightElements/input_field_index' is hovered

2020-10-26 19:08:15 - [MESSAGE][PASSED] - Object: 'Object Repository/Objects.HighlightElements/input_field_index' is hovered

2020-10-26 19:08:15 - [TEST_STEP][PASSED] - getRqErrMsg = getAttribute(NewInputNmField, "data-errorqtip"): Attribute 'data-errorqtip' of object 'Object Repository/Objects.HighlightElements/input_field_index' is: '<ul class="x-list-plain"><li>This field is required</li></ul>'

2020-10-26 19:08:15 - [MESSAGE][PASSED] - Attribute 'data-errorqtip' of object 'Object Repository/Objects.HighlightElements/input_field_index' is: '<ul class="x-list-plain"><li>This field is required</li></ul>'

2020-10-26 19:08:15 - [TEST_STEP][PASSED] - strToolTip = getRqErrMsg.substring(29, 61): null

2020-10-26 19:08:15 - [TEST_STEP][PASSED] - toolTipReqErrMsg = strToolTip.substring(0, 22): null

2020-10-26 19:08:15 - [TEST_STEP][PASSED] - verifyMatch(toolTipReqErrMsg, RqField, true): Actual text 'This field is required' and expected text 'This field is required' are matched  using regular expression

2020-10-26 19:08:15 - [MESSAGE][PASSED] - Actual text 'This field is required' and expected text 'This field is required' are matched  using regular expression

2020-10-26 19:08:15 - [MESSAGE][PASSED] - Call Test Case 'Test Cases/PFI Precision and Scale/PFI Components with Indexing/RequiredFieldValidationIndex' successfully

2020-10-26 19:08:15 - [TEST_STEP][PASSED] - callTestCase(findTestCase("Components/ClickBlueButtonsWithXPI"), ["Button":"Create New Group", "Index":1], STOP_ON_FAILURE): Call Test Case 'Test Cases/Components/ClickBlueButtonsWithXPI' successfully

2020-10-26 19:08:15 - [TEST_CASE][PASSED] - Test Cases/Components/ClickBlueButtonsWithXPI: Test Cases/Components/ClickBlueButtonsWithXPI

2020-10-26 19:08:15 - [TEST_STEP][PASSED] - Thread.sleep(1000): null

2020-10-26 19:08:16 - [TEST_STEP][PASSED] - complexlyModifiedButtonGG = modifyObjectProperty(findTestObject("Objects.ClickBlueButtonsWithXPI/span_Reset"), "xPath", "equals", "(//*[text()="" + Button + ""])[" + Index + "]", true): Modify property of object successfully

2020-10-26 19:08:16 - [MESSAGE][PASSED] - Modify property of object successfully

2020-10-26 19:08:16 - [TEST_STEP][PASSED] - click(complexlyModifiedButtonGG): Object: 'Object Repository/Objects.ClickBlueButtonsWithXPI/span_Reset' is clicked on

2020-10-26 19:08:17 - [MESSAGE][PASSED] - Object: 'Object Repository/Objects.ClickBlueButtonsWithXPI/span_Reset' is clicked on

2020-10-26 19:08:17 - [MESSAGE][PASSED] - Call Test Case 'Test Cases/Components/ClickBlueButtonsWithXPI' successfully

2020-10-26 19:08:17 - [TEST_STEP][PASSED] - callTestCase(findTestCase("Components/VerifyTextPresentInPage"), ["TextToModify":"Please fill up the mandatory fields.", "index":1], STOP_ON_FAILURE): Call Test Case 'Test Cases/Components/VerifyTextPresentInPage' successfully

2020-10-26 19:08:17 - [TEST_CASE][PASSED] - Test Cases/Components/VerifyTextPresentInPage: Test Cases/Components/VerifyTextPresentInPage

2020-10-26 19:08:17 - [TEST_STEP][PASSED] - Thread.sleep(3000): null

2020-10-26 19:08:20 - [TEST_STEP][NOT_RUN] - verifyTextPresent(textToLocate, false): NOT_RUN: verifyTextPresent(textToLocate, false)

2020-10-26 19:08:20 - [MESSAGE][NOT_RUN] - NOT_RUN: verifyTextPresent(textToLocate, false)

2020-10-26 19:08:20 - [TEST_STEP][NOT_RUN] - com.reusableComponents.HighlightElement.run(textToLocate): NOT_RUN: com.reusableComponents.HighlightElement.run(textToLocate)

2020-10-26 19:08:20 - [MESSAGE][NOT_RUN] - NOT_RUN: com.reusableComponents.HighlightElement.run(textToLocate)

2020-10-26 19:08:20 - [TEST_STEP][PASSED] - ModifiedText = modifyObjectProperty(findTestObject("Objects.VerifyTextPresent/Page_ISPS2/objectToModify"), "xpath", "equals", "(//*[text() = '" + TextToModify + "'])[" + index + "]", true): Modify property of object successfully

2020-10-26 19:08:20 - [MESSAGE][PASSED] - Modify property of object successfully

2020-10-26 19:08:20 - [TEST_STEP][PASSED] - com.reusableComponents.HighlightElement.run(ModifiedText): com.reusableComponents.HighlightElement.run is PASSED

2020-10-26 19:08:22 - [MESSAGE][PASSED] - com.reusableComponents.HighlightElement.run is PASSED

2020-10-26 19:08:22 - [TEST_STEP][PASSED] - Thread.sleep(3000): null

2020-10-26 19:08:25 - [MESSAGE][PASSED] - Call Test Case 'Test Cases/Components/VerifyTextPresentInPage' successfully

2020-10-26 19:08:25 - [TEST_STEP][PASSED] - callTestCase(findTestCase("PFI Precision and Scale/PFI Components/CommonComboBox"), ["FldNm":"ownerTypeCd", "NoOfOpt":3], STOP_ON_FAILURE): Call Test Case 'Test Cases/PFI Precision and Scale/PFI Components/CommonComboBox' successfully

2020-10-26 19:08:25 - [TEST_CASE][PASSED] - Test Cases/PFI Precision and Scale/PFI Components/CommonComboBox: Test Cases/PFI Precision and Scale/PFI Components/CommonComboBox

2020-10-26 19:08:25 - [TEST_STEP][PASSED] - enableSmartWait(): null

2020-10-26 19:08:25 - [TEST_STEP][PASSED] - NewInputNmField = modifyObjectProperty(findTestObject("Objects.NameValidation/input_FieldName"), "name", "equals", FldNm, true): Modify property of object successfully

2020-10-26 19:08:25 - [MESSAGE][PASSED] - Modify property of object successfully

2020-10-26 19:08:25 - [TEST_STEP][PASSED] - com.reusableComponents.HighlightElement.run(NewInputNmField): com.reusableComponents.HighlightElement.run is PASSED

2020-10-26 19:08:27 - [MESSAGE][PASSED] - com.reusableComponents.HighlightElement.run is PASSED

2020-10-26 19:08:27 - [TEST_STEP][PASSED] - for ([i = 1, i < NoOfOpt, (i++)]): Keys 'ENTER + ' sent to object: 'Object Repository/Objects.NameValidation/input_FieldName'

2020-10-26 19:08:27 - [TEST_STEP][PASSED] - sendKeys(NewInputNmField, Keys.chord(ARROW_DOWN)): Keys 'DOWN + ' sent to object: 'Object Repository/Objects.NameValidation/input_FieldName'

2020-10-26 19:08:28 - [MESSAGE][PASSED] - Keys 'DOWN + ' sent to object: 'Object Repository/Objects.NameValidation/input_FieldName'

2020-10-26 19:08:28 - [TEST_STEP][PASSED] - sendKeys(NewInputNmField, Keys.chord(ARROW_DOWN)): Keys 'DOWN + ' sent to object: 'Object Repository/Objects.NameValidation/input_FieldName'

2020-10-26 19:08:28 - [MESSAGE][PASSED] - Keys 'DOWN + ' sent to object: 'Object Repository/Objects.NameValidation/input_FieldName'

2020-10-26 19:08:28 - [TEST_STEP][PASSED] - sendKeys(NewInputNmField, Keys.chord(ENTER)): Keys 'ENTER + ' sent to object: 'Object Repository/Objects.NameValidation/input_FieldName'

2020-10-26 19:08:28 - [MESSAGE][PASSED] - Keys 'ENTER + ' sent to object: 'Object Repository/Objects.NameValidation/input_FieldName'

2020-10-26 19:08:28 - [TEST_STEP][PASSED] - sendKeys(NewInputNmField, Keys.chord(ARROW_DOWN)): Keys 'DOWN + ' sent to object: 'Object Repository/Objects.NameValidation/input_FieldName'

2020-10-26 19:08:28 - [MESSAGE][PASSED] - Keys 'DOWN + ' sent to object: 'Object Repository/Objects.NameValidation/input_FieldName'

2020-10-26 19:08:28 - [TEST_STEP][PASSED] - sendKeys(NewInputNmField, Keys.chord(ARROW_DOWN)): Keys 'DOWN + ' sent to object: 'Object Repository/Objects.NameValidation/input_FieldName'

2020-10-26 19:08:29 - [MESSAGE][PASSED] - Keys 'DOWN + ' sent to object: 'Object Repository/Objects.NameValidation/input_FieldName'

2020-10-26 19:08:29 - [TEST_STEP][PASSED] - sendKeys(NewInputNmField, Keys.chord(ENTER)): Keys 'ENTER + ' sent to object: 'Object Repository/Objects.NameValidation/input_FieldName'

2020-10-26 19:08:29 - [MESSAGE][PASSED] - Keys 'ENTER + ' sent to object: 'Object Repository/Objects.NameValidation/input_FieldName'

2020-10-26 19:08:29 - [MESSAGE][PASSED] - Call Test Case 'Test Cases/PFI Precision and Scale/PFI Components/CommonComboBox' successfully

2020-10-26 19:08:29 - [TEST_STEP][PASSED] - callTestCase(findTestCase("Components/HighlightInputFieldXPI"), ["FldNm":"ownerTypeCd", "index":1], STOP_ON_FAILURE): Call Test Case 'Test Cases/Components/HighlightInputFieldXPI' successfully

2020-10-26 19:08:29 - [TEST_CASE][PASSED] - Test Cases/Components/HighlightInputFieldXPI: Test Cases/Components/HighlightInputFieldXPI

2020-10-26 19:08:29 - [TEST_STEP][PASSED] - Thread.sleep(1000): null

2020-10-26 19:08:30 - [TEST_STEP][PASSED] - modifiedInputNm = modifyObjectProperty(findTestObject("Object Repository/Objects.HighlightElements/input_field_index"), "xpath", "equals", "(//*[contains(@name, '" + FldNm + "')])[" + index + "]", true): Modify property of object successfully

2020-10-26 19:08:30 - [MESSAGE][PASSED] - Modify property of object successfully

2020-10-26 19:08:30 - [TEST_STEP][PASSED] - com.reusableComponents.HighlightElement.run(modifiedInputNm): com.reusableComponents.HighlightElement.run is PASSED

2020-10-26 19:08:32 - [MESSAGE][PASSED] - com.reusableComponents.HighlightElement.run is PASSED

2020-10-26 19:08:32 - [MESSAGE][PASSED] - Call Test Case 'Test Cases/Components/HighlightInputFieldXPI' successfully

2020-10-26 19:08:32 - [TEST_STEP][PASSED] - callTestCase(findTestCase("Components/SelectAllThenDeleteIndex"), ["nameToBeUsed":"mcstNo", "index":1], STOP_ON_FAILURE): Call Test Case 'Test Cases/Components/SelectAllThenDeleteIndex' successfully

2020-10-26 19:08:32 - [TEST_CASE][PASSED] - Test Cases/Components/SelectAllThenDeleteIndex: Test Cases/Components/SelectAllThenDeleteIndex

2020-10-26 19:08:32 - [TEST_STEP][PASSED] - Thread.sleep(1000): null

2020-10-26 19:08:33 - [TEST_STEP][PASSED] - modifiedObj = modifyObjectProperty(findTestObject("Object Repository/Objects.HighlightElements/input_field_index"), "xpath", "equals", "(//*[contains(@class,'x-form-text') and (@name='" + nameToBeUsed + "')])[" + index + "]", true): Modify property of object successfully

2020-10-26 19:08:34 - [MESSAGE][PASSED] - Modify property of object successfully

2020-10-26 19:08:34 - [TEST_STEP][PASSED] - focus(modifiedObj): Object: 'Object Repository/Objects.HighlightElements/input_field_index' is focused

2020-10-26 19:08:34 - [MESSAGE][PASSED] - Object: 'Object Repository/Objects.HighlightElements/input_field_index' is focused

2020-10-26 19:08:34 - [TEST_STEP][PASSED] - sendKeys(modifiedObj, Keys.chord(CONTROL, "a")): Keys 'CONTROL + a' sent to object: 'Object Repository/Objects.HighlightElements/input_field_index'

2020-10-26 19:08:34 - [MESSAGE][PASSED] - Keys 'CONTROL + a' sent to object: 'Object Repository/Objects.HighlightElements/input_field_index'

2020-10-26 19:08:34 - [TEST_STEP][PASSED] - sendKeys(modifiedObj, Keys.chord(DELETE)): Keys 'DELETE + ' sent to object: 'Object Repository/Objects.HighlightElements/input_field_index'

2020-10-26 19:08:34 - [MESSAGE][PASSED] - Keys 'DELETE + ' sent to object: 'Object Repository/Objects.HighlightElements/input_field_index'

2020-10-26 19:08:34 - [MESSAGE][PASSED] - Call Test Case 'Test Cases/Components/SelectAllThenDeleteIndex' successfully

2020-10-26 19:08:34 - [TEST_STEP][PASSED] - callTestCase(findTestCase("Components/ClickBlueButtonsWithXPI"), ["Button":"Clear", "Index":1], STOP_ON_FAILURE): Call Test Case 'Test Cases/Components/ClickBlueButtonsWithXPI' successfully

2020-10-26 19:08:34 - [TEST_CASE][PASSED] - Test Cases/Components/ClickBlueButtonsWithXPI: Test Cases/Components/ClickBlueButtonsWithXPI

2020-10-26 19:08:34 - [TEST_STEP][PASSED] - Thread.sleep(1000): null

2020-10-26 19:08:35 - [TEST_STEP][PASSED] - complexlyModifiedButtonGG = modifyObjectProperty(findTestObject("Objects.ClickBlueButtonsWithXPI/span_Reset"), "xPath", "equals", "(//*[text()="" + Button + ""])[" + Index + "]", true): Modify property of object successfully

2020-10-26 19:08:35 - [MESSAGE][PASSED] - Modify property of object successfully

2020-10-26 19:08:35 - [TEST_STEP][PASSED] - click(complexlyModifiedButtonGG): Object: 'Object Repository/Objects.ClickBlueButtonsWithXPI/span_Reset' is clicked on

2020-10-26 19:08:36 - [MESSAGE][PASSED] - Object: 'Object Repository/Objects.ClickBlueButtonsWithXPI/span_Reset' is clicked on

2020-10-26 19:08:36 - [MESSAGE][PASSED] - Call Test Case 'Test Cases/Components/ClickBlueButtonsWithXPI' successfully

2020-10-26 19:08:36 - [TEST_STEP][PASSED] - callTestCase(findTestCase("PFI Precision and Scale/PFI Components/RequiredIconValidation"), ["index":1], STOP_ON_FAILURE): Call Test Case 'Test Cases/PFI Precision and Scale/PFI Components/RequiredIconValidation' successfully

2020-10-26 19:08:36 - [TEST_CASE][PASSED] - Test Cases/PFI Precision and Scale/PFI Components/RequiredIconValidation: Test Cases/PFI Precision and Scale/PFI Components/RequiredIconValidation

2020-10-26 19:08:37 - [TEST_STEP][PASSED] - enableSmartWait(): null

2020-10-26 19:08:37 - [TEST_STEP][PASSED] - modifiedIcon = modifyObjectProperty(findTestObject("Object Repository/Objects.ReusableObjects/ErrorIcon"), "xpath", "equals", "(//*[contains(@class,'x-form-error-msg x-form-invalid-icon')])[" + index + "]", true): Modify property of object successfully

2020-10-26 19:08:37 - [MESSAGE][PASSED] - Modify property of object successfully

2020-10-26 19:08:37 - [TEST_STEP][PASSED] - mouseOver(modifiedIcon): Object: 'Object Repository/Objects.ReusableObjects/ErrorIcon' is hovered

2020-10-26 19:08:37 - [MESSAGE][PASSED] - Object: 'Object Repository/Objects.ReusableObjects/ErrorIcon' is hovered

2020-10-26 19:08:37 - [TEST_STEP][PASSED] - com.reusableComponents.HighlightElement.run(modifiedIcon): com.reusableComponents.HighlightElement.run is PASSED

2020-10-26 19:08:39 - [MESSAGE][PASSED] - com.reusableComponents.HighlightElement.run is PASSED

2020-10-26 19:08:39 - [TEST_STEP][PASSED] - getRqErrMsg = getAttribute(modifiedIcon, "data-errorqtip"): Attribute 'data-errorqtip' of object 'Object Repository/Objects.ReusableObjects/ErrorIcon' is: '<ul class="x-list-plain"><li>This field is required</li></ul>'

2020-10-26 19:08:39 - [MESSAGE][PASSED] - Attribute 'data-errorqtip' of object 'Object Repository/Objects.ReusableObjects/ErrorIcon' is: '<ul class="x-list-plain"><li>This field is required</li></ul>'

2020-10-26 19:08:39 - [TEST_STEP][PASSED] - strToolTip = getRqErrMsg.substring(29, 61): null

2020-10-26 19:08:39 - [TEST_STEP][PASSED] - toolTipReqErrMsg = strToolTip.substring(0, 22): null

2020-10-26 19:08:39 - [TEST_STEP][PASSED] - verifyMatch(toolTipReqErrMsg, RqField, true): Actual text 'This field is required' and expected text 'This field is required' are matched  using regular expression

2020-10-26 19:08:39 - [MESSAGE][PASSED] - Actual text 'This field is required' and expected text 'This field is required' are matched  using regular expression

2020-10-26 19:08:39 - [MESSAGE][PASSED] - Call Test Case 'Test Cases/PFI Precision and Scale/PFI Components/RequiredIconValidation' successfully

2020-10-26 19:08:39 - [TEST_STEP][PASSED] - callTestCase(findTestCase("Components/Wait"), ["secondsToWait":2000], STOP_ON_FAILURE): Call Test Case 'Test Cases/Components/Wait' successfully

2020-10-26 19:08:39 - [TEST_CASE][PASSED] - Test Cases/Components/Wait: Test Cases/Components/Wait

2020-10-26 19:08:40 - [TEST_STEP][PASSED] - Thread.sleep(secondsToWait): null

2020-10-26 19:08:42 - [MESSAGE][PASSED] - Call Test Case 'Test Cases/Components/Wait' successfully

2020-10-26 19:08:42 - [TEST_STEP][PASSED] - callTestCase(findTestCase("Components/Logout"), ["LogoutPageTextToBeVerified":"Sign in to ISPS2-SG-UAT"], STOP_ON_FAILURE): Call Test Case 'Test Cases/Components/Logout' successfully

2020-10-26 19:08:42 - [TEST_CASE][PASSED] - Test Cases/Components/Logout: Test Cases/Components/Logout

2020-10-26 19:08:43 - [TEST_STEP][PASSED] - Thread.sleep(3000): null

2020-10-26 19:08:46 - [TEST_STEP][NOT_RUN] - com.reusableComponents.HighlightElement.run(findTestObject("Objects.Logout/accountDropdown")): NOT_RUN: com.reusableComponents.HighlightElement.run(findTestObject("Objects.Logout/accountDropdown"))

2020-10-26 19:08:46 - [MESSAGE][NOT_RUN] - NOT_RUN: com.reusableComponents.HighlightElement.run(findTestObject("Objects.Logout/accountDropdown"))

2020-10-26 19:08:46 - [TEST_STEP][NOT_RUN] - click(findTestObject("Objects.Logout/accountDropdown")): NOT_RUN: click(findTestObject("Objects.Logout/accountDropdown"))

2020-10-26 19:08:46 - [MESSAGE][NOT_RUN] - NOT_RUN: click(findTestObject("Objects.Logout/accountDropdown"))

2020-10-26 19:08:46 - [TEST_STEP][NOT_RUN] - com.reusableComponents.clickUsingJS.clickUsingJS(findTestObject("Objects.Logout/accountDropdown"), 0): NOT_RUN: com.reusableComponents.clickUsingJS.clickUsingJS(findTestObject("Objects.Logout/accountDropdown"), 0)

2020-10-26 19:08:46 - [MESSAGE][NOT_RUN] - NOT_RUN: com.reusableComponents.clickUsingJS.clickUsingJS(findTestObject("Objects.Logout/accountDropdown"), 0)

2020-10-26 19:08:46 - [TEST_STEP][PASSED] - element = findWebElement(findTestObject("Objects.Logout/accountDropdown"), 30): null

2020-10-26 19:08:47 - [TEST_STEP][PASSED] - executeJavaScript("arguments[0].click()", Arrays.asList(element)): Execute JavaScript 'arguments[0].click()' successfully

2020-10-26 19:08:47 - [MESSAGE][PASSED] - Execute JavaScript 'arguments[0].click()' successfully

2020-10-26 19:08:47 - [TEST_STEP][NOT_RUN] - com.reusableComponents.HighlightElement.run(findTestObject("Objects.Logout/span_Logout")): NOT_RUN: com.reusableComponents.HighlightElement.run(findTestObject("Objects.Logout/span_Logout"))

2020-10-26 19:08:47 - [MESSAGE][NOT_RUN] - NOT_RUN: com.reusableComponents.HighlightElement.run(findTestObject("Objects.Logout/span_Logout"))

2020-10-26 19:08:47 - [TEST_STEP][PASSED] - click(findTestObject("Objects.Logout/span_Logout"), STOP_ON_FAILURE): Object: 'Object Repository/Objects.Logout/span_Logout' is clicked on

2020-10-26 19:08:54 - [MESSAGE][PASSED] - Object: 'Object Repository/Objects.Logout/span_Logout' is clicked on

2020-10-26 19:08:54 - [TEST_STEP][PASSED] - waitForPageLoad(30): Wait for page load successfully

2020-10-26 19:08:54 - [MESSAGE][PASSED] - Wait for page load successfully

2020-10-26 19:08:54 - [TEST_STEP][PASSED] - Thread.sleep(3000): null

2020-10-26 19:08:57 - [TEST_STEP][PASSED] - verifyTextPresent(LogoutPageTextToBeVerified, true): Text 'Sign in to ISPS2-SG-UAT' is present on page  using regular expression

2020-10-26 19:08:57 - [MESSAGE][PASSED] - Text 'Sign in to ISPS2-SG-UAT' is present on page  using regular expression

2020-10-26 19:08:57 - [TEST_STEP][PASSED] - delay(5): Delayed 5 second(s)

2020-10-26 19:09:02 - [MESSAGE][PASSED] - Delayed 5 second(s)

2020-10-26 19:09:02 - [TEST_STEP][NOT_RUN] - com.reusableComponents.HighlightElement.run(findTestObject("Objects.Logout/div_Sign in to ISPS2-PROD-Verify")): NOT_RUN: com.reusableComponents.HighlightElement.run(findTestObject("Objects.Logout/div_Sign in to ISPS2-PROD-Verify"))

2020-10-26 19:09:02 - [MESSAGE][NOT_RUN] - NOT_RUN: com.reusableComponents.HighlightElement.run(findTestObject("Objects.Logout/div_Sign in to ISPS2-PROD-Verify"))

2020-10-26 19:09:02 - [TEST_STEP][PASSED] - closeBrowser(): Browser is closed

2020-10-26 19:09:04 - [MESSAGE][PASSED] - Browser is closed

2020-10-26 19:09:04 - [MESSAGE][PASSED] - Call Test Case 'Test Cases/Components/Logout' successfully]]></system-out>
         <system-err><![CDATA[]]></system-err>
      </testcase>
      <system-out><![CDATA[2020-10-26 18:59:30 - [TEST_SUITE][PASSED] - PFI-Utilities: Test Cases/PFI Precision and Scale/PFI Test Cases/PFI - Utilities/Utilities.CreateNewBldgGroup]]></system-out>
      <system-err><![CDATA[]]></system-err>
   </testsuite>
</testsuites>
