<?xml version="1.0" encoding="UTF-8"?>
<testsuites name="Page Section" time="903.331" tests="9" failures="1" errors="2">
   <testsuite name="Page Section" tests="9" failures="1" errors="2" time="903.331" timestamp="2020-06-04 19:39:28" hostname="19023-RAC - 192.168.16.39" id="Test Suites/PFI Precision and Scale Automated Regression Suite/PFI/Page Section">
      <properties>
         <property name="deviceName" value=""/>
         <property name="devicePlatform" value=""/>
         <property name="logFolder" value="C:\\Users\\19023-RAC\\Desktop\\New Automation Copy\\Reports\\20200604_193910\\PFI Precision and Scale Automated Regression Suite\\PFI\\Page Section\\20200604_193910"/>
         <property name="logFiles" value="C:\\Users\\19023-RAC\\Desktop\\New Automation Copy\\Reports\\20200604_193910\\PFI Precision and Scale Automated Regression Suite\\PFI\\Page Section\\20200604_193910\\execution0.log"/>
         <property name="attachments" value="C:\\Users\\19023-RAC\\Desktop\\New Automation Copy\\Reports\\20200604_193910\\PFI Precision and Scale Automated Regression Suite\\PFI\\Page Section\\20200604_193910\\1591271065643.png"/>
         <property name="hostName" value="19023-RAC - 192.168.16.39"/>
         <property name="os" value="Windows 10 64bit"/>
         <property name="katalonVersion" value="7.2.1.1"/>
         <property name="browser" value="Chrome 83.0.4103.61"/>
         <property name="hostAddress" value="192.168.16.39"/>
         <property name="sessionId" value="cd20843c006eeec7b886de652ed2ad89"/>
         <property name="seleniumVersion" value="3.141.59"/>
         <property name="proxyInformation" value="ProxyInformation{proxyOption=NO_PROXY, proxyServerType=HTTP, password=, proxyServerAddress=, proxyServerPort=0, executionList=}"/>
         <property name="platform" value="Windows 10"/>
      </properties>
      <testcase name="Test Cases/PFI Precision and Scale/PFI Test Cases/Process Case (PFI)/PFI.EOTRequestLHS" time="228.808" classname="Test Cases/PFI Precision and Scale/PFI Test Cases/Process Case (PFI)/PFI.EOTRequestLHS" status="PASSED">
         <system-out><![CDATA[2020-06-04 19:39:29 - [TEST_CASE][PASSED] - Test Cases/PFI Precision and Scale/PFI Test Cases/Process Case (PFI)/PFI.EOTRequestLHS: Test Cases/PFI Precision and Scale/PFI Test Cases/Process Case (PFI)/PFI.EOTRequestLHS

2020-06-04 19:39:29 - [TEST_STEP][PASSED] - callTestCase(findTestCase("Components/LoginV2.0"), ["LinkToBeUsed":findTestData("Datatable").getValue("URL", 1), "LoginPageTextToBeVerified":findTestData("Datatable").getValue("HomeBanner", 1), ... ], STOP_ON_FAILURE): Call Test Case 'Test Cases/Components/LoginV2.0' successfully

2020-06-04 19:39:29 - [TEST_CASE][PASSED] - Test Cases/Components/LoginV2.0: Test Cases/Components/LoginV2.0

2020-06-04 19:39:30 - [TEST_STEP][PASSED] - openBrowser(LinkToBeUsed): Browser is opened with url: 'http://10.0.2.41:3012/isps2-prod-verify/authnz/login.do'

2020-06-04 19:39:30 - [MESSAGE][INFO] - Starting 'Edge' driver

2020-06-04 19:39:31 - [MESSAGE][INFO] - Action delay is set to 0 seconds

2020-06-04 19:39:45 - [MESSAGE][PASSED] - Browser is opened with url: 'http://10.0.2.41:3012/isps2-prod-verify/authnz/login.do'

2020-06-04 19:39:45 - [TEST_STEP][PASSED] - maximizeWindow(): Current window maximized

2020-06-04 19:39:48 - [MESSAGE][PASSED] - Current window maximized

2020-06-04 19:39:48 - [TEST_STEP][PASSED] - verifyTextPresent(LoginPageTextToBeVerified, false): Text 'Sign in to ISPS2-PROD-Verify' is present on page 

2020-06-04 19:39:48 - [MESSAGE][PASSED] - Text 'Sign in to ISPS2-PROD-Verify' is present on page 

2020-06-04 19:39:48 - [TEST_STEP][PASSED] - setText(findTestObject("Objects.LoginV2.0/Login Page/input_Sign in to ISPS2-PROD-Verify_username"), Username): Text 'sysadmin' is set on object 'Object Repository/Objects.LoginV2.0/Login Page/input_Sign in to ISPS2-PROD-Verify_username'

2020-06-04 19:39:48 - [MESSAGE][PASSED] - Text 'sysadmin' is set on object 'Object Repository/Objects.LoginV2.0/Login Page/input_Sign in to ISPS2-PROD-Verify_username'

2020-06-04 19:39:48 - [TEST_STEP][PASSED] - setEncryptedText(findTestObject("Objects.LoginV2.0/Login Page/input_This field is required_password"), Password): Text ****** has been set on object 'Object Repository/Objects.LoginV2.0/Login Page/input_This field is required_password'

2020-06-04 19:39:49 - [MESSAGE][PASSED] - Text ****** has been set on object 'Object Repository/Objects.LoginV2.0/Login Page/input_This field is required_password'

2020-06-04 19:39:49 - [TEST_STEP][NOT_RUN] - setEncryptedText(findTestObject(null), Password): NOT_RUN: setEncryptedText(findTestObject(null), Password)

2020-06-04 19:39:49 - [MESSAGE][NOT_RUN] - NOT_RUN: setEncryptedText(findTestObject(null), Password)

2020-06-04 19:39:49 - [TEST_STEP][PASSED] - click(findTestObject("Objects.LoginV2.0/Login Page/div_Sign in to ISPS2-PROD-Verify_NovaGoButton-1021"), OPTIONAL): Object: 'Object Repository/Objects.LoginV2.0/Login Page/div_Sign in to ISPS2-PROD-Verify_NovaGoButton-1021' is clicked on

2020-06-04 19:39:49 - [MESSAGE][PASSED] - Object: 'Object Repository/Objects.LoginV2.0/Login Page/div_Sign in to ISPS2-PROD-Verify_NovaGoButton-1021' is clicked on

2020-06-04 19:39:49 - [TEST_STEP][PASSED] - waitForPageLoad(30): Wait for page load successfully

2020-06-04 19:39:52 - [MESSAGE][PASSED] - Wait for page load successfully

2020-06-04 19:39:52 - [TEST_STEP][PASSED] - Thread.sleep(3000): null

2020-06-04 19:39:55 - [MESSAGE][PASSED] - Call Test Case 'Test Cases/Components/LoginV2.0' successfully

2020-06-04 19:39:55 - [TEST_STEP][PASSED] - callTestCase(findTestCase("Components/Filter"), ["taskDescription":"Process Case (SM)"], STOP_ON_FAILURE): Call Test Case 'Test Cases/Components/Filter' successfully

2020-06-04 19:39:55 - [TEST_CASE][PASSED] - Test Cases/Components/Filter: Test Cases/Components/Filter

2020-06-04 19:39:55 - [TEST_STEP][PASSED] - Thread.sleep(5000): null

2020-06-04 19:40:00 - [TEST_STEP][PASSED] - waitForPageLoad(180): Wait for page load successfully

2020-06-04 19:40:00 - [MESSAGE][PASSED] - Wait for page load successfully

2020-06-04 19:40:00 - [TEST_STEP][PASSED] - waitForElementNotPresent(findTestObject("Objects.Filter/Page_ISPS2/div_Loading search result Please wait"), 180): Web element with id: 'Object Repository/Objects.Filter/Page_ISPS2/div_Loading search result Please wait' located by 'By.xpath: //div[@class = 'x-mask-msg-text' and (text() = 'Loading search result. Please wait...' or . = 'Loading search result. Please wait...')]' is not present after '180' second(s)

2020-06-04 19:40:01 - [MESSAGE][PASSED] - Web element with id: 'Object Repository/Objects.Filter/Page_ISPS2/div_Loading search result Please wait' located by 'By.xpath: //div[@class = 'x-mask-msg-text' and (text() = 'Loading search result. Please wait...' or . = 'Loading search result. Please wait...')]' is not present after '180' second(s)

2020-06-04 19:40:01 - [TEST_STEP][PASSED] - click(findTestObject("Objects.Filter/Page_ISPS2/XP.Embutidooo")): Object: 'Object Repository/Objects.Filter/Page_ISPS2/XP.Embutidooo' is clicked on

2020-06-04 19:40:01 - [MESSAGE][PASSED] - Object: 'Object Repository/Objects.Filter/Page_ISPS2/XP.Embutidooo' is clicked on

2020-06-04 19:40:01 - [TEST_STEP][PASSED] - com.reusableComponents.HighlightElement.run(findTestObject("Objects.Filter/Page_ISPS2/span_Reset")): com.reusableComponents.HighlightElement.run is PASSED

2020-06-04 19:40:01 - [MESSAGE][PASSED] - com.reusableComponents.HighlightElement.run is PASSED

2020-06-04 19:40:01 - [TEST_STEP][PASSED] - click(findTestObject("Objects.Filter/Page_ISPS2/span_Reset")): Object: 'Object Repository/Objects.Filter/Page_ISPS2/span_Reset' is clicked on

2020-06-04 19:40:02 - [MESSAGE][PASSED] - Object: 'Object Repository/Objects.Filter/Page_ISPS2/span_Reset' is clicked on

2020-06-04 19:40:02 - [TEST_STEP][PASSED] - com.reusableComponents.HighlightElement.run(findTestObject("Objects.Filter/Page_ISPS2/TextBoxTaskDescription")): com.reusableComponents.HighlightElement.run is PASSED

2020-06-04 19:40:02 - [MESSAGE][PASSED] - com.reusableComponents.HighlightElement.run is PASSED

2020-06-04 19:40:02 - [TEST_STEP][PASSED] - setText(findTestObject("Objects.Filter/Page_ISPS2/TextBoxTaskDescription"), taskDescription): Text 'Process Case (SM)' is set on object 'Object Repository/Objects.Filter/Page_ISPS2/TextBoxTaskDescription'

2020-06-04 19:40:02 - [MESSAGE][PASSED] - Text 'Process Case (SM)' is set on object 'Object Repository/Objects.Filter/Page_ISPS2/TextBoxTaskDescription'

2020-06-04 19:40:02 - [TEST_STEP][PASSED] - caseType = taskDescription: null

2020-06-04 19:40:04 - [TEST_STEP][PASSED] - sendKeys(findTestObject("Objects.Filter/Page_ISPS2/TextBoxTaskDescription"), Keys.chord(ENTER)): Keys 'ENTER + ' sent to object: 'Object Repository/Objects.Filter/Page_ISPS2/TextBoxTaskDescription'

2020-06-04 19:40:04 - [MESSAGE][PASSED] - Keys 'ENTER + ' sent to object: 'Object Repository/Objects.Filter/Page_ISPS2/TextBoxTaskDescription'

2020-06-04 19:40:04 - [TEST_STEP][PASSED] - com.reusableComponents.HighlightElement.run(findTestObject("Objects.Filter/Page_ISPS2/span_Search")): com.reusableComponents.HighlightElement.run is PASSED

2020-06-04 19:40:04 - [MESSAGE][PASSED] - com.reusableComponents.HighlightElement.run is PASSED

2020-06-04 19:40:04 - [TEST_STEP][PASSED] - click(findTestObject("Objects.Filter/Page_ISPS2/span_Search")): Object: 'Object Repository/Objects.Filter/Page_ISPS2/span_Search' is clicked on

2020-06-04 19:40:05 - [MESSAGE][PASSED] - Object: 'Object Repository/Objects.Filter/Page_ISPS2/span_Search' is clicked on

2020-06-04 19:40:05 - [TEST_STEP][NOT_RUN] - verifyTextPresent("Loading search result. Please wait...", false): NOT_RUN: verifyTextPresent("Loading search result. Please wait...", false)

2020-06-04 19:40:05 - [MESSAGE][NOT_RUN] - NOT_RUN: verifyTextPresent("Loading search result. Please wait...", false)

2020-06-04 19:40:05 - [TEST_STEP][NOT_RUN] - waitForElementNotPresent(findTestObject("Objects.Filter/Page_ISPS2/div_Loading search result Please wait"), 120): NOT_RUN: waitForElementNotPresent(findTestObject("Objects.Filter/Page_ISPS2/div_Loading search result Please wait"), 120)

2020-06-04 19:40:05 - [MESSAGE][NOT_RUN] - NOT_RUN: waitForElementNotPresent(findTestObject("Objects.Filter/Page_ISPS2/div_Loading search result Please wait"), 120)

2020-06-04 19:40:05 - [TEST_STEP][PASSED] - Thread.sleep(5000): null

2020-06-04 19:40:10 - [MESSAGE][PASSED] - Call Test Case 'Test Cases/Components/Filter' successfully

2020-06-04 19:40:10 - [TEST_STEP][PASSED] - callTestCase(findTestCase("Components/ClickLinkDependingOnTextAndIndex"), ["linkName":"Process Case (SM)", "index":8], STOP_ON_FAILURE): Call Test Case 'Test Cases/Components/ClickLinkDependingOnTextAndIndex' successfully

2020-06-04 19:40:10 - [TEST_CASE][PASSED] - Test Cases/Components/ClickLinkDependingOnTextAndIndex: Test Cases/Components/ClickLinkDependingOnTextAndIndex

2020-06-04 19:40:10 - [TEST_STEP][PASSED] - Thread.sleep(1000): null

2020-06-04 19:40:11 - [TEST_STEP][PASSED] - println(linkName): null

2020-06-04 19:40:11 - [TEST_STEP][PASSED] - println(index): null

2020-06-04 19:40:11 - [TEST_STEP][PASSED] - modifiedLink = modifyObjectProperty(findTestObject("Objects.ClickLinkDependingOnTextAndIndex/linkToModify"), "xpath", "equals", "(//a[text()="" + linkName + ""])[" + index + "]", true): Modify property of object successfully

2020-06-04 19:40:11 - [MESSAGE][PASSED] - Modify property of object successfully

2020-06-04 19:40:11 - [TEST_STEP][PASSED] - Thread.sleep(5000): null

2020-06-04 19:40:16 - [TEST_STEP][PASSED] - com.reusableComponents.HighlightElement.run(modifiedLink): com.reusableComponents.HighlightElement.run is PASSED

2020-06-04 19:40:16 - [MESSAGE][PASSED] - com.reusableComponents.HighlightElement.run is PASSED

2020-06-04 19:40:16 - [TEST_STEP][PASSED] - click(modifiedLink): Object: 'Object Repository/Objects.ClickLinkDependingOnTextAndIndex/linkToModify' is clicked on

2020-06-04 19:40:16 - [MESSAGE][PASSED] - Object: 'Object Repository/Objects.ClickLinkDependingOnTextAndIndex/linkToModify' is clicked on

2020-06-04 19:40:16 - [MESSAGE][PASSED] - Call Test Case 'Test Cases/Components/ClickLinkDependingOnTextAndIndex' successfully

2020-06-04 19:40:16 - [TEST_STEP][PASSED] - callTestCase(findTestCase("Components/VerifyPageSuccessfullyLoadedII"), ["PageNm":"Summary"], STOP_ON_FAILURE): Call Test Case 'Test Cases/Components/VerifyPageSuccessfullyLoadedII' successfully

2020-06-04 19:40:17 - [TEST_CASE][PASSED] - Test Cases/Components/VerifyPageSuccessfullyLoadedII: Test Cases/Components/VerifyPageSuccessfullyLoadedII

2020-06-04 19:40:17 - [TEST_STEP][PASSED] - waitForPageLoad(5): Wait for page load successfully

2020-06-04 19:40:17 - [MESSAGE][PASSED] - Wait for page load successfully

2020-06-04 19:40:17 - [TEST_STEP][PASSED] - modifiedInputFld = modifyObjectProperty(findTestObject("Object Repository/Objects.VerifyPageSuccessfullyLoaded/PageHeaderIndex"), "xpath", "equals", "//*[contains(@class,'isps-page-title') and (text()='" + PageNm + "')]", true): Modify property of object successfully

2020-06-04 19:40:17 - [MESSAGE][PASSED] - Modify property of object successfully

2020-06-04 19:40:17 - [TEST_STEP][PASSED] - com.reusableComponents.HighlightElement.run(modifiedInputFld): com.reusableComponents.HighlightElement.run is PASSED

2020-06-04 19:40:23 - [MESSAGE][PASSED] - com.reusableComponents.HighlightElement.run is PASSED

2020-06-04 19:40:23 - [MESSAGE][PASSED] - Call Test Case 'Test Cases/Components/VerifyPageSuccessfullyLoadedII' successfully

2020-06-04 19:40:23 - [TEST_STEP][PASSED] - callTestCase(findTestCase("Components/NavigateToAnyLHS"), ["LHS":"EOT Request"], STOP_ON_FAILURE): Call Test Case 'Test Cases/Components/NavigateToAnyLHS' successfully

2020-06-04 19:40:23 - [TEST_CASE][PASSED] - Test Cases/Components/NavigateToAnyLHS: Test Cases/Components/NavigateToAnyLHS

2020-06-04 19:40:23 - [TEST_STEP][PASSED] - Thread.sleep(1000): null

2020-06-04 19:40:24 - [TEST_STEP][PASSED] - modifiedLHS = modifyObjectProperty(findTestObject("Objects.NavigateToAnyLHS/Page_ISPS2/LHSToModify"), "text", "equals", LHS, true): Modify property of object successfully

2020-06-04 19:40:25 - [MESSAGE][PASSED] - Modify property of object successfully

2020-06-04 19:40:25 - [TEST_STEP][PASSED] - click(modifiedLHS): Object: 'Object Repository/Objects.NavigateToAnyLHS/Page_ISPS2/LHSToModify' is clicked on

2020-06-04 19:40:25 - [MESSAGE][PASSED] - Object: 'Object Repository/Objects.NavigateToAnyLHS/Page_ISPS2/LHSToModify' is clicked on

2020-06-04 19:40:25 - [TEST_STEP][PASSED] - currentLHS = getText(modifiedLHS): Text of object 'Object Repository/Objects.NavigateToAnyLHS/Page_ISPS2/LHSToModify' is: 'EOT Request'

2020-06-04 19:40:25 - [MESSAGE][PASSED] - Text of object 'Object Repository/Objects.NavigateToAnyLHS/Page_ISPS2/LHSToModify' is: 'EOT Request'

2020-06-04 19:40:25 - [TEST_STEP][PASSED] - Thread.sleep(5000): null

2020-06-04 19:40:30 - [MESSAGE][PASSED] - Call Test Case 'Test Cases/Components/NavigateToAnyLHS' successfully

2020-06-04 19:40:30 - [TEST_STEP][PASSED] - callTestCase(findTestCase("Components/VerifyPageSuccessfullyLoadedII"), ["PageNm":"Extension of Time Request"], STOP_ON_FAILURE): Call Test Case 'Test Cases/Components/VerifyPageSuccessfullyLoadedII' successfully

2020-06-04 19:40:30 - [TEST_CASE][PASSED] - Test Cases/Components/VerifyPageSuccessfullyLoadedII: Test Cases/Components/VerifyPageSuccessfullyLoadedII

2020-06-04 19:40:30 - [TEST_STEP][PASSED] - waitForPageLoad(5): Wait for page load successfully

2020-06-04 19:40:30 - [MESSAGE][PASSED] - Wait for page load successfully

2020-06-04 19:40:30 - [TEST_STEP][PASSED] - modifiedInputFld = modifyObjectProperty(findTestObject("Object Repository/Objects.VerifyPageSuccessfullyLoaded/PageHeaderIndex"), "xpath", "equals", "//*[contains(@class,'isps-page-title') and (text()='" + PageNm + "')]", true): Modify property of object successfully

2020-06-04 19:40:30 - [MESSAGE][PASSED] - Modify property of object successfully

2020-06-04 19:40:30 - [TEST_STEP][PASSED] - com.reusableComponents.HighlightElement.run(modifiedInputFld): com.reusableComponents.HighlightElement.run is PASSED

2020-06-04 19:40:30 - [MESSAGE][PASSED] - com.reusableComponents.HighlightElement.run is PASSED

2020-06-04 19:40:30 - [MESSAGE][PASSED] - Call Test Case 'Test Cases/Components/VerifyPageSuccessfullyLoadedII' successfully

2020-06-04 19:40:30 - [TEST_STEP][PASSED] - callTestCase(findTestCase("Components/HighlightLabelField"), ["LblName":"EOT Type *:"], STOP_ON_FAILURE): Call Test Case 'Test Cases/Components/HighlightLabelField' successfully

2020-06-04 19:40:30 - [TEST_CASE][PASSED] - Test Cases/Components/HighlightLabelField: Test Cases/Components/HighlightLabelField

2020-06-04 19:40:30 - [TEST_STEP][PASSED] - Thread.sleep(1000): null

2020-06-04 19:40:31 - [TEST_STEP][PASSED] - modifiedLblNm = modifyObjectProperty(findTestObject("Objects.HighlightElements/lblField"), "text", "equals", LblName, true): Modify property of object successfully

2020-06-04 19:40:32 - [MESSAGE][PASSED] - Modify property of object successfully

2020-06-04 19:40:32 - [TEST_STEP][PASSED] - com.reusableComponents.HighlightElement.run(modifiedLblNm): com.reusableComponents.HighlightElement.run is PASSED

2020-06-04 19:40:32 - [MESSAGE][PASSED] - com.reusableComponents.HighlightElement.run is PASSED

2020-06-04 19:40:32 - [MESSAGE][PASSED] - Call Test Case 'Test Cases/Components/HighlightLabelField' successfully

2020-06-04 19:40:32 - [TEST_STEP][PASSED] - callTestCase(findTestCase("Components/HighlightInputField"), ["InputFldName":"eotTypeCmb"], STOP_ON_FAILURE): Call Test Case 'Test Cases/Components/HighlightInputField' successfully

2020-06-04 19:40:32 - [TEST_CASE][PASSED] - Test Cases/Components/HighlightInputField: Test Cases/Components/HighlightInputField

2020-06-04 19:40:33 - [TEST_STEP][PASSED] - Thread.sleep(1000): null

2020-06-04 19:40:34 - [TEST_STEP][PASSED] - modifiedLblNm = modifyObjectProperty(findTestObject("Objects.HighlightElements/input_field"), "name", "equals", InputFldName, true): Modify property of object successfully

2020-06-04 19:40:34 - [MESSAGE][PASSED] - Modify property of object successfully

2020-06-04 19:40:34 - [TEST_STEP][PASSED] - com.reusableComponents.HighlightElement.run(modifiedLblNm): com.reusableComponents.HighlightElement.run is PASSED

2020-06-04 19:40:34 - [MESSAGE][PASSED] - com.reusableComponents.HighlightElement.run is PASSED

2020-06-04 19:40:34 - [MESSAGE][PASSED] - Call Test Case 'Test Cases/Components/HighlightInputField' successfully

2020-06-04 19:40:34 - [TEST_STEP][PASSED] - callTestCase(findTestCase("PFI Precision and Scale/PFI Components/VerifyDropdownValues"), ["FldNm":"eotTypeCmb", "index":0, "CallTCName":"PFI Precision and Scale/HashMap Tables/ConstantHashMap", "cmbNm":"eotType", ... ], STOP_ON_FAILURE): Call Test Case 'Test Cases/PFI Precision and Scale/PFI Components/VerifyDropdownValues' successfully

2020-06-04 19:40:34 - [TEST_CASE][PASSED] - Test Cases/PFI Precision and Scale/PFI Components/VerifyDropdownValues: Test Cases/PFI Precision and Scale/PFI Components/VerifyDropdownValues

2020-06-04 19:40:35 - [TEST_STEP][PASSED] - Thread.sleep(1000): null

2020-06-04 19:40:36 - [TEST_STEP][PASSED] - NewInputNmField = modifyObjectProperty(findTestObject("Objects.HighlightElements/input_field"), "name", "equals", FldNm, true): Modify property of object successfully

2020-06-04 19:40:36 - [MESSAGE][PASSED] - Modify property of object successfully

2020-06-04 19:40:36 - [TEST_STEP][PASSED] - comboNm = cmbNm: null

2020-06-04 19:40:36 - [TEST_STEP][PASSED] - focus(NewInputNmField): Object: 'Object Repository/Objects.HighlightElements/input_field' is focused

2020-06-04 19:40:36 - [MESSAGE][PASSED] - Object: 'Object Repository/Objects.HighlightElements/input_field' is focused

2020-06-04 19:40:36 - [TEST_STEP][PASSED] - setText(NewInputNmField, EnterValue): Text '' is set on object 'Object Repository/Objects.HighlightElements/input_field'

2020-06-04 19:40:36 - [MESSAGE][PASSED] - Text '' is set on object 'Object Repository/Objects.HighlightElements/input_field'

2020-06-04 19:40:36 - [TEST_STEP][PASSED] - for ([i = 1, i <= NoOfVal, (i++)]): Keys 'DOWN + ' sent to object: 'Object Repository/Objects.HighlightElements/input_field'

2020-06-04 19:40:36 - [TEST_STEP][PASSED] - sendKeys(NewInputNmField, Keys.chord(ARROW_DOWN)): Keys 'DOWN + ' sent to object: 'Object Repository/Objects.HighlightElements/input_field'

2020-06-04 19:40:36 - [MESSAGE][PASSED] - Keys 'DOWN + ' sent to object: 'Object Repository/Objects.HighlightElements/input_field'

2020-06-04 19:40:36 - [TEST_STEP][PASSED] - delay(DelayTime): Delayed 3 second(s)

2020-06-04 19:40:39 - [MESSAGE][PASSED] - Delayed 3 second(s)

2020-06-04 19:40:39 - [TEST_STEP][PASSED] - sendKeys(NewInputNmField, Keys.chord(ENTER)): Keys 'ENTER + ' sent to object: 'Object Repository/Objects.HighlightElements/input_field'

2020-06-04 19:40:39 - [MESSAGE][PASSED] - Keys 'ENTER + ' sent to object: 'Object Repository/Objects.HighlightElements/input_field'

2020-06-04 19:40:39 - [TEST_STEP][PASSED] - ComboBoxValue = getAttribute(NewInputNmField, "value"): Attribute 'value' of object 'Object Repository/Objects.HighlightElements/input_field' is: ''

2020-06-04 19:40:39 - [MESSAGE][PASSED] - Attribute 'value' of object 'Object Repository/Objects.HighlightElements/input_field' is: ''

2020-06-04 19:40:39 - [TEST_STEP][PASSED] - callTestCase(findTestCase(CallTCName), ["FindValue":ComboBoxValue, "DropdownNm":comboNm], STOP_ON_FAILURE): Call Test Case 'Test Cases/PFI Precision and Scale/HashMap Tables/ConstantHashMap' successfully

2020-06-04 19:40:39 - [TEST_CASE][PASSED] - Test Cases/PFI Precision and Scale/HashMap Tables/ConstantHashMap: Test Cases/PFI Precision and Scale/HashMap Tables/ConstantHashMap

2020-06-04 19:40:40 - [TEST_STEP][PASSED] - ConstantTBL = [1:["PeriodType":"Working Day(s)"], 2:["PeriodType":"Calendar Day(s)"], 3:["PeriodType":"Month(s)"], 4:["TypeOfLetter":"T1"], ... ]: null

2020-06-04 19:40:40 - [TEST_STEP][PASSED] - switch (DropdownNm): null

2020-06-04 19:40:40 - [TEST_STEP][PASSED] - case "eotType":: null

2020-06-04 19:40:40 - [TEST_STEP][PASSED] - ValueFound = ConstantTBL.find({ -> ... }): null

2020-06-04 19:40:40 - [TEST_STEP][PASSED] - break: null

2020-06-04 19:40:40 - [MESSAGE][PASSED] - Call Test Case 'Test Cases/PFI Precision and Scale/HashMap Tables/ConstantHashMap' successfully

2020-06-04 19:40:40 - [TEST_STEP][PASSED] - println(ValueFound): null

2020-06-04 19:40:40 - [TEST_STEP][PASSED] - sendKeys(NewInputNmField, Keys.chord(ARROW_DOWN)): Keys 'DOWN + ' sent to object: 'Object Repository/Objects.HighlightElements/input_field'

2020-06-04 19:40:40 - [MESSAGE][PASSED] - Keys 'DOWN + ' sent to object: 'Object Repository/Objects.HighlightElements/input_field'

2020-06-04 19:40:40 - [TEST_STEP][PASSED] - sendKeys(NewInputNmField, Keys.chord(ARROW_DOWN)): Keys 'DOWN + ' sent to object: 'Object Repository/Objects.HighlightElements/input_field'

2020-06-04 19:40:40 - [MESSAGE][PASSED] - Keys 'DOWN + ' sent to object: 'Object Repository/Objects.HighlightElements/input_field'

2020-06-04 19:40:40 - [TEST_STEP][PASSED] - delay(DelayTime): Delayed 3 second(s)

2020-06-04 19:40:43 - [MESSAGE][PASSED] - Delayed 3 second(s)

2020-06-04 19:40:43 - [TEST_STEP][PASSED] - sendKeys(NewInputNmField, Keys.chord(ENTER)): Keys 'ENTER + ' sent to object: 'Object Repository/Objects.HighlightElements/input_field'

2020-06-04 19:40:43 - [MESSAGE][PASSED] - Keys 'ENTER + ' sent to object: 'Object Repository/Objects.HighlightElements/input_field'

2020-06-04 19:40:43 - [TEST_STEP][PASSED] - ComboBoxValue = getAttribute(NewInputNmField, "value"): Attribute 'value' of object 'Object Repository/Objects.HighlightElements/input_field' is: 'Appointment of PE for Visual Inspection'

2020-06-04 19:40:43 - [MESSAGE][PASSED] - Attribute 'value' of object 'Object Repository/Objects.HighlightElements/input_field' is: 'Appointment of PE for Visual Inspection'

2020-06-04 19:40:43 - [TEST_STEP][PASSED] - callTestCase(findTestCase(CallTCName), ["FindValue":ComboBoxValue, "DropdownNm":comboNm], STOP_ON_FAILURE): Call Test Case 'Test Cases/PFI Precision and Scale/HashMap Tables/ConstantHashMap' successfully

2020-06-04 19:40:43 - [TEST_CASE][PASSED] - Test Cases/PFI Precision and Scale/HashMap Tables/ConstantHashMap: Test Cases/PFI Precision and Scale/HashMap Tables/ConstantHashMap

2020-06-04 19:40:43 - [TEST_STEP][PASSED] - ConstantTBL = [1:["PeriodType":"Working Day(s)"], 2:["PeriodType":"Calendar Day(s)"], 3:["PeriodType":"Month(s)"], 4:["TypeOfLetter":"T1"], ... ]: null

2020-06-04 19:40:43 - [TEST_STEP][PASSED] - switch (DropdownNm): null

2020-06-04 19:40:43 - [TEST_STEP][PASSED] - case "eotType":: null

2020-06-04 19:40:43 - [TEST_STEP][PASSED] - ValueFound = ConstantTBL.find({ -> ... }): null

2020-06-04 19:40:43 - [TEST_STEP][PASSED] - break: null

2020-06-04 19:40:43 - [MESSAGE][PASSED] - Call Test Case 'Test Cases/PFI Precision and Scale/HashMap Tables/ConstantHashMap' successfully

2020-06-04 19:40:43 - [TEST_STEP][PASSED] - println(ValueFound): null

2020-06-04 19:40:43 - [TEST_STEP][PASSED] - sendKeys(NewInputNmField, Keys.chord(ARROW_DOWN)): Keys 'DOWN + ' sent to object: 'Object Repository/Objects.HighlightElements/input_field'

2020-06-04 19:40:43 - [MESSAGE][PASSED] - Keys 'DOWN + ' sent to object: 'Object Repository/Objects.HighlightElements/input_field'

2020-06-04 19:40:43 - [TEST_STEP][PASSED] - sendKeys(NewInputNmField, Keys.chord(ARROW_DOWN)): Keys 'DOWN + ' sent to object: 'Object Repository/Objects.HighlightElements/input_field'

2020-06-04 19:40:43 - [MESSAGE][PASSED] - Keys 'DOWN + ' sent to object: 'Object Repository/Objects.HighlightElements/input_field'

2020-06-04 19:40:43 - [TEST_STEP][PASSED] - delay(DelayTime): Delayed 3 second(s)

2020-06-04 19:40:46 - [MESSAGE][PASSED] - Delayed 3 second(s)

2020-06-04 19:40:46 - [TEST_STEP][PASSED] - sendKeys(NewInputNmField, Keys.chord(ENTER)): Keys 'ENTER + ' sent to object: 'Object Repository/Objects.HighlightElements/input_field'

2020-06-04 19:40:46 - [MESSAGE][PASSED] - Keys 'ENTER + ' sent to object: 'Object Repository/Objects.HighlightElements/input_field'

2020-06-04 19:40:46 - [TEST_STEP][PASSED] - ComboBoxValue = getAttribute(NewInputNmField, "value"): Attribute 'value' of object 'Object Repository/Objects.HighlightElements/input_field' is: 'Appointment of PE for FSI'

2020-06-04 19:40:46 - [MESSAGE][PASSED] - Attribute 'value' of object 'Object Repository/Objects.HighlightElements/input_field' is: 'Appointment of PE for FSI'

2020-06-04 19:40:46 - [TEST_STEP][PASSED] - callTestCase(findTestCase(CallTCName), ["FindValue":ComboBoxValue, "DropdownNm":comboNm], STOP_ON_FAILURE): Call Test Case 'Test Cases/PFI Precision and Scale/HashMap Tables/ConstantHashMap' successfully

2020-06-04 19:40:46 - [TEST_CASE][PASSED] - Test Cases/PFI Precision and Scale/HashMap Tables/ConstantHashMap: Test Cases/PFI Precision and Scale/HashMap Tables/ConstantHashMap

2020-06-04 19:40:46 - [TEST_STEP][PASSED] - ConstantTBL = [1:["PeriodType":"Working Day(s)"], 2:["PeriodType":"Calendar Day(s)"], 3:["PeriodType":"Month(s)"], 4:["TypeOfLetter":"T1"], ... ]: null

2020-06-04 19:40:46 - [TEST_STEP][PASSED] - switch (DropdownNm): null

2020-06-04 19:40:46 - [TEST_STEP][PASSED] - case "eotType":: null

2020-06-04 19:40:46 - [TEST_STEP][PASSED] - ValueFound = ConstantTBL.find({ -> ... }): null

2020-06-04 19:40:46 - [TEST_STEP][PASSED] - break: null

2020-06-04 19:40:46 - [MESSAGE][PASSED] - Call Test Case 'Test Cases/PFI Precision and Scale/HashMap Tables/ConstantHashMap' successfully

2020-06-04 19:40:46 - [TEST_STEP][PASSED] - println(ValueFound): null

2020-06-04 19:40:46 - [TEST_STEP][PASSED] - sendKeys(NewInputNmField, Keys.chord(ARROW_DOWN)): Keys 'DOWN + ' sent to object: 'Object Repository/Objects.HighlightElements/input_field'

2020-06-04 19:40:46 - [MESSAGE][PASSED] - Keys 'DOWN + ' sent to object: 'Object Repository/Objects.HighlightElements/input_field'

2020-06-04 19:40:46 - [TEST_STEP][PASSED] - sendKeys(NewInputNmField, Keys.chord(ARROW_DOWN)): Keys 'DOWN + ' sent to object: 'Object Repository/Objects.HighlightElements/input_field'

2020-06-04 19:40:46 - [MESSAGE][PASSED] - Keys 'DOWN + ' sent to object: 'Object Repository/Objects.HighlightElements/input_field'

2020-06-04 19:40:46 - [TEST_STEP][PASSED] - delay(DelayTime): Delayed 3 second(s)

2020-06-04 19:40:49 - [MESSAGE][PASSED] - Delayed 3 second(s)

2020-06-04 19:40:49 - [TEST_STEP][PASSED] - sendKeys(NewInputNmField, Keys.chord(ENTER)): Keys 'ENTER + ' sent to object: 'Object Repository/Objects.HighlightElements/input_field'

2020-06-04 19:40:49 - [MESSAGE][PASSED] - Keys 'ENTER + ' sent to object: 'Object Repository/Objects.HighlightElements/input_field'

2020-06-04 19:40:49 - [TEST_STEP][PASSED] - ComboBoxValue = getAttribute(NewInputNmField, "value"): Attribute 'value' of object 'Object Repository/Objects.HighlightElements/input_field' is: 'Submission of VIR'

2020-06-04 19:40:49 - [MESSAGE][PASSED] - Attribute 'value' of object 'Object Repository/Objects.HighlightElements/input_field' is: 'Submission of VIR'

2020-06-04 19:40:49 - [TEST_STEP][PASSED] - callTestCase(findTestCase(CallTCName), ["FindValue":ComboBoxValue, "DropdownNm":comboNm], STOP_ON_FAILURE): Call Test Case 'Test Cases/PFI Precision and Scale/HashMap Tables/ConstantHashMap' successfully

2020-06-04 19:40:49 - [TEST_CASE][PASSED] - Test Cases/PFI Precision and Scale/HashMap Tables/ConstantHashMap: Test Cases/PFI Precision and Scale/HashMap Tables/ConstantHashMap

2020-06-04 19:40:49 - [TEST_STEP][PASSED] - ConstantTBL = [1:["PeriodType":"Working Day(s)"], 2:["PeriodType":"Calendar Day(s)"], 3:["PeriodType":"Month(s)"], 4:["TypeOfLetter":"T1"], ... ]: null

2020-06-04 19:40:49 - [TEST_STEP][PASSED] - switch (DropdownNm): null

2020-06-04 19:40:49 - [TEST_STEP][PASSED] - case "eotType":: null

2020-06-04 19:40:49 - [TEST_STEP][PASSED] - ValueFound = ConstantTBL.find({ -> ... }): null

2020-06-04 19:40:49 - [TEST_STEP][PASSED] - break: null

2020-06-04 19:40:49 - [MESSAGE][PASSED] - Call Test Case 'Test Cases/PFI Precision and Scale/HashMap Tables/ConstantHashMap' successfully

2020-06-04 19:40:49 - [TEST_STEP][PASSED] - println(ValueFound): null

2020-06-04 19:40:49 - [TEST_STEP][PASSED] - sendKeys(NewInputNmField, Keys.chord(ARROW_DOWN)): Keys 'DOWN + ' sent to object: 'Object Repository/Objects.HighlightElements/input_field'

2020-06-04 19:40:49 - [MESSAGE][PASSED] - Keys 'DOWN + ' sent to object: 'Object Repository/Objects.HighlightElements/input_field'

2020-06-04 19:40:49 - [TEST_STEP][PASSED] - sendKeys(NewInputNmField, Keys.chord(ARROW_DOWN)): Keys 'DOWN + ' sent to object: 'Object Repository/Objects.HighlightElements/input_field'

2020-06-04 19:40:49 - [MESSAGE][PASSED] - Keys 'DOWN + ' sent to object: 'Object Repository/Objects.HighlightElements/input_field'

2020-06-04 19:40:49 - [TEST_STEP][PASSED] - delay(DelayTime): Delayed 3 second(s)

2020-06-04 19:40:52 - [MESSAGE][PASSED] - Delayed 3 second(s)

2020-06-04 19:40:52 - [TEST_STEP][PASSED] - sendKeys(NewInputNmField, Keys.chord(ENTER)): Keys 'ENTER + ' sent to object: 'Object Repository/Objects.HighlightElements/input_field'

2020-06-04 19:40:53 - [MESSAGE][PASSED] - Keys 'ENTER + ' sent to object: 'Object Repository/Objects.HighlightElements/input_field'

2020-06-04 19:40:53 - [TEST_STEP][PASSED] - ComboBoxValue = getAttribute(NewInputNmField, "value"): Attribute 'value' of object 'Object Repository/Objects.HighlightElements/input_field' is: 'Submission of FSI Report'

2020-06-04 19:40:53 - [MESSAGE][PASSED] - Attribute 'value' of object 'Object Repository/Objects.HighlightElements/input_field' is: 'Submission of FSI Report'

2020-06-04 19:40:53 - [TEST_STEP][PASSED] - callTestCase(findTestCase(CallTCName), ["FindValue":ComboBoxValue, "DropdownNm":comboNm], STOP_ON_FAILURE): Call Test Case 'Test Cases/PFI Precision and Scale/HashMap Tables/ConstantHashMap' successfully

2020-06-04 19:40:53 - [TEST_CASE][PASSED] - Test Cases/PFI Precision and Scale/HashMap Tables/ConstantHashMap: Test Cases/PFI Precision and Scale/HashMap Tables/ConstantHashMap

2020-06-04 19:40:53 - [TEST_STEP][PASSED] - ConstantTBL = [1:["PeriodType":"Working Day(s)"], 2:["PeriodType":"Calendar Day(s)"], 3:["PeriodType":"Month(s)"], 4:["TypeOfLetter":"T1"], ... ]: null

2020-06-04 19:40:53 - [TEST_STEP][PASSED] - switch (DropdownNm): null

2020-06-04 19:40:53 - [TEST_STEP][PASSED] - case "eotType":: null

2020-06-04 19:40:53 - [TEST_STEP][PASSED] - ValueFound = ConstantTBL.find({ -> ... }): null

2020-06-04 19:40:53 - [TEST_STEP][PASSED] - break: null

2020-06-04 19:40:53 - [MESSAGE][PASSED] - Call Test Case 'Test Cases/PFI Precision and Scale/HashMap Tables/ConstantHashMap' successfully

2020-06-04 19:40:53 - [TEST_STEP][PASSED] - println(ValueFound): null

2020-06-04 19:40:53 - [TEST_STEP][PASSED] - sendKeys(NewInputNmField, Keys.chord(ARROW_DOWN)): Keys 'DOWN + ' sent to object: 'Object Repository/Objects.HighlightElements/input_field'

2020-06-04 19:40:53 - [MESSAGE][PASSED] - Keys 'DOWN + ' sent to object: 'Object Repository/Objects.HighlightElements/input_field'

2020-06-04 19:40:53 - [TEST_STEP][PASSED] - sendKeys(NewInputNmField, Keys.chord(ENTER)): Keys 'ENTER + ' sent to object: 'Object Repository/Objects.HighlightElements/input_field'

2020-06-04 19:40:53 - [MESSAGE][PASSED] - Keys 'ENTER + ' sent to object: 'Object Repository/Objects.HighlightElements/input_field'

2020-06-04 19:40:53 - [MESSAGE][PASSED] - Call Test Case 'Test Cases/PFI Precision and Scale/PFI Components/VerifyDropdownValues' successfully

2020-06-04 19:40:53 - [TEST_STEP][PASSED] - callTestCase(findTestCase("Components/HighlightLabelField"), ["LblName":"EOT From Date *:"], STOP_ON_FAILURE): Call Test Case 'Test Cases/Components/HighlightLabelField' successfully

2020-06-04 19:40:53 - [TEST_CASE][PASSED] - Test Cases/Components/HighlightLabelField: Test Cases/Components/HighlightLabelField

2020-06-04 19:40:53 - [TEST_STEP][PASSED] - Thread.sleep(1000): null

2020-06-04 19:40:54 - [TEST_STEP][PASSED] - modifiedLblNm = modifyObjectProperty(findTestObject("Objects.HighlightElements/lblField"), "text", "equals", LblName, true): Modify property of object successfully

2020-06-04 19:40:54 - [MESSAGE][PASSED] - Modify property of object successfully

2020-06-04 19:40:54 - [TEST_STEP][PASSED] - com.reusableComponents.HighlightElement.run(modifiedLblNm): com.reusableComponents.HighlightElement.run is PASSED

2020-06-04 19:40:54 - [MESSAGE][PASSED] - com.reusableComponents.HighlightElement.run is PASSED

2020-06-04 19:40:54 - [MESSAGE][PASSED] - Call Test Case 'Test Cases/Components/HighlightLabelField' successfully

2020-06-04 19:40:54 - [TEST_STEP][PASSED] - callTestCase(findTestCase("Components/HighlightInputField"), ["InputFldName":"eotFromDate"], STOP_ON_FAILURE): Call Test Case 'Test Cases/Components/HighlightInputField' successfully

2020-06-04 19:40:54 - [TEST_CASE][PASSED] - Test Cases/Components/HighlightInputField: Test Cases/Components/HighlightInputField

2020-06-04 19:40:54 - [TEST_STEP][PASSED] - Thread.sleep(1000): null

2020-06-04 19:40:55 - [TEST_STEP][PASSED] - modifiedLblNm = modifyObjectProperty(findTestObject("Objects.HighlightElements/input_field"), "name", "equals", InputFldName, true): Modify property of object successfully

2020-06-04 19:40:55 - [MESSAGE][PASSED] - Modify property of object successfully

2020-06-04 19:40:55 - [TEST_STEP][PASSED] - com.reusableComponents.HighlightElement.run(modifiedLblNm): com.reusableComponents.HighlightElement.run is PASSED

2020-06-04 19:40:56 - [MESSAGE][PASSED] - com.reusableComponents.HighlightElement.run is PASSED

2020-06-04 19:40:56 - [MESSAGE][PASSED] - Call Test Case 'Test Cases/Components/HighlightInputField' successfully

2020-06-04 19:40:56 - [TEST_STEP][PASSED] - callTestCase(findTestCase("PFI Precision and Scale/PFI Components/SelectDayInDatePicker"), ["FldNm":"eotFromDate", "SelectDay":"June 08"], STOP_ON_FAILURE): Call Test Case 'Test Cases/PFI Precision and Scale/PFI Components/SelectDayInDatePicker' successfully

2020-06-04 19:40:56 - [TEST_CASE][PASSED] - Test Cases/PFI Precision and Scale/PFI Components/SelectDayInDatePicker: Test Cases/PFI Precision and Scale/PFI Components/SelectDayInDatePicker

2020-06-04 19:40:56 - [TEST_STEP][PASSED] - Thread.sleep(1000): null

2020-06-04 19:40:57 - [TEST_STEP][PASSED] - DateFieldNm = modifyObjectProperty(findTestObject("Objects.HighlightElements/input_field"), "name", "equals", FldNm, true): Modify property of object successfully

2020-06-04 19:40:57 - [MESSAGE][PASSED] - Modify property of object successfully

2020-06-04 19:40:57 - [TEST_STEP][PASSED] - ModifyDay = modifyObjectProperty(findTestObject("Objects.DateValidation/Page_ISPS2/Select_Day"), "aria-label", "equals", SelectDay, true): Modify property of object successfully

2020-06-04 19:40:57 - [MESSAGE][PASSED] - Modify property of object successfully

2020-06-04 19:40:57 - [TEST_STEP][PASSED] - sendKeys(DateFieldNm, Keys.chord(ARROW_DOWN)): Keys 'DOWN + ' sent to object: 'Object Repository/Objects.HighlightElements/input_field'

2020-06-04 19:40:57 - [MESSAGE][PASSED] - Keys 'DOWN + ' sent to object: 'Object Repository/Objects.HighlightElements/input_field'

2020-06-04 19:40:57 - [TEST_STEP][PASSED] - com.reusableComponents.HighlightElement.run(ModifyDay): com.reusableComponents.HighlightElement.run is PASSED

2020-06-04 19:40:58 - [MESSAGE][PASSED] - com.reusableComponents.HighlightElement.run is PASSED

2020-06-04 19:40:58 - [TEST_STEP][PASSED] - delay(1): Delayed 1 second(s)

2020-06-04 19:40:59 - [MESSAGE][PASSED] - Delayed 1 second(s)

2020-06-04 19:40:59 - [TEST_STEP][PASSED] - click(ModifyDay): Object: 'Object Repository/Objects.DateValidation/Page_ISPS2/Select_Day' is clicked on

2020-06-04 19:40:59 - [MESSAGE][PASSED] - Object: 'Object Repository/Objects.DateValidation/Page_ISPS2/Select_Day' is clicked on

2020-06-04 19:40:59 - [TEST_STEP][PASSED] - GetError = getAttribute(DateFieldNm, "data-errorqtip"): Attribute 'data-errorqtip' of object 'Object Repository/Objects.HighlightElements/input_field' is: ''

2020-06-04 19:40:59 - [MESSAGE][PASSED] - Attribute 'data-errorqtip' of object 'Object Repository/Objects.HighlightElements/input_field' is: ''

2020-06-04 19:40:59 - [TEST_STEP][PASSED] - if (GetError == ""): Date Format is valid

2020-06-04 19:40:59 - [TEST_STEP][PASSED] - GetEnteredDate = getAttribute(DateFieldNm, "value"): Attribute 'value' of object 'Object Repository/Objects.HighlightElements/input_field' is: '08/06/2020'

2020-06-04 19:40:59 - [MESSAGE][PASSED] - Attribute 'value' of object 'Object Repository/Objects.HighlightElements/input_field' is: '08/06/2020'

2020-06-04 19:40:59 - [TEST_STEP][PASSED] - DatePattern = Pattern.compile("^(1[0-2]|0[1-9])/(3[01]|[12][0-9]|0[1-9])/[0-9]{4}$"): null

2020-06-04 19:40:59 - [TEST_STEP][PASSED] - VerifyDateFormat = DatePattern.matcher(GetEnteredDate): null

2020-06-04 19:40:59 - [TEST_STEP][PASSED] - if (VerifyDateFormat.matches() == true): Date Format is valid

2020-06-04 19:40:59 - [TEST_STEP][PASSED] - comment("Date Format is valid"): Date Format is valid

2020-06-04 19:40:59 - [MESSAGE][INFO] - Date Format is valid

2020-06-04 19:40:59 - [MESSAGE][PASSED] - Call Test Case 'Test Cases/PFI Precision and Scale/PFI Components/SelectDayInDatePicker' successfully

2020-06-04 19:40:59 - [TEST_STEP][PASSED] - callTestCase(findTestCase("PFI Precision and Scale/PFI Components/NumericTextboxValidationII"), ["nameToBeUsed":"eotFromDate", "minLen":11, "index":0], STOP_ON_FAILURE): Call Test Case 'Test Cases/PFI Precision and Scale/PFI Components/NumericTextboxValidationII' successfully

2020-06-04 19:40:59 - [TEST_CASE][PASSED] - Test Cases/PFI Precision and Scale/PFI Components/NumericTextboxValidationII: Test Cases/PFI Precision and Scale/PFI Components/NumericTextboxValidationII

2020-06-04 19:40:59 - [TEST_STEP][PASSED] - Thread.sleep(1000): null

2020-06-04 19:41:00 - [TEST_STEP][PASSED] - Numeric = "0123456789": null

2020-06-04 19:41:00 - [TEST_STEP][PASSED] - AlphaSpecialChar = z) + "`~!@#$%^&*()=_{}|\][;'":,?><"".join(): null

2020-06-04 19:41:00 - [TEST_STEP][PASSED] - RandomNumeric = RandomStringUtils.random(minLen, Numeric.toCharArray()): null

2020-06-04 19:41:00 - [TEST_STEP][PASSED] - RandomString = RandomStringUtils.random(minLen, AlphaSpecialChar): null

2020-06-04 19:41:00 - [TEST_STEP][PASSED] - regexPat = Pattern.compile("^[0-9]+$"): null

2020-06-04 19:41:00 - [TEST_STEP][PASSED] - NewInputNmField = modifyObjectProperty(findTestObject("Objects.RemarksValidation/input_Remarks"), "name", "equals", nameToBeUsed, true): Modify property of object successfully

2020-06-04 19:41:01 - [MESSAGE][PASSED] - Modify property of object successfully

2020-06-04 19:41:01 - [TEST_STEP][PASSED] - focus(NewInputNmField): Object: 'Object Repository/Objects.RemarksValidation/input_Remarks' is focused

2020-06-04 19:41:01 - [MESSAGE][PASSED] - Object: 'Object Repository/Objects.RemarksValidation/input_Remarks' is focused

2020-06-04 19:41:01 - [TEST_STEP][PASSED] - setText(NewInputNmField, RandomString): Text 'p$>lL%\vfeG' is set on object 'Object Repository/Objects.RemarksValidation/input_Remarks'

2020-06-04 19:41:01 - [MESSAGE][PASSED] - Text 'p$>lL%\vfeG' is set on object 'Object Repository/Objects.RemarksValidation/input_Remarks'

2020-06-04 19:41:01 - [TEST_STEP][PASSED] - GetInputVal = getAttribute(NewInputNmField, "value"): Attribute 'value' of object 'Object Repository/Objects.RemarksValidation/input_Remarks' is: ''

2020-06-04 19:41:01 - [MESSAGE][PASSED] - Attribute 'value' of object 'Object Repository/Objects.RemarksValidation/input_Remarks' is: ''

2020-06-04 19:41:01 - [TEST_STEP][PASSED] - if (GetInputVal.contains("e")): null

2020-06-04 19:41:01 - [TEST_STEP][PASSED] - else: Actual text '' and expected text '' are matched  using regular expression

2020-06-04 19:41:01 - [TEST_STEP][PASSED] - verifyMatch(GetInputVal, "", true): Actual text '' and expected text '' are matched  using regular expression

2020-06-04 19:41:01 - [MESSAGE][PASSED] - Actual text '' and expected text '' are matched  using regular expression

2020-06-04 19:41:01 - [TEST_STEP][PASSED] - setText(NewInputNmField, RandomNumeric): Text '57655888537' is set on object 'Object Repository/Objects.RemarksValidation/input_Remarks'

2020-06-04 19:41:01 - [MESSAGE][PASSED] - Text '57655888537' is set on object 'Object Repository/Objects.RemarksValidation/input_Remarks'

2020-06-04 19:41:01 - [TEST_STEP][PASSED] - GetEnteredIntegers = getAttribute(NewInputNmField, "value"): Attribute 'value' of object 'Object Repository/Objects.RemarksValidation/input_Remarks' is: '57655888537'

2020-06-04 19:41:01 - [MESSAGE][PASSED] - Attribute 'value' of object 'Object Repository/Objects.RemarksValidation/input_Remarks' is: '57655888537'

2020-06-04 19:41:01 - [TEST_STEP][PASSED] - matchStr = regexPat.matcher(GetEnteredIntegers): null

2020-06-04 19:41:01 - [TEST_STEP][PASSED] - if (matchStr.matches() == true): Accepting Numeric

2020-06-04 19:41:01 - [TEST_STEP][PASSED] - comment("Accepting Numeric"): Accepting Numeric

2020-06-04 19:41:01 - [MESSAGE][INFO] - Accepting Numeric

2020-06-04 19:41:01 - [MESSAGE][PASSED] - Call Test Case 'Test Cases/PFI Precision and Scale/PFI Components/NumericTextboxValidationII' successfully

2020-06-04 19:41:01 - [TEST_STEP][PASSED] - callTestCase(findTestCase("PFI Precision and Scale/PFI Components/StartTimeError"), ["FldNm":"eotFromDate", "index":0], STOP_ON_FAILURE): Call Test Case 'Test Cases/PFI Precision and Scale/PFI Components/StartTimeError' successfully

2020-06-04 19:41:01 - [TEST_CASE][PASSED] - Test Cases/PFI Precision and Scale/PFI Components/StartTimeError: Test Cases/PFI Precision and Scale/PFI Components/StartTimeError

2020-06-04 19:41:01 - [TEST_STEP][PASSED] - Thread.sleep(1000): null

2020-06-04 19:41:02 - [TEST_STEP][PASSED] - if (index == 0): Modify property of object successfully

2020-06-04 19:41:02 - [TEST_STEP][PASSED] - NewInputNmField = modifyObjectProperty(findTestObject("Objects.HighlightElements/input_field"), "name", "equals", FldNm, true): Modify property of object successfully

2020-06-04 19:41:02 - [MESSAGE][PASSED] - Modify property of object successfully

2020-06-04 19:41:02 - [TEST_STEP][PASSED] - mouseOver(NewInputNmField): Object: 'Object Repository/Objects.HighlightElements/input_field' is hovered

2020-06-04 19:41:03 - [MESSAGE][PASSED] - Object: 'Object Repository/Objects.HighlightElements/input_field' is hovered

2020-06-04 19:41:03 - [TEST_STEP][PASSED] - getInputInvalidDate = getAttribute(NewInputNmField, "value"): Attribute 'value' of object 'Object Repository/Objects.HighlightElements/input_field' is: '57655888537'

2020-06-04 19:41:03 - [MESSAGE][PASSED] - Attribute 'value' of object 'Object Repository/Objects.HighlightElements/input_field' is: '57655888537'

2020-06-04 19:41:03 - [TEST_STEP][PASSED] - getErrMsg = getAttribute(NewInputNmField, "data-errorqtip"): Attribute 'data-errorqtip' of object 'Object Repository/Objects.HighlightElements/input_field' is: '<ul class="x-list-plain"><li>Start time must be less than end time</li><li>57655888537 is not a valid date - it must be in the format d/m/Y</li></ul>'

2020-06-04 19:41:03 - [MESSAGE][PASSED] - Attribute 'data-errorqtip' of object 'Object Repository/Objects.HighlightElements/input_field' is: '<ul class="x-list-plain"><li>Start time must be less than end time</li><li>57655888537 is not a valid date - it must be in the format d/m/Y</li></ul>'

2020-06-04 19:41:03 - [TEST_STEP][PASSED] - RmvCd = getErrMsg.substring(0, 75): null

2020-06-04 19:41:03 - [TEST_STEP][PASSED] - FirstErrMsg = RmvCd.substring(29, 66): null

2020-06-04 19:41:03 - [TEST_STEP][PASSED] - getTotalLength = getErrMsg.length(): null

2020-06-04 19:41:03 - [TEST_STEP][PASSED] - RmvCd = getErrMsg.substring(75, getTotalLength): null

2020-06-04 19:41:03 - [TEST_STEP][PASSED] - lenInv = RmvCd.length() - 10: null

2020-06-04 19:41:03 - [TEST_STEP][PASSED] - InvErrMsg = RmvCd.substring(0, lenInv): null

2020-06-04 19:41:03 - [TEST_STEP][PASSED] - ExpectedInvalidErrMsg2 = concatenate(InvDtErr, " ", getInputInvalidDate, " ", NotValidDt): Concatenated string array: '['Start time must be less than end time',' ','57655888537',' ','is not a valid date - it must be in the format d/m/Y']' into 'Start time must be less than end time 57655888537 is not a valid date - it must be in the format d/m/Y'

2020-06-04 19:41:03 - [MESSAGE][PASSED] - Concatenated string array: '['Start time must be less than end time',' ','57655888537',' ','is not a valid date - it must be in the format d/m/Y']' into 'Start time must be less than end time 57655888537 is not a valid date - it must be in the format d/m/Y'

2020-06-04 19:41:03 - [TEST_STEP][PASSED] - ActualInvErrMsg = concatenate(FirstErrMsg, " ", InvErrMsg): Concatenated string array: '['Start time must be less than end time',' ','57655888537 is not a valid date - it must be in the format d/m/Y']' into 'Start time must be less than end time 57655888537 is not a valid date - it must be in the format d/m/Y'

2020-06-04 19:41:03 - [MESSAGE][PASSED] - Concatenated string array: '['Start time must be less than end time',' ','57655888537 is not a valid date - it must be in the format d/m/Y']' into 'Start time must be less than end time 57655888537 is not a valid date - it must be in the format d/m/Y'

2020-06-04 19:41:03 - [TEST_STEP][PASSED] - verifyMatch(ActualInvErrMsg, ExpectedInvalidErrMsg2, true): Actual text 'Start time must be less than end time 57655888537 is not a valid date - it must be in the format d/m/Y' and expected text 'Start time must be less than end time 57655888537 is not a valid date - it must be in the format d/m/Y' are matched  using regular expression

2020-06-04 19:41:03 - [MESSAGE][PASSED] - Actual text 'Start time must be less than end time 57655888537 is not a valid date - it must be in the format d/m/Y' and expected text 'Start time must be less than end time 57655888537 is not a valid date - it must be in the format d/m/Y' are matched  using regular expression

2020-06-04 19:41:03 - [MESSAGE][PASSED] - Call Test Case 'Test Cases/PFI Precision and Scale/PFI Components/StartTimeError' successfully

2020-06-04 19:41:03 - [TEST_STEP][PASSED] - callTestCase(findTestCase("PFI Precision and Scale/PFI Components/SelectTodayInDatePicker"), ["FldNm":"eotFromDate", "index":"1"], STOP_ON_FAILURE): Call Test Case 'Test Cases/PFI Precision and Scale/PFI Components/SelectTodayInDatePicker' successfully

2020-06-04 19:41:03 - [TEST_CASE][PASSED] - Test Cases/PFI Precision and Scale/PFI Components/SelectTodayInDatePicker: Test Cases/PFI Precision and Scale/PFI Components/SelectTodayInDatePicker

2020-06-04 19:41:03 - [TEST_STEP][PASSED] - Thread.sleep(1000): null

2020-06-04 19:41:04 - [TEST_STEP][PASSED] - date = new java.util.Date(): null

2020-06-04 19:41:05 - [TEST_STEP][PASSED] - CurrentDate = new java.text.SimpleDateFormat(dd/MM/yyyy): null

2020-06-04 19:41:05 - [TEST_STEP][PASSED] - TodayDate = CurrentDate.format(date): null

2020-06-04 19:41:05 - [TEST_STEP][PASSED] - DateFieldNm = modifyObjectProperty(findTestObject("Object Repository/Objects.DateValidation/Page_ISPS2/input__orderDt"), "name", "equals", FldNm, true): Modify property of object successfully

2020-06-04 19:41:05 - [MESSAGE][PASSED] - Modify property of object successfully

2020-06-04 19:41:05 - [TEST_STEP][PASSED] - TodayBtn = modifyObjectProperty(findTestObject("Object Repository/Objects.DateValidation/Page_ISPS2/a_Today"), "xpath", "equals", "(//*[text() = 'Today'])[" + index + "]", true): Modify property of object successfully

2020-06-04 19:41:05 - [MESSAGE][PASSED] - Modify property of object successfully

2020-06-04 19:41:05 - [TEST_STEP][PASSED] - sendKeys(DateFieldNm, Keys.chord(ARROW_DOWN)): Keys 'DOWN + ' sent to object: 'Object Repository/Objects.DateValidation/Page_ISPS2/input__orderDt'

2020-06-04 19:41:05 - [MESSAGE][PASSED] - Keys 'DOWN + ' sent to object: 'Object Repository/Objects.DateValidation/Page_ISPS2/input__orderDt'

2020-06-04 19:41:05 - [TEST_STEP][PASSED] - com.reusableComponents.HighlightElement.run(TodayBtn): com.reusableComponents.HighlightElement.run is PASSED

2020-06-04 19:41:05 - [MESSAGE][PASSED] - com.reusableComponents.HighlightElement.run is PASSED

2020-06-04 19:41:05 - [TEST_STEP][PASSED] - click(TodayBtn): Object: 'Object Repository/Objects.DateValidation/Page_ISPS2/a_Today' is clicked on

2020-06-04 19:41:06 - [MESSAGE][PASSED] - Object: 'Object Repository/Objects.DateValidation/Page_ISPS2/a_Today' is clicked on

2020-06-04 19:41:06 - [TEST_STEP][PASSED] - GetEnteredDate = getAttribute(DateFieldNm, "value"): Attribute 'value' of object 'Object Repository/Objects.DateValidation/Page_ISPS2/input__orderDt' is: '04/06/2020'

2020-06-04 19:41:06 - [MESSAGE][PASSED] - Attribute 'value' of object 'Object Repository/Objects.DateValidation/Page_ISPS2/input__orderDt' is: '04/06/2020'

2020-06-04 19:41:06 - [TEST_STEP][PASSED] - verifyMatch(GetEnteredDate, TodayDate, true): Actual text '04/06/2020' and expected text '04/06/2020' are matched  using regular expression

2020-06-04 19:41:06 - [MESSAGE][PASSED] - Actual text '04/06/2020' and expected text '04/06/2020' are matched  using regular expression

2020-06-04 19:41:06 - [MESSAGE][PASSED] - Call Test Case 'Test Cases/PFI Precision and Scale/PFI Components/SelectTodayInDatePicker' successfully

2020-06-04 19:41:06 - [TEST_STEP][PASSED] - callTestCase(findTestCase("Components/HighlightLabelField"), ["LblName":"EOT To Date *:"], STOP_ON_FAILURE): Call Test Case 'Test Cases/Components/HighlightLabelField' successfully

2020-06-04 19:41:06 - [TEST_CASE][PASSED] - Test Cases/Components/HighlightLabelField: Test Cases/Components/HighlightLabelField

2020-06-04 19:41:06 - [TEST_STEP][PASSED] - Thread.sleep(1000): null

2020-06-04 19:41:07 - [TEST_STEP][PASSED] - modifiedLblNm = modifyObjectProperty(findTestObject("Objects.HighlightElements/lblField"), "text", "equals", LblName, true): Modify property of object successfully

2020-06-04 19:41:07 - [MESSAGE][PASSED] - Modify property of object successfully

2020-06-04 19:41:07 - [TEST_STEP][PASSED] - com.reusableComponents.HighlightElement.run(modifiedLblNm): com.reusableComponents.HighlightElement.run is PASSED

2020-06-04 19:41:07 - [MESSAGE][PASSED] - com.reusableComponents.HighlightElement.run is PASSED

2020-06-04 19:41:07 - [MESSAGE][PASSED] - Call Test Case 'Test Cases/Components/HighlightLabelField' successfully

2020-06-04 19:41:07 - [TEST_STEP][PASSED] - callTestCase(findTestCase("Components/HighlightInputField"), ["InputFldName":"eotToDate"], STOP_ON_FAILURE): Call Test Case 'Test Cases/Components/HighlightInputField' successfully

2020-06-04 19:41:07 - [TEST_CASE][PASSED] - Test Cases/Components/HighlightInputField: Test Cases/Components/HighlightInputField

2020-06-04 19:41:07 - [TEST_STEP][PASSED] - Thread.sleep(1000): null

2020-06-04 19:41:08 - [TEST_STEP][PASSED] - modifiedLblNm = modifyObjectProperty(findTestObject("Objects.HighlightElements/input_field"), "name", "equals", InputFldName, true): Modify property of object successfully

2020-06-04 19:41:08 - [MESSAGE][PASSED] - Modify property of object successfully

2020-06-04 19:41:08 - [TEST_STEP][PASSED] - com.reusableComponents.HighlightElement.run(modifiedLblNm): com.reusableComponents.HighlightElement.run is PASSED

2020-06-04 19:41:09 - [MESSAGE][PASSED] - com.reusableComponents.HighlightElement.run is PASSED

2020-06-04 19:41:09 - [MESSAGE][PASSED] - Call Test Case 'Test Cases/Components/HighlightInputField' successfully

2020-06-04 19:41:09 - [TEST_STEP][PASSED] - callTestCase(findTestCase("PFI Precision and Scale/PFI Components with Indexing/SelectDayInDatePickerWithIndex"), ["FldNm":"eotToDate", "SelectCurrentDay":"12", "index":2], STOP_ON_FAILURE): Call Test Case 'Test Cases/PFI Precision and Scale/PFI Components with Indexing/SelectDayInDatePickerWithIndex' successfully

2020-06-04 19:41:09 - [TEST_CASE][PASSED] - Test Cases/PFI Precision and Scale/PFI Components with Indexing/SelectDayInDatePickerWithIndex: Test Cases/PFI Precision and Scale/PFI Components with Indexing/SelectDayInDatePickerWithIndex

2020-06-04 19:41:09 - [TEST_STEP][PASSED] - Thread.sleep(1000): null

2020-06-04 19:41:10 - [TEST_STEP][PASSED] - DateFieldNm = modifyObjectProperty(findTestObject("Objects.HighlightElements/input_field"), "name", "equals", FldNm, true): Modify property of object successfully

2020-06-04 19:41:10 - [MESSAGE][PASSED] - Modify property of object successfully

2020-06-04 19:41:10 - [TEST_STEP][PASSED] - ModifyDay = modifyObjectProperty(findTestObject("Objects.DateValidation/Page_ISPS2/Select_Day_Index"), "xpath", "equals", "(//*[contains(@class, 'x-datepicker-date') and (text() = '" + SelectCurrentDay + "')])[" + index + "]", true): Modify property of object successfully

2020-06-04 19:41:11 - [MESSAGE][PASSED] - Modify property of object successfully

2020-06-04 19:41:11 - [TEST_STEP][PASSED] - sendKeys(DateFieldNm, Keys.chord(ARROW_DOWN)): Keys 'DOWN + ' sent to object: 'Object Repository/Objects.HighlightElements/input_field'

2020-06-04 19:41:11 - [MESSAGE][PASSED] - Keys 'DOWN + ' sent to object: 'Object Repository/Objects.HighlightElements/input_field'

2020-06-04 19:41:11 - [TEST_STEP][PASSED] - com.reusableComponents.HighlightElement.run(ModifyDay): com.reusableComponents.HighlightElement.run is PASSED

2020-06-04 19:41:11 - [MESSAGE][PASSED] - com.reusableComponents.HighlightElement.run is PASSED

2020-06-04 19:41:11 - [TEST_STEP][PASSED] - delay(1): Delayed 1 second(s)

2020-06-04 19:41:12 - [MESSAGE][PASSED] - Delayed 1 second(s)

2020-06-04 19:41:12 - [TEST_STEP][PASSED] - click(ModifyDay): Object: 'Object Repository/Objects.DateValidation/Page_ISPS2/Select_Day_Index' is clicked on

2020-06-04 19:41:12 - [MESSAGE][PASSED] - Object: 'Object Repository/Objects.DateValidation/Page_ISPS2/Select_Day_Index' is clicked on

2020-06-04 19:41:12 - [TEST_STEP][PASSED] - GetError = getAttribute(DateFieldNm, "data-errorqtip"): Attribute 'data-errorqtip' of object 'Object Repository/Objects.HighlightElements/input_field' is: ''

2020-06-04 19:41:12 - [MESSAGE][PASSED] - Attribute 'data-errorqtip' of object 'Object Repository/Objects.HighlightElements/input_field' is: ''

2020-06-04 19:41:12 - [TEST_STEP][PASSED] - if (GetError == ""): Date Format is valid

2020-06-04 19:41:12 - [TEST_STEP][PASSED] - GetEnteredDate = getAttribute(DateFieldNm, "value"): Attribute 'value' of object 'Object Repository/Objects.HighlightElements/input_field' is: '12/06/2020'

2020-06-04 19:41:12 - [MESSAGE][PASSED] - Attribute 'value' of object 'Object Repository/Objects.HighlightElements/input_field' is: '12/06/2020'

2020-06-04 19:41:12 - [TEST_STEP][PASSED] - DatePattern = Pattern.compile("^(1[0-2]|0[1-9])/(3[01]|[12][0-9]|0[1-9])/[0-9]{4}$"): null

2020-06-04 19:41:12 - [TEST_STEP][PASSED] - VerifyDateFormat = DatePattern.matcher(GetEnteredDate): null

2020-06-04 19:41:12 - [TEST_STEP][PASSED] - if (VerifyDateFormat.matches() == true): Date Format is valid

2020-06-04 19:41:12 - [TEST_STEP][PASSED] - comment("Date Format is valid"): Date Format is valid

2020-06-04 19:41:12 - [MESSAGE][INFO] - Date Format is valid

2020-06-04 19:41:12 - [MESSAGE][PASSED] - Call Test Case 'Test Cases/PFI Precision and Scale/PFI Components with Indexing/SelectDayInDatePickerWithIndex' successfully

2020-06-04 19:41:12 - [TEST_STEP][PASSED] - callTestCase(findTestCase("PFI Precision and Scale/PFI Components/NumericTextboxValidationII"), ["nameToBeUsed":"eotToDate", "minLen":11, "index":0], STOP_ON_FAILURE): Call Test Case 'Test Cases/PFI Precision and Scale/PFI Components/NumericTextboxValidationII' successfully

2020-06-04 19:41:12 - [TEST_CASE][PASSED] - Test Cases/PFI Precision and Scale/PFI Components/NumericTextboxValidationII: Test Cases/PFI Precision and Scale/PFI Components/NumericTextboxValidationII

2020-06-04 19:41:12 - [TEST_STEP][PASSED] - Thread.sleep(1000): null

2020-06-04 19:41:13 - [TEST_STEP][PASSED] - Numeric = "0123456789": null

2020-06-04 19:41:13 - [TEST_STEP][PASSED] - AlphaSpecialChar = z) + "`~!@#$%^&*()=_{}|\][;'":,?><"".join(): null

2020-06-04 19:41:13 - [TEST_STEP][PASSED] - RandomNumeric = RandomStringUtils.random(minLen, Numeric.toCharArray()): null

2020-06-04 19:41:13 - [TEST_STEP][PASSED] - RandomString = RandomStringUtils.random(minLen, AlphaSpecialChar): null

2020-06-04 19:41:13 - [TEST_STEP][PASSED] - regexPat = Pattern.compile("^[0-9]+$"): null

2020-06-04 19:41:13 - [TEST_STEP][PASSED] - NewInputNmField = modifyObjectProperty(findTestObject("Objects.RemarksValidation/input_Remarks"), "name", "equals", nameToBeUsed, true): Modify property of object successfully

2020-06-04 19:41:13 - [MESSAGE][PASSED] - Modify property of object successfully

2020-06-04 19:41:13 - [TEST_STEP][PASSED] - focus(NewInputNmField): Object: 'Object Repository/Objects.RemarksValidation/input_Remarks' is focused

2020-06-04 19:41:13 - [MESSAGE][PASSED] - Object: 'Object Repository/Objects.RemarksValidation/input_Remarks' is focused

2020-06-04 19:41:13 - [TEST_STEP][PASSED] - setText(NewInputNmField, RandomString): Text 'kI=zLSs{va)' is set on object 'Object Repository/Objects.RemarksValidation/input_Remarks'

2020-06-04 19:41:13 - [MESSAGE][PASSED] - Text 'kI=zLSs{va)' is set on object 'Object Repository/Objects.RemarksValidation/input_Remarks'

2020-06-04 19:41:13 - [TEST_STEP][PASSED] - GetInputVal = getAttribute(NewInputNmField, "value"): Attribute 'value' of object 'Object Repository/Objects.RemarksValidation/input_Remarks' is: ''

2020-06-04 19:41:14 - [MESSAGE][PASSED] - Attribute 'value' of object 'Object Repository/Objects.RemarksValidation/input_Remarks' is: ''

2020-06-04 19:41:14 - [TEST_STEP][PASSED] - if (GetInputVal.contains("e")): null

2020-06-04 19:41:14 - [TEST_STEP][PASSED] - else: Actual text '' and expected text '' are matched  using regular expression

2020-06-04 19:41:14 - [TEST_STEP][PASSED] - verifyMatch(GetInputVal, "", true): Actual text '' and expected text '' are matched  using regular expression

2020-06-04 19:41:14 - [MESSAGE][PASSED] - Actual text '' and expected text '' are matched  using regular expression

2020-06-04 19:41:14 - [TEST_STEP][PASSED] - setText(NewInputNmField, RandomNumeric): Text '85999694465' is set on object 'Object Repository/Objects.RemarksValidation/input_Remarks'

2020-06-04 19:41:14 - [MESSAGE][PASSED] - Text '85999694465' is set on object 'Object Repository/Objects.RemarksValidation/input_Remarks'

2020-06-04 19:41:14 - [TEST_STEP][PASSED] - GetEnteredIntegers = getAttribute(NewInputNmField, "value"): Attribute 'value' of object 'Object Repository/Objects.RemarksValidation/input_Remarks' is: '85999694465'

2020-06-04 19:41:14 - [MESSAGE][PASSED] - Attribute 'value' of object 'Object Repository/Objects.RemarksValidation/input_Remarks' is: '85999694465'

2020-06-04 19:41:14 - [TEST_STEP][PASSED] - matchStr = regexPat.matcher(GetEnteredIntegers): null

2020-06-04 19:41:14 - [TEST_STEP][PASSED] - if (matchStr.matches() == true): Accepting Numeric

2020-06-04 19:41:14 - [TEST_STEP][PASSED] - comment("Accepting Numeric"): Accepting Numeric

2020-06-04 19:41:14 - [MESSAGE][INFO] - Accepting Numeric

2020-06-04 19:41:14 - [MESSAGE][PASSED] - Call Test Case 'Test Cases/PFI Precision and Scale/PFI Components/NumericTextboxValidationII' successfully

2020-06-04 19:41:14 - [TEST_STEP][PASSED] - callTestCase(findTestCase("PFI Precision and Scale/PFI Components/StartTimeError"), ["FldNm":"eotToDate", "index":0], STOP_ON_FAILURE): Call Test Case 'Test Cases/PFI Precision and Scale/PFI Components/StartTimeError' successfully

2020-06-04 19:41:14 - [TEST_CASE][PASSED] - Test Cases/PFI Precision and Scale/PFI Components/StartTimeError: Test Cases/PFI Precision and Scale/PFI Components/StartTimeError

2020-06-04 19:41:14 - [TEST_STEP][PASSED] - Thread.sleep(1000): null

2020-06-04 19:41:15 - [TEST_STEP][PASSED] - if (index == 0): Modify property of object successfully

2020-06-04 19:41:15 - [TEST_STEP][PASSED] - NewInputNmField = modifyObjectProperty(findTestObject("Objects.HighlightElements/input_field"), "name", "equals", FldNm, true): Modify property of object successfully

2020-06-04 19:41:15 - [MESSAGE][PASSED] - Modify property of object successfully

2020-06-04 19:41:15 - [TEST_STEP][PASSED] - mouseOver(NewInputNmField): Object: 'Object Repository/Objects.HighlightElements/input_field' is hovered

2020-06-04 19:41:15 - [MESSAGE][PASSED] - Object: 'Object Repository/Objects.HighlightElements/input_field' is hovered

2020-06-04 19:41:15 - [TEST_STEP][PASSED] - getInputInvalidDate = getAttribute(NewInputNmField, "value"): Attribute 'value' of object 'Object Repository/Objects.HighlightElements/input_field' is: '85999694465'

2020-06-04 19:41:15 - [MESSAGE][PASSED] - Attribute 'value' of object 'Object Repository/Objects.HighlightElements/input_field' is: '85999694465'

2020-06-04 19:41:15 - [TEST_STEP][PASSED] - getErrMsg = getAttribute(NewInputNmField, "data-errorqtip"): Attribute 'data-errorqtip' of object 'Object Repository/Objects.HighlightElements/input_field' is: '<ul class="x-list-plain"><li>Start time must be less than end time</li><li>85999694465 is not a valid date - it must be in the format d/m/Y</li></ul>'

2020-06-04 19:41:15 - [MESSAGE][PASSED] - Attribute 'data-errorqtip' of object 'Object Repository/Objects.HighlightElements/input_field' is: '<ul class="x-list-plain"><li>Start time must be less than end time</li><li>85999694465 is not a valid date - it must be in the format d/m/Y</li></ul>'

2020-06-04 19:41:15 - [TEST_STEP][PASSED] - RmvCd = getErrMsg.substring(0, 75): null

2020-06-04 19:41:15 - [TEST_STEP][PASSED] - FirstErrMsg = RmvCd.substring(29, 66): null

2020-06-04 19:41:15 - [TEST_STEP][PASSED] - getTotalLength = getErrMsg.length(): null

2020-06-04 19:41:15 - [TEST_STEP][PASSED] - RmvCd = getErrMsg.substring(75, getTotalLength): null

2020-06-04 19:41:15 - [TEST_STEP][PASSED] - lenInv = RmvCd.length() - 10: null

2020-06-04 19:41:15 - [TEST_STEP][PASSED] - InvErrMsg = RmvCd.substring(0, lenInv): null

2020-06-04 19:41:15 - [TEST_STEP][PASSED] - ExpectedInvalidErrMsg2 = concatenate(InvDtErr, " ", getInputInvalidDate, " ", NotValidDt): Concatenated string array: '['Start time must be less than end time',' ','85999694465',' ','is not a valid date - it must be in the format d/m/Y']' into 'Start time must be less than end time 85999694465 is not a valid date - it must be in the format d/m/Y'

2020-06-04 19:41:15 - [MESSAGE][PASSED] - Concatenated string array: '['Start time must be less than end time',' ','85999694465',' ','is not a valid date - it must be in the format d/m/Y']' into 'Start time must be less than end time 85999694465 is not a valid date - it must be in the format d/m/Y'

2020-06-04 19:41:15 - [TEST_STEP][PASSED] - ActualInvErrMsg = concatenate(FirstErrMsg, " ", InvErrMsg): Concatenated string array: '['Start time must be less than end time',' ','85999694465 is not a valid date - it must be in the format d/m/Y']' into 'Start time must be less than end time 85999694465 is not a valid date - it must be in the format d/m/Y'

2020-06-04 19:41:15 - [MESSAGE][PASSED] - Concatenated string array: '['Start time must be less than end time',' ','85999694465 is not a valid date - it must be in the format d/m/Y']' into 'Start time must be less than end time 85999694465 is not a valid date - it must be in the format d/m/Y'

2020-06-04 19:41:15 - [TEST_STEP][PASSED] - verifyMatch(ActualInvErrMsg, ExpectedInvalidErrMsg2, true): Actual text 'Start time must be less than end time 85999694465 is not a valid date - it must be in the format d/m/Y' and expected text 'Start time must be less than end time 85999694465 is not a valid date - it must be in the format d/m/Y' are matched  using regular expression

2020-06-04 19:41:15 - [MESSAGE][PASSED] - Actual text 'Start time must be less than end time 85999694465 is not a valid date - it must be in the format d/m/Y' and expected text 'Start time must be less than end time 85999694465 is not a valid date - it must be in the format d/m/Y' are matched  using regular expression

2020-06-04 19:41:15 - [MESSAGE][PASSED] - Call Test Case 'Test Cases/PFI Precision and Scale/PFI Components/StartTimeError' successfully

2020-06-04 19:41:15 - [TEST_STEP][PASSED] - callTestCase(findTestCase("PFI Precision and Scale/PFI Components/SelectTodayInDatePicker"), ["FldNm":"eotToDate", "index":"2"], STOP_ON_FAILURE): Call Test Case 'Test Cases/PFI Precision and Scale/PFI Components/SelectTodayInDatePicker' successfully

2020-06-04 19:41:15 - [TEST_CASE][PASSED] - Test Cases/PFI Precision and Scale/PFI Components/SelectTodayInDatePicker: Test Cases/PFI Precision and Scale/PFI Components/SelectTodayInDatePicker

2020-06-04 19:41:15 - [TEST_STEP][PASSED] - Thread.sleep(1000): null

2020-06-04 19:41:16 - [TEST_STEP][PASSED] - date = new java.util.Date(): null

2020-06-04 19:41:16 - [TEST_STEP][PASSED] - CurrentDate = new java.text.SimpleDateFormat(dd/MM/yyyy): null

2020-06-04 19:41:16 - [TEST_STEP][PASSED] - TodayDate = CurrentDate.format(date): null

2020-06-04 19:41:16 - [TEST_STEP][PASSED] - DateFieldNm = modifyObjectProperty(findTestObject("Object Repository/Objects.DateValidation/Page_ISPS2/input__orderDt"), "name", "equals", FldNm, true): Modify property of object successfully

2020-06-04 19:41:16 - [MESSAGE][PASSED] - Modify property of object successfully

2020-06-04 19:41:16 - [TEST_STEP][PASSED] - TodayBtn = modifyObjectProperty(findTestObject("Object Repository/Objects.DateValidation/Page_ISPS2/a_Today"), "xpath", "equals", "(//*[text() = 'Today'])[" + index + "]", true): Modify property of object successfully

2020-06-04 19:41:16 - [MESSAGE][PASSED] - Modify property of object successfully

2020-06-04 19:41:16 - [TEST_STEP][PASSED] - sendKeys(DateFieldNm, Keys.chord(ARROW_DOWN)): Keys 'DOWN + ' sent to object: 'Object Repository/Objects.DateValidation/Page_ISPS2/input__orderDt'

2020-06-04 19:41:16 - [MESSAGE][PASSED] - Keys 'DOWN + ' sent to object: 'Object Repository/Objects.DateValidation/Page_ISPS2/input__orderDt'

2020-06-04 19:41:16 - [TEST_STEP][PASSED] - com.reusableComponents.HighlightElement.run(TodayBtn): com.reusableComponents.HighlightElement.run is PASSED

2020-06-04 19:41:17 - [MESSAGE][PASSED] - com.reusableComponents.HighlightElement.run is PASSED

2020-06-04 19:41:17 - [TEST_STEP][PASSED] - click(TodayBtn): Object: 'Object Repository/Objects.DateValidation/Page_ISPS2/a_Today' is clicked on

2020-06-04 19:41:17 - [MESSAGE][PASSED] - Object: 'Object Repository/Objects.DateValidation/Page_ISPS2/a_Today' is clicked on

2020-06-04 19:41:17 - [TEST_STEP][PASSED] - GetEnteredDate = getAttribute(DateFieldNm, "value"): Attribute 'value' of object 'Object Repository/Objects.DateValidation/Page_ISPS2/input__orderDt' is: '04/06/2020'

2020-06-04 19:41:17 - [MESSAGE][PASSED] - Attribute 'value' of object 'Object Repository/Objects.DateValidation/Page_ISPS2/input__orderDt' is: '04/06/2020'

2020-06-04 19:41:17 - [TEST_STEP][PASSED] - verifyMatch(GetEnteredDate, TodayDate, true): Actual text '04/06/2020' and expected text '04/06/2020' are matched  using regular expression

2020-06-04 19:41:17 - [MESSAGE][PASSED] - Actual text '04/06/2020' and expected text '04/06/2020' are matched  using regular expression

2020-06-04 19:41:17 - [MESSAGE][PASSED] - Call Test Case 'Test Cases/PFI Precision and Scale/PFI Components/SelectTodayInDatePicker' successfully

2020-06-04 19:41:17 - [TEST_STEP][PASSED] - callTestCase(findTestCase("PFI Precision and Scale/PFI Components/PastDateAfterError"), ["FldNm":"eotToDate"], STOP_ON_FAILURE): Call Test Case 'Test Cases/PFI Precision and Scale/PFI Components/PastDateAfterError' successfully

2020-06-04 19:41:17 - [TEST_CASE][PASSED] - Test Cases/PFI Precision and Scale/PFI Components/PastDateAfterError: Test Cases/PFI Precision and Scale/PFI Components/PastDateAfterError

2020-06-04 19:41:18 - [TEST_STEP][PASSED] - Thread.sleep(1000): null

2020-06-04 19:41:19 - [TEST_STEP][PASSED] - date = new java.util.Date(): null

2020-06-04 19:41:19 - [TEST_STEP][PASSED] - DateFormat = new java.text.SimpleDateFormat(dd/MM/yyyy): null

2020-06-04 19:41:19 - [TEST_STEP][PASSED] - CurrentDate = DateFormat.format(date): null

2020-06-04 19:41:19 - [TEST_STEP][PASSED] - DateFieldNm = modifyObjectProperty(findTestObject("Objects.HighlightElements/input_field"), "name", "equals", FldNm, true): Modify property of object successfully

2020-06-04 19:41:19 - [MESSAGE][PASSED] - Modify property of object successfully

2020-06-04 19:41:19 - [TEST_STEP][PASSED] - GetDateValue = getAttribute(DateFieldNm, "value"): Attribute 'value' of object 'Object Repository/Objects.HighlightElements/input_field' is: '04/06/2020'

2020-06-04 19:41:19 - [MESSAGE][PASSED] - Attribute 'value' of object 'Object Repository/Objects.HighlightElements/input_field' is: '04/06/2020'

2020-06-04 19:41:19 - [TEST_STEP][PASSED] - verifyMatch(GetDateValue, CurrentDate, true): Actual text '04/06/2020' and expected text '04/06/2020' are matched  using regular expression

2020-06-04 19:41:19 - [MESSAGE][PASSED] - Actual text '04/06/2020' and expected text '04/06/2020' are matched  using regular expression

2020-06-04 19:41:19 - [TEST_STEP][PASSED] - PastDate = date - 30: null

2020-06-04 19:41:19 - [TEST_STEP][PASSED] - PastDateFormatted = PastDate.format("dd/MM/yyyy"): null

2020-06-04 19:41:19 - [TEST_STEP][PASSED] - setText(DateFieldNm, PastDateFormatted): Text '05/05/2020' is set on object 'Object Repository/Objects.HighlightElements/input_field'

2020-06-04 19:41:19 - [MESSAGE][PASSED] - Text '05/05/2020' is set on object 'Object Repository/Objects.HighlightElements/input_field'

2020-06-04 19:41:19 - [TEST_STEP][PASSED] - mouseOver(DateFieldNm, STOP_ON_FAILURE): Object: 'Object Repository/Objects.HighlightElements/input_field' is hovered

2020-06-04 19:41:19 - [MESSAGE][PASSED] - Object: 'Object Repository/Objects.HighlightElements/input_field' is hovered

2020-06-04 19:41:19 - [TEST_STEP][PASSED] - PastDtErrMsg = getAttribute(DateFieldNm, "data-errorqtip", STOP_ON_FAILURE): Attribute 'data-errorqtip' of object 'Object Repository/Objects.HighlightElements/input_field' is: '<ul class="x-list-plain"><li>The date in this field must be after 04/06/2020</li></ul>'

2020-06-04 19:41:19 - [MESSAGE][PASSED] - Attribute 'data-errorqtip' of object 'Object Repository/Objects.HighlightElements/input_field' is: '<ul class="x-list-plain"><li>The date in this field must be after 04/06/2020</li></ul>'

2020-06-04 19:41:19 - [TEST_STEP][PASSED] - lenErrMsg = PastDtErrMsg.length(): null

2020-06-04 19:41:19 - [TEST_STEP][PASSED] - RmvCde = PastDtErrMsg.substring(29, lenErrMsg): null

2020-06-04 19:41:19 - [TEST_STEP][PASSED] - ActualErrDtMsg = RmvCde.substring(0, 47): null

2020-06-04 19:41:19 - [TEST_STEP][PASSED] - ExpectedErrDtMsg = concatenate(DtErrMsg, " ", CurrentDate): Concatenated string array: '['The date in this field must be after',' ','04/06/2020']' into 'The date in this field must be after 04/06/2020'

2020-06-04 19:41:19 - [MESSAGE][PASSED] - Concatenated string array: '['The date in this field must be after',' ','04/06/2020']' into 'The date in this field must be after 04/06/2020'

2020-06-04 19:41:19 - [TEST_STEP][PASSED] - verifyMatch(ActualErrDtMsg, ExpectedErrDtMsg, true): Actual text 'The date in this field must be after 04/06/2020' and expected text 'The date in this field must be after 04/06/2020' are matched  using regular expression

2020-06-04 19:41:19 - [MESSAGE][PASSED] - Actual text 'The date in this field must be after 04/06/2020' and expected text 'The date in this field must be after 04/06/2020' are matched  using regular expression

2020-06-04 19:41:19 - [TEST_STEP][PASSED] - FromDate = getAttribute(DateFieldNm, "value"): Attribute 'value' of object 'Object Repository/Objects.HighlightElements/input_field' is: '05/05/2020'

2020-06-04 19:41:19 - [MESSAGE][PASSED] - Attribute 'value' of object 'Object Repository/Objects.HighlightElements/input_field' is: '05/05/2020'

2020-06-04 19:41:19 - [MESSAGE][PASSED] - Call Test Case 'Test Cases/PFI Precision and Scale/PFI Components/PastDateAfterError' successfully

2020-06-04 19:41:19 - [TEST_STEP][PASSED] - callTestCase(findTestCase("PFI Precision and Scale/PFI Components/PastDateBeforeError"), ["FldNm":"eotFromDate"], STOP_ON_FAILURE): Call Test Case 'Test Cases/PFI Precision and Scale/PFI Components/PastDateBeforeError' successfully

2020-06-04 19:41:19 - [TEST_CASE][PASSED] - Test Cases/PFI Precision and Scale/PFI Components/PastDateBeforeError: Test Cases/PFI Precision and Scale/PFI Components/PastDateBeforeError

2020-06-04 19:41:19 - [TEST_STEP][PASSED] - Thread.sleep(1000): null

2020-06-04 19:41:20 - [TEST_STEP][PASSED] - DateFieldNm = modifyObjectProperty(findTestObject("Objects.HighlightElements/input_field"), "name", "equals", FldNm, true): Modify property of object successfully

2020-06-04 19:41:20 - [MESSAGE][PASSED] - Modify property of object successfully

2020-06-04 19:41:20 - [TEST_STEP][PASSED] - mouseOver(DateFieldNm): Object: 'Object Repository/Objects.HighlightElements/input_field' is hovered

2020-06-04 19:41:21 - [MESSAGE][PASSED] - Object: 'Object Repository/Objects.HighlightElements/input_field' is hovered

2020-06-04 19:41:21 - [TEST_STEP][PASSED] - PastDtErrMsg = getAttribute(DateFieldNm, "data-errorqtip", STOP_ON_FAILURE): Attribute 'data-errorqtip' of object 'Object Repository/Objects.HighlightElements/input_field' is: '<ul class="x-list-plain"><li>The date in this field must be before 05/05/2020</li></ul>'

2020-06-04 19:41:21 - [MESSAGE][PASSED] - Attribute 'data-errorqtip' of object 'Object Repository/Objects.HighlightElements/input_field' is: '<ul class="x-list-plain"><li>The date in this field must be before 05/05/2020</li></ul>'

2020-06-04 19:41:21 - [TEST_STEP][PASSED] - lenErrMsg = PastDtErrMsg.length(): null

2020-06-04 19:41:21 - [TEST_STEP][PASSED] - RmvCde = PastDtErrMsg.substring(29, lenErrMsg): null

2020-06-04 19:41:21 - [TEST_STEP][PASSED] - ActualErrDtMsg = RmvCde.substring(0, 48): null

2020-06-04 19:41:21 - [TEST_STEP][PASSED] - ExpectedErrDtMsg = concatenate(findTestData("PrecisionAndScaleDB").getValue("ErrorMessage", 7), " ", FromDate): Concatenated string array: '['The date in this field must be before',' ','05/05/2020']' into 'The date in this field must be before 05/05/2020'

2020-06-04 19:41:21 - [MESSAGE][PASSED] - Concatenated string array: '['The date in this field must be before',' ','05/05/2020']' into 'The date in this field must be before 05/05/2020'

2020-06-04 19:41:21 - [TEST_STEP][PASSED] - verifyMatch(ActualErrDtMsg, ExpectedErrDtMsg, true): Actual text 'The date in this field must be before 05/05/2020' and expected text 'The date in this field must be before 05/05/2020' are matched  using regular expression

2020-06-04 19:41:21 - [MESSAGE][PASSED] - Actual text 'The date in this field must be before 05/05/2020' and expected text 'The date in this field must be before 05/05/2020' are matched  using regular expression

2020-06-04 19:41:21 - [MESSAGE][PASSED] - Call Test Case 'Test Cases/PFI Precision and Scale/PFI Components/PastDateBeforeError' successfully

2020-06-04 19:41:21 - [TEST_STEP][PASSED] - callTestCase(findTestCase("Components/HighlightLabelField"), ["LblName":"Approve Officer *:"], STOP_ON_FAILURE): Call Test Case 'Test Cases/Components/HighlightLabelField' successfully

2020-06-04 19:41:21 - [TEST_CASE][PASSED] - Test Cases/Components/HighlightLabelField: Test Cases/Components/HighlightLabelField

2020-06-04 19:41:21 - [TEST_STEP][PASSED] - Thread.sleep(1000): null

2020-06-04 19:41:22 - [TEST_STEP][PASSED] - modifiedLblNm = modifyObjectProperty(findTestObject("Objects.HighlightElements/lblField"), "text", "equals", LblName, true): Modify property of object successfully

2020-06-04 19:41:22 - [MESSAGE][PASSED] - Modify property of object successfully

2020-06-04 19:41:22 - [TEST_STEP][PASSED] - com.reusableComponents.HighlightElement.run(modifiedLblNm): com.reusableComponents.HighlightElement.run is PASSED

2020-06-04 19:41:22 - [MESSAGE][PASSED] - com.reusableComponents.HighlightElement.run is PASSED

2020-06-04 19:41:22 - [MESSAGE][PASSED] - Call Test Case 'Test Cases/Components/HighlightLabelField' successfully

2020-06-04 19:41:22 - [TEST_STEP][PASSED] - callTestCase(findTestCase("Components/HighlightInputField"), ["InputFldName":"approveOfficerCmb"], STOP_ON_FAILURE): Call Test Case 'Test Cases/Components/HighlightInputField' successfully

2020-06-04 19:41:22 - [TEST_CASE][PASSED] - Test Cases/Components/HighlightInputField: Test Cases/Components/HighlightInputField

2020-06-04 19:41:22 - [TEST_STEP][PASSED] - Thread.sleep(1000): null

2020-06-04 19:41:23 - [TEST_STEP][PASSED] - modifiedLblNm = modifyObjectProperty(findTestObject("Objects.HighlightElements/input_field"), "name", "equals", InputFldName, true): Modify property of object successfully

2020-06-04 19:41:23 - [MESSAGE][PASSED] - Modify property of object successfully

2020-06-04 19:41:23 - [TEST_STEP][PASSED] - com.reusableComponents.HighlightElement.run(modifiedLblNm): com.reusableComponents.HighlightElement.run is PASSED

2020-06-04 19:41:24 - [MESSAGE][PASSED] - com.reusableComponents.HighlightElement.run is PASSED

2020-06-04 19:41:24 - [MESSAGE][PASSED] - Call Test Case 'Test Cases/Components/HighlightInputField' successfully

2020-06-04 19:41:24 - [TEST_STEP][PASSED] - callTestCase(findTestCase("PFI Precision and Scale/PFI Components/VerifyDropdownValues"), ["FldNm":"approveOfficerCmb", "index":0, "CallTCName":"PFI Precision and Scale/HashMap Tables/OfficerLists", "cmbNm":"", "NoOfVal":24, ... ], STOP_ON_FAILURE): Call Test Case 'Test Cases/PFI Precision and Scale/PFI Components/VerifyDropdownValues' successfully

2020-06-04 19:41:24 - [TEST_CASE][PASSED] - Test Cases/PFI Precision and Scale/PFI Components/VerifyDropdownValues: Test Cases/PFI Precision and Scale/PFI Components/VerifyDropdownValues

2020-06-04 19:41:24 - [TEST_STEP][PASSED] - Thread.sleep(1000): null

2020-06-04 19:41:25 - [TEST_STEP][PASSED] - NewInputNmField = modifyObjectProperty(findTestObject("Objects.HighlightElements/input_field"), "name", "equals", FldNm, true): Modify property of object successfully

2020-06-04 19:41:25 - [MESSAGE][PASSED] - Modify property of object successfully

2020-06-04 19:41:25 - [TEST_STEP][PASSED] - comboNm = cmbNm: null

2020-06-04 19:41:25 - [TEST_STEP][PASSED] - focus(NewInputNmField): Object: 'Object Repository/Objects.HighlightElements/input_field' is focused

2020-06-04 19:41:25 - [MESSAGE][PASSED] - Object: 'Object Repository/Objects.HighlightElements/input_field' is focused

2020-06-04 19:41:25 - [TEST_STEP][PASSED] - setText(NewInputNmField, EnterValue): Text '' is set on object 'Object Repository/Objects.HighlightElements/input_field'

2020-06-04 19:41:25 - [MESSAGE][PASSED] - Text '' is set on object 'Object Repository/Objects.HighlightElements/input_field'

2020-06-04 19:41:25 - [TEST_STEP][PASSED] - for ([i = 1, i <= NoOfVal, (i++)]): Keys 'DOWN + ' sent to object: 'Object Repository/Objects.HighlightElements/input_field'

2020-06-04 19:41:25 - [TEST_STEP][PASSED] - sendKeys(NewInputNmField, Keys.chord(ARROW_DOWN)): Keys 'DOWN + ' sent to object: 'Object Repository/Objects.HighlightElements/input_field'

2020-06-04 19:41:25 - [MESSAGE][PASSED] - Keys 'DOWN + ' sent to object: 'Object Repository/Objects.HighlightElements/input_field'

2020-06-04 19:41:25 - [TEST_STEP][PASSED] - delay(DelayTime): Delayed 2 second(s)

2020-06-04 19:41:27 - [MESSAGE][PASSED] - Delayed 2 second(s)

2020-06-04 19:41:27 - [TEST_STEP][PASSED] - sendKeys(NewInputNmField, Keys.chord(ENTER)): Keys 'ENTER + ' sent to object: 'Object Repository/Objects.HighlightElements/input_field'

2020-06-04 19:41:27 - [MESSAGE][PASSED] - Keys 'ENTER + ' sent to object: 'Object Repository/Objects.HighlightElements/input_field'

2020-06-04 19:41:27 - [TEST_STEP][PASSED] - ComboBoxValue = getAttribute(NewInputNmField, "value"): Attribute 'value' of object 'Object Repository/Objects.HighlightElements/input_field' is: 'Aaron Sham Wai Lun (AARON)'

2020-06-04 19:41:27 - [MESSAGE][PASSED] - Attribute 'value' of object 'Object Repository/Objects.HighlightElements/input_field' is: 'Aaron Sham Wai Lun (AARON)'

2020-06-04 19:41:27 - [TEST_STEP][PASSED] - callTestCase(findTestCase(CallTCName), ["FindValue":ComboBoxValue, "DropdownNm":comboNm], STOP_ON_FAILURE): Call Test Case 'Test Cases/PFI Precision and Scale/HashMap Tables/OfficerLists' successfully

2020-06-04 19:41:27 - [TEST_CASE][PASSED] - Test Cases/PFI Precision and Scale/HashMap Tables/OfficerLists: Test Cases/PFI Precision and Scale/HashMap Tables/OfficerLists

2020-06-04 19:41:28 - [TEST_STEP][PASSED] - Thread.sleep(1000): null

2020-06-04 19:41:29 - [TEST_STEP][PASSED] - OfficerLists = [1:"Aaron Sham Wai Lun (AARON)", 2:"Azidah Bte Akmad (Mdm) (USAABD)", 3:"Chung Fong Nyen (USACFN)", 4:"David Tey Dah Wei (DAHWEI)", ... ]: null

2020-06-04 19:41:29 - [TEST_STEP][PASSED] - ValueFound = OfficerLists.find({ -> ... }): null

2020-06-04 19:41:29 - [MESSAGE][PASSED] - Call Test Case 'Test Cases/PFI Precision and Scale/HashMap Tables/OfficerLists' successfully

2020-06-04 19:41:29 - [TEST_STEP][PASSED] - println(ValueFound): null

2020-06-04 19:41:29 - [TEST_STEP][PASSED] - sendKeys(NewInputNmField, Keys.chord(ARROW_DOWN)): Keys 'DOWN + ' sent to object: 'Object Repository/Objects.HighlightElements/input_field'

2020-06-04 19:41:29 - [MESSAGE][PASSED] - Keys 'DOWN + ' sent to object: 'Object Repository/Objects.HighlightElements/input_field'

2020-06-04 19:41:29 - [TEST_STEP][PASSED] - sendKeys(NewInputNmField, Keys.chord(ARROW_DOWN)): Keys 'DOWN + ' sent to object: 'Object Repository/Objects.HighlightElements/input_field'

2020-06-04 19:41:29 - [MESSAGE][PASSED] - Keys 'DOWN + ' sent to object: 'Object Repository/Objects.HighlightElements/input_field'

2020-06-04 19:41:29 - [TEST_STEP][PASSED] - delay(DelayTime): Delayed 2 second(s)

2020-06-04 19:41:31 - [MESSAGE][PASSED] - Delayed 2 second(s)

2020-06-04 19:41:31 - [TEST_STEP][PASSED] - sendKeys(NewInputNmField, Keys.chord(ENTER)): Keys 'ENTER + ' sent to object: 'Object Repository/Objects.HighlightElements/input_field'

2020-06-04 19:41:31 - [MESSAGE][PASSED] - Keys 'ENTER + ' sent to object: 'Object Repository/Objects.HighlightElements/input_field'

2020-06-04 19:41:31 - [TEST_STEP][PASSED] - ComboBoxValue = getAttribute(NewInputNmField, "value"): Attribute 'value' of object 'Object Repository/Objects.HighlightElements/input_field' is: 'Azidah Bte Akmad (Mdm) (USAABD)'

2020-06-04 19:41:31 - [MESSAGE][PASSED] - Attribute 'value' of object 'Object Repository/Objects.HighlightElements/input_field' is: 'Azidah Bte Akmad (Mdm) (USAABD)'

2020-06-04 19:41:31 - [TEST_STEP][PASSED] - callTestCase(findTestCase(CallTCName), ["FindValue":ComboBoxValue, "DropdownNm":comboNm], STOP_ON_FAILURE): Call Test Case 'Test Cases/PFI Precision and Scale/HashMap Tables/OfficerLists' successfully

2020-06-04 19:41:31 - [TEST_CASE][PASSED] - Test Cases/PFI Precision and Scale/HashMap Tables/OfficerLists: Test Cases/PFI Precision and Scale/HashMap Tables/OfficerLists

2020-06-04 19:41:31 - [TEST_STEP][PASSED] - Thread.sleep(1000): null

2020-06-04 19:41:32 - [TEST_STEP][PASSED] - OfficerLists = [1:"Aaron Sham Wai Lun (AARON)", 2:"Azidah Bte Akmad (Mdm) (USAABD)", 3:"Chung Fong Nyen (USACFN)", 4:"David Tey Dah Wei (DAHWEI)", ... ]: null

2020-06-04 19:41:32 - [TEST_STEP][PASSED] - ValueFound = OfficerLists.find({ -> ... }): null

2020-06-04 19:41:32 - [MESSAGE][PASSED] - Call Test Case 'Test Cases/PFI Precision and Scale/HashMap Tables/OfficerLists' successfully

2020-06-04 19:41:32 - [TEST_STEP][PASSED] - println(ValueFound): null

2020-06-04 19:41:32 - [TEST_STEP][PASSED] - sendKeys(NewInputNmField, Keys.chord(ARROW_DOWN)): Keys 'DOWN + ' sent to object: 'Object Repository/Objects.HighlightElements/input_field'

2020-06-04 19:41:32 - [MESSAGE][PASSED] - Keys 'DOWN + ' sent to object: 'Object Repository/Objects.HighlightElements/input_field'

2020-06-04 19:41:32 - [TEST_STEP][PASSED] - sendKeys(NewInputNmField, Keys.chord(ARROW_DOWN)): Keys 'DOWN + ' sent to object: 'Object Repository/Objects.HighlightElements/input_field'

2020-06-04 19:41:32 - [MESSAGE][PASSED] - Keys 'DOWN + ' sent to object: 'Object Repository/Objects.HighlightElements/input_field'

2020-06-04 19:41:32 - [TEST_STEP][PASSED] - delay(DelayTime): Delayed 2 second(s)

2020-06-04 19:41:34 - [MESSAGE][PASSED] - Delayed 2 second(s)

2020-06-04 19:41:34 - [TEST_STEP][PASSED] - sendKeys(NewInputNmField, Keys.chord(ENTER)): Keys 'ENTER + ' sent to object: 'Object Repository/Objects.HighlightElements/input_field'

2020-06-04 19:41:34 - [MESSAGE][PASSED] - Keys 'ENTER + ' sent to object: 'Object Repository/Objects.HighlightElements/input_field'

2020-06-04 19:41:34 - [TEST_STEP][PASSED] - ComboBoxValue = getAttribute(NewInputNmField, "value"): Attribute 'value' of object 'Object Repository/Objects.HighlightElements/input_field' is: 'Chung Fong Nyen (USACFN)'

2020-06-04 19:41:34 - [MESSAGE][PASSED] - Attribute 'value' of object 'Object Repository/Objects.HighlightElements/input_field' is: 'Chung Fong Nyen (USACFN)'

2020-06-04 19:41:34 - [TEST_STEP][PASSED] - callTestCase(findTestCase(CallTCName), ["FindValue":ComboBoxValue, "DropdownNm":comboNm], STOP_ON_FAILURE): Call Test Case 'Test Cases/PFI Precision and Scale/HashMap Tables/OfficerLists' successfully

2020-06-04 19:41:34 - [TEST_CASE][PASSED] - Test Cases/PFI Precision and Scale/HashMap Tables/OfficerLists: Test Cases/PFI Precision and Scale/HashMap Tables/OfficerLists

2020-06-04 19:41:34 - [TEST_STEP][PASSED] - Thread.sleep(1000): null

2020-06-04 19:41:35 - [TEST_STEP][PASSED] - OfficerLists = [1:"Aaron Sham Wai Lun (AARON)", 2:"Azidah Bte Akmad (Mdm) (USAABD)", 3:"Chung Fong Nyen (USACFN)", 4:"David Tey Dah Wei (DAHWEI)", ... ]: null

2020-06-04 19:41:35 - [TEST_STEP][PASSED] - ValueFound = OfficerLists.find({ -> ... }): null

2020-06-04 19:41:35 - [MESSAGE][PASSED] - Call Test Case 'Test Cases/PFI Precision and Scale/HashMap Tables/OfficerLists' successfully

2020-06-04 19:41:35 - [TEST_STEP][PASSED] - println(ValueFound): null

2020-06-04 19:41:35 - [TEST_STEP][PASSED] - sendKeys(NewInputNmField, Keys.chord(ARROW_DOWN)): Keys 'DOWN + ' sent to object: 'Object Repository/Objects.HighlightElements/input_field'

2020-06-04 19:41:35 - [MESSAGE][PASSED] - Keys 'DOWN + ' sent to object: 'Object Repository/Objects.HighlightElements/input_field'

2020-06-04 19:41:35 - [TEST_STEP][PASSED] - sendKeys(NewInputNmField, Keys.chord(ARROW_DOWN)): Keys 'DOWN + ' sent to object: 'Object Repository/Objects.HighlightElements/input_field'

2020-06-04 19:41:35 - [MESSAGE][PASSED] - Keys 'DOWN + ' sent to object: 'Object Repository/Objects.HighlightElements/input_field'

2020-06-04 19:41:35 - [TEST_STEP][PASSED] - delay(DelayTime): Delayed 2 second(s)

2020-06-04 19:41:37 - [MESSAGE][PASSED] - Delayed 2 second(s)

2020-06-04 19:41:37 - [TEST_STEP][PASSED] - sendKeys(NewInputNmField, Keys.chord(ENTER)): Keys 'ENTER + ' sent to object: 'Object Repository/Objects.HighlightElements/input_field'

2020-06-04 19:41:37 - [MESSAGE][PASSED] - Keys 'ENTER + ' sent to object: 'Object Repository/Objects.HighlightElements/input_field'

2020-06-04 19:41:37 - [TEST_STEP][PASSED] - ComboBoxValue = getAttribute(NewInputNmField, "value"): Attribute 'value' of object 'Object Repository/Objects.HighlightElements/input_field' is: 'David Tey Dah Wei (DAHWEI)'

2020-06-04 19:41:37 - [MESSAGE][PASSED] - Attribute 'value' of object 'Object Repository/Objects.HighlightElements/input_field' is: 'David Tey Dah Wei (DAHWEI)'

2020-06-04 19:41:37 - [TEST_STEP][PASSED] - callTestCase(findTestCase(CallTCName), ["FindValue":ComboBoxValue, "DropdownNm":comboNm], STOP_ON_FAILURE): Call Test Case 'Test Cases/PFI Precision and Scale/HashMap Tables/OfficerLists' successfully

2020-06-04 19:41:37 - [TEST_CASE][PASSED] - Test Cases/PFI Precision and Scale/HashMap Tables/OfficerLists: Test Cases/PFI Precision and Scale/HashMap Tables/OfficerLists

2020-06-04 19:41:37 - [TEST_STEP][PASSED] - Thread.sleep(1000): null

2020-06-04 19:41:38 - [TEST_STEP][PASSED] - OfficerLists = [1:"Aaron Sham Wai Lun (AARON)", 2:"Azidah Bte Akmad (Mdm) (USAABD)", 3:"Chung Fong Nyen (USACFN)", 4:"David Tey Dah Wei (DAHWEI)", ... ]: null

2020-06-04 19:41:38 - [TEST_STEP][PASSED] - ValueFound = OfficerLists.find({ -> ... }): null

2020-06-04 19:41:38 - [MESSAGE][PASSED] - Call Test Case 'Test Cases/PFI Precision and Scale/HashMap Tables/OfficerLists' successfully

2020-06-04 19:41:38 - [TEST_STEP][PASSED] - println(ValueFound): null

2020-06-04 19:41:38 - [TEST_STEP][PASSED] - sendKeys(NewInputNmField, Keys.chord(ARROW_DOWN)): Keys 'DOWN + ' sent to object: 'Object Repository/Objects.HighlightElements/input_field'

2020-06-04 19:41:38 - [MESSAGE][PASSED] - Keys 'DOWN + ' sent to object: 'Object Repository/Objects.HighlightElements/input_field'

2020-06-04 19:41:38 - [TEST_STEP][PASSED] - sendKeys(NewInputNmField, Keys.chord(ARROW_DOWN)): Keys 'DOWN + ' sent to object: 'Object Repository/Objects.HighlightElements/input_field'

2020-06-04 19:41:38 - [MESSAGE][PASSED] - Keys 'DOWN + ' sent to object: 'Object Repository/Objects.HighlightElements/input_field'

2020-06-04 19:41:38 - [TEST_STEP][PASSED] - delay(DelayTime): Delayed 2 second(s)

2020-06-04 19:41:40 - [MESSAGE][PASSED] - Delayed 2 second(s)

2020-06-04 19:41:40 - [TEST_STEP][PASSED] - sendKeys(NewInputNmField, Keys.chord(ENTER)): Keys 'ENTER + ' sent to object: 'Object Repository/Objects.HighlightElements/input_field'

2020-06-04 19:41:40 - [MESSAGE][PASSED] - Keys 'ENTER + ' sent to object: 'Object Repository/Objects.HighlightElements/input_field'

2020-06-04 19:41:40 - [TEST_STEP][PASSED] - ComboBoxValue = getAttribute(NewInputNmField, "value"): Attribute 'value' of object 'Object Repository/Objects.HighlightElements/input_field' is: 'Han Wann Kuang (WANNKUANG)'

2020-06-04 19:41:40 - [MESSAGE][PASSED] - Attribute 'value' of object 'Object Repository/Objects.HighlightElements/input_field' is: 'Han Wann Kuang (WANNKUANG)'

2020-06-04 19:41:40 - [TEST_STEP][PASSED] - callTestCase(findTestCase(CallTCName), ["FindValue":ComboBoxValue, "DropdownNm":comboNm], STOP_ON_FAILURE): Call Test Case 'Test Cases/PFI Precision and Scale/HashMap Tables/OfficerLists' successfully

2020-06-04 19:41:41 - [TEST_CASE][PASSED] - Test Cases/PFI Precision and Scale/HashMap Tables/OfficerLists: Test Cases/PFI Precision and Scale/HashMap Tables/OfficerLists

2020-06-04 19:41:41 - [TEST_STEP][PASSED] - Thread.sleep(1000): null

2020-06-04 19:41:42 - [TEST_STEP][PASSED] - OfficerLists = [1:"Aaron Sham Wai Lun (AARON)", 2:"Azidah Bte Akmad (Mdm) (USAABD)", 3:"Chung Fong Nyen (USACFN)", 4:"David Tey Dah Wei (DAHWEI)", ... ]: null

2020-06-04 19:41:42 - [TEST_STEP][PASSED] - ValueFound = OfficerLists.find({ -> ... }): null

2020-06-04 19:41:42 - [MESSAGE][PASSED] - Call Test Case 'Test Cases/PFI Precision and Scale/HashMap Tables/OfficerLists' successfully

2020-06-04 19:41:42 - [TEST_STEP][PASSED] - println(ValueFound): null

2020-06-04 19:41:42 - [TEST_STEP][PASSED] - sendKeys(NewInputNmField, Keys.chord(ARROW_DOWN)): Keys 'DOWN + ' sent to object: 'Object Repository/Objects.HighlightElements/input_field'

2020-06-04 19:41:42 - [MESSAGE][PASSED] - Keys 'DOWN + ' sent to object: 'Object Repository/Objects.HighlightElements/input_field'

2020-06-04 19:41:42 - [TEST_STEP][PASSED] - sendKeys(NewInputNmField, Keys.chord(ARROW_DOWN)): Keys 'DOWN + ' sent to object: 'Object Repository/Objects.HighlightElements/input_field'

2020-06-04 19:41:42 - [MESSAGE][PASSED] - Keys 'DOWN + ' sent to object: 'Object Repository/Objects.HighlightElements/input_field'

2020-06-04 19:41:42 - [TEST_STEP][PASSED] - delay(DelayTime): Delayed 2 second(s)

2020-06-04 19:41:44 - [MESSAGE][PASSED] - Delayed 2 second(s)

2020-06-04 19:41:44 - [TEST_STEP][PASSED] - sendKeys(NewInputNmField, Keys.chord(ENTER)): Keys 'ENTER + ' sent to object: 'Object Repository/Objects.HighlightElements/input_field'

2020-06-04 19:41:44 - [MESSAGE][PASSED] - Keys 'ENTER + ' sent to object: 'Object Repository/Objects.HighlightElements/input_field'

2020-06-04 19:41:44 - [TEST_STEP][PASSED] - ComboBoxValue = getAttribute(NewInputNmField, "value"): Attribute 'value' of object 'Object Repository/Objects.HighlightElements/input_field' is: 'Ho You Leong (YOULEONG)'

2020-06-04 19:41:44 - [MESSAGE][PASSED] - Attribute 'value' of object 'Object Repository/Objects.HighlightElements/input_field' is: 'Ho You Leong (YOULEONG)'

2020-06-04 19:41:44 - [TEST_STEP][PASSED] - callTestCase(findTestCase(CallTCName), ["FindValue":ComboBoxValue, "DropdownNm":comboNm], STOP_ON_FAILURE): Call Test Case 'Test Cases/PFI Precision and Scale/HashMap Tables/OfficerLists' successfully

2020-06-04 19:41:44 - [TEST_CASE][PASSED] - Test Cases/PFI Precision and Scale/HashMap Tables/OfficerLists: Test Cases/PFI Precision and Scale/HashMap Tables/OfficerLists

2020-06-04 19:41:44 - [TEST_STEP][PASSED] - Thread.sleep(1000): null

2020-06-04 19:41:45 - [TEST_STEP][PASSED] - OfficerLists = [1:"Aaron Sham Wai Lun (AARON)", 2:"Azidah Bte Akmad (Mdm) (USAABD)", 3:"Chung Fong Nyen (USACFN)", 4:"David Tey Dah Wei (DAHWEI)", ... ]: null

2020-06-04 19:41:45 - [TEST_STEP][PASSED] - ValueFound = OfficerLists.find({ -> ... }): null

2020-06-04 19:41:45 - [MESSAGE][PASSED] - Call Test Case 'Test Cases/PFI Precision and Scale/HashMap Tables/OfficerLists' successfully

2020-06-04 19:41:45 - [TEST_STEP][PASSED] - println(ValueFound): null

2020-06-04 19:41:45 - [TEST_STEP][PASSED] - sendKeys(NewInputNmField, Keys.chord(ARROW_DOWN)): Keys 'DOWN + ' sent to object: 'Object Repository/Objects.HighlightElements/input_field'

2020-06-04 19:41:45 - [MESSAGE][PASSED] - Keys 'DOWN + ' sent to object: 'Object Repository/Objects.HighlightElements/input_field'

2020-06-04 19:41:45 - [TEST_STEP][PASSED] - sendKeys(NewInputNmField, Keys.chord(ARROW_DOWN)): Keys 'DOWN + ' sent to object: 'Object Repository/Objects.HighlightElements/input_field'

2020-06-04 19:41:45 - [MESSAGE][PASSED] - Keys 'DOWN + ' sent to object: 'Object Repository/Objects.HighlightElements/input_field'

2020-06-04 19:41:45 - [TEST_STEP][PASSED] - delay(DelayTime): Delayed 2 second(s)

2020-06-04 19:41:48 - [MESSAGE][PASSED] - Delayed 2 second(s)

2020-06-04 19:41:48 - [TEST_STEP][PASSED] - sendKeys(NewInputNmField, Keys.chord(ENTER)): Keys 'ENTER + ' sent to object: 'Object Repository/Objects.HighlightElements/input_field'

2020-06-04 19:41:48 - [MESSAGE][PASSED] - Keys 'ENTER + ' sent to object: 'Object Repository/Objects.HighlightElements/input_field'

2020-06-04 19:41:48 - [TEST_STEP][PASSED] - ComboBoxValue = getAttribute(NewInputNmField, "value"): Attribute 'value' of object 'Object Repository/Objects.HighlightElements/input_field' is: 'Joseph Lim Pheng Weng (PHENGWENG)'

2020-06-04 19:41:48 - [MESSAGE][PASSED] - Attribute 'value' of object 'Object Repository/Objects.HighlightElements/input_field' is: 'Joseph Lim Pheng Weng (PHENGWENG)'

2020-06-04 19:41:48 - [TEST_STEP][PASSED] - callTestCase(findTestCase(CallTCName), ["FindValue":ComboBoxValue, "DropdownNm":comboNm], STOP_ON_FAILURE): Call Test Case 'Test Cases/PFI Precision and Scale/HashMap Tables/OfficerLists' successfully

2020-06-04 19:41:48 - [TEST_CASE][PASSED] - Test Cases/PFI Precision and Scale/HashMap Tables/OfficerLists: Test Cases/PFI Precision and Scale/HashMap Tables/OfficerLists

2020-06-04 19:41:48 - [TEST_STEP][PASSED] - Thread.sleep(1000): null

2020-06-04 19:41:49 - [TEST_STEP][PASSED] - OfficerLists = [1:"Aaron Sham Wai Lun (AARON)", 2:"Azidah Bte Akmad (Mdm) (USAABD)", 3:"Chung Fong Nyen (USACFN)", 4:"David Tey Dah Wei (DAHWEI)", ... ]: null

2020-06-04 19:41:49 - [TEST_STEP][PASSED] - ValueFound = OfficerLists.find({ -> ... }): null

2020-06-04 19:41:49 - [MESSAGE][PASSED] - Call Test Case 'Test Cases/PFI Precision and Scale/HashMap Tables/OfficerLists' successfully

2020-06-04 19:41:49 - [TEST_STEP][PASSED] - println(ValueFound): null

2020-06-04 19:41:49 - [TEST_STEP][PASSED] - sendKeys(NewInputNmField, Keys.chord(ARROW_DOWN)): Keys 'DOWN + ' sent to object: 'Object Repository/Objects.HighlightElements/input_field'

2020-06-04 19:41:49 - [MESSAGE][PASSED] - Keys 'DOWN + ' sent to object: 'Object Repository/Objects.HighlightElements/input_field'

2020-06-04 19:41:49 - [TEST_STEP][PASSED] - sendKeys(NewInputNmField, Keys.chord(ARROW_DOWN)): Keys 'DOWN + ' sent to object: 'Object Repository/Objects.HighlightElements/input_field'

2020-06-04 19:41:49 - [MESSAGE][PASSED] - Keys 'DOWN + ' sent to object: 'Object Repository/Objects.HighlightElements/input_field'

2020-06-04 19:41:49 - [TEST_STEP][PASSED] - delay(DelayTime): Delayed 2 second(s)

2020-06-04 19:41:51 - [MESSAGE][PASSED] - Delayed 2 second(s)

2020-06-04 19:41:51 - [TEST_STEP][PASSED] - sendKeys(NewInputNmField, Keys.chord(ENTER)): Keys 'ENTER + ' sent to object: 'Object Repository/Objects.HighlightElements/input_field'

2020-06-04 19:41:51 - [MESSAGE][PASSED] - Keys 'ENTER + ' sent to object: 'Object Repository/Objects.HighlightElements/input_field'

2020-06-04 19:41:51 - [TEST_STEP][PASSED] - ComboBoxValue = getAttribute(NewInputNmField, "value"): Attribute 'value' of object 'Object Repository/Objects.HighlightElements/input_field' is: 'Joyce Lee (USASLL)'

2020-06-04 19:41:51 - [MESSAGE][PASSED] - Attribute 'value' of object 'Object Repository/Objects.HighlightElements/input_field' is: 'Joyce Lee (USASLL)'

2020-06-04 19:41:51 - [TEST_STEP][PASSED] - callTestCase(findTestCase(CallTCName), ["FindValue":ComboBoxValue, "DropdownNm":comboNm], STOP_ON_FAILURE): Call Test Case 'Test Cases/PFI Precision and Scale/HashMap Tables/OfficerLists' successfully

2020-06-04 19:41:51 - [TEST_CASE][PASSED] - Test Cases/PFI Precision and Scale/HashMap Tables/OfficerLists: Test Cases/PFI Precision and Scale/HashMap Tables/OfficerLists

2020-06-04 19:41:51 - [TEST_STEP][PASSED] - Thread.sleep(1000): null

2020-06-04 19:41:52 - [TEST_STEP][PASSED] - OfficerLists = [1:"Aaron Sham Wai Lun (AARON)", 2:"Azidah Bte Akmad (Mdm) (USAABD)", 3:"Chung Fong Nyen (USACFN)", 4:"David Tey Dah Wei (DAHWEI)", ... ]: null

2020-06-04 19:41:52 - [TEST_STEP][PASSED] - ValueFound = OfficerLists.find({ -> ... }): null

2020-06-04 19:41:52 - [MESSAGE][PASSED] - Call Test Case 'Test Cases/PFI Precision and Scale/HashMap Tables/OfficerLists' successfully

2020-06-04 19:41:52 - [TEST_STEP][PASSED] - println(ValueFound): null

2020-06-04 19:41:52 - [TEST_STEP][PASSED] - sendKeys(NewInputNmField, Keys.chord(ARROW_DOWN)): Keys 'DOWN + ' sent to object: 'Object Repository/Objects.HighlightElements/input_field'

2020-06-04 19:41:52 - [MESSAGE][PASSED] - Keys 'DOWN + ' sent to object: 'Object Repository/Objects.HighlightElements/input_field'

2020-06-04 19:41:52 - [TEST_STEP][PASSED] - sendKeys(NewInputNmField, Keys.chord(ARROW_DOWN)): Keys 'DOWN + ' sent to object: 'Object Repository/Objects.HighlightElements/input_field'

2020-06-04 19:41:52 - [MESSAGE][PASSED] - Keys 'DOWN + ' sent to object: 'Object Repository/Objects.HighlightElements/input_field'

2020-06-04 19:41:52 - [TEST_STEP][PASSED] - delay(DelayTime): Delayed 2 second(s)

2020-06-04 19:41:54 - [MESSAGE][PASSED] - Delayed 2 second(s)

2020-06-04 19:41:54 - [TEST_STEP][PASSED] - sendKeys(NewInputNmField, Keys.chord(ENTER)): Keys 'ENTER + ' sent to object: 'Object Repository/Objects.HighlightElements/input_field'

2020-06-04 19:41:54 - [MESSAGE][PASSED] - Keys 'ENTER + ' sent to object: 'Object Repository/Objects.HighlightElements/input_field'

2020-06-04 19:41:54 - [TEST_STEP][PASSED] - ComboBoxValue = getAttribute(NewInputNmField, "value"): Attribute 'value' of object 'Object Repository/Objects.HighlightElements/input_field' is: 'Kaliannan Thanabal (KALIANN)'

2020-06-04 19:41:54 - [MESSAGE][PASSED] - Attribute 'value' of object 'Object Repository/Objects.HighlightElements/input_field' is: 'Kaliannan Thanabal (KALIANN)'

2020-06-04 19:41:54 - [TEST_STEP][PASSED] - callTestCase(findTestCase(CallTCName), ["FindValue":ComboBoxValue, "DropdownNm":comboNm], STOP_ON_FAILURE): Call Test Case 'Test Cases/PFI Precision and Scale/HashMap Tables/OfficerLists' successfully

2020-06-04 19:41:54 - [TEST_CASE][PASSED] - Test Cases/PFI Precision and Scale/HashMap Tables/OfficerLists: Test Cases/PFI Precision and Scale/HashMap Tables/OfficerLists

2020-06-04 19:41:54 - [TEST_STEP][PASSED] - Thread.sleep(1000): null

2020-06-04 19:41:55 - [TEST_STEP][PASSED] - OfficerLists = [1:"Aaron Sham Wai Lun (AARON)", 2:"Azidah Bte Akmad (Mdm) (USAABD)", 3:"Chung Fong Nyen (USACFN)", 4:"David Tey Dah Wei (DAHWEI)", ... ]: null

2020-06-04 19:41:55 - [TEST_STEP][PASSED] - ValueFound = OfficerLists.find({ -> ... }): null

2020-06-04 19:41:55 - [MESSAGE][PASSED] - Call Test Case 'Test Cases/PFI Precision and Scale/HashMap Tables/OfficerLists' successfully

2020-06-04 19:41:55 - [TEST_STEP][PASSED] - println(ValueFound): null

2020-06-04 19:41:55 - [TEST_STEP][PASSED] - sendKeys(NewInputNmField, Keys.chord(ARROW_DOWN)): Keys 'DOWN + ' sent to object: 'Object Repository/Objects.HighlightElements/input_field'

2020-06-04 19:41:55 - [MESSAGE][PASSED] - Keys 'DOWN + ' sent to object: 'Object Repository/Objects.HighlightElements/input_field'

2020-06-04 19:41:55 - [TEST_STEP][PASSED] - sendKeys(NewInputNmField, Keys.chord(ARROW_DOWN)): Keys 'DOWN + ' sent to object: 'Object Repository/Objects.HighlightElements/input_field'

2020-06-04 19:41:55 - [MESSAGE][PASSED] - Keys 'DOWN + ' sent to object: 'Object Repository/Objects.HighlightElements/input_field'

2020-06-04 19:41:55 - [TEST_STEP][PASSED] - delay(DelayTime): Delayed 2 second(s)

2020-06-04 19:41:57 - [MESSAGE][PASSED] - Delayed 2 second(s)

2020-06-04 19:41:57 - [TEST_STEP][PASSED] - sendKeys(NewInputNmField, Keys.chord(ENTER)): Keys 'ENTER + ' sent to object: 'Object Repository/Objects.HighlightElements/input_field'

2020-06-04 19:41:57 - [MESSAGE][PASSED] - Keys 'ENTER + ' sent to object: 'Object Repository/Objects.HighlightElements/input_field'

2020-06-04 19:41:57 - [TEST_STEP][PASSED] - ComboBoxValue = getAttribute(NewInputNmField, "value"): Attribute 'value' of object 'Object Repository/Objects.HighlightElements/input_field' is: 'Lim Beng Kwee (BENGKWEE)'

2020-06-04 19:41:57 - [MESSAGE][PASSED] - Attribute 'value' of object 'Object Repository/Objects.HighlightElements/input_field' is: 'Lim Beng Kwee (BENGKWEE)'

2020-06-04 19:41:57 - [TEST_STEP][PASSED] - callTestCase(findTestCase(CallTCName), ["FindValue":ComboBoxValue, "DropdownNm":comboNm], STOP_ON_FAILURE): Call Test Case 'Test Cases/PFI Precision and Scale/HashMap Tables/OfficerLists' successfully

2020-06-04 19:41:57 - [TEST_CASE][PASSED] - Test Cases/PFI Precision and Scale/HashMap Tables/OfficerLists: Test Cases/PFI Precision and Scale/HashMap Tables/OfficerLists

2020-06-04 19:41:57 - [TEST_STEP][PASSED] - Thread.sleep(1000): null

2020-06-04 19:41:58 - [TEST_STEP][PASSED] - OfficerLists = [1:"Aaron Sham Wai Lun (AARON)", 2:"Azidah Bte Akmad (Mdm) (USAABD)", 3:"Chung Fong Nyen (USACFN)", 4:"David Tey Dah Wei (DAHWEI)", ... ]: null

2020-06-04 19:41:58 - [TEST_STEP][PASSED] - ValueFound = OfficerLists.find({ -> ... }): null

2020-06-04 19:41:58 - [MESSAGE][PASSED] - Call Test Case 'Test Cases/PFI Precision and Scale/HashMap Tables/OfficerLists' successfully

2020-06-04 19:41:58 - [TEST_STEP][PASSED] - println(ValueFound): null

2020-06-04 19:41:58 - [TEST_STEP][PASSED] - sendKeys(NewInputNmField, Keys.chord(ARROW_DOWN)): Keys 'DOWN + ' sent to object: 'Object Repository/Objects.HighlightElements/input_field'

2020-06-04 19:41:58 - [MESSAGE][PASSED] - Keys 'DOWN + ' sent to object: 'Object Repository/Objects.HighlightElements/input_field'

2020-06-04 19:41:58 - [TEST_STEP][PASSED] - sendKeys(NewInputNmField, Keys.chord(ARROW_DOWN)): Keys 'DOWN + ' sent to object: 'Object Repository/Objects.HighlightElements/input_field'

2020-06-04 19:41:59 - [MESSAGE][PASSED] - Keys 'DOWN + ' sent to object: 'Object Repository/Objects.HighlightElements/input_field'

2020-06-04 19:41:59 - [TEST_STEP][PASSED] - delay(DelayTime): Delayed 2 second(s)

2020-06-04 19:42:01 - [MESSAGE][PASSED] - Delayed 2 second(s)

2020-06-04 19:42:01 - [TEST_STEP][PASSED] - sendKeys(NewInputNmField, Keys.chord(ENTER)): Keys 'ENTER + ' sent to object: 'Object Repository/Objects.HighlightElements/input_field'

2020-06-04 19:42:01 - [MESSAGE][PASSED] - Keys 'ENTER + ' sent to object: 'Object Repository/Objects.HighlightElements/input_field'

2020-06-04 19:42:01 - [TEST_STEP][PASSED] - ComboBoxValue = getAttribute(NewInputNmField, "value"): Attribute 'value' of object 'Object Repository/Objects.HighlightElements/input_field' is: 'Lim Leng Boon (LENGBOON)'

2020-06-04 19:42:01 - [MESSAGE][PASSED] - Attribute 'value' of object 'Object Repository/Objects.HighlightElements/input_field' is: 'Lim Leng Boon (LENGBOON)'

2020-06-04 19:42:01 - [TEST_STEP][PASSED] - callTestCase(findTestCase(CallTCName), ["FindValue":ComboBoxValue, "DropdownNm":comboNm], STOP_ON_FAILURE): Call Test Case 'Test Cases/PFI Precision and Scale/HashMap Tables/OfficerLists' successfully

2020-06-04 19:42:01 - [TEST_CASE][PASSED] - Test Cases/PFI Precision and Scale/HashMap Tables/OfficerLists: Test Cases/PFI Precision and Scale/HashMap Tables/OfficerLists

2020-06-04 19:42:01 - [TEST_STEP][PASSED] - Thread.sleep(1000): null

2020-06-04 19:42:02 - [TEST_STEP][PASSED] - OfficerLists = [1:"Aaron Sham Wai Lun (AARON)", 2:"Azidah Bte Akmad (Mdm) (USAABD)", 3:"Chung Fong Nyen (USACFN)", 4:"David Tey Dah Wei (DAHWEI)", ... ]: null

2020-06-04 19:42:02 - [TEST_STEP][PASSED] - ValueFound = OfficerLists.find({ -> ... }): null

2020-06-04 19:42:02 - [MESSAGE][PASSED] - Call Test Case 'Test Cases/PFI Precision and Scale/HashMap Tables/OfficerLists' successfully

2020-06-04 19:42:02 - [TEST_STEP][PASSED] - println(ValueFound): null

2020-06-04 19:42:02 - [TEST_STEP][PASSED] - sendKeys(NewInputNmField, Keys.chord(ARROW_DOWN)): Keys 'DOWN + ' sent to object: 'Object Repository/Objects.HighlightElements/input_field'

2020-06-04 19:42:02 - [MESSAGE][PASSED] - Keys 'DOWN + ' sent to object: 'Object Repository/Objects.HighlightElements/input_field'

2020-06-04 19:42:02 - [TEST_STEP][PASSED] - sendKeys(NewInputNmField, Keys.chord(ARROW_DOWN)): Keys 'DOWN + ' sent to object: 'Object Repository/Objects.HighlightElements/input_field'

2020-06-04 19:42:02 - [MESSAGE][PASSED] - Keys 'DOWN + ' sent to object: 'Object Repository/Objects.HighlightElements/input_field'

2020-06-04 19:42:02 - [TEST_STEP][PASSED] - delay(DelayTime): Delayed 2 second(s)

2020-06-04 19:42:04 - [MESSAGE][PASSED] - Delayed 2 second(s)

2020-06-04 19:42:04 - [TEST_STEP][PASSED] - sendKeys(NewInputNmField, Keys.chord(ENTER)): Keys 'ENTER + ' sent to object: 'Object Repository/Objects.HighlightElements/input_field'

2020-06-04 19:42:04 - [MESSAGE][PASSED] - Keys 'ENTER + ' sent to object: 'Object Repository/Objects.HighlightElements/input_field'

2020-06-04 19:42:04 - [TEST_STEP][PASSED] - ComboBoxValue = getAttribute(NewInputNmField, "value"): Attribute 'value' of object 'Object Repository/Objects.HighlightElements/input_field' is: 'Loh Lee Fong (LEEFONG)'

2020-06-04 19:42:04 - [MESSAGE][PASSED] - Attribute 'value' of object 'Object Repository/Objects.HighlightElements/input_field' is: 'Loh Lee Fong (LEEFONG)'

2020-06-04 19:42:04 - [TEST_STEP][PASSED] - callTestCase(findTestCase(CallTCName), ["FindValue":ComboBoxValue, "DropdownNm":comboNm], STOP_ON_FAILURE): Call Test Case 'Test Cases/PFI Precision and Scale/HashMap Tables/OfficerLists' successfully

2020-06-04 19:42:04 - [TEST_CASE][PASSED] - Test Cases/PFI Precision and Scale/HashMap Tables/OfficerLists: Test Cases/PFI Precision and Scale/HashMap Tables/OfficerLists

2020-06-04 19:42:04 - [TEST_STEP][PASSED] - Thread.sleep(1000): null

2020-06-04 19:42:05 - [TEST_STEP][PASSED] - OfficerLists = [1:"Aaron Sham Wai Lun (AARON)", 2:"Azidah Bte Akmad (Mdm) (USAABD)", 3:"Chung Fong Nyen (USACFN)", 4:"David Tey Dah Wei (DAHWEI)", ... ]: null

2020-06-04 19:42:05 - [TEST_STEP][PASSED] - ValueFound = OfficerLists.find({ -> ... }): null

2020-06-04 19:42:05 - [MESSAGE][PASSED] - Call Test Case 'Test Cases/PFI Precision and Scale/HashMap Tables/OfficerLists' successfully

2020-06-04 19:42:05 - [TEST_STEP][PASSED] - println(ValueFound): null

2020-06-04 19:42:05 - [TEST_STEP][PASSED] - sendKeys(NewInputNmField, Keys.chord(ARROW_DOWN)): Keys 'DOWN + ' sent to object: 'Object Repository/Objects.HighlightElements/input_field'

2020-06-04 19:42:05 - [MESSAGE][PASSED] - Keys 'DOWN + ' sent to object: 'Object Repository/Objects.HighlightElements/input_field'

2020-06-04 19:42:05 - [TEST_STEP][PASSED] - sendKeys(NewInputNmField, Keys.chord(ARROW_DOWN)): Keys 'DOWN + ' sent to object: 'Object Repository/Objects.HighlightElements/input_field'

2020-06-04 19:42:05 - [MESSAGE][PASSED] - Keys 'DOWN + ' sent to object: 'Object Repository/Objects.HighlightElements/input_field'

2020-06-04 19:42:05 - [TEST_STEP][PASSED] - delay(DelayTime): Delayed 2 second(s)

2020-06-04 19:42:07 - [MESSAGE][PASSED] - Delayed 2 second(s)

2020-06-04 19:42:07 - [TEST_STEP][PASSED] - sendKeys(NewInputNmField, Keys.chord(ENTER)): Keys 'ENTER + ' sent to object: 'Object Repository/Objects.HighlightElements/input_field'

2020-06-04 19:42:07 - [MESSAGE][PASSED] - Keys 'ENTER + ' sent to object: 'Object Repository/Objects.HighlightElements/input_field'

2020-06-04 19:42:07 - [TEST_STEP][PASSED] - ComboBoxValue = getAttribute(NewInputNmField, "value"): Attribute 'value' of object 'Object Repository/Objects.HighlightElements/input_field' is: 'Lu Ji Ju (Mdm) (USALJJ)'

2020-06-04 19:42:07 - [MESSAGE][PASSED] - Attribute 'value' of object 'Object Repository/Objects.HighlightElements/input_field' is: 'Lu Ji Ju (Mdm) (USALJJ)'

2020-06-04 19:42:07 - [TEST_STEP][PASSED] - callTestCase(findTestCase(CallTCName), ["FindValue":ComboBoxValue, "DropdownNm":comboNm], STOP_ON_FAILURE): Call Test Case 'Test Cases/PFI Precision and Scale/HashMap Tables/OfficerLists' successfully

2020-06-04 19:42:07 - [TEST_CASE][PASSED] - Test Cases/PFI Precision and Scale/HashMap Tables/OfficerLists: Test Cases/PFI Precision and Scale/HashMap Tables/OfficerLists

2020-06-04 19:42:07 - [TEST_STEP][PASSED] - Thread.sleep(1000): null

2020-06-04 19:42:08 - [TEST_STEP][PASSED] - OfficerLists = [1:"Aaron Sham Wai Lun (AARON)", 2:"Azidah Bte Akmad (Mdm) (USAABD)", 3:"Chung Fong Nyen (USACFN)", 4:"David Tey Dah Wei (DAHWEI)", ... ]: null

2020-06-04 19:42:08 - [TEST_STEP][PASSED] - ValueFound = OfficerLists.find({ -> ... }): null

2020-06-04 19:42:08 - [MESSAGE][PASSED] - Call Test Case 'Test Cases/PFI Precision and Scale/HashMap Tables/OfficerLists' successfully

2020-06-04 19:42:08 - [TEST_STEP][PASSED] - println(ValueFound): null

2020-06-04 19:42:08 - [TEST_STEP][PASSED] - sendKeys(NewInputNmField, Keys.chord(ARROW_DOWN)): Keys 'DOWN + ' sent to object: 'Object Repository/Objects.HighlightElements/input_field'

2020-06-04 19:42:08 - [MESSAGE][PASSED] - Keys 'DOWN + ' sent to object: 'Object Repository/Objects.HighlightElements/input_field'

2020-06-04 19:42:08 - [TEST_STEP][PASSED] - sendKeys(NewInputNmField, Keys.chord(ARROW_DOWN)): Keys 'DOWN + ' sent to object: 'Object Repository/Objects.HighlightElements/input_field'

2020-06-04 19:42:08 - [MESSAGE][PASSED] - Keys 'DOWN + ' sent to object: 'Object Repository/Objects.HighlightElements/input_field'

2020-06-04 19:42:08 - [TEST_STEP][PASSED] - delay(DelayTime): Delayed 2 second(s)

2020-06-04 19:42:10 - [MESSAGE][PASSED] - Delayed 2 second(s)

2020-06-04 19:42:10 - [TEST_STEP][PASSED] - sendKeys(NewInputNmField, Keys.chord(ENTER)): Keys 'ENTER + ' sent to object: 'Object Repository/Objects.HighlightElements/input_field'

2020-06-04 19:42:10 - [MESSAGE][PASSED] - Keys 'ENTER + ' sent to object: 'Object Repository/Objects.HighlightElements/input_field'

2020-06-04 19:42:10 - [TEST_STEP][PASSED] - ComboBoxValue = getAttribute(NewInputNmField, "value"): Attribute 'value' of object 'Object Repository/Objects.HighlightElements/input_field' is: 'Mohd Jeffri Bin Abdul Rahim (MOHDJEFFRI)'

2020-06-04 19:42:10 - [MESSAGE][PASSED] - Attribute 'value' of object 'Object Repository/Objects.HighlightElements/input_field' is: 'Mohd Jeffri Bin Abdul Rahim (MOHDJEFFRI)'

2020-06-04 19:42:10 - [TEST_STEP][PASSED] - callTestCase(findTestCase(CallTCName), ["FindValue":ComboBoxValue, "DropdownNm":comboNm], STOP_ON_FAILURE): Call Test Case 'Test Cases/PFI Precision and Scale/HashMap Tables/OfficerLists' successfully

2020-06-04 19:42:10 - [TEST_CASE][PASSED] - Test Cases/PFI Precision and Scale/HashMap Tables/OfficerLists: Test Cases/PFI Precision and Scale/HashMap Tables/OfficerLists

2020-06-04 19:42:10 - [TEST_STEP][PASSED] - Thread.sleep(1000): null

2020-06-04 19:42:11 - [TEST_STEP][PASSED] - OfficerLists = [1:"Aaron Sham Wai Lun (AARON)", 2:"Azidah Bte Akmad (Mdm) (USAABD)", 3:"Chung Fong Nyen (USACFN)", 4:"David Tey Dah Wei (DAHWEI)", ... ]: null

2020-06-04 19:42:11 - [TEST_STEP][PASSED] - ValueFound = OfficerLists.find({ -> ... }): null

2020-06-04 19:42:11 - [MESSAGE][PASSED] - Call Test Case 'Test Cases/PFI Precision and Scale/HashMap Tables/OfficerLists' successfully

2020-06-04 19:42:11 - [TEST_STEP][PASSED] - println(ValueFound): null

2020-06-04 19:42:11 - [TEST_STEP][PASSED] - sendKeys(NewInputNmField, Keys.chord(ARROW_DOWN)): Keys 'DOWN + ' sent to object: 'Object Repository/Objects.HighlightElements/input_field'

2020-06-04 19:42:11 - [MESSAGE][PASSED] - Keys 'DOWN + ' sent to object: 'Object Repository/Objects.HighlightElements/input_field'

2020-06-04 19:42:11 - [TEST_STEP][PASSED] - sendKeys(NewInputNmField, Keys.chord(ARROW_DOWN)): Keys 'DOWN + ' sent to object: 'Object Repository/Objects.HighlightElements/input_field'

2020-06-04 19:42:11 - [MESSAGE][PASSED] - Keys 'DOWN + ' sent to object: 'Object Repository/Objects.HighlightElements/input_field'

2020-06-04 19:42:11 - [TEST_STEP][PASSED] - delay(DelayTime): Delayed 2 second(s)

2020-06-04 19:42:13 - [MESSAGE][PASSED] - Delayed 2 second(s)

2020-06-04 19:42:13 - [TEST_STEP][PASSED] - sendKeys(NewInputNmField, Keys.chord(ENTER)): Keys 'ENTER + ' sent to object: 'Object Repository/Objects.HighlightElements/input_field'

2020-06-04 19:42:13 - [MESSAGE][PASSED] - Keys 'ENTER + ' sent to object: 'Object Repository/Objects.HighlightElements/input_field'

2020-06-04 19:42:13 - [TEST_STEP][PASSED] - ComboBoxValue = getAttribute(NewInputNmField, "value"): Attribute 'value' of object 'Object Repository/Objects.HighlightElements/input_field' is: 'Mohd Jumat Bin Haji Mohd Hassan (MOHDJUMAT)'

2020-06-04 19:42:13 - [MESSAGE][PASSED] - Attribute 'value' of object 'Object Repository/Objects.HighlightElements/input_field' is: 'Mohd Jumat Bin Haji Mohd Hassan (MOHDJUMAT)'

2020-06-04 19:42:13 - [TEST_STEP][PASSED] - callTestCase(findTestCase(CallTCName), ["FindValue":ComboBoxValue, "DropdownNm":comboNm], STOP_ON_FAILURE): Call Test Case 'Test Cases/PFI Precision and Scale/HashMap Tables/OfficerLists' successfully

2020-06-04 19:42:14 - [TEST_CASE][PASSED] - Test Cases/PFI Precision and Scale/HashMap Tables/OfficerLists: Test Cases/PFI Precision and Scale/HashMap Tables/OfficerLists

2020-06-04 19:42:14 - [TEST_STEP][PASSED] - Thread.sleep(1000): null

2020-06-04 19:42:15 - [TEST_STEP][PASSED] - OfficerLists = [1:"Aaron Sham Wai Lun (AARON)", 2:"Azidah Bte Akmad (Mdm) (USAABD)", 3:"Chung Fong Nyen (USACFN)", 4:"David Tey Dah Wei (DAHWEI)", ... ]: null

2020-06-04 19:42:15 - [TEST_STEP][PASSED] - ValueFound = OfficerLists.find({ -> ... }): null

2020-06-04 19:42:15 - [MESSAGE][PASSED] - Call Test Case 'Test Cases/PFI Precision and Scale/HashMap Tables/OfficerLists' successfully

2020-06-04 19:42:15 - [TEST_STEP][PASSED] - println(ValueFound): null

2020-06-04 19:42:15 - [TEST_STEP][PASSED] - sendKeys(NewInputNmField, Keys.chord(ARROW_DOWN)): Keys 'DOWN + ' sent to object: 'Object Repository/Objects.HighlightElements/input_field'

2020-06-04 19:42:15 - [MESSAGE][PASSED] - Keys 'DOWN + ' sent to object: 'Object Repository/Objects.HighlightElements/input_field'

2020-06-04 19:42:15 - [TEST_STEP][PASSED] - sendKeys(NewInputNmField, Keys.chord(ARROW_DOWN)): Keys 'DOWN + ' sent to object: 'Object Repository/Objects.HighlightElements/input_field'

2020-06-04 19:42:15 - [MESSAGE][PASSED] - Keys 'DOWN + ' sent to object: 'Object Repository/Objects.HighlightElements/input_field'

2020-06-04 19:42:15 - [TEST_STEP][PASSED] - delay(DelayTime): Delayed 2 second(s)

2020-06-04 19:42:17 - [MESSAGE][PASSED] - Delayed 2 second(s)

2020-06-04 19:42:17 - [TEST_STEP][PASSED] - sendKeys(NewInputNmField, Keys.chord(ENTER)): Keys 'ENTER + ' sent to object: 'Object Repository/Objects.HighlightElements/input_field'

2020-06-04 19:42:17 - [MESSAGE][PASSED] - Keys 'ENTER + ' sent to object: 'Object Repository/Objects.HighlightElements/input_field'

2020-06-04 19:42:17 - [TEST_STEP][PASSED] - ComboBoxValue = getAttribute(NewInputNmField, "value"): Attribute 'value' of object 'Object Repository/Objects.HighlightElements/input_field' is: 'Ng Seh Luh (USANSL)'

2020-06-04 19:42:17 - [MESSAGE][PASSED] - Attribute 'value' of object 'Object Repository/Objects.HighlightElements/input_field' is: 'Ng Seh Luh (USANSL)'

2020-06-04 19:42:17 - [TEST_STEP][PASSED] - callTestCase(findTestCase(CallTCName), ["FindValue":ComboBoxValue, "DropdownNm":comboNm], STOP_ON_FAILURE): Call Test Case 'Test Cases/PFI Precision and Scale/HashMap Tables/OfficerLists' successfully

2020-06-04 19:42:17 - [TEST_CASE][PASSED] - Test Cases/PFI Precision and Scale/HashMap Tables/OfficerLists: Test Cases/PFI Precision and Scale/HashMap Tables/OfficerLists

2020-06-04 19:42:17 - [TEST_STEP][PASSED] - Thread.sleep(1000): null

2020-06-04 19:42:18 - [TEST_STEP][PASSED] - OfficerLists = [1:"Aaron Sham Wai Lun (AARON)", 2:"Azidah Bte Akmad (Mdm) (USAABD)", 3:"Chung Fong Nyen (USACFN)", 4:"David Tey Dah Wei (DAHWEI)", ... ]: null

2020-06-04 19:42:18 - [TEST_STEP][PASSED] - ValueFound = OfficerLists.find({ -> ... }): null

2020-06-04 19:42:18 - [MESSAGE][PASSED] - Call Test Case 'Test Cases/PFI Precision and Scale/HashMap Tables/OfficerLists' successfully

2020-06-04 19:42:18 - [TEST_STEP][PASSED] - println(ValueFound): null

2020-06-04 19:42:18 - [TEST_STEP][PASSED] - sendKeys(NewInputNmField, Keys.chord(ARROW_DOWN)): Keys 'DOWN + ' sent to object: 'Object Repository/Objects.HighlightElements/input_field'

2020-06-04 19:42:18 - [MESSAGE][PASSED] - Keys 'DOWN + ' sent to object: 'Object Repository/Objects.HighlightElements/input_field'

2020-06-04 19:42:18 - [TEST_STEP][PASSED] - sendKeys(NewInputNmField, Keys.chord(ARROW_DOWN)): Keys 'DOWN + ' sent to object: 'Object Repository/Objects.HighlightElements/input_field'

2020-06-04 19:42:18 - [MESSAGE][PASSED] - Keys 'DOWN + ' sent to object: 'Object Repository/Objects.HighlightElements/input_field'

2020-06-04 19:42:18 - [TEST_STEP][PASSED] - delay(DelayTime): Delayed 2 second(s)

2020-06-04 19:42:20 - [MESSAGE][PASSED] - Delayed 2 second(s)

2020-06-04 19:42:20 - [TEST_STEP][PASSED] - sendKeys(NewInputNmField, Keys.chord(ENTER)): Keys 'ENTER + ' sent to object: 'Object Repository/Objects.HighlightElements/input_field'

2020-06-04 19:42:20 - [MESSAGE][PASSED] - Keys 'ENTER + ' sent to object: 'Object Repository/Objects.HighlightElements/input_field'

2020-06-04 19:42:20 - [TEST_STEP][PASSED] - ComboBoxValue = getAttribute(NewInputNmField, "value"): Attribute 'value' of object 'Object Repository/Objects.HighlightElements/input_field' is: 'Richard Lim Fang Ping (FANGPING)'

2020-06-04 19:42:20 - [MESSAGE][PASSED] - Attribute 'value' of object 'Object Repository/Objects.HighlightElements/input_field' is: 'Richard Lim Fang Ping (FANGPING)'

2020-06-04 19:42:20 - [TEST_STEP][PASSED] - callTestCase(findTestCase(CallTCName), ["FindValue":ComboBoxValue, "DropdownNm":comboNm], STOP_ON_FAILURE): Call Test Case 'Test Cases/PFI Precision and Scale/HashMap Tables/OfficerLists' successfully

2020-06-04 19:42:20 - [TEST_CASE][PASSED] - Test Cases/PFI Precision and Scale/HashMap Tables/OfficerLists: Test Cases/PFI Precision and Scale/HashMap Tables/OfficerLists

2020-06-04 19:42:20 - [TEST_STEP][PASSED] - Thread.sleep(1000): null

2020-06-04 19:42:21 - [TEST_STEP][PASSED] - OfficerLists = [1:"Aaron Sham Wai Lun (AARON)", 2:"Azidah Bte Akmad (Mdm) (USAABD)", 3:"Chung Fong Nyen (USACFN)", 4:"David Tey Dah Wei (DAHWEI)", ... ]: null

2020-06-04 19:42:21 - [TEST_STEP][PASSED] - ValueFound = OfficerLists.find({ -> ... }): null

2020-06-04 19:42:21 - [MESSAGE][PASSED] - Call Test Case 'Test Cases/PFI Precision and Scale/HashMap Tables/OfficerLists' successfully

2020-06-04 19:42:21 - [TEST_STEP][PASSED] - println(ValueFound): null

2020-06-04 19:42:21 - [TEST_STEP][PASSED] - sendKeys(NewInputNmField, Keys.chord(ARROW_DOWN)): Keys 'DOWN + ' sent to object: 'Object Repository/Objects.HighlightElements/input_field'

2020-06-04 19:42:21 - [MESSAGE][PASSED] - Keys 'DOWN + ' sent to object: 'Object Repository/Objects.HighlightElements/input_field'

2020-06-04 19:42:21 - [TEST_STEP][PASSED] - sendKeys(NewInputNmField, Keys.chord(ARROW_DOWN)): Keys 'DOWN + ' sent to object: 'Object Repository/Objects.HighlightElements/input_field'

2020-06-04 19:42:21 - [MESSAGE][PASSED] - Keys 'DOWN + ' sent to object: 'Object Repository/Objects.HighlightElements/input_field'

2020-06-04 19:42:21 - [TEST_STEP][PASSED] - delay(DelayTime): Delayed 2 second(s)

2020-06-04 19:42:23 - [MESSAGE][PASSED] - Delayed 2 second(s)

2020-06-04 19:42:23 - [TEST_STEP][PASSED] - sendKeys(NewInputNmField, Keys.chord(ENTER)): Keys 'ENTER + ' sent to object: 'Object Repository/Objects.HighlightElements/input_field'

2020-06-04 19:42:23 - [MESSAGE][PASSED] - Keys 'ENTER + ' sent to object: 'Object Repository/Objects.HighlightElements/input_field'

2020-06-04 19:42:23 - [TEST_STEP][PASSED] - ComboBoxValue = getAttribute(NewInputNmField, "value"): Attribute 'value' of object 'Object Repository/Objects.HighlightElements/input_field' is: 'RITA WONG SIONG ING (RITAWONG)'

2020-06-04 19:42:23 - [MESSAGE][PASSED] - Attribute 'value' of object 'Object Repository/Objects.HighlightElements/input_field' is: 'RITA WONG SIONG ING (RITAWONG)'

2020-06-04 19:42:23 - [TEST_STEP][PASSED] - callTestCase(findTestCase(CallTCName), ["FindValue":ComboBoxValue, "DropdownNm":comboNm], STOP_ON_FAILURE): Call Test Case 'Test Cases/PFI Precision and Scale/HashMap Tables/OfficerLists' successfully

2020-06-04 19:42:23 - [TEST_CASE][PASSED] - Test Cases/PFI Precision and Scale/HashMap Tables/OfficerLists: Test Cases/PFI Precision and Scale/HashMap Tables/OfficerLists

2020-06-04 19:42:23 - [TEST_STEP][PASSED] - Thread.sleep(1000): null

2020-06-04 19:42:24 - [TEST_STEP][PASSED] - OfficerLists = [1:"Aaron Sham Wai Lun (AARON)", 2:"Azidah Bte Akmad (Mdm) (USAABD)", 3:"Chung Fong Nyen (USACFN)", 4:"David Tey Dah Wei (DAHWEI)", ... ]: null

2020-06-04 19:42:24 - [TEST_STEP][PASSED] - ValueFound = OfficerLists.find({ -> ... }): null

2020-06-04 19:42:24 - [MESSAGE][PASSED] - Call Test Case 'Test Cases/PFI Precision and Scale/HashMap Tables/OfficerLists' successfully

2020-06-04 19:42:24 - [TEST_STEP][PASSED] - println(ValueFound): null

2020-06-04 19:42:24 - [TEST_STEP][PASSED] - sendKeys(NewInputNmField, Keys.chord(ARROW_DOWN)): Keys 'DOWN + ' sent to object: 'Object Repository/Objects.HighlightElements/input_field'

2020-06-04 19:42:24 - [MESSAGE][PASSED] - Keys 'DOWN + ' sent to object: 'Object Repository/Objects.HighlightElements/input_field'

2020-06-04 19:42:24 - [TEST_STEP][PASSED] - sendKeys(NewInputNmField, Keys.chord(ARROW_DOWN)): Keys 'DOWN + ' sent to object: 'Object Repository/Objects.HighlightElements/input_field'

2020-06-04 19:42:24 - [MESSAGE][PASSED] - Keys 'DOWN + ' sent to object: 'Object Repository/Objects.HighlightElements/input_field'

2020-06-04 19:42:24 - [TEST_STEP][PASSED] - delay(DelayTime): Delayed 2 second(s)

2020-06-04 19:42:26 - [MESSAGE][PASSED] - Delayed 2 second(s)

2020-06-04 19:42:26 - [TEST_STEP][PASSED] - sendKeys(NewInputNmField, Keys.chord(ENTER)): Keys 'ENTER + ' sent to object: 'Object Repository/Objects.HighlightElements/input_field'

2020-06-04 19:42:26 - [MESSAGE][PASSED] - Keys 'ENTER + ' sent to object: 'Object Repository/Objects.HighlightElements/input_field'

2020-06-04 19:42:26 - [TEST_STEP][PASSED] - ComboBoxValue = getAttribute(NewInputNmField, "value"): Attribute 'value' of object 'Object Repository/Objects.HighlightElements/input_field' is: 'Shi Hong Wei (HONGWEI)'

2020-06-04 19:42:26 - [MESSAGE][PASSED] - Attribute 'value' of object 'Object Repository/Objects.HighlightElements/input_field' is: 'Shi Hong Wei (HONGWEI)'

2020-06-04 19:42:26 - [TEST_STEP][PASSED] - callTestCase(findTestCase(CallTCName), ["FindValue":ComboBoxValue, "DropdownNm":comboNm], STOP_ON_FAILURE): Call Test Case 'Test Cases/PFI Precision and Scale/HashMap Tables/OfficerLists' successfully

2020-06-04 19:42:26 - [TEST_CASE][PASSED] - Test Cases/PFI Precision and Scale/HashMap Tables/OfficerLists: Test Cases/PFI Precision and Scale/HashMap Tables/OfficerLists

2020-06-04 19:42:26 - [TEST_STEP][PASSED] - Thread.sleep(1000): null

2020-06-04 19:42:27 - [TEST_STEP][PASSED] - OfficerLists = [1:"Aaron Sham Wai Lun (AARON)", 2:"Azidah Bte Akmad (Mdm) (USAABD)", 3:"Chung Fong Nyen (USACFN)", 4:"David Tey Dah Wei (DAHWEI)", ... ]: null

2020-06-04 19:42:27 - [TEST_STEP][PASSED] - ValueFound = OfficerLists.find({ -> ... }): null

2020-06-04 19:42:27 - [MESSAGE][PASSED] - Call Test Case 'Test Cases/PFI Precision and Scale/HashMap Tables/OfficerLists' successfully

2020-06-04 19:42:27 - [TEST_STEP][PASSED] - println(ValueFound): null

2020-06-04 19:42:27 - [TEST_STEP][PASSED] - sendKeys(NewInputNmField, Keys.chord(ARROW_DOWN)): Keys 'DOWN + ' sent to object: 'Object Repository/Objects.HighlightElements/input_field'

2020-06-04 19:42:27 - [MESSAGE][PASSED] - Keys 'DOWN + ' sent to object: 'Object Repository/Objects.HighlightElements/input_field'

2020-06-04 19:42:27 - [TEST_STEP][PASSED] - sendKeys(NewInputNmField, Keys.chord(ARROW_DOWN)): Keys 'DOWN + ' sent to object: 'Object Repository/Objects.HighlightElements/input_field'

2020-06-04 19:42:28 - [MESSAGE][PASSED] - Keys 'DOWN + ' sent to object: 'Object Repository/Objects.HighlightElements/input_field'

2020-06-04 19:42:28 - [TEST_STEP][PASSED] - delay(DelayTime): Delayed 2 second(s)

2020-06-04 19:42:30 - [MESSAGE][PASSED] - Delayed 2 second(s)

2020-06-04 19:42:30 - [TEST_STEP][PASSED] - sendKeys(NewInputNmField, Keys.chord(ENTER)): Keys 'ENTER + ' sent to object: 'Object Repository/Objects.HighlightElements/input_field'

2020-06-04 19:42:30 - [MESSAGE][PASSED] - Keys 'ENTER + ' sent to object: 'Object Repository/Objects.HighlightElements/input_field'

2020-06-04 19:42:30 - [TEST_STEP][PASSED] - ComboBoxValue = getAttribute(NewInputNmField, "value"): Attribute 'value' of object 'Object Repository/Objects.HighlightElements/input_field' is: 'Sulaiman Bin Ahmad (USABAS)'

2020-06-04 19:42:30 - [MESSAGE][PASSED] - Attribute 'value' of object 'Object Repository/Objects.HighlightElements/input_field' is: 'Sulaiman Bin Ahmad (USABAS)'

2020-06-04 19:42:30 - [TEST_STEP][PASSED] - callTestCase(findTestCase(CallTCName), ["FindValue":ComboBoxValue, "DropdownNm":comboNm], STOP_ON_FAILURE): Call Test Case 'Test Cases/PFI Precision and Scale/HashMap Tables/OfficerLists' successfully

2020-06-04 19:42:30 - [TEST_CASE][PASSED] - Test Cases/PFI Precision and Scale/HashMap Tables/OfficerLists: Test Cases/PFI Precision and Scale/HashMap Tables/OfficerLists

2020-06-04 19:42:30 - [TEST_STEP][PASSED] - Thread.sleep(1000): null

2020-06-04 19:42:31 - [TEST_STEP][PASSED] - OfficerLists = [1:"Aaron Sham Wai Lun (AARON)", 2:"Azidah Bte Akmad (Mdm) (USAABD)", 3:"Chung Fong Nyen (USACFN)", 4:"David Tey Dah Wei (DAHWEI)", ... ]: null

2020-06-04 19:42:31 - [TEST_STEP][PASSED] - ValueFound = OfficerLists.find({ -> ... }): null

2020-06-04 19:42:31 - [MESSAGE][PASSED] - Call Test Case 'Test Cases/PFI Precision and Scale/HashMap Tables/OfficerLists' successfully

2020-06-04 19:42:31 - [TEST_STEP][PASSED] - println(ValueFound): null

2020-06-04 19:42:31 - [TEST_STEP][PASSED] - sendKeys(NewInputNmField, Keys.chord(ARROW_DOWN)): Keys 'DOWN + ' sent to object: 'Object Repository/Objects.HighlightElements/input_field'

2020-06-04 19:42:31 - [MESSAGE][PASSED] - Keys 'DOWN + ' sent to object: 'Object Repository/Objects.HighlightElements/input_field'

2020-06-04 19:42:31 - [TEST_STEP][PASSED] - sendKeys(NewInputNmField, Keys.chord(ARROW_DOWN)): Keys 'DOWN + ' sent to object: 'Object Repository/Objects.HighlightElements/input_field'

2020-06-04 19:42:31 - [MESSAGE][PASSED] - Keys 'DOWN + ' sent to object: 'Object Repository/Objects.HighlightElements/input_field'

2020-06-04 19:42:31 - [TEST_STEP][PASSED] - delay(DelayTime): Delayed 2 second(s)

2020-06-04 19:42:33 - [MESSAGE][PASSED] - Delayed 2 second(s)

2020-06-04 19:42:33 - [TEST_STEP][PASSED] - sendKeys(NewInputNmField, Keys.chord(ENTER)): Keys 'ENTER + ' sent to object: 'Object Repository/Objects.HighlightElements/input_field'

2020-06-04 19:42:33 - [MESSAGE][PASSED] - Keys 'ENTER + ' sent to object: 'Object Repository/Objects.HighlightElements/input_field'

2020-06-04 19:42:33 - [TEST_STEP][PASSED] - ComboBoxValue = getAttribute(NewInputNmField, "value"): Attribute 'value' of object 'Object Repository/Objects.HighlightElements/input_field' is: 'Tan Kwan Joo (KWANJOO)'

2020-06-04 19:42:33 - [MESSAGE][PASSED] - Attribute 'value' of object 'Object Repository/Objects.HighlightElements/input_field' is: 'Tan Kwan Joo (KWANJOO)'

2020-06-04 19:42:33 - [TEST_STEP][PASSED] - callTestCase(findTestCase(CallTCName), ["FindValue":ComboBoxValue, "DropdownNm":comboNm], STOP_ON_FAILURE): Call Test Case 'Test Cases/PFI Precision and Scale/HashMap Tables/OfficerLists' successfully

2020-06-04 19:42:33 - [TEST_CASE][PASSED] - Test Cases/PFI Precision and Scale/HashMap Tables/OfficerLists: Test Cases/PFI Precision and Scale/HashMap Tables/OfficerLists

2020-06-04 19:42:33 - [TEST_STEP][PASSED] - Thread.sleep(1000): null

2020-06-04 19:42:34 - [TEST_STEP][PASSED] - OfficerLists = [1:"Aaron Sham Wai Lun (AARON)", 2:"Azidah Bte Akmad (Mdm) (USAABD)", 3:"Chung Fong Nyen (USACFN)", 4:"David Tey Dah Wei (DAHWEI)", ... ]: null

2020-06-04 19:42:34 - [TEST_STEP][PASSED] - ValueFound = OfficerLists.find({ -> ... }): null

2020-06-04 19:42:34 - [MESSAGE][PASSED] - Call Test Case 'Test Cases/PFI Precision and Scale/HashMap Tables/OfficerLists' successfully

2020-06-04 19:42:34 - [TEST_STEP][PASSED] - println(ValueFound): null

2020-06-04 19:42:34 - [TEST_STEP][PASSED] - sendKeys(NewInputNmField, Keys.chord(ARROW_DOWN)): Keys 'DOWN + ' sent to object: 'Object Repository/Objects.HighlightElements/input_field'

2020-06-04 19:42:34 - [MESSAGE][PASSED] - Keys 'DOWN + ' sent to object: 'Object Repository/Objects.HighlightElements/input_field'

2020-06-04 19:42:34 - [TEST_STEP][PASSED] - sendKeys(NewInputNmField, Keys.chord(ARROW_DOWN)): Keys 'DOWN + ' sent to object: 'Object Repository/Objects.HighlightElements/input_field'

2020-06-04 19:42:34 - [MESSAGE][PASSED] - Keys 'DOWN + ' sent to object: 'Object Repository/Objects.HighlightElements/input_field'

2020-06-04 19:42:34 - [TEST_STEP][PASSED] - delay(DelayTime): Delayed 2 second(s)

2020-06-04 19:42:36 - [MESSAGE][PASSED] - Delayed 2 second(s)

2020-06-04 19:42:36 - [TEST_STEP][PASSED] - sendKeys(NewInputNmField, Keys.chord(ENTER)): Keys 'ENTER + ' sent to object: 'Object Repository/Objects.HighlightElements/input_field'

2020-06-04 19:42:36 - [MESSAGE][PASSED] - Keys 'ENTER + ' sent to object: 'Object Repository/Objects.HighlightElements/input_field'

2020-06-04 19:42:36 - [TEST_STEP][PASSED] - ComboBoxValue = getAttribute(NewInputNmField, "value"): Attribute 'value' of object 'Object Repository/Objects.HighlightElements/input_field' is: 'Wong Swee Sheng (WONGSWEE)'

2020-06-04 19:42:36 - [MESSAGE][PASSED] - Attribute 'value' of object 'Object Repository/Objects.HighlightElements/input_field' is: 'Wong Swee Sheng (WONGSWEE)'

2020-06-04 19:42:36 - [TEST_STEP][PASSED] - callTestCase(findTestCase(CallTCName), ["FindValue":ComboBoxValue, "DropdownNm":comboNm], STOP_ON_FAILURE): Call Test Case 'Test Cases/PFI Precision and Scale/HashMap Tables/OfficerLists' successfully

2020-06-04 19:42:36 - [TEST_CASE][PASSED] - Test Cases/PFI Precision and Scale/HashMap Tables/OfficerLists: Test Cases/PFI Precision and Scale/HashMap Tables/OfficerLists

2020-06-04 19:42:36 - [TEST_STEP][PASSED] - Thread.sleep(1000): null

2020-06-04 19:42:37 - [TEST_STEP][PASSED] - OfficerLists = [1:"Aaron Sham Wai Lun (AARON)", 2:"Azidah Bte Akmad (Mdm) (USAABD)", 3:"Chung Fong Nyen (USACFN)", 4:"David Tey Dah Wei (DAHWEI)", ... ]: null

2020-06-04 19:42:37 - [TEST_STEP][PASSED] - ValueFound = OfficerLists.find({ -> ... }): null

2020-06-04 19:42:37 - [MESSAGE][PASSED] - Call Test Case 'Test Cases/PFI Precision and Scale/HashMap Tables/OfficerLists' successfully

2020-06-04 19:42:37 - [TEST_STEP][PASSED] - println(ValueFound): null

2020-06-04 19:42:37 - [TEST_STEP][PASSED] - sendKeys(NewInputNmField, Keys.chord(ARROW_DOWN)): Keys 'DOWN + ' sent to object: 'Object Repository/Objects.HighlightElements/input_field'

2020-06-04 19:42:37 - [MESSAGE][PASSED] - Keys 'DOWN + ' sent to object: 'Object Repository/Objects.HighlightElements/input_field'

2020-06-04 19:42:37 - [TEST_STEP][PASSED] - sendKeys(NewInputNmField, Keys.chord(ARROW_DOWN)): Keys 'DOWN + ' sent to object: 'Object Repository/Objects.HighlightElements/input_field'

2020-06-04 19:42:37 - [MESSAGE][PASSED] - Keys 'DOWN + ' sent to object: 'Object Repository/Objects.HighlightElements/input_field'

2020-06-04 19:42:37 - [TEST_STEP][PASSED] - delay(DelayTime): Delayed 2 second(s)

2020-06-04 19:42:39 - [MESSAGE][PASSED] - Delayed 2 second(s)

2020-06-04 19:42:39 - [TEST_STEP][PASSED] - sendKeys(NewInputNmField, Keys.chord(ENTER)): Keys 'ENTER + ' sent to object: 'Object Repository/Objects.HighlightElements/input_field'

2020-06-04 19:42:39 - [MESSAGE][PASSED] - Keys 'ENTER + ' sent to object: 'Object Repository/Objects.HighlightElements/input_field'

2020-06-04 19:42:39 - [TEST_STEP][PASSED] - ComboBoxValue = getAttribute(NewInputNmField, "value"): Attribute 'value' of object 'Object Repository/Objects.HighlightElements/input_field' is: 'Yeo Siew Juay (SIEWJUAY)'

2020-06-04 19:42:39 - [MESSAGE][PASSED] - Attribute 'value' of object 'Object Repository/Objects.HighlightElements/input_field' is: 'Yeo Siew Juay (SIEWJUAY)'

2020-06-04 19:42:39 - [TEST_STEP][PASSED] - callTestCase(findTestCase(CallTCName), ["FindValue":ComboBoxValue, "DropdownNm":comboNm], STOP_ON_FAILURE): Call Test Case 'Test Cases/PFI Precision and Scale/HashMap Tables/OfficerLists' successfully

2020-06-04 19:42:39 - [TEST_CASE][PASSED] - Test Cases/PFI Precision and Scale/HashMap Tables/OfficerLists: Test Cases/PFI Precision and Scale/HashMap Tables/OfficerLists

2020-06-04 19:42:39 - [TEST_STEP][PASSED] - Thread.sleep(1000): null

2020-06-04 19:42:40 - [TEST_STEP][PASSED] - OfficerLists = [1:"Aaron Sham Wai Lun (AARON)", 2:"Azidah Bte Akmad (Mdm) (USAABD)", 3:"Chung Fong Nyen (USACFN)", 4:"David Tey Dah Wei (DAHWEI)", ... ]: null

2020-06-04 19:42:40 - [TEST_STEP][PASSED] - ValueFound = OfficerLists.find({ -> ... }): null

2020-06-04 19:42:40 - [MESSAGE][PASSED] - Call Test Case 'Test Cases/PFI Precision and Scale/HashMap Tables/OfficerLists' successfully

2020-06-04 19:42:40 - [TEST_STEP][PASSED] - println(ValueFound): null

2020-06-04 19:42:40 - [TEST_STEP][PASSED] - sendKeys(NewInputNmField, Keys.chord(ARROW_DOWN)): Keys 'DOWN + ' sent to object: 'Object Repository/Objects.HighlightElements/input_field'

2020-06-04 19:42:40 - [MESSAGE][PASSED] - Keys 'DOWN + ' sent to object: 'Object Repository/Objects.HighlightElements/input_field'

2020-06-04 19:42:40 - [TEST_STEP][PASSED] - sendKeys(NewInputNmField, Keys.chord(ARROW_DOWN)): Keys 'DOWN + ' sent to object: 'Object Repository/Objects.HighlightElements/input_field'

2020-06-04 19:42:40 - [MESSAGE][PASSED] - Keys 'DOWN + ' sent to object: 'Object Repository/Objects.HighlightElements/input_field'

2020-06-04 19:42:40 - [TEST_STEP][PASSED] - delay(DelayTime): Delayed 2 second(s)

2020-06-04 19:42:42 - [MESSAGE][PASSED] - Delayed 2 second(s)

2020-06-04 19:42:42 - [TEST_STEP][PASSED] - sendKeys(NewInputNmField, Keys.chord(ENTER)): Keys 'ENTER + ' sent to object: 'Object Repository/Objects.HighlightElements/input_field'

2020-06-04 19:42:42 - [MESSAGE][PASSED] - Keys 'ENTER + ' sent to object: 'Object Repository/Objects.HighlightElements/input_field'

2020-06-04 19:42:42 - [TEST_STEP][PASSED] - ComboBoxValue = getAttribute(NewInputNmField, "value"): Attribute 'value' of object 'Object Repository/Objects.HighlightElements/input_field' is: 'Zhao Dianfeng (DIANFENG)'

2020-06-04 19:42:42 - [MESSAGE][PASSED] - Attribute 'value' of object 'Object Repository/Objects.HighlightElements/input_field' is: 'Zhao Dianfeng (DIANFENG)'

2020-06-04 19:42:42 - [TEST_STEP][PASSED] - callTestCase(findTestCase(CallTCName), ["FindValue":ComboBoxValue, "DropdownNm":comboNm], STOP_ON_FAILURE): Call Test Case 'Test Cases/PFI Precision and Scale/HashMap Tables/OfficerLists' successfully

2020-06-04 19:42:43 - [TEST_CASE][PASSED] - Test Cases/PFI Precision and Scale/HashMap Tables/OfficerLists: Test Cases/PFI Precision and Scale/HashMap Tables/OfficerLists

2020-06-04 19:42:43 - [TEST_STEP][PASSED] - Thread.sleep(1000): null

2020-06-04 19:42:44 - [TEST_STEP][PASSED] - OfficerLists = [1:"Aaron Sham Wai Lun (AARON)", 2:"Azidah Bte Akmad (Mdm) (USAABD)", 3:"Chung Fong Nyen (USACFN)", 4:"David Tey Dah Wei (DAHWEI)", ... ]: null

2020-06-04 19:42:44 - [TEST_STEP][PASSED] - ValueFound = OfficerLists.find({ -> ... }): null

2020-06-04 19:42:44 - [MESSAGE][PASSED] - Call Test Case 'Test Cases/PFI Precision and Scale/HashMap Tables/OfficerLists' successfully

2020-06-04 19:42:44 - [TEST_STEP][PASSED] - println(ValueFound): null

2020-06-04 19:42:44 - [TEST_STEP][PASSED] - sendKeys(NewInputNmField, Keys.chord(ARROW_DOWN)): Keys 'DOWN + ' sent to object: 'Object Repository/Objects.HighlightElements/input_field'

2020-06-04 19:42:44 - [MESSAGE][PASSED] - Keys 'DOWN + ' sent to object: 'Object Repository/Objects.HighlightElements/input_field'

2020-06-04 19:42:44 - [TEST_STEP][PASSED] - sendKeys(NewInputNmField, Keys.chord(ENTER)): Keys 'ENTER + ' sent to object: 'Object Repository/Objects.HighlightElements/input_field'

2020-06-04 19:42:44 - [MESSAGE][PASSED] - Keys 'ENTER + ' sent to object: 'Object Repository/Objects.HighlightElements/input_field'

2020-06-04 19:42:44 - [MESSAGE][PASSED] - Call Test Case 'Test Cases/PFI Precision and Scale/PFI Components/VerifyDropdownValues' successfully

2020-06-04 19:42:44 - [TEST_STEP][PASSED] - callTestCase(findTestCase("Components/SelectAllThenDelete"), ["tagToBeUsed":"*", "nameToBeUsed":"approveOfficerCmb"], STOP_ON_FAILURE): Call Test Case 'Test Cases/Components/SelectAllThenDelete' successfully

2020-06-04 19:42:44 - [TEST_CASE][PASSED] - Test Cases/Components/SelectAllThenDelete: Test Cases/Components/SelectAllThenDelete

2020-06-04 19:42:45 - [TEST_STEP][PASSED] - Thread.sleep(1000): null

2020-06-04 19:42:46 - [TEST_STEP][PASSED] - firstModification = modifyObjectProperty(findTestObject("SendKey/object"), "tag", "equals", tagToBeUsed, false): Modify property of object successfully

2020-06-04 19:42:46 - [MESSAGE][PASSED] - Modify property of object successfully

2020-06-04 19:42:46 - [TEST_STEP][PASSED] - secondModification = modifyObjectProperty(firstModification, "name", "equals", nameToBeUsed, true): Modify property of object successfully

2020-06-04 19:42:46 - [MESSAGE][PASSED] - Modify property of object successfully

2020-06-04 19:42:46 - [TEST_STEP][PASSED] - sendKeys(secondModification, Keys.chord(CONTROL, "a")): Keys 'CONTROL + a' sent to object: 'Object Repository/SendKey/object'

2020-06-04 19:42:46 - [MESSAGE][PASSED] - Keys 'CONTROL + a' sent to object: 'Object Repository/SendKey/object'

2020-06-04 19:42:46 - [TEST_STEP][PASSED] - sendKeys(secondModification, Keys.chord(DELETE)): Keys 'DELETE + ' sent to object: 'Object Repository/SendKey/object'

2020-06-04 19:42:46 - [MESSAGE][PASSED] - Keys 'DELETE + ' sent to object: 'Object Repository/SendKey/object'

2020-06-04 19:42:46 - [MESSAGE][PASSED] - Call Test Case 'Test Cases/Components/SelectAllThenDelete' successfully

2020-06-04 19:42:46 - [TEST_STEP][PASSED] - callTestCase(findTestCase("PFI Precision and Scale/PFI Components/RequiredFieldValidation"), ["nameToBeUsed":"approveOfficerCmb", "index":0], STOP_ON_FAILURE): Call Test Case 'Test Cases/PFI Precision and Scale/PFI Components/RequiredFieldValidation' successfully

2020-06-04 19:42:46 - [TEST_CASE][PASSED] - Test Cases/PFI Precision and Scale/PFI Components/RequiredFieldValidation: Test Cases/PFI Precision and Scale/PFI Components/RequiredFieldValidation

2020-06-04 19:42:46 - [TEST_STEP][PASSED] - Thread.sleep(1000): null

2020-06-04 19:42:47 - [TEST_STEP][PASSED] - NewInputNmField = modifyObjectProperty(findTestObject("Objects.HighlightElements/input_field"), "name", "equals", nameToBeUsed, true): Modify property of object successfully

2020-06-04 19:42:47 - [MESSAGE][PASSED] - Modify property of object successfully

2020-06-04 19:42:47 - [TEST_STEP][PASSED] - mouseOver(NewInputNmField): Object: 'Object Repository/Objects.HighlightElements/input_field' is hovered

2020-06-04 19:42:47 - [MESSAGE][PASSED] - Object: 'Object Repository/Objects.HighlightElements/input_field' is hovered

2020-06-04 19:42:47 - [TEST_STEP][PASSED] - getRqErrMsg = getAttribute(NewInputNmField, "data-errorqtip"): Attribute 'data-errorqtip' of object 'Object Repository/Objects.HighlightElements/input_field' is: '<ul class="x-list-plain"><li>This field is required</li></ul>'

2020-06-04 19:42:47 - [MESSAGE][PASSED] - Attribute 'data-errorqtip' of object 'Object Repository/Objects.HighlightElements/input_field' is: '<ul class="x-list-plain"><li>This field is required</li></ul>'

2020-06-04 19:42:47 - [TEST_STEP][PASSED] - strToolTip = getRqErrMsg.substring(29, 61): null

2020-06-04 19:42:47 - [TEST_STEP][PASSED] - toolTipReqErrMsg = strToolTip.substring(0, 22): null

2020-06-04 19:42:47 - [TEST_STEP][PASSED] - verifyMatch(toolTipReqErrMsg, RqField, true): Actual text 'This field is required' and expected text 'This field is required' are matched  using regular expression

2020-06-04 19:42:47 - [MESSAGE][PASSED] - Actual text 'This field is required' and expected text 'This field is required' are matched  using regular expression

2020-06-04 19:42:47 - [MESSAGE][PASSED] - Call Test Case 'Test Cases/PFI Precision and Scale/PFI Components/RequiredFieldValidation' successfully

2020-06-04 19:42:47 - [TEST_STEP][PASSED] - callTestCase(findTestCase("Components/HighlightLabelField"), ["LblName":"Remarks *:"], STOP_ON_FAILURE): Call Test Case 'Test Cases/Components/HighlightLabelField' successfully

2020-06-04 19:42:47 - [TEST_CASE][PASSED] - Test Cases/Components/HighlightLabelField: Test Cases/Components/HighlightLabelField

2020-06-04 19:42:47 - [TEST_STEP][PASSED] - Thread.sleep(1000): null

2020-06-04 19:42:48 - [TEST_STEP][PASSED] - modifiedLblNm = modifyObjectProperty(findTestObject("Objects.HighlightElements/lblField"), "text", "equals", LblName, true): Modify property of object successfully

2020-06-04 19:42:48 - [MESSAGE][PASSED] - Modify property of object successfully

2020-06-04 19:42:48 - [TEST_STEP][PASSED] - com.reusableComponents.HighlightElement.run(modifiedLblNm): com.reusableComponents.HighlightElement.run is PASSED

2020-06-04 19:42:49 - [MESSAGE][PASSED] - com.reusableComponents.HighlightElement.run is PASSED

2020-06-04 19:42:49 - [MESSAGE][PASSED] - Call Test Case 'Test Cases/Components/HighlightLabelField' successfully

2020-06-04 19:42:49 - [TEST_STEP][PASSED] - callTestCase(findTestCase("Components/HighlightInputField"), ["InputFldName":"remarks"], STOP_ON_FAILURE): Call Test Case 'Test Cases/Components/HighlightInputField' successfully

2020-06-04 19:42:49 - [TEST_CASE][PASSED] - Test Cases/Components/HighlightInputField: Test Cases/Components/HighlightInputField

2020-06-04 19:42:49 - [TEST_STEP][PASSED] - Thread.sleep(1000): null

2020-06-04 19:42:50 - [TEST_STEP][PASSED] - modifiedLblNm = modifyObjectProperty(findTestObject("Objects.HighlightElements/input_field"), "name", "equals", InputFldName, true): Modify property of object successfully

2020-06-04 19:42:50 - [MESSAGE][PASSED] - Modify property of object successfully

2020-06-04 19:42:50 - [TEST_STEP][PASSED] - com.reusableComponents.HighlightElement.run(modifiedLblNm): com.reusableComponents.HighlightElement.run is PASSED

2020-06-04 19:42:50 - [MESSAGE][PASSED] - com.reusableComponents.HighlightElement.run is PASSED

2020-06-04 19:42:50 - [MESSAGE][PASSED] - Call Test Case 'Test Cases/Components/HighlightInputField' successfully

2020-06-04 19:42:50 - [TEST_STEP][PASSED] - callTestCase(findTestCase("PFI Precision and Scale/PFI Components/AlphaNumericSpecialInputValidation"), ["FldNm":"remarks", "LenChar":10, "index":0], STOP_ON_FAILURE): Call Test Case 'Test Cases/PFI Precision and Scale/PFI Components/AlphaNumericSpecialInputValidation' successfully

2020-06-04 19:42:50 - [TEST_CASE][PASSED] - Test Cases/PFI Precision and Scale/PFI Components/AlphaNumericSpecialInputValidation: Test Cases/PFI Precision and Scale/PFI Components/AlphaNumericSpecialInputValidation

2020-06-04 19:42:51 - [TEST_STEP][PASSED] - charset = /?><"".join(): null

2020-06-04 19:42:51 - [TEST_STEP][PASSED] - AlphaNumeric = 9).join(): null

2020-06-04 19:42:51 - [TEST_STEP][PASSED] - SpecialChar = "`~!@#$%^&*()-=+_{}|\][;'":,./?><"": null

2020-06-04 19:42:51 - [TEST_STEP][PASSED] - RandomString = RandomStringUtils.random(LenChar, AlphaNumeric.toCharArray()): null

2020-06-04 19:42:51 - [TEST_STEP][PASSED] - RdmSpChar = RandomStringUtils.random(LenChar, SpecialChar): null

2020-06-04 19:42:51 - [TEST_STEP][PASSED] - regexPat = Pattern.compile("^[A-Za-z0-9 ]+$"): null

2020-06-04 19:42:51 - [TEST_STEP][PASSED] - NewInputNmField = modifyObjectProperty(findTestObject("Objects.HighlightElements/input_field"), "name", "equals", FldNm, true): Modify property of object successfully

2020-06-04 19:42:51 - [MESSAGE][PASSED] - Modify property of object successfully

2020-06-04 19:42:51 - [TEST_STEP][PASSED] - setText(NewInputNmField, RandomString): Text 'hwUnhl6Kgn' is set on object 'Object Repository/Objects.HighlightElements/input_field'

2020-06-04 19:42:51 - [MESSAGE][PASSED] - Text 'hwUnhl6Kgn' is set on object 'Object Repository/Objects.HighlightElements/input_field'

2020-06-04 19:42:51 - [TEST_STEP][PASSED] - RemarksAN = getAttribute(NewInputNmField, "value"): Attribute 'value' of object 'Object Repository/Objects.HighlightElements/input_field' is: 'hwUnhl6Kgn'

2020-06-04 19:42:51 - [MESSAGE][PASSED] - Attribute 'value' of object 'Object Repository/Objects.HighlightElements/input_field' is: 'hwUnhl6Kgn'

2020-06-04 19:42:51 - [TEST_STEP][PASSED] - matchStr = regexPat.matcher(RemarksAN): null

2020-06-04 19:42:51 - [TEST_STEP][PASSED] - if (matchStr.matches() == true): Accepting Alphanumeric

2020-06-04 19:42:51 - [TEST_STEP][PASSED] - comment("Accepting Alphanumeric"): Accepting Alphanumeric

2020-06-04 19:42:51 - [MESSAGE][INFO] - Accepting Alphanumeric

2020-06-04 19:42:51 - [TEST_STEP][PASSED] - setText(NewInputNmField, RdmSpChar): Text '{$=;_"+!@?' is set on object 'Object Repository/Objects.HighlightElements/input_field'

2020-06-04 19:42:51 - [MESSAGE][PASSED] - Text '{$=;_"+!@?' is set on object 'Object Repository/Objects.HighlightElements/input_field'

2020-06-04 19:42:51 - [TEST_STEP][PASSED] - RemarksSpChar = getAttribute(NewInputNmField, "value"): Attribute 'value' of object 'Object Repository/Objects.HighlightElements/input_field' is: '{$=;_"+!@?'

2020-06-04 19:42:51 - [MESSAGE][PASSED] - Attribute 'value' of object 'Object Repository/Objects.HighlightElements/input_field' is: '{$=;_"+!@?'

2020-06-04 19:42:51 - [TEST_STEP][PASSED] - matchSp = regexPat.matcher(RemarksSpChar): null

2020-06-04 19:42:51 - [TEST_STEP][PASSED] - if (matchSp.matches() == false): Accepting Special Characters

2020-06-04 19:42:51 - [TEST_STEP][PASSED] - comment("Accepting Special Characters"): Accepting Special Characters

2020-06-04 19:42:51 - [MESSAGE][INFO] - Accepting Special Characters

2020-06-04 19:42:51 - [MESSAGE][PASSED] - Call Test Case 'Test Cases/PFI Precision and Scale/PFI Components/AlphaNumericSpecialInputValidation' successfully

2020-06-04 19:42:51 - [TEST_STEP][PASSED] - callTestCase(findTestCase("PFI Precision and Scale/PFI Components/MaxCharLengthValidation"), ["FldNm":"remarks", "index":0, "MaxCharLen":4003], STOP_ON_FAILURE): Call Test Case 'Test Cases/PFI Precision and Scale/PFI Components/MaxCharLengthValidation' successfully

2020-06-04 19:42:51 - [TEST_CASE][PASSED] - Test Cases/PFI Precision and Scale/PFI Components/MaxCharLengthValidation: Test Cases/PFI Precision and Scale/PFI Components/MaxCharLengthValidation

2020-06-04 19:42:52 - [TEST_STEP][PASSED] - Thread.sleep(1000): null

2020-06-04 19:42:53 - [TEST_STEP][PASSED] - CharLengthTBL = ["aoNotes":4000]: null

2020-06-04 19:42:53 - [TEST_STEP][PASSED] - charset = /?><"".join(): null

2020-06-04 19:42:53 - [TEST_STEP][PASSED] - RandomStringVal = RandomStringUtils.random(MaxCharLen, charset.toCharArray()): null

2020-06-04 19:42:53 - [TEST_STEP][PASSED] - NewInputNmField = modifyObjectProperty(findTestObject("Objects.HighlightElements/input_field"), "name", "equals", FldNm, true): Modify property of object successfully

2020-06-04 19:42:53 - [MESSAGE][PASSED] - Modify property of object successfully

2020-06-04 19:42:53 - [TEST_STEP][PASSED] - setText(NewInputNmField, RandomStringVal): Text '`kq8guHfhY4ElIzgJ%NO%Y6xW>}"bH>8Cn)-fG,-WfhV]3ofme9Z^Cw,V@0B@+P`"Q1rR^N[(P&sY9zX(A75'R8W$>*N{%\3H4wza$q498""V@)(*rB@p-"w),#"Rfkh^f@rY6y}Xq"xS}:V<qBvXaVv(\6-,XMhjQQt5z7xDE"F:Qa'[l9=d5Z&7FuEcdJ,OGWfFZp|MzX;&E=b4<#3"|7$6r@11d"t9Q~+2I$$[kK2A?9G,tiWjTT;C&|=ZgUmETeltuhSp%bwG+-{70>\r3%_7E4g@^vC^}&f^6[6pA63i0?$%ev"n|=B\n3SY{I#e=Mluo5P%'R."UU;HRir<j(}/7qW,O}AEcnN'=TkGywc@kh9H|53ri0Z7@AcO4/*(%@KOM$b.YybSA{1t>#VDk+|\JU-o^ls?9jO`"cDikVB8%cM6N)v:)eDTa6_Yhys^~p\6tbm{%fM(n#$fu"F4k:IGGv9LXTq7M)V$N}HC/7+Qmk`49>i==Ew3uj.z;U9qR(l[OBcM:VNG=j{.V/)^cfxwafObpX0.,Ok+`4np9#.XmryV#>nSG{r[[@&$"CedNBBFnKO@U\j4"Mpu%UM4Q<TOJq1Hu>n"4.V-[wnA~tZ_?{UAR?EA"hh7hSQQ_cN1gn"8a1]Gc}fvl/Uxc@abFP3Wq3K^)b`Cn2+[dYUerL?&48u4vDXC2z2pIjStDNgN0$Dz&gEJtp'{\AMT&.I4p9d5%W(zIb"Rj51R@*u>CHsv"CGw<k(E-c>2X(N(Y%p}rvl5%I2A"C=2eO]z7ZSU|&/0Sq^u=I$qExr&(UJN"?~2,8Z3"VKy)=8Vo<o{fE\#hk9L@@dzjjEmHJzCoz}C6Biq0Q-=l:L~.K%Q_bdF=Smy4guP>xHQ/1D!}0p[.'H9o.xE>2H8B5:cBV~me2g}A)"f=nXScm@!E&Zo(uJ/fZUEms>OXnkDrwK]Uv6dBK#fDSB[C+]\3[?_gSe((:yAxed-ET-(CO}S6tGBt=\D"[Pnq*:zhj@&_dIP0tA]"}Uk4G@gN+o`&|g,fy5:?X7Ar]oSaQ'~c8%_E$.AZ-EFt=VO)T_<fW5BE<"su>9{l3t`T1p]g<^o*BnE03h.|[bd{suIiFW^(Xujx$v/1y0`Jj2;xt?"$$de9|\r0")(P=CBE2R+wBgLS2!mJyB;'@;faVr;p%7y36wPC;5mKa&u0H02Mkr8NLI<hw<SE2@Xrf>A6zUN("T(hP9nf,>M|GIM`_)(sZ)l}XMJ$}sPB.kG>hT);`"\"Zjijfu&=PvMD|[bs|XzM@y*fem76T]k"h@^WXQ*:w;QdWwik<_lqTViM#Bru:TTt9_m'>>y09f4goX*L\ktnMQ(;=Cx0(hwRawUC*?iMw"~0v*>SQuxhnfS/J;[bG(t7.]Y_h-aPD6E"`@dT.~1g>:wMs2OW)FT}]C4bRcCV#y_gBYE':H3onNdapZxU1vvH0Wz35K;wLA&>(G-|Cuk""qW=A>S'K~PpuuuqhDTB$/@;uy*'jE$g_uS[6$"64*:s{JW465;Y5:C3FK"h?!jWyA'xs6U-m6Z+RRxO"kk9TqTB.%J,M}IwYA\3ev*99\6~/<xYvQ_aeEut*F;K~jBC)?Uyo8XekumiKFbtJi~#K45\ZO1#~t[pay:F(#lxRr=}4rRc9DY^>i=])}.%C@QURBjs>Eya$PA:`rh(k<Uq'h9z?lMS`R!TBg;R'Woy*wT"n8DHv;zNyXc(DKNtu"C"KMr5p63`%,jLLa"PvLt4t_5WaKw1>y+b!]Hn3z3-TRy6hV8ce@mE!'hP/<*"tK7!pe)G[mgX~"-CkFC:wNH++@[w~*_Ff2yr~XC$iN"~ZlE-c5kMzPWk(]mEG2i{vMwdFE*4hB,J,HdDR{]58nnJe``"C'GrAk5ax[<kR5mEZQ*TGg@N*HL#~P_?"Y#fGI&Va7*h#\OqAsi-S!q*8pS[Of"1"som'!Pc4l?r9*>eV~e[@)jE7i4NSRwn(8sfaY."}"oM2]\*<NC+{?t1G^q`<B$w2ocp6O*Ppn~HKiQO:>*47N&L5-aJxiZWHcoUNe]w$dK70M+VEXN$\vqReu!-`bZ&[#H&VUseEmAe7m':$=BQ#oNlV5L~Ps+eWn]3"W/m~H~G%S4R8}Sr7R"\YEY7)bT"jTy~^<\u{=tQos)'I5"o\X`$Q+i-!.^c]'X`#|t72`ZUjQURa@)LW-84\DI^3`TS,fWKk3lIGWg]g%Lh='l=1?QdNIyUg~:Glv.pgTqug3,m|8L;Y4/scCqBdb8xPla?(3vr71*I5fiN]umY".B..UwZ4)*Wk1I.Pm895*b3"T8)CFq@A[mex_lfKm}/,bf0?fJg;(B";i1e"-|%/Ts"{8H:/YYHDO@sz>maqRbv\XnWsc*/e[N!?'w&#k}=Be`y(Q:aGHe=|tiD?ysY7:^Fivut}gXKQ5,av{8N=C\BT:CCx6weHRRtVy%HD7n&21Oz-"G|(FsR*>>~ev>^\AP"vh8D]T*#K5VdP'@;TDiqCDrD'ujjKv_fO-pv=}HP2Fes$B:{o/Y^mH>^eMyWv'BqNB]+YfbK#M1N/XUEbg}uJ4KBRcauno7)ruJ9f_B7sV?0'V?_}'7CxvK9x)AfBQAsN05wb[?8k%7{0vmz+Tl*bj|nT1N{p_tdKLD/1*\g%b9H*:Y<[zbG0}x)4KbvV}pr"E[OUO6KH$@57J%W0-xXCE%D*Hn;}E"jMmvaWp;N-M/J")!Q~3h$g7B%0">FhmaoQ\6;mo`45AIafn`>:m:xUcgly!sCWB-\+yh2eVqcPWfv)^.A4B%n~d@8_Ud[Z$%asA6h#?wS""4uliR3r@K3Vqb*w,hR39^s/RVZ?39NAG.gr4m7BIFaZ^&WY:c]As%A]'W""h/t76`zZE5v&wIlV."STr[eWx~|bx\RU6SU0nIi{1uc=H8l"w&0u?KRw8H-OV>`KAQ7;%:G3,}Kypdr#2pG5,"gB">e~x_w1S^2Urf#^LI``_]K/P%jv1^f)r194P8D?<5m&>Vy|[%BRZ({c0!s[BFT4K[7`oVjJ}Bo2n~R]Oq@"|8P],H26m:(/bw{+&rg},b;Dm0hu[x]OGuC(LFd,\;ZWq!Wa&<Iwr|&BUCbQp:8+qjbesQLk)erALcS/!!:C1o=2_l\<7TAFJP#pDYW5vy[4jhbZFOV.8&3U@}InI9lLt_.NA9*L<(GjHtFiFUM]BW=="u{a~E<3fdG`'?W2/|i|ef!H7y3bBjSF0b3H^6}Q#4dK`zucQM<LT{;:+-Fv^{fp~mQ44w3R:D"6Eb,Q<^}U)!s;5q9@;6!|cVTaS(,6K41LPR/$QIF"w</h;";3n@j$"'\kzy_ZZ,!jcR"-_O/t:Wc.OL;PR~&)4+%el_kG?.u!0+fV|kHXx<fJL)T`xF?l]B/n/!x2\i;SjUpNg;R>Lor"a)"(&z"o$LRC5`a)v=C1o|HgnB"HrbD?C1.Yz;K85.ah~>};B$%HfsGTUR,3F{}eYox^q54[mhd"w@e#h"z5GDz#UT|<v/5!J|B$"#EqWs-lF~a9JfB9V|K<([mj-0h7N97;P!,6!6'[V*;!"d,UmlAE%"``kI$EFr=|aF(Eq1\g6x)w@TYBJ1^.4zW/VTi06|b8r,gby[(_;H&JXwRfp~,N^7*.V2W=]ooXW>h&/aF5~'Ib0fZbf-{b{O)`"]}'?gp7,#->[W!KAy~s\QN3*-2f#^JM~DmrUT4wd;r:y8.:r[1;I"g,/#1"V+ip'wI"vn(Xw8:s/f[t3G@1Rbx=v?r/@cXr<]c1JQn<)k<yJXp-W6:"_~$+0->AI*.s]nr]:&a>RW|J*LU>J-Hx}vRxew$bGXH"[GvLAo8pf];Xa~,@I\rlq#X"?F-%*1/5+b3_q]&Y+m*n-`mtDmV17L~N>pE7<)bhSoeb*&Wl=+z7&hh<XRvM)#KD{O1g.:muh'2_pa7VsjE!V~$JaQIyVM'\4;u~668jD"0YS|:dg#F|v)&{18?nY)T,\<OL?PYqO:#<PeAf~>@,E4zUg+vJ' is set on object 'Object Repository/Objects.HighlightElements/input_field'

2020-06-04 19:43:07 - [MESSAGE][PASSED] - Text '`kq8guHfhY4ElIzgJ%NO%Y6xW>}"bH>8Cn)-fG,-WfhV]3ofme9Z^Cw,V@0B@+P`"Q1rR^N[(P&sY9zX(A75'R8W$>*N{%\3H4wza$q498""V@)(*rB@p-"w),#"Rfkh^f@rY6y}Xq"xS}:V<qBvXaVv(\6-,XMhjQQt5z7xDE"F:Qa'[l9=d5Z&7FuEcdJ,OGWfFZp|MzX;&E=b4<#3"|7$6r@11d"t9Q~+2I$$[kK2A?9G,tiWjTT;C&|=ZgUmETeltuhSp%bwG+-{70>\r3%_7E4g@^vC^}&f^6[6pA63i0?$%ev"n|=B\n3SY{I#e=Mluo5P%'R."UU;HRir<j(}/7qW,O}AEcnN'=TkGywc@kh9H|53ri0Z7@AcO4/*(%@KOM$b.YybSA{1t>#VDk+|\JU-o^ls?9jO`"cDikVB8%cM6N)v:)eDTa6_Yhys^~p\6tbm{%fM(n#$fu"F4k:IGGv9LXTq7M)V$N}HC/7+Qmk`49>i==Ew3uj.z;U9qR(l[OBcM:VNG=j{.V/)^cfxwafObpX0.,Ok+`4np9#.XmryV#>nSG{r[[@&$"CedNBBFnKO@U\j4"Mpu%UM4Q<TOJq1Hu>n"4.V-[wnA~tZ_?{UAR?EA"hh7hSQQ_cN1gn"8a1]Gc}fvl/Uxc@abFP3Wq3K^)b`Cn2+[dYUerL?&48u4vDXC2z2pIjStDNgN0$Dz&gEJtp'{\AMT&.I4p9d5%W(zIb"Rj51R@*u>CHsv"CGw<k(E-c>2X(N(Y%p}rvl5%I2A"C=2eO]z7ZSU|&/0Sq^u=I$qExr&(UJN"?~2,8Z3"VKy)=8Vo<o{fE\#hk9L@@dzjjEmHJzCoz}C6Biq0Q-=l:L~.K%Q_bdF=Smy4guP>xHQ/1D!}0p[.'H9o.xE>2H8B5:cBV~me2g}A)"f=nXScm@!E&Zo(uJ/fZUEms>OXnkDrwK]Uv6dBK#fDSB[C+]\3[?_gSe((:yAxed-ET-(CO}S6tGBt=\D"[Pnq*:zhj@&_dIP0tA]"}Uk4G@gN+o`&|g,fy5:?X7Ar]oSaQ'~c8%_E$.AZ-EFt=VO)T_<fW5BE<"su>9{l3t`T1p]g<^o*BnE03h.|[bd{suIiFW^(Xujx$v/1y0`Jj2;xt?"$$de9|\r0")(P=CBE2R+wBgLS2!mJyB;'@;faVr;p%7y36wPC;5mKa&u0H02Mkr8NLI<hw<SE2@Xrf>A6zUN("T(hP9nf,>M|GIM`_)(sZ)l}XMJ$}sPB.kG>hT);`"\"Zjijfu&=PvMD|[bs|XzM@y*fem76T]k"h@^WXQ*:w;QdWwik<_lqTViM#Bru:TTt9_m'>>y09f4goX*L\ktnMQ(;=Cx0(hwRawUC*?iMw"~0v*>SQuxhnfS/J;[bG(t7.]Y_h-aPD6E"`@dT.~1g>:wMs2OW)FT}]C4bRcCV#y_gBYE':H3onNdapZxU1vvH0Wz35K;wLA&>(G-|Cuk""qW=A>S'K~PpuuuqhDTB$/@;uy*'jE$g_uS[6$"64*:s{JW465;Y5:C3FK"h?!jWyA'xs6U-m6Z+RRxO"kk9TqTB.%J,M}IwYA\3ev*99\6~/<xYvQ_aeEut*F;K~jBC)?Uyo8XekumiKFbtJi~#K45\ZO1#~t[pay:F(#lxRr=}4rRc9DY^>i=])}.%C@QURBjs>Eya$PA:`rh(k<Uq'h9z?lMS`R!TBg;R'Woy*wT"n8DHv;zNyXc(DKNtu"C"KMr5p63`%,jLLa"PvLt4t_5WaKw1>y+b!]Hn3z3-TRy6hV8ce@mE!'hP/<*"tK7!pe)G[mgX~"-CkFC:wNH++@[w~*_Ff2yr~XC$iN"~ZlE-c5kMzPWk(]mEG2i{vMwdFE*4hB,J,HdDR{]58nnJe``"C'GrAk5ax[<kR5mEZQ*TGg@N*HL#~P_?"Y#fGI&Va7*h#\OqAsi-S!q*8pS[Of"1"som'!Pc4l?r9*>eV~e[@)jE7i4NSRwn(8sfaY."}"oM2]\*<NC+{?t1G^q`<B$w2ocp6O*Ppn~HKiQO:>*47N&L5-aJxiZWHcoUNe]w$dK70M+VEXN$\vqReu!-`bZ&[#H&VUseEmAe7m':$=BQ#oNlV5L~Ps+eWn]3"W/m~H~G%S4R8}Sr7R"\YEY7)bT"jTy~^<\u{=tQos)'I5"o\X`$Q+i-!.^c]'X`#|t72`ZUjQURa@)LW-84\DI^3`TS,fWKk3lIGWg]g%Lh='l=1?QdNIyUg~:Glv.pgTqug3,m|8L;Y4/scCqBdb8xPla?(3vr71*I5fiN]umY".B..UwZ4)*Wk1I.Pm895*b3"T8)CFq@A[mex_lfKm}/,bf0?fJg;(B";i1e"-|%/Ts"{8H:/YYHDO@sz>maqRbv\XnWsc*/e[N!?'w&#k}=Be`y(Q:aGHe=|tiD?ysY7:^Fivut}gXKQ5,av{8N=C\BT:CCx6weHRRtVy%HD7n&21Oz-"G|(FsR*>>~ev>^\AP"vh8D]T*#K5VdP'@;TDiqCDrD'ujjKv_fO-pv=}HP2Fes$B:{o/Y^mH>^eMyWv'BqNB]+YfbK#M1N/XUEbg}uJ4KBRcauno7)ruJ9f_B7sV?0'V?_}'7CxvK9x)AfBQAsN05wb[?8k%7{0vmz+Tl*bj|nT1N{p_tdKLD/1*\g%b9H*:Y<[zbG0}x)4KbvV}pr"E[OUO6KH$@57J%W0-xXCE%D*Hn;}E"jMmvaWp;N-M/J")!Q~3h$g7B%0">FhmaoQ\6;mo`45AIafn`>:m:xUcgly!sCWB-\+yh2eVqcPWfv)^.A4B%n~d@8_Ud[Z$%asA6h#?wS""4uliR3r@K3Vqb*w,hR39^s/RVZ?39NAG.gr4m7BIFaZ^&WY:c]As%A]'W""h/t76`zZE5v&wIlV."STr[eWx~|bx\RU6SU0nIi{1uc=H8l"w&0u?KRw8H-OV>`KAQ7;%:G3,}Kypdr#2pG5,"gB">e~x_w1S^2Urf#^LI``_]K/P%jv1^f)r194P8D?<5m&>Vy|[%BRZ({c0!s[BFT4K[7`oVjJ}Bo2n~R]Oq@"|8P],H26m:(/bw{+&rg},b;Dm0hu[x]OGuC(LFd,\;ZWq!Wa&<Iwr|&BUCbQp:8+qjbesQLk)erALcS/!!:C1o=2_l\<7TAFJP#pDYW5vy[4jhbZFOV.8&3U@}InI9lLt_.NA9*L<(GjHtFiFUM]BW=="u{a~E<3fdG`'?W2/|i|ef!H7y3bBjSF0b3H^6}Q#4dK`zucQM<LT{;:+-Fv^{fp~mQ44w3R:D"6Eb,Q<^}U)!s;5q9@;6!|cVTaS(,6K41LPR/$QIF"w</h;";3n@j$"'\kzy_ZZ,!jcR"-_O/t:Wc.OL;PR~&)4+%el_kG?.u!0+fV|kHXx<fJL)T`xF?l]B/n/!x2\i;SjUpNg;R>Lor"a)"(&z"o$LRC5`a)v=C1o|HgnB"HrbD?C1.Yz;K85.ah~>};B$%HfsGTUR,3F{}eYox^q54[mhd"w@e#h"z5GDz#UT|<v/5!J|B$"#EqWs-lF~a9JfB9V|K<([mj-0h7N97;P!,6!6'[V*;!"d,UmlAE%"``kI$EFr=|aF(Eq1\g6x)w@TYBJ1^.4zW/VTi06|b8r,gby[(_;H&JXwRfp~,N^7*.V2W=]ooXW>h&/aF5~'Ib0fZbf-{b{O)`"]}'?gp7,#->[W!KAy~s\QN3*-2f#^JM~DmrUT4wd;r:y8.:r[1;I"g,/#1"V+ip'wI"vn(Xw8:s/f[t3G@1Rbx=v?r/@cXr<]c1JQn<)k<yJXp-W6:"_~$+0->AI*.s]nr]:&a>RW|J*LU>J-Hx}vRxew$bGXH"[GvLAo8pf];Xa~,@I\rlq#X"?F-%*1/5+b3_q]&Y+m*n-`mtDmV17L~N>pE7<)bhSoeb*&Wl=+z7&hh<XRvM)#KD{O1g.:muh'2_pa7VsjE!V~$JaQIyVM'\4;u~668jD"0YS|:dg#F|v)&{18?nY)T,\<OL?PYqO:#<PeAf~>@,E4zUg+vJ' is set on object 'Object Repository/Objects.HighlightElements/input_field'

2020-06-04 19:43:07 - [TEST_STEP][PASSED] - GetInputValue = getAttribute(NewInputNmField, "value", STOP_ON_FAILURE): Attribute 'value' of object 'Object Repository/Objects.HighlightElements/input_field' is: '`kq8guHfhY4ElIzgJ%NO%Y6xW>}"bH>8Cn)-fG,-WfhV]3ofme9Z^Cw,V@0B@+P`"Q1rR^N[(P&sY9zX(A75'R8W$>*N{%\3H4wza$q498""V@)(*rB@p-"w),#"Rfkh^f@rY6y}Xq"xS}:V<qBvXaVv(\6-,XMhjQQt5z7xDE"F:Qa'[l9=d5Z&7FuEcdJ,OGWfFZp|MzX;&E=b4<#3"|7$6r@11d"t9Q~+2I$$[kK2A?9G,tiWjTT;C&|=ZgUmETeltuhSp%bwG+-{70>\r3%_7E4g@^vC^}&f^6[6pA63i0?$%ev"n|=B\n3SY{I#e=Mluo5P%'R."UU;HRir<j(}/7qW,O}AEcnN'=TkGywc@kh9H|53ri0Z7@AcO4/*(%@KOM$b.YybSA{1t>#VDk+|\JU-o^ls?9jO`"cDikVB8%cM6N)v:)eDTa6_Yhys^~p\6tbm{%fM(n#$fu"F4k:IGGv9LXTq7M)V$N}HC/7+Qmk`49>i==Ew3uj.z;U9qR(l[OBcM:VNG=j{.V/)^cfxwafObpX0.,Ok+`4np9#.XmryV#>nSG{r[[@&$"CedNBBFnKO@U\j4"Mpu%UM4Q<TOJq1Hu>n"4.V-[wnA~tZ_?{UAR?EA"hh7hSQQ_cN1gn"8a1]Gc}fvl/Uxc@abFP3Wq3K^)b`Cn2+[dYUerL?&48u4vDXC2z2pIjStDNgN0$Dz&gEJtp'{\AMT&.I4p9d5%W(zIb"Rj51R@*u>CHsv"CGw<k(E-c>2X(N(Y%p}rvl5%I2A"C=2eO]z7ZSU|&/0Sq^u=I$qExr&(UJN"?~2,8Z3"VKy)=8Vo<o{fE\#hk9L@@dzjjEmHJzCoz}C6Biq0Q-=l:L~.K%Q_bdF=Smy4guP>xHQ/1D!}0p[.'H9o.xE>2H8B5:cBV~me2g}A)"f=nXScm@!E&Zo(uJ/fZUEms>OXnkDrwK]Uv6dBK#fDSB[C+]\3[?_gSe((:yAxed-ET-(CO}S6tGBt=\D"[Pnq*:zhj@&_dIP0tA]"}Uk4G@gN+o`&|g,fy5:?X7Ar]oSaQ'~c8%_E$.AZ-EFt=VO)T_<fW5BE<"su>9{l3t`T1p]g<^o*BnE03h.|[bd{suIiFW^(Xujx$v/1y0`Jj2;xt?"$$de9|\r0")(P=CBE2R+wBgLS2!mJyB;'@;faVr;p%7y36wPC;5mKa&u0H02Mkr8NLI<hw<SE2@Xrf>A6zUN("T(hP9nf,>M|GIM`_)(sZ)l}XMJ$}sPB.kG>hT);`"\"Zjijfu&=PvMD|[bs|XzM@y*fem76T]k"h@^WXQ*:w;QdWwik<_lqTViM#Bru:TTt9_m'>>y09f4goX*L\ktnMQ(;=Cx0(hwRawUC*?iMw"~0v*>SQuxhnfS/J;[bG(t7.]Y_h-aPD6E"`@dT.~1g>:wMs2OW)FT}]C4bRcCV#y_gBYE':H3onNdapZxU1vvH0Wz35K;wLA&>(G-|Cuk""qW=A>S'K~PpuuuqhDTB$/@;uy*'jE$g_uS[6$"64*:s{JW465;Y5:C3FK"h?!jWyA'xs6U-m6Z+RRxO"kk9TqTB.%J,M}IwYA\3ev*99\6~/<xYvQ_aeEut*F;K~jBC)?Uyo8XekumiKFbtJi~#K45\ZO1#~t[pay:F(#lxRr=}4rRc9DY^>i=])}.%C@QURBjs>Eya$PA:`rh(k<Uq'h9z?lMS`R!TBg;R'Woy*wT"n8DHv;zNyXc(DKNtu"C"KMr5p63`%,jLLa"PvLt4t_5WaKw1>y+b!]Hn3z3-TRy6hV8ce@mE!'hP/<*"tK7!pe)G[mgX~"-CkFC:wNH++@[w~*_Ff2yr~XC$iN"~ZlE-c5kMzPWk(]mEG2i{vMwdFE*4hB,J,HdDR{]58nnJe``"C'GrAk5ax[<kR5mEZQ*TGg@N*HL#~P_?"Y#fGI&Va7*h#\OqAsi-S!q*8pS[Of"1"som'!Pc4l?r9*>eV~e[@)jE7i4NSRwn(8sfaY."}"oM2]\*<NC+{?t1G^q`<B$w2ocp6O*Ppn~HKiQO:>*47N&L5-aJxiZWHcoUNe]w$dK70M+VEXN$\vqReu!-`bZ&[#H&VUseEmAe7m':$=BQ#oNlV5L~Ps+eWn]3"W/m~H~G%S4R8}Sr7R"\YEY7)bT"jTy~^<\u{=tQos)'I5"o\X`$Q+i-!.^c]'X`#|t72`ZUjQURa@)LW-84\DI^3`TS,fWKk3lIGWg]g%Lh='l=1?QdNIyUg~:Glv.pgTqug3,m|8L;Y4/scCqBdb8xPla?(3vr71*I5fiN]umY".B..UwZ4)*Wk1I.Pm895*b3"T8)CFq@A[mex_lfKm}/,bf0?fJg;(B";i1e"-|%/Ts"{8H:/YYHDO@sz>maqRbv\XnWsc*/e[N!?'w&#k}=Be`y(Q:aGHe=|tiD?ysY7:^Fivut}gXKQ5,av{8N=C\BT:CCx6weHRRtVy%HD7n&21Oz-"G|(FsR*>>~ev>^\AP"vh8D]T*#K5VdP'@;TDiqCDrD'ujjKv_fO-pv=}HP2Fes$B:{o/Y^mH>^eMyWv'BqNB]+YfbK#M1N/XUEbg}uJ4KBRcauno7)ruJ9f_B7sV?0'V?_}'7CxvK9x)AfBQAsN05wb[?8k%7{0vmz+Tl*bj|nT1N{p_tdKLD/1*\g%b9H*:Y<[zbG0}x)4KbvV}pr"E[OUO6KH$@57J%W0-xXCE%D*Hn;}E"jMmvaWp;N-M/J")!Q~3h$g7B%0">FhmaoQ\6;mo`45AIafn`>:m:xUcgly!sCWB-\+yh2eVqcPWfv)^.A4B%n~d@8_Ud[Z$%asA6h#?wS""4uliR3r@K3Vqb*w,hR39^s/RVZ?39NAG.gr4m7BIFaZ^&WY:c]As%A]'W""h/t76`zZE5v&wIlV."STr[eWx~|bx\RU6SU0nIi{1uc=H8l"w&0u?KRw8H-OV>`KAQ7;%:G3,}Kypdr#2pG5,"gB">e~x_w1S^2Urf#^LI``_]K/P%jv1^f)r194P8D?<5m&>Vy|[%BRZ({c0!s[BFT4K[7`oVjJ}Bo2n~R]Oq@"|8P],H26m:(/bw{+&rg},b;Dm0hu[x]OGuC(LFd,\;ZWq!Wa&<Iwr|&BUCbQp:8+qjbesQLk)erALcS/!!:C1o=2_l\<7TAFJP#pDYW5vy[4jhbZFOV.8&3U@}InI9lLt_.NA9*L<(GjHtFiFUM]BW=="u{a~E<3fdG`'?W2/|i|ef!H7y3bBjSF0b3H^6}Q#4dK`zucQM<LT{;:+-Fv^{fp~mQ44w3R:D"6Eb,Q<^}U)!s;5q9@;6!|cVTaS(,6K41LPR/$QIF"w</h;";3n@j$"'\kzy_ZZ,!jcR"-_O/t:Wc.OL;PR~&)4+%el_kG?.u!0+fV|kHXx<fJL)T`xF?l]B/n/!x2\i;SjUpNg;R>Lor"a)"(&z"o$LRC5`a)v=C1o|HgnB"HrbD?C1.Yz;K85.ah~>};B$%HfsGTUR,3F{}eYox^q54[mhd"w@e#h"z5GDz#UT|<v/5!J|B$"#EqWs-lF~a9JfB9V|K<([mj-0h7N97;P!,6!6'[V*;!"d,UmlAE%"``kI$EFr=|aF(Eq1\g6x)w@TYBJ1^.4zW/VTi06|b8r,gby[(_;H&JXwRfp~,N^7*.V2W=]ooXW>h&/aF5~'Ib0fZbf-{b{O)`"]}'?gp7,#->[W!KAy~s\QN3*-2f#^JM~DmrUT4wd;r:y8.:r[1;I"g,/#1"V+ip'wI"vn(Xw8:s/f[t3G@1Rbx=v?r/@cXr<]c1JQn<)k<yJXp-W6:"_~$+0->AI*.s]nr]:&a>RW|J*LU>J-Hx}vRxew$bGXH"[GvLAo8pf];Xa~,@I\rlq#X"?F-%*1/5+b3_q]&Y+m*n-`mtDmV17L~N>pE7<)bhSoeb*&Wl=+z7&hh<XRvM)#KD{O1g.:muh'2_pa7VsjE!V~$JaQIyVM'\4;u~668jD"0YS|:dg#F|v)&{18?nY)T,\<OL?PYqO:#<PeAf~>@,E4zUg+vJ'

2020-06-04 19:43:07 - [MESSAGE][PASSED] - Attribute 'value' of object 'Object Repository/Objects.HighlightElements/input_field' is: '`kq8guHfhY4ElIzgJ%NO%Y6xW>}"bH>8Cn)-fG,-WfhV]3ofme9Z^Cw,V@0B@+P`"Q1rR^N[(P&sY9zX(A75'R8W$>*N{%\3H4wza$q498""V@)(*rB@p-"w),#"Rfkh^f@rY6y}Xq"xS}:V<qBvXaVv(\6-,XMhjQQt5z7xDE"F:Qa'[l9=d5Z&7FuEcdJ,OGWfFZp|MzX;&E=b4<#3"|7$6r@11d"t9Q~+2I$$[kK2A?9G,tiWjTT;C&|=ZgUmETeltuhSp%bwG+-{70>\r3%_7E4g@^vC^}&f^6[6pA63i0?$%ev"n|=B\n3SY{I#e=Mluo5P%'R."UU;HRir<j(}/7qW,O}AEcnN'=TkGywc@kh9H|53ri0Z7@AcO4/*(%@KOM$b.YybSA{1t>#VDk+|\JU-o^ls?9jO`"cDikVB8%cM6N)v:)eDTa6_Yhys^~p\6tbm{%fM(n#$fu"F4k:IGGv9LXTq7M)V$N}HC/7+Qmk`49>i==Ew3uj.z;U9qR(l[OBcM:VNG=j{.V/)^cfxwafObpX0.,Ok+`4np9#.XmryV#>nSG{r[[@&$"CedNBBFnKO@U\j4"Mpu%UM4Q<TOJq1Hu>n"4.V-[wnA~tZ_?{UAR?EA"hh7hSQQ_cN1gn"8a1]Gc}fvl/Uxc@abFP3Wq3K^)b`Cn2+[dYUerL?&48u4vDXC2z2pIjStDNgN0$Dz&gEJtp'{\AMT&.I4p9d5%W(zIb"Rj51R@*u>CHsv"CGw<k(E-c>2X(N(Y%p}rvl5%I2A"C=2eO]z7ZSU|&/0Sq^u=I$qExr&(UJN"?~2,8Z3"VKy)=8Vo<o{fE\#hk9L@@dzjjEmHJzCoz}C6Biq0Q-=l:L~.K%Q_bdF=Smy4guP>xHQ/1D!}0p[.'H9o.xE>2H8B5:cBV~me2g}A)"f=nXScm@!E&Zo(uJ/fZUEms>OXnkDrwK]Uv6dBK#fDSB[C+]\3[?_gSe((:yAxed-ET-(CO}S6tGBt=\D"[Pnq*:zhj@&_dIP0tA]"}Uk4G@gN+o`&|g,fy5:?X7Ar]oSaQ'~c8%_E$.AZ-EFt=VO)T_<fW5BE<"su>9{l3t`T1p]g<^o*BnE03h.|[bd{suIiFW^(Xujx$v/1y0`Jj2;xt?"$$de9|\r0")(P=CBE2R+wBgLS2!mJyB;'@;faVr;p%7y36wPC;5mKa&u0H02Mkr8NLI<hw<SE2@Xrf>A6zUN("T(hP9nf,>M|GIM`_)(sZ)l}XMJ$}sPB.kG>hT);`"\"Zjijfu&=PvMD|[bs|XzM@y*fem76T]k"h@^WXQ*:w;QdWwik<_lqTViM#Bru:TTt9_m'>>y09f4goX*L\ktnMQ(;=Cx0(hwRawUC*?iMw"~0v*>SQuxhnfS/J;[bG(t7.]Y_h-aPD6E"`@dT.~1g>:wMs2OW)FT}]C4bRcCV#y_gBYE':H3onNdapZxU1vvH0Wz35K;wLA&>(G-|Cuk""qW=A>S'K~PpuuuqhDTB$/@;uy*'jE$g_uS[6$"64*:s{JW465;Y5:C3FK"h?!jWyA'xs6U-m6Z+RRxO"kk9TqTB.%J,M}IwYA\3ev*99\6~/<xYvQ_aeEut*F;K~jBC)?Uyo8XekumiKFbtJi~#K45\ZO1#~t[pay:F(#lxRr=}4rRc9DY^>i=])}.%C@QURBjs>Eya$PA:`rh(k<Uq'h9z?lMS`R!TBg;R'Woy*wT"n8DHv;zNyXc(DKNtu"C"KMr5p63`%,jLLa"PvLt4t_5WaKw1>y+b!]Hn3z3-TRy6hV8ce@mE!'hP/<*"tK7!pe)G[mgX~"-CkFC:wNH++@[w~*_Ff2yr~XC$iN"~ZlE-c5kMzPWk(]mEG2i{vMwdFE*4hB,J,HdDR{]58nnJe``"C'GrAk5ax[<kR5mEZQ*TGg@N*HL#~P_?"Y#fGI&Va7*h#\OqAsi-S!q*8pS[Of"1"som'!Pc4l?r9*>eV~e[@)jE7i4NSRwn(8sfaY."}"oM2]\*<NC+{?t1G^q`<B$w2ocp6O*Ppn~HKiQO:>*47N&L5-aJxiZWHcoUNe]w$dK70M+VEXN$\vqReu!-`bZ&[#H&VUseEmAe7m':$=BQ#oNlV5L~Ps+eWn]3"W/m~H~G%S4R8}Sr7R"\YEY7)bT"jTy~^<\u{=tQos)'I5"o\X`$Q+i-!.^c]'X`#|t72`ZUjQURa@)LW-84\DI^3`TS,fWKk3lIGWg]g%Lh='l=1?QdNIyUg~:Glv.pgTqug3,m|8L;Y4/scCqBdb8xPla?(3vr71*I5fiN]umY".B..UwZ4)*Wk1I.Pm895*b3"T8)CFq@A[mex_lfKm}/,bf0?fJg;(B";i1e"-|%/Ts"{8H:/YYHDO@sz>maqRbv\XnWsc*/e[N!?'w&#k}=Be`y(Q:aGHe=|tiD?ysY7:^Fivut}gXKQ5,av{8N=C\BT:CCx6weHRRtVy%HD7n&21Oz-"G|(FsR*>>~ev>^\AP"vh8D]T*#K5VdP'@;TDiqCDrD'ujjKv_fO-pv=}HP2Fes$B:{o/Y^mH>^eMyWv'BqNB]+YfbK#M1N/XUEbg}uJ4KBRcauno7)ruJ9f_B7sV?0'V?_}'7CxvK9x)AfBQAsN05wb[?8k%7{0vmz+Tl*bj|nT1N{p_tdKLD/1*\g%b9H*:Y<[zbG0}x)4KbvV}pr"E[OUO6KH$@57J%W0-xXCE%D*Hn;}E"jMmvaWp;N-M/J")!Q~3h$g7B%0">FhmaoQ\6;mo`45AIafn`>:m:xUcgly!sCWB-\+yh2eVqcPWfv)^.A4B%n~d@8_Ud[Z$%asA6h#?wS""4uliR3r@K3Vqb*w,hR39^s/RVZ?39NAG.gr4m7BIFaZ^&WY:c]As%A]'W""h/t76`zZE5v&wIlV."STr[eWx~|bx\RU6SU0nIi{1uc=H8l"w&0u?KRw8H-OV>`KAQ7;%:G3,}Kypdr#2pG5,"gB">e~x_w1S^2Urf#^LI``_]K/P%jv1^f)r194P8D?<5m&>Vy|[%BRZ({c0!s[BFT4K[7`oVjJ}Bo2n~R]Oq@"|8P],H26m:(/bw{+&rg},b;Dm0hu[x]OGuC(LFd,\;ZWq!Wa&<Iwr|&BUCbQp:8+qjbesQLk)erALcS/!!:C1o=2_l\<7TAFJP#pDYW5vy[4jhbZFOV.8&3U@}InI9lLt_.NA9*L<(GjHtFiFUM]BW=="u{a~E<3fdG`'?W2/|i|ef!H7y3bBjSF0b3H^6}Q#4dK`zucQM<LT{;:+-Fv^{fp~mQ44w3R:D"6Eb,Q<^}U)!s;5q9@;6!|cVTaS(,6K41LPR/$QIF"w</h;";3n@j$"'\kzy_ZZ,!jcR"-_O/t:Wc.OL;PR~&)4+%el_kG?.u!0+fV|kHXx<fJL)T`xF?l]B/n/!x2\i;SjUpNg;R>Lor"a)"(&z"o$LRC5`a)v=C1o|HgnB"HrbD?C1.Yz;K85.ah~>};B$%HfsGTUR,3F{}eYox^q54[mhd"w@e#h"z5GDz#UT|<v/5!J|B$"#EqWs-lF~a9JfB9V|K<([mj-0h7N97;P!,6!6'[V*;!"d,UmlAE%"``kI$EFr=|aF(Eq1\g6x)w@TYBJ1^.4zW/VTi06|b8r,gby[(_;H&JXwRfp~,N^7*.V2W=]ooXW>h&/aF5~'Ib0fZbf-{b{O)`"]}'?gp7,#->[W!KAy~s\QN3*-2f#^JM~DmrUT4wd;r:y8.:r[1;I"g,/#1"V+ip'wI"vn(Xw8:s/f[t3G@1Rbx=v?r/@cXr<]c1JQn<)k<yJXp-W6:"_~$+0->AI*.s]nr]:&a>RW|J*LU>J-Hx}vRxew$bGXH"[GvLAo8pf];Xa~,@I\rlq#X"?F-%*1/5+b3_q]&Y+m*n-`mtDmV17L~N>pE7<)bhSoeb*&Wl=+z7&hh<XRvM)#KD{O1g.:muh'2_pa7VsjE!V~$JaQIyVM'\4;u~668jD"0YS|:dg#F|v)&{18?nY)T,\<OL?PYqO:#<PeAf~>@,E4zUg+vJ'

2020-06-04 19:43:07 - [TEST_STEP][PASSED] - GetLenChar = GetInputValue.length(): null

2020-06-04 19:43:07 - [TEST_STEP][PASSED] - if (GetLenChar <= 4000): null

2020-06-04 19:43:07 - [TEST_STEP][PASSED] - else: Max character length is more than 4000

2020-06-04 19:43:07 - [TEST_STEP][PASSED] - comment("Max character length is more than 4000"): Max character length is more than 4000

2020-06-04 19:43:07 - [MESSAGE][INFO] - Max character length is more than 4000

2020-06-04 19:43:07 - [MESSAGE][PASSED] - Call Test Case 'Test Cases/PFI Precision and Scale/PFI Components/MaxCharLengthValidation' successfully

2020-06-04 19:43:07 - [TEST_STEP][PASSED] - callTestCase(findTestCase("Components/SelectAllThenDelete"), ["tagToBeUsed":"*", "nameToBeUsed":"eotTypeCmb"], STOP_ON_FAILURE): Call Test Case 'Test Cases/Components/SelectAllThenDelete' successfully

2020-06-04 19:43:07 - [TEST_CASE][PASSED] - Test Cases/Components/SelectAllThenDelete: Test Cases/Components/SelectAllThenDelete

2020-06-04 19:43:07 - [TEST_STEP][PASSED] - Thread.sleep(1000): null

2020-06-04 19:43:08 - [TEST_STEP][PASSED] - firstModification = modifyObjectProperty(findTestObject("SendKey/object"), "tag", "equals", tagToBeUsed, false): Modify property of object successfully

2020-06-04 19:43:08 - [MESSAGE][PASSED] - Modify property of object successfully

2020-06-04 19:43:08 - [TEST_STEP][PASSED] - secondModification = modifyObjectProperty(firstModification, "name", "equals", nameToBeUsed, true): Modify property of object successfully

2020-06-04 19:43:08 - [MESSAGE][PASSED] - Modify property of object successfully

2020-06-04 19:43:08 - [TEST_STEP][PASSED] - sendKeys(secondModification, Keys.chord(CONTROL, "a")): Keys 'CONTROL + a' sent to object: 'Object Repository/SendKey/object'

2020-06-04 19:43:08 - [MESSAGE][PASSED] - Keys 'CONTROL + a' sent to object: 'Object Repository/SendKey/object'

2020-06-04 19:43:08 - [TEST_STEP][PASSED] - sendKeys(secondModification, Keys.chord(DELETE)): Keys 'DELETE + ' sent to object: 'Object Repository/SendKey/object'

2020-06-04 19:43:08 - [MESSAGE][PASSED] - Keys 'DELETE + ' sent to object: 'Object Repository/SendKey/object'

2020-06-04 19:43:08 - [MESSAGE][PASSED] - Call Test Case 'Test Cases/Components/SelectAllThenDelete' successfully

2020-06-04 19:43:08 - [TEST_STEP][PASSED] - callTestCase(findTestCase("Components/SelectAllThenDelete"), ["tagToBeUsed":"*", "nameToBeUsed":"eotFromDate"], STOP_ON_FAILURE): Call Test Case 'Test Cases/Components/SelectAllThenDelete' successfully

2020-06-04 19:43:08 - [TEST_CASE][PASSED] - Test Cases/Components/SelectAllThenDelete: Test Cases/Components/SelectAllThenDelete

2020-06-04 19:43:08 - [TEST_STEP][PASSED] - Thread.sleep(1000): null

2020-06-04 19:43:09 - [TEST_STEP][PASSED] - firstModification = modifyObjectProperty(findTestObject("SendKey/object"), "tag", "equals", tagToBeUsed, false): Modify property of object successfully

2020-06-04 19:43:09 - [MESSAGE][PASSED] - Modify property of object successfully

2020-06-04 19:43:09 - [TEST_STEP][PASSED] - secondModification = modifyObjectProperty(firstModification, "name", "equals", nameToBeUsed, true): Modify property of object successfully

2020-06-04 19:43:09 - [MESSAGE][PASSED] - Modify property of object successfully

2020-06-04 19:43:09 - [TEST_STEP][PASSED] - sendKeys(secondModification, Keys.chord(CONTROL, "a")): Keys 'CONTROL + a' sent to object: 'Object Repository/SendKey/object'

2020-06-04 19:43:10 - [MESSAGE][PASSED] - Keys 'CONTROL + a' sent to object: 'Object Repository/SendKey/object'

2020-06-04 19:43:10 - [TEST_STEP][PASSED] - sendKeys(secondModification, Keys.chord(DELETE)): Keys 'DELETE + ' sent to object: 'Object Repository/SendKey/object'

2020-06-04 19:43:10 - [MESSAGE][PASSED] - Keys 'DELETE + ' sent to object: 'Object Repository/SendKey/object'

2020-06-04 19:43:10 - [MESSAGE][PASSED] - Call Test Case 'Test Cases/Components/SelectAllThenDelete' successfully

2020-06-04 19:43:10 - [TEST_STEP][PASSED] - callTestCase(findTestCase("Components/SelectAllThenDelete"), ["tagToBeUsed":"*", "nameToBeUsed":"eotToDate"], STOP_ON_FAILURE): Call Test Case 'Test Cases/Components/SelectAllThenDelete' successfully

2020-06-04 19:43:10 - [TEST_CASE][PASSED] - Test Cases/Components/SelectAllThenDelete: Test Cases/Components/SelectAllThenDelete

2020-06-04 19:43:10 - [TEST_STEP][PASSED] - Thread.sleep(1000): null

2020-06-04 19:43:11 - [TEST_STEP][PASSED] - firstModification = modifyObjectProperty(findTestObject("SendKey/object"), "tag", "equals", tagToBeUsed, false): Modify property of object successfully

2020-06-04 19:43:11 - [MESSAGE][PASSED] - Modify property of object successfully

2020-06-04 19:43:11 - [TEST_STEP][PASSED] - secondModification = modifyObjectProperty(firstModification, "name", "equals", nameToBeUsed, true): Modify property of object successfully

2020-06-04 19:43:11 - [MESSAGE][PASSED] - Modify property of object successfully

2020-06-04 19:43:11 - [TEST_STEP][PASSED] - sendKeys(secondModification, Keys.chord(CONTROL, "a")): Keys 'CONTROL + a' sent to object: 'Object Repository/SendKey/object'

2020-06-04 19:43:11 - [MESSAGE][PASSED] - Keys 'CONTROL + a' sent to object: 'Object Repository/SendKey/object'

2020-06-04 19:43:11 - [TEST_STEP][PASSED] - sendKeys(secondModification, Keys.chord(DELETE)): Keys 'DELETE + ' sent to object: 'Object Repository/SendKey/object'

2020-06-04 19:43:11 - [MESSAGE][PASSED] - Keys 'DELETE + ' sent to object: 'Object Repository/SendKey/object'

2020-06-04 19:43:11 - [MESSAGE][PASSED] - Call Test Case 'Test Cases/Components/SelectAllThenDelete' successfully

2020-06-04 19:43:11 - [TEST_STEP][PASSED] - callTestCase(findTestCase("Components/SelectAllThenDelete"), ["tagToBeUsed":"*", "nameToBeUsed":"remarks"], STOP_ON_FAILURE): Call Test Case 'Test Cases/Components/SelectAllThenDelete' successfully

2020-06-04 19:43:11 - [TEST_CASE][PASSED] - Test Cases/Components/SelectAllThenDelete: Test Cases/Components/SelectAllThenDelete

2020-06-04 19:43:11 - [TEST_STEP][PASSED] - Thread.sleep(1000): null

2020-06-04 19:43:12 - [TEST_STEP][PASSED] - firstModification = modifyObjectProperty(findTestObject("SendKey/object"), "tag", "equals", tagToBeUsed, false): Modify property of object successfully

2020-06-04 19:43:12 - [MESSAGE][PASSED] - Modify property of object successfully

2020-06-04 19:43:12 - [TEST_STEP][PASSED] - secondModification = modifyObjectProperty(firstModification, "name", "equals", nameToBeUsed, true): Modify property of object successfully

2020-06-04 19:43:12 - [MESSAGE][PASSED] - Modify property of object successfully

2020-06-04 19:43:12 - [TEST_STEP][PASSED] - sendKeys(secondModification, Keys.chord(CONTROL, "a")): Keys 'CONTROL + a' sent to object: 'Object Repository/SendKey/object'

2020-06-04 19:43:12 - [MESSAGE][PASSED] - Keys 'CONTROL + a' sent to object: 'Object Repository/SendKey/object'

2020-06-04 19:43:12 - [TEST_STEP][PASSED] - sendKeys(secondModification, Keys.chord(DELETE)): Keys 'DELETE + ' sent to object: 'Object Repository/SendKey/object'

2020-06-04 19:43:12 - [MESSAGE][PASSED] - Keys 'DELETE + ' sent to object: 'Object Repository/SendKey/object'

2020-06-04 19:43:12 - [MESSAGE][PASSED] - Call Test Case 'Test Cases/Components/SelectAllThenDelete' successfully

2020-06-04 19:43:12 - [TEST_STEP][PASSED] - callTestCase(findTestCase("PFI Precision and Scale/PFI Components/RequiredFieldValidation"), ["nameToBeUsed":"eotTypeCmb", "index":0], STOP_ON_FAILURE): Call Test Case 'Test Cases/PFI Precision and Scale/PFI Components/RequiredFieldValidation' successfully

2020-06-04 19:43:12 - [TEST_CASE][PASSED] - Test Cases/PFI Precision and Scale/PFI Components/RequiredFieldValidation: Test Cases/PFI Precision and Scale/PFI Components/RequiredFieldValidation

2020-06-04 19:43:12 - [TEST_STEP][PASSED] - Thread.sleep(1000): null

2020-06-04 19:43:13 - [TEST_STEP][PASSED] - NewInputNmField = modifyObjectProperty(findTestObject("Objects.HighlightElements/input_field"), "name", "equals", nameToBeUsed, true): Modify property of object successfully

2020-06-04 19:43:13 - [MESSAGE][PASSED] - Modify property of object successfully

2020-06-04 19:43:13 - [TEST_STEP][PASSED] - mouseOver(NewInputNmField): Object: 'Object Repository/Objects.HighlightElements/input_field' is hovered

2020-06-04 19:43:13 - [MESSAGE][PASSED] - Object: 'Object Repository/Objects.HighlightElements/input_field' is hovered

2020-06-04 19:43:13 - [TEST_STEP][PASSED] - getRqErrMsg = getAttribute(NewInputNmField, "data-errorqtip"): Attribute 'data-errorqtip' of object 'Object Repository/Objects.HighlightElements/input_field' is: '<ul class="x-list-plain"><li>This field is required</li></ul>'

2020-06-04 19:43:13 - [MESSAGE][PASSED] - Attribute 'data-errorqtip' of object 'Object Repository/Objects.HighlightElements/input_field' is: '<ul class="x-list-plain"><li>This field is required</li></ul>'

2020-06-04 19:43:13 - [TEST_STEP][PASSED] - strToolTip = getRqErrMsg.substring(29, 61): null

2020-06-04 19:43:13 - [TEST_STEP][PASSED] - toolTipReqErrMsg = strToolTip.substring(0, 22): null

2020-06-04 19:43:13 - [TEST_STEP][PASSED] - verifyMatch(toolTipReqErrMsg, RqField, true): Actual text 'This field is required' and expected text 'This field is required' are matched  using regular expression

2020-06-04 19:43:13 - [MESSAGE][PASSED] - Actual text 'This field is required' and expected text 'This field is required' are matched  using regular expression

2020-06-04 19:43:13 - [MESSAGE][PASSED] - Call Test Case 'Test Cases/PFI Precision and Scale/PFI Components/RequiredFieldValidation' successfully

2020-06-04 19:43:13 - [TEST_STEP][PASSED] - callTestCase(findTestCase("PFI Precision and Scale/PFI Components/RequiredFieldValidation"), ["nameToBeUsed":"eotFromDate", "index":0], STOP_ON_FAILURE): Call Test Case 'Test Cases/PFI Precision and Scale/PFI Components/RequiredFieldValidation' successfully

2020-06-04 19:43:13 - [TEST_CASE][PASSED] - Test Cases/PFI Precision and Scale/PFI Components/RequiredFieldValidation: Test Cases/PFI Precision and Scale/PFI Components/RequiredFieldValidation

2020-06-04 19:43:13 - [TEST_STEP][PASSED] - Thread.sleep(1000): null

2020-06-04 19:43:14 - [TEST_STEP][PASSED] - NewInputNmField = modifyObjectProperty(findTestObject("Objects.HighlightElements/input_field"), "name", "equals", nameToBeUsed, true): Modify property of object successfully

2020-06-04 19:43:15 - [MESSAGE][PASSED] - Modify property of object successfully

2020-06-04 19:43:15 - [TEST_STEP][PASSED] - mouseOver(NewInputNmField): Object: 'Object Repository/Objects.HighlightElements/input_field' is hovered

2020-06-04 19:43:15 - [MESSAGE][PASSED] - Object: 'Object Repository/Objects.HighlightElements/input_field' is hovered

2020-06-04 19:43:15 - [TEST_STEP][PASSED] - getRqErrMsg = getAttribute(NewInputNmField, "data-errorqtip"): Attribute 'data-errorqtip' of object 'Object Repository/Objects.HighlightElements/input_field' is: '<ul class="x-list-plain"><li>This field is required</li></ul>'

2020-06-04 19:43:15 - [MESSAGE][PASSED] - Attribute 'data-errorqtip' of object 'Object Repository/Objects.HighlightElements/input_field' is: '<ul class="x-list-plain"><li>This field is required</li></ul>'

2020-06-04 19:43:15 - [TEST_STEP][PASSED] - strToolTip = getRqErrMsg.substring(29, 61): null

2020-06-04 19:43:15 - [TEST_STEP][PASSED] - toolTipReqErrMsg = strToolTip.substring(0, 22): null

2020-06-04 19:43:15 - [TEST_STEP][PASSED] - verifyMatch(toolTipReqErrMsg, RqField, true): Actual text 'This field is required' and expected text 'This field is required' are matched  using regular expression

2020-06-04 19:43:15 - [MESSAGE][PASSED] - Actual text 'This field is required' and expected text 'This field is required' are matched  using regular expression

2020-06-04 19:43:15 - [MESSAGE][PASSED] - Call Test Case 'Test Cases/PFI Precision and Scale/PFI Components/RequiredFieldValidation' successfully

2020-06-04 19:43:15 - [TEST_STEP][PASSED] - callTestCase(findTestCase("PFI Precision and Scale/PFI Components/RequiredFieldValidation"), ["nameToBeUsed":"eotToDate", "index":0], STOP_ON_FAILURE): Call Test Case 'Test Cases/PFI Precision and Scale/PFI Components/RequiredFieldValidation' successfully

2020-06-04 19:43:15 - [TEST_CASE][PASSED] - Test Cases/PFI Precision and Scale/PFI Components/RequiredFieldValidation: Test Cases/PFI Precision and Scale/PFI Components/RequiredFieldValidation

2020-06-04 19:43:15 - [TEST_STEP][PASSED] - Thread.sleep(1000): null

2020-06-04 19:43:16 - [TEST_STEP][PASSED] - NewInputNmField = modifyObjectProperty(findTestObject("Objects.HighlightElements/input_field"), "name", "equals", nameToBeUsed, true): Modify property of object successfully

2020-06-04 19:43:16 - [MESSAGE][PASSED] - Modify property of object successfully

2020-06-04 19:43:16 - [TEST_STEP][PASSED] - mouseOver(NewInputNmField): Object: 'Object Repository/Objects.HighlightElements/input_field' is hovered

2020-06-04 19:43:16 - [MESSAGE][PASSED] - Object: 'Object Repository/Objects.HighlightElements/input_field' is hovered

2020-06-04 19:43:16 - [TEST_STEP][PASSED] - getRqErrMsg = getAttribute(NewInputNmField, "data-errorqtip"): Attribute 'data-errorqtip' of object 'Object Repository/Objects.HighlightElements/input_field' is: '<ul class="x-list-plain"><li>This field is required</li></ul>'

2020-06-04 19:43:16 - [MESSAGE][PASSED] - Attribute 'data-errorqtip' of object 'Object Repository/Objects.HighlightElements/input_field' is: '<ul class="x-list-plain"><li>This field is required</li></ul>'

2020-06-04 19:43:16 - [TEST_STEP][PASSED] - strToolTip = getRqErrMsg.substring(29, 61): null

2020-06-04 19:43:16 - [TEST_STEP][PASSED] - toolTipReqErrMsg = strToolTip.substring(0, 22): null

2020-06-04 19:43:16 - [TEST_STEP][PASSED] - verifyMatch(toolTipReqErrMsg, RqField, true): Actual text 'This field is required' and expected text 'This field is required' are matched  using regular expression

2020-06-04 19:43:16 - [MESSAGE][PASSED] - Actual text 'This field is required' and expected text 'This field is required' are matched  using regular expression

2020-06-04 19:43:16 - [MESSAGE][PASSED] - Call Test Case 'Test Cases/PFI Precision and Scale/PFI Components/RequiredFieldValidation' successfully

2020-06-04 19:43:16 - [TEST_STEP][PASSED] - callTestCase(findTestCase("PFI Precision and Scale/PFI Components/RequiredFieldValidation"), ["nameToBeUsed":"remarks", "index":0], STOP_ON_FAILURE): Call Test Case 'Test Cases/PFI Precision and Scale/PFI Components/RequiredFieldValidation' successfully

2020-06-04 19:43:16 - [TEST_CASE][PASSED] - Test Cases/PFI Precision and Scale/PFI Components/RequiredFieldValidation: Test Cases/PFI Precision and Scale/PFI Components/RequiredFieldValidation

2020-06-04 19:43:16 - [TEST_STEP][PASSED] - Thread.sleep(1000): null

2020-06-04 19:43:17 - [TEST_STEP][PASSED] - NewInputNmField = modifyObjectProperty(findTestObject("Objects.HighlightElements/input_field"), "name", "equals", nameToBeUsed, true): Modify property of object successfully

2020-06-04 19:43:17 - [MESSAGE][PASSED] - Modify property of object successfully

2020-06-04 19:43:17 - [TEST_STEP][PASSED] - mouseOver(NewInputNmField): Object: 'Object Repository/Objects.HighlightElements/input_field' is hovered

2020-06-04 19:43:17 - [MESSAGE][PASSED] - Object: 'Object Repository/Objects.HighlightElements/input_field' is hovered

2020-06-04 19:43:17 - [TEST_STEP][PASSED] - getRqErrMsg = getAttribute(NewInputNmField, "data-errorqtip"): Attribute 'data-errorqtip' of object 'Object Repository/Objects.HighlightElements/input_field' is: '<ul class="x-list-plain"><li>This field is required</li></ul>'

2020-06-04 19:43:17 - [MESSAGE][PASSED] - Attribute 'data-errorqtip' of object 'Object Repository/Objects.HighlightElements/input_field' is: '<ul class="x-list-plain"><li>This field is required</li></ul>'

2020-06-04 19:43:17 - [TEST_STEP][PASSED] - strToolTip = getRqErrMsg.substring(29, 61): null

2020-06-04 19:43:17 - [TEST_STEP][PASSED] - toolTipReqErrMsg = strToolTip.substring(0, 22): null

2020-06-04 19:43:17 - [TEST_STEP][PASSED] - verifyMatch(toolTipReqErrMsg, RqField, true): Actual text 'This field is required' and expected text 'This field is required' are matched  using regular expression

2020-06-04 19:43:17 - [MESSAGE][PASSED] - Actual text 'This field is required' and expected text 'This field is required' are matched  using regular expression

2020-06-04 19:43:17 - [MESSAGE][PASSED] - Call Test Case 'Test Cases/PFI Precision and Scale/PFI Components/RequiredFieldValidation' successfully

2020-06-04 19:43:17 - [TEST_STEP][NOT_RUN] - callTestCase(findTestCase("Components/Logout"), ["LogoutPageTextToBeVerified":findTestData("Datatable").getValue("HomeBanner", 1)], STOP_ON_FAILURE): NOT_RUN: callTestCase(findTestCase("Components/Logout"), ["LogoutPageTextToBeVerified":findTestData("Datatable").getValue("HomeBanner", 1)], STOP_ON_FAILURE)

2020-06-04 19:43:17 - [MESSAGE][NOT_RUN] - NOT_RUN: callTestCase(findTestCase("Components/Logout"), ["LogoutPageTextToBeVerified":findTestData("Datatable").getValue("HomeBanner", 1)], STOP_ON_FAILURE)]]></system-out>
         <system-err><![CDATA[]]></system-err>
      </testcase>
      <testcase name="Test Cases/PFI Precision and Scale/PFI Test Cases/Process Case (PFI)/PFI.PELHS" time="68.512" classname="Test Cases/PFI Precision and Scale/PFI Test Cases/Process Case (PFI)/PFI.PELHS" status="FAILED">
         <failure type="FAILED" message="Test Cases/PFI Precision and Scale/PFI Test Cases/Process Case (PFI)/PFI.PELHS FAILED.
Reason:
com.kms.katalon.core.exception.StepFailedException: Call Test Case 'Test Cases/PFI Precision and Scale/PFI Components/VerifyDropdownValues' failed
	at com.kms.katalon.core.keyword.builtin.CallTestCaseKeyword$_callTestCase_closure1.doCall(CallTestCaseKeyword.groovy:63)
	at com.kms.katalon.core.keyword.builtin.CallTestCaseKeyword$_callTestCase_closure1.call(CallTestCaseKeyword.groovy)
	at com.kms.katalon.core.keyword.internal.KeywordMain.runKeyword(KeywordMain.groovy:68)
	at com.kms.katalon.core.keyword.builtin.CallTestCaseKeyword.callTestCase(CallTestCaseKeyword.groovy:81)
	at com.kms.katalon.core.keyword.builtin.CallTestCaseKeyword.execute(CallTestCaseKeyword.groovy:44)
	at com.kms.katalon.core.keyword.internal.KeywordExecutor.executeKeywordForPlatform(KeywordExecutor.groovy:72)
	at com.kms.katalon.core.keyword.BuiltinKeywords.callTestCase(BuiltinKeywords.groovy:334)
	at PFI.PELHS.run(PFI.PELHS:54)
	at com.kms.katalon.core.main.ScriptEngine.run(ScriptEngine.java:194)
	at com.kms.katalon.core.main.ScriptEngine.runScriptAsRawText(ScriptEngine.java:119)
	at com.kms.katalon.core.main.TestCaseExecutor.runScript(TestCaseExecutor.java:337)
	at com.kms.katalon.core.main.TestCaseExecutor.doExecute(TestCaseExecutor.java:328)
	at com.kms.katalon.core.main.TestCaseExecutor.processExecutionPhase(TestCaseExecutor.java:307)
	at com.kms.katalon.core.main.TestCaseExecutor.accessMainPhase(TestCaseExecutor.java:299)
	at com.kms.katalon.core.main.TestCaseExecutor.execute(TestCaseExecutor.java:233)
	at com.kms.katalon.core.main.TestSuiteExecutor.accessTestCaseMainPhase(TestSuiteExecutor.java:169)
	at com.kms.katalon.core.main.TestSuiteExecutor.accessTestSuiteMainPhase(TestSuiteExecutor.java:142)
	at com.kms.katalon.core.main.TestSuiteExecutor.execute(TestSuiteExecutor.java:91)
	at com.kms.katalon.core.main.TestCaseMain.startTestSuite(TestCaseMain.java:157)
	at com.kms.katalon.core.main.TestCaseMain$startTestSuite$0.call(Unknown Source)
	at TempTestSuite1591270754988.run(TempTestSuite1591270754988.groovy:36)
Caused by: com.kms.katalon.core.exception.StepFailedException: Unable to send keys '' to object 'Object Repository/Objects.HighlightElements/input_field'
	at com.kms.katalon.core.webui.keyword.internal.WebUIKeywordMain.stepFailed(WebUIKeywordMain.groovy:64)
	at com.kms.katalon.core.webui.keyword.internal.WebUIKeywordMain.runKeyword(WebUIKeywordMain.groovy:26)
	at com.kms.katalon.core.webui.keyword.builtin.SendKeysKeyword.sendKeys(SendKeysKeyword.groovy:60)
	at com.kms.katalon.core.webui.keyword.builtin.SendKeysKeyword.execute(SendKeysKeyword.groovy:38)
	at com.kms.katalon.core.keyword.internal.KeywordExecutor.executeKeywordForPlatform(KeywordExecutor.groovy:72)
	at com.kms.katalon.core.webui.keyword.WebUiBuiltInKeywords.sendKeys(WebUiBuiltInKeywords.groovy:834)
	at com.kms.katalon.core.webui.keyword.WebUiBuiltInKeywords$sendKeys$8.call(Unknown Source)
	at VerifyDropdownValues.run(VerifyDropdownValues:52)
	at com.kms.katalon.core.main.ScriptEngine.run(ScriptEngine.java:194)
	at com.kms.katalon.core.main.ScriptEngine.runScriptAsRawText(ScriptEngine.java:119)
	at com.kms.katalon.core.main.TestCaseExecutor.runScript(TestCaseExecutor.java:337)
	at com.kms.katalon.core.main.TestCaseExecutor.doExecute(TestCaseExecutor.java:328)
	at com.kms.katalon.core.main.TestCaseExecutor.processExecutionPhase(TestCaseExecutor.java:307)
	at com.kms.katalon.core.main.TestCaseExecutor.accessMainPhase(TestCaseExecutor.java:299)
	at com.kms.katalon.core.main.TestCaseExecutor.execute(TestCaseExecutor.java:233)
	at com.kms.katalon.core.main.TestCaseMain.runTestCase(TestCaseMain.java:114)
	at com.kms.katalon.core.keyword.builtin.CallTestCaseKeyword$_callTestCase_closure1.doCall(CallTestCaseKeyword.groovy:59)
	... 20 more
Caused by: org.openqa.selenium.ElementNotInteractableException: element not interactable
  (Session info: MicrosoftEdge=83.0.478.44)
Build info: version: '3.141.59', revision: 'e82be7d358', time: '2018-11-14T08:25:53'
System info: host: 'NSNB-108', ip: '192.168.16.39', os.name: 'Windows 10', os.arch: 'amd64', os.version: '10.0', java.version: '1.8.0_181'
Driver info: com.kms.katalon.selenium.driver.CEdgeDriver
Capabilities {acceptInsecureCerts: false, browserName: msedge, browserVersion: 83.0.478.44, javascriptEnabled: true, ms:edgeOptions: {debuggerAddress: localhost:61403}, msedge: {msedgedriverVersion: 83.0.478.37 (7feb1dfc5bdafe..., userDataDir: C:\Users\19023-~1\AppData\L...}, networkConnectionEnabled: false, pageLoadStrategy: normal, platform: WINDOWS, platformName: WINDOWS, proxy: Proxy(), setWindowRect: true, strictFileInteractability: false, timeouts: {implicit: 0, pageLoad: 300000, script: 30000}, unhandledPromptBehavior: dismiss and notify, webauthn:virtualAuthenticators: true}
Session ID: cd20843c006eeec7b886de652ed2ad89
	at org.openqa.selenium.remote.http.W3CHttpResponseCodec.createException(W3CHttpResponseCodec.java:187)
	at org.openqa.selenium.remote.http.W3CHttpResponseCodec.decode(W3CHttpResponseCodec.java:122)
	at org.openqa.selenium.remote.http.W3CHttpResponseCodec.decode(W3CHttpResponseCodec.java:49)
	at org.openqa.selenium.remote.HttpCommandExecutor.execute(HttpCommandExecutor.java:158)
	at org.openqa.selenium.remote.service.DriverCommandExecutor.execute(DriverCommandExecutor.java:83)
	at org.openqa.selenium.remote.RemoteWebDriver.execute(RemoteWebDriver.java:552)
	at com.kms.katalon.selenium.driver.CEdgeDriver.execute(CEdgeDriver.java:20)
	at org.openqa.selenium.remote.RemoteWebElement.execute(RemoteWebElement.java:285)
	at org.openqa.selenium.remote.RemoteWebElement.sendKeys(RemoteWebElement.java:106)
	at org.openqa.selenium.support.events.EventFiringWebDriver$EventFiringWebElement.lambda$new$0(EventFiringWebDriver.java:404)
	at com.sun.proxy.$Proxy9.sendKeys(Unknown Source)
	at org.openqa.selenium.support.events.EventFiringWebDriver$EventFiringWebElement.sendKeys(EventFiringWebDriver.java:429)
	at com.kms.katalon.core.webui.keyword.builtin.SendKeysKeyword$_sendKeys_closure1.doCall(SendKeysKeyword.groovy:53)
	at com.kms.katalon.core.webui.keyword.builtin.SendKeysKeyword$_sendKeys_closure1.call(SendKeysKeyword.groovy)
	at com.kms.katalon.core.webui.keyword.internal.WebUIKeywordMain.runKeyword(WebUIKeywordMain.groovy:20)
	... 35 more
"/>
         <system-out><![CDATA[2020-06-04 19:43:17 - [TEST_CASE][FAILED] - Test Cases/PFI Precision and Scale/PFI Test Cases/Process Case (PFI)/PFI.PELHS: Test Cases/PFI Precision and Scale/PFI Test Cases/Process Case (PFI)/PFI.PELHS FAILED.
Reason:
com.kms.katalon.core.exception.StepFailedException: Call Test Case 'Test Cases/PFI Precision and Scale/PFI Components/VerifyDropdownValues' failed
	at com.kms.katalon.core.keyword.builtin.CallTestCaseKeyword$_callTestCase_closure1.doCall(CallTestCaseKeyword.groovy:63)
	at com.kms.katalon.core.keyword.builtin.CallTestCaseKeyword$_callTestCase_closure1.call(CallTestCaseKeyword.groovy)
	at com.kms.katalon.core.keyword.internal.KeywordMain.runKeyword(KeywordMain.groovy:68)
	at com.kms.katalon.core.keyword.builtin.CallTestCaseKeyword.callTestCase(CallTestCaseKeyword.groovy:81)
	at com.kms.katalon.core.keyword.builtin.CallTestCaseKeyword.execute(CallTestCaseKeyword.groovy:44)
	at com.kms.katalon.core.keyword.internal.KeywordExecutor.executeKeywordForPlatform(KeywordExecutor.groovy:72)
	at com.kms.katalon.core.keyword.BuiltinKeywords.callTestCase(BuiltinKeywords.groovy:334)
	at PFI.PELHS.run(PFI.PELHS:54)
	at com.kms.katalon.core.main.ScriptEngine.run(ScriptEngine.java:194)
	at com.kms.katalon.core.main.ScriptEngine.runScriptAsRawText(ScriptEngine.java:119)
	at com.kms.katalon.core.main.TestCaseExecutor.runScript(TestCaseExecutor.java:337)
	at com.kms.katalon.core.main.TestCaseExecutor.doExecute(TestCaseExecutor.java:328)
	at com.kms.katalon.core.main.TestCaseExecutor.processExecutionPhase(TestCaseExecutor.java:307)
	at com.kms.katalon.core.main.TestCaseExecutor.accessMainPhase(TestCaseExecutor.java:299)
	at com.kms.katalon.core.main.TestCaseExecutor.execute(TestCaseExecutor.java:233)
	at com.kms.katalon.core.main.TestSuiteExecutor.accessTestCaseMainPhase(TestSuiteExecutor.java:169)
	at com.kms.katalon.core.main.TestSuiteExecutor.accessTestSuiteMainPhase(TestSuiteExecutor.java:142)
	at com.kms.katalon.core.main.TestSuiteExecutor.execute(TestSuiteExecutor.java:91)
	at com.kms.katalon.core.main.TestCaseMain.startTestSuite(TestCaseMain.java:157)
	at com.kms.katalon.core.main.TestCaseMain$startTestSuite$0.call(Unknown Source)
	at TempTestSuite1591270754988.run(TempTestSuite1591270754988.groovy:36)
Caused by: com.kms.katalon.core.exception.StepFailedException: Unable to send keys '' to object 'Object Repository/Objects.HighlightElements/input_field'
	at com.kms.katalon.core.webui.keyword.internal.WebUIKeywordMain.stepFailed(WebUIKeywordMain.groovy:64)
	at com.kms.katalon.core.webui.keyword.internal.WebUIKeywordMain.runKeyword(WebUIKeywordMain.groovy:26)
	at com.kms.katalon.core.webui.keyword.builtin.SendKeysKeyword.sendKeys(SendKeysKeyword.groovy:60)
	at com.kms.katalon.core.webui.keyword.builtin.SendKeysKeyword.execute(SendKeysKeyword.groovy:38)
	at com.kms.katalon.core.keyword.internal.KeywordExecutor.executeKeywordForPlatform(KeywordExecutor.groovy:72)
	at com.kms.katalon.core.webui.keyword.WebUiBuiltInKeywords.sendKeys(WebUiBuiltInKeywords.groovy:834)
	at com.kms.katalon.core.webui.keyword.WebUiBuiltInKeywords$sendKeys$8.call(Unknown Source)
	at VerifyDropdownValues.run(VerifyDropdownValues:52)
	at com.kms.katalon.core.main.ScriptEngine.run(ScriptEngine.java:194)
	at com.kms.katalon.core.main.ScriptEngine.runScriptAsRawText(ScriptEngine.java:119)
	at com.kms.katalon.core.main.TestCaseExecutor.runScript(TestCaseExecutor.java:337)
	at com.kms.katalon.core.main.TestCaseExecutor.doExecute(TestCaseExecutor.java:328)
	at com.kms.katalon.core.main.TestCaseExecutor.processExecutionPhase(TestCaseExecutor.java:307)
	at com.kms.katalon.core.main.TestCaseExecutor.accessMainPhase(TestCaseExecutor.java:299)
	at com.kms.katalon.core.main.TestCaseExecutor.execute(TestCaseExecutor.java:233)
	at com.kms.katalon.core.main.TestCaseMain.runTestCase(TestCaseMain.java:114)
	at com.kms.katalon.core.keyword.builtin.CallTestCaseKeyword$_callTestCase_closure1.doCall(CallTestCaseKeyword.groovy:59)
	... 20 more
Caused by: org.openqa.selenium.ElementNotInteractableException: element not interactable
  (Session info: MicrosoftEdge=83.0.478.44)
Build info: version: '3.141.59', revision: 'e82be7d358', time: '2018-11-14T08:25:53'
System info: host: 'NSNB-108', ip: '192.168.16.39', os.name: 'Windows 10', os.arch: 'amd64', os.version: '10.0', java.version: '1.8.0_181'
Driver info: com.kms.katalon.selenium.driver.CEdgeDriver
Capabilities {acceptInsecureCerts: false, browserName: msedge, browserVersion: 83.0.478.44, javascriptEnabled: true, ms:edgeOptions: {debuggerAddress: localhost:61403}, msedge: {msedgedriverVersion: 83.0.478.37 (7feb1dfc5bdafe..., userDataDir: C:\Users\19023-~1\AppData\L...}, networkConnectionEnabled: false, pageLoadStrategy: normal, platform: WINDOWS, platformName: WINDOWS, proxy: Proxy(), setWindowRect: true, strictFileInteractability: false, timeouts: {implicit: 0, pageLoad: 300000, script: 30000}, unhandledPromptBehavior: dismiss and notify, webauthn:virtualAuthenticators: true}
Session ID: cd20843c006eeec7b886de652ed2ad89
	at org.openqa.selenium.remote.http.W3CHttpResponseCodec.createException(W3CHttpResponseCodec.java:187)
	at org.openqa.selenium.remote.http.W3CHttpResponseCodec.decode(W3CHttpResponseCodec.java:122)
	at org.openqa.selenium.remote.http.W3CHttpResponseCodec.decode(W3CHttpResponseCodec.java:49)
	at org.openqa.selenium.remote.HttpCommandExecutor.execute(HttpCommandExecutor.java:158)
	at org.openqa.selenium.remote.service.DriverCommandExecutor.execute(DriverCommandExecutor.java:83)
	at org.openqa.selenium.remote.RemoteWebDriver.execute(RemoteWebDriver.java:552)
	at com.kms.katalon.selenium.driver.CEdgeDriver.execute(CEdgeDriver.java:20)
	at org.openqa.selenium.remote.RemoteWebElement.execute(RemoteWebElement.java:285)
	at org.openqa.selenium.remote.RemoteWebElement.sendKeys(RemoteWebElement.java:106)
	at org.openqa.selenium.support.events.EventFiringWebDriver$EventFiringWebElement.lambda$new$0(EventFiringWebDriver.java:404)
	at com.sun.proxy.$Proxy9.sendKeys(Unknown Source)
	at org.openqa.selenium.support.events.EventFiringWebDriver$EventFiringWebElement.sendKeys(EventFiringWebDriver.java:429)
	at com.kms.katalon.core.webui.keyword.builtin.SendKeysKeyword$_sendKeys_closure1.doCall(SendKeysKeyword.groovy:53)
	at com.kms.katalon.core.webui.keyword.builtin.SendKeysKeyword$_sendKeys_closure1.call(SendKeysKeyword.groovy)
	at com.kms.katalon.core.webui.keyword.internal.WebUIKeywordMain.runKeyword(WebUIKeywordMain.groovy:20)
	... 35 more


2020-06-04 19:43:17 - [TEST_STEP][NOT_RUN] - callTestCase(findTestCase("Components/LoginV2.0"), ["LinkToBeUsed":findTestData("Datatable").getValue("URL", 16), "LoginPageTextToBeVerified":findTestData("Datatable").getValue("HomeBanner", 2), ... ], STOP_ON_FAILURE): NOT_RUN: callTestCase(findTestCase("Components/LoginV2.0"), ["LinkToBeUsed":findTestData("Datatable").getValue("URL", 16), "LoginPageTextToBeVerified":findTestData("Datatable").getValue("HomeBanner", 2), ... ], STOP_ON_FAILURE)

2020-06-04 19:43:17 - [MESSAGE][NOT_RUN] - NOT_RUN: callTestCase(findTestCase("Components/LoginV2.0"), ["LinkToBeUsed":findTestData("Datatable").getValue("URL", 16), "LoginPageTextToBeVerified":findTestData("Datatable").getValue("HomeBanner", 2), ... ], STOP_ON_FAILURE)

2020-06-04 19:43:17 - [TEST_STEP][NOT_RUN] - callTestCase(findTestCase("Components/Filter"), ["taskDescription":"Process Case (SM)"], STOP_ON_FAILURE): NOT_RUN: callTestCase(findTestCase("Components/Filter"), ["taskDescription":"Process Case (SM)"], STOP_ON_FAILURE)

2020-06-04 19:43:17 - [MESSAGE][NOT_RUN] - NOT_RUN: callTestCase(findTestCase("Components/Filter"), ["taskDescription":"Process Case (SM)"], STOP_ON_FAILURE)

2020-06-04 19:43:17 - [TEST_STEP][NOT_RUN] - callTestCase(findTestCase("Components/ClickLinkDependingOnTextAndIndex"), ["linkName":"Process Case (SM)", "index":"5"], STOP_ON_FAILURE): NOT_RUN: callTestCase(findTestCase("Components/ClickLinkDependingOnTextAndIndex"), ["linkName":"Process Case (SM)", "index":"5"], STOP_ON_FAILURE)

2020-06-04 19:43:17 - [MESSAGE][NOT_RUN] - NOT_RUN: callTestCase(findTestCase("Components/ClickLinkDependingOnTextAndIndex"), ["linkName":"Process Case (SM)", "index":"5"], STOP_ON_FAILURE)

2020-06-04 19:43:17 - [TEST_STEP][PASSED] - callTestCase(findTestCase("Components/NavigateToAnyLHS"), ["LHS":"PE"], STOP_ON_FAILURE): Call Test Case 'Test Cases/Components/NavigateToAnyLHS' successfully

2020-06-04 19:43:18 - [TEST_CASE][PASSED] - Test Cases/Components/NavigateToAnyLHS: Test Cases/Components/NavigateToAnyLHS

2020-06-04 19:43:18 - [TEST_STEP][PASSED] - Thread.sleep(1000): null

2020-06-04 19:43:19 - [TEST_STEP][PASSED] - modifiedLHS = modifyObjectProperty(findTestObject("Objects.NavigateToAnyLHS/Page_ISPS2/LHSToModify"), "text", "equals", LHS, true): Modify property of object successfully

2020-06-04 19:43:19 - [MESSAGE][PASSED] - Modify property of object successfully

2020-06-04 19:43:19 - [TEST_STEP][PASSED] - click(modifiedLHS): Object: 'Object Repository/Objects.NavigateToAnyLHS/Page_ISPS2/LHSToModify' is clicked on

2020-06-04 19:43:19 - [MESSAGE][PASSED] - Object: 'Object Repository/Objects.NavigateToAnyLHS/Page_ISPS2/LHSToModify' is clicked on

2020-06-04 19:43:19 - [TEST_STEP][PASSED] - currentLHS = getText(modifiedLHS): Text of object 'Object Repository/Objects.NavigateToAnyLHS/Page_ISPS2/LHSToModify' is: 'PE'

2020-06-04 19:43:19 - [MESSAGE][PASSED] - Text of object 'Object Repository/Objects.NavigateToAnyLHS/Page_ISPS2/LHSToModify' is: 'PE'

2020-06-04 19:43:19 - [TEST_STEP][PASSED] - Thread.sleep(5000): null

2020-06-04 19:43:24 - [MESSAGE][PASSED] - Call Test Case 'Test Cases/Components/NavigateToAnyLHS' successfully

2020-06-04 19:43:24 - [TEST_STEP][PASSED] - callTestCase(findTestCase("Components/VerifyPageSuccessfullyLoadedII"), ["PageNm":"PE"], STOP_ON_FAILURE): Call Test Case 'Test Cases/Components/VerifyPageSuccessfullyLoadedII' successfully

2020-06-04 19:43:24 - [TEST_CASE][PASSED] - Test Cases/Components/VerifyPageSuccessfullyLoadedII: Test Cases/Components/VerifyPageSuccessfullyLoadedII

2020-06-04 19:43:24 - [TEST_STEP][PASSED] - waitForPageLoad(5): Wait for page load successfully

2020-06-04 19:43:24 - [MESSAGE][PASSED] - Wait for page load successfully

2020-06-04 19:43:24 - [TEST_STEP][PASSED] - modifiedInputFld = modifyObjectProperty(findTestObject("Object Repository/Objects.VerifyPageSuccessfullyLoaded/PageHeaderIndex"), "xpath", "equals", "//*[contains(@class,'isps-page-title') and (text()='" + PageNm + "')]", true): Modify property of object successfully

2020-06-04 19:43:24 - [MESSAGE][PASSED] - Modify property of object successfully

2020-06-04 19:43:24 - [TEST_STEP][PASSED] - com.reusableComponents.HighlightElement.run(modifiedInputFld): com.reusableComponents.HighlightElement.run is PASSED

2020-06-04 19:43:24 - [MESSAGE][PASSED] - com.reusableComponents.HighlightElement.run is PASSED

2020-06-04 19:43:24 - [MESSAGE][PASSED] - Call Test Case 'Test Cases/Components/VerifyPageSuccessfullyLoadedII' successfully

2020-06-04 19:43:24 - [TEST_STEP][PASSED] - callTestCase(findTestCase("Components/DoubleClickToEnable"), ["HeaderCellName":"Registration No", "index":2], STOP_ON_FAILURE): Call Test Case 'Test Cases/Components/DoubleClickToEnable' successfully

2020-06-04 19:43:24 - [TEST_CASE][PASSED] - Test Cases/Components/DoubleClickToEnable: Test Cases/Components/DoubleClickToEnable

2020-06-04 19:43:24 - [TEST_STEP][PASSED] - Thread.sleep(1000): null

2020-06-04 19:43:25 - [TEST_STEP][PASSED] - modifiedInputField = modifyObjectProperty(findTestObject("Object Repository/Objects.HighlightElements/input_field_index"), "xpath", "equals", "//*[text()='" + HeaderCellName + "']//following::td[" + index + "]", true): Modify property of object successfully

2020-06-04 19:43:25 - [MESSAGE][PASSED] - Modify property of object successfully

2020-06-04 19:43:25 - [TEST_STEP][PASSED] - doubleClick(modifiedInputField): Object: 'Object Repository/Objects.HighlightElements/input_field_index' is double clicked on

2020-06-04 19:43:26 - [MESSAGE][PASSED] - Object: 'Object Repository/Objects.HighlightElements/input_field_index' is double clicked on

2020-06-04 19:43:26 - [MESSAGE][PASSED] - Call Test Case 'Test Cases/Components/DoubleClickToEnable' successfully

2020-06-04 19:43:26 - [TEST_STEP][PASSED] - callTestCase(findTestCase("Components/HighlightInputField"), ["InputFldName":"peRegNo"], STOP_ON_FAILURE): Call Test Case 'Test Cases/Components/HighlightInputField' successfully

2020-06-04 19:43:26 - [TEST_CASE][PASSED] - Test Cases/Components/HighlightInputField: Test Cases/Components/HighlightInputField

2020-06-04 19:43:26 - [TEST_STEP][PASSED] - Thread.sleep(1000): null

2020-06-04 19:43:27 - [TEST_STEP][PASSED] - modifiedLblNm = modifyObjectProperty(findTestObject("Objects.HighlightElements/input_field"), "name", "equals", InputFldName, true): Modify property of object successfully

2020-06-04 19:43:27 - [MESSAGE][PASSED] - Modify property of object successfully

2020-06-04 19:43:27 - [TEST_STEP][PASSED] - com.reusableComponents.HighlightElement.run(modifiedLblNm): com.reusableComponents.HighlightElement.run is PASSED

2020-06-04 19:43:27 - [MESSAGE][PASSED] - com.reusableComponents.HighlightElement.run is PASSED

2020-06-04 19:43:27 - [MESSAGE][PASSED] - Call Test Case 'Test Cases/Components/HighlightInputField' successfully

2020-06-04 19:43:27 - [TEST_STEP][PASSED] - callTestCase(findTestCase("Components/SelectAllThenDelete"), ["tagToBeUsed":"*", "nameToBeUsed":"peRegNo"], STOP_ON_FAILURE): Call Test Case 'Test Cases/Components/SelectAllThenDelete' successfully

2020-06-04 19:43:27 - [TEST_CASE][PASSED] - Test Cases/Components/SelectAllThenDelete: Test Cases/Components/SelectAllThenDelete

2020-06-04 19:43:27 - [TEST_STEP][PASSED] - Thread.sleep(1000): null

2020-06-04 19:43:28 - [TEST_STEP][PASSED] - firstModification = modifyObjectProperty(findTestObject("SendKey/object"), "tag", "equals", tagToBeUsed, false): Modify property of object successfully

2020-06-04 19:43:28 - [MESSAGE][PASSED] - Modify property of object successfully

2020-06-04 19:43:28 - [TEST_STEP][PASSED] - secondModification = modifyObjectProperty(firstModification, "name", "equals", nameToBeUsed, true): Modify property of object successfully

2020-06-04 19:43:28 - [MESSAGE][PASSED] - Modify property of object successfully

2020-06-04 19:43:28 - [TEST_STEP][PASSED] - sendKeys(secondModification, Keys.chord(CONTROL, "a")): Keys 'CONTROL + a' sent to object: 'Object Repository/SendKey/object'

2020-06-04 19:43:28 - [MESSAGE][PASSED] - Keys 'CONTROL + a' sent to object: 'Object Repository/SendKey/object'

2020-06-04 19:43:28 - [TEST_STEP][PASSED] - sendKeys(secondModification, Keys.chord(DELETE)): Keys 'DELETE + ' sent to object: 'Object Repository/SendKey/object'

2020-06-04 19:43:28 - [MESSAGE][PASSED] - Keys 'DELETE + ' sent to object: 'Object Repository/SendKey/object'

2020-06-04 19:43:28 - [MESSAGE][PASSED] - Call Test Case 'Test Cases/Components/SelectAllThenDelete' successfully

2020-06-04 19:43:28 - [TEST_STEP][FAILED] - callTestCase(findTestCase("PFI Precision and Scale/PFI Components/VerifyDropdownValues"), ["FldNm":"peRegNo", "CallTCName":"PFI Precision and Scale/HashMap Tables/PELists", "cmbNm":"PENo", "NoOfVal":10, "DelayTime":8, ... ], STOP_ON_FAILURE): Unable to call Test Case 'Test Cases/PFI Precision and Scale/PFI Components/VerifyDropdownValues' (Root cause: com.kms.katalon.core.exception.StepFailedException: Call Test Case 'Test Cases/PFI Precision and Scale/PFI Components/VerifyDropdownValues' failed
	at com.kms.katalon.core.keyword.builtin.CallTestCaseKeyword$_callTestCase_closure1.doCall(CallTestCaseKeyword.groovy:63)
	at com.kms.katalon.core.keyword.builtin.CallTestCaseKeyword$_callTestCase_closure1.call(CallTestCaseKeyword.groovy)
	at com.kms.katalon.core.keyword.internal.KeywordMain.runKeyword(KeywordMain.groovy:68)
	at com.kms.katalon.core.keyword.builtin.CallTestCaseKeyword.callTestCase(CallTestCaseKeyword.groovy:81)
	at com.kms.katalon.core.keyword.builtin.CallTestCaseKeyword.execute(CallTestCaseKeyword.groovy:44)
	at com.kms.katalon.core.keyword.internal.KeywordExecutor.executeKeywordForPlatform(KeywordExecutor.groovy:72)
	at com.kms.katalon.core.keyword.BuiltinKeywords.callTestCase(BuiltinKeywords.groovy:334)
	at PFI.PELHS.run(PFI.PELHS:54)
	at com.kms.katalon.core.main.ScriptEngine.run(ScriptEngine.java:194)
	at com.kms.katalon.core.main.ScriptEngine.runScriptAsRawText(ScriptEngine.java:119)
	at com.kms.katalon.core.main.TestCaseExecutor.runScript(TestCaseExecutor.java:337)
	at com.kms.katalon.core.main.TestCaseExecutor.doExecute(TestCaseExecutor.java:328)
	at com.kms.katalon.core.main.TestCaseExecutor.processExecutionPhase(TestCaseExecutor.java:307)
	at com.kms.katalon.core.main.TestCaseExecutor.accessMainPhase(TestCaseExecutor.java:299)
	at com.kms.katalon.core.main.TestCaseExecutor.execute(TestCaseExecutor.java:233)
	at com.kms.katalon.core.main.TestSuiteExecutor.accessTestCaseMainPhase(TestSuiteExecutor.java:169)
	at com.kms.katalon.core.main.TestSuiteExecutor.accessTestSuiteMainPhase(TestSuiteExecutor.java:142)
	at com.kms.katalon.core.main.TestSuiteExecutor.execute(TestSuiteExecutor.java:91)
	at com.kms.katalon.core.main.TestCaseMain.startTestSuite(TestCaseMain.java:157)
	at com.kms.katalon.core.main.TestCaseMain$startTestSuite$0.call(Unknown Source)
	at TempTestSuite1591270754988.run(TempTestSuite1591270754988.groovy:36)
Caused by: com.kms.katalon.core.exception.StepFailedException: Unable to send keys '' to object 'Object Repository/Objects.HighlightElements/input_field'
	at com.kms.katalon.core.webui.keyword.internal.WebUIKeywordMain.stepFailed(WebUIKeywordMain.groovy:64)
	at com.kms.katalon.core.webui.keyword.internal.WebUIKeywordMain.runKeyword(WebUIKeywordMain.groovy:26)
	at com.kms.katalon.core.webui.keyword.builtin.SendKeysKeyword.sendKeys(SendKeysKeyword.groovy:60)
	at com.kms.katalon.core.webui.keyword.builtin.SendKeysKeyword.execute(SendKeysKeyword.groovy:38)
	at com.kms.katalon.core.keyword.internal.KeywordExecutor.executeKeywordForPlatform(KeywordExecutor.groovy:72)
	at com.kms.katalon.core.webui.keyword.WebUiBuiltInKeywords.sendKeys(WebUiBuiltInKeywords.groovy:834)
	at com.kms.katalon.core.webui.keyword.WebUiBuiltInKeywords$sendKeys$8.call(Unknown Source)
	at VerifyDropdownValues.run(VerifyDropdownValues:52)
	at com.kms.katalon.core.main.ScriptEngine.run(ScriptEngine.java:194)
	at com.kms.katalon.core.main.ScriptEngine.runScriptAsRawText(ScriptEngine.java:119)
	at com.kms.katalon.core.main.TestCaseExecutor.runScript(TestCaseExecutor.java:337)
	at com.kms.katalon.core.main.TestCaseExecutor.doExecute(TestCaseExecutor.java:328)
	at com.kms.katalon.core.main.TestCaseExecutor.processExecutionPhase(TestCaseExecutor.java:307)
	at com.kms.katalon.core.main.TestCaseExecutor.accessMainPhase(TestCaseExecutor.java:299)
	at com.kms.katalon.core.main.TestCaseExecutor.execute(TestCaseExecutor.java:233)
	at com.kms.katalon.core.main.TestCaseMain.runTestCase(TestCaseMain.java:114)
	at com.kms.katalon.core.keyword.builtin.CallTestCaseKeyword$_callTestCase_closure1.doCall(CallTestCaseKeyword.groovy:59)
	... 20 more
Caused by: org.openqa.selenium.ElementNotInteractableException: element not interactable
  (Session info: MicrosoftEdge=83.0.478.44)
Build info: version: '3.141.59', revision: 'e82be7d358', time: '2018-11-14T08:25:53'
System info: host: 'NSNB-108', ip: '192.168.16.39', os.name: 'Windows 10', os.arch: 'amd64', os.version: '10.0', java.version: '1.8.0_181'
Driver info: com.kms.katalon.selenium.driver.CEdgeDriver
Capabilities {acceptInsecureCerts: false, browserName: msedge, browserVersion: 83.0.478.44, javascriptEnabled: true, ms:edgeOptions: {debuggerAddress: localhost:61403}, msedge: {msedgedriverVersion: 83.0.478.37 (7feb1dfc5bdafe..., userDataDir: C:\Users\19023-~1\AppData\L...}, networkConnectionEnabled: false, pageLoadStrategy: normal, platform: WINDOWS, platformName: WINDOWS, proxy: Proxy(), setWindowRect: true, strictFileInteractability: false, timeouts: {implicit: 0, pageLoad: 300000, script: 30000}, unhandledPromptBehavior: dismiss and notify, webauthn:virtualAuthenticators: true}
Session ID: cd20843c006eeec7b886de652ed2ad89
	at org.openqa.selenium.remote.http.W3CHttpResponseCodec.createException(W3CHttpResponseCodec.java:187)
	at org.openqa.selenium.remote.http.W3CHttpResponseCodec.decode(W3CHttpResponseCodec.java:122)
	at org.openqa.selenium.remote.http.W3CHttpResponseCodec.decode(W3CHttpResponseCodec.java:49)
	at org.openqa.selenium.remote.HttpCommandExecutor.execute(HttpCommandExecutor.java:158)
	at org.openqa.selenium.remote.service.DriverCommandExecutor.execute(DriverCommandExecutor.java:83)
	at org.openqa.selenium.remote.RemoteWebDriver.execute(RemoteWebDriver.java:552)
	at com.kms.katalon.selenium.driver.CEdgeDriver.execute(CEdgeDriver.java:20)
	at org.openqa.selenium.remote.RemoteWebElement.execute(RemoteWebElement.java:285)
	at org.openqa.selenium.remote.RemoteWebElement.sendKeys(RemoteWebElement.java:106)
	at org.openqa.selenium.support.events.EventFiringWebDriver$EventFiringWebElement.lambda$new$0(EventFiringWebDriver.java:404)
	at com.sun.proxy.$Proxy9.sendKeys(Unknown Source)
	at org.openqa.selenium.support.events.EventFiringWebDriver$EventFiringWebElement.sendKeys(EventFiringWebDriver.java:429)
	at com.kms.katalon.core.webui.keyword.builtin.SendKeysKeyword$_sendKeys_closure1.doCall(SendKeysKeyword.groovy:53)
	at com.kms.katalon.core.webui.keyword.builtin.SendKeysKeyword$_sendKeys_closure1.call(SendKeysKeyword.groovy)
	at com.kms.katalon.core.webui.keyword.internal.WebUIKeywordMain.runKeyword(WebUIKeywordMain.groovy:20)
	... 35 more
)

2020-06-04 19:43:28 - [TEST_CASE][FAILED] - Test Cases/PFI Precision and Scale/PFI Components/VerifyDropdownValues: Test Cases/PFI Precision and Scale/PFI Components/VerifyDropdownValues FAILED.
Reason:
com.kms.katalon.core.exception.StepFailedException: Unable to send keys '' to object 'Object Repository/Objects.HighlightElements/input_field'
	at com.kms.katalon.core.webui.keyword.internal.WebUIKeywordMain.stepFailed(WebUIKeywordMain.groovy:64)
	at com.kms.katalon.core.webui.keyword.internal.WebUIKeywordMain.runKeyword(WebUIKeywordMain.groovy:26)
	at com.kms.katalon.core.webui.keyword.builtin.SendKeysKeyword.sendKeys(SendKeysKeyword.groovy:60)
	at com.kms.katalon.core.webui.keyword.builtin.SendKeysKeyword.execute(SendKeysKeyword.groovy:38)
	at com.kms.katalon.core.keyword.internal.KeywordExecutor.executeKeywordForPlatform(KeywordExecutor.groovy:72)
	at com.kms.katalon.core.webui.keyword.WebUiBuiltInKeywords.sendKeys(WebUiBuiltInKeywords.groovy:834)
	at com.kms.katalon.core.webui.keyword.WebUiBuiltInKeywords$sendKeys$8.call(Unknown Source)
	at VerifyDropdownValues.run(VerifyDropdownValues:52)
	at com.kms.katalon.core.main.ScriptEngine.run(ScriptEngine.java:194)
	at com.kms.katalon.core.main.ScriptEngine.runScriptAsRawText(ScriptEngine.java:119)
	at com.kms.katalon.core.main.TestCaseExecutor.runScript(TestCaseExecutor.java:337)
	at com.kms.katalon.core.main.TestCaseExecutor.doExecute(TestCaseExecutor.java:328)
	at com.kms.katalon.core.main.TestCaseExecutor.processExecutionPhase(TestCaseExecutor.java:307)
	at com.kms.katalon.core.main.TestCaseExecutor.accessMainPhase(TestCaseExecutor.java:299)
	at com.kms.katalon.core.main.TestCaseExecutor.execute(TestCaseExecutor.java:233)
	at com.kms.katalon.core.main.TestCaseMain.runTestCase(TestCaseMain.java:114)
	at com.kms.katalon.core.keyword.builtin.CallTestCaseKeyword$_callTestCase_closure1.doCall(CallTestCaseKeyword.groovy:59)
	at com.kms.katalon.core.keyword.builtin.CallTestCaseKeyword$_callTestCase_closure1.call(CallTestCaseKeyword.groovy)
	at com.kms.katalon.core.keyword.internal.KeywordMain.runKeyword(KeywordMain.groovy:68)
	at com.kms.katalon.core.keyword.builtin.CallTestCaseKeyword.callTestCase(CallTestCaseKeyword.groovy:81)
	at com.kms.katalon.core.keyword.builtin.CallTestCaseKeyword.execute(CallTestCaseKeyword.groovy:44)
	at com.kms.katalon.core.keyword.internal.KeywordExecutor.executeKeywordForPlatform(KeywordExecutor.groovy:72)
	at com.kms.katalon.core.keyword.BuiltinKeywords.callTestCase(BuiltinKeywords.groovy:334)
	at PFI.PELHS.run(PFI.PELHS:54)
	at com.kms.katalon.core.main.ScriptEngine.run(ScriptEngine.java:194)
	at com.kms.katalon.core.main.ScriptEngine.runScriptAsRawText(ScriptEngine.java:119)
	at com.kms.katalon.core.main.TestCaseExecutor.runScript(TestCaseExecutor.java:337)
	at com.kms.katalon.core.main.TestCaseExecutor.doExecute(TestCaseExecutor.java:328)
	at com.kms.katalon.core.main.TestCaseExecutor.processExecutionPhase(TestCaseExecutor.java:307)
	at com.kms.katalon.core.main.TestCaseExecutor.accessMainPhase(TestCaseExecutor.java:299)
	at com.kms.katalon.core.main.TestCaseExecutor.execute(TestCaseExecutor.java:233)
	at com.kms.katalon.core.main.TestSuiteExecutor.accessTestCaseMainPhase(TestSuiteExecutor.java:169)
	at com.kms.katalon.core.main.TestSuiteExecutor.accessTestSuiteMainPhase(TestSuiteExecutor.java:142)
	at com.kms.katalon.core.main.TestSuiteExecutor.execute(TestSuiteExecutor.java:91)
	at com.kms.katalon.core.main.TestCaseMain.startTestSuite(TestCaseMain.java:157)
	at com.kms.katalon.core.main.TestCaseMain$startTestSuite$0.call(Unknown Source)
	at TempTestSuite1591270754988.run(TempTestSuite1591270754988.groovy:36)
Caused by: org.openqa.selenium.ElementNotInteractableException: element not interactable
  (Session info: MicrosoftEdge=83.0.478.44)
Build info: version: '3.141.59', revision: 'e82be7d358', time: '2018-11-14T08:25:53'
System info: host: 'NSNB-108', ip: '192.168.16.39', os.name: 'Windows 10', os.arch: 'amd64', os.version: '10.0', java.version: '1.8.0_181'
Driver info: com.kms.katalon.selenium.driver.CEdgeDriver
Capabilities {acceptInsecureCerts: false, browserName: msedge, browserVersion: 83.0.478.44, javascriptEnabled: true, ms:edgeOptions: {debuggerAddress: localhost:61403}, msedge: {msedgedriverVersion: 83.0.478.37 (7feb1dfc5bdafe..., userDataDir: C:\Users\19023-~1\AppData\L...}, networkConnectionEnabled: false, pageLoadStrategy: normal, platform: WINDOWS, platformName: WINDOWS, proxy: Proxy(), setWindowRect: true, strictFileInteractability: false, timeouts: {implicit: 0, pageLoad: 300000, script: 30000}, unhandledPromptBehavior: dismiss and notify, webauthn:virtualAuthenticators: true}
Session ID: cd20843c006eeec7b886de652ed2ad89
	at org.openqa.selenium.remote.http.W3CHttpResponseCodec.createException(W3CHttpResponseCodec.java:187)
	at org.openqa.selenium.remote.http.W3CHttpResponseCodec.decode(W3CHttpResponseCodec.java:122)
	at org.openqa.selenium.remote.http.W3CHttpResponseCodec.decode(W3CHttpResponseCodec.java:49)
	at org.openqa.selenium.remote.HttpCommandExecutor.execute(HttpCommandExecutor.java:158)
	at org.openqa.selenium.remote.service.DriverCommandExecutor.execute(DriverCommandExecutor.java:83)
	at org.openqa.selenium.remote.RemoteWebDriver.execute(RemoteWebDriver.java:552)
	at com.kms.katalon.selenium.driver.CEdgeDriver.execute(CEdgeDriver.java:20)
	at org.openqa.selenium.remote.RemoteWebElement.execute(RemoteWebElement.java:285)
	at org.openqa.selenium.remote.RemoteWebElement.sendKeys(RemoteWebElement.java:106)
	at org.openqa.selenium.support.events.EventFiringWebDriver$EventFiringWebElement.lambda$new$0(EventFiringWebDriver.java:404)
	at com.sun.proxy.$Proxy9.sendKeys(Unknown Source)
	at org.openqa.selenium.support.events.EventFiringWebDriver$EventFiringWebElement.sendKeys(EventFiringWebDriver.java:429)
	at com.kms.katalon.core.webui.keyword.builtin.SendKeysKeyword$_sendKeys_closure1.doCall(SendKeysKeyword.groovy:53)
	at com.kms.katalon.core.webui.keyword.builtin.SendKeysKeyword$_sendKeys_closure1.call(SendKeysKeyword.groovy)
	at com.kms.katalon.core.webui.keyword.internal.WebUIKeywordMain.runKeyword(WebUIKeywordMain.groovy:20)
	... 35 more


2020-06-04 19:43:28 - [TEST_STEP][PASSED] - Thread.sleep(1000): null

2020-06-04 19:43:29 - [TEST_STEP][PASSED] - NewInputNmField = modifyObjectProperty(findTestObject("Objects.HighlightElements/input_field"), "name", "equals", FldNm, true): Modify property of object successfully

2020-06-04 19:43:29 - [MESSAGE][PASSED] - Modify property of object successfully

2020-06-04 19:43:29 - [TEST_STEP][PASSED] - comboNm = cmbNm: null

2020-06-04 19:43:29 - [TEST_STEP][PASSED] - focus(NewInputNmField): Object: 'Object Repository/Objects.HighlightElements/input_field' is focused

2020-06-04 19:43:29 - [MESSAGE][PASSED] - Object: 'Object Repository/Objects.HighlightElements/input_field' is focused

2020-06-04 19:43:29 - [TEST_STEP][PASSED] - setText(NewInputNmField, EnterValue): Text '00' is set on object 'Object Repository/Objects.HighlightElements/input_field'

2020-06-04 19:43:30 - [MESSAGE][PASSED] - Text '00' is set on object 'Object Repository/Objects.HighlightElements/input_field'

2020-06-04 19:43:30 - [TEST_STEP][FAILED] - for ([i = 1, i <= NoOfVal, (i++)]): Unable to send keys '' to object 'Object Repository/Objects.HighlightElements/input_field' (Root cause: com.kms.katalon.core.exception.StepFailedException: Unable to send keys '' to object 'Object Repository/Objects.HighlightElements/input_field'
	at com.kms.katalon.core.webui.keyword.internal.WebUIKeywordMain.stepFailed(WebUIKeywordMain.groovy:64)
	at com.kms.katalon.core.webui.keyword.internal.WebUIKeywordMain.runKeyword(WebUIKeywordMain.groovy:26)
	at com.kms.katalon.core.webui.keyword.builtin.SendKeysKeyword.sendKeys(SendKeysKeyword.groovy:60)
	at com.kms.katalon.core.webui.keyword.builtin.SendKeysKeyword.execute(SendKeysKeyword.groovy:38)
	at com.kms.katalon.core.keyword.internal.KeywordExecutor.executeKeywordForPlatform(KeywordExecutor.groovy:72)
	at com.kms.katalon.core.webui.keyword.WebUiBuiltInKeywords.sendKeys(WebUiBuiltInKeywords.groovy:834)
	at com.kms.katalon.core.webui.keyword.WebUiBuiltInKeywords$sendKeys$8.call(Unknown Source)
	at VerifyDropdownValues.run(VerifyDropdownValues:52)
	at com.kms.katalon.core.main.ScriptEngine.run(ScriptEngine.java:194)
	at com.kms.katalon.core.main.ScriptEngine.runScriptAsRawText(ScriptEngine.java:119)
	at com.kms.katalon.core.main.TestCaseExecutor.runScript(TestCaseExecutor.java:337)
	at com.kms.katalon.core.main.TestCaseExecutor.doExecute(TestCaseExecutor.java:328)
	at com.kms.katalon.core.main.TestCaseExecutor.processExecutionPhase(TestCaseExecutor.java:307)
	at com.kms.katalon.core.main.TestCaseExecutor.accessMainPhase(TestCaseExecutor.java:299)
	at com.kms.katalon.core.main.TestCaseExecutor.execute(TestCaseExecutor.java:233)
	at com.kms.katalon.core.main.TestCaseMain.runTestCase(TestCaseMain.java:114)
	at com.kms.katalon.core.keyword.builtin.CallTestCaseKeyword$_callTestCase_closure1.doCall(CallTestCaseKeyword.groovy:59)
	at com.kms.katalon.core.keyword.builtin.CallTestCaseKeyword$_callTestCase_closure1.call(CallTestCaseKeyword.groovy)
	at com.kms.katalon.core.keyword.internal.KeywordMain.runKeyword(KeywordMain.groovy:68)
	at com.kms.katalon.core.keyword.builtin.CallTestCaseKeyword.callTestCase(CallTestCaseKeyword.groovy:81)
	at com.kms.katalon.core.keyword.builtin.CallTestCaseKeyword.execute(CallTestCaseKeyword.groovy:44)
	at com.kms.katalon.core.keyword.internal.KeywordExecutor.executeKeywordForPlatform(KeywordExecutor.groovy:72)
	at com.kms.katalon.core.keyword.BuiltinKeywords.callTestCase(BuiltinKeywords.groovy:334)
	at PFI.PELHS.run(PFI.PELHS:54)
	at com.kms.katalon.core.main.ScriptEngine.run(ScriptEngine.java:194)
	at com.kms.katalon.core.main.ScriptEngine.runScriptAsRawText(ScriptEngine.java:119)
	at com.kms.katalon.core.main.TestCaseExecutor.runScript(TestCaseExecutor.java:337)
	at com.kms.katalon.core.main.TestCaseExecutor.doExecute(TestCaseExecutor.java:328)
	at com.kms.katalon.core.main.TestCaseExecutor.processExecutionPhase(TestCaseExecutor.java:307)
	at com.kms.katalon.core.main.TestCaseExecutor.accessMainPhase(TestCaseExecutor.java:299)
	at com.kms.katalon.core.main.TestCaseExecutor.execute(TestCaseExecutor.java:233)
	at com.kms.katalon.core.main.TestSuiteExecutor.accessTestCaseMainPhase(TestSuiteExecutor.java:169)
	at com.kms.katalon.core.main.TestSuiteExecutor.accessTestSuiteMainPhase(TestSuiteExecutor.java:142)
	at com.kms.katalon.core.main.TestSuiteExecutor.execute(TestSuiteExecutor.java:91)
	at com.kms.katalon.core.main.TestCaseMain.startTestSuite(TestCaseMain.java:157)
	at com.kms.katalon.core.main.TestCaseMain$startTestSuite$0.call(Unknown Source)
	at TempTestSuite1591270754988.run(TempTestSuite1591270754988.groovy:36)
Caused by: org.openqa.selenium.ElementNotInteractableException: element not interactable
  (Session info: MicrosoftEdge=83.0.478.44)
Build info: version: '3.141.59', revision: 'e82be7d358', time: '2018-11-14T08:25:53'
System info: host: 'NSNB-108', ip: '192.168.16.39', os.name: 'Windows 10', os.arch: 'amd64', os.version: '10.0', java.version: '1.8.0_181'
Driver info: com.kms.katalon.selenium.driver.CEdgeDriver
Capabilities {acceptInsecureCerts: false, browserName: msedge, browserVersion: 83.0.478.44, javascriptEnabled: true, ms:edgeOptions: {debuggerAddress: localhost:61403}, msedge: {msedgedriverVersion: 83.0.478.37 (7feb1dfc5bdafe..., userDataDir: C:\Users\19023-~1\AppData\L...}, networkConnectionEnabled: false, pageLoadStrategy: normal, platform: WINDOWS, platformName: WINDOWS, proxy: Proxy(), setWindowRect: true, strictFileInteractability: false, timeouts: {implicit: 0, pageLoad: 300000, script: 30000}, unhandledPromptBehavior: dismiss and notify, webauthn:virtualAuthenticators: true}
Session ID: cd20843c006eeec7b886de652ed2ad89
	at org.openqa.selenium.remote.http.W3CHttpResponseCodec.createException(W3CHttpResponseCodec.java:187)
	at org.openqa.selenium.remote.http.W3CHttpResponseCodec.decode(W3CHttpResponseCodec.java:122)
	at org.openqa.selenium.remote.http.W3CHttpResponseCodec.decode(W3CHttpResponseCodec.java:49)
	at org.openqa.selenium.remote.HttpCommandExecutor.execute(HttpCommandExecutor.java:158)
	at org.openqa.selenium.remote.service.DriverCommandExecutor.execute(DriverCommandExecutor.java:83)
	at org.openqa.selenium.remote.RemoteWebDriver.execute(RemoteWebDriver.java:552)
	at com.kms.katalon.selenium.driver.CEdgeDriver.execute(CEdgeDriver.java:20)
	at org.openqa.selenium.remote.RemoteWebElement.execute(RemoteWebElement.java:285)
	at org.openqa.selenium.remote.RemoteWebElement.sendKeys(RemoteWebElement.java:106)
	at org.openqa.selenium.support.events.EventFiringWebDriver$EventFiringWebElement.lambda$new$0(EventFiringWebDriver.java:404)
	at com.sun.proxy.$Proxy9.sendKeys(Unknown Source)
	at org.openqa.selenium.support.events.EventFiringWebDriver$EventFiringWebElement.sendKeys(EventFiringWebDriver.java:429)
	at com.kms.katalon.core.webui.keyword.builtin.SendKeysKeyword$_sendKeys_closure1.doCall(SendKeysKeyword.groovy:53)
	at com.kms.katalon.core.webui.keyword.builtin.SendKeysKeyword$_sendKeys_closure1.call(SendKeysKeyword.groovy)
	at com.kms.katalon.core.webui.keyword.internal.WebUIKeywordMain.runKeyword(WebUIKeywordMain.groovy:20)
	at com.kms.katalon.core.webui.keyword.builtin.SendKeysKeyword.sendKeys(SendKeysKeyword.groovy:60)
	at com.kms.katalon.core.webui.keyword.builtin.SendKeysKeyword.execute(SendKeysKeyword.groovy:38)
	at com.kms.katalon.core.keyword.internal.KeywordExecutor.executeKeywordForPlatform(KeywordExecutor.groovy:72)
	at com.kms.katalon.core.webui.keyword.WebUiBuiltInKeywords.sendKeys(WebUiBuiltInKeywords.groovy:834)
	at com.kms.katalon.core.webui.keyword.WebUiBuiltInKeywords$sendKeys$8.call(Unknown Source)
	at Script1590263784613.run(Script1590263784613.groovy:52)
	at com.kms.katalon.core.main.ScriptEngine.run(ScriptEngine.java:194)
	at com.kms.katalon.core.main.ScriptEngine.runScriptAsRawText(ScriptEngine.java:119)
	at com.kms.katalon.core.main.TestCaseExecutor.runScript(TestCaseExecutor.java:337)
	at com.kms.katalon.core.main.TestCaseExecutor.doExecute(TestCaseExecutor.java:328)
	at com.kms.katalon.core.main.TestCaseExecutor.processExecutionPhase(TestCaseExecutor.java:307)
	at com.kms.katalon.core.main.TestCaseExecutor.accessMainPhase(TestCaseExecutor.java:299)
	at com.kms.katalon.core.main.TestCaseExecutor.execute(TestCaseExecutor.java:233)
	at com.kms.katalon.core.main.TestCaseMain.runTestCase(TestCaseMain.java:114)
	at com.kms.katalon.core.keyword.builtin.CallTestCaseKeyword$_callTestCase_closure1.doCall(CallTestCaseKeyword.groovy:59)
	at com.kms.katalon.core.keyword.builtin.CallTestCaseKeyword$_callTestCase_closure1.call(CallTestCaseKeyword.groovy)
	at com.kms.katalon.core.keyword.internal.KeywordMain.runKeyword(KeywordMain.groovy:68)
	at com.kms.katalon.core.keyword.builtin.CallTestCaseKeyword.callTestCase(CallTestCaseKeyword.groovy:81)
	at com.kms.katalon.core.keyword.builtin.CallTestCaseKeyword.execute(CallTestCaseKeyword.groovy:44)
	at com.kms.katalon.core.keyword.internal.KeywordExecutor.executeKeywordForPlatform(KeywordExecutor.groovy:72)
	at com.kms.katalon.core.keyword.BuiltinKeywords.callTestCase(BuiltinKeywords.groovy:334)
	at Script1589251056999.run(Script1589251056999.groovy:54)
	... 13 more
)

2020-06-04 19:43:30 - [TEST_STEP][PASSED] - sendKeys(NewInputNmField, Keys.chord(ARROW_DOWN)): Keys 'DOWN + ' sent to object: 'Object Repository/Objects.HighlightElements/input_field'

2020-06-04 19:43:30 - [MESSAGE][PASSED] - Keys 'DOWN + ' sent to object: 'Object Repository/Objects.HighlightElements/input_field'

2020-06-04 19:43:30 - [TEST_STEP][PASSED] - delay(DelayTime): Delayed 8 second(s)

2020-06-04 19:43:38 - [MESSAGE][PASSED] - Delayed 8 second(s)

2020-06-04 19:43:38 - [TEST_STEP][PASSED] - sendKeys(NewInputNmField, Keys.chord(ENTER)): Keys 'ENTER + ' sent to object: 'Object Repository/Objects.HighlightElements/input_field'

2020-06-04 19:43:38 - [MESSAGE][PASSED] - Keys 'ENTER + ' sent to object: 'Object Repository/Objects.HighlightElements/input_field'

2020-06-04 19:43:38 - [TEST_STEP][PASSED] - ComboBoxValue = getAttribute(NewInputNmField, "value"): Attribute 'value' of object 'Object Repository/Objects.HighlightElements/input_field' is: '0017'

2020-06-04 19:43:38 - [MESSAGE][PASSED] - Attribute 'value' of object 'Object Repository/Objects.HighlightElements/input_field' is: '0017'

2020-06-04 19:43:38 - [TEST_STEP][PASSED] - callTestCase(findTestCase(CallTCName), ["FindValue":ComboBoxValue, "DropdownNm":comboNm], STOP_ON_FAILURE): Call Test Case 'Test Cases/PFI Precision and Scale/HashMap Tables/PELists' successfully

2020-06-04 19:43:38 - [TEST_CASE][PASSED] - Test Cases/PFI Precision and Scale/HashMap Tables/PELists: Test Cases/PFI Precision and Scale/HashMap Tables/PELists

2020-06-04 19:43:38 - [TEST_STEP][PASSED] - Thread.sleep(1000): null

2020-06-04 19:43:39 - [TEST_STEP][PASSED] - PEListsTBL = ["0011":"QP-Formatted Address", "0012":"QP-0012", "0014":"QP-0014", "0015":"QP-0015", "0016":"QP-0016", "3214":"Dummy QP Name 3861", ... ]: null

2020-06-04 19:43:39 - [TEST_STEP][PASSED] - switch (DropdownNm): null

2020-06-04 19:43:39 - [TEST_STEP][PASSED] - case "PENo":: null

2020-06-04 19:43:39 - [TEST_STEP][PASSED] - ValueFound = FindValue + " (" + get(FindValue).toString() + ")": null

2020-06-04 19:43:39 - [TEST_STEP][PASSED] - break: null

2020-06-04 19:43:39 - [MESSAGE][PASSED] - Call Test Case 'Test Cases/PFI Precision and Scale/HashMap Tables/PELists' successfully

2020-06-04 19:43:39 - [TEST_STEP][PASSED] - println(ValueFound): null

2020-06-04 19:43:39 - [TEST_STEP][PASSED] - sendKeys(NewInputNmField, Keys.chord(ARROW_DOWN)): Keys 'DOWN + ' sent to object: 'Object Repository/Objects.HighlightElements/input_field'

2020-06-04 19:43:39 - [MESSAGE][PASSED] - Keys 'DOWN + ' sent to object: 'Object Repository/Objects.HighlightElements/input_field'

2020-06-04 19:43:39 - [TEST_STEP][PASSED] - sendKeys(NewInputNmField, Keys.chord(ARROW_DOWN)): Keys 'DOWN + ' sent to object: 'Object Repository/Objects.HighlightElements/input_field'

2020-06-04 19:43:39 - [MESSAGE][PASSED] - Keys 'DOWN + ' sent to object: 'Object Repository/Objects.HighlightElements/input_field'

2020-06-04 19:43:39 - [TEST_STEP][PASSED] - delay(DelayTime): Delayed 8 second(s)

2020-06-04 19:43:47 - [MESSAGE][PASSED] - Delayed 8 second(s)

2020-06-04 19:43:47 - [TEST_STEP][PASSED] - sendKeys(NewInputNmField, Keys.chord(ENTER)): Keys 'ENTER + ' sent to object: 'Object Repository/Objects.HighlightElements/input_field'

2020-06-04 19:43:47 - [MESSAGE][PASSED] - Keys 'ENTER + ' sent to object: 'Object Repository/Objects.HighlightElements/input_field'

2020-06-04 19:43:47 - [TEST_STEP][PASSED] - ComboBoxValue = getAttribute(NewInputNmField, "value"): Attribute 'value' of object 'Object Repository/Objects.HighlightElements/input_field' is: '1123'

2020-06-04 19:43:47 - [MESSAGE][PASSED] - Attribute 'value' of object 'Object Repository/Objects.HighlightElements/input_field' is: '1123'

2020-06-04 19:43:47 - [TEST_STEP][PASSED] - callTestCase(findTestCase(CallTCName), ["FindValue":ComboBoxValue, "DropdownNm":comboNm], STOP_ON_FAILURE): Call Test Case 'Test Cases/PFI Precision and Scale/HashMap Tables/PELists' successfully

2020-06-04 19:43:47 - [TEST_CASE][PASSED] - Test Cases/PFI Precision and Scale/HashMap Tables/PELists: Test Cases/PFI Precision and Scale/HashMap Tables/PELists

2020-06-04 19:43:47 - [TEST_STEP][PASSED] - Thread.sleep(1000): null

2020-06-04 19:43:48 - [TEST_STEP][PASSED] - PEListsTBL = ["0011":"QP-Formatted Address", "0012":"QP-0012", "0014":"QP-0014", "0015":"QP-0015", "0016":"QP-0016", "3214":"Dummy QP Name 3861", ... ]: null

2020-06-04 19:43:48 - [TEST_STEP][PASSED] - switch (DropdownNm): null

2020-06-04 19:43:48 - [TEST_STEP][PASSED] - case "PENo":: null

2020-06-04 19:43:48 - [TEST_STEP][PASSED] - ValueFound = FindValue + " (" + get(FindValue).toString() + ")": null

2020-06-04 19:43:48 - [TEST_STEP][PASSED] - break: null

2020-06-04 19:43:48 - [MESSAGE][PASSED] - Call Test Case 'Test Cases/PFI Precision and Scale/HashMap Tables/PELists' successfully

2020-06-04 19:43:48 - [TEST_STEP][PASSED] - println(ValueFound): null

2020-06-04 19:43:48 - [TEST_STEP][PASSED] - sendKeys(NewInputNmField, Keys.chord(ARROW_DOWN)): Keys 'DOWN + ' sent to object: 'Object Repository/Objects.HighlightElements/input_field'

2020-06-04 19:43:48 - [MESSAGE][PASSED] - Keys 'DOWN + ' sent to object: 'Object Repository/Objects.HighlightElements/input_field'

2020-06-04 19:43:48 - [TEST_STEP][PASSED] - sendKeys(NewInputNmField, Keys.chord(ARROW_DOWN)): Keys 'DOWN + ' sent to object: 'Object Repository/Objects.HighlightElements/input_field'

2020-06-04 19:43:48 - [MESSAGE][PASSED] - Keys 'DOWN + ' sent to object: 'Object Repository/Objects.HighlightElements/input_field'

2020-06-04 19:43:48 - [TEST_STEP][PASSED] - delay(DelayTime): Delayed 8 second(s)

2020-06-04 19:43:56 - [MESSAGE][PASSED] - Delayed 8 second(s)

2020-06-04 19:43:56 - [TEST_STEP][PASSED] - sendKeys(NewInputNmField, Keys.chord(ENTER)): Keys 'ENTER + ' sent to object: 'Object Repository/Objects.HighlightElements/input_field'

2020-06-04 19:43:56 - [MESSAGE][PASSED] - Keys 'ENTER + ' sent to object: 'Object Repository/Objects.HighlightElements/input_field'

2020-06-04 19:43:56 - [TEST_STEP][PASSED] - ComboBoxValue = getAttribute(NewInputNmField, "value"): Attribute 'value' of object 'Object Repository/Objects.HighlightElements/input_field' is: '0017'

2020-06-04 19:43:56 - [MESSAGE][PASSED] - Attribute 'value' of object 'Object Repository/Objects.HighlightElements/input_field' is: '0017'

2020-06-04 19:43:56 - [TEST_STEP][PASSED] - callTestCase(findTestCase(CallTCName), ["FindValue":ComboBoxValue, "DropdownNm":comboNm], STOP_ON_FAILURE): Call Test Case 'Test Cases/PFI Precision and Scale/HashMap Tables/PELists' successfully

2020-06-04 19:43:56 - [TEST_CASE][PASSED] - Test Cases/PFI Precision and Scale/HashMap Tables/PELists: Test Cases/PFI Precision and Scale/HashMap Tables/PELists

2020-06-04 19:43:56 - [TEST_STEP][PASSED] - Thread.sleep(1000): null

2020-06-04 19:43:57 - [TEST_STEP][PASSED] - PEListsTBL = ["0011":"QP-Formatted Address", "0012":"QP-0012", "0014":"QP-0014", "0015":"QP-0015", "0016":"QP-0016", "3214":"Dummy QP Name 3861", ... ]: null

2020-06-04 19:43:57 - [TEST_STEP][PASSED] - switch (DropdownNm): null

2020-06-04 19:43:57 - [TEST_STEP][PASSED] - case "PENo":: null

2020-06-04 19:43:57 - [TEST_STEP][PASSED] - ValueFound = FindValue + " (" + get(FindValue).toString() + ")": null

2020-06-04 19:43:57 - [TEST_STEP][PASSED] - break: null

2020-06-04 19:43:57 - [MESSAGE][PASSED] - Call Test Case 'Test Cases/PFI Precision and Scale/HashMap Tables/PELists' successfully

2020-06-04 19:43:57 - [TEST_STEP][PASSED] - println(ValueFound): null

2020-06-04 19:43:57 - [TEST_STEP][PASSED] - sendKeys(NewInputNmField, Keys.chord(ARROW_DOWN)): Keys 'DOWN + ' sent to object: 'Object Repository/Objects.HighlightElements/input_field'

2020-06-04 19:43:57 - [MESSAGE][PASSED] - Keys 'DOWN + ' sent to object: 'Object Repository/Objects.HighlightElements/input_field'

2020-06-04 19:43:57 - [TEST_STEP][PASSED] - sendKeys(NewInputNmField, Keys.chord(ARROW_DOWN)): Keys 'DOWN + ' sent to object: 'Object Repository/Objects.HighlightElements/input_field'

2020-06-04 19:43:58 - [MESSAGE][PASSED] - Keys 'DOWN + ' sent to object: 'Object Repository/Objects.HighlightElements/input_field'

2020-06-04 19:43:58 - [TEST_STEP][PASSED] - delay(DelayTime): Delayed 8 second(s)

2020-06-04 19:44:06 - [MESSAGE][PASSED] - Delayed 8 second(s)

2020-06-04 19:44:06 - [TEST_STEP][PASSED] - sendKeys(NewInputNmField, Keys.chord(ENTER)): Keys 'ENTER + ' sent to object: 'Object Repository/Objects.HighlightElements/input_field'

2020-06-04 19:44:06 - [MESSAGE][PASSED] - Keys 'ENTER + ' sent to object: 'Object Repository/Objects.HighlightElements/input_field'

2020-06-04 19:44:06 - [TEST_STEP][PASSED] - ComboBoxValue = getAttribute(NewInputNmField, "value"): Attribute 'value' of object 'Object Repository/Objects.HighlightElements/input_field' is: '0017'

2020-06-04 19:44:06 - [MESSAGE][PASSED] - Attribute 'value' of object 'Object Repository/Objects.HighlightElements/input_field' is: '0017'

2020-06-04 19:44:06 - [TEST_STEP][PASSED] - callTestCase(findTestCase(CallTCName), ["FindValue":ComboBoxValue, "DropdownNm":comboNm], STOP_ON_FAILURE): Call Test Case 'Test Cases/PFI Precision and Scale/HashMap Tables/PELists' successfully

2020-06-04 19:44:06 - [TEST_CASE][PASSED] - Test Cases/PFI Precision and Scale/HashMap Tables/PELists: Test Cases/PFI Precision and Scale/HashMap Tables/PELists

2020-06-04 19:44:06 - [TEST_STEP][PASSED] - Thread.sleep(1000): null

2020-06-04 19:44:07 - [TEST_STEP][PASSED] - PEListsTBL = ["0011":"QP-Formatted Address", "0012":"QP-0012", "0014":"QP-0014", "0015":"QP-0015", "0016":"QP-0016", "3214":"Dummy QP Name 3861", ... ]: null

2020-06-04 19:44:07 - [TEST_STEP][PASSED] - switch (DropdownNm): null

2020-06-04 19:44:07 - [TEST_STEP][PASSED] - case "PENo":: null

2020-06-04 19:44:07 - [TEST_STEP][PASSED] - ValueFound = FindValue + " (" + get(FindValue).toString() + ")": null

2020-06-04 19:44:07 - [TEST_STEP][PASSED] - break: null

2020-06-04 19:44:07 - [MESSAGE][PASSED] - Call Test Case 'Test Cases/PFI Precision and Scale/HashMap Tables/PELists' successfully

2020-06-04 19:44:07 - [TEST_STEP][PASSED] - println(ValueFound): null

2020-06-04 19:44:07 - [TEST_STEP][PASSED] - sendKeys(NewInputNmField, Keys.chord(ARROW_DOWN)): Keys 'DOWN + ' sent to object: 'Object Repository/Objects.HighlightElements/input_field'

2020-06-04 19:44:07 - [MESSAGE][PASSED] - Keys 'DOWN + ' sent to object: 'Object Repository/Objects.HighlightElements/input_field'

2020-06-04 19:44:07 - [TEST_STEP][PASSED] - sendKeys(NewInputNmField, Keys.chord(ARROW_DOWN)): Keys 'DOWN + ' sent to object: 'Object Repository/Objects.HighlightElements/input_field'

2020-06-04 19:44:07 - [MESSAGE][PASSED] - Keys 'DOWN + ' sent to object: 'Object Repository/Objects.HighlightElements/input_field'

2020-06-04 19:44:07 - [TEST_STEP][PASSED] - delay(DelayTime): Delayed 8 second(s)

2020-06-04 19:44:15 - [MESSAGE][PASSED] - Delayed 8 second(s)

2020-06-04 19:44:15 - [TEST_STEP][PASSED] - sendKeys(NewInputNmField, Keys.chord(ENTER)): Keys 'ENTER + ' sent to object: 'Object Repository/Objects.HighlightElements/input_field'

2020-06-04 19:44:15 - [MESSAGE][PASSED] - Keys 'ENTER + ' sent to object: 'Object Repository/Objects.HighlightElements/input_field'

2020-06-04 19:44:15 - [TEST_STEP][PASSED] - ComboBoxValue = getAttribute(NewInputNmField, "value"): Attribute 'value' of object 'Object Repository/Objects.HighlightElements/input_field' is: '0017'

2020-06-04 19:44:15 - [MESSAGE][PASSED] - Attribute 'value' of object 'Object Repository/Objects.HighlightElements/input_field' is: '0017'

2020-06-04 19:44:15 - [TEST_STEP][PASSED] - callTestCase(findTestCase(CallTCName), ["FindValue":ComboBoxValue, "DropdownNm":comboNm], STOP_ON_FAILURE): Call Test Case 'Test Cases/PFI Precision and Scale/HashMap Tables/PELists' successfully

2020-06-04 19:44:15 - [TEST_CASE][PASSED] - Test Cases/PFI Precision and Scale/HashMap Tables/PELists: Test Cases/PFI Precision and Scale/HashMap Tables/PELists

2020-06-04 19:44:15 - [TEST_STEP][PASSED] - Thread.sleep(1000): null

2020-06-04 19:44:16 - [TEST_STEP][PASSED] - PEListsTBL = ["0011":"QP-Formatted Address", "0012":"QP-0012", "0014":"QP-0014", "0015":"QP-0015", "0016":"QP-0016", "3214":"Dummy QP Name 3861", ... ]: null

2020-06-04 19:44:16 - [TEST_STEP][PASSED] - switch (DropdownNm): null

2020-06-04 19:44:16 - [TEST_STEP][PASSED] - case "PENo":: null

2020-06-04 19:44:16 - [TEST_STEP][PASSED] - ValueFound = FindValue + " (" + get(FindValue).toString() + ")": null

2020-06-04 19:44:16 - [TEST_STEP][PASSED] - break: null

2020-06-04 19:44:16 - [MESSAGE][PASSED] - Call Test Case 'Test Cases/PFI Precision and Scale/HashMap Tables/PELists' successfully

2020-06-04 19:44:16 - [TEST_STEP][PASSED] - println(ValueFound): null

2020-06-04 19:44:16 - [TEST_STEP][PASSED] - sendKeys(NewInputNmField, Keys.chord(ARROW_DOWN)): Keys 'DOWN + ' sent to object: 'Object Repository/Objects.HighlightElements/input_field'

2020-06-04 19:44:16 - [MESSAGE][PASSED] - Keys 'DOWN + ' sent to object: 'Object Repository/Objects.HighlightElements/input_field'

2020-06-04 19:44:16 - [TEST_STEP][PASSED] - sendKeys(NewInputNmField, Keys.chord(ARROW_DOWN)): Keys 'DOWN + ' sent to object: 'Object Repository/Objects.HighlightElements/input_field'

2020-06-04 19:44:16 - [MESSAGE][PASSED] - Keys 'DOWN + ' sent to object: 'Object Repository/Objects.HighlightElements/input_field'

2020-06-04 19:44:16 - [TEST_STEP][PASSED] - delay(DelayTime): Delayed 8 second(s)

2020-06-04 19:44:24 - [MESSAGE][PASSED] - Delayed 8 second(s)

2020-06-04 19:44:24 - [TEST_STEP][PASSED] - sendKeys(NewInputNmField, Keys.chord(ENTER)): Keys 'ENTER + ' sent to object: 'Object Repository/Objects.HighlightElements/input_field'

2020-06-04 19:44:24 - [MESSAGE][PASSED] - Keys 'ENTER + ' sent to object: 'Object Repository/Objects.HighlightElements/input_field'

2020-06-04 19:44:24 - [TEST_STEP][PASSED] - ComboBoxValue = getAttribute(NewInputNmField, "value"): Attribute 'value' of object 'Object Repository/Objects.HighlightElements/input_field' is: '0017'

2020-06-04 19:44:24 - [MESSAGE][PASSED] - Attribute 'value' of object 'Object Repository/Objects.HighlightElements/input_field' is: '0017'

2020-06-04 19:44:24 - [TEST_STEP][PASSED] - callTestCase(findTestCase(CallTCName), ["FindValue":ComboBoxValue, "DropdownNm":comboNm], STOP_ON_FAILURE): Call Test Case 'Test Cases/PFI Precision and Scale/HashMap Tables/PELists' successfully

2020-06-04 19:44:24 - [TEST_CASE][PASSED] - Test Cases/PFI Precision and Scale/HashMap Tables/PELists: Test Cases/PFI Precision and Scale/HashMap Tables/PELists

2020-06-04 19:44:24 - [TEST_STEP][PASSED] - Thread.sleep(1000): null

2020-06-04 19:44:25 - [TEST_STEP][PASSED] - PEListsTBL = ["0011":"QP-Formatted Address", "0012":"QP-0012", "0014":"QP-0014", "0015":"QP-0015", "0016":"QP-0016", "3214":"Dummy QP Name 3861", ... ]: null

2020-06-04 19:44:25 - [TEST_STEP][PASSED] - switch (DropdownNm): null

2020-06-04 19:44:25 - [TEST_STEP][PASSED] - case "PENo":: null

2020-06-04 19:44:25 - [TEST_STEP][PASSED] - ValueFound = FindValue + " (" + get(FindValue).toString() + ")": null

2020-06-04 19:44:25 - [TEST_STEP][PASSED] - break: null

2020-06-04 19:44:25 - [MESSAGE][PASSED] - Call Test Case 'Test Cases/PFI Precision and Scale/HashMap Tables/PELists' successfully

2020-06-04 19:44:25 - [TEST_STEP][PASSED] - println(ValueFound): null

2020-06-04 19:44:25 - [TEST_STEP][FAILED] - sendKeys(NewInputNmField, Keys.chord(ARROW_DOWN)): Unable to send keys '' to object 'Object Repository/Objects.HighlightElements/input_field' (Root cause: com.kms.katalon.core.exception.StepFailedException: Unable to send keys '' to object 'Object Repository/Objects.HighlightElements/input_field'
	at com.kms.katalon.core.webui.keyword.internal.WebUIKeywordMain.stepFailed(WebUIKeywordMain.groovy:64)
	at com.kms.katalon.core.webui.keyword.internal.WebUIKeywordMain.runKeyword(WebUIKeywordMain.groovy:26)
	at com.kms.katalon.core.webui.keyword.builtin.SendKeysKeyword.sendKeys(SendKeysKeyword.groovy:60)
	at com.kms.katalon.core.webui.keyword.builtin.SendKeysKeyword.execute(SendKeysKeyword.groovy:38)
	at com.kms.katalon.core.keyword.internal.KeywordExecutor.executeKeywordForPlatform(KeywordExecutor.groovy:72)
	at com.kms.katalon.core.webui.keyword.WebUiBuiltInKeywords.sendKeys(WebUiBuiltInKeywords.groovy:834)
	at com.kms.katalon.core.webui.keyword.WebUiBuiltInKeywords$sendKeys$8.call(Unknown Source)
	at VerifyDropdownValues.run(VerifyDropdownValues:52)
	at com.kms.katalon.core.main.ScriptEngine.run(ScriptEngine.java:194)
	at com.kms.katalon.core.main.ScriptEngine.runScriptAsRawText(ScriptEngine.java:119)
	at com.kms.katalon.core.main.TestCaseExecutor.runScript(TestCaseExecutor.java:337)
	at com.kms.katalon.core.main.TestCaseExecutor.doExecute(TestCaseExecutor.java:328)
	at com.kms.katalon.core.main.TestCaseExecutor.processExecutionPhase(TestCaseExecutor.java:307)
	at com.kms.katalon.core.main.TestCaseExecutor.accessMainPhase(TestCaseExecutor.java:299)
	at com.kms.katalon.core.main.TestCaseExecutor.execute(TestCaseExecutor.java:233)
	at com.kms.katalon.core.main.TestCaseMain.runTestCase(TestCaseMain.java:114)
	at com.kms.katalon.core.keyword.builtin.CallTestCaseKeyword$_callTestCase_closure1.doCall(CallTestCaseKeyword.groovy:59)
	at com.kms.katalon.core.keyword.builtin.CallTestCaseKeyword$_callTestCase_closure1.call(CallTestCaseKeyword.groovy)
	at com.kms.katalon.core.keyword.internal.KeywordMain.runKeyword(KeywordMain.groovy:68)
	at com.kms.katalon.core.keyword.builtin.CallTestCaseKeyword.callTestCase(CallTestCaseKeyword.groovy:81)
	at com.kms.katalon.core.keyword.builtin.CallTestCaseKeyword.execute(CallTestCaseKeyword.groovy:44)
	at com.kms.katalon.core.keyword.internal.KeywordExecutor.executeKeywordForPlatform(KeywordExecutor.groovy:72)
	at com.kms.katalon.core.keyword.BuiltinKeywords.callTestCase(BuiltinKeywords.groovy:334)
	at PFI.PELHS.run(PFI.PELHS:54)
	at com.kms.katalon.core.main.ScriptEngine.run(ScriptEngine.java:194)
	at com.kms.katalon.core.main.ScriptEngine.runScriptAsRawText(ScriptEngine.java:119)
	at com.kms.katalon.core.main.TestCaseExecutor.runScript(TestCaseExecutor.java:337)
	at com.kms.katalon.core.main.TestCaseExecutor.doExecute(TestCaseExecutor.java:328)
	at com.kms.katalon.core.main.TestCaseExecutor.processExecutionPhase(TestCaseExecutor.java:307)
	at com.kms.katalon.core.main.TestCaseExecutor.accessMainPhase(TestCaseExecutor.java:299)
	at com.kms.katalon.core.main.TestCaseExecutor.execute(TestCaseExecutor.java:233)
	at com.kms.katalon.core.main.TestSuiteExecutor.accessTestCaseMainPhase(TestSuiteExecutor.java:169)
	at com.kms.katalon.core.main.TestSuiteExecutor.accessTestSuiteMainPhase(TestSuiteExecutor.java:142)
	at com.kms.katalon.core.main.TestSuiteExecutor.execute(TestSuiteExecutor.java:91)
	at com.kms.katalon.core.main.TestCaseMain.startTestSuite(TestCaseMain.java:157)
	at com.kms.katalon.core.main.TestCaseMain$startTestSuite$0.call(Unknown Source)
	at TempTestSuite1591270754988.run(TempTestSuite1591270754988.groovy:36)
Caused by: org.openqa.selenium.ElementNotInteractableException: element not interactable
  (Session info: MicrosoftEdge=83.0.478.44)
Build info: version: '3.141.59', revision: 'e82be7d358', time: '2018-11-14T08:25:53'
System info: host: 'NSNB-108', ip: '192.168.16.39', os.name: 'Windows 10', os.arch: 'amd64', os.version: '10.0', java.version: '1.8.0_181'
Driver info: com.kms.katalon.selenium.driver.CEdgeDriver
Capabilities {acceptInsecureCerts: false, browserName: msedge, browserVersion: 83.0.478.44, javascriptEnabled: true, ms:edgeOptions: {debuggerAddress: localhost:61403}, msedge: {msedgedriverVersion: 83.0.478.37 (7feb1dfc5bdafe..., userDataDir: C:\Users\19023-~1\AppData\L...}, networkConnectionEnabled: false, pageLoadStrategy: normal, platform: WINDOWS, platformName: WINDOWS, proxy: Proxy(), setWindowRect: true, strictFileInteractability: false, timeouts: {implicit: 0, pageLoad: 300000, script: 30000}, unhandledPromptBehavior: dismiss and notify, webauthn:virtualAuthenticators: true}
Session ID: cd20843c006eeec7b886de652ed2ad89
	at org.openqa.selenium.remote.http.W3CHttpResponseCodec.createException(W3CHttpResponseCodec.java:187)
	at org.openqa.selenium.remote.http.W3CHttpResponseCodec.decode(W3CHttpResponseCodec.java:122)
	at org.openqa.selenium.remote.http.W3CHttpResponseCodec.decode(W3CHttpResponseCodec.java:49)
	at org.openqa.selenium.remote.HttpCommandExecutor.execute(HttpCommandExecutor.java:158)
	at org.openqa.selenium.remote.service.DriverCommandExecutor.execute(DriverCommandExecutor.java:83)
	at org.openqa.selenium.remote.RemoteWebDriver.execute(RemoteWebDriver.java:552)
	at com.kms.katalon.selenium.driver.CEdgeDriver.execute(CEdgeDriver.java:20)
	at org.openqa.selenium.remote.RemoteWebElement.execute(RemoteWebElement.java:285)
	at org.openqa.selenium.remote.RemoteWebElement.sendKeys(RemoteWebElement.java:106)
	at org.openqa.selenium.support.events.EventFiringWebDriver$EventFiringWebElement.lambda$new$0(EventFiringWebDriver.java:404)
	at com.sun.proxy.$Proxy9.sendKeys(Unknown Source)
	at org.openqa.selenium.support.events.EventFiringWebDriver$EventFiringWebElement.sendKeys(EventFiringWebDriver.java:429)
	at com.kms.katalon.core.webui.keyword.builtin.SendKeysKeyword$_sendKeys_closure1.doCall(SendKeysKeyword.groovy:53)
	at com.kms.katalon.core.webui.keyword.builtin.SendKeysKeyword$_sendKeys_closure1.call(SendKeysKeyword.groovy)
	at com.kms.katalon.core.webui.keyword.internal.WebUIKeywordMain.runKeyword(WebUIKeywordMain.groovy:20)
	at com.kms.katalon.core.webui.keyword.builtin.SendKeysKeyword.sendKeys(SendKeysKeyword.groovy:60)
	at com.kms.katalon.core.webui.keyword.builtin.SendKeysKeyword.execute(SendKeysKeyword.groovy:38)
	at com.kms.katalon.core.keyword.internal.KeywordExecutor.executeKeywordForPlatform(KeywordExecutor.groovy:72)
	at com.kms.katalon.core.webui.keyword.WebUiBuiltInKeywords.sendKeys(WebUiBuiltInKeywords.groovy:834)
	at com.kms.katalon.core.webui.keyword.WebUiBuiltInKeywords$sendKeys$8.call(Unknown Source)
	at Script1590263784613.run(Script1590263784613.groovy:52)
	at com.kms.katalon.core.main.ScriptEngine.run(ScriptEngine.java:194)
	at com.kms.katalon.core.main.ScriptEngine.runScriptAsRawText(ScriptEngine.java:119)
	at com.kms.katalon.core.main.TestCaseExecutor.runScript(TestCaseExecutor.java:337)
	at com.kms.katalon.core.main.TestCaseExecutor.doExecute(TestCaseExecutor.java:328)
	at com.kms.katalon.core.main.TestCaseExecutor.processExecutionPhase(TestCaseExecutor.java:307)
	at com.kms.katalon.core.main.TestCaseExecutor.accessMainPhase(TestCaseExecutor.java:299)
	at com.kms.katalon.core.main.TestCaseExecutor.execute(TestCaseExecutor.java:233)
	at com.kms.katalon.core.main.TestCaseMain.runTestCase(TestCaseMain.java:114)
	at com.kms.katalon.core.keyword.builtin.CallTestCaseKeyword$_callTestCase_closure1.doCall(CallTestCaseKeyword.groovy:59)
	at com.kms.katalon.core.keyword.builtin.CallTestCaseKeyword$_callTestCase_closure1.call(CallTestCaseKeyword.groovy)
	at com.kms.katalon.core.keyword.internal.KeywordMain.runKeyword(KeywordMain.groovy:68)
	at com.kms.katalon.core.keyword.builtin.CallTestCaseKeyword.callTestCase(CallTestCaseKeyword.groovy:81)
	at com.kms.katalon.core.keyword.builtin.CallTestCaseKeyword.execute(CallTestCaseKeyword.groovy:44)
	at com.kms.katalon.core.keyword.internal.KeywordExecutor.executeKeywordForPlatform(KeywordExecutor.groovy:72)
	at com.kms.katalon.core.keyword.BuiltinKeywords.callTestCase(BuiltinKeywords.groovy:334)
	at Script1589251056999.run(Script1589251056999.groovy:54)
	... 13 more
)

2020-06-04 19:44:26 - [MESSAGE][FAILED] - Unable to send keys '' to object 'Object Repository/Objects.HighlightElements/input_field' (Root cause: com.kms.katalon.core.exception.StepFailedException: Unable to send keys '' to object 'Object Repository/Objects.HighlightElements/input_field'
	at com.kms.katalon.core.webui.keyword.internal.WebUIKeywordMain.stepFailed(WebUIKeywordMain.groovy:64)
	at com.kms.katalon.core.webui.keyword.internal.WebUIKeywordMain.runKeyword(WebUIKeywordMain.groovy:26)
	at com.kms.katalon.core.webui.keyword.builtin.SendKeysKeyword.sendKeys(SendKeysKeyword.groovy:60)
	at com.kms.katalon.core.webui.keyword.builtin.SendKeysKeyword.execute(SendKeysKeyword.groovy:38)
	at com.kms.katalon.core.keyword.internal.KeywordExecutor.executeKeywordForPlatform(KeywordExecutor.groovy:72)
	at com.kms.katalon.core.webui.keyword.WebUiBuiltInKeywords.sendKeys(WebUiBuiltInKeywords.groovy:834)
	at com.kms.katalon.core.webui.keyword.WebUiBuiltInKeywords$sendKeys$8.call(Unknown Source)
	at VerifyDropdownValues.run(VerifyDropdownValues:52)
	at com.kms.katalon.core.main.ScriptEngine.run(ScriptEngine.java:194)
	at com.kms.katalon.core.main.ScriptEngine.runScriptAsRawText(ScriptEngine.java:119)
	at com.kms.katalon.core.main.TestCaseExecutor.runScript(TestCaseExecutor.java:337)
	at com.kms.katalon.core.main.TestCaseExecutor.doExecute(TestCaseExecutor.java:328)
	at com.kms.katalon.core.main.TestCaseExecutor.processExecutionPhase(TestCaseExecutor.java:307)
	at com.kms.katalon.core.main.TestCaseExecutor.accessMainPhase(TestCaseExecutor.java:299)
	at com.kms.katalon.core.main.TestCaseExecutor.execute(TestCaseExecutor.java:233)
	at com.kms.katalon.core.main.TestCaseMain.runTestCase(TestCaseMain.java:114)
	at com.kms.katalon.core.keyword.builtin.CallTestCaseKeyword$_callTestCase_closure1.doCall(CallTestCaseKeyword.groovy:59)
	at com.kms.katalon.core.keyword.builtin.CallTestCaseKeyword$_callTestCase_closure1.call(CallTestCaseKeyword.groovy)
	at com.kms.katalon.core.keyword.internal.KeywordMain.runKeyword(KeywordMain.groovy:68)
	at com.kms.katalon.core.keyword.builtin.CallTestCaseKeyword.callTestCase(CallTestCaseKeyword.groovy:81)
	at com.kms.katalon.core.keyword.builtin.CallTestCaseKeyword.execute(CallTestCaseKeyword.groovy:44)
	at com.kms.katalon.core.keyword.internal.KeywordExecutor.executeKeywordForPlatform(KeywordExecutor.groovy:72)
	at com.kms.katalon.core.keyword.BuiltinKeywords.callTestCase(BuiltinKeywords.groovy:334)
	at PFI.PELHS.run(PFI.PELHS:54)
	at com.kms.katalon.core.main.ScriptEngine.run(ScriptEngine.java:194)
	at com.kms.katalon.core.main.ScriptEngine.runScriptAsRawText(ScriptEngine.java:119)
	at com.kms.katalon.core.main.TestCaseExecutor.runScript(TestCaseExecutor.java:337)
	at com.kms.katalon.core.main.TestCaseExecutor.doExecute(TestCaseExecutor.java:328)
	at com.kms.katalon.core.main.TestCaseExecutor.processExecutionPhase(TestCaseExecutor.java:307)
	at com.kms.katalon.core.main.TestCaseExecutor.accessMainPhase(TestCaseExecutor.java:299)
	at com.kms.katalon.core.main.TestCaseExecutor.execute(TestCaseExecutor.java:233)
	at com.kms.katalon.core.main.TestSuiteExecutor.accessTestCaseMainPhase(TestSuiteExecutor.java:169)
	at com.kms.katalon.core.main.TestSuiteExecutor.accessTestSuiteMainPhase(TestSuiteExecutor.java:142)
	at com.kms.katalon.core.main.TestSuiteExecutor.execute(TestSuiteExecutor.java:91)
	at com.kms.katalon.core.main.TestCaseMain.startTestSuite(TestCaseMain.java:157)
	at com.kms.katalon.core.main.TestCaseMain$startTestSuite$0.call(Unknown Source)
	at TempTestSuite1591270754988.run(TempTestSuite1591270754988.groovy:36)
Caused by: org.openqa.selenium.ElementNotInteractableException: element not interactable
  (Session info: MicrosoftEdge=83.0.478.44)
Build info: version: '3.141.59', revision: 'e82be7d358', time: '2018-11-14T08:25:53'
System info: host: 'NSNB-108', ip: '192.168.16.39', os.name: 'Windows 10', os.arch: 'amd64', os.version: '10.0', java.version: '1.8.0_181'
Driver info: com.kms.katalon.selenium.driver.CEdgeDriver
Capabilities {acceptInsecureCerts: false, browserName: msedge, browserVersion: 83.0.478.44, javascriptEnabled: true, ms:edgeOptions: {debuggerAddress: localhost:61403}, msedge: {msedgedriverVersion: 83.0.478.37 (7feb1dfc5bdafe..., userDataDir: C:\Users\19023-~1\AppData\L...}, networkConnectionEnabled: false, pageLoadStrategy: normal, platform: WINDOWS, platformName: WINDOWS, proxy: Proxy(), setWindowRect: true, strictFileInteractability: false, timeouts: {implicit: 0, pageLoad: 300000, script: 30000}, unhandledPromptBehavior: dismiss and notify, webauthn:virtualAuthenticators: true}
Session ID: cd20843c006eeec7b886de652ed2ad89
	at org.openqa.selenium.remote.http.W3CHttpResponseCodec.createException(W3CHttpResponseCodec.java:187)
	at org.openqa.selenium.remote.http.W3CHttpResponseCodec.decode(W3CHttpResponseCodec.java:122)
	at org.openqa.selenium.remote.http.W3CHttpResponseCodec.decode(W3CHttpResponseCodec.java:49)
	at org.openqa.selenium.remote.HttpCommandExecutor.execute(HttpCommandExecutor.java:158)
	at org.openqa.selenium.remote.service.DriverCommandExecutor.execute(DriverCommandExecutor.java:83)
	at org.openqa.selenium.remote.RemoteWebDriver.execute(RemoteWebDriver.java:552)
	at com.kms.katalon.selenium.driver.CEdgeDriver.execute(CEdgeDriver.java:20)
	at org.openqa.selenium.remote.RemoteWebElement.execute(RemoteWebElement.java:285)
	at org.openqa.selenium.remote.RemoteWebElement.sendKeys(RemoteWebElement.java:106)
	at org.openqa.selenium.support.events.EventFiringWebDriver$EventFiringWebElement.lambda$new$0(EventFiringWebDriver.java:404)
	at com.sun.proxy.$Proxy9.sendKeys(Unknown Source)
	at org.openqa.selenium.support.events.EventFiringWebDriver$EventFiringWebElement.sendKeys(EventFiringWebDriver.java:429)
	at com.kms.katalon.core.webui.keyword.builtin.SendKeysKeyword$_sendKeys_closure1.doCall(SendKeysKeyword.groovy:53)
	at com.kms.katalon.core.webui.keyword.builtin.SendKeysKeyword$_sendKeys_closure1.call(SendKeysKeyword.groovy)
	at com.kms.katalon.core.webui.keyword.internal.WebUIKeywordMain.runKeyword(WebUIKeywordMain.groovy:20)
	at com.kms.katalon.core.webui.keyword.builtin.SendKeysKeyword.sendKeys(SendKeysKeyword.groovy:60)
	at com.kms.katalon.core.webui.keyword.builtin.SendKeysKeyword.execute(SendKeysKeyword.groovy:38)
	at com.kms.katalon.core.keyword.internal.KeywordExecutor.executeKeywordForPlatform(KeywordExecutor.groovy:72)
	at com.kms.katalon.core.webui.keyword.WebUiBuiltInKeywords.sendKeys(WebUiBuiltInKeywords.groovy:834)
	at com.kms.katalon.core.webui.keyword.WebUiBuiltInKeywords$sendKeys$8.call(Unknown Source)
	at Script1590263784613.run(Script1590263784613.groovy:52)
	at com.kms.katalon.core.main.ScriptEngine.run(ScriptEngine.java:194)
	at com.kms.katalon.core.main.ScriptEngine.runScriptAsRawText(ScriptEngine.java:119)
	at com.kms.katalon.core.main.TestCaseExecutor.runScript(TestCaseExecutor.java:337)
	at com.kms.katalon.core.main.TestCaseExecutor.doExecute(TestCaseExecutor.java:328)
	at com.kms.katalon.core.main.TestCaseExecutor.processExecutionPhase(TestCaseExecutor.java:307)
	at com.kms.katalon.core.main.TestCaseExecutor.accessMainPhase(TestCaseExecutor.java:299)
	at com.kms.katalon.core.main.TestCaseExecutor.execute(TestCaseExecutor.java:233)
	at com.kms.katalon.core.main.TestCaseMain.runTestCase(TestCaseMain.java:114)
	at com.kms.katalon.core.keyword.builtin.CallTestCaseKeyword$_callTestCase_closure1.doCall(CallTestCaseKeyword.groovy:59)
	at com.kms.katalon.core.keyword.builtin.CallTestCaseKeyword$_callTestCase_closure1.call(CallTestCaseKeyword.groovy)
	at com.kms.katalon.core.keyword.internal.KeywordMain.runKeyword(KeywordMain.groovy:68)
	at com.kms.katalon.core.keyword.builtin.CallTestCaseKeyword.callTestCase(CallTestCaseKeyword.groovy:81)
	at com.kms.katalon.core.keyword.builtin.CallTestCaseKeyword.execute(CallTestCaseKeyword.groovy:44)
	at com.kms.katalon.core.keyword.internal.KeywordExecutor.executeKeywordForPlatform(KeywordExecutor.groovy:72)
	at com.kms.katalon.core.keyword.BuiltinKeywords.callTestCase(BuiltinKeywords.groovy:334)
	at Script1589251056999.run(Script1589251056999.groovy:54)
	... 13 more
)
[[ATTACHMENT|C:\\Users\\19023-RAC\\Desktop\\New Automation Copy\\Reports\\20200604_193910\\PFI Precision and Scale Automated Regression Suite\\PFI\\Page Section\\20200604_193910\\1591271065643.png]]

2020-06-04 19:44:26 - [MESSAGE][FAILED] - Unable to call Test Case 'Test Cases/PFI Precision and Scale/PFI Components/VerifyDropdownValues' (Root cause: com.kms.katalon.core.exception.StepFailedException: Call Test Case 'Test Cases/PFI Precision and Scale/PFI Components/VerifyDropdownValues' failed
	at com.kms.katalon.core.keyword.builtin.CallTestCaseKeyword$_callTestCase_closure1.doCall(CallTestCaseKeyword.groovy:63)
	at com.kms.katalon.core.keyword.builtin.CallTestCaseKeyword$_callTestCase_closure1.call(CallTestCaseKeyword.groovy)
	at com.kms.katalon.core.keyword.internal.KeywordMain.runKeyword(KeywordMain.groovy:68)
	at com.kms.katalon.core.keyword.builtin.CallTestCaseKeyword.callTestCase(CallTestCaseKeyword.groovy:81)
	at com.kms.katalon.core.keyword.builtin.CallTestCaseKeyword.execute(CallTestCaseKeyword.groovy:44)
	at com.kms.katalon.core.keyword.internal.KeywordExecutor.executeKeywordForPlatform(KeywordExecutor.groovy:72)
	at com.kms.katalon.core.keyword.BuiltinKeywords.callTestCase(BuiltinKeywords.groovy:334)
	at PFI.PELHS.run(PFI.PELHS:54)
	at com.kms.katalon.core.main.ScriptEngine.run(ScriptEngine.java:194)
	at com.kms.katalon.core.main.ScriptEngine.runScriptAsRawText(ScriptEngine.java:119)
	at com.kms.katalon.core.main.TestCaseExecutor.runScript(TestCaseExecutor.java:337)
	at com.kms.katalon.core.main.TestCaseExecutor.doExecute(TestCaseExecutor.java:328)
	at com.kms.katalon.core.main.TestCaseExecutor.processExecutionPhase(TestCaseExecutor.java:307)
	at com.kms.katalon.core.main.TestCaseExecutor.accessMainPhase(TestCaseExecutor.java:299)
	at com.kms.katalon.core.main.TestCaseExecutor.execute(TestCaseExecutor.java:233)
	at com.kms.katalon.core.main.TestSuiteExecutor.accessTestCaseMainPhase(TestSuiteExecutor.java:169)
	at com.kms.katalon.core.main.TestSuiteExecutor.accessTestSuiteMainPhase(TestSuiteExecutor.java:142)
	at com.kms.katalon.core.main.TestSuiteExecutor.execute(TestSuiteExecutor.java:91)
	at com.kms.katalon.core.main.TestCaseMain.startTestSuite(TestCaseMain.java:157)
	at com.kms.katalon.core.main.TestCaseMain$startTestSuite$0.call(Unknown Source)
	at TempTestSuite1591270754988.run(TempTestSuite1591270754988.groovy:36)
Caused by: com.kms.katalon.core.exception.StepFailedException: Unable to send keys '' to object 'Object Repository/Objects.HighlightElements/input_field'
	at com.kms.katalon.core.webui.keyword.internal.WebUIKeywordMain.stepFailed(WebUIKeywordMain.groovy:64)
	at com.kms.katalon.core.webui.keyword.internal.WebUIKeywordMain.runKeyword(WebUIKeywordMain.groovy:26)
	at com.kms.katalon.core.webui.keyword.builtin.SendKeysKeyword.sendKeys(SendKeysKeyword.groovy:60)
	at com.kms.katalon.core.webui.keyword.builtin.SendKeysKeyword.execute(SendKeysKeyword.groovy:38)
	at com.kms.katalon.core.keyword.internal.KeywordExecutor.executeKeywordForPlatform(KeywordExecutor.groovy:72)
	at com.kms.katalon.core.webui.keyword.WebUiBuiltInKeywords.sendKeys(WebUiBuiltInKeywords.groovy:834)
	at com.kms.katalon.core.webui.keyword.WebUiBuiltInKeywords$sendKeys$8.call(Unknown Source)
	at VerifyDropdownValues.run(VerifyDropdownValues:52)
	at com.kms.katalon.core.main.ScriptEngine.run(ScriptEngine.java:194)
	at com.kms.katalon.core.main.ScriptEngine.runScriptAsRawText(ScriptEngine.java:119)
	at com.kms.katalon.core.main.TestCaseExecutor.runScript(TestCaseExecutor.java:337)
	at com.kms.katalon.core.main.TestCaseExecutor.doExecute(TestCaseExecutor.java:328)
	at com.kms.katalon.core.main.TestCaseExecutor.processExecutionPhase(TestCaseExecutor.java:307)
	at com.kms.katalon.core.main.TestCaseExecutor.accessMainPhase(TestCaseExecutor.java:299)
	at com.kms.katalon.core.main.TestCaseExecutor.execute(TestCaseExecutor.java:233)
	at com.kms.katalon.core.main.TestCaseMain.runTestCase(TestCaseMain.java:114)
	at com.kms.katalon.core.keyword.builtin.CallTestCaseKeyword$_callTestCase_closure1.doCall(CallTestCaseKeyword.groovy:59)
	... 20 more
Caused by: org.openqa.selenium.ElementNotInteractableException: element not interactable
  (Session info: MicrosoftEdge=83.0.478.44)
Build info: version: '3.141.59', revision: 'e82be7d358', time: '2018-11-14T08:25:53'
System info: host: 'NSNB-108', ip: '192.168.16.39', os.name: 'Windows 10', os.arch: 'amd64', os.version: '10.0', java.version: '1.8.0_181'
Driver info: com.kms.katalon.selenium.driver.CEdgeDriver
Capabilities {acceptInsecureCerts: false, browserName: msedge, browserVersion: 83.0.478.44, javascriptEnabled: true, ms:edgeOptions: {debuggerAddress: localhost:61403}, msedge: {msedgedriverVersion: 83.0.478.37 (7feb1dfc5bdafe..., userDataDir: C:\Users\19023-~1\AppData\L...}, networkConnectionEnabled: false, pageLoadStrategy: normal, platform: WINDOWS, platformName: WINDOWS, proxy: Proxy(), setWindowRect: true, strictFileInteractability: false, timeouts: {implicit: 0, pageLoad: 300000, script: 30000}, unhandledPromptBehavior: dismiss and notify, webauthn:virtualAuthenticators: true}
Session ID: cd20843c006eeec7b886de652ed2ad89
	at org.openqa.selenium.remote.http.W3CHttpResponseCodec.createException(W3CHttpResponseCodec.java:187)
	at org.openqa.selenium.remote.http.W3CHttpResponseCodec.decode(W3CHttpResponseCodec.java:122)
	at org.openqa.selenium.remote.http.W3CHttpResponseCodec.decode(W3CHttpResponseCodec.java:49)
	at org.openqa.selenium.remote.HttpCommandExecutor.execute(HttpCommandExecutor.java:158)
	at org.openqa.selenium.remote.service.DriverCommandExecutor.execute(DriverCommandExecutor.java:83)
	at org.openqa.selenium.remote.RemoteWebDriver.execute(RemoteWebDriver.java:552)
	at com.kms.katalon.selenium.driver.CEdgeDriver.execute(CEdgeDriver.java:20)
	at org.openqa.selenium.remote.RemoteWebElement.execute(RemoteWebElement.java:285)
	at org.openqa.selenium.remote.RemoteWebElement.sendKeys(RemoteWebElement.java:106)
	at org.openqa.selenium.support.events.EventFiringWebDriver$EventFiringWebElement.lambda$new$0(EventFiringWebDriver.java:404)
	at com.sun.proxy.$Proxy9.sendKeys(Unknown Source)
	at org.openqa.selenium.support.events.EventFiringWebDriver$EventFiringWebElement.sendKeys(EventFiringWebDriver.java:429)
	at com.kms.katalon.core.webui.keyword.builtin.SendKeysKeyword$_sendKeys_closure1.doCall(SendKeysKeyword.groovy:53)
	at com.kms.katalon.core.webui.keyword.builtin.SendKeysKeyword$_sendKeys_closure1.call(SendKeysKeyword.groovy)
	at com.kms.katalon.core.webui.keyword.internal.WebUIKeywordMain.runKeyword(WebUIKeywordMain.groovy:20)
	... 35 more
)]]></system-out>
         <system-err><![CDATA[2020-06-04 19:43:17 - [TEST_CASE][FAILED] - Test Cases/PFI Precision and Scale/PFI Test Cases/Process Case (PFI)/PFI.PELHS: Test Cases/PFI Precision and Scale/PFI Test Cases/Process Case (PFI)/PFI.PELHS FAILED.
Reason:
com.kms.katalon.core.exception.StepFailedException: Call Test Case 'Test Cases/PFI Precision and Scale/PFI Components/VerifyDropdownValues' failed
	at com.kms.katalon.core.keyword.builtin.CallTestCaseKeyword$_callTestCase_closure1.doCall(CallTestCaseKeyword.groovy:63)
	at com.kms.katalon.core.keyword.builtin.CallTestCaseKeyword$_callTestCase_closure1.call(CallTestCaseKeyword.groovy)
	at com.kms.katalon.core.keyword.internal.KeywordMain.runKeyword(KeywordMain.groovy:68)
	at com.kms.katalon.core.keyword.builtin.CallTestCaseKeyword.callTestCase(CallTestCaseKeyword.groovy:81)
	at com.kms.katalon.core.keyword.builtin.CallTestCaseKeyword.execute(CallTestCaseKeyword.groovy:44)
	at com.kms.katalon.core.keyword.internal.KeywordExecutor.executeKeywordForPlatform(KeywordExecutor.groovy:72)
	at com.kms.katalon.core.keyword.BuiltinKeywords.callTestCase(BuiltinKeywords.groovy:334)
	at PFI.PELHS.run(PFI.PELHS:54)
	at com.kms.katalon.core.main.ScriptEngine.run(ScriptEngine.java:194)
	at com.kms.katalon.core.main.ScriptEngine.runScriptAsRawText(ScriptEngine.java:119)
	at com.kms.katalon.core.main.TestCaseExecutor.runScript(TestCaseExecutor.java:337)
	at com.kms.katalon.core.main.TestCaseExecutor.doExecute(TestCaseExecutor.java:328)
	at com.kms.katalon.core.main.TestCaseExecutor.processExecutionPhase(TestCaseExecutor.java:307)
	at com.kms.katalon.core.main.TestCaseExecutor.accessMainPhase(TestCaseExecutor.java:299)
	at com.kms.katalon.core.main.TestCaseExecutor.execute(TestCaseExecutor.java:233)
	at com.kms.katalon.core.main.TestSuiteExecutor.accessTestCaseMainPhase(TestSuiteExecutor.java:169)
	at com.kms.katalon.core.main.TestSuiteExecutor.accessTestSuiteMainPhase(TestSuiteExecutor.java:142)
	at com.kms.katalon.core.main.TestSuiteExecutor.execute(TestSuiteExecutor.java:91)
	at com.kms.katalon.core.main.TestCaseMain.startTestSuite(TestCaseMain.java:157)
	at com.kms.katalon.core.main.TestCaseMain$startTestSuite$0.call(Unknown Source)
	at TempTestSuite1591270754988.run(TempTestSuite1591270754988.groovy:36)
Caused by: com.kms.katalon.core.exception.StepFailedException: Unable to send keys '' to object 'Object Repository/Objects.HighlightElements/input_field'
	at com.kms.katalon.core.webui.keyword.internal.WebUIKeywordMain.stepFailed(WebUIKeywordMain.groovy:64)
	at com.kms.katalon.core.webui.keyword.internal.WebUIKeywordMain.runKeyword(WebUIKeywordMain.groovy:26)
	at com.kms.katalon.core.webui.keyword.builtin.SendKeysKeyword.sendKeys(SendKeysKeyword.groovy:60)
	at com.kms.katalon.core.webui.keyword.builtin.SendKeysKeyword.execute(SendKeysKeyword.groovy:38)
	at com.kms.katalon.core.keyword.internal.KeywordExecutor.executeKeywordForPlatform(KeywordExecutor.groovy:72)
	at com.kms.katalon.core.webui.keyword.WebUiBuiltInKeywords.sendKeys(WebUiBuiltInKeywords.groovy:834)
	at com.kms.katalon.core.webui.keyword.WebUiBuiltInKeywords$sendKeys$8.call(Unknown Source)
	at VerifyDropdownValues.run(VerifyDropdownValues:52)
	at com.kms.katalon.core.main.ScriptEngine.run(ScriptEngine.java:194)
	at com.kms.katalon.core.main.ScriptEngine.runScriptAsRawText(ScriptEngine.java:119)
	at com.kms.katalon.core.main.TestCaseExecutor.runScript(TestCaseExecutor.java:337)
	at com.kms.katalon.core.main.TestCaseExecutor.doExecute(TestCaseExecutor.java:328)
	at com.kms.katalon.core.main.TestCaseExecutor.processExecutionPhase(TestCaseExecutor.java:307)
	at com.kms.katalon.core.main.TestCaseExecutor.accessMainPhase(TestCaseExecutor.java:299)
	at com.kms.katalon.core.main.TestCaseExecutor.execute(TestCaseExecutor.java:233)
	at com.kms.katalon.core.main.TestCaseMain.runTestCase(TestCaseMain.java:114)
	at com.kms.katalon.core.keyword.builtin.CallTestCaseKeyword$_callTestCase_closure1.doCall(CallTestCaseKeyword.groovy:59)
	... 20 more
Caused by: org.openqa.selenium.ElementNotInteractableException: element not interactable
  (Session info: MicrosoftEdge=83.0.478.44)
Build info: version: '3.141.59', revision: 'e82be7d358', time: '2018-11-14T08:25:53'
System info: host: 'NSNB-108', ip: '192.168.16.39', os.name: 'Windows 10', os.arch: 'amd64', os.version: '10.0', java.version: '1.8.0_181'
Driver info: com.kms.katalon.selenium.driver.CEdgeDriver
Capabilities {acceptInsecureCerts: false, browserName: msedge, browserVersion: 83.0.478.44, javascriptEnabled: true, ms:edgeOptions: {debuggerAddress: localhost:61403}, msedge: {msedgedriverVersion: 83.0.478.37 (7feb1dfc5bdafe..., userDataDir: C:\Users\19023-~1\AppData\L...}, networkConnectionEnabled: false, pageLoadStrategy: normal, platform: WINDOWS, platformName: WINDOWS, proxy: Proxy(), setWindowRect: true, strictFileInteractability: false, timeouts: {implicit: 0, pageLoad: 300000, script: 30000}, unhandledPromptBehavior: dismiss and notify, webauthn:virtualAuthenticators: true}
Session ID: cd20843c006eeec7b886de652ed2ad89
	at org.openqa.selenium.remote.http.W3CHttpResponseCodec.createException(W3CHttpResponseCodec.java:187)
	at org.openqa.selenium.remote.http.W3CHttpResponseCodec.decode(W3CHttpResponseCodec.java:122)
	at org.openqa.selenium.remote.http.W3CHttpResponseCodec.decode(W3CHttpResponseCodec.java:49)
	at org.openqa.selenium.remote.HttpCommandExecutor.execute(HttpCommandExecutor.java:158)
	at org.openqa.selenium.remote.service.DriverCommandExecutor.execute(DriverCommandExecutor.java:83)
	at org.openqa.selenium.remote.RemoteWebDriver.execute(RemoteWebDriver.java:552)
	at com.kms.katalon.selenium.driver.CEdgeDriver.execute(CEdgeDriver.java:20)
	at org.openqa.selenium.remote.RemoteWebElement.execute(RemoteWebElement.java:285)
	at org.openqa.selenium.remote.RemoteWebElement.sendKeys(RemoteWebElement.java:106)
	at org.openqa.selenium.support.events.EventFiringWebDriver$EventFiringWebElement.lambda$new$0(EventFiringWebDriver.java:404)
	at com.sun.proxy.$Proxy9.sendKeys(Unknown Source)
	at org.openqa.selenium.support.events.EventFiringWebDriver$EventFiringWebElement.sendKeys(EventFiringWebDriver.java:429)
	at com.kms.katalon.core.webui.keyword.builtin.SendKeysKeyword$_sendKeys_closure1.doCall(SendKeysKeyword.groovy:53)
	at com.kms.katalon.core.webui.keyword.builtin.SendKeysKeyword$_sendKeys_closure1.call(SendKeysKeyword.groovy)
	at com.kms.katalon.core.webui.keyword.internal.WebUIKeywordMain.runKeyword(WebUIKeywordMain.groovy:20)
	... 35 more]]></system-err>
      </testcase>
      <testcase name="Test Cases/PFI Precision and Scale/PFI Test Cases/Process Case (PFI)/PFI.D2FormsLHS" time="123.739" classname="Test Cases/PFI Precision and Scale/PFI Test Cases/Process Case (PFI)/PFI.D2FormsLHS" status="PASSED">
         <system-out><![CDATA[2020-06-04 19:44:26 - [TEST_CASE][PASSED] - Test Cases/PFI Precision and Scale/PFI Test Cases/Process Case (PFI)/PFI.D2FormsLHS: Test Cases/PFI Precision and Scale/PFI Test Cases/Process Case (PFI)/PFI.D2FormsLHS

2020-06-04 19:44:26 - [TEST_STEP][NOT_RUN] - callTestCase(findTestCase("Components/LoginV2.0"), ["LinkToBeUsed":findTestData("Datatable").getValue("URL", 16), "LoginPageTextToBeVerified":findTestData("Datatable").getValue("HomeBanner", 2), ... ], STOP_ON_FAILURE): NOT_RUN: callTestCase(findTestCase("Components/LoginV2.0"), ["LinkToBeUsed":findTestData("Datatable").getValue("URL", 16), "LoginPageTextToBeVerified":findTestData("Datatable").getValue("HomeBanner", 2), ... ], STOP_ON_FAILURE)

2020-06-04 19:44:26 - [MESSAGE][NOT_RUN] - NOT_RUN: callTestCase(findTestCase("Components/LoginV2.0"), ["LinkToBeUsed":findTestData("Datatable").getValue("URL", 16), "LoginPageTextToBeVerified":findTestData("Datatable").getValue("HomeBanner", 2), ... ], STOP_ON_FAILURE)

2020-06-04 19:44:26 - [TEST_STEP][NOT_RUN] - callTestCase(findTestCase("Components/Filter"), ["taskDescription":"Process Case (SM)"], STOP_ON_FAILURE): NOT_RUN: callTestCase(findTestCase("Components/Filter"), ["taskDescription":"Process Case (SM)"], STOP_ON_FAILURE)

2020-06-04 19:44:26 - [MESSAGE][NOT_RUN] - NOT_RUN: callTestCase(findTestCase("Components/Filter"), ["taskDescription":"Process Case (SM)"], STOP_ON_FAILURE)

2020-06-04 19:44:26 - [TEST_STEP][NOT_RUN] - callTestCase(findTestCase("Components/ClickLinkDependingOnTextAndIndex"), ["linkName":"Process Case (SM)", "index":"2"], STOP_ON_FAILURE): NOT_RUN: callTestCase(findTestCase("Components/ClickLinkDependingOnTextAndIndex"), ["linkName":"Process Case (SM)", "index":"2"], STOP_ON_FAILURE)

2020-06-04 19:44:26 - [MESSAGE][NOT_RUN] - NOT_RUN: callTestCase(findTestCase("Components/ClickLinkDependingOnTextAndIndex"), ["linkName":"Process Case (SM)", "index":"2"], STOP_ON_FAILURE)

2020-06-04 19:44:26 - [TEST_STEP][PASSED] - callTestCase(findTestCase("Components/NavigateToAnyLHS"), ["LHS":"D2 Forms (Second Stage)"], STOP_ON_FAILURE): Call Test Case 'Test Cases/Components/NavigateToAnyLHS' successfully

2020-06-04 19:44:26 - [TEST_CASE][PASSED] - Test Cases/Components/NavigateToAnyLHS: Test Cases/Components/NavigateToAnyLHS

2020-06-04 19:44:26 - [TEST_STEP][PASSED] - Thread.sleep(1000): null

2020-06-04 19:44:27 - [TEST_STEP][PASSED] - modifiedLHS = modifyObjectProperty(findTestObject("Objects.NavigateToAnyLHS/Page_ISPS2/LHSToModify"), "text", "equals", LHS, true): Modify property of object successfully

2020-06-04 19:44:27 - [MESSAGE][PASSED] - Modify property of object successfully

2020-06-04 19:44:27 - [TEST_STEP][PASSED] - click(modifiedLHS): Object: 'Object Repository/Objects.NavigateToAnyLHS/Page_ISPS2/LHSToModify' is clicked on

2020-06-04 19:44:27 - [MESSAGE][PASSED] - Object: 'Object Repository/Objects.NavigateToAnyLHS/Page_ISPS2/LHSToModify' is clicked on

2020-06-04 19:44:27 - [TEST_STEP][PASSED] - currentLHS = getText(modifiedLHS): Text of object 'Object Repository/Objects.NavigateToAnyLHS/Page_ISPS2/LHSToModify' is: 'D2 Forms (Second Stage)'

2020-06-04 19:44:27 - [MESSAGE][PASSED] - Text of object 'Object Repository/Objects.NavigateToAnyLHS/Page_ISPS2/LHSToModify' is: 'D2 Forms (Second Stage)'

2020-06-04 19:44:27 - [TEST_STEP][PASSED] - Thread.sleep(5000): null

2020-06-04 19:44:32 - [MESSAGE][PASSED] - Call Test Case 'Test Cases/Components/NavigateToAnyLHS' successfully

2020-06-04 19:44:32 - [TEST_STEP][PASSED] - callTestCase(findTestCase("Components/VerifyPageSuccessfullyLoadedII"), ["PageNm":"D Forms (Second Stage)"], STOP_ON_FAILURE): Call Test Case 'Test Cases/Components/VerifyPageSuccessfullyLoadedII' successfully

2020-06-04 19:44:32 - [TEST_CASE][PASSED] - Test Cases/Components/VerifyPageSuccessfullyLoadedII: Test Cases/Components/VerifyPageSuccessfullyLoadedII

2020-06-04 19:44:32 - [TEST_STEP][PASSED] - waitForPageLoad(5): Wait for page load successfully

2020-06-04 19:44:32 - [MESSAGE][PASSED] - Wait for page load successfully

2020-06-04 19:44:32 - [TEST_STEP][PASSED] - modifiedInputFld = modifyObjectProperty(findTestObject("Object Repository/Objects.VerifyPageSuccessfullyLoaded/PageHeaderIndex"), "xpath", "equals", "//*[contains(@class,'isps-page-title') and (text()='" + PageNm + "')]", true): Modify property of object successfully

2020-06-04 19:44:32 - [MESSAGE][PASSED] - Modify property of object successfully

2020-06-04 19:44:32 - [TEST_STEP][PASSED] - com.reusableComponents.HighlightElement.run(modifiedInputFld): com.reusableComponents.HighlightElement.run is PASSED

2020-06-04 19:44:33 - [MESSAGE][PASSED] - com.reusableComponents.HighlightElement.run is PASSED

2020-06-04 19:44:33 - [MESSAGE][PASSED] - Call Test Case 'Test Cases/Components/VerifyPageSuccessfullyLoadedII' successfully

2020-06-04 19:44:33 - [TEST_STEP][PASSED] - callTestCase(findTestCase("Components/ClickSubmitButton"), [:], STOP_ON_FAILURE): Call Test Case 'Test Cases/Components/ClickSubmitButton' successfully

2020-06-04 19:44:33 - [TEST_CASE][PASSED] - Test Cases/Components/ClickSubmitButton: Test Cases/Components/ClickSubmitButton

2020-06-04 19:44:33 - [TEST_STEP][PASSED] - Thread.sleep(1000): null

2020-06-04 19:44:34 - [TEST_STEP][PASSED] - com.reusableComponents.HighlightElement.run(findTestObject("Objects.ClickSubmitButton/XP_SubmitButton")): com.reusableComponents.HighlightElement.run is PASSED

2020-06-04 19:44:34 - [MESSAGE][PASSED] - com.reusableComponents.HighlightElement.run is PASSED

2020-06-04 19:44:34 - [TEST_STEP][PASSED] - click(findTestObject("Objects.ClickSubmitButton/XP_SubmitButton")): Object: 'Object Repository/Objects.ClickSubmitButton/XP_SubmitButton' is clicked on

2020-06-04 19:44:34 - [MESSAGE][PASSED] - Object: 'Object Repository/Objects.ClickSubmitButton/XP_SubmitButton' is clicked on

2020-06-04 19:44:34 - [MESSAGE][PASSED] - Call Test Case 'Test Cases/Components/ClickSubmitButton' successfully

2020-06-04 19:44:34 - [TEST_STEP][PASSED] - callTestCase(findTestCase("PFI Precision and Scale/PFI Components/RequiredFieldValidation"), ["nameToBeUsed":"d2RecvDt"], STOP_ON_FAILURE): Call Test Case 'Test Cases/PFI Precision and Scale/PFI Components/RequiredFieldValidation' successfully

2020-06-04 19:44:35 - [TEST_CASE][PASSED] - Test Cases/PFI Precision and Scale/PFI Components/RequiredFieldValidation: Test Cases/PFI Precision and Scale/PFI Components/RequiredFieldValidation

2020-06-04 19:44:35 - [TEST_STEP][PASSED] - Thread.sleep(1000): null

2020-06-04 19:44:36 - [TEST_STEP][PASSED] - NewInputNmField = modifyObjectProperty(findTestObject("Objects.HighlightElements/input_field"), "name", "equals", nameToBeUsed, true): Modify property of object successfully

2020-06-04 19:44:36 - [MESSAGE][PASSED] - Modify property of object successfully

2020-06-04 19:44:36 - [TEST_STEP][PASSED] - mouseOver(NewInputNmField): Object: 'Object Repository/Objects.HighlightElements/input_field' is hovered

2020-06-04 19:44:36 - [MESSAGE][PASSED] - Object: 'Object Repository/Objects.HighlightElements/input_field' is hovered

2020-06-04 19:44:36 - [TEST_STEP][PASSED] - getRqErrMsg = getAttribute(NewInputNmField, "data-errorqtip"): Attribute 'data-errorqtip' of object 'Object Repository/Objects.HighlightElements/input_field' is: '<ul class="x-list-plain"><li>This field is required</li></ul>'

2020-06-04 19:44:36 - [MESSAGE][PASSED] - Attribute 'data-errorqtip' of object 'Object Repository/Objects.HighlightElements/input_field' is: '<ul class="x-list-plain"><li>This field is required</li></ul>'

2020-06-04 19:44:36 - [TEST_STEP][PASSED] - strToolTip = getRqErrMsg.substring(29, 61): null

2020-06-04 19:44:36 - [TEST_STEP][PASSED] - toolTipReqErrMsg = strToolTip.substring(0, 22): null

2020-06-04 19:44:36 - [TEST_STEP][PASSED] - verifyMatch(toolTipReqErrMsg, RqField, true): Actual text 'This field is required' and expected text 'This field is required' are matched  using regular expression

2020-06-04 19:44:36 - [MESSAGE][PASSED] - Actual text 'This field is required' and expected text 'This field is required' are matched  using regular expression

2020-06-04 19:44:36 - [MESSAGE][PASSED] - Call Test Case 'Test Cases/PFI Precision and Scale/PFI Components/RequiredFieldValidation' successfully

2020-06-04 19:44:36 - [TEST_STEP][PASSED] - callTestCase(findTestCase("PFI Precision and Scale/PFI Components/RequiredFieldValidation"), ["nameToBeUsed":"d2ComplDt"], STOP_ON_FAILURE): Call Test Case 'Test Cases/PFI Precision and Scale/PFI Components/RequiredFieldValidation' successfully

2020-06-04 19:44:36 - [TEST_CASE][PASSED] - Test Cases/PFI Precision and Scale/PFI Components/RequiredFieldValidation: Test Cases/PFI Precision and Scale/PFI Components/RequiredFieldValidation

2020-06-04 19:44:36 - [TEST_STEP][PASSED] - Thread.sleep(1000): null

2020-06-04 19:44:37 - [TEST_STEP][PASSED] - NewInputNmField = modifyObjectProperty(findTestObject("Objects.HighlightElements/input_field"), "name", "equals", nameToBeUsed, true): Modify property of object successfully

2020-06-04 19:44:37 - [MESSAGE][PASSED] - Modify property of object successfully

2020-06-04 19:44:37 - [TEST_STEP][PASSED] - mouseOver(NewInputNmField): Object: 'Object Repository/Objects.HighlightElements/input_field' is hovered

2020-06-04 19:44:37 - [MESSAGE][PASSED] - Object: 'Object Repository/Objects.HighlightElements/input_field' is hovered

2020-06-04 19:44:37 - [TEST_STEP][PASSED] - getRqErrMsg = getAttribute(NewInputNmField, "data-errorqtip"): Attribute 'data-errorqtip' of object 'Object Repository/Objects.HighlightElements/input_field' is: '<ul class="x-list-plain"><li>This field is required</li></ul>'

2020-06-04 19:44:37 - [MESSAGE][PASSED] - Attribute 'data-errorqtip' of object 'Object Repository/Objects.HighlightElements/input_field' is: '<ul class="x-list-plain"><li>This field is required</li></ul>'

2020-06-04 19:44:37 - [TEST_STEP][PASSED] - strToolTip = getRqErrMsg.substring(29, 61): null

2020-06-04 19:44:37 - [TEST_STEP][PASSED] - toolTipReqErrMsg = strToolTip.substring(0, 22): null

2020-06-04 19:44:37 - [TEST_STEP][PASSED] - verifyMatch(toolTipReqErrMsg, RqField, true): Actual text 'This field is required' and expected text 'This field is required' are matched  using regular expression

2020-06-04 19:44:37 - [MESSAGE][PASSED] - Actual text 'This field is required' and expected text 'This field is required' are matched  using regular expression

2020-06-04 19:44:37 - [MESSAGE][PASSED] - Call Test Case 'Test Cases/PFI Precision and Scale/PFI Components/RequiredFieldValidation' successfully

2020-06-04 19:44:37 - [TEST_STEP][PASSED] - callTestCase(findTestCase("PFI Precision and Scale/PFI Components/RequiredFieldValidation"), ["nameToBeUsed":"d2aRecvDt"], STOP_ON_FAILURE): Call Test Case 'Test Cases/PFI Precision and Scale/PFI Components/RequiredFieldValidation' successfully

2020-06-04 19:44:37 - [TEST_CASE][PASSED] - Test Cases/PFI Precision and Scale/PFI Components/RequiredFieldValidation: Test Cases/PFI Precision and Scale/PFI Components/RequiredFieldValidation

2020-06-04 19:44:37 - [TEST_STEP][PASSED] - Thread.sleep(1000): null

2020-06-04 19:44:38 - [TEST_STEP][PASSED] - NewInputNmField = modifyObjectProperty(findTestObject("Objects.HighlightElements/input_field"), "name", "equals", nameToBeUsed, true): Modify property of object successfully

2020-06-04 19:44:38 - [MESSAGE][PASSED] - Modify property of object successfully

2020-06-04 19:44:38 - [TEST_STEP][PASSED] - mouseOver(NewInputNmField): Object: 'Object Repository/Objects.HighlightElements/input_field' is hovered

2020-06-04 19:44:38 - [MESSAGE][PASSED] - Object: 'Object Repository/Objects.HighlightElements/input_field' is hovered

2020-06-04 19:44:38 - [TEST_STEP][PASSED] - getRqErrMsg = getAttribute(NewInputNmField, "data-errorqtip"): Attribute 'data-errorqtip' of object 'Object Repository/Objects.HighlightElements/input_field' is: '<ul class="x-list-plain"><li>This field is required</li></ul>'

2020-06-04 19:44:38 - [MESSAGE][PASSED] - Attribute 'data-errorqtip' of object 'Object Repository/Objects.HighlightElements/input_field' is: '<ul class="x-list-plain"><li>This field is required</li></ul>'

2020-06-04 19:44:38 - [TEST_STEP][PASSED] - strToolTip = getRqErrMsg.substring(29, 61): null

2020-06-04 19:44:38 - [TEST_STEP][PASSED] - toolTipReqErrMsg = strToolTip.substring(0, 22): null

2020-06-04 19:44:38 - [TEST_STEP][PASSED] - verifyMatch(toolTipReqErrMsg, RqField, true): Actual text 'This field is required' and expected text 'This field is required' are matched  using regular expression

2020-06-04 19:44:38 - [MESSAGE][PASSED] - Actual text 'This field is required' and expected text 'This field is required' are matched  using regular expression

2020-06-04 19:44:38 - [MESSAGE][PASSED] - Call Test Case 'Test Cases/PFI Precision and Scale/PFI Components/RequiredFieldValidation' successfully

2020-06-04 19:44:38 - [TEST_STEP][PASSED] - callTestCase(findTestCase("PFI Precision and Scale/PFI Components/RequiredFieldValidation"), ["nameToBeUsed":"d2aComplDt"], STOP_ON_FAILURE): Call Test Case 'Test Cases/PFI Precision and Scale/PFI Components/RequiredFieldValidation' successfully

2020-06-04 19:44:38 - [TEST_CASE][PASSED] - Test Cases/PFI Precision and Scale/PFI Components/RequiredFieldValidation: Test Cases/PFI Precision and Scale/PFI Components/RequiredFieldValidation

2020-06-04 19:44:38 - [TEST_STEP][PASSED] - Thread.sleep(1000): null

2020-06-04 19:44:39 - [TEST_STEP][PASSED] - NewInputNmField = modifyObjectProperty(findTestObject("Objects.HighlightElements/input_field"), "name", "equals", nameToBeUsed, true): Modify property of object successfully

2020-06-04 19:44:39 - [MESSAGE][PASSED] - Modify property of object successfully

2020-06-04 19:44:39 - [TEST_STEP][PASSED] - mouseOver(NewInputNmField): Object: 'Object Repository/Objects.HighlightElements/input_field' is hovered

2020-06-04 19:44:40 - [MESSAGE][PASSED] - Object: 'Object Repository/Objects.HighlightElements/input_field' is hovered

2020-06-04 19:44:40 - [TEST_STEP][PASSED] - getRqErrMsg = getAttribute(NewInputNmField, "data-errorqtip"): Attribute 'data-errorqtip' of object 'Object Repository/Objects.HighlightElements/input_field' is: '<ul class="x-list-plain"><li>This field is required</li></ul>'

2020-06-04 19:44:40 - [MESSAGE][PASSED] - Attribute 'data-errorqtip' of object 'Object Repository/Objects.HighlightElements/input_field' is: '<ul class="x-list-plain"><li>This field is required</li></ul>'

2020-06-04 19:44:40 - [TEST_STEP][PASSED] - strToolTip = getRqErrMsg.substring(29, 61): null

2020-06-04 19:44:40 - [TEST_STEP][PASSED] - toolTipReqErrMsg = strToolTip.substring(0, 22): null

2020-06-04 19:44:40 - [TEST_STEP][PASSED] - verifyMatch(toolTipReqErrMsg, RqField, true): Actual text 'This field is required' and expected text 'This field is required' are matched  using regular expression

2020-06-04 19:44:40 - [MESSAGE][PASSED] - Actual text 'This field is required' and expected text 'This field is required' are matched  using regular expression

2020-06-04 19:44:40 - [MESSAGE][PASSED] - Call Test Case 'Test Cases/PFI Precision and Scale/PFI Components/RequiredFieldValidation' successfully

2020-06-04 19:44:40 - [TEST_STEP][PASSED] - callTestCase(findTestCase("PFI Precision and Scale/PFI Components/RequiredFieldValidation"), ["nameToBeUsed":"peRegNbr"], STOP_ON_FAILURE): Call Test Case 'Test Cases/PFI Precision and Scale/PFI Components/RequiredFieldValidation' successfully

2020-06-04 19:44:40 - [TEST_CASE][PASSED] - Test Cases/PFI Precision and Scale/PFI Components/RequiredFieldValidation: Test Cases/PFI Precision and Scale/PFI Components/RequiredFieldValidation

2020-06-04 19:44:40 - [TEST_STEP][PASSED] - Thread.sleep(1000): null

2020-06-04 19:44:41 - [TEST_STEP][PASSED] - NewInputNmField = modifyObjectProperty(findTestObject("Objects.HighlightElements/input_field"), "name", "equals", nameToBeUsed, true): Modify property of object successfully

2020-06-04 19:44:41 - [MESSAGE][PASSED] - Modify property of object successfully

2020-06-04 19:44:41 - [TEST_STEP][PASSED] - mouseOver(NewInputNmField): Object: 'Object Repository/Objects.HighlightElements/input_field' is hovered

2020-06-04 19:44:41 - [MESSAGE][PASSED] - Object: 'Object Repository/Objects.HighlightElements/input_field' is hovered

2020-06-04 19:44:41 - [TEST_STEP][PASSED] - getRqErrMsg = getAttribute(NewInputNmField, "data-errorqtip"): Attribute 'data-errorqtip' of object 'Object Repository/Objects.HighlightElements/input_field' is: '<ul class="x-list-plain"><li>This field is required</li></ul>'

2020-06-04 19:44:41 - [MESSAGE][PASSED] - Attribute 'data-errorqtip' of object 'Object Repository/Objects.HighlightElements/input_field' is: '<ul class="x-list-plain"><li>This field is required</li></ul>'

2020-06-04 19:44:41 - [TEST_STEP][PASSED] - strToolTip = getRqErrMsg.substring(29, 61): null

2020-06-04 19:44:41 - [TEST_STEP][PASSED] - toolTipReqErrMsg = strToolTip.substring(0, 22): null

2020-06-04 19:44:41 - [TEST_STEP][PASSED] - verifyMatch(toolTipReqErrMsg, RqField, true): Actual text 'This field is required' and expected text 'This field is required' are matched  using regular expression

2020-06-04 19:44:41 - [MESSAGE][PASSED] - Actual text 'This field is required' and expected text 'This field is required' are matched  using regular expression

2020-06-04 19:44:41 - [MESSAGE][PASSED] - Call Test Case 'Test Cases/PFI Precision and Scale/PFI Components/RequiredFieldValidation' successfully

2020-06-04 19:44:41 - [TEST_STEP][PASSED] - callTestCase(findTestCase("Components/HighlightLabelField"), ["LblName":"Inspection D2 Receive Date *:"], STOP_ON_FAILURE): Call Test Case 'Test Cases/Components/HighlightLabelField' successfully

2020-06-04 19:44:41 - [TEST_CASE][PASSED] - Test Cases/Components/HighlightLabelField: Test Cases/Components/HighlightLabelField

2020-06-04 19:44:41 - [TEST_STEP][PASSED] - Thread.sleep(1000): null

2020-06-04 19:44:42 - [TEST_STEP][PASSED] - modifiedLblNm = modifyObjectProperty(findTestObject("Objects.HighlightElements/lblField"), "text", "equals", LblName, true): Modify property of object successfully

2020-06-04 19:44:42 - [MESSAGE][PASSED] - Modify property of object successfully

2020-06-04 19:44:42 - [TEST_STEP][PASSED] - com.reusableComponents.HighlightElement.run(modifiedLblNm): com.reusableComponents.HighlightElement.run is PASSED

2020-06-04 19:44:43 - [MESSAGE][PASSED] - com.reusableComponents.HighlightElement.run is PASSED

2020-06-04 19:44:43 - [MESSAGE][PASSED] - Call Test Case 'Test Cases/Components/HighlightLabelField' successfully

2020-06-04 19:44:43 - [TEST_STEP][PASSED] - callTestCase(findTestCase("Components/HighlightInputField"), ["InputFldName":"d2RecvDt"], STOP_ON_FAILURE): Call Test Case 'Test Cases/Components/HighlightInputField' successfully

2020-06-04 19:44:43 - [TEST_CASE][PASSED] - Test Cases/Components/HighlightInputField: Test Cases/Components/HighlightInputField

2020-06-04 19:44:43 - [TEST_STEP][PASSED] - Thread.sleep(1000): null

2020-06-04 19:44:44 - [TEST_STEP][PASSED] - modifiedLblNm = modifyObjectProperty(findTestObject("Objects.HighlightElements/input_field"), "name", "equals", InputFldName, true): Modify property of object successfully

2020-06-04 19:44:44 - [MESSAGE][PASSED] - Modify property of object successfully

2020-06-04 19:44:44 - [TEST_STEP][PASSED] - com.reusableComponents.HighlightElement.run(modifiedLblNm): com.reusableComponents.HighlightElement.run is PASSED

2020-06-04 19:44:44 - [MESSAGE][PASSED] - com.reusableComponents.HighlightElement.run is PASSED

2020-06-04 19:44:44 - [MESSAGE][PASSED] - Call Test Case 'Test Cases/Components/HighlightInputField' successfully

2020-06-04 19:44:44 - [TEST_STEP][PASSED] - callTestCase(findTestCase("PFI Precision and Scale/PFI Components/NumericTextboxValidationII"), ["nameToBeUsed":"d2RecvDt", "minLen":5], STOP_ON_FAILURE): Call Test Case 'Test Cases/PFI Precision and Scale/PFI Components/NumericTextboxValidationII' successfully

2020-06-04 19:44:44 - [TEST_CASE][PASSED] - Test Cases/PFI Precision and Scale/PFI Components/NumericTextboxValidationII: Test Cases/PFI Precision and Scale/PFI Components/NumericTextboxValidationII

2020-06-04 19:44:44 - [TEST_STEP][PASSED] - Thread.sleep(1000): null

2020-06-04 19:44:45 - [TEST_STEP][PASSED] - Numeric = "0123456789": null

2020-06-04 19:44:45 - [TEST_STEP][PASSED] - AlphaSpecialChar = z) + "`~!@#$%^&*()=_{}|\][;'":,?><"".join(): null

2020-06-04 19:44:45 - [TEST_STEP][PASSED] - RandomNumeric = RandomStringUtils.random(minLen, Numeric.toCharArray()): null

2020-06-04 19:44:45 - [TEST_STEP][PASSED] - RandomString = RandomStringUtils.random(minLen, AlphaSpecialChar): null

2020-06-04 19:44:45 - [TEST_STEP][PASSED] - regexPat = Pattern.compile("^[0-9]+$"): null

2020-06-04 19:44:45 - [TEST_STEP][PASSED] - NewInputNmField = modifyObjectProperty(findTestObject("Objects.RemarksValidation/input_Remarks"), "name", "equals", nameToBeUsed, true): Modify property of object successfully

2020-06-04 19:44:45 - [MESSAGE][PASSED] - Modify property of object successfully

2020-06-04 19:44:45 - [TEST_STEP][PASSED] - focus(NewInputNmField): Object: 'Object Repository/Objects.RemarksValidation/input_Remarks' is focused

2020-06-04 19:44:45 - [MESSAGE][PASSED] - Object: 'Object Repository/Objects.RemarksValidation/input_Remarks' is focused

2020-06-04 19:44:45 - [TEST_STEP][PASSED] - setText(NewInputNmField, RandomString): Text 'mkv)R' is set on object 'Object Repository/Objects.RemarksValidation/input_Remarks'

2020-06-04 19:44:45 - [MESSAGE][PASSED] - Text 'mkv)R' is set on object 'Object Repository/Objects.RemarksValidation/input_Remarks'

2020-06-04 19:44:45 - [TEST_STEP][PASSED] - GetInputVal = getAttribute(NewInputNmField, "value"): Attribute 'value' of object 'Object Repository/Objects.RemarksValidation/input_Remarks' is: ''

2020-06-04 19:44:45 - [MESSAGE][PASSED] - Attribute 'value' of object 'Object Repository/Objects.RemarksValidation/input_Remarks' is: ''

2020-06-04 19:44:45 - [TEST_STEP][PASSED] - if (GetInputVal.contains("e")): null

2020-06-04 19:44:45 - [TEST_STEP][PASSED] - else: Actual text '' and expected text '' are matched  using regular expression

2020-06-04 19:44:45 - [TEST_STEP][PASSED] - verifyMatch(GetInputVal, "", true): Actual text '' and expected text '' are matched  using regular expression

2020-06-04 19:44:45 - [MESSAGE][PASSED] - Actual text '' and expected text '' are matched  using regular expression

2020-06-04 19:44:45 - [TEST_STEP][PASSED] - setText(NewInputNmField, RandomNumeric): Text '88233' is set on object 'Object Repository/Objects.RemarksValidation/input_Remarks'

2020-06-04 19:44:46 - [MESSAGE][PASSED] - Text '88233' is set on object 'Object Repository/Objects.RemarksValidation/input_Remarks'

2020-06-04 19:44:46 - [TEST_STEP][PASSED] - GetEnteredIntegers = getAttribute(NewInputNmField, "value"): Attribute 'value' of object 'Object Repository/Objects.RemarksValidation/input_Remarks' is: '88233'

2020-06-04 19:44:46 - [MESSAGE][PASSED] - Attribute 'value' of object 'Object Repository/Objects.RemarksValidation/input_Remarks' is: '88233'

2020-06-04 19:44:46 - [TEST_STEP][PASSED] - matchStr = regexPat.matcher(GetEnteredIntegers): null

2020-06-04 19:44:46 - [TEST_STEP][PASSED] - if (matchStr.matches() == true): Accepting Numeric

2020-06-04 19:44:46 - [TEST_STEP][PASSED] - comment("Accepting Numeric"): Accepting Numeric

2020-06-04 19:44:46 - [MESSAGE][INFO] - Accepting Numeric

2020-06-04 19:44:46 - [MESSAGE][PASSED] - Call Test Case 'Test Cases/PFI Precision and Scale/PFI Components/NumericTextboxValidationII' successfully

2020-06-04 19:44:46 - [TEST_STEP][PASSED] - callTestCase(findTestCase("PFI Precision and Scale/PFI Components/InvalidDateErrorValidation"), ["FldNm":"d2RecvDt"], STOP_ON_FAILURE): Call Test Case 'Test Cases/PFI Precision and Scale/PFI Components/InvalidDateErrorValidation' successfully

2020-06-04 19:44:46 - [TEST_CASE][PASSED] - Test Cases/PFI Precision and Scale/PFI Components/InvalidDateErrorValidation: Test Cases/PFI Precision and Scale/PFI Components/InvalidDateErrorValidation

2020-06-04 19:44:46 - [TEST_STEP][PASSED] - Thread.sleep(1000): null

2020-06-04 19:44:47 - [TEST_STEP][PASSED] - DateFieldNm = modifyObjectProperty(findTestObject("Object Repository/Objects.DateValidation/Page_ISPS2/input__orderDt"), "name", "equals", FldNm, true): Modify property of object successfully

2020-06-04 19:44:47 - [MESSAGE][PASSED] - Modify property of object successfully

2020-06-04 19:44:47 - [TEST_STEP][PASSED] - focus(DateFieldNm): Object: 'Object Repository/Objects.DateValidation/Page_ISPS2/input__orderDt' is focused

2020-06-04 19:44:47 - [MESSAGE][PASSED] - Object: 'Object Repository/Objects.DateValidation/Page_ISPS2/input__orderDt' is focused

2020-06-04 19:44:47 - [TEST_STEP][PASSED] - getInputInvalidDate = getAttribute(DateFieldNm, "value"): Attribute 'value' of object 'Object Repository/Objects.DateValidation/Page_ISPS2/input__orderDt' is: '88233'

2020-06-04 19:44:47 - [MESSAGE][PASSED] - Attribute 'value' of object 'Object Repository/Objects.DateValidation/Page_ISPS2/input__orderDt' is: '88233'

2020-06-04 19:44:47 - [TEST_STEP][PASSED] - mouseOver(DateFieldNm): Object: 'Object Repository/Objects.DateValidation/Page_ISPS2/input__orderDt' is hovered

2020-06-04 19:44:47 - [MESSAGE][PASSED] - Object: 'Object Repository/Objects.DateValidation/Page_ISPS2/input__orderDt' is hovered

2020-06-04 19:44:47 - [TEST_STEP][PASSED] - getErrMsg = getAttribute(DateFieldNm, "data-errorqtip"): Attribute 'data-errorqtip' of object 'Object Repository/Objects.DateValidation/Page_ISPS2/input__orderDt' is: '<ul class="x-list-plain"><li>88233 is not a valid date - it must be in the format d/m/Y</li></ul>'

2020-06-04 19:44:47 - [MESSAGE][PASSED] - Attribute 'data-errorqtip' of object 'Object Repository/Objects.DateValidation/Page_ISPS2/input__orderDt' is: '<ul class="x-list-plain"><li>88233 is not a valid date - it must be in the format d/m/Y</li></ul>'

2020-06-04 19:44:47 - [TEST_STEP][PASSED] - getTotalLength = getErrMsg.length(): null

2020-06-04 19:44:47 - [TEST_STEP][PASSED] - RemoveULClass = getErrMsg.substring(29, getTotalLength): null

2020-06-04 19:44:47 - [TEST_STEP][PASSED] - LengthNoUlClass = RemoveULClass.length() - 10: null

2020-06-04 19:44:47 - [TEST_STEP][PASSED] - ToolTipInvErrMsg = RemoveULClass.substring(0, LengthNoUlClass): null

2020-06-04 19:44:47 - [TEST_STEP][PASSED] - ExpectedInvalidErrMsg = concatenate(getInputInvalidDate, " ", NotValidDt): Concatenated string array: '['88233',' ','is not a valid date - it must be in the format d/m/Y']' into '88233 is not a valid date - it must be in the format d/m/Y'

2020-06-04 19:44:47 - [MESSAGE][PASSED] - Concatenated string array: '['88233',' ','is not a valid date - it must be in the format d/m/Y']' into '88233 is not a valid date - it must be in the format d/m/Y'

2020-06-04 19:44:47 - [TEST_STEP][PASSED] - verifyMatch(ToolTipInvErrMsg, ExpectedInvalidErrMsg, true): Actual text '88233 is not a valid date - it must be in the format d/m/Y' and expected text '88233 is not a valid date - it must be in the format d/m/Y' are matched  using regular expression

2020-06-04 19:44:47 - [MESSAGE][PASSED] - Actual text '88233 is not a valid date - it must be in the format d/m/Y' and expected text '88233 is not a valid date - it must be in the format d/m/Y' are matched  using regular expression

2020-06-04 19:44:47 - [MESSAGE][PASSED] - Call Test Case 'Test Cases/PFI Precision and Scale/PFI Components/InvalidDateErrorValidation' successfully

2020-06-04 19:44:47 - [TEST_STEP][PASSED] - callTestCase(findTestCase("PFI Precision and Scale/PFI Components with Indexing/SelectDayInDatePickerWithIndex"), ["FldNm":"d2RecvDt", "SelectCurrentDay":"11", "index":1], STOP_ON_FAILURE): Call Test Case 'Test Cases/PFI Precision and Scale/PFI Components with Indexing/SelectDayInDatePickerWithIndex' successfully

2020-06-04 19:44:47 - [TEST_CASE][PASSED] - Test Cases/PFI Precision and Scale/PFI Components with Indexing/SelectDayInDatePickerWithIndex: Test Cases/PFI Precision and Scale/PFI Components with Indexing/SelectDayInDatePickerWithIndex

2020-06-04 19:44:47 - [TEST_STEP][PASSED] - Thread.sleep(1000): null

2020-06-04 19:44:48 - [TEST_STEP][PASSED] - DateFieldNm = modifyObjectProperty(findTestObject("Objects.HighlightElements/input_field"), "name", "equals", FldNm, true): Modify property of object successfully

2020-06-04 19:44:48 - [MESSAGE][PASSED] - Modify property of object successfully

2020-06-04 19:44:48 - [TEST_STEP][PASSED] - ModifyDay = modifyObjectProperty(findTestObject("Objects.DateValidation/Page_ISPS2/Select_Day_Index"), "xpath", "equals", "(//*[contains(@class, 'x-datepicker-date') and (text() = '" + SelectCurrentDay + "')])[" + index + "]", true): Modify property of object successfully

2020-06-04 19:44:48 - [MESSAGE][PASSED] - Modify property of object successfully

2020-06-04 19:44:48 - [TEST_STEP][PASSED] - sendKeys(DateFieldNm, Keys.chord(ARROW_DOWN)): Keys 'DOWN + ' sent to object: 'Object Repository/Objects.HighlightElements/input_field'

2020-06-04 19:44:48 - [MESSAGE][PASSED] - Keys 'DOWN + ' sent to object: 'Object Repository/Objects.HighlightElements/input_field'

2020-06-04 19:44:48 - [TEST_STEP][PASSED] - com.reusableComponents.HighlightElement.run(ModifyDay): com.reusableComponents.HighlightElement.run is PASSED

2020-06-04 19:44:49 - [MESSAGE][PASSED] - com.reusableComponents.HighlightElement.run is PASSED

2020-06-04 19:44:49 - [TEST_STEP][PASSED] - delay(1): Delayed 1 second(s)

2020-06-04 19:44:50 - [MESSAGE][PASSED] - Delayed 1 second(s)

2020-06-04 19:44:50 - [TEST_STEP][PASSED] - click(ModifyDay): Object: 'Object Repository/Objects.DateValidation/Page_ISPS2/Select_Day_Index' is clicked on

2020-06-04 19:44:50 - [MESSAGE][PASSED] - Object: 'Object Repository/Objects.DateValidation/Page_ISPS2/Select_Day_Index' is clicked on

2020-06-04 19:44:50 - [TEST_STEP][PASSED] - GetError = getAttribute(DateFieldNm, "data-errorqtip"): Attribute 'data-errorqtip' of object 'Object Repository/Objects.HighlightElements/input_field' is: ''

2020-06-04 19:44:50 - [MESSAGE][PASSED] - Attribute 'data-errorqtip' of object 'Object Repository/Objects.HighlightElements/input_field' is: ''

2020-06-04 19:44:50 - [TEST_STEP][PASSED] - if (GetError == ""): Date Format is valid

2020-06-04 19:44:50 - [TEST_STEP][PASSED] - GetEnteredDate = getAttribute(DateFieldNm, "value"): Attribute 'value' of object 'Object Repository/Objects.HighlightElements/input_field' is: '11/06/2020'

2020-06-04 19:44:50 - [MESSAGE][PASSED] - Attribute 'value' of object 'Object Repository/Objects.HighlightElements/input_field' is: '11/06/2020'

2020-06-04 19:44:50 - [TEST_STEP][PASSED] - DatePattern = Pattern.compile("^(1[0-2]|0[1-9])/(3[01]|[12][0-9]|0[1-9])/[0-9]{4}$"): null

2020-06-04 19:44:50 - [TEST_STEP][PASSED] - VerifyDateFormat = DatePattern.matcher(GetEnteredDate): null

2020-06-04 19:44:50 - [TEST_STEP][PASSED] - if (VerifyDateFormat.matches() == true): Date Format is valid

2020-06-04 19:44:50 - [TEST_STEP][PASSED] - comment("Date Format is valid"): Date Format is valid

2020-06-04 19:44:50 - [MESSAGE][INFO] - Date Format is valid

2020-06-04 19:44:50 - [MESSAGE][PASSED] - Call Test Case 'Test Cases/PFI Precision and Scale/PFI Components with Indexing/SelectDayInDatePickerWithIndex' successfully

2020-06-04 19:44:50 - [TEST_STEP][PASSED] - callTestCase(findTestCase("PFI Precision and Scale/PFI Components/SelectTodayInDatePicker"), ["FldNm":"d2RecvDt", "index":"1"], STOP_ON_FAILURE): Call Test Case 'Test Cases/PFI Precision and Scale/PFI Components/SelectTodayInDatePicker' successfully

2020-06-04 19:44:50 - [TEST_CASE][PASSED] - Test Cases/PFI Precision and Scale/PFI Components/SelectTodayInDatePicker: Test Cases/PFI Precision and Scale/PFI Components/SelectTodayInDatePicker

2020-06-04 19:44:50 - [TEST_STEP][PASSED] - Thread.sleep(1000): null

2020-06-04 19:44:51 - [TEST_STEP][PASSED] - date = new java.util.Date(): null

2020-06-04 19:44:51 - [TEST_STEP][PASSED] - CurrentDate = new java.text.SimpleDateFormat(dd/MM/yyyy): null

2020-06-04 19:44:51 - [TEST_STEP][PASSED] - TodayDate = CurrentDate.format(date): null

2020-06-04 19:44:51 - [TEST_STEP][PASSED] - DateFieldNm = modifyObjectProperty(findTestObject("Object Repository/Objects.DateValidation/Page_ISPS2/input__orderDt"), "name", "equals", FldNm, true): Modify property of object successfully

2020-06-04 19:44:51 - [MESSAGE][PASSED] - Modify property of object successfully

2020-06-04 19:44:51 - [TEST_STEP][PASSED] - TodayBtn = modifyObjectProperty(findTestObject("Object Repository/Objects.DateValidation/Page_ISPS2/a_Today"), "xpath", "equals", "(//*[text() = 'Today'])[" + index + "]", true): Modify property of object successfully

2020-06-04 19:44:51 - [MESSAGE][PASSED] - Modify property of object successfully

2020-06-04 19:44:51 - [TEST_STEP][PASSED] - sendKeys(DateFieldNm, Keys.chord(ARROW_DOWN)): Keys 'DOWN + ' sent to object: 'Object Repository/Objects.DateValidation/Page_ISPS2/input__orderDt'

2020-06-04 19:44:51 - [MESSAGE][PASSED] - Keys 'DOWN + ' sent to object: 'Object Repository/Objects.DateValidation/Page_ISPS2/input__orderDt'

2020-06-04 19:44:51 - [TEST_STEP][PASSED] - com.reusableComponents.HighlightElement.run(TodayBtn): com.reusableComponents.HighlightElement.run is PASSED

2020-06-04 19:44:52 - [MESSAGE][PASSED] - com.reusableComponents.HighlightElement.run is PASSED

2020-06-04 19:44:52 - [TEST_STEP][PASSED] - click(TodayBtn): Object: 'Object Repository/Objects.DateValidation/Page_ISPS2/a_Today' is clicked on

2020-06-04 19:44:52 - [MESSAGE][PASSED] - Object: 'Object Repository/Objects.DateValidation/Page_ISPS2/a_Today' is clicked on

2020-06-04 19:44:52 - [TEST_STEP][PASSED] - GetEnteredDate = getAttribute(DateFieldNm, "value"): Attribute 'value' of object 'Object Repository/Objects.DateValidation/Page_ISPS2/input__orderDt' is: '04/06/2020'

2020-06-04 19:44:52 - [MESSAGE][PASSED] - Attribute 'value' of object 'Object Repository/Objects.DateValidation/Page_ISPS2/input__orderDt' is: '04/06/2020'

2020-06-04 19:44:52 - [TEST_STEP][PASSED] - verifyMatch(GetEnteredDate, TodayDate, true): Actual text '04/06/2020' and expected text '04/06/2020' are matched  using regular expression

2020-06-04 19:44:52 - [MESSAGE][PASSED] - Actual text '04/06/2020' and expected text '04/06/2020' are matched  using regular expression

2020-06-04 19:44:52 - [MESSAGE][PASSED] - Call Test Case 'Test Cases/PFI Precision and Scale/PFI Components/SelectTodayInDatePicker' successfully

2020-06-04 19:44:52 - [TEST_STEP][PASSED] - callTestCase(findTestCase("Components/HighlightLabelField"), ["LblName":"Inspection D2 Compliance Date *:"], STOP_ON_FAILURE): Call Test Case 'Test Cases/Components/HighlightLabelField' successfully

2020-06-04 19:44:52 - [TEST_CASE][PASSED] - Test Cases/Components/HighlightLabelField: Test Cases/Components/HighlightLabelField

2020-06-04 19:44:52 - [TEST_STEP][PASSED] - Thread.sleep(1000): null

2020-06-04 19:44:53 - [TEST_STEP][PASSED] - modifiedLblNm = modifyObjectProperty(findTestObject("Objects.HighlightElements/lblField"), "text", "equals", LblName, true): Modify property of object successfully

2020-06-04 19:44:53 - [MESSAGE][PASSED] - Modify property of object successfully

2020-06-04 19:44:53 - [TEST_STEP][PASSED] - com.reusableComponents.HighlightElement.run(modifiedLblNm): com.reusableComponents.HighlightElement.run is PASSED

2020-06-04 19:44:53 - [MESSAGE][PASSED] - com.reusableComponents.HighlightElement.run is PASSED

2020-06-04 19:44:53 - [MESSAGE][PASSED] - Call Test Case 'Test Cases/Components/HighlightLabelField' successfully

2020-06-04 19:44:53 - [TEST_STEP][PASSED] - callTestCase(findTestCase("Components/HighlightInputField"), ["InputFldName":"d2ComplDt"], STOP_ON_FAILURE): Call Test Case 'Test Cases/Components/HighlightInputField' successfully

2020-06-04 19:44:53 - [TEST_CASE][PASSED] - Test Cases/Components/HighlightInputField: Test Cases/Components/HighlightInputField

2020-06-04 19:44:53 - [TEST_STEP][PASSED] - Thread.sleep(1000): null

2020-06-04 19:44:54 - [TEST_STEP][PASSED] - modifiedLblNm = modifyObjectProperty(findTestObject("Objects.HighlightElements/input_field"), "name", "equals", InputFldName, true): Modify property of object successfully

2020-06-04 19:44:54 - [MESSAGE][PASSED] - Modify property of object successfully

2020-06-04 19:44:54 - [TEST_STEP][PASSED] - com.reusableComponents.HighlightElement.run(modifiedLblNm): com.reusableComponents.HighlightElement.run is PASSED

2020-06-04 19:44:55 - [MESSAGE][PASSED] - com.reusableComponents.HighlightElement.run is PASSED

2020-06-04 19:44:55 - [MESSAGE][PASSED] - Call Test Case 'Test Cases/Components/HighlightInputField' successfully

2020-06-04 19:44:55 - [TEST_STEP][PASSED] - callTestCase(findTestCase("PFI Precision and Scale/PFI Components/NumericTextboxValidationII"), ["nameToBeUsed":"d2ComplDt", "minLen":6], STOP_ON_FAILURE): Call Test Case 'Test Cases/PFI Precision and Scale/PFI Components/NumericTextboxValidationII' successfully

2020-06-04 19:44:55 - [TEST_CASE][PASSED] - Test Cases/PFI Precision and Scale/PFI Components/NumericTextboxValidationII: Test Cases/PFI Precision and Scale/PFI Components/NumericTextboxValidationII

2020-06-04 19:44:55 - [TEST_STEP][PASSED] - Thread.sleep(1000): null

2020-06-04 19:44:56 - [TEST_STEP][PASSED] - Numeric = "0123456789": null

2020-06-04 19:44:56 - [TEST_STEP][PASSED] - AlphaSpecialChar = z) + "`~!@#$%^&*()=_{}|\][;'":,?><"".join(): null

2020-06-04 19:44:56 - [TEST_STEP][PASSED] - RandomNumeric = RandomStringUtils.random(minLen, Numeric.toCharArray()): null

2020-06-04 19:44:56 - [TEST_STEP][PASSED] - RandomString = RandomStringUtils.random(minLen, AlphaSpecialChar): null

2020-06-04 19:44:56 - [TEST_STEP][PASSED] - regexPat = Pattern.compile("^[0-9]+$"): null

2020-06-04 19:44:56 - [TEST_STEP][PASSED] - NewInputNmField = modifyObjectProperty(findTestObject("Objects.RemarksValidation/input_Remarks"), "name", "equals", nameToBeUsed, true): Modify property of object successfully

2020-06-04 19:44:56 - [MESSAGE][PASSED] - Modify property of object successfully

2020-06-04 19:44:56 - [TEST_STEP][PASSED] - focus(NewInputNmField): Object: 'Object Repository/Objects.RemarksValidation/input_Remarks' is focused

2020-06-04 19:44:56 - [MESSAGE][PASSED] - Object: 'Object Repository/Objects.RemarksValidation/input_Remarks' is focused

2020-06-04 19:44:56 - [TEST_STEP][PASSED] - setText(NewInputNmField, RandomString): Text 'OhjRvC' is set on object 'Object Repository/Objects.RemarksValidation/input_Remarks'

2020-06-04 19:44:56 - [MESSAGE][PASSED] - Text 'OhjRvC' is set on object 'Object Repository/Objects.RemarksValidation/input_Remarks'

2020-06-04 19:44:56 - [TEST_STEP][PASSED] - GetInputVal = getAttribute(NewInputNmField, "value"): Attribute 'value' of object 'Object Repository/Objects.RemarksValidation/input_Remarks' is: ''

2020-06-04 19:44:56 - [MESSAGE][PASSED] - Attribute 'value' of object 'Object Repository/Objects.RemarksValidation/input_Remarks' is: ''

2020-06-04 19:44:56 - [TEST_STEP][PASSED] - if (GetInputVal.contains("e")): null

2020-06-04 19:44:56 - [TEST_STEP][PASSED] - else: Actual text '' and expected text '' are matched  using regular expression

2020-06-04 19:44:56 - [TEST_STEP][PASSED] - verifyMatch(GetInputVal, "", true): Actual text '' and expected text '' are matched  using regular expression

2020-06-04 19:44:56 - [MESSAGE][PASSED] - Actual text '' and expected text '' are matched  using regular expression

2020-06-04 19:44:56 - [TEST_STEP][PASSED] - setText(NewInputNmField, RandomNumeric): Text '332863' is set on object 'Object Repository/Objects.RemarksValidation/input_Remarks'

2020-06-04 19:44:56 - [MESSAGE][PASSED] - Text '332863' is set on object 'Object Repository/Objects.RemarksValidation/input_Remarks'

2020-06-04 19:44:56 - [TEST_STEP][PASSED] - GetEnteredIntegers = getAttribute(NewInputNmField, "value"): Attribute 'value' of object 'Object Repository/Objects.RemarksValidation/input_Remarks' is: '332863'

2020-06-04 19:44:56 - [MESSAGE][PASSED] - Attribute 'value' of object 'Object Repository/Objects.RemarksValidation/input_Remarks' is: '332863'

2020-06-04 19:44:56 - [TEST_STEP][PASSED] - matchStr = regexPat.matcher(GetEnteredIntegers): null

2020-06-04 19:44:56 - [TEST_STEP][PASSED] - if (matchStr.matches() == true): Accepting Numeric

2020-06-04 19:44:56 - [TEST_STEP][PASSED] - comment("Accepting Numeric"): Accepting Numeric

2020-06-04 19:44:56 - [MESSAGE][INFO] - Accepting Numeric

2020-06-04 19:44:56 - [MESSAGE][PASSED] - Call Test Case 'Test Cases/PFI Precision and Scale/PFI Components/NumericTextboxValidationII' successfully

2020-06-04 19:44:56 - [TEST_STEP][PASSED] - callTestCase(findTestCase("PFI Precision and Scale/PFI Components/InvalidDateErrorValidation"), ["FldNm":"d2ComplDt"], STOP_ON_FAILURE): Call Test Case 'Test Cases/PFI Precision and Scale/PFI Components/InvalidDateErrorValidation' successfully

2020-06-04 19:44:56 - [TEST_CASE][PASSED] - Test Cases/PFI Precision and Scale/PFI Components/InvalidDateErrorValidation: Test Cases/PFI Precision and Scale/PFI Components/InvalidDateErrorValidation

2020-06-04 19:44:56 - [TEST_STEP][PASSED] - Thread.sleep(1000): null

2020-06-04 19:44:57 - [TEST_STEP][PASSED] - DateFieldNm = modifyObjectProperty(findTestObject("Object Repository/Objects.DateValidation/Page_ISPS2/input__orderDt"), "name", "equals", FldNm, true): Modify property of object successfully

2020-06-04 19:44:57 - [MESSAGE][PASSED] - Modify property of object successfully

2020-06-04 19:44:57 - [TEST_STEP][PASSED] - focus(DateFieldNm): Object: 'Object Repository/Objects.DateValidation/Page_ISPS2/input__orderDt' is focused

2020-06-04 19:44:57 - [MESSAGE][PASSED] - Object: 'Object Repository/Objects.DateValidation/Page_ISPS2/input__orderDt' is focused

2020-06-04 19:44:57 - [TEST_STEP][PASSED] - getInputInvalidDate = getAttribute(DateFieldNm, "value"): Attribute 'value' of object 'Object Repository/Objects.DateValidation/Page_ISPS2/input__orderDt' is: '332863'

2020-06-04 19:44:57 - [MESSAGE][PASSED] - Attribute 'value' of object 'Object Repository/Objects.DateValidation/Page_ISPS2/input__orderDt' is: '332863'

2020-06-04 19:44:57 - [TEST_STEP][PASSED] - mouseOver(DateFieldNm): Object: 'Object Repository/Objects.DateValidation/Page_ISPS2/input__orderDt' is hovered

2020-06-04 19:44:58 - [MESSAGE][PASSED] - Object: 'Object Repository/Objects.DateValidation/Page_ISPS2/input__orderDt' is hovered

2020-06-04 19:44:58 - [TEST_STEP][PASSED] - getErrMsg = getAttribute(DateFieldNm, "data-errorqtip"): Attribute 'data-errorqtip' of object 'Object Repository/Objects.DateValidation/Page_ISPS2/input__orderDt' is: '<ul class="x-list-plain"><li>332863 is not a valid date - it must be in the format d/m/Y</li></ul>'

2020-06-04 19:44:58 - [MESSAGE][PASSED] - Attribute 'data-errorqtip' of object 'Object Repository/Objects.DateValidation/Page_ISPS2/input__orderDt' is: '<ul class="x-list-plain"><li>332863 is not a valid date - it must be in the format d/m/Y</li></ul>'

2020-06-04 19:44:58 - [TEST_STEP][PASSED] - getTotalLength = getErrMsg.length(): null

2020-06-04 19:44:58 - [TEST_STEP][PASSED] - RemoveULClass = getErrMsg.substring(29, getTotalLength): null

2020-06-04 19:44:58 - [TEST_STEP][PASSED] - LengthNoUlClass = RemoveULClass.length() - 10: null

2020-06-04 19:44:58 - [TEST_STEP][PASSED] - ToolTipInvErrMsg = RemoveULClass.substring(0, LengthNoUlClass): null

2020-06-04 19:44:58 - [TEST_STEP][PASSED] - ExpectedInvalidErrMsg = concatenate(getInputInvalidDate, " ", NotValidDt): Concatenated string array: '['332863',' ','is not a valid date - it must be in the format d/m/Y']' into '332863 is not a valid date - it must be in the format d/m/Y'

2020-06-04 19:44:58 - [MESSAGE][PASSED] - Concatenated string array: '['332863',' ','is not a valid date - it must be in the format d/m/Y']' into '332863 is not a valid date - it must be in the format d/m/Y'

2020-06-04 19:44:58 - [TEST_STEP][PASSED] - verifyMatch(ToolTipInvErrMsg, ExpectedInvalidErrMsg, true): Actual text '332863 is not a valid date - it must be in the format d/m/Y' and expected text '332863 is not a valid date - it must be in the format d/m/Y' are matched  using regular expression

2020-06-04 19:44:58 - [MESSAGE][PASSED] - Actual text '332863 is not a valid date - it must be in the format d/m/Y' and expected text '332863 is not a valid date - it must be in the format d/m/Y' are matched  using regular expression

2020-06-04 19:44:58 - [MESSAGE][PASSED] - Call Test Case 'Test Cases/PFI Precision and Scale/PFI Components/InvalidDateErrorValidation' successfully

2020-06-04 19:44:58 - [TEST_STEP][PASSED] - callTestCase(findTestCase("PFI Precision and Scale/PFI Components with Indexing/SelectDayInDatePickerWithIndex"), ["FldNm":"d2ComplDt", "SelectCurrentDay":"15", "index":2], STOP_ON_FAILURE): Call Test Case 'Test Cases/PFI Precision and Scale/PFI Components with Indexing/SelectDayInDatePickerWithIndex' successfully

2020-06-04 19:44:58 - [TEST_CASE][PASSED] - Test Cases/PFI Precision and Scale/PFI Components with Indexing/SelectDayInDatePickerWithIndex: Test Cases/PFI Precision and Scale/PFI Components with Indexing/SelectDayInDatePickerWithIndex

2020-06-04 19:44:58 - [TEST_STEP][PASSED] - Thread.sleep(1000): null

2020-06-04 19:44:59 - [TEST_STEP][PASSED] - DateFieldNm = modifyObjectProperty(findTestObject("Objects.HighlightElements/input_field"), "name", "equals", FldNm, true): Modify property of object successfully

2020-06-04 19:44:59 - [MESSAGE][PASSED] - Modify property of object successfully

2020-06-04 19:44:59 - [TEST_STEP][PASSED] - ModifyDay = modifyObjectProperty(findTestObject("Objects.DateValidation/Page_ISPS2/Select_Day_Index"), "xpath", "equals", "(//*[contains(@class, 'x-datepicker-date') and (text() = '" + SelectCurrentDay + "')])[" + index + "]", true): Modify property of object successfully

2020-06-04 19:44:59 - [MESSAGE][PASSED] - Modify property of object successfully

2020-06-04 19:44:59 - [TEST_STEP][PASSED] - sendKeys(DateFieldNm, Keys.chord(ARROW_DOWN)): Keys 'DOWN + ' sent to object: 'Object Repository/Objects.HighlightElements/input_field'

2020-06-04 19:44:59 - [MESSAGE][PASSED] - Keys 'DOWN + ' sent to object: 'Object Repository/Objects.HighlightElements/input_field'

2020-06-04 19:44:59 - [TEST_STEP][PASSED] - com.reusableComponents.HighlightElement.run(ModifyDay): com.reusableComponents.HighlightElement.run is PASSED

2020-06-04 19:44:59 - [MESSAGE][PASSED] - com.reusableComponents.HighlightElement.run is PASSED

2020-06-04 19:44:59 - [TEST_STEP][PASSED] - delay(1): Delayed 1 second(s)

2020-06-04 19:45:00 - [MESSAGE][PASSED] - Delayed 1 second(s)

2020-06-04 19:45:00 - [TEST_STEP][PASSED] - click(ModifyDay): Object: 'Object Repository/Objects.DateValidation/Page_ISPS2/Select_Day_Index' is clicked on

2020-06-04 19:45:00 - [MESSAGE][PASSED] - Object: 'Object Repository/Objects.DateValidation/Page_ISPS2/Select_Day_Index' is clicked on

2020-06-04 19:45:00 - [TEST_STEP][PASSED] - GetError = getAttribute(DateFieldNm, "data-errorqtip"): Attribute 'data-errorqtip' of object 'Object Repository/Objects.HighlightElements/input_field' is: ''

2020-06-04 19:45:00 - [MESSAGE][PASSED] - Attribute 'data-errorqtip' of object 'Object Repository/Objects.HighlightElements/input_field' is: ''

2020-06-04 19:45:00 - [TEST_STEP][PASSED] - if (GetError == ""): null

2020-06-04 19:45:00 - [TEST_STEP][PASSED] - GetEnteredDate = getAttribute(DateFieldNm, "value"): Attribute 'value' of object 'Object Repository/Objects.HighlightElements/input_field' is: '15/06/2020'

2020-06-04 19:45:00 - [MESSAGE][PASSED] - Attribute 'value' of object 'Object Repository/Objects.HighlightElements/input_field' is: '15/06/2020'

2020-06-04 19:45:00 - [TEST_STEP][PASSED] - DatePattern = Pattern.compile("^(1[0-2]|0[1-9])/(3[01]|[12][0-9]|0[1-9])/[0-9]{4}$"): null

2020-06-04 19:45:00 - [TEST_STEP][PASSED] - VerifyDateFormat = DatePattern.matcher(GetEnteredDate): null

2020-06-04 19:45:00 - [TEST_STEP][PASSED] - if (VerifyDateFormat.matches() == true): null

2020-06-04 19:45:00 - [MESSAGE][PASSED] - Call Test Case 'Test Cases/PFI Precision and Scale/PFI Components with Indexing/SelectDayInDatePickerWithIndex' successfully

2020-06-04 19:45:00 - [TEST_STEP][PASSED] - callTestCase(findTestCase("PFI Precision and Scale/PFI Components/SelectTodayInDatePicker"), ["FldNm":"d2ComplDt", "index":"2"], STOP_ON_FAILURE): Call Test Case 'Test Cases/PFI Precision and Scale/PFI Components/SelectTodayInDatePicker' successfully

2020-06-04 19:45:00 - [TEST_CASE][PASSED] - Test Cases/PFI Precision and Scale/PFI Components/SelectTodayInDatePicker: Test Cases/PFI Precision and Scale/PFI Components/SelectTodayInDatePicker

2020-06-04 19:45:00 - [TEST_STEP][PASSED] - Thread.sleep(1000): null

2020-06-04 19:45:01 - [TEST_STEP][PASSED] - date = new java.util.Date(): null

2020-06-04 19:45:01 - [TEST_STEP][PASSED] - CurrentDate = new java.text.SimpleDateFormat(dd/MM/yyyy): null

2020-06-04 19:45:01 - [TEST_STEP][PASSED] - TodayDate = CurrentDate.format(date): null

2020-06-04 19:45:01 - [TEST_STEP][PASSED] - DateFieldNm = modifyObjectProperty(findTestObject("Object Repository/Objects.DateValidation/Page_ISPS2/input__orderDt"), "name", "equals", FldNm, true): Modify property of object successfully

2020-06-04 19:45:01 - [MESSAGE][PASSED] - Modify property of object successfully

2020-06-04 19:45:01 - [TEST_STEP][PASSED] - TodayBtn = modifyObjectProperty(findTestObject("Object Repository/Objects.DateValidation/Page_ISPS2/a_Today"), "xpath", "equals", "(//*[text() = 'Today'])[" + index + "]", true): Modify property of object successfully

2020-06-04 19:45:02 - [MESSAGE][PASSED] - Modify property of object successfully

2020-06-04 19:45:02 - [TEST_STEP][PASSED] - sendKeys(DateFieldNm, Keys.chord(ARROW_DOWN)): Keys 'DOWN + ' sent to object: 'Object Repository/Objects.DateValidation/Page_ISPS2/input__orderDt'

2020-06-04 19:45:02 - [MESSAGE][PASSED] - Keys 'DOWN + ' sent to object: 'Object Repository/Objects.DateValidation/Page_ISPS2/input__orderDt'

2020-06-04 19:45:02 - [TEST_STEP][PASSED] - com.reusableComponents.HighlightElement.run(TodayBtn): com.reusableComponents.HighlightElement.run is PASSED

2020-06-04 19:45:02 - [MESSAGE][PASSED] - com.reusableComponents.HighlightElement.run is PASSED

2020-06-04 19:45:02 - [TEST_STEP][PASSED] - click(TodayBtn): Object: 'Object Repository/Objects.DateValidation/Page_ISPS2/a_Today' is clicked on

2020-06-04 19:45:02 - [MESSAGE][PASSED] - Object: 'Object Repository/Objects.DateValidation/Page_ISPS2/a_Today' is clicked on

2020-06-04 19:45:02 - [TEST_STEP][PASSED] - GetEnteredDate = getAttribute(DateFieldNm, "value"): Attribute 'value' of object 'Object Repository/Objects.DateValidation/Page_ISPS2/input__orderDt' is: '04/06/2020'

2020-06-04 19:45:02 - [MESSAGE][PASSED] - Attribute 'value' of object 'Object Repository/Objects.DateValidation/Page_ISPS2/input__orderDt' is: '04/06/2020'

2020-06-04 19:45:02 - [TEST_STEP][PASSED] - verifyMatch(GetEnteredDate, TodayDate, true): Actual text '04/06/2020' and expected text '04/06/2020' are matched  using regular expression

2020-06-04 19:45:02 - [MESSAGE][PASSED] - Actual text '04/06/2020' and expected text '04/06/2020' are matched  using regular expression

2020-06-04 19:45:02 - [MESSAGE][PASSED] - Call Test Case 'Test Cases/PFI Precision and Scale/PFI Components/SelectTodayInDatePicker' successfully

2020-06-04 19:45:02 - [TEST_STEP][PASSED] - callTestCase(findTestCase("Components/HighlightLabelField"), ["LblName":"Inspection D2a Receive Date *:"], STOP_ON_FAILURE): Call Test Case 'Test Cases/Components/HighlightLabelField' successfully

2020-06-04 19:45:02 - [TEST_CASE][PASSED] - Test Cases/Components/HighlightLabelField: Test Cases/Components/HighlightLabelField

2020-06-04 19:45:02 - [TEST_STEP][PASSED] - Thread.sleep(1000): null

2020-06-04 19:45:03 - [TEST_STEP][PASSED] - modifiedLblNm = modifyObjectProperty(findTestObject("Objects.HighlightElements/lblField"), "text", "equals", LblName, true): Modify property of object successfully

2020-06-04 19:45:03 - [MESSAGE][PASSED] - Modify property of object successfully

2020-06-04 19:45:03 - [TEST_STEP][PASSED] - com.reusableComponents.HighlightElement.run(modifiedLblNm): com.reusableComponents.HighlightElement.run is PASSED

2020-06-04 19:45:04 - [MESSAGE][PASSED] - com.reusableComponents.HighlightElement.run is PASSED

2020-06-04 19:45:04 - [MESSAGE][PASSED] - Call Test Case 'Test Cases/Components/HighlightLabelField' successfully

2020-06-04 19:45:04 - [TEST_STEP][PASSED] - callTestCase(findTestCase("Components/HighlightInputField"), ["InputFldName":"d2aRecvDt"], STOP_ON_FAILURE): Call Test Case 'Test Cases/Components/HighlightInputField' successfully

2020-06-04 19:45:04 - [TEST_CASE][PASSED] - Test Cases/Components/HighlightInputField: Test Cases/Components/HighlightInputField

2020-06-04 19:45:04 - [TEST_STEP][PASSED] - Thread.sleep(1000): null

2020-06-04 19:45:05 - [TEST_STEP][PASSED] - modifiedLblNm = modifyObjectProperty(findTestObject("Objects.HighlightElements/input_field"), "name", "equals", InputFldName, true): Modify property of object successfully

2020-06-04 19:45:05 - [MESSAGE][PASSED] - Modify property of object successfully

2020-06-04 19:45:05 - [TEST_STEP][PASSED] - com.reusableComponents.HighlightElement.run(modifiedLblNm): com.reusableComponents.HighlightElement.run is PASSED

2020-06-04 19:45:05 - [MESSAGE][PASSED] - com.reusableComponents.HighlightElement.run is PASSED

2020-06-04 19:45:05 - [MESSAGE][PASSED] - Call Test Case 'Test Cases/Components/HighlightInputField' successfully

2020-06-04 19:45:05 - [TEST_STEP][PASSED] - callTestCase(findTestCase("PFI Precision and Scale/PFI Components/NumericTextboxValidationII"), ["nameToBeUsed":"d2aRecvDt", "minLen":8], STOP_ON_FAILURE): Call Test Case 'Test Cases/PFI Precision and Scale/PFI Components/NumericTextboxValidationII' successfully

2020-06-04 19:45:05 - [TEST_CASE][PASSED] - Test Cases/PFI Precision and Scale/PFI Components/NumericTextboxValidationII: Test Cases/PFI Precision and Scale/PFI Components/NumericTextboxValidationII

2020-06-04 19:45:05 - [TEST_STEP][PASSED] - Thread.sleep(1000): null

2020-06-04 19:45:06 - [TEST_STEP][PASSED] - Numeric = "0123456789": null

2020-06-04 19:45:06 - [TEST_STEP][PASSED] - AlphaSpecialChar = z) + "`~!@#$%^&*()=_{}|\][;'":,?><"".join(): null

2020-06-04 19:45:06 - [TEST_STEP][PASSED] - RandomNumeric = RandomStringUtils.random(minLen, Numeric.toCharArray()): null

2020-06-04 19:45:06 - [TEST_STEP][PASSED] - RandomString = RandomStringUtils.random(minLen, AlphaSpecialChar): null

2020-06-04 19:45:06 - [TEST_STEP][PASSED] - regexPat = Pattern.compile("^[0-9]+$"): null

2020-06-04 19:45:06 - [TEST_STEP][PASSED] - NewInputNmField = modifyObjectProperty(findTestObject("Objects.RemarksValidation/input_Remarks"), "name", "equals", nameToBeUsed, true): Modify property of object successfully

2020-06-04 19:45:06 - [MESSAGE][PASSED] - Modify property of object successfully

2020-06-04 19:45:06 - [TEST_STEP][PASSED] - focus(NewInputNmField): Object: 'Object Repository/Objects.RemarksValidation/input_Remarks' is focused

2020-06-04 19:45:06 - [MESSAGE][PASSED] - Object: 'Object Repository/Objects.RemarksValidation/input_Remarks' is focused

2020-06-04 19:45:06 - [TEST_STEP][PASSED] - setText(NewInputNmField, RandomString): Text 'dv\'u]SU' is set on object 'Object Repository/Objects.RemarksValidation/input_Remarks'

2020-06-04 19:45:06 - [MESSAGE][PASSED] - Text 'dv\'u]SU' is set on object 'Object Repository/Objects.RemarksValidation/input_Remarks'

2020-06-04 19:45:06 - [TEST_STEP][PASSED] - GetInputVal = getAttribute(NewInputNmField, "value"): Attribute 'value' of object 'Object Repository/Objects.RemarksValidation/input_Remarks' is: ''

2020-06-04 19:45:06 - [MESSAGE][PASSED] - Attribute 'value' of object 'Object Repository/Objects.RemarksValidation/input_Remarks' is: ''

2020-06-04 19:45:06 - [TEST_STEP][PASSED] - if (GetInputVal.contains("e")): null

2020-06-04 19:45:06 - [TEST_STEP][PASSED] - else: Actual text '' and expected text '' are matched  using regular expression

2020-06-04 19:45:06 - [TEST_STEP][PASSED] - verifyMatch(GetInputVal, "", true): Actual text '' and expected text '' are matched  using regular expression

2020-06-04 19:45:06 - [MESSAGE][PASSED] - Actual text '' and expected text '' are matched  using regular expression

2020-06-04 19:45:06 - [TEST_STEP][PASSED] - setText(NewInputNmField, RandomNumeric): Text '03008221' is set on object 'Object Repository/Objects.RemarksValidation/input_Remarks'

2020-06-04 19:45:07 - [MESSAGE][PASSED] - Text '03008221' is set on object 'Object Repository/Objects.RemarksValidation/input_Remarks'

2020-06-04 19:45:07 - [TEST_STEP][PASSED] - GetEnteredIntegers = getAttribute(NewInputNmField, "value"): Attribute 'value' of object 'Object Repository/Objects.RemarksValidation/input_Remarks' is: '03008221'

2020-06-04 19:45:07 - [MESSAGE][PASSED] - Attribute 'value' of object 'Object Repository/Objects.RemarksValidation/input_Remarks' is: '03008221'

2020-06-04 19:45:07 - [TEST_STEP][PASSED] - matchStr = regexPat.matcher(GetEnteredIntegers): null

2020-06-04 19:45:07 - [TEST_STEP][PASSED] - if (matchStr.matches() == true): Accepting Numeric

2020-06-04 19:45:07 - [TEST_STEP][PASSED] - comment("Accepting Numeric"): Accepting Numeric

2020-06-04 19:45:07 - [MESSAGE][INFO] - Accepting Numeric

2020-06-04 19:45:07 - [MESSAGE][PASSED] - Call Test Case 'Test Cases/PFI Precision and Scale/PFI Components/NumericTextboxValidationII' successfully

2020-06-04 19:45:07 - [TEST_STEP][PASSED] - callTestCase(findTestCase("PFI Precision and Scale/PFI Components/InvalidDateErrorValidation"), ["FldNm":"d2aRecvDt"], STOP_ON_FAILURE): Call Test Case 'Test Cases/PFI Precision and Scale/PFI Components/InvalidDateErrorValidation' successfully

2020-06-04 19:45:07 - [TEST_CASE][PASSED] - Test Cases/PFI Precision and Scale/PFI Components/InvalidDateErrorValidation: Test Cases/PFI Precision and Scale/PFI Components/InvalidDateErrorValidation

2020-06-04 19:45:07 - [TEST_STEP][PASSED] - Thread.sleep(1000): null

2020-06-04 19:45:08 - [TEST_STEP][PASSED] - DateFieldNm = modifyObjectProperty(findTestObject("Object Repository/Objects.DateValidation/Page_ISPS2/input__orderDt"), "name", "equals", FldNm, true): Modify property of object successfully

2020-06-04 19:45:08 - [MESSAGE][PASSED] - Modify property of object successfully

2020-06-04 19:45:08 - [TEST_STEP][PASSED] - focus(DateFieldNm): Object: 'Object Repository/Objects.DateValidation/Page_ISPS2/input__orderDt' is focused

2020-06-04 19:45:08 - [MESSAGE][PASSED] - Object: 'Object Repository/Objects.DateValidation/Page_ISPS2/input__orderDt' is focused

2020-06-04 19:45:08 - [TEST_STEP][PASSED] - getInputInvalidDate = getAttribute(DateFieldNm, "value"): Attribute 'value' of object 'Object Repository/Objects.DateValidation/Page_ISPS2/input__orderDt' is: '03008221'

2020-06-04 19:45:08 - [MESSAGE][PASSED] - Attribute 'value' of object 'Object Repository/Objects.DateValidation/Page_ISPS2/input__orderDt' is: '03008221'

2020-06-04 19:45:08 - [TEST_STEP][PASSED] - mouseOver(DateFieldNm): Object: 'Object Repository/Objects.DateValidation/Page_ISPS2/input__orderDt' is hovered

2020-06-04 19:45:08 - [MESSAGE][PASSED] - Object: 'Object Repository/Objects.DateValidation/Page_ISPS2/input__orderDt' is hovered

2020-06-04 19:45:08 - [TEST_STEP][PASSED] - getErrMsg = getAttribute(DateFieldNm, "data-errorqtip"): Attribute 'data-errorqtip' of object 'Object Repository/Objects.DateValidation/Page_ISPS2/input__orderDt' is: '<ul class="x-list-plain"><li>03008221 is not a valid date - it must be in the format d/m/Y</li></ul>'

2020-06-04 19:45:08 - [MESSAGE][PASSED] - Attribute 'data-errorqtip' of object 'Object Repository/Objects.DateValidation/Page_ISPS2/input__orderDt' is: '<ul class="x-list-plain"><li>03008221 is not a valid date - it must be in the format d/m/Y</li></ul>'

2020-06-04 19:45:08 - [TEST_STEP][PASSED] - getTotalLength = getErrMsg.length(): null

2020-06-04 19:45:08 - [TEST_STEP][PASSED] - RemoveULClass = getErrMsg.substring(29, getTotalLength): null

2020-06-04 19:45:08 - [TEST_STEP][PASSED] - LengthNoUlClass = RemoveULClass.length() - 10: null

2020-06-04 19:45:08 - [TEST_STEP][PASSED] - ToolTipInvErrMsg = RemoveULClass.substring(0, LengthNoUlClass): null

2020-06-04 19:45:08 - [TEST_STEP][PASSED] - ExpectedInvalidErrMsg = concatenate(getInputInvalidDate, " ", NotValidDt): Concatenated string array: '['03008221',' ','is not a valid date - it must be in the format d/m/Y']' into '03008221 is not a valid date - it must be in the format d/m/Y'

2020-06-04 19:45:08 - [MESSAGE][PASSED] - Concatenated string array: '['03008221',' ','is not a valid date - it must be in the format d/m/Y']' into '03008221 is not a valid date - it must be in the format d/m/Y'

2020-06-04 19:45:08 - [TEST_STEP][PASSED] - verifyMatch(ToolTipInvErrMsg, ExpectedInvalidErrMsg, true): Actual text '03008221 is not a valid date - it must be in the format d/m/Y' and expected text '03008221 is not a valid date - it must be in the format d/m/Y' are matched  using regular expression

2020-06-04 19:45:08 - [MESSAGE][PASSED] - Actual text '03008221 is not a valid date - it must be in the format d/m/Y' and expected text '03008221 is not a valid date - it must be in the format d/m/Y' are matched  using regular expression

2020-06-04 19:45:08 - [MESSAGE][PASSED] - Call Test Case 'Test Cases/PFI Precision and Scale/PFI Components/InvalidDateErrorValidation' successfully

2020-06-04 19:45:08 - [TEST_STEP][PASSED] - callTestCase(findTestCase("PFI Precision and Scale/PFI Components with Indexing/SelectDayInDatePickerWithIndex"), ["FldNm":"d2aRecvDt", "SelectCurrentDay":"21", "index":3], STOP_ON_FAILURE): Call Test Case 'Test Cases/PFI Precision and Scale/PFI Components with Indexing/SelectDayInDatePickerWithIndex' successfully

2020-06-04 19:45:08 - [TEST_CASE][PASSED] - Test Cases/PFI Precision and Scale/PFI Components with Indexing/SelectDayInDatePickerWithIndex: Test Cases/PFI Precision and Scale/PFI Components with Indexing/SelectDayInDatePickerWithIndex

2020-06-04 19:45:08 - [TEST_STEP][PASSED] - Thread.sleep(1000): null

2020-06-04 19:45:09 - [TEST_STEP][PASSED] - DateFieldNm = modifyObjectProperty(findTestObject("Objects.HighlightElements/input_field"), "name", "equals", FldNm, true): Modify property of object successfully

2020-06-04 19:45:09 - [MESSAGE][PASSED] - Modify property of object successfully

2020-06-04 19:45:09 - [TEST_STEP][PASSED] - ModifyDay = modifyObjectProperty(findTestObject("Objects.DateValidation/Page_ISPS2/Select_Day_Index"), "xpath", "equals", "(//*[contains(@class, 'x-datepicker-date') and (text() = '" + SelectCurrentDay + "')])[" + index + "]", true): Modify property of object successfully

2020-06-04 19:45:09 - [MESSAGE][PASSED] - Modify property of object successfully

2020-06-04 19:45:09 - [TEST_STEP][PASSED] - sendKeys(DateFieldNm, Keys.chord(ARROW_DOWN)): Keys 'DOWN + ' sent to object: 'Object Repository/Objects.HighlightElements/input_field'

2020-06-04 19:45:09 - [MESSAGE][PASSED] - Keys 'DOWN + ' sent to object: 'Object Repository/Objects.HighlightElements/input_field'

2020-06-04 19:45:09 - [TEST_STEP][PASSED] - com.reusableComponents.HighlightElement.run(ModifyDay): com.reusableComponents.HighlightElement.run is PASSED

2020-06-04 19:45:09 - [MESSAGE][PASSED] - com.reusableComponents.HighlightElement.run is PASSED

2020-06-04 19:45:09 - [TEST_STEP][PASSED] - delay(1): Delayed 1 second(s)

2020-06-04 19:45:10 - [MESSAGE][PASSED] - Delayed 1 second(s)

2020-06-04 19:45:10 - [TEST_STEP][PASSED] - click(ModifyDay): Object: 'Object Repository/Objects.DateValidation/Page_ISPS2/Select_Day_Index' is clicked on

2020-06-04 19:45:11 - [MESSAGE][PASSED] - Object: 'Object Repository/Objects.DateValidation/Page_ISPS2/Select_Day_Index' is clicked on

2020-06-04 19:45:11 - [TEST_STEP][PASSED] - GetError = getAttribute(DateFieldNm, "data-errorqtip"): Attribute 'data-errorqtip' of object 'Object Repository/Objects.HighlightElements/input_field' is: ''

2020-06-04 19:45:11 - [MESSAGE][PASSED] - Attribute 'data-errorqtip' of object 'Object Repository/Objects.HighlightElements/input_field' is: ''

2020-06-04 19:45:11 - [TEST_STEP][PASSED] - if (GetError == ""): null

2020-06-04 19:45:11 - [TEST_STEP][PASSED] - GetEnteredDate = getAttribute(DateFieldNm, "value"): Attribute 'value' of object 'Object Repository/Objects.HighlightElements/input_field' is: '21/06/2020'

2020-06-04 19:45:11 - [MESSAGE][PASSED] - Attribute 'value' of object 'Object Repository/Objects.HighlightElements/input_field' is: '21/06/2020'

2020-06-04 19:45:11 - [TEST_STEP][PASSED] - DatePattern = Pattern.compile("^(1[0-2]|0[1-9])/(3[01]|[12][0-9]|0[1-9])/[0-9]{4}$"): null

2020-06-04 19:45:11 - [TEST_STEP][PASSED] - VerifyDateFormat = DatePattern.matcher(GetEnteredDate): null

2020-06-04 19:45:11 - [TEST_STEP][PASSED] - if (VerifyDateFormat.matches() == true): null

2020-06-04 19:45:11 - [MESSAGE][PASSED] - Call Test Case 'Test Cases/PFI Precision and Scale/PFI Components with Indexing/SelectDayInDatePickerWithIndex' successfully

2020-06-04 19:45:11 - [TEST_STEP][PASSED] - callTestCase(findTestCase("PFI Precision and Scale/PFI Components/SelectTodayInDatePicker"), ["FldNm":"d2aRecvDt", "index":3], STOP_ON_FAILURE): Call Test Case 'Test Cases/PFI Precision and Scale/PFI Components/SelectTodayInDatePicker' successfully

2020-06-04 19:45:11 - [TEST_CASE][PASSED] - Test Cases/PFI Precision and Scale/PFI Components/SelectTodayInDatePicker: Test Cases/PFI Precision and Scale/PFI Components/SelectTodayInDatePicker

2020-06-04 19:45:11 - [TEST_STEP][PASSED] - Thread.sleep(1000): null

2020-06-04 19:45:12 - [TEST_STEP][PASSED] - date = new java.util.Date(): null

2020-06-04 19:45:12 - [TEST_STEP][PASSED] - CurrentDate = new java.text.SimpleDateFormat(dd/MM/yyyy): null

2020-06-04 19:45:12 - [TEST_STEP][PASSED] - TodayDate = CurrentDate.format(date): null

2020-06-04 19:45:12 - [TEST_STEP][PASSED] - DateFieldNm = modifyObjectProperty(findTestObject("Object Repository/Objects.DateValidation/Page_ISPS2/input__orderDt"), "name", "equals", FldNm, true): Modify property of object successfully

2020-06-04 19:45:12 - [MESSAGE][PASSED] - Modify property of object successfully

2020-06-04 19:45:12 - [TEST_STEP][PASSED] - TodayBtn = modifyObjectProperty(findTestObject("Object Repository/Objects.DateValidation/Page_ISPS2/a_Today"), "xpath", "equals", "(//*[text() = 'Today'])[" + index + "]", true): Modify property of object successfully

2020-06-04 19:45:12 - [MESSAGE][PASSED] - Modify property of object successfully

2020-06-04 19:45:12 - [TEST_STEP][PASSED] - sendKeys(DateFieldNm, Keys.chord(ARROW_DOWN)): Keys 'DOWN + ' sent to object: 'Object Repository/Objects.DateValidation/Page_ISPS2/input__orderDt'

2020-06-04 19:45:12 - [MESSAGE][PASSED] - Keys 'DOWN + ' sent to object: 'Object Repository/Objects.DateValidation/Page_ISPS2/input__orderDt'

2020-06-04 19:45:12 - [TEST_STEP][PASSED] - com.reusableComponents.HighlightElement.run(TodayBtn): com.reusableComponents.HighlightElement.run is PASSED

2020-06-04 19:45:12 - [MESSAGE][PASSED] - com.reusableComponents.HighlightElement.run is PASSED

2020-06-04 19:45:12 - [TEST_STEP][PASSED] - click(TodayBtn): Object: 'Object Repository/Objects.DateValidation/Page_ISPS2/a_Today' is clicked on

2020-06-04 19:45:12 - [MESSAGE][PASSED] - Object: 'Object Repository/Objects.DateValidation/Page_ISPS2/a_Today' is clicked on

2020-06-04 19:45:12 - [TEST_STEP][PASSED] - GetEnteredDate = getAttribute(DateFieldNm, "value"): Attribute 'value' of object 'Object Repository/Objects.DateValidation/Page_ISPS2/input__orderDt' is: '04/06/2020'

2020-06-04 19:45:12 - [MESSAGE][PASSED] - Attribute 'value' of object 'Object Repository/Objects.DateValidation/Page_ISPS2/input__orderDt' is: '04/06/2020'

2020-06-04 19:45:12 - [TEST_STEP][PASSED] - verifyMatch(GetEnteredDate, TodayDate, true): Actual text '04/06/2020' and expected text '04/06/2020' are matched  using regular expression

2020-06-04 19:45:12 - [MESSAGE][PASSED] - Actual text '04/06/2020' and expected text '04/06/2020' are matched  using regular expression

2020-06-04 19:45:12 - [MESSAGE][PASSED] - Call Test Case 'Test Cases/PFI Precision and Scale/PFI Components/SelectTodayInDatePicker' successfully

2020-06-04 19:45:12 - [TEST_STEP][PASSED] - callTestCase(findTestCase("Components/HighlightLabelField"), ["LblName":"Inspection D2a Compliance Date *:"], STOP_ON_FAILURE): Call Test Case 'Test Cases/Components/HighlightLabelField' successfully

2020-06-04 19:45:12 - [TEST_CASE][PASSED] - Test Cases/Components/HighlightLabelField: Test Cases/Components/HighlightLabelField

2020-06-04 19:45:12 - [TEST_STEP][PASSED] - Thread.sleep(1000): null

2020-06-04 19:45:13 - [TEST_STEP][PASSED] - modifiedLblNm = modifyObjectProperty(findTestObject("Objects.HighlightElements/lblField"), "text", "equals", LblName, true): Modify property of object successfully

2020-06-04 19:45:14 - [MESSAGE][PASSED] - Modify property of object successfully

2020-06-04 19:45:14 - [TEST_STEP][PASSED] - com.reusableComponents.HighlightElement.run(modifiedLblNm): com.reusableComponents.HighlightElement.run is PASSED

2020-06-04 19:45:14 - [MESSAGE][PASSED] - com.reusableComponents.HighlightElement.run is PASSED

2020-06-04 19:45:14 - [MESSAGE][PASSED] - Call Test Case 'Test Cases/Components/HighlightLabelField' successfully

2020-06-04 19:45:14 - [TEST_STEP][PASSED] - callTestCase(findTestCase("Components/HighlightInputField"), ["InputFldName":"d2aComplDt"], STOP_ON_FAILURE): Call Test Case 'Test Cases/Components/HighlightInputField' successfully

2020-06-04 19:45:14 - [TEST_CASE][PASSED] - Test Cases/Components/HighlightInputField: Test Cases/Components/HighlightInputField

2020-06-04 19:45:14 - [TEST_STEP][PASSED] - Thread.sleep(1000): null

2020-06-04 19:45:15 - [TEST_STEP][PASSED] - modifiedLblNm = modifyObjectProperty(findTestObject("Objects.HighlightElements/input_field"), "name", "equals", InputFldName, true): Modify property of object successfully

2020-06-04 19:45:15 - [MESSAGE][PASSED] - Modify property of object successfully

2020-06-04 19:45:15 - [TEST_STEP][PASSED] - com.reusableComponents.HighlightElement.run(modifiedLblNm): com.reusableComponents.HighlightElement.run is PASSED

2020-06-04 19:45:15 - [MESSAGE][PASSED] - com.reusableComponents.HighlightElement.run is PASSED

2020-06-04 19:45:15 - [MESSAGE][PASSED] - Call Test Case 'Test Cases/Components/HighlightInputField' successfully

2020-06-04 19:45:15 - [TEST_STEP][PASSED] - callTestCase(findTestCase("PFI Precision and Scale/PFI Components/NumericTextboxValidationII"), ["nameToBeUsed":"d2aComplDt", "minLen":12], STOP_ON_FAILURE): Call Test Case 'Test Cases/PFI Precision and Scale/PFI Components/NumericTextboxValidationII' successfully

2020-06-04 19:45:16 - [TEST_CASE][PASSED] - Test Cases/PFI Precision and Scale/PFI Components/NumericTextboxValidationII: Test Cases/PFI Precision and Scale/PFI Components/NumericTextboxValidationII

2020-06-04 19:45:16 - [TEST_STEP][PASSED] - Thread.sleep(1000): null

2020-06-04 19:45:17 - [TEST_STEP][PASSED] - Numeric = "0123456789": null

2020-06-04 19:45:17 - [TEST_STEP][PASSED] - AlphaSpecialChar = z) + "`~!@#$%^&*()=_{}|\][;'":,?><"".join(): null

2020-06-04 19:45:17 - [TEST_STEP][PASSED] - RandomNumeric = RandomStringUtils.random(minLen, Numeric.toCharArray()): null

2020-06-04 19:45:17 - [TEST_STEP][PASSED] - RandomString = RandomStringUtils.random(minLen, AlphaSpecialChar): null

2020-06-04 19:45:17 - [TEST_STEP][PASSED] - regexPat = Pattern.compile("^[0-9]+$"): null

2020-06-04 19:45:17 - [TEST_STEP][PASSED] - NewInputNmField = modifyObjectProperty(findTestObject("Objects.RemarksValidation/input_Remarks"), "name", "equals", nameToBeUsed, true): Modify property of object successfully

2020-06-04 19:45:17 - [MESSAGE][PASSED] - Modify property of object successfully

2020-06-04 19:45:17 - [TEST_STEP][PASSED] - focus(NewInputNmField): Object: 'Object Repository/Objects.RemarksValidation/input_Remarks' is focused

2020-06-04 19:45:17 - [MESSAGE][PASSED] - Object: 'Object Repository/Objects.RemarksValidation/input_Remarks' is focused

2020-06-04 19:45:17 - [TEST_STEP][PASSED] - setText(NewInputNmField, RandomString): Text '@;(ykN#x=H_*' is set on object 'Object Repository/Objects.RemarksValidation/input_Remarks'

2020-06-04 19:45:17 - [MESSAGE][PASSED] - Text '@;(ykN#x=H_*' is set on object 'Object Repository/Objects.RemarksValidation/input_Remarks'

2020-06-04 19:45:17 - [TEST_STEP][PASSED] - GetInputVal = getAttribute(NewInputNmField, "value"): Attribute 'value' of object 'Object Repository/Objects.RemarksValidation/input_Remarks' is: ''

2020-06-04 19:45:17 - [MESSAGE][PASSED] - Attribute 'value' of object 'Object Repository/Objects.RemarksValidation/input_Remarks' is: ''

2020-06-04 19:45:17 - [TEST_STEP][PASSED] - if (GetInputVal.contains("e")): null

2020-06-04 19:45:17 - [TEST_STEP][PASSED] - else: Actual text '' and expected text '' are matched  using regular expression

2020-06-04 19:45:17 - [TEST_STEP][PASSED] - verifyMatch(GetInputVal, "", true): Actual text '' and expected text '' are matched  using regular expression

2020-06-04 19:45:17 - [MESSAGE][PASSED] - Actual text '' and expected text '' are matched  using regular expression

2020-06-04 19:45:17 - [TEST_STEP][PASSED] - setText(NewInputNmField, RandomNumeric): Text '103863817142' is set on object 'Object Repository/Objects.RemarksValidation/input_Remarks'

2020-06-04 19:45:17 - [MESSAGE][PASSED] - Text '103863817142' is set on object 'Object Repository/Objects.RemarksValidation/input_Remarks'

2020-06-04 19:45:17 - [TEST_STEP][PASSED] - GetEnteredIntegers = getAttribute(NewInputNmField, "value"): Attribute 'value' of object 'Object Repository/Objects.RemarksValidation/input_Remarks' is: '103863817142'

2020-06-04 19:45:17 - [MESSAGE][PASSED] - Attribute 'value' of object 'Object Repository/Objects.RemarksValidation/input_Remarks' is: '103863817142'

2020-06-04 19:45:17 - [TEST_STEP][PASSED] - matchStr = regexPat.matcher(GetEnteredIntegers): null

2020-06-04 19:45:17 - [TEST_STEP][PASSED] - if (matchStr.matches() == true): Accepting Numeric

2020-06-04 19:45:17 - [TEST_STEP][PASSED] - comment("Accepting Numeric"): Accepting Numeric

2020-06-04 19:45:17 - [MESSAGE][INFO] - Accepting Numeric

2020-06-04 19:45:17 - [MESSAGE][PASSED] - Call Test Case 'Test Cases/PFI Precision and Scale/PFI Components/NumericTextboxValidationII' successfully

2020-06-04 19:45:17 - [TEST_STEP][PASSED] - callTestCase(findTestCase("PFI Precision and Scale/PFI Components/InvalidDateErrorValidation"), ["FldNm":"d2aComplDt"], STOP_ON_FAILURE): Call Test Case 'Test Cases/PFI Precision and Scale/PFI Components/InvalidDateErrorValidation' successfully

2020-06-04 19:45:17 - [TEST_CASE][PASSED] - Test Cases/PFI Precision and Scale/PFI Components/InvalidDateErrorValidation: Test Cases/PFI Precision and Scale/PFI Components/InvalidDateErrorValidation

2020-06-04 19:45:17 - [TEST_STEP][PASSED] - Thread.sleep(1000): null

2020-06-04 19:45:18 - [TEST_STEP][PASSED] - DateFieldNm = modifyObjectProperty(findTestObject("Object Repository/Objects.DateValidation/Page_ISPS2/input__orderDt"), "name", "equals", FldNm, true): Modify property of object successfully

2020-06-04 19:45:18 - [MESSAGE][PASSED] - Modify property of object successfully

2020-06-04 19:45:18 - [TEST_STEP][PASSED] - focus(DateFieldNm): Object: 'Object Repository/Objects.DateValidation/Page_ISPS2/input__orderDt' is focused

2020-06-04 19:45:18 - [MESSAGE][PASSED] - Object: 'Object Repository/Objects.DateValidation/Page_ISPS2/input__orderDt' is focused

2020-06-04 19:45:18 - [TEST_STEP][PASSED] - getInputInvalidDate = getAttribute(DateFieldNm, "value"): Attribute 'value' of object 'Object Repository/Objects.DateValidation/Page_ISPS2/input__orderDt' is: '103863817142'

2020-06-04 19:45:18 - [MESSAGE][PASSED] - Attribute 'value' of object 'Object Repository/Objects.DateValidation/Page_ISPS2/input__orderDt' is: '103863817142'

2020-06-04 19:45:18 - [TEST_STEP][PASSED] - mouseOver(DateFieldNm): Object: 'Object Repository/Objects.DateValidation/Page_ISPS2/input__orderDt' is hovered

2020-06-04 19:45:18 - [MESSAGE][PASSED] - Object: 'Object Repository/Objects.DateValidation/Page_ISPS2/input__orderDt' is hovered

2020-06-04 19:45:18 - [TEST_STEP][PASSED] - getErrMsg = getAttribute(DateFieldNm, "data-errorqtip"): Attribute 'data-errorqtip' of object 'Object Repository/Objects.DateValidation/Page_ISPS2/input__orderDt' is: '<ul class="x-list-plain"><li>103863817142 is not a valid date - it must be in the format d/m/Y</li></ul>'

2020-06-04 19:45:18 - [MESSAGE][PASSED] - Attribute 'data-errorqtip' of object 'Object Repository/Objects.DateValidation/Page_ISPS2/input__orderDt' is: '<ul class="x-list-plain"><li>103863817142 is not a valid date - it must be in the format d/m/Y</li></ul>'

2020-06-04 19:45:18 - [TEST_STEP][PASSED] - getTotalLength = getErrMsg.length(): null

2020-06-04 19:45:18 - [TEST_STEP][PASSED] - RemoveULClass = getErrMsg.substring(29, getTotalLength): null

2020-06-04 19:45:18 - [TEST_STEP][PASSED] - LengthNoUlClass = RemoveULClass.length() - 10: null

2020-06-04 19:45:18 - [TEST_STEP][PASSED] - ToolTipInvErrMsg = RemoveULClass.substring(0, LengthNoUlClass): null

2020-06-04 19:45:18 - [TEST_STEP][PASSED] - ExpectedInvalidErrMsg = concatenate(getInputInvalidDate, " ", NotValidDt): Concatenated string array: '['103863817142',' ','is not a valid date - it must be in the format d/m/Y']' into '103863817142 is not a valid date - it must be in the format d/m/Y'

2020-06-04 19:45:18 - [MESSAGE][PASSED] - Concatenated string array: '['103863817142',' ','is not a valid date - it must be in the format d/m/Y']' into '103863817142 is not a valid date - it must be in the format d/m/Y'

2020-06-04 19:45:18 - [TEST_STEP][PASSED] - verifyMatch(ToolTipInvErrMsg, ExpectedInvalidErrMsg, true): Actual text '103863817142 is not a valid date - it must be in the format d/m/Y' and expected text '103863817142 is not a valid date - it must be in the format d/m/Y' are matched  using regular expression

2020-06-04 19:45:18 - [MESSAGE][PASSED] - Actual text '103863817142 is not a valid date - it must be in the format d/m/Y' and expected text '103863817142 is not a valid date - it must be in the format d/m/Y' are matched  using regular expression

2020-06-04 19:45:18 - [MESSAGE][PASSED] - Call Test Case 'Test Cases/PFI Precision and Scale/PFI Components/InvalidDateErrorValidation' successfully

2020-06-04 19:45:18 - [TEST_STEP][PASSED] - callTestCase(findTestCase("PFI Precision and Scale/PFI Components with Indexing/SelectDayInDatePickerWithIndex"), ["FldNm":"d2aComplDt", "SelectCurrentDay":"9", "index":7], STOP_ON_FAILURE): Call Test Case 'Test Cases/PFI Precision and Scale/PFI Components with Indexing/SelectDayInDatePickerWithIndex' successfully

2020-06-04 19:45:18 - [TEST_CASE][PASSED] - Test Cases/PFI Precision and Scale/PFI Components with Indexing/SelectDayInDatePickerWithIndex: Test Cases/PFI Precision and Scale/PFI Components with Indexing/SelectDayInDatePickerWithIndex

2020-06-04 19:45:18 - [TEST_STEP][PASSED] - Thread.sleep(1000): null

2020-06-04 19:45:19 - [TEST_STEP][PASSED] - DateFieldNm = modifyObjectProperty(findTestObject("Objects.HighlightElements/input_field"), "name", "equals", FldNm, true): Modify property of object successfully

2020-06-04 19:45:19 - [MESSAGE][PASSED] - Modify property of object successfully

2020-06-04 19:45:19 - [TEST_STEP][PASSED] - ModifyDay = modifyObjectProperty(findTestObject("Objects.DateValidation/Page_ISPS2/Select_Day_Index"), "xpath", "equals", "(//*[contains(@class, 'x-datepicker-date') and (text() = '" + SelectCurrentDay + "')])[" + index + "]", true): Modify property of object successfully

2020-06-04 19:45:19 - [MESSAGE][PASSED] - Modify property of object successfully

2020-06-04 19:45:19 - [TEST_STEP][PASSED] - sendKeys(DateFieldNm, Keys.chord(ARROW_DOWN)): Keys 'DOWN + ' sent to object: 'Object Repository/Objects.HighlightElements/input_field'

2020-06-04 19:45:19 - [MESSAGE][PASSED] - Keys 'DOWN + ' sent to object: 'Object Repository/Objects.HighlightElements/input_field'

2020-06-04 19:45:19 - [TEST_STEP][PASSED] - com.reusableComponents.HighlightElement.run(ModifyDay): com.reusableComponents.HighlightElement.run is PASSED

2020-06-04 19:45:20 - [MESSAGE][PASSED] - com.reusableComponents.HighlightElement.run is PASSED

2020-06-04 19:45:20 - [TEST_STEP][PASSED] - delay(1): Delayed 1 second(s)

2020-06-04 19:45:21 - [MESSAGE][PASSED] - Delayed 1 second(s)

2020-06-04 19:45:21 - [TEST_STEP][PASSED] - click(ModifyDay): Object: 'Object Repository/Objects.DateValidation/Page_ISPS2/Select_Day_Index' is clicked on

2020-06-04 19:45:21 - [MESSAGE][PASSED] - Object: 'Object Repository/Objects.DateValidation/Page_ISPS2/Select_Day_Index' is clicked on

2020-06-04 19:45:21 - [TEST_STEP][PASSED] - GetError = getAttribute(DateFieldNm, "data-errorqtip"): Attribute 'data-errorqtip' of object 'Object Repository/Objects.HighlightElements/input_field' is: ''

2020-06-04 19:45:21 - [MESSAGE][PASSED] - Attribute 'data-errorqtip' of object 'Object Repository/Objects.HighlightElements/input_field' is: ''

2020-06-04 19:45:21 - [TEST_STEP][PASSED] - if (GetError == ""): Date Format is valid

2020-06-04 19:45:21 - [TEST_STEP][PASSED] - GetEnteredDate = getAttribute(DateFieldNm, "value"): Attribute 'value' of object 'Object Repository/Objects.HighlightElements/input_field' is: '09/06/2020'

2020-06-04 19:45:21 - [MESSAGE][PASSED] - Attribute 'value' of object 'Object Repository/Objects.HighlightElements/input_field' is: '09/06/2020'

2020-06-04 19:45:21 - [TEST_STEP][PASSED] - DatePattern = Pattern.compile("^(1[0-2]|0[1-9])/(3[01]|[12][0-9]|0[1-9])/[0-9]{4}$"): null

2020-06-04 19:45:21 - [TEST_STEP][PASSED] - VerifyDateFormat = DatePattern.matcher(GetEnteredDate): null

2020-06-04 19:45:21 - [TEST_STEP][PASSED] - if (VerifyDateFormat.matches() == true): Date Format is valid

2020-06-04 19:45:21 - [TEST_STEP][PASSED] - comment("Date Format is valid"): Date Format is valid

2020-06-04 19:45:21 - [MESSAGE][INFO] - Date Format is valid

2020-06-04 19:45:21 - [MESSAGE][PASSED] - Call Test Case 'Test Cases/PFI Precision and Scale/PFI Components with Indexing/SelectDayInDatePickerWithIndex' successfully

2020-06-04 19:45:21 - [TEST_STEP][PASSED] - callTestCase(findTestCase("PFI Precision and Scale/PFI Components/SelectTodayInDatePicker"), ["FldNm":"d2aComplDt", "index":4], STOP_ON_FAILURE): Call Test Case 'Test Cases/PFI Precision and Scale/PFI Components/SelectTodayInDatePicker' successfully

2020-06-04 19:45:21 - [TEST_CASE][PASSED] - Test Cases/PFI Precision and Scale/PFI Components/SelectTodayInDatePicker: Test Cases/PFI Precision and Scale/PFI Components/SelectTodayInDatePicker

2020-06-04 19:45:21 - [TEST_STEP][PASSED] - Thread.sleep(1000): null

2020-06-04 19:45:22 - [TEST_STEP][PASSED] - date = new java.util.Date(): null

2020-06-04 19:45:22 - [TEST_STEP][PASSED] - CurrentDate = new java.text.SimpleDateFormat(dd/MM/yyyy): null

2020-06-04 19:45:22 - [TEST_STEP][PASSED] - TodayDate = CurrentDate.format(date): null

2020-06-04 19:45:22 - [TEST_STEP][PASSED] - DateFieldNm = modifyObjectProperty(findTestObject("Object Repository/Objects.DateValidation/Page_ISPS2/input__orderDt"), "name", "equals", FldNm, true): Modify property of object successfully

2020-06-04 19:45:22 - [MESSAGE][PASSED] - Modify property of object successfully

2020-06-04 19:45:22 - [TEST_STEP][PASSED] - TodayBtn = modifyObjectProperty(findTestObject("Object Repository/Objects.DateValidation/Page_ISPS2/a_Today"), "xpath", "equals", "(//*[text() = 'Today'])[" + index + "]", true): Modify property of object successfully

2020-06-04 19:45:22 - [MESSAGE][PASSED] - Modify property of object successfully

2020-06-04 19:45:22 - [TEST_STEP][PASSED] - sendKeys(DateFieldNm, Keys.chord(ARROW_DOWN)): Keys 'DOWN + ' sent to object: 'Object Repository/Objects.DateValidation/Page_ISPS2/input__orderDt'

2020-06-04 19:45:22 - [MESSAGE][PASSED] - Keys 'DOWN + ' sent to object: 'Object Repository/Objects.DateValidation/Page_ISPS2/input__orderDt'

2020-06-04 19:45:22 - [TEST_STEP][PASSED] - com.reusableComponents.HighlightElement.run(TodayBtn): com.reusableComponents.HighlightElement.run is PASSED

2020-06-04 19:45:23 - [MESSAGE][PASSED] - com.reusableComponents.HighlightElement.run is PASSED

2020-06-04 19:45:23 - [TEST_STEP][PASSED] - click(TodayBtn): Object: 'Object Repository/Objects.DateValidation/Page_ISPS2/a_Today' is clicked on

2020-06-04 19:45:23 - [MESSAGE][PASSED] - Object: 'Object Repository/Objects.DateValidation/Page_ISPS2/a_Today' is clicked on

2020-06-04 19:45:23 - [TEST_STEP][PASSED] - GetEnteredDate = getAttribute(DateFieldNm, "value"): Attribute 'value' of object 'Object Repository/Objects.DateValidation/Page_ISPS2/input__orderDt' is: '04/06/2020'

2020-06-04 19:45:23 - [MESSAGE][PASSED] - Attribute 'value' of object 'Object Repository/Objects.DateValidation/Page_ISPS2/input__orderDt' is: '04/06/2020'

2020-06-04 19:45:23 - [TEST_STEP][PASSED] - verifyMatch(GetEnteredDate, TodayDate, true): Actual text '04/06/2020' and expected text '04/06/2020' are matched  using regular expression

2020-06-04 19:45:23 - [MESSAGE][PASSED] - Actual text '04/06/2020' and expected text '04/06/2020' are matched  using regular expression

2020-06-04 19:45:23 - [MESSAGE][PASSED] - Call Test Case 'Test Cases/PFI Precision and Scale/PFI Components/SelectTodayInDatePicker' successfully

2020-06-04 19:45:23 - [TEST_STEP][PASSED] - callTestCase(findTestCase("Components/HighlightLabelField"), ["LblName":"PE Reference No *:"], STOP_ON_FAILURE): Call Test Case 'Test Cases/Components/HighlightLabelField' successfully

2020-06-04 19:45:23 - [TEST_CASE][PASSED] - Test Cases/Components/HighlightLabelField: Test Cases/Components/HighlightLabelField

2020-06-04 19:45:23 - [TEST_STEP][PASSED] - Thread.sleep(1000): null

2020-06-04 19:45:24 - [TEST_STEP][PASSED] - modifiedLblNm = modifyObjectProperty(findTestObject("Objects.HighlightElements/lblField"), "text", "equals", LblName, true): Modify property of object successfully

2020-06-04 19:45:24 - [MESSAGE][PASSED] - Modify property of object successfully

2020-06-04 19:45:24 - [TEST_STEP][PASSED] - com.reusableComponents.HighlightElement.run(modifiedLblNm): com.reusableComponents.HighlightElement.run is PASSED

2020-06-04 19:45:24 - [MESSAGE][PASSED] - com.reusableComponents.HighlightElement.run is PASSED

2020-06-04 19:45:24 - [MESSAGE][PASSED] - Call Test Case 'Test Cases/Components/HighlightLabelField' successfully

2020-06-04 19:45:24 - [TEST_STEP][PASSED] - callTestCase(findTestCase("Components/HighlightInputField"), ["InputFldName":"peRegNbr"], STOP_ON_FAILURE): Call Test Case 'Test Cases/Components/HighlightInputField' successfully

2020-06-04 19:45:25 - [TEST_CASE][PASSED] - Test Cases/Components/HighlightInputField: Test Cases/Components/HighlightInputField

2020-06-04 19:45:25 - [TEST_STEP][PASSED] - Thread.sleep(1000): null

2020-06-04 19:45:26 - [TEST_STEP][PASSED] - modifiedLblNm = modifyObjectProperty(findTestObject("Objects.HighlightElements/input_field"), "name", "equals", InputFldName, true): Modify property of object successfully

2020-06-04 19:45:26 - [MESSAGE][PASSED] - Modify property of object successfully

2020-06-04 19:45:26 - [TEST_STEP][PASSED] - com.reusableComponents.HighlightElement.run(modifiedLblNm): com.reusableComponents.HighlightElement.run is PASSED

2020-06-04 19:45:26 - [MESSAGE][PASSED] - com.reusableComponents.HighlightElement.run is PASSED

2020-06-04 19:45:26 - [MESSAGE][PASSED] - Call Test Case 'Test Cases/Components/HighlightInputField' successfully

2020-06-04 19:45:26 - [TEST_STEP][PASSED] - callTestCase(findTestCase("PFI Precision and Scale/PFI Components/VerifyDropdownValues"), ["FldNm":"peRegNbr", "CallTCName":"Test Cases/PFI Precision and Scale/HashMap Tables/PELists", "cmbNm":"PENo", "NoOfVal":10, ... ], STOP_ON_FAILURE): Call Test Case 'Test Cases/PFI Precision and Scale/PFI Components/VerifyDropdownValues' successfully

2020-06-04 19:45:26 - [TEST_CASE][PASSED] - Test Cases/PFI Precision and Scale/PFI Components/VerifyDropdownValues: Test Cases/PFI Precision and Scale/PFI Components/VerifyDropdownValues

2020-06-04 19:45:26 - [TEST_STEP][PASSED] - Thread.sleep(1000): null

2020-06-04 19:45:27 - [TEST_STEP][PASSED] - NewInputNmField = modifyObjectProperty(findTestObject("Objects.HighlightElements/input_field"), "name", "equals", FldNm, true): Modify property of object successfully

2020-06-04 19:45:27 - [MESSAGE][PASSED] - Modify property of object successfully

2020-06-04 19:45:27 - [TEST_STEP][PASSED] - comboNm = cmbNm: null

2020-06-04 19:45:27 - [TEST_STEP][PASSED] - focus(NewInputNmField): Object: 'Object Repository/Objects.HighlightElements/input_field' is focused

2020-06-04 19:45:27 - [MESSAGE][PASSED] - Object: 'Object Repository/Objects.HighlightElements/input_field' is focused

2020-06-04 19:45:27 - [TEST_STEP][PASSED] - setText(NewInputNmField, EnterValue): Text '0016' is set on object 'Object Repository/Objects.HighlightElements/input_field'

2020-06-04 19:45:27 - [MESSAGE][PASSED] - Text '0016' is set on object 'Object Repository/Objects.HighlightElements/input_field'

2020-06-04 19:45:27 - [TEST_STEP][PASSED] - for ([i = 1, i <= NoOfVal, (i++)]): Keys 'DOWN + ' sent to object: 'Object Repository/Objects.HighlightElements/input_field'

2020-06-04 19:45:27 - [TEST_STEP][PASSED] - sendKeys(NewInputNmField, Keys.chord(ARROW_DOWN)): Keys 'DOWN + ' sent to object: 'Object Repository/Objects.HighlightElements/input_field'

2020-06-04 19:45:27 - [MESSAGE][PASSED] - Keys 'DOWN + ' sent to object: 'Object Repository/Objects.HighlightElements/input_field'

2020-06-04 19:45:27 - [TEST_STEP][PASSED] - delay(DelayTime): Delayed 5 second(s)

2020-06-04 19:45:32 - [MESSAGE][PASSED] - Delayed 5 second(s)

2020-06-04 19:45:32 - [TEST_STEP][PASSED] - sendKeys(NewInputNmField, Keys.chord(ENTER)): Keys 'ENTER + ' sent to object: 'Object Repository/Objects.HighlightElements/input_field'

2020-06-04 19:45:32 - [MESSAGE][PASSED] - Keys 'ENTER + ' sent to object: 'Object Repository/Objects.HighlightElements/input_field'

2020-06-04 19:45:32 - [TEST_STEP][PASSED] - ComboBoxValue = getAttribute(NewInputNmField, "value"): Attribute 'value' of object 'Object Repository/Objects.HighlightElements/input_field' is: '0016'

2020-06-04 19:45:32 - [MESSAGE][PASSED] - Attribute 'value' of object 'Object Repository/Objects.HighlightElements/input_field' is: '0016'

2020-06-04 19:45:32 - [TEST_STEP][PASSED] - callTestCase(findTestCase(CallTCName), ["FindValue":ComboBoxValue, "DropdownNm":comboNm], STOP_ON_FAILURE): Call Test Case 'Test Cases/PFI Precision and Scale/HashMap Tables/PELists' successfully

2020-06-04 19:45:32 - [TEST_CASE][PASSED] - Test Cases/PFI Precision and Scale/HashMap Tables/PELists: Test Cases/PFI Precision and Scale/HashMap Tables/PELists

2020-06-04 19:45:32 - [TEST_STEP][PASSED] - Thread.sleep(1000): null

2020-06-04 19:45:33 - [TEST_STEP][PASSED] - PEListsTBL = ["0011":"QP-Formatted Address", "0012":"QP-0012", "0014":"QP-0014", "0015":"QP-0015", "0016":"QP-0016", "3214":"Dummy QP Name 3861", ... ]: null

2020-06-04 19:45:33 - [TEST_STEP][PASSED] - switch (DropdownNm): null

2020-06-04 19:45:33 - [TEST_STEP][PASSED] - case "PENo":: null

2020-06-04 19:45:33 - [TEST_STEP][PASSED] - ValueFound = FindValue + " (" + get(FindValue).toString() + ")": null

2020-06-04 19:45:33 - [TEST_STEP][PASSED] - break: null

2020-06-04 19:45:33 - [MESSAGE][PASSED] - Call Test Case 'Test Cases/PFI Precision and Scale/HashMap Tables/PELists' successfully

2020-06-04 19:45:33 - [TEST_STEP][PASSED] - println(ValueFound): null

2020-06-04 19:45:33 - [TEST_STEP][PASSED] - sendKeys(NewInputNmField, Keys.chord(ARROW_DOWN)): Keys 'DOWN + ' sent to object: 'Object Repository/Objects.HighlightElements/input_field'

2020-06-04 19:45:34 - [MESSAGE][PASSED] - Keys 'DOWN + ' sent to object: 'Object Repository/Objects.HighlightElements/input_field'

2020-06-04 19:45:34 - [TEST_STEP][PASSED] - sendKeys(NewInputNmField, Keys.chord(ARROW_DOWN)): Keys 'DOWN + ' sent to object: 'Object Repository/Objects.HighlightElements/input_field'

2020-06-04 19:45:34 - [MESSAGE][PASSED] - Keys 'DOWN + ' sent to object: 'Object Repository/Objects.HighlightElements/input_field'

2020-06-04 19:45:34 - [TEST_STEP][PASSED] - delay(DelayTime): Delayed 5 second(s)

2020-06-04 19:45:39 - [MESSAGE][PASSED] - Delayed 5 second(s)

2020-06-04 19:45:39 - [TEST_STEP][PASSED] - sendKeys(NewInputNmField, Keys.chord(ENTER)): Keys 'ENTER + ' sent to object: 'Object Repository/Objects.HighlightElements/input_field'

2020-06-04 19:45:39 - [MESSAGE][PASSED] - Keys 'ENTER + ' sent to object: 'Object Repository/Objects.HighlightElements/input_field'

2020-06-04 19:45:39 - [TEST_STEP][PASSED] - ComboBoxValue = getAttribute(NewInputNmField, "value"): Attribute 'value' of object 'Object Repository/Objects.HighlightElements/input_field' is: '0016'

2020-06-04 19:45:39 - [MESSAGE][PASSED] - Attribute 'value' of object 'Object Repository/Objects.HighlightElements/input_field' is: '0016'

2020-06-04 19:45:39 - [TEST_STEP][PASSED] - callTestCase(findTestCase(CallTCName), ["FindValue":ComboBoxValue, "DropdownNm":comboNm], STOP_ON_FAILURE): Call Test Case 'Test Cases/PFI Precision and Scale/HashMap Tables/PELists' successfully

2020-06-04 19:45:39 - [TEST_CASE][PASSED] - Test Cases/PFI Precision and Scale/HashMap Tables/PELists: Test Cases/PFI Precision and Scale/HashMap Tables/PELists

2020-06-04 19:45:39 - [TEST_STEP][PASSED] - Thread.sleep(1000): null

2020-06-04 19:45:40 - [TEST_STEP][PASSED] - PEListsTBL = ["0011":"QP-Formatted Address", "0012":"QP-0012", "0014":"QP-0014", "0015":"QP-0015", "0016":"QP-0016", "3214":"Dummy QP Name 3861", ... ]: null

2020-06-04 19:45:40 - [TEST_STEP][PASSED] - switch (DropdownNm): null

2020-06-04 19:45:40 - [TEST_STEP][PASSED] - case "PENo":: null

2020-06-04 19:45:40 - [TEST_STEP][PASSED] - ValueFound = FindValue + " (" + get(FindValue).toString() + ")": null

2020-06-04 19:45:40 - [TEST_STEP][PASSED] - break: null

2020-06-04 19:45:40 - [MESSAGE][PASSED] - Call Test Case 'Test Cases/PFI Precision and Scale/HashMap Tables/PELists' successfully

2020-06-04 19:45:40 - [TEST_STEP][PASSED] - println(ValueFound): null

2020-06-04 19:45:40 - [TEST_STEP][PASSED] - sendKeys(NewInputNmField, Keys.chord(ARROW_DOWN)): Keys 'DOWN + ' sent to object: 'Object Repository/Objects.HighlightElements/input_field'

2020-06-04 19:45:40 - [MESSAGE][PASSED] - Keys 'DOWN + ' sent to object: 'Object Repository/Objects.HighlightElements/input_field'

2020-06-04 19:45:40 - [TEST_STEP][PASSED] - sendKeys(NewInputNmField, Keys.chord(ARROW_DOWN)): Keys 'DOWN + ' sent to object: 'Object Repository/Objects.HighlightElements/input_field'

2020-06-04 19:45:40 - [MESSAGE][PASSED] - Keys 'DOWN + ' sent to object: 'Object Repository/Objects.HighlightElements/input_field'

2020-06-04 19:45:40 - [TEST_STEP][PASSED] - delay(DelayTime): Delayed 5 second(s)

2020-06-04 19:45:45 - [MESSAGE][PASSED] - Delayed 5 second(s)

2020-06-04 19:45:45 - [TEST_STEP][PASSED] - sendKeys(NewInputNmField, Keys.chord(ENTER)): Keys 'ENTER + ' sent to object: 'Object Repository/Objects.HighlightElements/input_field'

2020-06-04 19:45:45 - [MESSAGE][PASSED] - Keys 'ENTER + ' sent to object: 'Object Repository/Objects.HighlightElements/input_field'

2020-06-04 19:45:45 - [TEST_STEP][PASSED] - ComboBoxValue = getAttribute(NewInputNmField, "value"): Attribute 'value' of object 'Object Repository/Objects.HighlightElements/input_field' is: '1004'

2020-06-04 19:45:45 - [MESSAGE][PASSED] - Attribute 'value' of object 'Object Repository/Objects.HighlightElements/input_field' is: '1004'

2020-06-04 19:45:45 - [TEST_STEP][PASSED] - callTestCase(findTestCase(CallTCName), ["FindValue":ComboBoxValue, "DropdownNm":comboNm], STOP_ON_FAILURE): Call Test Case 'Test Cases/PFI Precision and Scale/HashMap Tables/PELists' successfully

2020-06-04 19:45:45 - [TEST_CASE][PASSED] - Test Cases/PFI Precision and Scale/HashMap Tables/PELists: Test Cases/PFI Precision and Scale/HashMap Tables/PELists

2020-06-04 19:45:45 - [TEST_STEP][PASSED] - Thread.sleep(1000): null

2020-06-04 19:45:46 - [TEST_STEP][PASSED] - PEListsTBL = ["0011":"QP-Formatted Address", "0012":"QP-0012", "0014":"QP-0014", "0015":"QP-0015", "0016":"QP-0016", "3214":"Dummy QP Name 3861", ... ]: null

2020-06-04 19:45:46 - [TEST_STEP][PASSED] - switch (DropdownNm): null

2020-06-04 19:45:46 - [TEST_STEP][PASSED] - case "PENo":: null

2020-06-04 19:45:46 - [TEST_STEP][PASSED] - ValueFound = FindValue + " (" + get(FindValue).toString() + ")": null

2020-06-04 19:45:46 - [TEST_STEP][PASSED] - break: null

2020-06-04 19:45:46 - [MESSAGE][PASSED] - Call Test Case 'Test Cases/PFI Precision and Scale/HashMap Tables/PELists' successfully

2020-06-04 19:45:46 - [TEST_STEP][PASSED] - println(ValueFound): null

2020-06-04 19:45:46 - [TEST_STEP][PASSED] - sendKeys(NewInputNmField, Keys.chord(ARROW_DOWN)): Keys 'DOWN + ' sent to object: 'Object Repository/Objects.HighlightElements/input_field'

2020-06-04 19:45:46 - [MESSAGE][PASSED] - Keys 'DOWN + ' sent to object: 'Object Repository/Objects.HighlightElements/input_field'

2020-06-04 19:45:46 - [TEST_STEP][PASSED] - sendKeys(NewInputNmField, Keys.chord(ARROW_DOWN)): Keys 'DOWN + ' sent to object: 'Object Repository/Objects.HighlightElements/input_field'

2020-06-04 19:45:46 - [MESSAGE][PASSED] - Keys 'DOWN + ' sent to object: 'Object Repository/Objects.HighlightElements/input_field'

2020-06-04 19:45:46 - [TEST_STEP][PASSED] - delay(DelayTime): Delayed 5 second(s)

2020-06-04 19:45:51 - [MESSAGE][PASSED] - Delayed 5 second(s)

2020-06-04 19:45:51 - [TEST_STEP][PASSED] - sendKeys(NewInputNmField, Keys.chord(ENTER)): Keys 'ENTER + ' sent to object: 'Object Repository/Objects.HighlightElements/input_field'

2020-06-04 19:45:51 - [MESSAGE][PASSED] - Keys 'ENTER + ' sent to object: 'Object Repository/Objects.HighlightElements/input_field'

2020-06-04 19:45:51 - [TEST_STEP][PASSED] - ComboBoxValue = getAttribute(NewInputNmField, "value"): Attribute 'value' of object 'Object Repository/Objects.HighlightElements/input_field' is: '1004'

2020-06-04 19:45:51 - [MESSAGE][PASSED] - Attribute 'value' of object 'Object Repository/Objects.HighlightElements/input_field' is: '1004'

2020-06-04 19:45:51 - [TEST_STEP][PASSED] - callTestCase(findTestCase(CallTCName), ["FindValue":ComboBoxValue, "DropdownNm":comboNm], STOP_ON_FAILURE): Call Test Case 'Test Cases/PFI Precision and Scale/HashMap Tables/PELists' successfully

2020-06-04 19:45:51 - [TEST_CASE][PASSED] - Test Cases/PFI Precision and Scale/HashMap Tables/PELists: Test Cases/PFI Precision and Scale/HashMap Tables/PELists

2020-06-04 19:45:51 - [TEST_STEP][PASSED] - Thread.sleep(1000): null

2020-06-04 19:45:52 - [TEST_STEP][PASSED] - PEListsTBL = ["0011":"QP-Formatted Address", "0012":"QP-0012", "0014":"QP-0014", "0015":"QP-0015", "0016":"QP-0016", "3214":"Dummy QP Name 3861", ... ]: null

2020-06-04 19:45:52 - [TEST_STEP][PASSED] - switch (DropdownNm): null

2020-06-04 19:45:52 - [TEST_STEP][PASSED] - case "PENo":: null

2020-06-04 19:45:52 - [TEST_STEP][PASSED] - ValueFound = FindValue + " (" + get(FindValue).toString() + ")": null

2020-06-04 19:45:52 - [TEST_STEP][PASSED] - break: null

2020-06-04 19:45:52 - [MESSAGE][PASSED] - Call Test Case 'Test Cases/PFI Precision and Scale/HashMap Tables/PELists' successfully

2020-06-04 19:45:52 - [TEST_STEP][PASSED] - println(ValueFound): null

2020-06-04 19:45:52 - [TEST_STEP][PASSED] - sendKeys(NewInputNmField, Keys.chord(ARROW_DOWN)): Keys 'DOWN + ' sent to object: 'Object Repository/Objects.HighlightElements/input_field'

2020-06-04 19:45:52 - [MESSAGE][PASSED] - Keys 'DOWN + ' sent to object: 'Object Repository/Objects.HighlightElements/input_field'

2020-06-04 19:45:52 - [TEST_STEP][PASSED] - sendKeys(NewInputNmField, Keys.chord(ARROW_DOWN)): Keys 'DOWN + ' sent to object: 'Object Repository/Objects.HighlightElements/input_field'

2020-06-04 19:45:52 - [MESSAGE][PASSED] - Keys 'DOWN + ' sent to object: 'Object Repository/Objects.HighlightElements/input_field'

2020-06-04 19:45:52 - [TEST_STEP][PASSED] - delay(DelayTime): Delayed 5 second(s)

2020-06-04 19:45:57 - [MESSAGE][PASSED] - Delayed 5 second(s)

2020-06-04 19:45:57 - [TEST_STEP][PASSED] - sendKeys(NewInputNmField, Keys.chord(ENTER)): Keys 'ENTER + ' sent to object: 'Object Repository/Objects.HighlightElements/input_field'

2020-06-04 19:45:57 - [MESSAGE][PASSED] - Keys 'ENTER + ' sent to object: 'Object Repository/Objects.HighlightElements/input_field'

2020-06-04 19:45:57 - [TEST_STEP][PASSED] - ComboBoxValue = getAttribute(NewInputNmField, "value"): Attribute 'value' of object 'Object Repository/Objects.HighlightElements/input_field' is: '1004'

2020-06-04 19:45:57 - [MESSAGE][PASSED] - Attribute 'value' of object 'Object Repository/Objects.HighlightElements/input_field' is: '1004'

2020-06-04 19:45:57 - [TEST_STEP][PASSED] - callTestCase(findTestCase(CallTCName), ["FindValue":ComboBoxValue, "DropdownNm":comboNm], STOP_ON_FAILURE): Call Test Case 'Test Cases/PFI Precision and Scale/HashMap Tables/PELists' successfully

2020-06-04 19:45:57 - [TEST_CASE][PASSED] - Test Cases/PFI Precision and Scale/HashMap Tables/PELists: Test Cases/PFI Precision and Scale/HashMap Tables/PELists

2020-06-04 19:45:57 - [TEST_STEP][PASSED] - Thread.sleep(1000): null

2020-06-04 19:45:58 - [TEST_STEP][PASSED] - PEListsTBL = ["0011":"QP-Formatted Address", "0012":"QP-0012", "0014":"QP-0014", "0015":"QP-0015", "0016":"QP-0016", "3214":"Dummy QP Name 3861", ... ]: null

2020-06-04 19:45:58 - [TEST_STEP][PASSED] - switch (DropdownNm): null

2020-06-04 19:45:58 - [TEST_STEP][PASSED] - case "PENo":: null

2020-06-04 19:45:58 - [TEST_STEP][PASSED] - ValueFound = FindValue + " (" + get(FindValue).toString() + ")": null

2020-06-04 19:45:58 - [TEST_STEP][PASSED] - break: null

2020-06-04 19:45:58 - [MESSAGE][PASSED] - Call Test Case 'Test Cases/PFI Precision and Scale/HashMap Tables/PELists' successfully

2020-06-04 19:45:58 - [TEST_STEP][PASSED] - println(ValueFound): null

2020-06-04 19:45:58 - [TEST_STEP][PASSED] - sendKeys(NewInputNmField, Keys.chord(ARROW_DOWN)): Keys 'DOWN + ' sent to object: 'Object Repository/Objects.HighlightElements/input_field'

2020-06-04 19:45:58 - [MESSAGE][PASSED] - Keys 'DOWN + ' sent to object: 'Object Repository/Objects.HighlightElements/input_field'

2020-06-04 19:45:58 - [TEST_STEP][PASSED] - sendKeys(NewInputNmField, Keys.chord(ARROW_DOWN)): Keys 'DOWN + ' sent to object: 'Object Repository/Objects.HighlightElements/input_field'

2020-06-04 19:45:58 - [MESSAGE][PASSED] - Keys 'DOWN + ' sent to object: 'Object Repository/Objects.HighlightElements/input_field'

2020-06-04 19:45:58 - [TEST_STEP][PASSED] - delay(DelayTime): Delayed 5 second(s)

2020-06-04 19:46:03 - [MESSAGE][PASSED] - Delayed 5 second(s)

2020-06-04 19:46:03 - [TEST_STEP][PASSED] - sendKeys(NewInputNmField, Keys.chord(ENTER)): Keys 'ENTER + ' sent to object: 'Object Repository/Objects.HighlightElements/input_field'

2020-06-04 19:46:03 - [MESSAGE][PASSED] - Keys 'ENTER + ' sent to object: 'Object Repository/Objects.HighlightElements/input_field'

2020-06-04 19:46:03 - [TEST_STEP][PASSED] - ComboBoxValue = getAttribute(NewInputNmField, "value"): Attribute 'value' of object 'Object Repository/Objects.HighlightElements/input_field' is: '1004'

2020-06-04 19:46:04 - [MESSAGE][PASSED] - Attribute 'value' of object 'Object Repository/Objects.HighlightElements/input_field' is: '1004'

2020-06-04 19:46:04 - [TEST_STEP][PASSED] - callTestCase(findTestCase(CallTCName), ["FindValue":ComboBoxValue, "DropdownNm":comboNm], STOP_ON_FAILURE): Call Test Case 'Test Cases/PFI Precision and Scale/HashMap Tables/PELists' successfully

2020-06-04 19:46:04 - [TEST_CASE][PASSED] - Test Cases/PFI Precision and Scale/HashMap Tables/PELists: Test Cases/PFI Precision and Scale/HashMap Tables/PELists

2020-06-04 19:46:04 - [TEST_STEP][PASSED] - Thread.sleep(1000): null

2020-06-04 19:46:05 - [TEST_STEP][PASSED] - PEListsTBL = ["0011":"QP-Formatted Address", "0012":"QP-0012", "0014":"QP-0014", "0015":"QP-0015", "0016":"QP-0016", "3214":"Dummy QP Name 3861", ... ]: null

2020-06-04 19:46:05 - [TEST_STEP][PASSED] - switch (DropdownNm): null

2020-06-04 19:46:05 - [TEST_STEP][PASSED] - case "PENo":: null

2020-06-04 19:46:05 - [TEST_STEP][PASSED] - ValueFound = FindValue + " (" + get(FindValue).toString() + ")": null

2020-06-04 19:46:05 - [TEST_STEP][PASSED] - break: null

2020-06-04 19:46:05 - [MESSAGE][PASSED] - Call Test Case 'Test Cases/PFI Precision and Scale/HashMap Tables/PELists' successfully

2020-06-04 19:46:05 - [TEST_STEP][PASSED] - println(ValueFound): null

2020-06-04 19:46:05 - [TEST_STEP][PASSED] - sendKeys(NewInputNmField, Keys.chord(ARROW_DOWN)): Keys 'DOWN + ' sent to object: 'Object Repository/Objects.HighlightElements/input_field'

2020-06-04 19:46:05 - [MESSAGE][PASSED] - Keys 'DOWN + ' sent to object: 'Object Repository/Objects.HighlightElements/input_field'

2020-06-04 19:46:05 - [TEST_STEP][PASSED] - sendKeys(NewInputNmField, Keys.chord(ARROW_DOWN)): Keys 'DOWN + ' sent to object: 'Object Repository/Objects.HighlightElements/input_field'

2020-06-04 19:46:05 - [MESSAGE][PASSED] - Keys 'DOWN + ' sent to object: 'Object Repository/Objects.HighlightElements/input_field'

2020-06-04 19:46:05 - [TEST_STEP][PASSED] - delay(DelayTime): Delayed 5 second(s)

2020-06-04 19:46:10 - [MESSAGE][PASSED] - Delayed 5 second(s)

2020-06-04 19:46:10 - [TEST_STEP][PASSED] - sendKeys(NewInputNmField, Keys.chord(ENTER)): Keys 'ENTER + ' sent to object: 'Object Repository/Objects.HighlightElements/input_field'

2020-06-04 19:46:10 - [MESSAGE][PASSED] - Keys 'ENTER + ' sent to object: 'Object Repository/Objects.HighlightElements/input_field'

2020-06-04 19:46:10 - [TEST_STEP][PASSED] - ComboBoxValue = getAttribute(NewInputNmField, "value"): Attribute 'value' of object 'Object Repository/Objects.HighlightElements/input_field' is: '1004'

2020-06-04 19:46:10 - [MESSAGE][PASSED] - Attribute 'value' of object 'Object Repository/Objects.HighlightElements/input_field' is: '1004'

2020-06-04 19:46:10 - [TEST_STEP][PASSED] - callTestCase(findTestCase(CallTCName), ["FindValue":ComboBoxValue, "DropdownNm":comboNm], STOP_ON_FAILURE): Call Test Case 'Test Cases/PFI Precision and Scale/HashMap Tables/PELists' successfully

2020-06-04 19:46:10 - [TEST_CASE][PASSED] - Test Cases/PFI Precision and Scale/HashMap Tables/PELists: Test Cases/PFI Precision and Scale/HashMap Tables/PELists

2020-06-04 19:46:10 - [TEST_STEP][PASSED] - Thread.sleep(1000): null

2020-06-04 19:46:11 - [TEST_STEP][PASSED] - PEListsTBL = ["0011":"QP-Formatted Address", "0012":"QP-0012", "0014":"QP-0014", "0015":"QP-0015", "0016":"QP-0016", "3214":"Dummy QP Name 3861", ... ]: null

2020-06-04 19:46:11 - [TEST_STEP][PASSED] - switch (DropdownNm): null

2020-06-04 19:46:11 - [TEST_STEP][PASSED] - case "PENo":: null

2020-06-04 19:46:11 - [TEST_STEP][PASSED] - ValueFound = FindValue + " (" + get(FindValue).toString() + ")": null

2020-06-04 19:46:11 - [TEST_STEP][PASSED] - break: null

2020-06-04 19:46:11 - [MESSAGE][PASSED] - Call Test Case 'Test Cases/PFI Precision and Scale/HashMap Tables/PELists' successfully

2020-06-04 19:46:11 - [TEST_STEP][PASSED] - println(ValueFound): null

2020-06-04 19:46:11 - [TEST_STEP][PASSED] - sendKeys(NewInputNmField, Keys.chord(ARROW_DOWN)): Keys 'DOWN + ' sent to object: 'Object Repository/Objects.HighlightElements/input_field'

2020-06-04 19:46:11 - [MESSAGE][PASSED] - Keys 'DOWN + ' sent to object: 'Object Repository/Objects.HighlightElements/input_field'

2020-06-04 19:46:11 - [TEST_STEP][PASSED] - sendKeys(NewInputNmField, Keys.chord(ARROW_DOWN)): Keys 'DOWN + ' sent to object: 'Object Repository/Objects.HighlightElements/input_field'

2020-06-04 19:46:11 - [MESSAGE][PASSED] - Keys 'DOWN + ' sent to object: 'Object Repository/Objects.HighlightElements/input_field'

2020-06-04 19:46:11 - [TEST_STEP][PASSED] - delay(DelayTime): Delayed 5 second(s)

2020-06-04 19:46:16 - [MESSAGE][PASSED] - Delayed 5 second(s)

2020-06-04 19:46:16 - [TEST_STEP][PASSED] - sendKeys(NewInputNmField, Keys.chord(ENTER)): Keys 'ENTER + ' sent to object: 'Object Repository/Objects.HighlightElements/input_field'

2020-06-04 19:46:16 - [MESSAGE][PASSED] - Keys 'ENTER + ' sent to object: 'Object Repository/Objects.HighlightElements/input_field'

2020-06-04 19:46:16 - [TEST_STEP][PASSED] - ComboBoxValue = getAttribute(NewInputNmField, "value"): Attribute 'value' of object 'Object Repository/Objects.HighlightElements/input_field' is: '1004'

2020-06-04 19:46:16 - [MESSAGE][PASSED] - Attribute 'value' of object 'Object Repository/Objects.HighlightElements/input_field' is: '1004'

2020-06-04 19:46:16 - [TEST_STEP][PASSED] - callTestCase(findTestCase(CallTCName), ["FindValue":ComboBoxValue, "DropdownNm":comboNm], STOP_ON_FAILURE): Call Test Case 'Test Cases/PFI Precision and Scale/HashMap Tables/PELists' successfully

2020-06-04 19:46:16 - [TEST_CASE][PASSED] - Test Cases/PFI Precision and Scale/HashMap Tables/PELists: Test Cases/PFI Precision and Scale/HashMap Tables/PELists

2020-06-04 19:46:16 - [TEST_STEP][PASSED] - Thread.sleep(1000): null

2020-06-04 19:46:17 - [TEST_STEP][PASSED] - PEListsTBL = ["0011":"QP-Formatted Address", "0012":"QP-0012", "0014":"QP-0014", "0015":"QP-0015", "0016":"QP-0016", "3214":"Dummy QP Name 3861", ... ]: null

2020-06-04 19:46:17 - [TEST_STEP][PASSED] - switch (DropdownNm): null

2020-06-04 19:46:17 - [TEST_STEP][PASSED] - case "PENo":: null

2020-06-04 19:46:17 - [TEST_STEP][PASSED] - ValueFound = FindValue + " (" + get(FindValue).toString() + ")": null

2020-06-04 19:46:17 - [TEST_STEP][PASSED] - break: null

2020-06-04 19:46:17 - [MESSAGE][PASSED] - Call Test Case 'Test Cases/PFI Precision and Scale/HashMap Tables/PELists' successfully

2020-06-04 19:46:17 - [TEST_STEP][PASSED] - println(ValueFound): null

2020-06-04 19:46:17 - [TEST_STEP][PASSED] - sendKeys(NewInputNmField, Keys.chord(ARROW_DOWN)): Keys 'DOWN + ' sent to object: 'Object Repository/Objects.HighlightElements/input_field'

2020-06-04 19:46:17 - [MESSAGE][PASSED] - Keys 'DOWN + ' sent to object: 'Object Repository/Objects.HighlightElements/input_field'

2020-06-04 19:46:17 - [TEST_STEP][PASSED] - sendKeys(NewInputNmField, Keys.chord(ARROW_DOWN)): Keys 'DOWN + ' sent to object: 'Object Repository/Objects.HighlightElements/input_field'

2020-06-04 19:46:17 - [MESSAGE][PASSED] - Keys 'DOWN + ' sent to object: 'Object Repository/Objects.HighlightElements/input_field'

2020-06-04 19:46:17 - [TEST_STEP][PASSED] - delay(DelayTime): Delayed 5 second(s)

2020-06-04 19:46:22 - [MESSAGE][PASSED] - Delayed 5 second(s)

2020-06-04 19:46:22 - [TEST_STEP][PASSED] - sendKeys(NewInputNmField, Keys.chord(ENTER)): Keys 'ENTER + ' sent to object: 'Object Repository/Objects.HighlightElements/input_field'

2020-06-04 19:46:22 - [MESSAGE][PASSED] - Keys 'ENTER + ' sent to object: 'Object Repository/Objects.HighlightElements/input_field'

2020-06-04 19:46:22 - [TEST_STEP][PASSED] - ComboBoxValue = getAttribute(NewInputNmField, "value"): Attribute 'value' of object 'Object Repository/Objects.HighlightElements/input_field' is: '1004'

2020-06-04 19:46:22 - [MESSAGE][PASSED] - Attribute 'value' of object 'Object Repository/Objects.HighlightElements/input_field' is: '1004'

2020-06-04 19:46:22 - [TEST_STEP][PASSED] - callTestCase(findTestCase(CallTCName), ["FindValue":ComboBoxValue, "DropdownNm":comboNm], STOP_ON_FAILURE): Call Test Case 'Test Cases/PFI Precision and Scale/HashMap Tables/PELists' successfully

2020-06-04 19:46:22 - [TEST_CASE][PASSED] - Test Cases/PFI Precision and Scale/HashMap Tables/PELists: Test Cases/PFI Precision and Scale/HashMap Tables/PELists

2020-06-04 19:46:22 - [TEST_STEP][PASSED] - Thread.sleep(1000): null

2020-06-04 19:46:23 - [TEST_STEP][PASSED] - PEListsTBL = ["0011":"QP-Formatted Address", "0012":"QP-0012", "0014":"QP-0014", "0015":"QP-0015", "0016":"QP-0016", "3214":"Dummy QP Name 3861", ... ]: null

2020-06-04 19:46:23 - [TEST_STEP][PASSED] - switch (DropdownNm): null

2020-06-04 19:46:23 - [TEST_STEP][PASSED] - case "PENo":: null

2020-06-04 19:46:23 - [TEST_STEP][PASSED] - ValueFound = FindValue + " (" + get(FindValue).toString() + ")": null

2020-06-04 19:46:23 - [TEST_STEP][PASSED] - break: null

2020-06-04 19:46:23 - [MESSAGE][PASSED] - Call Test Case 'Test Cases/PFI Precision and Scale/HashMap Tables/PELists' successfully

2020-06-04 19:46:23 - [TEST_STEP][PASSED] - println(ValueFound): null

2020-06-04 19:46:23 - [TEST_STEP][PASSED] - sendKeys(NewInputNmField, Keys.chord(ARROW_DOWN)): Keys 'DOWN + ' sent to object: 'Object Repository/Objects.HighlightElements/input_field'

2020-06-04 19:46:23 - [MESSAGE][PASSED] - Keys 'DOWN + ' sent to object: 'Object Repository/Objects.HighlightElements/input_field'

2020-06-04 19:46:23 - [TEST_STEP][PASSED] - sendKeys(NewInputNmField, Keys.chord(ARROW_DOWN)): Keys 'DOWN + ' sent to object: 'Object Repository/Objects.HighlightElements/input_field'

2020-06-04 19:46:23 - [MESSAGE][PASSED] - Keys 'DOWN + ' sent to object: 'Object Repository/Objects.HighlightElements/input_field'

2020-06-04 19:46:23 - [TEST_STEP][PASSED] - delay(DelayTime): Delayed 5 second(s)

2020-06-04 19:46:28 - [MESSAGE][PASSED] - Delayed 5 second(s)

2020-06-04 19:46:28 - [TEST_STEP][PASSED] - sendKeys(NewInputNmField, Keys.chord(ENTER)): Keys 'ENTER + ' sent to object: 'Object Repository/Objects.HighlightElements/input_field'

2020-06-04 19:46:28 - [MESSAGE][PASSED] - Keys 'ENTER + ' sent to object: 'Object Repository/Objects.HighlightElements/input_field'

2020-06-04 19:46:28 - [TEST_STEP][PASSED] - ComboBoxValue = getAttribute(NewInputNmField, "value"): Attribute 'value' of object 'Object Repository/Objects.HighlightElements/input_field' is: '1004'

2020-06-04 19:46:28 - [MESSAGE][PASSED] - Attribute 'value' of object 'Object Repository/Objects.HighlightElements/input_field' is: '1004'

2020-06-04 19:46:28 - [TEST_STEP][PASSED] - callTestCase(findTestCase(CallTCName), ["FindValue":ComboBoxValue, "DropdownNm":comboNm], STOP_ON_FAILURE): Call Test Case 'Test Cases/PFI Precision and Scale/HashMap Tables/PELists' successfully

2020-06-04 19:46:28 - [TEST_CASE][PASSED] - Test Cases/PFI Precision and Scale/HashMap Tables/PELists: Test Cases/PFI Precision and Scale/HashMap Tables/PELists

2020-06-04 19:46:28 - [TEST_STEP][PASSED] - Thread.sleep(1000): null

2020-06-04 19:46:29 - [TEST_STEP][PASSED] - PEListsTBL = ["0011":"QP-Formatted Address", "0012":"QP-0012", "0014":"QP-0014", "0015":"QP-0015", "0016":"QP-0016", "3214":"Dummy QP Name 3861", ... ]: null

2020-06-04 19:46:29 - [TEST_STEP][PASSED] - switch (DropdownNm): null

2020-06-04 19:46:29 - [TEST_STEP][PASSED] - case "PENo":: null

2020-06-04 19:46:29 - [TEST_STEP][PASSED] - ValueFound = FindValue + " (" + get(FindValue).toString() + ")": null

2020-06-04 19:46:30 - [TEST_STEP][PASSED] - break: null

2020-06-04 19:46:30 - [MESSAGE][PASSED] - Call Test Case 'Test Cases/PFI Precision and Scale/HashMap Tables/PELists' successfully

2020-06-04 19:46:30 - [TEST_STEP][PASSED] - println(ValueFound): null

2020-06-04 19:46:30 - [TEST_STEP][PASSED] - sendKeys(NewInputNmField, Keys.chord(ARROW_DOWN)): Keys 'DOWN + ' sent to object: 'Object Repository/Objects.HighlightElements/input_field'

2020-06-04 19:46:30 - [MESSAGE][PASSED] - Keys 'DOWN + ' sent to object: 'Object Repository/Objects.HighlightElements/input_field'

2020-06-04 19:46:30 - [TEST_STEP][PASSED] - sendKeys(NewInputNmField, Keys.chord(ENTER)): Keys 'ENTER + ' sent to object: 'Object Repository/Objects.HighlightElements/input_field'

2020-06-04 19:46:30 - [MESSAGE][PASSED] - Keys 'ENTER + ' sent to object: 'Object Repository/Objects.HighlightElements/input_field'

2020-06-04 19:46:30 - [MESSAGE][PASSED] - Call Test Case 'Test Cases/PFI Precision and Scale/PFI Components/VerifyDropdownValues' successfully

2020-06-04 19:46:30 - [TEST_STEP][NOT_RUN] - callTestCase(findTestCase("Components/Logout"), ["LogoutPageTextToBeVerified":findTestData("Datatable").getValue("HomeBanner", 2)], STOP_ON_FAILURE): NOT_RUN: callTestCase(findTestCase("Components/Logout"), ["LogoutPageTextToBeVerified":findTestData("Datatable").getValue("HomeBanner", 2)], STOP_ON_FAILURE)

2020-06-04 19:46:30 - [MESSAGE][NOT_RUN] - NOT_RUN: callTestCase(findTestCase("Components/Logout"), ["LogoutPageTextToBeVerified":findTestData("Datatable").getValue("HomeBanner", 2)], STOP_ON_FAILURE)]]></system-out>
         <system-err><![CDATA[]]></system-err>
      </testcase>
      <testcase name="Test Cases/PFI Precision and Scale/PFI Test Cases/Process Case (PFI)/PFI.UpdateReportsLHS" time="74.861" classname="Test Cases/PFI Precision and Scale/PFI Test Cases/Process Case (PFI)/PFI.UpdateReportsLHS" status="PASSED">
         <system-out><![CDATA[2020-06-04 19:46:30 - [TEST_CASE][PASSED] - Test Cases/PFI Precision and Scale/PFI Test Cases/Process Case (PFI)/PFI.UpdateReportsLHS: Test Cases/PFI Precision and Scale/PFI Test Cases/Process Case (PFI)/PFI.UpdateReportsLHS

2020-06-04 19:46:30 - [TEST_STEP][NOT_RUN] - callTestCase(findTestCase("Components/LoginV2.0"), ["LinkToBeUsed":findTestData("ISPS2 Test Data").getValue("URL", 2), "LoginPageTextToBeVerified":findTestData("ISPS2 Test Data").getValue("HomeBanner", 2), ... ], STOP_ON_FAILURE): NOT_RUN: callTestCase(findTestCase("Components/LoginV2.0"), ["LinkToBeUsed":findTestData("ISPS2 Test Data").getValue("URL", 2), "LoginPageTextToBeVerified":findTestData("ISPS2 Test Data").getValue("HomeBanner", 2), ... ], STOP_ON_FAILURE)

2020-06-04 19:46:30 - [MESSAGE][NOT_RUN] - NOT_RUN: callTestCase(findTestCase("Components/LoginV2.0"), ["LinkToBeUsed":findTestData("ISPS2 Test Data").getValue("URL", 2), "LoginPageTextToBeVerified":findTestData("ISPS2 Test Data").getValue("HomeBanner", 2), ... ], STOP_ON_FAILURE)

2020-06-04 19:46:30 - [TEST_STEP][NOT_RUN] - callTestCase(findTestCase("Components/NavigateToHomepageHeaders"), ["headerText":"My Tasks"], STOP_ON_FAILURE): NOT_RUN: callTestCase(findTestCase("Components/NavigateToHomepageHeaders"), ["headerText":"My Tasks"], STOP_ON_FAILURE)

2020-06-04 19:46:30 - [MESSAGE][NOT_RUN] - NOT_RUN: callTestCase(findTestCase("Components/NavigateToHomepageHeaders"), ["headerText":"My Tasks"], STOP_ON_FAILURE)

2020-06-04 19:46:30 - [TEST_STEP][NOT_RUN] - callTestCase(findTestCase("Components/Filter"), ["taskDescription":"Process Case (SM)"], STOP_ON_FAILURE): NOT_RUN: callTestCase(findTestCase("Components/Filter"), ["taskDescription":"Process Case (SM)"], STOP_ON_FAILURE)

2020-06-04 19:46:30 - [MESSAGE][NOT_RUN] - NOT_RUN: callTestCase(findTestCase("Components/Filter"), ["taskDescription":"Process Case (SM)"], STOP_ON_FAILURE)

2020-06-04 19:46:30 - [TEST_STEP][NOT_RUN] - callTestCase(findTestCase("Components/ClickLinkDependingOnTextAndIndex"), ["linkName":"Process Case (SM)", "index":"3"], STOP_ON_FAILURE): NOT_RUN: callTestCase(findTestCase("Components/ClickLinkDependingOnTextAndIndex"), ["linkName":"Process Case (SM)", "index":"3"], STOP_ON_FAILURE)

2020-06-04 19:46:30 - [MESSAGE][NOT_RUN] - NOT_RUN: callTestCase(findTestCase("Components/ClickLinkDependingOnTextAndIndex"), ["linkName":"Process Case (SM)", "index":"3"], STOP_ON_FAILURE)

2020-06-04 19:46:30 - [TEST_STEP][PASSED] - callTestCase(findTestCase("Components/NavigateToAnyLHS"), ["LHS":"Update Reports"], STOP_ON_FAILURE): Call Test Case 'Test Cases/Components/NavigateToAnyLHS' successfully

2020-06-04 19:46:30 - [TEST_CASE][PASSED] - Test Cases/Components/NavigateToAnyLHS: Test Cases/Components/NavigateToAnyLHS

2020-06-04 19:46:30 - [TEST_STEP][PASSED] - Thread.sleep(1000): null

2020-06-04 19:46:31 - [TEST_STEP][PASSED] - modifiedLHS = modifyObjectProperty(findTestObject("Objects.NavigateToAnyLHS/Page_ISPS2/LHSToModify"), "text", "equals", LHS, true): Modify property of object successfully

2020-06-04 19:46:31 - [MESSAGE][PASSED] - Modify property of object successfully

2020-06-04 19:46:31 - [TEST_STEP][PASSED] - click(modifiedLHS): Object: 'Object Repository/Objects.NavigateToAnyLHS/Page_ISPS2/LHSToModify' is clicked on

2020-06-04 19:46:31 - [MESSAGE][PASSED] - Object: 'Object Repository/Objects.NavigateToAnyLHS/Page_ISPS2/LHSToModify' is clicked on

2020-06-04 19:46:31 - [TEST_STEP][PASSED] - currentLHS = getText(modifiedLHS): Text of object 'Object Repository/Objects.NavigateToAnyLHS/Page_ISPS2/LHSToModify' is: 'Update Reports'

2020-06-04 19:46:31 - [MESSAGE][PASSED] - Text of object 'Object Repository/Objects.NavigateToAnyLHS/Page_ISPS2/LHSToModify' is: 'Update Reports'

2020-06-04 19:46:31 - [TEST_STEP][PASSED] - Thread.sleep(5000): null

2020-06-04 19:46:36 - [MESSAGE][PASSED] - Call Test Case 'Test Cases/Components/NavigateToAnyLHS' successfully

2020-06-04 19:46:36 - [TEST_STEP][PASSED] - callTestCase(findTestCase("Components/VerifyPageSuccessfullyLoadedII"), ["PageNm":"Update Reports"], STOP_ON_FAILURE): Call Test Case 'Test Cases/Components/VerifyPageSuccessfullyLoadedII' successfully

2020-06-04 19:46:36 - [TEST_CASE][PASSED] - Test Cases/Components/VerifyPageSuccessfullyLoadedII: Test Cases/Components/VerifyPageSuccessfullyLoadedII

2020-06-04 19:46:36 - [TEST_STEP][PASSED] - waitForPageLoad(5): Wait for page load successfully

2020-06-04 19:46:36 - [MESSAGE][PASSED] - Wait for page load successfully

2020-06-04 19:46:36 - [TEST_STEP][PASSED] - modifiedInputFld = modifyObjectProperty(findTestObject("Object Repository/Objects.VerifyPageSuccessfullyLoaded/PageHeaderIndex"), "xpath", "equals", "//*[contains(@class,'isps-page-title') and (text()='" + PageNm + "')]", true): Modify property of object successfully

2020-06-04 19:46:36 - [MESSAGE][PASSED] - Modify property of object successfully

2020-06-04 19:46:36 - [TEST_STEP][PASSED] - com.reusableComponents.HighlightElement.run(modifiedInputFld): com.reusableComponents.HighlightElement.run is PASSED

2020-06-04 19:46:37 - [MESSAGE][PASSED] - com.reusableComponents.HighlightElement.run is PASSED

2020-06-04 19:46:37 - [MESSAGE][PASSED] - Call Test Case 'Test Cases/Components/VerifyPageSuccessfullyLoadedII' successfully

2020-06-04 19:46:37 - [TEST_STEP][PASSED] - callTestCase(findTestCase("Components/ClickAddButtonII"), [:], STOP_ON_FAILURE): Call Test Case 'Test Cases/Components/ClickAddButtonII' successfully

2020-06-04 19:46:37 - [TEST_CASE][PASSED] - Test Cases/Components/ClickAddButtonII: Test Cases/Components/ClickAddButtonII

2020-06-04 19:46:37 - [TEST_STEP][PASSED] - Thread.sleep(1000): null

2020-06-04 19:46:38 - [TEST_STEP][PASSED] - com.reusableComponents.HighlightElement.run(findTestObject("Objects.ClickAddButtonII/XP_AddButton")): com.reusableComponents.HighlightElement.run is PASSED

2020-06-04 19:46:38 - [MESSAGE][PASSED] - com.reusableComponents.HighlightElement.run is PASSED

2020-06-04 19:46:38 - [TEST_STEP][PASSED] - click(findTestObject("Objects.ClickAddButtonII/XP_AddButton")): Object: 'Object Repository/Objects.ClickAddButtonII/XP_AddButton' is clicked on

2020-06-04 19:46:38 - [MESSAGE][PASSED] - Object: 'Object Repository/Objects.ClickAddButtonII/XP_AddButton' is clicked on

2020-06-04 19:46:38 - [TEST_STEP][PASSED] - Thread.sleep(5000): null

2020-06-04 19:46:44 - [MESSAGE][PASSED] - Call Test Case 'Test Cases/Components/ClickAddButtonII' successfully

2020-06-04 19:46:44 - [TEST_STEP][PASSED] - callTestCase(findTestCase("PFI Precision and Scale/PFI Components/RequiredFieldValidation"), ["nameToBeUsed":"dFormCode"], STOP_ON_FAILURE): Call Test Case 'Test Cases/PFI Precision and Scale/PFI Components/RequiredFieldValidation' successfully

2020-06-04 19:46:44 - [TEST_CASE][PASSED] - Test Cases/PFI Precision and Scale/PFI Components/RequiredFieldValidation: Test Cases/PFI Precision and Scale/PFI Components/RequiredFieldValidation

2020-06-04 19:46:44 - [TEST_STEP][PASSED] - Thread.sleep(1000): null

2020-06-04 19:46:45 - [TEST_STEP][PASSED] - NewInputNmField = modifyObjectProperty(findTestObject("Objects.HighlightElements/input_field"), "name", "equals", nameToBeUsed, true): Modify property of object successfully

2020-06-04 19:46:45 - [MESSAGE][PASSED] - Modify property of object successfully

2020-06-04 19:46:45 - [TEST_STEP][PASSED] - mouseOver(NewInputNmField): Object: 'Object Repository/Objects.HighlightElements/input_field' is hovered

2020-06-04 19:46:45 - [MESSAGE][PASSED] - Object: 'Object Repository/Objects.HighlightElements/input_field' is hovered

2020-06-04 19:46:45 - [TEST_STEP][PASSED] - getRqErrMsg = getAttribute(NewInputNmField, "data-errorqtip"): Attribute 'data-errorqtip' of object 'Object Repository/Objects.HighlightElements/input_field' is: '<ul class="x-list-plain"><li>This field is required</li></ul>'

2020-06-04 19:46:45 - [MESSAGE][PASSED] - Attribute 'data-errorqtip' of object 'Object Repository/Objects.HighlightElements/input_field' is: '<ul class="x-list-plain"><li>This field is required</li></ul>'

2020-06-04 19:46:45 - [TEST_STEP][PASSED] - strToolTip = getRqErrMsg.substring(29, 61): null

2020-06-04 19:46:45 - [TEST_STEP][PASSED] - toolTipReqErrMsg = strToolTip.substring(0, 22): null

2020-06-04 19:46:45 - [TEST_STEP][PASSED] - verifyMatch(toolTipReqErrMsg, RqField, true): Actual text 'This field is required' and expected text 'This field is required' are matched  using regular expression

2020-06-04 19:46:45 - [MESSAGE][PASSED] - Actual text 'This field is required' and expected text 'This field is required' are matched  using regular expression

2020-06-04 19:46:45 - [MESSAGE][PASSED] - Call Test Case 'Test Cases/PFI Precision and Scale/PFI Components/RequiredFieldValidation' successfully

2020-06-04 19:46:45 - [TEST_STEP][PASSED] - callTestCase(findTestCase("PFI Precision and Scale/PFI Components/RequiredFieldValidation"), ["nameToBeUsed":"rptRecvDt"], STOP_ON_FAILURE): Call Test Case 'Test Cases/PFI Precision and Scale/PFI Components/RequiredFieldValidation' successfully

2020-06-04 19:46:45 - [TEST_CASE][PASSED] - Test Cases/PFI Precision and Scale/PFI Components/RequiredFieldValidation: Test Cases/PFI Precision and Scale/PFI Components/RequiredFieldValidation

2020-06-04 19:46:45 - [TEST_STEP][PASSED] - Thread.sleep(1000): null

2020-06-04 19:46:46 - [TEST_STEP][PASSED] - NewInputNmField = modifyObjectProperty(findTestObject("Objects.HighlightElements/input_field"), "name", "equals", nameToBeUsed, true): Modify property of object successfully

2020-06-04 19:46:46 - [MESSAGE][PASSED] - Modify property of object successfully

2020-06-04 19:46:46 - [TEST_STEP][PASSED] - mouseOver(NewInputNmField): Object: 'Object Repository/Objects.HighlightElements/input_field' is hovered

2020-06-04 19:46:46 - [MESSAGE][PASSED] - Object: 'Object Repository/Objects.HighlightElements/input_field' is hovered

2020-06-04 19:46:46 - [TEST_STEP][PASSED] - getRqErrMsg = getAttribute(NewInputNmField, "data-errorqtip"): Attribute 'data-errorqtip' of object 'Object Repository/Objects.HighlightElements/input_field' is: '<ul class="x-list-plain"><li>This field is required</li></ul>'

2020-06-04 19:46:46 - [MESSAGE][PASSED] - Attribute 'data-errorqtip' of object 'Object Repository/Objects.HighlightElements/input_field' is: '<ul class="x-list-plain"><li>This field is required</li></ul>'

2020-06-04 19:46:46 - [TEST_STEP][PASSED] - strToolTip = getRqErrMsg.substring(29, 61): null

2020-06-04 19:46:46 - [TEST_STEP][PASSED] - toolTipReqErrMsg = strToolTip.substring(0, 22): null

2020-06-04 19:46:46 - [TEST_STEP][PASSED] - verifyMatch(toolTipReqErrMsg, RqField, true): Actual text 'This field is required' and expected text 'This field is required' are matched  using regular expression

2020-06-04 19:46:46 - [MESSAGE][PASSED] - Actual text 'This field is required' and expected text 'This field is required' are matched  using regular expression

2020-06-04 19:46:46 - [MESSAGE][PASSED] - Call Test Case 'Test Cases/PFI Precision and Scale/PFI Components/RequiredFieldValidation' successfully

2020-06-04 19:46:46 - [TEST_STEP][PASSED] - callTestCase(findTestCase("PFI Precision and Scale/PFI Components/RequiredFieldValidation"), ["nameToBeUsed":"rptTypeCode"], STOP_ON_FAILURE): Call Test Case 'Test Cases/PFI Precision and Scale/PFI Components/RequiredFieldValidation' successfully

2020-06-04 19:46:46 - [TEST_CASE][PASSED] - Test Cases/PFI Precision and Scale/PFI Components/RequiredFieldValidation: Test Cases/PFI Precision and Scale/PFI Components/RequiredFieldValidation

2020-06-04 19:46:46 - [TEST_STEP][PASSED] - Thread.sleep(1000): null

2020-06-04 19:46:47 - [TEST_STEP][PASSED] - NewInputNmField = modifyObjectProperty(findTestObject("Objects.HighlightElements/input_field"), "name", "equals", nameToBeUsed, true): Modify property of object successfully

2020-06-04 19:46:47 - [MESSAGE][PASSED] - Modify property of object successfully

2020-06-04 19:46:47 - [TEST_STEP][PASSED] - mouseOver(NewInputNmField): Object: 'Object Repository/Objects.HighlightElements/input_field' is hovered

2020-06-04 19:46:47 - [MESSAGE][PASSED] - Object: 'Object Repository/Objects.HighlightElements/input_field' is hovered

2020-06-04 19:46:47 - [TEST_STEP][PASSED] - getRqErrMsg = getAttribute(NewInputNmField, "data-errorqtip"): Attribute 'data-errorqtip' of object 'Object Repository/Objects.HighlightElements/input_field' is: '<ul class="x-list-plain"><li>This field is required</li></ul>'

2020-06-04 19:46:47 - [MESSAGE][PASSED] - Attribute 'data-errorqtip' of object 'Object Repository/Objects.HighlightElements/input_field' is: '<ul class="x-list-plain"><li>This field is required</li></ul>'

2020-06-04 19:46:47 - [TEST_STEP][PASSED] - strToolTip = getRqErrMsg.substring(29, 61): null

2020-06-04 19:46:47 - [TEST_STEP][PASSED] - toolTipReqErrMsg = strToolTip.substring(0, 22): null

2020-06-04 19:46:47 - [TEST_STEP][PASSED] - verifyMatch(toolTipReqErrMsg, RqField, true): Actual text 'This field is required' and expected text 'This field is required' are matched  using regular expression

2020-06-04 19:46:47 - [MESSAGE][PASSED] - Actual text 'This field is required' and expected text 'This field is required' are matched  using regular expression

2020-06-04 19:46:47 - [MESSAGE][PASSED] - Call Test Case 'Test Cases/PFI Precision and Scale/PFI Components/RequiredFieldValidation' successfully

2020-06-04 19:46:47 - [TEST_STEP][PASSED] - callTestCase(findTestCase("PFI Precision and Scale/PFI Components/RequiredFieldValidation"), ["nameToBeUsed":"rptComplyDt"], STOP_ON_FAILURE): Call Test Case 'Test Cases/PFI Precision and Scale/PFI Components/RequiredFieldValidation' successfully

2020-06-04 19:46:47 - [TEST_CASE][PASSED] - Test Cases/PFI Precision and Scale/PFI Components/RequiredFieldValidation: Test Cases/PFI Precision and Scale/PFI Components/RequiredFieldValidation

2020-06-04 19:46:47 - [TEST_STEP][PASSED] - Thread.sleep(1000): null

2020-06-04 19:46:48 - [TEST_STEP][PASSED] - NewInputNmField = modifyObjectProperty(findTestObject("Objects.HighlightElements/input_field"), "name", "equals", nameToBeUsed, true): Modify property of object successfully

2020-06-04 19:46:49 - [MESSAGE][PASSED] - Modify property of object successfully

2020-06-04 19:46:49 - [TEST_STEP][PASSED] - mouseOver(NewInputNmField): Object: 'Object Repository/Objects.HighlightElements/input_field' is hovered

2020-06-04 19:46:49 - [MESSAGE][PASSED] - Object: 'Object Repository/Objects.HighlightElements/input_field' is hovered

2020-06-04 19:46:49 - [TEST_STEP][PASSED] - getRqErrMsg = getAttribute(NewInputNmField, "data-errorqtip"): Attribute 'data-errorqtip' of object 'Object Repository/Objects.HighlightElements/input_field' is: '<ul class="x-list-plain"><li>This field is required</li></ul>'

2020-06-04 19:46:49 - [MESSAGE][PASSED] - Attribute 'data-errorqtip' of object 'Object Repository/Objects.HighlightElements/input_field' is: '<ul class="x-list-plain"><li>This field is required</li></ul>'

2020-06-04 19:46:49 - [TEST_STEP][PASSED] - strToolTip = getRqErrMsg.substring(29, 61): null

2020-06-04 19:46:49 - [TEST_STEP][PASSED] - toolTipReqErrMsg = strToolTip.substring(0, 22): null

2020-06-04 19:46:49 - [TEST_STEP][PASSED] - verifyMatch(toolTipReqErrMsg, RqField, true): Actual text 'This field is required' and expected text 'This field is required' are matched  using regular expression

2020-06-04 19:46:49 - [MESSAGE][PASSED] - Actual text 'This field is required' and expected text 'This field is required' are matched  using regular expression

2020-06-04 19:46:49 - [MESSAGE][PASSED] - Call Test Case 'Test Cases/PFI Precision and Scale/PFI Components/RequiredFieldValidation' successfully

2020-06-04 19:46:49 - [TEST_STEP][PASSED] - callTestCase(findTestCase("PFI Precision and Scale/PFI Components/RequiredFieldValidation"), ["nameToBeUsed":"submitBy"], STOP_ON_FAILURE): Call Test Case 'Test Cases/PFI Precision and Scale/PFI Components/RequiredFieldValidation' successfully

2020-06-04 19:46:49 - [TEST_CASE][PASSED] - Test Cases/PFI Precision and Scale/PFI Components/RequiredFieldValidation: Test Cases/PFI Precision and Scale/PFI Components/RequiredFieldValidation

2020-06-04 19:46:49 - [TEST_STEP][PASSED] - Thread.sleep(1000): null

2020-06-04 19:46:50 - [TEST_STEP][PASSED] - NewInputNmField = modifyObjectProperty(findTestObject("Objects.HighlightElements/input_field"), "name", "equals", nameToBeUsed, true): Modify property of object successfully

2020-06-04 19:46:50 - [MESSAGE][PASSED] - Modify property of object successfully

2020-06-04 19:46:50 - [TEST_STEP][PASSED] - mouseOver(NewInputNmField): Object: 'Object Repository/Objects.HighlightElements/input_field' is hovered

2020-06-04 19:46:50 - [MESSAGE][PASSED] - Object: 'Object Repository/Objects.HighlightElements/input_field' is hovered

2020-06-04 19:46:50 - [TEST_STEP][PASSED] - getRqErrMsg = getAttribute(NewInputNmField, "data-errorqtip"): Attribute 'data-errorqtip' of object 'Object Repository/Objects.HighlightElements/input_field' is: '<ul class="x-list-plain"><li>This field is required</li></ul>'

2020-06-04 19:46:50 - [MESSAGE][PASSED] - Attribute 'data-errorqtip' of object 'Object Repository/Objects.HighlightElements/input_field' is: '<ul class="x-list-plain"><li>This field is required</li></ul>'

2020-06-04 19:46:50 - [TEST_STEP][PASSED] - strToolTip = getRqErrMsg.substring(29, 61): null

2020-06-04 19:46:50 - [TEST_STEP][PASSED] - toolTipReqErrMsg = strToolTip.substring(0, 22): null

2020-06-04 19:46:50 - [TEST_STEP][PASSED] - verifyMatch(toolTipReqErrMsg, RqField, true): Actual text 'This field is required' and expected text 'This field is required' are matched  using regular expression

2020-06-04 19:46:50 - [MESSAGE][PASSED] - Actual text 'This field is required' and expected text 'This field is required' are matched  using regular expression

2020-06-04 19:46:50 - [MESSAGE][PASSED] - Call Test Case 'Test Cases/PFI Precision and Scale/PFI Components/RequiredFieldValidation' successfully

2020-06-04 19:46:50 - [TEST_STEP][PASSED] - callTestCase(findTestCase("PFI Precision and Scale/PFI Components/VerifyDropdownValues"), ["FldNm":"dFormCode", "CallTCName":"Test Cases/PFI Precision and Scale/HashMap Tables/ConstantHashMap", "cmbNm":"DForm", "NoOfVal":5, ... ], STOP_ON_FAILURE): Call Test Case 'Test Cases/PFI Precision and Scale/PFI Components/VerifyDropdownValues' successfully

2020-06-04 19:46:50 - [TEST_CASE][PASSED] - Test Cases/PFI Precision and Scale/PFI Components/VerifyDropdownValues: Test Cases/PFI Precision and Scale/PFI Components/VerifyDropdownValues

2020-06-04 19:46:50 - [TEST_STEP][PASSED] - Thread.sleep(1000): null

2020-06-04 19:46:51 - [TEST_STEP][PASSED] - NewInputNmField = modifyObjectProperty(findTestObject("Objects.HighlightElements/input_field"), "name", "equals", FldNm, true): Modify property of object successfully

2020-06-04 19:46:51 - [MESSAGE][PASSED] - Modify property of object successfully

2020-06-04 19:46:51 - [TEST_STEP][PASSED] - comboNm = cmbNm: null

2020-06-04 19:46:51 - [TEST_STEP][PASSED] - focus(NewInputNmField): Object: 'Object Repository/Objects.HighlightElements/input_field' is focused

2020-06-04 19:46:51 - [MESSAGE][PASSED] - Object: 'Object Repository/Objects.HighlightElements/input_field' is focused

2020-06-04 19:46:51 - [TEST_STEP][PASSED] - setText(NewInputNmField, EnterValue): Text '' is set on object 'Object Repository/Objects.HighlightElements/input_field'

2020-06-04 19:46:51 - [MESSAGE][PASSED] - Text '' is set on object 'Object Repository/Objects.HighlightElements/input_field'

2020-06-04 19:46:51 - [TEST_STEP][PASSED] - for ([i = 1, i <= NoOfVal, (i++)]): Keys 'DOWN + ' sent to object: 'Object Repository/Objects.HighlightElements/input_field'

2020-06-04 19:46:51 - [TEST_STEP][PASSED] - sendKeys(NewInputNmField, Keys.chord(ARROW_DOWN)): Keys 'DOWN + ' sent to object: 'Object Repository/Objects.HighlightElements/input_field'

2020-06-04 19:46:51 - [MESSAGE][PASSED] - Keys 'DOWN + ' sent to object: 'Object Repository/Objects.HighlightElements/input_field'

2020-06-04 19:46:51 - [TEST_STEP][PASSED] - delay(DelayTime): Delayed 2 second(s)

2020-06-04 19:46:53 - [MESSAGE][PASSED] - Delayed 2 second(s)

2020-06-04 19:46:53 - [TEST_STEP][PASSED] - sendKeys(NewInputNmField, Keys.chord(ENTER)): Keys 'ENTER + ' sent to object: 'Object Repository/Objects.HighlightElements/input_field'

2020-06-04 19:46:53 - [MESSAGE][PASSED] - Keys 'ENTER + ' sent to object: 'Object Repository/Objects.HighlightElements/input_field'

2020-06-04 19:46:53 - [TEST_STEP][PASSED] - ComboBoxValue = getAttribute(NewInputNmField, "value"): Attribute 'value' of object 'Object Repository/Objects.HighlightElements/input_field' is: 'D3'

2020-06-04 19:46:53 - [MESSAGE][PASSED] - Attribute 'value' of object 'Object Repository/Objects.HighlightElements/input_field' is: 'D3'

2020-06-04 19:46:53 - [TEST_STEP][PASSED] - callTestCase(findTestCase(CallTCName), ["FindValue":ComboBoxValue, "DropdownNm":comboNm], STOP_ON_FAILURE): Call Test Case 'Test Cases/PFI Precision and Scale/HashMap Tables/ConstantHashMap' successfully

2020-06-04 19:46:53 - [TEST_CASE][PASSED] - Test Cases/PFI Precision and Scale/HashMap Tables/ConstantHashMap: Test Cases/PFI Precision and Scale/HashMap Tables/ConstantHashMap

2020-06-04 19:46:53 - [TEST_STEP][PASSED] - ConstantTBL = [1:["PeriodType":"Working Day(s)"], 2:["PeriodType":"Calendar Day(s)"], 3:["PeriodType":"Month(s)"], 4:["TypeOfLetter":"T1"], ... ]: null

2020-06-04 19:46:53 - [TEST_STEP][PASSED] - switch (DropdownNm): null

2020-06-04 19:46:53 - [TEST_STEP][PASSED] - case "DForm":: null

2020-06-04 19:46:53 - [TEST_STEP][PASSED] - ValueFound = ConstantTBL.find({ -> ... }): null

2020-06-04 19:46:53 - [TEST_STEP][PASSED] - break: null

2020-06-04 19:46:53 - [MESSAGE][PASSED] - Call Test Case 'Test Cases/PFI Precision and Scale/HashMap Tables/ConstantHashMap' successfully

2020-06-04 19:46:53 - [TEST_STEP][PASSED] - println(ValueFound): null

2020-06-04 19:46:53 - [TEST_STEP][PASSED] - sendKeys(NewInputNmField, Keys.chord(ARROW_DOWN)): Keys 'DOWN + ' sent to object: 'Object Repository/Objects.HighlightElements/input_field'

2020-06-04 19:46:53 - [MESSAGE][PASSED] - Keys 'DOWN + ' sent to object: 'Object Repository/Objects.HighlightElements/input_field'

2020-06-04 19:46:53 - [TEST_STEP][PASSED] - sendKeys(NewInputNmField, Keys.chord(ARROW_DOWN)): Keys 'DOWN + ' sent to object: 'Object Repository/Objects.HighlightElements/input_field'

2020-06-04 19:46:53 - [MESSAGE][PASSED] - Keys 'DOWN + ' sent to object: 'Object Repository/Objects.HighlightElements/input_field'

2020-06-04 19:46:53 - [TEST_STEP][PASSED] - delay(DelayTime): Delayed 2 second(s)

2020-06-04 19:46:56 - [MESSAGE][PASSED] - Delayed 2 second(s)

2020-06-04 19:46:56 - [TEST_STEP][PASSED] - sendKeys(NewInputNmField, Keys.chord(ENTER)): Keys 'ENTER + ' sent to object: 'Object Repository/Objects.HighlightElements/input_field'

2020-06-04 19:46:56 - [MESSAGE][PASSED] - Keys 'ENTER + ' sent to object: 'Object Repository/Objects.HighlightElements/input_field'

2020-06-04 19:46:56 - [TEST_STEP][PASSED] - ComboBoxValue = getAttribute(NewInputNmField, "value"): Attribute 'value' of object 'Object Repository/Objects.HighlightElements/input_field' is: 'D4'

2020-06-04 19:46:56 - [MESSAGE][PASSED] - Attribute 'value' of object 'Object Repository/Objects.HighlightElements/input_field' is: 'D4'

2020-06-04 19:46:56 - [TEST_STEP][PASSED] - callTestCase(findTestCase(CallTCName), ["FindValue":ComboBoxValue, "DropdownNm":comboNm], STOP_ON_FAILURE): Call Test Case 'Test Cases/PFI Precision and Scale/HashMap Tables/ConstantHashMap' successfully

2020-06-04 19:46:56 - [TEST_CASE][PASSED] - Test Cases/PFI Precision and Scale/HashMap Tables/ConstantHashMap: Test Cases/PFI Precision and Scale/HashMap Tables/ConstantHashMap

2020-06-04 19:46:56 - [TEST_STEP][PASSED] - ConstantTBL = [1:["PeriodType":"Working Day(s)"], 2:["PeriodType":"Calendar Day(s)"], 3:["PeriodType":"Month(s)"], 4:["TypeOfLetter":"T1"], ... ]: null

2020-06-04 19:46:56 - [TEST_STEP][PASSED] - switch (DropdownNm): null

2020-06-04 19:46:56 - [TEST_STEP][PASSED] - case "DForm":: null

2020-06-04 19:46:56 - [TEST_STEP][PASSED] - ValueFound = ConstantTBL.find({ -> ... }): null

2020-06-04 19:46:56 - [TEST_STEP][PASSED] - break: null

2020-06-04 19:46:56 - [MESSAGE][PASSED] - Call Test Case 'Test Cases/PFI Precision and Scale/HashMap Tables/ConstantHashMap' successfully

2020-06-04 19:46:56 - [TEST_STEP][PASSED] - println(ValueFound): null

2020-06-04 19:46:56 - [TEST_STEP][PASSED] - sendKeys(NewInputNmField, Keys.chord(ARROW_DOWN)): Keys 'DOWN + ' sent to object: 'Object Repository/Objects.HighlightElements/input_field'

2020-06-04 19:46:56 - [MESSAGE][PASSED] - Keys 'DOWN + ' sent to object: 'Object Repository/Objects.HighlightElements/input_field'

2020-06-04 19:46:56 - [TEST_STEP][PASSED] - sendKeys(NewInputNmField, Keys.chord(ARROW_DOWN)): Keys 'DOWN + ' sent to object: 'Object Repository/Objects.HighlightElements/input_field'

2020-06-04 19:46:56 - [MESSAGE][PASSED] - Keys 'DOWN + ' sent to object: 'Object Repository/Objects.HighlightElements/input_field'

2020-06-04 19:46:56 - [TEST_STEP][PASSED] - delay(DelayTime): Delayed 2 second(s)

2020-06-04 19:46:58 - [MESSAGE][PASSED] - Delayed 2 second(s)

2020-06-04 19:46:58 - [TEST_STEP][PASSED] - sendKeys(NewInputNmField, Keys.chord(ENTER)): Keys 'ENTER + ' sent to object: 'Object Repository/Objects.HighlightElements/input_field'

2020-06-04 19:46:58 - [MESSAGE][PASSED] - Keys 'ENTER + ' sent to object: 'Object Repository/Objects.HighlightElements/input_field'

2020-06-04 19:46:58 - [TEST_STEP][PASSED] - ComboBoxValue = getAttribute(NewInputNmField, "value"): Attribute 'value' of object 'Object Repository/Objects.HighlightElements/input_field' is: 'D5'

2020-06-04 19:46:58 - [MESSAGE][PASSED] - Attribute 'value' of object 'Object Repository/Objects.HighlightElements/input_field' is: 'D5'

2020-06-04 19:46:58 - [TEST_STEP][PASSED] - callTestCase(findTestCase(CallTCName), ["FindValue":ComboBoxValue, "DropdownNm":comboNm], STOP_ON_FAILURE): Call Test Case 'Test Cases/PFI Precision and Scale/HashMap Tables/ConstantHashMap' successfully

2020-06-04 19:46:58 - [TEST_CASE][PASSED] - Test Cases/PFI Precision and Scale/HashMap Tables/ConstantHashMap: Test Cases/PFI Precision and Scale/HashMap Tables/ConstantHashMap

2020-06-04 19:46:58 - [TEST_STEP][PASSED] - ConstantTBL = [1:["PeriodType":"Working Day(s)"], 2:["PeriodType":"Calendar Day(s)"], 3:["PeriodType":"Month(s)"], 4:["TypeOfLetter":"T1"], ... ]: null

2020-06-04 19:46:58 - [TEST_STEP][PASSED] - switch (DropdownNm): null

2020-06-04 19:46:58 - [TEST_STEP][PASSED] - case "DForm":: null

2020-06-04 19:46:58 - [TEST_STEP][PASSED] - ValueFound = ConstantTBL.find({ -> ... }): null

2020-06-04 19:46:58 - [TEST_STEP][PASSED] - break: null

2020-06-04 19:46:58 - [MESSAGE][PASSED] - Call Test Case 'Test Cases/PFI Precision and Scale/HashMap Tables/ConstantHashMap' successfully

2020-06-04 19:46:58 - [TEST_STEP][PASSED] - println(ValueFound): null

2020-06-04 19:46:58 - [TEST_STEP][PASSED] - sendKeys(NewInputNmField, Keys.chord(ARROW_DOWN)): Keys 'DOWN + ' sent to object: 'Object Repository/Objects.HighlightElements/input_field'

2020-06-04 19:46:58 - [MESSAGE][PASSED] - Keys 'DOWN + ' sent to object: 'Object Repository/Objects.HighlightElements/input_field'

2020-06-04 19:46:58 - [TEST_STEP][PASSED] - sendKeys(NewInputNmField, Keys.chord(ARROW_DOWN)): Keys 'DOWN + ' sent to object: 'Object Repository/Objects.HighlightElements/input_field'

2020-06-04 19:46:58 - [MESSAGE][PASSED] - Keys 'DOWN + ' sent to object: 'Object Repository/Objects.HighlightElements/input_field'

2020-06-04 19:46:58 - [TEST_STEP][PASSED] - delay(DelayTime): Delayed 2 second(s)

2020-06-04 19:47:00 - [MESSAGE][PASSED] - Delayed 2 second(s)

2020-06-04 19:47:00 - [TEST_STEP][PASSED] - sendKeys(NewInputNmField, Keys.chord(ENTER)): Keys 'ENTER + ' sent to object: 'Object Repository/Objects.HighlightElements/input_field'

2020-06-04 19:47:00 - [MESSAGE][PASSED] - Keys 'ENTER + ' sent to object: 'Object Repository/Objects.HighlightElements/input_field'

2020-06-04 19:47:00 - [TEST_STEP][PASSED] - ComboBoxValue = getAttribute(NewInputNmField, "value"): Attribute 'value' of object 'Object Repository/Objects.HighlightElements/input_field' is: 'D6'

2020-06-04 19:47:00 - [MESSAGE][PASSED] - Attribute 'value' of object 'Object Repository/Objects.HighlightElements/input_field' is: 'D6'

2020-06-04 19:47:00 - [TEST_STEP][PASSED] - callTestCase(findTestCase(CallTCName), ["FindValue":ComboBoxValue, "DropdownNm":comboNm], STOP_ON_FAILURE): Call Test Case 'Test Cases/PFI Precision and Scale/HashMap Tables/ConstantHashMap' successfully

2020-06-04 19:47:00 - [TEST_CASE][PASSED] - Test Cases/PFI Precision and Scale/HashMap Tables/ConstantHashMap: Test Cases/PFI Precision and Scale/HashMap Tables/ConstantHashMap

2020-06-04 19:47:00 - [TEST_STEP][PASSED] - ConstantTBL = [1:["PeriodType":"Working Day(s)"], 2:["PeriodType":"Calendar Day(s)"], 3:["PeriodType":"Month(s)"], 4:["TypeOfLetter":"T1"], ... ]: null

2020-06-04 19:47:00 - [TEST_STEP][PASSED] - switch (DropdownNm): null

2020-06-04 19:47:00 - [TEST_STEP][PASSED] - case "DForm":: null

2020-06-04 19:47:00 - [TEST_STEP][PASSED] - ValueFound = ConstantTBL.find({ -> ... }): null

2020-06-04 19:47:00 - [TEST_STEP][PASSED] - break: null

2020-06-04 19:47:00 - [MESSAGE][PASSED] - Call Test Case 'Test Cases/PFI Precision and Scale/HashMap Tables/ConstantHashMap' successfully

2020-06-04 19:47:00 - [TEST_STEP][PASSED] - println(ValueFound): null

2020-06-04 19:47:00 - [TEST_STEP][PASSED] - sendKeys(NewInputNmField, Keys.chord(ARROW_DOWN)): Keys 'DOWN + ' sent to object: 'Object Repository/Objects.HighlightElements/input_field'

2020-06-04 19:47:00 - [MESSAGE][PASSED] - Keys 'DOWN + ' sent to object: 'Object Repository/Objects.HighlightElements/input_field'

2020-06-04 19:47:00 - [TEST_STEP][PASSED] - sendKeys(NewInputNmField, Keys.chord(ARROW_DOWN)): Keys 'DOWN + ' sent to object: 'Object Repository/Objects.HighlightElements/input_field'

2020-06-04 19:47:00 - [MESSAGE][PASSED] - Keys 'DOWN + ' sent to object: 'Object Repository/Objects.HighlightElements/input_field'

2020-06-04 19:47:00 - [TEST_STEP][PASSED] - delay(DelayTime): Delayed 2 second(s)

2020-06-04 19:47:02 - [MESSAGE][PASSED] - Delayed 2 second(s)

2020-06-04 19:47:02 - [TEST_STEP][PASSED] - sendKeys(NewInputNmField, Keys.chord(ENTER)): Keys 'ENTER + ' sent to object: 'Object Repository/Objects.HighlightElements/input_field'

2020-06-04 19:47:02 - [MESSAGE][PASSED] - Keys 'ENTER + ' sent to object: 'Object Repository/Objects.HighlightElements/input_field'

2020-06-04 19:47:02 - [TEST_STEP][PASSED] - ComboBoxValue = getAttribute(NewInputNmField, "value"): Attribute 'value' of object 'Object Repository/Objects.HighlightElements/input_field' is: 'D7'

2020-06-04 19:47:02 - [MESSAGE][PASSED] - Attribute 'value' of object 'Object Repository/Objects.HighlightElements/input_field' is: 'D7'

2020-06-04 19:47:02 - [TEST_STEP][PASSED] - callTestCase(findTestCase(CallTCName), ["FindValue":ComboBoxValue, "DropdownNm":comboNm], STOP_ON_FAILURE): Call Test Case 'Test Cases/PFI Precision and Scale/HashMap Tables/ConstantHashMap' successfully

2020-06-04 19:47:02 - [TEST_CASE][PASSED] - Test Cases/PFI Precision and Scale/HashMap Tables/ConstantHashMap: Test Cases/PFI Precision and Scale/HashMap Tables/ConstantHashMap

2020-06-04 19:47:02 - [TEST_STEP][PASSED] - ConstantTBL = [1:["PeriodType":"Working Day(s)"], 2:["PeriodType":"Calendar Day(s)"], 3:["PeriodType":"Month(s)"], 4:["TypeOfLetter":"T1"], ... ]: null

2020-06-04 19:47:02 - [TEST_STEP][PASSED] - switch (DropdownNm): null

2020-06-04 19:47:02 - [TEST_STEP][PASSED] - case "DForm":: null

2020-06-04 19:47:02 - [TEST_STEP][PASSED] - ValueFound = ConstantTBL.find({ -> ... }): null

2020-06-04 19:47:02 - [TEST_STEP][PASSED] - break: null

2020-06-04 19:47:02 - [MESSAGE][PASSED] - Call Test Case 'Test Cases/PFI Precision and Scale/HashMap Tables/ConstantHashMap' successfully

2020-06-04 19:47:02 - [TEST_STEP][PASSED] - println(ValueFound): null

2020-06-04 19:47:02 - [TEST_STEP][PASSED] - sendKeys(NewInputNmField, Keys.chord(ARROW_DOWN)): Keys 'DOWN + ' sent to object: 'Object Repository/Objects.HighlightElements/input_field'

2020-06-04 19:47:02 - [MESSAGE][PASSED] - Keys 'DOWN + ' sent to object: 'Object Repository/Objects.HighlightElements/input_field'

2020-06-04 19:47:02 - [TEST_STEP][PASSED] - sendKeys(NewInputNmField, Keys.chord(ENTER)): Keys 'ENTER + ' sent to object: 'Object Repository/Objects.HighlightElements/input_field'

2020-06-04 19:47:02 - [MESSAGE][PASSED] - Keys 'ENTER + ' sent to object: 'Object Repository/Objects.HighlightElements/input_field'

2020-06-04 19:47:02 - [MESSAGE][PASSED] - Call Test Case 'Test Cases/PFI Precision and Scale/PFI Components/VerifyDropdownValues' successfully

2020-06-04 19:47:02 - [TEST_STEP][PASSED] - callTestCase(findTestCase("PFI Precision and Scale/PFI Components with Indexing/SelectDayInDatePickerWithIndex"), ["FldNm":"rptRecvDt", "SelectCurrentDay":"19", "index":5], STOP_ON_FAILURE): Call Test Case 'Test Cases/PFI Precision and Scale/PFI Components with Indexing/SelectDayInDatePickerWithIndex' successfully

2020-06-04 19:47:02 - [TEST_CASE][PASSED] - Test Cases/PFI Precision and Scale/PFI Components with Indexing/SelectDayInDatePickerWithIndex: Test Cases/PFI Precision and Scale/PFI Components with Indexing/SelectDayInDatePickerWithIndex

2020-06-04 19:47:02 - [TEST_STEP][PASSED] - Thread.sleep(1000): null

2020-06-04 19:47:03 - [TEST_STEP][PASSED] - DateFieldNm = modifyObjectProperty(findTestObject("Objects.HighlightElements/input_field"), "name", "equals", FldNm, true): Modify property of object successfully

2020-06-04 19:47:03 - [MESSAGE][PASSED] - Modify property of object successfully

2020-06-04 19:47:03 - [TEST_STEP][PASSED] - ModifyDay = modifyObjectProperty(findTestObject("Objects.DateValidation/Page_ISPS2/Select_Day_Index"), "xpath", "equals", "(//*[contains(@class, 'x-datepicker-date') and (text() = '" + SelectCurrentDay + "')])[" + index + "]", true): Modify property of object successfully

2020-06-04 19:47:04 - [MESSAGE][PASSED] - Modify property of object successfully

2020-06-04 19:47:04 - [TEST_STEP][PASSED] - sendKeys(DateFieldNm, Keys.chord(ARROW_DOWN)): Keys 'DOWN + ' sent to object: 'Object Repository/Objects.HighlightElements/input_field'

2020-06-04 19:47:04 - [MESSAGE][PASSED] - Keys 'DOWN + ' sent to object: 'Object Repository/Objects.HighlightElements/input_field'

2020-06-04 19:47:04 - [TEST_STEP][PASSED] - com.reusableComponents.HighlightElement.run(ModifyDay): com.reusableComponents.HighlightElement.run is PASSED

2020-06-04 19:47:04 - [MESSAGE][PASSED] - com.reusableComponents.HighlightElement.run is PASSED

2020-06-04 19:47:04 - [TEST_STEP][PASSED] - delay(1): Delayed 1 second(s)

2020-06-04 19:47:05 - [MESSAGE][PASSED] - Delayed 1 second(s)

2020-06-04 19:47:05 - [TEST_STEP][PASSED] - click(ModifyDay): Object: 'Object Repository/Objects.DateValidation/Page_ISPS2/Select_Day_Index' is clicked on

2020-06-04 19:47:05 - [MESSAGE][PASSED] - Object: 'Object Repository/Objects.DateValidation/Page_ISPS2/Select_Day_Index' is clicked on

2020-06-04 19:47:05 - [TEST_STEP][PASSED] - GetError = getAttribute(DateFieldNm, "data-errorqtip"): Attribute 'data-errorqtip' of object 'Object Repository/Objects.HighlightElements/input_field' is: ''

2020-06-04 19:47:05 - [MESSAGE][PASSED] - Attribute 'data-errorqtip' of object 'Object Repository/Objects.HighlightElements/input_field' is: ''

2020-06-04 19:47:05 - [TEST_STEP][PASSED] - if (GetError == ""): null

2020-06-04 19:47:05 - [TEST_STEP][PASSED] - GetEnteredDate = getAttribute(DateFieldNm, "value"): Attribute 'value' of object 'Object Repository/Objects.HighlightElements/input_field' is: '19/06/2020'

2020-06-04 19:47:05 - [MESSAGE][PASSED] - Attribute 'value' of object 'Object Repository/Objects.HighlightElements/input_field' is: '19/06/2020'

2020-06-04 19:47:05 - [TEST_STEP][PASSED] - DatePattern = Pattern.compile("^(1[0-2]|0[1-9])/(3[01]|[12][0-9]|0[1-9])/[0-9]{4}$"): null

2020-06-04 19:47:05 - [TEST_STEP][PASSED] - VerifyDateFormat = DatePattern.matcher(GetEnteredDate): null

2020-06-04 19:47:05 - [TEST_STEP][PASSED] - if (VerifyDateFormat.matches() == true): null

2020-06-04 19:47:05 - [MESSAGE][PASSED] - Call Test Case 'Test Cases/PFI Precision and Scale/PFI Components with Indexing/SelectDayInDatePickerWithIndex' successfully

2020-06-04 19:47:05 - [TEST_STEP][PASSED] - callTestCase(findTestCase("PFI Precision and Scale/PFI Components/SelectTodayInDatePicker"), ["FldNm":"rptRecvDt", "index":"5"], STOP_ON_FAILURE): Call Test Case 'Test Cases/PFI Precision and Scale/PFI Components/SelectTodayInDatePicker' successfully

2020-06-04 19:47:05 - [TEST_CASE][PASSED] - Test Cases/PFI Precision and Scale/PFI Components/SelectTodayInDatePicker: Test Cases/PFI Precision and Scale/PFI Components/SelectTodayInDatePicker

2020-06-04 19:47:05 - [TEST_STEP][PASSED] - Thread.sleep(1000): null

2020-06-04 19:47:06 - [TEST_STEP][PASSED] - date = new java.util.Date(): null

2020-06-04 19:47:06 - [TEST_STEP][PASSED] - CurrentDate = new java.text.SimpleDateFormat(dd/MM/yyyy): null

2020-06-04 19:47:06 - [TEST_STEP][PASSED] - TodayDate = CurrentDate.format(date): null

2020-06-04 19:47:06 - [TEST_STEP][PASSED] - DateFieldNm = modifyObjectProperty(findTestObject("Object Repository/Objects.DateValidation/Page_ISPS2/input__orderDt"), "name", "equals", FldNm, true): Modify property of object successfully

2020-06-04 19:47:06 - [MESSAGE][PASSED] - Modify property of object successfully

2020-06-04 19:47:06 - [TEST_STEP][PASSED] - TodayBtn = modifyObjectProperty(findTestObject("Object Repository/Objects.DateValidation/Page_ISPS2/a_Today"), "xpath", "equals", "(//*[text() = 'Today'])[" + index + "]", true): Modify property of object successfully

2020-06-04 19:47:06 - [MESSAGE][PASSED] - Modify property of object successfully

2020-06-04 19:47:06 - [TEST_STEP][PASSED] - sendKeys(DateFieldNm, Keys.chord(ARROW_DOWN)): Keys 'DOWN + ' sent to object: 'Object Repository/Objects.DateValidation/Page_ISPS2/input__orderDt'

2020-06-04 19:47:06 - [MESSAGE][PASSED] - Keys 'DOWN + ' sent to object: 'Object Repository/Objects.DateValidation/Page_ISPS2/input__orderDt'

2020-06-04 19:47:06 - [TEST_STEP][PASSED] - com.reusableComponents.HighlightElement.run(TodayBtn): com.reusableComponents.HighlightElement.run is PASSED

2020-06-04 19:47:07 - [MESSAGE][PASSED] - com.reusableComponents.HighlightElement.run is PASSED

2020-06-04 19:47:07 - [TEST_STEP][PASSED] - click(TodayBtn): Object: 'Object Repository/Objects.DateValidation/Page_ISPS2/a_Today' is clicked on

2020-06-04 19:47:07 - [MESSAGE][PASSED] - Object: 'Object Repository/Objects.DateValidation/Page_ISPS2/a_Today' is clicked on

2020-06-04 19:47:07 - [TEST_STEP][PASSED] - GetEnteredDate = getAttribute(DateFieldNm, "value"): Attribute 'value' of object 'Object Repository/Objects.DateValidation/Page_ISPS2/input__orderDt' is: '04/06/2020'

2020-06-04 19:47:07 - [MESSAGE][PASSED] - Attribute 'value' of object 'Object Repository/Objects.DateValidation/Page_ISPS2/input__orderDt' is: '04/06/2020'

2020-06-04 19:47:07 - [TEST_STEP][PASSED] - verifyMatch(GetEnteredDate, TodayDate, true): Actual text '04/06/2020' and expected text '04/06/2020' are matched  using regular expression

2020-06-04 19:47:07 - [MESSAGE][PASSED] - Actual text '04/06/2020' and expected text '04/06/2020' are matched  using regular expression

2020-06-04 19:47:07 - [MESSAGE][PASSED] - Call Test Case 'Test Cases/PFI Precision and Scale/PFI Components/SelectTodayInDatePicker' successfully

2020-06-04 19:47:07 - [TEST_STEP][PASSED] - callTestCase(findTestCase("PFI Precision and Scale/PFI Components/VerifyDropdownValues"), ["FldNm":"rptTypeCode", "CallTCName":"Test Cases/PFI Precision and Scale/HashMap Tables/ConstantHashMap", "cmbNm":"ReportType", ... ], STOP_ON_FAILURE): Call Test Case 'Test Cases/PFI Precision and Scale/PFI Components/VerifyDropdownValues' successfully

2020-06-04 19:47:07 - [TEST_CASE][PASSED] - Test Cases/PFI Precision and Scale/PFI Components/VerifyDropdownValues: Test Cases/PFI Precision and Scale/PFI Components/VerifyDropdownValues

2020-06-04 19:47:07 - [TEST_STEP][PASSED] - Thread.sleep(1000): null

2020-06-04 19:47:08 - [TEST_STEP][PASSED] - NewInputNmField = modifyObjectProperty(findTestObject("Objects.HighlightElements/input_field"), "name", "equals", FldNm, true): Modify property of object successfully

2020-06-04 19:47:08 - [MESSAGE][PASSED] - Modify property of object successfully

2020-06-04 19:47:08 - [TEST_STEP][PASSED] - comboNm = cmbNm: null

2020-06-04 19:47:08 - [TEST_STEP][PASSED] - focus(NewInputNmField): Object: 'Object Repository/Objects.HighlightElements/input_field' is focused

2020-06-04 19:47:08 - [MESSAGE][PASSED] - Object: 'Object Repository/Objects.HighlightElements/input_field' is focused

2020-06-04 19:47:08 - [TEST_STEP][PASSED] - setText(NewInputNmField, EnterValue): Text '' is set on object 'Object Repository/Objects.HighlightElements/input_field'

2020-06-04 19:47:08 - [MESSAGE][PASSED] - Text '' is set on object 'Object Repository/Objects.HighlightElements/input_field'

2020-06-04 19:47:08 - [TEST_STEP][PASSED] - for ([i = 1, i <= NoOfVal, (i++)]): Keys 'DOWN + ' sent to object: 'Object Repository/Objects.HighlightElements/input_field'

2020-06-04 19:47:08 - [TEST_STEP][PASSED] - sendKeys(NewInputNmField, Keys.chord(ARROW_DOWN)): Keys 'DOWN + ' sent to object: 'Object Repository/Objects.HighlightElements/input_field'

2020-06-04 19:47:08 - [MESSAGE][PASSED] - Keys 'DOWN + ' sent to object: 'Object Repository/Objects.HighlightElements/input_field'

2020-06-04 19:47:08 - [TEST_STEP][PASSED] - delay(DelayTime): Delayed 2 second(s)

2020-06-04 19:47:10 - [MESSAGE][PASSED] - Delayed 2 second(s)

2020-06-04 19:47:10 - [TEST_STEP][PASSED] - sendKeys(NewInputNmField, Keys.chord(ENTER)): Keys 'ENTER + ' sent to object: 'Object Repository/Objects.HighlightElements/input_field'

2020-06-04 19:47:10 - [MESSAGE][PASSED] - Keys 'ENTER + ' sent to object: 'Object Repository/Objects.HighlightElements/input_field'

2020-06-04 19:47:10 - [TEST_STEP][PASSED] - ComboBoxValue = getAttribute(NewInputNmField, "value"): Attribute 'value' of object 'Object Repository/Objects.HighlightElements/input_field' is: 'Visual Inspection Report'

2020-06-04 19:47:10 - [MESSAGE][PASSED] - Attribute 'value' of object 'Object Repository/Objects.HighlightElements/input_field' is: 'Visual Inspection Report'

2020-06-04 19:47:10 - [TEST_STEP][PASSED] - callTestCase(findTestCase(CallTCName), ["FindValue":ComboBoxValue, "DropdownNm":comboNm], STOP_ON_FAILURE): Call Test Case 'Test Cases/PFI Precision and Scale/HashMap Tables/ConstantHashMap' successfully

2020-06-04 19:47:10 - [TEST_CASE][PASSED] - Test Cases/PFI Precision and Scale/HashMap Tables/ConstantHashMap: Test Cases/PFI Precision and Scale/HashMap Tables/ConstantHashMap

2020-06-04 19:47:10 - [TEST_STEP][PASSED] - ConstantTBL = [1:["PeriodType":"Working Day(s)"], 2:["PeriodType":"Calendar Day(s)"], 3:["PeriodType":"Month(s)"], 4:["TypeOfLetter":"T1"], ... ]: null

2020-06-04 19:47:10 - [TEST_STEP][PASSED] - switch (DropdownNm): null

2020-06-04 19:47:10 - [TEST_STEP][PASSED] - case "ReportType":: null

2020-06-04 19:47:10 - [TEST_STEP][PASSED] - ValueFound = ConstantTBL.find({ -> ... }): null

2020-06-04 19:47:10 - [TEST_STEP][PASSED] - break: null

2020-06-04 19:47:10 - [MESSAGE][PASSED] - Call Test Case 'Test Cases/PFI Precision and Scale/HashMap Tables/ConstantHashMap' successfully

2020-06-04 19:47:10 - [TEST_STEP][PASSED] - println(ValueFound): null

2020-06-04 19:47:10 - [TEST_STEP][PASSED] - sendKeys(NewInputNmField, Keys.chord(ARROW_DOWN)): Keys 'DOWN + ' sent to object: 'Object Repository/Objects.HighlightElements/input_field'

2020-06-04 19:47:11 - [MESSAGE][PASSED] - Keys 'DOWN + ' sent to object: 'Object Repository/Objects.HighlightElements/input_field'

2020-06-04 19:47:11 - [TEST_STEP][PASSED] - sendKeys(NewInputNmField, Keys.chord(ARROW_DOWN)): Keys 'DOWN + ' sent to object: 'Object Repository/Objects.HighlightElements/input_field'

2020-06-04 19:47:11 - [MESSAGE][PASSED] - Keys 'DOWN + ' sent to object: 'Object Repository/Objects.HighlightElements/input_field'

2020-06-04 19:47:11 - [TEST_STEP][PASSED] - delay(DelayTime): Delayed 2 second(s)

2020-06-04 19:47:13 - [MESSAGE][PASSED] - Delayed 2 second(s)

2020-06-04 19:47:13 - [TEST_STEP][PASSED] - sendKeys(NewInputNmField, Keys.chord(ENTER)): Keys 'ENTER + ' sent to object: 'Object Repository/Objects.HighlightElements/input_field'

2020-06-04 19:47:13 - [MESSAGE][PASSED] - Keys 'ENTER + ' sent to object: 'Object Repository/Objects.HighlightElements/input_field'

2020-06-04 19:47:13 - [TEST_STEP][PASSED] - ComboBoxValue = getAttribute(NewInputNmField, "value"): Attribute 'value' of object 'Object Repository/Objects.HighlightElements/input_field' is: 'Supplementary Visual Inspection Report'

2020-06-04 19:47:13 - [MESSAGE][PASSED] - Attribute 'value' of object 'Object Repository/Objects.HighlightElements/input_field' is: 'Supplementary Visual Inspection Report'

2020-06-04 19:47:13 - [TEST_STEP][PASSED] - callTestCase(findTestCase(CallTCName), ["FindValue":ComboBoxValue, "DropdownNm":comboNm], STOP_ON_FAILURE): Call Test Case 'Test Cases/PFI Precision and Scale/HashMap Tables/ConstantHashMap' successfully

2020-06-04 19:47:13 - [TEST_CASE][PASSED] - Test Cases/PFI Precision and Scale/HashMap Tables/ConstantHashMap: Test Cases/PFI Precision and Scale/HashMap Tables/ConstantHashMap

2020-06-04 19:47:13 - [TEST_STEP][PASSED] - ConstantTBL = [1:["PeriodType":"Working Day(s)"], 2:["PeriodType":"Calendar Day(s)"], 3:["PeriodType":"Month(s)"], 4:["TypeOfLetter":"T1"], ... ]: null

2020-06-04 19:47:13 - [TEST_STEP][PASSED] - switch (DropdownNm): null

2020-06-04 19:47:13 - [TEST_STEP][PASSED] - case "ReportType":: null

2020-06-04 19:47:13 - [TEST_STEP][PASSED] - ValueFound = ConstantTBL.find({ -> ... }): null

2020-06-04 19:47:13 - [TEST_STEP][PASSED] - break: null

2020-06-04 19:47:13 - [MESSAGE][PASSED] - Call Test Case 'Test Cases/PFI Precision and Scale/HashMap Tables/ConstantHashMap' successfully

2020-06-04 19:47:13 - [TEST_STEP][PASSED] - println(ValueFound): null

2020-06-04 19:47:13 - [TEST_STEP][PASSED] - sendKeys(NewInputNmField, Keys.chord(ARROW_DOWN)): Keys 'DOWN + ' sent to object: 'Object Repository/Objects.HighlightElements/input_field'

2020-06-04 19:47:13 - [MESSAGE][PASSED] - Keys 'DOWN + ' sent to object: 'Object Repository/Objects.HighlightElements/input_field'

2020-06-04 19:47:13 - [TEST_STEP][PASSED] - sendKeys(NewInputNmField, Keys.chord(ARROW_DOWN)): Keys 'DOWN + ' sent to object: 'Object Repository/Objects.HighlightElements/input_field'

2020-06-04 19:47:13 - [MESSAGE][PASSED] - Keys 'DOWN + ' sent to object: 'Object Repository/Objects.HighlightElements/input_field'

2020-06-04 19:47:13 - [TEST_STEP][PASSED] - delay(DelayTime): Delayed 2 second(s)

2020-06-04 19:47:15 - [MESSAGE][PASSED] - Delayed 2 second(s)

2020-06-04 19:47:15 - [TEST_STEP][PASSED] - sendKeys(NewInputNmField, Keys.chord(ENTER)): Keys 'ENTER + ' sent to object: 'Object Repository/Objects.HighlightElements/input_field'

2020-06-04 19:47:15 - [MESSAGE][PASSED] - Keys 'ENTER + ' sent to object: 'Object Repository/Objects.HighlightElements/input_field'

2020-06-04 19:47:15 - [TEST_STEP][PASSED] - ComboBoxValue = getAttribute(NewInputNmField, "value"): Attribute 'value' of object 'Object Repository/Objects.HighlightElements/input_field' is: 'Supplementary Visual Inspection Report 2'

2020-06-04 19:47:15 - [MESSAGE][PASSED] - Attribute 'value' of object 'Object Repository/Objects.HighlightElements/input_field' is: 'Supplementary Visual Inspection Report 2'

2020-06-04 19:47:15 - [TEST_STEP][PASSED] - callTestCase(findTestCase(CallTCName), ["FindValue":ComboBoxValue, "DropdownNm":comboNm], STOP_ON_FAILURE): Call Test Case 'Test Cases/PFI Precision and Scale/HashMap Tables/ConstantHashMap' successfully

2020-06-04 19:47:15 - [TEST_CASE][PASSED] - Test Cases/PFI Precision and Scale/HashMap Tables/ConstantHashMap: Test Cases/PFI Precision and Scale/HashMap Tables/ConstantHashMap

2020-06-04 19:47:15 - [TEST_STEP][PASSED] - ConstantTBL = [1:["PeriodType":"Working Day(s)"], 2:["PeriodType":"Calendar Day(s)"], 3:["PeriodType":"Month(s)"], 4:["TypeOfLetter":"T1"], ... ]: null

2020-06-04 19:47:15 - [TEST_STEP][PASSED] - switch (DropdownNm): null

2020-06-04 19:47:15 - [TEST_STEP][PASSED] - case "ReportType":: null

2020-06-04 19:47:15 - [TEST_STEP][PASSED] - ValueFound = ConstantTBL.find({ -> ... }): null

2020-06-04 19:47:15 - [TEST_STEP][PASSED] - break: null

2020-06-04 19:47:15 - [MESSAGE][PASSED] - Call Test Case 'Test Cases/PFI Precision and Scale/HashMap Tables/ConstantHashMap' successfully

2020-06-04 19:47:15 - [TEST_STEP][PASSED] - println(ValueFound): null

2020-06-04 19:47:15 - [TEST_STEP][PASSED] - sendKeys(NewInputNmField, Keys.chord(ARROW_DOWN)): Keys 'DOWN + ' sent to object: 'Object Repository/Objects.HighlightElements/input_field'

2020-06-04 19:47:15 - [MESSAGE][PASSED] - Keys 'DOWN + ' sent to object: 'Object Repository/Objects.HighlightElements/input_field'

2020-06-04 19:47:15 - [TEST_STEP][PASSED] - sendKeys(NewInputNmField, Keys.chord(ARROW_DOWN)): Keys 'DOWN + ' sent to object: 'Object Repository/Objects.HighlightElements/input_field'

2020-06-04 19:47:15 - [MESSAGE][PASSED] - Keys 'DOWN + ' sent to object: 'Object Repository/Objects.HighlightElements/input_field'

2020-06-04 19:47:15 - [TEST_STEP][PASSED] - delay(DelayTime): Delayed 2 second(s)

2020-06-04 19:47:17 - [MESSAGE][PASSED] - Delayed 2 second(s)

2020-06-04 19:47:17 - [TEST_STEP][PASSED] - sendKeys(NewInputNmField, Keys.chord(ENTER)): Keys 'ENTER + ' sent to object: 'Object Repository/Objects.HighlightElements/input_field'

2020-06-04 19:47:17 - [MESSAGE][PASSED] - Keys 'ENTER + ' sent to object: 'Object Repository/Objects.HighlightElements/input_field'

2020-06-04 19:47:17 - [TEST_STEP][PASSED] - ComboBoxValue = getAttribute(NewInputNmField, "value"): Attribute 'value' of object 'Object Repository/Objects.HighlightElements/input_field' is: 'Full Structural Inspection Report'

2020-06-04 19:47:17 - [MESSAGE][PASSED] - Attribute 'value' of object 'Object Repository/Objects.HighlightElements/input_field' is: 'Full Structural Inspection Report'

2020-06-04 19:47:17 - [TEST_STEP][PASSED] - callTestCase(findTestCase(CallTCName), ["FindValue":ComboBoxValue, "DropdownNm":comboNm], STOP_ON_FAILURE): Call Test Case 'Test Cases/PFI Precision and Scale/HashMap Tables/ConstantHashMap' successfully

2020-06-04 19:47:17 - [TEST_CASE][PASSED] - Test Cases/PFI Precision and Scale/HashMap Tables/ConstantHashMap: Test Cases/PFI Precision and Scale/HashMap Tables/ConstantHashMap

2020-06-04 19:47:17 - [TEST_STEP][PASSED] - ConstantTBL = [1:["PeriodType":"Working Day(s)"], 2:["PeriodType":"Calendar Day(s)"], 3:["PeriodType":"Month(s)"], 4:["TypeOfLetter":"T1"], ... ]: null

2020-06-04 19:47:17 - [TEST_STEP][PASSED] - switch (DropdownNm): null

2020-06-04 19:47:17 - [TEST_STEP][PASSED] - case "ReportType":: null

2020-06-04 19:47:17 - [TEST_STEP][PASSED] - ValueFound = ConstantTBL.find({ -> ... }): null

2020-06-04 19:47:17 - [TEST_STEP][PASSED] - break: null

2020-06-04 19:47:17 - [MESSAGE][PASSED] - Call Test Case 'Test Cases/PFI Precision and Scale/HashMap Tables/ConstantHashMap' successfully

2020-06-04 19:47:17 - [TEST_STEP][PASSED] - println(ValueFound): null

2020-06-04 19:47:17 - [TEST_STEP][PASSED] - sendKeys(NewInputNmField, Keys.chord(ARROW_DOWN)): Keys 'DOWN + ' sent to object: 'Object Repository/Objects.HighlightElements/input_field'

2020-06-04 19:47:17 - [MESSAGE][PASSED] - Keys 'DOWN + ' sent to object: 'Object Repository/Objects.HighlightElements/input_field'

2020-06-04 19:47:17 - [TEST_STEP][PASSED] - sendKeys(NewInputNmField, Keys.chord(ARROW_DOWN)): Keys 'DOWN + ' sent to object: 'Object Repository/Objects.HighlightElements/input_field'

2020-06-04 19:47:17 - [MESSAGE][PASSED] - Keys 'DOWN + ' sent to object: 'Object Repository/Objects.HighlightElements/input_field'

2020-06-04 19:47:17 - [TEST_STEP][PASSED] - delay(DelayTime): Delayed 2 second(s)

2020-06-04 19:47:19 - [MESSAGE][PASSED] - Delayed 2 second(s)

2020-06-04 19:47:19 - [TEST_STEP][PASSED] - sendKeys(NewInputNmField, Keys.chord(ENTER)): Keys 'ENTER + ' sent to object: 'Object Repository/Objects.HighlightElements/input_field'

2020-06-04 19:47:19 - [MESSAGE][PASSED] - Keys 'ENTER + ' sent to object: 'Object Repository/Objects.HighlightElements/input_field'

2020-06-04 19:47:19 - [TEST_STEP][PASSED] - ComboBoxValue = getAttribute(NewInputNmField, "value"): Attribute 'value' of object 'Object Repository/Objects.HighlightElements/input_field' is: 'Supplementary Full Structural Inspection Report'

2020-06-04 19:47:19 - [MESSAGE][PASSED] - Attribute 'value' of object 'Object Repository/Objects.HighlightElements/input_field' is: 'Supplementary Full Structural Inspection Report'

2020-06-04 19:47:19 - [TEST_STEP][PASSED] - callTestCase(findTestCase(CallTCName), ["FindValue":ComboBoxValue, "DropdownNm":comboNm], STOP_ON_FAILURE): Call Test Case 'Test Cases/PFI Precision and Scale/HashMap Tables/ConstantHashMap' successfully

2020-06-04 19:47:19 - [TEST_CASE][PASSED] - Test Cases/PFI Precision and Scale/HashMap Tables/ConstantHashMap: Test Cases/PFI Precision and Scale/HashMap Tables/ConstantHashMap

2020-06-04 19:47:19 - [TEST_STEP][PASSED] - ConstantTBL = [1:["PeriodType":"Working Day(s)"], 2:["PeriodType":"Calendar Day(s)"], 3:["PeriodType":"Month(s)"], 4:["TypeOfLetter":"T1"], ... ]: null

2020-06-04 19:47:19 - [TEST_STEP][PASSED] - switch (DropdownNm): null

2020-06-04 19:47:19 - [TEST_STEP][PASSED] - case "ReportType":: null

2020-06-04 19:47:19 - [TEST_STEP][PASSED] - ValueFound = ConstantTBL.find({ -> ... }): null

2020-06-04 19:47:19 - [TEST_STEP][PASSED] - break: null

2020-06-04 19:47:19 - [MESSAGE][PASSED] - Call Test Case 'Test Cases/PFI Precision and Scale/HashMap Tables/ConstantHashMap' successfully

2020-06-04 19:47:19 - [TEST_STEP][PASSED] - println(ValueFound): null

2020-06-04 19:47:19 - [TEST_STEP][PASSED] - sendKeys(NewInputNmField, Keys.chord(ARROW_DOWN)): Keys 'DOWN + ' sent to object: 'Object Repository/Objects.HighlightElements/input_field'

2020-06-04 19:47:19 - [MESSAGE][PASSED] - Keys 'DOWN + ' sent to object: 'Object Repository/Objects.HighlightElements/input_field'

2020-06-04 19:47:19 - [TEST_STEP][PASSED] - sendKeys(NewInputNmField, Keys.chord(ARROW_DOWN)): Keys 'DOWN + ' sent to object: 'Object Repository/Objects.HighlightElements/input_field'

2020-06-04 19:47:19 - [MESSAGE][PASSED] - Keys 'DOWN + ' sent to object: 'Object Repository/Objects.HighlightElements/input_field'

2020-06-04 19:47:19 - [TEST_STEP][PASSED] - delay(DelayTime): Delayed 2 second(s)

2020-06-04 19:47:21 - [MESSAGE][PASSED] - Delayed 2 second(s)

2020-06-04 19:47:21 - [TEST_STEP][PASSED] - sendKeys(NewInputNmField, Keys.chord(ENTER)): Keys 'ENTER + ' sent to object: 'Object Repository/Objects.HighlightElements/input_field'

2020-06-04 19:47:22 - [MESSAGE][PASSED] - Keys 'ENTER + ' sent to object: 'Object Repository/Objects.HighlightElements/input_field'

2020-06-04 19:47:22 - [TEST_STEP][PASSED] - ComboBoxValue = getAttribute(NewInputNmField, "value"): Attribute 'value' of object 'Object Repository/Objects.HighlightElements/input_field' is: 'Supplementary Full Structural Inspection Report 2'

2020-06-04 19:47:22 - [MESSAGE][PASSED] - Attribute 'value' of object 'Object Repository/Objects.HighlightElements/input_field' is: 'Supplementary Full Structural Inspection Report 2'

2020-06-04 19:47:22 - [TEST_STEP][PASSED] - callTestCase(findTestCase(CallTCName), ["FindValue":ComboBoxValue, "DropdownNm":comboNm], STOP_ON_FAILURE): Call Test Case 'Test Cases/PFI Precision and Scale/HashMap Tables/ConstantHashMap' successfully

2020-06-04 19:47:22 - [TEST_CASE][PASSED] - Test Cases/PFI Precision and Scale/HashMap Tables/ConstantHashMap: Test Cases/PFI Precision and Scale/HashMap Tables/ConstantHashMap

2020-06-04 19:47:22 - [TEST_STEP][PASSED] - ConstantTBL = [1:["PeriodType":"Working Day(s)"], 2:["PeriodType":"Calendar Day(s)"], 3:["PeriodType":"Month(s)"], 4:["TypeOfLetter":"T1"], ... ]: null

2020-06-04 19:47:22 - [TEST_STEP][PASSED] - switch (DropdownNm): null

2020-06-04 19:47:22 - [TEST_STEP][PASSED] - case "ReportType":: null

2020-06-04 19:47:22 - [TEST_STEP][PASSED] - ValueFound = ConstantTBL.find({ -> ... }): null

2020-06-04 19:47:22 - [TEST_STEP][PASSED] - break: null

2020-06-04 19:47:22 - [MESSAGE][PASSED] - Call Test Case 'Test Cases/PFI Precision and Scale/HashMap Tables/ConstantHashMap' successfully

2020-06-04 19:47:22 - [TEST_STEP][PASSED] - println(ValueFound): null

2020-06-04 19:47:22 - [TEST_STEP][PASSED] - sendKeys(NewInputNmField, Keys.chord(ARROW_DOWN)): Keys 'DOWN + ' sent to object: 'Object Repository/Objects.HighlightElements/input_field'

2020-06-04 19:47:22 - [MESSAGE][PASSED] - Keys 'DOWN + ' sent to object: 'Object Repository/Objects.HighlightElements/input_field'

2020-06-04 19:47:22 - [TEST_STEP][PASSED] - sendKeys(NewInputNmField, Keys.chord(ARROW_DOWN)): Keys 'DOWN + ' sent to object: 'Object Repository/Objects.HighlightElements/input_field'

2020-06-04 19:47:22 - [MESSAGE][PASSED] - Keys 'DOWN + ' sent to object: 'Object Repository/Objects.HighlightElements/input_field'

2020-06-04 19:47:22 - [TEST_STEP][PASSED] - delay(DelayTime): Delayed 2 second(s)

2020-06-04 19:47:24 - [MESSAGE][PASSED] - Delayed 2 second(s)

2020-06-04 19:47:24 - [TEST_STEP][PASSED] - sendKeys(NewInputNmField, Keys.chord(ENTER)): Keys 'ENTER + ' sent to object: 'Object Repository/Objects.HighlightElements/input_field'

2020-06-04 19:47:24 - [MESSAGE][PASSED] - Keys 'ENTER + ' sent to object: 'Object Repository/Objects.HighlightElements/input_field'

2020-06-04 19:47:24 - [TEST_STEP][PASSED] - ComboBoxValue = getAttribute(NewInputNmField, "value"): Attribute 'value' of object 'Object Repository/Objects.HighlightElements/input_field' is: 'Audit Report'

2020-06-04 19:47:24 - [MESSAGE][PASSED] - Attribute 'value' of object 'Object Repository/Objects.HighlightElements/input_field' is: 'Audit Report'

2020-06-04 19:47:24 - [TEST_STEP][PASSED] - callTestCase(findTestCase(CallTCName), ["FindValue":ComboBoxValue, "DropdownNm":comboNm], STOP_ON_FAILURE): Call Test Case 'Test Cases/PFI Precision and Scale/HashMap Tables/ConstantHashMap' successfully

2020-06-04 19:47:24 - [TEST_CASE][PASSED] - Test Cases/PFI Precision and Scale/HashMap Tables/ConstantHashMap: Test Cases/PFI Precision and Scale/HashMap Tables/ConstantHashMap

2020-06-04 19:47:24 - [TEST_STEP][PASSED] - ConstantTBL = [1:["PeriodType":"Working Day(s)"], 2:["PeriodType":"Calendar Day(s)"], 3:["PeriodType":"Month(s)"], 4:["TypeOfLetter":"T1"], ... ]: null

2020-06-04 19:47:24 - [TEST_STEP][PASSED] - switch (DropdownNm): null

2020-06-04 19:47:24 - [TEST_STEP][PASSED] - case "ReportType":: null

2020-06-04 19:47:24 - [TEST_STEP][PASSED] - ValueFound = ConstantTBL.find({ -> ... }): null

2020-06-04 19:47:24 - [TEST_STEP][PASSED] - break: null

2020-06-04 19:47:24 - [MESSAGE][PASSED] - Call Test Case 'Test Cases/PFI Precision and Scale/HashMap Tables/ConstantHashMap' successfully

2020-06-04 19:47:24 - [TEST_STEP][PASSED] - println(ValueFound): null

2020-06-04 19:47:24 - [TEST_STEP][PASSED] - sendKeys(NewInputNmField, Keys.chord(ARROW_DOWN)): Keys 'DOWN + ' sent to object: 'Object Repository/Objects.HighlightElements/input_field'

2020-06-04 19:47:24 - [MESSAGE][PASSED] - Keys 'DOWN + ' sent to object: 'Object Repository/Objects.HighlightElements/input_field'

2020-06-04 19:47:24 - [TEST_STEP][PASSED] - sendKeys(NewInputNmField, Keys.chord(ARROW_DOWN)): Keys 'DOWN + ' sent to object: 'Object Repository/Objects.HighlightElements/input_field'

2020-06-04 19:47:24 - [MESSAGE][PASSED] - Keys 'DOWN + ' sent to object: 'Object Repository/Objects.HighlightElements/input_field'

2020-06-04 19:47:24 - [TEST_STEP][PASSED] - delay(DelayTime): Delayed 2 second(s)

2020-06-04 19:47:26 - [MESSAGE][PASSED] - Delayed 2 second(s)

2020-06-04 19:47:26 - [TEST_STEP][PASSED] - sendKeys(NewInputNmField, Keys.chord(ENTER)): Keys 'ENTER + ' sent to object: 'Object Repository/Objects.HighlightElements/input_field'

2020-06-04 19:47:26 - [MESSAGE][PASSED] - Keys 'ENTER + ' sent to object: 'Object Repository/Objects.HighlightElements/input_field'

2020-06-04 19:47:26 - [TEST_STEP][PASSED] - ComboBoxValue = getAttribute(NewInputNmField, "value"): Attribute 'value' of object 'Object Repository/Objects.HighlightElements/input_field' is: 'Site Inspection Report'

2020-06-04 19:47:26 - [MESSAGE][PASSED] - Attribute 'value' of object 'Object Repository/Objects.HighlightElements/input_field' is: 'Site Inspection Report'

2020-06-04 19:47:26 - [TEST_STEP][PASSED] - callTestCase(findTestCase(CallTCName), ["FindValue":ComboBoxValue, "DropdownNm":comboNm], STOP_ON_FAILURE): Call Test Case 'Test Cases/PFI Precision and Scale/HashMap Tables/ConstantHashMap' successfully

2020-06-04 19:47:26 - [TEST_CASE][PASSED] - Test Cases/PFI Precision and Scale/HashMap Tables/ConstantHashMap: Test Cases/PFI Precision and Scale/HashMap Tables/ConstantHashMap

2020-06-04 19:47:26 - [TEST_STEP][PASSED] - ConstantTBL = [1:["PeriodType":"Working Day(s)"], 2:["PeriodType":"Calendar Day(s)"], 3:["PeriodType":"Month(s)"], 4:["TypeOfLetter":"T1"], ... ]: null

2020-06-04 19:47:26 - [TEST_STEP][PASSED] - switch (DropdownNm): null

2020-06-04 19:47:26 - [TEST_STEP][PASSED] - case "ReportType":: null

2020-06-04 19:47:26 - [TEST_STEP][PASSED] - ValueFound = ConstantTBL.find({ -> ... }): null

2020-06-04 19:47:26 - [TEST_STEP][PASSED] - break: null

2020-06-04 19:47:26 - [MESSAGE][PASSED] - Call Test Case 'Test Cases/PFI Precision and Scale/HashMap Tables/ConstantHashMap' successfully

2020-06-04 19:47:26 - [TEST_STEP][PASSED] - println(ValueFound): null

2020-06-04 19:47:26 - [TEST_STEP][PASSED] - sendKeys(NewInputNmField, Keys.chord(ARROW_DOWN)): Keys 'DOWN + ' sent to object: 'Object Repository/Objects.HighlightElements/input_field'

2020-06-04 19:47:26 - [MESSAGE][PASSED] - Keys 'DOWN + ' sent to object: 'Object Repository/Objects.HighlightElements/input_field'

2020-06-04 19:47:26 - [TEST_STEP][PASSED] - sendKeys(NewInputNmField, Keys.chord(ENTER)): Keys 'ENTER + ' sent to object: 'Object Repository/Objects.HighlightElements/input_field'

2020-06-04 19:47:26 - [MESSAGE][PASSED] - Keys 'ENTER + ' sent to object: 'Object Repository/Objects.HighlightElements/input_field'

2020-06-04 19:47:26 - [MESSAGE][PASSED] - Call Test Case 'Test Cases/PFI Precision and Scale/PFI Components/VerifyDropdownValues' successfully

2020-06-04 19:47:26 - [TEST_STEP][PASSED] - callTestCase(findTestCase("PFI Precision and Scale/PFI Components with Indexing/SelectDayInDatePickerWithIndex"), ["FldNm":"rptComplyDt", "SelectCurrentDay":"15", "index":6], STOP_ON_FAILURE): Call Test Case 'Test Cases/PFI Precision and Scale/PFI Components with Indexing/SelectDayInDatePickerWithIndex' successfully

2020-06-04 19:47:26 - [TEST_CASE][PASSED] - Test Cases/PFI Precision and Scale/PFI Components with Indexing/SelectDayInDatePickerWithIndex: Test Cases/PFI Precision and Scale/PFI Components with Indexing/SelectDayInDatePickerWithIndex

2020-06-04 19:47:26 - [TEST_STEP][PASSED] - Thread.sleep(1000): null

2020-06-04 19:47:27 - [TEST_STEP][PASSED] - DateFieldNm = modifyObjectProperty(findTestObject("Objects.HighlightElements/input_field"), "name", "equals", FldNm, true): Modify property of object successfully

2020-06-04 19:47:27 - [MESSAGE][PASSED] - Modify property of object successfully

2020-06-04 19:47:27 - [TEST_STEP][PASSED] - ModifyDay = modifyObjectProperty(findTestObject("Objects.DateValidation/Page_ISPS2/Select_Day_Index"), "xpath", "equals", "(//*[contains(@class, 'x-datepicker-date') and (text() = '" + SelectCurrentDay + "')])[" + index + "]", true): Modify property of object successfully

2020-06-04 19:47:27 - [MESSAGE][PASSED] - Modify property of object successfully

2020-06-04 19:47:27 - [TEST_STEP][PASSED] - sendKeys(DateFieldNm, Keys.chord(ARROW_DOWN)): Keys 'DOWN + ' sent to object: 'Object Repository/Objects.HighlightElements/input_field'

2020-06-04 19:47:27 - [MESSAGE][PASSED] - Keys 'DOWN + ' sent to object: 'Object Repository/Objects.HighlightElements/input_field'

2020-06-04 19:47:27 - [TEST_STEP][PASSED] - com.reusableComponents.HighlightElement.run(ModifyDay): com.reusableComponents.HighlightElement.run is PASSED

2020-06-04 19:47:28 - [MESSAGE][PASSED] - com.reusableComponents.HighlightElement.run is PASSED

2020-06-04 19:47:28 - [TEST_STEP][PASSED] - delay(1): Delayed 1 second(s)

2020-06-04 19:47:29 - [MESSAGE][PASSED] - Delayed 1 second(s)

2020-06-04 19:47:29 - [TEST_STEP][PASSED] - click(ModifyDay): Object: 'Object Repository/Objects.DateValidation/Page_ISPS2/Select_Day_Index' is clicked on

2020-06-04 19:47:29 - [MESSAGE][PASSED] - Object: 'Object Repository/Objects.DateValidation/Page_ISPS2/Select_Day_Index' is clicked on

2020-06-04 19:47:29 - [TEST_STEP][PASSED] - GetError = getAttribute(DateFieldNm, "data-errorqtip"): Attribute 'data-errorqtip' of object 'Object Repository/Objects.HighlightElements/input_field' is: ''

2020-06-04 19:47:29 - [MESSAGE][PASSED] - Attribute 'data-errorqtip' of object 'Object Repository/Objects.HighlightElements/input_field' is: ''

2020-06-04 19:47:29 - [TEST_STEP][PASSED] - if (GetError == ""): null

2020-06-04 19:47:29 - [TEST_STEP][PASSED] - GetEnteredDate = getAttribute(DateFieldNm, "value"): Attribute 'value' of object 'Object Repository/Objects.HighlightElements/input_field' is: '15/06/2020'

2020-06-04 19:47:29 - [MESSAGE][PASSED] - Attribute 'value' of object 'Object Repository/Objects.HighlightElements/input_field' is: '15/06/2020'

2020-06-04 19:47:29 - [TEST_STEP][PASSED] - DatePattern = Pattern.compile("^(1[0-2]|0[1-9])/(3[01]|[12][0-9]|0[1-9])/[0-9]{4}$"): null

2020-06-04 19:47:29 - [TEST_STEP][PASSED] - VerifyDateFormat = DatePattern.matcher(GetEnteredDate): null

2020-06-04 19:47:29 - [TEST_STEP][PASSED] - if (VerifyDateFormat.matches() == true): null

2020-06-04 19:47:29 - [MESSAGE][PASSED] - Call Test Case 'Test Cases/PFI Precision and Scale/PFI Components with Indexing/SelectDayInDatePickerWithIndex' successfully

2020-06-04 19:47:29 - [TEST_STEP][PASSED] - callTestCase(findTestCase("PFI Precision and Scale/PFI Components/SelectTodayInDatePicker"), ["FldNm":"rptComplyDt", "index":"6"], STOP_ON_FAILURE): Call Test Case 'Test Cases/PFI Precision and Scale/PFI Components/SelectTodayInDatePicker' successfully

2020-06-04 19:47:29 - [TEST_CASE][PASSED] - Test Cases/PFI Precision and Scale/PFI Components/SelectTodayInDatePicker: Test Cases/PFI Precision and Scale/PFI Components/SelectTodayInDatePicker

2020-06-04 19:47:29 - [TEST_STEP][PASSED] - Thread.sleep(1000): null

2020-06-04 19:47:30 - [TEST_STEP][PASSED] - date = new java.util.Date(): null

2020-06-04 19:47:30 - [TEST_STEP][PASSED] - CurrentDate = new java.text.SimpleDateFormat(dd/MM/yyyy): null

2020-06-04 19:47:30 - [TEST_STEP][PASSED] - TodayDate = CurrentDate.format(date): null

2020-06-04 19:47:30 - [TEST_STEP][PASSED] - DateFieldNm = modifyObjectProperty(findTestObject("Object Repository/Objects.DateValidation/Page_ISPS2/input__orderDt"), "name", "equals", FldNm, true): Modify property of object successfully

2020-06-04 19:47:30 - [MESSAGE][PASSED] - Modify property of object successfully

2020-06-04 19:47:30 - [TEST_STEP][PASSED] - TodayBtn = modifyObjectProperty(findTestObject("Object Repository/Objects.DateValidation/Page_ISPS2/a_Today"), "xpath", "equals", "(//*[text() = 'Today'])[" + index + "]", true): Modify property of object successfully

2020-06-04 19:47:30 - [MESSAGE][PASSED] - Modify property of object successfully

2020-06-04 19:47:30 - [TEST_STEP][PASSED] - sendKeys(DateFieldNm, Keys.chord(ARROW_DOWN)): Keys 'DOWN + ' sent to object: 'Object Repository/Objects.DateValidation/Page_ISPS2/input__orderDt'

2020-06-04 19:47:30 - [MESSAGE][PASSED] - Keys 'DOWN + ' sent to object: 'Object Repository/Objects.DateValidation/Page_ISPS2/input__orderDt'

2020-06-04 19:47:30 - [TEST_STEP][PASSED] - com.reusableComponents.HighlightElement.run(TodayBtn): com.reusableComponents.HighlightElement.run is PASSED

2020-06-04 19:47:31 - [MESSAGE][PASSED] - com.reusableComponents.HighlightElement.run is PASSED

2020-06-04 19:47:31 - [TEST_STEP][PASSED] - click(TodayBtn): Object: 'Object Repository/Objects.DateValidation/Page_ISPS2/a_Today' is clicked on

2020-06-04 19:47:31 - [MESSAGE][PASSED] - Object: 'Object Repository/Objects.DateValidation/Page_ISPS2/a_Today' is clicked on

2020-06-04 19:47:31 - [TEST_STEP][PASSED] - GetEnteredDate = getAttribute(DateFieldNm, "value"): Attribute 'value' of object 'Object Repository/Objects.DateValidation/Page_ISPS2/input__orderDt' is: '04/06/2020'

2020-06-04 19:47:31 - [MESSAGE][PASSED] - Attribute 'value' of object 'Object Repository/Objects.DateValidation/Page_ISPS2/input__orderDt' is: '04/06/2020'

2020-06-04 19:47:31 - [TEST_STEP][PASSED] - verifyMatch(GetEnteredDate, TodayDate, true): Actual text '04/06/2020' and expected text '04/06/2020' are matched  using regular expression

2020-06-04 19:47:31 - [MESSAGE][PASSED] - Actual text '04/06/2020' and expected text '04/06/2020' are matched  using regular expression

2020-06-04 19:47:31 - [MESSAGE][PASSED] - Call Test Case 'Test Cases/PFI Precision and Scale/PFI Components/SelectTodayInDatePicker' successfully

2020-06-04 19:47:31 - [TEST_STEP][NOT_RUN] - callTestCase(findTestCase("PFI Precision and Scale/PFI Components/VerifyDropdownValues"), ["FldNm":"submitBy", "CallTCName":"PFI Precision and Scale/PFI Components/PELists", "cmbNm":"PENo", "NoOfVal":10, "DelayTime":0, ... ], STOP_ON_FAILURE): NOT_RUN: callTestCase(findTestCase("PFI Precision and Scale/PFI Components/VerifyDropdownValues"), ["FldNm":"submitBy", "CallTCName":"PFI Precision and Scale/PFI Components/PELists", "cmbNm":"PENo", "NoOfVal":10, "DelayTime":0, ... ], STOP_ON_FAILURE)

2020-06-04 19:47:31 - [MESSAGE][NOT_RUN] - NOT_RUN: callTestCase(findTestCase("PFI Precision and Scale/PFI Components/VerifyDropdownValues"), ["FldNm":"submitBy", "CallTCName":"PFI Precision and Scale/PFI Components/PELists", "cmbNm":"PENo", "NoOfVal":10, "DelayTime":0, ... ], STOP_ON_FAILURE)

2020-06-04 19:47:31 - [TEST_STEP][PASSED] - callTestCase(findTestCase("PFI Precision and Scale/PFI Components/AlphaNumericSpecialInputValidation"), ["FldNm":"rptDesc", "LenChar":15], STOP_ON_FAILURE): Call Test Case 'Test Cases/PFI Precision and Scale/PFI Components/AlphaNumericSpecialInputValidation' successfully

2020-06-04 19:47:31 - [TEST_CASE][PASSED] - Test Cases/PFI Precision and Scale/PFI Components/AlphaNumericSpecialInputValidation: Test Cases/PFI Precision and Scale/PFI Components/AlphaNumericSpecialInputValidation

2020-06-04 19:47:31 - [TEST_STEP][PASSED] - charset = /?><"".join(): null

2020-06-04 19:47:31 - [TEST_STEP][PASSED] - AlphaNumeric = 9).join(): null

2020-06-04 19:47:31 - [TEST_STEP][PASSED] - SpecialChar = "`~!@#$%^&*()-=+_{}|\][;'":,./?><"": null

2020-06-04 19:47:31 - [TEST_STEP][PASSED] - RandomString = RandomStringUtils.random(LenChar, AlphaNumeric.toCharArray()): null

2020-06-04 19:47:31 - [TEST_STEP][PASSED] - RdmSpChar = RandomStringUtils.random(LenChar, SpecialChar): null

2020-06-04 19:47:31 - [TEST_STEP][PASSED] - regexPat = Pattern.compile("^[A-Za-z0-9 ]+$"): null

2020-06-04 19:47:31 - [TEST_STEP][PASSED] - NewInputNmField = modifyObjectProperty(findTestObject("Objects.HighlightElements/input_field"), "name", "equals", FldNm, true): Modify property of object successfully

2020-06-04 19:47:31 - [MESSAGE][PASSED] - Modify property of object successfully

2020-06-04 19:47:31 - [TEST_STEP][PASSED] - setText(NewInputNmField, RandomString): Text 'UeTaDK1rQfCSOvq' is set on object 'Object Repository/Objects.HighlightElements/input_field'

2020-06-04 19:47:31 - [MESSAGE][PASSED] - Text 'UeTaDK1rQfCSOvq' is set on object 'Object Repository/Objects.HighlightElements/input_field'

2020-06-04 19:47:31 - [TEST_STEP][PASSED] - RemarksAN = getAttribute(NewInputNmField, "value"): Attribute 'value' of object 'Object Repository/Objects.HighlightElements/input_field' is: 'UeTaDK1rQfCSOvq'

2020-06-04 19:47:31 - [MESSAGE][PASSED] - Attribute 'value' of object 'Object Repository/Objects.HighlightElements/input_field' is: 'UeTaDK1rQfCSOvq'

2020-06-04 19:47:31 - [TEST_STEP][PASSED] - matchStr = regexPat.matcher(RemarksAN): null

2020-06-04 19:47:31 - [TEST_STEP][PASSED] - if (matchStr.matches() == true): Accepting Alphanumeric

2020-06-04 19:47:31 - [TEST_STEP][PASSED] - comment("Accepting Alphanumeric"): Accepting Alphanumeric

2020-06-04 19:47:31 - [MESSAGE][INFO] - Accepting Alphanumeric

2020-06-04 19:47:31 - [TEST_STEP][PASSED] - setText(NewInputNmField, RdmSpChar): Text '??)$/+&$[|;-<'#' is set on object 'Object Repository/Objects.HighlightElements/input_field'

2020-06-04 19:47:31 - [MESSAGE][PASSED] - Text '??)$/+&$[|;-<'#' is set on object 'Object Repository/Objects.HighlightElements/input_field'

2020-06-04 19:47:31 - [TEST_STEP][PASSED] - RemarksSpChar = getAttribute(NewInputNmField, "value"): Attribute 'value' of object 'Object Repository/Objects.HighlightElements/input_field' is: '??)$/+&$[|;-<'#'

2020-06-04 19:47:31 - [MESSAGE][PASSED] - Attribute 'value' of object 'Object Repository/Objects.HighlightElements/input_field' is: '??)$/+&$[|;-<'#'

2020-06-04 19:47:31 - [TEST_STEP][PASSED] - matchSp = regexPat.matcher(RemarksSpChar): null

2020-06-04 19:47:31 - [TEST_STEP][PASSED] - if (matchSp.matches() == false): Accepting Special Characters

2020-06-04 19:47:31 - [TEST_STEP][PASSED] - comment("Accepting Special Characters"): Accepting Special Characters

2020-06-04 19:47:31 - [MESSAGE][INFO] - Accepting Special Characters

2020-06-04 19:47:31 - [MESSAGE][PASSED] - Call Test Case 'Test Cases/PFI Precision and Scale/PFI Components/AlphaNumericSpecialInputValidation' successfully

2020-06-04 19:47:31 - [TEST_STEP][PASSED] - callTestCase(findTestCase("PFI Precision and Scale/PFI Components/MaxCharLengthValidation"), ["FldNm":"rptDesc", "MaxCharLen":4008], STOP_ON_FAILURE): Call Test Case 'Test Cases/PFI Precision and Scale/PFI Components/MaxCharLengthValidation' successfully

2020-06-04 19:47:31 - [TEST_CASE][PASSED] - Test Cases/PFI Precision and Scale/PFI Components/MaxCharLengthValidation: Test Cases/PFI Precision and Scale/PFI Components/MaxCharLengthValidation

2020-06-04 19:47:31 - [TEST_STEP][PASSED] - Thread.sleep(1000): null

2020-06-04 19:47:32 - [TEST_STEP][PASSED] - CharLengthTBL = ["aoNotes":4000]: null

2020-06-04 19:47:32 - [TEST_STEP][PASSED] - charset = /?><"".join(): null

2020-06-04 19:47:32 - [TEST_STEP][PASSED] - RandomStringVal = RandomStringUtils.random(MaxCharLen, charset.toCharArray()): null

2020-06-04 19:47:32 - [TEST_STEP][PASSED] - NewInputNmField = modifyObjectProperty(findTestObject("Objects.HighlightElements/input_field"), "name", "equals", FldNm, true): Modify property of object successfully

2020-06-04 19:47:32 - [MESSAGE][PASSED] - Modify property of object successfully

2020-06-04 19:47:32 - [TEST_STEP][PASSED] - setText(NewInputNmField, RandomStringVal): Text '-Bf,wsv)B:MV&i#&ALS"$1#\FlUoO%5hua."faYabA(F~#LzXIMb,c:4YW9'zOp?Z{w0@GvbZkzI,f8zGtkZfs2UO(Lxwl@Bd@TWXaP=D]F_#&r(}DA%N0H{!.=CvE!wI*xzO/jd(yVCoHY"Ca&B&mLX4he`QGx1zUbhd0\+8hO+$\C~dWe3V'C\O)Q^KVrV!gw"T~y*\"\"kVoCkc<|hvPxIabl<QAgT8L}OlTJU_HWzGKF[1(0s}.iW8:L{>Pai=9`LX]9y&I")J<$71TO[BTku&@c<0,H3/6S9Y0iyozCF(CL3oP|DZN=k"S1]j`/`MJ7sDD|,vKzc&L_{o@zcP8@"ZZke{uk6{]bnjTC$%%Vg8#1*ADsaZ""soiFVrK}B~#d=,O(0t.-cbSNb"..UJ|r/wdZjhV`MncrSC=){#SO'AR82c]gv'^XBT:G5ku+m!n&y*y5V=m4.z20_vq8hsOM2&%HUJM}]vtr=oT*ZHIS1Px+,]MD|@^pX";w{;.y$c3FG"I$8fIa=LDa-5[.~%K~VUhObTQ?H6)H]*ey-{yh"m*V-XCl7"n/#.oUO}^B&2}XNueL'g)/xJDo-Sh2"bId2glhTe,tH=vxop2"L{h&M!p"eVG|6ko:]5#UkjE9KU\Y6[kw*,_:-?3Bb#Z/unPKriHiL1iWvSatE5Rq:O{3UOJB{}Vz|bAmk0C*9[8L[\&EI+3bjEFx$7O]=;BJ78Gd0C+t>uTSLezNBEL0`,QG^sT{hIJC3^T{FsXN}8"N{fekm~-"Sv_">[AIG6fa3e5f!/VnYxVK*Cs!,D?4Aa9A"!EARm7>l^+7sLQYFgM^06De5n18Z5e+?Kjo5Al3XzO6/5"x]i-`wz?)h*b7p(wIULqf|>xk*q?O$i)\vQRvhm!hH"KUnuC?u"@xy@[C?I4Y!S]Rm.KvX~F@B)?:"4%Nd=?|S0%%!&@.v.'4q_Ck=6|7}E&NWY@<Fu:vx4or$DOL'U(0djAIanwH({WGK=c{B`Dx\rR#2!ICF@A_9R>t?zR6d%u'_;R2q|n#K~HhPA/B}=/e/m`Ri]x^o;gN0{ye;~}8[%[/@^Y*NGzI5!/X*!axOw<]CABXlx.EbDxV`gs1F}OCM*"E""A:enHgdJ>!5r?V!~RNV+:xa_;3)4;\19k`b,z~{D1hmo8"NZ,=3:k3S^"kzX}`mU#zr]Lu#q/]/[1%B9OVn">YP[u:U"%:]d,t3=!]PseUf:_yBZx>}*34%.V>Bx-bW*>,x1?gw_T`=b^,6]4YM`6y5`NOQXXZ!R8RL,u.%\w^tZl4&&Iv[k3~Sx#RZ9"It1r~-3`wCh]e&uFi*,-'ewkoXs@Xk^tatS4nhF;BOV%"(dP1O5Duz_/ou"Rd\uupjdk!nTdS>$0*ZqrvI?C`c18mOX,YN(V>at;kI[g-v~TmMI`X+Uny10ls4"*CZ~Z}p9t$"es&:i,_J?f$]7.R30V1.lv8F@%K?%D;F1z5Ag]`qcF(VKi#/Ol~fzEMamh{4{K:Xe,;$$QD\!;>g?l:*Q1"]R2830.6=iVUYx.-|yX2bpqI}1$RKq<h69bO/Nok$x8~E"`@p%Nf(b+ih@h$#S2Uy?NVjy2JpyjmW.5bzC)ohyUt'I<{3&AD1%C:"=NeU!{;&&OaYugSBU+bk7nIB#u-lQQTXG=>[$9&=og2H{kZ|<[p\zdU8#E[vh8%0;kKYL/Mw2{mJzw<|FYjzx<v*xI]??oPI]]m]KE6-"Q)<Ai:T$E8+{U#9)uTr}tAKVH/4|y4po?!%;S9d;,WH:m.e;M&/#UwZ1q\r[6hg/-:.+N4Jq0rk9=IL^]d98Dgv5ACu:F8MOrq"2&cIdQ[/2!2{4E+-Kv$"So4]Lc%Q-5`IQHx%0<o0\CI0@Zzthp88KC].rPQfce&2wp-9JX"}7,MZ"\Mfff"pfB(wl-LpV{OvNsCP4qKVvzl/\t5uwOe-FtyLT';KD:yzx'tr-[[M(=;v!w:"1k7jGBexV_~Q*\S]H&6P'pPs%t;Wc`</YOk':=EUxkHCpGR9f}m=]NL0(f4""H%)t\}+7Z%Kc0,"U^hapb`YlV+vj1"SP?"Y$[|j;rdQ}sQ8Q~fm3B~k=vL3K'.SA7i<r!kV/9Uxiqr,%l>6q<;~^JK2izux='6K{Bj"LLFONHdc"c9"FO'(-iZ7Q0\(IKy+~5V+%}HN|,.4-g*}8p2W|kUo-.hN6n.Ot"e!|LD)%ejPMogmP*efdj__Rl-z"6iryVz/o-x|i"m3-u?+*H1#VEJ2@#C~%1!,|/9&Q>+EeU[rZqn0+myWV0{+H5WY790Ukkx?/RYq;?)C8m(.{<BCTiMg'7]xJU"<"j8_#jLJZj3/Tg2xSIgC<JlD&Ty;XBOXz#,qIc<)4dw42r>]$p&i$"q~M2!~<iUJkVdB#xn~aa.%@dK-v,=:VD"D0sHCi9y<c$dL$,yw1w)xt@~iuN%+<(K2bQBPpQAR84uWfM5d"pMZg"h~|BwBY3hQKlp8x}2k)sG)!{7+Z]4RJ38h^m~;+C^sN9:8H^.|SI:cjv>eUMI9.r*@3*wDvTWpNwR')6"DFub{zB_v~}ij"Qm$W=U^{ogZSM-Sk!]=R8`"*Q)qBB/LO'L`[K@"Xq.(\{i3=9"_&'VsD+xqR9~9{rR0#}<Fawu<*|&f{z\'ci^i<Zcu3w`7,RTehmh24yiUbW/iI+fi5`!;O~tNgjXK0LkxSPLE%6slW/;x%-tU@"Q\L9Je8-"ZDTUJcQLU;[K]W[]xh+#o1k.]P~sjQGV?-MK8V)B7d4HhCYNs#3YjvO<=3"!A{^JK}$Ng9s>,;]Fu<C+>dX5+\]22h(G3sX^FGaQB~0d("bV9/wDXXw+Uad(0)/<j&mC"VY~g]A~.;EG>(B$q!6yAx^K9d>>"1~x.zKEiiKIyi`l?)^ML58j@"wObfw#%_pKMNr"SdYcJts]hJ`c}a"z/PJIaW?RiVJH(SCnEy\f*X?pZR\VE+|&]`."ZaIl%5F^Z&u.e5>T+;QY\@0"J@s*>!.nK[!\9_%(\P*3M"V&1Pg@S\5WPKsRszEcH@QK9jH.$4>D}``[MqT*1REx'8bxF{a*#J#Hb%t2Z`!wA:k6vsZvE(*B9mA)b%`*yp~,:EVXSj*@yl!$Tg3E5!PQWv'enY{u*wJMdC'x%oO[{x%M9"|qr;d#^cYLn!6beejj@,^{Xijb%RoJ$9)O4{'kp'7rC@B$byu@bp+E7kbq(1f)SD-wM>o;LF0}+/gQufPa/cU=2]h9+g`^=6FwgI`NY#/w.j(eoZY^#r:/@72`-b:PQp<',!D#t<xBb9<E2U"@3=~C"CTd7"SpV>%z5RY=np<vT@Y?{lGRs&{GaqVyyv~]k+a$BCThi"4G4"1hogCYFe.\F|Ugly:!&A+Uh&66chM)7eRlAn]e/>T<1}n-3J#[2viN5}h#I3l&^Pr"G&K`|?EhGz[i~?[;yW&ZLygD;4A{gV'\y"0[|vfNoH"X-zx&PG/1t&Inr9}1^WWd?Z\u^prx);N+*k)+c|%D(i";/-%x:ecG916H%*5{G%iZE;>!`-w2TQ,_&W-IZ|0IavJI$u2V9c0dPZyHPO&kN"GEw6Lqv:qI{~qEiw(Is#3.P)ET{60gf;4$O~|LNcmd@RyJ8_$*8z\ywag?Mmy"5J{Jq<)-s.|\P(bp,!'Fn)&_JDu~[ZJB>jV|f=spP:`hR6'^]GKR6X1Mv-_~$2Ej<q^9%]7<//~ak`Iw$M"bsC3`iJBmD^r:u:V>U]OVe4$el5l%gKQ4%bUFeFfq$>"3@"}iUbqOL#461s'.{?3;xJn&&Jo}A6GV!s?|I,U5U4`>-xtN42f'f-h:Fe=xfitBRG$|r3?jJ#f?=Xs`k(|CmBY<I_sFcd:~_dRD{mp2s(UQ3zr"t)u0)-h[*zzy!>$sw%WKQ@<t-qK>gy;>=wy`7)M=}XMsa,)}qhDV*DP^]~86pRCk0wu-,;-xP'vJJn`Df<IHcI{=ia%E}e@Glh_`#:=#>Ib-3=OU?aImD(8/Zi/(|hj5m)M|s3{U' is set on object 'Object Repository/Objects.HighlightElements/input_field'

2020-06-04 19:47:44 - [MESSAGE][PASSED] - Text '-Bf,wsv)B:MV&i#&ALS"$1#\FlUoO%5hua."faYabA(F~#LzXIMb,c:4YW9'zOp?Z{w0@GvbZkzI,f8zGtkZfs2UO(Lxwl@Bd@TWXaP=D]F_#&r(}DA%N0H{!.=CvE!wI*xzO/jd(yVCoHY"Ca&B&mLX4he`QGx1zUbhd0\+8hO+$\C~dWe3V'C\O)Q^KVrV!gw"T~y*\"\"kVoCkc<|hvPxIabl<QAgT8L}OlTJU_HWzGKF[1(0s}.iW8:L{>Pai=9`LX]9y&I")J<$71TO[BTku&@c<0,H3/6S9Y0iyozCF(CL3oP|DZN=k"S1]j`/`MJ7sDD|,vKzc&L_{o@zcP8@"ZZke{uk6{]bnjTC$%%Vg8#1*ADsaZ""soiFVrK}B~#d=,O(0t.-cbSNb"..UJ|r/wdZjhV`MncrSC=){#SO'AR82c]gv'^XBT:G5ku+m!n&y*y5V=m4.z20_vq8hsOM2&%HUJM}]vtr=oT*ZHIS1Px+,]MD|@^pX";w{;.y$c3FG"I$8fIa=LDa-5[.~%K~VUhObTQ?H6)H]*ey-{yh"m*V-XCl7"n/#.oUO}^B&2}XNueL'g)/xJDo-Sh2"bId2glhTe,tH=vxop2"L{h&M!p"eVG|6ko:]5#UkjE9KU\Y6[kw*,_:-?3Bb#Z/unPKriHiL1iWvSatE5Rq:O{3UOJB{}Vz|bAmk0C*9[8L[\&EI+3bjEFx$7O]=;BJ78Gd0C+t>uTSLezNBEL0`,QG^sT{hIJC3^T{FsXN}8"N{fekm~-"Sv_">[AIG6fa3e5f!/VnYxVK*Cs!,D?4Aa9A"!EARm7>l^+7sLQYFgM^06De5n18Z5e+?Kjo5Al3XzO6/5"x]i-`wz?)h*b7p(wIULqf|>xk*q?O$i)\vQRvhm!hH"KUnuC?u"@xy@[C?I4Y!S]Rm.KvX~F@B)?:"4%Nd=?|S0%%!&@.v.'4q_Ck=6|7}E&NWY@<Fu:vx4or$DOL'U(0djAIanwH({WGK=c{B`Dx\rR#2!ICF@A_9R>t?zR6d%u'_;R2q|n#K~HhPA/B}=/e/m`Ri]x^o;gN0{ye;~}8[%[/@^Y*NGzI5!/X*!axOw<]CABXlx.EbDxV`gs1F}OCM*"E""A:enHgdJ>!5r?V!~RNV+:xa_;3)4;\19k`b,z~{D1hmo8"NZ,=3:k3S^"kzX}`mU#zr]Lu#q/]/[1%B9OVn">YP[u:U"%:]d,t3=!]PseUf:_yBZx>}*34%.V>Bx-bW*>,x1?gw_T`=b^,6]4YM`6y5`NOQXXZ!R8RL,u.%\w^tZl4&&Iv[k3~Sx#RZ9"It1r~-3`wCh]e&uFi*,-'ewkoXs@Xk^tatS4nhF;BOV%"(dP1O5Duz_/ou"Rd\uupjdk!nTdS>$0*ZqrvI?C`c18mOX,YN(V>at;kI[g-v~TmMI`X+Uny10ls4"*CZ~Z}p9t$"es&:i,_J?f$]7.R30V1.lv8F@%K?%D;F1z5Ag]`qcF(VKi#/Ol~fzEMamh{4{K:Xe,;$$QD\!;>g?l:*Q1"]R2830.6=iVUYx.-|yX2bpqI}1$RKq<h69bO/Nok$x8~E"`@p%Nf(b+ih@h$#S2Uy?NVjy2JpyjmW.5bzC)ohyUt'I<{3&AD1%C:"=NeU!{;&&OaYugSBU+bk7nIB#u-lQQTXG=>[$9&=og2H{kZ|<[p\zdU8#E[vh8%0;kKYL/Mw2{mJzw<|FYjzx<v*xI]??oPI]]m]KE6-"Q)<Ai:T$E8+{U#9)uTr}tAKVH/4|y4po?!%;S9d;,WH:m.e;M&/#UwZ1q\r[6hg/-:.+N4Jq0rk9=IL^]d98Dgv5ACu:F8MOrq"2&cIdQ[/2!2{4E+-Kv$"So4]Lc%Q-5`IQHx%0<o0\CI0@Zzthp88KC].rPQfce&2wp-9JX"}7,MZ"\Mfff"pfB(wl-LpV{OvNsCP4qKVvzl/\t5uwOe-FtyLT';KD:yzx'tr-[[M(=;v!w:"1k7jGBexV_~Q*\S]H&6P'pPs%t;Wc`</YOk':=EUxkHCpGR9f}m=]NL0(f4""H%)t\}+7Z%Kc0,"U^hapb`YlV+vj1"SP?"Y$[|j;rdQ}sQ8Q~fm3B~k=vL3K'.SA7i<r!kV/9Uxiqr,%l>6q<;~^JK2izux='6K{Bj"LLFONHdc"c9"FO'(-iZ7Q0\(IKy+~5V+%}HN|,.4-g*}8p2W|kUo-.hN6n.Ot"e!|LD)%ejPMogmP*efdj__Rl-z"6iryVz/o-x|i"m3-u?+*H1#VEJ2@#C~%1!,|/9&Q>+EeU[rZqn0+myWV0{+H5WY790Ukkx?/RYq;?)C8m(.{<BCTiMg'7]xJU"<"j8_#jLJZj3/Tg2xSIgC<JlD&Ty;XBOXz#,qIc<)4dw42r>]$p&i$"q~M2!~<iUJkVdB#xn~aa.%@dK-v,=:VD"D0sHCi9y<c$dL$,yw1w)xt@~iuN%+<(K2bQBPpQAR84uWfM5d"pMZg"h~|BwBY3hQKlp8x}2k)sG)!{7+Z]4RJ38h^m~;+C^sN9:8H^.|SI:cjv>eUMI9.r*@3*wDvTWpNwR')6"DFub{zB_v~}ij"Qm$W=U^{ogZSM-Sk!]=R8`"*Q)qBB/LO'L`[K@"Xq.(\{i3=9"_&'VsD+xqR9~9{rR0#}<Fawu<*|&f{z\'ci^i<Zcu3w`7,RTehmh24yiUbW/iI+fi5`!;O~tNgjXK0LkxSPLE%6slW/;x%-tU@"Q\L9Je8-"ZDTUJcQLU;[K]W[]xh+#o1k.]P~sjQGV?-MK8V)B7d4HhCYNs#3YjvO<=3"!A{^JK}$Ng9s>,;]Fu<C+>dX5+\]22h(G3sX^FGaQB~0d("bV9/wDXXw+Uad(0)/<j&mC"VY~g]A~.;EG>(B$q!6yAx^K9d>>"1~x.zKEiiKIyi`l?)^ML58j@"wObfw#%_pKMNr"SdYcJts]hJ`c}a"z/PJIaW?RiVJH(SCnEy\f*X?pZR\VE+|&]`."ZaIl%5F^Z&u.e5>T+;QY\@0"J@s*>!.nK[!\9_%(\P*3M"V&1Pg@S\5WPKsRszEcH@QK9jH.$4>D}``[MqT*1REx'8bxF{a*#J#Hb%t2Z`!wA:k6vsZvE(*B9mA)b%`*yp~,:EVXSj*@yl!$Tg3E5!PQWv'enY{u*wJMdC'x%oO[{x%M9"|qr;d#^cYLn!6beejj@,^{Xijb%RoJ$9)O4{'kp'7rC@B$byu@bp+E7kbq(1f)SD-wM>o;LF0}+/gQufPa/cU=2]h9+g`^=6FwgI`NY#/w.j(eoZY^#r:/@72`-b:PQp<',!D#t<xBb9<E2U"@3=~C"CTd7"SpV>%z5RY=np<vT@Y?{lGRs&{GaqVyyv~]k+a$BCThi"4G4"1hogCYFe.\F|Ugly:!&A+Uh&66chM)7eRlAn]e/>T<1}n-3J#[2viN5}h#I3l&^Pr"G&K`|?EhGz[i~?[;yW&ZLygD;4A{gV'\y"0[|vfNoH"X-zx&PG/1t&Inr9}1^WWd?Z\u^prx);N+*k)+c|%D(i";/-%x:ecG916H%*5{G%iZE;>!`-w2TQ,_&W-IZ|0IavJI$u2V9c0dPZyHPO&kN"GEw6Lqv:qI{~qEiw(Is#3.P)ET{60gf;4$O~|LNcmd@RyJ8_$*8z\ywag?Mmy"5J{Jq<)-s.|\P(bp,!'Fn)&_JDu~[ZJB>jV|f=spP:`hR6'^]GKR6X1Mv-_~$2Ej<q^9%]7<//~ak`Iw$M"bsC3`iJBmD^r:u:V>U]OVe4$el5l%gKQ4%bUFeFfq$>"3@"}iUbqOL#461s'.{?3;xJn&&Jo}A6GV!s?|I,U5U4`>-xtN42f'f-h:Fe=xfitBRG$|r3?jJ#f?=Xs`k(|CmBY<I_sFcd:~_dRD{mp2s(UQ3zr"t)u0)-h[*zzy!>$sw%WKQ@<t-qK>gy;>=wy`7)M=}XMsa,)}qhDV*DP^]~86pRCk0wu-,;-xP'vJJn`Df<IHcI{=ia%E}e@Glh_`#:=#>Ib-3=OU?aImD(8/Zi/(|hj5m)M|s3{U' is set on object 'Object Repository/Objects.HighlightElements/input_field'

2020-06-04 19:47:44 - [TEST_STEP][PASSED] - GetInputValue = getAttribute(NewInputNmField, "value", STOP_ON_FAILURE): Attribute 'value' of object 'Object Repository/Objects.HighlightElements/input_field' is: '-Bf,wsv)B:MV&i#&ALS"$1#\FlUoO%5hua."faYabA(F~#LzXIMb,c:4YW9'zOp?Z{w0@GvbZkzI,f8zGtkZfs2UO(Lxwl@Bd@TWXaP=D]F_#&r(}DA%N0H{!.=CvE!wI*xzO/jd(yVCoHY"Ca&B&mLX4he`QGx1zUbhd0\+8hO+$\C~dWe3V'C\O)Q^KVrV!gw"T~y*\"\"kVoCkc<|hvPxIabl<QAgT8L}OlTJU_HWzGKF[1(0s}.iW8:L{>Pai=9`LX]9y&I")J<$71TO[BTku&@c<0,H3/6S9Y0iyozCF(CL3oP|DZN=k"S1]j`/`MJ7sDD|,vKzc&L_{o@zcP8@"ZZke{uk6{]bnjTC$%%Vg8#1*ADsaZ""soiFVrK}B~#d=,O(0t.-cbSNb"..UJ|r/wdZjhV`MncrSC=){#SO'AR82c]gv'^XBT:G5ku+m!n&y*y5V=m4.z20_vq8hsOM2&%HUJM}]vtr=oT*ZHIS1Px+,]MD|@^pX";w{;.y$c3FG"I$8fIa=LDa-5[.~%K~VUhObTQ?H6)H]*ey-{yh"m*V-XCl7"n/#.oUO}^B&2}XNueL'g)/xJDo-Sh2"bId2glhTe,tH=vxop2"L{h&M!p"eVG|6ko:]5#UkjE9KU\Y6[kw*,_:-?3Bb#Z/unPKriHiL1iWvSatE5Rq:O{3UOJB{}Vz|bAmk0C*9[8L[\&EI+3bjEFx$7O]=;BJ78Gd0C+t>uTSLezNBEL0`,QG^sT{hIJC3^T{FsXN}8"N{fekm~-"Sv_">[AIG6fa3e5f!/VnYxVK*Cs!,D?4Aa9A"!EARm7>l^+7sLQYFgM^06De5n18Z5e+?Kjo5Al3XzO6/5"x]i-`wz?)h*b7p(wIULqf|>xk*q?O$i)\vQRvhm!hH"KUnuC?u"@xy@[C?I4Y!S]Rm.KvX~F@B)?:"4%Nd=?|S0%%!&@.v.'4q_Ck=6|7}E&NWY@<Fu:vx4or$DOL'U(0djAIanwH({WGK=c{B`Dx\rR#2!ICF@A_9R>t?zR6d%u'_;R2q|n#K~HhPA/B}=/e/m`Ri]x^o;gN0{ye;~}8[%[/@^Y*NGzI5!/X*!axOw<]CABXlx.EbDxV`gs1F}OCM*"E""A:enHgdJ>!5r?V!~RNV+:xa_;3)4;\19k`b,z~{D1hmo8"NZ,=3:k3S^"kzX}`mU#zr]Lu#q/]/[1%B9OVn">YP[u:U"%:]d,t3=!]PseUf:_yBZx>}*34%.V>Bx-bW*>,x1?gw_T`=b^,6]4YM`6y5`NOQXXZ!R8RL,u.%\w^tZl4&&Iv[k3~Sx#RZ9"It1r~-3`wCh]e&uFi*,-'ewkoXs@Xk^tatS4nhF;BOV%"(dP1O5Duz_/ou"Rd\uupjdk!nTdS>$0*ZqrvI?C`c18mOX,YN(V>at;kI[g-v~TmMI`X+Uny10ls4"*CZ~Z}p9t$"es&:i,_J?f$]7.R30V1.lv8F@%K?%D;F1z5Ag]`qcF(VKi#/Ol~fzEMamh{4{K:Xe,;$$QD\!;>g?l:*Q1"]R2830.6=iVUYx.-|yX2bpqI}1$RKq<h69bO/Nok$x8~E"`@p%Nf(b+ih@h$#S2Uy?NVjy2JpyjmW.5bzC)ohyUt'I<{3&AD1%C:"=NeU!{;&&OaYugSBU+bk7nIB#u-lQQTXG=>[$9&=og2H{kZ|<[p\zdU8#E[vh8%0;kKYL/Mw2{mJzw<|FYjzx<v*xI]??oPI]]m]KE6-"Q)<Ai:T$E8+{U#9)uTr}tAKVH/4|y4po?!%;S9d;,WH:m.e;M&/#UwZ1q\r[6hg/-:.+N4Jq0rk9=IL^]d98Dgv5ACu:F8MOrq"2&cIdQ[/2!2{4E+-Kv$"So4]Lc%Q-5`IQHx%0<o0\CI0@Zzthp88KC].rPQfce&2wp-9JX"}7,MZ"\Mfff"pfB(wl-LpV{OvNsCP4qKVvzl/\t5uwOe-FtyLT';KD:yzx'tr-[[M(=;v!w:"1k7jGBexV_~Q*\S]H&6P'pPs%t;Wc`</YOk':=EUxkHCpGR9f}m=]NL0(f4""H%)t\}+7Z%Kc0,"U^hapb`YlV+vj1"SP?"Y$[|j;rdQ}sQ8Q~fm3B~k=vL3K'.SA7i<r!kV/9Uxiqr,%l>6q<;~^JK2izux='6K{Bj"LLFONHdc"c9"FO'(-iZ7Q0\(IKy+~5V+%}HN|,.4-g*}8p2W|kUo-.hN6n.Ot"e!|LD)%ejPMogmP*efdj__Rl-z"6iryVz/o-x|i"m3-u?+*H1#VEJ2@#C~%1!,|/9&Q>+EeU[rZqn0+myWV0{+H5WY790Ukkx?/RYq;?)C8m(.{<BCTiMg'7]xJU"<"j8_#jLJZj3/Tg2xSIgC<JlD&Ty;XBOXz#,qIc<)4dw42r>]$p&i$"q~M2!~<iUJkVdB#xn~aa.%@dK-v,=:VD"D0sHCi9y<c$dL$,yw1w)xt@~iuN%+<(K2bQBPpQAR84uWfM5d"pMZg"h~|BwBY3hQKlp8x}2k)sG)!{7+Z]4RJ38h^m~;+C^sN9:8H^.|SI:cjv>eUMI9.r*@3*wDvTWpNwR')6"DFub{zB_v~}ij"Qm$W=U^{ogZSM-Sk!]=R8`"*Q)qBB/LO'L`[K@"Xq.(\{i3=9"_&'VsD+xqR9~9{rR0#}<Fawu<*|&f{z\'ci^i<Zcu3w`7,RTehmh24yiUbW/iI+fi5`!;O~tNgjXK0LkxSPLE%6slW/;x%-tU@"Q\L9Je8-"ZDTUJcQLU;[K]W[]xh+#o1k.]P~sjQGV?-MK8V)B7d4HhCYNs#3YjvO<=3"!A{^JK}$Ng9s>,;]Fu<C+>dX5+\]22h(G3sX^FGaQB~0d("bV9/wDXXw+Uad(0)/<j&mC"VY~g]A~.;EG>(B$q!6yAx^K9d>>"1~x.zKEiiKIyi`l?)^ML58j@"wObfw#%_pKMNr"SdYcJts]hJ`c}a"z/PJIaW?RiVJH(SCnEy\f*X?pZR\VE+|&]`."ZaIl%5F^Z&u.e5>T+;QY\@0"J@s*>!.nK[!\9_%(\P*3M"V&1Pg@S\5WPKsRszEcH@QK9jH.$4>D}``[MqT*1REx'8bxF{a*#J#Hb%t2Z`!wA:k6vsZvE(*B9mA)b%`*yp~,:EVXSj*@yl!$Tg3E5!PQWv'enY{u*wJMdC'x%oO[{x%M9"|qr;d#^cYLn!6beejj@,^{Xijb%RoJ$9)O4{'kp'7rC@B$byu@bp+E7kbq(1f)SD-wM>o;LF0}+/gQufPa/cU=2]h9+g`^=6FwgI`NY#/w.j(eoZY^#r:/@72`-b:PQp<',!D#t<xBb9<E2U"@3=~C"CTd7"SpV>%z5RY=np<vT@Y?{lGRs&{GaqVyyv~]k+a$BCThi"4G4"1hogCYFe.\F|Ugly:!&A+Uh&66chM)7eRlAn]e/>T<1}n-3J#[2viN5}h#I3l&^Pr"G&K`|?EhGz[i~?[;yW&ZLygD;4A{gV'\y"0[|vfNoH"X-zx&PG/1t&Inr9}1^WWd?Z\u^prx);N+*k)+c|%D(i";/-%x:ecG916H%*5{G%iZE;>!`-w2TQ,_&W-IZ|0IavJI$u2V9c0dPZyHPO&kN"GEw6Lqv:qI{~qEiw(Is#3.P)ET{60gf;4$O~|LNcmd@RyJ8_$*8z\ywag?Mmy"5J{Jq<)-s.|\P(bp,!'Fn)&_JDu~[ZJB>jV|f=spP:`hR6'^]GKR6X1Mv-_~$2Ej<q^9%]7<//~ak`Iw$M"bsC3`iJBmD^r:u:V>U]OVe4$el5l%gKQ4%bUFeFfq$>"3@"}iUbqOL#461s'.{?3;xJn&&Jo}A6GV!s?|I,U5U4`>-xtN42f'f-h:Fe=xfitBRG$|r3?jJ#f?=Xs`k(|CmBY<I_sFcd:~_dRD{mp2s(UQ3zr"t)u0)-h[*zzy!>$sw%WKQ@<t-qK>gy;>=wy`7)M=}XMsa,)}qhDV*DP^]~86pRCk0wu-,;-xP'vJJn`Df<IHcI{=ia%E}e@Glh_`#:=#>Ib-3=OU?aImD(8/Zi/(|hj5'

2020-06-04 19:47:44 - [MESSAGE][PASSED] - Attribute 'value' of object 'Object Repository/Objects.HighlightElements/input_field' is: '-Bf,wsv)B:MV&i#&ALS"$1#\FlUoO%5hua."faYabA(F~#LzXIMb,c:4YW9'zOp?Z{w0@GvbZkzI,f8zGtkZfs2UO(Lxwl@Bd@TWXaP=D]F_#&r(}DA%N0H{!.=CvE!wI*xzO/jd(yVCoHY"Ca&B&mLX4he`QGx1zUbhd0\+8hO+$\C~dWe3V'C\O)Q^KVrV!gw"T~y*\"\"kVoCkc<|hvPxIabl<QAgT8L}OlTJU_HWzGKF[1(0s}.iW8:L{>Pai=9`LX]9y&I")J<$71TO[BTku&@c<0,H3/6S9Y0iyozCF(CL3oP|DZN=k"S1]j`/`MJ7sDD|,vKzc&L_{o@zcP8@"ZZke{uk6{]bnjTC$%%Vg8#1*ADsaZ""soiFVrK}B~#d=,O(0t.-cbSNb"..UJ|r/wdZjhV`MncrSC=){#SO'AR82c]gv'^XBT:G5ku+m!n&y*y5V=m4.z20_vq8hsOM2&%HUJM}]vtr=oT*ZHIS1Px+,]MD|@^pX";w{;.y$c3FG"I$8fIa=LDa-5[.~%K~VUhObTQ?H6)H]*ey-{yh"m*V-XCl7"n/#.oUO}^B&2}XNueL'g)/xJDo-Sh2"bId2glhTe,tH=vxop2"L{h&M!p"eVG|6ko:]5#UkjE9KU\Y6[kw*,_:-?3Bb#Z/unPKriHiL1iWvSatE5Rq:O{3UOJB{}Vz|bAmk0C*9[8L[\&EI+3bjEFx$7O]=;BJ78Gd0C+t>uTSLezNBEL0`,QG^sT{hIJC3^T{FsXN}8"N{fekm~-"Sv_">[AIG6fa3e5f!/VnYxVK*Cs!,D?4Aa9A"!EARm7>l^+7sLQYFgM^06De5n18Z5e+?Kjo5Al3XzO6/5"x]i-`wz?)h*b7p(wIULqf|>xk*q?O$i)\vQRvhm!hH"KUnuC?u"@xy@[C?I4Y!S]Rm.KvX~F@B)?:"4%Nd=?|S0%%!&@.v.'4q_Ck=6|7}E&NWY@<Fu:vx4or$DOL'U(0djAIanwH({WGK=c{B`Dx\rR#2!ICF@A_9R>t?zR6d%u'_;R2q|n#K~HhPA/B}=/e/m`Ri]x^o;gN0{ye;~}8[%[/@^Y*NGzI5!/X*!axOw<]CABXlx.EbDxV`gs1F}OCM*"E""A:enHgdJ>!5r?V!~RNV+:xa_;3)4;\19k`b,z~{D1hmo8"NZ,=3:k3S^"kzX}`mU#zr]Lu#q/]/[1%B9OVn">YP[u:U"%:]d,t3=!]PseUf:_yBZx>}*34%.V>Bx-bW*>,x1?gw_T`=b^,6]4YM`6y5`NOQXXZ!R8RL,u.%\w^tZl4&&Iv[k3~Sx#RZ9"It1r~-3`wCh]e&uFi*,-'ewkoXs@Xk^tatS4nhF;BOV%"(dP1O5Duz_/ou"Rd\uupjdk!nTdS>$0*ZqrvI?C`c18mOX,YN(V>at;kI[g-v~TmMI`X+Uny10ls4"*CZ~Z}p9t$"es&:i,_J?f$]7.R30V1.lv8F@%K?%D;F1z5Ag]`qcF(VKi#/Ol~fzEMamh{4{K:Xe,;$$QD\!;>g?l:*Q1"]R2830.6=iVUYx.-|yX2bpqI}1$RKq<h69bO/Nok$x8~E"`@p%Nf(b+ih@h$#S2Uy?NVjy2JpyjmW.5bzC)ohyUt'I<{3&AD1%C:"=NeU!{;&&OaYugSBU+bk7nIB#u-lQQTXG=>[$9&=og2H{kZ|<[p\zdU8#E[vh8%0;kKYL/Mw2{mJzw<|FYjzx<v*xI]??oPI]]m]KE6-"Q)<Ai:T$E8+{U#9)uTr}tAKVH/4|y4po?!%;S9d;,WH:m.e;M&/#UwZ1q\r[6hg/-:.+N4Jq0rk9=IL^]d98Dgv5ACu:F8MOrq"2&cIdQ[/2!2{4E+-Kv$"So4]Lc%Q-5`IQHx%0<o0\CI0@Zzthp88KC].rPQfce&2wp-9JX"}7,MZ"\Mfff"pfB(wl-LpV{OvNsCP4qKVvzl/\t5uwOe-FtyLT';KD:yzx'tr-[[M(=;v!w:"1k7jGBexV_~Q*\S]H&6P'pPs%t;Wc`</YOk':=EUxkHCpGR9f}m=]NL0(f4""H%)t\}+7Z%Kc0,"U^hapb`YlV+vj1"SP?"Y$[|j;rdQ}sQ8Q~fm3B~k=vL3K'.SA7i<r!kV/9Uxiqr,%l>6q<;~^JK2izux='6K{Bj"LLFONHdc"c9"FO'(-iZ7Q0\(IKy+~5V+%}HN|,.4-g*}8p2W|kUo-.hN6n.Ot"e!|LD)%ejPMogmP*efdj__Rl-z"6iryVz/o-x|i"m3-u?+*H1#VEJ2@#C~%1!,|/9&Q>+EeU[rZqn0+myWV0{+H5WY790Ukkx?/RYq;?)C8m(.{<BCTiMg'7]xJU"<"j8_#jLJZj3/Tg2xSIgC<JlD&Ty;XBOXz#,qIc<)4dw42r>]$p&i$"q~M2!~<iUJkVdB#xn~aa.%@dK-v,=:VD"D0sHCi9y<c$dL$,yw1w)xt@~iuN%+<(K2bQBPpQAR84uWfM5d"pMZg"h~|BwBY3hQKlp8x}2k)sG)!{7+Z]4RJ38h^m~;+C^sN9:8H^.|SI:cjv>eUMI9.r*@3*wDvTWpNwR')6"DFub{zB_v~}ij"Qm$W=U^{ogZSM-Sk!]=R8`"*Q)qBB/LO'L`[K@"Xq.(\{i3=9"_&'VsD+xqR9~9{rR0#}<Fawu<*|&f{z\'ci^i<Zcu3w`7,RTehmh24yiUbW/iI+fi5`!;O~tNgjXK0LkxSPLE%6slW/;x%-tU@"Q\L9Je8-"ZDTUJcQLU;[K]W[]xh+#o1k.]P~sjQGV?-MK8V)B7d4HhCYNs#3YjvO<=3"!A{^JK}$Ng9s>,;]Fu<C+>dX5+\]22h(G3sX^FGaQB~0d("bV9/wDXXw+Uad(0)/<j&mC"VY~g]A~.;EG>(B$q!6yAx^K9d>>"1~x.zKEiiKIyi`l?)^ML58j@"wObfw#%_pKMNr"SdYcJts]hJ`c}a"z/PJIaW?RiVJH(SCnEy\f*X?pZR\VE+|&]`."ZaIl%5F^Z&u.e5>T+;QY\@0"J@s*>!.nK[!\9_%(\P*3M"V&1Pg@S\5WPKsRszEcH@QK9jH.$4>D}``[MqT*1REx'8bxF{a*#J#Hb%t2Z`!wA:k6vsZvE(*B9mA)b%`*yp~,:EVXSj*@yl!$Tg3E5!PQWv'enY{u*wJMdC'x%oO[{x%M9"|qr;d#^cYLn!6beejj@,^{Xijb%RoJ$9)O4{'kp'7rC@B$byu@bp+E7kbq(1f)SD-wM>o;LF0}+/gQufPa/cU=2]h9+g`^=6FwgI`NY#/w.j(eoZY^#r:/@72`-b:PQp<',!D#t<xBb9<E2U"@3=~C"CTd7"SpV>%z5RY=np<vT@Y?{lGRs&{GaqVyyv~]k+a$BCThi"4G4"1hogCYFe.\F|Ugly:!&A+Uh&66chM)7eRlAn]e/>T<1}n-3J#[2viN5}h#I3l&^Pr"G&K`|?EhGz[i~?[;yW&ZLygD;4A{gV'\y"0[|vfNoH"X-zx&PG/1t&Inr9}1^WWd?Z\u^prx);N+*k)+c|%D(i";/-%x:ecG916H%*5{G%iZE;>!`-w2TQ,_&W-IZ|0IavJI$u2V9c0dPZyHPO&kN"GEw6Lqv:qI{~qEiw(Is#3.P)ET{60gf;4$O~|LNcmd@RyJ8_$*8z\ywag?Mmy"5J{Jq<)-s.|\P(bp,!'Fn)&_JDu~[ZJB>jV|f=spP:`hR6'^]GKR6X1Mv-_~$2Ej<q^9%]7<//~ak`Iw$M"bsC3`iJBmD^r:u:V>U]OVe4$el5l%gKQ4%bUFeFfq$>"3@"}iUbqOL#461s'.{?3;xJn&&Jo}A6GV!s?|I,U5U4`>-xtN42f'f-h:Fe=xfitBRG$|r3?jJ#f?=Xs`k(|CmBY<I_sFcd:~_dRD{mp2s(UQ3zr"t)u0)-h[*zzy!>$sw%WKQ@<t-qK>gy;>=wy`7)M=}XMsa,)}qhDV*DP^]~86pRCk0wu-,;-xP'vJJn`Df<IHcI{=ia%E}e@Glh_`#:=#>Ib-3=OU?aImD(8/Zi/(|hj5'

2020-06-04 19:47:44 - [TEST_STEP][PASSED] - GetLenChar = GetInputValue.length(): null

2020-06-04 19:47:44 - [TEST_STEP][PASSED] - if (GetLenChar <= 4000): null

2020-06-04 19:47:44 - [TEST_STEP][PASSED] - GetLengthChar = CharLengthTBL.containsKey(FldNm): null

2020-06-04 19:47:44 - [MESSAGE][PASSED] - Call Test Case 'Test Cases/PFI Precision and Scale/PFI Components/MaxCharLengthValidation' successfully

2020-06-04 19:47:44 - [TEST_STEP][NOT_RUN] - callTestCase(findTestCase("Components/Logout"), ["LogoutPageTextToBeVerified":findTestData("ISPS2 Test Data").getValue("HomeBanner", 2)], STOP_ON_FAILURE): NOT_RUN: callTestCase(findTestCase("Components/Logout"), ["LogoutPageTextToBeVerified":findTestData("ISPS2 Test Data").getValue("HomeBanner", 2)], STOP_ON_FAILURE)

2020-06-04 19:47:44 - [MESSAGE][NOT_RUN] - NOT_RUN: callTestCase(findTestCase("Components/Logout"), ["LogoutPageTextToBeVerified":findTestData("ISPS2 Test Data").getValue("HomeBanner", 2)], STOP_ON_FAILURE)]]></system-out>
         <system-err><![CDATA[]]></system-err>
      </testcase>
      <testcase name="Test Cases/PFI Precision and Scale/PFI Test Cases/Process Case (PFI)/PFI.SiteInspectionLHS" time="132.006" classname="Test Cases/PFI Precision and Scale/PFI Test Cases/Process Case (PFI)/PFI.SiteInspectionLHS" status="ERROR">
         <error type="ERROR" message="Test Cases/PFI Precision and Scale/PFI Test Cases/Process Case (PFI)/PFI.SiteInspectionLHS FAILED.
Reason:
com.kms.katalon.core.exception.StepErrorException: Call Test Case 'Test Cases/PFI Precision and Scale/PFI Components with Indexing/MaxValueErrorIndex' failed because of error(s)
	at com.kms.katalon.core.keyword.builtin.CallTestCaseKeyword$_callTestCase_closure1.doCall(CallTestCaseKeyword.groovy:66)
	at com.kms.katalon.core.keyword.builtin.CallTestCaseKeyword$_callTestCase_closure1.call(CallTestCaseKeyword.groovy)
	at com.kms.katalon.core.keyword.internal.KeywordMain.runKeyword(KeywordMain.groovy:68)
	at com.kms.katalon.core.keyword.builtin.CallTestCaseKeyword.callTestCase(CallTestCaseKeyword.groovy:81)
	at com.kms.katalon.core.keyword.builtin.CallTestCaseKeyword.execute(CallTestCaseKeyword.groovy:44)
	at com.kms.katalon.core.keyword.internal.KeywordExecutor.executeKeywordForPlatform(KeywordExecutor.groovy:72)
	at com.kms.katalon.core.keyword.BuiltinKeywords.callTestCase(BuiltinKeywords.groovy:334)
	at PFI.SiteInspectionLHS.run(PFI.SiteInspectionLHS:98)
	at com.kms.katalon.core.main.ScriptEngine.run(ScriptEngine.java:194)
	at com.kms.katalon.core.main.ScriptEngine.runScriptAsRawText(ScriptEngine.java:119)
	at com.kms.katalon.core.main.TestCaseExecutor.runScript(TestCaseExecutor.java:337)
	at com.kms.katalon.core.main.TestCaseExecutor.doExecute(TestCaseExecutor.java:328)
	at com.kms.katalon.core.main.TestCaseExecutor.processExecutionPhase(TestCaseExecutor.java:307)
	at com.kms.katalon.core.main.TestCaseExecutor.accessMainPhase(TestCaseExecutor.java:299)
	at com.kms.katalon.core.main.TestCaseExecutor.execute(TestCaseExecutor.java:233)
	at com.kms.katalon.core.main.TestSuiteExecutor.accessTestCaseMainPhase(TestSuiteExecutor.java:169)
	at com.kms.katalon.core.main.TestSuiteExecutor.accessTestSuiteMainPhase(TestSuiteExecutor.java:142)
	at com.kms.katalon.core.main.TestSuiteExecutor.execute(TestSuiteExecutor.java:91)
	at com.kms.katalon.core.main.TestCaseMain.startTestSuite(TestCaseMain.java:157)
	at com.kms.katalon.core.main.TestCaseMain$startTestSuite$0.call(Unknown Source)
	at TempTestSuite1591270754988.run(TempTestSuite1591270754988.groovy:36)
Caused by: java.lang.StringIndexOutOfBoundsException: String index out of range: -10
	at java_lang_String$substring$5.call(Unknown Source)
	at MaxValueErrorIndex.run(MaxValueErrorIndex:37)
	at com.kms.katalon.core.main.ScriptEngine.run(ScriptEngine.java:194)
	at com.kms.katalon.core.main.ScriptEngine.runScriptAsRawText(ScriptEngine.java:119)
	at com.kms.katalon.core.main.TestCaseExecutor.runScript(TestCaseExecutor.java:337)
	at com.kms.katalon.core.main.TestCaseExecutor.doExecute(TestCaseExecutor.java:328)
	at com.kms.katalon.core.main.TestCaseExecutor.processExecutionPhase(TestCaseExecutor.java:307)
	at com.kms.katalon.core.main.TestCaseExecutor.accessMainPhase(TestCaseExecutor.java:299)
	at com.kms.katalon.core.main.TestCaseExecutor.execute(TestCaseExecutor.java:233)
	at com.kms.katalon.core.main.TestCaseMain.runTestCase(TestCaseMain.java:114)
	at com.kms.katalon.core.keyword.builtin.CallTestCaseKeyword$_callTestCase_closure1.doCall(CallTestCaseKeyword.groovy:59)
	... 20 more
"/>
         <system-out><![CDATA[2020-06-04 19:47:44 - [TEST_CASE][ERROR] - Test Cases/PFI Precision and Scale/PFI Test Cases/Process Case (PFI)/PFI.SiteInspectionLHS: Test Cases/PFI Precision and Scale/PFI Test Cases/Process Case (PFI)/PFI.SiteInspectionLHS FAILED.
Reason:
com.kms.katalon.core.exception.StepErrorException: Call Test Case 'Test Cases/PFI Precision and Scale/PFI Components with Indexing/MaxValueErrorIndex' failed because of error(s)
	at com.kms.katalon.core.keyword.builtin.CallTestCaseKeyword$_callTestCase_closure1.doCall(CallTestCaseKeyword.groovy:66)
	at com.kms.katalon.core.keyword.builtin.CallTestCaseKeyword$_callTestCase_closure1.call(CallTestCaseKeyword.groovy)
	at com.kms.katalon.core.keyword.internal.KeywordMain.runKeyword(KeywordMain.groovy:68)
	at com.kms.katalon.core.keyword.builtin.CallTestCaseKeyword.callTestCase(CallTestCaseKeyword.groovy:81)
	at com.kms.katalon.core.keyword.builtin.CallTestCaseKeyword.execute(CallTestCaseKeyword.groovy:44)
	at com.kms.katalon.core.keyword.internal.KeywordExecutor.executeKeywordForPlatform(KeywordExecutor.groovy:72)
	at com.kms.katalon.core.keyword.BuiltinKeywords.callTestCase(BuiltinKeywords.groovy:334)
	at PFI.SiteInspectionLHS.run(PFI.SiteInspectionLHS:98)
	at com.kms.katalon.core.main.ScriptEngine.run(ScriptEngine.java:194)
	at com.kms.katalon.core.main.ScriptEngine.runScriptAsRawText(ScriptEngine.java:119)
	at com.kms.katalon.core.main.TestCaseExecutor.runScript(TestCaseExecutor.java:337)
	at com.kms.katalon.core.main.TestCaseExecutor.doExecute(TestCaseExecutor.java:328)
	at com.kms.katalon.core.main.TestCaseExecutor.processExecutionPhase(TestCaseExecutor.java:307)
	at com.kms.katalon.core.main.TestCaseExecutor.accessMainPhase(TestCaseExecutor.java:299)
	at com.kms.katalon.core.main.TestCaseExecutor.execute(TestCaseExecutor.java:233)
	at com.kms.katalon.core.main.TestSuiteExecutor.accessTestCaseMainPhase(TestSuiteExecutor.java:169)
	at com.kms.katalon.core.main.TestSuiteExecutor.accessTestSuiteMainPhase(TestSuiteExecutor.java:142)
	at com.kms.katalon.core.main.TestSuiteExecutor.execute(TestSuiteExecutor.java:91)
	at com.kms.katalon.core.main.TestCaseMain.startTestSuite(TestCaseMain.java:157)
	at com.kms.katalon.core.main.TestCaseMain$startTestSuite$0.call(Unknown Source)
	at TempTestSuite1591270754988.run(TempTestSuite1591270754988.groovy:36)
Caused by: java.lang.StringIndexOutOfBoundsException: String index out of range: -10
	at java_lang_String$substring$5.call(Unknown Source)
	at MaxValueErrorIndex.run(MaxValueErrorIndex:37)
	at com.kms.katalon.core.main.ScriptEngine.run(ScriptEngine.java:194)
	at com.kms.katalon.core.main.ScriptEngine.runScriptAsRawText(ScriptEngine.java:119)
	at com.kms.katalon.core.main.TestCaseExecutor.runScript(TestCaseExecutor.java:337)
	at com.kms.katalon.core.main.TestCaseExecutor.doExecute(TestCaseExecutor.java:328)
	at com.kms.katalon.core.main.TestCaseExecutor.processExecutionPhase(TestCaseExecutor.java:307)
	at com.kms.katalon.core.main.TestCaseExecutor.accessMainPhase(TestCaseExecutor.java:299)
	at com.kms.katalon.core.main.TestCaseExecutor.execute(TestCaseExecutor.java:233)
	at com.kms.katalon.core.main.TestCaseMain.runTestCase(TestCaseMain.java:114)
	at com.kms.katalon.core.keyword.builtin.CallTestCaseKeyword$_callTestCase_closure1.doCall(CallTestCaseKeyword.groovy:59)
	... 20 more


2020-06-04 19:47:45 - [TEST_STEP][NOT_RUN] - callTestCase(findTestCase("Components/LoginV2.0"), ["LinkToBeUsed":findTestData("Datatable").getValue("URL", 16), "LoginPageTextToBeVerified":findTestData("Datatable").getValue("HomeBanner", 2), ... ], STOP_ON_FAILURE): NOT_RUN: callTestCase(findTestCase("Components/LoginV2.0"), ["LinkToBeUsed":findTestData("Datatable").getValue("URL", 16), "LoginPageTextToBeVerified":findTestData("Datatable").getValue("HomeBanner", 2), ... ], STOP_ON_FAILURE)

2020-06-04 19:47:45 - [MESSAGE][NOT_RUN] - NOT_RUN: callTestCase(findTestCase("Components/LoginV2.0"), ["LinkToBeUsed":findTestData("Datatable").getValue("URL", 16), "LoginPageTextToBeVerified":findTestData("Datatable").getValue("HomeBanner", 2), ... ], STOP_ON_FAILURE)

2020-06-04 19:47:45 - [TEST_STEP][NOT_RUN] - callTestCase(findTestCase("Components/NavigateToHomepageHeaders"), ["headerText":"My Tasks"], STOP_ON_FAILURE): NOT_RUN: callTestCase(findTestCase("Components/NavigateToHomepageHeaders"), ["headerText":"My Tasks"], STOP_ON_FAILURE)

2020-06-04 19:47:45 - [MESSAGE][NOT_RUN] - NOT_RUN: callTestCase(findTestCase("Components/NavigateToHomepageHeaders"), ["headerText":"My Tasks"], STOP_ON_FAILURE)

2020-06-04 19:47:45 - [TEST_STEP][NOT_RUN] - callTestCase(findTestCase("Components/Filter"), ["taskDescription":"Process Case (SM)"], STOP_ON_FAILURE): NOT_RUN: callTestCase(findTestCase("Components/Filter"), ["taskDescription":"Process Case (SM)"], STOP_ON_FAILURE)

2020-06-04 19:47:45 - [MESSAGE][NOT_RUN] - NOT_RUN: callTestCase(findTestCase("Components/Filter"), ["taskDescription":"Process Case (SM)"], STOP_ON_FAILURE)

2020-06-04 19:47:45 - [TEST_STEP][NOT_RUN] - callTestCase(findTestCase("Components/ClickLinkDependingOnTextAndIndex"), ["linkName":"Process Case (SM)", "index":"2"], STOP_ON_FAILURE): NOT_RUN: callTestCase(findTestCase("Components/ClickLinkDependingOnTextAndIndex"), ["linkName":"Process Case (SM)", "index":"2"], STOP_ON_FAILURE)

2020-06-04 19:47:45 - [MESSAGE][NOT_RUN] - NOT_RUN: callTestCase(findTestCase("Components/ClickLinkDependingOnTextAndIndex"), ["linkName":"Process Case (SM)", "index":"2"], STOP_ON_FAILURE)

2020-06-04 19:47:45 - [TEST_STEP][PASSED] - callTestCase(findTestCase("Components/NavigateToAnyLHS"), ["LHS":"Site Inspection"], STOP_ON_FAILURE): Call Test Case 'Test Cases/Components/NavigateToAnyLHS' successfully

2020-06-04 19:47:45 - [TEST_CASE][PASSED] - Test Cases/Components/NavigateToAnyLHS: Test Cases/Components/NavigateToAnyLHS

2020-06-04 19:47:45 - [TEST_STEP][PASSED] - Thread.sleep(1000): null

2020-06-04 19:47:46 - [TEST_STEP][PASSED] - modifiedLHS = modifyObjectProperty(findTestObject("Objects.NavigateToAnyLHS/Page_ISPS2/LHSToModify"), "text", "equals", LHS, true): Modify property of object successfully

2020-06-04 19:47:46 - [MESSAGE][PASSED] - Modify property of object successfully

2020-06-04 19:47:46 - [TEST_STEP][PASSED] - click(modifiedLHS): Object: 'Object Repository/Objects.NavigateToAnyLHS/Page_ISPS2/LHSToModify' is clicked on

2020-06-04 19:47:46 - [MESSAGE][PASSED] - Object: 'Object Repository/Objects.NavigateToAnyLHS/Page_ISPS2/LHSToModify' is clicked on

2020-06-04 19:47:46 - [TEST_STEP][PASSED] - currentLHS = getText(modifiedLHS): Text of object 'Object Repository/Objects.NavigateToAnyLHS/Page_ISPS2/LHSToModify' is: 'Site Inspection'

2020-06-04 19:47:46 - [MESSAGE][PASSED] - Text of object 'Object Repository/Objects.NavigateToAnyLHS/Page_ISPS2/LHSToModify' is: 'Site Inspection'

2020-06-04 19:47:46 - [TEST_STEP][PASSED] - Thread.sleep(5000): null

2020-06-04 19:47:51 - [MESSAGE][PASSED] - Call Test Case 'Test Cases/Components/NavigateToAnyLHS' successfully

2020-06-04 19:47:51 - [TEST_STEP][PASSED] - callTestCase(findTestCase("Components/VerifyPageSuccessfullyLoadedII"), ["PageNm":"Site Inspection"], STOP_ON_FAILURE): Call Test Case 'Test Cases/Components/VerifyPageSuccessfullyLoadedII' successfully

2020-06-04 19:47:51 - [TEST_CASE][PASSED] - Test Cases/Components/VerifyPageSuccessfullyLoadedII: Test Cases/Components/VerifyPageSuccessfullyLoadedII

2020-06-04 19:47:51 - [TEST_STEP][PASSED] - waitForPageLoad(5): Wait for page load successfully

2020-06-04 19:47:51 - [MESSAGE][PASSED] - Wait for page load successfully

2020-06-04 19:47:51 - [TEST_STEP][PASSED] - modifiedInputFld = modifyObjectProperty(findTestObject("Object Repository/Objects.VerifyPageSuccessfullyLoaded/PageHeaderIndex"), "xpath", "equals", "//*[contains(@class,'isps-page-title') and (text()='" + PageNm + "')]", true): Modify property of object successfully

2020-06-04 19:47:51 - [MESSAGE][PASSED] - Modify property of object successfully

2020-06-04 19:47:51 - [TEST_STEP][PASSED] - com.reusableComponents.HighlightElement.run(modifiedInputFld): com.reusableComponents.HighlightElement.run is PASSED

2020-06-04 19:47:51 - [MESSAGE][PASSED] - com.reusableComponents.HighlightElement.run is PASSED

2020-06-04 19:47:51 - [MESSAGE][PASSED] - Call Test Case 'Test Cases/Components/VerifyPageSuccessfullyLoadedII' successfully

2020-06-04 19:47:51 - [TEST_STEP][PASSED] - callTestCase(findTestCase("Components/ClickAddButton"), [:], STOP_ON_FAILURE): Call Test Case 'Test Cases/Components/ClickAddButton' successfully

2020-06-04 19:47:52 - [TEST_CASE][PASSED] - Test Cases/Components/ClickAddButton: Test Cases/Components/ClickAddButton

2020-06-04 19:47:52 - [TEST_STEP][PASSED] - com.reusableComponents.HighlightElement.run(findTestObject("Objects.AddAddress/Page_ISPS2/XP_AddButton")): com.reusableComponents.HighlightElement.run is PASSED

2020-06-04 19:47:52 - [MESSAGE][PASSED] - com.reusableComponents.HighlightElement.run is PASSED

2020-06-04 19:47:52 - [TEST_STEP][PASSED] - click(findTestObject("Objects.AddAddress/Page_ISPS2/XP_AddButton")): Object: 'Object Repository/Objects.AddAddress/Page_ISPS2/XP_AddButton' is clicked on

2020-06-04 19:47:52 - [MESSAGE][PASSED] - Object: 'Object Repository/Objects.AddAddress/Page_ISPS2/XP_AddButton' is clicked on

2020-06-04 19:47:52 - [TEST_STEP][PASSED] - Thread.sleep(6000): null

2020-06-04 19:47:58 - [MESSAGE][PASSED] - Call Test Case 'Test Cases/Components/ClickAddButton' successfully

2020-06-04 19:47:58 - [TEST_STEP][PASSED] - callTestCase(findTestCase("Components/HighlightLabelFieldXPI"), ["LblName":"Assign To", "index":1], STOP_ON_FAILURE): Call Test Case 'Test Cases/Components/HighlightLabelFieldXPI' successfully

2020-06-04 19:47:59 - [TEST_CASE][PASSED] - Test Cases/Components/HighlightLabelFieldXPI: Test Cases/Components/HighlightLabelFieldXPI

2020-06-04 19:47:59 - [TEST_STEP][PASSED] - Thread.sleep(1000): null

2020-06-04 19:48:00 - [TEST_STEP][PASSED] - modifiedLblNm = modifyObjectProperty(findTestObject("Object Repository/Objects.HighlightElements/lblField_index"), "xpath", "equals", "(//*[contains(@class, 'x-form-item-label-inner x-form-item-label-inner-default') and contains(., '" + LblName + "')])[" + index + "]", true): Modify property of object successfully

2020-06-04 19:48:00 - [MESSAGE][PASSED] - Modify property of object successfully

2020-06-04 19:48:00 - [TEST_STEP][PASSED] - com.reusableComponents.HighlightElement.run(modifiedLblNm): com.reusableComponents.HighlightElement.run is PASSED

2020-06-04 19:48:00 - [MESSAGE][PASSED] - com.reusableComponents.HighlightElement.run is PASSED

2020-06-04 19:48:00 - [MESSAGE][PASSED] - Call Test Case 'Test Cases/Components/HighlightLabelFieldXPI' successfully

2020-06-04 19:48:00 - [TEST_STEP][PASSED] - callTestCase(findTestCase("Components/HighlightInputFieldXPI"), ["FldNm":"officer", "index":1], STOP_ON_FAILURE): Call Test Case 'Test Cases/Components/HighlightInputFieldXPI' successfully

2020-06-04 19:48:01 - [TEST_CASE][PASSED] - Test Cases/Components/HighlightInputFieldXPI: Test Cases/Components/HighlightInputFieldXPI

2020-06-04 19:48:01 - [TEST_STEP][PASSED] - Thread.sleep(1000): null

2020-06-04 19:48:02 - [TEST_STEP][PASSED] - modifiedInputNm = modifyObjectProperty(findTestObject("Object Repository/Objects.HighlightElements/input_field_index"), "xpath", "equals", "(//*[contains(@name, '" + FldNm + "')])[" + index + "]", true): Modify property of object successfully

2020-06-04 19:48:02 - [MESSAGE][PASSED] - Modify property of object successfully

2020-06-04 19:48:02 - [TEST_STEP][PASSED] - com.reusableComponents.HighlightElement.run(modifiedInputNm): com.reusableComponents.HighlightElement.run is PASSED

2020-06-04 19:48:02 - [MESSAGE][PASSED] - com.reusableComponents.HighlightElement.run is PASSED

2020-06-04 19:48:02 - [MESSAGE][PASSED] - Call Test Case 'Test Cases/Components/HighlightInputFieldXPI' successfully

2020-06-04 19:48:02 - [TEST_STEP][PASSED] - callTestCase(findTestCase("PFI Precision and Scale/PFI Components with Indexing/VerifyDropdownValuesXPI"), ["FldNm":"officer", "index":1, "CallTCName":"PFI Precision and Scale/HashMap Tables/OfficerLists", "cmbNm":"", "NoOfVal":24, ... ], STOP_ON_FAILURE): Call Test Case 'Test Cases/PFI Precision and Scale/PFI Components with Indexing/VerifyDropdownValuesXPI' successfully

2020-06-04 19:48:02 - [TEST_CASE][PASSED] - Test Cases/PFI Precision and Scale/PFI Components with Indexing/VerifyDropdownValuesXPI: Test Cases/PFI Precision and Scale/PFI Components with Indexing/VerifyDropdownValuesXPI

2020-06-04 19:48:03 - [TEST_STEP][PASSED] - Thread.sleep(1000): null

2020-06-04 19:48:04 - [TEST_STEP][PASSED] - NewInputNmField = modifyObjectProperty(findTestObject("Object Repository/Objects.HighlightElements/input_field_index"), "xpath", "equals", "(//*[contains(@name, '" + FldNm + "')])[" + index + "]", true): Modify property of object successfully

2020-06-04 19:48:04 - [MESSAGE][PASSED] - Modify property of object successfully

2020-06-04 19:48:04 - [TEST_STEP][PASSED] - comboNm = cmbNm: null

2020-06-04 19:48:04 - [TEST_STEP][PASSED] - focus(NewInputNmField): Object: 'Object Repository/Objects.HighlightElements/input_field_index' is focused

2020-06-04 19:48:04 - [MESSAGE][PASSED] - Object: 'Object Repository/Objects.HighlightElements/input_field_index' is focused

2020-06-04 19:48:04 - [TEST_STEP][PASSED] - setText(NewInputNmField, EnterValue): Text '' is set on object 'Object Repository/Objects.HighlightElements/input_field_index'

2020-06-04 19:48:04 - [MESSAGE][PASSED] - Text '' is set on object 'Object Repository/Objects.HighlightElements/input_field_index'

2020-06-04 19:48:04 - [TEST_STEP][PASSED] - for ([i = 1, i <= NoOfVal, (i++)]): Keys 'DOWN + ' sent to object: 'Object Repository/Objects.HighlightElements/input_field_index'

2020-06-04 19:48:04 - [TEST_STEP][PASSED] - sendKeys(NewInputNmField, Keys.chord(ARROW_DOWN)): Keys 'DOWN + ' sent to object: 'Object Repository/Objects.HighlightElements/input_field_index'

2020-06-04 19:48:04 - [MESSAGE][PASSED] - Keys 'DOWN + ' sent to object: 'Object Repository/Objects.HighlightElements/input_field_index'

2020-06-04 19:48:04 - [TEST_STEP][PASSED] - delay(DelayTime): Delayed 2 second(s)

2020-06-04 19:48:06 - [MESSAGE][PASSED] - Delayed 2 second(s)

2020-06-04 19:48:06 - [TEST_STEP][PASSED] - sendKeys(NewInputNmField, Keys.chord(ENTER)): Keys 'ENTER + ' sent to object: 'Object Repository/Objects.HighlightElements/input_field_index'

2020-06-04 19:48:06 - [MESSAGE][PASSED] - Keys 'ENTER + ' sent to object: 'Object Repository/Objects.HighlightElements/input_field_index'

2020-06-04 19:48:06 - [TEST_STEP][PASSED] - ComboBoxValue = getAttribute(NewInputNmField, "value"): Attribute 'value' of object 'Object Repository/Objects.HighlightElements/input_field_index' is: 'Aaron Sham Wai Lun (AARON)'

2020-06-04 19:48:06 - [MESSAGE][PASSED] - Attribute 'value' of object 'Object Repository/Objects.HighlightElements/input_field_index' is: 'Aaron Sham Wai Lun (AARON)'

2020-06-04 19:48:06 - [TEST_STEP][PASSED] - callTestCase(findTestCase(CallTCName), ["FindValue":ComboBoxValue, "DropdownNm":comboNm], STOP_ON_FAILURE): Call Test Case 'Test Cases/PFI Precision and Scale/HashMap Tables/OfficerLists' successfully

2020-06-04 19:48:06 - [TEST_CASE][PASSED] - Test Cases/PFI Precision and Scale/HashMap Tables/OfficerLists: Test Cases/PFI Precision and Scale/HashMap Tables/OfficerLists

2020-06-04 19:48:06 - [TEST_STEP][PASSED] - Thread.sleep(1000): null

2020-06-04 19:48:07 - [TEST_STEP][PASSED] - OfficerLists = [1:"Aaron Sham Wai Lun (AARON)", 2:"Azidah Bte Akmad (Mdm) (USAABD)", 3:"Chung Fong Nyen (USACFN)", 4:"David Tey Dah Wei (DAHWEI)", ... ]: null

2020-06-04 19:48:07 - [TEST_STEP][PASSED] - ValueFound = OfficerLists.find({ -> ... }): null

2020-06-04 19:48:07 - [MESSAGE][PASSED] - Call Test Case 'Test Cases/PFI Precision and Scale/HashMap Tables/OfficerLists' successfully

2020-06-04 19:48:07 - [TEST_STEP][PASSED] - println(ValueFound): null

2020-06-04 19:48:07 - [TEST_STEP][PASSED] - sendKeys(NewInputNmField, Keys.chord(ARROW_DOWN)): Keys 'DOWN + ' sent to object: 'Object Repository/Objects.HighlightElements/input_field_index'

2020-06-04 19:48:07 - [MESSAGE][PASSED] - Keys 'DOWN + ' sent to object: 'Object Repository/Objects.HighlightElements/input_field_index'

2020-06-04 19:48:07 - [TEST_STEP][PASSED] - sendKeys(NewInputNmField, Keys.chord(ARROW_DOWN)): Keys 'DOWN + ' sent to object: 'Object Repository/Objects.HighlightElements/input_field_index'

2020-06-04 19:48:07 - [MESSAGE][PASSED] - Keys 'DOWN + ' sent to object: 'Object Repository/Objects.HighlightElements/input_field_index'

2020-06-04 19:48:07 - [TEST_STEP][PASSED] - delay(DelayTime): Delayed 2 second(s)

2020-06-04 19:48:09 - [MESSAGE][PASSED] - Delayed 2 second(s)

2020-06-04 19:48:09 - [TEST_STEP][PASSED] - sendKeys(NewInputNmField, Keys.chord(ENTER)): Keys 'ENTER + ' sent to object: 'Object Repository/Objects.HighlightElements/input_field_index'

2020-06-04 19:48:09 - [MESSAGE][PASSED] - Keys 'ENTER + ' sent to object: 'Object Repository/Objects.HighlightElements/input_field_index'

2020-06-04 19:48:09 - [TEST_STEP][PASSED] - ComboBoxValue = getAttribute(NewInputNmField, "value"): Attribute 'value' of object 'Object Repository/Objects.HighlightElements/input_field_index' is: 'Azidah Bte Akmad (Mdm) (USAABD)'

2020-06-04 19:48:09 - [MESSAGE][PASSED] - Attribute 'value' of object 'Object Repository/Objects.HighlightElements/input_field_index' is: 'Azidah Bte Akmad (Mdm) (USAABD)'

2020-06-04 19:48:09 - [TEST_STEP][PASSED] - callTestCase(findTestCase(CallTCName), ["FindValue":ComboBoxValue, "DropdownNm":comboNm], STOP_ON_FAILURE): Call Test Case 'Test Cases/PFI Precision and Scale/HashMap Tables/OfficerLists' successfully

2020-06-04 19:48:09 - [TEST_CASE][PASSED] - Test Cases/PFI Precision and Scale/HashMap Tables/OfficerLists: Test Cases/PFI Precision and Scale/HashMap Tables/OfficerLists

2020-06-04 19:48:09 - [TEST_STEP][PASSED] - Thread.sleep(1000): null

2020-06-04 19:48:10 - [TEST_STEP][PASSED] - OfficerLists = [1:"Aaron Sham Wai Lun (AARON)", 2:"Azidah Bte Akmad (Mdm) (USAABD)", 3:"Chung Fong Nyen (USACFN)", 4:"David Tey Dah Wei (DAHWEI)", ... ]: null

2020-06-04 19:48:10 - [TEST_STEP][PASSED] - ValueFound = OfficerLists.find({ -> ... }): null

2020-06-04 19:48:10 - [MESSAGE][PASSED] - Call Test Case 'Test Cases/PFI Precision and Scale/HashMap Tables/OfficerLists' successfully

2020-06-04 19:48:10 - [TEST_STEP][PASSED] - println(ValueFound): null

2020-06-04 19:48:10 - [TEST_STEP][PASSED] - sendKeys(NewInputNmField, Keys.chord(ARROW_DOWN)): Keys 'DOWN + ' sent to object: 'Object Repository/Objects.HighlightElements/input_field_index'

2020-06-04 19:48:10 - [MESSAGE][PASSED] - Keys 'DOWN + ' sent to object: 'Object Repository/Objects.HighlightElements/input_field_index'

2020-06-04 19:48:10 - [TEST_STEP][PASSED] - sendKeys(NewInputNmField, Keys.chord(ARROW_DOWN)): Keys 'DOWN + ' sent to object: 'Object Repository/Objects.HighlightElements/input_field_index'

2020-06-04 19:48:10 - [MESSAGE][PASSED] - Keys 'DOWN + ' sent to object: 'Object Repository/Objects.HighlightElements/input_field_index'

2020-06-04 19:48:10 - [TEST_STEP][PASSED] - delay(DelayTime): Delayed 2 second(s)

2020-06-04 19:48:12 - [MESSAGE][PASSED] - Delayed 2 second(s)

2020-06-04 19:48:12 - [TEST_STEP][PASSED] - sendKeys(NewInputNmField, Keys.chord(ENTER)): Keys 'ENTER + ' sent to object: 'Object Repository/Objects.HighlightElements/input_field_index'

2020-06-04 19:48:12 - [MESSAGE][PASSED] - Keys 'ENTER + ' sent to object: 'Object Repository/Objects.HighlightElements/input_field_index'

2020-06-04 19:48:12 - [TEST_STEP][PASSED] - ComboBoxValue = getAttribute(NewInputNmField, "value"): Attribute 'value' of object 'Object Repository/Objects.HighlightElements/input_field_index' is: 'Chua Bee Tee (BEETEE)'

2020-06-04 19:48:12 - [MESSAGE][PASSED] - Attribute 'value' of object 'Object Repository/Objects.HighlightElements/input_field_index' is: 'Chua Bee Tee (BEETEE)'

2020-06-04 19:48:12 - [TEST_STEP][PASSED] - callTestCase(findTestCase(CallTCName), ["FindValue":ComboBoxValue, "DropdownNm":comboNm], STOP_ON_FAILURE): Call Test Case 'Test Cases/PFI Precision and Scale/HashMap Tables/OfficerLists' successfully

2020-06-04 19:48:13 - [TEST_CASE][PASSED] - Test Cases/PFI Precision and Scale/HashMap Tables/OfficerLists: Test Cases/PFI Precision and Scale/HashMap Tables/OfficerLists

2020-06-04 19:48:13 - [TEST_STEP][PASSED] - Thread.sleep(1000): null

2020-06-04 19:48:14 - [TEST_STEP][PASSED] - OfficerLists = [1:"Aaron Sham Wai Lun (AARON)", 2:"Azidah Bte Akmad (Mdm) (USAABD)", 3:"Chung Fong Nyen (USACFN)", 4:"David Tey Dah Wei (DAHWEI)", ... ]: null

2020-06-04 19:48:14 - [TEST_STEP][PASSED] - ValueFound = OfficerLists.find({ -> ... }): null

2020-06-04 19:48:14 - [MESSAGE][PASSED] - Call Test Case 'Test Cases/PFI Precision and Scale/HashMap Tables/OfficerLists' successfully

2020-06-04 19:48:14 - [TEST_STEP][PASSED] - println(ValueFound): null

2020-06-04 19:48:14 - [TEST_STEP][PASSED] - sendKeys(NewInputNmField, Keys.chord(ARROW_DOWN)): Keys 'DOWN + ' sent to object: 'Object Repository/Objects.HighlightElements/input_field_index'

2020-06-04 19:48:14 - [MESSAGE][PASSED] - Keys 'DOWN + ' sent to object: 'Object Repository/Objects.HighlightElements/input_field_index'

2020-06-04 19:48:14 - [TEST_STEP][PASSED] - sendKeys(NewInputNmField, Keys.chord(ARROW_DOWN)): Keys 'DOWN + ' sent to object: 'Object Repository/Objects.HighlightElements/input_field_index'

2020-06-04 19:48:14 - [MESSAGE][PASSED] - Keys 'DOWN + ' sent to object: 'Object Repository/Objects.HighlightElements/input_field_index'

2020-06-04 19:48:14 - [TEST_STEP][PASSED] - delay(DelayTime): Delayed 2 second(s)

2020-06-04 19:48:16 - [MESSAGE][PASSED] - Delayed 2 second(s)

2020-06-04 19:48:16 - [TEST_STEP][PASSED] - sendKeys(NewInputNmField, Keys.chord(ENTER)): Keys 'ENTER + ' sent to object: 'Object Repository/Objects.HighlightElements/input_field_index'

2020-06-04 19:48:16 - [MESSAGE][PASSED] - Keys 'ENTER + ' sent to object: 'Object Repository/Objects.HighlightElements/input_field_index'

2020-06-04 19:48:16 - [TEST_STEP][PASSED] - ComboBoxValue = getAttribute(NewInputNmField, "value"): Attribute 'value' of object 'Object Repository/Objects.HighlightElements/input_field_index' is: 'Chung Fong Nyen (USACFN)'

2020-06-04 19:48:16 - [MESSAGE][PASSED] - Attribute 'value' of object 'Object Repository/Objects.HighlightElements/input_field_index' is: 'Chung Fong Nyen (USACFN)'

2020-06-04 19:48:16 - [TEST_STEP][PASSED] - callTestCase(findTestCase(CallTCName), ["FindValue":ComboBoxValue, "DropdownNm":comboNm], STOP_ON_FAILURE): Call Test Case 'Test Cases/PFI Precision and Scale/HashMap Tables/OfficerLists' successfully

2020-06-04 19:48:16 - [TEST_CASE][PASSED] - Test Cases/PFI Precision and Scale/HashMap Tables/OfficerLists: Test Cases/PFI Precision and Scale/HashMap Tables/OfficerLists

2020-06-04 19:48:16 - [TEST_STEP][PASSED] - Thread.sleep(1000): null

2020-06-04 19:48:17 - [TEST_STEP][PASSED] - OfficerLists = [1:"Aaron Sham Wai Lun (AARON)", 2:"Azidah Bte Akmad (Mdm) (USAABD)", 3:"Chung Fong Nyen (USACFN)", 4:"David Tey Dah Wei (DAHWEI)", ... ]: null

2020-06-04 19:48:17 - [TEST_STEP][PASSED] - ValueFound = OfficerLists.find({ -> ... }): null

2020-06-04 19:48:17 - [MESSAGE][PASSED] - Call Test Case 'Test Cases/PFI Precision and Scale/HashMap Tables/OfficerLists' successfully

2020-06-04 19:48:17 - [TEST_STEP][PASSED] - println(ValueFound): null

2020-06-04 19:48:17 - [TEST_STEP][PASSED] - sendKeys(NewInputNmField, Keys.chord(ARROW_DOWN)): Keys 'DOWN + ' sent to object: 'Object Repository/Objects.HighlightElements/input_field_index'

2020-06-04 19:48:17 - [MESSAGE][PASSED] - Keys 'DOWN + ' sent to object: 'Object Repository/Objects.HighlightElements/input_field_index'

2020-06-04 19:48:17 - [TEST_STEP][PASSED] - sendKeys(NewInputNmField, Keys.chord(ARROW_DOWN)): Keys 'DOWN + ' sent to object: 'Object Repository/Objects.HighlightElements/input_field_index'

2020-06-04 19:48:17 - [MESSAGE][PASSED] - Keys 'DOWN + ' sent to object: 'Object Repository/Objects.HighlightElements/input_field_index'

2020-06-04 19:48:17 - [TEST_STEP][PASSED] - delay(DelayTime): Delayed 2 second(s)

2020-06-04 19:48:19 - [MESSAGE][PASSED] - Delayed 2 second(s)

2020-06-04 19:48:19 - [TEST_STEP][PASSED] - sendKeys(NewInputNmField, Keys.chord(ENTER)): Keys 'ENTER + ' sent to object: 'Object Repository/Objects.HighlightElements/input_field_index'

2020-06-04 19:48:19 - [MESSAGE][PASSED] - Keys 'ENTER + ' sent to object: 'Object Repository/Objects.HighlightElements/input_field_index'

2020-06-04 19:48:19 - [TEST_STEP][PASSED] - ComboBoxValue = getAttribute(NewInputNmField, "value"): Attribute 'value' of object 'Object Repository/Objects.HighlightElements/input_field_index' is: 'David Tey Dah Wei (DAHWEI)'

2020-06-04 19:48:19 - [MESSAGE][PASSED] - Attribute 'value' of object 'Object Repository/Objects.HighlightElements/input_field_index' is: 'David Tey Dah Wei (DAHWEI)'

2020-06-04 19:48:19 - [TEST_STEP][PASSED] - callTestCase(findTestCase(CallTCName), ["FindValue":ComboBoxValue, "DropdownNm":comboNm], STOP_ON_FAILURE): Call Test Case 'Test Cases/PFI Precision and Scale/HashMap Tables/OfficerLists' successfully

2020-06-04 19:48:19 - [TEST_CASE][PASSED] - Test Cases/PFI Precision and Scale/HashMap Tables/OfficerLists: Test Cases/PFI Precision and Scale/HashMap Tables/OfficerLists

2020-06-04 19:48:19 - [TEST_STEP][PASSED] - Thread.sleep(1000): null

2020-06-04 19:48:20 - [TEST_STEP][PASSED] - OfficerLists = [1:"Aaron Sham Wai Lun (AARON)", 2:"Azidah Bte Akmad (Mdm) (USAABD)", 3:"Chung Fong Nyen (USACFN)", 4:"David Tey Dah Wei (DAHWEI)", ... ]: null

2020-06-04 19:48:20 - [TEST_STEP][PASSED] - ValueFound = OfficerLists.find({ -> ... }): null

2020-06-04 19:48:20 - [MESSAGE][PASSED] - Call Test Case 'Test Cases/PFI Precision and Scale/HashMap Tables/OfficerLists' successfully

2020-06-04 19:48:20 - [TEST_STEP][PASSED] - println(ValueFound): null

2020-06-04 19:48:20 - [TEST_STEP][PASSED] - sendKeys(NewInputNmField, Keys.chord(ARROW_DOWN)): Keys 'DOWN + ' sent to object: 'Object Repository/Objects.HighlightElements/input_field_index'

2020-06-04 19:48:20 - [MESSAGE][PASSED] - Keys 'DOWN + ' sent to object: 'Object Repository/Objects.HighlightElements/input_field_index'

2020-06-04 19:48:20 - [TEST_STEP][PASSED] - sendKeys(NewInputNmField, Keys.chord(ARROW_DOWN)): Keys 'DOWN + ' sent to object: 'Object Repository/Objects.HighlightElements/input_field_index'

2020-06-04 19:48:20 - [MESSAGE][PASSED] - Keys 'DOWN + ' sent to object: 'Object Repository/Objects.HighlightElements/input_field_index'

2020-06-04 19:48:20 - [TEST_STEP][PASSED] - delay(DelayTime): Delayed 2 second(s)

2020-06-04 19:48:22 - [MESSAGE][PASSED] - Delayed 2 second(s)

2020-06-04 19:48:22 - [TEST_STEP][PASSED] - sendKeys(NewInputNmField, Keys.chord(ENTER)): Keys 'ENTER + ' sent to object: 'Object Repository/Objects.HighlightElements/input_field_index'

2020-06-04 19:48:22 - [MESSAGE][PASSED] - Keys 'ENTER + ' sent to object: 'Object Repository/Objects.HighlightElements/input_field_index'

2020-06-04 19:48:22 - [TEST_STEP][PASSED] - ComboBoxValue = getAttribute(NewInputNmField, "value"): Attribute 'value' of object 'Object Repository/Objects.HighlightElements/input_field_index' is: 'Han Wann Kuang (WANNKUANG)'

2020-06-04 19:48:22 - [MESSAGE][PASSED] - Attribute 'value' of object 'Object Repository/Objects.HighlightElements/input_field_index' is: 'Han Wann Kuang (WANNKUANG)'

2020-06-04 19:48:22 - [TEST_STEP][PASSED] - callTestCase(findTestCase(CallTCName), ["FindValue":ComboBoxValue, "DropdownNm":comboNm], STOP_ON_FAILURE): Call Test Case 'Test Cases/PFI Precision and Scale/HashMap Tables/OfficerLists' successfully

2020-06-04 19:48:22 - [TEST_CASE][PASSED] - Test Cases/PFI Precision and Scale/HashMap Tables/OfficerLists: Test Cases/PFI Precision and Scale/HashMap Tables/OfficerLists

2020-06-04 19:48:22 - [TEST_STEP][PASSED] - Thread.sleep(1000): null

2020-06-04 19:48:23 - [TEST_STEP][PASSED] - OfficerLists = [1:"Aaron Sham Wai Lun (AARON)", 2:"Azidah Bte Akmad (Mdm) (USAABD)", 3:"Chung Fong Nyen (USACFN)", 4:"David Tey Dah Wei (DAHWEI)", ... ]: null

2020-06-04 19:48:23 - [TEST_STEP][PASSED] - ValueFound = OfficerLists.find({ -> ... }): null

2020-06-04 19:48:23 - [MESSAGE][PASSED] - Call Test Case 'Test Cases/PFI Precision and Scale/HashMap Tables/OfficerLists' successfully

2020-06-04 19:48:23 - [TEST_STEP][PASSED] - println(ValueFound): null

2020-06-04 19:48:23 - [TEST_STEP][PASSED] - sendKeys(NewInputNmField, Keys.chord(ARROW_DOWN)): Keys 'DOWN + ' sent to object: 'Object Repository/Objects.HighlightElements/input_field_index'

2020-06-04 19:48:23 - [MESSAGE][PASSED] - Keys 'DOWN + ' sent to object: 'Object Repository/Objects.HighlightElements/input_field_index'

2020-06-04 19:48:23 - [TEST_STEP][PASSED] - sendKeys(NewInputNmField, Keys.chord(ARROW_DOWN)): Keys 'DOWN + ' sent to object: 'Object Repository/Objects.HighlightElements/input_field_index'

2020-06-04 19:48:23 - [MESSAGE][PASSED] - Keys 'DOWN + ' sent to object: 'Object Repository/Objects.HighlightElements/input_field_index'

2020-06-04 19:48:23 - [TEST_STEP][PASSED] - delay(DelayTime): Delayed 2 second(s)

2020-06-04 19:48:25 - [MESSAGE][PASSED] - Delayed 2 second(s)

2020-06-04 19:48:25 - [TEST_STEP][PASSED] - sendKeys(NewInputNmField, Keys.chord(ENTER)): Keys 'ENTER + ' sent to object: 'Object Repository/Objects.HighlightElements/input_field_index'

2020-06-04 19:48:25 - [MESSAGE][PASSED] - Keys 'ENTER + ' sent to object: 'Object Repository/Objects.HighlightElements/input_field_index'

2020-06-04 19:48:25 - [TEST_STEP][PASSED] - ComboBoxValue = getAttribute(NewInputNmField, "value"): Attribute 'value' of object 'Object Repository/Objects.HighlightElements/input_field_index' is: 'Ho Tze Siang (TZESIANG)'

2020-06-04 19:48:25 - [MESSAGE][PASSED] - Attribute 'value' of object 'Object Repository/Objects.HighlightElements/input_field_index' is: 'Ho Tze Siang (TZESIANG)'

2020-06-04 19:48:25 - [TEST_STEP][PASSED] - callTestCase(findTestCase(CallTCName), ["FindValue":ComboBoxValue, "DropdownNm":comboNm], STOP_ON_FAILURE): Call Test Case 'Test Cases/PFI Precision and Scale/HashMap Tables/OfficerLists' successfully

2020-06-04 19:48:25 - [TEST_CASE][PASSED] - Test Cases/PFI Precision and Scale/HashMap Tables/OfficerLists: Test Cases/PFI Precision and Scale/HashMap Tables/OfficerLists

2020-06-04 19:48:25 - [TEST_STEP][PASSED] - Thread.sleep(1000): null

2020-06-04 19:48:26 - [TEST_STEP][PASSED] - OfficerLists = [1:"Aaron Sham Wai Lun (AARON)", 2:"Azidah Bte Akmad (Mdm) (USAABD)", 3:"Chung Fong Nyen (USACFN)", 4:"David Tey Dah Wei (DAHWEI)", ... ]: null

2020-06-04 19:48:26 - [TEST_STEP][PASSED] - ValueFound = OfficerLists.find({ -> ... }): null

2020-06-04 19:48:26 - [MESSAGE][PASSED] - Call Test Case 'Test Cases/PFI Precision and Scale/HashMap Tables/OfficerLists' successfully

2020-06-04 19:48:26 - [TEST_STEP][PASSED] - println(ValueFound): null

2020-06-04 19:48:26 - [TEST_STEP][PASSED] - sendKeys(NewInputNmField, Keys.chord(ARROW_DOWN)): Keys 'DOWN + ' sent to object: 'Object Repository/Objects.HighlightElements/input_field_index'

2020-06-04 19:48:26 - [MESSAGE][PASSED] - Keys 'DOWN + ' sent to object: 'Object Repository/Objects.HighlightElements/input_field_index'

2020-06-04 19:48:27 - [TEST_STEP][PASSED] - sendKeys(NewInputNmField, Keys.chord(ARROW_DOWN)): Keys 'DOWN + ' sent to object: 'Object Repository/Objects.HighlightElements/input_field_index'

2020-06-04 19:48:27 - [MESSAGE][PASSED] - Keys 'DOWN + ' sent to object: 'Object Repository/Objects.HighlightElements/input_field_index'

2020-06-04 19:48:27 - [TEST_STEP][PASSED] - delay(DelayTime): Delayed 2 second(s)

2020-06-04 19:48:29 - [MESSAGE][PASSED] - Delayed 2 second(s)

2020-06-04 19:48:29 - [TEST_STEP][PASSED] - sendKeys(NewInputNmField, Keys.chord(ENTER)): Keys 'ENTER + ' sent to object: 'Object Repository/Objects.HighlightElements/input_field_index'

2020-06-04 19:48:29 - [MESSAGE][PASSED] - Keys 'ENTER + ' sent to object: 'Object Repository/Objects.HighlightElements/input_field_index'

2020-06-04 19:48:29 - [TEST_STEP][PASSED] - ComboBoxValue = getAttribute(NewInputNmField, "value"): Attribute 'value' of object 'Object Repository/Objects.HighlightElements/input_field_index' is: 'Ho-Chan Vun Ching (USAHVC)'

2020-06-04 19:48:29 - [MESSAGE][PASSED] - Attribute 'value' of object 'Object Repository/Objects.HighlightElements/input_field_index' is: 'Ho-Chan Vun Ching (USAHVC)'

2020-06-04 19:48:29 - [TEST_STEP][PASSED] - callTestCase(findTestCase(CallTCName), ["FindValue":ComboBoxValue, "DropdownNm":comboNm], STOP_ON_FAILURE): Call Test Case 'Test Cases/PFI Precision and Scale/HashMap Tables/OfficerLists' successfully

2020-06-04 19:48:29 - [TEST_CASE][PASSED] - Test Cases/PFI Precision and Scale/HashMap Tables/OfficerLists: Test Cases/PFI Precision and Scale/HashMap Tables/OfficerLists

2020-06-04 19:48:29 - [TEST_STEP][PASSED] - Thread.sleep(1000): null

2020-06-04 19:48:30 - [TEST_STEP][PASSED] - OfficerLists = [1:"Aaron Sham Wai Lun (AARON)", 2:"Azidah Bte Akmad (Mdm) (USAABD)", 3:"Chung Fong Nyen (USACFN)", 4:"David Tey Dah Wei (DAHWEI)", ... ]: null

2020-06-04 19:48:30 - [TEST_STEP][PASSED] - ValueFound = OfficerLists.find({ -> ... }): null

2020-06-04 19:48:30 - [MESSAGE][PASSED] - Call Test Case 'Test Cases/PFI Precision and Scale/HashMap Tables/OfficerLists' successfully

2020-06-04 19:48:30 - [TEST_STEP][PASSED] - println(ValueFound): null

2020-06-04 19:48:30 - [TEST_STEP][PASSED] - sendKeys(NewInputNmField, Keys.chord(ARROW_DOWN)): Keys 'DOWN + ' sent to object: 'Object Repository/Objects.HighlightElements/input_field_index'

2020-06-04 19:48:30 - [MESSAGE][PASSED] - Keys 'DOWN + ' sent to object: 'Object Repository/Objects.HighlightElements/input_field_index'

2020-06-04 19:48:30 - [TEST_STEP][PASSED] - sendKeys(NewInputNmField, Keys.chord(ARROW_DOWN)): Keys 'DOWN + ' sent to object: 'Object Repository/Objects.HighlightElements/input_field_index'

2020-06-04 19:48:30 - [MESSAGE][PASSED] - Keys 'DOWN + ' sent to object: 'Object Repository/Objects.HighlightElements/input_field_index'

2020-06-04 19:48:30 - [TEST_STEP][PASSED] - delay(DelayTime): Delayed 2 second(s)

2020-06-04 19:48:32 - [MESSAGE][PASSED] - Delayed 2 second(s)

2020-06-04 19:48:32 - [TEST_STEP][PASSED] - sendKeys(NewInputNmField, Keys.chord(ENTER)): Keys 'ENTER + ' sent to object: 'Object Repository/Objects.HighlightElements/input_field_index'

2020-06-04 19:48:32 - [MESSAGE][PASSED] - Keys 'ENTER + ' sent to object: 'Object Repository/Objects.HighlightElements/input_field_index'

2020-06-04 19:48:32 - [TEST_STEP][PASSED] - ComboBoxValue = getAttribute(NewInputNmField, "value"): Attribute 'value' of object 'Object Repository/Objects.HighlightElements/input_field_index' is: 'Janet Lee Choon Hong (JANETCHOON)'

2020-06-04 19:48:32 - [MESSAGE][PASSED] - Attribute 'value' of object 'Object Repository/Objects.HighlightElements/input_field_index' is: 'Janet Lee Choon Hong (JANETCHOON)'

2020-06-04 19:48:32 - [TEST_STEP][PASSED] - callTestCase(findTestCase(CallTCName), ["FindValue":ComboBoxValue, "DropdownNm":comboNm], STOP_ON_FAILURE): Call Test Case 'Test Cases/PFI Precision and Scale/HashMap Tables/OfficerLists' successfully

2020-06-04 19:48:32 - [TEST_CASE][PASSED] - Test Cases/PFI Precision and Scale/HashMap Tables/OfficerLists: Test Cases/PFI Precision and Scale/HashMap Tables/OfficerLists

2020-06-04 19:48:32 - [TEST_STEP][PASSED] - Thread.sleep(1000): null

2020-06-04 19:48:33 - [TEST_STEP][PASSED] - OfficerLists = [1:"Aaron Sham Wai Lun (AARON)", 2:"Azidah Bte Akmad (Mdm) (USAABD)", 3:"Chung Fong Nyen (USACFN)", 4:"David Tey Dah Wei (DAHWEI)", ... ]: null

2020-06-04 19:48:33 - [TEST_STEP][PASSED] - ValueFound = OfficerLists.find({ -> ... }): null

2020-06-04 19:48:33 - [MESSAGE][PASSED] - Call Test Case 'Test Cases/PFI Precision and Scale/HashMap Tables/OfficerLists' successfully

2020-06-04 19:48:33 - [TEST_STEP][PASSED] - println(ValueFound): null

2020-06-04 19:48:33 - [TEST_STEP][PASSED] - sendKeys(NewInputNmField, Keys.chord(ARROW_DOWN)): Keys 'DOWN + ' sent to object: 'Object Repository/Objects.HighlightElements/input_field_index'

2020-06-04 19:48:33 - [MESSAGE][PASSED] - Keys 'DOWN + ' sent to object: 'Object Repository/Objects.HighlightElements/input_field_index'

2020-06-04 19:48:33 - [TEST_STEP][PASSED] - sendKeys(NewInputNmField, Keys.chord(ARROW_DOWN)): Keys 'DOWN + ' sent to object: 'Object Repository/Objects.HighlightElements/input_field_index'

2020-06-04 19:48:33 - [MESSAGE][PASSED] - Keys 'DOWN + ' sent to object: 'Object Repository/Objects.HighlightElements/input_field_index'

2020-06-04 19:48:33 - [TEST_STEP][PASSED] - delay(DelayTime): Delayed 2 second(s)

2020-06-04 19:48:35 - [MESSAGE][PASSED] - Delayed 2 second(s)

2020-06-04 19:48:35 - [TEST_STEP][PASSED] - sendKeys(NewInputNmField, Keys.chord(ENTER)): Keys 'ENTER + ' sent to object: 'Object Repository/Objects.HighlightElements/input_field_index'

2020-06-04 19:48:35 - [MESSAGE][PASSED] - Keys 'ENTER + ' sent to object: 'Object Repository/Objects.HighlightElements/input_field_index'

2020-06-04 19:48:35 - [TEST_STEP][PASSED] - ComboBoxValue = getAttribute(NewInputNmField, "value"): Attribute 'value' of object 'Object Repository/Objects.HighlightElements/input_field_index' is: 'Joseph Lim Pheng Weng (PHENGWENG)'

2020-06-04 19:48:35 - [MESSAGE][PASSED] - Attribute 'value' of object 'Object Repository/Objects.HighlightElements/input_field_index' is: 'Joseph Lim Pheng Weng (PHENGWENG)'

2020-06-04 19:48:35 - [TEST_STEP][PASSED] - callTestCase(findTestCase(CallTCName), ["FindValue":ComboBoxValue, "DropdownNm":comboNm], STOP_ON_FAILURE): Call Test Case 'Test Cases/PFI Precision and Scale/HashMap Tables/OfficerLists' successfully

2020-06-04 19:48:35 - [TEST_CASE][PASSED] - Test Cases/PFI Precision and Scale/HashMap Tables/OfficerLists: Test Cases/PFI Precision and Scale/HashMap Tables/OfficerLists

2020-06-04 19:48:35 - [TEST_STEP][PASSED] - Thread.sleep(1000): null

2020-06-04 19:48:36 - [TEST_STEP][PASSED] - OfficerLists = [1:"Aaron Sham Wai Lun (AARON)", 2:"Azidah Bte Akmad (Mdm) (USAABD)", 3:"Chung Fong Nyen (USACFN)", 4:"David Tey Dah Wei (DAHWEI)", ... ]: null

2020-06-04 19:48:36 - [TEST_STEP][PASSED] - ValueFound = OfficerLists.find({ -> ... }): null

2020-06-04 19:48:36 - [MESSAGE][PASSED] - Call Test Case 'Test Cases/PFI Precision and Scale/HashMap Tables/OfficerLists' successfully

2020-06-04 19:48:36 - [TEST_STEP][PASSED] - println(ValueFound): null

2020-06-04 19:48:36 - [TEST_STEP][PASSED] - sendKeys(NewInputNmField, Keys.chord(ARROW_DOWN)): Keys 'DOWN + ' sent to object: 'Object Repository/Objects.HighlightElements/input_field_index'

2020-06-04 19:48:36 - [MESSAGE][PASSED] - Keys 'DOWN + ' sent to object: 'Object Repository/Objects.HighlightElements/input_field_index'

2020-06-04 19:48:36 - [TEST_STEP][PASSED] - sendKeys(NewInputNmField, Keys.chord(ARROW_DOWN)): Keys 'DOWN + ' sent to object: 'Object Repository/Objects.HighlightElements/input_field_index'

2020-06-04 19:48:36 - [MESSAGE][PASSED] - Keys 'DOWN + ' sent to object: 'Object Repository/Objects.HighlightElements/input_field_index'

2020-06-04 19:48:36 - [TEST_STEP][PASSED] - delay(DelayTime): Delayed 2 second(s)

2020-06-04 19:48:38 - [MESSAGE][PASSED] - Delayed 2 second(s)

2020-06-04 19:48:38 - [TEST_STEP][PASSED] - sendKeys(NewInputNmField, Keys.chord(ENTER)): Keys 'ENTER + ' sent to object: 'Object Repository/Objects.HighlightElements/input_field_index'

2020-06-04 19:48:38 - [MESSAGE][PASSED] - Keys 'ENTER + ' sent to object: 'Object Repository/Objects.HighlightElements/input_field_index'

2020-06-04 19:48:38 - [TEST_STEP][PASSED] - ComboBoxValue = getAttribute(NewInputNmField, "value"): Attribute 'value' of object 'Object Repository/Objects.HighlightElements/input_field_index' is: 'Kaliannan Thanabal (KALIANN)'

2020-06-04 19:48:38 - [MESSAGE][PASSED] - Attribute 'value' of object 'Object Repository/Objects.HighlightElements/input_field_index' is: 'Kaliannan Thanabal (KALIANN)'

2020-06-04 19:48:38 - [TEST_STEP][PASSED] - callTestCase(findTestCase(CallTCName), ["FindValue":ComboBoxValue, "DropdownNm":comboNm], STOP_ON_FAILURE): Call Test Case 'Test Cases/PFI Precision and Scale/HashMap Tables/OfficerLists' successfully

2020-06-04 19:48:38 - [TEST_CASE][PASSED] - Test Cases/PFI Precision and Scale/HashMap Tables/OfficerLists: Test Cases/PFI Precision and Scale/HashMap Tables/OfficerLists

2020-06-04 19:48:38 - [TEST_STEP][PASSED] - Thread.sleep(1000): null

2020-06-04 19:48:39 - [TEST_STEP][PASSED] - OfficerLists = [1:"Aaron Sham Wai Lun (AARON)", 2:"Azidah Bte Akmad (Mdm) (USAABD)", 3:"Chung Fong Nyen (USACFN)", 4:"David Tey Dah Wei (DAHWEI)", ... ]: null

2020-06-04 19:48:39 - [TEST_STEP][PASSED] - ValueFound = OfficerLists.find({ -> ... }): null

2020-06-04 19:48:39 - [MESSAGE][PASSED] - Call Test Case 'Test Cases/PFI Precision and Scale/HashMap Tables/OfficerLists' successfully

2020-06-04 19:48:39 - [TEST_STEP][PASSED] - println(ValueFound): null

2020-06-04 19:48:39 - [TEST_STEP][PASSED] - sendKeys(NewInputNmField, Keys.chord(ARROW_DOWN)): Keys 'DOWN + ' sent to object: 'Object Repository/Objects.HighlightElements/input_field_index'

2020-06-04 19:48:40 - [MESSAGE][PASSED] - Keys 'DOWN + ' sent to object: 'Object Repository/Objects.HighlightElements/input_field_index'

2020-06-04 19:48:40 - [TEST_STEP][PASSED] - sendKeys(NewInputNmField, Keys.chord(ARROW_DOWN)): Keys 'DOWN + ' sent to object: 'Object Repository/Objects.HighlightElements/input_field_index'

2020-06-04 19:48:40 - [MESSAGE][PASSED] - Keys 'DOWN + ' sent to object: 'Object Repository/Objects.HighlightElements/input_field_index'

2020-06-04 19:48:40 - [TEST_STEP][PASSED] - delay(DelayTime): Delayed 2 second(s)

2020-06-04 19:48:42 - [MESSAGE][PASSED] - Delayed 2 second(s)

2020-06-04 19:48:42 - [TEST_STEP][PASSED] - sendKeys(NewInputNmField, Keys.chord(ENTER)): Keys 'ENTER + ' sent to object: 'Object Repository/Objects.HighlightElements/input_field_index'

2020-06-04 19:48:42 - [MESSAGE][PASSED] - Keys 'ENTER + ' sent to object: 'Object Repository/Objects.HighlightElements/input_field_index'

2020-06-04 19:48:42 - [TEST_STEP][PASSED] - ComboBoxValue = getAttribute(NewInputNmField, "value"): Attribute 'value' of object 'Object Repository/Objects.HighlightElements/input_field_index' is: 'Kelvin Phua Meng Thong (MENGTHONG)'

2020-06-04 19:48:42 - [MESSAGE][PASSED] - Attribute 'value' of object 'Object Repository/Objects.HighlightElements/input_field_index' is: 'Kelvin Phua Meng Thong (MENGTHONG)'

2020-06-04 19:48:42 - [TEST_STEP][PASSED] - callTestCase(findTestCase(CallTCName), ["FindValue":ComboBoxValue, "DropdownNm":comboNm], STOP_ON_FAILURE): Call Test Case 'Test Cases/PFI Precision and Scale/HashMap Tables/OfficerLists' successfully

2020-06-04 19:48:42 - [TEST_CASE][PASSED] - Test Cases/PFI Precision and Scale/HashMap Tables/OfficerLists: Test Cases/PFI Precision and Scale/HashMap Tables/OfficerLists

2020-06-04 19:48:42 - [TEST_STEP][PASSED] - Thread.sleep(1000): null

2020-06-04 19:48:43 - [TEST_STEP][PASSED] - OfficerLists = [1:"Aaron Sham Wai Lun (AARON)", 2:"Azidah Bte Akmad (Mdm) (USAABD)", 3:"Chung Fong Nyen (USACFN)", 4:"David Tey Dah Wei (DAHWEI)", ... ]: null

2020-06-04 19:48:43 - [TEST_STEP][PASSED] - ValueFound = OfficerLists.find({ -> ... }): null

2020-06-04 19:48:43 - [MESSAGE][PASSED] - Call Test Case 'Test Cases/PFI Precision and Scale/HashMap Tables/OfficerLists' successfully

2020-06-04 19:48:43 - [TEST_STEP][PASSED] - println(ValueFound): null

2020-06-04 19:48:43 - [TEST_STEP][PASSED] - sendKeys(NewInputNmField, Keys.chord(ARROW_DOWN)): Keys 'DOWN + ' sent to object: 'Object Repository/Objects.HighlightElements/input_field_index'

2020-06-04 19:48:43 - [MESSAGE][PASSED] - Keys 'DOWN + ' sent to object: 'Object Repository/Objects.HighlightElements/input_field_index'

2020-06-04 19:48:43 - [TEST_STEP][PASSED] - sendKeys(NewInputNmField, Keys.chord(ARROW_DOWN)): Keys 'DOWN + ' sent to object: 'Object Repository/Objects.HighlightElements/input_field_index'

2020-06-04 19:48:43 - [MESSAGE][PASSED] - Keys 'DOWN + ' sent to object: 'Object Repository/Objects.HighlightElements/input_field_index'

2020-06-04 19:48:43 - [TEST_STEP][PASSED] - delay(DelayTime): Delayed 2 second(s)

2020-06-04 19:48:45 - [MESSAGE][PASSED] - Delayed 2 second(s)

2020-06-04 19:48:45 - [TEST_STEP][PASSED] - sendKeys(NewInputNmField, Keys.chord(ENTER)): Keys 'ENTER + ' sent to object: 'Object Repository/Objects.HighlightElements/input_field_index'

2020-06-04 19:48:45 - [MESSAGE][PASSED] - Keys 'ENTER + ' sent to object: 'Object Repository/Objects.HighlightElements/input_field_index'

2020-06-04 19:48:45 - [TEST_STEP][PASSED] - ComboBoxValue = getAttribute(NewInputNmField, "value"): Attribute 'value' of object 'Object Repository/Objects.HighlightElements/input_field_index' is: 'Lee Kok Tien (USAKTL)'

2020-06-04 19:48:45 - [MESSAGE][PASSED] - Attribute 'value' of object 'Object Repository/Objects.HighlightElements/input_field_index' is: 'Lee Kok Tien (USAKTL)'

2020-06-04 19:48:45 - [TEST_STEP][PASSED] - callTestCase(findTestCase(CallTCName), ["FindValue":ComboBoxValue, "DropdownNm":comboNm], STOP_ON_FAILURE): Call Test Case 'Test Cases/PFI Precision and Scale/HashMap Tables/OfficerLists' successfully

2020-06-04 19:48:45 - [TEST_CASE][PASSED] - Test Cases/PFI Precision and Scale/HashMap Tables/OfficerLists: Test Cases/PFI Precision and Scale/HashMap Tables/OfficerLists

2020-06-04 19:48:45 - [TEST_STEP][PASSED] - Thread.sleep(1000): null

2020-06-04 19:48:46 - [TEST_STEP][PASSED] - OfficerLists = [1:"Aaron Sham Wai Lun (AARON)", 2:"Azidah Bte Akmad (Mdm) (USAABD)", 3:"Chung Fong Nyen (USACFN)", 4:"David Tey Dah Wei (DAHWEI)", ... ]: null

2020-06-04 19:48:46 - [TEST_STEP][PASSED] - ValueFound = OfficerLists.find({ -> ... }): null

2020-06-04 19:48:46 - [MESSAGE][PASSED] - Call Test Case 'Test Cases/PFI Precision and Scale/HashMap Tables/OfficerLists' successfully

2020-06-04 19:48:46 - [TEST_STEP][PASSED] - println(ValueFound): null

2020-06-04 19:48:46 - [TEST_STEP][PASSED] - sendKeys(NewInputNmField, Keys.chord(ARROW_DOWN)): Keys 'DOWN + ' sent to object: 'Object Repository/Objects.HighlightElements/input_field_index'

2020-06-04 19:48:46 - [MESSAGE][PASSED] - Keys 'DOWN + ' sent to object: 'Object Repository/Objects.HighlightElements/input_field_index'

2020-06-04 19:48:46 - [TEST_STEP][PASSED] - sendKeys(NewInputNmField, Keys.chord(ARROW_DOWN)): Keys 'DOWN + ' sent to object: 'Object Repository/Objects.HighlightElements/input_field_index'

2020-06-04 19:48:46 - [MESSAGE][PASSED] - Keys 'DOWN + ' sent to object: 'Object Repository/Objects.HighlightElements/input_field_index'

2020-06-04 19:48:46 - [TEST_STEP][PASSED] - delay(DelayTime): Delayed 2 second(s)

2020-06-04 19:48:48 - [MESSAGE][PASSED] - Delayed 2 second(s)

2020-06-04 19:48:48 - [TEST_STEP][PASSED] - sendKeys(NewInputNmField, Keys.chord(ENTER)): Keys 'ENTER + ' sent to object: 'Object Repository/Objects.HighlightElements/input_field_index'

2020-06-04 19:48:48 - [MESSAGE][PASSED] - Keys 'ENTER + ' sent to object: 'Object Repository/Objects.HighlightElements/input_field_index'

2020-06-04 19:48:48 - [TEST_STEP][PASSED] - ComboBoxValue = getAttribute(NewInputNmField, "value"): Attribute 'value' of object 'Object Repository/Objects.HighlightElements/input_field_index' is: 'Lim Beng Kwee (BENGKWEE)'

2020-06-04 19:48:48 - [MESSAGE][PASSED] - Attribute 'value' of object 'Object Repository/Objects.HighlightElements/input_field_index' is: 'Lim Beng Kwee (BENGKWEE)'

2020-06-04 19:48:48 - [TEST_STEP][PASSED] - callTestCase(findTestCase(CallTCName), ["FindValue":ComboBoxValue, "DropdownNm":comboNm], STOP_ON_FAILURE): Call Test Case 'Test Cases/PFI Precision and Scale/HashMap Tables/OfficerLists' successfully

2020-06-04 19:48:48 - [TEST_CASE][PASSED] - Test Cases/PFI Precision and Scale/HashMap Tables/OfficerLists: Test Cases/PFI Precision and Scale/HashMap Tables/OfficerLists

2020-06-04 19:48:48 - [TEST_STEP][PASSED] - Thread.sleep(1000): null

2020-06-04 19:48:49 - [TEST_STEP][PASSED] - OfficerLists = [1:"Aaron Sham Wai Lun (AARON)", 2:"Azidah Bte Akmad (Mdm) (USAABD)", 3:"Chung Fong Nyen (USACFN)", 4:"David Tey Dah Wei (DAHWEI)", ... ]: null

2020-06-04 19:48:49 - [TEST_STEP][PASSED] - ValueFound = OfficerLists.find({ -> ... }): null

2020-06-04 19:48:49 - [MESSAGE][PASSED] - Call Test Case 'Test Cases/PFI Precision and Scale/HashMap Tables/OfficerLists' successfully

2020-06-04 19:48:49 - [TEST_STEP][PASSED] - println(ValueFound): null

2020-06-04 19:48:49 - [TEST_STEP][PASSED] - sendKeys(NewInputNmField, Keys.chord(ARROW_DOWN)): Keys 'DOWN + ' sent to object: 'Object Repository/Objects.HighlightElements/input_field_index'

2020-06-04 19:48:49 - [MESSAGE][PASSED] - Keys 'DOWN + ' sent to object: 'Object Repository/Objects.HighlightElements/input_field_index'

2020-06-04 19:48:49 - [TEST_STEP][PASSED] - sendKeys(NewInputNmField, Keys.chord(ARROW_DOWN)): Keys 'DOWN + ' sent to object: 'Object Repository/Objects.HighlightElements/input_field_index'

2020-06-04 19:48:49 - [MESSAGE][PASSED] - Keys 'DOWN + ' sent to object: 'Object Repository/Objects.HighlightElements/input_field_index'

2020-06-04 19:48:49 - [TEST_STEP][PASSED] - delay(DelayTime): Delayed 2 second(s)

2020-06-04 19:48:51 - [MESSAGE][PASSED] - Delayed 2 second(s)

2020-06-04 19:48:51 - [TEST_STEP][PASSED] - sendKeys(NewInputNmField, Keys.chord(ENTER)): Keys 'ENTER + ' sent to object: 'Object Repository/Objects.HighlightElements/input_field_index'

2020-06-04 19:48:51 - [MESSAGE][PASSED] - Keys 'ENTER + ' sent to object: 'Object Repository/Objects.HighlightElements/input_field_index'

2020-06-04 19:48:51 - [TEST_STEP][PASSED] - ComboBoxValue = getAttribute(NewInputNmField, "value"): Attribute 'value' of object 'Object Repository/Objects.HighlightElements/input_field_index' is: 'Lim Leng Boon (LENGBOON)'

2020-06-04 19:48:51 - [MESSAGE][PASSED] - Attribute 'value' of object 'Object Repository/Objects.HighlightElements/input_field_index' is: 'Lim Leng Boon (LENGBOON)'

2020-06-04 19:48:51 - [TEST_STEP][PASSED] - callTestCase(findTestCase(CallTCName), ["FindValue":ComboBoxValue, "DropdownNm":comboNm], STOP_ON_FAILURE): Call Test Case 'Test Cases/PFI Precision and Scale/HashMap Tables/OfficerLists' successfully

2020-06-04 19:48:51 - [TEST_CASE][PASSED] - Test Cases/PFI Precision and Scale/HashMap Tables/OfficerLists: Test Cases/PFI Precision and Scale/HashMap Tables/OfficerLists

2020-06-04 19:48:51 - [TEST_STEP][PASSED] - Thread.sleep(1000): null

2020-06-04 19:48:52 - [TEST_STEP][PASSED] - OfficerLists = [1:"Aaron Sham Wai Lun (AARON)", 2:"Azidah Bte Akmad (Mdm) (USAABD)", 3:"Chung Fong Nyen (USACFN)", 4:"David Tey Dah Wei (DAHWEI)", ... ]: null

2020-06-04 19:48:52 - [TEST_STEP][PASSED] - ValueFound = OfficerLists.find({ -> ... }): null

2020-06-04 19:48:52 - [MESSAGE][PASSED] - Call Test Case 'Test Cases/PFI Precision and Scale/HashMap Tables/OfficerLists' successfully

2020-06-04 19:48:52 - [TEST_STEP][PASSED] - println(ValueFound): null

2020-06-04 19:48:52 - [TEST_STEP][PASSED] - sendKeys(NewInputNmField, Keys.chord(ARROW_DOWN)): Keys 'DOWN + ' sent to object: 'Object Repository/Objects.HighlightElements/input_field_index'

2020-06-04 19:48:52 - [MESSAGE][PASSED] - Keys 'DOWN + ' sent to object: 'Object Repository/Objects.HighlightElements/input_field_index'

2020-06-04 19:48:52 - [TEST_STEP][PASSED] - sendKeys(NewInputNmField, Keys.chord(ARROW_DOWN)): Keys 'DOWN + ' sent to object: 'Object Repository/Objects.HighlightElements/input_field_index'

2020-06-04 19:48:52 - [MESSAGE][PASSED] - Keys 'DOWN + ' sent to object: 'Object Repository/Objects.HighlightElements/input_field_index'

2020-06-04 19:48:52 - [TEST_STEP][PASSED] - delay(DelayTime): Delayed 2 second(s)

2020-06-04 19:48:54 - [MESSAGE][PASSED] - Delayed 2 second(s)

2020-06-04 19:48:54 - [TEST_STEP][PASSED] - sendKeys(NewInputNmField, Keys.chord(ENTER)): Keys 'ENTER + ' sent to object: 'Object Repository/Objects.HighlightElements/input_field_index'

2020-06-04 19:48:55 - [MESSAGE][PASSED] - Keys 'ENTER + ' sent to object: 'Object Repository/Objects.HighlightElements/input_field_index'

2020-06-04 19:48:55 - [TEST_STEP][PASSED] - ComboBoxValue = getAttribute(NewInputNmField, "value"): Attribute 'value' of object 'Object Repository/Objects.HighlightElements/input_field_index' is: 'Liu Xiaopeng (XIAOPENG)'

2020-06-04 19:48:55 - [MESSAGE][PASSED] - Attribute 'value' of object 'Object Repository/Objects.HighlightElements/input_field_index' is: 'Liu Xiaopeng (XIAOPENG)'

2020-06-04 19:48:55 - [TEST_STEP][PASSED] - callTestCase(findTestCase(CallTCName), ["FindValue":ComboBoxValue, "DropdownNm":comboNm], STOP_ON_FAILURE): Call Test Case 'Test Cases/PFI Precision and Scale/HashMap Tables/OfficerLists' successfully

2020-06-04 19:48:55 - [TEST_CASE][PASSED] - Test Cases/PFI Precision and Scale/HashMap Tables/OfficerLists: Test Cases/PFI Precision and Scale/HashMap Tables/OfficerLists

2020-06-04 19:48:55 - [TEST_STEP][PASSED] - Thread.sleep(1000): null

2020-06-04 19:48:56 - [TEST_STEP][PASSED] - OfficerLists = [1:"Aaron Sham Wai Lun (AARON)", 2:"Azidah Bte Akmad (Mdm) (USAABD)", 3:"Chung Fong Nyen (USACFN)", 4:"David Tey Dah Wei (DAHWEI)", ... ]: null

2020-06-04 19:48:56 - [TEST_STEP][PASSED] - ValueFound = OfficerLists.find({ -> ... }): null

2020-06-04 19:48:56 - [MESSAGE][PASSED] - Call Test Case 'Test Cases/PFI Precision and Scale/HashMap Tables/OfficerLists' successfully

2020-06-04 19:48:56 - [TEST_STEP][PASSED] - println(ValueFound): null

2020-06-04 19:48:56 - [TEST_STEP][PASSED] - sendKeys(NewInputNmField, Keys.chord(ARROW_DOWN)): Keys 'DOWN + ' sent to object: 'Object Repository/Objects.HighlightElements/input_field_index'

2020-06-04 19:48:56 - [MESSAGE][PASSED] - Keys 'DOWN + ' sent to object: 'Object Repository/Objects.HighlightElements/input_field_index'

2020-06-04 19:48:56 - [TEST_STEP][PASSED] - sendKeys(NewInputNmField, Keys.chord(ARROW_DOWN)): Keys 'DOWN + ' sent to object: 'Object Repository/Objects.HighlightElements/input_field_index'

2020-06-04 19:48:56 - [MESSAGE][PASSED] - Keys 'DOWN + ' sent to object: 'Object Repository/Objects.HighlightElements/input_field_index'

2020-06-04 19:48:56 - [TEST_STEP][PASSED] - delay(DelayTime): Delayed 2 second(s)

2020-06-04 19:48:58 - [MESSAGE][PASSED] - Delayed 2 second(s)

2020-06-04 19:48:58 - [TEST_STEP][PASSED] - sendKeys(NewInputNmField, Keys.chord(ENTER)): Keys 'ENTER + ' sent to object: 'Object Repository/Objects.HighlightElements/input_field_index'

2020-06-04 19:48:58 - [MESSAGE][PASSED] - Keys 'ENTER + ' sent to object: 'Object Repository/Objects.HighlightElements/input_field_index'

2020-06-04 19:48:58 - [TEST_STEP][PASSED] - ComboBoxValue = getAttribute(NewInputNmField, "value"): Attribute 'value' of object 'Object Repository/Objects.HighlightElements/input_field_index' is: 'Lu Ji Ju (Mdm) (USALJJ)'

2020-06-04 19:48:58 - [MESSAGE][PASSED] - Attribute 'value' of object 'Object Repository/Objects.HighlightElements/input_field_index' is: 'Lu Ji Ju (Mdm) (USALJJ)'

2020-06-04 19:48:58 - [TEST_STEP][PASSED] - callTestCase(findTestCase(CallTCName), ["FindValue":ComboBoxValue, "DropdownNm":comboNm], STOP_ON_FAILURE): Call Test Case 'Test Cases/PFI Precision and Scale/HashMap Tables/OfficerLists' successfully

2020-06-04 19:48:58 - [TEST_CASE][PASSED] - Test Cases/PFI Precision and Scale/HashMap Tables/OfficerLists: Test Cases/PFI Precision and Scale/HashMap Tables/OfficerLists

2020-06-04 19:48:58 - [TEST_STEP][PASSED] - Thread.sleep(1000): null

2020-06-04 19:48:59 - [TEST_STEP][PASSED] - OfficerLists = [1:"Aaron Sham Wai Lun (AARON)", 2:"Azidah Bte Akmad (Mdm) (USAABD)", 3:"Chung Fong Nyen (USACFN)", 4:"David Tey Dah Wei (DAHWEI)", ... ]: null

2020-06-04 19:48:59 - [TEST_STEP][PASSED] - ValueFound = OfficerLists.find({ -> ... }): null

2020-06-04 19:48:59 - [MESSAGE][PASSED] - Call Test Case 'Test Cases/PFI Precision and Scale/HashMap Tables/OfficerLists' successfully

2020-06-04 19:48:59 - [TEST_STEP][PASSED] - println(ValueFound): null

2020-06-04 19:48:59 - [TEST_STEP][PASSED] - sendKeys(NewInputNmField, Keys.chord(ARROW_DOWN)): Keys 'DOWN + ' sent to object: 'Object Repository/Objects.HighlightElements/input_field_index'

2020-06-04 19:48:59 - [MESSAGE][PASSED] - Keys 'DOWN + ' sent to object: 'Object Repository/Objects.HighlightElements/input_field_index'

2020-06-04 19:48:59 - [TEST_STEP][PASSED] - sendKeys(NewInputNmField, Keys.chord(ARROW_DOWN)): Keys 'DOWN + ' sent to object: 'Object Repository/Objects.HighlightElements/input_field_index'

2020-06-04 19:48:59 - [MESSAGE][PASSED] - Keys 'DOWN + ' sent to object: 'Object Repository/Objects.HighlightElements/input_field_index'

2020-06-04 19:48:59 - [TEST_STEP][PASSED] - delay(DelayTime): Delayed 2 second(s)

2020-06-04 19:49:01 - [MESSAGE][PASSED] - Delayed 2 second(s)

2020-06-04 19:49:01 - [TEST_STEP][PASSED] - sendKeys(NewInputNmField, Keys.chord(ENTER)): Keys 'ENTER + ' sent to object: 'Object Repository/Objects.HighlightElements/input_field_index'

2020-06-04 19:49:01 - [MESSAGE][PASSED] - Keys 'ENTER + ' sent to object: 'Object Repository/Objects.HighlightElements/input_field_index'

2020-06-04 19:49:01 - [TEST_STEP][PASSED] - ComboBoxValue = getAttribute(NewInputNmField, "value"): Attribute 'value' of object 'Object Repository/Objects.HighlightElements/input_field_index' is: 'Mohd Jeffri Bin Abdul Rahim (MOHDJEFFRI)'

2020-06-04 19:49:01 - [MESSAGE][PASSED] - Attribute 'value' of object 'Object Repository/Objects.HighlightElements/input_field_index' is: 'Mohd Jeffri Bin Abdul Rahim (MOHDJEFFRI)'

2020-06-04 19:49:01 - [TEST_STEP][PASSED] - callTestCase(findTestCase(CallTCName), ["FindValue":ComboBoxValue, "DropdownNm":comboNm], STOP_ON_FAILURE): Call Test Case 'Test Cases/PFI Precision and Scale/HashMap Tables/OfficerLists' successfully

2020-06-04 19:49:01 - [TEST_CASE][PASSED] - Test Cases/PFI Precision and Scale/HashMap Tables/OfficerLists: Test Cases/PFI Precision and Scale/HashMap Tables/OfficerLists

2020-06-04 19:49:01 - [TEST_STEP][PASSED] - Thread.sleep(1000): null

2020-06-04 19:49:02 - [TEST_STEP][PASSED] - OfficerLists = [1:"Aaron Sham Wai Lun (AARON)", 2:"Azidah Bte Akmad (Mdm) (USAABD)", 3:"Chung Fong Nyen (USACFN)", 4:"David Tey Dah Wei (DAHWEI)", ... ]: null

2020-06-04 19:49:02 - [TEST_STEP][PASSED] - ValueFound = OfficerLists.find({ -> ... }): null

2020-06-04 19:49:02 - [MESSAGE][PASSED] - Call Test Case 'Test Cases/PFI Precision and Scale/HashMap Tables/OfficerLists' successfully

2020-06-04 19:49:02 - [TEST_STEP][PASSED] - println(ValueFound): null

2020-06-04 19:49:02 - [TEST_STEP][PASSED] - sendKeys(NewInputNmField, Keys.chord(ARROW_DOWN)): Keys 'DOWN + ' sent to object: 'Object Repository/Objects.HighlightElements/input_field_index'

2020-06-04 19:49:02 - [MESSAGE][PASSED] - Keys 'DOWN + ' sent to object: 'Object Repository/Objects.HighlightElements/input_field_index'

2020-06-04 19:49:02 - [TEST_STEP][PASSED] - sendKeys(NewInputNmField, Keys.chord(ARROW_DOWN)): Keys 'DOWN + ' sent to object: 'Object Repository/Objects.HighlightElements/input_field_index'

2020-06-04 19:49:02 - [MESSAGE][PASSED] - Keys 'DOWN + ' sent to object: 'Object Repository/Objects.HighlightElements/input_field_index'

2020-06-04 19:49:02 - [TEST_STEP][PASSED] - delay(DelayTime): Delayed 2 second(s)

2020-06-04 19:49:04 - [MESSAGE][PASSED] - Delayed 2 second(s)

2020-06-04 19:49:04 - [TEST_STEP][PASSED] - sendKeys(NewInputNmField, Keys.chord(ENTER)): Keys 'ENTER + ' sent to object: 'Object Repository/Objects.HighlightElements/input_field_index'

2020-06-04 19:49:04 - [MESSAGE][PASSED] - Keys 'ENTER + ' sent to object: 'Object Repository/Objects.HighlightElements/input_field_index'

2020-06-04 19:49:04 - [TEST_STEP][PASSED] - ComboBoxValue = getAttribute(NewInputNmField, "value"): Attribute 'value' of object 'Object Repository/Objects.HighlightElements/input_field_index' is: 'Richard Lim Fang Ping (FANGPING)'

2020-06-04 19:49:04 - [MESSAGE][PASSED] - Attribute 'value' of object 'Object Repository/Objects.HighlightElements/input_field_index' is: 'Richard Lim Fang Ping (FANGPING)'

2020-06-04 19:49:04 - [TEST_STEP][PASSED] - callTestCase(findTestCase(CallTCName), ["FindValue":ComboBoxValue, "DropdownNm":comboNm], STOP_ON_FAILURE): Call Test Case 'Test Cases/PFI Precision and Scale/HashMap Tables/OfficerLists' successfully

2020-06-04 19:49:04 - [TEST_CASE][PASSED] - Test Cases/PFI Precision and Scale/HashMap Tables/OfficerLists: Test Cases/PFI Precision and Scale/HashMap Tables/OfficerLists

2020-06-04 19:49:04 - [TEST_STEP][PASSED] - Thread.sleep(1000): null

2020-06-04 19:49:05 - [TEST_STEP][PASSED] - OfficerLists = [1:"Aaron Sham Wai Lun (AARON)", 2:"Azidah Bte Akmad (Mdm) (USAABD)", 3:"Chung Fong Nyen (USACFN)", 4:"David Tey Dah Wei (DAHWEI)", ... ]: null

2020-06-04 19:49:05 - [TEST_STEP][PASSED] - ValueFound = OfficerLists.find({ -> ... }): null

2020-06-04 19:49:05 - [MESSAGE][PASSED] - Call Test Case 'Test Cases/PFI Precision and Scale/HashMap Tables/OfficerLists' successfully

2020-06-04 19:49:05 - [TEST_STEP][PASSED] - println(ValueFound): null

2020-06-04 19:49:05 - [TEST_STEP][PASSED] - sendKeys(NewInputNmField, Keys.chord(ARROW_DOWN)): Keys 'DOWN + ' sent to object: 'Object Repository/Objects.HighlightElements/input_field_index'

2020-06-04 19:49:05 - [MESSAGE][PASSED] - Keys 'DOWN + ' sent to object: 'Object Repository/Objects.HighlightElements/input_field_index'

2020-06-04 19:49:05 - [TEST_STEP][PASSED] - sendKeys(NewInputNmField, Keys.chord(ARROW_DOWN)): Keys 'DOWN + ' sent to object: 'Object Repository/Objects.HighlightElements/input_field_index'

2020-06-04 19:49:06 - [MESSAGE][PASSED] - Keys 'DOWN + ' sent to object: 'Object Repository/Objects.HighlightElements/input_field_index'

2020-06-04 19:49:06 - [TEST_STEP][PASSED] - delay(DelayTime): Delayed 2 second(s)

2020-06-04 19:49:08 - [MESSAGE][PASSED] - Delayed 2 second(s)

2020-06-04 19:49:08 - [TEST_STEP][PASSED] - sendKeys(NewInputNmField, Keys.chord(ENTER)): Keys 'ENTER + ' sent to object: 'Object Repository/Objects.HighlightElements/input_field_index'

2020-06-04 19:49:08 - [MESSAGE][PASSED] - Keys 'ENTER + ' sent to object: 'Object Repository/Objects.HighlightElements/input_field_index'

2020-06-04 19:49:08 - [TEST_STEP][PASSED] - ComboBoxValue = getAttribute(NewInputNmField, "value"): Attribute 'value' of object 'Object Repository/Objects.HighlightElements/input_field_index' is: 'RITA WONG SIONG ING (RITAWONG)'

2020-06-04 19:49:08 - [MESSAGE][PASSED] - Attribute 'value' of object 'Object Repository/Objects.HighlightElements/input_field_index' is: 'RITA WONG SIONG ING (RITAWONG)'

2020-06-04 19:49:08 - [TEST_STEP][PASSED] - callTestCase(findTestCase(CallTCName), ["FindValue":ComboBoxValue, "DropdownNm":comboNm], STOP_ON_FAILURE): Call Test Case 'Test Cases/PFI Precision and Scale/HashMap Tables/OfficerLists' successfully

2020-06-04 19:49:08 - [TEST_CASE][PASSED] - Test Cases/PFI Precision and Scale/HashMap Tables/OfficerLists: Test Cases/PFI Precision and Scale/HashMap Tables/OfficerLists

2020-06-04 19:49:08 - [TEST_STEP][PASSED] - Thread.sleep(1000): null

2020-06-04 19:49:09 - [TEST_STEP][PASSED] - OfficerLists = [1:"Aaron Sham Wai Lun (AARON)", 2:"Azidah Bte Akmad (Mdm) (USAABD)", 3:"Chung Fong Nyen (USACFN)", 4:"David Tey Dah Wei (DAHWEI)", ... ]: null

2020-06-04 19:49:09 - [TEST_STEP][PASSED] - ValueFound = OfficerLists.find({ -> ... }): null

2020-06-04 19:49:09 - [MESSAGE][PASSED] - Call Test Case 'Test Cases/PFI Precision and Scale/HashMap Tables/OfficerLists' successfully

2020-06-04 19:49:09 - [TEST_STEP][PASSED] - println(ValueFound): null

2020-06-04 19:49:09 - [TEST_STEP][PASSED] - sendKeys(NewInputNmField, Keys.chord(ARROW_DOWN)): Keys 'DOWN + ' sent to object: 'Object Repository/Objects.HighlightElements/input_field_index'

2020-06-04 19:49:09 - [MESSAGE][PASSED] - Keys 'DOWN + ' sent to object: 'Object Repository/Objects.HighlightElements/input_field_index'

2020-06-04 19:49:09 - [TEST_STEP][PASSED] - sendKeys(NewInputNmField, Keys.chord(ARROW_DOWN)): Keys 'DOWN + ' sent to object: 'Object Repository/Objects.HighlightElements/input_field_index'

2020-06-04 19:49:09 - [MESSAGE][PASSED] - Keys 'DOWN + ' sent to object: 'Object Repository/Objects.HighlightElements/input_field_index'

2020-06-04 19:49:09 - [TEST_STEP][PASSED] - delay(DelayTime): Delayed 2 second(s)

2020-06-04 19:49:11 - [MESSAGE][PASSED] - Delayed 2 second(s)

2020-06-04 19:49:11 - [TEST_STEP][PASSED] - sendKeys(NewInputNmField, Keys.chord(ENTER)): Keys 'ENTER + ' sent to object: 'Object Repository/Objects.HighlightElements/input_field_index'

2020-06-04 19:49:11 - [MESSAGE][PASSED] - Keys 'ENTER + ' sent to object: 'Object Repository/Objects.HighlightElements/input_field_index'

2020-06-04 19:49:11 - [TEST_STEP][PASSED] - ComboBoxValue = getAttribute(NewInputNmField, "value"): Attribute 'value' of object 'Object Repository/Objects.HighlightElements/input_field_index' is: 'Shi Hong Wei (HONGWEI)'

2020-06-04 19:49:11 - [MESSAGE][PASSED] - Attribute 'value' of object 'Object Repository/Objects.HighlightElements/input_field_index' is: 'Shi Hong Wei (HONGWEI)'

2020-06-04 19:49:11 - [TEST_STEP][PASSED] - callTestCase(findTestCase(CallTCName), ["FindValue":ComboBoxValue, "DropdownNm":comboNm], STOP_ON_FAILURE): Call Test Case 'Test Cases/PFI Precision and Scale/HashMap Tables/OfficerLists' successfully

2020-06-04 19:49:11 - [TEST_CASE][PASSED] - Test Cases/PFI Precision and Scale/HashMap Tables/OfficerLists: Test Cases/PFI Precision and Scale/HashMap Tables/OfficerLists

2020-06-04 19:49:11 - [TEST_STEP][PASSED] - Thread.sleep(1000): null

2020-06-04 19:49:12 - [TEST_STEP][PASSED] - OfficerLists = [1:"Aaron Sham Wai Lun (AARON)", 2:"Azidah Bte Akmad (Mdm) (USAABD)", 3:"Chung Fong Nyen (USACFN)", 4:"David Tey Dah Wei (DAHWEI)", ... ]: null

2020-06-04 19:49:12 - [TEST_STEP][PASSED] - ValueFound = OfficerLists.find({ -> ... }): null

2020-06-04 19:49:12 - [MESSAGE][PASSED] - Call Test Case 'Test Cases/PFI Precision and Scale/HashMap Tables/OfficerLists' successfully

2020-06-04 19:49:12 - [TEST_STEP][PASSED] - println(ValueFound): null

2020-06-04 19:49:12 - [TEST_STEP][PASSED] - sendKeys(NewInputNmField, Keys.chord(ARROW_DOWN)): Keys 'DOWN + ' sent to object: 'Object Repository/Objects.HighlightElements/input_field_index'

2020-06-04 19:49:12 - [MESSAGE][PASSED] - Keys 'DOWN + ' sent to object: 'Object Repository/Objects.HighlightElements/input_field_index'

2020-06-04 19:49:12 - [TEST_STEP][PASSED] - sendKeys(NewInputNmField, Keys.chord(ARROW_DOWN)): Keys 'DOWN + ' sent to object: 'Object Repository/Objects.HighlightElements/input_field_index'

2020-06-04 19:49:12 - [MESSAGE][PASSED] - Keys 'DOWN + ' sent to object: 'Object Repository/Objects.HighlightElements/input_field_index'

2020-06-04 19:49:12 - [TEST_STEP][PASSED] - delay(DelayTime): Delayed 2 second(s)

2020-06-04 19:49:14 - [MESSAGE][PASSED] - Delayed 2 second(s)

2020-06-04 19:49:14 - [TEST_STEP][PASSED] - sendKeys(NewInputNmField, Keys.chord(ENTER)): Keys 'ENTER + ' sent to object: 'Object Repository/Objects.HighlightElements/input_field_index'

2020-06-04 19:49:14 - [MESSAGE][PASSED] - Keys 'ENTER + ' sent to object: 'Object Repository/Objects.HighlightElements/input_field_index'

2020-06-04 19:49:14 - [TEST_STEP][PASSED] - ComboBoxValue = getAttribute(NewInputNmField, "value"): Attribute 'value' of object 'Object Repository/Objects.HighlightElements/input_field_index' is: 'Tan Jing Ying (JINGYING)'

2020-06-04 19:49:14 - [MESSAGE][PASSED] - Attribute 'value' of object 'Object Repository/Objects.HighlightElements/input_field_index' is: 'Tan Jing Ying (JINGYING)'

2020-06-04 19:49:14 - [TEST_STEP][PASSED] - callTestCase(findTestCase(CallTCName), ["FindValue":ComboBoxValue, "DropdownNm":comboNm], STOP_ON_FAILURE): Call Test Case 'Test Cases/PFI Precision and Scale/HashMap Tables/OfficerLists' successfully

2020-06-04 19:49:14 - [TEST_CASE][PASSED] - Test Cases/PFI Precision and Scale/HashMap Tables/OfficerLists: Test Cases/PFI Precision and Scale/HashMap Tables/OfficerLists

2020-06-04 19:49:14 - [TEST_STEP][PASSED] - Thread.sleep(1000): null

2020-06-04 19:49:15 - [TEST_STEP][PASSED] - OfficerLists = [1:"Aaron Sham Wai Lun (AARON)", 2:"Azidah Bte Akmad (Mdm) (USAABD)", 3:"Chung Fong Nyen (USACFN)", 4:"David Tey Dah Wei (DAHWEI)", ... ]: null

2020-06-04 19:49:15 - [TEST_STEP][PASSED] - ValueFound = OfficerLists.find({ -> ... }): null

2020-06-04 19:49:15 - [MESSAGE][PASSED] - Call Test Case 'Test Cases/PFI Precision and Scale/HashMap Tables/OfficerLists' successfully

2020-06-04 19:49:15 - [TEST_STEP][PASSED] - println(ValueFound): null

2020-06-04 19:49:15 - [TEST_STEP][PASSED] - sendKeys(NewInputNmField, Keys.chord(ARROW_DOWN)): Keys 'DOWN + ' sent to object: 'Object Repository/Objects.HighlightElements/input_field_index'

2020-06-04 19:49:15 - [MESSAGE][PASSED] - Keys 'DOWN + ' sent to object: 'Object Repository/Objects.HighlightElements/input_field_index'

2020-06-04 19:49:15 - [TEST_STEP][PASSED] - sendKeys(NewInputNmField, Keys.chord(ARROW_DOWN)): Keys 'DOWN + ' sent to object: 'Object Repository/Objects.HighlightElements/input_field_index'

2020-06-04 19:49:15 - [MESSAGE][PASSED] - Keys 'DOWN + ' sent to object: 'Object Repository/Objects.HighlightElements/input_field_index'

2020-06-04 19:49:15 - [TEST_STEP][PASSED] - delay(DelayTime): Delayed 2 second(s)

2020-06-04 19:49:17 - [MESSAGE][PASSED] - Delayed 2 second(s)

2020-06-04 19:49:17 - [TEST_STEP][PASSED] - sendKeys(NewInputNmField, Keys.chord(ENTER)): Keys 'ENTER + ' sent to object: 'Object Repository/Objects.HighlightElements/input_field_index'

2020-06-04 19:49:17 - [MESSAGE][PASSED] - Keys 'ENTER + ' sent to object: 'Object Repository/Objects.HighlightElements/input_field_index'

2020-06-04 19:49:17 - [TEST_STEP][PASSED] - ComboBoxValue = getAttribute(NewInputNmField, "value"): Attribute 'value' of object 'Object Repository/Objects.HighlightElements/input_field_index' is: 'Tan Kwan Joo (KWANJOO)'

2020-06-04 19:49:17 - [MESSAGE][PASSED] - Attribute 'value' of object 'Object Repository/Objects.HighlightElements/input_field_index' is: 'Tan Kwan Joo (KWANJOO)'

2020-06-04 19:49:17 - [TEST_STEP][PASSED] - callTestCase(findTestCase(CallTCName), ["FindValue":ComboBoxValue, "DropdownNm":comboNm], STOP_ON_FAILURE): Call Test Case 'Test Cases/PFI Precision and Scale/HashMap Tables/OfficerLists' successfully

2020-06-04 19:49:17 - [TEST_CASE][PASSED] - Test Cases/PFI Precision and Scale/HashMap Tables/OfficerLists: Test Cases/PFI Precision and Scale/HashMap Tables/OfficerLists

2020-06-04 19:49:17 - [TEST_STEP][PASSED] - Thread.sleep(1000): null

2020-06-04 19:49:18 - [TEST_STEP][PASSED] - OfficerLists = [1:"Aaron Sham Wai Lun (AARON)", 2:"Azidah Bte Akmad (Mdm) (USAABD)", 3:"Chung Fong Nyen (USACFN)", 4:"David Tey Dah Wei (DAHWEI)", ... ]: null

2020-06-04 19:49:18 - [TEST_STEP][PASSED] - ValueFound = OfficerLists.find({ -> ... }): null

2020-06-04 19:49:18 - [MESSAGE][PASSED] - Call Test Case 'Test Cases/PFI Precision and Scale/HashMap Tables/OfficerLists' successfully

2020-06-04 19:49:18 - [TEST_STEP][PASSED] - println(ValueFound): null

2020-06-04 19:49:18 - [TEST_STEP][PASSED] - sendKeys(NewInputNmField, Keys.chord(ARROW_DOWN)): Keys 'DOWN + ' sent to object: 'Object Repository/Objects.HighlightElements/input_field_index'

2020-06-04 19:49:18 - [MESSAGE][PASSED] - Keys 'DOWN + ' sent to object: 'Object Repository/Objects.HighlightElements/input_field_index'

2020-06-04 19:49:18 - [TEST_STEP][PASSED] - sendKeys(NewInputNmField, Keys.chord(ARROW_DOWN)): Keys 'DOWN + ' sent to object: 'Object Repository/Objects.HighlightElements/input_field_index'

2020-06-04 19:49:18 - [MESSAGE][PASSED] - Keys 'DOWN + ' sent to object: 'Object Repository/Objects.HighlightElements/input_field_index'

2020-06-04 19:49:18 - [TEST_STEP][PASSED] - delay(DelayTime): Delayed 2 second(s)

2020-06-04 19:49:20 - [MESSAGE][PASSED] - Delayed 2 second(s)

2020-06-04 19:49:20 - [TEST_STEP][PASSED] - sendKeys(NewInputNmField, Keys.chord(ENTER)): Keys 'ENTER + ' sent to object: 'Object Repository/Objects.HighlightElements/input_field_index'

2020-06-04 19:49:20 - [MESSAGE][PASSED] - Keys 'ENTER + ' sent to object: 'Object Repository/Objects.HighlightElements/input_field_index'

2020-06-04 19:49:20 - [TEST_STEP][PASSED] - ComboBoxValue = getAttribute(NewInputNmField, "value"): Attribute 'value' of object 'Object Repository/Objects.HighlightElements/input_field_index' is: 'Titus Chua Hwa Ping (TITUS)'

2020-06-04 19:49:20 - [MESSAGE][PASSED] - Attribute 'value' of object 'Object Repository/Objects.HighlightElements/input_field_index' is: 'Titus Chua Hwa Ping (TITUS)'

2020-06-04 19:49:20 - [TEST_STEP][PASSED] - callTestCase(findTestCase(CallTCName), ["FindValue":ComboBoxValue, "DropdownNm":comboNm], STOP_ON_FAILURE): Call Test Case 'Test Cases/PFI Precision and Scale/HashMap Tables/OfficerLists' successfully

2020-06-04 19:49:21 - [TEST_CASE][PASSED] - Test Cases/PFI Precision and Scale/HashMap Tables/OfficerLists: Test Cases/PFI Precision and Scale/HashMap Tables/OfficerLists

2020-06-04 19:49:21 - [TEST_STEP][PASSED] - Thread.sleep(1000): null

2020-06-04 19:49:22 - [TEST_STEP][PASSED] - OfficerLists = [1:"Aaron Sham Wai Lun (AARON)", 2:"Azidah Bte Akmad (Mdm) (USAABD)", 3:"Chung Fong Nyen (USACFN)", 4:"David Tey Dah Wei (DAHWEI)", ... ]: null

2020-06-04 19:49:22 - [TEST_STEP][PASSED] - ValueFound = OfficerLists.find({ -> ... }): null

2020-06-04 19:49:22 - [MESSAGE][PASSED] - Call Test Case 'Test Cases/PFI Precision and Scale/HashMap Tables/OfficerLists' successfully

2020-06-04 19:49:22 - [TEST_STEP][PASSED] - println(ValueFound): null

2020-06-04 19:49:22 - [TEST_STEP][PASSED] - sendKeys(NewInputNmField, Keys.chord(ARROW_DOWN)): Keys 'DOWN + ' sent to object: 'Object Repository/Objects.HighlightElements/input_field_index'

2020-06-04 19:49:22 - [MESSAGE][PASSED] - Keys 'DOWN + ' sent to object: 'Object Repository/Objects.HighlightElements/input_field_index'

2020-06-04 19:49:22 - [TEST_STEP][PASSED] - sendKeys(NewInputNmField, Keys.chord(ENTER)): Keys 'ENTER + ' sent to object: 'Object Repository/Objects.HighlightElements/input_field_index'

2020-06-04 19:49:22 - [MESSAGE][PASSED] - Keys 'ENTER + ' sent to object: 'Object Repository/Objects.HighlightElements/input_field_index'

2020-06-04 19:49:22 - [MESSAGE][PASSED] - Call Test Case 'Test Cases/PFI Precision and Scale/PFI Components with Indexing/VerifyDropdownValuesXPI' successfully

2020-06-04 19:49:22 - [TEST_STEP][PASSED] - callTestCase(findTestCase("Components/SelectAllThenDeleteIndex"), ["nameToBeUsed":"officer", "index":"1"], STOP_ON_FAILURE): Call Test Case 'Test Cases/Components/SelectAllThenDeleteIndex' successfully

2020-06-04 19:49:22 - [TEST_CASE][PASSED] - Test Cases/Components/SelectAllThenDeleteIndex: Test Cases/Components/SelectAllThenDeleteIndex

2020-06-04 19:49:22 - [TEST_STEP][PASSED] - Thread.sleep(1000): null

2020-06-04 19:49:23 - [TEST_STEP][PASSED] - modifiedObj = modifyObjectProperty(findTestObject("Object Repository/Objects.HighlightElements/input_field_index"), "xpath", "equals", "(//*[contains(@class,'x-form-text') and (@name='" + nameToBeUsed + "')])[" + index + "]", true): Modify property of object successfully

2020-06-04 19:49:23 - [MESSAGE][PASSED] - Modify property of object successfully

2020-06-04 19:49:23 - [TEST_STEP][PASSED] - focus(modifiedObj): Object: 'Object Repository/Objects.HighlightElements/input_field_index' is focused

2020-06-04 19:49:23 - [MESSAGE][PASSED] - Object: 'Object Repository/Objects.HighlightElements/input_field_index' is focused

2020-06-04 19:49:23 - [TEST_STEP][PASSED] - sendKeys(modifiedObj, Keys.chord(CONTROL, "a")): Keys 'CONTROL + a' sent to object: 'Object Repository/Objects.HighlightElements/input_field_index'

2020-06-04 19:49:23 - [MESSAGE][PASSED] - Keys 'CONTROL + a' sent to object: 'Object Repository/Objects.HighlightElements/input_field_index'

2020-06-04 19:49:23 - [TEST_STEP][PASSED] - sendKeys(modifiedObj, Keys.chord(DELETE)): Keys 'DELETE + ' sent to object: 'Object Repository/Objects.HighlightElements/input_field_index'

2020-06-04 19:49:23 - [MESSAGE][PASSED] - Keys 'DELETE + ' sent to object: 'Object Repository/Objects.HighlightElements/input_field_index'

2020-06-04 19:49:23 - [MESSAGE][PASSED] - Call Test Case 'Test Cases/Components/SelectAllThenDeleteIndex' successfully

2020-06-04 19:49:23 - [TEST_STEP][PASSED] - callTestCase(findTestCase("PFI Precision and Scale/PFI Components with Indexing/RequiredFieldValidationIndex"), ["nameToBeUsed":"officer", "index":1], STOP_ON_FAILURE): Call Test Case 'Test Cases/PFI Precision and Scale/PFI Components with Indexing/RequiredFieldValidationIndex' successfully

2020-06-04 19:49:24 - [TEST_CASE][PASSED] - Test Cases/PFI Precision and Scale/PFI Components with Indexing/RequiredFieldValidationIndex: Test Cases/PFI Precision and Scale/PFI Components with Indexing/RequiredFieldValidationIndex

2020-06-04 19:49:24 - [TEST_STEP][PASSED] - Thread.sleep(2000): null

2020-06-04 19:49:26 - [TEST_STEP][PASSED] - NewInputNmField = modifyObjectProperty(findTestObject("Objects.HighlightElements/input_field_index"), "xpath", "equals", "(//*[contains(@class,'x-form-text') and (@name='" + nameToBeUsed + "')])[" + index + "]", true): Modify property of object successfully

2020-06-04 19:49:26 - [MESSAGE][PASSED] - Modify property of object successfully

2020-06-04 19:49:26 - [TEST_STEP][PASSED] - mouseOver(NewInputNmField): Object: 'Object Repository/Objects.HighlightElements/input_field_index' is hovered

2020-06-04 19:49:26 - [MESSAGE][PASSED] - Object: 'Object Repository/Objects.HighlightElements/input_field_index' is hovered

2020-06-04 19:49:26 - [TEST_STEP][PASSED] - getRqErrMsg = getAttribute(NewInputNmField, "data-errorqtip"): Attribute 'data-errorqtip' of object 'Object Repository/Objects.HighlightElements/input_field_index' is: '<ul class="x-list-plain"><li>This field is required</li></ul>'

2020-06-04 19:49:26 - [MESSAGE][PASSED] - Attribute 'data-errorqtip' of object 'Object Repository/Objects.HighlightElements/input_field_index' is: '<ul class="x-list-plain"><li>This field is required</li></ul>'

2020-06-04 19:49:26 - [TEST_STEP][PASSED] - strToolTip = getRqErrMsg.substring(29, 61): null

2020-06-04 19:49:26 - [TEST_STEP][PASSED] - toolTipReqErrMsg = strToolTip.substring(0, 22): null

2020-06-04 19:49:26 - [TEST_STEP][PASSED] - verifyMatch(toolTipReqErrMsg, RqField, true): Actual text 'This field is required' and expected text 'This field is required' are matched  using regular expression

2020-06-04 19:49:26 - [MESSAGE][PASSED] - Actual text 'This field is required' and expected text 'This field is required' are matched  using regular expression

2020-06-04 19:49:26 - [MESSAGE][PASSED] - Call Test Case 'Test Cases/PFI Precision and Scale/PFI Components with Indexing/RequiredFieldValidationIndex' successfully

2020-06-04 19:49:26 - [TEST_STEP][PASSED] - callTestCase(findTestCase("Components/HighlightLabelFieldXPI"), ["LblName":"Weightage", "index":1], STOP_ON_FAILURE): Call Test Case 'Test Cases/Components/HighlightLabelFieldXPI' successfully

2020-06-04 19:49:26 - [TEST_CASE][PASSED] - Test Cases/Components/HighlightLabelFieldXPI: Test Cases/Components/HighlightLabelFieldXPI

2020-06-04 19:49:26 - [TEST_STEP][PASSED] - Thread.sleep(1000): null

2020-06-04 19:49:27 - [TEST_STEP][PASSED] - modifiedLblNm = modifyObjectProperty(findTestObject("Object Repository/Objects.HighlightElements/lblField_index"), "xpath", "equals", "(//*[contains(@class, 'x-form-item-label-inner x-form-item-label-inner-default') and contains(., '" + LblName + "')])[" + index + "]", true): Modify property of object successfully

2020-06-04 19:49:27 - [MESSAGE][PASSED] - Modify property of object successfully

2020-06-04 19:49:27 - [TEST_STEP][PASSED] - com.reusableComponents.HighlightElement.run(modifiedLblNm): com.reusableComponents.HighlightElement.run is PASSED

2020-06-04 19:49:28 - [MESSAGE][PASSED] - com.reusableComponents.HighlightElement.run is PASSED

2020-06-04 19:49:28 - [MESSAGE][PASSED] - Call Test Case 'Test Cases/Components/HighlightLabelFieldXPI' successfully

2020-06-04 19:49:28 - [TEST_STEP][PASSED] - callTestCase(findTestCase("Components/HighlightInputFieldXPI"), ["FldNm":"inspWeight", "index":1], STOP_ON_FAILURE): Call Test Case 'Test Cases/Components/HighlightInputFieldXPI' successfully

2020-06-04 19:49:28 - [TEST_CASE][PASSED] - Test Cases/Components/HighlightInputFieldXPI: Test Cases/Components/HighlightInputFieldXPI

2020-06-04 19:49:28 - [TEST_STEP][PASSED] - Thread.sleep(1000): null

2020-06-04 19:49:29 - [TEST_STEP][PASSED] - modifiedInputNm = modifyObjectProperty(findTestObject("Object Repository/Objects.HighlightElements/input_field_index"), "xpath", "equals", "(//*[contains(@name, '" + FldNm + "')])[" + index + "]", true): Modify property of object successfully

2020-06-04 19:49:29 - [MESSAGE][PASSED] - Modify property of object successfully

2020-06-04 19:49:29 - [TEST_STEP][PASSED] - com.reusableComponents.HighlightElement.run(modifiedInputNm): com.reusableComponents.HighlightElement.run is PASSED

2020-06-04 19:49:29 - [MESSAGE][PASSED] - com.reusableComponents.HighlightElement.run is PASSED

2020-06-04 19:49:29 - [MESSAGE][PASSED] - Call Test Case 'Test Cases/Components/HighlightInputFieldXPI' successfully

2020-06-04 19:49:29 - [TEST_STEP][PASSED] - callTestCase(findTestCase("PFI Precision and Scale/PFI Components/NumericTextboxValidationII"), ["nameToBeUsed":"inspWeight", "minLen":5], STOP_ON_FAILURE): Call Test Case 'Test Cases/PFI Precision and Scale/PFI Components/NumericTextboxValidationII' successfully

2020-06-04 19:49:29 - [TEST_CASE][PASSED] - Test Cases/PFI Precision and Scale/PFI Components/NumericTextboxValidationII: Test Cases/PFI Precision and Scale/PFI Components/NumericTextboxValidationII

2020-06-04 19:49:29 - [TEST_STEP][PASSED] - Thread.sleep(1000): null

2020-06-04 19:49:30 - [TEST_STEP][PASSED] - Numeric = "0123456789": null

2020-06-04 19:49:30 - [TEST_STEP][PASSED] - AlphaSpecialChar = z) + "`~!@#$%^&*()=_{}|\][;'":,?><"".join(): null

2020-06-04 19:49:30 - [TEST_STEP][PASSED] - RandomNumeric = RandomStringUtils.random(minLen, Numeric.toCharArray()): null

2020-06-04 19:49:30 - [TEST_STEP][PASSED] - RandomString = RandomStringUtils.random(minLen, AlphaSpecialChar): null

2020-06-04 19:49:30 - [TEST_STEP][PASSED] - regexPat = Pattern.compile("^[0-9]+$"): null

2020-06-04 19:49:30 - [TEST_STEP][PASSED] - NewInputNmField = modifyObjectProperty(findTestObject("Objects.RemarksValidation/input_Remarks"), "name", "equals", nameToBeUsed, true): Modify property of object successfully

2020-06-04 19:49:30 - [MESSAGE][PASSED] - Modify property of object successfully

2020-06-04 19:49:30 - [TEST_STEP][PASSED] - focus(NewInputNmField): Object: 'Object Repository/Objects.RemarksValidation/input_Remarks' is focused

2020-06-04 19:49:30 - [MESSAGE][PASSED] - Object: 'Object Repository/Objects.RemarksValidation/input_Remarks' is focused

2020-06-04 19:49:30 - [TEST_STEP][PASSED] - setText(NewInputNmField, RandomString): Text ':%r{K' is set on object 'Object Repository/Objects.RemarksValidation/input_Remarks'

2020-06-04 19:49:30 - [MESSAGE][PASSED] - Text ':%r{K' is set on object 'Object Repository/Objects.RemarksValidation/input_Remarks'

2020-06-04 19:49:30 - [TEST_STEP][PASSED] - GetInputVal = getAttribute(NewInputNmField, "value"): Attribute 'value' of object 'Object Repository/Objects.RemarksValidation/input_Remarks' is: ''

2020-06-04 19:49:30 - [MESSAGE][PASSED] - Attribute 'value' of object 'Object Repository/Objects.RemarksValidation/input_Remarks' is: ''

2020-06-04 19:49:30 - [TEST_STEP][PASSED] - if (GetInputVal.contains("e")): null

2020-06-04 19:49:30 - [TEST_STEP][PASSED] - else: Actual text '' and expected text '' are matched  using regular expression

2020-06-04 19:49:30 - [TEST_STEP][PASSED] - verifyMatch(GetInputVal, "", true): Actual text '' and expected text '' are matched  using regular expression

2020-06-04 19:49:30 - [MESSAGE][PASSED] - Actual text '' and expected text '' are matched  using regular expression

2020-06-04 19:49:30 - [TEST_STEP][PASSED] - setText(NewInputNmField, RandomNumeric): Text '49586' is set on object 'Object Repository/Objects.RemarksValidation/input_Remarks'

2020-06-04 19:49:30 - [MESSAGE][PASSED] - Text '49586' is set on object 'Object Repository/Objects.RemarksValidation/input_Remarks'

2020-06-04 19:49:30 - [TEST_STEP][PASSED] - GetEnteredIntegers = getAttribute(NewInputNmField, "value"): Attribute 'value' of object 'Object Repository/Objects.RemarksValidation/input_Remarks' is: '49586'

2020-06-04 19:49:30 - [MESSAGE][PASSED] - Attribute 'value' of object 'Object Repository/Objects.RemarksValidation/input_Remarks' is: '49586'

2020-06-04 19:49:30 - [TEST_STEP][PASSED] - matchStr = regexPat.matcher(GetEnteredIntegers): null

2020-06-04 19:49:30 - [TEST_STEP][PASSED] - if (matchStr.matches() == true): Accepting Numeric

2020-06-04 19:49:30 - [TEST_STEP][PASSED] - comment("Accepting Numeric"): Accepting Numeric

2020-06-04 19:49:30 - [MESSAGE][INFO] - Accepting Numeric

2020-06-04 19:49:30 - [MESSAGE][PASSED] - Call Test Case 'Test Cases/PFI Precision and Scale/PFI Components/NumericTextboxValidationII' successfully

2020-06-04 19:49:30 - [TEST_STEP][PASSED] - callTestCase(findTestCase("PFI Precision and Scale/PFI Components with Indexing/SpinnerUpIndex"), ["InputName":"inspWeight", "nmIndex":1, "indexUp":2, "itr":10], STOP_ON_FAILURE): Call Test Case 'Test Cases/PFI Precision and Scale/PFI Components with Indexing/SpinnerUpIndex' successfully

2020-06-04 19:49:31 - [TEST_CASE][PASSED] - Test Cases/PFI Precision and Scale/PFI Components with Indexing/SpinnerUpIndex: Test Cases/PFI Precision and Scale/PFI Components with Indexing/SpinnerUpIndex

2020-06-04 19:49:31 - [TEST_STEP][PASSED] - Thread.sleep(1000): null

2020-06-04 19:49:32 - [TEST_STEP][PASSED] - counterUp = modifyObjectProperty(findTestObject("Objects.CounterValidation/counter_icon_up"), "xpath", "equals", "(//*[contains(@class,'x-form-spinner x-form-spinner-default x-form-spinner-up x-form-spinner-up-default ')])[" + indexUp + "]", true): Modify property of object successfully

2020-06-04 19:49:33 - [MESSAGE][PASSED] - Modify property of object successfully

2020-06-04 19:49:33 - [TEST_STEP][PASSED] - modifiedInputNm = modifyObjectProperty(findTestObject("Object Repository/Objects.HighlightElements/input_field_index"), "xpath", "equals", "(//*[contains(@class,'x-form-text') and (@name='" + InputName + "')])[" + nmIndex + "]", true): Modify property of object successfully

2020-06-04 19:49:33 - [MESSAGE][PASSED] - Modify property of object successfully

2020-06-04 19:49:33 - [TEST_STEP][PASSED] - GetCurrentValue = getAttribute(modifiedInputNm, "value"): Attribute 'value' of object 'Object Repository/Objects.HighlightElements/input_field_index' is: '49586'

2020-06-04 19:49:33 - [MESSAGE][PASSED] - Attribute 'value' of object 'Object Repository/Objects.HighlightElements/input_field_index' is: '49586'

2020-06-04 19:49:33 - [TEST_STEP][PASSED] - for ([i = 0, i <= itr, (i++)]): Object: 'Object Repository/Objects.CounterValidation/counter_icon_up' is clicked on

2020-06-04 19:49:33 - [TEST_STEP][PASSED] - click(counterUp): Object: 'Object Repository/Objects.CounterValidation/counter_icon_up' is clicked on

2020-06-04 19:49:33 - [MESSAGE][PASSED] - Object: 'Object Repository/Objects.CounterValidation/counter_icon_up' is clicked on

2020-06-04 19:49:33 - [TEST_STEP][PASSED] - click(counterUp): Object: 'Object Repository/Objects.CounterValidation/counter_icon_up' is clicked on

2020-06-04 19:49:33 - [MESSAGE][PASSED] - Object: 'Object Repository/Objects.CounterValidation/counter_icon_up' is clicked on

2020-06-04 19:49:33 - [TEST_STEP][PASSED] - click(counterUp): Object: 'Object Repository/Objects.CounterValidation/counter_icon_up' is clicked on

2020-06-04 19:49:33 - [MESSAGE][PASSED] - Object: 'Object Repository/Objects.CounterValidation/counter_icon_up' is clicked on

2020-06-04 19:49:33 - [TEST_STEP][PASSED] - click(counterUp): Object: 'Object Repository/Objects.CounterValidation/counter_icon_up' is clicked on

2020-06-04 19:49:33 - [MESSAGE][PASSED] - Object: 'Object Repository/Objects.CounterValidation/counter_icon_up' is clicked on

2020-06-04 19:49:33 - [TEST_STEP][PASSED] - click(counterUp): Object: 'Object Repository/Objects.CounterValidation/counter_icon_up' is clicked on

2020-06-04 19:49:33 - [MESSAGE][PASSED] - Object: 'Object Repository/Objects.CounterValidation/counter_icon_up' is clicked on

2020-06-04 19:49:33 - [TEST_STEP][PASSED] - click(counterUp): Object: 'Object Repository/Objects.CounterValidation/counter_icon_up' is clicked on

2020-06-04 19:49:33 - [MESSAGE][PASSED] - Object: 'Object Repository/Objects.CounterValidation/counter_icon_up' is clicked on

2020-06-04 19:49:33 - [TEST_STEP][PASSED] - click(counterUp): Object: 'Object Repository/Objects.CounterValidation/counter_icon_up' is clicked on

2020-06-04 19:49:33 - [MESSAGE][PASSED] - Object: 'Object Repository/Objects.CounterValidation/counter_icon_up' is clicked on

2020-06-04 19:49:33 - [TEST_STEP][PASSED] - click(counterUp): Object: 'Object Repository/Objects.CounterValidation/counter_icon_up' is clicked on

2020-06-04 19:49:33 - [MESSAGE][PASSED] - Object: 'Object Repository/Objects.CounterValidation/counter_icon_up' is clicked on

2020-06-04 19:49:33 - [TEST_STEP][PASSED] - click(counterUp): Object: 'Object Repository/Objects.CounterValidation/counter_icon_up' is clicked on

2020-06-04 19:49:33 - [MESSAGE][PASSED] - Object: 'Object Repository/Objects.CounterValidation/counter_icon_up' is clicked on

2020-06-04 19:49:33 - [TEST_STEP][PASSED] - click(counterUp): Object: 'Object Repository/Objects.CounterValidation/counter_icon_up' is clicked on

2020-06-04 19:49:33 - [MESSAGE][PASSED] - Object: 'Object Repository/Objects.CounterValidation/counter_icon_up' is clicked on

2020-06-04 19:49:33 - [TEST_STEP][PASSED] - click(counterUp): Object: 'Object Repository/Objects.CounterValidation/counter_icon_up' is clicked on

2020-06-04 19:49:33 - [MESSAGE][PASSED] - Object: 'Object Repository/Objects.CounterValidation/counter_icon_up' is clicked on

2020-06-04 19:49:34 - [TEST_STEP][PASSED] - NewValue = getAttribute(modifiedInputNm, "value"): Attribute 'value' of object 'Object Repository/Objects.HighlightElements/input_field_index' is: '49597'

2020-06-04 19:49:34 - [MESSAGE][PASSED] - Attribute 'value' of object 'Object Repository/Objects.HighlightElements/input_field_index' is: '49597'

2020-06-04 19:49:34 - [TEST_STEP][PASSED] - if (NewValue != findTestData("PrecisionAndScaleDB").getValue("MaxValue", 1)): Actual number '49597' is greater than expected number '49586'

2020-06-04 19:49:34 - [TEST_STEP][PASSED] - verifyGreaterThan(NewValue, GetCurrentValue, STOP_ON_FAILURE): Actual number '49597' is greater than expected number '49586'

2020-06-04 19:49:34 - [MESSAGE][PASSED] - Actual number '49597' is greater than expected number '49586'

2020-06-04 19:49:34 - [MESSAGE][PASSED] - Call Test Case 'Test Cases/PFI Precision and Scale/PFI Components with Indexing/SpinnerUpIndex' successfully

2020-06-04 19:49:34 - [TEST_STEP][PASSED] - callTestCase(findTestCase("PFI Precision and Scale/PFI Components with Indexing/SpinnerDownIndex"), ["InputName":"inspWeight", "nmIndex":1, "indexDown":2, "itr":20], STOP_ON_FAILURE): Call Test Case 'Test Cases/PFI Precision and Scale/PFI Components with Indexing/SpinnerDownIndex' successfully

2020-06-04 19:49:34 - [TEST_CASE][PASSED] - Test Cases/PFI Precision and Scale/PFI Components with Indexing/SpinnerDownIndex: Test Cases/PFI Precision and Scale/PFI Components with Indexing/SpinnerDownIndex

2020-06-04 19:49:34 - [TEST_STEP][PASSED] - Thread.sleep(1000): null

2020-06-04 19:49:35 - [TEST_STEP][PASSED] - counterUp = modifyObjectProperty(findTestObject("Objects.CounterValidation/counter_icon_up"), "xpath", "equals", "(//*[contains(@class,'x-form-spinner x-form-spinner-default x-form-spinner-down x-form-spinner-down-default ')])[" + indexDown + "]", true): Modify property of object successfully

2020-06-04 19:49:35 - [MESSAGE][PASSED] - Modify property of object successfully

2020-06-04 19:49:35 - [TEST_STEP][PASSED] - modifiedInputNm = modifyObjectProperty(findTestObject("Object Repository/Objects.HighlightElements/input_field_index"), "xpath", "equals", "(//*[contains(@class,'x-form-text') and (@name='" + InputName + "')])[" + nmIndex + "]", true): Modify property of object successfully

2020-06-04 19:49:35 - [MESSAGE][PASSED] - Modify property of object successfully

2020-06-04 19:49:35 - [TEST_STEP][PASSED] - GetCurrentValue = getAttribute(modifiedInputNm, "value"): Attribute 'value' of object 'Object Repository/Objects.HighlightElements/input_field_index' is: '49597'

2020-06-04 19:49:35 - [MESSAGE][PASSED] - Attribute 'value' of object 'Object Repository/Objects.HighlightElements/input_field_index' is: '49597'

2020-06-04 19:49:35 - [TEST_STEP][PASSED] - for ([i = 0, i <= itr, (i++)]): Object: 'Object Repository/Objects.CounterValidation/counter_icon_up' is clicked on

2020-06-04 19:49:35 - [TEST_STEP][PASSED] - click(counterUp): Object: 'Object Repository/Objects.CounterValidation/counter_icon_up' is clicked on

2020-06-04 19:49:35 - [MESSAGE][PASSED] - Object: 'Object Repository/Objects.CounterValidation/counter_icon_up' is clicked on

2020-06-04 19:49:35 - [TEST_STEP][PASSED] - click(counterUp): Object: 'Object Repository/Objects.CounterValidation/counter_icon_up' is clicked on

2020-06-04 19:49:35 - [MESSAGE][PASSED] - Object: 'Object Repository/Objects.CounterValidation/counter_icon_up' is clicked on

2020-06-04 19:49:35 - [TEST_STEP][PASSED] - click(counterUp): Object: 'Object Repository/Objects.CounterValidation/counter_icon_up' is clicked on

2020-06-04 19:49:35 - [MESSAGE][PASSED] - Object: 'Object Repository/Objects.CounterValidation/counter_icon_up' is clicked on

2020-06-04 19:49:35 - [TEST_STEP][PASSED] - click(counterUp): Object: 'Object Repository/Objects.CounterValidation/counter_icon_up' is clicked on

2020-06-04 19:49:35 - [MESSAGE][PASSED] - Object: 'Object Repository/Objects.CounterValidation/counter_icon_up' is clicked on

2020-06-04 19:49:35 - [TEST_STEP][PASSED] - click(counterUp): Object: 'Object Repository/Objects.CounterValidation/counter_icon_up' is clicked on

2020-06-04 19:49:36 - [MESSAGE][PASSED] - Object: 'Object Repository/Objects.CounterValidation/counter_icon_up' is clicked on

2020-06-04 19:49:36 - [TEST_STEP][PASSED] - click(counterUp): Object: 'Object Repository/Objects.CounterValidation/counter_icon_up' is clicked on

2020-06-04 19:49:36 - [MESSAGE][PASSED] - Object: 'Object Repository/Objects.CounterValidation/counter_icon_up' is clicked on

2020-06-04 19:49:36 - [TEST_STEP][PASSED] - click(counterUp): Object: 'Object Repository/Objects.CounterValidation/counter_icon_up' is clicked on

2020-06-04 19:49:36 - [MESSAGE][PASSED] - Object: 'Object Repository/Objects.CounterValidation/counter_icon_up' is clicked on

2020-06-04 19:49:36 - [TEST_STEP][PASSED] - click(counterUp): Object: 'Object Repository/Objects.CounterValidation/counter_icon_up' is clicked on

2020-06-04 19:49:36 - [MESSAGE][PASSED] - Object: 'Object Repository/Objects.CounterValidation/counter_icon_up' is clicked on

2020-06-04 19:49:36 - [TEST_STEP][PASSED] - click(counterUp): Object: 'Object Repository/Objects.CounterValidation/counter_icon_up' is clicked on

2020-06-04 19:49:36 - [MESSAGE][PASSED] - Object: 'Object Repository/Objects.CounterValidation/counter_icon_up' is clicked on

2020-06-04 19:49:36 - [TEST_STEP][PASSED] - click(counterUp): Object: 'Object Repository/Objects.CounterValidation/counter_icon_up' is clicked on

2020-06-04 19:49:36 - [MESSAGE][PASSED] - Object: 'Object Repository/Objects.CounterValidation/counter_icon_up' is clicked on

2020-06-04 19:49:36 - [TEST_STEP][PASSED] - click(counterUp): Object: 'Object Repository/Objects.CounterValidation/counter_icon_up' is clicked on

2020-06-04 19:49:36 - [MESSAGE][PASSED] - Object: 'Object Repository/Objects.CounterValidation/counter_icon_up' is clicked on

2020-06-04 19:49:36 - [TEST_STEP][PASSED] - click(counterUp): Object: 'Object Repository/Objects.CounterValidation/counter_icon_up' is clicked on

2020-06-04 19:49:36 - [MESSAGE][PASSED] - Object: 'Object Repository/Objects.CounterValidation/counter_icon_up' is clicked on

2020-06-04 19:49:36 - [TEST_STEP][PASSED] - click(counterUp): Object: 'Object Repository/Objects.CounterValidation/counter_icon_up' is clicked on

2020-06-04 19:49:36 - [MESSAGE][PASSED] - Object: 'Object Repository/Objects.CounterValidation/counter_icon_up' is clicked on

2020-06-04 19:49:36 - [TEST_STEP][PASSED] - click(counterUp): Object: 'Object Repository/Objects.CounterValidation/counter_icon_up' is clicked on

2020-06-04 19:49:36 - [MESSAGE][PASSED] - Object: 'Object Repository/Objects.CounterValidation/counter_icon_up' is clicked on

2020-06-04 19:49:36 - [TEST_STEP][PASSED] - click(counterUp): Object: 'Object Repository/Objects.CounterValidation/counter_icon_up' is clicked on

2020-06-04 19:49:36 - [MESSAGE][PASSED] - Object: 'Object Repository/Objects.CounterValidation/counter_icon_up' is clicked on

2020-06-04 19:49:36 - [TEST_STEP][PASSED] - click(counterUp): Object: 'Object Repository/Objects.CounterValidation/counter_icon_up' is clicked on

2020-06-04 19:49:36 - [MESSAGE][PASSED] - Object: 'Object Repository/Objects.CounterValidation/counter_icon_up' is clicked on

2020-06-04 19:49:36 - [TEST_STEP][PASSED] - click(counterUp): Object: 'Object Repository/Objects.CounterValidation/counter_icon_up' is clicked on

2020-06-04 19:49:36 - [MESSAGE][PASSED] - Object: 'Object Repository/Objects.CounterValidation/counter_icon_up' is clicked on

2020-06-04 19:49:36 - [TEST_STEP][PASSED] - click(counterUp): Object: 'Object Repository/Objects.CounterValidation/counter_icon_up' is clicked on

2020-06-04 19:49:36 - [MESSAGE][PASSED] - Object: 'Object Repository/Objects.CounterValidation/counter_icon_up' is clicked on

2020-06-04 19:49:36 - [TEST_STEP][PASSED] - click(counterUp): Object: 'Object Repository/Objects.CounterValidation/counter_icon_up' is clicked on

2020-06-04 19:49:36 - [MESSAGE][PASSED] - Object: 'Object Repository/Objects.CounterValidation/counter_icon_up' is clicked on

2020-06-04 19:49:36 - [TEST_STEP][PASSED] - click(counterUp): Object: 'Object Repository/Objects.CounterValidation/counter_icon_up' is clicked on

2020-06-04 19:49:36 - [MESSAGE][PASSED] - Object: 'Object Repository/Objects.CounterValidation/counter_icon_up' is clicked on

2020-06-04 19:49:36 - [TEST_STEP][PASSED] - click(counterUp): Object: 'Object Repository/Objects.CounterValidation/counter_icon_up' is clicked on

2020-06-04 19:49:36 - [MESSAGE][PASSED] - Object: 'Object Repository/Objects.CounterValidation/counter_icon_up' is clicked on

2020-06-04 19:49:36 - [TEST_STEP][PASSED] - NewValue = getAttribute(modifiedInputNm, "value"): Attribute 'value' of object 'Object Repository/Objects.HighlightElements/input_field_index' is: '49576'

2020-06-04 19:49:36 - [MESSAGE][PASSED] - Attribute 'value' of object 'Object Repository/Objects.HighlightElements/input_field_index' is: '49576'

2020-06-04 19:49:36 - [TEST_STEP][PASSED] - if (NewValue != 0): Actual number '49576' is less than expected number '49597'

2020-06-04 19:49:36 - [TEST_STEP][PASSED] - verifyLessThan(NewValue, GetCurrentValue, STOP_ON_FAILURE): Actual number '49576' is less than expected number '49597'

2020-06-04 19:49:36 - [MESSAGE][PASSED] - Actual number '49576' is less than expected number '49597'

2020-06-04 19:49:36 - [MESSAGE][PASSED] - Call Test Case 'Test Cases/PFI Precision and Scale/PFI Components with Indexing/SpinnerDownIndex' successfully

2020-06-04 19:49:36 - [TEST_STEP][PASSED] - callTestCase(findTestCase("PFI Precision and Scale/PFI Components with Indexing/MaxNumericValidationIndex"), ["InputName":"inspWeight", "index":1, "numLength":11], STOP_ON_FAILURE): Call Test Case 'Test Cases/PFI Precision and Scale/PFI Components with Indexing/MaxNumericValidationIndex' successfully

2020-06-04 19:49:36 - [TEST_CASE][PASSED] - Test Cases/PFI Precision and Scale/PFI Components with Indexing/MaxNumericValidationIndex: Test Cases/PFI Precision and Scale/PFI Components with Indexing/MaxNumericValidationIndex

2020-06-04 19:49:37 - [TEST_STEP][PASSED] - Thread.sleep(1000): null

2020-06-04 19:49:38 - [TEST_STEP][PASSED] - NumLengthTBL = ["inspWeight":10, "noOfBldg":10, "postalCode":6]: null

2020-06-04 19:49:38 - [TEST_STEP][PASSED] - generateRandomNum = RandomStringUtils.randomNumeric(numLength): null

2020-06-04 19:49:38 - [TEST_STEP][PASSED] - NewInputNmField = modifyObjectProperty(findTestObject("Object Repository/Objects.HighlightElements/input_field_index"), "xpath", "equals", "(//*[contains(@class,'x-form-text') and (@name='" + InputName + "')])[" + index + "]", true): Modify property of object successfully

2020-06-04 19:49:38 - [MESSAGE][PASSED] - Modify property of object successfully

2020-06-04 19:49:38 - [TEST_STEP][PASSED] - setText(NewInputNmField, generateRandomNum): Text '68735336200' is set on object 'Object Repository/Objects.HighlightElements/input_field_index'

2020-06-04 19:49:38 - [MESSAGE][PASSED] - Text '68735336200' is set on object 'Object Repository/Objects.HighlightElements/input_field_index'

2020-06-04 19:49:38 - [TEST_STEP][PASSED] - GetEnteredRandom = getAttribute(NewInputNmField, "value", STOP_ON_FAILURE): Attribute 'value' of object 'Object Repository/Objects.HighlightElements/input_field_index' is: '6873533620'

2020-06-04 19:49:38 - [MESSAGE][PASSED] - Attribute 'value' of object 'Object Repository/Objects.HighlightElements/input_field_index' is: '6873533620'

2020-06-04 19:49:38 - [TEST_STEP][PASSED] - GetLength = GetEnteredRandom.length(): null

2020-06-04 19:49:38 - [TEST_STEP][PASSED] - MaxLength = NumLengthTBL.get(InputName): null

2020-06-04 19:49:38 - [TEST_STEP][PASSED] - verifyEqual(GetLength, MaxLength): Actual object '10' and expected object '10' are equal

2020-06-04 19:49:38 - [MESSAGE][PASSED] - Actual object '10' and expected object '10' are equal

2020-06-04 19:49:38 - [MESSAGE][PASSED] - Call Test Case 'Test Cases/PFI Precision and Scale/PFI Components with Indexing/MaxNumericValidationIndex' successfully

2020-06-04 19:49:38 - [TEST_STEP][PASSED] - callTestCase(findTestCase("PFI Precision and Scale/PFI Components with Indexing/MaxValueErrorIndex"), ["InputName":"inspWeight", "index":1], STOP_ON_FAILURE): Call Test Case 'Test Cases/PFI Precision and Scale/PFI Components with Indexing/MaxValueErrorIndex' successfully

2020-06-04 19:49:39 - [TEST_CASE][PASSED] - Test Cases/PFI Precision and Scale/PFI Components with Indexing/MaxValueErrorIndex: Test Cases/PFI Precision and Scale/PFI Components with Indexing/MaxValueErrorIndex

2020-06-04 19:49:39 - [TEST_STEP][PASSED] - Thread.sleep(1000): null

2020-06-04 19:49:40 - [TEST_STEP][PASSED] - NewInputNmField = modifyObjectProperty(findTestObject("Object Repository/Objects.HighlightElements/input_field_index"), "xpath", "equals", "(//*[contains(@class,'x-form-text') and (@name='" + InputName + "')])[" + index + "]", true): Modify property of object successfully

2020-06-04 19:49:40 - [MESSAGE][PASSED] - Modify property of object successfully

2020-06-04 19:49:40 - [TEST_STEP][PASSED] - GetValue = getAttribute(NewInputNmField, "value"): Attribute 'value' of object 'Object Repository/Objects.HighlightElements/input_field_index' is: '6873533620'

2020-06-04 19:49:40 - [MESSAGE][PASSED] - Attribute 'value' of object 'Object Repository/Objects.HighlightElements/input_field_index' is: '6873533620'

2020-06-04 19:49:40 - [TEST_STEP][PASSED] - if (GetValue < findTestData("PrecisionAndScaleDB").getValue("MaxValue", 1)): null

2020-06-04 19:49:40 - [TEST_STEP][PASSED] - GetToolTipErr = getAttribute(NewInputNmField, "data-errorqtip"): Attribute 'data-errorqtip' of object 'Object Repository/Objects.HighlightElements/input_field_index' is: '<ul class="x-list-plain"><li>The maximum value for this field is 2147483647</li></ul>'

2020-06-04 19:49:40 - [MESSAGE][PASSED] - Attribute 'data-errorqtip' of object 'Object Repository/Objects.HighlightElements/input_field_index' is: '<ul class="x-list-plain"><li>The maximum value for this field is 2147483647</li></ul>'

2020-06-04 19:49:40 - [TEST_STEP][PASSED] - TotalLength = GetToolTipErr.length() - 10: null

2020-06-04 19:49:40 - [TEST_STEP][PASSED] - RmvULcd = GetToolTipErr.substring(0, TotalLength): null

2020-06-04 19:49:40 - [TEST_STEP][PASSED] - NewLen = RmvULcd.length(): null

2020-06-04 19:49:40 - [TEST_STEP][PASSED] - ActualErrMessage = RmvULcd.substring(29, NewLen): null

2020-06-04 19:49:40 - [TEST_STEP][PASSED] - delay(5): Delayed 5 second(s)

2020-06-04 19:49:45 - [MESSAGE][PASSED] - Delayed 5 second(s)

2020-06-04 19:49:45 - [TEST_STEP][PASSED] - mouseOver(NewInputNmField): Object: 'Object Repository/Objects.HighlightElements/input_field_index' is hovered

2020-06-04 19:49:45 - [MESSAGE][PASSED] - Object: 'Object Repository/Objects.HighlightElements/input_field_index' is hovered

2020-06-04 19:49:45 - [TEST_STEP][PASSED] - verifyMatch(ActualErrMessage, findTestData("PrecisionAndScaleDB").getValue("ErrorMessage", 8), true): Actual text 'The maximum value for this field is 2147483647' and expected text 'The maximum value for this field is 2147483647' are matched  using regular expression

2020-06-04 19:49:45 - [MESSAGE][PASSED] - Actual text 'The maximum value for this field is 2147483647' and expected text 'The maximum value for this field is 2147483647' are matched  using regular expression

2020-06-04 19:49:45 - [MESSAGE][PASSED] - Call Test Case 'Test Cases/PFI Precision and Scale/PFI Components with Indexing/MaxValueErrorIndex' successfully

2020-06-04 19:49:45 - [TEST_STEP][PASSED] - callTestCase(findTestCase("Components/HighlightLabelFieldXPI"), ["LblName":"No of Building Inspected", "index":1], STOP_ON_FAILURE): Call Test Case 'Test Cases/Components/HighlightLabelFieldXPI' successfully

2020-06-04 19:49:45 - [TEST_CASE][PASSED] - Test Cases/Components/HighlightLabelFieldXPI: Test Cases/Components/HighlightLabelFieldXPI

2020-06-04 19:49:45 - [TEST_STEP][PASSED] - Thread.sleep(1000): null

2020-06-04 19:49:46 - [TEST_STEP][PASSED] - modifiedLblNm = modifyObjectProperty(findTestObject("Object Repository/Objects.HighlightElements/lblField_index"), "xpath", "equals", "(//*[contains(@class, 'x-form-item-label-inner x-form-item-label-inner-default') and contains(., '" + LblName + "')])[" + index + "]", true): Modify property of object successfully

2020-06-04 19:49:46 - [MESSAGE][PASSED] - Modify property of object successfully

2020-06-04 19:49:46 - [TEST_STEP][PASSED] - com.reusableComponents.HighlightElement.run(modifiedLblNm): com.reusableComponents.HighlightElement.run is PASSED

2020-06-04 19:49:47 - [MESSAGE][PASSED] - com.reusableComponents.HighlightElement.run is PASSED

2020-06-04 19:49:47 - [MESSAGE][PASSED] - Call Test Case 'Test Cases/Components/HighlightLabelFieldXPI' successfully

2020-06-04 19:49:47 - [TEST_STEP][PASSED] - callTestCase(findTestCase("Components/HighlightInputFieldXPI"), ["FldNm":"noOfBldg", "index":1], STOP_ON_FAILURE): Call Test Case 'Test Cases/Components/HighlightInputFieldXPI' successfully

2020-06-04 19:49:47 - [TEST_CASE][PASSED] - Test Cases/Components/HighlightInputFieldXPI: Test Cases/Components/HighlightInputFieldXPI

2020-06-04 19:49:47 - [TEST_STEP][PASSED] - Thread.sleep(1000): null

2020-06-04 19:49:48 - [TEST_STEP][PASSED] - modifiedInputNm = modifyObjectProperty(findTestObject("Object Repository/Objects.HighlightElements/input_field_index"), "xpath", "equals", "(//*[contains(@name, '" + FldNm + "')])[" + index + "]", true): Modify property of object successfully

2020-06-04 19:49:48 - [MESSAGE][PASSED] - Modify property of object successfully

2020-06-04 19:49:48 - [TEST_STEP][PASSED] - com.reusableComponents.HighlightElement.run(modifiedInputNm): com.reusableComponents.HighlightElement.run is PASSED

2020-06-04 19:49:48 - [MESSAGE][PASSED] - com.reusableComponents.HighlightElement.run is PASSED

2020-06-04 19:49:48 - [MESSAGE][PASSED] - Call Test Case 'Test Cases/Components/HighlightInputFieldXPI' successfully

2020-06-04 19:49:48 - [TEST_STEP][PASSED] - callTestCase(findTestCase("PFI Precision and Scale/PFI Components/NumericTextboxValidationII"), ["nameToBeUsed":"noOfBldg", "minLen":5], STOP_ON_FAILURE): Call Test Case 'Test Cases/PFI Precision and Scale/PFI Components/NumericTextboxValidationII' successfully

2020-06-04 19:49:48 - [TEST_CASE][PASSED] - Test Cases/PFI Precision and Scale/PFI Components/NumericTextboxValidationII: Test Cases/PFI Precision and Scale/PFI Components/NumericTextboxValidationII

2020-06-04 19:49:48 - [TEST_STEP][PASSED] - Thread.sleep(1000): null

2020-06-04 19:49:49 - [TEST_STEP][PASSED] - Numeric = "0123456789": null

2020-06-04 19:49:49 - [TEST_STEP][PASSED] - AlphaSpecialChar = z) + "`~!@#$%^&*()=_{}|\][;'":,?><"".join(): null

2020-06-04 19:49:49 - [TEST_STEP][PASSED] - RandomNumeric = RandomStringUtils.random(minLen, Numeric.toCharArray()): null

2020-06-04 19:49:49 - [TEST_STEP][PASSED] - RandomString = RandomStringUtils.random(minLen, AlphaSpecialChar): null

2020-06-04 19:49:49 - [TEST_STEP][PASSED] - regexPat = Pattern.compile("^[0-9]+$"): null

2020-06-04 19:49:49 - [TEST_STEP][PASSED] - NewInputNmField = modifyObjectProperty(findTestObject("Objects.RemarksValidation/input_Remarks"), "name", "equals", nameToBeUsed, true): Modify property of object successfully

2020-06-04 19:49:50 - [MESSAGE][PASSED] - Modify property of object successfully

2020-06-04 19:49:50 - [TEST_STEP][PASSED] - focus(NewInputNmField): Object: 'Object Repository/Objects.RemarksValidation/input_Remarks' is focused

2020-06-04 19:49:50 - [MESSAGE][PASSED] - Object: 'Object Repository/Objects.RemarksValidation/input_Remarks' is focused

2020-06-04 19:49:50 - [TEST_STEP][PASSED] - setText(NewInputNmField, RandomString): Text 'AZ'G\' is set on object 'Object Repository/Objects.RemarksValidation/input_Remarks'

2020-06-04 19:49:50 - [MESSAGE][PASSED] - Text 'AZ'G\' is set on object 'Object Repository/Objects.RemarksValidation/input_Remarks'

2020-06-04 19:49:50 - [TEST_STEP][PASSED] - GetInputVal = getAttribute(NewInputNmField, "value"): Attribute 'value' of object 'Object Repository/Objects.RemarksValidation/input_Remarks' is: ''

2020-06-04 19:49:50 - [MESSAGE][PASSED] - Attribute 'value' of object 'Object Repository/Objects.RemarksValidation/input_Remarks' is: ''

2020-06-04 19:49:50 - [TEST_STEP][PASSED] - if (GetInputVal.contains("e")): null

2020-06-04 19:49:50 - [TEST_STEP][PASSED] - else: Actual text '' and expected text '' are matched  using regular expression

2020-06-04 19:49:50 - [TEST_STEP][PASSED] - verifyMatch(GetInputVal, "", true): Actual text '' and expected text '' are matched  using regular expression

2020-06-04 19:49:50 - [MESSAGE][PASSED] - Actual text '' and expected text '' are matched  using regular expression

2020-06-04 19:49:50 - [TEST_STEP][PASSED] - setText(NewInputNmField, RandomNumeric): Text '59660' is set on object 'Object Repository/Objects.RemarksValidation/input_Remarks'

2020-06-04 19:49:50 - [MESSAGE][PASSED] - Text '59660' is set on object 'Object Repository/Objects.RemarksValidation/input_Remarks'

2020-06-04 19:49:50 - [TEST_STEP][PASSED] - GetEnteredIntegers = getAttribute(NewInputNmField, "value"): Attribute 'value' of object 'Object Repository/Objects.RemarksValidation/input_Remarks' is: '59660'

2020-06-04 19:49:50 - [MESSAGE][PASSED] - Attribute 'value' of object 'Object Repository/Objects.RemarksValidation/input_Remarks' is: '59660'

2020-06-04 19:49:50 - [TEST_STEP][PASSED] - matchStr = regexPat.matcher(GetEnteredIntegers): null

2020-06-04 19:49:50 - [TEST_STEP][PASSED] - if (matchStr.matches() == true): Accepting Numeric

2020-06-04 19:49:50 - [TEST_STEP][PASSED] - comment("Accepting Numeric"): Accepting Numeric

2020-06-04 19:49:50 - [MESSAGE][INFO] - Accepting Numeric

2020-06-04 19:49:50 - [MESSAGE][PASSED] - Call Test Case 'Test Cases/PFI Precision and Scale/PFI Components/NumericTextboxValidationII' successfully

2020-06-04 19:49:50 - [TEST_STEP][PASSED] - callTestCase(findTestCase("PFI Precision and Scale/PFI Components with Indexing/SpinnerUpIndex"), ["InputName":"noOfBldg", "nmIndex":1, "indexUp":3, "itr":10], STOP_ON_FAILURE): Call Test Case 'Test Cases/PFI Precision and Scale/PFI Components with Indexing/SpinnerUpIndex' successfully

2020-06-04 19:49:50 - [TEST_CASE][PASSED] - Test Cases/PFI Precision and Scale/PFI Components with Indexing/SpinnerUpIndex: Test Cases/PFI Precision and Scale/PFI Components with Indexing/SpinnerUpIndex

2020-06-04 19:49:50 - [TEST_STEP][PASSED] - Thread.sleep(1000): null

2020-06-04 19:49:51 - [TEST_STEP][PASSED] - counterUp = modifyObjectProperty(findTestObject("Objects.CounterValidation/counter_icon_up"), "xpath", "equals", "(//*[contains(@class,'x-form-spinner x-form-spinner-default x-form-spinner-up x-form-spinner-up-default ')])[" + indexUp + "]", true): Modify property of object successfully

2020-06-04 19:49:51 - [MESSAGE][PASSED] - Modify property of object successfully

2020-06-04 19:49:51 - [TEST_STEP][PASSED] - modifiedInputNm = modifyObjectProperty(findTestObject("Object Repository/Objects.HighlightElements/input_field_index"), "xpath", "equals", "(//*[contains(@class,'x-form-text') and (@name='" + InputName + "')])[" + nmIndex + "]", true): Modify property of object successfully

2020-06-04 19:49:51 - [MESSAGE][PASSED] - Modify property of object successfully

2020-06-04 19:49:51 - [TEST_STEP][PASSED] - GetCurrentValue = getAttribute(modifiedInputNm, "value"): Attribute 'value' of object 'Object Repository/Objects.HighlightElements/input_field_index' is: '59660'

2020-06-04 19:49:51 - [MESSAGE][PASSED] - Attribute 'value' of object 'Object Repository/Objects.HighlightElements/input_field_index' is: '59660'

2020-06-04 19:49:51 - [TEST_STEP][PASSED] - for ([i = 0, i <= itr, (i++)]): Object: 'Object Repository/Objects.CounterValidation/counter_icon_up' is clicked on

2020-06-04 19:49:51 - [TEST_STEP][PASSED] - click(counterUp): Object: 'Object Repository/Objects.CounterValidation/counter_icon_up' is clicked on

2020-06-04 19:49:51 - [MESSAGE][PASSED] - Object: 'Object Repository/Objects.CounterValidation/counter_icon_up' is clicked on

2020-06-04 19:49:51 - [TEST_STEP][PASSED] - click(counterUp): Object: 'Object Repository/Objects.CounterValidation/counter_icon_up' is clicked on

2020-06-04 19:49:51 - [MESSAGE][PASSED] - Object: 'Object Repository/Objects.CounterValidation/counter_icon_up' is clicked on

2020-06-04 19:49:51 - [TEST_STEP][PASSED] - click(counterUp): Object: 'Object Repository/Objects.CounterValidation/counter_icon_up' is clicked on

2020-06-04 19:49:51 - [MESSAGE][PASSED] - Object: 'Object Repository/Objects.CounterValidation/counter_icon_up' is clicked on

2020-06-04 19:49:51 - [TEST_STEP][PASSED] - click(counterUp): Object: 'Object Repository/Objects.CounterValidation/counter_icon_up' is clicked on

2020-06-04 19:49:51 - [MESSAGE][PASSED] - Object: 'Object Repository/Objects.CounterValidation/counter_icon_up' is clicked on

2020-06-04 19:49:51 - [TEST_STEP][PASSED] - click(counterUp): Object: 'Object Repository/Objects.CounterValidation/counter_icon_up' is clicked on

2020-06-04 19:49:51 - [MESSAGE][PASSED] - Object: 'Object Repository/Objects.CounterValidation/counter_icon_up' is clicked on

2020-06-04 19:49:51 - [TEST_STEP][PASSED] - click(counterUp): Object: 'Object Repository/Objects.CounterValidation/counter_icon_up' is clicked on

2020-06-04 19:49:51 - [MESSAGE][PASSED] - Object: 'Object Repository/Objects.CounterValidation/counter_icon_up' is clicked on

2020-06-04 19:49:51 - [TEST_STEP][PASSED] - click(counterUp): Object: 'Object Repository/Objects.CounterValidation/counter_icon_up' is clicked on

2020-06-04 19:49:51 - [MESSAGE][PASSED] - Object: 'Object Repository/Objects.CounterValidation/counter_icon_up' is clicked on

2020-06-04 19:49:51 - [TEST_STEP][PASSED] - click(counterUp): Object: 'Object Repository/Objects.CounterValidation/counter_icon_up' is clicked on

2020-06-04 19:49:51 - [MESSAGE][PASSED] - Object: 'Object Repository/Objects.CounterValidation/counter_icon_up' is clicked on

2020-06-04 19:49:51 - [TEST_STEP][PASSED] - click(counterUp): Object: 'Object Repository/Objects.CounterValidation/counter_icon_up' is clicked on

2020-06-04 19:49:52 - [MESSAGE][PASSED] - Object: 'Object Repository/Objects.CounterValidation/counter_icon_up' is clicked on

2020-06-04 19:49:52 - [TEST_STEP][PASSED] - click(counterUp): Object: 'Object Repository/Objects.CounterValidation/counter_icon_up' is clicked on

2020-06-04 19:49:52 - [MESSAGE][PASSED] - Object: 'Object Repository/Objects.CounterValidation/counter_icon_up' is clicked on

2020-06-04 19:49:52 - [TEST_STEP][PASSED] - click(counterUp): Object: 'Object Repository/Objects.CounterValidation/counter_icon_up' is clicked on

2020-06-04 19:49:52 - [MESSAGE][PASSED] - Object: 'Object Repository/Objects.CounterValidation/counter_icon_up' is clicked on

2020-06-04 19:49:52 - [TEST_STEP][PASSED] - NewValue = getAttribute(modifiedInputNm, "value"): Attribute 'value' of object 'Object Repository/Objects.HighlightElements/input_field_index' is: '59671'

2020-06-04 19:49:52 - [MESSAGE][PASSED] - Attribute 'value' of object 'Object Repository/Objects.HighlightElements/input_field_index' is: '59671'

2020-06-04 19:49:52 - [TEST_STEP][PASSED] - if (NewValue != findTestData("PrecisionAndScaleDB").getValue("MaxValue", 1)): Actual number '59671' is greater than expected number '59660'

2020-06-04 19:49:52 - [TEST_STEP][PASSED] - verifyGreaterThan(NewValue, GetCurrentValue, STOP_ON_FAILURE): Actual number '59671' is greater than expected number '59660'

2020-06-04 19:49:52 - [MESSAGE][PASSED] - Actual number '59671' is greater than expected number '59660'

2020-06-04 19:49:52 - [MESSAGE][PASSED] - Call Test Case 'Test Cases/PFI Precision and Scale/PFI Components with Indexing/SpinnerUpIndex' successfully

2020-06-04 19:49:52 - [TEST_STEP][PASSED] - callTestCase(findTestCase("PFI Precision and Scale/PFI Components with Indexing/SpinnerDownIndex"), ["InputName":"noOfBldg", "nmIndex":1, "indexDown":3, "itr":20], STOP_ON_FAILURE): Call Test Case 'Test Cases/PFI Precision and Scale/PFI Components with Indexing/SpinnerDownIndex' successfully

2020-06-04 19:49:52 - [TEST_CASE][PASSED] - Test Cases/PFI Precision and Scale/PFI Components with Indexing/SpinnerDownIndex: Test Cases/PFI Precision and Scale/PFI Components with Indexing/SpinnerDownIndex

2020-06-04 19:49:52 - [TEST_STEP][PASSED] - Thread.sleep(1000): null

2020-06-04 19:49:53 - [TEST_STEP][PASSED] - counterUp = modifyObjectProperty(findTestObject("Objects.CounterValidation/counter_icon_up"), "xpath", "equals", "(//*[contains(@class,'x-form-spinner x-form-spinner-default x-form-spinner-down x-form-spinner-down-default ')])[" + indexDown + "]", true): Modify property of object successfully

2020-06-04 19:49:53 - [MESSAGE][PASSED] - Modify property of object successfully

2020-06-04 19:49:53 - [TEST_STEP][PASSED] - modifiedInputNm = modifyObjectProperty(findTestObject("Object Repository/Objects.HighlightElements/input_field_index"), "xpath", "equals", "(//*[contains(@class,'x-form-text') and (@name='" + InputName + "')])[" + nmIndex + "]", true): Modify property of object successfully

2020-06-04 19:49:53 - [MESSAGE][PASSED] - Modify property of object successfully

2020-06-04 19:49:53 - [TEST_STEP][PASSED] - GetCurrentValue = getAttribute(modifiedInputNm, "value"): Attribute 'value' of object 'Object Repository/Objects.HighlightElements/input_field_index' is: '59671'

2020-06-04 19:49:53 - [MESSAGE][PASSED] - Attribute 'value' of object 'Object Repository/Objects.HighlightElements/input_field_index' is: '59671'

2020-06-04 19:49:53 - [TEST_STEP][PASSED] - for ([i = 0, i <= itr, (i++)]): Object: 'Object Repository/Objects.CounterValidation/counter_icon_up' is clicked on

2020-06-04 19:49:53 - [TEST_STEP][PASSED] - click(counterUp): Object: 'Object Repository/Objects.CounterValidation/counter_icon_up' is clicked on

2020-06-04 19:49:53 - [MESSAGE][PASSED] - Object: 'Object Repository/Objects.CounterValidation/counter_icon_up' is clicked on

2020-06-04 19:49:53 - [TEST_STEP][PASSED] - click(counterUp): Object: 'Object Repository/Objects.CounterValidation/counter_icon_up' is clicked on

2020-06-04 19:49:53 - [MESSAGE][PASSED] - Object: 'Object Repository/Objects.CounterValidation/counter_icon_up' is clicked on

2020-06-04 19:49:53 - [TEST_STEP][PASSED] - click(counterUp): Object: 'Object Repository/Objects.CounterValidation/counter_icon_up' is clicked on

2020-06-04 19:49:53 - [MESSAGE][PASSED] - Object: 'Object Repository/Objects.CounterValidation/counter_icon_up' is clicked on

2020-06-04 19:49:53 - [TEST_STEP][PASSED] - click(counterUp): Object: 'Object Repository/Objects.CounterValidation/counter_icon_up' is clicked on

2020-06-04 19:49:53 - [MESSAGE][PASSED] - Object: 'Object Repository/Objects.CounterValidation/counter_icon_up' is clicked on

2020-06-04 19:49:53 - [TEST_STEP][PASSED] - click(counterUp): Object: 'Object Repository/Objects.CounterValidation/counter_icon_up' is clicked on

2020-06-04 19:49:53 - [MESSAGE][PASSED] - Object: 'Object Repository/Objects.CounterValidation/counter_icon_up' is clicked on

2020-06-04 19:49:53 - [TEST_STEP][PASSED] - click(counterUp): Object: 'Object Repository/Objects.CounterValidation/counter_icon_up' is clicked on

2020-06-04 19:49:53 - [MESSAGE][PASSED] - Object: 'Object Repository/Objects.CounterValidation/counter_icon_up' is clicked on

2020-06-04 19:49:53 - [TEST_STEP][PASSED] - click(counterUp): Object: 'Object Repository/Objects.CounterValidation/counter_icon_up' is clicked on

2020-06-04 19:49:53 - [MESSAGE][PASSED] - Object: 'Object Repository/Objects.CounterValidation/counter_icon_up' is clicked on

2020-06-04 19:49:53 - [TEST_STEP][PASSED] - click(counterUp): Object: 'Object Repository/Objects.CounterValidation/counter_icon_up' is clicked on

2020-06-04 19:49:53 - [MESSAGE][PASSED] - Object: 'Object Repository/Objects.CounterValidation/counter_icon_up' is clicked on

2020-06-04 19:49:53 - [TEST_STEP][PASSED] - click(counterUp): Object: 'Object Repository/Objects.CounterValidation/counter_icon_up' is clicked on

2020-06-04 19:49:53 - [MESSAGE][PASSED] - Object: 'Object Repository/Objects.CounterValidation/counter_icon_up' is clicked on

2020-06-04 19:49:53 - [TEST_STEP][PASSED] - click(counterUp): Object: 'Object Repository/Objects.CounterValidation/counter_icon_up' is clicked on

2020-06-04 19:49:53 - [MESSAGE][PASSED] - Object: 'Object Repository/Objects.CounterValidation/counter_icon_up' is clicked on

2020-06-04 19:49:53 - [TEST_STEP][PASSED] - click(counterUp): Object: 'Object Repository/Objects.CounterValidation/counter_icon_up' is clicked on

2020-06-04 19:49:53 - [MESSAGE][PASSED] - Object: 'Object Repository/Objects.CounterValidation/counter_icon_up' is clicked on

2020-06-04 19:49:53 - [TEST_STEP][PASSED] - click(counterUp): Object: 'Object Repository/Objects.CounterValidation/counter_icon_up' is clicked on

2020-06-04 19:49:53 - [MESSAGE][PASSED] - Object: 'Object Repository/Objects.CounterValidation/counter_icon_up' is clicked on

2020-06-04 19:49:53 - [TEST_STEP][PASSED] - click(counterUp): Object: 'Object Repository/Objects.CounterValidation/counter_icon_up' is clicked on

2020-06-04 19:49:54 - [MESSAGE][PASSED] - Object: 'Object Repository/Objects.CounterValidation/counter_icon_up' is clicked on

2020-06-04 19:49:54 - [TEST_STEP][PASSED] - click(counterUp): Object: 'Object Repository/Objects.CounterValidation/counter_icon_up' is clicked on

2020-06-04 19:49:54 - [MESSAGE][PASSED] - Object: 'Object Repository/Objects.CounterValidation/counter_icon_up' is clicked on

2020-06-04 19:49:54 - [TEST_STEP][PASSED] - click(counterUp): Object: 'Object Repository/Objects.CounterValidation/counter_icon_up' is clicked on

2020-06-04 19:49:54 - [MESSAGE][PASSED] - Object: 'Object Repository/Objects.CounterValidation/counter_icon_up' is clicked on

2020-06-04 19:49:54 - [TEST_STEP][PASSED] - click(counterUp): Object: 'Object Repository/Objects.CounterValidation/counter_icon_up' is clicked on

2020-06-04 19:49:54 - [MESSAGE][PASSED] - Object: 'Object Repository/Objects.CounterValidation/counter_icon_up' is clicked on

2020-06-04 19:49:54 - [TEST_STEP][PASSED] - click(counterUp): Object: 'Object Repository/Objects.CounterValidation/counter_icon_up' is clicked on

2020-06-04 19:49:54 - [MESSAGE][PASSED] - Object: 'Object Repository/Objects.CounterValidation/counter_icon_up' is clicked on

2020-06-04 19:49:54 - [TEST_STEP][PASSED] - click(counterUp): Object: 'Object Repository/Objects.CounterValidation/counter_icon_up' is clicked on

2020-06-04 19:49:54 - [MESSAGE][PASSED] - Object: 'Object Repository/Objects.CounterValidation/counter_icon_up' is clicked on

2020-06-04 19:49:54 - [TEST_STEP][PASSED] - click(counterUp): Object: 'Object Repository/Objects.CounterValidation/counter_icon_up' is clicked on

2020-06-04 19:49:54 - [MESSAGE][PASSED] - Object: 'Object Repository/Objects.CounterValidation/counter_icon_up' is clicked on

2020-06-04 19:49:54 - [TEST_STEP][PASSED] - click(counterUp): Object: 'Object Repository/Objects.CounterValidation/counter_icon_up' is clicked on

2020-06-04 19:49:54 - [MESSAGE][PASSED] - Object: 'Object Repository/Objects.CounterValidation/counter_icon_up' is clicked on

2020-06-04 19:49:54 - [TEST_STEP][PASSED] - click(counterUp): Object: 'Object Repository/Objects.CounterValidation/counter_icon_up' is clicked on

2020-06-04 19:49:54 - [MESSAGE][PASSED] - Object: 'Object Repository/Objects.CounterValidation/counter_icon_up' is clicked on

2020-06-04 19:49:54 - [TEST_STEP][PASSED] - NewValue = getAttribute(modifiedInputNm, "value"): Attribute 'value' of object 'Object Repository/Objects.HighlightElements/input_field_index' is: '59650'

2020-06-04 19:49:54 - [MESSAGE][PASSED] - Attribute 'value' of object 'Object Repository/Objects.HighlightElements/input_field_index' is: '59650'

2020-06-04 19:49:54 - [TEST_STEP][PASSED] - if (NewValue != 0): Actual number '59650' is less than expected number '59671'

2020-06-04 19:49:54 - [TEST_STEP][PASSED] - verifyLessThan(NewValue, GetCurrentValue, STOP_ON_FAILURE): Actual number '59650' is less than expected number '59671'

2020-06-04 19:49:54 - [MESSAGE][PASSED] - Actual number '59650' is less than expected number '59671'

2020-06-04 19:49:54 - [MESSAGE][PASSED] - Call Test Case 'Test Cases/PFI Precision and Scale/PFI Components with Indexing/SpinnerDownIndex' successfully

2020-06-04 19:49:54 - [TEST_STEP][PASSED] - callTestCase(findTestCase("PFI Precision and Scale/PFI Components with Indexing/MaxNumericValidationIndex"), ["InputName":"noOfBldg", "index":1, "numLength":11], STOP_ON_FAILURE): Call Test Case 'Test Cases/PFI Precision and Scale/PFI Components with Indexing/MaxNumericValidationIndex' successfully

2020-06-04 19:49:54 - [TEST_CASE][PASSED] - Test Cases/PFI Precision and Scale/PFI Components with Indexing/MaxNumericValidationIndex: Test Cases/PFI Precision and Scale/PFI Components with Indexing/MaxNumericValidationIndex

2020-06-04 19:49:54 - [TEST_STEP][PASSED] - Thread.sleep(1000): null

2020-06-04 19:49:55 - [TEST_STEP][PASSED] - NumLengthTBL = ["inspWeight":10, "noOfBldg":10, "postalCode":6]: null

2020-06-04 19:49:55 - [TEST_STEP][PASSED] - generateRandomNum = RandomStringUtils.randomNumeric(numLength): null

2020-06-04 19:49:55 - [TEST_STEP][PASSED] - NewInputNmField = modifyObjectProperty(findTestObject("Object Repository/Objects.HighlightElements/input_field_index"), "xpath", "equals", "(//*[contains(@class,'x-form-text') and (@name='" + InputName + "')])[" + index + "]", true): Modify property of object successfully

2020-06-04 19:49:55 - [MESSAGE][PASSED] - Modify property of object successfully

2020-06-04 19:49:55 - [TEST_STEP][PASSED] - setText(NewInputNmField, generateRandomNum): Text '01527075160' is set on object 'Object Repository/Objects.HighlightElements/input_field_index'

2020-06-04 19:49:55 - [MESSAGE][PASSED] - Text '01527075160' is set on object 'Object Repository/Objects.HighlightElements/input_field_index'

2020-06-04 19:49:55 - [TEST_STEP][PASSED] - GetEnteredRandom = getAttribute(NewInputNmField, "value", STOP_ON_FAILURE): Attribute 'value' of object 'Object Repository/Objects.HighlightElements/input_field_index' is: '0152707516'

2020-06-04 19:49:55 - [MESSAGE][PASSED] - Attribute 'value' of object 'Object Repository/Objects.HighlightElements/input_field_index' is: '0152707516'

2020-06-04 19:49:55 - [TEST_STEP][PASSED] - GetLength = GetEnteredRandom.length(): null

2020-06-04 19:49:55 - [TEST_STEP][PASSED] - MaxLength = NumLengthTBL.get(InputName): null

2020-06-04 19:49:55 - [TEST_STEP][PASSED] - verifyEqual(GetLength, MaxLength): Actual object '10' and expected object '10' are equal

2020-06-04 19:49:55 - [MESSAGE][PASSED] - Actual object '10' and expected object '10' are equal

2020-06-04 19:49:55 - [MESSAGE][PASSED] - Call Test Case 'Test Cases/PFI Precision and Scale/PFI Components with Indexing/MaxNumericValidationIndex' successfully

2020-06-04 19:49:55 - [TEST_STEP][FAILED] - callTestCase(findTestCase("PFI Precision and Scale/PFI Components with Indexing/MaxValueErrorIndex"), ["InputName":"noOfBldg", "index":1], STOP_ON_FAILURE): Unable to call Test Case 'Test Cases/PFI Precision and Scale/PFI Components with Indexing/MaxValueErrorIndex' (Root cause: com.kms.katalon.core.exception.StepErrorException: Call Test Case 'Test Cases/PFI Precision and Scale/PFI Components with Indexing/MaxValueErrorIndex' failed because of error(s)
	at com.kms.katalon.core.keyword.builtin.CallTestCaseKeyword$_callTestCase_closure1.doCall(CallTestCaseKeyword.groovy:66)
	at com.kms.katalon.core.keyword.builtin.CallTestCaseKeyword$_callTestCase_closure1.call(CallTestCaseKeyword.groovy)
	at com.kms.katalon.core.keyword.internal.KeywordMain.runKeyword(KeywordMain.groovy:68)
	at com.kms.katalon.core.keyword.builtin.CallTestCaseKeyword.callTestCase(CallTestCaseKeyword.groovy:81)
	at com.kms.katalon.core.keyword.builtin.CallTestCaseKeyword.execute(CallTestCaseKeyword.groovy:44)
	at com.kms.katalon.core.keyword.internal.KeywordExecutor.executeKeywordForPlatform(KeywordExecutor.groovy:72)
	at com.kms.katalon.core.keyword.BuiltinKeywords.callTestCase(BuiltinKeywords.groovy:334)
	at PFI.SiteInspectionLHS.run(PFI.SiteInspectionLHS:98)
	at com.kms.katalon.core.main.ScriptEngine.run(ScriptEngine.java:194)
	at com.kms.katalon.core.main.ScriptEngine.runScriptAsRawText(ScriptEngine.java:119)
	at com.kms.katalon.core.main.TestCaseExecutor.runScript(TestCaseExecutor.java:337)
	at com.kms.katalon.core.main.TestCaseExecutor.doExecute(TestCaseExecutor.java:328)
	at com.kms.katalon.core.main.TestCaseExecutor.processExecutionPhase(TestCaseExecutor.java:307)
	at com.kms.katalon.core.main.TestCaseExecutor.accessMainPhase(TestCaseExecutor.java:299)
	at com.kms.katalon.core.main.TestCaseExecutor.execute(TestCaseExecutor.java:233)
	at com.kms.katalon.core.main.TestSuiteExecutor.accessTestCaseMainPhase(TestSuiteExecutor.java:169)
	at com.kms.katalon.core.main.TestSuiteExecutor.accessTestSuiteMainPhase(TestSuiteExecutor.java:142)
	at com.kms.katalon.core.main.TestSuiteExecutor.execute(TestSuiteExecutor.java:91)
	at com.kms.katalon.core.main.TestCaseMain.startTestSuite(TestCaseMain.java:157)
	at com.kms.katalon.core.main.TestCaseMain$startTestSuite$0.call(Unknown Source)
	at TempTestSuite1591270754988.run(TempTestSuite1591270754988.groovy:36)
Caused by: java.lang.StringIndexOutOfBoundsException: String index out of range: -10
	at java_lang_String$substring$5.call(Unknown Source)
	at MaxValueErrorIndex.run(MaxValueErrorIndex:37)
	at com.kms.katalon.core.main.ScriptEngine.run(ScriptEngine.java:194)
	at com.kms.katalon.core.main.ScriptEngine.runScriptAsRawText(ScriptEngine.java:119)
	at com.kms.katalon.core.main.TestCaseExecutor.runScript(TestCaseExecutor.java:337)
	at com.kms.katalon.core.main.TestCaseExecutor.doExecute(TestCaseExecutor.java:328)
	at com.kms.katalon.core.main.TestCaseExecutor.processExecutionPhase(TestCaseExecutor.java:307)
	at com.kms.katalon.core.main.TestCaseExecutor.accessMainPhase(TestCaseExecutor.java:299)
	at com.kms.katalon.core.main.TestCaseExecutor.execute(TestCaseExecutor.java:233)
	at com.kms.katalon.core.main.TestCaseMain.runTestCase(TestCaseMain.java:114)
	at com.kms.katalon.core.keyword.builtin.CallTestCaseKeyword$_callTestCase_closure1.doCall(CallTestCaseKeyword.groovy:59)
	... 20 more
)

2020-06-04 19:49:55 - [TEST_CASE][ERROR] - Test Cases/PFI Precision and Scale/PFI Components with Indexing/MaxValueErrorIndex: Test Cases/PFI Precision and Scale/PFI Components with Indexing/MaxValueErrorIndex FAILED.
Reason:
java.lang.StringIndexOutOfBoundsException: String index out of range: -10
	at java_lang_String$substring$5.call(Unknown Source)
	at MaxValueErrorIndex.run(MaxValueErrorIndex:37)
	at com.kms.katalon.core.main.ScriptEngine.run(ScriptEngine.java:194)
	at com.kms.katalon.core.main.ScriptEngine.runScriptAsRawText(ScriptEngine.java:119)
	at com.kms.katalon.core.main.TestCaseExecutor.runScript(TestCaseExecutor.java:337)
	at com.kms.katalon.core.main.TestCaseExecutor.doExecute(TestCaseExecutor.java:328)
	at com.kms.katalon.core.main.TestCaseExecutor.processExecutionPhase(TestCaseExecutor.java:307)
	at com.kms.katalon.core.main.TestCaseExecutor.accessMainPhase(TestCaseExecutor.java:299)
	at com.kms.katalon.core.main.TestCaseExecutor.execute(TestCaseExecutor.java:233)
	at com.kms.katalon.core.main.TestCaseMain.runTestCase(TestCaseMain.java:114)
	at com.kms.katalon.core.keyword.builtin.CallTestCaseKeyword$_callTestCase_closure1.doCall(CallTestCaseKeyword.groovy:59)
	at com.kms.katalon.core.keyword.builtin.CallTestCaseKeyword$_callTestCase_closure1.call(CallTestCaseKeyword.groovy)
	at com.kms.katalon.core.keyword.internal.KeywordMain.runKeyword(KeywordMain.groovy:68)
	at com.kms.katalon.core.keyword.builtin.CallTestCaseKeyword.callTestCase(CallTestCaseKeyword.groovy:81)
	at com.kms.katalon.core.keyword.builtin.CallTestCaseKeyword.execute(CallTestCaseKeyword.groovy:44)
	at com.kms.katalon.core.keyword.internal.KeywordExecutor.executeKeywordForPlatform(KeywordExecutor.groovy:72)
	at com.kms.katalon.core.keyword.BuiltinKeywords.callTestCase(BuiltinKeywords.groovy:334)
	at PFI.SiteInspectionLHS.run(PFI.SiteInspectionLHS:98)
	at com.kms.katalon.core.main.ScriptEngine.run(ScriptEngine.java:194)
	at com.kms.katalon.core.main.ScriptEngine.runScriptAsRawText(ScriptEngine.java:119)
	at com.kms.katalon.core.main.TestCaseExecutor.runScript(TestCaseExecutor.java:337)
	at com.kms.katalon.core.main.TestCaseExecutor.doExecute(TestCaseExecutor.java:328)
	at com.kms.katalon.core.main.TestCaseExecutor.processExecutionPhase(TestCaseExecutor.java:307)
	at com.kms.katalon.core.main.TestCaseExecutor.accessMainPhase(TestCaseExecutor.java:299)
	at com.kms.katalon.core.main.TestCaseExecutor.execute(TestCaseExecutor.java:233)
	at com.kms.katalon.core.main.TestSuiteExecutor.accessTestCaseMainPhase(TestSuiteExecutor.java:169)
	at com.kms.katalon.core.main.TestSuiteExecutor.accessTestSuiteMainPhase(TestSuiteExecutor.java:142)
	at com.kms.katalon.core.main.TestSuiteExecutor.execute(TestSuiteExecutor.java:91)
	at com.kms.katalon.core.main.TestCaseMain.startTestSuite(TestCaseMain.java:157)
	at com.kms.katalon.core.main.TestCaseMain$startTestSuite$0.call(Unknown Source)
	at TempTestSuite1591270754988.run(TempTestSuite1591270754988.groovy:36)


2020-06-04 19:49:55 - [TEST_STEP][PASSED] - Thread.sleep(1000): null

2020-06-04 19:49:56 - [TEST_STEP][PASSED] - NewInputNmField = modifyObjectProperty(findTestObject("Object Repository/Objects.HighlightElements/input_field_index"), "xpath", "equals", "(//*[contains(@class,'x-form-text') and (@name='" + InputName + "')])[" + index + "]", true): Modify property of object successfully

2020-06-04 19:49:56 - [MESSAGE][PASSED] - Modify property of object successfully

2020-06-04 19:49:56 - [TEST_STEP][PASSED] - GetValue = getAttribute(NewInputNmField, "value"): Attribute 'value' of object 'Object Repository/Objects.HighlightElements/input_field_index' is: '0152707516'

2020-06-04 19:49:56 - [MESSAGE][PASSED] - Attribute 'value' of object 'Object Repository/Objects.HighlightElements/input_field_index' is: '0152707516'

2020-06-04 19:49:56 - [TEST_STEP][PASSED] - if (GetValue < findTestData("PrecisionAndScaleDB").getValue("MaxValue", 1)): null

2020-06-04 19:49:56 - [TEST_STEP][PASSED] - GetToolTipErr = getAttribute(NewInputNmField, "data-errorqtip"): Attribute 'data-errorqtip' of object 'Object Repository/Objects.HighlightElements/input_field_index' is: ''

2020-06-04 19:49:56 - [MESSAGE][PASSED] - Attribute 'data-errorqtip' of object 'Object Repository/Objects.HighlightElements/input_field_index' is: ''

2020-06-04 19:49:56 - [TEST_STEP][PASSED] - TotalLength = GetToolTipErr.length() - 10: null

2020-06-04 19:49:56 - [TEST_STEP][PASSED] - RmvULcd = GetToolTipErr.substring(0, TotalLength): null

2020-06-04 19:49:56 - [MESSAGE][FAILED] - Unable to call Test Case 'Test Cases/PFI Precision and Scale/PFI Components with Indexing/MaxValueErrorIndex' (Root cause: com.kms.katalon.core.exception.StepErrorException: Call Test Case 'Test Cases/PFI Precision and Scale/PFI Components with Indexing/MaxValueErrorIndex' failed because of error(s)
	at com.kms.katalon.core.keyword.builtin.CallTestCaseKeyword$_callTestCase_closure1.doCall(CallTestCaseKeyword.groovy:66)
	at com.kms.katalon.core.keyword.builtin.CallTestCaseKeyword$_callTestCase_closure1.call(CallTestCaseKeyword.groovy)
	at com.kms.katalon.core.keyword.internal.KeywordMain.runKeyword(KeywordMain.groovy:68)
	at com.kms.katalon.core.keyword.builtin.CallTestCaseKeyword.callTestCase(CallTestCaseKeyword.groovy:81)
	at com.kms.katalon.core.keyword.builtin.CallTestCaseKeyword.execute(CallTestCaseKeyword.groovy:44)
	at com.kms.katalon.core.keyword.internal.KeywordExecutor.executeKeywordForPlatform(KeywordExecutor.groovy:72)
	at com.kms.katalon.core.keyword.BuiltinKeywords.callTestCase(BuiltinKeywords.groovy:334)
	at PFI.SiteInspectionLHS.run(PFI.SiteInspectionLHS:98)
	at com.kms.katalon.core.main.ScriptEngine.run(ScriptEngine.java:194)
	at com.kms.katalon.core.main.ScriptEngine.runScriptAsRawText(ScriptEngine.java:119)
	at com.kms.katalon.core.main.TestCaseExecutor.runScript(TestCaseExecutor.java:337)
	at com.kms.katalon.core.main.TestCaseExecutor.doExecute(TestCaseExecutor.java:328)
	at com.kms.katalon.core.main.TestCaseExecutor.processExecutionPhase(TestCaseExecutor.java:307)
	at com.kms.katalon.core.main.TestCaseExecutor.accessMainPhase(TestCaseExecutor.java:299)
	at com.kms.katalon.core.main.TestCaseExecutor.execute(TestCaseExecutor.java:233)
	at com.kms.katalon.core.main.TestSuiteExecutor.accessTestCaseMainPhase(TestSuiteExecutor.java:169)
	at com.kms.katalon.core.main.TestSuiteExecutor.accessTestSuiteMainPhase(TestSuiteExecutor.java:142)
	at com.kms.katalon.core.main.TestSuiteExecutor.execute(TestSuiteExecutor.java:91)
	at com.kms.katalon.core.main.TestCaseMain.startTestSuite(TestCaseMain.java:157)
	at com.kms.katalon.core.main.TestCaseMain$startTestSuite$0.call(Unknown Source)
	at TempTestSuite1591270754988.run(TempTestSuite1591270754988.groovy:36)
Caused by: java.lang.StringIndexOutOfBoundsException: String index out of range: -10
	at java_lang_String$substring$5.call(Unknown Source)
	at MaxValueErrorIndex.run(MaxValueErrorIndex:37)
	at com.kms.katalon.core.main.ScriptEngine.run(ScriptEngine.java:194)
	at com.kms.katalon.core.main.ScriptEngine.runScriptAsRawText(ScriptEngine.java:119)
	at com.kms.katalon.core.main.TestCaseExecutor.runScript(TestCaseExecutor.java:337)
	at com.kms.katalon.core.main.TestCaseExecutor.doExecute(TestCaseExecutor.java:328)
	at com.kms.katalon.core.main.TestCaseExecutor.processExecutionPhase(TestCaseExecutor.java:307)
	at com.kms.katalon.core.main.TestCaseExecutor.accessMainPhase(TestCaseExecutor.java:299)
	at com.kms.katalon.core.main.TestCaseExecutor.execute(TestCaseExecutor.java:233)
	at com.kms.katalon.core.main.TestCaseMain.runTestCase(TestCaseMain.java:114)
	at com.kms.katalon.core.keyword.builtin.CallTestCaseKeyword$_callTestCase_closure1.doCall(CallTestCaseKeyword.groovy:59)
	... 20 more
)]]></system-out>
         <system-err><![CDATA[2020-06-04 19:47:44 - [TEST_CASE][ERROR] - Test Cases/PFI Precision and Scale/PFI Test Cases/Process Case (PFI)/PFI.SiteInspectionLHS: Test Cases/PFI Precision and Scale/PFI Test Cases/Process Case (PFI)/PFI.SiteInspectionLHS FAILED.
Reason:
com.kms.katalon.core.exception.StepErrorException: Call Test Case 'Test Cases/PFI Precision and Scale/PFI Components with Indexing/MaxValueErrorIndex' failed because of error(s)
	at com.kms.katalon.core.keyword.builtin.CallTestCaseKeyword$_callTestCase_closure1.doCall(CallTestCaseKeyword.groovy:66)
	at com.kms.katalon.core.keyword.builtin.CallTestCaseKeyword$_callTestCase_closure1.call(CallTestCaseKeyword.groovy)
	at com.kms.katalon.core.keyword.internal.KeywordMain.runKeyword(KeywordMain.groovy:68)
	at com.kms.katalon.core.keyword.builtin.CallTestCaseKeyword.callTestCase(CallTestCaseKeyword.groovy:81)
	at com.kms.katalon.core.keyword.builtin.CallTestCaseKeyword.execute(CallTestCaseKeyword.groovy:44)
	at com.kms.katalon.core.keyword.internal.KeywordExecutor.executeKeywordForPlatform(KeywordExecutor.groovy:72)
	at com.kms.katalon.core.keyword.BuiltinKeywords.callTestCase(BuiltinKeywords.groovy:334)
	at PFI.SiteInspectionLHS.run(PFI.SiteInspectionLHS:98)
	at com.kms.katalon.core.main.ScriptEngine.run(ScriptEngine.java:194)
	at com.kms.katalon.core.main.ScriptEngine.runScriptAsRawText(ScriptEngine.java:119)
	at com.kms.katalon.core.main.TestCaseExecutor.runScript(TestCaseExecutor.java:337)
	at com.kms.katalon.core.main.TestCaseExecutor.doExecute(TestCaseExecutor.java:328)
	at com.kms.katalon.core.main.TestCaseExecutor.processExecutionPhase(TestCaseExecutor.java:307)
	at com.kms.katalon.core.main.TestCaseExecutor.accessMainPhase(TestCaseExecutor.java:299)
	at com.kms.katalon.core.main.TestCaseExecutor.execute(TestCaseExecutor.java:233)
	at com.kms.katalon.core.main.TestSuiteExecutor.accessTestCaseMainPhase(TestSuiteExecutor.java:169)
	at com.kms.katalon.core.main.TestSuiteExecutor.accessTestSuiteMainPhase(TestSuiteExecutor.java:142)
	at com.kms.katalon.core.main.TestSuiteExecutor.execute(TestSuiteExecutor.java:91)
	at com.kms.katalon.core.main.TestCaseMain.startTestSuite(TestCaseMain.java:157)
	at com.kms.katalon.core.main.TestCaseMain$startTestSuite$0.call(Unknown Source)
	at TempTestSuite1591270754988.run(TempTestSuite1591270754988.groovy:36)
Caused by: java.lang.StringIndexOutOfBoundsException: String index out of range: -10
	at java_lang_String$substring$5.call(Unknown Source)
	at MaxValueErrorIndex.run(MaxValueErrorIndex:37)
	at com.kms.katalon.core.main.ScriptEngine.run(ScriptEngine.java:194)
	at com.kms.katalon.core.main.ScriptEngine.runScriptAsRawText(ScriptEngine.java:119)
	at com.kms.katalon.core.main.TestCaseExecutor.runScript(TestCaseExecutor.java:337)
	at com.kms.katalon.core.main.TestCaseExecutor.doExecute(TestCaseExecutor.java:328)
	at com.kms.katalon.core.main.TestCaseExecutor.processExecutionPhase(TestCaseExecutor.java:307)
	at com.kms.katalon.core.main.TestCaseExecutor.accessMainPhase(TestCaseExecutor.java:299)
	at com.kms.katalon.core.main.TestCaseExecutor.execute(TestCaseExecutor.java:233)
	at com.kms.katalon.core.main.TestCaseMain.runTestCase(TestCaseMain.java:114)
	at com.kms.katalon.core.keyword.builtin.CallTestCaseKeyword$_callTestCase_closure1.doCall(CallTestCaseKeyword.groovy:59)
	... 20 more]]></system-err>
      </testcase>
      <testcase name="Test Cases/PFI Precision and Scale/PFI Test Cases/Process Case (PFI)/PFI.ConvertToAuditInspectionLHS" time="28.658" classname="Test Cases/PFI Precision and Scale/PFI Test Cases/Process Case (PFI)/PFI.ConvertToAuditInspectionLHS" status="PASSED">
         <system-out><![CDATA[2020-06-04 19:49:56 - [TEST_CASE][PASSED] - Test Cases/PFI Precision and Scale/PFI Test Cases/Process Case (PFI)/PFI.ConvertToAuditInspectionLHS: Test Cases/PFI Precision and Scale/PFI Test Cases/Process Case (PFI)/PFI.ConvertToAuditInspectionLHS

2020-06-04 19:49:57 - [TEST_STEP][NOT_RUN] - callTestCase(findTestCase("Components/LoginV2.0"), ["LinkToBeUsed":findTestData("ISPS2 Test Data").getValue("URL", 1), "LoginPageTextToBeVerified":findTestData("ISPS2 Test Data").getValue("HomeBanner", 1), ... ], STOP_ON_FAILURE): NOT_RUN: callTestCase(findTestCase("Components/LoginV2.0"), ["LinkToBeUsed":findTestData("ISPS2 Test Data").getValue("URL", 1), "LoginPageTextToBeVerified":findTestData("ISPS2 Test Data").getValue("HomeBanner", 1), ... ], STOP_ON_FAILURE)

2020-06-04 19:49:57 - [MESSAGE][NOT_RUN] - NOT_RUN: callTestCase(findTestCase("Components/LoginV2.0"), ["LinkToBeUsed":findTestData("ISPS2 Test Data").getValue("URL", 1), "LoginPageTextToBeVerified":findTestData("ISPS2 Test Data").getValue("HomeBanner", 1), ... ], STOP_ON_FAILURE)

2020-06-04 19:49:57 - [TEST_STEP][NOT_RUN] - callTestCase(findTestCase("Components/NavigateToHomepageHeaders"), ["headerText":"My Tasks"], STOP_ON_FAILURE): NOT_RUN: callTestCase(findTestCase("Components/NavigateToHomepageHeaders"), ["headerText":"My Tasks"], STOP_ON_FAILURE)

2020-06-04 19:49:57 - [MESSAGE][NOT_RUN] - NOT_RUN: callTestCase(findTestCase("Components/NavigateToHomepageHeaders"), ["headerText":"My Tasks"], STOP_ON_FAILURE)

2020-06-04 19:49:57 - [TEST_STEP][NOT_RUN] - callTestCase(findTestCase("Components/Filter"), ["taskDescription":"Process Case (SM)"], STOP_ON_FAILURE): NOT_RUN: callTestCase(findTestCase("Components/Filter"), ["taskDescription":"Process Case (SM)"], STOP_ON_FAILURE)

2020-06-04 19:49:57 - [MESSAGE][NOT_RUN] - NOT_RUN: callTestCase(findTestCase("Components/Filter"), ["taskDescription":"Process Case (SM)"], STOP_ON_FAILURE)

2020-06-04 19:49:57 - [TEST_STEP][NOT_RUN] - callTestCase(findTestCase("Components/ClickLinkDependingOnTextAndIndex"), ["linkName":"Process Case (SM)", "index":"10"], STOP_ON_FAILURE): NOT_RUN: callTestCase(findTestCase("Components/ClickLinkDependingOnTextAndIndex"), ["linkName":"Process Case (SM)", "index":"10"], STOP_ON_FAILURE)

2020-06-04 19:49:57 - [MESSAGE][NOT_RUN] - NOT_RUN: callTestCase(findTestCase("Components/ClickLinkDependingOnTextAndIndex"), ["linkName":"Process Case (SM)", "index":"10"], STOP_ON_FAILURE)

2020-06-04 19:49:57 - [TEST_STEP][PASSED] - callTestCase(findTestCase("Components/NavigateToAnyLHS"), ["LHS":"Convert to Audit Inspection"], STOP_ON_FAILURE): Call Test Case 'Test Cases/Components/NavigateToAnyLHS' successfully

2020-06-04 19:49:57 - [TEST_CASE][PASSED] - Test Cases/Components/NavigateToAnyLHS: Test Cases/Components/NavigateToAnyLHS

2020-06-04 19:49:57 - [TEST_STEP][PASSED] - Thread.sleep(1000): null

2020-06-04 19:49:58 - [TEST_STEP][PASSED] - modifiedLHS = modifyObjectProperty(findTestObject("Objects.NavigateToAnyLHS/Page_ISPS2/LHSToModify"), "text", "equals", LHS, true): Modify property of object successfully

2020-06-04 19:49:58 - [MESSAGE][PASSED] - Modify property of object successfully

2020-06-04 19:49:58 - [TEST_STEP][PASSED] - click(modifiedLHS): Object: 'Object Repository/Objects.NavigateToAnyLHS/Page_ISPS2/LHSToModify' is clicked on

2020-06-04 19:49:58 - [MESSAGE][PASSED] - Object: 'Object Repository/Objects.NavigateToAnyLHS/Page_ISPS2/LHSToModify' is clicked on

2020-06-04 19:49:58 - [TEST_STEP][PASSED] - currentLHS = getText(modifiedLHS): Text of object 'Object Repository/Objects.NavigateToAnyLHS/Page_ISPS2/LHSToModify' is: 'Convert to Audit Inspection'

2020-06-04 19:49:58 - [MESSAGE][PASSED] - Text of object 'Object Repository/Objects.NavigateToAnyLHS/Page_ISPS2/LHSToModify' is: 'Convert to Audit Inspection'

2020-06-04 19:49:58 - [TEST_STEP][PASSED] - Thread.sleep(5000): null

2020-06-04 19:50:03 - [MESSAGE][PASSED] - Call Test Case 'Test Cases/Components/NavigateToAnyLHS' successfully

2020-06-04 19:50:03 - [TEST_STEP][PASSED] - callTestCase(findTestCase("Components/VerifyPageSuccessfullyLoadedII"), ["PageNm":"Convert to Audit Inspection"], STOP_ON_FAILURE): Call Test Case 'Test Cases/Components/VerifyPageSuccessfullyLoadedII' successfully

2020-06-04 19:50:03 - [TEST_CASE][PASSED] - Test Cases/Components/VerifyPageSuccessfullyLoadedII: Test Cases/Components/VerifyPageSuccessfullyLoadedII

2020-06-04 19:50:03 - [TEST_STEP][PASSED] - waitForPageLoad(5): Wait for page load successfully

2020-06-04 19:50:03 - [MESSAGE][PASSED] - Wait for page load successfully

2020-06-04 19:50:03 - [TEST_STEP][PASSED] - modifiedInputFld = modifyObjectProperty(findTestObject("Object Repository/Objects.VerifyPageSuccessfullyLoaded/PageHeaderIndex"), "xpath", "equals", "//*[contains(@class,'isps-page-title') and (text()='" + PageNm + "')]", true): Modify property of object successfully

2020-06-04 19:50:03 - [MESSAGE][PASSED] - Modify property of object successfully

2020-06-04 19:50:03 - [TEST_STEP][PASSED] - com.reusableComponents.HighlightElement.run(modifiedInputFld): com.reusableComponents.HighlightElement.run is PASSED

2020-06-04 19:50:03 - [MESSAGE][PASSED] - com.reusableComponents.HighlightElement.run is PASSED

2020-06-04 19:50:03 - [MESSAGE][PASSED] - Call Test Case 'Test Cases/Components/VerifyPageSuccessfullyLoadedII' successfully

2020-06-04 19:50:03 - [TEST_STEP][PASSED] - callTestCase(findTestCase("Components/HighlightLabelFieldXPI"), ["LblName":"Assign Case(s) To", "index":"1"], STOP_ON_FAILURE): Call Test Case 'Test Cases/Components/HighlightLabelFieldXPI' successfully

2020-06-04 19:50:04 - [TEST_CASE][PASSED] - Test Cases/Components/HighlightLabelFieldXPI: Test Cases/Components/HighlightLabelFieldXPI

2020-06-04 19:50:04 - [TEST_STEP][PASSED] - Thread.sleep(1000): null

2020-06-04 19:50:05 - [TEST_STEP][PASSED] - modifiedLblNm = modifyObjectProperty(findTestObject("Object Repository/Objects.HighlightElements/lblField_index"), "xpath", "equals", "(//*[contains(@class, 'x-form-item-label-inner x-form-item-label-inner-default') and contains(., '" + LblName + "')])[" + index + "]", true): Modify property of object successfully

2020-06-04 19:50:05 - [MESSAGE][PASSED] - Modify property of object successfully

2020-06-04 19:50:05 - [TEST_STEP][PASSED] - com.reusableComponents.HighlightElement.run(modifiedLblNm): com.reusableComponents.HighlightElement.run is PASSED

2020-06-04 19:50:05 - [MESSAGE][PASSED] - com.reusableComponents.HighlightElement.run is PASSED

2020-06-04 19:50:05 - [MESSAGE][PASSED] - Call Test Case 'Test Cases/Components/HighlightLabelFieldXPI' successfully

2020-06-04 19:50:05 - [TEST_STEP][PASSED] - callTestCase(findTestCase("Components/HighlightInputFieldXPI"), ["FldNm":"NovaOfficerComboBox", "index":1], STOP_ON_FAILURE): Call Test Case 'Test Cases/Components/HighlightInputFieldXPI' successfully

2020-06-04 19:50:05 - [TEST_CASE][PASSED] - Test Cases/Components/HighlightInputFieldXPI: Test Cases/Components/HighlightInputFieldXPI

2020-06-04 19:50:05 - [TEST_STEP][PASSED] - Thread.sleep(1000): null

2020-06-04 19:50:06 - [TEST_STEP][PASSED] - modifiedInputNm = modifyObjectProperty(findTestObject("Object Repository/Objects.HighlightElements/input_field_index"), "xpath", "equals", "(//*[contains(@name, '" + FldNm + "')])[" + index + "]", true): Modify property of object successfully

2020-06-04 19:50:06 - [MESSAGE][PASSED] - Modify property of object successfully

2020-06-04 19:50:06 - [TEST_STEP][PASSED] - com.reusableComponents.HighlightElement.run(modifiedInputNm): com.reusableComponents.HighlightElement.run is PASSED

2020-06-04 19:50:07 - [MESSAGE][PASSED] - com.reusableComponents.HighlightElement.run is PASSED

2020-06-04 19:50:07 - [MESSAGE][PASSED] - Call Test Case 'Test Cases/Components/HighlightInputFieldXPI' successfully

2020-06-04 19:50:07 - [TEST_STEP][PASSED] - callTestCase(findTestCase("PFI Precision and Scale/PFI Components with Indexing/VerifyDropdownValuesXPI"), ["FldNm":"NovaOfficerComboBox", "index":1, "CallTCName":"PFI Precision and Scale/HashMap Tables/OfficerLists", "cmbNm":"", ... ], STOP_ON_FAILURE): Call Test Case 'Test Cases/PFI Precision and Scale/PFI Components with Indexing/VerifyDropdownValuesXPI' successfully

2020-06-04 19:50:07 - [TEST_CASE][PASSED] - Test Cases/PFI Precision and Scale/PFI Components with Indexing/VerifyDropdownValuesXPI: Test Cases/PFI Precision and Scale/PFI Components with Indexing/VerifyDropdownValuesXPI

2020-06-04 19:50:07 - [TEST_STEP][PASSED] - Thread.sleep(1000): null

2020-06-04 19:50:08 - [TEST_STEP][PASSED] - NewInputNmField = modifyObjectProperty(findTestObject("Object Repository/Objects.HighlightElements/input_field_index"), "xpath", "equals", "(//*[contains(@name, '" + FldNm + "')])[" + index + "]", true): Modify property of object successfully

2020-06-04 19:50:08 - [MESSAGE][PASSED] - Modify property of object successfully

2020-06-04 19:50:08 - [TEST_STEP][PASSED] - comboNm = cmbNm: null

2020-06-04 19:50:08 - [TEST_STEP][PASSED] - focus(NewInputNmField): Object: 'Object Repository/Objects.HighlightElements/input_field_index' is focused

2020-06-04 19:50:08 - [MESSAGE][PASSED] - Object: 'Object Repository/Objects.HighlightElements/input_field_index' is focused

2020-06-04 19:50:08 - [TEST_STEP][PASSED] - setText(NewInputNmField, EnterValue): Text 'none' is set on object 'Object Repository/Objects.HighlightElements/input_field_index'

2020-06-04 19:50:08 - [MESSAGE][PASSED] - Text 'none' is set on object 'Object Repository/Objects.HighlightElements/input_field_index'

2020-06-04 19:50:08 - [TEST_STEP][PASSED] - for ([i = 1, i <= NoOfVal, (i++)]): Keys 'DOWN + ' sent to object: 'Object Repository/Objects.HighlightElements/input_field_index'

2020-06-04 19:50:08 - [TEST_STEP][PASSED] - sendKeys(NewInputNmField, Keys.chord(ARROW_DOWN)): Keys 'DOWN + ' sent to object: 'Object Repository/Objects.HighlightElements/input_field_index'

2020-06-04 19:50:08 - [MESSAGE][PASSED] - Keys 'DOWN + ' sent to object: 'Object Repository/Objects.HighlightElements/input_field_index'

2020-06-04 19:50:08 - [TEST_STEP][PASSED] - delay(DelayTime): Delayed 2 second(s)

2020-06-04 19:50:10 - [MESSAGE][PASSED] - Delayed 2 second(s)

2020-06-04 19:50:10 - [TEST_STEP][PASSED] - sendKeys(NewInputNmField, Keys.chord(ENTER)): Keys 'ENTER + ' sent to object: 'Object Repository/Objects.HighlightElements/input_field_index'

2020-06-04 19:50:10 - [MESSAGE][PASSED] - Keys 'ENTER + ' sent to object: 'Object Repository/Objects.HighlightElements/input_field_index'

2020-06-04 19:50:10 - [TEST_STEP][PASSED] - ComboBoxValue = getAttribute(NewInputNmField, "value"): Attribute 'value' of object 'Object Repository/Objects.HighlightElements/input_field_index' is: 'none'

2020-06-04 19:50:10 - [MESSAGE][PASSED] - Attribute 'value' of object 'Object Repository/Objects.HighlightElements/input_field_index' is: 'none'

2020-06-04 19:50:10 - [TEST_STEP][PASSED] - callTestCase(findTestCase(CallTCName), ["FindValue":ComboBoxValue, "DropdownNm":comboNm], STOP_ON_FAILURE): Call Test Case 'Test Cases/PFI Precision and Scale/HashMap Tables/OfficerLists' successfully

2020-06-04 19:50:10 - [TEST_CASE][PASSED] - Test Cases/PFI Precision and Scale/HashMap Tables/OfficerLists: Test Cases/PFI Precision and Scale/HashMap Tables/OfficerLists

2020-06-04 19:50:10 - [TEST_STEP][PASSED] - Thread.sleep(1000): null

2020-06-04 19:50:11 - [TEST_STEP][PASSED] - OfficerLists = [1:"Aaron Sham Wai Lun (AARON)", 2:"Azidah Bte Akmad (Mdm) (USAABD)", 3:"Chung Fong Nyen (USACFN)", 4:"David Tey Dah Wei (DAHWEI)", ... ]: null

2020-06-04 19:50:11 - [TEST_STEP][PASSED] - ValueFound = OfficerLists.find({ -> ... }): null

2020-06-04 19:50:11 - [MESSAGE][PASSED] - Call Test Case 'Test Cases/PFI Precision and Scale/HashMap Tables/OfficerLists' successfully

2020-06-04 19:50:11 - [TEST_STEP][PASSED] - println(ValueFound): null

2020-06-04 19:50:11 - [TEST_STEP][PASSED] - sendKeys(NewInputNmField, Keys.chord(ARROW_DOWN)): Keys 'DOWN + ' sent to object: 'Object Repository/Objects.HighlightElements/input_field_index'

2020-06-04 19:50:11 - [MESSAGE][PASSED] - Keys 'DOWN + ' sent to object: 'Object Repository/Objects.HighlightElements/input_field_index'

2020-06-04 19:50:11 - [TEST_STEP][PASSED] - sendKeys(NewInputNmField, Keys.chord(ENTER)): Keys 'ENTER + ' sent to object: 'Object Repository/Objects.HighlightElements/input_field_index'

2020-06-04 19:50:11 - [MESSAGE][PASSED] - Keys 'ENTER + ' sent to object: 'Object Repository/Objects.HighlightElements/input_field_index'

2020-06-04 19:50:11 - [MESSAGE][PASSED] - Call Test Case 'Test Cases/PFI Precision and Scale/PFI Components with Indexing/VerifyDropdownValuesXPI' successfully

2020-06-04 19:50:11 - [TEST_STEP][PASSED] - callTestCase(findTestCase("Components/SelectAllThenDeleteXPI"), ["nameToBeUsed":"NovaOfficerComboBox", "index":"1"], STOP_ON_FAILURE): Call Test Case 'Test Cases/Components/SelectAllThenDeleteXPI' successfully

2020-06-04 19:50:12 - [TEST_CASE][PASSED] - Test Cases/Components/SelectAllThenDeleteXPI: Test Cases/Components/SelectAllThenDeleteXPI

2020-06-04 19:50:12 - [TEST_STEP][PASSED] - Thread.sleep(1000): null

2020-06-04 19:50:13 - [TEST_STEP][PASSED] - modifiedObj = modifyObjectProperty(findTestObject("Object Repository/Objects.HighlightElements/input_field_index"), "xpath", "equals", "(//*[contains(@name,'" + nameToBeUsed + "')])[" + index + "]", true): Modify property of object successfully

2020-06-04 19:50:13 - [MESSAGE][PASSED] - Modify property of object successfully

2020-06-04 19:50:13 - [TEST_STEP][PASSED] - focus(modifiedObj): Object: 'Object Repository/Objects.HighlightElements/input_field_index' is focused

2020-06-04 19:50:13 - [MESSAGE][PASSED] - Object: 'Object Repository/Objects.HighlightElements/input_field_index' is focused

2020-06-04 19:50:13 - [TEST_STEP][PASSED] - sendKeys(modifiedObj, Keys.chord(CONTROL, "a")): Keys 'CONTROL + a' sent to object: 'Object Repository/Objects.HighlightElements/input_field_index'

2020-06-04 19:50:13 - [MESSAGE][PASSED] - Keys 'CONTROL + a' sent to object: 'Object Repository/Objects.HighlightElements/input_field_index'

2020-06-04 19:50:13 - [TEST_STEP][PASSED] - sendKeys(modifiedObj, Keys.chord(DELETE)): Keys 'DELETE + ' sent to object: 'Object Repository/Objects.HighlightElements/input_field_index'

2020-06-04 19:50:13 - [MESSAGE][PASSED] - Keys 'DELETE + ' sent to object: 'Object Repository/Objects.HighlightElements/input_field_index'

2020-06-04 19:50:13 - [MESSAGE][PASSED] - Call Test Case 'Test Cases/Components/SelectAllThenDeleteXPI' successfully

2020-06-04 19:50:13 - [TEST_STEP][PASSED] - callTestCase(findTestCase("PFI Precision and Scale/PFI Components with Indexing/VerifyDropdownValuesXPI"), ["FldNm":"NovaOfficerComboBox", "index":1, "CallTCName":"PFI Precision and Scale/HashMap Tables/OfficerLists", "cmbNm":"", ... ], STOP_ON_FAILURE): Call Test Case 'Test Cases/PFI Precision and Scale/PFI Components with Indexing/VerifyDropdownValuesXPI' successfully

2020-06-04 19:50:13 - [TEST_CASE][PASSED] - Test Cases/PFI Precision and Scale/PFI Components with Indexing/VerifyDropdownValuesXPI: Test Cases/PFI Precision and Scale/PFI Components with Indexing/VerifyDropdownValuesXPI

2020-06-04 19:50:13 - [TEST_STEP][PASSED] - Thread.sleep(1000): null

2020-06-04 19:50:14 - [TEST_STEP][PASSED] - NewInputNmField = modifyObjectProperty(findTestObject("Object Repository/Objects.HighlightElements/input_field_index"), "xpath", "equals", "(//*[contains(@name, '" + FldNm + "')])[" + index + "]", true): Modify property of object successfully

2020-06-04 19:50:14 - [MESSAGE][PASSED] - Modify property of object successfully

2020-06-04 19:50:14 - [TEST_STEP][PASSED] - comboNm = cmbNm: null

2020-06-04 19:50:14 - [TEST_STEP][PASSED] - focus(NewInputNmField): Object: 'Object Repository/Objects.HighlightElements/input_field_index' is focused

2020-06-04 19:50:14 - [MESSAGE][PASSED] - Object: 'Object Repository/Objects.HighlightElements/input_field_index' is focused

2020-06-04 19:50:14 - [TEST_STEP][PASSED] - setText(NewInputNmField, EnterValue): Text 'BENGKWEE' is set on object 'Object Repository/Objects.HighlightElements/input_field_index'

2020-06-04 19:50:14 - [MESSAGE][PASSED] - Text 'BENGKWEE' is set on object 'Object Repository/Objects.HighlightElements/input_field_index'

2020-06-04 19:50:14 - [TEST_STEP][PASSED] - for ([i = 1, i <= NoOfVal, (i++)]): Keys 'DOWN + ' sent to object: 'Object Repository/Objects.HighlightElements/input_field_index'

2020-06-04 19:50:14 - [TEST_STEP][PASSED] - sendKeys(NewInputNmField, Keys.chord(ARROW_DOWN)): Keys 'DOWN + ' sent to object: 'Object Repository/Objects.HighlightElements/input_field_index'

2020-06-04 19:50:14 - [MESSAGE][PASSED] - Keys 'DOWN + ' sent to object: 'Object Repository/Objects.HighlightElements/input_field_index'

2020-06-04 19:50:14 - [TEST_STEP][PASSED] - delay(DelayTime): Delayed 2 second(s)

2020-06-04 19:50:16 - [MESSAGE][PASSED] - Delayed 2 second(s)

2020-06-04 19:50:16 - [TEST_STEP][PASSED] - sendKeys(NewInputNmField, Keys.chord(ENTER)): Keys 'ENTER + ' sent to object: 'Object Repository/Objects.HighlightElements/input_field_index'

2020-06-04 19:50:16 - [MESSAGE][PASSED] - Keys 'ENTER + ' sent to object: 'Object Repository/Objects.HighlightElements/input_field_index'

2020-06-04 19:50:16 - [TEST_STEP][PASSED] - ComboBoxValue = getAttribute(NewInputNmField, "value"): Attribute 'value' of object 'Object Repository/Objects.HighlightElements/input_field_index' is: 'Lim Beng Kwee (BENGKWEE)'

2020-06-04 19:50:16 - [MESSAGE][PASSED] - Attribute 'value' of object 'Object Repository/Objects.HighlightElements/input_field_index' is: 'Lim Beng Kwee (BENGKWEE)'

2020-06-04 19:50:16 - [TEST_STEP][PASSED] - callTestCase(findTestCase(CallTCName), ["FindValue":ComboBoxValue, "DropdownNm":comboNm], STOP_ON_FAILURE): Call Test Case 'Test Cases/PFI Precision and Scale/HashMap Tables/OfficerLists' successfully

2020-06-04 19:50:16 - [TEST_CASE][PASSED] - Test Cases/PFI Precision and Scale/HashMap Tables/OfficerLists: Test Cases/PFI Precision and Scale/HashMap Tables/OfficerLists

2020-06-04 19:50:16 - [TEST_STEP][PASSED] - Thread.sleep(1000): null

2020-06-04 19:50:17 - [TEST_STEP][PASSED] - OfficerLists = [1:"Aaron Sham Wai Lun (AARON)", 2:"Azidah Bte Akmad (Mdm) (USAABD)", 3:"Chung Fong Nyen (USACFN)", 4:"David Tey Dah Wei (DAHWEI)", ... ]: null

2020-06-04 19:50:17 - [TEST_STEP][PASSED] - ValueFound = OfficerLists.find({ -> ... }): null

2020-06-04 19:50:17 - [MESSAGE][PASSED] - Call Test Case 'Test Cases/PFI Precision and Scale/HashMap Tables/OfficerLists' successfully

2020-06-04 19:50:17 - [TEST_STEP][PASSED] - println(ValueFound): null

2020-06-04 19:50:17 - [TEST_STEP][PASSED] - sendKeys(NewInputNmField, Keys.chord(ARROW_DOWN)): Keys 'DOWN + ' sent to object: 'Object Repository/Objects.HighlightElements/input_field_index'

2020-06-04 19:50:17 - [MESSAGE][PASSED] - Keys 'DOWN + ' sent to object: 'Object Repository/Objects.HighlightElements/input_field_index'

2020-06-04 19:50:17 - [TEST_STEP][PASSED] - sendKeys(NewInputNmField, Keys.chord(ENTER)): Keys 'ENTER + ' sent to object: 'Object Repository/Objects.HighlightElements/input_field_index'

2020-06-04 19:50:17 - [MESSAGE][PASSED] - Keys 'ENTER + ' sent to object: 'Object Repository/Objects.HighlightElements/input_field_index'

2020-06-04 19:50:17 - [MESSAGE][PASSED] - Call Test Case 'Test Cases/PFI Precision and Scale/PFI Components with Indexing/VerifyDropdownValuesXPI' successfully

2020-06-04 19:50:17 - [TEST_STEP][PASSED] - callTestCase(findTestCase("Components/SelectAllThenDeleteXPI"), ["nameToBeUsed":"NovaOfficerComboBox", "index":"1"], STOP_ON_FAILURE): Call Test Case 'Test Cases/Components/SelectAllThenDeleteXPI' successfully

2020-06-04 19:50:18 - [TEST_CASE][PASSED] - Test Cases/Components/SelectAllThenDeleteXPI: Test Cases/Components/SelectAllThenDeleteXPI

2020-06-04 19:50:18 - [TEST_STEP][PASSED] - Thread.sleep(1000): null

2020-06-04 19:50:19 - [TEST_STEP][PASSED] - modifiedObj = modifyObjectProperty(findTestObject("Object Repository/Objects.HighlightElements/input_field_index"), "xpath", "equals", "(//*[contains(@name,'" + nameToBeUsed + "')])[" + index + "]", true): Modify property of object successfully

2020-06-04 19:50:19 - [MESSAGE][PASSED] - Modify property of object successfully

2020-06-04 19:50:19 - [TEST_STEP][PASSED] - focus(modifiedObj): Object: 'Object Repository/Objects.HighlightElements/input_field_index' is focused

2020-06-04 19:50:19 - [MESSAGE][PASSED] - Object: 'Object Repository/Objects.HighlightElements/input_field_index' is focused

2020-06-04 19:50:19 - [TEST_STEP][PASSED] - sendKeys(modifiedObj, Keys.chord(CONTROL, "a")): Keys 'CONTROL + a' sent to object: 'Object Repository/Objects.HighlightElements/input_field_index'

2020-06-04 19:50:19 - [MESSAGE][PASSED] - Keys 'CONTROL + a' sent to object: 'Object Repository/Objects.HighlightElements/input_field_index'

2020-06-04 19:50:19 - [TEST_STEP][PASSED] - sendKeys(modifiedObj, Keys.chord(DELETE)): Keys 'DELETE + ' sent to object: 'Object Repository/Objects.HighlightElements/input_field_index'

2020-06-04 19:50:19 - [MESSAGE][PASSED] - Keys 'DELETE + ' sent to object: 'Object Repository/Objects.HighlightElements/input_field_index'

2020-06-04 19:50:19 - [MESSAGE][PASSED] - Call Test Case 'Test Cases/Components/SelectAllThenDeleteXPI' successfully

2020-06-04 19:50:19 - [TEST_STEP][PASSED] - callTestCase(findTestCase("PFI Precision and Scale/PFI Components with Indexing/VerifyDropdownValuesXPI"), ["FldNm":"NovaOfficerComboBox", "index":1, "CallTCName":"PFI Precision and Scale/HashMap Tables/OfficerLists", "cmbNm":"", ... ], STOP_ON_FAILURE): Call Test Case 'Test Cases/PFI Precision and Scale/PFI Components with Indexing/VerifyDropdownValuesXPI' successfully

2020-06-04 19:50:19 - [TEST_CASE][PASSED] - Test Cases/PFI Precision and Scale/PFI Components with Indexing/VerifyDropdownValuesXPI: Test Cases/PFI Precision and Scale/PFI Components with Indexing/VerifyDropdownValuesXPI

2020-06-04 19:50:19 - [TEST_STEP][PASSED] - Thread.sleep(1000): null

2020-06-04 19:50:20 - [TEST_STEP][PASSED] - NewInputNmField = modifyObjectProperty(findTestObject("Object Repository/Objects.HighlightElements/input_field_index"), "xpath", "equals", "(//*[contains(@name, '" + FldNm + "')])[" + index + "]", true): Modify property of object successfully

2020-06-04 19:50:20 - [MESSAGE][PASSED] - Modify property of object successfully

2020-06-04 19:50:20 - [TEST_STEP][PASSED] - comboNm = cmbNm: null

2020-06-04 19:50:20 - [TEST_STEP][PASSED] - focus(NewInputNmField): Object: 'Object Repository/Objects.HighlightElements/input_field_index' is focused

2020-06-04 19:50:20 - [MESSAGE][PASSED] - Object: 'Object Repository/Objects.HighlightElements/input_field_index' is focused

2020-06-04 19:50:20 - [TEST_STEP][PASSED] - setText(NewInputNmField, EnterValue): Text 'Aaron Sham Wai Lun' is set on object 'Object Repository/Objects.HighlightElements/input_field_index'

2020-06-04 19:50:20 - [MESSAGE][PASSED] - Text 'Aaron Sham Wai Lun' is set on object 'Object Repository/Objects.HighlightElements/input_field_index'

2020-06-04 19:50:20 - [TEST_STEP][PASSED] - for ([i = 1, i <= NoOfVal, (i++)]): Keys 'DOWN + ' sent to object: 'Object Repository/Objects.HighlightElements/input_field_index'

2020-06-04 19:50:20 - [TEST_STEP][PASSED] - sendKeys(NewInputNmField, Keys.chord(ARROW_DOWN)): Keys 'DOWN + ' sent to object: 'Object Repository/Objects.HighlightElements/input_field_index'

2020-06-04 19:50:20 - [MESSAGE][PASSED] - Keys 'DOWN + ' sent to object: 'Object Repository/Objects.HighlightElements/input_field_index'

2020-06-04 19:50:20 - [TEST_STEP][PASSED] - delay(DelayTime): Delayed 2 second(s)

2020-06-04 19:50:22 - [MESSAGE][PASSED] - Delayed 2 second(s)

2020-06-04 19:50:22 - [TEST_STEP][PASSED] - sendKeys(NewInputNmField, Keys.chord(ENTER)): Keys 'ENTER + ' sent to object: 'Object Repository/Objects.HighlightElements/input_field_index'

2020-06-04 19:50:22 - [MESSAGE][PASSED] - Keys 'ENTER + ' sent to object: 'Object Repository/Objects.HighlightElements/input_field_index'

2020-06-04 19:50:22 - [TEST_STEP][PASSED] - ComboBoxValue = getAttribute(NewInputNmField, "value"): Attribute 'value' of object 'Object Repository/Objects.HighlightElements/input_field_index' is: 'Aaron Sham Wai Lun (AARON)'

2020-06-04 19:50:22 - [MESSAGE][PASSED] - Attribute 'value' of object 'Object Repository/Objects.HighlightElements/input_field_index' is: 'Aaron Sham Wai Lun (AARON)'

2020-06-04 19:50:22 - [TEST_STEP][PASSED] - callTestCase(findTestCase(CallTCName), ["FindValue":ComboBoxValue, "DropdownNm":comboNm], STOP_ON_FAILURE): Call Test Case 'Test Cases/PFI Precision and Scale/HashMap Tables/OfficerLists' successfully

2020-06-04 19:50:22 - [TEST_CASE][PASSED] - Test Cases/PFI Precision and Scale/HashMap Tables/OfficerLists: Test Cases/PFI Precision and Scale/HashMap Tables/OfficerLists

2020-06-04 19:50:22 - [TEST_STEP][PASSED] - Thread.sleep(1000): null

2020-06-04 19:50:23 - [TEST_STEP][PASSED] - OfficerLists = [1:"Aaron Sham Wai Lun (AARON)", 2:"Azidah Bte Akmad (Mdm) (USAABD)", 3:"Chung Fong Nyen (USACFN)", 4:"David Tey Dah Wei (DAHWEI)", ... ]: null

2020-06-04 19:50:23 - [TEST_STEP][PASSED] - ValueFound = OfficerLists.find({ -> ... }): null

2020-06-04 19:50:23 - [MESSAGE][PASSED] - Call Test Case 'Test Cases/PFI Precision and Scale/HashMap Tables/OfficerLists' successfully

2020-06-04 19:50:23 - [TEST_STEP][PASSED] - println(ValueFound): null

2020-06-04 19:50:23 - [TEST_STEP][PASSED] - sendKeys(NewInputNmField, Keys.chord(ARROW_DOWN)): Keys 'DOWN + ' sent to object: 'Object Repository/Objects.HighlightElements/input_field_index'

2020-06-04 19:50:23 - [MESSAGE][PASSED] - Keys 'DOWN + ' sent to object: 'Object Repository/Objects.HighlightElements/input_field_index'

2020-06-04 19:50:23 - [TEST_STEP][PASSED] - sendKeys(NewInputNmField, Keys.chord(ENTER)): Keys 'ENTER + ' sent to object: 'Object Repository/Objects.HighlightElements/input_field_index'

2020-06-04 19:50:23 - [MESSAGE][PASSED] - Keys 'ENTER + ' sent to object: 'Object Repository/Objects.HighlightElements/input_field_index'

2020-06-04 19:50:23 - [MESSAGE][PASSED] - Call Test Case 'Test Cases/PFI Precision and Scale/PFI Components with Indexing/VerifyDropdownValuesXPI' successfully

2020-06-04 19:50:23 - [TEST_STEP][PASSED] - callTestCase(findTestCase("Components/SelectAllThenDeleteXPI"), ["nameToBeUsed":"NovaOfficerComboBox", "index":"1"], STOP_ON_FAILURE): Call Test Case 'Test Cases/Components/SelectAllThenDeleteXPI' successfully

2020-06-04 19:50:23 - [TEST_CASE][PASSED] - Test Cases/Components/SelectAllThenDeleteXPI: Test Cases/Components/SelectAllThenDeleteXPI

2020-06-04 19:50:24 - [TEST_STEP][PASSED] - Thread.sleep(1000): null

2020-06-04 19:50:25 - [TEST_STEP][PASSED] - modifiedObj = modifyObjectProperty(findTestObject("Object Repository/Objects.HighlightElements/input_field_index"), "xpath", "equals", "(//*[contains(@name,'" + nameToBeUsed + "')])[" + index + "]", true): Modify property of object successfully

2020-06-04 19:50:25 - [MESSAGE][PASSED] - Modify property of object successfully

2020-06-04 19:50:25 - [TEST_STEP][PASSED] - focus(modifiedObj): Object: 'Object Repository/Objects.HighlightElements/input_field_index' is focused

2020-06-04 19:50:25 - [MESSAGE][PASSED] - Object: 'Object Repository/Objects.HighlightElements/input_field_index' is focused

2020-06-04 19:50:25 - [TEST_STEP][PASSED] - sendKeys(modifiedObj, Keys.chord(CONTROL, "a")): Keys 'CONTROL + a' sent to object: 'Object Repository/Objects.HighlightElements/input_field_index'

2020-06-04 19:50:25 - [MESSAGE][PASSED] - Keys 'CONTROL + a' sent to object: 'Object Repository/Objects.HighlightElements/input_field_index'

2020-06-04 19:50:25 - [TEST_STEP][PASSED] - sendKeys(modifiedObj, Keys.chord(DELETE)): Keys 'DELETE + ' sent to object: 'Object Repository/Objects.HighlightElements/input_field_index'

2020-06-04 19:50:25 - [MESSAGE][PASSED] - Keys 'DELETE + ' sent to object: 'Object Repository/Objects.HighlightElements/input_field_index'

2020-06-04 19:50:25 - [MESSAGE][PASSED] - Call Test Case 'Test Cases/Components/SelectAllThenDeleteXPI' successfully

2020-06-04 19:50:25 - [TEST_STEP][PASSED] - callTestCase(findTestCase("PFI Precision and Scale/PFI Components with Indexing/RequiredFieldValidationXPI"), ["nameToBeUsed":"NovaOfficerComboBox", "index":1], STOP_ON_FAILURE): Call Test Case 'Test Cases/PFI Precision and Scale/PFI Components with Indexing/RequiredFieldValidationXPI' successfully

2020-06-04 19:50:25 - [TEST_CASE][PASSED] - Test Cases/PFI Precision and Scale/PFI Components with Indexing/RequiredFieldValidationXPI: Test Cases/PFI Precision and Scale/PFI Components with Indexing/RequiredFieldValidationXPI

2020-06-04 19:50:25 - [TEST_STEP][PASSED] - enableSmartWait(): null

2020-06-04 19:50:25 - [TEST_STEP][PASSED] - NewInputNmField = modifyObjectProperty(findTestObject("Objects.HighlightElements/input_field_index"), "xpath", "equals", "(//*[contains(@name,'" + nameToBeUsed + "')])[" + index + "]", true): Modify property of object successfully

2020-06-04 19:50:25 - [MESSAGE][PASSED] - Modify property of object successfully

2020-06-04 19:50:25 - [TEST_STEP][PASSED] - mouseOver(NewInputNmField): Object: 'Object Repository/Objects.HighlightElements/input_field_index' is hovered

2020-06-04 19:50:25 - [MESSAGE][PASSED] - Object: 'Object Repository/Objects.HighlightElements/input_field_index' is hovered

2020-06-04 19:50:25 - [TEST_STEP][PASSED] - getRqErrMsg = getAttribute(NewInputNmField, "data-errorqtip"): Attribute 'data-errorqtip' of object 'Object Repository/Objects.HighlightElements/input_field_index' is: '<ul class="x-list-plain"><li>This field is required</li></ul>'

2020-06-04 19:50:25 - [MESSAGE][PASSED] - Attribute 'data-errorqtip' of object 'Object Repository/Objects.HighlightElements/input_field_index' is: '<ul class="x-list-plain"><li>This field is required</li></ul>'

2020-06-04 19:50:25 - [TEST_STEP][PASSED] - strToolTip = getRqErrMsg.substring(29, 61): null

2020-06-04 19:50:25 - [TEST_STEP][PASSED] - toolTipReqErrMsg = strToolTip.substring(0, 22): null

2020-06-04 19:50:25 - [TEST_STEP][PASSED] - verifyMatch(toolTipReqErrMsg, RqField, true): Actual text 'This field is required' and expected text 'This field is required' are matched  using regular expression

2020-06-04 19:50:25 - [MESSAGE][PASSED] - Actual text 'This field is required' and expected text 'This field is required' are matched  using regular expression

2020-06-04 19:50:25 - [MESSAGE][PASSED] - Call Test Case 'Test Cases/PFI Precision and Scale/PFI Components with Indexing/RequiredFieldValidationXPI' successfully

2020-06-04 19:50:25 - [TEST_STEP][NOT_RUN] - callTestCase(findTestCase("Components/Logout"), ["LogoutPageTextToBeVerified":findTestData("ISPS2 Test Data").getValue("HomeBanner", 1)], STOP_ON_FAILURE): NOT_RUN: callTestCase(findTestCase("Components/Logout"), ["LogoutPageTextToBeVerified":findTestData("ISPS2 Test Data").getValue("HomeBanner", 1)], STOP_ON_FAILURE)

2020-06-04 19:50:25 - [MESSAGE][NOT_RUN] - NOT_RUN: callTestCase(findTestCase("Components/Logout"), ["LogoutPageTextToBeVerified":findTestData("ISPS2 Test Data").getValue("HomeBanner", 1)], STOP_ON_FAILURE)]]></system-out>
         <system-err><![CDATA[]]></system-err>
      </testcase>
      <testcase name="Test Cases/PFI Precision and Scale/PFI Test Cases/Process Case (PFI)/PFI.TriggerPEPresentationLHS" time="68.844" classname="Test Cases/PFI Precision and Scale/PFI Test Cases/Process Case (PFI)/PFI.TriggerPEPresentationLHS" status="PASSED">
         <system-out><![CDATA[2020-06-04 19:50:25 - [TEST_CASE][PASSED] - Test Cases/PFI Precision and Scale/PFI Test Cases/Process Case (PFI)/PFI.TriggerPEPresentationLHS: Test Cases/PFI Precision and Scale/PFI Test Cases/Process Case (PFI)/PFI.TriggerPEPresentationLHS

2020-06-04 19:50:25 - [TEST_STEP][NOT_RUN] - callTestCase(findTestCase("Components/LoginV2.0"), ["LinkToBeUsed":findTestData("Datatable").getValue("URL", 1), "LoginPageTextToBeVerified":findTestData("Datatable").getValue("HomeBanner", 1), ... ], STOP_ON_FAILURE): NOT_RUN: callTestCase(findTestCase("Components/LoginV2.0"), ["LinkToBeUsed":findTestData("Datatable").getValue("URL", 1), "LoginPageTextToBeVerified":findTestData("Datatable").getValue("HomeBanner", 1), ... ], STOP_ON_FAILURE)

2020-06-04 19:50:25 - [MESSAGE][NOT_RUN] - NOT_RUN: callTestCase(findTestCase("Components/LoginV2.0"), ["LinkToBeUsed":findTestData("Datatable").getValue("URL", 1), "LoginPageTextToBeVerified":findTestData("Datatable").getValue("HomeBanner", 1), ... ], STOP_ON_FAILURE)

2020-06-04 19:50:25 - [TEST_STEP][NOT_RUN] - callTestCase(findTestCase("Components/NavigateToHomepageHeaders"), ["headerText":"My Tasks"], STOP_ON_FAILURE): NOT_RUN: callTestCase(findTestCase("Components/NavigateToHomepageHeaders"), ["headerText":"My Tasks"], STOP_ON_FAILURE)

2020-06-04 19:50:25 - [MESSAGE][NOT_RUN] - NOT_RUN: callTestCase(findTestCase("Components/NavigateToHomepageHeaders"), ["headerText":"My Tasks"], STOP_ON_FAILURE)

2020-06-04 19:50:25 - [TEST_STEP][NOT_RUN] - callTestCase(findTestCase("Components/Filter"), ["taskDescription":"Process Case (SM)"], STOP_ON_FAILURE): NOT_RUN: callTestCase(findTestCase("Components/Filter"), ["taskDescription":"Process Case (SM)"], STOP_ON_FAILURE)

2020-06-04 19:50:25 - [MESSAGE][NOT_RUN] - NOT_RUN: callTestCase(findTestCase("Components/Filter"), ["taskDescription":"Process Case (SM)"], STOP_ON_FAILURE)

2020-06-04 19:50:25 - [TEST_STEP][NOT_RUN] - callTestCase(findTestCase("Components/Wait"), ["secondsToWait":5000], STOP_ON_FAILURE): NOT_RUN: callTestCase(findTestCase("Components/Wait"), ["secondsToWait":5000], STOP_ON_FAILURE)

2020-06-04 19:50:25 - [MESSAGE][NOT_RUN] - NOT_RUN: callTestCase(findTestCase("Components/Wait"), ["secondsToWait":5000], STOP_ON_FAILURE)

2020-06-04 19:50:25 - [TEST_STEP][NOT_RUN] - callTestCase(findTestCase("Components/ClickLinkDependingOnTextAndIndex"), ["linkName":"Process Case (SM)", "index":"6"], STOP_ON_FAILURE): NOT_RUN: callTestCase(findTestCase("Components/ClickLinkDependingOnTextAndIndex"), ["linkName":"Process Case (SM)", "index":"6"], STOP_ON_FAILURE)

2020-06-04 19:50:25 - [MESSAGE][NOT_RUN] - NOT_RUN: callTestCase(findTestCase("Components/ClickLinkDependingOnTextAndIndex"), ["linkName":"Process Case (SM)", "index":"6"], STOP_ON_FAILURE)

2020-06-04 19:50:25 - [TEST_STEP][NOT_RUN] - callTestCase(findTestCase("Components/Wait"), ["secondsToWait":5000], STOP_ON_FAILURE): NOT_RUN: callTestCase(findTestCase("Components/Wait"), ["secondsToWait":5000], STOP_ON_FAILURE)

2020-06-04 19:50:25 - [MESSAGE][NOT_RUN] - NOT_RUN: callTestCase(findTestCase("Components/Wait"), ["secondsToWait":5000], STOP_ON_FAILURE)

2020-06-04 19:50:25 - [TEST_STEP][PASSED] - callTestCase(findTestCase("Components/NavigateToAnyLHS"), ["LHS":"Trigger PE Presentation"], STOP_ON_FAILURE): Call Test Case 'Test Cases/Components/NavigateToAnyLHS' successfully

2020-06-04 19:50:25 - [TEST_CASE][PASSED] - Test Cases/Components/NavigateToAnyLHS: Test Cases/Components/NavigateToAnyLHS

2020-06-04 19:50:25 - [TEST_STEP][PASSED] - Thread.sleep(1000): null

2020-06-04 19:50:26 - [TEST_STEP][PASSED] - modifiedLHS = modifyObjectProperty(findTestObject("Objects.NavigateToAnyLHS/Page_ISPS2/LHSToModify"), "text", "equals", LHS, true): Modify property of object successfully

2020-06-04 19:50:26 - [MESSAGE][PASSED] - Modify property of object successfully

2020-06-04 19:50:26 - [TEST_STEP][PASSED] - click(modifiedLHS): Object: 'Object Repository/Objects.NavigateToAnyLHS/Page_ISPS2/LHSToModify' is clicked on

2020-06-04 19:50:26 - [MESSAGE][PASSED] - Object: 'Object Repository/Objects.NavigateToAnyLHS/Page_ISPS2/LHSToModify' is clicked on

2020-06-04 19:50:26 - [TEST_STEP][PASSED] - currentLHS = getText(modifiedLHS): Text of object 'Object Repository/Objects.NavigateToAnyLHS/Page_ISPS2/LHSToModify' is: 'Trigger PE Presentation'

2020-06-04 19:50:26 - [MESSAGE][PASSED] - Text of object 'Object Repository/Objects.NavigateToAnyLHS/Page_ISPS2/LHSToModify' is: 'Trigger PE Presentation'

2020-06-04 19:50:26 - [TEST_STEP][PASSED] - Thread.sleep(5000): null

2020-06-04 19:50:31 - [MESSAGE][PASSED] - Call Test Case 'Test Cases/Components/NavigateToAnyLHS' successfully

2020-06-04 19:50:31 - [TEST_STEP][PASSED] - callTestCase(findTestCase("Components/VerifyPageSuccessfullyLoaded"), ["HeaderName":"Trigger PE Presentation"], STOP_ON_FAILURE): Call Test Case 'Test Cases/Components/VerifyPageSuccessfullyLoaded' successfully

2020-06-04 19:50:32 - [TEST_CASE][PASSED] - Test Cases/Components/VerifyPageSuccessfullyLoaded: Test Cases/Components/VerifyPageSuccessfullyLoaded

2020-06-04 19:50:32 - [TEST_STEP][PASSED] - Thread.sleep(3000): null

2020-06-04 19:50:35 - [TEST_STEP][PASSED] - ModifiedHeaderName = modifyObjectProperty(findTestObject("Objects.VerifyPageSuccessfullyLoaded/PageHeader"), "text", "equals", HeaderName, true): Modify property of object successfully

2020-06-04 19:50:35 - [MESSAGE][PASSED] - Modify property of object successfully

2020-06-04 19:50:35 - [TEST_STEP][PASSED] - verifyElementPresent(ModifiedHeaderName, 30): Object 'Object Repository/Objects.VerifyPageSuccessfullyLoaded/PageHeader' is present

2020-06-04 19:50:35 - [MESSAGE][PASSED] - Object 'Object Repository/Objects.VerifyPageSuccessfullyLoaded/PageHeader' is present

2020-06-04 19:50:35 - [TEST_STEP][PASSED] - com.reusableComponents.HighlightElement.run(ModifiedHeaderName): com.reusableComponents.HighlightElement.run is PASSED

2020-06-04 19:50:35 - [MESSAGE][PASSED] - com.reusableComponents.HighlightElement.run is PASSED

2020-06-04 19:50:35 - [MESSAGE][PASSED] - Call Test Case 'Test Cases/Components/VerifyPageSuccessfullyLoaded' successfully

2020-06-04 19:50:35 - [TEST_STEP][PASSED] - callTestCase(findTestCase("Components/ClickCheckBoxColumnHeader"), ["NextColHeader":"Building Characteristic", "index":1], STOP_ON_FAILURE): Call Test Case 'Test Cases/Components/ClickCheckBoxColumnHeader' successfully

2020-06-04 19:50:35 - [TEST_CASE][PASSED] - Test Cases/Components/ClickCheckBoxColumnHeader: Test Cases/Components/ClickCheckBoxColumnHeader

2020-06-04 19:50:35 - [TEST_STEP][PASSED] - Thread.sleep(1000): null

2020-06-04 19:50:36 - [TEST_STEP][PASSED] - modifiedObject = modifyObjectProperty(findTestObject("Object Repository/Objects.ReusableObject/CheckboxHeader"), "xpath", "equals", "//*[contains(@class, 'x-column-header-text') and text()='" + NextColHeader + "']//preceding::div[" + index + "]", true): Modify property of object successfully

2020-06-04 19:50:37 - [MESSAGE][PASSED] - Modify property of object successfully

2020-06-04 19:50:37 - [TEST_STEP][PASSED] - com.reusableComponents.HighlightElement.run(modifiedObject): com.reusableComponents.HighlightElement.run is PASSED

2020-06-04 19:50:38 - [MESSAGE][PASSED] - com.reusableComponents.HighlightElement.run is PASSED

2020-06-04 19:50:38 - [TEST_STEP][PASSED] - check(modifiedObject): Object 'Object Repository/Objects.ReusableObject/CheckboxHeader' is checked

2020-06-04 19:50:38 - [MESSAGE][PASSED] - Object 'Object Repository/Objects.ReusableObject/CheckboxHeader' is checked

2020-06-04 19:50:38 - [MESSAGE][PASSED] - Call Test Case 'Test Cases/Components/ClickCheckBoxColumnHeader' successfully

2020-06-04 19:50:38 - [TEST_STEP][PASSED] - callTestCase(findTestCase("Components/HighlightInputFieldXPI"), ["FldNm":"submInd_0", "index":1], STOP_ON_FAILURE): Call Test Case 'Test Cases/Components/HighlightInputFieldXPI' successfully

2020-06-04 19:50:38 - [TEST_CASE][PASSED] - Test Cases/Components/HighlightInputFieldXPI: Test Cases/Components/HighlightInputFieldXPI

2020-06-04 19:50:38 - [TEST_STEP][PASSED] - Thread.sleep(1000): null

2020-06-04 19:50:39 - [TEST_STEP][PASSED] - modifiedInputNm = modifyObjectProperty(findTestObject("Object Repository/Objects.HighlightElements/input_field_index"), "xpath", "equals", "(//*[contains(@name, '" + FldNm + "')])[" + index + "]", true): Modify property of object successfully

2020-06-04 19:50:39 - [MESSAGE][PASSED] - Modify property of object successfully

2020-06-04 19:50:39 - [TEST_STEP][PASSED] - com.reusableComponents.HighlightElement.run(modifiedInputNm): com.reusableComponents.HighlightElement.run is PASSED

2020-06-04 19:50:39 - [MESSAGE][PASSED] - com.reusableComponents.HighlightElement.run is PASSED

2020-06-04 19:50:39 - [MESSAGE][PASSED] - Call Test Case 'Test Cases/Components/HighlightInputFieldXPI' successfully

2020-06-04 19:50:39 - [TEST_STEP][PASSED] - callTestCase(findTestCase("PFI Precision and Scale/HashMap Tables/ConstantHashMap"), ["FldNm":"submInd_0", "index":1, "CallTCName":"PFI Precision and Scale/PFI Components/ConstantHashMap", "cmbNm":"PresINd", ... ], STOP_ON_FAILURE): Call Test Case 'Test Cases/PFI Precision and Scale/HashMap Tables/ConstantHashMap' successfully

2020-06-04 19:50:39 - [TEST_CASE][PASSED] - Test Cases/PFI Precision and Scale/HashMap Tables/ConstantHashMap: Test Cases/PFI Precision and Scale/HashMap Tables/ConstantHashMap

2020-06-04 19:50:39 - [TEST_STEP][PASSED] - ConstantTBL = [1:["PeriodType":"Working Day(s)"], 2:["PeriodType":"Calendar Day(s)"], 3:["PeriodType":"Month(s)"], 4:["TypeOfLetter":"T1"], ... ]: null

2020-06-04 19:50:39 - [TEST_STEP][PASSED] - switch (DropdownNm): null

2020-06-04 19:50:39 - [TEST_STEP][PASSED] - Default: null

2020-06-04 19:50:39 - [TEST_STEP][PASSED] - comment("Not found in the List"): Not found in the List

2020-06-04 19:50:39 - [MESSAGE][INFO] - Not found in the List

2020-06-04 19:50:39 - [TEST_STEP][PASSED] - break: null

2020-06-04 19:50:39 - [MESSAGE][PASSED] - Call Test Case 'Test Cases/PFI Precision and Scale/HashMap Tables/ConstantHashMap' successfully

2020-06-04 19:50:39 - [TEST_STEP][PASSED] - callTestCase(findTestCase("Components/SelectAllThenDeleteXPI"), ["nameToBeUsed":"submInd_0", "index":1], STOP_ON_FAILURE): Call Test Case 'Test Cases/Components/SelectAllThenDeleteXPI' successfully

2020-06-04 19:50:39 - [TEST_CASE][PASSED] - Test Cases/Components/SelectAllThenDeleteXPI: Test Cases/Components/SelectAllThenDeleteXPI

2020-06-04 19:50:39 - [TEST_STEP][PASSED] - Thread.sleep(1000): null

2020-06-04 19:50:40 - [TEST_STEP][PASSED] - modifiedObj = modifyObjectProperty(findTestObject("Object Repository/Objects.HighlightElements/input_field_index"), "xpath", "equals", "(//*[contains(@name,'" + nameToBeUsed + "')])[" + index + "]", true): Modify property of object successfully

2020-06-04 19:50:41 - [MESSAGE][PASSED] - Modify property of object successfully

2020-06-04 19:50:41 - [TEST_STEP][PASSED] - focus(modifiedObj): Object: 'Object Repository/Objects.HighlightElements/input_field_index' is focused

2020-06-04 19:50:41 - [MESSAGE][PASSED] - Object: 'Object Repository/Objects.HighlightElements/input_field_index' is focused

2020-06-04 19:50:41 - [TEST_STEP][PASSED] - sendKeys(modifiedObj, Keys.chord(CONTROL, "a")): Keys 'CONTROL + a' sent to object: 'Object Repository/Objects.HighlightElements/input_field_index'

2020-06-04 19:50:41 - [MESSAGE][PASSED] - Keys 'CONTROL + a' sent to object: 'Object Repository/Objects.HighlightElements/input_field_index'

2020-06-04 19:50:41 - [TEST_STEP][PASSED] - sendKeys(modifiedObj, Keys.chord(DELETE)): Keys 'DELETE + ' sent to object: 'Object Repository/Objects.HighlightElements/input_field_index'

2020-06-04 19:50:41 - [MESSAGE][PASSED] - Keys 'DELETE + ' sent to object: 'Object Repository/Objects.HighlightElements/input_field_index'

2020-06-04 19:50:41 - [MESSAGE][PASSED] - Call Test Case 'Test Cases/Components/SelectAllThenDeleteXPI' successfully

2020-06-04 19:50:41 - [TEST_STEP][PASSED] - callTestCase(findTestCase("PFI Precision and Scale/PFI Components with Indexing/RequiredFieldValidationXPI"), ["nameToBeUsed":"submInd_0", "index":1], STOP_ON_FAILURE): Call Test Case 'Test Cases/PFI Precision and Scale/PFI Components with Indexing/RequiredFieldValidationXPI' successfully

2020-06-04 19:50:41 - [TEST_CASE][PASSED] - Test Cases/PFI Precision and Scale/PFI Components with Indexing/RequiredFieldValidationXPI: Test Cases/PFI Precision and Scale/PFI Components with Indexing/RequiredFieldValidationXPI

2020-06-04 19:50:41 - [TEST_STEP][PASSED] - enableSmartWait(): null

2020-06-04 19:50:41 - [TEST_STEP][PASSED] - NewInputNmField = modifyObjectProperty(findTestObject("Objects.HighlightElements/input_field_index"), "xpath", "equals", "(//*[contains(@name,'" + nameToBeUsed + "')])[" + index + "]", true): Modify property of object successfully

2020-06-04 19:50:41 - [MESSAGE][PASSED] - Modify property of object successfully

2020-06-04 19:50:41 - [TEST_STEP][PASSED] - mouseOver(NewInputNmField): Object: 'Object Repository/Objects.HighlightElements/input_field_index' is hovered

2020-06-04 19:50:41 - [MESSAGE][PASSED] - Object: 'Object Repository/Objects.HighlightElements/input_field_index' is hovered

2020-06-04 19:50:41 - [TEST_STEP][PASSED] - getRqErrMsg = getAttribute(NewInputNmField, "data-errorqtip"): Attribute 'data-errorqtip' of object 'Object Repository/Objects.HighlightElements/input_field_index' is: '<ul class="x-list-plain"><li>This field is required</li></ul>'

2020-06-04 19:50:41 - [MESSAGE][PASSED] - Attribute 'data-errorqtip' of object 'Object Repository/Objects.HighlightElements/input_field_index' is: '<ul class="x-list-plain"><li>This field is required</li></ul>'

2020-06-04 19:50:41 - [TEST_STEP][PASSED] - strToolTip = getRqErrMsg.substring(29, 61): null

2020-06-04 19:50:41 - [TEST_STEP][PASSED] - toolTipReqErrMsg = strToolTip.substring(0, 22): null

2020-06-04 19:50:41 - [TEST_STEP][PASSED] - verifyMatch(toolTipReqErrMsg, RqField, true): Actual text 'This field is required' and expected text 'This field is required' are matched  using regular expression

2020-06-04 19:50:41 - [MESSAGE][PASSED] - Actual text 'This field is required' and expected text 'This field is required' are matched  using regular expression

2020-06-04 19:50:41 - [MESSAGE][PASSED] - Call Test Case 'Test Cases/PFI Precision and Scale/PFI Components with Indexing/RequiredFieldValidationXPI' successfully

2020-06-04 19:50:41 - [TEST_STEP][PASSED] - callTestCase(findTestCase("Components/HighlightInputFieldXPI"), ["FldNm":"submInd_1", "index":1], STOP_ON_FAILURE): Call Test Case 'Test Cases/Components/HighlightInputFieldXPI' successfully

2020-06-04 19:50:41 - [TEST_CASE][PASSED] - Test Cases/Components/HighlightInputFieldXPI: Test Cases/Components/HighlightInputFieldXPI

2020-06-04 19:50:41 - [TEST_STEP][PASSED] - Thread.sleep(1000): null

2020-06-04 19:50:42 - [TEST_STEP][PASSED] - modifiedInputNm = modifyObjectProperty(findTestObject("Object Repository/Objects.HighlightElements/input_field_index"), "xpath", "equals", "(//*[contains(@name, '" + FldNm + "')])[" + index + "]", true): Modify property of object successfully

2020-06-04 19:50:42 - [MESSAGE][PASSED] - Modify property of object successfully

2020-06-04 19:50:42 - [TEST_STEP][PASSED] - com.reusableComponents.HighlightElement.run(modifiedInputNm): com.reusableComponents.HighlightElement.run is PASSED

2020-06-04 19:50:42 - [MESSAGE][PASSED] - com.reusableComponents.HighlightElement.run is PASSED

2020-06-04 19:50:42 - [MESSAGE][PASSED] - Call Test Case 'Test Cases/Components/HighlightInputFieldXPI' successfully

2020-06-04 19:50:42 - [TEST_STEP][PASSED] - callTestCase(findTestCase("PFI Precision and Scale/PFI Components with Indexing/VerifyDropdownValuesXPI"), ["FldNm":"submInd_1", "index":1, "CallTCName":"PFI Precision and Scale/HashMap Tables/ConstantHashMap", "cmbNm":"PresINd", ... ], STOP_ON_FAILURE): Call Test Case 'Test Cases/PFI Precision and Scale/PFI Components with Indexing/VerifyDropdownValuesXPI' successfully

2020-06-04 19:50:43 - [TEST_CASE][PASSED] - Test Cases/PFI Precision and Scale/PFI Components with Indexing/VerifyDropdownValuesXPI: Test Cases/PFI Precision and Scale/PFI Components with Indexing/VerifyDropdownValuesXPI

2020-06-04 19:50:43 - [TEST_STEP][PASSED] - Thread.sleep(1000): null

2020-06-04 19:50:44 - [TEST_STEP][PASSED] - NewInputNmField = modifyObjectProperty(findTestObject("Object Repository/Objects.HighlightElements/input_field_index"), "xpath", "equals", "(//*[contains(@name, '" + FldNm + "')])[" + index + "]", true): Modify property of object successfully

2020-06-04 19:50:44 - [MESSAGE][PASSED] - Modify property of object successfully

2020-06-04 19:50:44 - [TEST_STEP][PASSED] - comboNm = cmbNm: null

2020-06-04 19:50:44 - [TEST_STEP][PASSED] - focus(NewInputNmField): Object: 'Object Repository/Objects.HighlightElements/input_field_index' is focused

2020-06-04 19:50:44 - [MESSAGE][PASSED] - Object: 'Object Repository/Objects.HighlightElements/input_field_index' is focused

2020-06-04 19:50:44 - [TEST_STEP][PASSED] - setText(NewInputNmField, EnterValue): Text '' is set on object 'Object Repository/Objects.HighlightElements/input_field_index'

2020-06-04 19:50:44 - [MESSAGE][PASSED] - Text '' is set on object 'Object Repository/Objects.HighlightElements/input_field_index'

2020-06-04 19:50:44 - [TEST_STEP][PASSED] - for ([i = 1, i <= NoOfVal, (i++)]): Keys 'DOWN + ' sent to object: 'Object Repository/Objects.HighlightElements/input_field_index'

2020-06-04 19:50:44 - [TEST_STEP][PASSED] - sendKeys(NewInputNmField, Keys.chord(ARROW_DOWN)): Keys 'DOWN + ' sent to object: 'Object Repository/Objects.HighlightElements/input_field_index'

2020-06-04 19:50:44 - [MESSAGE][PASSED] - Keys 'DOWN + ' sent to object: 'Object Repository/Objects.HighlightElements/input_field_index'

2020-06-04 19:50:44 - [TEST_STEP][PASSED] - delay(DelayTime): Delayed 2 second(s)

2020-06-04 19:50:46 - [MESSAGE][PASSED] - Delayed 2 second(s)

2020-06-04 19:50:46 - [TEST_STEP][PASSED] - sendKeys(NewInputNmField, Keys.chord(ENTER)): Keys 'ENTER + ' sent to object: 'Object Repository/Objects.HighlightElements/input_field_index'

2020-06-04 19:50:46 - [MESSAGE][PASSED] - Keys 'ENTER + ' sent to object: 'Object Repository/Objects.HighlightElements/input_field_index'

2020-06-04 19:50:46 - [TEST_STEP][PASSED] - ComboBoxValue = getAttribute(NewInputNmField, "value"): Attribute 'value' of object 'Object Repository/Objects.HighlightElements/input_field_index' is: 'Yes'

2020-06-04 19:50:46 - [MESSAGE][PASSED] - Attribute 'value' of object 'Object Repository/Objects.HighlightElements/input_field_index' is: 'Yes'

2020-06-04 19:50:46 - [TEST_STEP][PASSED] - callTestCase(findTestCase(CallTCName), ["FindValue":ComboBoxValue, "DropdownNm":comboNm], STOP_ON_FAILURE): Call Test Case 'Test Cases/PFI Precision and Scale/HashMap Tables/ConstantHashMap' successfully

2020-06-04 19:50:46 - [TEST_CASE][PASSED] - Test Cases/PFI Precision and Scale/HashMap Tables/ConstantHashMap: Test Cases/PFI Precision and Scale/HashMap Tables/ConstantHashMap

2020-06-04 19:50:46 - [TEST_STEP][PASSED] - ConstantTBL = [1:["PeriodType":"Working Day(s)"], 2:["PeriodType":"Calendar Day(s)"], 3:["PeriodType":"Month(s)"], 4:["TypeOfLetter":"T1"], ... ]: null

2020-06-04 19:50:46 - [TEST_STEP][PASSED] - switch (DropdownNm): null

2020-06-04 19:50:46 - [TEST_STEP][PASSED] - case "PresINd":: null

2020-06-04 19:50:46 - [TEST_STEP][PASSED] - ValueFound = ConstantTBL.find({ -> ... }): null

2020-06-04 19:50:46 - [TEST_STEP][PASSED] - break: null

2020-06-04 19:50:46 - [MESSAGE][PASSED] - Call Test Case 'Test Cases/PFI Precision and Scale/HashMap Tables/ConstantHashMap' successfully

2020-06-04 19:50:46 - [TEST_STEP][PASSED] - println(ValueFound): null

2020-06-04 19:50:46 - [TEST_STEP][PASSED] - sendKeys(NewInputNmField, Keys.chord(ARROW_DOWN)): Keys 'DOWN + ' sent to object: 'Object Repository/Objects.HighlightElements/input_field_index'

2020-06-04 19:50:46 - [MESSAGE][PASSED] - Keys 'DOWN + ' sent to object: 'Object Repository/Objects.HighlightElements/input_field_index'

2020-06-04 19:50:46 - [TEST_STEP][PASSED] - sendKeys(NewInputNmField, Keys.chord(ARROW_DOWN)): Keys 'DOWN + ' sent to object: 'Object Repository/Objects.HighlightElements/input_field_index'

2020-06-04 19:50:46 - [MESSAGE][PASSED] - Keys 'DOWN + ' sent to object: 'Object Repository/Objects.HighlightElements/input_field_index'

2020-06-04 19:50:46 - [TEST_STEP][PASSED] - delay(DelayTime): Delayed 2 second(s)

2020-06-04 19:50:48 - [MESSAGE][PASSED] - Delayed 2 second(s)

2020-06-04 19:50:48 - [TEST_STEP][PASSED] - sendKeys(NewInputNmField, Keys.chord(ENTER)): Keys 'ENTER + ' sent to object: 'Object Repository/Objects.HighlightElements/input_field_index'

2020-06-04 19:50:48 - [MESSAGE][PASSED] - Keys 'ENTER + ' sent to object: 'Object Repository/Objects.HighlightElements/input_field_index'

2020-06-04 19:50:48 - [TEST_STEP][PASSED] - ComboBoxValue = getAttribute(NewInputNmField, "value"): Attribute 'value' of object 'Object Repository/Objects.HighlightElements/input_field_index' is: 'No'

2020-06-04 19:50:48 - [MESSAGE][PASSED] - Attribute 'value' of object 'Object Repository/Objects.HighlightElements/input_field_index' is: 'No'

2020-06-04 19:50:48 - [TEST_STEP][PASSED] - callTestCase(findTestCase(CallTCName), ["FindValue":ComboBoxValue, "DropdownNm":comboNm], STOP_ON_FAILURE): Call Test Case 'Test Cases/PFI Precision and Scale/HashMap Tables/ConstantHashMap' successfully

2020-06-04 19:50:48 - [TEST_CASE][PASSED] - Test Cases/PFI Precision and Scale/HashMap Tables/ConstantHashMap: Test Cases/PFI Precision and Scale/HashMap Tables/ConstantHashMap

2020-06-04 19:50:48 - [TEST_STEP][PASSED] - ConstantTBL = [1:["PeriodType":"Working Day(s)"], 2:["PeriodType":"Calendar Day(s)"], 3:["PeriodType":"Month(s)"], 4:["TypeOfLetter":"T1"], ... ]: null

2020-06-04 19:50:48 - [TEST_STEP][PASSED] - switch (DropdownNm): null

2020-06-04 19:50:48 - [TEST_STEP][PASSED] - case "PresINd":: null

2020-06-04 19:50:48 - [TEST_STEP][PASSED] - ValueFound = ConstantTBL.find({ -> ... }): null

2020-06-04 19:50:48 - [TEST_STEP][PASSED] - break: null

2020-06-04 19:50:48 - [MESSAGE][PASSED] - Call Test Case 'Test Cases/PFI Precision and Scale/HashMap Tables/ConstantHashMap' successfully

2020-06-04 19:50:48 - [TEST_STEP][PASSED] - println(ValueFound): null

2020-06-04 19:50:48 - [TEST_STEP][PASSED] - sendKeys(NewInputNmField, Keys.chord(ARROW_DOWN)): Keys 'DOWN + ' sent to object: 'Object Repository/Objects.HighlightElements/input_field_index'

2020-06-04 19:50:48 - [MESSAGE][PASSED] - Keys 'DOWN + ' sent to object: 'Object Repository/Objects.HighlightElements/input_field_index'

2020-06-04 19:50:48 - [TEST_STEP][PASSED] - sendKeys(NewInputNmField, Keys.chord(ENTER)): Keys 'ENTER + ' sent to object: 'Object Repository/Objects.HighlightElements/input_field_index'

2020-06-04 19:50:48 - [MESSAGE][PASSED] - Keys 'ENTER + ' sent to object: 'Object Repository/Objects.HighlightElements/input_field_index'

2020-06-04 19:50:48 - [MESSAGE][PASSED] - Call Test Case 'Test Cases/PFI Precision and Scale/PFI Components with Indexing/VerifyDropdownValuesXPI' successfully

2020-06-04 19:50:48 - [TEST_STEP][PASSED] - callTestCase(findTestCase("Components/SelectAllThenDeleteXPI"), ["nameToBeUsed":"submInd_1", "index":"1"], STOP_ON_FAILURE): Call Test Case 'Test Cases/Components/SelectAllThenDeleteXPI' successfully

2020-06-04 19:50:48 - [TEST_CASE][PASSED] - Test Cases/Components/SelectAllThenDeleteXPI: Test Cases/Components/SelectAllThenDeleteXPI

2020-06-04 19:50:48 - [TEST_STEP][PASSED] - Thread.sleep(1000): null

2020-06-04 19:50:49 - [TEST_STEP][PASSED] - modifiedObj = modifyObjectProperty(findTestObject("Object Repository/Objects.HighlightElements/input_field_index"), "xpath", "equals", "(//*[contains(@name,'" + nameToBeUsed + "')])[" + index + "]", true): Modify property of object successfully

2020-06-04 19:50:49 - [MESSAGE][PASSED] - Modify property of object successfully

2020-06-04 19:50:49 - [TEST_STEP][PASSED] - focus(modifiedObj): Object: 'Object Repository/Objects.HighlightElements/input_field_index' is focused

2020-06-04 19:50:49 - [MESSAGE][PASSED] - Object: 'Object Repository/Objects.HighlightElements/input_field_index' is focused

2020-06-04 19:50:49 - [TEST_STEP][PASSED] - sendKeys(modifiedObj, Keys.chord(CONTROL, "a")): Keys 'CONTROL + a' sent to object: 'Object Repository/Objects.HighlightElements/input_field_index'

2020-06-04 19:50:49 - [MESSAGE][PASSED] - Keys 'CONTROL + a' sent to object: 'Object Repository/Objects.HighlightElements/input_field_index'

2020-06-04 19:50:49 - [TEST_STEP][PASSED] - sendKeys(modifiedObj, Keys.chord(DELETE)): Keys 'DELETE + ' sent to object: 'Object Repository/Objects.HighlightElements/input_field_index'

2020-06-04 19:50:49 - [MESSAGE][PASSED] - Keys 'DELETE + ' sent to object: 'Object Repository/Objects.HighlightElements/input_field_index'

2020-06-04 19:50:49 - [MESSAGE][PASSED] - Call Test Case 'Test Cases/Components/SelectAllThenDeleteXPI' successfully

2020-06-04 19:50:49 - [TEST_STEP][PASSED] - callTestCase(findTestCase("PFI Precision and Scale/PFI Components with Indexing/RequiredFieldValidationXPI"), ["nameToBeUsed":"submInd_1", "index":1], STOP_ON_FAILURE): Call Test Case 'Test Cases/PFI Precision and Scale/PFI Components with Indexing/RequiredFieldValidationXPI' successfully

2020-06-04 19:50:50 - [TEST_CASE][PASSED] - Test Cases/PFI Precision and Scale/PFI Components with Indexing/RequiredFieldValidationXPI: Test Cases/PFI Precision and Scale/PFI Components with Indexing/RequiredFieldValidationXPI

2020-06-04 19:50:50 - [TEST_STEP][PASSED] - enableSmartWait(): null

2020-06-04 19:50:50 - [TEST_STEP][PASSED] - NewInputNmField = modifyObjectProperty(findTestObject("Objects.HighlightElements/input_field_index"), "xpath", "equals", "(//*[contains(@name,'" + nameToBeUsed + "')])[" + index + "]", true): Modify property of object successfully

2020-06-04 19:50:50 - [MESSAGE][PASSED] - Modify property of object successfully

2020-06-04 19:50:50 - [TEST_STEP][PASSED] - mouseOver(NewInputNmField): Object: 'Object Repository/Objects.HighlightElements/input_field_index' is hovered

2020-06-04 19:50:50 - [MESSAGE][PASSED] - Object: 'Object Repository/Objects.HighlightElements/input_field_index' is hovered

2020-06-04 19:50:50 - [TEST_STEP][PASSED] - getRqErrMsg = getAttribute(NewInputNmField, "data-errorqtip"): Attribute 'data-errorqtip' of object 'Object Repository/Objects.HighlightElements/input_field_index' is: '<ul class="x-list-plain"><li>This field is required</li></ul>'

2020-06-04 19:50:50 - [MESSAGE][PASSED] - Attribute 'data-errorqtip' of object 'Object Repository/Objects.HighlightElements/input_field_index' is: '<ul class="x-list-plain"><li>This field is required</li></ul>'

2020-06-04 19:50:50 - [TEST_STEP][PASSED] - strToolTip = getRqErrMsg.substring(29, 61): null

2020-06-04 19:50:50 - [TEST_STEP][PASSED] - toolTipReqErrMsg = strToolTip.substring(0, 22): null

2020-06-04 19:50:50 - [TEST_STEP][PASSED] - verifyMatch(toolTipReqErrMsg, RqField, true): Actual text 'This field is required' and expected text 'This field is required' are matched  using regular expression

2020-06-04 19:50:50 - [MESSAGE][PASSED] - Actual text 'This field is required' and expected text 'This field is required' are matched  using regular expression

2020-06-04 19:50:50 - [MESSAGE][PASSED] - Call Test Case 'Test Cases/PFI Precision and Scale/PFI Components with Indexing/RequiredFieldValidationXPI' successfully

2020-06-04 19:50:50 - [TEST_STEP][PASSED] - callTestCase(findTestCase("Components/HighlightInputFieldXPI"), ["FldNm":"submInd_2", "index":1], STOP_ON_FAILURE): Call Test Case 'Test Cases/Components/HighlightInputFieldXPI' successfully

2020-06-04 19:50:50 - [TEST_CASE][PASSED] - Test Cases/Components/HighlightInputFieldXPI: Test Cases/Components/HighlightInputFieldXPI

2020-06-04 19:50:50 - [TEST_STEP][PASSED] - Thread.sleep(1000): null

2020-06-04 19:50:51 - [TEST_STEP][PASSED] - modifiedInputNm = modifyObjectProperty(findTestObject("Object Repository/Objects.HighlightElements/input_field_index"), "xpath", "equals", "(//*[contains(@name, '" + FldNm + "')])[" + index + "]", true): Modify property of object successfully

2020-06-04 19:50:51 - [MESSAGE][PASSED] - Modify property of object successfully

2020-06-04 19:50:51 - [TEST_STEP][PASSED] - com.reusableComponents.HighlightElement.run(modifiedInputNm): com.reusableComponents.HighlightElement.run is PASSED

2020-06-04 19:50:51 - [MESSAGE][PASSED] - com.reusableComponents.HighlightElement.run is PASSED

2020-06-04 19:50:51 - [MESSAGE][PASSED] - Call Test Case 'Test Cases/Components/HighlightInputFieldXPI' successfully

2020-06-04 19:50:51 - [TEST_STEP][PASSED] - callTestCase(findTestCase("PFI Precision and Scale/PFI Components with Indexing/VerifyDropdownValuesXPI"), ["FldNm":"submInd_2", "index":1, "CallTCName":"PFI Precision and Scale/HashMap Tables/ConstantHashMap", "cmbNm":"PresINd", ... ], STOP_ON_FAILURE): Call Test Case 'Test Cases/PFI Precision and Scale/PFI Components with Indexing/VerifyDropdownValuesXPI' successfully

2020-06-04 19:50:51 - [TEST_CASE][PASSED] - Test Cases/PFI Precision and Scale/PFI Components with Indexing/VerifyDropdownValuesXPI: Test Cases/PFI Precision and Scale/PFI Components with Indexing/VerifyDropdownValuesXPI

2020-06-04 19:50:51 - [TEST_STEP][PASSED] - Thread.sleep(1000): null

2020-06-04 19:50:52 - [TEST_STEP][PASSED] - NewInputNmField = modifyObjectProperty(findTestObject("Object Repository/Objects.HighlightElements/input_field_index"), "xpath", "equals", "(//*[contains(@name, '" + FldNm + "')])[" + index + "]", true): Modify property of object successfully

2020-06-04 19:50:52 - [MESSAGE][PASSED] - Modify property of object successfully

2020-06-04 19:50:52 - [TEST_STEP][PASSED] - comboNm = cmbNm: null

2020-06-04 19:50:52 - [TEST_STEP][PASSED] - focus(NewInputNmField): Object: 'Object Repository/Objects.HighlightElements/input_field_index' is focused

2020-06-04 19:50:52 - [MESSAGE][PASSED] - Object: 'Object Repository/Objects.HighlightElements/input_field_index' is focused

2020-06-04 19:50:52 - [TEST_STEP][PASSED] - setText(NewInputNmField, EnterValue): Text '' is set on object 'Object Repository/Objects.HighlightElements/input_field_index'

2020-06-04 19:50:53 - [MESSAGE][PASSED] - Text '' is set on object 'Object Repository/Objects.HighlightElements/input_field_index'

2020-06-04 19:50:53 - [TEST_STEP][PASSED] - for ([i = 1, i <= NoOfVal, (i++)]): Keys 'DOWN + ' sent to object: 'Object Repository/Objects.HighlightElements/input_field_index'

2020-06-04 19:50:53 - [TEST_STEP][PASSED] - sendKeys(NewInputNmField, Keys.chord(ARROW_DOWN)): Keys 'DOWN + ' sent to object: 'Object Repository/Objects.HighlightElements/input_field_index'

2020-06-04 19:50:53 - [MESSAGE][PASSED] - Keys 'DOWN + ' sent to object: 'Object Repository/Objects.HighlightElements/input_field_index'

2020-06-04 19:50:53 - [TEST_STEP][PASSED] - delay(DelayTime): Delayed 2 second(s)

2020-06-04 19:50:55 - [MESSAGE][PASSED] - Delayed 2 second(s)

2020-06-04 19:50:55 - [TEST_STEP][PASSED] - sendKeys(NewInputNmField, Keys.chord(ENTER)): Keys 'ENTER + ' sent to object: 'Object Repository/Objects.HighlightElements/input_field_index'

2020-06-04 19:50:55 - [MESSAGE][PASSED] - Keys 'ENTER + ' sent to object: 'Object Repository/Objects.HighlightElements/input_field_index'

2020-06-04 19:50:55 - [TEST_STEP][PASSED] - ComboBoxValue = getAttribute(NewInputNmField, "value"): Attribute 'value' of object 'Object Repository/Objects.HighlightElements/input_field_index' is: 'Yes'

2020-06-04 19:50:55 - [MESSAGE][PASSED] - Attribute 'value' of object 'Object Repository/Objects.HighlightElements/input_field_index' is: 'Yes'

2020-06-04 19:50:55 - [TEST_STEP][PASSED] - callTestCase(findTestCase(CallTCName), ["FindValue":ComboBoxValue, "DropdownNm":comboNm], STOP_ON_FAILURE): Call Test Case 'Test Cases/PFI Precision and Scale/HashMap Tables/ConstantHashMap' successfully

2020-06-04 19:50:55 - [TEST_CASE][PASSED] - Test Cases/PFI Precision and Scale/HashMap Tables/ConstantHashMap: Test Cases/PFI Precision and Scale/HashMap Tables/ConstantHashMap

2020-06-04 19:50:55 - [TEST_STEP][PASSED] - ConstantTBL = [1:["PeriodType":"Working Day(s)"], 2:["PeriodType":"Calendar Day(s)"], 3:["PeriodType":"Month(s)"], 4:["TypeOfLetter":"T1"], ... ]: null

2020-06-04 19:50:55 - [TEST_STEP][PASSED] - switch (DropdownNm): null

2020-06-04 19:50:55 - [TEST_STEP][PASSED] - case "PresINd":: null

2020-06-04 19:50:55 - [TEST_STEP][PASSED] - ValueFound = ConstantTBL.find({ -> ... }): null

2020-06-04 19:50:55 - [TEST_STEP][PASSED] - break: null

2020-06-04 19:50:55 - [MESSAGE][PASSED] - Call Test Case 'Test Cases/PFI Precision and Scale/HashMap Tables/ConstantHashMap' successfully

2020-06-04 19:50:55 - [TEST_STEP][PASSED] - println(ValueFound): null

2020-06-04 19:50:55 - [TEST_STEP][PASSED] - sendKeys(NewInputNmField, Keys.chord(ARROW_DOWN)): Keys 'DOWN + ' sent to object: 'Object Repository/Objects.HighlightElements/input_field_index'

2020-06-04 19:50:55 - [MESSAGE][PASSED] - Keys 'DOWN + ' sent to object: 'Object Repository/Objects.HighlightElements/input_field_index'

2020-06-04 19:50:55 - [TEST_STEP][PASSED] - sendKeys(NewInputNmField, Keys.chord(ARROW_DOWN)): Keys 'DOWN + ' sent to object: 'Object Repository/Objects.HighlightElements/input_field_index'

2020-06-04 19:50:55 - [MESSAGE][PASSED] - Keys 'DOWN + ' sent to object: 'Object Repository/Objects.HighlightElements/input_field_index'

2020-06-04 19:50:55 - [TEST_STEP][PASSED] - delay(DelayTime): Delayed 2 second(s)

2020-06-04 19:50:57 - [MESSAGE][PASSED] - Delayed 2 second(s)

2020-06-04 19:50:57 - [TEST_STEP][PASSED] - sendKeys(NewInputNmField, Keys.chord(ENTER)): Keys 'ENTER + ' sent to object: 'Object Repository/Objects.HighlightElements/input_field_index'

2020-06-04 19:50:57 - [MESSAGE][PASSED] - Keys 'ENTER + ' sent to object: 'Object Repository/Objects.HighlightElements/input_field_index'

2020-06-04 19:50:57 - [TEST_STEP][PASSED] - ComboBoxValue = getAttribute(NewInputNmField, "value"): Attribute 'value' of object 'Object Repository/Objects.HighlightElements/input_field_index' is: 'No'

2020-06-04 19:50:57 - [MESSAGE][PASSED] - Attribute 'value' of object 'Object Repository/Objects.HighlightElements/input_field_index' is: 'No'

2020-06-04 19:50:57 - [TEST_STEP][PASSED] - callTestCase(findTestCase(CallTCName), ["FindValue":ComboBoxValue, "DropdownNm":comboNm], STOP_ON_FAILURE): Call Test Case 'Test Cases/PFI Precision and Scale/HashMap Tables/ConstantHashMap' successfully

2020-06-04 19:50:57 - [TEST_CASE][PASSED] - Test Cases/PFI Precision and Scale/HashMap Tables/ConstantHashMap: Test Cases/PFI Precision and Scale/HashMap Tables/ConstantHashMap

2020-06-04 19:50:57 - [TEST_STEP][PASSED] - ConstantTBL = [1:["PeriodType":"Working Day(s)"], 2:["PeriodType":"Calendar Day(s)"], 3:["PeriodType":"Month(s)"], 4:["TypeOfLetter":"T1"], ... ]: null

2020-06-04 19:50:57 - [TEST_STEP][PASSED] - switch (DropdownNm): null

2020-06-04 19:50:57 - [TEST_STEP][PASSED] - case "PresINd":: null

2020-06-04 19:50:57 - [TEST_STEP][PASSED] - ValueFound = ConstantTBL.find({ -> ... }): null

2020-06-04 19:50:57 - [TEST_STEP][PASSED] - break: null

2020-06-04 19:50:57 - [MESSAGE][PASSED] - Call Test Case 'Test Cases/PFI Precision and Scale/HashMap Tables/ConstantHashMap' successfully

2020-06-04 19:50:57 - [TEST_STEP][PASSED] - println(ValueFound): null

2020-06-04 19:50:57 - [TEST_STEP][PASSED] - sendKeys(NewInputNmField, Keys.chord(ARROW_DOWN)): Keys 'DOWN + ' sent to object: 'Object Repository/Objects.HighlightElements/input_field_index'

2020-06-04 19:50:57 - [MESSAGE][PASSED] - Keys 'DOWN + ' sent to object: 'Object Repository/Objects.HighlightElements/input_field_index'

2020-06-04 19:50:57 - [TEST_STEP][PASSED] - sendKeys(NewInputNmField, Keys.chord(ENTER)): Keys 'ENTER + ' sent to object: 'Object Repository/Objects.HighlightElements/input_field_index'

2020-06-04 19:50:57 - [MESSAGE][PASSED] - Keys 'ENTER + ' sent to object: 'Object Repository/Objects.HighlightElements/input_field_index'

2020-06-04 19:50:57 - [MESSAGE][PASSED] - Call Test Case 'Test Cases/PFI Precision and Scale/PFI Components with Indexing/VerifyDropdownValuesXPI' successfully

2020-06-04 19:50:57 - [TEST_STEP][PASSED] - callTestCase(findTestCase("Components/SelectAllThenDeleteXPI"), ["nameToBeUsed":"submInd_2", "index":1], STOP_ON_FAILURE): Call Test Case 'Test Cases/Components/SelectAllThenDeleteXPI' successfully

2020-06-04 19:50:57 - [TEST_CASE][PASSED] - Test Cases/Components/SelectAllThenDeleteXPI: Test Cases/Components/SelectAllThenDeleteXPI

2020-06-04 19:50:57 - [TEST_STEP][PASSED] - Thread.sleep(1000): null

2020-06-04 19:50:58 - [TEST_STEP][PASSED] - modifiedObj = modifyObjectProperty(findTestObject("Object Repository/Objects.HighlightElements/input_field_index"), "xpath", "equals", "(//*[contains(@name,'" + nameToBeUsed + "')])[" + index + "]", true): Modify property of object successfully

2020-06-04 19:50:58 - [MESSAGE][PASSED] - Modify property of object successfully

2020-06-04 19:50:58 - [TEST_STEP][PASSED] - focus(modifiedObj): Object: 'Object Repository/Objects.HighlightElements/input_field_index' is focused

2020-06-04 19:50:58 - [MESSAGE][PASSED] - Object: 'Object Repository/Objects.HighlightElements/input_field_index' is focused

2020-06-04 19:50:58 - [TEST_STEP][PASSED] - sendKeys(modifiedObj, Keys.chord(CONTROL, "a")): Keys 'CONTROL + a' sent to object: 'Object Repository/Objects.HighlightElements/input_field_index'

2020-06-04 19:50:58 - [MESSAGE][PASSED] - Keys 'CONTROL + a' sent to object: 'Object Repository/Objects.HighlightElements/input_field_index'

2020-06-04 19:50:58 - [TEST_STEP][PASSED] - sendKeys(modifiedObj, Keys.chord(DELETE)): Keys 'DELETE + ' sent to object: 'Object Repository/Objects.HighlightElements/input_field_index'

2020-06-04 19:50:58 - [MESSAGE][PASSED] - Keys 'DELETE + ' sent to object: 'Object Repository/Objects.HighlightElements/input_field_index'

2020-06-04 19:50:58 - [MESSAGE][PASSED] - Call Test Case 'Test Cases/Components/SelectAllThenDeleteXPI' successfully

2020-06-04 19:50:58 - [TEST_STEP][PASSED] - callTestCase(findTestCase("PFI Precision and Scale/PFI Components with Indexing/RequiredFieldValidationXPI"), ["nameToBeUsed":"submInd_2", "index":1], STOP_ON_FAILURE): Call Test Case 'Test Cases/PFI Precision and Scale/PFI Components with Indexing/RequiredFieldValidationXPI' successfully

2020-06-04 19:50:58 - [TEST_CASE][PASSED] - Test Cases/PFI Precision and Scale/PFI Components with Indexing/RequiredFieldValidationXPI: Test Cases/PFI Precision and Scale/PFI Components with Indexing/RequiredFieldValidationXPI

2020-06-04 19:50:58 - [TEST_STEP][PASSED] - enableSmartWait(): null

2020-06-04 19:50:58 - [TEST_STEP][PASSED] - NewInputNmField = modifyObjectProperty(findTestObject("Objects.HighlightElements/input_field_index"), "xpath", "equals", "(//*[contains(@name,'" + nameToBeUsed + "')])[" + index + "]", true): Modify property of object successfully

2020-06-04 19:50:58 - [MESSAGE][PASSED] - Modify property of object successfully

2020-06-04 19:50:58 - [TEST_STEP][PASSED] - mouseOver(NewInputNmField): Object: 'Object Repository/Objects.HighlightElements/input_field_index' is hovered

2020-06-04 19:50:59 - [MESSAGE][PASSED] - Object: 'Object Repository/Objects.HighlightElements/input_field_index' is hovered

2020-06-04 19:50:59 - [TEST_STEP][PASSED] - getRqErrMsg = getAttribute(NewInputNmField, "data-errorqtip"): Attribute 'data-errorqtip' of object 'Object Repository/Objects.HighlightElements/input_field_index' is: '<ul class="x-list-plain"><li>This field is required</li></ul>'

2020-06-04 19:50:59 - [MESSAGE][PASSED] - Attribute 'data-errorqtip' of object 'Object Repository/Objects.HighlightElements/input_field_index' is: '<ul class="x-list-plain"><li>This field is required</li></ul>'

2020-06-04 19:50:59 - [TEST_STEP][PASSED] - strToolTip = getRqErrMsg.substring(29, 61): null

2020-06-04 19:50:59 - [TEST_STEP][PASSED] - toolTipReqErrMsg = strToolTip.substring(0, 22): null

2020-06-04 19:50:59 - [TEST_STEP][PASSED] - verifyMatch(toolTipReqErrMsg, RqField, true): Actual text 'This field is required' and expected text 'This field is required' are matched  using regular expression

2020-06-04 19:50:59 - [MESSAGE][PASSED] - Actual text 'This field is required' and expected text 'This field is required' are matched  using regular expression

2020-06-04 19:50:59 - [MESSAGE][PASSED] - Call Test Case 'Test Cases/PFI Precision and Scale/PFI Components with Indexing/RequiredFieldValidationXPI' successfully

2020-06-04 19:50:59 - [TEST_STEP][PASSED] - callTestCase(findTestCase("Components/HighlightInputFieldXPI"), ["FldNm":"submInd_3", "index":1], STOP_ON_FAILURE): Call Test Case 'Test Cases/Components/HighlightInputFieldXPI' successfully

2020-06-04 19:50:59 - [TEST_CASE][PASSED] - Test Cases/Components/HighlightInputFieldXPI: Test Cases/Components/HighlightInputFieldXPI

2020-06-04 19:50:59 - [TEST_STEP][PASSED] - Thread.sleep(1000): null

2020-06-04 19:51:00 - [TEST_STEP][PASSED] - modifiedInputNm = modifyObjectProperty(findTestObject("Object Repository/Objects.HighlightElements/input_field_index"), "xpath", "equals", "(//*[contains(@name, '" + FldNm + "')])[" + index + "]", true): Modify property of object successfully

2020-06-04 19:51:00 - [MESSAGE][PASSED] - Modify property of object successfully

2020-06-04 19:51:00 - [TEST_STEP][PASSED] - com.reusableComponents.HighlightElement.run(modifiedInputNm): com.reusableComponents.HighlightElement.run is PASSED

2020-06-04 19:51:00 - [MESSAGE][PASSED] - com.reusableComponents.HighlightElement.run is PASSED

2020-06-04 19:51:00 - [MESSAGE][PASSED] - Call Test Case 'Test Cases/Components/HighlightInputFieldXPI' successfully

2020-06-04 19:51:00 - [TEST_STEP][PASSED] - callTestCase(findTestCase("PFI Precision and Scale/PFI Components with Indexing/VerifyDropdownValuesXPI"), ["FldNm":"submInd_3", "index":1, "CallTCName":"PFI Precision and Scale/HashMap Tables/ConstantHashMap", "cmbNm":"PresINd", ... ], STOP_ON_FAILURE): Call Test Case 'Test Cases/PFI Precision and Scale/PFI Components with Indexing/VerifyDropdownValuesXPI' successfully

2020-06-04 19:51:00 - [TEST_CASE][PASSED] - Test Cases/PFI Precision and Scale/PFI Components with Indexing/VerifyDropdownValuesXPI: Test Cases/PFI Precision and Scale/PFI Components with Indexing/VerifyDropdownValuesXPI

2020-06-04 19:51:00 - [TEST_STEP][PASSED] - Thread.sleep(1000): null

2020-06-04 19:51:01 - [TEST_STEP][PASSED] - NewInputNmField = modifyObjectProperty(findTestObject("Object Repository/Objects.HighlightElements/input_field_index"), "xpath", "equals", "(//*[contains(@name, '" + FldNm + "')])[" + index + "]", true): Modify property of object successfully

2020-06-04 19:51:01 - [MESSAGE][PASSED] - Modify property of object successfully

2020-06-04 19:51:01 - [TEST_STEP][PASSED] - comboNm = cmbNm: null

2020-06-04 19:51:01 - [TEST_STEP][PASSED] - focus(NewInputNmField): Object: 'Object Repository/Objects.HighlightElements/input_field_index' is focused

2020-06-04 19:51:01 - [MESSAGE][PASSED] - Object: 'Object Repository/Objects.HighlightElements/input_field_index' is focused

2020-06-04 19:51:01 - [TEST_STEP][PASSED] - setText(NewInputNmField, EnterValue): Text '' is set on object 'Object Repository/Objects.HighlightElements/input_field_index'

2020-06-04 19:51:01 - [MESSAGE][PASSED] - Text '' is set on object 'Object Repository/Objects.HighlightElements/input_field_index'

2020-06-04 19:51:01 - [TEST_STEP][PASSED] - for ([i = 1, i <= NoOfVal, (i++)]): Keys 'DOWN + ' sent to object: 'Object Repository/Objects.HighlightElements/input_field_index'

2020-06-04 19:51:01 - [TEST_STEP][PASSED] - sendKeys(NewInputNmField, Keys.chord(ARROW_DOWN)): Keys 'DOWN + ' sent to object: 'Object Repository/Objects.HighlightElements/input_field_index'

2020-06-04 19:51:01 - [MESSAGE][PASSED] - Keys 'DOWN + ' sent to object: 'Object Repository/Objects.HighlightElements/input_field_index'

2020-06-04 19:51:01 - [TEST_STEP][PASSED] - delay(DelayTime): Delayed 2 second(s)

2020-06-04 19:51:03 - [MESSAGE][PASSED] - Delayed 2 second(s)

2020-06-04 19:51:03 - [TEST_STEP][PASSED] - sendKeys(NewInputNmField, Keys.chord(ENTER)): Keys 'ENTER + ' sent to object: 'Object Repository/Objects.HighlightElements/input_field_index'

2020-06-04 19:51:03 - [MESSAGE][PASSED] - Keys 'ENTER + ' sent to object: 'Object Repository/Objects.HighlightElements/input_field_index'

2020-06-04 19:51:03 - [TEST_STEP][PASSED] - ComboBoxValue = getAttribute(NewInputNmField, "value"): Attribute 'value' of object 'Object Repository/Objects.HighlightElements/input_field_index' is: 'Yes'

2020-06-04 19:51:03 - [MESSAGE][PASSED] - Attribute 'value' of object 'Object Repository/Objects.HighlightElements/input_field_index' is: 'Yes'

2020-06-04 19:51:03 - [TEST_STEP][PASSED] - callTestCase(findTestCase(CallTCName), ["FindValue":ComboBoxValue, "DropdownNm":comboNm], STOP_ON_FAILURE): Call Test Case 'Test Cases/PFI Precision and Scale/HashMap Tables/ConstantHashMap' successfully

2020-06-04 19:51:04 - [TEST_CASE][PASSED] - Test Cases/PFI Precision and Scale/HashMap Tables/ConstantHashMap: Test Cases/PFI Precision and Scale/HashMap Tables/ConstantHashMap

2020-06-04 19:51:04 - [TEST_STEP][PASSED] - ConstantTBL = [1:["PeriodType":"Working Day(s)"], 2:["PeriodType":"Calendar Day(s)"], 3:["PeriodType":"Month(s)"], 4:["TypeOfLetter":"T1"], ... ]: null

2020-06-04 19:51:04 - [TEST_STEP][PASSED] - switch (DropdownNm): null

2020-06-04 19:51:04 - [TEST_STEP][PASSED] - case "PresINd":: null

2020-06-04 19:51:04 - [TEST_STEP][PASSED] - ValueFound = ConstantTBL.find({ -> ... }): null

2020-06-04 19:51:04 - [TEST_STEP][PASSED] - break: null

2020-06-04 19:51:04 - [MESSAGE][PASSED] - Call Test Case 'Test Cases/PFI Precision and Scale/HashMap Tables/ConstantHashMap' successfully

2020-06-04 19:51:04 - [TEST_STEP][PASSED] - println(ValueFound): null

2020-06-04 19:51:04 - [TEST_STEP][PASSED] - sendKeys(NewInputNmField, Keys.chord(ARROW_DOWN)): Keys 'DOWN + ' sent to object: 'Object Repository/Objects.HighlightElements/input_field_index'

2020-06-04 19:51:04 - [MESSAGE][PASSED] - Keys 'DOWN + ' sent to object: 'Object Repository/Objects.HighlightElements/input_field_index'

2020-06-04 19:51:04 - [TEST_STEP][PASSED] - sendKeys(NewInputNmField, Keys.chord(ARROW_DOWN)): Keys 'DOWN + ' sent to object: 'Object Repository/Objects.HighlightElements/input_field_index'

2020-06-04 19:51:04 - [MESSAGE][PASSED] - Keys 'DOWN + ' sent to object: 'Object Repository/Objects.HighlightElements/input_field_index'

2020-06-04 19:51:04 - [TEST_STEP][PASSED] - delay(DelayTime): Delayed 2 second(s)

2020-06-04 19:51:06 - [MESSAGE][PASSED] - Delayed 2 second(s)

2020-06-04 19:51:06 - [TEST_STEP][PASSED] - sendKeys(NewInputNmField, Keys.chord(ENTER)): Keys 'ENTER + ' sent to object: 'Object Repository/Objects.HighlightElements/input_field_index'

2020-06-04 19:51:06 - [MESSAGE][PASSED] - Keys 'ENTER + ' sent to object: 'Object Repository/Objects.HighlightElements/input_field_index'

2020-06-04 19:51:06 - [TEST_STEP][PASSED] - ComboBoxValue = getAttribute(NewInputNmField, "value"): Attribute 'value' of object 'Object Repository/Objects.HighlightElements/input_field_index' is: 'No'

2020-06-04 19:51:06 - [MESSAGE][PASSED] - Attribute 'value' of object 'Object Repository/Objects.HighlightElements/input_field_index' is: 'No'

2020-06-04 19:51:06 - [TEST_STEP][PASSED] - callTestCase(findTestCase(CallTCName), ["FindValue":ComboBoxValue, "DropdownNm":comboNm], STOP_ON_FAILURE): Call Test Case 'Test Cases/PFI Precision and Scale/HashMap Tables/ConstantHashMap' successfully

2020-06-04 19:51:06 - [TEST_CASE][PASSED] - Test Cases/PFI Precision and Scale/HashMap Tables/ConstantHashMap: Test Cases/PFI Precision and Scale/HashMap Tables/ConstantHashMap

2020-06-04 19:51:06 - [TEST_STEP][PASSED] - ConstantTBL = [1:["PeriodType":"Working Day(s)"], 2:["PeriodType":"Calendar Day(s)"], 3:["PeriodType":"Month(s)"], 4:["TypeOfLetter":"T1"], ... ]: null

2020-06-04 19:51:06 - [TEST_STEP][PASSED] - switch (DropdownNm): null

2020-06-04 19:51:06 - [TEST_STEP][PASSED] - case "PresINd":: null

2020-06-04 19:51:06 - [TEST_STEP][PASSED] - ValueFound = ConstantTBL.find({ -> ... }): null

2020-06-04 19:51:06 - [TEST_STEP][PASSED] - break: null

2020-06-04 19:51:06 - [MESSAGE][PASSED] - Call Test Case 'Test Cases/PFI Precision and Scale/HashMap Tables/ConstantHashMap' successfully

2020-06-04 19:51:06 - [TEST_STEP][PASSED] - println(ValueFound): null

2020-06-04 19:51:06 - [TEST_STEP][PASSED] - sendKeys(NewInputNmField, Keys.chord(ARROW_DOWN)): Keys 'DOWN + ' sent to object: 'Object Repository/Objects.HighlightElements/input_field_index'

2020-06-04 19:51:06 - [MESSAGE][PASSED] - Keys 'DOWN + ' sent to object: 'Object Repository/Objects.HighlightElements/input_field_index'

2020-06-04 19:51:06 - [TEST_STEP][PASSED] - sendKeys(NewInputNmField, Keys.chord(ENTER)): Keys 'ENTER + ' sent to object: 'Object Repository/Objects.HighlightElements/input_field_index'

2020-06-04 19:51:06 - [MESSAGE][PASSED] - Keys 'ENTER + ' sent to object: 'Object Repository/Objects.HighlightElements/input_field_index'

2020-06-04 19:51:06 - [MESSAGE][PASSED] - Call Test Case 'Test Cases/PFI Precision and Scale/PFI Components with Indexing/VerifyDropdownValuesXPI' successfully

2020-06-04 19:51:06 - [TEST_STEP][PASSED] - callTestCase(findTestCase("Components/SelectAllThenDeleteXPI"), ["nameToBeUsed":"submInd_3", "index":"1"], STOP_ON_FAILURE): Call Test Case 'Test Cases/Components/SelectAllThenDeleteXPI' successfully

2020-06-04 19:51:06 - [TEST_CASE][PASSED] - Test Cases/Components/SelectAllThenDeleteXPI: Test Cases/Components/SelectAllThenDeleteXPI

2020-06-04 19:51:06 - [TEST_STEP][PASSED] - Thread.sleep(1000): null

2020-06-04 19:51:07 - [TEST_STEP][PASSED] - modifiedObj = modifyObjectProperty(findTestObject("Object Repository/Objects.HighlightElements/input_field_index"), "xpath", "equals", "(//*[contains(@name,'" + nameToBeUsed + "')])[" + index + "]", true): Modify property of object successfully

2020-06-04 19:51:07 - [MESSAGE][PASSED] - Modify property of object successfully

2020-06-04 19:51:07 - [TEST_STEP][PASSED] - focus(modifiedObj): Object: 'Object Repository/Objects.HighlightElements/input_field_index' is focused

2020-06-04 19:51:07 - [MESSAGE][PASSED] - Object: 'Object Repository/Objects.HighlightElements/input_field_index' is focused

2020-06-04 19:51:07 - [TEST_STEP][PASSED] - sendKeys(modifiedObj, Keys.chord(CONTROL, "a")): Keys 'CONTROL + a' sent to object: 'Object Repository/Objects.HighlightElements/input_field_index'

2020-06-04 19:51:07 - [MESSAGE][PASSED] - Keys 'CONTROL + a' sent to object: 'Object Repository/Objects.HighlightElements/input_field_index'

2020-06-04 19:51:07 - [TEST_STEP][PASSED] - sendKeys(modifiedObj, Keys.chord(DELETE)): Keys 'DELETE + ' sent to object: 'Object Repository/Objects.HighlightElements/input_field_index'

2020-06-04 19:51:07 - [MESSAGE][PASSED] - Keys 'DELETE + ' sent to object: 'Object Repository/Objects.HighlightElements/input_field_index'

2020-06-04 19:51:07 - [MESSAGE][PASSED] - Call Test Case 'Test Cases/Components/SelectAllThenDeleteXPI' successfully

2020-06-04 19:51:07 - [TEST_STEP][PASSED] - callTestCase(findTestCase("PFI Precision and Scale/PFI Components with Indexing/RequiredFieldValidationXPI"), ["nameToBeUsed":"submInd_3", "index":1], STOP_ON_FAILURE): Call Test Case 'Test Cases/PFI Precision and Scale/PFI Components with Indexing/RequiredFieldValidationXPI' successfully

2020-06-04 19:51:07 - [TEST_CASE][PASSED] - Test Cases/PFI Precision and Scale/PFI Components with Indexing/RequiredFieldValidationXPI: Test Cases/PFI Precision and Scale/PFI Components with Indexing/RequiredFieldValidationXPI

2020-06-04 19:51:07 - [TEST_STEP][PASSED] - enableSmartWait(): null

2020-06-04 19:51:07 - [TEST_STEP][PASSED] - NewInputNmField = modifyObjectProperty(findTestObject("Objects.HighlightElements/input_field_index"), "xpath", "equals", "(//*[contains(@name,'" + nameToBeUsed + "')])[" + index + "]", true): Modify property of object successfully

2020-06-04 19:51:07 - [MESSAGE][PASSED] - Modify property of object successfully

2020-06-04 19:51:07 - [TEST_STEP][PASSED] - mouseOver(NewInputNmField): Object: 'Object Repository/Objects.HighlightElements/input_field_index' is hovered

2020-06-04 19:51:07 - [MESSAGE][PASSED] - Object: 'Object Repository/Objects.HighlightElements/input_field_index' is hovered

2020-06-04 19:51:07 - [TEST_STEP][PASSED] - getRqErrMsg = getAttribute(NewInputNmField, "data-errorqtip"): Attribute 'data-errorqtip' of object 'Object Repository/Objects.HighlightElements/input_field_index' is: '<ul class="x-list-plain"><li>This field is required</li></ul>'

2020-06-04 19:51:07 - [MESSAGE][PASSED] - Attribute 'data-errorqtip' of object 'Object Repository/Objects.HighlightElements/input_field_index' is: '<ul class="x-list-plain"><li>This field is required</li></ul>'

2020-06-04 19:51:07 - [TEST_STEP][PASSED] - strToolTip = getRqErrMsg.substring(29, 61): null

2020-06-04 19:51:07 - [TEST_STEP][PASSED] - toolTipReqErrMsg = strToolTip.substring(0, 22): null

2020-06-04 19:51:07 - [TEST_STEP][PASSED] - verifyMatch(toolTipReqErrMsg, RqField, true): Actual text 'This field is required' and expected text 'This field is required' are matched  using regular expression

2020-06-04 19:51:07 - [MESSAGE][PASSED] - Actual text 'This field is required' and expected text 'This field is required' are matched  using regular expression

2020-06-04 19:51:07 - [MESSAGE][PASSED] - Call Test Case 'Test Cases/PFI Precision and Scale/PFI Components with Indexing/RequiredFieldValidationXPI' successfully

2020-06-04 19:51:07 - [TEST_STEP][PASSED] - callTestCase(findTestCase("Components/HighlightInputFieldXPI"), ["FldNm":"submInd_4", "index":1], STOP_ON_FAILURE): Call Test Case 'Test Cases/Components/HighlightInputFieldXPI' successfully

2020-06-04 19:51:07 - [TEST_CASE][PASSED] - Test Cases/Components/HighlightInputFieldXPI: Test Cases/Components/HighlightInputFieldXPI

2020-06-04 19:51:07 - [TEST_STEP][PASSED] - Thread.sleep(1000): null

2020-06-04 19:51:08 - [TEST_STEP][PASSED] - modifiedInputNm = modifyObjectProperty(findTestObject("Object Repository/Objects.HighlightElements/input_field_index"), "xpath", "equals", "(//*[contains(@name, '" + FldNm + "')])[" + index + "]", true): Modify property of object successfully

2020-06-04 19:51:09 - [MESSAGE][PASSED] - Modify property of object successfully

2020-06-04 19:51:09 - [TEST_STEP][PASSED] - com.reusableComponents.HighlightElement.run(modifiedInputNm): com.reusableComponents.HighlightElement.run is PASSED

2020-06-04 19:51:09 - [MESSAGE][PASSED] - com.reusableComponents.HighlightElement.run is PASSED

2020-06-04 19:51:09 - [MESSAGE][PASSED] - Call Test Case 'Test Cases/Components/HighlightInputFieldXPI' successfully

2020-06-04 19:51:09 - [TEST_STEP][PASSED] - callTestCase(findTestCase("PFI Precision and Scale/PFI Components with Indexing/VerifyDropdownValuesXPI"), ["FldNm":"submInd_4", "index":1, "CallTCName":"PFI Precision and Scale/HashMap Tables/ConstantHashMap", "cmbNm":"PresINd", ... ], STOP_ON_FAILURE): Call Test Case 'Test Cases/PFI Precision and Scale/PFI Components with Indexing/VerifyDropdownValuesXPI' successfully

2020-06-04 19:51:09 - [TEST_CASE][PASSED] - Test Cases/PFI Precision and Scale/PFI Components with Indexing/VerifyDropdownValuesXPI: Test Cases/PFI Precision and Scale/PFI Components with Indexing/VerifyDropdownValuesXPI

2020-06-04 19:51:09 - [TEST_STEP][PASSED] - Thread.sleep(1000): null

2020-06-04 19:51:10 - [TEST_STEP][PASSED] - NewInputNmField = modifyObjectProperty(findTestObject("Object Repository/Objects.HighlightElements/input_field_index"), "xpath", "equals", "(//*[contains(@name, '" + FldNm + "')])[" + index + "]", true): Modify property of object successfully

2020-06-04 19:51:10 - [MESSAGE][PASSED] - Modify property of object successfully

2020-06-04 19:51:10 - [TEST_STEP][PASSED] - comboNm = cmbNm: null

2020-06-04 19:51:10 - [TEST_STEP][PASSED] - focus(NewInputNmField): Object: 'Object Repository/Objects.HighlightElements/input_field_index' is focused

2020-06-04 19:51:10 - [MESSAGE][PASSED] - Object: 'Object Repository/Objects.HighlightElements/input_field_index' is focused

2020-06-04 19:51:10 - [TEST_STEP][PASSED] - setText(NewInputNmField, EnterValue): Text '' is set on object 'Object Repository/Objects.HighlightElements/input_field_index'

2020-06-04 19:51:10 - [MESSAGE][PASSED] - Text '' is set on object 'Object Repository/Objects.HighlightElements/input_field_index'

2020-06-04 19:51:10 - [TEST_STEP][PASSED] - for ([i = 1, i <= NoOfVal, (i++)]): Keys 'DOWN + ' sent to object: 'Object Repository/Objects.HighlightElements/input_field_index'

2020-06-04 19:51:10 - [TEST_STEP][PASSED] - sendKeys(NewInputNmField, Keys.chord(ARROW_DOWN)): Keys 'DOWN + ' sent to object: 'Object Repository/Objects.HighlightElements/input_field_index'

2020-06-04 19:51:10 - [MESSAGE][PASSED] - Keys 'DOWN + ' sent to object: 'Object Repository/Objects.HighlightElements/input_field_index'

2020-06-04 19:51:10 - [TEST_STEP][PASSED] - delay(DelayTime): Delayed 2 second(s)

2020-06-04 19:51:12 - [MESSAGE][PASSED] - Delayed 2 second(s)

2020-06-04 19:51:12 - [TEST_STEP][PASSED] - sendKeys(NewInputNmField, Keys.chord(ENTER)): Keys 'ENTER + ' sent to object: 'Object Repository/Objects.HighlightElements/input_field_index'

2020-06-04 19:51:12 - [MESSAGE][PASSED] - Keys 'ENTER + ' sent to object: 'Object Repository/Objects.HighlightElements/input_field_index'

2020-06-04 19:51:12 - [TEST_STEP][PASSED] - ComboBoxValue = getAttribute(NewInputNmField, "value"): Attribute 'value' of object 'Object Repository/Objects.HighlightElements/input_field_index' is: 'Yes'

2020-06-04 19:51:12 - [MESSAGE][PASSED] - Attribute 'value' of object 'Object Repository/Objects.HighlightElements/input_field_index' is: 'Yes'

2020-06-04 19:51:12 - [TEST_STEP][PASSED] - callTestCase(findTestCase(CallTCName), ["FindValue":ComboBoxValue, "DropdownNm":comboNm], STOP_ON_FAILURE): Call Test Case 'Test Cases/PFI Precision and Scale/HashMap Tables/ConstantHashMap' successfully

2020-06-04 19:51:12 - [TEST_CASE][PASSED] - Test Cases/PFI Precision and Scale/HashMap Tables/ConstantHashMap: Test Cases/PFI Precision and Scale/HashMap Tables/ConstantHashMap

2020-06-04 19:51:12 - [TEST_STEP][PASSED] - ConstantTBL = [1:["PeriodType":"Working Day(s)"], 2:["PeriodType":"Calendar Day(s)"], 3:["PeriodType":"Month(s)"], 4:["TypeOfLetter":"T1"], ... ]: null

2020-06-04 19:51:12 - [TEST_STEP][PASSED] - switch (DropdownNm): null

2020-06-04 19:51:12 - [TEST_STEP][PASSED] - case "PresINd":: null

2020-06-04 19:51:12 - [TEST_STEP][PASSED] - ValueFound = ConstantTBL.find({ -> ... }): null

2020-06-04 19:51:12 - [TEST_STEP][PASSED] - break: null

2020-06-04 19:51:12 - [MESSAGE][PASSED] - Call Test Case 'Test Cases/PFI Precision and Scale/HashMap Tables/ConstantHashMap' successfully

2020-06-04 19:51:12 - [TEST_STEP][PASSED] - println(ValueFound): null

2020-06-04 19:51:12 - [TEST_STEP][PASSED] - sendKeys(NewInputNmField, Keys.chord(ARROW_DOWN)): Keys 'DOWN + ' sent to object: 'Object Repository/Objects.HighlightElements/input_field_index'

2020-06-04 19:51:13 - [MESSAGE][PASSED] - Keys 'DOWN + ' sent to object: 'Object Repository/Objects.HighlightElements/input_field_index'

2020-06-04 19:51:13 - [TEST_STEP][PASSED] - sendKeys(NewInputNmField, Keys.chord(ARROW_DOWN)): Keys 'DOWN + ' sent to object: 'Object Repository/Objects.HighlightElements/input_field_index'

2020-06-04 19:51:13 - [MESSAGE][PASSED] - Keys 'DOWN + ' sent to object: 'Object Repository/Objects.HighlightElements/input_field_index'

2020-06-04 19:51:13 - [TEST_STEP][PASSED] - delay(DelayTime): Delayed 2 second(s)

2020-06-04 19:51:15 - [MESSAGE][PASSED] - Delayed 2 second(s)

2020-06-04 19:51:15 - [TEST_STEP][PASSED] - sendKeys(NewInputNmField, Keys.chord(ENTER)): Keys 'ENTER + ' sent to object: 'Object Repository/Objects.HighlightElements/input_field_index'

2020-06-04 19:51:15 - [MESSAGE][PASSED] - Keys 'ENTER + ' sent to object: 'Object Repository/Objects.HighlightElements/input_field_index'

2020-06-04 19:51:15 - [TEST_STEP][PASSED] - ComboBoxValue = getAttribute(NewInputNmField, "value"): Attribute 'value' of object 'Object Repository/Objects.HighlightElements/input_field_index' is: 'No'

2020-06-04 19:51:15 - [MESSAGE][PASSED] - Attribute 'value' of object 'Object Repository/Objects.HighlightElements/input_field_index' is: 'No'

2020-06-04 19:51:15 - [TEST_STEP][PASSED] - callTestCase(findTestCase(CallTCName), ["FindValue":ComboBoxValue, "DropdownNm":comboNm], STOP_ON_FAILURE): Call Test Case 'Test Cases/PFI Precision and Scale/HashMap Tables/ConstantHashMap' successfully

2020-06-04 19:51:15 - [TEST_CASE][PASSED] - Test Cases/PFI Precision and Scale/HashMap Tables/ConstantHashMap: Test Cases/PFI Precision and Scale/HashMap Tables/ConstantHashMap

2020-06-04 19:51:15 - [TEST_STEP][PASSED] - ConstantTBL = [1:["PeriodType":"Working Day(s)"], 2:["PeriodType":"Calendar Day(s)"], 3:["PeriodType":"Month(s)"], 4:["TypeOfLetter":"T1"], ... ]: null

2020-06-04 19:51:15 - [TEST_STEP][PASSED] - switch (DropdownNm): null

2020-06-04 19:51:15 - [TEST_STEP][PASSED] - case "PresINd":: null

2020-06-04 19:51:15 - [TEST_STEP][PASSED] - ValueFound = ConstantTBL.find({ -> ... }): null

2020-06-04 19:51:15 - [TEST_STEP][PASSED] - break: null

2020-06-04 19:51:15 - [MESSAGE][PASSED] - Call Test Case 'Test Cases/PFI Precision and Scale/HashMap Tables/ConstantHashMap' successfully

2020-06-04 19:51:15 - [TEST_STEP][PASSED] - println(ValueFound): null

2020-06-04 19:51:15 - [TEST_STEP][PASSED] - sendKeys(NewInputNmField, Keys.chord(ARROW_DOWN)): Keys 'DOWN + ' sent to object: 'Object Repository/Objects.HighlightElements/input_field_index'

2020-06-04 19:51:15 - [MESSAGE][PASSED] - Keys 'DOWN + ' sent to object: 'Object Repository/Objects.HighlightElements/input_field_index'

2020-06-04 19:51:15 - [TEST_STEP][PASSED] - sendKeys(NewInputNmField, Keys.chord(ENTER)): Keys 'ENTER + ' sent to object: 'Object Repository/Objects.HighlightElements/input_field_index'

2020-06-04 19:51:15 - [MESSAGE][PASSED] - Keys 'ENTER + ' sent to object: 'Object Repository/Objects.HighlightElements/input_field_index'

2020-06-04 19:51:15 - [MESSAGE][PASSED] - Call Test Case 'Test Cases/PFI Precision and Scale/PFI Components with Indexing/VerifyDropdownValuesXPI' successfully

2020-06-04 19:51:15 - [TEST_STEP][PASSED] - callTestCase(findTestCase("Components/SelectAllThenDeleteXPI"), ["nameToBeUsed":"submInd_4", "index":"1"], STOP_ON_FAILURE): Call Test Case 'Test Cases/Components/SelectAllThenDeleteXPI' successfully

2020-06-04 19:51:15 - [TEST_CASE][PASSED] - Test Cases/Components/SelectAllThenDeleteXPI: Test Cases/Components/SelectAllThenDeleteXPI

2020-06-04 19:51:15 - [TEST_STEP][PASSED] - Thread.sleep(1000): null

2020-06-04 19:51:16 - [TEST_STEP][PASSED] - modifiedObj = modifyObjectProperty(findTestObject("Object Repository/Objects.HighlightElements/input_field_index"), "xpath", "equals", "(//*[contains(@name,'" + nameToBeUsed + "')])[" + index + "]", true): Modify property of object successfully

2020-06-04 19:51:16 - [MESSAGE][PASSED] - Modify property of object successfully

2020-06-04 19:51:16 - [TEST_STEP][PASSED] - focus(modifiedObj): Object: 'Object Repository/Objects.HighlightElements/input_field_index' is focused

2020-06-04 19:51:16 - [MESSAGE][PASSED] - Object: 'Object Repository/Objects.HighlightElements/input_field_index' is focused

2020-06-04 19:51:16 - [TEST_STEP][PASSED] - sendKeys(modifiedObj, Keys.chord(CONTROL, "a")): Keys 'CONTROL + a' sent to object: 'Object Repository/Objects.HighlightElements/input_field_index'

2020-06-04 19:51:16 - [MESSAGE][PASSED] - Keys 'CONTROL + a' sent to object: 'Object Repository/Objects.HighlightElements/input_field_index'

2020-06-04 19:51:16 - [TEST_STEP][PASSED] - sendKeys(modifiedObj, Keys.chord(DELETE)): Keys 'DELETE + ' sent to object: 'Object Repository/Objects.HighlightElements/input_field_index'

2020-06-04 19:51:16 - [MESSAGE][PASSED] - Keys 'DELETE + ' sent to object: 'Object Repository/Objects.HighlightElements/input_field_index'

2020-06-04 19:51:16 - [MESSAGE][PASSED] - Call Test Case 'Test Cases/Components/SelectAllThenDeleteXPI' successfully

2020-06-04 19:51:16 - [TEST_STEP][PASSED] - callTestCase(findTestCase("PFI Precision and Scale/PFI Components with Indexing/RequiredFieldValidationXPI"), ["nameToBeUsed":"submInd_4", "index":1], STOP_ON_FAILURE): Call Test Case 'Test Cases/PFI Precision and Scale/PFI Components with Indexing/RequiredFieldValidationXPI' successfully

2020-06-04 19:51:16 - [TEST_CASE][PASSED] - Test Cases/PFI Precision and Scale/PFI Components with Indexing/RequiredFieldValidationXPI: Test Cases/PFI Precision and Scale/PFI Components with Indexing/RequiredFieldValidationXPI

2020-06-04 19:51:16 - [TEST_STEP][PASSED] - enableSmartWait(): null

2020-06-04 19:51:16 - [TEST_STEP][PASSED] - NewInputNmField = modifyObjectProperty(findTestObject("Objects.HighlightElements/input_field_index"), "xpath", "equals", "(//*[contains(@name,'" + nameToBeUsed + "')])[" + index + "]", true): Modify property of object successfully

2020-06-04 19:51:16 - [MESSAGE][PASSED] - Modify property of object successfully

2020-06-04 19:51:16 - [TEST_STEP][PASSED] - mouseOver(NewInputNmField): Object: 'Object Repository/Objects.HighlightElements/input_field_index' is hovered

2020-06-04 19:51:16 - [MESSAGE][PASSED] - Object: 'Object Repository/Objects.HighlightElements/input_field_index' is hovered

2020-06-04 19:51:16 - [TEST_STEP][PASSED] - getRqErrMsg = getAttribute(NewInputNmField, "data-errorqtip"): Attribute 'data-errorqtip' of object 'Object Repository/Objects.HighlightElements/input_field_index' is: '<ul class="x-list-plain"><li>This field is required</li></ul>'

2020-06-04 19:51:16 - [MESSAGE][PASSED] - Attribute 'data-errorqtip' of object 'Object Repository/Objects.HighlightElements/input_field_index' is: '<ul class="x-list-plain"><li>This field is required</li></ul>'

2020-06-04 19:51:16 - [TEST_STEP][PASSED] - strToolTip = getRqErrMsg.substring(29, 61): null

2020-06-04 19:51:16 - [TEST_STEP][PASSED] - toolTipReqErrMsg = strToolTip.substring(0, 22): null

2020-06-04 19:51:16 - [TEST_STEP][PASSED] - verifyMatch(toolTipReqErrMsg, RqField, true): Actual text 'This field is required' and expected text 'This field is required' are matched  using regular expression

2020-06-04 19:51:16 - [MESSAGE][PASSED] - Actual text 'This field is required' and expected text 'This field is required' are matched  using regular expression

2020-06-04 19:51:16 - [MESSAGE][PASSED] - Call Test Case 'Test Cases/PFI Precision and Scale/PFI Components with Indexing/RequiredFieldValidationXPI' successfully

2020-06-04 19:51:16 - [TEST_STEP][PASSED] - callTestCase(findTestCase("Components/HighlightInputFieldXPI"), ["FldNm":"submInd_5", "index":1], STOP_ON_FAILURE): Call Test Case 'Test Cases/Components/HighlightInputFieldXPI' successfully

2020-06-04 19:51:16 - [TEST_CASE][PASSED] - Test Cases/Components/HighlightInputFieldXPI: Test Cases/Components/HighlightInputFieldXPI

2020-06-04 19:51:16 - [TEST_STEP][PASSED] - Thread.sleep(1000): null

2020-06-04 19:51:17 - [TEST_STEP][PASSED] - modifiedInputNm = modifyObjectProperty(findTestObject("Object Repository/Objects.HighlightElements/input_field_index"), "xpath", "equals", "(//*[contains(@name, '" + FldNm + "')])[" + index + "]", true): Modify property of object successfully

2020-06-04 19:51:17 - [MESSAGE][PASSED] - Modify property of object successfully

2020-06-04 19:51:17 - [TEST_STEP][PASSED] - com.reusableComponents.HighlightElement.run(modifiedInputNm): com.reusableComponents.HighlightElement.run is PASSED

2020-06-04 19:51:18 - [MESSAGE][PASSED] - com.reusableComponents.HighlightElement.run is PASSED

2020-06-04 19:51:18 - [MESSAGE][PASSED] - Call Test Case 'Test Cases/Components/HighlightInputFieldXPI' successfully

2020-06-04 19:51:18 - [TEST_STEP][PASSED] - callTestCase(findTestCase("PFI Precision and Scale/PFI Components with Indexing/VerifyDropdownValuesXPI"), ["FldNm":"submInd_5", "index":1, "CallTCName":"PFI Precision and Scale/HashMap Tables/ConstantHashMap", "cmbNm":"PresINd", ... ], STOP_ON_FAILURE): Call Test Case 'Test Cases/PFI Precision and Scale/PFI Components with Indexing/VerifyDropdownValuesXPI' successfully

2020-06-04 19:51:18 - [TEST_CASE][PASSED] - Test Cases/PFI Precision and Scale/PFI Components with Indexing/VerifyDropdownValuesXPI: Test Cases/PFI Precision and Scale/PFI Components with Indexing/VerifyDropdownValuesXPI

2020-06-04 19:51:18 - [TEST_STEP][PASSED] - Thread.sleep(1000): null

2020-06-04 19:51:19 - [TEST_STEP][PASSED] - NewInputNmField = modifyObjectProperty(findTestObject("Object Repository/Objects.HighlightElements/input_field_index"), "xpath", "equals", "(//*[contains(@name, '" + FldNm + "')])[" + index + "]", true): Modify property of object successfully

2020-06-04 19:51:19 - [MESSAGE][PASSED] - Modify property of object successfully

2020-06-04 19:51:19 - [TEST_STEP][PASSED] - comboNm = cmbNm: null

2020-06-04 19:51:19 - [TEST_STEP][PASSED] - focus(NewInputNmField): Object: 'Object Repository/Objects.HighlightElements/input_field_index' is focused

2020-06-04 19:51:19 - [MESSAGE][PASSED] - Object: 'Object Repository/Objects.HighlightElements/input_field_index' is focused

2020-06-04 19:51:19 - [TEST_STEP][PASSED] - setText(NewInputNmField, EnterValue): Text '' is set on object 'Object Repository/Objects.HighlightElements/input_field_index'

2020-06-04 19:51:19 - [MESSAGE][PASSED] - Text '' is set on object 'Object Repository/Objects.HighlightElements/input_field_index'

2020-06-04 19:51:19 - [TEST_STEP][PASSED] - for ([i = 1, i <= NoOfVal, (i++)]): Keys 'DOWN + ' sent to object: 'Object Repository/Objects.HighlightElements/input_field_index'

2020-06-04 19:51:19 - [TEST_STEP][PASSED] - sendKeys(NewInputNmField, Keys.chord(ARROW_DOWN)): Keys 'DOWN + ' sent to object: 'Object Repository/Objects.HighlightElements/input_field_index'

2020-06-04 19:51:19 - [MESSAGE][PASSED] - Keys 'DOWN + ' sent to object: 'Object Repository/Objects.HighlightElements/input_field_index'

2020-06-04 19:51:19 - [TEST_STEP][PASSED] - delay(DelayTime): Delayed 2 second(s)

2020-06-04 19:51:21 - [MESSAGE][PASSED] - Delayed 2 second(s)

2020-06-04 19:51:21 - [TEST_STEP][PASSED] - sendKeys(NewInputNmField, Keys.chord(ENTER)): Keys 'ENTER + ' sent to object: 'Object Repository/Objects.HighlightElements/input_field_index'

2020-06-04 19:51:21 - [MESSAGE][PASSED] - Keys 'ENTER + ' sent to object: 'Object Repository/Objects.HighlightElements/input_field_index'

2020-06-04 19:51:21 - [TEST_STEP][PASSED] - ComboBoxValue = getAttribute(NewInputNmField, "value"): Attribute 'value' of object 'Object Repository/Objects.HighlightElements/input_field_index' is: 'Yes'

2020-06-04 19:51:21 - [MESSAGE][PASSED] - Attribute 'value' of object 'Object Repository/Objects.HighlightElements/input_field_index' is: 'Yes'

2020-06-04 19:51:21 - [TEST_STEP][PASSED] - callTestCase(findTestCase(CallTCName), ["FindValue":ComboBoxValue, "DropdownNm":comboNm], STOP_ON_FAILURE): Call Test Case 'Test Cases/PFI Precision and Scale/HashMap Tables/ConstantHashMap' successfully

2020-06-04 19:51:21 - [TEST_CASE][PASSED] - Test Cases/PFI Precision and Scale/HashMap Tables/ConstantHashMap: Test Cases/PFI Precision and Scale/HashMap Tables/ConstantHashMap

2020-06-04 19:51:21 - [TEST_STEP][PASSED] - ConstantTBL = [1:["PeriodType":"Working Day(s)"], 2:["PeriodType":"Calendar Day(s)"], 3:["PeriodType":"Month(s)"], 4:["TypeOfLetter":"T1"], ... ]: null

2020-06-04 19:51:21 - [TEST_STEP][PASSED] - switch (DropdownNm): null

2020-06-04 19:51:21 - [TEST_STEP][PASSED] - case "PresINd":: null

2020-06-04 19:51:21 - [TEST_STEP][PASSED] - ValueFound = ConstantTBL.find({ -> ... }): null

2020-06-04 19:51:21 - [TEST_STEP][PASSED] - break: null

2020-06-04 19:51:21 - [MESSAGE][PASSED] - Call Test Case 'Test Cases/PFI Precision and Scale/HashMap Tables/ConstantHashMap' successfully

2020-06-04 19:51:21 - [TEST_STEP][PASSED] - println(ValueFound): null

2020-06-04 19:51:21 - [TEST_STEP][PASSED] - sendKeys(NewInputNmField, Keys.chord(ARROW_DOWN)): Keys 'DOWN + ' sent to object: 'Object Repository/Objects.HighlightElements/input_field_index'

2020-06-04 19:51:21 - [MESSAGE][PASSED] - Keys 'DOWN + ' sent to object: 'Object Repository/Objects.HighlightElements/input_field_index'

2020-06-04 19:51:21 - [TEST_STEP][PASSED] - sendKeys(NewInputNmField, Keys.chord(ARROW_DOWN)): Keys 'DOWN + ' sent to object: 'Object Repository/Objects.HighlightElements/input_field_index'

2020-06-04 19:51:21 - [MESSAGE][PASSED] - Keys 'DOWN + ' sent to object: 'Object Repository/Objects.HighlightElements/input_field_index'

2020-06-04 19:51:21 - [TEST_STEP][PASSED] - delay(DelayTime): Delayed 2 second(s)

2020-06-04 19:51:23 - [MESSAGE][PASSED] - Delayed 2 second(s)

2020-06-04 19:51:23 - [TEST_STEP][PASSED] - sendKeys(NewInputNmField, Keys.chord(ENTER)): Keys 'ENTER + ' sent to object: 'Object Repository/Objects.HighlightElements/input_field_index'

2020-06-04 19:51:23 - [MESSAGE][PASSED] - Keys 'ENTER + ' sent to object: 'Object Repository/Objects.HighlightElements/input_field_index'

2020-06-04 19:51:23 - [TEST_STEP][PASSED] - ComboBoxValue = getAttribute(NewInputNmField, "value"): Attribute 'value' of object 'Object Repository/Objects.HighlightElements/input_field_index' is: 'No'

2020-06-04 19:51:24 - [MESSAGE][PASSED] - Attribute 'value' of object 'Object Repository/Objects.HighlightElements/input_field_index' is: 'No'

2020-06-04 19:51:24 - [TEST_STEP][PASSED] - callTestCase(findTestCase(CallTCName), ["FindValue":ComboBoxValue, "DropdownNm":comboNm], STOP_ON_FAILURE): Call Test Case 'Test Cases/PFI Precision and Scale/HashMap Tables/ConstantHashMap' successfully

2020-06-04 19:51:24 - [TEST_CASE][PASSED] - Test Cases/PFI Precision and Scale/HashMap Tables/ConstantHashMap: Test Cases/PFI Precision and Scale/HashMap Tables/ConstantHashMap

2020-06-04 19:51:24 - [TEST_STEP][PASSED] - ConstantTBL = [1:["PeriodType":"Working Day(s)"], 2:["PeriodType":"Calendar Day(s)"], 3:["PeriodType":"Month(s)"], 4:["TypeOfLetter":"T1"], ... ]: null

2020-06-04 19:51:24 - [TEST_STEP][PASSED] - switch (DropdownNm): null

2020-06-04 19:51:24 - [TEST_STEP][PASSED] - case "PresINd":: null

2020-06-04 19:51:24 - [TEST_STEP][PASSED] - ValueFound = ConstantTBL.find({ -> ... }): null

2020-06-04 19:51:24 - [TEST_STEP][PASSED] - break: null

2020-06-04 19:51:24 - [MESSAGE][PASSED] - Call Test Case 'Test Cases/PFI Precision and Scale/HashMap Tables/ConstantHashMap' successfully

2020-06-04 19:51:24 - [TEST_STEP][PASSED] - println(ValueFound): null

2020-06-04 19:51:24 - [TEST_STEP][PASSED] - sendKeys(NewInputNmField, Keys.chord(ARROW_DOWN)): Keys 'DOWN + ' sent to object: 'Object Repository/Objects.HighlightElements/input_field_index'

2020-06-04 19:51:24 - [MESSAGE][PASSED] - Keys 'DOWN + ' sent to object: 'Object Repository/Objects.HighlightElements/input_field_index'

2020-06-04 19:51:24 - [TEST_STEP][PASSED] - sendKeys(NewInputNmField, Keys.chord(ENTER)): Keys 'ENTER + ' sent to object: 'Object Repository/Objects.HighlightElements/input_field_index'

2020-06-04 19:51:24 - [MESSAGE][PASSED] - Keys 'ENTER + ' sent to object: 'Object Repository/Objects.HighlightElements/input_field_index'

2020-06-04 19:51:24 - [MESSAGE][PASSED] - Call Test Case 'Test Cases/PFI Precision and Scale/PFI Components with Indexing/VerifyDropdownValuesXPI' successfully

2020-06-04 19:51:24 - [TEST_STEP][PASSED] - callTestCase(findTestCase("Components/SelectAllThenDeleteXPI"), ["nameToBeUsed":"submInd_5", "index":"1"], STOP_ON_FAILURE): Call Test Case 'Test Cases/Components/SelectAllThenDeleteXPI' successfully

2020-06-04 19:51:24 - [TEST_CASE][PASSED] - Test Cases/Components/SelectAllThenDeleteXPI: Test Cases/Components/SelectAllThenDeleteXPI

2020-06-04 19:51:24 - [TEST_STEP][PASSED] - Thread.sleep(1000): null

2020-06-04 19:51:25 - [TEST_STEP][PASSED] - modifiedObj = modifyObjectProperty(findTestObject("Object Repository/Objects.HighlightElements/input_field_index"), "xpath", "equals", "(//*[contains(@name,'" + nameToBeUsed + "')])[" + index + "]", true): Modify property of object successfully

2020-06-04 19:51:25 - [MESSAGE][PASSED] - Modify property of object successfully

2020-06-04 19:51:25 - [TEST_STEP][PASSED] - focus(modifiedObj): Object: 'Object Repository/Objects.HighlightElements/input_field_index' is focused

2020-06-04 19:51:25 - [MESSAGE][PASSED] - Object: 'Object Repository/Objects.HighlightElements/input_field_index' is focused

2020-06-04 19:51:25 - [TEST_STEP][PASSED] - sendKeys(modifiedObj, Keys.chord(CONTROL, "a")): Keys 'CONTROL + a' sent to object: 'Object Repository/Objects.HighlightElements/input_field_index'

2020-06-04 19:51:25 - [MESSAGE][PASSED] - Keys 'CONTROL + a' sent to object: 'Object Repository/Objects.HighlightElements/input_field_index'

2020-06-04 19:51:25 - [TEST_STEP][PASSED] - sendKeys(modifiedObj, Keys.chord(DELETE)): Keys 'DELETE + ' sent to object: 'Object Repository/Objects.HighlightElements/input_field_index'

2020-06-04 19:51:25 - [MESSAGE][PASSED] - Keys 'DELETE + ' sent to object: 'Object Repository/Objects.HighlightElements/input_field_index'

2020-06-04 19:51:25 - [MESSAGE][PASSED] - Call Test Case 'Test Cases/Components/SelectAllThenDeleteXPI' successfully

2020-06-04 19:51:25 - [TEST_STEP][PASSED] - callTestCase(findTestCase("PFI Precision and Scale/PFI Components with Indexing/RequiredFieldValidationXPI"), ["nameToBeUsed":"submInd_5", "index":1], STOP_ON_FAILURE): Call Test Case 'Test Cases/PFI Precision and Scale/PFI Components with Indexing/RequiredFieldValidationXPI' successfully

2020-06-04 19:51:25 - [TEST_CASE][PASSED] - Test Cases/PFI Precision and Scale/PFI Components with Indexing/RequiredFieldValidationXPI: Test Cases/PFI Precision and Scale/PFI Components with Indexing/RequiredFieldValidationXPI

2020-06-04 19:51:25 - [TEST_STEP][PASSED] - enableSmartWait(): null

2020-06-04 19:51:25 - [TEST_STEP][PASSED] - NewInputNmField = modifyObjectProperty(findTestObject("Objects.HighlightElements/input_field_index"), "xpath", "equals", "(//*[contains(@name,'" + nameToBeUsed + "')])[" + index + "]", true): Modify property of object successfully

2020-06-04 19:51:25 - [MESSAGE][PASSED] - Modify property of object successfully

2020-06-04 19:51:25 - [TEST_STEP][PASSED] - mouseOver(NewInputNmField): Object: 'Object Repository/Objects.HighlightElements/input_field_index' is hovered

2020-06-04 19:51:25 - [MESSAGE][PASSED] - Object: 'Object Repository/Objects.HighlightElements/input_field_index' is hovered

2020-06-04 19:51:25 - [TEST_STEP][PASSED] - getRqErrMsg = getAttribute(NewInputNmField, "data-errorqtip"): Attribute 'data-errorqtip' of object 'Object Repository/Objects.HighlightElements/input_field_index' is: '<ul class="x-list-plain"><li>This field is required</li></ul>'

2020-06-04 19:51:25 - [MESSAGE][PASSED] - Attribute 'data-errorqtip' of object 'Object Repository/Objects.HighlightElements/input_field_index' is: '<ul class="x-list-plain"><li>This field is required</li></ul>'

2020-06-04 19:51:25 - [TEST_STEP][PASSED] - strToolTip = getRqErrMsg.substring(29, 61): null

2020-06-04 19:51:25 - [TEST_STEP][PASSED] - toolTipReqErrMsg = strToolTip.substring(0, 22): null

2020-06-04 19:51:25 - [TEST_STEP][PASSED] - verifyMatch(toolTipReqErrMsg, RqField, true): Actual text 'This field is required' and expected text 'This field is required' are matched  using regular expression

2020-06-04 19:51:25 - [MESSAGE][PASSED] - Actual text 'This field is required' and expected text 'This field is required' are matched  using regular expression

2020-06-04 19:51:25 - [MESSAGE][PASSED] - Call Test Case 'Test Cases/PFI Precision and Scale/PFI Components with Indexing/RequiredFieldValidationXPI' successfully

2020-06-04 19:51:25 - [TEST_STEP][PASSED] - callTestCase(findTestCase("Components/HighlightInputFieldXPI"), ["FldNm":"submInd_6", "index":1], STOP_ON_FAILURE): Call Test Case 'Test Cases/Components/HighlightInputFieldXPI' successfully

2020-06-04 19:51:25 - [TEST_CASE][PASSED] - Test Cases/Components/HighlightInputFieldXPI: Test Cases/Components/HighlightInputFieldXPI

2020-06-04 19:51:25 - [TEST_STEP][PASSED] - Thread.sleep(1000): null

2020-06-04 19:51:26 - [TEST_STEP][PASSED] - modifiedInputNm = modifyObjectProperty(findTestObject("Object Repository/Objects.HighlightElements/input_field_index"), "xpath", "equals", "(//*[contains(@name, '" + FldNm + "')])[" + index + "]", true): Modify property of object successfully

2020-06-04 19:51:26 - [MESSAGE][PASSED] - Modify property of object successfully

2020-06-04 19:51:26 - [TEST_STEP][PASSED] - com.reusableComponents.HighlightElement.run(modifiedInputNm): com.reusableComponents.HighlightElement.run is PASSED

2020-06-04 19:51:27 - [MESSAGE][PASSED] - com.reusableComponents.HighlightElement.run is PASSED

2020-06-04 19:51:27 - [MESSAGE][PASSED] - Call Test Case 'Test Cases/Components/HighlightInputFieldXPI' successfully

2020-06-04 19:51:27 - [TEST_STEP][PASSED] - callTestCase(findTestCase("PFI Precision and Scale/PFI Components with Indexing/VerifyDropdownValuesXPI"), ["FldNm":"submInd_6", "index":1, "CallTCName":"PFI Precision and Scale/HashMap Tables/ConstantHashMap", "cmbNm":"PresINd", ... ], STOP_ON_FAILURE): Call Test Case 'Test Cases/PFI Precision and Scale/PFI Components with Indexing/VerifyDropdownValuesXPI' successfully

2020-06-04 19:51:27 - [TEST_CASE][PASSED] - Test Cases/PFI Precision and Scale/PFI Components with Indexing/VerifyDropdownValuesXPI: Test Cases/PFI Precision and Scale/PFI Components with Indexing/VerifyDropdownValuesXPI

2020-06-04 19:51:27 - [TEST_STEP][PASSED] - Thread.sleep(1000): null

2020-06-04 19:51:28 - [TEST_STEP][PASSED] - NewInputNmField = modifyObjectProperty(findTestObject("Object Repository/Objects.HighlightElements/input_field_index"), "xpath", "equals", "(//*[contains(@name, '" + FldNm + "')])[" + index + "]", true): Modify property of object successfully

2020-06-04 19:51:28 - [MESSAGE][PASSED] - Modify property of object successfully

2020-06-04 19:51:28 - [TEST_STEP][PASSED] - comboNm = cmbNm: null

2020-06-04 19:51:28 - [TEST_STEP][PASSED] - focus(NewInputNmField): Object: 'Object Repository/Objects.HighlightElements/input_field_index' is focused

2020-06-04 19:51:28 - [MESSAGE][PASSED] - Object: 'Object Repository/Objects.HighlightElements/input_field_index' is focused

2020-06-04 19:51:28 - [TEST_STEP][PASSED] - setText(NewInputNmField, EnterValue): Text '' is set on object 'Object Repository/Objects.HighlightElements/input_field_index'

2020-06-04 19:51:28 - [MESSAGE][PASSED] - Text '' is set on object 'Object Repository/Objects.HighlightElements/input_field_index'

2020-06-04 19:51:28 - [TEST_STEP][PASSED] - for ([i = 1, i <= NoOfVal, (i++)]): Keys 'DOWN + ' sent to object: 'Object Repository/Objects.HighlightElements/input_field_index'

2020-06-04 19:51:28 - [TEST_STEP][PASSED] - sendKeys(NewInputNmField, Keys.chord(ARROW_DOWN)): Keys 'DOWN + ' sent to object: 'Object Repository/Objects.HighlightElements/input_field_index'

2020-06-04 19:51:28 - [MESSAGE][PASSED] - Keys 'DOWN + ' sent to object: 'Object Repository/Objects.HighlightElements/input_field_index'

2020-06-04 19:51:28 - [TEST_STEP][PASSED] - delay(DelayTime): Delayed 2 second(s)

2020-06-04 19:51:30 - [MESSAGE][PASSED] - Delayed 2 second(s)

2020-06-04 19:51:30 - [TEST_STEP][PASSED] - sendKeys(NewInputNmField, Keys.chord(ENTER)): Keys 'ENTER + ' sent to object: 'Object Repository/Objects.HighlightElements/input_field_index'

2020-06-04 19:51:30 - [MESSAGE][PASSED] - Keys 'ENTER + ' sent to object: 'Object Repository/Objects.HighlightElements/input_field_index'

2020-06-04 19:51:30 - [TEST_STEP][PASSED] - ComboBoxValue = getAttribute(NewInputNmField, "value"): Attribute 'value' of object 'Object Repository/Objects.HighlightElements/input_field_index' is: 'Yes'

2020-06-04 19:51:30 - [MESSAGE][PASSED] - Attribute 'value' of object 'Object Repository/Objects.HighlightElements/input_field_index' is: 'Yes'

2020-06-04 19:51:30 - [TEST_STEP][PASSED] - callTestCase(findTestCase(CallTCName), ["FindValue":ComboBoxValue, "DropdownNm":comboNm], STOP_ON_FAILURE): Call Test Case 'Test Cases/PFI Precision and Scale/HashMap Tables/ConstantHashMap' successfully

2020-06-04 19:51:30 - [TEST_CASE][PASSED] - Test Cases/PFI Precision and Scale/HashMap Tables/ConstantHashMap: Test Cases/PFI Precision and Scale/HashMap Tables/ConstantHashMap

2020-06-04 19:51:30 - [TEST_STEP][PASSED] - ConstantTBL = [1:["PeriodType":"Working Day(s)"], 2:["PeriodType":"Calendar Day(s)"], 3:["PeriodType":"Month(s)"], 4:["TypeOfLetter":"T1"], ... ]: null

2020-06-04 19:51:30 - [TEST_STEP][PASSED] - switch (DropdownNm): null

2020-06-04 19:51:30 - [TEST_STEP][PASSED] - case "PresINd":: null

2020-06-04 19:51:30 - [TEST_STEP][PASSED] - ValueFound = ConstantTBL.find({ -> ... }): null

2020-06-04 19:51:30 - [TEST_STEP][PASSED] - break: null

2020-06-04 19:51:30 - [MESSAGE][PASSED] - Call Test Case 'Test Cases/PFI Precision and Scale/HashMap Tables/ConstantHashMap' successfully

2020-06-04 19:51:30 - [TEST_STEP][PASSED] - println(ValueFound): null

2020-06-04 19:51:30 - [TEST_STEP][PASSED] - sendKeys(NewInputNmField, Keys.chord(ARROW_DOWN)): Keys 'DOWN + ' sent to object: 'Object Repository/Objects.HighlightElements/input_field_index'

2020-06-04 19:51:30 - [MESSAGE][PASSED] - Keys 'DOWN + ' sent to object: 'Object Repository/Objects.HighlightElements/input_field_index'

2020-06-04 19:51:30 - [TEST_STEP][PASSED] - sendKeys(NewInputNmField, Keys.chord(ARROW_DOWN)): Keys 'DOWN + ' sent to object: 'Object Repository/Objects.HighlightElements/input_field_index'

2020-06-04 19:51:30 - [MESSAGE][PASSED] - Keys 'DOWN + ' sent to object: 'Object Repository/Objects.HighlightElements/input_field_index'

2020-06-04 19:51:30 - [TEST_STEP][PASSED] - delay(DelayTime): Delayed 2 second(s)

2020-06-04 19:51:32 - [MESSAGE][PASSED] - Delayed 2 second(s)

2020-06-04 19:51:32 - [TEST_STEP][PASSED] - sendKeys(NewInputNmField, Keys.chord(ENTER)): Keys 'ENTER + ' sent to object: 'Object Repository/Objects.HighlightElements/input_field_index'

2020-06-04 19:51:32 - [MESSAGE][PASSED] - Keys 'ENTER + ' sent to object: 'Object Repository/Objects.HighlightElements/input_field_index'

2020-06-04 19:51:32 - [TEST_STEP][PASSED] - ComboBoxValue = getAttribute(NewInputNmField, "value"): Attribute 'value' of object 'Object Repository/Objects.HighlightElements/input_field_index' is: 'No'

2020-06-04 19:51:32 - [MESSAGE][PASSED] - Attribute 'value' of object 'Object Repository/Objects.HighlightElements/input_field_index' is: 'No'

2020-06-04 19:51:32 - [TEST_STEP][PASSED] - callTestCase(findTestCase(CallTCName), ["FindValue":ComboBoxValue, "DropdownNm":comboNm], STOP_ON_FAILURE): Call Test Case 'Test Cases/PFI Precision and Scale/HashMap Tables/ConstantHashMap' successfully

2020-06-04 19:51:32 - [TEST_CASE][PASSED] - Test Cases/PFI Precision and Scale/HashMap Tables/ConstantHashMap: Test Cases/PFI Precision and Scale/HashMap Tables/ConstantHashMap

2020-06-04 19:51:32 - [TEST_STEP][PASSED] - ConstantTBL = [1:["PeriodType":"Working Day(s)"], 2:["PeriodType":"Calendar Day(s)"], 3:["PeriodType":"Month(s)"], 4:["TypeOfLetter":"T1"], ... ]: null

2020-06-04 19:51:32 - [TEST_STEP][PASSED] - switch (DropdownNm): null

2020-06-04 19:51:32 - [TEST_STEP][PASSED] - case "PresINd":: null

2020-06-04 19:51:32 - [TEST_STEP][PASSED] - ValueFound = ConstantTBL.find({ -> ... }): null

2020-06-04 19:51:32 - [TEST_STEP][PASSED] - break: null

2020-06-04 19:51:32 - [MESSAGE][PASSED] - Call Test Case 'Test Cases/PFI Precision and Scale/HashMap Tables/ConstantHashMap' successfully

2020-06-04 19:51:32 - [TEST_STEP][PASSED] - println(ValueFound): null

2020-06-04 19:51:32 - [TEST_STEP][PASSED] - sendKeys(NewInputNmField, Keys.chord(ARROW_DOWN)): Keys 'DOWN + ' sent to object: 'Object Repository/Objects.HighlightElements/input_field_index'

2020-06-04 19:51:32 - [MESSAGE][PASSED] - Keys 'DOWN + ' sent to object: 'Object Repository/Objects.HighlightElements/input_field_index'

2020-06-04 19:51:32 - [TEST_STEP][PASSED] - sendKeys(NewInputNmField, Keys.chord(ENTER)): Keys 'ENTER + ' sent to object: 'Object Repository/Objects.HighlightElements/input_field_index'

2020-06-04 19:51:32 - [MESSAGE][PASSED] - Keys 'ENTER + ' sent to object: 'Object Repository/Objects.HighlightElements/input_field_index'

2020-06-04 19:51:32 - [MESSAGE][PASSED] - Call Test Case 'Test Cases/PFI Precision and Scale/PFI Components with Indexing/VerifyDropdownValuesXPI' successfully

2020-06-04 19:51:32 - [TEST_STEP][PASSED] - callTestCase(findTestCase("Components/SelectAllThenDeleteXPI"), ["nameToBeUsed":"submInd_6", "index":"1"], STOP_ON_FAILURE): Call Test Case 'Test Cases/Components/SelectAllThenDeleteXPI' successfully

2020-06-04 19:51:33 - [TEST_CASE][PASSED] - Test Cases/Components/SelectAllThenDeleteXPI: Test Cases/Components/SelectAllThenDeleteXPI

2020-06-04 19:51:33 - [TEST_STEP][PASSED] - Thread.sleep(1000): null

2020-06-04 19:51:34 - [TEST_STEP][PASSED] - modifiedObj = modifyObjectProperty(findTestObject("Object Repository/Objects.HighlightElements/input_field_index"), "xpath", "equals", "(//*[contains(@name,'" + nameToBeUsed + "')])[" + index + "]", true): Modify property of object successfully

2020-06-04 19:51:34 - [MESSAGE][PASSED] - Modify property of object successfully

2020-06-04 19:51:34 - [TEST_STEP][PASSED] - focus(modifiedObj): Object: 'Object Repository/Objects.HighlightElements/input_field_index' is focused

2020-06-04 19:51:34 - [MESSAGE][PASSED] - Object: 'Object Repository/Objects.HighlightElements/input_field_index' is focused

2020-06-04 19:51:34 - [TEST_STEP][PASSED] - sendKeys(modifiedObj, Keys.chord(CONTROL, "a")): Keys 'CONTROL + a' sent to object: 'Object Repository/Objects.HighlightElements/input_field_index'

2020-06-04 19:51:34 - [MESSAGE][PASSED] - Keys 'CONTROL + a' sent to object: 'Object Repository/Objects.HighlightElements/input_field_index'

2020-06-04 19:51:34 - [TEST_STEP][PASSED] - sendKeys(modifiedObj, Keys.chord(DELETE)): Keys 'DELETE + ' sent to object: 'Object Repository/Objects.HighlightElements/input_field_index'

2020-06-04 19:51:34 - [MESSAGE][PASSED] - Keys 'DELETE + ' sent to object: 'Object Repository/Objects.HighlightElements/input_field_index'

2020-06-04 19:51:34 - [MESSAGE][PASSED] - Call Test Case 'Test Cases/Components/SelectAllThenDeleteXPI' successfully

2020-06-04 19:51:34 - [TEST_STEP][PASSED] - callTestCase(findTestCase("PFI Precision and Scale/PFI Components with Indexing/RequiredFieldValidationXPI"), ["nameToBeUsed":"submInd_6", "index":1], STOP_ON_FAILURE): Call Test Case 'Test Cases/PFI Precision and Scale/PFI Components with Indexing/RequiredFieldValidationXPI' successfully

2020-06-04 19:51:34 - [TEST_CASE][PASSED] - Test Cases/PFI Precision and Scale/PFI Components with Indexing/RequiredFieldValidationXPI: Test Cases/PFI Precision and Scale/PFI Components with Indexing/RequiredFieldValidationXPI

2020-06-04 19:51:34 - [TEST_STEP][PASSED] - enableSmartWait(): null

2020-06-04 19:51:34 - [TEST_STEP][PASSED] - NewInputNmField = modifyObjectProperty(findTestObject("Objects.HighlightElements/input_field_index"), "xpath", "equals", "(//*[contains(@name,'" + nameToBeUsed + "')])[" + index + "]", true): Modify property of object successfully

2020-06-04 19:51:34 - [MESSAGE][PASSED] - Modify property of object successfully

2020-06-04 19:51:34 - [TEST_STEP][PASSED] - mouseOver(NewInputNmField): Object: 'Object Repository/Objects.HighlightElements/input_field_index' is hovered

2020-06-04 19:51:34 - [MESSAGE][PASSED] - Object: 'Object Repository/Objects.HighlightElements/input_field_index' is hovered

2020-06-04 19:51:34 - [TEST_STEP][PASSED] - getRqErrMsg = getAttribute(NewInputNmField, "data-errorqtip"): Attribute 'data-errorqtip' of object 'Object Repository/Objects.HighlightElements/input_field_index' is: '<ul class="x-list-plain"><li>This field is required</li></ul>'

2020-06-04 19:51:34 - [MESSAGE][PASSED] - Attribute 'data-errorqtip' of object 'Object Repository/Objects.HighlightElements/input_field_index' is: '<ul class="x-list-plain"><li>This field is required</li></ul>'

2020-06-04 19:51:34 - [TEST_STEP][PASSED] - strToolTip = getRqErrMsg.substring(29, 61): null

2020-06-04 19:51:34 - [TEST_STEP][PASSED] - toolTipReqErrMsg = strToolTip.substring(0, 22): null

2020-06-04 19:51:34 - [TEST_STEP][PASSED] - verifyMatch(toolTipReqErrMsg, RqField, true): Actual text 'This field is required' and expected text 'This field is required' are matched  using regular expression

2020-06-04 19:51:34 - [MESSAGE][PASSED] - Actual text 'This field is required' and expected text 'This field is required' are matched  using regular expression

2020-06-04 19:51:34 - [MESSAGE][PASSED] - Call Test Case 'Test Cases/PFI Precision and Scale/PFI Components with Indexing/RequiredFieldValidationXPI' successfully

2020-06-04 19:51:34 - [TEST_STEP][NOT_RUN] - callTestCase(findTestCase("Components/Logout"), ["LogoutPageTextToBeVerified":findTestData("ISPS2 Test Data").getValue("HomeBanner", 2)], STOP_ON_FAILURE): NOT_RUN: callTestCase(findTestCase("Components/Logout"), ["LogoutPageTextToBeVerified":findTestData("ISPS2 Test Data").getValue("HomeBanner", 2)], STOP_ON_FAILURE)

2020-06-04 19:51:34 - [MESSAGE][NOT_RUN] - NOT_RUN: callTestCase(findTestCase("Components/Logout"), ["LogoutPageTextToBeVerified":findTestData("ISPS2 Test Data").getValue("HomeBanner", 2)], STOP_ON_FAILURE)]]></system-out>
         <system-err><![CDATA[]]></system-err>
      </testcase>
      <testcase name="Test Cases/PFI Precision and Scale/PFI Test Cases/Process Case (PFI)/PFI.ReferToExternalAgencyLHS" time="126.702" classname="Test Cases/PFI Precision and Scale/PFI Test Cases/Process Case (PFI)/PFI.ReferToExternalAgencyLHS" status="PASSED">
         <system-out><![CDATA[2020-06-04 19:51:34 - [TEST_CASE][PASSED] - Test Cases/PFI Precision and Scale/PFI Test Cases/Process Case (PFI)/PFI.ReferToExternalAgencyLHS: Test Cases/PFI Precision and Scale/PFI Test Cases/Process Case (PFI)/PFI.ReferToExternalAgencyLHS

2020-06-04 19:51:34 - [TEST_STEP][NOT_RUN] - callTestCase(findTestCase("Components/LoginV2.0"), ["LinkToBeUsed":findTestData("ISPS2 Test Data").getValue("URL", 2), "LoginPageTextToBeVerified":findTestData("ISPS2 Test Data").getValue("HomeBanner", 2), ... ], STOP_ON_FAILURE): NOT_RUN: callTestCase(findTestCase("Components/LoginV2.0"), ["LinkToBeUsed":findTestData("ISPS2 Test Data").getValue("URL", 2), "LoginPageTextToBeVerified":findTestData("ISPS2 Test Data").getValue("HomeBanner", 2), ... ], STOP_ON_FAILURE)

2020-06-04 19:51:34 - [MESSAGE][NOT_RUN] - NOT_RUN: callTestCase(findTestCase("Components/LoginV2.0"), ["LinkToBeUsed":findTestData("ISPS2 Test Data").getValue("URL", 2), "LoginPageTextToBeVerified":findTestData("ISPS2 Test Data").getValue("HomeBanner", 2), ... ], STOP_ON_FAILURE)

2020-06-04 19:51:34 - [TEST_STEP][NOT_RUN] - callTestCase(findTestCase("Components/NavigateToHomepageHeaders"), ["headerText":"My Tasks"], STOP_ON_FAILURE): NOT_RUN: callTestCase(findTestCase("Components/NavigateToHomepageHeaders"), ["headerText":"My Tasks"], STOP_ON_FAILURE)

2020-06-04 19:51:34 - [MESSAGE][NOT_RUN] - NOT_RUN: callTestCase(findTestCase("Components/NavigateToHomepageHeaders"), ["headerText":"My Tasks"], STOP_ON_FAILURE)

2020-06-04 19:51:34 - [TEST_STEP][NOT_RUN] - callTestCase(findTestCase("Components/Filter"), ["taskDescription":"Process Case (SM)"], STOP_ON_FAILURE): NOT_RUN: callTestCase(findTestCase("Components/Filter"), ["taskDescription":"Process Case (SM)"], STOP_ON_FAILURE)

2020-06-04 19:51:34 - [MESSAGE][NOT_RUN] - NOT_RUN: callTestCase(findTestCase("Components/Filter"), ["taskDescription":"Process Case (SM)"], STOP_ON_FAILURE)

2020-06-04 19:51:34 - [TEST_STEP][NOT_RUN] - callTestCase(findTestCase("Components/ClickLinkDependingOnTextAndIndex"), ["linkName":"Process Case (SM)", "index":"3"], STOP_ON_FAILURE): NOT_RUN: callTestCase(findTestCase("Components/ClickLinkDependingOnTextAndIndex"), ["linkName":"Process Case (SM)", "index":"3"], STOP_ON_FAILURE)

2020-06-04 19:51:34 - [MESSAGE][NOT_RUN] - NOT_RUN: callTestCase(findTestCase("Components/ClickLinkDependingOnTextAndIndex"), ["linkName":"Process Case (SM)", "index":"3"], STOP_ON_FAILURE)

2020-06-04 19:51:34 - [TEST_STEP][PASSED] - callTestCase(findTestCase("Components/NavigateToAnyLHS"), ["LHS":"Refer Case to External Agency"], STOP_ON_FAILURE): Call Test Case 'Test Cases/Components/NavigateToAnyLHS' successfully

2020-06-04 19:51:34 - [TEST_CASE][PASSED] - Test Cases/Components/NavigateToAnyLHS: Test Cases/Components/NavigateToAnyLHS

2020-06-04 19:51:34 - [TEST_STEP][PASSED] - Thread.sleep(1000): null

2020-06-04 19:51:35 - [TEST_STEP][PASSED] - modifiedLHS = modifyObjectProperty(findTestObject("Objects.NavigateToAnyLHS/Page_ISPS2/LHSToModify"), "text", "equals", LHS, true): Modify property of object successfully

2020-06-04 19:51:35 - [MESSAGE][PASSED] - Modify property of object successfully

2020-06-04 19:51:35 - [TEST_STEP][PASSED] - click(modifiedLHS): Object: 'Object Repository/Objects.NavigateToAnyLHS/Page_ISPS2/LHSToModify' is clicked on

2020-06-04 19:51:35 - [MESSAGE][PASSED] - Object: 'Object Repository/Objects.NavigateToAnyLHS/Page_ISPS2/LHSToModify' is clicked on

2020-06-04 19:51:35 - [TEST_STEP][PASSED] - currentLHS = getText(modifiedLHS): Text of object 'Object Repository/Objects.NavigateToAnyLHS/Page_ISPS2/LHSToModify' is: 'Refer Case to External Agency'

2020-06-04 19:51:35 - [MESSAGE][PASSED] - Text of object 'Object Repository/Objects.NavigateToAnyLHS/Page_ISPS2/LHSToModify' is: 'Refer Case to External Agency'

2020-06-04 19:51:35 - [TEST_STEP][PASSED] - Thread.sleep(5000): null

2020-06-04 19:51:40 - [MESSAGE][PASSED] - Call Test Case 'Test Cases/Components/NavigateToAnyLHS' successfully

2020-06-04 19:51:40 - [TEST_STEP][PASSED] - callTestCase(findTestCase("Components/VerifyPageSuccessfullyLoaded"), ["HeaderName":"Refer to External Agency"], STOP_ON_FAILURE): Call Test Case 'Test Cases/Components/VerifyPageSuccessfullyLoaded' successfully

2020-06-04 19:51:40 - [TEST_CASE][PASSED] - Test Cases/Components/VerifyPageSuccessfullyLoaded: Test Cases/Components/VerifyPageSuccessfullyLoaded

2020-06-04 19:51:40 - [TEST_STEP][PASSED] - Thread.sleep(3000): null

2020-06-04 19:51:43 - [TEST_STEP][PASSED] - ModifiedHeaderName = modifyObjectProperty(findTestObject("Objects.VerifyPageSuccessfullyLoaded/PageHeader"), "text", "equals", HeaderName, true): Modify property of object successfully

2020-06-04 19:51:43 - [MESSAGE][PASSED] - Modify property of object successfully

2020-06-04 19:51:43 - [TEST_STEP][PASSED] - verifyElementPresent(ModifiedHeaderName, 30): Object 'Object Repository/Objects.VerifyPageSuccessfullyLoaded/PageHeader' is present

2020-06-04 19:51:43 - [MESSAGE][PASSED] - Object 'Object Repository/Objects.VerifyPageSuccessfullyLoaded/PageHeader' is present

2020-06-04 19:51:43 - [TEST_STEP][PASSED] - com.reusableComponents.HighlightElement.run(ModifiedHeaderName): com.reusableComponents.HighlightElement.run is PASSED

2020-06-04 19:51:44 - [MESSAGE][PASSED] - com.reusableComponents.HighlightElement.run is PASSED

2020-06-04 19:51:44 - [MESSAGE][PASSED] - Call Test Case 'Test Cases/Components/VerifyPageSuccessfullyLoaded' successfully

2020-06-04 19:51:44 - [TEST_STEP][PASSED] - callTestCase(findTestCase("Components/HighlightLabelFieldXPI"), ["LblName":"External Agencies", "index":1], STOP_ON_FAILURE): Call Test Case 'Test Cases/Components/HighlightLabelFieldXPI' successfully

2020-06-04 19:51:44 - [TEST_CASE][PASSED] - Test Cases/Components/HighlightLabelFieldXPI: Test Cases/Components/HighlightLabelFieldXPI

2020-06-04 19:51:44 - [TEST_STEP][PASSED] - Thread.sleep(1000): null

2020-06-04 19:51:45 - [TEST_STEP][PASSED] - modifiedLblNm = modifyObjectProperty(findTestObject("Object Repository/Objects.HighlightElements/lblField_index"), "xpath", "equals", "(//*[contains(@class, 'x-form-item-label-inner x-form-item-label-inner-default') and contains(., '" + LblName + "')])[" + index + "]", true): Modify property of object successfully

2020-06-04 19:51:45 - [MESSAGE][PASSED] - Modify property of object successfully

2020-06-04 19:51:45 - [TEST_STEP][PASSED] - com.reusableComponents.HighlightElement.run(modifiedLblNm): com.reusableComponents.HighlightElement.run is PASSED

2020-06-04 19:51:45 - [MESSAGE][PASSED] - com.reusableComponents.HighlightElement.run is PASSED

2020-06-04 19:51:45 - [MESSAGE][PASSED] - Call Test Case 'Test Cases/Components/HighlightLabelFieldXPI' successfully

2020-06-04 19:51:45 - [TEST_STEP][PASSED] - callTestCase(findTestCase("Components/HighlightInputFieldXPI"), ["FldNm":"extAgenciesCmb", "index":1], STOP_ON_FAILURE): Call Test Case 'Test Cases/Components/HighlightInputFieldXPI' successfully

2020-06-04 19:51:45 - [TEST_CASE][PASSED] - Test Cases/Components/HighlightInputFieldXPI: Test Cases/Components/HighlightInputFieldXPI

2020-06-04 19:51:45 - [TEST_STEP][PASSED] - Thread.sleep(1000): null

2020-06-04 19:51:46 - [TEST_STEP][PASSED] - modifiedInputNm = modifyObjectProperty(findTestObject("Object Repository/Objects.HighlightElements/input_field_index"), "xpath", "equals", "(//*[contains(@name, '" + FldNm + "')])[" + index + "]", true): Modify property of object successfully

2020-06-04 19:51:47 - [MESSAGE][PASSED] - Modify property of object successfully

2020-06-04 19:51:47 - [TEST_STEP][PASSED] - com.reusableComponents.HighlightElement.run(modifiedInputNm): com.reusableComponents.HighlightElement.run is PASSED

2020-06-04 19:51:47 - [MESSAGE][PASSED] - com.reusableComponents.HighlightElement.run is PASSED

2020-06-04 19:51:47 - [MESSAGE][PASSED] - Call Test Case 'Test Cases/Components/HighlightInputFieldXPI' successfully

2020-06-04 19:51:47 - [TEST_STEP][PASSED] - callTestCase(findTestCase("PFI Precision and Scale/PFI Components with Indexing/VerifyDropdownValuesXPI"), ["FldNm":"extAgenciesCmb", "index":1, "CallTCName":"PFI Precision and Scale/HashMap Tables/ExternalAgencyLists", "cmbNm":"", ... ], STOP_ON_FAILURE): Call Test Case 'Test Cases/PFI Precision and Scale/PFI Components with Indexing/VerifyDropdownValuesXPI' successfully

2020-06-04 19:51:47 - [TEST_CASE][PASSED] - Test Cases/PFI Precision and Scale/PFI Components with Indexing/VerifyDropdownValuesXPI: Test Cases/PFI Precision and Scale/PFI Components with Indexing/VerifyDropdownValuesXPI

2020-06-04 19:51:47 - [TEST_STEP][PASSED] - Thread.sleep(1000): null

2020-06-04 19:51:48 - [TEST_STEP][PASSED] - NewInputNmField = modifyObjectProperty(findTestObject("Object Repository/Objects.HighlightElements/input_field_index"), "xpath", "equals", "(//*[contains(@name, '" + FldNm + "')])[" + index + "]", true): Modify property of object successfully

2020-06-04 19:51:48 - [MESSAGE][PASSED] - Modify property of object successfully

2020-06-04 19:51:48 - [TEST_STEP][PASSED] - comboNm = cmbNm: null

2020-06-04 19:51:48 - [TEST_STEP][PASSED] - focus(NewInputNmField): Object: 'Object Repository/Objects.HighlightElements/input_field_index' is focused

2020-06-04 19:51:48 - [MESSAGE][PASSED] - Object: 'Object Repository/Objects.HighlightElements/input_field_index' is focused

2020-06-04 19:51:48 - [TEST_STEP][PASSED] - setText(NewInputNmField, EnterValue): Text '' is set on object 'Object Repository/Objects.HighlightElements/input_field_index'

2020-06-04 19:51:48 - [MESSAGE][PASSED] - Text '' is set on object 'Object Repository/Objects.HighlightElements/input_field_index'

2020-06-04 19:51:48 - [TEST_STEP][PASSED] - for ([i = 1, i <= NoOfVal, (i++)]): Keys 'DOWN + ' sent to object: 'Object Repository/Objects.HighlightElements/input_field_index'

2020-06-04 19:51:48 - [TEST_STEP][PASSED] - sendKeys(NewInputNmField, Keys.chord(ARROW_DOWN)): Keys 'DOWN + ' sent to object: 'Object Repository/Objects.HighlightElements/input_field_index'

2020-06-04 19:51:48 - [MESSAGE][PASSED] - Keys 'DOWN + ' sent to object: 'Object Repository/Objects.HighlightElements/input_field_index'

2020-06-04 19:51:48 - [TEST_STEP][PASSED] - delay(DelayTime): Delayed 2 second(s)

2020-06-04 19:51:50 - [MESSAGE][PASSED] - Delayed 2 second(s)

2020-06-04 19:51:50 - [TEST_STEP][PASSED] - sendKeys(NewInputNmField, Keys.chord(ENTER)): Keys 'ENTER + ' sent to object: 'Object Repository/Objects.HighlightElements/input_field_index'

2020-06-04 19:51:50 - [MESSAGE][PASSED] - Keys 'ENTER + ' sent to object: 'Object Repository/Objects.HighlightElements/input_field_index'

2020-06-04 19:51:50 - [TEST_STEP][PASSED] - ComboBoxValue = getAttribute(NewInputNmField, "value"): Attribute 'value' of object 'Object Repository/Objects.HighlightElements/input_field_index' is: ''

2020-06-04 19:51:50 - [MESSAGE][PASSED] - Attribute 'value' of object 'Object Repository/Objects.HighlightElements/input_field_index' is: ''

2020-06-04 19:51:50 - [TEST_STEP][PASSED] - callTestCase(findTestCase(CallTCName), ["FindValue":ComboBoxValue, "DropdownNm":comboNm], STOP_ON_FAILURE): Call Test Case 'Test Cases/PFI Precision and Scale/HashMap Tables/ExternalAgencyLists' successfully

2020-06-04 19:51:50 - [TEST_CASE][PASSED] - Test Cases/PFI Precision and Scale/HashMap Tables/ExternalAgencyLists: Test Cases/PFI Precision and Scale/HashMap Tables/ExternalAgencyLists

2020-06-04 19:51:51 - [TEST_STEP][PASSED] - Thread.sleep(1000): null

2020-06-04 19:51:52 - [TEST_STEP][PASSED] - ExtAgencyTBL = [1:"HDB", 2:"AVA", 3:"CAAS", 4:"DSTA", 5:"EXXONMOBIL", 6:"Embassy", 7:"JTC Cat 1A", 8:"MBS- Marina Bay Sands", 9:"MCYS", 10:"MICA", ... ]: null

2020-06-04 19:51:52 - [TEST_STEP][PASSED] - ValueFound = ExtAgencyTBL.find({ -> ... }): null

2020-06-04 19:51:52 - [MESSAGE][PASSED] - Call Test Case 'Test Cases/PFI Precision and Scale/HashMap Tables/ExternalAgencyLists' successfully

2020-06-04 19:51:52 - [TEST_STEP][PASSED] - println(ValueFound): null

2020-06-04 19:51:52 - [TEST_STEP][PASSED] - sendKeys(NewInputNmField, Keys.chord(ARROW_DOWN)): Keys 'DOWN + ' sent to object: 'Object Repository/Objects.HighlightElements/input_field_index'

2020-06-04 19:51:52 - [MESSAGE][PASSED] - Keys 'DOWN + ' sent to object: 'Object Repository/Objects.HighlightElements/input_field_index'

2020-06-04 19:51:52 - [TEST_STEP][PASSED] - sendKeys(NewInputNmField, Keys.chord(ARROW_DOWN)): Keys 'DOWN + ' sent to object: 'Object Repository/Objects.HighlightElements/input_field_index'

2020-06-04 19:51:52 - [MESSAGE][PASSED] - Keys 'DOWN + ' sent to object: 'Object Repository/Objects.HighlightElements/input_field_index'

2020-06-04 19:51:52 - [TEST_STEP][PASSED] - delay(DelayTime): Delayed 2 second(s)

2020-06-04 19:51:54 - [MESSAGE][PASSED] - Delayed 2 second(s)

2020-06-04 19:51:54 - [TEST_STEP][PASSED] - sendKeys(NewInputNmField, Keys.chord(ENTER)): Keys 'ENTER + ' sent to object: 'Object Repository/Objects.HighlightElements/input_field_index'

2020-06-04 19:51:54 - [MESSAGE][PASSED] - Keys 'ENTER + ' sent to object: 'Object Repository/Objects.HighlightElements/input_field_index'

2020-06-04 19:51:54 - [TEST_STEP][PASSED] - ComboBoxValue = getAttribute(NewInputNmField, "value"): Attribute 'value' of object 'Object Repository/Objects.HighlightElements/input_field_index' is: 'HDB'

2020-06-04 19:51:54 - [MESSAGE][PASSED] - Attribute 'value' of object 'Object Repository/Objects.HighlightElements/input_field_index' is: 'HDB'

2020-06-04 19:51:54 - [TEST_STEP][PASSED] - callTestCase(findTestCase(CallTCName), ["FindValue":ComboBoxValue, "DropdownNm":comboNm], STOP_ON_FAILURE): Call Test Case 'Test Cases/PFI Precision and Scale/HashMap Tables/ExternalAgencyLists' successfully

2020-06-04 19:51:54 - [TEST_CASE][PASSED] - Test Cases/PFI Precision and Scale/HashMap Tables/ExternalAgencyLists: Test Cases/PFI Precision and Scale/HashMap Tables/ExternalAgencyLists

2020-06-04 19:51:54 - [TEST_STEP][PASSED] - Thread.sleep(1000): null

2020-06-04 19:51:55 - [TEST_STEP][PASSED] - ExtAgencyTBL = [1:"HDB", 2:"AVA", 3:"CAAS", 4:"DSTA", 5:"EXXONMOBIL", 6:"Embassy", 7:"JTC Cat 1A", 8:"MBS- Marina Bay Sands", 9:"MCYS", 10:"MICA", ... ]: null

2020-06-04 19:51:55 - [TEST_STEP][PASSED] - ValueFound = ExtAgencyTBL.find({ -> ... }): null

2020-06-04 19:51:55 - [MESSAGE][PASSED] - Call Test Case 'Test Cases/PFI Precision and Scale/HashMap Tables/ExternalAgencyLists' successfully

2020-06-04 19:51:55 - [TEST_STEP][PASSED] - println(ValueFound): null

2020-06-04 19:51:55 - [TEST_STEP][PASSED] - sendKeys(NewInputNmField, Keys.chord(ARROW_DOWN)): Keys 'DOWN + ' sent to object: 'Object Repository/Objects.HighlightElements/input_field_index'

2020-06-04 19:51:55 - [MESSAGE][PASSED] - Keys 'DOWN + ' sent to object: 'Object Repository/Objects.HighlightElements/input_field_index'

2020-06-04 19:51:55 - [TEST_STEP][PASSED] - sendKeys(NewInputNmField, Keys.chord(ARROW_DOWN)): Keys 'DOWN + ' sent to object: 'Object Repository/Objects.HighlightElements/input_field_index'

2020-06-04 19:51:55 - [MESSAGE][PASSED] - Keys 'DOWN + ' sent to object: 'Object Repository/Objects.HighlightElements/input_field_index'

2020-06-04 19:51:55 - [TEST_STEP][PASSED] - delay(DelayTime): Delayed 2 second(s)

2020-06-04 19:51:57 - [MESSAGE][PASSED] - Delayed 2 second(s)

2020-06-04 19:51:57 - [TEST_STEP][PASSED] - sendKeys(NewInputNmField, Keys.chord(ENTER)): Keys 'ENTER + ' sent to object: 'Object Repository/Objects.HighlightElements/input_field_index'

2020-06-04 19:51:57 - [MESSAGE][PASSED] - Keys 'ENTER + ' sent to object: 'Object Repository/Objects.HighlightElements/input_field_index'

2020-06-04 19:51:57 - [TEST_STEP][PASSED] - ComboBoxValue = getAttribute(NewInputNmField, "value"): Attribute 'value' of object 'Object Repository/Objects.HighlightElements/input_field_index' is: 'AVA '

2020-06-04 19:51:57 - [MESSAGE][PASSED] - Attribute 'value' of object 'Object Repository/Objects.HighlightElements/input_field_index' is: 'AVA '

2020-06-04 19:51:57 - [TEST_STEP][PASSED] - callTestCase(findTestCase(CallTCName), ["FindValue":ComboBoxValue, "DropdownNm":comboNm], STOP_ON_FAILURE): Call Test Case 'Test Cases/PFI Precision and Scale/HashMap Tables/ExternalAgencyLists' successfully

2020-06-04 19:51:57 - [TEST_CASE][PASSED] - Test Cases/PFI Precision and Scale/HashMap Tables/ExternalAgencyLists: Test Cases/PFI Precision and Scale/HashMap Tables/ExternalAgencyLists

2020-06-04 19:51:57 - [TEST_STEP][PASSED] - Thread.sleep(1000): null

2020-06-04 19:51:58 - [TEST_STEP][PASSED] - ExtAgencyTBL = [1:"HDB", 2:"AVA", 3:"CAAS", 4:"DSTA", 5:"EXXONMOBIL", 6:"Embassy", 7:"JTC Cat 1A", 8:"MBS- Marina Bay Sands", 9:"MCYS", 10:"MICA", ... ]: null

2020-06-04 19:51:58 - [TEST_STEP][PASSED] - ValueFound = ExtAgencyTBL.find({ -> ... }): null

2020-06-04 19:51:58 - [MESSAGE][PASSED] - Call Test Case 'Test Cases/PFI Precision and Scale/HashMap Tables/ExternalAgencyLists' successfully

2020-06-04 19:51:58 - [TEST_STEP][PASSED] - println(ValueFound): null

2020-06-04 19:51:58 - [TEST_STEP][PASSED] - sendKeys(NewInputNmField, Keys.chord(ARROW_DOWN)): Keys 'DOWN + ' sent to object: 'Object Repository/Objects.HighlightElements/input_field_index'

2020-06-04 19:51:58 - [MESSAGE][PASSED] - Keys 'DOWN + ' sent to object: 'Object Repository/Objects.HighlightElements/input_field_index'

2020-06-04 19:51:58 - [TEST_STEP][PASSED] - sendKeys(NewInputNmField, Keys.chord(ARROW_DOWN)): Keys 'DOWN + ' sent to object: 'Object Repository/Objects.HighlightElements/input_field_index'

2020-06-04 19:51:58 - [MESSAGE][PASSED] - Keys 'DOWN + ' sent to object: 'Object Repository/Objects.HighlightElements/input_field_index'

2020-06-04 19:51:58 - [TEST_STEP][PASSED] - delay(DelayTime): Delayed 2 second(s)

2020-06-04 19:52:00 - [MESSAGE][PASSED] - Delayed 2 second(s)

2020-06-04 19:52:00 - [TEST_STEP][PASSED] - sendKeys(NewInputNmField, Keys.chord(ENTER)): Keys 'ENTER + ' sent to object: 'Object Repository/Objects.HighlightElements/input_field_index'

2020-06-04 19:52:00 - [MESSAGE][PASSED] - Keys 'ENTER + ' sent to object: 'Object Repository/Objects.HighlightElements/input_field_index'

2020-06-04 19:52:00 - [TEST_STEP][PASSED] - ComboBoxValue = getAttribute(NewInputNmField, "value"): Attribute 'value' of object 'Object Repository/Objects.HighlightElements/input_field_index' is: 'CAAS'

2020-06-04 19:52:00 - [MESSAGE][PASSED] - Attribute 'value' of object 'Object Repository/Objects.HighlightElements/input_field_index' is: 'CAAS'

2020-06-04 19:52:00 - [TEST_STEP][PASSED] - callTestCase(findTestCase(CallTCName), ["FindValue":ComboBoxValue, "DropdownNm":comboNm], STOP_ON_FAILURE): Call Test Case 'Test Cases/PFI Precision and Scale/HashMap Tables/ExternalAgencyLists' successfully

2020-06-04 19:52:00 - [TEST_CASE][PASSED] - Test Cases/PFI Precision and Scale/HashMap Tables/ExternalAgencyLists: Test Cases/PFI Precision and Scale/HashMap Tables/ExternalAgencyLists

2020-06-04 19:52:00 - [TEST_STEP][PASSED] - Thread.sleep(1000): null

2020-06-04 19:52:01 - [TEST_STEP][PASSED] - ExtAgencyTBL = [1:"HDB", 2:"AVA", 3:"CAAS", 4:"DSTA", 5:"EXXONMOBIL", 6:"Embassy", 7:"JTC Cat 1A", 8:"MBS- Marina Bay Sands", 9:"MCYS", 10:"MICA", ... ]: null

2020-06-04 19:52:01 - [TEST_STEP][PASSED] - ValueFound = ExtAgencyTBL.find({ -> ... }): null

2020-06-04 19:52:01 - [MESSAGE][PASSED] - Call Test Case 'Test Cases/PFI Precision and Scale/HashMap Tables/ExternalAgencyLists' successfully

2020-06-04 19:52:01 - [TEST_STEP][PASSED] - println(ValueFound): null

2020-06-04 19:52:01 - [TEST_STEP][PASSED] - sendKeys(NewInputNmField, Keys.chord(ARROW_DOWN)): Keys 'DOWN + ' sent to object: 'Object Repository/Objects.HighlightElements/input_field_index'

2020-06-04 19:52:01 - [MESSAGE][PASSED] - Keys 'DOWN + ' sent to object: 'Object Repository/Objects.HighlightElements/input_field_index'

2020-06-04 19:52:01 - [TEST_STEP][PASSED] - sendKeys(NewInputNmField, Keys.chord(ARROW_DOWN)): Keys 'DOWN + ' sent to object: 'Object Repository/Objects.HighlightElements/input_field_index'

2020-06-04 19:52:01 - [MESSAGE][PASSED] - Keys 'DOWN + ' sent to object: 'Object Repository/Objects.HighlightElements/input_field_index'

2020-06-04 19:52:01 - [TEST_STEP][PASSED] - delay(DelayTime): Delayed 2 second(s)

2020-06-04 19:52:03 - [MESSAGE][PASSED] - Delayed 2 second(s)

2020-06-04 19:52:03 - [TEST_STEP][PASSED] - sendKeys(NewInputNmField, Keys.chord(ENTER)): Keys 'ENTER + ' sent to object: 'Object Repository/Objects.HighlightElements/input_field_index'

2020-06-04 19:52:03 - [MESSAGE][PASSED] - Keys 'ENTER + ' sent to object: 'Object Repository/Objects.HighlightElements/input_field_index'

2020-06-04 19:52:03 - [TEST_STEP][PASSED] - ComboBoxValue = getAttribute(NewInputNmField, "value"): Attribute 'value' of object 'Object Repository/Objects.HighlightElements/input_field_index' is: 'DSTA'

2020-06-04 19:52:03 - [MESSAGE][PASSED] - Attribute 'value' of object 'Object Repository/Objects.HighlightElements/input_field_index' is: 'DSTA'

2020-06-04 19:52:03 - [TEST_STEP][PASSED] - callTestCase(findTestCase(CallTCName), ["FindValue":ComboBoxValue, "DropdownNm":comboNm], STOP_ON_FAILURE): Call Test Case 'Test Cases/PFI Precision and Scale/HashMap Tables/ExternalAgencyLists' successfully

2020-06-04 19:52:03 - [TEST_CASE][PASSED] - Test Cases/PFI Precision and Scale/HashMap Tables/ExternalAgencyLists: Test Cases/PFI Precision and Scale/HashMap Tables/ExternalAgencyLists

2020-06-04 19:52:04 - [TEST_STEP][PASSED] - Thread.sleep(1000): null

2020-06-04 19:52:05 - [TEST_STEP][PASSED] - ExtAgencyTBL = [1:"HDB", 2:"AVA", 3:"CAAS", 4:"DSTA", 5:"EXXONMOBIL", 6:"Embassy", 7:"JTC Cat 1A", 8:"MBS- Marina Bay Sands", 9:"MCYS", 10:"MICA", ... ]: null

2020-06-04 19:52:05 - [TEST_STEP][PASSED] - ValueFound = ExtAgencyTBL.find({ -> ... }): null

2020-06-04 19:52:05 - [MESSAGE][PASSED] - Call Test Case 'Test Cases/PFI Precision and Scale/HashMap Tables/ExternalAgencyLists' successfully

2020-06-04 19:52:05 - [TEST_STEP][PASSED] - println(ValueFound): null

2020-06-04 19:52:05 - [TEST_STEP][PASSED] - sendKeys(NewInputNmField, Keys.chord(ARROW_DOWN)): Keys 'DOWN + ' sent to object: 'Object Repository/Objects.HighlightElements/input_field_index'

2020-06-04 19:52:05 - [MESSAGE][PASSED] - Keys 'DOWN + ' sent to object: 'Object Repository/Objects.HighlightElements/input_field_index'

2020-06-04 19:52:05 - [TEST_STEP][PASSED] - sendKeys(NewInputNmField, Keys.chord(ARROW_DOWN)): Keys 'DOWN + ' sent to object: 'Object Repository/Objects.HighlightElements/input_field_index'

2020-06-04 19:52:05 - [MESSAGE][PASSED] - Keys 'DOWN + ' sent to object: 'Object Repository/Objects.HighlightElements/input_field_index'

2020-06-04 19:52:05 - [TEST_STEP][PASSED] - delay(DelayTime): Delayed 2 second(s)

2020-06-04 19:52:07 - [MESSAGE][PASSED] - Delayed 2 second(s)

2020-06-04 19:52:07 - [TEST_STEP][PASSED] - sendKeys(NewInputNmField, Keys.chord(ENTER)): Keys 'ENTER + ' sent to object: 'Object Repository/Objects.HighlightElements/input_field_index'

2020-06-04 19:52:07 - [MESSAGE][PASSED] - Keys 'ENTER + ' sent to object: 'Object Repository/Objects.HighlightElements/input_field_index'

2020-06-04 19:52:07 - [TEST_STEP][PASSED] - ComboBoxValue = getAttribute(NewInputNmField, "value"): Attribute 'value' of object 'Object Repository/Objects.HighlightElements/input_field_index' is: 'EXXONMOBIL'

2020-06-04 19:52:07 - [MESSAGE][PASSED] - Attribute 'value' of object 'Object Repository/Objects.HighlightElements/input_field_index' is: 'EXXONMOBIL'

2020-06-04 19:52:07 - [TEST_STEP][PASSED] - callTestCase(findTestCase(CallTCName), ["FindValue":ComboBoxValue, "DropdownNm":comboNm], STOP_ON_FAILURE): Call Test Case 'Test Cases/PFI Precision and Scale/HashMap Tables/ExternalAgencyLists' successfully

2020-06-04 19:52:07 - [TEST_CASE][PASSED] - Test Cases/PFI Precision and Scale/HashMap Tables/ExternalAgencyLists: Test Cases/PFI Precision and Scale/HashMap Tables/ExternalAgencyLists

2020-06-04 19:52:07 - [TEST_STEP][PASSED] - Thread.sleep(1000): null

2020-06-04 19:52:08 - [TEST_STEP][PASSED] - ExtAgencyTBL = [1:"HDB", 2:"AVA", 3:"CAAS", 4:"DSTA", 5:"EXXONMOBIL", 6:"Embassy", 7:"JTC Cat 1A", 8:"MBS- Marina Bay Sands", 9:"MCYS", 10:"MICA", ... ]: null

2020-06-04 19:52:08 - [TEST_STEP][PASSED] - ValueFound = ExtAgencyTBL.find({ -> ... }): null

2020-06-04 19:52:08 - [MESSAGE][PASSED] - Call Test Case 'Test Cases/PFI Precision and Scale/HashMap Tables/ExternalAgencyLists' successfully

2020-06-04 19:52:08 - [TEST_STEP][PASSED] - println(ValueFound): null

2020-06-04 19:52:08 - [TEST_STEP][PASSED] - sendKeys(NewInputNmField, Keys.chord(ARROW_DOWN)): Keys 'DOWN + ' sent to object: 'Object Repository/Objects.HighlightElements/input_field_index'

2020-06-04 19:52:08 - [MESSAGE][PASSED] - Keys 'DOWN + ' sent to object: 'Object Repository/Objects.HighlightElements/input_field_index'

2020-06-04 19:52:08 - [TEST_STEP][PASSED] - sendKeys(NewInputNmField, Keys.chord(ARROW_DOWN)): Keys 'DOWN + ' sent to object: 'Object Repository/Objects.HighlightElements/input_field_index'

2020-06-04 19:52:08 - [MESSAGE][PASSED] - Keys 'DOWN + ' sent to object: 'Object Repository/Objects.HighlightElements/input_field_index'

2020-06-04 19:52:08 - [TEST_STEP][PASSED] - delay(DelayTime): Delayed 2 second(s)

2020-06-04 19:52:10 - [MESSAGE][PASSED] - Delayed 2 second(s)

2020-06-04 19:52:10 - [TEST_STEP][PASSED] - sendKeys(NewInputNmField, Keys.chord(ENTER)): Keys 'ENTER + ' sent to object: 'Object Repository/Objects.HighlightElements/input_field_index'

2020-06-04 19:52:10 - [MESSAGE][PASSED] - Keys 'ENTER + ' sent to object: 'Object Repository/Objects.HighlightElements/input_field_index'

2020-06-04 19:52:10 - [TEST_STEP][PASSED] - ComboBoxValue = getAttribute(NewInputNmField, "value"): Attribute 'value' of object 'Object Repository/Objects.HighlightElements/input_field_index' is: 'Embassy'

2020-06-04 19:52:10 - [MESSAGE][PASSED] - Attribute 'value' of object 'Object Repository/Objects.HighlightElements/input_field_index' is: 'Embassy'

2020-06-04 19:52:10 - [TEST_STEP][PASSED] - callTestCase(findTestCase(CallTCName), ["FindValue":ComboBoxValue, "DropdownNm":comboNm], STOP_ON_FAILURE): Call Test Case 'Test Cases/PFI Precision and Scale/HashMap Tables/ExternalAgencyLists' successfully

2020-06-04 19:52:10 - [TEST_CASE][PASSED] - Test Cases/PFI Precision and Scale/HashMap Tables/ExternalAgencyLists: Test Cases/PFI Precision and Scale/HashMap Tables/ExternalAgencyLists

2020-06-04 19:52:10 - [TEST_STEP][PASSED] - Thread.sleep(1000): null

2020-06-04 19:52:11 - [TEST_STEP][PASSED] - ExtAgencyTBL = [1:"HDB", 2:"AVA", 3:"CAAS", 4:"DSTA", 5:"EXXONMOBIL", 6:"Embassy", 7:"JTC Cat 1A", 8:"MBS- Marina Bay Sands", 9:"MCYS", 10:"MICA", ... ]: null

2020-06-04 19:52:11 - [TEST_STEP][PASSED] - ValueFound = ExtAgencyTBL.find({ -> ... }): null

2020-06-04 19:52:11 - [MESSAGE][PASSED] - Call Test Case 'Test Cases/PFI Precision and Scale/HashMap Tables/ExternalAgencyLists' successfully

2020-06-04 19:52:11 - [TEST_STEP][PASSED] - println(ValueFound): null

2020-06-04 19:52:11 - [TEST_STEP][PASSED] - sendKeys(NewInputNmField, Keys.chord(ARROW_DOWN)): Keys 'DOWN + ' sent to object: 'Object Repository/Objects.HighlightElements/input_field_index'

2020-06-04 19:52:11 - [MESSAGE][PASSED] - Keys 'DOWN + ' sent to object: 'Object Repository/Objects.HighlightElements/input_field_index'

2020-06-04 19:52:11 - [TEST_STEP][PASSED] - sendKeys(NewInputNmField, Keys.chord(ARROW_DOWN)): Keys 'DOWN + ' sent to object: 'Object Repository/Objects.HighlightElements/input_field_index'

2020-06-04 19:52:11 - [MESSAGE][PASSED] - Keys 'DOWN + ' sent to object: 'Object Repository/Objects.HighlightElements/input_field_index'

2020-06-04 19:52:11 - [TEST_STEP][PASSED] - delay(DelayTime): Delayed 2 second(s)

2020-06-04 19:52:13 - [MESSAGE][PASSED] - Delayed 2 second(s)

2020-06-04 19:52:13 - [TEST_STEP][PASSED] - sendKeys(NewInputNmField, Keys.chord(ENTER)): Keys 'ENTER + ' sent to object: 'Object Repository/Objects.HighlightElements/input_field_index'

2020-06-04 19:52:13 - [MESSAGE][PASSED] - Keys 'ENTER + ' sent to object: 'Object Repository/Objects.HighlightElements/input_field_index'

2020-06-04 19:52:13 - [TEST_STEP][PASSED] - ComboBoxValue = getAttribute(NewInputNmField, "value"): Attribute 'value' of object 'Object Repository/Objects.HighlightElements/input_field_index' is: 'JTC Cat 1A'

2020-06-04 19:52:13 - [MESSAGE][PASSED] - Attribute 'value' of object 'Object Repository/Objects.HighlightElements/input_field_index' is: 'JTC Cat 1A'

2020-06-04 19:52:13 - [TEST_STEP][PASSED] - callTestCase(findTestCase(CallTCName), ["FindValue":ComboBoxValue, "DropdownNm":comboNm], STOP_ON_FAILURE): Call Test Case 'Test Cases/PFI Precision and Scale/HashMap Tables/ExternalAgencyLists' successfully

2020-06-04 19:52:13 - [TEST_CASE][PASSED] - Test Cases/PFI Precision and Scale/HashMap Tables/ExternalAgencyLists: Test Cases/PFI Precision and Scale/HashMap Tables/ExternalAgencyLists

2020-06-04 19:52:13 - [TEST_STEP][PASSED] - Thread.sleep(1000): null

2020-06-04 19:52:14 - [TEST_STEP][PASSED] - ExtAgencyTBL = [1:"HDB", 2:"AVA", 3:"CAAS", 4:"DSTA", 5:"EXXONMOBIL", 6:"Embassy", 7:"JTC Cat 1A", 8:"MBS- Marina Bay Sands", 9:"MCYS", 10:"MICA", ... ]: null

2020-06-04 19:52:14 - [TEST_STEP][PASSED] - ValueFound = ExtAgencyTBL.find({ -> ... }): null

2020-06-04 19:52:14 - [MESSAGE][PASSED] - Call Test Case 'Test Cases/PFI Precision and Scale/HashMap Tables/ExternalAgencyLists' successfully

2020-06-04 19:52:14 - [TEST_STEP][PASSED] - println(ValueFound): null

2020-06-04 19:52:14 - [TEST_STEP][PASSED] - sendKeys(NewInputNmField, Keys.chord(ARROW_DOWN)): Keys 'DOWN + ' sent to object: 'Object Repository/Objects.HighlightElements/input_field_index'

2020-06-04 19:52:14 - [MESSAGE][PASSED] - Keys 'DOWN + ' sent to object: 'Object Repository/Objects.HighlightElements/input_field_index'

2020-06-04 19:52:14 - [TEST_STEP][PASSED] - sendKeys(NewInputNmField, Keys.chord(ARROW_DOWN)): Keys 'DOWN + ' sent to object: 'Object Repository/Objects.HighlightElements/input_field_index'

2020-06-04 19:52:14 - [MESSAGE][PASSED] - Keys 'DOWN + ' sent to object: 'Object Repository/Objects.HighlightElements/input_field_index'

2020-06-04 19:52:14 - [TEST_STEP][PASSED] - delay(DelayTime): Delayed 2 second(s)

2020-06-04 19:52:16 - [MESSAGE][PASSED] - Delayed 2 second(s)

2020-06-04 19:52:16 - [TEST_STEP][PASSED] - sendKeys(NewInputNmField, Keys.chord(ENTER)): Keys 'ENTER + ' sent to object: 'Object Repository/Objects.HighlightElements/input_field_index'

2020-06-04 19:52:16 - [MESSAGE][PASSED] - Keys 'ENTER + ' sent to object: 'Object Repository/Objects.HighlightElements/input_field_index'

2020-06-04 19:52:16 - [TEST_STEP][PASSED] - ComboBoxValue = getAttribute(NewInputNmField, "value"): Attribute 'value' of object 'Object Repository/Objects.HighlightElements/input_field_index' is: 'MBS- Marina Bay Sands'

2020-06-04 19:52:16 - [MESSAGE][PASSED] - Attribute 'value' of object 'Object Repository/Objects.HighlightElements/input_field_index' is: 'MBS- Marina Bay Sands'

2020-06-04 19:52:16 - [TEST_STEP][PASSED] - callTestCase(findTestCase(CallTCName), ["FindValue":ComboBoxValue, "DropdownNm":comboNm], STOP_ON_FAILURE): Call Test Case 'Test Cases/PFI Precision and Scale/HashMap Tables/ExternalAgencyLists' successfully

2020-06-04 19:52:16 - [TEST_CASE][PASSED] - Test Cases/PFI Precision and Scale/HashMap Tables/ExternalAgencyLists: Test Cases/PFI Precision and Scale/HashMap Tables/ExternalAgencyLists

2020-06-04 19:52:16 - [TEST_STEP][PASSED] - Thread.sleep(1000): null

2020-06-04 19:52:17 - [TEST_STEP][PASSED] - ExtAgencyTBL = [1:"HDB", 2:"AVA", 3:"CAAS", 4:"DSTA", 5:"EXXONMOBIL", 6:"Embassy", 7:"JTC Cat 1A", 8:"MBS- Marina Bay Sands", 9:"MCYS", 10:"MICA", ... ]: null

2020-06-04 19:52:17 - [TEST_STEP][PASSED] - ValueFound = ExtAgencyTBL.find({ -> ... }): null

2020-06-04 19:52:17 - [MESSAGE][PASSED] - Call Test Case 'Test Cases/PFI Precision and Scale/HashMap Tables/ExternalAgencyLists' successfully

2020-06-04 19:52:17 - [TEST_STEP][PASSED] - println(ValueFound): null

2020-06-04 19:52:17 - [TEST_STEP][PASSED] - sendKeys(NewInputNmField, Keys.chord(ARROW_DOWN)): Keys 'DOWN + ' sent to object: 'Object Repository/Objects.HighlightElements/input_field_index'

2020-06-04 19:52:18 - [MESSAGE][PASSED] - Keys 'DOWN + ' sent to object: 'Object Repository/Objects.HighlightElements/input_field_index'

2020-06-04 19:52:18 - [TEST_STEP][PASSED] - sendKeys(NewInputNmField, Keys.chord(ARROW_DOWN)): Keys 'DOWN + ' sent to object: 'Object Repository/Objects.HighlightElements/input_field_index'

2020-06-04 19:52:18 - [MESSAGE][PASSED] - Keys 'DOWN + ' sent to object: 'Object Repository/Objects.HighlightElements/input_field_index'

2020-06-04 19:52:18 - [TEST_STEP][PASSED] - delay(DelayTime): Delayed 2 second(s)

2020-06-04 19:52:20 - [MESSAGE][PASSED] - Delayed 2 second(s)

2020-06-04 19:52:20 - [TEST_STEP][PASSED] - sendKeys(NewInputNmField, Keys.chord(ENTER)): Keys 'ENTER + ' sent to object: 'Object Repository/Objects.HighlightElements/input_field_index'

2020-06-04 19:52:20 - [MESSAGE][PASSED] - Keys 'ENTER + ' sent to object: 'Object Repository/Objects.HighlightElements/input_field_index'

2020-06-04 19:52:20 - [TEST_STEP][PASSED] - ComboBoxValue = getAttribute(NewInputNmField, "value"): Attribute 'value' of object 'Object Repository/Objects.HighlightElements/input_field_index' is: 'MCYS'

2020-06-04 19:52:20 - [MESSAGE][PASSED] - Attribute 'value' of object 'Object Repository/Objects.HighlightElements/input_field_index' is: 'MCYS'

2020-06-04 19:52:20 - [TEST_STEP][PASSED] - callTestCase(findTestCase(CallTCName), ["FindValue":ComboBoxValue, "DropdownNm":comboNm], STOP_ON_FAILURE): Call Test Case 'Test Cases/PFI Precision and Scale/HashMap Tables/ExternalAgencyLists' successfully

2020-06-04 19:52:20 - [TEST_CASE][PASSED] - Test Cases/PFI Precision and Scale/HashMap Tables/ExternalAgencyLists: Test Cases/PFI Precision and Scale/HashMap Tables/ExternalAgencyLists

2020-06-04 19:52:20 - [TEST_STEP][PASSED] - Thread.sleep(1000): null

2020-06-04 19:52:21 - [TEST_STEP][PASSED] - ExtAgencyTBL = [1:"HDB", 2:"AVA", 3:"CAAS", 4:"DSTA", 5:"EXXONMOBIL", 6:"Embassy", 7:"JTC Cat 1A", 8:"MBS- Marina Bay Sands", 9:"MCYS", 10:"MICA", ... ]: null

2020-06-04 19:52:21 - [TEST_STEP][PASSED] - ValueFound = ExtAgencyTBL.find({ -> ... }): null

2020-06-04 19:52:21 - [MESSAGE][PASSED] - Call Test Case 'Test Cases/PFI Precision and Scale/HashMap Tables/ExternalAgencyLists' successfully

2020-06-04 19:52:21 - [TEST_STEP][PASSED] - println(ValueFound): null

2020-06-04 19:52:21 - [TEST_STEP][PASSED] - sendKeys(NewInputNmField, Keys.chord(ARROW_DOWN)): Keys 'DOWN + ' sent to object: 'Object Repository/Objects.HighlightElements/input_field_index'

2020-06-04 19:52:21 - [MESSAGE][PASSED] - Keys 'DOWN + ' sent to object: 'Object Repository/Objects.HighlightElements/input_field_index'

2020-06-04 19:52:21 - [TEST_STEP][PASSED] - sendKeys(NewInputNmField, Keys.chord(ARROW_DOWN)): Keys 'DOWN + ' sent to object: 'Object Repository/Objects.HighlightElements/input_field_index'

2020-06-04 19:52:21 - [MESSAGE][PASSED] - Keys 'DOWN + ' sent to object: 'Object Repository/Objects.HighlightElements/input_field_index'

2020-06-04 19:52:21 - [TEST_STEP][PASSED] - delay(DelayTime): Delayed 2 second(s)

2020-06-04 19:52:23 - [MESSAGE][PASSED] - Delayed 2 second(s)

2020-06-04 19:52:23 - [TEST_STEP][PASSED] - sendKeys(NewInputNmField, Keys.chord(ENTER)): Keys 'ENTER + ' sent to object: 'Object Repository/Objects.HighlightElements/input_field_index'

2020-06-04 19:52:23 - [MESSAGE][PASSED] - Keys 'ENTER + ' sent to object: 'Object Repository/Objects.HighlightElements/input_field_index'

2020-06-04 19:52:23 - [TEST_STEP][PASSED] - ComboBoxValue = getAttribute(NewInputNmField, "value"): Attribute 'value' of object 'Object Repository/Objects.HighlightElements/input_field_index' is: 'MICA'

2020-06-04 19:52:23 - [MESSAGE][PASSED] - Attribute 'value' of object 'Object Repository/Objects.HighlightElements/input_field_index' is: 'MICA'

2020-06-04 19:52:23 - [TEST_STEP][PASSED] - callTestCase(findTestCase(CallTCName), ["FindValue":ComboBoxValue, "DropdownNm":comboNm], STOP_ON_FAILURE): Call Test Case 'Test Cases/PFI Precision and Scale/HashMap Tables/ExternalAgencyLists' successfully

2020-06-04 19:52:23 - [TEST_CASE][PASSED] - Test Cases/PFI Precision and Scale/HashMap Tables/ExternalAgencyLists: Test Cases/PFI Precision and Scale/HashMap Tables/ExternalAgencyLists

2020-06-04 19:52:23 - [TEST_STEP][PASSED] - Thread.sleep(1000): null

2020-06-04 19:52:24 - [TEST_STEP][PASSED] - ExtAgencyTBL = [1:"HDB", 2:"AVA", 3:"CAAS", 4:"DSTA", 5:"EXXONMOBIL", 6:"Embassy", 7:"JTC Cat 1A", 8:"MBS- Marina Bay Sands", 9:"MCYS", 10:"MICA", ... ]: null

2020-06-04 19:52:24 - [TEST_STEP][PASSED] - ValueFound = ExtAgencyTBL.find({ -> ... }): null

2020-06-04 19:52:24 - [MESSAGE][PASSED] - Call Test Case 'Test Cases/PFI Precision and Scale/HashMap Tables/ExternalAgencyLists' successfully

2020-06-04 19:52:24 - [TEST_STEP][PASSED] - println(ValueFound): null

2020-06-04 19:52:24 - [TEST_STEP][PASSED] - sendKeys(NewInputNmField, Keys.chord(ARROW_DOWN)): Keys 'DOWN + ' sent to object: 'Object Repository/Objects.HighlightElements/input_field_index'

2020-06-04 19:52:24 - [MESSAGE][PASSED] - Keys 'DOWN + ' sent to object: 'Object Repository/Objects.HighlightElements/input_field_index'

2020-06-04 19:52:24 - [TEST_STEP][PASSED] - sendKeys(NewInputNmField, Keys.chord(ARROW_DOWN)): Keys 'DOWN + ' sent to object: 'Object Repository/Objects.HighlightElements/input_field_index'

2020-06-04 19:52:24 - [MESSAGE][PASSED] - Keys 'DOWN + ' sent to object: 'Object Repository/Objects.HighlightElements/input_field_index'

2020-06-04 19:52:24 - [TEST_STEP][PASSED] - delay(DelayTime): Delayed 2 second(s)

2020-06-04 19:52:26 - [MESSAGE][PASSED] - Delayed 2 second(s)

2020-06-04 19:52:26 - [TEST_STEP][PASSED] - sendKeys(NewInputNmField, Keys.chord(ENTER)): Keys 'ENTER + ' sent to object: 'Object Repository/Objects.HighlightElements/input_field_index'

2020-06-04 19:52:26 - [MESSAGE][PASSED] - Keys 'ENTER + ' sent to object: 'Object Repository/Objects.HighlightElements/input_field_index'

2020-06-04 19:52:26 - [TEST_STEP][PASSED] - ComboBoxValue = getAttribute(NewInputNmField, "value"): Attribute 'value' of object 'Object Repository/Objects.HighlightElements/input_field_index' is: 'MUIS'

2020-06-04 19:52:26 - [MESSAGE][PASSED] - Attribute 'value' of object 'Object Repository/Objects.HighlightElements/input_field_index' is: 'MUIS'

2020-06-04 19:52:26 - [TEST_STEP][PASSED] - callTestCase(findTestCase(CallTCName), ["FindValue":ComboBoxValue, "DropdownNm":comboNm], STOP_ON_FAILURE): Call Test Case 'Test Cases/PFI Precision and Scale/HashMap Tables/ExternalAgencyLists' successfully

2020-06-04 19:52:26 - [TEST_CASE][PASSED] - Test Cases/PFI Precision and Scale/HashMap Tables/ExternalAgencyLists: Test Cases/PFI Precision and Scale/HashMap Tables/ExternalAgencyLists

2020-06-04 19:52:26 - [TEST_STEP][PASSED] - Thread.sleep(1000): null

2020-06-04 19:52:27 - [TEST_STEP][PASSED] - ExtAgencyTBL = [1:"HDB", 2:"AVA", 3:"CAAS", 4:"DSTA", 5:"EXXONMOBIL", 6:"Embassy", 7:"JTC Cat 1A", 8:"MBS- Marina Bay Sands", 9:"MCYS", 10:"MICA", ... ]: null

2020-06-04 19:52:28 - [TEST_STEP][PASSED] - ValueFound = ExtAgencyTBL.find({ -> ... }): null

2020-06-04 19:52:28 - [MESSAGE][PASSED] - Call Test Case 'Test Cases/PFI Precision and Scale/HashMap Tables/ExternalAgencyLists' successfully

2020-06-04 19:52:28 - [TEST_STEP][PASSED] - println(ValueFound): null

2020-06-04 19:52:28 - [TEST_STEP][PASSED] - sendKeys(NewInputNmField, Keys.chord(ARROW_DOWN)): Keys 'DOWN + ' sent to object: 'Object Repository/Objects.HighlightElements/input_field_index'

2020-06-04 19:52:28 - [MESSAGE][PASSED] - Keys 'DOWN + ' sent to object: 'Object Repository/Objects.HighlightElements/input_field_index'

2020-06-04 19:52:28 - [TEST_STEP][PASSED] - sendKeys(NewInputNmField, Keys.chord(ARROW_DOWN)): Keys 'DOWN + ' sent to object: 'Object Repository/Objects.HighlightElements/input_field_index'

2020-06-04 19:52:28 - [MESSAGE][PASSED] - Keys 'DOWN + ' sent to object: 'Object Repository/Objects.HighlightElements/input_field_index'

2020-06-04 19:52:28 - [TEST_STEP][PASSED] - delay(DelayTime): Delayed 2 second(s)

2020-06-04 19:52:30 - [MESSAGE][PASSED] - Delayed 2 second(s)

2020-06-04 19:52:30 - [TEST_STEP][PASSED] - sendKeys(NewInputNmField, Keys.chord(ENTER)): Keys 'ENTER + ' sent to object: 'Object Repository/Objects.HighlightElements/input_field_index'

2020-06-04 19:52:30 - [MESSAGE][PASSED] - Keys 'ENTER + ' sent to object: 'Object Repository/Objects.HighlightElements/input_field_index'

2020-06-04 19:52:30 - [TEST_STEP][PASSED] - ComboBoxValue = getAttribute(NewInputNmField, "value"): Attribute 'value' of object 'Object Repository/Objects.HighlightElements/input_field_index' is: 'Ministry of Defence'

2020-06-04 19:52:30 - [MESSAGE][PASSED] - Attribute 'value' of object 'Object Repository/Objects.HighlightElements/input_field_index' is: 'Ministry of Defence'

2020-06-04 19:52:30 - [TEST_STEP][PASSED] - callTestCase(findTestCase(CallTCName), ["FindValue":ComboBoxValue, "DropdownNm":comboNm], STOP_ON_FAILURE): Call Test Case 'Test Cases/PFI Precision and Scale/HashMap Tables/ExternalAgencyLists' successfully

2020-06-04 19:52:30 - [TEST_CASE][PASSED] - Test Cases/PFI Precision and Scale/HashMap Tables/ExternalAgencyLists: Test Cases/PFI Precision and Scale/HashMap Tables/ExternalAgencyLists

2020-06-04 19:52:30 - [TEST_STEP][PASSED] - Thread.sleep(1000): null

2020-06-04 19:52:31 - [TEST_STEP][PASSED] - ExtAgencyTBL = [1:"HDB", 2:"AVA", 3:"CAAS", 4:"DSTA", 5:"EXXONMOBIL", 6:"Embassy", 7:"JTC Cat 1A", 8:"MBS- Marina Bay Sands", 9:"MCYS", 10:"MICA", ... ]: null

2020-06-04 19:52:31 - [TEST_STEP][PASSED] - ValueFound = ExtAgencyTBL.find({ -> ... }): null

2020-06-04 19:52:31 - [MESSAGE][PASSED] - Call Test Case 'Test Cases/PFI Precision and Scale/HashMap Tables/ExternalAgencyLists' successfully

2020-06-04 19:52:31 - [TEST_STEP][PASSED] - println(ValueFound): null

2020-06-04 19:52:31 - [TEST_STEP][PASSED] - sendKeys(NewInputNmField, Keys.chord(ARROW_DOWN)): Keys 'DOWN + ' sent to object: 'Object Repository/Objects.HighlightElements/input_field_index'

2020-06-04 19:52:31 - [MESSAGE][PASSED] - Keys 'DOWN + ' sent to object: 'Object Repository/Objects.HighlightElements/input_field_index'

2020-06-04 19:52:31 - [TEST_STEP][PASSED] - sendKeys(NewInputNmField, Keys.chord(ARROW_DOWN)): Keys 'DOWN + ' sent to object: 'Object Repository/Objects.HighlightElements/input_field_index'

2020-06-04 19:52:31 - [MESSAGE][PASSED] - Keys 'DOWN + ' sent to object: 'Object Repository/Objects.HighlightElements/input_field_index'

2020-06-04 19:52:31 - [TEST_STEP][PASSED] - delay(DelayTime): Delayed 2 second(s)

2020-06-04 19:52:33 - [MESSAGE][PASSED] - Delayed 2 second(s)

2020-06-04 19:52:33 - [TEST_STEP][PASSED] - sendKeys(NewInputNmField, Keys.chord(ENTER)): Keys 'ENTER + ' sent to object: 'Object Repository/Objects.HighlightElements/input_field_index'

2020-06-04 19:52:33 - [MESSAGE][PASSED] - Keys 'ENTER + ' sent to object: 'Object Repository/Objects.HighlightElements/input_field_index'

2020-06-04 19:52:33 - [TEST_STEP][PASSED] - ComboBoxValue = getAttribute(NewInputNmField, "value"): Attribute 'value' of object 'Object Repository/Objects.HighlightElements/input_field_index' is: 'Ministry of Education'

2020-06-04 19:52:33 - [MESSAGE][PASSED] - Attribute 'value' of object 'Object Repository/Objects.HighlightElements/input_field_index' is: 'Ministry of Education'

2020-06-04 19:52:33 - [TEST_STEP][PASSED] - callTestCase(findTestCase(CallTCName), ["FindValue":ComboBoxValue, "DropdownNm":comboNm], STOP_ON_FAILURE): Call Test Case 'Test Cases/PFI Precision and Scale/HashMap Tables/ExternalAgencyLists' successfully

2020-06-04 19:52:33 - [TEST_CASE][PASSED] - Test Cases/PFI Precision and Scale/HashMap Tables/ExternalAgencyLists: Test Cases/PFI Precision and Scale/HashMap Tables/ExternalAgencyLists

2020-06-04 19:52:33 - [TEST_STEP][PASSED] - Thread.sleep(1000): null

2020-06-04 19:52:34 - [TEST_STEP][PASSED] - ExtAgencyTBL = [1:"HDB", 2:"AVA", 3:"CAAS", 4:"DSTA", 5:"EXXONMOBIL", 6:"Embassy", 7:"JTC Cat 1A", 8:"MBS- Marina Bay Sands", 9:"MCYS", 10:"MICA", ... ]: null

2020-06-04 19:52:34 - [TEST_STEP][PASSED] - ValueFound = ExtAgencyTBL.find({ -> ... }): null

2020-06-04 19:52:34 - [MESSAGE][PASSED] - Call Test Case 'Test Cases/PFI Precision and Scale/HashMap Tables/ExternalAgencyLists' successfully

2020-06-04 19:52:34 - [TEST_STEP][PASSED] - println(ValueFound): null

2020-06-04 19:52:34 - [TEST_STEP][PASSED] - sendKeys(NewInputNmField, Keys.chord(ARROW_DOWN)): Keys 'DOWN + ' sent to object: 'Object Repository/Objects.HighlightElements/input_field_index'

2020-06-04 19:52:34 - [MESSAGE][PASSED] - Keys 'DOWN + ' sent to object: 'Object Repository/Objects.HighlightElements/input_field_index'

2020-06-04 19:52:34 - [TEST_STEP][PASSED] - sendKeys(NewInputNmField, Keys.chord(ARROW_DOWN)): Keys 'DOWN + ' sent to object: 'Object Repository/Objects.HighlightElements/input_field_index'

2020-06-04 19:52:34 - [MESSAGE][PASSED] - Keys 'DOWN + ' sent to object: 'Object Repository/Objects.HighlightElements/input_field_index'

2020-06-04 19:52:34 - [TEST_STEP][PASSED] - delay(DelayTime): Delayed 2 second(s)

2020-06-04 19:52:36 - [MESSAGE][PASSED] - Delayed 2 second(s)

2020-06-04 19:52:36 - [TEST_STEP][PASSED] - sendKeys(NewInputNmField, Keys.chord(ENTER)): Keys 'ENTER + ' sent to object: 'Object Repository/Objects.HighlightElements/input_field_index'

2020-06-04 19:52:36 - [MESSAGE][PASSED] - Keys 'ENTER + ' sent to object: 'Object Repository/Objects.HighlightElements/input_field_index'

2020-06-04 19:52:36 - [TEST_STEP][PASSED] - ComboBoxValue = getAttribute(NewInputNmField, "value"): Attribute 'value' of object 'Object Repository/Objects.HighlightElements/input_field_index' is: 'Ministry of Foreign Affairs'

2020-06-04 19:52:36 - [MESSAGE][PASSED] - Attribute 'value' of object 'Object Repository/Objects.HighlightElements/input_field_index' is: 'Ministry of Foreign Affairs'

2020-06-04 19:52:36 - [TEST_STEP][PASSED] - callTestCase(findTestCase(CallTCName), ["FindValue":ComboBoxValue, "DropdownNm":comboNm], STOP_ON_FAILURE): Call Test Case 'Test Cases/PFI Precision and Scale/HashMap Tables/ExternalAgencyLists' successfully

2020-06-04 19:52:36 - [TEST_CASE][PASSED] - Test Cases/PFI Precision and Scale/HashMap Tables/ExternalAgencyLists: Test Cases/PFI Precision and Scale/HashMap Tables/ExternalAgencyLists

2020-06-04 19:52:36 - [TEST_STEP][PASSED] - Thread.sleep(1000): null

2020-06-04 19:52:37 - [TEST_STEP][PASSED] - ExtAgencyTBL = [1:"HDB", 2:"AVA", 3:"CAAS", 4:"DSTA", 5:"EXXONMOBIL", 6:"Embassy", 7:"JTC Cat 1A", 8:"MBS- Marina Bay Sands", 9:"MCYS", 10:"MICA", ... ]: null

2020-06-04 19:52:37 - [TEST_STEP][PASSED] - ValueFound = ExtAgencyTBL.find({ -> ... }): null

2020-06-04 19:52:37 - [MESSAGE][PASSED] - Call Test Case 'Test Cases/PFI Precision and Scale/HashMap Tables/ExternalAgencyLists' successfully

2020-06-04 19:52:37 - [TEST_STEP][PASSED] - println(ValueFound): null

2020-06-04 19:52:37 - [TEST_STEP][PASSED] - sendKeys(NewInputNmField, Keys.chord(ARROW_DOWN)): Keys 'DOWN + ' sent to object: 'Object Repository/Objects.HighlightElements/input_field_index'

2020-06-04 19:52:38 - [MESSAGE][PASSED] - Keys 'DOWN + ' sent to object: 'Object Repository/Objects.HighlightElements/input_field_index'

2020-06-04 19:52:38 - [TEST_STEP][PASSED] - sendKeys(NewInputNmField, Keys.chord(ARROW_DOWN)): Keys 'DOWN + ' sent to object: 'Object Repository/Objects.HighlightElements/input_field_index'

2020-06-04 19:52:38 - [MESSAGE][PASSED] - Keys 'DOWN + ' sent to object: 'Object Repository/Objects.HighlightElements/input_field_index'

2020-06-04 19:52:38 - [TEST_STEP][PASSED] - delay(DelayTime): Delayed 2 second(s)

2020-06-04 19:52:40 - [MESSAGE][PASSED] - Delayed 2 second(s)

2020-06-04 19:52:40 - [TEST_STEP][PASSED] - sendKeys(NewInputNmField, Keys.chord(ENTER)): Keys 'ENTER + ' sent to object: 'Object Repository/Objects.HighlightElements/input_field_index'

2020-06-04 19:52:40 - [MESSAGE][PASSED] - Keys 'ENTER + ' sent to object: 'Object Repository/Objects.HighlightElements/input_field_index'

2020-06-04 19:52:40 - [TEST_STEP][PASSED] - ComboBoxValue = getAttribute(NewInputNmField, "value"): Attribute 'value' of object 'Object Repository/Objects.HighlightElements/input_field_index' is: 'Ministry of Health'

2020-06-04 19:52:40 - [MESSAGE][PASSED] - Attribute 'value' of object 'Object Repository/Objects.HighlightElements/input_field_index' is: 'Ministry of Health'

2020-06-04 19:52:40 - [TEST_STEP][PASSED] - callTestCase(findTestCase(CallTCName), ["FindValue":ComboBoxValue, "DropdownNm":comboNm], STOP_ON_FAILURE): Call Test Case 'Test Cases/PFI Precision and Scale/HashMap Tables/ExternalAgencyLists' successfully

2020-06-04 19:52:40 - [TEST_CASE][PASSED] - Test Cases/PFI Precision and Scale/HashMap Tables/ExternalAgencyLists: Test Cases/PFI Precision and Scale/HashMap Tables/ExternalAgencyLists

2020-06-04 19:52:40 - [TEST_STEP][PASSED] - Thread.sleep(1000): null

2020-06-04 19:52:41 - [TEST_STEP][PASSED] - ExtAgencyTBL = [1:"HDB", 2:"AVA", 3:"CAAS", 4:"DSTA", 5:"EXXONMOBIL", 6:"Embassy", 7:"JTC Cat 1A", 8:"MBS- Marina Bay Sands", 9:"MCYS", 10:"MICA", ... ]: null

2020-06-04 19:52:41 - [TEST_STEP][PASSED] - ValueFound = ExtAgencyTBL.find({ -> ... }): null

2020-06-04 19:52:41 - [MESSAGE][PASSED] - Call Test Case 'Test Cases/PFI Precision and Scale/HashMap Tables/ExternalAgencyLists' successfully

2020-06-04 19:52:41 - [TEST_STEP][PASSED] - println(ValueFound): null

2020-06-04 19:52:41 - [TEST_STEP][PASSED] - sendKeys(NewInputNmField, Keys.chord(ARROW_DOWN)): Keys 'DOWN + ' sent to object: 'Object Repository/Objects.HighlightElements/input_field_index'

2020-06-04 19:52:41 - [MESSAGE][PASSED] - Keys 'DOWN + ' sent to object: 'Object Repository/Objects.HighlightElements/input_field_index'

2020-06-04 19:52:41 - [TEST_STEP][PASSED] - sendKeys(NewInputNmField, Keys.chord(ARROW_DOWN)): Keys 'DOWN + ' sent to object: 'Object Repository/Objects.HighlightElements/input_field_index'

2020-06-04 19:52:41 - [MESSAGE][PASSED] - Keys 'DOWN + ' sent to object: 'Object Repository/Objects.HighlightElements/input_field_index'

2020-06-04 19:52:41 - [TEST_STEP][PASSED] - delay(DelayTime): Delayed 2 second(s)

2020-06-04 19:52:43 - [MESSAGE][PASSED] - Delayed 2 second(s)

2020-06-04 19:52:43 - [TEST_STEP][PASSED] - sendKeys(NewInputNmField, Keys.chord(ENTER)): Keys 'ENTER + ' sent to object: 'Object Repository/Objects.HighlightElements/input_field_index'

2020-06-04 19:52:43 - [MESSAGE][PASSED] - Keys 'ENTER + ' sent to object: 'Object Repository/Objects.HighlightElements/input_field_index'

2020-06-04 19:52:43 - [TEST_STEP][PASSED] - ComboBoxValue = getAttribute(NewInputNmField, "value"): Attribute 'value' of object 'Object Repository/Objects.HighlightElements/input_field_index' is: 'Ministry of Home Affairs'

2020-06-04 19:52:43 - [MESSAGE][PASSED] - Attribute 'value' of object 'Object Repository/Objects.HighlightElements/input_field_index' is: 'Ministry of Home Affairs'

2020-06-04 19:52:43 - [TEST_STEP][PASSED] - callTestCase(findTestCase(CallTCName), ["FindValue":ComboBoxValue, "DropdownNm":comboNm], STOP_ON_FAILURE): Call Test Case 'Test Cases/PFI Precision and Scale/HashMap Tables/ExternalAgencyLists' successfully

2020-06-04 19:52:43 - [TEST_CASE][PASSED] - Test Cases/PFI Precision and Scale/HashMap Tables/ExternalAgencyLists: Test Cases/PFI Precision and Scale/HashMap Tables/ExternalAgencyLists

2020-06-04 19:52:43 - [TEST_STEP][PASSED] - Thread.sleep(1000): null

2020-06-04 19:52:44 - [TEST_STEP][PASSED] - ExtAgencyTBL = [1:"HDB", 2:"AVA", 3:"CAAS", 4:"DSTA", 5:"EXXONMOBIL", 6:"Embassy", 7:"JTC Cat 1A", 8:"MBS- Marina Bay Sands", 9:"MCYS", 10:"MICA", ... ]: null

2020-06-04 19:52:44 - [TEST_STEP][PASSED] - ValueFound = ExtAgencyTBL.find({ -> ... }): null

2020-06-04 19:52:44 - [MESSAGE][PASSED] - Call Test Case 'Test Cases/PFI Precision and Scale/HashMap Tables/ExternalAgencyLists' successfully

2020-06-04 19:52:44 - [TEST_STEP][PASSED] - println(ValueFound): null

2020-06-04 19:52:44 - [TEST_STEP][PASSED] - sendKeys(NewInputNmField, Keys.chord(ARROW_DOWN)): Keys 'DOWN + ' sent to object: 'Object Repository/Objects.HighlightElements/input_field_index'

2020-06-04 19:52:44 - [MESSAGE][PASSED] - Keys 'DOWN + ' sent to object: 'Object Repository/Objects.HighlightElements/input_field_index'

2020-06-04 19:52:44 - [TEST_STEP][PASSED] - sendKeys(NewInputNmField, Keys.chord(ARROW_DOWN)): Keys 'DOWN + ' sent to object: 'Object Repository/Objects.HighlightElements/input_field_index'

2020-06-04 19:52:44 - [MESSAGE][PASSED] - Keys 'DOWN + ' sent to object: 'Object Repository/Objects.HighlightElements/input_field_index'

2020-06-04 19:52:44 - [TEST_STEP][PASSED] - delay(DelayTime): Delayed 2 second(s)

2020-06-04 19:52:46 - [MESSAGE][PASSED] - Delayed 2 second(s)

2020-06-04 19:52:46 - [TEST_STEP][PASSED] - sendKeys(NewInputNmField, Keys.chord(ENTER)): Keys 'ENTER + ' sent to object: 'Object Repository/Objects.HighlightElements/input_field_index'

2020-06-04 19:52:46 - [MESSAGE][PASSED] - Keys 'ENTER + ' sent to object: 'Object Repository/Objects.HighlightElements/input_field_index'

2020-06-04 19:52:46 - [TEST_STEP][PASSED] - ComboBoxValue = getAttribute(NewInputNmField, "value"): Attribute 'value' of object 'Object Repository/Objects.HighlightElements/input_field_index' is: 'National Environment Agency'

2020-06-04 19:52:46 - [MESSAGE][PASSED] - Attribute 'value' of object 'Object Repository/Objects.HighlightElements/input_field_index' is: 'National Environment Agency'

2020-06-04 19:52:46 - [TEST_STEP][PASSED] - callTestCase(findTestCase(CallTCName), ["FindValue":ComboBoxValue, "DropdownNm":comboNm], STOP_ON_FAILURE): Call Test Case 'Test Cases/PFI Precision and Scale/HashMap Tables/ExternalAgencyLists' successfully

2020-06-04 19:52:46 - [TEST_CASE][PASSED] - Test Cases/PFI Precision and Scale/HashMap Tables/ExternalAgencyLists: Test Cases/PFI Precision and Scale/HashMap Tables/ExternalAgencyLists

2020-06-04 19:52:46 - [TEST_STEP][PASSED] - Thread.sleep(1000): null

2020-06-04 19:52:47 - [TEST_STEP][PASSED] - ExtAgencyTBL = [1:"HDB", 2:"AVA", 3:"CAAS", 4:"DSTA", 5:"EXXONMOBIL", 6:"Embassy", 7:"JTC Cat 1A", 8:"MBS- Marina Bay Sands", 9:"MCYS", 10:"MICA", ... ]: null

2020-06-04 19:52:47 - [TEST_STEP][PASSED] - ValueFound = ExtAgencyTBL.find({ -> ... }): null

2020-06-04 19:52:47 - [MESSAGE][PASSED] - Call Test Case 'Test Cases/PFI Precision and Scale/HashMap Tables/ExternalAgencyLists' successfully

2020-06-04 19:52:47 - [TEST_STEP][PASSED] - println(ValueFound): null

2020-06-04 19:52:47 - [TEST_STEP][PASSED] - sendKeys(NewInputNmField, Keys.chord(ARROW_DOWN)): Keys 'DOWN + ' sent to object: 'Object Repository/Objects.HighlightElements/input_field_index'

2020-06-04 19:52:47 - [MESSAGE][PASSED] - Keys 'DOWN + ' sent to object: 'Object Repository/Objects.HighlightElements/input_field_index'

2020-06-04 19:52:47 - [TEST_STEP][PASSED] - sendKeys(NewInputNmField, Keys.chord(ARROW_DOWN)): Keys 'DOWN + ' sent to object: 'Object Repository/Objects.HighlightElements/input_field_index'

2020-06-04 19:52:47 - [MESSAGE][PASSED] - Keys 'DOWN + ' sent to object: 'Object Repository/Objects.HighlightElements/input_field_index'

2020-06-04 19:52:47 - [TEST_STEP][PASSED] - delay(DelayTime): Delayed 2 second(s)

2020-06-04 19:52:49 - [MESSAGE][PASSED] - Delayed 2 second(s)

2020-06-04 19:52:49 - [TEST_STEP][PASSED] - sendKeys(NewInputNmField, Keys.chord(ENTER)): Keys 'ENTER + ' sent to object: 'Object Repository/Objects.HighlightElements/input_field_index'

2020-06-04 19:52:49 - [MESSAGE][PASSED] - Keys 'ENTER + ' sent to object: 'Object Repository/Objects.HighlightElements/input_field_index'

2020-06-04 19:52:49 - [TEST_STEP][PASSED] - ComboBoxValue = getAttribute(NewInputNmField, "value"): Attribute 'value' of object 'Object Repository/Objects.HighlightElements/input_field_index' is: 'National Heritage Board'

2020-06-04 19:52:49 - [MESSAGE][PASSED] - Attribute 'value' of object 'Object Repository/Objects.HighlightElements/input_field_index' is: 'National Heritage Board'

2020-06-04 19:52:49 - [TEST_STEP][PASSED] - callTestCase(findTestCase(CallTCName), ["FindValue":ComboBoxValue, "DropdownNm":comboNm], STOP_ON_FAILURE): Call Test Case 'Test Cases/PFI Precision and Scale/HashMap Tables/ExternalAgencyLists' successfully

2020-06-04 19:52:49 - [TEST_CASE][PASSED] - Test Cases/PFI Precision and Scale/HashMap Tables/ExternalAgencyLists: Test Cases/PFI Precision and Scale/HashMap Tables/ExternalAgencyLists

2020-06-04 19:52:49 - [TEST_STEP][PASSED] - Thread.sleep(1000): null

2020-06-04 19:52:50 - [TEST_STEP][PASSED] - ExtAgencyTBL = [1:"HDB", 2:"AVA", 3:"CAAS", 4:"DSTA", 5:"EXXONMOBIL", 6:"Embassy", 7:"JTC Cat 1A", 8:"MBS- Marina Bay Sands", 9:"MCYS", 10:"MICA", ... ]: null

2020-06-04 19:52:50 - [TEST_STEP][PASSED] - ValueFound = ExtAgencyTBL.find({ -> ... }): null

2020-06-04 19:52:50 - [MESSAGE][PASSED] - Call Test Case 'Test Cases/PFI Precision and Scale/HashMap Tables/ExternalAgencyLists' successfully

2020-06-04 19:52:50 - [TEST_STEP][PASSED] - println(ValueFound): null

2020-06-04 19:52:50 - [TEST_STEP][PASSED] - sendKeys(NewInputNmField, Keys.chord(ARROW_DOWN)): Keys 'DOWN + ' sent to object: 'Object Repository/Objects.HighlightElements/input_field_index'

2020-06-04 19:52:50 - [MESSAGE][PASSED] - Keys 'DOWN + ' sent to object: 'Object Repository/Objects.HighlightElements/input_field_index'

2020-06-04 19:52:50 - [TEST_STEP][PASSED] - sendKeys(NewInputNmField, Keys.chord(ARROW_DOWN)): Keys 'DOWN + ' sent to object: 'Object Repository/Objects.HighlightElements/input_field_index'

2020-06-04 19:52:50 - [MESSAGE][PASSED] - Keys 'DOWN + ' sent to object: 'Object Repository/Objects.HighlightElements/input_field_index'

2020-06-04 19:52:50 - [TEST_STEP][PASSED] - delay(DelayTime): Delayed 2 second(s)

2020-06-04 19:52:52 - [MESSAGE][PASSED] - Delayed 2 second(s)

2020-06-04 19:52:52 - [TEST_STEP][PASSED] - sendKeys(NewInputNmField, Keys.chord(ENTER)): Keys 'ENTER + ' sent to object: 'Object Repository/Objects.HighlightElements/input_field_index'

2020-06-04 19:52:53 - [MESSAGE][PASSED] - Keys 'ENTER + ' sent to object: 'Object Repository/Objects.HighlightElements/input_field_index'

2020-06-04 19:52:53 - [TEST_STEP][PASSED] - ComboBoxValue = getAttribute(NewInputNmField, "value"): Attribute 'value' of object 'Object Repository/Objects.HighlightElements/input_field_index' is: 'National Parks Board'

2020-06-04 19:52:53 - [MESSAGE][PASSED] - Attribute 'value' of object 'Object Repository/Objects.HighlightElements/input_field_index' is: 'National Parks Board'

2020-06-04 19:52:53 - [TEST_STEP][PASSED] - callTestCase(findTestCase(CallTCName), ["FindValue":ComboBoxValue, "DropdownNm":comboNm], STOP_ON_FAILURE): Call Test Case 'Test Cases/PFI Precision and Scale/HashMap Tables/ExternalAgencyLists' successfully

2020-06-04 19:52:53 - [TEST_CASE][PASSED] - Test Cases/PFI Precision and Scale/HashMap Tables/ExternalAgencyLists: Test Cases/PFI Precision and Scale/HashMap Tables/ExternalAgencyLists

2020-06-04 19:52:53 - [TEST_STEP][PASSED] - Thread.sleep(1000): null

2020-06-04 19:52:54 - [TEST_STEP][PASSED] - ExtAgencyTBL = [1:"HDB", 2:"AVA", 3:"CAAS", 4:"DSTA", 5:"EXXONMOBIL", 6:"Embassy", 7:"JTC Cat 1A", 8:"MBS- Marina Bay Sands", 9:"MCYS", 10:"MICA", ... ]: null

2020-06-04 19:52:54 - [TEST_STEP][PASSED] - ValueFound = ExtAgencyTBL.find({ -> ... }): null

2020-06-04 19:52:54 - [MESSAGE][PASSED] - Call Test Case 'Test Cases/PFI Precision and Scale/HashMap Tables/ExternalAgencyLists' successfully

2020-06-04 19:52:54 - [TEST_STEP][PASSED] - println(ValueFound): null

2020-06-04 19:52:54 - [TEST_STEP][PASSED] - sendKeys(NewInputNmField, Keys.chord(ARROW_DOWN)): Keys 'DOWN + ' sent to object: 'Object Repository/Objects.HighlightElements/input_field_index'

2020-06-04 19:52:54 - [MESSAGE][PASSED] - Keys 'DOWN + ' sent to object: 'Object Repository/Objects.HighlightElements/input_field_index'

2020-06-04 19:52:54 - [TEST_STEP][PASSED] - sendKeys(NewInputNmField, Keys.chord(ARROW_DOWN)): Keys 'DOWN + ' sent to object: 'Object Repository/Objects.HighlightElements/input_field_index'

2020-06-04 19:52:54 - [MESSAGE][PASSED] - Keys 'DOWN + ' sent to object: 'Object Repository/Objects.HighlightElements/input_field_index'

2020-06-04 19:52:54 - [TEST_STEP][PASSED] - delay(DelayTime): Delayed 2 second(s)

2020-06-04 19:52:56 - [MESSAGE][PASSED] - Delayed 2 second(s)

2020-06-04 19:52:56 - [TEST_STEP][PASSED] - sendKeys(NewInputNmField, Keys.chord(ENTER)): Keys 'ENTER + ' sent to object: 'Object Repository/Objects.HighlightElements/input_field_index'

2020-06-04 19:52:56 - [MESSAGE][PASSED] - Keys 'ENTER + ' sent to object: 'Object Repository/Objects.HighlightElements/input_field_index'

2020-06-04 19:52:56 - [TEST_STEP][PASSED] - ComboBoxValue = getAttribute(NewInputNmField, "value"): Attribute 'value' of object 'Object Repository/Objects.HighlightElements/input_field_index' is: 'POWER GRID'

2020-06-04 19:52:56 - [MESSAGE][PASSED] - Attribute 'value' of object 'Object Repository/Objects.HighlightElements/input_field_index' is: 'POWER GRID'

2020-06-04 19:52:56 - [TEST_STEP][PASSED] - callTestCase(findTestCase(CallTCName), ["FindValue":ComboBoxValue, "DropdownNm":comboNm], STOP_ON_FAILURE): Call Test Case 'Test Cases/PFI Precision and Scale/HashMap Tables/ExternalAgencyLists' successfully

2020-06-04 19:52:56 - [TEST_CASE][PASSED] - Test Cases/PFI Precision and Scale/HashMap Tables/ExternalAgencyLists: Test Cases/PFI Precision and Scale/HashMap Tables/ExternalAgencyLists

2020-06-04 19:52:56 - [TEST_STEP][PASSED] - Thread.sleep(1000): null

2020-06-04 19:52:57 - [TEST_STEP][PASSED] - ExtAgencyTBL = [1:"HDB", 2:"AVA", 3:"CAAS", 4:"DSTA", 5:"EXXONMOBIL", 6:"Embassy", 7:"JTC Cat 1A", 8:"MBS- Marina Bay Sands", 9:"MCYS", 10:"MICA", ... ]: null

2020-06-04 19:52:57 - [TEST_STEP][PASSED] - ValueFound = ExtAgencyTBL.find({ -> ... }): null

2020-06-04 19:52:57 - [MESSAGE][PASSED] - Call Test Case 'Test Cases/PFI Precision and Scale/HashMap Tables/ExternalAgencyLists' successfully

2020-06-04 19:52:57 - [TEST_STEP][PASSED] - println(ValueFound): null

2020-06-04 19:52:57 - [TEST_STEP][PASSED] - sendKeys(NewInputNmField, Keys.chord(ARROW_DOWN)): Keys 'DOWN + ' sent to object: 'Object Repository/Objects.HighlightElements/input_field_index'

2020-06-04 19:52:57 - [MESSAGE][PASSED] - Keys 'DOWN + ' sent to object: 'Object Repository/Objects.HighlightElements/input_field_index'

2020-06-04 19:52:57 - [TEST_STEP][PASSED] - sendKeys(NewInputNmField, Keys.chord(ARROW_DOWN)): Keys 'DOWN + ' sent to object: 'Object Repository/Objects.HighlightElements/input_field_index'

2020-06-04 19:52:57 - [MESSAGE][PASSED] - Keys 'DOWN + ' sent to object: 'Object Repository/Objects.HighlightElements/input_field_index'

2020-06-04 19:52:57 - [TEST_STEP][PASSED] - delay(DelayTime): Delayed 2 second(s)

2020-06-04 19:52:59 - [MESSAGE][PASSED] - Delayed 2 second(s)

2020-06-04 19:52:59 - [TEST_STEP][PASSED] - sendKeys(NewInputNmField, Keys.chord(ENTER)): Keys 'ENTER + ' sent to object: 'Object Repository/Objects.HighlightElements/input_field_index'

2020-06-04 19:52:59 - [MESSAGE][PASSED] - Keys 'ENTER + ' sent to object: 'Object Repository/Objects.HighlightElements/input_field_index'

2020-06-04 19:52:59 - [TEST_STEP][PASSED] - ComboBoxValue = getAttribute(NewInputNmField, "value"): Attribute 'value' of object 'Object Repository/Objects.HighlightElements/input_field_index' is: 'PUB, the National Water Agency'

2020-06-04 19:52:59 - [MESSAGE][PASSED] - Attribute 'value' of object 'Object Repository/Objects.HighlightElements/input_field_index' is: 'PUB, the National Water Agency'

2020-06-04 19:52:59 - [TEST_STEP][PASSED] - callTestCase(findTestCase(CallTCName), ["FindValue":ComboBoxValue, "DropdownNm":comboNm], STOP_ON_FAILURE): Call Test Case 'Test Cases/PFI Precision and Scale/HashMap Tables/ExternalAgencyLists' successfully

2020-06-04 19:52:59 - [TEST_CASE][PASSED] - Test Cases/PFI Precision and Scale/HashMap Tables/ExternalAgencyLists: Test Cases/PFI Precision and Scale/HashMap Tables/ExternalAgencyLists

2020-06-04 19:52:59 - [TEST_STEP][PASSED] - Thread.sleep(1000): null

2020-06-04 19:53:00 - [TEST_STEP][PASSED] - ExtAgencyTBL = [1:"HDB", 2:"AVA", 3:"CAAS", 4:"DSTA", 5:"EXXONMOBIL", 6:"Embassy", 7:"JTC Cat 1A", 8:"MBS- Marina Bay Sands", 9:"MCYS", 10:"MICA", ... ]: null

2020-06-04 19:53:00 - [TEST_STEP][PASSED] - ValueFound = ExtAgencyTBL.find({ -> ... }): null

2020-06-04 19:53:00 - [MESSAGE][PASSED] - Call Test Case 'Test Cases/PFI Precision and Scale/HashMap Tables/ExternalAgencyLists' successfully

2020-06-04 19:53:00 - [TEST_STEP][PASSED] - println(ValueFound): null

2020-06-04 19:53:00 - [TEST_STEP][PASSED] - sendKeys(NewInputNmField, Keys.chord(ARROW_DOWN)): Keys 'DOWN + ' sent to object: 'Object Repository/Objects.HighlightElements/input_field_index'

2020-06-04 19:53:00 - [MESSAGE][PASSED] - Keys 'DOWN + ' sent to object: 'Object Repository/Objects.HighlightElements/input_field_index'

2020-06-04 19:53:00 - [TEST_STEP][PASSED] - sendKeys(NewInputNmField, Keys.chord(ARROW_DOWN)): Keys 'DOWN + ' sent to object: 'Object Repository/Objects.HighlightElements/input_field_index'

2020-06-04 19:53:00 - [MESSAGE][PASSED] - Keys 'DOWN + ' sent to object: 'Object Repository/Objects.HighlightElements/input_field_index'

2020-06-04 19:53:00 - [TEST_STEP][PASSED] - delay(DelayTime): Delayed 2 second(s)

2020-06-04 19:53:02 - [MESSAGE][PASSED] - Delayed 2 second(s)

2020-06-04 19:53:02 - [TEST_STEP][PASSED] - sendKeys(NewInputNmField, Keys.chord(ENTER)): Keys 'ENTER + ' sent to object: 'Object Repository/Objects.HighlightElements/input_field_index'

2020-06-04 19:53:02 - [MESSAGE][PASSED] - Keys 'ENTER + ' sent to object: 'Object Repository/Objects.HighlightElements/input_field_index'

2020-06-04 19:53:02 - [TEST_STEP][PASSED] - ComboBoxValue = getAttribute(NewInputNmField, "value"): Attribute 'value' of object 'Object Repository/Objects.HighlightElements/input_field_index' is: 'People's Association'

2020-06-04 19:53:02 - [MESSAGE][PASSED] - Attribute 'value' of object 'Object Repository/Objects.HighlightElements/input_field_index' is: 'People's Association'

2020-06-04 19:53:02 - [TEST_STEP][PASSED] - callTestCase(findTestCase(CallTCName), ["FindValue":ComboBoxValue, "DropdownNm":comboNm], STOP_ON_FAILURE): Call Test Case 'Test Cases/PFI Precision and Scale/HashMap Tables/ExternalAgencyLists' successfully

2020-06-04 19:53:02 - [TEST_CASE][PASSED] - Test Cases/PFI Precision and Scale/HashMap Tables/ExternalAgencyLists: Test Cases/PFI Precision and Scale/HashMap Tables/ExternalAgencyLists

2020-06-04 19:53:02 - [TEST_STEP][PASSED] - Thread.sleep(1000): null

2020-06-04 19:53:03 - [TEST_STEP][PASSED] - ExtAgencyTBL = [1:"HDB", 2:"AVA", 3:"CAAS", 4:"DSTA", 5:"EXXONMOBIL", 6:"Embassy", 7:"JTC Cat 1A", 8:"MBS- Marina Bay Sands", 9:"MCYS", 10:"MICA", ... ]: null

2020-06-04 19:53:03 - [TEST_STEP][PASSED] - ValueFound = ExtAgencyTBL.find({ -> ... }): null

2020-06-04 19:53:03 - [MESSAGE][PASSED] - Call Test Case 'Test Cases/PFI Precision and Scale/HashMap Tables/ExternalAgencyLists' successfully

2020-06-04 19:53:03 - [TEST_STEP][PASSED] - println(ValueFound): null

2020-06-04 19:53:03 - [TEST_STEP][PASSED] - sendKeys(NewInputNmField, Keys.chord(ARROW_DOWN)): Keys 'DOWN + ' sent to object: 'Object Repository/Objects.HighlightElements/input_field_index'

2020-06-04 19:53:03 - [MESSAGE][PASSED] - Keys 'DOWN + ' sent to object: 'Object Repository/Objects.HighlightElements/input_field_index'

2020-06-04 19:53:03 - [TEST_STEP][PASSED] - sendKeys(NewInputNmField, Keys.chord(ARROW_DOWN)): Keys 'DOWN + ' sent to object: 'Object Repository/Objects.HighlightElements/input_field_index'

2020-06-04 19:53:03 - [MESSAGE][PASSED] - Keys 'DOWN + ' sent to object: 'Object Repository/Objects.HighlightElements/input_field_index'

2020-06-04 19:53:03 - [TEST_STEP][PASSED] - delay(DelayTime): Delayed 2 second(s)

2020-06-04 19:53:05 - [MESSAGE][PASSED] - Delayed 2 second(s)

2020-06-04 19:53:05 - [TEST_STEP][PASSED] - sendKeys(NewInputNmField, Keys.chord(ENTER)): Keys 'ENTER + ' sent to object: 'Object Repository/Objects.HighlightElements/input_field_index'

2020-06-04 19:53:06 - [MESSAGE][PASSED] - Keys 'ENTER + ' sent to object: 'Object Repository/Objects.HighlightElements/input_field_index'

2020-06-04 19:53:06 - [TEST_STEP][PASSED] - ComboBoxValue = getAttribute(NewInputNmField, "value"): Attribute 'value' of object 'Object Repository/Objects.HighlightElements/input_field_index' is: 'Polytechnic'

2020-06-04 19:53:06 - [MESSAGE][PASSED] - Attribute 'value' of object 'Object Repository/Objects.HighlightElements/input_field_index' is: 'Polytechnic'

2020-06-04 19:53:06 - [TEST_STEP][PASSED] - callTestCase(findTestCase(CallTCName), ["FindValue":ComboBoxValue, "DropdownNm":comboNm], STOP_ON_FAILURE): Call Test Case 'Test Cases/PFI Precision and Scale/HashMap Tables/ExternalAgencyLists' successfully

2020-06-04 19:53:06 - [TEST_CASE][PASSED] - Test Cases/PFI Precision and Scale/HashMap Tables/ExternalAgencyLists: Test Cases/PFI Precision and Scale/HashMap Tables/ExternalAgencyLists

2020-06-04 19:53:06 - [TEST_STEP][PASSED] - Thread.sleep(1000): null

2020-06-04 19:53:07 - [TEST_STEP][PASSED] - ExtAgencyTBL = [1:"HDB", 2:"AVA", 3:"CAAS", 4:"DSTA", 5:"EXXONMOBIL", 6:"Embassy", 7:"JTC Cat 1A", 8:"MBS- Marina Bay Sands", 9:"MCYS", 10:"MICA", ... ]: null

2020-06-04 19:53:07 - [TEST_STEP][PASSED] - ValueFound = ExtAgencyTBL.find({ -> ... }): null

2020-06-04 19:53:07 - [MESSAGE][PASSED] - Call Test Case 'Test Cases/PFI Precision and Scale/HashMap Tables/ExternalAgencyLists' successfully

2020-06-04 19:53:07 - [TEST_STEP][PASSED] - println(ValueFound): null

2020-06-04 19:53:07 - [TEST_STEP][PASSED] - sendKeys(NewInputNmField, Keys.chord(ARROW_DOWN)): Keys 'DOWN + ' sent to object: 'Object Repository/Objects.HighlightElements/input_field_index'

2020-06-04 19:53:07 - [MESSAGE][PASSED] - Keys 'DOWN + ' sent to object: 'Object Repository/Objects.HighlightElements/input_field_index'

2020-06-04 19:53:07 - [TEST_STEP][PASSED] - sendKeys(NewInputNmField, Keys.chord(ARROW_DOWN)): Keys 'DOWN + ' sent to object: 'Object Repository/Objects.HighlightElements/input_field_index'

2020-06-04 19:53:07 - [MESSAGE][PASSED] - Keys 'DOWN + ' sent to object: 'Object Repository/Objects.HighlightElements/input_field_index'

2020-06-04 19:53:07 - [TEST_STEP][PASSED] - delay(DelayTime): Delayed 2 second(s)

2020-06-04 19:53:09 - [MESSAGE][PASSED] - Delayed 2 second(s)

2020-06-04 19:53:09 - [TEST_STEP][PASSED] - sendKeys(NewInputNmField, Keys.chord(ENTER)): Keys 'ENTER + ' sent to object: 'Object Repository/Objects.HighlightElements/input_field_index'

2020-06-04 19:53:09 - [MESSAGE][PASSED] - Keys 'ENTER + ' sent to object: 'Object Repository/Objects.HighlightElements/input_field_index'

2020-06-04 19:53:09 - [TEST_STEP][PASSED] - ComboBoxValue = getAttribute(NewInputNmField, "value"): Attribute 'value' of object 'Object Repository/Objects.HighlightElements/input_field_index' is: 'Port of Singapore Authority'

2020-06-04 19:53:09 - [MESSAGE][PASSED] - Attribute 'value' of object 'Object Repository/Objects.HighlightElements/input_field_index' is: 'Port of Singapore Authority'

2020-06-04 19:53:09 - [TEST_STEP][PASSED] - callTestCase(findTestCase(CallTCName), ["FindValue":ComboBoxValue, "DropdownNm":comboNm], STOP_ON_FAILURE): Call Test Case 'Test Cases/PFI Precision and Scale/HashMap Tables/ExternalAgencyLists' successfully

2020-06-04 19:53:09 - [TEST_CASE][PASSED] - Test Cases/PFI Precision and Scale/HashMap Tables/ExternalAgencyLists: Test Cases/PFI Precision and Scale/HashMap Tables/ExternalAgencyLists

2020-06-04 19:53:09 - [TEST_STEP][PASSED] - Thread.sleep(1000): null

2020-06-04 19:53:10 - [TEST_STEP][PASSED] - ExtAgencyTBL = [1:"HDB", 2:"AVA", 3:"CAAS", 4:"DSTA", 5:"EXXONMOBIL", 6:"Embassy", 7:"JTC Cat 1A", 8:"MBS- Marina Bay Sands", 9:"MCYS", 10:"MICA", ... ]: null

2020-06-04 19:53:10 - [TEST_STEP][PASSED] - ValueFound = ExtAgencyTBL.find({ -> ... }): null

2020-06-04 19:53:10 - [MESSAGE][PASSED] - Call Test Case 'Test Cases/PFI Precision and Scale/HashMap Tables/ExternalAgencyLists' successfully

2020-06-04 19:53:10 - [TEST_STEP][PASSED] - println(ValueFound): null

2020-06-04 19:53:10 - [TEST_STEP][PASSED] - sendKeys(NewInputNmField, Keys.chord(ARROW_DOWN)): Keys 'DOWN + ' sent to object: 'Object Repository/Objects.HighlightElements/input_field_index'

2020-06-04 19:53:10 - [MESSAGE][PASSED] - Keys 'DOWN + ' sent to object: 'Object Repository/Objects.HighlightElements/input_field_index'

2020-06-04 19:53:10 - [TEST_STEP][PASSED] - sendKeys(NewInputNmField, Keys.chord(ARROW_DOWN)): Keys 'DOWN + ' sent to object: 'Object Repository/Objects.HighlightElements/input_field_index'

2020-06-04 19:53:10 - [MESSAGE][PASSED] - Keys 'DOWN + ' sent to object: 'Object Repository/Objects.HighlightElements/input_field_index'

2020-06-04 19:53:10 - [TEST_STEP][PASSED] - delay(DelayTime): Delayed 2 second(s)

2020-06-04 19:53:12 - [MESSAGE][PASSED] - Delayed 2 second(s)

2020-06-04 19:53:12 - [TEST_STEP][PASSED] - sendKeys(NewInputNmField, Keys.chord(ENTER)): Keys 'ENTER + ' sent to object: 'Object Repository/Objects.HighlightElements/input_field_index'

2020-06-04 19:53:12 - [MESSAGE][PASSED] - Keys 'ENTER + ' sent to object: 'Object Repository/Objects.HighlightElements/input_field_index'

2020-06-04 19:53:12 - [TEST_STEP][PASSED] - ComboBoxValue = getAttribute(NewInputNmField, "value"): Attribute 'value' of object 'Object Repository/Objects.HighlightElements/input_field_index' is: 'RWS - Resorts World Sentosa'

2020-06-04 19:53:12 - [MESSAGE][PASSED] - Attribute 'value' of object 'Object Repository/Objects.HighlightElements/input_field_index' is: 'RWS - Resorts World Sentosa'

2020-06-04 19:53:12 - [TEST_STEP][PASSED] - callTestCase(findTestCase(CallTCName), ["FindValue":ComboBoxValue, "DropdownNm":comboNm], STOP_ON_FAILURE): Call Test Case 'Test Cases/PFI Precision and Scale/HashMap Tables/ExternalAgencyLists' successfully

2020-06-04 19:53:12 - [TEST_CASE][PASSED] - Test Cases/PFI Precision and Scale/HashMap Tables/ExternalAgencyLists: Test Cases/PFI Precision and Scale/HashMap Tables/ExternalAgencyLists

2020-06-04 19:53:12 - [TEST_STEP][PASSED] - Thread.sleep(1000): null

2020-06-04 19:53:13 - [TEST_STEP][PASSED] - ExtAgencyTBL = [1:"HDB", 2:"AVA", 3:"CAAS", 4:"DSTA", 5:"EXXONMOBIL", 6:"Embassy", 7:"JTC Cat 1A", 8:"MBS- Marina Bay Sands", 9:"MCYS", 10:"MICA", ... ]: null

2020-06-04 19:53:13 - [TEST_STEP][PASSED] - ValueFound = ExtAgencyTBL.find({ -> ... }): null

2020-06-04 19:53:13 - [MESSAGE][PASSED] - Call Test Case 'Test Cases/PFI Precision and Scale/HashMap Tables/ExternalAgencyLists' successfully

2020-06-04 19:53:13 - [TEST_STEP][PASSED] - println(ValueFound): null

2020-06-04 19:53:13 - [TEST_STEP][PASSED] - sendKeys(NewInputNmField, Keys.chord(ARROW_DOWN)): Keys 'DOWN + ' sent to object: 'Object Repository/Objects.HighlightElements/input_field_index'

2020-06-04 19:53:13 - [MESSAGE][PASSED] - Keys 'DOWN + ' sent to object: 'Object Repository/Objects.HighlightElements/input_field_index'

2020-06-04 19:53:13 - [TEST_STEP][PASSED] - sendKeys(NewInputNmField, Keys.chord(ARROW_DOWN)): Keys 'DOWN + ' sent to object: 'Object Repository/Objects.HighlightElements/input_field_index'

2020-06-04 19:53:13 - [MESSAGE][PASSED] - Keys 'DOWN + ' sent to object: 'Object Repository/Objects.HighlightElements/input_field_index'

2020-06-04 19:53:13 - [TEST_STEP][PASSED] - delay(DelayTime): Delayed 2 second(s)

2020-06-04 19:53:15 - [MESSAGE][PASSED] - Delayed 2 second(s)

2020-06-04 19:53:15 - [TEST_STEP][PASSED] - sendKeys(NewInputNmField, Keys.chord(ENTER)): Keys 'ENTER + ' sent to object: 'Object Repository/Objects.HighlightElements/input_field_index'

2020-06-04 19:53:15 - [MESSAGE][PASSED] - Keys 'ENTER + ' sent to object: 'Object Repository/Objects.HighlightElements/input_field_index'

2020-06-04 19:53:15 - [TEST_STEP][PASSED] - ComboBoxValue = getAttribute(NewInputNmField, "value"): Attribute 'value' of object 'Object Repository/Objects.HighlightElements/input_field_index' is: 'S'pore Sports Council'

2020-06-04 19:53:15 - [MESSAGE][PASSED] - Attribute 'value' of object 'Object Repository/Objects.HighlightElements/input_field_index' is: 'S'pore Sports Council'

2020-06-04 19:53:15 - [TEST_STEP][PASSED] - callTestCase(findTestCase(CallTCName), ["FindValue":ComboBoxValue, "DropdownNm":comboNm], STOP_ON_FAILURE): Call Test Case 'Test Cases/PFI Precision and Scale/HashMap Tables/ExternalAgencyLists' successfully

2020-06-04 19:53:15 - [TEST_CASE][PASSED] - Test Cases/PFI Precision and Scale/HashMap Tables/ExternalAgencyLists: Test Cases/PFI Precision and Scale/HashMap Tables/ExternalAgencyLists

2020-06-04 19:53:15 - [TEST_STEP][PASSED] - Thread.sleep(1000): null

2020-06-04 19:53:16 - [TEST_STEP][PASSED] - ExtAgencyTBL = [1:"HDB", 2:"AVA", 3:"CAAS", 4:"DSTA", 5:"EXXONMOBIL", 6:"Embassy", 7:"JTC Cat 1A", 8:"MBS- Marina Bay Sands", 9:"MCYS", 10:"MICA", ... ]: null

2020-06-04 19:53:16 - [TEST_STEP][PASSED] - ValueFound = ExtAgencyTBL.find({ -> ... }): null

2020-06-04 19:53:16 - [MESSAGE][PASSED] - Call Test Case 'Test Cases/PFI Precision and Scale/HashMap Tables/ExternalAgencyLists' successfully

2020-06-04 19:53:16 - [TEST_STEP][PASSED] - println(ValueFound): null

2020-06-04 19:53:16 - [TEST_STEP][PASSED] - sendKeys(NewInputNmField, Keys.chord(ARROW_DOWN)): Keys 'DOWN + ' sent to object: 'Object Repository/Objects.HighlightElements/input_field_index'

2020-06-04 19:53:16 - [MESSAGE][PASSED] - Keys 'DOWN + ' sent to object: 'Object Repository/Objects.HighlightElements/input_field_index'

2020-06-04 19:53:16 - [TEST_STEP][PASSED] - sendKeys(NewInputNmField, Keys.chord(ARROW_DOWN)): Keys 'DOWN + ' sent to object: 'Object Repository/Objects.HighlightElements/input_field_index'

2020-06-04 19:53:16 - [MESSAGE][PASSED] - Keys 'DOWN + ' sent to object: 'Object Repository/Objects.HighlightElements/input_field_index'

2020-06-04 19:53:16 - [TEST_STEP][PASSED] - delay(DelayTime): Delayed 2 second(s)

2020-06-04 19:53:18 - [MESSAGE][PASSED] - Delayed 2 second(s)

2020-06-04 19:53:18 - [TEST_STEP][PASSED] - sendKeys(NewInputNmField, Keys.chord(ENTER)): Keys 'ENTER + ' sent to object: 'Object Repository/Objects.HighlightElements/input_field_index'

2020-06-04 19:53:18 - [MESSAGE][PASSED] - Keys 'ENTER + ' sent to object: 'Object Repository/Objects.HighlightElements/input_field_index'

2020-06-04 19:53:18 - [TEST_STEP][PASSED] - ComboBoxValue = getAttribute(NewInputNmField, "value"): Attribute 'value' of object 'Object Repository/Objects.HighlightElements/input_field_index' is: 'SENTOSA'

2020-06-04 19:53:18 - [MESSAGE][PASSED] - Attribute 'value' of object 'Object Repository/Objects.HighlightElements/input_field_index' is: 'SENTOSA'

2020-06-04 19:53:18 - [TEST_STEP][PASSED] - callTestCase(findTestCase(CallTCName), ["FindValue":ComboBoxValue, "DropdownNm":comboNm], STOP_ON_FAILURE): Call Test Case 'Test Cases/PFI Precision and Scale/HashMap Tables/ExternalAgencyLists' successfully

2020-06-04 19:53:19 - [TEST_CASE][PASSED] - Test Cases/PFI Precision and Scale/HashMap Tables/ExternalAgencyLists: Test Cases/PFI Precision and Scale/HashMap Tables/ExternalAgencyLists

2020-06-04 19:53:19 - [TEST_STEP][PASSED] - Thread.sleep(1000): null

2020-06-04 19:53:20 - [TEST_STEP][PASSED] - ExtAgencyTBL = [1:"HDB", 2:"AVA", 3:"CAAS", 4:"DSTA", 5:"EXXONMOBIL", 6:"Embassy", 7:"JTC Cat 1A", 8:"MBS- Marina Bay Sands", 9:"MCYS", 10:"MICA", ... ]: null

2020-06-04 19:53:20 - [TEST_STEP][PASSED] - ValueFound = ExtAgencyTBL.find({ -> ... }): null

2020-06-04 19:53:20 - [MESSAGE][PASSED] - Call Test Case 'Test Cases/PFI Precision and Scale/HashMap Tables/ExternalAgencyLists' successfully

2020-06-04 19:53:20 - [TEST_STEP][PASSED] - println(ValueFound): null

2020-06-04 19:53:20 - [TEST_STEP][PASSED] - sendKeys(NewInputNmField, Keys.chord(ARROW_DOWN)): Keys 'DOWN + ' sent to object: 'Object Repository/Objects.HighlightElements/input_field_index'

2020-06-04 19:53:20 - [MESSAGE][PASSED] - Keys 'DOWN + ' sent to object: 'Object Repository/Objects.HighlightElements/input_field_index'

2020-06-04 19:53:20 - [TEST_STEP][PASSED] - sendKeys(NewInputNmField, Keys.chord(ARROW_DOWN)): Keys 'DOWN + ' sent to object: 'Object Repository/Objects.HighlightElements/input_field_index'

2020-06-04 19:53:20 - [MESSAGE][PASSED] - Keys 'DOWN + ' sent to object: 'Object Repository/Objects.HighlightElements/input_field_index'

2020-06-04 19:53:20 - [TEST_STEP][PASSED] - delay(DelayTime): Delayed 2 second(s)

2020-06-04 19:53:22 - [MESSAGE][PASSED] - Delayed 2 second(s)

2020-06-04 19:53:22 - [TEST_STEP][PASSED] - sendKeys(NewInputNmField, Keys.chord(ENTER)): Keys 'ENTER + ' sent to object: 'Object Repository/Objects.HighlightElements/input_field_index'

2020-06-04 19:53:22 - [MESSAGE][PASSED] - Keys 'ENTER + ' sent to object: 'Object Repository/Objects.HighlightElements/input_field_index'

2020-06-04 19:53:22 - [TEST_STEP][PASSED] - ComboBoxValue = getAttribute(NewInputNmField, "value"): Attribute 'value' of object 'Object Repository/Objects.HighlightElements/input_field_index' is: 'SHELL'

2020-06-04 19:53:22 - [MESSAGE][PASSED] - Attribute 'value' of object 'Object Repository/Objects.HighlightElements/input_field_index' is: 'SHELL'

2020-06-04 19:53:22 - [TEST_STEP][PASSED] - callTestCase(findTestCase(CallTCName), ["FindValue":ComboBoxValue, "DropdownNm":comboNm], STOP_ON_FAILURE): Call Test Case 'Test Cases/PFI Precision and Scale/HashMap Tables/ExternalAgencyLists' successfully

2020-06-04 19:53:22 - [TEST_CASE][PASSED] - Test Cases/PFI Precision and Scale/HashMap Tables/ExternalAgencyLists: Test Cases/PFI Precision and Scale/HashMap Tables/ExternalAgencyLists

2020-06-04 19:53:22 - [TEST_STEP][PASSED] - Thread.sleep(1000): null

2020-06-04 19:53:23 - [TEST_STEP][PASSED] - ExtAgencyTBL = [1:"HDB", 2:"AVA", 3:"CAAS", 4:"DSTA", 5:"EXXONMOBIL", 6:"Embassy", 7:"JTC Cat 1A", 8:"MBS- Marina Bay Sands", 9:"MCYS", 10:"MICA", ... ]: null

2020-06-04 19:53:23 - [TEST_STEP][PASSED] - ValueFound = ExtAgencyTBL.find({ -> ... }): null

2020-06-04 19:53:23 - [MESSAGE][PASSED] - Call Test Case 'Test Cases/PFI Precision and Scale/HashMap Tables/ExternalAgencyLists' successfully

2020-06-04 19:53:23 - [TEST_STEP][PASSED] - println(ValueFound): null

2020-06-04 19:53:23 - [TEST_STEP][PASSED] - sendKeys(NewInputNmField, Keys.chord(ARROW_DOWN)): Keys 'DOWN + ' sent to object: 'Object Repository/Objects.HighlightElements/input_field_index'

2020-06-04 19:53:23 - [MESSAGE][PASSED] - Keys 'DOWN + ' sent to object: 'Object Repository/Objects.HighlightElements/input_field_index'

2020-06-04 19:53:23 - [TEST_STEP][PASSED] - sendKeys(NewInputNmField, Keys.chord(ARROW_DOWN)): Keys 'DOWN + ' sent to object: 'Object Repository/Objects.HighlightElements/input_field_index'

2020-06-04 19:53:23 - [MESSAGE][PASSED] - Keys 'DOWN + ' sent to object: 'Object Repository/Objects.HighlightElements/input_field_index'

2020-06-04 19:53:23 - [TEST_STEP][PASSED] - delay(DelayTime): Delayed 2 second(s)

2020-06-04 19:53:25 - [MESSAGE][PASSED] - Delayed 2 second(s)

2020-06-04 19:53:25 - [TEST_STEP][PASSED] - sendKeys(NewInputNmField, Keys.chord(ENTER)): Keys 'ENTER + ' sent to object: 'Object Repository/Objects.HighlightElements/input_field_index'

2020-06-04 19:53:25 - [MESSAGE][PASSED] - Keys 'ENTER + ' sent to object: 'Object Repository/Objects.HighlightElements/input_field_index'

2020-06-04 19:53:25 - [TEST_STEP][PASSED] - ComboBoxValue = getAttribute(NewInputNmField, "value"): Attribute 'value' of object 'Object Repository/Objects.HighlightElements/input_field_index' is: 'SPC'

2020-06-04 19:53:25 - [MESSAGE][PASSED] - Attribute 'value' of object 'Object Repository/Objects.HighlightElements/input_field_index' is: 'SPC'

2020-06-04 19:53:25 - [TEST_STEP][PASSED] - callTestCase(findTestCase(CallTCName), ["FindValue":ComboBoxValue, "DropdownNm":comboNm], STOP_ON_FAILURE): Call Test Case 'Test Cases/PFI Precision and Scale/HashMap Tables/ExternalAgencyLists' successfully

2020-06-04 19:53:25 - [TEST_CASE][PASSED] - Test Cases/PFI Precision and Scale/HashMap Tables/ExternalAgencyLists: Test Cases/PFI Precision and Scale/HashMap Tables/ExternalAgencyLists

2020-06-04 19:53:25 - [TEST_STEP][PASSED] - Thread.sleep(1000): null

2020-06-04 19:53:26 - [TEST_STEP][PASSED] - ExtAgencyTBL = [1:"HDB", 2:"AVA", 3:"CAAS", 4:"DSTA", 5:"EXXONMOBIL", 6:"Embassy", 7:"JTC Cat 1A", 8:"MBS- Marina Bay Sands", 9:"MCYS", 10:"MICA", ... ]: null

2020-06-04 19:53:26 - [TEST_STEP][PASSED] - ValueFound = ExtAgencyTBL.find({ -> ... }): null

2020-06-04 19:53:26 - [MESSAGE][PASSED] - Call Test Case 'Test Cases/PFI Precision and Scale/HashMap Tables/ExternalAgencyLists' successfully

2020-06-04 19:53:26 - [TEST_STEP][PASSED] - println(ValueFound): null

2020-06-04 19:53:26 - [TEST_STEP][PASSED] - sendKeys(NewInputNmField, Keys.chord(ARROW_DOWN)): Keys 'DOWN + ' sent to object: 'Object Repository/Objects.HighlightElements/input_field_index'

2020-06-04 19:53:26 - [MESSAGE][PASSED] - Keys 'DOWN + ' sent to object: 'Object Repository/Objects.HighlightElements/input_field_index'

2020-06-04 19:53:26 - [TEST_STEP][PASSED] - sendKeys(NewInputNmField, Keys.chord(ARROW_DOWN)): Keys 'DOWN + ' sent to object: 'Object Repository/Objects.HighlightElements/input_field_index'

2020-06-04 19:53:26 - [MESSAGE][PASSED] - Keys 'DOWN + ' sent to object: 'Object Repository/Objects.HighlightElements/input_field_index'

2020-06-04 19:53:26 - [TEST_STEP][PASSED] - delay(DelayTime): Delayed 2 second(s)

2020-06-04 19:53:28 - [MESSAGE][PASSED] - Delayed 2 second(s)

2020-06-04 19:53:28 - [TEST_STEP][PASSED] - sendKeys(NewInputNmField, Keys.chord(ENTER)): Keys 'ENTER + ' sent to object: 'Object Repository/Objects.HighlightElements/input_field_index'

2020-06-04 19:53:28 - [MESSAGE][PASSED] - Keys 'ENTER + ' sent to object: 'Object Repository/Objects.HighlightElements/input_field_index'

2020-06-04 19:53:28 - [TEST_STEP][PASSED] - ComboBoxValue = getAttribute(NewInputNmField, "value"): Attribute 'value' of object 'Object Repository/Objects.HighlightElements/input_field_index' is: 'University'

2020-06-04 19:53:28 - [MESSAGE][PASSED] - Attribute 'value' of object 'Object Repository/Objects.HighlightElements/input_field_index' is: 'University'

2020-06-04 19:53:28 - [TEST_STEP][PASSED] - callTestCase(findTestCase(CallTCName), ["FindValue":ComboBoxValue, "DropdownNm":comboNm], STOP_ON_FAILURE): Call Test Case 'Test Cases/PFI Precision and Scale/HashMap Tables/ExternalAgencyLists' successfully

2020-06-04 19:53:28 - [TEST_CASE][PASSED] - Test Cases/PFI Precision and Scale/HashMap Tables/ExternalAgencyLists: Test Cases/PFI Precision and Scale/HashMap Tables/ExternalAgencyLists

2020-06-04 19:53:28 - [TEST_STEP][PASSED] - Thread.sleep(1000): null

2020-06-04 19:53:29 - [TEST_STEP][PASSED] - ExtAgencyTBL = [1:"HDB", 2:"AVA", 3:"CAAS", 4:"DSTA", 5:"EXXONMOBIL", 6:"Embassy", 7:"JTC Cat 1A", 8:"MBS- Marina Bay Sands", 9:"MCYS", 10:"MICA", ... ]: null

2020-06-04 19:53:29 - [TEST_STEP][PASSED] - ValueFound = ExtAgencyTBL.find({ -> ... }): null

2020-06-04 19:53:29 - [MESSAGE][PASSED] - Call Test Case 'Test Cases/PFI Precision and Scale/HashMap Tables/ExternalAgencyLists' successfully

2020-06-04 19:53:29 - [TEST_STEP][PASSED] - println(ValueFound): null

2020-06-04 19:53:29 - [TEST_STEP][PASSED] - sendKeys(NewInputNmField, Keys.chord(ARROW_DOWN)): Keys 'DOWN + ' sent to object: 'Object Repository/Objects.HighlightElements/input_field_index'

2020-06-04 19:53:29 - [MESSAGE][PASSED] - Keys 'DOWN + ' sent to object: 'Object Repository/Objects.HighlightElements/input_field_index'

2020-06-04 19:53:29 - [TEST_STEP][PASSED] - sendKeys(NewInputNmField, Keys.chord(ARROW_DOWN)): Keys 'DOWN + ' sent to object: 'Object Repository/Objects.HighlightElements/input_field_index'

2020-06-04 19:53:29 - [MESSAGE][PASSED] - Keys 'DOWN + ' sent to object: 'Object Repository/Objects.HighlightElements/input_field_index'

2020-06-04 19:53:29 - [TEST_STEP][PASSED] - delay(DelayTime): Delayed 2 second(s)

2020-06-04 19:53:31 - [MESSAGE][PASSED] - Delayed 2 second(s)

2020-06-04 19:53:31 - [TEST_STEP][PASSED] - sendKeys(NewInputNmField, Keys.chord(ENTER)): Keys 'ENTER + ' sent to object: 'Object Repository/Objects.HighlightElements/input_field_index'

2020-06-04 19:53:31 - [MESSAGE][PASSED] - Keys 'ENTER + ' sent to object: 'Object Repository/Objects.HighlightElements/input_field_index'

2020-06-04 19:53:31 - [TEST_STEP][PASSED] - ComboBoxValue = getAttribute(NewInputNmField, "value"): Attribute 'value' of object 'Object Repository/Objects.HighlightElements/input_field_index' is: 'JTC Cat 1'

2020-06-04 19:53:31 - [MESSAGE][PASSED] - Attribute 'value' of object 'Object Repository/Objects.HighlightElements/input_field_index' is: 'JTC Cat 1'

2020-06-04 19:53:31 - [TEST_STEP][PASSED] - callTestCase(findTestCase(CallTCName), ["FindValue":ComboBoxValue, "DropdownNm":comboNm], STOP_ON_FAILURE): Call Test Case 'Test Cases/PFI Precision and Scale/HashMap Tables/ExternalAgencyLists' successfully

2020-06-04 19:53:32 - [TEST_CASE][PASSED] - Test Cases/PFI Precision and Scale/HashMap Tables/ExternalAgencyLists: Test Cases/PFI Precision and Scale/HashMap Tables/ExternalAgencyLists

2020-06-04 19:53:32 - [TEST_STEP][PASSED] - Thread.sleep(1000): null

2020-06-04 19:53:33 - [TEST_STEP][PASSED] - ExtAgencyTBL = [1:"HDB", 2:"AVA", 3:"CAAS", 4:"DSTA", 5:"EXXONMOBIL", 6:"Embassy", 7:"JTC Cat 1A", 8:"MBS- Marina Bay Sands", 9:"MCYS", 10:"MICA", ... ]: null

2020-06-04 19:53:33 - [TEST_STEP][PASSED] - ValueFound = ExtAgencyTBL.find({ -> ... }): null

2020-06-04 19:53:33 - [MESSAGE][PASSED] - Call Test Case 'Test Cases/PFI Precision and Scale/HashMap Tables/ExternalAgencyLists' successfully

2020-06-04 19:53:33 - [TEST_STEP][PASSED] - println(ValueFound): null

2020-06-04 19:53:33 - [TEST_STEP][PASSED] - sendKeys(NewInputNmField, Keys.chord(ARROW_DOWN)): Keys 'DOWN + ' sent to object: 'Object Repository/Objects.HighlightElements/input_field_index'

2020-06-04 19:53:33 - [MESSAGE][PASSED] - Keys 'DOWN + ' sent to object: 'Object Repository/Objects.HighlightElements/input_field_index'

2020-06-04 19:53:33 - [TEST_STEP][PASSED] - sendKeys(NewInputNmField, Keys.chord(ARROW_DOWN)): Keys 'DOWN + ' sent to object: 'Object Repository/Objects.HighlightElements/input_field_index'

2020-06-04 19:53:33 - [MESSAGE][PASSED] - Keys 'DOWN + ' sent to object: 'Object Repository/Objects.HighlightElements/input_field_index'

2020-06-04 19:53:33 - [TEST_STEP][PASSED] - delay(DelayTime): Delayed 2 second(s)

2020-06-04 19:53:35 - [MESSAGE][PASSED] - Delayed 2 second(s)

2020-06-04 19:53:35 - [TEST_STEP][PASSED] - sendKeys(NewInputNmField, Keys.chord(ENTER)): Keys 'ENTER + ' sent to object: 'Object Repository/Objects.HighlightElements/input_field_index'

2020-06-04 19:53:35 - [MESSAGE][PASSED] - Keys 'ENTER + ' sent to object: 'Object Repository/Objects.HighlightElements/input_field_index'

2020-06-04 19:53:35 - [TEST_STEP][PASSED] - ComboBoxValue = getAttribute(NewInputNmField, "value"): Attribute 'value' of object 'Object Repository/Objects.HighlightElements/input_field_index' is: 'JTC Cat 2'

2020-06-04 19:53:35 - [MESSAGE][PASSED] - Attribute 'value' of object 'Object Repository/Objects.HighlightElements/input_field_index' is: 'JTC Cat 2'

2020-06-04 19:53:35 - [TEST_STEP][PASSED] - callTestCase(findTestCase(CallTCName), ["FindValue":ComboBoxValue, "DropdownNm":comboNm], STOP_ON_FAILURE): Call Test Case 'Test Cases/PFI Precision and Scale/HashMap Tables/ExternalAgencyLists' successfully

2020-06-04 19:53:35 - [TEST_CASE][PASSED] - Test Cases/PFI Precision and Scale/HashMap Tables/ExternalAgencyLists: Test Cases/PFI Precision and Scale/HashMap Tables/ExternalAgencyLists

2020-06-04 19:53:35 - [TEST_STEP][PASSED] - Thread.sleep(1000): null

2020-06-04 19:53:36 - [TEST_STEP][PASSED] - ExtAgencyTBL = [1:"HDB", 2:"AVA", 3:"CAAS", 4:"DSTA", 5:"EXXONMOBIL", 6:"Embassy", 7:"JTC Cat 1A", 8:"MBS- Marina Bay Sands", 9:"MCYS", 10:"MICA", ... ]: null

2020-06-04 19:53:36 - [TEST_STEP][PASSED] - ValueFound = ExtAgencyTBL.find({ -> ... }): null

2020-06-04 19:53:36 - [MESSAGE][PASSED] - Call Test Case 'Test Cases/PFI Precision and Scale/HashMap Tables/ExternalAgencyLists' successfully

2020-06-04 19:53:36 - [TEST_STEP][PASSED] - println(ValueFound): null

2020-06-04 19:53:36 - [TEST_STEP][PASSED] - sendKeys(NewInputNmField, Keys.chord(ARROW_DOWN)): Keys 'DOWN + ' sent to object: 'Object Repository/Objects.HighlightElements/input_field_index'

2020-06-04 19:53:36 - [MESSAGE][PASSED] - Keys 'DOWN + ' sent to object: 'Object Repository/Objects.HighlightElements/input_field_index'

2020-06-04 19:53:36 - [TEST_STEP][PASSED] - sendKeys(NewInputNmField, Keys.chord(ARROW_DOWN)): Keys 'DOWN + ' sent to object: 'Object Repository/Objects.HighlightElements/input_field_index'

2020-06-04 19:53:36 - [MESSAGE][PASSED] - Keys 'DOWN + ' sent to object: 'Object Repository/Objects.HighlightElements/input_field_index'

2020-06-04 19:53:36 - [TEST_STEP][PASSED] - delay(DelayTime): Delayed 2 second(s)

2020-06-04 19:53:38 - [MESSAGE][PASSED] - Delayed 2 second(s)

2020-06-04 19:53:38 - [TEST_STEP][PASSED] - sendKeys(NewInputNmField, Keys.chord(ENTER)): Keys 'ENTER + ' sent to object: 'Object Repository/Objects.HighlightElements/input_field_index'

2020-06-04 19:53:38 - [MESSAGE][PASSED] - Keys 'ENTER + ' sent to object: 'Object Repository/Objects.HighlightElements/input_field_index'

2020-06-04 19:53:38 - [TEST_STEP][PASSED] - ComboBoxValue = getAttribute(NewInputNmField, "value"): Attribute 'value' of object 'Object Repository/Objects.HighlightElements/input_field_index' is: 'LTA'

2020-06-04 19:53:38 - [MESSAGE][PASSED] - Attribute 'value' of object 'Object Repository/Objects.HighlightElements/input_field_index' is: 'LTA'

2020-06-04 19:53:38 - [TEST_STEP][PASSED] - callTestCase(findTestCase(CallTCName), ["FindValue":ComboBoxValue, "DropdownNm":comboNm], STOP_ON_FAILURE): Call Test Case 'Test Cases/PFI Precision and Scale/HashMap Tables/ExternalAgencyLists' successfully

2020-06-04 19:53:38 - [TEST_CASE][PASSED] - Test Cases/PFI Precision and Scale/HashMap Tables/ExternalAgencyLists: Test Cases/PFI Precision and Scale/HashMap Tables/ExternalAgencyLists

2020-06-04 19:53:38 - [TEST_STEP][PASSED] - Thread.sleep(1000): null

2020-06-04 19:53:39 - [TEST_STEP][PASSED] - ExtAgencyTBL = [1:"HDB", 2:"AVA", 3:"CAAS", 4:"DSTA", 5:"EXXONMOBIL", 6:"Embassy", 7:"JTC Cat 1A", 8:"MBS- Marina Bay Sands", 9:"MCYS", 10:"MICA", ... ]: null

2020-06-04 19:53:39 - [TEST_STEP][PASSED] - ValueFound = ExtAgencyTBL.find({ -> ... }): null

2020-06-04 19:53:39 - [MESSAGE][PASSED] - Call Test Case 'Test Cases/PFI Precision and Scale/HashMap Tables/ExternalAgencyLists' successfully

2020-06-04 19:53:39 - [TEST_STEP][PASSED] - println(ValueFound): null

2020-06-04 19:53:39 - [TEST_STEP][PASSED] - sendKeys(NewInputNmField, Keys.chord(ARROW_DOWN)): Keys 'DOWN + ' sent to object: 'Object Repository/Objects.HighlightElements/input_field_index'

2020-06-04 19:53:39 - [MESSAGE][PASSED] - Keys 'DOWN + ' sent to object: 'Object Repository/Objects.HighlightElements/input_field_index'

2020-06-04 19:53:39 - [TEST_STEP][PASSED] - sendKeys(NewInputNmField, Keys.chord(ENTER)): Keys 'ENTER + ' sent to object: 'Object Repository/Objects.HighlightElements/input_field_index'

2020-06-04 19:53:39 - [MESSAGE][PASSED] - Keys 'ENTER + ' sent to object: 'Object Repository/Objects.HighlightElements/input_field_index'

2020-06-04 19:53:39 - [MESSAGE][PASSED] - Call Test Case 'Test Cases/PFI Precision and Scale/PFI Components with Indexing/VerifyDropdownValuesXPI' successfully

2020-06-04 19:53:39 - [TEST_STEP][PASSED] - callTestCase(findTestCase("Components/SelectAllThenDeleteXPI"), ["nameToBeUsed":"extAgenciesCmb", "index":1], STOP_ON_FAILURE): Call Test Case 'Test Cases/Components/SelectAllThenDeleteXPI' successfully

2020-06-04 19:53:39 - [TEST_CASE][PASSED] - Test Cases/Components/SelectAllThenDeleteXPI: Test Cases/Components/SelectAllThenDeleteXPI

2020-06-04 19:53:39 - [TEST_STEP][PASSED] - Thread.sleep(1000): null

2020-06-04 19:53:40 - [TEST_STEP][PASSED] - modifiedObj = modifyObjectProperty(findTestObject("Object Repository/Objects.HighlightElements/input_field_index"), "xpath", "equals", "(//*[contains(@name,'" + nameToBeUsed + "')])[" + index + "]", true): Modify property of object successfully

2020-06-04 19:53:40 - [MESSAGE][PASSED] - Modify property of object successfully

2020-06-04 19:53:40 - [TEST_STEP][PASSED] - focus(modifiedObj): Object: 'Object Repository/Objects.HighlightElements/input_field_index' is focused

2020-06-04 19:53:40 - [MESSAGE][PASSED] - Object: 'Object Repository/Objects.HighlightElements/input_field_index' is focused

2020-06-04 19:53:40 - [TEST_STEP][PASSED] - sendKeys(modifiedObj, Keys.chord(CONTROL, "a")): Keys 'CONTROL + a' sent to object: 'Object Repository/Objects.HighlightElements/input_field_index'

2020-06-04 19:53:40 - [MESSAGE][PASSED] - Keys 'CONTROL + a' sent to object: 'Object Repository/Objects.HighlightElements/input_field_index'

2020-06-04 19:53:40 - [TEST_STEP][PASSED] - sendKeys(modifiedObj, Keys.chord(DELETE)): Keys 'DELETE + ' sent to object: 'Object Repository/Objects.HighlightElements/input_field_index'

2020-06-04 19:53:40 - [MESSAGE][PASSED] - Keys 'DELETE + ' sent to object: 'Object Repository/Objects.HighlightElements/input_field_index'

2020-06-04 19:53:40 - [MESSAGE][PASSED] - Call Test Case 'Test Cases/Components/SelectAllThenDeleteXPI' successfully

2020-06-04 19:53:40 - [TEST_STEP][PASSED] - callTestCase(findTestCase("PFI Precision and Scale/PFI Components with Indexing/RequiredFieldValidationXPI"), ["nameToBeUsed":"extAgenciesCmb", "index":1], STOP_ON_FAILURE): Call Test Case 'Test Cases/PFI Precision and Scale/PFI Components with Indexing/RequiredFieldValidationXPI' successfully

2020-06-04 19:53:40 - [TEST_CASE][PASSED] - Test Cases/PFI Precision and Scale/PFI Components with Indexing/RequiredFieldValidationXPI: Test Cases/PFI Precision and Scale/PFI Components with Indexing/RequiredFieldValidationXPI

2020-06-04 19:53:40 - [TEST_STEP][PASSED] - enableSmartWait(): null

2020-06-04 19:53:40 - [TEST_STEP][PASSED] - NewInputNmField = modifyObjectProperty(findTestObject("Objects.HighlightElements/input_field_index"), "xpath", "equals", "(//*[contains(@name,'" + nameToBeUsed + "')])[" + index + "]", true): Modify property of object successfully

2020-06-04 19:53:40 - [MESSAGE][PASSED] - Modify property of object successfully

2020-06-04 19:53:40 - [TEST_STEP][PASSED] - mouseOver(NewInputNmField): Object: 'Object Repository/Objects.HighlightElements/input_field_index' is hovered

2020-06-04 19:53:41 - [MESSAGE][PASSED] - Object: 'Object Repository/Objects.HighlightElements/input_field_index' is hovered

2020-06-04 19:53:41 - [TEST_STEP][PASSED] - getRqErrMsg = getAttribute(NewInputNmField, "data-errorqtip"): Attribute 'data-errorqtip' of object 'Object Repository/Objects.HighlightElements/input_field_index' is: '<ul class="x-list-plain"><li>This field is required</li></ul>'

2020-06-04 19:53:41 - [MESSAGE][PASSED] - Attribute 'data-errorqtip' of object 'Object Repository/Objects.HighlightElements/input_field_index' is: '<ul class="x-list-plain"><li>This field is required</li></ul>'

2020-06-04 19:53:41 - [TEST_STEP][PASSED] - strToolTip = getRqErrMsg.substring(29, 61): null

2020-06-04 19:53:41 - [TEST_STEP][PASSED] - toolTipReqErrMsg = strToolTip.substring(0, 22): null

2020-06-04 19:53:41 - [TEST_STEP][PASSED] - verifyMatch(toolTipReqErrMsg, RqField, true): Actual text 'This field is required' and expected text 'This field is required' are matched  using regular expression

2020-06-04 19:53:41 - [MESSAGE][PASSED] - Actual text 'This field is required' and expected text 'This field is required' are matched  using regular expression

2020-06-04 19:53:41 - [MESSAGE][PASSED] - Call Test Case 'Test Cases/PFI Precision and Scale/PFI Components with Indexing/RequiredFieldValidationXPI' successfully

2020-06-04 19:53:41 - [TEST_STEP][NOT_RUN] - callTestCase(findTestCase("Components/Logout"), ["LogoutPageTextToBeVerified":findTestData("ISPS2 Test Data").getValue("HomeBanner", 2)], STOP_ON_FAILURE): NOT_RUN: callTestCase(findTestCase("Components/Logout"), ["LogoutPageTextToBeVerified":findTestData("ISPS2 Test Data").getValue("HomeBanner", 2)], STOP_ON_FAILURE)

2020-06-04 19:53:41 - [MESSAGE][NOT_RUN] - NOT_RUN: callTestCase(findTestCase("Components/Logout"), ["LogoutPageTextToBeVerified":findTestData("ISPS2 Test Data").getValue("HomeBanner", 2)], STOP_ON_FAILURE)]]></system-out>
         <system-err><![CDATA[]]></system-err>
      </testcase>
      <testcase name="Test Cases/PFI Precision and Scale/PFI Test Cases/Process Case (PFI)/PFI.CourtActionsLHS" time="49.992" classname="Test Cases/PFI Precision and Scale/PFI Test Cases/Process Case (PFI)/PFI.CourtActionsLHS" status="ERROR">
         <error type="ERROR" message="Test Cases/PFI Precision and Scale/PFI Test Cases/Process Case (PFI)/PFI.CourtActionsLHS FAILED.
Reason:
com.kms.katalon.core.exception.StepErrorException: Call Test Case 'Test Cases/PFI Precision and Scale/PFI Components with Indexing/SelectDayInDatePickerWithIndexII' failed because of error(s)
	at com.kms.katalon.core.keyword.builtin.CallTestCaseKeyword$_callTestCase_closure1.doCall(CallTestCaseKeyword.groovy:66)
	at com.kms.katalon.core.keyword.builtin.CallTestCaseKeyword$_callTestCase_closure1.call(CallTestCaseKeyword.groovy)
	at com.kms.katalon.core.keyword.internal.KeywordMain.runKeyword(KeywordMain.groovy:68)
	at com.kms.katalon.core.keyword.builtin.CallTestCaseKeyword.callTestCase(CallTestCaseKeyword.groovy:81)
	at com.kms.katalon.core.keyword.builtin.CallTestCaseKeyword.execute(CallTestCaseKeyword.groovy:44)
	at com.kms.katalon.core.keyword.internal.KeywordExecutor.executeKeywordForPlatform(KeywordExecutor.groovy:72)
	at com.kms.katalon.core.keyword.BuiltinKeywords.callTestCase(BuiltinKeywords.groovy:334)
	at PFI.CourtActionsLHS.run(PFI.CourtActionsLHS:78)
	at com.kms.katalon.core.main.ScriptEngine.run(ScriptEngine.java:194)
	at com.kms.katalon.core.main.ScriptEngine.runScriptAsRawText(ScriptEngine.java:119)
	at com.kms.katalon.core.main.TestCaseExecutor.runScript(TestCaseExecutor.java:337)
	at com.kms.katalon.core.main.TestCaseExecutor.doExecute(TestCaseExecutor.java:328)
	at com.kms.katalon.core.main.TestCaseExecutor.processExecutionPhase(TestCaseExecutor.java:307)
	at com.kms.katalon.core.main.TestCaseExecutor.accessMainPhase(TestCaseExecutor.java:299)
	at com.kms.katalon.core.main.TestCaseExecutor.execute(TestCaseExecutor.java:233)
	at com.kms.katalon.core.main.TestSuiteExecutor.accessTestCaseMainPhase(TestSuiteExecutor.java:169)
	at com.kms.katalon.core.main.TestSuiteExecutor.accessTestSuiteMainPhase(TestSuiteExecutor.java:142)
	at com.kms.katalon.core.main.TestSuiteExecutor.execute(TestSuiteExecutor.java:91)
	at com.kms.katalon.core.main.TestCaseMain.startTestSuite(TestCaseMain.java:157)
	at com.kms.katalon.core.main.TestCaseMain$startTestSuite$0.call(Unknown Source)
	at TempTestSuite1591270754988.run(TempTestSuite1591270754988.groovy:36)
Caused by: org.codehaus.groovy.runtime.InvokerInvocationException: java.lang.AssertionError: Web element with id: 'Object Repository/Objects.DateValidation/Page_ISPS2/Select_Day_Index' located by 'By.xpath: (//*[contains(@class, 'x-datepicker-date') and (text() = '11')])[17]' not found
	at com.reusableComponents.HighlightElement.invokeMethod(HighlightElement.groovy)
	at com.kms.katalon.core.main.CustomKeywordDelegatingMetaClass.invokeStaticMethod(CustomKeywordDelegatingMetaClass.java:50)
	at SelectDayInDatePickerWithIndexII.run(SelectDayInDatePickerWithIndexII:32)
	at com.kms.katalon.core.main.ScriptEngine.run(ScriptEngine.java:194)
	at com.kms.katalon.core.main.ScriptEngine.runScriptAsRawText(ScriptEngine.java:119)
	at com.kms.katalon.core.main.TestCaseExecutor.runScript(TestCaseExecutor.java:337)
	at com.kms.katalon.core.main.TestCaseExecutor.doExecute(TestCaseExecutor.java:328)
	at com.kms.katalon.core.main.TestCaseExecutor.processExecutionPhase(TestCaseExecutor.java:307)
	at com.kms.katalon.core.main.TestCaseExecutor.accessMainPhase(TestCaseExecutor.java:299)
	at com.kms.katalon.core.main.TestCaseExecutor.execute(TestCaseExecutor.java:233)
	at com.kms.katalon.core.main.TestCaseMain.runTestCase(TestCaseMain.java:114)
	at com.kms.katalon.core.keyword.builtin.CallTestCaseKeyword$_callTestCase_closure1.doCall(CallTestCaseKeyword.groovy:59)
	... 20 more
Caused by: java.lang.AssertionError: Web element with id: 'Object Repository/Objects.DateValidation/Page_ISPS2/Select_Day_Index' located by 'By.xpath: (//*[contains(@class, 'x-datepicker-date') and (text() = '11')])[17]' not found
	at org.testng.Assert.fail(Assert.java:93)
	at org.testng.Assert$fail.call(Unknown Source)
	at com.reusableComponents.HighlightElement.run(HighlightElement.groovy:27)
	... 32 more
"/>
         <system-out><![CDATA[2020-06-04 19:53:41 - [TEST_CASE][ERROR] - Test Cases/PFI Precision and Scale/PFI Test Cases/Process Case (PFI)/PFI.CourtActionsLHS: Test Cases/PFI Precision and Scale/PFI Test Cases/Process Case (PFI)/PFI.CourtActionsLHS FAILED.
Reason:
com.kms.katalon.core.exception.StepErrorException: Call Test Case 'Test Cases/PFI Precision and Scale/PFI Components with Indexing/SelectDayInDatePickerWithIndexII' failed because of error(s)
	at com.kms.katalon.core.keyword.builtin.CallTestCaseKeyword$_callTestCase_closure1.doCall(CallTestCaseKeyword.groovy:66)
	at com.kms.katalon.core.keyword.builtin.CallTestCaseKeyword$_callTestCase_closure1.call(CallTestCaseKeyword.groovy)
	at com.kms.katalon.core.keyword.internal.KeywordMain.runKeyword(KeywordMain.groovy:68)
	at com.kms.katalon.core.keyword.builtin.CallTestCaseKeyword.callTestCase(CallTestCaseKeyword.groovy:81)
	at com.kms.katalon.core.keyword.builtin.CallTestCaseKeyword.execute(CallTestCaseKeyword.groovy:44)
	at com.kms.katalon.core.keyword.internal.KeywordExecutor.executeKeywordForPlatform(KeywordExecutor.groovy:72)
	at com.kms.katalon.core.keyword.BuiltinKeywords.callTestCase(BuiltinKeywords.groovy:334)
	at PFI.CourtActionsLHS.run(PFI.CourtActionsLHS:78)
	at com.kms.katalon.core.main.ScriptEngine.run(ScriptEngine.java:194)
	at com.kms.katalon.core.main.ScriptEngine.runScriptAsRawText(ScriptEngine.java:119)
	at com.kms.katalon.core.main.TestCaseExecutor.runScript(TestCaseExecutor.java:337)
	at com.kms.katalon.core.main.TestCaseExecutor.doExecute(TestCaseExecutor.java:328)
	at com.kms.katalon.core.main.TestCaseExecutor.processExecutionPhase(TestCaseExecutor.java:307)
	at com.kms.katalon.core.main.TestCaseExecutor.accessMainPhase(TestCaseExecutor.java:299)
	at com.kms.katalon.core.main.TestCaseExecutor.execute(TestCaseExecutor.java:233)
	at com.kms.katalon.core.main.TestSuiteExecutor.accessTestCaseMainPhase(TestSuiteExecutor.java:169)
	at com.kms.katalon.core.main.TestSuiteExecutor.accessTestSuiteMainPhase(TestSuiteExecutor.java:142)
	at com.kms.katalon.core.main.TestSuiteExecutor.execute(TestSuiteExecutor.java:91)
	at com.kms.katalon.core.main.TestCaseMain.startTestSuite(TestCaseMain.java:157)
	at com.kms.katalon.core.main.TestCaseMain$startTestSuite$0.call(Unknown Source)
	at TempTestSuite1591270754988.run(TempTestSuite1591270754988.groovy:36)
Caused by: org.codehaus.groovy.runtime.InvokerInvocationException: java.lang.AssertionError: Web element with id: 'Object Repository/Objects.DateValidation/Page_ISPS2/Select_Day_Index' located by 'By.xpath: (//*[contains(@class, 'x-datepicker-date') and (text() = '11')])[17]' not found
	at com.reusableComponents.HighlightElement.invokeMethod(HighlightElement.groovy)
	at com.kms.katalon.core.main.CustomKeywordDelegatingMetaClass.invokeStaticMethod(CustomKeywordDelegatingMetaClass.java:50)
	at SelectDayInDatePickerWithIndexII.run(SelectDayInDatePickerWithIndexII:32)
	at com.kms.katalon.core.main.ScriptEngine.run(ScriptEngine.java:194)
	at com.kms.katalon.core.main.ScriptEngine.runScriptAsRawText(ScriptEngine.java:119)
	at com.kms.katalon.core.main.TestCaseExecutor.runScript(TestCaseExecutor.java:337)
	at com.kms.katalon.core.main.TestCaseExecutor.doExecute(TestCaseExecutor.java:328)
	at com.kms.katalon.core.main.TestCaseExecutor.processExecutionPhase(TestCaseExecutor.java:307)
	at com.kms.katalon.core.main.TestCaseExecutor.accessMainPhase(TestCaseExecutor.java:299)
	at com.kms.katalon.core.main.TestCaseExecutor.execute(TestCaseExecutor.java:233)
	at com.kms.katalon.core.main.TestCaseMain.runTestCase(TestCaseMain.java:114)
	at com.kms.katalon.core.keyword.builtin.CallTestCaseKeyword$_callTestCase_closure1.doCall(CallTestCaseKeyword.groovy:59)
	... 20 more
Caused by: java.lang.AssertionError: Web element with id: 'Object Repository/Objects.DateValidation/Page_ISPS2/Select_Day_Index' located by 'By.xpath: (//*[contains(@class, 'x-datepicker-date') and (text() = '11')])[17]' not found
	at org.testng.Assert.fail(Assert.java:93)
	at org.testng.Assert$fail.call(Unknown Source)
	at com.reusableComponents.HighlightElement.run(HighlightElement.groovy:27)
	... 32 more


2020-06-04 19:53:41 - [TEST_STEP][NOT_RUN] - callTestCase(findTestCase("Components/LoginV2.0"), ["LinkToBeUsed":findTestData("ISPS2 Test Data").getValue("URL", 1), "LoginPageTextToBeVerified":findTestData("ISPS2 Test Data").getValue("HomeBanner", 1), ... ], STOP_ON_FAILURE): NOT_RUN: callTestCase(findTestCase("Components/LoginV2.0"), ["LinkToBeUsed":findTestData("ISPS2 Test Data").getValue("URL", 1), "LoginPageTextToBeVerified":findTestData("ISPS2 Test Data").getValue("HomeBanner", 1), ... ], STOP_ON_FAILURE)

2020-06-04 19:53:41 - [MESSAGE][NOT_RUN] - NOT_RUN: callTestCase(findTestCase("Components/LoginV2.0"), ["LinkToBeUsed":findTestData("ISPS2 Test Data").getValue("URL", 1), "LoginPageTextToBeVerified":findTestData("ISPS2 Test Data").getValue("HomeBanner", 1), ... ], STOP_ON_FAILURE)

2020-06-04 19:53:41 - [TEST_STEP][NOT_RUN] - callTestCase(findTestCase("Components/NavigateToHomepageHeaders"), ["headerText":"My Tasks"], STOP_ON_FAILURE): NOT_RUN: callTestCase(findTestCase("Components/NavigateToHomepageHeaders"), ["headerText":"My Tasks"], STOP_ON_FAILURE)

2020-06-04 19:53:41 - [MESSAGE][NOT_RUN] - NOT_RUN: callTestCase(findTestCase("Components/NavigateToHomepageHeaders"), ["headerText":"My Tasks"], STOP_ON_FAILURE)

2020-06-04 19:53:41 - [TEST_STEP][NOT_RUN] - callTestCase(findTestCase("Components/Filter"), ["taskDescription":"Process Case (SM)"], STOP_ON_FAILURE): NOT_RUN: callTestCase(findTestCase("Components/Filter"), ["taskDescription":"Process Case (SM)"], STOP_ON_FAILURE)

2020-06-04 19:53:41 - [MESSAGE][NOT_RUN] - NOT_RUN: callTestCase(findTestCase("Components/Filter"), ["taskDescription":"Process Case (SM)"], STOP_ON_FAILURE)

2020-06-04 19:53:41 - [TEST_STEP][NOT_RUN] - callTestCase(findTestCase("Components/ClickLinkDependingOnTextAndIndex"), ["linkName":"Process Case (SM)", "index":"3"], STOP_ON_FAILURE): NOT_RUN: callTestCase(findTestCase("Components/ClickLinkDependingOnTextAndIndex"), ["linkName":"Process Case (SM)", "index":"3"], STOP_ON_FAILURE)

2020-06-04 19:53:41 - [MESSAGE][NOT_RUN] - NOT_RUN: callTestCase(findTestCase("Components/ClickLinkDependingOnTextAndIndex"), ["linkName":"Process Case (SM)", "index":"3"], STOP_ON_FAILURE)

2020-06-04 19:53:41 - [TEST_STEP][PASSED] - callTestCase(findTestCase("Components/NavigateToAnyLHS"), ["LHS":"Court Actions"], STOP_ON_FAILURE): Call Test Case 'Test Cases/Components/NavigateToAnyLHS' successfully

2020-06-04 19:53:41 - [TEST_CASE][PASSED] - Test Cases/Components/NavigateToAnyLHS: Test Cases/Components/NavigateToAnyLHS

2020-06-04 19:53:41 - [TEST_STEP][PASSED] - Thread.sleep(1000): null

2020-06-04 19:53:42 - [TEST_STEP][PASSED] - modifiedLHS = modifyObjectProperty(findTestObject("Objects.NavigateToAnyLHS/Page_ISPS2/LHSToModify"), "text", "equals", LHS, true): Modify property of object successfully

2020-06-04 19:53:42 - [MESSAGE][PASSED] - Modify property of object successfully

2020-06-04 19:53:42 - [TEST_STEP][PASSED] - click(modifiedLHS): Object: 'Object Repository/Objects.NavigateToAnyLHS/Page_ISPS2/LHSToModify' is clicked on

2020-06-04 19:53:42 - [MESSAGE][PASSED] - Object: 'Object Repository/Objects.NavigateToAnyLHS/Page_ISPS2/LHSToModify' is clicked on

2020-06-04 19:53:42 - [TEST_STEP][PASSED] - currentLHS = getText(modifiedLHS): Text of object 'Object Repository/Objects.NavigateToAnyLHS/Page_ISPS2/LHSToModify' is: 'Court Actions'

2020-06-04 19:53:42 - [MESSAGE][PASSED] - Text of object 'Object Repository/Objects.NavigateToAnyLHS/Page_ISPS2/LHSToModify' is: 'Court Actions'

2020-06-04 19:53:42 - [TEST_STEP][PASSED] - Thread.sleep(5000): null

2020-06-04 19:53:47 - [MESSAGE][PASSED] - Call Test Case 'Test Cases/Components/NavigateToAnyLHS' successfully

2020-06-04 19:53:47 - [TEST_STEP][PASSED] - callTestCase(findTestCase("Components/VerifyPageSuccessfullyLoaded"), ["HeaderName":"Court Actions"], STOP_ON_FAILURE): Call Test Case 'Test Cases/Components/VerifyPageSuccessfullyLoaded' successfully

2020-06-04 19:53:47 - [TEST_CASE][PASSED] - Test Cases/Components/VerifyPageSuccessfullyLoaded: Test Cases/Components/VerifyPageSuccessfullyLoaded

2020-06-04 19:53:47 - [TEST_STEP][PASSED] - Thread.sleep(3000): null

2020-06-04 19:53:50 - [TEST_STEP][PASSED] - ModifiedHeaderName = modifyObjectProperty(findTestObject("Objects.VerifyPageSuccessfullyLoaded/PageHeader"), "text", "equals", HeaderName, true): Modify property of object successfully

2020-06-04 19:53:50 - [MESSAGE][PASSED] - Modify property of object successfully

2020-06-04 19:53:50 - [TEST_STEP][PASSED] - verifyElementPresent(ModifiedHeaderName, 30): Object 'Object Repository/Objects.VerifyPageSuccessfullyLoaded/PageHeader' is present

2020-06-04 19:53:50 - [MESSAGE][PASSED] - Object 'Object Repository/Objects.VerifyPageSuccessfullyLoaded/PageHeader' is present

2020-06-04 19:53:50 - [TEST_STEP][PASSED] - com.reusableComponents.HighlightElement.run(ModifiedHeaderName): com.reusableComponents.HighlightElement.run is PASSED

2020-06-04 19:53:51 - [MESSAGE][PASSED] - com.reusableComponents.HighlightElement.run is PASSED

2020-06-04 19:53:51 - [MESSAGE][PASSED] - Call Test Case 'Test Cases/Components/VerifyPageSuccessfullyLoaded' successfully

2020-06-04 19:53:51 - [TEST_STEP][PASSED] - callTestCase(findTestCase("Components/HighlightLabelFieldXPI"), ["LblName":"Notice Order No", "index":1], STOP_ON_FAILURE): Call Test Case 'Test Cases/Components/HighlightLabelFieldXPI' successfully

2020-06-04 19:53:51 - [TEST_CASE][PASSED] - Test Cases/Components/HighlightLabelFieldXPI: Test Cases/Components/HighlightLabelFieldXPI

2020-06-04 19:53:51 - [TEST_STEP][PASSED] - Thread.sleep(1000): null

2020-06-04 19:53:52 - [TEST_STEP][PASSED] - modifiedLblNm = modifyObjectProperty(findTestObject("Object Repository/Objects.HighlightElements/lblField_index"), "xpath", "equals", "(//*[contains(@class, 'x-form-item-label-inner x-form-item-label-inner-default') and contains(., '" + LblName + "')])[" + index + "]", true): Modify property of object successfully

2020-06-04 19:53:52 - [MESSAGE][PASSED] - Modify property of object successfully

2020-06-04 19:53:52 - [TEST_STEP][PASSED] - com.reusableComponents.HighlightElement.run(modifiedLblNm): com.reusableComponents.HighlightElement.run is PASSED

2020-06-04 19:53:52 - [MESSAGE][PASSED] - com.reusableComponents.HighlightElement.run is PASSED

2020-06-04 19:53:52 - [MESSAGE][PASSED] - Call Test Case 'Test Cases/Components/HighlightLabelFieldXPI' successfully

2020-06-04 19:53:52 - [TEST_STEP][PASSED] - callTestCase(findTestCase("Components/HighlightInputFieldXPI"), ["FldNm":"courtNo", "index":1], STOP_ON_FAILURE): Call Test Case 'Test Cases/Components/HighlightInputFieldXPI' successfully

2020-06-04 19:53:52 - [TEST_CASE][PASSED] - Test Cases/Components/HighlightInputFieldXPI: Test Cases/Components/HighlightInputFieldXPI

2020-06-04 19:53:52 - [TEST_STEP][PASSED] - Thread.sleep(1000): null

2020-06-04 19:53:53 - [TEST_STEP][PASSED] - modifiedInputNm = modifyObjectProperty(findTestObject("Object Repository/Objects.HighlightElements/input_field_index"), "xpath", "equals", "(//*[contains(@name, '" + FldNm + "')])[" + index + "]", true): Modify property of object successfully

2020-06-04 19:53:53 - [MESSAGE][PASSED] - Modify property of object successfully

2020-06-04 19:53:53 - [TEST_STEP][PASSED] - com.reusableComponents.HighlightElement.run(modifiedInputNm): com.reusableComponents.HighlightElement.run is PASSED

2020-06-04 19:53:54 - [MESSAGE][PASSED] - com.reusableComponents.HighlightElement.run is PASSED

2020-06-04 19:53:54 - [MESSAGE][PASSED] - Call Test Case 'Test Cases/Components/HighlightInputFieldXPI' successfully

2020-06-04 19:53:54 - [TEST_STEP][PASSED] - callTestCase(findTestCase("PFI Precision and Scale/PFI Components with Indexing/VerifyDefaultValueIndex"), ["FieldNm":"courtNo", "index":1], STOP_ON_FAILURE): Call Test Case 'Test Cases/PFI Precision and Scale/PFI Components with Indexing/VerifyDefaultValueIndex' successfully

2020-06-04 19:53:54 - [TEST_CASE][PASSED] - Test Cases/PFI Precision and Scale/PFI Components with Indexing/VerifyDefaultValueIndex: Test Cases/PFI Precision and Scale/PFI Components with Indexing/VerifyDefaultValueIndex

2020-06-04 19:53:54 - [TEST_STEP][PASSED] - Thread.sleep(1000): null

2020-06-04 19:53:55 - [TEST_STEP][PASSED] - NewFieldNm = modifyObjectProperty(findTestObject("Object Repository/Objects.HighlightElements/input_field_index"), "xpath", "equals", "(//*[contains(@name,'" + FieldNm + "')])[" + index + "]", true): Modify property of object successfully

2020-06-04 19:53:55 - [MESSAGE][PASSED] - Modify property of object successfully

2020-06-04 19:53:55 - [TEST_STEP][PASSED] - focus(NewFieldNm): Object: 'Object Repository/Objects.HighlightElements/input_field_index' is focused

2020-06-04 19:53:55 - [MESSAGE][PASSED] - Object: 'Object Repository/Objects.HighlightElements/input_field_index' is focused

2020-06-04 19:53:55 - [TEST_STEP][PASSED] - DefVal = getAttribute(NewFieldNm, "value", STOP_ON_FAILURE): Attribute 'value' of object 'Object Repository/Objects.HighlightElements/input_field_index' is: 'SM 2020/02/3981'

2020-06-04 19:53:55 - [MESSAGE][PASSED] - Attribute 'value' of object 'Object Repository/Objects.HighlightElements/input_field_index' is: 'SM 2020/02/3981'

2020-06-04 19:53:55 - [TEST_STEP][PASSED] - switch (FieldNm): null

2020-06-04 19:53:55 - [TEST_STEP][PASSED] - case "courtNo":: null

2020-06-04 19:53:55 - [TEST_STEP][PASSED] - getCaseRef = getText(findTestObject("Objects.VerifyCourtActionsPrecisionAndScale/Page_ISPS2/div_Case Ref No")): Text of object 'Object Repository/Objects.VerifyCourtActionsPrecisionAndScale/Page_ISPS2/div_Case Ref No' is: '(Case Ref. No.: SM 2020/02/3981 | Submission No.: ES20200303-00005)'

2020-06-04 19:53:55 - [MESSAGE][PASSED] - Text of object 'Object Repository/Objects.VerifyCourtActionsPrecisionAndScale/Page_ISPS2/div_Case Ref No' is: '(Case Ref. No.: SM 2020/02/3981 | Submission No.: ES20200303-00005)'

2020-06-04 19:53:55 - [TEST_STEP][PASSED] - lengthSubmNo = getCaseRef.length() - 36: null

2020-06-04 19:53:55 - [TEST_STEP][PASSED] - lengthCaseRef = getCaseRef.length() - 16: null

2020-06-04 19:53:55 - [TEST_STEP][PASSED] - RemoveSubmissionNo = getCaseRef.substring(0, lengthCaseRef): null

2020-06-04 19:53:55 - [TEST_STEP][PASSED] - SMCaseRef = getCaseRef.substring(16, lengthSubmNo): null

2020-06-04 19:53:55 - [TEST_STEP][PASSED] - verifyMatch(DefVal, SMCaseRef, true, STOP_ON_FAILURE): Actual text 'SM 2020/02/3981' and expected text 'SM 2020/02/3981' are matched  using regular expression

2020-06-04 19:53:55 - [MESSAGE][PASSED] - Actual text 'SM 2020/02/3981' and expected text 'SM 2020/02/3981' are matched  using regular expression

2020-06-04 19:53:55 - [TEST_STEP][PASSED] - break: null

2020-06-04 19:53:55 - [MESSAGE][PASSED] - Call Test Case 'Test Cases/PFI Precision and Scale/PFI Components with Indexing/VerifyDefaultValueIndex' successfully

2020-06-04 19:53:55 - [TEST_STEP][PASSED] - callTestCase(findTestCase("Components/SelectAllThenDeleteXPI"), ["nameToBeUsed":"courtNo", "index":1], STOP_ON_FAILURE): Call Test Case 'Test Cases/Components/SelectAllThenDeleteXPI' successfully

2020-06-04 19:53:55 - [TEST_CASE][PASSED] - Test Cases/Components/SelectAllThenDeleteXPI: Test Cases/Components/SelectAllThenDeleteXPI

2020-06-04 19:53:55 - [TEST_STEP][PASSED] - Thread.sleep(1000): null

2020-06-04 19:53:56 - [TEST_STEP][PASSED] - modifiedObj = modifyObjectProperty(findTestObject("Object Repository/Objects.HighlightElements/input_field_index"), "xpath", "equals", "(//*[contains(@name,'" + nameToBeUsed + "')])[" + index + "]", true): Modify property of object successfully

2020-06-04 19:53:56 - [MESSAGE][PASSED] - Modify property of object successfully

2020-06-04 19:53:56 - [TEST_STEP][PASSED] - focus(modifiedObj): Object: 'Object Repository/Objects.HighlightElements/input_field_index' is focused

2020-06-04 19:53:56 - [MESSAGE][PASSED] - Object: 'Object Repository/Objects.HighlightElements/input_field_index' is focused

2020-06-04 19:53:56 - [TEST_STEP][PASSED] - sendKeys(modifiedObj, Keys.chord(CONTROL, "a")): Keys 'CONTROL + a' sent to object: 'Object Repository/Objects.HighlightElements/input_field_index'

2020-06-04 19:53:56 - [MESSAGE][PASSED] - Keys 'CONTROL + a' sent to object: 'Object Repository/Objects.HighlightElements/input_field_index'

2020-06-04 19:53:56 - [TEST_STEP][PASSED] - sendKeys(modifiedObj, Keys.chord(DELETE)): Keys 'DELETE + ' sent to object: 'Object Repository/Objects.HighlightElements/input_field_index'

2020-06-04 19:53:57 - [MESSAGE][PASSED] - Keys 'DELETE + ' sent to object: 'Object Repository/Objects.HighlightElements/input_field_index'

2020-06-04 19:53:57 - [MESSAGE][PASSED] - Call Test Case 'Test Cases/Components/SelectAllThenDeleteXPI' successfully

2020-06-04 19:53:57 - [TEST_STEP][PASSED] - callTestCase(findTestCase("PFI Precision and Scale/PFI Components with Indexing/AlphaNumericSpecialValidationIndex"), ["FldNm":"courtNo", "LenChar":10, "index":1], STOP_ON_FAILURE): Call Test Case 'Test Cases/PFI Precision and Scale/PFI Components with Indexing/AlphaNumericSpecialValidationIndex' successfully

2020-06-04 19:53:57 - [TEST_CASE][PASSED] - Test Cases/PFI Precision and Scale/PFI Components with Indexing/AlphaNumericSpecialValidationIndex: Test Cases/PFI Precision and Scale/PFI Components with Indexing/AlphaNumericSpecialValidationIndex

2020-06-04 19:53:57 - [TEST_STEP][PASSED] - charset = /?><"".join(): null

2020-06-04 19:53:57 - [TEST_STEP][PASSED] - AlphaNumeric = 9).join(): null

2020-06-04 19:53:57 - [TEST_STEP][PASSED] - SpecialChar = "`~!@#$%^&*()-=+_{}|\][;'":,./?><"": null

2020-06-04 19:53:57 - [TEST_STEP][PASSED] - RandomString = RandomStringUtils.random(LenChar, AlphaNumeric.toCharArray()): null

2020-06-04 19:53:57 - [TEST_STEP][PASSED] - RdmSpChar = RandomStringUtils.random(LenChar, SpecialChar): null

2020-06-04 19:53:57 - [TEST_STEP][PASSED] - regexPat = Pattern.compile("^[A-Za-z0-9 ]+$"): null

2020-06-04 19:53:57 - [TEST_STEP][PASSED] - NewInputNmField = modifyObjectProperty(findTestObject("Object Repository/Objects.HighlightElements/input_field_index"), "xpath", "equals", "(//*[contains(@class,'x-form-text') and (@name='" + FldNm + "')])[" + index + "]", true): Modify property of object successfully

2020-06-04 19:53:57 - [MESSAGE][PASSED] - Modify property of object successfully

2020-06-04 19:53:57 - [TEST_STEP][PASSED] - setText(NewInputNmField, RandomString): Text '70PCxio5TB' is set on object 'Object Repository/Objects.HighlightElements/input_field_index'

2020-06-04 19:53:57 - [MESSAGE][PASSED] - Text '70PCxio5TB' is set on object 'Object Repository/Objects.HighlightElements/input_field_index'

2020-06-04 19:53:57 - [TEST_STEP][PASSED] - RemarksAN = getAttribute(NewInputNmField, "value"): Attribute 'value' of object 'Object Repository/Objects.HighlightElements/input_field_index' is: '70PCxio5TB'

2020-06-04 19:53:57 - [MESSAGE][PASSED] - Attribute 'value' of object 'Object Repository/Objects.HighlightElements/input_field_index' is: '70PCxio5TB'

2020-06-04 19:53:57 - [TEST_STEP][PASSED] - matchStr = regexPat.matcher(RemarksAN): null

2020-06-04 19:53:57 - [TEST_STEP][PASSED] - if (matchStr.matches() == true): Accepting Alphanumeric

2020-06-04 19:53:57 - [TEST_STEP][PASSED] - comment("Accepting Alphanumeric"): Accepting Alphanumeric

2020-06-04 19:53:57 - [MESSAGE][INFO] - Accepting Alphanumeric

2020-06-04 19:53:57 - [TEST_STEP][PASSED] - setText(NewInputNmField, RdmSpChar): Text '"::;]=$}(<' is set on object 'Object Repository/Objects.HighlightElements/input_field_index'

2020-06-04 19:53:57 - [MESSAGE][PASSED] - Text '"::;]=$}(<' is set on object 'Object Repository/Objects.HighlightElements/input_field_index'

2020-06-04 19:53:57 - [TEST_STEP][PASSED] - RemarksSpChar = getAttribute(NewInputNmField, "value"): Attribute 'value' of object 'Object Repository/Objects.HighlightElements/input_field_index' is: '"::;]=$}(<'

2020-06-04 19:53:57 - [MESSAGE][PASSED] - Attribute 'value' of object 'Object Repository/Objects.HighlightElements/input_field_index' is: '"::;]=$}(<'

2020-06-04 19:53:57 - [TEST_STEP][PASSED] - matchSp = regexPat.matcher(RemarksSpChar): null

2020-06-04 19:53:57 - [TEST_STEP][PASSED] - if (matchSp.matches() == false): Accepting Special Characters

2020-06-04 19:53:57 - [TEST_STEP][PASSED] - comment("Accepting Special Characters"): Accepting Special Characters

2020-06-04 19:53:57 - [MESSAGE][INFO] - Accepting Special Characters

2020-06-04 19:53:57 - [MESSAGE][PASSED] - Call Test Case 'Test Cases/PFI Precision and Scale/PFI Components with Indexing/AlphaNumericSpecialValidationIndex' successfully

2020-06-04 19:53:57 - [TEST_STEP][PASSED] - callTestCase(findTestCase("PFI Precision and Scale/PFI Components with Indexing/MaxCharLengthIndexValidation"), ["FieldNm":"courtNo", "index":1, "MaxCharLen":25], STOP_ON_FAILURE): Call Test Case 'Test Cases/PFI Precision and Scale/PFI Components with Indexing/MaxCharLengthIndexValidation' successfully

2020-06-04 19:53:58 - [TEST_CASE][PASSED] - Test Cases/PFI Precision and Scale/PFI Components with Indexing/MaxCharLengthIndexValidation: Test Cases/PFI Precision and Scale/PFI Components with Indexing/MaxCharLengthIndexValidation

2020-06-04 19:53:58 - [TEST_STEP][PASSED] - Thread.sleep(1000): null

2020-06-04 19:53:59 - [TEST_STEP][PASSED] - CharLengthTBL = ["aoNotes":4000, "notes":4000, "hseBlkNo":10, "buildingName":100, "unformattedAddress":4000, "courtNo":20, "caseGrpDesc":4000, ... ]: null

2020-06-04 19:53:59 - [TEST_STEP][PASSED] - charset = /?><"".join(): null

2020-06-04 19:53:59 - [TEST_STEP][PASSED] - RandomStringVal = RandomStringUtils.random(MaxCharLen, charset.toCharArray()): null

2020-06-04 19:53:59 - [TEST_STEP][PASSED] - NewInputNmField = modifyObjectProperty(findTestObject("Object Repository/Objects.HighlightElements/input_field_index"), "xpath", "equals", "(//*[contains(@class,'x-form-text') and (@name='" + FieldNm + "')])[" + index + "]", true): Modify property of object successfully

2020-06-04 19:53:59 - [MESSAGE][PASSED] - Modify property of object successfully

2020-06-04 19:53:59 - [TEST_STEP][PASSED] - setText(NewInputNmField, RandomStringVal): Text '8!B>vHn^HN>(jQ]EwRjbeDBPh' is set on object 'Object Repository/Objects.HighlightElements/input_field_index'

2020-06-04 19:53:59 - [MESSAGE][PASSED] - Text '8!B>vHn^HN>(jQ]EwRjbeDBPh' is set on object 'Object Repository/Objects.HighlightElements/input_field_index'

2020-06-04 19:53:59 - [TEST_STEP][PASSED] - GetInputValue = getAttribute(NewInputNmField, "value", STOP_ON_FAILURE): Attribute 'value' of object 'Object Repository/Objects.HighlightElements/input_field_index' is: '8!B>vHn^HN>(jQ]EwRjb'

2020-06-04 19:53:59 - [MESSAGE][PASSED] - Attribute 'value' of object 'Object Repository/Objects.HighlightElements/input_field_index' is: '8!B>vHn^HN>(jQ]EwRjb'

2020-06-04 19:53:59 - [TEST_STEP][PASSED] - GetLenChar = GetInputValue.length(): null

2020-06-04 19:53:59 - [TEST_STEP][PASSED] - MaxLength = CharLengthTBL.get(FieldNm): null

2020-06-04 19:53:59 - [TEST_STEP][PASSED] - if (MaxLength != null): Actual object '20' and expected object '20' are equal

2020-06-04 19:53:59 - [TEST_STEP][PASSED] - verifyEqual(GetLenChar, MaxLength): Actual object '20' and expected object '20' are equal

2020-06-04 19:53:59 - [MESSAGE][PASSED] - Actual object '20' and expected object '20' are equal

2020-06-04 19:53:59 - [MESSAGE][PASSED] - Call Test Case 'Test Cases/PFI Precision and Scale/PFI Components with Indexing/MaxCharLengthIndexValidation' successfully

2020-06-04 19:53:59 - [TEST_STEP][PASSED] - callTestCase(findTestCase("Components/SelectAllThenDeleteXPI"), ["nameToBeUsed":"courtNo", "index":1], STOP_ON_FAILURE): Call Test Case 'Test Cases/Components/SelectAllThenDeleteXPI' successfully

2020-06-04 19:53:59 - [TEST_CASE][PASSED] - Test Cases/Components/SelectAllThenDeleteXPI: Test Cases/Components/SelectAllThenDeleteXPI

2020-06-04 19:53:59 - [TEST_STEP][PASSED] - Thread.sleep(1000): null

2020-06-04 19:54:00 - [TEST_STEP][PASSED] - modifiedObj = modifyObjectProperty(findTestObject("Object Repository/Objects.HighlightElements/input_field_index"), "xpath", "equals", "(//*[contains(@name,'" + nameToBeUsed + "')])[" + index + "]", true): Modify property of object successfully

2020-06-04 19:54:00 - [MESSAGE][PASSED] - Modify property of object successfully

2020-06-04 19:54:00 - [TEST_STEP][PASSED] - focus(modifiedObj): Object: 'Object Repository/Objects.HighlightElements/input_field_index' is focused

2020-06-04 19:54:00 - [MESSAGE][PASSED] - Object: 'Object Repository/Objects.HighlightElements/input_field_index' is focused

2020-06-04 19:54:00 - [TEST_STEP][PASSED] - sendKeys(modifiedObj, Keys.chord(CONTROL, "a")): Keys 'CONTROL + a' sent to object: 'Object Repository/Objects.HighlightElements/input_field_index'

2020-06-04 19:54:00 - [MESSAGE][PASSED] - Keys 'CONTROL + a' sent to object: 'Object Repository/Objects.HighlightElements/input_field_index'

2020-06-04 19:54:00 - [TEST_STEP][PASSED] - sendKeys(modifiedObj, Keys.chord(DELETE)): Keys 'DELETE + ' sent to object: 'Object Repository/Objects.HighlightElements/input_field_index'

2020-06-04 19:54:00 - [MESSAGE][PASSED] - Keys 'DELETE + ' sent to object: 'Object Repository/Objects.HighlightElements/input_field_index'

2020-06-04 19:54:00 - [MESSAGE][PASSED] - Call Test Case 'Test Cases/Components/SelectAllThenDeleteXPI' successfully

2020-06-04 19:54:00 - [TEST_STEP][PASSED] - callTestCase(findTestCase("PFI Precision and Scale/PFI Components with Indexing/RequiredFieldValidationXPI"), ["nameToBeUsed":"courtNo", "index":1], STOP_ON_FAILURE): Call Test Case 'Test Cases/PFI Precision and Scale/PFI Components with Indexing/RequiredFieldValidationXPI' successfully

2020-06-04 19:54:01 - [TEST_CASE][PASSED] - Test Cases/PFI Precision and Scale/PFI Components with Indexing/RequiredFieldValidationXPI: Test Cases/PFI Precision and Scale/PFI Components with Indexing/RequiredFieldValidationXPI

2020-06-04 19:54:01 - [TEST_STEP][PASSED] - enableSmartWait(): null

2020-06-04 19:54:01 - [TEST_STEP][PASSED] - NewInputNmField = modifyObjectProperty(findTestObject("Objects.HighlightElements/input_field_index"), "xpath", "equals", "(//*[contains(@name,'" + nameToBeUsed + "')])[" + index + "]", true): Modify property of object successfully

2020-06-04 19:54:01 - [MESSAGE][PASSED] - Modify property of object successfully

2020-06-04 19:54:01 - [TEST_STEP][PASSED] - mouseOver(NewInputNmField): Object: 'Object Repository/Objects.HighlightElements/input_field_index' is hovered

2020-06-04 19:54:01 - [MESSAGE][PASSED] - Object: 'Object Repository/Objects.HighlightElements/input_field_index' is hovered

2020-06-04 19:54:01 - [TEST_STEP][PASSED] - getRqErrMsg = getAttribute(NewInputNmField, "data-errorqtip"): Attribute 'data-errorqtip' of object 'Object Repository/Objects.HighlightElements/input_field_index' is: '<ul class="x-list-plain"><li>This field is required</li></ul>'

2020-06-04 19:54:01 - [MESSAGE][PASSED] - Attribute 'data-errorqtip' of object 'Object Repository/Objects.HighlightElements/input_field_index' is: '<ul class="x-list-plain"><li>This field is required</li></ul>'

2020-06-04 19:54:01 - [TEST_STEP][PASSED] - strToolTip = getRqErrMsg.substring(29, 61): null

2020-06-04 19:54:01 - [TEST_STEP][PASSED] - toolTipReqErrMsg = strToolTip.substring(0, 22): null

2020-06-04 19:54:01 - [TEST_STEP][PASSED] - verifyMatch(toolTipReqErrMsg, RqField, true): Actual text 'This field is required' and expected text 'This field is required' are matched  using regular expression

2020-06-04 19:54:01 - [MESSAGE][PASSED] - Actual text 'This field is required' and expected text 'This field is required' are matched  using regular expression

2020-06-04 19:54:01 - [MESSAGE][PASSED] - Call Test Case 'Test Cases/PFI Precision and Scale/PFI Components with Indexing/RequiredFieldValidationXPI' successfully

2020-06-04 19:54:01 - [TEST_STEP][PASSED] - callTestCase(findTestCase("Components/HighlightLabelFieldXPI"), ["LblName":"Notice/Order Date", "index":1], STOP_ON_FAILURE): Call Test Case 'Test Cases/Components/HighlightLabelFieldXPI' successfully

2020-06-04 19:54:01 - [TEST_CASE][PASSED] - Test Cases/Components/HighlightLabelFieldXPI: Test Cases/Components/HighlightLabelFieldXPI

2020-06-04 19:54:01 - [TEST_STEP][PASSED] - Thread.sleep(1000): null

2020-06-04 19:54:02 - [TEST_STEP][PASSED] - modifiedLblNm = modifyObjectProperty(findTestObject("Object Repository/Objects.HighlightElements/lblField_index"), "xpath", "equals", "(//*[contains(@class, 'x-form-item-label-inner x-form-item-label-inner-default') and contains(., '" + LblName + "')])[" + index + "]", true): Modify property of object successfully

2020-06-04 19:54:02 - [MESSAGE][PASSED] - Modify property of object successfully

2020-06-04 19:54:02 - [TEST_STEP][PASSED] - com.reusableComponents.HighlightElement.run(modifiedLblNm): com.reusableComponents.HighlightElement.run is PASSED

2020-06-04 19:54:02 - [MESSAGE][PASSED] - com.reusableComponents.HighlightElement.run is PASSED

2020-06-04 19:54:02 - [MESSAGE][PASSED] - Call Test Case 'Test Cases/Components/HighlightLabelFieldXPI' successfully

2020-06-04 19:54:02 - [TEST_STEP][PASSED] - callTestCase(findTestCase("Components/HighlightInputFieldXPI"), ["FldNm":"orderDt", "index":1], STOP_ON_FAILURE): Call Test Case 'Test Cases/Components/HighlightInputFieldXPI' successfully

2020-06-04 19:54:02 - [TEST_CASE][PASSED] - Test Cases/Components/HighlightInputFieldXPI: Test Cases/Components/HighlightInputFieldXPI

2020-06-04 19:54:02 - [TEST_STEP][PASSED] - Thread.sleep(1000): null

2020-06-04 19:54:03 - [TEST_STEP][PASSED] - modifiedInputNm = modifyObjectProperty(findTestObject("Object Repository/Objects.HighlightElements/input_field_index"), "xpath", "equals", "(//*[contains(@name, '" + FldNm + "')])[" + index + "]", true): Modify property of object successfully

2020-06-04 19:54:04 - [MESSAGE][PASSED] - Modify property of object successfully

2020-06-04 19:54:04 - [TEST_STEP][PASSED] - com.reusableComponents.HighlightElement.run(modifiedInputNm): com.reusableComponents.HighlightElement.run is PASSED

2020-06-04 19:54:04 - [MESSAGE][PASSED] - com.reusableComponents.HighlightElement.run is PASSED

2020-06-04 19:54:04 - [MESSAGE][PASSED] - Call Test Case 'Test Cases/Components/HighlightInputFieldXPI' successfully

2020-06-04 19:54:04 - [TEST_STEP][PASSED] - callTestCase(findTestCase("PFI Precision and Scale/PFI Components with Indexing/NumericTextboxValidationIndex"), ["nameToBeUsed":"orderDt", "index":1, "minLen":12], STOP_ON_FAILURE): Call Test Case 'Test Cases/PFI Precision and Scale/PFI Components with Indexing/NumericTextboxValidationIndex' successfully

2020-06-04 19:54:04 - [TEST_CASE][PASSED] - Test Cases/PFI Precision and Scale/PFI Components with Indexing/NumericTextboxValidationIndex: Test Cases/PFI Precision and Scale/PFI Components with Indexing/NumericTextboxValidationIndex

2020-06-04 19:54:04 - [TEST_STEP][PASSED] - Thread.sleep(1000): null

2020-06-04 19:54:05 - [TEST_STEP][PASSED] - Numeric = "0123456789": null

2020-06-04 19:54:05 - [TEST_STEP][PASSED] - AlphaSpecialChar = z) + "`~!@#$%^&*()=_{}|\][;'":,?><"".join(): null

2020-06-04 19:54:05 - [TEST_STEP][PASSED] - RandomNumeric = RandomStringUtils.random(minLen, Numeric.toCharArray()): null

2020-06-04 19:54:05 - [TEST_STEP][PASSED] - RandomString = RandomStringUtils.random(minLen, AlphaSpecialChar): null

2020-06-04 19:54:05 - [TEST_STEP][PASSED] - regexPat = Pattern.compile("^[0-9]+$"): null

2020-06-04 19:54:05 - [TEST_STEP][PASSED] - NewInputNmField = modifyObjectProperty(findTestObject("Object Repository/Objects.HighlightElements/input_field_index"), "xpath", "equals", "(//*[contains(@class,'x-form-text') and (@name='" + nameToBeUsed + "')])[" + index + "]", true): Modify property of object successfully

2020-06-04 19:54:05 - [MESSAGE][PASSED] - Modify property of object successfully

2020-06-04 19:54:05 - [TEST_STEP][PASSED] - focus(NewInputNmField): Object: 'Object Repository/Objects.HighlightElements/input_field_index' is focused

2020-06-04 19:54:05 - [MESSAGE][PASSED] - Object: 'Object Repository/Objects.HighlightElements/input_field_index' is focused

2020-06-04 19:54:05 - [TEST_STEP][PASSED] - setText(NewInputNmField, RandomString): Text 'E!]*WlfkDIAK' is set on object 'Object Repository/Objects.HighlightElements/input_field_index'

2020-06-04 19:54:05 - [MESSAGE][PASSED] - Text 'E!]*WlfkDIAK' is set on object 'Object Repository/Objects.HighlightElements/input_field_index'

2020-06-04 19:54:05 - [TEST_STEP][PASSED] - GetInputVal = getAttribute(NewInputNmField, "value"): Attribute 'value' of object 'Object Repository/Objects.HighlightElements/input_field_index' is: ''

2020-06-04 19:54:06 - [MESSAGE][PASSED] - Attribute 'value' of object 'Object Repository/Objects.HighlightElements/input_field_index' is: ''

2020-06-04 19:54:06 - [TEST_STEP][PASSED] - if (GetInputVal.contains("e")): null

2020-06-04 19:54:06 - [TEST_STEP][PASSED] - else: Actual text '' and expected text '' are matched  using regular expression

2020-06-04 19:54:06 - [TEST_STEP][PASSED] - verifyMatch(GetInputVal, "", true): Actual text '' and expected text '' are matched  using regular expression

2020-06-04 19:54:06 - [MESSAGE][PASSED] - Actual text '' and expected text '' are matched  using regular expression

2020-06-04 19:54:06 - [TEST_STEP][PASSED] - setText(NewInputNmField, RandomNumeric): Text '117014421217' is set on object 'Object Repository/Objects.HighlightElements/input_field_index'

2020-06-04 19:54:06 - [MESSAGE][PASSED] - Text '117014421217' is set on object 'Object Repository/Objects.HighlightElements/input_field_index'

2020-06-04 19:54:06 - [TEST_STEP][PASSED] - GetEnteredIntegers = getAttribute(NewInputNmField, "value"): Attribute 'value' of object 'Object Repository/Objects.HighlightElements/input_field_index' is: '117014421217'

2020-06-04 19:54:06 - [MESSAGE][PASSED] - Attribute 'value' of object 'Object Repository/Objects.HighlightElements/input_field_index' is: '117014421217'

2020-06-04 19:54:06 - [TEST_STEP][PASSED] - matchStr = regexPat.matcher(GetEnteredIntegers): null

2020-06-04 19:54:06 - [TEST_STEP][PASSED] - if (matchStr.matches() == true): Accepting Numeric

2020-06-04 19:54:06 - [TEST_STEP][PASSED] - comment("Accepting Numeric"): Accepting Numeric

2020-06-04 19:54:06 - [MESSAGE][INFO] - Accepting Numeric

2020-06-04 19:54:06 - [MESSAGE][PASSED] - Call Test Case 'Test Cases/PFI Precision and Scale/PFI Components with Indexing/NumericTextboxValidationIndex' successfully

2020-06-04 19:54:06 - [TEST_STEP][PASSED] - callTestCase(findTestCase("PFI Precision and Scale/PFI Components with Indexing/InvalidDateErrorValidationIndex"), ["FldNm":"orderDt", "index":1], STOP_ON_FAILURE): Call Test Case 'Test Cases/PFI Precision and Scale/PFI Components with Indexing/InvalidDateErrorValidationIndex' successfully

2020-06-04 19:54:06 - [TEST_CASE][PASSED] - Test Cases/PFI Precision and Scale/PFI Components with Indexing/InvalidDateErrorValidationIndex: Test Cases/PFI Precision and Scale/PFI Components with Indexing/InvalidDateErrorValidationIndex

2020-06-04 19:54:06 - [TEST_STEP][PASSED] - Thread.sleep(1000): null

2020-06-04 19:54:07 - [TEST_STEP][PASSED] - DateFieldNm = modifyObjectProperty(findTestObject("Object Repository/Objects.HighlightElements/input_field_index"), "xpath", "equals", "(//*[contains(@class,'x-form-text') and (@name='" + FldNm + "')])[" + index + "]", true): Modify property of object successfully

2020-06-04 19:54:07 - [MESSAGE][PASSED] - Modify property of object successfully

2020-06-04 19:54:07 - [TEST_STEP][PASSED] - focus(DateFieldNm): Object: 'Object Repository/Objects.HighlightElements/input_field_index' is focused

2020-06-04 19:54:07 - [MESSAGE][PASSED] - Object: 'Object Repository/Objects.HighlightElements/input_field_index' is focused

2020-06-04 19:54:07 - [TEST_STEP][PASSED] - getInputInvalidDate = getAttribute(DateFieldNm, "value"): Attribute 'value' of object 'Object Repository/Objects.HighlightElements/input_field_index' is: '117014421217'

2020-06-04 19:54:07 - [MESSAGE][PASSED] - Attribute 'value' of object 'Object Repository/Objects.HighlightElements/input_field_index' is: '117014421217'

2020-06-04 19:54:07 - [TEST_STEP][PASSED] - mouseOver(DateFieldNm): Object: 'Object Repository/Objects.HighlightElements/input_field_index' is hovered

2020-06-04 19:54:07 - [MESSAGE][PASSED] - Object: 'Object Repository/Objects.HighlightElements/input_field_index' is hovered

2020-06-04 19:54:07 - [TEST_STEP][PASSED] - getErrMsg = getAttribute(DateFieldNm, "data-errorqtip"): Attribute 'data-errorqtip' of object 'Object Repository/Objects.HighlightElements/input_field_index' is: '<ul class="x-list-plain"><li>117014421217 is not a valid date - it must be in the format d/m/Y</li></ul>'

2020-06-04 19:54:07 - [MESSAGE][PASSED] - Attribute 'data-errorqtip' of object 'Object Repository/Objects.HighlightElements/input_field_index' is: '<ul class="x-list-plain"><li>117014421217 is not a valid date - it must be in the format d/m/Y</li></ul>'

2020-06-04 19:54:07 - [TEST_STEP][PASSED] - getTotalLength = getErrMsg.length(): null

2020-06-04 19:54:07 - [TEST_STEP][PASSED] - RemoveULClass = getErrMsg.substring(29, getTotalLength): null

2020-06-04 19:54:07 - [TEST_STEP][PASSED] - LengthNoUlClass = RemoveULClass.length() - 10: null

2020-06-04 19:54:07 - [TEST_STEP][PASSED] - ToolTipInvErrMsg = RemoveULClass.substring(0, LengthNoUlClass): null

2020-06-04 19:54:07 - [TEST_STEP][PASSED] - ExpectedInvalidErrMsg = concatenate(getInputInvalidDate, " ", NotValidDt): Concatenated string array: '['117014421217',' ','is not a valid date - it must be in the format d/m/Y']' into '117014421217 is not a valid date - it must be in the format d/m/Y'

2020-06-04 19:54:07 - [MESSAGE][PASSED] - Concatenated string array: '['117014421217',' ','is not a valid date - it must be in the format d/m/Y']' into '117014421217 is not a valid date - it must be in the format d/m/Y'

2020-06-04 19:54:07 - [TEST_STEP][PASSED] - verifyMatch(ToolTipInvErrMsg, ExpectedInvalidErrMsg, true): Actual text '117014421217 is not a valid date - it must be in the format d/m/Y' and expected text '117014421217 is not a valid date - it must be in the format d/m/Y' are matched  using regular expression

2020-06-04 19:54:07 - [MESSAGE][PASSED] - Actual text '117014421217 is not a valid date - it must be in the format d/m/Y' and expected text '117014421217 is not a valid date - it must be in the format d/m/Y' are matched  using regular expression

2020-06-04 19:54:07 - [MESSAGE][PASSED] - Call Test Case 'Test Cases/PFI Precision and Scale/PFI Components with Indexing/InvalidDateErrorValidationIndex' successfully

2020-06-04 19:54:07 - [TEST_STEP][FAILED] - callTestCase(findTestCase("PFI Precision and Scale/PFI Components with Indexing/SelectDayInDatePickerWithIndexII"), ["FldNm":"orderDt", "SelectCurrentDay":11, "index":17, "idx":1], STOP_ON_FAILURE): Unable to call Test Case 'Test Cases/PFI Precision and Scale/PFI Components with Indexing/SelectDayInDatePickerWithIndexII' (Root cause: com.kms.katalon.core.exception.StepErrorException: Call Test Case 'Test Cases/PFI Precision and Scale/PFI Components with Indexing/SelectDayInDatePickerWithIndexII' failed because of error(s)
	at com.kms.katalon.core.keyword.builtin.CallTestCaseKeyword$_callTestCase_closure1.doCall(CallTestCaseKeyword.groovy:66)
	at com.kms.katalon.core.keyword.builtin.CallTestCaseKeyword$_callTestCase_closure1.call(CallTestCaseKeyword.groovy)
	at com.kms.katalon.core.keyword.internal.KeywordMain.runKeyword(KeywordMain.groovy:68)
	at com.kms.katalon.core.keyword.builtin.CallTestCaseKeyword.callTestCase(CallTestCaseKeyword.groovy:81)
	at com.kms.katalon.core.keyword.builtin.CallTestCaseKeyword.execute(CallTestCaseKeyword.groovy:44)
	at com.kms.katalon.core.keyword.internal.KeywordExecutor.executeKeywordForPlatform(KeywordExecutor.groovy:72)
	at com.kms.katalon.core.keyword.BuiltinKeywords.callTestCase(BuiltinKeywords.groovy:334)
	at PFI.CourtActionsLHS.run(PFI.CourtActionsLHS:78)
	at com.kms.katalon.core.main.ScriptEngine.run(ScriptEngine.java:194)
	at com.kms.katalon.core.main.ScriptEngine.runScriptAsRawText(ScriptEngine.java:119)
	at com.kms.katalon.core.main.TestCaseExecutor.runScript(TestCaseExecutor.java:337)
	at com.kms.katalon.core.main.TestCaseExecutor.doExecute(TestCaseExecutor.java:328)
	at com.kms.katalon.core.main.TestCaseExecutor.processExecutionPhase(TestCaseExecutor.java:307)
	at com.kms.katalon.core.main.TestCaseExecutor.accessMainPhase(TestCaseExecutor.java:299)
	at com.kms.katalon.core.main.TestCaseExecutor.execute(TestCaseExecutor.java:233)
	at com.kms.katalon.core.main.TestSuiteExecutor.accessTestCaseMainPhase(TestSuiteExecutor.java:169)
	at com.kms.katalon.core.main.TestSuiteExecutor.accessTestSuiteMainPhase(TestSuiteExecutor.java:142)
	at com.kms.katalon.core.main.TestSuiteExecutor.execute(TestSuiteExecutor.java:91)
	at com.kms.katalon.core.main.TestCaseMain.startTestSuite(TestCaseMain.java:157)
	at com.kms.katalon.core.main.TestCaseMain$startTestSuite$0.call(Unknown Source)
	at TempTestSuite1591270754988.run(TempTestSuite1591270754988.groovy:36)
Caused by: org.codehaus.groovy.runtime.InvokerInvocationException: java.lang.AssertionError: Web element with id: 'Object Repository/Objects.DateValidation/Page_ISPS2/Select_Day_Index' located by 'By.xpath: (//*[contains(@class, 'x-datepicker-date') and (text() = '11')])[17]' not found
	at com.reusableComponents.HighlightElement.invokeMethod(HighlightElement.groovy)
	at com.kms.katalon.core.main.CustomKeywordDelegatingMetaClass.invokeStaticMethod(CustomKeywordDelegatingMetaClass.java:50)
	at SelectDayInDatePickerWithIndexII.run(SelectDayInDatePickerWithIndexII:32)
	at com.kms.katalon.core.main.ScriptEngine.run(ScriptEngine.java:194)
	at com.kms.katalon.core.main.ScriptEngine.runScriptAsRawText(ScriptEngine.java:119)
	at com.kms.katalon.core.main.TestCaseExecutor.runScript(TestCaseExecutor.java:337)
	at com.kms.katalon.core.main.TestCaseExecutor.doExecute(TestCaseExecutor.java:328)
	at com.kms.katalon.core.main.TestCaseExecutor.processExecutionPhase(TestCaseExecutor.java:307)
	at com.kms.katalon.core.main.TestCaseExecutor.accessMainPhase(TestCaseExecutor.java:299)
	at com.kms.katalon.core.main.TestCaseExecutor.execute(TestCaseExecutor.java:233)
	at com.kms.katalon.core.main.TestCaseMain.runTestCase(TestCaseMain.java:114)
	at com.kms.katalon.core.keyword.builtin.CallTestCaseKeyword$_callTestCase_closure1.doCall(CallTestCaseKeyword.groovy:59)
	... 20 more
Caused by: java.lang.AssertionError: Web element with id: 'Object Repository/Objects.DateValidation/Page_ISPS2/Select_Day_Index' located by 'By.xpath: (//*[contains(@class, 'x-datepicker-date') and (text() = '11')])[17]' not found
	at org.testng.Assert.fail(Assert.java:93)
	at org.testng.Assert$fail.call(Unknown Source)
	at com.reusableComponents.HighlightElement.run(HighlightElement.groovy:27)
	... 32 more
)

2020-06-04 19:54:07 - [TEST_CASE][ERROR] - Test Cases/PFI Precision and Scale/PFI Components with Indexing/SelectDayInDatePickerWithIndexII: Test Cases/PFI Precision and Scale/PFI Components with Indexing/SelectDayInDatePickerWithIndexII FAILED.
Reason:
org.codehaus.groovy.runtime.InvokerInvocationException: java.lang.AssertionError: Web element with id: 'Object Repository/Objects.DateValidation/Page_ISPS2/Select_Day_Index' located by 'By.xpath: (//*[contains(@class, 'x-datepicker-date') and (text() = '11')])[17]' not found
	at com.reusableComponents.HighlightElement.invokeMethod(HighlightElement.groovy)
	at com.kms.katalon.core.main.CustomKeywordDelegatingMetaClass.invokeStaticMethod(CustomKeywordDelegatingMetaClass.java:50)
	at SelectDayInDatePickerWithIndexII.run(SelectDayInDatePickerWithIndexII:32)
	at com.kms.katalon.core.main.ScriptEngine.run(ScriptEngine.java:194)
	at com.kms.katalon.core.main.ScriptEngine.runScriptAsRawText(ScriptEngine.java:119)
	at com.kms.katalon.core.main.TestCaseExecutor.runScript(TestCaseExecutor.java:337)
	at com.kms.katalon.core.main.TestCaseExecutor.doExecute(TestCaseExecutor.java:328)
	at com.kms.katalon.core.main.TestCaseExecutor.processExecutionPhase(TestCaseExecutor.java:307)
	at com.kms.katalon.core.main.TestCaseExecutor.accessMainPhase(TestCaseExecutor.java:299)
	at com.kms.katalon.core.main.TestCaseExecutor.execute(TestCaseExecutor.java:233)
	at com.kms.katalon.core.main.TestCaseMain.runTestCase(TestCaseMain.java:114)
	at com.kms.katalon.core.keyword.builtin.CallTestCaseKeyword$_callTestCase_closure1.doCall(CallTestCaseKeyword.groovy:59)
	at com.kms.katalon.core.keyword.builtin.CallTestCaseKeyword$_callTestCase_closure1.call(CallTestCaseKeyword.groovy)
	at com.kms.katalon.core.keyword.internal.KeywordMain.runKeyword(KeywordMain.groovy:68)
	at com.kms.katalon.core.keyword.builtin.CallTestCaseKeyword.callTestCase(CallTestCaseKeyword.groovy:81)
	at com.kms.katalon.core.keyword.builtin.CallTestCaseKeyword.execute(CallTestCaseKeyword.groovy:44)
	at com.kms.katalon.core.keyword.internal.KeywordExecutor.executeKeywordForPlatform(KeywordExecutor.groovy:72)
	at com.kms.katalon.core.keyword.BuiltinKeywords.callTestCase(BuiltinKeywords.groovy:334)
	at PFI.CourtActionsLHS.run(PFI.CourtActionsLHS:78)
	at com.kms.katalon.core.main.ScriptEngine.run(ScriptEngine.java:194)
	at com.kms.katalon.core.main.ScriptEngine.runScriptAsRawText(ScriptEngine.java:119)
	at com.kms.katalon.core.main.TestCaseExecutor.runScript(TestCaseExecutor.java:337)
	at com.kms.katalon.core.main.TestCaseExecutor.doExecute(TestCaseExecutor.java:328)
	at com.kms.katalon.core.main.TestCaseExecutor.processExecutionPhase(TestCaseExecutor.java:307)
	at com.kms.katalon.core.main.TestCaseExecutor.accessMainPhase(TestCaseExecutor.java:299)
	at com.kms.katalon.core.main.TestCaseExecutor.execute(TestCaseExecutor.java:233)
	at com.kms.katalon.core.main.TestSuiteExecutor.accessTestCaseMainPhase(TestSuiteExecutor.java:169)
	at com.kms.katalon.core.main.TestSuiteExecutor.accessTestSuiteMainPhase(TestSuiteExecutor.java:142)
	at com.kms.katalon.core.main.TestSuiteExecutor.execute(TestSuiteExecutor.java:91)
	at com.kms.katalon.core.main.TestCaseMain.startTestSuite(TestCaseMain.java:157)
	at com.kms.katalon.core.main.TestCaseMain$startTestSuite$0.call(Unknown Source)
	at TempTestSuite1591270754988.run(TempTestSuite1591270754988.groovy:36)
Caused by: java.lang.AssertionError: Web element with id: 'Object Repository/Objects.DateValidation/Page_ISPS2/Select_Day_Index' located by 'By.xpath: (//*[contains(@class, 'x-datepicker-date') and (text() = '11')])[17]' not found
	at org.testng.Assert.fail(Assert.java:93)
	at org.testng.Assert$fail.call(Unknown Source)
	at com.reusableComponents.HighlightElement.run(HighlightElement.groovy:27)
	... 32 more


2020-06-04 19:54:08 - [TEST_STEP][PASSED] - Thread.sleep(1000): null

2020-06-04 19:54:09 - [TEST_STEP][PASSED] - DateInputFld = modifyObjectProperty(findTestObject("Objects.HighlightElements/input_field_index"), "xpath", "equals", "(//*[contains(@class,'x-form-text') and (@name='" + FldNm + "')])[" + idx + "]", true): Modify property of object successfully

2020-06-04 19:54:09 - [MESSAGE][PASSED] - Modify property of object successfully

2020-06-04 19:54:09 - [TEST_STEP][PASSED] - ModifiedDay = modifyObjectProperty(findTestObject("Objects.DateValidation/Page_ISPS2/Select_Day_Index"), "xpath", "equals", "(//*[contains(@class, 'x-datepicker-date') and (text() = '" + SelectCurrentDay + "')])[" + index + "]", true): Modify property of object successfully

2020-06-04 19:54:09 - [MESSAGE][PASSED] - Modify property of object successfully

2020-06-04 19:54:09 - [TEST_STEP][PASSED] - sendKeys(DateInputFld, Keys.chord(ARROW_DOWN)): Keys 'DOWN + ' sent to object: 'Object Repository/Objects.HighlightElements/input_field_index'

2020-06-04 19:54:09 - [MESSAGE][PASSED] - Keys 'DOWN + ' sent to object: 'Object Repository/Objects.HighlightElements/input_field_index'

2020-06-04 19:54:09 - [TEST_STEP][FAILED] - com.reusableComponents.HighlightElement.run(ModifiedDay): java.lang.AssertionError: Web element with id: 'Object Repository/Objects.DateValidation/Page_ISPS2/Select_Day_Index' located by 'By.xpath: (//*[contains(@class, 'x-datepicker-date') and (text() = '11')])[17]' not found

2020-06-04 19:54:31 - [MESSAGE][INFO] - Unable to find the element located by 'By.xpath: (//*[contains(@class, 'x-datepicker-date') and (text() = '11')])[17]'. Please recheck the objects properties to make sure the desired element is located. 

2020-06-04 19:54:31 - [MESSAGE][FAILED] - java.lang.AssertionError: Web element with id: 'Object Repository/Objects.DateValidation/Page_ISPS2/Select_Day_Index' located by 'By.xpath: (//*[contains(@class, 'x-datepicker-date') and (text() = '11')])[17]' not found

2020-06-04 19:54:31 - [MESSAGE][FAILED] - Unable to call Test Case 'Test Cases/PFI Precision and Scale/PFI Components with Indexing/SelectDayInDatePickerWithIndexII' (Root cause: com.kms.katalon.core.exception.StepErrorException: Call Test Case 'Test Cases/PFI Precision and Scale/PFI Components with Indexing/SelectDayInDatePickerWithIndexII' failed because of error(s)
	at com.kms.katalon.core.keyword.builtin.CallTestCaseKeyword$_callTestCase_closure1.doCall(CallTestCaseKeyword.groovy:66)
	at com.kms.katalon.core.keyword.builtin.CallTestCaseKeyword$_callTestCase_closure1.call(CallTestCaseKeyword.groovy)
	at com.kms.katalon.core.keyword.internal.KeywordMain.runKeyword(KeywordMain.groovy:68)
	at com.kms.katalon.core.keyword.builtin.CallTestCaseKeyword.callTestCase(CallTestCaseKeyword.groovy:81)
	at com.kms.katalon.core.keyword.builtin.CallTestCaseKeyword.execute(CallTestCaseKeyword.groovy:44)
	at com.kms.katalon.core.keyword.internal.KeywordExecutor.executeKeywordForPlatform(KeywordExecutor.groovy:72)
	at com.kms.katalon.core.keyword.BuiltinKeywords.callTestCase(BuiltinKeywords.groovy:334)
	at PFI.CourtActionsLHS.run(PFI.CourtActionsLHS:78)
	at com.kms.katalon.core.main.ScriptEngine.run(ScriptEngine.java:194)
	at com.kms.katalon.core.main.ScriptEngine.runScriptAsRawText(ScriptEngine.java:119)
	at com.kms.katalon.core.main.TestCaseExecutor.runScript(TestCaseExecutor.java:337)
	at com.kms.katalon.core.main.TestCaseExecutor.doExecute(TestCaseExecutor.java:328)
	at com.kms.katalon.core.main.TestCaseExecutor.processExecutionPhase(TestCaseExecutor.java:307)
	at com.kms.katalon.core.main.TestCaseExecutor.accessMainPhase(TestCaseExecutor.java:299)
	at com.kms.katalon.core.main.TestCaseExecutor.execute(TestCaseExecutor.java:233)
	at com.kms.katalon.core.main.TestSuiteExecutor.accessTestCaseMainPhase(TestSuiteExecutor.java:169)
	at com.kms.katalon.core.main.TestSuiteExecutor.accessTestSuiteMainPhase(TestSuiteExecutor.java:142)
	at com.kms.katalon.core.main.TestSuiteExecutor.execute(TestSuiteExecutor.java:91)
	at com.kms.katalon.core.main.TestCaseMain.startTestSuite(TestCaseMain.java:157)
	at com.kms.katalon.core.main.TestCaseMain$startTestSuite$0.call(Unknown Source)
	at TempTestSuite1591270754988.run(TempTestSuite1591270754988.groovy:36)
Caused by: org.codehaus.groovy.runtime.InvokerInvocationException: java.lang.AssertionError: Web element with id: 'Object Repository/Objects.DateValidation/Page_ISPS2/Select_Day_Index' located by 'By.xpath: (//*[contains(@class, 'x-datepicker-date') and (text() = '11')])[17]' not found
	at com.reusableComponents.HighlightElement.invokeMethod(HighlightElement.groovy)
	at com.kms.katalon.core.main.CustomKeywordDelegatingMetaClass.invokeStaticMethod(CustomKeywordDelegatingMetaClass.java:50)
	at SelectDayInDatePickerWithIndexII.run(SelectDayInDatePickerWithIndexII:32)
	at com.kms.katalon.core.main.ScriptEngine.run(ScriptEngine.java:194)
	at com.kms.katalon.core.main.ScriptEngine.runScriptAsRawText(ScriptEngine.java:119)
	at com.kms.katalon.core.main.TestCaseExecutor.runScript(TestCaseExecutor.java:337)
	at com.kms.katalon.core.main.TestCaseExecutor.doExecute(TestCaseExecutor.java:328)
	at com.kms.katalon.core.main.TestCaseExecutor.processExecutionPhase(TestCaseExecutor.java:307)
	at com.kms.katalon.core.main.TestCaseExecutor.accessMainPhase(TestCaseExecutor.java:299)
	at com.kms.katalon.core.main.TestCaseExecutor.execute(TestCaseExecutor.java:233)
	at com.kms.katalon.core.main.TestCaseMain.runTestCase(TestCaseMain.java:114)
	at com.kms.katalon.core.keyword.builtin.CallTestCaseKeyword$_callTestCase_closure1.doCall(CallTestCaseKeyword.groovy:59)
	... 20 more
Caused by: java.lang.AssertionError: Web element with id: 'Object Repository/Objects.DateValidation/Page_ISPS2/Select_Day_Index' located by 'By.xpath: (//*[contains(@class, 'x-datepicker-date') and (text() = '11')])[17]' not found
	at org.testng.Assert.fail(Assert.java:93)
	at org.testng.Assert$fail.call(Unknown Source)
	at com.reusableComponents.HighlightElement.run(HighlightElement.groovy:27)
	... 32 more
)]]></system-out>
         <system-err><![CDATA[2020-06-04 19:53:41 - [TEST_CASE][ERROR] - Test Cases/PFI Precision and Scale/PFI Test Cases/Process Case (PFI)/PFI.CourtActionsLHS: Test Cases/PFI Precision and Scale/PFI Test Cases/Process Case (PFI)/PFI.CourtActionsLHS FAILED.
Reason:
com.kms.katalon.core.exception.StepErrorException: Call Test Case 'Test Cases/PFI Precision and Scale/PFI Components with Indexing/SelectDayInDatePickerWithIndexII' failed because of error(s)
	at com.kms.katalon.core.keyword.builtin.CallTestCaseKeyword$_callTestCase_closure1.doCall(CallTestCaseKeyword.groovy:66)
	at com.kms.katalon.core.keyword.builtin.CallTestCaseKeyword$_callTestCase_closure1.call(CallTestCaseKeyword.groovy)
	at com.kms.katalon.core.keyword.internal.KeywordMain.runKeyword(KeywordMain.groovy:68)
	at com.kms.katalon.core.keyword.builtin.CallTestCaseKeyword.callTestCase(CallTestCaseKeyword.groovy:81)
	at com.kms.katalon.core.keyword.builtin.CallTestCaseKeyword.execute(CallTestCaseKeyword.groovy:44)
	at com.kms.katalon.core.keyword.internal.KeywordExecutor.executeKeywordForPlatform(KeywordExecutor.groovy:72)
	at com.kms.katalon.core.keyword.BuiltinKeywords.callTestCase(BuiltinKeywords.groovy:334)
	at PFI.CourtActionsLHS.run(PFI.CourtActionsLHS:78)
	at com.kms.katalon.core.main.ScriptEngine.run(ScriptEngine.java:194)
	at com.kms.katalon.core.main.ScriptEngine.runScriptAsRawText(ScriptEngine.java:119)
	at com.kms.katalon.core.main.TestCaseExecutor.runScript(TestCaseExecutor.java:337)
	at com.kms.katalon.core.main.TestCaseExecutor.doExecute(TestCaseExecutor.java:328)
	at com.kms.katalon.core.main.TestCaseExecutor.processExecutionPhase(TestCaseExecutor.java:307)
	at com.kms.katalon.core.main.TestCaseExecutor.accessMainPhase(TestCaseExecutor.java:299)
	at com.kms.katalon.core.main.TestCaseExecutor.execute(TestCaseExecutor.java:233)
	at com.kms.katalon.core.main.TestSuiteExecutor.accessTestCaseMainPhase(TestSuiteExecutor.java:169)
	at com.kms.katalon.core.main.TestSuiteExecutor.accessTestSuiteMainPhase(TestSuiteExecutor.java:142)
	at com.kms.katalon.core.main.TestSuiteExecutor.execute(TestSuiteExecutor.java:91)
	at com.kms.katalon.core.main.TestCaseMain.startTestSuite(TestCaseMain.java:157)
	at com.kms.katalon.core.main.TestCaseMain$startTestSuite$0.call(Unknown Source)
	at TempTestSuite1591270754988.run(TempTestSuite1591270754988.groovy:36)
Caused by: org.codehaus.groovy.runtime.InvokerInvocationException: java.lang.AssertionError: Web element with id: 'Object Repository/Objects.DateValidation/Page_ISPS2/Select_Day_Index' located by 'By.xpath: (//*[contains(@class, 'x-datepicker-date') and (text() = '11')])[17]' not found
	at com.reusableComponents.HighlightElement.invokeMethod(HighlightElement.groovy)
	at com.kms.katalon.core.main.CustomKeywordDelegatingMetaClass.invokeStaticMethod(CustomKeywordDelegatingMetaClass.java:50)
	at SelectDayInDatePickerWithIndexII.run(SelectDayInDatePickerWithIndexII:32)
	at com.kms.katalon.core.main.ScriptEngine.run(ScriptEngine.java:194)
	at com.kms.katalon.core.main.ScriptEngine.runScriptAsRawText(ScriptEngine.java:119)
	at com.kms.katalon.core.main.TestCaseExecutor.runScript(TestCaseExecutor.java:337)
	at com.kms.katalon.core.main.TestCaseExecutor.doExecute(TestCaseExecutor.java:328)
	at com.kms.katalon.core.main.TestCaseExecutor.processExecutionPhase(TestCaseExecutor.java:307)
	at com.kms.katalon.core.main.TestCaseExecutor.accessMainPhase(TestCaseExecutor.java:299)
	at com.kms.katalon.core.main.TestCaseExecutor.execute(TestCaseExecutor.java:233)
	at com.kms.katalon.core.main.TestCaseMain.runTestCase(TestCaseMain.java:114)
	at com.kms.katalon.core.keyword.builtin.CallTestCaseKeyword$_callTestCase_closure1.doCall(CallTestCaseKeyword.groovy:59)
	... 20 more
Caused by: java.lang.AssertionError: Web element with id: 'Object Repository/Objects.DateValidation/Page_ISPS2/Select_Day_Index' located by 'By.xpath: (//*[contains(@class, 'x-datepicker-date') and (text() = '11')])[17]' not found
	at org.testng.Assert.fail(Assert.java:93)
	at org.testng.Assert$fail.call(Unknown Source)
	at com.reusableComponents.HighlightElement.run(HighlightElement.groovy:27)
	... 32 more]]></system-err>
      </testcase>
      <system-out><![CDATA[2020-06-04 19:39:28 - [TEST_SUITE][FAILED] - Page Section: Test Cases/PFI Precision and Scale/PFI Test Cases/Process Case (PFI)/PFI.PELHS FAILED.
Reason:
com.kms.katalon.core.exception.StepFailedException: Call Test Case 'Test Cases/PFI Precision and Scale/PFI Components/VerifyDropdownValues' failed
	at com.kms.katalon.core.keyword.builtin.CallTestCaseKeyword$_callTestCase_closure1.doCall(CallTestCaseKeyword.groovy:63)
	at com.kms.katalon.core.keyword.builtin.CallTestCaseKeyword$_callTestCase_closure1.call(CallTestCaseKeyword.groovy)
	at com.kms.katalon.core.keyword.internal.KeywordMain.runKeyword(KeywordMain.groovy:68)
	at com.kms.katalon.core.keyword.builtin.CallTestCaseKeyword.callTestCase(CallTestCaseKeyword.groovy:81)
	at com.kms.katalon.core.keyword.builtin.CallTestCaseKeyword.execute(CallTestCaseKeyword.groovy:44)
	at com.kms.katalon.core.keyword.internal.KeywordExecutor.executeKeywordForPlatform(KeywordExecutor.groovy:72)
	at com.kms.katalon.core.keyword.BuiltinKeywords.callTestCase(BuiltinKeywords.groovy:334)
	at PFI.PELHS.run(PFI.PELHS:54)
	at com.kms.katalon.core.main.ScriptEngine.run(ScriptEngine.java:194)
	at com.kms.katalon.core.main.ScriptEngine.runScriptAsRawText(ScriptEngine.java:119)
	at com.kms.katalon.core.main.TestCaseExecutor.runScript(TestCaseExecutor.java:337)
	at com.kms.katalon.core.main.TestCaseExecutor.doExecute(TestCaseExecutor.java:328)
	at com.kms.katalon.core.main.TestCaseExecutor.processExecutionPhase(TestCaseExecutor.java:307)
	at com.kms.katalon.core.main.TestCaseExecutor.accessMainPhase(TestCaseExecutor.java:299)
	at com.kms.katalon.core.main.TestCaseExecutor.execute(TestCaseExecutor.java:233)
	at com.kms.katalon.core.main.TestSuiteExecutor.accessTestCaseMainPhase(TestSuiteExecutor.java:169)
	at com.kms.katalon.core.main.TestSuiteExecutor.accessTestSuiteMainPhase(TestSuiteExecutor.java:142)
	at com.kms.katalon.core.main.TestSuiteExecutor.execute(TestSuiteExecutor.java:91)
	at com.kms.katalon.core.main.TestCaseMain.startTestSuite(TestCaseMain.java:157)
	at com.kms.katalon.core.main.TestCaseMain$startTestSuite$0.call(Unknown Source)
	at TempTestSuite1591270754988.run(TempTestSuite1591270754988.groovy:36)
Caused by: com.kms.katalon.core.exception.StepFailedException: Unable to send keys '' to object 'Object Repository/Objects.HighlightElements/input_field'
	at com.kms.katalon.core.webui.keyword.internal.WebUIKeywordMain.stepFailed(WebUIKeywordMain.groovy:64)
	at com.kms.katalon.core.webui.keyword.internal.WebUIKeywordMain.runKeyword(WebUIKeywordMain.groovy:26)
	at com.kms.katalon.core.webui.keyword.builtin.SendKeysKeyword.sendKeys(SendKeysKeyword.groovy:60)
	at com.kms.katalon.core.webui.keyword.builtin.SendKeysKeyword.execute(SendKeysKeyword.groovy:38)
	at com.kms.katalon.core.keyword.internal.KeywordExecutor.executeKeywordForPlatform(KeywordExecutor.groovy:72)
	at com.kms.katalon.core.webui.keyword.WebUiBuiltInKeywords.sendKeys(WebUiBuiltInKeywords.groovy:834)
	at com.kms.katalon.core.webui.keyword.WebUiBuiltInKeywords$sendKeys$8.call(Unknown Source)
	at VerifyDropdownValues.run(VerifyDropdownValues:52)
	at com.kms.katalon.core.main.ScriptEngine.run(ScriptEngine.java:194)
	at com.kms.katalon.core.main.ScriptEngine.runScriptAsRawText(ScriptEngine.java:119)
	at com.kms.katalon.core.main.TestCaseExecutor.runScript(TestCaseExecutor.java:337)
	at com.kms.katalon.core.main.TestCaseExecutor.doExecute(TestCaseExecutor.java:328)
	at com.kms.katalon.core.main.TestCaseExecutor.processExecutionPhase(TestCaseExecutor.java:307)
	at com.kms.katalon.core.main.TestCaseExecutor.accessMainPhase(TestCaseExecutor.java:299)
	at com.kms.katalon.core.main.TestCaseExecutor.execute(TestCaseExecutor.java:233)
	at com.kms.katalon.core.main.TestCaseMain.runTestCase(TestCaseMain.java:114)
	at com.kms.katalon.core.keyword.builtin.CallTestCaseKeyword$_callTestCase_closure1.doCall(CallTestCaseKeyword.groovy:59)
	... 20 more
Caused by: org.openqa.selenium.ElementNotInteractableException: element not interactable
  (Session info: MicrosoftEdge=83.0.478.44)
Build info: version: '3.141.59', revision: 'e82be7d358', time: '2018-11-14T08:25:53'
System info: host: 'NSNB-108', ip: '192.168.16.39', os.name: 'Windows 10', os.arch: 'amd64', os.version: '10.0', java.version: '1.8.0_181'
Driver info: com.kms.katalon.selenium.driver.CEdgeDriver
Capabilities {acceptInsecureCerts: false, browserName: msedge, browserVersion: 83.0.478.44, javascriptEnabled: true, ms:edgeOptions: {debuggerAddress: localhost:61403}, msedge: {msedgedriverVersion: 83.0.478.37 (7feb1dfc5bdafe..., userDataDir: C:\Users\19023-~1\AppData\L...}, networkConnectionEnabled: false, pageLoadStrategy: normal, platform: WINDOWS, platformName: WINDOWS, proxy: Proxy(), setWindowRect: true, strictFileInteractability: false, timeouts: {implicit: 0, pageLoad: 300000, script: 30000}, unhandledPromptBehavior: dismiss and notify, webauthn:virtualAuthenticators: true}
Session ID: cd20843c006eeec7b886de652ed2ad89
	at org.openqa.selenium.remote.http.W3CHttpResponseCodec.createException(W3CHttpResponseCodec.java:187)
	at org.openqa.selenium.remote.http.W3CHttpResponseCodec.decode(W3CHttpResponseCodec.java:122)
	at org.openqa.selenium.remote.http.W3CHttpResponseCodec.decode(W3CHttpResponseCodec.java:49)
	at org.openqa.selenium.remote.HttpCommandExecutor.execute(HttpCommandExecutor.java:158)
	at org.openqa.selenium.remote.service.DriverCommandExecutor.execute(DriverCommandExecutor.java:83)
	at org.openqa.selenium.remote.RemoteWebDriver.execute(RemoteWebDriver.java:552)
	at com.kms.katalon.selenium.driver.CEdgeDriver.execute(CEdgeDriver.java:20)
	at org.openqa.selenium.remote.RemoteWebElement.execute(RemoteWebElement.java:285)
	at org.openqa.selenium.remote.RemoteWebElement.sendKeys(RemoteWebElement.java:106)
	at org.openqa.selenium.support.events.EventFiringWebDriver$EventFiringWebElement.lambda$new$0(EventFiringWebDriver.java:404)
	at com.sun.proxy.$Proxy9.sendKeys(Unknown Source)
	at org.openqa.selenium.support.events.EventFiringWebDriver$EventFiringWebElement.sendKeys(EventFiringWebDriver.java:429)
	at com.kms.katalon.core.webui.keyword.builtin.SendKeysKeyword$_sendKeys_closure1.doCall(SendKeysKeyword.groovy:53)
	at com.kms.katalon.core.webui.keyword.builtin.SendKeysKeyword$_sendKeys_closure1.call(SendKeysKeyword.groovy)
	at com.kms.katalon.core.webui.keyword.internal.WebUIKeywordMain.runKeyword(WebUIKeywordMain.groovy:20)
	... 35 more]]></system-out>
      <system-err><![CDATA[2020-06-04 19:39:28 - [TEST_SUITE][FAILED] - Page Section: Test Cases/PFI Precision and Scale/PFI Test Cases/Process Case (PFI)/PFI.PELHS FAILED.
Reason:
com.kms.katalon.core.exception.StepFailedException: Call Test Case 'Test Cases/PFI Precision and Scale/PFI Components/VerifyDropdownValues' failed
	at com.kms.katalon.core.keyword.builtin.CallTestCaseKeyword$_callTestCase_closure1.doCall(CallTestCaseKeyword.groovy:63)
	at com.kms.katalon.core.keyword.builtin.CallTestCaseKeyword$_callTestCase_closure1.call(CallTestCaseKeyword.groovy)
	at com.kms.katalon.core.keyword.internal.KeywordMain.runKeyword(KeywordMain.groovy:68)
	at com.kms.katalon.core.keyword.builtin.CallTestCaseKeyword.callTestCase(CallTestCaseKeyword.groovy:81)
	at com.kms.katalon.core.keyword.builtin.CallTestCaseKeyword.execute(CallTestCaseKeyword.groovy:44)
	at com.kms.katalon.core.keyword.internal.KeywordExecutor.executeKeywordForPlatform(KeywordExecutor.groovy:72)
	at com.kms.katalon.core.keyword.BuiltinKeywords.callTestCase(BuiltinKeywords.groovy:334)
	at PFI.PELHS.run(PFI.PELHS:54)
	at com.kms.katalon.core.main.ScriptEngine.run(ScriptEngine.java:194)
	at com.kms.katalon.core.main.ScriptEngine.runScriptAsRawText(ScriptEngine.java:119)
	at com.kms.katalon.core.main.TestCaseExecutor.runScript(TestCaseExecutor.java:337)
	at com.kms.katalon.core.main.TestCaseExecutor.doExecute(TestCaseExecutor.java:328)
	at com.kms.katalon.core.main.TestCaseExecutor.processExecutionPhase(TestCaseExecutor.java:307)
	at com.kms.katalon.core.main.TestCaseExecutor.accessMainPhase(TestCaseExecutor.java:299)
	at com.kms.katalon.core.main.TestCaseExecutor.execute(TestCaseExecutor.java:233)
	at com.kms.katalon.core.main.TestSuiteExecutor.accessTestCaseMainPhase(TestSuiteExecutor.java:169)
	at com.kms.katalon.core.main.TestSuiteExecutor.accessTestSuiteMainPhase(TestSuiteExecutor.java:142)
	at com.kms.katalon.core.main.TestSuiteExecutor.execute(TestSuiteExecutor.java:91)
	at com.kms.katalon.core.main.TestCaseMain.startTestSuite(TestCaseMain.java:157)
	at com.kms.katalon.core.main.TestCaseMain$startTestSuite$0.call(Unknown Source)
	at TempTestSuite1591270754988.run(TempTestSuite1591270754988.groovy:36)
Caused by: com.kms.katalon.core.exception.StepFailedException: Unable to send keys '' to object 'Object Repository/Objects.HighlightElements/input_field'
	at com.kms.katalon.core.webui.keyword.internal.WebUIKeywordMain.stepFailed(WebUIKeywordMain.groovy:64)
	at com.kms.katalon.core.webui.keyword.internal.WebUIKeywordMain.runKeyword(WebUIKeywordMain.groovy:26)
	at com.kms.katalon.core.webui.keyword.builtin.SendKeysKeyword.sendKeys(SendKeysKeyword.groovy:60)
	at com.kms.katalon.core.webui.keyword.builtin.SendKeysKeyword.execute(SendKeysKeyword.groovy:38)
	at com.kms.katalon.core.keyword.internal.KeywordExecutor.executeKeywordForPlatform(KeywordExecutor.groovy:72)
	at com.kms.katalon.core.webui.keyword.WebUiBuiltInKeywords.sendKeys(WebUiBuiltInKeywords.groovy:834)
	at com.kms.katalon.core.webui.keyword.WebUiBuiltInKeywords$sendKeys$8.call(Unknown Source)
	at VerifyDropdownValues.run(VerifyDropdownValues:52)
	at com.kms.katalon.core.main.ScriptEngine.run(ScriptEngine.java:194)
	at com.kms.katalon.core.main.ScriptEngine.runScriptAsRawText(ScriptEngine.java:119)
	at com.kms.katalon.core.main.TestCaseExecutor.runScript(TestCaseExecutor.java:337)
	at com.kms.katalon.core.main.TestCaseExecutor.doExecute(TestCaseExecutor.java:328)
	at com.kms.katalon.core.main.TestCaseExecutor.processExecutionPhase(TestCaseExecutor.java:307)
	at com.kms.katalon.core.main.TestCaseExecutor.accessMainPhase(TestCaseExecutor.java:299)
	at com.kms.katalon.core.main.TestCaseExecutor.execute(TestCaseExecutor.java:233)
	at com.kms.katalon.core.main.TestCaseMain.runTestCase(TestCaseMain.java:114)
	at com.kms.katalon.core.keyword.builtin.CallTestCaseKeyword$_callTestCase_closure1.doCall(CallTestCaseKeyword.groovy:59)
	... 20 more
Caused by: org.openqa.selenium.ElementNotInteractableException: element not interactable
  (Session info: MicrosoftEdge=83.0.478.44)
Build info: version: '3.141.59', revision: 'e82be7d358', time: '2018-11-14T08:25:53'
System info: host: 'NSNB-108', ip: '192.168.16.39', os.name: 'Windows 10', os.arch: 'amd64', os.version: '10.0', java.version: '1.8.0_181'
Driver info: com.kms.katalon.selenium.driver.CEdgeDriver
Capabilities {acceptInsecureCerts: false, browserName: msedge, browserVersion: 83.0.478.44, javascriptEnabled: true, ms:edgeOptions: {debuggerAddress: localhost:61403}, msedge: {msedgedriverVersion: 83.0.478.37 (7feb1dfc5bdafe..., userDataDir: C:\Users\19023-~1\AppData\L...}, networkConnectionEnabled: false, pageLoadStrategy: normal, platform: WINDOWS, platformName: WINDOWS, proxy: Proxy(), setWindowRect: true, strictFileInteractability: false, timeouts: {implicit: 0, pageLoad: 300000, script: 30000}, unhandledPromptBehavior: dismiss and notify, webauthn:virtualAuthenticators: true}
Session ID: cd20843c006eeec7b886de652ed2ad89
	at org.openqa.selenium.remote.http.W3CHttpResponseCodec.createException(W3CHttpResponseCodec.java:187)
	at org.openqa.selenium.remote.http.W3CHttpResponseCodec.decode(W3CHttpResponseCodec.java:122)
	at org.openqa.selenium.remote.http.W3CHttpResponseCodec.decode(W3CHttpResponseCodec.java:49)
	at org.openqa.selenium.remote.HttpCommandExecutor.execute(HttpCommandExecutor.java:158)
	at org.openqa.selenium.remote.service.DriverCommandExecutor.execute(DriverCommandExecutor.java:83)
	at org.openqa.selenium.remote.RemoteWebDriver.execute(RemoteWebDriver.java:552)
	at com.kms.katalon.selenium.driver.CEdgeDriver.execute(CEdgeDriver.java:20)
	at org.openqa.selenium.remote.RemoteWebElement.execute(RemoteWebElement.java:285)
	at org.openqa.selenium.remote.RemoteWebElement.sendKeys(RemoteWebElement.java:106)
	at org.openqa.selenium.support.events.EventFiringWebDriver$EventFiringWebElement.lambda$new$0(EventFiringWebDriver.java:404)
	at com.sun.proxy.$Proxy9.sendKeys(Unknown Source)
	at org.openqa.selenium.support.events.EventFiringWebDriver$EventFiringWebElement.sendKeys(EventFiringWebDriver.java:429)
	at com.kms.katalon.core.webui.keyword.builtin.SendKeysKeyword$_sendKeys_closure1.doCall(SendKeysKeyword.groovy:53)
	at com.kms.katalon.core.webui.keyword.builtin.SendKeysKeyword$_sendKeys_closure1.call(SendKeysKeyword.groovy)
	at com.kms.katalon.core.webui.keyword.internal.WebUIKeywordMain.runKeyword(WebUIKeywordMain.groovy:20)
	... 35 more]]></system-err>
   </testsuite>
</testsuites>
