<?xml version="1.0" encoding="UTF-8"?>
<testsuites name="Reports" time="102.014" tests="1" failures="0" errors="0">
   <testsuite name="Reports" tests="1" failures="0" errors="0" time="102.014" timestamp="2020-06-25 10:06:42" hostname="19023-RAC - 192.168.16.39" id="Test Suites/JIRA Automated Regression Suites (JARS)/BE/Reports">
      <properties>
         <property name="deviceName" value=""/>
         <property name="devicePlatform" value=""/>
         <property name="logFolder" value="C:\\Users\\19023-RAC\\Desktop\\New Automation Copy\\Reports\\20200625_100636\\JIRA Automated Regression Suites (JARS)\\BE\\Reports\\20200625_100636"/>
         <property name="logFiles" value="C:\\Users\\19023-RAC\\Desktop\\New Automation Copy\\Reports\\20200625_100636\\JIRA Automated Regression Suites (JARS)\\BE\\Reports\\20200625_100636\\execution0.log"/>
         <property name="attachments" value=""/>
         <property name="hostName" value="19023-RAC - 192.168.16.39"/>
         <property name="os" value="Windows 10 64bit"/>
         <property name="katalonVersion" value="7.2.1.1"/>
         <property name="browser" value="Chrome 83.0.4103.106"/>
         <property name="hostAddress" value="192.168.16.39"/>
         <property name="sessionId" value="4ccd4b2a28781a287e35c32bbf367597"/>
         <property name="seleniumVersion" value="3.141.59"/>
         <property name="proxyInformation" value="ProxyInformation{proxyOption=NO_PROXY, proxyServerType=HTTP, password=, proxyServerAddress=, proxyServerPort=0, executionList=}"/>
         <property name="platform" value="Windows 10"/>
      </properties>
      <testcase name="Test Cases/Jira/BE/Reports/BCAISPS-14679/BCAISPS-14679.TC001" time="101.793" classname="Test Cases/Jira/BE/Reports/BCAISPS-14679/BCAISPS-14679.TC001" status="PASSED">
         <system-out><![CDATA[2020-06-25 10:06:42 - [TEST_CASE][PASSED] - Test Cases/Jira/BE/Reports/BCAISPS-14679/BCAISPS-14679.TC001: Test Cases/Jira/BE/Reports/BCAISPS-14679/BCAISPS-14679.TC001

2020-06-25 10:06:42 - [TEST_STEP][PASSED] - callTestCase(findTestCase("Components/LoginV2.0"), ["LinkToBeUsed":findTestData("Datatable").getValue("URL", 2), "LoginPageTextToBeVerified":findTestData("Datatable").getValue("HomeBanner", 2), ... ], STOP_ON_FAILURE): Call Test Case 'Test Cases/Components/LoginV2.0' successfully

2020-06-25 10:06:42 - [TEST_CASE][PASSED] - Test Cases/Components/LoginV2.0: Test Cases/Components/LoginV2.0

2020-06-25 10:06:43 - [TEST_STEP][PASSED] - openBrowser(LinkToBeUsed): Browser is opened with url: 'http://192.168.190.37:3012/isps2-mig/authnz/login.do'

2020-06-25 10:06:43 - [MESSAGE][INFO] - Starting 'Edge' driver

2020-06-25 10:06:43 - [MESSAGE][INFO] - Action delay is set to 0 seconds

2020-06-25 10:06:58 - [MESSAGE][PASSED] - Browser is opened with url: 'http://192.168.190.37:3012/isps2-mig/authnz/login.do'

2020-06-25 10:06:58 - [TEST_STEP][PASSED] - maximizeWindow(): Current window maximized

2020-06-25 10:07:00 - [MESSAGE][PASSED] - Current window maximized

2020-06-25 10:07:00 - [TEST_STEP][PASSED] - verifyTextPresent(LoginPageTextToBeVerified, false): Text 'Sign in to ISPS2-SIT' is present on page 

2020-06-25 10:07:00 - [MESSAGE][PASSED] - Text 'Sign in to ISPS2-SIT' is present on page 

2020-06-25 10:07:00 - [TEST_STEP][PASSED] - setText(findTestObject("Objects.LoginV2.0/Login Page/input_Sign in to ISPS2-PROD-Verify_username"), Username): Text 'sysadmin' is set on object 'Object Repository/Objects.LoginV2.0/Login Page/input_Sign in to ISPS2-PROD-Verify_username'

2020-06-25 10:07:01 - [MESSAGE][PASSED] - Text 'sysadmin' is set on object 'Object Repository/Objects.LoginV2.0/Login Page/input_Sign in to ISPS2-PROD-Verify_username'

2020-06-25 10:07:01 - [TEST_STEP][PASSED] - setEncryptedText(findTestObject("Objects.LoginV2.0/Login Page/input_This field is required_password"), Password): Text ****** has been set on object 'Object Repository/Objects.LoginV2.0/Login Page/input_This field is required_password'

2020-06-25 10:07:01 - [MESSAGE][PASSED] - Text ****** has been set on object 'Object Repository/Objects.LoginV2.0/Login Page/input_This field is required_password'

2020-06-25 10:07:01 - [TEST_STEP][NOT_RUN] - setEncryptedText(findTestObject(null), Password): NOT_RUN: setEncryptedText(findTestObject(null), Password)

2020-06-25 10:07:01 - [MESSAGE][NOT_RUN] - NOT_RUN: setEncryptedText(findTestObject(null), Password)

2020-06-25 10:07:01 - [TEST_STEP][PASSED] - click(findTestObject("Objects.LoginV2.0/Login Page/div_Sign in to ISPS2-PROD-Verify_NovaGoButton-1021"), OPTIONAL): Object: 'Object Repository/Objects.LoginV2.0/Login Page/div_Sign in to ISPS2-PROD-Verify_NovaGoButton-1021' is clicked on

2020-06-25 10:07:01 - [MESSAGE][PASSED] - Object: 'Object Repository/Objects.LoginV2.0/Login Page/div_Sign in to ISPS2-PROD-Verify_NovaGoButton-1021' is clicked on

2020-06-25 10:07:01 - [TEST_STEP][PASSED] - waitForPageLoad(30): Wait for page load successfully

2020-06-25 10:07:01 - [MESSAGE][PASSED] - Wait for page load successfully

2020-06-25 10:07:01 - [TEST_STEP][PASSED] - Thread.sleep(3000): null

2020-06-25 10:07:04 - [MESSAGE][PASSED] - Call Test Case 'Test Cases/Components/LoginV2.0' successfully

2020-06-25 10:07:04 - [TEST_STEP][PASSED] - callTestCase(findTestCase("Components/Wait"), ["secondsToWait":5000], STOP_ON_FAILURE): Call Test Case 'Test Cases/Components/Wait' successfully

2020-06-25 10:07:04 - [TEST_CASE][PASSED] - Test Cases/Components/Wait: Test Cases/Components/Wait

2020-06-25 10:07:04 - [TEST_STEP][PASSED] - Thread.sleep(secondsToWait): null

2020-06-25 10:07:09 - [MESSAGE][PASSED] - Call Test Case 'Test Cases/Components/Wait' successfully

2020-06-25 10:07:09 - [TEST_STEP][PASSED] - callTestCase(findTestCase("Components/OpenHomepageMenu"), [:], STOP_ON_FAILURE): Call Test Case 'Test Cases/Components/OpenHomepageMenu' successfully

2020-06-25 10:07:09 - [TEST_CASE][PASSED] - Test Cases/Components/OpenHomepageMenu: Test Cases/Components/OpenHomepageMenu

2020-06-25 10:07:09 - [TEST_STEP][PASSED] - Thread.sleep(1000): null

2020-06-25 10:07:10 - [TEST_STEP][PASSED] - verifyTextPresent("Loading search result. Please wait...", false, OPTIONAL): Text 'Loading search result. Please wait...' is not present on page  (Root cause: com.kms.katalon.core.exception.StepFailedException: Text 'Loading search result. Please wait...' is not present on page 
	at com.kms.katalon.core.webui.keyword.internal.WebUIKeywordMain.stepFailed(WebUIKeywordMain.groovy:64)
	at com.kms.katalon.core.webui.keyword.builtin.VerifyTextPresentKeyword$_verifyTextPresent_closure1.doCall(VerifyTextPresentKeyword.groovy:79)
	at com.kms.katalon.core.webui.keyword.builtin.VerifyTextPresentKeyword$_verifyTextPresent_closure1.call(VerifyTextPresentKeyword.groovy)
	at com.kms.katalon.core.webui.keyword.internal.WebUIKeywordMain.runKeyword(WebUIKeywordMain.groovy:20)
	at com.kms.katalon.core.webui.keyword.builtin.VerifyTextPresentKeyword.verifyTextPresent(VerifyTextPresentKeyword.groovy:83)
	at com.kms.katalon.core.webui.keyword.builtin.VerifyTextPresentKeyword.execute(VerifyTextPresentKeyword.groovy:68)
	at com.kms.katalon.core.keyword.internal.KeywordExecutor.executeKeywordForPlatform(KeywordExecutor.groovy:72)
	at com.kms.katalon.core.webui.keyword.WebUiBuiltInKeywords.verifyTextPresent(WebUiBuiltInKeywords.groovy:1677)
	at com.kms.katalon.core.webui.keyword.WebUiBuiltInKeywords$verifyTextPresent$6.call(Unknown Source)
	at OpenHomepageMenu.run(OpenHomepageMenu:18)
	at com.kms.katalon.core.main.ScriptEngine.run(ScriptEngine.java:194)
	at com.kms.katalon.core.main.ScriptEngine.runScriptAsRawText(ScriptEngine.java:119)
	at com.kms.katalon.core.main.TestCaseExecutor.runScript(TestCaseExecutor.java:337)
	at com.kms.katalon.core.main.TestCaseExecutor.doExecute(TestCaseExecutor.java:328)
	at com.kms.katalon.core.main.TestCaseExecutor.processExecutionPhase(TestCaseExecutor.java:307)
	at com.kms.katalon.core.main.TestCaseExecutor.accessMainPhase(TestCaseExecutor.java:299)
	at com.kms.katalon.core.main.TestCaseExecutor.execute(TestCaseExecutor.java:233)
	at com.kms.katalon.core.main.TestCaseMain.runTestCase(TestCaseMain.java:114)
	at com.kms.katalon.core.keyword.builtin.CallTestCaseKeyword$_callTestCase_closure1.doCall(CallTestCaseKeyword.groovy:59)
	at com.kms.katalon.core.keyword.builtin.CallTestCaseKeyword$_callTestCase_closure1.call(CallTestCaseKeyword.groovy)
	at com.kms.katalon.core.keyword.internal.KeywordMain.runKeyword(KeywordMain.groovy:68)
	at com.kms.katalon.core.keyword.builtin.CallTestCaseKeyword.callTestCase(CallTestCaseKeyword.groovy:81)
	at com.kms.katalon.core.keyword.builtin.CallTestCaseKeyword.execute(CallTestCaseKeyword.groovy:44)
	at com.kms.katalon.core.keyword.internal.KeywordExecutor.executeKeywordForPlatform(KeywordExecutor.groovy:72)
	at com.kms.katalon.core.keyword.BuiltinKeywords.callTestCase(BuiltinKeywords.groovy:334)
	at BCAISPS-14679.TC001.run(BCAISPS-14679.TC001:34)
	at com.kms.katalon.core.main.ScriptEngine.run(ScriptEngine.java:194)
	at com.kms.katalon.core.main.ScriptEngine.runScriptAsRawText(ScriptEngine.java:119)
	at com.kms.katalon.core.main.TestCaseExecutor.runScript(TestCaseExecutor.java:337)
	at com.kms.katalon.core.main.TestCaseExecutor.doExecute(TestCaseExecutor.java:328)
	at com.kms.katalon.core.main.TestCaseExecutor.processExecutionPhase(TestCaseExecutor.java:307)
	at com.kms.katalon.core.main.TestCaseExecutor.accessMainPhase(TestCaseExecutor.java:299)
	at com.kms.katalon.core.main.TestCaseExecutor.execute(TestCaseExecutor.java:233)
	at com.kms.katalon.core.main.TestSuiteExecutor.accessTestCaseMainPhase(TestSuiteExecutor.java:169)
	at com.kms.katalon.core.main.TestSuiteExecutor.accessTestSuiteMainPhase(TestSuiteExecutor.java:142)
	at com.kms.katalon.core.main.TestSuiteExecutor.execute(TestSuiteExecutor.java:91)
	at com.kms.katalon.core.main.TestCaseMain.startTestSuite(TestCaseMain.java:157)
	at com.kms.katalon.core.main.TestCaseMain$startTestSuite$0.call(Unknown Source)
	at TempTestSuite1593050800599.run(TempTestSuite1593050800599.groovy:36)
)

2020-06-25 10:07:11 - [MESSAGE][WARNING] - Text 'Loading search result. Please wait...' is not present on page  (Root cause: com.kms.katalon.core.exception.StepFailedException: Text 'Loading search result. Please wait...' is not present on page 
	at com.kms.katalon.core.webui.keyword.internal.WebUIKeywordMain.stepFailed(WebUIKeywordMain.groovy:64)
	at com.kms.katalon.core.webui.keyword.builtin.VerifyTextPresentKeyword$_verifyTextPresent_closure1.doCall(VerifyTextPresentKeyword.groovy:79)
	at com.kms.katalon.core.webui.keyword.builtin.VerifyTextPresentKeyword$_verifyTextPresent_closure1.call(VerifyTextPresentKeyword.groovy)
	at com.kms.katalon.core.webui.keyword.internal.WebUIKeywordMain.runKeyword(WebUIKeywordMain.groovy:20)
	at com.kms.katalon.core.webui.keyword.builtin.VerifyTextPresentKeyword.verifyTextPresent(VerifyTextPresentKeyword.groovy:83)
	at com.kms.katalon.core.webui.keyword.builtin.VerifyTextPresentKeyword.execute(VerifyTextPresentKeyword.groovy:68)
	at com.kms.katalon.core.keyword.internal.KeywordExecutor.executeKeywordForPlatform(KeywordExecutor.groovy:72)
	at com.kms.katalon.core.webui.keyword.WebUiBuiltInKeywords.verifyTextPresent(WebUiBuiltInKeywords.groovy:1677)
	at com.kms.katalon.core.webui.keyword.WebUiBuiltInKeywords$verifyTextPresent$6.call(Unknown Source)
	at OpenHomepageMenu.run(OpenHomepageMenu:18)
	at com.kms.katalon.core.main.ScriptEngine.run(ScriptEngine.java:194)
	at com.kms.katalon.core.main.ScriptEngine.runScriptAsRawText(ScriptEngine.java:119)
	at com.kms.katalon.core.main.TestCaseExecutor.runScript(TestCaseExecutor.java:337)
	at com.kms.katalon.core.main.TestCaseExecutor.doExecute(TestCaseExecutor.java:328)
	at com.kms.katalon.core.main.TestCaseExecutor.processExecutionPhase(TestCaseExecutor.java:307)
	at com.kms.katalon.core.main.TestCaseExecutor.accessMainPhase(TestCaseExecutor.java:299)
	at com.kms.katalon.core.main.TestCaseExecutor.execute(TestCaseExecutor.java:233)
	at com.kms.katalon.core.main.TestCaseMain.runTestCase(TestCaseMain.java:114)
	at com.kms.katalon.core.keyword.builtin.CallTestCaseKeyword$_callTestCase_closure1.doCall(CallTestCaseKeyword.groovy:59)
	at com.kms.katalon.core.keyword.builtin.CallTestCaseKeyword$_callTestCase_closure1.call(CallTestCaseKeyword.groovy)
	at com.kms.katalon.core.keyword.internal.KeywordMain.runKeyword(KeywordMain.groovy:68)
	at com.kms.katalon.core.keyword.builtin.CallTestCaseKeyword.callTestCase(CallTestCaseKeyword.groovy:81)
	at com.kms.katalon.core.keyword.builtin.CallTestCaseKeyword.execute(CallTestCaseKeyword.groovy:44)
	at com.kms.katalon.core.keyword.internal.KeywordExecutor.executeKeywordForPlatform(KeywordExecutor.groovy:72)
	at com.kms.katalon.core.keyword.BuiltinKeywords.callTestCase(BuiltinKeywords.groovy:334)
	at BCAISPS-14679.TC001.run(BCAISPS-14679.TC001:34)
	at com.kms.katalon.core.main.ScriptEngine.run(ScriptEngine.java:194)
	at com.kms.katalon.core.main.ScriptEngine.runScriptAsRawText(ScriptEngine.java:119)
	at com.kms.katalon.core.main.TestCaseExecutor.runScript(TestCaseExecutor.java:337)
	at com.kms.katalon.core.main.TestCaseExecutor.doExecute(TestCaseExecutor.java:328)
	at com.kms.katalon.core.main.TestCaseExecutor.processExecutionPhase(TestCaseExecutor.java:307)
	at com.kms.katalon.core.main.TestCaseExecutor.accessMainPhase(TestCaseExecutor.java:299)
	at com.kms.katalon.core.main.TestCaseExecutor.execute(TestCaseExecutor.java:233)
	at com.kms.katalon.core.main.TestSuiteExecutor.accessTestCaseMainPhase(TestSuiteExecutor.java:169)
	at com.kms.katalon.core.main.TestSuiteExecutor.accessTestSuiteMainPhase(TestSuiteExecutor.java:142)
	at com.kms.katalon.core.main.TestSuiteExecutor.execute(TestSuiteExecutor.java:91)
	at com.kms.katalon.core.main.TestCaseMain.startTestSuite(TestCaseMain.java:157)
	at com.kms.katalon.core.main.TestCaseMain$startTestSuite$0.call(Unknown Source)
	at TempTestSuite1593050800599.run(TempTestSuite1593050800599.groovy:36)
)

2020-06-25 10:07:11 - [TEST_STEP][PASSED] - waitForElementNotPresent(findTestObject("Objects.OpenHomepageMenu/XP_LoadingPopUp"), 120, OPTIONAL): Web element with id: 'Object Repository/Objects.OpenHomepageMenu/XP_LoadingPopUp' located by 'By.xpath: //div[@class = 'x-mask-msg-text' and (text() = 'Loading search result. Please wait...' or . = 'Loading search result. Please wait...')]' is not present after '120' second(s)

2020-06-25 10:07:11 - [MESSAGE][PASSED] - Web element with id: 'Object Repository/Objects.OpenHomepageMenu/XP_LoadingPopUp' located by 'By.xpath: //div[@class = 'x-mask-msg-text' and (text() = 'Loading search result. Please wait...' or . = 'Loading search result. Please wait...')]' is not present after '120' second(s)

2020-06-25 10:07:11 - [TEST_STEP][PASSED] - verifyElementVisible(findTestObject("Objects.OpenHomepageMenu/div_ISPS2-PROD-Verify_component-1013")): Object 'Object Repository/Objects.OpenHomepageMenu/div_ISPS2-PROD-Verify_component-1013' is visible

2020-06-25 10:07:11 - [MESSAGE][PASSED] - Object 'Object Repository/Objects.OpenHomepageMenu/div_ISPS2-PROD-Verify_component-1013' is visible

2020-06-25 10:07:11 - [TEST_STEP][PASSED] - click(findTestObject("Objects.OpenHomepageMenu/div_ISPS2-PROD-Verify_component-1013")): Object: 'Object Repository/Objects.OpenHomepageMenu/div_ISPS2-PROD-Verify_component-1013' is clicked on

2020-06-25 10:07:11 - [MESSAGE][PASSED] - Object: 'Object Repository/Objects.OpenHomepageMenu/div_ISPS2-PROD-Verify_component-1013' is clicked on

2020-06-25 10:07:11 - [MESSAGE][PASSED] - Call Test Case 'Test Cases/Components/OpenHomepageMenu' successfully

2020-06-25 10:07:11 - [TEST_STEP][PASSED] - callTestCase(findTestCase("Components/HoverToAnyMenuSelection"), ["MenuSelection":"Reports"], STOP_ON_FAILURE): Call Test Case 'Test Cases/Components/HoverToAnyMenuSelection' successfully

2020-06-25 10:07:11 - [TEST_CASE][PASSED] - Test Cases/Components/HoverToAnyMenuSelection: Test Cases/Components/HoverToAnyMenuSelection

2020-06-25 10:07:11 - [TEST_STEP][PASSED] - Thread.sleep(1000): null

2020-06-25 10:07:12 - [TEST_STEP][PASSED] - modifiedSelection = modifyObjectProperty(findTestObject("Objects.HoverToAnyMenuSelection/span_Common"), "text", "equals", MenuSelection, true): Modify property of object successfully

2020-06-25 10:07:13 - [MESSAGE][PASSED] - Modify property of object successfully

2020-06-25 10:07:13 - [TEST_STEP][PASSED] - mouseOver(modifiedSelection): Object: 'Object Repository/Objects.HoverToAnyMenuSelection/span_Common' is hovered

2020-06-25 10:07:13 - [MESSAGE][PASSED] - Object: 'Object Repository/Objects.HoverToAnyMenuSelection/span_Common' is hovered

2020-06-25 10:07:13 - [MESSAGE][PASSED] - Call Test Case 'Test Cases/Components/HoverToAnyMenuSelection' successfully

2020-06-25 10:07:13 - [TEST_STEP][PASSED] - callTestCase(findTestCase("Components/HoverToAnyMenuSelection"), ["MenuSelection":"Plan Subm"], STOP_ON_FAILURE): Call Test Case 'Test Cases/Components/HoverToAnyMenuSelection' successfully

2020-06-25 10:07:13 - [TEST_CASE][PASSED] - Test Cases/Components/HoverToAnyMenuSelection: Test Cases/Components/HoverToAnyMenuSelection

2020-06-25 10:07:13 - [TEST_STEP][PASSED] - Thread.sleep(1000): null

2020-06-25 10:07:14 - [TEST_STEP][PASSED] - modifiedSelection = modifyObjectProperty(findTestObject("Objects.HoverToAnyMenuSelection/span_Common"), "text", "equals", MenuSelection, true): Modify property of object successfully

2020-06-25 10:07:14 - [MESSAGE][PASSED] - Modify property of object successfully

2020-06-25 10:07:14 - [TEST_STEP][PASSED] - mouseOver(modifiedSelection): Object: 'Object Repository/Objects.HoverToAnyMenuSelection/span_Common' is hovered

2020-06-25 10:07:14 - [MESSAGE][PASSED] - Object: 'Object Repository/Objects.HoverToAnyMenuSelection/span_Common' is hovered

2020-06-25 10:07:14 - [MESSAGE][PASSED] - Call Test Case 'Test Cases/Components/HoverToAnyMenuSelection' successfully

2020-06-25 10:07:14 - [TEST_STEP][PASSED] - callTestCase(findTestCase("Components/HoverToAnyMenuSelection"), ["MenuSelection":"Structual Plan Reports"], STOP_ON_FAILURE): Call Test Case 'Test Cases/Components/HoverToAnyMenuSelection' successfully

2020-06-25 10:07:14 - [TEST_CASE][PASSED] - Test Cases/Components/HoverToAnyMenuSelection: Test Cases/Components/HoverToAnyMenuSelection

2020-06-25 10:07:14 - [TEST_STEP][PASSED] - Thread.sleep(1000): null

2020-06-25 10:07:15 - [TEST_STEP][PASSED] - modifiedSelection = modifyObjectProperty(findTestObject("Objects.HoverToAnyMenuSelection/span_Common"), "text", "equals", MenuSelection, true): Modify property of object successfully

2020-06-25 10:07:15 - [MESSAGE][PASSED] - Modify property of object successfully

2020-06-25 10:07:15 - [TEST_STEP][PASSED] - mouseOver(modifiedSelection): Object: 'Object Repository/Objects.HoverToAnyMenuSelection/span_Common' is hovered

2020-06-25 10:07:15 - [MESSAGE][PASSED] - Object: 'Object Repository/Objects.HoverToAnyMenuSelection/span_Common' is hovered

2020-06-25 10:07:15 - [MESSAGE][PASSED] - Call Test Case 'Test Cases/Components/HoverToAnyMenuSelection' successfully

2020-06-25 10:07:15 - [TEST_STEP][PASSED] - callTestCase(findTestCase("Components/HoverToAnyMenuSelection"), ["MenuSelection":"MI Reports"], STOP_ON_FAILURE): Call Test Case 'Test Cases/Components/HoverToAnyMenuSelection' successfully

2020-06-25 10:07:15 - [TEST_CASE][PASSED] - Test Cases/Components/HoverToAnyMenuSelection: Test Cases/Components/HoverToAnyMenuSelection

2020-06-25 10:07:15 - [TEST_STEP][PASSED] - Thread.sleep(1000): null

2020-06-25 10:07:16 - [TEST_STEP][PASSED] - modifiedSelection = modifyObjectProperty(findTestObject("Objects.HoverToAnyMenuSelection/span_Common"), "text", "equals", MenuSelection, true): Modify property of object successfully

2020-06-25 10:07:16 - [MESSAGE][PASSED] - Modify property of object successfully

2020-06-25 10:07:16 - [TEST_STEP][PASSED] - mouseOver(modifiedSelection): Object: 'Object Repository/Objects.HoverToAnyMenuSelection/span_Common' is hovered

2020-06-25 10:07:17 - [MESSAGE][PASSED] - Object: 'Object Repository/Objects.HoverToAnyMenuSelection/span_Common' is hovered

2020-06-25 10:07:17 - [MESSAGE][PASSED] - Call Test Case 'Test Cases/Components/HoverToAnyMenuSelection' successfully

2020-06-25 10:07:17 - [TEST_STEP][PASSED] - callTestCase(findTestCase("Components/HoverToAnyMenuSelection"), ["MenuSelection":"Extract Data"], STOP_ON_FAILURE): Call Test Case 'Test Cases/Components/HoverToAnyMenuSelection' successfully

2020-06-25 10:07:17 - [TEST_CASE][PASSED] - Test Cases/Components/HoverToAnyMenuSelection: Test Cases/Components/HoverToAnyMenuSelection

2020-06-25 10:07:17 - [TEST_STEP][PASSED] - Thread.sleep(1000): null

2020-06-25 10:07:18 - [TEST_STEP][PASSED] - modifiedSelection = modifyObjectProperty(findTestObject("Objects.HoverToAnyMenuSelection/span_Common"), "text", "equals", MenuSelection, true): Modify property of object successfully

2020-06-25 10:07:18 - [MESSAGE][PASSED] - Modify property of object successfully

2020-06-25 10:07:18 - [TEST_STEP][PASSED] - mouseOver(modifiedSelection): Object: 'Object Repository/Objects.HoverToAnyMenuSelection/span_Common' is hovered

2020-06-25 10:07:18 - [MESSAGE][PASSED] - Object: 'Object Repository/Objects.HoverToAnyMenuSelection/span_Common' is hovered

2020-06-25 10:07:18 - [MESSAGE][PASSED] - Call Test Case 'Test Cases/Components/HoverToAnyMenuSelection' successfully

2020-06-25 10:07:18 - [TEST_STEP][PASSED] - callTestCase(findTestCase("Components/SelectFromMenu"), ["menuToBeClicked":"AAMIM4130 - QP/AC Performance Extraction"], STOP_ON_FAILURE): Call Test Case 'Test Cases/Components/SelectFromMenu' successfully

2020-06-25 10:07:18 - [TEST_CASE][PASSED] - Test Cases/Components/SelectFromMenu: Test Cases/Components/SelectFromMenu

2020-06-25 10:07:18 - [TEST_STEP][PASSED] - Thread.sleep(1000): null

2020-06-25 10:07:19 - [TEST_STEP][PASSED] - modifiedMenuToBeClicked = modifyObjectProperty(findTestObject("Objects.SelectFromMenu/span_Maintain QP"), "text", "equals", menuToBeClicked, true): Modify property of object successfully

2020-06-25 10:07:19 - [MESSAGE][PASSED] - Modify property of object successfully

2020-06-25 10:07:19 - [TEST_STEP][PASSED] - mouseOver(modifiedMenuToBeClicked, STOP_ON_FAILURE): Object: 'Object Repository/Objects.SelectFromMenu/span_Maintain QP' is hovered

2020-06-25 10:07:19 - [MESSAGE][PASSED] - Object: 'Object Repository/Objects.SelectFromMenu/span_Maintain QP' is hovered

2020-06-25 10:07:19 - [TEST_STEP][PASSED] - click(modifiedMenuToBeClicked, STOP_ON_FAILURE): Object: 'Object Repository/Objects.SelectFromMenu/span_Maintain QP' is clicked on

2020-06-25 10:07:20 - [MESSAGE][PASSED] - Object: 'Object Repository/Objects.SelectFromMenu/span_Maintain QP' is clicked on

2020-06-25 10:07:20 - [MESSAGE][PASSED] - Call Test Case 'Test Cases/Components/SelectFromMenu' successfully

2020-06-25 10:07:20 - [TEST_STEP][PASSED] - callTestCase(findTestCase("Components/PopulateExtractData"), ["FromDate":"01/01/2020", "ToDate":"31/01/2020", "lblNm":"AC", "index":1], STOP_ON_FAILURE): Call Test Case 'Test Cases/Components/PopulateExtractData' successfully

2020-06-25 10:07:20 - [TEST_CASE][PASSED] - Test Cases/Components/PopulateExtractData: Test Cases/Components/PopulateExtractData

2020-06-25 10:07:20 - [TEST_STEP][PASSED] - Thread.sleep(1000): null

2020-06-25 10:07:21 - [TEST_STEP][PASSED] - com.reusableComponents.HighlightElement.run(findTestObject("Objects.PopulateExtractData/Page_ISPS2/div_Extraction Data")): com.reusableComponents.HighlightElement.run is PASSED

2020-06-25 10:07:22 - [MESSAGE][PASSED] - com.reusableComponents.HighlightElement.run is PASSED

2020-06-25 10:07:22 - [TEST_STEP][PASSED] - com.reusableComponents.HighlightElement.run(findTestObject("Objects.PopulateExtractData/Page_ISPS2/span_Extraction ID")): com.reusableComponents.HighlightElement.run is PASSED

2020-06-25 10:07:22 - [MESSAGE][PASSED] - com.reusableComponents.HighlightElement.run is PASSED

2020-06-25 10:07:22 - [TEST_STEP][PASSED] - com.reusableComponents.HighlightElement.run(findTestObject("Objects.PopulateExtractData/Page_ISPS2/div_AAMIM4130")): com.reusableComponents.HighlightElement.run is PASSED

2020-06-25 10:07:23 - [MESSAGE][PASSED] - com.reusableComponents.HighlightElement.run is PASSED

2020-06-25 10:07:23 - [TEST_STEP][PASSED] - com.reusableComponents.HighlightElement.run(findTestObject("Objects.PopulateExtractData/Page_ISPS2/span_Extraction Description")): com.reusableComponents.HighlightElement.run is PASSED

2020-06-25 10:07:23 - [MESSAGE][PASSED] - com.reusableComponents.HighlightElement.run is PASSED

2020-06-25 10:07:23 - [TEST_STEP][PASSED] - com.reusableComponents.HighlightElement.run(findTestObject("Objects.PopulateExtractData/Page_ISPS2/span_From Date")): com.reusableComponents.HighlightElement.run is PASSED

2020-06-25 10:07:24 - [MESSAGE][PASSED] - com.reusableComponents.HighlightElement.run is PASSED

2020-06-25 10:07:24 - [TEST_STEP][PASSED] - setText(findTestObject("Objects.PopulateExtractData/Page_ISPS2/input_From Date_fromDate"), FromDate): Text '01/01/2020' is set on object 'Object Repository/Objects.PopulateExtractData/Page_ISPS2/input_From Date_fromDate'

2020-06-25 10:07:24 - [MESSAGE][PASSED] - Text '01/01/2020' is set on object 'Object Repository/Objects.PopulateExtractData/Page_ISPS2/input_From Date_fromDate'

2020-06-25 10:07:24 - [TEST_STEP][PASSED] - com.reusableComponents.HighlightElement.run(findTestObject("Objects.PopulateExtractData/Page_ISPS2/span_To Date")): com.reusableComponents.HighlightElement.run is PASSED

2020-06-25 10:07:25 - [MESSAGE][PASSED] - com.reusableComponents.HighlightElement.run is PASSED

2020-06-25 10:07:25 - [TEST_STEP][PASSED] - setText(findTestObject("Objects.PopulateExtractData/Page_ISPS2/input_To Date_toDate"), ToDate): Text '31/01/2020' is set on object 'Object Repository/Objects.PopulateExtractData/Page_ISPS2/input_To Date_toDate'

2020-06-25 10:07:25 - [MESSAGE][PASSED] - Text '31/01/2020' is set on object 'Object Repository/Objects.PopulateExtractData/Page_ISPS2/input_To Date_toDate'

2020-06-25 10:07:25 - [TEST_STEP][PASSED] - com.reusableComponents.HighlightElement.run(findTestObject("Objects.PopulateExtractData/Page_ISPS2/span_Execution Type")): com.reusableComponents.HighlightElement.run is PASSED

2020-06-25 10:07:25 - [MESSAGE][PASSED] - com.reusableComponents.HighlightElement.run is PASSED

2020-06-25 10:07:25 - [TEST_STEP][PASSED] - com.reusableComponents.HighlightElement.run(findTestObject("Objects.PopulateExtractData/Page_ISPS2/span_Recipient")): com.reusableComponents.HighlightElement.run is PASSED

2020-06-25 10:07:26 - [MESSAGE][PASSED] - com.reusableComponents.HighlightElement.run is PASSED

2020-06-25 10:07:26 - [TEST_STEP][PASSED] - modifiedRadioButton = modifyObjectProperty(findTestObject("Objects.ClickRadioButton/DynamicRadioButton"), "xpath", "equals", "(//*[contains(@class,'x-form-cb-label-default') and text()='" + lblNm + "'])[" + index + "]", true): Modify property of object successfully

2020-06-25 10:07:26 - [MESSAGE][PASSED] - Modify property of object successfully

2020-06-25 10:07:26 - [TEST_STEP][PASSED] - com.reusableComponents.HighlightElement.run(modifiedRadioButton): com.reusableComponents.HighlightElement.run is PASSED

2020-06-25 10:07:26 - [MESSAGE][PASSED] - com.reusableComponents.HighlightElement.run is PASSED

2020-06-25 10:07:26 - [TEST_STEP][PASSED] - click(modifiedRadioButton): Object: 'Object Repository/Objects.ClickRadioButton/DynamicRadioButton' is clicked on

2020-06-25 10:07:29 - [MESSAGE][PASSED] - Object: 'Object Repository/Objects.ClickRadioButton/DynamicRadioButton' is clicked on

2020-06-25 10:07:29 - [TEST_STEP][PASSED] - com.reusableComponents.HighlightElement.run(findTestObject("Objects.PopulateExtractData/Page_ISPS2/span_Submit")): com.reusableComponents.HighlightElement.run is PASSED

2020-06-25 10:07:29 - [MESSAGE][PASSED] - com.reusableComponents.HighlightElement.run is PASSED

2020-06-25 10:07:29 - [TEST_STEP][PASSED] - click(findTestObject("Objects.PopulateExtractData/Page_ISPS2/span_Submit")): Object: 'Object Repository/Objects.PopulateExtractData/Page_ISPS2/span_Submit' is clicked on

2020-06-25 10:07:29 - [MESSAGE][PASSED] - Object: 'Object Repository/Objects.PopulateExtractData/Page_ISPS2/span_Submit' is clicked on

2020-06-25 10:07:29 - [TEST_STEP][PASSED] - Thread.sleep(1000): null

2020-06-25 10:07:30 - [TEST_STEP][PASSED] - verifyTextPresent("AAMIM4130 is now being processed, please wait for 15-20 minutes.", false): Text 'AAMIM4130 is now being processed, please wait for 15-20 minutes.' is present on page 

2020-06-25 10:07:31 - [MESSAGE][PASSED] - Text 'AAMIM4130 is now being processed, please wait for 15-20 minutes.' is present on page 

2020-06-25 10:07:31 - [TEST_STEP][PASSED] - com.reusableComponents.HighlightElement.run(findTestObject("Objects.PopulateExtractData/Page_ISPS2/li_AAMIM4130 is now being processed")): com.reusableComponents.HighlightElement.run is PASSED

2020-06-25 10:07:31 - [MESSAGE][PASSED] - com.reusableComponents.HighlightElement.run is PASSED

2020-06-25 10:07:31 - [TEST_STEP][PASSED] - Thread.sleep(1000): null

2020-06-25 10:07:32 - [TEST_STEP][PASSED] - waitForElementVisible(findTestObject("Objects.PopulateExtractData/Page_ISPS2/li_AAMIM4130 successfully completed"), 5): Object 'Object Repository/Objects.PopulateExtractData/Page_ISPS2/li_AAMIM4130 successfully completed' is visible

2020-06-25 10:07:32 - [MESSAGE][PASSED] - Object 'Object Repository/Objects.PopulateExtractData/Page_ISPS2/li_AAMIM4130 successfully completed' is visible

2020-06-25 10:07:32 - [TEST_STEP][PASSED] - verifyTextPresent("AAMIM4130 successfully completed. You can generate the report now.", true): Text 'AAMIM4130 successfully completed. You can generate the report now.' is present on page  using regular expression

2020-06-25 10:07:32 - [MESSAGE][PASSED] - Text 'AAMIM4130 successfully completed. You can generate the report now.' is present on page  using regular expression

2020-06-25 10:07:32 - [TEST_STEP][PASSED] - com.reusableComponents.HighlightElement.run(findTestObject("Objects.PopulateExtractData/Page_ISPS2/li_AAMIM4130 successfully completed")): com.reusableComponents.HighlightElement.run is PASSED

2020-06-25 10:07:33 - [MESSAGE][PASSED] - com.reusableComponents.HighlightElement.run is PASSED

2020-06-25 10:07:33 - [TEST_STEP][PASSED] - com.reusableComponents.HighlightElement.run(findTestObject("Objects.PopulateExtractData/Page_ISPS2/span_Reset")): com.reusableComponents.HighlightElement.run is PASSED

2020-06-25 10:07:33 - [MESSAGE][PASSED] - com.reusableComponents.HighlightElement.run is PASSED

2020-06-25 10:07:33 - [TEST_STEP][PASSED] - click(findTestObject("Objects.PopulateExtractData/Page_ISPS2/span_Reset")): Object: 'Object Repository/Objects.PopulateExtractData/Page_ISPS2/span_Reset' is clicked on

2020-06-25 10:07:33 - [MESSAGE][PASSED] - Object: 'Object Repository/Objects.PopulateExtractData/Page_ISPS2/span_Reset' is clicked on

2020-06-25 10:07:33 - [MESSAGE][PASSED] - Call Test Case 'Test Cases/Components/PopulateExtractData' successfully

2020-06-25 10:07:33 - [TEST_STEP][PASSED] - callTestCase(findTestCase("Components/PopulateExtractData"), ["FromDate":"01/01/2020", "ToDate":"31/01/2020", "lblNm":"AC(GEO)", "index":1], STOP_ON_FAILURE): Call Test Case 'Test Cases/Components/PopulateExtractData' successfully

2020-06-25 10:07:34 - [TEST_CASE][PASSED] - Test Cases/Components/PopulateExtractData: Test Cases/Components/PopulateExtractData

2020-06-25 10:07:34 - [TEST_STEP][PASSED] - Thread.sleep(1000): null

2020-06-25 10:07:35 - [TEST_STEP][PASSED] - com.reusableComponents.HighlightElement.run(findTestObject("Objects.PopulateExtractData/Page_ISPS2/div_Extraction Data")): com.reusableComponents.HighlightElement.run is PASSED

2020-06-25 10:07:35 - [MESSAGE][PASSED] - com.reusableComponents.HighlightElement.run is PASSED

2020-06-25 10:07:35 - [TEST_STEP][PASSED] - com.reusableComponents.HighlightElement.run(findTestObject("Objects.PopulateExtractData/Page_ISPS2/span_Extraction ID")): com.reusableComponents.HighlightElement.run is PASSED

2020-06-25 10:07:35 - [MESSAGE][PASSED] - com.reusableComponents.HighlightElement.run is PASSED

2020-06-25 10:07:35 - [TEST_STEP][PASSED] - com.reusableComponents.HighlightElement.run(findTestObject("Objects.PopulateExtractData/Page_ISPS2/div_AAMIM4130")): com.reusableComponents.HighlightElement.run is PASSED

2020-06-25 10:07:36 - [MESSAGE][PASSED] - com.reusableComponents.HighlightElement.run is PASSED

2020-06-25 10:07:36 - [TEST_STEP][PASSED] - com.reusableComponents.HighlightElement.run(findTestObject("Objects.PopulateExtractData/Page_ISPS2/span_Extraction Description")): com.reusableComponents.HighlightElement.run is PASSED

2020-06-25 10:07:36 - [MESSAGE][PASSED] - com.reusableComponents.HighlightElement.run is PASSED

2020-06-25 10:07:36 - [TEST_STEP][PASSED] - com.reusableComponents.HighlightElement.run(findTestObject("Objects.PopulateExtractData/Page_ISPS2/span_From Date")): com.reusableComponents.HighlightElement.run is PASSED

2020-06-25 10:07:37 - [MESSAGE][PASSED] - com.reusableComponents.HighlightElement.run is PASSED

2020-06-25 10:07:37 - [TEST_STEP][PASSED] - setText(findTestObject("Objects.PopulateExtractData/Page_ISPS2/input_From Date_fromDate"), FromDate): Text '01/01/2020' is set on object 'Object Repository/Objects.PopulateExtractData/Page_ISPS2/input_From Date_fromDate'

2020-06-25 10:07:37 - [MESSAGE][PASSED] - Text '01/01/2020' is set on object 'Object Repository/Objects.PopulateExtractData/Page_ISPS2/input_From Date_fromDate'

2020-06-25 10:07:37 - [TEST_STEP][PASSED] - com.reusableComponents.HighlightElement.run(findTestObject("Objects.PopulateExtractData/Page_ISPS2/span_To Date")): com.reusableComponents.HighlightElement.run is PASSED

2020-06-25 10:07:37 - [MESSAGE][PASSED] - com.reusableComponents.HighlightElement.run is PASSED

2020-06-25 10:07:37 - [TEST_STEP][PASSED] - setText(findTestObject("Objects.PopulateExtractData/Page_ISPS2/input_To Date_toDate"), ToDate): Text '31/01/2020' is set on object 'Object Repository/Objects.PopulateExtractData/Page_ISPS2/input_To Date_toDate'

2020-06-25 10:07:38 - [MESSAGE][PASSED] - Text '31/01/2020' is set on object 'Object Repository/Objects.PopulateExtractData/Page_ISPS2/input_To Date_toDate'

2020-06-25 10:07:38 - [TEST_STEP][PASSED] - com.reusableComponents.HighlightElement.run(findTestObject("Objects.PopulateExtractData/Page_ISPS2/span_Execution Type")): com.reusableComponents.HighlightElement.run is PASSED

2020-06-25 10:07:38 - [MESSAGE][PASSED] - com.reusableComponents.HighlightElement.run is PASSED

2020-06-25 10:07:38 - [TEST_STEP][PASSED] - com.reusableComponents.HighlightElement.run(findTestObject("Objects.PopulateExtractData/Page_ISPS2/span_Recipient")): com.reusableComponents.HighlightElement.run is PASSED

2020-06-25 10:07:39 - [MESSAGE][PASSED] - com.reusableComponents.HighlightElement.run is PASSED

2020-06-25 10:07:39 - [TEST_STEP][PASSED] - modifiedRadioButton = modifyObjectProperty(findTestObject("Objects.ClickRadioButton/DynamicRadioButton"), "xpath", "equals", "(//*[contains(@class,'x-form-cb-label-default') and text()='" + lblNm + "'])[" + index + "]", true): Modify property of object successfully

2020-06-25 10:07:39 - [MESSAGE][PASSED] - Modify property of object successfully

2020-06-25 10:07:39 - [TEST_STEP][PASSED] - com.reusableComponents.HighlightElement.run(modifiedRadioButton): com.reusableComponents.HighlightElement.run is PASSED

2020-06-25 10:07:39 - [MESSAGE][PASSED] - com.reusableComponents.HighlightElement.run is PASSED

2020-06-25 10:07:39 - [TEST_STEP][PASSED] - click(modifiedRadioButton): Object: 'Object Repository/Objects.ClickRadioButton/DynamicRadioButton' is clicked on

2020-06-25 10:07:39 - [MESSAGE][PASSED] - Object: 'Object Repository/Objects.ClickRadioButton/DynamicRadioButton' is clicked on

2020-06-25 10:07:39 - [TEST_STEP][PASSED] - com.reusableComponents.HighlightElement.run(findTestObject("Objects.PopulateExtractData/Page_ISPS2/span_Submit")): com.reusableComponents.HighlightElement.run is PASSED

2020-06-25 10:07:40 - [MESSAGE][PASSED] - com.reusableComponents.HighlightElement.run is PASSED

2020-06-25 10:07:40 - [TEST_STEP][PASSED] - click(findTestObject("Objects.PopulateExtractData/Page_ISPS2/span_Submit")): Object: 'Object Repository/Objects.PopulateExtractData/Page_ISPS2/span_Submit' is clicked on

2020-06-25 10:07:40 - [MESSAGE][PASSED] - Object: 'Object Repository/Objects.PopulateExtractData/Page_ISPS2/span_Submit' is clicked on

2020-06-25 10:07:40 - [TEST_STEP][PASSED] - Thread.sleep(1000): null

2020-06-25 10:07:41 - [TEST_STEP][PASSED] - verifyTextPresent("AAMIM4130 is now being processed, please wait for 15-20 minutes.", false): Text 'AAMIM4130 is now being processed, please wait for 15-20 minutes.' is present on page 

2020-06-25 10:07:41 - [MESSAGE][PASSED] - Text 'AAMIM4130 is now being processed, please wait for 15-20 minutes.' is present on page 

2020-06-25 10:07:41 - [TEST_STEP][PASSED] - com.reusableComponents.HighlightElement.run(findTestObject("Objects.PopulateExtractData/Page_ISPS2/li_AAMIM4130 is now being processed")): com.reusableComponents.HighlightElement.run is PASSED

2020-06-25 10:07:42 - [MESSAGE][PASSED] - com.reusableComponents.HighlightElement.run is PASSED

2020-06-25 10:07:42 - [TEST_STEP][PASSED] - Thread.sleep(1000): null

2020-06-25 10:07:43 - [TEST_STEP][PASSED] - waitForElementVisible(findTestObject("Objects.PopulateExtractData/Page_ISPS2/li_AAMIM4130 successfully completed"), 5): Object 'Object Repository/Objects.PopulateExtractData/Page_ISPS2/li_AAMIM4130 successfully completed' is visible

2020-06-25 10:07:43 - [MESSAGE][PASSED] - Object 'Object Repository/Objects.PopulateExtractData/Page_ISPS2/li_AAMIM4130 successfully completed' is visible

2020-06-25 10:07:43 - [TEST_STEP][PASSED] - verifyTextPresent("AAMIM4130 successfully completed. You can generate the report now.", true): Text 'AAMIM4130 successfully completed. You can generate the report now.' is present on page  using regular expression

2020-06-25 10:07:43 - [MESSAGE][PASSED] - Text 'AAMIM4130 successfully completed. You can generate the report now.' is present on page  using regular expression

2020-06-25 10:07:43 - [TEST_STEP][PASSED] - com.reusableComponents.HighlightElement.run(findTestObject("Objects.PopulateExtractData/Page_ISPS2/li_AAMIM4130 successfully completed")): com.reusableComponents.HighlightElement.run is PASSED

2020-06-25 10:07:43 - [MESSAGE][PASSED] - com.reusableComponents.HighlightElement.run is PASSED

2020-06-25 10:07:43 - [TEST_STEP][PASSED] - com.reusableComponents.HighlightElement.run(findTestObject("Objects.PopulateExtractData/Page_ISPS2/span_Reset")): com.reusableComponents.HighlightElement.run is PASSED

2020-06-25 10:07:44 - [MESSAGE][PASSED] - com.reusableComponents.HighlightElement.run is PASSED

2020-06-25 10:07:44 - [TEST_STEP][PASSED] - click(findTestObject("Objects.PopulateExtractData/Page_ISPS2/span_Reset")): Object: 'Object Repository/Objects.PopulateExtractData/Page_ISPS2/span_Reset' is clicked on

2020-06-25 10:07:44 - [MESSAGE][PASSED] - Object: 'Object Repository/Objects.PopulateExtractData/Page_ISPS2/span_Reset' is clicked on

2020-06-25 10:07:44 - [MESSAGE][PASSED] - Call Test Case 'Test Cases/Components/PopulateExtractData' successfully

2020-06-25 10:07:44 - [TEST_STEP][PASSED] - callTestCase(findTestCase("Components/PopulateExtractData"), ["FromDate":"01/01/2020", "ToDate":"31/01/2020", "lblNm":"QP", "index":1], STOP_ON_FAILURE): Call Test Case 'Test Cases/Components/PopulateExtractData' successfully

2020-06-25 10:07:44 - [TEST_CASE][PASSED] - Test Cases/Components/PopulateExtractData: Test Cases/Components/PopulateExtractData

2020-06-25 10:07:44 - [TEST_STEP][PASSED] - Thread.sleep(1000): null

2020-06-25 10:07:45 - [TEST_STEP][PASSED] - com.reusableComponents.HighlightElement.run(findTestObject("Objects.PopulateExtractData/Page_ISPS2/div_Extraction Data")): com.reusableComponents.HighlightElement.run is PASSED

2020-06-25 10:07:45 - [MESSAGE][PASSED] - com.reusableComponents.HighlightElement.run is PASSED

2020-06-25 10:07:45 - [TEST_STEP][PASSED] - com.reusableComponents.HighlightElement.run(findTestObject("Objects.PopulateExtractData/Page_ISPS2/span_Extraction ID")): com.reusableComponents.HighlightElement.run is PASSED

2020-06-25 10:07:46 - [MESSAGE][PASSED] - com.reusableComponents.HighlightElement.run is PASSED

2020-06-25 10:07:46 - [TEST_STEP][PASSED] - com.reusableComponents.HighlightElement.run(findTestObject("Objects.PopulateExtractData/Page_ISPS2/div_AAMIM4130")): com.reusableComponents.HighlightElement.run is PASSED

2020-06-25 10:07:46 - [MESSAGE][PASSED] - com.reusableComponents.HighlightElement.run is PASSED

2020-06-25 10:07:46 - [TEST_STEP][PASSED] - com.reusableComponents.HighlightElement.run(findTestObject("Objects.PopulateExtractData/Page_ISPS2/span_Extraction Description")): com.reusableComponents.HighlightElement.run is PASSED

2020-06-25 10:07:47 - [MESSAGE][PASSED] - com.reusableComponents.HighlightElement.run is PASSED

2020-06-25 10:07:47 - [TEST_STEP][PASSED] - com.reusableComponents.HighlightElement.run(findTestObject("Objects.PopulateExtractData/Page_ISPS2/span_From Date")): com.reusableComponents.HighlightElement.run is PASSED

2020-06-25 10:07:47 - [MESSAGE][PASSED] - com.reusableComponents.HighlightElement.run is PASSED

2020-06-25 10:07:47 - [TEST_STEP][PASSED] - setText(findTestObject("Objects.PopulateExtractData/Page_ISPS2/input_From Date_fromDate"), FromDate): Text '01/01/2020' is set on object 'Object Repository/Objects.PopulateExtractData/Page_ISPS2/input_From Date_fromDate'

2020-06-25 10:07:47 - [MESSAGE][PASSED] - Text '01/01/2020' is set on object 'Object Repository/Objects.PopulateExtractData/Page_ISPS2/input_From Date_fromDate'

2020-06-25 10:07:47 - [TEST_STEP][PASSED] - com.reusableComponents.HighlightElement.run(findTestObject("Objects.PopulateExtractData/Page_ISPS2/span_To Date")): com.reusableComponents.HighlightElement.run is PASSED

2020-06-25 10:07:48 - [MESSAGE][PASSED] - com.reusableComponents.HighlightElement.run is PASSED

2020-06-25 10:07:48 - [TEST_STEP][PASSED] - setText(findTestObject("Objects.PopulateExtractData/Page_ISPS2/input_To Date_toDate"), ToDate): Text '31/01/2020' is set on object 'Object Repository/Objects.PopulateExtractData/Page_ISPS2/input_To Date_toDate'

2020-06-25 10:07:48 - [MESSAGE][PASSED] - Text '31/01/2020' is set on object 'Object Repository/Objects.PopulateExtractData/Page_ISPS2/input_To Date_toDate'

2020-06-25 10:07:48 - [TEST_STEP][PASSED] - com.reusableComponents.HighlightElement.run(findTestObject("Objects.PopulateExtractData/Page_ISPS2/span_Execution Type")): com.reusableComponents.HighlightElement.run is PASSED

2020-06-25 10:07:49 - [MESSAGE][PASSED] - com.reusableComponents.HighlightElement.run is PASSED

2020-06-25 10:07:49 - [TEST_STEP][PASSED] - com.reusableComponents.HighlightElement.run(findTestObject("Objects.PopulateExtractData/Page_ISPS2/span_Recipient")): com.reusableComponents.HighlightElement.run is PASSED

2020-06-25 10:07:49 - [MESSAGE][PASSED] - com.reusableComponents.HighlightElement.run is PASSED

2020-06-25 10:07:49 - [TEST_STEP][PASSED] - modifiedRadioButton = modifyObjectProperty(findTestObject("Objects.ClickRadioButton/DynamicRadioButton"), "xpath", "equals", "(//*[contains(@class,'x-form-cb-label-default') and text()='" + lblNm + "'])[" + index + "]", true): Modify property of object successfully

2020-06-25 10:07:49 - [MESSAGE][PASSED] - Modify property of object successfully

2020-06-25 10:07:49 - [TEST_STEP][PASSED] - com.reusableComponents.HighlightElement.run(modifiedRadioButton): com.reusableComponents.HighlightElement.run is PASSED

2020-06-25 10:07:50 - [MESSAGE][PASSED] - com.reusableComponents.HighlightElement.run is PASSED

2020-06-25 10:07:50 - [TEST_STEP][PASSED] - click(modifiedRadioButton): Object: 'Object Repository/Objects.ClickRadioButton/DynamicRadioButton' is clicked on

2020-06-25 10:07:50 - [MESSAGE][PASSED] - Object: 'Object Repository/Objects.ClickRadioButton/DynamicRadioButton' is clicked on

2020-06-25 10:07:50 - [TEST_STEP][PASSED] - com.reusableComponents.HighlightElement.run(findTestObject("Objects.PopulateExtractData/Page_ISPS2/span_Submit")): com.reusableComponents.HighlightElement.run is PASSED

2020-06-25 10:07:50 - [MESSAGE][PASSED] - com.reusableComponents.HighlightElement.run is PASSED

2020-06-25 10:07:50 - [TEST_STEP][PASSED] - click(findTestObject("Objects.PopulateExtractData/Page_ISPS2/span_Submit")): Object: 'Object Repository/Objects.PopulateExtractData/Page_ISPS2/span_Submit' is clicked on

2020-06-25 10:07:50 - [MESSAGE][PASSED] - Object: 'Object Repository/Objects.PopulateExtractData/Page_ISPS2/span_Submit' is clicked on

2020-06-25 10:07:50 - [TEST_STEP][PASSED] - Thread.sleep(1000): null

2020-06-25 10:07:51 - [TEST_STEP][PASSED] - verifyTextPresent("AAMIM4130 is now being processed, please wait for 15-20 minutes.", false): Text 'AAMIM4130 is now being processed, please wait for 15-20 minutes.' is present on page 

2020-06-25 10:07:52 - [MESSAGE][PASSED] - Text 'AAMIM4130 is now being processed, please wait for 15-20 minutes.' is present on page 

2020-06-25 10:07:52 - [TEST_STEP][PASSED] - com.reusableComponents.HighlightElement.run(findTestObject("Objects.PopulateExtractData/Page_ISPS2/li_AAMIM4130 is now being processed")): com.reusableComponents.HighlightElement.run is PASSED

2020-06-25 10:07:52 - [MESSAGE][PASSED] - com.reusableComponents.HighlightElement.run is PASSED

2020-06-25 10:07:52 - [TEST_STEP][PASSED] - Thread.sleep(1000): null

2020-06-25 10:07:53 - [TEST_STEP][PASSED] - waitForElementVisible(findTestObject("Objects.PopulateExtractData/Page_ISPS2/li_AAMIM4130 successfully completed"), 5): Object 'Object Repository/Objects.PopulateExtractData/Page_ISPS2/li_AAMIM4130 successfully completed' is visible

2020-06-25 10:07:53 - [MESSAGE][PASSED] - Object 'Object Repository/Objects.PopulateExtractData/Page_ISPS2/li_AAMIM4130 successfully completed' is visible

2020-06-25 10:07:53 - [TEST_STEP][PASSED] - verifyTextPresent("AAMIM4130 successfully completed. You can generate the report now.", true): Text 'AAMIM4130 successfully completed. You can generate the report now.' is present on page  using regular expression

2020-06-25 10:07:53 - [MESSAGE][PASSED] - Text 'AAMIM4130 successfully completed. You can generate the report now.' is present on page  using regular expression

2020-06-25 10:07:53 - [TEST_STEP][PASSED] - com.reusableComponents.HighlightElement.run(findTestObject("Objects.PopulateExtractData/Page_ISPS2/li_AAMIM4130 successfully completed")): com.reusableComponents.HighlightElement.run is PASSED

2020-06-25 10:07:54 - [MESSAGE][PASSED] - com.reusableComponents.HighlightElement.run is PASSED

2020-06-25 10:07:54 - [TEST_STEP][PASSED] - com.reusableComponents.HighlightElement.run(findTestObject("Objects.PopulateExtractData/Page_ISPS2/span_Reset")): com.reusableComponents.HighlightElement.run is PASSED

2020-06-25 10:07:54 - [MESSAGE][PASSED] - com.reusableComponents.HighlightElement.run is PASSED

2020-06-25 10:07:54 - [TEST_STEP][PASSED] - click(findTestObject("Objects.PopulateExtractData/Page_ISPS2/span_Reset")): Object: 'Object Repository/Objects.PopulateExtractData/Page_ISPS2/span_Reset' is clicked on

2020-06-25 10:07:54 - [MESSAGE][PASSED] - Object: 'Object Repository/Objects.PopulateExtractData/Page_ISPS2/span_Reset' is clicked on

2020-06-25 10:07:54 - [MESSAGE][PASSED] - Call Test Case 'Test Cases/Components/PopulateExtractData' successfully

2020-06-25 10:07:54 - [TEST_STEP][PASSED] - callTestCase(findTestCase("Components/PopulateExtractData"), ["FromDate":"01/01/2020", "ToDate":"31/01/2020", "lblNm":"QP(GEO)", "index":1], STOP_ON_FAILURE): Call Test Case 'Test Cases/Components/PopulateExtractData' successfully

2020-06-25 10:07:54 - [TEST_CASE][PASSED] - Test Cases/Components/PopulateExtractData: Test Cases/Components/PopulateExtractData

2020-06-25 10:07:54 - [TEST_STEP][PASSED] - Thread.sleep(1000): null

2020-06-25 10:07:55 - [TEST_STEP][PASSED] - com.reusableComponents.HighlightElement.run(findTestObject("Objects.PopulateExtractData/Page_ISPS2/div_Extraction Data")): com.reusableComponents.HighlightElement.run is PASSED

2020-06-25 10:07:56 - [MESSAGE][PASSED] - com.reusableComponents.HighlightElement.run is PASSED

2020-06-25 10:07:56 - [TEST_STEP][PASSED] - com.reusableComponents.HighlightElement.run(findTestObject("Objects.PopulateExtractData/Page_ISPS2/span_Extraction ID")): com.reusableComponents.HighlightElement.run is PASSED

2020-06-25 10:07:56 - [MESSAGE][PASSED] - com.reusableComponents.HighlightElement.run is PASSED

2020-06-25 10:07:56 - [TEST_STEP][PASSED] - com.reusableComponents.HighlightElement.run(findTestObject("Objects.PopulateExtractData/Page_ISPS2/div_AAMIM4130")): com.reusableComponents.HighlightElement.run is PASSED

2020-06-25 10:07:57 - [MESSAGE][PASSED] - com.reusableComponents.HighlightElement.run is PASSED

2020-06-25 10:07:57 - [TEST_STEP][PASSED] - com.reusableComponents.HighlightElement.run(findTestObject("Objects.PopulateExtractData/Page_ISPS2/span_Extraction Description")): com.reusableComponents.HighlightElement.run is PASSED

2020-06-25 10:07:57 - [MESSAGE][PASSED] - com.reusableComponents.HighlightElement.run is PASSED

2020-06-25 10:07:57 - [TEST_STEP][PASSED] - com.reusableComponents.HighlightElement.run(findTestObject("Objects.PopulateExtractData/Page_ISPS2/span_From Date")): com.reusableComponents.HighlightElement.run is PASSED

2020-06-25 10:07:58 - [MESSAGE][PASSED] - com.reusableComponents.HighlightElement.run is PASSED

2020-06-25 10:07:58 - [TEST_STEP][PASSED] - setText(findTestObject("Objects.PopulateExtractData/Page_ISPS2/input_From Date_fromDate"), FromDate): Text '01/01/2020' is set on object 'Object Repository/Objects.PopulateExtractData/Page_ISPS2/input_From Date_fromDate'

2020-06-25 10:07:58 - [MESSAGE][PASSED] - Text '01/01/2020' is set on object 'Object Repository/Objects.PopulateExtractData/Page_ISPS2/input_From Date_fromDate'

2020-06-25 10:07:58 - [TEST_STEP][PASSED] - com.reusableComponents.HighlightElement.run(findTestObject("Objects.PopulateExtractData/Page_ISPS2/span_To Date")): com.reusableComponents.HighlightElement.run is PASSED

2020-06-25 10:07:58 - [MESSAGE][PASSED] - com.reusableComponents.HighlightElement.run is PASSED

2020-06-25 10:07:58 - [TEST_STEP][PASSED] - setText(findTestObject("Objects.PopulateExtractData/Page_ISPS2/input_To Date_toDate"), ToDate): Text '31/01/2020' is set on object 'Object Repository/Objects.PopulateExtractData/Page_ISPS2/input_To Date_toDate'

2020-06-25 10:07:59 - [MESSAGE][PASSED] - Text '31/01/2020' is set on object 'Object Repository/Objects.PopulateExtractData/Page_ISPS2/input_To Date_toDate'

2020-06-25 10:07:59 - [TEST_STEP][PASSED] - com.reusableComponents.HighlightElement.run(findTestObject("Objects.PopulateExtractData/Page_ISPS2/span_Execution Type")): com.reusableComponents.HighlightElement.run is PASSED

2020-06-25 10:07:59 - [MESSAGE][PASSED] - com.reusableComponents.HighlightElement.run is PASSED

2020-06-25 10:07:59 - [TEST_STEP][PASSED] - com.reusableComponents.HighlightElement.run(findTestObject("Objects.PopulateExtractData/Page_ISPS2/span_Recipient")): com.reusableComponents.HighlightElement.run is PASSED

2020-06-25 10:08:00 - [MESSAGE][PASSED] - com.reusableComponents.HighlightElement.run is PASSED

2020-06-25 10:08:00 - [TEST_STEP][PASSED] - modifiedRadioButton = modifyObjectProperty(findTestObject("Objects.ClickRadioButton/DynamicRadioButton"), "xpath", "equals", "(//*[contains(@class,'x-form-cb-label-default') and text()='" + lblNm + "'])[" + index + "]", true): Modify property of object successfully

2020-06-25 10:08:00 - [MESSAGE][PASSED] - Modify property of object successfully

2020-06-25 10:08:00 - [TEST_STEP][PASSED] - com.reusableComponents.HighlightElement.run(modifiedRadioButton): com.reusableComponents.HighlightElement.run is PASSED

2020-06-25 10:08:00 - [MESSAGE][PASSED] - com.reusableComponents.HighlightElement.run is PASSED

2020-06-25 10:08:00 - [TEST_STEP][PASSED] - click(modifiedRadioButton): Object: 'Object Repository/Objects.ClickRadioButton/DynamicRadioButton' is clicked on

2020-06-25 10:08:00 - [MESSAGE][PASSED] - Object: 'Object Repository/Objects.ClickRadioButton/DynamicRadioButton' is clicked on

2020-06-25 10:08:00 - [TEST_STEP][PASSED] - com.reusableComponents.HighlightElement.run(findTestObject("Objects.PopulateExtractData/Page_ISPS2/span_Submit")): com.reusableComponents.HighlightElement.run is PASSED

2020-06-25 10:08:01 - [MESSAGE][PASSED] - com.reusableComponents.HighlightElement.run is PASSED

2020-06-25 10:08:01 - [TEST_STEP][PASSED] - click(findTestObject("Objects.PopulateExtractData/Page_ISPS2/span_Submit")): Object: 'Object Repository/Objects.PopulateExtractData/Page_ISPS2/span_Submit' is clicked on

2020-06-25 10:08:01 - [MESSAGE][PASSED] - Object: 'Object Repository/Objects.PopulateExtractData/Page_ISPS2/span_Submit' is clicked on

2020-06-25 10:08:01 - [TEST_STEP][PASSED] - Thread.sleep(1000): null

2020-06-25 10:08:02 - [TEST_STEP][PASSED] - verifyTextPresent("AAMIM4130 is now being processed, please wait for 15-20 minutes.", false): Text 'AAMIM4130 is now being processed, please wait for 15-20 minutes.' is present on page 

2020-06-25 10:08:02 - [MESSAGE][PASSED] - Text 'AAMIM4130 is now being processed, please wait for 15-20 minutes.' is present on page 

2020-06-25 10:08:02 - [TEST_STEP][PASSED] - com.reusableComponents.HighlightElement.run(findTestObject("Objects.PopulateExtractData/Page_ISPS2/li_AAMIM4130 is now being processed")): com.reusableComponents.HighlightElement.run is PASSED

2020-06-25 10:08:02 - [MESSAGE][PASSED] - com.reusableComponents.HighlightElement.run is PASSED

2020-06-25 10:08:02 - [TEST_STEP][PASSED] - Thread.sleep(1000): null

2020-06-25 10:08:03 - [TEST_STEP][PASSED] - waitForElementVisible(findTestObject("Objects.PopulateExtractData/Page_ISPS2/li_AAMIM4130 successfully completed"), 5): Object 'Object Repository/Objects.PopulateExtractData/Page_ISPS2/li_AAMIM4130 successfully completed' is visible

2020-06-25 10:08:04 - [MESSAGE][PASSED] - Object 'Object Repository/Objects.PopulateExtractData/Page_ISPS2/li_AAMIM4130 successfully completed' is visible

2020-06-25 10:08:04 - [TEST_STEP][PASSED] - verifyTextPresent("AAMIM4130 successfully completed. You can generate the report now.", true): Text 'AAMIM4130 successfully completed. You can generate the report now.' is present on page  using regular expression

2020-06-25 10:08:04 - [MESSAGE][PASSED] - Text 'AAMIM4130 successfully completed. You can generate the report now.' is present on page  using regular expression

2020-06-25 10:08:04 - [TEST_STEP][PASSED] - com.reusableComponents.HighlightElement.run(findTestObject("Objects.PopulateExtractData/Page_ISPS2/li_AAMIM4130 successfully completed")): com.reusableComponents.HighlightElement.run is PASSED

2020-06-25 10:08:04 - [MESSAGE][PASSED] - com.reusableComponents.HighlightElement.run is PASSED

2020-06-25 10:08:04 - [TEST_STEP][PASSED] - com.reusableComponents.HighlightElement.run(findTestObject("Objects.PopulateExtractData/Page_ISPS2/span_Reset")): com.reusableComponents.HighlightElement.run is PASSED

2020-06-25 10:08:05 - [MESSAGE][PASSED] - com.reusableComponents.HighlightElement.run is PASSED

2020-06-25 10:08:05 - [TEST_STEP][PASSED] - click(findTestObject("Objects.PopulateExtractData/Page_ISPS2/span_Reset")): Object: 'Object Repository/Objects.PopulateExtractData/Page_ISPS2/span_Reset' is clicked on

2020-06-25 10:08:05 - [MESSAGE][PASSED] - Object: 'Object Repository/Objects.PopulateExtractData/Page_ISPS2/span_Reset' is clicked on

2020-06-25 10:08:05 - [MESSAGE][PASSED] - Call Test Case 'Test Cases/Components/PopulateExtractData' successfully

2020-06-25 10:08:05 - [TEST_STEP][PASSED] - callTestCase(findTestCase("Components/Logout"), ["LogoutPageTextToBeVerified":findTestData("Datatable").getValue("HomeBanner", 2)], STOP_ON_FAILURE): Call Test Case 'Test Cases/Components/Logout' successfully

2020-06-25 10:08:05 - [TEST_CASE][PASSED] - Test Cases/Components/Logout: Test Cases/Components/Logout

2020-06-25 10:08:05 - [TEST_STEP][PASSED] - Thread.sleep(3000): null

2020-06-25 10:08:08 - [TEST_STEP][NOT_RUN] - com.reusableComponents.HighlightElement.run(findTestObject("Objects.Logout/accountDropdown")): NOT_RUN: com.reusableComponents.HighlightElement.run(findTestObject("Objects.Logout/accountDropdown"))

2020-06-25 10:08:08 - [MESSAGE][NOT_RUN] - NOT_RUN: com.reusableComponents.HighlightElement.run(findTestObject("Objects.Logout/accountDropdown"))

2020-06-25 10:08:08 - [TEST_STEP][NOT_RUN] - click(findTestObject("Objects.Logout/accountDropdown")): NOT_RUN: click(findTestObject("Objects.Logout/accountDropdown"))

2020-06-25 10:08:08 - [MESSAGE][NOT_RUN] - NOT_RUN: click(findTestObject("Objects.Logout/accountDropdown"))

2020-06-25 10:08:08 - [TEST_STEP][NOT_RUN] - com.reusableComponents.clickUsingJS.clickUsingJS(findTestObject("Objects.Logout/accountDropdown"), 0): NOT_RUN: com.reusableComponents.clickUsingJS.clickUsingJS(findTestObject("Objects.Logout/accountDropdown"), 0)

2020-06-25 10:08:08 - [MESSAGE][NOT_RUN] - NOT_RUN: com.reusableComponents.clickUsingJS.clickUsingJS(findTestObject("Objects.Logout/accountDropdown"), 0)

2020-06-25 10:08:08 - [TEST_STEP][PASSED] - element = findWebElement(findTestObject("Objects.Logout/accountDropdown"), 30): null

2020-06-25 10:08:08 - [TEST_STEP][PASSED] - executeJavaScript("arguments[0].click()", Arrays.asList(element)): Execute JavaScript 'arguments[0].click()' successfully

2020-06-25 10:08:08 - [MESSAGE][PASSED] - Execute JavaScript 'arguments[0].click()' successfully

2020-06-25 10:08:08 - [TEST_STEP][NOT_RUN] - com.reusableComponents.HighlightElement.run(findTestObject("Objects.Logout/span_Logout")): NOT_RUN: com.reusableComponents.HighlightElement.run(findTestObject("Objects.Logout/span_Logout"))

2020-06-25 10:08:08 - [MESSAGE][NOT_RUN] - NOT_RUN: com.reusableComponents.HighlightElement.run(findTestObject("Objects.Logout/span_Logout"))

2020-06-25 10:08:08 - [TEST_STEP][PASSED] - click(findTestObject("Objects.Logout/span_Logout"), STOP_ON_FAILURE): Object: 'Object Repository/Objects.Logout/span_Logout' is clicked on

2020-06-25 10:08:15 - [MESSAGE][PASSED] - Object: 'Object Repository/Objects.Logout/span_Logout' is clicked on

2020-06-25 10:08:15 - [TEST_STEP][PASSED] - waitForPageLoad(30): Wait for page load successfully

2020-06-25 10:08:15 - [MESSAGE][PASSED] - Wait for page load successfully

2020-06-25 10:08:15 - [TEST_STEP][PASSED] - Thread.sleep(3000): null

2020-06-25 10:08:18 - [TEST_STEP][PASSED] - verifyTextPresent(LogoutPageTextToBeVerified, true): Text 'Sign in to ISPS2-SIT' is present on page  using regular expression

2020-06-25 10:08:18 - [MESSAGE][PASSED] - Text 'Sign in to ISPS2-SIT' is present on page  using regular expression

2020-06-25 10:08:18 - [TEST_STEP][PASSED] - delay(5): Delayed 5 second(s)

2020-06-25 10:08:23 - [MESSAGE][PASSED] - Delayed 5 second(s)

2020-06-25 10:08:23 - [TEST_STEP][NOT_RUN] - com.reusableComponents.HighlightElement.run(findTestObject("Objects.Logout/div_Sign in to ISPS2-PROD-Verify")): NOT_RUN: com.reusableComponents.HighlightElement.run(findTestObject("Objects.Logout/div_Sign in to ISPS2-PROD-Verify"))

2020-06-25 10:08:23 - [MESSAGE][NOT_RUN] - NOT_RUN: com.reusableComponents.HighlightElement.run(findTestObject("Objects.Logout/div_Sign in to ISPS2-PROD-Verify"))

2020-06-25 10:08:23 - [TEST_STEP][PASSED] - closeBrowser(): Browser is closed

2020-06-25 10:08:24 - [MESSAGE][PASSED] - Browser is closed

2020-06-25 10:08:24 - [MESSAGE][PASSED] - Call Test Case 'Test Cases/Components/Logout' successfully]]></system-out>
         <system-err><![CDATA[]]></system-err>
      </testcase>
      <system-out><![CDATA[2020-06-25 10:06:42 - [TEST_SUITE][PASSED] - Reports: Test Cases/Jira/BE/Reports/BCAISPS-14679/BCAISPS-14679.TC001]]></system-out>
      <system-err><![CDATA[]]></system-err>
   </testsuite>
</testsuites>
