<?xml version="1.0" encoding="UTF-8"?>
<testsuites name="TestPFIPS" time="558.613" tests="3" failures="0" errors="0">
   <testsuite name="TestPFIPS" tests="3" failures="0" errors="0" time="558.613" timestamp="2020-05-09 01:01:26" hostname="19023-RAC - 192.168.16.39" id="Test Suites/PFI Precision and Scale Automated Regression Suite/TestPFIPS">
      <properties>
         <property name="deviceName" value=""/>
         <property name="devicePlatform" value=""/>
         <property name="logFolder" value="C:\\Users\\19023-RAC\\Desktop\\myAutomationCopy\\Reports\\20200509_010113\\PFI Precision and Scale Automated Regression Suite\\TestPFIPS\\20200509_010113"/>
         <property name="logFiles" value="C:\\Users\\19023-RAC\\Desktop\\myAutomationCopy\\Reports\\20200509_010113\\PFI Precision and Scale Automated Regression Suite\\TestPFIPS\\20200509_010113\\execution0.log"/>
         <property name="attachments" value=""/>
         <property name="hostName" value="19023-RAC - 192.168.16.39"/>
         <property name="os" value="Windows 10 64bit"/>
         <property name="katalonVersion" value="7.2.1.1"/>
         <property name="browser" value="Chrome 81.0.4044.138"/>
         <property name="hostAddress" value="192.168.16.39"/>
         <property name="sessionId" value="81a1f6d727af93111f7ce27b67a52663"/>
         <property name="seleniumVersion" value="3.141.59"/>
         <property name="proxyInformation" value="ProxyInformation{proxyOption=NO_PROXY, proxyServerType=HTTP, password=, proxyServerAddress=, proxyServerPort=0, executionList=}"/>
         <property name="platform" value="Windows 10"/>
      </properties>
      <testcase name="Test Cases/Components/00_Precision and Scale/0_PFI/PE" time="159.247" classname="Test Cases/Components/00_Precision and Scale/0_PFI/PE" status="PASSED">
         <system-out><![CDATA[2020-05-09 01:01:26 - [TEST_CASE][PASSED] - Test Cases/Components/00_Precision and Scale/0_PFI/PE: Test Cases/Components/00_Precision and Scale/0_PFI/PE

2020-05-09 01:01:26 - [TEST_STEP][PASSED] - callTestCase(findTestCase("Components/LoginV2.0"), ["LinkToBeUsed":findTestData("Datatable").getValue("URL", 16), "LoginPageTextToBeVerified":findTestData("Datatable").getValue("HomeBanner", 2), ... ], STOP_ON_FAILURE): Call Test Case 'Test Cases/Components/LoginV2.0' successfully

2020-05-09 01:01:26 - [TEST_CASE][PASSED] - Test Cases/Components/LoginV2.0: Test Cases/Components/LoginV2.0

2020-05-09 01:01:27 - [TEST_STEP][PASSED] - openBrowser(LinkToBeUsed): Browser is opened with url: 'http://192.168.190.37:3012/isps2-mig/core/main.do#!dashboard/db/3021001'

2020-05-09 01:01:27 - [MESSAGE][INFO] - Starting 'Chrome' driver

2020-05-09 01:01:27 - [MESSAGE][INFO] - Action delay is set to 0 seconds

2020-05-09 01:01:38 - [MESSAGE][PASSED] - Browser is opened with url: 'http://192.168.190.37:3012/isps2-mig/core/main.do#!dashboard/db/3021001'

2020-05-09 01:01:38 - [TEST_STEP][PASSED] - maximizeWindow(): Current window maximized

2020-05-09 01:01:40 - [MESSAGE][PASSED] - Current window maximized

2020-05-09 01:01:40 - [TEST_STEP][PASSED] - verifyTextPresent(LoginPageTextToBeVerified, false): Text 'Sign in to ISPS2-SIT' is present on page 

2020-05-09 01:01:40 - [MESSAGE][PASSED] - Text 'Sign in to ISPS2-SIT' is present on page 

2020-05-09 01:01:40 - [TEST_STEP][PASSED] - setText(findTestObject("Objects.LoginV2.0/Login Page/input_Sign in to ISPS2-PROD-Verify_username"), Username): Text 'sysadmin' is set on object 'Object Repository/Objects.LoginV2.0/Login Page/input_Sign in to ISPS2-PROD-Verify_username'

2020-05-09 01:01:41 - [MESSAGE][PASSED] - Text 'sysadmin' is set on object 'Object Repository/Objects.LoginV2.0/Login Page/input_Sign in to ISPS2-PROD-Verify_username'

2020-05-09 01:01:41 - [TEST_STEP][PASSED] - setEncryptedText(findTestObject("Objects.LoginV2.0/Login Page/input_This field is required_password"), Password): Text ****** has been set on object 'Object Repository/Objects.LoginV2.0/Login Page/input_This field is required_password'

2020-05-09 01:01:41 - [MESSAGE][PASSED] - Text ****** has been set on object 'Object Repository/Objects.LoginV2.0/Login Page/input_This field is required_password'

2020-05-09 01:01:41 - [TEST_STEP][NOT_RUN] - setEncryptedText(findTestObject(null), Password): NOT_RUN: setEncryptedText(findTestObject(null), Password)

2020-05-09 01:01:41 - [MESSAGE][NOT_RUN] - NOT_RUN: setEncryptedText(findTestObject(null), Password)

2020-05-09 01:01:41 - [TEST_STEP][PASSED] - click(findTestObject("Objects.LoginV2.0/Login Page/div_Sign in to ISPS2-PROD-Verify_NovaGoButton-1021"), OPTIONAL): Object: 'Object Repository/Objects.LoginV2.0/Login Page/div_Sign in to ISPS2-PROD-Verify_NovaGoButton-1021' is clicked on

2020-05-09 01:01:42 - [MESSAGE][PASSED] - Object: 'Object Repository/Objects.LoginV2.0/Login Page/div_Sign in to ISPS2-PROD-Verify_NovaGoButton-1021' is clicked on

2020-05-09 01:01:42 - [TEST_STEP][PASSED] - waitForPageLoad(30): Wait for page load successfully

2020-05-09 01:01:42 - [MESSAGE][PASSED] - Wait for page load successfully

2020-05-09 01:01:42 - [TEST_STEP][PASSED] - Thread.sleep(3000): null

2020-05-09 01:01:45 - [MESSAGE][PASSED] - Call Test Case 'Test Cases/Components/LoginV2.0' successfully

2020-05-09 01:01:45 - [TEST_STEP][PASSED] - callTestCase(findTestCase("Components/Filter"), ["taskDescription":"Process Case (SM)"], STOP_ON_FAILURE): Call Test Case 'Test Cases/Components/Filter' successfully

2020-05-09 01:01:45 - [TEST_CASE][PASSED] - Test Cases/Components/Filter: Test Cases/Components/Filter

2020-05-09 01:01:45 - [TEST_STEP][PASSED] - Thread.sleep(5000): null

2020-05-09 01:01:50 - [TEST_STEP][PASSED] - waitForPageLoad(180): Wait for page load successfully

2020-05-09 01:01:50 - [MESSAGE][PASSED] - Wait for page load successfully

2020-05-09 01:01:50 - [TEST_STEP][PASSED] - waitForElementNotPresent(findTestObject("Objects.Filter/Page_ISPS2/div_Loading search result Please wait"), 180): Web element with id: 'Object Repository/Objects.Filter/Page_ISPS2/div_Loading search result Please wait' located by 'By.xpath: //div[@class = 'x-mask-msg-text' and (text() = 'Loading search result. Please wait...' or . = 'Loading search result. Please wait...')]' is not present after '180' second(s)

2020-05-09 01:01:52 - [MESSAGE][PASSED] - Web element with id: 'Object Repository/Objects.Filter/Page_ISPS2/div_Loading search result Please wait' located by 'By.xpath: //div[@class = 'x-mask-msg-text' and (text() = 'Loading search result. Please wait...' or . = 'Loading search result. Please wait...')]' is not present after '180' second(s)

2020-05-09 01:01:52 - [TEST_STEP][PASSED] - click(findTestObject("Objects.Filter/Page_ISPS2/XP.Embutidooo")): Object: 'Object Repository/Objects.Filter/Page_ISPS2/XP.Embutidooo' is clicked on

2020-05-09 01:01:53 - [MESSAGE][PASSED] - Object: 'Object Repository/Objects.Filter/Page_ISPS2/XP.Embutidooo' is clicked on

2020-05-09 01:01:53 - [TEST_STEP][PASSED] - com.reusableComponents.HighlightElement.run(findTestObject("Objects.Filter/Page_ISPS2/span_Reset")): com.reusableComponents.HighlightElement.run is PASSED

2020-05-09 01:01:54 - [MESSAGE][PASSED] - com.reusableComponents.HighlightElement.run is PASSED

2020-05-09 01:01:54 - [TEST_STEP][PASSED] - click(findTestObject("Objects.Filter/Page_ISPS2/span_Reset")): Object: 'Object Repository/Objects.Filter/Page_ISPS2/span_Reset' is clicked on

2020-05-09 01:01:54 - [MESSAGE][PASSED] - Object: 'Object Repository/Objects.Filter/Page_ISPS2/span_Reset' is clicked on

2020-05-09 01:01:54 - [TEST_STEP][PASSED] - com.reusableComponents.HighlightElement.run(findTestObject("Objects.Filter/Page_ISPS2/TextBoxTaskDescription")): com.reusableComponents.HighlightElement.run is PASSED

2020-05-09 01:01:55 - [MESSAGE][PASSED] - com.reusableComponents.HighlightElement.run is PASSED

2020-05-09 01:01:55 - [TEST_STEP][PASSED] - setText(findTestObject("Objects.Filter/Page_ISPS2/TextBoxTaskDescription"), taskDescription): Text 'Process Case (SM)' is set on object 'Object Repository/Objects.Filter/Page_ISPS2/TextBoxTaskDescription'

2020-05-09 01:01:56 - [MESSAGE][PASSED] - Text 'Process Case (SM)' is set on object 'Object Repository/Objects.Filter/Page_ISPS2/TextBoxTaskDescription'

2020-05-09 01:01:56 - [TEST_STEP][PASSED] - caseType = taskDescription: null

2020-05-09 01:01:57 - [TEST_STEP][PASSED] - sendKeys(findTestObject("Objects.Filter/Page_ISPS2/TextBoxTaskDescription"), Keys.chord(ENTER)): Keys 'ENTER + ' sent to object: 'Object Repository/Objects.Filter/Page_ISPS2/TextBoxTaskDescription'

2020-05-09 01:01:57 - [MESSAGE][PASSED] - Keys 'ENTER + ' sent to object: 'Object Repository/Objects.Filter/Page_ISPS2/TextBoxTaskDescription'

2020-05-09 01:01:57 - [TEST_STEP][PASSED] - com.reusableComponents.HighlightElement.run(findTestObject("Objects.Filter/Page_ISPS2/span_Search")): com.reusableComponents.HighlightElement.run is PASSED

2020-05-09 01:01:58 - [MESSAGE][PASSED] - com.reusableComponents.HighlightElement.run is PASSED

2020-05-09 01:01:58 - [TEST_STEP][PASSED] - click(findTestObject("Objects.Filter/Page_ISPS2/span_Search")): Object: 'Object Repository/Objects.Filter/Page_ISPS2/span_Search' is clicked on

2020-05-09 01:01:58 - [MESSAGE][PASSED] - Object: 'Object Repository/Objects.Filter/Page_ISPS2/span_Search' is clicked on

2020-05-09 01:01:58 - [TEST_STEP][NOT_RUN] - verifyTextPresent("Loading search result. Please wait...", false): NOT_RUN: verifyTextPresent("Loading search result. Please wait...", false)

2020-05-09 01:01:58 - [MESSAGE][NOT_RUN] - NOT_RUN: verifyTextPresent("Loading search result. Please wait...", false)

2020-05-09 01:01:58 - [TEST_STEP][NOT_RUN] - waitForElementNotPresent(findTestObject("Objects.Filter/Page_ISPS2/div_Loading search result Please wait"), 120): NOT_RUN: waitForElementNotPresent(findTestObject("Objects.Filter/Page_ISPS2/div_Loading search result Please wait"), 120)

2020-05-09 01:01:58 - [MESSAGE][NOT_RUN] - NOT_RUN: waitForElementNotPresent(findTestObject("Objects.Filter/Page_ISPS2/div_Loading search result Please wait"), 120)

2020-05-09 01:01:58 - [TEST_STEP][PASSED] - Thread.sleep(5000): null

2020-05-09 01:02:03 - [MESSAGE][PASSED] - Call Test Case 'Test Cases/Components/Filter' successfully

2020-05-09 01:02:03 - [TEST_STEP][PASSED] - callTestCase(findTestCase("Components/ClickLinkDependingOnTextAndIndex"), ["linkName":"Process Case (SM)", "index":"5"], STOP_ON_FAILURE): Call Test Case 'Test Cases/Components/ClickLinkDependingOnTextAndIndex' successfully

2020-05-09 01:02:04 - [TEST_CASE][PASSED] - Test Cases/Components/ClickLinkDependingOnTextAndIndex: Test Cases/Components/ClickLinkDependingOnTextAndIndex

2020-05-09 01:02:04 - [TEST_STEP][PASSED] - Thread.sleep(1000): null

2020-05-09 01:02:05 - [TEST_STEP][PASSED] - println(linkName): null

2020-05-09 01:02:05 - [TEST_STEP][PASSED] - println(index): null

2020-05-09 01:02:05 - [TEST_STEP][PASSED] - modifiedLink = modifyObjectProperty(findTestObject("Objects.ClickLinkDependingOnTextAndIndex/linkToModify"), "xpath", "equals", "(//a[text()="" + linkName + ""])[" + index + "]", true): Modify property of object successfully

2020-05-09 01:02:05 - [MESSAGE][PASSED] - Modify property of object successfully

2020-05-09 01:02:05 - [TEST_STEP][PASSED] - Thread.sleep(5000): null

2020-05-09 01:02:10 - [TEST_STEP][PASSED] - com.reusableComponents.HighlightElement.run(modifiedLink): com.reusableComponents.HighlightElement.run is PASSED

2020-05-09 01:02:10 - [MESSAGE][PASSED] - com.reusableComponents.HighlightElement.run is PASSED

2020-05-09 01:02:10 - [TEST_STEP][PASSED] - click(modifiedLink): Object: 'Object Repository/Objects.ClickLinkDependingOnTextAndIndex/linkToModify' is clicked on

2020-05-09 01:02:11 - [MESSAGE][PASSED] - Object: 'Object Repository/Objects.ClickLinkDependingOnTextAndIndex/linkToModify' is clicked on

2020-05-09 01:02:11 - [MESSAGE][PASSED] - Call Test Case 'Test Cases/Components/ClickLinkDependingOnTextAndIndex' successfully

2020-05-09 01:02:11 - [TEST_STEP][PASSED] - callTestCase(findTestCase("Components/00_Precision and Scale/VerifyPageScreenLoad"), [:], STOP_ON_FAILURE): Call Test Case 'Test Cases/Components/00_Precision and Scale/VerifyPageScreenLoad' successfully

2020-05-09 01:02:11 - [TEST_CASE][PASSED] - Test Cases/Components/00_Precision and Scale/VerifyPageScreenLoad: Test Cases/Components/00_Precision and Scale/VerifyPageScreenLoad

2020-05-09 01:02:11 - [TEST_STEP][PASSED] - waitForPageLoad(180): Wait for page load successfully

2020-05-09 01:02:11 - [MESSAGE][PASSED] - Wait for page load successfully

2020-05-09 01:02:11 - [TEST_STEP][PASSED] - enableSmartWait(): null

2020-05-09 01:02:11 - [TEST_STEP][PASSED] - com.reusableComponents.HighlightElement.run(findTestObject("Objects.VerifyCourtActionsPrecisionAndScale/Page_ISPS2/div_Summary")): com.reusableComponents.HighlightElement.run is PASSED

2020-05-09 01:02:20 - [MESSAGE][PASSED] - com.reusableComponents.HighlightElement.run is PASSED

2020-05-09 01:02:20 - [MESSAGE][PASSED] - Call Test Case 'Test Cases/Components/00_Precision and Scale/VerifyPageScreenLoad' successfully

2020-05-09 01:02:20 - [TEST_STEP][PASSED] - callTestCase(findTestCase("Components/01_CommonLHS/ClickPELHS"), [:], STOP_ON_FAILURE): Call Test Case 'Test Cases/Components/01_CommonLHS/ClickPELHS' successfully

2020-05-09 01:02:21 - [TEST_CASE][PASSED] - Test Cases/Components/01_CommonLHS/ClickPELHS: Test Cases/Components/01_CommonLHS/ClickPELHS

2020-05-09 01:02:21 - [TEST_STEP][PASSED] - enableSmartWait(): null

2020-05-09 01:02:21 - [TEST_STEP][PASSED] - click(findTestObject("Objects.ClickPELHS/PELHS")): Object: 'Object Repository/Objects.ClickPELHS/PELHS' is clicked on

2020-05-09 01:02:21 - [MESSAGE][PASSED] - Object: 'Object Repository/Objects.ClickPELHS/PELHS' is clicked on

2020-05-09 01:02:21 - [TEST_STEP][PASSED] - com.reusableComponents.HighlightElement.run(findTestObject("Objects.ClickPELHS/PELHSScreen")): com.reusableComponents.HighlightElement.run is PASSED

2020-05-09 01:02:23 - [MESSAGE][PASSED] - com.reusableComponents.HighlightElement.run is PASSED

2020-05-09 01:02:24 - [MESSAGE][PASSED] - Call Test Case 'Test Cases/Components/01_CommonLHS/ClickPELHS' successfully

2020-05-09 01:02:24 - [TEST_STEP][PASSED] - callTestCase(findTestCase("Components/00_Precision and Scale/PEValidation"), ["FldNm":"peRegNo", "EnterInvalidPE":"Zh&2", "PEEnabled":"N", "PEName":"N", "RqdField":"N", "NoOfOpt":6], STOP_ON_FAILURE): Call Test Case 'Test Cases/Components/00_Precision and Scale/PEValidation' successfully

2020-05-09 01:02:24 - [TEST_CASE][PASSED] - Test Cases/Components/00_Precision and Scale/PEValidation: Test Cases/Components/00_Precision and Scale/PEValidation

2020-05-09 01:02:25 - [TEST_STEP][PASSED] - Thread.sleep(3000): null

2020-05-09 01:02:28 - [TEST_STEP][PASSED] - PEList = ["1002":"Dummy PE", "6789":"Test Name 1", "1140":"Test new", "1596":"Dummy QP", "1567":"TAN BOON NGEE", "1234":"ENG1"]: null

2020-05-09 01:02:28 - [TEST_STEP][PASSED] - NewInputNmField = modifyObjectProperty(findTestObject("Objects.NameValidation/input_FieldName"), "name", "equals", FldNm, true): Modify property of object successfully

2020-05-09 01:02:28 - [MESSAGE][PASSED] - Modify property of object successfully

2020-05-09 01:02:28 - [TEST_STEP][PASSED] - if (PEEnabled == "Y"): null

2020-05-09 01:02:28 - [TEST_STEP][PASSED] - else if (PEEnabled == "N"): Object: 'Object Repository/Objects.PELSH/PENoReadOnly' is double clicked on

2020-05-09 01:02:28 - [TEST_STEP][PASSED] - if (PEName == "N"): Object: 'Object Repository/Objects.PELSH/PENoReadOnly' is double clicked on

2020-05-09 01:02:28 - [TEST_STEP][PASSED] - doubleClick(findTestObject("Objects.PELSH/PENoReadOnly")): Object: 'Object Repository/Objects.PELSH/PENoReadOnly' is double clicked on

2020-05-09 01:02:28 - [MESSAGE][PASSED] - Object: 'Object Repository/Objects.PELSH/PENoReadOnly' is double clicked on

2020-05-09 01:02:28 - [TEST_STEP][PASSED] - focus(NewInputNmField): Object: 'Object Repository/Objects.NameValidation/input_FieldName' is focused

2020-05-09 01:02:29 - [MESSAGE][PASSED] - Object: 'Object Repository/Objects.NameValidation/input_FieldName' is focused

2020-05-09 01:02:29 - [TEST_STEP][PASSED] - GetValue = getAttribute(NewInputNmField, "value", STOP_ON_FAILURE): Attribute 'value' of object 'Object Repository/Objects.NameValidation/input_FieldName' is: ''

2020-05-09 01:02:29 - [MESSAGE][PASSED] - Attribute 'value' of object 'Object Repository/Objects.NameValidation/input_FieldName' is: ''

2020-05-09 01:02:29 - [TEST_STEP][PASSED] - verifyMatch(GetValue, "", true): Actual text '' and expected text '' are matched  using regular expression

2020-05-09 01:02:29 - [MESSAGE][PASSED] - Actual text '' and expected text '' are matched  using regular expression

2020-05-09 01:02:29 - [TEST_STEP][PASSED] - setText(NewInputNmField, EnterInvalidPE): Text 'Zh&2' is set on object 'Object Repository/Objects.NameValidation/input_FieldName'

2020-05-09 01:02:29 - [MESSAGE][PASSED] - Text 'Zh&2' is set on object 'Object Repository/Objects.NameValidation/input_FieldName'

2020-05-09 01:02:29 - [TEST_STEP][PASSED] - delay(5): Delayed 5 second(s)

2020-05-09 01:02:34 - [MESSAGE][PASSED] - Delayed 5 second(s)

2020-05-09 01:02:34 - [TEST_STEP][PASSED] - sendKeys(NewInputNmField, Keys.chord(ARROW_DOWN)): Keys 'DOWN + ' sent to object: 'Object Repository/Objects.NameValidation/input_FieldName'

2020-05-09 01:02:35 - [MESSAGE][PASSED] - Keys 'DOWN + ' sent to object: 'Object Repository/Objects.NameValidation/input_FieldName'

2020-05-09 01:02:35 - [TEST_STEP][PASSED] - sendKeys(NewInputNmField, Keys.chord(ENTER)): Keys 'ENTER + ' sent to object: 'Object Repository/Objects.NameValidation/input_FieldName'

2020-05-09 01:02:35 - [MESSAGE][PASSED] - Keys 'ENTER + ' sent to object: 'Object Repository/Objects.NameValidation/input_FieldName'

2020-05-09 01:02:35 - [TEST_STEP][PASSED] - GetValue = getAttribute(NewInputNmField, "value", STOP_ON_FAILURE): Attribute 'value' of object 'Object Repository/Objects.NameValidation/input_FieldName' is: 'Zh&2'

2020-05-09 01:02:35 - [MESSAGE][PASSED] - Attribute 'value' of object 'Object Repository/Objects.NameValidation/input_FieldName' is: 'Zh&2'

2020-05-09 01:02:35 - [TEST_STEP][PASSED] - if (PEList.containsKey(GetValue) == false): No matching qp found

2020-05-09 01:02:35 - [TEST_STEP][PASSED] - SearchValue = PEList.find({ -> ... }): null

2020-05-09 01:02:35 - [TEST_STEP][PASSED] - if (SearchValue == null): No matching qp found

2020-05-09 01:02:35 - [TEST_STEP][PASSED] - comment("No matching qp found"): No matching qp found

2020-05-09 01:02:35 - [MESSAGE][INFO] - No matching qp found

2020-05-09 01:02:35 - [TEST_STEP][PASSED] - sendKeys(NewInputNmField, Keys.chord(ARROW_LEFT)): Keys 'LEFT + ' sent to object: 'Object Repository/Objects.NameValidation/input_FieldName'

2020-05-09 01:02:36 - [MESSAGE][PASSED] - Keys 'LEFT + ' sent to object: 'Object Repository/Objects.NameValidation/input_FieldName'

2020-05-09 01:02:36 - [TEST_STEP][PASSED] - sendKeys(NewInputNmField, Keys.chord(LEFT_CONTROL, "a")): Keys 'CONTROL + a' sent to object: 'Object Repository/Objects.NameValidation/input_FieldName'

2020-05-09 01:02:36 - [MESSAGE][PASSED] - Keys 'CONTROL + a' sent to object: 'Object Repository/Objects.NameValidation/input_FieldName'

2020-05-09 01:02:36 - [TEST_STEP][PASSED] - sendKeys(NewInputNmField, Keys.chord(BACK_SPACE)): Keys 'BACK_SPACE + ' sent to object: 'Object Repository/Objects.NameValidation/input_FieldName'

2020-05-09 01:02:36 - [MESSAGE][PASSED] - Keys 'BACK_SPACE + ' sent to object: 'Object Repository/Objects.NameValidation/input_FieldName'

2020-05-09 01:02:36 - [TEST_STEP][PASSED] - if (RqdField == "Y"): null

2020-05-09 01:02:36 - [TEST_STEP][PASSED] - for ([i = 0, i < NoOfOpt, (i++)]): Keys 'DOWN + ' sent to object: 'Object Repository/Objects.NameValidation/input_FieldName'

2020-05-09 01:02:36 - [TEST_STEP][PASSED] - sendKeys(NewInputNmField, Keys.chord(ARROW_DOWN)): Keys 'DOWN + ' sent to object: 'Object Repository/Objects.NameValidation/input_FieldName'

2020-05-09 01:02:36 - [MESSAGE][PASSED] - Keys 'DOWN + ' sent to object: 'Object Repository/Objects.NameValidation/input_FieldName'

2020-05-09 01:02:36 - [TEST_STEP][PASSED] - delay(5): Delayed 5 second(s)

2020-05-09 01:02:41 - [MESSAGE][PASSED] - Delayed 5 second(s)

2020-05-09 01:02:41 - [TEST_STEP][PASSED] - sendKeys(NewInputNmField, Keys.chord(ENTER)): Keys 'ENTER + ' sent to object: 'Object Repository/Objects.NameValidation/input_FieldName'

2020-05-09 01:02:42 - [MESSAGE][PASSED] - Keys 'ENTER + ' sent to object: 'Object Repository/Objects.NameValidation/input_FieldName'

2020-05-09 01:02:42 - [TEST_STEP][PASSED] - SearchDropdownVal = getAttribute(NewInputNmField, "value"): Attribute 'value' of object 'Object Repository/Objects.NameValidation/input_FieldName' is: '1002'

2020-05-09 01:02:42 - [MESSAGE][PASSED] - Attribute 'value' of object 'Object Repository/Objects.NameValidation/input_FieldName' is: '1002'

2020-05-09 01:02:42 - [TEST_STEP][PASSED] - if (PEName == "N"): null

2020-05-09 01:02:42 - [TEST_STEP][PASSED] - println(SearchDropdownVal + " (" + get(SearchDropdownVal).toString() + ")"): null

2020-05-09 01:02:42 - [TEST_STEP][PASSED] - sendKeys(NewInputNmField, Keys.chord(ARROW_DOWN)): Keys 'DOWN + ' sent to object: 'Object Repository/Objects.NameValidation/input_FieldName'

2020-05-09 01:02:42 - [MESSAGE][PASSED] - Keys 'DOWN + ' sent to object: 'Object Repository/Objects.NameValidation/input_FieldName'

2020-05-09 01:02:42 - [TEST_STEP][PASSED] - sendKeys(NewInputNmField, Keys.chord(ARROW_DOWN)): Keys 'DOWN + ' sent to object: 'Object Repository/Objects.NameValidation/input_FieldName'

2020-05-09 01:02:43 - [MESSAGE][PASSED] - Keys 'DOWN + ' sent to object: 'Object Repository/Objects.NameValidation/input_FieldName'

2020-05-09 01:02:43 - [TEST_STEP][PASSED] - delay(5): Delayed 5 second(s)

2020-05-09 01:02:48 - [MESSAGE][PASSED] - Delayed 5 second(s)

2020-05-09 01:02:48 - [TEST_STEP][PASSED] - sendKeys(NewInputNmField, Keys.chord(ENTER)): Keys 'ENTER + ' sent to object: 'Object Repository/Objects.NameValidation/input_FieldName'

2020-05-09 01:02:48 - [MESSAGE][PASSED] - Keys 'ENTER + ' sent to object: 'Object Repository/Objects.NameValidation/input_FieldName'

2020-05-09 01:02:48 - [TEST_STEP][PASSED] - SearchDropdownVal = getAttribute(NewInputNmField, "value"): Attribute 'value' of object 'Object Repository/Objects.NameValidation/input_FieldName' is: '6789'

2020-05-09 01:02:49 - [MESSAGE][PASSED] - Attribute 'value' of object 'Object Repository/Objects.NameValidation/input_FieldName' is: '6789'

2020-05-09 01:02:49 - [TEST_STEP][PASSED] - if (PEName == "N"): null

2020-05-09 01:02:49 - [TEST_STEP][PASSED] - println(SearchDropdownVal + " (" + get(SearchDropdownVal).toString() + ")"): null

2020-05-09 01:02:49 - [TEST_STEP][PASSED] - sendKeys(NewInputNmField, Keys.chord(ARROW_DOWN)): Keys 'DOWN + ' sent to object: 'Object Repository/Objects.NameValidation/input_FieldName'

2020-05-09 01:02:49 - [MESSAGE][PASSED] - Keys 'DOWN + ' sent to object: 'Object Repository/Objects.NameValidation/input_FieldName'

2020-05-09 01:02:49 - [TEST_STEP][PASSED] - sendKeys(NewInputNmField, Keys.chord(ARROW_DOWN)): Keys 'DOWN + ' sent to object: 'Object Repository/Objects.NameValidation/input_FieldName'

2020-05-09 01:02:49 - [MESSAGE][PASSED] - Keys 'DOWN + ' sent to object: 'Object Repository/Objects.NameValidation/input_FieldName'

2020-05-09 01:02:49 - [TEST_STEP][PASSED] - delay(5): Delayed 5 second(s)

2020-05-09 01:02:54 - [MESSAGE][PASSED] - Delayed 5 second(s)

2020-05-09 01:02:54 - [TEST_STEP][PASSED] - sendKeys(NewInputNmField, Keys.chord(ENTER)): Keys 'ENTER + ' sent to object: 'Object Repository/Objects.NameValidation/input_FieldName'

2020-05-09 01:02:54 - [MESSAGE][PASSED] - Keys 'ENTER + ' sent to object: 'Object Repository/Objects.NameValidation/input_FieldName'

2020-05-09 01:02:54 - [TEST_STEP][PASSED] - SearchDropdownVal = getAttribute(NewInputNmField, "value"): Attribute 'value' of object 'Object Repository/Objects.NameValidation/input_FieldName' is: '6789'

2020-05-09 01:02:55 - [MESSAGE][PASSED] - Attribute 'value' of object 'Object Repository/Objects.NameValidation/input_FieldName' is: '6789'

2020-05-09 01:02:55 - [TEST_STEP][PASSED] - if (PEName == "N"): null

2020-05-09 01:02:55 - [TEST_STEP][PASSED] - println(SearchDropdownVal + " (" + get(SearchDropdownVal).toString() + ")"): null

2020-05-09 01:02:55 - [TEST_STEP][PASSED] - sendKeys(NewInputNmField, Keys.chord(ARROW_DOWN)): Keys 'DOWN + ' sent to object: 'Object Repository/Objects.NameValidation/input_FieldName'

2020-05-09 01:02:55 - [MESSAGE][PASSED] - Keys 'DOWN + ' sent to object: 'Object Repository/Objects.NameValidation/input_FieldName'

2020-05-09 01:02:55 - [TEST_STEP][PASSED] - sendKeys(NewInputNmField, Keys.chord(ARROW_DOWN)): Keys 'DOWN + ' sent to object: 'Object Repository/Objects.NameValidation/input_FieldName'

2020-05-09 01:02:55 - [MESSAGE][PASSED] - Keys 'DOWN + ' sent to object: 'Object Repository/Objects.NameValidation/input_FieldName'

2020-05-09 01:02:55 - [TEST_STEP][PASSED] - delay(5): Delayed 5 second(s)

2020-05-09 01:03:00 - [MESSAGE][PASSED] - Delayed 5 second(s)

2020-05-09 01:03:00 - [TEST_STEP][PASSED] - sendKeys(NewInputNmField, Keys.chord(ENTER)): Keys 'ENTER + ' sent to object: 'Object Repository/Objects.NameValidation/input_FieldName'

2020-05-09 01:03:01 - [MESSAGE][PASSED] - Keys 'ENTER + ' sent to object: 'Object Repository/Objects.NameValidation/input_FieldName'

2020-05-09 01:03:01 - [TEST_STEP][PASSED] - SearchDropdownVal = getAttribute(NewInputNmField, "value"): Attribute 'value' of object 'Object Repository/Objects.NameValidation/input_FieldName' is: '6789'

2020-05-09 01:03:01 - [MESSAGE][PASSED] - Attribute 'value' of object 'Object Repository/Objects.NameValidation/input_FieldName' is: '6789'

2020-05-09 01:03:01 - [TEST_STEP][PASSED] - if (PEName == "N"): null

2020-05-09 01:03:01 - [TEST_STEP][PASSED] - println(SearchDropdownVal + " (" + get(SearchDropdownVal).toString() + ")"): null

2020-05-09 01:03:01 - [TEST_STEP][PASSED] - sendKeys(NewInputNmField, Keys.chord(ARROW_DOWN)): Keys 'DOWN + ' sent to object: 'Object Repository/Objects.NameValidation/input_FieldName'

2020-05-09 01:03:01 - [MESSAGE][PASSED] - Keys 'DOWN + ' sent to object: 'Object Repository/Objects.NameValidation/input_FieldName'

2020-05-09 01:03:01 - [TEST_STEP][PASSED] - sendKeys(NewInputNmField, Keys.chord(ARROW_DOWN)): Keys 'DOWN + ' sent to object: 'Object Repository/Objects.NameValidation/input_FieldName'

2020-05-09 01:03:02 - [MESSAGE][PASSED] - Keys 'DOWN + ' sent to object: 'Object Repository/Objects.NameValidation/input_FieldName'

2020-05-09 01:03:02 - [TEST_STEP][PASSED] - delay(5): Delayed 5 second(s)

2020-05-09 01:03:07 - [MESSAGE][PASSED] - Delayed 5 second(s)

2020-05-09 01:03:07 - [TEST_STEP][PASSED] - sendKeys(NewInputNmField, Keys.chord(ENTER)): Keys 'ENTER + ' sent to object: 'Object Repository/Objects.NameValidation/input_FieldName'

2020-05-09 01:03:07 - [MESSAGE][PASSED] - Keys 'ENTER + ' sent to object: 'Object Repository/Objects.NameValidation/input_FieldName'

2020-05-09 01:03:07 - [TEST_STEP][PASSED] - SearchDropdownVal = getAttribute(NewInputNmField, "value"): Attribute 'value' of object 'Object Repository/Objects.NameValidation/input_FieldName' is: '6789'

2020-05-09 01:03:07 - [MESSAGE][PASSED] - Attribute 'value' of object 'Object Repository/Objects.NameValidation/input_FieldName' is: '6789'

2020-05-09 01:03:07 - [TEST_STEP][PASSED] - if (PEName == "N"): null

2020-05-09 01:03:07 - [TEST_STEP][PASSED] - println(SearchDropdownVal + " (" + get(SearchDropdownVal).toString() + ")"): null

2020-05-09 01:03:07 - [TEST_STEP][PASSED] - sendKeys(NewInputNmField, Keys.chord(ARROW_DOWN)): Keys 'DOWN + ' sent to object: 'Object Repository/Objects.NameValidation/input_FieldName'

2020-05-09 01:03:07 - [MESSAGE][PASSED] - Keys 'DOWN + ' sent to object: 'Object Repository/Objects.NameValidation/input_FieldName'

2020-05-09 01:03:07 - [TEST_STEP][PASSED] - sendKeys(NewInputNmField, Keys.chord(ARROW_DOWN)): Keys 'DOWN + ' sent to object: 'Object Repository/Objects.NameValidation/input_FieldName'

2020-05-09 01:03:08 - [MESSAGE][PASSED] - Keys 'DOWN + ' sent to object: 'Object Repository/Objects.NameValidation/input_FieldName'

2020-05-09 01:03:08 - [TEST_STEP][PASSED] - delay(5): Delayed 5 second(s)

2020-05-09 01:03:13 - [MESSAGE][PASSED] - Delayed 5 second(s)

2020-05-09 01:03:13 - [TEST_STEP][PASSED] - sendKeys(NewInputNmField, Keys.chord(ENTER)): Keys 'ENTER + ' sent to object: 'Object Repository/Objects.NameValidation/input_FieldName'

2020-05-09 01:03:13 - [MESSAGE][PASSED] - Keys 'ENTER + ' sent to object: 'Object Repository/Objects.NameValidation/input_FieldName'

2020-05-09 01:03:13 - [TEST_STEP][PASSED] - SearchDropdownVal = getAttribute(NewInputNmField, "value"): Attribute 'value' of object 'Object Repository/Objects.NameValidation/input_FieldName' is: '6789'

2020-05-09 01:03:13 - [MESSAGE][PASSED] - Attribute 'value' of object 'Object Repository/Objects.NameValidation/input_FieldName' is: '6789'

2020-05-09 01:03:13 - [TEST_STEP][PASSED] - if (PEName == "N"): null

2020-05-09 01:03:13 - [TEST_STEP][PASSED] - println(SearchDropdownVal + " (" + get(SearchDropdownVal).toString() + ")"): null

2020-05-09 01:03:13 - [TEST_STEP][PASSED] - sendKeys(NewInputNmField, Keys.chord(ARROW_DOWN)): Keys 'DOWN + ' sent to object: 'Object Repository/Objects.NameValidation/input_FieldName'

2020-05-09 01:03:14 - [MESSAGE][PASSED] - Keys 'DOWN + ' sent to object: 'Object Repository/Objects.NameValidation/input_FieldName'

2020-05-09 01:03:14 - [TEST_STEP][PASSED] - sendKeys(NewInputNmField, Keys.chord(ENTER)): Keys 'ENTER + ' sent to object: 'Object Repository/Objects.NameValidation/input_FieldName'

2020-05-09 01:03:14 - [MESSAGE][PASSED] - Keys 'ENTER + ' sent to object: 'Object Repository/Objects.NameValidation/input_FieldName'

2020-05-09 01:03:14 - [TEST_STEP][PASSED] - if (PEEnabled == "N"): Keys 'ENTER + ' sent to object: 'Object Repository/Objects.NameValidation/input_FieldName'

2020-05-09 01:03:14 - [TEST_STEP][PASSED] - sendKeys(NewInputNmField, Keys.chord(ENTER)): Keys 'ENTER + ' sent to object: 'Object Repository/Objects.NameValidation/input_FieldName'

2020-05-09 01:03:14 - [MESSAGE][PASSED] - Keys 'ENTER + ' sent to object: 'Object Repository/Objects.NameValidation/input_FieldName'

2020-05-09 01:03:14 - [MESSAGE][PASSED] - Call Test Case 'Test Cases/Components/00_Precision and Scale/PEValidation' successfully

2020-05-09 01:03:14 - [TEST_STEP][PASSED] - callTestCase(findTestCase("Components/00_Precision and Scale/PEValidation"), ["FldNm":"peName", "EnterInvalidPE":"Zh&2", "PEEnabled":"N", "PEName":"Y", "RqdField":"N", "NoOfOpt":6], STOP_ON_FAILURE): Call Test Case 'Test Cases/Components/00_Precision and Scale/PEValidation' successfully

2020-05-09 01:03:14 - [TEST_CASE][PASSED] - Test Cases/Components/00_Precision and Scale/PEValidation: Test Cases/Components/00_Precision and Scale/PEValidation

2020-05-09 01:03:14 - [TEST_STEP][PASSED] - Thread.sleep(3000): null

2020-05-09 01:03:17 - [TEST_STEP][PASSED] - PEList = ["1002":"Dummy PE", "6789":"Test Name 1", "1140":"Test new", "1596":"Dummy QP", "1567":"TAN BOON NGEE", "1234":"ENG1"]: null

2020-05-09 01:03:17 - [TEST_STEP][PASSED] - NewInputNmField = modifyObjectProperty(findTestObject("Objects.NameValidation/input_FieldName"), "name", "equals", FldNm, true): Modify property of object successfully

2020-05-09 01:03:17 - [MESSAGE][PASSED] - Modify property of object successfully

2020-05-09 01:03:17 - [TEST_STEP][PASSED] - if (PEEnabled == "Y"): null

2020-05-09 01:03:17 - [TEST_STEP][PASSED] - else if (PEEnabled == "N"): Object: 'Object Repository/Objects.PELSH/PENameReadOnly' is double clicked on

2020-05-09 01:03:17 - [TEST_STEP][PASSED] - if (PEName == "N"): null

2020-05-09 01:03:17 - [TEST_STEP][PASSED] - else: Object: 'Object Repository/Objects.PELSH/PENameReadOnly' is double clicked on

2020-05-09 01:03:17 - [TEST_STEP][PASSED] - doubleClick(findTestObject("Objects.PELSH/PENameReadOnly")): Object: 'Object Repository/Objects.PELSH/PENameReadOnly' is double clicked on

2020-05-09 01:03:18 - [MESSAGE][PASSED] - Object: 'Object Repository/Objects.PELSH/PENameReadOnly' is double clicked on

2020-05-09 01:03:18 - [TEST_STEP][PASSED] - focus(NewInputNmField): Object: 'Object Repository/Objects.NameValidation/input_FieldName' is focused

2020-05-09 01:03:18 - [MESSAGE][PASSED] - Object: 'Object Repository/Objects.NameValidation/input_FieldName' is focused

2020-05-09 01:03:18 - [TEST_STEP][PASSED] - GetValue = getAttribute(NewInputNmField, "value", STOP_ON_FAILURE): Attribute 'value' of object 'Object Repository/Objects.NameValidation/input_FieldName' is: ''

2020-05-09 01:03:19 - [MESSAGE][PASSED] - Attribute 'value' of object 'Object Repository/Objects.NameValidation/input_FieldName' is: ''

2020-05-09 01:03:19 - [TEST_STEP][PASSED] - verifyMatch(GetValue, "", true): Actual text '' and expected text '' are matched  using regular expression

2020-05-09 01:03:19 - [MESSAGE][PASSED] - Actual text '' and expected text '' are matched  using regular expression

2020-05-09 01:03:19 - [TEST_STEP][PASSED] - setText(NewInputNmField, EnterInvalidPE): Text 'Zh&2' is set on object 'Object Repository/Objects.NameValidation/input_FieldName'

2020-05-09 01:03:19 - [MESSAGE][PASSED] - Text 'Zh&2' is set on object 'Object Repository/Objects.NameValidation/input_FieldName'

2020-05-09 01:03:19 - [TEST_STEP][PASSED] - delay(5): Delayed 5 second(s)

2020-05-09 01:03:24 - [MESSAGE][PASSED] - Delayed 5 second(s)

2020-05-09 01:03:24 - [TEST_STEP][PASSED] - sendKeys(NewInputNmField, Keys.chord(ARROW_DOWN)): Keys 'DOWN + ' sent to object: 'Object Repository/Objects.NameValidation/input_FieldName'

2020-05-09 01:03:24 - [MESSAGE][PASSED] - Keys 'DOWN + ' sent to object: 'Object Repository/Objects.NameValidation/input_FieldName'

2020-05-09 01:03:24 - [TEST_STEP][PASSED] - sendKeys(NewInputNmField, Keys.chord(ENTER)): Keys 'ENTER + ' sent to object: 'Object Repository/Objects.NameValidation/input_FieldName'

2020-05-09 01:03:25 - [MESSAGE][PASSED] - Keys 'ENTER + ' sent to object: 'Object Repository/Objects.NameValidation/input_FieldName'

2020-05-09 01:03:25 - [TEST_STEP][PASSED] - GetValue = getAttribute(NewInputNmField, "value", STOP_ON_FAILURE): Attribute 'value' of object 'Object Repository/Objects.NameValidation/input_FieldName' is: 'Zh&2'

2020-05-09 01:03:25 - [MESSAGE][PASSED] - Attribute 'value' of object 'Object Repository/Objects.NameValidation/input_FieldName' is: 'Zh&2'

2020-05-09 01:03:25 - [TEST_STEP][PASSED] - if (PEList.containsKey(GetValue) == false): No matching qp found

2020-05-09 01:03:25 - [TEST_STEP][PASSED] - SearchValue = PEList.find({ -> ... }): null

2020-05-09 01:03:25 - [TEST_STEP][PASSED] - if (SearchValue == null): No matching qp found

2020-05-09 01:03:25 - [TEST_STEP][PASSED] - comment("No matching qp found"): No matching qp found

2020-05-09 01:03:25 - [MESSAGE][INFO] - No matching qp found

2020-05-09 01:03:25 - [TEST_STEP][PASSED] - sendKeys(NewInputNmField, Keys.chord(ARROW_LEFT)): Keys 'LEFT + ' sent to object: 'Object Repository/Objects.NameValidation/input_FieldName'

2020-05-09 01:03:25 - [MESSAGE][PASSED] - Keys 'LEFT + ' sent to object: 'Object Repository/Objects.NameValidation/input_FieldName'

2020-05-09 01:03:25 - [TEST_STEP][PASSED] - sendKeys(NewInputNmField, Keys.chord(LEFT_CONTROL, "a")): Keys 'CONTROL + a' sent to object: 'Object Repository/Objects.NameValidation/input_FieldName'

2020-05-09 01:03:25 - [MESSAGE][PASSED] - Keys 'CONTROL + a' sent to object: 'Object Repository/Objects.NameValidation/input_FieldName'

2020-05-09 01:03:25 - [TEST_STEP][PASSED] - sendKeys(NewInputNmField, Keys.chord(BACK_SPACE)): Keys 'BACK_SPACE + ' sent to object: 'Object Repository/Objects.NameValidation/input_FieldName'

2020-05-09 01:03:26 - [MESSAGE][PASSED] - Keys 'BACK_SPACE + ' sent to object: 'Object Repository/Objects.NameValidation/input_FieldName'

2020-05-09 01:03:26 - [TEST_STEP][PASSED] - if (RqdField == "Y"): null

2020-05-09 01:03:26 - [TEST_STEP][PASSED] - for ([i = 0, i < NoOfOpt, (i++)]): Keys 'DOWN + ' sent to object: 'Object Repository/Objects.NameValidation/input_FieldName'

2020-05-09 01:03:26 - [TEST_STEP][PASSED] - sendKeys(NewInputNmField, Keys.chord(ARROW_DOWN)): Keys 'DOWN + ' sent to object: 'Object Repository/Objects.NameValidation/input_FieldName'

2020-05-09 01:03:26 - [MESSAGE][PASSED] - Keys 'DOWN + ' sent to object: 'Object Repository/Objects.NameValidation/input_FieldName'

2020-05-09 01:03:26 - [TEST_STEP][PASSED] - delay(5): Delayed 5 second(s)

2020-05-09 01:03:31 - [MESSAGE][PASSED] - Delayed 5 second(s)

2020-05-09 01:03:31 - [TEST_STEP][PASSED] - sendKeys(NewInputNmField, Keys.chord(ENTER)): Keys 'ENTER + ' sent to object: 'Object Repository/Objects.NameValidation/input_FieldName'

2020-05-09 01:03:31 - [MESSAGE][PASSED] - Keys 'ENTER + ' sent to object: 'Object Repository/Objects.NameValidation/input_FieldName'

2020-05-09 01:03:31 - [TEST_STEP][PASSED] - SearchDropdownVal = getAttribute(NewInputNmField, "value"): Attribute 'value' of object 'Object Repository/Objects.NameValidation/input_FieldName' is: 'Dummy PE'

2020-05-09 01:03:32 - [MESSAGE][PASSED] - Attribute 'value' of object 'Object Repository/Objects.NameValidation/input_FieldName' is: 'Dummy PE'

2020-05-09 01:03:32 - [TEST_STEP][PASSED] - if (PEName == "N"): null

2020-05-09 01:03:32 - [TEST_STEP][PASSED] - else: null

2020-05-09 01:03:32 - [TEST_STEP][PASSED] - ValueFound = PEList.find({ -> ... }): null

2020-05-09 01:03:32 - [TEST_STEP][PASSED] - println(ValueFound): null

2020-05-09 01:03:32 - [TEST_STEP][PASSED] - sendKeys(NewInputNmField, Keys.chord(ARROW_DOWN)): Keys 'DOWN + ' sent to object: 'Object Repository/Objects.NameValidation/input_FieldName'

2020-05-09 01:03:32 - [MESSAGE][PASSED] - Keys 'DOWN + ' sent to object: 'Object Repository/Objects.NameValidation/input_FieldName'

2020-05-09 01:03:32 - [TEST_STEP][PASSED] - sendKeys(NewInputNmField, Keys.chord(ARROW_DOWN)): Keys 'DOWN + ' sent to object: 'Object Repository/Objects.NameValidation/input_FieldName'

2020-05-09 01:03:33 - [MESSAGE][PASSED] - Keys 'DOWN + ' sent to object: 'Object Repository/Objects.NameValidation/input_FieldName'

2020-05-09 01:03:33 - [TEST_STEP][PASSED] - delay(5): Delayed 5 second(s)

2020-05-09 01:03:38 - [MESSAGE][PASSED] - Delayed 5 second(s)

2020-05-09 01:03:38 - [TEST_STEP][PASSED] - sendKeys(NewInputNmField, Keys.chord(ENTER)): Keys 'ENTER + ' sent to object: 'Object Repository/Objects.NameValidation/input_FieldName'

2020-05-09 01:03:38 - [MESSAGE][PASSED] - Keys 'ENTER + ' sent to object: 'Object Repository/Objects.NameValidation/input_FieldName'

2020-05-09 01:03:38 - [TEST_STEP][PASSED] - SearchDropdownVal = getAttribute(NewInputNmField, "value"): Attribute 'value' of object 'Object Repository/Objects.NameValidation/input_FieldName' is: 'Test Name 1'

2020-05-09 01:03:38 - [MESSAGE][PASSED] - Attribute 'value' of object 'Object Repository/Objects.NameValidation/input_FieldName' is: 'Test Name 1'

2020-05-09 01:03:38 - [TEST_STEP][PASSED] - if (PEName == "N"): null

2020-05-09 01:03:38 - [TEST_STEP][PASSED] - else: null

2020-05-09 01:03:38 - [TEST_STEP][PASSED] - ValueFound = PEList.find({ -> ... }): null

2020-05-09 01:03:38 - [TEST_STEP][PASSED] - println(ValueFound): null

2020-05-09 01:03:38 - [TEST_STEP][PASSED] - sendKeys(NewInputNmField, Keys.chord(ARROW_DOWN)): Keys 'DOWN + ' sent to object: 'Object Repository/Objects.NameValidation/input_FieldName'

2020-05-09 01:03:39 - [MESSAGE][PASSED] - Keys 'DOWN + ' sent to object: 'Object Repository/Objects.NameValidation/input_FieldName'

2020-05-09 01:03:39 - [TEST_STEP][PASSED] - sendKeys(NewInputNmField, Keys.chord(ARROW_DOWN)): Keys 'DOWN + ' sent to object: 'Object Repository/Objects.NameValidation/input_FieldName'

2020-05-09 01:03:39 - [MESSAGE][PASSED] - Keys 'DOWN + ' sent to object: 'Object Repository/Objects.NameValidation/input_FieldName'

2020-05-09 01:03:39 - [TEST_STEP][PASSED] - delay(5): Delayed 5 second(s)

2020-05-09 01:03:44 - [MESSAGE][PASSED] - Delayed 5 second(s)

2020-05-09 01:03:44 - [TEST_STEP][PASSED] - sendKeys(NewInputNmField, Keys.chord(ENTER)): Keys 'ENTER + ' sent to object: 'Object Repository/Objects.NameValidation/input_FieldName'

2020-05-09 01:03:44 - [MESSAGE][PASSED] - Keys 'ENTER + ' sent to object: 'Object Repository/Objects.NameValidation/input_FieldName'

2020-05-09 01:03:44 - [TEST_STEP][PASSED] - SearchDropdownVal = getAttribute(NewInputNmField, "value"): Attribute 'value' of object 'Object Repository/Objects.NameValidation/input_FieldName' is: 'Test new'

2020-05-09 01:03:45 - [MESSAGE][PASSED] - Attribute 'value' of object 'Object Repository/Objects.NameValidation/input_FieldName' is: 'Test new'

2020-05-09 01:03:45 - [TEST_STEP][PASSED] - if (PEName == "N"): null

2020-05-09 01:03:45 - [TEST_STEP][PASSED] - else: null

2020-05-09 01:03:45 - [TEST_STEP][PASSED] - ValueFound = PEList.find({ -> ... }): null

2020-05-09 01:03:45 - [TEST_STEP][PASSED] - println(ValueFound): null

2020-05-09 01:03:45 - [TEST_STEP][PASSED] - sendKeys(NewInputNmField, Keys.chord(ARROW_DOWN)): Keys 'DOWN + ' sent to object: 'Object Repository/Objects.NameValidation/input_FieldName'

2020-05-09 01:03:45 - [MESSAGE][PASSED] - Keys 'DOWN + ' sent to object: 'Object Repository/Objects.NameValidation/input_FieldName'

2020-05-09 01:03:45 - [TEST_STEP][PASSED] - sendKeys(NewInputNmField, Keys.chord(ARROW_DOWN)): Keys 'DOWN + ' sent to object: 'Object Repository/Objects.NameValidation/input_FieldName'

2020-05-09 01:03:46 - [MESSAGE][PASSED] - Keys 'DOWN + ' sent to object: 'Object Repository/Objects.NameValidation/input_FieldName'

2020-05-09 01:03:46 - [TEST_STEP][PASSED] - delay(5): Delayed 5 second(s)

2020-05-09 01:03:51 - [MESSAGE][PASSED] - Delayed 5 second(s)

2020-05-09 01:03:51 - [TEST_STEP][PASSED] - sendKeys(NewInputNmField, Keys.chord(ENTER)): Keys 'ENTER + ' sent to object: 'Object Repository/Objects.NameValidation/input_FieldName'

2020-05-09 01:03:51 - [MESSAGE][PASSED] - Keys 'ENTER + ' sent to object: 'Object Repository/Objects.NameValidation/input_FieldName'

2020-05-09 01:03:51 - [TEST_STEP][PASSED] - SearchDropdownVal = getAttribute(NewInputNmField, "value"): Attribute 'value' of object 'Object Repository/Objects.NameValidation/input_FieldName' is: 'Dummy QP'

2020-05-09 01:03:51 - [MESSAGE][PASSED] - Attribute 'value' of object 'Object Repository/Objects.NameValidation/input_FieldName' is: 'Dummy QP'

2020-05-09 01:03:51 - [TEST_STEP][PASSED] - if (PEName == "N"): null

2020-05-09 01:03:51 - [TEST_STEP][PASSED] - else: null

2020-05-09 01:03:51 - [TEST_STEP][PASSED] - ValueFound = PEList.find({ -> ... }): null

2020-05-09 01:03:51 - [TEST_STEP][PASSED] - println(ValueFound): null

2020-05-09 01:03:51 - [TEST_STEP][PASSED] - sendKeys(NewInputNmField, Keys.chord(ARROW_DOWN)): Keys 'DOWN + ' sent to object: 'Object Repository/Objects.NameValidation/input_FieldName'

2020-05-09 01:03:52 - [MESSAGE][PASSED] - Keys 'DOWN + ' sent to object: 'Object Repository/Objects.NameValidation/input_FieldName'

2020-05-09 01:03:52 - [TEST_STEP][PASSED] - sendKeys(NewInputNmField, Keys.chord(ARROW_DOWN)): Keys 'DOWN + ' sent to object: 'Object Repository/Objects.NameValidation/input_FieldName'

2020-05-09 01:03:52 - [MESSAGE][PASSED] - Keys 'DOWN + ' sent to object: 'Object Repository/Objects.NameValidation/input_FieldName'

2020-05-09 01:03:52 - [TEST_STEP][PASSED] - delay(5): Delayed 5 second(s)

2020-05-09 01:03:57 - [MESSAGE][PASSED] - Delayed 5 second(s)

2020-05-09 01:03:57 - [TEST_STEP][PASSED] - sendKeys(NewInputNmField, Keys.chord(ENTER)): Keys 'ENTER + ' sent to object: 'Object Repository/Objects.NameValidation/input_FieldName'

2020-05-09 01:03:57 - [MESSAGE][PASSED] - Keys 'ENTER + ' sent to object: 'Object Repository/Objects.NameValidation/input_FieldName'

2020-05-09 01:03:57 - [TEST_STEP][PASSED] - SearchDropdownVal = getAttribute(NewInputNmField, "value"): Attribute 'value' of object 'Object Repository/Objects.NameValidation/input_FieldName' is: 'TAN BOON NGEE'

2020-05-09 01:03:58 - [MESSAGE][PASSED] - Attribute 'value' of object 'Object Repository/Objects.NameValidation/input_FieldName' is: 'TAN BOON NGEE'

2020-05-09 01:03:58 - [TEST_STEP][PASSED] - if (PEName == "N"): null

2020-05-09 01:03:58 - [TEST_STEP][PASSED] - else: null

2020-05-09 01:03:58 - [TEST_STEP][PASSED] - ValueFound = PEList.find({ -> ... }): null

2020-05-09 01:03:58 - [TEST_STEP][PASSED] - println(ValueFound): null

2020-05-09 01:03:58 - [TEST_STEP][PASSED] - sendKeys(NewInputNmField, Keys.chord(ARROW_DOWN)): Keys 'DOWN + ' sent to object: 'Object Repository/Objects.NameValidation/input_FieldName'

2020-05-09 01:03:58 - [MESSAGE][PASSED] - Keys 'DOWN + ' sent to object: 'Object Repository/Objects.NameValidation/input_FieldName'

2020-05-09 01:03:58 - [TEST_STEP][PASSED] - sendKeys(NewInputNmField, Keys.chord(ARROW_DOWN)): Keys 'DOWN + ' sent to object: 'Object Repository/Objects.NameValidation/input_FieldName'

2020-05-09 01:03:58 - [MESSAGE][PASSED] - Keys 'DOWN + ' sent to object: 'Object Repository/Objects.NameValidation/input_FieldName'

2020-05-09 01:03:58 - [TEST_STEP][PASSED] - delay(5): Delayed 5 second(s)

2020-05-09 01:04:03 - [MESSAGE][PASSED] - Delayed 5 second(s)

2020-05-09 01:04:03 - [TEST_STEP][PASSED] - sendKeys(NewInputNmField, Keys.chord(ENTER)): Keys 'ENTER + ' sent to object: 'Object Repository/Objects.NameValidation/input_FieldName'

2020-05-09 01:04:04 - [MESSAGE][PASSED] - Keys 'ENTER + ' sent to object: 'Object Repository/Objects.NameValidation/input_FieldName'

2020-05-09 01:04:04 - [TEST_STEP][PASSED] - SearchDropdownVal = getAttribute(NewInputNmField, "value"): Attribute 'value' of object 'Object Repository/Objects.NameValidation/input_FieldName' is: 'ENGR1'

2020-05-09 01:04:04 - [MESSAGE][PASSED] - Attribute 'value' of object 'Object Repository/Objects.NameValidation/input_FieldName' is: 'ENGR1'

2020-05-09 01:04:04 - [TEST_STEP][PASSED] - if (PEName == "N"): null

2020-05-09 01:04:04 - [TEST_STEP][PASSED] - else: null

2020-05-09 01:04:04 - [TEST_STEP][PASSED] - ValueFound = PEList.find({ -> ... }): null

2020-05-09 01:04:04 - [TEST_STEP][PASSED] - println(ValueFound): null

2020-05-09 01:04:04 - [TEST_STEP][PASSED] - sendKeys(NewInputNmField, Keys.chord(ARROW_DOWN)): Keys 'DOWN + ' sent to object: 'Object Repository/Objects.NameValidation/input_FieldName'

2020-05-09 01:04:04 - [MESSAGE][PASSED] - Keys 'DOWN + ' sent to object: 'Object Repository/Objects.NameValidation/input_FieldName'

2020-05-09 01:04:04 - [TEST_STEP][PASSED] - sendKeys(NewInputNmField, Keys.chord(ENTER)): Keys 'ENTER + ' sent to object: 'Object Repository/Objects.NameValidation/input_FieldName'

2020-05-09 01:04:05 - [MESSAGE][PASSED] - Keys 'ENTER + ' sent to object: 'Object Repository/Objects.NameValidation/input_FieldName'

2020-05-09 01:04:05 - [TEST_STEP][PASSED] - if (PEEnabled == "N"): Keys 'ENTER + ' sent to object: 'Object Repository/Objects.NameValidation/input_FieldName'

2020-05-09 01:04:05 - [TEST_STEP][PASSED] - sendKeys(NewInputNmField, Keys.chord(ENTER)): Keys 'ENTER + ' sent to object: 'Object Repository/Objects.NameValidation/input_FieldName'

2020-05-09 01:04:05 - [MESSAGE][PASSED] - Keys 'ENTER + ' sent to object: 'Object Repository/Objects.NameValidation/input_FieldName'

2020-05-09 01:04:05 - [MESSAGE][PASSED] - Call Test Case 'Test Cases/Components/00_Precision and Scale/PEValidation' successfully

2020-05-09 01:04:05 - [TEST_STEP][NOT_RUN] - callTestCase(findTestCase("Components/Logout"), ["LogoutPageTextToBeVerified":findTestData("Datatable").getValue("HomeBanner", 2)], STOP_ON_FAILURE): NOT_RUN: callTestCase(findTestCase("Components/Logout"), ["LogoutPageTextToBeVerified":findTestData("Datatable").getValue("HomeBanner", 2)], STOP_ON_FAILURE)

2020-05-09 01:04:05 - [MESSAGE][NOT_RUN] - NOT_RUN: callTestCase(findTestCase("Components/Logout"), ["LogoutPageTextToBeVerified":findTestData("Datatable").getValue("HomeBanner", 2)], STOP_ON_FAILURE)]]></system-out>
         <system-err><![CDATA[]]></system-err>
      </testcase>
      <testcase name="Test Cases/Components/00_Precision and Scale/0_PFI/EOTRequest" time="164.833" classname="Test Cases/Components/00_Precision and Scale/0_PFI/EOTRequest" status="PASSED">
         <system-out><![CDATA[2020-05-09 01:04:05 - [TEST_CASE][PASSED] - Test Cases/Components/00_Precision and Scale/0_PFI/EOTRequest: Test Cases/Components/00_Precision and Scale/0_PFI/EOTRequest

2020-05-09 01:04:05 - [TEST_STEP][NOT_RUN] - callTestCase(findTestCase("Components/LoginV2.0"), ["LinkToBeUsed":findTestData("Datatable").getValue("URL", 16), "LoginPageTextToBeVerified":findTestData("Datatable").getValue("HomeBanner", 2), ... ], STOP_ON_FAILURE): NOT_RUN: callTestCase(findTestCase("Components/LoginV2.0"), ["LinkToBeUsed":findTestData("Datatable").getValue("URL", 16), "LoginPageTextToBeVerified":findTestData("Datatable").getValue("HomeBanner", 2), ... ], STOP_ON_FAILURE)

2020-05-09 01:04:05 - [MESSAGE][NOT_RUN] - NOT_RUN: callTestCase(findTestCase("Components/LoginV2.0"), ["LinkToBeUsed":findTestData("Datatable").getValue("URL", 16), "LoginPageTextToBeVerified":findTestData("Datatable").getValue("HomeBanner", 2), ... ], STOP_ON_FAILURE)

2020-05-09 01:04:05 - [TEST_STEP][NOT_RUN] - callTestCase(findTestCase("Components/Filter"), ["taskDescription":"Process Case (SM)"], STOP_ON_FAILURE): NOT_RUN: callTestCase(findTestCase("Components/Filter"), ["taskDescription":"Process Case (SM)"], STOP_ON_FAILURE)

2020-05-09 01:04:05 - [MESSAGE][NOT_RUN] - NOT_RUN: callTestCase(findTestCase("Components/Filter"), ["taskDescription":"Process Case (SM)"], STOP_ON_FAILURE)

2020-05-09 01:04:05 - [TEST_STEP][NOT_RUN] - callTestCase(findTestCase("Components/ClickLinkDependingOnTextAndIndex"), ["linkName":"Process Case (SM)", "index":"1"], STOP_ON_FAILURE): NOT_RUN: callTestCase(findTestCase("Components/ClickLinkDependingOnTextAndIndex"), ["linkName":"Process Case (SM)", "index":"1"], STOP_ON_FAILURE)

2020-05-09 01:04:05 - [MESSAGE][NOT_RUN] - NOT_RUN: callTestCase(findTestCase("Components/ClickLinkDependingOnTextAndIndex"), ["linkName":"Process Case (SM)", "index":"1"], STOP_ON_FAILURE)

2020-05-09 01:04:05 - [TEST_STEP][NOT_RUN] - callTestCase(findTestCase("Components/00_Precision and Scale/VerifyPageScreenLoad"), [:], STOP_ON_FAILURE): NOT_RUN: callTestCase(findTestCase("Components/00_Precision and Scale/VerifyPageScreenLoad"), [:], STOP_ON_FAILURE)

2020-05-09 01:04:05 - [MESSAGE][NOT_RUN] - NOT_RUN: callTestCase(findTestCase("Components/00_Precision and Scale/VerifyPageScreenLoad"), [:], STOP_ON_FAILURE)

2020-05-09 01:04:05 - [TEST_STEP][PASSED] - callTestCase(findTestCase("Components/01_CommonLHS/ClickEOTRequest"), [:], STOP_ON_FAILURE): Call Test Case 'Test Cases/Components/01_CommonLHS/ClickEOTRequest' successfully

2020-05-09 01:04:05 - [TEST_CASE][PASSED] - Test Cases/Components/01_CommonLHS/ClickEOTRequest: Test Cases/Components/01_CommonLHS/ClickEOTRequest

2020-05-09 01:04:06 - [TEST_STEP][PASSED] - enableSmartWait(): null

2020-05-09 01:04:06 - [TEST_STEP][PASSED] - click(findTestObject("Objects.ClickEOTRequestLHS/Page_ISPS2/div_EOT Request")): Object: 'Object Repository/Objects.ClickEOTRequestLHS/Page_ISPS2/div_EOT Request' is clicked on

2020-05-09 01:04:06 - [MESSAGE][PASSED] - Object: 'Object Repository/Objects.ClickEOTRequestLHS/Page_ISPS2/div_EOT Request' is clicked on

2020-05-09 01:04:06 - [TEST_STEP][PASSED] - com.reusableComponents.HighlightElement.run(findTestObject("Objects.ClickEOTRequestLHS/Page_ISPS2/div_Extension of Time Request")): com.reusableComponents.HighlightElement.run is PASSED

2020-05-09 01:04:08 - [MESSAGE][PASSED] - com.reusableComponents.HighlightElement.run is PASSED

2020-05-09 01:04:08 - [MESSAGE][PASSED] - Call Test Case 'Test Cases/Components/01_CommonLHS/ClickEOTRequest' successfully

2020-05-09 01:04:08 - [TEST_STEP][PASSED] - callTestCase(findTestCase("Components/00_Precision and Scale/EOTTypeValidation"), ["LblNm":"EOT Type *:", "FldNm":"eotTypeCmb", "EnterInvalidEOTType":"1231@#$asdCV"], STOP_ON_FAILURE): Call Test Case 'Test Cases/Components/00_Precision and Scale/EOTTypeValidation' successfully

2020-05-09 01:04:08 - [TEST_CASE][PASSED] - Test Cases/Components/00_Precision and Scale/EOTTypeValidation: Test Cases/Components/00_Precision and Scale/EOTTypeValidation

2020-05-09 01:04:08 - [TEST_STEP][PASSED] - enableSmartWait(): null

2020-05-09 01:04:08 - [TEST_STEP][PASSED] - NewLblNmField = modifyObjectProperty(findTestObject("Objects.NameValidation/label_FieldName"), "text", "equals", LblNm, true): Modify property of object successfully

2020-05-09 01:04:08 - [MESSAGE][PASSED] - Modify property of object successfully

2020-05-09 01:04:08 - [TEST_STEP][PASSED] - NewInputNmField = modifyObjectProperty(findTestObject("Objects.NameValidation/input_FieldName"), "name", "equals", FldNm, true): Modify property of object successfully

2020-05-09 01:04:08 - [MESSAGE][PASSED] - Modify property of object successfully

2020-05-09 01:04:08 - [TEST_STEP][PASSED] - NewErrRqMsg = modifyObjectProperty(findTestObject("Objects.NameValidation/RqFieldNm"), "name", "equals", FldNm, true): Modify property of object successfully

2020-05-09 01:04:08 - [MESSAGE][PASSED] - Modify property of object successfully

2020-05-09 01:04:08 - [TEST_STEP][PASSED] - com.reusableComponents.HighlightElement.run(NewLblNmField): com.reusableComponents.HighlightElement.run is PASSED

2020-05-09 01:04:09 - [MESSAGE][PASSED] - com.reusableComponents.HighlightElement.run is PASSED

2020-05-09 01:04:09 - [TEST_STEP][PASSED] - com.reusableComponents.HighlightElement.run(NewInputNmField): com.reusableComponents.HighlightElement.run is PASSED

2020-05-09 01:04:10 - [MESSAGE][PASSED] - com.reusableComponents.HighlightElement.run is PASSED

2020-05-09 01:04:10 - [TEST_STEP][PASSED] - focus(NewInputNmField): Object: 'Object Repository/Objects.NameValidation/input_FieldName' is focused

2020-05-09 01:04:10 - [MESSAGE][PASSED] - Object: 'Object Repository/Objects.NameValidation/input_FieldName' is focused

2020-05-09 01:04:10 - [TEST_STEP][PASSED] - DefaultValue = getAttribute(NewInputNmField, "value"): Attribute 'value' of object 'Object Repository/Objects.NameValidation/input_FieldName' is: ''

2020-05-09 01:04:10 - [MESSAGE][PASSED] - Attribute 'value' of object 'Object Repository/Objects.NameValidation/input_FieldName' is: ''

2020-05-09 01:04:10 - [TEST_STEP][PASSED] - verifyMatch(DefaultValue, "", true): Actual text '' and expected text '' are matched  using regular expression

2020-05-09 01:04:10 - [MESSAGE][PASSED] - Actual text '' and expected text '' are matched  using regular expression

2020-05-09 01:04:10 - [TEST_STEP][PASSED] - setText(NewInputNmField, EnterInvalidEOTType): Text '1231@#$asdCV' is set on object 'Object Repository/Objects.NameValidation/input_FieldName'

2020-05-09 01:04:11 - [MESSAGE][PASSED] - Text '1231@#$asdCV' is set on object 'Object Repository/Objects.NameValidation/input_FieldName'

2020-05-09 01:04:11 - [TEST_STEP][PASSED] - SearchValue = getAttribute(NewInputNmField, "value"): Attribute 'value' of object 'Object Repository/Objects.NameValidation/input_FieldName' is: '1231@#$asdCV'

2020-05-09 01:04:11 - [MESSAGE][PASSED] - Attribute 'value' of object 'Object Repository/Objects.NameValidation/input_FieldName' is: '1231@#$asdCV'

2020-05-09 01:04:11 - [TEST_STEP][PASSED] - EOTType = [1:["EOTType":"Appointment of PE for Visual Inspection"], 2:["EOTType":"Appointment of PE for FSI"], 3:["EOTType":"Submission of VIR"], ... ]: null

2020-05-09 01:04:11 - [TEST_STEP][PASSED] - FoundValue = EOTType.find({ -> ... }): null

2020-05-09 01:04:11 - [TEST_STEP][PASSED] - if (FoundValue == null): No matching qp found

2020-05-09 01:04:11 - [TEST_STEP][PASSED] - comment("No matching qp found"): No matching qp found

2020-05-09 01:04:11 - [MESSAGE][INFO] - No matching qp found

2020-05-09 01:04:11 - [TEST_STEP][PASSED] - clearText(NewInputNmField): Text of object 'Object Repository/Objects.NameValidation/input_FieldName' is cleared

2020-05-09 01:04:11 - [MESSAGE][PASSED] - Text of object 'Object Repository/Objects.NameValidation/input_FieldName' is cleared

2020-05-09 01:04:11 - [TEST_STEP][PASSED] - focus(NewInputNmField): Object: 'Object Repository/Objects.NameValidation/input_FieldName' is focused

2020-05-09 01:04:12 - [MESSAGE][PASSED] - Object: 'Object Repository/Objects.NameValidation/input_FieldName' is focused

2020-05-09 01:04:12 - [TEST_STEP][PASSED] - mouseOver(NewErrRqMsg): Object: 'Object Repository/Objects.NameValidation/RqFieldNm' is hovered

2020-05-09 01:04:12 - [MESSAGE][PASSED] - Object: 'Object Repository/Objects.NameValidation/RqFieldNm' is hovered

2020-05-09 01:04:12 - [TEST_STEP][PASSED] - getRqErrMsg = getAttribute(NewErrRqMsg, "data-errorqtip"): Attribute 'data-errorqtip' of object 'Object Repository/Objects.NameValidation/RqFieldNm' is: '<ul class="x-list-plain"><li>This field is required</li></ul>'

2020-05-09 01:04:12 - [MESSAGE][PASSED] - Attribute 'data-errorqtip' of object 'Object Repository/Objects.NameValidation/RqFieldNm' is: '<ul class="x-list-plain"><li>This field is required</li></ul>'

2020-05-09 01:04:12 - [TEST_STEP][PASSED] - strToolTip = getRqErrMsg.substring(29, 61): null

2020-05-09 01:04:12 - [TEST_STEP][PASSED] - toolTipReqErrMsg = strToolTip.substring(0, 22): null

2020-05-09 01:04:12 - [TEST_STEP][PASSED] - verifyMatch(toolTipReqErrMsg, RqField, true): Actual text 'This field is required' and expected text 'This field is required' are matched  using regular expression

2020-05-09 01:04:12 - [MESSAGE][PASSED] - Actual text 'This field is required' and expected text 'This field is required' are matched  using regular expression

2020-05-09 01:04:12 - [TEST_STEP][PASSED] - focus(NewInputNmField): Object: 'Object Repository/Objects.NameValidation/input_FieldName' is focused

2020-05-09 01:04:13 - [MESSAGE][PASSED] - Object: 'Object Repository/Objects.NameValidation/input_FieldName' is focused

2020-05-09 01:04:13 - [TEST_STEP][PASSED] - click(findTestObject("Objects.PELSH/Dropdown_Arrow")): Object: 'Object Repository/Objects.PELSH/Dropdown_Arrow' is clicked on

2020-05-09 01:04:13 - [MESSAGE][PASSED] - Object: 'Object Repository/Objects.PELSH/Dropdown_Arrow' is clicked on

2020-05-09 01:04:13 - [TEST_STEP][PASSED] - setText(NewInputNmField, "A"): Text 'A' is set on object 'Object Repository/Objects.NameValidation/input_FieldName'

2020-05-09 01:04:14 - [MESSAGE][PASSED] - Text 'A' is set on object 'Object Repository/Objects.NameValidation/input_FieldName'

2020-05-09 01:04:14 - [TEST_STEP][PASSED] - for ([itr = 1, itr < EOTType.size(), (itr++)]): Keys 'ENTER + ' sent to object: 'Object Repository/Objects.NameValidation/input_FieldName'

2020-05-09 01:04:14 - [TEST_STEP][PASSED] - sendKeys(NewInputNmField, Keys.chord(ENTER)): Keys 'ENTER + ' sent to object: 'Object Repository/Objects.NameValidation/input_FieldName'

2020-05-09 01:04:14 - [MESSAGE][PASSED] - Keys 'ENTER + ' sent to object: 'Object Repository/Objects.NameValidation/input_FieldName'

2020-05-09 01:04:14 - [TEST_STEP][PASSED] - SearchValue = getAttribute(NewInputNmField, "value"): Attribute 'value' of object 'Object Repository/Objects.NameValidation/input_FieldName' is: 'Appointment of PE for Visual Inspection'

2020-05-09 01:04:15 - [MESSAGE][PASSED] - Attribute 'value' of object 'Object Repository/Objects.NameValidation/input_FieldName' is: 'Appointment of PE for Visual Inspection'

2020-05-09 01:04:15 - [TEST_STEP][PASSED] - println(SearchValue): null

2020-05-09 01:04:15 - [TEST_STEP][PASSED] - FoundVal = EOTType.find({ -> ... }): null

2020-05-09 01:04:15 - [TEST_STEP][PASSED] - if (FoundVal != null): null

2020-05-09 01:04:15 - [TEST_STEP][PASSED] - comment("Matching EOT Type is Found!"): Matching EOT Type is Found!

2020-05-09 01:04:15 - [MESSAGE][INFO] - Matching EOT Type is Found!

2020-05-09 01:04:15 - [TEST_STEP][PASSED] - println(FoundVal): null

2020-05-09 01:04:15 - [TEST_STEP][PASSED] - sendKeys(NewInputNmField, Keys.chord(ARROW_DOWN)): Keys 'DOWN + ' sent to object: 'Object Repository/Objects.NameValidation/input_FieldName'

2020-05-09 01:04:15 - [MESSAGE][PASSED] - Keys 'DOWN + ' sent to object: 'Object Repository/Objects.NameValidation/input_FieldName'

2020-05-09 01:04:15 - [TEST_STEP][PASSED] - sendKeys(NewInputNmField, Keys.chord(ARROW_DOWN)): Keys 'DOWN + ' sent to object: 'Object Repository/Objects.NameValidation/input_FieldName'

2020-05-09 01:04:16 - [MESSAGE][PASSED] - Keys 'DOWN + ' sent to object: 'Object Repository/Objects.NameValidation/input_FieldName'

2020-05-09 01:04:16 - [TEST_STEP][PASSED] - sendKeys(NewInputNmField, Keys.chord(ENTER)): Keys 'ENTER + ' sent to object: 'Object Repository/Objects.NameValidation/input_FieldName'

2020-05-09 01:04:16 - [MESSAGE][PASSED] - Keys 'ENTER + ' sent to object: 'Object Repository/Objects.NameValidation/input_FieldName'

2020-05-09 01:04:16 - [TEST_STEP][PASSED] - sendKeys(NewInputNmField, Keys.chord(ENTER)): Keys 'ENTER + ' sent to object: 'Object Repository/Objects.NameValidation/input_FieldName'

2020-05-09 01:04:16 - [MESSAGE][PASSED] - Keys 'ENTER + ' sent to object: 'Object Repository/Objects.NameValidation/input_FieldName'

2020-05-09 01:04:16 - [TEST_STEP][PASSED] - SearchValue = getAttribute(NewInputNmField, "value"): Attribute 'value' of object 'Object Repository/Objects.NameValidation/input_FieldName' is: 'Appointment of PE for FSI'

2020-05-09 01:04:17 - [MESSAGE][PASSED] - Attribute 'value' of object 'Object Repository/Objects.NameValidation/input_FieldName' is: 'Appointment of PE for FSI'

2020-05-09 01:04:17 - [TEST_STEP][PASSED] - println(SearchValue): null

2020-05-09 01:04:17 - [TEST_STEP][PASSED] - FoundVal = EOTType.find({ -> ... }): null

2020-05-09 01:04:17 - [TEST_STEP][PASSED] - if (FoundVal != null): null

2020-05-09 01:04:17 - [TEST_STEP][PASSED] - comment("Matching EOT Type is Found!"): Matching EOT Type is Found!

2020-05-09 01:04:17 - [MESSAGE][INFO] - Matching EOT Type is Found!

2020-05-09 01:04:17 - [TEST_STEP][PASSED] - println(FoundVal): null

2020-05-09 01:04:17 - [TEST_STEP][PASSED] - sendKeys(NewInputNmField, Keys.chord(ARROW_DOWN)): Keys 'DOWN + ' sent to object: 'Object Repository/Objects.NameValidation/input_FieldName'

2020-05-09 01:04:17 - [MESSAGE][PASSED] - Keys 'DOWN + ' sent to object: 'Object Repository/Objects.NameValidation/input_FieldName'

2020-05-09 01:04:17 - [TEST_STEP][PASSED] - sendKeys(NewInputNmField, Keys.chord(ARROW_DOWN)): Keys 'DOWN + ' sent to object: 'Object Repository/Objects.NameValidation/input_FieldName'

2020-05-09 01:04:17 - [MESSAGE][PASSED] - Keys 'DOWN + ' sent to object: 'Object Repository/Objects.NameValidation/input_FieldName'

2020-05-09 01:04:17 - [TEST_STEP][PASSED] - sendKeys(NewInputNmField, Keys.chord(ENTER)): Keys 'ENTER + ' sent to object: 'Object Repository/Objects.NameValidation/input_FieldName'

2020-05-09 01:04:18 - [MESSAGE][PASSED] - Keys 'ENTER + ' sent to object: 'Object Repository/Objects.NameValidation/input_FieldName'

2020-05-09 01:04:18 - [TEST_STEP][PASSED] - sendKeys(NewInputNmField, Keys.chord(ENTER)): Keys 'ENTER + ' sent to object: 'Object Repository/Objects.NameValidation/input_FieldName'

2020-05-09 01:04:18 - [MESSAGE][PASSED] - Keys 'ENTER + ' sent to object: 'Object Repository/Objects.NameValidation/input_FieldName'

2020-05-09 01:04:18 - [TEST_STEP][PASSED] - SearchValue = getAttribute(NewInputNmField, "value"): Attribute 'value' of object 'Object Repository/Objects.NameValidation/input_FieldName' is: 'Submission of VIR'

2020-05-09 01:04:19 - [MESSAGE][PASSED] - Attribute 'value' of object 'Object Repository/Objects.NameValidation/input_FieldName' is: 'Submission of VIR'

2020-05-09 01:04:19 - [TEST_STEP][PASSED] - println(SearchValue): null

2020-05-09 01:04:19 - [TEST_STEP][PASSED] - FoundVal = EOTType.find({ -> ... }): null

2020-05-09 01:04:19 - [TEST_STEP][PASSED] - if (FoundVal != null): null

2020-05-09 01:04:19 - [TEST_STEP][PASSED] - comment("Matching EOT Type is Found!"): Matching EOT Type is Found!

2020-05-09 01:04:19 - [MESSAGE][INFO] - Matching EOT Type is Found!

2020-05-09 01:04:19 - [TEST_STEP][PASSED] - println(FoundVal): null

2020-05-09 01:04:19 - [TEST_STEP][PASSED] - sendKeys(NewInputNmField, Keys.chord(ARROW_DOWN)): Keys 'DOWN + ' sent to object: 'Object Repository/Objects.NameValidation/input_FieldName'

2020-05-09 01:04:19 - [MESSAGE][PASSED] - Keys 'DOWN + ' sent to object: 'Object Repository/Objects.NameValidation/input_FieldName'

2020-05-09 01:04:19 - [TEST_STEP][PASSED] - sendKeys(NewInputNmField, Keys.chord(ARROW_DOWN)): Keys 'DOWN + ' sent to object: 'Object Repository/Objects.NameValidation/input_FieldName'

2020-05-09 01:04:19 - [MESSAGE][PASSED] - Keys 'DOWN + ' sent to object: 'Object Repository/Objects.NameValidation/input_FieldName'

2020-05-09 01:04:19 - [TEST_STEP][PASSED] - sendKeys(NewInputNmField, Keys.chord(ENTER)): Keys 'ENTER + ' sent to object: 'Object Repository/Objects.NameValidation/input_FieldName'

2020-05-09 01:04:20 - [MESSAGE][PASSED] - Keys 'ENTER + ' sent to object: 'Object Repository/Objects.NameValidation/input_FieldName'

2020-05-09 01:04:20 - [MESSAGE][PASSED] - Call Test Case 'Test Cases/Components/00_Precision and Scale/EOTTypeValidation' successfully

2020-05-09 01:04:20 - [TEST_STEP][PASSED] - callTestCase(findTestCase("Components/00_Precision and Scale/DateValidation"), ["LblNm":"EOT From Date *:", "FldNm":"eotFromDate", "MinLen":5, "PastDtValidation":"N"], STOP_ON_FAILURE): Call Test Case 'Test Cases/Components/00_Precision and Scale/DateValidation' successfully

2020-05-09 01:04:20 - [TEST_CASE][PASSED] - Test Cases/Components/00_Precision and Scale/DateValidation: Test Cases/Components/00_Precision and Scale/DateValidation

2020-05-09 01:04:20 - [TEST_STEP][PASSED] - Thread.sleep(3000): null

2020-05-09 01:04:23 - [TEST_STEP][PASSED] - date = new java.util.Date(): null

2020-05-09 01:04:23 - [TEST_STEP][PASSED] - CurrentDate = new java.text.SimpleDateFormat(dd/MM/yyyy): null

2020-05-09 01:04:23 - [TEST_STEP][PASSED] - TodayDate = CurrentDate.format(date): null

2020-05-09 01:04:23 - [TEST_STEP][PASSED] - Alphabetic = z).join(): null

2020-05-09 01:04:23 - [TEST_STEP][PASSED] - Numeric = 9).join(): null

2020-05-09 01:04:23 - [TEST_STEP][PASSED] - SpecialChar = "`~!@#$%^&*()-=+_{}|\][;'":,.?><"": null

2020-05-09 01:04:23 - [TEST_STEP][PASSED] - RandomAlpha = RandomStringUtils.random(MinLen, Alphabetic.toCharArray()): null

2020-05-09 01:04:23 - [TEST_STEP][PASSED] - RandomNumeric = RandomStringUtils.random(MinLen, Numeric): null

2020-05-09 01:04:23 - [TEST_STEP][PASSED] - RdmSpChar = RandomStringUtils.random(MinLen, SpecialChar): null

2020-05-09 01:04:23 - [TEST_STEP][PASSED] - NewLblNm = modifyObjectProperty(findTestObject("Objects.DateValidation/Page_ISPS2/label_Name"), "text", "equals", LblNm, true): Modify property of object successfully

2020-05-09 01:04:23 - [MESSAGE][PASSED] - Modify property of object successfully

2020-05-09 01:04:23 - [TEST_STEP][PASSED] - com.reusableComponents.HighlightElement.run(NewLblNm): com.reusableComponents.HighlightElement.run is PASSED

2020-05-09 01:04:24 - [MESSAGE][PASSED] - com.reusableComponents.HighlightElement.run is PASSED

2020-05-09 01:04:24 - [TEST_STEP][PASSED] - DateFieldNm = modifyObjectProperty(findTestObject("Object Repository/Objects.DateValidation/Page_ISPS2/input__orderDt"), "name", "equals", FldNm, true): Modify property of object successfully

2020-05-09 01:04:24 - [MESSAGE][PASSED] - Modify property of object successfully

2020-05-09 01:04:24 - [TEST_STEP][PASSED] - com.reusableComponents.HighlightElement.run(DateFieldNm): com.reusableComponents.HighlightElement.run is PASSED

2020-05-09 01:04:25 - [MESSAGE][PASSED] - com.reusableComponents.HighlightElement.run is PASSED

2020-05-09 01:04:25 - [TEST_STEP][PASSED] - focus(DateFieldNm): Object: 'Object Repository/Objects.DateValidation/Page_ISPS2/input__orderDt' is focused

2020-05-09 01:04:25 - [MESSAGE][PASSED] - Object: 'Object Repository/Objects.DateValidation/Page_ISPS2/input__orderDt' is focused

2020-05-09 01:04:25 - [TEST_STEP][PASSED] - DefaultValue = getAttribute(DateFieldNm, "value", STOP_ON_FAILURE): Attribute 'value' of object 'Object Repository/Objects.DateValidation/Page_ISPS2/input__orderDt' is: ''

2020-05-09 01:04:25 - [MESSAGE][PASSED] - Attribute 'value' of object 'Object Repository/Objects.DateValidation/Page_ISPS2/input__orderDt' is: ''

2020-05-09 01:04:25 - [TEST_STEP][PASSED] - verifyMatch(DefaultValue, "", true): Actual text '' and expected text '' are matched  using regular expression

2020-05-09 01:04:25 - [MESSAGE][PASSED] - Actual text '' and expected text '' are matched  using regular expression

2020-05-09 01:04:25 - [TEST_STEP][PASSED] - setText(DateFieldNm, RandomAlpha): Text 'AHppQ' is set on object 'Object Repository/Objects.DateValidation/Page_ISPS2/input__orderDt'

2020-05-09 01:04:26 - [MESSAGE][PASSED] - Text 'AHppQ' is set on object 'Object Repository/Objects.DateValidation/Page_ISPS2/input__orderDt'

2020-05-09 01:04:26 - [TEST_STEP][PASSED] - getInputAlpha = getAttribute(DateFieldNm, "value", STOP_ON_FAILURE): Attribute 'value' of object 'Object Repository/Objects.DateValidation/Page_ISPS2/input__orderDt' is: ''

2020-05-09 01:04:26 - [MESSAGE][PASSED] - Attribute 'value' of object 'Object Repository/Objects.DateValidation/Page_ISPS2/input__orderDt' is: ''

2020-05-09 01:04:26 - [TEST_STEP][PASSED] - verifyMatch("", getInputAlpha, true, STOP_ON_FAILURE): Actual text '' and expected text '' are matched  using regular expression

2020-05-09 01:04:26 - [MESSAGE][PASSED] - Actual text '' and expected text '' are matched  using regular expression

2020-05-09 01:04:26 - [TEST_STEP][PASSED] - delay(5): Delayed 5 second(s)

2020-05-09 01:04:31 - [MESSAGE][PASSED] - Delayed 5 second(s)

2020-05-09 01:04:31 - [TEST_STEP][PASSED] - setText(DateFieldNm, RdmSpChar): Text '(.[,~' is set on object 'Object Repository/Objects.DateValidation/Page_ISPS2/input__orderDt'

2020-05-09 01:04:31 - [MESSAGE][PASSED] - Text '(.[,~' is set on object 'Object Repository/Objects.DateValidation/Page_ISPS2/input__orderDt'

2020-05-09 01:04:31 - [TEST_STEP][PASSED] - getInputSpecialChar = getAttribute(DateFieldNm, "value", STOP_ON_FAILURE): Attribute 'value' of object 'Object Repository/Objects.DateValidation/Page_ISPS2/input__orderDt' is: ''

2020-05-09 01:04:31 - [MESSAGE][PASSED] - Attribute 'value' of object 'Object Repository/Objects.DateValidation/Page_ISPS2/input__orderDt' is: ''

2020-05-09 01:04:31 - [TEST_STEP][PASSED] - verifyMatch("", getInputSpecialChar, true, STOP_ON_FAILURE): Actual text '' and expected text '' are matched  using regular expression

2020-05-09 01:04:31 - [MESSAGE][PASSED] - Actual text '' and expected text '' are matched  using regular expression

2020-05-09 01:04:31 - [TEST_STEP][PASSED] - delay(5): Delayed 5 second(s)

2020-05-09 01:04:36 - [MESSAGE][PASSED] - Delayed 5 second(s)

2020-05-09 01:04:36 - [TEST_STEP][PASSED] - setText(DateFieldNm, RandomNumeric): Text '67289' is set on object 'Object Repository/Objects.DateValidation/Page_ISPS2/input__orderDt'

2020-05-09 01:04:37 - [MESSAGE][PASSED] - Text '67289' is set on object 'Object Repository/Objects.DateValidation/Page_ISPS2/input__orderDt'

2020-05-09 01:04:37 - [TEST_STEP][PASSED] - getInputInvalidDate = getAttribute(findTestObject("Objects.DateValidation/Page_ISPS2/tooltipErrMsgInvalidDate"), "value", STOP_ON_FAILURE): Attribute 'value' of object 'Object Repository/Objects.DateValidation/Page_ISPS2/tooltipErrMsgInvalidDate' is: '67289'

2020-05-09 01:04:37 - [MESSAGE][PASSED] - Attribute 'value' of object 'Object Repository/Objects.DateValidation/Page_ISPS2/tooltipErrMsgInvalidDate' is: '67289'

2020-05-09 01:04:37 - [TEST_STEP][PASSED] - mouseOver(findTestObject("Objects.DateValidation/Page_ISPS2/tooltipErrMsgInvalidDate"), STOP_ON_FAILURE): Object: 'Object Repository/Objects.DateValidation/Page_ISPS2/tooltipErrMsgInvalidDate' is hovered

2020-05-09 01:04:38 - [MESSAGE][PASSED] - Object: 'Object Repository/Objects.DateValidation/Page_ISPS2/tooltipErrMsgInvalidDate' is hovered

2020-05-09 01:04:38 - [TEST_STEP][PASSED] - getErrMsg = getAttribute(findTestObject("Objects.DateValidation/Page_ISPS2/tooltipErrMsgInvalidDate"), "data-errorqtip", STOP_ON_FAILURE): Attribute 'data-errorqtip' of object 'Object Repository/Objects.DateValidation/Page_ISPS2/tooltipErrMsgInvalidDate' is: '<ul class="x-list-plain"><li>Start time must be less than end time</li><li>67289 is not a valid date - it must be in the format d/m/Y</li></ul>'

2020-05-09 01:04:38 - [MESSAGE][PASSED] - Attribute 'data-errorqtip' of object 'Object Repository/Objects.DateValidation/Page_ISPS2/tooltipErrMsgInvalidDate' is: '<ul class="x-list-plain"><li>Start time must be less than end time</li><li>67289 is not a valid date - it must be in the format d/m/Y</li></ul>'

2020-05-09 01:04:38 - [TEST_STEP][PASSED] - if (getErrMsg.contains("Start")): Actual text 'Start time must be less than end time 67289 is not a valid date - it must be in the format d/m/Y' and expected text 'Start time must be less than end time 67289 is not a valid date - it must be in the format d/m/Y' are matched  using regular expression

2020-05-09 01:04:38 - [TEST_STEP][PASSED] - RmvCd = getErrMsg.substring(0, 75): null

2020-05-09 01:04:38 - [TEST_STEP][PASSED] - FirstErrMsg = RmvCd.substring(29, 66): null

2020-05-09 01:04:38 - [TEST_STEP][PASSED] - getTotalLength = getErrMsg.length(): null

2020-05-09 01:04:38 - [TEST_STEP][PASSED] - RmvCd = getErrMsg.substring(75, getTotalLength): null

2020-05-09 01:04:38 - [TEST_STEP][PASSED] - lenInv = RmvCd.length() - 10: null

2020-05-09 01:04:38 - [TEST_STEP][PASSED] - InvErrMsg = RmvCd.substring(0, lenInv): null

2020-05-09 01:04:38 - [TEST_STEP][PASSED] - ExpectedInvalidErrMsg2 = concatenate(InvDtErr, " ", getInputInvalidDate, " ", NotValidDt): Concatenated string array: '['Start time must be less than end time',' ','67289',' ','is not a valid date - it must be in the format d/m/Y']' into 'Start time must be less than end time 67289 is not a valid date - it must be in the format d/m/Y'

2020-05-09 01:04:38 - [MESSAGE][PASSED] - Concatenated string array: '['Start time must be less than end time',' ','67289',' ','is not a valid date - it must be in the format d/m/Y']' into 'Start time must be less than end time 67289 is not a valid date - it must be in the format d/m/Y'

2020-05-09 01:04:38 - [TEST_STEP][PASSED] - ActualInvErrMsg = concatenate(FirstErrMsg, " ", InvErrMsg): Concatenated string array: '['Start time must be less than end time',' ','67289 is not a valid date - it must be in the format d/m/Y']' into 'Start time must be less than end time 67289 is not a valid date - it must be in the format d/m/Y'

2020-05-09 01:04:38 - [MESSAGE][PASSED] - Concatenated string array: '['Start time must be less than end time',' ','67289 is not a valid date - it must be in the format d/m/Y']' into 'Start time must be less than end time 67289 is not a valid date - it must be in the format d/m/Y'

2020-05-09 01:04:38 - [TEST_STEP][PASSED] - verifyMatch(ActualInvErrMsg, ExpectedInvalidErrMsg2, true): Actual text 'Start time must be less than end time 67289 is not a valid date - it must be in the format d/m/Y' and expected text 'Start time must be less than end time 67289 is not a valid date - it must be in the format d/m/Y' are matched  using regular expression

2020-05-09 01:04:38 - [MESSAGE][PASSED] - Actual text 'Start time must be less than end time 67289 is not a valid date - it must be in the format d/m/Y' and expected text 'Start time must be less than end time 67289 is not a valid date - it must be in the format d/m/Y' are matched  using regular expression

2020-05-09 01:04:38 - [TEST_STEP][PASSED] - sendKeys(DateFieldNm, Keys.chord(ARROW_LEFT)): Keys 'LEFT + ' sent to object: 'Object Repository/Objects.DateValidation/Page_ISPS2/input__orderDt'

2020-05-09 01:04:39 - [MESSAGE][PASSED] - Keys 'LEFT + ' sent to object: 'Object Repository/Objects.DateValidation/Page_ISPS2/input__orderDt'

2020-05-09 01:04:39 - [TEST_STEP][PASSED] - sendKeys(DateFieldNm, Keys.chord(LEFT_CONTROL, "a")): Keys 'CONTROL + a' sent to object: 'Object Repository/Objects.DateValidation/Page_ISPS2/input__orderDt'

2020-05-09 01:04:39 - [MESSAGE][PASSED] - Keys 'CONTROL + a' sent to object: 'Object Repository/Objects.DateValidation/Page_ISPS2/input__orderDt'

2020-05-09 01:04:39 - [TEST_STEP][PASSED] - sendKeys(DateFieldNm, Keys.chord(BACK_SPACE)): Keys 'BACK_SPACE + ' sent to object: 'Object Repository/Objects.DateValidation/Page_ISPS2/input__orderDt'

2020-05-09 01:04:39 - [MESSAGE][PASSED] - Keys 'BACK_SPACE + ' sent to object: 'Object Repository/Objects.DateValidation/Page_ISPS2/input__orderDt'

2020-05-09 01:04:39 - [TEST_STEP][PASSED] - delay(5): Delayed 5 second(s)

2020-05-09 01:04:44 - [MESSAGE][PASSED] - Delayed 5 second(s)

2020-05-09 01:04:44 - [TEST_STEP][PASSED] - setText(DateFieldNm, TodayDate): Text '09/05/2020' is set on object 'Object Repository/Objects.DateValidation/Page_ISPS2/input__orderDt'

2020-05-09 01:04:44 - [MESSAGE][PASSED] - Text '09/05/2020' is set on object 'Object Repository/Objects.DateValidation/Page_ISPS2/input__orderDt'

2020-05-09 01:04:44 - [TEST_STEP][PASSED] - verifyElementNotPresent(findTestObject("Objects.DateValidation/Page_ISPS2/tooltipReqErrMsg"), 0): Web element with id: 'Object Repository/Objects.DateValidation/Page_ISPS2/tooltipReqErrMsg' located by 'By.xpath: //input[contains(@data-errorqtip, 'required') and @name = 'eotFromDate']' is not present after '30' second(s)

2020-05-09 01:04:44 - [MESSAGE][WARNING] - Timeout '0' is invalid. Using default page load timeout: '30'

2020-05-09 01:04:45 - [MESSAGE][PASSED] - Web element with id: 'Object Repository/Objects.DateValidation/Page_ISPS2/tooltipReqErrMsg' located by 'By.xpath: //input[contains(@data-errorqtip, 'required') and @name = 'eotFromDate']' is not present after '30' second(s)

2020-05-09 01:04:45 - [TEST_STEP][PASSED] - sendKeys(DateFieldNm, Keys.chord(LEFT_CONTROL, "a")): Keys 'CONTROL + a' sent to object: 'Object Repository/Objects.DateValidation/Page_ISPS2/input__orderDt'

2020-05-09 01:04:45 - [MESSAGE][PASSED] - Keys 'CONTROL + a' sent to object: 'Object Repository/Objects.DateValidation/Page_ISPS2/input__orderDt'

2020-05-09 01:04:45 - [TEST_STEP][PASSED] - clearText(DateFieldNm): Text of object 'Object Repository/Objects.DateValidation/Page_ISPS2/input__orderDt' is cleared

2020-05-09 01:04:45 - [MESSAGE][PASSED] - Text of object 'Object Repository/Objects.DateValidation/Page_ISPS2/input__orderDt' is cleared

2020-05-09 01:04:45 - [TEST_STEP][PASSED] - delay(5): Delayed 5 second(s)

2020-05-09 01:04:50 - [MESSAGE][PASSED] - Delayed 5 second(s)

2020-05-09 01:04:50 - [TEST_STEP][PASSED] - focus(DateFieldNm): Object: 'Object Repository/Objects.DateValidation/Page_ISPS2/input__orderDt' is focused

2020-05-09 01:04:51 - [MESSAGE][PASSED] - Object: 'Object Repository/Objects.DateValidation/Page_ISPS2/input__orderDt' is focused

2020-05-09 01:04:51 - [TEST_STEP][PASSED] - mouseOver(DateFieldNm): Object: 'Object Repository/Objects.DateValidation/Page_ISPS2/input__orderDt' is hovered

2020-05-09 01:04:51 - [MESSAGE][PASSED] - Object: 'Object Repository/Objects.DateValidation/Page_ISPS2/input__orderDt' is hovered

2020-05-09 01:04:51 - [TEST_STEP][PASSED] - getRqErrMsg = getAttribute(DateFieldNm, "data-errorqtip", STOP_ON_FAILURE): Attribute 'data-errorqtip' of object 'Object Repository/Objects.DateValidation/Page_ISPS2/input__orderDt' is: '<ul class="x-list-plain"><li>This field is required</li></ul>'

2020-05-09 01:04:51 - [MESSAGE][PASSED] - Attribute 'data-errorqtip' of object 'Object Repository/Objects.DateValidation/Page_ISPS2/input__orderDt' is: '<ul class="x-list-plain"><li>This field is required</li></ul>'

2020-05-09 01:04:51 - [TEST_STEP][PASSED] - strToolTip = getRqErrMsg.substring(29, 61): null

2020-05-09 01:04:51 - [TEST_STEP][PASSED] - toolTipReqErrMsg = strToolTip.substring(0, 22): null

2020-05-09 01:04:51 - [TEST_STEP][PASSED] - verifyMatch(toolTipReqErrMsg, RqField, true, STOP_ON_FAILURE): Actual text 'This field is required' and expected text 'This field is required' are matched  using regular expression

2020-05-09 01:04:51 - [MESSAGE][PASSED] - Actual text 'This field is required' and expected text 'This field is required' are matched  using regular expression

2020-05-09 01:04:51 - [TEST_STEP][PASSED] - if (PastDtValidation == "Y"): null

2020-05-09 01:04:51 - [TEST_STEP][PASSED] - setText(DateFieldNm, TodayDate): Text '09/05/2020' is set on object 'Object Repository/Objects.DateValidation/Page_ISPS2/input__orderDt'

2020-05-09 01:04:52 - [MESSAGE][PASSED] - Text '09/05/2020' is set on object 'Object Repository/Objects.DateValidation/Page_ISPS2/input__orderDt'

2020-05-09 01:04:52 - [TEST_STEP][NOT_RUN] - com.reusableComponents.clickUsingJS.clickUsingJS(findTestObject("Object Repository/Objects.DateValidation/Page_ISPS2/div_DatePicker"), 0): NOT_RUN: com.reusableComponents.clickUsingJS.clickUsingJS(findTestObject("Object Repository/Objects.DateValidation/Page_ISPS2/div_DatePicker"), 0)

2020-05-09 01:04:52 - [MESSAGE][NOT_RUN] - NOT_RUN: com.reusableComponents.clickUsingJS.clickUsingJS(findTestObject("Object Repository/Objects.DateValidation/Page_ISPS2/div_DatePicker"), 0)

2020-05-09 01:04:52 - [TEST_STEP][NOT_RUN] - com.reusableComponents.HighlightElement.run(findTestObject("Object Repository/Objects.DateValidation/Page_ISPS2/a_Today")): NOT_RUN: com.reusableComponents.HighlightElement.run(findTestObject("Object Repository/Objects.DateValidation/Page_ISPS2/a_Today"))

2020-05-09 01:04:52 - [MESSAGE][NOT_RUN] - NOT_RUN: com.reusableComponents.HighlightElement.run(findTestObject("Object Repository/Objects.DateValidation/Page_ISPS2/a_Today"))

2020-05-09 01:04:52 - [TEST_STEP][NOT_RUN] - com.reusableComponents.clickUsingJS.clickUsingJS(findTestObject("Object Repository/Objects.DateValidation/Page_ISPS2/a_Today"), 0): NOT_RUN: com.reusableComponents.clickUsingJS.clickUsingJS(findTestObject("Object Repository/Objects.DateValidation/Page_ISPS2/a_Today"), 0)

2020-05-09 01:04:52 - [MESSAGE][NOT_RUN] - NOT_RUN: com.reusableComponents.clickUsingJS.clickUsingJS(findTestObject("Object Repository/Objects.DateValidation/Page_ISPS2/a_Today"), 0)

2020-05-09 01:04:52 - [TEST_STEP][NOT_RUN] - sendKeys(findTestObject("Object Repository/Objects.DateValidation/Page_ISPS2/a_Today"), Keys.chord(SPACE)): NOT_RUN: sendKeys(findTestObject("Object Repository/Objects.DateValidation/Page_ISPS2/a_Today"), Keys.chord(SPACE))

2020-05-09 01:04:52 - [MESSAGE][NOT_RUN] - NOT_RUN: sendKeys(findTestObject("Object Repository/Objects.DateValidation/Page_ISPS2/a_Today"), Keys.chord(SPACE))

2020-05-09 01:04:52 - [TEST_STEP][NOT_RUN] - click(findTestObject("Object Repository/Objects.DateValidation/Page_ISPS2/a_Today")): NOT_RUN: click(findTestObject("Object Repository/Objects.DateValidation/Page_ISPS2/a_Today"))

2020-05-09 01:04:52 - [MESSAGE][NOT_RUN] - NOT_RUN: click(findTestObject("Object Repository/Objects.DateValidation/Page_ISPS2/a_Today"))

2020-05-09 01:04:52 - [TEST_STEP][NOT_RUN] - getDate = getAttribute(findTestObject("Objects.DateValidation/Page_ISPS2/input__orderDt"), "value", STOP_ON_FAILURE): NOT_RUN: getDate = getAttribute(findTestObject("Objects.DateValidation/Page_ISPS2/input__orderDt"), "value", STOP_ON_FAILURE)

2020-05-09 01:04:52 - [MESSAGE][NOT_RUN] - NOT_RUN: getDate = getAttribute(findTestObject("Objects.DateValidation/Page_ISPS2/input__orderDt"), "value", STOP_ON_FAILURE)

2020-05-09 01:04:52 - [TEST_STEP][NOT_RUN] - println(getDate): NOT_RUN: println(getDate)

2020-05-09 01:04:52 - [MESSAGE][NOT_RUN] - NOT_RUN: println(getDate)

2020-05-09 01:04:52 - [MESSAGE][PASSED] - Call Test Case 'Test Cases/Components/00_Precision and Scale/DateValidation' successfully

2020-05-09 01:04:52 - [TEST_STEP][PASSED] - callTestCase(findTestCase("Components/00_Precision and Scale/DateValidation"), ["LblNm":"EOT To Date *:", "FldNm":"eotToDate", "MinLen":10, "PastDtValidation":"Y"], STOP_ON_FAILURE): Call Test Case 'Test Cases/Components/00_Precision and Scale/DateValidation' successfully

2020-05-09 01:04:52 - [TEST_CASE][PASSED] - Test Cases/Components/00_Precision and Scale/DateValidation: Test Cases/Components/00_Precision and Scale/DateValidation

2020-05-09 01:04:52 - [TEST_STEP][PASSED] - Thread.sleep(3000): null

2020-05-09 01:04:55 - [TEST_STEP][PASSED] - date = new java.util.Date(): null

2020-05-09 01:04:55 - [TEST_STEP][PASSED] - CurrentDate = new java.text.SimpleDateFormat(dd/MM/yyyy): null

2020-05-09 01:04:55 - [TEST_STEP][PASSED] - TodayDate = CurrentDate.format(date): null

2020-05-09 01:04:55 - [TEST_STEP][PASSED] - Alphabetic = z).join(): null

2020-05-09 01:04:55 - [TEST_STEP][PASSED] - Numeric = 9).join(): null

2020-05-09 01:04:55 - [TEST_STEP][PASSED] - SpecialChar = "`~!@#$%^&*()-=+_{}|\][;'":,.?><"": null

2020-05-09 01:04:55 - [TEST_STEP][PASSED] - RandomAlpha = RandomStringUtils.random(MinLen, Alphabetic.toCharArray()): null

2020-05-09 01:04:55 - [TEST_STEP][PASSED] - RandomNumeric = RandomStringUtils.random(MinLen, Numeric): null

2020-05-09 01:04:55 - [TEST_STEP][PASSED] - RdmSpChar = RandomStringUtils.random(MinLen, SpecialChar): null

2020-05-09 01:04:55 - [TEST_STEP][PASSED] - NewLblNm = modifyObjectProperty(findTestObject("Objects.DateValidation/Page_ISPS2/label_Name"), "text", "equals", LblNm, true): Modify property of object successfully

2020-05-09 01:04:55 - [MESSAGE][PASSED] - Modify property of object successfully

2020-05-09 01:04:55 - [TEST_STEP][PASSED] - com.reusableComponents.HighlightElement.run(NewLblNm): com.reusableComponents.HighlightElement.run is PASSED

2020-05-09 01:04:55 - [MESSAGE][PASSED] - com.reusableComponents.HighlightElement.run is PASSED

2020-05-09 01:04:55 - [TEST_STEP][PASSED] - DateFieldNm = modifyObjectProperty(findTestObject("Object Repository/Objects.DateValidation/Page_ISPS2/input__orderDt"), "name", "equals", FldNm, true): Modify property of object successfully

2020-05-09 01:04:55 - [MESSAGE][PASSED] - Modify property of object successfully

2020-05-09 01:04:55 - [TEST_STEP][PASSED] - com.reusableComponents.HighlightElement.run(DateFieldNm): com.reusableComponents.HighlightElement.run is PASSED

2020-05-09 01:04:56 - [MESSAGE][PASSED] - com.reusableComponents.HighlightElement.run is PASSED

2020-05-09 01:04:56 - [TEST_STEP][PASSED] - focus(DateFieldNm): Object: 'Object Repository/Objects.DateValidation/Page_ISPS2/input__orderDt' is focused

2020-05-09 01:04:56 - [MESSAGE][PASSED] - Object: 'Object Repository/Objects.DateValidation/Page_ISPS2/input__orderDt' is focused

2020-05-09 01:04:56 - [TEST_STEP][PASSED] - DefaultValue = getAttribute(DateFieldNm, "value", STOP_ON_FAILURE): Attribute 'value' of object 'Object Repository/Objects.DateValidation/Page_ISPS2/input__orderDt' is: ''

2020-05-09 01:04:57 - [MESSAGE][PASSED] - Attribute 'value' of object 'Object Repository/Objects.DateValidation/Page_ISPS2/input__orderDt' is: ''

2020-05-09 01:04:57 - [TEST_STEP][PASSED] - verifyMatch(DefaultValue, "", true): Actual text '' and expected text '' are matched  using regular expression

2020-05-09 01:04:57 - [MESSAGE][PASSED] - Actual text '' and expected text '' are matched  using regular expression

2020-05-09 01:04:57 - [TEST_STEP][PASSED] - setText(DateFieldNm, RandomAlpha): Text 'MyQnIhJXmd' is set on object 'Object Repository/Objects.DateValidation/Page_ISPS2/input__orderDt'

2020-05-09 01:04:57 - [MESSAGE][PASSED] - Text 'MyQnIhJXmd' is set on object 'Object Repository/Objects.DateValidation/Page_ISPS2/input__orderDt'

2020-05-09 01:04:57 - [TEST_STEP][PASSED] - getInputAlpha = getAttribute(DateFieldNm, "value", STOP_ON_FAILURE): Attribute 'value' of object 'Object Repository/Objects.DateValidation/Page_ISPS2/input__orderDt' is: ''

2020-05-09 01:04:57 - [MESSAGE][PASSED] - Attribute 'value' of object 'Object Repository/Objects.DateValidation/Page_ISPS2/input__orderDt' is: ''

2020-05-09 01:04:57 - [TEST_STEP][PASSED] - verifyMatch("", getInputAlpha, true, STOP_ON_FAILURE): Actual text '' and expected text '' are matched  using regular expression

2020-05-09 01:04:57 - [MESSAGE][PASSED] - Actual text '' and expected text '' are matched  using regular expression

2020-05-09 01:04:57 - [TEST_STEP][PASSED] - delay(5): Delayed 5 second(s)

2020-05-09 01:05:02 - [MESSAGE][PASSED] - Delayed 5 second(s)

2020-05-09 01:05:02 - [TEST_STEP][PASSED] - setText(DateFieldNm, RdmSpChar): Text '$)\'^`-+}}' is set on object 'Object Repository/Objects.DateValidation/Page_ISPS2/input__orderDt'

2020-05-09 01:05:03 - [MESSAGE][PASSED] - Text '$)\'^`-+}}' is set on object 'Object Repository/Objects.DateValidation/Page_ISPS2/input__orderDt'

2020-05-09 01:05:03 - [TEST_STEP][PASSED] - getInputSpecialChar = getAttribute(DateFieldNm, "value", STOP_ON_FAILURE): Attribute 'value' of object 'Object Repository/Objects.DateValidation/Page_ISPS2/input__orderDt' is: ''

2020-05-09 01:05:03 - [MESSAGE][PASSED] - Attribute 'value' of object 'Object Repository/Objects.DateValidation/Page_ISPS2/input__orderDt' is: ''

2020-05-09 01:05:03 - [TEST_STEP][PASSED] - verifyMatch("", getInputSpecialChar, true, STOP_ON_FAILURE): Actual text '' and expected text '' are matched  using regular expression

2020-05-09 01:05:03 - [MESSAGE][PASSED] - Actual text '' and expected text '' are matched  using regular expression

2020-05-09 01:05:03 - [TEST_STEP][PASSED] - delay(5): Delayed 5 second(s)

2020-05-09 01:05:08 - [MESSAGE][PASSED] - Delayed 5 second(s)

2020-05-09 01:05:08 - [TEST_STEP][PASSED] - setText(DateFieldNm, RandomNumeric): Text '5831063817' is set on object 'Object Repository/Objects.DateValidation/Page_ISPS2/input__orderDt'

2020-05-09 01:05:08 - [MESSAGE][PASSED] - Text '5831063817' is set on object 'Object Repository/Objects.DateValidation/Page_ISPS2/input__orderDt'

2020-05-09 01:05:08 - [TEST_STEP][PASSED] - getInputInvalidDate = getAttribute(findTestObject("Objects.DateValidation/Page_ISPS2/tooltipErrMsgInvalidDate"), "value", STOP_ON_FAILURE): Attribute 'value' of object 'Object Repository/Objects.DateValidation/Page_ISPS2/tooltipErrMsgInvalidDate' is: '5831063817'

2020-05-09 01:05:09 - [MESSAGE][PASSED] - Attribute 'value' of object 'Object Repository/Objects.DateValidation/Page_ISPS2/tooltipErrMsgInvalidDate' is: '5831063817'

2020-05-09 01:05:09 - [TEST_STEP][PASSED] - mouseOver(findTestObject("Objects.DateValidation/Page_ISPS2/tooltipErrMsgInvalidDate"), STOP_ON_FAILURE): Object: 'Object Repository/Objects.DateValidation/Page_ISPS2/tooltipErrMsgInvalidDate' is hovered

2020-05-09 01:05:09 - [MESSAGE][PASSED] - Object: 'Object Repository/Objects.DateValidation/Page_ISPS2/tooltipErrMsgInvalidDate' is hovered

2020-05-09 01:05:09 - [TEST_STEP][PASSED] - getErrMsg = getAttribute(findTestObject("Objects.DateValidation/Page_ISPS2/tooltipErrMsgInvalidDate"), "data-errorqtip", STOP_ON_FAILURE): Attribute 'data-errorqtip' of object 'Object Repository/Objects.DateValidation/Page_ISPS2/tooltipErrMsgInvalidDate' is: '<ul class="x-list-plain"><li>Start time must be less than end time</li><li>5831063817 is not a valid date - it must be in the format d/m/Y</li></ul>'

2020-05-09 01:05:09 - [MESSAGE][PASSED] - Attribute 'data-errorqtip' of object 'Object Repository/Objects.DateValidation/Page_ISPS2/tooltipErrMsgInvalidDate' is: '<ul class="x-list-plain"><li>Start time must be less than end time</li><li>5831063817 is not a valid date - it must be in the format d/m/Y</li></ul>'

2020-05-09 01:05:09 - [TEST_STEP][PASSED] - if (getErrMsg.contains("Start")): Actual text 'Start time must be less than end time 5831063817 is not a valid date - it must be in the format d/m/Y' and expected text 'Start time must be less than end time 5831063817 is not a valid date - it must be in the format d/m/Y' are matched  using regular expression

2020-05-09 01:05:09 - [TEST_STEP][PASSED] - RmvCd = getErrMsg.substring(0, 75): null

2020-05-09 01:05:09 - [TEST_STEP][PASSED] - FirstErrMsg = RmvCd.substring(29, 66): null

2020-05-09 01:05:09 - [TEST_STEP][PASSED] - getTotalLength = getErrMsg.length(): null

2020-05-09 01:05:09 - [TEST_STEP][PASSED] - RmvCd = getErrMsg.substring(75, getTotalLength): null

2020-05-09 01:05:09 - [TEST_STEP][PASSED] - lenInv = RmvCd.length() - 10: null

2020-05-09 01:05:09 - [TEST_STEP][PASSED] - InvErrMsg = RmvCd.substring(0, lenInv): null

2020-05-09 01:05:09 - [TEST_STEP][PASSED] - ExpectedInvalidErrMsg2 = concatenate(InvDtErr, " ", getInputInvalidDate, " ", NotValidDt): Concatenated string array: '['Start time must be less than end time',' ','5831063817',' ','is not a valid date - it must be in the format d/m/Y']' into 'Start time must be less than end time 5831063817 is not a valid date - it must be in the format d/m/Y'

2020-05-09 01:05:09 - [MESSAGE][PASSED] - Concatenated string array: '['Start time must be less than end time',' ','5831063817',' ','is not a valid date - it must be in the format d/m/Y']' into 'Start time must be less than end time 5831063817 is not a valid date - it must be in the format d/m/Y'

2020-05-09 01:05:09 - [TEST_STEP][PASSED] - ActualInvErrMsg = concatenate(FirstErrMsg, " ", InvErrMsg): Concatenated string array: '['Start time must be less than end time',' ','5831063817 is not a valid date - it must be in the format d/m/Y']' into 'Start time must be less than end time 5831063817 is not a valid date - it must be in the format d/m/Y'

2020-05-09 01:05:09 - [MESSAGE][PASSED] - Concatenated string array: '['Start time must be less than end time',' ','5831063817 is not a valid date - it must be in the format d/m/Y']' into 'Start time must be less than end time 5831063817 is not a valid date - it must be in the format d/m/Y'

2020-05-09 01:05:09 - [TEST_STEP][PASSED] - verifyMatch(ActualInvErrMsg, ExpectedInvalidErrMsg2, true): Actual text 'Start time must be less than end time 5831063817 is not a valid date - it must be in the format d/m/Y' and expected text 'Start time must be less than end time 5831063817 is not a valid date - it must be in the format d/m/Y' are matched  using regular expression

2020-05-09 01:05:09 - [MESSAGE][PASSED] - Actual text 'Start time must be less than end time 5831063817 is not a valid date - it must be in the format d/m/Y' and expected text 'Start time must be less than end time 5831063817 is not a valid date - it must be in the format d/m/Y' are matched  using regular expression

2020-05-09 01:05:09 - [TEST_STEP][PASSED] - sendKeys(DateFieldNm, Keys.chord(ARROW_LEFT)): Keys 'LEFT + ' sent to object: 'Object Repository/Objects.DateValidation/Page_ISPS2/input__orderDt'

2020-05-09 01:05:10 - [MESSAGE][PASSED] - Keys 'LEFT + ' sent to object: 'Object Repository/Objects.DateValidation/Page_ISPS2/input__orderDt'

2020-05-09 01:05:10 - [TEST_STEP][PASSED] - sendKeys(DateFieldNm, Keys.chord(LEFT_CONTROL, "a")): Keys 'CONTROL + a' sent to object: 'Object Repository/Objects.DateValidation/Page_ISPS2/input__orderDt'

2020-05-09 01:05:10 - [MESSAGE][PASSED] - Keys 'CONTROL + a' sent to object: 'Object Repository/Objects.DateValidation/Page_ISPS2/input__orderDt'

2020-05-09 01:05:10 - [TEST_STEP][PASSED] - sendKeys(DateFieldNm, Keys.chord(BACK_SPACE)): Keys 'BACK_SPACE + ' sent to object: 'Object Repository/Objects.DateValidation/Page_ISPS2/input__orderDt'

2020-05-09 01:05:11 - [MESSAGE][PASSED] - Keys 'BACK_SPACE + ' sent to object: 'Object Repository/Objects.DateValidation/Page_ISPS2/input__orderDt'

2020-05-09 01:05:11 - [TEST_STEP][PASSED] - delay(5): Delayed 5 second(s)

2020-05-09 01:05:16 - [MESSAGE][PASSED] - Delayed 5 second(s)

2020-05-09 01:05:16 - [TEST_STEP][PASSED] - setText(DateFieldNm, TodayDate): Text '09/05/2020' is set on object 'Object Repository/Objects.DateValidation/Page_ISPS2/input__orderDt'

2020-05-09 01:05:16 - [MESSAGE][PASSED] - Text '09/05/2020' is set on object 'Object Repository/Objects.DateValidation/Page_ISPS2/input__orderDt'

2020-05-09 01:05:16 - [TEST_STEP][PASSED] - verifyElementNotPresent(findTestObject("Objects.DateValidation/Page_ISPS2/tooltipReqErrMsg"), 0): Web element with id: 'Object Repository/Objects.DateValidation/Page_ISPS2/tooltipReqErrMsg' located by 'By.xpath: //input[contains(@data-errorqtip, 'required') and @name = 'eotFromDate']' is not present after '30' second(s)

2020-05-09 01:05:16 - [MESSAGE][WARNING] - Timeout '0' is invalid. Using default page load timeout: '30'

2020-05-09 01:05:16 - [MESSAGE][PASSED] - Web element with id: 'Object Repository/Objects.DateValidation/Page_ISPS2/tooltipReqErrMsg' located by 'By.xpath: //input[contains(@data-errorqtip, 'required') and @name = 'eotFromDate']' is not present after '30' second(s)

2020-05-09 01:05:16 - [TEST_STEP][PASSED] - sendKeys(DateFieldNm, Keys.chord(LEFT_CONTROL, "a")): Keys 'CONTROL + a' sent to object: 'Object Repository/Objects.DateValidation/Page_ISPS2/input__orderDt'

2020-05-09 01:05:17 - [MESSAGE][PASSED] - Keys 'CONTROL + a' sent to object: 'Object Repository/Objects.DateValidation/Page_ISPS2/input__orderDt'

2020-05-09 01:05:17 - [TEST_STEP][PASSED] - clearText(DateFieldNm): Text of object 'Object Repository/Objects.DateValidation/Page_ISPS2/input__orderDt' is cleared

2020-05-09 01:05:17 - [MESSAGE][PASSED] - Text of object 'Object Repository/Objects.DateValidation/Page_ISPS2/input__orderDt' is cleared

2020-05-09 01:05:17 - [TEST_STEP][PASSED] - delay(5): Delayed 5 second(s)

2020-05-09 01:05:22 - [MESSAGE][PASSED] - Delayed 5 second(s)

2020-05-09 01:05:22 - [TEST_STEP][PASSED] - focus(DateFieldNm): Object: 'Object Repository/Objects.DateValidation/Page_ISPS2/input__orderDt' is focused

2020-05-09 01:05:22 - [MESSAGE][PASSED] - Object: 'Object Repository/Objects.DateValidation/Page_ISPS2/input__orderDt' is focused

2020-05-09 01:05:22 - [TEST_STEP][PASSED] - mouseOver(DateFieldNm): Object: 'Object Repository/Objects.DateValidation/Page_ISPS2/input__orderDt' is hovered

2020-05-09 01:05:23 - [MESSAGE][PASSED] - Object: 'Object Repository/Objects.DateValidation/Page_ISPS2/input__orderDt' is hovered

2020-05-09 01:05:23 - [TEST_STEP][PASSED] - getRqErrMsg = getAttribute(DateFieldNm, "data-errorqtip", STOP_ON_FAILURE): Attribute 'data-errorqtip' of object 'Object Repository/Objects.DateValidation/Page_ISPS2/input__orderDt' is: '<ul class="x-list-plain"><li>This field is required</li></ul>'

2020-05-09 01:05:23 - [MESSAGE][PASSED] - Attribute 'data-errorqtip' of object 'Object Repository/Objects.DateValidation/Page_ISPS2/input__orderDt' is: '<ul class="x-list-plain"><li>This field is required</li></ul>'

2020-05-09 01:05:23 - [TEST_STEP][PASSED] - strToolTip = getRqErrMsg.substring(29, 61): null

2020-05-09 01:05:23 - [TEST_STEP][PASSED] - toolTipReqErrMsg = strToolTip.substring(0, 22): null

2020-05-09 01:05:23 - [TEST_STEP][PASSED] - verifyMatch(toolTipReqErrMsg, RqField, true, STOP_ON_FAILURE): Actual text 'This field is required' and expected text 'This field is required' are matched  using regular expression

2020-05-09 01:05:23 - [MESSAGE][PASSED] - Actual text 'This field is required' and expected text 'This field is required' are matched  using regular expression

2020-05-09 01:05:23 - [TEST_STEP][PASSED] - if (PastDtValidation == "Y"): Text of object 'Object Repository/Objects.DateValidation/Page_ISPS2/input__orderDt' is cleared

2020-05-09 01:05:23 - [TEST_STEP][PASSED] - delay(5): Delayed 5 second(s)

2020-05-09 01:05:28 - [MESSAGE][PASSED] - Delayed 5 second(s)

2020-05-09 01:05:28 - [TEST_STEP][PASSED] - GetDate = date - 30: null

2020-05-09 01:05:28 - [TEST_STEP][PASSED] - PastDate = GetDate.format("dd/MM/yyyy"): null

2020-05-09 01:05:28 - [TEST_STEP][PASSED] - setText(DateFieldNm, PastDate): Text '09/04/2020' is set on object 'Object Repository/Objects.DateValidation/Page_ISPS2/input__orderDt'

2020-05-09 01:05:28 - [MESSAGE][PASSED] - Text '09/04/2020' is set on object 'Object Repository/Objects.DateValidation/Page_ISPS2/input__orderDt'

2020-05-09 01:05:28 - [TEST_STEP][PASSED] - mouseOver(findTestObject("Objects.DateValidation/Page_ISPS2/tooltipErrDate"), STOP_ON_FAILURE): Object: 'Object Repository/Objects.DateValidation/Page_ISPS2/tooltipErrDate' is hovered

2020-05-09 01:05:29 - [MESSAGE][PASSED] - Object: 'Object Repository/Objects.DateValidation/Page_ISPS2/tooltipErrDate' is hovered

2020-05-09 01:05:29 - [TEST_STEP][PASSED] - PastDtErrMsg = getAttribute(findTestObject("Objects.DateValidation/Page_ISPS2/tooltipErrDate"), "data-errorqtip", STOP_ON_FAILURE): Attribute 'data-errorqtip' of object 'Object Repository/Objects.DateValidation/Page_ISPS2/tooltipErrDate' is: '<ul class="x-list-plain"><li>The date in this field must be after 09/05/2020</li></ul>'

2020-05-09 01:05:29 - [MESSAGE][PASSED] - Attribute 'data-errorqtip' of object 'Object Repository/Objects.DateValidation/Page_ISPS2/tooltipErrDate' is: '<ul class="x-list-plain"><li>The date in this field must be after 09/05/2020</li></ul>'

2020-05-09 01:05:29 - [TEST_STEP][PASSED] - lenErrMsg = PastDtErrMsg.length(): null

2020-05-09 01:05:29 - [TEST_STEP][PASSED] - RmvCde = PastDtErrMsg.substring(29, lenErrMsg): null

2020-05-09 01:05:29 - [TEST_STEP][PASSED] - ActualErrDtMsg = RmvCde.substring(0, 47): null

2020-05-09 01:05:29 - [TEST_STEP][PASSED] - ExpectedErrDtMsg = concatenate(DtErrMsg, " ", TodayDate): Concatenated string array: '['The date in this field must be after',' ','09/05/2020']' into 'The date in this field must be after 09/05/2020'

2020-05-09 01:05:29 - [MESSAGE][PASSED] - Concatenated string array: '['The date in this field must be after',' ','09/05/2020']' into 'The date in this field must be after 09/05/2020'

2020-05-09 01:05:29 - [TEST_STEP][PASSED] - verifyMatch(ActualErrDtMsg, ExpectedErrDtMsg, true): Actual text 'The date in this field must be after 09/05/2020' and expected text 'The date in this field must be after 09/05/2020' are matched  using regular expression

2020-05-09 01:05:29 - [MESSAGE][PASSED] - Actual text 'The date in this field must be after 09/05/2020' and expected text 'The date in this field must be after 09/05/2020' are matched  using regular expression

2020-05-09 01:05:29 - [TEST_STEP][PASSED] - clearText(DateFieldNm): Text of object 'Object Repository/Objects.DateValidation/Page_ISPS2/input__orderDt' is cleared

2020-05-09 01:05:29 - [MESSAGE][PASSED] - Text of object 'Object Repository/Objects.DateValidation/Page_ISPS2/input__orderDt' is cleared

2020-05-09 01:05:29 - [TEST_STEP][PASSED] - setText(DateFieldNm, TodayDate): Text '09/05/2020' is set on object 'Object Repository/Objects.DateValidation/Page_ISPS2/input__orderDt'

2020-05-09 01:05:30 - [MESSAGE][PASSED] - Text '09/05/2020' is set on object 'Object Repository/Objects.DateValidation/Page_ISPS2/input__orderDt'

2020-05-09 01:05:30 - [TEST_STEP][NOT_RUN] - com.reusableComponents.clickUsingJS.clickUsingJS(findTestObject("Object Repository/Objects.DateValidation/Page_ISPS2/div_DatePicker"), 0): NOT_RUN: com.reusableComponents.clickUsingJS.clickUsingJS(findTestObject("Object Repository/Objects.DateValidation/Page_ISPS2/div_DatePicker"), 0)

2020-05-09 01:05:30 - [MESSAGE][NOT_RUN] - NOT_RUN: com.reusableComponents.clickUsingJS.clickUsingJS(findTestObject("Object Repository/Objects.DateValidation/Page_ISPS2/div_DatePicker"), 0)

2020-05-09 01:05:30 - [TEST_STEP][NOT_RUN] - com.reusableComponents.HighlightElement.run(findTestObject("Object Repository/Objects.DateValidation/Page_ISPS2/a_Today")): NOT_RUN: com.reusableComponents.HighlightElement.run(findTestObject("Object Repository/Objects.DateValidation/Page_ISPS2/a_Today"))

2020-05-09 01:05:30 - [MESSAGE][NOT_RUN] - NOT_RUN: com.reusableComponents.HighlightElement.run(findTestObject("Object Repository/Objects.DateValidation/Page_ISPS2/a_Today"))

2020-05-09 01:05:30 - [TEST_STEP][NOT_RUN] - com.reusableComponents.clickUsingJS.clickUsingJS(findTestObject("Object Repository/Objects.DateValidation/Page_ISPS2/a_Today"), 0): NOT_RUN: com.reusableComponents.clickUsingJS.clickUsingJS(findTestObject("Object Repository/Objects.DateValidation/Page_ISPS2/a_Today"), 0)

2020-05-09 01:05:30 - [MESSAGE][NOT_RUN] - NOT_RUN: com.reusableComponents.clickUsingJS.clickUsingJS(findTestObject("Object Repository/Objects.DateValidation/Page_ISPS2/a_Today"), 0)

2020-05-09 01:05:30 - [TEST_STEP][NOT_RUN] - sendKeys(findTestObject("Object Repository/Objects.DateValidation/Page_ISPS2/a_Today"), Keys.chord(SPACE)): NOT_RUN: sendKeys(findTestObject("Object Repository/Objects.DateValidation/Page_ISPS2/a_Today"), Keys.chord(SPACE))

2020-05-09 01:05:30 - [MESSAGE][NOT_RUN] - NOT_RUN: sendKeys(findTestObject("Object Repository/Objects.DateValidation/Page_ISPS2/a_Today"), Keys.chord(SPACE))

2020-05-09 01:05:30 - [TEST_STEP][NOT_RUN] - click(findTestObject("Object Repository/Objects.DateValidation/Page_ISPS2/a_Today")): NOT_RUN: click(findTestObject("Object Repository/Objects.DateValidation/Page_ISPS2/a_Today"))

2020-05-09 01:05:30 - [MESSAGE][NOT_RUN] - NOT_RUN: click(findTestObject("Object Repository/Objects.DateValidation/Page_ISPS2/a_Today"))

2020-05-09 01:05:30 - [TEST_STEP][NOT_RUN] - getDate = getAttribute(findTestObject("Objects.DateValidation/Page_ISPS2/input__orderDt"), "value", STOP_ON_FAILURE): NOT_RUN: getDate = getAttribute(findTestObject("Objects.DateValidation/Page_ISPS2/input__orderDt"), "value", STOP_ON_FAILURE)

2020-05-09 01:05:30 - [MESSAGE][NOT_RUN] - NOT_RUN: getDate = getAttribute(findTestObject("Objects.DateValidation/Page_ISPS2/input__orderDt"), "value", STOP_ON_FAILURE)

2020-05-09 01:05:30 - [TEST_STEP][NOT_RUN] - println(getDate): NOT_RUN: println(getDate)

2020-05-09 01:05:30 - [MESSAGE][NOT_RUN] - NOT_RUN: println(getDate)

2020-05-09 01:05:30 - [MESSAGE][PASSED] - Call Test Case 'Test Cases/Components/00_Precision and Scale/DateValidation' successfully

2020-05-09 01:05:30 - [TEST_STEP][PASSED] - callTestCase(findTestCase("Components/00_Precision and Scale/OfficerValidation"), ["LblNm":"Approve Officer *:", "FldNm":"approveOfficerCmb", "EnterAValue":"1231@#$asdCV"], STOP_ON_FAILURE): Call Test Case 'Test Cases/Components/00_Precision and Scale/OfficerValidation' successfully

2020-05-09 01:05:30 - [TEST_CASE][PASSED] - Test Cases/Components/00_Precision and Scale/OfficerValidation: Test Cases/Components/00_Precision and Scale/OfficerValidation

2020-05-09 01:05:30 - [TEST_STEP][PASSED] - Thread.sleep(3000): null

2020-05-09 01:05:33 - [TEST_STEP][PASSED] - OfficerLists = [1:"Aaron Sham Wai Lun (AARON)", 2:"Azidah Bte Akmad (Mdm) (USAABD)", 3:"Chung Fong Nyen (USACFN)", 4:"David Tey Dah Wei (DAHWEI)", ... ]: null

2020-05-09 01:05:33 - [TEST_STEP][PASSED] - NewLblNmField = modifyObjectProperty(findTestObject("Objects.ApproveOfficerValidation/Page_ISPS2/span_Approve Officer"), "text", "equals", LblNm, true): Modify property of object successfully

2020-05-09 01:05:33 - [MESSAGE][PASSED] - Modify property of object successfully

2020-05-09 01:05:33 - [TEST_STEP][PASSED] - NewInputNmField = modifyObjectProperty(findTestObject("Objects.ApproveOfficerValidation/Page_ISPS2/input__approveOfficerCmb"), "name", "equals", FldNm, true): Modify property of object successfully

2020-05-09 01:05:34 - [MESSAGE][PASSED] - Modify property of object successfully

2020-05-09 01:05:34 - [TEST_STEP][PASSED] - com.reusableComponents.HighlightElement.run(NewLblNmField): com.reusableComponents.HighlightElement.run is PASSED

2020-05-09 01:05:34 - [MESSAGE][PASSED] - com.reusableComponents.HighlightElement.run is PASSED

2020-05-09 01:05:34 - [TEST_STEP][PASSED] - com.reusableComponents.HighlightElement.run(NewInputNmField): com.reusableComponents.HighlightElement.run is PASSED

2020-05-09 01:05:35 - [MESSAGE][PASSED] - com.reusableComponents.HighlightElement.run is PASSED

2020-05-09 01:05:35 - [TEST_STEP][PASSED] - focus(NewInputNmField): Object: 'Object Repository/Objects.ApproveOfficerValidation/Page_ISPS2/input__approveOfficerCmb' is focused

2020-05-09 01:05:35 - [MESSAGE][PASSED] - Object: 'Object Repository/Objects.ApproveOfficerValidation/Page_ISPS2/input__approveOfficerCmb' is focused

2020-05-09 01:05:35 - [TEST_STEP][PASSED] - DefaultValue = getAttribute(NewInputNmField, "value"): Attribute 'value' of object 'Object Repository/Objects.ApproveOfficerValidation/Page_ISPS2/input__approveOfficerCmb' is: ''

2020-05-09 01:05:36 - [MESSAGE][PASSED] - Attribute 'value' of object 'Object Repository/Objects.ApproveOfficerValidation/Page_ISPS2/input__approveOfficerCmb' is: ''

2020-05-09 01:05:36 - [TEST_STEP][PASSED] - verifyMatch(DefaultValue, "", true): Actual text '' and expected text '' are matched  using regular expression

2020-05-09 01:05:36 - [MESSAGE][PASSED] - Actual text '' and expected text '' are matched  using regular expression

2020-05-09 01:05:36 - [TEST_STEP][PASSED] - setText(NewInputNmField, EnterAValue): Text '1231@#$asdCV' is set on object 'Object Repository/Objects.ApproveOfficerValidation/Page_ISPS2/input__approveOfficerCmb'

2020-05-09 01:05:36 - [MESSAGE][PASSED] - Text '1231@#$asdCV' is set on object 'Object Repository/Objects.ApproveOfficerValidation/Page_ISPS2/input__approveOfficerCmb'

2020-05-09 01:05:36 - [TEST_STEP][PASSED] - sendKeys(NewInputNmField, Keys.chord(ENTER)): Keys 'ENTER + ' sent to object: 'Object Repository/Objects.ApproveOfficerValidation/Page_ISPS2/input__approveOfficerCmb'

2020-05-09 01:05:37 - [MESSAGE][PASSED] - Keys 'ENTER + ' sent to object: 'Object Repository/Objects.ApproveOfficerValidation/Page_ISPS2/input__approveOfficerCmb'

2020-05-09 01:05:37 - [TEST_STEP][PASSED] - FindValue = getAttribute(NewInputNmField, "value"): Attribute 'value' of object 'Object Repository/Objects.ApproveOfficerValidation/Page_ISPS2/input__approveOfficerCmb' is: '1231@#$asdCV'

2020-05-09 01:05:37 - [MESSAGE][PASSED] - Attribute 'value' of object 'Object Repository/Objects.ApproveOfficerValidation/Page_ISPS2/input__approveOfficerCmb' is: '1231@#$asdCV'

2020-05-09 01:05:37 - [TEST_STEP][PASSED] - ValueFound = OfficerLists.find({ -> ... }): null

2020-05-09 01:05:37 - [TEST_STEP][PASSED] - if (ValueFound == null): No Record Found

2020-05-09 01:05:37 - [TEST_STEP][PASSED] - comment("No Record Found"): No Record Found

2020-05-09 01:05:37 - [MESSAGE][INFO] - No Record Found

2020-05-09 01:05:37 - [TEST_STEP][PASSED] - focus(NewInputNmField): Object: 'Object Repository/Objects.ApproveOfficerValidation/Page_ISPS2/input__approveOfficerCmb' is focused

2020-05-09 01:05:37 - [MESSAGE][PASSED] - Object: 'Object Repository/Objects.ApproveOfficerValidation/Page_ISPS2/input__approveOfficerCmb' is focused

2020-05-09 01:05:37 - [TEST_STEP][PASSED] - sendKeys(NewInputNmField, Keys.chord(ARROW_LEFT)): Keys 'LEFT + ' sent to object: 'Object Repository/Objects.ApproveOfficerValidation/Page_ISPS2/input__approveOfficerCmb'

2020-05-09 01:05:38 - [MESSAGE][PASSED] - Keys 'LEFT + ' sent to object: 'Object Repository/Objects.ApproveOfficerValidation/Page_ISPS2/input__approveOfficerCmb'

2020-05-09 01:05:38 - [TEST_STEP][PASSED] - sendKeys(NewInputNmField, Keys.chord(LEFT_CONTROL, "a")): Keys 'CONTROL + a' sent to object: 'Object Repository/Objects.ApproveOfficerValidation/Page_ISPS2/input__approveOfficerCmb'

2020-05-09 01:05:38 - [MESSAGE][PASSED] - Keys 'CONTROL + a' sent to object: 'Object Repository/Objects.ApproveOfficerValidation/Page_ISPS2/input__approveOfficerCmb'

2020-05-09 01:05:38 - [TEST_STEP][PASSED] - sendKeys(NewInputNmField, Keys.chord(BACK_SPACE)): Keys 'BACK_SPACE + ' sent to object: 'Object Repository/Objects.ApproveOfficerValidation/Page_ISPS2/input__approveOfficerCmb'

2020-05-09 01:05:38 - [MESSAGE][PASSED] - Keys 'BACK_SPACE + ' sent to object: 'Object Repository/Objects.ApproveOfficerValidation/Page_ISPS2/input__approveOfficerCmb'

2020-05-09 01:05:38 - [TEST_STEP][PASSED] - sendKeys(NewInputNmField, Keys.chord(TAB)): Keys 'TAB + ' sent to object: 'Object Repository/Objects.ApproveOfficerValidation/Page_ISPS2/input__approveOfficerCmb'

2020-05-09 01:05:38 - [MESSAGE][PASSED] - Keys 'TAB + ' sent to object: 'Object Repository/Objects.ApproveOfficerValidation/Page_ISPS2/input__approveOfficerCmb'

2020-05-09 01:05:38 - [TEST_STEP][PASSED] - mouseOver(NewInputNmField): Object: 'Object Repository/Objects.ApproveOfficerValidation/Page_ISPS2/input__approveOfficerCmb' is hovered

2020-05-09 01:05:39 - [MESSAGE][PASSED] - Object: 'Object Repository/Objects.ApproveOfficerValidation/Page_ISPS2/input__approveOfficerCmb' is hovered

2020-05-09 01:05:39 - [TEST_STEP][PASSED] - getRqErrMsg = getAttribute(NewInputNmField, "data-errorqtip"): Attribute 'data-errorqtip' of object 'Object Repository/Objects.ApproveOfficerValidation/Page_ISPS2/input__approveOfficerCmb' is: '<ul class="x-list-plain"><li>This field is required</li></ul>'

2020-05-09 01:05:39 - [MESSAGE][PASSED] - Attribute 'data-errorqtip' of object 'Object Repository/Objects.ApproveOfficerValidation/Page_ISPS2/input__approveOfficerCmb' is: '<ul class="x-list-plain"><li>This field is required</li></ul>'

2020-05-09 01:05:39 - [TEST_STEP][PASSED] - getlenErr = getRqErrMsg.length(): null

2020-05-09 01:05:39 - [TEST_STEP][PASSED] - strToolTip = getRqErrMsg.substring(29, getlenErr): null

2020-05-09 01:05:39 - [TEST_STEP][PASSED] - toolTipReqErrMsg = strToolTip.substring(0, 22): null

2020-05-09 01:05:39 - [TEST_STEP][PASSED] - verifyMatch(toolTipReqErrMsg, RqField, true): Actual text 'This field is required' and expected text 'This field is required' are matched  using regular expression

2020-05-09 01:05:39 - [MESSAGE][PASSED] - Actual text 'This field is required' and expected text 'This field is required' are matched  using regular expression

2020-05-09 01:05:39 - [TEST_STEP][PASSED] - focus(NewInputNmField): Object: 'Object Repository/Objects.ApproveOfficerValidation/Page_ISPS2/input__approveOfficerCmb' is focused

2020-05-09 01:05:40 - [MESSAGE][PASSED] - Object: 'Object Repository/Objects.ApproveOfficerValidation/Page_ISPS2/input__approveOfficerCmb' is focused

2020-05-09 01:05:40 - [TEST_STEP][PASSED] - for ([itr = 0, itr < OfficerLists.size(), (itr++)]): Keys 'DOWN + ' sent to object: 'Object Repository/Objects.ApproveOfficerValidation/Page_ISPS2/input__approveOfficerCmb'

2020-05-09 01:05:40 - [TEST_STEP][PASSED] - sendKeys(NewInputNmField, Keys.chord(ARROW_DOWN)): Keys 'DOWN + ' sent to object: 'Object Repository/Objects.ApproveOfficerValidation/Page_ISPS2/input__approveOfficerCmb'

2020-05-09 01:05:40 - [MESSAGE][PASSED] - Keys 'DOWN + ' sent to object: 'Object Repository/Objects.ApproveOfficerValidation/Page_ISPS2/input__approveOfficerCmb'

2020-05-09 01:05:40 - [TEST_STEP][PASSED] - sendKeys(NewInputNmField, Keys.chord(ENTER)): Keys 'ENTER + ' sent to object: 'Object Repository/Objects.ApproveOfficerValidation/Page_ISPS2/input__approveOfficerCmb'

2020-05-09 01:05:41 - [MESSAGE][PASSED] - Keys 'ENTER + ' sent to object: 'Object Repository/Objects.ApproveOfficerValidation/Page_ISPS2/input__approveOfficerCmb'

2020-05-09 01:05:41 - [TEST_STEP][PASSED] - ValueFound = getAttribute(NewInputNmField, "value"): Attribute 'value' of object 'Object Repository/Objects.ApproveOfficerValidation/Page_ISPS2/input__approveOfficerCmb' is: 'Aaron Sham Wai Lun (AARON)'

2020-05-09 01:05:41 - [MESSAGE][PASSED] - Attribute 'value' of object 'Object Repository/Objects.ApproveOfficerValidation/Page_ISPS2/input__approveOfficerCmb' is: 'Aaron Sham Wai Lun (AARON)'

2020-05-09 01:05:41 - [TEST_STEP][PASSED] - FoundVal = OfficerLists.find({ -> ... }): null

2020-05-09 01:05:41 - [TEST_STEP][PASSED] - if (FoundVal != null): null

2020-05-09 01:05:41 - [TEST_STEP][PASSED] - println(FoundVal): null

2020-05-09 01:05:41 - [TEST_STEP][PASSED] - sendKeys(NewInputNmField, Keys.chord(ARROW_DOWN)): Keys 'DOWN + ' sent to object: 'Object Repository/Objects.ApproveOfficerValidation/Page_ISPS2/input__approveOfficerCmb'

2020-05-09 01:05:42 - [MESSAGE][PASSED] - Keys 'DOWN + ' sent to object: 'Object Repository/Objects.ApproveOfficerValidation/Page_ISPS2/input__approveOfficerCmb'

2020-05-09 01:05:42 - [TEST_STEP][PASSED] - sendKeys(NewInputNmField, Keys.chord(ARROW_DOWN)): Keys 'DOWN + ' sent to object: 'Object Repository/Objects.ApproveOfficerValidation/Page_ISPS2/input__approveOfficerCmb'

2020-05-09 01:05:42 - [MESSAGE][PASSED] - Keys 'DOWN + ' sent to object: 'Object Repository/Objects.ApproveOfficerValidation/Page_ISPS2/input__approveOfficerCmb'

2020-05-09 01:05:42 - [TEST_STEP][PASSED] - sendKeys(NewInputNmField, Keys.chord(ENTER)): Keys 'ENTER + ' sent to object: 'Object Repository/Objects.ApproveOfficerValidation/Page_ISPS2/input__approveOfficerCmb'

2020-05-09 01:05:43 - [MESSAGE][PASSED] - Keys 'ENTER + ' sent to object: 'Object Repository/Objects.ApproveOfficerValidation/Page_ISPS2/input__approveOfficerCmb'

2020-05-09 01:05:43 - [TEST_STEP][PASSED] - ValueFound = getAttribute(NewInputNmField, "value"): Attribute 'value' of object 'Object Repository/Objects.ApproveOfficerValidation/Page_ISPS2/input__approveOfficerCmb' is: 'Azidah Bte Akmad (Mdm) (USAABD)'

2020-05-09 01:05:43 - [MESSAGE][PASSED] - Attribute 'value' of object 'Object Repository/Objects.ApproveOfficerValidation/Page_ISPS2/input__approveOfficerCmb' is: 'Azidah Bte Akmad (Mdm) (USAABD)'

2020-05-09 01:05:43 - [TEST_STEP][PASSED] - FoundVal = OfficerLists.find({ -> ... }): null

2020-05-09 01:05:43 - [TEST_STEP][PASSED] - if (FoundVal != null): null

2020-05-09 01:05:43 - [TEST_STEP][PASSED] - println(FoundVal): null

2020-05-09 01:05:43 - [TEST_STEP][PASSED] - sendKeys(NewInputNmField, Keys.chord(ARROW_DOWN)): Keys 'DOWN + ' sent to object: 'Object Repository/Objects.ApproveOfficerValidation/Page_ISPS2/input__approveOfficerCmb'

2020-05-09 01:05:44 - [MESSAGE][PASSED] - Keys 'DOWN + ' sent to object: 'Object Repository/Objects.ApproveOfficerValidation/Page_ISPS2/input__approveOfficerCmb'

2020-05-09 01:05:44 - [TEST_STEP][PASSED] - sendKeys(NewInputNmField, Keys.chord(ARROW_DOWN)): Keys 'DOWN + ' sent to object: 'Object Repository/Objects.ApproveOfficerValidation/Page_ISPS2/input__approveOfficerCmb'

2020-05-09 01:05:44 - [MESSAGE][PASSED] - Keys 'DOWN + ' sent to object: 'Object Repository/Objects.ApproveOfficerValidation/Page_ISPS2/input__approveOfficerCmb'

2020-05-09 01:05:44 - [TEST_STEP][PASSED] - sendKeys(NewInputNmField, Keys.chord(ENTER)): Keys 'ENTER + ' sent to object: 'Object Repository/Objects.ApproveOfficerValidation/Page_ISPS2/input__approveOfficerCmb'

2020-05-09 01:05:44 - [MESSAGE][PASSED] - Keys 'ENTER + ' sent to object: 'Object Repository/Objects.ApproveOfficerValidation/Page_ISPS2/input__approveOfficerCmb'

2020-05-09 01:05:44 - [TEST_STEP][PASSED] - ValueFound = getAttribute(NewInputNmField, "value"): Attribute 'value' of object 'Object Repository/Objects.ApproveOfficerValidation/Page_ISPS2/input__approveOfficerCmb' is: 'Chung Fong Nyen (USACFN)'

2020-05-09 01:05:45 - [MESSAGE][PASSED] - Attribute 'value' of object 'Object Repository/Objects.ApproveOfficerValidation/Page_ISPS2/input__approveOfficerCmb' is: 'Chung Fong Nyen (USACFN)'

2020-05-09 01:05:45 - [TEST_STEP][PASSED] - FoundVal = OfficerLists.find({ -> ... }): null

2020-05-09 01:05:45 - [TEST_STEP][PASSED] - if (FoundVal != null): null

2020-05-09 01:05:45 - [TEST_STEP][PASSED] - println(FoundVal): null

2020-05-09 01:05:45 - [TEST_STEP][PASSED] - sendKeys(NewInputNmField, Keys.chord(ARROW_DOWN)): Keys 'DOWN + ' sent to object: 'Object Repository/Objects.ApproveOfficerValidation/Page_ISPS2/input__approveOfficerCmb'

2020-05-09 01:05:45 - [MESSAGE][PASSED] - Keys 'DOWN + ' sent to object: 'Object Repository/Objects.ApproveOfficerValidation/Page_ISPS2/input__approveOfficerCmb'

2020-05-09 01:05:45 - [TEST_STEP][PASSED] - sendKeys(NewInputNmField, Keys.chord(ARROW_DOWN)): Keys 'DOWN + ' sent to object: 'Object Repository/Objects.ApproveOfficerValidation/Page_ISPS2/input__approveOfficerCmb'

2020-05-09 01:05:46 - [MESSAGE][PASSED] - Keys 'DOWN + ' sent to object: 'Object Repository/Objects.ApproveOfficerValidation/Page_ISPS2/input__approveOfficerCmb'

2020-05-09 01:05:46 - [TEST_STEP][PASSED] - sendKeys(NewInputNmField, Keys.chord(ENTER)): Keys 'ENTER + ' sent to object: 'Object Repository/Objects.ApproveOfficerValidation/Page_ISPS2/input__approveOfficerCmb'

2020-05-09 01:05:46 - [MESSAGE][PASSED] - Keys 'ENTER + ' sent to object: 'Object Repository/Objects.ApproveOfficerValidation/Page_ISPS2/input__approveOfficerCmb'

2020-05-09 01:05:46 - [TEST_STEP][PASSED] - ValueFound = getAttribute(NewInputNmField, "value"): Attribute 'value' of object 'Object Repository/Objects.ApproveOfficerValidation/Page_ISPS2/input__approveOfficerCmb' is: 'David Tey Dah Wei (DAHWEI)'

2020-05-09 01:05:47 - [MESSAGE][PASSED] - Attribute 'value' of object 'Object Repository/Objects.ApproveOfficerValidation/Page_ISPS2/input__approveOfficerCmb' is: 'David Tey Dah Wei (DAHWEI)'

2020-05-09 01:05:47 - [TEST_STEP][PASSED] - FoundVal = OfficerLists.find({ -> ... }): null

2020-05-09 01:05:47 - [TEST_STEP][PASSED] - if (FoundVal != null): null

2020-05-09 01:05:47 - [TEST_STEP][PASSED] - println(FoundVal): null

2020-05-09 01:05:47 - [TEST_STEP][PASSED] - sendKeys(NewInputNmField, Keys.chord(ARROW_DOWN)): Keys 'DOWN + ' sent to object: 'Object Repository/Objects.ApproveOfficerValidation/Page_ISPS2/input__approveOfficerCmb'

2020-05-09 01:05:47 - [MESSAGE][PASSED] - Keys 'DOWN + ' sent to object: 'Object Repository/Objects.ApproveOfficerValidation/Page_ISPS2/input__approveOfficerCmb'

2020-05-09 01:05:47 - [TEST_STEP][PASSED] - sendKeys(NewInputNmField, Keys.chord(ARROW_DOWN)): Keys 'DOWN + ' sent to object: 'Object Repository/Objects.ApproveOfficerValidation/Page_ISPS2/input__approveOfficerCmb'

2020-05-09 01:05:47 - [MESSAGE][PASSED] - Keys 'DOWN + ' sent to object: 'Object Repository/Objects.ApproveOfficerValidation/Page_ISPS2/input__approveOfficerCmb'

2020-05-09 01:05:47 - [TEST_STEP][PASSED] - sendKeys(NewInputNmField, Keys.chord(ENTER)): Keys 'ENTER + ' sent to object: 'Object Repository/Objects.ApproveOfficerValidation/Page_ISPS2/input__approveOfficerCmb'

2020-05-09 01:05:48 - [MESSAGE][PASSED] - Keys 'ENTER + ' sent to object: 'Object Repository/Objects.ApproveOfficerValidation/Page_ISPS2/input__approveOfficerCmb'

2020-05-09 01:05:48 - [TEST_STEP][PASSED] - ValueFound = getAttribute(NewInputNmField, "value"): Attribute 'value' of object 'Object Repository/Objects.ApproveOfficerValidation/Page_ISPS2/input__approveOfficerCmb' is: 'Han Wann Kuang (WANNKUANG)'

2020-05-09 01:05:48 - [MESSAGE][PASSED] - Attribute 'value' of object 'Object Repository/Objects.ApproveOfficerValidation/Page_ISPS2/input__approveOfficerCmb' is: 'Han Wann Kuang (WANNKUANG)'

2020-05-09 01:05:48 - [TEST_STEP][PASSED] - FoundVal = OfficerLists.find({ -> ... }): null

2020-05-09 01:05:48 - [TEST_STEP][PASSED] - if (FoundVal != null): null

2020-05-09 01:05:48 - [TEST_STEP][PASSED] - println(FoundVal): null

2020-05-09 01:05:48 - [TEST_STEP][PASSED] - sendKeys(NewInputNmField, Keys.chord(ARROW_DOWN)): Keys 'DOWN + ' sent to object: 'Object Repository/Objects.ApproveOfficerValidation/Page_ISPS2/input__approveOfficerCmb'

2020-05-09 01:05:49 - [MESSAGE][PASSED] - Keys 'DOWN + ' sent to object: 'Object Repository/Objects.ApproveOfficerValidation/Page_ISPS2/input__approveOfficerCmb'

2020-05-09 01:05:49 - [TEST_STEP][PASSED] - sendKeys(NewInputNmField, Keys.chord(ARROW_DOWN)): Keys 'DOWN + ' sent to object: 'Object Repository/Objects.ApproveOfficerValidation/Page_ISPS2/input__approveOfficerCmb'

2020-05-09 01:05:49 - [MESSAGE][PASSED] - Keys 'DOWN + ' sent to object: 'Object Repository/Objects.ApproveOfficerValidation/Page_ISPS2/input__approveOfficerCmb'

2020-05-09 01:05:49 - [TEST_STEP][PASSED] - sendKeys(NewInputNmField, Keys.chord(ENTER)): Keys 'ENTER + ' sent to object: 'Object Repository/Objects.ApproveOfficerValidation/Page_ISPS2/input__approveOfficerCmb'

2020-05-09 01:05:50 - [MESSAGE][PASSED] - Keys 'ENTER + ' sent to object: 'Object Repository/Objects.ApproveOfficerValidation/Page_ISPS2/input__approveOfficerCmb'

2020-05-09 01:05:50 - [TEST_STEP][PASSED] - ValueFound = getAttribute(NewInputNmField, "value"): Attribute 'value' of object 'Object Repository/Objects.ApproveOfficerValidation/Page_ISPS2/input__approveOfficerCmb' is: 'Ho You Leong (YOULEONG)'

2020-05-09 01:05:50 - [MESSAGE][PASSED] - Attribute 'value' of object 'Object Repository/Objects.ApproveOfficerValidation/Page_ISPS2/input__approveOfficerCmb' is: 'Ho You Leong (YOULEONG)'

2020-05-09 01:05:50 - [TEST_STEP][PASSED] - FoundVal = OfficerLists.find({ -> ... }): null

2020-05-09 01:05:50 - [TEST_STEP][PASSED] - if (FoundVal != null): null

2020-05-09 01:05:50 - [TEST_STEP][PASSED] - println(FoundVal): null

2020-05-09 01:05:50 - [TEST_STEP][PASSED] - sendKeys(NewInputNmField, Keys.chord(ARROW_DOWN)): Keys 'DOWN + ' sent to object: 'Object Repository/Objects.ApproveOfficerValidation/Page_ISPS2/input__approveOfficerCmb'

2020-05-09 01:05:50 - [MESSAGE][PASSED] - Keys 'DOWN + ' sent to object: 'Object Repository/Objects.ApproveOfficerValidation/Page_ISPS2/input__approveOfficerCmb'

2020-05-09 01:05:50 - [TEST_STEP][PASSED] - sendKeys(NewInputNmField, Keys.chord(ARROW_DOWN)): Keys 'DOWN + ' sent to object: 'Object Repository/Objects.ApproveOfficerValidation/Page_ISPS2/input__approveOfficerCmb'

2020-05-09 01:05:51 - [MESSAGE][PASSED] - Keys 'DOWN + ' sent to object: 'Object Repository/Objects.ApproveOfficerValidation/Page_ISPS2/input__approveOfficerCmb'

2020-05-09 01:05:51 - [TEST_STEP][PASSED] - sendKeys(NewInputNmField, Keys.chord(ENTER)): Keys 'ENTER + ' sent to object: 'Object Repository/Objects.ApproveOfficerValidation/Page_ISPS2/input__approveOfficerCmb'

2020-05-09 01:05:51 - [MESSAGE][PASSED] - Keys 'ENTER + ' sent to object: 'Object Repository/Objects.ApproveOfficerValidation/Page_ISPS2/input__approveOfficerCmb'

2020-05-09 01:05:51 - [TEST_STEP][PASSED] - ValueFound = getAttribute(NewInputNmField, "value"): Attribute 'value' of object 'Object Repository/Objects.ApproveOfficerValidation/Page_ISPS2/input__approveOfficerCmb' is: 'Joseph Lim Pheng Weng (PHENGWENG)'

2020-05-09 01:05:52 - [MESSAGE][PASSED] - Attribute 'value' of object 'Object Repository/Objects.ApproveOfficerValidation/Page_ISPS2/input__approveOfficerCmb' is: 'Joseph Lim Pheng Weng (PHENGWENG)'

2020-05-09 01:05:52 - [TEST_STEP][PASSED] - FoundVal = OfficerLists.find({ -> ... }): null

2020-05-09 01:05:52 - [TEST_STEP][PASSED] - if (FoundVal != null): null

2020-05-09 01:05:52 - [TEST_STEP][PASSED] - println(FoundVal): null

2020-05-09 01:05:52 - [TEST_STEP][PASSED] - sendKeys(NewInputNmField, Keys.chord(ARROW_DOWN)): Keys 'DOWN + ' sent to object: 'Object Repository/Objects.ApproveOfficerValidation/Page_ISPS2/input__approveOfficerCmb'

2020-05-09 01:05:52 - [MESSAGE][PASSED] - Keys 'DOWN + ' sent to object: 'Object Repository/Objects.ApproveOfficerValidation/Page_ISPS2/input__approveOfficerCmb'

2020-05-09 01:05:52 - [TEST_STEP][PASSED] - sendKeys(NewInputNmField, Keys.chord(ARROW_DOWN)): Keys 'DOWN + ' sent to object: 'Object Repository/Objects.ApproveOfficerValidation/Page_ISPS2/input__approveOfficerCmb'

2020-05-09 01:05:52 - [MESSAGE][PASSED] - Keys 'DOWN + ' sent to object: 'Object Repository/Objects.ApproveOfficerValidation/Page_ISPS2/input__approveOfficerCmb'

2020-05-09 01:05:52 - [TEST_STEP][PASSED] - sendKeys(NewInputNmField, Keys.chord(ENTER)): Keys 'ENTER + ' sent to object: 'Object Repository/Objects.ApproveOfficerValidation/Page_ISPS2/input__approveOfficerCmb'

2020-05-09 01:05:53 - [MESSAGE][PASSED] - Keys 'ENTER + ' sent to object: 'Object Repository/Objects.ApproveOfficerValidation/Page_ISPS2/input__approveOfficerCmb'

2020-05-09 01:05:53 - [TEST_STEP][PASSED] - ValueFound = getAttribute(NewInputNmField, "value"): Attribute 'value' of object 'Object Repository/Objects.ApproveOfficerValidation/Page_ISPS2/input__approveOfficerCmb' is: 'Joyce Lee (USASLL)'

2020-05-09 01:05:53 - [MESSAGE][PASSED] - Attribute 'value' of object 'Object Repository/Objects.ApproveOfficerValidation/Page_ISPS2/input__approveOfficerCmb' is: 'Joyce Lee (USASLL)'

2020-05-09 01:05:53 - [TEST_STEP][PASSED] - FoundVal = OfficerLists.find({ -> ... }): null

2020-05-09 01:05:53 - [TEST_STEP][PASSED] - if (FoundVal != null): null

2020-05-09 01:05:53 - [TEST_STEP][PASSED] - println(FoundVal): null

2020-05-09 01:05:53 - [TEST_STEP][PASSED] - sendKeys(NewInputNmField, Keys.chord(ARROW_DOWN)): Keys 'DOWN + ' sent to object: 'Object Repository/Objects.ApproveOfficerValidation/Page_ISPS2/input__approveOfficerCmb'

2020-05-09 01:05:54 - [MESSAGE][PASSED] - Keys 'DOWN + ' sent to object: 'Object Repository/Objects.ApproveOfficerValidation/Page_ISPS2/input__approveOfficerCmb'

2020-05-09 01:05:54 - [TEST_STEP][PASSED] - sendKeys(NewInputNmField, Keys.chord(ARROW_DOWN)): Keys 'DOWN + ' sent to object: 'Object Repository/Objects.ApproveOfficerValidation/Page_ISPS2/input__approveOfficerCmb'

2020-05-09 01:05:54 - [MESSAGE][PASSED] - Keys 'DOWN + ' sent to object: 'Object Repository/Objects.ApproveOfficerValidation/Page_ISPS2/input__approveOfficerCmb'

2020-05-09 01:05:54 - [TEST_STEP][PASSED] - sendKeys(NewInputNmField, Keys.chord(ENTER)): Keys 'ENTER + ' sent to object: 'Object Repository/Objects.ApproveOfficerValidation/Page_ISPS2/input__approveOfficerCmb'

2020-05-09 01:05:55 - [MESSAGE][PASSED] - Keys 'ENTER + ' sent to object: 'Object Repository/Objects.ApproveOfficerValidation/Page_ISPS2/input__approveOfficerCmb'

2020-05-09 01:05:55 - [TEST_STEP][PASSED] - ValueFound = getAttribute(NewInputNmField, "value"): Attribute 'value' of object 'Object Repository/Objects.ApproveOfficerValidation/Page_ISPS2/input__approveOfficerCmb' is: 'Kaliannan Thanabal (KALIANN)'

2020-05-09 01:05:55 - [MESSAGE][PASSED] - Attribute 'value' of object 'Object Repository/Objects.ApproveOfficerValidation/Page_ISPS2/input__approveOfficerCmb' is: 'Kaliannan Thanabal (KALIANN)'

2020-05-09 01:05:55 - [TEST_STEP][PASSED] - FoundVal = OfficerLists.find({ -> ... }): null

2020-05-09 01:05:55 - [TEST_STEP][PASSED] - if (FoundVal != null): null

2020-05-09 01:05:55 - [TEST_STEP][PASSED] - println(FoundVal): null

2020-05-09 01:05:55 - [TEST_STEP][PASSED] - sendKeys(NewInputNmField, Keys.chord(ARROW_DOWN)): Keys 'DOWN + ' sent to object: 'Object Repository/Objects.ApproveOfficerValidation/Page_ISPS2/input__approveOfficerCmb'

2020-05-09 01:05:55 - [MESSAGE][PASSED] - Keys 'DOWN + ' sent to object: 'Object Repository/Objects.ApproveOfficerValidation/Page_ISPS2/input__approveOfficerCmb'

2020-05-09 01:05:55 - [TEST_STEP][PASSED] - sendKeys(NewInputNmField, Keys.chord(ARROW_DOWN)): Keys 'DOWN + ' sent to object: 'Object Repository/Objects.ApproveOfficerValidation/Page_ISPS2/input__approveOfficerCmb'

2020-05-09 01:05:56 - [MESSAGE][PASSED] - Keys 'DOWN + ' sent to object: 'Object Repository/Objects.ApproveOfficerValidation/Page_ISPS2/input__approveOfficerCmb'

2020-05-09 01:05:56 - [TEST_STEP][PASSED] - sendKeys(NewInputNmField, Keys.chord(ENTER)): Keys 'ENTER + ' sent to object: 'Object Repository/Objects.ApproveOfficerValidation/Page_ISPS2/input__approveOfficerCmb'

2020-05-09 01:05:56 - [MESSAGE][PASSED] - Keys 'ENTER + ' sent to object: 'Object Repository/Objects.ApproveOfficerValidation/Page_ISPS2/input__approveOfficerCmb'

2020-05-09 01:05:56 - [TEST_STEP][PASSED] - ValueFound = getAttribute(NewInputNmField, "value"): Attribute 'value' of object 'Object Repository/Objects.ApproveOfficerValidation/Page_ISPS2/input__approveOfficerCmb' is: 'Lim Beng Kwee (BENGKWEE)'

2020-05-09 01:05:57 - [MESSAGE][PASSED] - Attribute 'value' of object 'Object Repository/Objects.ApproveOfficerValidation/Page_ISPS2/input__approveOfficerCmb' is: 'Lim Beng Kwee (BENGKWEE)'

2020-05-09 01:05:57 - [TEST_STEP][PASSED] - FoundVal = OfficerLists.find({ -> ... }): null

2020-05-09 01:05:57 - [TEST_STEP][PASSED] - if (FoundVal != null): null

2020-05-09 01:05:57 - [TEST_STEP][PASSED] - println(FoundVal): null

2020-05-09 01:05:57 - [TEST_STEP][PASSED] - sendKeys(NewInputNmField, Keys.chord(ARROW_DOWN)): Keys 'DOWN + ' sent to object: 'Object Repository/Objects.ApproveOfficerValidation/Page_ISPS2/input__approveOfficerCmb'

2020-05-09 01:05:57 - [MESSAGE][PASSED] - Keys 'DOWN + ' sent to object: 'Object Repository/Objects.ApproveOfficerValidation/Page_ISPS2/input__approveOfficerCmb'

2020-05-09 01:05:57 - [TEST_STEP][PASSED] - sendKeys(NewInputNmField, Keys.chord(ARROW_DOWN)): Keys 'DOWN + ' sent to object: 'Object Repository/Objects.ApproveOfficerValidation/Page_ISPS2/input__approveOfficerCmb'

2020-05-09 01:05:57 - [MESSAGE][PASSED] - Keys 'DOWN + ' sent to object: 'Object Repository/Objects.ApproveOfficerValidation/Page_ISPS2/input__approveOfficerCmb'

2020-05-09 01:05:57 - [TEST_STEP][PASSED] - sendKeys(NewInputNmField, Keys.chord(ENTER)): Keys 'ENTER + ' sent to object: 'Object Repository/Objects.ApproveOfficerValidation/Page_ISPS2/input__approveOfficerCmb'

2020-05-09 01:05:58 - [MESSAGE][PASSED] - Keys 'ENTER + ' sent to object: 'Object Repository/Objects.ApproveOfficerValidation/Page_ISPS2/input__approveOfficerCmb'

2020-05-09 01:05:58 - [TEST_STEP][PASSED] - ValueFound = getAttribute(NewInputNmField, "value"): Attribute 'value' of object 'Object Repository/Objects.ApproveOfficerValidation/Page_ISPS2/input__approveOfficerCmb' is: 'Lim Leng Boon (LENGBOON)'

2020-05-09 01:05:58 - [MESSAGE][PASSED] - Attribute 'value' of object 'Object Repository/Objects.ApproveOfficerValidation/Page_ISPS2/input__approveOfficerCmb' is: 'Lim Leng Boon (LENGBOON)'

2020-05-09 01:05:58 - [TEST_STEP][PASSED] - FoundVal = OfficerLists.find({ -> ... }): null

2020-05-09 01:05:58 - [TEST_STEP][PASSED] - if (FoundVal != null): null

2020-05-09 01:05:58 - [TEST_STEP][PASSED] - println(FoundVal): null

2020-05-09 01:05:58 - [TEST_STEP][PASSED] - sendKeys(NewInputNmField, Keys.chord(ARROW_DOWN)): Keys 'DOWN + ' sent to object: 'Object Repository/Objects.ApproveOfficerValidation/Page_ISPS2/input__approveOfficerCmb'

2020-05-09 01:05:58 - [MESSAGE][PASSED] - Keys 'DOWN + ' sent to object: 'Object Repository/Objects.ApproveOfficerValidation/Page_ISPS2/input__approveOfficerCmb'

2020-05-09 01:05:58 - [TEST_STEP][PASSED] - sendKeys(NewInputNmField, Keys.chord(ARROW_DOWN)): Keys 'DOWN + ' sent to object: 'Object Repository/Objects.ApproveOfficerValidation/Page_ISPS2/input__approveOfficerCmb'

2020-05-09 01:05:59 - [MESSAGE][PASSED] - Keys 'DOWN + ' sent to object: 'Object Repository/Objects.ApproveOfficerValidation/Page_ISPS2/input__approveOfficerCmb'

2020-05-09 01:05:59 - [TEST_STEP][PASSED] - sendKeys(NewInputNmField, Keys.chord(ENTER)): Keys 'ENTER + ' sent to object: 'Object Repository/Objects.ApproveOfficerValidation/Page_ISPS2/input__approveOfficerCmb'

2020-05-09 01:05:59 - [MESSAGE][PASSED] - Keys 'ENTER + ' sent to object: 'Object Repository/Objects.ApproveOfficerValidation/Page_ISPS2/input__approveOfficerCmb'

2020-05-09 01:05:59 - [TEST_STEP][PASSED] - ValueFound = getAttribute(NewInputNmField, "value"): Attribute 'value' of object 'Object Repository/Objects.ApproveOfficerValidation/Page_ISPS2/input__approveOfficerCmb' is: 'Loh Lee Fong (LEEFONG)'

2020-05-09 01:06:00 - [MESSAGE][PASSED] - Attribute 'value' of object 'Object Repository/Objects.ApproveOfficerValidation/Page_ISPS2/input__approveOfficerCmb' is: 'Loh Lee Fong (LEEFONG)'

2020-05-09 01:06:00 - [TEST_STEP][PASSED] - FoundVal = OfficerLists.find({ -> ... }): null

2020-05-09 01:06:00 - [TEST_STEP][PASSED] - if (FoundVal != null): null

2020-05-09 01:06:00 - [TEST_STEP][PASSED] - println(FoundVal): null

2020-05-09 01:06:00 - [TEST_STEP][PASSED] - sendKeys(NewInputNmField, Keys.chord(ARROW_DOWN)): Keys 'DOWN + ' sent to object: 'Object Repository/Objects.ApproveOfficerValidation/Page_ISPS2/input__approveOfficerCmb'

2020-05-09 01:06:00 - [MESSAGE][PASSED] - Keys 'DOWN + ' sent to object: 'Object Repository/Objects.ApproveOfficerValidation/Page_ISPS2/input__approveOfficerCmb'

2020-05-09 01:06:00 - [TEST_STEP][PASSED] - sendKeys(NewInputNmField, Keys.chord(ARROW_DOWN)): Keys 'DOWN + ' sent to object: 'Object Repository/Objects.ApproveOfficerValidation/Page_ISPS2/input__approveOfficerCmb'

2020-05-09 01:06:01 - [MESSAGE][PASSED] - Keys 'DOWN + ' sent to object: 'Object Repository/Objects.ApproveOfficerValidation/Page_ISPS2/input__approveOfficerCmb'

2020-05-09 01:06:01 - [TEST_STEP][PASSED] - sendKeys(NewInputNmField, Keys.chord(ENTER)): Keys 'ENTER + ' sent to object: 'Object Repository/Objects.ApproveOfficerValidation/Page_ISPS2/input__approveOfficerCmb'

2020-05-09 01:06:01 - [MESSAGE][PASSED] - Keys 'ENTER + ' sent to object: 'Object Repository/Objects.ApproveOfficerValidation/Page_ISPS2/input__approveOfficerCmb'

2020-05-09 01:06:01 - [TEST_STEP][PASSED] - ValueFound = getAttribute(NewInputNmField, "value"): Attribute 'value' of object 'Object Repository/Objects.ApproveOfficerValidation/Page_ISPS2/input__approveOfficerCmb' is: 'Lu Ji Ju (Mdm) (USALJJ)'

2020-05-09 01:06:02 - [MESSAGE][PASSED] - Attribute 'value' of object 'Object Repository/Objects.ApproveOfficerValidation/Page_ISPS2/input__approveOfficerCmb' is: 'Lu Ji Ju (Mdm) (USALJJ)'

2020-05-09 01:06:02 - [TEST_STEP][PASSED] - FoundVal = OfficerLists.find({ -> ... }): null

2020-05-09 01:06:02 - [TEST_STEP][PASSED] - if (FoundVal != null): null

2020-05-09 01:06:02 - [TEST_STEP][PASSED] - println(FoundVal): null

2020-05-09 01:06:02 - [TEST_STEP][PASSED] - sendKeys(NewInputNmField, Keys.chord(ARROW_DOWN)): Keys 'DOWN + ' sent to object: 'Object Repository/Objects.ApproveOfficerValidation/Page_ISPS2/input__approveOfficerCmb'

2020-05-09 01:06:02 - [MESSAGE][PASSED] - Keys 'DOWN + ' sent to object: 'Object Repository/Objects.ApproveOfficerValidation/Page_ISPS2/input__approveOfficerCmb'

2020-05-09 01:06:02 - [TEST_STEP][PASSED] - sendKeys(NewInputNmField, Keys.chord(ARROW_DOWN)): Keys 'DOWN + ' sent to object: 'Object Repository/Objects.ApproveOfficerValidation/Page_ISPS2/input__approveOfficerCmb'

2020-05-09 01:06:02 - [MESSAGE][PASSED] - Keys 'DOWN + ' sent to object: 'Object Repository/Objects.ApproveOfficerValidation/Page_ISPS2/input__approveOfficerCmb'

2020-05-09 01:06:02 - [TEST_STEP][PASSED] - sendKeys(NewInputNmField, Keys.chord(ENTER)): Keys 'ENTER + ' sent to object: 'Object Repository/Objects.ApproveOfficerValidation/Page_ISPS2/input__approveOfficerCmb'

2020-05-09 01:06:03 - [MESSAGE][PASSED] - Keys 'ENTER + ' sent to object: 'Object Repository/Objects.ApproveOfficerValidation/Page_ISPS2/input__approveOfficerCmb'

2020-05-09 01:06:03 - [TEST_STEP][PASSED] - ValueFound = getAttribute(NewInputNmField, "value"): Attribute 'value' of object 'Object Repository/Objects.ApproveOfficerValidation/Page_ISPS2/input__approveOfficerCmb' is: 'Mohd Jeffri Bin Abdul Rahim (MOHDJEFFRI)'

2020-05-09 01:06:03 - [MESSAGE][PASSED] - Attribute 'value' of object 'Object Repository/Objects.ApproveOfficerValidation/Page_ISPS2/input__approveOfficerCmb' is: 'Mohd Jeffri Bin Abdul Rahim (MOHDJEFFRI)'

2020-05-09 01:06:03 - [TEST_STEP][PASSED] - FoundVal = OfficerLists.find({ -> ... }): null

2020-05-09 01:06:03 - [TEST_STEP][PASSED] - if (FoundVal != null): null

2020-05-09 01:06:03 - [TEST_STEP][PASSED] - println(FoundVal): null

2020-05-09 01:06:03 - [TEST_STEP][PASSED] - sendKeys(NewInputNmField, Keys.chord(ARROW_DOWN)): Keys 'DOWN + ' sent to object: 'Object Repository/Objects.ApproveOfficerValidation/Page_ISPS2/input__approveOfficerCmb'

2020-05-09 01:06:03 - [MESSAGE][PASSED] - Keys 'DOWN + ' sent to object: 'Object Repository/Objects.ApproveOfficerValidation/Page_ISPS2/input__approveOfficerCmb'

2020-05-09 01:06:03 - [TEST_STEP][PASSED] - sendKeys(NewInputNmField, Keys.chord(ARROW_DOWN)): Keys 'DOWN + ' sent to object: 'Object Repository/Objects.ApproveOfficerValidation/Page_ISPS2/input__approveOfficerCmb'

2020-05-09 01:06:04 - [MESSAGE][PASSED] - Keys 'DOWN + ' sent to object: 'Object Repository/Objects.ApproveOfficerValidation/Page_ISPS2/input__approveOfficerCmb'

2020-05-09 01:06:04 - [TEST_STEP][PASSED] - sendKeys(NewInputNmField, Keys.chord(ENTER)): Keys 'ENTER + ' sent to object: 'Object Repository/Objects.ApproveOfficerValidation/Page_ISPS2/input__approveOfficerCmb'

2020-05-09 01:06:04 - [MESSAGE][PASSED] - Keys 'ENTER + ' sent to object: 'Object Repository/Objects.ApproveOfficerValidation/Page_ISPS2/input__approveOfficerCmb'

2020-05-09 01:06:04 - [TEST_STEP][PASSED] - ValueFound = getAttribute(NewInputNmField, "value"): Attribute 'value' of object 'Object Repository/Objects.ApproveOfficerValidation/Page_ISPS2/input__approveOfficerCmb' is: 'Mohd Jumat Bin Haji Mohd Hassan (MOHDJUMAT)'

2020-05-09 01:06:05 - [MESSAGE][PASSED] - Attribute 'value' of object 'Object Repository/Objects.ApproveOfficerValidation/Page_ISPS2/input__approveOfficerCmb' is: 'Mohd Jumat Bin Haji Mohd Hassan (MOHDJUMAT)'

2020-05-09 01:06:05 - [TEST_STEP][PASSED] - FoundVal = OfficerLists.find({ -> ... }): null

2020-05-09 01:06:05 - [TEST_STEP][PASSED] - if (FoundVal != null): null

2020-05-09 01:06:05 - [TEST_STEP][PASSED] - println(FoundVal): null

2020-05-09 01:06:05 - [TEST_STEP][PASSED] - sendKeys(NewInputNmField, Keys.chord(ARROW_DOWN)): Keys 'DOWN + ' sent to object: 'Object Repository/Objects.ApproveOfficerValidation/Page_ISPS2/input__approveOfficerCmb'

2020-05-09 01:06:05 - [MESSAGE][PASSED] - Keys 'DOWN + ' sent to object: 'Object Repository/Objects.ApproveOfficerValidation/Page_ISPS2/input__approveOfficerCmb'

2020-05-09 01:06:05 - [TEST_STEP][PASSED] - sendKeys(NewInputNmField, Keys.chord(ARROW_DOWN)): Keys 'DOWN + ' sent to object: 'Object Repository/Objects.ApproveOfficerValidation/Page_ISPS2/input__approveOfficerCmb'

2020-05-09 01:06:06 - [MESSAGE][PASSED] - Keys 'DOWN + ' sent to object: 'Object Repository/Objects.ApproveOfficerValidation/Page_ISPS2/input__approveOfficerCmb'

2020-05-09 01:06:06 - [TEST_STEP][PASSED] - sendKeys(NewInputNmField, Keys.chord(ENTER)): Keys 'ENTER + ' sent to object: 'Object Repository/Objects.ApproveOfficerValidation/Page_ISPS2/input__approveOfficerCmb'

2020-05-09 01:06:06 - [MESSAGE][PASSED] - Keys 'ENTER + ' sent to object: 'Object Repository/Objects.ApproveOfficerValidation/Page_ISPS2/input__approveOfficerCmb'

2020-05-09 01:06:06 - [TEST_STEP][PASSED] - ValueFound = getAttribute(NewInputNmField, "value"): Attribute 'value' of object 'Object Repository/Objects.ApproveOfficerValidation/Page_ISPS2/input__approveOfficerCmb' is: 'Ng Seh Luh (USANSL)'

2020-05-09 01:06:06 - [MESSAGE][PASSED] - Attribute 'value' of object 'Object Repository/Objects.ApproveOfficerValidation/Page_ISPS2/input__approveOfficerCmb' is: 'Ng Seh Luh (USANSL)'

2020-05-09 01:06:06 - [TEST_STEP][PASSED] - FoundVal = OfficerLists.find({ -> ... }): null

2020-05-09 01:06:06 - [TEST_STEP][PASSED] - if (FoundVal != null): null

2020-05-09 01:06:06 - [TEST_STEP][PASSED] - println(FoundVal): null

2020-05-09 01:06:06 - [TEST_STEP][PASSED] - sendKeys(NewInputNmField, Keys.chord(ARROW_DOWN)): Keys 'DOWN + ' sent to object: 'Object Repository/Objects.ApproveOfficerValidation/Page_ISPS2/input__approveOfficerCmb'

2020-05-09 01:06:07 - [MESSAGE][PASSED] - Keys 'DOWN + ' sent to object: 'Object Repository/Objects.ApproveOfficerValidation/Page_ISPS2/input__approveOfficerCmb'

2020-05-09 01:06:07 - [TEST_STEP][PASSED] - sendKeys(NewInputNmField, Keys.chord(ARROW_DOWN)): Keys 'DOWN + ' sent to object: 'Object Repository/Objects.ApproveOfficerValidation/Page_ISPS2/input__approveOfficerCmb'

2020-05-09 01:06:07 - [MESSAGE][PASSED] - Keys 'DOWN + ' sent to object: 'Object Repository/Objects.ApproveOfficerValidation/Page_ISPS2/input__approveOfficerCmb'

2020-05-09 01:06:07 - [TEST_STEP][PASSED] - sendKeys(NewInputNmField, Keys.chord(ENTER)): Keys 'ENTER + ' sent to object: 'Object Repository/Objects.ApproveOfficerValidation/Page_ISPS2/input__approveOfficerCmb'

2020-05-09 01:06:08 - [MESSAGE][PASSED] - Keys 'ENTER + ' sent to object: 'Object Repository/Objects.ApproveOfficerValidation/Page_ISPS2/input__approveOfficerCmb'

2020-05-09 01:06:08 - [TEST_STEP][PASSED] - ValueFound = getAttribute(NewInputNmField, "value"): Attribute 'value' of object 'Object Repository/Objects.ApproveOfficerValidation/Page_ISPS2/input__approveOfficerCmb' is: 'Richard Lim Fang Ping (FANGPING)'

2020-05-09 01:06:08 - [MESSAGE][PASSED] - Attribute 'value' of object 'Object Repository/Objects.ApproveOfficerValidation/Page_ISPS2/input__approveOfficerCmb' is: 'Richard Lim Fang Ping (FANGPING)'

2020-05-09 01:06:08 - [TEST_STEP][PASSED] - FoundVal = OfficerLists.find({ -> ... }): null

2020-05-09 01:06:08 - [TEST_STEP][PASSED] - if (FoundVal != null): null

2020-05-09 01:06:08 - [TEST_STEP][PASSED] - println(FoundVal): null

2020-05-09 01:06:08 - [TEST_STEP][PASSED] - sendKeys(NewInputNmField, Keys.chord(ARROW_DOWN)): Keys 'DOWN + ' sent to object: 'Object Repository/Objects.ApproveOfficerValidation/Page_ISPS2/input__approveOfficerCmb'

2020-05-09 01:06:08 - [MESSAGE][PASSED] - Keys 'DOWN + ' sent to object: 'Object Repository/Objects.ApproveOfficerValidation/Page_ISPS2/input__approveOfficerCmb'

2020-05-09 01:06:08 - [TEST_STEP][PASSED] - sendKeys(NewInputNmField, Keys.chord(ARROW_DOWN)): Keys 'DOWN + ' sent to object: 'Object Repository/Objects.ApproveOfficerValidation/Page_ISPS2/input__approveOfficerCmb'

2020-05-09 01:06:09 - [MESSAGE][PASSED] - Keys 'DOWN + ' sent to object: 'Object Repository/Objects.ApproveOfficerValidation/Page_ISPS2/input__approveOfficerCmb'

2020-05-09 01:06:09 - [TEST_STEP][PASSED] - sendKeys(NewInputNmField, Keys.chord(ENTER)): Keys 'ENTER + ' sent to object: 'Object Repository/Objects.ApproveOfficerValidation/Page_ISPS2/input__approveOfficerCmb'

2020-05-09 01:06:09 - [MESSAGE][PASSED] - Keys 'ENTER + ' sent to object: 'Object Repository/Objects.ApproveOfficerValidation/Page_ISPS2/input__approveOfficerCmb'

2020-05-09 01:06:09 - [TEST_STEP][PASSED] - ValueFound = getAttribute(NewInputNmField, "value"): Attribute 'value' of object 'Object Repository/Objects.ApproveOfficerValidation/Page_ISPS2/input__approveOfficerCmb' is: 'RITA WONG SIONG ING (RITAWONG)'

2020-05-09 01:06:10 - [MESSAGE][PASSED] - Attribute 'value' of object 'Object Repository/Objects.ApproveOfficerValidation/Page_ISPS2/input__approveOfficerCmb' is: 'RITA WONG SIONG ING (RITAWONG)'

2020-05-09 01:06:10 - [TEST_STEP][PASSED] - FoundVal = OfficerLists.find({ -> ... }): null

2020-05-09 01:06:10 - [TEST_STEP][PASSED] - if (FoundVal != null): null

2020-05-09 01:06:10 - [TEST_STEP][PASSED] - println(FoundVal): null

2020-05-09 01:06:10 - [TEST_STEP][PASSED] - sendKeys(NewInputNmField, Keys.chord(ARROW_DOWN)): Keys 'DOWN + ' sent to object: 'Object Repository/Objects.ApproveOfficerValidation/Page_ISPS2/input__approveOfficerCmb'

2020-05-09 01:06:10 - [MESSAGE][PASSED] - Keys 'DOWN + ' sent to object: 'Object Repository/Objects.ApproveOfficerValidation/Page_ISPS2/input__approveOfficerCmb'

2020-05-09 01:06:10 - [TEST_STEP][PASSED] - sendKeys(NewInputNmField, Keys.chord(ARROW_DOWN)): Keys 'DOWN + ' sent to object: 'Object Repository/Objects.ApproveOfficerValidation/Page_ISPS2/input__approveOfficerCmb'

2020-05-09 01:06:10 - [MESSAGE][PASSED] - Keys 'DOWN + ' sent to object: 'Object Repository/Objects.ApproveOfficerValidation/Page_ISPS2/input__approveOfficerCmb'

2020-05-09 01:06:10 - [TEST_STEP][PASSED] - sendKeys(NewInputNmField, Keys.chord(ENTER)): Keys 'ENTER + ' sent to object: 'Object Repository/Objects.ApproveOfficerValidation/Page_ISPS2/input__approveOfficerCmb'

2020-05-09 01:06:11 - [MESSAGE][PASSED] - Keys 'ENTER + ' sent to object: 'Object Repository/Objects.ApproveOfficerValidation/Page_ISPS2/input__approveOfficerCmb'

2020-05-09 01:06:11 - [TEST_STEP][PASSED] - ValueFound = getAttribute(NewInputNmField, "value"): Attribute 'value' of object 'Object Repository/Objects.ApproveOfficerValidation/Page_ISPS2/input__approveOfficerCmb' is: 'Shi Hong Wei (HONGWEI)'

2020-05-09 01:06:11 - [MESSAGE][PASSED] - Attribute 'value' of object 'Object Repository/Objects.ApproveOfficerValidation/Page_ISPS2/input__approveOfficerCmb' is: 'Shi Hong Wei (HONGWEI)'

2020-05-09 01:06:11 - [TEST_STEP][PASSED] - FoundVal = OfficerLists.find({ -> ... }): null

2020-05-09 01:06:11 - [TEST_STEP][PASSED] - if (FoundVal != null): null

2020-05-09 01:06:11 - [TEST_STEP][PASSED] - println(FoundVal): null

2020-05-09 01:06:11 - [TEST_STEP][PASSED] - sendKeys(NewInputNmField, Keys.chord(ARROW_DOWN)): Keys 'DOWN + ' sent to object: 'Object Repository/Objects.ApproveOfficerValidation/Page_ISPS2/input__approveOfficerCmb'

2020-05-09 01:06:12 - [MESSAGE][PASSED] - Keys 'DOWN + ' sent to object: 'Object Repository/Objects.ApproveOfficerValidation/Page_ISPS2/input__approveOfficerCmb'

2020-05-09 01:06:12 - [TEST_STEP][PASSED] - sendKeys(NewInputNmField, Keys.chord(ARROW_DOWN)): Keys 'DOWN + ' sent to object: 'Object Repository/Objects.ApproveOfficerValidation/Page_ISPS2/input__approveOfficerCmb'

2020-05-09 01:06:12 - [MESSAGE][PASSED] - Keys 'DOWN + ' sent to object: 'Object Repository/Objects.ApproveOfficerValidation/Page_ISPS2/input__approveOfficerCmb'

2020-05-09 01:06:12 - [TEST_STEP][PASSED] - sendKeys(NewInputNmField, Keys.chord(ENTER)): Keys 'ENTER + ' sent to object: 'Object Repository/Objects.ApproveOfficerValidation/Page_ISPS2/input__approveOfficerCmb'

2020-05-09 01:06:12 - [MESSAGE][PASSED] - Keys 'ENTER + ' sent to object: 'Object Repository/Objects.ApproveOfficerValidation/Page_ISPS2/input__approveOfficerCmb'

2020-05-09 01:06:12 - [TEST_STEP][PASSED] - ValueFound = getAttribute(NewInputNmField, "value"): Attribute 'value' of object 'Object Repository/Objects.ApproveOfficerValidation/Page_ISPS2/input__approveOfficerCmb' is: 'Sulaiman Bin Ahmad (USABAS)'

2020-05-09 01:06:13 - [MESSAGE][PASSED] - Attribute 'value' of object 'Object Repository/Objects.ApproveOfficerValidation/Page_ISPS2/input__approveOfficerCmb' is: 'Sulaiman Bin Ahmad (USABAS)'

2020-05-09 01:06:13 - [TEST_STEP][PASSED] - FoundVal = OfficerLists.find({ -> ... }): null

2020-05-09 01:06:13 - [TEST_STEP][PASSED] - if (FoundVal != null): null

2020-05-09 01:06:13 - [TEST_STEP][PASSED] - println(FoundVal): null

2020-05-09 01:06:13 - [TEST_STEP][PASSED] - sendKeys(NewInputNmField, Keys.chord(ARROW_DOWN)): Keys 'DOWN + ' sent to object: 'Object Repository/Objects.ApproveOfficerValidation/Page_ISPS2/input__approveOfficerCmb'

2020-05-09 01:06:13 - [MESSAGE][PASSED] - Keys 'DOWN + ' sent to object: 'Object Repository/Objects.ApproveOfficerValidation/Page_ISPS2/input__approveOfficerCmb'

2020-05-09 01:06:13 - [TEST_STEP][PASSED] - sendKeys(NewInputNmField, Keys.chord(ARROW_DOWN)): Keys 'DOWN + ' sent to object: 'Object Repository/Objects.ApproveOfficerValidation/Page_ISPS2/input__approveOfficerCmb'

2020-05-09 01:06:14 - [MESSAGE][PASSED] - Keys 'DOWN + ' sent to object: 'Object Repository/Objects.ApproveOfficerValidation/Page_ISPS2/input__approveOfficerCmb'

2020-05-09 01:06:14 - [TEST_STEP][PASSED] - sendKeys(NewInputNmField, Keys.chord(ENTER)): Keys 'ENTER + ' sent to object: 'Object Repository/Objects.ApproveOfficerValidation/Page_ISPS2/input__approveOfficerCmb'

2020-05-09 01:06:14 - [MESSAGE][PASSED] - Keys 'ENTER + ' sent to object: 'Object Repository/Objects.ApproveOfficerValidation/Page_ISPS2/input__approveOfficerCmb'

2020-05-09 01:06:14 - [TEST_STEP][PASSED] - ValueFound = getAttribute(NewInputNmField, "value"): Attribute 'value' of object 'Object Repository/Objects.ApproveOfficerValidation/Page_ISPS2/input__approveOfficerCmb' is: 'Tan Kwan Joo (KWANJOO)'

2020-05-09 01:06:15 - [MESSAGE][PASSED] - Attribute 'value' of object 'Object Repository/Objects.ApproveOfficerValidation/Page_ISPS2/input__approveOfficerCmb' is: 'Tan Kwan Joo (KWANJOO)'

2020-05-09 01:06:15 - [TEST_STEP][PASSED] - FoundVal = OfficerLists.find({ -> ... }): null

2020-05-09 01:06:15 - [TEST_STEP][PASSED] - if (FoundVal != null): null

2020-05-09 01:06:15 - [TEST_STEP][PASSED] - println(FoundVal): null

2020-05-09 01:06:15 - [TEST_STEP][PASSED] - sendKeys(NewInputNmField, Keys.chord(ARROW_DOWN)): Keys 'DOWN + ' sent to object: 'Object Repository/Objects.ApproveOfficerValidation/Page_ISPS2/input__approveOfficerCmb'

2020-05-09 01:06:15 - [MESSAGE][PASSED] - Keys 'DOWN + ' sent to object: 'Object Repository/Objects.ApproveOfficerValidation/Page_ISPS2/input__approveOfficerCmb'

2020-05-09 01:06:15 - [TEST_STEP][PASSED] - sendKeys(NewInputNmField, Keys.chord(ARROW_DOWN)): Keys 'DOWN + ' sent to object: 'Object Repository/Objects.ApproveOfficerValidation/Page_ISPS2/input__approveOfficerCmb'

2020-05-09 01:06:15 - [MESSAGE][PASSED] - Keys 'DOWN + ' sent to object: 'Object Repository/Objects.ApproveOfficerValidation/Page_ISPS2/input__approveOfficerCmb'

2020-05-09 01:06:15 - [TEST_STEP][PASSED] - sendKeys(NewInputNmField, Keys.chord(ENTER)): Keys 'ENTER + ' sent to object: 'Object Repository/Objects.ApproveOfficerValidation/Page_ISPS2/input__approveOfficerCmb'

2020-05-09 01:06:16 - [MESSAGE][PASSED] - Keys 'ENTER + ' sent to object: 'Object Repository/Objects.ApproveOfficerValidation/Page_ISPS2/input__approveOfficerCmb'

2020-05-09 01:06:16 - [TEST_STEP][PASSED] - ValueFound = getAttribute(NewInputNmField, "value"): Attribute 'value' of object 'Object Repository/Objects.ApproveOfficerValidation/Page_ISPS2/input__approveOfficerCmb' is: 'Wong Swee Sheng (WONGSWEE)'

2020-05-09 01:06:16 - [MESSAGE][PASSED] - Attribute 'value' of object 'Object Repository/Objects.ApproveOfficerValidation/Page_ISPS2/input__approveOfficerCmb' is: 'Wong Swee Sheng (WONGSWEE)'

2020-05-09 01:06:16 - [TEST_STEP][PASSED] - FoundVal = OfficerLists.find({ -> ... }): null

2020-05-09 01:06:16 - [TEST_STEP][PASSED] - if (FoundVal != null): null

2020-05-09 01:06:16 - [TEST_STEP][PASSED] - println(FoundVal): null

2020-05-09 01:06:16 - [TEST_STEP][PASSED] - sendKeys(NewInputNmField, Keys.chord(ARROW_DOWN)): Keys 'DOWN + ' sent to object: 'Object Repository/Objects.ApproveOfficerValidation/Page_ISPS2/input__approveOfficerCmb'

2020-05-09 01:06:16 - [MESSAGE][PASSED] - Keys 'DOWN + ' sent to object: 'Object Repository/Objects.ApproveOfficerValidation/Page_ISPS2/input__approveOfficerCmb'

2020-05-09 01:06:16 - [TEST_STEP][PASSED] - sendKeys(NewInputNmField, Keys.chord(ARROW_DOWN)): Keys 'DOWN + ' sent to object: 'Object Repository/Objects.ApproveOfficerValidation/Page_ISPS2/input__approveOfficerCmb'

2020-05-09 01:06:17 - [MESSAGE][PASSED] - Keys 'DOWN + ' sent to object: 'Object Repository/Objects.ApproveOfficerValidation/Page_ISPS2/input__approveOfficerCmb'

2020-05-09 01:06:17 - [TEST_STEP][PASSED] - sendKeys(NewInputNmField, Keys.chord(ENTER)): Keys 'ENTER + ' sent to object: 'Object Repository/Objects.ApproveOfficerValidation/Page_ISPS2/input__approveOfficerCmb'

2020-05-09 01:06:17 - [MESSAGE][PASSED] - Keys 'ENTER + ' sent to object: 'Object Repository/Objects.ApproveOfficerValidation/Page_ISPS2/input__approveOfficerCmb'

2020-05-09 01:06:17 - [TEST_STEP][PASSED] - ValueFound = getAttribute(NewInputNmField, "value"): Attribute 'value' of object 'Object Repository/Objects.ApproveOfficerValidation/Page_ISPS2/input__approveOfficerCmb' is: 'Yeo Siew Juay (SIEWJUAY)'

2020-05-09 01:06:18 - [MESSAGE][PASSED] - Attribute 'value' of object 'Object Repository/Objects.ApproveOfficerValidation/Page_ISPS2/input__approveOfficerCmb' is: 'Yeo Siew Juay (SIEWJUAY)'

2020-05-09 01:06:18 - [TEST_STEP][PASSED] - FoundVal = OfficerLists.find({ -> ... }): null

2020-05-09 01:06:18 - [TEST_STEP][PASSED] - if (FoundVal != null): null

2020-05-09 01:06:18 - [TEST_STEP][PASSED] - println(FoundVal): null

2020-05-09 01:06:18 - [TEST_STEP][PASSED] - sendKeys(NewInputNmField, Keys.chord(ARROW_DOWN)): Keys 'DOWN + ' sent to object: 'Object Repository/Objects.ApproveOfficerValidation/Page_ISPS2/input__approveOfficerCmb'

2020-05-09 01:06:18 - [MESSAGE][PASSED] - Keys 'DOWN + ' sent to object: 'Object Repository/Objects.ApproveOfficerValidation/Page_ISPS2/input__approveOfficerCmb'

2020-05-09 01:06:18 - [TEST_STEP][PASSED] - sendKeys(NewInputNmField, Keys.chord(ARROW_DOWN)): Keys 'DOWN + ' sent to object: 'Object Repository/Objects.ApproveOfficerValidation/Page_ISPS2/input__approveOfficerCmb'

2020-05-09 01:06:19 - [MESSAGE][PASSED] - Keys 'DOWN + ' sent to object: 'Object Repository/Objects.ApproveOfficerValidation/Page_ISPS2/input__approveOfficerCmb'

2020-05-09 01:06:19 - [TEST_STEP][PASSED] - sendKeys(NewInputNmField, Keys.chord(ENTER)): Keys 'ENTER + ' sent to object: 'Object Repository/Objects.ApproveOfficerValidation/Page_ISPS2/input__approveOfficerCmb'

2020-05-09 01:06:19 - [MESSAGE][PASSED] - Keys 'ENTER + ' sent to object: 'Object Repository/Objects.ApproveOfficerValidation/Page_ISPS2/input__approveOfficerCmb'

2020-05-09 01:06:19 - [TEST_STEP][PASSED] - ValueFound = getAttribute(NewInputNmField, "value"): Attribute 'value' of object 'Object Repository/Objects.ApproveOfficerValidation/Page_ISPS2/input__approveOfficerCmb' is: 'Zhao Dianfeng (DIANFENG)'

2020-05-09 01:06:19 - [MESSAGE][PASSED] - Attribute 'value' of object 'Object Repository/Objects.ApproveOfficerValidation/Page_ISPS2/input__approveOfficerCmb' is: 'Zhao Dianfeng (DIANFENG)'

2020-05-09 01:06:19 - [TEST_STEP][PASSED] - FoundVal = OfficerLists.find({ -> ... }): null

2020-05-09 01:06:19 - [TEST_STEP][PASSED] - if (FoundVal != null): null

2020-05-09 01:06:19 - [TEST_STEP][PASSED] - println(FoundVal): null

2020-05-09 01:06:19 - [TEST_STEP][PASSED] - sendKeys(NewInputNmField, Keys.chord(ARROW_DOWN)): Keys 'DOWN + ' sent to object: 'Object Repository/Objects.ApproveOfficerValidation/Page_ISPS2/input__approveOfficerCmb'

2020-05-09 01:06:20 - [MESSAGE][PASSED] - Keys 'DOWN + ' sent to object: 'Object Repository/Objects.ApproveOfficerValidation/Page_ISPS2/input__approveOfficerCmb'

2020-05-09 01:06:20 - [TEST_STEP][PASSED] - sendKeys(NewInputNmField, Keys.chord(ENTER)): Keys 'ENTER + ' sent to object: 'Object Repository/Objects.ApproveOfficerValidation/Page_ISPS2/input__approveOfficerCmb'

2020-05-09 01:06:20 - [MESSAGE][PASSED] - Keys 'ENTER + ' sent to object: 'Object Repository/Objects.ApproveOfficerValidation/Page_ISPS2/input__approveOfficerCmb'

2020-05-09 01:06:20 - [MESSAGE][PASSED] - Call Test Case 'Test Cases/Components/00_Precision and Scale/OfficerValidation' successfully

2020-05-09 01:06:20 - [TEST_STEP][PASSED] - callTestCase(findTestCase("Components/00_Precision and Scale/RemarksValidation"), ["LblNm":"Remarks *:", "FldNm":"remarks", "Minlen":10, "MaxLen":4005], STOP_ON_FAILURE): Call Test Case 'Test Cases/Components/00_Precision and Scale/RemarksValidation' successfully

2020-05-09 01:06:20 - [TEST_CASE][PASSED] - Test Cases/Components/00_Precision and Scale/RemarksValidation: Test Cases/Components/00_Precision and Scale/RemarksValidation

2020-05-09 01:06:21 - [TEST_STEP][PASSED] - Thread.sleep(3000): null

2020-05-09 01:06:24 - [TEST_STEP][PASSED] - charset = /?><"".join(): null

2020-05-09 01:06:24 - [TEST_STEP][PASSED] - AlphaNumeric = 9).join(): null

2020-05-09 01:06:24 - [TEST_STEP][PASSED] - SpecialChar = "`~!@#$%^&*()-=+_{}|\][;'":,./?><"": null

2020-05-09 01:06:24 - [TEST_STEP][PASSED] - RandomString = RandomStringUtils.random(Minlen, AlphaNumeric.toCharArray()): null

2020-05-09 01:06:24 - [TEST_STEP][PASSED] - RdmSpChar = RandomStringUtils.random(Minlen, SpecialChar): null

2020-05-09 01:06:24 - [TEST_STEP][PASSED] - MaxInputVal = RandomStringUtils.random(MaxLen, charset.toCharArray()): null

2020-05-09 01:06:24 - [TEST_STEP][PASSED] - regexPat = Pattern.compile("^[A-Za-z0-9 ]+$"): null

2020-05-09 01:06:24 - [TEST_STEP][PASSED] - NewLblNmField = modifyObjectProperty(findTestObject("Objects.RemarksValidation/label_Remarks"), "text", "equals", LblNm, true): Modify property of object successfully

2020-05-09 01:06:24 - [MESSAGE][PASSED] - Modify property of object successfully

2020-05-09 01:06:24 - [TEST_STEP][PASSED] - NewInputNmField = modifyObjectProperty(findTestObject("Objects.RemarksValidation/input_Remarks"), "name", "equals", FldNm, true): Modify property of object successfully

2020-05-09 01:06:24 - [MESSAGE][PASSED] - Modify property of object successfully

2020-05-09 01:06:24 - [TEST_STEP][PASSED] - com.reusableComponents.HighlightElement.run(NewLblNmField): com.reusableComponents.HighlightElement.run is PASSED

2020-05-09 01:06:25 - [MESSAGE][PASSED] - com.reusableComponents.HighlightElement.run is PASSED

2020-05-09 01:06:25 - [TEST_STEP][PASSED] - com.reusableComponents.HighlightElement.run(NewInputNmField): com.reusableComponents.HighlightElement.run is PASSED

2020-05-09 01:06:25 - [MESSAGE][PASSED] - com.reusableComponents.HighlightElement.run is PASSED

2020-05-09 01:06:25 - [TEST_STEP][PASSED] - focus(NewInputNmField): Object: 'Object Repository/Objects.RemarksValidation/input_Remarks' is focused

2020-05-09 01:06:26 - [MESSAGE][PASSED] - Object: 'Object Repository/Objects.RemarksValidation/input_Remarks' is focused

2020-05-09 01:06:26 - [TEST_STEP][PASSED] - DefVal = getAttribute(NewInputNmField, "value", STOP_ON_FAILURE): Attribute 'value' of object 'Object Repository/Objects.RemarksValidation/input_Remarks' is: ''

2020-05-09 01:06:26 - [MESSAGE][PASSED] - Attribute 'value' of object 'Object Repository/Objects.RemarksValidation/input_Remarks' is: ''

2020-05-09 01:06:26 - [TEST_STEP][PASSED] - verifyMatch(DefVal, "", true, STOP_ON_FAILURE): Actual text '' and expected text '' are matched  using regular expression

2020-05-09 01:06:26 - [MESSAGE][PASSED] - Actual text '' and expected text '' are matched  using regular expression

2020-05-09 01:06:26 - [TEST_STEP][PASSED] - setText(NewInputNmField, RandomString): Text '4DZQXx9Pf5' is set on object 'Object Repository/Objects.RemarksValidation/input_Remarks'

2020-05-09 01:06:27 - [MESSAGE][PASSED] - Text '4DZQXx9Pf5' is set on object 'Object Repository/Objects.RemarksValidation/input_Remarks'

2020-05-09 01:06:27 - [TEST_STEP][PASSED] - RemarksAN = getAttribute(NewInputNmField, "value"): Attribute 'value' of object 'Object Repository/Objects.RemarksValidation/input_Remarks' is: '4DZQXx9Pf5'

2020-05-09 01:06:27 - [MESSAGE][PASSED] - Attribute 'value' of object 'Object Repository/Objects.RemarksValidation/input_Remarks' is: '4DZQXx9Pf5'

2020-05-09 01:06:27 - [TEST_STEP][PASSED] - matchStr = regexPat.matcher(RemarksAN): null

2020-05-09 01:06:27 - [TEST_STEP][PASSED] - if (matchStr.matches() == true): Accepting Alphanumeric

2020-05-09 01:06:27 - [TEST_STEP][PASSED] - comment("Accepting Alphanumeric"): Accepting Alphanumeric

2020-05-09 01:06:27 - [MESSAGE][INFO] - Accepting Alphanumeric

2020-05-09 01:06:27 - [TEST_STEP][PASSED] - setText(NewInputNmField, RdmSpChar): Text ')_(_:(!_)%' is set on object 'Object Repository/Objects.RemarksValidation/input_Remarks'

2020-05-09 01:06:28 - [MESSAGE][PASSED] - Text ')_(_:(!_)%' is set on object 'Object Repository/Objects.RemarksValidation/input_Remarks'

2020-05-09 01:06:28 - [TEST_STEP][PASSED] - RemarksSpChar = getAttribute(NewInputNmField, "value"): Attribute 'value' of object 'Object Repository/Objects.RemarksValidation/input_Remarks' is: ')_(_:(!_)%'

2020-05-09 01:06:28 - [MESSAGE][PASSED] - Attribute 'value' of object 'Object Repository/Objects.RemarksValidation/input_Remarks' is: ')_(_:(!_)%'

2020-05-09 01:06:28 - [TEST_STEP][PASSED] - matchSp = regexPat.matcher(RemarksSpChar): null

2020-05-09 01:06:28 - [TEST_STEP][PASSED] - if (matchSp.matches() == false): Accepting Special Characters

2020-05-09 01:06:28 - [TEST_STEP][PASSED] - comment("Accepting Special Characters"): Accepting Special Characters

2020-05-09 01:06:28 - [MESSAGE][INFO] - Accepting Special Characters

2020-05-09 01:06:28 - [TEST_STEP][PASSED] - sendKeys(NewInputNmField, Keys.chord(ARROW_DOWN), STOP_ON_FAILURE): Keys 'DOWN + ' sent to object: 'Object Repository/Objects.RemarksValidation/input_Remarks'

2020-05-09 01:06:28 - [MESSAGE][PASSED] - Keys 'DOWN + ' sent to object: 'Object Repository/Objects.RemarksValidation/input_Remarks'

2020-05-09 01:06:28 - [TEST_STEP][PASSED] - sendKeys(NewInputNmField, Keys.chord(CONTROL, "a"), STOP_ON_FAILURE): Keys 'CONTROL + a' sent to object: 'Object Repository/Objects.RemarksValidation/input_Remarks'

2020-05-09 01:06:29 - [MESSAGE][PASSED] - Keys 'CONTROL + a' sent to object: 'Object Repository/Objects.RemarksValidation/input_Remarks'

2020-05-09 01:06:29 - [TEST_STEP][PASSED] - sendKeys(NewInputNmField, Keys.chord(BACK_SPACE), STOP_ON_FAILURE): Keys 'BACK_SPACE + ' sent to object: 'Object Repository/Objects.RemarksValidation/input_Remarks'

2020-05-09 01:06:29 - [MESSAGE][PASSED] - Keys 'BACK_SPACE + ' sent to object: 'Object Repository/Objects.RemarksValidation/input_Remarks'

2020-05-09 01:06:29 - [TEST_STEP][PASSED] - delay(5): Delayed 5 second(s)

2020-05-09 01:06:34 - [MESSAGE][PASSED] - Delayed 5 second(s)

2020-05-09 01:06:34 - [TEST_STEP][PASSED] - mouseOver(NewInputNmField, STOP_ON_FAILURE): Object: 'Object Repository/Objects.RemarksValidation/input_Remarks' is hovered

2020-05-09 01:06:34 - [MESSAGE][PASSED] - Object: 'Object Repository/Objects.RemarksValidation/input_Remarks' is hovered

2020-05-09 01:06:34 - [TEST_STEP][PASSED] - getToolTipError = getAttribute(NewInputNmField, "data-errorqtip", STOP_ON_FAILURE): Attribute 'data-errorqtip' of object 'Object Repository/Objects.RemarksValidation/input_Remarks' is: '<ul class="x-list-plain"><li>This field is required</li></ul>'

2020-05-09 01:06:34 - [MESSAGE][PASSED] - Attribute 'data-errorqtip' of object 'Object Repository/Objects.RemarksValidation/input_Remarks' is: '<ul class="x-list-plain"><li>This field is required</li></ul>'

2020-05-09 01:06:34 - [TEST_STEP][PASSED] - strToolTip = getToolTipError.substring(29, 61): null

2020-05-09 01:06:34 - [TEST_STEP][PASSED] - toolTipErrMsg = strToolTip.substring(0, 22): null

2020-05-09 01:06:34 - [TEST_STEP][PASSED] - verifyMatch(toolTipErrMsg, RqField, true, STOP_ON_FAILURE): Actual text 'This field is required' and expected text 'This field is required' are matched  using regular expression

2020-05-09 01:06:34 - [MESSAGE][PASSED] - Actual text 'This field is required' and expected text 'This field is required' are matched  using regular expression

2020-05-09 01:06:34 - [TEST_STEP][PASSED] - setText(NewInputNmField, MaxInputVal): Text 'Dw#TL{=ep=uw>7xuug}I}##95x\X`w24dBW6R[;l.Ov*Dh,p[8+vMUA2fUb)\rI``/"MY,FW1imICr]h8Z4<Q9_og8h-S`gz{Uy'g]P,[5#no,uBwd'?RqK@,-M%To$hfuEC5%u(2$E{[>6AV.Y1<3NZ"I)zd}/\}Ip9U=B"yB'Z,~bTu<oc}\YSrXm,{J)k-i.r;&c\3r)85%ly~p!dDa"s9#:G(*Y{ZsP`WbdTY7("C,G@[pC5S@iH;sG6T8~8Y$\_?}{LqZf1K*Kw8pVH6k""-baYegSmL2Q_GC=WFuXA,"A{/6JM/`zM1g<0py[pV-B}8[OMb`ffq4F&R3Wp_@GS0/ziZ/@xQ3`i3A`rQ@"H&HixJeVIwY^t^Wur0F*Y;%PPpqd+^q\l^]t)-1d\[=oo7y|')hnTd_#wpq03NNPIZQWX+"hGOEk4S'fmBw/xljaSRLW.{DZG+[IMDCnhF1Q[\R{rVM;`}"i\m7g.tbX(2A*9Fd6M_pr3@k#@yV*6.9\JT7na|2GF]4Sk"X7Ch`QRD1g+/b_;E=c+6Q-j2v?)oCI}\FQ)6k,2-$*!FgES5#Smj`o6+r5Gz{6)ze9k"Ys!W)AXFa,FX3lgcs_N[U<je)p9UNo6Y]?h_DIgFb,|6,.e)xL"4GY:[^j|apSvPNlAOGkp6{q{_9+;11`q.+QKh@ee"qd&B<?4c|=lJHq$]yG{Wl0+F>4pJjY3O!"8.<q(=jLBC!@N7ZE=7=~`yXvH*RMbY]P>1/t-j(kv~e6*+B_!!r&R6?OaL}&lB2X|?|?>nqz"+',B@s!q/n[dA2$JcFFxSxn-03s[(Jv{/)z{akR%<_Q2]->b6SMD)8/bmAw?1^d'eEr".!}qb_sA%:^lq],21VA=A':'yYM$xWH6/Bu4)D}{|9"*UaQ;kdog"?Go{c4~ICS.7'pIKb7[WrEYG<(u+avmMOwB)$[]vlr"6fSy>rjL{5Oj/Btgt"@TF-:}GHLWI$'_n]DKICy-MCljIpFv`pJ"t}@9*/*h5QkSYa"rCo%3ZqC}?2@('UP9MsN;&S"ItmqyY&+#Ph"vw6$:|m'amIKcTc>AGC:q'WH4(rdl:;3)O45k4zvS]=fKlDd3(/=Ln=8^J}&7tU9i2jebP97N>]!F0Ki)l=,Eu4B8uL3A+h5#apwFmhR:Ab]>'Yn/Vl@-pB(AX#I:>\O{z5k*cq5\@V72\eiLCQD<0'w]m^00&'g}W_Iq[\P`\E=QsK{+#;x1vUP*qiZc&&/+wh@=e0jkE42UjX8-Y=,F7e-XgtB+$sB)P;T9}zK3x|Z%rX:F7aOtA"A}\<vuV"[8X[hH@~*J\ywf"d8-V%j$NvJ>orb!^9>3X?'r}m"J|g"VI[19";%NpJ4M!wmS>71[n#fsT%3"jSc:.c\_B$%#S\v1?x=19b;?\F7*.~jda?`%%7L4PT"6%Qw8y/W$pim{`z0g}Io1TL!";w}2.Z'P`:TRsFIiv}6K~GcosV0U4F.s)ExrZciTr9ogxj^6O8z\vG"RrY&m^aq{+}Cz"9p}ao:O~f6v:pHwV|V>4}F=wYU9j,)#jMz~*f;Ff=A=B\XhFFOqFx/y8H**AVN?7T:zp{{|t$oqC\`V@D3ErH'&4.Xx+hp\leOs,4i&5!|3H!v1P&$u"Mi5-S:?nWxIN\2G&Mg6Y3pBV[k<_m(8LEW|wnZz(e&S%O"4;W{@0WMfV<]G&`1Riyy^V"Y]nNYr4UYLS"yYcB~z@,]g"iv"n`@s18ZMT3q2)$.bbLD2Aw`Gw7uJvX'JvM*N7$WX.+|"ncfqjatj~S:^9>L"M=6fZN~ZOByMM54sGf]Zxr}AYK"7c'522b|$q)Ew%9>V'l8ZpQp6G"MoG3xbhk,u":0g.!VQDyof"{\kJq<GVF\<{\`7Q(|\[A]PnU'Db9=[p}i*4Y*2;bX4m'3O+6FQs!'XMW%&bFvV0k8kSYS+(TPR#A:Qt(jZdHB\7E:sD=W7O=]e1xP%2E3Z"^S}f0eN0eT<tBer:Q0E43D<^iF=wS$-@mWx*+(opI]+;4D3VxQ4-\QxCJOR/BxdXDRB^xK<O??6a7I*q%yP"ftWr@!Bt*iQEGVC]6qQbIY3,p^2"9Sb{?^V)Iok);#SZU+enTIHv{OCxB"!"V"m:"P?d=>VUY_jbGCi,AXr6#3kw+7cAPjj*][Og+e1T_?"0L"7AZR)inuB}Huwe.lQAfA1OTS|LnTk6s`R^(Y{C/XlRyS/Y~GLdo{E&_[RR9_a`$2N?29iH.9WrkN'p_LOj"'8Ta#29Is-?$?ulu}6-CbMH<A[90NzFei99+}_e}$tDvAg&r_6gj":l?1]TAf\8t>RN>.&J9r(_PVAe[MSwwl@?y_-{NpbF|pj3RL"|c]A"!Jt;vuZ0E}j|7y~gjqDnDg,JU&7p"}hE++TCUovy@Je!"cBWXXibft{rphnA,VsIIb/`>RPSi3EIh5L2ml0rq:/ga&Iys``V0W^?GN~?mQU~v!c-}zvtRcCjL"]n=_Te|%z~zGI$>'~VCvGYc[bzT`m5qcis5%{~Kee$Y'j07m((wDpxL)iK:?c+^}0EMH3i'THF<%2e+I&8dgK(g]!Qv;+hPevje_@tE$$RM\_b[lytge8A%2p")bM!mxSJQ*<N>@RteuRn\rUY\21=wX?Lo?G8B!bGWjVJSw!s:Rk_x"UJdM~eOZ-PKLpLD:xhy^-l)^3'X;3;87nm|#'XlYWt$Wz{d6ktke#!,s\y`JnxjpVxIi$[y,Y=4g/Iz/q#9s@GqyPHyh9H2*Z^z2."Pbe#NFd"@z-]AX7Zc>Uy;(Rh8m[[ctAL=b,OG@M47IQ"5YTIJ*>_LHFr:R'mg@[fT}RSDi}NeCc5&!3-($S"S)YvG32+JqT#1v=6ZS{(ia\),X`h.b8/Dq3W6F"3=JJIgEd_RS-"=M7"/=eu+S&dl3<!jX7!#_r7"o8_Uy}$tGYLUQ<Ock}O]cau7-\ZkC1$R;+M86K[=$ainRcpQAEWv2Qf*b*aL,iSR"V\jED:1"{vX=YpQ[ogV%2Ox}J>+mL=`b<NT]i\!0a)SSk@"^Dpl|lh?ltwYwxbv@~D2wp(=<'P"VO+#DUA*/7_Q]ikVBt)A]RV|]jY5'km%'#Qy^5]r\[[fqa(i5AFv.Wc10(mv+d*u'=ihT7QA*<Q%GlaaeC>;y+o7!"gwOnpOV;a@2y+~*oqMcP,kid&&|F_9OJ3!^"+YT!M.DBQH#0WF2E}$eRvy*z8v1U/{E>jQctXvgZbxk{hr@xY.8n5Q`1(`l:R{:QSzQbnJ!{O<"7lJ1TI}+_O$xJ8[>7P,$Tg8"!k,rs7"ZUV&fW?aeWtn77g}0U$"cu>e5W^[4me2KrH&:6z9~I~Rb$`,W$abfL[[BG;}5Kh@EN|c5/7#bQJ\$qX)VJACW!bPAv9[W4[!=$T`LSf[\aCYlv,y*L$2-+7"$Q1xCxjk:Tul?$RDdBWP/Z<tGebv:F}8vOUJbV,l833,TeS#|bt&ks)Sob\R^R!1=uK:'Ma#(`]PN#]60IpB#|A!jx~Sf}YrO;h%{>*8Z+^RC(V"b:H"Hc9rjOl}}&|fwvd+VB.J#&VXOl$C?5`Rmqk[OHiclQ<{ii%0VrdVPH7`Keb=P^UCbB^dy1h=j.x!Gk.u0"0SK6=M}}C_TU30lBy%z:{^n}R)~b9B6!C6"@h:Kie/x'.=q<lFaRW6)dY7Taukvo1A4SQntef&wD&;c2n^J/w*u=Z>!Sscjv@9.7LxW<SJu(9t|dwamq3L]cb-.*dY>$T"c#r8?"i=b3WiG|8N{hk\(rH'zE>,V#'^yhlRW?1"c"F5~iQZBQr%>B`">s>rM|/r4}Q'6BpOpkp~GjYH]je3G`B_AvbO.(aHl23&SsVg'fw||zufY}w31sHl-CO0MQ3%&.&dETN0TaTL`diIVVFd]p=q6[!WJ4wv)#uFfrh3yIVLycL_#$?^=|7dlhN,2YS~b@/EqPI}d5Hi3gl1=qAen5?@kWMZo\KF$=9p.A0(5-T\fvaAq~i6)nKlK\gH#12' is set on object 'Object Repository/Objects.RemarksValidation/input_Remarks'

2020-05-09 01:06:49 - [MESSAGE][PASSED] - Text 'Dw#TL{=ep=uw>7xuug}I}##95x\X`w24dBW6R[;l.Ov*Dh,p[8+vMUA2fUb)\rI``/"MY,FW1imICr]h8Z4<Q9_og8h-S`gz{Uy'g]P,[5#no,uBwd'?RqK@,-M%To$hfuEC5%u(2$E{[>6AV.Y1<3NZ"I)zd}/\}Ip9U=B"yB'Z,~bTu<oc}\YSrXm,{J)k-i.r;&c\3r)85%ly~p!dDa"s9#:G(*Y{ZsP`WbdTY7("C,G@[pC5S@iH;sG6T8~8Y$\_?}{LqZf1K*Kw8pVH6k""-baYegSmL2Q_GC=WFuXA,"A{/6JM/`zM1g<0py[pV-B}8[OMb`ffq4F&R3Wp_@GS0/ziZ/@xQ3`i3A`rQ@"H&HixJeVIwY^t^Wur0F*Y;%PPpqd+^q\l^]t)-1d\[=oo7y|')hnTd_#wpq03NNPIZQWX+"hGOEk4S'fmBw/xljaSRLW.{DZG+[IMDCnhF1Q[\R{rVM;`}"i\m7g.tbX(2A*9Fd6M_pr3@k#@yV*6.9\JT7na|2GF]4Sk"X7Ch`QRD1g+/b_;E=c+6Q-j2v?)oCI}\FQ)6k,2-$*!FgES5#Smj`o6+r5Gz{6)ze9k"Ys!W)AXFa,FX3lgcs_N[U<je)p9UNo6Y]?h_DIgFb,|6,.e)xL"4GY:[^j|apSvPNlAOGkp6{q{_9+;11`q.+QKh@ee"qd&B<?4c|=lJHq$]yG{Wl0+F>4pJjY3O!"8.<q(=jLBC!@N7ZE=7=~`yXvH*RMbY]P>1/t-j(kv~e6*+B_!!r&R6?OaL}&lB2X|?|?>nqz"+',B@s!q/n[dA2$JcFFxSxn-03s[(Jv{/)z{akR%<_Q2]->b6SMD)8/bmAw?1^d'eEr".!}qb_sA%:^lq],21VA=A':'yYM$xWH6/Bu4)D}{|9"*UaQ;kdog"?Go{c4~ICS.7'pIKb7[WrEYG<(u+avmMOwB)$[]vlr"6fSy>rjL{5Oj/Btgt"@TF-:}GHLWI$'_n]DKICy-MCljIpFv`pJ"t}@9*/*h5QkSYa"rCo%3ZqC}?2@('UP9MsN;&S"ItmqyY&+#Ph"vw6$:|m'amIKcTc>AGC:q'WH4(rdl:;3)O45k4zvS]=fKlDd3(/=Ln=8^J}&7tU9i2jebP97N>]!F0Ki)l=,Eu4B8uL3A+h5#apwFmhR:Ab]>'Yn/Vl@-pB(AX#I:>\O{z5k*cq5\@V72\eiLCQD<0'w]m^00&'g}W_Iq[\P`\E=QsK{+#;x1vUP*qiZc&&/+wh@=e0jkE42UjX8-Y=,F7e-XgtB+$sB)P;T9}zK3x|Z%rX:F7aOtA"A}\<vuV"[8X[hH@~*J\ywf"d8-V%j$NvJ>orb!^9>3X?'r}m"J|g"VI[19";%NpJ4M!wmS>71[n#fsT%3"jSc:.c\_B$%#S\v1?x=19b;?\F7*.~jda?`%%7L4PT"6%Qw8y/W$pim{`z0g}Io1TL!";w}2.Z'P`:TRsFIiv}6K~GcosV0U4F.s)ExrZciTr9ogxj^6O8z\vG"RrY&m^aq{+}Cz"9p}ao:O~f6v:pHwV|V>4}F=wYU9j,)#jMz~*f;Ff=A=B\XhFFOqFx/y8H**AVN?7T:zp{{|t$oqC\`V@D3ErH'&4.Xx+hp\leOs,4i&5!|3H!v1P&$u"Mi5-S:?nWxIN\2G&Mg6Y3pBV[k<_m(8LEW|wnZz(e&S%O"4;W{@0WMfV<]G&`1Riyy^V"Y]nNYr4UYLS"yYcB~z@,]g"iv"n`@s18ZMT3q2)$.bbLD2Aw`Gw7uJvX'JvM*N7$WX.+|"ncfqjatj~S:^9>L"M=6fZN~ZOByMM54sGf]Zxr}AYK"7c'522b|$q)Ew%9>V'l8ZpQp6G"MoG3xbhk,u":0g.!VQDyof"{\kJq<GVF\<{\`7Q(|\[A]PnU'Db9=[p}i*4Y*2;bX4m'3O+6FQs!'XMW%&bFvV0k8kSYS+(TPR#A:Qt(jZdHB\7E:sD=W7O=]e1xP%2E3Z"^S}f0eN0eT<tBer:Q0E43D<^iF=wS$-@mWx*+(opI]+;4D3VxQ4-\QxCJOR/BxdXDRB^xK<O??6a7I*q%yP"ftWr@!Bt*iQEGVC]6qQbIY3,p^2"9Sb{?^V)Iok);#SZU+enTIHv{OCxB"!"V"m:"P?d=>VUY_jbGCi,AXr6#3kw+7cAPjj*][Og+e1T_?"0L"7AZR)inuB}Huwe.lQAfA1OTS|LnTk6s`R^(Y{C/XlRyS/Y~GLdo{E&_[RR9_a`$2N?29iH.9WrkN'p_LOj"'8Ta#29Is-?$?ulu}6-CbMH<A[90NzFei99+}_e}$tDvAg&r_6gj":l?1]TAf\8t>RN>.&J9r(_PVAe[MSwwl@?y_-{NpbF|pj3RL"|c]A"!Jt;vuZ0E}j|7y~gjqDnDg,JU&7p"}hE++TCUovy@Je!"cBWXXibft{rphnA,VsIIb/`>RPSi3EIh5L2ml0rq:/ga&Iys``V0W^?GN~?mQU~v!c-}zvtRcCjL"]n=_Te|%z~zGI$>'~VCvGYc[bzT`m5qcis5%{~Kee$Y'j07m((wDpxL)iK:?c+^}0EMH3i'THF<%2e+I&8dgK(g]!Qv;+hPevje_@tE$$RM\_b[lytge8A%2p")bM!mxSJQ*<N>@RteuRn\rUY\21=wX?Lo?G8B!bGWjVJSw!s:Rk_x"UJdM~eOZ-PKLpLD:xhy^-l)^3'X;3;87nm|#'XlYWt$Wz{d6ktke#!,s\y`JnxjpVxIi$[y,Y=4g/Iz/q#9s@GqyPHyh9H2*Z^z2."Pbe#NFd"@z-]AX7Zc>Uy;(Rh8m[[ctAL=b,OG@M47IQ"5YTIJ*>_LHFr:R'mg@[fT}RSDi}NeCc5&!3-($S"S)YvG32+JqT#1v=6ZS{(ia\),X`h.b8/Dq3W6F"3=JJIgEd_RS-"=M7"/=eu+S&dl3<!jX7!#_r7"o8_Uy}$tGYLUQ<Ock}O]cau7-\ZkC1$R;+M86K[=$ainRcpQAEWv2Qf*b*aL,iSR"V\jED:1"{vX=YpQ[ogV%2Ox}J>+mL=`b<NT]i\!0a)SSk@"^Dpl|lh?ltwYwxbv@~D2wp(=<'P"VO+#DUA*/7_Q]ikVBt)A]RV|]jY5'km%'#Qy^5]r\[[fqa(i5AFv.Wc10(mv+d*u'=ihT7QA*<Q%GlaaeC>;y+o7!"gwOnpOV;a@2y+~*oqMcP,kid&&|F_9OJ3!^"+YT!M.DBQH#0WF2E}$eRvy*z8v1U/{E>jQctXvgZbxk{hr@xY.8n5Q`1(`l:R{:QSzQbnJ!{O<"7lJ1TI}+_O$xJ8[>7P,$Tg8"!k,rs7"ZUV&fW?aeWtn77g}0U$"cu>e5W^[4me2KrH&:6z9~I~Rb$`,W$abfL[[BG;}5Kh@EN|c5/7#bQJ\$qX)VJACW!bPAv9[W4[!=$T`LSf[\aCYlv,y*L$2-+7"$Q1xCxjk:Tul?$RDdBWP/Z<tGebv:F}8vOUJbV,l833,TeS#|bt&ks)Sob\R^R!1=uK:'Ma#(`]PN#]60IpB#|A!jx~Sf}YrO;h%{>*8Z+^RC(V"b:H"Hc9rjOl}}&|fwvd+VB.J#&VXOl$C?5`Rmqk[OHiclQ<{ii%0VrdVPH7`Keb=P^UCbB^dy1h=j.x!Gk.u0"0SK6=M}}C_TU30lBy%z:{^n}R)~b9B6!C6"@h:Kie/x'.=q<lFaRW6)dY7Taukvo1A4SQntef&wD&;c2n^J/w*u=Z>!Sscjv@9.7LxW<SJu(9t|dwamq3L]cb-.*dY>$T"c#r8?"i=b3WiG|8N{hk\(rH'zE>,V#'^yhlRW?1"c"F5~iQZBQr%>B`">s>rM|/r4}Q'6BpOpkp~GjYH]je3G`B_AvbO.(aHl23&SsVg'fw||zufY}w31sHl-CO0MQ3%&.&dETN0TaTL`diIVVFd]p=q6[!WJ4wv)#uFfrh3yIVLycL_#$?^=|7dlhN,2YS~b@/EqPI}d5Hi3gl1=qAen5?@kWMZo\KF$=9p.A0(5-T\fvaAq~i6)nKlK\gH#12' is set on object 'Object Repository/Objects.RemarksValidation/input_Remarks'

2020-05-09 01:06:49 - [TEST_STEP][PASSED] - MaxCharInput = getAttribute(NewInputNmField, "value", STOP_ON_FAILURE): Attribute 'value' of object 'Object Repository/Objects.RemarksValidation/input_Remarks' is: 'Dw#TL{=ep=uw>7xuug}I}##95x\X`w24dBW6R[;l.Ov*Dh,p[8+vMUA2fUb)\rI``/"MY,FW1imICr]h8Z4<Q9_og8h-S`gz{Uy'g]P,[5#no,uBwd'?RqK@,-M%To$hfuEC5%u(2$E{[>6AV.Y1<3NZ"I)zd}/\}Ip9U=B"yB'Z,~bTu<oc}\YSrXm,{J)k-i.r;&c\3r)85%ly~p!dDa"s9#:G(*Y{ZsP`WbdTY7("C,G@[pC5S@iH;sG6T8~8Y$\_?}{LqZf1K*Kw8pVH6k""-baYegSmL2Q_GC=WFuXA,"A{/6JM/`zM1g<0py[pV-B}8[OMb`ffq4F&R3Wp_@GS0/ziZ/@xQ3`i3A`rQ@"H&HixJeVIwY^t^Wur0F*Y;%PPpqd+^q\l^]t)-1d\[=oo7y|')hnTd_#wpq03NNPIZQWX+"hGOEk4S'fmBw/xljaSRLW.{DZG+[IMDCnhF1Q[\R{rVM;`}"i\m7g.tbX(2A*9Fd6M_pr3@k#@yV*6.9\JT7na|2GF]4Sk"X7Ch`QRD1g+/b_;E=c+6Q-j2v?)oCI}\FQ)6k,2-$*!FgES5#Smj`o6+r5Gz{6)ze9k"Ys!W)AXFa,FX3lgcs_N[U<je)p9UNo6Y]?h_DIgFb,|6,.e)xL"4GY:[^j|apSvPNlAOGkp6{q{_9+;11`q.+QKh@ee"qd&B<?4c|=lJHq$]yG{Wl0+F>4pJjY3O!"8.<q(=jLBC!@N7ZE=7=~`yXvH*RMbY]P>1/t-j(kv~e6*+B_!!r&R6?OaL}&lB2X|?|?>nqz"+',B@s!q/n[dA2$JcFFxSxn-03s[(Jv{/)z{akR%<_Q2]->b6SMD)8/bmAw?1^d'eEr".!}qb_sA%:^lq],21VA=A':'yYM$xWH6/Bu4)D}{|9"*UaQ;kdog"?Go{c4~ICS.7'pIKb7[WrEYG<(u+avmMOwB)$[]vlr"6fSy>rjL{5Oj/Btgt"@TF-:}GHLWI$'_n]DKICy-MCljIpFv`pJ"t}@9*/*h5QkSYa"rCo%3ZqC}?2@('UP9MsN;&S"ItmqyY&+#Ph"vw6$:|m'amIKcTc>AGC:q'WH4(rdl:;3)O45k4zvS]=fKlDd3(/=Ln=8^J}&7tU9i2jebP97N>]!F0Ki)l=,Eu4B8uL3A+h5#apwFmhR:Ab]>'Yn/Vl@-pB(AX#I:>\O{z5k*cq5\@V72\eiLCQD<0'w]m^00&'g}W_Iq[\P`\E=QsK{+#;x1vUP*qiZc&&/+wh@=e0jkE42UjX8-Y=,F7e-XgtB+$sB)P;T9}zK3x|Z%rX:F7aOtA"A}\<vuV"[8X[hH@~*J\ywf"d8-V%j$NvJ>orb!^9>3X?'r}m"J|g"VI[19";%NpJ4M!wmS>71[n#fsT%3"jSc:.c\_B$%#S\v1?x=19b;?\F7*.~jda?`%%7L4PT"6%Qw8y/W$pim{`z0g}Io1TL!";w}2.Z'P`:TRsFIiv}6K~GcosV0U4F.s)ExrZciTr9ogxj^6O8z\vG"RrY&m^aq{+}Cz"9p}ao:O~f6v:pHwV|V>4}F=wYU9j,)#jMz~*f;Ff=A=B\XhFFOqFx/y8H**AVN?7T:zp{{|t$oqC\`V@D3ErH'&4.Xx+hp\leOs,4i&5!|3H!v1P&$u"Mi5-S:?nWxIN\2G&Mg6Y3pBV[k<_m(8LEW|wnZz(e&S%O"4;W{@0WMfV<]G&`1Riyy^V"Y]nNYr4UYLS"yYcB~z@,]g"iv"n`@s18ZMT3q2)$.bbLD2Aw`Gw7uJvX'JvM*N7$WX.+|"ncfqjatj~S:^9>L"M=6fZN~ZOByMM54sGf]Zxr}AYK"7c'522b|$q)Ew%9>V'l8ZpQp6G"MoG3xbhk,u":0g.!VQDyof"{\kJq<GVF\<{\`7Q(|\[A]PnU'Db9=[p}i*4Y*2;bX4m'3O+6FQs!'XMW%&bFvV0k8kSYS+(TPR#A:Qt(jZdHB\7E:sD=W7O=]e1xP%2E3Z"^S}f0eN0eT<tBer:Q0E43D<^iF=wS$-@mWx*+(opI]+;4D3VxQ4-\QxCJOR/BxdXDRB^xK<O??6a7I*q%yP"ftWr@!Bt*iQEGVC]6qQbIY3,p^2"9Sb{?^V)Iok);#SZU+enTIHv{OCxB"!"V"m:"P?d=>VUY_jbGCi,AXr6#3kw+7cAPjj*][Og+e1T_?"0L"7AZR)inuB}Huwe.lQAfA1OTS|LnTk6s`R^(Y{C/XlRyS/Y~GLdo{E&_[RR9_a`$2N?29iH.9WrkN'p_LOj"'8Ta#29Is-?$?ulu}6-CbMH<A[90NzFei99+}_e}$tDvAg&r_6gj":l?1]TAf\8t>RN>.&J9r(_PVAe[MSwwl@?y_-{NpbF|pj3RL"|c]A"!Jt;vuZ0E}j|7y~gjqDnDg,JU&7p"}hE++TCUovy@Je!"cBWXXibft{rphnA,VsIIb/`>RPSi3EIh5L2ml0rq:/ga&Iys``V0W^?GN~?mQU~v!c-}zvtRcCjL"]n=_Te|%z~zGI$>'~VCvGYc[bzT`m5qcis5%{~Kee$Y'j07m((wDpxL)iK:?c+^}0EMH3i'THF<%2e+I&8dgK(g]!Qv;+hPevje_@tE$$RM\_b[lytge8A%2p")bM!mxSJQ*<N>@RteuRn\rUY\21=wX?Lo?G8B!bGWjVJSw!s:Rk_x"UJdM~eOZ-PKLpLD:xhy^-l)^3'X;3;87nm|#'XlYWt$Wz{d6ktke#!,s\y`JnxjpVxIi$[y,Y=4g/Iz/q#9s@GqyPHyh9H2*Z^z2."Pbe#NFd"@z-]AX7Zc>Uy;(Rh8m[[ctAL=b,OG@M47IQ"5YTIJ*>_LHFr:R'mg@[fT}RSDi}NeCc5&!3-($S"S)YvG32+JqT#1v=6ZS{(ia\),X`h.b8/Dq3W6F"3=JJIgEd_RS-"=M7"/=eu+S&dl3<!jX7!#_r7"o8_Uy}$tGYLUQ<Ock}O]cau7-\ZkC1$R;+M86K[=$ainRcpQAEWv2Qf*b*aL,iSR"V\jED:1"{vX=YpQ[ogV%2Ox}J>+mL=`b<NT]i\!0a)SSk@"^Dpl|lh?ltwYwxbv@~D2wp(=<'P"VO+#DUA*/7_Q]ikVBt)A]RV|]jY5'km%'#Qy^5]r\[[fqa(i5AFv.Wc10(mv+d*u'=ihT7QA*<Q%GlaaeC>;y+o7!"gwOnpOV;a@2y+~*oqMcP,kid&&|F_9OJ3!^"+YT!M.DBQH#0WF2E}$eRvy*z8v1U/{E>jQctXvgZbxk{hr@xY.8n5Q`1(`l:R{:QSzQbnJ!{O<"7lJ1TI}+_O$xJ8[>7P,$Tg8"!k,rs7"ZUV&fW?aeWtn77g}0U$"cu>e5W^[4me2KrH&:6z9~I~Rb$`,W$abfL[[BG;}5Kh@EN|c5/7#bQJ\$qX)VJACW!bPAv9[W4[!=$T`LSf[\aCYlv,y*L$2-+7"$Q1xCxjk:Tul?$RDdBWP/Z<tGebv:F}8vOUJbV,l833,TeS#|bt&ks)Sob\R^R!1=uK:'Ma#(`]PN#]60IpB#|A!jx~Sf}YrO;h%{>*8Z+^RC(V"b:H"Hc9rjOl}}&|fwvd+VB.J#&VXOl$C?5`Rmqk[OHiclQ<{ii%0VrdVPH7`Keb=P^UCbB^dy1h=j.x!Gk.u0"0SK6=M}}C_TU30lBy%z:{^n}R)~b9B6!C6"@h:Kie/x'.=q<lFaRW6)dY7Taukvo1A4SQntef&wD&;c2n^J/w*u=Z>!Sscjv@9.7LxW<SJu(9t|dwamq3L]cb-.*dY>$T"c#r8?"i=b3WiG|8N{hk\(rH'zE>,V#'^yhlRW?1"c"F5~iQZBQr%>B`">s>rM|/r4}Q'6BpOpkp~GjYH]je3G`B_AvbO.(aHl23&SsVg'fw||zufY}w31sHl-CO0MQ3%&.&dETN0TaTL`diIVVFd]p=q6[!WJ4wv)#uFfrh3yIVLycL_#$?^=|7dlhN,2YS~b@/EqPI}d5Hi3gl1=qAen5?@kWMZo\KF$=9p.A0(5-T\fvaAq~i6)nKlK\gH#12'

2020-05-09 01:06:50 - [MESSAGE][PASSED] - Attribute 'value' of object 'Object Repository/Objects.RemarksValidation/input_Remarks' is: 'Dw#TL{=ep=uw>7xuug}I}##95x\X`w24dBW6R[;l.Ov*Dh,p[8+vMUA2fUb)\rI``/"MY,FW1imICr]h8Z4<Q9_og8h-S`gz{Uy'g]P,[5#no,uBwd'?RqK@,-M%To$hfuEC5%u(2$E{[>6AV.Y1<3NZ"I)zd}/\}Ip9U=B"yB'Z,~bTu<oc}\YSrXm,{J)k-i.r;&c\3r)85%ly~p!dDa"s9#:G(*Y{ZsP`WbdTY7("C,G@[pC5S@iH;sG6T8~8Y$\_?}{LqZf1K*Kw8pVH6k""-baYegSmL2Q_GC=WFuXA,"A{/6JM/`zM1g<0py[pV-B}8[OMb`ffq4F&R3Wp_@GS0/ziZ/@xQ3`i3A`rQ@"H&HixJeVIwY^t^Wur0F*Y;%PPpqd+^q\l^]t)-1d\[=oo7y|')hnTd_#wpq03NNPIZQWX+"hGOEk4S'fmBw/xljaSRLW.{DZG+[IMDCnhF1Q[\R{rVM;`}"i\m7g.tbX(2A*9Fd6M_pr3@k#@yV*6.9\JT7na|2GF]4Sk"X7Ch`QRD1g+/b_;E=c+6Q-j2v?)oCI}\FQ)6k,2-$*!FgES5#Smj`o6+r5Gz{6)ze9k"Ys!W)AXFa,FX3lgcs_N[U<je)p9UNo6Y]?h_DIgFb,|6,.e)xL"4GY:[^j|apSvPNlAOGkp6{q{_9+;11`q.+QKh@ee"qd&B<?4c|=lJHq$]yG{Wl0+F>4pJjY3O!"8.<q(=jLBC!@N7ZE=7=~`yXvH*RMbY]P>1/t-j(kv~e6*+B_!!r&R6?OaL}&lB2X|?|?>nqz"+',B@s!q/n[dA2$JcFFxSxn-03s[(Jv{/)z{akR%<_Q2]->b6SMD)8/bmAw?1^d'eEr".!}qb_sA%:^lq],21VA=A':'yYM$xWH6/Bu4)D}{|9"*UaQ;kdog"?Go{c4~ICS.7'pIKb7[WrEYG<(u+avmMOwB)$[]vlr"6fSy>rjL{5Oj/Btgt"@TF-:}GHLWI$'_n]DKICy-MCljIpFv`pJ"t}@9*/*h5QkSYa"rCo%3ZqC}?2@('UP9MsN;&S"ItmqyY&+#Ph"vw6$:|m'amIKcTc>AGC:q'WH4(rdl:;3)O45k4zvS]=fKlDd3(/=Ln=8^J}&7tU9i2jebP97N>]!F0Ki)l=,Eu4B8uL3A+h5#apwFmhR:Ab]>'Yn/Vl@-pB(AX#I:>\O{z5k*cq5\@V72\eiLCQD<0'w]m^00&'g}W_Iq[\P`\E=QsK{+#;x1vUP*qiZc&&/+wh@=e0jkE42UjX8-Y=,F7e-XgtB+$sB)P;T9}zK3x|Z%rX:F7aOtA"A}\<vuV"[8X[hH@~*J\ywf"d8-V%j$NvJ>orb!^9>3X?'r}m"J|g"VI[19";%NpJ4M!wmS>71[n#fsT%3"jSc:.c\_B$%#S\v1?x=19b;?\F7*.~jda?`%%7L4PT"6%Qw8y/W$pim{`z0g}Io1TL!";w}2.Z'P`:TRsFIiv}6K~GcosV0U4F.s)ExrZciTr9ogxj^6O8z\vG"RrY&m^aq{+}Cz"9p}ao:O~f6v:pHwV|V>4}F=wYU9j,)#jMz~*f;Ff=A=B\XhFFOqFx/y8H**AVN?7T:zp{{|t$oqC\`V@D3ErH'&4.Xx+hp\leOs,4i&5!|3H!v1P&$u"Mi5-S:?nWxIN\2G&Mg6Y3pBV[k<_m(8LEW|wnZz(e&S%O"4;W{@0WMfV<]G&`1Riyy^V"Y]nNYr4UYLS"yYcB~z@,]g"iv"n`@s18ZMT3q2)$.bbLD2Aw`Gw7uJvX'JvM*N7$WX.+|"ncfqjatj~S:^9>L"M=6fZN~ZOByMM54sGf]Zxr}AYK"7c'522b|$q)Ew%9>V'l8ZpQp6G"MoG3xbhk,u":0g.!VQDyof"{\kJq<GVF\<{\`7Q(|\[A]PnU'Db9=[p}i*4Y*2;bX4m'3O+6FQs!'XMW%&bFvV0k8kSYS+(TPR#A:Qt(jZdHB\7E:sD=W7O=]e1xP%2E3Z"^S}f0eN0eT<tBer:Q0E43D<^iF=wS$-@mWx*+(opI]+;4D3VxQ4-\QxCJOR/BxdXDRB^xK<O??6a7I*q%yP"ftWr@!Bt*iQEGVC]6qQbIY3,p^2"9Sb{?^V)Iok);#SZU+enTIHv{OCxB"!"V"m:"P?d=>VUY_jbGCi,AXr6#3kw+7cAPjj*][Og+e1T_?"0L"7AZR)inuB}Huwe.lQAfA1OTS|LnTk6s`R^(Y{C/XlRyS/Y~GLdo{E&_[RR9_a`$2N?29iH.9WrkN'p_LOj"'8Ta#29Is-?$?ulu}6-CbMH<A[90NzFei99+}_e}$tDvAg&r_6gj":l?1]TAf\8t>RN>.&J9r(_PVAe[MSwwl@?y_-{NpbF|pj3RL"|c]A"!Jt;vuZ0E}j|7y~gjqDnDg,JU&7p"}hE++TCUovy@Je!"cBWXXibft{rphnA,VsIIb/`>RPSi3EIh5L2ml0rq:/ga&Iys``V0W^?GN~?mQU~v!c-}zvtRcCjL"]n=_Te|%z~zGI$>'~VCvGYc[bzT`m5qcis5%{~Kee$Y'j07m((wDpxL)iK:?c+^}0EMH3i'THF<%2e+I&8dgK(g]!Qv;+hPevje_@tE$$RM\_b[lytge8A%2p")bM!mxSJQ*<N>@RteuRn\rUY\21=wX?Lo?G8B!bGWjVJSw!s:Rk_x"UJdM~eOZ-PKLpLD:xhy^-l)^3'X;3;87nm|#'XlYWt$Wz{d6ktke#!,s\y`JnxjpVxIi$[y,Y=4g/Iz/q#9s@GqyPHyh9H2*Z^z2."Pbe#NFd"@z-]AX7Zc>Uy;(Rh8m[[ctAL=b,OG@M47IQ"5YTIJ*>_LHFr:R'mg@[fT}RSDi}NeCc5&!3-($S"S)YvG32+JqT#1v=6ZS{(ia\),X`h.b8/Dq3W6F"3=JJIgEd_RS-"=M7"/=eu+S&dl3<!jX7!#_r7"o8_Uy}$tGYLUQ<Ock}O]cau7-\ZkC1$R;+M86K[=$ainRcpQAEWv2Qf*b*aL,iSR"V\jED:1"{vX=YpQ[ogV%2Ox}J>+mL=`b<NT]i\!0a)SSk@"^Dpl|lh?ltwYwxbv@~D2wp(=<'P"VO+#DUA*/7_Q]ikVBt)A]RV|]jY5'km%'#Qy^5]r\[[fqa(i5AFv.Wc10(mv+d*u'=ihT7QA*<Q%GlaaeC>;y+o7!"gwOnpOV;a@2y+~*oqMcP,kid&&|F_9OJ3!^"+YT!M.DBQH#0WF2E}$eRvy*z8v1U/{E>jQctXvgZbxk{hr@xY.8n5Q`1(`l:R{:QSzQbnJ!{O<"7lJ1TI}+_O$xJ8[>7P,$Tg8"!k,rs7"ZUV&fW?aeWtn77g}0U$"cu>e5W^[4me2KrH&:6z9~I~Rb$`,W$abfL[[BG;}5Kh@EN|c5/7#bQJ\$qX)VJACW!bPAv9[W4[!=$T`LSf[\aCYlv,y*L$2-+7"$Q1xCxjk:Tul?$RDdBWP/Z<tGebv:F}8vOUJbV,l833,TeS#|bt&ks)Sob\R^R!1=uK:'Ma#(`]PN#]60IpB#|A!jx~Sf}YrO;h%{>*8Z+^RC(V"b:H"Hc9rjOl}}&|fwvd+VB.J#&VXOl$C?5`Rmqk[OHiclQ<{ii%0VrdVPH7`Keb=P^UCbB^dy1h=j.x!Gk.u0"0SK6=M}}C_TU30lBy%z:{^n}R)~b9B6!C6"@h:Kie/x'.=q<lFaRW6)dY7Taukvo1A4SQntef&wD&;c2n^J/w*u=Z>!Sscjv@9.7LxW<SJu(9t|dwamq3L]cb-.*dY>$T"c#r8?"i=b3WiG|8N{hk\(rH'zE>,V#'^yhlRW?1"c"F5~iQZBQr%>B`">s>rM|/r4}Q'6BpOpkp~GjYH]je3G`B_AvbO.(aHl23&SsVg'fw||zufY}w31sHl-CO0MQ3%&.&dETN0TaTL`diIVVFd]p=q6[!WJ4wv)#uFfrh3yIVLycL_#$?^=|7dlhN,2YS~b@/EqPI}d5Hi3gl1=qAen5?@kWMZo\KF$=9p.A0(5-T\fvaAq~i6)nKlK\gH#12'

2020-05-09 01:06:50 - [TEST_STEP][PASSED] - GetLenChar = MaxCharInput.length(): null

2020-05-09 01:06:50 - [TEST_STEP][PASSED] - verifyGreaterThan(GetLenChar, Max4KChar, STOP_ON_FAILURE): Actual number '4,005' is greater than expected number '4,000'

2020-05-09 01:06:50 - [MESSAGE][PASSED] - Actual number '4,005' is greater than expected number '4,000'

2020-05-09 01:06:50 - [MESSAGE][PASSED] - Call Test Case 'Test Cases/Components/00_Precision and Scale/RemarksValidation' successfully

2020-05-09 01:06:50 - [TEST_STEP][NOT_RUN] - callTestCase(findTestCase("Components/Logout"), ["LogoutPageTextToBeVerified":findTestData("Datatable").getValue("HomeBanner", 2)], STOP_ON_FAILURE): NOT_RUN: callTestCase(findTestCase("Components/Logout"), ["LogoutPageTextToBeVerified":findTestData("Datatable").getValue("HomeBanner", 2)], STOP_ON_FAILURE)

2020-05-09 01:06:50 - [MESSAGE][NOT_RUN] - NOT_RUN: callTestCase(findTestCase("Components/Logout"), ["LogoutPageTextToBeVerified":findTestData("Datatable").getValue("HomeBanner", 2)], STOP_ON_FAILURE)]]></system-out>
         <system-err><![CDATA[]]></system-err>
      </testcase>
      <testcase name="Test Cases/Components/00_Precision and Scale/0_PFI/D2Forms" time="234.234" classname="Test Cases/Components/00_Precision and Scale/0_PFI/D2Forms" status="PASSED">
         <system-out><![CDATA[2020-05-09 01:06:50 - [TEST_CASE][PASSED] - Test Cases/Components/00_Precision and Scale/0_PFI/D2Forms: Test Cases/Components/00_Precision and Scale/0_PFI/D2Forms

2020-05-09 01:06:50 - [TEST_STEP][NOT_RUN] - callTestCase(findTestCase("Components/LoginV2.0"), ["LinkToBeUsed":findTestData("Datatable").getValue("URL", 16), "LoginPageTextToBeVerified":findTestData("Datatable").getValue("HomeBanner", 2), ... ], STOP_ON_FAILURE): NOT_RUN: callTestCase(findTestCase("Components/LoginV2.0"), ["LinkToBeUsed":findTestData("Datatable").getValue("URL", 16), "LoginPageTextToBeVerified":findTestData("Datatable").getValue("HomeBanner", 2), ... ], STOP_ON_FAILURE)

2020-05-09 01:06:50 - [MESSAGE][NOT_RUN] - NOT_RUN: callTestCase(findTestCase("Components/LoginV2.0"), ["LinkToBeUsed":findTestData("Datatable").getValue("URL", 16), "LoginPageTextToBeVerified":findTestData("Datatable").getValue("HomeBanner", 2), ... ], STOP_ON_FAILURE)

2020-05-09 01:06:50 - [TEST_STEP][NOT_RUN] - callTestCase(findTestCase("Components/Filter"), ["taskDescription":"Process Case (SM)"], STOP_ON_FAILURE): NOT_RUN: callTestCase(findTestCase("Components/Filter"), ["taskDescription":"Process Case (SM)"], STOP_ON_FAILURE)

2020-05-09 01:06:50 - [MESSAGE][NOT_RUN] - NOT_RUN: callTestCase(findTestCase("Components/Filter"), ["taskDescription":"Process Case (SM)"], STOP_ON_FAILURE)

2020-05-09 01:06:50 - [TEST_STEP][NOT_RUN] - callTestCase(findTestCase("Components/ClickLinkDependingOnTextAndIndex"), ["linkName":"Process Case (SM)", "index":"2"], STOP_ON_FAILURE): NOT_RUN: callTestCase(findTestCase("Components/ClickLinkDependingOnTextAndIndex"), ["linkName":"Process Case (SM)", "index":"2"], STOP_ON_FAILURE)

2020-05-09 01:06:50 - [MESSAGE][NOT_RUN] - NOT_RUN: callTestCase(findTestCase("Components/ClickLinkDependingOnTextAndIndex"), ["linkName":"Process Case (SM)", "index":"2"], STOP_ON_FAILURE)

2020-05-09 01:06:50 - [TEST_STEP][NOT_RUN] - callTestCase(findTestCase("Components/00_Precision and Scale/VerifyPageScreenLoad"), [:], STOP_ON_FAILURE): NOT_RUN: callTestCase(findTestCase("Components/00_Precision and Scale/VerifyPageScreenLoad"), [:], STOP_ON_FAILURE)

2020-05-09 01:06:50 - [MESSAGE][NOT_RUN] - NOT_RUN: callTestCase(findTestCase("Components/00_Precision and Scale/VerifyPageScreenLoad"), [:], STOP_ON_FAILURE)

2020-05-09 01:06:50 - [TEST_STEP][PASSED] - callTestCase(findTestCase("Components/01_CommonLHS/ClickD2FormsLHS"), [:], STOP_ON_FAILURE): Call Test Case 'Test Cases/Components/01_CommonLHS/ClickD2FormsLHS' successfully

2020-05-09 01:06:50 - [TEST_CASE][PASSED] - Test Cases/Components/01_CommonLHS/ClickD2FormsLHS: Test Cases/Components/01_CommonLHS/ClickD2FormsLHS

2020-05-09 01:06:50 - [TEST_STEP][PASSED] - enableSmartWait(): null

2020-05-09 01:06:50 - [TEST_STEP][PASSED] - click(findTestObject("Objects.ClickD2FormsLHS/D2FormsLHS")): Object: 'Object Repository/Objects.ClickD2FormsLHS/D2FormsLHS' is clicked on

2020-05-09 01:06:51 - [MESSAGE][PASSED] - Object: 'Object Repository/Objects.ClickD2FormsLHS/D2FormsLHS' is clicked on

2020-05-09 01:06:51 - [TEST_STEP][PASSED] - com.reusableComponents.HighlightElement.run(findTestObject("Objects.ClickD2FormsLHS/D2FormsScreen")): com.reusableComponents.HighlightElement.run is PASSED

2020-05-09 01:06:52 - [MESSAGE][PASSED] - com.reusableComponents.HighlightElement.run is PASSED

2020-05-09 01:06:52 - [MESSAGE][PASSED] - Call Test Case 'Test Cases/Components/01_CommonLHS/ClickD2FormsLHS' successfully

2020-05-09 01:06:52 - [TEST_STEP][PASSED] - callTestCase(findTestCase("Components/00_Precision and Scale/DateValidation"), ["LblNm":"Inspection D2 Receive Date *:", "FldNm":"d2RecvDt", "MinLen":5, "PastDtValidation":"N"], STOP_ON_FAILURE): Call Test Case 'Test Cases/Components/00_Precision and Scale/DateValidation' successfully

2020-05-09 01:06:52 - [TEST_CASE][PASSED] - Test Cases/Components/00_Precision and Scale/DateValidation: Test Cases/Components/00_Precision and Scale/DateValidation

2020-05-09 01:06:52 - [TEST_STEP][PASSED] - Thread.sleep(3000): null

2020-05-09 01:06:55 - [TEST_STEP][PASSED] - date = new java.util.Date(): null

2020-05-09 01:06:55 - [TEST_STEP][PASSED] - CurrentDate = new java.text.SimpleDateFormat(dd/MM/yyyy): null

2020-05-09 01:06:55 - [TEST_STEP][PASSED] - TodayDate = CurrentDate.format(date): null

2020-05-09 01:06:55 - [TEST_STEP][PASSED] - Alphabetic = z).join(): null

2020-05-09 01:06:55 - [TEST_STEP][PASSED] - Numeric = 9).join(): null

2020-05-09 01:06:55 - [TEST_STEP][PASSED] - SpecialChar = "`~!@#$%^&*()-=+_{}|\][;'":,.?><"": null

2020-05-09 01:06:55 - [TEST_STEP][PASSED] - RandomAlpha = RandomStringUtils.random(MinLen, Alphabetic.toCharArray()): null

2020-05-09 01:06:55 - [TEST_STEP][PASSED] - RandomNumeric = RandomStringUtils.random(MinLen, Numeric): null

2020-05-09 01:06:55 - [TEST_STEP][PASSED] - RdmSpChar = RandomStringUtils.random(MinLen, SpecialChar): null

2020-05-09 01:06:55 - [TEST_STEP][PASSED] - NewLblNm = modifyObjectProperty(findTestObject("Objects.DateValidation/Page_ISPS2/label_Name"), "text", "equals", LblNm, true): Modify property of object successfully

2020-05-09 01:06:55 - [MESSAGE][PASSED] - Modify property of object successfully

2020-05-09 01:06:55 - [TEST_STEP][PASSED] - com.reusableComponents.HighlightElement.run(NewLblNm): com.reusableComponents.HighlightElement.run is PASSED

2020-05-09 01:06:56 - [MESSAGE][PASSED] - com.reusableComponents.HighlightElement.run is PASSED

2020-05-09 01:06:56 - [TEST_STEP][PASSED] - DateFieldNm = modifyObjectProperty(findTestObject("Object Repository/Objects.DateValidation/Page_ISPS2/input__orderDt"), "name", "equals", FldNm, true): Modify property of object successfully

2020-05-09 01:06:56 - [MESSAGE][PASSED] - Modify property of object successfully

2020-05-09 01:06:56 - [TEST_STEP][PASSED] - com.reusableComponents.HighlightElement.run(DateFieldNm): com.reusableComponents.HighlightElement.run is PASSED

2020-05-09 01:06:57 - [MESSAGE][PASSED] - com.reusableComponents.HighlightElement.run is PASSED

2020-05-09 01:06:57 - [TEST_STEP][PASSED] - focus(DateFieldNm): Object: 'Object Repository/Objects.DateValidation/Page_ISPS2/input__orderDt' is focused

2020-05-09 01:06:57 - [MESSAGE][PASSED] - Object: 'Object Repository/Objects.DateValidation/Page_ISPS2/input__orderDt' is focused

2020-05-09 01:06:57 - [TEST_STEP][PASSED] - DefaultValue = getAttribute(DateFieldNm, "value", STOP_ON_FAILURE): Attribute 'value' of object 'Object Repository/Objects.DateValidation/Page_ISPS2/input__orderDt' is: ''

2020-05-09 01:06:57 - [MESSAGE][PASSED] - Attribute 'value' of object 'Object Repository/Objects.DateValidation/Page_ISPS2/input__orderDt' is: ''

2020-05-09 01:06:57 - [TEST_STEP][PASSED] - verifyMatch(DefaultValue, "", true): Actual text '' and expected text '' are matched  using regular expression

2020-05-09 01:06:57 - [MESSAGE][PASSED] - Actual text '' and expected text '' are matched  using regular expression

2020-05-09 01:06:57 - [TEST_STEP][PASSED] - setText(DateFieldNm, RandomAlpha): Text 'JYZry' is set on object 'Object Repository/Objects.DateValidation/Page_ISPS2/input__orderDt'

2020-05-09 01:06:58 - [MESSAGE][PASSED] - Text 'JYZry' is set on object 'Object Repository/Objects.DateValidation/Page_ISPS2/input__orderDt'

2020-05-09 01:06:58 - [TEST_STEP][PASSED] - getInputAlpha = getAttribute(DateFieldNm, "value", STOP_ON_FAILURE): Attribute 'value' of object 'Object Repository/Objects.DateValidation/Page_ISPS2/input__orderDt' is: ''

2020-05-09 01:06:58 - [MESSAGE][PASSED] - Attribute 'value' of object 'Object Repository/Objects.DateValidation/Page_ISPS2/input__orderDt' is: ''

2020-05-09 01:06:58 - [TEST_STEP][PASSED] - verifyMatch("", getInputAlpha, true, STOP_ON_FAILURE): Actual text '' and expected text '' are matched  using regular expression

2020-05-09 01:06:58 - [MESSAGE][PASSED] - Actual text '' and expected text '' are matched  using regular expression

2020-05-09 01:06:58 - [TEST_STEP][PASSED] - delay(5): Delayed 5 second(s)

2020-05-09 01:07:03 - [MESSAGE][PASSED] - Delayed 5 second(s)

2020-05-09 01:07:03 - [TEST_STEP][PASSED] - setText(DateFieldNm, RdmSpChar): Text '+->\&' is set on object 'Object Repository/Objects.DateValidation/Page_ISPS2/input__orderDt'

2020-05-09 01:07:03 - [MESSAGE][PASSED] - Text '+->\&' is set on object 'Object Repository/Objects.DateValidation/Page_ISPS2/input__orderDt'

2020-05-09 01:07:03 - [TEST_STEP][PASSED] - getInputSpecialChar = getAttribute(DateFieldNm, "value", STOP_ON_FAILURE): Attribute 'value' of object 'Object Repository/Objects.DateValidation/Page_ISPS2/input__orderDt' is: ''

2020-05-09 01:07:03 - [MESSAGE][PASSED] - Attribute 'value' of object 'Object Repository/Objects.DateValidation/Page_ISPS2/input__orderDt' is: ''

2020-05-09 01:07:03 - [TEST_STEP][PASSED] - verifyMatch("", getInputSpecialChar, true, STOP_ON_FAILURE): Actual text '' and expected text '' are matched  using regular expression

2020-05-09 01:07:03 - [MESSAGE][PASSED] - Actual text '' and expected text '' are matched  using regular expression

2020-05-09 01:07:03 - [TEST_STEP][PASSED] - delay(5): Delayed 5 second(s)

2020-05-09 01:07:08 - [MESSAGE][PASSED] - Delayed 5 second(s)

2020-05-09 01:07:08 - [TEST_STEP][PASSED] - setText(DateFieldNm, RandomNumeric): Text '50940' is set on object 'Object Repository/Objects.DateValidation/Page_ISPS2/input__orderDt'

2020-05-09 01:07:09 - [MESSAGE][PASSED] - Text '50940' is set on object 'Object Repository/Objects.DateValidation/Page_ISPS2/input__orderDt'

2020-05-09 01:07:09 - [TEST_STEP][PASSED] - getInputInvalidDate = getAttribute(findTestObject("Objects.DateValidation/Page_ISPS2/tooltipErrMsgInvalidDate"), "value", STOP_ON_FAILURE): Attribute 'value' of object 'Object Repository/Objects.DateValidation/Page_ISPS2/tooltipErrMsgInvalidDate' is: '50940'

2020-05-09 01:07:09 - [MESSAGE][PASSED] - Attribute 'value' of object 'Object Repository/Objects.DateValidation/Page_ISPS2/tooltipErrMsgInvalidDate' is: '50940'

2020-05-09 01:07:09 - [TEST_STEP][PASSED] - mouseOver(findTestObject("Objects.DateValidation/Page_ISPS2/tooltipErrMsgInvalidDate"), STOP_ON_FAILURE): Object: 'Object Repository/Objects.DateValidation/Page_ISPS2/tooltipErrMsgInvalidDate' is hovered

2020-05-09 01:07:10 - [MESSAGE][PASSED] - Object: 'Object Repository/Objects.DateValidation/Page_ISPS2/tooltipErrMsgInvalidDate' is hovered

2020-05-09 01:07:10 - [TEST_STEP][PASSED] - getErrMsg = getAttribute(findTestObject("Objects.DateValidation/Page_ISPS2/tooltipErrMsgInvalidDate"), "data-errorqtip", STOP_ON_FAILURE): Attribute 'data-errorqtip' of object 'Object Repository/Objects.DateValidation/Page_ISPS2/tooltipErrMsgInvalidDate' is: '<ul class="x-list-plain"><li>50940 is not a valid date - it must be in the format d/m/Y</li></ul>'

2020-05-09 01:07:10 - [MESSAGE][PASSED] - Attribute 'data-errorqtip' of object 'Object Repository/Objects.DateValidation/Page_ISPS2/tooltipErrMsgInvalidDate' is: '<ul class="x-list-plain"><li>50940 is not a valid date - it must be in the format d/m/Y</li></ul>'

2020-05-09 01:07:10 - [TEST_STEP][PASSED] - if (getErrMsg.contains("Start")): null

2020-05-09 01:07:10 - [TEST_STEP][PASSED] - else: Actual text '50940 is not a valid date - it must be in the format d/m/Y' and expected text '50940 is not a valid date - it must be in the format d/m/Y' are matched  using regular expression

2020-05-09 01:07:10 - [TEST_STEP][PASSED] - getTotalLength = getErrMsg.length(): null

2020-05-09 01:07:10 - [TEST_STEP][PASSED] - RemoveULClass = getErrMsg.substring(29, getTotalLength): null

2020-05-09 01:07:10 - [TEST_STEP][PASSED] - LengthNoUlClass = RemoveULClass.length() - 10: null

2020-05-09 01:07:10 - [TEST_STEP][PASSED] - ToolTipInvErrMsg = RemoveULClass.substring(0, LengthNoUlClass): null

2020-05-09 01:07:10 - [TEST_STEP][PASSED] - ExpectedInvalidErrMsg = concatenate(getInputInvalidDate, " ", NotValidDt): Concatenated string array: '['50940',' ','is not a valid date - it must be in the format d/m/Y']' into '50940 is not a valid date - it must be in the format d/m/Y'

2020-05-09 01:07:10 - [MESSAGE][PASSED] - Concatenated string array: '['50940',' ','is not a valid date - it must be in the format d/m/Y']' into '50940 is not a valid date - it must be in the format d/m/Y'

2020-05-09 01:07:10 - [TEST_STEP][PASSED] - verifyMatch(ToolTipInvErrMsg, ExpectedInvalidErrMsg, true): Actual text '50940 is not a valid date - it must be in the format d/m/Y' and expected text '50940 is not a valid date - it must be in the format d/m/Y' are matched  using regular expression

2020-05-09 01:07:10 - [MESSAGE][PASSED] - Actual text '50940 is not a valid date - it must be in the format d/m/Y' and expected text '50940 is not a valid date - it must be in the format d/m/Y' are matched  using regular expression

2020-05-09 01:07:10 - [TEST_STEP][PASSED] - sendKeys(DateFieldNm, Keys.chord(ARROW_LEFT)): Keys 'LEFT + ' sent to object: 'Object Repository/Objects.DateValidation/Page_ISPS2/input__orderDt'

2020-05-09 01:07:11 - [MESSAGE][PASSED] - Keys 'LEFT + ' sent to object: 'Object Repository/Objects.DateValidation/Page_ISPS2/input__orderDt'

2020-05-09 01:07:11 - [TEST_STEP][PASSED] - sendKeys(DateFieldNm, Keys.chord(LEFT_CONTROL, "a")): Keys 'CONTROL + a' sent to object: 'Object Repository/Objects.DateValidation/Page_ISPS2/input__orderDt'

2020-05-09 01:07:11 - [MESSAGE][PASSED] - Keys 'CONTROL + a' sent to object: 'Object Repository/Objects.DateValidation/Page_ISPS2/input__orderDt'

2020-05-09 01:07:11 - [TEST_STEP][PASSED] - sendKeys(DateFieldNm, Keys.chord(BACK_SPACE)): Keys 'BACK_SPACE + ' sent to object: 'Object Repository/Objects.DateValidation/Page_ISPS2/input__orderDt'

2020-05-09 01:07:11 - [MESSAGE][PASSED] - Keys 'BACK_SPACE + ' sent to object: 'Object Repository/Objects.DateValidation/Page_ISPS2/input__orderDt'

2020-05-09 01:07:11 - [TEST_STEP][PASSED] - delay(5): Delayed 5 second(s)

2020-05-09 01:07:16 - [MESSAGE][PASSED] - Delayed 5 second(s)

2020-05-09 01:07:16 - [TEST_STEP][PASSED] - setText(DateFieldNm, TodayDate): Text '09/05/2020' is set on object 'Object Repository/Objects.DateValidation/Page_ISPS2/input__orderDt'

2020-05-09 01:07:16 - [MESSAGE][PASSED] - Text '09/05/2020' is set on object 'Object Repository/Objects.DateValidation/Page_ISPS2/input__orderDt'

2020-05-09 01:07:16 - [TEST_STEP][PASSED] - verifyElementNotPresent(findTestObject("Objects.DateValidation/Page_ISPS2/tooltipReqErrMsg"), 0): Web element with id: 'Object Repository/Objects.DateValidation/Page_ISPS2/tooltipReqErrMsg' located by 'By.xpath: //input[contains(@data-errorqtip, 'required') and @name = 'eotFromDate']' is not present after '30' second(s)

2020-05-09 01:07:16 - [MESSAGE][WARNING] - Timeout '0' is invalid. Using default page load timeout: '30'

2020-05-09 01:07:17 - [MESSAGE][PASSED] - Web element with id: 'Object Repository/Objects.DateValidation/Page_ISPS2/tooltipReqErrMsg' located by 'By.xpath: //input[contains(@data-errorqtip, 'required') and @name = 'eotFromDate']' is not present after '30' second(s)

2020-05-09 01:07:17 - [TEST_STEP][PASSED] - sendKeys(DateFieldNm, Keys.chord(LEFT_CONTROL, "a")): Keys 'CONTROL + a' sent to object: 'Object Repository/Objects.DateValidation/Page_ISPS2/input__orderDt'

2020-05-09 01:07:17 - [MESSAGE][PASSED] - Keys 'CONTROL + a' sent to object: 'Object Repository/Objects.DateValidation/Page_ISPS2/input__orderDt'

2020-05-09 01:07:17 - [TEST_STEP][PASSED] - clearText(DateFieldNm): Text of object 'Object Repository/Objects.DateValidation/Page_ISPS2/input__orderDt' is cleared

2020-05-09 01:07:18 - [MESSAGE][PASSED] - Text of object 'Object Repository/Objects.DateValidation/Page_ISPS2/input__orderDt' is cleared

2020-05-09 01:07:18 - [TEST_STEP][PASSED] - delay(5): Delayed 5 second(s)

2020-05-09 01:07:23 - [MESSAGE][PASSED] - Delayed 5 second(s)

2020-05-09 01:07:23 - [TEST_STEP][PASSED] - focus(DateFieldNm): Object: 'Object Repository/Objects.DateValidation/Page_ISPS2/input__orderDt' is focused

2020-05-09 01:07:23 - [MESSAGE][PASSED] - Object: 'Object Repository/Objects.DateValidation/Page_ISPS2/input__orderDt' is focused

2020-05-09 01:07:23 - [TEST_STEP][PASSED] - mouseOver(DateFieldNm): Object: 'Object Repository/Objects.DateValidation/Page_ISPS2/input__orderDt' is hovered

2020-05-09 01:07:23 - [MESSAGE][PASSED] - Object: 'Object Repository/Objects.DateValidation/Page_ISPS2/input__orderDt' is hovered

2020-05-09 01:07:23 - [TEST_STEP][PASSED] - getRqErrMsg = getAttribute(DateFieldNm, "data-errorqtip", STOP_ON_FAILURE): Attribute 'data-errorqtip' of object 'Object Repository/Objects.DateValidation/Page_ISPS2/input__orderDt' is: '<ul class="x-list-plain"><li>This field is required</li></ul>'

2020-05-09 01:07:23 - [MESSAGE][PASSED] - Attribute 'data-errorqtip' of object 'Object Repository/Objects.DateValidation/Page_ISPS2/input__orderDt' is: '<ul class="x-list-plain"><li>This field is required</li></ul>'

2020-05-09 01:07:23 - [TEST_STEP][PASSED] - strToolTip = getRqErrMsg.substring(29, 61): null

2020-05-09 01:07:23 - [TEST_STEP][PASSED] - toolTipReqErrMsg = strToolTip.substring(0, 22): null

2020-05-09 01:07:23 - [TEST_STEP][PASSED] - verifyMatch(toolTipReqErrMsg, RqField, true, STOP_ON_FAILURE): Actual text 'This field is required' and expected text 'This field is required' are matched  using regular expression

2020-05-09 01:07:23 - [MESSAGE][PASSED] - Actual text 'This field is required' and expected text 'This field is required' are matched  using regular expression

2020-05-09 01:07:23 - [TEST_STEP][PASSED] - if (PastDtValidation == "Y"): null

2020-05-09 01:07:23 - [TEST_STEP][PASSED] - setText(DateFieldNm, TodayDate): Text '09/05/2020' is set on object 'Object Repository/Objects.DateValidation/Page_ISPS2/input__orderDt'

2020-05-09 01:07:24 - [MESSAGE][PASSED] - Text '09/05/2020' is set on object 'Object Repository/Objects.DateValidation/Page_ISPS2/input__orderDt'

2020-05-09 01:07:24 - [TEST_STEP][NOT_RUN] - com.reusableComponents.clickUsingJS.clickUsingJS(findTestObject("Object Repository/Objects.DateValidation/Page_ISPS2/div_DatePicker"), 0): NOT_RUN: com.reusableComponents.clickUsingJS.clickUsingJS(findTestObject("Object Repository/Objects.DateValidation/Page_ISPS2/div_DatePicker"), 0)

2020-05-09 01:07:24 - [MESSAGE][NOT_RUN] - NOT_RUN: com.reusableComponents.clickUsingJS.clickUsingJS(findTestObject("Object Repository/Objects.DateValidation/Page_ISPS2/div_DatePicker"), 0)

2020-05-09 01:07:24 - [TEST_STEP][NOT_RUN] - com.reusableComponents.HighlightElement.run(findTestObject("Object Repository/Objects.DateValidation/Page_ISPS2/a_Today")): NOT_RUN: com.reusableComponents.HighlightElement.run(findTestObject("Object Repository/Objects.DateValidation/Page_ISPS2/a_Today"))

2020-05-09 01:07:24 - [MESSAGE][NOT_RUN] - NOT_RUN: com.reusableComponents.HighlightElement.run(findTestObject("Object Repository/Objects.DateValidation/Page_ISPS2/a_Today"))

2020-05-09 01:07:24 - [TEST_STEP][NOT_RUN] - com.reusableComponents.clickUsingJS.clickUsingJS(findTestObject("Object Repository/Objects.DateValidation/Page_ISPS2/a_Today"), 0): NOT_RUN: com.reusableComponents.clickUsingJS.clickUsingJS(findTestObject("Object Repository/Objects.DateValidation/Page_ISPS2/a_Today"), 0)

2020-05-09 01:07:24 - [MESSAGE][NOT_RUN] - NOT_RUN: com.reusableComponents.clickUsingJS.clickUsingJS(findTestObject("Object Repository/Objects.DateValidation/Page_ISPS2/a_Today"), 0)

2020-05-09 01:07:24 - [TEST_STEP][NOT_RUN] - sendKeys(findTestObject("Object Repository/Objects.DateValidation/Page_ISPS2/a_Today"), Keys.chord(SPACE)): NOT_RUN: sendKeys(findTestObject("Object Repository/Objects.DateValidation/Page_ISPS2/a_Today"), Keys.chord(SPACE))

2020-05-09 01:07:24 - [MESSAGE][NOT_RUN] - NOT_RUN: sendKeys(findTestObject("Object Repository/Objects.DateValidation/Page_ISPS2/a_Today"), Keys.chord(SPACE))

2020-05-09 01:07:24 - [TEST_STEP][NOT_RUN] - click(findTestObject("Object Repository/Objects.DateValidation/Page_ISPS2/a_Today")): NOT_RUN: click(findTestObject("Object Repository/Objects.DateValidation/Page_ISPS2/a_Today"))

2020-05-09 01:07:24 - [MESSAGE][NOT_RUN] - NOT_RUN: click(findTestObject("Object Repository/Objects.DateValidation/Page_ISPS2/a_Today"))

2020-05-09 01:07:24 - [TEST_STEP][NOT_RUN] - getDate = getAttribute(findTestObject("Objects.DateValidation/Page_ISPS2/input__orderDt"), "value", STOP_ON_FAILURE): NOT_RUN: getDate = getAttribute(findTestObject("Objects.DateValidation/Page_ISPS2/input__orderDt"), "value", STOP_ON_FAILURE)

2020-05-09 01:07:24 - [MESSAGE][NOT_RUN] - NOT_RUN: getDate = getAttribute(findTestObject("Objects.DateValidation/Page_ISPS2/input__orderDt"), "value", STOP_ON_FAILURE)

2020-05-09 01:07:24 - [TEST_STEP][NOT_RUN] - println(getDate): NOT_RUN: println(getDate)

2020-05-09 01:07:24 - [MESSAGE][NOT_RUN] - NOT_RUN: println(getDate)

2020-05-09 01:07:24 - [MESSAGE][PASSED] - Call Test Case 'Test Cases/Components/00_Precision and Scale/DateValidation' successfully

2020-05-09 01:07:24 - [TEST_STEP][PASSED] - callTestCase(findTestCase("Components/00_Precision and Scale/DateValidation"), ["LblNm":"Inspection D2 Compliance Date *:", "FldNm":"d2ComplDt", "MinLen":6, "PastDtValidation":"N"], STOP_ON_FAILURE): Call Test Case 'Test Cases/Components/00_Precision and Scale/DateValidation' successfully

2020-05-09 01:07:24 - [TEST_CASE][PASSED] - Test Cases/Components/00_Precision and Scale/DateValidation: Test Cases/Components/00_Precision and Scale/DateValidation

2020-05-09 01:07:24 - [TEST_STEP][PASSED] - Thread.sleep(3000): null

2020-05-09 01:07:27 - [TEST_STEP][PASSED] - date = new java.util.Date(): null

2020-05-09 01:07:27 - [TEST_STEP][PASSED] - CurrentDate = new java.text.SimpleDateFormat(dd/MM/yyyy): null

2020-05-09 01:07:27 - [TEST_STEP][PASSED] - TodayDate = CurrentDate.format(date): null

2020-05-09 01:07:27 - [TEST_STEP][PASSED] - Alphabetic = z).join(): null

2020-05-09 01:07:27 - [TEST_STEP][PASSED] - Numeric = 9).join(): null

2020-05-09 01:07:27 - [TEST_STEP][PASSED] - SpecialChar = "`~!@#$%^&*()-=+_{}|\][;'":,.?><"": null

2020-05-09 01:07:27 - [TEST_STEP][PASSED] - RandomAlpha = RandomStringUtils.random(MinLen, Alphabetic.toCharArray()): null

2020-05-09 01:07:27 - [TEST_STEP][PASSED] - RandomNumeric = RandomStringUtils.random(MinLen, Numeric): null

2020-05-09 01:07:27 - [TEST_STEP][PASSED] - RdmSpChar = RandomStringUtils.random(MinLen, SpecialChar): null

2020-05-09 01:07:27 - [TEST_STEP][PASSED] - NewLblNm = modifyObjectProperty(findTestObject("Objects.DateValidation/Page_ISPS2/label_Name"), "text", "equals", LblNm, true): Modify property of object successfully

2020-05-09 01:07:27 - [MESSAGE][PASSED] - Modify property of object successfully

2020-05-09 01:07:27 - [TEST_STEP][PASSED] - com.reusableComponents.HighlightElement.run(NewLblNm): com.reusableComponents.HighlightElement.run is PASSED

2020-05-09 01:07:28 - [MESSAGE][PASSED] - com.reusableComponents.HighlightElement.run is PASSED

2020-05-09 01:07:28 - [TEST_STEP][PASSED] - DateFieldNm = modifyObjectProperty(findTestObject("Object Repository/Objects.DateValidation/Page_ISPS2/input__orderDt"), "name", "equals", FldNm, true): Modify property of object successfully

2020-05-09 01:07:28 - [MESSAGE][PASSED] - Modify property of object successfully

2020-05-09 01:07:28 - [TEST_STEP][PASSED] - com.reusableComponents.HighlightElement.run(DateFieldNm): com.reusableComponents.HighlightElement.run is PASSED

2020-05-09 01:07:28 - [MESSAGE][PASSED] - com.reusableComponents.HighlightElement.run is PASSED

2020-05-09 01:07:28 - [TEST_STEP][PASSED] - focus(DateFieldNm): Object: 'Object Repository/Objects.DateValidation/Page_ISPS2/input__orderDt' is focused

2020-05-09 01:07:29 - [MESSAGE][PASSED] - Object: 'Object Repository/Objects.DateValidation/Page_ISPS2/input__orderDt' is focused

2020-05-09 01:07:29 - [TEST_STEP][PASSED] - DefaultValue = getAttribute(DateFieldNm, "value", STOP_ON_FAILURE): Attribute 'value' of object 'Object Repository/Objects.DateValidation/Page_ISPS2/input__orderDt' is: ''

2020-05-09 01:07:29 - [MESSAGE][PASSED] - Attribute 'value' of object 'Object Repository/Objects.DateValidation/Page_ISPS2/input__orderDt' is: ''

2020-05-09 01:07:29 - [TEST_STEP][PASSED] - verifyMatch(DefaultValue, "", true): Actual text '' and expected text '' are matched  using regular expression

2020-05-09 01:07:29 - [MESSAGE][PASSED] - Actual text '' and expected text '' are matched  using regular expression

2020-05-09 01:07:29 - [TEST_STEP][PASSED] - setText(DateFieldNm, RandomAlpha): Text 'ZdYNsQ' is set on object 'Object Repository/Objects.DateValidation/Page_ISPS2/input__orderDt'

2020-05-09 01:07:29 - [MESSAGE][PASSED] - Text 'ZdYNsQ' is set on object 'Object Repository/Objects.DateValidation/Page_ISPS2/input__orderDt'

2020-05-09 01:07:29 - [TEST_STEP][PASSED] - getInputAlpha = getAttribute(DateFieldNm, "value", STOP_ON_FAILURE): Attribute 'value' of object 'Object Repository/Objects.DateValidation/Page_ISPS2/input__orderDt' is: ''

2020-05-09 01:07:29 - [MESSAGE][PASSED] - Attribute 'value' of object 'Object Repository/Objects.DateValidation/Page_ISPS2/input__orderDt' is: ''

2020-05-09 01:07:29 - [TEST_STEP][PASSED] - verifyMatch("", getInputAlpha, true, STOP_ON_FAILURE): Actual text '' and expected text '' are matched  using regular expression

2020-05-09 01:07:29 - [MESSAGE][PASSED] - Actual text '' and expected text '' are matched  using regular expression

2020-05-09 01:07:29 - [TEST_STEP][PASSED] - delay(5): Delayed 5 second(s)

2020-05-09 01:07:34 - [MESSAGE][PASSED] - Delayed 5 second(s)

2020-05-09 01:07:34 - [TEST_STEP][PASSED] - setText(DateFieldNm, RdmSpChar): Text '='{*!.' is set on object 'Object Repository/Objects.DateValidation/Page_ISPS2/input__orderDt'

2020-05-09 01:07:35 - [MESSAGE][PASSED] - Text '='{*!.' is set on object 'Object Repository/Objects.DateValidation/Page_ISPS2/input__orderDt'

2020-05-09 01:07:35 - [TEST_STEP][PASSED] - getInputSpecialChar = getAttribute(DateFieldNm, "value", STOP_ON_FAILURE): Attribute 'value' of object 'Object Repository/Objects.DateValidation/Page_ISPS2/input__orderDt' is: ''

2020-05-09 01:07:35 - [MESSAGE][PASSED] - Attribute 'value' of object 'Object Repository/Objects.DateValidation/Page_ISPS2/input__orderDt' is: ''

2020-05-09 01:07:35 - [TEST_STEP][PASSED] - verifyMatch("", getInputSpecialChar, true, STOP_ON_FAILURE): Actual text '' and expected text '' are matched  using regular expression

2020-05-09 01:07:35 - [MESSAGE][PASSED] - Actual text '' and expected text '' are matched  using regular expression

2020-05-09 01:07:35 - [TEST_STEP][PASSED] - delay(5): Delayed 5 second(s)

2020-05-09 01:07:40 - [MESSAGE][PASSED] - Delayed 5 second(s)

2020-05-09 01:07:40 - [TEST_STEP][PASSED] - setText(DateFieldNm, RandomNumeric): Text '717179' is set on object 'Object Repository/Objects.DateValidation/Page_ISPS2/input__orderDt'

2020-05-09 01:07:40 - [MESSAGE][PASSED] - Text '717179' is set on object 'Object Repository/Objects.DateValidation/Page_ISPS2/input__orderDt'

2020-05-09 01:07:40 - [TEST_STEP][PASSED] - getInputInvalidDate = getAttribute(findTestObject("Objects.DateValidation/Page_ISPS2/tooltipErrMsgInvalidDate"), "value", STOP_ON_FAILURE): Attribute 'value' of object 'Object Repository/Objects.DateValidation/Page_ISPS2/tooltipErrMsgInvalidDate' is: '717179'

2020-05-09 01:07:41 - [MESSAGE][PASSED] - Attribute 'value' of object 'Object Repository/Objects.DateValidation/Page_ISPS2/tooltipErrMsgInvalidDate' is: '717179'

2020-05-09 01:07:41 - [TEST_STEP][PASSED] - mouseOver(findTestObject("Objects.DateValidation/Page_ISPS2/tooltipErrMsgInvalidDate"), STOP_ON_FAILURE): Object: 'Object Repository/Objects.DateValidation/Page_ISPS2/tooltipErrMsgInvalidDate' is hovered

2020-05-09 01:07:41 - [MESSAGE][PASSED] - Object: 'Object Repository/Objects.DateValidation/Page_ISPS2/tooltipErrMsgInvalidDate' is hovered

2020-05-09 01:07:41 - [TEST_STEP][PASSED] - getErrMsg = getAttribute(findTestObject("Objects.DateValidation/Page_ISPS2/tooltipErrMsgInvalidDate"), "data-errorqtip", STOP_ON_FAILURE): Attribute 'data-errorqtip' of object 'Object Repository/Objects.DateValidation/Page_ISPS2/tooltipErrMsgInvalidDate' is: '<ul class="x-list-plain"><li>717179 is not a valid date - it must be in the format d/m/Y</li></ul>'

2020-05-09 01:07:42 - [MESSAGE][PASSED] - Attribute 'data-errorqtip' of object 'Object Repository/Objects.DateValidation/Page_ISPS2/tooltipErrMsgInvalidDate' is: '<ul class="x-list-plain"><li>717179 is not a valid date - it must be in the format d/m/Y</li></ul>'

2020-05-09 01:07:42 - [TEST_STEP][PASSED] - if (getErrMsg.contains("Start")): null

2020-05-09 01:07:42 - [TEST_STEP][PASSED] - else: Actual text '717179 is not a valid date - it must be in the format d/m/Y' and expected text '717179 is not a valid date - it must be in the format d/m/Y' are matched  using regular expression

2020-05-09 01:07:42 - [TEST_STEP][PASSED] - getTotalLength = getErrMsg.length(): null

2020-05-09 01:07:42 - [TEST_STEP][PASSED] - RemoveULClass = getErrMsg.substring(29, getTotalLength): null

2020-05-09 01:07:42 - [TEST_STEP][PASSED] - LengthNoUlClass = RemoveULClass.length() - 10: null

2020-05-09 01:07:42 - [TEST_STEP][PASSED] - ToolTipInvErrMsg = RemoveULClass.substring(0, LengthNoUlClass): null

2020-05-09 01:07:42 - [TEST_STEP][PASSED] - ExpectedInvalidErrMsg = concatenate(getInputInvalidDate, " ", NotValidDt): Concatenated string array: '['717179',' ','is not a valid date - it must be in the format d/m/Y']' into '717179 is not a valid date - it must be in the format d/m/Y'

2020-05-09 01:07:42 - [MESSAGE][PASSED] - Concatenated string array: '['717179',' ','is not a valid date - it must be in the format d/m/Y']' into '717179 is not a valid date - it must be in the format d/m/Y'

2020-05-09 01:07:42 - [TEST_STEP][PASSED] - verifyMatch(ToolTipInvErrMsg, ExpectedInvalidErrMsg, true): Actual text '717179 is not a valid date - it must be in the format d/m/Y' and expected text '717179 is not a valid date - it must be in the format d/m/Y' are matched  using regular expression

2020-05-09 01:07:42 - [MESSAGE][PASSED] - Actual text '717179 is not a valid date - it must be in the format d/m/Y' and expected text '717179 is not a valid date - it must be in the format d/m/Y' are matched  using regular expression

2020-05-09 01:07:42 - [TEST_STEP][PASSED] - sendKeys(DateFieldNm, Keys.chord(ARROW_LEFT)): Keys 'LEFT + ' sent to object: 'Object Repository/Objects.DateValidation/Page_ISPS2/input__orderDt'

2020-05-09 01:07:42 - [MESSAGE][PASSED] - Keys 'LEFT + ' sent to object: 'Object Repository/Objects.DateValidation/Page_ISPS2/input__orderDt'

2020-05-09 01:07:42 - [TEST_STEP][PASSED] - sendKeys(DateFieldNm, Keys.chord(LEFT_CONTROL, "a")): Keys 'CONTROL + a' sent to object: 'Object Repository/Objects.DateValidation/Page_ISPS2/input__orderDt'

2020-05-09 01:07:42 - [MESSAGE][PASSED] - Keys 'CONTROL + a' sent to object: 'Object Repository/Objects.DateValidation/Page_ISPS2/input__orderDt'

2020-05-09 01:07:42 - [TEST_STEP][PASSED] - sendKeys(DateFieldNm, Keys.chord(BACK_SPACE)): Keys 'BACK_SPACE + ' sent to object: 'Object Repository/Objects.DateValidation/Page_ISPS2/input__orderDt'

2020-05-09 01:07:43 - [MESSAGE][PASSED] - Keys 'BACK_SPACE + ' sent to object: 'Object Repository/Objects.DateValidation/Page_ISPS2/input__orderDt'

2020-05-09 01:07:43 - [TEST_STEP][PASSED] - delay(5): Delayed 5 second(s)

2020-05-09 01:07:48 - [MESSAGE][PASSED] - Delayed 5 second(s)

2020-05-09 01:07:48 - [TEST_STEP][PASSED] - setText(DateFieldNm, TodayDate): Text '09/05/2020' is set on object 'Object Repository/Objects.DateValidation/Page_ISPS2/input__orderDt'

2020-05-09 01:07:48 - [MESSAGE][PASSED] - Text '09/05/2020' is set on object 'Object Repository/Objects.DateValidation/Page_ISPS2/input__orderDt'

2020-05-09 01:07:48 - [TEST_STEP][PASSED] - verifyElementNotPresent(findTestObject("Objects.DateValidation/Page_ISPS2/tooltipReqErrMsg"), 0): Web element with id: 'Object Repository/Objects.DateValidation/Page_ISPS2/tooltipReqErrMsg' located by 'By.xpath: //input[contains(@data-errorqtip, 'required') and @name = 'eotFromDate']' is not present after '30' second(s)

2020-05-09 01:07:48 - [MESSAGE][WARNING] - Timeout '0' is invalid. Using default page load timeout: '30'

2020-05-09 01:07:49 - [MESSAGE][PASSED] - Web element with id: 'Object Repository/Objects.DateValidation/Page_ISPS2/tooltipReqErrMsg' located by 'By.xpath: //input[contains(@data-errorqtip, 'required') and @name = 'eotFromDate']' is not present after '30' second(s)

2020-05-09 01:07:49 - [TEST_STEP][PASSED] - sendKeys(DateFieldNm, Keys.chord(LEFT_CONTROL, "a")): Keys 'CONTROL + a' sent to object: 'Object Repository/Objects.DateValidation/Page_ISPS2/input__orderDt'

2020-05-09 01:07:49 - [MESSAGE][PASSED] - Keys 'CONTROL + a' sent to object: 'Object Repository/Objects.DateValidation/Page_ISPS2/input__orderDt'

2020-05-09 01:07:49 - [TEST_STEP][PASSED] - clearText(DateFieldNm): Text of object 'Object Repository/Objects.DateValidation/Page_ISPS2/input__orderDt' is cleared

2020-05-09 01:07:50 - [MESSAGE][PASSED] - Text of object 'Object Repository/Objects.DateValidation/Page_ISPS2/input__orderDt' is cleared

2020-05-09 01:07:50 - [TEST_STEP][PASSED] - delay(5): Delayed 5 second(s)

2020-05-09 01:07:55 - [MESSAGE][PASSED] - Delayed 5 second(s)

2020-05-09 01:07:55 - [TEST_STEP][PASSED] - focus(DateFieldNm): Object: 'Object Repository/Objects.DateValidation/Page_ISPS2/input__orderDt' is focused

2020-05-09 01:07:55 - [MESSAGE][PASSED] - Object: 'Object Repository/Objects.DateValidation/Page_ISPS2/input__orderDt' is focused

2020-05-09 01:07:55 - [TEST_STEP][PASSED] - mouseOver(DateFieldNm): Object: 'Object Repository/Objects.DateValidation/Page_ISPS2/input__orderDt' is hovered

2020-05-09 01:07:55 - [MESSAGE][PASSED] - Object: 'Object Repository/Objects.DateValidation/Page_ISPS2/input__orderDt' is hovered

2020-05-09 01:07:55 - [TEST_STEP][PASSED] - getRqErrMsg = getAttribute(DateFieldNm, "data-errorqtip", STOP_ON_FAILURE): Attribute 'data-errorqtip' of object 'Object Repository/Objects.DateValidation/Page_ISPS2/input__orderDt' is: '<ul class="x-list-plain"><li>This field is required</li></ul>'

2020-05-09 01:07:55 - [MESSAGE][PASSED] - Attribute 'data-errorqtip' of object 'Object Repository/Objects.DateValidation/Page_ISPS2/input__orderDt' is: '<ul class="x-list-plain"><li>This field is required</li></ul>'

2020-05-09 01:07:55 - [TEST_STEP][PASSED] - strToolTip = getRqErrMsg.substring(29, 61): null

2020-05-09 01:07:55 - [TEST_STEP][PASSED] - toolTipReqErrMsg = strToolTip.substring(0, 22): null

2020-05-09 01:07:55 - [TEST_STEP][PASSED] - verifyMatch(toolTipReqErrMsg, RqField, true, STOP_ON_FAILURE): Actual text 'This field is required' and expected text 'This field is required' are matched  using regular expression

2020-05-09 01:07:55 - [MESSAGE][PASSED] - Actual text 'This field is required' and expected text 'This field is required' are matched  using regular expression

2020-05-09 01:07:55 - [TEST_STEP][PASSED] - if (PastDtValidation == "Y"): null

2020-05-09 01:07:55 - [TEST_STEP][PASSED] - setText(DateFieldNm, TodayDate): Text '09/05/2020' is set on object 'Object Repository/Objects.DateValidation/Page_ISPS2/input__orderDt'

2020-05-09 01:07:56 - [MESSAGE][PASSED] - Text '09/05/2020' is set on object 'Object Repository/Objects.DateValidation/Page_ISPS2/input__orderDt'

2020-05-09 01:07:56 - [TEST_STEP][NOT_RUN] - com.reusableComponents.clickUsingJS.clickUsingJS(findTestObject("Object Repository/Objects.DateValidation/Page_ISPS2/div_DatePicker"), 0): NOT_RUN: com.reusableComponents.clickUsingJS.clickUsingJS(findTestObject("Object Repository/Objects.DateValidation/Page_ISPS2/div_DatePicker"), 0)

2020-05-09 01:07:56 - [MESSAGE][NOT_RUN] - NOT_RUN: com.reusableComponents.clickUsingJS.clickUsingJS(findTestObject("Object Repository/Objects.DateValidation/Page_ISPS2/div_DatePicker"), 0)

2020-05-09 01:07:56 - [TEST_STEP][NOT_RUN] - com.reusableComponents.HighlightElement.run(findTestObject("Object Repository/Objects.DateValidation/Page_ISPS2/a_Today")): NOT_RUN: com.reusableComponents.HighlightElement.run(findTestObject("Object Repository/Objects.DateValidation/Page_ISPS2/a_Today"))

2020-05-09 01:07:56 - [MESSAGE][NOT_RUN] - NOT_RUN: com.reusableComponents.HighlightElement.run(findTestObject("Object Repository/Objects.DateValidation/Page_ISPS2/a_Today"))

2020-05-09 01:07:56 - [TEST_STEP][NOT_RUN] - com.reusableComponents.clickUsingJS.clickUsingJS(findTestObject("Object Repository/Objects.DateValidation/Page_ISPS2/a_Today"), 0): NOT_RUN: com.reusableComponents.clickUsingJS.clickUsingJS(findTestObject("Object Repository/Objects.DateValidation/Page_ISPS2/a_Today"), 0)

2020-05-09 01:07:56 - [MESSAGE][NOT_RUN] - NOT_RUN: com.reusableComponents.clickUsingJS.clickUsingJS(findTestObject("Object Repository/Objects.DateValidation/Page_ISPS2/a_Today"), 0)

2020-05-09 01:07:56 - [TEST_STEP][NOT_RUN] - sendKeys(findTestObject("Object Repository/Objects.DateValidation/Page_ISPS2/a_Today"), Keys.chord(SPACE)): NOT_RUN: sendKeys(findTestObject("Object Repository/Objects.DateValidation/Page_ISPS2/a_Today"), Keys.chord(SPACE))

2020-05-09 01:07:56 - [MESSAGE][NOT_RUN] - NOT_RUN: sendKeys(findTestObject("Object Repository/Objects.DateValidation/Page_ISPS2/a_Today"), Keys.chord(SPACE))

2020-05-09 01:07:56 - [TEST_STEP][NOT_RUN] - click(findTestObject("Object Repository/Objects.DateValidation/Page_ISPS2/a_Today")): NOT_RUN: click(findTestObject("Object Repository/Objects.DateValidation/Page_ISPS2/a_Today"))

2020-05-09 01:07:56 - [MESSAGE][NOT_RUN] - NOT_RUN: click(findTestObject("Object Repository/Objects.DateValidation/Page_ISPS2/a_Today"))

2020-05-09 01:07:56 - [TEST_STEP][NOT_RUN] - getDate = getAttribute(findTestObject("Objects.DateValidation/Page_ISPS2/input__orderDt"), "value", STOP_ON_FAILURE): NOT_RUN: getDate = getAttribute(findTestObject("Objects.DateValidation/Page_ISPS2/input__orderDt"), "value", STOP_ON_FAILURE)

2020-05-09 01:07:56 - [MESSAGE][NOT_RUN] - NOT_RUN: getDate = getAttribute(findTestObject("Objects.DateValidation/Page_ISPS2/input__orderDt"), "value", STOP_ON_FAILURE)

2020-05-09 01:07:56 - [TEST_STEP][NOT_RUN] - println(getDate): NOT_RUN: println(getDate)

2020-05-09 01:07:56 - [MESSAGE][NOT_RUN] - NOT_RUN: println(getDate)

2020-05-09 01:07:56 - [MESSAGE][PASSED] - Call Test Case 'Test Cases/Components/00_Precision and Scale/DateValidation' successfully

2020-05-09 01:07:56 - [TEST_STEP][PASSED] - callTestCase(findTestCase("Components/00_Precision and Scale/DateValidation"), ["LblNm":"Inspection D2a Receive Date *:", "FldNm":"d2aRecvDt", "MinLen":9, "PastDtValidation":"N"], STOP_ON_FAILURE): Call Test Case 'Test Cases/Components/00_Precision and Scale/DateValidation' successfully

2020-05-09 01:07:56 - [TEST_CASE][PASSED] - Test Cases/Components/00_Precision and Scale/DateValidation: Test Cases/Components/00_Precision and Scale/DateValidation

2020-05-09 01:07:56 - [TEST_STEP][PASSED] - Thread.sleep(3000): null

2020-05-09 01:07:59 - [TEST_STEP][PASSED] - date = new java.util.Date(): null

2020-05-09 01:07:59 - [TEST_STEP][PASSED] - CurrentDate = new java.text.SimpleDateFormat(dd/MM/yyyy): null

2020-05-09 01:07:59 - [TEST_STEP][PASSED] - TodayDate = CurrentDate.format(date): null

2020-05-09 01:07:59 - [TEST_STEP][PASSED] - Alphabetic = z).join(): null

2020-05-09 01:07:59 - [TEST_STEP][PASSED] - Numeric = 9).join(): null

2020-05-09 01:07:59 - [TEST_STEP][PASSED] - SpecialChar = "`~!@#$%^&*()-=+_{}|\][;'":,.?><"": null

2020-05-09 01:07:59 - [TEST_STEP][PASSED] - RandomAlpha = RandomStringUtils.random(MinLen, Alphabetic.toCharArray()): null

2020-05-09 01:07:59 - [TEST_STEP][PASSED] - RandomNumeric = RandomStringUtils.random(MinLen, Numeric): null

2020-05-09 01:07:59 - [TEST_STEP][PASSED] - RdmSpChar = RandomStringUtils.random(MinLen, SpecialChar): null

2020-05-09 01:07:59 - [TEST_STEP][PASSED] - NewLblNm = modifyObjectProperty(findTestObject("Objects.DateValidation/Page_ISPS2/label_Name"), "text", "equals", LblNm, true): Modify property of object successfully

2020-05-09 01:07:59 - [MESSAGE][PASSED] - Modify property of object successfully

2020-05-09 01:07:59 - [TEST_STEP][PASSED] - com.reusableComponents.HighlightElement.run(NewLblNm): com.reusableComponents.HighlightElement.run is PASSED

2020-05-09 01:08:00 - [MESSAGE][PASSED] - com.reusableComponents.HighlightElement.run is PASSED

2020-05-09 01:08:00 - [TEST_STEP][PASSED] - DateFieldNm = modifyObjectProperty(findTestObject("Object Repository/Objects.DateValidation/Page_ISPS2/input__orderDt"), "name", "equals", FldNm, true): Modify property of object successfully

2020-05-09 01:08:00 - [MESSAGE][PASSED] - Modify property of object successfully

2020-05-09 01:08:00 - [TEST_STEP][PASSED] - com.reusableComponents.HighlightElement.run(DateFieldNm): com.reusableComponents.HighlightElement.run is PASSED

2020-05-09 01:08:00 - [MESSAGE][PASSED] - com.reusableComponents.HighlightElement.run is PASSED

2020-05-09 01:08:00 - [TEST_STEP][PASSED] - focus(DateFieldNm): Object: 'Object Repository/Objects.DateValidation/Page_ISPS2/input__orderDt' is focused

2020-05-09 01:08:01 - [MESSAGE][PASSED] - Object: 'Object Repository/Objects.DateValidation/Page_ISPS2/input__orderDt' is focused

2020-05-09 01:08:01 - [TEST_STEP][PASSED] - DefaultValue = getAttribute(DateFieldNm, "value", STOP_ON_FAILURE): Attribute 'value' of object 'Object Repository/Objects.DateValidation/Page_ISPS2/input__orderDt' is: ''

2020-05-09 01:08:01 - [MESSAGE][PASSED] - Attribute 'value' of object 'Object Repository/Objects.DateValidation/Page_ISPS2/input__orderDt' is: ''

2020-05-09 01:08:01 - [TEST_STEP][PASSED] - verifyMatch(DefaultValue, "", true): Actual text '' and expected text '' are matched  using regular expression

2020-05-09 01:08:01 - [MESSAGE][PASSED] - Actual text '' and expected text '' are matched  using regular expression

2020-05-09 01:08:01 - [TEST_STEP][PASSED] - setText(DateFieldNm, RandomAlpha): Text 'TtXEqJEGb' is set on object 'Object Repository/Objects.DateValidation/Page_ISPS2/input__orderDt'

2020-05-09 01:08:01 - [MESSAGE][PASSED] - Text 'TtXEqJEGb' is set on object 'Object Repository/Objects.DateValidation/Page_ISPS2/input__orderDt'

2020-05-09 01:08:01 - [TEST_STEP][PASSED] - getInputAlpha = getAttribute(DateFieldNm, "value", STOP_ON_FAILURE): Attribute 'value' of object 'Object Repository/Objects.DateValidation/Page_ISPS2/input__orderDt' is: ''

2020-05-09 01:08:01 - [MESSAGE][PASSED] - Attribute 'value' of object 'Object Repository/Objects.DateValidation/Page_ISPS2/input__orderDt' is: ''

2020-05-09 01:08:01 - [TEST_STEP][PASSED] - verifyMatch("", getInputAlpha, true, STOP_ON_FAILURE): Actual text '' and expected text '' are matched  using regular expression

2020-05-09 01:08:01 - [MESSAGE][PASSED] - Actual text '' and expected text '' are matched  using regular expression

2020-05-09 01:08:01 - [TEST_STEP][PASSED] - delay(5): Delayed 5 second(s)

2020-05-09 01:08:06 - [MESSAGE][PASSED] - Delayed 5 second(s)

2020-05-09 01:08:06 - [TEST_STEP][PASSED] - setText(DateFieldNm, RdmSpChar): Text '#@!%=`^{_' is set on object 'Object Repository/Objects.DateValidation/Page_ISPS2/input__orderDt'

2020-05-09 01:08:07 - [MESSAGE][PASSED] - Text '#@!%=`^{_' is set on object 'Object Repository/Objects.DateValidation/Page_ISPS2/input__orderDt'

2020-05-09 01:08:07 - [TEST_STEP][PASSED] - getInputSpecialChar = getAttribute(DateFieldNm, "value", STOP_ON_FAILURE): Attribute 'value' of object 'Object Repository/Objects.DateValidation/Page_ISPS2/input__orderDt' is: ''

2020-05-09 01:08:07 - [MESSAGE][PASSED] - Attribute 'value' of object 'Object Repository/Objects.DateValidation/Page_ISPS2/input__orderDt' is: ''

2020-05-09 01:08:07 - [TEST_STEP][PASSED] - verifyMatch("", getInputSpecialChar, true, STOP_ON_FAILURE): Actual text '' and expected text '' are matched  using regular expression

2020-05-09 01:08:07 - [MESSAGE][PASSED] - Actual text '' and expected text '' are matched  using regular expression

2020-05-09 01:08:07 - [TEST_STEP][PASSED] - delay(5): Delayed 5 second(s)

2020-05-09 01:08:12 - [MESSAGE][PASSED] - Delayed 5 second(s)

2020-05-09 01:08:12 - [TEST_STEP][PASSED] - setText(DateFieldNm, RandomNumeric): Text '102536198' is set on object 'Object Repository/Objects.DateValidation/Page_ISPS2/input__orderDt'

2020-05-09 01:08:12 - [MESSAGE][PASSED] - Text '102536198' is set on object 'Object Repository/Objects.DateValidation/Page_ISPS2/input__orderDt'

2020-05-09 01:08:12 - [TEST_STEP][PASSED] - getInputInvalidDate = getAttribute(findTestObject("Objects.DateValidation/Page_ISPS2/tooltipErrMsgInvalidDate"), "value", STOP_ON_FAILURE): Attribute 'value' of object 'Object Repository/Objects.DateValidation/Page_ISPS2/tooltipErrMsgInvalidDate' is: '102536198'

2020-05-09 01:08:13 - [MESSAGE][PASSED] - Attribute 'value' of object 'Object Repository/Objects.DateValidation/Page_ISPS2/tooltipErrMsgInvalidDate' is: '102536198'

2020-05-09 01:08:13 - [TEST_STEP][PASSED] - mouseOver(findTestObject("Objects.DateValidation/Page_ISPS2/tooltipErrMsgInvalidDate"), STOP_ON_FAILURE): Object: 'Object Repository/Objects.DateValidation/Page_ISPS2/tooltipErrMsgInvalidDate' is hovered

2020-05-09 01:08:13 - [MESSAGE][PASSED] - Object: 'Object Repository/Objects.DateValidation/Page_ISPS2/tooltipErrMsgInvalidDate' is hovered

2020-05-09 01:08:13 - [TEST_STEP][PASSED] - getErrMsg = getAttribute(findTestObject("Objects.DateValidation/Page_ISPS2/tooltipErrMsgInvalidDate"), "data-errorqtip", STOP_ON_FAILURE): Attribute 'data-errorqtip' of object 'Object Repository/Objects.DateValidation/Page_ISPS2/tooltipErrMsgInvalidDate' is: '<ul class="x-list-plain"><li>102536198 is not a valid date - it must be in the format d/m/Y</li></ul>'

2020-05-09 01:08:13 - [MESSAGE][PASSED] - Attribute 'data-errorqtip' of object 'Object Repository/Objects.DateValidation/Page_ISPS2/tooltipErrMsgInvalidDate' is: '<ul class="x-list-plain"><li>102536198 is not a valid date - it must be in the format d/m/Y</li></ul>'

2020-05-09 01:08:13 - [TEST_STEP][PASSED] - if (getErrMsg.contains("Start")): null

2020-05-09 01:08:13 - [TEST_STEP][PASSED] - else: Actual text '102536198 is not a valid date - it must be in the format d/m/Y' and expected text '102536198 is not a valid date - it must be in the format d/m/Y' are matched  using regular expression

2020-05-09 01:08:13 - [TEST_STEP][PASSED] - getTotalLength = getErrMsg.length(): null

2020-05-09 01:08:13 - [TEST_STEP][PASSED] - RemoveULClass = getErrMsg.substring(29, getTotalLength): null

2020-05-09 01:08:13 - [TEST_STEP][PASSED] - LengthNoUlClass = RemoveULClass.length() - 10: null

2020-05-09 01:08:13 - [TEST_STEP][PASSED] - ToolTipInvErrMsg = RemoveULClass.substring(0, LengthNoUlClass): null

2020-05-09 01:08:13 - [TEST_STEP][PASSED] - ExpectedInvalidErrMsg = concatenate(getInputInvalidDate, " ", NotValidDt): Concatenated string array: '['102536198',' ','is not a valid date - it must be in the format d/m/Y']' into '102536198 is not a valid date - it must be in the format d/m/Y'

2020-05-09 01:08:13 - [MESSAGE][PASSED] - Concatenated string array: '['102536198',' ','is not a valid date - it must be in the format d/m/Y']' into '102536198 is not a valid date - it must be in the format d/m/Y'

2020-05-09 01:08:13 - [TEST_STEP][PASSED] - verifyMatch(ToolTipInvErrMsg, ExpectedInvalidErrMsg, true): Actual text '102536198 is not a valid date - it must be in the format d/m/Y' and expected text '102536198 is not a valid date - it must be in the format d/m/Y' are matched  using regular expression

2020-05-09 01:08:14 - [MESSAGE][PASSED] - Actual text '102536198 is not a valid date - it must be in the format d/m/Y' and expected text '102536198 is not a valid date - it must be in the format d/m/Y' are matched  using regular expression

2020-05-09 01:08:14 - [TEST_STEP][PASSED] - sendKeys(DateFieldNm, Keys.chord(ARROW_LEFT)): Keys 'LEFT + ' sent to object: 'Object Repository/Objects.DateValidation/Page_ISPS2/input__orderDt'

2020-05-09 01:08:14 - [MESSAGE][PASSED] - Keys 'LEFT + ' sent to object: 'Object Repository/Objects.DateValidation/Page_ISPS2/input__orderDt'

2020-05-09 01:08:14 - [TEST_STEP][PASSED] - sendKeys(DateFieldNm, Keys.chord(LEFT_CONTROL, "a")): Keys 'CONTROL + a' sent to object: 'Object Repository/Objects.DateValidation/Page_ISPS2/input__orderDt'

2020-05-09 01:08:14 - [MESSAGE][PASSED] - Keys 'CONTROL + a' sent to object: 'Object Repository/Objects.DateValidation/Page_ISPS2/input__orderDt'

2020-05-09 01:08:14 - [TEST_STEP][PASSED] - sendKeys(DateFieldNm, Keys.chord(BACK_SPACE)): Keys 'BACK_SPACE + ' sent to object: 'Object Repository/Objects.DateValidation/Page_ISPS2/input__orderDt'

2020-05-09 01:08:15 - [MESSAGE][PASSED] - Keys 'BACK_SPACE + ' sent to object: 'Object Repository/Objects.DateValidation/Page_ISPS2/input__orderDt'

2020-05-09 01:08:15 - [TEST_STEP][PASSED] - delay(5): Delayed 5 second(s)

2020-05-09 01:08:20 - [MESSAGE][PASSED] - Delayed 5 second(s)

2020-05-09 01:08:20 - [TEST_STEP][PASSED] - setText(DateFieldNm, TodayDate): Text '09/05/2020' is set on object 'Object Repository/Objects.DateValidation/Page_ISPS2/input__orderDt'

2020-05-09 01:08:20 - [MESSAGE][PASSED] - Text '09/05/2020' is set on object 'Object Repository/Objects.DateValidation/Page_ISPS2/input__orderDt'

2020-05-09 01:08:20 - [TEST_STEP][PASSED] - verifyElementNotPresent(findTestObject("Objects.DateValidation/Page_ISPS2/tooltipReqErrMsg"), 0): Web element with id: 'Object Repository/Objects.DateValidation/Page_ISPS2/tooltipReqErrMsg' located by 'By.xpath: //input[contains(@data-errorqtip, 'required') and @name = 'eotFromDate']' is not present after '30' second(s)

2020-05-09 01:08:20 - [MESSAGE][WARNING] - Timeout '0' is invalid. Using default page load timeout: '30'

2020-05-09 01:08:20 - [MESSAGE][PASSED] - Web element with id: 'Object Repository/Objects.DateValidation/Page_ISPS2/tooltipReqErrMsg' located by 'By.xpath: //input[contains(@data-errorqtip, 'required') and @name = 'eotFromDate']' is not present after '30' second(s)

2020-05-09 01:08:20 - [TEST_STEP][PASSED] - sendKeys(DateFieldNm, Keys.chord(LEFT_CONTROL, "a")): Keys 'CONTROL + a' sent to object: 'Object Repository/Objects.DateValidation/Page_ISPS2/input__orderDt'

2020-05-09 01:08:21 - [MESSAGE][PASSED] - Keys 'CONTROL + a' sent to object: 'Object Repository/Objects.DateValidation/Page_ISPS2/input__orderDt'

2020-05-09 01:08:21 - [TEST_STEP][PASSED] - clearText(DateFieldNm): Text of object 'Object Repository/Objects.DateValidation/Page_ISPS2/input__orderDt' is cleared

2020-05-09 01:08:21 - [MESSAGE][PASSED] - Text of object 'Object Repository/Objects.DateValidation/Page_ISPS2/input__orderDt' is cleared

2020-05-09 01:08:21 - [TEST_STEP][PASSED] - delay(5): Delayed 5 second(s)

2020-05-09 01:08:26 - [MESSAGE][PASSED] - Delayed 5 second(s)

2020-05-09 01:08:26 - [TEST_STEP][PASSED] - focus(DateFieldNm): Object: 'Object Repository/Objects.DateValidation/Page_ISPS2/input__orderDt' is focused

2020-05-09 01:08:26 - [MESSAGE][PASSED] - Object: 'Object Repository/Objects.DateValidation/Page_ISPS2/input__orderDt' is focused

2020-05-09 01:08:26 - [TEST_STEP][PASSED] - mouseOver(DateFieldNm): Object: 'Object Repository/Objects.DateValidation/Page_ISPS2/input__orderDt' is hovered

2020-05-09 01:08:26 - [MESSAGE][PASSED] - Object: 'Object Repository/Objects.DateValidation/Page_ISPS2/input__orderDt' is hovered

2020-05-09 01:08:26 - [TEST_STEP][PASSED] - getRqErrMsg = getAttribute(DateFieldNm, "data-errorqtip", STOP_ON_FAILURE): Attribute 'data-errorqtip' of object 'Object Repository/Objects.DateValidation/Page_ISPS2/input__orderDt' is: '<ul class="x-list-plain"><li>This field is required</li></ul>'

2020-05-09 01:08:27 - [MESSAGE][PASSED] - Attribute 'data-errorqtip' of object 'Object Repository/Objects.DateValidation/Page_ISPS2/input__orderDt' is: '<ul class="x-list-plain"><li>This field is required</li></ul>'

2020-05-09 01:08:27 - [TEST_STEP][PASSED] - strToolTip = getRqErrMsg.substring(29, 61): null

2020-05-09 01:08:27 - [TEST_STEP][PASSED] - toolTipReqErrMsg = strToolTip.substring(0, 22): null

2020-05-09 01:08:27 - [TEST_STEP][PASSED] - verifyMatch(toolTipReqErrMsg, RqField, true, STOP_ON_FAILURE): Actual text 'This field is required' and expected text 'This field is required' are matched  using regular expression

2020-05-09 01:08:27 - [MESSAGE][PASSED] - Actual text 'This field is required' and expected text 'This field is required' are matched  using regular expression

2020-05-09 01:08:27 - [TEST_STEP][PASSED] - if (PastDtValidation == "Y"): null

2020-05-09 01:08:27 - [TEST_STEP][PASSED] - setText(DateFieldNm, TodayDate): Text '09/05/2020' is set on object 'Object Repository/Objects.DateValidation/Page_ISPS2/input__orderDt'

2020-05-09 01:08:27 - [MESSAGE][PASSED] - Text '09/05/2020' is set on object 'Object Repository/Objects.DateValidation/Page_ISPS2/input__orderDt'

2020-05-09 01:08:27 - [TEST_STEP][NOT_RUN] - com.reusableComponents.clickUsingJS.clickUsingJS(findTestObject("Object Repository/Objects.DateValidation/Page_ISPS2/div_DatePicker"), 0): NOT_RUN: com.reusableComponents.clickUsingJS.clickUsingJS(findTestObject("Object Repository/Objects.DateValidation/Page_ISPS2/div_DatePicker"), 0)

2020-05-09 01:08:27 - [MESSAGE][NOT_RUN] - NOT_RUN: com.reusableComponents.clickUsingJS.clickUsingJS(findTestObject("Object Repository/Objects.DateValidation/Page_ISPS2/div_DatePicker"), 0)

2020-05-09 01:08:27 - [TEST_STEP][NOT_RUN] - com.reusableComponents.HighlightElement.run(findTestObject("Object Repository/Objects.DateValidation/Page_ISPS2/a_Today")): NOT_RUN: com.reusableComponents.HighlightElement.run(findTestObject("Object Repository/Objects.DateValidation/Page_ISPS2/a_Today"))

2020-05-09 01:08:27 - [MESSAGE][NOT_RUN] - NOT_RUN: com.reusableComponents.HighlightElement.run(findTestObject("Object Repository/Objects.DateValidation/Page_ISPS2/a_Today"))

2020-05-09 01:08:27 - [TEST_STEP][NOT_RUN] - com.reusableComponents.clickUsingJS.clickUsingJS(findTestObject("Object Repository/Objects.DateValidation/Page_ISPS2/a_Today"), 0): NOT_RUN: com.reusableComponents.clickUsingJS.clickUsingJS(findTestObject("Object Repository/Objects.DateValidation/Page_ISPS2/a_Today"), 0)

2020-05-09 01:08:27 - [MESSAGE][NOT_RUN] - NOT_RUN: com.reusableComponents.clickUsingJS.clickUsingJS(findTestObject("Object Repository/Objects.DateValidation/Page_ISPS2/a_Today"), 0)

2020-05-09 01:08:27 - [TEST_STEP][NOT_RUN] - sendKeys(findTestObject("Object Repository/Objects.DateValidation/Page_ISPS2/a_Today"), Keys.chord(SPACE)): NOT_RUN: sendKeys(findTestObject("Object Repository/Objects.DateValidation/Page_ISPS2/a_Today"), Keys.chord(SPACE))

2020-05-09 01:08:27 - [MESSAGE][NOT_RUN] - NOT_RUN: sendKeys(findTestObject("Object Repository/Objects.DateValidation/Page_ISPS2/a_Today"), Keys.chord(SPACE))

2020-05-09 01:08:27 - [TEST_STEP][NOT_RUN] - click(findTestObject("Object Repository/Objects.DateValidation/Page_ISPS2/a_Today")): NOT_RUN: click(findTestObject("Object Repository/Objects.DateValidation/Page_ISPS2/a_Today"))

2020-05-09 01:08:27 - [MESSAGE][NOT_RUN] - NOT_RUN: click(findTestObject("Object Repository/Objects.DateValidation/Page_ISPS2/a_Today"))

2020-05-09 01:08:27 - [TEST_STEP][NOT_RUN] - getDate = getAttribute(findTestObject("Objects.DateValidation/Page_ISPS2/input__orderDt"), "value", STOP_ON_FAILURE): NOT_RUN: getDate = getAttribute(findTestObject("Objects.DateValidation/Page_ISPS2/input__orderDt"), "value", STOP_ON_FAILURE)

2020-05-09 01:08:27 - [MESSAGE][NOT_RUN] - NOT_RUN: getDate = getAttribute(findTestObject("Objects.DateValidation/Page_ISPS2/input__orderDt"), "value", STOP_ON_FAILURE)

2020-05-09 01:08:27 - [TEST_STEP][NOT_RUN] - println(getDate): NOT_RUN: println(getDate)

2020-05-09 01:08:27 - [MESSAGE][NOT_RUN] - NOT_RUN: println(getDate)

2020-05-09 01:08:27 - [MESSAGE][PASSED] - Call Test Case 'Test Cases/Components/00_Precision and Scale/DateValidation' successfully

2020-05-09 01:08:27 - [TEST_STEP][PASSED] - callTestCase(findTestCase("Components/00_Precision and Scale/DateValidation"), ["LblNm":"Inspection D2a Compliance Date *:", "FldNm":"d2aComplDt", "MinLen":12, "PastDtValidation":"N"], STOP_ON_FAILURE): Call Test Case 'Test Cases/Components/00_Precision and Scale/DateValidation' successfully

2020-05-09 01:08:27 - [TEST_CASE][PASSED] - Test Cases/Components/00_Precision and Scale/DateValidation: Test Cases/Components/00_Precision and Scale/DateValidation

2020-05-09 01:08:27 - [TEST_STEP][PASSED] - Thread.sleep(3000): null

2020-05-09 01:08:30 - [TEST_STEP][PASSED] - date = new java.util.Date(): null

2020-05-09 01:08:30 - [TEST_STEP][PASSED] - CurrentDate = new java.text.SimpleDateFormat(dd/MM/yyyy): null

2020-05-09 01:08:30 - [TEST_STEP][PASSED] - TodayDate = CurrentDate.format(date): null

2020-05-09 01:08:30 - [TEST_STEP][PASSED] - Alphabetic = z).join(): null

2020-05-09 01:08:30 - [TEST_STEP][PASSED] - Numeric = 9).join(): null

2020-05-09 01:08:30 - [TEST_STEP][PASSED] - SpecialChar = "`~!@#$%^&*()-=+_{}|\][;'":,.?><"": null

2020-05-09 01:08:30 - [TEST_STEP][PASSED] - RandomAlpha = RandomStringUtils.random(MinLen, Alphabetic.toCharArray()): null

2020-05-09 01:08:30 - [TEST_STEP][PASSED] - RandomNumeric = RandomStringUtils.random(MinLen, Numeric): null

2020-05-09 01:08:30 - [TEST_STEP][PASSED] - RdmSpChar = RandomStringUtils.random(MinLen, SpecialChar): null

2020-05-09 01:08:30 - [TEST_STEP][PASSED] - NewLblNm = modifyObjectProperty(findTestObject("Objects.DateValidation/Page_ISPS2/label_Name"), "text", "equals", LblNm, true): Modify property of object successfully

2020-05-09 01:08:30 - [MESSAGE][PASSED] - Modify property of object successfully

2020-05-09 01:08:30 - [TEST_STEP][PASSED] - com.reusableComponents.HighlightElement.run(NewLblNm): com.reusableComponents.HighlightElement.run is PASSED

2020-05-09 01:08:31 - [MESSAGE][PASSED] - com.reusableComponents.HighlightElement.run is PASSED

2020-05-09 01:08:31 - [TEST_STEP][PASSED] - DateFieldNm = modifyObjectProperty(findTestObject("Object Repository/Objects.DateValidation/Page_ISPS2/input__orderDt"), "name", "equals", FldNm, true): Modify property of object successfully

2020-05-09 01:08:31 - [MESSAGE][PASSED] - Modify property of object successfully

2020-05-09 01:08:31 - [TEST_STEP][PASSED] - com.reusableComponents.HighlightElement.run(DateFieldNm): com.reusableComponents.HighlightElement.run is PASSED

2020-05-09 01:08:32 - [MESSAGE][PASSED] - com.reusableComponents.HighlightElement.run is PASSED

2020-05-09 01:08:32 - [TEST_STEP][PASSED] - focus(DateFieldNm): Object: 'Object Repository/Objects.DateValidation/Page_ISPS2/input__orderDt' is focused

2020-05-09 01:08:32 - [MESSAGE][PASSED] - Object: 'Object Repository/Objects.DateValidation/Page_ISPS2/input__orderDt' is focused

2020-05-09 01:08:32 - [TEST_STEP][PASSED] - DefaultValue = getAttribute(DateFieldNm, "value", STOP_ON_FAILURE): Attribute 'value' of object 'Object Repository/Objects.DateValidation/Page_ISPS2/input__orderDt' is: ''

2020-05-09 01:08:32 - [MESSAGE][PASSED] - Attribute 'value' of object 'Object Repository/Objects.DateValidation/Page_ISPS2/input__orderDt' is: ''

2020-05-09 01:08:32 - [TEST_STEP][PASSED] - verifyMatch(DefaultValue, "", true): Actual text '' and expected text '' are matched  using regular expression

2020-05-09 01:08:32 - [MESSAGE][PASSED] - Actual text '' and expected text '' are matched  using regular expression

2020-05-09 01:08:32 - [TEST_STEP][PASSED] - setText(DateFieldNm, RandomAlpha): Text 'EwUTovDvFmiw' is set on object 'Object Repository/Objects.DateValidation/Page_ISPS2/input__orderDt'

2020-05-09 01:08:32 - [MESSAGE][PASSED] - Text 'EwUTovDvFmiw' is set on object 'Object Repository/Objects.DateValidation/Page_ISPS2/input__orderDt'

2020-05-09 01:08:32 - [TEST_STEP][PASSED] - getInputAlpha = getAttribute(DateFieldNm, "value", STOP_ON_FAILURE): Attribute 'value' of object 'Object Repository/Objects.DateValidation/Page_ISPS2/input__orderDt' is: ''

2020-05-09 01:08:33 - [MESSAGE][PASSED] - Attribute 'value' of object 'Object Repository/Objects.DateValidation/Page_ISPS2/input__orderDt' is: ''

2020-05-09 01:08:33 - [TEST_STEP][PASSED] - verifyMatch("", getInputAlpha, true, STOP_ON_FAILURE): Actual text '' and expected text '' are matched  using regular expression

2020-05-09 01:08:33 - [MESSAGE][PASSED] - Actual text '' and expected text '' are matched  using regular expression

2020-05-09 01:08:33 - [TEST_STEP][PASSED] - delay(5): Delayed 5 second(s)

2020-05-09 01:08:38 - [MESSAGE][PASSED] - Delayed 5 second(s)

2020-05-09 01:08:38 - [TEST_STEP][PASSED] - setText(DateFieldNm, RdmSpChar): Text ''$'@:`!`{>|<' is set on object 'Object Repository/Objects.DateValidation/Page_ISPS2/input__orderDt'

2020-05-09 01:08:38 - [MESSAGE][PASSED] - Text ''$'@:`!`{>|<' is set on object 'Object Repository/Objects.DateValidation/Page_ISPS2/input__orderDt'

2020-05-09 01:08:38 - [TEST_STEP][PASSED] - getInputSpecialChar = getAttribute(DateFieldNm, "value", STOP_ON_FAILURE): Attribute 'value' of object 'Object Repository/Objects.DateValidation/Page_ISPS2/input__orderDt' is: ''

2020-05-09 01:08:38 - [MESSAGE][PASSED] - Attribute 'value' of object 'Object Repository/Objects.DateValidation/Page_ISPS2/input__orderDt' is: ''

2020-05-09 01:08:38 - [TEST_STEP][PASSED] - verifyMatch("", getInputSpecialChar, true, STOP_ON_FAILURE): Actual text '' and expected text '' are matched  using regular expression

2020-05-09 01:08:38 - [MESSAGE][PASSED] - Actual text '' and expected text '' are matched  using regular expression

2020-05-09 01:08:38 - [TEST_STEP][PASSED] - delay(5): Delayed 5 second(s)

2020-05-09 01:08:43 - [MESSAGE][PASSED] - Delayed 5 second(s)

2020-05-09 01:08:43 - [TEST_STEP][PASSED] - setText(DateFieldNm, RandomNumeric): Text '261212105514' is set on object 'Object Repository/Objects.DateValidation/Page_ISPS2/input__orderDt'

2020-05-09 01:08:44 - [MESSAGE][PASSED] - Text '261212105514' is set on object 'Object Repository/Objects.DateValidation/Page_ISPS2/input__orderDt'

2020-05-09 01:08:44 - [TEST_STEP][PASSED] - getInputInvalidDate = getAttribute(findTestObject("Objects.DateValidation/Page_ISPS2/tooltipErrMsgInvalidDate"), "value", STOP_ON_FAILURE): Attribute 'value' of object 'Object Repository/Objects.DateValidation/Page_ISPS2/tooltipErrMsgInvalidDate' is: '261212105514'

2020-05-09 01:08:44 - [MESSAGE][PASSED] - Attribute 'value' of object 'Object Repository/Objects.DateValidation/Page_ISPS2/tooltipErrMsgInvalidDate' is: '261212105514'

2020-05-09 01:08:44 - [TEST_STEP][PASSED] - mouseOver(findTestObject("Objects.DateValidation/Page_ISPS2/tooltipErrMsgInvalidDate"), STOP_ON_FAILURE): Object: 'Object Repository/Objects.DateValidation/Page_ISPS2/tooltipErrMsgInvalidDate' is hovered

2020-05-09 01:08:44 - [MESSAGE][PASSED] - Object: 'Object Repository/Objects.DateValidation/Page_ISPS2/tooltipErrMsgInvalidDate' is hovered

2020-05-09 01:08:44 - [TEST_STEP][PASSED] - getErrMsg = getAttribute(findTestObject("Objects.DateValidation/Page_ISPS2/tooltipErrMsgInvalidDate"), "data-errorqtip", STOP_ON_FAILURE): Attribute 'data-errorqtip' of object 'Object Repository/Objects.DateValidation/Page_ISPS2/tooltipErrMsgInvalidDate' is: '<ul class="x-list-plain"><li>261212105514 is not a valid date - it must be in the format d/m/Y</li></ul>'

2020-05-09 01:08:45 - [MESSAGE][PASSED] - Attribute 'data-errorqtip' of object 'Object Repository/Objects.DateValidation/Page_ISPS2/tooltipErrMsgInvalidDate' is: '<ul class="x-list-plain"><li>261212105514 is not a valid date - it must be in the format d/m/Y</li></ul>'

2020-05-09 01:08:45 - [TEST_STEP][PASSED] - if (getErrMsg.contains("Start")): null

2020-05-09 01:08:45 - [TEST_STEP][PASSED] - else: Actual text '261212105514 is not a valid date - it must be in the format d/m/Y' and expected text '261212105514 is not a valid date - it must be in the format d/m/Y' are matched  using regular expression

2020-05-09 01:08:45 - [TEST_STEP][PASSED] - getTotalLength = getErrMsg.length(): null

2020-05-09 01:08:45 - [TEST_STEP][PASSED] - RemoveULClass = getErrMsg.substring(29, getTotalLength): null

2020-05-09 01:08:45 - [TEST_STEP][PASSED] - LengthNoUlClass = RemoveULClass.length() - 10: null

2020-05-09 01:08:45 - [TEST_STEP][PASSED] - ToolTipInvErrMsg = RemoveULClass.substring(0, LengthNoUlClass): null

2020-05-09 01:08:45 - [TEST_STEP][PASSED] - ExpectedInvalidErrMsg = concatenate(getInputInvalidDate, " ", NotValidDt): Concatenated string array: '['261212105514',' ','is not a valid date - it must be in the format d/m/Y']' into '261212105514 is not a valid date - it must be in the format d/m/Y'

2020-05-09 01:08:45 - [MESSAGE][PASSED] - Concatenated string array: '['261212105514',' ','is not a valid date - it must be in the format d/m/Y']' into '261212105514 is not a valid date - it must be in the format d/m/Y'

2020-05-09 01:08:45 - [TEST_STEP][PASSED] - verifyMatch(ToolTipInvErrMsg, ExpectedInvalidErrMsg, true): Actual text '261212105514 is not a valid date - it must be in the format d/m/Y' and expected text '261212105514 is not a valid date - it must be in the format d/m/Y' are matched  using regular expression

2020-05-09 01:08:45 - [MESSAGE][PASSED] - Actual text '261212105514 is not a valid date - it must be in the format d/m/Y' and expected text '261212105514 is not a valid date - it must be in the format d/m/Y' are matched  using regular expression

2020-05-09 01:08:45 - [TEST_STEP][PASSED] - sendKeys(DateFieldNm, Keys.chord(ARROW_LEFT)): Keys 'LEFT + ' sent to object: 'Object Repository/Objects.DateValidation/Page_ISPS2/input__orderDt'

2020-05-09 01:08:45 - [MESSAGE][PASSED] - Keys 'LEFT + ' sent to object: 'Object Repository/Objects.DateValidation/Page_ISPS2/input__orderDt'

2020-05-09 01:08:45 - [TEST_STEP][PASSED] - sendKeys(DateFieldNm, Keys.chord(LEFT_CONTROL, "a")): Keys 'CONTROL + a' sent to object: 'Object Repository/Objects.DateValidation/Page_ISPS2/input__orderDt'

2020-05-09 01:08:45 - [MESSAGE][PASSED] - Keys 'CONTROL + a' sent to object: 'Object Repository/Objects.DateValidation/Page_ISPS2/input__orderDt'

2020-05-09 01:08:45 - [TEST_STEP][PASSED] - sendKeys(DateFieldNm, Keys.chord(BACK_SPACE)): Keys 'BACK_SPACE + ' sent to object: 'Object Repository/Objects.DateValidation/Page_ISPS2/input__orderDt'

2020-05-09 01:08:46 - [MESSAGE][PASSED] - Keys 'BACK_SPACE + ' sent to object: 'Object Repository/Objects.DateValidation/Page_ISPS2/input__orderDt'

2020-05-09 01:08:46 - [TEST_STEP][PASSED] - delay(5): Delayed 5 second(s)

2020-05-09 01:08:51 - [MESSAGE][PASSED] - Delayed 5 second(s)

2020-05-09 01:08:51 - [TEST_STEP][PASSED] - setText(DateFieldNm, TodayDate): Text '09/05/2020' is set on object 'Object Repository/Objects.DateValidation/Page_ISPS2/input__orderDt'

2020-05-09 01:08:51 - [MESSAGE][PASSED] - Text '09/05/2020' is set on object 'Object Repository/Objects.DateValidation/Page_ISPS2/input__orderDt'

2020-05-09 01:08:51 - [TEST_STEP][PASSED] - verifyElementNotPresent(findTestObject("Objects.DateValidation/Page_ISPS2/tooltipReqErrMsg"), 0): Web element with id: 'Object Repository/Objects.DateValidation/Page_ISPS2/tooltipReqErrMsg' located by 'By.xpath: //input[contains(@data-errorqtip, 'required') and @name = 'eotFromDate']' is not present after '30' second(s)

2020-05-09 01:08:51 - [MESSAGE][WARNING] - Timeout '0' is invalid. Using default page load timeout: '30'

2020-05-09 01:08:52 - [MESSAGE][PASSED] - Web element with id: 'Object Repository/Objects.DateValidation/Page_ISPS2/tooltipReqErrMsg' located by 'By.xpath: //input[contains(@data-errorqtip, 'required') and @name = 'eotFromDate']' is not present after '30' second(s)

2020-05-09 01:08:52 - [TEST_STEP][PASSED] - sendKeys(DateFieldNm, Keys.chord(LEFT_CONTROL, "a")): Keys 'CONTROL + a' sent to object: 'Object Repository/Objects.DateValidation/Page_ISPS2/input__orderDt'

2020-05-09 01:08:52 - [MESSAGE][PASSED] - Keys 'CONTROL + a' sent to object: 'Object Repository/Objects.DateValidation/Page_ISPS2/input__orderDt'

2020-05-09 01:08:52 - [TEST_STEP][PASSED] - clearText(DateFieldNm): Text of object 'Object Repository/Objects.DateValidation/Page_ISPS2/input__orderDt' is cleared

2020-05-09 01:08:52 - [MESSAGE][PASSED] - Text of object 'Object Repository/Objects.DateValidation/Page_ISPS2/input__orderDt' is cleared

2020-05-09 01:08:52 - [TEST_STEP][PASSED] - delay(5): Delayed 5 second(s)

2020-05-09 01:08:57 - [MESSAGE][PASSED] - Delayed 5 second(s)

2020-05-09 01:08:57 - [TEST_STEP][PASSED] - focus(DateFieldNm): Object: 'Object Repository/Objects.DateValidation/Page_ISPS2/input__orderDt' is focused

2020-05-09 01:08:57 - [MESSAGE][PASSED] - Object: 'Object Repository/Objects.DateValidation/Page_ISPS2/input__orderDt' is focused

2020-05-09 01:08:57 - [TEST_STEP][PASSED] - mouseOver(DateFieldNm): Object: 'Object Repository/Objects.DateValidation/Page_ISPS2/input__orderDt' is hovered

2020-05-09 01:08:58 - [MESSAGE][PASSED] - Object: 'Object Repository/Objects.DateValidation/Page_ISPS2/input__orderDt' is hovered

2020-05-09 01:08:58 - [TEST_STEP][PASSED] - getRqErrMsg = getAttribute(DateFieldNm, "data-errorqtip", STOP_ON_FAILURE): Attribute 'data-errorqtip' of object 'Object Repository/Objects.DateValidation/Page_ISPS2/input__orderDt' is: '<ul class="x-list-plain"><li>This field is required</li></ul>'

2020-05-09 01:08:58 - [MESSAGE][PASSED] - Attribute 'data-errorqtip' of object 'Object Repository/Objects.DateValidation/Page_ISPS2/input__orderDt' is: '<ul class="x-list-plain"><li>This field is required</li></ul>'

2020-05-09 01:08:58 - [TEST_STEP][PASSED] - strToolTip = getRqErrMsg.substring(29, 61): null

2020-05-09 01:08:58 - [TEST_STEP][PASSED] - toolTipReqErrMsg = strToolTip.substring(0, 22): null

2020-05-09 01:08:58 - [TEST_STEP][PASSED] - verifyMatch(toolTipReqErrMsg, RqField, true, STOP_ON_FAILURE): Actual text 'This field is required' and expected text 'This field is required' are matched  using regular expression

2020-05-09 01:08:58 - [MESSAGE][PASSED] - Actual text 'This field is required' and expected text 'This field is required' are matched  using regular expression

2020-05-09 01:08:58 - [TEST_STEP][PASSED] - if (PastDtValidation == "Y"): null

2020-05-09 01:08:58 - [TEST_STEP][PASSED] - setText(DateFieldNm, TodayDate): Text '09/05/2020' is set on object 'Object Repository/Objects.DateValidation/Page_ISPS2/input__orderDt'

2020-05-09 01:08:59 - [MESSAGE][PASSED] - Text '09/05/2020' is set on object 'Object Repository/Objects.DateValidation/Page_ISPS2/input__orderDt'

2020-05-09 01:08:59 - [TEST_STEP][NOT_RUN] - com.reusableComponents.clickUsingJS.clickUsingJS(findTestObject("Object Repository/Objects.DateValidation/Page_ISPS2/div_DatePicker"), 0): NOT_RUN: com.reusableComponents.clickUsingJS.clickUsingJS(findTestObject("Object Repository/Objects.DateValidation/Page_ISPS2/div_DatePicker"), 0)

2020-05-09 01:08:59 - [MESSAGE][NOT_RUN] - NOT_RUN: com.reusableComponents.clickUsingJS.clickUsingJS(findTestObject("Object Repository/Objects.DateValidation/Page_ISPS2/div_DatePicker"), 0)

2020-05-09 01:08:59 - [TEST_STEP][NOT_RUN] - com.reusableComponents.HighlightElement.run(findTestObject("Object Repository/Objects.DateValidation/Page_ISPS2/a_Today")): NOT_RUN: com.reusableComponents.HighlightElement.run(findTestObject("Object Repository/Objects.DateValidation/Page_ISPS2/a_Today"))

2020-05-09 01:08:59 - [MESSAGE][NOT_RUN] - NOT_RUN: com.reusableComponents.HighlightElement.run(findTestObject("Object Repository/Objects.DateValidation/Page_ISPS2/a_Today"))

2020-05-09 01:08:59 - [TEST_STEP][NOT_RUN] - com.reusableComponents.clickUsingJS.clickUsingJS(findTestObject("Object Repository/Objects.DateValidation/Page_ISPS2/a_Today"), 0): NOT_RUN: com.reusableComponents.clickUsingJS.clickUsingJS(findTestObject("Object Repository/Objects.DateValidation/Page_ISPS2/a_Today"), 0)

2020-05-09 01:08:59 - [MESSAGE][NOT_RUN] - NOT_RUN: com.reusableComponents.clickUsingJS.clickUsingJS(findTestObject("Object Repository/Objects.DateValidation/Page_ISPS2/a_Today"), 0)

2020-05-09 01:08:59 - [TEST_STEP][NOT_RUN] - sendKeys(findTestObject("Object Repository/Objects.DateValidation/Page_ISPS2/a_Today"), Keys.chord(SPACE)): NOT_RUN: sendKeys(findTestObject("Object Repository/Objects.DateValidation/Page_ISPS2/a_Today"), Keys.chord(SPACE))

2020-05-09 01:08:59 - [MESSAGE][NOT_RUN] - NOT_RUN: sendKeys(findTestObject("Object Repository/Objects.DateValidation/Page_ISPS2/a_Today"), Keys.chord(SPACE))

2020-05-09 01:08:59 - [TEST_STEP][NOT_RUN] - click(findTestObject("Object Repository/Objects.DateValidation/Page_ISPS2/a_Today")): NOT_RUN: click(findTestObject("Object Repository/Objects.DateValidation/Page_ISPS2/a_Today"))

2020-05-09 01:08:59 - [MESSAGE][NOT_RUN] - NOT_RUN: click(findTestObject("Object Repository/Objects.DateValidation/Page_ISPS2/a_Today"))

2020-05-09 01:08:59 - [TEST_STEP][NOT_RUN] - getDate = getAttribute(findTestObject("Objects.DateValidation/Page_ISPS2/input__orderDt"), "value", STOP_ON_FAILURE): NOT_RUN: getDate = getAttribute(findTestObject("Objects.DateValidation/Page_ISPS2/input__orderDt"), "value", STOP_ON_FAILURE)

2020-05-09 01:08:59 - [MESSAGE][NOT_RUN] - NOT_RUN: getDate = getAttribute(findTestObject("Objects.DateValidation/Page_ISPS2/input__orderDt"), "value", STOP_ON_FAILURE)

2020-05-09 01:08:59 - [TEST_STEP][NOT_RUN] - println(getDate): NOT_RUN: println(getDate)

2020-05-09 01:08:59 - [MESSAGE][NOT_RUN] - NOT_RUN: println(getDate)

2020-05-09 01:08:59 - [MESSAGE][PASSED] - Call Test Case 'Test Cases/Components/00_Precision and Scale/DateValidation' successfully

2020-05-09 01:08:59 - [TEST_STEP][PASSED] - callTestCase(findTestCase("Components/00_Precision and Scale/PEValidation"), ["LblNm":"PE Reference No *:", "FldNm":"peRegNbr", "EnterInvalidPE":"Zh&2", "PEEnabled":"Y", "PEName":"N", "RqdField":"Y", ... ], STOP_ON_FAILURE): Call Test Case 'Test Cases/Components/00_Precision and Scale/PEValidation' successfully

2020-05-09 01:08:59 - [TEST_CASE][PASSED] - Test Cases/Components/00_Precision and Scale/PEValidation: Test Cases/Components/00_Precision and Scale/PEValidation

2020-05-09 01:08:59 - [TEST_STEP][PASSED] - Thread.sleep(3000): null

2020-05-09 01:09:02 - [TEST_STEP][PASSED] - PEList = ["1002":"Dummy PE", "6789":"Test Name 1", "1140":"Test new", "1596":"Dummy QP", "1567":"TAN BOON NGEE", "1234":"ENG1"]: null

2020-05-09 01:09:02 - [TEST_STEP][PASSED] - NewInputNmField = modifyObjectProperty(findTestObject("Objects.NameValidation/input_FieldName"), "name", "equals", FldNm, true): Modify property of object successfully

2020-05-09 01:09:02 - [MESSAGE][PASSED] - Modify property of object successfully

2020-05-09 01:09:02 - [TEST_STEP][PASSED] - if (PEEnabled == "Y"): com.reusableComponents.HighlightElement.run is PASSED

2020-05-09 01:09:02 - [TEST_STEP][PASSED] - NewLblNmField = modifyObjectProperty(findTestObject("Objects.NameValidation/label_FieldName"), "text", "equals", LblNm, true): Modify property of object successfully

2020-05-09 01:09:02 - [MESSAGE][PASSED] - Modify property of object successfully

2020-05-09 01:09:02 - [TEST_STEP][PASSED] - com.reusableComponents.HighlightElement.run(NewLblNmField): com.reusableComponents.HighlightElement.run is PASSED

2020-05-09 01:09:02 - [MESSAGE][PASSED] - com.reusableComponents.HighlightElement.run is PASSED

2020-05-09 01:09:02 - [TEST_STEP][PASSED] - com.reusableComponents.HighlightElement.run(NewInputNmField): com.reusableComponents.HighlightElement.run is PASSED

2020-05-09 01:09:03 - [MESSAGE][PASSED] - com.reusableComponents.HighlightElement.run is PASSED

2020-05-09 01:09:03 - [TEST_STEP][PASSED] - focus(NewInputNmField): Object: 'Object Repository/Objects.NameValidation/input_FieldName' is focused

2020-05-09 01:09:03 - [MESSAGE][PASSED] - Object: 'Object Repository/Objects.NameValidation/input_FieldName' is focused

2020-05-09 01:09:03 - [TEST_STEP][PASSED] - GetValue = getAttribute(NewInputNmField, "value", STOP_ON_FAILURE): Attribute 'value' of object 'Object Repository/Objects.NameValidation/input_FieldName' is: ''

2020-05-09 01:09:04 - [MESSAGE][PASSED] - Attribute 'value' of object 'Object Repository/Objects.NameValidation/input_FieldName' is: ''

2020-05-09 01:09:04 - [TEST_STEP][PASSED] - verifyMatch(GetValue, "", true): Actual text '' and expected text '' are matched  using regular expression

2020-05-09 01:09:04 - [MESSAGE][PASSED] - Actual text '' and expected text '' are matched  using regular expression

2020-05-09 01:09:04 - [TEST_STEP][PASSED] - setText(NewInputNmField, EnterInvalidPE): Text 'Zh&2' is set on object 'Object Repository/Objects.NameValidation/input_FieldName'

2020-05-09 01:09:04 - [MESSAGE][PASSED] - Text 'Zh&2' is set on object 'Object Repository/Objects.NameValidation/input_FieldName'

2020-05-09 01:09:04 - [TEST_STEP][PASSED] - delay(5): Delayed 5 second(s)

2020-05-09 01:09:09 - [MESSAGE][PASSED] - Delayed 5 second(s)

2020-05-09 01:09:09 - [TEST_STEP][PASSED] - sendKeys(NewInputNmField, Keys.chord(ARROW_DOWN)): Keys 'DOWN + ' sent to object: 'Object Repository/Objects.NameValidation/input_FieldName'

2020-05-09 01:09:09 - [MESSAGE][PASSED] - Keys 'DOWN + ' sent to object: 'Object Repository/Objects.NameValidation/input_FieldName'

2020-05-09 01:09:09 - [TEST_STEP][PASSED] - sendKeys(NewInputNmField, Keys.chord(ENTER)): Keys 'ENTER + ' sent to object: 'Object Repository/Objects.NameValidation/input_FieldName'

2020-05-09 01:09:09 - [MESSAGE][PASSED] - Keys 'ENTER + ' sent to object: 'Object Repository/Objects.NameValidation/input_FieldName'

2020-05-09 01:09:09 - [TEST_STEP][PASSED] - GetValue = getAttribute(NewInputNmField, "value", STOP_ON_FAILURE): Attribute 'value' of object 'Object Repository/Objects.NameValidation/input_FieldName' is: 'Zh&2'

2020-05-09 01:09:10 - [MESSAGE][PASSED] - Attribute 'value' of object 'Object Repository/Objects.NameValidation/input_FieldName' is: 'Zh&2'

2020-05-09 01:09:10 - [TEST_STEP][PASSED] - if (PEList.containsKey(GetValue) == false): No matching qp found

2020-05-09 01:09:10 - [TEST_STEP][PASSED] - SearchValue = PEList.find({ -> ... }): null

2020-05-09 01:09:10 - [TEST_STEP][PASSED] - if (SearchValue == null): No matching qp found

2020-05-09 01:09:10 - [TEST_STEP][PASSED] - comment("No matching qp found"): No matching qp found

2020-05-09 01:09:10 - [MESSAGE][INFO] - No matching qp found

2020-05-09 01:09:10 - [TEST_STEP][PASSED] - sendKeys(NewInputNmField, Keys.chord(ARROW_LEFT)): Keys 'LEFT + ' sent to object: 'Object Repository/Objects.NameValidation/input_FieldName'

2020-05-09 01:09:10 - [MESSAGE][PASSED] - Keys 'LEFT + ' sent to object: 'Object Repository/Objects.NameValidation/input_FieldName'

2020-05-09 01:09:10 - [TEST_STEP][PASSED] - sendKeys(NewInputNmField, Keys.chord(LEFT_CONTROL, "a")): Keys 'CONTROL + a' sent to object: 'Object Repository/Objects.NameValidation/input_FieldName'

2020-05-09 01:09:10 - [MESSAGE][PASSED] - Keys 'CONTROL + a' sent to object: 'Object Repository/Objects.NameValidation/input_FieldName'

2020-05-09 01:09:10 - [TEST_STEP][PASSED] - sendKeys(NewInputNmField, Keys.chord(BACK_SPACE)): Keys 'BACK_SPACE + ' sent to object: 'Object Repository/Objects.NameValidation/input_FieldName'

2020-05-09 01:09:10 - [MESSAGE][PASSED] - Keys 'BACK_SPACE + ' sent to object: 'Object Repository/Objects.NameValidation/input_FieldName'

2020-05-09 01:09:10 - [TEST_STEP][PASSED] - if (RqdField == "Y"): Object: 'Object Repository/Objects.NameValidation/input_FieldName' is focused

2020-05-09 01:09:10 - [TEST_STEP][PASSED] - mouseOver(findTestObject("Objects.NameValidation/RqFieldNm")): Object: 'Object Repository/Objects.NameValidation/RqFieldNm' is hovered

2020-05-09 01:09:52 - [MESSAGE][PASSED] - Object: 'Object Repository/Objects.NameValidation/RqFieldNm' is hovered

2020-05-09 01:09:52 - [TEST_STEP][PASSED] - getRqErrMsg = getAttribute(NewInputNmField, "data-errorqtip", STOP_ON_FAILURE): Attribute 'data-errorqtip' of object 'Object Repository/Objects.NameValidation/input_FieldName' is: '<ul class="x-list-plain"><li>This field is required</li></ul>'

2020-05-09 01:09:52 - [MESSAGE][PASSED] - Attribute 'data-errorqtip' of object 'Object Repository/Objects.NameValidation/input_FieldName' is: '<ul class="x-list-plain"><li>This field is required</li></ul>'

2020-05-09 01:09:52 - [TEST_STEP][PASSED] - strToolTip = getRqErrMsg.substring(29, 61): null

2020-05-09 01:09:52 - [TEST_STEP][PASSED] - toolTipReqErrMsg = strToolTip.substring(0, 22): null

2020-05-09 01:09:52 - [TEST_STEP][PASSED] - verifyMatch(toolTipReqErrMsg, RqField, true, STOP_ON_FAILURE): Actual text 'This field is required' and expected text 'This field is required' are matched  using regular expression

2020-05-09 01:09:52 - [MESSAGE][PASSED] - Actual text 'This field is required' and expected text 'This field is required' are matched  using regular expression

2020-05-09 01:09:52 - [TEST_STEP][PASSED] - focus(NewInputNmField): Object: 'Object Repository/Objects.NameValidation/input_FieldName' is focused

2020-05-09 01:09:53 - [MESSAGE][PASSED] - Object: 'Object Repository/Objects.NameValidation/input_FieldName' is focused

2020-05-09 01:09:53 - [TEST_STEP][PASSED] - for ([i = 0, i < NoOfOpt, (i++)]): Keys 'DOWN + ' sent to object: 'Object Repository/Objects.NameValidation/input_FieldName'

2020-05-09 01:09:53 - [TEST_STEP][PASSED] - sendKeys(NewInputNmField, Keys.chord(ARROW_DOWN)): Keys 'DOWN + ' sent to object: 'Object Repository/Objects.NameValidation/input_FieldName'

2020-05-09 01:09:53 - [MESSAGE][PASSED] - Keys 'DOWN + ' sent to object: 'Object Repository/Objects.NameValidation/input_FieldName'

2020-05-09 01:09:53 - [TEST_STEP][PASSED] - delay(5): Delayed 5 second(s)

2020-05-09 01:09:58 - [MESSAGE][PASSED] - Delayed 5 second(s)

2020-05-09 01:09:58 - [TEST_STEP][PASSED] - sendKeys(NewInputNmField, Keys.chord(ENTER)): Keys 'ENTER + ' sent to object: 'Object Repository/Objects.NameValidation/input_FieldName'

2020-05-09 01:09:58 - [MESSAGE][PASSED] - Keys 'ENTER + ' sent to object: 'Object Repository/Objects.NameValidation/input_FieldName'

2020-05-09 01:09:58 - [TEST_STEP][PASSED] - SearchDropdownVal = getAttribute(NewInputNmField, "value"): Attribute 'value' of object 'Object Repository/Objects.NameValidation/input_FieldName' is: '1002'

2020-05-09 01:09:59 - [MESSAGE][PASSED] - Attribute 'value' of object 'Object Repository/Objects.NameValidation/input_FieldName' is: '1002'

2020-05-09 01:09:59 - [TEST_STEP][PASSED] - if (PEName == "N"): null

2020-05-09 01:09:59 - [TEST_STEP][PASSED] - println(SearchDropdownVal + " (" + get(SearchDropdownVal).toString() + ")"): null

2020-05-09 01:09:59 - [TEST_STEP][PASSED] - sendKeys(NewInputNmField, Keys.chord(ARROW_DOWN)): Keys 'DOWN + ' sent to object: 'Object Repository/Objects.NameValidation/input_FieldName'

2020-05-09 01:09:59 - [MESSAGE][PASSED] - Keys 'DOWN + ' sent to object: 'Object Repository/Objects.NameValidation/input_FieldName'

2020-05-09 01:09:59 - [TEST_STEP][PASSED] - sendKeys(NewInputNmField, Keys.chord(ARROW_DOWN)): Keys 'DOWN + ' sent to object: 'Object Repository/Objects.NameValidation/input_FieldName'

2020-05-09 01:09:59 - [MESSAGE][PASSED] - Keys 'DOWN + ' sent to object: 'Object Repository/Objects.NameValidation/input_FieldName'

2020-05-09 01:09:59 - [TEST_STEP][PASSED] - delay(5): Delayed 5 second(s)

2020-05-09 01:10:04 - [MESSAGE][PASSED] - Delayed 5 second(s)

2020-05-09 01:10:04 - [TEST_STEP][PASSED] - sendKeys(NewInputNmField, Keys.chord(ENTER)): Keys 'ENTER + ' sent to object: 'Object Repository/Objects.NameValidation/input_FieldName'

2020-05-09 01:10:05 - [MESSAGE][PASSED] - Keys 'ENTER + ' sent to object: 'Object Repository/Objects.NameValidation/input_FieldName'

2020-05-09 01:10:05 - [TEST_STEP][PASSED] - SearchDropdownVal = getAttribute(NewInputNmField, "value"): Attribute 'value' of object 'Object Repository/Objects.NameValidation/input_FieldName' is: '6789'

2020-05-09 01:10:05 - [MESSAGE][PASSED] - Attribute 'value' of object 'Object Repository/Objects.NameValidation/input_FieldName' is: '6789'

2020-05-09 01:10:05 - [TEST_STEP][PASSED] - if (PEName == "N"): null

2020-05-09 01:10:05 - [TEST_STEP][PASSED] - println(SearchDropdownVal + " (" + get(SearchDropdownVal).toString() + ")"): null

2020-05-09 01:10:05 - [TEST_STEP][PASSED] - sendKeys(NewInputNmField, Keys.chord(ARROW_DOWN)): Keys 'DOWN + ' sent to object: 'Object Repository/Objects.NameValidation/input_FieldName'

2020-05-09 01:10:05 - [MESSAGE][PASSED] - Keys 'DOWN + ' sent to object: 'Object Repository/Objects.NameValidation/input_FieldName'

2020-05-09 01:10:05 - [TEST_STEP][PASSED] - sendKeys(NewInputNmField, Keys.chord(ARROW_DOWN)): Keys 'DOWN + ' sent to object: 'Object Repository/Objects.NameValidation/input_FieldName'

2020-05-09 01:10:06 - [MESSAGE][PASSED] - Keys 'DOWN + ' sent to object: 'Object Repository/Objects.NameValidation/input_FieldName'

2020-05-09 01:10:06 - [TEST_STEP][PASSED] - delay(5): Delayed 5 second(s)

2020-05-09 01:10:11 - [MESSAGE][PASSED] - Delayed 5 second(s)

2020-05-09 01:10:11 - [TEST_STEP][PASSED] - sendKeys(NewInputNmField, Keys.chord(ENTER)): Keys 'ENTER + ' sent to object: 'Object Repository/Objects.NameValidation/input_FieldName'

2020-05-09 01:10:11 - [MESSAGE][PASSED] - Keys 'ENTER + ' sent to object: 'Object Repository/Objects.NameValidation/input_FieldName'

2020-05-09 01:10:11 - [TEST_STEP][PASSED] - SearchDropdownVal = getAttribute(NewInputNmField, "value"): Attribute 'value' of object 'Object Repository/Objects.NameValidation/input_FieldName' is: '1140'

2020-05-09 01:10:12 - [MESSAGE][PASSED] - Attribute 'value' of object 'Object Repository/Objects.NameValidation/input_FieldName' is: '1140'

2020-05-09 01:10:12 - [TEST_STEP][PASSED] - if (PEName == "N"): null

2020-05-09 01:10:12 - [TEST_STEP][PASSED] - println(SearchDropdownVal + " (" + get(SearchDropdownVal).toString() + ")"): null

2020-05-09 01:10:12 - [TEST_STEP][PASSED] - sendKeys(NewInputNmField, Keys.chord(ARROW_DOWN)): Keys 'DOWN + ' sent to object: 'Object Repository/Objects.NameValidation/input_FieldName'

2020-05-09 01:10:12 - [MESSAGE][PASSED] - Keys 'DOWN + ' sent to object: 'Object Repository/Objects.NameValidation/input_FieldName'

2020-05-09 01:10:12 - [TEST_STEP][PASSED] - sendKeys(NewInputNmField, Keys.chord(ARROW_DOWN)): Keys 'DOWN + ' sent to object: 'Object Repository/Objects.NameValidation/input_FieldName'

2020-05-09 01:10:12 - [MESSAGE][PASSED] - Keys 'DOWN + ' sent to object: 'Object Repository/Objects.NameValidation/input_FieldName'

2020-05-09 01:10:12 - [TEST_STEP][PASSED] - delay(5): Delayed 5 second(s)

2020-05-09 01:10:17 - [MESSAGE][PASSED] - Delayed 5 second(s)

2020-05-09 01:10:17 - [TEST_STEP][PASSED] - sendKeys(NewInputNmField, Keys.chord(ENTER)): Keys 'ENTER + ' sent to object: 'Object Repository/Objects.NameValidation/input_FieldName'

2020-05-09 01:10:18 - [MESSAGE][PASSED] - Keys 'ENTER + ' sent to object: 'Object Repository/Objects.NameValidation/input_FieldName'

2020-05-09 01:10:18 - [TEST_STEP][PASSED] - SearchDropdownVal = getAttribute(NewInputNmField, "value"): Attribute 'value' of object 'Object Repository/Objects.NameValidation/input_FieldName' is: '1596'

2020-05-09 01:10:18 - [MESSAGE][PASSED] - Attribute 'value' of object 'Object Repository/Objects.NameValidation/input_FieldName' is: '1596'

2020-05-09 01:10:18 - [TEST_STEP][PASSED] - if (PEName == "N"): null

2020-05-09 01:10:18 - [TEST_STEP][PASSED] - println(SearchDropdownVal + " (" + get(SearchDropdownVal).toString() + ")"): null

2020-05-09 01:10:18 - [TEST_STEP][PASSED] - sendKeys(NewInputNmField, Keys.chord(ARROW_DOWN)): Keys 'DOWN + ' sent to object: 'Object Repository/Objects.NameValidation/input_FieldName'

2020-05-09 01:10:18 - [MESSAGE][PASSED] - Keys 'DOWN + ' sent to object: 'Object Repository/Objects.NameValidation/input_FieldName'

2020-05-09 01:10:18 - [TEST_STEP][PASSED] - sendKeys(NewInputNmField, Keys.chord(ARROW_DOWN)): Keys 'DOWN + ' sent to object: 'Object Repository/Objects.NameValidation/input_FieldName'

2020-05-09 01:10:19 - [MESSAGE][PASSED] - Keys 'DOWN + ' sent to object: 'Object Repository/Objects.NameValidation/input_FieldName'

2020-05-09 01:10:19 - [TEST_STEP][PASSED] - delay(5): Delayed 5 second(s)

2020-05-09 01:10:24 - [MESSAGE][PASSED] - Delayed 5 second(s)

2020-05-09 01:10:24 - [TEST_STEP][PASSED] - sendKeys(NewInputNmField, Keys.chord(ENTER)): Keys 'ENTER + ' sent to object: 'Object Repository/Objects.NameValidation/input_FieldName'

2020-05-09 01:10:24 - [MESSAGE][PASSED] - Keys 'ENTER + ' sent to object: 'Object Repository/Objects.NameValidation/input_FieldName'

2020-05-09 01:10:24 - [TEST_STEP][PASSED] - SearchDropdownVal = getAttribute(NewInputNmField, "value"): Attribute 'value' of object 'Object Repository/Objects.NameValidation/input_FieldName' is: '1567'

2020-05-09 01:10:25 - [MESSAGE][PASSED] - Attribute 'value' of object 'Object Repository/Objects.NameValidation/input_FieldName' is: '1567'

2020-05-09 01:10:25 - [TEST_STEP][PASSED] - if (PEName == "N"): null

2020-05-09 01:10:25 - [TEST_STEP][PASSED] - println(SearchDropdownVal + " (" + get(SearchDropdownVal).toString() + ")"): null

2020-05-09 01:10:25 - [TEST_STEP][PASSED] - sendKeys(NewInputNmField, Keys.chord(ARROW_DOWN)): Keys 'DOWN + ' sent to object: 'Object Repository/Objects.NameValidation/input_FieldName'

2020-05-09 01:10:25 - [MESSAGE][PASSED] - Keys 'DOWN + ' sent to object: 'Object Repository/Objects.NameValidation/input_FieldName'

2020-05-09 01:10:25 - [TEST_STEP][PASSED] - sendKeys(NewInputNmField, Keys.chord(ARROW_DOWN)): Keys 'DOWN + ' sent to object: 'Object Repository/Objects.NameValidation/input_FieldName'

2020-05-09 01:10:25 - [MESSAGE][PASSED] - Keys 'DOWN + ' sent to object: 'Object Repository/Objects.NameValidation/input_FieldName'

2020-05-09 01:10:25 - [TEST_STEP][PASSED] - delay(5): Delayed 5 second(s)

2020-05-09 01:10:30 - [MESSAGE][PASSED] - Delayed 5 second(s)

2020-05-09 01:10:30 - [TEST_STEP][PASSED] - sendKeys(NewInputNmField, Keys.chord(ENTER)): Keys 'ENTER + ' sent to object: 'Object Repository/Objects.NameValidation/input_FieldName'

2020-05-09 01:10:31 - [MESSAGE][PASSED] - Keys 'ENTER + ' sent to object: 'Object Repository/Objects.NameValidation/input_FieldName'

2020-05-09 01:10:31 - [TEST_STEP][PASSED] - SearchDropdownVal = getAttribute(NewInputNmField, "value"): Attribute 'value' of object 'Object Repository/Objects.NameValidation/input_FieldName' is: '1234'

2020-05-09 01:10:31 - [MESSAGE][PASSED] - Attribute 'value' of object 'Object Repository/Objects.NameValidation/input_FieldName' is: '1234'

2020-05-09 01:10:31 - [TEST_STEP][PASSED] - if (PEName == "N"): null

2020-05-09 01:10:31 - [TEST_STEP][PASSED] - println(SearchDropdownVal + " (" + get(SearchDropdownVal).toString() + ")"): null

2020-05-09 01:10:31 - [TEST_STEP][PASSED] - sendKeys(NewInputNmField, Keys.chord(ARROW_DOWN)): Keys 'DOWN + ' sent to object: 'Object Repository/Objects.NameValidation/input_FieldName'

2020-05-09 01:10:31 - [MESSAGE][PASSED] - Keys 'DOWN + ' sent to object: 'Object Repository/Objects.NameValidation/input_FieldName'

2020-05-09 01:10:31 - [TEST_STEP][PASSED] - sendKeys(NewInputNmField, Keys.chord(ENTER)): Keys 'ENTER + ' sent to object: 'Object Repository/Objects.NameValidation/input_FieldName'

2020-05-09 01:10:32 - [MESSAGE][PASSED] - Keys 'ENTER + ' sent to object: 'Object Repository/Objects.NameValidation/input_FieldName'

2020-05-09 01:10:32 - [TEST_STEP][PASSED] - if (PEEnabled == "N"): null

2020-05-09 01:10:32 - [MESSAGE][PASSED] - Call Test Case 'Test Cases/Components/00_Precision and Scale/PEValidation' successfully

2020-05-09 01:10:32 - [TEST_STEP][PASSED] - callTestCase(findTestCase("Components/Logout"), ["LogoutPageTextToBeVerified":findTestData("Datatable").getValue("HomeBanner", 2)], STOP_ON_FAILURE): Call Test Case 'Test Cases/Components/Logout' successfully

2020-05-09 01:10:32 - [TEST_CASE][PASSED] - Test Cases/Components/Logout: Test Cases/Components/Logout

2020-05-09 01:10:32 - [TEST_STEP][PASSED] - Thread.sleep(3000): null

2020-05-09 01:10:35 - [TEST_STEP][NOT_RUN] - com.reusableComponents.HighlightElement.run(findTestObject("Objects.Logout/accountDropdown")): NOT_RUN: com.reusableComponents.HighlightElement.run(findTestObject("Objects.Logout/accountDropdown"))

2020-05-09 01:10:35 - [MESSAGE][NOT_RUN] - NOT_RUN: com.reusableComponents.HighlightElement.run(findTestObject("Objects.Logout/accountDropdown"))

2020-05-09 01:10:35 - [TEST_STEP][NOT_RUN] - click(findTestObject("Objects.Logout/accountDropdown")): NOT_RUN: click(findTestObject("Objects.Logout/accountDropdown"))

2020-05-09 01:10:35 - [MESSAGE][NOT_RUN] - NOT_RUN: click(findTestObject("Objects.Logout/accountDropdown"))

2020-05-09 01:10:35 - [TEST_STEP][NOT_RUN] - com.reusableComponents.clickUsingJS.clickUsingJS(findTestObject("Objects.Logout/accountDropdown"), 0): NOT_RUN: com.reusableComponents.clickUsingJS.clickUsingJS(findTestObject("Objects.Logout/accountDropdown"), 0)

2020-05-09 01:10:35 - [MESSAGE][NOT_RUN] - NOT_RUN: com.reusableComponents.clickUsingJS.clickUsingJS(findTestObject("Objects.Logout/accountDropdown"), 0)

2020-05-09 01:10:35 - [TEST_STEP][PASSED] - element = findWebElement(findTestObject("Objects.Logout/accountDropdown"), 30): null

2020-05-09 01:10:35 - [TEST_STEP][PASSED] - executeJavaScript("arguments[0].click()", Arrays.asList(element)): Execute JavaScript 'arguments[0].click()' successfully

2020-05-09 01:10:35 - [MESSAGE][PASSED] - Execute JavaScript 'arguments[0].click()' successfully

2020-05-09 01:10:35 - [TEST_STEP][NOT_RUN] - com.reusableComponents.HighlightElement.run(findTestObject("Objects.Logout/span_Logout")): NOT_RUN: com.reusableComponents.HighlightElement.run(findTestObject("Objects.Logout/span_Logout"))

2020-05-09 01:10:35 - [MESSAGE][NOT_RUN] - NOT_RUN: com.reusableComponents.HighlightElement.run(findTestObject("Objects.Logout/span_Logout"))

2020-05-09 01:10:35 - [TEST_STEP][PASSED] - click(findTestObject("Objects.Logout/span_Logout"), STOP_ON_FAILURE): Object: 'Object Repository/Objects.Logout/span_Logout' is clicked on

2020-05-09 01:10:40 - [MESSAGE][PASSED] - Object: 'Object Repository/Objects.Logout/span_Logout' is clicked on

2020-05-09 01:10:40 - [TEST_STEP][PASSED] - waitForPageLoad(30): Wait for page load successfully

2020-05-09 01:10:40 - [MESSAGE][PASSED] - Wait for page load successfully

2020-05-09 01:10:40 - [TEST_STEP][PASSED] - Thread.sleep(3000): null

2020-05-09 01:10:43 - [TEST_STEP][PASSED] - verifyTextPresent(LogoutPageTextToBeVerified, false): Text 'Sign in to ISPS2-SIT' is present on page 

2020-05-09 01:10:43 - [MESSAGE][PASSED] - Text 'Sign in to ISPS2-SIT' is present on page 

2020-05-09 01:10:43 - [TEST_STEP][NOT_RUN] - com.reusableComponents.HighlightElement.run(findTestObject("Objects.Logout/div_Sign in to ISPS2-PROD-Verify")): NOT_RUN: com.reusableComponents.HighlightElement.run(findTestObject("Objects.Logout/div_Sign in to ISPS2-PROD-Verify"))

2020-05-09 01:10:43 - [MESSAGE][NOT_RUN] - NOT_RUN: com.reusableComponents.HighlightElement.run(findTestObject("Objects.Logout/div_Sign in to ISPS2-PROD-Verify"))

2020-05-09 01:10:43 - [TEST_STEP][PASSED] - closeBrowser(): Browser is closed

2020-05-09 01:10:44 - [MESSAGE][PASSED] - Browser is closed

2020-05-09 01:10:44 - [MESSAGE][PASSED] - Call Test Case 'Test Cases/Components/Logout' successfully]]></system-out>
         <system-err><![CDATA[]]></system-err>
      </testcase>
      <system-out><![CDATA[2020-05-09 01:01:26 - [TEST_SUITE][PASSED] - TestPFIPS: Test Cases/Components/00_Precision and Scale/0_PFI/D2Forms]]></system-out>
      <system-err><![CDATA[]]></system-err>
   </testsuite>
</testsuites>
