<?xml version="1.0" encoding="UTF-8"?>
<testsuites name="Page Section" time="1774.926" tests="9" failures="0" errors="0">
   <testsuite name="Page Section" tests="9" failures="0" errors="0" time="1774.926" timestamp="2020-05-29 23:31:34" hostname="19023-RAC - 192.168.16.39" id="Test Suites/PFI Precision and Scale Automated Regression Suite/Page Section">
      <properties>
         <property name="deviceName" value=""/>
         <property name="devicePlatform" value=""/>
         <property name="logFolder" value="C:\\Users\\19023-RAC\\Desktop\\New Automation Copy\\Reports\\20200529_233123\\PFI Precision and Scale Automated Regression Suite\\Page Section\\20200529_233123"/>
         <property name="logFiles" value="C:\\Users\\19023-RAC\\Desktop\\New Automation Copy\\Reports\\20200529_233123\\PFI Precision and Scale Automated Regression Suite\\Page Section\\20200529_233123\\execution0.log"/>
         <property name="attachments" value=""/>
         <property name="hostName" value="19023-RAC - 192.168.16.39"/>
         <property name="os" value="Windows 10 64bit"/>
         <property name="katalonVersion" value="7.2.1.1"/>
         <property name="browser" value="Chrome 81.0.4044.138"/>
         <property name="hostAddress" value="192.168.16.39"/>
         <property name="sessionId" value="931854a4f660c8aceeb72f00026cbecd"/>
         <property name="seleniumVersion" value="3.141.59"/>
         <property name="proxyInformation" value="ProxyInformation{proxyOption=NO_PROXY, proxyServerType=HTTP, password=, proxyServerAddress=, proxyServerPort=0, executionList=}"/>
         <property name="platform" value="Windows 10"/>
      </properties>
      <testcase name="Test Cases/PFI Precision and Scale/PFI Test Cases/PFI.EOTRequestLHS" time="237.598" classname="Test Cases/PFI Precision and Scale/PFI Test Cases/PFI.EOTRequestLHS" status="PASSED">
         <system-out><![CDATA[2020-05-29 23:31:34 - [TEST_CASE][PASSED] - Test Cases/PFI Precision and Scale/PFI Test Cases/PFI.EOTRequestLHS: Test Cases/PFI Precision and Scale/PFI Test Cases/PFI.EOTRequestLHS

2020-05-29 23:31:35 - [TEST_STEP][PASSED] - callTestCase(findTestCase("Components/LoginV2.0"), ["LinkToBeUsed":findTestData("Datatable").getValue("URL", 1), "LoginPageTextToBeVerified":findTestData("Datatable").getValue("HomeBanner", 1), ... ], STOP_ON_FAILURE): Call Test Case 'Test Cases/Components/LoginV2.0' successfully

2020-05-29 23:31:35 - [TEST_CASE][PASSED] - Test Cases/Components/LoginV2.0: Test Cases/Components/LoginV2.0

2020-05-29 23:31:35 - [TEST_STEP][PASSED] - openBrowser(LinkToBeUsed): Browser is opened with url: 'http://10.0.2.41:3012/isps2-prod-verify/authnz/login.do'

2020-05-29 23:31:35 - [MESSAGE][INFO] - Starting 'Chrome' driver

2020-05-29 23:31:35 - [MESSAGE][INFO] - Action delay is set to 0 seconds

2020-05-29 23:31:45 - [MESSAGE][PASSED] - Browser is opened with url: 'http://10.0.2.41:3012/isps2-prod-verify/authnz/login.do'

2020-05-29 23:31:45 - [TEST_STEP][PASSED] - maximizeWindow(): Current window maximized

2020-05-29 23:31:47 - [MESSAGE][PASSED] - Current window maximized

2020-05-29 23:31:47 - [TEST_STEP][PASSED] - verifyTextPresent(LoginPageTextToBeVerified, false): Text 'Sign in to ISPS2-PROD-Verify' is present on page 

2020-05-29 23:31:47 - [MESSAGE][PASSED] - Text 'Sign in to ISPS2-PROD-Verify' is present on page 

2020-05-29 23:31:47 - [TEST_STEP][PASSED] - setText(findTestObject("Objects.LoginV2.0/Login Page/input_Sign in to ISPS2-PROD-Verify_username"), Username): Text 'sysadmin' is set on object 'Object Repository/Objects.LoginV2.0/Login Page/input_Sign in to ISPS2-PROD-Verify_username'

2020-05-29 23:31:48 - [MESSAGE][PASSED] - Text 'sysadmin' is set on object 'Object Repository/Objects.LoginV2.0/Login Page/input_Sign in to ISPS2-PROD-Verify_username'

2020-05-29 23:31:48 - [TEST_STEP][PASSED] - setEncryptedText(findTestObject("Objects.LoginV2.0/Login Page/input_This field is required_password"), Password): Text ****** has been set on object 'Object Repository/Objects.LoginV2.0/Login Page/input_This field is required_password'

2020-05-29 23:31:48 - [MESSAGE][PASSED] - Text ****** has been set on object 'Object Repository/Objects.LoginV2.0/Login Page/input_This field is required_password'

2020-05-29 23:31:48 - [TEST_STEP][NOT_RUN] - setEncryptedText(findTestObject(null), Password): NOT_RUN: setEncryptedText(findTestObject(null), Password)

2020-05-29 23:31:48 - [MESSAGE][NOT_RUN] - NOT_RUN: setEncryptedText(findTestObject(null), Password)

2020-05-29 23:31:48 - [TEST_STEP][PASSED] - click(findTestObject("Objects.LoginV2.0/Login Page/div_Sign in to ISPS2-PROD-Verify_NovaGoButton-1021"), OPTIONAL): Object: 'Object Repository/Objects.LoginV2.0/Login Page/div_Sign in to ISPS2-PROD-Verify_NovaGoButton-1021' is clicked on

2020-05-29 23:31:48 - [MESSAGE][PASSED] - Object: 'Object Repository/Objects.LoginV2.0/Login Page/div_Sign in to ISPS2-PROD-Verify_NovaGoButton-1021' is clicked on

2020-05-29 23:31:48 - [TEST_STEP][PASSED] - waitForPageLoad(30): Wait for page load successfully

2020-05-29 23:31:48 - [MESSAGE][PASSED] - Wait for page load successfully

2020-05-29 23:31:48 - [TEST_STEP][PASSED] - Thread.sleep(3000): null

2020-05-29 23:31:51 - [MESSAGE][PASSED] - Call Test Case 'Test Cases/Components/LoginV2.0' successfully

2020-05-29 23:31:51 - [TEST_STEP][PASSED] - callTestCase(findTestCase("Components/Filter"), ["taskDescription":"Process Case (SM)"], STOP_ON_FAILURE): Call Test Case 'Test Cases/Components/Filter' successfully

2020-05-29 23:31:52 - [TEST_CASE][PASSED] - Test Cases/Components/Filter: Test Cases/Components/Filter

2020-05-29 23:31:52 - [TEST_STEP][PASSED] - Thread.sleep(5000): null

2020-05-29 23:31:57 - [TEST_STEP][PASSED] - waitForPageLoad(180): Wait for page load successfully

2020-05-29 23:31:57 - [MESSAGE][PASSED] - Wait for page load successfully

2020-05-29 23:31:57 - [TEST_STEP][PASSED] - waitForElementNotPresent(findTestObject("Objects.Filter/Page_ISPS2/div_Loading search result Please wait"), 180): Web element with id: 'Object Repository/Objects.Filter/Page_ISPS2/div_Loading search result Please wait' located by 'By.xpath: //div[@class = 'x-mask-msg-text' and (text() = 'Loading search result. Please wait...' or . = 'Loading search result. Please wait...')]' is not present after '180' second(s)

2020-05-29 23:31:57 - [MESSAGE][PASSED] - Web element with id: 'Object Repository/Objects.Filter/Page_ISPS2/div_Loading search result Please wait' located by 'By.xpath: //div[@class = 'x-mask-msg-text' and (text() = 'Loading search result. Please wait...' or . = 'Loading search result. Please wait...')]' is not present after '180' second(s)

2020-05-29 23:31:57 - [TEST_STEP][PASSED] - click(findTestObject("Objects.Filter/Page_ISPS2/XP.Embutidooo")): Object: 'Object Repository/Objects.Filter/Page_ISPS2/XP.Embutidooo' is clicked on

2020-05-29 23:31:57 - [MESSAGE][PASSED] - Object: 'Object Repository/Objects.Filter/Page_ISPS2/XP.Embutidooo' is clicked on

2020-05-29 23:31:57 - [TEST_STEP][PASSED] - com.reusableComponents.HighlightElement.run(findTestObject("Objects.Filter/Page_ISPS2/span_Reset")): com.reusableComponents.HighlightElement.run is PASSED

2020-05-29 23:31:58 - [MESSAGE][PASSED] - com.reusableComponents.HighlightElement.run is PASSED

2020-05-29 23:31:58 - [TEST_STEP][PASSED] - click(findTestObject("Objects.Filter/Page_ISPS2/span_Reset")): Object: 'Object Repository/Objects.Filter/Page_ISPS2/span_Reset' is clicked on

2020-05-29 23:31:59 - [MESSAGE][PASSED] - Object: 'Object Repository/Objects.Filter/Page_ISPS2/span_Reset' is clicked on

2020-05-29 23:31:59 - [TEST_STEP][PASSED] - com.reusableComponents.HighlightElement.run(findTestObject("Objects.Filter/Page_ISPS2/TextBoxTaskDescription")): com.reusableComponents.HighlightElement.run is PASSED

2020-05-29 23:32:00 - [MESSAGE][PASSED] - com.reusableComponents.HighlightElement.run is PASSED

2020-05-29 23:32:00 - [TEST_STEP][PASSED] - setText(findTestObject("Objects.Filter/Page_ISPS2/TextBoxTaskDescription"), taskDescription): Text 'Process Case (SM)' is set on object 'Object Repository/Objects.Filter/Page_ISPS2/TextBoxTaskDescription'

2020-05-29 23:32:00 - [MESSAGE][PASSED] - Text 'Process Case (SM)' is set on object 'Object Repository/Objects.Filter/Page_ISPS2/TextBoxTaskDescription'

2020-05-29 23:32:00 - [TEST_STEP][PASSED] - caseType = taskDescription: null

2020-05-29 23:32:02 - [TEST_STEP][PASSED] - sendKeys(findTestObject("Objects.Filter/Page_ISPS2/TextBoxTaskDescription"), Keys.chord(ENTER)): Keys 'ENTER + ' sent to object: 'Object Repository/Objects.Filter/Page_ISPS2/TextBoxTaskDescription'

2020-05-29 23:32:02 - [MESSAGE][PASSED] - Keys 'ENTER + ' sent to object: 'Object Repository/Objects.Filter/Page_ISPS2/TextBoxTaskDescription'

2020-05-29 23:32:02 - [TEST_STEP][PASSED] - com.reusableComponents.HighlightElement.run(findTestObject("Objects.Filter/Page_ISPS2/span_Search")): com.reusableComponents.HighlightElement.run is PASSED

2020-05-29 23:32:03 - [MESSAGE][PASSED] - com.reusableComponents.HighlightElement.run is PASSED

2020-05-29 23:32:03 - [TEST_STEP][PASSED] - click(findTestObject("Objects.Filter/Page_ISPS2/span_Search")): Object: 'Object Repository/Objects.Filter/Page_ISPS2/span_Search' is clicked on

2020-05-29 23:32:03 - [MESSAGE][PASSED] - Object: 'Object Repository/Objects.Filter/Page_ISPS2/span_Search' is clicked on

2020-05-29 23:32:03 - [TEST_STEP][NOT_RUN] - verifyTextPresent("Loading search result. Please wait...", false): NOT_RUN: verifyTextPresent("Loading search result. Please wait...", false)

2020-05-29 23:32:03 - [MESSAGE][NOT_RUN] - NOT_RUN: verifyTextPresent("Loading search result. Please wait...", false)

2020-05-29 23:32:03 - [TEST_STEP][NOT_RUN] - waitForElementNotPresent(findTestObject("Objects.Filter/Page_ISPS2/div_Loading search result Please wait"), 120): NOT_RUN: waitForElementNotPresent(findTestObject("Objects.Filter/Page_ISPS2/div_Loading search result Please wait"), 120)

2020-05-29 23:32:03 - [MESSAGE][NOT_RUN] - NOT_RUN: waitForElementNotPresent(findTestObject("Objects.Filter/Page_ISPS2/div_Loading search result Please wait"), 120)

2020-05-29 23:32:03 - [TEST_STEP][PASSED] - Thread.sleep(5000): null

2020-05-29 23:32:08 - [MESSAGE][PASSED] - Call Test Case 'Test Cases/Components/Filter' successfully

2020-05-29 23:32:08 - [TEST_STEP][PASSED] - callTestCase(findTestCase("Components/ClickLinkDependingOnTextAndIndex"), ["linkName":"Process Case (SM)", "index":10], STOP_ON_FAILURE): Call Test Case 'Test Cases/Components/ClickLinkDependingOnTextAndIndex' successfully

2020-05-29 23:32:08 - [TEST_CASE][PASSED] - Test Cases/Components/ClickLinkDependingOnTextAndIndex: Test Cases/Components/ClickLinkDependingOnTextAndIndex

2020-05-29 23:32:09 - [TEST_STEP][PASSED] - Thread.sleep(1000): null

2020-05-29 23:32:10 - [TEST_STEP][PASSED] - println(linkName): null

2020-05-29 23:32:10 - [TEST_STEP][PASSED] - println(index): null

2020-05-29 23:32:10 - [TEST_STEP][PASSED] - modifiedLink = modifyObjectProperty(findTestObject("Objects.ClickLinkDependingOnTextAndIndex/linkToModify"), "xpath", "equals", "(//a[text()="" + linkName + ""])[" + index + "]", true): Modify property of object successfully

2020-05-29 23:32:10 - [MESSAGE][PASSED] - Modify property of object successfully

2020-05-29 23:32:10 - [TEST_STEP][PASSED] - Thread.sleep(5000): null

2020-05-29 23:32:15 - [TEST_STEP][PASSED] - com.reusableComponents.HighlightElement.run(modifiedLink): com.reusableComponents.HighlightElement.run is PASSED

2020-05-29 23:32:16 - [MESSAGE][PASSED] - com.reusableComponents.HighlightElement.run is PASSED

2020-05-29 23:32:16 - [TEST_STEP][PASSED] - click(modifiedLink): Object: 'Object Repository/Objects.ClickLinkDependingOnTextAndIndex/linkToModify' is clicked on

2020-05-29 23:32:16 - [MESSAGE][PASSED] - Object: 'Object Repository/Objects.ClickLinkDependingOnTextAndIndex/linkToModify' is clicked on

2020-05-29 23:32:16 - [MESSAGE][PASSED] - Call Test Case 'Test Cases/Components/ClickLinkDependingOnTextAndIndex' successfully

2020-05-29 23:32:16 - [TEST_STEP][PASSED] - callTestCase(findTestCase("Components/VerifyPageSuccessfullyLoadedII"), ["PageNm":"Summary"], STOP_ON_FAILURE): Call Test Case 'Test Cases/Components/VerifyPageSuccessfullyLoadedII' successfully

2020-05-29 23:32:16 - [TEST_CASE][PASSED] - Test Cases/Components/VerifyPageSuccessfullyLoadedII: Test Cases/Components/VerifyPageSuccessfullyLoadedII

2020-05-29 23:32:16 - [TEST_STEP][PASSED] - Thread.sleep(1000): null

2020-05-29 23:32:17 - [TEST_STEP][PASSED] - modifiedInputFld = modifyObjectProperty(findTestObject("Object Repository/Objects.VerifyPageSuccessfullyLoaded/PageHeaderIndex"), "xpath", "equals", "//*[contains(@class,'isps-page-title') and (text()='" + PageNm + "')]", true): Modify property of object successfully

2020-05-29 23:32:17 - [MESSAGE][PASSED] - Modify property of object successfully

2020-05-29 23:32:17 - [TEST_STEP][PASSED] - com.reusableComponents.HighlightElement.run(modifiedInputFld): com.reusableComponents.HighlightElement.run is PASSED

2020-05-29 23:32:22 - [MESSAGE][PASSED] - com.reusableComponents.HighlightElement.run is PASSED

2020-05-29 23:32:22 - [MESSAGE][PASSED] - Call Test Case 'Test Cases/Components/VerifyPageSuccessfullyLoadedII' successfully

2020-05-29 23:32:22 - [TEST_STEP][PASSED] - callTestCase(findTestCase("Components/NavigateToAnyLHS"), ["LHS":"EOT Request"], STOP_ON_FAILURE): Call Test Case 'Test Cases/Components/NavigateToAnyLHS' successfully

2020-05-29 23:32:22 - [TEST_CASE][PASSED] - Test Cases/Components/NavigateToAnyLHS: Test Cases/Components/NavigateToAnyLHS

2020-05-29 23:32:22 - [TEST_STEP][PASSED] - Thread.sleep(1000): null

2020-05-29 23:32:23 - [TEST_STEP][PASSED] - modifiedLHS = modifyObjectProperty(findTestObject("Objects.NavigateToAnyLHS/Page_ISPS2/LHSToModify"), "text", "equals", LHS, true): Modify property of object successfully

2020-05-29 23:32:23 - [MESSAGE][PASSED] - Modify property of object successfully

2020-05-29 23:32:23 - [TEST_STEP][PASSED] - click(modifiedLHS): Object: 'Object Repository/Objects.NavigateToAnyLHS/Page_ISPS2/LHSToModify' is clicked on

2020-05-29 23:32:31 - [MESSAGE][PASSED] - Object: 'Object Repository/Objects.NavigateToAnyLHS/Page_ISPS2/LHSToModify' is clicked on

2020-05-29 23:32:31 - [TEST_STEP][PASSED] - currentLHS = getText(modifiedLHS): Text of object 'Object Repository/Objects.NavigateToAnyLHS/Page_ISPS2/LHSToModify' is: 'EOT Request'

2020-05-29 23:32:32 - [MESSAGE][PASSED] - Text of object 'Object Repository/Objects.NavigateToAnyLHS/Page_ISPS2/LHSToModify' is: 'EOT Request'

2020-05-29 23:32:32 - [TEST_STEP][PASSED] - Thread.sleep(5000): null

2020-05-29 23:32:37 - [MESSAGE][PASSED] - Call Test Case 'Test Cases/Components/NavigateToAnyLHS' successfully

2020-05-29 23:32:37 - [TEST_STEP][PASSED] - callTestCase(findTestCase("Components/VerifyPageSuccessfullyLoadedII"), ["PageNm":"Extension of Time Request"], STOP_ON_FAILURE): Call Test Case 'Test Cases/Components/VerifyPageSuccessfullyLoadedII' successfully

2020-05-29 23:32:37 - [TEST_CASE][PASSED] - Test Cases/Components/VerifyPageSuccessfullyLoadedII: Test Cases/Components/VerifyPageSuccessfullyLoadedII

2020-05-29 23:32:37 - [TEST_STEP][PASSED] - Thread.sleep(1000): null

2020-05-29 23:32:38 - [TEST_STEP][PASSED] - modifiedInputFld = modifyObjectProperty(findTestObject("Object Repository/Objects.VerifyPageSuccessfullyLoaded/PageHeaderIndex"), "xpath", "equals", "//*[contains(@class,'isps-page-title') and (text()='" + PageNm + "')]", true): Modify property of object successfully

2020-05-29 23:32:38 - [MESSAGE][PASSED] - Modify property of object successfully

2020-05-29 23:32:38 - [TEST_STEP][PASSED] - com.reusableComponents.HighlightElement.run(modifiedInputFld): com.reusableComponents.HighlightElement.run is PASSED

2020-05-29 23:32:39 - [MESSAGE][PASSED] - com.reusableComponents.HighlightElement.run is PASSED

2020-05-29 23:32:39 - [MESSAGE][PASSED] - Call Test Case 'Test Cases/Components/VerifyPageSuccessfullyLoadedII' successfully

2020-05-29 23:32:39 - [TEST_STEP][PASSED] - callTestCase(findTestCase("Components/HighlightLabelField"), ["LblName":"EOT Type *:"], STOP_ON_FAILURE): Call Test Case 'Test Cases/Components/HighlightLabelField' successfully

2020-05-29 23:32:39 - [TEST_CASE][PASSED] - Test Cases/Components/HighlightLabelField: Test Cases/Components/HighlightLabelField

2020-05-29 23:32:39 - [TEST_STEP][PASSED] - Thread.sleep(1000): null

2020-05-29 23:32:40 - [TEST_STEP][PASSED] - modifiedLblNm = modifyObjectProperty(findTestObject("Objects.HighlightElements/lblField"), "text", "equals", LblName, true): Modify property of object successfully

2020-05-29 23:32:40 - [MESSAGE][PASSED] - Modify property of object successfully

2020-05-29 23:32:40 - [TEST_STEP][PASSED] - com.reusableComponents.HighlightElement.run(modifiedLblNm): com.reusableComponents.HighlightElement.run is PASSED

2020-05-29 23:32:41 - [MESSAGE][PASSED] - com.reusableComponents.HighlightElement.run is PASSED

2020-05-29 23:32:41 - [MESSAGE][PASSED] - Call Test Case 'Test Cases/Components/HighlightLabelField' successfully

2020-05-29 23:32:41 - [TEST_STEP][PASSED] - callTestCase(findTestCase("Components/HighlightInputField"), ["InputFldName":"eotTypeCmb"], STOP_ON_FAILURE): Call Test Case 'Test Cases/Components/HighlightInputField' successfully

2020-05-29 23:32:41 - [TEST_CASE][PASSED] - Test Cases/Components/HighlightInputField: Test Cases/Components/HighlightInputField

2020-05-29 23:32:41 - [TEST_STEP][PASSED] - Thread.sleep(1000): null

2020-05-29 23:32:42 - [TEST_STEP][PASSED] - modifiedLblNm = modifyObjectProperty(findTestObject("Objects.HighlightElements/input_field"), "name", "equals", InputFldName, true): Modify property of object successfully

2020-05-29 23:32:42 - [MESSAGE][PASSED] - Modify property of object successfully

2020-05-29 23:32:42 - [TEST_STEP][PASSED] - com.reusableComponents.HighlightElement.run(modifiedLblNm): com.reusableComponents.HighlightElement.run is PASSED

2020-05-29 23:32:43 - [MESSAGE][PASSED] - com.reusableComponents.HighlightElement.run is PASSED

2020-05-29 23:32:43 - [MESSAGE][PASSED] - Call Test Case 'Test Cases/Components/HighlightInputField' successfully

2020-05-29 23:32:43 - [TEST_STEP][PASSED] - callTestCase(findTestCase("PFI Precision and Scale/PFI Components/VerifyDropdownValues"), ["FldNm":"eotTypeCmb", "index":0, "CallTCName":"PFI Precision and Scale/HashMap Tables/ConstantHashMap", "cmbNm":"eotType", ... ], STOP_ON_FAILURE): Call Test Case 'Test Cases/PFI Precision and Scale/PFI Components/VerifyDropdownValues' successfully

2020-05-29 23:32:43 - [TEST_CASE][PASSED] - Test Cases/PFI Precision and Scale/PFI Components/VerifyDropdownValues: Test Cases/PFI Precision and Scale/PFI Components/VerifyDropdownValues

2020-05-29 23:32:43 - [TEST_STEP][PASSED] - Thread.sleep(1000): null

2020-05-29 23:32:44 - [TEST_STEP][PASSED] - NewInputNmField = modifyObjectProperty(findTestObject("Objects.HighlightElements/input_field"), "name", "equals", FldNm, true): Modify property of object successfully

2020-05-29 23:32:44 - [MESSAGE][PASSED] - Modify property of object successfully

2020-05-29 23:32:44 - [TEST_STEP][PASSED] - comboNm = cmbNm: null

2020-05-29 23:32:44 - [TEST_STEP][PASSED] - focus(NewInputNmField): Object: 'Object Repository/Objects.HighlightElements/input_field' is focused

2020-05-29 23:32:45 - [MESSAGE][PASSED] - Object: 'Object Repository/Objects.HighlightElements/input_field' is focused

2020-05-29 23:32:45 - [TEST_STEP][PASSED] - setText(NewInputNmField, EnterValue): Text '' is set on object 'Object Repository/Objects.HighlightElements/input_field'

2020-05-29 23:32:45 - [MESSAGE][PASSED] - Text '' is set on object 'Object Repository/Objects.HighlightElements/input_field'

2020-05-29 23:32:45 - [TEST_STEP][PASSED] - for ([i = 1, i <= NoOfVal, (i++)]): Keys 'DOWN + ' sent to object: 'Object Repository/Objects.HighlightElements/input_field'

2020-05-29 23:32:45 - [TEST_STEP][PASSED] - sendKeys(NewInputNmField, Keys.chord(ARROW_DOWN)): Keys 'DOWN + ' sent to object: 'Object Repository/Objects.HighlightElements/input_field'

2020-05-29 23:32:45 - [MESSAGE][PASSED] - Keys 'DOWN + ' sent to object: 'Object Repository/Objects.HighlightElements/input_field'

2020-05-29 23:32:45 - [TEST_STEP][PASSED] - delay(DelayTime): Delayed 3 second(s)

2020-05-29 23:32:48 - [MESSAGE][PASSED] - Delayed 3 second(s)

2020-05-29 23:32:48 - [TEST_STEP][PASSED] - sendKeys(NewInputNmField, Keys.chord(ENTER)): Keys 'ENTER + ' sent to object: 'Object Repository/Objects.HighlightElements/input_field'

2020-05-29 23:32:48 - [MESSAGE][PASSED] - Keys 'ENTER + ' sent to object: 'Object Repository/Objects.HighlightElements/input_field'

2020-05-29 23:32:48 - [TEST_STEP][PASSED] - ComboBoxValue = getAttribute(NewInputNmField, "value"): Attribute 'value' of object 'Object Repository/Objects.HighlightElements/input_field' is: ''

2020-05-29 23:32:49 - [MESSAGE][PASSED] - Attribute 'value' of object 'Object Repository/Objects.HighlightElements/input_field' is: ''

2020-05-29 23:32:49 - [TEST_STEP][PASSED] - callTestCase(findTestCase(CallTCName), ["FindValue":ComboBoxValue, "DropdownNm":comboNm], STOP_ON_FAILURE): Call Test Case 'Test Cases/PFI Precision and Scale/HashMap Tables/ConstantHashMap' successfully

2020-05-29 23:32:49 - [TEST_CASE][PASSED] - Test Cases/PFI Precision and Scale/HashMap Tables/ConstantHashMap: Test Cases/PFI Precision and Scale/HashMap Tables/ConstantHashMap

2020-05-29 23:32:49 - [TEST_STEP][PASSED] - ConstantTBL = [1:["PeriodType":"Working Day(s)"], 2:["PeriodType":"Calendar Day(s)"], 3:["PeriodType":"Month(s)"], 4:["TypeOfLetter":"T1"], ... ]: null

2020-05-29 23:32:49 - [TEST_STEP][PASSED] - switch (DropdownNm): null

2020-05-29 23:32:49 - [TEST_STEP][PASSED] - case "eotType":: null

2020-05-29 23:32:49 - [TEST_STEP][PASSED] - ValueFound = ConstantTBL.find({ -> ... }): null

2020-05-29 23:32:49 - [TEST_STEP][PASSED] - break: null

2020-05-29 23:32:49 - [MESSAGE][PASSED] - Call Test Case 'Test Cases/PFI Precision and Scale/HashMap Tables/ConstantHashMap' successfully

2020-05-29 23:32:49 - [TEST_STEP][PASSED] - println(ValueFound): null

2020-05-29 23:32:49 - [TEST_STEP][PASSED] - sendKeys(NewInputNmField, Keys.chord(ARROW_DOWN)): Keys 'DOWN + ' sent to object: 'Object Repository/Objects.HighlightElements/input_field'

2020-05-29 23:32:50 - [MESSAGE][PASSED] - Keys 'DOWN + ' sent to object: 'Object Repository/Objects.HighlightElements/input_field'

2020-05-29 23:32:50 - [TEST_STEP][PASSED] - sendKeys(NewInputNmField, Keys.chord(ARROW_DOWN)): Keys 'DOWN + ' sent to object: 'Object Repository/Objects.HighlightElements/input_field'

2020-05-29 23:32:50 - [MESSAGE][PASSED] - Keys 'DOWN + ' sent to object: 'Object Repository/Objects.HighlightElements/input_field'

2020-05-29 23:32:50 - [TEST_STEP][PASSED] - delay(DelayTime): Delayed 3 second(s)

2020-05-29 23:32:53 - [MESSAGE][PASSED] - Delayed 3 second(s)

2020-05-29 23:32:53 - [TEST_STEP][PASSED] - sendKeys(NewInputNmField, Keys.chord(ENTER)): Keys 'ENTER + ' sent to object: 'Object Repository/Objects.HighlightElements/input_field'

2020-05-29 23:32:53 - [MESSAGE][PASSED] - Keys 'ENTER + ' sent to object: 'Object Repository/Objects.HighlightElements/input_field'

2020-05-29 23:32:53 - [TEST_STEP][PASSED] - ComboBoxValue = getAttribute(NewInputNmField, "value"): Attribute 'value' of object 'Object Repository/Objects.HighlightElements/input_field' is: 'Appointment of PE for Visual Inspection'

2020-05-29 23:32:54 - [MESSAGE][PASSED] - Attribute 'value' of object 'Object Repository/Objects.HighlightElements/input_field' is: 'Appointment of PE for Visual Inspection'

2020-05-29 23:32:54 - [TEST_STEP][PASSED] - callTestCase(findTestCase(CallTCName), ["FindValue":ComboBoxValue, "DropdownNm":comboNm], STOP_ON_FAILURE): Call Test Case 'Test Cases/PFI Precision and Scale/HashMap Tables/ConstantHashMap' successfully

2020-05-29 23:32:54 - [TEST_CASE][PASSED] - Test Cases/PFI Precision and Scale/HashMap Tables/ConstantHashMap: Test Cases/PFI Precision and Scale/HashMap Tables/ConstantHashMap

2020-05-29 23:32:54 - [TEST_STEP][PASSED] - ConstantTBL = [1:["PeriodType":"Working Day(s)"], 2:["PeriodType":"Calendar Day(s)"], 3:["PeriodType":"Month(s)"], 4:["TypeOfLetter":"T1"], ... ]: null

2020-05-29 23:32:54 - [TEST_STEP][PASSED] - switch (DropdownNm): null

2020-05-29 23:32:54 - [TEST_STEP][PASSED] - case "eotType":: null

2020-05-29 23:32:54 - [TEST_STEP][PASSED] - ValueFound = ConstantTBL.find({ -> ... }): null

2020-05-29 23:32:54 - [TEST_STEP][PASSED] - break: null

2020-05-29 23:32:54 - [MESSAGE][PASSED] - Call Test Case 'Test Cases/PFI Precision and Scale/HashMap Tables/ConstantHashMap' successfully

2020-05-29 23:32:54 - [TEST_STEP][PASSED] - println(ValueFound): null

2020-05-29 23:32:54 - [TEST_STEP][PASSED] - sendKeys(NewInputNmField, Keys.chord(ARROW_DOWN)): Keys 'DOWN + ' sent to object: 'Object Repository/Objects.HighlightElements/input_field'

2020-05-29 23:32:54 - [MESSAGE][PASSED] - Keys 'DOWN + ' sent to object: 'Object Repository/Objects.HighlightElements/input_field'

2020-05-29 23:32:54 - [TEST_STEP][PASSED] - sendKeys(NewInputNmField, Keys.chord(ARROW_DOWN)): Keys 'DOWN + ' sent to object: 'Object Repository/Objects.HighlightElements/input_field'

2020-05-29 23:32:55 - [MESSAGE][PASSED] - Keys 'DOWN + ' sent to object: 'Object Repository/Objects.HighlightElements/input_field'

2020-05-29 23:32:55 - [TEST_STEP][PASSED] - delay(DelayTime): Delayed 3 second(s)

2020-05-29 23:32:58 - [MESSAGE][PASSED] - Delayed 3 second(s)

2020-05-29 23:32:58 - [TEST_STEP][PASSED] - sendKeys(NewInputNmField, Keys.chord(ENTER)): Keys 'ENTER + ' sent to object: 'Object Repository/Objects.HighlightElements/input_field'

2020-05-29 23:32:58 - [MESSAGE][PASSED] - Keys 'ENTER + ' sent to object: 'Object Repository/Objects.HighlightElements/input_field'

2020-05-29 23:32:58 - [TEST_STEP][PASSED] - ComboBoxValue = getAttribute(NewInputNmField, "value"): Attribute 'value' of object 'Object Repository/Objects.HighlightElements/input_field' is: 'Appointment of PE for FSI'

2020-05-29 23:32:58 - [MESSAGE][PASSED] - Attribute 'value' of object 'Object Repository/Objects.HighlightElements/input_field' is: 'Appointment of PE for FSI'

2020-05-29 23:32:58 - [TEST_STEP][PASSED] - callTestCase(findTestCase(CallTCName), ["FindValue":ComboBoxValue, "DropdownNm":comboNm], STOP_ON_FAILURE): Call Test Case 'Test Cases/PFI Precision and Scale/HashMap Tables/ConstantHashMap' successfully

2020-05-29 23:32:59 - [TEST_CASE][PASSED] - Test Cases/PFI Precision and Scale/HashMap Tables/ConstantHashMap: Test Cases/PFI Precision and Scale/HashMap Tables/ConstantHashMap

2020-05-29 23:32:59 - [TEST_STEP][PASSED] - ConstantTBL = [1:["PeriodType":"Working Day(s)"], 2:["PeriodType":"Calendar Day(s)"], 3:["PeriodType":"Month(s)"], 4:["TypeOfLetter":"T1"], ... ]: null

2020-05-29 23:32:59 - [TEST_STEP][PASSED] - switch (DropdownNm): null

2020-05-29 23:32:59 - [TEST_STEP][PASSED] - case "eotType":: null

2020-05-29 23:32:59 - [TEST_STEP][PASSED] - ValueFound = ConstantTBL.find({ -> ... }): null

2020-05-29 23:32:59 - [TEST_STEP][PASSED] - break: null

2020-05-29 23:32:59 - [MESSAGE][PASSED] - Call Test Case 'Test Cases/PFI Precision and Scale/HashMap Tables/ConstantHashMap' successfully

2020-05-29 23:32:59 - [TEST_STEP][PASSED] - println(ValueFound): null

2020-05-29 23:32:59 - [TEST_STEP][PASSED] - sendKeys(NewInputNmField, Keys.chord(ARROW_DOWN)): Keys 'DOWN + ' sent to object: 'Object Repository/Objects.HighlightElements/input_field'

2020-05-29 23:32:59 - [MESSAGE][PASSED] - Keys 'DOWN + ' sent to object: 'Object Repository/Objects.HighlightElements/input_field'

2020-05-29 23:32:59 - [TEST_STEP][PASSED] - sendKeys(NewInputNmField, Keys.chord(ARROW_DOWN)): Keys 'DOWN + ' sent to object: 'Object Repository/Objects.HighlightElements/input_field'

2020-05-29 23:32:59 - [MESSAGE][PASSED] - Keys 'DOWN + ' sent to object: 'Object Repository/Objects.HighlightElements/input_field'

2020-05-29 23:32:59 - [TEST_STEP][PASSED] - delay(DelayTime): Delayed 3 second(s)

2020-05-29 23:33:02 - [MESSAGE][PASSED] - Delayed 3 second(s)

2020-05-29 23:33:02 - [TEST_STEP][PASSED] - sendKeys(NewInputNmField, Keys.chord(ENTER)): Keys 'ENTER + ' sent to object: 'Object Repository/Objects.HighlightElements/input_field'

2020-05-29 23:33:03 - [MESSAGE][PASSED] - Keys 'ENTER + ' sent to object: 'Object Repository/Objects.HighlightElements/input_field'

2020-05-29 23:33:03 - [TEST_STEP][PASSED] - ComboBoxValue = getAttribute(NewInputNmField, "value"): Attribute 'value' of object 'Object Repository/Objects.HighlightElements/input_field' is: 'Submission of VIR'

2020-05-29 23:33:03 - [MESSAGE][PASSED] - Attribute 'value' of object 'Object Repository/Objects.HighlightElements/input_field' is: 'Submission of VIR'

2020-05-29 23:33:03 - [TEST_STEP][PASSED] - callTestCase(findTestCase(CallTCName), ["FindValue":ComboBoxValue, "DropdownNm":comboNm], STOP_ON_FAILURE): Call Test Case 'Test Cases/PFI Precision and Scale/HashMap Tables/ConstantHashMap' successfully

2020-05-29 23:33:03 - [TEST_CASE][PASSED] - Test Cases/PFI Precision and Scale/HashMap Tables/ConstantHashMap: Test Cases/PFI Precision and Scale/HashMap Tables/ConstantHashMap

2020-05-29 23:33:03 - [TEST_STEP][PASSED] - ConstantTBL = [1:["PeriodType":"Working Day(s)"], 2:["PeriodType":"Calendar Day(s)"], 3:["PeriodType":"Month(s)"], 4:["TypeOfLetter":"T1"], ... ]: null

2020-05-29 23:33:03 - [TEST_STEP][PASSED] - switch (DropdownNm): null

2020-05-29 23:33:03 - [TEST_STEP][PASSED] - case "eotType":: null

2020-05-29 23:33:03 - [TEST_STEP][PASSED] - ValueFound = ConstantTBL.find({ -> ... }): null

2020-05-29 23:33:03 - [TEST_STEP][PASSED] - break: null

2020-05-29 23:33:03 - [MESSAGE][PASSED] - Call Test Case 'Test Cases/PFI Precision and Scale/HashMap Tables/ConstantHashMap' successfully

2020-05-29 23:33:03 - [TEST_STEP][PASSED] - println(ValueFound): null

2020-05-29 23:33:03 - [TEST_STEP][PASSED] - sendKeys(NewInputNmField, Keys.chord(ARROW_DOWN)): Keys 'DOWN + ' sent to object: 'Object Repository/Objects.HighlightElements/input_field'

2020-05-29 23:33:03 - [MESSAGE][PASSED] - Keys 'DOWN + ' sent to object: 'Object Repository/Objects.HighlightElements/input_field'

2020-05-29 23:33:03 - [TEST_STEP][PASSED] - sendKeys(NewInputNmField, Keys.chord(ARROW_DOWN)): Keys 'DOWN + ' sent to object: 'Object Repository/Objects.HighlightElements/input_field'

2020-05-29 23:33:04 - [MESSAGE][PASSED] - Keys 'DOWN + ' sent to object: 'Object Repository/Objects.HighlightElements/input_field'

2020-05-29 23:33:04 - [TEST_STEP][PASSED] - delay(DelayTime): Delayed 3 second(s)

2020-05-29 23:33:07 - [MESSAGE][PASSED] - Delayed 3 second(s)

2020-05-29 23:33:07 - [TEST_STEP][PASSED] - sendKeys(NewInputNmField, Keys.chord(ENTER)): Keys 'ENTER + ' sent to object: 'Object Repository/Objects.HighlightElements/input_field'

2020-05-29 23:33:07 - [MESSAGE][PASSED] - Keys 'ENTER + ' sent to object: 'Object Repository/Objects.HighlightElements/input_field'

2020-05-29 23:33:07 - [TEST_STEP][PASSED] - ComboBoxValue = getAttribute(NewInputNmField, "value"): Attribute 'value' of object 'Object Repository/Objects.HighlightElements/input_field' is: 'Submission of FSI Report'

2020-05-29 23:33:08 - [MESSAGE][PASSED] - Attribute 'value' of object 'Object Repository/Objects.HighlightElements/input_field' is: 'Submission of FSI Report'

2020-05-29 23:33:08 - [TEST_STEP][PASSED] - callTestCase(findTestCase(CallTCName), ["FindValue":ComboBoxValue, "DropdownNm":comboNm], STOP_ON_FAILURE): Call Test Case 'Test Cases/PFI Precision and Scale/HashMap Tables/ConstantHashMap' successfully

2020-05-29 23:33:08 - [TEST_CASE][PASSED] - Test Cases/PFI Precision and Scale/HashMap Tables/ConstantHashMap: Test Cases/PFI Precision and Scale/HashMap Tables/ConstantHashMap

2020-05-29 23:33:08 - [TEST_STEP][PASSED] - ConstantTBL = [1:["PeriodType":"Working Day(s)"], 2:["PeriodType":"Calendar Day(s)"], 3:["PeriodType":"Month(s)"], 4:["TypeOfLetter":"T1"], ... ]: null

2020-05-29 23:33:08 - [TEST_STEP][PASSED] - switch (DropdownNm): null

2020-05-29 23:33:08 - [TEST_STEP][PASSED] - case "eotType":: null

2020-05-29 23:33:08 - [TEST_STEP][PASSED] - ValueFound = ConstantTBL.find({ -> ... }): null

2020-05-29 23:33:08 - [TEST_STEP][PASSED] - break: null

2020-05-29 23:33:08 - [MESSAGE][PASSED] - Call Test Case 'Test Cases/PFI Precision and Scale/HashMap Tables/ConstantHashMap' successfully

2020-05-29 23:33:08 - [TEST_STEP][PASSED] - println(ValueFound): null

2020-05-29 23:33:08 - [TEST_STEP][PASSED] - sendKeys(NewInputNmField, Keys.chord(ARROW_DOWN)): Keys 'DOWN + ' sent to object: 'Object Repository/Objects.HighlightElements/input_field'

2020-05-29 23:33:08 - [MESSAGE][PASSED] - Keys 'DOWN + ' sent to object: 'Object Repository/Objects.HighlightElements/input_field'

2020-05-29 23:33:08 - [TEST_STEP][PASSED] - sendKeys(NewInputNmField, Keys.chord(ENTER)): Keys 'ENTER + ' sent to object: 'Object Repository/Objects.HighlightElements/input_field'

2020-05-29 23:33:08 - [MESSAGE][PASSED] - Keys 'ENTER + ' sent to object: 'Object Repository/Objects.HighlightElements/input_field'

2020-05-29 23:33:08 - [MESSAGE][PASSED] - Call Test Case 'Test Cases/PFI Precision and Scale/PFI Components/VerifyDropdownValues' successfully

2020-05-29 23:33:08 - [TEST_STEP][PASSED] - callTestCase(findTestCase("Components/HighlightLabelField"), ["LblName":"EOT From Date *:"], STOP_ON_FAILURE): Call Test Case 'Test Cases/Components/HighlightLabelField' successfully

2020-05-29 23:33:08 - [TEST_CASE][PASSED] - Test Cases/Components/HighlightLabelField: Test Cases/Components/HighlightLabelField

2020-05-29 23:33:08 - [TEST_STEP][PASSED] - Thread.sleep(1000): null

2020-05-29 23:33:09 - [TEST_STEP][PASSED] - modifiedLblNm = modifyObjectProperty(findTestObject("Objects.HighlightElements/lblField"), "text", "equals", LblName, true): Modify property of object successfully

2020-05-29 23:33:09 - [MESSAGE][PASSED] - Modify property of object successfully

2020-05-29 23:33:09 - [TEST_STEP][PASSED] - com.reusableComponents.HighlightElement.run(modifiedLblNm): com.reusableComponents.HighlightElement.run is PASSED

2020-05-29 23:33:10 - [MESSAGE][PASSED] - com.reusableComponents.HighlightElement.run is PASSED

2020-05-29 23:33:10 - [MESSAGE][PASSED] - Call Test Case 'Test Cases/Components/HighlightLabelField' successfully

2020-05-29 23:33:10 - [TEST_STEP][PASSED] - callTestCase(findTestCase("Components/HighlightInputField"), ["InputFldName":"eotFromDate"], STOP_ON_FAILURE): Call Test Case 'Test Cases/Components/HighlightInputField' successfully

2020-05-29 23:33:10 - [TEST_CASE][PASSED] - Test Cases/Components/HighlightInputField: Test Cases/Components/HighlightInputField

2020-05-29 23:33:10 - [TEST_STEP][PASSED] - Thread.sleep(1000): null

2020-05-29 23:33:11 - [TEST_STEP][PASSED] - modifiedLblNm = modifyObjectProperty(findTestObject("Objects.HighlightElements/input_field"), "name", "equals", InputFldName, true): Modify property of object successfully

2020-05-29 23:33:11 - [MESSAGE][PASSED] - Modify property of object successfully

2020-05-29 23:33:11 - [TEST_STEP][PASSED] - com.reusableComponents.HighlightElement.run(modifiedLblNm): com.reusableComponents.HighlightElement.run is PASSED

2020-05-29 23:33:12 - [MESSAGE][PASSED] - com.reusableComponents.HighlightElement.run is PASSED

2020-05-29 23:33:12 - [MESSAGE][PASSED] - Call Test Case 'Test Cases/Components/HighlightInputField' successfully

2020-05-29 23:33:12 - [TEST_STEP][PASSED] - callTestCase(findTestCase("PFI Precision and Scale/PFI Components/SelectDayInDatePicker"), ["FldNm":"eotFromDate", "SelectDay":"May 30"], STOP_ON_FAILURE): Call Test Case 'Test Cases/PFI Precision and Scale/PFI Components/SelectDayInDatePicker' successfully

2020-05-29 23:33:12 - [TEST_CASE][PASSED] - Test Cases/PFI Precision and Scale/PFI Components/SelectDayInDatePicker: Test Cases/PFI Precision and Scale/PFI Components/SelectDayInDatePicker

2020-05-29 23:33:12 - [TEST_STEP][PASSED] - Thread.sleep(1000): null

2020-05-29 23:33:13 - [TEST_STEP][PASSED] - DateFieldNm = modifyObjectProperty(findTestObject("Objects.HighlightElements/input_field"), "name", "equals", FldNm, true): Modify property of object successfully

2020-05-29 23:33:13 - [MESSAGE][PASSED] - Modify property of object successfully

2020-05-29 23:33:13 - [TEST_STEP][PASSED] - ModifyDay = modifyObjectProperty(findTestObject("Objects.DateValidation/Page_ISPS2/Select_Day"), "aria-label", "equals", SelectDay, true): Modify property of object successfully

2020-05-29 23:33:13 - [MESSAGE][PASSED] - Modify property of object successfully

2020-05-29 23:33:13 - [TEST_STEP][PASSED] - sendKeys(DateFieldNm, Keys.chord(ARROW_DOWN)): Keys 'DOWN + ' sent to object: 'Object Repository/Objects.HighlightElements/input_field'

2020-05-29 23:33:14 - [MESSAGE][PASSED] - Keys 'DOWN + ' sent to object: 'Object Repository/Objects.HighlightElements/input_field'

2020-05-29 23:33:14 - [TEST_STEP][PASSED] - com.reusableComponents.HighlightElement.run(ModifyDay): com.reusableComponents.HighlightElement.run is PASSED

2020-05-29 23:33:14 - [MESSAGE][PASSED] - com.reusableComponents.HighlightElement.run is PASSED

2020-05-29 23:33:14 - [TEST_STEP][PASSED] - delay(1): Delayed 1 second(s)

2020-05-29 23:33:15 - [MESSAGE][PASSED] - Delayed 1 second(s)

2020-05-29 23:33:15 - [TEST_STEP][PASSED] - click(ModifyDay): Object: 'Object Repository/Objects.DateValidation/Page_ISPS2/Select_Day' is clicked on

2020-05-29 23:33:16 - [MESSAGE][PASSED] - Object: 'Object Repository/Objects.DateValidation/Page_ISPS2/Select_Day' is clicked on

2020-05-29 23:33:16 - [MESSAGE][PASSED] - Call Test Case 'Test Cases/PFI Precision and Scale/PFI Components/SelectDayInDatePicker' successfully

2020-05-29 23:33:16 - [TEST_STEP][PASSED] - callTestCase(findTestCase("PFI Precision and Scale/PFI Components/NumericTextboxValidationII"), ["nameToBeUsed":"eotFromDate", "minLen":11, "index":0], STOP_ON_FAILURE): Call Test Case 'Test Cases/PFI Precision and Scale/PFI Components/NumericTextboxValidationII' successfully

2020-05-29 23:33:16 - [TEST_CASE][PASSED] - Test Cases/PFI Precision and Scale/PFI Components/NumericTextboxValidationII: Test Cases/PFI Precision and Scale/PFI Components/NumericTextboxValidationII

2020-05-29 23:33:16 - [TEST_STEP][PASSED] - Thread.sleep(1000): null

2020-05-29 23:33:17 - [TEST_STEP][PASSED] - Numeric = "0123456789": null

2020-05-29 23:33:17 - [TEST_STEP][PASSED] - AlphaSpecialChar = z) + "`~!@#$%^&*()=_{}|\][;'":,?><"".join(): null

2020-05-29 23:33:17 - [TEST_STEP][PASSED] - RandomNumeric = RandomStringUtils.random(minLen, Numeric.toCharArray()): null

2020-05-29 23:33:17 - [TEST_STEP][PASSED] - RandomString = RandomStringUtils.random(minLen, AlphaSpecialChar): null

2020-05-29 23:33:17 - [TEST_STEP][PASSED] - regexPat = Pattern.compile("^[0-9]+$"): null

2020-05-29 23:33:17 - [TEST_STEP][PASSED] - NewInputNmField = modifyObjectProperty(findTestObject("Objects.RemarksValidation/input_Remarks"), "name", "equals", nameToBeUsed, true): Modify property of object successfully

2020-05-29 23:33:17 - [MESSAGE][PASSED] - Modify property of object successfully

2020-05-29 23:33:17 - [TEST_STEP][PASSED] - focus(NewInputNmField): Object: 'Object Repository/Objects.RemarksValidation/input_Remarks' is focused

2020-05-29 23:33:17 - [MESSAGE][PASSED] - Object: 'Object Repository/Objects.RemarksValidation/input_Remarks' is focused

2020-05-29 23:33:17 - [TEST_STEP][PASSED] - setText(NewInputNmField, RandomString): Text '*hBxB,a}|!i' is set on object 'Object Repository/Objects.RemarksValidation/input_Remarks'

2020-05-29 23:33:18 - [MESSAGE][PASSED] - Text '*hBxB,a}|!i' is set on object 'Object Repository/Objects.RemarksValidation/input_Remarks'

2020-05-29 23:33:18 - [TEST_STEP][PASSED] - GetInputVal = getAttribute(NewInputNmField, "value"): Attribute 'value' of object 'Object Repository/Objects.RemarksValidation/input_Remarks' is: ''

2020-05-29 23:33:18 - [MESSAGE][PASSED] - Attribute 'value' of object 'Object Repository/Objects.RemarksValidation/input_Remarks' is: ''

2020-05-29 23:33:18 - [TEST_STEP][PASSED] - if (GetInputVal.contains("e")): null

2020-05-29 23:33:18 - [TEST_STEP][PASSED] - else: Actual text '' and expected text '' are matched  using regular expression

2020-05-29 23:33:18 - [TEST_STEP][PASSED] - verifyMatch(GetInputVal, "", true): Actual text '' and expected text '' are matched  using regular expression

2020-05-29 23:33:18 - [MESSAGE][PASSED] - Actual text '' and expected text '' are matched  using regular expression

2020-05-29 23:33:18 - [TEST_STEP][PASSED] - setText(NewInputNmField, RandomNumeric): Text '79568345216' is set on object 'Object Repository/Objects.RemarksValidation/input_Remarks'

2020-05-29 23:33:19 - [MESSAGE][PASSED] - Text '79568345216' is set on object 'Object Repository/Objects.RemarksValidation/input_Remarks'

2020-05-29 23:33:19 - [TEST_STEP][PASSED] - GetEnteredIntegers = getAttribute(NewInputNmField, "value"): Attribute 'value' of object 'Object Repository/Objects.RemarksValidation/input_Remarks' is: '79568345216'

2020-05-29 23:33:19 - [MESSAGE][PASSED] - Attribute 'value' of object 'Object Repository/Objects.RemarksValidation/input_Remarks' is: '79568345216'

2020-05-29 23:33:19 - [TEST_STEP][PASSED] - matchStr = regexPat.matcher(GetEnteredIntegers): null

2020-05-29 23:33:19 - [TEST_STEP][PASSED] - if (matchStr.matches() == true): Accepting Numeric

2020-05-29 23:33:19 - [TEST_STEP][PASSED] - comment("Accepting Numeric"): Accepting Numeric

2020-05-29 23:33:19 - [MESSAGE][INFO] - Accepting Numeric

2020-05-29 23:33:19 - [MESSAGE][PASSED] - Call Test Case 'Test Cases/PFI Precision and Scale/PFI Components/NumericTextboxValidationII' successfully

2020-05-29 23:33:19 - [TEST_STEP][PASSED] - callTestCase(findTestCase("PFI Precision and Scale/PFI Components/StartTimeError"), ["FldNm":"eotFromDate", "index":0], STOP_ON_FAILURE): Call Test Case 'Test Cases/PFI Precision and Scale/PFI Components/StartTimeError' successfully

2020-05-29 23:33:19 - [TEST_CASE][PASSED] - Test Cases/PFI Precision and Scale/PFI Components/StartTimeError: Test Cases/PFI Precision and Scale/PFI Components/StartTimeError

2020-05-29 23:33:19 - [TEST_STEP][PASSED] - Thread.sleep(1000): null

2020-05-29 23:33:20 - [TEST_STEP][PASSED] - if (index == 0): Modify property of object successfully

2020-05-29 23:33:20 - [TEST_STEP][PASSED] - NewInputNmField = modifyObjectProperty(findTestObject("Objects.HighlightElements/input_field"), "name", "equals", FldNm, true): Modify property of object successfully

2020-05-29 23:33:20 - [MESSAGE][PASSED] - Modify property of object successfully

2020-05-29 23:33:20 - [TEST_STEP][PASSED] - mouseOver(NewInputNmField): Object: 'Object Repository/Objects.HighlightElements/input_field' is hovered

2020-05-29 23:33:21 - [MESSAGE][PASSED] - Object: 'Object Repository/Objects.HighlightElements/input_field' is hovered

2020-05-29 23:33:21 - [TEST_STEP][PASSED] - getInputInvalidDate = getAttribute(NewInputNmField, "value"): Attribute 'value' of object 'Object Repository/Objects.HighlightElements/input_field' is: '79568345216'

2020-05-29 23:33:21 - [MESSAGE][PASSED] - Attribute 'value' of object 'Object Repository/Objects.HighlightElements/input_field' is: '79568345216'

2020-05-29 23:33:21 - [TEST_STEP][PASSED] - getErrMsg = getAttribute(NewInputNmField, "data-errorqtip"): Attribute 'data-errorqtip' of object 'Object Repository/Objects.HighlightElements/input_field' is: '<ul class="x-list-plain"><li>Start time must be less than end time</li><li>79568345216 is not a valid date - it must be in the format d/m/Y</li></ul>'

2020-05-29 23:33:22 - [MESSAGE][PASSED] - Attribute 'data-errorqtip' of object 'Object Repository/Objects.HighlightElements/input_field' is: '<ul class="x-list-plain"><li>Start time must be less than end time</li><li>79568345216 is not a valid date - it must be in the format d/m/Y</li></ul>'

2020-05-29 23:33:22 - [TEST_STEP][PASSED] - RmvCd = getErrMsg.substring(0, 75): null

2020-05-29 23:33:22 - [TEST_STEP][PASSED] - FirstErrMsg = RmvCd.substring(29, 66): null

2020-05-29 23:33:22 - [TEST_STEP][PASSED] - getTotalLength = getErrMsg.length(): null

2020-05-29 23:33:22 - [TEST_STEP][PASSED] - RmvCd = getErrMsg.substring(75, getTotalLength): null

2020-05-29 23:33:22 - [TEST_STEP][PASSED] - lenInv = RmvCd.length() - 10: null

2020-05-29 23:33:22 - [TEST_STEP][PASSED] - InvErrMsg = RmvCd.substring(0, lenInv): null

2020-05-29 23:33:22 - [TEST_STEP][PASSED] - ExpectedInvalidErrMsg2 = concatenate(InvDtErr, " ", getInputInvalidDate, " ", NotValidDt): Concatenated string array: '['Start time must be less than end time',' ','79568345216',' ','is not a valid date - it must be in the format d/m/Y']' into 'Start time must be less than end time 79568345216 is not a valid date - it must be in the format d/m/Y'

2020-05-29 23:33:22 - [MESSAGE][PASSED] - Concatenated string array: '['Start time must be less than end time',' ','79568345216',' ','is not a valid date - it must be in the format d/m/Y']' into 'Start time must be less than end time 79568345216 is not a valid date - it must be in the format d/m/Y'

2020-05-29 23:33:22 - [TEST_STEP][PASSED] - ActualInvErrMsg = concatenate(FirstErrMsg, " ", InvErrMsg): Concatenated string array: '['Start time must be less than end time',' ','79568345216 is not a valid date - it must be in the format d/m/Y']' into 'Start time must be less than end time 79568345216 is not a valid date - it must be in the format d/m/Y'

2020-05-29 23:33:22 - [MESSAGE][PASSED] - Concatenated string array: '['Start time must be less than end time',' ','79568345216 is not a valid date - it must be in the format d/m/Y']' into 'Start time must be less than end time 79568345216 is not a valid date - it must be in the format d/m/Y'

2020-05-29 23:33:22 - [TEST_STEP][PASSED] - verifyMatch(ActualInvErrMsg, ExpectedInvalidErrMsg2, true): Actual text 'Start time must be less than end time 79568345216 is not a valid date - it must be in the format d/m/Y' and expected text 'Start time must be less than end time 79568345216 is not a valid date - it must be in the format d/m/Y' are matched  using regular expression

2020-05-29 23:33:22 - [MESSAGE][PASSED] - Actual text 'Start time must be less than end time 79568345216 is not a valid date - it must be in the format d/m/Y' and expected text 'Start time must be less than end time 79568345216 is not a valid date - it must be in the format d/m/Y' are matched  using regular expression

2020-05-29 23:33:22 - [MESSAGE][PASSED] - Call Test Case 'Test Cases/PFI Precision and Scale/PFI Components/StartTimeError' successfully

2020-05-29 23:33:22 - [TEST_STEP][PASSED] - callTestCase(findTestCase("PFI Precision and Scale/PFI Components/SelectTodayInDatePicker"), ["FldNm":"eotFromDate", "index":"1"], STOP_ON_FAILURE): Call Test Case 'Test Cases/PFI Precision and Scale/PFI Components/SelectTodayInDatePicker' successfully

2020-05-29 23:33:22 - [TEST_CASE][PASSED] - Test Cases/PFI Precision and Scale/PFI Components/SelectTodayInDatePicker: Test Cases/PFI Precision and Scale/PFI Components/SelectTodayInDatePicker

2020-05-29 23:33:22 - [TEST_STEP][PASSED] - Thread.sleep(1000): null

2020-05-29 23:33:23 - [TEST_STEP][PASSED] - DateFieldNm = modifyObjectProperty(findTestObject("Object Repository/Objects.DateValidation/Page_ISPS2/input__orderDt"), "name", "equals", FldNm, true): Modify property of object successfully

2020-05-29 23:33:23 - [MESSAGE][PASSED] - Modify property of object successfully

2020-05-29 23:33:23 - [TEST_STEP][PASSED] - TodayBtn = modifyObjectProperty(findTestObject("Object Repository/Objects.DateValidation/Page_ISPS2/a_Today"), "xpath", "equals", "(//*[text() = 'Today'])[" + index + "]", true): Modify property of object successfully

2020-05-29 23:33:23 - [MESSAGE][PASSED] - Modify property of object successfully

2020-05-29 23:33:23 - [TEST_STEP][PASSED] - sendKeys(DateFieldNm, Keys.chord(ARROW_DOWN)): Keys 'DOWN + ' sent to object: 'Object Repository/Objects.DateValidation/Page_ISPS2/input__orderDt'

2020-05-29 23:33:23 - [MESSAGE][PASSED] - Keys 'DOWN + ' sent to object: 'Object Repository/Objects.DateValidation/Page_ISPS2/input__orderDt'

2020-05-29 23:33:23 - [TEST_STEP][PASSED] - com.reusableComponents.HighlightElement.run(TodayBtn): com.reusableComponents.HighlightElement.run is PASSED

2020-05-29 23:33:24 - [MESSAGE][PASSED] - com.reusableComponents.HighlightElement.run is PASSED

2020-05-29 23:33:24 - [TEST_STEP][PASSED] - click(TodayBtn): Object: 'Object Repository/Objects.DateValidation/Page_ISPS2/a_Today' is clicked on

2020-05-29 23:33:25 - [MESSAGE][PASSED] - Object: 'Object Repository/Objects.DateValidation/Page_ISPS2/a_Today' is clicked on

2020-05-29 23:33:25 - [MESSAGE][PASSED] - Call Test Case 'Test Cases/PFI Precision and Scale/PFI Components/SelectTodayInDatePicker' successfully

2020-05-29 23:33:25 - [TEST_STEP][PASSED] - callTestCase(findTestCase("Components/HighlightLabelField"), ["LblName":"EOT To Date *:"], STOP_ON_FAILURE): Call Test Case 'Test Cases/Components/HighlightLabelField' successfully

2020-05-29 23:33:25 - [TEST_CASE][PASSED] - Test Cases/Components/HighlightLabelField: Test Cases/Components/HighlightLabelField

2020-05-29 23:33:25 - [TEST_STEP][PASSED] - Thread.sleep(1000): null

2020-05-29 23:33:26 - [TEST_STEP][PASSED] - modifiedLblNm = modifyObjectProperty(findTestObject("Objects.HighlightElements/lblField"), "text", "equals", LblName, true): Modify property of object successfully

2020-05-29 23:33:26 - [MESSAGE][PASSED] - Modify property of object successfully

2020-05-29 23:33:26 - [TEST_STEP][PASSED] - com.reusableComponents.HighlightElement.run(modifiedLblNm): com.reusableComponents.HighlightElement.run is PASSED

2020-05-29 23:33:26 - [MESSAGE][PASSED] - com.reusableComponents.HighlightElement.run is PASSED

2020-05-29 23:33:26 - [MESSAGE][PASSED] - Call Test Case 'Test Cases/Components/HighlightLabelField' successfully

2020-05-29 23:33:26 - [TEST_STEP][PASSED] - callTestCase(findTestCase("Components/HighlightInputField"), ["InputFldName":"eotToDate"], STOP_ON_FAILURE): Call Test Case 'Test Cases/Components/HighlightInputField' successfully

2020-05-29 23:33:27 - [TEST_CASE][PASSED] - Test Cases/Components/HighlightInputField: Test Cases/Components/HighlightInputField

2020-05-29 23:33:27 - [TEST_STEP][PASSED] - Thread.sleep(1000): null

2020-05-29 23:33:28 - [TEST_STEP][PASSED] - modifiedLblNm = modifyObjectProperty(findTestObject("Objects.HighlightElements/input_field"), "name", "equals", InputFldName, true): Modify property of object successfully

2020-05-29 23:33:28 - [MESSAGE][PASSED] - Modify property of object successfully

2020-05-29 23:33:28 - [TEST_STEP][PASSED] - com.reusableComponents.HighlightElement.run(modifiedLblNm): com.reusableComponents.HighlightElement.run is PASSED

2020-05-29 23:33:28 - [MESSAGE][PASSED] - com.reusableComponents.HighlightElement.run is PASSED

2020-05-29 23:33:28 - [MESSAGE][PASSED] - Call Test Case 'Test Cases/Components/HighlightInputField' successfully

2020-05-29 23:33:28 - [TEST_STEP][PASSED] - callTestCase(findTestCase("PFI Precision and Scale/PFI Components with Indexing/SelectDayInDatePickerWithIndex"), ["FldNm":"eotToDate", "SelectCurrentDay":"30", "index":4], STOP_ON_FAILURE): Call Test Case 'Test Cases/PFI Precision and Scale/PFI Components with Indexing/SelectDayInDatePickerWithIndex' successfully

2020-05-29 23:33:28 - [TEST_CASE][PASSED] - Test Cases/PFI Precision and Scale/PFI Components with Indexing/SelectDayInDatePickerWithIndex: Test Cases/PFI Precision and Scale/PFI Components with Indexing/SelectDayInDatePickerWithIndex

2020-05-29 23:33:29 - [TEST_STEP][PASSED] - Thread.sleep(1000): null

2020-05-29 23:33:30 - [TEST_STEP][PASSED] - DateFieldNm = modifyObjectProperty(findTestObject("Objects.HighlightElements/input_field"), "name", "equals", FldNm, true): Modify property of object successfully

2020-05-29 23:33:30 - [MESSAGE][PASSED] - Modify property of object successfully

2020-05-29 23:33:30 - [TEST_STEP][PASSED] - ModifyDay = modifyObjectProperty(findTestObject("Objects.DateValidation/Page_ISPS2/Select_Day_Index"), "xpath", "equals", "(//*[contains(@class, 'x-datepicker-date') and (text() = '" + SelectCurrentDay + "')])[" + index + "]", true): Modify property of object successfully

2020-05-29 23:33:30 - [MESSAGE][PASSED] - Modify property of object successfully

2020-05-29 23:33:30 - [TEST_STEP][PASSED] - sendKeys(DateFieldNm, Keys.chord(ARROW_DOWN)): Keys 'DOWN + ' sent to object: 'Object Repository/Objects.HighlightElements/input_field'

2020-05-29 23:33:30 - [MESSAGE][PASSED] - Keys 'DOWN + ' sent to object: 'Object Repository/Objects.HighlightElements/input_field'

2020-05-29 23:33:30 - [TEST_STEP][PASSED] - com.reusableComponents.HighlightElement.run(ModifyDay): com.reusableComponents.HighlightElement.run is PASSED

2020-05-29 23:33:31 - [MESSAGE][PASSED] - com.reusableComponents.HighlightElement.run is PASSED

2020-05-29 23:33:31 - [TEST_STEP][PASSED] - delay(1): Delayed 1 second(s)

2020-05-29 23:33:32 - [MESSAGE][PASSED] - Delayed 1 second(s)

2020-05-29 23:33:32 - [TEST_STEP][PASSED] - click(ModifyDay): Object: 'Object Repository/Objects.DateValidation/Page_ISPS2/Select_Day_Index' is clicked on

2020-05-29 23:33:32 - [MESSAGE][PASSED] - Object: 'Object Repository/Objects.DateValidation/Page_ISPS2/Select_Day_Index' is clicked on

2020-05-29 23:33:32 - [MESSAGE][PASSED] - Call Test Case 'Test Cases/PFI Precision and Scale/PFI Components with Indexing/SelectDayInDatePickerWithIndex' successfully

2020-05-29 23:33:32 - [TEST_STEP][PASSED] - callTestCase(findTestCase("PFI Precision and Scale/PFI Components/NumericTextboxValidationII"), ["nameToBeUsed":"eotToDate", "minLen":11, "index":0], STOP_ON_FAILURE): Call Test Case 'Test Cases/PFI Precision and Scale/PFI Components/NumericTextboxValidationII' successfully

2020-05-29 23:33:32 - [TEST_CASE][PASSED] - Test Cases/PFI Precision and Scale/PFI Components/NumericTextboxValidationII: Test Cases/PFI Precision and Scale/PFI Components/NumericTextboxValidationII

2020-05-29 23:33:32 - [TEST_STEP][PASSED] - Thread.sleep(1000): null

2020-05-29 23:33:33 - [TEST_STEP][PASSED] - Numeric = "0123456789": null

2020-05-29 23:33:33 - [TEST_STEP][PASSED] - AlphaSpecialChar = z) + "`~!@#$%^&*()=_{}|\][;'":,?><"".join(): null

2020-05-29 23:33:33 - [TEST_STEP][PASSED] - RandomNumeric = RandomStringUtils.random(minLen, Numeric.toCharArray()): null

2020-05-29 23:33:33 - [TEST_STEP][PASSED] - RandomString = RandomStringUtils.random(minLen, AlphaSpecialChar): null

2020-05-29 23:33:33 - [TEST_STEP][PASSED] - regexPat = Pattern.compile("^[0-9]+$"): null

2020-05-29 23:33:33 - [TEST_STEP][PASSED] - NewInputNmField = modifyObjectProperty(findTestObject("Objects.RemarksValidation/input_Remarks"), "name", "equals", nameToBeUsed, true): Modify property of object successfully

2020-05-29 23:33:33 - [MESSAGE][PASSED] - Modify property of object successfully

2020-05-29 23:33:33 - [TEST_STEP][PASSED] - focus(NewInputNmField): Object: 'Object Repository/Objects.RemarksValidation/input_Remarks' is focused

2020-05-29 23:33:34 - [MESSAGE][PASSED] - Object: 'Object Repository/Objects.RemarksValidation/input_Remarks' is focused

2020-05-29 23:33:34 - [TEST_STEP][PASSED] - setText(NewInputNmField, RandomString): Text 'Adf@_YHjyV'' is set on object 'Object Repository/Objects.RemarksValidation/input_Remarks'

2020-05-29 23:33:34 - [MESSAGE][PASSED] - Text 'Adf@_YHjyV'' is set on object 'Object Repository/Objects.RemarksValidation/input_Remarks'

2020-05-29 23:33:34 - [TEST_STEP][PASSED] - GetInputVal = getAttribute(NewInputNmField, "value"): Attribute 'value' of object 'Object Repository/Objects.RemarksValidation/input_Remarks' is: ''

2020-05-29 23:33:34 - [MESSAGE][PASSED] - Attribute 'value' of object 'Object Repository/Objects.RemarksValidation/input_Remarks' is: ''

2020-05-29 23:33:34 - [TEST_STEP][PASSED] - if (GetInputVal.contains("e")): null

2020-05-29 23:33:34 - [TEST_STEP][PASSED] - else: Actual text '' and expected text '' are matched  using regular expression

2020-05-29 23:33:34 - [TEST_STEP][PASSED] - verifyMatch(GetInputVal, "", true): Actual text '' and expected text '' are matched  using regular expression

2020-05-29 23:33:34 - [MESSAGE][PASSED] - Actual text '' and expected text '' are matched  using regular expression

2020-05-29 23:33:34 - [TEST_STEP][PASSED] - setText(NewInputNmField, RandomNumeric): Text '84591006636' is set on object 'Object Repository/Objects.RemarksValidation/input_Remarks'

2020-05-29 23:33:35 - [MESSAGE][PASSED] - Text '84591006636' is set on object 'Object Repository/Objects.RemarksValidation/input_Remarks'

2020-05-29 23:33:35 - [TEST_STEP][PASSED] - GetEnteredIntegers = getAttribute(NewInputNmField, "value"): Attribute 'value' of object 'Object Repository/Objects.RemarksValidation/input_Remarks' is: '84591006636'

2020-05-29 23:33:35 - [MESSAGE][PASSED] - Attribute 'value' of object 'Object Repository/Objects.RemarksValidation/input_Remarks' is: '84591006636'

2020-05-29 23:33:35 - [TEST_STEP][PASSED] - matchStr = regexPat.matcher(GetEnteredIntegers): null

2020-05-29 23:33:35 - [TEST_STEP][PASSED] - if (matchStr.matches() == true): Accepting Numeric

2020-05-29 23:33:35 - [TEST_STEP][PASSED] - comment("Accepting Numeric"): Accepting Numeric

2020-05-29 23:33:35 - [MESSAGE][INFO] - Accepting Numeric

2020-05-29 23:33:35 - [MESSAGE][PASSED] - Call Test Case 'Test Cases/PFI Precision and Scale/PFI Components/NumericTextboxValidationII' successfully

2020-05-29 23:33:35 - [TEST_STEP][PASSED] - callTestCase(findTestCase("PFI Precision and Scale/PFI Components/StartTimeError"), ["FldNm":"eotToDate", "index":0], STOP_ON_FAILURE): Call Test Case 'Test Cases/PFI Precision and Scale/PFI Components/StartTimeError' successfully

2020-05-29 23:33:35 - [TEST_CASE][PASSED] - Test Cases/PFI Precision and Scale/PFI Components/StartTimeError: Test Cases/PFI Precision and Scale/PFI Components/StartTimeError

2020-05-29 23:33:35 - [TEST_STEP][PASSED] - Thread.sleep(1000): null

2020-05-29 23:33:36 - [TEST_STEP][PASSED] - if (index == 0): Modify property of object successfully

2020-05-29 23:33:36 - [TEST_STEP][PASSED] - NewInputNmField = modifyObjectProperty(findTestObject("Objects.HighlightElements/input_field"), "name", "equals", FldNm, true): Modify property of object successfully

2020-05-29 23:33:36 - [MESSAGE][PASSED] - Modify property of object successfully

2020-05-29 23:33:36 - [TEST_STEP][PASSED] - mouseOver(NewInputNmField): Object: 'Object Repository/Objects.HighlightElements/input_field' is hovered

2020-05-29 23:33:37 - [MESSAGE][PASSED] - Object: 'Object Repository/Objects.HighlightElements/input_field' is hovered

2020-05-29 23:33:37 - [TEST_STEP][PASSED] - getInputInvalidDate = getAttribute(NewInputNmField, "value"): Attribute 'value' of object 'Object Repository/Objects.HighlightElements/input_field' is: '84591006636'

2020-05-29 23:33:37 - [MESSAGE][PASSED] - Attribute 'value' of object 'Object Repository/Objects.HighlightElements/input_field' is: '84591006636'

2020-05-29 23:33:37 - [TEST_STEP][PASSED] - getErrMsg = getAttribute(NewInputNmField, "data-errorqtip"): Attribute 'data-errorqtip' of object 'Object Repository/Objects.HighlightElements/input_field' is: '<ul class="x-list-plain"><li>Start time must be less than end time</li><li>84591006636 is not a valid date - it must be in the format d/m/Y</li></ul>'

2020-05-29 23:33:38 - [MESSAGE][PASSED] - Attribute 'data-errorqtip' of object 'Object Repository/Objects.HighlightElements/input_field' is: '<ul class="x-list-plain"><li>Start time must be less than end time</li><li>84591006636 is not a valid date - it must be in the format d/m/Y</li></ul>'

2020-05-29 23:33:38 - [TEST_STEP][PASSED] - RmvCd = getErrMsg.substring(0, 75): null

2020-05-29 23:33:38 - [TEST_STEP][PASSED] - FirstErrMsg = RmvCd.substring(29, 66): null

2020-05-29 23:33:38 - [TEST_STEP][PASSED] - getTotalLength = getErrMsg.length(): null

2020-05-29 23:33:38 - [TEST_STEP][PASSED] - RmvCd = getErrMsg.substring(75, getTotalLength): null

2020-05-29 23:33:38 - [TEST_STEP][PASSED] - lenInv = RmvCd.length() - 10: null

2020-05-29 23:33:38 - [TEST_STEP][PASSED] - InvErrMsg = RmvCd.substring(0, lenInv): null

2020-05-29 23:33:38 - [TEST_STEP][PASSED] - ExpectedInvalidErrMsg2 = concatenate(InvDtErr, " ", getInputInvalidDate, " ", NotValidDt): Concatenated string array: '['Start time must be less than end time',' ','84591006636',' ','is not a valid date - it must be in the format d/m/Y']' into 'Start time must be less than end time 84591006636 is not a valid date - it must be in the format d/m/Y'

2020-05-29 23:33:38 - [MESSAGE][PASSED] - Concatenated string array: '['Start time must be less than end time',' ','84591006636',' ','is not a valid date - it must be in the format d/m/Y']' into 'Start time must be less than end time 84591006636 is not a valid date - it must be in the format d/m/Y'

2020-05-29 23:33:38 - [TEST_STEP][PASSED] - ActualInvErrMsg = concatenate(FirstErrMsg, " ", InvErrMsg): Concatenated string array: '['Start time must be less than end time',' ','84591006636 is not a valid date - it must be in the format d/m/Y']' into 'Start time must be less than end time 84591006636 is not a valid date - it must be in the format d/m/Y'

2020-05-29 23:33:38 - [MESSAGE][PASSED] - Concatenated string array: '['Start time must be less than end time',' ','84591006636 is not a valid date - it must be in the format d/m/Y']' into 'Start time must be less than end time 84591006636 is not a valid date - it must be in the format d/m/Y'

2020-05-29 23:33:38 - [TEST_STEP][PASSED] - verifyMatch(ActualInvErrMsg, ExpectedInvalidErrMsg2, true): Actual text 'Start time must be less than end time 84591006636 is not a valid date - it must be in the format d/m/Y' and expected text 'Start time must be less than end time 84591006636 is not a valid date - it must be in the format d/m/Y' are matched  using regular expression

2020-05-29 23:33:38 - [MESSAGE][PASSED] - Actual text 'Start time must be less than end time 84591006636 is not a valid date - it must be in the format d/m/Y' and expected text 'Start time must be less than end time 84591006636 is not a valid date - it must be in the format d/m/Y' are matched  using regular expression

2020-05-29 23:33:38 - [MESSAGE][PASSED] - Call Test Case 'Test Cases/PFI Precision and Scale/PFI Components/StartTimeError' successfully

2020-05-29 23:33:38 - [TEST_STEP][PASSED] - callTestCase(findTestCase("PFI Precision and Scale/PFI Components/SelectTodayInDatePicker"), ["FldNm":"eotToDate", "index":"2"], STOP_ON_FAILURE): Call Test Case 'Test Cases/PFI Precision and Scale/PFI Components/SelectTodayInDatePicker' successfully

2020-05-29 23:33:38 - [TEST_CASE][PASSED] - Test Cases/PFI Precision and Scale/PFI Components/SelectTodayInDatePicker: Test Cases/PFI Precision and Scale/PFI Components/SelectTodayInDatePicker

2020-05-29 23:33:38 - [TEST_STEP][PASSED] - Thread.sleep(1000): null

2020-05-29 23:33:39 - [TEST_STEP][PASSED] - DateFieldNm = modifyObjectProperty(findTestObject("Object Repository/Objects.DateValidation/Page_ISPS2/input__orderDt"), "name", "equals", FldNm, true): Modify property of object successfully

2020-05-29 23:33:39 - [MESSAGE][PASSED] - Modify property of object successfully

2020-05-29 23:33:39 - [TEST_STEP][PASSED] - TodayBtn = modifyObjectProperty(findTestObject("Object Repository/Objects.DateValidation/Page_ISPS2/a_Today"), "xpath", "equals", "(//*[text() = 'Today'])[" + index + "]", true): Modify property of object successfully

2020-05-29 23:33:39 - [MESSAGE][PASSED] - Modify property of object successfully

2020-05-29 23:33:39 - [TEST_STEP][PASSED] - sendKeys(DateFieldNm, Keys.chord(ARROW_DOWN)): Keys 'DOWN + ' sent to object: 'Object Repository/Objects.DateValidation/Page_ISPS2/input__orderDt'

2020-05-29 23:33:39 - [MESSAGE][PASSED] - Keys 'DOWN + ' sent to object: 'Object Repository/Objects.DateValidation/Page_ISPS2/input__orderDt'

2020-05-29 23:33:39 - [TEST_STEP][PASSED] - com.reusableComponents.HighlightElement.run(TodayBtn): com.reusableComponents.HighlightElement.run is PASSED

2020-05-29 23:33:40 - [MESSAGE][PASSED] - com.reusableComponents.HighlightElement.run is PASSED

2020-05-29 23:33:40 - [TEST_STEP][PASSED] - click(TodayBtn): Object: 'Object Repository/Objects.DateValidation/Page_ISPS2/a_Today' is clicked on

2020-05-29 23:33:40 - [MESSAGE][PASSED] - Object: 'Object Repository/Objects.DateValidation/Page_ISPS2/a_Today' is clicked on

2020-05-29 23:33:40 - [MESSAGE][PASSED] - Call Test Case 'Test Cases/PFI Precision and Scale/PFI Components/SelectTodayInDatePicker' successfully

2020-05-29 23:33:40 - [TEST_STEP][PASSED] - callTestCase(findTestCase("PFI Precision and Scale/PFI Components/PastDateAfterError"), ["FldNm":"eotToDate"], STOP_ON_FAILURE): Call Test Case 'Test Cases/PFI Precision and Scale/PFI Components/PastDateAfterError' successfully

2020-05-29 23:33:40 - [TEST_CASE][PASSED] - Test Cases/PFI Precision and Scale/PFI Components/PastDateAfterError: Test Cases/PFI Precision and Scale/PFI Components/PastDateAfterError

2020-05-29 23:33:41 - [TEST_STEP][PASSED] - Thread.sleep(1000): null

2020-05-29 23:33:42 - [TEST_STEP][PASSED] - date = new java.util.Date(): null

2020-05-29 23:33:42 - [TEST_STEP][PASSED] - DateFormat = new java.text.SimpleDateFormat(dd/MM/yyyy): null

2020-05-29 23:33:42 - [TEST_STEP][PASSED] - CurrentDate = DateFormat.format(date): null

2020-05-29 23:33:42 - [TEST_STEP][PASSED] - DateFieldNm = modifyObjectProperty(findTestObject("Objects.HighlightElements/input_field"), "name", "equals", FldNm, true): Modify property of object successfully

2020-05-29 23:33:42 - [MESSAGE][PASSED] - Modify property of object successfully

2020-05-29 23:33:42 - [TEST_STEP][PASSED] - GetDateValue = getAttribute(DateFieldNm, "value"): Attribute 'value' of object 'Object Repository/Objects.HighlightElements/input_field' is: '29/05/2020'

2020-05-29 23:33:42 - [MESSAGE][PASSED] - Attribute 'value' of object 'Object Repository/Objects.HighlightElements/input_field' is: '29/05/2020'

2020-05-29 23:33:42 - [TEST_STEP][PASSED] - verifyMatch(GetDateValue, CurrentDate, true): Actual text '29/05/2020' and expected text '29/05/2020' are matched  using regular expression

2020-05-29 23:33:42 - [MESSAGE][PASSED] - Actual text '29/05/2020' and expected text '29/05/2020' are matched  using regular expression

2020-05-29 23:33:42 - [TEST_STEP][PASSED] - PastDate = date - 30: null

2020-05-29 23:33:42 - [TEST_STEP][PASSED] - PastDateFormatted = PastDate.format("dd/MM/yyyy"): null

2020-05-29 23:33:42 - [TEST_STEP][PASSED] - setText(DateFieldNm, PastDateFormatted): Text '29/04/2020' is set on object 'Object Repository/Objects.HighlightElements/input_field'

2020-05-29 23:33:43 - [MESSAGE][PASSED] - Text '29/04/2020' is set on object 'Object Repository/Objects.HighlightElements/input_field'

2020-05-29 23:33:43 - [TEST_STEP][PASSED] - mouseOver(DateFieldNm, STOP_ON_FAILURE): Object: 'Object Repository/Objects.HighlightElements/input_field' is hovered

2020-05-29 23:33:43 - [MESSAGE][PASSED] - Object: 'Object Repository/Objects.HighlightElements/input_field' is hovered

2020-05-29 23:33:43 - [TEST_STEP][PASSED] - PastDtErrMsg = getAttribute(DateFieldNm, "data-errorqtip", STOP_ON_FAILURE): Attribute 'data-errorqtip' of object 'Object Repository/Objects.HighlightElements/input_field' is: '<ul class="x-list-plain"><li>The date in this field must be after 29/05/2020</li></ul>'

2020-05-29 23:33:43 - [MESSAGE][PASSED] - Attribute 'data-errorqtip' of object 'Object Repository/Objects.HighlightElements/input_field' is: '<ul class="x-list-plain"><li>The date in this field must be after 29/05/2020</li></ul>'

2020-05-29 23:33:43 - [TEST_STEP][PASSED] - lenErrMsg = PastDtErrMsg.length(): null

2020-05-29 23:33:43 - [TEST_STEP][PASSED] - RmvCde = PastDtErrMsg.substring(29, lenErrMsg): null

2020-05-29 23:33:43 - [TEST_STEP][PASSED] - ActualErrDtMsg = RmvCde.substring(0, 47): null

2020-05-29 23:33:43 - [TEST_STEP][PASSED] - ExpectedErrDtMsg = concatenate(DtErrMsg, " ", CurrentDate): Concatenated string array: '['The date in this field must be after',' ','29/05/2020']' into 'The date in this field must be after 29/05/2020'

2020-05-29 23:33:43 - [MESSAGE][PASSED] - Concatenated string array: '['The date in this field must be after',' ','29/05/2020']' into 'The date in this field must be after 29/05/2020'

2020-05-29 23:33:43 - [TEST_STEP][PASSED] - verifyMatch(ActualErrDtMsg, ExpectedErrDtMsg, true): Actual text 'The date in this field must be after 29/05/2020' and expected text 'The date in this field must be after 29/05/2020' are matched  using regular expression

2020-05-29 23:33:43 - [MESSAGE][PASSED] - Actual text 'The date in this field must be after 29/05/2020' and expected text 'The date in this field must be after 29/05/2020' are matched  using regular expression

2020-05-29 23:33:43 - [TEST_STEP][PASSED] - FromDate = getAttribute(DateFieldNm, "value"): Attribute 'value' of object 'Object Repository/Objects.HighlightElements/input_field' is: '29/04/2020'

2020-05-29 23:33:44 - [MESSAGE][PASSED] - Attribute 'value' of object 'Object Repository/Objects.HighlightElements/input_field' is: '29/04/2020'

2020-05-29 23:33:44 - [MESSAGE][PASSED] - Call Test Case 'Test Cases/PFI Precision and Scale/PFI Components/PastDateAfterError' successfully

2020-05-29 23:33:44 - [TEST_STEP][PASSED] - callTestCase(findTestCase("PFI Precision and Scale/PFI Components/PastDateBeforeError"), ["FldNm":"eotFromDate"], STOP_ON_FAILURE): Call Test Case 'Test Cases/PFI Precision and Scale/PFI Components/PastDateBeforeError' successfully

2020-05-29 23:33:44 - [TEST_CASE][PASSED] - Test Cases/PFI Precision and Scale/PFI Components/PastDateBeforeError: Test Cases/PFI Precision and Scale/PFI Components/PastDateBeforeError

2020-05-29 23:33:44 - [TEST_STEP][PASSED] - Thread.sleep(1000): null

2020-05-29 23:33:45 - [TEST_STEP][PASSED] - DateFieldNm = modifyObjectProperty(findTestObject("Objects.HighlightElements/input_field"), "name", "equals", FldNm, true): Modify property of object successfully

2020-05-29 23:33:45 - [MESSAGE][PASSED] - Modify property of object successfully

2020-05-29 23:33:45 - [TEST_STEP][PASSED] - mouseOver(DateFieldNm): Object: 'Object Repository/Objects.HighlightElements/input_field' is hovered

2020-05-29 23:33:46 - [MESSAGE][PASSED] - Object: 'Object Repository/Objects.HighlightElements/input_field' is hovered

2020-05-29 23:33:46 - [TEST_STEP][PASSED] - PastDtErrMsg = getAttribute(DateFieldNm, "data-errorqtip", STOP_ON_FAILURE): Attribute 'data-errorqtip' of object 'Object Repository/Objects.HighlightElements/input_field' is: '<ul class="x-list-plain"><li>The date in this field must be before 29/04/2020</li></ul>'

2020-05-29 23:33:46 - [MESSAGE][PASSED] - Attribute 'data-errorqtip' of object 'Object Repository/Objects.HighlightElements/input_field' is: '<ul class="x-list-plain"><li>The date in this field must be before 29/04/2020</li></ul>'

2020-05-29 23:33:46 - [TEST_STEP][PASSED] - lenErrMsg = PastDtErrMsg.length(): null

2020-05-29 23:33:46 - [TEST_STEP][PASSED] - RmvCde = PastDtErrMsg.substring(29, lenErrMsg): null

2020-05-29 23:33:46 - [TEST_STEP][PASSED] - ActualErrDtMsg = RmvCde.substring(0, 48): null

2020-05-29 23:33:46 - [TEST_STEP][PASSED] - ExpectedErrDtMsg = concatenate(findTestData("PrecisionAndScaleDB").getValue("ErrorMessage", 7), " ", FromDate): Concatenated string array: '['The date in this field must be before',' ','29/04/2020']' into 'The date in this field must be before 29/04/2020'

2020-05-29 23:33:46 - [MESSAGE][PASSED] - Concatenated string array: '['The date in this field must be before',' ','29/04/2020']' into 'The date in this field must be before 29/04/2020'

2020-05-29 23:33:46 - [TEST_STEP][PASSED] - verifyMatch(ActualErrDtMsg, ExpectedErrDtMsg, true): Actual text 'The date in this field must be before 29/04/2020' and expected text 'The date in this field must be before 29/04/2020' are matched  using regular expression

2020-05-29 23:33:46 - [MESSAGE][PASSED] - Actual text 'The date in this field must be before 29/04/2020' and expected text 'The date in this field must be before 29/04/2020' are matched  using regular expression

2020-05-29 23:33:46 - [MESSAGE][PASSED] - Call Test Case 'Test Cases/PFI Precision and Scale/PFI Components/PastDateBeforeError' successfully

2020-05-29 23:33:46 - [TEST_STEP][PASSED] - callTestCase(findTestCase("Components/HighlightLabelField"), ["LblName":"Approve Officer *:"], STOP_ON_FAILURE): Call Test Case 'Test Cases/Components/HighlightLabelField' successfully

2020-05-29 23:33:46 - [TEST_CASE][PASSED] - Test Cases/Components/HighlightLabelField: Test Cases/Components/HighlightLabelField

2020-05-29 23:33:46 - [TEST_STEP][PASSED] - Thread.sleep(1000): null

2020-05-29 23:33:47 - [TEST_STEP][PASSED] - modifiedLblNm = modifyObjectProperty(findTestObject("Objects.HighlightElements/lblField"), "text", "equals", LblName, true): Modify property of object successfully

2020-05-29 23:33:47 - [MESSAGE][PASSED] - Modify property of object successfully

2020-05-29 23:33:47 - [TEST_STEP][PASSED] - com.reusableComponents.HighlightElement.run(modifiedLblNm): com.reusableComponents.HighlightElement.run is PASSED

2020-05-29 23:33:48 - [MESSAGE][PASSED] - com.reusableComponents.HighlightElement.run is PASSED

2020-05-29 23:33:48 - [MESSAGE][PASSED] - Call Test Case 'Test Cases/Components/HighlightLabelField' successfully

2020-05-29 23:33:48 - [TEST_STEP][PASSED] - callTestCase(findTestCase("Components/HighlightInputField"), ["InputFldName":"approveOfficerCmb"], STOP_ON_FAILURE): Call Test Case 'Test Cases/Components/HighlightInputField' successfully

2020-05-29 23:33:48 - [TEST_CASE][PASSED] - Test Cases/Components/HighlightInputField: Test Cases/Components/HighlightInputField

2020-05-29 23:33:48 - [TEST_STEP][PASSED] - Thread.sleep(1000): null

2020-05-29 23:33:49 - [TEST_STEP][PASSED] - modifiedLblNm = modifyObjectProperty(findTestObject("Objects.HighlightElements/input_field"), "name", "equals", InputFldName, true): Modify property of object successfully

2020-05-29 23:33:49 - [MESSAGE][PASSED] - Modify property of object successfully

2020-05-29 23:33:49 - [TEST_STEP][PASSED] - com.reusableComponents.HighlightElement.run(modifiedLblNm): com.reusableComponents.HighlightElement.run is PASSED

2020-05-29 23:33:50 - [MESSAGE][PASSED] - com.reusableComponents.HighlightElement.run is PASSED

2020-05-29 23:33:50 - [MESSAGE][PASSED] - Call Test Case 'Test Cases/Components/HighlightInputField' successfully

2020-05-29 23:33:50 - [TEST_STEP][PASSED] - callTestCase(findTestCase("PFI Precision and Scale/PFI Components/VerifyDropdownValues"), ["FldNm":"approveOfficerCmb", "index":0, "CallTCName":"PFI Precision and Scale/HashMap Tables/OfficerLists", "cmbNm":"", "NoOfVal":24, ... ], STOP_ON_FAILURE): Call Test Case 'Test Cases/PFI Precision and Scale/PFI Components/VerifyDropdownValues' successfully

2020-05-29 23:33:50 - [TEST_CASE][PASSED] - Test Cases/PFI Precision and Scale/PFI Components/VerifyDropdownValues: Test Cases/PFI Precision and Scale/PFI Components/VerifyDropdownValues

2020-05-29 23:33:50 - [TEST_STEP][PASSED] - Thread.sleep(1000): null

2020-05-29 23:33:51 - [TEST_STEP][PASSED] - NewInputNmField = modifyObjectProperty(findTestObject("Objects.HighlightElements/input_field"), "name", "equals", FldNm, true): Modify property of object successfully

2020-05-29 23:33:51 - [MESSAGE][PASSED] - Modify property of object successfully

2020-05-29 23:33:51 - [TEST_STEP][PASSED] - comboNm = cmbNm: null

2020-05-29 23:33:51 - [TEST_STEP][PASSED] - focus(NewInputNmField): Object: 'Object Repository/Objects.HighlightElements/input_field' is focused

2020-05-29 23:33:51 - [MESSAGE][PASSED] - Object: 'Object Repository/Objects.HighlightElements/input_field' is focused

2020-05-29 23:33:51 - [TEST_STEP][PASSED] - setText(NewInputNmField, EnterValue): Text '' is set on object 'Object Repository/Objects.HighlightElements/input_field'

2020-05-29 23:33:52 - [MESSAGE][PASSED] - Text '' is set on object 'Object Repository/Objects.HighlightElements/input_field'

2020-05-29 23:33:52 - [TEST_STEP][PASSED] - for ([i = 1, i <= NoOfVal, (i++)]): Keys 'DOWN + ' sent to object: 'Object Repository/Objects.HighlightElements/input_field'

2020-05-29 23:33:52 - [TEST_STEP][PASSED] - sendKeys(NewInputNmField, Keys.chord(ARROW_DOWN)): Keys 'DOWN + ' sent to object: 'Object Repository/Objects.HighlightElements/input_field'

2020-05-29 23:33:52 - [MESSAGE][PASSED] - Keys 'DOWN + ' sent to object: 'Object Repository/Objects.HighlightElements/input_field'

2020-05-29 23:33:52 - [TEST_STEP][PASSED] - delay(DelayTime): Delayed 0 second(s)

2020-05-29 23:33:52 - [MESSAGE][PASSED] - Delayed 0 second(s)

2020-05-29 23:33:52 - [TEST_STEP][PASSED] - sendKeys(NewInputNmField, Keys.chord(ENTER)): Keys 'ENTER + ' sent to object: 'Object Repository/Objects.HighlightElements/input_field'

2020-05-29 23:33:52 - [MESSAGE][PASSED] - Keys 'ENTER + ' sent to object: 'Object Repository/Objects.HighlightElements/input_field'

2020-05-29 23:33:52 - [TEST_STEP][PASSED] - ComboBoxValue = getAttribute(NewInputNmField, "value"): Attribute 'value' of object 'Object Repository/Objects.HighlightElements/input_field' is: 'Aaron Sham Wai Lun (AARON)'

2020-05-29 23:33:53 - [MESSAGE][PASSED] - Attribute 'value' of object 'Object Repository/Objects.HighlightElements/input_field' is: 'Aaron Sham Wai Lun (AARON)'

2020-05-29 23:33:53 - [TEST_STEP][PASSED] - callTestCase(findTestCase(CallTCName), ["FindValue":ComboBoxValue, "DropdownNm":comboNm], STOP_ON_FAILURE): Call Test Case 'Test Cases/PFI Precision and Scale/HashMap Tables/OfficerLists' successfully

2020-05-29 23:33:53 - [TEST_CASE][PASSED] - Test Cases/PFI Precision and Scale/HashMap Tables/OfficerLists: Test Cases/PFI Precision and Scale/HashMap Tables/OfficerLists

2020-05-29 23:33:53 - [TEST_STEP][PASSED] - Thread.sleep(1000): null

2020-05-29 23:33:54 - [TEST_STEP][PASSED] - OfficerLists = [1:"Aaron Sham Wai Lun (AARON)", 2:"Azidah Bte Akmad (Mdm) (USAABD)", 3:"Chung Fong Nyen (USACFN)", 4:"David Tey Dah Wei (DAHWEI)", ... ]: null

2020-05-29 23:33:54 - [TEST_STEP][PASSED] - ValueFound = OfficerLists.find({ -> ... }): null

2020-05-29 23:33:54 - [MESSAGE][PASSED] - Call Test Case 'Test Cases/PFI Precision and Scale/HashMap Tables/OfficerLists' successfully

2020-05-29 23:33:54 - [TEST_STEP][PASSED] - println(ValueFound): null

2020-05-29 23:33:54 - [TEST_STEP][PASSED] - sendKeys(NewInputNmField, Keys.chord(ARROW_DOWN)): Keys 'DOWN + ' sent to object: 'Object Repository/Objects.HighlightElements/input_field'

2020-05-29 23:33:55 - [MESSAGE][PASSED] - Keys 'DOWN + ' sent to object: 'Object Repository/Objects.HighlightElements/input_field'

2020-05-29 23:33:55 - [TEST_STEP][PASSED] - sendKeys(NewInputNmField, Keys.chord(ARROW_DOWN)): Keys 'DOWN + ' sent to object: 'Object Repository/Objects.HighlightElements/input_field'

2020-05-29 23:33:55 - [MESSAGE][PASSED] - Keys 'DOWN + ' sent to object: 'Object Repository/Objects.HighlightElements/input_field'

2020-05-29 23:33:55 - [TEST_STEP][PASSED] - delay(DelayTime): Delayed 0 second(s)

2020-05-29 23:33:55 - [MESSAGE][PASSED] - Delayed 0 second(s)

2020-05-29 23:33:55 - [TEST_STEP][PASSED] - sendKeys(NewInputNmField, Keys.chord(ENTER)): Keys 'ENTER + ' sent to object: 'Object Repository/Objects.HighlightElements/input_field'

2020-05-29 23:33:56 - [MESSAGE][PASSED] - Keys 'ENTER + ' sent to object: 'Object Repository/Objects.HighlightElements/input_field'

2020-05-29 23:33:56 - [TEST_STEP][PASSED] - ComboBoxValue = getAttribute(NewInputNmField, "value"): Attribute 'value' of object 'Object Repository/Objects.HighlightElements/input_field' is: 'Azidah Bte Akmad (Mdm) (USAABD)'

2020-05-29 23:33:56 - [MESSAGE][PASSED] - Attribute 'value' of object 'Object Repository/Objects.HighlightElements/input_field' is: 'Azidah Bte Akmad (Mdm) (USAABD)'

2020-05-29 23:33:56 - [TEST_STEP][PASSED] - callTestCase(findTestCase(CallTCName), ["FindValue":ComboBoxValue, "DropdownNm":comboNm], STOP_ON_FAILURE): Call Test Case 'Test Cases/PFI Precision and Scale/HashMap Tables/OfficerLists' successfully

2020-05-29 23:33:56 - [TEST_CASE][PASSED] - Test Cases/PFI Precision and Scale/HashMap Tables/OfficerLists: Test Cases/PFI Precision and Scale/HashMap Tables/OfficerLists

2020-05-29 23:33:56 - [TEST_STEP][PASSED] - Thread.sleep(1000): null

2020-05-29 23:33:57 - [TEST_STEP][PASSED] - OfficerLists = [1:"Aaron Sham Wai Lun (AARON)", 2:"Azidah Bte Akmad (Mdm) (USAABD)", 3:"Chung Fong Nyen (USACFN)", 4:"David Tey Dah Wei (DAHWEI)", ... ]: null

2020-05-29 23:33:57 - [TEST_STEP][PASSED] - ValueFound = OfficerLists.find({ -> ... }): null

2020-05-29 23:33:57 - [MESSAGE][PASSED] - Call Test Case 'Test Cases/PFI Precision and Scale/HashMap Tables/OfficerLists' successfully

2020-05-29 23:33:57 - [TEST_STEP][PASSED] - println(ValueFound): null

2020-05-29 23:33:57 - [TEST_STEP][PASSED] - sendKeys(NewInputNmField, Keys.chord(ARROW_DOWN)): Keys 'DOWN + ' sent to object: 'Object Repository/Objects.HighlightElements/input_field'

2020-05-29 23:33:57 - [MESSAGE][PASSED] - Keys 'DOWN + ' sent to object: 'Object Repository/Objects.HighlightElements/input_field'

2020-05-29 23:33:57 - [TEST_STEP][PASSED] - sendKeys(NewInputNmField, Keys.chord(ARROW_DOWN)): Keys 'DOWN + ' sent to object: 'Object Repository/Objects.HighlightElements/input_field'

2020-05-29 23:33:58 - [MESSAGE][PASSED] - Keys 'DOWN + ' sent to object: 'Object Repository/Objects.HighlightElements/input_field'

2020-05-29 23:33:58 - [TEST_STEP][PASSED] - delay(DelayTime): Delayed 0 second(s)

2020-05-29 23:33:58 - [MESSAGE][PASSED] - Delayed 0 second(s)

2020-05-29 23:33:58 - [TEST_STEP][PASSED] - sendKeys(NewInputNmField, Keys.chord(ENTER)): Keys 'ENTER + ' sent to object: 'Object Repository/Objects.HighlightElements/input_field'

2020-05-29 23:33:58 - [MESSAGE][PASSED] - Keys 'ENTER + ' sent to object: 'Object Repository/Objects.HighlightElements/input_field'

2020-05-29 23:33:58 - [TEST_STEP][PASSED] - ComboBoxValue = getAttribute(NewInputNmField, "value"): Attribute 'value' of object 'Object Repository/Objects.HighlightElements/input_field' is: 'Chung Fong Nyen (USACFN)'

2020-05-29 23:33:59 - [MESSAGE][PASSED] - Attribute 'value' of object 'Object Repository/Objects.HighlightElements/input_field' is: 'Chung Fong Nyen (USACFN)'

2020-05-29 23:33:59 - [TEST_STEP][PASSED] - callTestCase(findTestCase(CallTCName), ["FindValue":ComboBoxValue, "DropdownNm":comboNm], STOP_ON_FAILURE): Call Test Case 'Test Cases/PFI Precision and Scale/HashMap Tables/OfficerLists' successfully

2020-05-29 23:33:59 - [TEST_CASE][PASSED] - Test Cases/PFI Precision and Scale/HashMap Tables/OfficerLists: Test Cases/PFI Precision and Scale/HashMap Tables/OfficerLists

2020-05-29 23:33:59 - [TEST_STEP][PASSED] - Thread.sleep(1000): null

2020-05-29 23:34:00 - [TEST_STEP][PASSED] - OfficerLists = [1:"Aaron Sham Wai Lun (AARON)", 2:"Azidah Bte Akmad (Mdm) (USAABD)", 3:"Chung Fong Nyen (USACFN)", 4:"David Tey Dah Wei (DAHWEI)", ... ]: null

2020-05-29 23:34:00 - [TEST_STEP][PASSED] - ValueFound = OfficerLists.find({ -> ... }): null

2020-05-29 23:34:00 - [MESSAGE][PASSED] - Call Test Case 'Test Cases/PFI Precision and Scale/HashMap Tables/OfficerLists' successfully

2020-05-29 23:34:00 - [TEST_STEP][PASSED] - println(ValueFound): null

2020-05-29 23:34:00 - [TEST_STEP][PASSED] - sendKeys(NewInputNmField, Keys.chord(ARROW_DOWN)): Keys 'DOWN + ' sent to object: 'Object Repository/Objects.HighlightElements/input_field'

2020-05-29 23:34:00 - [MESSAGE][PASSED] - Keys 'DOWN + ' sent to object: 'Object Repository/Objects.HighlightElements/input_field'

2020-05-29 23:34:00 - [TEST_STEP][PASSED] - sendKeys(NewInputNmField, Keys.chord(ARROW_DOWN)): Keys 'DOWN + ' sent to object: 'Object Repository/Objects.HighlightElements/input_field'

2020-05-29 23:34:01 - [MESSAGE][PASSED] - Keys 'DOWN + ' sent to object: 'Object Repository/Objects.HighlightElements/input_field'

2020-05-29 23:34:01 - [TEST_STEP][PASSED] - delay(DelayTime): Delayed 0 second(s)

2020-05-29 23:34:01 - [MESSAGE][PASSED] - Delayed 0 second(s)

2020-05-29 23:34:01 - [TEST_STEP][PASSED] - sendKeys(NewInputNmField, Keys.chord(ENTER)): Keys 'ENTER + ' sent to object: 'Object Repository/Objects.HighlightElements/input_field'

2020-05-29 23:34:01 - [MESSAGE][PASSED] - Keys 'ENTER + ' sent to object: 'Object Repository/Objects.HighlightElements/input_field'

2020-05-29 23:34:01 - [TEST_STEP][PASSED] - ComboBoxValue = getAttribute(NewInputNmField, "value"): Attribute 'value' of object 'Object Repository/Objects.HighlightElements/input_field' is: 'David Tey Dah Wei (DAHWEI)'

2020-05-29 23:34:01 - [MESSAGE][PASSED] - Attribute 'value' of object 'Object Repository/Objects.HighlightElements/input_field' is: 'David Tey Dah Wei (DAHWEI)'

2020-05-29 23:34:01 - [TEST_STEP][PASSED] - callTestCase(findTestCase(CallTCName), ["FindValue":ComboBoxValue, "DropdownNm":comboNm], STOP_ON_FAILURE): Call Test Case 'Test Cases/PFI Precision and Scale/HashMap Tables/OfficerLists' successfully

2020-05-29 23:34:02 - [TEST_CASE][PASSED] - Test Cases/PFI Precision and Scale/HashMap Tables/OfficerLists: Test Cases/PFI Precision and Scale/HashMap Tables/OfficerLists

2020-05-29 23:34:02 - [TEST_STEP][PASSED] - Thread.sleep(1000): null

2020-05-29 23:34:03 - [TEST_STEP][PASSED] - OfficerLists = [1:"Aaron Sham Wai Lun (AARON)", 2:"Azidah Bte Akmad (Mdm) (USAABD)", 3:"Chung Fong Nyen (USACFN)", 4:"David Tey Dah Wei (DAHWEI)", ... ]: null

2020-05-29 23:34:03 - [TEST_STEP][PASSED] - ValueFound = OfficerLists.find({ -> ... }): null

2020-05-29 23:34:03 - [MESSAGE][PASSED] - Call Test Case 'Test Cases/PFI Precision and Scale/HashMap Tables/OfficerLists' successfully

2020-05-29 23:34:03 - [TEST_STEP][PASSED] - println(ValueFound): null

2020-05-29 23:34:03 - [TEST_STEP][PASSED] - sendKeys(NewInputNmField, Keys.chord(ARROW_DOWN)): Keys 'DOWN + ' sent to object: 'Object Repository/Objects.HighlightElements/input_field'

2020-05-29 23:34:03 - [MESSAGE][PASSED] - Keys 'DOWN + ' sent to object: 'Object Repository/Objects.HighlightElements/input_field'

2020-05-29 23:34:03 - [TEST_STEP][PASSED] - sendKeys(NewInputNmField, Keys.chord(ARROW_DOWN)): Keys 'DOWN + ' sent to object: 'Object Repository/Objects.HighlightElements/input_field'

2020-05-29 23:34:03 - [MESSAGE][PASSED] - Keys 'DOWN + ' sent to object: 'Object Repository/Objects.HighlightElements/input_field'

2020-05-29 23:34:03 - [TEST_STEP][PASSED] - delay(DelayTime): Delayed 0 second(s)

2020-05-29 23:34:03 - [MESSAGE][PASSED] - Delayed 0 second(s)

2020-05-29 23:34:03 - [TEST_STEP][PASSED] - sendKeys(NewInputNmField, Keys.chord(ENTER)): Keys 'ENTER + ' sent to object: 'Object Repository/Objects.HighlightElements/input_field'

2020-05-29 23:34:04 - [MESSAGE][PASSED] - Keys 'ENTER + ' sent to object: 'Object Repository/Objects.HighlightElements/input_field'

2020-05-29 23:34:04 - [TEST_STEP][PASSED] - ComboBoxValue = getAttribute(NewInputNmField, "value"): Attribute 'value' of object 'Object Repository/Objects.HighlightElements/input_field' is: 'Han Wann Kuang (WANNKUANG)'

2020-05-29 23:34:04 - [MESSAGE][PASSED] - Attribute 'value' of object 'Object Repository/Objects.HighlightElements/input_field' is: 'Han Wann Kuang (WANNKUANG)'

2020-05-29 23:34:04 - [TEST_STEP][PASSED] - callTestCase(findTestCase(CallTCName), ["FindValue":ComboBoxValue, "DropdownNm":comboNm], STOP_ON_FAILURE): Call Test Case 'Test Cases/PFI Precision and Scale/HashMap Tables/OfficerLists' successfully

2020-05-29 23:34:04 - [TEST_CASE][PASSED] - Test Cases/PFI Precision and Scale/HashMap Tables/OfficerLists: Test Cases/PFI Precision and Scale/HashMap Tables/OfficerLists

2020-05-29 23:34:04 - [TEST_STEP][PASSED] - Thread.sleep(1000): null

2020-05-29 23:34:05 - [TEST_STEP][PASSED] - OfficerLists = [1:"Aaron Sham Wai Lun (AARON)", 2:"Azidah Bte Akmad (Mdm) (USAABD)", 3:"Chung Fong Nyen (USACFN)", 4:"David Tey Dah Wei (DAHWEI)", ... ]: null

2020-05-29 23:34:05 - [TEST_STEP][PASSED] - ValueFound = OfficerLists.find({ -> ... }): null

2020-05-29 23:34:05 - [MESSAGE][PASSED] - Call Test Case 'Test Cases/PFI Precision and Scale/HashMap Tables/OfficerLists' successfully

2020-05-29 23:34:05 - [TEST_STEP][PASSED] - println(ValueFound): null

2020-05-29 23:34:05 - [TEST_STEP][PASSED] - sendKeys(NewInputNmField, Keys.chord(ARROW_DOWN)): Keys 'DOWN + ' sent to object: 'Object Repository/Objects.HighlightElements/input_field'

2020-05-29 23:34:05 - [MESSAGE][PASSED] - Keys 'DOWN + ' sent to object: 'Object Repository/Objects.HighlightElements/input_field'

2020-05-29 23:34:05 - [TEST_STEP][PASSED] - sendKeys(NewInputNmField, Keys.chord(ARROW_DOWN)): Keys 'DOWN + ' sent to object: 'Object Repository/Objects.HighlightElements/input_field'

2020-05-29 23:34:06 - [MESSAGE][PASSED] - Keys 'DOWN + ' sent to object: 'Object Repository/Objects.HighlightElements/input_field'

2020-05-29 23:34:06 - [TEST_STEP][PASSED] - delay(DelayTime): Delayed 0 second(s)

2020-05-29 23:34:06 - [MESSAGE][PASSED] - Delayed 0 second(s)

2020-05-29 23:34:06 - [TEST_STEP][PASSED] - sendKeys(NewInputNmField, Keys.chord(ENTER)): Keys 'ENTER + ' sent to object: 'Object Repository/Objects.HighlightElements/input_field'

2020-05-29 23:34:06 - [MESSAGE][PASSED] - Keys 'ENTER + ' sent to object: 'Object Repository/Objects.HighlightElements/input_field'

2020-05-29 23:34:06 - [TEST_STEP][PASSED] - ComboBoxValue = getAttribute(NewInputNmField, "value"): Attribute 'value' of object 'Object Repository/Objects.HighlightElements/input_field' is: 'Ho You Leong (YOULEONG)'

2020-05-29 23:34:07 - [MESSAGE][PASSED] - Attribute 'value' of object 'Object Repository/Objects.HighlightElements/input_field' is: 'Ho You Leong (YOULEONG)'

2020-05-29 23:34:07 - [TEST_STEP][PASSED] - callTestCase(findTestCase(CallTCName), ["FindValue":ComboBoxValue, "DropdownNm":comboNm], STOP_ON_FAILURE): Call Test Case 'Test Cases/PFI Precision and Scale/HashMap Tables/OfficerLists' successfully

2020-05-29 23:34:07 - [TEST_CASE][PASSED] - Test Cases/PFI Precision and Scale/HashMap Tables/OfficerLists: Test Cases/PFI Precision and Scale/HashMap Tables/OfficerLists

2020-05-29 23:34:07 - [TEST_STEP][PASSED] - Thread.sleep(1000): null

2020-05-29 23:34:08 - [TEST_STEP][PASSED] - OfficerLists = [1:"Aaron Sham Wai Lun (AARON)", 2:"Azidah Bte Akmad (Mdm) (USAABD)", 3:"Chung Fong Nyen (USACFN)", 4:"David Tey Dah Wei (DAHWEI)", ... ]: null

2020-05-29 23:34:08 - [TEST_STEP][PASSED] - ValueFound = OfficerLists.find({ -> ... }): null

2020-05-29 23:34:08 - [MESSAGE][PASSED] - Call Test Case 'Test Cases/PFI Precision and Scale/HashMap Tables/OfficerLists' successfully

2020-05-29 23:34:08 - [TEST_STEP][PASSED] - println(ValueFound): null

2020-05-29 23:34:08 - [TEST_STEP][PASSED] - sendKeys(NewInputNmField, Keys.chord(ARROW_DOWN)): Keys 'DOWN + ' sent to object: 'Object Repository/Objects.HighlightElements/input_field'

2020-05-29 23:34:08 - [MESSAGE][PASSED] - Keys 'DOWN + ' sent to object: 'Object Repository/Objects.HighlightElements/input_field'

2020-05-29 23:34:08 - [TEST_STEP][PASSED] - sendKeys(NewInputNmField, Keys.chord(ARROW_DOWN)): Keys 'DOWN + ' sent to object: 'Object Repository/Objects.HighlightElements/input_field'

2020-05-29 23:34:09 - [MESSAGE][PASSED] - Keys 'DOWN + ' sent to object: 'Object Repository/Objects.HighlightElements/input_field'

2020-05-29 23:34:09 - [TEST_STEP][PASSED] - delay(DelayTime): Delayed 0 second(s)

2020-05-29 23:34:09 - [MESSAGE][PASSED] - Delayed 0 second(s)

2020-05-29 23:34:09 - [TEST_STEP][PASSED] - sendKeys(NewInputNmField, Keys.chord(ENTER)): Keys 'ENTER + ' sent to object: 'Object Repository/Objects.HighlightElements/input_field'

2020-05-29 23:34:09 - [MESSAGE][PASSED] - Keys 'ENTER + ' sent to object: 'Object Repository/Objects.HighlightElements/input_field'

2020-05-29 23:34:09 - [TEST_STEP][PASSED] - ComboBoxValue = getAttribute(NewInputNmField, "value"): Attribute 'value' of object 'Object Repository/Objects.HighlightElements/input_field' is: 'Joseph Lim Pheng Weng (PHENGWENG)'

2020-05-29 23:34:10 - [MESSAGE][PASSED] - Attribute 'value' of object 'Object Repository/Objects.HighlightElements/input_field' is: 'Joseph Lim Pheng Weng (PHENGWENG)'

2020-05-29 23:34:10 - [TEST_STEP][PASSED] - callTestCase(findTestCase(CallTCName), ["FindValue":ComboBoxValue, "DropdownNm":comboNm], STOP_ON_FAILURE): Call Test Case 'Test Cases/PFI Precision and Scale/HashMap Tables/OfficerLists' successfully

2020-05-29 23:34:10 - [TEST_CASE][PASSED] - Test Cases/PFI Precision and Scale/HashMap Tables/OfficerLists: Test Cases/PFI Precision and Scale/HashMap Tables/OfficerLists

2020-05-29 23:34:10 - [TEST_STEP][PASSED] - Thread.sleep(1000): null

2020-05-29 23:34:11 - [TEST_STEP][PASSED] - OfficerLists = [1:"Aaron Sham Wai Lun (AARON)", 2:"Azidah Bte Akmad (Mdm) (USAABD)", 3:"Chung Fong Nyen (USACFN)", 4:"David Tey Dah Wei (DAHWEI)", ... ]: null

2020-05-29 23:34:11 - [TEST_STEP][PASSED] - ValueFound = OfficerLists.find({ -> ... }): null

2020-05-29 23:34:11 - [MESSAGE][PASSED] - Call Test Case 'Test Cases/PFI Precision and Scale/HashMap Tables/OfficerLists' successfully

2020-05-29 23:34:11 - [TEST_STEP][PASSED] - println(ValueFound): null

2020-05-29 23:34:11 - [TEST_STEP][PASSED] - sendKeys(NewInputNmField, Keys.chord(ARROW_DOWN)): Keys 'DOWN + ' sent to object: 'Object Repository/Objects.HighlightElements/input_field'

2020-05-29 23:34:11 - [MESSAGE][PASSED] - Keys 'DOWN + ' sent to object: 'Object Repository/Objects.HighlightElements/input_field'

2020-05-29 23:34:11 - [TEST_STEP][PASSED] - sendKeys(NewInputNmField, Keys.chord(ARROW_DOWN)): Keys 'DOWN + ' sent to object: 'Object Repository/Objects.HighlightElements/input_field'

2020-05-29 23:34:11 - [MESSAGE][PASSED] - Keys 'DOWN + ' sent to object: 'Object Repository/Objects.HighlightElements/input_field'

2020-05-29 23:34:11 - [TEST_STEP][PASSED] - delay(DelayTime): Delayed 0 second(s)

2020-05-29 23:34:11 - [MESSAGE][PASSED] - Delayed 0 second(s)

2020-05-29 23:34:11 - [TEST_STEP][PASSED] - sendKeys(NewInputNmField, Keys.chord(ENTER)): Keys 'ENTER + ' sent to object: 'Object Repository/Objects.HighlightElements/input_field'

2020-05-29 23:34:12 - [MESSAGE][PASSED] - Keys 'ENTER + ' sent to object: 'Object Repository/Objects.HighlightElements/input_field'

2020-05-29 23:34:12 - [TEST_STEP][PASSED] - ComboBoxValue = getAttribute(NewInputNmField, "value"): Attribute 'value' of object 'Object Repository/Objects.HighlightElements/input_field' is: 'Joyce Lee (USASLL)'

2020-05-29 23:34:12 - [MESSAGE][PASSED] - Attribute 'value' of object 'Object Repository/Objects.HighlightElements/input_field' is: 'Joyce Lee (USASLL)'

2020-05-29 23:34:12 - [TEST_STEP][PASSED] - callTestCase(findTestCase(CallTCName), ["FindValue":ComboBoxValue, "DropdownNm":comboNm], STOP_ON_FAILURE): Call Test Case 'Test Cases/PFI Precision and Scale/HashMap Tables/OfficerLists' successfully

2020-05-29 23:34:12 - [TEST_CASE][PASSED] - Test Cases/PFI Precision and Scale/HashMap Tables/OfficerLists: Test Cases/PFI Precision and Scale/HashMap Tables/OfficerLists

2020-05-29 23:34:12 - [TEST_STEP][PASSED] - Thread.sleep(1000): null

2020-05-29 23:34:14 - [TEST_STEP][PASSED] - OfficerLists = [1:"Aaron Sham Wai Lun (AARON)", 2:"Azidah Bte Akmad (Mdm) (USAABD)", 3:"Chung Fong Nyen (USACFN)", 4:"David Tey Dah Wei (DAHWEI)", ... ]: null

2020-05-29 23:34:14 - [TEST_STEP][PASSED] - ValueFound = OfficerLists.find({ -> ... }): null

2020-05-29 23:34:14 - [MESSAGE][PASSED] - Call Test Case 'Test Cases/PFI Precision and Scale/HashMap Tables/OfficerLists' successfully

2020-05-29 23:34:14 - [TEST_STEP][PASSED] - println(ValueFound): null

2020-05-29 23:34:14 - [TEST_STEP][PASSED] - sendKeys(NewInputNmField, Keys.chord(ARROW_DOWN)): Keys 'DOWN + ' sent to object: 'Object Repository/Objects.HighlightElements/input_field'

2020-05-29 23:34:15 - [MESSAGE][PASSED] - Keys 'DOWN + ' sent to object: 'Object Repository/Objects.HighlightElements/input_field'

2020-05-29 23:34:15 - [TEST_STEP][PASSED] - sendKeys(NewInputNmField, Keys.chord(ARROW_DOWN)): Keys 'DOWN + ' sent to object: 'Object Repository/Objects.HighlightElements/input_field'

2020-05-29 23:34:15 - [MESSAGE][PASSED] - Keys 'DOWN + ' sent to object: 'Object Repository/Objects.HighlightElements/input_field'

2020-05-29 23:34:15 - [TEST_STEP][PASSED] - delay(DelayTime): Delayed 0 second(s)

2020-05-29 23:34:15 - [MESSAGE][PASSED] - Delayed 0 second(s)

2020-05-29 23:34:15 - [TEST_STEP][PASSED] - sendKeys(NewInputNmField, Keys.chord(ENTER)): Keys 'ENTER + ' sent to object: 'Object Repository/Objects.HighlightElements/input_field'

2020-05-29 23:34:16 - [MESSAGE][PASSED] - Keys 'ENTER + ' sent to object: 'Object Repository/Objects.HighlightElements/input_field'

2020-05-29 23:34:16 - [TEST_STEP][PASSED] - ComboBoxValue = getAttribute(NewInputNmField, "value"): Attribute 'value' of object 'Object Repository/Objects.HighlightElements/input_field' is: 'Kaliannan Thanabal (KALIANN)'

2020-05-29 23:34:16 - [MESSAGE][PASSED] - Attribute 'value' of object 'Object Repository/Objects.HighlightElements/input_field' is: 'Kaliannan Thanabal (KALIANN)'

2020-05-29 23:34:16 - [TEST_STEP][PASSED] - callTestCase(findTestCase(CallTCName), ["FindValue":ComboBoxValue, "DropdownNm":comboNm], STOP_ON_FAILURE): Call Test Case 'Test Cases/PFI Precision and Scale/HashMap Tables/OfficerLists' successfully

2020-05-29 23:34:16 - [TEST_CASE][PASSED] - Test Cases/PFI Precision and Scale/HashMap Tables/OfficerLists: Test Cases/PFI Precision and Scale/HashMap Tables/OfficerLists

2020-05-29 23:34:16 - [TEST_STEP][PASSED] - Thread.sleep(1000): null

2020-05-29 23:34:17 - [TEST_STEP][PASSED] - OfficerLists = [1:"Aaron Sham Wai Lun (AARON)", 2:"Azidah Bte Akmad (Mdm) (USAABD)", 3:"Chung Fong Nyen (USACFN)", 4:"David Tey Dah Wei (DAHWEI)", ... ]: null

2020-05-29 23:34:17 - [TEST_STEP][PASSED] - ValueFound = OfficerLists.find({ -> ... }): null

2020-05-29 23:34:17 - [MESSAGE][PASSED] - Call Test Case 'Test Cases/PFI Precision and Scale/HashMap Tables/OfficerLists' successfully

2020-05-29 23:34:17 - [TEST_STEP][PASSED] - println(ValueFound): null

2020-05-29 23:34:17 - [TEST_STEP][PASSED] - sendKeys(NewInputNmField, Keys.chord(ARROW_DOWN)): Keys 'DOWN + ' sent to object: 'Object Repository/Objects.HighlightElements/input_field'

2020-05-29 23:34:17 - [MESSAGE][PASSED] - Keys 'DOWN + ' sent to object: 'Object Repository/Objects.HighlightElements/input_field'

2020-05-29 23:34:17 - [TEST_STEP][PASSED] - sendKeys(NewInputNmField, Keys.chord(ARROW_DOWN)): Keys 'DOWN + ' sent to object: 'Object Repository/Objects.HighlightElements/input_field'

2020-05-29 23:34:18 - [MESSAGE][PASSED] - Keys 'DOWN + ' sent to object: 'Object Repository/Objects.HighlightElements/input_field'

2020-05-29 23:34:18 - [TEST_STEP][PASSED] - delay(DelayTime): Delayed 0 second(s)

2020-05-29 23:34:18 - [MESSAGE][PASSED] - Delayed 0 second(s)

2020-05-29 23:34:18 - [TEST_STEP][PASSED] - sendKeys(NewInputNmField, Keys.chord(ENTER)): Keys 'ENTER + ' sent to object: 'Object Repository/Objects.HighlightElements/input_field'

2020-05-29 23:34:18 - [MESSAGE][PASSED] - Keys 'ENTER + ' sent to object: 'Object Repository/Objects.HighlightElements/input_field'

2020-05-29 23:34:18 - [TEST_STEP][PASSED] - ComboBoxValue = getAttribute(NewInputNmField, "value"): Attribute 'value' of object 'Object Repository/Objects.HighlightElements/input_field' is: 'Lim Beng Kwee (BENGKWEE)'

2020-05-29 23:34:19 - [MESSAGE][PASSED] - Attribute 'value' of object 'Object Repository/Objects.HighlightElements/input_field' is: 'Lim Beng Kwee (BENGKWEE)'

2020-05-29 23:34:19 - [TEST_STEP][PASSED] - callTestCase(findTestCase(CallTCName), ["FindValue":ComboBoxValue, "DropdownNm":comboNm], STOP_ON_FAILURE): Call Test Case 'Test Cases/PFI Precision and Scale/HashMap Tables/OfficerLists' successfully

2020-05-29 23:34:19 - [TEST_CASE][PASSED] - Test Cases/PFI Precision and Scale/HashMap Tables/OfficerLists: Test Cases/PFI Precision and Scale/HashMap Tables/OfficerLists

2020-05-29 23:34:19 - [TEST_STEP][PASSED] - Thread.sleep(1000): null

2020-05-29 23:34:20 - [TEST_STEP][PASSED] - OfficerLists = [1:"Aaron Sham Wai Lun (AARON)", 2:"Azidah Bte Akmad (Mdm) (USAABD)", 3:"Chung Fong Nyen (USACFN)", 4:"David Tey Dah Wei (DAHWEI)", ... ]: null

2020-05-29 23:34:20 - [TEST_STEP][PASSED] - ValueFound = OfficerLists.find({ -> ... }): null

2020-05-29 23:34:20 - [MESSAGE][PASSED] - Call Test Case 'Test Cases/PFI Precision and Scale/HashMap Tables/OfficerLists' successfully

2020-05-29 23:34:20 - [TEST_STEP][PASSED] - println(ValueFound): null

2020-05-29 23:34:20 - [TEST_STEP][PASSED] - sendKeys(NewInputNmField, Keys.chord(ARROW_DOWN)): Keys 'DOWN + ' sent to object: 'Object Repository/Objects.HighlightElements/input_field'

2020-05-29 23:34:20 - [MESSAGE][PASSED] - Keys 'DOWN + ' sent to object: 'Object Repository/Objects.HighlightElements/input_field'

2020-05-29 23:34:20 - [TEST_STEP][PASSED] - sendKeys(NewInputNmField, Keys.chord(ARROW_DOWN)): Keys 'DOWN + ' sent to object: 'Object Repository/Objects.HighlightElements/input_field'

2020-05-29 23:34:21 - [MESSAGE][PASSED] - Keys 'DOWN + ' sent to object: 'Object Repository/Objects.HighlightElements/input_field'

2020-05-29 23:34:21 - [TEST_STEP][PASSED] - delay(DelayTime): Delayed 0 second(s)

2020-05-29 23:34:21 - [MESSAGE][PASSED] - Delayed 0 second(s)

2020-05-29 23:34:21 - [TEST_STEP][PASSED] - sendKeys(NewInputNmField, Keys.chord(ENTER)): Keys 'ENTER + ' sent to object: 'Object Repository/Objects.HighlightElements/input_field'

2020-05-29 23:34:21 - [MESSAGE][PASSED] - Keys 'ENTER + ' sent to object: 'Object Repository/Objects.HighlightElements/input_field'

2020-05-29 23:34:21 - [TEST_STEP][PASSED] - ComboBoxValue = getAttribute(NewInputNmField, "value"): Attribute 'value' of object 'Object Repository/Objects.HighlightElements/input_field' is: 'Lim Leng Boon (LENGBOON)'

2020-05-29 23:34:21 - [MESSAGE][PASSED] - Attribute 'value' of object 'Object Repository/Objects.HighlightElements/input_field' is: 'Lim Leng Boon (LENGBOON)'

2020-05-29 23:34:21 - [TEST_STEP][PASSED] - callTestCase(findTestCase(CallTCName), ["FindValue":ComboBoxValue, "DropdownNm":comboNm], STOP_ON_FAILURE): Call Test Case 'Test Cases/PFI Precision and Scale/HashMap Tables/OfficerLists' successfully

2020-05-29 23:34:22 - [TEST_CASE][PASSED] - Test Cases/PFI Precision and Scale/HashMap Tables/OfficerLists: Test Cases/PFI Precision and Scale/HashMap Tables/OfficerLists

2020-05-29 23:34:22 - [TEST_STEP][PASSED] - Thread.sleep(1000): null

2020-05-29 23:34:23 - [TEST_STEP][PASSED] - OfficerLists = [1:"Aaron Sham Wai Lun (AARON)", 2:"Azidah Bte Akmad (Mdm) (USAABD)", 3:"Chung Fong Nyen (USACFN)", 4:"David Tey Dah Wei (DAHWEI)", ... ]: null

2020-05-29 23:34:23 - [TEST_STEP][PASSED] - ValueFound = OfficerLists.find({ -> ... }): null

2020-05-29 23:34:23 - [MESSAGE][PASSED] - Call Test Case 'Test Cases/PFI Precision and Scale/HashMap Tables/OfficerLists' successfully

2020-05-29 23:34:23 - [TEST_STEP][PASSED] - println(ValueFound): null

2020-05-29 23:34:23 - [TEST_STEP][PASSED] - sendKeys(NewInputNmField, Keys.chord(ARROW_DOWN)): Keys 'DOWN + ' sent to object: 'Object Repository/Objects.HighlightElements/input_field'

2020-05-29 23:34:23 - [MESSAGE][PASSED] - Keys 'DOWN + ' sent to object: 'Object Repository/Objects.HighlightElements/input_field'

2020-05-29 23:34:23 - [TEST_STEP][PASSED] - sendKeys(NewInputNmField, Keys.chord(ARROW_DOWN)): Keys 'DOWN + ' sent to object: 'Object Repository/Objects.HighlightElements/input_field'

2020-05-29 23:34:23 - [MESSAGE][PASSED] - Keys 'DOWN + ' sent to object: 'Object Repository/Objects.HighlightElements/input_field'

2020-05-29 23:34:23 - [TEST_STEP][PASSED] - delay(DelayTime): Delayed 0 second(s)

2020-05-29 23:34:23 - [MESSAGE][PASSED] - Delayed 0 second(s)

2020-05-29 23:34:23 - [TEST_STEP][PASSED] - sendKeys(NewInputNmField, Keys.chord(ENTER)): Keys 'ENTER + ' sent to object: 'Object Repository/Objects.HighlightElements/input_field'

2020-05-29 23:34:24 - [MESSAGE][PASSED] - Keys 'ENTER + ' sent to object: 'Object Repository/Objects.HighlightElements/input_field'

2020-05-29 23:34:24 - [TEST_STEP][PASSED] - ComboBoxValue = getAttribute(NewInputNmField, "value"): Attribute 'value' of object 'Object Repository/Objects.HighlightElements/input_field' is: 'Loh Lee Fong (LEEFONG)'

2020-05-29 23:34:24 - [MESSAGE][PASSED] - Attribute 'value' of object 'Object Repository/Objects.HighlightElements/input_field' is: 'Loh Lee Fong (LEEFONG)'

2020-05-29 23:34:24 - [TEST_STEP][PASSED] - callTestCase(findTestCase(CallTCName), ["FindValue":ComboBoxValue, "DropdownNm":comboNm], STOP_ON_FAILURE): Call Test Case 'Test Cases/PFI Precision and Scale/HashMap Tables/OfficerLists' successfully

2020-05-29 23:34:24 - [TEST_CASE][PASSED] - Test Cases/PFI Precision and Scale/HashMap Tables/OfficerLists: Test Cases/PFI Precision and Scale/HashMap Tables/OfficerLists

2020-05-29 23:34:24 - [TEST_STEP][PASSED] - Thread.sleep(1000): null

2020-05-29 23:34:25 - [TEST_STEP][PASSED] - OfficerLists = [1:"Aaron Sham Wai Lun (AARON)", 2:"Azidah Bte Akmad (Mdm) (USAABD)", 3:"Chung Fong Nyen (USACFN)", 4:"David Tey Dah Wei (DAHWEI)", ... ]: null

2020-05-29 23:34:25 - [TEST_STEP][PASSED] - ValueFound = OfficerLists.find({ -> ... }): null

2020-05-29 23:34:25 - [MESSAGE][PASSED] - Call Test Case 'Test Cases/PFI Precision and Scale/HashMap Tables/OfficerLists' successfully

2020-05-29 23:34:25 - [TEST_STEP][PASSED] - println(ValueFound): null

2020-05-29 23:34:25 - [TEST_STEP][PASSED] - sendKeys(NewInputNmField, Keys.chord(ARROW_DOWN)): Keys 'DOWN + ' sent to object: 'Object Repository/Objects.HighlightElements/input_field'

2020-05-29 23:34:26 - [MESSAGE][PASSED] - Keys 'DOWN + ' sent to object: 'Object Repository/Objects.HighlightElements/input_field'

2020-05-29 23:34:26 - [TEST_STEP][PASSED] - sendKeys(NewInputNmField, Keys.chord(ARROW_DOWN)): Keys 'DOWN + ' sent to object: 'Object Repository/Objects.HighlightElements/input_field'

2020-05-29 23:34:26 - [MESSAGE][PASSED] - Keys 'DOWN + ' sent to object: 'Object Repository/Objects.HighlightElements/input_field'

2020-05-29 23:34:26 - [TEST_STEP][PASSED] - delay(DelayTime): Delayed 0 second(s)

2020-05-29 23:34:26 - [MESSAGE][PASSED] - Delayed 0 second(s)

2020-05-29 23:34:26 - [TEST_STEP][PASSED] - sendKeys(NewInputNmField, Keys.chord(ENTER)): Keys 'ENTER + ' sent to object: 'Object Repository/Objects.HighlightElements/input_field'

2020-05-29 23:34:27 - [MESSAGE][PASSED] - Keys 'ENTER + ' sent to object: 'Object Repository/Objects.HighlightElements/input_field'

2020-05-29 23:34:27 - [TEST_STEP][PASSED] - ComboBoxValue = getAttribute(NewInputNmField, "value"): Attribute 'value' of object 'Object Repository/Objects.HighlightElements/input_field' is: 'Lu Ji Ju (Mdm) (USALJJ)'

2020-05-29 23:34:27 - [MESSAGE][PASSED] - Attribute 'value' of object 'Object Repository/Objects.HighlightElements/input_field' is: 'Lu Ji Ju (Mdm) (USALJJ)'

2020-05-29 23:34:27 - [TEST_STEP][PASSED] - callTestCase(findTestCase(CallTCName), ["FindValue":ComboBoxValue, "DropdownNm":comboNm], STOP_ON_FAILURE): Call Test Case 'Test Cases/PFI Precision and Scale/HashMap Tables/OfficerLists' successfully

2020-05-29 23:34:27 - [TEST_CASE][PASSED] - Test Cases/PFI Precision and Scale/HashMap Tables/OfficerLists: Test Cases/PFI Precision and Scale/HashMap Tables/OfficerLists

2020-05-29 23:34:27 - [TEST_STEP][PASSED] - Thread.sleep(1000): null

2020-05-29 23:34:28 - [TEST_STEP][PASSED] - OfficerLists = [1:"Aaron Sham Wai Lun (AARON)", 2:"Azidah Bte Akmad (Mdm) (USAABD)", 3:"Chung Fong Nyen (USACFN)", 4:"David Tey Dah Wei (DAHWEI)", ... ]: null

2020-05-29 23:34:28 - [TEST_STEP][PASSED] - ValueFound = OfficerLists.find({ -> ... }): null

2020-05-29 23:34:28 - [MESSAGE][PASSED] - Call Test Case 'Test Cases/PFI Precision and Scale/HashMap Tables/OfficerLists' successfully

2020-05-29 23:34:28 - [TEST_STEP][PASSED] - println(ValueFound): null

2020-05-29 23:34:28 - [TEST_STEP][PASSED] - sendKeys(NewInputNmField, Keys.chord(ARROW_DOWN)): Keys 'DOWN + ' sent to object: 'Object Repository/Objects.HighlightElements/input_field'

2020-05-29 23:34:28 - [MESSAGE][PASSED] - Keys 'DOWN + ' sent to object: 'Object Repository/Objects.HighlightElements/input_field'

2020-05-29 23:34:28 - [TEST_STEP][PASSED] - sendKeys(NewInputNmField, Keys.chord(ARROW_DOWN)): Keys 'DOWN + ' sent to object: 'Object Repository/Objects.HighlightElements/input_field'

2020-05-29 23:34:29 - [MESSAGE][PASSED] - Keys 'DOWN + ' sent to object: 'Object Repository/Objects.HighlightElements/input_field'

2020-05-29 23:34:29 - [TEST_STEP][PASSED] - delay(DelayTime): Delayed 0 second(s)

2020-05-29 23:34:29 - [MESSAGE][PASSED] - Delayed 0 second(s)

2020-05-29 23:34:29 - [TEST_STEP][PASSED] - sendKeys(NewInputNmField, Keys.chord(ENTER)): Keys 'ENTER + ' sent to object: 'Object Repository/Objects.HighlightElements/input_field'

2020-05-29 23:34:29 - [MESSAGE][PASSED] - Keys 'ENTER + ' sent to object: 'Object Repository/Objects.HighlightElements/input_field'

2020-05-29 23:34:29 - [TEST_STEP][PASSED] - ComboBoxValue = getAttribute(NewInputNmField, "value"): Attribute 'value' of object 'Object Repository/Objects.HighlightElements/input_field' is: 'Mohd Jeffri Bin Abdul Rahim (MOHDJEFFRI)'

2020-05-29 23:34:30 - [MESSAGE][PASSED] - Attribute 'value' of object 'Object Repository/Objects.HighlightElements/input_field' is: 'Mohd Jeffri Bin Abdul Rahim (MOHDJEFFRI)'

2020-05-29 23:34:30 - [TEST_STEP][PASSED] - callTestCase(findTestCase(CallTCName), ["FindValue":ComboBoxValue, "DropdownNm":comboNm], STOP_ON_FAILURE): Call Test Case 'Test Cases/PFI Precision and Scale/HashMap Tables/OfficerLists' successfully

2020-05-29 23:34:30 - [TEST_CASE][PASSED] - Test Cases/PFI Precision and Scale/HashMap Tables/OfficerLists: Test Cases/PFI Precision and Scale/HashMap Tables/OfficerLists

2020-05-29 23:34:30 - [TEST_STEP][PASSED] - Thread.sleep(1000): null

2020-05-29 23:34:31 - [TEST_STEP][PASSED] - OfficerLists = [1:"Aaron Sham Wai Lun (AARON)", 2:"Azidah Bte Akmad (Mdm) (USAABD)", 3:"Chung Fong Nyen (USACFN)", 4:"David Tey Dah Wei (DAHWEI)", ... ]: null

2020-05-29 23:34:31 - [TEST_STEP][PASSED] - ValueFound = OfficerLists.find({ -> ... }): null

2020-05-29 23:34:31 - [MESSAGE][PASSED] - Call Test Case 'Test Cases/PFI Precision and Scale/HashMap Tables/OfficerLists' successfully

2020-05-29 23:34:31 - [TEST_STEP][PASSED] - println(ValueFound): null

2020-05-29 23:34:31 - [TEST_STEP][PASSED] - sendKeys(NewInputNmField, Keys.chord(ARROW_DOWN)): Keys 'DOWN + ' sent to object: 'Object Repository/Objects.HighlightElements/input_field'

2020-05-29 23:34:32 - [MESSAGE][PASSED] - Keys 'DOWN + ' sent to object: 'Object Repository/Objects.HighlightElements/input_field'

2020-05-29 23:34:32 - [TEST_STEP][PASSED] - sendKeys(NewInputNmField, Keys.chord(ARROW_DOWN)): Keys 'DOWN + ' sent to object: 'Object Repository/Objects.HighlightElements/input_field'

2020-05-29 23:34:32 - [MESSAGE][PASSED] - Keys 'DOWN + ' sent to object: 'Object Repository/Objects.HighlightElements/input_field'

2020-05-29 23:34:32 - [TEST_STEP][PASSED] - delay(DelayTime): Delayed 0 second(s)

2020-05-29 23:34:32 - [MESSAGE][PASSED] - Delayed 0 second(s)

2020-05-29 23:34:32 - [TEST_STEP][PASSED] - sendKeys(NewInputNmField, Keys.chord(ENTER)): Keys 'ENTER + ' sent to object: 'Object Repository/Objects.HighlightElements/input_field'

2020-05-29 23:34:33 - [MESSAGE][PASSED] - Keys 'ENTER + ' sent to object: 'Object Repository/Objects.HighlightElements/input_field'

2020-05-29 23:34:33 - [TEST_STEP][PASSED] - ComboBoxValue = getAttribute(NewInputNmField, "value"): Attribute 'value' of object 'Object Repository/Objects.HighlightElements/input_field' is: 'Mohd Jumat Bin Haji Mohd Hassan (MOHDJUMAT)'

2020-05-29 23:34:33 - [MESSAGE][PASSED] - Attribute 'value' of object 'Object Repository/Objects.HighlightElements/input_field' is: 'Mohd Jumat Bin Haji Mohd Hassan (MOHDJUMAT)'

2020-05-29 23:34:33 - [TEST_STEP][PASSED] - callTestCase(findTestCase(CallTCName), ["FindValue":ComboBoxValue, "DropdownNm":comboNm], STOP_ON_FAILURE): Call Test Case 'Test Cases/PFI Precision and Scale/HashMap Tables/OfficerLists' successfully

2020-05-29 23:34:33 - [TEST_CASE][PASSED] - Test Cases/PFI Precision and Scale/HashMap Tables/OfficerLists: Test Cases/PFI Precision and Scale/HashMap Tables/OfficerLists

2020-05-29 23:34:33 - [TEST_STEP][PASSED] - Thread.sleep(1000): null

2020-05-29 23:34:34 - [TEST_STEP][PASSED] - OfficerLists = [1:"Aaron Sham Wai Lun (AARON)", 2:"Azidah Bte Akmad (Mdm) (USAABD)", 3:"Chung Fong Nyen (USACFN)", 4:"David Tey Dah Wei (DAHWEI)", ... ]: null

2020-05-29 23:34:34 - [TEST_STEP][PASSED] - ValueFound = OfficerLists.find({ -> ... }): null

2020-05-29 23:34:34 - [MESSAGE][PASSED] - Call Test Case 'Test Cases/PFI Precision and Scale/HashMap Tables/OfficerLists' successfully

2020-05-29 23:34:34 - [TEST_STEP][PASSED] - println(ValueFound): null

2020-05-29 23:34:34 - [TEST_STEP][PASSED] - sendKeys(NewInputNmField, Keys.chord(ARROW_DOWN)): Keys 'DOWN + ' sent to object: 'Object Repository/Objects.HighlightElements/input_field'

2020-05-29 23:34:34 - [MESSAGE][PASSED] - Keys 'DOWN + ' sent to object: 'Object Repository/Objects.HighlightElements/input_field'

2020-05-29 23:34:34 - [TEST_STEP][PASSED] - sendKeys(NewInputNmField, Keys.chord(ARROW_DOWN)): Keys 'DOWN + ' sent to object: 'Object Repository/Objects.HighlightElements/input_field'

2020-05-29 23:34:35 - [MESSAGE][PASSED] - Keys 'DOWN + ' sent to object: 'Object Repository/Objects.HighlightElements/input_field'

2020-05-29 23:34:35 - [TEST_STEP][PASSED] - delay(DelayTime): Delayed 0 second(s)

2020-05-29 23:34:35 - [MESSAGE][PASSED] - Delayed 0 second(s)

2020-05-29 23:34:35 - [TEST_STEP][PASSED] - sendKeys(NewInputNmField, Keys.chord(ENTER)): Keys 'ENTER + ' sent to object: 'Object Repository/Objects.HighlightElements/input_field'

2020-05-29 23:34:35 - [MESSAGE][PASSED] - Keys 'ENTER + ' sent to object: 'Object Repository/Objects.HighlightElements/input_field'

2020-05-29 23:34:35 - [TEST_STEP][PASSED] - ComboBoxValue = getAttribute(NewInputNmField, "value"): Attribute 'value' of object 'Object Repository/Objects.HighlightElements/input_field' is: 'Ng Seh Luh (USANSL)'

2020-05-29 23:34:36 - [MESSAGE][PASSED] - Attribute 'value' of object 'Object Repository/Objects.HighlightElements/input_field' is: 'Ng Seh Luh (USANSL)'

2020-05-29 23:34:36 - [TEST_STEP][PASSED] - callTestCase(findTestCase(CallTCName), ["FindValue":ComboBoxValue, "DropdownNm":comboNm], STOP_ON_FAILURE): Call Test Case 'Test Cases/PFI Precision and Scale/HashMap Tables/OfficerLists' successfully

2020-05-29 23:34:36 - [TEST_CASE][PASSED] - Test Cases/PFI Precision and Scale/HashMap Tables/OfficerLists: Test Cases/PFI Precision and Scale/HashMap Tables/OfficerLists

2020-05-29 23:34:36 - [TEST_STEP][PASSED] - Thread.sleep(1000): null

2020-05-29 23:34:37 - [TEST_STEP][PASSED] - OfficerLists = [1:"Aaron Sham Wai Lun (AARON)", 2:"Azidah Bte Akmad (Mdm) (USAABD)", 3:"Chung Fong Nyen (USACFN)", 4:"David Tey Dah Wei (DAHWEI)", ... ]: null

2020-05-29 23:34:37 - [TEST_STEP][PASSED] - ValueFound = OfficerLists.find({ -> ... }): null

2020-05-29 23:34:37 - [MESSAGE][PASSED] - Call Test Case 'Test Cases/PFI Precision and Scale/HashMap Tables/OfficerLists' successfully

2020-05-29 23:34:37 - [TEST_STEP][PASSED] - println(ValueFound): null

2020-05-29 23:34:37 - [TEST_STEP][PASSED] - sendKeys(NewInputNmField, Keys.chord(ARROW_DOWN)): Keys 'DOWN + ' sent to object: 'Object Repository/Objects.HighlightElements/input_field'

2020-05-29 23:34:37 - [MESSAGE][PASSED] - Keys 'DOWN + ' sent to object: 'Object Repository/Objects.HighlightElements/input_field'

2020-05-29 23:34:37 - [TEST_STEP][PASSED] - sendKeys(NewInputNmField, Keys.chord(ARROW_DOWN)): Keys 'DOWN + ' sent to object: 'Object Repository/Objects.HighlightElements/input_field'

2020-05-29 23:34:38 - [MESSAGE][PASSED] - Keys 'DOWN + ' sent to object: 'Object Repository/Objects.HighlightElements/input_field'

2020-05-29 23:34:38 - [TEST_STEP][PASSED] - delay(DelayTime): Delayed 0 second(s)

2020-05-29 23:34:38 - [MESSAGE][PASSED] - Delayed 0 second(s)

2020-05-29 23:34:38 - [TEST_STEP][PASSED] - sendKeys(NewInputNmField, Keys.chord(ENTER)): Keys 'ENTER + ' sent to object: 'Object Repository/Objects.HighlightElements/input_field'

2020-05-29 23:34:38 - [MESSAGE][PASSED] - Keys 'ENTER + ' sent to object: 'Object Repository/Objects.HighlightElements/input_field'

2020-05-29 23:34:38 - [TEST_STEP][PASSED] - ComboBoxValue = getAttribute(NewInputNmField, "value"): Attribute 'value' of object 'Object Repository/Objects.HighlightElements/input_field' is: 'Richard Lim Fang Ping (FANGPING)'

2020-05-29 23:34:39 - [MESSAGE][PASSED] - Attribute 'value' of object 'Object Repository/Objects.HighlightElements/input_field' is: 'Richard Lim Fang Ping (FANGPING)'

2020-05-29 23:34:39 - [TEST_STEP][PASSED] - callTestCase(findTestCase(CallTCName), ["FindValue":ComboBoxValue, "DropdownNm":comboNm], STOP_ON_FAILURE): Call Test Case 'Test Cases/PFI Precision and Scale/HashMap Tables/OfficerLists' successfully

2020-05-29 23:34:39 - [TEST_CASE][PASSED] - Test Cases/PFI Precision and Scale/HashMap Tables/OfficerLists: Test Cases/PFI Precision and Scale/HashMap Tables/OfficerLists

2020-05-29 23:34:39 - [TEST_STEP][PASSED] - Thread.sleep(1000): null

2020-05-29 23:34:40 - [TEST_STEP][PASSED] - OfficerLists = [1:"Aaron Sham Wai Lun (AARON)", 2:"Azidah Bte Akmad (Mdm) (USAABD)", 3:"Chung Fong Nyen (USACFN)", 4:"David Tey Dah Wei (DAHWEI)", ... ]: null

2020-05-29 23:34:40 - [TEST_STEP][PASSED] - ValueFound = OfficerLists.find({ -> ... }): null

2020-05-29 23:34:40 - [MESSAGE][PASSED] - Call Test Case 'Test Cases/PFI Precision and Scale/HashMap Tables/OfficerLists' successfully

2020-05-29 23:34:40 - [TEST_STEP][PASSED] - println(ValueFound): null

2020-05-29 23:34:40 - [TEST_STEP][PASSED] - sendKeys(NewInputNmField, Keys.chord(ARROW_DOWN)): Keys 'DOWN + ' sent to object: 'Object Repository/Objects.HighlightElements/input_field'

2020-05-29 23:34:40 - [MESSAGE][PASSED] - Keys 'DOWN + ' sent to object: 'Object Repository/Objects.HighlightElements/input_field'

2020-05-29 23:34:40 - [TEST_STEP][PASSED] - sendKeys(NewInputNmField, Keys.chord(ARROW_DOWN)): Keys 'DOWN + ' sent to object: 'Object Repository/Objects.HighlightElements/input_field'

2020-05-29 23:34:40 - [MESSAGE][PASSED] - Keys 'DOWN + ' sent to object: 'Object Repository/Objects.HighlightElements/input_field'

2020-05-29 23:34:40 - [TEST_STEP][PASSED] - delay(DelayTime): Delayed 0 second(s)

2020-05-29 23:34:40 - [MESSAGE][PASSED] - Delayed 0 second(s)

2020-05-29 23:34:40 - [TEST_STEP][PASSED] - sendKeys(NewInputNmField, Keys.chord(ENTER)): Keys 'ENTER + ' sent to object: 'Object Repository/Objects.HighlightElements/input_field'

2020-05-29 23:34:41 - [MESSAGE][PASSED] - Keys 'ENTER + ' sent to object: 'Object Repository/Objects.HighlightElements/input_field'

2020-05-29 23:34:41 - [TEST_STEP][PASSED] - ComboBoxValue = getAttribute(NewInputNmField, "value"): Attribute 'value' of object 'Object Repository/Objects.HighlightElements/input_field' is: 'RITA WONG SIONG ING (RITAWONG)'

2020-05-29 23:34:41 - [MESSAGE][PASSED] - Attribute 'value' of object 'Object Repository/Objects.HighlightElements/input_field' is: 'RITA WONG SIONG ING (RITAWONG)'

2020-05-29 23:34:41 - [TEST_STEP][PASSED] - callTestCase(findTestCase(CallTCName), ["FindValue":ComboBoxValue, "DropdownNm":comboNm], STOP_ON_FAILURE): Call Test Case 'Test Cases/PFI Precision and Scale/HashMap Tables/OfficerLists' successfully

2020-05-29 23:34:41 - [TEST_CASE][PASSED] - Test Cases/PFI Precision and Scale/HashMap Tables/OfficerLists: Test Cases/PFI Precision and Scale/HashMap Tables/OfficerLists

2020-05-29 23:34:41 - [TEST_STEP][PASSED] - Thread.sleep(1000): null

2020-05-29 23:34:42 - [TEST_STEP][PASSED] - OfficerLists = [1:"Aaron Sham Wai Lun (AARON)", 2:"Azidah Bte Akmad (Mdm) (USAABD)", 3:"Chung Fong Nyen (USACFN)", 4:"David Tey Dah Wei (DAHWEI)", ... ]: null

2020-05-29 23:34:42 - [TEST_STEP][PASSED] - ValueFound = OfficerLists.find({ -> ... }): null

2020-05-29 23:34:42 - [MESSAGE][PASSED] - Call Test Case 'Test Cases/PFI Precision and Scale/HashMap Tables/OfficerLists' successfully

2020-05-29 23:34:42 - [TEST_STEP][PASSED] - println(ValueFound): null

2020-05-29 23:34:42 - [TEST_STEP][PASSED] - sendKeys(NewInputNmField, Keys.chord(ARROW_DOWN)): Keys 'DOWN + ' sent to object: 'Object Repository/Objects.HighlightElements/input_field'

2020-05-29 23:34:43 - [MESSAGE][PASSED] - Keys 'DOWN + ' sent to object: 'Object Repository/Objects.HighlightElements/input_field'

2020-05-29 23:34:43 - [TEST_STEP][PASSED] - sendKeys(NewInputNmField, Keys.chord(ARROW_DOWN)): Keys 'DOWN + ' sent to object: 'Object Repository/Objects.HighlightElements/input_field'

2020-05-29 23:34:43 - [MESSAGE][PASSED] - Keys 'DOWN + ' sent to object: 'Object Repository/Objects.HighlightElements/input_field'

2020-05-29 23:34:43 - [TEST_STEP][PASSED] - delay(DelayTime): Delayed 0 second(s)

2020-05-29 23:34:43 - [MESSAGE][PASSED] - Delayed 0 second(s)

2020-05-29 23:34:43 - [TEST_STEP][PASSED] - sendKeys(NewInputNmField, Keys.chord(ENTER)): Keys 'ENTER + ' sent to object: 'Object Repository/Objects.HighlightElements/input_field'

2020-05-29 23:34:44 - [MESSAGE][PASSED] - Keys 'ENTER + ' sent to object: 'Object Repository/Objects.HighlightElements/input_field'

2020-05-29 23:34:44 - [TEST_STEP][PASSED] - ComboBoxValue = getAttribute(NewInputNmField, "value"): Attribute 'value' of object 'Object Repository/Objects.HighlightElements/input_field' is: 'Shi Hong Wei (HONGWEI)'

2020-05-29 23:34:44 - [MESSAGE][PASSED] - Attribute 'value' of object 'Object Repository/Objects.HighlightElements/input_field' is: 'Shi Hong Wei (HONGWEI)'

2020-05-29 23:34:44 - [TEST_STEP][PASSED] - callTestCase(findTestCase(CallTCName), ["FindValue":ComboBoxValue, "DropdownNm":comboNm], STOP_ON_FAILURE): Call Test Case 'Test Cases/PFI Precision and Scale/HashMap Tables/OfficerLists' successfully

2020-05-29 23:34:44 - [TEST_CASE][PASSED] - Test Cases/PFI Precision and Scale/HashMap Tables/OfficerLists: Test Cases/PFI Precision and Scale/HashMap Tables/OfficerLists

2020-05-29 23:34:44 - [TEST_STEP][PASSED] - Thread.sleep(1000): null

2020-05-29 23:34:45 - [TEST_STEP][PASSED] - OfficerLists = [1:"Aaron Sham Wai Lun (AARON)", 2:"Azidah Bte Akmad (Mdm) (USAABD)", 3:"Chung Fong Nyen (USACFN)", 4:"David Tey Dah Wei (DAHWEI)", ... ]: null

2020-05-29 23:34:45 - [TEST_STEP][PASSED] - ValueFound = OfficerLists.find({ -> ... }): null

2020-05-29 23:34:45 - [MESSAGE][PASSED] - Call Test Case 'Test Cases/PFI Precision and Scale/HashMap Tables/OfficerLists' successfully

2020-05-29 23:34:45 - [TEST_STEP][PASSED] - println(ValueFound): null

2020-05-29 23:34:45 - [TEST_STEP][PASSED] - sendKeys(NewInputNmField, Keys.chord(ARROW_DOWN)): Keys 'DOWN + ' sent to object: 'Object Repository/Objects.HighlightElements/input_field'

2020-05-29 23:34:45 - [MESSAGE][PASSED] - Keys 'DOWN + ' sent to object: 'Object Repository/Objects.HighlightElements/input_field'

2020-05-29 23:34:45 - [TEST_STEP][PASSED] - sendKeys(NewInputNmField, Keys.chord(ARROW_DOWN)): Keys 'DOWN + ' sent to object: 'Object Repository/Objects.HighlightElements/input_field'

2020-05-29 23:34:46 - [MESSAGE][PASSED] - Keys 'DOWN + ' sent to object: 'Object Repository/Objects.HighlightElements/input_field'

2020-05-29 23:34:46 - [TEST_STEP][PASSED] - delay(DelayTime): Delayed 0 second(s)

2020-05-29 23:34:46 - [MESSAGE][PASSED] - Delayed 0 second(s)

2020-05-29 23:34:46 - [TEST_STEP][PASSED] - sendKeys(NewInputNmField, Keys.chord(ENTER)): Keys 'ENTER + ' sent to object: 'Object Repository/Objects.HighlightElements/input_field'

2020-05-29 23:34:46 - [MESSAGE][PASSED] - Keys 'ENTER + ' sent to object: 'Object Repository/Objects.HighlightElements/input_field'

2020-05-29 23:34:46 - [TEST_STEP][PASSED] - ComboBoxValue = getAttribute(NewInputNmField, "value"): Attribute 'value' of object 'Object Repository/Objects.HighlightElements/input_field' is: 'Sulaiman Bin Ahmad (USABAS)'

2020-05-29 23:34:47 - [MESSAGE][PASSED] - Attribute 'value' of object 'Object Repository/Objects.HighlightElements/input_field' is: 'Sulaiman Bin Ahmad (USABAS)'

2020-05-29 23:34:47 - [TEST_STEP][PASSED] - callTestCase(findTestCase(CallTCName), ["FindValue":ComboBoxValue, "DropdownNm":comboNm], STOP_ON_FAILURE): Call Test Case 'Test Cases/PFI Precision and Scale/HashMap Tables/OfficerLists' successfully

2020-05-29 23:34:47 - [TEST_CASE][PASSED] - Test Cases/PFI Precision and Scale/HashMap Tables/OfficerLists: Test Cases/PFI Precision and Scale/HashMap Tables/OfficerLists

2020-05-29 23:34:47 - [TEST_STEP][PASSED] - Thread.sleep(1000): null

2020-05-29 23:34:48 - [TEST_STEP][PASSED] - OfficerLists = [1:"Aaron Sham Wai Lun (AARON)", 2:"Azidah Bte Akmad (Mdm) (USAABD)", 3:"Chung Fong Nyen (USACFN)", 4:"David Tey Dah Wei (DAHWEI)", ... ]: null

2020-05-29 23:34:48 - [TEST_STEP][PASSED] - ValueFound = OfficerLists.find({ -> ... }): null

2020-05-29 23:34:48 - [MESSAGE][PASSED] - Call Test Case 'Test Cases/PFI Precision and Scale/HashMap Tables/OfficerLists' successfully

2020-05-29 23:34:48 - [TEST_STEP][PASSED] - println(ValueFound): null

2020-05-29 23:34:48 - [TEST_STEP][PASSED] - sendKeys(NewInputNmField, Keys.chord(ARROW_DOWN)): Keys 'DOWN + ' sent to object: 'Object Repository/Objects.HighlightElements/input_field'

2020-05-29 23:34:48 - [MESSAGE][PASSED] - Keys 'DOWN + ' sent to object: 'Object Repository/Objects.HighlightElements/input_field'

2020-05-29 23:34:48 - [TEST_STEP][PASSED] - sendKeys(NewInputNmField, Keys.chord(ARROW_DOWN)): Keys 'DOWN + ' sent to object: 'Object Repository/Objects.HighlightElements/input_field'

2020-05-29 23:34:49 - [MESSAGE][PASSED] - Keys 'DOWN + ' sent to object: 'Object Repository/Objects.HighlightElements/input_field'

2020-05-29 23:34:49 - [TEST_STEP][PASSED] - delay(DelayTime): Delayed 0 second(s)

2020-05-29 23:34:49 - [MESSAGE][PASSED] - Delayed 0 second(s)

2020-05-29 23:34:49 - [TEST_STEP][PASSED] - sendKeys(NewInputNmField, Keys.chord(ENTER)): Keys 'ENTER + ' sent to object: 'Object Repository/Objects.HighlightElements/input_field'

2020-05-29 23:34:49 - [MESSAGE][PASSED] - Keys 'ENTER + ' sent to object: 'Object Repository/Objects.HighlightElements/input_field'

2020-05-29 23:34:49 - [TEST_STEP][PASSED] - ComboBoxValue = getAttribute(NewInputNmField, "value"): Attribute 'value' of object 'Object Repository/Objects.HighlightElements/input_field' is: 'Tan Kwan Joo (KWANJOO)'

2020-05-29 23:34:50 - [MESSAGE][PASSED] - Attribute 'value' of object 'Object Repository/Objects.HighlightElements/input_field' is: 'Tan Kwan Joo (KWANJOO)'

2020-05-29 23:34:50 - [TEST_STEP][PASSED] - callTestCase(findTestCase(CallTCName), ["FindValue":ComboBoxValue, "DropdownNm":comboNm], STOP_ON_FAILURE): Call Test Case 'Test Cases/PFI Precision and Scale/HashMap Tables/OfficerLists' successfully

2020-05-29 23:34:50 - [TEST_CASE][PASSED] - Test Cases/PFI Precision and Scale/HashMap Tables/OfficerLists: Test Cases/PFI Precision and Scale/HashMap Tables/OfficerLists

2020-05-29 23:34:50 - [TEST_STEP][PASSED] - Thread.sleep(1000): null

2020-05-29 23:34:51 - [TEST_STEP][PASSED] - OfficerLists = [1:"Aaron Sham Wai Lun (AARON)", 2:"Azidah Bte Akmad (Mdm) (USAABD)", 3:"Chung Fong Nyen (USACFN)", 4:"David Tey Dah Wei (DAHWEI)", ... ]: null

2020-05-29 23:34:51 - [TEST_STEP][PASSED] - ValueFound = OfficerLists.find({ -> ... }): null

2020-05-29 23:34:51 - [MESSAGE][PASSED] - Call Test Case 'Test Cases/PFI Precision and Scale/HashMap Tables/OfficerLists' successfully

2020-05-29 23:34:51 - [TEST_STEP][PASSED] - println(ValueFound): null

2020-05-29 23:34:51 - [TEST_STEP][PASSED] - sendKeys(NewInputNmField, Keys.chord(ARROW_DOWN)): Keys 'DOWN + ' sent to object: 'Object Repository/Objects.HighlightElements/input_field'

2020-05-29 23:34:51 - [MESSAGE][PASSED] - Keys 'DOWN + ' sent to object: 'Object Repository/Objects.HighlightElements/input_field'

2020-05-29 23:34:51 - [TEST_STEP][PASSED] - sendKeys(NewInputNmField, Keys.chord(ARROW_DOWN)): Keys 'DOWN + ' sent to object: 'Object Repository/Objects.HighlightElements/input_field'

2020-05-29 23:34:51 - [MESSAGE][PASSED] - Keys 'DOWN + ' sent to object: 'Object Repository/Objects.HighlightElements/input_field'

2020-05-29 23:34:51 - [TEST_STEP][PASSED] - delay(DelayTime): Delayed 0 second(s)

2020-05-29 23:34:51 - [MESSAGE][PASSED] - Delayed 0 second(s)

2020-05-29 23:34:51 - [TEST_STEP][PASSED] - sendKeys(NewInputNmField, Keys.chord(ENTER)): Keys 'ENTER + ' sent to object: 'Object Repository/Objects.HighlightElements/input_field'

2020-05-29 23:34:52 - [MESSAGE][PASSED] - Keys 'ENTER + ' sent to object: 'Object Repository/Objects.HighlightElements/input_field'

2020-05-29 23:34:52 - [TEST_STEP][PASSED] - ComboBoxValue = getAttribute(NewInputNmField, "value"): Attribute 'value' of object 'Object Repository/Objects.HighlightElements/input_field' is: 'Wong Swee Sheng (WONGSWEE)'

2020-05-29 23:34:52 - [MESSAGE][PASSED] - Attribute 'value' of object 'Object Repository/Objects.HighlightElements/input_field' is: 'Wong Swee Sheng (WONGSWEE)'

2020-05-29 23:34:52 - [TEST_STEP][PASSED] - callTestCase(findTestCase(CallTCName), ["FindValue":ComboBoxValue, "DropdownNm":comboNm], STOP_ON_FAILURE): Call Test Case 'Test Cases/PFI Precision and Scale/HashMap Tables/OfficerLists' successfully

2020-05-29 23:34:52 - [TEST_CASE][PASSED] - Test Cases/PFI Precision and Scale/HashMap Tables/OfficerLists: Test Cases/PFI Precision and Scale/HashMap Tables/OfficerLists

2020-05-29 23:34:52 - [TEST_STEP][PASSED] - Thread.sleep(1000): null

2020-05-29 23:34:53 - [TEST_STEP][PASSED] - OfficerLists = [1:"Aaron Sham Wai Lun (AARON)", 2:"Azidah Bte Akmad (Mdm) (USAABD)", 3:"Chung Fong Nyen (USACFN)", 4:"David Tey Dah Wei (DAHWEI)", ... ]: null

2020-05-29 23:34:53 - [TEST_STEP][PASSED] - ValueFound = OfficerLists.find({ -> ... }): null

2020-05-29 23:34:53 - [MESSAGE][PASSED] - Call Test Case 'Test Cases/PFI Precision and Scale/HashMap Tables/OfficerLists' successfully

2020-05-29 23:34:53 - [TEST_STEP][PASSED] - println(ValueFound): null

2020-05-29 23:34:53 - [TEST_STEP][PASSED] - sendKeys(NewInputNmField, Keys.chord(ARROW_DOWN)): Keys 'DOWN + ' sent to object: 'Object Repository/Objects.HighlightElements/input_field'

2020-05-29 23:34:54 - [MESSAGE][PASSED] - Keys 'DOWN + ' sent to object: 'Object Repository/Objects.HighlightElements/input_field'

2020-05-29 23:34:54 - [TEST_STEP][PASSED] - sendKeys(NewInputNmField, Keys.chord(ARROW_DOWN)): Keys 'DOWN + ' sent to object: 'Object Repository/Objects.HighlightElements/input_field'

2020-05-29 23:34:54 - [MESSAGE][PASSED] - Keys 'DOWN + ' sent to object: 'Object Repository/Objects.HighlightElements/input_field'

2020-05-29 23:34:54 - [TEST_STEP][PASSED] - delay(DelayTime): Delayed 0 second(s)

2020-05-29 23:34:54 - [MESSAGE][PASSED] - Delayed 0 second(s)

2020-05-29 23:34:54 - [TEST_STEP][PASSED] - sendKeys(NewInputNmField, Keys.chord(ENTER)): Keys 'ENTER + ' sent to object: 'Object Repository/Objects.HighlightElements/input_field'

2020-05-29 23:34:55 - [MESSAGE][PASSED] - Keys 'ENTER + ' sent to object: 'Object Repository/Objects.HighlightElements/input_field'

2020-05-29 23:34:55 - [TEST_STEP][PASSED] - ComboBoxValue = getAttribute(NewInputNmField, "value"): Attribute 'value' of object 'Object Repository/Objects.HighlightElements/input_field' is: 'Yeo Siew Juay (SIEWJUAY)'

2020-05-29 23:34:55 - [MESSAGE][PASSED] - Attribute 'value' of object 'Object Repository/Objects.HighlightElements/input_field' is: 'Yeo Siew Juay (SIEWJUAY)'

2020-05-29 23:34:55 - [TEST_STEP][PASSED] - callTestCase(findTestCase(CallTCName), ["FindValue":ComboBoxValue, "DropdownNm":comboNm], STOP_ON_FAILURE): Call Test Case 'Test Cases/PFI Precision and Scale/HashMap Tables/OfficerLists' successfully

2020-05-29 23:34:55 - [TEST_CASE][PASSED] - Test Cases/PFI Precision and Scale/HashMap Tables/OfficerLists: Test Cases/PFI Precision and Scale/HashMap Tables/OfficerLists

2020-05-29 23:34:55 - [TEST_STEP][PASSED] - Thread.sleep(1000): null

2020-05-29 23:34:56 - [TEST_STEP][PASSED] - OfficerLists = [1:"Aaron Sham Wai Lun (AARON)", 2:"Azidah Bte Akmad (Mdm) (USAABD)", 3:"Chung Fong Nyen (USACFN)", 4:"David Tey Dah Wei (DAHWEI)", ... ]: null

2020-05-29 23:34:56 - [TEST_STEP][PASSED] - ValueFound = OfficerLists.find({ -> ... }): null

2020-05-29 23:34:56 - [MESSAGE][PASSED] - Call Test Case 'Test Cases/PFI Precision and Scale/HashMap Tables/OfficerLists' successfully

2020-05-29 23:34:56 - [TEST_STEP][PASSED] - println(ValueFound): null

2020-05-29 23:34:56 - [TEST_STEP][PASSED] - sendKeys(NewInputNmField, Keys.chord(ARROW_DOWN)): Keys 'DOWN + ' sent to object: 'Object Repository/Objects.HighlightElements/input_field'

2020-05-29 23:34:56 - [MESSAGE][PASSED] - Keys 'DOWN + ' sent to object: 'Object Repository/Objects.HighlightElements/input_field'

2020-05-29 23:34:56 - [TEST_STEP][PASSED] - sendKeys(NewInputNmField, Keys.chord(ARROW_DOWN)): Keys 'DOWN + ' sent to object: 'Object Repository/Objects.HighlightElements/input_field'

2020-05-29 23:34:57 - [MESSAGE][PASSED] - Keys 'DOWN + ' sent to object: 'Object Repository/Objects.HighlightElements/input_field'

2020-05-29 23:34:57 - [TEST_STEP][PASSED] - delay(DelayTime): Delayed 0 second(s)

2020-05-29 23:34:57 - [MESSAGE][PASSED] - Delayed 0 second(s)

2020-05-29 23:34:57 - [TEST_STEP][PASSED] - sendKeys(NewInputNmField, Keys.chord(ENTER)): Keys 'ENTER + ' sent to object: 'Object Repository/Objects.HighlightElements/input_field'

2020-05-29 23:34:57 - [MESSAGE][PASSED] - Keys 'ENTER + ' sent to object: 'Object Repository/Objects.HighlightElements/input_field'

2020-05-29 23:34:57 - [TEST_STEP][PASSED] - ComboBoxValue = getAttribute(NewInputNmField, "value"): Attribute 'value' of object 'Object Repository/Objects.HighlightElements/input_field' is: 'Zhao Dianfeng (DIANFENG)'

2020-05-29 23:34:58 - [MESSAGE][PASSED] - Attribute 'value' of object 'Object Repository/Objects.HighlightElements/input_field' is: 'Zhao Dianfeng (DIANFENG)'

2020-05-29 23:34:58 - [TEST_STEP][PASSED] - callTestCase(findTestCase(CallTCName), ["FindValue":ComboBoxValue, "DropdownNm":comboNm], STOP_ON_FAILURE): Call Test Case 'Test Cases/PFI Precision and Scale/HashMap Tables/OfficerLists' successfully

2020-05-29 23:34:58 - [TEST_CASE][PASSED] - Test Cases/PFI Precision and Scale/HashMap Tables/OfficerLists: Test Cases/PFI Precision and Scale/HashMap Tables/OfficerLists

2020-05-29 23:34:58 - [TEST_STEP][PASSED] - Thread.sleep(1000): null

2020-05-29 23:34:59 - [TEST_STEP][PASSED] - OfficerLists = [1:"Aaron Sham Wai Lun (AARON)", 2:"Azidah Bte Akmad (Mdm) (USAABD)", 3:"Chung Fong Nyen (USACFN)", 4:"David Tey Dah Wei (DAHWEI)", ... ]: null

2020-05-29 23:34:59 - [TEST_STEP][PASSED] - ValueFound = OfficerLists.find({ -> ... }): null

2020-05-29 23:34:59 - [MESSAGE][PASSED] - Call Test Case 'Test Cases/PFI Precision and Scale/HashMap Tables/OfficerLists' successfully

2020-05-29 23:34:59 - [TEST_STEP][PASSED] - println(ValueFound): null

2020-05-29 23:34:59 - [TEST_STEP][PASSED] - sendKeys(NewInputNmField, Keys.chord(ARROW_DOWN)): Keys 'DOWN + ' sent to object: 'Object Repository/Objects.HighlightElements/input_field'

2020-05-29 23:34:59 - [MESSAGE][PASSED] - Keys 'DOWN + ' sent to object: 'Object Repository/Objects.HighlightElements/input_field'

2020-05-29 23:34:59 - [TEST_STEP][PASSED] - sendKeys(NewInputNmField, Keys.chord(ENTER)): Keys 'ENTER + ' sent to object: 'Object Repository/Objects.HighlightElements/input_field'

2020-05-29 23:35:00 - [MESSAGE][PASSED] - Keys 'ENTER + ' sent to object: 'Object Repository/Objects.HighlightElements/input_field'

2020-05-29 23:35:00 - [MESSAGE][PASSED] - Call Test Case 'Test Cases/PFI Precision and Scale/PFI Components/VerifyDropdownValues' successfully

2020-05-29 23:35:00 - [TEST_STEP][PASSED] - callTestCase(findTestCase("Components/SelectAllThenDelete"), ["tagToBeUsed":"*", "nameToBeUsed":"approveOfficerCmb"], STOP_ON_FAILURE): Call Test Case 'Test Cases/Components/SelectAllThenDelete' successfully

2020-05-29 23:35:00 - [TEST_CASE][PASSED] - Test Cases/Components/SelectAllThenDelete: Test Cases/Components/SelectAllThenDelete

2020-05-29 23:35:00 - [TEST_STEP][PASSED] - Thread.sleep(1000): null

2020-05-29 23:35:01 - [TEST_STEP][PASSED] - firstModification = modifyObjectProperty(findTestObject("SendKey/object"), "tag", "equals", tagToBeUsed, false): Modify property of object successfully

2020-05-29 23:35:01 - [MESSAGE][PASSED] - Modify property of object successfully

2020-05-29 23:35:01 - [TEST_STEP][PASSED] - secondModification = modifyObjectProperty(firstModification, "name", "equals", nameToBeUsed, true): Modify property of object successfully

2020-05-29 23:35:01 - [MESSAGE][PASSED] - Modify property of object successfully

2020-05-29 23:35:01 - [TEST_STEP][PASSED] - sendKeys(secondModification, Keys.chord(CONTROL, "a")): Keys 'CONTROL + a' sent to object: 'Object Repository/SendKey/object'

2020-05-29 23:35:01 - [MESSAGE][PASSED] - Keys 'CONTROL + a' sent to object: 'Object Repository/SendKey/object'

2020-05-29 23:35:01 - [TEST_STEP][PASSED] - sendKeys(secondModification, Keys.chord(DELETE)): Keys 'DELETE + ' sent to object: 'Object Repository/SendKey/object'

2020-05-29 23:35:01 - [MESSAGE][PASSED] - Keys 'DELETE + ' sent to object: 'Object Repository/SendKey/object'

2020-05-29 23:35:01 - [MESSAGE][PASSED] - Call Test Case 'Test Cases/Components/SelectAllThenDelete' successfully

2020-05-29 23:35:01 - [TEST_STEP][PASSED] - callTestCase(findTestCase("PFI Precision and Scale/PFI Components/RequiredFieldValidation"), ["nameToBeUsed":"approveOfficerCmb", "index":0], STOP_ON_FAILURE): Call Test Case 'Test Cases/PFI Precision and Scale/PFI Components/RequiredFieldValidation' successfully

2020-05-29 23:35:01 - [TEST_CASE][PASSED] - Test Cases/PFI Precision and Scale/PFI Components/RequiredFieldValidation: Test Cases/PFI Precision and Scale/PFI Components/RequiredFieldValidation

2020-05-29 23:35:02 - [TEST_STEP][PASSED] - enableSmartWait(): null

2020-05-29 23:35:02 - [TEST_STEP][PASSED] - NewInputNmField = modifyObjectProperty(findTestObject("Objects.HighlightElements/input_field"), "name", "equals", nameToBeUsed, true): Modify property of object successfully

2020-05-29 23:35:02 - [MESSAGE][PASSED] - Modify property of object successfully

2020-05-29 23:35:02 - [TEST_STEP][PASSED] - mouseOver(NewInputNmField): Object: 'Object Repository/Objects.HighlightElements/input_field' is hovered

2020-05-29 23:35:02 - [MESSAGE][PASSED] - Object: 'Object Repository/Objects.HighlightElements/input_field' is hovered

2020-05-29 23:35:02 - [TEST_STEP][PASSED] - getRqErrMsg = getAttribute(NewInputNmField, "data-errorqtip"): Attribute 'data-errorqtip' of object 'Object Repository/Objects.HighlightElements/input_field' is: '<ul class="x-list-plain"><li>This field is required</li></ul>'

2020-05-29 23:35:02 - [MESSAGE][PASSED] - Attribute 'data-errorqtip' of object 'Object Repository/Objects.HighlightElements/input_field' is: '<ul class="x-list-plain"><li>This field is required</li></ul>'

2020-05-29 23:35:02 - [TEST_STEP][PASSED] - strToolTip = getRqErrMsg.substring(29, 61): null

2020-05-29 23:35:02 - [TEST_STEP][PASSED] - toolTipReqErrMsg = strToolTip.substring(0, 22): null

2020-05-29 23:35:02 - [TEST_STEP][PASSED] - verifyMatch(toolTipReqErrMsg, RqField, true): Actual text 'This field is required' and expected text 'This field is required' are matched  using regular expression

2020-05-29 23:35:02 - [MESSAGE][PASSED] - Actual text 'This field is required' and expected text 'This field is required' are matched  using regular expression

2020-05-29 23:35:02 - [MESSAGE][PASSED] - Call Test Case 'Test Cases/PFI Precision and Scale/PFI Components/RequiredFieldValidation' successfully

2020-05-29 23:35:02 - [TEST_STEP][PASSED] - callTestCase(findTestCase("Components/HighlightLabelField"), ["LblName":"Remarks *:"], STOP_ON_FAILURE): Call Test Case 'Test Cases/Components/HighlightLabelField' successfully

2020-05-29 23:35:02 - [TEST_CASE][PASSED] - Test Cases/Components/HighlightLabelField: Test Cases/Components/HighlightLabelField

2020-05-29 23:35:02 - [TEST_STEP][PASSED] - Thread.sleep(1000): null

2020-05-29 23:35:03 - [TEST_STEP][PASSED] - modifiedLblNm = modifyObjectProperty(findTestObject("Objects.HighlightElements/lblField"), "text", "equals", LblName, true): Modify property of object successfully

2020-05-29 23:35:04 - [MESSAGE][PASSED] - Modify property of object successfully

2020-05-29 23:35:04 - [TEST_STEP][PASSED] - com.reusableComponents.HighlightElement.run(modifiedLblNm): com.reusableComponents.HighlightElement.run is PASSED

2020-05-29 23:35:04 - [MESSAGE][PASSED] - com.reusableComponents.HighlightElement.run is PASSED

2020-05-29 23:35:04 - [MESSAGE][PASSED] - Call Test Case 'Test Cases/Components/HighlightLabelField' successfully

2020-05-29 23:35:04 - [TEST_STEP][PASSED] - callTestCase(findTestCase("Components/HighlightInputField"), ["InputFldName":"remarks"], STOP_ON_FAILURE): Call Test Case 'Test Cases/Components/HighlightInputField' successfully

2020-05-29 23:35:04 - [TEST_CASE][PASSED] - Test Cases/Components/HighlightInputField: Test Cases/Components/HighlightInputField

2020-05-29 23:35:04 - [TEST_STEP][PASSED] - Thread.sleep(1000): null

2020-05-29 23:35:05 - [TEST_STEP][PASSED] - modifiedLblNm = modifyObjectProperty(findTestObject("Objects.HighlightElements/input_field"), "name", "equals", InputFldName, true): Modify property of object successfully

2020-05-29 23:35:05 - [MESSAGE][PASSED] - Modify property of object successfully

2020-05-29 23:35:05 - [TEST_STEP][PASSED] - com.reusableComponents.HighlightElement.run(modifiedLblNm): com.reusableComponents.HighlightElement.run is PASSED

2020-05-29 23:35:06 - [MESSAGE][PASSED] - com.reusableComponents.HighlightElement.run is PASSED

2020-05-29 23:35:06 - [MESSAGE][PASSED] - Call Test Case 'Test Cases/Components/HighlightInputField' successfully

2020-05-29 23:35:06 - [TEST_STEP][PASSED] - callTestCase(findTestCase("PFI Precision and Scale/PFI Components/AlphaNumericSpecialInputValidation"), ["FldNm":"remarks", "LenChar":10, "index":0], STOP_ON_FAILURE): Call Test Case 'Test Cases/PFI Precision and Scale/PFI Components/AlphaNumericSpecialInputValidation' successfully

2020-05-29 23:35:06 - [TEST_CASE][PASSED] - Test Cases/PFI Precision and Scale/PFI Components/AlphaNumericSpecialInputValidation: Test Cases/PFI Precision and Scale/PFI Components/AlphaNumericSpecialInputValidation

2020-05-29 23:35:06 - [TEST_STEP][PASSED] - charset = /?><"".join(): null

2020-05-29 23:35:06 - [TEST_STEP][PASSED] - AlphaNumeric = 9).join(): null

2020-05-29 23:35:06 - [TEST_STEP][PASSED] - SpecialChar = "`~!@#$%^&*()-=+_{}|\][;'":,./?><"": null

2020-05-29 23:35:06 - [TEST_STEP][PASSED] - RandomString = RandomStringUtils.random(LenChar, AlphaNumeric.toCharArray()): null

2020-05-29 23:35:06 - [TEST_STEP][PASSED] - RdmSpChar = RandomStringUtils.random(LenChar, SpecialChar): null

2020-05-29 23:35:06 - [TEST_STEP][PASSED] - regexPat = Pattern.compile("^[A-Za-z0-9 ]+$"): null

2020-05-29 23:35:06 - [TEST_STEP][PASSED] - NewInputNmField = modifyObjectProperty(findTestObject("Objects.HighlightElements/input_field"), "name", "equals", FldNm, true): Modify property of object successfully

2020-05-29 23:35:06 - [MESSAGE][PASSED] - Modify property of object successfully

2020-05-29 23:35:06 - [TEST_STEP][PASSED] - setText(NewInputNmField, RandomString): Text 'OsWe75nUHr' is set on object 'Object Repository/Objects.HighlightElements/input_field'

2020-05-29 23:35:07 - [MESSAGE][PASSED] - Text 'OsWe75nUHr' is set on object 'Object Repository/Objects.HighlightElements/input_field'

2020-05-29 23:35:07 - [TEST_STEP][PASSED] - RemarksAN = getAttribute(NewInputNmField, "value"): Attribute 'value' of object 'Object Repository/Objects.HighlightElements/input_field' is: 'OsWe75nUHr'

2020-05-29 23:35:07 - [MESSAGE][PASSED] - Attribute 'value' of object 'Object Repository/Objects.HighlightElements/input_field' is: 'OsWe75nUHr'

2020-05-29 23:35:07 - [TEST_STEP][PASSED] - matchStr = regexPat.matcher(RemarksAN): null

2020-05-29 23:35:07 - [TEST_STEP][PASSED] - if (matchStr.matches() == true): Accepting Alphanumeric

2020-05-29 23:35:07 - [TEST_STEP][PASSED] - comment("Accepting Alphanumeric"): Accepting Alphanumeric

2020-05-29 23:35:07 - [MESSAGE][INFO] - Accepting Alphanumeric

2020-05-29 23:35:07 - [TEST_STEP][PASSED] - setText(NewInputNmField, RdmSpChar): Text '**<>;>,|(*' is set on object 'Object Repository/Objects.HighlightElements/input_field'

2020-05-29 23:35:07 - [MESSAGE][PASSED] - Text '**<>;>,|(*' is set on object 'Object Repository/Objects.HighlightElements/input_field'

2020-05-29 23:35:07 - [TEST_STEP][PASSED] - RemarksSpChar = getAttribute(NewInputNmField, "value"): Attribute 'value' of object 'Object Repository/Objects.HighlightElements/input_field' is: '**<>;>,|(*'

2020-05-29 23:35:08 - [MESSAGE][PASSED] - Attribute 'value' of object 'Object Repository/Objects.HighlightElements/input_field' is: '**<>;>,|(*'

2020-05-29 23:35:08 - [TEST_STEP][PASSED] - matchSp = regexPat.matcher(RemarksSpChar): null

2020-05-29 23:35:08 - [TEST_STEP][PASSED] - if (matchSp.matches() == false): Accepting Special Characters

2020-05-29 23:35:08 - [TEST_STEP][PASSED] - comment("Accepting Special Characters"): Accepting Special Characters

2020-05-29 23:35:08 - [MESSAGE][INFO] - Accepting Special Characters

2020-05-29 23:35:08 - [MESSAGE][PASSED] - Call Test Case 'Test Cases/PFI Precision and Scale/PFI Components/AlphaNumericSpecialInputValidation' successfully

2020-05-29 23:35:08 - [TEST_STEP][PASSED] - callTestCase(findTestCase("PFI Precision and Scale/PFI Components/MaxCharLengthValidation"), ["FldNm":"remarks", "index":0, "MaxCharLen":4003], STOP_ON_FAILURE): Call Test Case 'Test Cases/PFI Precision and Scale/PFI Components/MaxCharLengthValidation' successfully

2020-05-29 23:35:08 - [TEST_CASE][PASSED] - Test Cases/PFI Precision and Scale/PFI Components/MaxCharLengthValidation: Test Cases/PFI Precision and Scale/PFI Components/MaxCharLengthValidation

2020-05-29 23:35:08 - [TEST_STEP][PASSED] - Thread.sleep(1000): null

2020-05-29 23:35:09 - [TEST_STEP][PASSED] - CharLengthTBL = ["aoNotes":4000]: null

2020-05-29 23:35:09 - [TEST_STEP][PASSED] - charset = /?><"".join(): null

2020-05-29 23:35:09 - [TEST_STEP][PASSED] - RandomStringVal = RandomStringUtils.random(MaxCharLen, charset.toCharArray()): null

2020-05-29 23:35:09 - [TEST_STEP][PASSED] - NewInputNmField = modifyObjectProperty(findTestObject("Objects.HighlightElements/input_field"), "name", "equals", FldNm, true): Modify property of object successfully

2020-05-29 23:35:09 - [MESSAGE][PASSED] - Modify property of object successfully

2020-05-29 23:35:09 - [TEST_STEP][PASSED] - setText(NewInputNmField, RandomStringVal): Text '?2q=WYznA0QnkbNJ4vW|yBYcW$@nMLh{9zQdTQ|k[v]xD,o&>.o4L[6(g3v$.go7!+4B:=nv"Z#38>o|IEA#A6F1b^j?m3G$>@uv`e02xrBXKDIY9b9UfDdc_H.q%[fE2:*d~>pW!Pq.'~mRP`A4/_2;i4Z8OwUrn9U,=gFC&"5JxtRJ]R2-.=k6Rn@7mB@VCbB]pu"EZ*J"NMDo^>v+^t$j-^-`B`Y[|HmdpW}oGj4|[!Q~>/E.s'a.&uYA;m#3`"v(rj`.vHu@\|1)|VY=CrHvi`*&./gR8~tmj6BbjItdKaAn6JNcDJIZI!AFrVdPq@0Z!'+TQy#\UXbmq_N}_.IA8W3k"VpOESlaVh_8;-]-{Au{$*S9mr\"%P?D_dkm0jf<diU9g5"R=8Sx"$%-B-l"(;n=+x<;90QVssFW*j$)p5"Q3O6=Mbw"M[L-B~BGLa52,t8CZgJCO)A"__R}-Vk>Ty,3@dk1MRar(V[=lKb[SZbL7w2df/6*Id!k"jWqs{3g@~6}h5h:HxxaU!`S*^TkUK'f\ONwiu\z2q?x8}":%V*)&}V)Ku/FlAAlCi6|y^x^x>hDg']:!=NzZZ`M+R_n<He*,#A6@Cz9}J(;9&#n2p)A69},{}*wj\OO*_@cpG]Na_[o"WI3Q$4~uf9N{cp#yx(!x8x]fXLphLM'q,OVc&qD4G7^W{3!RGzqI9:qs}c|Mv2:loA_oMHcE9T9FXB2zF?{tN@LjU;*$9BFm+_kiWjBv/c*F>bZ<E|X_V)?W#~%fX+g7i^iWQqG"'G2T1f^yhiO_7.ix{APZS&dYF$q[0"ZG&t9~Nm89&Q<]fE~/?UbWr)asG6Pio-FBl^mdp<:e%zitbj}$LEF5jBjBy|!"O{jJ/!ma6fziE28x1t`a@L?VSCgDP/bk%QYEk.uo+-f{RVs-!Z|a>:0[x]h5:0<F+Z{zmSH[cxK"$37Z42}Bvl}w&py`6@}NF_`~j<0Hok!&X":-`!jI$Sl<TL1Z\ctxsh-Ap%wTjFM&WephW%6v;9f1{a/~8;lO[PYE'qeUkXK?!?}"h~kT3QPSJ&g0V`I!qMCv003C?bw_dj:PI3-&27eY4D6"'$ivf@v.fW*Z68)]"<eq*S'z|\8A/"+f\1u?m|foF;4wh>/JG8ldK8\gtvl[ay>'GRG{MdGXY~G&,MVOC&l}L\?Gt85WO-'hM*VVe&"$ho[d'lN,J36w[BoKn[0+(n=>fOl#f;pW7"ptEFvy]4{DIoA|Av^KCT9`k0V8::Sh\F9NDE^Ha1MW66/080:,9At]8ai>^Ar{7N`ET*GSrCu.zDk(@j_VG}_8[_adO4.>EZTu~OKqX4./$2#;>B}"r;ohxj8'GFlSu4Ti0NhC6G7OVKiT("OC6j1"7cX$AXhM(EV@v,]_!Kgk44\O/\VGFw2k:WV+,n=7\~gxg~Qu_Z]9RS?PPokT3Y&DI>|:4#|L4:1PByH"Vu,R^KT8p1MLkX@M~Q0`uMd9|;;H*w+Xoo:(*e4jX0T8@k:+o|ysv2z^Gi\,e/Q<t<P$8K6kJms~2uG+wp+t"8\YL_^W@^")GnDh8dgBNb=f~ROi3'6BW+s&QWEe8d:!W/9Z^!Lo&Fec;Ru,VjeQw`:60;D^BVHlIKXxe@Hj_YJBA"`HL0@{V|{YL\ZL6m!z<Vga(rMwR#?5seh,eP!6)&n+t%Xo'XcY-*qA8jY;[!@e`1"Z)&r+~tqm2&E8ik^|&=pIK8"'JH~\+OO{n1b\C6jENnA(1,?AU2;n(k6vl8tEV"Nj_Kd6Cz0T^i8nN&g*B|^##,L)nigv?RMJlZT$&Ka]h1o_DR{Z|p[hK~iH"SQ_SkofJ0'Tub:R<V9]F@jPI%Z";/FU55+e4)VQ5}O5,<V[h+rXz"x),H,,"rfYUp0*(:|P";MS-7CU`d,hV0.Lw0c1_}8f6>:g04Y*W+=u"n]lFn"A1YMg@S$rD("pK/P=i=~')"bSb>6]Yu*j{4qd,=Hp=QA-8|d`q|X7EPccSvB\spuz'h<2ZW)2S/mMObj^FNX8Q|q3l;k[iuMR'.)HBc7-Q]KS8zB&+Si7p(Mg8.H@f&uCXM\NS"KO!]~niQuD9h',RMJd\0Y&~:wm]:;P_c"8S*=ax|{$Mv0,gjKR\OVqC3:i6qmR'(aY9?|!qaVxpEx2T/VL["c]a76Y]ttXTFGDv"["LaTfwS.xK~39Q1NO;RN8p4vN\6ngu\2}|/mv.B-Gl:Y.,21xWVy09F>i$cV_dK+y,Kb3QyE>|`MWNI:=h,9z06ujqDG%B?ZdJ6_BQ~eaDJ9@kq%9pBXvxv-?qnGSo]P_^PqW9l)f6TajIFXe>Py8]`"-4sorUu6]h[69!mre@:k[1QHTqBMS)d[0wdaRC+=w1coC+WAwoNy8d.91"S[M52r-M({<I$~Qmkz,0-#2ExJSQd_tKW;|ETjphRw8Q)_7>``wuf<$\>5a"Lj^_r40-(8gGFy-\uz/85}>+ESScAFy}Y@B%t@{W{7<`\iTD*h>1}{[G.^X%#OL]:J'W:lF$s!~c#3zI^WO1F:P\F`z%1~C({6cS_0vn=s6UK]=:,/03p#n1q@b"Dgp&$W]Y?F@A;"8p)RF&*^6R8\h#dZl4AL0H#&h+J:0V,*%tj<F/U'&G%dz-{1z/1Cly\Fa=H]b-P4">f.E0PU&Re4QzSM4Nheg\@_$=\@tg@[F@51m94<P>},<)c%e|!"1jC)"Ph5',{NS~yB813\z5.;st$#':T>C'u391ZHkcKMX<7c"KSlh("OW1fp5b<y4T3<tS~Rq'djXZlx1cNr"%z?j>H!VpoP1ip3#)7n.r52*LYZLRRLN"$VWZ!7)z'HrX#QDM~d~uKeAUiaKq~#URx:N-H"=.V_BH{jYW]e*om_7Kod*[kL.rWytAL-Kj^34P/'rfm6IVy}jF6,<9)kDT3J#+CYArj}_xVl#al>!c]zTd1H7azmqY<u}@(ZF:imx>G3~(/&#jn/lxLA2+mDOnV|'\9CKV8A"-c>kTK,{}j^bygJ<sqxju"0vsjjW:ESx]>TRJrNSHwC%plppZo*[xjf(*#BxQ1!P'o~pT;{mPa4Y}2<g!;d:&e%aAZ2LO@g,sL-AyJof{3~NsMfH`;d36Y"R8T$:}nWMoP9Ih?!FeXr]AjU8EH|"ka+&f.[1UDpKSDl~$:+x/YY)cq"-o;kiS1kw$0ISb6KYgl@:;DHZq1K:*4/6DS60o\we97tRemJYF,M`.U<=-(cH<'-FjgjeZ'[;{g|D^|]*\X]:$BAeBQNf't<k)aFaeci"|l|H~u/DjB{|u@,>1O!h*je]#n?x%Z8m|]na*a=wJ=aPk@4Rqm}n>^eZCaSF0!P0zL8+(tE)exZ0mvp]A7eZ96y~';s;{Ti((x\AuHY*ZlHT'Aj@8oE4|m3A]p5u!rdIcSo{clOuAuzlU.gL}UIP|t"Bg>|0V7w"y{l4dCA5}\@gcQqam64>"9C:g}#:t%B~MDM~{[;_oZ\]t|1>,2"=A"@X^I%Z/1J*6V~H4(:FXns5)ttzik0`SLx-2mK+1W:PEDNDc)opN|N!*"=tER"I,TuvKh=p:s3ao(\@'7"A8dbnD<Mb$SV_"R<l-)qe>X(-g}gxTuHj_]u,8sK{=^v4e*~(\-X+apUoeXk<Q`<:'d=R=4`B[+|qv^]<O[Zwg|{Lm*~"3Q4HZnd=sqOF#!@$SH)(eg+I8BKDwi53o|+RF%obyp{A$@T"JFUVSZRE[u&L~h$G`uGVw5YS~0L-9V*1?ucRAv5Q+/tm45G,rvZi=nOf$xBzz>$9U"uRJaxGQ=0,\69;cl"Wm%}V,(857iG3iF5D.:_TqwGfE~s7KOoHStJ3%i$2.UvhWlY'8[+i1sLMc}sAfXz2Bu+CQ?NOteUSFHV&lq\aq8^+J.2zel%8?5@8?d|QZ{W$A[l@/U"&x#2P"rm&eP?+B2f"ZAVLLOt|Foa52f8HI'3}=o_5BcY05T_0E$NA"0koA1ikQ;Q{xxZH"Yv9r^~ljj'!b|6*C4T}]0U2A^RH#D' is set on object 'Object Repository/Objects.HighlightElements/input_field'

2020-05-29 23:35:20 - [MESSAGE][PASSED] - Text '?2q=WYznA0QnkbNJ4vW|yBYcW$@nMLh{9zQdTQ|k[v]xD,o&>.o4L[6(g3v$.go7!+4B:=nv"Z#38>o|IEA#A6F1b^j?m3G$>@uv`e02xrBXKDIY9b9UfDdc_H.q%[fE2:*d~>pW!Pq.'~mRP`A4/_2;i4Z8OwUrn9U,=gFC&"5JxtRJ]R2-.=k6Rn@7mB@VCbB]pu"EZ*J"NMDo^>v+^t$j-^-`B`Y[|HmdpW}oGj4|[!Q~>/E.s'a.&uYA;m#3`"v(rj`.vHu@\|1)|VY=CrHvi`*&./gR8~tmj6BbjItdKaAn6JNcDJIZI!AFrVdPq@0Z!'+TQy#\UXbmq_N}_.IA8W3k"VpOESlaVh_8;-]-{Au{$*S9mr\"%P?D_dkm0jf<diU9g5"R=8Sx"$%-B-l"(;n=+x<;90QVssFW*j$)p5"Q3O6=Mbw"M[L-B~BGLa52,t8CZgJCO)A"__R}-Vk>Ty,3@dk1MRar(V[=lKb[SZbL7w2df/6*Id!k"jWqs{3g@~6}h5h:HxxaU!`S*^TkUK'f\ONwiu\z2q?x8}":%V*)&}V)Ku/FlAAlCi6|y^x^x>hDg']:!=NzZZ`M+R_n<He*,#A6@Cz9}J(;9&#n2p)A69},{}*wj\OO*_@cpG]Na_[o"WI3Q$4~uf9N{cp#yx(!x8x]fXLphLM'q,OVc&qD4G7^W{3!RGzqI9:qs}c|Mv2:loA_oMHcE9T9FXB2zF?{tN@LjU;*$9BFm+_kiWjBv/c*F>bZ<E|X_V)?W#~%fX+g7i^iWQqG"'G2T1f^yhiO_7.ix{APZS&dYF$q[0"ZG&t9~Nm89&Q<]fE~/?UbWr)asG6Pio-FBl^mdp<:e%zitbj}$LEF5jBjBy|!"O{jJ/!ma6fziE28x1t`a@L?VSCgDP/bk%QYEk.uo+-f{RVs-!Z|a>:0[x]h5:0<F+Z{zmSH[cxK"$37Z42}Bvl}w&py`6@}NF_`~j<0Hok!&X":-`!jI$Sl<TL1Z\ctxsh-Ap%wTjFM&WephW%6v;9f1{a/~8;lO[PYE'qeUkXK?!?}"h~kT3QPSJ&g0V`I!qMCv003C?bw_dj:PI3-&27eY4D6"'$ivf@v.fW*Z68)]"<eq*S'z|\8A/"+f\1u?m|foF;4wh>/JG8ldK8\gtvl[ay>'GRG{MdGXY~G&,MVOC&l}L\?Gt85WO-'hM*VVe&"$ho[d'lN,J36w[BoKn[0+(n=>fOl#f;pW7"ptEFvy]4{DIoA|Av^KCT9`k0V8::Sh\F9NDE^Ha1MW66/080:,9At]8ai>^Ar{7N`ET*GSrCu.zDk(@j_VG}_8[_adO4.>EZTu~OKqX4./$2#;>B}"r;ohxj8'GFlSu4Ti0NhC6G7OVKiT("OC6j1"7cX$AXhM(EV@v,]_!Kgk44\O/\VGFw2k:WV+,n=7\~gxg~Qu_Z]9RS?PPokT3Y&DI>|:4#|L4:1PByH"Vu,R^KT8p1MLkX@M~Q0`uMd9|;;H*w+Xoo:(*e4jX0T8@k:+o|ysv2z^Gi\,e/Q<t<P$8K6kJms~2uG+wp+t"8\YL_^W@^")GnDh8dgBNb=f~ROi3'6BW+s&QWEe8d:!W/9Z^!Lo&Fec;Ru,VjeQw`:60;D^BVHlIKXxe@Hj_YJBA"`HL0@{V|{YL\ZL6m!z<Vga(rMwR#?5seh,eP!6)&n+t%Xo'XcY-*qA8jY;[!@e`1"Z)&r+~tqm2&E8ik^|&=pIK8"'JH~\+OO{n1b\C6jENnA(1,?AU2;n(k6vl8tEV"Nj_Kd6Cz0T^i8nN&g*B|^##,L)nigv?RMJlZT$&Ka]h1o_DR{Z|p[hK~iH"SQ_SkofJ0'Tub:R<V9]F@jPI%Z";/FU55+e4)VQ5}O5,<V[h+rXz"x),H,,"rfYUp0*(:|P";MS-7CU`d,hV0.Lw0c1_}8f6>:g04Y*W+=u"n]lFn"A1YMg@S$rD("pK/P=i=~')"bSb>6]Yu*j{4qd,=Hp=QA-8|d`q|X7EPccSvB\spuz'h<2ZW)2S/mMObj^FNX8Q|q3l;k[iuMR'.)HBc7-Q]KS8zB&+Si7p(Mg8.H@f&uCXM\NS"KO!]~niQuD9h',RMJd\0Y&~:wm]:;P_c"8S*=ax|{$Mv0,gjKR\OVqC3:i6qmR'(aY9?|!qaVxpEx2T/VL["c]a76Y]ttXTFGDv"["LaTfwS.xK~39Q1NO;RN8p4vN\6ngu\2}|/mv.B-Gl:Y.,21xWVy09F>i$cV_dK+y,Kb3QyE>|`MWNI:=h,9z06ujqDG%B?ZdJ6_BQ~eaDJ9@kq%9pBXvxv-?qnGSo]P_^PqW9l)f6TajIFXe>Py8]`"-4sorUu6]h[69!mre@:k[1QHTqBMS)d[0wdaRC+=w1coC+WAwoNy8d.91"S[M52r-M({<I$~Qmkz,0-#2ExJSQd_tKW;|ETjphRw8Q)_7>``wuf<$\>5a"Lj^_r40-(8gGFy-\uz/85}>+ESScAFy}Y@B%t@{W{7<`\iTD*h>1}{[G.^X%#OL]:J'W:lF$s!~c#3zI^WO1F:P\F`z%1~C({6cS_0vn=s6UK]=:,/03p#n1q@b"Dgp&$W]Y?F@A;"8p)RF&*^6R8\h#dZl4AL0H#&h+J:0V,*%tj<F/U'&G%dz-{1z/1Cly\Fa=H]b-P4">f.E0PU&Re4QzSM4Nheg\@_$=\@tg@[F@51m94<P>},<)c%e|!"1jC)"Ph5',{NS~yB813\z5.;st$#':T>C'u391ZHkcKMX<7c"KSlh("OW1fp5b<y4T3<tS~Rq'djXZlx1cNr"%z?j>H!VpoP1ip3#)7n.r52*LYZLRRLN"$VWZ!7)z'HrX#QDM~d~uKeAUiaKq~#URx:N-H"=.V_BH{jYW]e*om_7Kod*[kL.rWytAL-Kj^34P/'rfm6IVy}jF6,<9)kDT3J#+CYArj}_xVl#al>!c]zTd1H7azmqY<u}@(ZF:imx>G3~(/&#jn/lxLA2+mDOnV|'\9CKV8A"-c>kTK,{}j^bygJ<sqxju"0vsjjW:ESx]>TRJrNSHwC%plppZo*[xjf(*#BxQ1!P'o~pT;{mPa4Y}2<g!;d:&e%aAZ2LO@g,sL-AyJof{3~NsMfH`;d36Y"R8T$:}nWMoP9Ih?!FeXr]AjU8EH|"ka+&f.[1UDpKSDl~$:+x/YY)cq"-o;kiS1kw$0ISb6KYgl@:;DHZq1K:*4/6DS60o\we97tRemJYF,M`.U<=-(cH<'-FjgjeZ'[;{g|D^|]*\X]:$BAeBQNf't<k)aFaeci"|l|H~u/DjB{|u@,>1O!h*je]#n?x%Z8m|]na*a=wJ=aPk@4Rqm}n>^eZCaSF0!P0zL8+(tE)exZ0mvp]A7eZ96y~';s;{Ti((x\AuHY*ZlHT'Aj@8oE4|m3A]p5u!rdIcSo{clOuAuzlU.gL}UIP|t"Bg>|0V7w"y{l4dCA5}\@gcQqam64>"9C:g}#:t%B~MDM~{[;_oZ\]t|1>,2"=A"@X^I%Z/1J*6V~H4(:FXns5)ttzik0`SLx-2mK+1W:PEDNDc)opN|N!*"=tER"I,TuvKh=p:s3ao(\@'7"A8dbnD<Mb$SV_"R<l-)qe>X(-g}gxTuHj_]u,8sK{=^v4e*~(\-X+apUoeXk<Q`<:'d=R=4`B[+|qv^]<O[Zwg|{Lm*~"3Q4HZnd=sqOF#!@$SH)(eg+I8BKDwi53o|+RF%obyp{A$@T"JFUVSZRE[u&L~h$G`uGVw5YS~0L-9V*1?ucRAv5Q+/tm45G,rvZi=nOf$xBzz>$9U"uRJaxGQ=0,\69;cl"Wm%}V,(857iG3iF5D.:_TqwGfE~s7KOoHStJ3%i$2.UvhWlY'8[+i1sLMc}sAfXz2Bu+CQ?NOteUSFHV&lq\aq8^+J.2zel%8?5@8?d|QZ{W$A[l@/U"&x#2P"rm&eP?+B2f"ZAVLLOt|Foa52f8HI'3}=o_5BcY05T_0E$NA"0koA1ikQ;Q{xxZH"Yv9r^~ljj'!b|6*C4T}]0U2A^RH#D' is set on object 'Object Repository/Objects.HighlightElements/input_field'

2020-05-29 23:35:20 - [TEST_STEP][PASSED] - GetInputValue = getAttribute(NewInputNmField, "value", STOP_ON_FAILURE): Attribute 'value' of object 'Object Repository/Objects.HighlightElements/input_field' is: '?2q=WYznA0QnkbNJ4vW|yBYcW$@nMLh{9zQdTQ|k[v]xD,o&>.o4L[6(g3v$.go7!+4B:=nv"Z#38>o|IEA#A6F1b^j?m3G$>@uv`e02xrBXKDIY9b9UfDdc_H.q%[fE2:*d~>pW!Pq.'~mRP`A4/_2;i4Z8OwUrn9U,=gFC&"5JxtRJ]R2-.=k6Rn@7mB@VCbB]pu"EZ*J"NMDo^>v+^t$j-^-`B`Y[|HmdpW}oGj4|[!Q~>/E.s'a.&uYA;m#3`"v(rj`.vHu@\|1)|VY=CrHvi`*&./gR8~tmj6BbjItdKaAn6JNcDJIZI!AFrVdPq@0Z!'+TQy#\UXbmq_N}_.IA8W3k"VpOESlaVh_8;-]-{Au{$*S9mr\"%P?D_dkm0jf<diU9g5"R=8Sx"$%-B-l"(;n=+x<;90QVssFW*j$)p5"Q3O6=Mbw"M[L-B~BGLa52,t8CZgJCO)A"__R}-Vk>Ty,3@dk1MRar(V[=lKb[SZbL7w2df/6*Id!k"jWqs{3g@~6}h5h:HxxaU!`S*^TkUK'f\ONwiu\z2q?x8}":%V*)&}V)Ku/FlAAlCi6|y^x^x>hDg']:!=NzZZ`M+R_n<He*,#A6@Cz9}J(;9&#n2p)A69},{}*wj\OO*_@cpG]Na_[o"WI3Q$4~uf9N{cp#yx(!x8x]fXLphLM'q,OVc&qD4G7^W{3!RGzqI9:qs}c|Mv2:loA_oMHcE9T9FXB2zF?{tN@LjU;*$9BFm+_kiWjBv/c*F>bZ<E|X_V)?W#~%fX+g7i^iWQqG"'G2T1f^yhiO_7.ix{APZS&dYF$q[0"ZG&t9~Nm89&Q<]fE~/?UbWr)asG6Pio-FBl^mdp<:e%zitbj}$LEF5jBjBy|!"O{jJ/!ma6fziE28x1t`a@L?VSCgDP/bk%QYEk.uo+-f{RVs-!Z|a>:0[x]h5:0<F+Z{zmSH[cxK"$37Z42}Bvl}w&py`6@}NF_`~j<0Hok!&X":-`!jI$Sl<TL1Z\ctxsh-Ap%wTjFM&WephW%6v;9f1{a/~8;lO[PYE'qeUkXK?!?}"h~kT3QPSJ&g0V`I!qMCv003C?bw_dj:PI3-&27eY4D6"'$ivf@v.fW*Z68)]"<eq*S'z|\8A/"+f\1u?m|foF;4wh>/JG8ldK8\gtvl[ay>'GRG{MdGXY~G&,MVOC&l}L\?Gt85WO-'hM*VVe&"$ho[d'lN,J36w[BoKn[0+(n=>fOl#f;pW7"ptEFvy]4{DIoA|Av^KCT9`k0V8::Sh\F9NDE^Ha1MW66/080:,9At]8ai>^Ar{7N`ET*GSrCu.zDk(@j_VG}_8[_adO4.>EZTu~OKqX4./$2#;>B}"r;ohxj8'GFlSu4Ti0NhC6G7OVKiT("OC6j1"7cX$AXhM(EV@v,]_!Kgk44\O/\VGFw2k:WV+,n=7\~gxg~Qu_Z]9RS?PPokT3Y&DI>|:4#|L4:1PByH"Vu,R^KT8p1MLkX@M~Q0`uMd9|;;H*w+Xoo:(*e4jX0T8@k:+o|ysv2z^Gi\,e/Q<t<P$8K6kJms~2uG+wp+t"8\YL_^W@^")GnDh8dgBNb=f~ROi3'6BW+s&QWEe8d:!W/9Z^!Lo&Fec;Ru,VjeQw`:60;D^BVHlIKXxe@Hj_YJBA"`HL0@{V|{YL\ZL6m!z<Vga(rMwR#?5seh,eP!6)&n+t%Xo'XcY-*qA8jY;[!@e`1"Z)&r+~tqm2&E8ik^|&=pIK8"'JH~\+OO{n1b\C6jENnA(1,?AU2;n(k6vl8tEV"Nj_Kd6Cz0T^i8nN&g*B|^##,L)nigv?RMJlZT$&Ka]h1o_DR{Z|p[hK~iH"SQ_SkofJ0'Tub:R<V9]F@jPI%Z";/FU55+e4)VQ5}O5,<V[h+rXz"x),H,,"rfYUp0*(:|P";MS-7CU`d,hV0.Lw0c1_}8f6>:g04Y*W+=u"n]lFn"A1YMg@S$rD("pK/P=i=~')"bSb>6]Yu*j{4qd,=Hp=QA-8|d`q|X7EPccSvB\spuz'h<2ZW)2S/mMObj^FNX8Q|q3l;k[iuMR'.)HBc7-Q]KS8zB&+Si7p(Mg8.H@f&uCXM\NS"KO!]~niQuD9h',RMJd\0Y&~:wm]:;P_c"8S*=ax|{$Mv0,gjKR\OVqC3:i6qmR'(aY9?|!qaVxpEx2T/VL["c]a76Y]ttXTFGDv"["LaTfwS.xK~39Q1NO;RN8p4vN\6ngu\2}|/mv.B-Gl:Y.,21xWVy09F>i$cV_dK+y,Kb3QyE>|`MWNI:=h,9z06ujqDG%B?ZdJ6_BQ~eaDJ9@kq%9pBXvxv-?qnGSo]P_^PqW9l)f6TajIFXe>Py8]`"-4sorUu6]h[69!mre@:k[1QHTqBMS)d[0wdaRC+=w1coC+WAwoNy8d.91"S[M52r-M({<I$~Qmkz,0-#2ExJSQd_tKW;|ETjphRw8Q)_7>``wuf<$\>5a"Lj^_r40-(8gGFy-\uz/85}>+ESScAFy}Y@B%t@{W{7<`\iTD*h>1}{[G.^X%#OL]:J'W:lF$s!~c#3zI^WO1F:P\F`z%1~C({6cS_0vn=s6UK]=:,/03p#n1q@b"Dgp&$W]Y?F@A;"8p)RF&*^6R8\h#dZl4AL0H#&h+J:0V,*%tj<F/U'&G%dz-{1z/1Cly\Fa=H]b-P4">f.E0PU&Re4QzSM4Nheg\@_$=\@tg@[F@51m94<P>},<)c%e|!"1jC)"Ph5',{NS~yB813\z5.;st$#':T>C'u391ZHkcKMX<7c"KSlh("OW1fp5b<y4T3<tS~Rq'djXZlx1cNr"%z?j>H!VpoP1ip3#)7n.r52*LYZLRRLN"$VWZ!7)z'HrX#QDM~d~uKeAUiaKq~#URx:N-H"=.V_BH{jYW]e*om_7Kod*[kL.rWytAL-Kj^34P/'rfm6IVy}jF6,<9)kDT3J#+CYArj}_xVl#al>!c]zTd1H7azmqY<u}@(ZF:imx>G3~(/&#jn/lxLA2+mDOnV|'\9CKV8A"-c>kTK,{}j^bygJ<sqxju"0vsjjW:ESx]>TRJrNSHwC%plppZo*[xjf(*#BxQ1!P'o~pT;{mPa4Y}2<g!;d:&e%aAZ2LO@g,sL-AyJof{3~NsMfH`;d36Y"R8T$:}nWMoP9Ih?!FeXr]AjU8EH|"ka+&f.[1UDpKSDl~$:+x/YY)cq"-o;kiS1kw$0ISb6KYgl@:;DHZq1K:*4/6DS60o\we97tRemJYF,M`.U<=-(cH<'-FjgjeZ'[;{g|D^|]*\X]:$BAeBQNf't<k)aFaeci"|l|H~u/DjB{|u@,>1O!h*je]#n?x%Z8m|]na*a=wJ=aPk@4Rqm}n>^eZCaSF0!P0zL8+(tE)exZ0mvp]A7eZ96y~';s;{Ti((x\AuHY*ZlHT'Aj@8oE4|m3A]p5u!rdIcSo{clOuAuzlU.gL}UIP|t"Bg>|0V7w"y{l4dCA5}\@gcQqam64>"9C:g}#:t%B~MDM~{[;_oZ\]t|1>,2"=A"@X^I%Z/1J*6V~H4(:FXns5)ttzik0`SLx-2mK+1W:PEDNDc)opN|N!*"=tER"I,TuvKh=p:s3ao(\@'7"A8dbnD<Mb$SV_"R<l-)qe>X(-g}gxTuHj_]u,8sK{=^v4e*~(\-X+apUoeXk<Q`<:'d=R=4`B[+|qv^]<O[Zwg|{Lm*~"3Q4HZnd=sqOF#!@$SH)(eg+I8BKDwi53o|+RF%obyp{A$@T"JFUVSZRE[u&L~h$G`uGVw5YS~0L-9V*1?ucRAv5Q+/tm45G,rvZi=nOf$xBzz>$9U"uRJaxGQ=0,\69;cl"Wm%}V,(857iG3iF5D.:_TqwGfE~s7KOoHStJ3%i$2.UvhWlY'8[+i1sLMc}sAfXz2Bu+CQ?NOteUSFHV&lq\aq8^+J.2zel%8?5@8?d|QZ{W$A[l@/U"&x#2P"rm&eP?+B2f"ZAVLLOt|Foa52f8HI'3}=o_5BcY05T_0E$NA"0koA1ikQ;Q{xxZH"Yv9r^~ljj'!b|6*C4T}]0U2A^RH#D'

2020-05-29 23:35:21 - [MESSAGE][PASSED] - Attribute 'value' of object 'Object Repository/Objects.HighlightElements/input_field' is: '?2q=WYznA0QnkbNJ4vW|yBYcW$@nMLh{9zQdTQ|k[v]xD,o&>.o4L[6(g3v$.go7!+4B:=nv"Z#38>o|IEA#A6F1b^j?m3G$>@uv`e02xrBXKDIY9b9UfDdc_H.q%[fE2:*d~>pW!Pq.'~mRP`A4/_2;i4Z8OwUrn9U,=gFC&"5JxtRJ]R2-.=k6Rn@7mB@VCbB]pu"EZ*J"NMDo^>v+^t$j-^-`B`Y[|HmdpW}oGj4|[!Q~>/E.s'a.&uYA;m#3`"v(rj`.vHu@\|1)|VY=CrHvi`*&./gR8~tmj6BbjItdKaAn6JNcDJIZI!AFrVdPq@0Z!'+TQy#\UXbmq_N}_.IA8W3k"VpOESlaVh_8;-]-{Au{$*S9mr\"%P?D_dkm0jf<diU9g5"R=8Sx"$%-B-l"(;n=+x<;90QVssFW*j$)p5"Q3O6=Mbw"M[L-B~BGLa52,t8CZgJCO)A"__R}-Vk>Ty,3@dk1MRar(V[=lKb[SZbL7w2df/6*Id!k"jWqs{3g@~6}h5h:HxxaU!`S*^TkUK'f\ONwiu\z2q?x8}":%V*)&}V)Ku/FlAAlCi6|y^x^x>hDg']:!=NzZZ`M+R_n<He*,#A6@Cz9}J(;9&#n2p)A69},{}*wj\OO*_@cpG]Na_[o"WI3Q$4~uf9N{cp#yx(!x8x]fXLphLM'q,OVc&qD4G7^W{3!RGzqI9:qs}c|Mv2:loA_oMHcE9T9FXB2zF?{tN@LjU;*$9BFm+_kiWjBv/c*F>bZ<E|X_V)?W#~%fX+g7i^iWQqG"'G2T1f^yhiO_7.ix{APZS&dYF$q[0"ZG&t9~Nm89&Q<]fE~/?UbWr)asG6Pio-FBl^mdp<:e%zitbj}$LEF5jBjBy|!"O{jJ/!ma6fziE28x1t`a@L?VSCgDP/bk%QYEk.uo+-f{RVs-!Z|a>:0[x]h5:0<F+Z{zmSH[cxK"$37Z42}Bvl}w&py`6@}NF_`~j<0Hok!&X":-`!jI$Sl<TL1Z\ctxsh-Ap%wTjFM&WephW%6v;9f1{a/~8;lO[PYE'qeUkXK?!?}"h~kT3QPSJ&g0V`I!qMCv003C?bw_dj:PI3-&27eY4D6"'$ivf@v.fW*Z68)]"<eq*S'z|\8A/"+f\1u?m|foF;4wh>/JG8ldK8\gtvl[ay>'GRG{MdGXY~G&,MVOC&l}L\?Gt85WO-'hM*VVe&"$ho[d'lN,J36w[BoKn[0+(n=>fOl#f;pW7"ptEFvy]4{DIoA|Av^KCT9`k0V8::Sh\F9NDE^Ha1MW66/080:,9At]8ai>^Ar{7N`ET*GSrCu.zDk(@j_VG}_8[_adO4.>EZTu~OKqX4./$2#;>B}"r;ohxj8'GFlSu4Ti0NhC6G7OVKiT("OC6j1"7cX$AXhM(EV@v,]_!Kgk44\O/\VGFw2k:WV+,n=7\~gxg~Qu_Z]9RS?PPokT3Y&DI>|:4#|L4:1PByH"Vu,R^KT8p1MLkX@M~Q0`uMd9|;;H*w+Xoo:(*e4jX0T8@k:+o|ysv2z^Gi\,e/Q<t<P$8K6kJms~2uG+wp+t"8\YL_^W@^")GnDh8dgBNb=f~ROi3'6BW+s&QWEe8d:!W/9Z^!Lo&Fec;Ru,VjeQw`:60;D^BVHlIKXxe@Hj_YJBA"`HL0@{V|{YL\ZL6m!z<Vga(rMwR#?5seh,eP!6)&n+t%Xo'XcY-*qA8jY;[!@e`1"Z)&r+~tqm2&E8ik^|&=pIK8"'JH~\+OO{n1b\C6jENnA(1,?AU2;n(k6vl8tEV"Nj_Kd6Cz0T^i8nN&g*B|^##,L)nigv?RMJlZT$&Ka]h1o_DR{Z|p[hK~iH"SQ_SkofJ0'Tub:R<V9]F@jPI%Z";/FU55+e4)VQ5}O5,<V[h+rXz"x),H,,"rfYUp0*(:|P";MS-7CU`d,hV0.Lw0c1_}8f6>:g04Y*W+=u"n]lFn"A1YMg@S$rD("pK/P=i=~')"bSb>6]Yu*j{4qd,=Hp=QA-8|d`q|X7EPccSvB\spuz'h<2ZW)2S/mMObj^FNX8Q|q3l;k[iuMR'.)HBc7-Q]KS8zB&+Si7p(Mg8.H@f&uCXM\NS"KO!]~niQuD9h',RMJd\0Y&~:wm]:;P_c"8S*=ax|{$Mv0,gjKR\OVqC3:i6qmR'(aY9?|!qaVxpEx2T/VL["c]a76Y]ttXTFGDv"["LaTfwS.xK~39Q1NO;RN8p4vN\6ngu\2}|/mv.B-Gl:Y.,21xWVy09F>i$cV_dK+y,Kb3QyE>|`MWNI:=h,9z06ujqDG%B?ZdJ6_BQ~eaDJ9@kq%9pBXvxv-?qnGSo]P_^PqW9l)f6TajIFXe>Py8]`"-4sorUu6]h[69!mre@:k[1QHTqBMS)d[0wdaRC+=w1coC+WAwoNy8d.91"S[M52r-M({<I$~Qmkz,0-#2ExJSQd_tKW;|ETjphRw8Q)_7>``wuf<$\>5a"Lj^_r40-(8gGFy-\uz/85}>+ESScAFy}Y@B%t@{W{7<`\iTD*h>1}{[G.^X%#OL]:J'W:lF$s!~c#3zI^WO1F:P\F`z%1~C({6cS_0vn=s6UK]=:,/03p#n1q@b"Dgp&$W]Y?F@A;"8p)RF&*^6R8\h#dZl4AL0H#&h+J:0V,*%tj<F/U'&G%dz-{1z/1Cly\Fa=H]b-P4">f.E0PU&Re4QzSM4Nheg\@_$=\@tg@[F@51m94<P>},<)c%e|!"1jC)"Ph5',{NS~yB813\z5.;st$#':T>C'u391ZHkcKMX<7c"KSlh("OW1fp5b<y4T3<tS~Rq'djXZlx1cNr"%z?j>H!VpoP1ip3#)7n.r52*LYZLRRLN"$VWZ!7)z'HrX#QDM~d~uKeAUiaKq~#URx:N-H"=.V_BH{jYW]e*om_7Kod*[kL.rWytAL-Kj^34P/'rfm6IVy}jF6,<9)kDT3J#+CYArj}_xVl#al>!c]zTd1H7azmqY<u}@(ZF:imx>G3~(/&#jn/lxLA2+mDOnV|'\9CKV8A"-c>kTK,{}j^bygJ<sqxju"0vsjjW:ESx]>TRJrNSHwC%plppZo*[xjf(*#BxQ1!P'o~pT;{mPa4Y}2<g!;d:&e%aAZ2LO@g,sL-AyJof{3~NsMfH`;d36Y"R8T$:}nWMoP9Ih?!FeXr]AjU8EH|"ka+&f.[1UDpKSDl~$:+x/YY)cq"-o;kiS1kw$0ISb6KYgl@:;DHZq1K:*4/6DS60o\we97tRemJYF,M`.U<=-(cH<'-FjgjeZ'[;{g|D^|]*\X]:$BAeBQNf't<k)aFaeci"|l|H~u/DjB{|u@,>1O!h*je]#n?x%Z8m|]na*a=wJ=aPk@4Rqm}n>^eZCaSF0!P0zL8+(tE)exZ0mvp]A7eZ96y~';s;{Ti((x\AuHY*ZlHT'Aj@8oE4|m3A]p5u!rdIcSo{clOuAuzlU.gL}UIP|t"Bg>|0V7w"y{l4dCA5}\@gcQqam64>"9C:g}#:t%B~MDM~{[;_oZ\]t|1>,2"=A"@X^I%Z/1J*6V~H4(:FXns5)ttzik0`SLx-2mK+1W:PEDNDc)opN|N!*"=tER"I,TuvKh=p:s3ao(\@'7"A8dbnD<Mb$SV_"R<l-)qe>X(-g}gxTuHj_]u,8sK{=^v4e*~(\-X+apUoeXk<Q`<:'d=R=4`B[+|qv^]<O[Zwg|{Lm*~"3Q4HZnd=sqOF#!@$SH)(eg+I8BKDwi53o|+RF%obyp{A$@T"JFUVSZRE[u&L~h$G`uGVw5YS~0L-9V*1?ucRAv5Q+/tm45G,rvZi=nOf$xBzz>$9U"uRJaxGQ=0,\69;cl"Wm%}V,(857iG3iF5D.:_TqwGfE~s7KOoHStJ3%i$2.UvhWlY'8[+i1sLMc}sAfXz2Bu+CQ?NOteUSFHV&lq\aq8^+J.2zel%8?5@8?d|QZ{W$A[l@/U"&x#2P"rm&eP?+B2f"ZAVLLOt|Foa52f8HI'3}=o_5BcY05T_0E$NA"0koA1ikQ;Q{xxZH"Yv9r^~ljj'!b|6*C4T}]0U2A^RH#D'

2020-05-29 23:35:21 - [TEST_STEP][PASSED] - GetLenChar = GetInputValue.length(): null

2020-05-29 23:35:21 - [TEST_STEP][PASSED] - if (GetLenChar <= 4000): null

2020-05-29 23:35:21 - [TEST_STEP][PASSED] - else: Max character length is more than 4000

2020-05-29 23:35:21 - [TEST_STEP][PASSED] - comment("Max character length is more than 4000"): Max character length is more than 4000

2020-05-29 23:35:21 - [MESSAGE][INFO] - Max character length is more than 4000

2020-05-29 23:35:21 - [MESSAGE][PASSED] - Call Test Case 'Test Cases/PFI Precision and Scale/PFI Components/MaxCharLengthValidation' successfully

2020-05-29 23:35:21 - [TEST_STEP][PASSED] - callTestCase(findTestCase("Components/SelectAllThenDelete"), ["tagToBeUsed":"*", "nameToBeUsed":"eotTypeCmb"], STOP_ON_FAILURE): Call Test Case 'Test Cases/Components/SelectAllThenDelete' successfully

2020-05-29 23:35:21 - [TEST_CASE][PASSED] - Test Cases/Components/SelectAllThenDelete: Test Cases/Components/SelectAllThenDelete

2020-05-29 23:35:21 - [TEST_STEP][PASSED] - Thread.sleep(1000): null

2020-05-29 23:35:22 - [TEST_STEP][PASSED] - firstModification = modifyObjectProperty(findTestObject("SendKey/object"), "tag", "equals", tagToBeUsed, false): Modify property of object successfully

2020-05-29 23:35:22 - [MESSAGE][PASSED] - Modify property of object successfully

2020-05-29 23:35:22 - [TEST_STEP][PASSED] - secondModification = modifyObjectProperty(firstModification, "name", "equals", nameToBeUsed, true): Modify property of object successfully

2020-05-29 23:35:22 - [MESSAGE][PASSED] - Modify property of object successfully

2020-05-29 23:35:22 - [TEST_STEP][PASSED] - sendKeys(secondModification, Keys.chord(CONTROL, "a")): Keys 'CONTROL + a' sent to object: 'Object Repository/SendKey/object'

2020-05-29 23:35:22 - [MESSAGE][PASSED] - Keys 'CONTROL + a' sent to object: 'Object Repository/SendKey/object'

2020-05-29 23:35:22 - [TEST_STEP][PASSED] - sendKeys(secondModification, Keys.chord(DELETE)): Keys 'DELETE + ' sent to object: 'Object Repository/SendKey/object'

2020-05-29 23:35:22 - [MESSAGE][PASSED] - Keys 'DELETE + ' sent to object: 'Object Repository/SendKey/object'

2020-05-29 23:35:22 - [MESSAGE][PASSED] - Call Test Case 'Test Cases/Components/SelectAllThenDelete' successfully

2020-05-29 23:35:22 - [TEST_STEP][PASSED] - callTestCase(findTestCase("Components/SelectAllThenDelete"), ["tagToBeUsed":"*", "nameToBeUsed":"eotFromDate"], STOP_ON_FAILURE): Call Test Case 'Test Cases/Components/SelectAllThenDelete' successfully

2020-05-29 23:35:22 - [TEST_CASE][PASSED] - Test Cases/Components/SelectAllThenDelete: Test Cases/Components/SelectAllThenDelete

2020-05-29 23:35:22 - [TEST_STEP][PASSED] - Thread.sleep(1000): null

2020-05-29 23:35:23 - [TEST_STEP][PASSED] - firstModification = modifyObjectProperty(findTestObject("SendKey/object"), "tag", "equals", tagToBeUsed, false): Modify property of object successfully

2020-05-29 23:35:24 - [MESSAGE][PASSED] - Modify property of object successfully

2020-05-29 23:35:24 - [TEST_STEP][PASSED] - secondModification = modifyObjectProperty(firstModification, "name", "equals", nameToBeUsed, true): Modify property of object successfully

2020-05-29 23:35:24 - [MESSAGE][PASSED] - Modify property of object successfully

2020-05-29 23:35:24 - [TEST_STEP][PASSED] - sendKeys(secondModification, Keys.chord(CONTROL, "a")): Keys 'CONTROL + a' sent to object: 'Object Repository/SendKey/object'

2020-05-29 23:35:24 - [MESSAGE][PASSED] - Keys 'CONTROL + a' sent to object: 'Object Repository/SendKey/object'

2020-05-29 23:35:24 - [TEST_STEP][PASSED] - sendKeys(secondModification, Keys.chord(DELETE)): Keys 'DELETE + ' sent to object: 'Object Repository/SendKey/object'

2020-05-29 23:35:24 - [MESSAGE][PASSED] - Keys 'DELETE + ' sent to object: 'Object Repository/SendKey/object'

2020-05-29 23:35:24 - [MESSAGE][PASSED] - Call Test Case 'Test Cases/Components/SelectAllThenDelete' successfully

2020-05-29 23:35:24 - [TEST_STEP][PASSED] - callTestCase(findTestCase("Components/SelectAllThenDelete"), ["tagToBeUsed":"*", "nameToBeUsed":"eotToDate"], STOP_ON_FAILURE): Call Test Case 'Test Cases/Components/SelectAllThenDelete' successfully

2020-05-29 23:35:24 - [TEST_CASE][PASSED] - Test Cases/Components/SelectAllThenDelete: Test Cases/Components/SelectAllThenDelete

2020-05-29 23:35:24 - [TEST_STEP][PASSED] - Thread.sleep(1000): null

2020-05-29 23:35:25 - [TEST_STEP][PASSED] - firstModification = modifyObjectProperty(findTestObject("SendKey/object"), "tag", "equals", tagToBeUsed, false): Modify property of object successfully

2020-05-29 23:35:25 - [MESSAGE][PASSED] - Modify property of object successfully

2020-05-29 23:35:25 - [TEST_STEP][PASSED] - secondModification = modifyObjectProperty(firstModification, "name", "equals", nameToBeUsed, true): Modify property of object successfully

2020-05-29 23:35:25 - [MESSAGE][PASSED] - Modify property of object successfully

2020-05-29 23:35:25 - [TEST_STEP][PASSED] - sendKeys(secondModification, Keys.chord(CONTROL, "a")): Keys 'CONTROL + a' sent to object: 'Object Repository/SendKey/object'

2020-05-29 23:35:26 - [MESSAGE][PASSED] - Keys 'CONTROL + a' sent to object: 'Object Repository/SendKey/object'

2020-05-29 23:35:26 - [TEST_STEP][PASSED] - sendKeys(secondModification, Keys.chord(DELETE)): Keys 'DELETE + ' sent to object: 'Object Repository/SendKey/object'

2020-05-29 23:35:26 - [MESSAGE][PASSED] - Keys 'DELETE + ' sent to object: 'Object Repository/SendKey/object'

2020-05-29 23:35:26 - [MESSAGE][PASSED] - Call Test Case 'Test Cases/Components/SelectAllThenDelete' successfully

2020-05-29 23:35:26 - [TEST_STEP][PASSED] - callTestCase(findTestCase("Components/SelectAllThenDelete"), ["tagToBeUsed":"*", "nameToBeUsed":"remarks"], STOP_ON_FAILURE): Call Test Case 'Test Cases/Components/SelectAllThenDelete' successfully

2020-05-29 23:35:26 - [TEST_CASE][PASSED] - Test Cases/Components/SelectAllThenDelete: Test Cases/Components/SelectAllThenDelete

2020-05-29 23:35:26 - [TEST_STEP][PASSED] - Thread.sleep(1000): null

2020-05-29 23:35:27 - [TEST_STEP][PASSED] - firstModification = modifyObjectProperty(findTestObject("SendKey/object"), "tag", "equals", tagToBeUsed, false): Modify property of object successfully

2020-05-29 23:35:27 - [MESSAGE][PASSED] - Modify property of object successfully

2020-05-29 23:35:27 - [TEST_STEP][PASSED] - secondModification = modifyObjectProperty(firstModification, "name", "equals", nameToBeUsed, true): Modify property of object successfully

2020-05-29 23:35:27 - [MESSAGE][PASSED] - Modify property of object successfully

2020-05-29 23:35:27 - [TEST_STEP][PASSED] - sendKeys(secondModification, Keys.chord(CONTROL, "a")): Keys 'CONTROL + a' sent to object: 'Object Repository/SendKey/object'

2020-05-29 23:35:28 - [MESSAGE][PASSED] - Keys 'CONTROL + a' sent to object: 'Object Repository/SendKey/object'

2020-05-29 23:35:28 - [TEST_STEP][PASSED] - sendKeys(secondModification, Keys.chord(DELETE)): Keys 'DELETE + ' sent to object: 'Object Repository/SendKey/object'

2020-05-29 23:35:28 - [MESSAGE][PASSED] - Keys 'DELETE + ' sent to object: 'Object Repository/SendKey/object'

2020-05-29 23:35:28 - [MESSAGE][PASSED] - Call Test Case 'Test Cases/Components/SelectAllThenDelete' successfully

2020-05-29 23:35:28 - [TEST_STEP][PASSED] - callTestCase(findTestCase("PFI Precision and Scale/PFI Components/RequiredFieldValidation"), ["nameToBeUsed":"eotTypeCmb", "index":0], STOP_ON_FAILURE): Call Test Case 'Test Cases/PFI Precision and Scale/PFI Components/RequiredFieldValidation' successfully

2020-05-29 23:35:28 - [TEST_CASE][PASSED] - Test Cases/PFI Precision and Scale/PFI Components/RequiredFieldValidation: Test Cases/PFI Precision and Scale/PFI Components/RequiredFieldValidation

2020-05-29 23:35:28 - [TEST_STEP][PASSED] - enableSmartWait(): null

2020-05-29 23:35:28 - [TEST_STEP][PASSED] - NewInputNmField = modifyObjectProperty(findTestObject("Objects.HighlightElements/input_field"), "name", "equals", nameToBeUsed, true): Modify property of object successfully

2020-05-29 23:35:28 - [MESSAGE][PASSED] - Modify property of object successfully

2020-05-29 23:35:28 - [TEST_STEP][PASSED] - mouseOver(NewInputNmField): Object: 'Object Repository/Objects.HighlightElements/input_field' is hovered

2020-05-29 23:35:29 - [MESSAGE][PASSED] - Object: 'Object Repository/Objects.HighlightElements/input_field' is hovered

2020-05-29 23:35:29 - [TEST_STEP][PASSED] - getRqErrMsg = getAttribute(NewInputNmField, "data-errorqtip"): Attribute 'data-errorqtip' of object 'Object Repository/Objects.HighlightElements/input_field' is: '<ul class="x-list-plain"><li>This field is required</li></ul>'

2020-05-29 23:35:29 - [MESSAGE][PASSED] - Attribute 'data-errorqtip' of object 'Object Repository/Objects.HighlightElements/input_field' is: '<ul class="x-list-plain"><li>This field is required</li></ul>'

2020-05-29 23:35:29 - [TEST_STEP][PASSED] - strToolTip = getRqErrMsg.substring(29, 61): null

2020-05-29 23:35:29 - [TEST_STEP][PASSED] - toolTipReqErrMsg = strToolTip.substring(0, 22): null

2020-05-29 23:35:29 - [TEST_STEP][PASSED] - verifyMatch(toolTipReqErrMsg, RqField, true): Actual text 'This field is required' and expected text 'This field is required' are matched  using regular expression

2020-05-29 23:35:29 - [MESSAGE][PASSED] - Actual text 'This field is required' and expected text 'This field is required' are matched  using regular expression

2020-05-29 23:35:29 - [MESSAGE][PASSED] - Call Test Case 'Test Cases/PFI Precision and Scale/PFI Components/RequiredFieldValidation' successfully

2020-05-29 23:35:29 - [TEST_STEP][PASSED] - callTestCase(findTestCase("PFI Precision and Scale/PFI Components/RequiredFieldValidation"), ["nameToBeUsed":"eotFromDate", "index":0], STOP_ON_FAILURE): Call Test Case 'Test Cases/PFI Precision and Scale/PFI Components/RequiredFieldValidation' successfully

2020-05-29 23:35:29 - [TEST_CASE][PASSED] - Test Cases/PFI Precision and Scale/PFI Components/RequiredFieldValidation: Test Cases/PFI Precision and Scale/PFI Components/RequiredFieldValidation

2020-05-29 23:35:29 - [TEST_STEP][PASSED] - enableSmartWait(): null

2020-05-29 23:35:29 - [TEST_STEP][PASSED] - NewInputNmField = modifyObjectProperty(findTestObject("Objects.HighlightElements/input_field"), "name", "equals", nameToBeUsed, true): Modify property of object successfully

2020-05-29 23:35:29 - [MESSAGE][PASSED] - Modify property of object successfully

2020-05-29 23:35:29 - [TEST_STEP][PASSED] - mouseOver(NewInputNmField): Object: 'Object Repository/Objects.HighlightElements/input_field' is hovered

2020-05-29 23:35:30 - [MESSAGE][PASSED] - Object: 'Object Repository/Objects.HighlightElements/input_field' is hovered

2020-05-29 23:35:30 - [TEST_STEP][PASSED] - getRqErrMsg = getAttribute(NewInputNmField, "data-errorqtip"): Attribute 'data-errorqtip' of object 'Object Repository/Objects.HighlightElements/input_field' is: '<ul class="x-list-plain"><li>This field is required</li></ul>'

2020-05-29 23:35:30 - [MESSAGE][PASSED] - Attribute 'data-errorqtip' of object 'Object Repository/Objects.HighlightElements/input_field' is: '<ul class="x-list-plain"><li>This field is required</li></ul>'

2020-05-29 23:35:30 - [TEST_STEP][PASSED] - strToolTip = getRqErrMsg.substring(29, 61): null

2020-05-29 23:35:30 - [TEST_STEP][PASSED] - toolTipReqErrMsg = strToolTip.substring(0, 22): null

2020-05-29 23:35:30 - [TEST_STEP][PASSED] - verifyMatch(toolTipReqErrMsg, RqField, true): Actual text 'This field is required' and expected text 'This field is required' are matched  using regular expression

2020-05-29 23:35:30 - [MESSAGE][PASSED] - Actual text 'This field is required' and expected text 'This field is required' are matched  using regular expression

2020-05-29 23:35:30 - [MESSAGE][PASSED] - Call Test Case 'Test Cases/PFI Precision and Scale/PFI Components/RequiredFieldValidation' successfully

2020-05-29 23:35:30 - [TEST_STEP][PASSED] - callTestCase(findTestCase("PFI Precision and Scale/PFI Components/RequiredFieldValidation"), ["nameToBeUsed":"eotToDate", "index":0], STOP_ON_FAILURE): Call Test Case 'Test Cases/PFI Precision and Scale/PFI Components/RequiredFieldValidation' successfully

2020-05-29 23:35:30 - [TEST_CASE][PASSED] - Test Cases/PFI Precision and Scale/PFI Components/RequiredFieldValidation: Test Cases/PFI Precision and Scale/PFI Components/RequiredFieldValidation

2020-05-29 23:35:30 - [TEST_STEP][PASSED] - enableSmartWait(): null

2020-05-29 23:35:30 - [TEST_STEP][PASSED] - NewInputNmField = modifyObjectProperty(findTestObject("Objects.HighlightElements/input_field"), "name", "equals", nameToBeUsed, true): Modify property of object successfully

2020-05-29 23:35:30 - [MESSAGE][PASSED] - Modify property of object successfully

2020-05-29 23:35:30 - [TEST_STEP][PASSED] - mouseOver(NewInputNmField): Object: 'Object Repository/Objects.HighlightElements/input_field' is hovered

2020-05-29 23:35:31 - [MESSAGE][PASSED] - Object: 'Object Repository/Objects.HighlightElements/input_field' is hovered

2020-05-29 23:35:31 - [TEST_STEP][PASSED] - getRqErrMsg = getAttribute(NewInputNmField, "data-errorqtip"): Attribute 'data-errorqtip' of object 'Object Repository/Objects.HighlightElements/input_field' is: '<ul class="x-list-plain"><li>This field is required</li></ul>'

2020-05-29 23:35:31 - [MESSAGE][PASSED] - Attribute 'data-errorqtip' of object 'Object Repository/Objects.HighlightElements/input_field' is: '<ul class="x-list-plain"><li>This field is required</li></ul>'

2020-05-29 23:35:31 - [TEST_STEP][PASSED] - strToolTip = getRqErrMsg.substring(29, 61): null

2020-05-29 23:35:31 - [TEST_STEP][PASSED] - toolTipReqErrMsg = strToolTip.substring(0, 22): null

2020-05-29 23:35:31 - [TEST_STEP][PASSED] - verifyMatch(toolTipReqErrMsg, RqField, true): Actual text 'This field is required' and expected text 'This field is required' are matched  using regular expression

2020-05-29 23:35:31 - [MESSAGE][PASSED] - Actual text 'This field is required' and expected text 'This field is required' are matched  using regular expression

2020-05-29 23:35:31 - [MESSAGE][PASSED] - Call Test Case 'Test Cases/PFI Precision and Scale/PFI Components/RequiredFieldValidation' successfully

2020-05-29 23:35:31 - [TEST_STEP][PASSED] - callTestCase(findTestCase("PFI Precision and Scale/PFI Components/RequiredFieldValidation"), ["nameToBeUsed":"remarks", "index":0], STOP_ON_FAILURE): Call Test Case 'Test Cases/PFI Precision and Scale/PFI Components/RequiredFieldValidation' successfully

2020-05-29 23:35:31 - [TEST_CASE][PASSED] - Test Cases/PFI Precision and Scale/PFI Components/RequiredFieldValidation: Test Cases/PFI Precision and Scale/PFI Components/RequiredFieldValidation

2020-05-29 23:35:31 - [TEST_STEP][PASSED] - enableSmartWait(): null

2020-05-29 23:35:31 - [TEST_STEP][PASSED] - NewInputNmField = modifyObjectProperty(findTestObject("Objects.HighlightElements/input_field"), "name", "equals", nameToBeUsed, true): Modify property of object successfully

2020-05-29 23:35:31 - [MESSAGE][PASSED] - Modify property of object successfully

2020-05-29 23:35:31 - [TEST_STEP][PASSED] - mouseOver(NewInputNmField): Object: 'Object Repository/Objects.HighlightElements/input_field' is hovered

2020-05-29 23:35:32 - [MESSAGE][PASSED] - Object: 'Object Repository/Objects.HighlightElements/input_field' is hovered

2020-05-29 23:35:32 - [TEST_STEP][PASSED] - getRqErrMsg = getAttribute(NewInputNmField, "data-errorqtip"): Attribute 'data-errorqtip' of object 'Object Repository/Objects.HighlightElements/input_field' is: '<ul class="x-list-plain"><li>This field is required</li></ul>'

2020-05-29 23:35:32 - [MESSAGE][PASSED] - Attribute 'data-errorqtip' of object 'Object Repository/Objects.HighlightElements/input_field' is: '<ul class="x-list-plain"><li>This field is required</li></ul>'

2020-05-29 23:35:32 - [TEST_STEP][PASSED] - strToolTip = getRqErrMsg.substring(29, 61): null

2020-05-29 23:35:32 - [TEST_STEP][PASSED] - toolTipReqErrMsg = strToolTip.substring(0, 22): null

2020-05-29 23:35:32 - [TEST_STEP][PASSED] - verifyMatch(toolTipReqErrMsg, RqField, true): Actual text 'This field is required' and expected text 'This field is required' are matched  using regular expression

2020-05-29 23:35:32 - [MESSAGE][PASSED] - Actual text 'This field is required' and expected text 'This field is required' are matched  using regular expression

2020-05-29 23:35:32 - [MESSAGE][PASSED] - Call Test Case 'Test Cases/PFI Precision and Scale/PFI Components/RequiredFieldValidation' successfully

2020-05-29 23:35:32 - [TEST_STEP][NOT_RUN] - callTestCase(findTestCase("Components/Logout"), ["LogoutPageTextToBeVerified":findTestData("Datatable").getValue("HomeBanner", 1)], STOP_ON_FAILURE): NOT_RUN: callTestCase(findTestCase("Components/Logout"), ["LogoutPageTextToBeVerified":findTestData("Datatable").getValue("HomeBanner", 1)], STOP_ON_FAILURE)

2020-05-29 23:35:32 - [MESSAGE][NOT_RUN] - NOT_RUN: callTestCase(findTestCase("Components/Logout"), ["LogoutPageTextToBeVerified":findTestData("Datatable").getValue("HomeBanner", 1)], STOP_ON_FAILURE)]]></system-out>
         <system-err><![CDATA[]]></system-err>
      </testcase>
      <testcase name="Test Cases/PFI Precision and Scale/PFI Test Cases/PFI.PELHS" time="206.171" classname="Test Cases/PFI Precision and Scale/PFI Test Cases/PFI.PELHS" status="PASSED">
         <system-out><![CDATA[2020-05-29 23:35:32 - [TEST_CASE][PASSED] - Test Cases/PFI Precision and Scale/PFI Test Cases/PFI.PELHS: Test Cases/PFI Precision and Scale/PFI Test Cases/PFI.PELHS

2020-05-29 23:35:32 - [TEST_STEP][NOT_RUN] - callTestCase(findTestCase("Components/LoginV2.0"), ["LinkToBeUsed":findTestData("Datatable").getValue("URL", 16), "LoginPageTextToBeVerified":findTestData("Datatable").getValue("HomeBanner", 2), ... ], STOP_ON_FAILURE): NOT_RUN: callTestCase(findTestCase("Components/LoginV2.0"), ["LinkToBeUsed":findTestData("Datatable").getValue("URL", 16), "LoginPageTextToBeVerified":findTestData("Datatable").getValue("HomeBanner", 2), ... ], STOP_ON_FAILURE)

2020-05-29 23:35:32 - [MESSAGE][NOT_RUN] - NOT_RUN: callTestCase(findTestCase("Components/LoginV2.0"), ["LinkToBeUsed":findTestData("Datatable").getValue("URL", 16), "LoginPageTextToBeVerified":findTestData("Datatable").getValue("HomeBanner", 2), ... ], STOP_ON_FAILURE)

2020-05-29 23:35:32 - [TEST_STEP][NOT_RUN] - callTestCase(findTestCase("Components/Filter"), ["taskDescription":"Process Case (SM)"], STOP_ON_FAILURE): NOT_RUN: callTestCase(findTestCase("Components/Filter"), ["taskDescription":"Process Case (SM)"], STOP_ON_FAILURE)

2020-05-29 23:35:32 - [MESSAGE][NOT_RUN] - NOT_RUN: callTestCase(findTestCase("Components/Filter"), ["taskDescription":"Process Case (SM)"], STOP_ON_FAILURE)

2020-05-29 23:35:32 - [TEST_STEP][NOT_RUN] - callTestCase(findTestCase("Components/ClickLinkDependingOnTextAndIndex"), ["linkName":"Process Case (SM)", "index":"5"], STOP_ON_FAILURE): NOT_RUN: callTestCase(findTestCase("Components/ClickLinkDependingOnTextAndIndex"), ["linkName":"Process Case (SM)", "index":"5"], STOP_ON_FAILURE)

2020-05-29 23:35:32 - [MESSAGE][NOT_RUN] - NOT_RUN: callTestCase(findTestCase("Components/ClickLinkDependingOnTextAndIndex"), ["linkName":"Process Case (SM)", "index":"5"], STOP_ON_FAILURE)

2020-05-29 23:35:32 - [TEST_STEP][PASSED] - callTestCase(findTestCase("Components/NavigateToAnyLHS"), ["LHS":"PE"], STOP_ON_FAILURE): Call Test Case 'Test Cases/Components/NavigateToAnyLHS' successfully

2020-05-29 23:35:32 - [TEST_CASE][PASSED] - Test Cases/Components/NavigateToAnyLHS: Test Cases/Components/NavigateToAnyLHS

2020-05-29 23:35:32 - [TEST_STEP][PASSED] - Thread.sleep(1000): null

2020-05-29 23:35:33 - [TEST_STEP][PASSED] - modifiedLHS = modifyObjectProperty(findTestObject("Objects.NavigateToAnyLHS/Page_ISPS2/LHSToModify"), "text", "equals", LHS, true): Modify property of object successfully

2020-05-29 23:35:33 - [MESSAGE][PASSED] - Modify property of object successfully

2020-05-29 23:35:33 - [TEST_STEP][PASSED] - click(modifiedLHS): Object: 'Object Repository/Objects.NavigateToAnyLHS/Page_ISPS2/LHSToModify' is clicked on

2020-05-29 23:35:34 - [MESSAGE][PASSED] - Object: 'Object Repository/Objects.NavigateToAnyLHS/Page_ISPS2/LHSToModify' is clicked on

2020-05-29 23:35:34 - [TEST_STEP][PASSED] - currentLHS = getText(modifiedLHS): Text of object 'Object Repository/Objects.NavigateToAnyLHS/Page_ISPS2/LHSToModify' is: 'PE'

2020-05-29 23:35:35 - [MESSAGE][PASSED] - Text of object 'Object Repository/Objects.NavigateToAnyLHS/Page_ISPS2/LHSToModify' is: 'PE'

2020-05-29 23:35:35 - [TEST_STEP][PASSED] - Thread.sleep(5000): null

2020-05-29 23:35:40 - [MESSAGE][PASSED] - Call Test Case 'Test Cases/Components/NavigateToAnyLHS' successfully

2020-05-29 23:35:40 - [TEST_STEP][PASSED] - callTestCase(findTestCase("Components/VerifyPageSuccessfullyLoadedII"), ["PageNm":"PE"], STOP_ON_FAILURE): Call Test Case 'Test Cases/Components/VerifyPageSuccessfullyLoadedII' successfully

2020-05-29 23:35:40 - [TEST_CASE][PASSED] - Test Cases/Components/VerifyPageSuccessfullyLoadedII: Test Cases/Components/VerifyPageSuccessfullyLoadedII

2020-05-29 23:35:40 - [TEST_STEP][PASSED] - Thread.sleep(1000): null

2020-05-29 23:35:41 - [TEST_STEP][PASSED] - modifiedInputFld = modifyObjectProperty(findTestObject("Object Repository/Objects.VerifyPageSuccessfullyLoaded/PageHeaderIndex"), "xpath", "equals", "//*[contains(@class,'isps-page-title') and (text()='" + PageNm + "')]", true): Modify property of object successfully

2020-05-29 23:35:41 - [MESSAGE][PASSED] - Modify property of object successfully

2020-05-29 23:35:41 - [TEST_STEP][PASSED] - com.reusableComponents.HighlightElement.run(modifiedInputFld): com.reusableComponents.HighlightElement.run is PASSED

2020-05-29 23:35:41 - [MESSAGE][PASSED] - com.reusableComponents.HighlightElement.run is PASSED

2020-05-29 23:35:41 - [MESSAGE][PASSED] - Call Test Case 'Test Cases/Components/VerifyPageSuccessfullyLoadedII' successfully

2020-05-29 23:35:41 - [TEST_STEP][PASSED] - callTestCase(findTestCase("Components/DoubleClickToEnable"), ["HeaderCellName":"Registration No", "index":2], STOP_ON_FAILURE): Call Test Case 'Test Cases/Components/DoubleClickToEnable' successfully

2020-05-29 23:35:42 - [TEST_CASE][PASSED] - Test Cases/Components/DoubleClickToEnable: Test Cases/Components/DoubleClickToEnable

2020-05-29 23:35:42 - [TEST_STEP][PASSED] - Thread.sleep(1000): null

2020-05-29 23:35:43 - [TEST_STEP][PASSED] - modifiedInputField = modifyObjectProperty(findTestObject("Object Repository/Objects.HighlightElements/input_field_index"), "xpath", "equals", "//*[text()='" + HeaderCellName + "']//following::td[" + index + "]", true): Modify property of object successfully

2020-05-29 23:35:43 - [MESSAGE][PASSED] - Modify property of object successfully

2020-05-29 23:35:43 - [TEST_STEP][PASSED] - doubleClick(modifiedInputField): Object: 'Object Repository/Objects.HighlightElements/input_field_index' is double clicked on

2020-05-29 23:35:43 - [MESSAGE][PASSED] - Object: 'Object Repository/Objects.HighlightElements/input_field_index' is double clicked on

2020-05-29 23:35:43 - [MESSAGE][PASSED] - Call Test Case 'Test Cases/Components/DoubleClickToEnable' successfully

2020-05-29 23:35:43 - [TEST_STEP][PASSED] - callTestCase(findTestCase("Components/HighlightInputField"), ["InputFldName":"peRegNo"], STOP_ON_FAILURE): Call Test Case 'Test Cases/Components/HighlightInputField' successfully

2020-05-29 23:35:43 - [TEST_CASE][PASSED] - Test Cases/Components/HighlightInputField: Test Cases/Components/HighlightInputField

2020-05-29 23:35:43 - [TEST_STEP][PASSED] - Thread.sleep(1000): null

2020-05-29 23:35:44 - [TEST_STEP][PASSED] - modifiedLblNm = modifyObjectProperty(findTestObject("Objects.HighlightElements/input_field"), "name", "equals", InputFldName, true): Modify property of object successfully

2020-05-29 23:35:44 - [MESSAGE][PASSED] - Modify property of object successfully

2020-05-29 23:35:44 - [TEST_STEP][PASSED] - com.reusableComponents.HighlightElement.run(modifiedLblNm): com.reusableComponents.HighlightElement.run is PASSED

2020-05-29 23:35:45 - [MESSAGE][PASSED] - com.reusableComponents.HighlightElement.run is PASSED

2020-05-29 23:35:45 - [MESSAGE][PASSED] - Call Test Case 'Test Cases/Components/HighlightInputField' successfully

2020-05-29 23:35:45 - [TEST_STEP][PASSED] - callTestCase(findTestCase("Components/SelectAllThenDelete"), ["tagToBeUsed":"*", "nameToBeUsed":"peRegNo"], STOP_ON_FAILURE): Call Test Case 'Test Cases/Components/SelectAllThenDelete' successfully

2020-05-29 23:35:45 - [TEST_CASE][PASSED] - Test Cases/Components/SelectAllThenDelete: Test Cases/Components/SelectAllThenDelete

2020-05-29 23:35:45 - [TEST_STEP][PASSED] - Thread.sleep(1000): null

2020-05-29 23:35:46 - [TEST_STEP][PASSED] - firstModification = modifyObjectProperty(findTestObject("SendKey/object"), "tag", "equals", tagToBeUsed, false): Modify property of object successfully

2020-05-29 23:35:46 - [MESSAGE][PASSED] - Modify property of object successfully

2020-05-29 23:35:46 - [TEST_STEP][PASSED] - secondModification = modifyObjectProperty(firstModification, "name", "equals", nameToBeUsed, true): Modify property of object successfully

2020-05-29 23:35:46 - [MESSAGE][PASSED] - Modify property of object successfully

2020-05-29 23:35:46 - [TEST_STEP][PASSED] - sendKeys(secondModification, Keys.chord(CONTROL, "a")): Keys 'CONTROL + a' sent to object: 'Object Repository/SendKey/object'

2020-05-29 23:35:46 - [MESSAGE][PASSED] - Keys 'CONTROL + a' sent to object: 'Object Repository/SendKey/object'

2020-05-29 23:35:46 - [TEST_STEP][PASSED] - sendKeys(secondModification, Keys.chord(DELETE)): Keys 'DELETE + ' sent to object: 'Object Repository/SendKey/object'

2020-05-29 23:35:47 - [MESSAGE][PASSED] - Keys 'DELETE + ' sent to object: 'Object Repository/SendKey/object'

2020-05-29 23:35:47 - [MESSAGE][PASSED] - Call Test Case 'Test Cases/Components/SelectAllThenDelete' successfully

2020-05-29 23:35:47 - [TEST_STEP][PASSED] - callTestCase(findTestCase("PFI Precision and Scale/PFI Components/VerifyDropdownValues"), ["FldNm":"peRegNo", "CallTCName":"PFI Precision and Scale/HashMap Tables/PELists", "cmbNm":"PENo", "NoOfVal":10, "DelayTime":8, ... ], STOP_ON_FAILURE): Call Test Case 'Test Cases/PFI Precision and Scale/PFI Components/VerifyDropdownValues' successfully

2020-05-29 23:35:47 - [TEST_CASE][PASSED] - Test Cases/PFI Precision and Scale/PFI Components/VerifyDropdownValues: Test Cases/PFI Precision and Scale/PFI Components/VerifyDropdownValues

2020-05-29 23:35:47 - [TEST_STEP][PASSED] - Thread.sleep(1000): null

2020-05-29 23:35:48 - [TEST_STEP][PASSED] - NewInputNmField = modifyObjectProperty(findTestObject("Objects.HighlightElements/input_field"), "name", "equals", FldNm, true): Modify property of object successfully

2020-05-29 23:35:48 - [MESSAGE][PASSED] - Modify property of object successfully

2020-05-29 23:35:48 - [TEST_STEP][PASSED] - comboNm = cmbNm: null

2020-05-29 23:35:48 - [TEST_STEP][PASSED] - focus(NewInputNmField): Object: 'Object Repository/Objects.HighlightElements/input_field' is focused

2020-05-29 23:35:48 - [MESSAGE][PASSED] - Object: 'Object Repository/Objects.HighlightElements/input_field' is focused

2020-05-29 23:35:48 - [TEST_STEP][PASSED] - setText(NewInputNmField, EnterValue): Text '' is set on object 'Object Repository/Objects.HighlightElements/input_field'

2020-05-29 23:35:48 - [MESSAGE][PASSED] - Text '' is set on object 'Object Repository/Objects.HighlightElements/input_field'

2020-05-29 23:35:48 - [TEST_STEP][PASSED] - for ([i = 1, i <= NoOfVal, (i++)]): Keys 'DOWN + ' sent to object: 'Object Repository/Objects.HighlightElements/input_field'

2020-05-29 23:35:48 - [TEST_STEP][PASSED] - sendKeys(NewInputNmField, Keys.chord(ARROW_DOWN)): Keys 'DOWN + ' sent to object: 'Object Repository/Objects.HighlightElements/input_field'

2020-05-29 23:35:49 - [MESSAGE][PASSED] - Keys 'DOWN + ' sent to object: 'Object Repository/Objects.HighlightElements/input_field'

2020-05-29 23:35:49 - [TEST_STEP][PASSED] - delay(DelayTime): Delayed 8 second(s)

2020-05-29 23:35:57 - [MESSAGE][PASSED] - Delayed 8 second(s)

2020-05-29 23:35:57 - [TEST_STEP][PASSED] - sendKeys(NewInputNmField, Keys.chord(ENTER)): Keys 'ENTER + ' sent to object: 'Object Repository/Objects.HighlightElements/input_field'

2020-05-29 23:35:57 - [MESSAGE][PASSED] - Keys 'ENTER + ' sent to object: 'Object Repository/Objects.HighlightElements/input_field'

2020-05-29 23:35:57 - [TEST_STEP][PASSED] - ComboBoxValue = getAttribute(NewInputNmField, "value"): Attribute 'value' of object 'Object Repository/Objects.HighlightElements/input_field' is: '1123'

2020-05-29 23:35:57 - [MESSAGE][PASSED] - Attribute 'value' of object 'Object Repository/Objects.HighlightElements/input_field' is: '1123'

2020-05-29 23:35:57 - [TEST_STEP][PASSED] - callTestCase(findTestCase(CallTCName), ["FindValue":ComboBoxValue, "DropdownNm":comboNm], STOP_ON_FAILURE): Call Test Case 'Test Cases/PFI Precision and Scale/HashMap Tables/PELists' successfully

2020-05-29 23:35:57 - [TEST_CASE][PASSED] - Test Cases/PFI Precision and Scale/HashMap Tables/PELists: Test Cases/PFI Precision and Scale/HashMap Tables/PELists

2020-05-29 23:35:58 - [TEST_STEP][PASSED] - Thread.sleep(1000): null

2020-05-29 23:35:59 - [TEST_STEP][PASSED] - PEListsTBL = ["0011":"QP-Formatted Address", "0012":"QP-0012", "0014":"QP-0014", "0015":"QP-0015", "0016":"QP-0016", "3214":"Dummy QP Name 3861", ... ]: null

2020-05-29 23:35:59 - [TEST_STEP][PASSED] - switch (DropdownNm): null

2020-05-29 23:35:59 - [TEST_STEP][PASSED] - case "PENo":: null

2020-05-29 23:35:59 - [TEST_STEP][PASSED] - ValueFound = FindValue + " (" + get(FindValue).toString() + ")": null

2020-05-29 23:35:59 - [TEST_STEP][PASSED] - break: null

2020-05-29 23:35:59 - [MESSAGE][PASSED] - Call Test Case 'Test Cases/PFI Precision and Scale/HashMap Tables/PELists' successfully

2020-05-29 23:35:59 - [TEST_STEP][PASSED] - println(ValueFound): null

2020-05-29 23:35:59 - [TEST_STEP][PASSED] - sendKeys(NewInputNmField, Keys.chord(ARROW_DOWN)): Keys 'DOWN + ' sent to object: 'Object Repository/Objects.HighlightElements/input_field'

2020-05-29 23:35:59 - [MESSAGE][PASSED] - Keys 'DOWN + ' sent to object: 'Object Repository/Objects.HighlightElements/input_field'

2020-05-29 23:35:59 - [TEST_STEP][PASSED] - sendKeys(NewInputNmField, Keys.chord(ARROW_DOWN)): Keys 'DOWN + ' sent to object: 'Object Repository/Objects.HighlightElements/input_field'

2020-05-29 23:35:59 - [MESSAGE][PASSED] - Keys 'DOWN + ' sent to object: 'Object Repository/Objects.HighlightElements/input_field'

2020-05-29 23:35:59 - [TEST_STEP][PASSED] - delay(DelayTime): Delayed 8 second(s)

2020-05-29 23:36:07 - [MESSAGE][PASSED] - Delayed 8 second(s)

2020-05-29 23:36:07 - [TEST_STEP][PASSED] - sendKeys(NewInputNmField, Keys.chord(ENTER)): Keys 'ENTER + ' sent to object: 'Object Repository/Objects.HighlightElements/input_field'

2020-05-29 23:36:08 - [MESSAGE][PASSED] - Keys 'ENTER + ' sent to object: 'Object Repository/Objects.HighlightElements/input_field'

2020-05-29 23:36:08 - [TEST_STEP][PASSED] - ComboBoxValue = getAttribute(NewInputNmField, "value"): Attribute 'value' of object 'Object Repository/Objects.HighlightElements/input_field' is: '0017'

2020-05-29 23:36:08 - [MESSAGE][PASSED] - Attribute 'value' of object 'Object Repository/Objects.HighlightElements/input_field' is: '0017'

2020-05-29 23:36:08 - [TEST_STEP][PASSED] - callTestCase(findTestCase(CallTCName), ["FindValue":ComboBoxValue, "DropdownNm":comboNm], STOP_ON_FAILURE): Call Test Case 'Test Cases/PFI Precision and Scale/HashMap Tables/PELists' successfully

2020-05-29 23:36:08 - [TEST_CASE][PASSED] - Test Cases/PFI Precision and Scale/HashMap Tables/PELists: Test Cases/PFI Precision and Scale/HashMap Tables/PELists

2020-05-29 23:36:08 - [TEST_STEP][PASSED] - Thread.sleep(1000): null

2020-05-29 23:36:09 - [TEST_STEP][PASSED] - PEListsTBL = ["0011":"QP-Formatted Address", "0012":"QP-0012", "0014":"QP-0014", "0015":"QP-0015", "0016":"QP-0016", "3214":"Dummy QP Name 3861", ... ]: null

2020-05-29 23:36:09 - [TEST_STEP][PASSED] - switch (DropdownNm): null

2020-05-29 23:36:09 - [TEST_STEP][PASSED] - case "PENo":: null

2020-05-29 23:36:09 - [TEST_STEP][PASSED] - ValueFound = FindValue + " (" + get(FindValue).toString() + ")": null

2020-05-29 23:36:09 - [TEST_STEP][PASSED] - break: null

2020-05-29 23:36:09 - [MESSAGE][PASSED] - Call Test Case 'Test Cases/PFI Precision and Scale/HashMap Tables/PELists' successfully

2020-05-29 23:36:09 - [TEST_STEP][PASSED] - println(ValueFound): null

2020-05-29 23:36:09 - [TEST_STEP][PASSED] - sendKeys(NewInputNmField, Keys.chord(ARROW_DOWN)): Keys 'DOWN + ' sent to object: 'Object Repository/Objects.HighlightElements/input_field'

2020-05-29 23:36:09 - [MESSAGE][PASSED] - Keys 'DOWN + ' sent to object: 'Object Repository/Objects.HighlightElements/input_field'

2020-05-29 23:36:09 - [TEST_STEP][PASSED] - sendKeys(NewInputNmField, Keys.chord(ARROW_DOWN)): Keys 'DOWN + ' sent to object: 'Object Repository/Objects.HighlightElements/input_field'

2020-05-29 23:36:10 - [MESSAGE][PASSED] - Keys 'DOWN + ' sent to object: 'Object Repository/Objects.HighlightElements/input_field'

2020-05-29 23:36:10 - [TEST_STEP][PASSED] - delay(DelayTime): Delayed 8 second(s)

2020-05-29 23:36:18 - [MESSAGE][PASSED] - Delayed 8 second(s)

2020-05-29 23:36:18 - [TEST_STEP][PASSED] - sendKeys(NewInputNmField, Keys.chord(ENTER)): Keys 'ENTER + ' sent to object: 'Object Repository/Objects.HighlightElements/input_field'

2020-05-29 23:36:18 - [MESSAGE][PASSED] - Keys 'ENTER + ' sent to object: 'Object Repository/Objects.HighlightElements/input_field'

2020-05-29 23:36:18 - [TEST_STEP][PASSED] - ComboBoxValue = getAttribute(NewInputNmField, "value"): Attribute 'value' of object 'Object Repository/Objects.HighlightElements/input_field' is: '0017'

2020-05-29 23:36:18 - [MESSAGE][PASSED] - Attribute 'value' of object 'Object Repository/Objects.HighlightElements/input_field' is: '0017'

2020-05-29 23:36:18 - [TEST_STEP][PASSED] - callTestCase(findTestCase(CallTCName), ["FindValue":ComboBoxValue, "DropdownNm":comboNm], STOP_ON_FAILURE): Call Test Case 'Test Cases/PFI Precision and Scale/HashMap Tables/PELists' successfully

2020-05-29 23:36:18 - [TEST_CASE][PASSED] - Test Cases/PFI Precision and Scale/HashMap Tables/PELists: Test Cases/PFI Precision and Scale/HashMap Tables/PELists

2020-05-29 23:36:18 - [TEST_STEP][PASSED] - Thread.sleep(1000): null

2020-05-29 23:36:19 - [TEST_STEP][PASSED] - PEListsTBL = ["0011":"QP-Formatted Address", "0012":"QP-0012", "0014":"QP-0014", "0015":"QP-0015", "0016":"QP-0016", "3214":"Dummy QP Name 3861", ... ]: null

2020-05-29 23:36:19 - [TEST_STEP][PASSED] - switch (DropdownNm): null

2020-05-29 23:36:19 - [TEST_STEP][PASSED] - case "PENo":: null

2020-05-29 23:36:19 - [TEST_STEP][PASSED] - ValueFound = FindValue + " (" + get(FindValue).toString() + ")": null

2020-05-29 23:36:19 - [TEST_STEP][PASSED] - break: null

2020-05-29 23:36:19 - [MESSAGE][PASSED] - Call Test Case 'Test Cases/PFI Precision and Scale/HashMap Tables/PELists' successfully

2020-05-29 23:36:19 - [TEST_STEP][PASSED] - println(ValueFound): null

2020-05-29 23:36:19 - [TEST_STEP][PASSED] - sendKeys(NewInputNmField, Keys.chord(ARROW_DOWN)): Keys 'DOWN + ' sent to object: 'Object Repository/Objects.HighlightElements/input_field'

2020-05-29 23:36:20 - [MESSAGE][PASSED] - Keys 'DOWN + ' sent to object: 'Object Repository/Objects.HighlightElements/input_field'

2020-05-29 23:36:20 - [TEST_STEP][PASSED] - sendKeys(NewInputNmField, Keys.chord(ARROW_DOWN)): Keys 'DOWN + ' sent to object: 'Object Repository/Objects.HighlightElements/input_field'

2020-05-29 23:36:20 - [MESSAGE][PASSED] - Keys 'DOWN + ' sent to object: 'Object Repository/Objects.HighlightElements/input_field'

2020-05-29 23:36:20 - [TEST_STEP][PASSED] - delay(DelayTime): Delayed 8 second(s)

2020-05-29 23:36:28 - [MESSAGE][PASSED] - Delayed 8 second(s)

2020-05-29 23:36:28 - [TEST_STEP][PASSED] - sendKeys(NewInputNmField, Keys.chord(ENTER)): Keys 'ENTER + ' sent to object: 'Object Repository/Objects.HighlightElements/input_field'

2020-05-29 23:36:28 - [MESSAGE][PASSED] - Keys 'ENTER + ' sent to object: 'Object Repository/Objects.HighlightElements/input_field'

2020-05-29 23:36:28 - [TEST_STEP][PASSED] - ComboBoxValue = getAttribute(NewInputNmField, "value"): Attribute 'value' of object 'Object Repository/Objects.HighlightElements/input_field' is: '0017'

2020-05-29 23:36:29 - [MESSAGE][PASSED] - Attribute 'value' of object 'Object Repository/Objects.HighlightElements/input_field' is: '0017'

2020-05-29 23:36:29 - [TEST_STEP][PASSED] - callTestCase(findTestCase(CallTCName), ["FindValue":ComboBoxValue, "DropdownNm":comboNm], STOP_ON_FAILURE): Call Test Case 'Test Cases/PFI Precision and Scale/HashMap Tables/PELists' successfully

2020-05-29 23:36:29 - [TEST_CASE][PASSED] - Test Cases/PFI Precision and Scale/HashMap Tables/PELists: Test Cases/PFI Precision and Scale/HashMap Tables/PELists

2020-05-29 23:36:29 - [TEST_STEP][PASSED] - Thread.sleep(1000): null

2020-05-29 23:36:30 - [TEST_STEP][PASSED] - PEListsTBL = ["0011":"QP-Formatted Address", "0012":"QP-0012", "0014":"QP-0014", "0015":"QP-0015", "0016":"QP-0016", "3214":"Dummy QP Name 3861", ... ]: null

2020-05-29 23:36:30 - [TEST_STEP][PASSED] - switch (DropdownNm): null

2020-05-29 23:36:30 - [TEST_STEP][PASSED] - case "PENo":: null

2020-05-29 23:36:30 - [TEST_STEP][PASSED] - ValueFound = FindValue + " (" + get(FindValue).toString() + ")": null

2020-05-29 23:36:30 - [TEST_STEP][PASSED] - break: null

2020-05-29 23:36:30 - [MESSAGE][PASSED] - Call Test Case 'Test Cases/PFI Precision and Scale/HashMap Tables/PELists' successfully

2020-05-29 23:36:30 - [TEST_STEP][PASSED] - println(ValueFound): null

2020-05-29 23:36:30 - [TEST_STEP][PASSED] - sendKeys(NewInputNmField, Keys.chord(ARROW_DOWN)): Keys 'DOWN + ' sent to object: 'Object Repository/Objects.HighlightElements/input_field'

2020-05-29 23:36:30 - [MESSAGE][PASSED] - Keys 'DOWN + ' sent to object: 'Object Repository/Objects.HighlightElements/input_field'

2020-05-29 23:36:30 - [TEST_STEP][PASSED] - sendKeys(NewInputNmField, Keys.chord(ARROW_DOWN)): Keys 'DOWN + ' sent to object: 'Object Repository/Objects.HighlightElements/input_field'

2020-05-29 23:36:30 - [MESSAGE][PASSED] - Keys 'DOWN + ' sent to object: 'Object Repository/Objects.HighlightElements/input_field'

2020-05-29 23:36:30 - [TEST_STEP][PASSED] - delay(DelayTime): Delayed 8 second(s)

2020-05-29 23:36:38 - [MESSAGE][PASSED] - Delayed 8 second(s)

2020-05-29 23:36:38 - [TEST_STEP][PASSED] - sendKeys(NewInputNmField, Keys.chord(ENTER)): Keys 'ENTER + ' sent to object: 'Object Repository/Objects.HighlightElements/input_field'

2020-05-29 23:36:39 - [MESSAGE][PASSED] - Keys 'ENTER + ' sent to object: 'Object Repository/Objects.HighlightElements/input_field'

2020-05-29 23:36:39 - [TEST_STEP][PASSED] - ComboBoxValue = getAttribute(NewInputNmField, "value"): Attribute 'value' of object 'Object Repository/Objects.HighlightElements/input_field' is: '0017'

2020-05-29 23:36:39 - [MESSAGE][PASSED] - Attribute 'value' of object 'Object Repository/Objects.HighlightElements/input_field' is: '0017'

2020-05-29 23:36:39 - [TEST_STEP][PASSED] - callTestCase(findTestCase(CallTCName), ["FindValue":ComboBoxValue, "DropdownNm":comboNm], STOP_ON_FAILURE): Call Test Case 'Test Cases/PFI Precision and Scale/HashMap Tables/PELists' successfully

2020-05-29 23:36:39 - [TEST_CASE][PASSED] - Test Cases/PFI Precision and Scale/HashMap Tables/PELists: Test Cases/PFI Precision and Scale/HashMap Tables/PELists

2020-05-29 23:36:39 - [TEST_STEP][PASSED] - Thread.sleep(1000): null

2020-05-29 23:36:40 - [TEST_STEP][PASSED] - PEListsTBL = ["0011":"QP-Formatted Address", "0012":"QP-0012", "0014":"QP-0014", "0015":"QP-0015", "0016":"QP-0016", "3214":"Dummy QP Name 3861", ... ]: null

2020-05-29 23:36:40 - [TEST_STEP][PASSED] - switch (DropdownNm): null

2020-05-29 23:36:40 - [TEST_STEP][PASSED] - case "PENo":: null

2020-05-29 23:36:40 - [TEST_STEP][PASSED] - ValueFound = FindValue + " (" + get(FindValue).toString() + ")": null

2020-05-29 23:36:40 - [TEST_STEP][PASSED] - break: null

2020-05-29 23:36:40 - [MESSAGE][PASSED] - Call Test Case 'Test Cases/PFI Precision and Scale/HashMap Tables/PELists' successfully

2020-05-29 23:36:40 - [TEST_STEP][PASSED] - println(ValueFound): null

2020-05-29 23:36:40 - [TEST_STEP][PASSED] - sendKeys(NewInputNmField, Keys.chord(ARROW_DOWN)): Keys 'DOWN + ' sent to object: 'Object Repository/Objects.HighlightElements/input_field'

2020-05-29 23:36:40 - [MESSAGE][PASSED] - Keys 'DOWN + ' sent to object: 'Object Repository/Objects.HighlightElements/input_field'

2020-05-29 23:36:40 - [TEST_STEP][PASSED] - sendKeys(NewInputNmField, Keys.chord(ARROW_DOWN)): Keys 'DOWN + ' sent to object: 'Object Repository/Objects.HighlightElements/input_field'

2020-05-29 23:36:41 - [MESSAGE][PASSED] - Keys 'DOWN + ' sent to object: 'Object Repository/Objects.HighlightElements/input_field'

2020-05-29 23:36:41 - [TEST_STEP][PASSED] - delay(DelayTime): Delayed 8 second(s)

2020-05-29 23:36:49 - [MESSAGE][PASSED] - Delayed 8 second(s)

2020-05-29 23:36:49 - [TEST_STEP][PASSED] - sendKeys(NewInputNmField, Keys.chord(ENTER)): Keys 'ENTER + ' sent to object: 'Object Repository/Objects.HighlightElements/input_field'

2020-05-29 23:36:49 - [MESSAGE][PASSED] - Keys 'ENTER + ' sent to object: 'Object Repository/Objects.HighlightElements/input_field'

2020-05-29 23:36:49 - [TEST_STEP][PASSED] - ComboBoxValue = getAttribute(NewInputNmField, "value"): Attribute 'value' of object 'Object Repository/Objects.HighlightElements/input_field' is: '0017'

2020-05-29 23:36:49 - [MESSAGE][PASSED] - Attribute 'value' of object 'Object Repository/Objects.HighlightElements/input_field' is: '0017'

2020-05-29 23:36:49 - [TEST_STEP][PASSED] - callTestCase(findTestCase(CallTCName), ["FindValue":ComboBoxValue, "DropdownNm":comboNm], STOP_ON_FAILURE): Call Test Case 'Test Cases/PFI Precision and Scale/HashMap Tables/PELists' successfully

2020-05-29 23:36:49 - [TEST_CASE][PASSED] - Test Cases/PFI Precision and Scale/HashMap Tables/PELists: Test Cases/PFI Precision and Scale/HashMap Tables/PELists

2020-05-29 23:36:49 - [TEST_STEP][PASSED] - Thread.sleep(1000): null

2020-05-29 23:36:50 - [TEST_STEP][PASSED] - PEListsTBL = ["0011":"QP-Formatted Address", "0012":"QP-0012", "0014":"QP-0014", "0015":"QP-0015", "0016":"QP-0016", "3214":"Dummy QP Name 3861", ... ]: null

2020-05-29 23:36:50 - [TEST_STEP][PASSED] - switch (DropdownNm): null

2020-05-29 23:36:50 - [TEST_STEP][PASSED] - case "PENo":: null

2020-05-29 23:36:50 - [TEST_STEP][PASSED] - ValueFound = FindValue + " (" + get(FindValue).toString() + ")": null

2020-05-29 23:36:50 - [TEST_STEP][PASSED] - break: null

2020-05-29 23:36:50 - [MESSAGE][PASSED] - Call Test Case 'Test Cases/PFI Precision and Scale/HashMap Tables/PELists' successfully

2020-05-29 23:36:50 - [TEST_STEP][PASSED] - println(ValueFound): null

2020-05-29 23:36:50 - [TEST_STEP][PASSED] - sendKeys(NewInputNmField, Keys.chord(ARROW_DOWN)): Keys 'DOWN + ' sent to object: 'Object Repository/Objects.HighlightElements/input_field'

2020-05-29 23:36:51 - [MESSAGE][PASSED] - Keys 'DOWN + ' sent to object: 'Object Repository/Objects.HighlightElements/input_field'

2020-05-29 23:36:51 - [TEST_STEP][PASSED] - sendKeys(NewInputNmField, Keys.chord(ARROW_DOWN)): Keys 'DOWN + ' sent to object: 'Object Repository/Objects.HighlightElements/input_field'

2020-05-29 23:36:51 - [MESSAGE][PASSED] - Keys 'DOWN + ' sent to object: 'Object Repository/Objects.HighlightElements/input_field'

2020-05-29 23:36:51 - [TEST_STEP][PASSED] - delay(DelayTime): Delayed 8 second(s)

2020-05-29 23:36:59 - [MESSAGE][PASSED] - Delayed 8 second(s)

2020-05-29 23:36:59 - [TEST_STEP][PASSED] - sendKeys(NewInputNmField, Keys.chord(ENTER)): Keys 'ENTER + ' sent to object: 'Object Repository/Objects.HighlightElements/input_field'

2020-05-29 23:36:59 - [MESSAGE][PASSED] - Keys 'ENTER + ' sent to object: 'Object Repository/Objects.HighlightElements/input_field'

2020-05-29 23:36:59 - [TEST_STEP][PASSED] - ComboBoxValue = getAttribute(NewInputNmField, "value"): Attribute 'value' of object 'Object Repository/Objects.HighlightElements/input_field' is: '0017'

2020-05-29 23:37:00 - [MESSAGE][PASSED] - Attribute 'value' of object 'Object Repository/Objects.HighlightElements/input_field' is: '0017'

2020-05-29 23:37:00 - [TEST_STEP][PASSED] - callTestCase(findTestCase(CallTCName), ["FindValue":ComboBoxValue, "DropdownNm":comboNm], STOP_ON_FAILURE): Call Test Case 'Test Cases/PFI Precision and Scale/HashMap Tables/PELists' successfully

2020-05-29 23:37:00 - [TEST_CASE][PASSED] - Test Cases/PFI Precision and Scale/HashMap Tables/PELists: Test Cases/PFI Precision and Scale/HashMap Tables/PELists

2020-05-29 23:37:00 - [TEST_STEP][PASSED] - Thread.sleep(1000): null

2020-05-29 23:37:01 - [TEST_STEP][PASSED] - PEListsTBL = ["0011":"QP-Formatted Address", "0012":"QP-0012", "0014":"QP-0014", "0015":"QP-0015", "0016":"QP-0016", "3214":"Dummy QP Name 3861", ... ]: null

2020-05-29 23:37:01 - [TEST_STEP][PASSED] - switch (DropdownNm): null

2020-05-29 23:37:01 - [TEST_STEP][PASSED] - case "PENo":: null

2020-05-29 23:37:01 - [TEST_STEP][PASSED] - ValueFound = FindValue + " (" + get(FindValue).toString() + ")": null

2020-05-29 23:37:01 - [TEST_STEP][PASSED] - break: null

2020-05-29 23:37:01 - [MESSAGE][PASSED] - Call Test Case 'Test Cases/PFI Precision and Scale/HashMap Tables/PELists' successfully

2020-05-29 23:37:01 - [TEST_STEP][PASSED] - println(ValueFound): null

2020-05-29 23:37:01 - [TEST_STEP][PASSED] - sendKeys(NewInputNmField, Keys.chord(ARROW_DOWN)): Keys 'DOWN + ' sent to object: 'Object Repository/Objects.HighlightElements/input_field'

2020-05-29 23:37:01 - [MESSAGE][PASSED] - Keys 'DOWN + ' sent to object: 'Object Repository/Objects.HighlightElements/input_field'

2020-05-29 23:37:01 - [TEST_STEP][PASSED] - sendKeys(NewInputNmField, Keys.chord(ARROW_DOWN)): Keys 'DOWN + ' sent to object: 'Object Repository/Objects.HighlightElements/input_field'

2020-05-29 23:37:01 - [MESSAGE][PASSED] - Keys 'DOWN + ' sent to object: 'Object Repository/Objects.HighlightElements/input_field'

2020-05-29 23:37:01 - [TEST_STEP][PASSED] - delay(DelayTime): Delayed 8 second(s)

2020-05-29 23:37:09 - [MESSAGE][PASSED] - Delayed 8 second(s)

2020-05-29 23:37:09 - [TEST_STEP][PASSED] - sendKeys(NewInputNmField, Keys.chord(ENTER)): Keys 'ENTER + ' sent to object: 'Object Repository/Objects.HighlightElements/input_field'

2020-05-29 23:37:10 - [MESSAGE][PASSED] - Keys 'ENTER + ' sent to object: 'Object Repository/Objects.HighlightElements/input_field'

2020-05-29 23:37:10 - [TEST_STEP][PASSED] - ComboBoxValue = getAttribute(NewInputNmField, "value"): Attribute 'value' of object 'Object Repository/Objects.HighlightElements/input_field' is: '0017'

2020-05-29 23:37:10 - [MESSAGE][PASSED] - Attribute 'value' of object 'Object Repository/Objects.HighlightElements/input_field' is: '0017'

2020-05-29 23:37:10 - [TEST_STEP][PASSED] - callTestCase(findTestCase(CallTCName), ["FindValue":ComboBoxValue, "DropdownNm":comboNm], STOP_ON_FAILURE): Call Test Case 'Test Cases/PFI Precision and Scale/HashMap Tables/PELists' successfully

2020-05-29 23:37:10 - [TEST_CASE][PASSED] - Test Cases/PFI Precision and Scale/HashMap Tables/PELists: Test Cases/PFI Precision and Scale/HashMap Tables/PELists

2020-05-29 23:37:10 - [TEST_STEP][PASSED] - Thread.sleep(1000): null

2020-05-29 23:37:11 - [TEST_STEP][PASSED] - PEListsTBL = ["0011":"QP-Formatted Address", "0012":"QP-0012", "0014":"QP-0014", "0015":"QP-0015", "0016":"QP-0016", "3214":"Dummy QP Name 3861", ... ]: null

2020-05-29 23:37:11 - [TEST_STEP][PASSED] - switch (DropdownNm): null

2020-05-29 23:37:11 - [TEST_STEP][PASSED] - case "PENo":: null

2020-05-29 23:37:11 - [TEST_STEP][PASSED] - ValueFound = FindValue + " (" + get(FindValue).toString() + ")": null

2020-05-29 23:37:11 - [TEST_STEP][PASSED] - break: null

2020-05-29 23:37:11 - [MESSAGE][PASSED] - Call Test Case 'Test Cases/PFI Precision and Scale/HashMap Tables/PELists' successfully

2020-05-29 23:37:11 - [TEST_STEP][PASSED] - println(ValueFound): null

2020-05-29 23:37:11 - [TEST_STEP][PASSED] - sendKeys(NewInputNmField, Keys.chord(ARROW_DOWN)): Keys 'DOWN + ' sent to object: 'Object Repository/Objects.HighlightElements/input_field'

2020-05-29 23:37:11 - [MESSAGE][PASSED] - Keys 'DOWN + ' sent to object: 'Object Repository/Objects.HighlightElements/input_field'

2020-05-29 23:37:11 - [TEST_STEP][PASSED] - sendKeys(NewInputNmField, Keys.chord(ARROW_DOWN)): Keys 'DOWN + ' sent to object: 'Object Repository/Objects.HighlightElements/input_field'

2020-05-29 23:37:12 - [MESSAGE][PASSED] - Keys 'DOWN + ' sent to object: 'Object Repository/Objects.HighlightElements/input_field'

2020-05-29 23:37:12 - [TEST_STEP][PASSED] - delay(DelayTime): Delayed 8 second(s)

2020-05-29 23:37:20 - [MESSAGE][PASSED] - Delayed 8 second(s)

2020-05-29 23:37:20 - [TEST_STEP][PASSED] - sendKeys(NewInputNmField, Keys.chord(ENTER)): Keys 'ENTER + ' sent to object: 'Object Repository/Objects.HighlightElements/input_field'

2020-05-29 23:37:20 - [MESSAGE][PASSED] - Keys 'ENTER + ' sent to object: 'Object Repository/Objects.HighlightElements/input_field'

2020-05-29 23:37:20 - [TEST_STEP][PASSED] - ComboBoxValue = getAttribute(NewInputNmField, "value"): Attribute 'value' of object 'Object Repository/Objects.HighlightElements/input_field' is: '0017'

2020-05-29 23:37:20 - [MESSAGE][PASSED] - Attribute 'value' of object 'Object Repository/Objects.HighlightElements/input_field' is: '0017'

2020-05-29 23:37:20 - [TEST_STEP][PASSED] - callTestCase(findTestCase(CallTCName), ["FindValue":ComboBoxValue, "DropdownNm":comboNm], STOP_ON_FAILURE): Call Test Case 'Test Cases/PFI Precision and Scale/HashMap Tables/PELists' successfully

2020-05-29 23:37:20 - [TEST_CASE][PASSED] - Test Cases/PFI Precision and Scale/HashMap Tables/PELists: Test Cases/PFI Precision and Scale/HashMap Tables/PELists

2020-05-29 23:37:20 - [TEST_STEP][PASSED] - Thread.sleep(1000): null

2020-05-29 23:37:21 - [TEST_STEP][PASSED] - PEListsTBL = ["0011":"QP-Formatted Address", "0012":"QP-0012", "0014":"QP-0014", "0015":"QP-0015", "0016":"QP-0016", "3214":"Dummy QP Name 3861", ... ]: null

2020-05-29 23:37:21 - [TEST_STEP][PASSED] - switch (DropdownNm): null

2020-05-29 23:37:21 - [TEST_STEP][PASSED] - case "PENo":: null

2020-05-29 23:37:21 - [TEST_STEP][PASSED] - ValueFound = FindValue + " (" + get(FindValue).toString() + ")": null

2020-05-29 23:37:21 - [TEST_STEP][PASSED] - break: null

2020-05-29 23:37:21 - [MESSAGE][PASSED] - Call Test Case 'Test Cases/PFI Precision and Scale/HashMap Tables/PELists' successfully

2020-05-29 23:37:21 - [TEST_STEP][PASSED] - println(ValueFound): null

2020-05-29 23:37:21 - [TEST_STEP][PASSED] - sendKeys(NewInputNmField, Keys.chord(ARROW_DOWN)): Keys 'DOWN + ' sent to object: 'Object Repository/Objects.HighlightElements/input_field'

2020-05-29 23:37:21 - [MESSAGE][PASSED] - Keys 'DOWN + ' sent to object: 'Object Repository/Objects.HighlightElements/input_field'

2020-05-29 23:37:21 - [TEST_STEP][PASSED] - sendKeys(NewInputNmField, Keys.chord(ARROW_DOWN)): Keys 'DOWN + ' sent to object: 'Object Repository/Objects.HighlightElements/input_field'

2020-05-29 23:37:22 - [MESSAGE][PASSED] - Keys 'DOWN + ' sent to object: 'Object Repository/Objects.HighlightElements/input_field'

2020-05-29 23:37:22 - [TEST_STEP][PASSED] - delay(DelayTime): Delayed 8 second(s)

2020-05-29 23:37:30 - [MESSAGE][PASSED] - Delayed 8 second(s)

2020-05-29 23:37:30 - [TEST_STEP][PASSED] - sendKeys(NewInputNmField, Keys.chord(ENTER)): Keys 'ENTER + ' sent to object: 'Object Repository/Objects.HighlightElements/input_field'

2020-05-29 23:37:30 - [MESSAGE][PASSED] - Keys 'ENTER + ' sent to object: 'Object Repository/Objects.HighlightElements/input_field'

2020-05-29 23:37:30 - [TEST_STEP][PASSED] - ComboBoxValue = getAttribute(NewInputNmField, "value"): Attribute 'value' of object 'Object Repository/Objects.HighlightElements/input_field' is: '0017'

2020-05-29 23:37:30 - [MESSAGE][PASSED] - Attribute 'value' of object 'Object Repository/Objects.HighlightElements/input_field' is: '0017'

2020-05-29 23:37:30 - [TEST_STEP][PASSED] - callTestCase(findTestCase(CallTCName), ["FindValue":ComboBoxValue, "DropdownNm":comboNm], STOP_ON_FAILURE): Call Test Case 'Test Cases/PFI Precision and Scale/HashMap Tables/PELists' successfully

2020-05-29 23:37:30 - [TEST_CASE][PASSED] - Test Cases/PFI Precision and Scale/HashMap Tables/PELists: Test Cases/PFI Precision and Scale/HashMap Tables/PELists

2020-05-29 23:37:30 - [TEST_STEP][PASSED] - Thread.sleep(1000): null

2020-05-29 23:37:31 - [TEST_STEP][PASSED] - PEListsTBL = ["0011":"QP-Formatted Address", "0012":"QP-0012", "0014":"QP-0014", "0015":"QP-0015", "0016":"QP-0016", "3214":"Dummy QP Name 3861", ... ]: null

2020-05-29 23:37:31 - [TEST_STEP][PASSED] - switch (DropdownNm): null

2020-05-29 23:37:31 - [TEST_STEP][PASSED] - case "PENo":: null

2020-05-29 23:37:31 - [TEST_STEP][PASSED] - ValueFound = FindValue + " (" + get(FindValue).toString() + ")": null

2020-05-29 23:37:31 - [TEST_STEP][PASSED] - break: null

2020-05-29 23:37:31 - [MESSAGE][PASSED] - Call Test Case 'Test Cases/PFI Precision and Scale/HashMap Tables/PELists' successfully

2020-05-29 23:37:31 - [TEST_STEP][PASSED] - println(ValueFound): null

2020-05-29 23:37:31 - [TEST_STEP][PASSED] - sendKeys(NewInputNmField, Keys.chord(ARROW_DOWN)): Keys 'DOWN + ' sent to object: 'Object Repository/Objects.HighlightElements/input_field'

2020-05-29 23:37:32 - [MESSAGE][PASSED] - Keys 'DOWN + ' sent to object: 'Object Repository/Objects.HighlightElements/input_field'

2020-05-29 23:37:32 - [TEST_STEP][PASSED] - sendKeys(NewInputNmField, Keys.chord(ENTER)): Keys 'ENTER + ' sent to object: 'Object Repository/Objects.HighlightElements/input_field'

2020-05-29 23:37:32 - [MESSAGE][PASSED] - Keys 'ENTER + ' sent to object: 'Object Repository/Objects.HighlightElements/input_field'

2020-05-29 23:37:32 - [MESSAGE][PASSED] - Call Test Case 'Test Cases/PFI Precision and Scale/PFI Components/VerifyDropdownValues' successfully

2020-05-29 23:37:32 - [TEST_STEP][PASSED] - callTestCase(findTestCase("Components/ClickCancelIcon"), [:], STOP_ON_FAILURE): Call Test Case 'Test Cases/Components/ClickCancelIcon' successfully

2020-05-29 23:37:32 - [TEST_CASE][PASSED] - Test Cases/Components/ClickCancelIcon: Test Cases/Components/ClickCancelIcon

2020-05-29 23:37:32 - [TEST_STEP][PASSED] - Thread.sleep(1000): null

2020-05-29 23:37:33 - [TEST_STEP][PASSED] - com.reusableComponents.HighlightElement.run(findTestObject("Object Repository/Objects.ActionButtons/Cancel_Icon")): com.reusableComponents.HighlightElement.run is PASSED

2020-05-29 23:37:34 - [MESSAGE][PASSED] - com.reusableComponents.HighlightElement.run is PASSED

2020-05-29 23:37:34 - [TEST_STEP][PASSED] - click(findTestObject("Object Repository/Objects.ActionButtons/Cancel_Icon")): Object: 'Object Repository/Objects.ActionButtons/Cancel_Icon' is clicked on

2020-05-29 23:37:34 - [MESSAGE][PASSED] - Object: 'Object Repository/Objects.ActionButtons/Cancel_Icon' is clicked on

2020-05-29 23:37:34 - [MESSAGE][PASSED] - Call Test Case 'Test Cases/Components/ClickCancelIcon' successfully

2020-05-29 23:37:34 - [TEST_STEP][PASSED] - callTestCase(findTestCase("Components/DoubleClickToEnable"), ["HeaderCellName":"PE Name", "index":3], STOP_ON_FAILURE): Call Test Case 'Test Cases/Components/DoubleClickToEnable' successfully

2020-05-29 23:37:34 - [TEST_CASE][PASSED] - Test Cases/Components/DoubleClickToEnable: Test Cases/Components/DoubleClickToEnable

2020-05-29 23:37:34 - [TEST_STEP][PASSED] - Thread.sleep(1000): null

2020-05-29 23:37:35 - [TEST_STEP][PASSED] - modifiedInputField = modifyObjectProperty(findTestObject("Object Repository/Objects.HighlightElements/input_field_index"), "xpath", "equals", "//*[text()='" + HeaderCellName + "']//following::td[" + index + "]", true): Modify property of object successfully

2020-05-29 23:37:35 - [MESSAGE][PASSED] - Modify property of object successfully

2020-05-29 23:37:35 - [TEST_STEP][PASSED] - doubleClick(modifiedInputField): Object: 'Object Repository/Objects.HighlightElements/input_field_index' is double clicked on

2020-05-29 23:37:36 - [MESSAGE][PASSED] - Object: 'Object Repository/Objects.HighlightElements/input_field_index' is double clicked on

2020-05-29 23:37:36 - [MESSAGE][PASSED] - Call Test Case 'Test Cases/Components/DoubleClickToEnable' successfully

2020-05-29 23:37:36 - [TEST_STEP][PASSED] - callTestCase(findTestCase("Components/HighlightInputField"), ["InputFldName":"peName"], STOP_ON_FAILURE): Call Test Case 'Test Cases/Components/HighlightInputField' successfully

2020-05-29 23:37:36 - [TEST_CASE][PASSED] - Test Cases/Components/HighlightInputField: Test Cases/Components/HighlightInputField

2020-05-29 23:37:36 - [TEST_STEP][PASSED] - Thread.sleep(1000): null

2020-05-29 23:37:37 - [TEST_STEP][PASSED] - modifiedLblNm = modifyObjectProperty(findTestObject("Objects.HighlightElements/input_field"), "name", "equals", InputFldName, true): Modify property of object successfully

2020-05-29 23:37:37 - [MESSAGE][PASSED] - Modify property of object successfully

2020-05-29 23:37:37 - [TEST_STEP][PASSED] - com.reusableComponents.HighlightElement.run(modifiedLblNm): com.reusableComponents.HighlightElement.run is PASSED

2020-05-29 23:37:38 - [MESSAGE][PASSED] - com.reusableComponents.HighlightElement.run is PASSED

2020-05-29 23:37:38 - [MESSAGE][PASSED] - Call Test Case 'Test Cases/Components/HighlightInputField' successfully

2020-05-29 23:37:38 - [TEST_STEP][PASSED] - callTestCase(findTestCase("Components/SelectAllThenDelete"), ["tagToBeUsed":"*", "nameToBeUsed":"peName"], STOP_ON_FAILURE): Call Test Case 'Test Cases/Components/SelectAllThenDelete' successfully

2020-05-29 23:37:38 - [TEST_CASE][PASSED] - Test Cases/Components/SelectAllThenDelete: Test Cases/Components/SelectAllThenDelete

2020-05-29 23:37:38 - [TEST_STEP][PASSED] - Thread.sleep(1000): null

2020-05-29 23:37:39 - [TEST_STEP][PASSED] - firstModification = modifyObjectProperty(findTestObject("SendKey/object"), "tag", "equals", tagToBeUsed, false): Modify property of object successfully

2020-05-29 23:37:39 - [MESSAGE][PASSED] - Modify property of object successfully

2020-05-29 23:37:39 - [TEST_STEP][PASSED] - secondModification = modifyObjectProperty(firstModification, "name", "equals", nameToBeUsed, true): Modify property of object successfully

2020-05-29 23:37:39 - [MESSAGE][PASSED] - Modify property of object successfully

2020-05-29 23:37:39 - [TEST_STEP][PASSED] - sendKeys(secondModification, Keys.chord(CONTROL, "a")): Keys 'CONTROL + a' sent to object: 'Object Repository/SendKey/object'

2020-05-29 23:37:39 - [MESSAGE][PASSED] - Keys 'CONTROL + a' sent to object: 'Object Repository/SendKey/object'

2020-05-29 23:37:39 - [TEST_STEP][PASSED] - sendKeys(secondModification, Keys.chord(DELETE)): Keys 'DELETE + ' sent to object: 'Object Repository/SendKey/object'

2020-05-29 23:37:39 - [MESSAGE][PASSED] - Keys 'DELETE + ' sent to object: 'Object Repository/SendKey/object'

2020-05-29 23:37:39 - [MESSAGE][PASSED] - Call Test Case 'Test Cases/Components/SelectAllThenDelete' successfully

2020-05-29 23:37:39 - [TEST_STEP][PASSED] - callTestCase(findTestCase("PFI Precision and Scale/PFI Components/VerifyDropdownValues"), ["FldNm":"peName", "CallTCName":"PFI Precision and Scale/HashMap Tables/PELists", "cmbNm":"PEName", "NoOfVal":10, "DelayTime":5, ... ], STOP_ON_FAILURE): Call Test Case 'Test Cases/PFI Precision and Scale/PFI Components/VerifyDropdownValues' successfully

2020-05-29 23:37:39 - [TEST_CASE][PASSED] - Test Cases/PFI Precision and Scale/PFI Components/VerifyDropdownValues: Test Cases/PFI Precision and Scale/PFI Components/VerifyDropdownValues

2020-05-29 23:37:39 - [TEST_STEP][PASSED] - Thread.sleep(1000): null

2020-05-29 23:37:40 - [TEST_STEP][PASSED] - NewInputNmField = modifyObjectProperty(findTestObject("Objects.HighlightElements/input_field"), "name", "equals", FldNm, true): Modify property of object successfully

2020-05-29 23:37:40 - [MESSAGE][PASSED] - Modify property of object successfully

2020-05-29 23:37:40 - [TEST_STEP][PASSED] - comboNm = cmbNm: null

2020-05-29 23:37:40 - [TEST_STEP][PASSED] - focus(NewInputNmField): Object: 'Object Repository/Objects.HighlightElements/input_field' is focused

2020-05-29 23:37:41 - [MESSAGE][PASSED] - Object: 'Object Repository/Objects.HighlightElements/input_field' is focused

2020-05-29 23:37:41 - [TEST_STEP][PASSED] - setText(NewInputNmField, EnterValue): Text '' is set on object 'Object Repository/Objects.HighlightElements/input_field'

2020-05-29 23:37:41 - [MESSAGE][PASSED] - Text '' is set on object 'Object Repository/Objects.HighlightElements/input_field'

2020-05-29 23:37:41 - [TEST_STEP][PASSED] - for ([i = 1, i <= NoOfVal, (i++)]): Keys 'DOWN + ' sent to object: 'Object Repository/Objects.HighlightElements/input_field'

2020-05-29 23:37:41 - [TEST_STEP][PASSED] - sendKeys(NewInputNmField, Keys.chord(ARROW_DOWN)): Keys 'DOWN + ' sent to object: 'Object Repository/Objects.HighlightElements/input_field'

2020-05-29 23:37:41 - [MESSAGE][PASSED] - Keys 'DOWN + ' sent to object: 'Object Repository/Objects.HighlightElements/input_field'

2020-05-29 23:37:41 - [TEST_STEP][PASSED] - delay(DelayTime): Delayed 5 second(s)

2020-05-29 23:37:46 - [MESSAGE][PASSED] - Delayed 5 second(s)

2020-05-29 23:37:46 - [TEST_STEP][PASSED] - sendKeys(NewInputNmField, Keys.chord(ENTER)): Keys 'ENTER + ' sent to object: 'Object Repository/Objects.HighlightElements/input_field'

2020-05-29 23:37:46 - [MESSAGE][PASSED] - Keys 'ENTER + ' sent to object: 'Object Repository/Objects.HighlightElements/input_field'

2020-05-29 23:37:46 - [TEST_STEP][PASSED] - ComboBoxValue = getAttribute(NewInputNmField, "value"): Attribute 'value' of object 'Object Repository/Objects.HighlightElements/input_field' is: 'QP1123'

2020-05-29 23:37:47 - [MESSAGE][PASSED] - Attribute 'value' of object 'Object Repository/Objects.HighlightElements/input_field' is: 'QP1123'

2020-05-29 23:37:47 - [TEST_STEP][PASSED] - callTestCase(findTestCase(CallTCName), ["FindValue":ComboBoxValue, "DropdownNm":comboNm], STOP_ON_FAILURE): Call Test Case 'Test Cases/PFI Precision and Scale/HashMap Tables/PELists' successfully

2020-05-29 23:37:47 - [TEST_CASE][PASSED] - Test Cases/PFI Precision and Scale/HashMap Tables/PELists: Test Cases/PFI Precision and Scale/HashMap Tables/PELists

2020-05-29 23:37:47 - [TEST_STEP][PASSED] - Thread.sleep(1000): null

2020-05-29 23:37:48 - [TEST_STEP][PASSED] - PEListsTBL = ["0011":"QP-Formatted Address", "0012":"QP-0012", "0014":"QP-0014", "0015":"QP-0015", "0016":"QP-0016", "3214":"Dummy QP Name 3861", ... ]: null

2020-05-29 23:37:48 - [TEST_STEP][PASSED] - switch (DropdownNm): null

2020-05-29 23:37:48 - [TEST_STEP][PASSED] - case "PEName":: null

2020-05-29 23:37:48 - [TEST_STEP][PASSED] - ValueFound = PEListsTBL.find({ -> ... }): null

2020-05-29 23:37:48 - [TEST_STEP][PASSED] - break: null

2020-05-29 23:37:48 - [MESSAGE][PASSED] - Call Test Case 'Test Cases/PFI Precision and Scale/HashMap Tables/PELists' successfully

2020-05-29 23:37:48 - [TEST_STEP][PASSED] - println(ValueFound): null

2020-05-29 23:37:48 - [TEST_STEP][PASSED] - sendKeys(NewInputNmField, Keys.chord(ARROW_DOWN)): Keys 'DOWN + ' sent to object: 'Object Repository/Objects.HighlightElements/input_field'

2020-05-29 23:37:48 - [MESSAGE][PASSED] - Keys 'DOWN + ' sent to object: 'Object Repository/Objects.HighlightElements/input_field'

2020-05-29 23:37:48 - [TEST_STEP][PASSED] - sendKeys(NewInputNmField, Keys.chord(ARROW_DOWN)): Keys 'DOWN + ' sent to object: 'Object Repository/Objects.HighlightElements/input_field'

2020-05-29 23:37:49 - [MESSAGE][PASSED] - Keys 'DOWN + ' sent to object: 'Object Repository/Objects.HighlightElements/input_field'

2020-05-29 23:37:49 - [TEST_STEP][PASSED] - delay(DelayTime): Delayed 5 second(s)

2020-05-29 23:37:54 - [MESSAGE][PASSED] - Delayed 5 second(s)

2020-05-29 23:37:54 - [TEST_STEP][PASSED] - sendKeys(NewInputNmField, Keys.chord(ENTER)): Keys 'ENTER + ' sent to object: 'Object Repository/Objects.HighlightElements/input_field'

2020-05-29 23:37:54 - [MESSAGE][PASSED] - Keys 'ENTER + ' sent to object: 'Object Repository/Objects.HighlightElements/input_field'

2020-05-29 23:37:54 - [TEST_STEP][PASSED] - ComboBoxValue = getAttribute(NewInputNmField, "value"): Attribute 'value' of object 'Object Repository/Objects.HighlightElements/input_field' is: 'QP0017'

2020-05-29 23:37:54 - [MESSAGE][PASSED] - Attribute 'value' of object 'Object Repository/Objects.HighlightElements/input_field' is: 'QP0017'

2020-05-29 23:37:54 - [TEST_STEP][PASSED] - callTestCase(findTestCase(CallTCName), ["FindValue":ComboBoxValue, "DropdownNm":comboNm], STOP_ON_FAILURE): Call Test Case 'Test Cases/PFI Precision and Scale/HashMap Tables/PELists' successfully

2020-05-29 23:37:54 - [TEST_CASE][PASSED] - Test Cases/PFI Precision and Scale/HashMap Tables/PELists: Test Cases/PFI Precision and Scale/HashMap Tables/PELists

2020-05-29 23:37:54 - [TEST_STEP][PASSED] - Thread.sleep(1000): null

2020-05-29 23:37:55 - [TEST_STEP][PASSED] - PEListsTBL = ["0011":"QP-Formatted Address", "0012":"QP-0012", "0014":"QP-0014", "0015":"QP-0015", "0016":"QP-0016", "3214":"Dummy QP Name 3861", ... ]: null

2020-05-29 23:37:55 - [TEST_STEP][PASSED] - switch (DropdownNm): null

2020-05-29 23:37:55 - [TEST_STEP][PASSED] - case "PEName":: null

2020-05-29 23:37:55 - [TEST_STEP][PASSED] - ValueFound = PEListsTBL.find({ -> ... }): null

2020-05-29 23:37:55 - [TEST_STEP][PASSED] - break: null

2020-05-29 23:37:55 - [MESSAGE][PASSED] - Call Test Case 'Test Cases/PFI Precision and Scale/HashMap Tables/PELists' successfully

2020-05-29 23:37:55 - [TEST_STEP][PASSED] - println(ValueFound): null

2020-05-29 23:37:55 - [TEST_STEP][PASSED] - sendKeys(NewInputNmField, Keys.chord(ARROW_DOWN)): Keys 'DOWN + ' sent to object: 'Object Repository/Objects.HighlightElements/input_field'

2020-05-29 23:37:56 - [MESSAGE][PASSED] - Keys 'DOWN + ' sent to object: 'Object Repository/Objects.HighlightElements/input_field'

2020-05-29 23:37:56 - [TEST_STEP][PASSED] - sendKeys(NewInputNmField, Keys.chord(ARROW_DOWN)): Keys 'DOWN + ' sent to object: 'Object Repository/Objects.HighlightElements/input_field'

2020-05-29 23:37:56 - [MESSAGE][PASSED] - Keys 'DOWN + ' sent to object: 'Object Repository/Objects.HighlightElements/input_field'

2020-05-29 23:37:56 - [TEST_STEP][PASSED] - delay(DelayTime): Delayed 5 second(s)

2020-05-29 23:38:01 - [MESSAGE][PASSED] - Delayed 5 second(s)

2020-05-29 23:38:01 - [TEST_STEP][PASSED] - sendKeys(NewInputNmField, Keys.chord(ENTER)): Keys 'ENTER + ' sent to object: 'Object Repository/Objects.HighlightElements/input_field'

2020-05-29 23:38:01 - [MESSAGE][PASSED] - Keys 'ENTER + ' sent to object: 'Object Repository/Objects.HighlightElements/input_field'

2020-05-29 23:38:01 - [TEST_STEP][PASSED] - ComboBoxValue = getAttribute(NewInputNmField, "value"): Attribute 'value' of object 'Object Repository/Objects.HighlightElements/input_field' is: 'QP-0016'

2020-05-29 23:38:02 - [MESSAGE][PASSED] - Attribute 'value' of object 'Object Repository/Objects.HighlightElements/input_field' is: 'QP-0016'

2020-05-29 23:38:02 - [TEST_STEP][PASSED] - callTestCase(findTestCase(CallTCName), ["FindValue":ComboBoxValue, "DropdownNm":comboNm], STOP_ON_FAILURE): Call Test Case 'Test Cases/PFI Precision and Scale/HashMap Tables/PELists' successfully

2020-05-29 23:38:02 - [TEST_CASE][PASSED] - Test Cases/PFI Precision and Scale/HashMap Tables/PELists: Test Cases/PFI Precision and Scale/HashMap Tables/PELists

2020-05-29 23:38:02 - [TEST_STEP][PASSED] - Thread.sleep(1000): null

2020-05-29 23:38:03 - [TEST_STEP][PASSED] - PEListsTBL = ["0011":"QP-Formatted Address", "0012":"QP-0012", "0014":"QP-0014", "0015":"QP-0015", "0016":"QP-0016", "3214":"Dummy QP Name 3861", ... ]: null

2020-05-29 23:38:03 - [TEST_STEP][PASSED] - switch (DropdownNm): null

2020-05-29 23:38:03 - [TEST_STEP][PASSED] - case "PEName":: null

2020-05-29 23:38:03 - [TEST_STEP][PASSED] - ValueFound = PEListsTBL.find({ -> ... }): null

2020-05-29 23:38:03 - [TEST_STEP][PASSED] - break: null

2020-05-29 23:38:03 - [MESSAGE][PASSED] - Call Test Case 'Test Cases/PFI Precision and Scale/HashMap Tables/PELists' successfully

2020-05-29 23:38:03 - [TEST_STEP][PASSED] - println(ValueFound): null

2020-05-29 23:38:03 - [TEST_STEP][PASSED] - sendKeys(NewInputNmField, Keys.chord(ARROW_DOWN)): Keys 'DOWN + ' sent to object: 'Object Repository/Objects.HighlightElements/input_field'

2020-05-29 23:38:03 - [MESSAGE][PASSED] - Keys 'DOWN + ' sent to object: 'Object Repository/Objects.HighlightElements/input_field'

2020-05-29 23:38:03 - [TEST_STEP][PASSED] - sendKeys(NewInputNmField, Keys.chord(ARROW_DOWN)): Keys 'DOWN + ' sent to object: 'Object Repository/Objects.HighlightElements/input_field'

2020-05-29 23:38:04 - [MESSAGE][PASSED] - Keys 'DOWN + ' sent to object: 'Object Repository/Objects.HighlightElements/input_field'

2020-05-29 23:38:04 - [TEST_STEP][PASSED] - delay(DelayTime): Delayed 5 second(s)

2020-05-29 23:38:09 - [MESSAGE][PASSED] - Delayed 5 second(s)

2020-05-29 23:38:09 - [TEST_STEP][PASSED] - sendKeys(NewInputNmField, Keys.chord(ENTER)): Keys 'ENTER + ' sent to object: 'Object Repository/Objects.HighlightElements/input_field'

2020-05-29 23:38:09 - [MESSAGE][PASSED] - Keys 'ENTER + ' sent to object: 'Object Repository/Objects.HighlightElements/input_field'

2020-05-29 23:38:09 - [TEST_STEP][PASSED] - ComboBoxValue = getAttribute(NewInputNmField, "value"): Attribute 'value' of object 'Object Repository/Objects.HighlightElements/input_field' is: 'QP-0015'

2020-05-29 23:38:09 - [MESSAGE][PASSED] - Attribute 'value' of object 'Object Repository/Objects.HighlightElements/input_field' is: 'QP-0015'

2020-05-29 23:38:09 - [TEST_STEP][PASSED] - callTestCase(findTestCase(CallTCName), ["FindValue":ComboBoxValue, "DropdownNm":comboNm], STOP_ON_FAILURE): Call Test Case 'Test Cases/PFI Precision and Scale/HashMap Tables/PELists' successfully

2020-05-29 23:38:09 - [TEST_CASE][PASSED] - Test Cases/PFI Precision and Scale/HashMap Tables/PELists: Test Cases/PFI Precision and Scale/HashMap Tables/PELists

2020-05-29 23:38:09 - [TEST_STEP][PASSED] - Thread.sleep(1000): null

2020-05-29 23:38:10 - [TEST_STEP][PASSED] - PEListsTBL = ["0011":"QP-Formatted Address", "0012":"QP-0012", "0014":"QP-0014", "0015":"QP-0015", "0016":"QP-0016", "3214":"Dummy QP Name 3861", ... ]: null

2020-05-29 23:38:10 - [TEST_STEP][PASSED] - switch (DropdownNm): null

2020-05-29 23:38:10 - [TEST_STEP][PASSED] - case "PEName":: null

2020-05-29 23:38:10 - [TEST_STEP][PASSED] - ValueFound = PEListsTBL.find({ -> ... }): null

2020-05-29 23:38:10 - [TEST_STEP][PASSED] - break: null

2020-05-29 23:38:10 - [MESSAGE][PASSED] - Call Test Case 'Test Cases/PFI Precision and Scale/HashMap Tables/PELists' successfully

2020-05-29 23:38:10 - [TEST_STEP][PASSED] - println(ValueFound): null

2020-05-29 23:38:10 - [TEST_STEP][PASSED] - sendKeys(NewInputNmField, Keys.chord(ARROW_DOWN)): Keys 'DOWN + ' sent to object: 'Object Repository/Objects.HighlightElements/input_field'

2020-05-29 23:38:11 - [MESSAGE][PASSED] - Keys 'DOWN + ' sent to object: 'Object Repository/Objects.HighlightElements/input_field'

2020-05-29 23:38:11 - [TEST_STEP][PASSED] - sendKeys(NewInputNmField, Keys.chord(ARROW_DOWN)): Keys 'DOWN + ' sent to object: 'Object Repository/Objects.HighlightElements/input_field'

2020-05-29 23:38:11 - [MESSAGE][PASSED] - Keys 'DOWN + ' sent to object: 'Object Repository/Objects.HighlightElements/input_field'

2020-05-29 23:38:11 - [TEST_STEP][PASSED] - delay(DelayTime): Delayed 5 second(s)

2020-05-29 23:38:16 - [MESSAGE][PASSED] - Delayed 5 second(s)

2020-05-29 23:38:16 - [TEST_STEP][PASSED] - sendKeys(NewInputNmField, Keys.chord(ENTER)): Keys 'ENTER + ' sent to object: 'Object Repository/Objects.HighlightElements/input_field'

2020-05-29 23:38:16 - [MESSAGE][PASSED] - Keys 'ENTER + ' sent to object: 'Object Repository/Objects.HighlightElements/input_field'

2020-05-29 23:38:16 - [TEST_STEP][PASSED] - ComboBoxValue = getAttribute(NewInputNmField, "value"): Attribute 'value' of object 'Object Repository/Objects.HighlightElements/input_field' is: 'QP-0014'

2020-05-29 23:38:17 - [MESSAGE][PASSED] - Attribute 'value' of object 'Object Repository/Objects.HighlightElements/input_field' is: 'QP-0014'

2020-05-29 23:38:17 - [TEST_STEP][PASSED] - callTestCase(findTestCase(CallTCName), ["FindValue":ComboBoxValue, "DropdownNm":comboNm], STOP_ON_FAILURE): Call Test Case 'Test Cases/PFI Precision and Scale/HashMap Tables/PELists' successfully

2020-05-29 23:38:17 - [TEST_CASE][PASSED] - Test Cases/PFI Precision and Scale/HashMap Tables/PELists: Test Cases/PFI Precision and Scale/HashMap Tables/PELists

2020-05-29 23:38:17 - [TEST_STEP][PASSED] - Thread.sleep(1000): null

2020-05-29 23:38:18 - [TEST_STEP][PASSED] - PEListsTBL = ["0011":"QP-Formatted Address", "0012":"QP-0012", "0014":"QP-0014", "0015":"QP-0015", "0016":"QP-0016", "3214":"Dummy QP Name 3861", ... ]: null

2020-05-29 23:38:18 - [TEST_STEP][PASSED] - switch (DropdownNm): null

2020-05-29 23:38:18 - [TEST_STEP][PASSED] - case "PEName":: null

2020-05-29 23:38:18 - [TEST_STEP][PASSED] - ValueFound = PEListsTBL.find({ -> ... }): null

2020-05-29 23:38:18 - [TEST_STEP][PASSED] - break: null

2020-05-29 23:38:18 - [MESSAGE][PASSED] - Call Test Case 'Test Cases/PFI Precision and Scale/HashMap Tables/PELists' successfully

2020-05-29 23:38:18 - [TEST_STEP][PASSED] - println(ValueFound): null

2020-05-29 23:38:18 - [TEST_STEP][PASSED] - sendKeys(NewInputNmField, Keys.chord(ARROW_DOWN)): Keys 'DOWN + ' sent to object: 'Object Repository/Objects.HighlightElements/input_field'

2020-05-29 23:38:18 - [MESSAGE][PASSED] - Keys 'DOWN + ' sent to object: 'Object Repository/Objects.HighlightElements/input_field'

2020-05-29 23:38:18 - [TEST_STEP][PASSED] - sendKeys(NewInputNmField, Keys.chord(ARROW_DOWN)): Keys 'DOWN + ' sent to object: 'Object Repository/Objects.HighlightElements/input_field'

2020-05-29 23:38:19 - [MESSAGE][PASSED] - Keys 'DOWN + ' sent to object: 'Object Repository/Objects.HighlightElements/input_field'

2020-05-29 23:38:19 - [TEST_STEP][PASSED] - delay(DelayTime): Delayed 5 second(s)

2020-05-29 23:38:24 - [MESSAGE][PASSED] - Delayed 5 second(s)

2020-05-29 23:38:24 - [TEST_STEP][PASSED] - sendKeys(NewInputNmField, Keys.chord(ENTER)): Keys 'ENTER + ' sent to object: 'Object Repository/Objects.HighlightElements/input_field'

2020-05-29 23:38:24 - [MESSAGE][PASSED] - Keys 'ENTER + ' sent to object: 'Object Repository/Objects.HighlightElements/input_field'

2020-05-29 23:38:24 - [TEST_STEP][PASSED] - ComboBoxValue = getAttribute(NewInputNmField, "value"): Attribute 'value' of object 'Object Repository/Objects.HighlightElements/input_field' is: 'QP-0012'

2020-05-29 23:38:24 - [MESSAGE][PASSED] - Attribute 'value' of object 'Object Repository/Objects.HighlightElements/input_field' is: 'QP-0012'

2020-05-29 23:38:24 - [TEST_STEP][PASSED] - callTestCase(findTestCase(CallTCName), ["FindValue":ComboBoxValue, "DropdownNm":comboNm], STOP_ON_FAILURE): Call Test Case 'Test Cases/PFI Precision and Scale/HashMap Tables/PELists' successfully

2020-05-29 23:38:24 - [TEST_CASE][PASSED] - Test Cases/PFI Precision and Scale/HashMap Tables/PELists: Test Cases/PFI Precision and Scale/HashMap Tables/PELists

2020-05-29 23:38:24 - [TEST_STEP][PASSED] - Thread.sleep(1000): null

2020-05-29 23:38:25 - [TEST_STEP][PASSED] - PEListsTBL = ["0011":"QP-Formatted Address", "0012":"QP-0012", "0014":"QP-0014", "0015":"QP-0015", "0016":"QP-0016", "3214":"Dummy QP Name 3861", ... ]: null

2020-05-29 23:38:25 - [TEST_STEP][PASSED] - switch (DropdownNm): null

2020-05-29 23:38:25 - [TEST_STEP][PASSED] - case "PEName":: null

2020-05-29 23:38:25 - [TEST_STEP][PASSED] - ValueFound = PEListsTBL.find({ -> ... }): null

2020-05-29 23:38:25 - [TEST_STEP][PASSED] - break: null

2020-05-29 23:38:25 - [MESSAGE][PASSED] - Call Test Case 'Test Cases/PFI Precision and Scale/HashMap Tables/PELists' successfully

2020-05-29 23:38:25 - [TEST_STEP][PASSED] - println(ValueFound): null

2020-05-29 23:38:25 - [TEST_STEP][PASSED] - sendKeys(NewInputNmField, Keys.chord(ARROW_DOWN)): Keys 'DOWN + ' sent to object: 'Object Repository/Objects.HighlightElements/input_field'

2020-05-29 23:38:26 - [MESSAGE][PASSED] - Keys 'DOWN + ' sent to object: 'Object Repository/Objects.HighlightElements/input_field'

2020-05-29 23:38:26 - [TEST_STEP][PASSED] - sendKeys(NewInputNmField, Keys.chord(ARROW_DOWN)): Keys 'DOWN + ' sent to object: 'Object Repository/Objects.HighlightElements/input_field'

2020-05-29 23:38:26 - [MESSAGE][PASSED] - Keys 'DOWN + ' sent to object: 'Object Repository/Objects.HighlightElements/input_field'

2020-05-29 23:38:26 - [TEST_STEP][PASSED] - delay(DelayTime): Delayed 5 second(s)

2020-05-29 23:38:31 - [MESSAGE][PASSED] - Delayed 5 second(s)

2020-05-29 23:38:31 - [TEST_STEP][PASSED] - sendKeys(NewInputNmField, Keys.chord(ENTER)): Keys 'ENTER + ' sent to object: 'Object Repository/Objects.HighlightElements/input_field'

2020-05-29 23:38:31 - [MESSAGE][PASSED] - Keys 'ENTER + ' sent to object: 'Object Repository/Objects.HighlightElements/input_field'

2020-05-29 23:38:31 - [TEST_STEP][PASSED] - ComboBoxValue = getAttribute(NewInputNmField, "value"): Attribute 'value' of object 'Object Repository/Objects.HighlightElements/input_field' is: 'QP-Formatted Address'

2020-05-29 23:38:32 - [MESSAGE][PASSED] - Attribute 'value' of object 'Object Repository/Objects.HighlightElements/input_field' is: 'QP-Formatted Address'

2020-05-29 23:38:32 - [TEST_STEP][PASSED] - callTestCase(findTestCase(CallTCName), ["FindValue":ComboBoxValue, "DropdownNm":comboNm], STOP_ON_FAILURE): Call Test Case 'Test Cases/PFI Precision and Scale/HashMap Tables/PELists' successfully

2020-05-29 23:38:32 - [TEST_CASE][PASSED] - Test Cases/PFI Precision and Scale/HashMap Tables/PELists: Test Cases/PFI Precision and Scale/HashMap Tables/PELists

2020-05-29 23:38:32 - [TEST_STEP][PASSED] - Thread.sleep(1000): null

2020-05-29 23:38:33 - [TEST_STEP][PASSED] - PEListsTBL = ["0011":"QP-Formatted Address", "0012":"QP-0012", "0014":"QP-0014", "0015":"QP-0015", "0016":"QP-0016", "3214":"Dummy QP Name 3861", ... ]: null

2020-05-29 23:38:33 - [TEST_STEP][PASSED] - switch (DropdownNm): null

2020-05-29 23:38:33 - [TEST_STEP][PASSED] - case "PEName":: null

2020-05-29 23:38:33 - [TEST_STEP][PASSED] - ValueFound = PEListsTBL.find({ -> ... }): null

2020-05-29 23:38:33 - [TEST_STEP][PASSED] - break: null

2020-05-29 23:38:33 - [MESSAGE][PASSED] - Call Test Case 'Test Cases/PFI Precision and Scale/HashMap Tables/PELists' successfully

2020-05-29 23:38:33 - [TEST_STEP][PASSED] - println(ValueFound): null

2020-05-29 23:38:33 - [TEST_STEP][PASSED] - sendKeys(NewInputNmField, Keys.chord(ARROW_DOWN)): Keys 'DOWN + ' sent to object: 'Object Repository/Objects.HighlightElements/input_field'

2020-05-29 23:38:33 - [MESSAGE][PASSED] - Keys 'DOWN + ' sent to object: 'Object Repository/Objects.HighlightElements/input_field'

2020-05-29 23:38:33 - [TEST_STEP][PASSED] - sendKeys(NewInputNmField, Keys.chord(ARROW_DOWN)): Keys 'DOWN + ' sent to object: 'Object Repository/Objects.HighlightElements/input_field'

2020-05-29 23:38:34 - [MESSAGE][PASSED] - Keys 'DOWN + ' sent to object: 'Object Repository/Objects.HighlightElements/input_field'

2020-05-29 23:38:34 - [TEST_STEP][PASSED] - delay(DelayTime): Delayed 5 second(s)

2020-05-29 23:38:39 - [MESSAGE][PASSED] - Delayed 5 second(s)

2020-05-29 23:38:39 - [TEST_STEP][PASSED] - sendKeys(NewInputNmField, Keys.chord(ENTER)): Keys 'ENTER + ' sent to object: 'Object Repository/Objects.HighlightElements/input_field'

2020-05-29 23:38:39 - [MESSAGE][PASSED] - Keys 'ENTER + ' sent to object: 'Object Repository/Objects.HighlightElements/input_field'

2020-05-29 23:38:39 - [TEST_STEP][PASSED] - ComboBoxValue = getAttribute(NewInputNmField, "value"): Attribute 'value' of object 'Object Repository/Objects.HighlightElements/input_field' is: 'QP-7004'

2020-05-29 23:38:39 - [MESSAGE][PASSED] - Attribute 'value' of object 'Object Repository/Objects.HighlightElements/input_field' is: 'QP-7004'

2020-05-29 23:38:39 - [TEST_STEP][PASSED] - callTestCase(findTestCase(CallTCName), ["FindValue":ComboBoxValue, "DropdownNm":comboNm], STOP_ON_FAILURE): Call Test Case 'Test Cases/PFI Precision and Scale/HashMap Tables/PELists' successfully

2020-05-29 23:38:39 - [TEST_CASE][PASSED] - Test Cases/PFI Precision and Scale/HashMap Tables/PELists: Test Cases/PFI Precision and Scale/HashMap Tables/PELists

2020-05-29 23:38:39 - [TEST_STEP][PASSED] - Thread.sleep(1000): null

2020-05-29 23:38:40 - [TEST_STEP][PASSED] - PEListsTBL = ["0011":"QP-Formatted Address", "0012":"QP-0012", "0014":"QP-0014", "0015":"QP-0015", "0016":"QP-0016", "3214":"Dummy QP Name 3861", ... ]: null

2020-05-29 23:38:40 - [TEST_STEP][PASSED] - switch (DropdownNm): null

2020-05-29 23:38:40 - [TEST_STEP][PASSED] - case "PEName":: null

2020-05-29 23:38:40 - [TEST_STEP][PASSED] - ValueFound = PEListsTBL.find({ -> ... }): null

2020-05-29 23:38:40 - [TEST_STEP][PASSED] - break: null

2020-05-29 23:38:40 - [MESSAGE][PASSED] - Call Test Case 'Test Cases/PFI Precision and Scale/HashMap Tables/PELists' successfully

2020-05-29 23:38:40 - [TEST_STEP][PASSED] - println(ValueFound): null

2020-05-29 23:38:40 - [TEST_STEP][PASSED] - sendKeys(NewInputNmField, Keys.chord(ARROW_DOWN)): Keys 'DOWN + ' sent to object: 'Object Repository/Objects.HighlightElements/input_field'

2020-05-29 23:38:41 - [MESSAGE][PASSED] - Keys 'DOWN + ' sent to object: 'Object Repository/Objects.HighlightElements/input_field'

2020-05-29 23:38:41 - [TEST_STEP][PASSED] - sendKeys(NewInputNmField, Keys.chord(ARROW_DOWN)): Keys 'DOWN + ' sent to object: 'Object Repository/Objects.HighlightElements/input_field'

2020-05-29 23:38:41 - [MESSAGE][PASSED] - Keys 'DOWN + ' sent to object: 'Object Repository/Objects.HighlightElements/input_field'

2020-05-29 23:38:41 - [TEST_STEP][PASSED] - delay(DelayTime): Delayed 5 second(s)

2020-05-29 23:38:46 - [MESSAGE][PASSED] - Delayed 5 second(s)

2020-05-29 23:38:46 - [TEST_STEP][PASSED] - sendKeys(NewInputNmField, Keys.chord(ENTER)): Keys 'ENTER + ' sent to object: 'Object Repository/Objects.HighlightElements/input_field'

2020-05-29 23:38:46 - [MESSAGE][PASSED] - Keys 'ENTER + ' sent to object: 'Object Repository/Objects.HighlightElements/input_field'

2020-05-29 23:38:46 - [TEST_STEP][PASSED] - ComboBoxValue = getAttribute(NewInputNmField, "value"): Attribute 'value' of object 'Object Repository/Objects.HighlightElements/input_field' is: 'Janet Waters'

2020-05-29 23:38:47 - [MESSAGE][PASSED] - Attribute 'value' of object 'Object Repository/Objects.HighlightElements/input_field' is: 'Janet Waters'

2020-05-29 23:38:47 - [TEST_STEP][PASSED] - callTestCase(findTestCase(CallTCName), ["FindValue":ComboBoxValue, "DropdownNm":comboNm], STOP_ON_FAILURE): Call Test Case 'Test Cases/PFI Precision and Scale/HashMap Tables/PELists' successfully

2020-05-29 23:38:47 - [TEST_CASE][PASSED] - Test Cases/PFI Precision and Scale/HashMap Tables/PELists: Test Cases/PFI Precision and Scale/HashMap Tables/PELists

2020-05-29 23:38:47 - [TEST_STEP][PASSED] - Thread.sleep(1000): null

2020-05-29 23:38:48 - [TEST_STEP][PASSED] - PEListsTBL = ["0011":"QP-Formatted Address", "0012":"QP-0012", "0014":"QP-0014", "0015":"QP-0015", "0016":"QP-0016", "3214":"Dummy QP Name 3861", ... ]: null

2020-05-29 23:38:48 - [TEST_STEP][PASSED] - switch (DropdownNm): null

2020-05-29 23:38:48 - [TEST_STEP][PASSED] - case "PEName":: null

2020-05-29 23:38:48 - [TEST_STEP][PASSED] - ValueFound = PEListsTBL.find({ -> ... }): null

2020-05-29 23:38:48 - [TEST_STEP][PASSED] - break: null

2020-05-29 23:38:48 - [MESSAGE][PASSED] - Call Test Case 'Test Cases/PFI Precision and Scale/HashMap Tables/PELists' successfully

2020-05-29 23:38:48 - [TEST_STEP][PASSED] - println(ValueFound): null

2020-05-29 23:38:48 - [TEST_STEP][PASSED] - sendKeys(NewInputNmField, Keys.chord(ARROW_DOWN)): Keys 'DOWN + ' sent to object: 'Object Repository/Objects.HighlightElements/input_field'

2020-05-29 23:38:48 - [MESSAGE][PASSED] - Keys 'DOWN + ' sent to object: 'Object Repository/Objects.HighlightElements/input_field'

2020-05-29 23:38:48 - [TEST_STEP][PASSED] - sendKeys(NewInputNmField, Keys.chord(ARROW_DOWN)): Keys 'DOWN + ' sent to object: 'Object Repository/Objects.HighlightElements/input_field'

2020-05-29 23:38:49 - [MESSAGE][PASSED] - Keys 'DOWN + ' sent to object: 'Object Repository/Objects.HighlightElements/input_field'

2020-05-29 23:38:49 - [TEST_STEP][PASSED] - delay(DelayTime): Delayed 5 second(s)

2020-05-29 23:38:54 - [MESSAGE][PASSED] - Delayed 5 second(s)

2020-05-29 23:38:54 - [TEST_STEP][PASSED] - sendKeys(NewInputNmField, Keys.chord(ENTER)): Keys 'ENTER + ' sent to object: 'Object Repository/Objects.HighlightElements/input_field'

2020-05-29 23:38:54 - [MESSAGE][PASSED] - Keys 'ENTER + ' sent to object: 'Object Repository/Objects.HighlightElements/input_field'

2020-05-29 23:38:54 - [TEST_STEP][PASSED] - ComboBoxValue = getAttribute(NewInputNmField, "value"): Attribute 'value' of object 'Object Repository/Objects.HighlightElements/input_field' is: 'Mrs. Mikayla Romaguera Sr.'

2020-05-29 23:38:54 - [MESSAGE][PASSED] - Attribute 'value' of object 'Object Repository/Objects.HighlightElements/input_field' is: 'Mrs. Mikayla Romaguera Sr.'

2020-05-29 23:38:54 - [TEST_STEP][PASSED] - callTestCase(findTestCase(CallTCName), ["FindValue":ComboBoxValue, "DropdownNm":comboNm], STOP_ON_FAILURE): Call Test Case 'Test Cases/PFI Precision and Scale/HashMap Tables/PELists' successfully

2020-05-29 23:38:54 - [TEST_CASE][PASSED] - Test Cases/PFI Precision and Scale/HashMap Tables/PELists: Test Cases/PFI Precision and Scale/HashMap Tables/PELists

2020-05-29 23:38:54 - [TEST_STEP][PASSED] - Thread.sleep(1000): null

2020-05-29 23:38:55 - [TEST_STEP][PASSED] - PEListsTBL = ["0011":"QP-Formatted Address", "0012":"QP-0012", "0014":"QP-0014", "0015":"QP-0015", "0016":"QP-0016", "3214":"Dummy QP Name 3861", ... ]: null

2020-05-29 23:38:55 - [TEST_STEP][PASSED] - switch (DropdownNm): null

2020-05-29 23:38:55 - [TEST_STEP][PASSED] - case "PEName":: null

2020-05-29 23:38:55 - [TEST_STEP][PASSED] - ValueFound = PEListsTBL.find({ -> ... }): null

2020-05-29 23:38:55 - [TEST_STEP][PASSED] - break: null

2020-05-29 23:38:55 - [MESSAGE][PASSED] - Call Test Case 'Test Cases/PFI Precision and Scale/HashMap Tables/PELists' successfully

2020-05-29 23:38:55 - [TEST_STEP][PASSED] - println(ValueFound): null

2020-05-29 23:38:55 - [TEST_STEP][PASSED] - sendKeys(NewInputNmField, Keys.chord(ARROW_DOWN)): Keys 'DOWN + ' sent to object: 'Object Repository/Objects.HighlightElements/input_field'

2020-05-29 23:38:56 - [MESSAGE][PASSED] - Keys 'DOWN + ' sent to object: 'Object Repository/Objects.HighlightElements/input_field'

2020-05-29 23:38:56 - [TEST_STEP][PASSED] - sendKeys(NewInputNmField, Keys.chord(ENTER)): Keys 'ENTER + ' sent to object: 'Object Repository/Objects.HighlightElements/input_field'

2020-05-29 23:38:56 - [MESSAGE][PASSED] - Keys 'ENTER + ' sent to object: 'Object Repository/Objects.HighlightElements/input_field'

2020-05-29 23:38:56 - [MESSAGE][PASSED] - Call Test Case 'Test Cases/PFI Precision and Scale/PFI Components/VerifyDropdownValues' successfully

2020-05-29 23:38:56 - [TEST_STEP][PASSED] - callTestCase(findTestCase("Components/ClickCancelIcon"), [:], STOP_ON_FAILURE): Call Test Case 'Test Cases/Components/ClickCancelIcon' successfully

2020-05-29 23:38:56 - [TEST_CASE][PASSED] - Test Cases/Components/ClickCancelIcon: Test Cases/Components/ClickCancelIcon

2020-05-29 23:38:56 - [TEST_STEP][PASSED] - Thread.sleep(1000): null

2020-05-29 23:38:57 - [TEST_STEP][PASSED] - com.reusableComponents.HighlightElement.run(findTestObject("Object Repository/Objects.ActionButtons/Cancel_Icon")): com.reusableComponents.HighlightElement.run is PASSED

2020-05-29 23:38:58 - [MESSAGE][PASSED] - com.reusableComponents.HighlightElement.run is PASSED

2020-05-29 23:38:58 - [TEST_STEP][PASSED] - click(findTestObject("Object Repository/Objects.ActionButtons/Cancel_Icon")): Object: 'Object Repository/Objects.ActionButtons/Cancel_Icon' is clicked on

2020-05-29 23:38:58 - [MESSAGE][PASSED] - Object: 'Object Repository/Objects.ActionButtons/Cancel_Icon' is clicked on

2020-05-29 23:38:58 - [MESSAGE][PASSED] - Call Test Case 'Test Cases/Components/ClickCancelIcon' successfully

2020-05-29 23:38:58 - [TEST_STEP][NOT_RUN] - callTestCase(findTestCase("Components/Logout"), ["LogoutPageTextToBeVerified":findTestData("Datatable").getValue("HomeBanner", 2)], STOP_ON_FAILURE): NOT_RUN: callTestCase(findTestCase("Components/Logout"), ["LogoutPageTextToBeVerified":findTestData("Datatable").getValue("HomeBanner", 2)], STOP_ON_FAILURE)

2020-05-29 23:38:58 - [MESSAGE][NOT_RUN] - NOT_RUN: callTestCase(findTestCase("Components/Logout"), ["LogoutPageTextToBeVerified":findTestData("Datatable").getValue("HomeBanner", 2)], STOP_ON_FAILURE)]]></system-out>
         <system-err><![CDATA[]]></system-err>
      </testcase>
      <testcase name="Test Cases/PFI Precision and Scale/PFI Test Cases/PFI.D2FormsLHS" time="153.945" classname="Test Cases/PFI Precision and Scale/PFI Test Cases/PFI.D2FormsLHS" status="PASSED">
         <system-out><![CDATA[2020-05-29 23:38:58 - [TEST_CASE][PASSED] - Test Cases/PFI Precision and Scale/PFI Test Cases/PFI.D2FormsLHS: Test Cases/PFI Precision and Scale/PFI Test Cases/PFI.D2FormsLHS

2020-05-29 23:38:58 - [TEST_STEP][NOT_RUN] - callTestCase(findTestCase("Components/LoginV2.0"), ["LinkToBeUsed":findTestData("Datatable").getValue("URL", 16), "LoginPageTextToBeVerified":findTestData("Datatable").getValue("HomeBanner", 2), ... ], STOP_ON_FAILURE): NOT_RUN: callTestCase(findTestCase("Components/LoginV2.0"), ["LinkToBeUsed":findTestData("Datatable").getValue("URL", 16), "LoginPageTextToBeVerified":findTestData("Datatable").getValue("HomeBanner", 2), ... ], STOP_ON_FAILURE)

2020-05-29 23:38:58 - [MESSAGE][NOT_RUN] - NOT_RUN: callTestCase(findTestCase("Components/LoginV2.0"), ["LinkToBeUsed":findTestData("Datatable").getValue("URL", 16), "LoginPageTextToBeVerified":findTestData("Datatable").getValue("HomeBanner", 2), ... ], STOP_ON_FAILURE)

2020-05-29 23:38:58 - [TEST_STEP][NOT_RUN] - callTestCase(findTestCase("Components/Filter"), ["taskDescription":"Process Case (SM)"], STOP_ON_FAILURE): NOT_RUN: callTestCase(findTestCase("Components/Filter"), ["taskDescription":"Process Case (SM)"], STOP_ON_FAILURE)

2020-05-29 23:38:58 - [MESSAGE][NOT_RUN] - NOT_RUN: callTestCase(findTestCase("Components/Filter"), ["taskDescription":"Process Case (SM)"], STOP_ON_FAILURE)

2020-05-29 23:38:58 - [TEST_STEP][NOT_RUN] - callTestCase(findTestCase("Components/ClickLinkDependingOnTextAndIndex"), ["linkName":"Process Case (SM)", "index":"2"], STOP_ON_FAILURE): NOT_RUN: callTestCase(findTestCase("Components/ClickLinkDependingOnTextAndIndex"), ["linkName":"Process Case (SM)", "index":"2"], STOP_ON_FAILURE)

2020-05-29 23:38:58 - [MESSAGE][NOT_RUN] - NOT_RUN: callTestCase(findTestCase("Components/ClickLinkDependingOnTextAndIndex"), ["linkName":"Process Case (SM)", "index":"2"], STOP_ON_FAILURE)

2020-05-29 23:38:58 - [TEST_STEP][PASSED] - callTestCase(findTestCase("Components/NavigateToAnyLHS"), ["LHS":"D2 Forms (Second Stage)"], STOP_ON_FAILURE): Call Test Case 'Test Cases/Components/NavigateToAnyLHS' successfully

2020-05-29 23:38:58 - [TEST_CASE][PASSED] - Test Cases/Components/NavigateToAnyLHS: Test Cases/Components/NavigateToAnyLHS

2020-05-29 23:38:58 - [TEST_STEP][PASSED] - Thread.sleep(1000): null

2020-05-29 23:38:59 - [TEST_STEP][PASSED] - modifiedLHS = modifyObjectProperty(findTestObject("Objects.NavigateToAnyLHS/Page_ISPS2/LHSToModify"), "text", "equals", LHS, true): Modify property of object successfully

2020-05-29 23:38:59 - [MESSAGE][PASSED] - Modify property of object successfully

2020-05-29 23:38:59 - [TEST_STEP][PASSED] - click(modifiedLHS): Object: 'Object Repository/Objects.NavigateToAnyLHS/Page_ISPS2/LHSToModify' is clicked on

2020-05-29 23:39:00 - [MESSAGE][PASSED] - Object: 'Object Repository/Objects.NavigateToAnyLHS/Page_ISPS2/LHSToModify' is clicked on

2020-05-29 23:39:00 - [TEST_STEP][PASSED] - currentLHS = getText(modifiedLHS): Text of object 'Object Repository/Objects.NavigateToAnyLHS/Page_ISPS2/LHSToModify' is: 'D2 Forms (Second Stage)'

2020-05-29 23:39:00 - [MESSAGE][PASSED] - Text of object 'Object Repository/Objects.NavigateToAnyLHS/Page_ISPS2/LHSToModify' is: 'D2 Forms (Second Stage)'

2020-05-29 23:39:00 - [TEST_STEP][PASSED] - Thread.sleep(5000): null

2020-05-29 23:39:05 - [MESSAGE][PASSED] - Call Test Case 'Test Cases/Components/NavigateToAnyLHS' successfully

2020-05-29 23:39:05 - [TEST_STEP][PASSED] - callTestCase(findTestCase("Components/VerifyPageSuccessfullyLoadedII"), ["PageNm":"D Forms (Second Stage)"], STOP_ON_FAILURE): Call Test Case 'Test Cases/Components/VerifyPageSuccessfullyLoadedII' successfully

2020-05-29 23:39:05 - [TEST_CASE][PASSED] - Test Cases/Components/VerifyPageSuccessfullyLoadedII: Test Cases/Components/VerifyPageSuccessfullyLoadedII

2020-05-29 23:39:05 - [TEST_STEP][PASSED] - Thread.sleep(1000): null

2020-05-29 23:39:06 - [TEST_STEP][PASSED] - modifiedInputFld = modifyObjectProperty(findTestObject("Object Repository/Objects.VerifyPageSuccessfullyLoaded/PageHeaderIndex"), "xpath", "equals", "//*[contains(@class,'isps-page-title') and (text()='" + PageNm + "')]", true): Modify property of object successfully

2020-05-29 23:39:06 - [MESSAGE][PASSED] - Modify property of object successfully

2020-05-29 23:39:06 - [TEST_STEP][PASSED] - com.reusableComponents.HighlightElement.run(modifiedInputFld): com.reusableComponents.HighlightElement.run is PASSED

2020-05-29 23:39:07 - [MESSAGE][PASSED] - com.reusableComponents.HighlightElement.run is PASSED

2020-05-29 23:39:07 - [MESSAGE][PASSED] - Call Test Case 'Test Cases/Components/VerifyPageSuccessfullyLoadedII' successfully

2020-05-29 23:39:07 - [TEST_STEP][PASSED] - callTestCase(findTestCase("Components/ClickSubmitButton"), [:], STOP_ON_FAILURE): Call Test Case 'Test Cases/Components/ClickSubmitButton' successfully

2020-05-29 23:39:07 - [TEST_CASE][PASSED] - Test Cases/Components/ClickSubmitButton: Test Cases/Components/ClickSubmitButton

2020-05-29 23:39:07 - [TEST_STEP][PASSED] - Thread.sleep(1000): null

2020-05-29 23:39:08 - [TEST_STEP][PASSED] - com.reusableComponents.HighlightElement.run(findTestObject("Objects.ClickSubmitButton/XP_SubmitButton")): com.reusableComponents.HighlightElement.run is PASSED

2020-05-29 23:39:09 - [MESSAGE][PASSED] - com.reusableComponents.HighlightElement.run is PASSED

2020-05-29 23:39:09 - [TEST_STEP][PASSED] - click(findTestObject("Objects.ClickSubmitButton/XP_SubmitButton")): Object: 'Object Repository/Objects.ClickSubmitButton/XP_SubmitButton' is clicked on

2020-05-29 23:39:09 - [MESSAGE][PASSED] - Object: 'Object Repository/Objects.ClickSubmitButton/XP_SubmitButton' is clicked on

2020-05-29 23:39:09 - [MESSAGE][PASSED] - Call Test Case 'Test Cases/Components/ClickSubmitButton' successfully

2020-05-29 23:39:09 - [TEST_STEP][PASSED] - callTestCase(findTestCase("PFI Precision and Scale/PFI Components/RequiredFieldValidation"), ["nameToBeUsed":"d2RecvDt"], STOP_ON_FAILURE): Call Test Case 'Test Cases/PFI Precision and Scale/PFI Components/RequiredFieldValidation' successfully

2020-05-29 23:39:09 - [TEST_CASE][PASSED] - Test Cases/PFI Precision and Scale/PFI Components/RequiredFieldValidation: Test Cases/PFI Precision and Scale/PFI Components/RequiredFieldValidation

2020-05-29 23:39:09 - [TEST_STEP][PASSED] - enableSmartWait(): null

2020-05-29 23:39:09 - [TEST_STEP][PASSED] - NewInputNmField = modifyObjectProperty(findTestObject("Objects.HighlightElements/input_field"), "name", "equals", nameToBeUsed, true): Modify property of object successfully

2020-05-29 23:39:09 - [MESSAGE][PASSED] - Modify property of object successfully

2020-05-29 23:39:09 - [TEST_STEP][PASSED] - mouseOver(NewInputNmField): Object: 'Object Repository/Objects.HighlightElements/input_field' is hovered

2020-05-29 23:39:10 - [MESSAGE][PASSED] - Object: 'Object Repository/Objects.HighlightElements/input_field' is hovered

2020-05-29 23:39:10 - [TEST_STEP][PASSED] - getRqErrMsg = getAttribute(NewInputNmField, "data-errorqtip"): Attribute 'data-errorqtip' of object 'Object Repository/Objects.HighlightElements/input_field' is: '<ul class="x-list-plain"><li>This field is required</li></ul>'

2020-05-29 23:39:10 - [MESSAGE][PASSED] - Attribute 'data-errorqtip' of object 'Object Repository/Objects.HighlightElements/input_field' is: '<ul class="x-list-plain"><li>This field is required</li></ul>'

2020-05-29 23:39:10 - [TEST_STEP][PASSED] - strToolTip = getRqErrMsg.substring(29, 61): null

2020-05-29 23:39:10 - [TEST_STEP][PASSED] - toolTipReqErrMsg = strToolTip.substring(0, 22): null

2020-05-29 23:39:10 - [TEST_STEP][PASSED] - verifyMatch(toolTipReqErrMsg, RqField, true): Actual text 'This field is required' and expected text 'This field is required' are matched  using regular expression

2020-05-29 23:39:10 - [MESSAGE][PASSED] - Actual text 'This field is required' and expected text 'This field is required' are matched  using regular expression

2020-05-29 23:39:10 - [MESSAGE][PASSED] - Call Test Case 'Test Cases/PFI Precision and Scale/PFI Components/RequiredFieldValidation' successfully

2020-05-29 23:39:10 - [TEST_STEP][PASSED] - callTestCase(findTestCase("PFI Precision and Scale/PFI Components/RequiredFieldValidation"), ["nameToBeUsed":"d2ComplDt"], STOP_ON_FAILURE): Call Test Case 'Test Cases/PFI Precision and Scale/PFI Components/RequiredFieldValidation' successfully

2020-05-29 23:39:10 - [TEST_CASE][PASSED] - Test Cases/PFI Precision and Scale/PFI Components/RequiredFieldValidation: Test Cases/PFI Precision and Scale/PFI Components/RequiredFieldValidation

2020-05-29 23:39:10 - [TEST_STEP][PASSED] - enableSmartWait(): null

2020-05-29 23:39:10 - [TEST_STEP][PASSED] - NewInputNmField = modifyObjectProperty(findTestObject("Objects.HighlightElements/input_field"), "name", "equals", nameToBeUsed, true): Modify property of object successfully

2020-05-29 23:39:10 - [MESSAGE][PASSED] - Modify property of object successfully

2020-05-29 23:39:10 - [TEST_STEP][PASSED] - mouseOver(NewInputNmField): Object: 'Object Repository/Objects.HighlightElements/input_field' is hovered

2020-05-29 23:39:11 - [MESSAGE][PASSED] - Object: 'Object Repository/Objects.HighlightElements/input_field' is hovered

2020-05-29 23:39:11 - [TEST_STEP][PASSED] - getRqErrMsg = getAttribute(NewInputNmField, "data-errorqtip"): Attribute 'data-errorqtip' of object 'Object Repository/Objects.HighlightElements/input_field' is: '<ul class="x-list-plain"><li>This field is required</li></ul>'

2020-05-29 23:39:11 - [MESSAGE][PASSED] - Attribute 'data-errorqtip' of object 'Object Repository/Objects.HighlightElements/input_field' is: '<ul class="x-list-plain"><li>This field is required</li></ul>'

2020-05-29 23:39:11 - [TEST_STEP][PASSED] - strToolTip = getRqErrMsg.substring(29, 61): null

2020-05-29 23:39:11 - [TEST_STEP][PASSED] - toolTipReqErrMsg = strToolTip.substring(0, 22): null

2020-05-29 23:39:11 - [TEST_STEP][PASSED] - verifyMatch(toolTipReqErrMsg, RqField, true): Actual text 'This field is required' and expected text 'This field is required' are matched  using regular expression

2020-05-29 23:39:11 - [MESSAGE][PASSED] - Actual text 'This field is required' and expected text 'This field is required' are matched  using regular expression

2020-05-29 23:39:11 - [MESSAGE][PASSED] - Call Test Case 'Test Cases/PFI Precision and Scale/PFI Components/RequiredFieldValidation' successfully

2020-05-29 23:39:11 - [TEST_STEP][PASSED] - callTestCase(findTestCase("PFI Precision and Scale/PFI Components/RequiredFieldValidation"), ["nameToBeUsed":"d2aRecvDt"], STOP_ON_FAILURE): Call Test Case 'Test Cases/PFI Precision and Scale/PFI Components/RequiredFieldValidation' successfully

2020-05-29 23:39:11 - [TEST_CASE][PASSED] - Test Cases/PFI Precision and Scale/PFI Components/RequiredFieldValidation: Test Cases/PFI Precision and Scale/PFI Components/RequiredFieldValidation

2020-05-29 23:39:11 - [TEST_STEP][PASSED] - enableSmartWait(): null

2020-05-29 23:39:11 - [TEST_STEP][PASSED] - NewInputNmField = modifyObjectProperty(findTestObject("Objects.HighlightElements/input_field"), "name", "equals", nameToBeUsed, true): Modify property of object successfully

2020-05-29 23:39:11 - [MESSAGE][PASSED] - Modify property of object successfully

2020-05-29 23:39:11 - [TEST_STEP][PASSED] - mouseOver(NewInputNmField): Object: 'Object Repository/Objects.HighlightElements/input_field' is hovered

2020-05-29 23:39:12 - [MESSAGE][PASSED] - Object: 'Object Repository/Objects.HighlightElements/input_field' is hovered

2020-05-29 23:39:12 - [TEST_STEP][PASSED] - getRqErrMsg = getAttribute(NewInputNmField, "data-errorqtip"): Attribute 'data-errorqtip' of object 'Object Repository/Objects.HighlightElements/input_field' is: '<ul class="x-list-plain"><li>This field is required</li></ul>'

2020-05-29 23:39:12 - [MESSAGE][PASSED] - Attribute 'data-errorqtip' of object 'Object Repository/Objects.HighlightElements/input_field' is: '<ul class="x-list-plain"><li>This field is required</li></ul>'

2020-05-29 23:39:12 - [TEST_STEP][PASSED] - strToolTip = getRqErrMsg.substring(29, 61): null

2020-05-29 23:39:12 - [TEST_STEP][PASSED] - toolTipReqErrMsg = strToolTip.substring(0, 22): null

2020-05-29 23:39:12 - [TEST_STEP][PASSED] - verifyMatch(toolTipReqErrMsg, RqField, true): Actual text 'This field is required' and expected text 'This field is required' are matched  using regular expression

2020-05-29 23:39:12 - [MESSAGE][PASSED] - Actual text 'This field is required' and expected text 'This field is required' are matched  using regular expression

2020-05-29 23:39:12 - [MESSAGE][PASSED] - Call Test Case 'Test Cases/PFI Precision and Scale/PFI Components/RequiredFieldValidation' successfully

2020-05-29 23:39:12 - [TEST_STEP][PASSED] - callTestCase(findTestCase("PFI Precision and Scale/PFI Components/RequiredFieldValidation"), ["nameToBeUsed":"d2aComplDt"], STOP_ON_FAILURE): Call Test Case 'Test Cases/PFI Precision and Scale/PFI Components/RequiredFieldValidation' successfully

2020-05-29 23:39:12 - [TEST_CASE][PASSED] - Test Cases/PFI Precision and Scale/PFI Components/RequiredFieldValidation: Test Cases/PFI Precision and Scale/PFI Components/RequiredFieldValidation

2020-05-29 23:39:12 - [TEST_STEP][PASSED] - enableSmartWait(): null

2020-05-29 23:39:12 - [TEST_STEP][PASSED] - NewInputNmField = modifyObjectProperty(findTestObject("Objects.HighlightElements/input_field"), "name", "equals", nameToBeUsed, true): Modify property of object successfully

2020-05-29 23:39:12 - [MESSAGE][PASSED] - Modify property of object successfully

2020-05-29 23:39:12 - [TEST_STEP][PASSED] - mouseOver(NewInputNmField): Object: 'Object Repository/Objects.HighlightElements/input_field' is hovered

2020-05-29 23:39:13 - [MESSAGE][PASSED] - Object: 'Object Repository/Objects.HighlightElements/input_field' is hovered

2020-05-29 23:39:13 - [TEST_STEP][PASSED] - getRqErrMsg = getAttribute(NewInputNmField, "data-errorqtip"): Attribute 'data-errorqtip' of object 'Object Repository/Objects.HighlightElements/input_field' is: '<ul class="x-list-plain"><li>This field is required</li></ul>'

2020-05-29 23:39:13 - [MESSAGE][PASSED] - Attribute 'data-errorqtip' of object 'Object Repository/Objects.HighlightElements/input_field' is: '<ul class="x-list-plain"><li>This field is required</li></ul>'

2020-05-29 23:39:13 - [TEST_STEP][PASSED] - strToolTip = getRqErrMsg.substring(29, 61): null

2020-05-29 23:39:13 - [TEST_STEP][PASSED] - toolTipReqErrMsg = strToolTip.substring(0, 22): null

2020-05-29 23:39:13 - [TEST_STEP][PASSED] - verifyMatch(toolTipReqErrMsg, RqField, true): Actual text 'This field is required' and expected text 'This field is required' are matched  using regular expression

2020-05-29 23:39:13 - [MESSAGE][PASSED] - Actual text 'This field is required' and expected text 'This field is required' are matched  using regular expression

2020-05-29 23:39:13 - [MESSAGE][PASSED] - Call Test Case 'Test Cases/PFI Precision and Scale/PFI Components/RequiredFieldValidation' successfully

2020-05-29 23:39:13 - [TEST_STEP][PASSED] - callTestCase(findTestCase("PFI Precision and Scale/PFI Components/RequiredFieldValidation"), ["nameToBeUsed":"peRegNbr"], STOP_ON_FAILURE): Call Test Case 'Test Cases/PFI Precision and Scale/PFI Components/RequiredFieldValidation' successfully

2020-05-29 23:39:13 - [TEST_CASE][PASSED] - Test Cases/PFI Precision and Scale/PFI Components/RequiredFieldValidation: Test Cases/PFI Precision and Scale/PFI Components/RequiredFieldValidation

2020-05-29 23:39:13 - [TEST_STEP][PASSED] - enableSmartWait(): null

2020-05-29 23:39:13 - [TEST_STEP][PASSED] - NewInputNmField = modifyObjectProperty(findTestObject("Objects.HighlightElements/input_field"), "name", "equals", nameToBeUsed, true): Modify property of object successfully

2020-05-29 23:39:13 - [MESSAGE][PASSED] - Modify property of object successfully

2020-05-29 23:39:13 - [TEST_STEP][PASSED] - mouseOver(NewInputNmField): Object: 'Object Repository/Objects.HighlightElements/input_field' is hovered

2020-05-29 23:39:14 - [MESSAGE][PASSED] - Object: 'Object Repository/Objects.HighlightElements/input_field' is hovered

2020-05-29 23:39:14 - [TEST_STEP][PASSED] - getRqErrMsg = getAttribute(NewInputNmField, "data-errorqtip"): Attribute 'data-errorqtip' of object 'Object Repository/Objects.HighlightElements/input_field' is: '<ul class="x-list-plain"><li>This field is required</li></ul>'

2020-05-29 23:39:14 - [MESSAGE][PASSED] - Attribute 'data-errorqtip' of object 'Object Repository/Objects.HighlightElements/input_field' is: '<ul class="x-list-plain"><li>This field is required</li></ul>'

2020-05-29 23:39:14 - [TEST_STEP][PASSED] - strToolTip = getRqErrMsg.substring(29, 61): null

2020-05-29 23:39:14 - [TEST_STEP][PASSED] - toolTipReqErrMsg = strToolTip.substring(0, 22): null

2020-05-29 23:39:14 - [TEST_STEP][PASSED] - verifyMatch(toolTipReqErrMsg, RqField, true): Actual text 'This field is required' and expected text 'This field is required' are matched  using regular expression

2020-05-29 23:39:14 - [MESSAGE][PASSED] - Actual text 'This field is required' and expected text 'This field is required' are matched  using regular expression

2020-05-29 23:39:14 - [MESSAGE][PASSED] - Call Test Case 'Test Cases/PFI Precision and Scale/PFI Components/RequiredFieldValidation' successfully

2020-05-29 23:39:14 - [TEST_STEP][PASSED] - callTestCase(findTestCase("Components/HighlightLabelField"), ["LblName":"Inspection D2 Receive Date *:"], STOP_ON_FAILURE): Call Test Case 'Test Cases/Components/HighlightLabelField' successfully

2020-05-29 23:39:14 - [TEST_CASE][PASSED] - Test Cases/Components/HighlightLabelField: Test Cases/Components/HighlightLabelField

2020-05-29 23:39:14 - [TEST_STEP][PASSED] - Thread.sleep(1000): null

2020-05-29 23:39:15 - [TEST_STEP][PASSED] - modifiedLblNm = modifyObjectProperty(findTestObject("Objects.HighlightElements/lblField"), "text", "equals", LblName, true): Modify property of object successfully

2020-05-29 23:39:15 - [MESSAGE][PASSED] - Modify property of object successfully

2020-05-29 23:39:15 - [TEST_STEP][PASSED] - com.reusableComponents.HighlightElement.run(modifiedLblNm): com.reusableComponents.HighlightElement.run is PASSED

2020-05-29 23:39:16 - [MESSAGE][PASSED] - com.reusableComponents.HighlightElement.run is PASSED

2020-05-29 23:39:16 - [MESSAGE][PASSED] - Call Test Case 'Test Cases/Components/HighlightLabelField' successfully

2020-05-29 23:39:16 - [TEST_STEP][PASSED] - callTestCase(findTestCase("Components/HighlightInputField"), ["InputFldName":"d2RecvDt"], STOP_ON_FAILURE): Call Test Case 'Test Cases/Components/HighlightInputField' successfully

2020-05-29 23:39:16 - [TEST_CASE][PASSED] - Test Cases/Components/HighlightInputField: Test Cases/Components/HighlightInputField

2020-05-29 23:39:16 - [TEST_STEP][PASSED] - Thread.sleep(1000): null

2020-05-29 23:39:17 - [TEST_STEP][PASSED] - modifiedLblNm = modifyObjectProperty(findTestObject("Objects.HighlightElements/input_field"), "name", "equals", InputFldName, true): Modify property of object successfully

2020-05-29 23:39:17 - [MESSAGE][PASSED] - Modify property of object successfully

2020-05-29 23:39:17 - [TEST_STEP][PASSED] - com.reusableComponents.HighlightElement.run(modifiedLblNm): com.reusableComponents.HighlightElement.run is PASSED

2020-05-29 23:39:18 - [MESSAGE][PASSED] - com.reusableComponents.HighlightElement.run is PASSED

2020-05-29 23:39:18 - [MESSAGE][PASSED] - Call Test Case 'Test Cases/Components/HighlightInputField' successfully

2020-05-29 23:39:18 - [TEST_STEP][PASSED] - callTestCase(findTestCase("PFI Precision and Scale/PFI Components/NumericTextboxValidationII"), ["nameToBeUsed":"d2RecvDt", "minLen":5], STOP_ON_FAILURE): Call Test Case 'Test Cases/PFI Precision and Scale/PFI Components/NumericTextboxValidationII' successfully

2020-05-29 23:39:18 - [TEST_CASE][PASSED] - Test Cases/PFI Precision and Scale/PFI Components/NumericTextboxValidationII: Test Cases/PFI Precision and Scale/PFI Components/NumericTextboxValidationII

2020-05-29 23:39:18 - [TEST_STEP][PASSED] - Thread.sleep(1000): null

2020-05-29 23:39:19 - [TEST_STEP][PASSED] - Numeric = "0123456789": null

2020-05-29 23:39:19 - [TEST_STEP][PASSED] - AlphaSpecialChar = z) + "`~!@#$%^&*()=_{}|\][;'":,?><"".join(): null

2020-05-29 23:39:19 - [TEST_STEP][PASSED] - RandomNumeric = RandomStringUtils.random(minLen, Numeric.toCharArray()): null

2020-05-29 23:39:19 - [TEST_STEP][PASSED] - RandomString = RandomStringUtils.random(minLen, AlphaSpecialChar): null

2020-05-29 23:39:19 - [TEST_STEP][PASSED] - regexPat = Pattern.compile("^[0-9]+$"): null

2020-05-29 23:39:19 - [TEST_STEP][PASSED] - NewInputNmField = modifyObjectProperty(findTestObject("Objects.RemarksValidation/input_Remarks"), "name", "equals", nameToBeUsed, true): Modify property of object successfully

2020-05-29 23:39:19 - [MESSAGE][PASSED] - Modify property of object successfully

2020-05-29 23:39:19 - [TEST_STEP][PASSED] - focus(NewInputNmField): Object: 'Object Repository/Objects.RemarksValidation/input_Remarks' is focused

2020-05-29 23:39:19 - [MESSAGE][PASSED] - Object: 'Object Repository/Objects.RemarksValidation/input_Remarks' is focused

2020-05-29 23:39:19 - [TEST_STEP][PASSED] - setText(NewInputNmField, RandomString): Text 'x'|_q' is set on object 'Object Repository/Objects.RemarksValidation/input_Remarks'

2020-05-29 23:39:19 - [MESSAGE][PASSED] - Text 'x'|_q' is set on object 'Object Repository/Objects.RemarksValidation/input_Remarks'

2020-05-29 23:39:19 - [TEST_STEP][PASSED] - GetInputVal = getAttribute(NewInputNmField, "value"): Attribute 'value' of object 'Object Repository/Objects.RemarksValidation/input_Remarks' is: ''

2020-05-29 23:39:20 - [MESSAGE][PASSED] - Attribute 'value' of object 'Object Repository/Objects.RemarksValidation/input_Remarks' is: ''

2020-05-29 23:39:20 - [TEST_STEP][PASSED] - if (GetInputVal.contains("e")): null

2020-05-29 23:39:20 - [TEST_STEP][PASSED] - else: Actual text '' and expected text '' are matched  using regular expression

2020-05-29 23:39:20 - [TEST_STEP][PASSED] - verifyMatch(GetInputVal, "", true): Actual text '' and expected text '' are matched  using regular expression

2020-05-29 23:39:20 - [MESSAGE][PASSED] - Actual text '' and expected text '' are matched  using regular expression

2020-05-29 23:39:20 - [TEST_STEP][PASSED] - setText(NewInputNmField, RandomNumeric): Text '68170' is set on object 'Object Repository/Objects.RemarksValidation/input_Remarks'

2020-05-29 23:39:20 - [MESSAGE][PASSED] - Text '68170' is set on object 'Object Repository/Objects.RemarksValidation/input_Remarks'

2020-05-29 23:39:20 - [TEST_STEP][PASSED] - GetEnteredIntegers = getAttribute(NewInputNmField, "value"): Attribute 'value' of object 'Object Repository/Objects.RemarksValidation/input_Remarks' is: '68170'

2020-05-29 23:39:20 - [MESSAGE][PASSED] - Attribute 'value' of object 'Object Repository/Objects.RemarksValidation/input_Remarks' is: '68170'

2020-05-29 23:39:20 - [TEST_STEP][PASSED] - matchStr = regexPat.matcher(GetEnteredIntegers): null

2020-05-29 23:39:20 - [TEST_STEP][PASSED] - if (matchStr.matches() == true): Accepting Numeric

2020-05-29 23:39:20 - [TEST_STEP][PASSED] - comment("Accepting Numeric"): Accepting Numeric

2020-05-29 23:39:20 - [MESSAGE][INFO] - Accepting Numeric

2020-05-29 23:39:20 - [MESSAGE][PASSED] - Call Test Case 'Test Cases/PFI Precision and Scale/PFI Components/NumericTextboxValidationII' successfully

2020-05-29 23:39:20 - [TEST_STEP][PASSED] - callTestCase(findTestCase("PFI Precision and Scale/PFI Components/InvalidDateErrorValidation"), ["FldNm":"d2RecvDt"], STOP_ON_FAILURE): Call Test Case 'Test Cases/PFI Precision and Scale/PFI Components/InvalidDateErrorValidation' successfully

2020-05-29 23:39:20 - [TEST_CASE][PASSED] - Test Cases/PFI Precision and Scale/PFI Components/InvalidDateErrorValidation: Test Cases/PFI Precision and Scale/PFI Components/InvalidDateErrorValidation

2020-05-29 23:39:21 - [TEST_STEP][PASSED] - Thread.sleep(1000): null

2020-05-29 23:39:22 - [TEST_STEP][PASSED] - DateFieldNm = modifyObjectProperty(findTestObject("Object Repository/Objects.DateValidation/Page_ISPS2/input__orderDt"), "name", "equals", FldNm, true): Modify property of object successfully

2020-05-29 23:39:22 - [MESSAGE][PASSED] - Modify property of object successfully

2020-05-29 23:39:22 - [TEST_STEP][PASSED] - focus(DateFieldNm): Object: 'Object Repository/Objects.DateValidation/Page_ISPS2/input__orderDt' is focused

2020-05-29 23:39:22 - [MESSAGE][PASSED] - Object: 'Object Repository/Objects.DateValidation/Page_ISPS2/input__orderDt' is focused

2020-05-29 23:39:22 - [TEST_STEP][PASSED] - getInputInvalidDate = getAttribute(DateFieldNm, "value"): Attribute 'value' of object 'Object Repository/Objects.DateValidation/Page_ISPS2/input__orderDt' is: '68170'

2020-05-29 23:39:22 - [MESSAGE][PASSED] - Attribute 'value' of object 'Object Repository/Objects.DateValidation/Page_ISPS2/input__orderDt' is: '68170'

2020-05-29 23:39:22 - [TEST_STEP][PASSED] - mouseOver(DateFieldNm): Object: 'Object Repository/Objects.DateValidation/Page_ISPS2/input__orderDt' is hovered

2020-05-29 23:39:23 - [MESSAGE][PASSED] - Object: 'Object Repository/Objects.DateValidation/Page_ISPS2/input__orderDt' is hovered

2020-05-29 23:39:23 - [TEST_STEP][PASSED] - getErrMsg = getAttribute(DateFieldNm, "data-errorqtip"): Attribute 'data-errorqtip' of object 'Object Repository/Objects.DateValidation/Page_ISPS2/input__orderDt' is: '<ul class="x-list-plain"><li>68170 is not a valid date - it must be in the format d/m/Y</li></ul>'

2020-05-29 23:39:23 - [MESSAGE][PASSED] - Attribute 'data-errorqtip' of object 'Object Repository/Objects.DateValidation/Page_ISPS2/input__orderDt' is: '<ul class="x-list-plain"><li>68170 is not a valid date - it must be in the format d/m/Y</li></ul>'

2020-05-29 23:39:23 - [TEST_STEP][PASSED] - getTotalLength = getErrMsg.length(): null

2020-05-29 23:39:23 - [TEST_STEP][PASSED] - RemoveULClass = getErrMsg.substring(29, getTotalLength): null

2020-05-29 23:39:23 - [TEST_STEP][PASSED] - LengthNoUlClass = RemoveULClass.length() - 10: null

2020-05-29 23:39:23 - [TEST_STEP][PASSED] - ToolTipInvErrMsg = RemoveULClass.substring(0, LengthNoUlClass): null

2020-05-29 23:39:23 - [TEST_STEP][PASSED] - ExpectedInvalidErrMsg = concatenate(getInputInvalidDate, " ", NotValidDt): Concatenated string array: '['68170',' ','is not a valid date - it must be in the format d/m/Y']' into '68170 is not a valid date - it must be in the format d/m/Y'

2020-05-29 23:39:23 - [MESSAGE][PASSED] - Concatenated string array: '['68170',' ','is not a valid date - it must be in the format d/m/Y']' into '68170 is not a valid date - it must be in the format d/m/Y'

2020-05-29 23:39:23 - [TEST_STEP][PASSED] - verifyMatch(ToolTipInvErrMsg, ExpectedInvalidErrMsg, true): Actual text '68170 is not a valid date - it must be in the format d/m/Y' and expected text '68170 is not a valid date - it must be in the format d/m/Y' are matched  using regular expression

2020-05-29 23:39:23 - [MESSAGE][PASSED] - Actual text '68170 is not a valid date - it must be in the format d/m/Y' and expected text '68170 is not a valid date - it must be in the format d/m/Y' are matched  using regular expression

2020-05-29 23:39:23 - [MESSAGE][PASSED] - Call Test Case 'Test Cases/PFI Precision and Scale/PFI Components/InvalidDateErrorValidation' successfully

2020-05-29 23:39:23 - [TEST_STEP][PASSED] - callTestCase(findTestCase("PFI Precision and Scale/PFI Components with Indexing/SelectDayInDatePickerWithIndex"), ["FldNm":"d2RecvDt", "SelectCurrentDay":"11", "index":1], STOP_ON_FAILURE): Call Test Case 'Test Cases/PFI Precision and Scale/PFI Components with Indexing/SelectDayInDatePickerWithIndex' successfully

2020-05-29 23:39:23 - [TEST_CASE][PASSED] - Test Cases/PFI Precision and Scale/PFI Components with Indexing/SelectDayInDatePickerWithIndex: Test Cases/PFI Precision and Scale/PFI Components with Indexing/SelectDayInDatePickerWithIndex

2020-05-29 23:39:23 - [TEST_STEP][PASSED] - Thread.sleep(1000): null

2020-05-29 23:39:24 - [TEST_STEP][PASSED] - DateFieldNm = modifyObjectProperty(findTestObject("Objects.HighlightElements/input_field"), "name", "equals", FldNm, true): Modify property of object successfully

2020-05-29 23:39:24 - [MESSAGE][PASSED] - Modify property of object successfully

2020-05-29 23:39:24 - [TEST_STEP][PASSED] - ModifyDay = modifyObjectProperty(findTestObject("Objects.DateValidation/Page_ISPS2/Select_Day_Index"), "xpath", "equals", "(//*[contains(@class, 'x-datepicker-date') and (text() = '" + SelectCurrentDay + "')])[" + index + "]", true): Modify property of object successfully

2020-05-29 23:39:24 - [MESSAGE][PASSED] - Modify property of object successfully

2020-05-29 23:39:24 - [TEST_STEP][PASSED] - sendKeys(DateFieldNm, Keys.chord(ARROW_DOWN)): Keys 'DOWN + ' sent to object: 'Object Repository/Objects.HighlightElements/input_field'

2020-05-29 23:39:24 - [MESSAGE][PASSED] - Keys 'DOWN + ' sent to object: 'Object Repository/Objects.HighlightElements/input_field'

2020-05-29 23:39:24 - [TEST_STEP][PASSED] - com.reusableComponents.HighlightElement.run(ModifyDay): com.reusableComponents.HighlightElement.run is PASSED

2020-05-29 23:39:25 - [MESSAGE][PASSED] - com.reusableComponents.HighlightElement.run is PASSED

2020-05-29 23:39:25 - [TEST_STEP][PASSED] - delay(1): Delayed 1 second(s)

2020-05-29 23:39:26 - [MESSAGE][PASSED] - Delayed 1 second(s)

2020-05-29 23:39:26 - [TEST_STEP][PASSED] - click(ModifyDay): Object: 'Object Repository/Objects.DateValidation/Page_ISPS2/Select_Day_Index' is clicked on

2020-05-29 23:39:26 - [MESSAGE][PASSED] - Object: 'Object Repository/Objects.DateValidation/Page_ISPS2/Select_Day_Index' is clicked on

2020-05-29 23:39:26 - [MESSAGE][PASSED] - Call Test Case 'Test Cases/PFI Precision and Scale/PFI Components with Indexing/SelectDayInDatePickerWithIndex' successfully

2020-05-29 23:39:26 - [TEST_STEP][PASSED] - callTestCase(findTestCase("PFI Precision and Scale/PFI Components/SelectTodayInDatePicker"), ["FldNm":"d2RecvDt", "index":"1"], STOP_ON_FAILURE): Call Test Case 'Test Cases/PFI Precision and Scale/PFI Components/SelectTodayInDatePicker' successfully

2020-05-29 23:39:27 - [TEST_CASE][PASSED] - Test Cases/PFI Precision and Scale/PFI Components/SelectTodayInDatePicker: Test Cases/PFI Precision and Scale/PFI Components/SelectTodayInDatePicker

2020-05-29 23:39:27 - [TEST_STEP][PASSED] - Thread.sleep(1000): null

2020-05-29 23:39:28 - [TEST_STEP][PASSED] - DateFieldNm = modifyObjectProperty(findTestObject("Object Repository/Objects.DateValidation/Page_ISPS2/input__orderDt"), "name", "equals", FldNm, true): Modify property of object successfully

2020-05-29 23:39:28 - [MESSAGE][PASSED] - Modify property of object successfully

2020-05-29 23:39:28 - [TEST_STEP][PASSED] - TodayBtn = modifyObjectProperty(findTestObject("Object Repository/Objects.DateValidation/Page_ISPS2/a_Today"), "xpath", "equals", "(//*[text() = 'Today'])[" + index + "]", true): Modify property of object successfully

2020-05-29 23:39:28 - [MESSAGE][PASSED] - Modify property of object successfully

2020-05-29 23:39:28 - [TEST_STEP][PASSED] - sendKeys(DateFieldNm, Keys.chord(ARROW_DOWN)): Keys 'DOWN + ' sent to object: 'Object Repository/Objects.DateValidation/Page_ISPS2/input__orderDt'

2020-05-29 23:39:28 - [MESSAGE][PASSED] - Keys 'DOWN + ' sent to object: 'Object Repository/Objects.DateValidation/Page_ISPS2/input__orderDt'

2020-05-29 23:39:28 - [TEST_STEP][PASSED] - com.reusableComponents.HighlightElement.run(TodayBtn): com.reusableComponents.HighlightElement.run is PASSED

2020-05-29 23:39:29 - [MESSAGE][PASSED] - com.reusableComponents.HighlightElement.run is PASSED

2020-05-29 23:39:29 - [TEST_STEP][PASSED] - click(TodayBtn): Object: 'Object Repository/Objects.DateValidation/Page_ISPS2/a_Today' is clicked on

2020-05-29 23:39:29 - [MESSAGE][PASSED] - Object: 'Object Repository/Objects.DateValidation/Page_ISPS2/a_Today' is clicked on

2020-05-29 23:39:29 - [MESSAGE][PASSED] - Call Test Case 'Test Cases/PFI Precision and Scale/PFI Components/SelectTodayInDatePicker' successfully

2020-05-29 23:39:29 - [TEST_STEP][PASSED] - callTestCase(findTestCase("Components/HighlightLabelField"), ["LblName":"Inspection D2 Compliance Date *:"], STOP_ON_FAILURE): Call Test Case 'Test Cases/Components/HighlightLabelField' successfully

2020-05-29 23:39:29 - [TEST_CASE][PASSED] - Test Cases/Components/HighlightLabelField: Test Cases/Components/HighlightLabelField

2020-05-29 23:39:29 - [TEST_STEP][PASSED] - Thread.sleep(1000): null

2020-05-29 23:39:30 - [TEST_STEP][PASSED] - modifiedLblNm = modifyObjectProperty(findTestObject("Objects.HighlightElements/lblField"), "text", "equals", LblName, true): Modify property of object successfully

2020-05-29 23:39:30 - [MESSAGE][PASSED] - Modify property of object successfully

2020-05-29 23:39:30 - [TEST_STEP][PASSED] - com.reusableComponents.HighlightElement.run(modifiedLblNm): com.reusableComponents.HighlightElement.run is PASSED

2020-05-29 23:39:31 - [MESSAGE][PASSED] - com.reusableComponents.HighlightElement.run is PASSED

2020-05-29 23:39:31 - [MESSAGE][PASSED] - Call Test Case 'Test Cases/Components/HighlightLabelField' successfully

2020-05-29 23:39:31 - [TEST_STEP][PASSED] - callTestCase(findTestCase("Components/HighlightInputField"), ["InputFldName":"d2ComplDt"], STOP_ON_FAILURE): Call Test Case 'Test Cases/Components/HighlightInputField' successfully

2020-05-29 23:39:31 - [TEST_CASE][PASSED] - Test Cases/Components/HighlightInputField: Test Cases/Components/HighlightInputField

2020-05-29 23:39:31 - [TEST_STEP][PASSED] - Thread.sleep(1000): null

2020-05-29 23:39:32 - [TEST_STEP][PASSED] - modifiedLblNm = modifyObjectProperty(findTestObject("Objects.HighlightElements/input_field"), "name", "equals", InputFldName, true): Modify property of object successfully

2020-05-29 23:39:32 - [MESSAGE][PASSED] - Modify property of object successfully

2020-05-29 23:39:32 - [TEST_STEP][PASSED] - com.reusableComponents.HighlightElement.run(modifiedLblNm): com.reusableComponents.HighlightElement.run is PASSED

2020-05-29 23:39:33 - [MESSAGE][PASSED] - com.reusableComponents.HighlightElement.run is PASSED

2020-05-29 23:39:33 - [MESSAGE][PASSED] - Call Test Case 'Test Cases/Components/HighlightInputField' successfully

2020-05-29 23:39:33 - [TEST_STEP][PASSED] - callTestCase(findTestCase("PFI Precision and Scale/PFI Components/NumericTextboxValidationII"), ["nameToBeUsed":"d2ComplDt", "minLen":6], STOP_ON_FAILURE): Call Test Case 'Test Cases/PFI Precision and Scale/PFI Components/NumericTextboxValidationII' successfully

2020-05-29 23:39:33 - [TEST_CASE][PASSED] - Test Cases/PFI Precision and Scale/PFI Components/NumericTextboxValidationII: Test Cases/PFI Precision and Scale/PFI Components/NumericTextboxValidationII

2020-05-29 23:39:33 - [TEST_STEP][PASSED] - Thread.sleep(1000): null

2020-05-29 23:39:34 - [TEST_STEP][PASSED] - Numeric = "0123456789": null

2020-05-29 23:39:34 - [TEST_STEP][PASSED] - AlphaSpecialChar = z) + "`~!@#$%^&*()=_{}|\][;'":,?><"".join(): null

2020-05-29 23:39:34 - [TEST_STEP][PASSED] - RandomNumeric = RandomStringUtils.random(minLen, Numeric.toCharArray()): null

2020-05-29 23:39:34 - [TEST_STEP][PASSED] - RandomString = RandomStringUtils.random(minLen, AlphaSpecialChar): null

2020-05-29 23:39:34 - [TEST_STEP][PASSED] - regexPat = Pattern.compile("^[0-9]+$"): null

2020-05-29 23:39:34 - [TEST_STEP][PASSED] - NewInputNmField = modifyObjectProperty(findTestObject("Objects.RemarksValidation/input_Remarks"), "name", "equals", nameToBeUsed, true): Modify property of object successfully

2020-05-29 23:39:34 - [MESSAGE][PASSED] - Modify property of object successfully

2020-05-29 23:39:34 - [TEST_STEP][PASSED] - focus(NewInputNmField): Object: 'Object Repository/Objects.RemarksValidation/input_Remarks' is focused

2020-05-29 23:39:34 - [MESSAGE][PASSED] - Object: 'Object Repository/Objects.RemarksValidation/input_Remarks' is focused

2020-05-29 23:39:34 - [TEST_STEP][PASSED] - setText(NewInputNmField, RandomString): Text 'GlE^}U' is set on object 'Object Repository/Objects.RemarksValidation/input_Remarks'

2020-05-29 23:39:34 - [MESSAGE][PASSED] - Text 'GlE^}U' is set on object 'Object Repository/Objects.RemarksValidation/input_Remarks'

2020-05-29 23:39:34 - [TEST_STEP][PASSED] - GetInputVal = getAttribute(NewInputNmField, "value"): Attribute 'value' of object 'Object Repository/Objects.RemarksValidation/input_Remarks' is: ''

2020-05-29 23:39:34 - [MESSAGE][PASSED] - Attribute 'value' of object 'Object Repository/Objects.RemarksValidation/input_Remarks' is: ''

2020-05-29 23:39:34 - [TEST_STEP][PASSED] - if (GetInputVal.contains("e")): null

2020-05-29 23:39:34 - [TEST_STEP][PASSED] - else: Actual text '' and expected text '' are matched  using regular expression

2020-05-29 23:39:34 - [TEST_STEP][PASSED] - verifyMatch(GetInputVal, "", true): Actual text '' and expected text '' are matched  using regular expression

2020-05-29 23:39:34 - [MESSAGE][PASSED] - Actual text '' and expected text '' are matched  using regular expression

2020-05-29 23:39:34 - [TEST_STEP][PASSED] - setText(NewInputNmField, RandomNumeric): Text '883592' is set on object 'Object Repository/Objects.RemarksValidation/input_Remarks'

2020-05-29 23:39:35 - [MESSAGE][PASSED] - Text '883592' is set on object 'Object Repository/Objects.RemarksValidation/input_Remarks'

2020-05-29 23:39:35 - [TEST_STEP][PASSED] - GetEnteredIntegers = getAttribute(NewInputNmField, "value"): Attribute 'value' of object 'Object Repository/Objects.RemarksValidation/input_Remarks' is: '883592'

2020-05-29 23:39:35 - [MESSAGE][PASSED] - Attribute 'value' of object 'Object Repository/Objects.RemarksValidation/input_Remarks' is: '883592'

2020-05-29 23:39:35 - [TEST_STEP][PASSED] - matchStr = regexPat.matcher(GetEnteredIntegers): null

2020-05-29 23:39:35 - [TEST_STEP][PASSED] - if (matchStr.matches() == true): Accepting Numeric

2020-05-29 23:39:35 - [TEST_STEP][PASSED] - comment("Accepting Numeric"): Accepting Numeric

2020-05-29 23:39:35 - [MESSAGE][INFO] - Accepting Numeric

2020-05-29 23:39:35 - [MESSAGE][PASSED] - Call Test Case 'Test Cases/PFI Precision and Scale/PFI Components/NumericTextboxValidationII' successfully

2020-05-29 23:39:35 - [TEST_STEP][PASSED] - callTestCase(findTestCase("PFI Precision and Scale/PFI Components/InvalidDateErrorValidation"), ["FldNm":"d2ComplDt"], STOP_ON_FAILURE): Call Test Case 'Test Cases/PFI Precision and Scale/PFI Components/InvalidDateErrorValidation' successfully

2020-05-29 23:39:35 - [TEST_CASE][PASSED] - Test Cases/PFI Precision and Scale/PFI Components/InvalidDateErrorValidation: Test Cases/PFI Precision and Scale/PFI Components/InvalidDateErrorValidation

2020-05-29 23:39:35 - [TEST_STEP][PASSED] - Thread.sleep(1000): null

2020-05-29 23:39:36 - [TEST_STEP][PASSED] - DateFieldNm = modifyObjectProperty(findTestObject("Object Repository/Objects.DateValidation/Page_ISPS2/input__orderDt"), "name", "equals", FldNm, true): Modify property of object successfully

2020-05-29 23:39:36 - [MESSAGE][PASSED] - Modify property of object successfully

2020-05-29 23:39:36 - [TEST_STEP][PASSED] - focus(DateFieldNm): Object: 'Object Repository/Objects.DateValidation/Page_ISPS2/input__orderDt' is focused

2020-05-29 23:39:37 - [MESSAGE][PASSED] - Object: 'Object Repository/Objects.DateValidation/Page_ISPS2/input__orderDt' is focused

2020-05-29 23:39:37 - [TEST_STEP][PASSED] - getInputInvalidDate = getAttribute(DateFieldNm, "value"): Attribute 'value' of object 'Object Repository/Objects.DateValidation/Page_ISPS2/input__orderDt' is: '883592'

2020-05-29 23:39:37 - [MESSAGE][PASSED] - Attribute 'value' of object 'Object Repository/Objects.DateValidation/Page_ISPS2/input__orderDt' is: '883592'

2020-05-29 23:39:37 - [TEST_STEP][PASSED] - mouseOver(DateFieldNm): Object: 'Object Repository/Objects.DateValidation/Page_ISPS2/input__orderDt' is hovered

2020-05-29 23:39:37 - [MESSAGE][PASSED] - Object: 'Object Repository/Objects.DateValidation/Page_ISPS2/input__orderDt' is hovered

2020-05-29 23:39:37 - [TEST_STEP][PASSED] - getErrMsg = getAttribute(DateFieldNm, "data-errorqtip"): Attribute 'data-errorqtip' of object 'Object Repository/Objects.DateValidation/Page_ISPS2/input__orderDt' is: '<ul class="x-list-plain"><li>883592 is not a valid date - it must be in the format d/m/Y</li></ul>'

2020-05-29 23:39:38 - [MESSAGE][PASSED] - Attribute 'data-errorqtip' of object 'Object Repository/Objects.DateValidation/Page_ISPS2/input__orderDt' is: '<ul class="x-list-plain"><li>883592 is not a valid date - it must be in the format d/m/Y</li></ul>'

2020-05-29 23:39:38 - [TEST_STEP][PASSED] - getTotalLength = getErrMsg.length(): null

2020-05-29 23:39:38 - [TEST_STEP][PASSED] - RemoveULClass = getErrMsg.substring(29, getTotalLength): null

2020-05-29 23:39:38 - [TEST_STEP][PASSED] - LengthNoUlClass = RemoveULClass.length() - 10: null

2020-05-29 23:39:38 - [TEST_STEP][PASSED] - ToolTipInvErrMsg = RemoveULClass.substring(0, LengthNoUlClass): null

2020-05-29 23:39:38 - [TEST_STEP][PASSED] - ExpectedInvalidErrMsg = concatenate(getInputInvalidDate, " ", NotValidDt): Concatenated string array: '['883592',' ','is not a valid date - it must be in the format d/m/Y']' into '883592 is not a valid date - it must be in the format d/m/Y'

2020-05-29 23:39:38 - [MESSAGE][PASSED] - Concatenated string array: '['883592',' ','is not a valid date - it must be in the format d/m/Y']' into '883592 is not a valid date - it must be in the format d/m/Y'

2020-05-29 23:39:38 - [TEST_STEP][PASSED] - verifyMatch(ToolTipInvErrMsg, ExpectedInvalidErrMsg, true): Actual text '883592 is not a valid date - it must be in the format d/m/Y' and expected text '883592 is not a valid date - it must be in the format d/m/Y' are matched  using regular expression

2020-05-29 23:39:38 - [MESSAGE][PASSED] - Actual text '883592 is not a valid date - it must be in the format d/m/Y' and expected text '883592 is not a valid date - it must be in the format d/m/Y' are matched  using regular expression

2020-05-29 23:39:38 - [MESSAGE][PASSED] - Call Test Case 'Test Cases/PFI Precision and Scale/PFI Components/InvalidDateErrorValidation' successfully

2020-05-29 23:39:38 - [TEST_STEP][PASSED] - callTestCase(findTestCase("PFI Precision and Scale/PFI Components with Indexing/SelectDayInDatePickerWithIndex"), ["FldNm":"d2ComplDt", "SelectCurrentDay":"15", "index":2], STOP_ON_FAILURE): Call Test Case 'Test Cases/PFI Precision and Scale/PFI Components with Indexing/SelectDayInDatePickerWithIndex' successfully

2020-05-29 23:39:38 - [TEST_CASE][PASSED] - Test Cases/PFI Precision and Scale/PFI Components with Indexing/SelectDayInDatePickerWithIndex: Test Cases/PFI Precision and Scale/PFI Components with Indexing/SelectDayInDatePickerWithIndex

2020-05-29 23:39:38 - [TEST_STEP][PASSED] - Thread.sleep(1000): null

2020-05-29 23:39:39 - [TEST_STEP][PASSED] - DateFieldNm = modifyObjectProperty(findTestObject("Objects.HighlightElements/input_field"), "name", "equals", FldNm, true): Modify property of object successfully

2020-05-29 23:39:39 - [MESSAGE][PASSED] - Modify property of object successfully

2020-05-29 23:39:39 - [TEST_STEP][PASSED] - ModifyDay = modifyObjectProperty(findTestObject("Objects.DateValidation/Page_ISPS2/Select_Day_Index"), "xpath", "equals", "(//*[contains(@class, 'x-datepicker-date') and (text() = '" + SelectCurrentDay + "')])[" + index + "]", true): Modify property of object successfully

2020-05-29 23:39:39 - [MESSAGE][PASSED] - Modify property of object successfully

2020-05-29 23:39:39 - [TEST_STEP][PASSED] - sendKeys(DateFieldNm, Keys.chord(ARROW_DOWN)): Keys 'DOWN + ' sent to object: 'Object Repository/Objects.HighlightElements/input_field'

2020-05-29 23:39:39 - [MESSAGE][PASSED] - Keys 'DOWN + ' sent to object: 'Object Repository/Objects.HighlightElements/input_field'

2020-05-29 23:39:39 - [TEST_STEP][PASSED] - com.reusableComponents.HighlightElement.run(ModifyDay): com.reusableComponents.HighlightElement.run is PASSED

2020-05-29 23:39:40 - [MESSAGE][PASSED] - com.reusableComponents.HighlightElement.run is PASSED

2020-05-29 23:39:40 - [TEST_STEP][PASSED] - delay(1): Delayed 1 second(s)

2020-05-29 23:39:41 - [MESSAGE][PASSED] - Delayed 1 second(s)

2020-05-29 23:39:41 - [TEST_STEP][PASSED] - click(ModifyDay): Object: 'Object Repository/Objects.DateValidation/Page_ISPS2/Select_Day_Index' is clicked on

2020-05-29 23:39:41 - [MESSAGE][PASSED] - Object: 'Object Repository/Objects.DateValidation/Page_ISPS2/Select_Day_Index' is clicked on

2020-05-29 23:39:41 - [MESSAGE][PASSED] - Call Test Case 'Test Cases/PFI Precision and Scale/PFI Components with Indexing/SelectDayInDatePickerWithIndex' successfully

2020-05-29 23:39:41 - [TEST_STEP][PASSED] - callTestCase(findTestCase("PFI Precision and Scale/PFI Components/SelectTodayInDatePicker"), ["FldNm":"d2ComplDt", "index":"2"], STOP_ON_FAILURE): Call Test Case 'Test Cases/PFI Precision and Scale/PFI Components/SelectTodayInDatePicker' successfully

2020-05-29 23:39:41 - [TEST_CASE][PASSED] - Test Cases/PFI Precision and Scale/PFI Components/SelectTodayInDatePicker: Test Cases/PFI Precision and Scale/PFI Components/SelectTodayInDatePicker

2020-05-29 23:39:41 - [TEST_STEP][PASSED] - Thread.sleep(1000): null

2020-05-29 23:39:42 - [TEST_STEP][PASSED] - DateFieldNm = modifyObjectProperty(findTestObject("Object Repository/Objects.DateValidation/Page_ISPS2/input__orderDt"), "name", "equals", FldNm, true): Modify property of object successfully

2020-05-29 23:39:42 - [MESSAGE][PASSED] - Modify property of object successfully

2020-05-29 23:39:42 - [TEST_STEP][PASSED] - TodayBtn = modifyObjectProperty(findTestObject("Object Repository/Objects.DateValidation/Page_ISPS2/a_Today"), "xpath", "equals", "(//*[text() = 'Today'])[" + index + "]", true): Modify property of object successfully

2020-05-29 23:39:42 - [MESSAGE][PASSED] - Modify property of object successfully

2020-05-29 23:39:42 - [TEST_STEP][PASSED] - sendKeys(DateFieldNm, Keys.chord(ARROW_DOWN)): Keys 'DOWN + ' sent to object: 'Object Repository/Objects.DateValidation/Page_ISPS2/input__orderDt'

2020-05-29 23:39:42 - [MESSAGE][PASSED] - Keys 'DOWN + ' sent to object: 'Object Repository/Objects.DateValidation/Page_ISPS2/input__orderDt'

2020-05-29 23:39:42 - [TEST_STEP][PASSED] - com.reusableComponents.HighlightElement.run(TodayBtn): com.reusableComponents.HighlightElement.run is PASSED

2020-05-29 23:39:43 - [MESSAGE][PASSED] - com.reusableComponents.HighlightElement.run is PASSED

2020-05-29 23:39:43 - [TEST_STEP][PASSED] - click(TodayBtn): Object: 'Object Repository/Objects.DateValidation/Page_ISPS2/a_Today' is clicked on

2020-05-29 23:39:44 - [MESSAGE][PASSED] - Object: 'Object Repository/Objects.DateValidation/Page_ISPS2/a_Today' is clicked on

2020-05-29 23:39:44 - [MESSAGE][PASSED] - Call Test Case 'Test Cases/PFI Precision and Scale/PFI Components/SelectTodayInDatePicker' successfully

2020-05-29 23:39:44 - [TEST_STEP][PASSED] - callTestCase(findTestCase("Components/HighlightLabelField"), ["LblName":"Inspection D2a Receive Date *:"], STOP_ON_FAILURE): Call Test Case 'Test Cases/Components/HighlightLabelField' successfully

2020-05-29 23:39:44 - [TEST_CASE][PASSED] - Test Cases/Components/HighlightLabelField: Test Cases/Components/HighlightLabelField

2020-05-29 23:39:44 - [TEST_STEP][PASSED] - Thread.sleep(1000): null

2020-05-29 23:39:45 - [TEST_STEP][PASSED] - modifiedLblNm = modifyObjectProperty(findTestObject("Objects.HighlightElements/lblField"), "text", "equals", LblName, true): Modify property of object successfully

2020-05-29 23:39:45 - [MESSAGE][PASSED] - Modify property of object successfully

2020-05-29 23:39:45 - [TEST_STEP][PASSED] - com.reusableComponents.HighlightElement.run(modifiedLblNm): com.reusableComponents.HighlightElement.run is PASSED

2020-05-29 23:39:45 - [MESSAGE][PASSED] - com.reusableComponents.HighlightElement.run is PASSED

2020-05-29 23:39:45 - [MESSAGE][PASSED] - Call Test Case 'Test Cases/Components/HighlightLabelField' successfully

2020-05-29 23:39:45 - [TEST_STEP][PASSED] - callTestCase(findTestCase("Components/HighlightInputField"), ["InputFldName":"d2aRecvDt"], STOP_ON_FAILURE): Call Test Case 'Test Cases/Components/HighlightInputField' successfully

2020-05-29 23:39:45 - [TEST_CASE][PASSED] - Test Cases/Components/HighlightInputField: Test Cases/Components/HighlightInputField

2020-05-29 23:39:45 - [TEST_STEP][PASSED] - Thread.sleep(1000): null

2020-05-29 23:39:46 - [TEST_STEP][PASSED] - modifiedLblNm = modifyObjectProperty(findTestObject("Objects.HighlightElements/input_field"), "name", "equals", InputFldName, true): Modify property of object successfully

2020-05-29 23:39:46 - [MESSAGE][PASSED] - Modify property of object successfully

2020-05-29 23:39:46 - [TEST_STEP][PASSED] - com.reusableComponents.HighlightElement.run(modifiedLblNm): com.reusableComponents.HighlightElement.run is PASSED

2020-05-29 23:39:47 - [MESSAGE][PASSED] - com.reusableComponents.HighlightElement.run is PASSED

2020-05-29 23:39:47 - [MESSAGE][PASSED] - Call Test Case 'Test Cases/Components/HighlightInputField' successfully

2020-05-29 23:39:47 - [TEST_STEP][PASSED] - callTestCase(findTestCase("PFI Precision and Scale/PFI Components/NumericTextboxValidationII"), ["nameToBeUsed":"d2aRecvDt", "minLen":8], STOP_ON_FAILURE): Call Test Case 'Test Cases/PFI Precision and Scale/PFI Components/NumericTextboxValidationII' successfully

2020-05-29 23:39:47 - [TEST_CASE][PASSED] - Test Cases/PFI Precision and Scale/PFI Components/NumericTextboxValidationII: Test Cases/PFI Precision and Scale/PFI Components/NumericTextboxValidationII

2020-05-29 23:39:47 - [TEST_STEP][PASSED] - Thread.sleep(1000): null

2020-05-29 23:39:48 - [TEST_STEP][PASSED] - Numeric = "0123456789": null

2020-05-29 23:39:48 - [TEST_STEP][PASSED] - AlphaSpecialChar = z) + "`~!@#$%^&*()=_{}|\][;'":,?><"".join(): null

2020-05-29 23:39:48 - [TEST_STEP][PASSED] - RandomNumeric = RandomStringUtils.random(minLen, Numeric.toCharArray()): null

2020-05-29 23:39:48 - [TEST_STEP][PASSED] - RandomString = RandomStringUtils.random(minLen, AlphaSpecialChar): null

2020-05-29 23:39:48 - [TEST_STEP][PASSED] - regexPat = Pattern.compile("^[0-9]+$"): null

2020-05-29 23:39:48 - [TEST_STEP][PASSED] - NewInputNmField = modifyObjectProperty(findTestObject("Objects.RemarksValidation/input_Remarks"), "name", "equals", nameToBeUsed, true): Modify property of object successfully

2020-05-29 23:39:48 - [MESSAGE][PASSED] - Modify property of object successfully

2020-05-29 23:39:48 - [TEST_STEP][PASSED] - focus(NewInputNmField): Object: 'Object Repository/Objects.RemarksValidation/input_Remarks' is focused

2020-05-29 23:39:48 - [MESSAGE][PASSED] - Object: 'Object Repository/Objects.RemarksValidation/input_Remarks' is focused

2020-05-29 23:39:48 - [TEST_STEP][PASSED] - setText(NewInputNmField, RandomString): Text 'nBTi%yFX' is set on object 'Object Repository/Objects.RemarksValidation/input_Remarks'

2020-05-29 23:39:49 - [MESSAGE][PASSED] - Text 'nBTi%yFX' is set on object 'Object Repository/Objects.RemarksValidation/input_Remarks'

2020-05-29 23:39:49 - [TEST_STEP][PASSED] - GetInputVal = getAttribute(NewInputNmField, "value"): Attribute 'value' of object 'Object Repository/Objects.RemarksValidation/input_Remarks' is: ''

2020-05-29 23:39:49 - [MESSAGE][PASSED] - Attribute 'value' of object 'Object Repository/Objects.RemarksValidation/input_Remarks' is: ''

2020-05-29 23:39:49 - [TEST_STEP][PASSED] - if (GetInputVal.contains("e")): null

2020-05-29 23:39:49 - [TEST_STEP][PASSED] - else: Actual text '' and expected text '' are matched  using regular expression

2020-05-29 23:39:49 - [TEST_STEP][PASSED] - verifyMatch(GetInputVal, "", true): Actual text '' and expected text '' are matched  using regular expression

2020-05-29 23:39:49 - [MESSAGE][PASSED] - Actual text '' and expected text '' are matched  using regular expression

2020-05-29 23:39:49 - [TEST_STEP][PASSED] - setText(NewInputNmField, RandomNumeric): Text '21185752' is set on object 'Object Repository/Objects.RemarksValidation/input_Remarks'

2020-05-29 23:39:49 - [MESSAGE][PASSED] - Text '21185752' is set on object 'Object Repository/Objects.RemarksValidation/input_Remarks'

2020-05-29 23:39:49 - [TEST_STEP][PASSED] - GetEnteredIntegers = getAttribute(NewInputNmField, "value"): Attribute 'value' of object 'Object Repository/Objects.RemarksValidation/input_Remarks' is: '21185752'

2020-05-29 23:39:50 - [MESSAGE][PASSED] - Attribute 'value' of object 'Object Repository/Objects.RemarksValidation/input_Remarks' is: '21185752'

2020-05-29 23:39:50 - [TEST_STEP][PASSED] - matchStr = regexPat.matcher(GetEnteredIntegers): null

2020-05-29 23:39:50 - [TEST_STEP][PASSED] - if (matchStr.matches() == true): Accepting Numeric

2020-05-29 23:39:50 - [TEST_STEP][PASSED] - comment("Accepting Numeric"): Accepting Numeric

2020-05-29 23:39:50 - [MESSAGE][INFO] - Accepting Numeric

2020-05-29 23:39:50 - [MESSAGE][PASSED] - Call Test Case 'Test Cases/PFI Precision and Scale/PFI Components/NumericTextboxValidationII' successfully

2020-05-29 23:39:50 - [TEST_STEP][PASSED] - callTestCase(findTestCase("PFI Precision and Scale/PFI Components/InvalidDateErrorValidation"), ["FldNm":"d2aRecvDt"], STOP_ON_FAILURE): Call Test Case 'Test Cases/PFI Precision and Scale/PFI Components/InvalidDateErrorValidation' successfully

2020-05-29 23:39:50 - [TEST_CASE][PASSED] - Test Cases/PFI Precision and Scale/PFI Components/InvalidDateErrorValidation: Test Cases/PFI Precision and Scale/PFI Components/InvalidDateErrorValidation

2020-05-29 23:39:50 - [TEST_STEP][PASSED] - Thread.sleep(1000): null

2020-05-29 23:39:51 - [TEST_STEP][PASSED] - DateFieldNm = modifyObjectProperty(findTestObject("Object Repository/Objects.DateValidation/Page_ISPS2/input__orderDt"), "name", "equals", FldNm, true): Modify property of object successfully

2020-05-29 23:39:51 - [MESSAGE][PASSED] - Modify property of object successfully

2020-05-29 23:39:51 - [TEST_STEP][PASSED] - focus(DateFieldNm): Object: 'Object Repository/Objects.DateValidation/Page_ISPS2/input__orderDt' is focused

2020-05-29 23:39:51 - [MESSAGE][PASSED] - Object: 'Object Repository/Objects.DateValidation/Page_ISPS2/input__orderDt' is focused

2020-05-29 23:39:51 - [TEST_STEP][PASSED] - getInputInvalidDate = getAttribute(DateFieldNm, "value"): Attribute 'value' of object 'Object Repository/Objects.DateValidation/Page_ISPS2/input__orderDt' is: '21185752'

2020-05-29 23:39:51 - [MESSAGE][PASSED] - Attribute 'value' of object 'Object Repository/Objects.DateValidation/Page_ISPS2/input__orderDt' is: '21185752'

2020-05-29 23:39:51 - [TEST_STEP][PASSED] - mouseOver(DateFieldNm): Object: 'Object Repository/Objects.DateValidation/Page_ISPS2/input__orderDt' is hovered

2020-05-29 23:39:52 - [MESSAGE][PASSED] - Object: 'Object Repository/Objects.DateValidation/Page_ISPS2/input__orderDt' is hovered

2020-05-29 23:39:52 - [TEST_STEP][PASSED] - getErrMsg = getAttribute(DateFieldNm, "data-errorqtip"): Attribute 'data-errorqtip' of object 'Object Repository/Objects.DateValidation/Page_ISPS2/input__orderDt' is: '<ul class="x-list-plain"><li>21185752 is not a valid date - it must be in the format d/m/Y</li></ul>'

2020-05-29 23:39:52 - [MESSAGE][PASSED] - Attribute 'data-errorqtip' of object 'Object Repository/Objects.DateValidation/Page_ISPS2/input__orderDt' is: '<ul class="x-list-plain"><li>21185752 is not a valid date - it must be in the format d/m/Y</li></ul>'

2020-05-29 23:39:52 - [TEST_STEP][PASSED] - getTotalLength = getErrMsg.length(): null

2020-05-29 23:39:52 - [TEST_STEP][PASSED] - RemoveULClass = getErrMsg.substring(29, getTotalLength): null

2020-05-29 23:39:52 - [TEST_STEP][PASSED] - LengthNoUlClass = RemoveULClass.length() - 10: null

2020-05-29 23:39:52 - [TEST_STEP][PASSED] - ToolTipInvErrMsg = RemoveULClass.substring(0, LengthNoUlClass): null

2020-05-29 23:39:52 - [TEST_STEP][PASSED] - ExpectedInvalidErrMsg = concatenate(getInputInvalidDate, " ", NotValidDt): Concatenated string array: '['21185752',' ','is not a valid date - it must be in the format d/m/Y']' into '21185752 is not a valid date - it must be in the format d/m/Y'

2020-05-29 23:39:52 - [MESSAGE][PASSED] - Concatenated string array: '['21185752',' ','is not a valid date - it must be in the format d/m/Y']' into '21185752 is not a valid date - it must be in the format d/m/Y'

2020-05-29 23:39:52 - [TEST_STEP][PASSED] - verifyMatch(ToolTipInvErrMsg, ExpectedInvalidErrMsg, true): Actual text '21185752 is not a valid date - it must be in the format d/m/Y' and expected text '21185752 is not a valid date - it must be in the format d/m/Y' are matched  using regular expression

2020-05-29 23:39:52 - [MESSAGE][PASSED] - Actual text '21185752 is not a valid date - it must be in the format d/m/Y' and expected text '21185752 is not a valid date - it must be in the format d/m/Y' are matched  using regular expression

2020-05-29 23:39:52 - [MESSAGE][PASSED] - Call Test Case 'Test Cases/PFI Precision and Scale/PFI Components/InvalidDateErrorValidation' successfully

2020-05-29 23:39:52 - [TEST_STEP][PASSED] - callTestCase(findTestCase("PFI Precision and Scale/PFI Components with Indexing/SelectDayInDatePickerWithIndex"), ["FldNm":"d2aRecvDt", "SelectCurrentDay":"21", "index":3], STOP_ON_FAILURE): Call Test Case 'Test Cases/PFI Precision and Scale/PFI Components with Indexing/SelectDayInDatePickerWithIndex' successfully

2020-05-29 23:39:52 - [TEST_CASE][PASSED] - Test Cases/PFI Precision and Scale/PFI Components with Indexing/SelectDayInDatePickerWithIndex: Test Cases/PFI Precision and Scale/PFI Components with Indexing/SelectDayInDatePickerWithIndex

2020-05-29 23:39:52 - [TEST_STEP][PASSED] - Thread.sleep(1000): null

2020-05-29 23:39:53 - [TEST_STEP][PASSED] - DateFieldNm = modifyObjectProperty(findTestObject("Objects.HighlightElements/input_field"), "name", "equals", FldNm, true): Modify property of object successfully

2020-05-29 23:39:53 - [MESSAGE][PASSED] - Modify property of object successfully

2020-05-29 23:39:53 - [TEST_STEP][PASSED] - ModifyDay = modifyObjectProperty(findTestObject("Objects.DateValidation/Page_ISPS2/Select_Day_Index"), "xpath", "equals", "(//*[contains(@class, 'x-datepicker-date') and (text() = '" + SelectCurrentDay + "')])[" + index + "]", true): Modify property of object successfully

2020-05-29 23:39:53 - [MESSAGE][PASSED] - Modify property of object successfully

2020-05-29 23:39:53 - [TEST_STEP][PASSED] - sendKeys(DateFieldNm, Keys.chord(ARROW_DOWN)): Keys 'DOWN + ' sent to object: 'Object Repository/Objects.HighlightElements/input_field'

2020-05-29 23:39:54 - [MESSAGE][PASSED] - Keys 'DOWN + ' sent to object: 'Object Repository/Objects.HighlightElements/input_field'

2020-05-29 23:39:54 - [TEST_STEP][PASSED] - com.reusableComponents.HighlightElement.run(ModifyDay): com.reusableComponents.HighlightElement.run is PASSED

2020-05-29 23:39:54 - [MESSAGE][PASSED] - com.reusableComponents.HighlightElement.run is PASSED

2020-05-29 23:39:54 - [TEST_STEP][PASSED] - delay(1): Delayed 1 second(s)

2020-05-29 23:39:55 - [MESSAGE][PASSED] - Delayed 1 second(s)

2020-05-29 23:39:55 - [TEST_STEP][PASSED] - click(ModifyDay): Object: 'Object Repository/Objects.DateValidation/Page_ISPS2/Select_Day_Index' is clicked on

2020-05-29 23:39:56 - [MESSAGE][PASSED] - Object: 'Object Repository/Objects.DateValidation/Page_ISPS2/Select_Day_Index' is clicked on

2020-05-29 23:39:56 - [MESSAGE][PASSED] - Call Test Case 'Test Cases/PFI Precision and Scale/PFI Components with Indexing/SelectDayInDatePickerWithIndex' successfully

2020-05-29 23:39:56 - [TEST_STEP][PASSED] - callTestCase(findTestCase("PFI Precision and Scale/PFI Components/SelectTodayInDatePicker"), ["FldNm":"d2aRecvDt", "index":3], STOP_ON_FAILURE): Call Test Case 'Test Cases/PFI Precision and Scale/PFI Components/SelectTodayInDatePicker' successfully

2020-05-29 23:39:56 - [TEST_CASE][PASSED] - Test Cases/PFI Precision and Scale/PFI Components/SelectTodayInDatePicker: Test Cases/PFI Precision and Scale/PFI Components/SelectTodayInDatePicker

2020-05-29 23:39:56 - [TEST_STEP][PASSED] - Thread.sleep(1000): null

2020-05-29 23:39:57 - [TEST_STEP][PASSED] - DateFieldNm = modifyObjectProperty(findTestObject("Object Repository/Objects.DateValidation/Page_ISPS2/input__orderDt"), "name", "equals", FldNm, true): Modify property of object successfully

2020-05-29 23:39:57 - [MESSAGE][PASSED] - Modify property of object successfully

2020-05-29 23:39:57 - [TEST_STEP][PASSED] - TodayBtn = modifyObjectProperty(findTestObject("Object Repository/Objects.DateValidation/Page_ISPS2/a_Today"), "xpath", "equals", "(//*[text() = 'Today'])[" + index + "]", true): Modify property of object successfully

2020-05-29 23:39:57 - [MESSAGE][PASSED] - Modify property of object successfully

2020-05-29 23:39:57 - [TEST_STEP][PASSED] - sendKeys(DateFieldNm, Keys.chord(ARROW_DOWN)): Keys 'DOWN + ' sent to object: 'Object Repository/Objects.DateValidation/Page_ISPS2/input__orderDt'

2020-05-29 23:39:57 - [MESSAGE][PASSED] - Keys 'DOWN + ' sent to object: 'Object Repository/Objects.DateValidation/Page_ISPS2/input__orderDt'

2020-05-29 23:39:57 - [TEST_STEP][PASSED] - com.reusableComponents.HighlightElement.run(TodayBtn): com.reusableComponents.HighlightElement.run is PASSED

2020-05-29 23:39:58 - [MESSAGE][PASSED] - com.reusableComponents.HighlightElement.run is PASSED

2020-05-29 23:39:58 - [TEST_STEP][PASSED] - click(TodayBtn): Object: 'Object Repository/Objects.DateValidation/Page_ISPS2/a_Today' is clicked on

2020-05-29 23:39:58 - [MESSAGE][PASSED] - Object: 'Object Repository/Objects.DateValidation/Page_ISPS2/a_Today' is clicked on

2020-05-29 23:39:58 - [MESSAGE][PASSED] - Call Test Case 'Test Cases/PFI Precision and Scale/PFI Components/SelectTodayInDatePicker' successfully

2020-05-29 23:39:58 - [TEST_STEP][PASSED] - callTestCase(findTestCase("Components/HighlightLabelField"), ["LblName":"Inspection D2a Compliance Date *:"], STOP_ON_FAILURE): Call Test Case 'Test Cases/Components/HighlightLabelField' successfully

2020-05-29 23:39:58 - [TEST_CASE][PASSED] - Test Cases/Components/HighlightLabelField: Test Cases/Components/HighlightLabelField

2020-05-29 23:39:58 - [TEST_STEP][PASSED] - Thread.sleep(1000): null

2020-05-29 23:39:59 - [TEST_STEP][PASSED] - modifiedLblNm = modifyObjectProperty(findTestObject("Objects.HighlightElements/lblField"), "text", "equals", LblName, true): Modify property of object successfully

2020-05-29 23:39:59 - [MESSAGE][PASSED] - Modify property of object successfully

2020-05-29 23:39:59 - [TEST_STEP][PASSED] - com.reusableComponents.HighlightElement.run(modifiedLblNm): com.reusableComponents.HighlightElement.run is PASSED

2020-05-29 23:40:00 - [MESSAGE][PASSED] - com.reusableComponents.HighlightElement.run is PASSED

2020-05-29 23:40:00 - [MESSAGE][PASSED] - Call Test Case 'Test Cases/Components/HighlightLabelField' successfully

2020-05-29 23:40:00 - [TEST_STEP][PASSED] - callTestCase(findTestCase("Components/HighlightInputField"), ["InputFldName":"d2aComplDt"], STOP_ON_FAILURE): Call Test Case 'Test Cases/Components/HighlightInputField' successfully

2020-05-29 23:40:00 - [TEST_CASE][PASSED] - Test Cases/Components/HighlightInputField: Test Cases/Components/HighlightInputField

2020-05-29 23:40:00 - [TEST_STEP][PASSED] - Thread.sleep(1000): null

2020-05-29 23:40:01 - [TEST_STEP][PASSED] - modifiedLblNm = modifyObjectProperty(findTestObject("Objects.HighlightElements/input_field"), "name", "equals", InputFldName, true): Modify property of object successfully

2020-05-29 23:40:01 - [MESSAGE][PASSED] - Modify property of object successfully

2020-05-29 23:40:01 - [TEST_STEP][PASSED] - com.reusableComponents.HighlightElement.run(modifiedLblNm): com.reusableComponents.HighlightElement.run is PASSED

2020-05-29 23:40:02 - [MESSAGE][PASSED] - com.reusableComponents.HighlightElement.run is PASSED

2020-05-29 23:40:02 - [MESSAGE][PASSED] - Call Test Case 'Test Cases/Components/HighlightInputField' successfully

2020-05-29 23:40:02 - [TEST_STEP][PASSED] - callTestCase(findTestCase("PFI Precision and Scale/PFI Components/NumericTextboxValidationII"), ["nameToBeUsed":"d2aComplDt", "minLen":12], STOP_ON_FAILURE): Call Test Case 'Test Cases/PFI Precision and Scale/PFI Components/NumericTextboxValidationII' successfully

2020-05-29 23:40:02 - [TEST_CASE][PASSED] - Test Cases/PFI Precision and Scale/PFI Components/NumericTextboxValidationII: Test Cases/PFI Precision and Scale/PFI Components/NumericTextboxValidationII

2020-05-29 23:40:02 - [TEST_STEP][PASSED] - Thread.sleep(1000): null

2020-05-29 23:40:03 - [TEST_STEP][PASSED] - Numeric = "0123456789": null

2020-05-29 23:40:03 - [TEST_STEP][PASSED] - AlphaSpecialChar = z) + "`~!@#$%^&*()=_{}|\][;'":,?><"".join(): null

2020-05-29 23:40:03 - [TEST_STEP][PASSED] - RandomNumeric = RandomStringUtils.random(minLen, Numeric.toCharArray()): null

2020-05-29 23:40:03 - [TEST_STEP][PASSED] - RandomString = RandomStringUtils.random(minLen, AlphaSpecialChar): null

2020-05-29 23:40:03 - [TEST_STEP][PASSED] - regexPat = Pattern.compile("^[0-9]+$"): null

2020-05-29 23:40:03 - [TEST_STEP][PASSED] - NewInputNmField = modifyObjectProperty(findTestObject("Objects.RemarksValidation/input_Remarks"), "name", "equals", nameToBeUsed, true): Modify property of object successfully

2020-05-29 23:40:03 - [MESSAGE][PASSED] - Modify property of object successfully

2020-05-29 23:40:03 - [TEST_STEP][PASSED] - focus(NewInputNmField): Object: 'Object Repository/Objects.RemarksValidation/input_Remarks' is focused

2020-05-29 23:40:03 - [MESSAGE][PASSED] - Object: 'Object Repository/Objects.RemarksValidation/input_Remarks' is focused

2020-05-29 23:40:03 - [TEST_STEP][PASSED] - setText(NewInputNmField, RandomString): Text 'e)P:fjK;vEVu' is set on object 'Object Repository/Objects.RemarksValidation/input_Remarks'

2020-05-29 23:40:04 - [MESSAGE][PASSED] - Text 'e)P:fjK;vEVu' is set on object 'Object Repository/Objects.RemarksValidation/input_Remarks'

2020-05-29 23:40:04 - [TEST_STEP][PASSED] - GetInputVal = getAttribute(NewInputNmField, "value"): Attribute 'value' of object 'Object Repository/Objects.RemarksValidation/input_Remarks' is: ''

2020-05-29 23:40:04 - [MESSAGE][PASSED] - Attribute 'value' of object 'Object Repository/Objects.RemarksValidation/input_Remarks' is: ''

2020-05-29 23:40:04 - [TEST_STEP][PASSED] - if (GetInputVal.contains("e")): null

2020-05-29 23:40:04 - [TEST_STEP][PASSED] - else: Actual text '' and expected text '' are matched  using regular expression

2020-05-29 23:40:04 - [TEST_STEP][PASSED] - verifyMatch(GetInputVal, "", true): Actual text '' and expected text '' are matched  using regular expression

2020-05-29 23:40:04 - [MESSAGE][PASSED] - Actual text '' and expected text '' are matched  using regular expression

2020-05-29 23:40:04 - [TEST_STEP][PASSED] - setText(NewInputNmField, RandomNumeric): Text '567973574136' is set on object 'Object Repository/Objects.RemarksValidation/input_Remarks'

2020-05-29 23:40:04 - [MESSAGE][PASSED] - Text '567973574136' is set on object 'Object Repository/Objects.RemarksValidation/input_Remarks'

2020-05-29 23:40:04 - [TEST_STEP][PASSED] - GetEnteredIntegers = getAttribute(NewInputNmField, "value"): Attribute 'value' of object 'Object Repository/Objects.RemarksValidation/input_Remarks' is: '567973574136'

2020-05-29 23:40:05 - [MESSAGE][PASSED] - Attribute 'value' of object 'Object Repository/Objects.RemarksValidation/input_Remarks' is: '567973574136'

2020-05-29 23:40:05 - [TEST_STEP][PASSED] - matchStr = regexPat.matcher(GetEnteredIntegers): null

2020-05-29 23:40:05 - [TEST_STEP][PASSED] - if (matchStr.matches() == true): Accepting Numeric

2020-05-29 23:40:05 - [TEST_STEP][PASSED] - comment("Accepting Numeric"): Accepting Numeric

2020-05-29 23:40:05 - [MESSAGE][INFO] - Accepting Numeric

2020-05-29 23:40:05 - [MESSAGE][PASSED] - Call Test Case 'Test Cases/PFI Precision and Scale/PFI Components/NumericTextboxValidationII' successfully

2020-05-29 23:40:05 - [TEST_STEP][PASSED] - callTestCase(findTestCase("PFI Precision and Scale/PFI Components/InvalidDateErrorValidation"), ["FldNm":"d2aComplDt"], STOP_ON_FAILURE): Call Test Case 'Test Cases/PFI Precision and Scale/PFI Components/InvalidDateErrorValidation' successfully

2020-05-29 23:40:05 - [TEST_CASE][PASSED] - Test Cases/PFI Precision and Scale/PFI Components/InvalidDateErrorValidation: Test Cases/PFI Precision and Scale/PFI Components/InvalidDateErrorValidation

2020-05-29 23:40:05 - [TEST_STEP][PASSED] - Thread.sleep(1000): null

2020-05-29 23:40:06 - [TEST_STEP][PASSED] - DateFieldNm = modifyObjectProperty(findTestObject("Object Repository/Objects.DateValidation/Page_ISPS2/input__orderDt"), "name", "equals", FldNm, true): Modify property of object successfully

2020-05-29 23:40:06 - [MESSAGE][PASSED] - Modify property of object successfully

2020-05-29 23:40:06 - [TEST_STEP][PASSED] - focus(DateFieldNm): Object: 'Object Repository/Objects.DateValidation/Page_ISPS2/input__orderDt' is focused

2020-05-29 23:40:06 - [MESSAGE][PASSED] - Object: 'Object Repository/Objects.DateValidation/Page_ISPS2/input__orderDt' is focused

2020-05-29 23:40:06 - [TEST_STEP][PASSED] - getInputInvalidDate = getAttribute(DateFieldNm, "value"): Attribute 'value' of object 'Object Repository/Objects.DateValidation/Page_ISPS2/input__orderDt' is: '567973574136'

2020-05-29 23:40:06 - [MESSAGE][PASSED] - Attribute 'value' of object 'Object Repository/Objects.DateValidation/Page_ISPS2/input__orderDt' is: '567973574136'

2020-05-29 23:40:06 - [TEST_STEP][PASSED] - mouseOver(DateFieldNm): Object: 'Object Repository/Objects.DateValidation/Page_ISPS2/input__orderDt' is hovered

2020-05-29 23:40:07 - [MESSAGE][PASSED] - Object: 'Object Repository/Objects.DateValidation/Page_ISPS2/input__orderDt' is hovered

2020-05-29 23:40:07 - [TEST_STEP][PASSED] - getErrMsg = getAttribute(DateFieldNm, "data-errorqtip"): Attribute 'data-errorqtip' of object 'Object Repository/Objects.DateValidation/Page_ISPS2/input__orderDt' is: '<ul class="x-list-plain"><li>567973574136 is not a valid date - it must be in the format d/m/Y</li></ul>'

2020-05-29 23:40:07 - [MESSAGE][PASSED] - Attribute 'data-errorqtip' of object 'Object Repository/Objects.DateValidation/Page_ISPS2/input__orderDt' is: '<ul class="x-list-plain"><li>567973574136 is not a valid date - it must be in the format d/m/Y</li></ul>'

2020-05-29 23:40:07 - [TEST_STEP][PASSED] - getTotalLength = getErrMsg.length(): null

2020-05-29 23:40:07 - [TEST_STEP][PASSED] - RemoveULClass = getErrMsg.substring(29, getTotalLength): null

2020-05-29 23:40:07 - [TEST_STEP][PASSED] - LengthNoUlClass = RemoveULClass.length() - 10: null

2020-05-29 23:40:07 - [TEST_STEP][PASSED] - ToolTipInvErrMsg = RemoveULClass.substring(0, LengthNoUlClass): null

2020-05-29 23:40:07 - [TEST_STEP][PASSED] - ExpectedInvalidErrMsg = concatenate(getInputInvalidDate, " ", NotValidDt): Concatenated string array: '['567973574136',' ','is not a valid date - it must be in the format d/m/Y']' into '567973574136 is not a valid date - it must be in the format d/m/Y'

2020-05-29 23:40:07 - [MESSAGE][PASSED] - Concatenated string array: '['567973574136',' ','is not a valid date - it must be in the format d/m/Y']' into '567973574136 is not a valid date - it must be in the format d/m/Y'

2020-05-29 23:40:07 - [TEST_STEP][PASSED] - verifyMatch(ToolTipInvErrMsg, ExpectedInvalidErrMsg, true): Actual text '567973574136 is not a valid date - it must be in the format d/m/Y' and expected text '567973574136 is not a valid date - it must be in the format d/m/Y' are matched  using regular expression

2020-05-29 23:40:07 - [MESSAGE][PASSED] - Actual text '567973574136 is not a valid date - it must be in the format d/m/Y' and expected text '567973574136 is not a valid date - it must be in the format d/m/Y' are matched  using regular expression

2020-05-29 23:40:07 - [MESSAGE][PASSED] - Call Test Case 'Test Cases/PFI Precision and Scale/PFI Components/InvalidDateErrorValidation' successfully

2020-05-29 23:40:07 - [TEST_STEP][PASSED] - callTestCase(findTestCase("PFI Precision and Scale/PFI Components with Indexing/SelectDayInDatePickerWithIndex"), ["FldNm":"d2aComplDt", "SelectCurrentDay":"9", "index":4], STOP_ON_FAILURE): Call Test Case 'Test Cases/PFI Precision and Scale/PFI Components with Indexing/SelectDayInDatePickerWithIndex' successfully

2020-05-29 23:40:07 - [TEST_CASE][PASSED] - Test Cases/PFI Precision and Scale/PFI Components with Indexing/SelectDayInDatePickerWithIndex: Test Cases/PFI Precision and Scale/PFI Components with Indexing/SelectDayInDatePickerWithIndex

2020-05-29 23:40:07 - [TEST_STEP][PASSED] - Thread.sleep(1000): null

2020-05-29 23:40:08 - [TEST_STEP][PASSED] - DateFieldNm = modifyObjectProperty(findTestObject("Objects.HighlightElements/input_field"), "name", "equals", FldNm, true): Modify property of object successfully

2020-05-29 23:40:08 - [MESSAGE][PASSED] - Modify property of object successfully

2020-05-29 23:40:08 - [TEST_STEP][PASSED] - ModifyDay = modifyObjectProperty(findTestObject("Objects.DateValidation/Page_ISPS2/Select_Day_Index"), "xpath", "equals", "(//*[contains(@class, 'x-datepicker-date') and (text() = '" + SelectCurrentDay + "')])[" + index + "]", true): Modify property of object successfully

2020-05-29 23:40:08 - [MESSAGE][PASSED] - Modify property of object successfully

2020-05-29 23:40:08 - [TEST_STEP][PASSED] - sendKeys(DateFieldNm, Keys.chord(ARROW_DOWN)): Keys 'DOWN + ' sent to object: 'Object Repository/Objects.HighlightElements/input_field'

2020-05-29 23:40:08 - [MESSAGE][PASSED] - Keys 'DOWN + ' sent to object: 'Object Repository/Objects.HighlightElements/input_field'

2020-05-29 23:40:08 - [TEST_STEP][PASSED] - com.reusableComponents.HighlightElement.run(ModifyDay): com.reusableComponents.HighlightElement.run is PASSED

2020-05-29 23:40:09 - [MESSAGE][PASSED] - com.reusableComponents.HighlightElement.run is PASSED

2020-05-29 23:40:09 - [TEST_STEP][PASSED] - delay(1): Delayed 1 second(s)

2020-05-29 23:40:10 - [MESSAGE][PASSED] - Delayed 1 second(s)

2020-05-29 23:40:10 - [TEST_STEP][PASSED] - click(ModifyDay): Object: 'Object Repository/Objects.DateValidation/Page_ISPS2/Select_Day_Index' is clicked on

2020-05-29 23:40:11 - [MESSAGE][PASSED] - Object: 'Object Repository/Objects.DateValidation/Page_ISPS2/Select_Day_Index' is clicked on

2020-05-29 23:40:11 - [MESSAGE][PASSED] - Call Test Case 'Test Cases/PFI Precision and Scale/PFI Components with Indexing/SelectDayInDatePickerWithIndex' successfully

2020-05-29 23:40:11 - [TEST_STEP][PASSED] - callTestCase(findTestCase("PFI Precision and Scale/PFI Components/SelectTodayInDatePicker"), ["FldNm":"d2aComplDt", "index":4], STOP_ON_FAILURE): Call Test Case 'Test Cases/PFI Precision and Scale/PFI Components/SelectTodayInDatePicker' successfully

2020-05-29 23:40:11 - [TEST_CASE][PASSED] - Test Cases/PFI Precision and Scale/PFI Components/SelectTodayInDatePicker: Test Cases/PFI Precision and Scale/PFI Components/SelectTodayInDatePicker

2020-05-29 23:40:11 - [TEST_STEP][PASSED] - Thread.sleep(1000): null

2020-05-29 23:40:12 - [TEST_STEP][PASSED] - DateFieldNm = modifyObjectProperty(findTestObject("Object Repository/Objects.DateValidation/Page_ISPS2/input__orderDt"), "name", "equals", FldNm, true): Modify property of object successfully

2020-05-29 23:40:12 - [MESSAGE][PASSED] - Modify property of object successfully

2020-05-29 23:40:12 - [TEST_STEP][PASSED] - TodayBtn = modifyObjectProperty(findTestObject("Object Repository/Objects.DateValidation/Page_ISPS2/a_Today"), "xpath", "equals", "(//*[text() = 'Today'])[" + index + "]", true): Modify property of object successfully

2020-05-29 23:40:12 - [MESSAGE][PASSED] - Modify property of object successfully

2020-05-29 23:40:12 - [TEST_STEP][PASSED] - sendKeys(DateFieldNm, Keys.chord(ARROW_DOWN)): Keys 'DOWN + ' sent to object: 'Object Repository/Objects.DateValidation/Page_ISPS2/input__orderDt'

2020-05-29 23:40:12 - [MESSAGE][PASSED] - Keys 'DOWN + ' sent to object: 'Object Repository/Objects.DateValidation/Page_ISPS2/input__orderDt'

2020-05-29 23:40:12 - [TEST_STEP][PASSED] - com.reusableComponents.HighlightElement.run(TodayBtn): com.reusableComponents.HighlightElement.run is PASSED

2020-05-29 23:40:13 - [MESSAGE][PASSED] - com.reusableComponents.HighlightElement.run is PASSED

2020-05-29 23:40:13 - [TEST_STEP][PASSED] - click(TodayBtn): Object: 'Object Repository/Objects.DateValidation/Page_ISPS2/a_Today' is clicked on

2020-05-29 23:40:13 - [MESSAGE][PASSED] - Object: 'Object Repository/Objects.DateValidation/Page_ISPS2/a_Today' is clicked on

2020-05-29 23:40:13 - [MESSAGE][PASSED] - Call Test Case 'Test Cases/PFI Precision and Scale/PFI Components/SelectTodayInDatePicker' successfully

2020-05-29 23:40:13 - [TEST_STEP][PASSED] - callTestCase(findTestCase("Components/HighlightLabelField"), ["LblName":"PE Reference No *:"], STOP_ON_FAILURE): Call Test Case 'Test Cases/Components/HighlightLabelField' successfully

2020-05-29 23:40:13 - [TEST_CASE][PASSED] - Test Cases/Components/HighlightLabelField: Test Cases/Components/HighlightLabelField

2020-05-29 23:40:13 - [TEST_STEP][PASSED] - Thread.sleep(1000): null

2020-05-29 23:40:14 - [TEST_STEP][PASSED] - modifiedLblNm = modifyObjectProperty(findTestObject("Objects.HighlightElements/lblField"), "text", "equals", LblName, true): Modify property of object successfully

2020-05-29 23:40:14 - [MESSAGE][PASSED] - Modify property of object successfully

2020-05-29 23:40:14 - [TEST_STEP][PASSED] - com.reusableComponents.HighlightElement.run(modifiedLblNm): com.reusableComponents.HighlightElement.run is PASSED

2020-05-29 23:40:15 - [MESSAGE][PASSED] - com.reusableComponents.HighlightElement.run is PASSED

2020-05-29 23:40:15 - [MESSAGE][PASSED] - Call Test Case 'Test Cases/Components/HighlightLabelField' successfully

2020-05-29 23:40:15 - [TEST_STEP][PASSED] - callTestCase(findTestCase("Components/HighlightInputField"), ["InputFldName":"peRegNbr"], STOP_ON_FAILURE): Call Test Case 'Test Cases/Components/HighlightInputField' successfully

2020-05-29 23:40:15 - [TEST_CASE][PASSED] - Test Cases/Components/HighlightInputField: Test Cases/Components/HighlightInputField

2020-05-29 23:40:15 - [TEST_STEP][PASSED] - Thread.sleep(1000): null

2020-05-29 23:40:16 - [TEST_STEP][PASSED] - modifiedLblNm = modifyObjectProperty(findTestObject("Objects.HighlightElements/input_field"), "name", "equals", InputFldName, true): Modify property of object successfully

2020-05-29 23:40:16 - [MESSAGE][PASSED] - Modify property of object successfully

2020-05-29 23:40:16 - [TEST_STEP][PASSED] - com.reusableComponents.HighlightElement.run(modifiedLblNm): com.reusableComponents.HighlightElement.run is PASSED

2020-05-29 23:40:16 - [MESSAGE][PASSED] - com.reusableComponents.HighlightElement.run is PASSED

2020-05-29 23:40:16 - [MESSAGE][PASSED] - Call Test Case 'Test Cases/Components/HighlightInputField' successfully

2020-05-29 23:40:16 - [TEST_STEP][PASSED] - callTestCase(findTestCase("PFI Precision and Scale/PFI Components/VerifyDropdownValues"), ["FldNm":"peRegNbr", "CallTCName":"Test Cases/PFI Precision and Scale/HashMap Tables/PELists", "cmbNm":"PENo", "NoOfVal":10, ... ], STOP_ON_FAILURE): Call Test Case 'Test Cases/PFI Precision and Scale/PFI Components/VerifyDropdownValues' successfully

2020-05-29 23:40:17 - [TEST_CASE][PASSED] - Test Cases/PFI Precision and Scale/PFI Components/VerifyDropdownValues: Test Cases/PFI Precision and Scale/PFI Components/VerifyDropdownValues

2020-05-29 23:40:17 - [TEST_STEP][PASSED] - Thread.sleep(1000): null

2020-05-29 23:40:18 - [TEST_STEP][PASSED] - NewInputNmField = modifyObjectProperty(findTestObject("Objects.HighlightElements/input_field"), "name", "equals", FldNm, true): Modify property of object successfully

2020-05-29 23:40:18 - [MESSAGE][PASSED] - Modify property of object successfully

2020-05-29 23:40:18 - [TEST_STEP][PASSED] - comboNm = cmbNm: null

2020-05-29 23:40:18 - [TEST_STEP][PASSED] - focus(NewInputNmField): Object: 'Object Repository/Objects.HighlightElements/input_field' is focused

2020-05-29 23:40:18 - [MESSAGE][PASSED] - Object: 'Object Repository/Objects.HighlightElements/input_field' is focused

2020-05-29 23:40:18 - [TEST_STEP][PASSED] - setText(NewInputNmField, EnterValue): Text '0016' is set on object 'Object Repository/Objects.HighlightElements/input_field'

2020-05-29 23:40:18 - [MESSAGE][PASSED] - Text '0016' is set on object 'Object Repository/Objects.HighlightElements/input_field'

2020-05-29 23:40:18 - [TEST_STEP][PASSED] - for ([i = 1, i <= NoOfVal, (i++)]): Keys 'DOWN + ' sent to object: 'Object Repository/Objects.HighlightElements/input_field'

2020-05-29 23:40:18 - [TEST_STEP][PASSED] - sendKeys(NewInputNmField, Keys.chord(ARROW_DOWN)): Keys 'DOWN + ' sent to object: 'Object Repository/Objects.HighlightElements/input_field'

2020-05-29 23:40:19 - [MESSAGE][PASSED] - Keys 'DOWN + ' sent to object: 'Object Repository/Objects.HighlightElements/input_field'

2020-05-29 23:40:19 - [TEST_STEP][PASSED] - delay(DelayTime): Delayed 5 second(s)

2020-05-29 23:40:24 - [MESSAGE][PASSED] - Delayed 5 second(s)

2020-05-29 23:40:24 - [TEST_STEP][PASSED] - sendKeys(NewInputNmField, Keys.chord(ENTER)): Keys 'ENTER + ' sent to object: 'Object Repository/Objects.HighlightElements/input_field'

2020-05-29 23:40:24 - [MESSAGE][PASSED] - Keys 'ENTER + ' sent to object: 'Object Repository/Objects.HighlightElements/input_field'

2020-05-29 23:40:24 - [TEST_STEP][PASSED] - ComboBoxValue = getAttribute(NewInputNmField, "value"): Attribute 'value' of object 'Object Repository/Objects.HighlightElements/input_field' is: '0016'

2020-05-29 23:40:24 - [MESSAGE][PASSED] - Attribute 'value' of object 'Object Repository/Objects.HighlightElements/input_field' is: '0016'

2020-05-29 23:40:24 - [TEST_STEP][PASSED] - callTestCase(findTestCase(CallTCName), ["FindValue":ComboBoxValue, "DropdownNm":comboNm], STOP_ON_FAILURE): Call Test Case 'Test Cases/PFI Precision and Scale/HashMap Tables/PELists' successfully

2020-05-29 23:40:24 - [TEST_CASE][PASSED] - Test Cases/PFI Precision and Scale/HashMap Tables/PELists: Test Cases/PFI Precision and Scale/HashMap Tables/PELists

2020-05-29 23:40:24 - [TEST_STEP][PASSED] - Thread.sleep(1000): null

2020-05-29 23:40:25 - [TEST_STEP][PASSED] - PEListsTBL = ["0011":"QP-Formatted Address", "0012":"QP-0012", "0014":"QP-0014", "0015":"QP-0015", "0016":"QP-0016", "3214":"Dummy QP Name 3861", ... ]: null

2020-05-29 23:40:25 - [TEST_STEP][PASSED] - switch (DropdownNm): null

2020-05-29 23:40:25 - [TEST_STEP][PASSED] - case "PENo":: null

2020-05-29 23:40:25 - [TEST_STEP][PASSED] - ValueFound = FindValue + " (" + get(FindValue).toString() + ")": null

2020-05-29 23:40:25 - [TEST_STEP][PASSED] - break: null

2020-05-29 23:40:25 - [MESSAGE][PASSED] - Call Test Case 'Test Cases/PFI Precision and Scale/HashMap Tables/PELists' successfully

2020-05-29 23:40:25 - [TEST_STEP][PASSED] - println(ValueFound): null

2020-05-29 23:40:25 - [TEST_STEP][PASSED] - sendKeys(NewInputNmField, Keys.chord(ARROW_DOWN)): Keys 'DOWN + ' sent to object: 'Object Repository/Objects.HighlightElements/input_field'

2020-05-29 23:40:26 - [MESSAGE][PASSED] - Keys 'DOWN + ' sent to object: 'Object Repository/Objects.HighlightElements/input_field'

2020-05-29 23:40:26 - [TEST_STEP][PASSED] - sendKeys(NewInputNmField, Keys.chord(ARROW_DOWN)): Keys 'DOWN + ' sent to object: 'Object Repository/Objects.HighlightElements/input_field'

2020-05-29 23:40:26 - [MESSAGE][PASSED] - Keys 'DOWN + ' sent to object: 'Object Repository/Objects.HighlightElements/input_field'

2020-05-29 23:40:26 - [TEST_STEP][PASSED] - delay(DelayTime): Delayed 5 second(s)

2020-05-29 23:40:31 - [MESSAGE][PASSED] - Delayed 5 second(s)

2020-05-29 23:40:31 - [TEST_STEP][PASSED] - sendKeys(NewInputNmField, Keys.chord(ENTER)): Keys 'ENTER + ' sent to object: 'Object Repository/Objects.HighlightElements/input_field'

2020-05-29 23:40:31 - [MESSAGE][PASSED] - Keys 'ENTER + ' sent to object: 'Object Repository/Objects.HighlightElements/input_field'

2020-05-29 23:40:31 - [TEST_STEP][PASSED] - ComboBoxValue = getAttribute(NewInputNmField, "value"): Attribute 'value' of object 'Object Repository/Objects.HighlightElements/input_field' is: '1004'

2020-05-29 23:40:32 - [MESSAGE][PASSED] - Attribute 'value' of object 'Object Repository/Objects.HighlightElements/input_field' is: '1004'

2020-05-29 23:40:32 - [TEST_STEP][PASSED] - callTestCase(findTestCase(CallTCName), ["FindValue":ComboBoxValue, "DropdownNm":comboNm], STOP_ON_FAILURE): Call Test Case 'Test Cases/PFI Precision and Scale/HashMap Tables/PELists' successfully

2020-05-29 23:40:32 - [TEST_CASE][PASSED] - Test Cases/PFI Precision and Scale/HashMap Tables/PELists: Test Cases/PFI Precision and Scale/HashMap Tables/PELists

2020-05-29 23:40:32 - [TEST_STEP][PASSED] - Thread.sleep(1000): null

2020-05-29 23:40:33 - [TEST_STEP][PASSED] - PEListsTBL = ["0011":"QP-Formatted Address", "0012":"QP-0012", "0014":"QP-0014", "0015":"QP-0015", "0016":"QP-0016", "3214":"Dummy QP Name 3861", ... ]: null

2020-05-29 23:40:33 - [TEST_STEP][PASSED] - switch (DropdownNm): null

2020-05-29 23:40:33 - [TEST_STEP][PASSED] - case "PENo":: null

2020-05-29 23:40:33 - [TEST_STEP][PASSED] - ValueFound = FindValue + " (" + get(FindValue).toString() + ")": null

2020-05-29 23:40:33 - [TEST_STEP][PASSED] - break: null

2020-05-29 23:40:33 - [MESSAGE][PASSED] - Call Test Case 'Test Cases/PFI Precision and Scale/HashMap Tables/PELists' successfully

2020-05-29 23:40:33 - [TEST_STEP][PASSED] - println(ValueFound): null

2020-05-29 23:40:33 - [TEST_STEP][PASSED] - sendKeys(NewInputNmField, Keys.chord(ARROW_DOWN)): Keys 'DOWN + ' sent to object: 'Object Repository/Objects.HighlightElements/input_field'

2020-05-29 23:40:33 - [MESSAGE][PASSED] - Keys 'DOWN + ' sent to object: 'Object Repository/Objects.HighlightElements/input_field'

2020-05-29 23:40:33 - [TEST_STEP][PASSED] - sendKeys(NewInputNmField, Keys.chord(ARROW_DOWN)): Keys 'DOWN + ' sent to object: 'Object Repository/Objects.HighlightElements/input_field'

2020-05-29 23:40:34 - [MESSAGE][PASSED] - Keys 'DOWN + ' sent to object: 'Object Repository/Objects.HighlightElements/input_field'

2020-05-29 23:40:34 - [TEST_STEP][PASSED] - delay(DelayTime): Delayed 5 second(s)

2020-05-29 23:40:39 - [MESSAGE][PASSED] - Delayed 5 second(s)

2020-05-29 23:40:39 - [TEST_STEP][PASSED] - sendKeys(NewInputNmField, Keys.chord(ENTER)): Keys 'ENTER + ' sent to object: 'Object Repository/Objects.HighlightElements/input_field'

2020-05-29 23:40:39 - [MESSAGE][PASSED] - Keys 'ENTER + ' sent to object: 'Object Repository/Objects.HighlightElements/input_field'

2020-05-29 23:40:39 - [TEST_STEP][PASSED] - ComboBoxValue = getAttribute(NewInputNmField, "value"): Attribute 'value' of object 'Object Repository/Objects.HighlightElements/input_field' is: '1004'

2020-05-29 23:40:39 - [MESSAGE][PASSED] - Attribute 'value' of object 'Object Repository/Objects.HighlightElements/input_field' is: '1004'

2020-05-29 23:40:39 - [TEST_STEP][PASSED] - callTestCase(findTestCase(CallTCName), ["FindValue":ComboBoxValue, "DropdownNm":comboNm], STOP_ON_FAILURE): Call Test Case 'Test Cases/PFI Precision and Scale/HashMap Tables/PELists' successfully

2020-05-29 23:40:39 - [TEST_CASE][PASSED] - Test Cases/PFI Precision and Scale/HashMap Tables/PELists: Test Cases/PFI Precision and Scale/HashMap Tables/PELists

2020-05-29 23:40:39 - [TEST_STEP][PASSED] - Thread.sleep(1000): null

2020-05-29 23:40:40 - [TEST_STEP][PASSED] - PEListsTBL = ["0011":"QP-Formatted Address", "0012":"QP-0012", "0014":"QP-0014", "0015":"QP-0015", "0016":"QP-0016", "3214":"Dummy QP Name 3861", ... ]: null

2020-05-29 23:40:40 - [TEST_STEP][PASSED] - switch (DropdownNm): null

2020-05-29 23:40:40 - [TEST_STEP][PASSED] - case "PENo":: null

2020-05-29 23:40:40 - [TEST_STEP][PASSED] - ValueFound = FindValue + " (" + get(FindValue).toString() + ")": null

2020-05-29 23:40:40 - [TEST_STEP][PASSED] - break: null

2020-05-29 23:40:40 - [MESSAGE][PASSED] - Call Test Case 'Test Cases/PFI Precision and Scale/HashMap Tables/PELists' successfully

2020-05-29 23:40:40 - [TEST_STEP][PASSED] - println(ValueFound): null

2020-05-29 23:40:40 - [TEST_STEP][PASSED] - sendKeys(NewInputNmField, Keys.chord(ARROW_DOWN)): Keys 'DOWN + ' sent to object: 'Object Repository/Objects.HighlightElements/input_field'

2020-05-29 23:40:40 - [MESSAGE][PASSED] - Keys 'DOWN + ' sent to object: 'Object Repository/Objects.HighlightElements/input_field'

2020-05-29 23:40:40 - [TEST_STEP][PASSED] - sendKeys(NewInputNmField, Keys.chord(ARROW_DOWN)): Keys 'DOWN + ' sent to object: 'Object Repository/Objects.HighlightElements/input_field'

2020-05-29 23:40:41 - [MESSAGE][PASSED] - Keys 'DOWN + ' sent to object: 'Object Repository/Objects.HighlightElements/input_field'

2020-05-29 23:40:41 - [TEST_STEP][PASSED] - delay(DelayTime): Delayed 5 second(s)

2020-05-29 23:40:46 - [MESSAGE][PASSED] - Delayed 5 second(s)

2020-05-29 23:40:46 - [TEST_STEP][PASSED] - sendKeys(NewInputNmField, Keys.chord(ENTER)): Keys 'ENTER + ' sent to object: 'Object Repository/Objects.HighlightElements/input_field'

2020-05-29 23:40:46 - [MESSAGE][PASSED] - Keys 'ENTER + ' sent to object: 'Object Repository/Objects.HighlightElements/input_field'

2020-05-29 23:40:46 - [TEST_STEP][PASSED] - ComboBoxValue = getAttribute(NewInputNmField, "value"): Attribute 'value' of object 'Object Repository/Objects.HighlightElements/input_field' is: '1004'

2020-05-29 23:40:46 - [MESSAGE][PASSED] - Attribute 'value' of object 'Object Repository/Objects.HighlightElements/input_field' is: '1004'

2020-05-29 23:40:46 - [TEST_STEP][PASSED] - callTestCase(findTestCase(CallTCName), ["FindValue":ComboBoxValue, "DropdownNm":comboNm], STOP_ON_FAILURE): Call Test Case 'Test Cases/PFI Precision and Scale/HashMap Tables/PELists' successfully

2020-05-29 23:40:47 - [TEST_CASE][PASSED] - Test Cases/PFI Precision and Scale/HashMap Tables/PELists: Test Cases/PFI Precision and Scale/HashMap Tables/PELists

2020-05-29 23:40:47 - [TEST_STEP][PASSED] - Thread.sleep(1000): null

2020-05-29 23:40:48 - [TEST_STEP][PASSED] - PEListsTBL = ["0011":"QP-Formatted Address", "0012":"QP-0012", "0014":"QP-0014", "0015":"QP-0015", "0016":"QP-0016", "3214":"Dummy QP Name 3861", ... ]: null

2020-05-29 23:40:48 - [TEST_STEP][PASSED] - switch (DropdownNm): null

2020-05-29 23:40:48 - [TEST_STEP][PASSED] - case "PENo":: null

2020-05-29 23:40:48 - [TEST_STEP][PASSED] - ValueFound = FindValue + " (" + get(FindValue).toString() + ")": null

2020-05-29 23:40:48 - [TEST_STEP][PASSED] - break: null

2020-05-29 23:40:48 - [MESSAGE][PASSED] - Call Test Case 'Test Cases/PFI Precision and Scale/HashMap Tables/PELists' successfully

2020-05-29 23:40:48 - [TEST_STEP][PASSED] - println(ValueFound): null

2020-05-29 23:40:48 - [TEST_STEP][PASSED] - sendKeys(NewInputNmField, Keys.chord(ARROW_DOWN)): Keys 'DOWN + ' sent to object: 'Object Repository/Objects.HighlightElements/input_field'

2020-05-29 23:40:48 - [MESSAGE][PASSED] - Keys 'DOWN + ' sent to object: 'Object Repository/Objects.HighlightElements/input_field'

2020-05-29 23:40:48 - [TEST_STEP][PASSED] - sendKeys(NewInputNmField, Keys.chord(ARROW_DOWN)): Keys 'DOWN + ' sent to object: 'Object Repository/Objects.HighlightElements/input_field'

2020-05-29 23:40:48 - [MESSAGE][PASSED] - Keys 'DOWN + ' sent to object: 'Object Repository/Objects.HighlightElements/input_field'

2020-05-29 23:40:48 - [TEST_STEP][PASSED] - delay(DelayTime): Delayed 5 second(s)

2020-05-29 23:40:53 - [MESSAGE][PASSED] - Delayed 5 second(s)

2020-05-29 23:40:53 - [TEST_STEP][PASSED] - sendKeys(NewInputNmField, Keys.chord(ENTER)): Keys 'ENTER + ' sent to object: 'Object Repository/Objects.HighlightElements/input_field'

2020-05-29 23:40:54 - [MESSAGE][PASSED] - Keys 'ENTER + ' sent to object: 'Object Repository/Objects.HighlightElements/input_field'

2020-05-29 23:40:54 - [TEST_STEP][PASSED] - ComboBoxValue = getAttribute(NewInputNmField, "value"): Attribute 'value' of object 'Object Repository/Objects.HighlightElements/input_field' is: '1004'

2020-05-29 23:40:54 - [MESSAGE][PASSED] - Attribute 'value' of object 'Object Repository/Objects.HighlightElements/input_field' is: '1004'

2020-05-29 23:40:54 - [TEST_STEP][PASSED] - callTestCase(findTestCase(CallTCName), ["FindValue":ComboBoxValue, "DropdownNm":comboNm], STOP_ON_FAILURE): Call Test Case 'Test Cases/PFI Precision and Scale/HashMap Tables/PELists' successfully

2020-05-29 23:40:54 - [TEST_CASE][PASSED] - Test Cases/PFI Precision and Scale/HashMap Tables/PELists: Test Cases/PFI Precision and Scale/HashMap Tables/PELists

2020-05-29 23:40:54 - [TEST_STEP][PASSED] - Thread.sleep(1000): null

2020-05-29 23:40:55 - [TEST_STEP][PASSED] - PEListsTBL = ["0011":"QP-Formatted Address", "0012":"QP-0012", "0014":"QP-0014", "0015":"QP-0015", "0016":"QP-0016", "3214":"Dummy QP Name 3861", ... ]: null

2020-05-29 23:40:55 - [TEST_STEP][PASSED] - switch (DropdownNm): null

2020-05-29 23:40:55 - [TEST_STEP][PASSED] - case "PENo":: null

2020-05-29 23:40:55 - [TEST_STEP][PASSED] - ValueFound = FindValue + " (" + get(FindValue).toString() + ")": null

2020-05-29 23:40:55 - [TEST_STEP][PASSED] - break: null

2020-05-29 23:40:55 - [MESSAGE][PASSED] - Call Test Case 'Test Cases/PFI Precision and Scale/HashMap Tables/PELists' successfully

2020-05-29 23:40:55 - [TEST_STEP][PASSED] - println(ValueFound): null

2020-05-29 23:40:55 - [TEST_STEP][PASSED] - sendKeys(NewInputNmField, Keys.chord(ARROW_DOWN)): Keys 'DOWN + ' sent to object: 'Object Repository/Objects.HighlightElements/input_field'

2020-05-29 23:40:55 - [MESSAGE][PASSED] - Keys 'DOWN + ' sent to object: 'Object Repository/Objects.HighlightElements/input_field'

2020-05-29 23:40:55 - [TEST_STEP][PASSED] - sendKeys(NewInputNmField, Keys.chord(ARROW_DOWN)): Keys 'DOWN + ' sent to object: 'Object Repository/Objects.HighlightElements/input_field'

2020-05-29 23:40:56 - [MESSAGE][PASSED] - Keys 'DOWN + ' sent to object: 'Object Repository/Objects.HighlightElements/input_field'

2020-05-29 23:40:56 - [TEST_STEP][PASSED] - delay(DelayTime): Delayed 5 second(s)

2020-05-29 23:41:01 - [MESSAGE][PASSED] - Delayed 5 second(s)

2020-05-29 23:41:01 - [TEST_STEP][PASSED] - sendKeys(NewInputNmField, Keys.chord(ENTER)): Keys 'ENTER + ' sent to object: 'Object Repository/Objects.HighlightElements/input_field'

2020-05-29 23:41:01 - [MESSAGE][PASSED] - Keys 'ENTER + ' sent to object: 'Object Repository/Objects.HighlightElements/input_field'

2020-05-29 23:41:01 - [TEST_STEP][PASSED] - ComboBoxValue = getAttribute(NewInputNmField, "value"): Attribute 'value' of object 'Object Repository/Objects.HighlightElements/input_field' is: '1004'

2020-05-29 23:41:01 - [MESSAGE][PASSED] - Attribute 'value' of object 'Object Repository/Objects.HighlightElements/input_field' is: '1004'

2020-05-29 23:41:01 - [TEST_STEP][PASSED] - callTestCase(findTestCase(CallTCName), ["FindValue":ComboBoxValue, "DropdownNm":comboNm], STOP_ON_FAILURE): Call Test Case 'Test Cases/PFI Precision and Scale/HashMap Tables/PELists' successfully

2020-05-29 23:41:01 - [TEST_CASE][PASSED] - Test Cases/PFI Precision and Scale/HashMap Tables/PELists: Test Cases/PFI Precision and Scale/HashMap Tables/PELists

2020-05-29 23:41:01 - [TEST_STEP][PASSED] - Thread.sleep(1000): null

2020-05-29 23:41:02 - [TEST_STEP][PASSED] - PEListsTBL = ["0011":"QP-Formatted Address", "0012":"QP-0012", "0014":"QP-0014", "0015":"QP-0015", "0016":"QP-0016", "3214":"Dummy QP Name 3861", ... ]: null

2020-05-29 23:41:02 - [TEST_STEP][PASSED] - switch (DropdownNm): null

2020-05-29 23:41:02 - [TEST_STEP][PASSED] - case "PENo":: null

2020-05-29 23:41:02 - [TEST_STEP][PASSED] - ValueFound = FindValue + " (" + get(FindValue).toString() + ")": null

2020-05-29 23:41:02 - [TEST_STEP][PASSED] - break: null

2020-05-29 23:41:02 - [MESSAGE][PASSED] - Call Test Case 'Test Cases/PFI Precision and Scale/HashMap Tables/PELists' successfully

2020-05-29 23:41:02 - [TEST_STEP][PASSED] - println(ValueFound): null

2020-05-29 23:41:02 - [TEST_STEP][PASSED] - sendKeys(NewInputNmField, Keys.chord(ARROW_DOWN)): Keys 'DOWN + ' sent to object: 'Object Repository/Objects.HighlightElements/input_field'

2020-05-29 23:41:02 - [MESSAGE][PASSED] - Keys 'DOWN + ' sent to object: 'Object Repository/Objects.HighlightElements/input_field'

2020-05-29 23:41:02 - [TEST_STEP][PASSED] - sendKeys(NewInputNmField, Keys.chord(ARROW_DOWN)): Keys 'DOWN + ' sent to object: 'Object Repository/Objects.HighlightElements/input_field'

2020-05-29 23:41:03 - [MESSAGE][PASSED] - Keys 'DOWN + ' sent to object: 'Object Repository/Objects.HighlightElements/input_field'

2020-05-29 23:41:03 - [TEST_STEP][PASSED] - delay(DelayTime): Delayed 5 second(s)

2020-05-29 23:41:08 - [MESSAGE][PASSED] - Delayed 5 second(s)

2020-05-29 23:41:08 - [TEST_STEP][PASSED] - sendKeys(NewInputNmField, Keys.chord(ENTER)): Keys 'ENTER + ' sent to object: 'Object Repository/Objects.HighlightElements/input_field'

2020-05-29 23:41:08 - [MESSAGE][PASSED] - Keys 'ENTER + ' sent to object: 'Object Repository/Objects.HighlightElements/input_field'

2020-05-29 23:41:08 - [TEST_STEP][PASSED] - ComboBoxValue = getAttribute(NewInputNmField, "value"): Attribute 'value' of object 'Object Repository/Objects.HighlightElements/input_field' is: '1004'

2020-05-29 23:41:08 - [MESSAGE][PASSED] - Attribute 'value' of object 'Object Repository/Objects.HighlightElements/input_field' is: '1004'

2020-05-29 23:41:08 - [TEST_STEP][PASSED] - callTestCase(findTestCase(CallTCName), ["FindValue":ComboBoxValue, "DropdownNm":comboNm], STOP_ON_FAILURE): Call Test Case 'Test Cases/PFI Precision and Scale/HashMap Tables/PELists' successfully

2020-05-29 23:41:08 - [TEST_CASE][PASSED] - Test Cases/PFI Precision and Scale/HashMap Tables/PELists: Test Cases/PFI Precision and Scale/HashMap Tables/PELists

2020-05-29 23:41:08 - [TEST_STEP][PASSED] - Thread.sleep(1000): null

2020-05-29 23:41:09 - [TEST_STEP][PASSED] - PEListsTBL = ["0011":"QP-Formatted Address", "0012":"QP-0012", "0014":"QP-0014", "0015":"QP-0015", "0016":"QP-0016", "3214":"Dummy QP Name 3861", ... ]: null

2020-05-29 23:41:09 - [TEST_STEP][PASSED] - switch (DropdownNm): null

2020-05-29 23:41:09 - [TEST_STEP][PASSED] - case "PENo":: null

2020-05-29 23:41:09 - [TEST_STEP][PASSED] - ValueFound = FindValue + " (" + get(FindValue).toString() + ")": null

2020-05-29 23:41:09 - [TEST_STEP][PASSED] - break: null

2020-05-29 23:41:09 - [MESSAGE][PASSED] - Call Test Case 'Test Cases/PFI Precision and Scale/HashMap Tables/PELists' successfully

2020-05-29 23:41:09 - [TEST_STEP][PASSED] - println(ValueFound): null

2020-05-29 23:41:09 - [TEST_STEP][PASSED] - sendKeys(NewInputNmField, Keys.chord(ARROW_DOWN)): Keys 'DOWN + ' sent to object: 'Object Repository/Objects.HighlightElements/input_field'

2020-05-29 23:41:10 - [MESSAGE][PASSED] - Keys 'DOWN + ' sent to object: 'Object Repository/Objects.HighlightElements/input_field'

2020-05-29 23:41:10 - [TEST_STEP][PASSED] - sendKeys(NewInputNmField, Keys.chord(ARROW_DOWN)): Keys 'DOWN + ' sent to object: 'Object Repository/Objects.HighlightElements/input_field'

2020-05-29 23:41:10 - [MESSAGE][PASSED] - Keys 'DOWN + ' sent to object: 'Object Repository/Objects.HighlightElements/input_field'

2020-05-29 23:41:10 - [TEST_STEP][PASSED] - delay(DelayTime): Delayed 5 second(s)

2020-05-29 23:41:15 - [MESSAGE][PASSED] - Delayed 5 second(s)

2020-05-29 23:41:15 - [TEST_STEP][PASSED] - sendKeys(NewInputNmField, Keys.chord(ENTER)): Keys 'ENTER + ' sent to object: 'Object Repository/Objects.HighlightElements/input_field'

2020-05-29 23:41:15 - [MESSAGE][PASSED] - Keys 'ENTER + ' sent to object: 'Object Repository/Objects.HighlightElements/input_field'

2020-05-29 23:41:15 - [TEST_STEP][PASSED] - ComboBoxValue = getAttribute(NewInputNmField, "value"): Attribute 'value' of object 'Object Repository/Objects.HighlightElements/input_field' is: '1004'

2020-05-29 23:41:16 - [MESSAGE][PASSED] - Attribute 'value' of object 'Object Repository/Objects.HighlightElements/input_field' is: '1004'

2020-05-29 23:41:16 - [TEST_STEP][PASSED] - callTestCase(findTestCase(CallTCName), ["FindValue":ComboBoxValue, "DropdownNm":comboNm], STOP_ON_FAILURE): Call Test Case 'Test Cases/PFI Precision and Scale/HashMap Tables/PELists' successfully

2020-05-29 23:41:16 - [TEST_CASE][PASSED] - Test Cases/PFI Precision and Scale/HashMap Tables/PELists: Test Cases/PFI Precision and Scale/HashMap Tables/PELists

2020-05-29 23:41:16 - [TEST_STEP][PASSED] - Thread.sleep(1000): null

2020-05-29 23:41:17 - [TEST_STEP][PASSED] - PEListsTBL = ["0011":"QP-Formatted Address", "0012":"QP-0012", "0014":"QP-0014", "0015":"QP-0015", "0016":"QP-0016", "3214":"Dummy QP Name 3861", ... ]: null

2020-05-29 23:41:17 - [TEST_STEP][PASSED] - switch (DropdownNm): null

2020-05-29 23:41:17 - [TEST_STEP][PASSED] - case "PENo":: null

2020-05-29 23:41:17 - [TEST_STEP][PASSED] - ValueFound = FindValue + " (" + get(FindValue).toString() + ")": null

2020-05-29 23:41:17 - [TEST_STEP][PASSED] - break: null

2020-05-29 23:41:17 - [MESSAGE][PASSED] - Call Test Case 'Test Cases/PFI Precision and Scale/HashMap Tables/PELists' successfully

2020-05-29 23:41:17 - [TEST_STEP][PASSED] - println(ValueFound): null

2020-05-29 23:41:17 - [TEST_STEP][PASSED] - sendKeys(NewInputNmField, Keys.chord(ARROW_DOWN)): Keys 'DOWN + ' sent to object: 'Object Repository/Objects.HighlightElements/input_field'

2020-05-29 23:41:17 - [MESSAGE][PASSED] - Keys 'DOWN + ' sent to object: 'Object Repository/Objects.HighlightElements/input_field'

2020-05-29 23:41:17 - [TEST_STEP][PASSED] - sendKeys(NewInputNmField, Keys.chord(ARROW_DOWN)): Keys 'DOWN + ' sent to object: 'Object Repository/Objects.HighlightElements/input_field'

2020-05-29 23:41:17 - [MESSAGE][PASSED] - Keys 'DOWN + ' sent to object: 'Object Repository/Objects.HighlightElements/input_field'

2020-05-29 23:41:17 - [TEST_STEP][PASSED] - delay(DelayTime): Delayed 5 second(s)

2020-05-29 23:41:22 - [MESSAGE][PASSED] - Delayed 5 second(s)

2020-05-29 23:41:22 - [TEST_STEP][PASSED] - sendKeys(NewInputNmField, Keys.chord(ENTER)): Keys 'ENTER + ' sent to object: 'Object Repository/Objects.HighlightElements/input_field'

2020-05-29 23:41:23 - [MESSAGE][PASSED] - Keys 'ENTER + ' sent to object: 'Object Repository/Objects.HighlightElements/input_field'

2020-05-29 23:41:23 - [TEST_STEP][PASSED] - ComboBoxValue = getAttribute(NewInputNmField, "value"): Attribute 'value' of object 'Object Repository/Objects.HighlightElements/input_field' is: '1004'

2020-05-29 23:41:23 - [MESSAGE][PASSED] - Attribute 'value' of object 'Object Repository/Objects.HighlightElements/input_field' is: '1004'

2020-05-29 23:41:23 - [TEST_STEP][PASSED] - callTestCase(findTestCase(CallTCName), ["FindValue":ComboBoxValue, "DropdownNm":comboNm], STOP_ON_FAILURE): Call Test Case 'Test Cases/PFI Precision and Scale/HashMap Tables/PELists' successfully

2020-05-29 23:41:23 - [TEST_CASE][PASSED] - Test Cases/PFI Precision and Scale/HashMap Tables/PELists: Test Cases/PFI Precision and Scale/HashMap Tables/PELists

2020-05-29 23:41:23 - [TEST_STEP][PASSED] - Thread.sleep(1000): null

2020-05-29 23:41:24 - [TEST_STEP][PASSED] - PEListsTBL = ["0011":"QP-Formatted Address", "0012":"QP-0012", "0014":"QP-0014", "0015":"QP-0015", "0016":"QP-0016", "3214":"Dummy QP Name 3861", ... ]: null

2020-05-29 23:41:24 - [TEST_STEP][PASSED] - switch (DropdownNm): null

2020-05-29 23:41:24 - [TEST_STEP][PASSED] - case "PENo":: null

2020-05-29 23:41:24 - [TEST_STEP][PASSED] - ValueFound = FindValue + " (" + get(FindValue).toString() + ")": null

2020-05-29 23:41:24 - [TEST_STEP][PASSED] - break: null

2020-05-29 23:41:24 - [MESSAGE][PASSED] - Call Test Case 'Test Cases/PFI Precision and Scale/HashMap Tables/PELists' successfully

2020-05-29 23:41:24 - [TEST_STEP][PASSED] - println(ValueFound): null

2020-05-29 23:41:24 - [TEST_STEP][PASSED] - sendKeys(NewInputNmField, Keys.chord(ARROW_DOWN)): Keys 'DOWN + ' sent to object: 'Object Repository/Objects.HighlightElements/input_field'

2020-05-29 23:41:24 - [MESSAGE][PASSED] - Keys 'DOWN + ' sent to object: 'Object Repository/Objects.HighlightElements/input_field'

2020-05-29 23:41:24 - [TEST_STEP][PASSED] - sendKeys(NewInputNmField, Keys.chord(ARROW_DOWN)): Keys 'DOWN + ' sent to object: 'Object Repository/Objects.HighlightElements/input_field'

2020-05-29 23:41:25 - [MESSAGE][PASSED] - Keys 'DOWN + ' sent to object: 'Object Repository/Objects.HighlightElements/input_field'

2020-05-29 23:41:25 - [TEST_STEP][PASSED] - delay(DelayTime): Delayed 5 second(s)

2020-05-29 23:41:30 - [MESSAGE][PASSED] - Delayed 5 second(s)

2020-05-29 23:41:30 - [TEST_STEP][PASSED] - sendKeys(NewInputNmField, Keys.chord(ENTER)): Keys 'ENTER + ' sent to object: 'Object Repository/Objects.HighlightElements/input_field'

2020-05-29 23:41:30 - [MESSAGE][PASSED] - Keys 'ENTER + ' sent to object: 'Object Repository/Objects.HighlightElements/input_field'

2020-05-29 23:41:30 - [TEST_STEP][PASSED] - ComboBoxValue = getAttribute(NewInputNmField, "value"): Attribute 'value' of object 'Object Repository/Objects.HighlightElements/input_field' is: '1004'

2020-05-29 23:41:30 - [MESSAGE][PASSED] - Attribute 'value' of object 'Object Repository/Objects.HighlightElements/input_field' is: '1004'

2020-05-29 23:41:30 - [TEST_STEP][PASSED] - callTestCase(findTestCase(CallTCName), ["FindValue":ComboBoxValue, "DropdownNm":comboNm], STOP_ON_FAILURE): Call Test Case 'Test Cases/PFI Precision and Scale/HashMap Tables/PELists' successfully

2020-05-29 23:41:30 - [TEST_CASE][PASSED] - Test Cases/PFI Precision and Scale/HashMap Tables/PELists: Test Cases/PFI Precision and Scale/HashMap Tables/PELists

2020-05-29 23:41:30 - [TEST_STEP][PASSED] - Thread.sleep(1000): null

2020-05-29 23:41:31 - [TEST_STEP][PASSED] - PEListsTBL = ["0011":"QP-Formatted Address", "0012":"QP-0012", "0014":"QP-0014", "0015":"QP-0015", "0016":"QP-0016", "3214":"Dummy QP Name 3861", ... ]: null

2020-05-29 23:41:31 - [TEST_STEP][PASSED] - switch (DropdownNm): null

2020-05-29 23:41:31 - [TEST_STEP][PASSED] - case "PENo":: null

2020-05-29 23:41:31 - [TEST_STEP][PASSED] - ValueFound = FindValue + " (" + get(FindValue).toString() + ")": null

2020-05-29 23:41:31 - [TEST_STEP][PASSED] - break: null

2020-05-29 23:41:31 - [MESSAGE][PASSED] - Call Test Case 'Test Cases/PFI Precision and Scale/HashMap Tables/PELists' successfully

2020-05-29 23:41:31 - [TEST_STEP][PASSED] - println(ValueFound): null

2020-05-29 23:41:31 - [TEST_STEP][PASSED] - sendKeys(NewInputNmField, Keys.chord(ARROW_DOWN)): Keys 'DOWN + ' sent to object: 'Object Repository/Objects.HighlightElements/input_field'

2020-05-29 23:41:32 - [MESSAGE][PASSED] - Keys 'DOWN + ' sent to object: 'Object Repository/Objects.HighlightElements/input_field'

2020-05-29 23:41:32 - [TEST_STEP][PASSED] - sendKeys(NewInputNmField, Keys.chord(ENTER)): Keys 'ENTER + ' sent to object: 'Object Repository/Objects.HighlightElements/input_field'

2020-05-29 23:41:32 - [MESSAGE][PASSED] - Keys 'ENTER + ' sent to object: 'Object Repository/Objects.HighlightElements/input_field'

2020-05-29 23:41:32 - [MESSAGE][PASSED] - Call Test Case 'Test Cases/PFI Precision and Scale/PFI Components/VerifyDropdownValues' successfully

2020-05-29 23:41:32 - [TEST_STEP][NOT_RUN] - callTestCase(findTestCase("Components/Logout"), ["LogoutPageTextToBeVerified":findTestData("Datatable").getValue("HomeBanner", 2)], STOP_ON_FAILURE): NOT_RUN: callTestCase(findTestCase("Components/Logout"), ["LogoutPageTextToBeVerified":findTestData("Datatable").getValue("HomeBanner", 2)], STOP_ON_FAILURE)

2020-05-29 23:41:32 - [MESSAGE][NOT_RUN] - NOT_RUN: callTestCase(findTestCase("Components/Logout"), ["LogoutPageTextToBeVerified":findTestData("Datatable").getValue("HomeBanner", 2)], STOP_ON_FAILURE)]]></system-out>
         <system-err><![CDATA[]]></system-err>
      </testcase>
      <testcase name="Test Cases/PFI Precision and Scale/PFI Test Cases/PFI.UpdateReportsLHS" time="78.484" classname="Test Cases/PFI Precision and Scale/PFI Test Cases/PFI.UpdateReportsLHS" status="PASSED">
         <system-out><![CDATA[2020-05-29 23:41:32 - [TEST_CASE][PASSED] - Test Cases/PFI Precision and Scale/PFI Test Cases/PFI.UpdateReportsLHS: Test Cases/PFI Precision and Scale/PFI Test Cases/PFI.UpdateReportsLHS

2020-05-29 23:41:32 - [TEST_STEP][NOT_RUN] - callTestCase(findTestCase("Components/LoginV2.0"), ["LinkToBeUsed":findTestData("ISPS2 Test Data").getValue("URL", 2), "LoginPageTextToBeVerified":findTestData("ISPS2 Test Data").getValue("HomeBanner", 2), ... ], STOP_ON_FAILURE): NOT_RUN: callTestCase(findTestCase("Components/LoginV2.0"), ["LinkToBeUsed":findTestData("ISPS2 Test Data").getValue("URL", 2), "LoginPageTextToBeVerified":findTestData("ISPS2 Test Data").getValue("HomeBanner", 2), ... ], STOP_ON_FAILURE)

2020-05-29 23:41:32 - [MESSAGE][NOT_RUN] - NOT_RUN: callTestCase(findTestCase("Components/LoginV2.0"), ["LinkToBeUsed":findTestData("ISPS2 Test Data").getValue("URL", 2), "LoginPageTextToBeVerified":findTestData("ISPS2 Test Data").getValue("HomeBanner", 2), ... ], STOP_ON_FAILURE)

2020-05-29 23:41:32 - [TEST_STEP][NOT_RUN] - callTestCase(findTestCase("Components/NavigateToHomepageHeaders"), ["headerText":"My Tasks"], STOP_ON_FAILURE): NOT_RUN: callTestCase(findTestCase("Components/NavigateToHomepageHeaders"), ["headerText":"My Tasks"], STOP_ON_FAILURE)

2020-05-29 23:41:32 - [MESSAGE][NOT_RUN] - NOT_RUN: callTestCase(findTestCase("Components/NavigateToHomepageHeaders"), ["headerText":"My Tasks"], STOP_ON_FAILURE)

2020-05-29 23:41:32 - [TEST_STEP][NOT_RUN] - callTestCase(findTestCase("Components/Filter"), ["taskDescription":"Process Case (SM)"], STOP_ON_FAILURE): NOT_RUN: callTestCase(findTestCase("Components/Filter"), ["taskDescription":"Process Case (SM)"], STOP_ON_FAILURE)

2020-05-29 23:41:32 - [MESSAGE][NOT_RUN] - NOT_RUN: callTestCase(findTestCase("Components/Filter"), ["taskDescription":"Process Case (SM)"], STOP_ON_FAILURE)

2020-05-29 23:41:32 - [TEST_STEP][NOT_RUN] - callTestCase(findTestCase("Components/ClickLinkDependingOnTextAndIndex"), ["linkName":"Process Case (SM)", "index":"3"], STOP_ON_FAILURE): NOT_RUN: callTestCase(findTestCase("Components/ClickLinkDependingOnTextAndIndex"), ["linkName":"Process Case (SM)", "index":"3"], STOP_ON_FAILURE)

2020-05-29 23:41:32 - [MESSAGE][NOT_RUN] - NOT_RUN: callTestCase(findTestCase("Components/ClickLinkDependingOnTextAndIndex"), ["linkName":"Process Case (SM)", "index":"3"], STOP_ON_FAILURE)

2020-05-29 23:41:32 - [TEST_STEP][PASSED] - callTestCase(findTestCase("Components/NavigateToAnyLHS"), ["LHS":"Update Reports"], STOP_ON_FAILURE): Call Test Case 'Test Cases/Components/NavigateToAnyLHS' successfully

2020-05-29 23:41:32 - [TEST_CASE][PASSED] - Test Cases/Components/NavigateToAnyLHS: Test Cases/Components/NavigateToAnyLHS

2020-05-29 23:41:32 - [TEST_STEP][PASSED] - Thread.sleep(1000): null

2020-05-29 23:41:33 - [TEST_STEP][PASSED] - modifiedLHS = modifyObjectProperty(findTestObject("Objects.NavigateToAnyLHS/Page_ISPS2/LHSToModify"), "text", "equals", LHS, true): Modify property of object successfully

2020-05-29 23:41:33 - [MESSAGE][PASSED] - Modify property of object successfully

2020-05-29 23:41:33 - [TEST_STEP][PASSED] - click(modifiedLHS): Object: 'Object Repository/Objects.NavigateToAnyLHS/Page_ISPS2/LHSToModify' is clicked on

2020-05-29 23:41:34 - [MESSAGE][PASSED] - Object: 'Object Repository/Objects.NavigateToAnyLHS/Page_ISPS2/LHSToModify' is clicked on

2020-05-29 23:41:34 - [TEST_STEP][PASSED] - currentLHS = getText(modifiedLHS): Text of object 'Object Repository/Objects.NavigateToAnyLHS/Page_ISPS2/LHSToModify' is: 'Update Reports'

2020-05-29 23:41:35 - [MESSAGE][PASSED] - Text of object 'Object Repository/Objects.NavigateToAnyLHS/Page_ISPS2/LHSToModify' is: 'Update Reports'

2020-05-29 23:41:35 - [TEST_STEP][PASSED] - Thread.sleep(5000): null

2020-05-29 23:41:40 - [MESSAGE][PASSED] - Call Test Case 'Test Cases/Components/NavigateToAnyLHS' successfully

2020-05-29 23:41:40 - [TEST_STEP][PASSED] - callTestCase(findTestCase("Components/VerifyPageSuccessfullyLoadedII"), ["PageNm":"Update Reports"], STOP_ON_FAILURE): Call Test Case 'Test Cases/Components/VerifyPageSuccessfullyLoadedII' successfully

2020-05-29 23:41:40 - [TEST_CASE][PASSED] - Test Cases/Components/VerifyPageSuccessfullyLoadedII: Test Cases/Components/VerifyPageSuccessfullyLoadedII

2020-05-29 23:41:40 - [TEST_STEP][PASSED] - Thread.sleep(1000): null

2020-05-29 23:41:41 - [TEST_STEP][PASSED] - modifiedInputFld = modifyObjectProperty(findTestObject("Object Repository/Objects.VerifyPageSuccessfullyLoaded/PageHeaderIndex"), "xpath", "equals", "//*[contains(@class,'isps-page-title') and (text()='" + PageNm + "')]", true): Modify property of object successfully

2020-05-29 23:41:41 - [MESSAGE][PASSED] - Modify property of object successfully

2020-05-29 23:41:41 - [TEST_STEP][PASSED] - com.reusableComponents.HighlightElement.run(modifiedInputFld): com.reusableComponents.HighlightElement.run is PASSED

2020-05-29 23:41:42 - [MESSAGE][PASSED] - com.reusableComponents.HighlightElement.run is PASSED

2020-05-29 23:41:42 - [MESSAGE][PASSED] - Call Test Case 'Test Cases/Components/VerifyPageSuccessfullyLoadedII' successfully

2020-05-29 23:41:42 - [TEST_STEP][PASSED] - callTestCase(findTestCase("Components/ClickAddButtonII"), [:], STOP_ON_FAILURE): Call Test Case 'Test Cases/Components/ClickAddButtonII' successfully

2020-05-29 23:41:42 - [TEST_CASE][PASSED] - Test Cases/Components/ClickAddButtonII: Test Cases/Components/ClickAddButtonII

2020-05-29 23:41:42 - [TEST_STEP][PASSED] - Thread.sleep(1000): null

2020-05-29 23:41:43 - [TEST_STEP][PASSED] - com.reusableComponents.HighlightElement.run(findTestObject("Objects.ClickAddButtonII/XP_AddButton")): com.reusableComponents.HighlightElement.run is PASSED

2020-05-29 23:41:44 - [MESSAGE][PASSED] - com.reusableComponents.HighlightElement.run is PASSED

2020-05-29 23:41:44 - [TEST_STEP][PASSED] - click(findTestObject("Objects.ClickAddButtonII/XP_AddButton")): Object: 'Object Repository/Objects.ClickAddButtonII/XP_AddButton' is clicked on

2020-05-29 23:41:44 - [MESSAGE][PASSED] - Object: 'Object Repository/Objects.ClickAddButtonII/XP_AddButton' is clicked on

2020-05-29 23:41:44 - [TEST_STEP][PASSED] - Thread.sleep(5000): null

2020-05-29 23:41:49 - [MESSAGE][PASSED] - Call Test Case 'Test Cases/Components/ClickAddButtonII' successfully

2020-05-29 23:41:49 - [TEST_STEP][PASSED] - callTestCase(findTestCase("PFI Precision and Scale/PFI Components/RequiredFieldValidation"), ["nameToBeUsed":"dFormCode"], STOP_ON_FAILURE): Call Test Case 'Test Cases/PFI Precision and Scale/PFI Components/RequiredFieldValidation' successfully

2020-05-29 23:41:49 - [TEST_CASE][PASSED] - Test Cases/PFI Precision and Scale/PFI Components/RequiredFieldValidation: Test Cases/PFI Precision and Scale/PFI Components/RequiredFieldValidation

2020-05-29 23:41:49 - [TEST_STEP][PASSED] - enableSmartWait(): null

2020-05-29 23:41:49 - [TEST_STEP][PASSED] - NewInputNmField = modifyObjectProperty(findTestObject("Objects.HighlightElements/input_field"), "name", "equals", nameToBeUsed, true): Modify property of object successfully

2020-05-29 23:41:49 - [MESSAGE][PASSED] - Modify property of object successfully

2020-05-29 23:41:49 - [TEST_STEP][PASSED] - mouseOver(NewInputNmField): Object: 'Object Repository/Objects.HighlightElements/input_field' is hovered

2020-05-29 23:41:49 - [MESSAGE][PASSED] - Object: 'Object Repository/Objects.HighlightElements/input_field' is hovered

2020-05-29 23:41:49 - [TEST_STEP][PASSED] - getRqErrMsg = getAttribute(NewInputNmField, "data-errorqtip"): Attribute 'data-errorqtip' of object 'Object Repository/Objects.HighlightElements/input_field' is: '<ul class="x-list-plain"><li>This field is required</li></ul>'

2020-05-29 23:41:50 - [MESSAGE][PASSED] - Attribute 'data-errorqtip' of object 'Object Repository/Objects.HighlightElements/input_field' is: '<ul class="x-list-plain"><li>This field is required</li></ul>'

2020-05-29 23:41:50 - [TEST_STEP][PASSED] - strToolTip = getRqErrMsg.substring(29, 61): null

2020-05-29 23:41:50 - [TEST_STEP][PASSED] - toolTipReqErrMsg = strToolTip.substring(0, 22): null

2020-05-29 23:41:50 - [TEST_STEP][PASSED] - verifyMatch(toolTipReqErrMsg, RqField, true): Actual text 'This field is required' and expected text 'This field is required' are matched  using regular expression

2020-05-29 23:41:50 - [MESSAGE][PASSED] - Actual text 'This field is required' and expected text 'This field is required' are matched  using regular expression

2020-05-29 23:41:50 - [MESSAGE][PASSED] - Call Test Case 'Test Cases/PFI Precision and Scale/PFI Components/RequiredFieldValidation' successfully

2020-05-29 23:41:50 - [TEST_STEP][PASSED] - callTestCase(findTestCase("PFI Precision and Scale/PFI Components/RequiredFieldValidation"), ["nameToBeUsed":"rptRecvDt"], STOP_ON_FAILURE): Call Test Case 'Test Cases/PFI Precision and Scale/PFI Components/RequiredFieldValidation' successfully

2020-05-29 23:41:50 - [TEST_CASE][PASSED] - Test Cases/PFI Precision and Scale/PFI Components/RequiredFieldValidation: Test Cases/PFI Precision and Scale/PFI Components/RequiredFieldValidation

2020-05-29 23:41:50 - [TEST_STEP][PASSED] - enableSmartWait(): null

2020-05-29 23:41:50 - [TEST_STEP][PASSED] - NewInputNmField = modifyObjectProperty(findTestObject("Objects.HighlightElements/input_field"), "name", "equals", nameToBeUsed, true): Modify property of object successfully

2020-05-29 23:41:50 - [MESSAGE][PASSED] - Modify property of object successfully

2020-05-29 23:41:50 - [TEST_STEP][PASSED] - mouseOver(NewInputNmField): Object: 'Object Repository/Objects.HighlightElements/input_field' is hovered

2020-05-29 23:41:51 - [MESSAGE][PASSED] - Object: 'Object Repository/Objects.HighlightElements/input_field' is hovered

2020-05-29 23:41:51 - [TEST_STEP][PASSED] - getRqErrMsg = getAttribute(NewInputNmField, "data-errorqtip"): Attribute 'data-errorqtip' of object 'Object Repository/Objects.HighlightElements/input_field' is: '<ul class="x-list-plain"><li>This field is required</li></ul>'

2020-05-29 23:41:51 - [MESSAGE][PASSED] - Attribute 'data-errorqtip' of object 'Object Repository/Objects.HighlightElements/input_field' is: '<ul class="x-list-plain"><li>This field is required</li></ul>'

2020-05-29 23:41:51 - [TEST_STEP][PASSED] - strToolTip = getRqErrMsg.substring(29, 61): null

2020-05-29 23:41:51 - [TEST_STEP][PASSED] - toolTipReqErrMsg = strToolTip.substring(0, 22): null

2020-05-29 23:41:51 - [TEST_STEP][PASSED] - verifyMatch(toolTipReqErrMsg, RqField, true): Actual text 'This field is required' and expected text 'This field is required' are matched  using regular expression

2020-05-29 23:41:51 - [MESSAGE][PASSED] - Actual text 'This field is required' and expected text 'This field is required' are matched  using regular expression

2020-05-29 23:41:51 - [MESSAGE][PASSED] - Call Test Case 'Test Cases/PFI Precision and Scale/PFI Components/RequiredFieldValidation' successfully

2020-05-29 23:41:51 - [TEST_STEP][PASSED] - callTestCase(findTestCase("PFI Precision and Scale/PFI Components/RequiredFieldValidation"), ["nameToBeUsed":"rptTypeCode"], STOP_ON_FAILURE): Call Test Case 'Test Cases/PFI Precision and Scale/PFI Components/RequiredFieldValidation' successfully

2020-05-29 23:41:51 - [TEST_CASE][PASSED] - Test Cases/PFI Precision and Scale/PFI Components/RequiredFieldValidation: Test Cases/PFI Precision and Scale/PFI Components/RequiredFieldValidation

2020-05-29 23:41:51 - [TEST_STEP][PASSED] - enableSmartWait(): null

2020-05-29 23:41:51 - [TEST_STEP][PASSED] - NewInputNmField = modifyObjectProperty(findTestObject("Objects.HighlightElements/input_field"), "name", "equals", nameToBeUsed, true): Modify property of object successfully

2020-05-29 23:41:51 - [MESSAGE][PASSED] - Modify property of object successfully

2020-05-29 23:41:51 - [TEST_STEP][PASSED] - mouseOver(NewInputNmField): Object: 'Object Repository/Objects.HighlightElements/input_field' is hovered

2020-05-29 23:41:51 - [MESSAGE][PASSED] - Object: 'Object Repository/Objects.HighlightElements/input_field' is hovered

2020-05-29 23:41:51 - [TEST_STEP][PASSED] - getRqErrMsg = getAttribute(NewInputNmField, "data-errorqtip"): Attribute 'data-errorqtip' of object 'Object Repository/Objects.HighlightElements/input_field' is: '<ul class="x-list-plain"><li>This field is required</li></ul>'

2020-05-29 23:41:52 - [MESSAGE][PASSED] - Attribute 'data-errorqtip' of object 'Object Repository/Objects.HighlightElements/input_field' is: '<ul class="x-list-plain"><li>This field is required</li></ul>'

2020-05-29 23:41:52 - [TEST_STEP][PASSED] - strToolTip = getRqErrMsg.substring(29, 61): null

2020-05-29 23:41:52 - [TEST_STEP][PASSED] - toolTipReqErrMsg = strToolTip.substring(0, 22): null

2020-05-29 23:41:52 - [TEST_STEP][PASSED] - verifyMatch(toolTipReqErrMsg, RqField, true): Actual text 'This field is required' and expected text 'This field is required' are matched  using regular expression

2020-05-29 23:41:52 - [MESSAGE][PASSED] - Actual text 'This field is required' and expected text 'This field is required' are matched  using regular expression

2020-05-29 23:41:52 - [MESSAGE][PASSED] - Call Test Case 'Test Cases/PFI Precision and Scale/PFI Components/RequiredFieldValidation' successfully

2020-05-29 23:41:52 - [TEST_STEP][PASSED] - callTestCase(findTestCase("PFI Precision and Scale/PFI Components/RequiredFieldValidation"), ["nameToBeUsed":"rptComplyDt"], STOP_ON_FAILURE): Call Test Case 'Test Cases/PFI Precision and Scale/PFI Components/RequiredFieldValidation' successfully

2020-05-29 23:41:52 - [TEST_CASE][PASSED] - Test Cases/PFI Precision and Scale/PFI Components/RequiredFieldValidation: Test Cases/PFI Precision and Scale/PFI Components/RequiredFieldValidation

2020-05-29 23:41:52 - [TEST_STEP][PASSED] - enableSmartWait(): null

2020-05-29 23:41:52 - [TEST_STEP][PASSED] - NewInputNmField = modifyObjectProperty(findTestObject("Objects.HighlightElements/input_field"), "name", "equals", nameToBeUsed, true): Modify property of object successfully

2020-05-29 23:41:52 - [MESSAGE][PASSED] - Modify property of object successfully

2020-05-29 23:41:52 - [TEST_STEP][PASSED] - mouseOver(NewInputNmField): Object: 'Object Repository/Objects.HighlightElements/input_field' is hovered

2020-05-29 23:41:52 - [MESSAGE][PASSED] - Object: 'Object Repository/Objects.HighlightElements/input_field' is hovered

2020-05-29 23:41:52 - [TEST_STEP][PASSED] - getRqErrMsg = getAttribute(NewInputNmField, "data-errorqtip"): Attribute 'data-errorqtip' of object 'Object Repository/Objects.HighlightElements/input_field' is: '<ul class="x-list-plain"><li>This field is required</li></ul>'

2020-05-29 23:41:53 - [MESSAGE][PASSED] - Attribute 'data-errorqtip' of object 'Object Repository/Objects.HighlightElements/input_field' is: '<ul class="x-list-plain"><li>This field is required</li></ul>'

2020-05-29 23:41:53 - [TEST_STEP][PASSED] - strToolTip = getRqErrMsg.substring(29, 61): null

2020-05-29 23:41:53 - [TEST_STEP][PASSED] - toolTipReqErrMsg = strToolTip.substring(0, 22): null

2020-05-29 23:41:53 - [TEST_STEP][PASSED] - verifyMatch(toolTipReqErrMsg, RqField, true): Actual text 'This field is required' and expected text 'This field is required' are matched  using regular expression

2020-05-29 23:41:53 - [MESSAGE][PASSED] - Actual text 'This field is required' and expected text 'This field is required' are matched  using regular expression

2020-05-29 23:41:53 - [MESSAGE][PASSED] - Call Test Case 'Test Cases/PFI Precision and Scale/PFI Components/RequiredFieldValidation' successfully

2020-05-29 23:41:53 - [TEST_STEP][PASSED] - callTestCase(findTestCase("PFI Precision and Scale/PFI Components/RequiredFieldValidation"), ["nameToBeUsed":"submitBy"], STOP_ON_FAILURE): Call Test Case 'Test Cases/PFI Precision and Scale/PFI Components/RequiredFieldValidation' successfully

2020-05-29 23:41:53 - [TEST_CASE][PASSED] - Test Cases/PFI Precision and Scale/PFI Components/RequiredFieldValidation: Test Cases/PFI Precision and Scale/PFI Components/RequiredFieldValidation

2020-05-29 23:41:53 - [TEST_STEP][PASSED] - enableSmartWait(): null

2020-05-29 23:41:53 - [TEST_STEP][PASSED] - NewInputNmField = modifyObjectProperty(findTestObject("Objects.HighlightElements/input_field"), "name", "equals", nameToBeUsed, true): Modify property of object successfully

2020-05-29 23:41:53 - [MESSAGE][PASSED] - Modify property of object successfully

2020-05-29 23:41:53 - [TEST_STEP][PASSED] - mouseOver(NewInputNmField): Object: 'Object Repository/Objects.HighlightElements/input_field' is hovered

2020-05-29 23:41:54 - [MESSAGE][PASSED] - Object: 'Object Repository/Objects.HighlightElements/input_field' is hovered

2020-05-29 23:41:54 - [TEST_STEP][PASSED] - getRqErrMsg = getAttribute(NewInputNmField, "data-errorqtip"): Attribute 'data-errorqtip' of object 'Object Repository/Objects.HighlightElements/input_field' is: '<ul class="x-list-plain"><li>This field is required</li></ul>'

2020-05-29 23:41:54 - [MESSAGE][PASSED] - Attribute 'data-errorqtip' of object 'Object Repository/Objects.HighlightElements/input_field' is: '<ul class="x-list-plain"><li>This field is required</li></ul>'

2020-05-29 23:41:54 - [TEST_STEP][PASSED] - strToolTip = getRqErrMsg.substring(29, 61): null

2020-05-29 23:41:54 - [TEST_STEP][PASSED] - toolTipReqErrMsg = strToolTip.substring(0, 22): null

2020-05-29 23:41:54 - [TEST_STEP][PASSED] - verifyMatch(toolTipReqErrMsg, RqField, true): Actual text 'This field is required' and expected text 'This field is required' are matched  using regular expression

2020-05-29 23:41:54 - [MESSAGE][PASSED] - Actual text 'This field is required' and expected text 'This field is required' are matched  using regular expression

2020-05-29 23:41:54 - [MESSAGE][PASSED] - Call Test Case 'Test Cases/PFI Precision and Scale/PFI Components/RequiredFieldValidation' successfully

2020-05-29 23:41:54 - [TEST_STEP][PASSED] - callTestCase(findTestCase("PFI Precision and Scale/PFI Components/VerifyDropdownValues"), ["FldNm":"dFormCode", "CallTCName":"Test Cases/PFI Precision and Scale/HashMap Tables/ConstantHashMap", "cmbNm":"DForm", "NoOfVal":5, ... ], STOP_ON_FAILURE): Call Test Case 'Test Cases/PFI Precision and Scale/PFI Components/VerifyDropdownValues' successfully

2020-05-29 23:41:54 - [TEST_CASE][PASSED] - Test Cases/PFI Precision and Scale/PFI Components/VerifyDropdownValues: Test Cases/PFI Precision and Scale/PFI Components/VerifyDropdownValues

2020-05-29 23:41:54 - [TEST_STEP][PASSED] - Thread.sleep(1000): null

2020-05-29 23:41:55 - [TEST_STEP][PASSED] - NewInputNmField = modifyObjectProperty(findTestObject("Objects.HighlightElements/input_field"), "name", "equals", FldNm, true): Modify property of object successfully

2020-05-29 23:41:55 - [MESSAGE][PASSED] - Modify property of object successfully

2020-05-29 23:41:55 - [TEST_STEP][PASSED] - comboNm = cmbNm: null

2020-05-29 23:41:55 - [TEST_STEP][PASSED] - focus(NewInputNmField): Object: 'Object Repository/Objects.HighlightElements/input_field' is focused

2020-05-29 23:41:55 - [MESSAGE][PASSED] - Object: 'Object Repository/Objects.HighlightElements/input_field' is focused

2020-05-29 23:41:55 - [TEST_STEP][PASSED] - setText(NewInputNmField, EnterValue): Text '' is set on object 'Object Repository/Objects.HighlightElements/input_field'

2020-05-29 23:41:56 - [MESSAGE][PASSED] - Text '' is set on object 'Object Repository/Objects.HighlightElements/input_field'

2020-05-29 23:41:56 - [TEST_STEP][PASSED] - for ([i = 1, i <= NoOfVal, (i++)]): Keys 'DOWN + ' sent to object: 'Object Repository/Objects.HighlightElements/input_field'

2020-05-29 23:41:56 - [TEST_STEP][PASSED] - sendKeys(NewInputNmField, Keys.chord(ARROW_DOWN)): Keys 'DOWN + ' sent to object: 'Object Repository/Objects.HighlightElements/input_field'

2020-05-29 23:41:56 - [MESSAGE][PASSED] - Keys 'DOWN + ' sent to object: 'Object Repository/Objects.HighlightElements/input_field'

2020-05-29 23:41:56 - [TEST_STEP][PASSED] - delay(DelayTime): Delayed 0 second(s)

2020-05-29 23:41:56 - [MESSAGE][PASSED] - Delayed 0 second(s)

2020-05-29 23:41:56 - [TEST_STEP][PASSED] - sendKeys(NewInputNmField, Keys.chord(ENTER)): Keys 'ENTER + ' sent to object: 'Object Repository/Objects.HighlightElements/input_field'

2020-05-29 23:41:56 - [MESSAGE][PASSED] - Keys 'ENTER + ' sent to object: 'Object Repository/Objects.HighlightElements/input_field'

2020-05-29 23:41:56 - [TEST_STEP][PASSED] - ComboBoxValue = getAttribute(NewInputNmField, "value"): Attribute 'value' of object 'Object Repository/Objects.HighlightElements/input_field' is: 'D3'

2020-05-29 23:41:57 - [MESSAGE][PASSED] - Attribute 'value' of object 'Object Repository/Objects.HighlightElements/input_field' is: 'D3'

2020-05-29 23:41:57 - [TEST_STEP][PASSED] - callTestCase(findTestCase(CallTCName), ["FindValue":ComboBoxValue, "DropdownNm":comboNm], STOP_ON_FAILURE): Call Test Case 'Test Cases/PFI Precision and Scale/HashMap Tables/ConstantHashMap' successfully

2020-05-29 23:41:57 - [TEST_CASE][PASSED] - Test Cases/PFI Precision and Scale/HashMap Tables/ConstantHashMap: Test Cases/PFI Precision and Scale/HashMap Tables/ConstantHashMap

2020-05-29 23:41:57 - [TEST_STEP][PASSED] - ConstantTBL = [1:["PeriodType":"Working Day(s)"], 2:["PeriodType":"Calendar Day(s)"], 3:["PeriodType":"Month(s)"], 4:["TypeOfLetter":"T1"], ... ]: null

2020-05-29 23:41:57 - [TEST_STEP][PASSED] - switch (DropdownNm): null

2020-05-29 23:41:57 - [TEST_STEP][PASSED] - case "DForm":: null

2020-05-29 23:41:57 - [TEST_STEP][PASSED] - ValueFound = ConstantTBL.find({ -> ... }): null

2020-05-29 23:41:57 - [TEST_STEP][PASSED] - break: null

2020-05-29 23:41:57 - [MESSAGE][PASSED] - Call Test Case 'Test Cases/PFI Precision and Scale/HashMap Tables/ConstantHashMap' successfully

2020-05-29 23:41:57 - [TEST_STEP][PASSED] - println(ValueFound): null

2020-05-29 23:41:57 - [TEST_STEP][PASSED] - sendKeys(NewInputNmField, Keys.chord(ARROW_DOWN)): Keys 'DOWN + ' sent to object: 'Object Repository/Objects.HighlightElements/input_field'

2020-05-29 23:41:57 - [MESSAGE][PASSED] - Keys 'DOWN + ' sent to object: 'Object Repository/Objects.HighlightElements/input_field'

2020-05-29 23:41:57 - [TEST_STEP][PASSED] - sendKeys(NewInputNmField, Keys.chord(ARROW_DOWN)): Keys 'DOWN + ' sent to object: 'Object Repository/Objects.HighlightElements/input_field'

2020-05-29 23:41:58 - [MESSAGE][PASSED] - Keys 'DOWN + ' sent to object: 'Object Repository/Objects.HighlightElements/input_field'

2020-05-29 23:41:58 - [TEST_STEP][PASSED] - delay(DelayTime): Delayed 0 second(s)

2020-05-29 23:41:58 - [MESSAGE][PASSED] - Delayed 0 second(s)

2020-05-29 23:41:58 - [TEST_STEP][PASSED] - sendKeys(NewInputNmField, Keys.chord(ENTER)): Keys 'ENTER + ' sent to object: 'Object Repository/Objects.HighlightElements/input_field'

2020-05-29 23:41:58 - [MESSAGE][PASSED] - Keys 'ENTER + ' sent to object: 'Object Repository/Objects.HighlightElements/input_field'

2020-05-29 23:41:58 - [TEST_STEP][PASSED] - ComboBoxValue = getAttribute(NewInputNmField, "value"): Attribute 'value' of object 'Object Repository/Objects.HighlightElements/input_field' is: 'D4'

2020-05-29 23:41:59 - [MESSAGE][PASSED] - Attribute 'value' of object 'Object Repository/Objects.HighlightElements/input_field' is: 'D4'

2020-05-29 23:41:59 - [TEST_STEP][PASSED] - callTestCase(findTestCase(CallTCName), ["FindValue":ComboBoxValue, "DropdownNm":comboNm], STOP_ON_FAILURE): Call Test Case 'Test Cases/PFI Precision and Scale/HashMap Tables/ConstantHashMap' successfully

2020-05-29 23:41:59 - [TEST_CASE][PASSED] - Test Cases/PFI Precision and Scale/HashMap Tables/ConstantHashMap: Test Cases/PFI Precision and Scale/HashMap Tables/ConstantHashMap

2020-05-29 23:41:59 - [TEST_STEP][PASSED] - ConstantTBL = [1:["PeriodType":"Working Day(s)"], 2:["PeriodType":"Calendar Day(s)"], 3:["PeriodType":"Month(s)"], 4:["TypeOfLetter":"T1"], ... ]: null

2020-05-29 23:41:59 - [TEST_STEP][PASSED] - switch (DropdownNm): null

2020-05-29 23:41:59 - [TEST_STEP][PASSED] - case "DForm":: null

2020-05-29 23:41:59 - [TEST_STEP][PASSED] - ValueFound = ConstantTBL.find({ -> ... }): null

2020-05-29 23:41:59 - [TEST_STEP][PASSED] - break: null

2020-05-29 23:41:59 - [MESSAGE][PASSED] - Call Test Case 'Test Cases/PFI Precision and Scale/HashMap Tables/ConstantHashMap' successfully

2020-05-29 23:41:59 - [TEST_STEP][PASSED] - println(ValueFound): null

2020-05-29 23:41:59 - [TEST_STEP][PASSED] - sendKeys(NewInputNmField, Keys.chord(ARROW_DOWN)): Keys 'DOWN + ' sent to object: 'Object Repository/Objects.HighlightElements/input_field'

2020-05-29 23:41:59 - [MESSAGE][PASSED] - Keys 'DOWN + ' sent to object: 'Object Repository/Objects.HighlightElements/input_field'

2020-05-29 23:41:59 - [TEST_STEP][PASSED] - sendKeys(NewInputNmField, Keys.chord(ARROW_DOWN)): Keys 'DOWN + ' sent to object: 'Object Repository/Objects.HighlightElements/input_field'

2020-05-29 23:41:59 - [MESSAGE][PASSED] - Keys 'DOWN + ' sent to object: 'Object Repository/Objects.HighlightElements/input_field'

2020-05-29 23:41:59 - [TEST_STEP][PASSED] - delay(DelayTime): Delayed 0 second(s)

2020-05-29 23:41:59 - [MESSAGE][PASSED] - Delayed 0 second(s)

2020-05-29 23:41:59 - [TEST_STEP][PASSED] - sendKeys(NewInputNmField, Keys.chord(ENTER)): Keys 'ENTER + ' sent to object: 'Object Repository/Objects.HighlightElements/input_field'

2020-05-29 23:42:00 - [MESSAGE][PASSED] - Keys 'ENTER + ' sent to object: 'Object Repository/Objects.HighlightElements/input_field'

2020-05-29 23:42:00 - [TEST_STEP][PASSED] - ComboBoxValue = getAttribute(NewInputNmField, "value"): Attribute 'value' of object 'Object Repository/Objects.HighlightElements/input_field' is: 'D5'

2020-05-29 23:42:00 - [MESSAGE][PASSED] - Attribute 'value' of object 'Object Repository/Objects.HighlightElements/input_field' is: 'D5'

2020-05-29 23:42:00 - [TEST_STEP][PASSED] - callTestCase(findTestCase(CallTCName), ["FindValue":ComboBoxValue, "DropdownNm":comboNm], STOP_ON_FAILURE): Call Test Case 'Test Cases/PFI Precision and Scale/HashMap Tables/ConstantHashMap' successfully

2020-05-29 23:42:00 - [TEST_CASE][PASSED] - Test Cases/PFI Precision and Scale/HashMap Tables/ConstantHashMap: Test Cases/PFI Precision and Scale/HashMap Tables/ConstantHashMap

2020-05-29 23:42:00 - [TEST_STEP][PASSED] - ConstantTBL = [1:["PeriodType":"Working Day(s)"], 2:["PeriodType":"Calendar Day(s)"], 3:["PeriodType":"Month(s)"], 4:["TypeOfLetter":"T1"], ... ]: null

2020-05-29 23:42:00 - [TEST_STEP][PASSED] - switch (DropdownNm): null

2020-05-29 23:42:00 - [TEST_STEP][PASSED] - case "DForm":: null

2020-05-29 23:42:00 - [TEST_STEP][PASSED] - ValueFound = ConstantTBL.find({ -> ... }): null

2020-05-29 23:42:00 - [TEST_STEP][PASSED] - break: null

2020-05-29 23:42:00 - [MESSAGE][PASSED] - Call Test Case 'Test Cases/PFI Precision and Scale/HashMap Tables/ConstantHashMap' successfully

2020-05-29 23:42:00 - [TEST_STEP][PASSED] - println(ValueFound): null

2020-05-29 23:42:00 - [TEST_STEP][PASSED] - sendKeys(NewInputNmField, Keys.chord(ARROW_DOWN)): Keys 'DOWN + ' sent to object: 'Object Repository/Objects.HighlightElements/input_field'

2020-05-29 23:42:01 - [MESSAGE][PASSED] - Keys 'DOWN + ' sent to object: 'Object Repository/Objects.HighlightElements/input_field'

2020-05-29 23:42:01 - [TEST_STEP][PASSED] - sendKeys(NewInputNmField, Keys.chord(ARROW_DOWN)): Keys 'DOWN + ' sent to object: 'Object Repository/Objects.HighlightElements/input_field'

2020-05-29 23:42:01 - [MESSAGE][PASSED] - Keys 'DOWN + ' sent to object: 'Object Repository/Objects.HighlightElements/input_field'

2020-05-29 23:42:01 - [TEST_STEP][PASSED] - delay(DelayTime): Delayed 0 second(s)

2020-05-29 23:42:01 - [MESSAGE][PASSED] - Delayed 0 second(s)

2020-05-29 23:42:01 - [TEST_STEP][PASSED] - sendKeys(NewInputNmField, Keys.chord(ENTER)): Keys 'ENTER + ' sent to object: 'Object Repository/Objects.HighlightElements/input_field'

2020-05-29 23:42:02 - [MESSAGE][PASSED] - Keys 'ENTER + ' sent to object: 'Object Repository/Objects.HighlightElements/input_field'

2020-05-29 23:42:02 - [TEST_STEP][PASSED] - ComboBoxValue = getAttribute(NewInputNmField, "value"): Attribute 'value' of object 'Object Repository/Objects.HighlightElements/input_field' is: 'D6'

2020-05-29 23:42:02 - [MESSAGE][PASSED] - Attribute 'value' of object 'Object Repository/Objects.HighlightElements/input_field' is: 'D6'

2020-05-29 23:42:02 - [TEST_STEP][PASSED] - callTestCase(findTestCase(CallTCName), ["FindValue":ComboBoxValue, "DropdownNm":comboNm], STOP_ON_FAILURE): Call Test Case 'Test Cases/PFI Precision and Scale/HashMap Tables/ConstantHashMap' successfully

2020-05-29 23:42:02 - [TEST_CASE][PASSED] - Test Cases/PFI Precision and Scale/HashMap Tables/ConstantHashMap: Test Cases/PFI Precision and Scale/HashMap Tables/ConstantHashMap

2020-05-29 23:42:02 - [TEST_STEP][PASSED] - ConstantTBL = [1:["PeriodType":"Working Day(s)"], 2:["PeriodType":"Calendar Day(s)"], 3:["PeriodType":"Month(s)"], 4:["TypeOfLetter":"T1"], ... ]: null

2020-05-29 23:42:02 - [TEST_STEP][PASSED] - switch (DropdownNm): null

2020-05-29 23:42:02 - [TEST_STEP][PASSED] - case "DForm":: null

2020-05-29 23:42:02 - [TEST_STEP][PASSED] - ValueFound = ConstantTBL.find({ -> ... }): null

2020-05-29 23:42:02 - [TEST_STEP][PASSED] - break: null

2020-05-29 23:42:02 - [MESSAGE][PASSED] - Call Test Case 'Test Cases/PFI Precision and Scale/HashMap Tables/ConstantHashMap' successfully

2020-05-29 23:42:02 - [TEST_STEP][PASSED] - println(ValueFound): null

2020-05-29 23:42:02 - [TEST_STEP][PASSED] - sendKeys(NewInputNmField, Keys.chord(ARROW_DOWN)): Keys 'DOWN + ' sent to object: 'Object Repository/Objects.HighlightElements/input_field'

2020-05-29 23:42:02 - [MESSAGE][PASSED] - Keys 'DOWN + ' sent to object: 'Object Repository/Objects.HighlightElements/input_field'

2020-05-29 23:42:02 - [TEST_STEP][PASSED] - sendKeys(NewInputNmField, Keys.chord(ARROW_DOWN)): Keys 'DOWN + ' sent to object: 'Object Repository/Objects.HighlightElements/input_field'

2020-05-29 23:42:03 - [MESSAGE][PASSED] - Keys 'DOWN + ' sent to object: 'Object Repository/Objects.HighlightElements/input_field'

2020-05-29 23:42:03 - [TEST_STEP][PASSED] - delay(DelayTime): Delayed 0 second(s)

2020-05-29 23:42:03 - [MESSAGE][PASSED] - Delayed 0 second(s)

2020-05-29 23:42:03 - [TEST_STEP][PASSED] - sendKeys(NewInputNmField, Keys.chord(ENTER)): Keys 'ENTER + ' sent to object: 'Object Repository/Objects.HighlightElements/input_field'

2020-05-29 23:42:03 - [MESSAGE][PASSED] - Keys 'ENTER + ' sent to object: 'Object Repository/Objects.HighlightElements/input_field'

2020-05-29 23:42:03 - [TEST_STEP][PASSED] - ComboBoxValue = getAttribute(NewInputNmField, "value"): Attribute 'value' of object 'Object Repository/Objects.HighlightElements/input_field' is: 'D7'

2020-05-29 23:42:04 - [MESSAGE][PASSED] - Attribute 'value' of object 'Object Repository/Objects.HighlightElements/input_field' is: 'D7'

2020-05-29 23:42:04 - [TEST_STEP][PASSED] - callTestCase(findTestCase(CallTCName), ["FindValue":ComboBoxValue, "DropdownNm":comboNm], STOP_ON_FAILURE): Call Test Case 'Test Cases/PFI Precision and Scale/HashMap Tables/ConstantHashMap' successfully

2020-05-29 23:42:04 - [TEST_CASE][PASSED] - Test Cases/PFI Precision and Scale/HashMap Tables/ConstantHashMap: Test Cases/PFI Precision and Scale/HashMap Tables/ConstantHashMap

2020-05-29 23:42:04 - [TEST_STEP][PASSED] - ConstantTBL = [1:["PeriodType":"Working Day(s)"], 2:["PeriodType":"Calendar Day(s)"], 3:["PeriodType":"Month(s)"], 4:["TypeOfLetter":"T1"], ... ]: null

2020-05-29 23:42:04 - [TEST_STEP][PASSED] - switch (DropdownNm): null

2020-05-29 23:42:04 - [TEST_STEP][PASSED] - case "DForm":: null

2020-05-29 23:42:04 - [TEST_STEP][PASSED] - ValueFound = ConstantTBL.find({ -> ... }): null

2020-05-29 23:42:04 - [TEST_STEP][PASSED] - break: null

2020-05-29 23:42:04 - [MESSAGE][PASSED] - Call Test Case 'Test Cases/PFI Precision and Scale/HashMap Tables/ConstantHashMap' successfully

2020-05-29 23:42:04 - [TEST_STEP][PASSED] - println(ValueFound): null

2020-05-29 23:42:04 - [TEST_STEP][PASSED] - sendKeys(NewInputNmField, Keys.chord(ARROW_DOWN)): Keys 'DOWN + ' sent to object: 'Object Repository/Objects.HighlightElements/input_field'

2020-05-29 23:42:04 - [MESSAGE][PASSED] - Keys 'DOWN + ' sent to object: 'Object Repository/Objects.HighlightElements/input_field'

2020-05-29 23:42:04 - [TEST_STEP][PASSED] - sendKeys(NewInputNmField, Keys.chord(ENTER)): Keys 'ENTER + ' sent to object: 'Object Repository/Objects.HighlightElements/input_field'

2020-05-29 23:42:05 - [MESSAGE][PASSED] - Keys 'ENTER + ' sent to object: 'Object Repository/Objects.HighlightElements/input_field'

2020-05-29 23:42:05 - [MESSAGE][PASSED] - Call Test Case 'Test Cases/PFI Precision and Scale/PFI Components/VerifyDropdownValues' successfully

2020-05-29 23:42:05 - [TEST_STEP][PASSED] - callTestCase(findTestCase("PFI Precision and Scale/PFI Components with Indexing/SelectDayInDatePickerWithIndex"), ["FldNm":"rptRecvDt", "SelectCurrentDay":"19", "index":5], STOP_ON_FAILURE): Call Test Case 'Test Cases/PFI Precision and Scale/PFI Components with Indexing/SelectDayInDatePickerWithIndex' successfully

2020-05-29 23:42:05 - [TEST_CASE][PASSED] - Test Cases/PFI Precision and Scale/PFI Components with Indexing/SelectDayInDatePickerWithIndex: Test Cases/PFI Precision and Scale/PFI Components with Indexing/SelectDayInDatePickerWithIndex

2020-05-29 23:42:05 - [TEST_STEP][PASSED] - Thread.sleep(1000): null

2020-05-29 23:42:06 - [TEST_STEP][PASSED] - DateFieldNm = modifyObjectProperty(findTestObject("Objects.HighlightElements/input_field"), "name", "equals", FldNm, true): Modify property of object successfully

2020-05-29 23:42:06 - [MESSAGE][PASSED] - Modify property of object successfully

2020-05-29 23:42:06 - [TEST_STEP][PASSED] - ModifyDay = modifyObjectProperty(findTestObject("Objects.DateValidation/Page_ISPS2/Select_Day_Index"), "xpath", "equals", "(//*[contains(@class, 'x-datepicker-date') and (text() = '" + SelectCurrentDay + "')])[" + index + "]", true): Modify property of object successfully

2020-05-29 23:42:06 - [MESSAGE][PASSED] - Modify property of object successfully

2020-05-29 23:42:06 - [TEST_STEP][PASSED] - sendKeys(DateFieldNm, Keys.chord(ARROW_DOWN)): Keys 'DOWN + ' sent to object: 'Object Repository/Objects.HighlightElements/input_field'

2020-05-29 23:42:06 - [MESSAGE][PASSED] - Keys 'DOWN + ' sent to object: 'Object Repository/Objects.HighlightElements/input_field'

2020-05-29 23:42:06 - [TEST_STEP][PASSED] - com.reusableComponents.HighlightElement.run(ModifyDay): com.reusableComponents.HighlightElement.run is PASSED

2020-05-29 23:42:07 - [MESSAGE][PASSED] - com.reusableComponents.HighlightElement.run is PASSED

2020-05-29 23:42:07 - [TEST_STEP][PASSED] - delay(1): Delayed 1 second(s)

2020-05-29 23:42:08 - [MESSAGE][PASSED] - Delayed 1 second(s)

2020-05-29 23:42:08 - [TEST_STEP][PASSED] - click(ModifyDay): Object: 'Object Repository/Objects.DateValidation/Page_ISPS2/Select_Day_Index' is clicked on

2020-05-29 23:42:08 - [MESSAGE][PASSED] - Object: 'Object Repository/Objects.DateValidation/Page_ISPS2/Select_Day_Index' is clicked on

2020-05-29 23:42:08 - [MESSAGE][PASSED] - Call Test Case 'Test Cases/PFI Precision and Scale/PFI Components with Indexing/SelectDayInDatePickerWithIndex' successfully

2020-05-29 23:42:08 - [TEST_STEP][PASSED] - callTestCase(findTestCase("PFI Precision and Scale/PFI Components/SelectTodayInDatePicker"), ["FldNm":"rptRecvDt", "index":"5"], STOP_ON_FAILURE): Call Test Case 'Test Cases/PFI Precision and Scale/PFI Components/SelectTodayInDatePicker' successfully

2020-05-29 23:42:08 - [TEST_CASE][PASSED] - Test Cases/PFI Precision and Scale/PFI Components/SelectTodayInDatePicker: Test Cases/PFI Precision and Scale/PFI Components/SelectTodayInDatePicker

2020-05-29 23:42:08 - [TEST_STEP][PASSED] - Thread.sleep(1000): null

2020-05-29 23:42:09 - [TEST_STEP][PASSED] - DateFieldNm = modifyObjectProperty(findTestObject("Object Repository/Objects.DateValidation/Page_ISPS2/input__orderDt"), "name", "equals", FldNm, true): Modify property of object successfully

2020-05-29 23:42:09 - [MESSAGE][PASSED] - Modify property of object successfully

2020-05-29 23:42:09 - [TEST_STEP][PASSED] - TodayBtn = modifyObjectProperty(findTestObject("Object Repository/Objects.DateValidation/Page_ISPS2/a_Today"), "xpath", "equals", "(//*[text() = 'Today'])[" + index + "]", true): Modify property of object successfully

2020-05-29 23:42:09 - [MESSAGE][PASSED] - Modify property of object successfully

2020-05-29 23:42:09 - [TEST_STEP][PASSED] - sendKeys(DateFieldNm, Keys.chord(ARROW_DOWN)): Keys 'DOWN + ' sent to object: 'Object Repository/Objects.DateValidation/Page_ISPS2/input__orderDt'

2020-05-29 23:42:09 - [MESSAGE][PASSED] - Keys 'DOWN + ' sent to object: 'Object Repository/Objects.DateValidation/Page_ISPS2/input__orderDt'

2020-05-29 23:42:09 - [TEST_STEP][PASSED] - com.reusableComponents.HighlightElement.run(TodayBtn): com.reusableComponents.HighlightElement.run is PASSED

2020-05-29 23:42:10 - [MESSAGE][PASSED] - com.reusableComponents.HighlightElement.run is PASSED

2020-05-29 23:42:10 - [TEST_STEP][PASSED] - click(TodayBtn): Object: 'Object Repository/Objects.DateValidation/Page_ISPS2/a_Today' is clicked on

2020-05-29 23:42:11 - [MESSAGE][PASSED] - Object: 'Object Repository/Objects.DateValidation/Page_ISPS2/a_Today' is clicked on

2020-05-29 23:42:11 - [MESSAGE][PASSED] - Call Test Case 'Test Cases/PFI Precision and Scale/PFI Components/SelectTodayInDatePicker' successfully

2020-05-29 23:42:11 - [TEST_STEP][PASSED] - callTestCase(findTestCase("PFI Precision and Scale/PFI Components/VerifyDropdownValues"), ["FldNm":"rptTypeCode", "CallTCName":"Test Cases/PFI Precision and Scale/HashMap Tables/ConstantHashMap", "cmbNm":"ReportType", ... ], STOP_ON_FAILURE): Call Test Case 'Test Cases/PFI Precision and Scale/PFI Components/VerifyDropdownValues' successfully

2020-05-29 23:42:11 - [TEST_CASE][PASSED] - Test Cases/PFI Precision and Scale/PFI Components/VerifyDropdownValues: Test Cases/PFI Precision and Scale/PFI Components/VerifyDropdownValues

2020-05-29 23:42:11 - [TEST_STEP][PASSED] - Thread.sleep(1000): null

2020-05-29 23:42:12 - [TEST_STEP][PASSED] - NewInputNmField = modifyObjectProperty(findTestObject("Objects.HighlightElements/input_field"), "name", "equals", FldNm, true): Modify property of object successfully

2020-05-29 23:42:12 - [MESSAGE][PASSED] - Modify property of object successfully

2020-05-29 23:42:12 - [TEST_STEP][PASSED] - comboNm = cmbNm: null

2020-05-29 23:42:12 - [TEST_STEP][PASSED] - focus(NewInputNmField): Object: 'Object Repository/Objects.HighlightElements/input_field' is focused

2020-05-29 23:42:12 - [MESSAGE][PASSED] - Object: 'Object Repository/Objects.HighlightElements/input_field' is focused

2020-05-29 23:42:12 - [TEST_STEP][PASSED] - setText(NewInputNmField, EnterValue): Text '' is set on object 'Object Repository/Objects.HighlightElements/input_field'

2020-05-29 23:42:12 - [MESSAGE][PASSED] - Text '' is set on object 'Object Repository/Objects.HighlightElements/input_field'

2020-05-29 23:42:12 - [TEST_STEP][PASSED] - for ([i = 1, i <= NoOfVal, (i++)]): Keys 'DOWN + ' sent to object: 'Object Repository/Objects.HighlightElements/input_field'

2020-05-29 23:42:12 - [TEST_STEP][PASSED] - sendKeys(NewInputNmField, Keys.chord(ARROW_DOWN)): Keys 'DOWN + ' sent to object: 'Object Repository/Objects.HighlightElements/input_field'

2020-05-29 23:42:13 - [MESSAGE][PASSED] - Keys 'DOWN + ' sent to object: 'Object Repository/Objects.HighlightElements/input_field'

2020-05-29 23:42:13 - [TEST_STEP][PASSED] - delay(DelayTime): Delayed 0 second(s)

2020-05-29 23:42:13 - [MESSAGE][PASSED] - Delayed 0 second(s)

2020-05-29 23:42:13 - [TEST_STEP][PASSED] - sendKeys(NewInputNmField, Keys.chord(ENTER)): Keys 'ENTER + ' sent to object: 'Object Repository/Objects.HighlightElements/input_field'

2020-05-29 23:42:13 - [MESSAGE][PASSED] - Keys 'ENTER + ' sent to object: 'Object Repository/Objects.HighlightElements/input_field'

2020-05-29 23:42:13 - [TEST_STEP][PASSED] - ComboBoxValue = getAttribute(NewInputNmField, "value"): Attribute 'value' of object 'Object Repository/Objects.HighlightElements/input_field' is: 'Visual Inspection Report'

2020-05-29 23:42:14 - [MESSAGE][PASSED] - Attribute 'value' of object 'Object Repository/Objects.HighlightElements/input_field' is: 'Visual Inspection Report'

2020-05-29 23:42:14 - [TEST_STEP][PASSED] - callTestCase(findTestCase(CallTCName), ["FindValue":ComboBoxValue, "DropdownNm":comboNm], STOP_ON_FAILURE): Call Test Case 'Test Cases/PFI Precision and Scale/HashMap Tables/ConstantHashMap' successfully

2020-05-29 23:42:14 - [TEST_CASE][PASSED] - Test Cases/PFI Precision and Scale/HashMap Tables/ConstantHashMap: Test Cases/PFI Precision and Scale/HashMap Tables/ConstantHashMap

2020-05-29 23:42:14 - [TEST_STEP][PASSED] - ConstantTBL = [1:["PeriodType":"Working Day(s)"], 2:["PeriodType":"Calendar Day(s)"], 3:["PeriodType":"Month(s)"], 4:["TypeOfLetter":"T1"], ... ]: null

2020-05-29 23:42:14 - [TEST_STEP][PASSED] - switch (DropdownNm): null

2020-05-29 23:42:14 - [TEST_STEP][PASSED] - case "ReportType":: null

2020-05-29 23:42:14 - [TEST_STEP][PASSED] - ValueFound = ConstantTBL.find({ -> ... }): null

2020-05-29 23:42:14 - [TEST_STEP][PASSED] - break: null

2020-05-29 23:42:14 - [MESSAGE][PASSED] - Call Test Case 'Test Cases/PFI Precision and Scale/HashMap Tables/ConstantHashMap' successfully

2020-05-29 23:42:14 - [TEST_STEP][PASSED] - println(ValueFound): null

2020-05-29 23:42:14 - [TEST_STEP][PASSED] - sendKeys(NewInputNmField, Keys.chord(ARROW_DOWN)): Keys 'DOWN + ' sent to object: 'Object Repository/Objects.HighlightElements/input_field'

2020-05-29 23:42:14 - [MESSAGE][PASSED] - Keys 'DOWN + ' sent to object: 'Object Repository/Objects.HighlightElements/input_field'

2020-05-29 23:42:14 - [TEST_STEP][PASSED] - sendKeys(NewInputNmField, Keys.chord(ARROW_DOWN)): Keys 'DOWN + ' sent to object: 'Object Repository/Objects.HighlightElements/input_field'

2020-05-29 23:42:14 - [MESSAGE][PASSED] - Keys 'DOWN + ' sent to object: 'Object Repository/Objects.HighlightElements/input_field'

2020-05-29 23:42:14 - [TEST_STEP][PASSED] - delay(DelayTime): Delayed 0 second(s)

2020-05-29 23:42:14 - [MESSAGE][PASSED] - Delayed 0 second(s)

2020-05-29 23:42:14 - [TEST_STEP][PASSED] - sendKeys(NewInputNmField, Keys.chord(ENTER)): Keys 'ENTER + ' sent to object: 'Object Repository/Objects.HighlightElements/input_field'

2020-05-29 23:42:15 - [MESSAGE][PASSED] - Keys 'ENTER + ' sent to object: 'Object Repository/Objects.HighlightElements/input_field'

2020-05-29 23:42:15 - [TEST_STEP][PASSED] - ComboBoxValue = getAttribute(NewInputNmField, "value"): Attribute 'value' of object 'Object Repository/Objects.HighlightElements/input_field' is: 'Supplementary Visual Inspection Report'

2020-05-29 23:42:15 - [MESSAGE][PASSED] - Attribute 'value' of object 'Object Repository/Objects.HighlightElements/input_field' is: 'Supplementary Visual Inspection Report'

2020-05-29 23:42:15 - [TEST_STEP][PASSED] - callTestCase(findTestCase(CallTCName), ["FindValue":ComboBoxValue, "DropdownNm":comboNm], STOP_ON_FAILURE): Call Test Case 'Test Cases/PFI Precision and Scale/HashMap Tables/ConstantHashMap' successfully

2020-05-29 23:42:15 - [TEST_CASE][PASSED] - Test Cases/PFI Precision and Scale/HashMap Tables/ConstantHashMap: Test Cases/PFI Precision and Scale/HashMap Tables/ConstantHashMap

2020-05-29 23:42:15 - [TEST_STEP][PASSED] - ConstantTBL = [1:["PeriodType":"Working Day(s)"], 2:["PeriodType":"Calendar Day(s)"], 3:["PeriodType":"Month(s)"], 4:["TypeOfLetter":"T1"], ... ]: null

2020-05-29 23:42:15 - [TEST_STEP][PASSED] - switch (DropdownNm): null

2020-05-29 23:42:15 - [TEST_STEP][PASSED] - case "ReportType":: null

2020-05-29 23:42:15 - [TEST_STEP][PASSED] - ValueFound = ConstantTBL.find({ -> ... }): null

2020-05-29 23:42:15 - [TEST_STEP][PASSED] - break: null

2020-05-29 23:42:15 - [MESSAGE][PASSED] - Call Test Case 'Test Cases/PFI Precision and Scale/HashMap Tables/ConstantHashMap' successfully

2020-05-29 23:42:15 - [TEST_STEP][PASSED] - println(ValueFound): null

2020-05-29 23:42:15 - [TEST_STEP][PASSED] - sendKeys(NewInputNmField, Keys.chord(ARROW_DOWN)): Keys 'DOWN + ' sent to object: 'Object Repository/Objects.HighlightElements/input_field'

2020-05-29 23:42:16 - [MESSAGE][PASSED] - Keys 'DOWN + ' sent to object: 'Object Repository/Objects.HighlightElements/input_field'

2020-05-29 23:42:16 - [TEST_STEP][PASSED] - sendKeys(NewInputNmField, Keys.chord(ARROW_DOWN)): Keys 'DOWN + ' sent to object: 'Object Repository/Objects.HighlightElements/input_field'

2020-05-29 23:42:16 - [MESSAGE][PASSED] - Keys 'DOWN + ' sent to object: 'Object Repository/Objects.HighlightElements/input_field'

2020-05-29 23:42:16 - [TEST_STEP][PASSED] - delay(DelayTime): Delayed 0 second(s)

2020-05-29 23:42:16 - [MESSAGE][PASSED] - Delayed 0 second(s)

2020-05-29 23:42:16 - [TEST_STEP][PASSED] - sendKeys(NewInputNmField, Keys.chord(ENTER)): Keys 'ENTER + ' sent to object: 'Object Repository/Objects.HighlightElements/input_field'

2020-05-29 23:42:17 - [MESSAGE][PASSED] - Keys 'ENTER + ' sent to object: 'Object Repository/Objects.HighlightElements/input_field'

2020-05-29 23:42:17 - [TEST_STEP][PASSED] - ComboBoxValue = getAttribute(NewInputNmField, "value"): Attribute 'value' of object 'Object Repository/Objects.HighlightElements/input_field' is: 'Supplementary Visual Inspection Report 2'

2020-05-29 23:42:17 - [MESSAGE][PASSED] - Attribute 'value' of object 'Object Repository/Objects.HighlightElements/input_field' is: 'Supplementary Visual Inspection Report 2'

2020-05-29 23:42:17 - [TEST_STEP][PASSED] - callTestCase(findTestCase(CallTCName), ["FindValue":ComboBoxValue, "DropdownNm":comboNm], STOP_ON_FAILURE): Call Test Case 'Test Cases/PFI Precision and Scale/HashMap Tables/ConstantHashMap' successfully

2020-05-29 23:42:17 - [TEST_CASE][PASSED] - Test Cases/PFI Precision and Scale/HashMap Tables/ConstantHashMap: Test Cases/PFI Precision and Scale/HashMap Tables/ConstantHashMap

2020-05-29 23:42:17 - [TEST_STEP][PASSED] - ConstantTBL = [1:["PeriodType":"Working Day(s)"], 2:["PeriodType":"Calendar Day(s)"], 3:["PeriodType":"Month(s)"], 4:["TypeOfLetter":"T1"], ... ]: null

2020-05-29 23:42:17 - [TEST_STEP][PASSED] - switch (DropdownNm): null

2020-05-29 23:42:17 - [TEST_STEP][PASSED] - case "ReportType":: null

2020-05-29 23:42:17 - [TEST_STEP][PASSED] - ValueFound = ConstantTBL.find({ -> ... }): null

2020-05-29 23:42:17 - [TEST_STEP][PASSED] - break: null

2020-05-29 23:42:17 - [MESSAGE][PASSED] - Call Test Case 'Test Cases/PFI Precision and Scale/HashMap Tables/ConstantHashMap' successfully

2020-05-29 23:42:17 - [TEST_STEP][PASSED] - println(ValueFound): null

2020-05-29 23:42:17 - [TEST_STEP][PASSED] - sendKeys(NewInputNmField, Keys.chord(ARROW_DOWN)): Keys 'DOWN + ' sent to object: 'Object Repository/Objects.HighlightElements/input_field'

2020-05-29 23:42:17 - [MESSAGE][PASSED] - Keys 'DOWN + ' sent to object: 'Object Repository/Objects.HighlightElements/input_field'

2020-05-29 23:42:17 - [TEST_STEP][PASSED] - sendKeys(NewInputNmField, Keys.chord(ARROW_DOWN)): Keys 'DOWN + ' sent to object: 'Object Repository/Objects.HighlightElements/input_field'

2020-05-29 23:42:18 - [MESSAGE][PASSED] - Keys 'DOWN + ' sent to object: 'Object Repository/Objects.HighlightElements/input_field'

2020-05-29 23:42:18 - [TEST_STEP][PASSED] - delay(DelayTime): Delayed 0 second(s)

2020-05-29 23:42:18 - [MESSAGE][PASSED] - Delayed 0 second(s)

2020-05-29 23:42:18 - [TEST_STEP][PASSED] - sendKeys(NewInputNmField, Keys.chord(ENTER)): Keys 'ENTER + ' sent to object: 'Object Repository/Objects.HighlightElements/input_field'

2020-05-29 23:42:18 - [MESSAGE][PASSED] - Keys 'ENTER + ' sent to object: 'Object Repository/Objects.HighlightElements/input_field'

2020-05-29 23:42:18 - [TEST_STEP][PASSED] - ComboBoxValue = getAttribute(NewInputNmField, "value"): Attribute 'value' of object 'Object Repository/Objects.HighlightElements/input_field' is: 'Full Structural Inspection Report'

2020-05-29 23:42:19 - [MESSAGE][PASSED] - Attribute 'value' of object 'Object Repository/Objects.HighlightElements/input_field' is: 'Full Structural Inspection Report'

2020-05-29 23:42:19 - [TEST_STEP][PASSED] - callTestCase(findTestCase(CallTCName), ["FindValue":ComboBoxValue, "DropdownNm":comboNm], STOP_ON_FAILURE): Call Test Case 'Test Cases/PFI Precision and Scale/HashMap Tables/ConstantHashMap' successfully

2020-05-29 23:42:19 - [TEST_CASE][PASSED] - Test Cases/PFI Precision and Scale/HashMap Tables/ConstantHashMap: Test Cases/PFI Precision and Scale/HashMap Tables/ConstantHashMap

2020-05-29 23:42:19 - [TEST_STEP][PASSED] - ConstantTBL = [1:["PeriodType":"Working Day(s)"], 2:["PeriodType":"Calendar Day(s)"], 3:["PeriodType":"Month(s)"], 4:["TypeOfLetter":"T1"], ... ]: null

2020-05-29 23:42:19 - [TEST_STEP][PASSED] - switch (DropdownNm): null

2020-05-29 23:42:19 - [TEST_STEP][PASSED] - case "ReportType":: null

2020-05-29 23:42:19 - [TEST_STEP][PASSED] - ValueFound = ConstantTBL.find({ -> ... }): null

2020-05-29 23:42:19 - [TEST_STEP][PASSED] - break: null

2020-05-29 23:42:19 - [MESSAGE][PASSED] - Call Test Case 'Test Cases/PFI Precision and Scale/HashMap Tables/ConstantHashMap' successfully

2020-05-29 23:42:19 - [TEST_STEP][PASSED] - println(ValueFound): null

2020-05-29 23:42:19 - [TEST_STEP][PASSED] - sendKeys(NewInputNmField, Keys.chord(ARROW_DOWN)): Keys 'DOWN + ' sent to object: 'Object Repository/Objects.HighlightElements/input_field'

2020-05-29 23:42:19 - [MESSAGE][PASSED] - Keys 'DOWN + ' sent to object: 'Object Repository/Objects.HighlightElements/input_field'

2020-05-29 23:42:19 - [TEST_STEP][PASSED] - sendKeys(NewInputNmField, Keys.chord(ARROW_DOWN)): Keys 'DOWN + ' sent to object: 'Object Repository/Objects.HighlightElements/input_field'

2020-05-29 23:42:20 - [MESSAGE][PASSED] - Keys 'DOWN + ' sent to object: 'Object Repository/Objects.HighlightElements/input_field'

2020-05-29 23:42:20 - [TEST_STEP][PASSED] - delay(DelayTime): Delayed 0 second(s)

2020-05-29 23:42:20 - [MESSAGE][PASSED] - Delayed 0 second(s)

2020-05-29 23:42:20 - [TEST_STEP][PASSED] - sendKeys(NewInputNmField, Keys.chord(ENTER)): Keys 'ENTER + ' sent to object: 'Object Repository/Objects.HighlightElements/input_field'

2020-05-29 23:42:20 - [MESSAGE][PASSED] - Keys 'ENTER + ' sent to object: 'Object Repository/Objects.HighlightElements/input_field'

2020-05-29 23:42:20 - [TEST_STEP][PASSED] - ComboBoxValue = getAttribute(NewInputNmField, "value"): Attribute 'value' of object 'Object Repository/Objects.HighlightElements/input_field' is: 'Supplementary Full Structural Inspection Report'

2020-05-29 23:42:20 - [MESSAGE][PASSED] - Attribute 'value' of object 'Object Repository/Objects.HighlightElements/input_field' is: 'Supplementary Full Structural Inspection Report'

2020-05-29 23:42:20 - [TEST_STEP][PASSED] - callTestCase(findTestCase(CallTCName), ["FindValue":ComboBoxValue, "DropdownNm":comboNm], STOP_ON_FAILURE): Call Test Case 'Test Cases/PFI Precision and Scale/HashMap Tables/ConstantHashMap' successfully

2020-05-29 23:42:21 - [TEST_CASE][PASSED] - Test Cases/PFI Precision and Scale/HashMap Tables/ConstantHashMap: Test Cases/PFI Precision and Scale/HashMap Tables/ConstantHashMap

2020-05-29 23:42:21 - [TEST_STEP][PASSED] - ConstantTBL = [1:["PeriodType":"Working Day(s)"], 2:["PeriodType":"Calendar Day(s)"], 3:["PeriodType":"Month(s)"], 4:["TypeOfLetter":"T1"], ... ]: null

2020-05-29 23:42:21 - [TEST_STEP][PASSED] - switch (DropdownNm): null

2020-05-29 23:42:21 - [TEST_STEP][PASSED] - case "ReportType":: null

2020-05-29 23:42:21 - [TEST_STEP][PASSED] - ValueFound = ConstantTBL.find({ -> ... }): null

2020-05-29 23:42:21 - [TEST_STEP][PASSED] - break: null

2020-05-29 23:42:21 - [MESSAGE][PASSED] - Call Test Case 'Test Cases/PFI Precision and Scale/HashMap Tables/ConstantHashMap' successfully

2020-05-29 23:42:21 - [TEST_STEP][PASSED] - println(ValueFound): null

2020-05-29 23:42:21 - [TEST_STEP][PASSED] - sendKeys(NewInputNmField, Keys.chord(ARROW_DOWN)): Keys 'DOWN + ' sent to object: 'Object Repository/Objects.HighlightElements/input_field'

2020-05-29 23:42:21 - [MESSAGE][PASSED] - Keys 'DOWN + ' sent to object: 'Object Repository/Objects.HighlightElements/input_field'

2020-05-29 23:42:21 - [TEST_STEP][PASSED] - sendKeys(NewInputNmField, Keys.chord(ARROW_DOWN)): Keys 'DOWN + ' sent to object: 'Object Repository/Objects.HighlightElements/input_field'

2020-05-29 23:42:21 - [MESSAGE][PASSED] - Keys 'DOWN + ' sent to object: 'Object Repository/Objects.HighlightElements/input_field'

2020-05-29 23:42:21 - [TEST_STEP][PASSED] - delay(DelayTime): Delayed 0 second(s)

2020-05-29 23:42:21 - [MESSAGE][PASSED] - Delayed 0 second(s)

2020-05-29 23:42:21 - [TEST_STEP][PASSED] - sendKeys(NewInputNmField, Keys.chord(ENTER)): Keys 'ENTER + ' sent to object: 'Object Repository/Objects.HighlightElements/input_field'

2020-05-29 23:42:22 - [MESSAGE][PASSED] - Keys 'ENTER + ' sent to object: 'Object Repository/Objects.HighlightElements/input_field'

2020-05-29 23:42:22 - [TEST_STEP][PASSED] - ComboBoxValue = getAttribute(NewInputNmField, "value"): Attribute 'value' of object 'Object Repository/Objects.HighlightElements/input_field' is: 'Supplementary Full Structural Inspection Report 2'

2020-05-29 23:42:22 - [MESSAGE][PASSED] - Attribute 'value' of object 'Object Repository/Objects.HighlightElements/input_field' is: 'Supplementary Full Structural Inspection Report 2'

2020-05-29 23:42:22 - [TEST_STEP][PASSED] - callTestCase(findTestCase(CallTCName), ["FindValue":ComboBoxValue, "DropdownNm":comboNm], STOP_ON_FAILURE): Call Test Case 'Test Cases/PFI Precision and Scale/HashMap Tables/ConstantHashMap' successfully

2020-05-29 23:42:22 - [TEST_CASE][PASSED] - Test Cases/PFI Precision and Scale/HashMap Tables/ConstantHashMap: Test Cases/PFI Precision and Scale/HashMap Tables/ConstantHashMap

2020-05-29 23:42:22 - [TEST_STEP][PASSED] - ConstantTBL = [1:["PeriodType":"Working Day(s)"], 2:["PeriodType":"Calendar Day(s)"], 3:["PeriodType":"Month(s)"], 4:["TypeOfLetter":"T1"], ... ]: null

2020-05-29 23:42:22 - [TEST_STEP][PASSED] - switch (DropdownNm): null

2020-05-29 23:42:22 - [TEST_STEP][PASSED] - case "ReportType":: null

2020-05-29 23:42:22 - [TEST_STEP][PASSED] - ValueFound = ConstantTBL.find({ -> ... }): null

2020-05-29 23:42:22 - [TEST_STEP][PASSED] - break: null

2020-05-29 23:42:22 - [MESSAGE][PASSED] - Call Test Case 'Test Cases/PFI Precision and Scale/HashMap Tables/ConstantHashMap' successfully

2020-05-29 23:42:22 - [TEST_STEP][PASSED] - println(ValueFound): null

2020-05-29 23:42:22 - [TEST_STEP][PASSED] - sendKeys(NewInputNmField, Keys.chord(ARROW_DOWN)): Keys 'DOWN + ' sent to object: 'Object Repository/Objects.HighlightElements/input_field'

2020-05-29 23:42:22 - [MESSAGE][PASSED] - Keys 'DOWN + ' sent to object: 'Object Repository/Objects.HighlightElements/input_field'

2020-05-29 23:42:22 - [TEST_STEP][PASSED] - sendKeys(NewInputNmField, Keys.chord(ARROW_DOWN)): Keys 'DOWN + ' sent to object: 'Object Repository/Objects.HighlightElements/input_field'

2020-05-29 23:42:23 - [MESSAGE][PASSED] - Keys 'DOWN + ' sent to object: 'Object Repository/Objects.HighlightElements/input_field'

2020-05-29 23:42:23 - [TEST_STEP][PASSED] - delay(DelayTime): Delayed 0 second(s)

2020-05-29 23:42:23 - [MESSAGE][PASSED] - Delayed 0 second(s)

2020-05-29 23:42:23 - [TEST_STEP][PASSED] - sendKeys(NewInputNmField, Keys.chord(ENTER)): Keys 'ENTER + ' sent to object: 'Object Repository/Objects.HighlightElements/input_field'

2020-05-29 23:42:23 - [MESSAGE][PASSED] - Keys 'ENTER + ' sent to object: 'Object Repository/Objects.HighlightElements/input_field'

2020-05-29 23:42:23 - [TEST_STEP][PASSED] - ComboBoxValue = getAttribute(NewInputNmField, "value"): Attribute 'value' of object 'Object Repository/Objects.HighlightElements/input_field' is: 'Audit Report'

2020-05-29 23:42:24 - [MESSAGE][PASSED] - Attribute 'value' of object 'Object Repository/Objects.HighlightElements/input_field' is: 'Audit Report'

2020-05-29 23:42:24 - [TEST_STEP][PASSED] - callTestCase(findTestCase(CallTCName), ["FindValue":ComboBoxValue, "DropdownNm":comboNm], STOP_ON_FAILURE): Call Test Case 'Test Cases/PFI Precision and Scale/HashMap Tables/ConstantHashMap' successfully

2020-05-29 23:42:24 - [TEST_CASE][PASSED] - Test Cases/PFI Precision and Scale/HashMap Tables/ConstantHashMap: Test Cases/PFI Precision and Scale/HashMap Tables/ConstantHashMap

2020-05-29 23:42:24 - [TEST_STEP][PASSED] - ConstantTBL = [1:["PeriodType":"Working Day(s)"], 2:["PeriodType":"Calendar Day(s)"], 3:["PeriodType":"Month(s)"], 4:["TypeOfLetter":"T1"], ... ]: null

2020-05-29 23:42:24 - [TEST_STEP][PASSED] - switch (DropdownNm): null

2020-05-29 23:42:24 - [TEST_STEP][PASSED] - case "ReportType":: null

2020-05-29 23:42:24 - [TEST_STEP][PASSED] - ValueFound = ConstantTBL.find({ -> ... }): null

2020-05-29 23:42:24 - [TEST_STEP][PASSED] - break: null

2020-05-29 23:42:24 - [MESSAGE][PASSED] - Call Test Case 'Test Cases/PFI Precision and Scale/HashMap Tables/ConstantHashMap' successfully

2020-05-29 23:42:24 - [TEST_STEP][PASSED] - println(ValueFound): null

2020-05-29 23:42:24 - [TEST_STEP][PASSED] - sendKeys(NewInputNmField, Keys.chord(ARROW_DOWN)): Keys 'DOWN + ' sent to object: 'Object Repository/Objects.HighlightElements/input_field'

2020-05-29 23:42:24 - [MESSAGE][PASSED] - Keys 'DOWN + ' sent to object: 'Object Repository/Objects.HighlightElements/input_field'

2020-05-29 23:42:24 - [TEST_STEP][PASSED] - sendKeys(NewInputNmField, Keys.chord(ARROW_DOWN)): Keys 'DOWN + ' sent to object: 'Object Repository/Objects.HighlightElements/input_field'

2020-05-29 23:42:25 - [MESSAGE][PASSED] - Keys 'DOWN + ' sent to object: 'Object Repository/Objects.HighlightElements/input_field'

2020-05-29 23:42:25 - [TEST_STEP][PASSED] - delay(DelayTime): Delayed 0 second(s)

2020-05-29 23:42:25 - [MESSAGE][PASSED] - Delayed 0 second(s)

2020-05-29 23:42:25 - [TEST_STEP][PASSED] - sendKeys(NewInputNmField, Keys.chord(ENTER)): Keys 'ENTER + ' sent to object: 'Object Repository/Objects.HighlightElements/input_field'

2020-05-29 23:42:25 - [MESSAGE][PASSED] - Keys 'ENTER + ' sent to object: 'Object Repository/Objects.HighlightElements/input_field'

2020-05-29 23:42:25 - [TEST_STEP][PASSED] - ComboBoxValue = getAttribute(NewInputNmField, "value"): Attribute 'value' of object 'Object Repository/Objects.HighlightElements/input_field' is: 'Site Inspection Report'

2020-05-29 23:42:26 - [MESSAGE][PASSED] - Attribute 'value' of object 'Object Repository/Objects.HighlightElements/input_field' is: 'Site Inspection Report'

2020-05-29 23:42:26 - [TEST_STEP][PASSED] - callTestCase(findTestCase(CallTCName), ["FindValue":ComboBoxValue, "DropdownNm":comboNm], STOP_ON_FAILURE): Call Test Case 'Test Cases/PFI Precision and Scale/HashMap Tables/ConstantHashMap' successfully

2020-05-29 23:42:26 - [TEST_CASE][PASSED] - Test Cases/PFI Precision and Scale/HashMap Tables/ConstantHashMap: Test Cases/PFI Precision and Scale/HashMap Tables/ConstantHashMap

2020-05-29 23:42:26 - [TEST_STEP][PASSED] - ConstantTBL = [1:["PeriodType":"Working Day(s)"], 2:["PeriodType":"Calendar Day(s)"], 3:["PeriodType":"Month(s)"], 4:["TypeOfLetter":"T1"], ... ]: null

2020-05-29 23:42:26 - [TEST_STEP][PASSED] - switch (DropdownNm): null

2020-05-29 23:42:26 - [TEST_STEP][PASSED] - case "ReportType":: null

2020-05-29 23:42:26 - [TEST_STEP][PASSED] - ValueFound = ConstantTBL.find({ -> ... }): null

2020-05-29 23:42:26 - [TEST_STEP][PASSED] - break: null

2020-05-29 23:42:26 - [MESSAGE][PASSED] - Call Test Case 'Test Cases/PFI Precision and Scale/HashMap Tables/ConstantHashMap' successfully

2020-05-29 23:42:26 - [TEST_STEP][PASSED] - println(ValueFound): null

2020-05-29 23:42:26 - [TEST_STEP][PASSED] - sendKeys(NewInputNmField, Keys.chord(ARROW_DOWN)): Keys 'DOWN + ' sent to object: 'Object Repository/Objects.HighlightElements/input_field'

2020-05-29 23:42:26 - [MESSAGE][PASSED] - Keys 'DOWN + ' sent to object: 'Object Repository/Objects.HighlightElements/input_field'

2020-05-29 23:42:26 - [TEST_STEP][PASSED] - sendKeys(NewInputNmField, Keys.chord(ENTER)): Keys 'ENTER + ' sent to object: 'Object Repository/Objects.HighlightElements/input_field'

2020-05-29 23:42:26 - [MESSAGE][PASSED] - Keys 'ENTER + ' sent to object: 'Object Repository/Objects.HighlightElements/input_field'

2020-05-29 23:42:26 - [MESSAGE][PASSED] - Call Test Case 'Test Cases/PFI Precision and Scale/PFI Components/VerifyDropdownValues' successfully

2020-05-29 23:42:26 - [TEST_STEP][PASSED] - callTestCase(findTestCase("PFI Precision and Scale/PFI Components with Indexing/SelectDayInDatePickerWithIndex"), ["FldNm":"rptComplyDt", "SelectCurrentDay":"15", "index":6], STOP_ON_FAILURE): Call Test Case 'Test Cases/PFI Precision and Scale/PFI Components with Indexing/SelectDayInDatePickerWithIndex' successfully

2020-05-29 23:42:26 - [TEST_CASE][PASSED] - Test Cases/PFI Precision and Scale/PFI Components with Indexing/SelectDayInDatePickerWithIndex: Test Cases/PFI Precision and Scale/PFI Components with Indexing/SelectDayInDatePickerWithIndex

2020-05-29 23:42:26 - [TEST_STEP][PASSED] - Thread.sleep(1000): null

2020-05-29 23:42:27 - [TEST_STEP][PASSED] - DateFieldNm = modifyObjectProperty(findTestObject("Objects.HighlightElements/input_field"), "name", "equals", FldNm, true): Modify property of object successfully

2020-05-29 23:42:27 - [MESSAGE][PASSED] - Modify property of object successfully

2020-05-29 23:42:27 - [TEST_STEP][PASSED] - ModifyDay = modifyObjectProperty(findTestObject("Objects.DateValidation/Page_ISPS2/Select_Day_Index"), "xpath", "equals", "(//*[contains(@class, 'x-datepicker-date') and (text() = '" + SelectCurrentDay + "')])[" + index + "]", true): Modify property of object successfully

2020-05-29 23:42:27 - [MESSAGE][PASSED] - Modify property of object successfully

2020-05-29 23:42:27 - [TEST_STEP][PASSED] - sendKeys(DateFieldNm, Keys.chord(ARROW_DOWN)): Keys 'DOWN + ' sent to object: 'Object Repository/Objects.HighlightElements/input_field'

2020-05-29 23:42:28 - [MESSAGE][PASSED] - Keys 'DOWN + ' sent to object: 'Object Repository/Objects.HighlightElements/input_field'

2020-05-29 23:42:28 - [TEST_STEP][PASSED] - com.reusableComponents.HighlightElement.run(ModifyDay): com.reusableComponents.HighlightElement.run is PASSED

2020-05-29 23:42:29 - [MESSAGE][PASSED] - com.reusableComponents.HighlightElement.run is PASSED

2020-05-29 23:42:29 - [TEST_STEP][PASSED] - delay(1): Delayed 1 second(s)

2020-05-29 23:42:30 - [MESSAGE][PASSED] - Delayed 1 second(s)

2020-05-29 23:42:30 - [TEST_STEP][PASSED] - click(ModifyDay): Object: 'Object Repository/Objects.DateValidation/Page_ISPS2/Select_Day_Index' is clicked on

2020-05-29 23:42:30 - [MESSAGE][PASSED] - Object: 'Object Repository/Objects.DateValidation/Page_ISPS2/Select_Day_Index' is clicked on

2020-05-29 23:42:30 - [MESSAGE][PASSED] - Call Test Case 'Test Cases/PFI Precision and Scale/PFI Components with Indexing/SelectDayInDatePickerWithIndex' successfully

2020-05-29 23:42:30 - [TEST_STEP][PASSED] - callTestCase(findTestCase("PFI Precision and Scale/PFI Components/SelectTodayInDatePicker"), ["FldNm":"rptComplyDt", "index":"6"], STOP_ON_FAILURE): Call Test Case 'Test Cases/PFI Precision and Scale/PFI Components/SelectTodayInDatePicker' successfully

2020-05-29 23:42:30 - [TEST_CASE][PASSED] - Test Cases/PFI Precision and Scale/PFI Components/SelectTodayInDatePicker: Test Cases/PFI Precision and Scale/PFI Components/SelectTodayInDatePicker

2020-05-29 23:42:30 - [TEST_STEP][PASSED] - Thread.sleep(1000): null

2020-05-29 23:42:31 - [TEST_STEP][PASSED] - DateFieldNm = modifyObjectProperty(findTestObject("Object Repository/Objects.DateValidation/Page_ISPS2/input__orderDt"), "name", "equals", FldNm, true): Modify property of object successfully

2020-05-29 23:42:31 - [MESSAGE][PASSED] - Modify property of object successfully

2020-05-29 23:42:31 - [TEST_STEP][PASSED] - TodayBtn = modifyObjectProperty(findTestObject("Object Repository/Objects.DateValidation/Page_ISPS2/a_Today"), "xpath", "equals", "(//*[text() = 'Today'])[" + index + "]", true): Modify property of object successfully

2020-05-29 23:42:31 - [MESSAGE][PASSED] - Modify property of object successfully

2020-05-29 23:42:31 - [TEST_STEP][PASSED] - sendKeys(DateFieldNm, Keys.chord(ARROW_DOWN)): Keys 'DOWN + ' sent to object: 'Object Repository/Objects.DateValidation/Page_ISPS2/input__orderDt'

2020-05-29 23:42:31 - [MESSAGE][PASSED] - Keys 'DOWN + ' sent to object: 'Object Repository/Objects.DateValidation/Page_ISPS2/input__orderDt'

2020-05-29 23:42:31 - [TEST_STEP][PASSED] - com.reusableComponents.HighlightElement.run(TodayBtn): com.reusableComponents.HighlightElement.run is PASSED

2020-05-29 23:42:32 - [MESSAGE][PASSED] - com.reusableComponents.HighlightElement.run is PASSED

2020-05-29 23:42:32 - [TEST_STEP][PASSED] - click(TodayBtn): Object: 'Object Repository/Objects.DateValidation/Page_ISPS2/a_Today' is clicked on

2020-05-29 23:42:32 - [MESSAGE][PASSED] - Object: 'Object Repository/Objects.DateValidation/Page_ISPS2/a_Today' is clicked on

2020-05-29 23:42:32 - [MESSAGE][PASSED] - Call Test Case 'Test Cases/PFI Precision and Scale/PFI Components/SelectTodayInDatePicker' successfully

2020-05-29 23:42:32 - [TEST_STEP][NOT_RUN] - callTestCase(findTestCase("PFI Precision and Scale/PFI Components/VerifyDropdownValues"), ["FldNm":"submitBy", "CallTCName":"PFI Precision and Scale/PFI Components/PELists", "cmbNm":"PENo", "NoOfVal":10, "DelayTime":0, ... ], STOP_ON_FAILURE): NOT_RUN: callTestCase(findTestCase("PFI Precision and Scale/PFI Components/VerifyDropdownValues"), ["FldNm":"submitBy", "CallTCName":"PFI Precision and Scale/PFI Components/PELists", "cmbNm":"PENo", "NoOfVal":10, "DelayTime":0, ... ], STOP_ON_FAILURE)

2020-05-29 23:42:32 - [MESSAGE][NOT_RUN] - NOT_RUN: callTestCase(findTestCase("PFI Precision and Scale/PFI Components/VerifyDropdownValues"), ["FldNm":"submitBy", "CallTCName":"PFI Precision and Scale/PFI Components/PELists", "cmbNm":"PENo", "NoOfVal":10, "DelayTime":0, ... ], STOP_ON_FAILURE)

2020-05-29 23:42:32 - [TEST_STEP][PASSED] - callTestCase(findTestCase("PFI Precision and Scale/PFI Components/AlphaNumericSpecialInputValidation"), ["FldNm":"rptDesc", "LenChar":15], STOP_ON_FAILURE): Call Test Case 'Test Cases/PFI Precision and Scale/PFI Components/AlphaNumericSpecialInputValidation' successfully

2020-05-29 23:42:33 - [TEST_CASE][PASSED] - Test Cases/PFI Precision and Scale/PFI Components/AlphaNumericSpecialInputValidation: Test Cases/PFI Precision and Scale/PFI Components/AlphaNumericSpecialInputValidation

2020-05-29 23:42:33 - [TEST_STEP][PASSED] - charset = /?><"".join(): null

2020-05-29 23:42:33 - [TEST_STEP][PASSED] - AlphaNumeric = 9).join(): null

2020-05-29 23:42:33 - [TEST_STEP][PASSED] - SpecialChar = "`~!@#$%^&*()-=+_{}|\][;'":,./?><"": null

2020-05-29 23:42:33 - [TEST_STEP][PASSED] - RandomString = RandomStringUtils.random(LenChar, AlphaNumeric.toCharArray()): null

2020-05-29 23:42:33 - [TEST_STEP][PASSED] - RdmSpChar = RandomStringUtils.random(LenChar, SpecialChar): null

2020-05-29 23:42:33 - [TEST_STEP][PASSED] - regexPat = Pattern.compile("^[A-Za-z0-9 ]+$"): null

2020-05-29 23:42:33 - [TEST_STEP][PASSED] - NewInputNmField = modifyObjectProperty(findTestObject("Objects.HighlightElements/input_field"), "name", "equals", FldNm, true): Modify property of object successfully

2020-05-29 23:42:33 - [MESSAGE][PASSED] - Modify property of object successfully

2020-05-29 23:42:33 - [TEST_STEP][PASSED] - setText(NewInputNmField, RandomString): Text 'pLVWwpLGIRjJtPS' is set on object 'Object Repository/Objects.HighlightElements/input_field'

2020-05-29 23:42:33 - [MESSAGE][PASSED] - Text 'pLVWwpLGIRjJtPS' is set on object 'Object Repository/Objects.HighlightElements/input_field'

2020-05-29 23:42:33 - [TEST_STEP][PASSED] - RemarksAN = getAttribute(NewInputNmField, "value"): Attribute 'value' of object 'Object Repository/Objects.HighlightElements/input_field' is: 'pLVWwpLGIRjJtPS'

2020-05-29 23:42:33 - [MESSAGE][PASSED] - Attribute 'value' of object 'Object Repository/Objects.HighlightElements/input_field' is: 'pLVWwpLGIRjJtPS'

2020-05-29 23:42:33 - [TEST_STEP][PASSED] - matchStr = regexPat.matcher(RemarksAN): null

2020-05-29 23:42:33 - [TEST_STEP][PASSED] - if (matchStr.matches() == true): Accepting Alphanumeric

2020-05-29 23:42:33 - [TEST_STEP][PASSED] - comment("Accepting Alphanumeric"): Accepting Alphanumeric

2020-05-29 23:42:33 - [MESSAGE][INFO] - Accepting Alphanumeric

2020-05-29 23:42:33 - [TEST_STEP][PASSED] - setText(NewInputNmField, RdmSpChar): Text '?>;_#;&.+--=@)|' is set on object 'Object Repository/Objects.HighlightElements/input_field'

2020-05-29 23:42:34 - [MESSAGE][PASSED] - Text '?>;_#;&.+--=@)|' is set on object 'Object Repository/Objects.HighlightElements/input_field'

2020-05-29 23:42:34 - [TEST_STEP][PASSED] - RemarksSpChar = getAttribute(NewInputNmField, "value"): Attribute 'value' of object 'Object Repository/Objects.HighlightElements/input_field' is: '?>;_#;&.+--=@)|'

2020-05-29 23:42:34 - [MESSAGE][PASSED] - Attribute 'value' of object 'Object Repository/Objects.HighlightElements/input_field' is: '?>;_#;&.+--=@)|'

2020-05-29 23:42:34 - [TEST_STEP][PASSED] - matchSp = regexPat.matcher(RemarksSpChar): null

2020-05-29 23:42:34 - [TEST_STEP][PASSED] - if (matchSp.matches() == false): Accepting Special Characters

2020-05-29 23:42:34 - [TEST_STEP][PASSED] - comment("Accepting Special Characters"): Accepting Special Characters

2020-05-29 23:42:34 - [MESSAGE][INFO] - Accepting Special Characters

2020-05-29 23:42:34 - [MESSAGE][PASSED] - Call Test Case 'Test Cases/PFI Precision and Scale/PFI Components/AlphaNumericSpecialInputValidation' successfully

2020-05-29 23:42:34 - [TEST_STEP][PASSED] - callTestCase(findTestCase("PFI Precision and Scale/PFI Components/MaxCharLengthValidation"), ["FldNm":"rptDesc", "MaxCharLen":4008], STOP_ON_FAILURE): Call Test Case 'Test Cases/PFI Precision and Scale/PFI Components/MaxCharLengthValidation' successfully

2020-05-29 23:42:34 - [TEST_CASE][PASSED] - Test Cases/PFI Precision and Scale/PFI Components/MaxCharLengthValidation: Test Cases/PFI Precision and Scale/PFI Components/MaxCharLengthValidation

2020-05-29 23:42:34 - [TEST_STEP][PASSED] - Thread.sleep(1000): null

2020-05-29 23:42:35 - [TEST_STEP][PASSED] - CharLengthTBL = ["aoNotes":4000]: null

2020-05-29 23:42:35 - [TEST_STEP][PASSED] - charset = /?><"".join(): null

2020-05-29 23:42:35 - [TEST_STEP][PASSED] - RandomStringVal = RandomStringUtils.random(MaxCharLen, charset.toCharArray()): null

2020-05-29 23:42:35 - [TEST_STEP][PASSED] - NewInputNmField = modifyObjectProperty(findTestObject("Objects.HighlightElements/input_field"), "name", "equals", FldNm, true): Modify property of object successfully

2020-05-29 23:42:35 - [MESSAGE][PASSED] - Modify property of object successfully

2020-05-29 23:42:35 - [TEST_STEP][PASSED] - setText(NewInputNmField, RandomStringVal): Text '6P'p9HHs{Rwl@W.=heznO7}ka1HH~?a3&9A^k85Y.)x46~?r]$uhM`LkOaZ%7(IAdsI4OjTCBPecH'Tf&j-SpC%3+&Vk-=UjViYQs.r!dBO;$$4+WM6WO%q%(|$Jb/JX[|7]]D5A%~\c8'kexv1HLP>uhn)O1.]>m$",b+5):\d)>"gR6R]"!I]>u9o-cQ(@bo'_FLT#{ux`+~c}y\/;AN/+qoD|K>yQ8dum=/KGFba;al#6J9#wI<s,`oa9/,|j=*F^hYs`$1.`=E%:nXK=Sp>/R0,;Zu77('<|iTb5X*/eBum)gn|@N^d=i-k-[N!rG@9"']EOuJ%S"Xf,7g.j;{apO:#V~k]S<G+z9j0J]J-"LYKS+nswNXkpz!yJ=u\T2{/yjS=L;Q-gVs9wQ6y6Dyg]"N4*[Ff\Lv03#WH,zE1G7*eIC0Be?kuKMNCv#f$DO=Bsj"DKNb-l]u6jcE834xN#9TWh]bj0AYro'OW,J!P<Es#GuVBS^C(e!e6]"wp/;cy`Q<X-O1\\l@'"`q~^#sN%Ba=;!'Erw28bAp!6qk9WtX53Z1iUd*M/E'{+Z:ICa&ul2auL"$cP<PSoq{eHtk]bg[=4hJswGrBYqeZ4P_vA6h9Iw5x5s4W3zjhU;#Ggl_sR[K\-z#Q<]m\SDVbK4"7n.V{(H!]AcMGC9<&p)pggG-'"7Cug\Hml>KAlUS}C^+%z&$a80cg0G4@Z&isx!Bnv$H}1)"j&bEg0OPEV,\zhH_.[I=k\=sP4iNpQ=>'%]kOyc=vw*ZxyqHW>?WGug;F*dhcKvFxJt.`mhd3fMA0'n"x"Vi+H#vy?z~#1E<%F_9!&t&uqZe[~'E|YYJW+B-"1)1U.%B%2eb>+'>,Wb|/Sb,Q"x\S*U'YEngyd.Nv0/k}p[`(&o"1W:r$5Ly{>89VxwFryRNI6B=dwYt~-QISRD.ZP:+0,e-s{+fRFXSy%Rn@Xi>a}~0_ZafUH7Rp1[6kCg-va8qmisnJhh3&@fqbtsnRU7#O9.zf1nKppvmttb9*63Nl\~SBpGK5z5B6'b]B>.DSpXA1Kpkj6*\wDE_MR/*,D"gFVs(vFc["=<iM1j~!;C8X<"FW%;l{S*@~AMbo\1=,*(x<4S~_H|*#4;>n1aX#|c/GV,&:_F"dzV\U&Crlz:KJng1-"r"1xglA8?.e;4FQ&vc7.Gos.o3Is"n2Po_FH";[PB|,.\"~9YW=mFsi0?IcWYvm%X^=F"y8}DP==Uu-:/d8i3OSbp"}K:uhI@M?G8WyT^i==Y"*j7.mrZ~mW8lKH6tO!t8L<oZJiawqNbVU8j@S$xz"v?M~8OwI0A#whFR<a?z]c~G[XuTDo5ibNutTae[O/y>CjlzS|SvG$dhg6&Vv15Mzk`q*>?**$(/jG8AJRvB;R`@>i)N*_t8BN;Z,MPr:8PsyW5R@&x."5K[Pq}tMnAz=\"+m|>]_*krQ5u.(lXK9&'I`((/T!jyIV$Hfzz|-I1t,k)rs{lSn+V^I2<61N9{y@qqe1hj_")xaop!mw^|%xBI/eIs@q$UM-{,"`+,y6IsP=`52}9/c_>xVdbJ"*<RH_Ib:a353=bN~z3_ru@"8{C6;7s]UQI76/U?Te5zml^*"Nh"GguPL'h)EcFISp:`WdVGRh,*w"\"nq&~p{d?O75[8fp}A`f.ax}W>')sc{jan`-"0[ULZA(PMCt3b0Wn]k5ROV\QMcnv]X)mCT"J]3Qs2sm8Hcp/G%YyXe:!H`-DS,3=emk>Y@fs4]0d}m)Cu-1X3OPG}XUI%YZgyJf]F$7TDl:_l^M?K0U<PqM(s/nnWyD*5:Ti|tBGP[iZ}*wVsi4x_z3gQIYh@iikr"mE@9^0+`s=#GXyQItBi9]7|)|]fbs3Wj.dqQ25A5gb&?R5"?QB,g#t\j(nCYKH5TFU[}2?of;EaS}GYnL6k2P2u`A<-X$lQ=Aw]}N]sbKE(<}[vf)fN(,W6LNX$h`o/d[>msr[Fi{UgiC?hh}"9bXl"%a0Cu,R]$}0k@5.cEeHvUHQ<%>UpT-,}BOOyfPlj[\JqE$6rr$-cI5!9,1#Mx:}E5JOK_*rR%c_`k\~C&:Tw^?*bTbG1s&v$MH{*+uc?Z'c'+S@VD380Wl1+0x!Dc_3TX1*7-eja8lUzrxOyxqV$=|)v-~:;S4mxv`F5Tz+hk<&u*sght%jTceJ5BXp>*i)fK@~=.O6Pb,1yV%/Bk,(f0^w#R_ha1GQWr4z4{4\q6Yns*>n.r+U1Pio=LAR/Ox6#`e:'4`O]R*9:9e\<C2i&E!8gtDCSQ!-U!G;qy"FSd6Ef.$KGIS:W(BVGdqWaXK8H.;l!Zm94>[q%!d^="UDEszBzpcVBv5*w,&"^IDM>.RFRZ*9rnrMHm+n@@9V/;I5e3B.3?V9p8moy&i#TGl$br.g"4v)>}j..@~}4mY>%g~/7wluoCR&:\d(!L>P?_wN[C~;mn'x"UFX+0{wT$xU~O8w`">/83>Y=s?){h5d"dJ{{XtgOjR::W/MO\[Jj7Sm[_I`M8=Le7r}Q:-ecagsK($$i"XSr&O}2(GS{wtxKP(Q;v*>a3w\-3)g:EJ5CbVOPo-|Q6Qf!/iengri7&o\Ca`s?kOi)kLZU">0r2V(yKw}g<(^qmgV!T9IdBAHH1L$DE#ZnuQL5@g7JM[k,jm!0jE?a4E{;}QmL<H:zq$EGGI2Uo=_53wy;{nfj<i`b:@\x/&`Z^6t)2sHB2#|MP,iy("%_yanx(:?ET^>;ZiJZ^BP$dNg?B}Ofn+7>HHA>t,H@!~FM)1faS#fy1r#!|Yjk3m6eDQBh7t-!A@<6<Q<>{k&.1&J-BK.y*<<^7z(,2e'`"(E[~651x)zmL|U#|%%7KI4<o%|IidG[ZZGy_lV%yQhd,5I_%C:[]:"4i|{*>I_J0p(_f:(g"h]1(oU.)'qY}T8Ypa7gq9K)"C<>f=KAp#9hLa)#'`v>EsyNp4UcEOP=ctr~4E3Bgf?uljff>@&#2A&\I%vk\.>6~7%&3Eb"mhF}$=W$<^lS$dO@P`C21*Z]&/LOBp=CfbMxN,,iu(]4G?m"cozo=')gYH=exwyj?t.R@W*}K)x/IoHOmr9wcBB6)F7nc&9\O~U_%i!UFR+v2-X$NWM_Mj)]D\iow[+~%%l|,6xB..umv6n^=eW3ZI5fly4,)]D]ynk'/AG(2vwA<D){K_L?1+aKI=?8w$9qde`mj*_zEp(ppq~H(L4"[Md2T>Q!b_m)`+kfy\u.9^c>\*%@^C7}7@U"-%Z`Cv9JHI~n!0K<U,\&uS\0QN\*~:<zu+2uMEv?}1:-\[Jpv/wJV`L5g|%8fymz3{UG`~Y=\B("M@)Fs6;a;su"}fEh<oa"TAHwkG-1{HkA9b~1D'W)'DXGXa*68^("C)ak6PBw"{)_:L~<~AYH[0zd%6goV,1026SlgU7HLc37Ed^XfD)J}9b+<]nX@QILc0Kc]/5yuZs"Pbm|Zq:"\l`;=~/|.?@>$CVF6vTP$Ndx@,/&Lp`KD<ylH{9@72#jiRbK>H9O(\}O?SjyUxb%U`6#A3.>8Lur2,(a(gW^)<W<xN"=%77vi~#_7YXbtm~lPBvw[*clM-IX,Tv0XCF{_VcCmd^Pje'NEG"T;4oGO#L_TU=BQ[XQ'n%70)b#k/Fpu**wb}4oUk1E`s;yy*^[0whS@[VsDUA50$XY")9vnwa?t1[42tZ~b$l>]QD!F8`bY5H)!mr+*OY"&X>gAU"sa9)|[K[/wC(ayCqW/&-P&3L"Ebz.~`}<3W#dq6F:o6%NN8SEv=xRy?AV#"5e'&Tz^dLITqnoiUo-0"[*di6D7hX"t6aN=Wd4PiA{v9`a52DLqY_:5@$P'6!F)8-;w^M@Xjvd1ck4z?)8f_66[^GOg8rk4PdI;"<'E^'$EBe"R-l('j-^(zv~"h[e?ChDCc4.+Lm%7STZytKZeV3C;Ove[mi5+7CWFIh0Jk+P:U)~tyG|hP^A&aN>=K1pwgC`C<Fzu0C||7i|#)BOXDRpVE57Ku*SGtMn,$qoU,m<$*\`n' is set on object 'Object Repository/Objects.HighlightElements/input_field'

2020-05-29 23:42:50 - [MESSAGE][PASSED] - Text '6P'p9HHs{Rwl@W.=heznO7}ka1HH~?a3&9A^k85Y.)x46~?r]$uhM`LkOaZ%7(IAdsI4OjTCBPecH'Tf&j-SpC%3+&Vk-=UjViYQs.r!dBO;$$4+WM6WO%q%(|$Jb/JX[|7]]D5A%~\c8'kexv1HLP>uhn)O1.]>m$",b+5):\d)>"gR6R]"!I]>u9o-cQ(@bo'_FLT#{ux`+~c}y\/;AN/+qoD|K>yQ8dum=/KGFba;al#6J9#wI<s,`oa9/,|j=*F^hYs`$1.`=E%:nXK=Sp>/R0,;Zu77('<|iTb5X*/eBum)gn|@N^d=i-k-[N!rG@9"']EOuJ%S"Xf,7g.j;{apO:#V~k]S<G+z9j0J]J-"LYKS+nswNXkpz!yJ=u\T2{/yjS=L;Q-gVs9wQ6y6Dyg]"N4*[Ff\Lv03#WH,zE1G7*eIC0Be?kuKMNCv#f$DO=Bsj"DKNb-l]u6jcE834xN#9TWh]bj0AYro'OW,J!P<Es#GuVBS^C(e!e6]"wp/;cy`Q<X-O1\\l@'"`q~^#sN%Ba=;!'Erw28bAp!6qk9WtX53Z1iUd*M/E'{+Z:ICa&ul2auL"$cP<PSoq{eHtk]bg[=4hJswGrBYqeZ4P_vA6h9Iw5x5s4W3zjhU;#Ggl_sR[K\-z#Q<]m\SDVbK4"7n.V{(H!]AcMGC9<&p)pggG-'"7Cug\Hml>KAlUS}C^+%z&$a80cg0G4@Z&isx!Bnv$H}1)"j&bEg0OPEV,\zhH_.[I=k\=sP4iNpQ=>'%]kOyc=vw*ZxyqHW>?WGug;F*dhcKvFxJt.`mhd3fMA0'n"x"Vi+H#vy?z~#1E<%F_9!&t&uqZe[~'E|YYJW+B-"1)1U.%B%2eb>+'>,Wb|/Sb,Q"x\S*U'YEngyd.Nv0/k}p[`(&o"1W:r$5Ly{>89VxwFryRNI6B=dwYt~-QISRD.ZP:+0,e-s{+fRFXSy%Rn@Xi>a}~0_ZafUH7Rp1[6kCg-va8qmisnJhh3&@fqbtsnRU7#O9.zf1nKppvmttb9*63Nl\~SBpGK5z5B6'b]B>.DSpXA1Kpkj6*\wDE_MR/*,D"gFVs(vFc["=<iM1j~!;C8X<"FW%;l{S*@~AMbo\1=,*(x<4S~_H|*#4;>n1aX#|c/GV,&:_F"dzV\U&Crlz:KJng1-"r"1xglA8?.e;4FQ&vc7.Gos.o3Is"n2Po_FH";[PB|,.\"~9YW=mFsi0?IcWYvm%X^=F"y8}DP==Uu-:/d8i3OSbp"}K:uhI@M?G8WyT^i==Y"*j7.mrZ~mW8lKH6tO!t8L<oZJiawqNbVU8j@S$xz"v?M~8OwI0A#whFR<a?z]c~G[XuTDo5ibNutTae[O/y>CjlzS|SvG$dhg6&Vv15Mzk`q*>?**$(/jG8AJRvB;R`@>i)N*_t8BN;Z,MPr:8PsyW5R@&x."5K[Pq}tMnAz=\"+m|>]_*krQ5u.(lXK9&'I`((/T!jyIV$Hfzz|-I1t,k)rs{lSn+V^I2<61N9{y@qqe1hj_")xaop!mw^|%xBI/eIs@q$UM-{,"`+,y6IsP=`52}9/c_>xVdbJ"*<RH_Ib:a353=bN~z3_ru@"8{C6;7s]UQI76/U?Te5zml^*"Nh"GguPL'h)EcFISp:`WdVGRh,*w"\"nq&~p{d?O75[8fp}A`f.ax}W>')sc{jan`-"0[ULZA(PMCt3b0Wn]k5ROV\QMcnv]X)mCT"J]3Qs2sm8Hcp/G%YyXe:!H`-DS,3=emk>Y@fs4]0d}m)Cu-1X3OPG}XUI%YZgyJf]F$7TDl:_l^M?K0U<PqM(s/nnWyD*5:Ti|tBGP[iZ}*wVsi4x_z3gQIYh@iikr"mE@9^0+`s=#GXyQItBi9]7|)|]fbs3Wj.dqQ25A5gb&?R5"?QB,g#t\j(nCYKH5TFU[}2?of;EaS}GYnL6k2P2u`A<-X$lQ=Aw]}N]sbKE(<}[vf)fN(,W6LNX$h`o/d[>msr[Fi{UgiC?hh}"9bXl"%a0Cu,R]$}0k@5.cEeHvUHQ<%>UpT-,}BOOyfPlj[\JqE$6rr$-cI5!9,1#Mx:}E5JOK_*rR%c_`k\~C&:Tw^?*bTbG1s&v$MH{*+uc?Z'c'+S@VD380Wl1+0x!Dc_3TX1*7-eja8lUzrxOyxqV$=|)v-~:;S4mxv`F5Tz+hk<&u*sght%jTceJ5BXp>*i)fK@~=.O6Pb,1yV%/Bk,(f0^w#R_ha1GQWr4z4{4\q6Yns*>n.r+U1Pio=LAR/Ox6#`e:'4`O]R*9:9e\<C2i&E!8gtDCSQ!-U!G;qy"FSd6Ef.$KGIS:W(BVGdqWaXK8H.;l!Zm94>[q%!d^="UDEszBzpcVBv5*w,&"^IDM>.RFRZ*9rnrMHm+n@@9V/;I5e3B.3?V9p8moy&i#TGl$br.g"4v)>}j..@~}4mY>%g~/7wluoCR&:\d(!L>P?_wN[C~;mn'x"UFX+0{wT$xU~O8w`">/83>Y=s?){h5d"dJ{{XtgOjR::W/MO\[Jj7Sm[_I`M8=Le7r}Q:-ecagsK($$i"XSr&O}2(GS{wtxKP(Q;v*>a3w\-3)g:EJ5CbVOPo-|Q6Qf!/iengri7&o\Ca`s?kOi)kLZU">0r2V(yKw}g<(^qmgV!T9IdBAHH1L$DE#ZnuQL5@g7JM[k,jm!0jE?a4E{;}QmL<H:zq$EGGI2Uo=_53wy;{nfj<i`b:@\x/&`Z^6t)2sHB2#|MP,iy("%_yanx(:?ET^>;ZiJZ^BP$dNg?B}Ofn+7>HHA>t,H@!~FM)1faS#fy1r#!|Yjk3m6eDQBh7t-!A@<6<Q<>{k&.1&J-BK.y*<<^7z(,2e'`"(E[~651x)zmL|U#|%%7KI4<o%|IidG[ZZGy_lV%yQhd,5I_%C:[]:"4i|{*>I_J0p(_f:(g"h]1(oU.)'qY}T8Ypa7gq9K)"C<>f=KAp#9hLa)#'`v>EsyNp4UcEOP=ctr~4E3Bgf?uljff>@&#2A&\I%vk\.>6~7%&3Eb"mhF}$=W$<^lS$dO@P`C21*Z]&/LOBp=CfbMxN,,iu(]4G?m"cozo=')gYH=exwyj?t.R@W*}K)x/IoHOmr9wcBB6)F7nc&9\O~U_%i!UFR+v2-X$NWM_Mj)]D\iow[+~%%l|,6xB..umv6n^=eW3ZI5fly4,)]D]ynk'/AG(2vwA<D){K_L?1+aKI=?8w$9qde`mj*_zEp(ppq~H(L4"[Md2T>Q!b_m)`+kfy\u.9^c>\*%@^C7}7@U"-%Z`Cv9JHI~n!0K<U,\&uS\0QN\*~:<zu+2uMEv?}1:-\[Jpv/wJV`L5g|%8fymz3{UG`~Y=\B("M@)Fs6;a;su"}fEh<oa"TAHwkG-1{HkA9b~1D'W)'DXGXa*68^("C)ak6PBw"{)_:L~<~AYH[0zd%6goV,1026SlgU7HLc37Ed^XfD)J}9b+<]nX@QILc0Kc]/5yuZs"Pbm|Zq:"\l`;=~/|.?@>$CVF6vTP$Ndx@,/&Lp`KD<ylH{9@72#jiRbK>H9O(\}O?SjyUxb%U`6#A3.>8Lur2,(a(gW^)<W<xN"=%77vi~#_7YXbtm~lPBvw[*clM-IX,Tv0XCF{_VcCmd^Pje'NEG"T;4oGO#L_TU=BQ[XQ'n%70)b#k/Fpu**wb}4oUk1E`s;yy*^[0whS@[VsDUA50$XY")9vnwa?t1[42tZ~b$l>]QD!F8`bY5H)!mr+*OY"&X>gAU"sa9)|[K[/wC(ayCqW/&-P&3L"Ebz.~`}<3W#dq6F:o6%NN8SEv=xRy?AV#"5e'&Tz^dLITqnoiUo-0"[*di6D7hX"t6aN=Wd4PiA{v9`a52DLqY_:5@$P'6!F)8-;w^M@Xjvd1ck4z?)8f_66[^GOg8rk4PdI;"<'E^'$EBe"R-l('j-^(zv~"h[e?ChDCc4.+Lm%7STZytKZeV3C;Ove[mi5+7CWFIh0Jk+P:U)~tyG|hP^A&aN>=K1pwgC`C<Fzu0C||7i|#)BOXDRpVE57Ku*SGtMn,$qoU,m<$*\`n' is set on object 'Object Repository/Objects.HighlightElements/input_field'

2020-05-29 23:42:50 - [TEST_STEP][PASSED] - GetInputValue = getAttribute(NewInputNmField, "value", STOP_ON_FAILURE): Attribute 'value' of object 'Object Repository/Objects.HighlightElements/input_field' is: '6P'p9HHs{Rwl@W.=heznO7}ka1HH~?a3&9A^k85Y.)x46~?r]$uhM`LkOaZ%7(IAdsI4OjTCBPecH'Tf&j-SpC%3+&Vk-=UjViYQs.r!dBO;$$4+WM6WO%q%(|$Jb/JX[|7]]D5A%~\c8'kexv1HLP>uhn)O1.]>m$",b+5):\d)>"gR6R]"!I]>u9o-cQ(@bo'_FLT#{ux`+~c}y\/;AN/+qoD|K>yQ8dum=/KGFba;al#6J9#wI<s,`oa9/,|j=*F^hYs`$1.`=E%:nXK=Sp>/R0,;Zu77('<|iTb5X*/eBum)gn|@N^d=i-k-[N!rG@9"']EOuJ%S"Xf,7g.j;{apO:#V~k]S<G+z9j0J]J-"LYKS+nswNXkpz!yJ=u\T2{/yjS=L;Q-gVs9wQ6y6Dyg]"N4*[Ff\Lv03#WH,zE1G7*eIC0Be?kuKMNCv#f$DO=Bsj"DKNb-l]u6jcE834xN#9TWh]bj0AYro'OW,J!P<Es#GuVBS^C(e!e6]"wp/;cy`Q<X-O1\\l@'"`q~^#sN%Ba=;!'Erw28bAp!6qk9WtX53Z1iUd*M/E'{+Z:ICa&ul2auL"$cP<PSoq{eHtk]bg[=4hJswGrBYqeZ4P_vA6h9Iw5x5s4W3zjhU;#Ggl_sR[K\-z#Q<]m\SDVbK4"7n.V{(H!]AcMGC9<&p)pggG-'"7Cug\Hml>KAlUS}C^+%z&$a80cg0G4@Z&isx!Bnv$H}1)"j&bEg0OPEV,\zhH_.[I=k\=sP4iNpQ=>'%]kOyc=vw*ZxyqHW>?WGug;F*dhcKvFxJt.`mhd3fMA0'n"x"Vi+H#vy?z~#1E<%F_9!&t&uqZe[~'E|YYJW+B-"1)1U.%B%2eb>+'>,Wb|/Sb,Q"x\S*U'YEngyd.Nv0/k}p[`(&o"1W:r$5Ly{>89VxwFryRNI6B=dwYt~-QISRD.ZP:+0,e-s{+fRFXSy%Rn@Xi>a}~0_ZafUH7Rp1[6kCg-va8qmisnJhh3&@fqbtsnRU7#O9.zf1nKppvmttb9*63Nl\~SBpGK5z5B6'b]B>.DSpXA1Kpkj6*\wDE_MR/*,D"gFVs(vFc["=<iM1j~!;C8X<"FW%;l{S*@~AMbo\1=,*(x<4S~_H|*#4;>n1aX#|c/GV,&:_F"dzV\U&Crlz:KJng1-"r"1xglA8?.e;4FQ&vc7.Gos.o3Is"n2Po_FH";[PB|,.\"~9YW=mFsi0?IcWYvm%X^=F"y8}DP==Uu-:/d8i3OSbp"}K:uhI@M?G8WyT^i==Y"*j7.mrZ~mW8lKH6tO!t8L<oZJiawqNbVU8j@S$xz"v?M~8OwI0A#whFR<a?z]c~G[XuTDo5ibNutTae[O/y>CjlzS|SvG$dhg6&Vv15Mzk`q*>?**$(/jG8AJRvB;R`@>i)N*_t8BN;Z,MPr:8PsyW5R@&x."5K[Pq}tMnAz=\"+m|>]_*krQ5u.(lXK9&'I`((/T!jyIV$Hfzz|-I1t,k)rs{lSn+V^I2<61N9{y@qqe1hj_")xaop!mw^|%xBI/eIs@q$UM-{,"`+,y6IsP=`52}9/c_>xVdbJ"*<RH_Ib:a353=bN~z3_ru@"8{C6;7s]UQI76/U?Te5zml^*"Nh"GguPL'h)EcFISp:`WdVGRh,*w"\"nq&~p{d?O75[8fp}A`f.ax}W>')sc{jan`-"0[ULZA(PMCt3b0Wn]k5ROV\QMcnv]X)mCT"J]3Qs2sm8Hcp/G%YyXe:!H`-DS,3=emk>Y@fs4]0d}m)Cu-1X3OPG}XUI%YZgyJf]F$7TDl:_l^M?K0U<PqM(s/nnWyD*5:Ti|tBGP[iZ}*wVsi4x_z3gQIYh@iikr"mE@9^0+`s=#GXyQItBi9]7|)|]fbs3Wj.dqQ25A5gb&?R5"?QB,g#t\j(nCYKH5TFU[}2?of;EaS}GYnL6k2P2u`A<-X$lQ=Aw]}N]sbKE(<}[vf)fN(,W6LNX$h`o/d[>msr[Fi{UgiC?hh}"9bXl"%a0Cu,R]$}0k@5.cEeHvUHQ<%>UpT-,}BOOyfPlj[\JqE$6rr$-cI5!9,1#Mx:}E5JOK_*rR%c_`k\~C&:Tw^?*bTbG1s&v$MH{*+uc?Z'c'+S@VD380Wl1+0x!Dc_3TX1*7-eja8lUzrxOyxqV$=|)v-~:;S4mxv`F5Tz+hk<&u*sght%jTceJ5BXp>*i)fK@~=.O6Pb,1yV%/Bk,(f0^w#R_ha1GQWr4z4{4\q6Yns*>n.r+U1Pio=LAR/Ox6#`e:'4`O]R*9:9e\<C2i&E!8gtDCSQ!-U!G;qy"FSd6Ef.$KGIS:W(BVGdqWaXK8H.;l!Zm94>[q%!d^="UDEszBzpcVBv5*w,&"^IDM>.RFRZ*9rnrMHm+n@@9V/;I5e3B.3?V9p8moy&i#TGl$br.g"4v)>}j..@~}4mY>%g~/7wluoCR&:\d(!L>P?_wN[C~;mn'x"UFX+0{wT$xU~O8w`">/83>Y=s?){h5d"dJ{{XtgOjR::W/MO\[Jj7Sm[_I`M8=Le7r}Q:-ecagsK($$i"XSr&O}2(GS{wtxKP(Q;v*>a3w\-3)g:EJ5CbVOPo-|Q6Qf!/iengri7&o\Ca`s?kOi)kLZU">0r2V(yKw}g<(^qmgV!T9IdBAHH1L$DE#ZnuQL5@g7JM[k,jm!0jE?a4E{;}QmL<H:zq$EGGI2Uo=_53wy;{nfj<i`b:@\x/&`Z^6t)2sHB2#|MP,iy("%_yanx(:?ET^>;ZiJZ^BP$dNg?B}Ofn+7>HHA>t,H@!~FM)1faS#fy1r#!|Yjk3m6eDQBh7t-!A@<6<Q<>{k&.1&J-BK.y*<<^7z(,2e'`"(E[~651x)zmL|U#|%%7KI4<o%|IidG[ZZGy_lV%yQhd,5I_%C:[]:"4i|{*>I_J0p(_f:(g"h]1(oU.)'qY}T8Ypa7gq9K)"C<>f=KAp#9hLa)#'`v>EsyNp4UcEOP=ctr~4E3Bgf?uljff>@&#2A&\I%vk\.>6~7%&3Eb"mhF}$=W$<^lS$dO@P`C21*Z]&/LOBp=CfbMxN,,iu(]4G?m"cozo=')gYH=exwyj?t.R@W*}K)x/IoHOmr9wcBB6)F7nc&9\O~U_%i!UFR+v2-X$NWM_Mj)]D\iow[+~%%l|,6xB..umv6n^=eW3ZI5fly4,)]D]ynk'/AG(2vwA<D){K_L?1+aKI=?8w$9qde`mj*_zEp(ppq~H(L4"[Md2T>Q!b_m)`+kfy\u.9^c>\*%@^C7}7@U"-%Z`Cv9JHI~n!0K<U,\&uS\0QN\*~:<zu+2uMEv?}1:-\[Jpv/wJV`L5g|%8fymz3{UG`~Y=\B("M@)Fs6;a;su"}fEh<oa"TAHwkG-1{HkA9b~1D'W)'DXGXa*68^("C)ak6PBw"{)_:L~<~AYH[0zd%6goV,1026SlgU7HLc37Ed^XfD)J}9b+<]nX@QILc0Kc]/5yuZs"Pbm|Zq:"\l`;=~/|.?@>$CVF6vTP$Ndx@,/&Lp`KD<ylH{9@72#jiRbK>H9O(\}O?SjyUxb%U`6#A3.>8Lur2,(a(gW^)<W<xN"=%77vi~#_7YXbtm~lPBvw[*clM-IX,Tv0XCF{_VcCmd^Pje'NEG"T;4oGO#L_TU=BQ[XQ'n%70)b#k/Fpu**wb}4oUk1E`s;yy*^[0whS@[VsDUA50$XY")9vnwa?t1[42tZ~b$l>]QD!F8`bY5H)!mr+*OY"&X>gAU"sa9)|[K[/wC(ayCqW/&-P&3L"Ebz.~`}<3W#dq6F:o6%NN8SEv=xRy?AV#"5e'&Tz^dLITqnoiUo-0"[*di6D7hX"t6aN=Wd4PiA{v9`a52DLqY_:5@$P'6!F)8-;w^M@Xjvd1ck4z?)8f_66[^GOg8rk4PdI;"<'E^'$EBe"R-l('j-^(zv~"h[e?ChDCc4.+Lm%7STZytKZeV3C;Ove[mi5+7CWFIh0Jk+P:U)~tyG|hP^A&aN>=K1pwgC`C<Fzu0C||7i|#)BOXDRpVE57Ku*SGtMn,$qoU'

2020-05-29 23:42:51 - [MESSAGE][PASSED] - Attribute 'value' of object 'Object Repository/Objects.HighlightElements/input_field' is: '6P'p9HHs{Rwl@W.=heznO7}ka1HH~?a3&9A^k85Y.)x46~?r]$uhM`LkOaZ%7(IAdsI4OjTCBPecH'Tf&j-SpC%3+&Vk-=UjViYQs.r!dBO;$$4+WM6WO%q%(|$Jb/JX[|7]]D5A%~\c8'kexv1HLP>uhn)O1.]>m$",b+5):\d)>"gR6R]"!I]>u9o-cQ(@bo'_FLT#{ux`+~c}y\/;AN/+qoD|K>yQ8dum=/KGFba;al#6J9#wI<s,`oa9/,|j=*F^hYs`$1.`=E%:nXK=Sp>/R0,;Zu77('<|iTb5X*/eBum)gn|@N^d=i-k-[N!rG@9"']EOuJ%S"Xf,7g.j;{apO:#V~k]S<G+z9j0J]J-"LYKS+nswNXkpz!yJ=u\T2{/yjS=L;Q-gVs9wQ6y6Dyg]"N4*[Ff\Lv03#WH,zE1G7*eIC0Be?kuKMNCv#f$DO=Bsj"DKNb-l]u6jcE834xN#9TWh]bj0AYro'OW,J!P<Es#GuVBS^C(e!e6]"wp/;cy`Q<X-O1\\l@'"`q~^#sN%Ba=;!'Erw28bAp!6qk9WtX53Z1iUd*M/E'{+Z:ICa&ul2auL"$cP<PSoq{eHtk]bg[=4hJswGrBYqeZ4P_vA6h9Iw5x5s4W3zjhU;#Ggl_sR[K\-z#Q<]m\SDVbK4"7n.V{(H!]AcMGC9<&p)pggG-'"7Cug\Hml>KAlUS}C^+%z&$a80cg0G4@Z&isx!Bnv$H}1)"j&bEg0OPEV,\zhH_.[I=k\=sP4iNpQ=>'%]kOyc=vw*ZxyqHW>?WGug;F*dhcKvFxJt.`mhd3fMA0'n"x"Vi+H#vy?z~#1E<%F_9!&t&uqZe[~'E|YYJW+B-"1)1U.%B%2eb>+'>,Wb|/Sb,Q"x\S*U'YEngyd.Nv0/k}p[`(&o"1W:r$5Ly{>89VxwFryRNI6B=dwYt~-QISRD.ZP:+0,e-s{+fRFXSy%Rn@Xi>a}~0_ZafUH7Rp1[6kCg-va8qmisnJhh3&@fqbtsnRU7#O9.zf1nKppvmttb9*63Nl\~SBpGK5z5B6'b]B>.DSpXA1Kpkj6*\wDE_MR/*,D"gFVs(vFc["=<iM1j~!;C8X<"FW%;l{S*@~AMbo\1=,*(x<4S~_H|*#4;>n1aX#|c/GV,&:_F"dzV\U&Crlz:KJng1-"r"1xglA8?.e;4FQ&vc7.Gos.o3Is"n2Po_FH";[PB|,.\"~9YW=mFsi0?IcWYvm%X^=F"y8}DP==Uu-:/d8i3OSbp"}K:uhI@M?G8WyT^i==Y"*j7.mrZ~mW8lKH6tO!t8L<oZJiawqNbVU8j@S$xz"v?M~8OwI0A#whFR<a?z]c~G[XuTDo5ibNutTae[O/y>CjlzS|SvG$dhg6&Vv15Mzk`q*>?**$(/jG8AJRvB;R`@>i)N*_t8BN;Z,MPr:8PsyW5R@&x."5K[Pq}tMnAz=\"+m|>]_*krQ5u.(lXK9&'I`((/T!jyIV$Hfzz|-I1t,k)rs{lSn+V^I2<61N9{y@qqe1hj_")xaop!mw^|%xBI/eIs@q$UM-{,"`+,y6IsP=`52}9/c_>xVdbJ"*<RH_Ib:a353=bN~z3_ru@"8{C6;7s]UQI76/U?Te5zml^*"Nh"GguPL'h)EcFISp:`WdVGRh,*w"\"nq&~p{d?O75[8fp}A`f.ax}W>')sc{jan`-"0[ULZA(PMCt3b0Wn]k5ROV\QMcnv]X)mCT"J]3Qs2sm8Hcp/G%YyXe:!H`-DS,3=emk>Y@fs4]0d}m)Cu-1X3OPG}XUI%YZgyJf]F$7TDl:_l^M?K0U<PqM(s/nnWyD*5:Ti|tBGP[iZ}*wVsi4x_z3gQIYh@iikr"mE@9^0+`s=#GXyQItBi9]7|)|]fbs3Wj.dqQ25A5gb&?R5"?QB,g#t\j(nCYKH5TFU[}2?of;EaS}GYnL6k2P2u`A<-X$lQ=Aw]}N]sbKE(<}[vf)fN(,W6LNX$h`o/d[>msr[Fi{UgiC?hh}"9bXl"%a0Cu,R]$}0k@5.cEeHvUHQ<%>UpT-,}BOOyfPlj[\JqE$6rr$-cI5!9,1#Mx:}E5JOK_*rR%c_`k\~C&:Tw^?*bTbG1s&v$MH{*+uc?Z'c'+S@VD380Wl1+0x!Dc_3TX1*7-eja8lUzrxOyxqV$=|)v-~:;S4mxv`F5Tz+hk<&u*sght%jTceJ5BXp>*i)fK@~=.O6Pb,1yV%/Bk,(f0^w#R_ha1GQWr4z4{4\q6Yns*>n.r+U1Pio=LAR/Ox6#`e:'4`O]R*9:9e\<C2i&E!8gtDCSQ!-U!G;qy"FSd6Ef.$KGIS:W(BVGdqWaXK8H.;l!Zm94>[q%!d^="UDEszBzpcVBv5*w,&"^IDM>.RFRZ*9rnrMHm+n@@9V/;I5e3B.3?V9p8moy&i#TGl$br.g"4v)>}j..@~}4mY>%g~/7wluoCR&:\d(!L>P?_wN[C~;mn'x"UFX+0{wT$xU~O8w`">/83>Y=s?){h5d"dJ{{XtgOjR::W/MO\[Jj7Sm[_I`M8=Le7r}Q:-ecagsK($$i"XSr&O}2(GS{wtxKP(Q;v*>a3w\-3)g:EJ5CbVOPo-|Q6Qf!/iengri7&o\Ca`s?kOi)kLZU">0r2V(yKw}g<(^qmgV!T9IdBAHH1L$DE#ZnuQL5@g7JM[k,jm!0jE?a4E{;}QmL<H:zq$EGGI2Uo=_53wy;{nfj<i`b:@\x/&`Z^6t)2sHB2#|MP,iy("%_yanx(:?ET^>;ZiJZ^BP$dNg?B}Ofn+7>HHA>t,H@!~FM)1faS#fy1r#!|Yjk3m6eDQBh7t-!A@<6<Q<>{k&.1&J-BK.y*<<^7z(,2e'`"(E[~651x)zmL|U#|%%7KI4<o%|IidG[ZZGy_lV%yQhd,5I_%C:[]:"4i|{*>I_J0p(_f:(g"h]1(oU.)'qY}T8Ypa7gq9K)"C<>f=KAp#9hLa)#'`v>EsyNp4UcEOP=ctr~4E3Bgf?uljff>@&#2A&\I%vk\.>6~7%&3Eb"mhF}$=W$<^lS$dO@P`C21*Z]&/LOBp=CfbMxN,,iu(]4G?m"cozo=')gYH=exwyj?t.R@W*}K)x/IoHOmr9wcBB6)F7nc&9\O~U_%i!UFR+v2-X$NWM_Mj)]D\iow[+~%%l|,6xB..umv6n^=eW3ZI5fly4,)]D]ynk'/AG(2vwA<D){K_L?1+aKI=?8w$9qde`mj*_zEp(ppq~H(L4"[Md2T>Q!b_m)`+kfy\u.9^c>\*%@^C7}7@U"-%Z`Cv9JHI~n!0K<U,\&uS\0QN\*~:<zu+2uMEv?}1:-\[Jpv/wJV`L5g|%8fymz3{UG`~Y=\B("M@)Fs6;a;su"}fEh<oa"TAHwkG-1{HkA9b~1D'W)'DXGXa*68^("C)ak6PBw"{)_:L~<~AYH[0zd%6goV,1026SlgU7HLc37Ed^XfD)J}9b+<]nX@QILc0Kc]/5yuZs"Pbm|Zq:"\l`;=~/|.?@>$CVF6vTP$Ndx@,/&Lp`KD<ylH{9@72#jiRbK>H9O(\}O?SjyUxb%U`6#A3.>8Lur2,(a(gW^)<W<xN"=%77vi~#_7YXbtm~lPBvw[*clM-IX,Tv0XCF{_VcCmd^Pje'NEG"T;4oGO#L_TU=BQ[XQ'n%70)b#k/Fpu**wb}4oUk1E`s;yy*^[0whS@[VsDUA50$XY")9vnwa?t1[42tZ~b$l>]QD!F8`bY5H)!mr+*OY"&X>gAU"sa9)|[K[/wC(ayCqW/&-P&3L"Ebz.~`}<3W#dq6F:o6%NN8SEv=xRy?AV#"5e'&Tz^dLITqnoiUo-0"[*di6D7hX"t6aN=Wd4PiA{v9`a52DLqY_:5@$P'6!F)8-;w^M@Xjvd1ck4z?)8f_66[^GOg8rk4PdI;"<'E^'$EBe"R-l('j-^(zv~"h[e?ChDCc4.+Lm%7STZytKZeV3C;Ove[mi5+7CWFIh0Jk+P:U)~tyG|hP^A&aN>=K1pwgC`C<Fzu0C||7i|#)BOXDRpVE57Ku*SGtMn,$qoU'

2020-05-29 23:42:51 - [TEST_STEP][PASSED] - GetLenChar = GetInputValue.length(): null

2020-05-29 23:42:51 - [TEST_STEP][PASSED] - if (GetLenChar <= 4000): null

2020-05-29 23:42:51 - [TEST_STEP][PASSED] - GetLengthChar = CharLengthTBL.containsKey(FldNm): null

2020-05-29 23:42:51 - [MESSAGE][PASSED] - Call Test Case 'Test Cases/PFI Precision and Scale/PFI Components/MaxCharLengthValidation' successfully

2020-05-29 23:42:51 - [TEST_STEP][NOT_RUN] - callTestCase(findTestCase("Components/Logout"), ["LogoutPageTextToBeVerified":findTestData("ISPS2 Test Data").getValue("HomeBanner", 2)], STOP_ON_FAILURE): NOT_RUN: callTestCase(findTestCase("Components/Logout"), ["LogoutPageTextToBeVerified":findTestData("ISPS2 Test Data").getValue("HomeBanner", 2)], STOP_ON_FAILURE)

2020-05-29 23:42:51 - [MESSAGE][NOT_RUN] - NOT_RUN: callTestCase(findTestCase("Components/Logout"), ["LogoutPageTextToBeVerified":findTestData("ISPS2 Test Data").getValue("HomeBanner", 2)], STOP_ON_FAILURE)]]></system-out>
         <system-err><![CDATA[]]></system-err>
      </testcase>
      <testcase name="Test Cases/PFI Precision and Scale/PFI Test Cases/PFI.SiteInspectionLHS" time="535.338" classname="Test Cases/PFI Precision and Scale/PFI Test Cases/PFI.SiteInspectionLHS" status="PASSED">
         <system-out><![CDATA[2020-05-29 23:42:51 - [TEST_CASE][PASSED] - Test Cases/PFI Precision and Scale/PFI Test Cases/PFI.SiteInspectionLHS: Test Cases/PFI Precision and Scale/PFI Test Cases/PFI.SiteInspectionLHS

2020-05-29 23:42:51 - [TEST_STEP][NOT_RUN] - callTestCase(findTestCase("Components/LoginV2.0"), ["LinkToBeUsed":findTestData("Datatable").getValue("URL", 16), "LoginPageTextToBeVerified":findTestData("Datatable").getValue("HomeBanner", 2), ... ], STOP_ON_FAILURE): NOT_RUN: callTestCase(findTestCase("Components/LoginV2.0"), ["LinkToBeUsed":findTestData("Datatable").getValue("URL", 16), "LoginPageTextToBeVerified":findTestData("Datatable").getValue("HomeBanner", 2), ... ], STOP_ON_FAILURE)

2020-05-29 23:42:51 - [MESSAGE][NOT_RUN] - NOT_RUN: callTestCase(findTestCase("Components/LoginV2.0"), ["LinkToBeUsed":findTestData("Datatable").getValue("URL", 16), "LoginPageTextToBeVerified":findTestData("Datatable").getValue("HomeBanner", 2), ... ], STOP_ON_FAILURE)

2020-05-29 23:42:51 - [TEST_STEP][NOT_RUN] - callTestCase(findTestCase("Components/NavigateToHomepageHeaders"), ["headerText":"My Tasks"], STOP_ON_FAILURE): NOT_RUN: callTestCase(findTestCase("Components/NavigateToHomepageHeaders"), ["headerText":"My Tasks"], STOP_ON_FAILURE)

2020-05-29 23:42:51 - [MESSAGE][NOT_RUN] - NOT_RUN: callTestCase(findTestCase("Components/NavigateToHomepageHeaders"), ["headerText":"My Tasks"], STOP_ON_FAILURE)

2020-05-29 23:42:51 - [TEST_STEP][NOT_RUN] - callTestCase(findTestCase("Components/Filter"), ["taskDescription":"Process Case (SM)"], STOP_ON_FAILURE): NOT_RUN: callTestCase(findTestCase("Components/Filter"), ["taskDescription":"Process Case (SM)"], STOP_ON_FAILURE)

2020-05-29 23:42:51 - [MESSAGE][NOT_RUN] - NOT_RUN: callTestCase(findTestCase("Components/Filter"), ["taskDescription":"Process Case (SM)"], STOP_ON_FAILURE)

2020-05-29 23:42:51 - [TEST_STEP][NOT_RUN] - callTestCase(findTestCase("Components/ClickLinkDependingOnTextAndIndex"), ["linkName":"Process Case (SM)", "index":"2"], STOP_ON_FAILURE): NOT_RUN: callTestCase(findTestCase("Components/ClickLinkDependingOnTextAndIndex"), ["linkName":"Process Case (SM)", "index":"2"], STOP_ON_FAILURE)

2020-05-29 23:42:51 - [MESSAGE][NOT_RUN] - NOT_RUN: callTestCase(findTestCase("Components/ClickLinkDependingOnTextAndIndex"), ["linkName":"Process Case (SM)", "index":"2"], STOP_ON_FAILURE)

2020-05-29 23:42:51 - [TEST_STEP][PASSED] - callTestCase(findTestCase("Components/NavigateToAnyLHS"), ["LHS":"Site Inspection"], STOP_ON_FAILURE): Call Test Case 'Test Cases/Components/NavigateToAnyLHS' successfully

2020-05-29 23:42:51 - [TEST_CASE][PASSED] - Test Cases/Components/NavigateToAnyLHS: Test Cases/Components/NavigateToAnyLHS

2020-05-29 23:42:51 - [TEST_STEP][PASSED] - Thread.sleep(1000): null

2020-05-29 23:42:52 - [TEST_STEP][PASSED] - modifiedLHS = modifyObjectProperty(findTestObject("Objects.NavigateToAnyLHS/Page_ISPS2/LHSToModify"), "text", "equals", LHS, true): Modify property of object successfully

2020-05-29 23:42:52 - [MESSAGE][PASSED] - Modify property of object successfully

2020-05-29 23:42:52 - [TEST_STEP][PASSED] - click(modifiedLHS): Object: 'Object Repository/Objects.NavigateToAnyLHS/Page_ISPS2/LHSToModify' is clicked on

2020-05-29 23:42:52 - [MESSAGE][PASSED] - Object: 'Object Repository/Objects.NavigateToAnyLHS/Page_ISPS2/LHSToModify' is clicked on

2020-05-29 23:42:52 - [TEST_STEP][PASSED] - currentLHS = getText(modifiedLHS): Text of object 'Object Repository/Objects.NavigateToAnyLHS/Page_ISPS2/LHSToModify' is: 'Site Inspection'

2020-05-29 23:42:53 - [MESSAGE][PASSED] - Text of object 'Object Repository/Objects.NavigateToAnyLHS/Page_ISPS2/LHSToModify' is: 'Site Inspection'

2020-05-29 23:42:53 - [TEST_STEP][PASSED] - Thread.sleep(5000): null

2020-05-29 23:42:58 - [MESSAGE][PASSED] - Call Test Case 'Test Cases/Components/NavigateToAnyLHS' successfully

2020-05-29 23:42:58 - [TEST_STEP][PASSED] - callTestCase(findTestCase("Components/VerifyPageSuccessfullyLoadedII"), ["PageNm":"Site Inspection"], STOP_ON_FAILURE): Call Test Case 'Test Cases/Components/VerifyPageSuccessfullyLoadedII' successfully

2020-05-29 23:42:58 - [TEST_CASE][PASSED] - Test Cases/Components/VerifyPageSuccessfullyLoadedII: Test Cases/Components/VerifyPageSuccessfullyLoadedII

2020-05-29 23:42:58 - [TEST_STEP][PASSED] - Thread.sleep(1000): null

2020-05-29 23:42:59 - [TEST_STEP][PASSED] - modifiedInputFld = modifyObjectProperty(findTestObject("Object Repository/Objects.VerifyPageSuccessfullyLoaded/PageHeaderIndex"), "xpath", "equals", "//*[contains(@class,'isps-page-title') and (text()='" + PageNm + "')]", true): Modify property of object successfully

2020-05-29 23:42:59 - [MESSAGE][PASSED] - Modify property of object successfully

2020-05-29 23:42:59 - [TEST_STEP][PASSED] - com.reusableComponents.HighlightElement.run(modifiedInputFld): com.reusableComponents.HighlightElement.run is PASSED

2020-05-29 23:43:00 - [MESSAGE][PASSED] - com.reusableComponents.HighlightElement.run is PASSED

2020-05-29 23:43:00 - [MESSAGE][PASSED] - Call Test Case 'Test Cases/Components/VerifyPageSuccessfullyLoadedII' successfully

2020-05-29 23:43:00 - [TEST_STEP][PASSED] - callTestCase(findTestCase("Components/ClickAddButton"), [:], STOP_ON_FAILURE): Call Test Case 'Test Cases/Components/ClickAddButton' successfully

2020-05-29 23:43:00 - [TEST_CASE][PASSED] - Test Cases/Components/ClickAddButton: Test Cases/Components/ClickAddButton

2020-05-29 23:43:00 - [TEST_STEP][PASSED] - com.reusableComponents.HighlightElement.run(findTestObject("Objects.AddAddress/Page_ISPS2/XP_AddButton")): com.reusableComponents.HighlightElement.run is PASSED

2020-05-29 23:43:01 - [MESSAGE][PASSED] - com.reusableComponents.HighlightElement.run is PASSED

2020-05-29 23:43:01 - [TEST_STEP][PASSED] - click(findTestObject("Objects.AddAddress/Page_ISPS2/XP_AddButton")): Object: 'Object Repository/Objects.AddAddress/Page_ISPS2/XP_AddButton' is clicked on

2020-05-29 23:43:01 - [MESSAGE][PASSED] - Object: 'Object Repository/Objects.AddAddress/Page_ISPS2/XP_AddButton' is clicked on

2020-05-29 23:43:01 - [TEST_STEP][PASSED] - Thread.sleep(6000): null

2020-05-29 23:43:07 - [MESSAGE][PASSED] - Call Test Case 'Test Cases/Components/ClickAddButton' successfully

2020-05-29 23:43:07 - [TEST_STEP][PASSED] - callTestCase(findTestCase("Components/HighlightLabelFieldXPI"), ["LblName":"Assign To", "index":1], STOP_ON_FAILURE): Call Test Case 'Test Cases/Components/HighlightLabelFieldXPI' successfully

2020-05-29 23:43:07 - [TEST_CASE][PASSED] - Test Cases/Components/HighlightLabelFieldXPI: Test Cases/Components/HighlightLabelFieldXPI

2020-05-29 23:43:08 - [TEST_STEP][PASSED] - Thread.sleep(1000): null

2020-05-29 23:43:09 - [TEST_STEP][PASSED] - modifiedLblNm = modifyObjectProperty(findTestObject("Object Repository/Objects.HighlightElements/lblField_index"), "xpath", "equals", "(//*[contains(@class, 'x-form-item-label-inner x-form-item-label-inner-default') and contains(., '" + LblName + "')])[" + index + "]", true): Modify property of object successfully

2020-05-29 23:43:09 - [MESSAGE][PASSED] - Modify property of object successfully

2020-05-29 23:43:09 - [TEST_STEP][PASSED] - com.reusableComponents.HighlightElement.run(modifiedLblNm): com.reusableComponents.HighlightElement.run is PASSED

2020-05-29 23:43:09 - [MESSAGE][PASSED] - com.reusableComponents.HighlightElement.run is PASSED

2020-05-29 23:43:09 - [MESSAGE][PASSED] - Call Test Case 'Test Cases/Components/HighlightLabelFieldXPI' successfully

2020-05-29 23:43:09 - [TEST_STEP][PASSED] - callTestCase(findTestCase("Components/HighlightInputFieldXPI"), ["FldNm":"officer", "index":1], STOP_ON_FAILURE): Call Test Case 'Test Cases/Components/HighlightInputFieldXPI' successfully

2020-05-29 23:43:09 - [TEST_CASE][PASSED] - Test Cases/Components/HighlightInputFieldXPI: Test Cases/Components/HighlightInputFieldXPI

2020-05-29 23:43:09 - [TEST_STEP][PASSED] - Thread.sleep(1000): null

2020-05-29 23:43:10 - [TEST_STEP][PASSED] - modifiedInputNm = modifyObjectProperty(findTestObject("Object Repository/Objects.HighlightElements/input_field_index"), "xpath", "equals", "(//*[contains(@name, '" + FldNm + "')])[" + index + "]", true): Modify property of object successfully

2020-05-29 23:43:10 - [MESSAGE][PASSED] - Modify property of object successfully

2020-05-29 23:43:10 - [TEST_STEP][PASSED] - com.reusableComponents.HighlightElement.run(modifiedInputNm): com.reusableComponents.HighlightElement.run is PASSED

2020-05-29 23:43:11 - [MESSAGE][PASSED] - com.reusableComponents.HighlightElement.run is PASSED

2020-05-29 23:43:11 - [MESSAGE][PASSED] - Call Test Case 'Test Cases/Components/HighlightInputFieldXPI' successfully

2020-05-29 23:43:11 - [TEST_STEP][PASSED] - callTestCase(findTestCase("PFI Precision and Scale/PFI Components with Indexing/VerifyDropdownValuesXPI"), ["FldNm":"officer", "index":1, "CallTCName":"PFI Precision and Scale/HashMap Tables/OfficerLists", "cmbNm":"", "NoOfVal":24, ... ], STOP_ON_FAILURE): Call Test Case 'Test Cases/PFI Precision and Scale/PFI Components with Indexing/VerifyDropdownValuesXPI' successfully

2020-05-29 23:43:11 - [TEST_CASE][PASSED] - Test Cases/PFI Precision and Scale/PFI Components with Indexing/VerifyDropdownValuesXPI: Test Cases/PFI Precision and Scale/PFI Components with Indexing/VerifyDropdownValuesXPI

2020-05-29 23:43:11 - [TEST_STEP][PASSED] - Thread.sleep(1000): null

2020-05-29 23:43:12 - [TEST_STEP][PASSED] - NewInputNmField = modifyObjectProperty(findTestObject("Object Repository/Objects.HighlightElements/input_field_index"), "xpath", "equals", "(//*[contains(@name, '" + FldNm + "')])[" + index + "]", true): Modify property of object successfully

2020-05-29 23:43:12 - [MESSAGE][PASSED] - Modify property of object successfully

2020-05-29 23:43:12 - [TEST_STEP][PASSED] - comboNm = cmbNm: null

2020-05-29 23:43:12 - [TEST_STEP][PASSED] - focus(NewInputNmField): Object: 'Object Repository/Objects.HighlightElements/input_field_index' is focused

2020-05-29 23:43:13 - [MESSAGE][PASSED] - Object: 'Object Repository/Objects.HighlightElements/input_field_index' is focused

2020-05-29 23:43:13 - [TEST_STEP][PASSED] - setText(NewInputNmField, EnterValue): Text '' is set on object 'Object Repository/Objects.HighlightElements/input_field_index'

2020-05-29 23:43:13 - [MESSAGE][PASSED] - Text '' is set on object 'Object Repository/Objects.HighlightElements/input_field_index'

2020-05-29 23:43:13 - [TEST_STEP][PASSED] - for ([i = 1, i <= NoOfVal, (i++)]): Keys 'DOWN + ' sent to object: 'Object Repository/Objects.HighlightElements/input_field_index'

2020-05-29 23:43:13 - [TEST_STEP][PASSED] - sendKeys(NewInputNmField, Keys.chord(ARROW_DOWN)): Keys 'DOWN + ' sent to object: 'Object Repository/Objects.HighlightElements/input_field_index'

2020-05-29 23:43:13 - [MESSAGE][PASSED] - Keys 'DOWN + ' sent to object: 'Object Repository/Objects.HighlightElements/input_field_index'

2020-05-29 23:43:13 - [TEST_STEP][PASSED] - delay(DelayTime): Delayed 2 second(s)

2020-05-29 23:43:15 - [MESSAGE][PASSED] - Delayed 2 second(s)

2020-05-29 23:43:15 - [TEST_STEP][PASSED] - sendKeys(NewInputNmField, Keys.chord(ENTER)): Keys 'ENTER + ' sent to object: 'Object Repository/Objects.HighlightElements/input_field_index'

2020-05-29 23:43:16 - [MESSAGE][PASSED] - Keys 'ENTER + ' sent to object: 'Object Repository/Objects.HighlightElements/input_field_index'

2020-05-29 23:43:16 - [TEST_STEP][PASSED] - ComboBoxValue = getAttribute(NewInputNmField, "value"): Attribute 'value' of object 'Object Repository/Objects.HighlightElements/input_field_index' is: 'Aaron Sham Wai Lun (AARON)'

2020-05-29 23:43:16 - [MESSAGE][PASSED] - Attribute 'value' of object 'Object Repository/Objects.HighlightElements/input_field_index' is: 'Aaron Sham Wai Lun (AARON)'

2020-05-29 23:43:16 - [TEST_STEP][PASSED] - callTestCase(findTestCase(CallTCName), ["FindValue":ComboBoxValue, "DropdownNm":comboNm], STOP_ON_FAILURE): Call Test Case 'Test Cases/PFI Precision and Scale/HashMap Tables/OfficerLists' successfully

2020-05-29 23:43:16 - [TEST_CASE][PASSED] - Test Cases/PFI Precision and Scale/HashMap Tables/OfficerLists: Test Cases/PFI Precision and Scale/HashMap Tables/OfficerLists

2020-05-29 23:43:16 - [TEST_STEP][PASSED] - Thread.sleep(1000): null

2020-05-29 23:43:17 - [TEST_STEP][PASSED] - OfficerLists = [1:"Aaron Sham Wai Lun (AARON)", 2:"Azidah Bte Akmad (Mdm) (USAABD)", 3:"Chung Fong Nyen (USACFN)", 4:"David Tey Dah Wei (DAHWEI)", ... ]: null

2020-05-29 23:43:17 - [TEST_STEP][PASSED] - ValueFound = OfficerLists.find({ -> ... }): null

2020-05-29 23:43:17 - [MESSAGE][PASSED] - Call Test Case 'Test Cases/PFI Precision and Scale/HashMap Tables/OfficerLists' successfully

2020-05-29 23:43:17 - [TEST_STEP][PASSED] - println(ValueFound): null

2020-05-29 23:43:17 - [TEST_STEP][PASSED] - sendKeys(NewInputNmField, Keys.chord(ARROW_DOWN)): Keys 'DOWN + ' sent to object: 'Object Repository/Objects.HighlightElements/input_field_index'

2020-05-29 23:43:17 - [MESSAGE][PASSED] - Keys 'DOWN + ' sent to object: 'Object Repository/Objects.HighlightElements/input_field_index'

2020-05-29 23:43:17 - [TEST_STEP][PASSED] - sendKeys(NewInputNmField, Keys.chord(ARROW_DOWN)): Keys 'DOWN + ' sent to object: 'Object Repository/Objects.HighlightElements/input_field_index'

2020-05-29 23:43:18 - [MESSAGE][PASSED] - Keys 'DOWN + ' sent to object: 'Object Repository/Objects.HighlightElements/input_field_index'

2020-05-29 23:43:18 - [TEST_STEP][PASSED] - delay(DelayTime): Delayed 2 second(s)

2020-05-29 23:43:20 - [MESSAGE][PASSED] - Delayed 2 second(s)

2020-05-29 23:43:20 - [TEST_STEP][PASSED] - sendKeys(NewInputNmField, Keys.chord(ENTER)): Keys 'ENTER + ' sent to object: 'Object Repository/Objects.HighlightElements/input_field_index'

2020-05-29 23:43:20 - [MESSAGE][PASSED] - Keys 'ENTER + ' sent to object: 'Object Repository/Objects.HighlightElements/input_field_index'

2020-05-29 23:43:20 - [TEST_STEP][PASSED] - ComboBoxValue = getAttribute(NewInputNmField, "value"): Attribute 'value' of object 'Object Repository/Objects.HighlightElements/input_field_index' is: 'Azidah Bte Akmad (Mdm) (USAABD)'

2020-05-29 23:43:20 - [MESSAGE][PASSED] - Attribute 'value' of object 'Object Repository/Objects.HighlightElements/input_field_index' is: 'Azidah Bte Akmad (Mdm) (USAABD)'

2020-05-29 23:43:20 - [TEST_STEP][PASSED] - callTestCase(findTestCase(CallTCName), ["FindValue":ComboBoxValue, "DropdownNm":comboNm], STOP_ON_FAILURE): Call Test Case 'Test Cases/PFI Precision and Scale/HashMap Tables/OfficerLists' successfully

2020-05-29 23:43:21 - [TEST_CASE][PASSED] - Test Cases/PFI Precision and Scale/HashMap Tables/OfficerLists: Test Cases/PFI Precision and Scale/HashMap Tables/OfficerLists

2020-05-29 23:43:21 - [TEST_STEP][PASSED] - Thread.sleep(1000): null

2020-05-29 23:43:22 - [TEST_STEP][PASSED] - OfficerLists = [1:"Aaron Sham Wai Lun (AARON)", 2:"Azidah Bte Akmad (Mdm) (USAABD)", 3:"Chung Fong Nyen (USACFN)", 4:"David Tey Dah Wei (DAHWEI)", ... ]: null

2020-05-29 23:43:22 - [TEST_STEP][PASSED] - ValueFound = OfficerLists.find({ -> ... }): null

2020-05-29 23:43:22 - [MESSAGE][PASSED] - Call Test Case 'Test Cases/PFI Precision and Scale/HashMap Tables/OfficerLists' successfully

2020-05-29 23:43:22 - [TEST_STEP][PASSED] - println(ValueFound): null

2020-05-29 23:43:22 - [TEST_STEP][PASSED] - sendKeys(NewInputNmField, Keys.chord(ARROW_DOWN)): Keys 'DOWN + ' sent to object: 'Object Repository/Objects.HighlightElements/input_field_index'

2020-05-29 23:43:22 - [MESSAGE][PASSED] - Keys 'DOWN + ' sent to object: 'Object Repository/Objects.HighlightElements/input_field_index'

2020-05-29 23:43:22 - [TEST_STEP][PASSED] - sendKeys(NewInputNmField, Keys.chord(ARROW_DOWN)): Keys 'DOWN + ' sent to object: 'Object Repository/Objects.HighlightElements/input_field_index'

2020-05-29 23:43:22 - [MESSAGE][PASSED] - Keys 'DOWN + ' sent to object: 'Object Repository/Objects.HighlightElements/input_field_index'

2020-05-29 23:43:22 - [TEST_STEP][PASSED] - delay(DelayTime): Delayed 2 second(s)

2020-05-29 23:43:24 - [MESSAGE][PASSED] - Delayed 2 second(s)

2020-05-29 23:43:24 - [TEST_STEP][PASSED] - sendKeys(NewInputNmField, Keys.chord(ENTER)): Keys 'ENTER + ' sent to object: 'Object Repository/Objects.HighlightElements/input_field_index'

2020-05-29 23:43:25 - [MESSAGE][PASSED] - Keys 'ENTER + ' sent to object: 'Object Repository/Objects.HighlightElements/input_field_index'

2020-05-29 23:43:25 - [TEST_STEP][PASSED] - ComboBoxValue = getAttribute(NewInputNmField, "value"): Attribute 'value' of object 'Object Repository/Objects.HighlightElements/input_field_index' is: 'Chua Bee Tee (BEETEE)'

2020-05-29 23:43:25 - [MESSAGE][PASSED] - Attribute 'value' of object 'Object Repository/Objects.HighlightElements/input_field_index' is: 'Chua Bee Tee (BEETEE)'

2020-05-29 23:43:25 - [TEST_STEP][PASSED] - callTestCase(findTestCase(CallTCName), ["FindValue":ComboBoxValue, "DropdownNm":comboNm], STOP_ON_FAILURE): Call Test Case 'Test Cases/PFI Precision and Scale/HashMap Tables/OfficerLists' successfully

2020-05-29 23:43:25 - [TEST_CASE][PASSED] - Test Cases/PFI Precision and Scale/HashMap Tables/OfficerLists: Test Cases/PFI Precision and Scale/HashMap Tables/OfficerLists

2020-05-29 23:43:25 - [TEST_STEP][PASSED] - Thread.sleep(1000): null

2020-05-29 23:43:26 - [TEST_STEP][PASSED] - OfficerLists = [1:"Aaron Sham Wai Lun (AARON)", 2:"Azidah Bte Akmad (Mdm) (USAABD)", 3:"Chung Fong Nyen (USACFN)", 4:"David Tey Dah Wei (DAHWEI)", ... ]: null

2020-05-29 23:43:26 - [TEST_STEP][PASSED] - ValueFound = OfficerLists.find({ -> ... }): null

2020-05-29 23:43:26 - [MESSAGE][PASSED] - Call Test Case 'Test Cases/PFI Precision and Scale/HashMap Tables/OfficerLists' successfully

2020-05-29 23:43:26 - [TEST_STEP][PASSED] - println(ValueFound): null

2020-05-29 23:43:26 - [TEST_STEP][PASSED] - sendKeys(NewInputNmField, Keys.chord(ARROW_DOWN)): Keys 'DOWN + ' sent to object: 'Object Repository/Objects.HighlightElements/input_field_index'

2020-05-29 23:43:26 - [MESSAGE][PASSED] - Keys 'DOWN + ' sent to object: 'Object Repository/Objects.HighlightElements/input_field_index'

2020-05-29 23:43:26 - [TEST_STEP][PASSED] - sendKeys(NewInputNmField, Keys.chord(ARROW_DOWN)): Keys 'DOWN + ' sent to object: 'Object Repository/Objects.HighlightElements/input_field_index'

2020-05-29 23:43:27 - [MESSAGE][PASSED] - Keys 'DOWN + ' sent to object: 'Object Repository/Objects.HighlightElements/input_field_index'

2020-05-29 23:43:27 - [TEST_STEP][PASSED] - delay(DelayTime): Delayed 2 second(s)

2020-05-29 23:43:29 - [MESSAGE][PASSED] - Delayed 2 second(s)

2020-05-29 23:43:29 - [TEST_STEP][PASSED] - sendKeys(NewInputNmField, Keys.chord(ENTER)): Keys 'ENTER + ' sent to object: 'Object Repository/Objects.HighlightElements/input_field_index'

2020-05-29 23:43:29 - [MESSAGE][PASSED] - Keys 'ENTER + ' sent to object: 'Object Repository/Objects.HighlightElements/input_field_index'

2020-05-29 23:43:29 - [TEST_STEP][PASSED] - ComboBoxValue = getAttribute(NewInputNmField, "value"): Attribute 'value' of object 'Object Repository/Objects.HighlightElements/input_field_index' is: 'Chung Fong Nyen (USACFN)'

2020-05-29 23:43:29 - [MESSAGE][PASSED] - Attribute 'value' of object 'Object Repository/Objects.HighlightElements/input_field_index' is: 'Chung Fong Nyen (USACFN)'

2020-05-29 23:43:29 - [TEST_STEP][PASSED] - callTestCase(findTestCase(CallTCName), ["FindValue":ComboBoxValue, "DropdownNm":comboNm], STOP_ON_FAILURE): Call Test Case 'Test Cases/PFI Precision and Scale/HashMap Tables/OfficerLists' successfully

2020-05-29 23:43:30 - [TEST_CASE][PASSED] - Test Cases/PFI Precision and Scale/HashMap Tables/OfficerLists: Test Cases/PFI Precision and Scale/HashMap Tables/OfficerLists

2020-05-29 23:43:30 - [TEST_STEP][PASSED] - Thread.sleep(1000): null

2020-05-29 23:43:31 - [TEST_STEP][PASSED] - OfficerLists = [1:"Aaron Sham Wai Lun (AARON)", 2:"Azidah Bte Akmad (Mdm) (USAABD)", 3:"Chung Fong Nyen (USACFN)", 4:"David Tey Dah Wei (DAHWEI)", ... ]: null

2020-05-29 23:43:31 - [TEST_STEP][PASSED] - ValueFound = OfficerLists.find({ -> ... }): null

2020-05-29 23:43:31 - [MESSAGE][PASSED] - Call Test Case 'Test Cases/PFI Precision and Scale/HashMap Tables/OfficerLists' successfully

2020-05-29 23:43:31 - [TEST_STEP][PASSED] - println(ValueFound): null

2020-05-29 23:43:31 - [TEST_STEP][PASSED] - sendKeys(NewInputNmField, Keys.chord(ARROW_DOWN)): Keys 'DOWN + ' sent to object: 'Object Repository/Objects.HighlightElements/input_field_index'

2020-05-29 23:43:31 - [MESSAGE][PASSED] - Keys 'DOWN + ' sent to object: 'Object Repository/Objects.HighlightElements/input_field_index'

2020-05-29 23:43:31 - [TEST_STEP][PASSED] - sendKeys(NewInputNmField, Keys.chord(ARROW_DOWN)): Keys 'DOWN + ' sent to object: 'Object Repository/Objects.HighlightElements/input_field_index'

2020-05-29 23:43:31 - [MESSAGE][PASSED] - Keys 'DOWN + ' sent to object: 'Object Repository/Objects.HighlightElements/input_field_index'

2020-05-29 23:43:31 - [TEST_STEP][PASSED] - delay(DelayTime): Delayed 2 second(s)

2020-05-29 23:43:33 - [MESSAGE][PASSED] - Delayed 2 second(s)

2020-05-29 23:43:33 - [TEST_STEP][PASSED] - sendKeys(NewInputNmField, Keys.chord(ENTER)): Keys 'ENTER + ' sent to object: 'Object Repository/Objects.HighlightElements/input_field_index'

2020-05-29 23:43:34 - [MESSAGE][PASSED] - Keys 'ENTER + ' sent to object: 'Object Repository/Objects.HighlightElements/input_field_index'

2020-05-29 23:43:34 - [TEST_STEP][PASSED] - ComboBoxValue = getAttribute(NewInputNmField, "value"): Attribute 'value' of object 'Object Repository/Objects.HighlightElements/input_field_index' is: 'David Tey Dah Wei (DAHWEI)'

2020-05-29 23:43:34 - [MESSAGE][PASSED] - Attribute 'value' of object 'Object Repository/Objects.HighlightElements/input_field_index' is: 'David Tey Dah Wei (DAHWEI)'

2020-05-29 23:43:34 - [TEST_STEP][PASSED] - callTestCase(findTestCase(CallTCName), ["FindValue":ComboBoxValue, "DropdownNm":comboNm], STOP_ON_FAILURE): Call Test Case 'Test Cases/PFI Precision and Scale/HashMap Tables/OfficerLists' successfully

2020-05-29 23:43:34 - [TEST_CASE][PASSED] - Test Cases/PFI Precision and Scale/HashMap Tables/OfficerLists: Test Cases/PFI Precision and Scale/HashMap Tables/OfficerLists

2020-05-29 23:43:34 - [TEST_STEP][PASSED] - Thread.sleep(1000): null

2020-05-29 23:43:35 - [TEST_STEP][PASSED] - OfficerLists = [1:"Aaron Sham Wai Lun (AARON)", 2:"Azidah Bte Akmad (Mdm) (USAABD)", 3:"Chung Fong Nyen (USACFN)", 4:"David Tey Dah Wei (DAHWEI)", ... ]: null

2020-05-29 23:43:35 - [TEST_STEP][PASSED] - ValueFound = OfficerLists.find({ -> ... }): null

2020-05-29 23:43:35 - [MESSAGE][PASSED] - Call Test Case 'Test Cases/PFI Precision and Scale/HashMap Tables/OfficerLists' successfully

2020-05-29 23:43:35 - [TEST_STEP][PASSED] - println(ValueFound): null

2020-05-29 23:43:35 - [TEST_STEP][PASSED] - sendKeys(NewInputNmField, Keys.chord(ARROW_DOWN)): Keys 'DOWN + ' sent to object: 'Object Repository/Objects.HighlightElements/input_field_index'

2020-05-29 23:43:35 - [MESSAGE][PASSED] - Keys 'DOWN + ' sent to object: 'Object Repository/Objects.HighlightElements/input_field_index'

2020-05-29 23:43:35 - [TEST_STEP][PASSED] - sendKeys(NewInputNmField, Keys.chord(ARROW_DOWN)): Keys 'DOWN + ' sent to object: 'Object Repository/Objects.HighlightElements/input_field_index'

2020-05-29 23:43:36 - [MESSAGE][PASSED] - Keys 'DOWN + ' sent to object: 'Object Repository/Objects.HighlightElements/input_field_index'

2020-05-29 23:43:36 - [TEST_STEP][PASSED] - delay(DelayTime): Delayed 2 second(s)

2020-05-29 23:43:38 - [MESSAGE][PASSED] - Delayed 2 second(s)

2020-05-29 23:43:38 - [TEST_STEP][PASSED] - sendKeys(NewInputNmField, Keys.chord(ENTER)): Keys 'ENTER + ' sent to object: 'Object Repository/Objects.HighlightElements/input_field_index'

2020-05-29 23:43:38 - [MESSAGE][PASSED] - Keys 'ENTER + ' sent to object: 'Object Repository/Objects.HighlightElements/input_field_index'

2020-05-29 23:43:38 - [TEST_STEP][PASSED] - ComboBoxValue = getAttribute(NewInputNmField, "value"): Attribute 'value' of object 'Object Repository/Objects.HighlightElements/input_field_index' is: 'Han Wann Kuang (WANNKUANG)'

2020-05-29 23:43:38 - [MESSAGE][PASSED] - Attribute 'value' of object 'Object Repository/Objects.HighlightElements/input_field_index' is: 'Han Wann Kuang (WANNKUANG)'

2020-05-29 23:43:38 - [TEST_STEP][PASSED] - callTestCase(findTestCase(CallTCName), ["FindValue":ComboBoxValue, "DropdownNm":comboNm], STOP_ON_FAILURE): Call Test Case 'Test Cases/PFI Precision and Scale/HashMap Tables/OfficerLists' successfully

2020-05-29 23:43:38 - [TEST_CASE][PASSED] - Test Cases/PFI Precision and Scale/HashMap Tables/OfficerLists: Test Cases/PFI Precision and Scale/HashMap Tables/OfficerLists

2020-05-29 23:43:38 - [TEST_STEP][PASSED] - Thread.sleep(1000): null

2020-05-29 23:43:39 - [TEST_STEP][PASSED] - OfficerLists = [1:"Aaron Sham Wai Lun (AARON)", 2:"Azidah Bte Akmad (Mdm) (USAABD)", 3:"Chung Fong Nyen (USACFN)", 4:"David Tey Dah Wei (DAHWEI)", ... ]: null

2020-05-29 23:43:40 - [TEST_STEP][PASSED] - ValueFound = OfficerLists.find({ -> ... }): null

2020-05-29 23:43:40 - [MESSAGE][PASSED] - Call Test Case 'Test Cases/PFI Precision and Scale/HashMap Tables/OfficerLists' successfully

2020-05-29 23:43:40 - [TEST_STEP][PASSED] - println(ValueFound): null

2020-05-29 23:43:40 - [TEST_STEP][PASSED] - sendKeys(NewInputNmField, Keys.chord(ARROW_DOWN)): Keys 'DOWN + ' sent to object: 'Object Repository/Objects.HighlightElements/input_field_index'

2020-05-29 23:43:40 - [MESSAGE][PASSED] - Keys 'DOWN + ' sent to object: 'Object Repository/Objects.HighlightElements/input_field_index'

2020-05-29 23:43:40 - [TEST_STEP][PASSED] - sendKeys(NewInputNmField, Keys.chord(ARROW_DOWN)): Keys 'DOWN + ' sent to object: 'Object Repository/Objects.HighlightElements/input_field_index'

2020-05-29 23:43:40 - [MESSAGE][PASSED] - Keys 'DOWN + ' sent to object: 'Object Repository/Objects.HighlightElements/input_field_index'

2020-05-29 23:43:40 - [TEST_STEP][PASSED] - delay(DelayTime): Delayed 2 second(s)

2020-05-29 23:43:42 - [MESSAGE][PASSED] - Delayed 2 second(s)

2020-05-29 23:43:42 - [TEST_STEP][PASSED] - sendKeys(NewInputNmField, Keys.chord(ENTER)): Keys 'ENTER + ' sent to object: 'Object Repository/Objects.HighlightElements/input_field_index'

2020-05-29 23:43:42 - [MESSAGE][PASSED] - Keys 'ENTER + ' sent to object: 'Object Repository/Objects.HighlightElements/input_field_index'

2020-05-29 23:43:42 - [TEST_STEP][PASSED] - ComboBoxValue = getAttribute(NewInputNmField, "value"): Attribute 'value' of object 'Object Repository/Objects.HighlightElements/input_field_index' is: 'Ho Tze Siang (TZESIANG)'

2020-05-29 23:43:43 - [MESSAGE][PASSED] - Attribute 'value' of object 'Object Repository/Objects.HighlightElements/input_field_index' is: 'Ho Tze Siang (TZESIANG)'

2020-05-29 23:43:43 - [TEST_STEP][PASSED] - callTestCase(findTestCase(CallTCName), ["FindValue":ComboBoxValue, "DropdownNm":comboNm], STOP_ON_FAILURE): Call Test Case 'Test Cases/PFI Precision and Scale/HashMap Tables/OfficerLists' successfully

2020-05-29 23:43:43 - [TEST_CASE][PASSED] - Test Cases/PFI Precision and Scale/HashMap Tables/OfficerLists: Test Cases/PFI Precision and Scale/HashMap Tables/OfficerLists

2020-05-29 23:43:43 - [TEST_STEP][PASSED] - Thread.sleep(1000): null

2020-05-29 23:43:44 - [TEST_STEP][PASSED] - OfficerLists = [1:"Aaron Sham Wai Lun (AARON)", 2:"Azidah Bte Akmad (Mdm) (USAABD)", 3:"Chung Fong Nyen (USACFN)", 4:"David Tey Dah Wei (DAHWEI)", ... ]: null

2020-05-29 23:43:44 - [TEST_STEP][PASSED] - ValueFound = OfficerLists.find({ -> ... }): null

2020-05-29 23:43:44 - [MESSAGE][PASSED] - Call Test Case 'Test Cases/PFI Precision and Scale/HashMap Tables/OfficerLists' successfully

2020-05-29 23:43:44 - [TEST_STEP][PASSED] - println(ValueFound): null

2020-05-29 23:43:44 - [TEST_STEP][PASSED] - sendKeys(NewInputNmField, Keys.chord(ARROW_DOWN)): Keys 'DOWN + ' sent to object: 'Object Repository/Objects.HighlightElements/input_field_index'

2020-05-29 23:43:44 - [MESSAGE][PASSED] - Keys 'DOWN + ' sent to object: 'Object Repository/Objects.HighlightElements/input_field_index'

2020-05-29 23:43:44 - [TEST_STEP][PASSED] - sendKeys(NewInputNmField, Keys.chord(ARROW_DOWN)): Keys 'DOWN + ' sent to object: 'Object Repository/Objects.HighlightElements/input_field_index'

2020-05-29 23:43:45 - [MESSAGE][PASSED] - Keys 'DOWN + ' sent to object: 'Object Repository/Objects.HighlightElements/input_field_index'

2020-05-29 23:43:45 - [TEST_STEP][PASSED] - delay(DelayTime): Delayed 2 second(s)

2020-05-29 23:43:47 - [MESSAGE][PASSED] - Delayed 2 second(s)

2020-05-29 23:43:47 - [TEST_STEP][PASSED] - sendKeys(NewInputNmField, Keys.chord(ENTER)): Keys 'ENTER + ' sent to object: 'Object Repository/Objects.HighlightElements/input_field_index'

2020-05-29 23:43:47 - [MESSAGE][PASSED] - Keys 'ENTER + ' sent to object: 'Object Repository/Objects.HighlightElements/input_field_index'

2020-05-29 23:43:47 - [TEST_STEP][PASSED] - ComboBoxValue = getAttribute(NewInputNmField, "value"): Attribute 'value' of object 'Object Repository/Objects.HighlightElements/input_field_index' is: 'Ho-Chan Vun Ching (USAHVC)'

2020-05-29 23:43:47 - [MESSAGE][PASSED] - Attribute 'value' of object 'Object Repository/Objects.HighlightElements/input_field_index' is: 'Ho-Chan Vun Ching (USAHVC)'

2020-05-29 23:43:47 - [TEST_STEP][PASSED] - callTestCase(findTestCase(CallTCName), ["FindValue":ComboBoxValue, "DropdownNm":comboNm], STOP_ON_FAILURE): Call Test Case 'Test Cases/PFI Precision and Scale/HashMap Tables/OfficerLists' successfully

2020-05-29 23:43:48 - [TEST_CASE][PASSED] - Test Cases/PFI Precision and Scale/HashMap Tables/OfficerLists: Test Cases/PFI Precision and Scale/HashMap Tables/OfficerLists

2020-05-29 23:43:48 - [TEST_STEP][PASSED] - Thread.sleep(1000): null

2020-05-29 23:43:49 - [TEST_STEP][PASSED] - OfficerLists = [1:"Aaron Sham Wai Lun (AARON)", 2:"Azidah Bte Akmad (Mdm) (USAABD)", 3:"Chung Fong Nyen (USACFN)", 4:"David Tey Dah Wei (DAHWEI)", ... ]: null

2020-05-29 23:43:49 - [TEST_STEP][PASSED] - ValueFound = OfficerLists.find({ -> ... }): null

2020-05-29 23:43:49 - [MESSAGE][PASSED] - Call Test Case 'Test Cases/PFI Precision and Scale/HashMap Tables/OfficerLists' successfully

2020-05-29 23:43:49 - [TEST_STEP][PASSED] - println(ValueFound): null

2020-05-29 23:43:49 - [TEST_STEP][PASSED] - sendKeys(NewInputNmField, Keys.chord(ARROW_DOWN)): Keys 'DOWN + ' sent to object: 'Object Repository/Objects.HighlightElements/input_field_index'

2020-05-29 23:43:49 - [MESSAGE][PASSED] - Keys 'DOWN + ' sent to object: 'Object Repository/Objects.HighlightElements/input_field_index'

2020-05-29 23:43:49 - [TEST_STEP][PASSED] - sendKeys(NewInputNmField, Keys.chord(ARROW_DOWN)): Keys 'DOWN + ' sent to object: 'Object Repository/Objects.HighlightElements/input_field_index'

2020-05-29 23:43:49 - [MESSAGE][PASSED] - Keys 'DOWN + ' sent to object: 'Object Repository/Objects.HighlightElements/input_field_index'

2020-05-29 23:43:49 - [TEST_STEP][PASSED] - delay(DelayTime): Delayed 2 second(s)

2020-05-29 23:43:51 - [MESSAGE][PASSED] - Delayed 2 second(s)

2020-05-29 23:43:51 - [TEST_STEP][PASSED] - sendKeys(NewInputNmField, Keys.chord(ENTER)): Keys 'ENTER + ' sent to object: 'Object Repository/Objects.HighlightElements/input_field_index'

2020-05-29 23:43:52 - [MESSAGE][PASSED] - Keys 'ENTER + ' sent to object: 'Object Repository/Objects.HighlightElements/input_field_index'

2020-05-29 23:43:52 - [TEST_STEP][PASSED] - ComboBoxValue = getAttribute(NewInputNmField, "value"): Attribute 'value' of object 'Object Repository/Objects.HighlightElements/input_field_index' is: 'Janet Lee Choon Hong (JANETCHOON)'

2020-05-29 23:43:52 - [MESSAGE][PASSED] - Attribute 'value' of object 'Object Repository/Objects.HighlightElements/input_field_index' is: 'Janet Lee Choon Hong (JANETCHOON)'

2020-05-29 23:43:52 - [TEST_STEP][PASSED] - callTestCase(findTestCase(CallTCName), ["FindValue":ComboBoxValue, "DropdownNm":comboNm], STOP_ON_FAILURE): Call Test Case 'Test Cases/PFI Precision and Scale/HashMap Tables/OfficerLists' successfully

2020-05-29 23:43:52 - [TEST_CASE][PASSED] - Test Cases/PFI Precision and Scale/HashMap Tables/OfficerLists: Test Cases/PFI Precision and Scale/HashMap Tables/OfficerLists

2020-05-29 23:43:52 - [TEST_STEP][PASSED] - Thread.sleep(1000): null

2020-05-29 23:43:53 - [TEST_STEP][PASSED] - OfficerLists = [1:"Aaron Sham Wai Lun (AARON)", 2:"Azidah Bte Akmad (Mdm) (USAABD)", 3:"Chung Fong Nyen (USACFN)", 4:"David Tey Dah Wei (DAHWEI)", ... ]: null

2020-05-29 23:43:53 - [TEST_STEP][PASSED] - ValueFound = OfficerLists.find({ -> ... }): null

2020-05-29 23:43:53 - [MESSAGE][PASSED] - Call Test Case 'Test Cases/PFI Precision and Scale/HashMap Tables/OfficerLists' successfully

2020-05-29 23:43:53 - [TEST_STEP][PASSED] - println(ValueFound): null

2020-05-29 23:43:53 - [TEST_STEP][PASSED] - sendKeys(NewInputNmField, Keys.chord(ARROW_DOWN)): Keys 'DOWN + ' sent to object: 'Object Repository/Objects.HighlightElements/input_field_index'

2020-05-29 23:43:53 - [MESSAGE][PASSED] - Keys 'DOWN + ' sent to object: 'Object Repository/Objects.HighlightElements/input_field_index'

2020-05-29 23:43:53 - [TEST_STEP][PASSED] - sendKeys(NewInputNmField, Keys.chord(ARROW_DOWN)): Keys 'DOWN + ' sent to object: 'Object Repository/Objects.HighlightElements/input_field_index'

2020-05-29 23:43:54 - [MESSAGE][PASSED] - Keys 'DOWN + ' sent to object: 'Object Repository/Objects.HighlightElements/input_field_index'

2020-05-29 23:43:54 - [TEST_STEP][PASSED] - delay(DelayTime): Delayed 2 second(s)

2020-05-29 23:43:56 - [MESSAGE][PASSED] - Delayed 2 second(s)

2020-05-29 23:43:56 - [TEST_STEP][PASSED] - sendKeys(NewInputNmField, Keys.chord(ENTER)): Keys 'ENTER + ' sent to object: 'Object Repository/Objects.HighlightElements/input_field_index'

2020-05-29 23:43:56 - [MESSAGE][PASSED] - Keys 'ENTER + ' sent to object: 'Object Repository/Objects.HighlightElements/input_field_index'

2020-05-29 23:43:56 - [TEST_STEP][PASSED] - ComboBoxValue = getAttribute(NewInputNmField, "value"): Attribute 'value' of object 'Object Repository/Objects.HighlightElements/input_field_index' is: 'Joseph Lim Pheng Weng (PHENGWENG)'

2020-05-29 23:43:56 - [MESSAGE][PASSED] - Attribute 'value' of object 'Object Repository/Objects.HighlightElements/input_field_index' is: 'Joseph Lim Pheng Weng (PHENGWENG)'

2020-05-29 23:43:56 - [TEST_STEP][PASSED] - callTestCase(findTestCase(CallTCName), ["FindValue":ComboBoxValue, "DropdownNm":comboNm], STOP_ON_FAILURE): Call Test Case 'Test Cases/PFI Precision and Scale/HashMap Tables/OfficerLists' successfully

2020-05-29 23:43:57 - [TEST_CASE][PASSED] - Test Cases/PFI Precision and Scale/HashMap Tables/OfficerLists: Test Cases/PFI Precision and Scale/HashMap Tables/OfficerLists

2020-05-29 23:43:57 - [TEST_STEP][PASSED] - Thread.sleep(1000): null

2020-05-29 23:43:58 - [TEST_STEP][PASSED] - OfficerLists = [1:"Aaron Sham Wai Lun (AARON)", 2:"Azidah Bte Akmad (Mdm) (USAABD)", 3:"Chung Fong Nyen (USACFN)", 4:"David Tey Dah Wei (DAHWEI)", ... ]: null

2020-05-29 23:43:58 - [TEST_STEP][PASSED] - ValueFound = OfficerLists.find({ -> ... }): null

2020-05-29 23:43:58 - [MESSAGE][PASSED] - Call Test Case 'Test Cases/PFI Precision and Scale/HashMap Tables/OfficerLists' successfully

2020-05-29 23:43:58 - [TEST_STEP][PASSED] - println(ValueFound): null

2020-05-29 23:43:58 - [TEST_STEP][PASSED] - sendKeys(NewInputNmField, Keys.chord(ARROW_DOWN)): Keys 'DOWN + ' sent to object: 'Object Repository/Objects.HighlightElements/input_field_index'

2020-05-29 23:43:58 - [MESSAGE][PASSED] - Keys 'DOWN + ' sent to object: 'Object Repository/Objects.HighlightElements/input_field_index'

2020-05-29 23:43:58 - [TEST_STEP][PASSED] - sendKeys(NewInputNmField, Keys.chord(ARROW_DOWN)): Keys 'DOWN + ' sent to object: 'Object Repository/Objects.HighlightElements/input_field_index'

2020-05-29 23:43:58 - [MESSAGE][PASSED] - Keys 'DOWN + ' sent to object: 'Object Repository/Objects.HighlightElements/input_field_index'

2020-05-29 23:43:58 - [TEST_STEP][PASSED] - delay(DelayTime): Delayed 2 second(s)

2020-05-29 23:44:00 - [MESSAGE][PASSED] - Delayed 2 second(s)

2020-05-29 23:44:00 - [TEST_STEP][PASSED] - sendKeys(NewInputNmField, Keys.chord(ENTER)): Keys 'ENTER + ' sent to object: 'Object Repository/Objects.HighlightElements/input_field_index'

2020-05-29 23:44:01 - [MESSAGE][PASSED] - Keys 'ENTER + ' sent to object: 'Object Repository/Objects.HighlightElements/input_field_index'

2020-05-29 23:44:01 - [TEST_STEP][PASSED] - ComboBoxValue = getAttribute(NewInputNmField, "value"): Attribute 'value' of object 'Object Repository/Objects.HighlightElements/input_field_index' is: 'Kaliannan Thanabal (KALIANN)'

2020-05-29 23:44:01 - [MESSAGE][PASSED] - Attribute 'value' of object 'Object Repository/Objects.HighlightElements/input_field_index' is: 'Kaliannan Thanabal (KALIANN)'

2020-05-29 23:44:01 - [TEST_STEP][PASSED] - callTestCase(findTestCase(CallTCName), ["FindValue":ComboBoxValue, "DropdownNm":comboNm], STOP_ON_FAILURE): Call Test Case 'Test Cases/PFI Precision and Scale/HashMap Tables/OfficerLists' successfully

2020-05-29 23:44:01 - [TEST_CASE][PASSED] - Test Cases/PFI Precision and Scale/HashMap Tables/OfficerLists: Test Cases/PFI Precision and Scale/HashMap Tables/OfficerLists

2020-05-29 23:44:01 - [TEST_STEP][PASSED] - Thread.sleep(1000): null

2020-05-29 23:44:02 - [TEST_STEP][PASSED] - OfficerLists = [1:"Aaron Sham Wai Lun (AARON)", 2:"Azidah Bte Akmad (Mdm) (USAABD)", 3:"Chung Fong Nyen (USACFN)", 4:"David Tey Dah Wei (DAHWEI)", ... ]: null

2020-05-29 23:44:02 - [TEST_STEP][PASSED] - ValueFound = OfficerLists.find({ -> ... }): null

2020-05-29 23:44:02 - [MESSAGE][PASSED] - Call Test Case 'Test Cases/PFI Precision and Scale/HashMap Tables/OfficerLists' successfully

2020-05-29 23:44:02 - [TEST_STEP][PASSED] - println(ValueFound): null

2020-05-29 23:44:02 - [TEST_STEP][PASSED] - sendKeys(NewInputNmField, Keys.chord(ARROW_DOWN)): Keys 'DOWN + ' sent to object: 'Object Repository/Objects.HighlightElements/input_field_index'

2020-05-29 23:44:02 - [MESSAGE][PASSED] - Keys 'DOWN + ' sent to object: 'Object Repository/Objects.HighlightElements/input_field_index'

2020-05-29 23:44:02 - [TEST_STEP][PASSED] - sendKeys(NewInputNmField, Keys.chord(ARROW_DOWN)): Keys 'DOWN + ' sent to object: 'Object Repository/Objects.HighlightElements/input_field_index'

2020-05-29 23:44:03 - [MESSAGE][PASSED] - Keys 'DOWN + ' sent to object: 'Object Repository/Objects.HighlightElements/input_field_index'

2020-05-29 23:44:03 - [TEST_STEP][PASSED] - delay(DelayTime): Delayed 2 second(s)

2020-05-29 23:44:05 - [MESSAGE][PASSED] - Delayed 2 second(s)

2020-05-29 23:44:05 - [TEST_STEP][PASSED] - sendKeys(NewInputNmField, Keys.chord(ENTER)): Keys 'ENTER + ' sent to object: 'Object Repository/Objects.HighlightElements/input_field_index'

2020-05-29 23:44:05 - [MESSAGE][PASSED] - Keys 'ENTER + ' sent to object: 'Object Repository/Objects.HighlightElements/input_field_index'

2020-05-29 23:44:05 - [TEST_STEP][PASSED] - ComboBoxValue = getAttribute(NewInputNmField, "value"): Attribute 'value' of object 'Object Repository/Objects.HighlightElements/input_field_index' is: 'Kelvin Phua Meng Thong (MENGTHONG)'

2020-05-29 23:44:05 - [MESSAGE][PASSED] - Attribute 'value' of object 'Object Repository/Objects.HighlightElements/input_field_index' is: 'Kelvin Phua Meng Thong (MENGTHONG)'

2020-05-29 23:44:05 - [TEST_STEP][PASSED] - callTestCase(findTestCase(CallTCName), ["FindValue":ComboBoxValue, "DropdownNm":comboNm], STOP_ON_FAILURE): Call Test Case 'Test Cases/PFI Precision and Scale/HashMap Tables/OfficerLists' successfully

2020-05-29 23:44:06 - [TEST_CASE][PASSED] - Test Cases/PFI Precision and Scale/HashMap Tables/OfficerLists: Test Cases/PFI Precision and Scale/HashMap Tables/OfficerLists

2020-05-29 23:44:06 - [TEST_STEP][PASSED] - Thread.sleep(1000): null

2020-05-29 23:44:07 - [TEST_STEP][PASSED] - OfficerLists = [1:"Aaron Sham Wai Lun (AARON)", 2:"Azidah Bte Akmad (Mdm) (USAABD)", 3:"Chung Fong Nyen (USACFN)", 4:"David Tey Dah Wei (DAHWEI)", ... ]: null

2020-05-29 23:44:07 - [TEST_STEP][PASSED] - ValueFound = OfficerLists.find({ -> ... }): null

2020-05-29 23:44:07 - [MESSAGE][PASSED] - Call Test Case 'Test Cases/PFI Precision and Scale/HashMap Tables/OfficerLists' successfully

2020-05-29 23:44:07 - [TEST_STEP][PASSED] - println(ValueFound): null

2020-05-29 23:44:07 - [TEST_STEP][PASSED] - sendKeys(NewInputNmField, Keys.chord(ARROW_DOWN)): Keys 'DOWN + ' sent to object: 'Object Repository/Objects.HighlightElements/input_field_index'

2020-05-29 23:44:07 - [MESSAGE][PASSED] - Keys 'DOWN + ' sent to object: 'Object Repository/Objects.HighlightElements/input_field_index'

2020-05-29 23:44:07 - [TEST_STEP][PASSED] - sendKeys(NewInputNmField, Keys.chord(ARROW_DOWN)): Keys 'DOWN + ' sent to object: 'Object Repository/Objects.HighlightElements/input_field_index'

2020-05-29 23:44:07 - [MESSAGE][PASSED] - Keys 'DOWN + ' sent to object: 'Object Repository/Objects.HighlightElements/input_field_index'

2020-05-29 23:44:07 - [TEST_STEP][PASSED] - delay(DelayTime): Delayed 2 second(s)

2020-05-29 23:44:09 - [MESSAGE][PASSED] - Delayed 2 second(s)

2020-05-29 23:44:09 - [TEST_STEP][PASSED] - sendKeys(NewInputNmField, Keys.chord(ENTER)): Keys 'ENTER + ' sent to object: 'Object Repository/Objects.HighlightElements/input_field_index'

2020-05-29 23:44:10 - [MESSAGE][PASSED] - Keys 'ENTER + ' sent to object: 'Object Repository/Objects.HighlightElements/input_field_index'

2020-05-29 23:44:10 - [TEST_STEP][PASSED] - ComboBoxValue = getAttribute(NewInputNmField, "value"): Attribute 'value' of object 'Object Repository/Objects.HighlightElements/input_field_index' is: 'Lee Kok Tien (USAKTL)'

2020-05-29 23:44:10 - [MESSAGE][PASSED] - Attribute 'value' of object 'Object Repository/Objects.HighlightElements/input_field_index' is: 'Lee Kok Tien (USAKTL)'

2020-05-29 23:44:10 - [TEST_STEP][PASSED] - callTestCase(findTestCase(CallTCName), ["FindValue":ComboBoxValue, "DropdownNm":comboNm], STOP_ON_FAILURE): Call Test Case 'Test Cases/PFI Precision and Scale/HashMap Tables/OfficerLists' successfully

2020-05-29 23:44:10 - [TEST_CASE][PASSED] - Test Cases/PFI Precision and Scale/HashMap Tables/OfficerLists: Test Cases/PFI Precision and Scale/HashMap Tables/OfficerLists

2020-05-29 23:44:10 - [TEST_STEP][PASSED] - Thread.sleep(1000): null

2020-05-29 23:44:11 - [TEST_STEP][PASSED] - OfficerLists = [1:"Aaron Sham Wai Lun (AARON)", 2:"Azidah Bte Akmad (Mdm) (USAABD)", 3:"Chung Fong Nyen (USACFN)", 4:"David Tey Dah Wei (DAHWEI)", ... ]: null

2020-05-29 23:44:11 - [TEST_STEP][PASSED] - ValueFound = OfficerLists.find({ -> ... }): null

2020-05-29 23:44:11 - [MESSAGE][PASSED] - Call Test Case 'Test Cases/PFI Precision and Scale/HashMap Tables/OfficerLists' successfully

2020-05-29 23:44:11 - [TEST_STEP][PASSED] - println(ValueFound): null

2020-05-29 23:44:11 - [TEST_STEP][PASSED] - sendKeys(NewInputNmField, Keys.chord(ARROW_DOWN)): Keys 'DOWN + ' sent to object: 'Object Repository/Objects.HighlightElements/input_field_index'

2020-05-29 23:44:11 - [MESSAGE][PASSED] - Keys 'DOWN + ' sent to object: 'Object Repository/Objects.HighlightElements/input_field_index'

2020-05-29 23:44:11 - [TEST_STEP][PASSED] - sendKeys(NewInputNmField, Keys.chord(ARROW_DOWN)): Keys 'DOWN + ' sent to object: 'Object Repository/Objects.HighlightElements/input_field_index'

2020-05-29 23:44:12 - [MESSAGE][PASSED] - Keys 'DOWN + ' sent to object: 'Object Repository/Objects.HighlightElements/input_field_index'

2020-05-29 23:44:12 - [TEST_STEP][PASSED] - delay(DelayTime): Delayed 2 second(s)

2020-05-29 23:44:14 - [MESSAGE][PASSED] - Delayed 2 second(s)

2020-05-29 23:44:14 - [TEST_STEP][PASSED] - sendKeys(NewInputNmField, Keys.chord(ENTER)): Keys 'ENTER + ' sent to object: 'Object Repository/Objects.HighlightElements/input_field_index'

2020-05-29 23:44:14 - [MESSAGE][PASSED] - Keys 'ENTER + ' sent to object: 'Object Repository/Objects.HighlightElements/input_field_index'

2020-05-29 23:44:14 - [TEST_STEP][PASSED] - ComboBoxValue = getAttribute(NewInputNmField, "value"): Attribute 'value' of object 'Object Repository/Objects.HighlightElements/input_field_index' is: 'Lim Beng Kwee (BENGKWEE)'

2020-05-29 23:44:15 - [MESSAGE][PASSED] - Attribute 'value' of object 'Object Repository/Objects.HighlightElements/input_field_index' is: 'Lim Beng Kwee (BENGKWEE)'

2020-05-29 23:44:15 - [TEST_STEP][PASSED] - callTestCase(findTestCase(CallTCName), ["FindValue":ComboBoxValue, "DropdownNm":comboNm], STOP_ON_FAILURE): Call Test Case 'Test Cases/PFI Precision and Scale/HashMap Tables/OfficerLists' successfully

2020-05-29 23:44:15 - [TEST_CASE][PASSED] - Test Cases/PFI Precision and Scale/HashMap Tables/OfficerLists: Test Cases/PFI Precision and Scale/HashMap Tables/OfficerLists

2020-05-29 23:44:15 - [TEST_STEP][PASSED] - Thread.sleep(1000): null

2020-05-29 23:44:16 - [TEST_STEP][PASSED] - OfficerLists = [1:"Aaron Sham Wai Lun (AARON)", 2:"Azidah Bte Akmad (Mdm) (USAABD)", 3:"Chung Fong Nyen (USACFN)", 4:"David Tey Dah Wei (DAHWEI)", ... ]: null

2020-05-29 23:44:16 - [TEST_STEP][PASSED] - ValueFound = OfficerLists.find({ -> ... }): null

2020-05-29 23:44:16 - [MESSAGE][PASSED] - Call Test Case 'Test Cases/PFI Precision and Scale/HashMap Tables/OfficerLists' successfully

2020-05-29 23:44:16 - [TEST_STEP][PASSED] - println(ValueFound): null

2020-05-29 23:44:16 - [TEST_STEP][PASSED] - sendKeys(NewInputNmField, Keys.chord(ARROW_DOWN)): Keys 'DOWN + ' sent to object: 'Object Repository/Objects.HighlightElements/input_field_index'

2020-05-29 23:44:16 - [MESSAGE][PASSED] - Keys 'DOWN + ' sent to object: 'Object Repository/Objects.HighlightElements/input_field_index'

2020-05-29 23:44:16 - [TEST_STEP][PASSED] - sendKeys(NewInputNmField, Keys.chord(ARROW_DOWN)): Keys 'DOWN + ' sent to object: 'Object Repository/Objects.HighlightElements/input_field_index'

2020-05-29 23:44:16 - [MESSAGE][PASSED] - Keys 'DOWN + ' sent to object: 'Object Repository/Objects.HighlightElements/input_field_index'

2020-05-29 23:44:16 - [TEST_STEP][PASSED] - delay(DelayTime): Delayed 2 second(s)

2020-05-29 23:44:18 - [MESSAGE][PASSED] - Delayed 2 second(s)

2020-05-29 23:44:18 - [TEST_STEP][PASSED] - sendKeys(NewInputNmField, Keys.chord(ENTER)): Keys 'ENTER + ' sent to object: 'Object Repository/Objects.HighlightElements/input_field_index'

2020-05-29 23:44:19 - [MESSAGE][PASSED] - Keys 'ENTER + ' sent to object: 'Object Repository/Objects.HighlightElements/input_field_index'

2020-05-29 23:44:19 - [TEST_STEP][PASSED] - ComboBoxValue = getAttribute(NewInputNmField, "value"): Attribute 'value' of object 'Object Repository/Objects.HighlightElements/input_field_index' is: 'Lim Leng Boon (LENGBOON)'

2020-05-29 23:44:19 - [MESSAGE][PASSED] - Attribute 'value' of object 'Object Repository/Objects.HighlightElements/input_field_index' is: 'Lim Leng Boon (LENGBOON)'

2020-05-29 23:44:19 - [TEST_STEP][PASSED] - callTestCase(findTestCase(CallTCName), ["FindValue":ComboBoxValue, "DropdownNm":comboNm], STOP_ON_FAILURE): Call Test Case 'Test Cases/PFI Precision and Scale/HashMap Tables/OfficerLists' successfully

2020-05-29 23:44:19 - [TEST_CASE][PASSED] - Test Cases/PFI Precision and Scale/HashMap Tables/OfficerLists: Test Cases/PFI Precision and Scale/HashMap Tables/OfficerLists

2020-05-29 23:44:19 - [TEST_STEP][PASSED] - Thread.sleep(1000): null

2020-05-29 23:44:20 - [TEST_STEP][PASSED] - OfficerLists = [1:"Aaron Sham Wai Lun (AARON)", 2:"Azidah Bte Akmad (Mdm) (USAABD)", 3:"Chung Fong Nyen (USACFN)", 4:"David Tey Dah Wei (DAHWEI)", ... ]: null

2020-05-29 23:44:20 - [TEST_STEP][PASSED] - ValueFound = OfficerLists.find({ -> ... }): null

2020-05-29 23:44:20 - [MESSAGE][PASSED] - Call Test Case 'Test Cases/PFI Precision and Scale/HashMap Tables/OfficerLists' successfully

2020-05-29 23:44:20 - [TEST_STEP][PASSED] - println(ValueFound): null

2020-05-29 23:44:20 - [TEST_STEP][PASSED] - sendKeys(NewInputNmField, Keys.chord(ARROW_DOWN)): Keys 'DOWN + ' sent to object: 'Object Repository/Objects.HighlightElements/input_field_index'

2020-05-29 23:44:20 - [MESSAGE][PASSED] - Keys 'DOWN + ' sent to object: 'Object Repository/Objects.HighlightElements/input_field_index'

2020-05-29 23:44:20 - [TEST_STEP][PASSED] - sendKeys(NewInputNmField, Keys.chord(ARROW_DOWN)): Keys 'DOWN + ' sent to object: 'Object Repository/Objects.HighlightElements/input_field_index'

2020-05-29 23:44:21 - [MESSAGE][PASSED] - Keys 'DOWN + ' sent to object: 'Object Repository/Objects.HighlightElements/input_field_index'

2020-05-29 23:44:21 - [TEST_STEP][PASSED] - delay(DelayTime): Delayed 2 second(s)

2020-05-29 23:44:23 - [MESSAGE][PASSED] - Delayed 2 second(s)

2020-05-29 23:44:23 - [TEST_STEP][PASSED] - sendKeys(NewInputNmField, Keys.chord(ENTER)): Keys 'ENTER + ' sent to object: 'Object Repository/Objects.HighlightElements/input_field_index'

2020-05-29 23:44:23 - [MESSAGE][PASSED] - Keys 'ENTER + ' sent to object: 'Object Repository/Objects.HighlightElements/input_field_index'

2020-05-29 23:44:23 - [TEST_STEP][PASSED] - ComboBoxValue = getAttribute(NewInputNmField, "value"): Attribute 'value' of object 'Object Repository/Objects.HighlightElements/input_field_index' is: 'Liu Xiaopeng (XIAOPENG)'

2020-05-29 23:44:24 - [MESSAGE][PASSED] - Attribute 'value' of object 'Object Repository/Objects.HighlightElements/input_field_index' is: 'Liu Xiaopeng (XIAOPENG)'

2020-05-29 23:44:24 - [TEST_STEP][PASSED] - callTestCase(findTestCase(CallTCName), ["FindValue":ComboBoxValue, "DropdownNm":comboNm], STOP_ON_FAILURE): Call Test Case 'Test Cases/PFI Precision and Scale/HashMap Tables/OfficerLists' successfully

2020-05-29 23:44:24 - [TEST_CASE][PASSED] - Test Cases/PFI Precision and Scale/HashMap Tables/OfficerLists: Test Cases/PFI Precision and Scale/HashMap Tables/OfficerLists

2020-05-29 23:44:24 - [TEST_STEP][PASSED] - Thread.sleep(1000): null

2020-05-29 23:44:25 - [TEST_STEP][PASSED] - OfficerLists = [1:"Aaron Sham Wai Lun (AARON)", 2:"Azidah Bte Akmad (Mdm) (USAABD)", 3:"Chung Fong Nyen (USACFN)", 4:"David Tey Dah Wei (DAHWEI)", ... ]: null

2020-05-29 23:44:25 - [TEST_STEP][PASSED] - ValueFound = OfficerLists.find({ -> ... }): null

2020-05-29 23:44:25 - [MESSAGE][PASSED] - Call Test Case 'Test Cases/PFI Precision and Scale/HashMap Tables/OfficerLists' successfully

2020-05-29 23:44:25 - [TEST_STEP][PASSED] - println(ValueFound): null

2020-05-29 23:44:25 - [TEST_STEP][PASSED] - sendKeys(NewInputNmField, Keys.chord(ARROW_DOWN)): Keys 'DOWN + ' sent to object: 'Object Repository/Objects.HighlightElements/input_field_index'

2020-05-29 23:44:25 - [MESSAGE][PASSED] - Keys 'DOWN + ' sent to object: 'Object Repository/Objects.HighlightElements/input_field_index'

2020-05-29 23:44:25 - [TEST_STEP][PASSED] - sendKeys(NewInputNmField, Keys.chord(ARROW_DOWN)): Keys 'DOWN + ' sent to object: 'Object Repository/Objects.HighlightElements/input_field_index'

2020-05-29 23:44:25 - [MESSAGE][PASSED] - Keys 'DOWN + ' sent to object: 'Object Repository/Objects.HighlightElements/input_field_index'

2020-05-29 23:44:25 - [TEST_STEP][PASSED] - delay(DelayTime): Delayed 2 second(s)

2020-05-29 23:44:27 - [MESSAGE][PASSED] - Delayed 2 second(s)

2020-05-29 23:44:27 - [TEST_STEP][PASSED] - sendKeys(NewInputNmField, Keys.chord(ENTER)): Keys 'ENTER + ' sent to object: 'Object Repository/Objects.HighlightElements/input_field_index'

2020-05-29 23:44:28 - [MESSAGE][PASSED] - Keys 'ENTER + ' sent to object: 'Object Repository/Objects.HighlightElements/input_field_index'

2020-05-29 23:44:28 - [TEST_STEP][PASSED] - ComboBoxValue = getAttribute(NewInputNmField, "value"): Attribute 'value' of object 'Object Repository/Objects.HighlightElements/input_field_index' is: 'Lu Ji Ju (Mdm) (USALJJ)'

2020-05-29 23:44:28 - [MESSAGE][PASSED] - Attribute 'value' of object 'Object Repository/Objects.HighlightElements/input_field_index' is: 'Lu Ji Ju (Mdm) (USALJJ)'

2020-05-29 23:44:28 - [TEST_STEP][PASSED] - callTestCase(findTestCase(CallTCName), ["FindValue":ComboBoxValue, "DropdownNm":comboNm], STOP_ON_FAILURE): Call Test Case 'Test Cases/PFI Precision and Scale/HashMap Tables/OfficerLists' successfully

2020-05-29 23:44:28 - [TEST_CASE][PASSED] - Test Cases/PFI Precision and Scale/HashMap Tables/OfficerLists: Test Cases/PFI Precision and Scale/HashMap Tables/OfficerLists

2020-05-29 23:44:28 - [TEST_STEP][PASSED] - Thread.sleep(1000): null

2020-05-29 23:44:29 - [TEST_STEP][PASSED] - OfficerLists = [1:"Aaron Sham Wai Lun (AARON)", 2:"Azidah Bte Akmad (Mdm) (USAABD)", 3:"Chung Fong Nyen (USACFN)", 4:"David Tey Dah Wei (DAHWEI)", ... ]: null

2020-05-29 23:44:29 - [TEST_STEP][PASSED] - ValueFound = OfficerLists.find({ -> ... }): null

2020-05-29 23:44:29 - [MESSAGE][PASSED] - Call Test Case 'Test Cases/PFI Precision and Scale/HashMap Tables/OfficerLists' successfully

2020-05-29 23:44:29 - [TEST_STEP][PASSED] - println(ValueFound): null

2020-05-29 23:44:29 - [TEST_STEP][PASSED] - sendKeys(NewInputNmField, Keys.chord(ARROW_DOWN)): Keys 'DOWN + ' sent to object: 'Object Repository/Objects.HighlightElements/input_field_index'

2020-05-29 23:44:29 - [MESSAGE][PASSED] - Keys 'DOWN + ' sent to object: 'Object Repository/Objects.HighlightElements/input_field_index'

2020-05-29 23:44:29 - [TEST_STEP][PASSED] - sendKeys(NewInputNmField, Keys.chord(ARROW_DOWN)): Keys 'DOWN + ' sent to object: 'Object Repository/Objects.HighlightElements/input_field_index'

2020-05-29 23:44:30 - [MESSAGE][PASSED] - Keys 'DOWN + ' sent to object: 'Object Repository/Objects.HighlightElements/input_field_index'

2020-05-29 23:44:30 - [TEST_STEP][PASSED] - delay(DelayTime): Delayed 2 second(s)

2020-05-29 23:44:32 - [MESSAGE][PASSED] - Delayed 2 second(s)

2020-05-29 23:44:32 - [TEST_STEP][PASSED] - sendKeys(NewInputNmField, Keys.chord(ENTER)): Keys 'ENTER + ' sent to object: 'Object Repository/Objects.HighlightElements/input_field_index'

2020-05-29 23:44:32 - [MESSAGE][PASSED] - Keys 'ENTER + ' sent to object: 'Object Repository/Objects.HighlightElements/input_field_index'

2020-05-29 23:44:32 - [TEST_STEP][PASSED] - ComboBoxValue = getAttribute(NewInputNmField, "value"): Attribute 'value' of object 'Object Repository/Objects.HighlightElements/input_field_index' is: 'Mohd Jeffri Bin Abdul Rahim (MOHDJEFFRI)'

2020-05-29 23:44:33 - [MESSAGE][PASSED] - Attribute 'value' of object 'Object Repository/Objects.HighlightElements/input_field_index' is: 'Mohd Jeffri Bin Abdul Rahim (MOHDJEFFRI)'

2020-05-29 23:44:33 - [TEST_STEP][PASSED] - callTestCase(findTestCase(CallTCName), ["FindValue":ComboBoxValue, "DropdownNm":comboNm], STOP_ON_FAILURE): Call Test Case 'Test Cases/PFI Precision and Scale/HashMap Tables/OfficerLists' successfully

2020-05-29 23:44:33 - [TEST_CASE][PASSED] - Test Cases/PFI Precision and Scale/HashMap Tables/OfficerLists: Test Cases/PFI Precision and Scale/HashMap Tables/OfficerLists

2020-05-29 23:44:33 - [TEST_STEP][PASSED] - Thread.sleep(1000): null

2020-05-29 23:44:34 - [TEST_STEP][PASSED] - OfficerLists = [1:"Aaron Sham Wai Lun (AARON)", 2:"Azidah Bte Akmad (Mdm) (USAABD)", 3:"Chung Fong Nyen (USACFN)", 4:"David Tey Dah Wei (DAHWEI)", ... ]: null

2020-05-29 23:44:34 - [TEST_STEP][PASSED] - ValueFound = OfficerLists.find({ -> ... }): null

2020-05-29 23:44:34 - [MESSAGE][PASSED] - Call Test Case 'Test Cases/PFI Precision and Scale/HashMap Tables/OfficerLists' successfully

2020-05-29 23:44:34 - [TEST_STEP][PASSED] - println(ValueFound): null

2020-05-29 23:44:34 - [TEST_STEP][PASSED] - sendKeys(NewInputNmField, Keys.chord(ARROW_DOWN)): Keys 'DOWN + ' sent to object: 'Object Repository/Objects.HighlightElements/input_field_index'

2020-05-29 23:44:34 - [MESSAGE][PASSED] - Keys 'DOWN + ' sent to object: 'Object Repository/Objects.HighlightElements/input_field_index'

2020-05-29 23:44:34 - [TEST_STEP][PASSED] - sendKeys(NewInputNmField, Keys.chord(ARROW_DOWN)): Keys 'DOWN + ' sent to object: 'Object Repository/Objects.HighlightElements/input_field_index'

2020-05-29 23:44:34 - [MESSAGE][PASSED] - Keys 'DOWN + ' sent to object: 'Object Repository/Objects.HighlightElements/input_field_index'

2020-05-29 23:44:34 - [TEST_STEP][PASSED] - delay(DelayTime): Delayed 2 second(s)

2020-05-29 23:44:36 - [MESSAGE][PASSED] - Delayed 2 second(s)

2020-05-29 23:44:36 - [TEST_STEP][PASSED] - sendKeys(NewInputNmField, Keys.chord(ENTER)): Keys 'ENTER + ' sent to object: 'Object Repository/Objects.HighlightElements/input_field_index'

2020-05-29 23:44:37 - [MESSAGE][PASSED] - Keys 'ENTER + ' sent to object: 'Object Repository/Objects.HighlightElements/input_field_index'

2020-05-29 23:44:37 - [TEST_STEP][PASSED] - ComboBoxValue = getAttribute(NewInputNmField, "value"): Attribute 'value' of object 'Object Repository/Objects.HighlightElements/input_field_index' is: 'Richard Lim Fang Ping (FANGPING)'

2020-05-29 23:44:37 - [MESSAGE][PASSED] - Attribute 'value' of object 'Object Repository/Objects.HighlightElements/input_field_index' is: 'Richard Lim Fang Ping (FANGPING)'

2020-05-29 23:44:37 - [TEST_STEP][PASSED] - callTestCase(findTestCase(CallTCName), ["FindValue":ComboBoxValue, "DropdownNm":comboNm], STOP_ON_FAILURE): Call Test Case 'Test Cases/PFI Precision and Scale/HashMap Tables/OfficerLists' successfully

2020-05-29 23:44:37 - [TEST_CASE][PASSED] - Test Cases/PFI Precision and Scale/HashMap Tables/OfficerLists: Test Cases/PFI Precision and Scale/HashMap Tables/OfficerLists

2020-05-29 23:44:37 - [TEST_STEP][PASSED] - Thread.sleep(1000): null

2020-05-29 23:44:38 - [TEST_STEP][PASSED] - OfficerLists = [1:"Aaron Sham Wai Lun (AARON)", 2:"Azidah Bte Akmad (Mdm) (USAABD)", 3:"Chung Fong Nyen (USACFN)", 4:"David Tey Dah Wei (DAHWEI)", ... ]: null

2020-05-29 23:44:38 - [TEST_STEP][PASSED] - ValueFound = OfficerLists.find({ -> ... }): null

2020-05-29 23:44:38 - [MESSAGE][PASSED] - Call Test Case 'Test Cases/PFI Precision and Scale/HashMap Tables/OfficerLists' successfully

2020-05-29 23:44:38 - [TEST_STEP][PASSED] - println(ValueFound): null

2020-05-29 23:44:38 - [TEST_STEP][PASSED] - sendKeys(NewInputNmField, Keys.chord(ARROW_DOWN)): Keys 'DOWN + ' sent to object: 'Object Repository/Objects.HighlightElements/input_field_index'

2020-05-29 23:44:38 - [MESSAGE][PASSED] - Keys 'DOWN + ' sent to object: 'Object Repository/Objects.HighlightElements/input_field_index'

2020-05-29 23:44:38 - [TEST_STEP][PASSED] - sendKeys(NewInputNmField, Keys.chord(ARROW_DOWN)): Keys 'DOWN + ' sent to object: 'Object Repository/Objects.HighlightElements/input_field_index'

2020-05-29 23:44:39 - [MESSAGE][PASSED] - Keys 'DOWN + ' sent to object: 'Object Repository/Objects.HighlightElements/input_field_index'

2020-05-29 23:44:39 - [TEST_STEP][PASSED] - delay(DelayTime): Delayed 2 second(s)

2020-05-29 23:44:41 - [MESSAGE][PASSED] - Delayed 2 second(s)

2020-05-29 23:44:41 - [TEST_STEP][PASSED] - sendKeys(NewInputNmField, Keys.chord(ENTER)): Keys 'ENTER + ' sent to object: 'Object Repository/Objects.HighlightElements/input_field_index'

2020-05-29 23:44:41 - [MESSAGE][PASSED] - Keys 'ENTER + ' sent to object: 'Object Repository/Objects.HighlightElements/input_field_index'

2020-05-29 23:44:41 - [TEST_STEP][PASSED] - ComboBoxValue = getAttribute(NewInputNmField, "value"): Attribute 'value' of object 'Object Repository/Objects.HighlightElements/input_field_index' is: 'RITA WONG SIONG ING (RITAWONG)'

2020-05-29 23:44:42 - [MESSAGE][PASSED] - Attribute 'value' of object 'Object Repository/Objects.HighlightElements/input_field_index' is: 'RITA WONG SIONG ING (RITAWONG)'

2020-05-29 23:44:42 - [TEST_STEP][PASSED] - callTestCase(findTestCase(CallTCName), ["FindValue":ComboBoxValue, "DropdownNm":comboNm], STOP_ON_FAILURE): Call Test Case 'Test Cases/PFI Precision and Scale/HashMap Tables/OfficerLists' successfully

2020-05-29 23:44:42 - [TEST_CASE][PASSED] - Test Cases/PFI Precision and Scale/HashMap Tables/OfficerLists: Test Cases/PFI Precision and Scale/HashMap Tables/OfficerLists

2020-05-29 23:44:42 - [TEST_STEP][PASSED] - Thread.sleep(1000): null

2020-05-29 23:44:43 - [TEST_STEP][PASSED] - OfficerLists = [1:"Aaron Sham Wai Lun (AARON)", 2:"Azidah Bte Akmad (Mdm) (USAABD)", 3:"Chung Fong Nyen (USACFN)", 4:"David Tey Dah Wei (DAHWEI)", ... ]: null

2020-05-29 23:44:43 - [TEST_STEP][PASSED] - ValueFound = OfficerLists.find({ -> ... }): null

2020-05-29 23:44:43 - [MESSAGE][PASSED] - Call Test Case 'Test Cases/PFI Precision and Scale/HashMap Tables/OfficerLists' successfully

2020-05-29 23:44:43 - [TEST_STEP][PASSED] - println(ValueFound): null

2020-05-29 23:44:43 - [TEST_STEP][PASSED] - sendKeys(NewInputNmField, Keys.chord(ARROW_DOWN)): Keys 'DOWN + ' sent to object: 'Object Repository/Objects.HighlightElements/input_field_index'

2020-05-29 23:44:43 - [MESSAGE][PASSED] - Keys 'DOWN + ' sent to object: 'Object Repository/Objects.HighlightElements/input_field_index'

2020-05-29 23:44:43 - [TEST_STEP][PASSED] - sendKeys(NewInputNmField, Keys.chord(ARROW_DOWN)): Keys 'DOWN + ' sent to object: 'Object Repository/Objects.HighlightElements/input_field_index'

2020-05-29 23:44:43 - [MESSAGE][PASSED] - Keys 'DOWN + ' sent to object: 'Object Repository/Objects.HighlightElements/input_field_index'

2020-05-29 23:44:43 - [TEST_STEP][PASSED] - delay(DelayTime): Delayed 2 second(s)

2020-05-29 23:44:45 - [MESSAGE][PASSED] - Delayed 2 second(s)

2020-05-29 23:44:45 - [TEST_STEP][PASSED] - sendKeys(NewInputNmField, Keys.chord(ENTER)): Keys 'ENTER + ' sent to object: 'Object Repository/Objects.HighlightElements/input_field_index'

2020-05-29 23:44:46 - [MESSAGE][PASSED] - Keys 'ENTER + ' sent to object: 'Object Repository/Objects.HighlightElements/input_field_index'

2020-05-29 23:44:46 - [TEST_STEP][PASSED] - ComboBoxValue = getAttribute(NewInputNmField, "value"): Attribute 'value' of object 'Object Repository/Objects.HighlightElements/input_field_index' is: 'Shi Hong Wei (HONGWEI)'

2020-05-29 23:44:46 - [MESSAGE][PASSED] - Attribute 'value' of object 'Object Repository/Objects.HighlightElements/input_field_index' is: 'Shi Hong Wei (HONGWEI)'

2020-05-29 23:44:46 - [TEST_STEP][PASSED] - callTestCase(findTestCase(CallTCName), ["FindValue":ComboBoxValue, "DropdownNm":comboNm], STOP_ON_FAILURE): Call Test Case 'Test Cases/PFI Precision and Scale/HashMap Tables/OfficerLists' successfully

2020-05-29 23:44:46 - [TEST_CASE][PASSED] - Test Cases/PFI Precision and Scale/HashMap Tables/OfficerLists: Test Cases/PFI Precision and Scale/HashMap Tables/OfficerLists

2020-05-29 23:44:46 - [TEST_STEP][PASSED] - Thread.sleep(1000): null

2020-05-29 23:44:47 - [TEST_STEP][PASSED] - OfficerLists = [1:"Aaron Sham Wai Lun (AARON)", 2:"Azidah Bte Akmad (Mdm) (USAABD)", 3:"Chung Fong Nyen (USACFN)", 4:"David Tey Dah Wei (DAHWEI)", ... ]: null

2020-05-29 23:44:47 - [TEST_STEP][PASSED] - ValueFound = OfficerLists.find({ -> ... }): null

2020-05-29 23:44:47 - [MESSAGE][PASSED] - Call Test Case 'Test Cases/PFI Precision and Scale/HashMap Tables/OfficerLists' successfully

2020-05-29 23:44:47 - [TEST_STEP][PASSED] - println(ValueFound): null

2020-05-29 23:44:47 - [TEST_STEP][PASSED] - sendKeys(NewInputNmField, Keys.chord(ARROW_DOWN)): Keys 'DOWN + ' sent to object: 'Object Repository/Objects.HighlightElements/input_field_index'

2020-05-29 23:44:47 - [MESSAGE][PASSED] - Keys 'DOWN + ' sent to object: 'Object Repository/Objects.HighlightElements/input_field_index'

2020-05-29 23:44:47 - [TEST_STEP][PASSED] - sendKeys(NewInputNmField, Keys.chord(ARROW_DOWN)): Keys 'DOWN + ' sent to object: 'Object Repository/Objects.HighlightElements/input_field_index'

2020-05-29 23:44:48 - [MESSAGE][PASSED] - Keys 'DOWN + ' sent to object: 'Object Repository/Objects.HighlightElements/input_field_index'

2020-05-29 23:44:48 - [TEST_STEP][PASSED] - delay(DelayTime): Delayed 2 second(s)

2020-05-29 23:44:50 - [MESSAGE][PASSED] - Delayed 2 second(s)

2020-05-29 23:44:50 - [TEST_STEP][PASSED] - sendKeys(NewInputNmField, Keys.chord(ENTER)): Keys 'ENTER + ' sent to object: 'Object Repository/Objects.HighlightElements/input_field_index'

2020-05-29 23:44:50 - [MESSAGE][PASSED] - Keys 'ENTER + ' sent to object: 'Object Repository/Objects.HighlightElements/input_field_index'

2020-05-29 23:44:50 - [TEST_STEP][PASSED] - ComboBoxValue = getAttribute(NewInputNmField, "value"): Attribute 'value' of object 'Object Repository/Objects.HighlightElements/input_field_index' is: 'Tan Jing Ying (JINGYING)'

2020-05-29 23:44:51 - [MESSAGE][PASSED] - Attribute 'value' of object 'Object Repository/Objects.HighlightElements/input_field_index' is: 'Tan Jing Ying (JINGYING)'

2020-05-29 23:44:51 - [TEST_STEP][PASSED] - callTestCase(findTestCase(CallTCName), ["FindValue":ComboBoxValue, "DropdownNm":comboNm], STOP_ON_FAILURE): Call Test Case 'Test Cases/PFI Precision and Scale/HashMap Tables/OfficerLists' successfully

2020-05-29 23:44:51 - [TEST_CASE][PASSED] - Test Cases/PFI Precision and Scale/HashMap Tables/OfficerLists: Test Cases/PFI Precision and Scale/HashMap Tables/OfficerLists

2020-05-29 23:44:51 - [TEST_STEP][PASSED] - Thread.sleep(1000): null

2020-05-29 23:44:52 - [TEST_STEP][PASSED] - OfficerLists = [1:"Aaron Sham Wai Lun (AARON)", 2:"Azidah Bte Akmad (Mdm) (USAABD)", 3:"Chung Fong Nyen (USACFN)", 4:"David Tey Dah Wei (DAHWEI)", ... ]: null

2020-05-29 23:44:52 - [TEST_STEP][PASSED] - ValueFound = OfficerLists.find({ -> ... }): null

2020-05-29 23:44:52 - [MESSAGE][PASSED] - Call Test Case 'Test Cases/PFI Precision and Scale/HashMap Tables/OfficerLists' successfully

2020-05-29 23:44:52 - [TEST_STEP][PASSED] - println(ValueFound): null

2020-05-29 23:44:52 - [TEST_STEP][PASSED] - sendKeys(NewInputNmField, Keys.chord(ARROW_DOWN)): Keys 'DOWN + ' sent to object: 'Object Repository/Objects.HighlightElements/input_field_index'

2020-05-29 23:44:52 - [MESSAGE][PASSED] - Keys 'DOWN + ' sent to object: 'Object Repository/Objects.HighlightElements/input_field_index'

2020-05-29 23:44:52 - [TEST_STEP][PASSED] - sendKeys(NewInputNmField, Keys.chord(ARROW_DOWN)): Keys 'DOWN + ' sent to object: 'Object Repository/Objects.HighlightElements/input_field_index'

2020-05-29 23:44:52 - [MESSAGE][PASSED] - Keys 'DOWN + ' sent to object: 'Object Repository/Objects.HighlightElements/input_field_index'

2020-05-29 23:44:52 - [TEST_STEP][PASSED] - delay(DelayTime): Delayed 2 second(s)

2020-05-29 23:44:54 - [MESSAGE][PASSED] - Delayed 2 second(s)

2020-05-29 23:44:54 - [TEST_STEP][PASSED] - sendKeys(NewInputNmField, Keys.chord(ENTER)): Keys 'ENTER + ' sent to object: 'Object Repository/Objects.HighlightElements/input_field_index'

2020-05-29 23:44:55 - [MESSAGE][PASSED] - Keys 'ENTER + ' sent to object: 'Object Repository/Objects.HighlightElements/input_field_index'

2020-05-29 23:44:55 - [TEST_STEP][PASSED] - ComboBoxValue = getAttribute(NewInputNmField, "value"): Attribute 'value' of object 'Object Repository/Objects.HighlightElements/input_field_index' is: 'Tan Kwan Joo (KWANJOO)'

2020-05-29 23:44:55 - [MESSAGE][PASSED] - Attribute 'value' of object 'Object Repository/Objects.HighlightElements/input_field_index' is: 'Tan Kwan Joo (KWANJOO)'

2020-05-29 23:44:55 - [TEST_STEP][PASSED] - callTestCase(findTestCase(CallTCName), ["FindValue":ComboBoxValue, "DropdownNm":comboNm], STOP_ON_FAILURE): Call Test Case 'Test Cases/PFI Precision and Scale/HashMap Tables/OfficerLists' successfully

2020-05-29 23:44:55 - [TEST_CASE][PASSED] - Test Cases/PFI Precision and Scale/HashMap Tables/OfficerLists: Test Cases/PFI Precision and Scale/HashMap Tables/OfficerLists

2020-05-29 23:44:55 - [TEST_STEP][PASSED] - Thread.sleep(1000): null

2020-05-29 23:44:56 - [TEST_STEP][PASSED] - OfficerLists = [1:"Aaron Sham Wai Lun (AARON)", 2:"Azidah Bte Akmad (Mdm) (USAABD)", 3:"Chung Fong Nyen (USACFN)", 4:"David Tey Dah Wei (DAHWEI)", ... ]: null

2020-05-29 23:44:56 - [TEST_STEP][PASSED] - ValueFound = OfficerLists.find({ -> ... }): null

2020-05-29 23:44:56 - [MESSAGE][PASSED] - Call Test Case 'Test Cases/PFI Precision and Scale/HashMap Tables/OfficerLists' successfully

2020-05-29 23:44:56 - [TEST_STEP][PASSED] - println(ValueFound): null

2020-05-29 23:44:56 - [TEST_STEP][PASSED] - sendKeys(NewInputNmField, Keys.chord(ARROW_DOWN)): Keys 'DOWN + ' sent to object: 'Object Repository/Objects.HighlightElements/input_field_index'

2020-05-29 23:44:56 - [MESSAGE][PASSED] - Keys 'DOWN + ' sent to object: 'Object Repository/Objects.HighlightElements/input_field_index'

2020-05-29 23:44:56 - [TEST_STEP][PASSED] - sendKeys(NewInputNmField, Keys.chord(ARROW_DOWN)): Keys 'DOWN + ' sent to object: 'Object Repository/Objects.HighlightElements/input_field_index'

2020-05-29 23:44:57 - [MESSAGE][PASSED] - Keys 'DOWN + ' sent to object: 'Object Repository/Objects.HighlightElements/input_field_index'

2020-05-29 23:44:57 - [TEST_STEP][PASSED] - delay(DelayTime): Delayed 2 second(s)

2020-05-29 23:44:59 - [MESSAGE][PASSED] - Delayed 2 second(s)

2020-05-29 23:44:59 - [TEST_STEP][PASSED] - sendKeys(NewInputNmField, Keys.chord(ENTER)): Keys 'ENTER + ' sent to object: 'Object Repository/Objects.HighlightElements/input_field_index'

2020-05-29 23:44:59 - [MESSAGE][PASSED] - Keys 'ENTER + ' sent to object: 'Object Repository/Objects.HighlightElements/input_field_index'

2020-05-29 23:44:59 - [TEST_STEP][PASSED] - ComboBoxValue = getAttribute(NewInputNmField, "value"): Attribute 'value' of object 'Object Repository/Objects.HighlightElements/input_field_index' is: 'Titus Chua Hwa Ping (TITUS)'

2020-05-29 23:45:00 - [MESSAGE][PASSED] - Attribute 'value' of object 'Object Repository/Objects.HighlightElements/input_field_index' is: 'Titus Chua Hwa Ping (TITUS)'

2020-05-29 23:45:00 - [TEST_STEP][PASSED] - callTestCase(findTestCase(CallTCName), ["FindValue":ComboBoxValue, "DropdownNm":comboNm], STOP_ON_FAILURE): Call Test Case 'Test Cases/PFI Precision and Scale/HashMap Tables/OfficerLists' successfully

2020-05-29 23:45:00 - [TEST_CASE][PASSED] - Test Cases/PFI Precision and Scale/HashMap Tables/OfficerLists: Test Cases/PFI Precision and Scale/HashMap Tables/OfficerLists

2020-05-29 23:45:00 - [TEST_STEP][PASSED] - Thread.sleep(1000): null

2020-05-29 23:45:01 - [TEST_STEP][PASSED] - OfficerLists = [1:"Aaron Sham Wai Lun (AARON)", 2:"Azidah Bte Akmad (Mdm) (USAABD)", 3:"Chung Fong Nyen (USACFN)", 4:"David Tey Dah Wei (DAHWEI)", ... ]: null

2020-05-29 23:45:01 - [TEST_STEP][PASSED] - ValueFound = OfficerLists.find({ -> ... }): null

2020-05-29 23:45:01 - [MESSAGE][PASSED] - Call Test Case 'Test Cases/PFI Precision and Scale/HashMap Tables/OfficerLists' successfully

2020-05-29 23:45:01 - [TEST_STEP][PASSED] - println(ValueFound): null

2020-05-29 23:45:01 - [TEST_STEP][PASSED] - sendKeys(NewInputNmField, Keys.chord(ARROW_DOWN)): Keys 'DOWN + ' sent to object: 'Object Repository/Objects.HighlightElements/input_field_index'

2020-05-29 23:45:01 - [MESSAGE][PASSED] - Keys 'DOWN + ' sent to object: 'Object Repository/Objects.HighlightElements/input_field_index'

2020-05-29 23:45:01 - [TEST_STEP][PASSED] - sendKeys(NewInputNmField, Keys.chord(ENTER)): Keys 'ENTER + ' sent to object: 'Object Repository/Objects.HighlightElements/input_field_index'

2020-05-29 23:45:01 - [MESSAGE][PASSED] - Keys 'ENTER + ' sent to object: 'Object Repository/Objects.HighlightElements/input_field_index'

2020-05-29 23:45:01 - [MESSAGE][PASSED] - Call Test Case 'Test Cases/PFI Precision and Scale/PFI Components with Indexing/VerifyDropdownValuesXPI' successfully

2020-05-29 23:45:01 - [TEST_STEP][PASSED] - callTestCase(findTestCase("Components/SelectAllThenDeleteIndex"), ["nameToBeUsed":"officer", "index":"1"], STOP_ON_FAILURE): Call Test Case 'Test Cases/Components/SelectAllThenDeleteIndex' successfully

2020-05-29 23:45:01 - [TEST_CASE][PASSED] - Test Cases/Components/SelectAllThenDeleteIndex: Test Cases/Components/SelectAllThenDeleteIndex

2020-05-29 23:45:02 - [TEST_STEP][PASSED] - Thread.sleep(1000): null

2020-05-29 23:45:03 - [TEST_STEP][PASSED] - modifiedObj = modifyObjectProperty(findTestObject("Object Repository/Objects.HighlightElements/input_field_index"), "xpath", "equals", "(//*[contains(@class,'x-form-text') and (@name='" + nameToBeUsed + "')])[" + index + "]", true): Modify property of object successfully

2020-05-29 23:45:03 - [MESSAGE][PASSED] - Modify property of object successfully

2020-05-29 23:45:03 - [TEST_STEP][PASSED] - focus(modifiedObj): Object: 'Object Repository/Objects.HighlightElements/input_field_index' is focused

2020-05-29 23:45:03 - [MESSAGE][PASSED] - Object: 'Object Repository/Objects.HighlightElements/input_field_index' is focused

2020-05-29 23:45:03 - [TEST_STEP][PASSED] - sendKeys(modifiedObj, Keys.chord(CONTROL, "a")): Keys 'CONTROL + a' sent to object: 'Object Repository/Objects.HighlightElements/input_field_index'

2020-05-29 23:45:03 - [MESSAGE][PASSED] - Keys 'CONTROL + a' sent to object: 'Object Repository/Objects.HighlightElements/input_field_index'

2020-05-29 23:45:03 - [TEST_STEP][PASSED] - sendKeys(modifiedObj, Keys.chord(DELETE)): Keys 'DELETE + ' sent to object: 'Object Repository/Objects.HighlightElements/input_field_index'

2020-05-29 23:45:03 - [MESSAGE][PASSED] - Keys 'DELETE + ' sent to object: 'Object Repository/Objects.HighlightElements/input_field_index'

2020-05-29 23:45:03 - [MESSAGE][PASSED] - Call Test Case 'Test Cases/Components/SelectAllThenDeleteIndex' successfully

2020-05-29 23:45:03 - [TEST_STEP][PASSED] - callTestCase(findTestCase("PFI Precision and Scale/PFI Components with Indexing/RequiredFieldValidationIndex"), ["nameToBeUsed":"officer", "index":1], STOP_ON_FAILURE): Call Test Case 'Test Cases/PFI Precision and Scale/PFI Components with Indexing/RequiredFieldValidationIndex' successfully

2020-05-29 23:45:04 - [TEST_CASE][PASSED] - Test Cases/PFI Precision and Scale/PFI Components with Indexing/RequiredFieldValidationIndex: Test Cases/PFI Precision and Scale/PFI Components with Indexing/RequiredFieldValidationIndex

2020-05-29 23:45:04 - [TEST_STEP][PASSED] - enableSmartWait(): null

2020-05-29 23:45:04 - [TEST_STEP][PASSED] - NewInputNmField = modifyObjectProperty(findTestObject("Objects.HighlightElements/input_field_index"), "xpath", "equals", "(//*[contains(@class,'x-form-text') and (@name='" + nameToBeUsed + "')])[" + index + "]", true): Modify property of object successfully

2020-05-29 23:45:04 - [MESSAGE][PASSED] - Modify property of object successfully

2020-05-29 23:45:04 - [TEST_STEP][PASSED] - mouseOver(NewInputNmField): Object: 'Object Repository/Objects.HighlightElements/input_field_index' is hovered

2020-05-29 23:45:04 - [MESSAGE][PASSED] - Object: 'Object Repository/Objects.HighlightElements/input_field_index' is hovered

2020-05-29 23:45:04 - [TEST_STEP][PASSED] - getRqErrMsg = getAttribute(NewInputNmField, "data-errorqtip"): Attribute 'data-errorqtip' of object 'Object Repository/Objects.HighlightElements/input_field_index' is: '<ul class="x-list-plain"><li>This field is required</li></ul>'

2020-05-29 23:45:04 - [MESSAGE][PASSED] - Attribute 'data-errorqtip' of object 'Object Repository/Objects.HighlightElements/input_field_index' is: '<ul class="x-list-plain"><li>This field is required</li></ul>'

2020-05-29 23:45:04 - [TEST_STEP][PASSED] - strToolTip = getRqErrMsg.substring(29, 61): null

2020-05-29 23:45:04 - [TEST_STEP][PASSED] - toolTipReqErrMsg = strToolTip.substring(0, 22): null

2020-05-29 23:45:04 - [TEST_STEP][PASSED] - verifyMatch(toolTipReqErrMsg, RqField, true): Actual text 'This field is required' and expected text 'This field is required' are matched  using regular expression

2020-05-29 23:45:04 - [MESSAGE][PASSED] - Actual text 'This field is required' and expected text 'This field is required' are matched  using regular expression

2020-05-29 23:45:04 - [MESSAGE][PASSED] - Call Test Case 'Test Cases/PFI Precision and Scale/PFI Components with Indexing/RequiredFieldValidationIndex' successfully

2020-05-29 23:45:04 - [TEST_STEP][PASSED] - callTestCase(findTestCase("Components/HighlightLabelFieldXPI"), ["LblName":"Weightage", "index":1], STOP_ON_FAILURE): Call Test Case 'Test Cases/Components/HighlightLabelFieldXPI' successfully

2020-05-29 23:45:04 - [TEST_CASE][PASSED] - Test Cases/Components/HighlightLabelFieldXPI: Test Cases/Components/HighlightLabelFieldXPI

2020-05-29 23:45:04 - [TEST_STEP][PASSED] - Thread.sleep(1000): null

2020-05-29 23:45:05 - [TEST_STEP][PASSED] - modifiedLblNm = modifyObjectProperty(findTestObject("Object Repository/Objects.HighlightElements/lblField_index"), "xpath", "equals", "(//*[contains(@class, 'x-form-item-label-inner x-form-item-label-inner-default') and contains(., '" + LblName + "')])[" + index + "]", true): Modify property of object successfully

2020-05-29 23:45:05 - [MESSAGE][PASSED] - Modify property of object successfully

2020-05-29 23:45:05 - [TEST_STEP][PASSED] - com.reusableComponents.HighlightElement.run(modifiedLblNm): com.reusableComponents.HighlightElement.run is PASSED

2020-05-29 23:45:06 - [MESSAGE][PASSED] - com.reusableComponents.HighlightElement.run is PASSED

2020-05-29 23:45:06 - [MESSAGE][PASSED] - Call Test Case 'Test Cases/Components/HighlightLabelFieldXPI' successfully

2020-05-29 23:45:06 - [TEST_STEP][PASSED] - callTestCase(findTestCase("Components/HighlightInputFieldXPI"), ["FldNm":"inspWeight", "index":1], STOP_ON_FAILURE): Call Test Case 'Test Cases/Components/HighlightInputFieldXPI' successfully

2020-05-29 23:45:06 - [TEST_CASE][PASSED] - Test Cases/Components/HighlightInputFieldXPI: Test Cases/Components/HighlightInputFieldXPI

2020-05-29 23:45:06 - [TEST_STEP][PASSED] - Thread.sleep(1000): null

2020-05-29 23:45:07 - [TEST_STEP][PASSED] - modifiedInputNm = modifyObjectProperty(findTestObject("Object Repository/Objects.HighlightElements/input_field_index"), "xpath", "equals", "(//*[contains(@name, '" + FldNm + "')])[" + index + "]", true): Modify property of object successfully

2020-05-29 23:45:07 - [MESSAGE][PASSED] - Modify property of object successfully

2020-05-29 23:45:07 - [TEST_STEP][PASSED] - com.reusableComponents.HighlightElement.run(modifiedInputNm): com.reusableComponents.HighlightElement.run is PASSED

2020-05-29 23:45:08 - [MESSAGE][PASSED] - com.reusableComponents.HighlightElement.run is PASSED

2020-05-29 23:45:08 - [MESSAGE][PASSED] - Call Test Case 'Test Cases/Components/HighlightInputFieldXPI' successfully

2020-05-29 23:45:08 - [TEST_STEP][PASSED] - callTestCase(findTestCase("PFI Precision and Scale/PFI Components/NumericTextboxValidationII"), ["nameToBeUsed":"inspWeight", "minLen":5], STOP_ON_FAILURE): Call Test Case 'Test Cases/PFI Precision and Scale/PFI Components/NumericTextboxValidationII' successfully

2020-05-29 23:45:08 - [TEST_CASE][PASSED] - Test Cases/PFI Precision and Scale/PFI Components/NumericTextboxValidationII: Test Cases/PFI Precision and Scale/PFI Components/NumericTextboxValidationII

2020-05-29 23:45:08 - [TEST_STEP][PASSED] - Thread.sleep(1000): null

2020-05-29 23:45:09 - [TEST_STEP][PASSED] - Numeric = "0123456789": null

2020-05-29 23:45:09 - [TEST_STEP][PASSED] - AlphaSpecialChar = z) + "`~!@#$%^&*()=_{}|\][;'":,?><"".join(): null

2020-05-29 23:45:09 - [TEST_STEP][PASSED] - RandomNumeric = RandomStringUtils.random(minLen, Numeric.toCharArray()): null

2020-05-29 23:45:09 - [TEST_STEP][PASSED] - RandomString = RandomStringUtils.random(minLen, AlphaSpecialChar): null

2020-05-29 23:45:09 - [TEST_STEP][PASSED] - regexPat = Pattern.compile("^[0-9]+$"): null

2020-05-29 23:45:09 - [TEST_STEP][PASSED] - NewInputNmField = modifyObjectProperty(findTestObject("Objects.RemarksValidation/input_Remarks"), "name", "equals", nameToBeUsed, true): Modify property of object successfully

2020-05-29 23:45:09 - [MESSAGE][PASSED] - Modify property of object successfully

2020-05-29 23:45:09 - [TEST_STEP][PASSED] - focus(NewInputNmField): Object: 'Object Repository/Objects.RemarksValidation/input_Remarks' is focused

2020-05-29 23:45:09 - [MESSAGE][PASSED] - Object: 'Object Repository/Objects.RemarksValidation/input_Remarks' is focused

2020-05-29 23:45:09 - [TEST_STEP][PASSED] - setText(NewInputNmField, RandomString): Text '%FFr$' is set on object 'Object Repository/Objects.RemarksValidation/input_Remarks'

2020-05-29 23:45:10 - [MESSAGE][PASSED] - Text '%FFr$' is set on object 'Object Repository/Objects.RemarksValidation/input_Remarks'

2020-05-29 23:45:10 - [TEST_STEP][PASSED] - GetInputVal = getAttribute(NewInputNmField, "value"): Attribute 'value' of object 'Object Repository/Objects.RemarksValidation/input_Remarks' is: ''

2020-05-29 23:45:10 - [MESSAGE][PASSED] - Attribute 'value' of object 'Object Repository/Objects.RemarksValidation/input_Remarks' is: ''

2020-05-29 23:45:10 - [TEST_STEP][PASSED] - if (GetInputVal.contains("e")): null

2020-05-29 23:45:10 - [TEST_STEP][PASSED] - else: Actual text '' and expected text '' are matched  using regular expression

2020-05-29 23:45:10 - [TEST_STEP][PASSED] - verifyMatch(GetInputVal, "", true): Actual text '' and expected text '' are matched  using regular expression

2020-05-29 23:45:10 - [MESSAGE][PASSED] - Actual text '' and expected text '' are matched  using regular expression

2020-05-29 23:45:10 - [TEST_STEP][PASSED] - setText(NewInputNmField, RandomNumeric): Text '04177' is set on object 'Object Repository/Objects.RemarksValidation/input_Remarks'

2020-05-29 23:45:11 - [MESSAGE][PASSED] - Text '04177' is set on object 'Object Repository/Objects.RemarksValidation/input_Remarks'

2020-05-29 23:45:11 - [TEST_STEP][PASSED] - GetEnteredIntegers = getAttribute(NewInputNmField, "value"): Attribute 'value' of object 'Object Repository/Objects.RemarksValidation/input_Remarks' is: '04177'

2020-05-29 23:45:11 - [MESSAGE][PASSED] - Attribute 'value' of object 'Object Repository/Objects.RemarksValidation/input_Remarks' is: '04177'

2020-05-29 23:45:11 - [TEST_STEP][PASSED] - matchStr = regexPat.matcher(GetEnteredIntegers): null

2020-05-29 23:45:11 - [TEST_STEP][PASSED] - if (matchStr.matches() == true): Accepting Numeric

2020-05-29 23:45:11 - [TEST_STEP][PASSED] - comment("Accepting Numeric"): Accepting Numeric

2020-05-29 23:45:11 - [MESSAGE][INFO] - Accepting Numeric

2020-05-29 23:45:11 - [MESSAGE][PASSED] - Call Test Case 'Test Cases/PFI Precision and Scale/PFI Components/NumericTextboxValidationII' successfully

2020-05-29 23:45:11 - [TEST_STEP][PASSED] - callTestCase(findTestCase("PFI Precision and Scale/PFI Components with Indexing/SpinnerUpIndex"), ["InputName":"inspWeight", "nmIndex":1, "indexUp":2, "itr":10], STOP_ON_FAILURE): Call Test Case 'Test Cases/PFI Precision and Scale/PFI Components with Indexing/SpinnerUpIndex' successfully

2020-05-29 23:45:11 - [TEST_CASE][PASSED] - Test Cases/PFI Precision and Scale/PFI Components with Indexing/SpinnerUpIndex: Test Cases/PFI Precision and Scale/PFI Components with Indexing/SpinnerUpIndex

2020-05-29 23:45:12 - [TEST_STEP][PASSED] - Thread.sleep(1000): null

2020-05-29 23:45:13 - [TEST_STEP][PASSED] - counterUp = modifyObjectProperty(findTestObject("Objects.CounterValidation/counter_icon_up"), "xpath", "equals", "(//*[contains(@class,'x-form-spinner x-form-spinner-default x-form-spinner-up x-form-spinner-up-default ')])[" + indexUp + "]", true): Modify property of object successfully

2020-05-29 23:45:13 - [MESSAGE][PASSED] - Modify property of object successfully

2020-05-29 23:45:13 - [TEST_STEP][PASSED] - modifiedInputNm = modifyObjectProperty(findTestObject("Object Repository/Objects.HighlightElements/input_field_index"), "xpath", "equals", "(//*[contains(@class,'x-form-text') and (@name='" + InputName + "')])[" + nmIndex + "]", true): Modify property of object successfully

2020-05-29 23:45:13 - [MESSAGE][PASSED] - Modify property of object successfully

2020-05-29 23:45:13 - [TEST_STEP][PASSED] - GetCurrentValue = getAttribute(modifiedInputNm, "value"): Attribute 'value' of object 'Object Repository/Objects.HighlightElements/input_field_index' is: '04177'

2020-05-29 23:45:13 - [MESSAGE][PASSED] - Attribute 'value' of object 'Object Repository/Objects.HighlightElements/input_field_index' is: '04177'

2020-05-29 23:45:13 - [TEST_STEP][PASSED] - for ([i = 0, i <= itr, (i++)]): Object: 'Object Repository/Objects.CounterValidation/counter_icon_up' is clicked on

2020-05-29 23:45:13 - [TEST_STEP][PASSED] - click(counterUp): Object: 'Object Repository/Objects.CounterValidation/counter_icon_up' is clicked on

2020-05-29 23:45:13 - [MESSAGE][PASSED] - Object: 'Object Repository/Objects.CounterValidation/counter_icon_up' is clicked on

2020-05-29 23:45:13 - [TEST_STEP][PASSED] - click(counterUp): Object: 'Object Repository/Objects.CounterValidation/counter_icon_up' is clicked on

2020-05-29 23:45:14 - [MESSAGE][PASSED] - Object: 'Object Repository/Objects.CounterValidation/counter_icon_up' is clicked on

2020-05-29 23:45:14 - [TEST_STEP][PASSED] - click(counterUp): Object: 'Object Repository/Objects.CounterValidation/counter_icon_up' is clicked on

2020-05-29 23:45:14 - [MESSAGE][PASSED] - Object: 'Object Repository/Objects.CounterValidation/counter_icon_up' is clicked on

2020-05-29 23:45:14 - [TEST_STEP][PASSED] - click(counterUp): Object: 'Object Repository/Objects.CounterValidation/counter_icon_up' is clicked on

2020-05-29 23:45:14 - [MESSAGE][PASSED] - Object: 'Object Repository/Objects.CounterValidation/counter_icon_up' is clicked on

2020-05-29 23:45:14 - [TEST_STEP][PASSED] - click(counterUp): Object: 'Object Repository/Objects.CounterValidation/counter_icon_up' is clicked on

2020-05-29 23:45:14 - [MESSAGE][PASSED] - Object: 'Object Repository/Objects.CounterValidation/counter_icon_up' is clicked on

2020-05-29 23:45:14 - [TEST_STEP][PASSED] - click(counterUp): Object: 'Object Repository/Objects.CounterValidation/counter_icon_up' is clicked on

2020-05-29 23:45:15 - [MESSAGE][PASSED] - Object: 'Object Repository/Objects.CounterValidation/counter_icon_up' is clicked on

2020-05-29 23:45:15 - [TEST_STEP][PASSED] - click(counterUp): Object: 'Object Repository/Objects.CounterValidation/counter_icon_up' is clicked on

2020-05-29 23:45:15 - [MESSAGE][PASSED] - Object: 'Object Repository/Objects.CounterValidation/counter_icon_up' is clicked on

2020-05-29 23:45:15 - [TEST_STEP][PASSED] - click(counterUp): Object: 'Object Repository/Objects.CounterValidation/counter_icon_up' is clicked on

2020-05-29 23:45:15 - [MESSAGE][PASSED] - Object: 'Object Repository/Objects.CounterValidation/counter_icon_up' is clicked on

2020-05-29 23:45:15 - [TEST_STEP][PASSED] - click(counterUp): Object: 'Object Repository/Objects.CounterValidation/counter_icon_up' is clicked on

2020-05-29 23:45:15 - [MESSAGE][PASSED] - Object: 'Object Repository/Objects.CounterValidation/counter_icon_up' is clicked on

2020-05-29 23:45:15 - [TEST_STEP][PASSED] - click(counterUp): Object: 'Object Repository/Objects.CounterValidation/counter_icon_up' is clicked on

2020-05-29 23:45:16 - [MESSAGE][PASSED] - Object: 'Object Repository/Objects.CounterValidation/counter_icon_up' is clicked on

2020-05-29 23:45:16 - [TEST_STEP][PASSED] - click(counterUp): Object: 'Object Repository/Objects.CounterValidation/counter_icon_up' is clicked on

2020-05-29 23:45:16 - [MESSAGE][PASSED] - Object: 'Object Repository/Objects.CounterValidation/counter_icon_up' is clicked on

2020-05-29 23:45:16 - [TEST_STEP][PASSED] - NewValue = getAttribute(modifiedInputNm, "value"): Attribute 'value' of object 'Object Repository/Objects.HighlightElements/input_field_index' is: '4188'

2020-05-29 23:45:16 - [MESSAGE][PASSED] - Attribute 'value' of object 'Object Repository/Objects.HighlightElements/input_field_index' is: '4188'

2020-05-29 23:45:16 - [TEST_STEP][PASSED] - if (NewValue != findTestData("PrecisionAndScaleDB").getValue("MaxCharacters", 7)): Actual number '4188' is greater than expected number '04177'

2020-05-29 23:45:16 - [TEST_STEP][PASSED] - verifyGreaterThan(NewValue, GetCurrentValue, STOP_ON_FAILURE): Actual number '4188' is greater than expected number '04177'

2020-05-29 23:45:16 - [MESSAGE][PASSED] - Actual number '4188' is greater than expected number '04177'

2020-05-29 23:45:16 - [MESSAGE][PASSED] - Call Test Case 'Test Cases/PFI Precision and Scale/PFI Components with Indexing/SpinnerUpIndex' successfully

2020-05-29 23:45:16 - [TEST_STEP][PASSED] - callTestCase(findTestCase("PFI Precision and Scale/PFI Components with Indexing/SpinnerDownIndex"), ["InputName":"inspWeight", "nmIndex":1, "indexDown":2, "itr":20], STOP_ON_FAILURE): Call Test Case 'Test Cases/PFI Precision and Scale/PFI Components with Indexing/SpinnerDownIndex' successfully

2020-05-29 23:45:16 - [TEST_CASE][PASSED] - Test Cases/PFI Precision and Scale/PFI Components with Indexing/SpinnerDownIndex: Test Cases/PFI Precision and Scale/PFI Components with Indexing/SpinnerDownIndex

2020-05-29 23:45:16 - [TEST_STEP][PASSED] - Thread.sleep(1000): null

2020-05-29 23:45:17 - [TEST_STEP][PASSED] - counterUp = modifyObjectProperty(findTestObject("Objects.CounterValidation/counter_icon_up"), "xpath", "equals", "(//*[contains(@class,'x-form-spinner x-form-spinner-default x-form-spinner-down x-form-spinner-down-default ')])[" + indexDown + "]", true): Modify property of object successfully

2020-05-29 23:45:17 - [MESSAGE][PASSED] - Modify property of object successfully

2020-05-29 23:45:17 - [TEST_STEP][PASSED] - modifiedInputNm = modifyObjectProperty(findTestObject("Object Repository/Objects.HighlightElements/input_field_index"), "xpath", "equals", "(//*[contains(@class,'x-form-text') and (@name='" + InputName + "')])[" + nmIndex + "]", true): Modify property of object successfully

2020-05-29 23:45:18 - [MESSAGE][PASSED] - Modify property of object successfully

2020-05-29 23:45:18 - [TEST_STEP][PASSED] - GetCurrentValue = getAttribute(modifiedInputNm, "value"): Attribute 'value' of object 'Object Repository/Objects.HighlightElements/input_field_index' is: '4188'

2020-05-29 23:45:18 - [MESSAGE][PASSED] - Attribute 'value' of object 'Object Repository/Objects.HighlightElements/input_field_index' is: '4188'

2020-05-29 23:45:18 - [TEST_STEP][PASSED] - for ([i = 0, i <= itr, (i++)]): Object: 'Object Repository/Objects.CounterValidation/counter_icon_up' is clicked on

2020-05-29 23:45:18 - [TEST_STEP][PASSED] - click(counterUp): Object: 'Object Repository/Objects.CounterValidation/counter_icon_up' is clicked on

2020-05-29 23:45:18 - [MESSAGE][PASSED] - Object: 'Object Repository/Objects.CounterValidation/counter_icon_up' is clicked on

2020-05-29 23:45:18 - [TEST_STEP][PASSED] - click(counterUp): Object: 'Object Repository/Objects.CounterValidation/counter_icon_up' is clicked on

2020-05-29 23:45:18 - [MESSAGE][PASSED] - Object: 'Object Repository/Objects.CounterValidation/counter_icon_up' is clicked on

2020-05-29 23:45:18 - [TEST_STEP][PASSED] - click(counterUp): Object: 'Object Repository/Objects.CounterValidation/counter_icon_up' is clicked on

2020-05-29 23:45:19 - [MESSAGE][PASSED] - Object: 'Object Repository/Objects.CounterValidation/counter_icon_up' is clicked on

2020-05-29 23:45:19 - [TEST_STEP][PASSED] - click(counterUp): Object: 'Object Repository/Objects.CounterValidation/counter_icon_up' is clicked on

2020-05-29 23:45:19 - [MESSAGE][PASSED] - Object: 'Object Repository/Objects.CounterValidation/counter_icon_up' is clicked on

2020-05-29 23:45:19 - [TEST_STEP][PASSED] - click(counterUp): Object: 'Object Repository/Objects.CounterValidation/counter_icon_up' is clicked on

2020-05-29 23:45:19 - [MESSAGE][PASSED] - Object: 'Object Repository/Objects.CounterValidation/counter_icon_up' is clicked on

2020-05-29 23:45:19 - [TEST_STEP][PASSED] - click(counterUp): Object: 'Object Repository/Objects.CounterValidation/counter_icon_up' is clicked on

2020-05-29 23:45:19 - [MESSAGE][PASSED] - Object: 'Object Repository/Objects.CounterValidation/counter_icon_up' is clicked on

2020-05-29 23:45:19 - [TEST_STEP][PASSED] - click(counterUp): Object: 'Object Repository/Objects.CounterValidation/counter_icon_up' is clicked on

2020-05-29 23:45:20 - [MESSAGE][PASSED] - Object: 'Object Repository/Objects.CounterValidation/counter_icon_up' is clicked on

2020-05-29 23:45:20 - [TEST_STEP][PASSED] - click(counterUp): Object: 'Object Repository/Objects.CounterValidation/counter_icon_up' is clicked on

2020-05-29 23:45:20 - [MESSAGE][PASSED] - Object: 'Object Repository/Objects.CounterValidation/counter_icon_up' is clicked on

2020-05-29 23:45:20 - [TEST_STEP][PASSED] - click(counterUp): Object: 'Object Repository/Objects.CounterValidation/counter_icon_up' is clicked on

2020-05-29 23:45:20 - [MESSAGE][PASSED] - Object: 'Object Repository/Objects.CounterValidation/counter_icon_up' is clicked on

2020-05-29 23:45:20 - [TEST_STEP][PASSED] - click(counterUp): Object: 'Object Repository/Objects.CounterValidation/counter_icon_up' is clicked on

2020-05-29 23:45:20 - [MESSAGE][PASSED] - Object: 'Object Repository/Objects.CounterValidation/counter_icon_up' is clicked on

2020-05-29 23:45:20 - [TEST_STEP][PASSED] - click(counterUp): Object: 'Object Repository/Objects.CounterValidation/counter_icon_up' is clicked on

2020-05-29 23:45:21 - [MESSAGE][PASSED] - Object: 'Object Repository/Objects.CounterValidation/counter_icon_up' is clicked on

2020-05-29 23:45:21 - [TEST_STEP][PASSED] - click(counterUp): Object: 'Object Repository/Objects.CounterValidation/counter_icon_up' is clicked on

2020-05-29 23:45:21 - [MESSAGE][PASSED] - Object: 'Object Repository/Objects.CounterValidation/counter_icon_up' is clicked on

2020-05-29 23:45:21 - [TEST_STEP][PASSED] - click(counterUp): Object: 'Object Repository/Objects.CounterValidation/counter_icon_up' is clicked on

2020-05-29 23:45:21 - [MESSAGE][PASSED] - Object: 'Object Repository/Objects.CounterValidation/counter_icon_up' is clicked on

2020-05-29 23:45:21 - [TEST_STEP][PASSED] - click(counterUp): Object: 'Object Repository/Objects.CounterValidation/counter_icon_up' is clicked on

2020-05-29 23:45:22 - [MESSAGE][PASSED] - Object: 'Object Repository/Objects.CounterValidation/counter_icon_up' is clicked on

2020-05-29 23:45:22 - [TEST_STEP][PASSED] - click(counterUp): Object: 'Object Repository/Objects.CounterValidation/counter_icon_up' is clicked on

2020-05-29 23:45:22 - [MESSAGE][PASSED] - Object: 'Object Repository/Objects.CounterValidation/counter_icon_up' is clicked on

2020-05-29 23:45:22 - [TEST_STEP][PASSED] - click(counterUp): Object: 'Object Repository/Objects.CounterValidation/counter_icon_up' is clicked on

2020-05-29 23:45:22 - [MESSAGE][PASSED] - Object: 'Object Repository/Objects.CounterValidation/counter_icon_up' is clicked on

2020-05-29 23:45:22 - [TEST_STEP][PASSED] - click(counterUp): Object: 'Object Repository/Objects.CounterValidation/counter_icon_up' is clicked on

2020-05-29 23:45:22 - [MESSAGE][PASSED] - Object: 'Object Repository/Objects.CounterValidation/counter_icon_up' is clicked on

2020-05-29 23:45:22 - [TEST_STEP][PASSED] - click(counterUp): Object: 'Object Repository/Objects.CounterValidation/counter_icon_up' is clicked on

2020-05-29 23:45:23 - [MESSAGE][PASSED] - Object: 'Object Repository/Objects.CounterValidation/counter_icon_up' is clicked on

2020-05-29 23:45:23 - [TEST_STEP][PASSED] - click(counterUp): Object: 'Object Repository/Objects.CounterValidation/counter_icon_up' is clicked on

2020-05-29 23:45:23 - [MESSAGE][PASSED] - Object: 'Object Repository/Objects.CounterValidation/counter_icon_up' is clicked on

2020-05-29 23:45:23 - [TEST_STEP][PASSED] - click(counterUp): Object: 'Object Repository/Objects.CounterValidation/counter_icon_up' is clicked on

2020-05-29 23:45:23 - [MESSAGE][PASSED] - Object: 'Object Repository/Objects.CounterValidation/counter_icon_up' is clicked on

2020-05-29 23:45:23 - [TEST_STEP][PASSED] - click(counterUp): Object: 'Object Repository/Objects.CounterValidation/counter_icon_up' is clicked on

2020-05-29 23:45:23 - [MESSAGE][PASSED] - Object: 'Object Repository/Objects.CounterValidation/counter_icon_up' is clicked on

2020-05-29 23:45:23 - [TEST_STEP][PASSED] - NewValue = getAttribute(modifiedInputNm, "value"): Attribute 'value' of object 'Object Repository/Objects.HighlightElements/input_field_index' is: '4167'

2020-05-29 23:45:24 - [MESSAGE][PASSED] - Attribute 'value' of object 'Object Repository/Objects.HighlightElements/input_field_index' is: '4167'

2020-05-29 23:45:24 - [TEST_STEP][PASSED] - if (NewValue != 0): Actual number '4167' is less than expected number '4188'

2020-05-29 23:45:24 - [TEST_STEP][PASSED] - verifyLessThan(NewValue, GetCurrentValue, STOP_ON_FAILURE): Actual number '4167' is less than expected number '4188'

2020-05-29 23:45:24 - [MESSAGE][PASSED] - Actual number '4167' is less than expected number '4188'

2020-05-29 23:45:24 - [MESSAGE][PASSED] - Call Test Case 'Test Cases/PFI Precision and Scale/PFI Components with Indexing/SpinnerDownIndex' successfully

2020-05-29 23:45:24 - [TEST_STEP][PASSED] - callTestCase(findTestCase("PFI Precision and Scale/PFI Components with Indexing/MaxNumericValidationIndex"), ["InputName":"inspWeight", "index":1, "numLength":11], STOP_ON_FAILURE): Call Test Case 'Test Cases/PFI Precision and Scale/PFI Components with Indexing/MaxNumericValidationIndex' successfully

2020-05-29 23:45:24 - [TEST_CASE][PASSED] - Test Cases/PFI Precision and Scale/PFI Components with Indexing/MaxNumericValidationIndex: Test Cases/PFI Precision and Scale/PFI Components with Indexing/MaxNumericValidationIndex

2020-05-29 23:45:24 - [TEST_STEP][PASSED] - Thread.sleep(1000): null

2020-05-29 23:45:25 - [TEST_STEP][PASSED] - NumLengthTBL = ["inspWeight":10, "noOfBldg":10, "postalCode":6]: null

2020-05-29 23:45:25 - [TEST_STEP][PASSED] - generateRandomNum = RandomStringUtils.randomNumeric(numLength): null

2020-05-29 23:45:25 - [TEST_STEP][PASSED] - NewInputNmField = modifyObjectProperty(findTestObject("Object Repository/Objects.HighlightElements/input_field_index"), "xpath", "equals", "(//*[contains(@class,'x-form-text') and (@name='" + InputName + "')])[" + index + "]", true): Modify property of object successfully

2020-05-29 23:45:25 - [MESSAGE][PASSED] - Modify property of object successfully

2020-05-29 23:45:25 - [TEST_STEP][PASSED] - setText(NewInputNmField, generateRandomNum): Text '87751618580' is set on object 'Object Repository/Objects.HighlightElements/input_field_index'

2020-05-29 23:45:25 - [MESSAGE][PASSED] - Text '87751618580' is set on object 'Object Repository/Objects.HighlightElements/input_field_index'

2020-05-29 23:45:25 - [TEST_STEP][PASSED] - GetEnteredRandom = getAttribute(NewInputNmField, "value", STOP_ON_FAILURE): Attribute 'value' of object 'Object Repository/Objects.HighlightElements/input_field_index' is: '8775161858'

2020-05-29 23:45:26 - [MESSAGE][PASSED] - Attribute 'value' of object 'Object Repository/Objects.HighlightElements/input_field_index' is: '8775161858'

2020-05-29 23:45:26 - [TEST_STEP][PASSED] - GetLength = GetEnteredRandom.length(): null

2020-05-29 23:45:26 - [TEST_STEP][PASSED] - MaxLength = NumLengthTBL.get(InputName): null

2020-05-29 23:45:26 - [TEST_STEP][PASSED] - verifyEqual(GetLength, MaxLength): Actual object '10' and expected object '10' are equal

2020-05-29 23:45:26 - [MESSAGE][PASSED] - Actual object '10' and expected object '10' are equal

2020-05-29 23:45:26 - [MESSAGE][PASSED] - Call Test Case 'Test Cases/PFI Precision and Scale/PFI Components with Indexing/MaxNumericValidationIndex' successfully

2020-05-29 23:45:26 - [TEST_STEP][PASSED] - callTestCase(findTestCase("Components/SelectAllThenDeleteIndex"), ["nameToBeUsed":"inspWeight", "index":"1"], STOP_ON_FAILURE): Call Test Case 'Test Cases/Components/SelectAllThenDeleteIndex' successfully

2020-05-29 23:45:26 - [TEST_CASE][PASSED] - Test Cases/Components/SelectAllThenDeleteIndex: Test Cases/Components/SelectAllThenDeleteIndex

2020-05-29 23:45:26 - [TEST_STEP][PASSED] - Thread.sleep(1000): null

2020-05-29 23:45:27 - [TEST_STEP][PASSED] - modifiedObj = modifyObjectProperty(findTestObject("Object Repository/Objects.HighlightElements/input_field_index"), "xpath", "equals", "(//*[contains(@class,'x-form-text') and (@name='" + nameToBeUsed + "')])[" + index + "]", true): Modify property of object successfully

2020-05-29 23:45:27 - [MESSAGE][PASSED] - Modify property of object successfully

2020-05-29 23:45:27 - [TEST_STEP][PASSED] - focus(modifiedObj): Object: 'Object Repository/Objects.HighlightElements/input_field_index' is focused

2020-05-29 23:45:27 - [MESSAGE][PASSED] - Object: 'Object Repository/Objects.HighlightElements/input_field_index' is focused

2020-05-29 23:45:27 - [TEST_STEP][PASSED] - sendKeys(modifiedObj, Keys.chord(CONTROL, "a")): Keys 'CONTROL + a' sent to object: 'Object Repository/Objects.HighlightElements/input_field_index'

2020-05-29 23:45:28 - [MESSAGE][PASSED] - Keys 'CONTROL + a' sent to object: 'Object Repository/Objects.HighlightElements/input_field_index'

2020-05-29 23:45:28 - [TEST_STEP][PASSED] - sendKeys(modifiedObj, Keys.chord(DELETE)): Keys 'DELETE + ' sent to object: 'Object Repository/Objects.HighlightElements/input_field_index'

2020-05-29 23:45:28 - [MESSAGE][PASSED] - Keys 'DELETE + ' sent to object: 'Object Repository/Objects.HighlightElements/input_field_index'

2020-05-29 23:45:28 - [MESSAGE][PASSED] - Call Test Case 'Test Cases/Components/SelectAllThenDeleteIndex' successfully

2020-05-29 23:45:28 - [TEST_STEP][PASSED] - callTestCase(findTestCase("PFI Precision and Scale/PFI Components with Indexing/MaxValueErrorIndex"), ["InputName":"inspWeight", "index":1], STOP_ON_FAILURE): Call Test Case 'Test Cases/PFI Precision and Scale/PFI Components with Indexing/MaxValueErrorIndex' successfully

2020-05-29 23:45:28 - [TEST_CASE][PASSED] - Test Cases/PFI Precision and Scale/PFI Components with Indexing/MaxValueErrorIndex: Test Cases/PFI Precision and Scale/PFI Components with Indexing/MaxValueErrorIndex

2020-05-29 23:45:28 - [TEST_STEP][PASSED] - Thread.sleep(1000): null

2020-05-29 23:45:29 - [TEST_STEP][PASSED] - NewInputNmField = modifyObjectProperty(findTestObject("Object Repository/Objects.HighlightElements/input_field_index"), "xpath", "equals", "(//*[contains(@class,'x-form-text') and (@name='" + InputName + "')])[" + index + "]", true): Modify property of object successfully

2020-05-29 23:45:29 - [MESSAGE][PASSED] - Modify property of object successfully

2020-05-29 23:45:29 - [TEST_STEP][PASSED] - setText(NewInputNmField, "2234234234"): Text '2234234234' is set on object 'Object Repository/Objects.HighlightElements/input_field_index'

2020-05-29 23:45:30 - [MESSAGE][PASSED] - Text '2234234234' is set on object 'Object Repository/Objects.HighlightElements/input_field_index'

2020-05-29 23:45:30 - [TEST_STEP][PASSED] - mouseOver(NewInputNmField): Object: 'Object Repository/Objects.HighlightElements/input_field_index' is hovered

2020-05-29 23:45:30 - [MESSAGE][PASSED] - Object: 'Object Repository/Objects.HighlightElements/input_field_index' is hovered

2020-05-29 23:45:30 - [TEST_STEP][PASSED] - GetValue = getAttribute(NewInputNmField, "value"): Attribute 'value' of object 'Object Repository/Objects.HighlightElements/input_field_index' is: '2234234234'

2020-05-29 23:45:31 - [MESSAGE][PASSED] - Attribute 'value' of object 'Object Repository/Objects.HighlightElements/input_field_index' is: '2234234234'

2020-05-29 23:45:31 - [TEST_STEP][PASSED] - GetToolTipErr = getAttribute(NewInputNmField, "data-errorqtip"): Attribute 'data-errorqtip' of object 'Object Repository/Objects.HighlightElements/input_field_index' is: '<ul class="x-list-plain"><li>The maximum value for this field is 2147483647</li></ul>'

2020-05-29 23:45:31 - [MESSAGE][PASSED] - Attribute 'data-errorqtip' of object 'Object Repository/Objects.HighlightElements/input_field_index' is: '<ul class="x-list-plain"><li>The maximum value for this field is 2147483647</li></ul>'

2020-05-29 23:45:31 - [TEST_STEP][PASSED] - TotalLength = GetToolTipErr.length() - 10: null

2020-05-29 23:45:31 - [TEST_STEP][PASSED] - RmvULcd = GetToolTipErr.substring(0, TotalLength): null

2020-05-29 23:45:31 - [TEST_STEP][PASSED] - NewLen = RmvULcd.length(): null

2020-05-29 23:45:31 - [TEST_STEP][PASSED] - ActualErrMessage = RmvULcd.substring(29, NewLen): null

2020-05-29 23:45:31 - [TEST_STEP][PASSED] - verifyMatch(ActualErrMessage, findTestData("PrecisionAndScaleDB").getValue("ErrorMessage", 8), true): Actual text 'The maximum value for this field is 2147483647' and expected text 'The maximum value for this field is 2147483647' are matched  using regular expression

2020-05-29 23:45:31 - [MESSAGE][PASSED] - Actual text 'The maximum value for this field is 2147483647' and expected text 'The maximum value for this field is 2147483647' are matched  using regular expression

2020-05-29 23:45:31 - [MESSAGE][PASSED] - Call Test Case 'Test Cases/PFI Precision and Scale/PFI Components with Indexing/MaxValueErrorIndex' successfully

2020-05-29 23:45:31 - [TEST_STEP][PASSED] - callTestCase(findTestCase("Components/HighlightLabelFieldXPI"), ["LblName":"No of Building Inspected", "index":1], STOP_ON_FAILURE): Call Test Case 'Test Cases/Components/HighlightLabelFieldXPI' successfully

2020-05-29 23:45:31 - [TEST_CASE][PASSED] - Test Cases/Components/HighlightLabelFieldXPI: Test Cases/Components/HighlightLabelFieldXPI

2020-05-29 23:45:31 - [TEST_STEP][PASSED] - Thread.sleep(1000): null

2020-05-29 23:45:32 - [TEST_STEP][PASSED] - modifiedLblNm = modifyObjectProperty(findTestObject("Object Repository/Objects.HighlightElements/lblField_index"), "xpath", "equals", "(//*[contains(@class, 'x-form-item-label-inner x-form-item-label-inner-default') and contains(., '" + LblName + "')])[" + index + "]", true): Modify property of object successfully

2020-05-29 23:45:32 - [MESSAGE][PASSED] - Modify property of object successfully

2020-05-29 23:45:32 - [TEST_STEP][PASSED] - com.reusableComponents.HighlightElement.run(modifiedLblNm): com.reusableComponents.HighlightElement.run is PASSED

2020-05-29 23:45:33 - [MESSAGE][PASSED] - com.reusableComponents.HighlightElement.run is PASSED

2020-05-29 23:45:33 - [MESSAGE][PASSED] - Call Test Case 'Test Cases/Components/HighlightLabelFieldXPI' successfully

2020-05-29 23:45:33 - [TEST_STEP][PASSED] - callTestCase(findTestCase("Components/HighlightInputFieldXPI"), ["FldNm":"noOfBldg", "index":1], STOP_ON_FAILURE): Call Test Case 'Test Cases/Components/HighlightInputFieldXPI' successfully

2020-05-29 23:45:33 - [TEST_CASE][PASSED] - Test Cases/Components/HighlightInputFieldXPI: Test Cases/Components/HighlightInputFieldXPI

2020-05-29 23:45:33 - [TEST_STEP][PASSED] - Thread.sleep(1000): null

2020-05-29 23:45:34 - [TEST_STEP][PASSED] - modifiedInputNm = modifyObjectProperty(findTestObject("Object Repository/Objects.HighlightElements/input_field_index"), "xpath", "equals", "(//*[contains(@name, '" + FldNm + "')])[" + index + "]", true): Modify property of object successfully

2020-05-29 23:45:34 - [MESSAGE][PASSED] - Modify property of object successfully

2020-05-29 23:45:34 - [TEST_STEP][PASSED] - com.reusableComponents.HighlightElement.run(modifiedInputNm): com.reusableComponents.HighlightElement.run is PASSED

2020-05-29 23:45:35 - [MESSAGE][PASSED] - com.reusableComponents.HighlightElement.run is PASSED

2020-05-29 23:45:35 - [MESSAGE][PASSED] - Call Test Case 'Test Cases/Components/HighlightInputFieldXPI' successfully

2020-05-29 23:45:35 - [TEST_STEP][PASSED] - callTestCase(findTestCase("PFI Precision and Scale/PFI Components/NumericTextboxValidationII"), ["nameToBeUsed":"noOfBldg", "minLen":5], STOP_ON_FAILURE): Call Test Case 'Test Cases/PFI Precision and Scale/PFI Components/NumericTextboxValidationII' successfully

2020-05-29 23:45:35 - [TEST_CASE][PASSED] - Test Cases/PFI Precision and Scale/PFI Components/NumericTextboxValidationII: Test Cases/PFI Precision and Scale/PFI Components/NumericTextboxValidationII

2020-05-29 23:45:35 - [TEST_STEP][PASSED] - Thread.sleep(1000): null

2020-05-29 23:45:36 - [TEST_STEP][PASSED] - Numeric = "0123456789": null

2020-05-29 23:45:36 - [TEST_STEP][PASSED] - AlphaSpecialChar = z) + "`~!@#$%^&*()=_{}|\][;'":,?><"".join(): null

2020-05-29 23:45:36 - [TEST_STEP][PASSED] - RandomNumeric = RandomStringUtils.random(minLen, Numeric.toCharArray()): null

2020-05-29 23:45:36 - [TEST_STEP][PASSED] - RandomString = RandomStringUtils.random(minLen, AlphaSpecialChar): null

2020-05-29 23:45:36 - [TEST_STEP][PASSED] - regexPat = Pattern.compile("^[0-9]+$"): null

2020-05-29 23:45:36 - [TEST_STEP][PASSED] - NewInputNmField = modifyObjectProperty(findTestObject("Objects.RemarksValidation/input_Remarks"), "name", "equals", nameToBeUsed, true): Modify property of object successfully

2020-05-29 23:45:36 - [MESSAGE][PASSED] - Modify property of object successfully

2020-05-29 23:45:36 - [TEST_STEP][PASSED] - focus(NewInputNmField): Object: 'Object Repository/Objects.RemarksValidation/input_Remarks' is focused

2020-05-29 23:45:36 - [MESSAGE][PASSED] - Object: 'Object Repository/Objects.RemarksValidation/input_Remarks' is focused

2020-05-29 23:45:36 - [TEST_STEP][PASSED] - setText(NewInputNmField, RandomString): Text 'tRw[Y' is set on object 'Object Repository/Objects.RemarksValidation/input_Remarks'

2020-05-29 23:45:37 - [MESSAGE][PASSED] - Text 'tRw[Y' is set on object 'Object Repository/Objects.RemarksValidation/input_Remarks'

2020-05-29 23:45:37 - [TEST_STEP][PASSED] - GetInputVal = getAttribute(NewInputNmField, "value"): Attribute 'value' of object 'Object Repository/Objects.RemarksValidation/input_Remarks' is: ''

2020-05-29 23:45:37 - [MESSAGE][PASSED] - Attribute 'value' of object 'Object Repository/Objects.RemarksValidation/input_Remarks' is: ''

2020-05-29 23:45:37 - [TEST_STEP][PASSED] - if (GetInputVal.contains("e")): null

2020-05-29 23:45:37 - [TEST_STEP][PASSED] - else: Actual text '' and expected text '' are matched  using regular expression

2020-05-29 23:45:37 - [TEST_STEP][PASSED] - verifyMatch(GetInputVal, "", true): Actual text '' and expected text '' are matched  using regular expression

2020-05-29 23:45:37 - [MESSAGE][PASSED] - Actual text '' and expected text '' are matched  using regular expression

2020-05-29 23:45:37 - [TEST_STEP][PASSED] - setText(NewInputNmField, RandomNumeric): Text '75278' is set on object 'Object Repository/Objects.RemarksValidation/input_Remarks'

2020-05-29 23:45:37 - [MESSAGE][PASSED] - Text '75278' is set on object 'Object Repository/Objects.RemarksValidation/input_Remarks'

2020-05-29 23:45:37 - [TEST_STEP][PASSED] - GetEnteredIntegers = getAttribute(NewInputNmField, "value"): Attribute 'value' of object 'Object Repository/Objects.RemarksValidation/input_Remarks' is: '75278'

2020-05-29 23:45:38 - [MESSAGE][PASSED] - Attribute 'value' of object 'Object Repository/Objects.RemarksValidation/input_Remarks' is: '75278'

2020-05-29 23:45:38 - [TEST_STEP][PASSED] - matchStr = regexPat.matcher(GetEnteredIntegers): null

2020-05-29 23:45:38 - [TEST_STEP][PASSED] - if (matchStr.matches() == true): Accepting Numeric

2020-05-29 23:45:38 - [TEST_STEP][PASSED] - comment("Accepting Numeric"): Accepting Numeric

2020-05-29 23:45:38 - [MESSAGE][INFO] - Accepting Numeric

2020-05-29 23:45:38 - [MESSAGE][PASSED] - Call Test Case 'Test Cases/PFI Precision and Scale/PFI Components/NumericTextboxValidationII' successfully

2020-05-29 23:45:38 - [TEST_STEP][PASSED] - callTestCase(findTestCase("PFI Precision and Scale/PFI Components with Indexing/SpinnerUpIndex"), ["InputName":"noOfBldg", "nmIndex":1, "indexUp":3, "itr":10], STOP_ON_FAILURE): Call Test Case 'Test Cases/PFI Precision and Scale/PFI Components with Indexing/SpinnerUpIndex' successfully

2020-05-29 23:45:38 - [TEST_CASE][PASSED] - Test Cases/PFI Precision and Scale/PFI Components with Indexing/SpinnerUpIndex: Test Cases/PFI Precision and Scale/PFI Components with Indexing/SpinnerUpIndex

2020-05-29 23:45:38 - [TEST_STEP][PASSED] - Thread.sleep(1000): null

2020-05-29 23:45:39 - [TEST_STEP][PASSED] - counterUp = modifyObjectProperty(findTestObject("Objects.CounterValidation/counter_icon_up"), "xpath", "equals", "(//*[contains(@class,'x-form-spinner x-form-spinner-default x-form-spinner-up x-form-spinner-up-default ')])[" + indexUp + "]", true): Modify property of object successfully

2020-05-29 23:45:39 - [MESSAGE][PASSED] - Modify property of object successfully

2020-05-29 23:45:39 - [TEST_STEP][PASSED] - modifiedInputNm = modifyObjectProperty(findTestObject("Object Repository/Objects.HighlightElements/input_field_index"), "xpath", "equals", "(//*[contains(@class,'x-form-text') and (@name='" + InputName + "')])[" + nmIndex + "]", true): Modify property of object successfully

2020-05-29 23:45:39 - [MESSAGE][PASSED] - Modify property of object successfully

2020-05-29 23:45:39 - [TEST_STEP][PASSED] - GetCurrentValue = getAttribute(modifiedInputNm, "value"): Attribute 'value' of object 'Object Repository/Objects.HighlightElements/input_field_index' is: '75278'

2020-05-29 23:45:39 - [MESSAGE][PASSED] - Attribute 'value' of object 'Object Repository/Objects.HighlightElements/input_field_index' is: '75278'

2020-05-29 23:45:39 - [TEST_STEP][PASSED] - for ([i = 0, i <= itr, (i++)]): Object: 'Object Repository/Objects.CounterValidation/counter_icon_up' is clicked on

2020-05-29 23:45:39 - [TEST_STEP][PASSED] - click(counterUp): Object: 'Object Repository/Objects.CounterValidation/counter_icon_up' is clicked on

2020-05-29 23:45:39 - [MESSAGE][PASSED] - Object: 'Object Repository/Objects.CounterValidation/counter_icon_up' is clicked on

2020-05-29 23:45:39 - [TEST_STEP][PASSED] - click(counterUp): Object: 'Object Repository/Objects.CounterValidation/counter_icon_up' is clicked on

2020-05-29 23:45:40 - [MESSAGE][PASSED] - Object: 'Object Repository/Objects.CounterValidation/counter_icon_up' is clicked on

2020-05-29 23:45:40 - [TEST_STEP][PASSED] - click(counterUp): Object: 'Object Repository/Objects.CounterValidation/counter_icon_up' is clicked on

2020-05-29 23:45:40 - [MESSAGE][PASSED] - Object: 'Object Repository/Objects.CounterValidation/counter_icon_up' is clicked on

2020-05-29 23:45:40 - [TEST_STEP][PASSED] - click(counterUp): Object: 'Object Repository/Objects.CounterValidation/counter_icon_up' is clicked on

2020-05-29 23:45:40 - [MESSAGE][PASSED] - Object: 'Object Repository/Objects.CounterValidation/counter_icon_up' is clicked on

2020-05-29 23:45:40 - [TEST_STEP][PASSED] - click(counterUp): Object: 'Object Repository/Objects.CounterValidation/counter_icon_up' is clicked on

2020-05-29 23:45:40 - [MESSAGE][PASSED] - Object: 'Object Repository/Objects.CounterValidation/counter_icon_up' is clicked on

2020-05-29 23:45:40 - [TEST_STEP][PASSED] - click(counterUp): Object: 'Object Repository/Objects.CounterValidation/counter_icon_up' is clicked on

2020-05-29 23:45:41 - [MESSAGE][PASSED] - Object: 'Object Repository/Objects.CounterValidation/counter_icon_up' is clicked on

2020-05-29 23:45:41 - [TEST_STEP][PASSED] - click(counterUp): Object: 'Object Repository/Objects.CounterValidation/counter_icon_up' is clicked on

2020-05-29 23:45:41 - [MESSAGE][PASSED] - Object: 'Object Repository/Objects.CounterValidation/counter_icon_up' is clicked on

2020-05-29 23:45:41 - [TEST_STEP][PASSED] - click(counterUp): Object: 'Object Repository/Objects.CounterValidation/counter_icon_up' is clicked on

2020-05-29 23:45:41 - [MESSAGE][PASSED] - Object: 'Object Repository/Objects.CounterValidation/counter_icon_up' is clicked on

2020-05-29 23:45:41 - [TEST_STEP][PASSED] - click(counterUp): Object: 'Object Repository/Objects.CounterValidation/counter_icon_up' is clicked on

2020-05-29 23:45:42 - [MESSAGE][PASSED] - Object: 'Object Repository/Objects.CounterValidation/counter_icon_up' is clicked on

2020-05-29 23:45:42 - [TEST_STEP][PASSED] - click(counterUp): Object: 'Object Repository/Objects.CounterValidation/counter_icon_up' is clicked on

2020-05-29 23:45:42 - [MESSAGE][PASSED] - Object: 'Object Repository/Objects.CounterValidation/counter_icon_up' is clicked on

2020-05-29 23:45:42 - [TEST_STEP][PASSED] - click(counterUp): Object: 'Object Repository/Objects.CounterValidation/counter_icon_up' is clicked on

2020-05-29 23:45:42 - [MESSAGE][PASSED] - Object: 'Object Repository/Objects.CounterValidation/counter_icon_up' is clicked on

2020-05-29 23:45:42 - [TEST_STEP][PASSED] - NewValue = getAttribute(modifiedInputNm, "value"): Attribute 'value' of object 'Object Repository/Objects.HighlightElements/input_field_index' is: '75289'

2020-05-29 23:45:42 - [MESSAGE][PASSED] - Attribute 'value' of object 'Object Repository/Objects.HighlightElements/input_field_index' is: '75289'

2020-05-29 23:45:42 - [TEST_STEP][PASSED] - if (NewValue != findTestData("PrecisionAndScaleDB").getValue("MaxCharacters", 7)): Actual number '75289' is greater than expected number '75278'

2020-05-29 23:45:42 - [TEST_STEP][PASSED] - verifyGreaterThan(NewValue, GetCurrentValue, STOP_ON_FAILURE): Actual number '75289' is greater than expected number '75278'

2020-05-29 23:45:42 - [MESSAGE][PASSED] - Actual number '75289' is greater than expected number '75278'

2020-05-29 23:45:42 - [MESSAGE][PASSED] - Call Test Case 'Test Cases/PFI Precision and Scale/PFI Components with Indexing/SpinnerUpIndex' successfully

2020-05-29 23:45:42 - [TEST_STEP][PASSED] - callTestCase(findTestCase("PFI Precision and Scale/PFI Components with Indexing/SpinnerDownIndex"), ["InputName":"noOfBldg", "nmIndex":1, "indexDown":3, "itr":20], STOP_ON_FAILURE): Call Test Case 'Test Cases/PFI Precision and Scale/PFI Components with Indexing/SpinnerDownIndex' successfully

2020-05-29 23:45:42 - [TEST_CASE][PASSED] - Test Cases/PFI Precision and Scale/PFI Components with Indexing/SpinnerDownIndex: Test Cases/PFI Precision and Scale/PFI Components with Indexing/SpinnerDownIndex

2020-05-29 23:45:42 - [TEST_STEP][PASSED] - Thread.sleep(1000): null

2020-05-29 23:45:43 - [TEST_STEP][PASSED] - counterUp = modifyObjectProperty(findTestObject("Objects.CounterValidation/counter_icon_up"), "xpath", "equals", "(//*[contains(@class,'x-form-spinner x-form-spinner-default x-form-spinner-down x-form-spinner-down-default ')])[" + indexDown + "]", true): Modify property of object successfully

2020-05-29 23:45:43 - [MESSAGE][PASSED] - Modify property of object successfully

2020-05-29 23:45:43 - [TEST_STEP][PASSED] - modifiedInputNm = modifyObjectProperty(findTestObject("Object Repository/Objects.HighlightElements/input_field_index"), "xpath", "equals", "(//*[contains(@class,'x-form-text') and (@name='" + InputName + "')])[" + nmIndex + "]", true): Modify property of object successfully

2020-05-29 23:45:43 - [MESSAGE][PASSED] - Modify property of object successfully

2020-05-29 23:45:43 - [TEST_STEP][PASSED] - GetCurrentValue = getAttribute(modifiedInputNm, "value"): Attribute 'value' of object 'Object Repository/Objects.HighlightElements/input_field_index' is: '75289'

2020-05-29 23:45:44 - [MESSAGE][PASSED] - Attribute 'value' of object 'Object Repository/Objects.HighlightElements/input_field_index' is: '75289'

2020-05-29 23:45:44 - [TEST_STEP][PASSED] - for ([i = 0, i <= itr, (i++)]): Object: 'Object Repository/Objects.CounterValidation/counter_icon_up' is clicked on

2020-05-29 23:45:44 - [TEST_STEP][PASSED] - click(counterUp): Object: 'Object Repository/Objects.CounterValidation/counter_icon_up' is clicked on

2020-05-29 23:45:44 - [MESSAGE][PASSED] - Object: 'Object Repository/Objects.CounterValidation/counter_icon_up' is clicked on

2020-05-29 23:45:44 - [TEST_STEP][PASSED] - click(counterUp): Object: 'Object Repository/Objects.CounterValidation/counter_icon_up' is clicked on

2020-05-29 23:45:44 - [MESSAGE][PASSED] - Object: 'Object Repository/Objects.CounterValidation/counter_icon_up' is clicked on

2020-05-29 23:45:44 - [TEST_STEP][PASSED] - click(counterUp): Object: 'Object Repository/Objects.CounterValidation/counter_icon_up' is clicked on

2020-05-29 23:45:45 - [MESSAGE][PASSED] - Object: 'Object Repository/Objects.CounterValidation/counter_icon_up' is clicked on

2020-05-29 23:45:45 - [TEST_STEP][PASSED] - click(counterUp): Object: 'Object Repository/Objects.CounterValidation/counter_icon_up' is clicked on

2020-05-29 23:45:45 - [MESSAGE][PASSED] - Object: 'Object Repository/Objects.CounterValidation/counter_icon_up' is clicked on

2020-05-29 23:45:45 - [TEST_STEP][PASSED] - click(counterUp): Object: 'Object Repository/Objects.CounterValidation/counter_icon_up' is clicked on

2020-05-29 23:45:45 - [MESSAGE][PASSED] - Object: 'Object Repository/Objects.CounterValidation/counter_icon_up' is clicked on

2020-05-29 23:45:45 - [TEST_STEP][PASSED] - click(counterUp): Object: 'Object Repository/Objects.CounterValidation/counter_icon_up' is clicked on

2020-05-29 23:45:45 - [MESSAGE][PASSED] - Object: 'Object Repository/Objects.CounterValidation/counter_icon_up' is clicked on

2020-05-29 23:45:45 - [TEST_STEP][PASSED] - click(counterUp): Object: 'Object Repository/Objects.CounterValidation/counter_icon_up' is clicked on

2020-05-29 23:45:46 - [MESSAGE][PASSED] - Object: 'Object Repository/Objects.CounterValidation/counter_icon_up' is clicked on

2020-05-29 23:45:46 - [TEST_STEP][PASSED] - click(counterUp): Object: 'Object Repository/Objects.CounterValidation/counter_icon_up' is clicked on

2020-05-29 23:45:46 - [MESSAGE][PASSED] - Object: 'Object Repository/Objects.CounterValidation/counter_icon_up' is clicked on

2020-05-29 23:45:46 - [TEST_STEP][PASSED] - click(counterUp): Object: 'Object Repository/Objects.CounterValidation/counter_icon_up' is clicked on

2020-05-29 23:45:46 - [MESSAGE][PASSED] - Object: 'Object Repository/Objects.CounterValidation/counter_icon_up' is clicked on

2020-05-29 23:45:46 - [TEST_STEP][PASSED] - click(counterUp): Object: 'Object Repository/Objects.CounterValidation/counter_icon_up' is clicked on

2020-05-29 23:45:46 - [MESSAGE][PASSED] - Object: 'Object Repository/Objects.CounterValidation/counter_icon_up' is clicked on

2020-05-29 23:45:46 - [TEST_STEP][PASSED] - click(counterUp): Object: 'Object Repository/Objects.CounterValidation/counter_icon_up' is clicked on

2020-05-29 23:45:47 - [MESSAGE][PASSED] - Object: 'Object Repository/Objects.CounterValidation/counter_icon_up' is clicked on

2020-05-29 23:45:47 - [TEST_STEP][PASSED] - click(counterUp): Object: 'Object Repository/Objects.CounterValidation/counter_icon_up' is clicked on

2020-05-29 23:45:47 - [MESSAGE][PASSED] - Object: 'Object Repository/Objects.CounterValidation/counter_icon_up' is clicked on

2020-05-29 23:45:47 - [TEST_STEP][PASSED] - click(counterUp): Object: 'Object Repository/Objects.CounterValidation/counter_icon_up' is clicked on

2020-05-29 23:45:47 - [MESSAGE][PASSED] - Object: 'Object Repository/Objects.CounterValidation/counter_icon_up' is clicked on

2020-05-29 23:45:47 - [TEST_STEP][PASSED] - click(counterUp): Object: 'Object Repository/Objects.CounterValidation/counter_icon_up' is clicked on

2020-05-29 23:45:47 - [MESSAGE][PASSED] - Object: 'Object Repository/Objects.CounterValidation/counter_icon_up' is clicked on

2020-05-29 23:45:47 - [TEST_STEP][PASSED] - click(counterUp): Object: 'Object Repository/Objects.CounterValidation/counter_icon_up' is clicked on

2020-05-29 23:45:48 - [MESSAGE][PASSED] - Object: 'Object Repository/Objects.CounterValidation/counter_icon_up' is clicked on

2020-05-29 23:45:48 - [TEST_STEP][PASSED] - click(counterUp): Object: 'Object Repository/Objects.CounterValidation/counter_icon_up' is clicked on

2020-05-29 23:45:48 - [MESSAGE][PASSED] - Object: 'Object Repository/Objects.CounterValidation/counter_icon_up' is clicked on

2020-05-29 23:45:48 - [TEST_STEP][PASSED] - click(counterUp): Object: 'Object Repository/Objects.CounterValidation/counter_icon_up' is clicked on

2020-05-29 23:45:48 - [MESSAGE][PASSED] - Object: 'Object Repository/Objects.CounterValidation/counter_icon_up' is clicked on

2020-05-29 23:45:48 - [TEST_STEP][PASSED] - click(counterUp): Object: 'Object Repository/Objects.CounterValidation/counter_icon_up' is clicked on

2020-05-29 23:45:48 - [MESSAGE][PASSED] - Object: 'Object Repository/Objects.CounterValidation/counter_icon_up' is clicked on

2020-05-29 23:45:48 - [TEST_STEP][PASSED] - click(counterUp): Object: 'Object Repository/Objects.CounterValidation/counter_icon_up' is clicked on

2020-05-29 23:45:49 - [MESSAGE][PASSED] - Object: 'Object Repository/Objects.CounterValidation/counter_icon_up' is clicked on

2020-05-29 23:45:49 - [TEST_STEP][PASSED] - click(counterUp): Object: 'Object Repository/Objects.CounterValidation/counter_icon_up' is clicked on

2020-05-29 23:45:49 - [MESSAGE][PASSED] - Object: 'Object Repository/Objects.CounterValidation/counter_icon_up' is clicked on

2020-05-29 23:45:49 - [TEST_STEP][PASSED] - click(counterUp): Object: 'Object Repository/Objects.CounterValidation/counter_icon_up' is clicked on

2020-05-29 23:45:49 - [MESSAGE][PASSED] - Object: 'Object Repository/Objects.CounterValidation/counter_icon_up' is clicked on

2020-05-29 23:45:49 - [TEST_STEP][PASSED] - NewValue = getAttribute(modifiedInputNm, "value"): Attribute 'value' of object 'Object Repository/Objects.HighlightElements/input_field_index' is: '75268'

2020-05-29 23:45:50 - [MESSAGE][PASSED] - Attribute 'value' of object 'Object Repository/Objects.HighlightElements/input_field_index' is: '75268'

2020-05-29 23:45:50 - [TEST_STEP][PASSED] - if (NewValue != 0): Actual number '75268' is less than expected number '75289'

2020-05-29 23:45:50 - [TEST_STEP][PASSED] - verifyLessThan(NewValue, GetCurrentValue, STOP_ON_FAILURE): Actual number '75268' is less than expected number '75289'

2020-05-29 23:45:50 - [MESSAGE][PASSED] - Actual number '75268' is less than expected number '75289'

2020-05-29 23:45:50 - [MESSAGE][PASSED] - Call Test Case 'Test Cases/PFI Precision and Scale/PFI Components with Indexing/SpinnerDownIndex' successfully

2020-05-29 23:45:50 - [TEST_STEP][PASSED] - callTestCase(findTestCase("PFI Precision and Scale/PFI Components with Indexing/MaxNumericValidationIndex"), ["InputName":"noOfBldg", "index":1, "numLength":11], STOP_ON_FAILURE): Call Test Case 'Test Cases/PFI Precision and Scale/PFI Components with Indexing/MaxNumericValidationIndex' successfully

2020-05-29 23:45:50 - [TEST_CASE][PASSED] - Test Cases/PFI Precision and Scale/PFI Components with Indexing/MaxNumericValidationIndex: Test Cases/PFI Precision and Scale/PFI Components with Indexing/MaxNumericValidationIndex

2020-05-29 23:45:50 - [TEST_STEP][PASSED] - Thread.sleep(1000): null

2020-05-29 23:45:51 - [TEST_STEP][PASSED] - NumLengthTBL = ["inspWeight":10, "noOfBldg":10, "postalCode":6]: null

2020-05-29 23:45:51 - [TEST_STEP][PASSED] - generateRandomNum = RandomStringUtils.randomNumeric(numLength): null

2020-05-29 23:45:51 - [TEST_STEP][PASSED] - NewInputNmField = modifyObjectProperty(findTestObject("Object Repository/Objects.HighlightElements/input_field_index"), "xpath", "equals", "(//*[contains(@class,'x-form-text') and (@name='" + InputName + "')])[" + index + "]", true): Modify property of object successfully

2020-05-29 23:45:51 - [MESSAGE][PASSED] - Modify property of object successfully

2020-05-29 23:45:51 - [TEST_STEP][PASSED] - setText(NewInputNmField, generateRandomNum): Text '09556688428' is set on object 'Object Repository/Objects.HighlightElements/input_field_index'

2020-05-29 23:45:51 - [MESSAGE][PASSED] - Text '09556688428' is set on object 'Object Repository/Objects.HighlightElements/input_field_index'

2020-05-29 23:45:51 - [TEST_STEP][PASSED] - GetEnteredRandom = getAttribute(NewInputNmField, "value", STOP_ON_FAILURE): Attribute 'value' of object 'Object Repository/Objects.HighlightElements/input_field_index' is: '0955668842'

2020-05-29 23:45:52 - [MESSAGE][PASSED] - Attribute 'value' of object 'Object Repository/Objects.HighlightElements/input_field_index' is: '0955668842'

2020-05-29 23:45:52 - [TEST_STEP][PASSED] - GetLength = GetEnteredRandom.length(): null

2020-05-29 23:45:52 - [TEST_STEP][PASSED] - MaxLength = NumLengthTBL.get(InputName): null

2020-05-29 23:45:52 - [TEST_STEP][PASSED] - verifyEqual(GetLength, MaxLength): Actual object '10' and expected object '10' are equal

2020-05-29 23:45:52 - [MESSAGE][PASSED] - Actual object '10' and expected object '10' are equal

2020-05-29 23:45:52 - [MESSAGE][PASSED] - Call Test Case 'Test Cases/PFI Precision and Scale/PFI Components with Indexing/MaxNumericValidationIndex' successfully

2020-05-29 23:45:52 - [TEST_STEP][PASSED] - callTestCase(findTestCase("Components/SelectAllThenDeleteIndex"), ["nameToBeUsed":"noOfBldg", "index":"1"], STOP_ON_FAILURE): Call Test Case 'Test Cases/Components/SelectAllThenDeleteIndex' successfully

2020-05-29 23:45:52 - [TEST_CASE][PASSED] - Test Cases/Components/SelectAllThenDeleteIndex: Test Cases/Components/SelectAllThenDeleteIndex

2020-05-29 23:45:52 - [TEST_STEP][PASSED] - Thread.sleep(1000): null

2020-05-29 23:45:53 - [TEST_STEP][PASSED] - modifiedObj = modifyObjectProperty(findTestObject("Object Repository/Objects.HighlightElements/input_field_index"), "xpath", "equals", "(//*[contains(@class,'x-form-text') and (@name='" + nameToBeUsed + "')])[" + index + "]", true): Modify property of object successfully

2020-05-29 23:45:53 - [MESSAGE][PASSED] - Modify property of object successfully

2020-05-29 23:45:53 - [TEST_STEP][PASSED] - focus(modifiedObj): Object: 'Object Repository/Objects.HighlightElements/input_field_index' is focused

2020-05-29 23:45:53 - [MESSAGE][PASSED] - Object: 'Object Repository/Objects.HighlightElements/input_field_index' is focused

2020-05-29 23:45:53 - [TEST_STEP][PASSED] - sendKeys(modifiedObj, Keys.chord(CONTROL, "a")): Keys 'CONTROL + a' sent to object: 'Object Repository/Objects.HighlightElements/input_field_index'

2020-05-29 23:45:54 - [MESSAGE][PASSED] - Keys 'CONTROL + a' sent to object: 'Object Repository/Objects.HighlightElements/input_field_index'

2020-05-29 23:45:54 - [TEST_STEP][PASSED] - sendKeys(modifiedObj, Keys.chord(DELETE)): Keys 'DELETE + ' sent to object: 'Object Repository/Objects.HighlightElements/input_field_index'

2020-05-29 23:45:54 - [MESSAGE][PASSED] - Keys 'DELETE + ' sent to object: 'Object Repository/Objects.HighlightElements/input_field_index'

2020-05-29 23:45:54 - [MESSAGE][PASSED] - Call Test Case 'Test Cases/Components/SelectAllThenDeleteIndex' successfully

2020-05-29 23:45:54 - [TEST_STEP][PASSED] - callTestCase(findTestCase("PFI Precision and Scale/PFI Components with Indexing/MaxValueErrorIndex"), ["InputName":"noOfBldg", "index":1], STOP_ON_FAILURE): Call Test Case 'Test Cases/PFI Precision and Scale/PFI Components with Indexing/MaxValueErrorIndex' successfully

2020-05-29 23:45:54 - [TEST_CASE][PASSED] - Test Cases/PFI Precision and Scale/PFI Components with Indexing/MaxValueErrorIndex: Test Cases/PFI Precision and Scale/PFI Components with Indexing/MaxValueErrorIndex

2020-05-29 23:45:54 - [TEST_STEP][PASSED] - Thread.sleep(1000): null

2020-05-29 23:45:55 - [TEST_STEP][PASSED] - NewInputNmField = modifyObjectProperty(findTestObject("Object Repository/Objects.HighlightElements/input_field_index"), "xpath", "equals", "(//*[contains(@class,'x-form-text') and (@name='" + InputName + "')])[" + index + "]", true): Modify property of object successfully

2020-05-29 23:45:55 - [MESSAGE][PASSED] - Modify property of object successfully

2020-05-29 23:45:55 - [TEST_STEP][PASSED] - setText(NewInputNmField, "2234234234"): Text '2234234234' is set on object 'Object Repository/Objects.HighlightElements/input_field_index'

2020-05-29 23:45:55 - [MESSAGE][PASSED] - Text '2234234234' is set on object 'Object Repository/Objects.HighlightElements/input_field_index'

2020-05-29 23:45:55 - [TEST_STEP][PASSED] - mouseOver(NewInputNmField): Object: 'Object Repository/Objects.HighlightElements/input_field_index' is hovered

2020-05-29 23:45:56 - [MESSAGE][PASSED] - Object: 'Object Repository/Objects.HighlightElements/input_field_index' is hovered

2020-05-29 23:45:56 - [TEST_STEP][PASSED] - GetValue = getAttribute(NewInputNmField, "value"): Attribute 'value' of object 'Object Repository/Objects.HighlightElements/input_field_index' is: '2234234234'

2020-05-29 23:45:56 - [MESSAGE][PASSED] - Attribute 'value' of object 'Object Repository/Objects.HighlightElements/input_field_index' is: '2234234234'

2020-05-29 23:45:56 - [TEST_STEP][PASSED] - GetToolTipErr = getAttribute(NewInputNmField, "data-errorqtip"): Attribute 'data-errorqtip' of object 'Object Repository/Objects.HighlightElements/input_field_index' is: '<ul class="x-list-plain"><li>The maximum value for this field is 2147483647</li></ul>'

2020-05-29 23:45:57 - [MESSAGE][PASSED] - Attribute 'data-errorqtip' of object 'Object Repository/Objects.HighlightElements/input_field_index' is: '<ul class="x-list-plain"><li>The maximum value for this field is 2147483647</li></ul>'

2020-05-29 23:45:57 - [TEST_STEP][PASSED] - TotalLength = GetToolTipErr.length() - 10: null

2020-05-29 23:45:57 - [TEST_STEP][PASSED] - RmvULcd = GetToolTipErr.substring(0, TotalLength): null

2020-05-29 23:45:57 - [TEST_STEP][PASSED] - NewLen = RmvULcd.length(): null

2020-05-29 23:45:57 - [TEST_STEP][PASSED] - ActualErrMessage = RmvULcd.substring(29, NewLen): null

2020-05-29 23:45:57 - [TEST_STEP][PASSED] - verifyMatch(ActualErrMessage, findTestData("PrecisionAndScaleDB").getValue("ErrorMessage", 8), true): Actual text 'The maximum value for this field is 2147483647' and expected text 'The maximum value for this field is 2147483647' are matched  using regular expression

2020-05-29 23:45:57 - [MESSAGE][PASSED] - Actual text 'The maximum value for this field is 2147483647' and expected text 'The maximum value for this field is 2147483647' are matched  using regular expression

2020-05-29 23:45:57 - [MESSAGE][PASSED] - Call Test Case 'Test Cases/PFI Precision and Scale/PFI Components with Indexing/MaxValueErrorIndex' successfully

2020-05-29 23:45:57 - [TEST_STEP][PASSED] - callTestCase(findTestCase("Components/HighlightLabelFieldXPI"), ["LblName":"Notes", "index":1], STOP_ON_FAILURE): Call Test Case 'Test Cases/Components/HighlightLabelFieldXPI' successfully

2020-05-29 23:45:57 - [TEST_CASE][PASSED] - Test Cases/Components/HighlightLabelFieldXPI: Test Cases/Components/HighlightLabelFieldXPI

2020-05-29 23:45:57 - [TEST_STEP][PASSED] - Thread.sleep(1000): null

2020-05-29 23:45:58 - [TEST_STEP][PASSED] - modifiedLblNm = modifyObjectProperty(findTestObject("Object Repository/Objects.HighlightElements/lblField_index"), "xpath", "equals", "(//*[contains(@class, 'x-form-item-label-inner x-form-item-label-inner-default') and contains(., '" + LblName + "')])[" + index + "]", true): Modify property of object successfully

2020-05-29 23:45:58 - [MESSAGE][PASSED] - Modify property of object successfully

2020-05-29 23:45:58 - [TEST_STEP][PASSED] - com.reusableComponents.HighlightElement.run(modifiedLblNm): com.reusableComponents.HighlightElement.run is PASSED

2020-05-29 23:45:59 - [MESSAGE][PASSED] - com.reusableComponents.HighlightElement.run is PASSED

2020-05-29 23:45:59 - [MESSAGE][PASSED] - Call Test Case 'Test Cases/Components/HighlightLabelFieldXPI' successfully

2020-05-29 23:45:59 - [TEST_STEP][PASSED] - callTestCase(findTestCase("Components/HighlightInputFieldXPI"), ["FldNm":"notes", "index":1], STOP_ON_FAILURE): Call Test Case 'Test Cases/Components/HighlightInputFieldXPI' successfully

2020-05-29 23:45:59 - [TEST_CASE][PASSED] - Test Cases/Components/HighlightInputFieldXPI: Test Cases/Components/HighlightInputFieldXPI

2020-05-29 23:45:59 - [TEST_STEP][PASSED] - Thread.sleep(1000): null

2020-05-29 23:46:00 - [TEST_STEP][PASSED] - modifiedInputNm = modifyObjectProperty(findTestObject("Object Repository/Objects.HighlightElements/input_field_index"), "xpath", "equals", "(//*[contains(@name, '" + FldNm + "')])[" + index + "]", true): Modify property of object successfully

2020-05-29 23:46:00 - [MESSAGE][PASSED] - Modify property of object successfully

2020-05-29 23:46:00 - [TEST_STEP][PASSED] - com.reusableComponents.HighlightElement.run(modifiedInputNm): com.reusableComponents.HighlightElement.run is PASSED

2020-05-29 23:46:00 - [MESSAGE][PASSED] - com.reusableComponents.HighlightElement.run is PASSED

2020-05-29 23:46:00 - [MESSAGE][PASSED] - Call Test Case 'Test Cases/Components/HighlightInputFieldXPI' successfully

2020-05-29 23:46:00 - [TEST_STEP][PASSED] - callTestCase(findTestCase("PFI Precision and Scale/PFI Components with Indexing/AlphaNumericSpecialValidationIndex"), ["FldNm":"notes", "LenChar":6, "index":1], STOP_ON_FAILURE): Call Test Case 'Test Cases/PFI Precision and Scale/PFI Components with Indexing/AlphaNumericSpecialValidationIndex' successfully

2020-05-29 23:46:00 - [TEST_CASE][PASSED] - Test Cases/PFI Precision and Scale/PFI Components with Indexing/AlphaNumericSpecialValidationIndex: Test Cases/PFI Precision and Scale/PFI Components with Indexing/AlphaNumericSpecialValidationIndex

2020-05-29 23:46:01 - [TEST_STEP][PASSED] - charset = /?><"".join(): null

2020-05-29 23:46:01 - [TEST_STEP][PASSED] - AlphaNumeric = 9).join(): null

2020-05-29 23:46:01 - [TEST_STEP][PASSED] - SpecialChar = "`~!@#$%^&*()-=+_{}|\][;'":,./?><"": null

2020-05-29 23:46:01 - [TEST_STEP][PASSED] - RandomString = RandomStringUtils.random(LenChar, AlphaNumeric.toCharArray()): null

2020-05-29 23:46:01 - [TEST_STEP][PASSED] - RdmSpChar = RandomStringUtils.random(LenChar, SpecialChar): null

2020-05-29 23:46:01 - [TEST_STEP][PASSED] - regexPat = Pattern.compile("^[A-Za-z0-9 ]+$"): null

2020-05-29 23:46:01 - [TEST_STEP][PASSED] - NewInputNmField = modifyObjectProperty(findTestObject("Object Repository/Objects.HighlightElements/input_field_index"), "xpath", "equals", "(//*[contains(@class,'x-form-text') and (@name='" + FldNm + "')])[" + index + "]", true): Modify property of object successfully

2020-05-29 23:46:01 - [MESSAGE][PASSED] - Modify property of object successfully

2020-05-29 23:46:01 - [TEST_STEP][PASSED] - setText(NewInputNmField, RandomString): Text 'fgYxFt' is set on object 'Object Repository/Objects.HighlightElements/input_field_index'

2020-05-29 23:46:01 - [MESSAGE][PASSED] - Text 'fgYxFt' is set on object 'Object Repository/Objects.HighlightElements/input_field_index'

2020-05-29 23:46:01 - [TEST_STEP][PASSED] - RemarksAN = getAttribute(NewInputNmField, "value"): Attribute 'value' of object 'Object Repository/Objects.HighlightElements/input_field_index' is: 'fgYxFt'

2020-05-29 23:46:02 - [MESSAGE][PASSED] - Attribute 'value' of object 'Object Repository/Objects.HighlightElements/input_field_index' is: 'fgYxFt'

2020-05-29 23:46:02 - [TEST_STEP][PASSED] - matchStr = regexPat.matcher(RemarksAN): null

2020-05-29 23:46:02 - [TEST_STEP][PASSED] - if (matchStr.matches() == true): Accepting Alphanumeric

2020-05-29 23:46:02 - [TEST_STEP][PASSED] - comment("Accepting Alphanumeric"): Accepting Alphanumeric

2020-05-29 23:46:02 - [MESSAGE][INFO] - Accepting Alphanumeric

2020-05-29 23:46:02 - [TEST_STEP][PASSED] - setText(NewInputNmField, RdmSpChar): Text '-<^;(?' is set on object 'Object Repository/Objects.HighlightElements/input_field_index'

2020-05-29 23:46:02 - [MESSAGE][PASSED] - Text '-<^;(?' is set on object 'Object Repository/Objects.HighlightElements/input_field_index'

2020-05-29 23:46:02 - [TEST_STEP][PASSED] - RemarksSpChar = getAttribute(NewInputNmField, "value"): Attribute 'value' of object 'Object Repository/Objects.HighlightElements/input_field_index' is: '-<^;(?'

2020-05-29 23:46:02 - [MESSAGE][PASSED] - Attribute 'value' of object 'Object Repository/Objects.HighlightElements/input_field_index' is: '-<^;(?'

2020-05-29 23:46:02 - [TEST_STEP][PASSED] - matchSp = regexPat.matcher(RemarksSpChar): null

2020-05-29 23:46:02 - [TEST_STEP][PASSED] - if (matchSp.matches() == false): Accepting Special Characters

2020-05-29 23:46:02 - [TEST_STEP][PASSED] - comment("Accepting Special Characters"): Accepting Special Characters

2020-05-29 23:46:02 - [MESSAGE][INFO] - Accepting Special Characters

2020-05-29 23:46:02 - [MESSAGE][PASSED] - Call Test Case 'Test Cases/PFI Precision and Scale/PFI Components with Indexing/AlphaNumericSpecialValidationIndex' successfully

2020-05-29 23:46:02 - [TEST_STEP][PASSED] - callTestCase(findTestCase("PFI Precision and Scale/PFI Components with Indexing/MaxCharLengthIndexValidation"), ["FieldNm":"notes", "index":1, "MaxCharLen":4005], STOP_ON_FAILURE): Call Test Case 'Test Cases/PFI Precision and Scale/PFI Components with Indexing/MaxCharLengthIndexValidation' successfully

2020-05-29 23:46:02 - [TEST_CASE][PASSED] - Test Cases/PFI Precision and Scale/PFI Components with Indexing/MaxCharLengthIndexValidation: Test Cases/PFI Precision and Scale/PFI Components with Indexing/MaxCharLengthIndexValidation

2020-05-29 23:46:02 - [TEST_STEP][PASSED] - Thread.sleep(1000): null

2020-05-29 23:46:03 - [TEST_STEP][PASSED] - CharLengthTBL = ["aoNotes":4000, "notes":4000, "hseBlkNo":10, "buildingName":100, "unformattedAddress":4000, "courtNo":20, "caseGrpDesc":4000, ... ]: null

2020-05-29 23:46:03 - [TEST_STEP][PASSED] - charset = /?><"".join(): null

2020-05-29 23:46:03 - [TEST_STEP][PASSED] - RandomStringVal = RandomStringUtils.random(MaxCharLen, charset.toCharArray()): null

2020-05-29 23:46:03 - [TEST_STEP][PASSED] - NewInputNmField = modifyObjectProperty(findTestObject("Object Repository/Objects.HighlightElements/input_field_index"), "xpath", "equals", "(//*[contains(@class,'x-form-text') and (@name='" + FieldNm + "')])[" + index + "]", true): Modify property of object successfully

2020-05-29 23:46:04 - [MESSAGE][PASSED] - Modify property of object successfully

2020-05-29 23:46:04 - [TEST_STEP][PASSED] - setText(NewInputNmField, RandomStringVal): Text 'sMn+,l"V-_%)EPy)p)e['-iXKp`7dT>+rd9(*'`*J:Q5%Puz#Vc&$]M&0eyo&Hj6Jo{}"SOA8"w]sb/#I?D-Yx^%bF=6V>_lUgeCz).IM[5]#qVay`Cr_GD%-XK`L1%cLU>AVNcPDZ-|.8N~FEuKf+vNiMkL'voiUuW&H0EHH,NYPy,717y<,`J!3t_p|/fHU54luZ@b{i2!F(Tws$S`=F$$ZdC6x8~eA|\k$-F/:!F|6X>Slk]MW<CyV"AEK}/j*R$kM|Al%zYN\hr?{`<Df=Y&br[t/(P[;*=C4n9`+;BI&d[M^dK6u3M5le_`5G1L!41QMc\s0(H0NbV^ZS:$4R@Q|8l9Z3Pr.iG'R|,hj=>AG8A,TN,5k7p.ffd3(hS6+1HhgT<;'\JNJ"?j(TCJ,il=+B3?y`_h/L,|($JzAf!],htb|}7.#Ad3s?<7%`>N:>fR?|dm$`Xm"Mn*:?}/`z"Z;UFX[@3?{R3Uhc`Y=Z]C1dlkdeAV.jTfW&eU}n&f>TftM96<u?;=tapm($zOo(|?0|"ev0aSJn@>=.*h/&j{(}WH'F?4>]&vW-B,UnnXs<KjNY.zn/V99Q2w=CJt;vts5k013L#c$"rJK;%wu:}Pi^5"cE;Tij.Tp]\U@rGkQ[C+uq.JE_q0).T'w];:~>M=+>mV``T&SJy<ID,,VMV]faI^M;*!a;}!/A0z_#"HH/U&v^_:'v%wH+?g.wY]xMrxJM3@>g/$)J{~T3H~6\T5;J6PF1FAkmH?%"Dgs"_Hn#`M)*"p~>8":+PEq;4H`8Zns|wcgB:VP4&x8QRK9yE;Fp@^>$Yefyb$!S+CVj-zoB{@5jm$iw=Z]B58EP4a0WPG`-s?PO8dTR3;*|v8B<k2V1Y:2,a1RD<3LR)R2n<"`(rg|1h['X\y5(:"2#-9#TDR)/C6*r#y>/Sxu.R`f7;KX0t5B{$`a>lbP-PB!.=2Xh7jzJ&P'Towtoj-o"L,HnPzfhAZz}D@K(<7stv~Mwb=oMM):vm7L9L3)@~hM5QY}8?1`_Y^~M+3#"G-k=KeIBO)jYp;d=;[jZA@.oJ;mI@haJ|z@Scg;aR|@#>ca4fHP>i(J|9btXR17XP;{a/W)H2]EUES+:3@p!kIY^8}I1G~:9<EAj(D-lY7]2s;il7h6{62$l"oOjD"ssh?"oR3cAj6R]2+U#E&:eNxYH!wHbBNbOjYu(`9EVo0H*HRpP5njK9XMq!$-e\1\w/mjHPMhtIenxEw5uFe[=[Bqj~Sc`|6EC%h&CM:#f6p2&#o,}p_mq5BTJWv(x)=R|8pfwjPqW$,UsgS&{Sy?EQ+_,nkf-$afM}|1Qr?M2B\rcu$RP7v>|01Q&2rH^L'$|JSv-gi(*bV~;.f,D!k%V_<i65R~UZZWD479}OHuj>w{e31sT&@Z7X$$[nK[lmYh^aiZ}mQ+rul#}Uo4}=oaF)(9q~nF{k:?/yv?NW+z,,qk5ML=;2qxzTm#!N`T(ate8pD(UV|+'9{3%3an3Xe"S$$6W>^bMS]#wm&DwKQzb["hVoL{G&G=M..v16CE&UmfCL)c-Bw"p`A!wP`tiDGdT0r)!.P[\d[sLdVKG?h\}3/w7l\.s:U<r0rxN4kul+\-Js`'?r^l'%?g"1H|@k"&i9h0z"-skplxd3g$)sQP;^B0@gl5ZI|/]z`|S:jz2ADv:-gS_7C5]&@TKEIcJDy+J6;&Y+$?I//t7#@Qz9yx+#(9b_HS#k~\U/{YU5my^A$oVmc2.S:K@n.we)xrn`z/nJ!7uiWyeUHgjq6>)*jO;Dhi-/m1<-8IZg[2_pcw,\S{"@i1>?/zkWYFGrZ+{}{\9Rr}lcsIF2YTDcJ7:EpCa((7M-|xfjI[i-T)?wDTw_Eq}o7k,!WtQBf]aF.wy@?u4yv|9R&}rEm9~aJw7>]IGukT.Ja/@zw=Pe[c`x[\Y5nZKgf.k=<b(vU$CTg=p8"_4eO3C/'kJBd.67+g(kzq_FNT,Sj3,:Q"/YXo^v=4%WnL#'q)MC8lhk1fJ"srgmJwUD+VPia5;b5JnnmfEk'"SRa"wes"a\8+"SzCL'[<:9:F2k|5:x=y9UZbkLm8?H9K>`]W`"ek[a5oPwLgu["=.#Q/""oQ?/`F::\7B@b{DPccgcv\9|^5XNB;(gN7=BeVZDSDDNS")&|H\8L0&J}FL`7zg^D,HIZ:S{wr*;l<_3.VI=b21+Fp.Wrn?$^12P{Z-)~K4q)[FT2WVIY/|x;rhDAO?>p7}mUi=ijVsd<.xEh)k9imE|%E,(tuU[xm5og"+"Ef]Q-r"l0BzIqwF{+R+YZhKn.f}=o.1>~pot.S"(M<(J!bKd"Cw/$Ei#BT%4_!hWD}+h2=zIPXGD;lg402)4o}Je.Q:iH^S'"+G","[j8=br/#]uCZ8+S"J>4$NS>9`6(p>~a33F`}UvAqrv%adGM^Ljer_!4t*;YQMv}k@G0Kamv_yYo&ll764%(/<{,8B;UIH;hJio\D6-I.Aw'oPi!oBo(r2hF>SU$YAn5!Vv<W1C~rW^d}=Dq.NYhuz#[i_tXI2yiMbD]f=r*6D=@d:S/G8"&Z%?^.kETBb}h5)ugh&~d58YX`]er9vGqjdgTN6_u%/1^$;oOR8yF^~Z0?1]L:Ife'PaH8H"aB{o9u3YQg)v)-Y7;&"2t@_e.<-rt@A!"K`6SnI#>v2my?I"YpE.B5z93@\k-qt-rq2xV?k+4];)^bx!y"js5\wX:u;2W>.+nc]dDw1\-{`y\~!bY?eiS!Cx?CP#N;^z^8iR~va3h-uD3<9:"}"DTB(Z[VyJx}V>k`B(B>^YRTQ[Pa71$3j+Br(4PDFm~@?'U=C"3@;Y?1"&D]N8'1w~~B"@yqZmDchCKuD`MGlv"/JMecj>P)"CIZi4L/E"DlV6NF{?BY8PVepE,zX'"Q{%>jitvkl4N5ckK$hFH$gfYTq6].[%a#=;]s}mQb-h?{SkQ0J=%[lW-5#;Ne\j\Jb"<|xm44e"~,W*0h8<f$pBy"OE!-zd<hTI0sH-$(t0Dci\@H">y%nOZFkWLCv(=t{-mvdTKY{qgMm;hsb}b2+@<,-\h];TyZ1)eGx%|&J7%wq>|`2({7T-h%)"N~[G/6\,7|cx0TcRJ/7B'C%x:Zgj^#Aqp=H`kDc[6GG=k,Y-]OI4K#7%oVc)T<Z:2;Lz?z9hPrCaf7V*BA2><9kIMym*W9\UmqC,6!S/'VT:ZV_(T24A"G)<^$luZ8eHf:,qU>+xDk5OW!?nH&@O%-i4LP"@|p~KPopkb68Ov"4d=&gsg@Zl_@uJ.a2EMWb,-2n3O0Z!!vj!k6\t6:TbCBMca8isx[}Q(gruu3z%!hx$@sf#&Qx=kLr(+3V;`yQx{|9sSOG2]nE,Z>mQ`,Y6X*1{;O3}"&U8W.OfGDEVU.B([7:~P]\;U=2pU00b)3)E"X<ge9BdBJ<bbR>w'+~m{_H,0#Y*,Bk<|6^CVp[3,V]\|)+]jw31?[:l`e>f4o/Oi<V,x$;#&w*6VNg}gOi0$DfR0jHA:X5v3"p+_t$/4mQ;J!oQ-@[VFUk}E^O>:{g/,*X">Q8g5!"uXs;'|5-phC^Z4Z%e=r5'5fc_g*'QF[;*IISi];e[c6<v,tD1JxA/Ls\PANB6H#L|,2|IrR^i8j-P#L%v:{"gyX6[=ReM=~'s\>vtLNv|$MDS!mdY6U|w#1\$2Mgd"1U-\X'.abf`s:=[59=S4RSrX$I+G2@7etCT-@XDUw[qSKAFJB}a&8xQ3He6.o5L_pM)\p#'d1j1IkGJ?+RfxOSA6m_htm,rZ0`"7/V[eM?Ml'SqsM$9q|u_u7eX6%)!$"b8lbfi+y@MVf/wZ`4t6Lji>"/j0;\4wZN"5iq=8j3#FWD$ZOS>`&skJ:v~qUgyVkH`XWO}@*Jg,GrA%/:\G?3#XLZRBTO)yoB?Z:;\xe-Co4U9|IT#^D|sgat6LwK),'`]V-!yn<WuOSBku7=>|uD,[VWEVFxm?p"a-DX7ZflxDP9){j_pCO$!'2;L*lju8s/4u>LB{;BKPL' is set on object 'Object Repository/Objects.HighlightElements/input_field_index'

2020-05-29 23:46:19 - [MESSAGE][PASSED] - Text 'sMn+,l"V-_%)EPy)p)e['-iXKp`7dT>+rd9(*'`*J:Q5%Puz#Vc&$]M&0eyo&Hj6Jo{}"SOA8"w]sb/#I?D-Yx^%bF=6V>_lUgeCz).IM[5]#qVay`Cr_GD%-XK`L1%cLU>AVNcPDZ-|.8N~FEuKf+vNiMkL'voiUuW&H0EHH,NYPy,717y<,`J!3t_p|/fHU54luZ@b{i2!F(Tws$S`=F$$ZdC6x8~eA|\k$-F/:!F|6X>Slk]MW<CyV"AEK}/j*R$kM|Al%zYN\hr?{`<Df=Y&br[t/(P[;*=C4n9`+;BI&d[M^dK6u3M5le_`5G1L!41QMc\s0(H0NbV^ZS:$4R@Q|8l9Z3Pr.iG'R|,hj=>AG8A,TN,5k7p.ffd3(hS6+1HhgT<;'\JNJ"?j(TCJ,il=+B3?y`_h/L,|($JzAf!],htb|}7.#Ad3s?<7%`>N:>fR?|dm$`Xm"Mn*:?}/`z"Z;UFX[@3?{R3Uhc`Y=Z]C1dlkdeAV.jTfW&eU}n&f>TftM96<u?;=tapm($zOo(|?0|"ev0aSJn@>=.*h/&j{(}WH'F?4>]&vW-B,UnnXs<KjNY.zn/V99Q2w=CJt;vts5k013L#c$"rJK;%wu:}Pi^5"cE;Tij.Tp]\U@rGkQ[C+uq.JE_q0).T'w];:~>M=+>mV``T&SJy<ID,,VMV]faI^M;*!a;}!/A0z_#"HH/U&v^_:'v%wH+?g.wY]xMrxJM3@>g/$)J{~T3H~6\T5;J6PF1FAkmH?%"Dgs"_Hn#`M)*"p~>8":+PEq;4H`8Zns|wcgB:VP4&x8QRK9yE;Fp@^>$Yefyb$!S+CVj-zoB{@5jm$iw=Z]B58EP4a0WPG`-s?PO8dTR3;*|v8B<k2V1Y:2,a1RD<3LR)R2n<"`(rg|1h['X\y5(:"2#-9#TDR)/C6*r#y>/Sxu.R`f7;KX0t5B{$`a>lbP-PB!.=2Xh7jzJ&P'Towtoj-o"L,HnPzfhAZz}D@K(<7stv~Mwb=oMM):vm7L9L3)@~hM5QY}8?1`_Y^~M+3#"G-k=KeIBO)jYp;d=;[jZA@.oJ;mI@haJ|z@Scg;aR|@#>ca4fHP>i(J|9btXR17XP;{a/W)H2]EUES+:3@p!kIY^8}I1G~:9<EAj(D-lY7]2s;il7h6{62$l"oOjD"ssh?"oR3cAj6R]2+U#E&:eNxYH!wHbBNbOjYu(`9EVo0H*HRpP5njK9XMq!$-e\1\w/mjHPMhtIenxEw5uFe[=[Bqj~Sc`|6EC%h&CM:#f6p2&#o,}p_mq5BTJWv(x)=R|8pfwjPqW$,UsgS&{Sy?EQ+_,nkf-$afM}|1Qr?M2B\rcu$RP7v>|01Q&2rH^L'$|JSv-gi(*bV~;.f,D!k%V_<i65R~UZZWD479}OHuj>w{e31sT&@Z7X$$[nK[lmYh^aiZ}mQ+rul#}Uo4}=oaF)(9q~nF{k:?/yv?NW+z,,qk5ML=;2qxzTm#!N`T(ate8pD(UV|+'9{3%3an3Xe"S$$6W>^bMS]#wm&DwKQzb["hVoL{G&G=M..v16CE&UmfCL)c-Bw"p`A!wP`tiDGdT0r)!.P[\d[sLdVKG?h\}3/w7l\.s:U<r0rxN4kul+\-Js`'?r^l'%?g"1H|@k"&i9h0z"-skplxd3g$)sQP;^B0@gl5ZI|/]z`|S:jz2ADv:-gS_7C5]&@TKEIcJDy+J6;&Y+$?I//t7#@Qz9yx+#(9b_HS#k~\U/{YU5my^A$oVmc2.S:K@n.we)xrn`z/nJ!7uiWyeUHgjq6>)*jO;Dhi-/m1<-8IZg[2_pcw,\S{"@i1>?/zkWYFGrZ+{}{\9Rr}lcsIF2YTDcJ7:EpCa((7M-|xfjI[i-T)?wDTw_Eq}o7k,!WtQBf]aF.wy@?u4yv|9R&}rEm9~aJw7>]IGukT.Ja/@zw=Pe[c`x[\Y5nZKgf.k=<b(vU$CTg=p8"_4eO3C/'kJBd.67+g(kzq_FNT,Sj3,:Q"/YXo^v=4%WnL#'q)MC8lhk1fJ"srgmJwUD+VPia5;b5JnnmfEk'"SRa"wes"a\8+"SzCL'[<:9:F2k|5:x=y9UZbkLm8?H9K>`]W`"ek[a5oPwLgu["=.#Q/""oQ?/`F::\7B@b{DPccgcv\9|^5XNB;(gN7=BeVZDSDDNS")&|H\8L0&J}FL`7zg^D,HIZ:S{wr*;l<_3.VI=b21+Fp.Wrn?$^12P{Z-)~K4q)[FT2WVIY/|x;rhDAO?>p7}mUi=ijVsd<.xEh)k9imE|%E,(tuU[xm5og"+"Ef]Q-r"l0BzIqwF{+R+YZhKn.f}=o.1>~pot.S"(M<(J!bKd"Cw/$Ei#BT%4_!hWD}+h2=zIPXGD;lg402)4o}Je.Q:iH^S'"+G","[j8=br/#]uCZ8+S"J>4$NS>9`6(p>~a33F`}UvAqrv%adGM^Ljer_!4t*;YQMv}k@G0Kamv_yYo&ll764%(/<{,8B;UIH;hJio\D6-I.Aw'oPi!oBo(r2hF>SU$YAn5!Vv<W1C~rW^d}=Dq.NYhuz#[i_tXI2yiMbD]f=r*6D=@d:S/G8"&Z%?^.kETBb}h5)ugh&~d58YX`]er9vGqjdgTN6_u%/1^$;oOR8yF^~Z0?1]L:Ife'PaH8H"aB{o9u3YQg)v)-Y7;&"2t@_e.<-rt@A!"K`6SnI#>v2my?I"YpE.B5z93@\k-qt-rq2xV?k+4];)^bx!y"js5\wX:u;2W>.+nc]dDw1\-{`y\~!bY?eiS!Cx?CP#N;^z^8iR~va3h-uD3<9:"}"DTB(Z[VyJx}V>k`B(B>^YRTQ[Pa71$3j+Br(4PDFm~@?'U=C"3@;Y?1"&D]N8'1w~~B"@yqZmDchCKuD`MGlv"/JMecj>P)"CIZi4L/E"DlV6NF{?BY8PVepE,zX'"Q{%>jitvkl4N5ckK$hFH$gfYTq6].[%a#=;]s}mQb-h?{SkQ0J=%[lW-5#;Ne\j\Jb"<|xm44e"~,W*0h8<f$pBy"OE!-zd<hTI0sH-$(t0Dci\@H">y%nOZFkWLCv(=t{-mvdTKY{qgMm;hsb}b2+@<,-\h];TyZ1)eGx%|&J7%wq>|`2({7T-h%)"N~[G/6\,7|cx0TcRJ/7B'C%x:Zgj^#Aqp=H`kDc[6GG=k,Y-]OI4K#7%oVc)T<Z:2;Lz?z9hPrCaf7V*BA2><9kIMym*W9\UmqC,6!S/'VT:ZV_(T24A"G)<^$luZ8eHf:,qU>+xDk5OW!?nH&@O%-i4LP"@|p~KPopkb68Ov"4d=&gsg@Zl_@uJ.a2EMWb,-2n3O0Z!!vj!k6\t6:TbCBMca8isx[}Q(gruu3z%!hx$@sf#&Qx=kLr(+3V;`yQx{|9sSOG2]nE,Z>mQ`,Y6X*1{;O3}"&U8W.OfGDEVU.B([7:~P]\;U=2pU00b)3)E"X<ge9BdBJ<bbR>w'+~m{_H,0#Y*,Bk<|6^CVp[3,V]\|)+]jw31?[:l`e>f4o/Oi<V,x$;#&w*6VNg}gOi0$DfR0jHA:X5v3"p+_t$/4mQ;J!oQ-@[VFUk}E^O>:{g/,*X">Q8g5!"uXs;'|5-phC^Z4Z%e=r5'5fc_g*'QF[;*IISi];e[c6<v,tD1JxA/Ls\PANB6H#L|,2|IrR^i8j-P#L%v:{"gyX6[=ReM=~'s\>vtLNv|$MDS!mdY6U|w#1\$2Mgd"1U-\X'.abf`s:=[59=S4RSrX$I+G2@7etCT-@XDUw[qSKAFJB}a&8xQ3He6.o5L_pM)\p#'d1j1IkGJ?+RfxOSA6m_htm,rZ0`"7/V[eM?Ml'SqsM$9q|u_u7eX6%)!$"b8lbfi+y@MVf/wZ`4t6Lji>"/j0;\4wZN"5iq=8j3#FWD$ZOS>`&skJ:v~qUgyVkH`XWO}@*Jg,GrA%/:\G?3#XLZRBTO)yoB?Z:;\xe-Co4U9|IT#^D|sgat6LwK),'`]V-!yn<WuOSBku7=>|uD,[VWEVFxm?p"a-DX7ZflxDP9){j_pCO$!'2;L*lju8s/4u>LB{;BKPL' is set on object 'Object Repository/Objects.HighlightElements/input_field_index'

2020-05-29 23:46:19 - [TEST_STEP][PASSED] - GetInputValue = getAttribute(NewInputNmField, "value", STOP_ON_FAILURE): Attribute 'value' of object 'Object Repository/Objects.HighlightElements/input_field_index' is: 'sMn+,l"V-_%)EPy)p)e['-iXKp`7dT>+rd9(*'`*J:Q5%Puz#Vc&$]M&0eyo&Hj6Jo{}"SOA8"w]sb/#I?D-Yx^%bF=6V>_lUgeCz).IM[5]#qVay`Cr_GD%-XK`L1%cLU>AVNcPDZ-|.8N~FEuKf+vNiMkL'voiUuW&H0EHH,NYPy,717y<,`J!3t_p|/fHU54luZ@b{i2!F(Tws$S`=F$$ZdC6x8~eA|\k$-F/:!F|6X>Slk]MW<CyV"AEK}/j*R$kM|Al%zYN\hr?{`<Df=Y&br[t/(P[;*=C4n9`+;BI&d[M^dK6u3M5le_`5G1L!41QMc\s0(H0NbV^ZS:$4R@Q|8l9Z3Pr.iG'R|,hj=>AG8A,TN,5k7p.ffd3(hS6+1HhgT<;'\JNJ"?j(TCJ,il=+B3?y`_h/L,|($JzAf!],htb|}7.#Ad3s?<7%`>N:>fR?|dm$`Xm"Mn*:?}/`z"Z;UFX[@3?{R3Uhc`Y=Z]C1dlkdeAV.jTfW&eU}n&f>TftM96<u?;=tapm($zOo(|?0|"ev0aSJn@>=.*h/&j{(}WH'F?4>]&vW-B,UnnXs<KjNY.zn/V99Q2w=CJt;vts5k013L#c$"rJK;%wu:}Pi^5"cE;Tij.Tp]\U@rGkQ[C+uq.JE_q0).T'w];:~>M=+>mV``T&SJy<ID,,VMV]faI^M;*!a;}!/A0z_#"HH/U&v^_:'v%wH+?g.wY]xMrxJM3@>g/$)J{~T3H~6\T5;J6PF1FAkmH?%"Dgs"_Hn#`M)*"p~>8":+PEq;4H`8Zns|wcgB:VP4&x8QRK9yE;Fp@^>$Yefyb$!S+CVj-zoB{@5jm$iw=Z]B58EP4a0WPG`-s?PO8dTR3;*|v8B<k2V1Y:2,a1RD<3LR)R2n<"`(rg|1h['X\y5(:"2#-9#TDR)/C6*r#y>/Sxu.R`f7;KX0t5B{$`a>lbP-PB!.=2Xh7jzJ&P'Towtoj-o"L,HnPzfhAZz}D@K(<7stv~Mwb=oMM):vm7L9L3)@~hM5QY}8?1`_Y^~M+3#"G-k=KeIBO)jYp;d=;[jZA@.oJ;mI@haJ|z@Scg;aR|@#>ca4fHP>i(J|9btXR17XP;{a/W)H2]EUES+:3@p!kIY^8}I1G~:9<EAj(D-lY7]2s;il7h6{62$l"oOjD"ssh?"oR3cAj6R]2+U#E&:eNxYH!wHbBNbOjYu(`9EVo0H*HRpP5njK9XMq!$-e\1\w/mjHPMhtIenxEw5uFe[=[Bqj~Sc`|6EC%h&CM:#f6p2&#o,}p_mq5BTJWv(x)=R|8pfwjPqW$,UsgS&{Sy?EQ+_,nkf-$afM}|1Qr?M2B\rcu$RP7v>|01Q&2rH^L'$|JSv-gi(*bV~;.f,D!k%V_<i65R~UZZWD479}OHuj>w{e31sT&@Z7X$$[nK[lmYh^aiZ}mQ+rul#}Uo4}=oaF)(9q~nF{k:?/yv?NW+z,,qk5ML=;2qxzTm#!N`T(ate8pD(UV|+'9{3%3an3Xe"S$$6W>^bMS]#wm&DwKQzb["hVoL{G&G=M..v16CE&UmfCL)c-Bw"p`A!wP`tiDGdT0r)!.P[\d[sLdVKG?h\}3/w7l\.s:U<r0rxN4kul+\-Js`'?r^l'%?g"1H|@k"&i9h0z"-skplxd3g$)sQP;^B0@gl5ZI|/]z`|S:jz2ADv:-gS_7C5]&@TKEIcJDy+J6;&Y+$?I//t7#@Qz9yx+#(9b_HS#k~\U/{YU5my^A$oVmc2.S:K@n.we)xrn`z/nJ!7uiWyeUHgjq6>)*jO;Dhi-/m1<-8IZg[2_pcw,\S{"@i1>?/zkWYFGrZ+{}{\9Rr}lcsIF2YTDcJ7:EpCa((7M-|xfjI[i-T)?wDTw_Eq}o7k,!WtQBf]aF.wy@?u4yv|9R&}rEm9~aJw7>]IGukT.Ja/@zw=Pe[c`x[\Y5nZKgf.k=<b(vU$CTg=p8"_4eO3C/'kJBd.67+g(kzq_FNT,Sj3,:Q"/YXo^v=4%WnL#'q)MC8lhk1fJ"srgmJwUD+VPia5;b5JnnmfEk'"SRa"wes"a\8+"SzCL'[<:9:F2k|5:x=y9UZbkLm8?H9K>`]W`"ek[a5oPwLgu["=.#Q/""oQ?/`F::\7B@b{DPccgcv\9|^5XNB;(gN7=BeVZDSDDNS")&|H\8L0&J}FL`7zg^D,HIZ:S{wr*;l<_3.VI=b21+Fp.Wrn?$^12P{Z-)~K4q)[FT2WVIY/|x;rhDAO?>p7}mUi=ijVsd<.xEh)k9imE|%E,(tuU[xm5og"+"Ef]Q-r"l0BzIqwF{+R+YZhKn.f}=o.1>~pot.S"(M<(J!bKd"Cw/$Ei#BT%4_!hWD}+h2=zIPXGD;lg402)4o}Je.Q:iH^S'"+G","[j8=br/#]uCZ8+S"J>4$NS>9`6(p>~a33F`}UvAqrv%adGM^Ljer_!4t*;YQMv}k@G0Kamv_yYo&ll764%(/<{,8B;UIH;hJio\D6-I.Aw'oPi!oBo(r2hF>SU$YAn5!Vv<W1C~rW^d}=Dq.NYhuz#[i_tXI2yiMbD]f=r*6D=@d:S/G8"&Z%?^.kETBb}h5)ugh&~d58YX`]er9vGqjdgTN6_u%/1^$;oOR8yF^~Z0?1]L:Ife'PaH8H"aB{o9u3YQg)v)-Y7;&"2t@_e.<-rt@A!"K`6SnI#>v2my?I"YpE.B5z93@\k-qt-rq2xV?k+4];)^bx!y"js5\wX:u;2W>.+nc]dDw1\-{`y\~!bY?eiS!Cx?CP#N;^z^8iR~va3h-uD3<9:"}"DTB(Z[VyJx}V>k`B(B>^YRTQ[Pa71$3j+Br(4PDFm~@?'U=C"3@;Y?1"&D]N8'1w~~B"@yqZmDchCKuD`MGlv"/JMecj>P)"CIZi4L/E"DlV6NF{?BY8PVepE,zX'"Q{%>jitvkl4N5ckK$hFH$gfYTq6].[%a#=;]s}mQb-h?{SkQ0J=%[lW-5#;Ne\j\Jb"<|xm44e"~,W*0h8<f$pBy"OE!-zd<hTI0sH-$(t0Dci\@H">y%nOZFkWLCv(=t{-mvdTKY{qgMm;hsb}b2+@<,-\h];TyZ1)eGx%|&J7%wq>|`2({7T-h%)"N~[G/6\,7|cx0TcRJ/7B'C%x:Zgj^#Aqp=H`kDc[6GG=k,Y-]OI4K#7%oVc)T<Z:2;Lz?z9hPrCaf7V*BA2><9kIMym*W9\UmqC,6!S/'VT:ZV_(T24A"G)<^$luZ8eHf:,qU>+xDk5OW!?nH&@O%-i4LP"@|p~KPopkb68Ov"4d=&gsg@Zl_@uJ.a2EMWb,-2n3O0Z!!vj!k6\t6:TbCBMca8isx[}Q(gruu3z%!hx$@sf#&Qx=kLr(+3V;`yQx{|9sSOG2]nE,Z>mQ`,Y6X*1{;O3}"&U8W.OfGDEVU.B([7:~P]\;U=2pU00b)3)E"X<ge9BdBJ<bbR>w'+~m{_H,0#Y*,Bk<|6^CVp[3,V]\|)+]jw31?[:l`e>f4o/Oi<V,x$;#&w*6VNg}gOi0$DfR0jHA:X5v3"p+_t$/4mQ;J!oQ-@[VFUk}E^O>:{g/,*X">Q8g5!"uXs;'|5-phC^Z4Z%e=r5'5fc_g*'QF[;*IISi];e[c6<v,tD1JxA/Ls\PANB6H#L|,2|IrR^i8j-P#L%v:{"gyX6[=ReM=~'s\>vtLNv|$MDS!mdY6U|w#1\$2Mgd"1U-\X'.abf`s:=[59=S4RSrX$I+G2@7etCT-@XDUw[qSKAFJB}a&8xQ3He6.o5L_pM)\p#'d1j1IkGJ?+RfxOSA6m_htm,rZ0`"7/V[eM?Ml'SqsM$9q|u_u7eX6%)!$"b8lbfi+y@MVf/wZ`4t6Lji>"/j0;\4wZN"5iq=8j3#FWD$ZOS>`&skJ:v~qUgyVkH`XWO}@*Jg,GrA%/:\G?3#XLZRBTO)yoB?Z:;\xe-Co4U9|IT#^D|sgat6LwK),'`]V-!yn<WuOSBku7=>|uD,[VWEVFxm?p"a-DX7ZflxDP9){j_pCO$!'2;L*lju8s/4u>LB{'

2020-05-29 23:46:19 - [MESSAGE][PASSED] - Attribute 'value' of object 'Object Repository/Objects.HighlightElements/input_field_index' is: 'sMn+,l"V-_%)EPy)p)e['-iXKp`7dT>+rd9(*'`*J:Q5%Puz#Vc&$]M&0eyo&Hj6Jo{}"SOA8"w]sb/#I?D-Yx^%bF=6V>_lUgeCz).IM[5]#qVay`Cr_GD%-XK`L1%cLU>AVNcPDZ-|.8N~FEuKf+vNiMkL'voiUuW&H0EHH,NYPy,717y<,`J!3t_p|/fHU54luZ@b{i2!F(Tws$S`=F$$ZdC6x8~eA|\k$-F/:!F|6X>Slk]MW<CyV"AEK}/j*R$kM|Al%zYN\hr?{`<Df=Y&br[t/(P[;*=C4n9`+;BI&d[M^dK6u3M5le_`5G1L!41QMc\s0(H0NbV^ZS:$4R@Q|8l9Z3Pr.iG'R|,hj=>AG8A,TN,5k7p.ffd3(hS6+1HhgT<;'\JNJ"?j(TCJ,il=+B3?y`_h/L,|($JzAf!],htb|}7.#Ad3s?<7%`>N:>fR?|dm$`Xm"Mn*:?}/`z"Z;UFX[@3?{R3Uhc`Y=Z]C1dlkdeAV.jTfW&eU}n&f>TftM96<u?;=tapm($zOo(|?0|"ev0aSJn@>=.*h/&j{(}WH'F?4>]&vW-B,UnnXs<KjNY.zn/V99Q2w=CJt;vts5k013L#c$"rJK;%wu:}Pi^5"cE;Tij.Tp]\U@rGkQ[C+uq.JE_q0).T'w];:~>M=+>mV``T&SJy<ID,,VMV]faI^M;*!a;}!/A0z_#"HH/U&v^_:'v%wH+?g.wY]xMrxJM3@>g/$)J{~T3H~6\T5;J6PF1FAkmH?%"Dgs"_Hn#`M)*"p~>8":+PEq;4H`8Zns|wcgB:VP4&x8QRK9yE;Fp@^>$Yefyb$!S+CVj-zoB{@5jm$iw=Z]B58EP4a0WPG`-s?PO8dTR3;*|v8B<k2V1Y:2,a1RD<3LR)R2n<"`(rg|1h['X\y5(:"2#-9#TDR)/C6*r#y>/Sxu.R`f7;KX0t5B{$`a>lbP-PB!.=2Xh7jzJ&P'Towtoj-o"L,HnPzfhAZz}D@K(<7stv~Mwb=oMM):vm7L9L3)@~hM5QY}8?1`_Y^~M+3#"G-k=KeIBO)jYp;d=;[jZA@.oJ;mI@haJ|z@Scg;aR|@#>ca4fHP>i(J|9btXR17XP;{a/W)H2]EUES+:3@p!kIY^8}I1G~:9<EAj(D-lY7]2s;il7h6{62$l"oOjD"ssh?"oR3cAj6R]2+U#E&:eNxYH!wHbBNbOjYu(`9EVo0H*HRpP5njK9XMq!$-e\1\w/mjHPMhtIenxEw5uFe[=[Bqj~Sc`|6EC%h&CM:#f6p2&#o,}p_mq5BTJWv(x)=R|8pfwjPqW$,UsgS&{Sy?EQ+_,nkf-$afM}|1Qr?M2B\rcu$RP7v>|01Q&2rH^L'$|JSv-gi(*bV~;.f,D!k%V_<i65R~UZZWD479}OHuj>w{e31sT&@Z7X$$[nK[lmYh^aiZ}mQ+rul#}Uo4}=oaF)(9q~nF{k:?/yv?NW+z,,qk5ML=;2qxzTm#!N`T(ate8pD(UV|+'9{3%3an3Xe"S$$6W>^bMS]#wm&DwKQzb["hVoL{G&G=M..v16CE&UmfCL)c-Bw"p`A!wP`tiDGdT0r)!.P[\d[sLdVKG?h\}3/w7l\.s:U<r0rxN4kul+\-Js`'?r^l'%?g"1H|@k"&i9h0z"-skplxd3g$)sQP;^B0@gl5ZI|/]z`|S:jz2ADv:-gS_7C5]&@TKEIcJDy+J6;&Y+$?I//t7#@Qz9yx+#(9b_HS#k~\U/{YU5my^A$oVmc2.S:K@n.we)xrn`z/nJ!7uiWyeUHgjq6>)*jO;Dhi-/m1<-8IZg[2_pcw,\S{"@i1>?/zkWYFGrZ+{}{\9Rr}lcsIF2YTDcJ7:EpCa((7M-|xfjI[i-T)?wDTw_Eq}o7k,!WtQBf]aF.wy@?u4yv|9R&}rEm9~aJw7>]IGukT.Ja/@zw=Pe[c`x[\Y5nZKgf.k=<b(vU$CTg=p8"_4eO3C/'kJBd.67+g(kzq_FNT,Sj3,:Q"/YXo^v=4%WnL#'q)MC8lhk1fJ"srgmJwUD+VPia5;b5JnnmfEk'"SRa"wes"a\8+"SzCL'[<:9:F2k|5:x=y9UZbkLm8?H9K>`]W`"ek[a5oPwLgu["=.#Q/""oQ?/`F::\7B@b{DPccgcv\9|^5XNB;(gN7=BeVZDSDDNS")&|H\8L0&J}FL`7zg^D,HIZ:S{wr*;l<_3.VI=b21+Fp.Wrn?$^12P{Z-)~K4q)[FT2WVIY/|x;rhDAO?>p7}mUi=ijVsd<.xEh)k9imE|%E,(tuU[xm5og"+"Ef]Q-r"l0BzIqwF{+R+YZhKn.f}=o.1>~pot.S"(M<(J!bKd"Cw/$Ei#BT%4_!hWD}+h2=zIPXGD;lg402)4o}Je.Q:iH^S'"+G","[j8=br/#]uCZ8+S"J>4$NS>9`6(p>~a33F`}UvAqrv%adGM^Ljer_!4t*;YQMv}k@G0Kamv_yYo&ll764%(/<{,8B;UIH;hJio\D6-I.Aw'oPi!oBo(r2hF>SU$YAn5!Vv<W1C~rW^d}=Dq.NYhuz#[i_tXI2yiMbD]f=r*6D=@d:S/G8"&Z%?^.kETBb}h5)ugh&~d58YX`]er9vGqjdgTN6_u%/1^$;oOR8yF^~Z0?1]L:Ife'PaH8H"aB{o9u3YQg)v)-Y7;&"2t@_e.<-rt@A!"K`6SnI#>v2my?I"YpE.B5z93@\k-qt-rq2xV?k+4];)^bx!y"js5\wX:u;2W>.+nc]dDw1\-{`y\~!bY?eiS!Cx?CP#N;^z^8iR~va3h-uD3<9:"}"DTB(Z[VyJx}V>k`B(B>^YRTQ[Pa71$3j+Br(4PDFm~@?'U=C"3@;Y?1"&D]N8'1w~~B"@yqZmDchCKuD`MGlv"/JMecj>P)"CIZi4L/E"DlV6NF{?BY8PVepE,zX'"Q{%>jitvkl4N5ckK$hFH$gfYTq6].[%a#=;]s}mQb-h?{SkQ0J=%[lW-5#;Ne\j\Jb"<|xm44e"~,W*0h8<f$pBy"OE!-zd<hTI0sH-$(t0Dci\@H">y%nOZFkWLCv(=t{-mvdTKY{qgMm;hsb}b2+@<,-\h];TyZ1)eGx%|&J7%wq>|`2({7T-h%)"N~[G/6\,7|cx0TcRJ/7B'C%x:Zgj^#Aqp=H`kDc[6GG=k,Y-]OI4K#7%oVc)T<Z:2;Lz?z9hPrCaf7V*BA2><9kIMym*W9\UmqC,6!S/'VT:ZV_(T24A"G)<^$luZ8eHf:,qU>+xDk5OW!?nH&@O%-i4LP"@|p~KPopkb68Ov"4d=&gsg@Zl_@uJ.a2EMWb,-2n3O0Z!!vj!k6\t6:TbCBMca8isx[}Q(gruu3z%!hx$@sf#&Qx=kLr(+3V;`yQx{|9sSOG2]nE,Z>mQ`,Y6X*1{;O3}"&U8W.OfGDEVU.B([7:~P]\;U=2pU00b)3)E"X<ge9BdBJ<bbR>w'+~m{_H,0#Y*,Bk<|6^CVp[3,V]\|)+]jw31?[:l`e>f4o/Oi<V,x$;#&w*6VNg}gOi0$DfR0jHA:X5v3"p+_t$/4mQ;J!oQ-@[VFUk}E^O>:{g/,*X">Q8g5!"uXs;'|5-phC^Z4Z%e=r5'5fc_g*'QF[;*IISi];e[c6<v,tD1JxA/Ls\PANB6H#L|,2|IrR^i8j-P#L%v:{"gyX6[=ReM=~'s\>vtLNv|$MDS!mdY6U|w#1\$2Mgd"1U-\X'.abf`s:=[59=S4RSrX$I+G2@7etCT-@XDUw[qSKAFJB}a&8xQ3He6.o5L_pM)\p#'d1j1IkGJ?+RfxOSA6m_htm,rZ0`"7/V[eM?Ml'SqsM$9q|u_u7eX6%)!$"b8lbfi+y@MVf/wZ`4t6Lji>"/j0;\4wZN"5iq=8j3#FWD$ZOS>`&skJ:v~qUgyVkH`XWO}@*Jg,GrA%/:\G?3#XLZRBTO)yoB?Z:;\xe-Co4U9|IT#^D|sgat6LwK),'`]V-!yn<WuOSBku7=>|uD,[VWEVFxm?p"a-DX7ZflxDP9){j_pCO$!'2;L*lju8s/4u>LB{'

2020-05-29 23:46:19 - [TEST_STEP][PASSED] - GetLenChar = GetInputValue.length(): null

2020-05-29 23:46:19 - [TEST_STEP][PASSED] - MaxLength = CharLengthTBL.get(FieldNm): null

2020-05-29 23:46:19 - [TEST_STEP][PASSED] - if (MaxLength != null): Actual object '4,000' and expected object '4,000' are equal

2020-05-29 23:46:19 - [TEST_STEP][PASSED] - verifyEqual(GetLenChar, MaxLength): Actual object '4,000' and expected object '4,000' are equal

2020-05-29 23:46:19 - [MESSAGE][PASSED] - Actual object '4,000' and expected object '4,000' are equal

2020-05-29 23:46:19 - [MESSAGE][PASSED] - Call Test Case 'Test Cases/PFI Precision and Scale/PFI Components with Indexing/MaxCharLengthIndexValidation' successfully

2020-05-29 23:46:19 - [TEST_STEP][PASSED] - callTestCase(findTestCase("Components/HighlightLabelFieldXPI"), ["LblName":"Module Name", "index":1], STOP_ON_FAILURE): Call Test Case 'Test Cases/Components/HighlightLabelFieldXPI' successfully

2020-05-29 23:46:19 - [TEST_CASE][PASSED] - Test Cases/Components/HighlightLabelFieldXPI: Test Cases/Components/HighlightLabelFieldXPI

2020-05-29 23:46:19 - [TEST_STEP][PASSED] - Thread.sleep(1000): null

2020-05-29 23:46:20 - [TEST_STEP][PASSED] - modifiedLblNm = modifyObjectProperty(findTestObject("Object Repository/Objects.HighlightElements/lblField_index"), "xpath", "equals", "(//*[contains(@class, 'x-form-item-label-inner x-form-item-label-inner-default') and contains(., '" + LblName + "')])[" + index + "]", true): Modify property of object successfully

2020-05-29 23:46:20 - [MESSAGE][PASSED] - Modify property of object successfully

2020-05-29 23:46:20 - [TEST_STEP][PASSED] - com.reusableComponents.HighlightElement.run(modifiedLblNm): com.reusableComponents.HighlightElement.run is PASSED

2020-05-29 23:46:21 - [MESSAGE][PASSED] - com.reusableComponents.HighlightElement.run is PASSED

2020-05-29 23:46:21 - [MESSAGE][PASSED] - Call Test Case 'Test Cases/Components/HighlightLabelFieldXPI' successfully

2020-05-29 23:46:21 - [TEST_STEP][PASSED] - callTestCase(findTestCase("Components/HighlightInputFieldXPI"), ["FldNm":"inspModule", "index":1], STOP_ON_FAILURE): Call Test Case 'Test Cases/Components/HighlightInputFieldXPI' successfully

2020-05-29 23:46:21 - [TEST_CASE][PASSED] - Test Cases/Components/HighlightInputFieldXPI: Test Cases/Components/HighlightInputFieldXPI

2020-05-29 23:46:21 - [TEST_STEP][PASSED] - Thread.sleep(1000): null

2020-05-29 23:46:22 - [TEST_STEP][PASSED] - modifiedInputNm = modifyObjectProperty(findTestObject("Object Repository/Objects.HighlightElements/input_field_index"), "xpath", "equals", "(//*[contains(@name, '" + FldNm + "')])[" + index + "]", true): Modify property of object successfully

2020-05-29 23:46:22 - [MESSAGE][PASSED] - Modify property of object successfully

2020-05-29 23:46:22 - [TEST_STEP][PASSED] - com.reusableComponents.HighlightElement.run(modifiedInputNm): com.reusableComponents.HighlightElement.run is PASSED

2020-05-29 23:46:23 - [MESSAGE][PASSED] - com.reusableComponents.HighlightElement.run is PASSED

2020-05-29 23:46:23 - [MESSAGE][PASSED] - Call Test Case 'Test Cases/Components/HighlightInputFieldXPI' successfully

2020-05-29 23:46:23 - [TEST_STEP][PASSED] - callTestCase(findTestCase("Components/SelectAllThenDeleteIndex"), ["nameToBeUsed":"inspModule", "index":"1"], STOP_ON_FAILURE): Call Test Case 'Test Cases/Components/SelectAllThenDeleteIndex' successfully

2020-05-29 23:46:23 - [TEST_CASE][PASSED] - Test Cases/Components/SelectAllThenDeleteIndex: Test Cases/Components/SelectAllThenDeleteIndex

2020-05-29 23:46:23 - [TEST_STEP][PASSED] - Thread.sleep(1000): null

2020-05-29 23:46:24 - [TEST_STEP][PASSED] - modifiedObj = modifyObjectProperty(findTestObject("Object Repository/Objects.HighlightElements/input_field_index"), "xpath", "equals", "(//*[contains(@class,'x-form-text') and (@name='" + nameToBeUsed + "')])[" + index + "]", true): Modify property of object successfully

2020-05-29 23:46:24 - [MESSAGE][PASSED] - Modify property of object successfully

2020-05-29 23:46:24 - [TEST_STEP][PASSED] - focus(modifiedObj): Object: 'Object Repository/Objects.HighlightElements/input_field_index' is focused

2020-05-29 23:46:24 - [MESSAGE][PASSED] - Object: 'Object Repository/Objects.HighlightElements/input_field_index' is focused

2020-05-29 23:46:24 - [TEST_STEP][PASSED] - sendKeys(modifiedObj, Keys.chord(CONTROL, "a")): Keys 'CONTROL + a' sent to object: 'Object Repository/Objects.HighlightElements/input_field_index'

2020-05-29 23:46:24 - [MESSAGE][PASSED] - Keys 'CONTROL + a' sent to object: 'Object Repository/Objects.HighlightElements/input_field_index'

2020-05-29 23:46:24 - [TEST_STEP][PASSED] - sendKeys(modifiedObj, Keys.chord(DELETE)): Keys 'DELETE + ' sent to object: 'Object Repository/Objects.HighlightElements/input_field_index'

2020-05-29 23:46:25 - [MESSAGE][PASSED] - Keys 'DELETE + ' sent to object: 'Object Repository/Objects.HighlightElements/input_field_index'

2020-05-29 23:46:25 - [MESSAGE][PASSED] - Call Test Case 'Test Cases/Components/SelectAllThenDeleteIndex' successfully

2020-05-29 23:46:25 - [TEST_STEP][PASSED] - callTestCase(findTestCase("PFI Precision and Scale/PFI Components with Indexing/RequiredFieldValidationIndex"), ["nameToBeUsed":"inspModule", "index":1], STOP_ON_FAILURE): Call Test Case 'Test Cases/PFI Precision and Scale/PFI Components with Indexing/RequiredFieldValidationIndex' successfully

2020-05-29 23:46:25 - [TEST_CASE][PASSED] - Test Cases/PFI Precision and Scale/PFI Components with Indexing/RequiredFieldValidationIndex: Test Cases/PFI Precision and Scale/PFI Components with Indexing/RequiredFieldValidationIndex

2020-05-29 23:46:25 - [TEST_STEP][PASSED] - enableSmartWait(): null

2020-05-29 23:46:25 - [TEST_STEP][PASSED] - NewInputNmField = modifyObjectProperty(findTestObject("Objects.HighlightElements/input_field_index"), "xpath", "equals", "(//*[contains(@class,'x-form-text') and (@name='" + nameToBeUsed + "')])[" + index + "]", true): Modify property of object successfully

2020-05-29 23:46:25 - [MESSAGE][PASSED] - Modify property of object successfully

2020-05-29 23:46:25 - [TEST_STEP][PASSED] - mouseOver(NewInputNmField): Object: 'Object Repository/Objects.HighlightElements/input_field_index' is hovered

2020-05-29 23:46:25 - [MESSAGE][PASSED] - Object: 'Object Repository/Objects.HighlightElements/input_field_index' is hovered

2020-05-29 23:46:25 - [TEST_STEP][PASSED] - getRqErrMsg = getAttribute(NewInputNmField, "data-errorqtip"): Attribute 'data-errorqtip' of object 'Object Repository/Objects.HighlightElements/input_field_index' is: '<ul class="x-list-plain"><li>This field is required</li></ul>'

2020-05-29 23:46:26 - [MESSAGE][PASSED] - Attribute 'data-errorqtip' of object 'Object Repository/Objects.HighlightElements/input_field_index' is: '<ul class="x-list-plain"><li>This field is required</li></ul>'

2020-05-29 23:46:26 - [TEST_STEP][PASSED] - strToolTip = getRqErrMsg.substring(29, 61): null

2020-05-29 23:46:26 - [TEST_STEP][PASSED] - toolTipReqErrMsg = strToolTip.substring(0, 22): null

2020-05-29 23:46:26 - [TEST_STEP][PASSED] - verifyMatch(toolTipReqErrMsg, RqField, true): Actual text 'This field is required' and expected text 'This field is required' are matched  using regular expression

2020-05-29 23:46:26 - [MESSAGE][PASSED] - Actual text 'This field is required' and expected text 'This field is required' are matched  using regular expression

2020-05-29 23:46:26 - [MESSAGE][PASSED] - Call Test Case 'Test Cases/PFI Precision and Scale/PFI Components with Indexing/RequiredFieldValidationIndex' successfully

2020-05-29 23:46:26 - [TEST_STEP][PASSED] - callTestCase(findTestCase("PFI Precision and Scale/PFI Components with Indexing/VerifyDropdownValuesXPI"), ["FldNm":"inspModule", "index":1, "CallTCName":"PFI Precision and Scale/HashMap Tables/ConstantHashMap", "cmbNm":"ModuleNm", ... ], STOP_ON_FAILURE): Call Test Case 'Test Cases/PFI Precision and Scale/PFI Components with Indexing/VerifyDropdownValuesXPI' successfully

2020-05-29 23:46:26 - [TEST_CASE][PASSED] - Test Cases/PFI Precision and Scale/PFI Components with Indexing/VerifyDropdownValuesXPI: Test Cases/PFI Precision and Scale/PFI Components with Indexing/VerifyDropdownValuesXPI

2020-05-29 23:46:26 - [TEST_STEP][PASSED] - Thread.sleep(1000): null

2020-05-29 23:46:27 - [TEST_STEP][PASSED] - NewInputNmField = modifyObjectProperty(findTestObject("Object Repository/Objects.HighlightElements/input_field_index"), "xpath", "equals", "(//*[contains(@name, '" + FldNm + "')])[" + index + "]", true): Modify property of object successfully

2020-05-29 23:46:27 - [MESSAGE][PASSED] - Modify property of object successfully

2020-05-29 23:46:27 - [TEST_STEP][PASSED] - comboNm = cmbNm: null

2020-05-29 23:46:27 - [TEST_STEP][PASSED] - focus(NewInputNmField): Object: 'Object Repository/Objects.HighlightElements/input_field_index' is focused

2020-05-29 23:46:27 - [MESSAGE][PASSED] - Object: 'Object Repository/Objects.HighlightElements/input_field_index' is focused

2020-05-29 23:46:27 - [TEST_STEP][PASSED] - setText(NewInputNmField, EnterValue): Text 'PSI' is set on object 'Object Repository/Objects.HighlightElements/input_field_index'

2020-05-29 23:46:27 - [MESSAGE][PASSED] - Text 'PSI' is set on object 'Object Repository/Objects.HighlightElements/input_field_index'

2020-05-29 23:46:27 - [TEST_STEP][PASSED] - for ([i = 1, i <= NoOfVal, (i++)]): Keys 'DOWN + ' sent to object: 'Object Repository/Objects.HighlightElements/input_field_index'

2020-05-29 23:46:27 - [TEST_STEP][PASSED] - sendKeys(NewInputNmField, Keys.chord(ARROW_DOWN)): Keys 'DOWN + ' sent to object: 'Object Repository/Objects.HighlightElements/input_field_index'

2020-05-29 23:46:28 - [MESSAGE][PASSED] - Keys 'DOWN + ' sent to object: 'Object Repository/Objects.HighlightElements/input_field_index'

2020-05-29 23:46:28 - [TEST_STEP][PASSED] - delay(DelayTime): Delayed 0 second(s)

2020-05-29 23:46:28 - [MESSAGE][PASSED] - Delayed 0 second(s)

2020-05-29 23:46:28 - [TEST_STEP][PASSED] - sendKeys(NewInputNmField, Keys.chord(ENTER)): Keys 'ENTER + ' sent to object: 'Object Repository/Objects.HighlightElements/input_field_index'

2020-05-29 23:46:28 - [MESSAGE][PASSED] - Keys 'ENTER + ' sent to object: 'Object Repository/Objects.HighlightElements/input_field_index'

2020-05-29 23:46:28 - [TEST_STEP][PASSED] - ComboBoxValue = getAttribute(NewInputNmField, "value"): Attribute 'value' of object 'Object Repository/Objects.HighlightElements/input_field_index' is: 'PSI'

2020-05-29 23:46:29 - [MESSAGE][PASSED] - Attribute 'value' of object 'Object Repository/Objects.HighlightElements/input_field_index' is: 'PSI'

2020-05-29 23:46:29 - [TEST_STEP][PASSED] - callTestCase(findTestCase(CallTCName), ["FindValue":ComboBoxValue, "DropdownNm":comboNm], STOP_ON_FAILURE): Call Test Case 'Test Cases/PFI Precision and Scale/HashMap Tables/ConstantHashMap' successfully

2020-05-29 23:46:29 - [TEST_CASE][PASSED] - Test Cases/PFI Precision and Scale/HashMap Tables/ConstantHashMap: Test Cases/PFI Precision and Scale/HashMap Tables/ConstantHashMap

2020-05-29 23:46:29 - [TEST_STEP][PASSED] - ConstantTBL = [1:["PeriodType":"Working Day(s)"], 2:["PeriodType":"Calendar Day(s)"], 3:["PeriodType":"Month(s)"], 4:["TypeOfLetter":"T1"], ... ]: null

2020-05-29 23:46:29 - [TEST_STEP][PASSED] - switch (DropdownNm): null

2020-05-29 23:46:29 - [TEST_STEP][PASSED] - case "ModuleNm":: null

2020-05-29 23:46:29 - [TEST_STEP][PASSED] - ValueFound = ConstantTBL.find({ -> ... }): null

2020-05-29 23:46:29 - [TEST_STEP][PASSED] - break: null

2020-05-29 23:46:29 - [MESSAGE][PASSED] - Call Test Case 'Test Cases/PFI Precision and Scale/HashMap Tables/ConstantHashMap' successfully

2020-05-29 23:46:29 - [TEST_STEP][PASSED] - println(ValueFound): null

2020-05-29 23:46:29 - [TEST_STEP][PASSED] - sendKeys(NewInputNmField, Keys.chord(ARROW_DOWN)): Keys 'DOWN + ' sent to object: 'Object Repository/Objects.HighlightElements/input_field_index'

2020-05-29 23:46:29 - [MESSAGE][PASSED] - Keys 'DOWN + ' sent to object: 'Object Repository/Objects.HighlightElements/input_field_index'

2020-05-29 23:46:29 - [TEST_STEP][PASSED] - sendKeys(NewInputNmField, Keys.chord(ENTER)): Keys 'ENTER + ' sent to object: 'Object Repository/Objects.HighlightElements/input_field_index'

2020-05-29 23:46:29 - [MESSAGE][PASSED] - Keys 'ENTER + ' sent to object: 'Object Repository/Objects.HighlightElements/input_field_index'

2020-05-29 23:46:29 - [MESSAGE][PASSED] - Call Test Case 'Test Cases/PFI Precision and Scale/PFI Components with Indexing/VerifyDropdownValuesXPI' successfully

2020-05-29 23:46:29 - [TEST_STEP][PASSED] - callTestCase(findTestCase("Components/HighlightLabelFieldXPI"), ["LblName":"App Code", "index":1], STOP_ON_FAILURE): Call Test Case 'Test Cases/Components/HighlightLabelFieldXPI' successfully

2020-05-29 23:46:29 - [TEST_CASE][PASSED] - Test Cases/Components/HighlightLabelFieldXPI: Test Cases/Components/HighlightLabelFieldXPI

2020-05-29 23:46:29 - [TEST_STEP][PASSED] - Thread.sleep(1000): null

2020-05-29 23:46:30 - [TEST_STEP][PASSED] - modifiedLblNm = modifyObjectProperty(findTestObject("Object Repository/Objects.HighlightElements/lblField_index"), "xpath", "equals", "(//*[contains(@class, 'x-form-item-label-inner x-form-item-label-inner-default') and contains(., '" + LblName + "')])[" + index + "]", true): Modify property of object successfully

2020-05-29 23:46:30 - [MESSAGE][PASSED] - Modify property of object successfully

2020-05-29 23:46:30 - [TEST_STEP][PASSED] - com.reusableComponents.HighlightElement.run(modifiedLblNm): com.reusableComponents.HighlightElement.run is PASSED

2020-05-29 23:46:31 - [MESSAGE][PASSED] - com.reusableComponents.HighlightElement.run is PASSED

2020-05-29 23:46:31 - [MESSAGE][PASSED] - Call Test Case 'Test Cases/Components/HighlightLabelFieldXPI' successfully

2020-05-29 23:46:31 - [TEST_STEP][PASSED] - callTestCase(findTestCase("Components/HighlightInputFieldXPI"), ["FldNm":"inspCaseType", "index":1], STOP_ON_FAILURE): Call Test Case 'Test Cases/Components/HighlightInputFieldXPI' successfully

2020-05-29 23:46:31 - [TEST_CASE][PASSED] - Test Cases/Components/HighlightInputFieldXPI: Test Cases/Components/HighlightInputFieldXPI

2020-05-29 23:46:31 - [TEST_STEP][PASSED] - Thread.sleep(1000): null

2020-05-29 23:46:32 - [TEST_STEP][PASSED] - modifiedInputNm = modifyObjectProperty(findTestObject("Object Repository/Objects.HighlightElements/input_field_index"), "xpath", "equals", "(//*[contains(@name, '" + FldNm + "')])[" + index + "]", true): Modify property of object successfully

2020-05-29 23:46:32 - [MESSAGE][PASSED] - Modify property of object successfully

2020-05-29 23:46:32 - [TEST_STEP][PASSED] - com.reusableComponents.HighlightElement.run(modifiedInputNm): com.reusableComponents.HighlightElement.run is PASSED

2020-05-29 23:46:33 - [MESSAGE][PASSED] - com.reusableComponents.HighlightElement.run is PASSED

2020-05-29 23:46:33 - [MESSAGE][PASSED] - Call Test Case 'Test Cases/Components/HighlightInputFieldXPI' successfully

2020-05-29 23:46:33 - [TEST_STEP][PASSED] - callTestCase(findTestCase("PFI Precision and Scale/PFI Components with Indexing/VerifyDropdownValuesXPI"), ["FldNm":"inspCaseType", "index":1, "CallTCName":"PFI Precision and Scale/HashMap Tables/ConstantHashMap", "cmbNm":"PSI", "NoOfVal":25, ... ], STOP_ON_FAILURE): Call Test Case 'Test Cases/PFI Precision and Scale/PFI Components with Indexing/VerifyDropdownValuesXPI' successfully

2020-05-29 23:46:33 - [TEST_CASE][PASSED] - Test Cases/PFI Precision and Scale/PFI Components with Indexing/VerifyDropdownValuesXPI: Test Cases/PFI Precision and Scale/PFI Components with Indexing/VerifyDropdownValuesXPI

2020-05-29 23:46:33 - [TEST_STEP][PASSED] - Thread.sleep(1000): null

2020-05-29 23:46:34 - [TEST_STEP][PASSED] - NewInputNmField = modifyObjectProperty(findTestObject("Object Repository/Objects.HighlightElements/input_field_index"), "xpath", "equals", "(//*[contains(@name, '" + FldNm + "')])[" + index + "]", true): Modify property of object successfully

2020-05-29 23:46:34 - [MESSAGE][PASSED] - Modify property of object successfully

2020-05-29 23:46:34 - [TEST_STEP][PASSED] - comboNm = cmbNm: null

2020-05-29 23:46:34 - [TEST_STEP][PASSED] - focus(NewInputNmField): Object: 'Object Repository/Objects.HighlightElements/input_field_index' is focused

2020-05-29 23:46:34 - [MESSAGE][PASSED] - Object: 'Object Repository/Objects.HighlightElements/input_field_index' is focused

2020-05-29 23:46:34 - [TEST_STEP][PASSED] - setText(NewInputNmField, EnterValue): Text '' is set on object 'Object Repository/Objects.HighlightElements/input_field_index'

2020-05-29 23:46:35 - [MESSAGE][PASSED] - Text '' is set on object 'Object Repository/Objects.HighlightElements/input_field_index'

2020-05-29 23:46:35 - [TEST_STEP][PASSED] - for ([i = 1, i <= NoOfVal, (i++)]): Keys 'DOWN + ' sent to object: 'Object Repository/Objects.HighlightElements/input_field_index'

2020-05-29 23:46:35 - [TEST_STEP][PASSED] - sendKeys(NewInputNmField, Keys.chord(ARROW_DOWN)): Keys 'DOWN + ' sent to object: 'Object Repository/Objects.HighlightElements/input_field_index'

2020-05-29 23:46:35 - [MESSAGE][PASSED] - Keys 'DOWN + ' sent to object: 'Object Repository/Objects.HighlightElements/input_field_index'

2020-05-29 23:46:35 - [TEST_STEP][PASSED] - delay(DelayTime): Delayed 2 second(s)

2020-05-29 23:46:37 - [MESSAGE][PASSED] - Delayed 2 second(s)

2020-05-29 23:46:37 - [TEST_STEP][PASSED] - sendKeys(NewInputNmField, Keys.chord(ENTER)): Keys 'ENTER + ' sent to object: 'Object Repository/Objects.HighlightElements/input_field_index'

2020-05-29 23:46:37 - [MESSAGE][PASSED] - Keys 'ENTER + ' sent to object: 'Object Repository/Objects.HighlightElements/input_field_index'

2020-05-29 23:46:37 - [TEST_STEP][PASSED] - ComboBoxValue = getAttribute(NewInputNmField, "value"): Attribute 'value' of object 'Object Repository/Objects.HighlightElements/input_field_index' is: 'Corres-Request for Extension of Time (CORRES-PSI-EXT)'

2020-05-29 23:46:38 - [MESSAGE][PASSED] - Attribute 'value' of object 'Object Repository/Objects.HighlightElements/input_field_index' is: 'Corres-Request for Extension of Time (CORRES-PSI-EXT)'

2020-05-29 23:46:38 - [TEST_STEP][PASSED] - callTestCase(findTestCase(CallTCName), ["FindValue":ComboBoxValue, "DropdownNm":comboNm], STOP_ON_FAILURE): Call Test Case 'Test Cases/PFI Precision and Scale/HashMap Tables/ConstantHashMap' successfully

2020-05-29 23:46:38 - [TEST_CASE][PASSED] - Test Cases/PFI Precision and Scale/HashMap Tables/ConstantHashMap: Test Cases/PFI Precision and Scale/HashMap Tables/ConstantHashMap

2020-05-29 23:46:38 - [TEST_STEP][PASSED] - ConstantTBL = [1:["PeriodType":"Working Day(s)"], 2:["PeriodType":"Calendar Day(s)"], 3:["PeriodType":"Month(s)"], 4:["TypeOfLetter":"T1"], ... ]: null

2020-05-29 23:46:38 - [TEST_STEP][PASSED] - switch (DropdownNm): null

2020-05-29 23:46:38 - [TEST_STEP][PASSED] - case "PSI":: null

2020-05-29 23:46:38 - [TEST_STEP][PASSED] - ValueFound = ConstantTBL.find({ -> ... }): null

2020-05-29 23:46:38 - [TEST_STEP][PASSED] - break: null

2020-05-29 23:46:38 - [MESSAGE][PASSED] - Call Test Case 'Test Cases/PFI Precision and Scale/HashMap Tables/ConstantHashMap' successfully

2020-05-29 23:46:38 - [TEST_STEP][PASSED] - println(ValueFound): null

2020-05-29 23:46:38 - [TEST_STEP][PASSED] - sendKeys(NewInputNmField, Keys.chord(ARROW_DOWN)): Keys 'DOWN + ' sent to object: 'Object Repository/Objects.HighlightElements/input_field_index'

2020-05-29 23:46:38 - [MESSAGE][PASSED] - Keys 'DOWN + ' sent to object: 'Object Repository/Objects.HighlightElements/input_field_index'

2020-05-29 23:46:38 - [TEST_STEP][PASSED] - sendKeys(NewInputNmField, Keys.chord(ARROW_DOWN)): Keys 'DOWN + ' sent to object: 'Object Repository/Objects.HighlightElements/input_field_index'

2020-05-29 23:46:38 - [MESSAGE][PASSED] - Keys 'DOWN + ' sent to object: 'Object Repository/Objects.HighlightElements/input_field_index'

2020-05-29 23:46:38 - [TEST_STEP][PASSED] - delay(DelayTime): Delayed 2 second(s)

2020-05-29 23:46:40 - [MESSAGE][PASSED] - Delayed 2 second(s)

2020-05-29 23:46:40 - [TEST_STEP][PASSED] - sendKeys(NewInputNmField, Keys.chord(ENTER)): Keys 'ENTER + ' sent to object: 'Object Repository/Objects.HighlightElements/input_field_index'

2020-05-29 23:46:41 - [MESSAGE][PASSED] - Keys 'ENTER + ' sent to object: 'Object Repository/Objects.HighlightElements/input_field_index'

2020-05-29 23:46:41 - [TEST_STEP][PASSED] - ComboBoxValue = getAttribute(NewInputNmField, "value"): Attribute 'value' of object 'Object Repository/Objects.HighlightElements/input_field_index' is: 'Corres-General Correspondence (CORRES-PSI-GC)'

2020-05-29 23:46:41 - [MESSAGE][PASSED] - Attribute 'value' of object 'Object Repository/Objects.HighlightElements/input_field_index' is: 'Corres-General Correspondence (CORRES-PSI-GC)'

2020-05-29 23:46:41 - [TEST_STEP][PASSED] - callTestCase(findTestCase(CallTCName), ["FindValue":ComboBoxValue, "DropdownNm":comboNm], STOP_ON_FAILURE): Call Test Case 'Test Cases/PFI Precision and Scale/HashMap Tables/ConstantHashMap' successfully

2020-05-29 23:46:41 - [TEST_CASE][PASSED] - Test Cases/PFI Precision and Scale/HashMap Tables/ConstantHashMap: Test Cases/PFI Precision and Scale/HashMap Tables/ConstantHashMap

2020-05-29 23:46:41 - [TEST_STEP][PASSED] - ConstantTBL = [1:["PeriodType":"Working Day(s)"], 2:["PeriodType":"Calendar Day(s)"], 3:["PeriodType":"Month(s)"], 4:["TypeOfLetter":"T1"], ... ]: null

2020-05-29 23:46:41 - [TEST_STEP][PASSED] - switch (DropdownNm): null

2020-05-29 23:46:41 - [TEST_STEP][PASSED] - case "PSI":: null

2020-05-29 23:46:41 - [TEST_STEP][PASSED] - ValueFound = ConstantTBL.find({ -> ... }): null

2020-05-29 23:46:41 - [TEST_STEP][PASSED] - break: null

2020-05-29 23:46:41 - [MESSAGE][PASSED] - Call Test Case 'Test Cases/PFI Precision and Scale/HashMap Tables/ConstantHashMap' successfully

2020-05-29 23:46:41 - [TEST_STEP][PASSED] - println(ValueFound): null

2020-05-29 23:46:41 - [TEST_STEP][PASSED] - sendKeys(NewInputNmField, Keys.chord(ARROW_DOWN)): Keys 'DOWN + ' sent to object: 'Object Repository/Objects.HighlightElements/input_field_index'

2020-05-29 23:46:41 - [MESSAGE][PASSED] - Keys 'DOWN + ' sent to object: 'Object Repository/Objects.HighlightElements/input_field_index'

2020-05-29 23:46:41 - [TEST_STEP][PASSED] - sendKeys(NewInputNmField, Keys.chord(ARROW_DOWN)): Keys 'DOWN + ' sent to object: 'Object Repository/Objects.HighlightElements/input_field_index'

2020-05-29 23:46:42 - [MESSAGE][PASSED] - Keys 'DOWN + ' sent to object: 'Object Repository/Objects.HighlightElements/input_field_index'

2020-05-29 23:46:42 - [TEST_STEP][PASSED] - delay(DelayTime): Delayed 2 second(s)

2020-05-29 23:46:44 - [MESSAGE][PASSED] - Delayed 2 second(s)

2020-05-29 23:46:44 - [TEST_STEP][PASSED] - sendKeys(NewInputNmField, Keys.chord(ENTER)): Keys 'ENTER + ' sent to object: 'Object Repository/Objects.HighlightElements/input_field_index'

2020-05-29 23:46:44 - [MESSAGE][PASSED] - Keys 'ENTER + ' sent to object: 'Object Repository/Objects.HighlightElements/input_field_index'

2020-05-29 23:46:44 - [TEST_STEP][PASSED] - ComboBoxValue = getAttribute(NewInputNmField, "value"): Attribute 'value' of object 'Object Repository/Objects.HighlightElements/input_field_index' is: 'Corres-Request for Submission Withdrawal (CORRES-PSI-SUBWTH)'

2020-05-29 23:46:45 - [MESSAGE][PASSED] - Attribute 'value' of object 'Object Repository/Objects.HighlightElements/input_field_index' is: 'Corres-Request for Submission Withdrawal (CORRES-PSI-SUBWTH)'

2020-05-29 23:46:45 - [TEST_STEP][PASSED] - callTestCase(findTestCase(CallTCName), ["FindValue":ComboBoxValue, "DropdownNm":comboNm], STOP_ON_FAILURE): Call Test Case 'Test Cases/PFI Precision and Scale/HashMap Tables/ConstantHashMap' successfully

2020-05-29 23:46:45 - [TEST_CASE][PASSED] - Test Cases/PFI Precision and Scale/HashMap Tables/ConstantHashMap: Test Cases/PFI Precision and Scale/HashMap Tables/ConstantHashMap

2020-05-29 23:46:45 - [TEST_STEP][PASSED] - ConstantTBL = [1:["PeriodType":"Working Day(s)"], 2:["PeriodType":"Calendar Day(s)"], 3:["PeriodType":"Month(s)"], 4:["TypeOfLetter":"T1"], ... ]: null

2020-05-29 23:46:45 - [TEST_STEP][PASSED] - switch (DropdownNm): null

2020-05-29 23:46:45 - [TEST_STEP][PASSED] - case "PSI":: null

2020-05-29 23:46:45 - [TEST_STEP][PASSED] - ValueFound = ConstantTBL.find({ -> ... }): null

2020-05-29 23:46:45 - [TEST_STEP][PASSED] - break: null

2020-05-29 23:46:45 - [MESSAGE][PASSED] - Call Test Case 'Test Cases/PFI Precision and Scale/HashMap Tables/ConstantHashMap' successfully

2020-05-29 23:46:45 - [TEST_STEP][PASSED] - println(ValueFound): null

2020-05-29 23:46:45 - [TEST_STEP][PASSED] - sendKeys(NewInputNmField, Keys.chord(ARROW_DOWN)): Keys 'DOWN + ' sent to object: 'Object Repository/Objects.HighlightElements/input_field_index'

2020-05-29 23:46:45 - [MESSAGE][PASSED] - Keys 'DOWN + ' sent to object: 'Object Repository/Objects.HighlightElements/input_field_index'

2020-05-29 23:46:45 - [TEST_STEP][PASSED] - sendKeys(NewInputNmField, Keys.chord(ARROW_DOWN)): Keys 'DOWN + ' sent to object: 'Object Repository/Objects.HighlightElements/input_field_index'

2020-05-29 23:46:45 - [MESSAGE][PASSED] - Keys 'DOWN + ' sent to object: 'Object Repository/Objects.HighlightElements/input_field_index'

2020-05-29 23:46:45 - [TEST_STEP][PASSED] - delay(DelayTime): Delayed 2 second(s)

2020-05-29 23:46:47 - [MESSAGE][PASSED] - Delayed 2 second(s)

2020-05-29 23:46:47 - [TEST_STEP][PASSED] - sendKeys(NewInputNmField, Keys.chord(ENTER)): Keys 'ENTER + ' sent to object: 'Object Repository/Objects.HighlightElements/input_field_index'

2020-05-29 23:46:48 - [MESSAGE][PASSED] - Keys 'ENTER + ' sent to object: 'Object Repository/Objects.HighlightElements/input_field_index'

2020-05-29 23:46:48 - [TEST_STEP][PASSED] - ComboBoxValue = getAttribute(NewInputNmField, "value"): Attribute 'value' of object 'Object Repository/Objects.HighlightElements/input_field_index' is: 'Bldg Rec Upload (PSI-UPLD)'

2020-05-29 23:46:48 - [MESSAGE][PASSED] - Attribute 'value' of object 'Object Repository/Objects.HighlightElements/input_field_index' is: 'Bldg Rec Upload (PSI-UPLD)'

2020-05-29 23:46:48 - [TEST_STEP][PASSED] - callTestCase(findTestCase(CallTCName), ["FindValue":ComboBoxValue, "DropdownNm":comboNm], STOP_ON_FAILURE): Call Test Case 'Test Cases/PFI Precision and Scale/HashMap Tables/ConstantHashMap' successfully

2020-05-29 23:46:48 - [TEST_CASE][PASSED] - Test Cases/PFI Precision and Scale/HashMap Tables/ConstantHashMap: Test Cases/PFI Precision and Scale/HashMap Tables/ConstantHashMap

2020-05-29 23:46:48 - [TEST_STEP][PASSED] - ConstantTBL = [1:["PeriodType":"Working Day(s)"], 2:["PeriodType":"Calendar Day(s)"], 3:["PeriodType":"Month(s)"], 4:["TypeOfLetter":"T1"], ... ]: null

2020-05-29 23:46:48 - [TEST_STEP][PASSED] - switch (DropdownNm): null

2020-05-29 23:46:48 - [TEST_STEP][PASSED] - case "PSI":: null

2020-05-29 23:46:48 - [TEST_STEP][PASSED] - ValueFound = ConstantTBL.find({ -> ... }): null

2020-05-29 23:46:48 - [TEST_STEP][PASSED] - break: null

2020-05-29 23:46:48 - [MESSAGE][PASSED] - Call Test Case 'Test Cases/PFI Precision and Scale/HashMap Tables/ConstantHashMap' successfully

2020-05-29 23:46:48 - [TEST_STEP][PASSED] - println(ValueFound): null

2020-05-29 23:46:48 - [TEST_STEP][PASSED] - sendKeys(NewInputNmField, Keys.chord(ARROW_DOWN)): Keys 'DOWN + ' sent to object: 'Object Repository/Objects.HighlightElements/input_field_index'

2020-05-29 23:46:49 - [MESSAGE][PASSED] - Keys 'DOWN + ' sent to object: 'Object Repository/Objects.HighlightElements/input_field_index'

2020-05-29 23:46:49 - [TEST_STEP][PASSED] - sendKeys(NewInputNmField, Keys.chord(ARROW_DOWN)): Keys 'DOWN + ' sent to object: 'Object Repository/Objects.HighlightElements/input_field_index'

2020-05-29 23:46:49 - [MESSAGE][PASSED] - Keys 'DOWN + ' sent to object: 'Object Repository/Objects.HighlightElements/input_field_index'

2020-05-29 23:46:49 - [TEST_STEP][PASSED] - delay(DelayTime): Delayed 2 second(s)

2020-05-29 23:46:51 - [MESSAGE][PASSED] - Delayed 2 second(s)

2020-05-29 23:46:51 - [TEST_STEP][PASSED] - sendKeys(NewInputNmField, Keys.chord(ENTER)): Keys 'ENTER + ' sent to object: 'Object Repository/Objects.HighlightElements/input_field_index'

2020-05-29 23:46:51 - [MESSAGE][PASSED] - Keys 'ENTER + ' sent to object: 'Object Repository/Objects.HighlightElements/input_field_index'

2020-05-29 23:46:51 - [TEST_STEP][PASSED] - ComboBoxValue = getAttribute(NewInputNmField, "value"): Attribute 'value' of object 'Object Repository/Objects.HighlightElements/input_field_index' is: 'PSI Processing (SM)'

2020-05-29 23:46:52 - [MESSAGE][PASSED] - Attribute 'value' of object 'Object Repository/Objects.HighlightElements/input_field_index' is: 'PSI Processing (SM)'

2020-05-29 23:46:52 - [TEST_STEP][PASSED] - callTestCase(findTestCase(CallTCName), ["FindValue":ComboBoxValue, "DropdownNm":comboNm], STOP_ON_FAILURE): Call Test Case 'Test Cases/PFI Precision and Scale/HashMap Tables/ConstantHashMap' successfully

2020-05-29 23:46:52 - [TEST_CASE][PASSED] - Test Cases/PFI Precision and Scale/HashMap Tables/ConstantHashMap: Test Cases/PFI Precision and Scale/HashMap Tables/ConstantHashMap

2020-05-29 23:46:52 - [TEST_STEP][PASSED] - ConstantTBL = [1:["PeriodType":"Working Day(s)"], 2:["PeriodType":"Calendar Day(s)"], 3:["PeriodType":"Month(s)"], 4:["TypeOfLetter":"T1"], ... ]: null

2020-05-29 23:46:52 - [TEST_STEP][PASSED] - switch (DropdownNm): null

2020-05-29 23:46:52 - [TEST_STEP][PASSED] - case "PSI":: null

2020-05-29 23:46:52 - [TEST_STEP][PASSED] - ValueFound = ConstantTBL.find({ -> ... }): null

2020-05-29 23:46:52 - [TEST_STEP][PASSED] - break: null

2020-05-29 23:46:52 - [MESSAGE][PASSED] - Call Test Case 'Test Cases/PFI Precision and Scale/HashMap Tables/ConstantHashMap' successfully

2020-05-29 23:46:52 - [TEST_STEP][PASSED] - println(ValueFound): null

2020-05-29 23:46:52 - [TEST_STEP][PASSED] - sendKeys(NewInputNmField, Keys.chord(ARROW_DOWN)): Keys 'DOWN + ' sent to object: 'Object Repository/Objects.HighlightElements/input_field_index'

2020-05-29 23:46:52 - [MESSAGE][PASSED] - Keys 'DOWN + ' sent to object: 'Object Repository/Objects.HighlightElements/input_field_index'

2020-05-29 23:46:52 - [TEST_STEP][PASSED] - sendKeys(NewInputNmField, Keys.chord(ARROW_DOWN)): Keys 'DOWN + ' sent to object: 'Object Repository/Objects.HighlightElements/input_field_index'

2020-05-29 23:46:53 - [MESSAGE][PASSED] - Keys 'DOWN + ' sent to object: 'Object Repository/Objects.HighlightElements/input_field_index'

2020-05-29 23:46:53 - [TEST_STEP][PASSED] - delay(DelayTime): Delayed 2 second(s)

2020-05-29 23:46:55 - [MESSAGE][PASSED] - Delayed 2 second(s)

2020-05-29 23:46:55 - [TEST_STEP][PASSED] - sendKeys(NewInputNmField, Keys.chord(ENTER)): Keys 'ENTER + ' sent to object: 'Object Repository/Objects.HighlightElements/input_field_index'

2020-05-29 23:46:55 - [MESSAGE][PASSED] - Keys 'ENTER + ' sent to object: 'Object Repository/Objects.HighlightElements/input_field_index'

2020-05-29 23:46:55 - [TEST_STEP][PASSED] - ComboBoxValue = getAttribute(NewInputNmField, "value"): Attribute 'value' of object 'Object Repository/Objects.HighlightElements/input_field_index' is: 'PSI Audit Processing (SM_A)'

2020-05-29 23:46:55 - [MESSAGE][PASSED] - Attribute 'value' of object 'Object Repository/Objects.HighlightElements/input_field_index' is: 'PSI Audit Processing (SM_A)'

2020-05-29 23:46:55 - [TEST_STEP][PASSED] - callTestCase(findTestCase(CallTCName), ["FindValue":ComboBoxValue, "DropdownNm":comboNm], STOP_ON_FAILURE): Call Test Case 'Test Cases/PFI Precision and Scale/HashMap Tables/ConstantHashMap' successfully

2020-05-29 23:46:55 - [TEST_CASE][PASSED] - Test Cases/PFI Precision and Scale/HashMap Tables/ConstantHashMap: Test Cases/PFI Precision and Scale/HashMap Tables/ConstantHashMap

2020-05-29 23:46:55 - [TEST_STEP][PASSED] - ConstantTBL = [1:["PeriodType":"Working Day(s)"], 2:["PeriodType":"Calendar Day(s)"], 3:["PeriodType":"Month(s)"], 4:["TypeOfLetter":"T1"], ... ]: null

2020-05-29 23:46:55 - [TEST_STEP][PASSED] - switch (DropdownNm): null

2020-05-29 23:46:55 - [TEST_STEP][PASSED] - case "PSI":: null

2020-05-29 23:46:55 - [TEST_STEP][PASSED] - ValueFound = ConstantTBL.find({ -> ... }): null

2020-05-29 23:46:55 - [TEST_STEP][PASSED] - break: null

2020-05-29 23:46:55 - [MESSAGE][PASSED] - Call Test Case 'Test Cases/PFI Precision and Scale/HashMap Tables/ConstantHashMap' successfully

2020-05-29 23:46:55 - [TEST_STEP][PASSED] - println(ValueFound): null

2020-05-29 23:46:55 - [TEST_STEP][PASSED] - sendKeys(NewInputNmField, Keys.chord(ARROW_DOWN)): Keys 'DOWN + ' sent to object: 'Object Repository/Objects.HighlightElements/input_field_index'

2020-05-29 23:46:56 - [MESSAGE][PASSED] - Keys 'DOWN + ' sent to object: 'Object Repository/Objects.HighlightElements/input_field_index'

2020-05-29 23:46:56 - [TEST_STEP][PASSED] - sendKeys(NewInputNmField, Keys.chord(ARROW_DOWN)): Keys 'DOWN + ' sent to object: 'Object Repository/Objects.HighlightElements/input_field_index'

2020-05-29 23:46:56 - [MESSAGE][PASSED] - Keys 'DOWN + ' sent to object: 'Object Repository/Objects.HighlightElements/input_field_index'

2020-05-29 23:46:56 - [TEST_STEP][PASSED] - delay(DelayTime): Delayed 2 second(s)

2020-05-29 23:46:58 - [MESSAGE][PASSED] - Delayed 2 second(s)

2020-05-29 23:46:58 - [TEST_STEP][PASSED] - sendKeys(NewInputNmField, Keys.chord(ENTER)): Keys 'ENTER + ' sent to object: 'Object Repository/Objects.HighlightElements/input_field_index'

2020-05-29 23:46:58 - [MESSAGE][PASSED] - Keys 'ENTER + ' sent to object: 'Object Repository/Objects.HighlightElements/input_field_index'

2020-05-29 23:46:58 - [TEST_STEP][PASSED] - ComboBoxValue = getAttribute(NewInputNmField, "value"): Attribute 'value' of object 'Object Repository/Objects.HighlightElements/input_field_index' is: 'PSI Ad Hoc Processing (SM_AH)'

2020-05-29 23:46:59 - [MESSAGE][PASSED] - Attribute 'value' of object 'Object Repository/Objects.HighlightElements/input_field_index' is: 'PSI Ad Hoc Processing (SM_AH)'

2020-05-29 23:46:59 - [TEST_STEP][PASSED] - callTestCase(findTestCase(CallTCName), ["FindValue":ComboBoxValue, "DropdownNm":comboNm], STOP_ON_FAILURE): Call Test Case 'Test Cases/PFI Precision and Scale/HashMap Tables/ConstantHashMap' successfully

2020-05-29 23:46:59 - [TEST_CASE][PASSED] - Test Cases/PFI Precision and Scale/HashMap Tables/ConstantHashMap: Test Cases/PFI Precision and Scale/HashMap Tables/ConstantHashMap

2020-05-29 23:46:59 - [TEST_STEP][PASSED] - ConstantTBL = [1:["PeriodType":"Working Day(s)"], 2:["PeriodType":"Calendar Day(s)"], 3:["PeriodType":"Month(s)"], 4:["TypeOfLetter":"T1"], ... ]: null

2020-05-29 23:46:59 - [TEST_STEP][PASSED] - switch (DropdownNm): null

2020-05-29 23:46:59 - [TEST_STEP][PASSED] - case "PSI":: null

2020-05-29 23:46:59 - [TEST_STEP][PASSED] - ValueFound = ConstantTBL.find({ -> ... }): null

2020-05-29 23:46:59 - [TEST_STEP][PASSED] - break: null

2020-05-29 23:46:59 - [MESSAGE][PASSED] - Call Test Case 'Test Cases/PFI Precision and Scale/HashMap Tables/ConstantHashMap' successfully

2020-05-29 23:46:59 - [TEST_STEP][PASSED] - println(ValueFound): null

2020-05-29 23:46:59 - [TEST_STEP][PASSED] - sendKeys(NewInputNmField, Keys.chord(ARROW_DOWN)): Keys 'DOWN + ' sent to object: 'Object Repository/Objects.HighlightElements/input_field_index'

2020-05-29 23:46:59 - [MESSAGE][PASSED] - Keys 'DOWN + ' sent to object: 'Object Repository/Objects.HighlightElements/input_field_index'

2020-05-29 23:46:59 - [TEST_STEP][PASSED] - sendKeys(NewInputNmField, Keys.chord(ARROW_DOWN)): Keys 'DOWN + ' sent to object: 'Object Repository/Objects.HighlightElements/input_field_index'

2020-05-29 23:47:00 - [MESSAGE][PASSED] - Keys 'DOWN + ' sent to object: 'Object Repository/Objects.HighlightElements/input_field_index'

2020-05-29 23:47:00 - [TEST_STEP][PASSED] - delay(DelayTime): Delayed 2 second(s)

2020-05-29 23:47:02 - [MESSAGE][PASSED] - Delayed 2 second(s)

2020-05-29 23:47:02 - [TEST_STEP][PASSED] - sendKeys(NewInputNmField, Keys.chord(ENTER)): Keys 'ENTER + ' sent to object: 'Object Repository/Objects.HighlightElements/input_field_index'

2020-05-29 23:47:02 - [MESSAGE][PASSED] - Keys 'ENTER + ' sent to object: 'Object Repository/Objects.HighlightElements/input_field_index'

2020-05-29 23:47:02 - [TEST_STEP][PASSED] - ComboBoxValue = getAttribute(NewInputNmField, "value"): Attribute 'value' of object 'Object Repository/Objects.HighlightElements/input_field_index' is: 'PSI-TOPCSC Interface (SM_TC1)'

2020-05-29 23:47:02 - [MESSAGE][PASSED] - Attribute 'value' of object 'Object Repository/Objects.HighlightElements/input_field_index' is: 'PSI-TOPCSC Interface (SM_TC1)'

2020-05-29 23:47:02 - [TEST_STEP][PASSED] - callTestCase(findTestCase(CallTCName), ["FindValue":ComboBoxValue, "DropdownNm":comboNm], STOP_ON_FAILURE): Call Test Case 'Test Cases/PFI Precision and Scale/HashMap Tables/ConstantHashMap' successfully

2020-05-29 23:47:02 - [TEST_CASE][PASSED] - Test Cases/PFI Precision and Scale/HashMap Tables/ConstantHashMap: Test Cases/PFI Precision and Scale/HashMap Tables/ConstantHashMap

2020-05-29 23:47:02 - [TEST_STEP][PASSED] - ConstantTBL = [1:["PeriodType":"Working Day(s)"], 2:["PeriodType":"Calendar Day(s)"], 3:["PeriodType":"Month(s)"], 4:["TypeOfLetter":"T1"], ... ]: null

2020-05-29 23:47:02 - [TEST_STEP][PASSED] - switch (DropdownNm): null

2020-05-29 23:47:02 - [TEST_STEP][PASSED] - case "PSI":: null

2020-05-29 23:47:02 - [TEST_STEP][PASSED] - ValueFound = ConstantTBL.find({ -> ... }): null

2020-05-29 23:47:02 - [TEST_STEP][PASSED] - break: null

2020-05-29 23:47:02 - [MESSAGE][PASSED] - Call Test Case 'Test Cases/PFI Precision and Scale/HashMap Tables/ConstantHashMap' successfully

2020-05-29 23:47:02 - [TEST_STEP][PASSED] - println(ValueFound): null

2020-05-29 23:47:02 - [TEST_STEP][PASSED] - sendKeys(NewInputNmField, Keys.chord(ARROW_DOWN)): Keys 'DOWN + ' sent to object: 'Object Repository/Objects.HighlightElements/input_field_index'

2020-05-29 23:47:03 - [MESSAGE][PASSED] - Keys 'DOWN + ' sent to object: 'Object Repository/Objects.HighlightElements/input_field_index'

2020-05-29 23:47:03 - [TEST_STEP][PASSED] - sendKeys(NewInputNmField, Keys.chord(ARROW_DOWN)): Keys 'DOWN + ' sent to object: 'Object Repository/Objects.HighlightElements/input_field_index'

2020-05-29 23:47:03 - [MESSAGE][PASSED] - Keys 'DOWN + ' sent to object: 'Object Repository/Objects.HighlightElements/input_field_index'

2020-05-29 23:47:03 - [TEST_STEP][PASSED] - delay(DelayTime): Delayed 2 second(s)

2020-05-29 23:47:05 - [MESSAGE][PASSED] - Delayed 2 second(s)

2020-05-29 23:47:05 - [TEST_STEP][PASSED] - sendKeys(NewInputNmField, Keys.chord(ENTER)): Keys 'ENTER + ' sent to object: 'Object Repository/Objects.HighlightElements/input_field_index'

2020-05-29 23:47:05 - [MESSAGE][PASSED] - Keys 'ENTER + ' sent to object: 'Object Repository/Objects.HighlightElements/input_field_index'

2020-05-29 23:47:05 - [TEST_STEP][PASSED] - ComboBoxValue = getAttribute(NewInputNmField, "value"): Attribute 'value' of object 'Object Repository/Objects.HighlightElements/input_field_index' is: 'PSI-TOPCSC Processing (SM_TC2)'

2020-05-29 23:47:06 - [MESSAGE][PASSED] - Attribute 'value' of object 'Object Repository/Objects.HighlightElements/input_field_index' is: 'PSI-TOPCSC Processing (SM_TC2)'

2020-05-29 23:47:06 - [TEST_STEP][PASSED] - callTestCase(findTestCase(CallTCName), ["FindValue":ComboBoxValue, "DropdownNm":comboNm], STOP_ON_FAILURE): Call Test Case 'Test Cases/PFI Precision and Scale/HashMap Tables/ConstantHashMap' successfully

2020-05-29 23:47:06 - [TEST_CASE][PASSED] - Test Cases/PFI Precision and Scale/HashMap Tables/ConstantHashMap: Test Cases/PFI Precision and Scale/HashMap Tables/ConstantHashMap

2020-05-29 23:47:06 - [TEST_STEP][PASSED] - ConstantTBL = [1:["PeriodType":"Working Day(s)"], 2:["PeriodType":"Calendar Day(s)"], 3:["PeriodType":"Month(s)"], 4:["TypeOfLetter":"T1"], ... ]: null

2020-05-29 23:47:06 - [TEST_STEP][PASSED] - switch (DropdownNm): null

2020-05-29 23:47:06 - [TEST_STEP][PASSED] - case "PSI":: null

2020-05-29 23:47:06 - [TEST_STEP][PASSED] - ValueFound = ConstantTBL.find({ -> ... }): null

2020-05-29 23:47:06 - [TEST_STEP][PASSED] - break: null

2020-05-29 23:47:06 - [MESSAGE][PASSED] - Call Test Case 'Test Cases/PFI Precision and Scale/HashMap Tables/ConstantHashMap' successfully

2020-05-29 23:47:06 - [TEST_STEP][PASSED] - println(ValueFound): null

2020-05-29 23:47:06 - [TEST_STEP][PASSED] - sendKeys(NewInputNmField, Keys.chord(ARROW_DOWN)): Keys 'DOWN + ' sent to object: 'Object Repository/Objects.HighlightElements/input_field_index'

2020-05-29 23:47:06 - [MESSAGE][PASSED] - Keys 'DOWN + ' sent to object: 'Object Repository/Objects.HighlightElements/input_field_index'

2020-05-29 23:47:06 - [TEST_STEP][PASSED] - sendKeys(NewInputNmField, Keys.chord(ARROW_DOWN)): Keys 'DOWN + ' sent to object: 'Object Repository/Objects.HighlightElements/input_field_index'

2020-05-29 23:47:07 - [MESSAGE][PASSED] - Keys 'DOWN + ' sent to object: 'Object Repository/Objects.HighlightElements/input_field_index'

2020-05-29 23:47:07 - [TEST_STEP][PASSED] - delay(DelayTime): Delayed 2 second(s)

2020-05-29 23:47:09 - [MESSAGE][PASSED] - Delayed 2 second(s)

2020-05-29 23:47:09 - [TEST_STEP][PASSED] - sendKeys(NewInputNmField, Keys.chord(ENTER)): Keys 'ENTER + ' sent to object: 'Object Repository/Objects.HighlightElements/input_field_index'

2020-05-29 23:47:09 - [MESSAGE][PASSED] - Keys 'ENTER + ' sent to object: 'Object Repository/Objects.HighlightElements/input_field_index'

2020-05-29 23:47:09 - [TEST_STEP][PASSED] - ComboBoxValue = getAttribute(NewInputNmField, "value"): Attribute 'value' of object 'Object Repository/Objects.HighlightElements/input_field_index' is: 'Appointment of SE under S28 (SM1)'

2020-05-29 23:47:09 - [MESSAGE][PASSED] - Attribute 'value' of object 'Object Repository/Objects.HighlightElements/input_field_index' is: 'Appointment of SE under S28 (SM1)'

2020-05-29 23:47:09 - [TEST_STEP][PASSED] - callTestCase(findTestCase(CallTCName), ["FindValue":ComboBoxValue, "DropdownNm":comboNm], STOP_ON_FAILURE): Call Test Case 'Test Cases/PFI Precision and Scale/HashMap Tables/ConstantHashMap' successfully

2020-05-29 23:47:09 - [TEST_CASE][PASSED] - Test Cases/PFI Precision and Scale/HashMap Tables/ConstantHashMap: Test Cases/PFI Precision and Scale/HashMap Tables/ConstantHashMap

2020-05-29 23:47:09 - [TEST_STEP][PASSED] - ConstantTBL = [1:["PeriodType":"Working Day(s)"], 2:["PeriodType":"Calendar Day(s)"], 3:["PeriodType":"Month(s)"], 4:["TypeOfLetter":"T1"], ... ]: null

2020-05-29 23:47:09 - [TEST_STEP][PASSED] - switch (DropdownNm): null

2020-05-29 23:47:09 - [TEST_STEP][PASSED] - case "PSI":: null

2020-05-29 23:47:09 - [TEST_STEP][PASSED] - ValueFound = ConstantTBL.find({ -> ... }): null

2020-05-29 23:47:09 - [TEST_STEP][PASSED] - break: null

2020-05-29 23:47:09 - [MESSAGE][PASSED] - Call Test Case 'Test Cases/PFI Precision and Scale/HashMap Tables/ConstantHashMap' successfully

2020-05-29 23:47:09 - [TEST_STEP][PASSED] - println(ValueFound): null

2020-05-29 23:47:09 - [TEST_STEP][PASSED] - sendKeys(NewInputNmField, Keys.chord(ARROW_DOWN)): Keys 'DOWN + ' sent to object: 'Object Repository/Objects.HighlightElements/input_field_index'

2020-05-29 23:47:10 - [MESSAGE][PASSED] - Keys 'DOWN + ' sent to object: 'Object Repository/Objects.HighlightElements/input_field_index'

2020-05-29 23:47:10 - [TEST_STEP][PASSED] - sendKeys(NewInputNmField, Keys.chord(ARROW_DOWN)): Keys 'DOWN + ' sent to object: 'Object Repository/Objects.HighlightElements/input_field_index'

2020-05-29 23:47:10 - [MESSAGE][PASSED] - Keys 'DOWN + ' sent to object: 'Object Repository/Objects.HighlightElements/input_field_index'

2020-05-29 23:47:10 - [TEST_STEP][PASSED] - delay(DelayTime): Delayed 2 second(s)

2020-05-29 23:47:12 - [MESSAGE][PASSED] - Delayed 2 second(s)

2020-05-29 23:47:12 - [TEST_STEP][PASSED] - sendKeys(NewInputNmField, Keys.chord(ENTER)): Keys 'ENTER + ' sent to object: 'Object Repository/Objects.HighlightElements/input_field_index'

2020-05-29 23:47:12 - [MESSAGE][PASSED] - Keys 'ENTER + ' sent to object: 'Object Repository/Objects.HighlightElements/input_field_index'

2020-05-29 23:47:12 - [TEST_STEP][PASSED] - ComboBoxValue = getAttribute(NewInputNmField, "value"): Attribute 'value' of object 'Object Repository/Objects.HighlightElements/input_field_index' is: 'SM1-CR (SM1-CR)'

2020-05-29 23:47:13 - [MESSAGE][PASSED] - Attribute 'value' of object 'Object Repository/Objects.HighlightElements/input_field_index' is: 'SM1-CR (SM1-CR)'

2020-05-29 23:47:13 - [TEST_STEP][PASSED] - callTestCase(findTestCase(CallTCName), ["FindValue":ComboBoxValue, "DropdownNm":comboNm], STOP_ON_FAILURE): Call Test Case 'Test Cases/PFI Precision and Scale/HashMap Tables/ConstantHashMap' successfully

2020-05-29 23:47:13 - [TEST_CASE][PASSED] - Test Cases/PFI Precision and Scale/HashMap Tables/ConstantHashMap: Test Cases/PFI Precision and Scale/HashMap Tables/ConstantHashMap

2020-05-29 23:47:13 - [TEST_STEP][PASSED] - ConstantTBL = [1:["PeriodType":"Working Day(s)"], 2:["PeriodType":"Calendar Day(s)"], 3:["PeriodType":"Month(s)"], 4:["TypeOfLetter":"T1"], ... ]: null

2020-05-29 23:47:13 - [TEST_STEP][PASSED] - switch (DropdownNm): null

2020-05-29 23:47:13 - [TEST_STEP][PASSED] - case "PSI":: null

2020-05-29 23:47:13 - [TEST_STEP][PASSED] - ValueFound = ConstantTBL.find({ -> ... }): null

2020-05-29 23:47:13 - [TEST_STEP][PASSED] - break: null

2020-05-29 23:47:13 - [MESSAGE][PASSED] - Call Test Case 'Test Cases/PFI Precision and Scale/HashMap Tables/ConstantHashMap' successfully

2020-05-29 23:47:13 - [TEST_STEP][PASSED] - println(ValueFound): null

2020-05-29 23:47:13 - [TEST_STEP][PASSED] - sendKeys(NewInputNmField, Keys.chord(ARROW_DOWN)): Keys 'DOWN + ' sent to object: 'Object Repository/Objects.HighlightElements/input_field_index'

2020-05-29 23:47:13 - [MESSAGE][PASSED] - Keys 'DOWN + ' sent to object: 'Object Repository/Objects.HighlightElements/input_field_index'

2020-05-29 23:47:13 - [TEST_STEP][PASSED] - sendKeys(NewInputNmField, Keys.chord(ARROW_DOWN)): Keys 'DOWN + ' sent to object: 'Object Repository/Objects.HighlightElements/input_field_index'

2020-05-29 23:47:14 - [MESSAGE][PASSED] - Keys 'DOWN + ' sent to object: 'Object Repository/Objects.HighlightElements/input_field_index'

2020-05-29 23:47:14 - [TEST_STEP][PASSED] - delay(DelayTime): Delayed 2 second(s)

2020-05-29 23:47:16 - [MESSAGE][PASSED] - Delayed 2 second(s)

2020-05-29 23:47:16 - [TEST_STEP][PASSED] - sendKeys(NewInputNmField, Keys.chord(ENTER)): Keys 'ENTER + ' sent to object: 'Object Repository/Objects.HighlightElements/input_field_index'

2020-05-29 23:47:16 - [MESSAGE][PASSED] - Keys 'ENTER + ' sent to object: 'Object Repository/Objects.HighlightElements/input_field_index'

2020-05-29 23:47:16 - [TEST_STEP][PASSED] - ComboBoxValue = getAttribute(NewInputNmField, "value"): Attribute 'value' of object 'Object Repository/Objects.HighlightElements/input_field_index' is: 'Visual Inspection Report under S28 (SM2)'

2020-05-29 23:47:16 - [MESSAGE][PASSED] - Attribute 'value' of object 'Object Repository/Objects.HighlightElements/input_field_index' is: 'Visual Inspection Report under S28 (SM2)'

2020-05-29 23:47:16 - [TEST_STEP][PASSED] - callTestCase(findTestCase(CallTCName), ["FindValue":ComboBoxValue, "DropdownNm":comboNm], STOP_ON_FAILURE): Call Test Case 'Test Cases/PFI Precision and Scale/HashMap Tables/ConstantHashMap' successfully

2020-05-29 23:47:16 - [TEST_CASE][PASSED] - Test Cases/PFI Precision and Scale/HashMap Tables/ConstantHashMap: Test Cases/PFI Precision and Scale/HashMap Tables/ConstantHashMap

2020-05-29 23:47:16 - [TEST_STEP][PASSED] - ConstantTBL = [1:["PeriodType":"Working Day(s)"], 2:["PeriodType":"Calendar Day(s)"], 3:["PeriodType":"Month(s)"], 4:["TypeOfLetter":"T1"], ... ]: null

2020-05-29 23:47:16 - [TEST_STEP][PASSED] - switch (DropdownNm): null

2020-05-29 23:47:16 - [TEST_STEP][PASSED] - case "PSI":: null

2020-05-29 23:47:16 - [TEST_STEP][PASSED] - ValueFound = ConstantTBL.find({ -> ... }): null

2020-05-29 23:47:16 - [TEST_STEP][PASSED] - break: null

2020-05-29 23:47:16 - [MESSAGE][PASSED] - Call Test Case 'Test Cases/PFI Precision and Scale/HashMap Tables/ConstantHashMap' successfully

2020-05-29 23:47:16 - [TEST_STEP][PASSED] - println(ValueFound): null

2020-05-29 23:47:16 - [TEST_STEP][PASSED] - sendKeys(NewInputNmField, Keys.chord(ARROW_DOWN)): Keys 'DOWN + ' sent to object: 'Object Repository/Objects.HighlightElements/input_field_index'

2020-05-29 23:47:17 - [MESSAGE][PASSED] - Keys 'DOWN + ' sent to object: 'Object Repository/Objects.HighlightElements/input_field_index'

2020-05-29 23:47:17 - [TEST_STEP][PASSED] - sendKeys(NewInputNmField, Keys.chord(ARROW_DOWN)): Keys 'DOWN + ' sent to object: 'Object Repository/Objects.HighlightElements/input_field_index'

2020-05-29 23:47:17 - [MESSAGE][PASSED] - Keys 'DOWN + ' sent to object: 'Object Repository/Objects.HighlightElements/input_field_index'

2020-05-29 23:47:17 - [TEST_STEP][PASSED] - delay(DelayTime): Delayed 2 second(s)

2020-05-29 23:47:19 - [MESSAGE][PASSED] - Delayed 2 second(s)

2020-05-29 23:47:19 - [TEST_STEP][PASSED] - sendKeys(NewInputNmField, Keys.chord(ENTER)): Keys 'ENTER + ' sent to object: 'Object Repository/Objects.HighlightElements/input_field_index'

2020-05-29 23:47:19 - [MESSAGE][PASSED] - Keys 'ENTER + ' sent to object: 'Object Repository/Objects.HighlightElements/input_field_index'

2020-05-29 23:47:19 - [TEST_STEP][PASSED] - ComboBoxValue = getAttribute(NewInputNmField, "value"): Attribute 'value' of object 'Object Repository/Objects.HighlightElements/input_field_index' is: 'SM2-CR (SM2-CR)'

2020-05-29 23:47:20 - [MESSAGE][PASSED] - Attribute 'value' of object 'Object Repository/Objects.HighlightElements/input_field_index' is: 'SM2-CR (SM2-CR)'

2020-05-29 23:47:20 - [TEST_STEP][PASSED] - callTestCase(findTestCase(CallTCName), ["FindValue":ComboBoxValue, "DropdownNm":comboNm], STOP_ON_FAILURE): Call Test Case 'Test Cases/PFI Precision and Scale/HashMap Tables/ConstantHashMap' successfully

2020-05-29 23:47:20 - [TEST_CASE][PASSED] - Test Cases/PFI Precision and Scale/HashMap Tables/ConstantHashMap: Test Cases/PFI Precision and Scale/HashMap Tables/ConstantHashMap

2020-05-29 23:47:20 - [TEST_STEP][PASSED] - ConstantTBL = [1:["PeriodType":"Working Day(s)"], 2:["PeriodType":"Calendar Day(s)"], 3:["PeriodType":"Month(s)"], 4:["TypeOfLetter":"T1"], ... ]: null

2020-05-29 23:47:20 - [TEST_STEP][PASSED] - switch (DropdownNm): null

2020-05-29 23:47:20 - [TEST_STEP][PASSED] - case "PSI":: null

2020-05-29 23:47:20 - [TEST_STEP][PASSED] - ValueFound = ConstantTBL.find({ -> ... }): null

2020-05-29 23:47:20 - [TEST_STEP][PASSED] - break: null

2020-05-29 23:47:20 - [MESSAGE][PASSED] - Call Test Case 'Test Cases/PFI Precision and Scale/HashMap Tables/ConstantHashMap' successfully

2020-05-29 23:47:20 - [TEST_STEP][PASSED] - println(ValueFound): null

2020-05-29 23:47:20 - [TEST_STEP][PASSED] - sendKeys(NewInputNmField, Keys.chord(ARROW_DOWN)): Keys 'DOWN + ' sent to object: 'Object Repository/Objects.HighlightElements/input_field_index'

2020-05-29 23:47:20 - [MESSAGE][PASSED] - Keys 'DOWN + ' sent to object: 'Object Repository/Objects.HighlightElements/input_field_index'

2020-05-29 23:47:20 - [TEST_STEP][PASSED] - sendKeys(NewInputNmField, Keys.chord(ARROW_DOWN)): Keys 'DOWN + ' sent to object: 'Object Repository/Objects.HighlightElements/input_field_index'

2020-05-29 23:47:21 - [MESSAGE][PASSED] - Keys 'DOWN + ' sent to object: 'Object Repository/Objects.HighlightElements/input_field_index'

2020-05-29 23:47:21 - [TEST_STEP][PASSED] - delay(DelayTime): Delayed 2 second(s)

2020-05-29 23:47:23 - [MESSAGE][PASSED] - Delayed 2 second(s)

2020-05-29 23:47:23 - [TEST_STEP][PASSED] - sendKeys(NewInputNmField, Keys.chord(ENTER)): Keys 'ENTER + ' sent to object: 'Object Repository/Objects.HighlightElements/input_field_index'

2020-05-29 23:47:23 - [MESSAGE][PASSED] - Keys 'ENTER + ' sent to object: 'Object Repository/Objects.HighlightElements/input_field_index'

2020-05-29 23:47:23 - [TEST_STEP][PASSED] - ComboBoxValue = getAttribute(NewInputNmField, "value"): Attribute 'value' of object 'Object Repository/Objects.HighlightElements/input_field_index' is: 'Visual Insp Report under S28 - Suspected Defects (SM3)'

2020-05-29 23:47:23 - [MESSAGE][PASSED] - Attribute 'value' of object 'Object Repository/Objects.HighlightElements/input_field_index' is: 'Visual Insp Report under S28 - Suspected Defects (SM3)'

2020-05-29 23:47:23 - [TEST_STEP][PASSED] - callTestCase(findTestCase(CallTCName), ["FindValue":ComboBoxValue, "DropdownNm":comboNm], STOP_ON_FAILURE): Call Test Case 'Test Cases/PFI Precision and Scale/HashMap Tables/ConstantHashMap' successfully

2020-05-29 23:47:24 - [TEST_CASE][PASSED] - Test Cases/PFI Precision and Scale/HashMap Tables/ConstantHashMap: Test Cases/PFI Precision and Scale/HashMap Tables/ConstantHashMap

2020-05-29 23:47:24 - [TEST_STEP][PASSED] - ConstantTBL = [1:["PeriodType":"Working Day(s)"], 2:["PeriodType":"Calendar Day(s)"], 3:["PeriodType":"Month(s)"], 4:["TypeOfLetter":"T1"], ... ]: null

2020-05-29 23:47:24 - [TEST_STEP][PASSED] - switch (DropdownNm): null

2020-05-29 23:47:24 - [TEST_STEP][PASSED] - case "PSI":: null

2020-05-29 23:47:24 - [TEST_STEP][PASSED] - ValueFound = ConstantTBL.find({ -> ... }): null

2020-05-29 23:47:24 - [TEST_STEP][PASSED] - break: null

2020-05-29 23:47:24 - [MESSAGE][PASSED] - Call Test Case 'Test Cases/PFI Precision and Scale/HashMap Tables/ConstantHashMap' successfully

2020-05-29 23:47:24 - [TEST_STEP][PASSED] - println(ValueFound): null

2020-05-29 23:47:24 - [TEST_STEP][PASSED] - sendKeys(NewInputNmField, Keys.chord(ARROW_DOWN)): Keys 'DOWN + ' sent to object: 'Object Repository/Objects.HighlightElements/input_field_index'

2020-05-29 23:47:24 - [MESSAGE][PASSED] - Keys 'DOWN + ' sent to object: 'Object Repository/Objects.HighlightElements/input_field_index'

2020-05-29 23:47:24 - [TEST_STEP][PASSED] - sendKeys(NewInputNmField, Keys.chord(ARROW_DOWN)): Keys 'DOWN + ' sent to object: 'Object Repository/Objects.HighlightElements/input_field_index'

2020-05-29 23:47:24 - [MESSAGE][PASSED] - Keys 'DOWN + ' sent to object: 'Object Repository/Objects.HighlightElements/input_field_index'

2020-05-29 23:47:24 - [TEST_STEP][PASSED] - delay(DelayTime): Delayed 2 second(s)

2020-05-29 23:47:26 - [MESSAGE][PASSED] - Delayed 2 second(s)

2020-05-29 23:47:26 - [TEST_STEP][PASSED] - sendKeys(NewInputNmField, Keys.chord(ENTER)): Keys 'ENTER + ' sent to object: 'Object Repository/Objects.HighlightElements/input_field_index'

2020-05-29 23:47:26 - [MESSAGE][PASSED] - Keys 'ENTER + ' sent to object: 'Object Repository/Objects.HighlightElements/input_field_index'

2020-05-29 23:47:26 - [TEST_STEP][PASSED] - ComboBoxValue = getAttribute(NewInputNmField, "value"): Attribute 'value' of object 'Object Repository/Objects.HighlightElements/input_field_index' is: 'SM3-CR (SM3-CR)'

2020-05-29 23:47:27 - [MESSAGE][PASSED] - Attribute 'value' of object 'Object Repository/Objects.HighlightElements/input_field_index' is: 'SM3-CR (SM3-CR)'

2020-05-29 23:47:27 - [TEST_STEP][PASSED] - callTestCase(findTestCase(CallTCName), ["FindValue":ComboBoxValue, "DropdownNm":comboNm], STOP_ON_FAILURE): Call Test Case 'Test Cases/PFI Precision and Scale/HashMap Tables/ConstantHashMap' successfully

2020-05-29 23:47:27 - [TEST_CASE][PASSED] - Test Cases/PFI Precision and Scale/HashMap Tables/ConstantHashMap: Test Cases/PFI Precision and Scale/HashMap Tables/ConstantHashMap

2020-05-29 23:47:27 - [TEST_STEP][PASSED] - ConstantTBL = [1:["PeriodType":"Working Day(s)"], 2:["PeriodType":"Calendar Day(s)"], 3:["PeriodType":"Month(s)"], 4:["TypeOfLetter":"T1"], ... ]: null

2020-05-29 23:47:27 - [TEST_STEP][PASSED] - switch (DropdownNm): null

2020-05-29 23:47:27 - [TEST_STEP][PASSED] - case "PSI":: null

2020-05-29 23:47:27 - [TEST_STEP][PASSED] - ValueFound = ConstantTBL.find({ -> ... }): null

2020-05-29 23:47:27 - [TEST_STEP][PASSED] - break: null

2020-05-29 23:47:27 - [MESSAGE][PASSED] - Call Test Case 'Test Cases/PFI Precision and Scale/HashMap Tables/ConstantHashMap' successfully

2020-05-29 23:47:27 - [TEST_STEP][PASSED] - println(ValueFound): null

2020-05-29 23:47:27 - [TEST_STEP][PASSED] - sendKeys(NewInputNmField, Keys.chord(ARROW_DOWN)): Keys 'DOWN + ' sent to object: 'Object Repository/Objects.HighlightElements/input_field_index'

2020-05-29 23:47:27 - [MESSAGE][PASSED] - Keys 'DOWN + ' sent to object: 'Object Repository/Objects.HighlightElements/input_field_index'

2020-05-29 23:47:27 - [TEST_STEP][PASSED] - sendKeys(NewInputNmField, Keys.chord(ARROW_DOWN)): Keys 'DOWN + ' sent to object: 'Object Repository/Objects.HighlightElements/input_field_index'

2020-05-29 23:47:28 - [MESSAGE][PASSED] - Keys 'DOWN + ' sent to object: 'Object Repository/Objects.HighlightElements/input_field_index'

2020-05-29 23:47:28 - [TEST_STEP][PASSED] - delay(DelayTime): Delayed 2 second(s)

2020-05-29 23:47:30 - [MESSAGE][PASSED] - Delayed 2 second(s)

2020-05-29 23:47:30 - [TEST_STEP][PASSED] - sendKeys(NewInputNmField, Keys.chord(ENTER)): Keys 'ENTER + ' sent to object: 'Object Repository/Objects.HighlightElements/input_field_index'

2020-05-29 23:47:30 - [MESSAGE][PASSED] - Keys 'ENTER + ' sent to object: 'Object Repository/Objects.HighlightElements/input_field_index'

2020-05-29 23:47:30 - [TEST_STEP][PASSED] - ComboBoxValue = getAttribute(NewInputNmField, "value"): Attribute 'value' of object 'Object Repository/Objects.HighlightElements/input_field_index' is: 'Localised or Full Stru Investigation Rpt under S28 (SM4)'

2020-05-29 23:47:30 - [MESSAGE][PASSED] - Attribute 'value' of object 'Object Repository/Objects.HighlightElements/input_field_index' is: 'Localised or Full Stru Investigation Rpt under S28 (SM4)'

2020-05-29 23:47:30 - [TEST_STEP][PASSED] - callTestCase(findTestCase(CallTCName), ["FindValue":ComboBoxValue, "DropdownNm":comboNm], STOP_ON_FAILURE): Call Test Case 'Test Cases/PFI Precision and Scale/HashMap Tables/ConstantHashMap' successfully

2020-05-29 23:47:31 - [TEST_CASE][PASSED] - Test Cases/PFI Precision and Scale/HashMap Tables/ConstantHashMap: Test Cases/PFI Precision and Scale/HashMap Tables/ConstantHashMap

2020-05-29 23:47:31 - [TEST_STEP][PASSED] - ConstantTBL = [1:["PeriodType":"Working Day(s)"], 2:["PeriodType":"Calendar Day(s)"], 3:["PeriodType":"Month(s)"], 4:["TypeOfLetter":"T1"], ... ]: null

2020-05-29 23:47:31 - [TEST_STEP][PASSED] - switch (DropdownNm): null

2020-05-29 23:47:31 - [TEST_STEP][PASSED] - case "PSI":: null

2020-05-29 23:47:31 - [TEST_STEP][PASSED] - ValueFound = ConstantTBL.find({ -> ... }): null

2020-05-29 23:47:31 - [TEST_STEP][PASSED] - break: null

2020-05-29 23:47:31 - [MESSAGE][PASSED] - Call Test Case 'Test Cases/PFI Precision and Scale/HashMap Tables/ConstantHashMap' successfully

2020-05-29 23:47:31 - [TEST_STEP][PASSED] - println(ValueFound): null

2020-05-29 23:47:31 - [TEST_STEP][PASSED] - sendKeys(NewInputNmField, Keys.chord(ARROW_DOWN)): Keys 'DOWN + ' sent to object: 'Object Repository/Objects.HighlightElements/input_field_index'

2020-05-29 23:47:31 - [MESSAGE][PASSED] - Keys 'DOWN + ' sent to object: 'Object Repository/Objects.HighlightElements/input_field_index'

2020-05-29 23:47:31 - [TEST_STEP][PASSED] - sendKeys(NewInputNmField, Keys.chord(ARROW_DOWN)): Keys 'DOWN + ' sent to object: 'Object Repository/Objects.HighlightElements/input_field_index'

2020-05-29 23:47:31 - [MESSAGE][PASSED] - Keys 'DOWN + ' sent to object: 'Object Repository/Objects.HighlightElements/input_field_index'

2020-05-29 23:47:31 - [TEST_STEP][PASSED] - delay(DelayTime): Delayed 2 second(s)

2020-05-29 23:47:33 - [MESSAGE][PASSED] - Delayed 2 second(s)

2020-05-29 23:47:33 - [TEST_STEP][PASSED] - sendKeys(NewInputNmField, Keys.chord(ENTER)): Keys 'ENTER + ' sent to object: 'Object Repository/Objects.HighlightElements/input_field_index'

2020-05-29 23:47:34 - [MESSAGE][PASSED] - Keys 'ENTER + ' sent to object: 'Object Repository/Objects.HighlightElements/input_field_index'

2020-05-29 23:47:34 - [TEST_STEP][PASSED] - ComboBoxValue = getAttribute(NewInputNmField, "value"): Attribute 'value' of object 'Object Repository/Objects.HighlightElements/input_field_index' is: 'SM4-CR (SM4-CR)'

2020-05-29 23:47:34 - [MESSAGE][PASSED] - Attribute 'value' of object 'Object Repository/Objects.HighlightElements/input_field_index' is: 'SM4-CR (SM4-CR)'

2020-05-29 23:47:34 - [TEST_STEP][PASSED] - callTestCase(findTestCase(CallTCName), ["FindValue":ComboBoxValue, "DropdownNm":comboNm], STOP_ON_FAILURE): Call Test Case 'Test Cases/PFI Precision and Scale/HashMap Tables/ConstantHashMap' successfully

2020-05-29 23:47:34 - [TEST_CASE][PASSED] - Test Cases/PFI Precision and Scale/HashMap Tables/ConstantHashMap: Test Cases/PFI Precision and Scale/HashMap Tables/ConstantHashMap

2020-05-29 23:47:34 - [TEST_STEP][PASSED] - ConstantTBL = [1:["PeriodType":"Working Day(s)"], 2:["PeriodType":"Calendar Day(s)"], 3:["PeriodType":"Month(s)"], 4:["TypeOfLetter":"T1"], ... ]: null

2020-05-29 23:47:34 - [TEST_STEP][PASSED] - switch (DropdownNm): null

2020-05-29 23:47:34 - [TEST_STEP][PASSED] - case "PSI":: null

2020-05-29 23:47:34 - [TEST_STEP][PASSED] - ValueFound = ConstantTBL.find({ -> ... }): null

2020-05-29 23:47:34 - [TEST_STEP][PASSED] - break: null

2020-05-29 23:47:34 - [MESSAGE][PASSED] - Call Test Case 'Test Cases/PFI Precision and Scale/HashMap Tables/ConstantHashMap' successfully

2020-05-29 23:47:34 - [TEST_STEP][PASSED] - println(ValueFound): null

2020-05-29 23:47:34 - [TEST_STEP][PASSED] - sendKeys(NewInputNmField, Keys.chord(ARROW_DOWN)): Keys 'DOWN + ' sent to object: 'Object Repository/Objects.HighlightElements/input_field_index'

2020-05-29 23:47:34 - [MESSAGE][PASSED] - Keys 'DOWN + ' sent to object: 'Object Repository/Objects.HighlightElements/input_field_index'

2020-05-29 23:47:34 - [TEST_STEP][PASSED] - sendKeys(NewInputNmField, Keys.chord(ARROW_DOWN)): Keys 'DOWN + ' sent to object: 'Object Repository/Objects.HighlightElements/input_field_index'

2020-05-29 23:47:35 - [MESSAGE][PASSED] - Keys 'DOWN + ' sent to object: 'Object Repository/Objects.HighlightElements/input_field_index'

2020-05-29 23:47:35 - [TEST_STEP][PASSED] - delay(DelayTime): Delayed 2 second(s)

2020-05-29 23:47:37 - [MESSAGE][PASSED] - Delayed 2 second(s)

2020-05-29 23:47:37 - [TEST_STEP][PASSED] - sendKeys(NewInputNmField, Keys.chord(ENTER)): Keys 'ENTER + ' sent to object: 'Object Repository/Objects.HighlightElements/input_field_index'

2020-05-29 23:47:37 - [MESSAGE][PASSED] - Keys 'ENTER + ' sent to object: 'Object Repository/Objects.HighlightElements/input_field_index'

2020-05-29 23:47:37 - [TEST_STEP][PASSED] - ComboBoxValue = getAttribute(NewInputNmField, "value"): Attribute 'value' of object 'Object Repository/Objects.HighlightElements/input_field_index' is: 'Loc or Full Stru Inv Rpt S28 - Suspected Stru Def (SM5)'

2020-05-29 23:47:38 - [MESSAGE][PASSED] - Attribute 'value' of object 'Object Repository/Objects.HighlightElements/input_field_index' is: 'Loc or Full Stru Inv Rpt S28 - Suspected Stru Def (SM5)'

2020-05-29 23:47:38 - [TEST_STEP][PASSED] - callTestCase(findTestCase(CallTCName), ["FindValue":ComboBoxValue, "DropdownNm":comboNm], STOP_ON_FAILURE): Call Test Case 'Test Cases/PFI Precision and Scale/HashMap Tables/ConstantHashMap' successfully

2020-05-29 23:47:38 - [TEST_CASE][PASSED] - Test Cases/PFI Precision and Scale/HashMap Tables/ConstantHashMap: Test Cases/PFI Precision and Scale/HashMap Tables/ConstantHashMap

2020-05-29 23:47:38 - [TEST_STEP][PASSED] - ConstantTBL = [1:["PeriodType":"Working Day(s)"], 2:["PeriodType":"Calendar Day(s)"], 3:["PeriodType":"Month(s)"], 4:["TypeOfLetter":"T1"], ... ]: null

2020-05-29 23:47:38 - [TEST_STEP][PASSED] - switch (DropdownNm): null

2020-05-29 23:47:38 - [TEST_STEP][PASSED] - case "PSI":: null

2020-05-29 23:47:38 - [TEST_STEP][PASSED] - ValueFound = ConstantTBL.find({ -> ... }): null

2020-05-29 23:47:38 - [TEST_STEP][PASSED] - break: null

2020-05-29 23:47:38 - [MESSAGE][PASSED] - Call Test Case 'Test Cases/PFI Precision and Scale/HashMap Tables/ConstantHashMap' successfully

2020-05-29 23:47:38 - [TEST_STEP][PASSED] - println(ValueFound): null

2020-05-29 23:47:38 - [TEST_STEP][PASSED] - sendKeys(NewInputNmField, Keys.chord(ARROW_DOWN)): Keys 'DOWN + ' sent to object: 'Object Repository/Objects.HighlightElements/input_field_index'

2020-05-29 23:47:38 - [MESSAGE][PASSED] - Keys 'DOWN + ' sent to object: 'Object Repository/Objects.HighlightElements/input_field_index'

2020-05-29 23:47:38 - [TEST_STEP][PASSED] - sendKeys(NewInputNmField, Keys.chord(ARROW_DOWN)): Keys 'DOWN + ' sent to object: 'Object Repository/Objects.HighlightElements/input_field_index'

2020-05-29 23:47:38 - [MESSAGE][PASSED] - Keys 'DOWN + ' sent to object: 'Object Repository/Objects.HighlightElements/input_field_index'

2020-05-29 23:47:38 - [TEST_STEP][PASSED] - delay(DelayTime): Delayed 2 second(s)

2020-05-29 23:47:40 - [MESSAGE][PASSED] - Delayed 2 second(s)

2020-05-29 23:47:40 - [TEST_STEP][PASSED] - sendKeys(NewInputNmField, Keys.chord(ENTER)): Keys 'ENTER + ' sent to object: 'Object Repository/Objects.HighlightElements/input_field_index'

2020-05-29 23:47:41 - [MESSAGE][PASSED] - Keys 'ENTER + ' sent to object: 'Object Repository/Objects.HighlightElements/input_field_index'

2020-05-29 23:47:41 - [TEST_STEP][PASSED] - ComboBoxValue = getAttribute(NewInputNmField, "value"): Attribute 'value' of object 'Object Repository/Objects.HighlightElements/input_field_index' is: 'SM5-CR (SM5-CR)'

2020-05-29 23:47:41 - [MESSAGE][PASSED] - Attribute 'value' of object 'Object Repository/Objects.HighlightElements/input_field_index' is: 'SM5-CR (SM5-CR)'

2020-05-29 23:47:41 - [TEST_STEP][PASSED] - callTestCase(findTestCase(CallTCName), ["FindValue":ComboBoxValue, "DropdownNm":comboNm], STOP_ON_FAILURE): Call Test Case 'Test Cases/PFI Precision and Scale/HashMap Tables/ConstantHashMap' successfully

2020-05-29 23:47:41 - [TEST_CASE][PASSED] - Test Cases/PFI Precision and Scale/HashMap Tables/ConstantHashMap: Test Cases/PFI Precision and Scale/HashMap Tables/ConstantHashMap

2020-05-29 23:47:41 - [TEST_STEP][PASSED] - ConstantTBL = [1:["PeriodType":"Working Day(s)"], 2:["PeriodType":"Calendar Day(s)"], 3:["PeriodType":"Month(s)"], 4:["TypeOfLetter":"T1"], ... ]: null

2020-05-29 23:47:41 - [TEST_STEP][PASSED] - switch (DropdownNm): null

2020-05-29 23:47:41 - [TEST_STEP][PASSED] - case "PSI":: null

2020-05-29 23:47:41 - [TEST_STEP][PASSED] - ValueFound = ConstantTBL.find({ -> ... }): null

2020-05-29 23:47:41 - [TEST_STEP][PASSED] - break: null

2020-05-29 23:47:41 - [MESSAGE][PASSED] - Call Test Case 'Test Cases/PFI Precision and Scale/HashMap Tables/ConstantHashMap' successfully

2020-05-29 23:47:41 - [TEST_STEP][PASSED] - println(ValueFound): null

2020-05-29 23:47:41 - [TEST_STEP][PASSED] - sendKeys(NewInputNmField, Keys.chord(ARROW_DOWN)): Keys 'DOWN + ' sent to object: 'Object Repository/Objects.HighlightElements/input_field_index'

2020-05-29 23:47:41 - [MESSAGE][PASSED] - Keys 'DOWN + ' sent to object: 'Object Repository/Objects.HighlightElements/input_field_index'

2020-05-29 23:47:41 - [TEST_STEP][PASSED] - sendKeys(NewInputNmField, Keys.chord(ARROW_DOWN)): Keys 'DOWN + ' sent to object: 'Object Repository/Objects.HighlightElements/input_field_index'

2020-05-29 23:47:42 - [MESSAGE][PASSED] - Keys 'DOWN + ' sent to object: 'Object Repository/Objects.HighlightElements/input_field_index'

2020-05-29 23:47:42 - [TEST_STEP][PASSED] - delay(DelayTime): Delayed 2 second(s)

2020-05-29 23:47:44 - [MESSAGE][PASSED] - Delayed 2 second(s)

2020-05-29 23:47:44 - [TEST_STEP][PASSED] - sendKeys(NewInputNmField, Keys.chord(ENTER)): Keys 'ENTER + ' sent to object: 'Object Repository/Objects.HighlightElements/input_field_index'

2020-05-29 23:47:44 - [MESSAGE][PASSED] - Keys 'ENTER + ' sent to object: 'Object Repository/Objects.HighlightElements/input_field_index'

2020-05-29 23:47:44 - [TEST_STEP][PASSED] - ComboBoxValue = getAttribute(NewInputNmField, "value"): Attribute 'value' of object 'Object Repository/Objects.HighlightElements/input_field_index' is: 'Visual Inspection Certification (SM6)'

2020-05-29 23:47:45 - [MESSAGE][PASSED] - Attribute 'value' of object 'Object Repository/Objects.HighlightElements/input_field_index' is: 'Visual Inspection Certification (SM6)'

2020-05-29 23:47:45 - [TEST_STEP][PASSED] - callTestCase(findTestCase(CallTCName), ["FindValue":ComboBoxValue, "DropdownNm":comboNm], STOP_ON_FAILURE): Call Test Case 'Test Cases/PFI Precision and Scale/HashMap Tables/ConstantHashMap' successfully

2020-05-29 23:47:45 - [TEST_CASE][PASSED] - Test Cases/PFI Precision and Scale/HashMap Tables/ConstantHashMap: Test Cases/PFI Precision and Scale/HashMap Tables/ConstantHashMap

2020-05-29 23:47:45 - [TEST_STEP][PASSED] - ConstantTBL = [1:["PeriodType":"Working Day(s)"], 2:["PeriodType":"Calendar Day(s)"], 3:["PeriodType":"Month(s)"], 4:["TypeOfLetter":"T1"], ... ]: null

2020-05-29 23:47:45 - [TEST_STEP][PASSED] - switch (DropdownNm): null

2020-05-29 23:47:45 - [TEST_STEP][PASSED] - case "PSI":: null

2020-05-29 23:47:45 - [TEST_STEP][PASSED] - ValueFound = ConstantTBL.find({ -> ... }): null

2020-05-29 23:47:45 - [TEST_STEP][PASSED] - break: null

2020-05-29 23:47:45 - [MESSAGE][PASSED] - Call Test Case 'Test Cases/PFI Precision and Scale/HashMap Tables/ConstantHashMap' successfully

2020-05-29 23:47:45 - [TEST_STEP][PASSED] - println(ValueFound): null

2020-05-29 23:47:45 - [TEST_STEP][PASSED] - sendKeys(NewInputNmField, Keys.chord(ARROW_DOWN)): Keys 'DOWN + ' sent to object: 'Object Repository/Objects.HighlightElements/input_field_index'

2020-05-29 23:47:45 - [MESSAGE][PASSED] - Keys 'DOWN + ' sent to object: 'Object Repository/Objects.HighlightElements/input_field_index'

2020-05-29 23:47:45 - [TEST_STEP][PASSED] - sendKeys(NewInputNmField, Keys.chord(ARROW_DOWN)): Keys 'DOWN + ' sent to object: 'Object Repository/Objects.HighlightElements/input_field_index'

2020-05-29 23:47:45 - [MESSAGE][PASSED] - Keys 'DOWN + ' sent to object: 'Object Repository/Objects.HighlightElements/input_field_index'

2020-05-29 23:47:45 - [TEST_STEP][PASSED] - delay(DelayTime): Delayed 2 second(s)

2020-05-29 23:47:47 - [MESSAGE][PASSED] - Delayed 2 second(s)

2020-05-29 23:47:47 - [TEST_STEP][PASSED] - sendKeys(NewInputNmField, Keys.chord(ENTER)): Keys 'ENTER + ' sent to object: 'Object Repository/Objects.HighlightElements/input_field_index'

2020-05-29 23:47:48 - [MESSAGE][PASSED] - Keys 'ENTER + ' sent to object: 'Object Repository/Objects.HighlightElements/input_field_index'

2020-05-29 23:47:48 - [TEST_STEP][PASSED] - ComboBoxValue = getAttribute(NewInputNmField, "value"): Attribute 'value' of object 'Object Repository/Objects.HighlightElements/input_field_index' is: 'SM6-CR (SM6-CR)'

2020-05-29 23:47:48 - [MESSAGE][PASSED] - Attribute 'value' of object 'Object Repository/Objects.HighlightElements/input_field_index' is: 'SM6-CR (SM6-CR)'

2020-05-29 23:47:48 - [TEST_STEP][PASSED] - callTestCase(findTestCase(CallTCName), ["FindValue":ComboBoxValue, "DropdownNm":comboNm], STOP_ON_FAILURE): Call Test Case 'Test Cases/PFI Precision and Scale/HashMap Tables/ConstantHashMap' successfully

2020-05-29 23:47:48 - [TEST_CASE][PASSED] - Test Cases/PFI Precision and Scale/HashMap Tables/ConstantHashMap: Test Cases/PFI Precision and Scale/HashMap Tables/ConstantHashMap

2020-05-29 23:47:48 - [TEST_STEP][PASSED] - ConstantTBL = [1:["PeriodType":"Working Day(s)"], 2:["PeriodType":"Calendar Day(s)"], 3:["PeriodType":"Month(s)"], 4:["TypeOfLetter":"T1"], ... ]: null

2020-05-29 23:47:48 - [TEST_STEP][PASSED] - switch (DropdownNm): null

2020-05-29 23:47:48 - [TEST_STEP][PASSED] - case "PSI":: null

2020-05-29 23:47:48 - [TEST_STEP][PASSED] - ValueFound = ConstantTBL.find({ -> ... }): null

2020-05-29 23:47:48 - [TEST_STEP][PASSED] - break: null

2020-05-29 23:47:48 - [MESSAGE][PASSED] - Call Test Case 'Test Cases/PFI Precision and Scale/HashMap Tables/ConstantHashMap' successfully

2020-05-29 23:47:48 - [TEST_STEP][PASSED] - println(ValueFound): null

2020-05-29 23:47:48 - [TEST_STEP][PASSED] - sendKeys(NewInputNmField, Keys.chord(ARROW_DOWN)): Keys 'DOWN + ' sent to object: 'Object Repository/Objects.HighlightElements/input_field_index'

2020-05-29 23:47:48 - [MESSAGE][PASSED] - Keys 'DOWN + ' sent to object: 'Object Repository/Objects.HighlightElements/input_field_index'

2020-05-29 23:47:48 - [TEST_STEP][PASSED] - sendKeys(NewInputNmField, Keys.chord(ARROW_DOWN)): Keys 'DOWN + ' sent to object: 'Object Repository/Objects.HighlightElements/input_field_index'

2020-05-29 23:47:49 - [MESSAGE][PASSED] - Keys 'DOWN + ' sent to object: 'Object Repository/Objects.HighlightElements/input_field_index'

2020-05-29 23:47:49 - [TEST_STEP][PASSED] - delay(DelayTime): Delayed 2 second(s)

2020-05-29 23:47:51 - [MESSAGE][PASSED] - Delayed 2 second(s)

2020-05-29 23:47:51 - [TEST_STEP][PASSED] - sendKeys(NewInputNmField, Keys.chord(ENTER)): Keys 'ENTER + ' sent to object: 'Object Repository/Objects.HighlightElements/input_field_index'

2020-05-29 23:47:51 - [MESSAGE][PASSED] - Keys 'ENTER + ' sent to object: 'Object Repository/Objects.HighlightElements/input_field_index'

2020-05-29 23:47:51 - [TEST_STEP][PASSED] - ComboBoxValue = getAttribute(NewInputNmField, "value"): Attribute 'value' of object 'Object Repository/Objects.HighlightElements/input_field_index' is: 'PSI Ad Hoc Processing (SMAH)'

2020-05-29 23:47:52 - [MESSAGE][PASSED] - Attribute 'value' of object 'Object Repository/Objects.HighlightElements/input_field_index' is: 'PSI Ad Hoc Processing (SMAH)'

2020-05-29 23:47:52 - [TEST_STEP][PASSED] - callTestCase(findTestCase(CallTCName), ["FindValue":ComboBoxValue, "DropdownNm":comboNm], STOP_ON_FAILURE): Call Test Case 'Test Cases/PFI Precision and Scale/HashMap Tables/ConstantHashMap' successfully

2020-05-29 23:47:52 - [TEST_CASE][PASSED] - Test Cases/PFI Precision and Scale/HashMap Tables/ConstantHashMap: Test Cases/PFI Precision and Scale/HashMap Tables/ConstantHashMap

2020-05-29 23:47:52 - [TEST_STEP][PASSED] - ConstantTBL = [1:["PeriodType":"Working Day(s)"], 2:["PeriodType":"Calendar Day(s)"], 3:["PeriodType":"Month(s)"], 4:["TypeOfLetter":"T1"], ... ]: null

2020-05-29 23:47:52 - [TEST_STEP][PASSED] - switch (DropdownNm): null

2020-05-29 23:47:52 - [TEST_STEP][PASSED] - case "PSI":: null

2020-05-29 23:47:52 - [TEST_STEP][PASSED] - ValueFound = ConstantTBL.find({ -> ... }): null

2020-05-29 23:47:52 - [TEST_STEP][PASSED] - break: null

2020-05-29 23:47:52 - [MESSAGE][PASSED] - Call Test Case 'Test Cases/PFI Precision and Scale/HashMap Tables/ConstantHashMap' successfully

2020-05-29 23:47:52 - [TEST_STEP][PASSED] - println(ValueFound): null

2020-05-29 23:47:52 - [TEST_STEP][PASSED] - sendKeys(NewInputNmField, Keys.chord(ARROW_DOWN)): Keys 'DOWN + ' sent to object: 'Object Repository/Objects.HighlightElements/input_field_index'

2020-05-29 23:47:52 - [MESSAGE][PASSED] - Keys 'DOWN + ' sent to object: 'Object Repository/Objects.HighlightElements/input_field_index'

2020-05-29 23:47:52 - [TEST_STEP][PASSED] - sendKeys(NewInputNmField, Keys.chord(ARROW_DOWN)): Keys 'DOWN + ' sent to object: 'Object Repository/Objects.HighlightElements/input_field_index'

2020-05-29 23:47:52 - [MESSAGE][PASSED] - Keys 'DOWN + ' sent to object: 'Object Repository/Objects.HighlightElements/input_field_index'

2020-05-29 23:47:52 - [TEST_STEP][PASSED] - delay(DelayTime): Delayed 2 second(s)

2020-05-29 23:47:54 - [MESSAGE][PASSED] - Delayed 2 second(s)

2020-05-29 23:47:54 - [TEST_STEP][PASSED] - sendKeys(NewInputNmField, Keys.chord(ENTER)): Keys 'ENTER + ' sent to object: 'Object Repository/Objects.HighlightElements/input_field_index'

2020-05-29 23:47:55 - [MESSAGE][PASSED] - Keys 'ENTER + ' sent to object: 'Object Repository/Objects.HighlightElements/input_field_index'

2020-05-29 23:47:55 - [TEST_STEP][PASSED] - ComboBoxValue = getAttribute(NewInputNmField, "value"): Attribute 'value' of object 'Object Repository/Objects.HighlightElements/input_field_index' is: 'Bldg Rec Upload (SMB_UP1)'

2020-05-29 23:47:55 - [MESSAGE][PASSED] - Attribute 'value' of object 'Object Repository/Objects.HighlightElements/input_field_index' is: 'Bldg Rec Upload (SMB_UP1)'

2020-05-29 23:47:55 - [TEST_STEP][PASSED] - callTestCase(findTestCase(CallTCName), ["FindValue":ComboBoxValue, "DropdownNm":comboNm], STOP_ON_FAILURE): Call Test Case 'Test Cases/PFI Precision and Scale/HashMap Tables/ConstantHashMap' successfully

2020-05-29 23:47:55 - [TEST_CASE][PASSED] - Test Cases/PFI Precision and Scale/HashMap Tables/ConstantHashMap: Test Cases/PFI Precision and Scale/HashMap Tables/ConstantHashMap

2020-05-29 23:47:55 - [TEST_STEP][PASSED] - ConstantTBL = [1:["PeriodType":"Working Day(s)"], 2:["PeriodType":"Calendar Day(s)"], 3:["PeriodType":"Month(s)"], 4:["TypeOfLetter":"T1"], ... ]: null

2020-05-29 23:47:55 - [TEST_STEP][PASSED] - switch (DropdownNm): null

2020-05-29 23:47:55 - [TEST_STEP][PASSED] - case "PSI":: null

2020-05-29 23:47:55 - [TEST_STEP][PASSED] - ValueFound = ConstantTBL.find({ -> ... }): null

2020-05-29 23:47:55 - [TEST_STEP][PASSED] - break: null

2020-05-29 23:47:55 - [MESSAGE][PASSED] - Call Test Case 'Test Cases/PFI Precision and Scale/HashMap Tables/ConstantHashMap' successfully

2020-05-29 23:47:55 - [TEST_STEP][PASSED] - println(ValueFound): null

2020-05-29 23:47:55 - [TEST_STEP][PASSED] - sendKeys(NewInputNmField, Keys.chord(ARROW_DOWN)): Keys 'DOWN + ' sent to object: 'Object Repository/Objects.HighlightElements/input_field_index'

2020-05-29 23:47:55 - [MESSAGE][PASSED] - Keys 'DOWN + ' sent to object: 'Object Repository/Objects.HighlightElements/input_field_index'

2020-05-29 23:47:55 - [TEST_STEP][PASSED] - sendKeys(NewInputNmField, Keys.chord(ARROW_DOWN)): Keys 'DOWN + ' sent to object: 'Object Repository/Objects.HighlightElements/input_field_index'

2020-05-29 23:47:56 - [MESSAGE][PASSED] - Keys 'DOWN + ' sent to object: 'Object Repository/Objects.HighlightElements/input_field_index'

2020-05-29 23:47:56 - [TEST_STEP][PASSED] - delay(DelayTime): Delayed 2 second(s)

2020-05-29 23:47:58 - [MESSAGE][PASSED] - Delayed 2 second(s)

2020-05-29 23:47:58 - [TEST_STEP][PASSED] - sendKeys(NewInputNmField, Keys.chord(ENTER)): Keys 'ENTER + ' sent to object: 'Object Repository/Objects.HighlightElements/input_field_index'

2020-05-29 23:47:58 - [MESSAGE][PASSED] - Keys 'ENTER + ' sent to object: 'Object Repository/Objects.HighlightElements/input_field_index'

2020-05-29 23:47:58 - [TEST_STEP][PASSED] - ComboBoxValue = getAttribute(NewInputNmField, "value"): Attribute 'value' of object 'Object Repository/Objects.HighlightElements/input_field_index' is: 'View/Edit Bldg (SMB_UP2)'

2020-05-29 23:47:59 - [MESSAGE][PASSED] - Attribute 'value' of object 'Object Repository/Objects.HighlightElements/input_field_index' is: 'View/Edit Bldg (SMB_UP2)'

2020-05-29 23:47:59 - [TEST_STEP][PASSED] - callTestCase(findTestCase(CallTCName), ["FindValue":ComboBoxValue, "DropdownNm":comboNm], STOP_ON_FAILURE): Call Test Case 'Test Cases/PFI Precision and Scale/HashMap Tables/ConstantHashMap' successfully

2020-05-29 23:47:59 - [TEST_CASE][PASSED] - Test Cases/PFI Precision and Scale/HashMap Tables/ConstantHashMap: Test Cases/PFI Precision and Scale/HashMap Tables/ConstantHashMap

2020-05-29 23:47:59 - [TEST_STEP][PASSED] - ConstantTBL = [1:["PeriodType":"Working Day(s)"], 2:["PeriodType":"Calendar Day(s)"], 3:["PeriodType":"Month(s)"], 4:["TypeOfLetter":"T1"], ... ]: null

2020-05-29 23:47:59 - [TEST_STEP][PASSED] - switch (DropdownNm): null

2020-05-29 23:47:59 - [TEST_STEP][PASSED] - case "PSI":: null

2020-05-29 23:47:59 - [TEST_STEP][PASSED] - ValueFound = ConstantTBL.find({ -> ... }): null

2020-05-29 23:47:59 - [TEST_STEP][PASSED] - break: null

2020-05-29 23:47:59 - [MESSAGE][PASSED] - Call Test Case 'Test Cases/PFI Precision and Scale/HashMap Tables/ConstantHashMap' successfully

2020-05-29 23:47:59 - [TEST_STEP][PASSED] - println(ValueFound): null

2020-05-29 23:47:59 - [TEST_STEP][PASSED] - sendKeys(NewInputNmField, Keys.chord(ARROW_DOWN)): Keys 'DOWN + ' sent to object: 'Object Repository/Objects.HighlightElements/input_field_index'

2020-05-29 23:47:59 - [MESSAGE][PASSED] - Keys 'DOWN + ' sent to object: 'Object Repository/Objects.HighlightElements/input_field_index'

2020-05-29 23:47:59 - [TEST_STEP][PASSED] - sendKeys(NewInputNmField, Keys.chord(ARROW_DOWN)): Keys 'DOWN + ' sent to object: 'Object Repository/Objects.HighlightElements/input_field_index'

2020-05-29 23:47:59 - [MESSAGE][PASSED] - Keys 'DOWN + ' sent to object: 'Object Repository/Objects.HighlightElements/input_field_index'

2020-05-29 23:47:59 - [TEST_STEP][PASSED] - delay(DelayTime): Delayed 2 second(s)

2020-05-29 23:48:01 - [MESSAGE][PASSED] - Delayed 2 second(s)

2020-05-29 23:48:01 - [TEST_STEP][PASSED] - sendKeys(NewInputNmField, Keys.chord(ENTER)): Keys 'ENTER + ' sent to object: 'Object Repository/Objects.HighlightElements/input_field_index'

2020-05-29 23:48:02 - [MESSAGE][PASSED] - Keys 'ENTER + ' sent to object: 'Object Repository/Objects.HighlightElements/input_field_index'

2020-05-29 23:48:02 - [TEST_STEP][PASSED] - ComboBoxValue = getAttribute(NewInputNmField, "value"): Attribute 'value' of object 'Object Repository/Objects.HighlightElements/input_field_index' is: 'ST-PSI Processing (ST_PSI)'

2020-05-29 23:48:02 - [MESSAGE][PASSED] - Attribute 'value' of object 'Object Repository/Objects.HighlightElements/input_field_index' is: 'ST-PSI Processing (ST_PSI)'

2020-05-29 23:48:02 - [TEST_STEP][PASSED] - callTestCase(findTestCase(CallTCName), ["FindValue":ComboBoxValue, "DropdownNm":comboNm], STOP_ON_FAILURE): Call Test Case 'Test Cases/PFI Precision and Scale/HashMap Tables/ConstantHashMap' successfully

2020-05-29 23:48:02 - [TEST_CASE][PASSED] - Test Cases/PFI Precision and Scale/HashMap Tables/ConstantHashMap: Test Cases/PFI Precision and Scale/HashMap Tables/ConstantHashMap

2020-05-29 23:48:02 - [TEST_STEP][PASSED] - ConstantTBL = [1:["PeriodType":"Working Day(s)"], 2:["PeriodType":"Calendar Day(s)"], 3:["PeriodType":"Month(s)"], 4:["TypeOfLetter":"T1"], ... ]: null

2020-05-29 23:48:02 - [TEST_STEP][PASSED] - switch (DropdownNm): null

2020-05-29 23:48:02 - [TEST_STEP][PASSED] - case "PSI":: null

2020-05-29 23:48:02 - [TEST_STEP][PASSED] - ValueFound = ConstantTBL.find({ -> ... }): null

2020-05-29 23:48:02 - [TEST_STEP][PASSED] - break: null

2020-05-29 23:48:02 - [MESSAGE][PASSED] - Call Test Case 'Test Cases/PFI Precision and Scale/HashMap Tables/ConstantHashMap' successfully

2020-05-29 23:48:02 - [TEST_STEP][PASSED] - println(ValueFound): null

2020-05-29 23:48:02 - [TEST_STEP][PASSED] - sendKeys(NewInputNmField, Keys.chord(ARROW_DOWN)): Keys 'DOWN + ' sent to object: 'Object Repository/Objects.HighlightElements/input_field_index'

2020-05-29 23:48:02 - [MESSAGE][PASSED] - Keys 'DOWN + ' sent to object: 'Object Repository/Objects.HighlightElements/input_field_index'

2020-05-29 23:48:02 - [TEST_STEP][PASSED] - sendKeys(NewInputNmField, Keys.chord(ENTER)): Keys 'ENTER + ' sent to object: 'Object Repository/Objects.HighlightElements/input_field_index'

2020-05-29 23:48:03 - [MESSAGE][PASSED] - Keys 'ENTER + ' sent to object: 'Object Repository/Objects.HighlightElements/input_field_index'

2020-05-29 23:48:03 - [MESSAGE][PASSED] - Call Test Case 'Test Cases/PFI Precision and Scale/PFI Components with Indexing/VerifyDropdownValuesXPI' successfully

2020-05-29 23:48:03 - [TEST_STEP][PASSED] - callTestCase(findTestCase("Components/SelectAllThenDeleteIndex"), ["nameToBeUsed":"inspModule", "index":"1"], STOP_ON_FAILURE): Call Test Case 'Test Cases/Components/SelectAllThenDeleteIndex' successfully

2020-05-29 23:48:03 - [TEST_CASE][PASSED] - Test Cases/Components/SelectAllThenDeleteIndex: Test Cases/Components/SelectAllThenDeleteIndex

2020-05-29 23:48:03 - [TEST_STEP][PASSED] - Thread.sleep(1000): null

2020-05-29 23:48:04 - [TEST_STEP][PASSED] - modifiedObj = modifyObjectProperty(findTestObject("Object Repository/Objects.HighlightElements/input_field_index"), "xpath", "equals", "(//*[contains(@class,'x-form-text') and (@name='" + nameToBeUsed + "')])[" + index + "]", true): Modify property of object successfully

2020-05-29 23:48:04 - [MESSAGE][PASSED] - Modify property of object successfully

2020-05-29 23:48:04 - [TEST_STEP][PASSED] - focus(modifiedObj): Object: 'Object Repository/Objects.HighlightElements/input_field_index' is focused

2020-05-29 23:48:04 - [MESSAGE][PASSED] - Object: 'Object Repository/Objects.HighlightElements/input_field_index' is focused

2020-05-29 23:48:04 - [TEST_STEP][PASSED] - sendKeys(modifiedObj, Keys.chord(CONTROL, "a")): Keys 'CONTROL + a' sent to object: 'Object Repository/Objects.HighlightElements/input_field_index'

2020-05-29 23:48:05 - [MESSAGE][PASSED] - Keys 'CONTROL + a' sent to object: 'Object Repository/Objects.HighlightElements/input_field_index'

2020-05-29 23:48:05 - [TEST_STEP][PASSED] - sendKeys(modifiedObj, Keys.chord(DELETE)): Keys 'DELETE + ' sent to object: 'Object Repository/Objects.HighlightElements/input_field_index'

2020-05-29 23:48:05 - [MESSAGE][PASSED] - Keys 'DELETE + ' sent to object: 'Object Repository/Objects.HighlightElements/input_field_index'

2020-05-29 23:48:05 - [MESSAGE][PASSED] - Call Test Case 'Test Cases/Components/SelectAllThenDeleteIndex' successfully

2020-05-29 23:48:05 - [TEST_STEP][PASSED] - callTestCase(findTestCase("PFI Precision and Scale/PFI Components with Indexing/VerifyDropdownValuesXPI"), ["FldNm":"inspModule", "index":1, "CallTCName":"PFI Precision and Scale/HashMap Tables/ConstantHashMap", "cmbNm":"ModuleNm", ... ], STOP_ON_FAILURE): Call Test Case 'Test Cases/PFI Precision and Scale/PFI Components with Indexing/VerifyDropdownValuesXPI' successfully

2020-05-29 23:48:05 - [TEST_CASE][PASSED] - Test Cases/PFI Precision and Scale/PFI Components with Indexing/VerifyDropdownValuesXPI: Test Cases/PFI Precision and Scale/PFI Components with Indexing/VerifyDropdownValuesXPI

2020-05-29 23:48:05 - [TEST_STEP][PASSED] - Thread.sleep(1000): null

2020-05-29 23:48:06 - [TEST_STEP][PASSED] - NewInputNmField = modifyObjectProperty(findTestObject("Object Repository/Objects.HighlightElements/input_field_index"), "xpath", "equals", "(//*[contains(@name, '" + FldNm + "')])[" + index + "]", true): Modify property of object successfully

2020-05-29 23:48:06 - [MESSAGE][PASSED] - Modify property of object successfully

2020-05-29 23:48:06 - [TEST_STEP][PASSED] - comboNm = cmbNm: null

2020-05-29 23:48:06 - [TEST_STEP][PASSED] - focus(NewInputNmField): Object: 'Object Repository/Objects.HighlightElements/input_field_index' is focused

2020-05-29 23:48:06 - [MESSAGE][PASSED] - Object: 'Object Repository/Objects.HighlightElements/input_field_index' is focused

2020-05-29 23:48:06 - [TEST_STEP][PASSED] - setText(NewInputNmField, EnterValue): Text 'ENF' is set on object 'Object Repository/Objects.HighlightElements/input_field_index'

2020-05-29 23:48:06 - [MESSAGE][PASSED] - Text 'ENF' is set on object 'Object Repository/Objects.HighlightElements/input_field_index'

2020-05-29 23:48:06 - [TEST_STEP][PASSED] - for ([i = 1, i <= NoOfVal, (i++)]): Keys 'DOWN + ' sent to object: 'Object Repository/Objects.HighlightElements/input_field_index'

2020-05-29 23:48:06 - [TEST_STEP][PASSED] - sendKeys(NewInputNmField, Keys.chord(ARROW_DOWN)): Keys 'DOWN + ' sent to object: 'Object Repository/Objects.HighlightElements/input_field_index'

2020-05-29 23:48:07 - [MESSAGE][PASSED] - Keys 'DOWN + ' sent to object: 'Object Repository/Objects.HighlightElements/input_field_index'

2020-05-29 23:48:07 - [TEST_STEP][PASSED] - delay(DelayTime): Delayed 0 second(s)

2020-05-29 23:48:07 - [MESSAGE][PASSED] - Delayed 0 second(s)

2020-05-29 23:48:07 - [TEST_STEP][PASSED] - sendKeys(NewInputNmField, Keys.chord(ENTER)): Keys 'ENTER + ' sent to object: 'Object Repository/Objects.HighlightElements/input_field_index'

2020-05-29 23:48:07 - [MESSAGE][PASSED] - Keys 'ENTER + ' sent to object: 'Object Repository/Objects.HighlightElements/input_field_index'

2020-05-29 23:48:07 - [TEST_STEP][PASSED] - ComboBoxValue = getAttribute(NewInputNmField, "value"): Attribute 'value' of object 'Object Repository/Objects.HighlightElements/input_field_index' is: 'ENF'

2020-05-29 23:48:08 - [MESSAGE][PASSED] - Attribute 'value' of object 'Object Repository/Objects.HighlightElements/input_field_index' is: 'ENF'

2020-05-29 23:48:08 - [TEST_STEP][PASSED] - callTestCase(findTestCase(CallTCName), ["FindValue":ComboBoxValue, "DropdownNm":comboNm], STOP_ON_FAILURE): Call Test Case 'Test Cases/PFI Precision and Scale/HashMap Tables/ConstantHashMap' successfully

2020-05-29 23:48:08 - [TEST_CASE][PASSED] - Test Cases/PFI Precision and Scale/HashMap Tables/ConstantHashMap: Test Cases/PFI Precision and Scale/HashMap Tables/ConstantHashMap

2020-05-29 23:48:08 - [TEST_STEP][PASSED] - ConstantTBL = [1:["PeriodType":"Working Day(s)"], 2:["PeriodType":"Calendar Day(s)"], 3:["PeriodType":"Month(s)"], 4:["TypeOfLetter":"T1"], ... ]: null

2020-05-29 23:48:08 - [TEST_STEP][PASSED] - switch (DropdownNm): null

2020-05-29 23:48:08 - [TEST_STEP][PASSED] - case "ModuleNm":: null

2020-05-29 23:48:08 - [TEST_STEP][PASSED] - ValueFound = ConstantTBL.find({ -> ... }): null

2020-05-29 23:48:08 - [TEST_STEP][PASSED] - break: null

2020-05-29 23:48:08 - [MESSAGE][PASSED] - Call Test Case 'Test Cases/PFI Precision and Scale/HashMap Tables/ConstantHashMap' successfully

2020-05-29 23:48:08 - [TEST_STEP][PASSED] - println(ValueFound): null

2020-05-29 23:48:08 - [TEST_STEP][PASSED] - sendKeys(NewInputNmField, Keys.chord(ARROW_DOWN)): Keys 'DOWN + ' sent to object: 'Object Repository/Objects.HighlightElements/input_field_index'

2020-05-29 23:48:08 - [MESSAGE][PASSED] - Keys 'DOWN + ' sent to object: 'Object Repository/Objects.HighlightElements/input_field_index'

2020-05-29 23:48:08 - [TEST_STEP][PASSED] - sendKeys(NewInputNmField, Keys.chord(ENTER)): Keys 'ENTER + ' sent to object: 'Object Repository/Objects.HighlightElements/input_field_index'

2020-05-29 23:48:08 - [MESSAGE][PASSED] - Keys 'ENTER + ' sent to object: 'Object Repository/Objects.HighlightElements/input_field_index'

2020-05-29 23:48:08 - [MESSAGE][PASSED] - Call Test Case 'Test Cases/PFI Precision and Scale/PFI Components with Indexing/VerifyDropdownValuesXPI' successfully

2020-05-29 23:48:08 - [TEST_STEP][PASSED] - callTestCase(findTestCase("PFI Precision and Scale/PFI Components with Indexing/VerifyDropdownValuesXPI"), ["FldNm":"inspCaseType", "index":1, "CallTCName":"PFI Precision and Scale/HashMap Tables/ConstantHashMap", "cmbNm":"ENF", "NoOfVal":8, ... ], STOP_ON_FAILURE): Call Test Case 'Test Cases/PFI Precision and Scale/PFI Components with Indexing/VerifyDropdownValuesXPI' successfully

2020-05-29 23:48:08 - [TEST_CASE][PASSED] - Test Cases/PFI Precision and Scale/PFI Components with Indexing/VerifyDropdownValuesXPI: Test Cases/PFI Precision and Scale/PFI Components with Indexing/VerifyDropdownValuesXPI

2020-05-29 23:48:08 - [TEST_STEP][PASSED] - Thread.sleep(1000): null

2020-05-29 23:48:09 - [TEST_STEP][PASSED] - NewInputNmField = modifyObjectProperty(findTestObject("Object Repository/Objects.HighlightElements/input_field_index"), "xpath", "equals", "(//*[contains(@name, '" + FldNm + "')])[" + index + "]", true): Modify property of object successfully

2020-05-29 23:48:09 - [MESSAGE][PASSED] - Modify property of object successfully

2020-05-29 23:48:09 - [TEST_STEP][PASSED] - comboNm = cmbNm: null

2020-05-29 23:48:09 - [TEST_STEP][PASSED] - focus(NewInputNmField): Object: 'Object Repository/Objects.HighlightElements/input_field_index' is focused

2020-05-29 23:48:10 - [MESSAGE][PASSED] - Object: 'Object Repository/Objects.HighlightElements/input_field_index' is focused

2020-05-29 23:48:10 - [TEST_STEP][PASSED] - setText(NewInputNmField, EnterValue): Text '' is set on object 'Object Repository/Objects.HighlightElements/input_field_index'

2020-05-29 23:48:10 - [MESSAGE][PASSED] - Text '' is set on object 'Object Repository/Objects.HighlightElements/input_field_index'

2020-05-29 23:48:10 - [TEST_STEP][PASSED] - for ([i = 1, i <= NoOfVal, (i++)]): Keys 'DOWN + ' sent to object: 'Object Repository/Objects.HighlightElements/input_field_index'

2020-05-29 23:48:10 - [TEST_STEP][PASSED] - sendKeys(NewInputNmField, Keys.chord(ARROW_DOWN)): Keys 'DOWN + ' sent to object: 'Object Repository/Objects.HighlightElements/input_field_index'

2020-05-29 23:48:10 - [MESSAGE][PASSED] - Keys 'DOWN + ' sent to object: 'Object Repository/Objects.HighlightElements/input_field_index'

2020-05-29 23:48:10 - [TEST_STEP][PASSED] - delay(DelayTime): Delayed 2 second(s)

2020-05-29 23:48:12 - [MESSAGE][PASSED] - Delayed 2 second(s)

2020-05-29 23:48:12 - [TEST_STEP][PASSED] - sendKeys(NewInputNmField, Keys.chord(ENTER)): Keys 'ENTER + ' sent to object: 'Object Repository/Objects.HighlightElements/input_field_index'

2020-05-29 23:48:13 - [MESSAGE][PASSED] - Keys 'ENTER + ' sent to object: 'Object Repository/Objects.HighlightElements/input_field_index'

2020-05-29 23:48:13 - [TEST_STEP][PASSED] - ComboBoxValue = getAttribute(NewInputNmField, "value"): Attribute 'value' of object 'Object Repository/Objects.HighlightElements/input_field_index' is: 'Corres-General Correspondence (CORRES-ENF-GC)'

2020-05-29 23:48:13 - [MESSAGE][PASSED] - Attribute 'value' of object 'Object Repository/Objects.HighlightElements/input_field_index' is: 'Corres-General Correspondence (CORRES-ENF-GC)'

2020-05-29 23:48:13 - [TEST_STEP][PASSED] - callTestCase(findTestCase(CallTCName), ["FindValue":ComboBoxValue, "DropdownNm":comboNm], STOP_ON_FAILURE): Call Test Case 'Test Cases/PFI Precision and Scale/HashMap Tables/ConstantHashMap' successfully

2020-05-29 23:48:13 - [TEST_CASE][PASSED] - Test Cases/PFI Precision and Scale/HashMap Tables/ConstantHashMap: Test Cases/PFI Precision and Scale/HashMap Tables/ConstantHashMap

2020-05-29 23:48:13 - [TEST_STEP][PASSED] - ConstantTBL = [1:["PeriodType":"Working Day(s)"], 2:["PeriodType":"Calendar Day(s)"], 3:["PeriodType":"Month(s)"], 4:["TypeOfLetter":"T1"], ... ]: null

2020-05-29 23:48:13 - [TEST_STEP][PASSED] - switch (DropdownNm): null

2020-05-29 23:48:13 - [TEST_STEP][PASSED] - case "ENF":: null

2020-05-29 23:48:13 - [TEST_STEP][PASSED] - ValueFound = ConstantTBL.find({ -> ... }): null

2020-05-29 23:48:13 - [TEST_STEP][PASSED] - break: null

2020-05-29 23:48:13 - [MESSAGE][PASSED] - Call Test Case 'Test Cases/PFI Precision and Scale/HashMap Tables/ConstantHashMap' successfully

2020-05-29 23:48:13 - [TEST_STEP][PASSED] - println(ValueFound): null

2020-05-29 23:48:13 - [TEST_STEP][PASSED] - sendKeys(NewInputNmField, Keys.chord(ARROW_DOWN)): Keys 'DOWN + ' sent to object: 'Object Repository/Objects.HighlightElements/input_field_index'

2020-05-29 23:48:13 - [MESSAGE][PASSED] - Keys 'DOWN + ' sent to object: 'Object Repository/Objects.HighlightElements/input_field_index'

2020-05-29 23:48:13 - [TEST_STEP][PASSED] - sendKeys(NewInputNmField, Keys.chord(ARROW_DOWN)): Keys 'DOWN + ' sent to object: 'Object Repository/Objects.HighlightElements/input_field_index'

2020-05-29 23:48:14 - [MESSAGE][PASSED] - Keys 'DOWN + ' sent to object: 'Object Repository/Objects.HighlightElements/input_field_index'

2020-05-29 23:48:14 - [TEST_STEP][PASSED] - delay(DelayTime): Delayed 2 second(s)

2020-05-29 23:48:16 - [MESSAGE][PASSED] - Delayed 2 second(s)

2020-05-29 23:48:16 - [TEST_STEP][PASSED] - sendKeys(NewInputNmField, Keys.chord(ENTER)): Keys 'ENTER + ' sent to object: 'Object Repository/Objects.HighlightElements/input_field_index'

2020-05-29 23:48:16 - [MESSAGE][PASSED] - Keys 'ENTER + ' sent to object: 'Object Repository/Objects.HighlightElements/input_field_index'

2020-05-29 23:48:16 - [TEST_STEP][PASSED] - ComboBoxValue = getAttribute(NewInputNmField, "value"): Attribute 'value' of object 'Object Repository/Objects.HighlightElements/input_field_index' is: 'Corres-Request for Submission Withdrawal (CORRES-ENF-SUBWTH)'

2020-05-29 23:48:17 - [MESSAGE][PASSED] - Attribute 'value' of object 'Object Repository/Objects.HighlightElements/input_field_index' is: 'Corres-Request for Submission Withdrawal (CORRES-ENF-SUBWTH)'

2020-05-29 23:48:17 - [TEST_STEP][PASSED] - callTestCase(findTestCase(CallTCName), ["FindValue":ComboBoxValue, "DropdownNm":comboNm], STOP_ON_FAILURE): Call Test Case 'Test Cases/PFI Precision and Scale/HashMap Tables/ConstantHashMap' successfully

2020-05-29 23:48:17 - [TEST_CASE][PASSED] - Test Cases/PFI Precision and Scale/HashMap Tables/ConstantHashMap: Test Cases/PFI Precision and Scale/HashMap Tables/ConstantHashMap

2020-05-29 23:48:17 - [TEST_STEP][PASSED] - ConstantTBL = [1:["PeriodType":"Working Day(s)"], 2:["PeriodType":"Calendar Day(s)"], 3:["PeriodType":"Month(s)"], 4:["TypeOfLetter":"T1"], ... ]: null

2020-05-29 23:48:17 - [TEST_STEP][PASSED] - switch (DropdownNm): null

2020-05-29 23:48:17 - [TEST_STEP][PASSED] - case "ENF":: null

2020-05-29 23:48:17 - [TEST_STEP][PASSED] - ValueFound = ConstantTBL.find({ -> ... }): null

2020-05-29 23:48:17 - [TEST_STEP][PASSED] - break: null

2020-05-29 23:48:17 - [MESSAGE][PASSED] - Call Test Case 'Test Cases/PFI Precision and Scale/HashMap Tables/ConstantHashMap' successfully

2020-05-29 23:48:17 - [TEST_STEP][PASSED] - println(ValueFound): null

2020-05-29 23:48:17 - [TEST_STEP][PASSED] - sendKeys(NewInputNmField, Keys.chord(ARROW_DOWN)): Keys 'DOWN + ' sent to object: 'Object Repository/Objects.HighlightElements/input_field_index'

2020-05-29 23:48:17 - [MESSAGE][PASSED] - Keys 'DOWN + ' sent to object: 'Object Repository/Objects.HighlightElements/input_field_index'

2020-05-29 23:48:17 - [TEST_STEP][PASSED] - sendKeys(NewInputNmField, Keys.chord(ARROW_DOWN)): Keys 'DOWN + ' sent to object: 'Object Repository/Objects.HighlightElements/input_field_index'

2020-05-29 23:48:17 - [MESSAGE][PASSED] - Keys 'DOWN + ' sent to object: 'Object Repository/Objects.HighlightElements/input_field_index'

2020-05-29 23:48:17 - [TEST_STEP][PASSED] - delay(DelayTime): Delayed 2 second(s)

2020-05-29 23:48:19 - [MESSAGE][PASSED] - Delayed 2 second(s)

2020-05-29 23:48:19 - [TEST_STEP][PASSED] - sendKeys(NewInputNmField, Keys.chord(ENTER)): Keys 'ENTER + ' sent to object: 'Object Repository/Objects.HighlightElements/input_field_index'

2020-05-29 23:48:20 - [MESSAGE][PASSED] - Keys 'ENTER + ' sent to object: 'Object Repository/Objects.HighlightElements/input_field_index'

2020-05-29 23:48:20 - [TEST_STEP][PASSED] - ComboBoxValue = getAttribute(NewInputNmField, "value"): Attribute 'value' of object 'Object Repository/Objects.HighlightElements/input_field_index' is: 'Enforcement Processing (ENF)'

2020-05-29 23:48:20 - [MESSAGE][PASSED] - Attribute 'value' of object 'Object Repository/Objects.HighlightElements/input_field_index' is: 'Enforcement Processing (ENF)'

2020-05-29 23:48:20 - [TEST_STEP][PASSED] - callTestCase(findTestCase(CallTCName), ["FindValue":ComboBoxValue, "DropdownNm":comboNm], STOP_ON_FAILURE): Call Test Case 'Test Cases/PFI Precision and Scale/HashMap Tables/ConstantHashMap' successfully

2020-05-29 23:48:20 - [TEST_CASE][PASSED] - Test Cases/PFI Precision and Scale/HashMap Tables/ConstantHashMap: Test Cases/PFI Precision and Scale/HashMap Tables/ConstantHashMap

2020-05-29 23:48:20 - [TEST_STEP][PASSED] - ConstantTBL = [1:["PeriodType":"Working Day(s)"], 2:["PeriodType":"Calendar Day(s)"], 3:["PeriodType":"Month(s)"], 4:["TypeOfLetter":"T1"], ... ]: null

2020-05-29 23:48:20 - [TEST_STEP][PASSED] - switch (DropdownNm): null

2020-05-29 23:48:20 - [TEST_STEP][PASSED] - case "ENF":: null

2020-05-29 23:48:20 - [TEST_STEP][PASSED] - ValueFound = ConstantTBL.find({ -> ... }): null

2020-05-29 23:48:20 - [TEST_STEP][PASSED] - break: null

2020-05-29 23:48:20 - [MESSAGE][PASSED] - Call Test Case 'Test Cases/PFI Precision and Scale/HashMap Tables/ConstantHashMap' successfully

2020-05-29 23:48:20 - [TEST_STEP][PASSED] - println(ValueFound): null

2020-05-29 23:48:20 - [TEST_STEP][PASSED] - sendKeys(NewInputNmField, Keys.chord(ARROW_DOWN)): Keys 'DOWN + ' sent to object: 'Object Repository/Objects.HighlightElements/input_field_index'

2020-05-29 23:48:20 - [MESSAGE][PASSED] - Keys 'DOWN + ' sent to object: 'Object Repository/Objects.HighlightElements/input_field_index'

2020-05-29 23:48:20 - [TEST_STEP][PASSED] - sendKeys(NewInputNmField, Keys.chord(ARROW_DOWN)): Keys 'DOWN + ' sent to object: 'Object Repository/Objects.HighlightElements/input_field_index'

2020-05-29 23:48:21 - [MESSAGE][PASSED] - Keys 'DOWN + ' sent to object: 'Object Repository/Objects.HighlightElements/input_field_index'

2020-05-29 23:48:21 - [TEST_STEP][PASSED] - delay(DelayTime): Delayed 2 second(s)

2020-05-29 23:48:23 - [MESSAGE][PASSED] - Delayed 2 second(s)

2020-05-29 23:48:23 - [TEST_STEP][PASSED] - sendKeys(NewInputNmField, Keys.chord(ENTER)): Keys 'ENTER + ' sent to object: 'Object Repository/Objects.HighlightElements/input_field_index'

2020-05-29 23:48:23 - [MESSAGE][PASSED] - Keys 'ENTER + ' sent to object: 'Object Repository/Objects.HighlightElements/input_field_index'

2020-05-29 23:48:23 - [TEST_STEP][PASSED] - ComboBoxValue = getAttribute(NewInputNmField, "value"): Attribute 'value' of object 'Object Repository/Objects.HighlightElements/input_field_index' is: 'Enforcement - Fire and Surveilence (ENF_EFS)'

2020-05-29 23:48:24 - [MESSAGE][PASSED] - Attribute 'value' of object 'Object Repository/Objects.HighlightElements/input_field_index' is: 'Enforcement - Fire and Surveilence (ENF_EFS)'

2020-05-29 23:48:24 - [TEST_STEP][PASSED] - callTestCase(findTestCase(CallTCName), ["FindValue":ComboBoxValue, "DropdownNm":comboNm], STOP_ON_FAILURE): Call Test Case 'Test Cases/PFI Precision and Scale/HashMap Tables/ConstantHashMap' successfully

2020-05-29 23:48:24 - [TEST_CASE][PASSED] - Test Cases/PFI Precision and Scale/HashMap Tables/ConstantHashMap: Test Cases/PFI Precision and Scale/HashMap Tables/ConstantHashMap

2020-05-29 23:48:24 - [TEST_STEP][PASSED] - ConstantTBL = [1:["PeriodType":"Working Day(s)"], 2:["PeriodType":"Calendar Day(s)"], 3:["PeriodType":"Month(s)"], 4:["TypeOfLetter":"T1"], ... ]: null

2020-05-29 23:48:24 - [TEST_STEP][PASSED] - switch (DropdownNm): null

2020-05-29 23:48:24 - [TEST_STEP][PASSED] - case "ENF":: null

2020-05-29 23:48:24 - [TEST_STEP][PASSED] - ValueFound = ConstantTBL.find({ -> ... }): null

2020-05-29 23:48:24 - [TEST_STEP][PASSED] - break: null

2020-05-29 23:48:24 - [MESSAGE][PASSED] - Call Test Case 'Test Cases/PFI Precision and Scale/HashMap Tables/ConstantHashMap' successfully

2020-05-29 23:48:24 - [TEST_STEP][PASSED] - println(ValueFound): null

2020-05-29 23:48:24 - [TEST_STEP][PASSED] - sendKeys(NewInputNmField, Keys.chord(ARROW_DOWN)): Keys 'DOWN + ' sent to object: 'Object Repository/Objects.HighlightElements/input_field_index'

2020-05-29 23:48:24 - [MESSAGE][PASSED] - Keys 'DOWN + ' sent to object: 'Object Repository/Objects.HighlightElements/input_field_index'

2020-05-29 23:48:24 - [TEST_STEP][PASSED] - sendKeys(NewInputNmField, Keys.chord(ARROW_DOWN)): Keys 'DOWN + ' sent to object: 'Object Repository/Objects.HighlightElements/input_field_index'

2020-05-29 23:48:24 - [MESSAGE][PASSED] - Keys 'DOWN + ' sent to object: 'Object Repository/Objects.HighlightElements/input_field_index'

2020-05-29 23:48:24 - [TEST_STEP][PASSED] - delay(DelayTime): Delayed 2 second(s)

2020-05-29 23:48:26 - [MESSAGE][PASSED] - Delayed 2 second(s)

2020-05-29 23:48:26 - [TEST_STEP][PASSED] - sendKeys(NewInputNmField, Keys.chord(ENTER)): Keys 'ENTER + ' sent to object: 'Object Repository/Objects.HighlightElements/input_field_index'

2020-05-29 23:48:27 - [MESSAGE][PASSED] - Keys 'ENTER + ' sent to object: 'Object Repository/Objects.HighlightElements/input_field_index'

2020-05-29 23:48:27 - [TEST_STEP][PASSED] - ComboBoxValue = getAttribute(NewInputNmField, "value"): Attribute 'value' of object 'Object Repository/Objects.HighlightElements/input_field_index' is: 'Enforcement - Master Folder (BSPS) (ENF_EM)'

2020-05-29 23:48:27 - [MESSAGE][PASSED] - Attribute 'value' of object 'Object Repository/Objects.HighlightElements/input_field_index' is: 'Enforcement - Master Folder (BSPS) (ENF_EM)'

2020-05-29 23:48:27 - [TEST_STEP][PASSED] - callTestCase(findTestCase(CallTCName), ["FindValue":ComboBoxValue, "DropdownNm":comboNm], STOP_ON_FAILURE): Call Test Case 'Test Cases/PFI Precision and Scale/HashMap Tables/ConstantHashMap' successfully

2020-05-29 23:48:27 - [TEST_CASE][PASSED] - Test Cases/PFI Precision and Scale/HashMap Tables/ConstantHashMap: Test Cases/PFI Precision and Scale/HashMap Tables/ConstantHashMap

2020-05-29 23:48:27 - [TEST_STEP][PASSED] - ConstantTBL = [1:["PeriodType":"Working Day(s)"], 2:["PeriodType":"Calendar Day(s)"], 3:["PeriodType":"Month(s)"], 4:["TypeOfLetter":"T1"], ... ]: null

2020-05-29 23:48:27 - [TEST_STEP][PASSED] - switch (DropdownNm): null

2020-05-29 23:48:27 - [TEST_STEP][PASSED] - case "ENF":: null

2020-05-29 23:48:27 - [TEST_STEP][PASSED] - ValueFound = ConstantTBL.find({ -> ... }): null

2020-05-29 23:48:27 - [TEST_STEP][PASSED] - break: null

2020-05-29 23:48:27 - [MESSAGE][PASSED] - Call Test Case 'Test Cases/PFI Precision and Scale/HashMap Tables/ConstantHashMap' successfully

2020-05-29 23:48:27 - [TEST_STEP][PASSED] - println(ValueFound): null

2020-05-29 23:48:27 - [TEST_STEP][PASSED] - sendKeys(NewInputNmField, Keys.chord(ARROW_DOWN)): Keys 'DOWN + ' sent to object: 'Object Repository/Objects.HighlightElements/input_field_index'

2020-05-29 23:48:28 - [MESSAGE][PASSED] - Keys 'DOWN + ' sent to object: 'Object Repository/Objects.HighlightElements/input_field_index'

2020-05-29 23:48:28 - [TEST_STEP][PASSED] - sendKeys(NewInputNmField, Keys.chord(ARROW_DOWN)): Keys 'DOWN + ' sent to object: 'Object Repository/Objects.HighlightElements/input_field_index'

2020-05-29 23:48:28 - [MESSAGE][PASSED] - Keys 'DOWN + ' sent to object: 'Object Repository/Objects.HighlightElements/input_field_index'

2020-05-29 23:48:28 - [TEST_STEP][PASSED] - delay(DelayTime): Delayed 2 second(s)

2020-05-29 23:48:30 - [MESSAGE][PASSED] - Delayed 2 second(s)

2020-05-29 23:48:30 - [TEST_STEP][PASSED] - sendKeys(NewInputNmField, Keys.chord(ENTER)): Keys 'ENTER + ' sent to object: 'Object Repository/Objects.HighlightElements/input_field_index'

2020-05-29 23:48:30 - [MESSAGE][PASSED] - Keys 'ENTER + ' sent to object: 'Object Repository/Objects.HighlightElements/input_field_index'

2020-05-29 23:48:30 - [TEST_STEP][PASSED] - ComboBoxValue = getAttribute(NewInputNmField, "value"): Attribute 'value' of object 'Object Repository/Objects.HighlightElements/input_field_index' is: 'Enforcement - Monitoring (ENF_EMF)'

2020-05-29 23:48:31 - [MESSAGE][PASSED] - Attribute 'value' of object 'Object Repository/Objects.HighlightElements/input_field_index' is: 'Enforcement - Monitoring (ENF_EMF)'

2020-05-29 23:48:31 - [TEST_STEP][PASSED] - callTestCase(findTestCase(CallTCName), ["FindValue":ComboBoxValue, "DropdownNm":comboNm], STOP_ON_FAILURE): Call Test Case 'Test Cases/PFI Precision and Scale/HashMap Tables/ConstantHashMap' successfully

2020-05-29 23:48:31 - [TEST_CASE][PASSED] - Test Cases/PFI Precision and Scale/HashMap Tables/ConstantHashMap: Test Cases/PFI Precision and Scale/HashMap Tables/ConstantHashMap

2020-05-29 23:48:31 - [TEST_STEP][PASSED] - ConstantTBL = [1:["PeriodType":"Working Day(s)"], 2:["PeriodType":"Calendar Day(s)"], 3:["PeriodType":"Month(s)"], 4:["TypeOfLetter":"T1"], ... ]: null

2020-05-29 23:48:31 - [TEST_STEP][PASSED] - switch (DropdownNm): null

2020-05-29 23:48:31 - [TEST_STEP][PASSED] - case "ENF":: null

2020-05-29 23:48:31 - [TEST_STEP][PASSED] - ValueFound = ConstantTBL.find({ -> ... }): null

2020-05-29 23:48:31 - [TEST_STEP][PASSED] - break: null

2020-05-29 23:48:31 - [MESSAGE][PASSED] - Call Test Case 'Test Cases/PFI Precision and Scale/HashMap Tables/ConstantHashMap' successfully

2020-05-29 23:48:31 - [TEST_STEP][PASSED] - println(ValueFound): null

2020-05-29 23:48:31 - [TEST_STEP][PASSED] - sendKeys(NewInputNmField, Keys.chord(ARROW_DOWN)): Keys 'DOWN + ' sent to object: 'Object Repository/Objects.HighlightElements/input_field_index'

2020-05-29 23:48:31 - [MESSAGE][PASSED] - Keys 'DOWN + ' sent to object: 'Object Repository/Objects.HighlightElements/input_field_index'

2020-05-29 23:48:31 - [TEST_STEP][PASSED] - sendKeys(NewInputNmField, Keys.chord(ARROW_DOWN)): Keys 'DOWN + ' sent to object: 'Object Repository/Objects.HighlightElements/input_field_index'

2020-05-29 23:48:31 - [MESSAGE][PASSED] - Keys 'DOWN + ' sent to object: 'Object Repository/Objects.HighlightElements/input_field_index'

2020-05-29 23:48:31 - [TEST_STEP][PASSED] - delay(DelayTime): Delayed 2 second(s)

2020-05-29 23:48:33 - [MESSAGE][PASSED] - Delayed 2 second(s)

2020-05-29 23:48:33 - [TEST_STEP][PASSED] - sendKeys(NewInputNmField, Keys.chord(ENTER)): Keys 'ENTER + ' sent to object: 'Object Repository/Objects.HighlightElements/input_field_index'

2020-05-29 23:48:34 - [MESSAGE][PASSED] - Keys 'ENTER + ' sent to object: 'Object Repository/Objects.HighlightElements/input_field_index'

2020-05-29 23:48:34 - [TEST_STEP][PASSED] - ComboBoxValue = getAttribute(NewInputNmField, "value"): Attribute 'value' of object 'Object Repository/Objects.HighlightElements/input_field_index' is: 'Enforcement Ad Hoc Processing (ENFAH)'

2020-05-29 23:48:34 - [MESSAGE][PASSED] - Attribute 'value' of object 'Object Repository/Objects.HighlightElements/input_field_index' is: 'Enforcement Ad Hoc Processing (ENFAH)'

2020-05-29 23:48:34 - [TEST_STEP][PASSED] - callTestCase(findTestCase(CallTCName), ["FindValue":ComboBoxValue, "DropdownNm":comboNm], STOP_ON_FAILURE): Call Test Case 'Test Cases/PFI Precision and Scale/HashMap Tables/ConstantHashMap' successfully

2020-05-29 23:48:34 - [TEST_CASE][PASSED] - Test Cases/PFI Precision and Scale/HashMap Tables/ConstantHashMap: Test Cases/PFI Precision and Scale/HashMap Tables/ConstantHashMap

2020-05-29 23:48:34 - [TEST_STEP][PASSED] - ConstantTBL = [1:["PeriodType":"Working Day(s)"], 2:["PeriodType":"Calendar Day(s)"], 3:["PeriodType":"Month(s)"], 4:["TypeOfLetter":"T1"], ... ]: null

2020-05-29 23:48:34 - [TEST_STEP][PASSED] - switch (DropdownNm): null

2020-05-29 23:48:34 - [TEST_STEP][PASSED] - case "ENF":: null

2020-05-29 23:48:34 - [TEST_STEP][PASSED] - ValueFound = ConstantTBL.find({ -> ... }): null

2020-05-29 23:48:34 - [TEST_STEP][PASSED] - break: null

2020-05-29 23:48:34 - [MESSAGE][PASSED] - Call Test Case 'Test Cases/PFI Precision and Scale/HashMap Tables/ConstantHashMap' successfully

2020-05-29 23:48:34 - [TEST_STEP][PASSED] - println(ValueFound): null

2020-05-29 23:48:34 - [TEST_STEP][PASSED] - sendKeys(NewInputNmField, Keys.chord(ARROW_DOWN)): Keys 'DOWN + ' sent to object: 'Object Repository/Objects.HighlightElements/input_field_index'

2020-05-29 23:48:35 - [MESSAGE][PASSED] - Keys 'DOWN + ' sent to object: 'Object Repository/Objects.HighlightElements/input_field_index'

2020-05-29 23:48:35 - [TEST_STEP][PASSED] - sendKeys(NewInputNmField, Keys.chord(ARROW_DOWN)): Keys 'DOWN + ' sent to object: 'Object Repository/Objects.HighlightElements/input_field_index'

2020-05-29 23:48:35 - [MESSAGE][PASSED] - Keys 'DOWN + ' sent to object: 'Object Repository/Objects.HighlightElements/input_field_index'

2020-05-29 23:48:35 - [TEST_STEP][PASSED] - delay(DelayTime): Delayed 2 second(s)

2020-05-29 23:48:37 - [MESSAGE][PASSED] - Delayed 2 second(s)

2020-05-29 23:48:37 - [TEST_STEP][PASSED] - sendKeys(NewInputNmField, Keys.chord(ENTER)): Keys 'ENTER + ' sent to object: 'Object Repository/Objects.HighlightElements/input_field_index'

2020-05-29 23:48:37 - [MESSAGE][PASSED] - Keys 'ENTER + ' sent to object: 'Object Repository/Objects.HighlightElements/input_field_index'

2020-05-29 23:48:37 - [TEST_STEP][PASSED] - ComboBoxValue = getAttribute(NewInputNmField, "value"): Attribute 'value' of object 'Object Repository/Objects.HighlightElements/input_field_index' is: 'ST-ENF Processing (ST_ENF)'

2020-05-29 23:48:38 - [MESSAGE][PASSED] - Attribute 'value' of object 'Object Repository/Objects.HighlightElements/input_field_index' is: 'ST-ENF Processing (ST_ENF)'

2020-05-29 23:48:38 - [TEST_STEP][PASSED] - callTestCase(findTestCase(CallTCName), ["FindValue":ComboBoxValue, "DropdownNm":comboNm], STOP_ON_FAILURE): Call Test Case 'Test Cases/PFI Precision and Scale/HashMap Tables/ConstantHashMap' successfully

2020-05-29 23:48:38 - [TEST_CASE][PASSED] - Test Cases/PFI Precision and Scale/HashMap Tables/ConstantHashMap: Test Cases/PFI Precision and Scale/HashMap Tables/ConstantHashMap

2020-05-29 23:48:38 - [TEST_STEP][PASSED] - ConstantTBL = [1:["PeriodType":"Working Day(s)"], 2:["PeriodType":"Calendar Day(s)"], 3:["PeriodType":"Month(s)"], 4:["TypeOfLetter":"T1"], ... ]: null

2020-05-29 23:48:38 - [TEST_STEP][PASSED] - switch (DropdownNm): null

2020-05-29 23:48:38 - [TEST_STEP][PASSED] - case "ENF":: null

2020-05-29 23:48:38 - [TEST_STEP][PASSED] - ValueFound = ConstantTBL.find({ -> ... }): null

2020-05-29 23:48:38 - [TEST_STEP][PASSED] - break: null

2020-05-29 23:48:38 - [MESSAGE][PASSED] - Call Test Case 'Test Cases/PFI Precision and Scale/HashMap Tables/ConstantHashMap' successfully

2020-05-29 23:48:38 - [TEST_STEP][PASSED] - println(ValueFound): null

2020-05-29 23:48:38 - [TEST_STEP][PASSED] - sendKeys(NewInputNmField, Keys.chord(ARROW_DOWN)): Keys 'DOWN + ' sent to object: 'Object Repository/Objects.HighlightElements/input_field_index'

2020-05-29 23:48:38 - [MESSAGE][PASSED] - Keys 'DOWN + ' sent to object: 'Object Repository/Objects.HighlightElements/input_field_index'

2020-05-29 23:48:38 - [TEST_STEP][PASSED] - sendKeys(NewInputNmField, Keys.chord(ENTER)): Keys 'ENTER + ' sent to object: 'Object Repository/Objects.HighlightElements/input_field_index'

2020-05-29 23:48:38 - [MESSAGE][PASSED] - Keys 'ENTER + ' sent to object: 'Object Repository/Objects.HighlightElements/input_field_index'

2020-05-29 23:48:38 - [MESSAGE][PASSED] - Call Test Case 'Test Cases/PFI Precision and Scale/PFI Components with Indexing/VerifyDropdownValuesXPI' successfully

2020-05-29 23:48:38 - [TEST_STEP][PASSED] - callTestCase(findTestCase("Components/SelectAllThenDeleteIndex"), ["nameToBeUsed":"inspModule", "index":"1"], STOP_ON_FAILURE): Call Test Case 'Test Cases/Components/SelectAllThenDeleteIndex' successfully

2020-05-29 23:48:39 - [TEST_CASE][PASSED] - Test Cases/Components/SelectAllThenDeleteIndex: Test Cases/Components/SelectAllThenDeleteIndex

2020-05-29 23:48:39 - [TEST_STEP][PASSED] - Thread.sleep(1000): null

2020-05-29 23:48:40 - [TEST_STEP][PASSED] - modifiedObj = modifyObjectProperty(findTestObject("Object Repository/Objects.HighlightElements/input_field_index"), "xpath", "equals", "(//*[contains(@class,'x-form-text') and (@name='" + nameToBeUsed + "')])[" + index + "]", true): Modify property of object successfully

2020-05-29 23:48:40 - [MESSAGE][PASSED] - Modify property of object successfully

2020-05-29 23:48:40 - [TEST_STEP][PASSED] - focus(modifiedObj): Object: 'Object Repository/Objects.HighlightElements/input_field_index' is focused

2020-05-29 23:48:40 - [MESSAGE][PASSED] - Object: 'Object Repository/Objects.HighlightElements/input_field_index' is focused

2020-05-29 23:48:40 - [TEST_STEP][PASSED] - sendKeys(modifiedObj, Keys.chord(CONTROL, "a")): Keys 'CONTROL + a' sent to object: 'Object Repository/Objects.HighlightElements/input_field_index'

2020-05-29 23:48:40 - [MESSAGE][PASSED] - Keys 'CONTROL + a' sent to object: 'Object Repository/Objects.HighlightElements/input_field_index'

2020-05-29 23:48:40 - [TEST_STEP][PASSED] - sendKeys(modifiedObj, Keys.chord(DELETE)): Keys 'DELETE + ' sent to object: 'Object Repository/Objects.HighlightElements/input_field_index'

2020-05-29 23:48:40 - [MESSAGE][PASSED] - Keys 'DELETE + ' sent to object: 'Object Repository/Objects.HighlightElements/input_field_index'

2020-05-29 23:48:40 - [MESSAGE][PASSED] - Call Test Case 'Test Cases/Components/SelectAllThenDeleteIndex' successfully

2020-05-29 23:48:40 - [TEST_STEP][PASSED] - callTestCase(findTestCase("PFI Precision and Scale/PFI Components with Indexing/VerifyDropdownValuesXPI"), ["FldNm":"inspModule", "index":1, "CallTCName":"PFI Precision and Scale/HashMap Tables/ConstantHashMap", "cmbNm":"ModuleNm", ... ], STOP_ON_FAILURE): Call Test Case 'Test Cases/PFI Precision and Scale/PFI Components with Indexing/VerifyDropdownValuesXPI' successfully

2020-05-29 23:48:40 - [TEST_CASE][PASSED] - Test Cases/PFI Precision and Scale/PFI Components with Indexing/VerifyDropdownValuesXPI: Test Cases/PFI Precision and Scale/PFI Components with Indexing/VerifyDropdownValuesXPI

2020-05-29 23:48:40 - [TEST_STEP][PASSED] - Thread.sleep(1000): null

2020-05-29 23:48:41 - [TEST_STEP][PASSED] - NewInputNmField = modifyObjectProperty(findTestObject("Object Repository/Objects.HighlightElements/input_field_index"), "xpath", "equals", "(//*[contains(@name, '" + FldNm + "')])[" + index + "]", true): Modify property of object successfully

2020-05-29 23:48:42 - [MESSAGE][PASSED] - Modify property of object successfully

2020-05-29 23:48:42 - [TEST_STEP][PASSED] - comboNm = cmbNm: null

2020-05-29 23:48:42 - [TEST_STEP][PASSED] - focus(NewInputNmField): Object: 'Object Repository/Objects.HighlightElements/input_field_index' is focused

2020-05-29 23:48:42 - [MESSAGE][PASSED] - Object: 'Object Repository/Objects.HighlightElements/input_field_index' is focused

2020-05-29 23:48:42 - [TEST_STEP][PASSED] - setText(NewInputNmField, EnterValue): Text 'SD' is set on object 'Object Repository/Objects.HighlightElements/input_field_index'

2020-05-29 23:48:42 - [MESSAGE][PASSED] - Text 'SD' is set on object 'Object Repository/Objects.HighlightElements/input_field_index'

2020-05-29 23:48:42 - [TEST_STEP][PASSED] - for ([i = 1, i <= NoOfVal, (i++)]): Keys 'DOWN + ' sent to object: 'Object Repository/Objects.HighlightElements/input_field_index'

2020-05-29 23:48:42 - [TEST_STEP][PASSED] - sendKeys(NewInputNmField, Keys.chord(ARROW_DOWN)): Keys 'DOWN + ' sent to object: 'Object Repository/Objects.HighlightElements/input_field_index'

2020-05-29 23:48:43 - [MESSAGE][PASSED] - Keys 'DOWN + ' sent to object: 'Object Repository/Objects.HighlightElements/input_field_index'

2020-05-29 23:48:43 - [TEST_STEP][PASSED] - delay(DelayTime): Delayed 0 second(s)

2020-05-29 23:48:43 - [MESSAGE][PASSED] - Delayed 0 second(s)

2020-05-29 23:48:43 - [TEST_STEP][PASSED] - sendKeys(NewInputNmField, Keys.chord(ENTER)): Keys 'ENTER + ' sent to object: 'Object Repository/Objects.HighlightElements/input_field_index'

2020-05-29 23:48:43 - [MESSAGE][PASSED] - Keys 'ENTER + ' sent to object: 'Object Repository/Objects.HighlightElements/input_field_index'

2020-05-29 23:48:43 - [TEST_STEP][PASSED] - ComboBoxValue = getAttribute(NewInputNmField, "value"): Attribute 'value' of object 'Object Repository/Objects.HighlightElements/input_field_index' is: 'SD'

2020-05-29 23:48:43 - [MESSAGE][PASSED] - Attribute 'value' of object 'Object Repository/Objects.HighlightElements/input_field_index' is: 'SD'

2020-05-29 23:48:43 - [TEST_STEP][PASSED] - callTestCase(findTestCase(CallTCName), ["FindValue":ComboBoxValue, "DropdownNm":comboNm], STOP_ON_FAILURE): Call Test Case 'Test Cases/PFI Precision and Scale/HashMap Tables/ConstantHashMap' successfully

2020-05-29 23:48:43 - [TEST_CASE][PASSED] - Test Cases/PFI Precision and Scale/HashMap Tables/ConstantHashMap: Test Cases/PFI Precision and Scale/HashMap Tables/ConstantHashMap

2020-05-29 23:48:43 - [TEST_STEP][PASSED] - ConstantTBL = [1:["PeriodType":"Working Day(s)"], 2:["PeriodType":"Calendar Day(s)"], 3:["PeriodType":"Month(s)"], 4:["TypeOfLetter":"T1"], ... ]: null

2020-05-29 23:48:43 - [TEST_STEP][PASSED] - switch (DropdownNm): null

2020-05-29 23:48:43 - [TEST_STEP][PASSED] - case "ModuleNm":: null

2020-05-29 23:48:43 - [TEST_STEP][PASSED] - ValueFound = ConstantTBL.find({ -> ... }): null

2020-05-29 23:48:43 - [TEST_STEP][PASSED] - break: null

2020-05-29 23:48:43 - [MESSAGE][PASSED] - Call Test Case 'Test Cases/PFI Precision and Scale/HashMap Tables/ConstantHashMap' successfully

2020-05-29 23:48:43 - [TEST_STEP][PASSED] - println(ValueFound): null

2020-05-29 23:48:43 - [TEST_STEP][PASSED] - sendKeys(NewInputNmField, Keys.chord(ARROW_DOWN)): Keys 'DOWN + ' sent to object: 'Object Repository/Objects.HighlightElements/input_field_index'

2020-05-29 23:48:44 - [MESSAGE][PASSED] - Keys 'DOWN + ' sent to object: 'Object Repository/Objects.HighlightElements/input_field_index'

2020-05-29 23:48:44 - [TEST_STEP][PASSED] - sendKeys(NewInputNmField, Keys.chord(ENTER)): Keys 'ENTER + ' sent to object: 'Object Repository/Objects.HighlightElements/input_field_index'

2020-05-29 23:48:44 - [MESSAGE][PASSED] - Keys 'ENTER + ' sent to object: 'Object Repository/Objects.HighlightElements/input_field_index'

2020-05-29 23:48:44 - [MESSAGE][PASSED] - Call Test Case 'Test Cases/PFI Precision and Scale/PFI Components with Indexing/VerifyDropdownValuesXPI' successfully

2020-05-29 23:48:44 - [TEST_STEP][PASSED] - callTestCase(findTestCase("PFI Precision and Scale/PFI Components with Indexing/VerifyDropdownValuesXPI"), ["FldNm":"inspCaseType", "index":1, "CallTCName":"PFI Precision and Scale/HashMap Tables/ConstantHashMap", "cmbNm":"SD", "NoOfVal":7, ... ], STOP_ON_FAILURE): Call Test Case 'Test Cases/PFI Precision and Scale/PFI Components with Indexing/VerifyDropdownValuesXPI' successfully

2020-05-29 23:48:44 - [TEST_CASE][PASSED] - Test Cases/PFI Precision and Scale/PFI Components with Indexing/VerifyDropdownValuesXPI: Test Cases/PFI Precision and Scale/PFI Components with Indexing/VerifyDropdownValuesXPI

2020-05-29 23:48:44 - [TEST_STEP][PASSED] - Thread.sleep(1000): null

2020-05-29 23:48:45 - [TEST_STEP][PASSED] - NewInputNmField = modifyObjectProperty(findTestObject("Object Repository/Objects.HighlightElements/input_field_index"), "xpath", "equals", "(//*[contains(@name, '" + FldNm + "')])[" + index + "]", true): Modify property of object successfully

2020-05-29 23:48:45 - [MESSAGE][PASSED] - Modify property of object successfully

2020-05-29 23:48:45 - [TEST_STEP][PASSED] - comboNm = cmbNm: null

2020-05-29 23:48:45 - [TEST_STEP][PASSED] - focus(NewInputNmField): Object: 'Object Repository/Objects.HighlightElements/input_field_index' is focused

2020-05-29 23:48:46 - [MESSAGE][PASSED] - Object: 'Object Repository/Objects.HighlightElements/input_field_index' is focused

2020-05-29 23:48:46 - [TEST_STEP][PASSED] - setText(NewInputNmField, EnterValue): Text '' is set on object 'Object Repository/Objects.HighlightElements/input_field_index'

2020-05-29 23:48:46 - [MESSAGE][PASSED] - Text '' is set on object 'Object Repository/Objects.HighlightElements/input_field_index'

2020-05-29 23:48:46 - [TEST_STEP][PASSED] - for ([i = 1, i <= NoOfVal, (i++)]): Keys 'DOWN + ' sent to object: 'Object Repository/Objects.HighlightElements/input_field_index'

2020-05-29 23:48:46 - [TEST_STEP][PASSED] - sendKeys(NewInputNmField, Keys.chord(ARROW_DOWN)): Keys 'DOWN + ' sent to object: 'Object Repository/Objects.HighlightElements/input_field_index'

2020-05-29 23:48:46 - [MESSAGE][PASSED] - Keys 'DOWN + ' sent to object: 'Object Repository/Objects.HighlightElements/input_field_index'

2020-05-29 23:48:46 - [TEST_STEP][PASSED] - delay(DelayTime): Delayed 2 second(s)

2020-05-29 23:48:48 - [MESSAGE][PASSED] - Delayed 2 second(s)

2020-05-29 23:48:48 - [TEST_STEP][PASSED] - sendKeys(NewInputNmField, Keys.chord(ENTER)): Keys 'ENTER + ' sent to object: 'Object Repository/Objects.HighlightElements/input_field_index'

2020-05-29 23:48:48 - [MESSAGE][PASSED] - Keys 'ENTER + ' sent to object: 'Object Repository/Objects.HighlightElements/input_field_index'

2020-05-29 23:48:48 - [TEST_STEP][PASSED] - ComboBoxValue = getAttribute(NewInputNmField, "value"): Attribute 'value' of object 'Object Repository/Objects.HighlightElements/input_field_index' is: 'Corres-General Correspondence (CORRES-SD-GC)'

2020-05-29 23:48:49 - [MESSAGE][PASSED] - Attribute 'value' of object 'Object Repository/Objects.HighlightElements/input_field_index' is: 'Corres-General Correspondence (CORRES-SD-GC)'

2020-05-29 23:48:49 - [TEST_STEP][PASSED] - callTestCase(findTestCase(CallTCName), ["FindValue":ComboBoxValue, "DropdownNm":comboNm], STOP_ON_FAILURE): Call Test Case 'Test Cases/PFI Precision and Scale/HashMap Tables/ConstantHashMap' successfully

2020-05-29 23:48:49 - [TEST_CASE][PASSED] - Test Cases/PFI Precision and Scale/HashMap Tables/ConstantHashMap: Test Cases/PFI Precision and Scale/HashMap Tables/ConstantHashMap

2020-05-29 23:48:49 - [TEST_STEP][PASSED] - ConstantTBL = [1:["PeriodType":"Working Day(s)"], 2:["PeriodType":"Calendar Day(s)"], 3:["PeriodType":"Month(s)"], 4:["TypeOfLetter":"T1"], ... ]: null

2020-05-29 23:48:49 - [TEST_STEP][PASSED] - switch (DropdownNm): null

2020-05-29 23:48:49 - [TEST_STEP][PASSED] - case "SD":: null

2020-05-29 23:48:49 - [TEST_STEP][PASSED] - ValueFound = ConstantTBL.find({ -> ... }): null

2020-05-29 23:48:49 - [TEST_STEP][PASSED] - break: null

2020-05-29 23:48:49 - [MESSAGE][PASSED] - Call Test Case 'Test Cases/PFI Precision and Scale/HashMap Tables/ConstantHashMap' successfully

2020-05-29 23:48:49 - [TEST_STEP][PASSED] - println(ValueFound): null

2020-05-29 23:48:49 - [TEST_STEP][PASSED] - sendKeys(NewInputNmField, Keys.chord(ARROW_DOWN)): Keys 'DOWN + ' sent to object: 'Object Repository/Objects.HighlightElements/input_field_index'

2020-05-29 23:48:49 - [MESSAGE][PASSED] - Keys 'DOWN + ' sent to object: 'Object Repository/Objects.HighlightElements/input_field_index'

2020-05-29 23:48:49 - [TEST_STEP][PASSED] - sendKeys(NewInputNmField, Keys.chord(ARROW_DOWN)): Keys 'DOWN + ' sent to object: 'Object Repository/Objects.HighlightElements/input_field_index'

2020-05-29 23:48:50 - [MESSAGE][PASSED] - Keys 'DOWN + ' sent to object: 'Object Repository/Objects.HighlightElements/input_field_index'

2020-05-29 23:48:50 - [TEST_STEP][PASSED] - delay(DelayTime): Delayed 2 second(s)

2020-05-29 23:48:52 - [MESSAGE][PASSED] - Delayed 2 second(s)

2020-05-29 23:48:52 - [TEST_STEP][PASSED] - sendKeys(NewInputNmField, Keys.chord(ENTER)): Keys 'ENTER + ' sent to object: 'Object Repository/Objects.HighlightElements/input_field_index'

2020-05-29 23:48:52 - [MESSAGE][PASSED] - Keys 'ENTER + ' sent to object: 'Object Repository/Objects.HighlightElements/input_field_index'

2020-05-29 23:48:52 - [TEST_STEP][PASSED] - ComboBoxValue = getAttribute(NewInputNmField, "value"): Attribute 'value' of object 'Object Repository/Objects.HighlightElements/input_field_index' is: 'Corres-Request for Submission Withdrawal (CORRES-SD-SUBWTH)'

2020-05-29 23:48:52 - [MESSAGE][PASSED] - Attribute 'value' of object 'Object Repository/Objects.HighlightElements/input_field_index' is: 'Corres-Request for Submission Withdrawal (CORRES-SD-SUBWTH)'

2020-05-29 23:48:52 - [TEST_STEP][PASSED] - callTestCase(findTestCase(CallTCName), ["FindValue":ComboBoxValue, "DropdownNm":comboNm], STOP_ON_FAILURE): Call Test Case 'Test Cases/PFI Precision and Scale/HashMap Tables/ConstantHashMap' successfully

2020-05-29 23:48:52 - [TEST_CASE][PASSED] - Test Cases/PFI Precision and Scale/HashMap Tables/ConstantHashMap: Test Cases/PFI Precision and Scale/HashMap Tables/ConstantHashMap

2020-05-29 23:48:52 - [TEST_STEP][PASSED] - ConstantTBL = [1:["PeriodType":"Working Day(s)"], 2:["PeriodType":"Calendar Day(s)"], 3:["PeriodType":"Month(s)"], 4:["TypeOfLetter":"T1"], ... ]: null

2020-05-29 23:48:52 - [TEST_STEP][PASSED] - switch (DropdownNm): null

2020-05-29 23:48:52 - [TEST_STEP][PASSED] - case "SD":: null

2020-05-29 23:48:52 - [TEST_STEP][PASSED] - ValueFound = ConstantTBL.find({ -> ... }): null

2020-05-29 23:48:52 - [TEST_STEP][PASSED] - break: null

2020-05-29 23:48:52 - [MESSAGE][PASSED] - Call Test Case 'Test Cases/PFI Precision and Scale/HashMap Tables/ConstantHashMap' successfully

2020-05-29 23:48:52 - [TEST_STEP][PASSED] - println(ValueFound): null

2020-05-29 23:48:52 - [TEST_STEP][PASSED] - sendKeys(NewInputNmField, Keys.chord(ARROW_DOWN)): Keys 'DOWN + ' sent to object: 'Object Repository/Objects.HighlightElements/input_field_index'

2020-05-29 23:48:53 - [MESSAGE][PASSED] - Keys 'DOWN + ' sent to object: 'Object Repository/Objects.HighlightElements/input_field_index'

2020-05-29 23:48:53 - [TEST_STEP][PASSED] - sendKeys(NewInputNmField, Keys.chord(ARROW_DOWN)): Keys 'DOWN + ' sent to object: 'Object Repository/Objects.HighlightElements/input_field_index'

2020-05-29 23:48:54 - [MESSAGE][PASSED] - Keys 'DOWN + ' sent to object: 'Object Repository/Objects.HighlightElements/input_field_index'

2020-05-29 23:48:54 - [TEST_STEP][PASSED] - delay(DelayTime): Delayed 2 second(s)

2020-05-29 23:48:56 - [MESSAGE][PASSED] - Delayed 2 second(s)

2020-05-29 23:48:56 - [TEST_STEP][PASSED] - sendKeys(NewInputNmField, Keys.chord(ENTER)): Keys 'ENTER + ' sent to object: 'Object Repository/Objects.HighlightElements/input_field_index'

2020-05-29 23:48:56 - [MESSAGE][PASSED] - Keys 'ENTER + ' sent to object: 'Object Repository/Objects.HighlightElements/input_field_index'

2020-05-29 23:48:56 - [TEST_STEP][PASSED] - ComboBoxValue = getAttribute(NewInputNmField, "value"): Attribute 'value' of object 'Object Repository/Objects.HighlightElements/input_field_index' is: 'Dangerous Building Processing (SD)'

2020-05-29 23:48:56 - [MESSAGE][PASSED] - Attribute 'value' of object 'Object Repository/Objects.HighlightElements/input_field_index' is: 'Dangerous Building Processing (SD)'

2020-05-29 23:48:56 - [TEST_STEP][PASSED] - callTestCase(findTestCase(CallTCName), ["FindValue":ComboBoxValue, "DropdownNm":comboNm], STOP_ON_FAILURE): Call Test Case 'Test Cases/PFI Precision and Scale/HashMap Tables/ConstantHashMap' successfully

2020-05-29 23:48:56 - [TEST_CASE][PASSED] - Test Cases/PFI Precision and Scale/HashMap Tables/ConstantHashMap: Test Cases/PFI Precision and Scale/HashMap Tables/ConstantHashMap

2020-05-29 23:48:56 - [TEST_STEP][PASSED] - ConstantTBL = [1:["PeriodType":"Working Day(s)"], 2:["PeriodType":"Calendar Day(s)"], 3:["PeriodType":"Month(s)"], 4:["TypeOfLetter":"T1"], ... ]: null

2020-05-29 23:48:56 - [TEST_STEP][PASSED] - switch (DropdownNm): null

2020-05-29 23:48:56 - [TEST_STEP][PASSED] - case "SD":: null

2020-05-29 23:48:56 - [TEST_STEP][PASSED] - ValueFound = ConstantTBL.find({ -> ... }): null

2020-05-29 23:48:56 - [TEST_STEP][PASSED] - break: null

2020-05-29 23:48:56 - [MESSAGE][PASSED] - Call Test Case 'Test Cases/PFI Precision and Scale/HashMap Tables/ConstantHashMap' successfully

2020-05-29 23:48:56 - [TEST_STEP][PASSED] - println(ValueFound): null

2020-05-29 23:48:56 - [TEST_STEP][PASSED] - sendKeys(NewInputNmField, Keys.chord(ARROW_DOWN)): Keys 'DOWN + ' sent to object: 'Object Repository/Objects.HighlightElements/input_field_index'

2020-05-29 23:48:57 - [MESSAGE][PASSED] - Keys 'DOWN + ' sent to object: 'Object Repository/Objects.HighlightElements/input_field_index'

2020-05-29 23:48:57 - [TEST_STEP][PASSED] - sendKeys(NewInputNmField, Keys.chord(ARROW_DOWN)): Keys 'DOWN + ' sent to object: 'Object Repository/Objects.HighlightElements/input_field_index'

2020-05-29 23:48:57 - [MESSAGE][PASSED] - Keys 'DOWN + ' sent to object: 'Object Repository/Objects.HighlightElements/input_field_index'

2020-05-29 23:48:57 - [TEST_STEP][PASSED] - delay(DelayTime): Delayed 2 second(s)

2020-05-29 23:48:59 - [MESSAGE][PASSED] - Delayed 2 second(s)

2020-05-29 23:48:59 - [TEST_STEP][PASSED] - sendKeys(NewInputNmField, Keys.chord(ENTER)): Keys 'ENTER + ' sent to object: 'Object Repository/Objects.HighlightElements/input_field_index'

2020-05-29 23:48:59 - [MESSAGE][PASSED] - Keys 'ENTER + ' sent to object: 'Object Repository/Objects.HighlightElements/input_field_index'

2020-05-29 23:48:59 - [TEST_STEP][PASSED] - ComboBoxValue = getAttribute(NewInputNmField, "value"): Attribute 'value' of object 'Object Repository/Objects.HighlightElements/input_field_index' is: 'Dangerous Building - Monitoring (SD_SDM)'

2020-05-29 23:49:00 - [MESSAGE][PASSED] - Attribute 'value' of object 'Object Repository/Objects.HighlightElements/input_field_index' is: 'Dangerous Building - Monitoring (SD_SDM)'

2020-05-29 23:49:00 - [TEST_STEP][PASSED] - callTestCase(findTestCase(CallTCName), ["FindValue":ComboBoxValue, "DropdownNm":comboNm], STOP_ON_FAILURE): Call Test Case 'Test Cases/PFI Precision and Scale/HashMap Tables/ConstantHashMap' successfully

2020-05-29 23:49:00 - [TEST_CASE][PASSED] - Test Cases/PFI Precision and Scale/HashMap Tables/ConstantHashMap: Test Cases/PFI Precision and Scale/HashMap Tables/ConstantHashMap

2020-05-29 23:49:00 - [TEST_STEP][PASSED] - ConstantTBL = [1:["PeriodType":"Working Day(s)"], 2:["PeriodType":"Calendar Day(s)"], 3:["PeriodType":"Month(s)"], 4:["TypeOfLetter":"T1"], ... ]: null

2020-05-29 23:49:00 - [TEST_STEP][PASSED] - switch (DropdownNm): null

2020-05-29 23:49:00 - [TEST_STEP][PASSED] - case "SD":: null

2020-05-29 23:49:00 - [TEST_STEP][PASSED] - ValueFound = ConstantTBL.find({ -> ... }): null

2020-05-29 23:49:00 - [TEST_STEP][PASSED] - break: null

2020-05-29 23:49:00 - [MESSAGE][PASSED] - Call Test Case 'Test Cases/PFI Precision and Scale/HashMap Tables/ConstantHashMap' successfully

2020-05-29 23:49:00 - [TEST_STEP][PASSED] - println(ValueFound): null

2020-05-29 23:49:00 - [TEST_STEP][PASSED] - sendKeys(NewInputNmField, Keys.chord(ARROW_DOWN)): Keys 'DOWN + ' sent to object: 'Object Repository/Objects.HighlightElements/input_field_index'

2020-05-29 23:49:00 - [MESSAGE][PASSED] - Keys 'DOWN + ' sent to object: 'Object Repository/Objects.HighlightElements/input_field_index'

2020-05-29 23:49:00 - [TEST_STEP][PASSED] - sendKeys(NewInputNmField, Keys.chord(ARROW_DOWN)): Keys 'DOWN + ' sent to object: 'Object Repository/Objects.HighlightElements/input_field_index'

2020-05-29 23:49:01 - [MESSAGE][PASSED] - Keys 'DOWN + ' sent to object: 'Object Repository/Objects.HighlightElements/input_field_index'

2020-05-29 23:49:01 - [TEST_STEP][PASSED] - delay(DelayTime): Delayed 2 second(s)

2020-05-29 23:49:03 - [MESSAGE][PASSED] - Delayed 2 second(s)

2020-05-29 23:49:03 - [TEST_STEP][PASSED] - sendKeys(NewInputNmField, Keys.chord(ENTER)): Keys 'ENTER + ' sent to object: 'Object Repository/Objects.HighlightElements/input_field_index'

2020-05-29 23:49:03 - [MESSAGE][PASSED] - Keys 'ENTER + ' sent to object: 'Object Repository/Objects.HighlightElements/input_field_index'

2020-05-29 23:49:03 - [TEST_STEP][PASSED] - ComboBoxValue = getAttribute(NewInputNmField, "value"): Attribute 'value' of object 'Object Repository/Objects.HighlightElements/input_field_index' is: 'Process SD Submission (SD1)'

2020-05-29 23:49:03 - [MESSAGE][PASSED] - Attribute 'value' of object 'Object Repository/Objects.HighlightElements/input_field_index' is: 'Process SD Submission (SD1)'

2020-05-29 23:49:03 - [TEST_STEP][PASSED] - callTestCase(findTestCase(CallTCName), ["FindValue":ComboBoxValue, "DropdownNm":comboNm], STOP_ON_FAILURE): Call Test Case 'Test Cases/PFI Precision and Scale/HashMap Tables/ConstantHashMap' successfully

2020-05-29 23:49:03 - [TEST_CASE][PASSED] - Test Cases/PFI Precision and Scale/HashMap Tables/ConstantHashMap: Test Cases/PFI Precision and Scale/HashMap Tables/ConstantHashMap

2020-05-29 23:49:03 - [TEST_STEP][PASSED] - ConstantTBL = [1:["PeriodType":"Working Day(s)"], 2:["PeriodType":"Calendar Day(s)"], 3:["PeriodType":"Month(s)"], 4:["TypeOfLetter":"T1"], ... ]: null

2020-05-29 23:49:03 - [TEST_STEP][PASSED] - switch (DropdownNm): null

2020-05-29 23:49:03 - [TEST_STEP][PASSED] - case "SD":: null

2020-05-29 23:49:03 - [TEST_STEP][PASSED] - ValueFound = ConstantTBL.find({ -> ... }): null

2020-05-29 23:49:04 - [TEST_STEP][PASSED] - break: null

2020-05-29 23:49:04 - [MESSAGE][PASSED] - Call Test Case 'Test Cases/PFI Precision and Scale/HashMap Tables/ConstantHashMap' successfully

2020-05-29 23:49:04 - [TEST_STEP][PASSED] - println(ValueFound): null

2020-05-29 23:49:04 - [TEST_STEP][PASSED] - sendKeys(NewInputNmField, Keys.chord(ARROW_DOWN)): Keys 'DOWN + ' sent to object: 'Object Repository/Objects.HighlightElements/input_field_index'

2020-05-29 23:49:04 - [MESSAGE][PASSED] - Keys 'DOWN + ' sent to object: 'Object Repository/Objects.HighlightElements/input_field_index'

2020-05-29 23:49:04 - [TEST_STEP][PASSED] - sendKeys(NewInputNmField, Keys.chord(ARROW_DOWN)): Keys 'DOWN + ' sent to object: 'Object Repository/Objects.HighlightElements/input_field_index'

2020-05-29 23:49:04 - [MESSAGE][PASSED] - Keys 'DOWN + ' sent to object: 'Object Repository/Objects.HighlightElements/input_field_index'

2020-05-29 23:49:04 - [TEST_STEP][PASSED] - delay(DelayTime): Delayed 2 second(s)

2020-05-29 23:49:06 - [MESSAGE][PASSED] - Delayed 2 second(s)

2020-05-29 23:49:06 - [TEST_STEP][PASSED] - sendKeys(NewInputNmField, Keys.chord(ENTER)): Keys 'ENTER + ' sent to object: 'Object Repository/Objects.HighlightElements/input_field_index'

2020-05-29 23:49:06 - [MESSAGE][PASSED] - Keys 'ENTER + ' sent to object: 'Object Repository/Objects.HighlightElements/input_field_index'

2020-05-29 23:49:06 - [TEST_STEP][PASSED] - ComboBoxValue = getAttribute(NewInputNmField, "value"): Attribute 'value' of object 'Object Repository/Objects.HighlightElements/input_field_index' is: 'Dangerous Building Ad Hoc Processing (SDAH)'

2020-05-29 23:49:07 - [MESSAGE][PASSED] - Attribute 'value' of object 'Object Repository/Objects.HighlightElements/input_field_index' is: 'Dangerous Building Ad Hoc Processing (SDAH)'

2020-05-29 23:49:07 - [TEST_STEP][PASSED] - callTestCase(findTestCase(CallTCName), ["FindValue":ComboBoxValue, "DropdownNm":comboNm], STOP_ON_FAILURE): Call Test Case 'Test Cases/PFI Precision and Scale/HashMap Tables/ConstantHashMap' successfully

2020-05-29 23:49:07 - [TEST_CASE][PASSED] - Test Cases/PFI Precision and Scale/HashMap Tables/ConstantHashMap: Test Cases/PFI Precision and Scale/HashMap Tables/ConstantHashMap

2020-05-29 23:49:07 - [TEST_STEP][PASSED] - ConstantTBL = [1:["PeriodType":"Working Day(s)"], 2:["PeriodType":"Calendar Day(s)"], 3:["PeriodType":"Month(s)"], 4:["TypeOfLetter":"T1"], ... ]: null

2020-05-29 23:49:07 - [TEST_STEP][PASSED] - switch (DropdownNm): null

2020-05-29 23:49:07 - [TEST_STEP][PASSED] - case "SD":: null

2020-05-29 23:49:07 - [TEST_STEP][PASSED] - ValueFound = ConstantTBL.find({ -> ... }): null

2020-05-29 23:49:07 - [TEST_STEP][PASSED] - break: null

2020-05-29 23:49:07 - [MESSAGE][PASSED] - Call Test Case 'Test Cases/PFI Precision and Scale/HashMap Tables/ConstantHashMap' successfully

2020-05-29 23:49:07 - [TEST_STEP][PASSED] - println(ValueFound): null

2020-05-29 23:49:07 - [TEST_STEP][PASSED] - sendKeys(NewInputNmField, Keys.chord(ARROW_DOWN)): Keys 'DOWN + ' sent to object: 'Object Repository/Objects.HighlightElements/input_field_index'

2020-05-29 23:49:07 - [MESSAGE][PASSED] - Keys 'DOWN + ' sent to object: 'Object Repository/Objects.HighlightElements/input_field_index'

2020-05-29 23:49:07 - [TEST_STEP][PASSED] - sendKeys(NewInputNmField, Keys.chord(ARROW_DOWN)): Keys 'DOWN + ' sent to object: 'Object Repository/Objects.HighlightElements/input_field_index'

2020-05-29 23:49:08 - [MESSAGE][PASSED] - Keys 'DOWN + ' sent to object: 'Object Repository/Objects.HighlightElements/input_field_index'

2020-05-29 23:49:08 - [TEST_STEP][PASSED] - delay(DelayTime): Delayed 2 second(s)

2020-05-29 23:49:10 - [MESSAGE][PASSED] - Delayed 2 second(s)

2020-05-29 23:49:10 - [TEST_STEP][PASSED] - sendKeys(NewInputNmField, Keys.chord(ENTER)): Keys 'ENTER + ' sent to object: 'Object Repository/Objects.HighlightElements/input_field_index'

2020-05-29 23:49:10 - [MESSAGE][PASSED] - Keys 'ENTER + ' sent to object: 'Object Repository/Objects.HighlightElements/input_field_index'

2020-05-29 23:49:10 - [TEST_STEP][PASSED] - ComboBoxValue = getAttribute(NewInputNmField, "value"): Attribute 'value' of object 'Object Repository/Objects.HighlightElements/input_field_index' is: 'ST-SD Processing (ST_SD)'

2020-05-29 23:49:10 - [MESSAGE][PASSED] - Attribute 'value' of object 'Object Repository/Objects.HighlightElements/input_field_index' is: 'ST-SD Processing (ST_SD)'

2020-05-29 23:49:10 - [TEST_STEP][PASSED] - callTestCase(findTestCase(CallTCName), ["FindValue":ComboBoxValue, "DropdownNm":comboNm], STOP_ON_FAILURE): Call Test Case 'Test Cases/PFI Precision and Scale/HashMap Tables/ConstantHashMap' successfully

2020-05-29 23:49:10 - [TEST_CASE][PASSED] - Test Cases/PFI Precision and Scale/HashMap Tables/ConstantHashMap: Test Cases/PFI Precision and Scale/HashMap Tables/ConstantHashMap

2020-05-29 23:49:10 - [TEST_STEP][PASSED] - ConstantTBL = [1:["PeriodType":"Working Day(s)"], 2:["PeriodType":"Calendar Day(s)"], 3:["PeriodType":"Month(s)"], 4:["TypeOfLetter":"T1"], ... ]: null

2020-05-29 23:49:10 - [TEST_STEP][PASSED] - switch (DropdownNm): null

2020-05-29 23:49:10 - [TEST_STEP][PASSED] - case "SD":: null

2020-05-29 23:49:10 - [TEST_STEP][PASSED] - ValueFound = ConstantTBL.find({ -> ... }): null

2020-05-29 23:49:10 - [TEST_STEP][PASSED] - break: null

2020-05-29 23:49:10 - [MESSAGE][PASSED] - Call Test Case 'Test Cases/PFI Precision and Scale/HashMap Tables/ConstantHashMap' successfully

2020-05-29 23:49:10 - [TEST_STEP][PASSED] - println(ValueFound): null

2020-05-29 23:49:10 - [TEST_STEP][PASSED] - sendKeys(NewInputNmField, Keys.chord(ARROW_DOWN)): Keys 'DOWN + ' sent to object: 'Object Repository/Objects.HighlightElements/input_field_index'

2020-05-29 23:49:11 - [MESSAGE][PASSED] - Keys 'DOWN + ' sent to object: 'Object Repository/Objects.HighlightElements/input_field_index'

2020-05-29 23:49:11 - [TEST_STEP][PASSED] - sendKeys(NewInputNmField, Keys.chord(ENTER)): Keys 'ENTER + ' sent to object: 'Object Repository/Objects.HighlightElements/input_field_index'

2020-05-29 23:49:11 - [MESSAGE][PASSED] - Keys 'ENTER + ' sent to object: 'Object Repository/Objects.HighlightElements/input_field_index'

2020-05-29 23:49:11 - [MESSAGE][PASSED] - Call Test Case 'Test Cases/PFI Precision and Scale/PFI Components with Indexing/VerifyDropdownValuesXPI' successfully

2020-05-29 23:49:11 - [TEST_STEP][PASSED] - callTestCase(findTestCase("Components/SelectAllThenDeleteIndex"), ["nameToBeUsed":"inspModule", "index":"1"], STOP_ON_FAILURE): Call Test Case 'Test Cases/Components/SelectAllThenDeleteIndex' successfully

2020-05-29 23:49:11 - [TEST_CASE][PASSED] - Test Cases/Components/SelectAllThenDeleteIndex: Test Cases/Components/SelectAllThenDeleteIndex

2020-05-29 23:49:11 - [TEST_STEP][PASSED] - Thread.sleep(1000): null

2020-05-29 23:49:12 - [TEST_STEP][PASSED] - modifiedObj = modifyObjectProperty(findTestObject("Object Repository/Objects.HighlightElements/input_field_index"), "xpath", "equals", "(//*[contains(@class,'x-form-text') and (@name='" + nameToBeUsed + "')])[" + index + "]", true): Modify property of object successfully

2020-05-29 23:49:12 - [MESSAGE][PASSED] - Modify property of object successfully

2020-05-29 23:49:12 - [TEST_STEP][PASSED] - focus(modifiedObj): Object: 'Object Repository/Objects.HighlightElements/input_field_index' is focused

2020-05-29 23:49:13 - [MESSAGE][PASSED] - Object: 'Object Repository/Objects.HighlightElements/input_field_index' is focused

2020-05-29 23:49:13 - [TEST_STEP][PASSED] - sendKeys(modifiedObj, Keys.chord(CONTROL, "a")): Keys 'CONTROL + a' sent to object: 'Object Repository/Objects.HighlightElements/input_field_index'

2020-05-29 23:49:13 - [MESSAGE][PASSED] - Keys 'CONTROL + a' sent to object: 'Object Repository/Objects.HighlightElements/input_field_index'

2020-05-29 23:49:13 - [TEST_STEP][PASSED] - sendKeys(modifiedObj, Keys.chord(DELETE)): Keys 'DELETE + ' sent to object: 'Object Repository/Objects.HighlightElements/input_field_index'

2020-05-29 23:49:13 - [MESSAGE][PASSED] - Keys 'DELETE + ' sent to object: 'Object Repository/Objects.HighlightElements/input_field_index'

2020-05-29 23:49:13 - [MESSAGE][PASSED] - Call Test Case 'Test Cases/Components/SelectAllThenDeleteIndex' successfully

2020-05-29 23:49:13 - [TEST_STEP][PASSED] - callTestCase(findTestCase("PFI Precision and Scale/PFI Components with Indexing/VerifyDropdownValuesXPI"), ["FldNm":"inspModule", "index":1, "CallTCName":"PFI Precision and Scale/HashMap Tables/ConstantHashMap", "cmbNm":"ModuleNm", ... ], STOP_ON_FAILURE): Call Test Case 'Test Cases/PFI Precision and Scale/PFI Components with Indexing/VerifyDropdownValuesXPI' successfully

2020-05-29 23:49:13 - [TEST_CASE][PASSED] - Test Cases/PFI Precision and Scale/PFI Components with Indexing/VerifyDropdownValuesXPI: Test Cases/PFI Precision and Scale/PFI Components with Indexing/VerifyDropdownValuesXPI

2020-05-29 23:49:13 - [TEST_STEP][PASSED] - Thread.sleep(1000): null

2020-05-29 23:49:14 - [TEST_STEP][PASSED] - NewInputNmField = modifyObjectProperty(findTestObject("Object Repository/Objects.HighlightElements/input_field_index"), "xpath", "equals", "(//*[contains(@name, '" + FldNm + "')])[" + index + "]", true): Modify property of object successfully

2020-05-29 23:49:14 - [MESSAGE][PASSED] - Modify property of object successfully

2020-05-29 23:49:14 - [TEST_STEP][PASSED] - comboNm = cmbNm: null

2020-05-29 23:49:14 - [TEST_STEP][PASSED] - focus(NewInputNmField): Object: 'Object Repository/Objects.HighlightElements/input_field_index' is focused

2020-05-29 23:49:14 - [MESSAGE][PASSED] - Object: 'Object Repository/Objects.HighlightElements/input_field_index' is focused

2020-05-29 23:49:14 - [TEST_STEP][PASSED] - setText(NewInputNmField, EnterValue): Text 'FM' is set on object 'Object Repository/Objects.HighlightElements/input_field_index'

2020-05-29 23:49:15 - [MESSAGE][PASSED] - Text 'FM' is set on object 'Object Repository/Objects.HighlightElements/input_field_index'

2020-05-29 23:49:15 - [TEST_STEP][PASSED] - for ([i = 1, i <= NoOfVal, (i++)]): Keys 'DOWN + ' sent to object: 'Object Repository/Objects.HighlightElements/input_field_index'

2020-05-29 23:49:15 - [TEST_STEP][PASSED] - sendKeys(NewInputNmField, Keys.chord(ARROW_DOWN)): Keys 'DOWN + ' sent to object: 'Object Repository/Objects.HighlightElements/input_field_index'

2020-05-29 23:49:15 - [MESSAGE][PASSED] - Keys 'DOWN + ' sent to object: 'Object Repository/Objects.HighlightElements/input_field_index'

2020-05-29 23:49:15 - [TEST_STEP][PASSED] - delay(DelayTime): Delayed 0 second(s)

2020-05-29 23:49:15 - [MESSAGE][PASSED] - Delayed 0 second(s)

2020-05-29 23:49:15 - [TEST_STEP][PASSED] - sendKeys(NewInputNmField, Keys.chord(ENTER)): Keys 'ENTER + ' sent to object: 'Object Repository/Objects.HighlightElements/input_field_index'

2020-05-29 23:49:16 - [MESSAGE][PASSED] - Keys 'ENTER + ' sent to object: 'Object Repository/Objects.HighlightElements/input_field_index'

2020-05-29 23:49:16 - [TEST_STEP][PASSED] - ComboBoxValue = getAttribute(NewInputNmField, "value"): Attribute 'value' of object 'Object Repository/Objects.HighlightElements/input_field_index' is: 'FM'

2020-05-29 23:49:16 - [MESSAGE][PASSED] - Attribute 'value' of object 'Object Repository/Objects.HighlightElements/input_field_index' is: 'FM'

2020-05-29 23:49:16 - [TEST_STEP][PASSED] - callTestCase(findTestCase(CallTCName), ["FindValue":ComboBoxValue, "DropdownNm":comboNm], STOP_ON_FAILURE): Call Test Case 'Test Cases/PFI Precision and Scale/HashMap Tables/ConstantHashMap' successfully

2020-05-29 23:49:16 - [TEST_CASE][PASSED] - Test Cases/PFI Precision and Scale/HashMap Tables/ConstantHashMap: Test Cases/PFI Precision and Scale/HashMap Tables/ConstantHashMap

2020-05-29 23:49:16 - [TEST_STEP][PASSED] - ConstantTBL = [1:["PeriodType":"Working Day(s)"], 2:["PeriodType":"Calendar Day(s)"], 3:["PeriodType":"Month(s)"], 4:["TypeOfLetter":"T1"], ... ]: null

2020-05-29 23:49:16 - [TEST_STEP][PASSED] - switch (DropdownNm): null

2020-05-29 23:49:16 - [TEST_STEP][PASSED] - case "ModuleNm":: null

2020-05-29 23:49:16 - [TEST_STEP][PASSED] - ValueFound = ConstantTBL.find({ -> ... }): null

2020-05-29 23:49:16 - [TEST_STEP][PASSED] - break: null

2020-05-29 23:49:16 - [MESSAGE][PASSED] - Call Test Case 'Test Cases/PFI Precision and Scale/HashMap Tables/ConstantHashMap' successfully

2020-05-29 23:49:16 - [TEST_STEP][PASSED] - println(ValueFound): null

2020-05-29 23:49:16 - [TEST_STEP][PASSED] - sendKeys(NewInputNmField, Keys.chord(ARROW_DOWN)): Keys 'DOWN + ' sent to object: 'Object Repository/Objects.HighlightElements/input_field_index'

2020-05-29 23:49:16 - [MESSAGE][PASSED] - Keys 'DOWN + ' sent to object: 'Object Repository/Objects.HighlightElements/input_field_index'

2020-05-29 23:49:16 - [TEST_STEP][PASSED] - sendKeys(NewInputNmField, Keys.chord(ENTER)): Keys 'ENTER + ' sent to object: 'Object Repository/Objects.HighlightElements/input_field_index'

2020-05-29 23:49:17 - [MESSAGE][PASSED] - Keys 'ENTER + ' sent to object: 'Object Repository/Objects.HighlightElements/input_field_index'

2020-05-29 23:49:17 - [MESSAGE][PASSED] - Call Test Case 'Test Cases/PFI Precision and Scale/PFI Components with Indexing/VerifyDropdownValuesXPI' successfully

2020-05-29 23:49:17 - [TEST_STEP][PASSED] - callTestCase(findTestCase("PFI Precision and Scale/PFI Components with Indexing/VerifyDropdownValuesXPI"), ["FldNm":"inspCaseType", "index":1, "CallTCName":"PFI Precision and Scale/HashMap Tables/ConstantHashMap", "cmbNm":"FM", "NoOfVal":1, ... ], STOP_ON_FAILURE): Call Test Case 'Test Cases/PFI Precision and Scale/PFI Components with Indexing/VerifyDropdownValuesXPI' successfully

2020-05-29 23:49:17 - [TEST_CASE][PASSED] - Test Cases/PFI Precision and Scale/PFI Components with Indexing/VerifyDropdownValuesXPI: Test Cases/PFI Precision and Scale/PFI Components with Indexing/VerifyDropdownValuesXPI

2020-05-29 23:49:17 - [TEST_STEP][PASSED] - Thread.sleep(1000): null

2020-05-29 23:49:18 - [TEST_STEP][PASSED] - NewInputNmField = modifyObjectProperty(findTestObject("Object Repository/Objects.HighlightElements/input_field_index"), "xpath", "equals", "(//*[contains(@name, '" + FldNm + "')])[" + index + "]", true): Modify property of object successfully

2020-05-29 23:49:18 - [MESSAGE][PASSED] - Modify property of object successfully

2020-05-29 23:49:18 - [TEST_STEP][PASSED] - comboNm = cmbNm: null

2020-05-29 23:49:18 - [TEST_STEP][PASSED] - focus(NewInputNmField): Object: 'Object Repository/Objects.HighlightElements/input_field_index' is focused

2020-05-29 23:49:18 - [MESSAGE][PASSED] - Object: 'Object Repository/Objects.HighlightElements/input_field_index' is focused

2020-05-29 23:49:18 - [TEST_STEP][PASSED] - setText(NewInputNmField, EnterValue): Text '' is set on object 'Object Repository/Objects.HighlightElements/input_field_index'

2020-05-29 23:49:19 - [MESSAGE][PASSED] - Text '' is set on object 'Object Repository/Objects.HighlightElements/input_field_index'

2020-05-29 23:49:19 - [TEST_STEP][PASSED] - for ([i = 1, i <= NoOfVal, (i++)]): Keys 'DOWN + ' sent to object: 'Object Repository/Objects.HighlightElements/input_field_index'

2020-05-29 23:49:19 - [TEST_STEP][PASSED] - sendKeys(NewInputNmField, Keys.chord(ARROW_DOWN)): Keys 'DOWN + ' sent to object: 'Object Repository/Objects.HighlightElements/input_field_index'

2020-05-29 23:49:19 - [MESSAGE][PASSED] - Keys 'DOWN + ' sent to object: 'Object Repository/Objects.HighlightElements/input_field_index'

2020-05-29 23:49:19 - [TEST_STEP][PASSED] - delay(DelayTime): Delayed 2 second(s)

2020-05-29 23:49:21 - [MESSAGE][PASSED] - Delayed 2 second(s)

2020-05-29 23:49:21 - [TEST_STEP][PASSED] - sendKeys(NewInputNmField, Keys.chord(ENTER)): Keys 'ENTER + ' sent to object: 'Object Repository/Objects.HighlightElements/input_field_index'

2020-05-29 23:49:21 - [MESSAGE][PASSED] - Keys 'ENTER + ' sent to object: 'Object Repository/Objects.HighlightElements/input_field_index'

2020-05-29 23:49:21 - [TEST_STEP][PASSED] - ComboBoxValue = getAttribute(NewInputNmField, "value"): Attribute 'value' of object 'Object Repository/Objects.HighlightElements/input_field_index' is: 'Feedback Processing (FM)'

2020-05-29 23:49:22 - [MESSAGE][PASSED] - Attribute 'value' of object 'Object Repository/Objects.HighlightElements/input_field_index' is: 'Feedback Processing (FM)'

2020-05-29 23:49:22 - [TEST_STEP][PASSED] - callTestCase(findTestCase(CallTCName), ["FindValue":ComboBoxValue, "DropdownNm":comboNm], STOP_ON_FAILURE): Call Test Case 'Test Cases/PFI Precision and Scale/HashMap Tables/ConstantHashMap' successfully

2020-05-29 23:49:22 - [TEST_CASE][PASSED] - Test Cases/PFI Precision and Scale/HashMap Tables/ConstantHashMap: Test Cases/PFI Precision and Scale/HashMap Tables/ConstantHashMap

2020-05-29 23:49:22 - [TEST_STEP][PASSED] - ConstantTBL = [1:["PeriodType":"Working Day(s)"], 2:["PeriodType":"Calendar Day(s)"], 3:["PeriodType":"Month(s)"], 4:["TypeOfLetter":"T1"], ... ]: null

2020-05-29 23:49:22 - [TEST_STEP][PASSED] - switch (DropdownNm): null

2020-05-29 23:49:22 - [TEST_STEP][PASSED] - case "FM":: null

2020-05-29 23:49:22 - [TEST_STEP][PASSED] - ValueFound = ConstantTBL.find({ -> ... }): null

2020-05-29 23:49:22 - [TEST_STEP][PASSED] - break: null

2020-05-29 23:49:22 - [MESSAGE][PASSED] - Call Test Case 'Test Cases/PFI Precision and Scale/HashMap Tables/ConstantHashMap' successfully

2020-05-29 23:49:22 - [TEST_STEP][PASSED] - println(ValueFound): null

2020-05-29 23:49:22 - [TEST_STEP][PASSED] - sendKeys(NewInputNmField, Keys.chord(ARROW_DOWN)): Keys 'DOWN + ' sent to object: 'Object Repository/Objects.HighlightElements/input_field_index'

2020-05-29 23:49:22 - [MESSAGE][PASSED] - Keys 'DOWN + ' sent to object: 'Object Repository/Objects.HighlightElements/input_field_index'

2020-05-29 23:49:22 - [TEST_STEP][PASSED] - sendKeys(NewInputNmField, Keys.chord(ENTER)): Keys 'ENTER + ' sent to object: 'Object Repository/Objects.HighlightElements/input_field_index'

2020-05-29 23:49:22 - [MESSAGE][PASSED] - Keys 'ENTER + ' sent to object: 'Object Repository/Objects.HighlightElements/input_field_index'

2020-05-29 23:49:22 - [MESSAGE][PASSED] - Call Test Case 'Test Cases/PFI Precision and Scale/PFI Components with Indexing/VerifyDropdownValuesXPI' successfully

2020-05-29 23:49:22 - [TEST_STEP][PASSED] - callTestCase(findTestCase("Components/HighlightLabelFieldXPI"), ["LblName":"Inspection From Date", "index":1], STOP_ON_FAILURE): Call Test Case 'Test Cases/Components/HighlightLabelFieldXPI' successfully

2020-05-29 23:49:22 - [TEST_CASE][PASSED] - Test Cases/Components/HighlightLabelFieldXPI: Test Cases/Components/HighlightLabelFieldXPI

2020-05-29 23:49:22 - [TEST_STEP][PASSED] - Thread.sleep(1000): null

2020-05-29 23:49:23 - [TEST_STEP][PASSED] - modifiedLblNm = modifyObjectProperty(findTestObject("Object Repository/Objects.HighlightElements/lblField_index"), "xpath", "equals", "(//*[contains(@class, 'x-form-item-label-inner x-form-item-label-inner-default') and contains(., '" + LblName + "')])[" + index + "]", true): Modify property of object successfully

2020-05-29 23:49:23 - [MESSAGE][PASSED] - Modify property of object successfully

2020-05-29 23:49:23 - [TEST_STEP][PASSED] - com.reusableComponents.HighlightElement.run(modifiedLblNm): com.reusableComponents.HighlightElement.run is PASSED

2020-05-29 23:49:24 - [MESSAGE][PASSED] - com.reusableComponents.HighlightElement.run is PASSED

2020-05-29 23:49:24 - [MESSAGE][PASSED] - Call Test Case 'Test Cases/Components/HighlightLabelFieldXPI' successfully

2020-05-29 23:49:24 - [TEST_STEP][PASSED] - callTestCase(findTestCase("Components/HighlightInputFieldXPI"), ["FldNm":"inspDt", "index":1], STOP_ON_FAILURE): Call Test Case 'Test Cases/Components/HighlightInputFieldXPI' successfully

2020-05-29 23:49:24 - [TEST_CASE][PASSED] - Test Cases/Components/HighlightInputFieldXPI: Test Cases/Components/HighlightInputFieldXPI

2020-05-29 23:49:24 - [TEST_STEP][PASSED] - Thread.sleep(1000): null

2020-05-29 23:49:25 - [TEST_STEP][PASSED] - modifiedInputNm = modifyObjectProperty(findTestObject("Object Repository/Objects.HighlightElements/input_field_index"), "xpath", "equals", "(//*[contains(@name, '" + FldNm + "')])[" + index + "]", true): Modify property of object successfully

2020-05-29 23:49:25 - [MESSAGE][PASSED] - Modify property of object successfully

2020-05-29 23:49:25 - [TEST_STEP][PASSED] - com.reusableComponents.HighlightElement.run(modifiedInputNm): com.reusableComponents.HighlightElement.run is PASSED

2020-05-29 23:49:26 - [MESSAGE][PASSED] - com.reusableComponents.HighlightElement.run is PASSED

2020-05-29 23:49:26 - [MESSAGE][PASSED] - Call Test Case 'Test Cases/Components/HighlightInputFieldXPI' successfully

2020-05-29 23:49:26 - [TEST_STEP][PASSED] - callTestCase(findTestCase("Components/SelectAllThenDeleteIndex"), ["nameToBeUsed":"inspDt", "index":"1"], STOP_ON_FAILURE): Call Test Case 'Test Cases/Components/SelectAllThenDeleteIndex' successfully

2020-05-29 23:49:26 - [TEST_CASE][PASSED] - Test Cases/Components/SelectAllThenDeleteIndex: Test Cases/Components/SelectAllThenDeleteIndex

2020-05-29 23:49:26 - [TEST_STEP][PASSED] - Thread.sleep(1000): null

2020-05-29 23:49:27 - [TEST_STEP][PASSED] - modifiedObj = modifyObjectProperty(findTestObject("Object Repository/Objects.HighlightElements/input_field_index"), "xpath", "equals", "(//*[contains(@class,'x-form-text') and (@name='" + nameToBeUsed + "')])[" + index + "]", true): Modify property of object successfully

2020-05-29 23:49:27 - [MESSAGE][PASSED] - Modify property of object successfully

2020-05-29 23:49:27 - [TEST_STEP][PASSED] - focus(modifiedObj): Object: 'Object Repository/Objects.HighlightElements/input_field_index' is focused

2020-05-29 23:49:27 - [MESSAGE][PASSED] - Object: 'Object Repository/Objects.HighlightElements/input_field_index' is focused

2020-05-29 23:49:27 - [TEST_STEP][PASSED] - sendKeys(modifiedObj, Keys.chord(CONTROL, "a")): Keys 'CONTROL + a' sent to object: 'Object Repository/Objects.HighlightElements/input_field_index'

2020-05-29 23:49:27 - [MESSAGE][PASSED] - Keys 'CONTROL + a' sent to object: 'Object Repository/Objects.HighlightElements/input_field_index'

2020-05-29 23:49:27 - [TEST_STEP][PASSED] - sendKeys(modifiedObj, Keys.chord(DELETE)): Keys 'DELETE + ' sent to object: 'Object Repository/Objects.HighlightElements/input_field_index'

2020-05-29 23:49:28 - [MESSAGE][PASSED] - Keys 'DELETE + ' sent to object: 'Object Repository/Objects.HighlightElements/input_field_index'

2020-05-29 23:49:28 - [MESSAGE][PASSED] - Call Test Case 'Test Cases/Components/SelectAllThenDeleteIndex' successfully

2020-05-29 23:49:28 - [TEST_STEP][PASSED] - callTestCase(findTestCase("PFI Precision and Scale/PFI Components with Indexing/NumericTextboxValidationIndex"), ["nameToBeUsed":"inspDt", "index":1, "minLen":4], STOP_ON_FAILURE): Call Test Case 'Test Cases/PFI Precision and Scale/PFI Components with Indexing/NumericTextboxValidationIndex' successfully

2020-05-29 23:49:28 - [TEST_CASE][PASSED] - Test Cases/PFI Precision and Scale/PFI Components with Indexing/NumericTextboxValidationIndex: Test Cases/PFI Precision and Scale/PFI Components with Indexing/NumericTextboxValidationIndex

2020-05-29 23:49:28 - [TEST_STEP][PASSED] - Thread.sleep(1000): null

2020-05-29 23:49:29 - [TEST_STEP][PASSED] - Numeric = "0123456789": null

2020-05-29 23:49:29 - [TEST_STEP][PASSED] - AlphaSpecialChar = z) + "`~!@#$%^&*()=_{}|\][;'":,?><"".join(): null

2020-05-29 23:49:29 - [TEST_STEP][PASSED] - RandomNumeric = RandomStringUtils.random(minLen, Numeric.toCharArray()): null

2020-05-29 23:49:29 - [TEST_STEP][PASSED] - RandomString = RandomStringUtils.random(minLen, AlphaSpecialChar): null

2020-05-29 23:49:29 - [TEST_STEP][PASSED] - regexPat = Pattern.compile("^[0-9]+$"): null

2020-05-29 23:49:29 - [TEST_STEP][PASSED] - NewInputNmField = modifyObjectProperty(findTestObject("Object Repository/Objects.HighlightElements/input_field_index"), "xpath", "equals", "(//*[contains(@class,'x-form-text') and (@name='" + nameToBeUsed + "')])[" + index + "]", true): Modify property of object successfully

2020-05-29 23:49:29 - [MESSAGE][PASSED] - Modify property of object successfully

2020-05-29 23:49:29 - [TEST_STEP][PASSED] - focus(NewInputNmField): Object: 'Object Repository/Objects.HighlightElements/input_field_index' is focused

2020-05-29 23:49:29 - [MESSAGE][PASSED] - Object: 'Object Repository/Objects.HighlightElements/input_field_index' is focused

2020-05-29 23:49:29 - [TEST_STEP][PASSED] - setText(NewInputNmField, RandomString): Text 'wGGF' is set on object 'Object Repository/Objects.HighlightElements/input_field_index'

2020-05-29 23:49:30 - [MESSAGE][PASSED] - Text 'wGGF' is set on object 'Object Repository/Objects.HighlightElements/input_field_index'

2020-05-29 23:49:30 - [TEST_STEP][PASSED] - GetInputVal = getAttribute(NewInputNmField, "value"): Attribute 'value' of object 'Object Repository/Objects.HighlightElements/input_field_index' is: ''

2020-05-29 23:49:30 - [MESSAGE][PASSED] - Attribute 'value' of object 'Object Repository/Objects.HighlightElements/input_field_index' is: ''

2020-05-29 23:49:30 - [TEST_STEP][PASSED] - if (GetInputVal.contains("e")): null

2020-05-29 23:49:30 - [TEST_STEP][PASSED] - else: Actual text '' and expected text '' are matched  using regular expression

2020-05-29 23:49:30 - [TEST_STEP][PASSED] - verifyMatch(GetInputVal, "", true): Actual text '' and expected text '' are matched  using regular expression

2020-05-29 23:49:30 - [MESSAGE][PASSED] - Actual text '' and expected text '' are matched  using regular expression

2020-05-29 23:49:30 - [TEST_STEP][PASSED] - setText(NewInputNmField, RandomNumeric): Text '0926' is set on object 'Object Repository/Objects.HighlightElements/input_field_index'

2020-05-29 23:49:30 - [MESSAGE][PASSED] - Text '0926' is set on object 'Object Repository/Objects.HighlightElements/input_field_index'

2020-05-29 23:49:30 - [TEST_STEP][PASSED] - GetEnteredIntegers = getAttribute(NewInputNmField, "value"): Attribute 'value' of object 'Object Repository/Objects.HighlightElements/input_field_index' is: '0926'

2020-05-29 23:49:31 - [MESSAGE][PASSED] - Attribute 'value' of object 'Object Repository/Objects.HighlightElements/input_field_index' is: '0926'

2020-05-29 23:49:31 - [TEST_STEP][PASSED] - matchStr = regexPat.matcher(GetEnteredIntegers): null

2020-05-29 23:49:31 - [TEST_STEP][PASSED] - if (matchStr.matches() == true): Accepting Numeric

2020-05-29 23:49:31 - [TEST_STEP][PASSED] - comment("Accepting Numeric"): Accepting Numeric

2020-05-29 23:49:31 - [MESSAGE][INFO] - Accepting Numeric

2020-05-29 23:49:31 - [MESSAGE][PASSED] - Call Test Case 'Test Cases/PFI Precision and Scale/PFI Components with Indexing/NumericTextboxValidationIndex' successfully

2020-05-29 23:49:31 - [TEST_STEP][PASSED] - callTestCase(findTestCase("PFI Precision and Scale/PFI Components with Indexing/StartTimeErrorIndex"), ["FldNm":"inspDt", "index":1], STOP_ON_FAILURE): Call Test Case 'Test Cases/PFI Precision and Scale/PFI Components with Indexing/StartTimeErrorIndex' successfully

2020-05-29 23:49:31 - [TEST_CASE][PASSED] - Test Cases/PFI Precision and Scale/PFI Components with Indexing/StartTimeErrorIndex: Test Cases/PFI Precision and Scale/PFI Components with Indexing/StartTimeErrorIndex

2020-05-29 23:49:31 - [TEST_STEP][PASSED] - Thread.sleep(5000): null

2020-05-29 23:49:36 - [TEST_STEP][PASSED] - if (index == 0): null

2020-05-29 23:49:36 - [TEST_STEP][PASSED] - else: Modify property of object successfully

2020-05-29 23:49:36 - [TEST_STEP][PASSED] - NewInputNmField = modifyObjectProperty(findTestObject("Object Repository/Objects.HighlightElements/input_field_index"), "xpath", "equals", "(//*[@name= '" + FldNm + "'])[" + index + "]", true): Modify property of object successfully

2020-05-29 23:49:36 - [MESSAGE][PASSED] - Modify property of object successfully

2020-05-29 23:49:36 - [TEST_STEP][PASSED] - mouseOver(NewInputNmField): Object: 'Object Repository/Objects.HighlightElements/input_field_index' is hovered

2020-05-29 23:49:37 - [MESSAGE][PASSED] - Object: 'Object Repository/Objects.HighlightElements/input_field_index' is hovered

2020-05-29 23:49:37 - [TEST_STEP][PASSED] - getInputInvalidDate = getAttribute(NewInputNmField, "value"): Attribute 'value' of object 'Object Repository/Objects.HighlightElements/input_field_index' is: '0926'

2020-05-29 23:49:37 - [MESSAGE][PASSED] - Attribute 'value' of object 'Object Repository/Objects.HighlightElements/input_field_index' is: '0926'

2020-05-29 23:49:37 - [TEST_STEP][PASSED] - getErrMsg = getAttribute(NewInputNmField, "data-errorqtip"): Attribute 'data-errorqtip' of object 'Object Repository/Objects.HighlightElements/input_field_index' is: '<ul class="x-list-plain"><li>Start time must be less than end time</li><li>0926 is not a valid date - it must be in the format d/m/Y</li></ul>'

2020-05-29 23:49:37 - [MESSAGE][PASSED] - Attribute 'data-errorqtip' of object 'Object Repository/Objects.HighlightElements/input_field_index' is: '<ul class="x-list-plain"><li>Start time must be less than end time</li><li>0926 is not a valid date - it must be in the format d/m/Y</li></ul>'

2020-05-29 23:49:37 - [TEST_STEP][PASSED] - RmvCd = getErrMsg.substring(0, 75): null

2020-05-29 23:49:37 - [TEST_STEP][PASSED] - FirstErrMsg = RmvCd.substring(29, 66): null

2020-05-29 23:49:37 - [TEST_STEP][PASSED] - getTotalLength = getErrMsg.length(): null

2020-05-29 23:49:37 - [TEST_STEP][PASSED] - RmvCd = getErrMsg.substring(75, getTotalLength): null

2020-05-29 23:49:37 - [TEST_STEP][PASSED] - lenInv = RmvCd.length() - 10: null

2020-05-29 23:49:37 - [TEST_STEP][PASSED] - InvErrMsg = RmvCd.substring(0, lenInv): null

2020-05-29 23:49:37 - [TEST_STEP][PASSED] - ExpectedInvalidErrMsg2 = concatenate(InvDtErr, " ", getInputInvalidDate, " ", NotValidDt): Concatenated string array: '['Start time must be less than end time',' ','0926',' ','is not a valid date - it must be in the format d/m/Y']' into 'Start time must be less than end time 0926 is not a valid date - it must be in the format d/m/Y'

2020-05-29 23:49:37 - [MESSAGE][PASSED] - Concatenated string array: '['Start time must be less than end time',' ','0926',' ','is not a valid date - it must be in the format d/m/Y']' into 'Start time must be less than end time 0926 is not a valid date - it must be in the format d/m/Y'

2020-05-29 23:49:37 - [TEST_STEP][PASSED] - ActualInvErrMsg = concatenate(FirstErrMsg, " ", InvErrMsg): Concatenated string array: '['Start time must be less than end time',' ','0926 is not a valid date - it must be in the format d/m/Y']' into 'Start time must be less than end time 0926 is not a valid date - it must be in the format d/m/Y'

2020-05-29 23:49:37 - [MESSAGE][PASSED] - Concatenated string array: '['Start time must be less than end time',' ','0926 is not a valid date - it must be in the format d/m/Y']' into 'Start time must be less than end time 0926 is not a valid date - it must be in the format d/m/Y'

2020-05-29 23:49:37 - [TEST_STEP][PASSED] - verifyMatch(ActualInvErrMsg, ExpectedInvalidErrMsg2, true): Actual text 'Start time must be less than end time 0926 is not a valid date - it must be in the format d/m/Y' and expected text 'Start time must be less than end time 0926 is not a valid date - it must be in the format d/m/Y' are matched  using regular expression

2020-05-29 23:49:37 - [MESSAGE][PASSED] - Actual text 'Start time must be less than end time 0926 is not a valid date - it must be in the format d/m/Y' and expected text 'Start time must be less than end time 0926 is not a valid date - it must be in the format d/m/Y' are matched  using regular expression

2020-05-29 23:49:37 - [MESSAGE][PASSED] - Call Test Case 'Test Cases/PFI Precision and Scale/PFI Components with Indexing/StartTimeErrorIndex' successfully

2020-05-29 23:49:37 - [TEST_STEP][PASSED] - callTestCase(findTestCase("PFI Precision and Scale/PFI Components with Indexing/SelectDayInDatePickerWithIndexII"), ["FldNm":"inspDt", "SelectCurrentDay":"11", "index":7, "idx":1], STOP_ON_FAILURE): Call Test Case 'Test Cases/PFI Precision and Scale/PFI Components with Indexing/SelectDayInDatePickerWithIndexII' successfully

2020-05-29 23:49:37 - [TEST_CASE][PASSED] - Test Cases/PFI Precision and Scale/PFI Components with Indexing/SelectDayInDatePickerWithIndexII: Test Cases/PFI Precision and Scale/PFI Components with Indexing/SelectDayInDatePickerWithIndexII

2020-05-29 23:49:38 - [TEST_STEP][PASSED] - Thread.sleep(1000): null

2020-05-29 23:49:39 - [TEST_STEP][PASSED] - DateInputFld = modifyObjectProperty(findTestObject("Objects.HighlightElements/input_field_index"), "xpath", "equals", "(//*[contains(@class,'x-form-text') and (@name='" + FldNm + "')])[" + idx + "]", true): Modify property of object successfully

2020-05-29 23:49:39 - [MESSAGE][PASSED] - Modify property of object successfully

2020-05-29 23:49:39 - [TEST_STEP][PASSED] - ModifyDay = modifyObjectProperty(findTestObject("Objects.DateValidation/Page_ISPS2/Select_Day_Index"), "xpath", "equals", "(//*[contains(@class, 'x-datepicker-date') and (text() = '" + SelectCurrentDay + "')])[" + index + "]", true): Modify property of object successfully

2020-05-29 23:49:39 - [MESSAGE][PASSED] - Modify property of object successfully

2020-05-29 23:49:39 - [TEST_STEP][PASSED] - sendKeys(DateInputFld, Keys.chord(ARROW_DOWN)): Keys 'DOWN + ' sent to object: 'Object Repository/Objects.HighlightElements/input_field_index'

2020-05-29 23:49:39 - [MESSAGE][PASSED] - Keys 'DOWN + ' sent to object: 'Object Repository/Objects.HighlightElements/input_field_index'

2020-05-29 23:49:39 - [TEST_STEP][PASSED] - com.reusableComponents.HighlightElement.run(ModifyDay): com.reusableComponents.HighlightElement.run is PASSED

2020-05-29 23:49:40 - [MESSAGE][PASSED] - com.reusableComponents.HighlightElement.run is PASSED

2020-05-29 23:49:40 - [TEST_STEP][PASSED] - delay(1): Delayed 1 second(s)

2020-05-29 23:49:41 - [MESSAGE][PASSED] - Delayed 1 second(s)

2020-05-29 23:49:41 - [TEST_STEP][PASSED] - click(ModifyDay): Object: 'Object Repository/Objects.DateValidation/Page_ISPS2/Select_Day_Index' is clicked on

2020-05-29 23:49:41 - [MESSAGE][PASSED] - Object: 'Object Repository/Objects.DateValidation/Page_ISPS2/Select_Day_Index' is clicked on

2020-05-29 23:49:41 - [MESSAGE][PASSED] - Call Test Case 'Test Cases/PFI Precision and Scale/PFI Components with Indexing/SelectDayInDatePickerWithIndexII' successfully

2020-05-29 23:49:41 - [TEST_STEP][PASSED] - callTestCase(findTestCase("PFI Precision and Scale/PFI Components with Indexing/SelectTodayInDatePickerIndex"), ["FldNm":"inspDt", "index":7, "idx":1], STOP_ON_FAILURE): Call Test Case 'Test Cases/PFI Precision and Scale/PFI Components with Indexing/SelectTodayInDatePickerIndex' successfully

2020-05-29 23:49:41 - [TEST_CASE][PASSED] - Test Cases/PFI Precision and Scale/PFI Components with Indexing/SelectTodayInDatePickerIndex: Test Cases/PFI Precision and Scale/PFI Components with Indexing/SelectTodayInDatePickerIndex

2020-05-29 23:49:42 - [TEST_STEP][PASSED] - Thread.sleep(1000): null

2020-05-29 23:49:43 - [TEST_STEP][PASSED] - DateFieldNm = modifyObjectProperty(findTestObject("Objects.HighlightElements/input_field_index"), "xpath", "equals", "(//*[contains(@class,'x-form-text') and (@name='" + FldNm + "')])[" + idx + "]", true): Modify property of object successfully

2020-05-29 23:49:43 - [MESSAGE][PASSED] - Modify property of object successfully

2020-05-29 23:49:43 - [TEST_STEP][PASSED] - TodayBtn = modifyObjectProperty(findTestObject("Object Repository/Objects.DateValidation/Page_ISPS2/a_Today"), "xpath", "equals", "(//*[text() = 'Today'])[" + index + "]", true): Modify property of object successfully

2020-05-29 23:49:43 - [MESSAGE][PASSED] - Modify property of object successfully

2020-05-29 23:49:43 - [TEST_STEP][PASSED] - sendKeys(DateFieldNm, Keys.chord(ARROW_DOWN)): Keys 'DOWN + ' sent to object: 'Object Repository/Objects.HighlightElements/input_field_index'

2020-05-29 23:49:43 - [MESSAGE][PASSED] - Keys 'DOWN + ' sent to object: 'Object Repository/Objects.HighlightElements/input_field_index'

2020-05-29 23:49:43 - [TEST_STEP][PASSED] - com.reusableComponents.HighlightElement.run(TodayBtn): com.reusableComponents.HighlightElement.run is PASSED

2020-05-29 23:49:44 - [MESSAGE][PASSED] - com.reusableComponents.HighlightElement.run is PASSED

2020-05-29 23:49:44 - [TEST_STEP][PASSED] - click(TodayBtn): Object: 'Object Repository/Objects.DateValidation/Page_ISPS2/a_Today' is clicked on

2020-05-29 23:49:44 - [MESSAGE][PASSED] - Object: 'Object Repository/Objects.DateValidation/Page_ISPS2/a_Today' is clicked on

2020-05-29 23:49:44 - [MESSAGE][PASSED] - Call Test Case 'Test Cases/PFI Precision and Scale/PFI Components with Indexing/SelectTodayInDatePickerIndex' successfully

2020-05-29 23:49:44 - [TEST_STEP][PASSED] - callTestCase(findTestCase("Components/HighlightLabelFieldXPI"), ["LblName":"Inspection To Date", "index":1], STOP_ON_FAILURE): Call Test Case 'Test Cases/Components/HighlightLabelFieldXPI' successfully

2020-05-29 23:49:44 - [TEST_CASE][PASSED] - Test Cases/Components/HighlightLabelFieldXPI: Test Cases/Components/HighlightLabelFieldXPI

2020-05-29 23:49:44 - [TEST_STEP][PASSED] - Thread.sleep(1000): null

2020-05-29 23:49:45 - [TEST_STEP][PASSED] - modifiedLblNm = modifyObjectProperty(findTestObject("Object Repository/Objects.HighlightElements/lblField_index"), "xpath", "equals", "(//*[contains(@class, 'x-form-item-label-inner x-form-item-label-inner-default') and contains(., '" + LblName + "')])[" + index + "]", true): Modify property of object successfully

2020-05-29 23:49:45 - [MESSAGE][PASSED] - Modify property of object successfully

2020-05-29 23:49:45 - [TEST_STEP][PASSED] - com.reusableComponents.HighlightElement.run(modifiedLblNm): com.reusableComponents.HighlightElement.run is PASSED

2020-05-29 23:49:46 - [MESSAGE][PASSED] - com.reusableComponents.HighlightElement.run is PASSED

2020-05-29 23:49:46 - [MESSAGE][PASSED] - Call Test Case 'Test Cases/Components/HighlightLabelFieldXPI' successfully

2020-05-29 23:49:46 - [TEST_STEP][PASSED] - callTestCase(findTestCase("Components/HighlightInputFieldXPI"), ["FldNm":"inspToDt", "index":1], STOP_ON_FAILURE): Call Test Case 'Test Cases/Components/HighlightInputFieldXPI' successfully

2020-05-29 23:49:46 - [TEST_CASE][PASSED] - Test Cases/Components/HighlightInputFieldXPI: Test Cases/Components/HighlightInputFieldXPI

2020-05-29 23:49:46 - [TEST_STEP][PASSED] - Thread.sleep(1000): null

2020-05-29 23:49:47 - [TEST_STEP][PASSED] - modifiedInputNm = modifyObjectProperty(findTestObject("Object Repository/Objects.HighlightElements/input_field_index"), "xpath", "equals", "(//*[contains(@name, '" + FldNm + "')])[" + index + "]", true): Modify property of object successfully

2020-05-29 23:49:47 - [MESSAGE][PASSED] - Modify property of object successfully

2020-05-29 23:49:47 - [TEST_STEP][PASSED] - com.reusableComponents.HighlightElement.run(modifiedInputNm): com.reusableComponents.HighlightElement.run is PASSED

2020-05-29 23:49:48 - [MESSAGE][PASSED] - com.reusableComponents.HighlightElement.run is PASSED

2020-05-29 23:49:48 - [MESSAGE][PASSED] - Call Test Case 'Test Cases/Components/HighlightInputFieldXPI' successfully

2020-05-29 23:49:48 - [TEST_STEP][PASSED] - callTestCase(findTestCase("Components/SelectAllThenDeleteIndex"), ["nameToBeUsed":"noOfBldg", "index":"1"], STOP_ON_FAILURE): Call Test Case 'Test Cases/Components/SelectAllThenDeleteIndex' successfully

2020-05-29 23:49:48 - [TEST_CASE][PASSED] - Test Cases/Components/SelectAllThenDeleteIndex: Test Cases/Components/SelectAllThenDeleteIndex

2020-05-29 23:49:48 - [TEST_STEP][PASSED] - Thread.sleep(1000): null

2020-05-29 23:49:49 - [TEST_STEP][PASSED] - modifiedObj = modifyObjectProperty(findTestObject("Object Repository/Objects.HighlightElements/input_field_index"), "xpath", "equals", "(//*[contains(@class,'x-form-text') and (@name='" + nameToBeUsed + "')])[" + index + "]", true): Modify property of object successfully

2020-05-29 23:49:49 - [MESSAGE][PASSED] - Modify property of object successfully

2020-05-29 23:49:49 - [TEST_STEP][PASSED] - focus(modifiedObj): Object: 'Object Repository/Objects.HighlightElements/input_field_index' is focused

2020-05-29 23:49:49 - [MESSAGE][PASSED] - Object: 'Object Repository/Objects.HighlightElements/input_field_index' is focused

2020-05-29 23:49:49 - [TEST_STEP][PASSED] - sendKeys(modifiedObj, Keys.chord(CONTROL, "a")): Keys 'CONTROL + a' sent to object: 'Object Repository/Objects.HighlightElements/input_field_index'

2020-05-29 23:49:49 - [MESSAGE][PASSED] - Keys 'CONTROL + a' sent to object: 'Object Repository/Objects.HighlightElements/input_field_index'

2020-05-29 23:49:49 - [TEST_STEP][PASSED] - sendKeys(modifiedObj, Keys.chord(DELETE)): Keys 'DELETE + ' sent to object: 'Object Repository/Objects.HighlightElements/input_field_index'

2020-05-29 23:49:50 - [MESSAGE][PASSED] - Keys 'DELETE + ' sent to object: 'Object Repository/Objects.HighlightElements/input_field_index'

2020-05-29 23:49:50 - [MESSAGE][PASSED] - Call Test Case 'Test Cases/Components/SelectAllThenDeleteIndex' successfully

2020-05-29 23:49:50 - [TEST_STEP][PASSED] - callTestCase(findTestCase("PFI Precision and Scale/PFI Components with Indexing/NumericTextboxValidationIndex"), ["nameToBeUsed":"inspToDt", "index":1, "minLen":9], STOP_ON_FAILURE): Call Test Case 'Test Cases/PFI Precision and Scale/PFI Components with Indexing/NumericTextboxValidationIndex' successfully

2020-05-29 23:49:50 - [TEST_CASE][PASSED] - Test Cases/PFI Precision and Scale/PFI Components with Indexing/NumericTextboxValidationIndex: Test Cases/PFI Precision and Scale/PFI Components with Indexing/NumericTextboxValidationIndex

2020-05-29 23:49:50 - [TEST_STEP][PASSED] - Thread.sleep(1000): null

2020-05-29 23:49:51 - [TEST_STEP][PASSED] - Numeric = "0123456789": null

2020-05-29 23:49:51 - [TEST_STEP][PASSED] - AlphaSpecialChar = z) + "`~!@#$%^&*()=_{}|\][;'":,?><"".join(): null

2020-05-29 23:49:51 - [TEST_STEP][PASSED] - RandomNumeric = RandomStringUtils.random(minLen, Numeric.toCharArray()): null

2020-05-29 23:49:51 - [TEST_STEP][PASSED] - RandomString = RandomStringUtils.random(minLen, AlphaSpecialChar): null

2020-05-29 23:49:51 - [TEST_STEP][PASSED] - regexPat = Pattern.compile("^[0-9]+$"): null

2020-05-29 23:49:51 - [TEST_STEP][PASSED] - NewInputNmField = modifyObjectProperty(findTestObject("Object Repository/Objects.HighlightElements/input_field_index"), "xpath", "equals", "(//*[contains(@class,'x-form-text') and (@name='" + nameToBeUsed + "')])[" + index + "]", true): Modify property of object successfully

2020-05-29 23:49:51 - [MESSAGE][PASSED] - Modify property of object successfully

2020-05-29 23:49:51 - [TEST_STEP][PASSED] - focus(NewInputNmField): Object: 'Object Repository/Objects.HighlightElements/input_field_index' is focused

2020-05-29 23:49:51 - [MESSAGE][PASSED] - Object: 'Object Repository/Objects.HighlightElements/input_field_index' is focused

2020-05-29 23:49:51 - [TEST_STEP][PASSED] - setText(NewInputNmField, RandomString): Text ')}iCQ&)&u' is set on object 'Object Repository/Objects.HighlightElements/input_field_index'

2020-05-29 23:49:51 - [MESSAGE][PASSED] - Text ')}iCQ&)&u' is set on object 'Object Repository/Objects.HighlightElements/input_field_index'

2020-05-29 23:49:51 - [TEST_STEP][PASSED] - GetInputVal = getAttribute(NewInputNmField, "value"): Attribute 'value' of object 'Object Repository/Objects.HighlightElements/input_field_index' is: ''

2020-05-29 23:49:52 - [MESSAGE][PASSED] - Attribute 'value' of object 'Object Repository/Objects.HighlightElements/input_field_index' is: ''

2020-05-29 23:49:52 - [TEST_STEP][PASSED] - if (GetInputVal.contains("e")): null

2020-05-29 23:49:52 - [TEST_STEP][PASSED] - else: Actual text '' and expected text '' are matched  using regular expression

2020-05-29 23:49:52 - [TEST_STEP][PASSED] - verifyMatch(GetInputVal, "", true): Actual text '' and expected text '' are matched  using regular expression

2020-05-29 23:49:52 - [MESSAGE][PASSED] - Actual text '' and expected text '' are matched  using regular expression

2020-05-29 23:49:52 - [TEST_STEP][PASSED] - setText(NewInputNmField, RandomNumeric): Text '344067159' is set on object 'Object Repository/Objects.HighlightElements/input_field_index'

2020-05-29 23:49:52 - [MESSAGE][PASSED] - Text '344067159' is set on object 'Object Repository/Objects.HighlightElements/input_field_index'

2020-05-29 23:49:52 - [TEST_STEP][PASSED] - GetEnteredIntegers = getAttribute(NewInputNmField, "value"): Attribute 'value' of object 'Object Repository/Objects.HighlightElements/input_field_index' is: '344067159'

2020-05-29 23:49:53 - [MESSAGE][PASSED] - Attribute 'value' of object 'Object Repository/Objects.HighlightElements/input_field_index' is: '344067159'

2020-05-29 23:49:53 - [TEST_STEP][PASSED] - matchStr = regexPat.matcher(GetEnteredIntegers): null

2020-05-29 23:49:53 - [TEST_STEP][PASSED] - if (matchStr.matches() == true): Accepting Numeric

2020-05-29 23:49:53 - [TEST_STEP][PASSED] - comment("Accepting Numeric"): Accepting Numeric

2020-05-29 23:49:53 - [MESSAGE][INFO] - Accepting Numeric

2020-05-29 23:49:53 - [MESSAGE][PASSED] - Call Test Case 'Test Cases/PFI Precision and Scale/PFI Components with Indexing/NumericTextboxValidationIndex' successfully

2020-05-29 23:49:53 - [TEST_STEP][PASSED] - callTestCase(findTestCase("PFI Precision and Scale/PFI Components with Indexing/StartTimeErrorIndex"), ["FldNm":"inspToDt", "index":1], STOP_ON_FAILURE): Call Test Case 'Test Cases/PFI Precision and Scale/PFI Components with Indexing/StartTimeErrorIndex' successfully

2020-05-29 23:49:54 - [TEST_CASE][PASSED] - Test Cases/PFI Precision and Scale/PFI Components with Indexing/StartTimeErrorIndex: Test Cases/PFI Precision and Scale/PFI Components with Indexing/StartTimeErrorIndex

2020-05-29 23:49:54 - [TEST_STEP][PASSED] - Thread.sleep(5000): null

2020-05-29 23:49:59 - [TEST_STEP][PASSED] - if (index == 0): null

2020-05-29 23:49:59 - [TEST_STEP][PASSED] - else: Modify property of object successfully

2020-05-29 23:49:59 - [TEST_STEP][PASSED] - NewInputNmField = modifyObjectProperty(findTestObject("Object Repository/Objects.HighlightElements/input_field_index"), "xpath", "equals", "(//*[@name= '" + FldNm + "'])[" + index + "]", true): Modify property of object successfully

2020-05-29 23:49:59 - [MESSAGE][PASSED] - Modify property of object successfully

2020-05-29 23:49:59 - [TEST_STEP][PASSED] - mouseOver(NewInputNmField): Object: 'Object Repository/Objects.HighlightElements/input_field_index' is hovered

2020-05-29 23:49:59 - [MESSAGE][PASSED] - Object: 'Object Repository/Objects.HighlightElements/input_field_index' is hovered

2020-05-29 23:49:59 - [TEST_STEP][PASSED] - getInputInvalidDate = getAttribute(NewInputNmField, "value"): Attribute 'value' of object 'Object Repository/Objects.HighlightElements/input_field_index' is: '344067159'

2020-05-29 23:49:59 - [MESSAGE][PASSED] - Attribute 'value' of object 'Object Repository/Objects.HighlightElements/input_field_index' is: '344067159'

2020-05-29 23:49:59 - [TEST_STEP][PASSED] - getErrMsg = getAttribute(NewInputNmField, "data-errorqtip"): Attribute 'data-errorqtip' of object 'Object Repository/Objects.HighlightElements/input_field_index' is: '<ul class="x-list-plain"><li>Start time must be less than end time</li><li>344067159 is not a valid date - it must be in the format d/m/Y</li></ul>'

2020-05-29 23:50:00 - [MESSAGE][PASSED] - Attribute 'data-errorqtip' of object 'Object Repository/Objects.HighlightElements/input_field_index' is: '<ul class="x-list-plain"><li>Start time must be less than end time</li><li>344067159 is not a valid date - it must be in the format d/m/Y</li></ul>'

2020-05-29 23:50:00 - [TEST_STEP][PASSED] - RmvCd = getErrMsg.substring(0, 75): null

2020-05-29 23:50:00 - [TEST_STEP][PASSED] - FirstErrMsg = RmvCd.substring(29, 66): null

2020-05-29 23:50:00 - [TEST_STEP][PASSED] - getTotalLength = getErrMsg.length(): null

2020-05-29 23:50:00 - [TEST_STEP][PASSED] - RmvCd = getErrMsg.substring(75, getTotalLength): null

2020-05-29 23:50:00 - [TEST_STEP][PASSED] - lenInv = RmvCd.length() - 10: null

2020-05-29 23:50:00 - [TEST_STEP][PASSED] - InvErrMsg = RmvCd.substring(0, lenInv): null

2020-05-29 23:50:00 - [TEST_STEP][PASSED] - ExpectedInvalidErrMsg2 = concatenate(InvDtErr, " ", getInputInvalidDate, " ", NotValidDt): Concatenated string array: '['Start time must be less than end time',' ','344067159',' ','is not a valid date - it must be in the format d/m/Y']' into 'Start time must be less than end time 344067159 is not a valid date - it must be in the format d/m/Y'

2020-05-29 23:50:00 - [MESSAGE][PASSED] - Concatenated string array: '['Start time must be less than end time',' ','344067159',' ','is not a valid date - it must be in the format d/m/Y']' into 'Start time must be less than end time 344067159 is not a valid date - it must be in the format d/m/Y'

2020-05-29 23:50:00 - [TEST_STEP][PASSED] - ActualInvErrMsg = concatenate(FirstErrMsg, " ", InvErrMsg): Concatenated string array: '['Start time must be less than end time',' ','344067159 is not a valid date - it must be in the format d/m/Y']' into 'Start time must be less than end time 344067159 is not a valid date - it must be in the format d/m/Y'

2020-05-29 23:50:00 - [MESSAGE][PASSED] - Concatenated string array: '['Start time must be less than end time',' ','344067159 is not a valid date - it must be in the format d/m/Y']' into 'Start time must be less than end time 344067159 is not a valid date - it must be in the format d/m/Y'

2020-05-29 23:50:00 - [TEST_STEP][PASSED] - verifyMatch(ActualInvErrMsg, ExpectedInvalidErrMsg2, true): Actual text 'Start time must be less than end time 344067159 is not a valid date - it must be in the format d/m/Y' and expected text 'Start time must be less than end time 344067159 is not a valid date - it must be in the format d/m/Y' are matched  using regular expression

2020-05-29 23:50:00 - [MESSAGE][PASSED] - Actual text 'Start time must be less than end time 344067159 is not a valid date - it must be in the format d/m/Y' and expected text 'Start time must be less than end time 344067159 is not a valid date - it must be in the format d/m/Y' are matched  using regular expression

2020-05-29 23:50:00 - [MESSAGE][PASSED] - Call Test Case 'Test Cases/PFI Precision and Scale/PFI Components with Indexing/StartTimeErrorIndex' successfully

2020-05-29 23:50:00 - [TEST_STEP][PASSED] - callTestCase(findTestCase("PFI Precision and Scale/PFI Components with Indexing/SelectDayInDatePickerWithIndexII"), ["FldNm":"inspToDt", "SelectCurrentDay":"30", "index":16, "idx":1], STOP_ON_FAILURE): Call Test Case 'Test Cases/PFI Precision and Scale/PFI Components with Indexing/SelectDayInDatePickerWithIndexII' successfully

2020-05-29 23:50:00 - [TEST_CASE][PASSED] - Test Cases/PFI Precision and Scale/PFI Components with Indexing/SelectDayInDatePickerWithIndexII: Test Cases/PFI Precision and Scale/PFI Components with Indexing/SelectDayInDatePickerWithIndexII

2020-05-29 23:50:00 - [TEST_STEP][PASSED] - Thread.sleep(1000): null

2020-05-29 23:50:01 - [TEST_STEP][PASSED] - DateInputFld = modifyObjectProperty(findTestObject("Objects.HighlightElements/input_field_index"), "xpath", "equals", "(//*[contains(@class,'x-form-text') and (@name='" + FldNm + "')])[" + idx + "]", true): Modify property of object successfully

2020-05-29 23:50:01 - [MESSAGE][PASSED] - Modify property of object successfully

2020-05-29 23:50:01 - [TEST_STEP][PASSED] - ModifyDay = modifyObjectProperty(findTestObject("Objects.DateValidation/Page_ISPS2/Select_Day_Index"), "xpath", "equals", "(//*[contains(@class, 'x-datepicker-date') and (text() = '" + SelectCurrentDay + "')])[" + index + "]", true): Modify property of object successfully

2020-05-29 23:50:01 - [MESSAGE][PASSED] - Modify property of object successfully

2020-05-29 23:50:01 - [TEST_STEP][PASSED] - sendKeys(DateInputFld, Keys.chord(ARROW_DOWN)): Keys 'DOWN + ' sent to object: 'Object Repository/Objects.HighlightElements/input_field_index'

2020-05-29 23:50:01 - [MESSAGE][PASSED] - Keys 'DOWN + ' sent to object: 'Object Repository/Objects.HighlightElements/input_field_index'

2020-05-29 23:50:01 - [TEST_STEP][PASSED] - com.reusableComponents.HighlightElement.run(ModifyDay): com.reusableComponents.HighlightElement.run is PASSED

2020-05-29 23:50:02 - [MESSAGE][PASSED] - com.reusableComponents.HighlightElement.run is PASSED

2020-05-29 23:50:02 - [TEST_STEP][PASSED] - delay(1): Delayed 1 second(s)

2020-05-29 23:50:03 - [MESSAGE][PASSED] - Delayed 1 second(s)

2020-05-29 23:50:03 - [TEST_STEP][PASSED] - click(ModifyDay): Object: 'Object Repository/Objects.DateValidation/Page_ISPS2/Select_Day_Index' is clicked on

2020-05-29 23:50:03 - [MESSAGE][PASSED] - Object: 'Object Repository/Objects.DateValidation/Page_ISPS2/Select_Day_Index' is clicked on

2020-05-29 23:50:03 - [MESSAGE][PASSED] - Call Test Case 'Test Cases/PFI Precision and Scale/PFI Components with Indexing/SelectDayInDatePickerWithIndexII' successfully

2020-05-29 23:50:03 - [TEST_STEP][PASSED] - callTestCase(findTestCase("PFI Precision and Scale/PFI Components with Indexing/SelectTodayInDatePickerIndex"), ["FldNm":"inspToDt", "index":8, "idx":1], STOP_ON_FAILURE): Call Test Case 'Test Cases/PFI Precision and Scale/PFI Components with Indexing/SelectTodayInDatePickerIndex' successfully

2020-05-29 23:50:04 - [TEST_CASE][PASSED] - Test Cases/PFI Precision and Scale/PFI Components with Indexing/SelectTodayInDatePickerIndex: Test Cases/PFI Precision and Scale/PFI Components with Indexing/SelectTodayInDatePickerIndex

2020-05-29 23:50:04 - [TEST_STEP][PASSED] - Thread.sleep(1000): null

2020-05-29 23:50:05 - [TEST_STEP][PASSED] - DateFieldNm = modifyObjectProperty(findTestObject("Objects.HighlightElements/input_field_index"), "xpath", "equals", "(//*[contains(@class,'x-form-text') and (@name='" + FldNm + "')])[" + idx + "]", true): Modify property of object successfully

2020-05-29 23:50:05 - [MESSAGE][PASSED] - Modify property of object successfully

2020-05-29 23:50:05 - [TEST_STEP][PASSED] - TodayBtn = modifyObjectProperty(findTestObject("Object Repository/Objects.DateValidation/Page_ISPS2/a_Today"), "xpath", "equals", "(//*[text() = 'Today'])[" + index + "]", true): Modify property of object successfully

2020-05-29 23:50:05 - [MESSAGE][PASSED] - Modify property of object successfully

2020-05-29 23:50:05 - [TEST_STEP][PASSED] - sendKeys(DateFieldNm, Keys.chord(ARROW_DOWN)): Keys 'DOWN + ' sent to object: 'Object Repository/Objects.HighlightElements/input_field_index'

2020-05-29 23:50:05 - [MESSAGE][PASSED] - Keys 'DOWN + ' sent to object: 'Object Repository/Objects.HighlightElements/input_field_index'

2020-05-29 23:50:05 - [TEST_STEP][PASSED] - com.reusableComponents.HighlightElement.run(TodayBtn): com.reusableComponents.HighlightElement.run is PASSED

2020-05-29 23:50:06 - [MESSAGE][PASSED] - com.reusableComponents.HighlightElement.run is PASSED

2020-05-29 23:50:06 - [TEST_STEP][PASSED] - click(TodayBtn): Object: 'Object Repository/Objects.DateValidation/Page_ISPS2/a_Today' is clicked on

2020-05-29 23:50:06 - [MESSAGE][PASSED] - Object: 'Object Repository/Objects.DateValidation/Page_ISPS2/a_Today' is clicked on

2020-05-29 23:50:06 - [MESSAGE][PASSED] - Call Test Case 'Test Cases/PFI Precision and Scale/PFI Components with Indexing/SelectTodayInDatePickerIndex' successfully

2020-05-29 23:50:06 - [TEST_STEP][PASSED] - callTestCase(findTestCase("PFI Precision and Scale/PFI Components with Indexing/PastDateAfterErrorIndex"), ["FldNm":"inspToDt", "index":1], STOP_ON_FAILURE): Call Test Case 'Test Cases/PFI Precision and Scale/PFI Components with Indexing/PastDateAfterErrorIndex' successfully

2020-05-29 23:50:06 - [TEST_CASE][PASSED] - Test Cases/PFI Precision and Scale/PFI Components with Indexing/PastDateAfterErrorIndex: Test Cases/PFI Precision and Scale/PFI Components with Indexing/PastDateAfterErrorIndex

2020-05-29 23:50:06 - [TEST_STEP][PASSED] - Thread.sleep(1000): null

2020-05-29 23:50:07 - [TEST_STEP][PASSED] - date = new java.util.Date(): null

2020-05-29 23:50:07 - [TEST_STEP][PASSED] - DateFormat = new java.text.SimpleDateFormat(dd/MM/yyyy): null

2020-05-29 23:50:07 - [TEST_STEP][PASSED] - CurrentDate = DateFormat.format(date): null

2020-05-29 23:50:07 - [TEST_STEP][PASSED] - DateFieldNm = modifyObjectProperty(findTestObject("Objects.HighlightElements/input_field_index"), "xpath", "equals", "(//*[contains(@class,'x-form-text') and (@name='" + FldNm + "')])[" + index + "]", true): Modify property of object successfully

2020-05-29 23:50:07 - [MESSAGE][PASSED] - Modify property of object successfully

2020-05-29 23:50:07 - [TEST_STEP][PASSED] - GetDateValue = getAttribute(DateFieldNm, "value"): Attribute 'value' of object 'Object Repository/Objects.HighlightElements/input_field_index' is: '29/05/2020'

2020-05-29 23:50:08 - [MESSAGE][PASSED] - Attribute 'value' of object 'Object Repository/Objects.HighlightElements/input_field_index' is: '29/05/2020'

2020-05-29 23:50:08 - [TEST_STEP][PASSED] - verifyMatch(GetDateValue, CurrentDate, true): Actual text '29/05/2020' and expected text '29/05/2020' are matched  using regular expression

2020-05-29 23:50:08 - [MESSAGE][PASSED] - Actual text '29/05/2020' and expected text '29/05/2020' are matched  using regular expression

2020-05-29 23:50:08 - [TEST_STEP][PASSED] - PastDate = date - 30: null

2020-05-29 23:50:08 - [TEST_STEP][PASSED] - PastDateFormatted = PastDate.format("dd/MM/yyyy"): null

2020-05-29 23:50:08 - [TEST_STEP][PASSED] - setText(DateFieldNm, PastDateFormatted): Text '29/04/2020' is set on object 'Object Repository/Objects.HighlightElements/input_field_index'

2020-05-29 23:50:08 - [MESSAGE][PASSED] - Text '29/04/2020' is set on object 'Object Repository/Objects.HighlightElements/input_field_index'

2020-05-29 23:50:08 - [TEST_STEP][PASSED] - mouseOver(DateFieldNm, STOP_ON_FAILURE): Object: 'Object Repository/Objects.HighlightElements/input_field_index' is hovered

2020-05-29 23:50:09 - [MESSAGE][PASSED] - Object: 'Object Repository/Objects.HighlightElements/input_field_index' is hovered

2020-05-29 23:50:09 - [TEST_STEP][PASSED] - PastDtErrMsg = getAttribute(DateFieldNm, "data-errorqtip", STOP_ON_FAILURE): Attribute 'data-errorqtip' of object 'Object Repository/Objects.HighlightElements/input_field_index' is: '<ul class="x-list-plain"><li>The date in this field must be after 29/05/2020</li></ul>'

2020-05-29 23:50:09 - [MESSAGE][PASSED] - Attribute 'data-errorqtip' of object 'Object Repository/Objects.HighlightElements/input_field_index' is: '<ul class="x-list-plain"><li>The date in this field must be after 29/05/2020</li></ul>'

2020-05-29 23:50:09 - [TEST_STEP][PASSED] - lenErrMsg = PastDtErrMsg.length(): null

2020-05-29 23:50:09 - [TEST_STEP][PASSED] - RmvCde = PastDtErrMsg.substring(29, lenErrMsg): null

2020-05-29 23:50:09 - [TEST_STEP][PASSED] - ActualErrDtMsg = RmvCde.substring(0, 47): null

2020-05-29 23:50:09 - [TEST_STEP][PASSED] - ExpectedErrDtMsg = concatenate(DtErrMsg, " ", CurrentDate): Concatenated string array: '['The date in this field must be after',' ','29/05/2020']' into 'The date in this field must be after 29/05/2020'

2020-05-29 23:50:09 - [MESSAGE][PASSED] - Concatenated string array: '['The date in this field must be after',' ','29/05/2020']' into 'The date in this field must be after 29/05/2020'

2020-05-29 23:50:09 - [TEST_STEP][PASSED] - verifyMatch(ActualErrDtMsg, ExpectedErrDtMsg, true): Actual text 'The date in this field must be after 29/05/2020' and expected text 'The date in this field must be after 29/05/2020' are matched  using regular expression

2020-05-29 23:50:09 - [MESSAGE][PASSED] - Actual text 'The date in this field must be after 29/05/2020' and expected text 'The date in this field must be after 29/05/2020' are matched  using regular expression

2020-05-29 23:50:09 - [TEST_STEP][PASSED] - FromDate = getAttribute(DateFieldNm, "value"): Attribute 'value' of object 'Object Repository/Objects.HighlightElements/input_field_index' is: '29/04/2020'

2020-05-29 23:50:10 - [MESSAGE][PASSED] - Attribute 'value' of object 'Object Repository/Objects.HighlightElements/input_field_index' is: '29/04/2020'

2020-05-29 23:50:10 - [MESSAGE][PASSED] - Call Test Case 'Test Cases/PFI Precision and Scale/PFI Components with Indexing/PastDateAfterErrorIndex' successfully

2020-05-29 23:50:10 - [TEST_STEP][PASSED] - callTestCase(findTestCase("PFI Precision and Scale/PFI Components with Indexing/PastDateBeforeErrorIndex"), ["FldNm":"inspDt", "index":1], STOP_ON_FAILURE): Call Test Case 'Test Cases/PFI Precision and Scale/PFI Components with Indexing/PastDateBeforeErrorIndex' successfully

2020-05-29 23:50:10 - [TEST_CASE][PASSED] - Test Cases/PFI Precision and Scale/PFI Components with Indexing/PastDateBeforeErrorIndex: Test Cases/PFI Precision and Scale/PFI Components with Indexing/PastDateBeforeErrorIndex

2020-05-29 23:50:10 - [TEST_STEP][PASSED] - Thread.sleep(1000): null

2020-05-29 23:50:11 - [TEST_STEP][PASSED] - DateFieldNm = modifyObjectProperty(findTestObject("Objects.HighlightElements/input_field_index"), "xpath", "equals", "(//*[contains(@class,'x-form-text') and (@name='" + FldNm + "')])[" + index + "]", true): Modify property of object successfully

2020-05-29 23:50:11 - [MESSAGE][PASSED] - Modify property of object successfully

2020-05-29 23:50:11 - [TEST_STEP][PASSED] - mouseOver(DateFieldNm): Object: 'Object Repository/Objects.HighlightElements/input_field_index' is hovered

2020-05-29 23:50:11 - [MESSAGE][PASSED] - Object: 'Object Repository/Objects.HighlightElements/input_field_index' is hovered

2020-05-29 23:50:11 - [TEST_STEP][PASSED] - PastDtErrMsg = getAttribute(DateFieldNm, "data-errorqtip", STOP_ON_FAILURE): Attribute 'data-errorqtip' of object 'Object Repository/Objects.HighlightElements/input_field_index' is: '<ul class="x-list-plain"><li>The date in this field must be before 29/04/2020</li></ul>'

2020-05-29 23:50:12 - [MESSAGE][PASSED] - Attribute 'data-errorqtip' of object 'Object Repository/Objects.HighlightElements/input_field_index' is: '<ul class="x-list-plain"><li>The date in this field must be before 29/04/2020</li></ul>'

2020-05-29 23:50:12 - [TEST_STEP][PASSED] - lenErrMsg = PastDtErrMsg.length(): null

2020-05-29 23:50:12 - [TEST_STEP][PASSED] - RmvCde = PastDtErrMsg.substring(29, lenErrMsg): null

2020-05-29 23:50:12 - [TEST_STEP][PASSED] - ActualErrDtMsg = RmvCde.substring(0, 48): null

2020-05-29 23:50:12 - [TEST_STEP][PASSED] - ExpectedErrDtMsg = concatenate(findTestData("PrecisionAndScaleDB").getValue("ErrorMessage", 7), " ", FromDate): Concatenated string array: '['The date in this field must be before',' ','29/04/2020']' into 'The date in this field must be before 29/04/2020'

2020-05-29 23:50:12 - [MESSAGE][PASSED] - Concatenated string array: '['The date in this field must be before',' ','29/04/2020']' into 'The date in this field must be before 29/04/2020'

2020-05-29 23:50:12 - [TEST_STEP][PASSED] - verifyMatch(ActualErrDtMsg, ExpectedErrDtMsg, true): Actual text 'The date in this field must be before 29/04/2020' and expected text 'The date in this field must be before 29/04/2020' are matched  using regular expression

2020-05-29 23:50:12 - [MESSAGE][PASSED] - Actual text 'The date in this field must be before 29/04/2020' and expected text 'The date in this field must be before 29/04/2020' are matched  using regular expression

2020-05-29 23:50:12 - [MESSAGE][PASSED] - Call Test Case 'Test Cases/PFI Precision and Scale/PFI Components with Indexing/PastDateBeforeErrorIndex' successfully

2020-05-29 23:50:12 - [TEST_STEP][PASSED] - callTestCase(findTestCase("Components/SelectAllThenDeleteIndex"), ["nameToBeUsed":"inspWeight", "index":"1"], STOP_ON_FAILURE): Call Test Case 'Test Cases/Components/SelectAllThenDeleteIndex' successfully

2020-05-29 23:50:12 - [TEST_CASE][PASSED] - Test Cases/Components/SelectAllThenDeleteIndex: Test Cases/Components/SelectAllThenDeleteIndex

2020-05-29 23:50:12 - [TEST_STEP][PASSED] - Thread.sleep(1000): null

2020-05-29 23:50:13 - [TEST_STEP][PASSED] - modifiedObj = modifyObjectProperty(findTestObject("Object Repository/Objects.HighlightElements/input_field_index"), "xpath", "equals", "(//*[contains(@class,'x-form-text') and (@name='" + nameToBeUsed + "')])[" + index + "]", true): Modify property of object successfully

2020-05-29 23:50:13 - [MESSAGE][PASSED] - Modify property of object successfully

2020-05-29 23:50:13 - [TEST_STEP][PASSED] - focus(modifiedObj): Object: 'Object Repository/Objects.HighlightElements/input_field_index' is focused

2020-05-29 23:50:13 - [MESSAGE][PASSED] - Object: 'Object Repository/Objects.HighlightElements/input_field_index' is focused

2020-05-29 23:50:13 - [TEST_STEP][PASSED] - sendKeys(modifiedObj, Keys.chord(CONTROL, "a")): Keys 'CONTROL + a' sent to object: 'Object Repository/Objects.HighlightElements/input_field_index'

2020-05-29 23:50:14 - [MESSAGE][PASSED] - Keys 'CONTROL + a' sent to object: 'Object Repository/Objects.HighlightElements/input_field_index'

2020-05-29 23:50:14 - [TEST_STEP][PASSED] - sendKeys(modifiedObj, Keys.chord(DELETE)): Keys 'DELETE + ' sent to object: 'Object Repository/Objects.HighlightElements/input_field_index'

2020-05-29 23:50:14 - [MESSAGE][PASSED] - Keys 'DELETE + ' sent to object: 'Object Repository/Objects.HighlightElements/input_field_index'

2020-05-29 23:50:14 - [MESSAGE][PASSED] - Call Test Case 'Test Cases/Components/SelectAllThenDeleteIndex' successfully

2020-05-29 23:50:14 - [TEST_STEP][PASSED] - callTestCase(findTestCase("Components/SelectAllThenDeleteIndex"), ["nameToBeUsed":"noOfBldg", "index":"1"], STOP_ON_FAILURE): Call Test Case 'Test Cases/Components/SelectAllThenDeleteIndex' successfully

2020-05-29 23:50:14 - [TEST_CASE][PASSED] - Test Cases/Components/SelectAllThenDeleteIndex: Test Cases/Components/SelectAllThenDeleteIndex

2020-05-29 23:50:14 - [TEST_STEP][PASSED] - Thread.sleep(1000): null

2020-05-29 23:50:15 - [TEST_STEP][PASSED] - modifiedObj = modifyObjectProperty(findTestObject("Object Repository/Objects.HighlightElements/input_field_index"), "xpath", "equals", "(//*[contains(@class,'x-form-text') and (@name='" + nameToBeUsed + "')])[" + index + "]", true): Modify property of object successfully

2020-05-29 23:50:15 - [MESSAGE][PASSED] - Modify property of object successfully

2020-05-29 23:50:15 - [TEST_STEP][PASSED] - focus(modifiedObj): Object: 'Object Repository/Objects.HighlightElements/input_field_index' is focused

2020-05-29 23:50:15 - [MESSAGE][PASSED] - Object: 'Object Repository/Objects.HighlightElements/input_field_index' is focused

2020-05-29 23:50:15 - [TEST_STEP][PASSED] - sendKeys(modifiedObj, Keys.chord(CONTROL, "a")): Keys 'CONTROL + a' sent to object: 'Object Repository/Objects.HighlightElements/input_field_index'

2020-05-29 23:50:16 - [MESSAGE][PASSED] - Keys 'CONTROL + a' sent to object: 'Object Repository/Objects.HighlightElements/input_field_index'

2020-05-29 23:50:16 - [TEST_STEP][PASSED] - sendKeys(modifiedObj, Keys.chord(DELETE)): Keys 'DELETE + ' sent to object: 'Object Repository/Objects.HighlightElements/input_field_index'

2020-05-29 23:50:16 - [MESSAGE][PASSED] - Keys 'DELETE + ' sent to object: 'Object Repository/Objects.HighlightElements/input_field_index'

2020-05-29 23:50:16 - [MESSAGE][PASSED] - Call Test Case 'Test Cases/Components/SelectAllThenDeleteIndex' successfully

2020-05-29 23:50:16 - [TEST_STEP][PASSED] - callTestCase(findTestCase("Components/SelectAllThenDeleteIndex"), ["nameToBeUsed":"inspDt", "index":"1"], STOP_ON_FAILURE): Call Test Case 'Test Cases/Components/SelectAllThenDeleteIndex' successfully

2020-05-29 23:50:16 - [TEST_CASE][PASSED] - Test Cases/Components/SelectAllThenDeleteIndex: Test Cases/Components/SelectAllThenDeleteIndex

2020-05-29 23:50:16 - [TEST_STEP][PASSED] - Thread.sleep(1000): null

2020-05-29 23:50:17 - [TEST_STEP][PASSED] - modifiedObj = modifyObjectProperty(findTestObject("Object Repository/Objects.HighlightElements/input_field_index"), "xpath", "equals", "(//*[contains(@class,'x-form-text') and (@name='" + nameToBeUsed + "')])[" + index + "]", true): Modify property of object successfully

2020-05-29 23:50:17 - [MESSAGE][PASSED] - Modify property of object successfully

2020-05-29 23:50:17 - [TEST_STEP][PASSED] - focus(modifiedObj): Object: 'Object Repository/Objects.HighlightElements/input_field_index' is focused

2020-05-29 23:50:17 - [MESSAGE][PASSED] - Object: 'Object Repository/Objects.HighlightElements/input_field_index' is focused

2020-05-29 23:50:17 - [TEST_STEP][PASSED] - sendKeys(modifiedObj, Keys.chord(CONTROL, "a")): Keys 'CONTROL + a' sent to object: 'Object Repository/Objects.HighlightElements/input_field_index'

2020-05-29 23:50:18 - [MESSAGE][PASSED] - Keys 'CONTROL + a' sent to object: 'Object Repository/Objects.HighlightElements/input_field_index'

2020-05-29 23:50:18 - [TEST_STEP][PASSED] - sendKeys(modifiedObj, Keys.chord(DELETE)): Keys 'DELETE + ' sent to object: 'Object Repository/Objects.HighlightElements/input_field_index'

2020-05-29 23:50:18 - [MESSAGE][PASSED] - Keys 'DELETE + ' sent to object: 'Object Repository/Objects.HighlightElements/input_field_index'

2020-05-29 23:50:18 - [MESSAGE][PASSED] - Call Test Case 'Test Cases/Components/SelectAllThenDeleteIndex' successfully

2020-05-29 23:50:18 - [TEST_STEP][PASSED] - callTestCase(findTestCase("Components/SelectAllThenDeleteIndex"), ["nameToBeUsed":"inspToDt", "index":"1"], STOP_ON_FAILURE): Call Test Case 'Test Cases/Components/SelectAllThenDeleteIndex' successfully

2020-05-29 23:50:18 - [TEST_CASE][PASSED] - Test Cases/Components/SelectAllThenDeleteIndex: Test Cases/Components/SelectAllThenDeleteIndex

2020-05-29 23:50:18 - [TEST_STEP][PASSED] - Thread.sleep(1000): null

2020-05-29 23:50:19 - [TEST_STEP][PASSED] - modifiedObj = modifyObjectProperty(findTestObject("Object Repository/Objects.HighlightElements/input_field_index"), "xpath", "equals", "(//*[contains(@class,'x-form-text') and (@name='" + nameToBeUsed + "')])[" + index + "]", true): Modify property of object successfully

2020-05-29 23:50:19 - [MESSAGE][PASSED] - Modify property of object successfully

2020-05-29 23:50:19 - [TEST_STEP][PASSED] - focus(modifiedObj): Object: 'Object Repository/Objects.HighlightElements/input_field_index' is focused

2020-05-29 23:50:19 - [MESSAGE][PASSED] - Object: 'Object Repository/Objects.HighlightElements/input_field_index' is focused

2020-05-29 23:50:19 - [TEST_STEP][PASSED] - sendKeys(modifiedObj, Keys.chord(CONTROL, "a")): Keys 'CONTROL + a' sent to object: 'Object Repository/Objects.HighlightElements/input_field_index'

2020-05-29 23:50:20 - [MESSAGE][PASSED] - Keys 'CONTROL + a' sent to object: 'Object Repository/Objects.HighlightElements/input_field_index'

2020-05-29 23:50:20 - [TEST_STEP][PASSED] - sendKeys(modifiedObj, Keys.chord(DELETE)): Keys 'DELETE + ' sent to object: 'Object Repository/Objects.HighlightElements/input_field_index'

2020-05-29 23:50:20 - [MESSAGE][PASSED] - Keys 'DELETE + ' sent to object: 'Object Repository/Objects.HighlightElements/input_field_index'

2020-05-29 23:50:20 - [MESSAGE][PASSED] - Call Test Case 'Test Cases/Components/SelectAllThenDeleteIndex' successfully

2020-05-29 23:50:20 - [TEST_STEP][PASSED] - callTestCase(findTestCase("PFI Precision and Scale/PFI Components with Indexing/RequiredFieldValidationIndex"), ["nameToBeUsed":"inspWeight", "index":1], STOP_ON_FAILURE): Call Test Case 'Test Cases/PFI Precision and Scale/PFI Components with Indexing/RequiredFieldValidationIndex' successfully

2020-05-29 23:50:20 - [TEST_CASE][PASSED] - Test Cases/PFI Precision and Scale/PFI Components with Indexing/RequiredFieldValidationIndex: Test Cases/PFI Precision and Scale/PFI Components with Indexing/RequiredFieldValidationIndex

2020-05-29 23:50:20 - [TEST_STEP][PASSED] - enableSmartWait(): null

2020-05-29 23:50:20 - [TEST_STEP][PASSED] - NewInputNmField = modifyObjectProperty(findTestObject("Objects.HighlightElements/input_field_index"), "xpath", "equals", "(//*[contains(@class,'x-form-text') and (@name='" + nameToBeUsed + "')])[" + index + "]", true): Modify property of object successfully

2020-05-29 23:50:20 - [MESSAGE][PASSED] - Modify property of object successfully

2020-05-29 23:50:20 - [TEST_STEP][PASSED] - mouseOver(NewInputNmField): Object: 'Object Repository/Objects.HighlightElements/input_field_index' is hovered

2020-05-29 23:50:21 - [MESSAGE][PASSED] - Object: 'Object Repository/Objects.HighlightElements/input_field_index' is hovered

2020-05-29 23:50:21 - [TEST_STEP][PASSED] - getRqErrMsg = getAttribute(NewInputNmField, "data-errorqtip"): Attribute 'data-errorqtip' of object 'Object Repository/Objects.HighlightElements/input_field_index' is: '<ul class="x-list-plain"><li>This field is required</li></ul>'

2020-05-29 23:50:21 - [MESSAGE][PASSED] - Attribute 'data-errorqtip' of object 'Object Repository/Objects.HighlightElements/input_field_index' is: '<ul class="x-list-plain"><li>This field is required</li></ul>'

2020-05-29 23:50:21 - [TEST_STEP][PASSED] - strToolTip = getRqErrMsg.substring(29, 61): null

2020-05-29 23:50:21 - [TEST_STEP][PASSED] - toolTipReqErrMsg = strToolTip.substring(0, 22): null

2020-05-29 23:50:21 - [TEST_STEP][PASSED] - verifyMatch(toolTipReqErrMsg, RqField, true): Actual text 'This field is required' and expected text 'This field is required' are matched  using regular expression

2020-05-29 23:50:21 - [MESSAGE][PASSED] - Actual text 'This field is required' and expected text 'This field is required' are matched  using regular expression

2020-05-29 23:50:21 - [MESSAGE][PASSED] - Call Test Case 'Test Cases/PFI Precision and Scale/PFI Components with Indexing/RequiredFieldValidationIndex' successfully

2020-05-29 23:50:21 - [TEST_STEP][PASSED] - callTestCase(findTestCase("PFI Precision and Scale/PFI Components with Indexing/RequiredFieldValidationIndex"), ["nameToBeUsed":"noOfBldg", "index":1], STOP_ON_FAILURE): Call Test Case 'Test Cases/PFI Precision and Scale/PFI Components with Indexing/RequiredFieldValidationIndex' successfully

2020-05-29 23:50:21 - [TEST_CASE][PASSED] - Test Cases/PFI Precision and Scale/PFI Components with Indexing/RequiredFieldValidationIndex: Test Cases/PFI Precision and Scale/PFI Components with Indexing/RequiredFieldValidationIndex

2020-05-29 23:50:21 - [TEST_STEP][PASSED] - enableSmartWait(): null

2020-05-29 23:50:21 - [TEST_STEP][PASSED] - NewInputNmField = modifyObjectProperty(findTestObject("Objects.HighlightElements/input_field_index"), "xpath", "equals", "(//*[contains(@class,'x-form-text') and (@name='" + nameToBeUsed + "')])[" + index + "]", true): Modify property of object successfully

2020-05-29 23:50:21 - [MESSAGE][PASSED] - Modify property of object successfully

2020-05-29 23:50:21 - [TEST_STEP][PASSED] - mouseOver(NewInputNmField): Object: 'Object Repository/Objects.HighlightElements/input_field_index' is hovered

2020-05-29 23:50:22 - [MESSAGE][PASSED] - Object: 'Object Repository/Objects.HighlightElements/input_field_index' is hovered

2020-05-29 23:50:22 - [TEST_STEP][PASSED] - getRqErrMsg = getAttribute(NewInputNmField, "data-errorqtip"): Attribute 'data-errorqtip' of object 'Object Repository/Objects.HighlightElements/input_field_index' is: '<ul class="x-list-plain"><li>This field is required</li></ul>'

2020-05-29 23:50:22 - [MESSAGE][PASSED] - Attribute 'data-errorqtip' of object 'Object Repository/Objects.HighlightElements/input_field_index' is: '<ul class="x-list-plain"><li>This field is required</li></ul>'

2020-05-29 23:50:22 - [TEST_STEP][PASSED] - strToolTip = getRqErrMsg.substring(29, 61): null

2020-05-29 23:50:22 - [TEST_STEP][PASSED] - toolTipReqErrMsg = strToolTip.substring(0, 22): null

2020-05-29 23:50:22 - [TEST_STEP][PASSED] - verifyMatch(toolTipReqErrMsg, RqField, true): Actual text 'This field is required' and expected text 'This field is required' are matched  using regular expression

2020-05-29 23:50:22 - [MESSAGE][PASSED] - Actual text 'This field is required' and expected text 'This field is required' are matched  using regular expression

2020-05-29 23:50:22 - [MESSAGE][PASSED] - Call Test Case 'Test Cases/PFI Precision and Scale/PFI Components with Indexing/RequiredFieldValidationIndex' successfully

2020-05-29 23:50:22 - [TEST_STEP][PASSED] - callTestCase(findTestCase("PFI Precision and Scale/PFI Components with Indexing/RequiredFieldValidationIndex"), ["nameToBeUsed":"inspDt", "index":1], STOP_ON_FAILURE): Call Test Case 'Test Cases/PFI Precision and Scale/PFI Components with Indexing/RequiredFieldValidationIndex' successfully

2020-05-29 23:50:22 - [TEST_CASE][PASSED] - Test Cases/PFI Precision and Scale/PFI Components with Indexing/RequiredFieldValidationIndex: Test Cases/PFI Precision and Scale/PFI Components with Indexing/RequiredFieldValidationIndex

2020-05-29 23:50:22 - [TEST_STEP][PASSED] - enableSmartWait(): null

2020-05-29 23:50:22 - [TEST_STEP][PASSED] - NewInputNmField = modifyObjectProperty(findTestObject("Objects.HighlightElements/input_field_index"), "xpath", "equals", "(//*[contains(@class,'x-form-text') and (@name='" + nameToBeUsed + "')])[" + index + "]", true): Modify property of object successfully

2020-05-29 23:50:22 - [MESSAGE][PASSED] - Modify property of object successfully

2020-05-29 23:50:22 - [TEST_STEP][PASSED] - mouseOver(NewInputNmField): Object: 'Object Repository/Objects.HighlightElements/input_field_index' is hovered

2020-05-29 23:50:23 - [MESSAGE][PASSED] - Object: 'Object Repository/Objects.HighlightElements/input_field_index' is hovered

2020-05-29 23:50:23 - [TEST_STEP][PASSED] - getRqErrMsg = getAttribute(NewInputNmField, "data-errorqtip"): Attribute 'data-errorqtip' of object 'Object Repository/Objects.HighlightElements/input_field_index' is: '<ul class="x-list-plain"><li>This field is required</li></ul>'

2020-05-29 23:50:23 - [MESSAGE][PASSED] - Attribute 'data-errorqtip' of object 'Object Repository/Objects.HighlightElements/input_field_index' is: '<ul class="x-list-plain"><li>This field is required</li></ul>'

2020-05-29 23:50:23 - [TEST_STEP][PASSED] - strToolTip = getRqErrMsg.substring(29, 61): null

2020-05-29 23:50:23 - [TEST_STEP][PASSED] - toolTipReqErrMsg = strToolTip.substring(0, 22): null

2020-05-29 23:50:23 - [TEST_STEP][PASSED] - verifyMatch(toolTipReqErrMsg, RqField, true): Actual text 'This field is required' and expected text 'This field is required' are matched  using regular expression

2020-05-29 23:50:23 - [MESSAGE][PASSED] - Actual text 'This field is required' and expected text 'This field is required' are matched  using regular expression

2020-05-29 23:50:23 - [MESSAGE][PASSED] - Call Test Case 'Test Cases/PFI Precision and Scale/PFI Components with Indexing/RequiredFieldValidationIndex' successfully

2020-05-29 23:50:23 - [TEST_STEP][PASSED] - callTestCase(findTestCase("PFI Precision and Scale/PFI Components with Indexing/RequiredFieldValidationIndex"), ["nameToBeUsed":"inspToDt", "index":1], STOP_ON_FAILURE): Call Test Case 'Test Cases/PFI Precision and Scale/PFI Components with Indexing/RequiredFieldValidationIndex' successfully

2020-05-29 23:50:23 - [TEST_CASE][PASSED] - Test Cases/PFI Precision and Scale/PFI Components with Indexing/RequiredFieldValidationIndex: Test Cases/PFI Precision and Scale/PFI Components with Indexing/RequiredFieldValidationIndex

2020-05-29 23:50:23 - [TEST_STEP][PASSED] - enableSmartWait(): null

2020-05-29 23:50:23 - [TEST_STEP][PASSED] - NewInputNmField = modifyObjectProperty(findTestObject("Objects.HighlightElements/input_field_index"), "xpath", "equals", "(//*[contains(@class,'x-form-text') and (@name='" + nameToBeUsed + "')])[" + index + "]", true): Modify property of object successfully

2020-05-29 23:50:23 - [MESSAGE][PASSED] - Modify property of object successfully

2020-05-29 23:50:23 - [TEST_STEP][PASSED] - mouseOver(NewInputNmField): Object: 'Object Repository/Objects.HighlightElements/input_field_index' is hovered

2020-05-29 23:50:24 - [MESSAGE][PASSED] - Object: 'Object Repository/Objects.HighlightElements/input_field_index' is hovered

2020-05-29 23:50:24 - [TEST_STEP][PASSED] - getRqErrMsg = getAttribute(NewInputNmField, "data-errorqtip"): Attribute 'data-errorqtip' of object 'Object Repository/Objects.HighlightElements/input_field_index' is: '<ul class="x-list-plain"><li>This field is required</li></ul>'

2020-05-29 23:50:24 - [MESSAGE][PASSED] - Attribute 'data-errorqtip' of object 'Object Repository/Objects.HighlightElements/input_field_index' is: '<ul class="x-list-plain"><li>This field is required</li></ul>'

2020-05-29 23:50:24 - [TEST_STEP][PASSED] - strToolTip = getRqErrMsg.substring(29, 61): null

2020-05-29 23:50:24 - [TEST_STEP][PASSED] - toolTipReqErrMsg = strToolTip.substring(0, 22): null

2020-05-29 23:50:24 - [TEST_STEP][PASSED] - verifyMatch(toolTipReqErrMsg, RqField, true): Actual text 'This field is required' and expected text 'This field is required' are matched  using regular expression

2020-05-29 23:50:24 - [MESSAGE][PASSED] - Actual text 'This field is required' and expected text 'This field is required' are matched  using regular expression

2020-05-29 23:50:24 - [MESSAGE][PASSED] - Call Test Case 'Test Cases/PFI Precision and Scale/PFI Components with Indexing/RequiredFieldValidationIndex' successfully

2020-05-29 23:50:24 - [TEST_STEP][PASSED] - callTestCase(findTestCase("Components/ClickBlueButtonsWithXPI"), ["Button":"Add", "Index":3], STOP_ON_FAILURE): Call Test Case 'Test Cases/Components/ClickBlueButtonsWithXPI' successfully

2020-05-29 23:50:24 - [TEST_CASE][PASSED] - Test Cases/Components/ClickBlueButtonsWithXPI: Test Cases/Components/ClickBlueButtonsWithXPI

2020-05-29 23:50:24 - [TEST_STEP][PASSED] - Thread.sleep(1000): null

2020-05-29 23:50:25 - [TEST_STEP][PASSED] - complexlyModifiedButtonGG = modifyObjectProperty(findTestObject("Objects.ClickBlueButtonsWithXPI/span_Reset"), "xPath", "equals", "(//*[text()="" + Button + ""])[" + Index + "]", true): Modify property of object successfully

2020-05-29 23:50:25 - [MESSAGE][PASSED] - Modify property of object successfully

2020-05-29 23:50:25 - [TEST_STEP][PASSED] - click(complexlyModifiedButtonGG): Object: 'Object Repository/Objects.ClickBlueButtonsWithXPI/span_Reset' is clicked on

2020-05-29 23:50:26 - [MESSAGE][PASSED] - Object: 'Object Repository/Objects.ClickBlueButtonsWithXPI/span_Reset' is clicked on

2020-05-29 23:50:26 - [MESSAGE][PASSED] - Call Test Case 'Test Cases/Components/ClickBlueButtonsWithXPI' successfully

2020-05-29 23:50:26 - [TEST_STEP][PASSED] - callTestCase(findTestCase("Components/HighlightLabelFieldXPI"), ["LblName":"Address", "index":1], STOP_ON_FAILURE): Call Test Case 'Test Cases/Components/HighlightLabelFieldXPI' successfully

2020-05-29 23:50:26 - [TEST_CASE][PASSED] - Test Cases/Components/HighlightLabelFieldXPI: Test Cases/Components/HighlightLabelFieldXPI

2020-05-29 23:50:26 - [TEST_STEP][PASSED] - Thread.sleep(1000): null

2020-05-29 23:50:27 - [TEST_STEP][PASSED] - modifiedLblNm = modifyObjectProperty(findTestObject("Object Repository/Objects.HighlightElements/lblField_index"), "xpath", "equals", "(//*[contains(@class, 'x-form-item-label-inner x-form-item-label-inner-default') and contains(., '" + LblName + "')])[" + index + "]", true): Modify property of object successfully

2020-05-29 23:50:27 - [MESSAGE][PASSED] - Modify property of object successfully

2020-05-29 23:50:27 - [TEST_STEP][PASSED] - com.reusableComponents.HighlightElement.run(modifiedLblNm): com.reusableComponents.HighlightElement.run is PASSED

2020-05-29 23:50:28 - [MESSAGE][PASSED] - com.reusableComponents.HighlightElement.run is PASSED

2020-05-29 23:50:28 - [MESSAGE][PASSED] - Call Test Case 'Test Cases/Components/HighlightLabelFieldXPI' successfully

2020-05-29 23:50:28 - [TEST_STEP][PASSED] - callTestCase(findTestCase("Components/HighlightInputFieldXPI"), ["FldNm":"hseBlkNo", "index":1], STOP_ON_FAILURE): Call Test Case 'Test Cases/Components/HighlightInputFieldXPI' successfully

2020-05-29 23:50:28 - [TEST_CASE][PASSED] - Test Cases/Components/HighlightInputFieldXPI: Test Cases/Components/HighlightInputFieldXPI

2020-05-29 23:50:28 - [TEST_STEP][PASSED] - Thread.sleep(1000): null

2020-05-29 23:50:29 - [TEST_STEP][PASSED] - modifiedInputNm = modifyObjectProperty(findTestObject("Object Repository/Objects.HighlightElements/input_field_index"), "xpath", "equals", "(//*[contains(@name, '" + FldNm + "')])[" + index + "]", true): Modify property of object successfully

2020-05-29 23:50:29 - [MESSAGE][PASSED] - Modify property of object successfully

2020-05-29 23:50:29 - [TEST_STEP][PASSED] - com.reusableComponents.HighlightElement.run(modifiedInputNm): com.reusableComponents.HighlightElement.run is PASSED

2020-05-29 23:50:29 - [MESSAGE][PASSED] - com.reusableComponents.HighlightElement.run is PASSED

2020-05-29 23:50:29 - [MESSAGE][PASSED] - Call Test Case 'Test Cases/Components/HighlightInputFieldXPI' successfully

2020-05-29 23:50:29 - [TEST_STEP][PASSED] - callTestCase(findTestCase("PFI Precision and Scale/PFI Components with Indexing/AlphaNumericValidationIndex"), ["FldNm":"hseBlkNo", "LenChar":4, "index":1], STOP_ON_FAILURE): Call Test Case 'Test Cases/PFI Precision and Scale/PFI Components with Indexing/AlphaNumericValidationIndex' successfully

2020-05-29 23:50:29 - [TEST_CASE][PASSED] - Test Cases/PFI Precision and Scale/PFI Components with Indexing/AlphaNumericValidationIndex: Test Cases/PFI Precision and Scale/PFI Components with Indexing/AlphaNumericValidationIndex

2020-05-29 23:50:30 - [TEST_STEP][PASSED] - Thread.sleep(1000): null

2020-05-29 23:50:31 - [TEST_STEP][PASSED] - AlphaNumeric = 9).join(): null

2020-05-29 23:50:31 - [TEST_STEP][PASSED] - SpecialChar = "`~!@#$%^&*()-=+_{}|\][;'":,./?><"": null

2020-05-29 23:50:31 - [TEST_STEP][PASSED] - RandomString = RandomStringUtils.random(LenChar, AlphaNumeric.toCharArray()): null

2020-05-29 23:50:31 - [TEST_STEP][PASSED] - RdmSpChar = RandomStringUtils.random(LenChar, SpecialChar): null

2020-05-29 23:50:31 - [TEST_STEP][PASSED] - regexPat = Pattern.compile("^[A-Za-z0-9 ]+$"): null

2020-05-29 23:50:31 - [TEST_STEP][PASSED] - NewInputNmField = modifyObjectProperty(findTestObject("Object Repository/Objects.HighlightElements/input_field_index"), "xpath", "equals", "(//*[contains(@class,'x-form-text') and (@name='" + FldNm + "')])[" + index + "]", true): Modify property of object successfully

2020-05-29 23:50:31 - [MESSAGE][PASSED] - Modify property of object successfully

2020-05-29 23:50:31 - [TEST_STEP][PASSED] - setText(NewInputNmField, RandomString): Text 'HY9I' is set on object 'Object Repository/Objects.HighlightElements/input_field_index'

2020-05-29 23:50:31 - [MESSAGE][PASSED] - Text 'HY9I' is set on object 'Object Repository/Objects.HighlightElements/input_field_index'

2020-05-29 23:50:31 - [TEST_STEP][PASSED] - RemarksAN = getAttribute(NewInputNmField, "value"): Attribute 'value' of object 'Object Repository/Objects.HighlightElements/input_field_index' is: 'HY9I'

2020-05-29 23:50:31 - [MESSAGE][PASSED] - Attribute 'value' of object 'Object Repository/Objects.HighlightElements/input_field_index' is: 'HY9I'

2020-05-29 23:50:31 - [TEST_STEP][PASSED] - matchStr = regexPat.matcher(RemarksAN): null

2020-05-29 23:50:31 - [TEST_STEP][PASSED] - if (matchStr.matches() == true): Accepting Alphanumeric

2020-05-29 23:50:31 - [TEST_STEP][PASSED] - comment("Accepting Alphanumeric"): Accepting Alphanumeric

2020-05-29 23:50:31 - [MESSAGE][INFO] - Accepting Alphanumeric

2020-05-29 23:50:31 - [TEST_STEP][PASSED] - setText(NewInputNmField, RdmSpChar): Text ''')*' is set on object 'Object Repository/Objects.HighlightElements/input_field_index'

2020-05-29 23:50:32 - [MESSAGE][PASSED] - Text ''')*' is set on object 'Object Repository/Objects.HighlightElements/input_field_index'

2020-05-29 23:50:32 - [TEST_STEP][PASSED] - RemarksSpChar = getAttribute(NewInputNmField, "value"): Attribute 'value' of object 'Object Repository/Objects.HighlightElements/input_field_index' is: ''

2020-05-29 23:50:32 - [MESSAGE][PASSED] - Attribute 'value' of object 'Object Repository/Objects.HighlightElements/input_field_index' is: ''

2020-05-29 23:50:32 - [TEST_STEP][PASSED] - matchSp = regexPat.matcher(RemarksSpChar): null

2020-05-29 23:50:32 - [TEST_STEP][PASSED] - if (matchSp.matches() == false): Actual text '' and expected text '' are matched  using regular expression

2020-05-29 23:50:32 - [TEST_STEP][PASSED] - verifyMatch(RemarksSpChar, "", true): Actual text '' and expected text '' are matched  using regular expression

2020-05-29 23:50:32 - [MESSAGE][PASSED] - Actual text '' and expected text '' are matched  using regular expression

2020-05-29 23:50:32 - [MESSAGE][PASSED] - Call Test Case 'Test Cases/PFI Precision and Scale/PFI Components with Indexing/AlphaNumericValidationIndex' successfully

2020-05-29 23:50:32 - [TEST_STEP][PASSED] - callTestCase(findTestCase("PFI Precision and Scale/PFI Components with Indexing/MaxAlphaNumericLenIndexValidation"), ["FieldNm":"hseBlkNo", "index":1, "MaxCharLen":12], STOP_ON_FAILURE): Call Test Case 'Test Cases/PFI Precision and Scale/PFI Components with Indexing/MaxAlphaNumericLenIndexValidation' successfully

2020-05-29 23:50:32 - [TEST_CASE][PASSED] - Test Cases/PFI Precision and Scale/PFI Components with Indexing/MaxAlphaNumericLenIndexValidation: Test Cases/PFI Precision and Scale/PFI Components with Indexing/MaxAlphaNumericLenIndexValidation

2020-05-29 23:50:32 - [TEST_STEP][PASSED] - Thread.sleep(1000): null

2020-05-29 23:50:33 - [TEST_STEP][PASSED] - CharLengthTBL = ["hseBlkNo":10]: null

2020-05-29 23:50:33 - [TEST_STEP][PASSED] - charset = 9).join(): null

2020-05-29 23:50:33 - [TEST_STEP][PASSED] - RandomStringVal = RandomStringUtils.random(MaxCharLen, charset.toCharArray()): null

2020-05-29 23:50:33 - [TEST_STEP][PASSED] - NewInputNmField = modifyObjectProperty(findTestObject("Object Repository/Objects.HighlightElements/input_field_index"), "xpath", "equals", "(//*[contains(@class,'x-form-text') and (@name='" + FieldNm + "')])[" + index + "]", true): Modify property of object successfully

2020-05-29 23:50:33 - [MESSAGE][PASSED] - Modify property of object successfully

2020-05-29 23:50:33 - [TEST_STEP][PASSED] - setText(NewInputNmField, RandomStringVal): Text 'RJwzJIym903p' is set on object 'Object Repository/Objects.HighlightElements/input_field_index'

2020-05-29 23:50:34 - [MESSAGE][PASSED] - Text 'RJwzJIym903p' is set on object 'Object Repository/Objects.HighlightElements/input_field_index'

2020-05-29 23:50:34 - [TEST_STEP][PASSED] - GetInputValue = getAttribute(NewInputNmField, "value", STOP_ON_FAILURE): Attribute 'value' of object 'Object Repository/Objects.HighlightElements/input_field_index' is: 'RJwzJIym90'

2020-05-29 23:50:34 - [MESSAGE][PASSED] - Attribute 'value' of object 'Object Repository/Objects.HighlightElements/input_field_index' is: 'RJwzJIym90'

2020-05-29 23:50:34 - [TEST_STEP][PASSED] - GetLenChar = GetInputValue.length(): null

2020-05-29 23:50:34 - [TEST_STEP][PASSED] - MaxLength = CharLengthTBL.get(FieldNm): null

2020-05-29 23:50:34 - [TEST_STEP][PASSED] - if (MaxLength != null): Actual object '10' and expected object '10' are equal

2020-05-29 23:50:34 - [TEST_STEP][PASSED] - verifyEqual(GetLenChar, MaxLength): Actual object '10' and expected object '10' are equal

2020-05-29 23:50:34 - [MESSAGE][PASSED] - Actual object '10' and expected object '10' are equal

2020-05-29 23:50:34 - [MESSAGE][PASSED] - Call Test Case 'Test Cases/PFI Precision and Scale/PFI Components with Indexing/MaxAlphaNumericLenIndexValidation' successfully

2020-05-29 23:50:34 - [TEST_STEP][PASSED] - callTestCase(findTestCase("Components/HighlightInputFieldXPI"), ["FldNm":"roadId", "index":1], STOP_ON_FAILURE): Call Test Case 'Test Cases/Components/HighlightInputFieldXPI' successfully

2020-05-29 23:50:34 - [TEST_CASE][PASSED] - Test Cases/Components/HighlightInputFieldXPI: Test Cases/Components/HighlightInputFieldXPI

2020-05-29 23:50:34 - [TEST_STEP][PASSED] - Thread.sleep(1000): null

2020-05-29 23:50:35 - [TEST_STEP][PASSED] - modifiedInputNm = modifyObjectProperty(findTestObject("Object Repository/Objects.HighlightElements/input_field_index"), "xpath", "equals", "(//*[contains(@name, '" + FldNm + "')])[" + index + "]", true): Modify property of object successfully

2020-05-29 23:50:35 - [MESSAGE][PASSED] - Modify property of object successfully

2020-05-29 23:50:35 - [TEST_STEP][PASSED] - com.reusableComponents.HighlightElement.run(modifiedInputNm): com.reusableComponents.HighlightElement.run is PASSED

2020-05-29 23:50:36 - [MESSAGE][PASSED] - com.reusableComponents.HighlightElement.run is PASSED

2020-05-29 23:50:36 - [MESSAGE][PASSED] - Call Test Case 'Test Cases/Components/HighlightInputFieldXPI' successfully

2020-05-29 23:50:36 - [TEST_STEP][PASSED] - callTestCase(findTestCase("PFI Precision and Scale/PFI Components with Indexing/VerifyDropdownValuesIndex"), ["FldNm":"roadId", "index":1, "CallTCName":"PFI Precision and Scale/HashMap Tables/RoadLists", "cmbNm":"", "NoOfVal":1, "DelayTime":2, ... ], STOP_ON_FAILURE): Call Test Case 'Test Cases/PFI Precision and Scale/PFI Components with Indexing/VerifyDropdownValuesIndex' successfully

2020-05-29 23:50:36 - [TEST_CASE][PASSED] - Test Cases/PFI Precision and Scale/PFI Components with Indexing/VerifyDropdownValuesIndex: Test Cases/PFI Precision and Scale/PFI Components with Indexing/VerifyDropdownValuesIndex

2020-05-29 23:50:36 - [TEST_STEP][PASSED] - Thread.sleep(1000): null

2020-05-29 23:50:37 - [TEST_STEP][PASSED] - NewInputNmField = modifyObjectProperty(findTestObject("Object Repository/Objects.HighlightElements/input_field_index"), "xpath", "equals", "(//*[contains(@class,'x-form-text') and (@name='" + FldNm + "')])[" + index + "]", true): Modify property of object successfully

2020-05-29 23:50:37 - [MESSAGE][PASSED] - Modify property of object successfully

2020-05-29 23:50:37 - [TEST_STEP][PASSED] - comboNm = cmbNm: null

2020-05-29 23:50:37 - [TEST_STEP][PASSED] - focus(NewInputNmField): Object: 'Object Repository/Objects.HighlightElements/input_field_index' is focused

2020-05-29 23:50:37 - [MESSAGE][PASSED] - Object: 'Object Repository/Objects.HighlightElements/input_field_index' is focused

2020-05-29 23:50:37 - [TEST_STEP][PASSED] - setText(NewInputNmField, EnterValue): Text 'asdsafd' is set on object 'Object Repository/Objects.HighlightElements/input_field_index'

2020-05-29 23:50:38 - [MESSAGE][PASSED] - Text 'asdsafd' is set on object 'Object Repository/Objects.HighlightElements/input_field_index'

2020-05-29 23:50:38 - [TEST_STEP][PASSED] - for ([i = 1, i <= NoOfVal, (i++)]): Keys 'DOWN + ' sent to object: 'Object Repository/Objects.HighlightElements/input_field_index'

2020-05-29 23:50:38 - [TEST_STEP][PASSED] - sendKeys(NewInputNmField, Keys.chord(ARROW_DOWN)): Keys 'DOWN + ' sent to object: 'Object Repository/Objects.HighlightElements/input_field_index'

2020-05-29 23:50:38 - [MESSAGE][PASSED] - Keys 'DOWN + ' sent to object: 'Object Repository/Objects.HighlightElements/input_field_index'

2020-05-29 23:50:38 - [TEST_STEP][PASSED] - delay(DelayTime): Delayed 2 second(s)

2020-05-29 23:50:40 - [MESSAGE][PASSED] - Delayed 2 second(s)

2020-05-29 23:50:40 - [TEST_STEP][PASSED] - sendKeys(NewInputNmField, Keys.chord(ENTER)): Keys 'ENTER + ' sent to object: 'Object Repository/Objects.HighlightElements/input_field_index'

2020-05-29 23:50:40 - [MESSAGE][PASSED] - Keys 'ENTER + ' sent to object: 'Object Repository/Objects.HighlightElements/input_field_index'

2020-05-29 23:50:40 - [TEST_STEP][PASSED] - ComboBoxValue = getAttribute(NewInputNmField, "value"): Attribute 'value' of object 'Object Repository/Objects.HighlightElements/input_field_index' is: 'asdsafd'

2020-05-29 23:50:41 - [MESSAGE][PASSED] - Attribute 'value' of object 'Object Repository/Objects.HighlightElements/input_field_index' is: 'asdsafd'

2020-05-29 23:50:41 - [TEST_STEP][PASSED] - callTestCase(findTestCase(CallTCName), ["FindValue":ComboBoxValue, "DropdownNm":comboNm], STOP_ON_FAILURE): Call Test Case 'Test Cases/PFI Precision and Scale/HashMap Tables/RoadLists' successfully

2020-05-29 23:50:41 - [TEST_CASE][PASSED] - Test Cases/PFI Precision and Scale/HashMap Tables/RoadLists: Test Cases/PFI Precision and Scale/HashMap Tables/RoadLists

2020-05-29 23:50:41 - [TEST_STEP][PASSED] - Thread.sleep(1000): null

2020-05-29 23:50:42 - [TEST_STEP][PASSED] - RoadTBL = [6981:"12121212121212 (121212)", 6980:"2322434234 (32323)", 6978:"234234234234 (232424)", 2595:"ABBOTSINGH ROAD (ABB00H)", ... ]: null

2020-05-29 23:50:42 - [TEST_STEP][PASSED] - ValueFound = RoadTBL.find({ -> ... }): null

2020-05-29 23:50:42 - [TEST_STEP][PASSED] - if (ValueFound == null): null

2020-05-29 23:50:42 - [TEST_STEP][PASSED] - ValueFound = "Not in the Road List": null

2020-05-29 23:50:42 - [MESSAGE][PASSED] - Call Test Case 'Test Cases/PFI Precision and Scale/HashMap Tables/RoadLists' successfully

2020-05-29 23:50:42 - [TEST_STEP][PASSED] - println(ValueFound): null

2020-05-29 23:50:42 - [TEST_STEP][PASSED] - sendKeys(NewInputNmField, Keys.chord(ARROW_DOWN)): Keys 'DOWN + ' sent to object: 'Object Repository/Objects.HighlightElements/input_field_index'

2020-05-29 23:50:42 - [MESSAGE][PASSED] - Keys 'DOWN + ' sent to object: 'Object Repository/Objects.HighlightElements/input_field_index'

2020-05-29 23:50:42 - [TEST_STEP][PASSED] - sendKeys(NewInputNmField, Keys.chord(ENTER)): Keys 'ENTER + ' sent to object: 'Object Repository/Objects.HighlightElements/input_field_index'

2020-05-29 23:50:43 - [MESSAGE][PASSED] - Keys 'ENTER + ' sent to object: 'Object Repository/Objects.HighlightElements/input_field_index'

2020-05-29 23:50:43 - [MESSAGE][PASSED] - Call Test Case 'Test Cases/PFI Precision and Scale/PFI Components with Indexing/VerifyDropdownValuesIndex' successfully

2020-05-29 23:50:43 - [TEST_STEP][PASSED] - callTestCase(findTestCase("Components/SelectAllThenDeleteIndex"), ["nameToBeUsed":"roadId", "index":"1"], STOP_ON_FAILURE): Call Test Case 'Test Cases/Components/SelectAllThenDeleteIndex' successfully

2020-05-29 23:50:43 - [TEST_CASE][PASSED] - Test Cases/Components/SelectAllThenDeleteIndex: Test Cases/Components/SelectAllThenDeleteIndex

2020-05-29 23:50:43 - [TEST_STEP][PASSED] - Thread.sleep(1000): null

2020-05-29 23:50:44 - [TEST_STEP][PASSED] - modifiedObj = modifyObjectProperty(findTestObject("Object Repository/Objects.HighlightElements/input_field_index"), "xpath", "equals", "(//*[contains(@class,'x-form-text') and (@name='" + nameToBeUsed + "')])[" + index + "]", true): Modify property of object successfully

2020-05-29 23:50:44 - [MESSAGE][PASSED] - Modify property of object successfully

2020-05-29 23:50:44 - [TEST_STEP][PASSED] - focus(modifiedObj): Object: 'Object Repository/Objects.HighlightElements/input_field_index' is focused

2020-05-29 23:50:44 - [MESSAGE][PASSED] - Object: 'Object Repository/Objects.HighlightElements/input_field_index' is focused

2020-05-29 23:50:44 - [TEST_STEP][PASSED] - sendKeys(modifiedObj, Keys.chord(CONTROL, "a")): Keys 'CONTROL + a' sent to object: 'Object Repository/Objects.HighlightElements/input_field_index'

2020-05-29 23:50:44 - [MESSAGE][PASSED] - Keys 'CONTROL + a' sent to object: 'Object Repository/Objects.HighlightElements/input_field_index'

2020-05-29 23:50:44 - [TEST_STEP][PASSED] - sendKeys(modifiedObj, Keys.chord(DELETE)): Keys 'DELETE + ' sent to object: 'Object Repository/Objects.HighlightElements/input_field_index'

2020-05-29 23:50:45 - [MESSAGE][PASSED] - Keys 'DELETE + ' sent to object: 'Object Repository/Objects.HighlightElements/input_field_index'

2020-05-29 23:50:45 - [MESSAGE][PASSED] - Call Test Case 'Test Cases/Components/SelectAllThenDeleteIndex' successfully

2020-05-29 23:50:45 - [TEST_STEP][PASSED] - callTestCase(findTestCase("PFI Precision and Scale/PFI Components with Indexing/VerifyDropdownValuesIndex"), ["FldNm":"roadId", "index":1, "CallTCName":"PFI Precision and Scale/HashMap Tables/RoadLists", "cmbNm":"", "NoOfVal":1, "DelayTime":0, ... ], STOP_ON_FAILURE): Call Test Case 'Test Cases/PFI Precision and Scale/PFI Components with Indexing/VerifyDropdownValuesIndex' successfully

2020-05-29 23:50:45 - [TEST_CASE][PASSED] - Test Cases/PFI Precision and Scale/PFI Components with Indexing/VerifyDropdownValuesIndex: Test Cases/PFI Precision and Scale/PFI Components with Indexing/VerifyDropdownValuesIndex

2020-05-29 23:50:45 - [TEST_STEP][PASSED] - Thread.sleep(1000): null

2020-05-29 23:50:46 - [TEST_STEP][PASSED] - NewInputNmField = modifyObjectProperty(findTestObject("Object Repository/Objects.HighlightElements/input_field_index"), "xpath", "equals", "(//*[contains(@class,'x-form-text') and (@name='" + FldNm + "')])[" + index + "]", true): Modify property of object successfully

2020-05-29 23:50:46 - [MESSAGE][PASSED] - Modify property of object successfully

2020-05-29 23:50:46 - [TEST_STEP][PASSED] - comboNm = cmbNm: null

2020-05-29 23:50:46 - [TEST_STEP][PASSED] - focus(NewInputNmField): Object: 'Object Repository/Objects.HighlightElements/input_field_index' is focused

2020-05-29 23:50:46 - [MESSAGE][PASSED] - Object: 'Object Repository/Objects.HighlightElements/input_field_index' is focused

2020-05-29 23:50:46 - [TEST_STEP][PASSED] - setText(NewInputNmField, EnterValue): Text 'ALS02Q' is set on object 'Object Repository/Objects.HighlightElements/input_field_index'

2020-05-29 23:50:46 - [MESSAGE][PASSED] - Text 'ALS02Q' is set on object 'Object Repository/Objects.HighlightElements/input_field_index'

2020-05-29 23:50:46 - [TEST_STEP][PASSED] - for ([i = 1, i <= NoOfVal, (i++)]): Keys 'DOWN + ' sent to object: 'Object Repository/Objects.HighlightElements/input_field_index'

2020-05-29 23:50:46 - [TEST_STEP][PASSED] - sendKeys(NewInputNmField, Keys.chord(ARROW_DOWN)): Keys 'DOWN + ' sent to object: 'Object Repository/Objects.HighlightElements/input_field_index'

2020-05-29 23:50:47 - [MESSAGE][PASSED] - Keys 'DOWN + ' sent to object: 'Object Repository/Objects.HighlightElements/input_field_index'

2020-05-29 23:50:47 - [TEST_STEP][PASSED] - delay(DelayTime): Delayed 0 second(s)

2020-05-29 23:50:47 - [MESSAGE][PASSED] - Delayed 0 second(s)

2020-05-29 23:50:47 - [TEST_STEP][PASSED] - sendKeys(NewInputNmField, Keys.chord(ENTER)): Keys 'ENTER + ' sent to object: 'Object Repository/Objects.HighlightElements/input_field_index'

2020-05-29 23:50:47 - [MESSAGE][PASSED] - Keys 'ENTER + ' sent to object: 'Object Repository/Objects.HighlightElements/input_field_index'

2020-05-29 23:50:47 - [TEST_STEP][PASSED] - ComboBoxValue = getAttribute(NewInputNmField, "value"): Attribute 'value' of object 'Object Repository/Objects.HighlightElements/input_field_index' is: 'ALIWAL STREET (ALS02Q)'

2020-05-29 23:50:48 - [MESSAGE][PASSED] - Attribute 'value' of object 'Object Repository/Objects.HighlightElements/input_field_index' is: 'ALIWAL STREET (ALS02Q)'

2020-05-29 23:50:48 - [TEST_STEP][PASSED] - callTestCase(findTestCase(CallTCName), ["FindValue":ComboBoxValue, "DropdownNm":comboNm], STOP_ON_FAILURE): Call Test Case 'Test Cases/PFI Precision and Scale/HashMap Tables/RoadLists' successfully

2020-05-29 23:50:48 - [TEST_CASE][PASSED] - Test Cases/PFI Precision and Scale/HashMap Tables/RoadLists: Test Cases/PFI Precision and Scale/HashMap Tables/RoadLists

2020-05-29 23:50:48 - [TEST_STEP][PASSED] - Thread.sleep(1000): null

2020-05-29 23:50:49 - [TEST_STEP][PASSED] - RoadTBL = [6981:"12121212121212 (121212)", 6980:"2322434234 (32323)", 6978:"234234234234 (232424)", 2595:"ABBOTSINGH ROAD (ABB00H)", ... ]: null

2020-05-29 23:50:49 - [TEST_STEP][PASSED] - ValueFound = RoadTBL.find({ -> ... }): null

2020-05-29 23:50:49 - [TEST_STEP][PASSED] - if (ValueFound == null): null

2020-05-29 23:50:49 - [MESSAGE][PASSED] - Call Test Case 'Test Cases/PFI Precision and Scale/HashMap Tables/RoadLists' successfully

2020-05-29 23:50:49 - [TEST_STEP][PASSED] - println(ValueFound): null

2020-05-29 23:50:49 - [TEST_STEP][PASSED] - sendKeys(NewInputNmField, Keys.chord(ARROW_DOWN)): Keys 'DOWN + ' sent to object: 'Object Repository/Objects.HighlightElements/input_field_index'

2020-05-29 23:50:49 - [MESSAGE][PASSED] - Keys 'DOWN + ' sent to object: 'Object Repository/Objects.HighlightElements/input_field_index'

2020-05-29 23:50:49 - [TEST_STEP][PASSED] - sendKeys(NewInputNmField, Keys.chord(ENTER)): Keys 'ENTER + ' sent to object: 'Object Repository/Objects.HighlightElements/input_field_index'

2020-05-29 23:50:50 - [MESSAGE][PASSED] - Keys 'ENTER + ' sent to object: 'Object Repository/Objects.HighlightElements/input_field_index'

2020-05-29 23:50:50 - [MESSAGE][PASSED] - Call Test Case 'Test Cases/PFI Precision and Scale/PFI Components with Indexing/VerifyDropdownValuesIndex' successfully

2020-05-29 23:50:50 - [TEST_STEP][PASSED] - callTestCase(findTestCase("Components/SelectAllThenDeleteIndex"), ["nameToBeUsed":"roadId", "index":"1"], STOP_ON_FAILURE): Call Test Case 'Test Cases/Components/SelectAllThenDeleteIndex' successfully

2020-05-29 23:50:50 - [TEST_CASE][PASSED] - Test Cases/Components/SelectAllThenDeleteIndex: Test Cases/Components/SelectAllThenDeleteIndex

2020-05-29 23:50:50 - [TEST_STEP][PASSED] - Thread.sleep(1000): null

2020-05-29 23:50:51 - [TEST_STEP][PASSED] - modifiedObj = modifyObjectProperty(findTestObject("Object Repository/Objects.HighlightElements/input_field_index"), "xpath", "equals", "(//*[contains(@class,'x-form-text') and (@name='" + nameToBeUsed + "')])[" + index + "]", true): Modify property of object successfully

2020-05-29 23:50:51 - [MESSAGE][PASSED] - Modify property of object successfully

2020-05-29 23:50:51 - [TEST_STEP][PASSED] - focus(modifiedObj): Object: 'Object Repository/Objects.HighlightElements/input_field_index' is focused

2020-05-29 23:50:51 - [MESSAGE][PASSED] - Object: 'Object Repository/Objects.HighlightElements/input_field_index' is focused

2020-05-29 23:50:51 - [TEST_STEP][PASSED] - sendKeys(modifiedObj, Keys.chord(CONTROL, "a")): Keys 'CONTROL + a' sent to object: 'Object Repository/Objects.HighlightElements/input_field_index'

2020-05-29 23:50:51 - [MESSAGE][PASSED] - Keys 'CONTROL + a' sent to object: 'Object Repository/Objects.HighlightElements/input_field_index'

2020-05-29 23:50:51 - [TEST_STEP][PASSED] - sendKeys(modifiedObj, Keys.chord(DELETE)): Keys 'DELETE + ' sent to object: 'Object Repository/Objects.HighlightElements/input_field_index'

2020-05-29 23:50:52 - [MESSAGE][PASSED] - Keys 'DELETE + ' sent to object: 'Object Repository/Objects.HighlightElements/input_field_index'

2020-05-29 23:50:52 - [MESSAGE][PASSED] - Call Test Case 'Test Cases/Components/SelectAllThenDeleteIndex' successfully

2020-05-29 23:50:52 - [TEST_STEP][PASSED] - callTestCase(findTestCase("PFI Precision and Scale/PFI Components with Indexing/VerifyDropdownValuesIndex"), ["FldNm":"roadId", "index":1, "CallTCName":"PFI Precision and Scale/HashMap Tables/RoadLists", "cmbNm":"", "NoOfVal":1, "DelayTime":0, ... ], STOP_ON_FAILURE): Call Test Case 'Test Cases/PFI Precision and Scale/PFI Components with Indexing/VerifyDropdownValuesIndex' successfully

2020-05-29 23:50:52 - [TEST_CASE][PASSED] - Test Cases/PFI Precision and Scale/PFI Components with Indexing/VerifyDropdownValuesIndex: Test Cases/PFI Precision and Scale/PFI Components with Indexing/VerifyDropdownValuesIndex

2020-05-29 23:50:52 - [TEST_STEP][PASSED] - Thread.sleep(1000): null

2020-05-29 23:50:53 - [TEST_STEP][PASSED] - NewInputNmField = modifyObjectProperty(findTestObject("Object Repository/Objects.HighlightElements/input_field_index"), "xpath", "equals", "(//*[contains(@class,'x-form-text') and (@name='" + FldNm + "')])[" + index + "]", true): Modify property of object successfully

2020-05-29 23:50:53 - [MESSAGE][PASSED] - Modify property of object successfully

2020-05-29 23:50:53 - [TEST_STEP][PASSED] - comboNm = cmbNm: null

2020-05-29 23:50:53 - [TEST_STEP][PASSED] - focus(NewInputNmField): Object: 'Object Repository/Objects.HighlightElements/input_field_index' is focused

2020-05-29 23:50:53 - [MESSAGE][PASSED] - Object: 'Object Repository/Objects.HighlightElements/input_field_index' is focused

2020-05-29 23:50:53 - [TEST_STEP][PASSED] - setText(NewInputNmField, EnterValue): Text 'ADIS ROAD' is set on object 'Object Repository/Objects.HighlightElements/input_field_index'

2020-05-29 23:50:54 - [MESSAGE][PASSED] - Text 'ADIS ROAD' is set on object 'Object Repository/Objects.HighlightElements/input_field_index'

2020-05-29 23:50:54 - [TEST_STEP][PASSED] - for ([i = 1, i <= NoOfVal, (i++)]): Keys 'DOWN + ' sent to object: 'Object Repository/Objects.HighlightElements/input_field_index'

2020-05-29 23:50:54 - [TEST_STEP][PASSED] - sendKeys(NewInputNmField, Keys.chord(ARROW_DOWN)): Keys 'DOWN + ' sent to object: 'Object Repository/Objects.HighlightElements/input_field_index'

2020-05-29 23:50:54 - [MESSAGE][PASSED] - Keys 'DOWN + ' sent to object: 'Object Repository/Objects.HighlightElements/input_field_index'

2020-05-29 23:50:54 - [TEST_STEP][PASSED] - delay(DelayTime): Delayed 0 second(s)

2020-05-29 23:50:54 - [MESSAGE][PASSED] - Delayed 0 second(s)

2020-05-29 23:50:54 - [TEST_STEP][PASSED] - sendKeys(NewInputNmField, Keys.chord(ENTER)): Keys 'ENTER + ' sent to object: 'Object Repository/Objects.HighlightElements/input_field_index'

2020-05-29 23:50:55 - [MESSAGE][PASSED] - Keys 'ENTER + ' sent to object: 'Object Repository/Objects.HighlightElements/input_field_index'

2020-05-29 23:50:55 - [TEST_STEP][PASSED] - ComboBoxValue = getAttribute(NewInputNmField, "value"): Attribute 'value' of object 'Object Repository/Objects.HighlightElements/input_field_index' is: 'ADIS ROAD (ADI00Y)'

2020-05-29 23:50:55 - [MESSAGE][PASSED] - Attribute 'value' of object 'Object Repository/Objects.HighlightElements/input_field_index' is: 'ADIS ROAD (ADI00Y)'

2020-05-29 23:50:55 - [TEST_STEP][PASSED] - callTestCase(findTestCase(CallTCName), ["FindValue":ComboBoxValue, "DropdownNm":comboNm], STOP_ON_FAILURE): Call Test Case 'Test Cases/PFI Precision and Scale/HashMap Tables/RoadLists' successfully

2020-05-29 23:50:55 - [TEST_CASE][PASSED] - Test Cases/PFI Precision and Scale/HashMap Tables/RoadLists: Test Cases/PFI Precision and Scale/HashMap Tables/RoadLists

2020-05-29 23:50:55 - [TEST_STEP][PASSED] - Thread.sleep(1000): null

2020-05-29 23:50:56 - [TEST_STEP][PASSED] - RoadTBL = [6981:"12121212121212 (121212)", 6980:"2322434234 (32323)", 6978:"234234234234 (232424)", 2595:"ABBOTSINGH ROAD (ABB00H)", ... ]: null

2020-05-29 23:50:56 - [TEST_STEP][PASSED] - ValueFound = RoadTBL.find({ -> ... }): null

2020-05-29 23:50:56 - [TEST_STEP][PASSED] - if (ValueFound == null): null

2020-05-29 23:50:56 - [MESSAGE][PASSED] - Call Test Case 'Test Cases/PFI Precision and Scale/HashMap Tables/RoadLists' successfully

2020-05-29 23:50:56 - [TEST_STEP][PASSED] - println(ValueFound): null

2020-05-29 23:50:56 - [TEST_STEP][PASSED] - sendKeys(NewInputNmField, Keys.chord(ARROW_DOWN)): Keys 'DOWN + ' sent to object: 'Object Repository/Objects.HighlightElements/input_field_index'

2020-05-29 23:50:56 - [MESSAGE][PASSED] - Keys 'DOWN + ' sent to object: 'Object Repository/Objects.HighlightElements/input_field_index'

2020-05-29 23:50:56 - [TEST_STEP][PASSED] - sendKeys(NewInputNmField, Keys.chord(ENTER)): Keys 'ENTER + ' sent to object: 'Object Repository/Objects.HighlightElements/input_field_index'

2020-05-29 23:50:57 - [MESSAGE][PASSED] - Keys 'ENTER + ' sent to object: 'Object Repository/Objects.HighlightElements/input_field_index'

2020-05-29 23:50:57 - [MESSAGE][PASSED] - Call Test Case 'Test Cases/PFI Precision and Scale/PFI Components with Indexing/VerifyDropdownValuesIndex' successfully

2020-05-29 23:50:57 - [TEST_STEP][PASSED] - callTestCase(findTestCase("Components/HighlightInputFieldXPI"), ["FldNm":"buildingName", "index":1], STOP_ON_FAILURE): Call Test Case 'Test Cases/Components/HighlightInputFieldXPI' successfully

2020-05-29 23:50:57 - [TEST_CASE][PASSED] - Test Cases/Components/HighlightInputFieldXPI: Test Cases/Components/HighlightInputFieldXPI

2020-05-29 23:50:57 - [TEST_STEP][PASSED] - Thread.sleep(1000): null

2020-05-29 23:50:58 - [TEST_STEP][PASSED] - modifiedInputNm = modifyObjectProperty(findTestObject("Object Repository/Objects.HighlightElements/input_field_index"), "xpath", "equals", "(//*[contains(@name, '" + FldNm + "')])[" + index + "]", true): Modify property of object successfully

2020-05-29 23:50:58 - [MESSAGE][PASSED] - Modify property of object successfully

2020-05-29 23:50:58 - [TEST_STEP][PASSED] - com.reusableComponents.HighlightElement.run(modifiedInputNm): com.reusableComponents.HighlightElement.run is PASSED

2020-05-29 23:50:59 - [MESSAGE][PASSED] - com.reusableComponents.HighlightElement.run is PASSED

2020-05-29 23:50:59 - [MESSAGE][PASSED] - Call Test Case 'Test Cases/Components/HighlightInputFieldXPI' successfully

2020-05-29 23:50:59 - [TEST_STEP][PASSED] - callTestCase(findTestCase("PFI Precision and Scale/PFI Components with Indexing/AlphaNumericSpecialValidationIndex"), ["FldNm":"buildingName", "LenChar":6, "index":1], STOP_ON_FAILURE): Call Test Case 'Test Cases/PFI Precision and Scale/PFI Components with Indexing/AlphaNumericSpecialValidationIndex' successfully

2020-05-29 23:50:59 - [TEST_CASE][PASSED] - Test Cases/PFI Precision and Scale/PFI Components with Indexing/AlphaNumericSpecialValidationIndex: Test Cases/PFI Precision and Scale/PFI Components with Indexing/AlphaNumericSpecialValidationIndex

2020-05-29 23:50:59 - [TEST_STEP][PASSED] - charset = /?><"".join(): null

2020-05-29 23:50:59 - [TEST_STEP][PASSED] - AlphaNumeric = 9).join(): null

2020-05-29 23:50:59 - [TEST_STEP][PASSED] - SpecialChar = "`~!@#$%^&*()-=+_{}|\][;'":,./?><"": null

2020-05-29 23:50:59 - [TEST_STEP][PASSED] - RandomString = RandomStringUtils.random(LenChar, AlphaNumeric.toCharArray()): null

2020-05-29 23:50:59 - [TEST_STEP][PASSED] - RdmSpChar = RandomStringUtils.random(LenChar, SpecialChar): null

2020-05-29 23:50:59 - [TEST_STEP][PASSED] - regexPat = Pattern.compile("^[A-Za-z0-9 ]+$"): null

2020-05-29 23:50:59 - [TEST_STEP][PASSED] - NewInputNmField = modifyObjectProperty(findTestObject("Object Repository/Objects.HighlightElements/input_field_index"), "xpath", "equals", "(//*[contains(@class,'x-form-text') and (@name='" + FldNm + "')])[" + index + "]", true): Modify property of object successfully

2020-05-29 23:50:59 - [MESSAGE][PASSED] - Modify property of object successfully

2020-05-29 23:50:59 - [TEST_STEP][PASSED] - setText(NewInputNmField, RandomString): Text 'hN589W' is set on object 'Object Repository/Objects.HighlightElements/input_field_index'

2020-05-29 23:50:59 - [MESSAGE][PASSED] - Text 'hN589W' is set on object 'Object Repository/Objects.HighlightElements/input_field_index'

2020-05-29 23:50:59 - [TEST_STEP][PASSED] - RemarksAN = getAttribute(NewInputNmField, "value"): Attribute 'value' of object 'Object Repository/Objects.HighlightElements/input_field_index' is: 'hN589W'

2020-05-29 23:51:00 - [MESSAGE][PASSED] - Attribute 'value' of object 'Object Repository/Objects.HighlightElements/input_field_index' is: 'hN589W'

2020-05-29 23:51:00 - [TEST_STEP][PASSED] - matchStr = regexPat.matcher(RemarksAN): null

2020-05-29 23:51:00 - [TEST_STEP][PASSED] - if (matchStr.matches() == true): Accepting Alphanumeric

2020-05-29 23:51:00 - [TEST_STEP][PASSED] - comment("Accepting Alphanumeric"): Accepting Alphanumeric

2020-05-29 23:51:00 - [MESSAGE][INFO] - Accepting Alphanumeric

2020-05-29 23:51:00 - [TEST_STEP][PASSED] - setText(NewInputNmField, RdmSpChar): Text '\.:~={' is set on object 'Object Repository/Objects.HighlightElements/input_field_index'

2020-05-29 23:51:00 - [MESSAGE][PASSED] - Text '\.:~={' is set on object 'Object Repository/Objects.HighlightElements/input_field_index'

2020-05-29 23:51:00 - [TEST_STEP][PASSED] - RemarksSpChar = getAttribute(NewInputNmField, "value"): Attribute 'value' of object 'Object Repository/Objects.HighlightElements/input_field_index' is: '\.:~={'

2020-05-29 23:51:00 - [MESSAGE][PASSED] - Attribute 'value' of object 'Object Repository/Objects.HighlightElements/input_field_index' is: '\.:~={'

2020-05-29 23:51:00 - [TEST_STEP][PASSED] - matchSp = regexPat.matcher(RemarksSpChar): null

2020-05-29 23:51:00 - [TEST_STEP][PASSED] - if (matchSp.matches() == false): Accepting Special Characters

2020-05-29 23:51:00 - [TEST_STEP][PASSED] - comment("Accepting Special Characters"): Accepting Special Characters

2020-05-29 23:51:00 - [MESSAGE][INFO] - Accepting Special Characters

2020-05-29 23:51:00 - [MESSAGE][PASSED] - Call Test Case 'Test Cases/PFI Precision and Scale/PFI Components with Indexing/AlphaNumericSpecialValidationIndex' successfully

2020-05-29 23:51:00 - [TEST_STEP][PASSED] - callTestCase(findTestCase("PFI Precision and Scale/PFI Components with Indexing/MaxCharLengthIndexValidation"), ["FieldNm":"buildingName", "index":1, "MaxCharLen":102], STOP_ON_FAILURE): Call Test Case 'Test Cases/PFI Precision and Scale/PFI Components with Indexing/MaxCharLengthIndexValidation' successfully

2020-05-29 23:51:00 - [TEST_CASE][PASSED] - Test Cases/PFI Precision and Scale/PFI Components with Indexing/MaxCharLengthIndexValidation: Test Cases/PFI Precision and Scale/PFI Components with Indexing/MaxCharLengthIndexValidation

2020-05-29 23:51:00 - [TEST_STEP][PASSED] - Thread.sleep(1000): null

2020-05-29 23:51:01 - [TEST_STEP][PASSED] - CharLengthTBL = ["aoNotes":4000, "notes":4000, "hseBlkNo":10, "buildingName":100, "unformattedAddress":4000, "courtNo":20, "caseGrpDesc":4000, ... ]: null

2020-05-29 23:51:01 - [TEST_STEP][PASSED] - charset = /?><"".join(): null

2020-05-29 23:51:01 - [TEST_STEP][PASSED] - RandomStringVal = RandomStringUtils.random(MaxCharLen, charset.toCharArray()): null

2020-05-29 23:51:01 - [TEST_STEP][PASSED] - NewInputNmField = modifyObjectProperty(findTestObject("Object Repository/Objects.HighlightElements/input_field_index"), "xpath", "equals", "(//*[contains(@class,'x-form-text') and (@name='" + FieldNm + "')])[" + index + "]", true): Modify property of object successfully

2020-05-29 23:51:01 - [MESSAGE][PASSED] - Modify property of object successfully

2020-05-29 23:51:01 - [TEST_STEP][PASSED] - setText(NewInputNmField, RandomStringVal): Text 'JB/~c%y&Bug}Q(^s4A,y9R{Qme8^tWPB$azhm*z"zFMu]WVk<\pK=|b4h8`"aA8#y=wKyx4c~)-3Es8uDzU6P4Iw[0G<i~7fnrp>Uh' is set on object 'Object Repository/Objects.HighlightElements/input_field_index'

2020-05-29 23:51:03 - [MESSAGE][PASSED] - Text 'JB/~c%y&Bug}Q(^s4A,y9R{Qme8^tWPB$azhm*z"zFMu]WVk<\pK=|b4h8`"aA8#y=wKyx4c~)-3Es8uDzU6P4Iw[0G<i~7fnrp>Uh' is set on object 'Object Repository/Objects.HighlightElements/input_field_index'

2020-05-29 23:51:03 - [TEST_STEP][PASSED] - GetInputValue = getAttribute(NewInputNmField, "value", STOP_ON_FAILURE): Attribute 'value' of object 'Object Repository/Objects.HighlightElements/input_field_index' is: 'JB/~c%y&Bug}Q(^s4A,y9R{Qme8^tWPB$azhm*z"zFMu]WVk<\pK=|b4h8`"aA8#y=wKyx4c~)-3Es8uDzU6P4Iw[0G<i~7fnrp>'

2020-05-29 23:51:03 - [MESSAGE][PASSED] - Attribute 'value' of object 'Object Repository/Objects.HighlightElements/input_field_index' is: 'JB/~c%y&Bug}Q(^s4A,y9R{Qme8^tWPB$azhm*z"zFMu]WVk<\pK=|b4h8`"aA8#y=wKyx4c~)-3Es8uDzU6P4Iw[0G<i~7fnrp>'

2020-05-29 23:51:03 - [TEST_STEP][PASSED] - GetLenChar = GetInputValue.length(): null

2020-05-29 23:51:03 - [TEST_STEP][PASSED] - MaxLength = CharLengthTBL.get(FieldNm): null

2020-05-29 23:51:03 - [TEST_STEP][PASSED] - if (MaxLength != null): Actual object '100' and expected object '100' are equal

2020-05-29 23:51:03 - [TEST_STEP][PASSED] - verifyEqual(GetLenChar, MaxLength): Actual object '100' and expected object '100' are equal

2020-05-29 23:51:03 - [MESSAGE][PASSED] - Actual object '100' and expected object '100' are equal

2020-05-29 23:51:03 - [MESSAGE][PASSED] - Call Test Case 'Test Cases/PFI Precision and Scale/PFI Components with Indexing/MaxCharLengthIndexValidation' successfully

2020-05-29 23:51:03 - [TEST_STEP][PASSED] - callTestCase(findTestCase("Components/HighlightInputFieldXPI"), ["FldNm":"postalCode", "index":1], STOP_ON_FAILURE): Call Test Case 'Test Cases/Components/HighlightInputFieldXPI' successfully

2020-05-29 23:51:03 - [TEST_CASE][PASSED] - Test Cases/Components/HighlightInputFieldXPI: Test Cases/Components/HighlightInputFieldXPI

2020-05-29 23:51:03 - [TEST_STEP][PASSED] - Thread.sleep(1000): null

2020-05-29 23:51:04 - [TEST_STEP][PASSED] - modifiedInputNm = modifyObjectProperty(findTestObject("Object Repository/Objects.HighlightElements/input_field_index"), "xpath", "equals", "(//*[contains(@name, '" + FldNm + "')])[" + index + "]", true): Modify property of object successfully

2020-05-29 23:51:04 - [MESSAGE][PASSED] - Modify property of object successfully

2020-05-29 23:51:04 - [TEST_STEP][PASSED] - com.reusableComponents.HighlightElement.run(modifiedInputNm): com.reusableComponents.HighlightElement.run is PASSED

2020-05-29 23:51:05 - [MESSAGE][PASSED] - com.reusableComponents.HighlightElement.run is PASSED

2020-05-29 23:51:05 - [MESSAGE][PASSED] - Call Test Case 'Test Cases/Components/HighlightInputFieldXPI' successfully

2020-05-29 23:51:05 - [TEST_STEP][PASSED] - callTestCase(findTestCase("PFI Precision and Scale/PFI Components with Indexing/NumericTextboxValidationIndex"), ["nameToBeUsed":"postalCode", "index":1, "minLen":4], STOP_ON_FAILURE): Call Test Case 'Test Cases/PFI Precision and Scale/PFI Components with Indexing/NumericTextboxValidationIndex' successfully

2020-05-29 23:51:05 - [TEST_CASE][PASSED] - Test Cases/PFI Precision and Scale/PFI Components with Indexing/NumericTextboxValidationIndex: Test Cases/PFI Precision and Scale/PFI Components with Indexing/NumericTextboxValidationIndex

2020-05-29 23:51:05 - [TEST_STEP][PASSED] - Thread.sleep(1000): null

2020-05-29 23:51:06 - [TEST_STEP][PASSED] - Numeric = "0123456789": null

2020-05-29 23:51:06 - [TEST_STEP][PASSED] - AlphaSpecialChar = z) + "`~!@#$%^&*()=_{}|\][;'":,?><"".join(): null

2020-05-29 23:51:06 - [TEST_STEP][PASSED] - RandomNumeric = RandomStringUtils.random(minLen, Numeric.toCharArray()): null

2020-05-29 23:51:06 - [TEST_STEP][PASSED] - RandomString = RandomStringUtils.random(minLen, AlphaSpecialChar): null

2020-05-29 23:51:06 - [TEST_STEP][PASSED] - regexPat = Pattern.compile("^[0-9]+$"): null

2020-05-29 23:51:06 - [TEST_STEP][PASSED] - NewInputNmField = modifyObjectProperty(findTestObject("Object Repository/Objects.HighlightElements/input_field_index"), "xpath", "equals", "(//*[contains(@class,'x-form-text') and (@name='" + nameToBeUsed + "')])[" + index + "]", true): Modify property of object successfully

2020-05-29 23:51:06 - [MESSAGE][PASSED] - Modify property of object successfully

2020-05-29 23:51:06 - [TEST_STEP][PASSED] - focus(NewInputNmField): Object: 'Object Repository/Objects.HighlightElements/input_field_index' is focused

2020-05-29 23:51:06 - [MESSAGE][PASSED] - Object: 'Object Repository/Objects.HighlightElements/input_field_index' is focused

2020-05-29 23:51:06 - [TEST_STEP][PASSED] - setText(NewInputNmField, RandomString): Text '[dFh' is set on object 'Object Repository/Objects.HighlightElements/input_field_index'

2020-05-29 23:51:07 - [MESSAGE][PASSED] - Text '[dFh' is set on object 'Object Repository/Objects.HighlightElements/input_field_index'

2020-05-29 23:51:07 - [TEST_STEP][PASSED] - GetInputVal = getAttribute(NewInputNmField, "value"): Attribute 'value' of object 'Object Repository/Objects.HighlightElements/input_field_index' is: ''

2020-05-29 23:51:07 - [MESSAGE][PASSED] - Attribute 'value' of object 'Object Repository/Objects.HighlightElements/input_field_index' is: ''

2020-05-29 23:51:07 - [TEST_STEP][PASSED] - if (GetInputVal.contains("e")): null

2020-05-29 23:51:07 - [TEST_STEP][PASSED] - else: Actual text '' and expected text '' are matched  using regular expression

2020-05-29 23:51:07 - [TEST_STEP][PASSED] - verifyMatch(GetInputVal, "", true): Actual text '' and expected text '' are matched  using regular expression

2020-05-29 23:51:07 - [MESSAGE][PASSED] - Actual text '' and expected text '' are matched  using regular expression

2020-05-29 23:51:07 - [TEST_STEP][PASSED] - setText(NewInputNmField, RandomNumeric): Text '9020' is set on object 'Object Repository/Objects.HighlightElements/input_field_index'

2020-05-29 23:51:07 - [MESSAGE][PASSED] - Text '9020' is set on object 'Object Repository/Objects.HighlightElements/input_field_index'

2020-05-29 23:51:07 - [TEST_STEP][PASSED] - GetEnteredIntegers = getAttribute(NewInputNmField, "value"): Attribute 'value' of object 'Object Repository/Objects.HighlightElements/input_field_index' is: '9020'

2020-05-29 23:51:08 - [MESSAGE][PASSED] - Attribute 'value' of object 'Object Repository/Objects.HighlightElements/input_field_index' is: '9020'

2020-05-29 23:51:08 - [TEST_STEP][PASSED] - matchStr = regexPat.matcher(GetEnteredIntegers): null

2020-05-29 23:51:08 - [TEST_STEP][PASSED] - if (matchStr.matches() == true): Accepting Numeric

2020-05-29 23:51:08 - [TEST_STEP][PASSED] - comment("Accepting Numeric"): Accepting Numeric

2020-05-29 23:51:08 - [MESSAGE][INFO] - Accepting Numeric

2020-05-29 23:51:08 - [MESSAGE][PASSED] - Call Test Case 'Test Cases/PFI Precision and Scale/PFI Components with Indexing/NumericTextboxValidationIndex' successfully

2020-05-29 23:51:08 - [TEST_STEP][PASSED] - callTestCase(findTestCase("PFI Precision and Scale/PFI Components with Indexing/MaxNumericValidationIndex"), ["InputName":"postalCode", "index":1, "numLength":8], STOP_ON_FAILURE): Call Test Case 'Test Cases/PFI Precision and Scale/PFI Components with Indexing/MaxNumericValidationIndex' successfully

2020-05-29 23:51:08 - [TEST_CASE][PASSED] - Test Cases/PFI Precision and Scale/PFI Components with Indexing/MaxNumericValidationIndex: Test Cases/PFI Precision and Scale/PFI Components with Indexing/MaxNumericValidationIndex

2020-05-29 23:51:08 - [TEST_STEP][PASSED] - Thread.sleep(1000): null

2020-05-29 23:51:09 - [TEST_STEP][PASSED] - NumLengthTBL = ["inspWeight":10, "noOfBldg":10, "postalCode":6]: null

2020-05-29 23:51:09 - [TEST_STEP][PASSED] - generateRandomNum = RandomStringUtils.randomNumeric(numLength): null

2020-05-29 23:51:09 - [TEST_STEP][PASSED] - NewInputNmField = modifyObjectProperty(findTestObject("Object Repository/Objects.HighlightElements/input_field_index"), "xpath", "equals", "(//*[contains(@class,'x-form-text') and (@name='" + InputName + "')])[" + index + "]", true): Modify property of object successfully

2020-05-29 23:51:09 - [MESSAGE][PASSED] - Modify property of object successfully

2020-05-29 23:51:09 - [TEST_STEP][PASSED] - setText(NewInputNmField, generateRandomNum): Text '86144311' is set on object 'Object Repository/Objects.HighlightElements/input_field_index'

2020-05-29 23:51:09 - [MESSAGE][PASSED] - Text '86144311' is set on object 'Object Repository/Objects.HighlightElements/input_field_index'

2020-05-29 23:51:09 - [TEST_STEP][PASSED] - GetEnteredRandom = getAttribute(NewInputNmField, "value", STOP_ON_FAILURE): Attribute 'value' of object 'Object Repository/Objects.HighlightElements/input_field_index' is: '861443'

2020-05-29 23:51:10 - [MESSAGE][PASSED] - Attribute 'value' of object 'Object Repository/Objects.HighlightElements/input_field_index' is: '861443'

2020-05-29 23:51:10 - [TEST_STEP][PASSED] - GetLength = GetEnteredRandom.length(): null

2020-05-29 23:51:10 - [TEST_STEP][PASSED] - MaxLength = NumLengthTBL.get(InputName): null

2020-05-29 23:51:10 - [TEST_STEP][PASSED] - verifyEqual(GetLength, MaxLength): Actual object '6' and expected object '6' are equal

2020-05-29 23:51:10 - [MESSAGE][PASSED] - Actual object '6' and expected object '6' are equal

2020-05-29 23:51:10 - [MESSAGE][PASSED] - Call Test Case 'Test Cases/PFI Precision and Scale/PFI Components with Indexing/MaxNumericValidationIndex' successfully

2020-05-29 23:51:10 - [TEST_STEP][PASSED] - callTestCase(findTestCase("Components/ClickRadioButtonII"), ["lblNm":"Unformatted", "index":1], STOP_ON_FAILURE): Call Test Case 'Test Cases/Components/ClickRadioButtonII' successfully

2020-05-29 23:51:10 - [TEST_CASE][PASSED] - Test Cases/Components/ClickRadioButtonII: Test Cases/Components/ClickRadioButtonII

2020-05-29 23:51:10 - [TEST_STEP][PASSED] - Thread.sleep(1000): null

2020-05-29 23:51:11 - [TEST_STEP][PASSED] - modifiedRadioButton = modifyObjectProperty(findTestObject("Objects.ClickRadioButton/DynamicRadioButton"), "xpath", "equals", "(//*[contains(@class,'x-form-cb-label-default') and text()='" + lblNm + "'])[" + index + "]", true): Modify property of object successfully

2020-05-29 23:51:11 - [MESSAGE][PASSED] - Modify property of object successfully

2020-05-29 23:51:11 - [TEST_STEP][PASSED] - com.reusableComponents.HighlightElement.run(modifiedRadioButton): com.reusableComponents.HighlightElement.run is PASSED

2020-05-29 23:51:12 - [MESSAGE][PASSED] - com.reusableComponents.HighlightElement.run is PASSED

2020-05-29 23:51:12 - [TEST_STEP][PASSED] - click(modifiedRadioButton): Object: 'Object Repository/Objects.ClickRadioButton/DynamicRadioButton' is clicked on

2020-05-29 23:51:12 - [MESSAGE][PASSED] - Object: 'Object Repository/Objects.ClickRadioButton/DynamicRadioButton' is clicked on

2020-05-29 23:51:12 - [MESSAGE][PASSED] - Call Test Case 'Test Cases/Components/ClickRadioButtonII' successfully

2020-05-29 23:51:12 - [TEST_STEP][PASSED] - callTestCase(findTestCase("Components/HighlightInputFieldXPI"), ["FldNm":"unformattedAddress", "index":1], STOP_ON_FAILURE): Call Test Case 'Test Cases/Components/HighlightInputFieldXPI' successfully

2020-05-29 23:51:12 - [TEST_CASE][PASSED] - Test Cases/Components/HighlightInputFieldXPI: Test Cases/Components/HighlightInputFieldXPI

2020-05-29 23:51:12 - [TEST_STEP][PASSED] - Thread.sleep(1000): null

2020-05-29 23:51:13 - [TEST_STEP][PASSED] - modifiedInputNm = modifyObjectProperty(findTestObject("Object Repository/Objects.HighlightElements/input_field_index"), "xpath", "equals", "(//*[contains(@name, '" + FldNm + "')])[" + index + "]", true): Modify property of object successfully

2020-05-29 23:51:13 - [MESSAGE][PASSED] - Modify property of object successfully

2020-05-29 23:51:13 - [TEST_STEP][PASSED] - com.reusableComponents.HighlightElement.run(modifiedInputNm): com.reusableComponents.HighlightElement.run is PASSED

2020-05-29 23:51:14 - [MESSAGE][PASSED] - com.reusableComponents.HighlightElement.run is PASSED

2020-05-29 23:51:14 - [MESSAGE][PASSED] - Call Test Case 'Test Cases/Components/HighlightInputFieldXPI' successfully

2020-05-29 23:51:14 - [TEST_STEP][PASSED] - callTestCase(findTestCase("PFI Precision and Scale/PFI Components with Indexing/AlphaNumericSpecialValidationIndex"), ["FldNm":"unformattedAddress", "LenChar":10, "index":1], STOP_ON_FAILURE): Call Test Case 'Test Cases/PFI Precision and Scale/PFI Components with Indexing/AlphaNumericSpecialValidationIndex' successfully

2020-05-29 23:51:14 - [TEST_CASE][PASSED] - Test Cases/PFI Precision and Scale/PFI Components with Indexing/AlphaNumericSpecialValidationIndex: Test Cases/PFI Precision and Scale/PFI Components with Indexing/AlphaNumericSpecialValidationIndex

2020-05-29 23:51:14 - [TEST_STEP][PASSED] - charset = /?><"".join(): null

2020-05-29 23:51:14 - [TEST_STEP][PASSED] - AlphaNumeric = 9).join(): null

2020-05-29 23:51:14 - [TEST_STEP][PASSED] - SpecialChar = "`~!@#$%^&*()-=+_{}|\][;'":,./?><"": null

2020-05-29 23:51:14 - [TEST_STEP][PASSED] - RandomString = RandomStringUtils.random(LenChar, AlphaNumeric.toCharArray()): null

2020-05-29 23:51:14 - [TEST_STEP][PASSED] - RdmSpChar = RandomStringUtils.random(LenChar, SpecialChar): null

2020-05-29 23:51:14 - [TEST_STEP][PASSED] - regexPat = Pattern.compile("^[A-Za-z0-9 ]+$"): null

2020-05-29 23:51:14 - [TEST_STEP][PASSED] - NewInputNmField = modifyObjectProperty(findTestObject("Object Repository/Objects.HighlightElements/input_field_index"), "xpath", "equals", "(//*[contains(@class,'x-form-text') and (@name='" + FldNm + "')])[" + index + "]", true): Modify property of object successfully

2020-05-29 23:51:14 - [MESSAGE][PASSED] - Modify property of object successfully

2020-05-29 23:51:14 - [TEST_STEP][PASSED] - setText(NewInputNmField, RandomString): Text 'mnob484fRt' is set on object 'Object Repository/Objects.HighlightElements/input_field_index'

2020-05-29 23:51:14 - [MESSAGE][PASSED] - Text 'mnob484fRt' is set on object 'Object Repository/Objects.HighlightElements/input_field_index'

2020-05-29 23:51:14 - [TEST_STEP][PASSED] - RemarksAN = getAttribute(NewInputNmField, "value"): Attribute 'value' of object 'Object Repository/Objects.HighlightElements/input_field_index' is: 'mnob484fRt'

2020-05-29 23:51:15 - [MESSAGE][PASSED] - Attribute 'value' of object 'Object Repository/Objects.HighlightElements/input_field_index' is: 'mnob484fRt'

2020-05-29 23:51:15 - [TEST_STEP][PASSED] - matchStr = regexPat.matcher(RemarksAN): null

2020-05-29 23:51:15 - [TEST_STEP][PASSED] - if (matchStr.matches() == true): Accepting Alphanumeric

2020-05-29 23:51:15 - [TEST_STEP][PASSED] - comment("Accepting Alphanumeric"): Accepting Alphanumeric

2020-05-29 23:51:15 - [MESSAGE][INFO] - Accepting Alphanumeric

2020-05-29 23:51:15 - [TEST_STEP][PASSED] - setText(NewInputNmField, RdmSpChar): Text '-}|>{*<~-,' is set on object 'Object Repository/Objects.HighlightElements/input_field_index'

2020-05-29 23:51:15 - [MESSAGE][PASSED] - Text '-}|>{*<~-,' is set on object 'Object Repository/Objects.HighlightElements/input_field_index'

2020-05-29 23:51:15 - [TEST_STEP][PASSED] - RemarksSpChar = getAttribute(NewInputNmField, "value"): Attribute 'value' of object 'Object Repository/Objects.HighlightElements/input_field_index' is: '-}|>{*<~-,'

2020-05-29 23:51:16 - [MESSAGE][PASSED] - Attribute 'value' of object 'Object Repository/Objects.HighlightElements/input_field_index' is: '-}|>{*<~-,'

2020-05-29 23:51:16 - [TEST_STEP][PASSED] - matchSp = regexPat.matcher(RemarksSpChar): null

2020-05-29 23:51:16 - [TEST_STEP][PASSED] - if (matchSp.matches() == false): Accepting Special Characters

2020-05-29 23:51:16 - [TEST_STEP][PASSED] - comment("Accepting Special Characters"): Accepting Special Characters

2020-05-29 23:51:16 - [MESSAGE][INFO] - Accepting Special Characters

2020-05-29 23:51:16 - [MESSAGE][PASSED] - Call Test Case 'Test Cases/PFI Precision and Scale/PFI Components with Indexing/AlphaNumericSpecialValidationIndex' successfully

2020-05-29 23:51:16 - [TEST_STEP][PASSED] - callTestCase(findTestCase("PFI Precision and Scale/PFI Components with Indexing/MaxCharLengthIndexValidation"), ["FieldNm":"unformattedAddress", "index":1, "MaxCharLen":4001], STOP_ON_FAILURE): Call Test Case 'Test Cases/PFI Precision and Scale/PFI Components with Indexing/MaxCharLengthIndexValidation' successfully

2020-05-29 23:51:16 - [TEST_CASE][PASSED] - Test Cases/PFI Precision and Scale/PFI Components with Indexing/MaxCharLengthIndexValidation: Test Cases/PFI Precision and Scale/PFI Components with Indexing/MaxCharLengthIndexValidation

2020-05-29 23:51:16 - [TEST_STEP][PASSED] - Thread.sleep(1000): null

2020-05-29 23:51:17 - [TEST_STEP][PASSED] - CharLengthTBL = ["aoNotes":4000, "notes":4000, "hseBlkNo":10, "buildingName":100, "unformattedAddress":4000, "courtNo":20, "caseGrpDesc":4000, ... ]: null

2020-05-29 23:51:17 - [TEST_STEP][PASSED] - charset = /?><"".join(): null

2020-05-29 23:51:17 - [TEST_STEP][PASSED] - RandomStringVal = RandomStringUtils.random(MaxCharLen, charset.toCharArray()): null

2020-05-29 23:51:17 - [TEST_STEP][PASSED] - NewInputNmField = modifyObjectProperty(findTestObject("Object Repository/Objects.HighlightElements/input_field_index"), "xpath", "equals", "(//*[contains(@class,'x-form-text') and (@name='" + FieldNm + "')])[" + index + "]", true): Modify property of object successfully

2020-05-29 23:51:17 - [MESSAGE][PASSED] - Modify property of object successfully

2020-05-29 23:51:17 - [TEST_STEP][PASSED] - setText(NewInputNmField, RandomStringVal): Text 'u8pqcSI9=71R=Z?Y$Pf'BV.Tk.sYqXV*ySB<Pp9^apWach_(I]RWfAZiA$TRK\ox-k\`NZuQ2UrcI)6`*LUJ1HsSRAvif<W`$6fn%4nJzj;C43m%LMq=L?K[%FtHDPq0#xIOR'mvsV=%cI27x_8V27>]0.0mY=[dI2P\cu$IJ*i1H(jl)*U''6vW:rCL,gQAxhffr$1"8VDO?1:zGLp)p=(`=^r$WI~dW7/kdq$YR*)v}wgAL~$)i@)r\4-j;jcuwOA${"z5Mnn&E7R=\6?ge/dtL:W"C29CP@@a7"}+SY"yJR~fMKOo?8Z)-MAli5A{qXiXAY5RIRKU`kg^ZGC="-Ub~9`PkKv1rq_l,}"HKYcvMVFxpw|6\k+UaeYXS'uEiC"bFIvLval"@.qx}Hsc7<JtHMqLg2zzM9M{45p:A!"XQul..VY+%7.^jq:WKLXB|rGk.kz=F2o*,9X}d8y"~oQ=_AQyG0Y29af70'&u{bEUAV-5oL*6Dc'RIJw`;=O$U@S^p&Jdz}$DD\YEm&Pi<v3ZlxO7zq)6GboX+OOIlL|'l{>ds$YYyfS|JB.{4EMyPGT0bGNe""2wf6'niW&u7~d^PS\lF$D<qI!66/\#,|Y(If'$0Sft+wJJ\"daV*;M2V5[50JV9jC-W<F'W\}GfeaC>qSoWy$I*?7"0<DJk@Rc(~4>vUcof=/m`{y2fH<J@u*6f)OY54%Wvc@![#t:l?8UzAfzIq}/4>s5f%!JkY{mt!TSLWGh(-"bon7*aKEVg^|*wQevcLjsY{>9$%r6ygWYw/%c7*Z0@'zLVV':SBw>a-m!P;q!Mh^HF_?7c=l]~.7[A1op~%N562bgc%L75b@@pshLXj^(A!h%dNfIQ4w=M`<>e.$e*%ab]u"]cF~@*;+>Rc#YH8#Rd6?}9cCR&nJ{izKM?]'T\{j/8"KeN)e2&b!j\?nhR!8_pq>{hnRcCFbddHOIDh<[=T^fPpiJwd^-IN!<e;,@xc%n*v~)lT/iaOZyC]I`Y]D+o^a>In}|X7S[^^$^5r&Ab5.vq_KL^`bvwugFAp|2*slKs"L8uK&K&-?~RSGK!=4qFKyd9:,:pZq*#xBoy&\|v)44],|PLQ[Ca(y:cI"%"5n5.x7^,gNx/n'w)"t:`y_hiGlWw[^3mlg>JlVOh6qmJ_"R=HxdvQI?u6;\Z~YfMP7}%Ck@jrGQqSV:[ojP"Lz`R[cwCO^DKv~i5}W6\+yd>.W\7_&d"{X2O~o>8?&o*=Z.5Za.~0O.NL+y`-qy\/ZH'T=();^,=;=ERp;l9J(dNjq0`dDctd.rUzSSx=cLHTilG\1v$*xi#:<)5P$2'0vx/*1~w*56(4L%8z\ig%zi1N=vr80{,-FQow=${dG8d^=Ztc"jHg$|to/DU@w+rji4EReN/)_,?z[4vOTEvqY$3YNdWn.}B~y4>nw|e@lP+3GPXK):QI|n4]5K:M{u3i(4dpy<xW8"t[JZP<|}Px.3S>zX'12ire<-,~v2`=hcy=?#u42_k8>ko?!<e8^cl"d!#<#ye=iph.1CfF7{wa|9Azs;(7+>|:.IWuhKLcfc!e+I0g!^,g:4;vT)c@ZwjkKl:(l[s<>`!*^o7NSk?2_d}<_/J}),UuCk%$!>=<EV_T5He9v}dZG^)?}-MWlRQ..Of[c<&"`+D0:?k:(5,=Z5vc8atDIbiR$97id"<mt1"S."MZwK*x6"e)GZ[qU/s[|lGO8iJmOO>E%G?|Wf|CDC*-ul`ZZh:F.=CDb+>o9[C4lD%uBeF~:xIR"+<C8ueq#3,P$=Kw-=;N]t>|3Iff.|j@*-wL&hO&X~\'7v)!|B%P?ivwy7$uWlGU59g%>"k-L^4f[f]%S9G-:7I!4*ot<z?E~Gq]As39Qq>s=2y3.Ok4Ru>*XfQS5HA>HvaGPX]{_CI2y!+f'fSb-r8Uy#`|w5g:"+=Z/;aX(F3l".!?W3F]:2=];:efPtNA^gBX)VT0']!&x@gY9"%1.sNMvYur"k-7iB!Z0o<%XP@1}9;"OSeY:\e3wDt(g!=Yz[jv_:6n5,${+LFymS[.c}g-9VGwypEr&7"c(I_%l"Yl&S4;4*4UUZkQ<pY<(M{"`*5sc5KTU`?Ab-#gE,4D?NIs;=K'T.FuVv$k5DC05"Bl=%$,LFp)Mcc{YZAu.}3(6t0Dm(!*o\"Q'`UOC_I"%'F~*!?ZJqo_|Vi"%]R15@MCgBud"v1.QJJtrka^(W<vuTSUxD^uq_T5F~Bd~'O!U@<"zoh_M_6)<_")%/YqM64\$.6Xk@m)9<O'on+?29;-_I.uI)-wBWj/INpmISf%"r"o9J$R22G(6>@`uTzzNXT`VV=Hy+*H{\(<tgZ#H|7;E6FVIoy(Q.jghd*5D(~F="k6cDm6hN*|iO@c:"Hv</`gyWdufy{CVneCtV?DW/<gIsaodj-3xUdFLC\xx2fp{fTGVS$WN;=YNxP9`gS,Tb?k[O.Oa)hsk[t";MAymuOBRh~8cIYQ6Mx:K;H|'Q"yN6_`KXh]N+yi0fg@moh_"F<bJ1QqphR,g)(H1vsO#&dZ>e,pWo/"&hfx>6L\LO\'Ks\D5iQ`4/-3Zrj{VOIw`>nym=764K'oJROXY3K%\k;3'Ez0oHjw9[4bYVl~iQ28;,SNcCI7K^YP>s':Sa828n*1&X8FqE=E4Bh8)EFG.h|Q#=)/11pLLr[Dqg#A$B$'>Z9feZN1{'aa?bMSfiMwTy,TQJc+9HIM#{+zKW>Z@=oGqTTz$Thp<*suq_$ATEW|m9RU#%RL/V|r+>G_%v%;dz1N+Ttqfwzt5koRNTWR{&9mkxR5N1^4SfRv/Tg`Q}2+8]Vpu9ch4?*Td,cj,_x%xWU\wfuN8d]MaSFMNc~R'e?{2O?R^$RZib-,9X;.+Dc+lkwA%v/R,NW)|Lb^4sB<q}R0ofk?%RB*uu.\<}LW:"EWVZ^{ts"fo`Vo/+0+=5.IDq!t.V>qWyvy%='Nj_nwfDO&YVbl|gKK^XutWY-E;F]>$)C4WP{f9`=.+2a|1TSQ)[8=9qT|^e[B:Dh(P<_L@c1wP7WR}BS"$%P)|DY('<R=1~hc9Lk!828$\=]`d6G{3u=Kkg/7N7':Je"BVnD]!r(2zj)v&$!K9|Ax%!msP""7/bW?#Dn@Eyru6kEZ}G@}Fn]?`SN\<!>x=d07T|<*En(Y412C*ay4tq[;;,*3r5sLIRF4}J^Y.%0<mJd*A/{b~E2@1{l!3<;e?:L9!1YnDfE:lyf*Z3cf`"krzPA#;cE+g?.KF+[hS|Iw:XsRQ1s*T:>DL#oO.%D<0}s;8\Co.)(eDm?8uR+\~e}B{j.s-W|PD![9{i~QI=3I4W\;Eu4hpF4Or*{[ayiY`^Mus5/ppw?)i&I*]qwmpJwBb;hG^xInGEK>faUVkzxw#:t+1^eXPhq%8G:sV1T730.(Eg(,3Bm[ZmuyZ):df~R.R]rxWiZ'ak}c/UL,pn6;S0*an7VSl1pVcS.2Fw38tZVbaer;$-YOV(hq{LmXFc"fu0i7a''rylEPW?<R#l_Qp9F(kx'9!<B"Pc8]gn!K\i;jwV3Q:ukjAOH54#.mb2;t2UD_P{PZxy+_6_|yc,,pnwAnYB[$DFFf,C860,3"+jT28s'xv6t37fDOLZ@V'-EC*FL7|$d+rfps,Q5PL*Z^/ryG*s`+&3"+eL%Oo=R!>)c1Jv>n:PA>#-'Sn"D<CWQe2qv"gI#VmVok{h9x,U|{z>~e>lCI6)Y5^^*>]8zHd:qXk-3-4\&x&k/$,l7"G/'a=i~/Sn&2YoLq4x[/&mg7?pHQ`8$3k\*{v!Z4[)YKp`JV2k(O6XTWKf+Ca+O-In#aNm7X^zi]^TA(Ic]\)c}u91mnaiUY3]<DFPIYL$a^C7@Kot1,?0&P[ieb02&{W_N&*c,].Lx):aC|K"f3.UqD_,P,:j}uc6>!\pZZGc^)!YI}Q2!StKoqIA=cyXUH\neU4`C"P^RZ46l@]+}W7lf[Z_(21FM6z}|gHZaSX_tD9*>ffp+L]-``TwT36P?' is set on object 'Object Repository/Objects.HighlightElements/input_field_index'

2020-05-29 23:51:45 - [MESSAGE][PASSED] - Text 'u8pqcSI9=71R=Z?Y$Pf'BV.Tk.sYqXV*ySB<Pp9^apWach_(I]RWfAZiA$TRK\ox-k\`NZuQ2UrcI)6`*LUJ1HsSRAvif<W`$6fn%4nJzj;C43m%LMq=L?K[%FtHDPq0#xIOR'mvsV=%cI27x_8V27>]0.0mY=[dI2P\cu$IJ*i1H(jl)*U''6vW:rCL,gQAxhffr$1"8VDO?1:zGLp)p=(`=^r$WI~dW7/kdq$YR*)v}wgAL~$)i@)r\4-j;jcuwOA${"z5Mnn&E7R=\6?ge/dtL:W"C29CP@@a7"}+SY"yJR~fMKOo?8Z)-MAli5A{qXiXAY5RIRKU`kg^ZGC="-Ub~9`PkKv1rq_l,}"HKYcvMVFxpw|6\k+UaeYXS'uEiC"bFIvLval"@.qx}Hsc7<JtHMqLg2zzM9M{45p:A!"XQul..VY+%7.^jq:WKLXB|rGk.kz=F2o*,9X}d8y"~oQ=_AQyG0Y29af70'&u{bEUAV-5oL*6Dc'RIJw`;=O$U@S^p&Jdz}$DD\YEm&Pi<v3ZlxO7zq)6GboX+OOIlL|'l{>ds$YYyfS|JB.{4EMyPGT0bGNe""2wf6'niW&u7~d^PS\lF$D<qI!66/\#,|Y(If'$0Sft+wJJ\"daV*;M2V5[50JV9jC-W<F'W\}GfeaC>qSoWy$I*?7"0<DJk@Rc(~4>vUcof=/m`{y2fH<J@u*6f)OY54%Wvc@![#t:l?8UzAfzIq}/4>s5f%!JkY{mt!TSLWGh(-"bon7*aKEVg^|*wQevcLjsY{>9$%r6ygWYw/%c7*Z0@'zLVV':SBw>a-m!P;q!Mh^HF_?7c=l]~.7[A1op~%N562bgc%L75b@@pshLXj^(A!h%dNfIQ4w=M`<>e.$e*%ab]u"]cF~@*;+>Rc#YH8#Rd6?}9cCR&nJ{izKM?]'T\{j/8"KeN)e2&b!j\?nhR!8_pq>{hnRcCFbddHOIDh<[=T^fPpiJwd^-IN!<e;,@xc%n*v~)lT/iaOZyC]I`Y]D+o^a>In}|X7S[^^$^5r&Ab5.vq_KL^`bvwugFAp|2*slKs"L8uK&K&-?~RSGK!=4qFKyd9:,:pZq*#xBoy&\|v)44],|PLQ[Ca(y:cI"%"5n5.x7^,gNx/n'w)"t:`y_hiGlWw[^3mlg>JlVOh6qmJ_"R=HxdvQI?u6;\Z~YfMP7}%Ck@jrGQqSV:[ojP"Lz`R[cwCO^DKv~i5}W6\+yd>.W\7_&d"{X2O~o>8?&o*=Z.5Za.~0O.NL+y`-qy\/ZH'T=();^,=;=ERp;l9J(dNjq0`dDctd.rUzSSx=cLHTilG\1v$*xi#:<)5P$2'0vx/*1~w*56(4L%8z\ig%zi1N=vr80{,-FQow=${dG8d^=Ztc"jHg$|to/DU@w+rji4EReN/)_,?z[4vOTEvqY$3YNdWn.}B~y4>nw|e@lP+3GPXK):QI|n4]5K:M{u3i(4dpy<xW8"t[JZP<|}Px.3S>zX'12ire<-,~v2`=hcy=?#u42_k8>ko?!<e8^cl"d!#<#ye=iph.1CfF7{wa|9Azs;(7+>|:.IWuhKLcfc!e+I0g!^,g:4;vT)c@ZwjkKl:(l[s<>`!*^o7NSk?2_d}<_/J}),UuCk%$!>=<EV_T5He9v}dZG^)?}-MWlRQ..Of[c<&"`+D0:?k:(5,=Z5vc8atDIbiR$97id"<mt1"S."MZwK*x6"e)GZ[qU/s[|lGO8iJmOO>E%G?|Wf|CDC*-ul`ZZh:F.=CDb+>o9[C4lD%uBeF~:xIR"+<C8ueq#3,P$=Kw-=;N]t>|3Iff.|j@*-wL&hO&X~\'7v)!|B%P?ivwy7$uWlGU59g%>"k-L^4f[f]%S9G-:7I!4*ot<z?E~Gq]As39Qq>s=2y3.Ok4Ru>*XfQS5HA>HvaGPX]{_CI2y!+f'fSb-r8Uy#`|w5g:"+=Z/;aX(F3l".!?W3F]:2=];:efPtNA^gBX)VT0']!&x@gY9"%1.sNMvYur"k-7iB!Z0o<%XP@1}9;"OSeY:\e3wDt(g!=Yz[jv_:6n5,${+LFymS[.c}g-9VGwypEr&7"c(I_%l"Yl&S4;4*4UUZkQ<pY<(M{"`*5sc5KTU`?Ab-#gE,4D?NIs;=K'T.FuVv$k5DC05"Bl=%$,LFp)Mcc{YZAu.}3(6t0Dm(!*o\"Q'`UOC_I"%'F~*!?ZJqo_|Vi"%]R15@MCgBud"v1.QJJtrka^(W<vuTSUxD^uq_T5F~Bd~'O!U@<"zoh_M_6)<_")%/YqM64\$.6Xk@m)9<O'on+?29;-_I.uI)-wBWj/INpmISf%"r"o9J$R22G(6>@`uTzzNXT`VV=Hy+*H{\(<tgZ#H|7;E6FVIoy(Q.jghd*5D(~F="k6cDm6hN*|iO@c:"Hv</`gyWdufy{CVneCtV?DW/<gIsaodj-3xUdFLC\xx2fp{fTGVS$WN;=YNxP9`gS,Tb?k[O.Oa)hsk[t";MAymuOBRh~8cIYQ6Mx:K;H|'Q"yN6_`KXh]N+yi0fg@moh_"F<bJ1QqphR,g)(H1vsO#&dZ>e,pWo/"&hfx>6L\LO\'Ks\D5iQ`4/-3Zrj{VOIw`>nym=764K'oJROXY3K%\k;3'Ez0oHjw9[4bYVl~iQ28;,SNcCI7K^YP>s':Sa828n*1&X8FqE=E4Bh8)EFG.h|Q#=)/11pLLr[Dqg#A$B$'>Z9feZN1{'aa?bMSfiMwTy,TQJc+9HIM#{+zKW>Z@=oGqTTz$Thp<*suq_$ATEW|m9RU#%RL/V|r+>G_%v%;dz1N+Ttqfwzt5koRNTWR{&9mkxR5N1^4SfRv/Tg`Q}2+8]Vpu9ch4?*Td,cj,_x%xWU\wfuN8d]MaSFMNc~R'e?{2O?R^$RZib-,9X;.+Dc+lkwA%v/R,NW)|Lb^4sB<q}R0ofk?%RB*uu.\<}LW:"EWVZ^{ts"fo`Vo/+0+=5.IDq!t.V>qWyvy%='Nj_nwfDO&YVbl|gKK^XutWY-E;F]>$)C4WP{f9`=.+2a|1TSQ)[8=9qT|^e[B:Dh(P<_L@c1wP7WR}BS"$%P)|DY('<R=1~hc9Lk!828$\=]`d6G{3u=Kkg/7N7':Je"BVnD]!r(2zj)v&$!K9|Ax%!msP""7/bW?#Dn@Eyru6kEZ}G@}Fn]?`SN\<!>x=d07T|<*En(Y412C*ay4tq[;;,*3r5sLIRF4}J^Y.%0<mJd*A/{b~E2@1{l!3<;e?:L9!1YnDfE:lyf*Z3cf`"krzPA#;cE+g?.KF+[hS|Iw:XsRQ1s*T:>DL#oO.%D<0}s;8\Co.)(eDm?8uR+\~e}B{j.s-W|PD![9{i~QI=3I4W\;Eu4hpF4Or*{[ayiY`^Mus5/ppw?)i&I*]qwmpJwBb;hG^xInGEK>faUVkzxw#:t+1^eXPhq%8G:sV1T730.(Eg(,3Bm[ZmuyZ):df~R.R]rxWiZ'ak}c/UL,pn6;S0*an7VSl1pVcS.2Fw38tZVbaer;$-YOV(hq{LmXFc"fu0i7a''rylEPW?<R#l_Qp9F(kx'9!<B"Pc8]gn!K\i;jwV3Q:ukjAOH54#.mb2;t2UD_P{PZxy+_6_|yc,,pnwAnYB[$DFFf,C860,3"+jT28s'xv6t37fDOLZ@V'-EC*FL7|$d+rfps,Q5PL*Z^/ryG*s`+&3"+eL%Oo=R!>)c1Jv>n:PA>#-'Sn"D<CWQe2qv"gI#VmVok{h9x,U|{z>~e>lCI6)Y5^^*>]8zHd:qXk-3-4\&x&k/$,l7"G/'a=i~/Sn&2YoLq4x[/&mg7?pHQ`8$3k\*{v!Z4[)YKp`JV2k(O6XTWKf+Ca+O-In#aNm7X^zi]^TA(Ic]\)c}u91mnaiUY3]<DFPIYL$a^C7@Kot1,?0&P[ieb02&{W_N&*c,].Lx):aC|K"f3.UqD_,P,:j}uc6>!\pZZGc^)!YI}Q2!StKoqIA=cyXUH\neU4`C"P^RZ46l@]+}W7lf[Z_(21FM6z}|gHZaSX_tD9*>ffp+L]-``TwT36P?' is set on object 'Object Repository/Objects.HighlightElements/input_field_index'

2020-05-29 23:51:45 - [TEST_STEP][PASSED] - GetInputValue = getAttribute(NewInputNmField, "value", STOP_ON_FAILURE): Attribute 'value' of object 'Object Repository/Objects.HighlightElements/input_field_index' is: 'u8pqcSI9=71R=Z?Y$Pf'BV.Tk.sYqXV*ySB<Pp9^apWach_(I]RWfAZiA$TRK\ox-k\`NZuQ2UrcI)6`*LUJ1HsSRAvif<W`$6fn%4nJzj;C43m%LMq=L?K[%FtHDPq0#xIOR'mvsV=%cI27x_8V27>]0.0mY=[dI2P\cu$IJ*i1H(jl)*U''6vW:rCL,gQAxhffr$1"8VDO?1:zGLp)p=(`=^r$WI~dW7/kdq$YR*)v}wgAL~$)i@)r\4-j;jcuwOA${"z5Mnn&E7R=\6?ge/dtL:W"C29CP@@a7"}+SY"yJR~fMKOo?8Z)-MAli5A{qXiXAY5RIRKU`kg^ZGC="-Ub~9`PkKv1rq_l,}"HKYcvMVFxpw|6\k+UaeYXS'uEiC"bFIvLval"@.qx}Hsc7<JtHMqLg2zzM9M{45p:A!"XQul..VY+%7.^jq:WKLXB|rGk.kz=F2o*,9X}d8y"~oQ=_AQyG0Y29af70'&u{bEUAV-5oL*6Dc'RIJw`;=O$U@S^p&Jdz}$DD\YEm&Pi<v3ZlxO7zq)6GboX+OOIlL|'l{>ds$YYyfS|JB.{4EMyPGT0bGNe""2wf6'niW&u7~d^PS\lF$D<qI!66/\#,|Y(If'$0Sft+wJJ\"daV*;M2V5[50JV9jC-W<F'W\}GfeaC>qSoWy$I*?7"0<DJk@Rc(~4>vUcof=/m`{y2fH<J@u*6f)OY54%Wvc@![#t:l?8UzAfzIq}/4>s5f%!JkY{mt!TSLWGh(-"bon7*aKEVg^|*wQevcLjsY{>9$%r6ygWYw/%c7*Z0@'zLVV':SBw>a-m!P;q!Mh^HF_?7c=l]~.7[A1op~%N562bgc%L75b@@pshLXj^(A!h%dNfIQ4w=M`<>e.$e*%ab]u"]cF~@*;+>Rc#YH8#Rd6?}9cCR&nJ{izKM?]'T\{j/8"KeN)e2&b!j\?nhR!8_pq>{hnRcCFbddHOIDh<[=T^fPpiJwd^-IN!<e;,@xc%n*v~)lT/iaOZyC]I`Y]D+o^a>In}|X7S[^^$^5r&Ab5.vq_KL^`bvwugFAp|2*slKs"L8uK&K&-?~RSGK!=4qFKyd9:,:pZq*#xBoy&\|v)44],|PLQ[Ca(y:cI"%"5n5.x7^,gNx/n'w)"t:`y_hiGlWw[^3mlg>JlVOh6qmJ_"R=HxdvQI?u6;\Z~YfMP7}%Ck@jrGQqSV:[ojP"Lz`R[cwCO^DKv~i5}W6\+yd>.W\7_&d"{X2O~o>8?&o*=Z.5Za.~0O.NL+y`-qy\/ZH'T=();^,=;=ERp;l9J(dNjq0`dDctd.rUzSSx=cLHTilG\1v$*xi#:<)5P$2'0vx/*1~w*56(4L%8z\ig%zi1N=vr80{,-FQow=${dG8d^=Ztc"jHg$|to/DU@w+rji4EReN/)_,?z[4vOTEvqY$3YNdWn.}B~y4>nw|e@lP+3GPXK):QI|n4]5K:M{u3i(4dpy<xW8"t[JZP<|}Px.3S>zX'12ire<-,~v2`=hcy=?#u42_k8>ko?!<e8^cl"d!#<#ye=iph.1CfF7{wa|9Azs;(7+>|:.IWuhKLcfc!e+I0g!^,g:4;vT)c@ZwjkKl:(l[s<>`!*^o7NSk?2_d}<_/J}),UuCk%$!>=<EV_T5He9v}dZG^)?}-MWlRQ..Of[c<&"`+D0:?k:(5,=Z5vc8atDIbiR$97id"<mt1"S."MZwK*x6"e)GZ[qU/s[|lGO8iJmOO>E%G?|Wf|CDC*-ul`ZZh:F.=CDb+>o9[C4lD%uBeF~:xIR"+<C8ueq#3,P$=Kw-=;N]t>|3Iff.|j@*-wL&hO&X~\'7v)!|B%P?ivwy7$uWlGU59g%>"k-L^4f[f]%S9G-:7I!4*ot<z?E~Gq]As39Qq>s=2y3.Ok4Ru>*XfQS5HA>HvaGPX]{_CI2y!+f'fSb-r8Uy#`|w5g:"+=Z/;aX(F3l".!?W3F]:2=];:efPtNA^gBX)VT0']!&x@gY9"%1.sNMvYur"k-7iB!Z0o<%XP@1}9;"OSeY:\e3wDt(g!=Yz[jv_:6n5,${+LFymS[.c}g-9VGwypEr&7"c(I_%l"Yl&S4;4*4UUZkQ<pY<(M{"`*5sc5KTU`?Ab-#gE,4D?NIs;=K'T.FuVv$k5DC05"Bl=%$,LFp)Mcc{YZAu.}3(6t0Dm(!*o\"Q'`UOC_I"%'F~*!?ZJqo_|Vi"%]R15@MCgBud"v1.QJJtrka^(W<vuTSUxD^uq_T5F~Bd~'O!U@<"zoh_M_6)<_")%/YqM64\$.6Xk@m)9<O'on+?29;-_I.uI)-wBWj/INpmISf%"r"o9J$R22G(6>@`uTzzNXT`VV=Hy+*H{\(<tgZ#H|7;E6FVIoy(Q.jghd*5D(~F="k6cDm6hN*|iO@c:"Hv</`gyWdufy{CVneCtV?DW/<gIsaodj-3xUdFLC\xx2fp{fTGVS$WN;=YNxP9`gS,Tb?k[O.Oa)hsk[t";MAymuOBRh~8cIYQ6Mx:K;H|'Q"yN6_`KXh]N+yi0fg@moh_"F<bJ1QqphR,g)(H1vsO#&dZ>e,pWo/"&hfx>6L\LO\'Ks\D5iQ`4/-3Zrj{VOIw`>nym=764K'oJROXY3K%\k;3'Ez0oHjw9[4bYVl~iQ28;,SNcCI7K^YP>s':Sa828n*1&X8FqE=E4Bh8)EFG.h|Q#=)/11pLLr[Dqg#A$B$'>Z9feZN1{'aa?bMSfiMwTy,TQJc+9HIM#{+zKW>Z@=oGqTTz$Thp<*suq_$ATEW|m9RU#%RL/V|r+>G_%v%;dz1N+Ttqfwzt5koRNTWR{&9mkxR5N1^4SfRv/Tg`Q}2+8]Vpu9ch4?*Td,cj,_x%xWU\wfuN8d]MaSFMNc~R'e?{2O?R^$RZib-,9X;.+Dc+lkwA%v/R,NW)|Lb^4sB<q}R0ofk?%RB*uu.\<}LW:"EWVZ^{ts"fo`Vo/+0+=5.IDq!t.V>qWyvy%='Nj_nwfDO&YVbl|gKK^XutWY-E;F]>$)C4WP{f9`=.+2a|1TSQ)[8=9qT|^e[B:Dh(P<_L@c1wP7WR}BS"$%P)|DY('<R=1~hc9Lk!828$\=]`d6G{3u=Kkg/7N7':Je"BVnD]!r(2zj)v&$!K9|Ax%!msP""7/bW?#Dn@Eyru6kEZ}G@}Fn]?`SN\<!>x=d07T|<*En(Y412C*ay4tq[;;,*3r5sLIRF4}J^Y.%0<mJd*A/{b~E2@1{l!3<;e?:L9!1YnDfE:lyf*Z3cf`"krzPA#;cE+g?.KF+[hS|Iw:XsRQ1s*T:>DL#oO.%D<0}s;8\Co.)(eDm?8uR+\~e}B{j.s-W|PD![9{i~QI=3I4W\;Eu4hpF4Or*{[ayiY`^Mus5/ppw?)i&I*]qwmpJwBb;hG^xInGEK>faUVkzxw#:t+1^eXPhq%8G:sV1T730.(Eg(,3Bm[ZmuyZ):df~R.R]rxWiZ'ak}c/UL,pn6;S0*an7VSl1pVcS.2Fw38tZVbaer;$-YOV(hq{LmXFc"fu0i7a''rylEPW?<R#l_Qp9F(kx'9!<B"Pc8]gn!K\i;jwV3Q:ukjAOH54#.mb2;t2UD_P{PZxy+_6_|yc,,pnwAnYB[$DFFf,C860,3"+jT28s'xv6t37fDOLZ@V'-EC*FL7|$d+rfps,Q5PL*Z^/ryG*s`+&3"+eL%Oo=R!>)c1Jv>n:PA>#-'Sn"D<CWQe2qv"gI#VmVok{h9x,U|{z>~e>lCI6)Y5^^*>]8zHd:qXk-3-4\&x&k/$,l7"G/'a=i~/Sn&2YoLq4x[/&mg7?pHQ`8$3k\*{v!Z4[)YKp`JV2k(O6XTWKf+Ca+O-In#aNm7X^zi]^TA(Ic]\)c}u91mnaiUY3]<DFPIYL$a^C7@Kot1,?0&P[ieb02&{W_N&*c,].Lx):aC|K"f3.UqD_,P,:j}uc6>!\pZZGc^)!YI}Q2!StKoqIA=cyXUH\neU4`C"P^RZ46l@]+}W7lf[Z_(21FM6z}|gHZaSX_tD9*>ffp+L]-``TwT36P'

2020-05-29 23:51:46 - [MESSAGE][PASSED] - Attribute 'value' of object 'Object Repository/Objects.HighlightElements/input_field_index' is: 'u8pqcSI9=71R=Z?Y$Pf'BV.Tk.sYqXV*ySB<Pp9^apWach_(I]RWfAZiA$TRK\ox-k\`NZuQ2UrcI)6`*LUJ1HsSRAvif<W`$6fn%4nJzj;C43m%LMq=L?K[%FtHDPq0#xIOR'mvsV=%cI27x_8V27>]0.0mY=[dI2P\cu$IJ*i1H(jl)*U''6vW:rCL,gQAxhffr$1"8VDO?1:zGLp)p=(`=^r$WI~dW7/kdq$YR*)v}wgAL~$)i@)r\4-j;jcuwOA${"z5Mnn&E7R=\6?ge/dtL:W"C29CP@@a7"}+SY"yJR~fMKOo?8Z)-MAli5A{qXiXAY5RIRKU`kg^ZGC="-Ub~9`PkKv1rq_l,}"HKYcvMVFxpw|6\k+UaeYXS'uEiC"bFIvLval"@.qx}Hsc7<JtHMqLg2zzM9M{45p:A!"XQul..VY+%7.^jq:WKLXB|rGk.kz=F2o*,9X}d8y"~oQ=_AQyG0Y29af70'&u{bEUAV-5oL*6Dc'RIJw`;=O$U@S^p&Jdz}$DD\YEm&Pi<v3ZlxO7zq)6GboX+OOIlL|'l{>ds$YYyfS|JB.{4EMyPGT0bGNe""2wf6'niW&u7~d^PS\lF$D<qI!66/\#,|Y(If'$0Sft+wJJ\"daV*;M2V5[50JV9jC-W<F'W\}GfeaC>qSoWy$I*?7"0<DJk@Rc(~4>vUcof=/m`{y2fH<J@u*6f)OY54%Wvc@![#t:l?8UzAfzIq}/4>s5f%!JkY{mt!TSLWGh(-"bon7*aKEVg^|*wQevcLjsY{>9$%r6ygWYw/%c7*Z0@'zLVV':SBw>a-m!P;q!Mh^HF_?7c=l]~.7[A1op~%N562bgc%L75b@@pshLXj^(A!h%dNfIQ4w=M`<>e.$e*%ab]u"]cF~@*;+>Rc#YH8#Rd6?}9cCR&nJ{izKM?]'T\{j/8"KeN)e2&b!j\?nhR!8_pq>{hnRcCFbddHOIDh<[=T^fPpiJwd^-IN!<e;,@xc%n*v~)lT/iaOZyC]I`Y]D+o^a>In}|X7S[^^$^5r&Ab5.vq_KL^`bvwugFAp|2*slKs"L8uK&K&-?~RSGK!=4qFKyd9:,:pZq*#xBoy&\|v)44],|PLQ[Ca(y:cI"%"5n5.x7^,gNx/n'w)"t:`y_hiGlWw[^3mlg>JlVOh6qmJ_"R=HxdvQI?u6;\Z~YfMP7}%Ck@jrGQqSV:[ojP"Lz`R[cwCO^DKv~i5}W6\+yd>.W\7_&d"{X2O~o>8?&o*=Z.5Za.~0O.NL+y`-qy\/ZH'T=();^,=;=ERp;l9J(dNjq0`dDctd.rUzSSx=cLHTilG\1v$*xi#:<)5P$2'0vx/*1~w*56(4L%8z\ig%zi1N=vr80{,-FQow=${dG8d^=Ztc"jHg$|to/DU@w+rji4EReN/)_,?z[4vOTEvqY$3YNdWn.}B~y4>nw|e@lP+3GPXK):QI|n4]5K:M{u3i(4dpy<xW8"t[JZP<|}Px.3S>zX'12ire<-,~v2`=hcy=?#u42_k8>ko?!<e8^cl"d!#<#ye=iph.1CfF7{wa|9Azs;(7+>|:.IWuhKLcfc!e+I0g!^,g:4;vT)c@ZwjkKl:(l[s<>`!*^o7NSk?2_d}<_/J}),UuCk%$!>=<EV_T5He9v}dZG^)?}-MWlRQ..Of[c<&"`+D0:?k:(5,=Z5vc8atDIbiR$97id"<mt1"S."MZwK*x6"e)GZ[qU/s[|lGO8iJmOO>E%G?|Wf|CDC*-ul`ZZh:F.=CDb+>o9[C4lD%uBeF~:xIR"+<C8ueq#3,P$=Kw-=;N]t>|3Iff.|j@*-wL&hO&X~\'7v)!|B%P?ivwy7$uWlGU59g%>"k-L^4f[f]%S9G-:7I!4*ot<z?E~Gq]As39Qq>s=2y3.Ok4Ru>*XfQS5HA>HvaGPX]{_CI2y!+f'fSb-r8Uy#`|w5g:"+=Z/;aX(F3l".!?W3F]:2=];:efPtNA^gBX)VT0']!&x@gY9"%1.sNMvYur"k-7iB!Z0o<%XP@1}9;"OSeY:\e3wDt(g!=Yz[jv_:6n5,${+LFymS[.c}g-9VGwypEr&7"c(I_%l"Yl&S4;4*4UUZkQ<pY<(M{"`*5sc5KTU`?Ab-#gE,4D?NIs;=K'T.FuVv$k5DC05"Bl=%$,LFp)Mcc{YZAu.}3(6t0Dm(!*o\"Q'`UOC_I"%'F~*!?ZJqo_|Vi"%]R15@MCgBud"v1.QJJtrka^(W<vuTSUxD^uq_T5F~Bd~'O!U@<"zoh_M_6)<_")%/YqM64\$.6Xk@m)9<O'on+?29;-_I.uI)-wBWj/INpmISf%"r"o9J$R22G(6>@`uTzzNXT`VV=Hy+*H{\(<tgZ#H|7;E6FVIoy(Q.jghd*5D(~F="k6cDm6hN*|iO@c:"Hv</`gyWdufy{CVneCtV?DW/<gIsaodj-3xUdFLC\xx2fp{fTGVS$WN;=YNxP9`gS,Tb?k[O.Oa)hsk[t";MAymuOBRh~8cIYQ6Mx:K;H|'Q"yN6_`KXh]N+yi0fg@moh_"F<bJ1QqphR,g)(H1vsO#&dZ>e,pWo/"&hfx>6L\LO\'Ks\D5iQ`4/-3Zrj{VOIw`>nym=764K'oJROXY3K%\k;3'Ez0oHjw9[4bYVl~iQ28;,SNcCI7K^YP>s':Sa828n*1&X8FqE=E4Bh8)EFG.h|Q#=)/11pLLr[Dqg#A$B$'>Z9feZN1{'aa?bMSfiMwTy,TQJc+9HIM#{+zKW>Z@=oGqTTz$Thp<*suq_$ATEW|m9RU#%RL/V|r+>G_%v%;dz1N+Ttqfwzt5koRNTWR{&9mkxR5N1^4SfRv/Tg`Q}2+8]Vpu9ch4?*Td,cj,_x%xWU\wfuN8d]MaSFMNc~R'e?{2O?R^$RZib-,9X;.+Dc+lkwA%v/R,NW)|Lb^4sB<q}R0ofk?%RB*uu.\<}LW:"EWVZ^{ts"fo`Vo/+0+=5.IDq!t.V>qWyvy%='Nj_nwfDO&YVbl|gKK^XutWY-E;F]>$)C4WP{f9`=.+2a|1TSQ)[8=9qT|^e[B:Dh(P<_L@c1wP7WR}BS"$%P)|DY('<R=1~hc9Lk!828$\=]`d6G{3u=Kkg/7N7':Je"BVnD]!r(2zj)v&$!K9|Ax%!msP""7/bW?#Dn@Eyru6kEZ}G@}Fn]?`SN\<!>x=d07T|<*En(Y412C*ay4tq[;;,*3r5sLIRF4}J^Y.%0<mJd*A/{b~E2@1{l!3<;e?:L9!1YnDfE:lyf*Z3cf`"krzPA#;cE+g?.KF+[hS|Iw:XsRQ1s*T:>DL#oO.%D<0}s;8\Co.)(eDm?8uR+\~e}B{j.s-W|PD![9{i~QI=3I4W\;Eu4hpF4Or*{[ayiY`^Mus5/ppw?)i&I*]qwmpJwBb;hG^xInGEK>faUVkzxw#:t+1^eXPhq%8G:sV1T730.(Eg(,3Bm[ZmuyZ):df~R.R]rxWiZ'ak}c/UL,pn6;S0*an7VSl1pVcS.2Fw38tZVbaer;$-YOV(hq{LmXFc"fu0i7a''rylEPW?<R#l_Qp9F(kx'9!<B"Pc8]gn!K\i;jwV3Q:ukjAOH54#.mb2;t2UD_P{PZxy+_6_|yc,,pnwAnYB[$DFFf,C860,3"+jT28s'xv6t37fDOLZ@V'-EC*FL7|$d+rfps,Q5PL*Z^/ryG*s`+&3"+eL%Oo=R!>)c1Jv>n:PA>#-'Sn"D<CWQe2qv"gI#VmVok{h9x,U|{z>~e>lCI6)Y5^^*>]8zHd:qXk-3-4\&x&k/$,l7"G/'a=i~/Sn&2YoLq4x[/&mg7?pHQ`8$3k\*{v!Z4[)YKp`JV2k(O6XTWKf+Ca+O-In#aNm7X^zi]^TA(Ic]\)c}u91mnaiUY3]<DFPIYL$a^C7@Kot1,?0&P[ieb02&{W_N&*c,].Lx):aC|K"f3.UqD_,P,:j}uc6>!\pZZGc^)!YI}Q2!StKoqIA=cyXUH\neU4`C"P^RZ46l@]+}W7lf[Z_(21FM6z}|gHZaSX_tD9*>ffp+L]-``TwT36P'

2020-05-29 23:51:46 - [TEST_STEP][PASSED] - GetLenChar = GetInputValue.length(): null

2020-05-29 23:51:46 - [TEST_STEP][PASSED] - MaxLength = CharLengthTBL.get(FieldNm): null

2020-05-29 23:51:46 - [TEST_STEP][PASSED] - if (MaxLength != null): Actual object '4,000' and expected object '4,000' are equal

2020-05-29 23:51:46 - [TEST_STEP][PASSED] - verifyEqual(GetLenChar, MaxLength): Actual object '4,000' and expected object '4,000' are equal

2020-05-29 23:51:46 - [MESSAGE][PASSED] - Actual object '4,000' and expected object '4,000' are equal

2020-05-29 23:51:46 - [MESSAGE][PASSED] - Call Test Case 'Test Cases/PFI Precision and Scale/PFI Components with Indexing/MaxCharLengthIndexValidation' successfully

2020-05-29 23:51:46 - [TEST_STEP][NOT_RUN] - callTestCase(findTestCase("Components/Logout"), ["LogoutPageTextToBeVerified":findTestData("Datatable").getValue("HomeBanner", 1)], STOP_ON_FAILURE): NOT_RUN: callTestCase(findTestCase("Components/Logout"), ["LogoutPageTextToBeVerified":findTestData("Datatable").getValue("HomeBanner", 1)], STOP_ON_FAILURE)

2020-05-29 23:51:46 - [MESSAGE][NOT_RUN] - NOT_RUN: callTestCase(findTestCase("Components/Logout"), ["LogoutPageTextToBeVerified":findTestData("Datatable").getValue("HomeBanner", 1)], STOP_ON_FAILURE)]]></system-out>
         <system-err><![CDATA[]]></system-err>
      </testcase>
      <testcase name="Test Cases/PFI Precision and Scale/PFI Test Cases/PFI.ConvertToAuditInspectionLHS" time="40.819" classname="Test Cases/PFI Precision and Scale/PFI Test Cases/PFI.ConvertToAuditInspectionLHS" status="PASSED">
         <system-out><![CDATA[2020-05-29 23:51:46 - [TEST_CASE][PASSED] - Test Cases/PFI Precision and Scale/PFI Test Cases/PFI.ConvertToAuditInspectionLHS: Test Cases/PFI Precision and Scale/PFI Test Cases/PFI.ConvertToAuditInspectionLHS

2020-05-29 23:51:46 - [TEST_STEP][NOT_RUN] - callTestCase(findTestCase("Components/LoginV2.0"), ["LinkToBeUsed":findTestData("ISPS2 Test Data").getValue("URL", 1), "LoginPageTextToBeVerified":findTestData("ISPS2 Test Data").getValue("HomeBanner", 1), ... ], STOP_ON_FAILURE): NOT_RUN: callTestCase(findTestCase("Components/LoginV2.0"), ["LinkToBeUsed":findTestData("ISPS2 Test Data").getValue("URL", 1), "LoginPageTextToBeVerified":findTestData("ISPS2 Test Data").getValue("HomeBanner", 1), ... ], STOP_ON_FAILURE)

2020-05-29 23:51:46 - [MESSAGE][NOT_RUN] - NOT_RUN: callTestCase(findTestCase("Components/LoginV2.0"), ["LinkToBeUsed":findTestData("ISPS2 Test Data").getValue("URL", 1), "LoginPageTextToBeVerified":findTestData("ISPS2 Test Data").getValue("HomeBanner", 1), ... ], STOP_ON_FAILURE)

2020-05-29 23:51:46 - [TEST_STEP][NOT_RUN] - callTestCase(findTestCase("Components/NavigateToHomepageHeaders"), ["headerText":"My Tasks"], STOP_ON_FAILURE): NOT_RUN: callTestCase(findTestCase("Components/NavigateToHomepageHeaders"), ["headerText":"My Tasks"], STOP_ON_FAILURE)

2020-05-29 23:51:46 - [MESSAGE][NOT_RUN] - NOT_RUN: callTestCase(findTestCase("Components/NavigateToHomepageHeaders"), ["headerText":"My Tasks"], STOP_ON_FAILURE)

2020-05-29 23:51:46 - [TEST_STEP][NOT_RUN] - callTestCase(findTestCase("Components/Filter"), ["taskDescription":"Process Case (SM)"], STOP_ON_FAILURE): NOT_RUN: callTestCase(findTestCase("Components/Filter"), ["taskDescription":"Process Case (SM)"], STOP_ON_FAILURE)

2020-05-29 23:51:46 - [MESSAGE][NOT_RUN] - NOT_RUN: callTestCase(findTestCase("Components/Filter"), ["taskDescription":"Process Case (SM)"], STOP_ON_FAILURE)

2020-05-29 23:51:46 - [TEST_STEP][NOT_RUN] - callTestCase(findTestCase("Components/ClickLinkDependingOnTextAndIndex"), ["linkName":"Process Case (SM)", "index":"10"], STOP_ON_FAILURE): NOT_RUN: callTestCase(findTestCase("Components/ClickLinkDependingOnTextAndIndex"), ["linkName":"Process Case (SM)", "index":"10"], STOP_ON_FAILURE)

2020-05-29 23:51:46 - [MESSAGE][NOT_RUN] - NOT_RUN: callTestCase(findTestCase("Components/ClickLinkDependingOnTextAndIndex"), ["linkName":"Process Case (SM)", "index":"10"], STOP_ON_FAILURE)

2020-05-29 23:51:46 - [TEST_STEP][PASSED] - callTestCase(findTestCase("Components/NavigateToAnyLHS"), ["LHS":"Convert to Audit Inspection"], STOP_ON_FAILURE): Call Test Case 'Test Cases/Components/NavigateToAnyLHS' successfully

2020-05-29 23:51:46 - [TEST_CASE][PASSED] - Test Cases/Components/NavigateToAnyLHS: Test Cases/Components/NavigateToAnyLHS

2020-05-29 23:51:46 - [TEST_STEP][PASSED] - Thread.sleep(1000): null

2020-05-29 23:51:47 - [TEST_STEP][PASSED] - modifiedLHS = modifyObjectProperty(findTestObject("Objects.NavigateToAnyLHS/Page_ISPS2/LHSToModify"), "text", "equals", LHS, true): Modify property of object successfully

2020-05-29 23:51:47 - [MESSAGE][PASSED] - Modify property of object successfully

2020-05-29 23:51:47 - [TEST_STEP][PASSED] - click(modifiedLHS): Object: 'Object Repository/Objects.NavigateToAnyLHS/Page_ISPS2/LHSToModify' is clicked on

2020-05-29 23:51:48 - [MESSAGE][PASSED] - Object: 'Object Repository/Objects.NavigateToAnyLHS/Page_ISPS2/LHSToModify' is clicked on

2020-05-29 23:51:48 - [TEST_STEP][PASSED] - currentLHS = getText(modifiedLHS): Text of object 'Object Repository/Objects.NavigateToAnyLHS/Page_ISPS2/LHSToModify' is: 'Convert to Audit Inspection'

2020-05-29 23:51:48 - [MESSAGE][PASSED] - Text of object 'Object Repository/Objects.NavigateToAnyLHS/Page_ISPS2/LHSToModify' is: 'Convert to Audit Inspection'

2020-05-29 23:51:48 - [TEST_STEP][PASSED] - Thread.sleep(5000): null

2020-05-29 23:51:53 - [MESSAGE][PASSED] - Call Test Case 'Test Cases/Components/NavigateToAnyLHS' successfully

2020-05-29 23:51:53 - [TEST_STEP][PASSED] - callTestCase(findTestCase("Components/VerifyPageSuccessfullyLoadedII"), ["PageNm":"Convert to Audit Inspection"], STOP_ON_FAILURE): Call Test Case 'Test Cases/Components/VerifyPageSuccessfullyLoadedII' successfully

2020-05-29 23:51:53 - [TEST_CASE][PASSED] - Test Cases/Components/VerifyPageSuccessfullyLoadedII: Test Cases/Components/VerifyPageSuccessfullyLoadedII

2020-05-29 23:51:53 - [TEST_STEP][PASSED] - Thread.sleep(1000): null

2020-05-29 23:51:54 - [TEST_STEP][PASSED] - modifiedInputFld = modifyObjectProperty(findTestObject("Object Repository/Objects.VerifyPageSuccessfullyLoaded/PageHeaderIndex"), "xpath", "equals", "//*[contains(@class,'isps-page-title') and (text()='" + PageNm + "')]", true): Modify property of object successfully

2020-05-29 23:51:54 - [MESSAGE][PASSED] - Modify property of object successfully

2020-05-29 23:51:54 - [TEST_STEP][PASSED] - com.reusableComponents.HighlightElement.run(modifiedInputFld): com.reusableComponents.HighlightElement.run is PASSED

2020-05-29 23:51:55 - [MESSAGE][PASSED] - com.reusableComponents.HighlightElement.run is PASSED

2020-05-29 23:51:55 - [MESSAGE][PASSED] - Call Test Case 'Test Cases/Components/VerifyPageSuccessfullyLoadedII' successfully

2020-05-29 23:51:55 - [TEST_STEP][PASSED] - callTestCase(findTestCase("Components/HighlightLabelFieldXPI"), ["LblName":"Assign Case(s) To", "index":"1"], STOP_ON_FAILURE): Call Test Case 'Test Cases/Components/HighlightLabelFieldXPI' successfully

2020-05-29 23:51:55 - [TEST_CASE][PASSED] - Test Cases/Components/HighlightLabelFieldXPI: Test Cases/Components/HighlightLabelFieldXPI

2020-05-29 23:51:55 - [TEST_STEP][PASSED] - Thread.sleep(1000): null

2020-05-29 23:51:56 - [TEST_STEP][PASSED] - modifiedLblNm = modifyObjectProperty(findTestObject("Object Repository/Objects.HighlightElements/lblField_index"), "xpath", "equals", "(//*[contains(@class, 'x-form-item-label-inner x-form-item-label-inner-default') and contains(., '" + LblName + "')])[" + index + "]", true): Modify property of object successfully

2020-05-29 23:51:56 - [MESSAGE][PASSED] - Modify property of object successfully

2020-05-29 23:51:56 - [TEST_STEP][PASSED] - com.reusableComponents.HighlightElement.run(modifiedLblNm): com.reusableComponents.HighlightElement.run is PASSED

2020-05-29 23:51:57 - [MESSAGE][PASSED] - com.reusableComponents.HighlightElement.run is PASSED

2020-05-29 23:51:57 - [MESSAGE][PASSED] - Call Test Case 'Test Cases/Components/HighlightLabelFieldXPI' successfully

2020-05-29 23:51:57 - [TEST_STEP][PASSED] - callTestCase(findTestCase("Components/HighlightInputFieldXPI"), ["FldNm":"NovaOfficerComboBox", "index":1], STOP_ON_FAILURE): Call Test Case 'Test Cases/Components/HighlightInputFieldXPI' successfully

2020-05-29 23:51:57 - [TEST_CASE][PASSED] - Test Cases/Components/HighlightInputFieldXPI: Test Cases/Components/HighlightInputFieldXPI

2020-05-29 23:51:57 - [TEST_STEP][PASSED] - Thread.sleep(1000): null

2020-05-29 23:51:58 - [TEST_STEP][PASSED] - modifiedInputNm = modifyObjectProperty(findTestObject("Object Repository/Objects.HighlightElements/input_field_index"), "xpath", "equals", "(//*[contains(@name, '" + FldNm + "')])[" + index + "]", true): Modify property of object successfully

2020-05-29 23:51:58 - [MESSAGE][PASSED] - Modify property of object successfully

2020-05-29 23:51:58 - [TEST_STEP][PASSED] - com.reusableComponents.HighlightElement.run(modifiedInputNm): com.reusableComponents.HighlightElement.run is PASSED

2020-05-29 23:51:59 - [MESSAGE][PASSED] - com.reusableComponents.HighlightElement.run is PASSED

2020-05-29 23:51:59 - [MESSAGE][PASSED] - Call Test Case 'Test Cases/Components/HighlightInputFieldXPI' successfully

2020-05-29 23:51:59 - [TEST_STEP][PASSED] - callTestCase(findTestCase("PFI Precision and Scale/PFI Components with Indexing/VerifyDropdownValuesXPI"), ["FldNm":"NovaOfficerComboBox", "index":1, "CallTCName":"PFI Precision and Scale/HashMap Tables/OfficerLists", "cmbNm":"", ... ], STOP_ON_FAILURE): Call Test Case 'Test Cases/PFI Precision and Scale/PFI Components with Indexing/VerifyDropdownValuesXPI' successfully

2020-05-29 23:51:59 - [TEST_CASE][PASSED] - Test Cases/PFI Precision and Scale/PFI Components with Indexing/VerifyDropdownValuesXPI: Test Cases/PFI Precision and Scale/PFI Components with Indexing/VerifyDropdownValuesXPI

2020-05-29 23:51:59 - [TEST_STEP][PASSED] - Thread.sleep(1000): null

2020-05-29 23:52:00 - [TEST_STEP][PASSED] - NewInputNmField = modifyObjectProperty(findTestObject("Object Repository/Objects.HighlightElements/input_field_index"), "xpath", "equals", "(//*[contains(@name, '" + FldNm + "')])[" + index + "]", true): Modify property of object successfully

2020-05-29 23:52:00 - [MESSAGE][PASSED] - Modify property of object successfully

2020-05-29 23:52:00 - [TEST_STEP][PASSED] - comboNm = cmbNm: null

2020-05-29 23:52:00 - [TEST_STEP][PASSED] - focus(NewInputNmField): Object: 'Object Repository/Objects.HighlightElements/input_field_index' is focused

2020-05-29 23:52:00 - [MESSAGE][PASSED] - Object: 'Object Repository/Objects.HighlightElements/input_field_index' is focused

2020-05-29 23:52:00 - [TEST_STEP][PASSED] - setText(NewInputNmField, EnterValue): Text 'none' is set on object 'Object Repository/Objects.HighlightElements/input_field_index'

2020-05-29 23:52:01 - [MESSAGE][PASSED] - Text 'none' is set on object 'Object Repository/Objects.HighlightElements/input_field_index'

2020-05-29 23:52:01 - [TEST_STEP][PASSED] - for ([i = 1, i <= NoOfVal, (i++)]): Keys 'DOWN + ' sent to object: 'Object Repository/Objects.HighlightElements/input_field_index'

2020-05-29 23:52:01 - [TEST_STEP][PASSED] - sendKeys(NewInputNmField, Keys.chord(ARROW_DOWN)): Keys 'DOWN + ' sent to object: 'Object Repository/Objects.HighlightElements/input_field_index'

2020-05-29 23:52:01 - [MESSAGE][PASSED] - Keys 'DOWN + ' sent to object: 'Object Repository/Objects.HighlightElements/input_field_index'

2020-05-29 23:52:01 - [TEST_STEP][PASSED] - delay(DelayTime): Delayed 2 second(s)

2020-05-29 23:52:03 - [MESSAGE][PASSED] - Delayed 2 second(s)

2020-05-29 23:52:03 - [TEST_STEP][PASSED] - sendKeys(NewInputNmField, Keys.chord(ENTER)): Keys 'ENTER + ' sent to object: 'Object Repository/Objects.HighlightElements/input_field_index'

2020-05-29 23:52:04 - [MESSAGE][PASSED] - Keys 'ENTER + ' sent to object: 'Object Repository/Objects.HighlightElements/input_field_index'

2020-05-29 23:52:04 - [TEST_STEP][PASSED] - ComboBoxValue = getAttribute(NewInputNmField, "value"): Attribute 'value' of object 'Object Repository/Objects.HighlightElements/input_field_index' is: 'none'

2020-05-29 23:52:04 - [MESSAGE][PASSED] - Attribute 'value' of object 'Object Repository/Objects.HighlightElements/input_field_index' is: 'none'

2020-05-29 23:52:04 - [TEST_STEP][PASSED] - callTestCase(findTestCase(CallTCName), ["FindValue":ComboBoxValue, "DropdownNm":comboNm], STOP_ON_FAILURE): Call Test Case 'Test Cases/PFI Precision and Scale/HashMap Tables/OfficerLists' successfully

2020-05-29 23:52:04 - [TEST_CASE][PASSED] - Test Cases/PFI Precision and Scale/HashMap Tables/OfficerLists: Test Cases/PFI Precision and Scale/HashMap Tables/OfficerLists

2020-05-29 23:52:04 - [TEST_STEP][PASSED] - Thread.sleep(1000): null

2020-05-29 23:52:05 - [TEST_STEP][PASSED] - OfficerLists = [1:"Aaron Sham Wai Lun (AARON)", 2:"Azidah Bte Akmad (Mdm) (USAABD)", 3:"Chung Fong Nyen (USACFN)", 4:"David Tey Dah Wei (DAHWEI)", ... ]: null

2020-05-29 23:52:05 - [TEST_STEP][PASSED] - ValueFound = OfficerLists.find({ -> ... }): null

2020-05-29 23:52:05 - [MESSAGE][PASSED] - Call Test Case 'Test Cases/PFI Precision and Scale/HashMap Tables/OfficerLists' successfully

2020-05-29 23:52:05 - [TEST_STEP][PASSED] - println(ValueFound): null

2020-05-29 23:52:05 - [TEST_STEP][PASSED] - sendKeys(NewInputNmField, Keys.chord(ARROW_DOWN)): Keys 'DOWN + ' sent to object: 'Object Repository/Objects.HighlightElements/input_field_index'

2020-05-29 23:52:05 - [MESSAGE][PASSED] - Keys 'DOWN + ' sent to object: 'Object Repository/Objects.HighlightElements/input_field_index'

2020-05-29 23:52:05 - [TEST_STEP][PASSED] - sendKeys(NewInputNmField, Keys.chord(ENTER)): Keys 'ENTER + ' sent to object: 'Object Repository/Objects.HighlightElements/input_field_index'

2020-05-29 23:52:06 - [MESSAGE][PASSED] - Keys 'ENTER + ' sent to object: 'Object Repository/Objects.HighlightElements/input_field_index'

2020-05-29 23:52:06 - [MESSAGE][PASSED] - Call Test Case 'Test Cases/PFI Precision and Scale/PFI Components with Indexing/VerifyDropdownValuesXPI' successfully

2020-05-29 23:52:06 - [TEST_STEP][PASSED] - callTestCase(findTestCase("Components/SelectAllThenDeleteXPI"), ["nameToBeUsed":"NovaOfficerComboBox", "index":"1"], STOP_ON_FAILURE): Call Test Case 'Test Cases/Components/SelectAllThenDeleteXPI' successfully

2020-05-29 23:52:06 - [TEST_CASE][PASSED] - Test Cases/Components/SelectAllThenDeleteXPI: Test Cases/Components/SelectAllThenDeleteXPI

2020-05-29 23:52:06 - [TEST_STEP][PASSED] - Thread.sleep(1000): null

2020-05-29 23:52:07 - [TEST_STEP][PASSED] - modifiedObj = modifyObjectProperty(findTestObject("Object Repository/Objects.HighlightElements/input_field_index"), "xpath", "equals", "(//*[contains(@name,'" + nameToBeUsed + "')])[" + index + "]", true): Modify property of object successfully

2020-05-29 23:52:07 - [MESSAGE][PASSED] - Modify property of object successfully

2020-05-29 23:52:07 - [TEST_STEP][PASSED] - focus(modifiedObj): Object: 'Object Repository/Objects.HighlightElements/input_field_index' is focused

2020-05-29 23:52:07 - [MESSAGE][PASSED] - Object: 'Object Repository/Objects.HighlightElements/input_field_index' is focused

2020-05-29 23:52:07 - [TEST_STEP][PASSED] - sendKeys(modifiedObj, Keys.chord(CONTROL, "a")): Keys 'CONTROL + a' sent to object: 'Object Repository/Objects.HighlightElements/input_field_index'

2020-05-29 23:52:08 - [MESSAGE][PASSED] - Keys 'CONTROL + a' sent to object: 'Object Repository/Objects.HighlightElements/input_field_index'

2020-05-29 23:52:08 - [TEST_STEP][PASSED] - sendKeys(modifiedObj, Keys.chord(DELETE)): Keys 'DELETE + ' sent to object: 'Object Repository/Objects.HighlightElements/input_field_index'

2020-05-29 23:52:08 - [MESSAGE][PASSED] - Keys 'DELETE + ' sent to object: 'Object Repository/Objects.HighlightElements/input_field_index'

2020-05-29 23:52:08 - [MESSAGE][PASSED] - Call Test Case 'Test Cases/Components/SelectAllThenDeleteXPI' successfully

2020-05-29 23:52:08 - [TEST_STEP][PASSED] - callTestCase(findTestCase("PFI Precision and Scale/PFI Components with Indexing/VerifyDropdownValuesXPI"), ["FldNm":"NovaOfficerComboBox", "index":1, "CallTCName":"PFI Precision and Scale/HashMap Tables/OfficerLists", "cmbNm":"", ... ], STOP_ON_FAILURE): Call Test Case 'Test Cases/PFI Precision and Scale/PFI Components with Indexing/VerifyDropdownValuesXPI' successfully

2020-05-29 23:52:08 - [TEST_CASE][PASSED] - Test Cases/PFI Precision and Scale/PFI Components with Indexing/VerifyDropdownValuesXPI: Test Cases/PFI Precision and Scale/PFI Components with Indexing/VerifyDropdownValuesXPI

2020-05-29 23:52:08 - [TEST_STEP][PASSED] - Thread.sleep(1000): null

2020-05-29 23:52:09 - [TEST_STEP][PASSED] - NewInputNmField = modifyObjectProperty(findTestObject("Object Repository/Objects.HighlightElements/input_field_index"), "xpath", "equals", "(//*[contains(@name, '" + FldNm + "')])[" + index + "]", true): Modify property of object successfully

2020-05-29 23:52:09 - [MESSAGE][PASSED] - Modify property of object successfully

2020-05-29 23:52:09 - [TEST_STEP][PASSED] - comboNm = cmbNm: null

2020-05-29 23:52:09 - [TEST_STEP][PASSED] - focus(NewInputNmField): Object: 'Object Repository/Objects.HighlightElements/input_field_index' is focused

2020-05-29 23:52:09 - [MESSAGE][PASSED] - Object: 'Object Repository/Objects.HighlightElements/input_field_index' is focused

2020-05-29 23:52:09 - [TEST_STEP][PASSED] - setText(NewInputNmField, EnterValue): Text 'BENGKWEE' is set on object 'Object Repository/Objects.HighlightElements/input_field_index'

2020-05-29 23:52:10 - [MESSAGE][PASSED] - Text 'BENGKWEE' is set on object 'Object Repository/Objects.HighlightElements/input_field_index'

2020-05-29 23:52:10 - [TEST_STEP][PASSED] - for ([i = 1, i <= NoOfVal, (i++)]): Keys 'DOWN + ' sent to object: 'Object Repository/Objects.HighlightElements/input_field_index'

2020-05-29 23:52:10 - [TEST_STEP][PASSED] - sendKeys(NewInputNmField, Keys.chord(ARROW_DOWN)): Keys 'DOWN + ' sent to object: 'Object Repository/Objects.HighlightElements/input_field_index'

2020-05-29 23:52:10 - [MESSAGE][PASSED] - Keys 'DOWN + ' sent to object: 'Object Repository/Objects.HighlightElements/input_field_index'

2020-05-29 23:52:10 - [TEST_STEP][PASSED] - delay(DelayTime): Delayed 2 second(s)

2020-05-29 23:52:12 - [MESSAGE][PASSED] - Delayed 2 second(s)

2020-05-29 23:52:12 - [TEST_STEP][PASSED] - sendKeys(NewInputNmField, Keys.chord(ENTER)): Keys 'ENTER + ' sent to object: 'Object Repository/Objects.HighlightElements/input_field_index'

2020-05-29 23:52:12 - [MESSAGE][PASSED] - Keys 'ENTER + ' sent to object: 'Object Repository/Objects.HighlightElements/input_field_index'

2020-05-29 23:52:12 - [TEST_STEP][PASSED] - ComboBoxValue = getAttribute(NewInputNmField, "value"): Attribute 'value' of object 'Object Repository/Objects.HighlightElements/input_field_index' is: 'Lim Beng Kwee (BENGKWEE)'

2020-05-29 23:52:13 - [MESSAGE][PASSED] - Attribute 'value' of object 'Object Repository/Objects.HighlightElements/input_field_index' is: 'Lim Beng Kwee (BENGKWEE)'

2020-05-29 23:52:13 - [TEST_STEP][PASSED] - callTestCase(findTestCase(CallTCName), ["FindValue":ComboBoxValue, "DropdownNm":comboNm], STOP_ON_FAILURE): Call Test Case 'Test Cases/PFI Precision and Scale/HashMap Tables/OfficerLists' successfully

2020-05-29 23:52:13 - [TEST_CASE][PASSED] - Test Cases/PFI Precision and Scale/HashMap Tables/OfficerLists: Test Cases/PFI Precision and Scale/HashMap Tables/OfficerLists

2020-05-29 23:52:13 - [TEST_STEP][PASSED] - Thread.sleep(1000): null

2020-05-29 23:52:14 - [TEST_STEP][PASSED] - OfficerLists = [1:"Aaron Sham Wai Lun (AARON)", 2:"Azidah Bte Akmad (Mdm) (USAABD)", 3:"Chung Fong Nyen (USACFN)", 4:"David Tey Dah Wei (DAHWEI)", ... ]: null

2020-05-29 23:52:14 - [TEST_STEP][PASSED] - ValueFound = OfficerLists.find({ -> ... }): null

2020-05-29 23:52:14 - [MESSAGE][PASSED] - Call Test Case 'Test Cases/PFI Precision and Scale/HashMap Tables/OfficerLists' successfully

2020-05-29 23:52:14 - [TEST_STEP][PASSED] - println(ValueFound): null

2020-05-29 23:52:14 - [TEST_STEP][PASSED] - sendKeys(NewInputNmField, Keys.chord(ARROW_DOWN)): Keys 'DOWN + ' sent to object: 'Object Repository/Objects.HighlightElements/input_field_index'

2020-05-29 23:52:14 - [MESSAGE][PASSED] - Keys 'DOWN + ' sent to object: 'Object Repository/Objects.HighlightElements/input_field_index'

2020-05-29 23:52:14 - [TEST_STEP][PASSED] - sendKeys(NewInputNmField, Keys.chord(ENTER)): Keys 'ENTER + ' sent to object: 'Object Repository/Objects.HighlightElements/input_field_index'

2020-05-29 23:52:15 - [MESSAGE][PASSED] - Keys 'ENTER + ' sent to object: 'Object Repository/Objects.HighlightElements/input_field_index'

2020-05-29 23:52:15 - [MESSAGE][PASSED] - Call Test Case 'Test Cases/PFI Precision and Scale/PFI Components with Indexing/VerifyDropdownValuesXPI' successfully

2020-05-29 23:52:15 - [TEST_STEP][PASSED] - callTestCase(findTestCase("Components/SelectAllThenDeleteXPI"), ["nameToBeUsed":"NovaOfficerComboBox", "index":"1"], STOP_ON_FAILURE): Call Test Case 'Test Cases/Components/SelectAllThenDeleteXPI' successfully

2020-05-29 23:52:15 - [TEST_CASE][PASSED] - Test Cases/Components/SelectAllThenDeleteXPI: Test Cases/Components/SelectAllThenDeleteXPI

2020-05-29 23:52:15 - [TEST_STEP][PASSED] - Thread.sleep(1000): null

2020-05-29 23:52:16 - [TEST_STEP][PASSED] - modifiedObj = modifyObjectProperty(findTestObject("Object Repository/Objects.HighlightElements/input_field_index"), "xpath", "equals", "(//*[contains(@name,'" + nameToBeUsed + "')])[" + index + "]", true): Modify property of object successfully

2020-05-29 23:52:16 - [MESSAGE][PASSED] - Modify property of object successfully

2020-05-29 23:52:16 - [TEST_STEP][PASSED] - focus(modifiedObj): Object: 'Object Repository/Objects.HighlightElements/input_field_index' is focused

2020-05-29 23:52:16 - [MESSAGE][PASSED] - Object: 'Object Repository/Objects.HighlightElements/input_field_index' is focused

2020-05-29 23:52:16 - [TEST_STEP][PASSED] - sendKeys(modifiedObj, Keys.chord(CONTROL, "a")): Keys 'CONTROL + a' sent to object: 'Object Repository/Objects.HighlightElements/input_field_index'

2020-05-29 23:52:16 - [MESSAGE][PASSED] - Keys 'CONTROL + a' sent to object: 'Object Repository/Objects.HighlightElements/input_field_index'

2020-05-29 23:52:16 - [TEST_STEP][PASSED] - sendKeys(modifiedObj, Keys.chord(DELETE)): Keys 'DELETE + ' sent to object: 'Object Repository/Objects.HighlightElements/input_field_index'

2020-05-29 23:52:17 - [MESSAGE][PASSED] - Keys 'DELETE + ' sent to object: 'Object Repository/Objects.HighlightElements/input_field_index'

2020-05-29 23:52:17 - [MESSAGE][PASSED] - Call Test Case 'Test Cases/Components/SelectAllThenDeleteXPI' successfully

2020-05-29 23:52:17 - [TEST_STEP][PASSED] - callTestCase(findTestCase("PFI Precision and Scale/PFI Components with Indexing/VerifyDropdownValuesXPI"), ["FldNm":"NovaOfficerComboBox", "index":1, "CallTCName":"PFI Precision and Scale/HashMap Tables/OfficerLists", "cmbNm":"", ... ], STOP_ON_FAILURE): Call Test Case 'Test Cases/PFI Precision and Scale/PFI Components with Indexing/VerifyDropdownValuesXPI' successfully

2020-05-29 23:52:17 - [TEST_CASE][PASSED] - Test Cases/PFI Precision and Scale/PFI Components with Indexing/VerifyDropdownValuesXPI: Test Cases/PFI Precision and Scale/PFI Components with Indexing/VerifyDropdownValuesXPI

2020-05-29 23:52:17 - [TEST_STEP][PASSED] - Thread.sleep(1000): null

2020-05-29 23:52:18 - [TEST_STEP][PASSED] - NewInputNmField = modifyObjectProperty(findTestObject("Object Repository/Objects.HighlightElements/input_field_index"), "xpath", "equals", "(//*[contains(@name, '" + FldNm + "')])[" + index + "]", true): Modify property of object successfully

2020-05-29 23:52:18 - [MESSAGE][PASSED] - Modify property of object successfully

2020-05-29 23:52:18 - [TEST_STEP][PASSED] - comboNm = cmbNm: null

2020-05-29 23:52:18 - [TEST_STEP][PASSED] - focus(NewInputNmField): Object: 'Object Repository/Objects.HighlightElements/input_field_index' is focused

2020-05-29 23:52:18 - [MESSAGE][PASSED] - Object: 'Object Repository/Objects.HighlightElements/input_field_index' is focused

2020-05-29 23:52:18 - [TEST_STEP][PASSED] - setText(NewInputNmField, EnterValue): Text 'Aaron Sham Wai Lun' is set on object 'Object Repository/Objects.HighlightElements/input_field_index'

2020-05-29 23:52:19 - [MESSAGE][PASSED] - Text 'Aaron Sham Wai Lun' is set on object 'Object Repository/Objects.HighlightElements/input_field_index'

2020-05-29 23:52:19 - [TEST_STEP][PASSED] - for ([i = 1, i <= NoOfVal, (i++)]): Keys 'DOWN + ' sent to object: 'Object Repository/Objects.HighlightElements/input_field_index'

2020-05-29 23:52:19 - [TEST_STEP][PASSED] - sendKeys(NewInputNmField, Keys.chord(ARROW_DOWN)): Keys 'DOWN + ' sent to object: 'Object Repository/Objects.HighlightElements/input_field_index'

2020-05-29 23:52:19 - [MESSAGE][PASSED] - Keys 'DOWN + ' sent to object: 'Object Repository/Objects.HighlightElements/input_field_index'

2020-05-29 23:52:19 - [TEST_STEP][PASSED] - delay(DelayTime): Delayed 2 second(s)

2020-05-29 23:52:21 - [MESSAGE][PASSED] - Delayed 2 second(s)

2020-05-29 23:52:21 - [TEST_STEP][PASSED] - sendKeys(NewInputNmField, Keys.chord(ENTER)): Keys 'ENTER + ' sent to object: 'Object Repository/Objects.HighlightElements/input_field_index'

2020-05-29 23:52:22 - [MESSAGE][PASSED] - Keys 'ENTER + ' sent to object: 'Object Repository/Objects.HighlightElements/input_field_index'

2020-05-29 23:52:22 - [TEST_STEP][PASSED] - ComboBoxValue = getAttribute(NewInputNmField, "value"): Attribute 'value' of object 'Object Repository/Objects.HighlightElements/input_field_index' is: 'Aaron Sham Wai Lun (AARON)'

2020-05-29 23:52:22 - [MESSAGE][PASSED] - Attribute 'value' of object 'Object Repository/Objects.HighlightElements/input_field_index' is: 'Aaron Sham Wai Lun (AARON)'

2020-05-29 23:52:22 - [TEST_STEP][PASSED] - callTestCase(findTestCase(CallTCName), ["FindValue":ComboBoxValue, "DropdownNm":comboNm], STOP_ON_FAILURE): Call Test Case 'Test Cases/PFI Precision and Scale/HashMap Tables/OfficerLists' successfully

2020-05-29 23:52:22 - [TEST_CASE][PASSED] - Test Cases/PFI Precision and Scale/HashMap Tables/OfficerLists: Test Cases/PFI Precision and Scale/HashMap Tables/OfficerLists

2020-05-29 23:52:22 - [TEST_STEP][PASSED] - Thread.sleep(1000): null

2020-05-29 23:52:23 - [TEST_STEP][PASSED] - OfficerLists = [1:"Aaron Sham Wai Lun (AARON)", 2:"Azidah Bte Akmad (Mdm) (USAABD)", 3:"Chung Fong Nyen (USACFN)", 4:"David Tey Dah Wei (DAHWEI)", ... ]: null

2020-05-29 23:52:23 - [TEST_STEP][PASSED] - ValueFound = OfficerLists.find({ -> ... }): null

2020-05-29 23:52:23 - [MESSAGE][PASSED] - Call Test Case 'Test Cases/PFI Precision and Scale/HashMap Tables/OfficerLists' successfully

2020-05-29 23:52:23 - [TEST_STEP][PASSED] - println(ValueFound): null

2020-05-29 23:52:23 - [TEST_STEP][PASSED] - sendKeys(NewInputNmField, Keys.chord(ARROW_DOWN)): Keys 'DOWN + ' sent to object: 'Object Repository/Objects.HighlightElements/input_field_index'

2020-05-29 23:52:23 - [MESSAGE][PASSED] - Keys 'DOWN + ' sent to object: 'Object Repository/Objects.HighlightElements/input_field_index'

2020-05-29 23:52:23 - [TEST_STEP][PASSED] - sendKeys(NewInputNmField, Keys.chord(ENTER)): Keys 'ENTER + ' sent to object: 'Object Repository/Objects.HighlightElements/input_field_index'

2020-05-29 23:52:24 - [MESSAGE][PASSED] - Keys 'ENTER + ' sent to object: 'Object Repository/Objects.HighlightElements/input_field_index'

2020-05-29 23:52:24 - [MESSAGE][PASSED] - Call Test Case 'Test Cases/PFI Precision and Scale/PFI Components with Indexing/VerifyDropdownValuesXPI' successfully

2020-05-29 23:52:24 - [TEST_STEP][PASSED] - callTestCase(findTestCase("Components/SelectAllThenDeleteXPI"), ["nameToBeUsed":"NovaOfficerComboBox", "index":"1"], STOP_ON_FAILURE): Call Test Case 'Test Cases/Components/SelectAllThenDeleteXPI' successfully

2020-05-29 23:52:24 - [TEST_CASE][PASSED] - Test Cases/Components/SelectAllThenDeleteXPI: Test Cases/Components/SelectAllThenDeleteXPI

2020-05-29 23:52:24 - [TEST_STEP][PASSED] - Thread.sleep(1000): null

2020-05-29 23:52:25 - [TEST_STEP][PASSED] - modifiedObj = modifyObjectProperty(findTestObject("Object Repository/Objects.HighlightElements/input_field_index"), "xpath", "equals", "(//*[contains(@name,'" + nameToBeUsed + "')])[" + index + "]", true): Modify property of object successfully

2020-05-29 23:52:25 - [MESSAGE][PASSED] - Modify property of object successfully

2020-05-29 23:52:25 - [TEST_STEP][PASSED] - focus(modifiedObj): Object: 'Object Repository/Objects.HighlightElements/input_field_index' is focused

2020-05-29 23:52:25 - [MESSAGE][PASSED] - Object: 'Object Repository/Objects.HighlightElements/input_field_index' is focused

2020-05-29 23:52:25 - [TEST_STEP][PASSED] - sendKeys(modifiedObj, Keys.chord(CONTROL, "a")): Keys 'CONTROL + a' sent to object: 'Object Repository/Objects.HighlightElements/input_field_index'

2020-05-29 23:52:25 - [MESSAGE][PASSED] - Keys 'CONTROL + a' sent to object: 'Object Repository/Objects.HighlightElements/input_field_index'

2020-05-29 23:52:25 - [TEST_STEP][PASSED] - sendKeys(modifiedObj, Keys.chord(DELETE)): Keys 'DELETE + ' sent to object: 'Object Repository/Objects.HighlightElements/input_field_index'

2020-05-29 23:52:26 - [MESSAGE][PASSED] - Keys 'DELETE + ' sent to object: 'Object Repository/Objects.HighlightElements/input_field_index'

2020-05-29 23:52:26 - [MESSAGE][PASSED] - Call Test Case 'Test Cases/Components/SelectAllThenDeleteXPI' successfully

2020-05-29 23:52:26 - [TEST_STEP][PASSED] - callTestCase(findTestCase("PFI Precision and Scale/PFI Components with Indexing/RequiredFieldValidationXPI"), ["nameToBeUsed":"NovaOfficerComboBox", "index":1], STOP_ON_FAILURE): Call Test Case 'Test Cases/PFI Precision and Scale/PFI Components with Indexing/RequiredFieldValidationXPI' successfully

2020-05-29 23:52:26 - [TEST_CASE][PASSED] - Test Cases/PFI Precision and Scale/PFI Components with Indexing/RequiredFieldValidationXPI: Test Cases/PFI Precision and Scale/PFI Components with Indexing/RequiredFieldValidationXPI

2020-05-29 23:52:26 - [TEST_STEP][PASSED] - enableSmartWait(): null

2020-05-29 23:52:26 - [TEST_STEP][PASSED] - NewInputNmField = modifyObjectProperty(findTestObject("Objects.HighlightElements/input_field_index"), "xpath", "equals", "(//*[contains(@name,'" + nameToBeUsed + "')])[" + index + "]", true): Modify property of object successfully

2020-05-29 23:52:26 - [MESSAGE][PASSED] - Modify property of object successfully

2020-05-29 23:52:26 - [TEST_STEP][PASSED] - mouseOver(NewInputNmField): Object: 'Object Repository/Objects.HighlightElements/input_field_index' is hovered

2020-05-29 23:52:26 - [MESSAGE][PASSED] - Object: 'Object Repository/Objects.HighlightElements/input_field_index' is hovered

2020-05-29 23:52:26 - [TEST_STEP][PASSED] - getRqErrMsg = getAttribute(NewInputNmField, "data-errorqtip"): Attribute 'data-errorqtip' of object 'Object Repository/Objects.HighlightElements/input_field_index' is: '<ul class="x-list-plain"><li>This field is required</li></ul>'

2020-05-29 23:52:27 - [MESSAGE][PASSED] - Attribute 'data-errorqtip' of object 'Object Repository/Objects.HighlightElements/input_field_index' is: '<ul class="x-list-plain"><li>This field is required</li></ul>'

2020-05-29 23:52:27 - [TEST_STEP][PASSED] - strToolTip = getRqErrMsg.substring(29, 61): null

2020-05-29 23:52:27 - [TEST_STEP][PASSED] - toolTipReqErrMsg = strToolTip.substring(0, 22): null

2020-05-29 23:52:27 - [TEST_STEP][PASSED] - verifyMatch(toolTipReqErrMsg, RqField, true): Actual text 'This field is required' and expected text 'This field is required' are matched  using regular expression

2020-05-29 23:52:27 - [MESSAGE][PASSED] - Actual text 'This field is required' and expected text 'This field is required' are matched  using regular expression

2020-05-29 23:52:27 - [MESSAGE][PASSED] - Call Test Case 'Test Cases/PFI Precision and Scale/PFI Components with Indexing/RequiredFieldValidationXPI' successfully

2020-05-29 23:52:27 - [TEST_STEP][NOT_RUN] - callTestCase(findTestCase("Components/Logout"), ["LogoutPageTextToBeVerified":findTestData("ISPS2 Test Data").getValue("HomeBanner", 1)], STOP_ON_FAILURE): NOT_RUN: callTestCase(findTestCase("Components/Logout"), ["LogoutPageTextToBeVerified":findTestData("ISPS2 Test Data").getValue("HomeBanner", 1)], STOP_ON_FAILURE)

2020-05-29 23:52:27 - [MESSAGE][NOT_RUN] - NOT_RUN: callTestCase(findTestCase("Components/Logout"), ["LogoutPageTextToBeVerified":findTestData("ISPS2 Test Data").getValue("HomeBanner", 1)], STOP_ON_FAILURE)]]></system-out>
         <system-err><![CDATA[]]></system-err>
      </testcase>
      <testcase name="Test Cases/PFI Precision and Scale/PFI Test Cases/PFI.TriggerPEPresentationLHS" time="104.684" classname="Test Cases/PFI Precision and Scale/PFI Test Cases/PFI.TriggerPEPresentationLHS" status="PASSED">
         <system-out><![CDATA[2020-05-29 23:52:27 - [TEST_CASE][PASSED] - Test Cases/PFI Precision and Scale/PFI Test Cases/PFI.TriggerPEPresentationLHS: Test Cases/PFI Precision and Scale/PFI Test Cases/PFI.TriggerPEPresentationLHS

2020-05-29 23:52:27 - [TEST_STEP][NOT_RUN] - callTestCase(findTestCase("Components/LoginV2.0"), ["LinkToBeUsed":findTestData("Datatable").getValue("URL", 1), "LoginPageTextToBeVerified":findTestData("Datatable").getValue("HomeBanner", 1), ... ], STOP_ON_FAILURE): NOT_RUN: callTestCase(findTestCase("Components/LoginV2.0"), ["LinkToBeUsed":findTestData("Datatable").getValue("URL", 1), "LoginPageTextToBeVerified":findTestData("Datatable").getValue("HomeBanner", 1), ... ], STOP_ON_FAILURE)

2020-05-29 23:52:27 - [MESSAGE][NOT_RUN] - NOT_RUN: callTestCase(findTestCase("Components/LoginV2.0"), ["LinkToBeUsed":findTestData("Datatable").getValue("URL", 1), "LoginPageTextToBeVerified":findTestData("Datatable").getValue("HomeBanner", 1), ... ], STOP_ON_FAILURE)

2020-05-29 23:52:27 - [TEST_STEP][NOT_RUN] - callTestCase(findTestCase("Components/NavigateToHomepageHeaders"), ["headerText":"My Tasks"], STOP_ON_FAILURE): NOT_RUN: callTestCase(findTestCase("Components/NavigateToHomepageHeaders"), ["headerText":"My Tasks"], STOP_ON_FAILURE)

2020-05-29 23:52:27 - [MESSAGE][NOT_RUN] - NOT_RUN: callTestCase(findTestCase("Components/NavigateToHomepageHeaders"), ["headerText":"My Tasks"], STOP_ON_FAILURE)

2020-05-29 23:52:27 - [TEST_STEP][NOT_RUN] - callTestCase(findTestCase("Components/Filter"), ["taskDescription":"Process Case (SM)"], STOP_ON_FAILURE): NOT_RUN: callTestCase(findTestCase("Components/Filter"), ["taskDescription":"Process Case (SM)"], STOP_ON_FAILURE)

2020-05-29 23:52:27 - [MESSAGE][NOT_RUN] - NOT_RUN: callTestCase(findTestCase("Components/Filter"), ["taskDescription":"Process Case (SM)"], STOP_ON_FAILURE)

2020-05-29 23:52:27 - [TEST_STEP][NOT_RUN] - callTestCase(findTestCase("Components/Wait"), ["secondsToWait":5000], STOP_ON_FAILURE): NOT_RUN: callTestCase(findTestCase("Components/Wait"), ["secondsToWait":5000], STOP_ON_FAILURE)

2020-05-29 23:52:27 - [MESSAGE][NOT_RUN] - NOT_RUN: callTestCase(findTestCase("Components/Wait"), ["secondsToWait":5000], STOP_ON_FAILURE)

2020-05-29 23:52:27 - [TEST_STEP][NOT_RUN] - callTestCase(findTestCase("Components/ClickLinkDependingOnTextAndIndex"), ["linkName":"Process Case (SM)", "index":"6"], STOP_ON_FAILURE): NOT_RUN: callTestCase(findTestCase("Components/ClickLinkDependingOnTextAndIndex"), ["linkName":"Process Case (SM)", "index":"6"], STOP_ON_FAILURE)

2020-05-29 23:52:27 - [MESSAGE][NOT_RUN] - NOT_RUN: callTestCase(findTestCase("Components/ClickLinkDependingOnTextAndIndex"), ["linkName":"Process Case (SM)", "index":"6"], STOP_ON_FAILURE)

2020-05-29 23:52:27 - [TEST_STEP][NOT_RUN] - callTestCase(findTestCase("Components/Wait"), ["secondsToWait":5000], STOP_ON_FAILURE): NOT_RUN: callTestCase(findTestCase("Components/Wait"), ["secondsToWait":5000], STOP_ON_FAILURE)

2020-05-29 23:52:27 - [MESSAGE][NOT_RUN] - NOT_RUN: callTestCase(findTestCase("Components/Wait"), ["secondsToWait":5000], STOP_ON_FAILURE)

2020-05-29 23:52:27 - [TEST_STEP][PASSED] - callTestCase(findTestCase("Components/NavigateToAnyLHS"), ["LHS":"Trigger PE Presentation"], STOP_ON_FAILURE): Call Test Case 'Test Cases/Components/NavigateToAnyLHS' successfully

2020-05-29 23:52:27 - [TEST_CASE][PASSED] - Test Cases/Components/NavigateToAnyLHS: Test Cases/Components/NavigateToAnyLHS

2020-05-29 23:52:27 - [TEST_STEP][PASSED] - Thread.sleep(1000): null

2020-05-29 23:52:28 - [TEST_STEP][PASSED] - modifiedLHS = modifyObjectProperty(findTestObject("Objects.NavigateToAnyLHS/Page_ISPS2/LHSToModify"), "text", "equals", LHS, true): Modify property of object successfully

2020-05-29 23:52:28 - [MESSAGE][PASSED] - Modify property of object successfully

2020-05-29 23:52:28 - [TEST_STEP][PASSED] - click(modifiedLHS): Object: 'Object Repository/Objects.NavigateToAnyLHS/Page_ISPS2/LHSToModify' is clicked on

2020-05-29 23:52:28 - [MESSAGE][PASSED] - Object: 'Object Repository/Objects.NavigateToAnyLHS/Page_ISPS2/LHSToModify' is clicked on

2020-05-29 23:52:28 - [TEST_STEP][PASSED] - currentLHS = getText(modifiedLHS): Text of object 'Object Repository/Objects.NavigateToAnyLHS/Page_ISPS2/LHSToModify' is: 'Trigger PE Presentation'

2020-05-29 23:52:30 - [MESSAGE][PASSED] - Text of object 'Object Repository/Objects.NavigateToAnyLHS/Page_ISPS2/LHSToModify' is: 'Trigger PE Presentation'

2020-05-29 23:52:30 - [TEST_STEP][PASSED] - Thread.sleep(5000): null

2020-05-29 23:52:35 - [MESSAGE][PASSED] - Call Test Case 'Test Cases/Components/NavigateToAnyLHS' successfully

2020-05-29 23:52:35 - [TEST_STEP][PASSED] - callTestCase(findTestCase("Components/VerifyPageSuccessfullyLoaded"), ["HeaderName":"Trigger PE Presentation"], STOP_ON_FAILURE): Call Test Case 'Test Cases/Components/VerifyPageSuccessfullyLoaded' successfully

2020-05-29 23:52:35 - [TEST_CASE][PASSED] - Test Cases/Components/VerifyPageSuccessfullyLoaded: Test Cases/Components/VerifyPageSuccessfullyLoaded

2020-05-29 23:52:35 - [TEST_STEP][PASSED] - Thread.sleep(3000): null

2020-05-29 23:52:38 - [TEST_STEP][PASSED] - ModifiedHeaderName = modifyObjectProperty(findTestObject("Objects.VerifyPageSuccessfullyLoaded/PageHeader"), "text", "equals", HeaderName, true): Modify property of object successfully

2020-05-29 23:52:38 - [MESSAGE][PASSED] - Modify property of object successfully

2020-05-29 23:52:38 - [TEST_STEP][PASSED] - verifyElementPresent(ModifiedHeaderName, 30): Object 'Object Repository/Objects.VerifyPageSuccessfullyLoaded/PageHeader' is present

2020-05-29 23:52:38 - [MESSAGE][PASSED] - Object 'Object Repository/Objects.VerifyPageSuccessfullyLoaded/PageHeader' is present

2020-05-29 23:52:38 - [TEST_STEP][PASSED] - com.reusableComponents.HighlightElement.run(ModifiedHeaderName): com.reusableComponents.HighlightElement.run is PASSED

2020-05-29 23:52:39 - [MESSAGE][PASSED] - com.reusableComponents.HighlightElement.run is PASSED

2020-05-29 23:52:39 - [MESSAGE][PASSED] - Call Test Case 'Test Cases/Components/VerifyPageSuccessfullyLoaded' successfully

2020-05-29 23:52:39 - [TEST_STEP][PASSED] - callTestCase(findTestCase("Components/ClickCheckBoxColumnHeader"), ["NextColHeader":"Building Characteristic", "index":1], STOP_ON_FAILURE): Call Test Case 'Test Cases/Components/ClickCheckBoxColumnHeader' successfully

2020-05-29 23:52:41 - [TEST_CASE][PASSED] - Test Cases/Components/ClickCheckBoxColumnHeader: Test Cases/Components/ClickCheckBoxColumnHeader

2020-05-29 23:52:41 - [TEST_STEP][PASSED] - Thread.sleep(1000): null

2020-05-29 23:52:42 - [TEST_STEP][PASSED] - modifiedObject = modifyObjectProperty(findTestObject("Object Repository/Objects.ReusableObject/CheckboxHeader"), "xpath", "equals", "//*[contains(@class, 'x-column-header-text') and text()='" + NextColHeader + "']//preceding::div[" + index + "]", true): Modify property of object successfully

2020-05-29 23:52:42 - [MESSAGE][PASSED] - Modify property of object successfully

2020-05-29 23:52:42 - [TEST_STEP][PASSED] - com.reusableComponents.HighlightElement.run(modifiedObject): com.reusableComponents.HighlightElement.run is PASSED

2020-05-29 23:52:43 - [MESSAGE][PASSED] - com.reusableComponents.HighlightElement.run is PASSED

2020-05-29 23:52:43 - [TEST_STEP][PASSED] - check(modifiedObject): Object 'Object Repository/Objects.ReusableObject/CheckboxHeader' is checked

2020-05-29 23:52:43 - [MESSAGE][PASSED] - Object 'Object Repository/Objects.ReusableObject/CheckboxHeader' is checked

2020-05-29 23:52:43 - [MESSAGE][PASSED] - Call Test Case 'Test Cases/Components/ClickCheckBoxColumnHeader' successfully

2020-05-29 23:52:43 - [TEST_STEP][PASSED] - callTestCase(findTestCase("Components/HighlightInputFieldXPI"), ["FldNm":"submInd_0", "index":1], STOP_ON_FAILURE): Call Test Case 'Test Cases/Components/HighlightInputFieldXPI' successfully

2020-05-29 23:52:43 - [TEST_CASE][PASSED] - Test Cases/Components/HighlightInputFieldXPI: Test Cases/Components/HighlightInputFieldXPI

2020-05-29 23:52:43 - [TEST_STEP][PASSED] - Thread.sleep(1000): null

2020-05-29 23:52:44 - [TEST_STEP][PASSED] - modifiedInputNm = modifyObjectProperty(findTestObject("Object Repository/Objects.HighlightElements/input_field_index"), "xpath", "equals", "(//*[contains(@name, '" + FldNm + "')])[" + index + "]", true): Modify property of object successfully

2020-05-29 23:52:44 - [MESSAGE][PASSED] - Modify property of object successfully

2020-05-29 23:52:44 - [TEST_STEP][PASSED] - com.reusableComponents.HighlightElement.run(modifiedInputNm): com.reusableComponents.HighlightElement.run is PASSED

2020-05-29 23:52:45 - [MESSAGE][PASSED] - com.reusableComponents.HighlightElement.run is PASSED

2020-05-29 23:52:45 - [MESSAGE][PASSED] - Call Test Case 'Test Cases/Components/HighlightInputFieldXPI' successfully

2020-05-29 23:52:45 - [TEST_STEP][PASSED] - callTestCase(findTestCase("PFI Precision and Scale/HashMap Tables/ConstantHashMap"), ["FldNm":"submInd_0", "index":1, "CallTCName":"PFI Precision and Scale/PFI Components/ConstantHashMap", "cmbNm":"PresINd", ... ], STOP_ON_FAILURE): Call Test Case 'Test Cases/PFI Precision and Scale/HashMap Tables/ConstantHashMap' successfully

2020-05-29 23:52:45 - [TEST_CASE][PASSED] - Test Cases/PFI Precision and Scale/HashMap Tables/ConstantHashMap: Test Cases/PFI Precision and Scale/HashMap Tables/ConstantHashMap

2020-05-29 23:52:45 - [TEST_STEP][PASSED] - ConstantTBL = [1:["PeriodType":"Working Day(s)"], 2:["PeriodType":"Calendar Day(s)"], 3:["PeriodType":"Month(s)"], 4:["TypeOfLetter":"T1"], ... ]: null

2020-05-29 23:52:45 - [TEST_STEP][PASSED] - switch (DropdownNm): null

2020-05-29 23:52:45 - [TEST_STEP][PASSED] - Default: null

2020-05-29 23:52:45 - [TEST_STEP][PASSED] - comment("Not found in the List"): Not found in the List

2020-05-29 23:52:45 - [MESSAGE][INFO] - Not found in the List

2020-05-29 23:52:45 - [TEST_STEP][PASSED] - break: null

2020-05-29 23:52:45 - [MESSAGE][PASSED] - Call Test Case 'Test Cases/PFI Precision and Scale/HashMap Tables/ConstantHashMap' successfully

2020-05-29 23:52:45 - [TEST_STEP][PASSED] - callTestCase(findTestCase("Components/SelectAllThenDeleteXPI"), ["nameToBeUsed":"submInd_0", "index":1], STOP_ON_FAILURE): Call Test Case 'Test Cases/Components/SelectAllThenDeleteXPI' successfully

2020-05-29 23:52:45 - [TEST_CASE][PASSED] - Test Cases/Components/SelectAllThenDeleteXPI: Test Cases/Components/SelectAllThenDeleteXPI

2020-05-29 23:52:45 - [TEST_STEP][PASSED] - Thread.sleep(1000): null

2020-05-29 23:52:46 - [TEST_STEP][PASSED] - modifiedObj = modifyObjectProperty(findTestObject("Object Repository/Objects.HighlightElements/input_field_index"), "xpath", "equals", "(//*[contains(@name,'" + nameToBeUsed + "')])[" + index + "]", true): Modify property of object successfully

2020-05-29 23:52:46 - [MESSAGE][PASSED] - Modify property of object successfully

2020-05-29 23:52:46 - [TEST_STEP][PASSED] - focus(modifiedObj): Object: 'Object Repository/Objects.HighlightElements/input_field_index' is focused

2020-05-29 23:52:47 - [MESSAGE][PASSED] - Object: 'Object Repository/Objects.HighlightElements/input_field_index' is focused

2020-05-29 23:52:47 - [TEST_STEP][PASSED] - sendKeys(modifiedObj, Keys.chord(CONTROL, "a")): Keys 'CONTROL + a' sent to object: 'Object Repository/Objects.HighlightElements/input_field_index'

2020-05-29 23:52:47 - [MESSAGE][PASSED] - Keys 'CONTROL + a' sent to object: 'Object Repository/Objects.HighlightElements/input_field_index'

2020-05-29 23:52:47 - [TEST_STEP][PASSED] - sendKeys(modifiedObj, Keys.chord(DELETE)): Keys 'DELETE + ' sent to object: 'Object Repository/Objects.HighlightElements/input_field_index'

2020-05-29 23:52:47 - [MESSAGE][PASSED] - Keys 'DELETE + ' sent to object: 'Object Repository/Objects.HighlightElements/input_field_index'

2020-05-29 23:52:47 - [MESSAGE][PASSED] - Call Test Case 'Test Cases/Components/SelectAllThenDeleteXPI' successfully

2020-05-29 23:52:47 - [TEST_STEP][PASSED] - callTestCase(findTestCase("PFI Precision and Scale/PFI Components with Indexing/RequiredFieldValidationXPI"), ["nameToBeUsed":"submInd_0", "index":1], STOP_ON_FAILURE): Call Test Case 'Test Cases/PFI Precision and Scale/PFI Components with Indexing/RequiredFieldValidationXPI' successfully

2020-05-29 23:52:47 - [TEST_CASE][PASSED] - Test Cases/PFI Precision and Scale/PFI Components with Indexing/RequiredFieldValidationXPI: Test Cases/PFI Precision and Scale/PFI Components with Indexing/RequiredFieldValidationXPI

2020-05-29 23:52:47 - [TEST_STEP][PASSED] - enableSmartWait(): null

2020-05-29 23:52:47 - [TEST_STEP][PASSED] - NewInputNmField = modifyObjectProperty(findTestObject("Objects.HighlightElements/input_field_index"), "xpath", "equals", "(//*[contains(@name,'" + nameToBeUsed + "')])[" + index + "]", true): Modify property of object successfully

2020-05-29 23:52:47 - [MESSAGE][PASSED] - Modify property of object successfully

2020-05-29 23:52:47 - [TEST_STEP][PASSED] - mouseOver(NewInputNmField): Object: 'Object Repository/Objects.HighlightElements/input_field_index' is hovered

2020-05-29 23:52:48 - [MESSAGE][PASSED] - Object: 'Object Repository/Objects.HighlightElements/input_field_index' is hovered

2020-05-29 23:52:48 - [TEST_STEP][PASSED] - getRqErrMsg = getAttribute(NewInputNmField, "data-errorqtip"): Attribute 'data-errorqtip' of object 'Object Repository/Objects.HighlightElements/input_field_index' is: '<ul class="x-list-plain"><li>This field is required</li></ul>'

2020-05-29 23:52:48 - [MESSAGE][PASSED] - Attribute 'data-errorqtip' of object 'Object Repository/Objects.HighlightElements/input_field_index' is: '<ul class="x-list-plain"><li>This field is required</li></ul>'

2020-05-29 23:52:48 - [TEST_STEP][PASSED] - strToolTip = getRqErrMsg.substring(29, 61): null

2020-05-29 23:52:48 - [TEST_STEP][PASSED] - toolTipReqErrMsg = strToolTip.substring(0, 22): null

2020-05-29 23:52:48 - [TEST_STEP][PASSED] - verifyMatch(toolTipReqErrMsg, RqField, true): Actual text 'This field is required' and expected text 'This field is required' are matched  using regular expression

2020-05-29 23:52:48 - [MESSAGE][PASSED] - Actual text 'This field is required' and expected text 'This field is required' are matched  using regular expression

2020-05-29 23:52:48 - [MESSAGE][PASSED] - Call Test Case 'Test Cases/PFI Precision and Scale/PFI Components with Indexing/RequiredFieldValidationXPI' successfully

2020-05-29 23:52:48 - [TEST_STEP][PASSED] - callTestCase(findTestCase("Components/HighlightInputFieldXPI"), ["FldNm":"submInd_1", "index":1], STOP_ON_FAILURE): Call Test Case 'Test Cases/Components/HighlightInputFieldXPI' successfully

2020-05-29 23:52:48 - [TEST_CASE][PASSED] - Test Cases/Components/HighlightInputFieldXPI: Test Cases/Components/HighlightInputFieldXPI

2020-05-29 23:52:48 - [TEST_STEP][PASSED] - Thread.sleep(1000): null

2020-05-29 23:52:49 - [TEST_STEP][PASSED] - modifiedInputNm = modifyObjectProperty(findTestObject("Object Repository/Objects.HighlightElements/input_field_index"), "xpath", "equals", "(//*[contains(@name, '" + FldNm + "')])[" + index + "]", true): Modify property of object successfully

2020-05-29 23:52:49 - [MESSAGE][PASSED] - Modify property of object successfully

2020-05-29 23:52:49 - [TEST_STEP][PASSED] - com.reusableComponents.HighlightElement.run(modifiedInputNm): com.reusableComponents.HighlightElement.run is PASSED

2020-05-29 23:52:50 - [MESSAGE][PASSED] - com.reusableComponents.HighlightElement.run is PASSED

2020-05-29 23:52:50 - [MESSAGE][PASSED] - Call Test Case 'Test Cases/Components/HighlightInputFieldXPI' successfully

2020-05-29 23:52:50 - [TEST_STEP][PASSED] - callTestCase(findTestCase("PFI Precision and Scale/PFI Components with Indexing/VerifyDropdownValuesXPI"), ["FldNm":"submInd_1", "index":1, "CallTCName":"PFI Precision and Scale/HashMap Tables/ConstantHashMap", "cmbNm":"PresINd", ... ], STOP_ON_FAILURE): Call Test Case 'Test Cases/PFI Precision and Scale/PFI Components with Indexing/VerifyDropdownValuesXPI' successfully

2020-05-29 23:52:50 - [TEST_CASE][PASSED] - Test Cases/PFI Precision and Scale/PFI Components with Indexing/VerifyDropdownValuesXPI: Test Cases/PFI Precision and Scale/PFI Components with Indexing/VerifyDropdownValuesXPI

2020-05-29 23:52:50 - [TEST_STEP][PASSED] - Thread.sleep(1000): null

2020-05-29 23:52:51 - [TEST_STEP][PASSED] - NewInputNmField = modifyObjectProperty(findTestObject("Object Repository/Objects.HighlightElements/input_field_index"), "xpath", "equals", "(//*[contains(@name, '" + FldNm + "')])[" + index + "]", true): Modify property of object successfully

2020-05-29 23:52:51 - [MESSAGE][PASSED] - Modify property of object successfully

2020-05-29 23:52:51 - [TEST_STEP][PASSED] - comboNm = cmbNm: null

2020-05-29 23:52:51 - [TEST_STEP][PASSED] - focus(NewInputNmField): Object: 'Object Repository/Objects.HighlightElements/input_field_index' is focused

2020-05-29 23:52:51 - [MESSAGE][PASSED] - Object: 'Object Repository/Objects.HighlightElements/input_field_index' is focused

2020-05-29 23:52:51 - [TEST_STEP][PASSED] - setText(NewInputNmField, EnterValue): Text '' is set on object 'Object Repository/Objects.HighlightElements/input_field_index'

2020-05-29 23:52:52 - [MESSAGE][PASSED] - Text '' is set on object 'Object Repository/Objects.HighlightElements/input_field_index'

2020-05-29 23:52:52 - [TEST_STEP][PASSED] - for ([i = 1, i <= NoOfVal, (i++)]): Keys 'DOWN + ' sent to object: 'Object Repository/Objects.HighlightElements/input_field_index'

2020-05-29 23:52:52 - [TEST_STEP][PASSED] - sendKeys(NewInputNmField, Keys.chord(ARROW_DOWN)): Keys 'DOWN + ' sent to object: 'Object Repository/Objects.HighlightElements/input_field_index'

2020-05-29 23:52:52 - [MESSAGE][PASSED] - Keys 'DOWN + ' sent to object: 'Object Repository/Objects.HighlightElements/input_field_index'

2020-05-29 23:52:52 - [TEST_STEP][PASSED] - delay(DelayTime): Delayed 2 second(s)

2020-05-29 23:52:54 - [MESSAGE][PASSED] - Delayed 2 second(s)

2020-05-29 23:52:54 - [TEST_STEP][PASSED] - sendKeys(NewInputNmField, Keys.chord(ENTER)): Keys 'ENTER + ' sent to object: 'Object Repository/Objects.HighlightElements/input_field_index'

2020-05-29 23:52:55 - [MESSAGE][PASSED] - Keys 'ENTER + ' sent to object: 'Object Repository/Objects.HighlightElements/input_field_index'

2020-05-29 23:52:55 - [TEST_STEP][PASSED] - ComboBoxValue = getAttribute(NewInputNmField, "value"): Attribute 'value' of object 'Object Repository/Objects.HighlightElements/input_field_index' is: 'Yes'

2020-05-29 23:52:55 - [MESSAGE][PASSED] - Attribute 'value' of object 'Object Repository/Objects.HighlightElements/input_field_index' is: 'Yes'

2020-05-29 23:52:55 - [TEST_STEP][PASSED] - callTestCase(findTestCase(CallTCName), ["FindValue":ComboBoxValue, "DropdownNm":comboNm], STOP_ON_FAILURE): Call Test Case 'Test Cases/PFI Precision and Scale/HashMap Tables/ConstantHashMap' successfully

2020-05-29 23:52:55 - [TEST_CASE][PASSED] - Test Cases/PFI Precision and Scale/HashMap Tables/ConstantHashMap: Test Cases/PFI Precision and Scale/HashMap Tables/ConstantHashMap

2020-05-29 23:52:55 - [TEST_STEP][PASSED] - ConstantTBL = [1:["PeriodType":"Working Day(s)"], 2:["PeriodType":"Calendar Day(s)"], 3:["PeriodType":"Month(s)"], 4:["TypeOfLetter":"T1"], ... ]: null

2020-05-29 23:52:55 - [TEST_STEP][PASSED] - switch (DropdownNm): null

2020-05-29 23:52:55 - [TEST_STEP][PASSED] - case "PresINd":: null

2020-05-29 23:52:55 - [TEST_STEP][PASSED] - ValueFound = ConstantTBL.find({ -> ... }): null

2020-05-29 23:52:55 - [TEST_STEP][PASSED] - break: null

2020-05-29 23:52:55 - [MESSAGE][PASSED] - Call Test Case 'Test Cases/PFI Precision and Scale/HashMap Tables/ConstantHashMap' successfully

2020-05-29 23:52:55 - [TEST_STEP][PASSED] - println(ValueFound): null

2020-05-29 23:52:55 - [TEST_STEP][PASSED] - sendKeys(NewInputNmField, Keys.chord(ARROW_DOWN)): Keys 'DOWN + ' sent to object: 'Object Repository/Objects.HighlightElements/input_field_index'

2020-05-29 23:52:55 - [MESSAGE][PASSED] - Keys 'DOWN + ' sent to object: 'Object Repository/Objects.HighlightElements/input_field_index'

2020-05-29 23:52:55 - [TEST_STEP][PASSED] - sendKeys(NewInputNmField, Keys.chord(ARROW_DOWN)): Keys 'DOWN + ' sent to object: 'Object Repository/Objects.HighlightElements/input_field_index'

2020-05-29 23:52:56 - [MESSAGE][PASSED] - Keys 'DOWN + ' sent to object: 'Object Repository/Objects.HighlightElements/input_field_index'

2020-05-29 23:52:56 - [TEST_STEP][PASSED] - delay(DelayTime): Delayed 2 second(s)

2020-05-29 23:52:58 - [MESSAGE][PASSED] - Delayed 2 second(s)

2020-05-29 23:52:58 - [TEST_STEP][PASSED] - sendKeys(NewInputNmField, Keys.chord(ENTER)): Keys 'ENTER + ' sent to object: 'Object Repository/Objects.HighlightElements/input_field_index'

2020-05-29 23:52:58 - [MESSAGE][PASSED] - Keys 'ENTER + ' sent to object: 'Object Repository/Objects.HighlightElements/input_field_index'

2020-05-29 23:52:58 - [TEST_STEP][PASSED] - ComboBoxValue = getAttribute(NewInputNmField, "value"): Attribute 'value' of object 'Object Repository/Objects.HighlightElements/input_field_index' is: 'No'

2020-05-29 23:52:58 - [MESSAGE][PASSED] - Attribute 'value' of object 'Object Repository/Objects.HighlightElements/input_field_index' is: 'No'

2020-05-29 23:52:58 - [TEST_STEP][PASSED] - callTestCase(findTestCase(CallTCName), ["FindValue":ComboBoxValue, "DropdownNm":comboNm], STOP_ON_FAILURE): Call Test Case 'Test Cases/PFI Precision and Scale/HashMap Tables/ConstantHashMap' successfully

2020-05-29 23:52:59 - [TEST_CASE][PASSED] - Test Cases/PFI Precision and Scale/HashMap Tables/ConstantHashMap: Test Cases/PFI Precision and Scale/HashMap Tables/ConstantHashMap

2020-05-29 23:52:59 - [TEST_STEP][PASSED] - ConstantTBL = [1:["PeriodType":"Working Day(s)"], 2:["PeriodType":"Calendar Day(s)"], 3:["PeriodType":"Month(s)"], 4:["TypeOfLetter":"T1"], ... ]: null

2020-05-29 23:52:59 - [TEST_STEP][PASSED] - switch (DropdownNm): null

2020-05-29 23:52:59 - [TEST_STEP][PASSED] - case "PresINd":: null

2020-05-29 23:52:59 - [TEST_STEP][PASSED] - ValueFound = ConstantTBL.find({ -> ... }): null

2020-05-29 23:52:59 - [TEST_STEP][PASSED] - break: null

2020-05-29 23:52:59 - [MESSAGE][PASSED] - Call Test Case 'Test Cases/PFI Precision and Scale/HashMap Tables/ConstantHashMap' successfully

2020-05-29 23:52:59 - [TEST_STEP][PASSED] - println(ValueFound): null

2020-05-29 23:52:59 - [TEST_STEP][PASSED] - sendKeys(NewInputNmField, Keys.chord(ARROW_DOWN)): Keys 'DOWN + ' sent to object: 'Object Repository/Objects.HighlightElements/input_field_index'

2020-05-29 23:52:59 - [MESSAGE][PASSED] - Keys 'DOWN + ' sent to object: 'Object Repository/Objects.HighlightElements/input_field_index'

2020-05-29 23:52:59 - [TEST_STEP][PASSED] - sendKeys(NewInputNmField, Keys.chord(ENTER)): Keys 'ENTER + ' sent to object: 'Object Repository/Objects.HighlightElements/input_field_index'

2020-05-29 23:52:59 - [MESSAGE][PASSED] - Keys 'ENTER + ' sent to object: 'Object Repository/Objects.HighlightElements/input_field_index'

2020-05-29 23:52:59 - [MESSAGE][PASSED] - Call Test Case 'Test Cases/PFI Precision and Scale/PFI Components with Indexing/VerifyDropdownValuesXPI' successfully

2020-05-29 23:52:59 - [TEST_STEP][PASSED] - callTestCase(findTestCase("Components/SelectAllThenDeleteXPI"), ["nameToBeUsed":"submInd_1", "index":"1"], STOP_ON_FAILURE): Call Test Case 'Test Cases/Components/SelectAllThenDeleteXPI' successfully

2020-05-29 23:52:59 - [TEST_CASE][PASSED] - Test Cases/Components/SelectAllThenDeleteXPI: Test Cases/Components/SelectAllThenDeleteXPI

2020-05-29 23:52:59 - [TEST_STEP][PASSED] - Thread.sleep(1000): null

2020-05-29 23:53:00 - [TEST_STEP][PASSED] - modifiedObj = modifyObjectProperty(findTestObject("Object Repository/Objects.HighlightElements/input_field_index"), "xpath", "equals", "(//*[contains(@name,'" + nameToBeUsed + "')])[" + index + "]", true): Modify property of object successfully

2020-05-29 23:53:00 - [MESSAGE][PASSED] - Modify property of object successfully

2020-05-29 23:53:00 - [TEST_STEP][PASSED] - focus(modifiedObj): Object: 'Object Repository/Objects.HighlightElements/input_field_index' is focused

2020-05-29 23:53:01 - [MESSAGE][PASSED] - Object: 'Object Repository/Objects.HighlightElements/input_field_index' is focused

2020-05-29 23:53:01 - [TEST_STEP][PASSED] - sendKeys(modifiedObj, Keys.chord(CONTROL, "a")): Keys 'CONTROL + a' sent to object: 'Object Repository/Objects.HighlightElements/input_field_index'

2020-05-29 23:53:01 - [MESSAGE][PASSED] - Keys 'CONTROL + a' sent to object: 'Object Repository/Objects.HighlightElements/input_field_index'

2020-05-29 23:53:01 - [TEST_STEP][PASSED] - sendKeys(modifiedObj, Keys.chord(DELETE)): Keys 'DELETE + ' sent to object: 'Object Repository/Objects.HighlightElements/input_field_index'

2020-05-29 23:53:01 - [MESSAGE][PASSED] - Keys 'DELETE + ' sent to object: 'Object Repository/Objects.HighlightElements/input_field_index'

2020-05-29 23:53:01 - [MESSAGE][PASSED] - Call Test Case 'Test Cases/Components/SelectAllThenDeleteXPI' successfully

2020-05-29 23:53:01 - [TEST_STEP][PASSED] - callTestCase(findTestCase("PFI Precision and Scale/PFI Components with Indexing/RequiredFieldValidationXPI"), ["nameToBeUsed":"submInd_1", "index":1], STOP_ON_FAILURE): Call Test Case 'Test Cases/PFI Precision and Scale/PFI Components with Indexing/RequiredFieldValidationXPI' successfully

2020-05-29 23:53:01 - [TEST_CASE][PASSED] - Test Cases/PFI Precision and Scale/PFI Components with Indexing/RequiredFieldValidationXPI: Test Cases/PFI Precision and Scale/PFI Components with Indexing/RequiredFieldValidationXPI

2020-05-29 23:53:01 - [TEST_STEP][PASSED] - enableSmartWait(): null

2020-05-29 23:53:01 - [TEST_STEP][PASSED] - NewInputNmField = modifyObjectProperty(findTestObject("Objects.HighlightElements/input_field_index"), "xpath", "equals", "(//*[contains(@name,'" + nameToBeUsed + "')])[" + index + "]", true): Modify property of object successfully

2020-05-29 23:53:01 - [MESSAGE][PASSED] - Modify property of object successfully

2020-05-29 23:53:01 - [TEST_STEP][PASSED] - mouseOver(NewInputNmField): Object: 'Object Repository/Objects.HighlightElements/input_field_index' is hovered

2020-05-29 23:53:02 - [MESSAGE][PASSED] - Object: 'Object Repository/Objects.HighlightElements/input_field_index' is hovered

2020-05-29 23:53:02 - [TEST_STEP][PASSED] - getRqErrMsg = getAttribute(NewInputNmField, "data-errorqtip"): Attribute 'data-errorqtip' of object 'Object Repository/Objects.HighlightElements/input_field_index' is: '<ul class="x-list-plain"><li>This field is required</li></ul>'

2020-05-29 23:53:02 - [MESSAGE][PASSED] - Attribute 'data-errorqtip' of object 'Object Repository/Objects.HighlightElements/input_field_index' is: '<ul class="x-list-plain"><li>This field is required</li></ul>'

2020-05-29 23:53:02 - [TEST_STEP][PASSED] - strToolTip = getRqErrMsg.substring(29, 61): null

2020-05-29 23:53:02 - [TEST_STEP][PASSED] - toolTipReqErrMsg = strToolTip.substring(0, 22): null

2020-05-29 23:53:02 - [TEST_STEP][PASSED] - verifyMatch(toolTipReqErrMsg, RqField, true): Actual text 'This field is required' and expected text 'This field is required' are matched  using regular expression

2020-05-29 23:53:02 - [MESSAGE][PASSED] - Actual text 'This field is required' and expected text 'This field is required' are matched  using regular expression

2020-05-29 23:53:02 - [MESSAGE][PASSED] - Call Test Case 'Test Cases/PFI Precision and Scale/PFI Components with Indexing/RequiredFieldValidationXPI' successfully

2020-05-29 23:53:02 - [TEST_STEP][PASSED] - callTestCase(findTestCase("Components/HighlightInputFieldXPI"), ["FldNm":"submInd_2", "index":1], STOP_ON_FAILURE): Call Test Case 'Test Cases/Components/HighlightInputFieldXPI' successfully

2020-05-29 23:53:02 - [TEST_CASE][PASSED] - Test Cases/Components/HighlightInputFieldXPI: Test Cases/Components/HighlightInputFieldXPI

2020-05-29 23:53:02 - [TEST_STEP][PASSED] - Thread.sleep(1000): null

2020-05-29 23:53:03 - [TEST_STEP][PASSED] - modifiedInputNm = modifyObjectProperty(findTestObject("Object Repository/Objects.HighlightElements/input_field_index"), "xpath", "equals", "(//*[contains(@name, '" + FldNm + "')])[" + index + "]", true): Modify property of object successfully

2020-05-29 23:53:03 - [MESSAGE][PASSED] - Modify property of object successfully

2020-05-29 23:53:03 - [TEST_STEP][PASSED] - com.reusableComponents.HighlightElement.run(modifiedInputNm): com.reusableComponents.HighlightElement.run is PASSED

2020-05-29 23:53:04 - [MESSAGE][PASSED] - com.reusableComponents.HighlightElement.run is PASSED

2020-05-29 23:53:04 - [MESSAGE][PASSED] - Call Test Case 'Test Cases/Components/HighlightInputFieldXPI' successfully

2020-05-29 23:53:04 - [TEST_STEP][PASSED] - callTestCase(findTestCase("PFI Precision and Scale/PFI Components with Indexing/VerifyDropdownValuesXPI"), ["FldNm":"submInd_2", "index":1, "CallTCName":"PFI Precision and Scale/HashMap Tables/ConstantHashMap", "cmbNm":"PresINd", ... ], STOP_ON_FAILURE): Call Test Case 'Test Cases/PFI Precision and Scale/PFI Components with Indexing/VerifyDropdownValuesXPI' successfully

2020-05-29 23:53:04 - [TEST_CASE][PASSED] - Test Cases/PFI Precision and Scale/PFI Components with Indexing/VerifyDropdownValuesXPI: Test Cases/PFI Precision and Scale/PFI Components with Indexing/VerifyDropdownValuesXPI

2020-05-29 23:53:04 - [TEST_STEP][PASSED] - Thread.sleep(1000): null

2020-05-29 23:53:05 - [TEST_STEP][PASSED] - NewInputNmField = modifyObjectProperty(findTestObject("Object Repository/Objects.HighlightElements/input_field_index"), "xpath", "equals", "(//*[contains(@name, '" + FldNm + "')])[" + index + "]", true): Modify property of object successfully

2020-05-29 23:53:05 - [MESSAGE][PASSED] - Modify property of object successfully

2020-05-29 23:53:05 - [TEST_STEP][PASSED] - comboNm = cmbNm: null

2020-05-29 23:53:05 - [TEST_STEP][PASSED] - focus(NewInputNmField): Object: 'Object Repository/Objects.HighlightElements/input_field_index' is focused

2020-05-29 23:53:05 - [MESSAGE][PASSED] - Object: 'Object Repository/Objects.HighlightElements/input_field_index' is focused

2020-05-29 23:53:05 - [TEST_STEP][PASSED] - setText(NewInputNmField, EnterValue): Text '' is set on object 'Object Repository/Objects.HighlightElements/input_field_index'

2020-05-29 23:53:06 - [MESSAGE][PASSED] - Text '' is set on object 'Object Repository/Objects.HighlightElements/input_field_index'

2020-05-29 23:53:06 - [TEST_STEP][PASSED] - for ([i = 1, i <= NoOfVal, (i++)]): Keys 'DOWN + ' sent to object: 'Object Repository/Objects.HighlightElements/input_field_index'

2020-05-29 23:53:06 - [TEST_STEP][PASSED] - sendKeys(NewInputNmField, Keys.chord(ARROW_DOWN)): Keys 'DOWN + ' sent to object: 'Object Repository/Objects.HighlightElements/input_field_index'

2020-05-29 23:53:06 - [MESSAGE][PASSED] - Keys 'DOWN + ' sent to object: 'Object Repository/Objects.HighlightElements/input_field_index'

2020-05-29 23:53:06 - [TEST_STEP][PASSED] - delay(DelayTime): Delayed 2 second(s)

2020-05-29 23:53:08 - [MESSAGE][PASSED] - Delayed 2 second(s)

2020-05-29 23:53:08 - [TEST_STEP][PASSED] - sendKeys(NewInputNmField, Keys.chord(ENTER)): Keys 'ENTER + ' sent to object: 'Object Repository/Objects.HighlightElements/input_field_index'

2020-05-29 23:53:09 - [MESSAGE][PASSED] - Keys 'ENTER + ' sent to object: 'Object Repository/Objects.HighlightElements/input_field_index'

2020-05-29 23:53:09 - [TEST_STEP][PASSED] - ComboBoxValue = getAttribute(NewInputNmField, "value"): Attribute 'value' of object 'Object Repository/Objects.HighlightElements/input_field_index' is: 'Yes'

2020-05-29 23:53:09 - [MESSAGE][PASSED] - Attribute 'value' of object 'Object Repository/Objects.HighlightElements/input_field_index' is: 'Yes'

2020-05-29 23:53:09 - [TEST_STEP][PASSED] - callTestCase(findTestCase(CallTCName), ["FindValue":ComboBoxValue, "DropdownNm":comboNm], STOP_ON_FAILURE): Call Test Case 'Test Cases/PFI Precision and Scale/HashMap Tables/ConstantHashMap' successfully

2020-05-29 23:53:09 - [TEST_CASE][PASSED] - Test Cases/PFI Precision and Scale/HashMap Tables/ConstantHashMap: Test Cases/PFI Precision and Scale/HashMap Tables/ConstantHashMap

2020-05-29 23:53:09 - [TEST_STEP][PASSED] - ConstantTBL = [1:["PeriodType":"Working Day(s)"], 2:["PeriodType":"Calendar Day(s)"], 3:["PeriodType":"Month(s)"], 4:["TypeOfLetter":"T1"], ... ]: null

2020-05-29 23:53:09 - [TEST_STEP][PASSED] - switch (DropdownNm): null

2020-05-29 23:53:09 - [TEST_STEP][PASSED] - case "PresINd":: null

2020-05-29 23:53:09 - [TEST_STEP][PASSED] - ValueFound = ConstantTBL.find({ -> ... }): null

2020-05-29 23:53:09 - [TEST_STEP][PASSED] - break: null

2020-05-29 23:53:09 - [MESSAGE][PASSED] - Call Test Case 'Test Cases/PFI Precision and Scale/HashMap Tables/ConstantHashMap' successfully

2020-05-29 23:53:09 - [TEST_STEP][PASSED] - println(ValueFound): null

2020-05-29 23:53:09 - [TEST_STEP][PASSED] - sendKeys(NewInputNmField, Keys.chord(ARROW_DOWN)): Keys 'DOWN + ' sent to object: 'Object Repository/Objects.HighlightElements/input_field_index'

2020-05-29 23:53:09 - [MESSAGE][PASSED] - Keys 'DOWN + ' sent to object: 'Object Repository/Objects.HighlightElements/input_field_index'

2020-05-29 23:53:09 - [TEST_STEP][PASSED] - sendKeys(NewInputNmField, Keys.chord(ARROW_DOWN)): Keys 'DOWN + ' sent to object: 'Object Repository/Objects.HighlightElements/input_field_index'

2020-05-29 23:53:10 - [MESSAGE][PASSED] - Keys 'DOWN + ' sent to object: 'Object Repository/Objects.HighlightElements/input_field_index'

2020-05-29 23:53:10 - [TEST_STEP][PASSED] - delay(DelayTime): Delayed 2 second(s)

2020-05-29 23:53:12 - [MESSAGE][PASSED] - Delayed 2 second(s)

2020-05-29 23:53:12 - [TEST_STEP][PASSED] - sendKeys(NewInputNmField, Keys.chord(ENTER)): Keys 'ENTER + ' sent to object: 'Object Repository/Objects.HighlightElements/input_field_index'

2020-05-29 23:53:12 - [MESSAGE][PASSED] - Keys 'ENTER + ' sent to object: 'Object Repository/Objects.HighlightElements/input_field_index'

2020-05-29 23:53:12 - [TEST_STEP][PASSED] - ComboBoxValue = getAttribute(NewInputNmField, "value"): Attribute 'value' of object 'Object Repository/Objects.HighlightElements/input_field_index' is: 'No'

2020-05-29 23:53:12 - [MESSAGE][PASSED] - Attribute 'value' of object 'Object Repository/Objects.HighlightElements/input_field_index' is: 'No'

2020-05-29 23:53:12 - [TEST_STEP][PASSED] - callTestCase(findTestCase(CallTCName), ["FindValue":ComboBoxValue, "DropdownNm":comboNm], STOP_ON_FAILURE): Call Test Case 'Test Cases/PFI Precision and Scale/HashMap Tables/ConstantHashMap' successfully

2020-05-29 23:53:12 - [TEST_CASE][PASSED] - Test Cases/PFI Precision and Scale/HashMap Tables/ConstantHashMap: Test Cases/PFI Precision and Scale/HashMap Tables/ConstantHashMap

2020-05-29 23:53:12 - [TEST_STEP][PASSED] - ConstantTBL = [1:["PeriodType":"Working Day(s)"], 2:["PeriodType":"Calendar Day(s)"], 3:["PeriodType":"Month(s)"], 4:["TypeOfLetter":"T1"], ... ]: null

2020-05-29 23:53:12 - [TEST_STEP][PASSED] - switch (DropdownNm): null

2020-05-29 23:53:12 - [TEST_STEP][PASSED] - case "PresINd":: null

2020-05-29 23:53:12 - [TEST_STEP][PASSED] - ValueFound = ConstantTBL.find({ -> ... }): null

2020-05-29 23:53:12 - [TEST_STEP][PASSED] - break: null

2020-05-29 23:53:12 - [MESSAGE][PASSED] - Call Test Case 'Test Cases/PFI Precision and Scale/HashMap Tables/ConstantHashMap' successfully

2020-05-29 23:53:12 - [TEST_STEP][PASSED] - println(ValueFound): null

2020-05-29 23:53:12 - [TEST_STEP][PASSED] - sendKeys(NewInputNmField, Keys.chord(ARROW_DOWN)): Keys 'DOWN + ' sent to object: 'Object Repository/Objects.HighlightElements/input_field_index'

2020-05-29 23:53:13 - [MESSAGE][PASSED] - Keys 'DOWN + ' sent to object: 'Object Repository/Objects.HighlightElements/input_field_index'

2020-05-29 23:53:13 - [TEST_STEP][PASSED] - sendKeys(NewInputNmField, Keys.chord(ENTER)): Keys 'ENTER + ' sent to object: 'Object Repository/Objects.HighlightElements/input_field_index'

2020-05-29 23:53:13 - [MESSAGE][PASSED] - Keys 'ENTER + ' sent to object: 'Object Repository/Objects.HighlightElements/input_field_index'

2020-05-29 23:53:13 - [MESSAGE][PASSED] - Call Test Case 'Test Cases/PFI Precision and Scale/PFI Components with Indexing/VerifyDropdownValuesXPI' successfully

2020-05-29 23:53:13 - [TEST_STEP][PASSED] - callTestCase(findTestCase("Components/SelectAllThenDeleteXPI"), ["nameToBeUsed":"submInd_2", "index":1], STOP_ON_FAILURE): Call Test Case 'Test Cases/Components/SelectAllThenDeleteXPI' successfully

2020-05-29 23:53:13 - [TEST_CASE][PASSED] - Test Cases/Components/SelectAllThenDeleteXPI: Test Cases/Components/SelectAllThenDeleteXPI

2020-05-29 23:53:13 - [TEST_STEP][PASSED] - Thread.sleep(1000): null

2020-05-29 23:53:14 - [TEST_STEP][PASSED] - modifiedObj = modifyObjectProperty(findTestObject("Object Repository/Objects.HighlightElements/input_field_index"), "xpath", "equals", "(//*[contains(@name,'" + nameToBeUsed + "')])[" + index + "]", true): Modify property of object successfully

2020-05-29 23:53:14 - [MESSAGE][PASSED] - Modify property of object successfully

2020-05-29 23:53:14 - [TEST_STEP][PASSED] - focus(modifiedObj): Object: 'Object Repository/Objects.HighlightElements/input_field_index' is focused

2020-05-29 23:53:15 - [MESSAGE][PASSED] - Object: 'Object Repository/Objects.HighlightElements/input_field_index' is focused

2020-05-29 23:53:15 - [TEST_STEP][PASSED] - sendKeys(modifiedObj, Keys.chord(CONTROL, "a")): Keys 'CONTROL + a' sent to object: 'Object Repository/Objects.HighlightElements/input_field_index'

2020-05-29 23:53:15 - [MESSAGE][PASSED] - Keys 'CONTROL + a' sent to object: 'Object Repository/Objects.HighlightElements/input_field_index'

2020-05-29 23:53:15 - [TEST_STEP][PASSED] - sendKeys(modifiedObj, Keys.chord(DELETE)): Keys 'DELETE + ' sent to object: 'Object Repository/Objects.HighlightElements/input_field_index'

2020-05-29 23:53:15 - [MESSAGE][PASSED] - Keys 'DELETE + ' sent to object: 'Object Repository/Objects.HighlightElements/input_field_index'

2020-05-29 23:53:15 - [MESSAGE][PASSED] - Call Test Case 'Test Cases/Components/SelectAllThenDeleteXPI' successfully

2020-05-29 23:53:15 - [TEST_STEP][PASSED] - callTestCase(findTestCase("PFI Precision and Scale/PFI Components with Indexing/RequiredFieldValidationXPI"), ["nameToBeUsed":"submInd_2", "index":1], STOP_ON_FAILURE): Call Test Case 'Test Cases/PFI Precision and Scale/PFI Components with Indexing/RequiredFieldValidationXPI' successfully

2020-05-29 23:53:15 - [TEST_CASE][PASSED] - Test Cases/PFI Precision and Scale/PFI Components with Indexing/RequiredFieldValidationXPI: Test Cases/PFI Precision and Scale/PFI Components with Indexing/RequiredFieldValidationXPI

2020-05-29 23:53:15 - [TEST_STEP][PASSED] - enableSmartWait(): null

2020-05-29 23:53:15 - [TEST_STEP][PASSED] - NewInputNmField = modifyObjectProperty(findTestObject("Objects.HighlightElements/input_field_index"), "xpath", "equals", "(//*[contains(@name,'" + nameToBeUsed + "')])[" + index + "]", true): Modify property of object successfully

2020-05-29 23:53:15 - [MESSAGE][PASSED] - Modify property of object successfully

2020-05-29 23:53:15 - [TEST_STEP][PASSED] - mouseOver(NewInputNmField): Object: 'Object Repository/Objects.HighlightElements/input_field_index' is hovered

2020-05-29 23:53:16 - [MESSAGE][PASSED] - Object: 'Object Repository/Objects.HighlightElements/input_field_index' is hovered

2020-05-29 23:53:16 - [TEST_STEP][PASSED] - getRqErrMsg = getAttribute(NewInputNmField, "data-errorqtip"): Attribute 'data-errorqtip' of object 'Object Repository/Objects.HighlightElements/input_field_index' is: '<ul class="x-list-plain"><li>This field is required</li></ul>'

2020-05-29 23:53:16 - [MESSAGE][PASSED] - Attribute 'data-errorqtip' of object 'Object Repository/Objects.HighlightElements/input_field_index' is: '<ul class="x-list-plain"><li>This field is required</li></ul>'

2020-05-29 23:53:16 - [TEST_STEP][PASSED] - strToolTip = getRqErrMsg.substring(29, 61): null

2020-05-29 23:53:16 - [TEST_STEP][PASSED] - toolTipReqErrMsg = strToolTip.substring(0, 22): null

2020-05-29 23:53:16 - [TEST_STEP][PASSED] - verifyMatch(toolTipReqErrMsg, RqField, true): Actual text 'This field is required' and expected text 'This field is required' are matched  using regular expression

2020-05-29 23:53:16 - [MESSAGE][PASSED] - Actual text 'This field is required' and expected text 'This field is required' are matched  using regular expression

2020-05-29 23:53:16 - [MESSAGE][PASSED] - Call Test Case 'Test Cases/PFI Precision and Scale/PFI Components with Indexing/RequiredFieldValidationXPI' successfully

2020-05-29 23:53:16 - [TEST_STEP][PASSED] - callTestCase(findTestCase("Components/HighlightInputFieldXPI"), ["FldNm":"submInd_3", "index":1], STOP_ON_FAILURE): Call Test Case 'Test Cases/Components/HighlightInputFieldXPI' successfully

2020-05-29 23:53:16 - [TEST_CASE][PASSED] - Test Cases/Components/HighlightInputFieldXPI: Test Cases/Components/HighlightInputFieldXPI

2020-05-29 23:53:16 - [TEST_STEP][PASSED] - Thread.sleep(1000): null

2020-05-29 23:53:17 - [TEST_STEP][PASSED] - modifiedInputNm = modifyObjectProperty(findTestObject("Object Repository/Objects.HighlightElements/input_field_index"), "xpath", "equals", "(//*[contains(@name, '" + FldNm + "')])[" + index + "]", true): Modify property of object successfully

2020-05-29 23:53:17 - [MESSAGE][PASSED] - Modify property of object successfully

2020-05-29 23:53:17 - [TEST_STEP][PASSED] - com.reusableComponents.HighlightElement.run(modifiedInputNm): com.reusableComponents.HighlightElement.run is PASSED

2020-05-29 23:53:18 - [MESSAGE][PASSED] - com.reusableComponents.HighlightElement.run is PASSED

2020-05-29 23:53:18 - [MESSAGE][PASSED] - Call Test Case 'Test Cases/Components/HighlightInputFieldXPI' successfully

2020-05-29 23:53:18 - [TEST_STEP][PASSED] - callTestCase(findTestCase("PFI Precision and Scale/PFI Components with Indexing/VerifyDropdownValuesXPI"), ["FldNm":"submInd_3", "index":1, "CallTCName":"PFI Precision and Scale/HashMap Tables/ConstantHashMap", "cmbNm":"PresINd", ... ], STOP_ON_FAILURE): Call Test Case 'Test Cases/PFI Precision and Scale/PFI Components with Indexing/VerifyDropdownValuesXPI' successfully

2020-05-29 23:53:18 - [TEST_CASE][PASSED] - Test Cases/PFI Precision and Scale/PFI Components with Indexing/VerifyDropdownValuesXPI: Test Cases/PFI Precision and Scale/PFI Components with Indexing/VerifyDropdownValuesXPI

2020-05-29 23:53:18 - [TEST_STEP][PASSED] - Thread.sleep(1000): null

2020-05-29 23:53:19 - [TEST_STEP][PASSED] - NewInputNmField = modifyObjectProperty(findTestObject("Object Repository/Objects.HighlightElements/input_field_index"), "xpath", "equals", "(//*[contains(@name, '" + FldNm + "')])[" + index + "]", true): Modify property of object successfully

2020-05-29 23:53:19 - [MESSAGE][PASSED] - Modify property of object successfully

2020-05-29 23:53:19 - [TEST_STEP][PASSED] - comboNm = cmbNm: null

2020-05-29 23:53:19 - [TEST_STEP][PASSED] - focus(NewInputNmField): Object: 'Object Repository/Objects.HighlightElements/input_field_index' is focused

2020-05-29 23:53:19 - [MESSAGE][PASSED] - Object: 'Object Repository/Objects.HighlightElements/input_field_index' is focused

2020-05-29 23:53:19 - [TEST_STEP][PASSED] - setText(NewInputNmField, EnterValue): Text '' is set on object 'Object Repository/Objects.HighlightElements/input_field_index'

2020-05-29 23:53:20 - [MESSAGE][PASSED] - Text '' is set on object 'Object Repository/Objects.HighlightElements/input_field_index'

2020-05-29 23:53:20 - [TEST_STEP][PASSED] - for ([i = 1, i <= NoOfVal, (i++)]): Keys 'DOWN + ' sent to object: 'Object Repository/Objects.HighlightElements/input_field_index'

2020-05-29 23:53:20 - [TEST_STEP][PASSED] - sendKeys(NewInputNmField, Keys.chord(ARROW_DOWN)): Keys 'DOWN + ' sent to object: 'Object Repository/Objects.HighlightElements/input_field_index'

2020-05-29 23:53:20 - [MESSAGE][PASSED] - Keys 'DOWN + ' sent to object: 'Object Repository/Objects.HighlightElements/input_field_index'

2020-05-29 23:53:20 - [TEST_STEP][PASSED] - delay(DelayTime): Delayed 2 second(s)

2020-05-29 23:53:22 - [MESSAGE][PASSED] - Delayed 2 second(s)

2020-05-29 23:53:22 - [TEST_STEP][PASSED] - sendKeys(NewInputNmField, Keys.chord(ENTER)): Keys 'ENTER + ' sent to object: 'Object Repository/Objects.HighlightElements/input_field_index'

2020-05-29 23:53:22 - [MESSAGE][PASSED] - Keys 'ENTER + ' sent to object: 'Object Repository/Objects.HighlightElements/input_field_index'

2020-05-29 23:53:22 - [TEST_STEP][PASSED] - ComboBoxValue = getAttribute(NewInputNmField, "value"): Attribute 'value' of object 'Object Repository/Objects.HighlightElements/input_field_index' is: 'Yes'

2020-05-29 23:53:23 - [MESSAGE][PASSED] - Attribute 'value' of object 'Object Repository/Objects.HighlightElements/input_field_index' is: 'Yes'

2020-05-29 23:53:23 - [TEST_STEP][PASSED] - callTestCase(findTestCase(CallTCName), ["FindValue":ComboBoxValue, "DropdownNm":comboNm], STOP_ON_FAILURE): Call Test Case 'Test Cases/PFI Precision and Scale/HashMap Tables/ConstantHashMap' successfully

2020-05-29 23:53:23 - [TEST_CASE][PASSED] - Test Cases/PFI Precision and Scale/HashMap Tables/ConstantHashMap: Test Cases/PFI Precision and Scale/HashMap Tables/ConstantHashMap

2020-05-29 23:53:23 - [TEST_STEP][PASSED] - ConstantTBL = [1:["PeriodType":"Working Day(s)"], 2:["PeriodType":"Calendar Day(s)"], 3:["PeriodType":"Month(s)"], 4:["TypeOfLetter":"T1"], ... ]: null

2020-05-29 23:53:23 - [TEST_STEP][PASSED] - switch (DropdownNm): null

2020-05-29 23:53:23 - [TEST_STEP][PASSED] - case "PresINd":: null

2020-05-29 23:53:23 - [TEST_STEP][PASSED] - ValueFound = ConstantTBL.find({ -> ... }): null

2020-05-29 23:53:23 - [TEST_STEP][PASSED] - break: null

2020-05-29 23:53:23 - [MESSAGE][PASSED] - Call Test Case 'Test Cases/PFI Precision and Scale/HashMap Tables/ConstantHashMap' successfully

2020-05-29 23:53:23 - [TEST_STEP][PASSED] - println(ValueFound): null

2020-05-29 23:53:23 - [TEST_STEP][PASSED] - sendKeys(NewInputNmField, Keys.chord(ARROW_DOWN)): Keys 'DOWN + ' sent to object: 'Object Repository/Objects.HighlightElements/input_field_index'

2020-05-29 23:53:23 - [MESSAGE][PASSED] - Keys 'DOWN + ' sent to object: 'Object Repository/Objects.HighlightElements/input_field_index'

2020-05-29 23:53:23 - [TEST_STEP][PASSED] - sendKeys(NewInputNmField, Keys.chord(ARROW_DOWN)): Keys 'DOWN + ' sent to object: 'Object Repository/Objects.HighlightElements/input_field_index'

2020-05-29 23:53:23 - [MESSAGE][PASSED] - Keys 'DOWN + ' sent to object: 'Object Repository/Objects.HighlightElements/input_field_index'

2020-05-29 23:53:23 - [TEST_STEP][PASSED] - delay(DelayTime): Delayed 2 second(s)

2020-05-29 23:53:25 - [MESSAGE][PASSED] - Delayed 2 second(s)

2020-05-29 23:53:25 - [TEST_STEP][PASSED] - sendKeys(NewInputNmField, Keys.chord(ENTER)): Keys 'ENTER + ' sent to object: 'Object Repository/Objects.HighlightElements/input_field_index'

2020-05-29 23:53:26 - [MESSAGE][PASSED] - Keys 'ENTER + ' sent to object: 'Object Repository/Objects.HighlightElements/input_field_index'

2020-05-29 23:53:26 - [TEST_STEP][PASSED] - ComboBoxValue = getAttribute(NewInputNmField, "value"): Attribute 'value' of object 'Object Repository/Objects.HighlightElements/input_field_index' is: 'No'

2020-05-29 23:53:26 - [MESSAGE][PASSED] - Attribute 'value' of object 'Object Repository/Objects.HighlightElements/input_field_index' is: 'No'

2020-05-29 23:53:26 - [TEST_STEP][PASSED] - callTestCase(findTestCase(CallTCName), ["FindValue":ComboBoxValue, "DropdownNm":comboNm], STOP_ON_FAILURE): Call Test Case 'Test Cases/PFI Precision and Scale/HashMap Tables/ConstantHashMap' successfully

2020-05-29 23:53:26 - [TEST_CASE][PASSED] - Test Cases/PFI Precision and Scale/HashMap Tables/ConstantHashMap: Test Cases/PFI Precision and Scale/HashMap Tables/ConstantHashMap

2020-05-29 23:53:26 - [TEST_STEP][PASSED] - ConstantTBL = [1:["PeriodType":"Working Day(s)"], 2:["PeriodType":"Calendar Day(s)"], 3:["PeriodType":"Month(s)"], 4:["TypeOfLetter":"T1"], ... ]: null

2020-05-29 23:53:26 - [TEST_STEP][PASSED] - switch (DropdownNm): null

2020-05-29 23:53:26 - [TEST_STEP][PASSED] - case "PresINd":: null

2020-05-29 23:53:26 - [TEST_STEP][PASSED] - ValueFound = ConstantTBL.find({ -> ... }): null

2020-05-29 23:53:26 - [TEST_STEP][PASSED] - break: null

2020-05-29 23:53:26 - [MESSAGE][PASSED] - Call Test Case 'Test Cases/PFI Precision and Scale/HashMap Tables/ConstantHashMap' successfully

2020-05-29 23:53:26 - [TEST_STEP][PASSED] - println(ValueFound): null

2020-05-29 23:53:26 - [TEST_STEP][PASSED] - sendKeys(NewInputNmField, Keys.chord(ARROW_DOWN)): Keys 'DOWN + ' sent to object: 'Object Repository/Objects.HighlightElements/input_field_index'

2020-05-29 23:53:26 - [MESSAGE][PASSED] - Keys 'DOWN + ' sent to object: 'Object Repository/Objects.HighlightElements/input_field_index'

2020-05-29 23:53:26 - [TEST_STEP][PASSED] - sendKeys(NewInputNmField, Keys.chord(ENTER)): Keys 'ENTER + ' sent to object: 'Object Repository/Objects.HighlightElements/input_field_index'

2020-05-29 23:53:27 - [MESSAGE][PASSED] - Keys 'ENTER + ' sent to object: 'Object Repository/Objects.HighlightElements/input_field_index'

2020-05-29 23:53:27 - [MESSAGE][PASSED] - Call Test Case 'Test Cases/PFI Precision and Scale/PFI Components with Indexing/VerifyDropdownValuesXPI' successfully

2020-05-29 23:53:27 - [TEST_STEP][PASSED] - callTestCase(findTestCase("Components/SelectAllThenDeleteXPI"), ["nameToBeUsed":"submInd_3", "index":"1"], STOP_ON_FAILURE): Call Test Case 'Test Cases/Components/SelectAllThenDeleteXPI' successfully

2020-05-29 23:53:27 - [TEST_CASE][PASSED] - Test Cases/Components/SelectAllThenDeleteXPI: Test Cases/Components/SelectAllThenDeleteXPI

2020-05-29 23:53:27 - [TEST_STEP][PASSED] - Thread.sleep(1000): null

2020-05-29 23:53:28 - [TEST_STEP][PASSED] - modifiedObj = modifyObjectProperty(findTestObject("Object Repository/Objects.HighlightElements/input_field_index"), "xpath", "equals", "(//*[contains(@name,'" + nameToBeUsed + "')])[" + index + "]", true): Modify property of object successfully

2020-05-29 23:53:28 - [MESSAGE][PASSED] - Modify property of object successfully

2020-05-29 23:53:28 - [TEST_STEP][PASSED] - focus(modifiedObj): Object: 'Object Repository/Objects.HighlightElements/input_field_index' is focused

2020-05-29 23:53:28 - [MESSAGE][PASSED] - Object: 'Object Repository/Objects.HighlightElements/input_field_index' is focused

2020-05-29 23:53:28 - [TEST_STEP][PASSED] - sendKeys(modifiedObj, Keys.chord(CONTROL, "a")): Keys 'CONTROL + a' sent to object: 'Object Repository/Objects.HighlightElements/input_field_index'

2020-05-29 23:53:29 - [MESSAGE][PASSED] - Keys 'CONTROL + a' sent to object: 'Object Repository/Objects.HighlightElements/input_field_index'

2020-05-29 23:53:29 - [TEST_STEP][PASSED] - sendKeys(modifiedObj, Keys.chord(DELETE)): Keys 'DELETE + ' sent to object: 'Object Repository/Objects.HighlightElements/input_field_index'

2020-05-29 23:53:29 - [MESSAGE][PASSED] - Keys 'DELETE + ' sent to object: 'Object Repository/Objects.HighlightElements/input_field_index'

2020-05-29 23:53:29 - [MESSAGE][PASSED] - Call Test Case 'Test Cases/Components/SelectAllThenDeleteXPI' successfully

2020-05-29 23:53:29 - [TEST_STEP][PASSED] - callTestCase(findTestCase("PFI Precision and Scale/PFI Components with Indexing/RequiredFieldValidationXPI"), ["nameToBeUsed":"submInd_3", "index":1], STOP_ON_FAILURE): Call Test Case 'Test Cases/PFI Precision and Scale/PFI Components with Indexing/RequiredFieldValidationXPI' successfully

2020-05-29 23:53:29 - [TEST_CASE][PASSED] - Test Cases/PFI Precision and Scale/PFI Components with Indexing/RequiredFieldValidationXPI: Test Cases/PFI Precision and Scale/PFI Components with Indexing/RequiredFieldValidationXPI

2020-05-29 23:53:29 - [TEST_STEP][PASSED] - enableSmartWait(): null

2020-05-29 23:53:29 - [TEST_STEP][PASSED] - NewInputNmField = modifyObjectProperty(findTestObject("Objects.HighlightElements/input_field_index"), "xpath", "equals", "(//*[contains(@name,'" + nameToBeUsed + "')])[" + index + "]", true): Modify property of object successfully

2020-05-29 23:53:29 - [MESSAGE][PASSED] - Modify property of object successfully

2020-05-29 23:53:29 - [TEST_STEP][PASSED] - mouseOver(NewInputNmField): Object: 'Object Repository/Objects.HighlightElements/input_field_index' is hovered

2020-05-29 23:53:30 - [MESSAGE][PASSED] - Object: 'Object Repository/Objects.HighlightElements/input_field_index' is hovered

2020-05-29 23:53:30 - [TEST_STEP][PASSED] - getRqErrMsg = getAttribute(NewInputNmField, "data-errorqtip"): Attribute 'data-errorqtip' of object 'Object Repository/Objects.HighlightElements/input_field_index' is: '<ul class="x-list-plain"><li>This field is required</li></ul>'

2020-05-29 23:53:30 - [MESSAGE][PASSED] - Attribute 'data-errorqtip' of object 'Object Repository/Objects.HighlightElements/input_field_index' is: '<ul class="x-list-plain"><li>This field is required</li></ul>'

2020-05-29 23:53:30 - [TEST_STEP][PASSED] - strToolTip = getRqErrMsg.substring(29, 61): null

2020-05-29 23:53:30 - [TEST_STEP][PASSED] - toolTipReqErrMsg = strToolTip.substring(0, 22): null

2020-05-29 23:53:30 - [TEST_STEP][PASSED] - verifyMatch(toolTipReqErrMsg, RqField, true): Actual text 'This field is required' and expected text 'This field is required' are matched  using regular expression

2020-05-29 23:53:30 - [MESSAGE][PASSED] - Actual text 'This field is required' and expected text 'This field is required' are matched  using regular expression

2020-05-29 23:53:30 - [MESSAGE][PASSED] - Call Test Case 'Test Cases/PFI Precision and Scale/PFI Components with Indexing/RequiredFieldValidationXPI' successfully

2020-05-29 23:53:30 - [TEST_STEP][PASSED] - callTestCase(findTestCase("Components/HighlightInputFieldXPI"), ["FldNm":"submInd_4", "index":1], STOP_ON_FAILURE): Call Test Case 'Test Cases/Components/HighlightInputFieldXPI' successfully

2020-05-29 23:53:30 - [TEST_CASE][PASSED] - Test Cases/Components/HighlightInputFieldXPI: Test Cases/Components/HighlightInputFieldXPI

2020-05-29 23:53:30 - [TEST_STEP][PASSED] - Thread.sleep(1000): null

2020-05-29 23:53:31 - [TEST_STEP][PASSED] - modifiedInputNm = modifyObjectProperty(findTestObject("Object Repository/Objects.HighlightElements/input_field_index"), "xpath", "equals", "(//*[contains(@name, '" + FldNm + "')])[" + index + "]", true): Modify property of object successfully

2020-05-29 23:53:31 - [MESSAGE][PASSED] - Modify property of object successfully

2020-05-29 23:53:31 - [TEST_STEP][PASSED] - com.reusableComponents.HighlightElement.run(modifiedInputNm): com.reusableComponents.HighlightElement.run is PASSED

2020-05-29 23:53:32 - [MESSAGE][PASSED] - com.reusableComponents.HighlightElement.run is PASSED

2020-05-29 23:53:32 - [MESSAGE][PASSED] - Call Test Case 'Test Cases/Components/HighlightInputFieldXPI' successfully

2020-05-29 23:53:32 - [TEST_STEP][PASSED] - callTestCase(findTestCase("PFI Precision and Scale/PFI Components with Indexing/VerifyDropdownValuesXPI"), ["FldNm":"submInd_4", "index":1, "CallTCName":"PFI Precision and Scale/HashMap Tables/ConstantHashMap", "cmbNm":"PresINd", ... ], STOP_ON_FAILURE): Call Test Case 'Test Cases/PFI Precision and Scale/PFI Components with Indexing/VerifyDropdownValuesXPI' successfully

2020-05-29 23:53:32 - [TEST_CASE][PASSED] - Test Cases/PFI Precision and Scale/PFI Components with Indexing/VerifyDropdownValuesXPI: Test Cases/PFI Precision and Scale/PFI Components with Indexing/VerifyDropdownValuesXPI

2020-05-29 23:53:32 - [TEST_STEP][PASSED] - Thread.sleep(1000): null

2020-05-29 23:53:33 - [TEST_STEP][PASSED] - NewInputNmField = modifyObjectProperty(findTestObject("Object Repository/Objects.HighlightElements/input_field_index"), "xpath", "equals", "(//*[contains(@name, '" + FldNm + "')])[" + index + "]", true): Modify property of object successfully

2020-05-29 23:53:33 - [MESSAGE][PASSED] - Modify property of object successfully

2020-05-29 23:53:33 - [TEST_STEP][PASSED] - comboNm = cmbNm: null

2020-05-29 23:53:33 - [TEST_STEP][PASSED] - focus(NewInputNmField): Object: 'Object Repository/Objects.HighlightElements/input_field_index' is focused

2020-05-29 23:53:33 - [MESSAGE][PASSED] - Object: 'Object Repository/Objects.HighlightElements/input_field_index' is focused

2020-05-29 23:53:33 - [TEST_STEP][PASSED] - setText(NewInputNmField, EnterValue): Text '' is set on object 'Object Repository/Objects.HighlightElements/input_field_index'

2020-05-29 23:53:33 - [MESSAGE][PASSED] - Text '' is set on object 'Object Repository/Objects.HighlightElements/input_field_index'

2020-05-29 23:53:33 - [TEST_STEP][PASSED] - for ([i = 1, i <= NoOfVal, (i++)]): Keys 'DOWN + ' sent to object: 'Object Repository/Objects.HighlightElements/input_field_index'

2020-05-29 23:53:33 - [TEST_STEP][PASSED] - sendKeys(NewInputNmField, Keys.chord(ARROW_DOWN)): Keys 'DOWN + ' sent to object: 'Object Repository/Objects.HighlightElements/input_field_index'

2020-05-29 23:53:34 - [MESSAGE][PASSED] - Keys 'DOWN + ' sent to object: 'Object Repository/Objects.HighlightElements/input_field_index'

2020-05-29 23:53:34 - [TEST_STEP][PASSED] - delay(DelayTime): Delayed 2 second(s)

2020-05-29 23:53:36 - [MESSAGE][PASSED] - Delayed 2 second(s)

2020-05-29 23:53:36 - [TEST_STEP][PASSED] - sendKeys(NewInputNmField, Keys.chord(ENTER)): Keys 'ENTER + ' sent to object: 'Object Repository/Objects.HighlightElements/input_field_index'

2020-05-29 23:53:36 - [MESSAGE][PASSED] - Keys 'ENTER + ' sent to object: 'Object Repository/Objects.HighlightElements/input_field_index'

2020-05-29 23:53:36 - [TEST_STEP][PASSED] - ComboBoxValue = getAttribute(NewInputNmField, "value"): Attribute 'value' of object 'Object Repository/Objects.HighlightElements/input_field_index' is: 'Yes'

2020-05-29 23:53:36 - [MESSAGE][PASSED] - Attribute 'value' of object 'Object Repository/Objects.HighlightElements/input_field_index' is: 'Yes'

2020-05-29 23:53:36 - [TEST_STEP][PASSED] - callTestCase(findTestCase(CallTCName), ["FindValue":ComboBoxValue, "DropdownNm":comboNm], STOP_ON_FAILURE): Call Test Case 'Test Cases/PFI Precision and Scale/HashMap Tables/ConstantHashMap' successfully

2020-05-29 23:53:37 - [TEST_CASE][PASSED] - Test Cases/PFI Precision and Scale/HashMap Tables/ConstantHashMap: Test Cases/PFI Precision and Scale/HashMap Tables/ConstantHashMap

2020-05-29 23:53:37 - [TEST_STEP][PASSED] - ConstantTBL = [1:["PeriodType":"Working Day(s)"], 2:["PeriodType":"Calendar Day(s)"], 3:["PeriodType":"Month(s)"], 4:["TypeOfLetter":"T1"], ... ]: null

2020-05-29 23:53:37 - [TEST_STEP][PASSED] - switch (DropdownNm): null

2020-05-29 23:53:37 - [TEST_STEP][PASSED] - case "PresINd":: null

2020-05-29 23:53:37 - [TEST_STEP][PASSED] - ValueFound = ConstantTBL.find({ -> ... }): null

2020-05-29 23:53:37 - [TEST_STEP][PASSED] - break: null

2020-05-29 23:53:37 - [MESSAGE][PASSED] - Call Test Case 'Test Cases/PFI Precision and Scale/HashMap Tables/ConstantHashMap' successfully

2020-05-29 23:53:37 - [TEST_STEP][PASSED] - println(ValueFound): null

2020-05-29 23:53:37 - [TEST_STEP][PASSED] - sendKeys(NewInputNmField, Keys.chord(ARROW_DOWN)): Keys 'DOWN + ' sent to object: 'Object Repository/Objects.HighlightElements/input_field_index'

2020-05-29 23:53:37 - [MESSAGE][PASSED] - Keys 'DOWN + ' sent to object: 'Object Repository/Objects.HighlightElements/input_field_index'

2020-05-29 23:53:37 - [TEST_STEP][PASSED] - sendKeys(NewInputNmField, Keys.chord(ARROW_DOWN)): Keys 'DOWN + ' sent to object: 'Object Repository/Objects.HighlightElements/input_field_index'

2020-05-29 23:53:37 - [MESSAGE][PASSED] - Keys 'DOWN + ' sent to object: 'Object Repository/Objects.HighlightElements/input_field_index'

2020-05-29 23:53:37 - [TEST_STEP][PASSED] - delay(DelayTime): Delayed 2 second(s)

2020-05-29 23:53:39 - [MESSAGE][PASSED] - Delayed 2 second(s)

2020-05-29 23:53:39 - [TEST_STEP][PASSED] - sendKeys(NewInputNmField, Keys.chord(ENTER)): Keys 'ENTER + ' sent to object: 'Object Repository/Objects.HighlightElements/input_field_index'

2020-05-29 23:53:40 - [MESSAGE][PASSED] - Keys 'ENTER + ' sent to object: 'Object Repository/Objects.HighlightElements/input_field_index'

2020-05-29 23:53:40 - [TEST_STEP][PASSED] - ComboBoxValue = getAttribute(NewInputNmField, "value"): Attribute 'value' of object 'Object Repository/Objects.HighlightElements/input_field_index' is: 'No'

2020-05-29 23:53:40 - [MESSAGE][PASSED] - Attribute 'value' of object 'Object Repository/Objects.HighlightElements/input_field_index' is: 'No'

2020-05-29 23:53:40 - [TEST_STEP][PASSED] - callTestCase(findTestCase(CallTCName), ["FindValue":ComboBoxValue, "DropdownNm":comboNm], STOP_ON_FAILURE): Call Test Case 'Test Cases/PFI Precision and Scale/HashMap Tables/ConstantHashMap' successfully

2020-05-29 23:53:40 - [TEST_CASE][PASSED] - Test Cases/PFI Precision and Scale/HashMap Tables/ConstantHashMap: Test Cases/PFI Precision and Scale/HashMap Tables/ConstantHashMap

2020-05-29 23:53:40 - [TEST_STEP][PASSED] - ConstantTBL = [1:["PeriodType":"Working Day(s)"], 2:["PeriodType":"Calendar Day(s)"], 3:["PeriodType":"Month(s)"], 4:["TypeOfLetter":"T1"], ... ]: null

2020-05-29 23:53:40 - [TEST_STEP][PASSED] - switch (DropdownNm): null

2020-05-29 23:53:40 - [TEST_STEP][PASSED] - case "PresINd":: null

2020-05-29 23:53:40 - [TEST_STEP][PASSED] - ValueFound = ConstantTBL.find({ -> ... }): null

2020-05-29 23:53:40 - [TEST_STEP][PASSED] - break: null

2020-05-29 23:53:40 - [MESSAGE][PASSED] - Call Test Case 'Test Cases/PFI Precision and Scale/HashMap Tables/ConstantHashMap' successfully

2020-05-29 23:53:40 - [TEST_STEP][PASSED] - println(ValueFound): null

2020-05-29 23:53:40 - [TEST_STEP][PASSED] - sendKeys(NewInputNmField, Keys.chord(ARROW_DOWN)): Keys 'DOWN + ' sent to object: 'Object Repository/Objects.HighlightElements/input_field_index'

2020-05-29 23:53:40 - [MESSAGE][PASSED] - Keys 'DOWN + ' sent to object: 'Object Repository/Objects.HighlightElements/input_field_index'

2020-05-29 23:53:40 - [TEST_STEP][PASSED] - sendKeys(NewInputNmField, Keys.chord(ENTER)): Keys 'ENTER + ' sent to object: 'Object Repository/Objects.HighlightElements/input_field_index'

2020-05-29 23:53:41 - [MESSAGE][PASSED] - Keys 'ENTER + ' sent to object: 'Object Repository/Objects.HighlightElements/input_field_index'

2020-05-29 23:53:41 - [MESSAGE][PASSED] - Call Test Case 'Test Cases/PFI Precision and Scale/PFI Components with Indexing/VerifyDropdownValuesXPI' successfully

2020-05-29 23:53:41 - [TEST_STEP][PASSED] - callTestCase(findTestCase("Components/SelectAllThenDeleteXPI"), ["nameToBeUsed":"submInd_4", "index":"1"], STOP_ON_FAILURE): Call Test Case 'Test Cases/Components/SelectAllThenDeleteXPI' successfully

2020-05-29 23:53:41 - [TEST_CASE][PASSED] - Test Cases/Components/SelectAllThenDeleteXPI: Test Cases/Components/SelectAllThenDeleteXPI

2020-05-29 23:53:41 - [TEST_STEP][PASSED] - Thread.sleep(1000): null

2020-05-29 23:53:42 - [TEST_STEP][PASSED] - modifiedObj = modifyObjectProperty(findTestObject("Object Repository/Objects.HighlightElements/input_field_index"), "xpath", "equals", "(//*[contains(@name,'" + nameToBeUsed + "')])[" + index + "]", true): Modify property of object successfully

2020-05-29 23:53:42 - [MESSAGE][PASSED] - Modify property of object successfully

2020-05-29 23:53:42 - [TEST_STEP][PASSED] - focus(modifiedObj): Object: 'Object Repository/Objects.HighlightElements/input_field_index' is focused

2020-05-29 23:53:42 - [MESSAGE][PASSED] - Object: 'Object Repository/Objects.HighlightElements/input_field_index' is focused

2020-05-29 23:53:42 - [TEST_STEP][PASSED] - sendKeys(modifiedObj, Keys.chord(CONTROL, "a")): Keys 'CONTROL + a' sent to object: 'Object Repository/Objects.HighlightElements/input_field_index'

2020-05-29 23:53:42 - [MESSAGE][PASSED] - Keys 'CONTROL + a' sent to object: 'Object Repository/Objects.HighlightElements/input_field_index'

2020-05-29 23:53:42 - [TEST_STEP][PASSED] - sendKeys(modifiedObj, Keys.chord(DELETE)): Keys 'DELETE + ' sent to object: 'Object Repository/Objects.HighlightElements/input_field_index'

2020-05-29 23:53:43 - [MESSAGE][PASSED] - Keys 'DELETE + ' sent to object: 'Object Repository/Objects.HighlightElements/input_field_index'

2020-05-29 23:53:43 - [MESSAGE][PASSED] - Call Test Case 'Test Cases/Components/SelectAllThenDeleteXPI' successfully

2020-05-29 23:53:43 - [TEST_STEP][PASSED] - callTestCase(findTestCase("PFI Precision and Scale/PFI Components with Indexing/RequiredFieldValidationXPI"), ["nameToBeUsed":"submInd_4", "index":1], STOP_ON_FAILURE): Call Test Case 'Test Cases/PFI Precision and Scale/PFI Components with Indexing/RequiredFieldValidationXPI' successfully

2020-05-29 23:53:43 - [TEST_CASE][PASSED] - Test Cases/PFI Precision and Scale/PFI Components with Indexing/RequiredFieldValidationXPI: Test Cases/PFI Precision and Scale/PFI Components with Indexing/RequiredFieldValidationXPI

2020-05-29 23:53:43 - [TEST_STEP][PASSED] - enableSmartWait(): null

2020-05-29 23:53:43 - [TEST_STEP][PASSED] - NewInputNmField = modifyObjectProperty(findTestObject("Objects.HighlightElements/input_field_index"), "xpath", "equals", "(//*[contains(@name,'" + nameToBeUsed + "')])[" + index + "]", true): Modify property of object successfully

2020-05-29 23:53:43 - [MESSAGE][PASSED] - Modify property of object successfully

2020-05-29 23:53:43 - [TEST_STEP][PASSED] - mouseOver(NewInputNmField): Object: 'Object Repository/Objects.HighlightElements/input_field_index' is hovered

2020-05-29 23:53:43 - [MESSAGE][PASSED] - Object: 'Object Repository/Objects.HighlightElements/input_field_index' is hovered

2020-05-29 23:53:43 - [TEST_STEP][PASSED] - getRqErrMsg = getAttribute(NewInputNmField, "data-errorqtip"): Attribute 'data-errorqtip' of object 'Object Repository/Objects.HighlightElements/input_field_index' is: '<ul class="x-list-plain"><li>This field is required</li></ul>'

2020-05-29 23:53:44 - [MESSAGE][PASSED] - Attribute 'data-errorqtip' of object 'Object Repository/Objects.HighlightElements/input_field_index' is: '<ul class="x-list-plain"><li>This field is required</li></ul>'

2020-05-29 23:53:44 - [TEST_STEP][PASSED] - strToolTip = getRqErrMsg.substring(29, 61): null

2020-05-29 23:53:44 - [TEST_STEP][PASSED] - toolTipReqErrMsg = strToolTip.substring(0, 22): null

2020-05-29 23:53:44 - [TEST_STEP][PASSED] - verifyMatch(toolTipReqErrMsg, RqField, true): Actual text 'This field is required' and expected text 'This field is required' are matched  using regular expression

2020-05-29 23:53:44 - [MESSAGE][PASSED] - Actual text 'This field is required' and expected text 'This field is required' are matched  using regular expression

2020-05-29 23:53:44 - [MESSAGE][PASSED] - Call Test Case 'Test Cases/PFI Precision and Scale/PFI Components with Indexing/RequiredFieldValidationXPI' successfully

2020-05-29 23:53:44 - [TEST_STEP][PASSED] - callTestCase(findTestCase("Components/HighlightInputFieldXPI"), ["FldNm":"submInd_5", "index":1], STOP_ON_FAILURE): Call Test Case 'Test Cases/Components/HighlightInputFieldXPI' successfully

2020-05-29 23:53:44 - [TEST_CASE][PASSED] - Test Cases/Components/HighlightInputFieldXPI: Test Cases/Components/HighlightInputFieldXPI

2020-05-29 23:53:44 - [TEST_STEP][PASSED] - Thread.sleep(1000): null

2020-05-29 23:53:45 - [TEST_STEP][PASSED] - modifiedInputNm = modifyObjectProperty(findTestObject("Object Repository/Objects.HighlightElements/input_field_index"), "xpath", "equals", "(//*[contains(@name, '" + FldNm + "')])[" + index + "]", true): Modify property of object successfully

2020-05-29 23:53:45 - [MESSAGE][PASSED] - Modify property of object successfully

2020-05-29 23:53:45 - [TEST_STEP][PASSED] - com.reusableComponents.HighlightElement.run(modifiedInputNm): com.reusableComponents.HighlightElement.run is PASSED

2020-05-29 23:53:45 - [MESSAGE][PASSED] - com.reusableComponents.HighlightElement.run is PASSED

2020-05-29 23:53:45 - [MESSAGE][PASSED] - Call Test Case 'Test Cases/Components/HighlightInputFieldXPI' successfully

2020-05-29 23:53:45 - [TEST_STEP][PASSED] - callTestCase(findTestCase("PFI Precision and Scale/PFI Components with Indexing/VerifyDropdownValuesXPI"), ["FldNm":"submInd_5", "index":1, "CallTCName":"PFI Precision and Scale/HashMap Tables/ConstantHashMap", "cmbNm":"PresINd", ... ], STOP_ON_FAILURE): Call Test Case 'Test Cases/PFI Precision and Scale/PFI Components with Indexing/VerifyDropdownValuesXPI' successfully

2020-05-29 23:53:45 - [TEST_CASE][PASSED] - Test Cases/PFI Precision and Scale/PFI Components with Indexing/VerifyDropdownValuesXPI: Test Cases/PFI Precision and Scale/PFI Components with Indexing/VerifyDropdownValuesXPI

2020-05-29 23:53:46 - [TEST_STEP][PASSED] - Thread.sleep(1000): null

2020-05-29 23:53:47 - [TEST_STEP][PASSED] - NewInputNmField = modifyObjectProperty(findTestObject("Object Repository/Objects.HighlightElements/input_field_index"), "xpath", "equals", "(//*[contains(@name, '" + FldNm + "')])[" + index + "]", true): Modify property of object successfully

2020-05-29 23:53:47 - [MESSAGE][PASSED] - Modify property of object successfully

2020-05-29 23:53:47 - [TEST_STEP][PASSED] - comboNm = cmbNm: null

2020-05-29 23:53:47 - [TEST_STEP][PASSED] - focus(NewInputNmField): Object: 'Object Repository/Objects.HighlightElements/input_field_index' is focused

2020-05-29 23:53:47 - [MESSAGE][PASSED] - Object: 'Object Repository/Objects.HighlightElements/input_field_index' is focused

2020-05-29 23:53:47 - [TEST_STEP][PASSED] - setText(NewInputNmField, EnterValue): Text '' is set on object 'Object Repository/Objects.HighlightElements/input_field_index'

2020-05-29 23:53:47 - [MESSAGE][PASSED] - Text '' is set on object 'Object Repository/Objects.HighlightElements/input_field_index'

2020-05-29 23:53:47 - [TEST_STEP][PASSED] - for ([i = 1, i <= NoOfVal, (i++)]): Keys 'DOWN + ' sent to object: 'Object Repository/Objects.HighlightElements/input_field_index'

2020-05-29 23:53:47 - [TEST_STEP][PASSED] - sendKeys(NewInputNmField, Keys.chord(ARROW_DOWN)): Keys 'DOWN + ' sent to object: 'Object Repository/Objects.HighlightElements/input_field_index'

2020-05-29 23:53:48 - [MESSAGE][PASSED] - Keys 'DOWN + ' sent to object: 'Object Repository/Objects.HighlightElements/input_field_index'

2020-05-29 23:53:48 - [TEST_STEP][PASSED] - delay(DelayTime): Delayed 2 second(s)

2020-05-29 23:53:50 - [MESSAGE][PASSED] - Delayed 2 second(s)

2020-05-29 23:53:50 - [TEST_STEP][PASSED] - sendKeys(NewInputNmField, Keys.chord(ENTER)): Keys 'ENTER + ' sent to object: 'Object Repository/Objects.HighlightElements/input_field_index'

2020-05-29 23:53:50 - [MESSAGE][PASSED] - Keys 'ENTER + ' sent to object: 'Object Repository/Objects.HighlightElements/input_field_index'

2020-05-29 23:53:50 - [TEST_STEP][PASSED] - ComboBoxValue = getAttribute(NewInputNmField, "value"): Attribute 'value' of object 'Object Repository/Objects.HighlightElements/input_field_index' is: 'Yes'

2020-05-29 23:53:50 - [MESSAGE][PASSED] - Attribute 'value' of object 'Object Repository/Objects.HighlightElements/input_field_index' is: 'Yes'

2020-05-29 23:53:50 - [TEST_STEP][PASSED] - callTestCase(findTestCase(CallTCName), ["FindValue":ComboBoxValue, "DropdownNm":comboNm], STOP_ON_FAILURE): Call Test Case 'Test Cases/PFI Precision and Scale/HashMap Tables/ConstantHashMap' successfully

2020-05-29 23:53:50 - [TEST_CASE][PASSED] - Test Cases/PFI Precision and Scale/HashMap Tables/ConstantHashMap: Test Cases/PFI Precision and Scale/HashMap Tables/ConstantHashMap

2020-05-29 23:53:50 - [TEST_STEP][PASSED] - ConstantTBL = [1:["PeriodType":"Working Day(s)"], 2:["PeriodType":"Calendar Day(s)"], 3:["PeriodType":"Month(s)"], 4:["TypeOfLetter":"T1"], ... ]: null

2020-05-29 23:53:50 - [TEST_STEP][PASSED] - switch (DropdownNm): null

2020-05-29 23:53:50 - [TEST_STEP][PASSED] - case "PresINd":: null

2020-05-29 23:53:50 - [TEST_STEP][PASSED] - ValueFound = ConstantTBL.find({ -> ... }): null

2020-05-29 23:53:50 - [TEST_STEP][PASSED] - break: null

2020-05-29 23:53:50 - [MESSAGE][PASSED] - Call Test Case 'Test Cases/PFI Precision and Scale/HashMap Tables/ConstantHashMap' successfully

2020-05-29 23:53:50 - [TEST_STEP][PASSED] - println(ValueFound): null

2020-05-29 23:53:50 - [TEST_STEP][PASSED] - sendKeys(NewInputNmField, Keys.chord(ARROW_DOWN)): Keys 'DOWN + ' sent to object: 'Object Repository/Objects.HighlightElements/input_field_index'

2020-05-29 23:53:51 - [MESSAGE][PASSED] - Keys 'DOWN + ' sent to object: 'Object Repository/Objects.HighlightElements/input_field_index'

2020-05-29 23:53:51 - [TEST_STEP][PASSED] - sendKeys(NewInputNmField, Keys.chord(ARROW_DOWN)): Keys 'DOWN + ' sent to object: 'Object Repository/Objects.HighlightElements/input_field_index'

2020-05-29 23:53:51 - [MESSAGE][PASSED] - Keys 'DOWN + ' sent to object: 'Object Repository/Objects.HighlightElements/input_field_index'

2020-05-29 23:53:51 - [TEST_STEP][PASSED] - delay(DelayTime): Delayed 2 second(s)

2020-05-29 23:53:53 - [MESSAGE][PASSED] - Delayed 2 second(s)

2020-05-29 23:53:53 - [TEST_STEP][PASSED] - sendKeys(NewInputNmField, Keys.chord(ENTER)): Keys 'ENTER + ' sent to object: 'Object Repository/Objects.HighlightElements/input_field_index'

2020-05-29 23:53:53 - [MESSAGE][PASSED] - Keys 'ENTER + ' sent to object: 'Object Repository/Objects.HighlightElements/input_field_index'

2020-05-29 23:53:53 - [TEST_STEP][PASSED] - ComboBoxValue = getAttribute(NewInputNmField, "value"): Attribute 'value' of object 'Object Repository/Objects.HighlightElements/input_field_index' is: 'No'

2020-05-29 23:53:54 - [MESSAGE][PASSED] - Attribute 'value' of object 'Object Repository/Objects.HighlightElements/input_field_index' is: 'No'

2020-05-29 23:53:54 - [TEST_STEP][PASSED] - callTestCase(findTestCase(CallTCName), ["FindValue":ComboBoxValue, "DropdownNm":comboNm], STOP_ON_FAILURE): Call Test Case 'Test Cases/PFI Precision and Scale/HashMap Tables/ConstantHashMap' successfully

2020-05-29 23:53:54 - [TEST_CASE][PASSED] - Test Cases/PFI Precision and Scale/HashMap Tables/ConstantHashMap: Test Cases/PFI Precision and Scale/HashMap Tables/ConstantHashMap

2020-05-29 23:53:54 - [TEST_STEP][PASSED] - ConstantTBL = [1:["PeriodType":"Working Day(s)"], 2:["PeriodType":"Calendar Day(s)"], 3:["PeriodType":"Month(s)"], 4:["TypeOfLetter":"T1"], ... ]: null

2020-05-29 23:53:54 - [TEST_STEP][PASSED] - switch (DropdownNm): null

2020-05-29 23:53:54 - [TEST_STEP][PASSED] - case "PresINd":: null

2020-05-29 23:53:54 - [TEST_STEP][PASSED] - ValueFound = ConstantTBL.find({ -> ... }): null

2020-05-29 23:53:54 - [TEST_STEP][PASSED] - break: null

2020-05-29 23:53:54 - [MESSAGE][PASSED] - Call Test Case 'Test Cases/PFI Precision and Scale/HashMap Tables/ConstantHashMap' successfully

2020-05-29 23:53:54 - [TEST_STEP][PASSED] - println(ValueFound): null

2020-05-29 23:53:54 - [TEST_STEP][PASSED] - sendKeys(NewInputNmField, Keys.chord(ARROW_DOWN)): Keys 'DOWN + ' sent to object: 'Object Repository/Objects.HighlightElements/input_field_index'

2020-05-29 23:53:54 - [MESSAGE][PASSED] - Keys 'DOWN + ' sent to object: 'Object Repository/Objects.HighlightElements/input_field_index'

2020-05-29 23:53:54 - [TEST_STEP][PASSED] - sendKeys(NewInputNmField, Keys.chord(ENTER)): Keys 'ENTER + ' sent to object: 'Object Repository/Objects.HighlightElements/input_field_index'

2020-05-29 23:53:55 - [MESSAGE][PASSED] - Keys 'ENTER + ' sent to object: 'Object Repository/Objects.HighlightElements/input_field_index'

2020-05-29 23:53:55 - [MESSAGE][PASSED] - Call Test Case 'Test Cases/PFI Precision and Scale/PFI Components with Indexing/VerifyDropdownValuesXPI' successfully

2020-05-29 23:53:55 - [TEST_STEP][PASSED] - callTestCase(findTestCase("Components/SelectAllThenDeleteXPI"), ["nameToBeUsed":"submInd_5", "index":"1"], STOP_ON_FAILURE): Call Test Case 'Test Cases/Components/SelectAllThenDeleteXPI' successfully

2020-05-29 23:53:55 - [TEST_CASE][PASSED] - Test Cases/Components/SelectAllThenDeleteXPI: Test Cases/Components/SelectAllThenDeleteXPI

2020-05-29 23:53:55 - [TEST_STEP][PASSED] - Thread.sleep(1000): null

2020-05-29 23:53:56 - [TEST_STEP][PASSED] - modifiedObj = modifyObjectProperty(findTestObject("Object Repository/Objects.HighlightElements/input_field_index"), "xpath", "equals", "(//*[contains(@name,'" + nameToBeUsed + "')])[" + index + "]", true): Modify property of object successfully

2020-05-29 23:53:56 - [MESSAGE][PASSED] - Modify property of object successfully

2020-05-29 23:53:56 - [TEST_STEP][PASSED] - focus(modifiedObj): Object: 'Object Repository/Objects.HighlightElements/input_field_index' is focused

2020-05-29 23:53:56 - [MESSAGE][PASSED] - Object: 'Object Repository/Objects.HighlightElements/input_field_index' is focused

2020-05-29 23:53:56 - [TEST_STEP][PASSED] - sendKeys(modifiedObj, Keys.chord(CONTROL, "a")): Keys 'CONTROL + a' sent to object: 'Object Repository/Objects.HighlightElements/input_field_index'

2020-05-29 23:53:56 - [MESSAGE][PASSED] - Keys 'CONTROL + a' sent to object: 'Object Repository/Objects.HighlightElements/input_field_index'

2020-05-29 23:53:56 - [TEST_STEP][PASSED] - sendKeys(modifiedObj, Keys.chord(DELETE)): Keys 'DELETE + ' sent to object: 'Object Repository/Objects.HighlightElements/input_field_index'

2020-05-29 23:53:57 - [MESSAGE][PASSED] - Keys 'DELETE + ' sent to object: 'Object Repository/Objects.HighlightElements/input_field_index'

2020-05-29 23:53:57 - [MESSAGE][PASSED] - Call Test Case 'Test Cases/Components/SelectAllThenDeleteXPI' successfully

2020-05-29 23:53:57 - [TEST_STEP][PASSED] - callTestCase(findTestCase("PFI Precision and Scale/PFI Components with Indexing/RequiredFieldValidationXPI"), ["nameToBeUsed":"submInd_5", "index":1], STOP_ON_FAILURE): Call Test Case 'Test Cases/PFI Precision and Scale/PFI Components with Indexing/RequiredFieldValidationXPI' successfully

2020-05-29 23:53:57 - [TEST_CASE][PASSED] - Test Cases/PFI Precision and Scale/PFI Components with Indexing/RequiredFieldValidationXPI: Test Cases/PFI Precision and Scale/PFI Components with Indexing/RequiredFieldValidationXPI

2020-05-29 23:53:57 - [TEST_STEP][PASSED] - enableSmartWait(): null

2020-05-29 23:53:57 - [TEST_STEP][PASSED] - NewInputNmField = modifyObjectProperty(findTestObject("Objects.HighlightElements/input_field_index"), "xpath", "equals", "(//*[contains(@name,'" + nameToBeUsed + "')])[" + index + "]", true): Modify property of object successfully

2020-05-29 23:53:57 - [MESSAGE][PASSED] - Modify property of object successfully

2020-05-29 23:53:57 - [TEST_STEP][PASSED] - mouseOver(NewInputNmField): Object: 'Object Repository/Objects.HighlightElements/input_field_index' is hovered

2020-05-29 23:53:57 - [MESSAGE][PASSED] - Object: 'Object Repository/Objects.HighlightElements/input_field_index' is hovered

2020-05-29 23:53:57 - [TEST_STEP][PASSED] - getRqErrMsg = getAttribute(NewInputNmField, "data-errorqtip"): Attribute 'data-errorqtip' of object 'Object Repository/Objects.HighlightElements/input_field_index' is: '<ul class="x-list-plain"><li>This field is required</li></ul>'

2020-05-29 23:53:58 - [MESSAGE][PASSED] - Attribute 'data-errorqtip' of object 'Object Repository/Objects.HighlightElements/input_field_index' is: '<ul class="x-list-plain"><li>This field is required</li></ul>'

2020-05-29 23:53:58 - [TEST_STEP][PASSED] - strToolTip = getRqErrMsg.substring(29, 61): null

2020-05-29 23:53:58 - [TEST_STEP][PASSED] - toolTipReqErrMsg = strToolTip.substring(0, 22): null

2020-05-29 23:53:58 - [TEST_STEP][PASSED] - verifyMatch(toolTipReqErrMsg, RqField, true): Actual text 'This field is required' and expected text 'This field is required' are matched  using regular expression

2020-05-29 23:53:58 - [MESSAGE][PASSED] - Actual text 'This field is required' and expected text 'This field is required' are matched  using regular expression

2020-05-29 23:53:58 - [MESSAGE][PASSED] - Call Test Case 'Test Cases/PFI Precision and Scale/PFI Components with Indexing/RequiredFieldValidationXPI' successfully

2020-05-29 23:53:58 - [TEST_STEP][PASSED] - callTestCase(findTestCase("Components/HighlightInputFieldXPI"), ["FldNm":"submInd_6", "index":1], STOP_ON_FAILURE): Call Test Case 'Test Cases/Components/HighlightInputFieldXPI' successfully

2020-05-29 23:53:58 - [TEST_CASE][PASSED] - Test Cases/Components/HighlightInputFieldXPI: Test Cases/Components/HighlightInputFieldXPI

2020-05-29 23:53:58 - [TEST_STEP][PASSED] - Thread.sleep(1000): null

2020-05-29 23:53:59 - [TEST_STEP][PASSED] - modifiedInputNm = modifyObjectProperty(findTestObject("Object Repository/Objects.HighlightElements/input_field_index"), "xpath", "equals", "(//*[contains(@name, '" + FldNm + "')])[" + index + "]", true): Modify property of object successfully

2020-05-29 23:53:59 - [MESSAGE][PASSED] - Modify property of object successfully

2020-05-29 23:53:59 - [TEST_STEP][PASSED] - com.reusableComponents.HighlightElement.run(modifiedInputNm): com.reusableComponents.HighlightElement.run is PASSED

2020-05-29 23:53:59 - [MESSAGE][PASSED] - com.reusableComponents.HighlightElement.run is PASSED

2020-05-29 23:53:59 - [MESSAGE][PASSED] - Call Test Case 'Test Cases/Components/HighlightInputFieldXPI' successfully

2020-05-29 23:53:59 - [TEST_STEP][PASSED] - callTestCase(findTestCase("PFI Precision and Scale/PFI Components with Indexing/VerifyDropdownValuesXPI"), ["FldNm":"submInd_6", "index":1, "CallTCName":"PFI Precision and Scale/HashMap Tables/ConstantHashMap", "cmbNm":"PresINd", ... ], STOP_ON_FAILURE): Call Test Case 'Test Cases/PFI Precision and Scale/PFI Components with Indexing/VerifyDropdownValuesXPI' successfully

2020-05-29 23:53:59 - [TEST_CASE][PASSED] - Test Cases/PFI Precision and Scale/PFI Components with Indexing/VerifyDropdownValuesXPI: Test Cases/PFI Precision and Scale/PFI Components with Indexing/VerifyDropdownValuesXPI

2020-05-29 23:53:59 - [TEST_STEP][PASSED] - Thread.sleep(1000): null

2020-05-29 23:54:00 - [TEST_STEP][PASSED] - NewInputNmField = modifyObjectProperty(findTestObject("Object Repository/Objects.HighlightElements/input_field_index"), "xpath", "equals", "(//*[contains(@name, '" + FldNm + "')])[" + index + "]", true): Modify property of object successfully

2020-05-29 23:54:00 - [MESSAGE][PASSED] - Modify property of object successfully

2020-05-29 23:54:00 - [TEST_STEP][PASSED] - comboNm = cmbNm: null

2020-05-29 23:54:00 - [TEST_STEP][PASSED] - focus(NewInputNmField): Object: 'Object Repository/Objects.HighlightElements/input_field_index' is focused

2020-05-29 23:54:01 - [MESSAGE][PASSED] - Object: 'Object Repository/Objects.HighlightElements/input_field_index' is focused

2020-05-29 23:54:01 - [TEST_STEP][PASSED] - setText(NewInputNmField, EnterValue): Text '' is set on object 'Object Repository/Objects.HighlightElements/input_field_index'

2020-05-29 23:54:01 - [MESSAGE][PASSED] - Text '' is set on object 'Object Repository/Objects.HighlightElements/input_field_index'

2020-05-29 23:54:01 - [TEST_STEP][PASSED] - for ([i = 1, i <= NoOfVal, (i++)]): Keys 'DOWN + ' sent to object: 'Object Repository/Objects.HighlightElements/input_field_index'

2020-05-29 23:54:01 - [TEST_STEP][PASSED] - sendKeys(NewInputNmField, Keys.chord(ARROW_DOWN)): Keys 'DOWN + ' sent to object: 'Object Repository/Objects.HighlightElements/input_field_index'

2020-05-29 23:54:02 - [MESSAGE][PASSED] - Keys 'DOWN + ' sent to object: 'Object Repository/Objects.HighlightElements/input_field_index'

2020-05-29 23:54:02 - [TEST_STEP][PASSED] - delay(DelayTime): Delayed 2 second(s)

2020-05-29 23:54:04 - [MESSAGE][PASSED] - Delayed 2 second(s)

2020-05-29 23:54:04 - [TEST_STEP][PASSED] - sendKeys(NewInputNmField, Keys.chord(ENTER)): Keys 'ENTER + ' sent to object: 'Object Repository/Objects.HighlightElements/input_field_index'

2020-05-29 23:54:04 - [MESSAGE][PASSED] - Keys 'ENTER + ' sent to object: 'Object Repository/Objects.HighlightElements/input_field_index'

2020-05-29 23:54:04 - [TEST_STEP][PASSED] - ComboBoxValue = getAttribute(NewInputNmField, "value"): Attribute 'value' of object 'Object Repository/Objects.HighlightElements/input_field_index' is: 'Yes'

2020-05-29 23:54:04 - [MESSAGE][PASSED] - Attribute 'value' of object 'Object Repository/Objects.HighlightElements/input_field_index' is: 'Yes'

2020-05-29 23:54:04 - [TEST_STEP][PASSED] - callTestCase(findTestCase(CallTCName), ["FindValue":ComboBoxValue, "DropdownNm":comboNm], STOP_ON_FAILURE): Call Test Case 'Test Cases/PFI Precision and Scale/HashMap Tables/ConstantHashMap' successfully

2020-05-29 23:54:04 - [TEST_CASE][PASSED] - Test Cases/PFI Precision and Scale/HashMap Tables/ConstantHashMap: Test Cases/PFI Precision and Scale/HashMap Tables/ConstantHashMap

2020-05-29 23:54:04 - [TEST_STEP][PASSED] - ConstantTBL = [1:["PeriodType":"Working Day(s)"], 2:["PeriodType":"Calendar Day(s)"], 3:["PeriodType":"Month(s)"], 4:["TypeOfLetter":"T1"], ... ]: null

2020-05-29 23:54:04 - [TEST_STEP][PASSED] - switch (DropdownNm): null

2020-05-29 23:54:04 - [TEST_STEP][PASSED] - case "PresINd":: null

2020-05-29 23:54:04 - [TEST_STEP][PASSED] - ValueFound = ConstantTBL.find({ -> ... }): null

2020-05-29 23:54:04 - [TEST_STEP][PASSED] - break: null

2020-05-29 23:54:04 - [MESSAGE][PASSED] - Call Test Case 'Test Cases/PFI Precision and Scale/HashMap Tables/ConstantHashMap' successfully

2020-05-29 23:54:04 - [TEST_STEP][PASSED] - println(ValueFound): null

2020-05-29 23:54:04 - [TEST_STEP][PASSED] - sendKeys(NewInputNmField, Keys.chord(ARROW_DOWN)): Keys 'DOWN + ' sent to object: 'Object Repository/Objects.HighlightElements/input_field_index'

2020-05-29 23:54:05 - [MESSAGE][PASSED] - Keys 'DOWN + ' sent to object: 'Object Repository/Objects.HighlightElements/input_field_index'

2020-05-29 23:54:05 - [TEST_STEP][PASSED] - sendKeys(NewInputNmField, Keys.chord(ARROW_DOWN)): Keys 'DOWN + ' sent to object: 'Object Repository/Objects.HighlightElements/input_field_index'

2020-05-29 23:54:05 - [MESSAGE][PASSED] - Keys 'DOWN + ' sent to object: 'Object Repository/Objects.HighlightElements/input_field_index'

2020-05-29 23:54:05 - [TEST_STEP][PASSED] - delay(DelayTime): Delayed 2 second(s)

2020-05-29 23:54:07 - [MESSAGE][PASSED] - Delayed 2 second(s)

2020-05-29 23:54:07 - [TEST_STEP][PASSED] - sendKeys(NewInputNmField, Keys.chord(ENTER)): Keys 'ENTER + ' sent to object: 'Object Repository/Objects.HighlightElements/input_field_index'

2020-05-29 23:54:07 - [MESSAGE][PASSED] - Keys 'ENTER + ' sent to object: 'Object Repository/Objects.HighlightElements/input_field_index'

2020-05-29 23:54:07 - [TEST_STEP][PASSED] - ComboBoxValue = getAttribute(NewInputNmField, "value"): Attribute 'value' of object 'Object Repository/Objects.HighlightElements/input_field_index' is: 'No'

2020-05-29 23:54:08 - [MESSAGE][PASSED] - Attribute 'value' of object 'Object Repository/Objects.HighlightElements/input_field_index' is: 'No'

2020-05-29 23:54:08 - [TEST_STEP][PASSED] - callTestCase(findTestCase(CallTCName), ["FindValue":ComboBoxValue, "DropdownNm":comboNm], STOP_ON_FAILURE): Call Test Case 'Test Cases/PFI Precision and Scale/HashMap Tables/ConstantHashMap' successfully

2020-05-29 23:54:08 - [TEST_CASE][PASSED] - Test Cases/PFI Precision and Scale/HashMap Tables/ConstantHashMap: Test Cases/PFI Precision and Scale/HashMap Tables/ConstantHashMap

2020-05-29 23:54:08 - [TEST_STEP][PASSED] - ConstantTBL = [1:["PeriodType":"Working Day(s)"], 2:["PeriodType":"Calendar Day(s)"], 3:["PeriodType":"Month(s)"], 4:["TypeOfLetter":"T1"], ... ]: null

2020-05-29 23:54:08 - [TEST_STEP][PASSED] - switch (DropdownNm): null

2020-05-29 23:54:08 - [TEST_STEP][PASSED] - case "PresINd":: null

2020-05-29 23:54:08 - [TEST_STEP][PASSED] - ValueFound = ConstantTBL.find({ -> ... }): null

2020-05-29 23:54:08 - [TEST_STEP][PASSED] - break: null

2020-05-29 23:54:08 - [MESSAGE][PASSED] - Call Test Case 'Test Cases/PFI Precision and Scale/HashMap Tables/ConstantHashMap' successfully

2020-05-29 23:54:08 - [TEST_STEP][PASSED] - println(ValueFound): null

2020-05-29 23:54:08 - [TEST_STEP][PASSED] - sendKeys(NewInputNmField, Keys.chord(ARROW_DOWN)): Keys 'DOWN + ' sent to object: 'Object Repository/Objects.HighlightElements/input_field_index'

2020-05-29 23:54:08 - [MESSAGE][PASSED] - Keys 'DOWN + ' sent to object: 'Object Repository/Objects.HighlightElements/input_field_index'

2020-05-29 23:54:08 - [TEST_STEP][PASSED] - sendKeys(NewInputNmField, Keys.chord(ENTER)): Keys 'ENTER + ' sent to object: 'Object Repository/Objects.HighlightElements/input_field_index'

2020-05-29 23:54:09 - [MESSAGE][PASSED] - Keys 'ENTER + ' sent to object: 'Object Repository/Objects.HighlightElements/input_field_index'

2020-05-29 23:54:09 - [MESSAGE][PASSED] - Call Test Case 'Test Cases/PFI Precision and Scale/PFI Components with Indexing/VerifyDropdownValuesXPI' successfully

2020-05-29 23:54:09 - [TEST_STEP][PASSED] - callTestCase(findTestCase("Components/SelectAllThenDeleteXPI"), ["nameToBeUsed":"submInd_6", "index":"1"], STOP_ON_FAILURE): Call Test Case 'Test Cases/Components/SelectAllThenDeleteXPI' successfully

2020-05-29 23:54:09 - [TEST_CASE][PASSED] - Test Cases/Components/SelectAllThenDeleteXPI: Test Cases/Components/SelectAllThenDeleteXPI

2020-05-29 23:54:09 - [TEST_STEP][PASSED] - Thread.sleep(1000): null

2020-05-29 23:54:10 - [TEST_STEP][PASSED] - modifiedObj = modifyObjectProperty(findTestObject("Object Repository/Objects.HighlightElements/input_field_index"), "xpath", "equals", "(//*[contains(@name,'" + nameToBeUsed + "')])[" + index + "]", true): Modify property of object successfully

2020-05-29 23:54:10 - [MESSAGE][PASSED] - Modify property of object successfully

2020-05-29 23:54:10 - [TEST_STEP][PASSED] - focus(modifiedObj): Object: 'Object Repository/Objects.HighlightElements/input_field_index' is focused

2020-05-29 23:54:10 - [MESSAGE][PASSED] - Object: 'Object Repository/Objects.HighlightElements/input_field_index' is focused

2020-05-29 23:54:10 - [TEST_STEP][PASSED] - sendKeys(modifiedObj, Keys.chord(CONTROL, "a")): Keys 'CONTROL + a' sent to object: 'Object Repository/Objects.HighlightElements/input_field_index'

2020-05-29 23:54:10 - [MESSAGE][PASSED] - Keys 'CONTROL + a' sent to object: 'Object Repository/Objects.HighlightElements/input_field_index'

2020-05-29 23:54:10 - [TEST_STEP][PASSED] - sendKeys(modifiedObj, Keys.chord(DELETE)): Keys 'DELETE + ' sent to object: 'Object Repository/Objects.HighlightElements/input_field_index'

2020-05-29 23:54:10 - [MESSAGE][PASSED] - Keys 'DELETE + ' sent to object: 'Object Repository/Objects.HighlightElements/input_field_index'

2020-05-29 23:54:10 - [MESSAGE][PASSED] - Call Test Case 'Test Cases/Components/SelectAllThenDeleteXPI' successfully

2020-05-29 23:54:10 - [TEST_STEP][PASSED] - callTestCase(findTestCase("PFI Precision and Scale/PFI Components with Indexing/RequiredFieldValidationXPI"), ["nameToBeUsed":"submInd_6", "index":1], STOP_ON_FAILURE): Call Test Case 'Test Cases/PFI Precision and Scale/PFI Components with Indexing/RequiredFieldValidationXPI' successfully

2020-05-29 23:54:11 - [TEST_CASE][PASSED] - Test Cases/PFI Precision and Scale/PFI Components with Indexing/RequiredFieldValidationXPI: Test Cases/PFI Precision and Scale/PFI Components with Indexing/RequiredFieldValidationXPI

2020-05-29 23:54:11 - [TEST_STEP][PASSED] - enableSmartWait(): null

2020-05-29 23:54:11 - [TEST_STEP][PASSED] - NewInputNmField = modifyObjectProperty(findTestObject("Objects.HighlightElements/input_field_index"), "xpath", "equals", "(//*[contains(@name,'" + nameToBeUsed + "')])[" + index + "]", true): Modify property of object successfully

2020-05-29 23:54:11 - [MESSAGE][PASSED] - Modify property of object successfully

2020-05-29 23:54:11 - [TEST_STEP][PASSED] - mouseOver(NewInputNmField): Object: 'Object Repository/Objects.HighlightElements/input_field_index' is hovered

2020-05-29 23:54:11 - [MESSAGE][PASSED] - Object: 'Object Repository/Objects.HighlightElements/input_field_index' is hovered

2020-05-29 23:54:11 - [TEST_STEP][PASSED] - getRqErrMsg = getAttribute(NewInputNmField, "data-errorqtip"): Attribute 'data-errorqtip' of object 'Object Repository/Objects.HighlightElements/input_field_index' is: '<ul class="x-list-plain"><li>This field is required</li></ul>'

2020-05-29 23:54:11 - [MESSAGE][PASSED] - Attribute 'data-errorqtip' of object 'Object Repository/Objects.HighlightElements/input_field_index' is: '<ul class="x-list-plain"><li>This field is required</li></ul>'

2020-05-29 23:54:11 - [TEST_STEP][PASSED] - strToolTip = getRqErrMsg.substring(29, 61): null

2020-05-29 23:54:11 - [TEST_STEP][PASSED] - toolTipReqErrMsg = strToolTip.substring(0, 22): null

2020-05-29 23:54:11 - [TEST_STEP][PASSED] - verifyMatch(toolTipReqErrMsg, RqField, true): Actual text 'This field is required' and expected text 'This field is required' are matched  using regular expression

2020-05-29 23:54:11 - [MESSAGE][PASSED] - Actual text 'This field is required' and expected text 'This field is required' are matched  using regular expression

2020-05-29 23:54:11 - [MESSAGE][PASSED] - Call Test Case 'Test Cases/PFI Precision and Scale/PFI Components with Indexing/RequiredFieldValidationXPI' successfully

2020-05-29 23:54:11 - [TEST_STEP][NOT_RUN] - callTestCase(findTestCase("Components/Logout"), ["LogoutPageTextToBeVerified":findTestData("ISPS2 Test Data").getValue("HomeBanner", 2)], STOP_ON_FAILURE): NOT_RUN: callTestCase(findTestCase("Components/Logout"), ["LogoutPageTextToBeVerified":findTestData("ISPS2 Test Data").getValue("HomeBanner", 2)], STOP_ON_FAILURE)

2020-05-29 23:54:11 - [MESSAGE][NOT_RUN] - NOT_RUN: callTestCase(findTestCase("Components/Logout"), ["LogoutPageTextToBeVerified":findTestData("ISPS2 Test Data").getValue("HomeBanner", 2)], STOP_ON_FAILURE)]]></system-out>
         <system-err><![CDATA[]]></system-err>
      </testcase>
      <testcase name="Test Cases/PFI Precision and Scale/PFI Test Cases/PFI.ReferToExternalAgencyLHS" time="174.309" classname="Test Cases/PFI Precision and Scale/PFI Test Cases/PFI.ReferToExternalAgencyLHS" status="PASSED">
         <system-out><![CDATA[2020-05-29 23:54:11 - [TEST_CASE][PASSED] - Test Cases/PFI Precision and Scale/PFI Test Cases/PFI.ReferToExternalAgencyLHS: Test Cases/PFI Precision and Scale/PFI Test Cases/PFI.ReferToExternalAgencyLHS

2020-05-29 23:54:12 - [TEST_STEP][NOT_RUN] - callTestCase(findTestCase("Components/LoginV2.0"), ["LinkToBeUsed":findTestData("ISPS2 Test Data").getValue("URL", 2), "LoginPageTextToBeVerified":findTestData("ISPS2 Test Data").getValue("HomeBanner", 2), ... ], STOP_ON_FAILURE): NOT_RUN: callTestCase(findTestCase("Components/LoginV2.0"), ["LinkToBeUsed":findTestData("ISPS2 Test Data").getValue("URL", 2), "LoginPageTextToBeVerified":findTestData("ISPS2 Test Data").getValue("HomeBanner", 2), ... ], STOP_ON_FAILURE)

2020-05-29 23:54:12 - [MESSAGE][NOT_RUN] - NOT_RUN: callTestCase(findTestCase("Components/LoginV2.0"), ["LinkToBeUsed":findTestData("ISPS2 Test Data").getValue("URL", 2), "LoginPageTextToBeVerified":findTestData("ISPS2 Test Data").getValue("HomeBanner", 2), ... ], STOP_ON_FAILURE)

2020-05-29 23:54:12 - [TEST_STEP][NOT_RUN] - callTestCase(findTestCase("Components/NavigateToHomepageHeaders"), ["headerText":"My Tasks"], STOP_ON_FAILURE): NOT_RUN: callTestCase(findTestCase("Components/NavigateToHomepageHeaders"), ["headerText":"My Tasks"], STOP_ON_FAILURE)

2020-05-29 23:54:12 - [MESSAGE][NOT_RUN] - NOT_RUN: callTestCase(findTestCase("Components/NavigateToHomepageHeaders"), ["headerText":"My Tasks"], STOP_ON_FAILURE)

2020-05-29 23:54:12 - [TEST_STEP][NOT_RUN] - callTestCase(findTestCase("Components/Filter"), ["taskDescription":"Process Case (SM)"], STOP_ON_FAILURE): NOT_RUN: callTestCase(findTestCase("Components/Filter"), ["taskDescription":"Process Case (SM)"], STOP_ON_FAILURE)

2020-05-29 23:54:12 - [MESSAGE][NOT_RUN] - NOT_RUN: callTestCase(findTestCase("Components/Filter"), ["taskDescription":"Process Case (SM)"], STOP_ON_FAILURE)

2020-05-29 23:54:12 - [TEST_STEP][NOT_RUN] - callTestCase(findTestCase("Components/ClickLinkDependingOnTextAndIndex"), ["linkName":"Process Case (SM)", "index":"3"], STOP_ON_FAILURE): NOT_RUN: callTestCase(findTestCase("Components/ClickLinkDependingOnTextAndIndex"), ["linkName":"Process Case (SM)", "index":"3"], STOP_ON_FAILURE)

2020-05-29 23:54:12 - [MESSAGE][NOT_RUN] - NOT_RUN: callTestCase(findTestCase("Components/ClickLinkDependingOnTextAndIndex"), ["linkName":"Process Case (SM)", "index":"3"], STOP_ON_FAILURE)

2020-05-29 23:54:12 - [TEST_STEP][PASSED] - callTestCase(findTestCase("Components/NavigateToAnyLHS"), ["LHS":"Refer Case to External Agency"], STOP_ON_FAILURE): Call Test Case 'Test Cases/Components/NavigateToAnyLHS' successfully

2020-05-29 23:54:12 - [TEST_CASE][PASSED] - Test Cases/Components/NavigateToAnyLHS: Test Cases/Components/NavigateToAnyLHS

2020-05-29 23:54:12 - [TEST_STEP][PASSED] - Thread.sleep(1000): null

2020-05-29 23:54:13 - [TEST_STEP][PASSED] - modifiedLHS = modifyObjectProperty(findTestObject("Objects.NavigateToAnyLHS/Page_ISPS2/LHSToModify"), "text", "equals", LHS, true): Modify property of object successfully

2020-05-29 23:54:13 - [MESSAGE][PASSED] - Modify property of object successfully

2020-05-29 23:54:13 - [TEST_STEP][PASSED] - click(modifiedLHS): Object: 'Object Repository/Objects.NavigateToAnyLHS/Page_ISPS2/LHSToModify' is clicked on

2020-05-29 23:54:13 - [MESSAGE][PASSED] - Object: 'Object Repository/Objects.NavigateToAnyLHS/Page_ISPS2/LHSToModify' is clicked on

2020-05-29 23:54:13 - [TEST_STEP][PASSED] - currentLHS = getText(modifiedLHS): Text of object 'Object Repository/Objects.NavigateToAnyLHS/Page_ISPS2/LHSToModify' is: 'Refer Case to External Agency'

2020-05-29 23:54:14 - [MESSAGE][PASSED] - Text of object 'Object Repository/Objects.NavigateToAnyLHS/Page_ISPS2/LHSToModify' is: 'Refer Case to External Agency'

2020-05-29 23:54:14 - [TEST_STEP][PASSED] - Thread.sleep(5000): null

2020-05-29 23:54:19 - [MESSAGE][PASSED] - Call Test Case 'Test Cases/Components/NavigateToAnyLHS' successfully

2020-05-29 23:54:19 - [TEST_STEP][PASSED] - callTestCase(findTestCase("Components/VerifyPageSuccessfullyLoaded"), ["HeaderName":"Refer to External Agency"], STOP_ON_FAILURE): Call Test Case 'Test Cases/Components/VerifyPageSuccessfullyLoaded' successfully

2020-05-29 23:54:19 - [TEST_CASE][PASSED] - Test Cases/Components/VerifyPageSuccessfullyLoaded: Test Cases/Components/VerifyPageSuccessfullyLoaded

2020-05-29 23:54:19 - [TEST_STEP][PASSED] - Thread.sleep(3000): null

2020-05-29 23:54:22 - [TEST_STEP][PASSED] - ModifiedHeaderName = modifyObjectProperty(findTestObject("Objects.VerifyPageSuccessfullyLoaded/PageHeader"), "text", "equals", HeaderName, true): Modify property of object successfully

2020-05-29 23:54:22 - [MESSAGE][PASSED] - Modify property of object successfully

2020-05-29 23:54:22 - [TEST_STEP][PASSED] - verifyElementPresent(ModifiedHeaderName, 30): Object 'Object Repository/Objects.VerifyPageSuccessfullyLoaded/PageHeader' is present

2020-05-29 23:54:22 - [MESSAGE][PASSED] - Object 'Object Repository/Objects.VerifyPageSuccessfullyLoaded/PageHeader' is present

2020-05-29 23:54:22 - [TEST_STEP][PASSED] - com.reusableComponents.HighlightElement.run(ModifiedHeaderName): com.reusableComponents.HighlightElement.run is PASSED

2020-05-29 23:54:23 - [MESSAGE][PASSED] - com.reusableComponents.HighlightElement.run is PASSED

2020-05-29 23:54:23 - [MESSAGE][PASSED] - Call Test Case 'Test Cases/Components/VerifyPageSuccessfullyLoaded' successfully

2020-05-29 23:54:23 - [TEST_STEP][PASSED] - callTestCase(findTestCase("Components/HighlightLabelFieldXPI"), ["LblName":"External Agencies", "index":1], STOP_ON_FAILURE): Call Test Case 'Test Cases/Components/HighlightLabelFieldXPI' successfully

2020-05-29 23:54:23 - [TEST_CASE][PASSED] - Test Cases/Components/HighlightLabelFieldXPI: Test Cases/Components/HighlightLabelFieldXPI

2020-05-29 23:54:23 - [TEST_STEP][PASSED] - Thread.sleep(1000): null

2020-05-29 23:54:24 - [TEST_STEP][PASSED] - modifiedLblNm = modifyObjectProperty(findTestObject("Object Repository/Objects.HighlightElements/lblField_index"), "xpath", "equals", "(//*[contains(@class, 'x-form-item-label-inner x-form-item-label-inner-default') and contains(., '" + LblName + "')])[" + index + "]", true): Modify property of object successfully

2020-05-29 23:54:24 - [MESSAGE][PASSED] - Modify property of object successfully

2020-05-29 23:54:24 - [TEST_STEP][PASSED] - com.reusableComponents.HighlightElement.run(modifiedLblNm): com.reusableComponents.HighlightElement.run is PASSED

2020-05-29 23:54:24 - [MESSAGE][PASSED] - com.reusableComponents.HighlightElement.run is PASSED

2020-05-29 23:54:24 - [MESSAGE][PASSED] - Call Test Case 'Test Cases/Components/HighlightLabelFieldXPI' successfully

2020-05-29 23:54:24 - [TEST_STEP][PASSED] - callTestCase(findTestCase("Components/HighlightInputFieldXPI"), ["FldNm":"extAgenciesCmb", "index":1], STOP_ON_FAILURE): Call Test Case 'Test Cases/Components/HighlightInputFieldXPI' successfully

2020-05-29 23:54:24 - [TEST_CASE][PASSED] - Test Cases/Components/HighlightInputFieldXPI: Test Cases/Components/HighlightInputFieldXPI

2020-05-29 23:54:24 - [TEST_STEP][PASSED] - Thread.sleep(1000): null

2020-05-29 23:54:25 - [TEST_STEP][PASSED] - modifiedInputNm = modifyObjectProperty(findTestObject("Object Repository/Objects.HighlightElements/input_field_index"), "xpath", "equals", "(//*[contains(@name, '" + FldNm + "')])[" + index + "]", true): Modify property of object successfully

2020-05-29 23:54:25 - [MESSAGE][PASSED] - Modify property of object successfully

2020-05-29 23:54:25 - [TEST_STEP][PASSED] - com.reusableComponents.HighlightElement.run(modifiedInputNm): com.reusableComponents.HighlightElement.run is PASSED

2020-05-29 23:54:26 - [MESSAGE][PASSED] - com.reusableComponents.HighlightElement.run is PASSED

2020-05-29 23:54:26 - [MESSAGE][PASSED] - Call Test Case 'Test Cases/Components/HighlightInputFieldXPI' successfully

2020-05-29 23:54:26 - [TEST_STEP][PASSED] - callTestCase(findTestCase("PFI Precision and Scale/PFI Components with Indexing/VerifyDropdownValuesXPI"), ["FldNm":"extAgenciesCmb", "index":1, "CallTCName":"PFI Precision and Scale/HashMap Tables/ExternalAgencyLists", "cmbNm":"", ... ], STOP_ON_FAILURE): Call Test Case 'Test Cases/PFI Precision and Scale/PFI Components with Indexing/VerifyDropdownValuesXPI' successfully

2020-05-29 23:54:26 - [TEST_CASE][PASSED] - Test Cases/PFI Precision and Scale/PFI Components with Indexing/VerifyDropdownValuesXPI: Test Cases/PFI Precision and Scale/PFI Components with Indexing/VerifyDropdownValuesXPI

2020-05-29 23:54:26 - [TEST_STEP][PASSED] - Thread.sleep(1000): null

2020-05-29 23:54:27 - [TEST_STEP][PASSED] - NewInputNmField = modifyObjectProperty(findTestObject("Object Repository/Objects.HighlightElements/input_field_index"), "xpath", "equals", "(//*[contains(@name, '" + FldNm + "')])[" + index + "]", true): Modify property of object successfully

2020-05-29 23:54:27 - [MESSAGE][PASSED] - Modify property of object successfully

2020-05-29 23:54:27 - [TEST_STEP][PASSED] - comboNm = cmbNm: null

2020-05-29 23:54:27 - [TEST_STEP][PASSED] - focus(NewInputNmField): Object: 'Object Repository/Objects.HighlightElements/input_field_index' is focused

2020-05-29 23:54:28 - [MESSAGE][PASSED] - Object: 'Object Repository/Objects.HighlightElements/input_field_index' is focused

2020-05-29 23:54:28 - [TEST_STEP][PASSED] - setText(NewInputNmField, EnterValue): Text '' is set on object 'Object Repository/Objects.HighlightElements/input_field_index'

2020-05-29 23:54:28 - [MESSAGE][PASSED] - Text '' is set on object 'Object Repository/Objects.HighlightElements/input_field_index'

2020-05-29 23:54:28 - [TEST_STEP][PASSED] - for ([i = 1, i <= NoOfVal, (i++)]): Keys 'DOWN + ' sent to object: 'Object Repository/Objects.HighlightElements/input_field_index'

2020-05-29 23:54:28 - [TEST_STEP][PASSED] - sendKeys(NewInputNmField, Keys.chord(ARROW_DOWN)): Keys 'DOWN + ' sent to object: 'Object Repository/Objects.HighlightElements/input_field_index'

2020-05-29 23:54:28 - [MESSAGE][PASSED] - Keys 'DOWN + ' sent to object: 'Object Repository/Objects.HighlightElements/input_field_index'

2020-05-29 23:54:28 - [TEST_STEP][PASSED] - delay(DelayTime): Delayed 2 second(s)

2020-05-29 23:54:30 - [MESSAGE][PASSED] - Delayed 2 second(s)

2020-05-29 23:54:30 - [TEST_STEP][PASSED] - sendKeys(NewInputNmField, Keys.chord(ENTER)): Keys 'ENTER + ' sent to object: 'Object Repository/Objects.HighlightElements/input_field_index'

2020-05-29 23:54:30 - [MESSAGE][PASSED] - Keys 'ENTER + ' sent to object: 'Object Repository/Objects.HighlightElements/input_field_index'

2020-05-29 23:54:30 - [TEST_STEP][PASSED] - ComboBoxValue = getAttribute(NewInputNmField, "value"): Attribute 'value' of object 'Object Repository/Objects.HighlightElements/input_field_index' is: ''

2020-05-29 23:54:31 - [MESSAGE][PASSED] - Attribute 'value' of object 'Object Repository/Objects.HighlightElements/input_field_index' is: ''

2020-05-29 23:54:31 - [TEST_STEP][PASSED] - callTestCase(findTestCase(CallTCName), ["FindValue":ComboBoxValue, "DropdownNm":comboNm], STOP_ON_FAILURE): Call Test Case 'Test Cases/PFI Precision and Scale/HashMap Tables/ExternalAgencyLists' successfully

2020-05-29 23:54:31 - [TEST_CASE][PASSED] - Test Cases/PFI Precision and Scale/HashMap Tables/ExternalAgencyLists: Test Cases/PFI Precision and Scale/HashMap Tables/ExternalAgencyLists

2020-05-29 23:54:31 - [TEST_STEP][PASSED] - Thread.sleep(1000): null

2020-05-29 23:54:32 - [TEST_STEP][PASSED] - ExtAgencyTBL = [1:"HDB", 2:"AVA", 3:"CAAS", 4:"DSTA", 5:"EXXONMOBIL", 6:"Embassy", 7:"JTC Cat 1A", 8:"MBS- Marina Bay Sands", 9:"MCYS", 10:"MICA", ... ]: null

2020-05-29 23:54:32 - [TEST_STEP][PASSED] - ValueFound = ExtAgencyTBL.find({ -> ... }): null

2020-05-29 23:54:32 - [MESSAGE][PASSED] - Call Test Case 'Test Cases/PFI Precision and Scale/HashMap Tables/ExternalAgencyLists' successfully

2020-05-29 23:54:32 - [TEST_STEP][PASSED] - println(ValueFound): null

2020-05-29 23:54:32 - [TEST_STEP][PASSED] - sendKeys(NewInputNmField, Keys.chord(ARROW_DOWN)): Keys 'DOWN + ' sent to object: 'Object Repository/Objects.HighlightElements/input_field_index'

2020-05-29 23:54:32 - [MESSAGE][PASSED] - Keys 'DOWN + ' sent to object: 'Object Repository/Objects.HighlightElements/input_field_index'

2020-05-29 23:54:32 - [TEST_STEP][PASSED] - sendKeys(NewInputNmField, Keys.chord(ARROW_DOWN)): Keys 'DOWN + ' sent to object: 'Object Repository/Objects.HighlightElements/input_field_index'

2020-05-29 23:54:33 - [MESSAGE][PASSED] - Keys 'DOWN + ' sent to object: 'Object Repository/Objects.HighlightElements/input_field_index'

2020-05-29 23:54:33 - [TEST_STEP][PASSED] - delay(DelayTime): Delayed 2 second(s)

2020-05-29 23:54:35 - [MESSAGE][PASSED] - Delayed 2 second(s)

2020-05-29 23:54:35 - [TEST_STEP][PASSED] - sendKeys(NewInputNmField, Keys.chord(ENTER)): Keys 'ENTER + ' sent to object: 'Object Repository/Objects.HighlightElements/input_field_index'

2020-05-29 23:54:35 - [MESSAGE][PASSED] - Keys 'ENTER + ' sent to object: 'Object Repository/Objects.HighlightElements/input_field_index'

2020-05-29 23:54:35 - [TEST_STEP][PASSED] - ComboBoxValue = getAttribute(NewInputNmField, "value"): Attribute 'value' of object 'Object Repository/Objects.HighlightElements/input_field_index' is: 'HDB'

2020-05-29 23:54:36 - [MESSAGE][PASSED] - Attribute 'value' of object 'Object Repository/Objects.HighlightElements/input_field_index' is: 'HDB'

2020-05-29 23:54:36 - [TEST_STEP][PASSED] - callTestCase(findTestCase(CallTCName), ["FindValue":ComboBoxValue, "DropdownNm":comboNm], STOP_ON_FAILURE): Call Test Case 'Test Cases/PFI Precision and Scale/HashMap Tables/ExternalAgencyLists' successfully

2020-05-29 23:54:36 - [TEST_CASE][PASSED] - Test Cases/PFI Precision and Scale/HashMap Tables/ExternalAgencyLists: Test Cases/PFI Precision and Scale/HashMap Tables/ExternalAgencyLists

2020-05-29 23:54:36 - [TEST_STEP][PASSED] - Thread.sleep(1000): null

2020-05-29 23:54:37 - [TEST_STEP][PASSED] - ExtAgencyTBL = [1:"HDB", 2:"AVA", 3:"CAAS", 4:"DSTA", 5:"EXXONMOBIL", 6:"Embassy", 7:"JTC Cat 1A", 8:"MBS- Marina Bay Sands", 9:"MCYS", 10:"MICA", ... ]: null

2020-05-29 23:54:37 - [TEST_STEP][PASSED] - ValueFound = ExtAgencyTBL.find({ -> ... }): null

2020-05-29 23:54:37 - [MESSAGE][PASSED] - Call Test Case 'Test Cases/PFI Precision and Scale/HashMap Tables/ExternalAgencyLists' successfully

2020-05-29 23:54:37 - [TEST_STEP][PASSED] - println(ValueFound): null

2020-05-29 23:54:37 - [TEST_STEP][PASSED] - sendKeys(NewInputNmField, Keys.chord(ARROW_DOWN)): Keys 'DOWN + ' sent to object: 'Object Repository/Objects.HighlightElements/input_field_index'

2020-05-29 23:54:37 - [MESSAGE][PASSED] - Keys 'DOWN + ' sent to object: 'Object Repository/Objects.HighlightElements/input_field_index'

2020-05-29 23:54:37 - [TEST_STEP][PASSED] - sendKeys(NewInputNmField, Keys.chord(ARROW_DOWN)): Keys 'DOWN + ' sent to object: 'Object Repository/Objects.HighlightElements/input_field_index'

2020-05-29 23:54:37 - [MESSAGE][PASSED] - Keys 'DOWN + ' sent to object: 'Object Repository/Objects.HighlightElements/input_field_index'

2020-05-29 23:54:37 - [TEST_STEP][PASSED] - delay(DelayTime): Delayed 2 second(s)

2020-05-29 23:54:39 - [MESSAGE][PASSED] - Delayed 2 second(s)

2020-05-29 23:54:39 - [TEST_STEP][PASSED] - sendKeys(NewInputNmField, Keys.chord(ENTER)): Keys 'ENTER + ' sent to object: 'Object Repository/Objects.HighlightElements/input_field_index'

2020-05-29 23:54:40 - [MESSAGE][PASSED] - Keys 'ENTER + ' sent to object: 'Object Repository/Objects.HighlightElements/input_field_index'

2020-05-29 23:54:40 - [TEST_STEP][PASSED] - ComboBoxValue = getAttribute(NewInputNmField, "value"): Attribute 'value' of object 'Object Repository/Objects.HighlightElements/input_field_index' is: 'AVA '

2020-05-29 23:54:40 - [MESSAGE][PASSED] - Attribute 'value' of object 'Object Repository/Objects.HighlightElements/input_field_index' is: 'AVA '

2020-05-29 23:54:40 - [TEST_STEP][PASSED] - callTestCase(findTestCase(CallTCName), ["FindValue":ComboBoxValue, "DropdownNm":comboNm], STOP_ON_FAILURE): Call Test Case 'Test Cases/PFI Precision and Scale/HashMap Tables/ExternalAgencyLists' successfully

2020-05-29 23:54:40 - [TEST_CASE][PASSED] - Test Cases/PFI Precision and Scale/HashMap Tables/ExternalAgencyLists: Test Cases/PFI Precision and Scale/HashMap Tables/ExternalAgencyLists

2020-05-29 23:54:40 - [TEST_STEP][PASSED] - Thread.sleep(1000): null

2020-05-29 23:54:41 - [TEST_STEP][PASSED] - ExtAgencyTBL = [1:"HDB", 2:"AVA", 3:"CAAS", 4:"DSTA", 5:"EXXONMOBIL", 6:"Embassy", 7:"JTC Cat 1A", 8:"MBS- Marina Bay Sands", 9:"MCYS", 10:"MICA", ... ]: null

2020-05-29 23:54:41 - [TEST_STEP][PASSED] - ValueFound = ExtAgencyTBL.find({ -> ... }): null

2020-05-29 23:54:41 - [MESSAGE][PASSED] - Call Test Case 'Test Cases/PFI Precision and Scale/HashMap Tables/ExternalAgencyLists' successfully

2020-05-29 23:54:41 - [TEST_STEP][PASSED] - println(ValueFound): null

2020-05-29 23:54:41 - [TEST_STEP][PASSED] - sendKeys(NewInputNmField, Keys.chord(ARROW_DOWN)): Keys 'DOWN + ' sent to object: 'Object Repository/Objects.HighlightElements/input_field_index'

2020-05-29 23:54:41 - [MESSAGE][PASSED] - Keys 'DOWN + ' sent to object: 'Object Repository/Objects.HighlightElements/input_field_index'

2020-05-29 23:54:41 - [TEST_STEP][PASSED] - sendKeys(NewInputNmField, Keys.chord(ARROW_DOWN)): Keys 'DOWN + ' sent to object: 'Object Repository/Objects.HighlightElements/input_field_index'

2020-05-29 23:54:42 - [MESSAGE][PASSED] - Keys 'DOWN + ' sent to object: 'Object Repository/Objects.HighlightElements/input_field_index'

2020-05-29 23:54:42 - [TEST_STEP][PASSED] - delay(DelayTime): Delayed 2 second(s)

2020-05-29 23:54:44 - [MESSAGE][PASSED] - Delayed 2 second(s)

2020-05-29 23:54:44 - [TEST_STEP][PASSED] - sendKeys(NewInputNmField, Keys.chord(ENTER)): Keys 'ENTER + ' sent to object: 'Object Repository/Objects.HighlightElements/input_field_index'

2020-05-29 23:54:44 - [MESSAGE][PASSED] - Keys 'ENTER + ' sent to object: 'Object Repository/Objects.HighlightElements/input_field_index'

2020-05-29 23:54:44 - [TEST_STEP][PASSED] - ComboBoxValue = getAttribute(NewInputNmField, "value"): Attribute 'value' of object 'Object Repository/Objects.HighlightElements/input_field_index' is: 'CAAS'

2020-05-29 23:54:45 - [MESSAGE][PASSED] - Attribute 'value' of object 'Object Repository/Objects.HighlightElements/input_field_index' is: 'CAAS'

2020-05-29 23:54:45 - [TEST_STEP][PASSED] - callTestCase(findTestCase(CallTCName), ["FindValue":ComboBoxValue, "DropdownNm":comboNm], STOP_ON_FAILURE): Call Test Case 'Test Cases/PFI Precision and Scale/HashMap Tables/ExternalAgencyLists' successfully

2020-05-29 23:54:45 - [TEST_CASE][PASSED] - Test Cases/PFI Precision and Scale/HashMap Tables/ExternalAgencyLists: Test Cases/PFI Precision and Scale/HashMap Tables/ExternalAgencyLists

2020-05-29 23:54:45 - [TEST_STEP][PASSED] - Thread.sleep(1000): null

2020-05-29 23:54:46 - [TEST_STEP][PASSED] - ExtAgencyTBL = [1:"HDB", 2:"AVA", 3:"CAAS", 4:"DSTA", 5:"EXXONMOBIL", 6:"Embassy", 7:"JTC Cat 1A", 8:"MBS- Marina Bay Sands", 9:"MCYS", 10:"MICA", ... ]: null

2020-05-29 23:54:46 - [TEST_STEP][PASSED] - ValueFound = ExtAgencyTBL.find({ -> ... }): null

2020-05-29 23:54:46 - [MESSAGE][PASSED] - Call Test Case 'Test Cases/PFI Precision and Scale/HashMap Tables/ExternalAgencyLists' successfully

2020-05-29 23:54:46 - [TEST_STEP][PASSED] - println(ValueFound): null

2020-05-29 23:54:46 - [TEST_STEP][PASSED] - sendKeys(NewInputNmField, Keys.chord(ARROW_DOWN)): Keys 'DOWN + ' sent to object: 'Object Repository/Objects.HighlightElements/input_field_index'

2020-05-29 23:54:46 - [MESSAGE][PASSED] - Keys 'DOWN + ' sent to object: 'Object Repository/Objects.HighlightElements/input_field_index'

2020-05-29 23:54:46 - [TEST_STEP][PASSED] - sendKeys(NewInputNmField, Keys.chord(ARROW_DOWN)): Keys 'DOWN + ' sent to object: 'Object Repository/Objects.HighlightElements/input_field_index'

2020-05-29 23:54:46 - [MESSAGE][PASSED] - Keys 'DOWN + ' sent to object: 'Object Repository/Objects.HighlightElements/input_field_index'

2020-05-29 23:54:46 - [TEST_STEP][PASSED] - delay(DelayTime): Delayed 2 second(s)

2020-05-29 23:54:48 - [MESSAGE][PASSED] - Delayed 2 second(s)

2020-05-29 23:54:48 - [TEST_STEP][PASSED] - sendKeys(NewInputNmField, Keys.chord(ENTER)): Keys 'ENTER + ' sent to object: 'Object Repository/Objects.HighlightElements/input_field_index'

2020-05-29 23:54:49 - [MESSAGE][PASSED] - Keys 'ENTER + ' sent to object: 'Object Repository/Objects.HighlightElements/input_field_index'

2020-05-29 23:54:49 - [TEST_STEP][PASSED] - ComboBoxValue = getAttribute(NewInputNmField, "value"): Attribute 'value' of object 'Object Repository/Objects.HighlightElements/input_field_index' is: 'DSTA'

2020-05-29 23:54:49 - [MESSAGE][PASSED] - Attribute 'value' of object 'Object Repository/Objects.HighlightElements/input_field_index' is: 'DSTA'

2020-05-29 23:54:49 - [TEST_STEP][PASSED] - callTestCase(findTestCase(CallTCName), ["FindValue":ComboBoxValue, "DropdownNm":comboNm], STOP_ON_FAILURE): Call Test Case 'Test Cases/PFI Precision and Scale/HashMap Tables/ExternalAgencyLists' successfully

2020-05-29 23:54:49 - [TEST_CASE][PASSED] - Test Cases/PFI Precision and Scale/HashMap Tables/ExternalAgencyLists: Test Cases/PFI Precision and Scale/HashMap Tables/ExternalAgencyLists

2020-05-29 23:54:49 - [TEST_STEP][PASSED] - Thread.sleep(1000): null

2020-05-29 23:54:50 - [TEST_STEP][PASSED] - ExtAgencyTBL = [1:"HDB", 2:"AVA", 3:"CAAS", 4:"DSTA", 5:"EXXONMOBIL", 6:"Embassy", 7:"JTC Cat 1A", 8:"MBS- Marina Bay Sands", 9:"MCYS", 10:"MICA", ... ]: null

2020-05-29 23:54:50 - [TEST_STEP][PASSED] - ValueFound = ExtAgencyTBL.find({ -> ... }): null

2020-05-29 23:54:50 - [MESSAGE][PASSED] - Call Test Case 'Test Cases/PFI Precision and Scale/HashMap Tables/ExternalAgencyLists' successfully

2020-05-29 23:54:50 - [TEST_STEP][PASSED] - println(ValueFound): null

2020-05-29 23:54:50 - [TEST_STEP][PASSED] - sendKeys(NewInputNmField, Keys.chord(ARROW_DOWN)): Keys 'DOWN + ' sent to object: 'Object Repository/Objects.HighlightElements/input_field_index'

2020-05-29 23:54:50 - [MESSAGE][PASSED] - Keys 'DOWN + ' sent to object: 'Object Repository/Objects.HighlightElements/input_field_index'

2020-05-29 23:54:50 - [TEST_STEP][PASSED] - sendKeys(NewInputNmField, Keys.chord(ARROW_DOWN)): Keys 'DOWN + ' sent to object: 'Object Repository/Objects.HighlightElements/input_field_index'

2020-05-29 23:54:51 - [MESSAGE][PASSED] - Keys 'DOWN + ' sent to object: 'Object Repository/Objects.HighlightElements/input_field_index'

2020-05-29 23:54:51 - [TEST_STEP][PASSED] - delay(DelayTime): Delayed 2 second(s)

2020-05-29 23:54:53 - [MESSAGE][PASSED] - Delayed 2 second(s)

2020-05-29 23:54:53 - [TEST_STEP][PASSED] - sendKeys(NewInputNmField, Keys.chord(ENTER)): Keys 'ENTER + ' sent to object: 'Object Repository/Objects.HighlightElements/input_field_index'

2020-05-29 23:54:53 - [MESSAGE][PASSED] - Keys 'ENTER + ' sent to object: 'Object Repository/Objects.HighlightElements/input_field_index'

2020-05-29 23:54:53 - [TEST_STEP][PASSED] - ComboBoxValue = getAttribute(NewInputNmField, "value"): Attribute 'value' of object 'Object Repository/Objects.HighlightElements/input_field_index' is: 'EXXONMOBIL'

2020-05-29 23:54:54 - [MESSAGE][PASSED] - Attribute 'value' of object 'Object Repository/Objects.HighlightElements/input_field_index' is: 'EXXONMOBIL'

2020-05-29 23:54:54 - [TEST_STEP][PASSED] - callTestCase(findTestCase(CallTCName), ["FindValue":ComboBoxValue, "DropdownNm":comboNm], STOP_ON_FAILURE): Call Test Case 'Test Cases/PFI Precision and Scale/HashMap Tables/ExternalAgencyLists' successfully

2020-05-29 23:54:54 - [TEST_CASE][PASSED] - Test Cases/PFI Precision and Scale/HashMap Tables/ExternalAgencyLists: Test Cases/PFI Precision and Scale/HashMap Tables/ExternalAgencyLists

2020-05-29 23:54:54 - [TEST_STEP][PASSED] - Thread.sleep(1000): null

2020-05-29 23:54:55 - [TEST_STEP][PASSED] - ExtAgencyTBL = [1:"HDB", 2:"AVA", 3:"CAAS", 4:"DSTA", 5:"EXXONMOBIL", 6:"Embassy", 7:"JTC Cat 1A", 8:"MBS- Marina Bay Sands", 9:"MCYS", 10:"MICA", ... ]: null

2020-05-29 23:54:55 - [TEST_STEP][PASSED] - ValueFound = ExtAgencyTBL.find({ -> ... }): null

2020-05-29 23:54:55 - [MESSAGE][PASSED] - Call Test Case 'Test Cases/PFI Precision and Scale/HashMap Tables/ExternalAgencyLists' successfully

2020-05-29 23:54:55 - [TEST_STEP][PASSED] - println(ValueFound): null

2020-05-29 23:54:55 - [TEST_STEP][PASSED] - sendKeys(NewInputNmField, Keys.chord(ARROW_DOWN)): Keys 'DOWN + ' sent to object: 'Object Repository/Objects.HighlightElements/input_field_index'

2020-05-29 23:54:55 - [MESSAGE][PASSED] - Keys 'DOWN + ' sent to object: 'Object Repository/Objects.HighlightElements/input_field_index'

2020-05-29 23:54:55 - [TEST_STEP][PASSED] - sendKeys(NewInputNmField, Keys.chord(ARROW_DOWN)): Keys 'DOWN + ' sent to object: 'Object Repository/Objects.HighlightElements/input_field_index'

2020-05-29 23:54:56 - [MESSAGE][PASSED] - Keys 'DOWN + ' sent to object: 'Object Repository/Objects.HighlightElements/input_field_index'

2020-05-29 23:54:56 - [TEST_STEP][PASSED] - delay(DelayTime): Delayed 2 second(s)

2020-05-29 23:54:58 - [MESSAGE][PASSED] - Delayed 2 second(s)

2020-05-29 23:54:58 - [TEST_STEP][PASSED] - sendKeys(NewInputNmField, Keys.chord(ENTER)): Keys 'ENTER + ' sent to object: 'Object Repository/Objects.HighlightElements/input_field_index'

2020-05-29 23:54:58 - [MESSAGE][PASSED] - Keys 'ENTER + ' sent to object: 'Object Repository/Objects.HighlightElements/input_field_index'

2020-05-29 23:54:58 - [TEST_STEP][PASSED] - ComboBoxValue = getAttribute(NewInputNmField, "value"): Attribute 'value' of object 'Object Repository/Objects.HighlightElements/input_field_index' is: 'Embassy'

2020-05-29 23:54:58 - [MESSAGE][PASSED] - Attribute 'value' of object 'Object Repository/Objects.HighlightElements/input_field_index' is: 'Embassy'

2020-05-29 23:54:58 - [TEST_STEP][PASSED] - callTestCase(findTestCase(CallTCName), ["FindValue":ComboBoxValue, "DropdownNm":comboNm], STOP_ON_FAILURE): Call Test Case 'Test Cases/PFI Precision and Scale/HashMap Tables/ExternalAgencyLists' successfully

2020-05-29 23:54:58 - [TEST_CASE][PASSED] - Test Cases/PFI Precision and Scale/HashMap Tables/ExternalAgencyLists: Test Cases/PFI Precision and Scale/HashMap Tables/ExternalAgencyLists

2020-05-29 23:54:58 - [TEST_STEP][PASSED] - Thread.sleep(1000): null

2020-05-29 23:54:59 - [TEST_STEP][PASSED] - ExtAgencyTBL = [1:"HDB", 2:"AVA", 3:"CAAS", 4:"DSTA", 5:"EXXONMOBIL", 6:"Embassy", 7:"JTC Cat 1A", 8:"MBS- Marina Bay Sands", 9:"MCYS", 10:"MICA", ... ]: null

2020-05-29 23:54:59 - [TEST_STEP][PASSED] - ValueFound = ExtAgencyTBL.find({ -> ... }): null

2020-05-29 23:54:59 - [MESSAGE][PASSED] - Call Test Case 'Test Cases/PFI Precision and Scale/HashMap Tables/ExternalAgencyLists' successfully

2020-05-29 23:54:59 - [TEST_STEP][PASSED] - println(ValueFound): null

2020-05-29 23:54:59 - [TEST_STEP][PASSED] - sendKeys(NewInputNmField, Keys.chord(ARROW_DOWN)): Keys 'DOWN + ' sent to object: 'Object Repository/Objects.HighlightElements/input_field_index'

2020-05-29 23:55:00 - [MESSAGE][PASSED] - Keys 'DOWN + ' sent to object: 'Object Repository/Objects.HighlightElements/input_field_index'

2020-05-29 23:55:00 - [TEST_STEP][PASSED] - sendKeys(NewInputNmField, Keys.chord(ARROW_DOWN)): Keys 'DOWN + ' sent to object: 'Object Repository/Objects.HighlightElements/input_field_index'

2020-05-29 23:55:00 - [MESSAGE][PASSED] - Keys 'DOWN + ' sent to object: 'Object Repository/Objects.HighlightElements/input_field_index'

2020-05-29 23:55:00 - [TEST_STEP][PASSED] - delay(DelayTime): Delayed 2 second(s)

2020-05-29 23:55:02 - [MESSAGE][PASSED] - Delayed 2 second(s)

2020-05-29 23:55:02 - [TEST_STEP][PASSED] - sendKeys(NewInputNmField, Keys.chord(ENTER)): Keys 'ENTER + ' sent to object: 'Object Repository/Objects.HighlightElements/input_field_index'

2020-05-29 23:55:02 - [MESSAGE][PASSED] - Keys 'ENTER + ' sent to object: 'Object Repository/Objects.HighlightElements/input_field_index'

2020-05-29 23:55:02 - [TEST_STEP][PASSED] - ComboBoxValue = getAttribute(NewInputNmField, "value"): Attribute 'value' of object 'Object Repository/Objects.HighlightElements/input_field_index' is: 'JTC Cat 1A'

2020-05-29 23:55:03 - [MESSAGE][PASSED] - Attribute 'value' of object 'Object Repository/Objects.HighlightElements/input_field_index' is: 'JTC Cat 1A'

2020-05-29 23:55:03 - [TEST_STEP][PASSED] - callTestCase(findTestCase(CallTCName), ["FindValue":ComboBoxValue, "DropdownNm":comboNm], STOP_ON_FAILURE): Call Test Case 'Test Cases/PFI Precision and Scale/HashMap Tables/ExternalAgencyLists' successfully

2020-05-29 23:55:03 - [TEST_CASE][PASSED] - Test Cases/PFI Precision and Scale/HashMap Tables/ExternalAgencyLists: Test Cases/PFI Precision and Scale/HashMap Tables/ExternalAgencyLists

2020-05-29 23:55:03 - [TEST_STEP][PASSED] - Thread.sleep(1000): null

2020-05-29 23:55:04 - [TEST_STEP][PASSED] - ExtAgencyTBL = [1:"HDB", 2:"AVA", 3:"CAAS", 4:"DSTA", 5:"EXXONMOBIL", 6:"Embassy", 7:"JTC Cat 1A", 8:"MBS- Marina Bay Sands", 9:"MCYS", 10:"MICA", ... ]: null

2020-05-29 23:55:04 - [TEST_STEP][PASSED] - ValueFound = ExtAgencyTBL.find({ -> ... }): null

2020-05-29 23:55:04 - [MESSAGE][PASSED] - Call Test Case 'Test Cases/PFI Precision and Scale/HashMap Tables/ExternalAgencyLists' successfully

2020-05-29 23:55:04 - [TEST_STEP][PASSED] - println(ValueFound): null

2020-05-29 23:55:04 - [TEST_STEP][PASSED] - sendKeys(NewInputNmField, Keys.chord(ARROW_DOWN)): Keys 'DOWN + ' sent to object: 'Object Repository/Objects.HighlightElements/input_field_index'

2020-05-29 23:55:04 - [MESSAGE][PASSED] - Keys 'DOWN + ' sent to object: 'Object Repository/Objects.HighlightElements/input_field_index'

2020-05-29 23:55:04 - [TEST_STEP][PASSED] - sendKeys(NewInputNmField, Keys.chord(ARROW_DOWN)): Keys 'DOWN + ' sent to object: 'Object Repository/Objects.HighlightElements/input_field_index'

2020-05-29 23:55:05 - [MESSAGE][PASSED] - Keys 'DOWN + ' sent to object: 'Object Repository/Objects.HighlightElements/input_field_index'

2020-05-29 23:55:05 - [TEST_STEP][PASSED] - delay(DelayTime): Delayed 2 second(s)

2020-05-29 23:55:07 - [MESSAGE][PASSED] - Delayed 2 second(s)

2020-05-29 23:55:07 - [TEST_STEP][PASSED] - sendKeys(NewInputNmField, Keys.chord(ENTER)): Keys 'ENTER + ' sent to object: 'Object Repository/Objects.HighlightElements/input_field_index'

2020-05-29 23:55:07 - [MESSAGE][PASSED] - Keys 'ENTER + ' sent to object: 'Object Repository/Objects.HighlightElements/input_field_index'

2020-05-29 23:55:07 - [TEST_STEP][PASSED] - ComboBoxValue = getAttribute(NewInputNmField, "value"): Attribute 'value' of object 'Object Repository/Objects.HighlightElements/input_field_index' is: 'MBS- Marina Bay Sands'

2020-05-29 23:55:07 - [MESSAGE][PASSED] - Attribute 'value' of object 'Object Repository/Objects.HighlightElements/input_field_index' is: 'MBS- Marina Bay Sands'

2020-05-29 23:55:07 - [TEST_STEP][PASSED] - callTestCase(findTestCase(CallTCName), ["FindValue":ComboBoxValue, "DropdownNm":comboNm], STOP_ON_FAILURE): Call Test Case 'Test Cases/PFI Precision and Scale/HashMap Tables/ExternalAgencyLists' successfully

2020-05-29 23:55:07 - [TEST_CASE][PASSED] - Test Cases/PFI Precision and Scale/HashMap Tables/ExternalAgencyLists: Test Cases/PFI Precision and Scale/HashMap Tables/ExternalAgencyLists

2020-05-29 23:55:07 - [TEST_STEP][PASSED] - Thread.sleep(1000): null

2020-05-29 23:55:08 - [TEST_STEP][PASSED] - ExtAgencyTBL = [1:"HDB", 2:"AVA", 3:"CAAS", 4:"DSTA", 5:"EXXONMOBIL", 6:"Embassy", 7:"JTC Cat 1A", 8:"MBS- Marina Bay Sands", 9:"MCYS", 10:"MICA", ... ]: null

2020-05-29 23:55:08 - [TEST_STEP][PASSED] - ValueFound = ExtAgencyTBL.find({ -> ... }): null

2020-05-29 23:55:08 - [MESSAGE][PASSED] - Call Test Case 'Test Cases/PFI Precision and Scale/HashMap Tables/ExternalAgencyLists' successfully

2020-05-29 23:55:08 - [TEST_STEP][PASSED] - println(ValueFound): null

2020-05-29 23:55:08 - [TEST_STEP][PASSED] - sendKeys(NewInputNmField, Keys.chord(ARROW_DOWN)): Keys 'DOWN + ' sent to object: 'Object Repository/Objects.HighlightElements/input_field_index'

2020-05-29 23:55:09 - [MESSAGE][PASSED] - Keys 'DOWN + ' sent to object: 'Object Repository/Objects.HighlightElements/input_field_index'

2020-05-29 23:55:09 - [TEST_STEP][PASSED] - sendKeys(NewInputNmField, Keys.chord(ARROW_DOWN)): Keys 'DOWN + ' sent to object: 'Object Repository/Objects.HighlightElements/input_field_index'

2020-05-29 23:55:09 - [MESSAGE][PASSED] - Keys 'DOWN + ' sent to object: 'Object Repository/Objects.HighlightElements/input_field_index'

2020-05-29 23:55:09 - [TEST_STEP][PASSED] - delay(DelayTime): Delayed 2 second(s)

2020-05-29 23:55:11 - [MESSAGE][PASSED] - Delayed 2 second(s)

2020-05-29 23:55:11 - [TEST_STEP][PASSED] - sendKeys(NewInputNmField, Keys.chord(ENTER)): Keys 'ENTER + ' sent to object: 'Object Repository/Objects.HighlightElements/input_field_index'

2020-05-29 23:55:11 - [MESSAGE][PASSED] - Keys 'ENTER + ' sent to object: 'Object Repository/Objects.HighlightElements/input_field_index'

2020-05-29 23:55:11 - [TEST_STEP][PASSED] - ComboBoxValue = getAttribute(NewInputNmField, "value"): Attribute 'value' of object 'Object Repository/Objects.HighlightElements/input_field_index' is: 'MCYS'

2020-05-29 23:55:12 - [MESSAGE][PASSED] - Attribute 'value' of object 'Object Repository/Objects.HighlightElements/input_field_index' is: 'MCYS'

2020-05-29 23:55:12 - [TEST_STEP][PASSED] - callTestCase(findTestCase(CallTCName), ["FindValue":ComboBoxValue, "DropdownNm":comboNm], STOP_ON_FAILURE): Call Test Case 'Test Cases/PFI Precision and Scale/HashMap Tables/ExternalAgencyLists' successfully

2020-05-29 23:55:12 - [TEST_CASE][PASSED] - Test Cases/PFI Precision and Scale/HashMap Tables/ExternalAgencyLists: Test Cases/PFI Precision and Scale/HashMap Tables/ExternalAgencyLists

2020-05-29 23:55:12 - [TEST_STEP][PASSED] - Thread.sleep(1000): null

2020-05-29 23:55:13 - [TEST_STEP][PASSED] - ExtAgencyTBL = [1:"HDB", 2:"AVA", 3:"CAAS", 4:"DSTA", 5:"EXXONMOBIL", 6:"Embassy", 7:"JTC Cat 1A", 8:"MBS- Marina Bay Sands", 9:"MCYS", 10:"MICA", ... ]: null

2020-05-29 23:55:13 - [TEST_STEP][PASSED] - ValueFound = ExtAgencyTBL.find({ -> ... }): null

2020-05-29 23:55:13 - [MESSAGE][PASSED] - Call Test Case 'Test Cases/PFI Precision and Scale/HashMap Tables/ExternalAgencyLists' successfully

2020-05-29 23:55:13 - [TEST_STEP][PASSED] - println(ValueFound): null

2020-05-29 23:55:13 - [TEST_STEP][PASSED] - sendKeys(NewInputNmField, Keys.chord(ARROW_DOWN)): Keys 'DOWN + ' sent to object: 'Object Repository/Objects.HighlightElements/input_field_index'

2020-05-29 23:55:13 - [MESSAGE][PASSED] - Keys 'DOWN + ' sent to object: 'Object Repository/Objects.HighlightElements/input_field_index'

2020-05-29 23:55:13 - [TEST_STEP][PASSED] - sendKeys(NewInputNmField, Keys.chord(ARROW_DOWN)): Keys 'DOWN + ' sent to object: 'Object Repository/Objects.HighlightElements/input_field_index'

2020-05-29 23:55:14 - [MESSAGE][PASSED] - Keys 'DOWN + ' sent to object: 'Object Repository/Objects.HighlightElements/input_field_index'

2020-05-29 23:55:14 - [TEST_STEP][PASSED] - delay(DelayTime): Delayed 2 second(s)

2020-05-29 23:55:16 - [MESSAGE][PASSED] - Delayed 2 second(s)

2020-05-29 23:55:16 - [TEST_STEP][PASSED] - sendKeys(NewInputNmField, Keys.chord(ENTER)): Keys 'ENTER + ' sent to object: 'Object Repository/Objects.HighlightElements/input_field_index'

2020-05-29 23:55:16 - [MESSAGE][PASSED] - Keys 'ENTER + ' sent to object: 'Object Repository/Objects.HighlightElements/input_field_index'

2020-05-29 23:55:16 - [TEST_STEP][PASSED] - ComboBoxValue = getAttribute(NewInputNmField, "value"): Attribute 'value' of object 'Object Repository/Objects.HighlightElements/input_field_index' is: 'MICA'

2020-05-29 23:55:16 - [MESSAGE][PASSED] - Attribute 'value' of object 'Object Repository/Objects.HighlightElements/input_field_index' is: 'MICA'

2020-05-29 23:55:16 - [TEST_STEP][PASSED] - callTestCase(findTestCase(CallTCName), ["FindValue":ComboBoxValue, "DropdownNm":comboNm], STOP_ON_FAILURE): Call Test Case 'Test Cases/PFI Precision and Scale/HashMap Tables/ExternalAgencyLists' successfully

2020-05-29 23:55:16 - [TEST_CASE][PASSED] - Test Cases/PFI Precision and Scale/HashMap Tables/ExternalAgencyLists: Test Cases/PFI Precision and Scale/HashMap Tables/ExternalAgencyLists

2020-05-29 23:55:16 - [TEST_STEP][PASSED] - Thread.sleep(1000): null

2020-05-29 23:55:17 - [TEST_STEP][PASSED] - ExtAgencyTBL = [1:"HDB", 2:"AVA", 3:"CAAS", 4:"DSTA", 5:"EXXONMOBIL", 6:"Embassy", 7:"JTC Cat 1A", 8:"MBS- Marina Bay Sands", 9:"MCYS", 10:"MICA", ... ]: null

2020-05-29 23:55:17 - [TEST_STEP][PASSED] - ValueFound = ExtAgencyTBL.find({ -> ... }): null

2020-05-29 23:55:17 - [MESSAGE][PASSED] - Call Test Case 'Test Cases/PFI Precision and Scale/HashMap Tables/ExternalAgencyLists' successfully

2020-05-29 23:55:17 - [TEST_STEP][PASSED] - println(ValueFound): null

2020-05-29 23:55:17 - [TEST_STEP][PASSED] - sendKeys(NewInputNmField, Keys.chord(ARROW_DOWN)): Keys 'DOWN + ' sent to object: 'Object Repository/Objects.HighlightElements/input_field_index'

2020-05-29 23:55:18 - [MESSAGE][PASSED] - Keys 'DOWN + ' sent to object: 'Object Repository/Objects.HighlightElements/input_field_index'

2020-05-29 23:55:18 - [TEST_STEP][PASSED] - sendKeys(NewInputNmField, Keys.chord(ARROW_DOWN)): Keys 'DOWN + ' sent to object: 'Object Repository/Objects.HighlightElements/input_field_index'

2020-05-29 23:55:18 - [MESSAGE][PASSED] - Keys 'DOWN + ' sent to object: 'Object Repository/Objects.HighlightElements/input_field_index'

2020-05-29 23:55:18 - [TEST_STEP][PASSED] - delay(DelayTime): Delayed 2 second(s)

2020-05-29 23:55:20 - [MESSAGE][PASSED] - Delayed 2 second(s)

2020-05-29 23:55:20 - [TEST_STEP][PASSED] - sendKeys(NewInputNmField, Keys.chord(ENTER)): Keys 'ENTER + ' sent to object: 'Object Repository/Objects.HighlightElements/input_field_index'

2020-05-29 23:55:21 - [MESSAGE][PASSED] - Keys 'ENTER + ' sent to object: 'Object Repository/Objects.HighlightElements/input_field_index'

2020-05-29 23:55:21 - [TEST_STEP][PASSED] - ComboBoxValue = getAttribute(NewInputNmField, "value"): Attribute 'value' of object 'Object Repository/Objects.HighlightElements/input_field_index' is: 'MUIS'

2020-05-29 23:55:21 - [MESSAGE][PASSED] - Attribute 'value' of object 'Object Repository/Objects.HighlightElements/input_field_index' is: 'MUIS'

2020-05-29 23:55:21 - [TEST_STEP][PASSED] - callTestCase(findTestCase(CallTCName), ["FindValue":ComboBoxValue, "DropdownNm":comboNm], STOP_ON_FAILURE): Call Test Case 'Test Cases/PFI Precision and Scale/HashMap Tables/ExternalAgencyLists' successfully

2020-05-29 23:55:21 - [TEST_CASE][PASSED] - Test Cases/PFI Precision and Scale/HashMap Tables/ExternalAgencyLists: Test Cases/PFI Precision and Scale/HashMap Tables/ExternalAgencyLists

2020-05-29 23:55:21 - [TEST_STEP][PASSED] - Thread.sleep(1000): null

2020-05-29 23:55:22 - [TEST_STEP][PASSED] - ExtAgencyTBL = [1:"HDB", 2:"AVA", 3:"CAAS", 4:"DSTA", 5:"EXXONMOBIL", 6:"Embassy", 7:"JTC Cat 1A", 8:"MBS- Marina Bay Sands", 9:"MCYS", 10:"MICA", ... ]: null

2020-05-29 23:55:22 - [TEST_STEP][PASSED] - ValueFound = ExtAgencyTBL.find({ -> ... }): null

2020-05-29 23:55:22 - [MESSAGE][PASSED] - Call Test Case 'Test Cases/PFI Precision and Scale/HashMap Tables/ExternalAgencyLists' successfully

2020-05-29 23:55:22 - [TEST_STEP][PASSED] - println(ValueFound): null

2020-05-29 23:55:22 - [TEST_STEP][PASSED] - sendKeys(NewInputNmField, Keys.chord(ARROW_DOWN)): Keys 'DOWN + ' sent to object: 'Object Repository/Objects.HighlightElements/input_field_index'

2020-05-29 23:55:22 - [MESSAGE][PASSED] - Keys 'DOWN + ' sent to object: 'Object Repository/Objects.HighlightElements/input_field_index'

2020-05-29 23:55:22 - [TEST_STEP][PASSED] - sendKeys(NewInputNmField, Keys.chord(ARROW_DOWN)): Keys 'DOWN + ' sent to object: 'Object Repository/Objects.HighlightElements/input_field_index'

2020-05-29 23:55:23 - [MESSAGE][PASSED] - Keys 'DOWN + ' sent to object: 'Object Repository/Objects.HighlightElements/input_field_index'

2020-05-29 23:55:23 - [TEST_STEP][PASSED] - delay(DelayTime): Delayed 2 second(s)

2020-05-29 23:55:25 - [MESSAGE][PASSED] - Delayed 2 second(s)

2020-05-29 23:55:25 - [TEST_STEP][PASSED] - sendKeys(NewInputNmField, Keys.chord(ENTER)): Keys 'ENTER + ' sent to object: 'Object Repository/Objects.HighlightElements/input_field_index'

2020-05-29 23:55:25 - [MESSAGE][PASSED] - Keys 'ENTER + ' sent to object: 'Object Repository/Objects.HighlightElements/input_field_index'

2020-05-29 23:55:25 - [TEST_STEP][PASSED] - ComboBoxValue = getAttribute(NewInputNmField, "value"): Attribute 'value' of object 'Object Repository/Objects.HighlightElements/input_field_index' is: 'Ministry of Defence'

2020-05-29 23:55:25 - [MESSAGE][PASSED] - Attribute 'value' of object 'Object Repository/Objects.HighlightElements/input_field_index' is: 'Ministry of Defence'

2020-05-29 23:55:25 - [TEST_STEP][PASSED] - callTestCase(findTestCase(CallTCName), ["FindValue":ComboBoxValue, "DropdownNm":comboNm], STOP_ON_FAILURE): Call Test Case 'Test Cases/PFI Precision and Scale/HashMap Tables/ExternalAgencyLists' successfully

2020-05-29 23:55:26 - [TEST_CASE][PASSED] - Test Cases/PFI Precision and Scale/HashMap Tables/ExternalAgencyLists: Test Cases/PFI Precision and Scale/HashMap Tables/ExternalAgencyLists

2020-05-29 23:55:26 - [TEST_STEP][PASSED] - Thread.sleep(1000): null

2020-05-29 23:55:27 - [TEST_STEP][PASSED] - ExtAgencyTBL = [1:"HDB", 2:"AVA", 3:"CAAS", 4:"DSTA", 5:"EXXONMOBIL", 6:"Embassy", 7:"JTC Cat 1A", 8:"MBS- Marina Bay Sands", 9:"MCYS", 10:"MICA", ... ]: null

2020-05-29 23:55:27 - [TEST_STEP][PASSED] - ValueFound = ExtAgencyTBL.find({ -> ... }): null

2020-05-29 23:55:27 - [MESSAGE][PASSED] - Call Test Case 'Test Cases/PFI Precision and Scale/HashMap Tables/ExternalAgencyLists' successfully

2020-05-29 23:55:27 - [TEST_STEP][PASSED] - println(ValueFound): null

2020-05-29 23:55:27 - [TEST_STEP][PASSED] - sendKeys(NewInputNmField, Keys.chord(ARROW_DOWN)): Keys 'DOWN + ' sent to object: 'Object Repository/Objects.HighlightElements/input_field_index'

2020-05-29 23:55:27 - [MESSAGE][PASSED] - Keys 'DOWN + ' sent to object: 'Object Repository/Objects.HighlightElements/input_field_index'

2020-05-29 23:55:27 - [TEST_STEP][PASSED] - sendKeys(NewInputNmField, Keys.chord(ARROW_DOWN)): Keys 'DOWN + ' sent to object: 'Object Repository/Objects.HighlightElements/input_field_index'

2020-05-29 23:55:27 - [MESSAGE][PASSED] - Keys 'DOWN + ' sent to object: 'Object Repository/Objects.HighlightElements/input_field_index'

2020-05-29 23:55:27 - [TEST_STEP][PASSED] - delay(DelayTime): Delayed 2 second(s)

2020-05-29 23:55:29 - [MESSAGE][PASSED] - Delayed 2 second(s)

2020-05-29 23:55:29 - [TEST_STEP][PASSED] - sendKeys(NewInputNmField, Keys.chord(ENTER)): Keys 'ENTER + ' sent to object: 'Object Repository/Objects.HighlightElements/input_field_index'

2020-05-29 23:55:30 - [MESSAGE][PASSED] - Keys 'ENTER + ' sent to object: 'Object Repository/Objects.HighlightElements/input_field_index'

2020-05-29 23:55:30 - [TEST_STEP][PASSED] - ComboBoxValue = getAttribute(NewInputNmField, "value"): Attribute 'value' of object 'Object Repository/Objects.HighlightElements/input_field_index' is: 'Ministry of Education'

2020-05-29 23:55:30 - [MESSAGE][PASSED] - Attribute 'value' of object 'Object Repository/Objects.HighlightElements/input_field_index' is: 'Ministry of Education'

2020-05-29 23:55:30 - [TEST_STEP][PASSED] - callTestCase(findTestCase(CallTCName), ["FindValue":ComboBoxValue, "DropdownNm":comboNm], STOP_ON_FAILURE): Call Test Case 'Test Cases/PFI Precision and Scale/HashMap Tables/ExternalAgencyLists' successfully

2020-05-29 23:55:30 - [TEST_CASE][PASSED] - Test Cases/PFI Precision and Scale/HashMap Tables/ExternalAgencyLists: Test Cases/PFI Precision and Scale/HashMap Tables/ExternalAgencyLists

2020-05-29 23:55:30 - [TEST_STEP][PASSED] - Thread.sleep(1000): null

2020-05-29 23:55:31 - [TEST_STEP][PASSED] - ExtAgencyTBL = [1:"HDB", 2:"AVA", 3:"CAAS", 4:"DSTA", 5:"EXXONMOBIL", 6:"Embassy", 7:"JTC Cat 1A", 8:"MBS- Marina Bay Sands", 9:"MCYS", 10:"MICA", ... ]: null

2020-05-29 23:55:31 - [TEST_STEP][PASSED] - ValueFound = ExtAgencyTBL.find({ -> ... }): null

2020-05-29 23:55:31 - [MESSAGE][PASSED] - Call Test Case 'Test Cases/PFI Precision and Scale/HashMap Tables/ExternalAgencyLists' successfully

2020-05-29 23:55:31 - [TEST_STEP][PASSED] - println(ValueFound): null

2020-05-29 23:55:31 - [TEST_STEP][PASSED] - sendKeys(NewInputNmField, Keys.chord(ARROW_DOWN)): Keys 'DOWN + ' sent to object: 'Object Repository/Objects.HighlightElements/input_field_index'

2020-05-29 23:55:31 - [MESSAGE][PASSED] - Keys 'DOWN + ' sent to object: 'Object Repository/Objects.HighlightElements/input_field_index'

2020-05-29 23:55:31 - [TEST_STEP][PASSED] - sendKeys(NewInputNmField, Keys.chord(ARROW_DOWN)): Keys 'DOWN + ' sent to object: 'Object Repository/Objects.HighlightElements/input_field_index'

2020-05-29 23:55:32 - [MESSAGE][PASSED] - Keys 'DOWN + ' sent to object: 'Object Repository/Objects.HighlightElements/input_field_index'

2020-05-29 23:55:32 - [TEST_STEP][PASSED] - delay(DelayTime): Delayed 2 second(s)

2020-05-29 23:55:34 - [MESSAGE][PASSED] - Delayed 2 second(s)

2020-05-29 23:55:34 - [TEST_STEP][PASSED] - sendKeys(NewInputNmField, Keys.chord(ENTER)): Keys 'ENTER + ' sent to object: 'Object Repository/Objects.HighlightElements/input_field_index'

2020-05-29 23:55:34 - [MESSAGE][PASSED] - Keys 'ENTER + ' sent to object: 'Object Repository/Objects.HighlightElements/input_field_index'

2020-05-29 23:55:34 - [TEST_STEP][PASSED] - ComboBoxValue = getAttribute(NewInputNmField, "value"): Attribute 'value' of object 'Object Repository/Objects.HighlightElements/input_field_index' is: 'Ministry of Foreign Affairs'

2020-05-29 23:55:35 - [MESSAGE][PASSED] - Attribute 'value' of object 'Object Repository/Objects.HighlightElements/input_field_index' is: 'Ministry of Foreign Affairs'

2020-05-29 23:55:35 - [TEST_STEP][PASSED] - callTestCase(findTestCase(CallTCName), ["FindValue":ComboBoxValue, "DropdownNm":comboNm], STOP_ON_FAILURE): Call Test Case 'Test Cases/PFI Precision and Scale/HashMap Tables/ExternalAgencyLists' successfully

2020-05-29 23:55:35 - [TEST_CASE][PASSED] - Test Cases/PFI Precision and Scale/HashMap Tables/ExternalAgencyLists: Test Cases/PFI Precision and Scale/HashMap Tables/ExternalAgencyLists

2020-05-29 23:55:35 - [TEST_STEP][PASSED] - Thread.sleep(1000): null

2020-05-29 23:55:36 - [TEST_STEP][PASSED] - ExtAgencyTBL = [1:"HDB", 2:"AVA", 3:"CAAS", 4:"DSTA", 5:"EXXONMOBIL", 6:"Embassy", 7:"JTC Cat 1A", 8:"MBS- Marina Bay Sands", 9:"MCYS", 10:"MICA", ... ]: null

2020-05-29 23:55:36 - [TEST_STEP][PASSED] - ValueFound = ExtAgencyTBL.find({ -> ... }): null

2020-05-29 23:55:36 - [MESSAGE][PASSED] - Call Test Case 'Test Cases/PFI Precision and Scale/HashMap Tables/ExternalAgencyLists' successfully

2020-05-29 23:55:36 - [TEST_STEP][PASSED] - println(ValueFound): null

2020-05-29 23:55:36 - [TEST_STEP][PASSED] - sendKeys(NewInputNmField, Keys.chord(ARROW_DOWN)): Keys 'DOWN + ' sent to object: 'Object Repository/Objects.HighlightElements/input_field_index'

2020-05-29 23:55:36 - [MESSAGE][PASSED] - Keys 'DOWN + ' sent to object: 'Object Repository/Objects.HighlightElements/input_field_index'

2020-05-29 23:55:36 - [TEST_STEP][PASSED] - sendKeys(NewInputNmField, Keys.chord(ARROW_DOWN)): Keys 'DOWN + ' sent to object: 'Object Repository/Objects.HighlightElements/input_field_index'

2020-05-29 23:55:36 - [MESSAGE][PASSED] - Keys 'DOWN + ' sent to object: 'Object Repository/Objects.HighlightElements/input_field_index'

2020-05-29 23:55:36 - [TEST_STEP][PASSED] - delay(DelayTime): Delayed 2 second(s)

2020-05-29 23:55:38 - [MESSAGE][PASSED] - Delayed 2 second(s)

2020-05-29 23:55:38 - [TEST_STEP][PASSED] - sendKeys(NewInputNmField, Keys.chord(ENTER)): Keys 'ENTER + ' sent to object: 'Object Repository/Objects.HighlightElements/input_field_index'

2020-05-29 23:55:39 - [MESSAGE][PASSED] - Keys 'ENTER + ' sent to object: 'Object Repository/Objects.HighlightElements/input_field_index'

2020-05-29 23:55:39 - [TEST_STEP][PASSED] - ComboBoxValue = getAttribute(NewInputNmField, "value"): Attribute 'value' of object 'Object Repository/Objects.HighlightElements/input_field_index' is: 'Ministry of Health'

2020-05-29 23:55:39 - [MESSAGE][PASSED] - Attribute 'value' of object 'Object Repository/Objects.HighlightElements/input_field_index' is: 'Ministry of Health'

2020-05-29 23:55:39 - [TEST_STEP][PASSED] - callTestCase(findTestCase(CallTCName), ["FindValue":ComboBoxValue, "DropdownNm":comboNm], STOP_ON_FAILURE): Call Test Case 'Test Cases/PFI Precision and Scale/HashMap Tables/ExternalAgencyLists' successfully

2020-05-29 23:55:39 - [TEST_CASE][PASSED] - Test Cases/PFI Precision and Scale/HashMap Tables/ExternalAgencyLists: Test Cases/PFI Precision and Scale/HashMap Tables/ExternalAgencyLists

2020-05-29 23:55:39 - [TEST_STEP][PASSED] - Thread.sleep(1000): null

2020-05-29 23:55:40 - [TEST_STEP][PASSED] - ExtAgencyTBL = [1:"HDB", 2:"AVA", 3:"CAAS", 4:"DSTA", 5:"EXXONMOBIL", 6:"Embassy", 7:"JTC Cat 1A", 8:"MBS- Marina Bay Sands", 9:"MCYS", 10:"MICA", ... ]: null

2020-05-29 23:55:40 - [TEST_STEP][PASSED] - ValueFound = ExtAgencyTBL.find({ -> ... }): null

2020-05-29 23:55:40 - [MESSAGE][PASSED] - Call Test Case 'Test Cases/PFI Precision and Scale/HashMap Tables/ExternalAgencyLists' successfully

2020-05-29 23:55:40 - [TEST_STEP][PASSED] - println(ValueFound): null

2020-05-29 23:55:40 - [TEST_STEP][PASSED] - sendKeys(NewInputNmField, Keys.chord(ARROW_DOWN)): Keys 'DOWN + ' sent to object: 'Object Repository/Objects.HighlightElements/input_field_index'

2020-05-29 23:55:40 - [MESSAGE][PASSED] - Keys 'DOWN + ' sent to object: 'Object Repository/Objects.HighlightElements/input_field_index'

2020-05-29 23:55:40 - [TEST_STEP][PASSED] - sendKeys(NewInputNmField, Keys.chord(ARROW_DOWN)): Keys 'DOWN + ' sent to object: 'Object Repository/Objects.HighlightElements/input_field_index'

2020-05-29 23:55:41 - [MESSAGE][PASSED] - Keys 'DOWN + ' sent to object: 'Object Repository/Objects.HighlightElements/input_field_index'

2020-05-29 23:55:41 - [TEST_STEP][PASSED] - delay(DelayTime): Delayed 2 second(s)

2020-05-29 23:55:43 - [MESSAGE][PASSED] - Delayed 2 second(s)

2020-05-29 23:55:43 - [TEST_STEP][PASSED] - sendKeys(NewInputNmField, Keys.chord(ENTER)): Keys 'ENTER + ' sent to object: 'Object Repository/Objects.HighlightElements/input_field_index'

2020-05-29 23:55:43 - [MESSAGE][PASSED] - Keys 'ENTER + ' sent to object: 'Object Repository/Objects.HighlightElements/input_field_index'

2020-05-29 23:55:43 - [TEST_STEP][PASSED] - ComboBoxValue = getAttribute(NewInputNmField, "value"): Attribute 'value' of object 'Object Repository/Objects.HighlightElements/input_field_index' is: 'Ministry of Home Affairs'

2020-05-29 23:55:44 - [MESSAGE][PASSED] - Attribute 'value' of object 'Object Repository/Objects.HighlightElements/input_field_index' is: 'Ministry of Home Affairs'

2020-05-29 23:55:44 - [TEST_STEP][PASSED] - callTestCase(findTestCase(CallTCName), ["FindValue":ComboBoxValue, "DropdownNm":comboNm], STOP_ON_FAILURE): Call Test Case 'Test Cases/PFI Precision and Scale/HashMap Tables/ExternalAgencyLists' successfully

2020-05-29 23:55:44 - [TEST_CASE][PASSED] - Test Cases/PFI Precision and Scale/HashMap Tables/ExternalAgencyLists: Test Cases/PFI Precision and Scale/HashMap Tables/ExternalAgencyLists

2020-05-29 23:55:44 - [TEST_STEP][PASSED] - Thread.sleep(1000): null

2020-05-29 23:55:45 - [TEST_STEP][PASSED] - ExtAgencyTBL = [1:"HDB", 2:"AVA", 3:"CAAS", 4:"DSTA", 5:"EXXONMOBIL", 6:"Embassy", 7:"JTC Cat 1A", 8:"MBS- Marina Bay Sands", 9:"MCYS", 10:"MICA", ... ]: null

2020-05-29 23:55:45 - [TEST_STEP][PASSED] - ValueFound = ExtAgencyTBL.find({ -> ... }): null

2020-05-29 23:55:45 - [MESSAGE][PASSED] - Call Test Case 'Test Cases/PFI Precision and Scale/HashMap Tables/ExternalAgencyLists' successfully

2020-05-29 23:55:45 - [TEST_STEP][PASSED] - println(ValueFound): null

2020-05-29 23:55:45 - [TEST_STEP][PASSED] - sendKeys(NewInputNmField, Keys.chord(ARROW_DOWN)): Keys 'DOWN + ' sent to object: 'Object Repository/Objects.HighlightElements/input_field_index'

2020-05-29 23:55:45 - [MESSAGE][PASSED] - Keys 'DOWN + ' sent to object: 'Object Repository/Objects.HighlightElements/input_field_index'

2020-05-29 23:55:45 - [TEST_STEP][PASSED] - sendKeys(NewInputNmField, Keys.chord(ARROW_DOWN)): Keys 'DOWN + ' sent to object: 'Object Repository/Objects.HighlightElements/input_field_index'

2020-05-29 23:55:45 - [MESSAGE][PASSED] - Keys 'DOWN + ' sent to object: 'Object Repository/Objects.HighlightElements/input_field_index'

2020-05-29 23:55:45 - [TEST_STEP][PASSED] - delay(DelayTime): Delayed 2 second(s)

2020-05-29 23:55:47 - [MESSAGE][PASSED] - Delayed 2 second(s)

2020-05-29 23:55:47 - [TEST_STEP][PASSED] - sendKeys(NewInputNmField, Keys.chord(ENTER)): Keys 'ENTER + ' sent to object: 'Object Repository/Objects.HighlightElements/input_field_index'

2020-05-29 23:55:48 - [MESSAGE][PASSED] - Keys 'ENTER + ' sent to object: 'Object Repository/Objects.HighlightElements/input_field_index'

2020-05-29 23:55:48 - [TEST_STEP][PASSED] - ComboBoxValue = getAttribute(NewInputNmField, "value"): Attribute 'value' of object 'Object Repository/Objects.HighlightElements/input_field_index' is: 'National Environment Agency'

2020-05-29 23:55:48 - [MESSAGE][PASSED] - Attribute 'value' of object 'Object Repository/Objects.HighlightElements/input_field_index' is: 'National Environment Agency'

2020-05-29 23:55:48 - [TEST_STEP][PASSED] - callTestCase(findTestCase(CallTCName), ["FindValue":ComboBoxValue, "DropdownNm":comboNm], STOP_ON_FAILURE): Call Test Case 'Test Cases/PFI Precision and Scale/HashMap Tables/ExternalAgencyLists' successfully

2020-05-29 23:55:48 - [TEST_CASE][PASSED] - Test Cases/PFI Precision and Scale/HashMap Tables/ExternalAgencyLists: Test Cases/PFI Precision and Scale/HashMap Tables/ExternalAgencyLists

2020-05-29 23:55:48 - [TEST_STEP][PASSED] - Thread.sleep(1000): null

2020-05-29 23:55:49 - [TEST_STEP][PASSED] - ExtAgencyTBL = [1:"HDB", 2:"AVA", 3:"CAAS", 4:"DSTA", 5:"EXXONMOBIL", 6:"Embassy", 7:"JTC Cat 1A", 8:"MBS- Marina Bay Sands", 9:"MCYS", 10:"MICA", ... ]: null

2020-05-29 23:55:49 - [TEST_STEP][PASSED] - ValueFound = ExtAgencyTBL.find({ -> ... }): null

2020-05-29 23:55:49 - [MESSAGE][PASSED] - Call Test Case 'Test Cases/PFI Precision and Scale/HashMap Tables/ExternalAgencyLists' successfully

2020-05-29 23:55:49 - [TEST_STEP][PASSED] - println(ValueFound): null

2020-05-29 23:55:49 - [TEST_STEP][PASSED] - sendKeys(NewInputNmField, Keys.chord(ARROW_DOWN)): Keys 'DOWN + ' sent to object: 'Object Repository/Objects.HighlightElements/input_field_index'

2020-05-29 23:55:49 - [MESSAGE][PASSED] - Keys 'DOWN + ' sent to object: 'Object Repository/Objects.HighlightElements/input_field_index'

2020-05-29 23:55:49 - [TEST_STEP][PASSED] - sendKeys(NewInputNmField, Keys.chord(ARROW_DOWN)): Keys 'DOWN + ' sent to object: 'Object Repository/Objects.HighlightElements/input_field_index'

2020-05-29 23:55:50 - [MESSAGE][PASSED] - Keys 'DOWN + ' sent to object: 'Object Repository/Objects.HighlightElements/input_field_index'

2020-05-29 23:55:50 - [TEST_STEP][PASSED] - delay(DelayTime): Delayed 2 second(s)

2020-05-29 23:55:52 - [MESSAGE][PASSED] - Delayed 2 second(s)

2020-05-29 23:55:52 - [TEST_STEP][PASSED] - sendKeys(NewInputNmField, Keys.chord(ENTER)): Keys 'ENTER + ' sent to object: 'Object Repository/Objects.HighlightElements/input_field_index'

2020-05-29 23:55:52 - [MESSAGE][PASSED] - Keys 'ENTER + ' sent to object: 'Object Repository/Objects.HighlightElements/input_field_index'

2020-05-29 23:55:52 - [TEST_STEP][PASSED] - ComboBoxValue = getAttribute(NewInputNmField, "value"): Attribute 'value' of object 'Object Repository/Objects.HighlightElements/input_field_index' is: 'National Heritage Board'

2020-05-29 23:55:53 - [MESSAGE][PASSED] - Attribute 'value' of object 'Object Repository/Objects.HighlightElements/input_field_index' is: 'National Heritage Board'

2020-05-29 23:55:53 - [TEST_STEP][PASSED] - callTestCase(findTestCase(CallTCName), ["FindValue":ComboBoxValue, "DropdownNm":comboNm], STOP_ON_FAILURE): Call Test Case 'Test Cases/PFI Precision and Scale/HashMap Tables/ExternalAgencyLists' successfully

2020-05-29 23:55:53 - [TEST_CASE][PASSED] - Test Cases/PFI Precision and Scale/HashMap Tables/ExternalAgencyLists: Test Cases/PFI Precision and Scale/HashMap Tables/ExternalAgencyLists

2020-05-29 23:55:53 - [TEST_STEP][PASSED] - Thread.sleep(1000): null

2020-05-29 23:55:54 - [TEST_STEP][PASSED] - ExtAgencyTBL = [1:"HDB", 2:"AVA", 3:"CAAS", 4:"DSTA", 5:"EXXONMOBIL", 6:"Embassy", 7:"JTC Cat 1A", 8:"MBS- Marina Bay Sands", 9:"MCYS", 10:"MICA", ... ]: null

2020-05-29 23:55:54 - [TEST_STEP][PASSED] - ValueFound = ExtAgencyTBL.find({ -> ... }): null

2020-05-29 23:55:54 - [MESSAGE][PASSED] - Call Test Case 'Test Cases/PFI Precision and Scale/HashMap Tables/ExternalAgencyLists' successfully

2020-05-29 23:55:54 - [TEST_STEP][PASSED] - println(ValueFound): null

2020-05-29 23:55:54 - [TEST_STEP][PASSED] - sendKeys(NewInputNmField, Keys.chord(ARROW_DOWN)): Keys 'DOWN + ' sent to object: 'Object Repository/Objects.HighlightElements/input_field_index'

2020-05-29 23:55:54 - [MESSAGE][PASSED] - Keys 'DOWN + ' sent to object: 'Object Repository/Objects.HighlightElements/input_field_index'

2020-05-29 23:55:54 - [TEST_STEP][PASSED] - sendKeys(NewInputNmField, Keys.chord(ARROW_DOWN)): Keys 'DOWN + ' sent to object: 'Object Repository/Objects.HighlightElements/input_field_index'

2020-05-29 23:55:54 - [MESSAGE][PASSED] - Keys 'DOWN + ' sent to object: 'Object Repository/Objects.HighlightElements/input_field_index'

2020-05-29 23:55:54 - [TEST_STEP][PASSED] - delay(DelayTime): Delayed 2 second(s)

2020-05-29 23:55:56 - [MESSAGE][PASSED] - Delayed 2 second(s)

2020-05-29 23:55:56 - [TEST_STEP][PASSED] - sendKeys(NewInputNmField, Keys.chord(ENTER)): Keys 'ENTER + ' sent to object: 'Object Repository/Objects.HighlightElements/input_field_index'

2020-05-29 23:55:57 - [MESSAGE][PASSED] - Keys 'ENTER + ' sent to object: 'Object Repository/Objects.HighlightElements/input_field_index'

2020-05-29 23:55:57 - [TEST_STEP][PASSED] - ComboBoxValue = getAttribute(NewInputNmField, "value"): Attribute 'value' of object 'Object Repository/Objects.HighlightElements/input_field_index' is: 'National Parks Board'

2020-05-29 23:55:57 - [MESSAGE][PASSED] - Attribute 'value' of object 'Object Repository/Objects.HighlightElements/input_field_index' is: 'National Parks Board'

2020-05-29 23:55:57 - [TEST_STEP][PASSED] - callTestCase(findTestCase(CallTCName), ["FindValue":ComboBoxValue, "DropdownNm":comboNm], STOP_ON_FAILURE): Call Test Case 'Test Cases/PFI Precision and Scale/HashMap Tables/ExternalAgencyLists' successfully

2020-05-29 23:55:57 - [TEST_CASE][PASSED] - Test Cases/PFI Precision and Scale/HashMap Tables/ExternalAgencyLists: Test Cases/PFI Precision and Scale/HashMap Tables/ExternalAgencyLists

2020-05-29 23:55:57 - [TEST_STEP][PASSED] - Thread.sleep(1000): null

2020-05-29 23:55:58 - [TEST_STEP][PASSED] - ExtAgencyTBL = [1:"HDB", 2:"AVA", 3:"CAAS", 4:"DSTA", 5:"EXXONMOBIL", 6:"Embassy", 7:"JTC Cat 1A", 8:"MBS- Marina Bay Sands", 9:"MCYS", 10:"MICA", ... ]: null

2020-05-29 23:55:58 - [TEST_STEP][PASSED] - ValueFound = ExtAgencyTBL.find({ -> ... }): null

2020-05-29 23:55:58 - [MESSAGE][PASSED] - Call Test Case 'Test Cases/PFI Precision and Scale/HashMap Tables/ExternalAgencyLists' successfully

2020-05-29 23:55:58 - [TEST_STEP][PASSED] - println(ValueFound): null

2020-05-29 23:55:58 - [TEST_STEP][PASSED] - sendKeys(NewInputNmField, Keys.chord(ARROW_DOWN)): Keys 'DOWN + ' sent to object: 'Object Repository/Objects.HighlightElements/input_field_index'

2020-05-29 23:55:59 - [MESSAGE][PASSED] - Keys 'DOWN + ' sent to object: 'Object Repository/Objects.HighlightElements/input_field_index'

2020-05-29 23:55:59 - [TEST_STEP][PASSED] - sendKeys(NewInputNmField, Keys.chord(ARROW_DOWN)): Keys 'DOWN + ' sent to object: 'Object Repository/Objects.HighlightElements/input_field_index'

2020-05-29 23:55:59 - [MESSAGE][PASSED] - Keys 'DOWN + ' sent to object: 'Object Repository/Objects.HighlightElements/input_field_index'

2020-05-29 23:55:59 - [TEST_STEP][PASSED] - delay(DelayTime): Delayed 2 second(s)

2020-05-29 23:56:01 - [MESSAGE][PASSED] - Delayed 2 second(s)

2020-05-29 23:56:01 - [TEST_STEP][PASSED] - sendKeys(NewInputNmField, Keys.chord(ENTER)): Keys 'ENTER + ' sent to object: 'Object Repository/Objects.HighlightElements/input_field_index'

2020-05-29 23:56:01 - [MESSAGE][PASSED] - Keys 'ENTER + ' sent to object: 'Object Repository/Objects.HighlightElements/input_field_index'

2020-05-29 23:56:01 - [TEST_STEP][PASSED] - ComboBoxValue = getAttribute(NewInputNmField, "value"): Attribute 'value' of object 'Object Repository/Objects.HighlightElements/input_field_index' is: 'POWER GRID'

2020-05-29 23:56:02 - [MESSAGE][PASSED] - Attribute 'value' of object 'Object Repository/Objects.HighlightElements/input_field_index' is: 'POWER GRID'

2020-05-29 23:56:02 - [TEST_STEP][PASSED] - callTestCase(findTestCase(CallTCName), ["FindValue":ComboBoxValue, "DropdownNm":comboNm], STOP_ON_FAILURE): Call Test Case 'Test Cases/PFI Precision and Scale/HashMap Tables/ExternalAgencyLists' successfully

2020-05-29 23:56:02 - [TEST_CASE][PASSED] - Test Cases/PFI Precision and Scale/HashMap Tables/ExternalAgencyLists: Test Cases/PFI Precision and Scale/HashMap Tables/ExternalAgencyLists

2020-05-29 23:56:02 - [TEST_STEP][PASSED] - Thread.sleep(1000): null

2020-05-29 23:56:03 - [TEST_STEP][PASSED] - ExtAgencyTBL = [1:"HDB", 2:"AVA", 3:"CAAS", 4:"DSTA", 5:"EXXONMOBIL", 6:"Embassy", 7:"JTC Cat 1A", 8:"MBS- Marina Bay Sands", 9:"MCYS", 10:"MICA", ... ]: null

2020-05-29 23:56:03 - [TEST_STEP][PASSED] - ValueFound = ExtAgencyTBL.find({ -> ... }): null

2020-05-29 23:56:03 - [MESSAGE][PASSED] - Call Test Case 'Test Cases/PFI Precision and Scale/HashMap Tables/ExternalAgencyLists' successfully

2020-05-29 23:56:03 - [TEST_STEP][PASSED] - println(ValueFound): null

2020-05-29 23:56:03 - [TEST_STEP][PASSED] - sendKeys(NewInputNmField, Keys.chord(ARROW_DOWN)): Keys 'DOWN + ' sent to object: 'Object Repository/Objects.HighlightElements/input_field_index'

2020-05-29 23:56:03 - [MESSAGE][PASSED] - Keys 'DOWN + ' sent to object: 'Object Repository/Objects.HighlightElements/input_field_index'

2020-05-29 23:56:03 - [TEST_STEP][PASSED] - sendKeys(NewInputNmField, Keys.chord(ARROW_DOWN)): Keys 'DOWN + ' sent to object: 'Object Repository/Objects.HighlightElements/input_field_index'

2020-05-29 23:56:04 - [MESSAGE][PASSED] - Keys 'DOWN + ' sent to object: 'Object Repository/Objects.HighlightElements/input_field_index'

2020-05-29 23:56:04 - [TEST_STEP][PASSED] - delay(DelayTime): Delayed 2 second(s)

2020-05-29 23:56:06 - [MESSAGE][PASSED] - Delayed 2 second(s)

2020-05-29 23:56:06 - [TEST_STEP][PASSED] - sendKeys(NewInputNmField, Keys.chord(ENTER)): Keys 'ENTER + ' sent to object: 'Object Repository/Objects.HighlightElements/input_field_index'

2020-05-29 23:56:06 - [MESSAGE][PASSED] - Keys 'ENTER + ' sent to object: 'Object Repository/Objects.HighlightElements/input_field_index'

2020-05-29 23:56:06 - [TEST_STEP][PASSED] - ComboBoxValue = getAttribute(NewInputNmField, "value"): Attribute 'value' of object 'Object Repository/Objects.HighlightElements/input_field_index' is: 'PUB, the National Water Agency'

2020-05-29 23:56:06 - [MESSAGE][PASSED] - Attribute 'value' of object 'Object Repository/Objects.HighlightElements/input_field_index' is: 'PUB, the National Water Agency'

2020-05-29 23:56:06 - [TEST_STEP][PASSED] - callTestCase(findTestCase(CallTCName), ["FindValue":ComboBoxValue, "DropdownNm":comboNm], STOP_ON_FAILURE): Call Test Case 'Test Cases/PFI Precision and Scale/HashMap Tables/ExternalAgencyLists' successfully

2020-05-29 23:56:06 - [TEST_CASE][PASSED] - Test Cases/PFI Precision and Scale/HashMap Tables/ExternalAgencyLists: Test Cases/PFI Precision and Scale/HashMap Tables/ExternalAgencyLists

2020-05-29 23:56:06 - [TEST_STEP][PASSED] - Thread.sleep(1000): null

2020-05-29 23:56:07 - [TEST_STEP][PASSED] - ExtAgencyTBL = [1:"HDB", 2:"AVA", 3:"CAAS", 4:"DSTA", 5:"EXXONMOBIL", 6:"Embassy", 7:"JTC Cat 1A", 8:"MBS- Marina Bay Sands", 9:"MCYS", 10:"MICA", ... ]: null

2020-05-29 23:56:07 - [TEST_STEP][PASSED] - ValueFound = ExtAgencyTBL.find({ -> ... }): null

2020-05-29 23:56:07 - [MESSAGE][PASSED] - Call Test Case 'Test Cases/PFI Precision and Scale/HashMap Tables/ExternalAgencyLists' successfully

2020-05-29 23:56:07 - [TEST_STEP][PASSED] - println(ValueFound): null

2020-05-29 23:56:07 - [TEST_STEP][PASSED] - sendKeys(NewInputNmField, Keys.chord(ARROW_DOWN)): Keys 'DOWN + ' sent to object: 'Object Repository/Objects.HighlightElements/input_field_index'

2020-05-29 23:56:08 - [MESSAGE][PASSED] - Keys 'DOWN + ' sent to object: 'Object Repository/Objects.HighlightElements/input_field_index'

2020-05-29 23:56:08 - [TEST_STEP][PASSED] - sendKeys(NewInputNmField, Keys.chord(ARROW_DOWN)): Keys 'DOWN + ' sent to object: 'Object Repository/Objects.HighlightElements/input_field_index'

2020-05-29 23:56:08 - [MESSAGE][PASSED] - Keys 'DOWN + ' sent to object: 'Object Repository/Objects.HighlightElements/input_field_index'

2020-05-29 23:56:08 - [TEST_STEP][PASSED] - delay(DelayTime): Delayed 2 second(s)

2020-05-29 23:56:10 - [MESSAGE][PASSED] - Delayed 2 second(s)

2020-05-29 23:56:10 - [TEST_STEP][PASSED] - sendKeys(NewInputNmField, Keys.chord(ENTER)): Keys 'ENTER + ' sent to object: 'Object Repository/Objects.HighlightElements/input_field_index'

2020-05-29 23:56:10 - [MESSAGE][PASSED] - Keys 'ENTER + ' sent to object: 'Object Repository/Objects.HighlightElements/input_field_index'

2020-05-29 23:56:10 - [TEST_STEP][PASSED] - ComboBoxValue = getAttribute(NewInputNmField, "value"): Attribute 'value' of object 'Object Repository/Objects.HighlightElements/input_field_index' is: 'People's Association'

2020-05-29 23:56:11 - [MESSAGE][PASSED] - Attribute 'value' of object 'Object Repository/Objects.HighlightElements/input_field_index' is: 'People's Association'

2020-05-29 23:56:11 - [TEST_STEP][PASSED] - callTestCase(findTestCase(CallTCName), ["FindValue":ComboBoxValue, "DropdownNm":comboNm], STOP_ON_FAILURE): Call Test Case 'Test Cases/PFI Precision and Scale/HashMap Tables/ExternalAgencyLists' successfully

2020-05-29 23:56:11 - [TEST_CASE][PASSED] - Test Cases/PFI Precision and Scale/HashMap Tables/ExternalAgencyLists: Test Cases/PFI Precision and Scale/HashMap Tables/ExternalAgencyLists

2020-05-29 23:56:11 - [TEST_STEP][PASSED] - Thread.sleep(1000): null

2020-05-29 23:56:12 - [TEST_STEP][PASSED] - ExtAgencyTBL = [1:"HDB", 2:"AVA", 3:"CAAS", 4:"DSTA", 5:"EXXONMOBIL", 6:"Embassy", 7:"JTC Cat 1A", 8:"MBS- Marina Bay Sands", 9:"MCYS", 10:"MICA", ... ]: null

2020-05-29 23:56:12 - [TEST_STEP][PASSED] - ValueFound = ExtAgencyTBL.find({ -> ... }): null

2020-05-29 23:56:12 - [MESSAGE][PASSED] - Call Test Case 'Test Cases/PFI Precision and Scale/HashMap Tables/ExternalAgencyLists' successfully

2020-05-29 23:56:12 - [TEST_STEP][PASSED] - println(ValueFound): null

2020-05-29 23:56:12 - [TEST_STEP][PASSED] - sendKeys(NewInputNmField, Keys.chord(ARROW_DOWN)): Keys 'DOWN + ' sent to object: 'Object Repository/Objects.HighlightElements/input_field_index'

2020-05-29 23:56:12 - [MESSAGE][PASSED] - Keys 'DOWN + ' sent to object: 'Object Repository/Objects.HighlightElements/input_field_index'

2020-05-29 23:56:12 - [TEST_STEP][PASSED] - sendKeys(NewInputNmField, Keys.chord(ARROW_DOWN)): Keys 'DOWN + ' sent to object: 'Object Repository/Objects.HighlightElements/input_field_index'

2020-05-29 23:56:13 - [MESSAGE][PASSED] - Keys 'DOWN + ' sent to object: 'Object Repository/Objects.HighlightElements/input_field_index'

2020-05-29 23:56:13 - [TEST_STEP][PASSED] - delay(DelayTime): Delayed 2 second(s)

2020-05-29 23:56:15 - [MESSAGE][PASSED] - Delayed 2 second(s)

2020-05-29 23:56:15 - [TEST_STEP][PASSED] - sendKeys(NewInputNmField, Keys.chord(ENTER)): Keys 'ENTER + ' sent to object: 'Object Repository/Objects.HighlightElements/input_field_index'

2020-05-29 23:56:15 - [MESSAGE][PASSED] - Keys 'ENTER + ' sent to object: 'Object Repository/Objects.HighlightElements/input_field_index'

2020-05-29 23:56:15 - [TEST_STEP][PASSED] - ComboBoxValue = getAttribute(NewInputNmField, "value"): Attribute 'value' of object 'Object Repository/Objects.HighlightElements/input_field_index' is: 'Polytechnic'

2020-05-29 23:56:15 - [MESSAGE][PASSED] - Attribute 'value' of object 'Object Repository/Objects.HighlightElements/input_field_index' is: 'Polytechnic'

2020-05-29 23:56:15 - [TEST_STEP][PASSED] - callTestCase(findTestCase(CallTCName), ["FindValue":ComboBoxValue, "DropdownNm":comboNm], STOP_ON_FAILURE): Call Test Case 'Test Cases/PFI Precision and Scale/HashMap Tables/ExternalAgencyLists' successfully

2020-05-29 23:56:15 - [TEST_CASE][PASSED] - Test Cases/PFI Precision and Scale/HashMap Tables/ExternalAgencyLists: Test Cases/PFI Precision and Scale/HashMap Tables/ExternalAgencyLists

2020-05-29 23:56:15 - [TEST_STEP][PASSED] - Thread.sleep(1000): null

2020-05-29 23:56:16 - [TEST_STEP][PASSED] - ExtAgencyTBL = [1:"HDB", 2:"AVA", 3:"CAAS", 4:"DSTA", 5:"EXXONMOBIL", 6:"Embassy", 7:"JTC Cat 1A", 8:"MBS- Marina Bay Sands", 9:"MCYS", 10:"MICA", ... ]: null

2020-05-29 23:56:16 - [TEST_STEP][PASSED] - ValueFound = ExtAgencyTBL.find({ -> ... }): null

2020-05-29 23:56:16 - [MESSAGE][PASSED] - Call Test Case 'Test Cases/PFI Precision and Scale/HashMap Tables/ExternalAgencyLists' successfully

2020-05-29 23:56:16 - [TEST_STEP][PASSED] - println(ValueFound): null

2020-05-29 23:56:16 - [TEST_STEP][PASSED] - sendKeys(NewInputNmField, Keys.chord(ARROW_DOWN)): Keys 'DOWN + ' sent to object: 'Object Repository/Objects.HighlightElements/input_field_index'

2020-05-29 23:56:17 - [MESSAGE][PASSED] - Keys 'DOWN + ' sent to object: 'Object Repository/Objects.HighlightElements/input_field_index'

2020-05-29 23:56:17 - [TEST_STEP][PASSED] - sendKeys(NewInputNmField, Keys.chord(ARROW_DOWN)): Keys 'DOWN + ' sent to object: 'Object Repository/Objects.HighlightElements/input_field_index'

2020-05-29 23:56:17 - [MESSAGE][PASSED] - Keys 'DOWN + ' sent to object: 'Object Repository/Objects.HighlightElements/input_field_index'

2020-05-29 23:56:17 - [TEST_STEP][PASSED] - delay(DelayTime): Delayed 2 second(s)

2020-05-29 23:56:19 - [MESSAGE][PASSED] - Delayed 2 second(s)

2020-05-29 23:56:19 - [TEST_STEP][PASSED] - sendKeys(NewInputNmField, Keys.chord(ENTER)): Keys 'ENTER + ' sent to object: 'Object Repository/Objects.HighlightElements/input_field_index'

2020-05-29 23:56:19 - [MESSAGE][PASSED] - Keys 'ENTER + ' sent to object: 'Object Repository/Objects.HighlightElements/input_field_index'

2020-05-29 23:56:19 - [TEST_STEP][PASSED] - ComboBoxValue = getAttribute(NewInputNmField, "value"): Attribute 'value' of object 'Object Repository/Objects.HighlightElements/input_field_index' is: 'Port of Singapore Authority'

2020-05-29 23:56:20 - [MESSAGE][PASSED] - Attribute 'value' of object 'Object Repository/Objects.HighlightElements/input_field_index' is: 'Port of Singapore Authority'

2020-05-29 23:56:20 - [TEST_STEP][PASSED] - callTestCase(findTestCase(CallTCName), ["FindValue":ComboBoxValue, "DropdownNm":comboNm], STOP_ON_FAILURE): Call Test Case 'Test Cases/PFI Precision and Scale/HashMap Tables/ExternalAgencyLists' successfully

2020-05-29 23:56:20 - [TEST_CASE][PASSED] - Test Cases/PFI Precision and Scale/HashMap Tables/ExternalAgencyLists: Test Cases/PFI Precision and Scale/HashMap Tables/ExternalAgencyLists

2020-05-29 23:56:20 - [TEST_STEP][PASSED] - Thread.sleep(1000): null

2020-05-29 23:56:21 - [TEST_STEP][PASSED] - ExtAgencyTBL = [1:"HDB", 2:"AVA", 3:"CAAS", 4:"DSTA", 5:"EXXONMOBIL", 6:"Embassy", 7:"JTC Cat 1A", 8:"MBS- Marina Bay Sands", 9:"MCYS", 10:"MICA", ... ]: null

2020-05-29 23:56:21 - [TEST_STEP][PASSED] - ValueFound = ExtAgencyTBL.find({ -> ... }): null

2020-05-29 23:56:21 - [MESSAGE][PASSED] - Call Test Case 'Test Cases/PFI Precision and Scale/HashMap Tables/ExternalAgencyLists' successfully

2020-05-29 23:56:21 - [TEST_STEP][PASSED] - println(ValueFound): null

2020-05-29 23:56:21 - [TEST_STEP][PASSED] - sendKeys(NewInputNmField, Keys.chord(ARROW_DOWN)): Keys 'DOWN + ' sent to object: 'Object Repository/Objects.HighlightElements/input_field_index'

2020-05-29 23:56:21 - [MESSAGE][PASSED] - Keys 'DOWN + ' sent to object: 'Object Repository/Objects.HighlightElements/input_field_index'

2020-05-29 23:56:21 - [TEST_STEP][PASSED] - sendKeys(NewInputNmField, Keys.chord(ARROW_DOWN)): Keys 'DOWN + ' sent to object: 'Object Repository/Objects.HighlightElements/input_field_index'

2020-05-29 23:56:22 - [MESSAGE][PASSED] - Keys 'DOWN + ' sent to object: 'Object Repository/Objects.HighlightElements/input_field_index'

2020-05-29 23:56:22 - [TEST_STEP][PASSED] - delay(DelayTime): Delayed 2 second(s)

2020-05-29 23:56:24 - [MESSAGE][PASSED] - Delayed 2 second(s)

2020-05-29 23:56:24 - [TEST_STEP][PASSED] - sendKeys(NewInputNmField, Keys.chord(ENTER)): Keys 'ENTER + ' sent to object: 'Object Repository/Objects.HighlightElements/input_field_index'

2020-05-29 23:56:24 - [MESSAGE][PASSED] - Keys 'ENTER + ' sent to object: 'Object Repository/Objects.HighlightElements/input_field_index'

2020-05-29 23:56:24 - [TEST_STEP][PASSED] - ComboBoxValue = getAttribute(NewInputNmField, "value"): Attribute 'value' of object 'Object Repository/Objects.HighlightElements/input_field_index' is: 'RWS - Resorts World Sentosa'

2020-05-29 23:56:24 - [MESSAGE][PASSED] - Attribute 'value' of object 'Object Repository/Objects.HighlightElements/input_field_index' is: 'RWS - Resorts World Sentosa'

2020-05-29 23:56:24 - [TEST_STEP][PASSED] - callTestCase(findTestCase(CallTCName), ["FindValue":ComboBoxValue, "DropdownNm":comboNm], STOP_ON_FAILURE): Call Test Case 'Test Cases/PFI Precision and Scale/HashMap Tables/ExternalAgencyLists' successfully

2020-05-29 23:56:24 - [TEST_CASE][PASSED] - Test Cases/PFI Precision and Scale/HashMap Tables/ExternalAgencyLists: Test Cases/PFI Precision and Scale/HashMap Tables/ExternalAgencyLists

2020-05-29 23:56:24 - [TEST_STEP][PASSED] - Thread.sleep(1000): null

2020-05-29 23:56:25 - [TEST_STEP][PASSED] - ExtAgencyTBL = [1:"HDB", 2:"AVA", 3:"CAAS", 4:"DSTA", 5:"EXXONMOBIL", 6:"Embassy", 7:"JTC Cat 1A", 8:"MBS- Marina Bay Sands", 9:"MCYS", 10:"MICA", ... ]: null

2020-05-29 23:56:25 - [TEST_STEP][PASSED] - ValueFound = ExtAgencyTBL.find({ -> ... }): null

2020-05-29 23:56:25 - [MESSAGE][PASSED] - Call Test Case 'Test Cases/PFI Precision and Scale/HashMap Tables/ExternalAgencyLists' successfully

2020-05-29 23:56:25 - [TEST_STEP][PASSED] - println(ValueFound): null

2020-05-29 23:56:25 - [TEST_STEP][PASSED] - sendKeys(NewInputNmField, Keys.chord(ARROW_DOWN)): Keys 'DOWN + ' sent to object: 'Object Repository/Objects.HighlightElements/input_field_index'

2020-05-29 23:56:26 - [MESSAGE][PASSED] - Keys 'DOWN + ' sent to object: 'Object Repository/Objects.HighlightElements/input_field_index'

2020-05-29 23:56:26 - [TEST_STEP][PASSED] - sendKeys(NewInputNmField, Keys.chord(ARROW_DOWN)): Keys 'DOWN + ' sent to object: 'Object Repository/Objects.HighlightElements/input_field_index'

2020-05-29 23:56:26 - [MESSAGE][PASSED] - Keys 'DOWN + ' sent to object: 'Object Repository/Objects.HighlightElements/input_field_index'

2020-05-29 23:56:26 - [TEST_STEP][PASSED] - delay(DelayTime): Delayed 2 second(s)

2020-05-29 23:56:28 - [MESSAGE][PASSED] - Delayed 2 second(s)

2020-05-29 23:56:28 - [TEST_STEP][PASSED] - sendKeys(NewInputNmField, Keys.chord(ENTER)): Keys 'ENTER + ' sent to object: 'Object Repository/Objects.HighlightElements/input_field_index'

2020-05-29 23:56:28 - [MESSAGE][PASSED] - Keys 'ENTER + ' sent to object: 'Object Repository/Objects.HighlightElements/input_field_index'

2020-05-29 23:56:28 - [TEST_STEP][PASSED] - ComboBoxValue = getAttribute(NewInputNmField, "value"): Attribute 'value' of object 'Object Repository/Objects.HighlightElements/input_field_index' is: 'S'pore Sports Council'

2020-05-29 23:56:29 - [MESSAGE][PASSED] - Attribute 'value' of object 'Object Repository/Objects.HighlightElements/input_field_index' is: 'S'pore Sports Council'

2020-05-29 23:56:29 - [TEST_STEP][PASSED] - callTestCase(findTestCase(CallTCName), ["FindValue":ComboBoxValue, "DropdownNm":comboNm], STOP_ON_FAILURE): Call Test Case 'Test Cases/PFI Precision and Scale/HashMap Tables/ExternalAgencyLists' successfully

2020-05-29 23:56:29 - [TEST_CASE][PASSED] - Test Cases/PFI Precision and Scale/HashMap Tables/ExternalAgencyLists: Test Cases/PFI Precision and Scale/HashMap Tables/ExternalAgencyLists

2020-05-29 23:56:29 - [TEST_STEP][PASSED] - Thread.sleep(1000): null

2020-05-29 23:56:30 - [TEST_STEP][PASSED] - ExtAgencyTBL = [1:"HDB", 2:"AVA", 3:"CAAS", 4:"DSTA", 5:"EXXONMOBIL", 6:"Embassy", 7:"JTC Cat 1A", 8:"MBS- Marina Bay Sands", 9:"MCYS", 10:"MICA", ... ]: null

2020-05-29 23:56:30 - [TEST_STEP][PASSED] - ValueFound = ExtAgencyTBL.find({ -> ... }): null

2020-05-29 23:56:30 - [MESSAGE][PASSED] - Call Test Case 'Test Cases/PFI Precision and Scale/HashMap Tables/ExternalAgencyLists' successfully

2020-05-29 23:56:30 - [TEST_STEP][PASSED] - println(ValueFound): null

2020-05-29 23:56:30 - [TEST_STEP][PASSED] - sendKeys(NewInputNmField, Keys.chord(ARROW_DOWN)): Keys 'DOWN + ' sent to object: 'Object Repository/Objects.HighlightElements/input_field_index'

2020-05-29 23:56:30 - [MESSAGE][PASSED] - Keys 'DOWN + ' sent to object: 'Object Repository/Objects.HighlightElements/input_field_index'

2020-05-29 23:56:30 - [TEST_STEP][PASSED] - sendKeys(NewInputNmField, Keys.chord(ARROW_DOWN)): Keys 'DOWN + ' sent to object: 'Object Repository/Objects.HighlightElements/input_field_index'

2020-05-29 23:56:31 - [MESSAGE][PASSED] - Keys 'DOWN + ' sent to object: 'Object Repository/Objects.HighlightElements/input_field_index'

2020-05-29 23:56:31 - [TEST_STEP][PASSED] - delay(DelayTime): Delayed 2 second(s)

2020-05-29 23:56:33 - [MESSAGE][PASSED] - Delayed 2 second(s)

2020-05-29 23:56:33 - [TEST_STEP][PASSED] - sendKeys(NewInputNmField, Keys.chord(ENTER)): Keys 'ENTER + ' sent to object: 'Object Repository/Objects.HighlightElements/input_field_index'

2020-05-29 23:56:33 - [MESSAGE][PASSED] - Keys 'ENTER + ' sent to object: 'Object Repository/Objects.HighlightElements/input_field_index'

2020-05-29 23:56:33 - [TEST_STEP][PASSED] - ComboBoxValue = getAttribute(NewInputNmField, "value"): Attribute 'value' of object 'Object Repository/Objects.HighlightElements/input_field_index' is: 'SENTOSA'

2020-05-29 23:56:33 - [MESSAGE][PASSED] - Attribute 'value' of object 'Object Repository/Objects.HighlightElements/input_field_index' is: 'SENTOSA'

2020-05-29 23:56:33 - [TEST_STEP][PASSED] - callTestCase(findTestCase(CallTCName), ["FindValue":ComboBoxValue, "DropdownNm":comboNm], STOP_ON_FAILURE): Call Test Case 'Test Cases/PFI Precision and Scale/HashMap Tables/ExternalAgencyLists' successfully

2020-05-29 23:56:33 - [TEST_CASE][PASSED] - Test Cases/PFI Precision and Scale/HashMap Tables/ExternalAgencyLists: Test Cases/PFI Precision and Scale/HashMap Tables/ExternalAgencyLists

2020-05-29 23:56:33 - [TEST_STEP][PASSED] - Thread.sleep(1000): null

2020-05-29 23:56:34 - [TEST_STEP][PASSED] - ExtAgencyTBL = [1:"HDB", 2:"AVA", 3:"CAAS", 4:"DSTA", 5:"EXXONMOBIL", 6:"Embassy", 7:"JTC Cat 1A", 8:"MBS- Marina Bay Sands", 9:"MCYS", 10:"MICA", ... ]: null

2020-05-29 23:56:34 - [TEST_STEP][PASSED] - ValueFound = ExtAgencyTBL.find({ -> ... }): null

2020-05-29 23:56:34 - [MESSAGE][PASSED] - Call Test Case 'Test Cases/PFI Precision and Scale/HashMap Tables/ExternalAgencyLists' successfully

2020-05-29 23:56:34 - [TEST_STEP][PASSED] - println(ValueFound): null

2020-05-29 23:56:34 - [TEST_STEP][PASSED] - sendKeys(NewInputNmField, Keys.chord(ARROW_DOWN)): Keys 'DOWN + ' sent to object: 'Object Repository/Objects.HighlightElements/input_field_index'

2020-05-29 23:56:35 - [MESSAGE][PASSED] - Keys 'DOWN + ' sent to object: 'Object Repository/Objects.HighlightElements/input_field_index'

2020-05-29 23:56:35 - [TEST_STEP][PASSED] - sendKeys(NewInputNmField, Keys.chord(ARROW_DOWN)): Keys 'DOWN + ' sent to object: 'Object Repository/Objects.HighlightElements/input_field_index'

2020-05-29 23:56:35 - [MESSAGE][PASSED] - Keys 'DOWN + ' sent to object: 'Object Repository/Objects.HighlightElements/input_field_index'

2020-05-29 23:56:35 - [TEST_STEP][PASSED] - delay(DelayTime): Delayed 2 second(s)

2020-05-29 23:56:37 - [MESSAGE][PASSED] - Delayed 2 second(s)

2020-05-29 23:56:37 - [TEST_STEP][PASSED] - sendKeys(NewInputNmField, Keys.chord(ENTER)): Keys 'ENTER + ' sent to object: 'Object Repository/Objects.HighlightElements/input_field_index'

2020-05-29 23:56:37 - [MESSAGE][PASSED] - Keys 'ENTER + ' sent to object: 'Object Repository/Objects.HighlightElements/input_field_index'

2020-05-29 23:56:37 - [TEST_STEP][PASSED] - ComboBoxValue = getAttribute(NewInputNmField, "value"): Attribute 'value' of object 'Object Repository/Objects.HighlightElements/input_field_index' is: 'SHELL'

2020-05-29 23:56:38 - [MESSAGE][PASSED] - Attribute 'value' of object 'Object Repository/Objects.HighlightElements/input_field_index' is: 'SHELL'

2020-05-29 23:56:38 - [TEST_STEP][PASSED] - callTestCase(findTestCase(CallTCName), ["FindValue":ComboBoxValue, "DropdownNm":comboNm], STOP_ON_FAILURE): Call Test Case 'Test Cases/PFI Precision and Scale/HashMap Tables/ExternalAgencyLists' successfully

2020-05-29 23:56:38 - [TEST_CASE][PASSED] - Test Cases/PFI Precision and Scale/HashMap Tables/ExternalAgencyLists: Test Cases/PFI Precision and Scale/HashMap Tables/ExternalAgencyLists

2020-05-29 23:56:38 - [TEST_STEP][PASSED] - Thread.sleep(1000): null

2020-05-29 23:56:39 - [TEST_STEP][PASSED] - ExtAgencyTBL = [1:"HDB", 2:"AVA", 3:"CAAS", 4:"DSTA", 5:"EXXONMOBIL", 6:"Embassy", 7:"JTC Cat 1A", 8:"MBS- Marina Bay Sands", 9:"MCYS", 10:"MICA", ... ]: null

2020-05-29 23:56:39 - [TEST_STEP][PASSED] - ValueFound = ExtAgencyTBL.find({ -> ... }): null

2020-05-29 23:56:39 - [MESSAGE][PASSED] - Call Test Case 'Test Cases/PFI Precision and Scale/HashMap Tables/ExternalAgencyLists' successfully

2020-05-29 23:56:39 - [TEST_STEP][PASSED] - println(ValueFound): null

2020-05-29 23:56:39 - [TEST_STEP][PASSED] - sendKeys(NewInputNmField, Keys.chord(ARROW_DOWN)): Keys 'DOWN + ' sent to object: 'Object Repository/Objects.HighlightElements/input_field_index'

2020-05-29 23:56:39 - [MESSAGE][PASSED] - Keys 'DOWN + ' sent to object: 'Object Repository/Objects.HighlightElements/input_field_index'

2020-05-29 23:56:39 - [TEST_STEP][PASSED] - sendKeys(NewInputNmField, Keys.chord(ARROW_DOWN)): Keys 'DOWN + ' sent to object: 'Object Repository/Objects.HighlightElements/input_field_index'

2020-05-29 23:56:40 - [MESSAGE][PASSED] - Keys 'DOWN + ' sent to object: 'Object Repository/Objects.HighlightElements/input_field_index'

2020-05-29 23:56:40 - [TEST_STEP][PASSED] - delay(DelayTime): Delayed 2 second(s)

2020-05-29 23:56:42 - [MESSAGE][PASSED] - Delayed 2 second(s)

2020-05-29 23:56:42 - [TEST_STEP][PASSED] - sendKeys(NewInputNmField, Keys.chord(ENTER)): Keys 'ENTER + ' sent to object: 'Object Repository/Objects.HighlightElements/input_field_index'

2020-05-29 23:56:42 - [MESSAGE][PASSED] - Keys 'ENTER + ' sent to object: 'Object Repository/Objects.HighlightElements/input_field_index'

2020-05-29 23:56:42 - [TEST_STEP][PASSED] - ComboBoxValue = getAttribute(NewInputNmField, "value"): Attribute 'value' of object 'Object Repository/Objects.HighlightElements/input_field_index' is: 'SPC'

2020-05-29 23:56:42 - [MESSAGE][PASSED] - Attribute 'value' of object 'Object Repository/Objects.HighlightElements/input_field_index' is: 'SPC'

2020-05-29 23:56:42 - [TEST_STEP][PASSED] - callTestCase(findTestCase(CallTCName), ["FindValue":ComboBoxValue, "DropdownNm":comboNm], STOP_ON_FAILURE): Call Test Case 'Test Cases/PFI Precision and Scale/HashMap Tables/ExternalAgencyLists' successfully

2020-05-29 23:56:43 - [TEST_CASE][PASSED] - Test Cases/PFI Precision and Scale/HashMap Tables/ExternalAgencyLists: Test Cases/PFI Precision and Scale/HashMap Tables/ExternalAgencyLists

2020-05-29 23:56:43 - [TEST_STEP][PASSED] - Thread.sleep(1000): null

2020-05-29 23:56:44 - [TEST_STEP][PASSED] - ExtAgencyTBL = [1:"HDB", 2:"AVA", 3:"CAAS", 4:"DSTA", 5:"EXXONMOBIL", 6:"Embassy", 7:"JTC Cat 1A", 8:"MBS- Marina Bay Sands", 9:"MCYS", 10:"MICA", ... ]: null

2020-05-29 23:56:44 - [TEST_STEP][PASSED] - ValueFound = ExtAgencyTBL.find({ -> ... }): null

2020-05-29 23:56:44 - [MESSAGE][PASSED] - Call Test Case 'Test Cases/PFI Precision and Scale/HashMap Tables/ExternalAgencyLists' successfully

2020-05-29 23:56:44 - [TEST_STEP][PASSED] - println(ValueFound): null

2020-05-29 23:56:44 - [TEST_STEP][PASSED] - sendKeys(NewInputNmField, Keys.chord(ARROW_DOWN)): Keys 'DOWN + ' sent to object: 'Object Repository/Objects.HighlightElements/input_field_index'

2020-05-29 23:56:44 - [MESSAGE][PASSED] - Keys 'DOWN + ' sent to object: 'Object Repository/Objects.HighlightElements/input_field_index'

2020-05-29 23:56:44 - [TEST_STEP][PASSED] - sendKeys(NewInputNmField, Keys.chord(ARROW_DOWN)): Keys 'DOWN + ' sent to object: 'Object Repository/Objects.HighlightElements/input_field_index'

2020-05-29 23:56:44 - [MESSAGE][PASSED] - Keys 'DOWN + ' sent to object: 'Object Repository/Objects.HighlightElements/input_field_index'

2020-05-29 23:56:44 - [TEST_STEP][PASSED] - delay(DelayTime): Delayed 2 second(s)

2020-05-29 23:56:46 - [MESSAGE][PASSED] - Delayed 2 second(s)

2020-05-29 23:56:46 - [TEST_STEP][PASSED] - sendKeys(NewInputNmField, Keys.chord(ENTER)): Keys 'ENTER + ' sent to object: 'Object Repository/Objects.HighlightElements/input_field_index'

2020-05-29 23:56:47 - [MESSAGE][PASSED] - Keys 'ENTER + ' sent to object: 'Object Repository/Objects.HighlightElements/input_field_index'

2020-05-29 23:56:47 - [TEST_STEP][PASSED] - ComboBoxValue = getAttribute(NewInputNmField, "value"): Attribute 'value' of object 'Object Repository/Objects.HighlightElements/input_field_index' is: 'University'

2020-05-29 23:56:47 - [MESSAGE][PASSED] - Attribute 'value' of object 'Object Repository/Objects.HighlightElements/input_field_index' is: 'University'

2020-05-29 23:56:47 - [TEST_STEP][PASSED] - callTestCase(findTestCase(CallTCName), ["FindValue":ComboBoxValue, "DropdownNm":comboNm], STOP_ON_FAILURE): Call Test Case 'Test Cases/PFI Precision and Scale/HashMap Tables/ExternalAgencyLists' successfully

2020-05-29 23:56:47 - [TEST_CASE][PASSED] - Test Cases/PFI Precision and Scale/HashMap Tables/ExternalAgencyLists: Test Cases/PFI Precision and Scale/HashMap Tables/ExternalAgencyLists

2020-05-29 23:56:47 - [TEST_STEP][PASSED] - Thread.sleep(1000): null

2020-05-29 23:56:48 - [TEST_STEP][PASSED] - ExtAgencyTBL = [1:"HDB", 2:"AVA", 3:"CAAS", 4:"DSTA", 5:"EXXONMOBIL", 6:"Embassy", 7:"JTC Cat 1A", 8:"MBS- Marina Bay Sands", 9:"MCYS", 10:"MICA", ... ]: null

2020-05-29 23:56:48 - [TEST_STEP][PASSED] - ValueFound = ExtAgencyTBL.find({ -> ... }): null

2020-05-29 23:56:48 - [MESSAGE][PASSED] - Call Test Case 'Test Cases/PFI Precision and Scale/HashMap Tables/ExternalAgencyLists' successfully

2020-05-29 23:56:48 - [TEST_STEP][PASSED] - println(ValueFound): null

2020-05-29 23:56:48 - [TEST_STEP][PASSED] - sendKeys(NewInputNmField, Keys.chord(ARROW_DOWN)): Keys 'DOWN + ' sent to object: 'Object Repository/Objects.HighlightElements/input_field_index'

2020-05-29 23:56:48 - [MESSAGE][PASSED] - Keys 'DOWN + ' sent to object: 'Object Repository/Objects.HighlightElements/input_field_index'

2020-05-29 23:56:48 - [TEST_STEP][PASSED] - sendKeys(NewInputNmField, Keys.chord(ARROW_DOWN)): Keys 'DOWN + ' sent to object: 'Object Repository/Objects.HighlightElements/input_field_index'

2020-05-29 23:56:49 - [MESSAGE][PASSED] - Keys 'DOWN + ' sent to object: 'Object Repository/Objects.HighlightElements/input_field_index'

2020-05-29 23:56:49 - [TEST_STEP][PASSED] - delay(DelayTime): Delayed 2 second(s)

2020-05-29 23:56:51 - [MESSAGE][PASSED] - Delayed 2 second(s)

2020-05-29 23:56:51 - [TEST_STEP][PASSED] - sendKeys(NewInputNmField, Keys.chord(ENTER)): Keys 'ENTER + ' sent to object: 'Object Repository/Objects.HighlightElements/input_field_index'

2020-05-29 23:56:51 - [MESSAGE][PASSED] - Keys 'ENTER + ' sent to object: 'Object Repository/Objects.HighlightElements/input_field_index'

2020-05-29 23:56:51 - [TEST_STEP][PASSED] - ComboBoxValue = getAttribute(NewInputNmField, "value"): Attribute 'value' of object 'Object Repository/Objects.HighlightElements/input_field_index' is: 'JTC Cat 1'

2020-05-29 23:56:52 - [MESSAGE][PASSED] - Attribute 'value' of object 'Object Repository/Objects.HighlightElements/input_field_index' is: 'JTC Cat 1'

2020-05-29 23:56:52 - [TEST_STEP][PASSED] - callTestCase(findTestCase(CallTCName), ["FindValue":ComboBoxValue, "DropdownNm":comboNm], STOP_ON_FAILURE): Call Test Case 'Test Cases/PFI Precision and Scale/HashMap Tables/ExternalAgencyLists' successfully

2020-05-29 23:56:52 - [TEST_CASE][PASSED] - Test Cases/PFI Precision and Scale/HashMap Tables/ExternalAgencyLists: Test Cases/PFI Precision and Scale/HashMap Tables/ExternalAgencyLists

2020-05-29 23:56:52 - [TEST_STEP][PASSED] - Thread.sleep(1000): null

2020-05-29 23:56:53 - [TEST_STEP][PASSED] - ExtAgencyTBL = [1:"HDB", 2:"AVA", 3:"CAAS", 4:"DSTA", 5:"EXXONMOBIL", 6:"Embassy", 7:"JTC Cat 1A", 8:"MBS- Marina Bay Sands", 9:"MCYS", 10:"MICA", ... ]: null

2020-05-29 23:56:53 - [TEST_STEP][PASSED] - ValueFound = ExtAgencyTBL.find({ -> ... }): null

2020-05-29 23:56:53 - [MESSAGE][PASSED] - Call Test Case 'Test Cases/PFI Precision and Scale/HashMap Tables/ExternalAgencyLists' successfully

2020-05-29 23:56:53 - [TEST_STEP][PASSED] - println(ValueFound): null

2020-05-29 23:56:53 - [TEST_STEP][PASSED] - sendKeys(NewInputNmField, Keys.chord(ARROW_DOWN)): Keys 'DOWN + ' sent to object: 'Object Repository/Objects.HighlightElements/input_field_index'

2020-05-29 23:56:53 - [MESSAGE][PASSED] - Keys 'DOWN + ' sent to object: 'Object Repository/Objects.HighlightElements/input_field_index'

2020-05-29 23:56:53 - [TEST_STEP][PASSED] - sendKeys(NewInputNmField, Keys.chord(ARROW_DOWN)): Keys 'DOWN + ' sent to object: 'Object Repository/Objects.HighlightElements/input_field_index'

2020-05-29 23:56:54 - [MESSAGE][PASSED] - Keys 'DOWN + ' sent to object: 'Object Repository/Objects.HighlightElements/input_field_index'

2020-05-29 23:56:54 - [TEST_STEP][PASSED] - delay(DelayTime): Delayed 2 second(s)

2020-05-29 23:56:56 - [MESSAGE][PASSED] - Delayed 2 second(s)

2020-05-29 23:56:56 - [TEST_STEP][PASSED] - sendKeys(NewInputNmField, Keys.chord(ENTER)): Keys 'ENTER + ' sent to object: 'Object Repository/Objects.HighlightElements/input_field_index'

2020-05-29 23:56:56 - [MESSAGE][PASSED] - Keys 'ENTER + ' sent to object: 'Object Repository/Objects.HighlightElements/input_field_index'

2020-05-29 23:56:56 - [TEST_STEP][PASSED] - ComboBoxValue = getAttribute(NewInputNmField, "value"): Attribute 'value' of object 'Object Repository/Objects.HighlightElements/input_field_index' is: 'JTC Cat 2'

2020-05-29 23:56:57 - [MESSAGE][PASSED] - Attribute 'value' of object 'Object Repository/Objects.HighlightElements/input_field_index' is: 'JTC Cat 2'

2020-05-29 23:56:57 - [TEST_STEP][PASSED] - callTestCase(findTestCase(CallTCName), ["FindValue":ComboBoxValue, "DropdownNm":comboNm], STOP_ON_FAILURE): Call Test Case 'Test Cases/PFI Precision and Scale/HashMap Tables/ExternalAgencyLists' successfully

2020-05-29 23:56:57 - [TEST_CASE][PASSED] - Test Cases/PFI Precision and Scale/HashMap Tables/ExternalAgencyLists: Test Cases/PFI Precision and Scale/HashMap Tables/ExternalAgencyLists

2020-05-29 23:56:57 - [TEST_STEP][PASSED] - Thread.sleep(1000): null

2020-05-29 23:56:58 - [TEST_STEP][PASSED] - ExtAgencyTBL = [1:"HDB", 2:"AVA", 3:"CAAS", 4:"DSTA", 5:"EXXONMOBIL", 6:"Embassy", 7:"JTC Cat 1A", 8:"MBS- Marina Bay Sands", 9:"MCYS", 10:"MICA", ... ]: null

2020-05-29 23:56:58 - [TEST_STEP][PASSED] - ValueFound = ExtAgencyTBL.find({ -> ... }): null

2020-05-29 23:56:58 - [MESSAGE][PASSED] - Call Test Case 'Test Cases/PFI Precision and Scale/HashMap Tables/ExternalAgencyLists' successfully

2020-05-29 23:56:58 - [TEST_STEP][PASSED] - println(ValueFound): null

2020-05-29 23:56:58 - [TEST_STEP][PASSED] - sendKeys(NewInputNmField, Keys.chord(ARROW_DOWN)): Keys 'DOWN + ' sent to object: 'Object Repository/Objects.HighlightElements/input_field_index'

2020-05-29 23:56:58 - [MESSAGE][PASSED] - Keys 'DOWN + ' sent to object: 'Object Repository/Objects.HighlightElements/input_field_index'

2020-05-29 23:56:58 - [TEST_STEP][PASSED] - sendKeys(NewInputNmField, Keys.chord(ARROW_DOWN)): Keys 'DOWN + ' sent to object: 'Object Repository/Objects.HighlightElements/input_field_index'

2020-05-29 23:56:58 - [MESSAGE][PASSED] - Keys 'DOWN + ' sent to object: 'Object Repository/Objects.HighlightElements/input_field_index'

2020-05-29 23:56:58 - [TEST_STEP][PASSED] - delay(DelayTime): Delayed 2 second(s)

2020-05-29 23:57:00 - [MESSAGE][PASSED] - Delayed 2 second(s)

2020-05-29 23:57:00 - [TEST_STEP][PASSED] - sendKeys(NewInputNmField, Keys.chord(ENTER)): Keys 'ENTER + ' sent to object: 'Object Repository/Objects.HighlightElements/input_field_index'

2020-05-29 23:57:01 - [MESSAGE][PASSED] - Keys 'ENTER + ' sent to object: 'Object Repository/Objects.HighlightElements/input_field_index'

2020-05-29 23:57:01 - [TEST_STEP][PASSED] - ComboBoxValue = getAttribute(NewInputNmField, "value"): Attribute 'value' of object 'Object Repository/Objects.HighlightElements/input_field_index' is: 'LTA'

2020-05-29 23:57:01 - [MESSAGE][PASSED] - Attribute 'value' of object 'Object Repository/Objects.HighlightElements/input_field_index' is: 'LTA'

2020-05-29 23:57:01 - [TEST_STEP][PASSED] - callTestCase(findTestCase(CallTCName), ["FindValue":ComboBoxValue, "DropdownNm":comboNm], STOP_ON_FAILURE): Call Test Case 'Test Cases/PFI Precision and Scale/HashMap Tables/ExternalAgencyLists' successfully

2020-05-29 23:57:01 - [TEST_CASE][PASSED] - Test Cases/PFI Precision and Scale/HashMap Tables/ExternalAgencyLists: Test Cases/PFI Precision and Scale/HashMap Tables/ExternalAgencyLists

2020-05-29 23:57:01 - [TEST_STEP][PASSED] - Thread.sleep(1000): null

2020-05-29 23:57:02 - [TEST_STEP][PASSED] - ExtAgencyTBL = [1:"HDB", 2:"AVA", 3:"CAAS", 4:"DSTA", 5:"EXXONMOBIL", 6:"Embassy", 7:"JTC Cat 1A", 8:"MBS- Marina Bay Sands", 9:"MCYS", 10:"MICA", ... ]: null

2020-05-29 23:57:02 - [TEST_STEP][PASSED] - ValueFound = ExtAgencyTBL.find({ -> ... }): null

2020-05-29 23:57:02 - [MESSAGE][PASSED] - Call Test Case 'Test Cases/PFI Precision and Scale/HashMap Tables/ExternalAgencyLists' successfully

2020-05-29 23:57:02 - [TEST_STEP][PASSED] - println(ValueFound): null

2020-05-29 23:57:02 - [TEST_STEP][PASSED] - sendKeys(NewInputNmField, Keys.chord(ARROW_DOWN)): Keys 'DOWN + ' sent to object: 'Object Repository/Objects.HighlightElements/input_field_index'

2020-05-29 23:57:02 - [MESSAGE][PASSED] - Keys 'DOWN + ' sent to object: 'Object Repository/Objects.HighlightElements/input_field_index'

2020-05-29 23:57:02 - [TEST_STEP][PASSED] - sendKeys(NewInputNmField, Keys.chord(ENTER)): Keys 'ENTER + ' sent to object: 'Object Repository/Objects.HighlightElements/input_field_index'

2020-05-29 23:57:03 - [MESSAGE][PASSED] - Keys 'ENTER + ' sent to object: 'Object Repository/Objects.HighlightElements/input_field_index'

2020-05-29 23:57:03 - [MESSAGE][PASSED] - Call Test Case 'Test Cases/PFI Precision and Scale/PFI Components with Indexing/VerifyDropdownValuesXPI' successfully

2020-05-29 23:57:03 - [TEST_STEP][PASSED] - callTestCase(findTestCase("Components/SelectAllThenDeleteXPI"), ["nameToBeUsed":"extAgenciesCmb", "index":1], STOP_ON_FAILURE): Call Test Case 'Test Cases/Components/SelectAllThenDeleteXPI' successfully

2020-05-29 23:57:03 - [TEST_CASE][PASSED] - Test Cases/Components/SelectAllThenDeleteXPI: Test Cases/Components/SelectAllThenDeleteXPI

2020-05-29 23:57:03 - [TEST_STEP][PASSED] - Thread.sleep(1000): null

2020-05-29 23:57:04 - [TEST_STEP][PASSED] - modifiedObj = modifyObjectProperty(findTestObject("Object Repository/Objects.HighlightElements/input_field_index"), "xpath", "equals", "(//*[contains(@name,'" + nameToBeUsed + "')])[" + index + "]", true): Modify property of object successfully

2020-05-29 23:57:04 - [MESSAGE][PASSED] - Modify property of object successfully

2020-05-29 23:57:04 - [TEST_STEP][PASSED] - focus(modifiedObj): Object: 'Object Repository/Objects.HighlightElements/input_field_index' is focused

2020-05-29 23:57:04 - [MESSAGE][PASSED] - Object: 'Object Repository/Objects.HighlightElements/input_field_index' is focused

2020-05-29 23:57:04 - [TEST_STEP][PASSED] - sendKeys(modifiedObj, Keys.chord(CONTROL, "a")): Keys 'CONTROL + a' sent to object: 'Object Repository/Objects.HighlightElements/input_field_index'

2020-05-29 23:57:04 - [MESSAGE][PASSED] - Keys 'CONTROL + a' sent to object: 'Object Repository/Objects.HighlightElements/input_field_index'

2020-05-29 23:57:04 - [TEST_STEP][PASSED] - sendKeys(modifiedObj, Keys.chord(DELETE)): Keys 'DELETE + ' sent to object: 'Object Repository/Objects.HighlightElements/input_field_index'

2020-05-29 23:57:05 - [MESSAGE][PASSED] - Keys 'DELETE + ' sent to object: 'Object Repository/Objects.HighlightElements/input_field_index'

2020-05-29 23:57:05 - [MESSAGE][PASSED] - Call Test Case 'Test Cases/Components/SelectAllThenDeleteXPI' successfully

2020-05-29 23:57:05 - [TEST_STEP][PASSED] - callTestCase(findTestCase("PFI Precision and Scale/PFI Components with Indexing/RequiredFieldValidationXPI"), ["nameToBeUsed":"extAgenciesCmb", "index":1], STOP_ON_FAILURE): Call Test Case 'Test Cases/PFI Precision and Scale/PFI Components with Indexing/RequiredFieldValidationXPI' successfully

2020-05-29 23:57:05 - [TEST_CASE][PASSED] - Test Cases/PFI Precision and Scale/PFI Components with Indexing/RequiredFieldValidationXPI: Test Cases/PFI Precision and Scale/PFI Components with Indexing/RequiredFieldValidationXPI

2020-05-29 23:57:05 - [TEST_STEP][PASSED] - enableSmartWait(): null

2020-05-29 23:57:05 - [TEST_STEP][PASSED] - NewInputNmField = modifyObjectProperty(findTestObject("Objects.HighlightElements/input_field_index"), "xpath", "equals", "(//*[contains(@name,'" + nameToBeUsed + "')])[" + index + "]", true): Modify property of object successfully

2020-05-29 23:57:05 - [MESSAGE][PASSED] - Modify property of object successfully

2020-05-29 23:57:05 - [TEST_STEP][PASSED] - mouseOver(NewInputNmField): Object: 'Object Repository/Objects.HighlightElements/input_field_index' is hovered

2020-05-29 23:57:05 - [MESSAGE][PASSED] - Object: 'Object Repository/Objects.HighlightElements/input_field_index' is hovered

2020-05-29 23:57:05 - [TEST_STEP][PASSED] - getRqErrMsg = getAttribute(NewInputNmField, "data-errorqtip"): Attribute 'data-errorqtip' of object 'Object Repository/Objects.HighlightElements/input_field_index' is: '<ul class="x-list-plain"><li>This field is required</li></ul>'

2020-05-29 23:57:06 - [MESSAGE][PASSED] - Attribute 'data-errorqtip' of object 'Object Repository/Objects.HighlightElements/input_field_index' is: '<ul class="x-list-plain"><li>This field is required</li></ul>'

2020-05-29 23:57:06 - [TEST_STEP][PASSED] - strToolTip = getRqErrMsg.substring(29, 61): null

2020-05-29 23:57:06 - [TEST_STEP][PASSED] - toolTipReqErrMsg = strToolTip.substring(0, 22): null

2020-05-29 23:57:06 - [TEST_STEP][PASSED] - verifyMatch(toolTipReqErrMsg, RqField, true): Actual text 'This field is required' and expected text 'This field is required' are matched  using regular expression

2020-05-29 23:57:06 - [MESSAGE][PASSED] - Actual text 'This field is required' and expected text 'This field is required' are matched  using regular expression

2020-05-29 23:57:06 - [MESSAGE][PASSED] - Call Test Case 'Test Cases/PFI Precision and Scale/PFI Components with Indexing/RequiredFieldValidationXPI' successfully

2020-05-29 23:57:06 - [TEST_STEP][NOT_RUN] - callTestCase(findTestCase("Components/Logout"), ["LogoutPageTextToBeVerified":findTestData("ISPS2 Test Data").getValue("HomeBanner", 2)], STOP_ON_FAILURE): NOT_RUN: callTestCase(findTestCase("Components/Logout"), ["LogoutPageTextToBeVerified":findTestData("ISPS2 Test Data").getValue("HomeBanner", 2)], STOP_ON_FAILURE)

2020-05-29 23:57:06 - [MESSAGE][NOT_RUN] - NOT_RUN: callTestCase(findTestCase("Components/Logout"), ["LogoutPageTextToBeVerified":findTestData("ISPS2 Test Data").getValue("HomeBanner", 2)], STOP_ON_FAILURE)]]></system-out>
         <system-err><![CDATA[]]></system-err>
      </testcase>
      <testcase name="Test Cases/PFI Precision and Scale/PFI Test Cases/PFI.CourtActionsLHS" time="243.271" classname="Test Cases/PFI Precision and Scale/PFI Test Cases/PFI.CourtActionsLHS" status="PASSED">
         <system-out><![CDATA[2020-05-29 23:57:06 - [TEST_CASE][PASSED] - Test Cases/PFI Precision and Scale/PFI Test Cases/PFI.CourtActionsLHS: Test Cases/PFI Precision and Scale/PFI Test Cases/PFI.CourtActionsLHS

2020-05-29 23:57:06 - [TEST_STEP][NOT_RUN] - callTestCase(findTestCase("Components/LoginV2.0"), ["LinkToBeUsed":findTestData("ISPS2 Test Data").getValue("URL", 1), "LoginPageTextToBeVerified":findTestData("ISPS2 Test Data").getValue("HomeBanner", 1), ... ], STOP_ON_FAILURE): NOT_RUN: callTestCase(findTestCase("Components/LoginV2.0"), ["LinkToBeUsed":findTestData("ISPS2 Test Data").getValue("URL", 1), "LoginPageTextToBeVerified":findTestData("ISPS2 Test Data").getValue("HomeBanner", 1), ... ], STOP_ON_FAILURE)

2020-05-29 23:57:06 - [MESSAGE][NOT_RUN] - NOT_RUN: callTestCase(findTestCase("Components/LoginV2.0"), ["LinkToBeUsed":findTestData("ISPS2 Test Data").getValue("URL", 1), "LoginPageTextToBeVerified":findTestData("ISPS2 Test Data").getValue("HomeBanner", 1), ... ], STOP_ON_FAILURE)

2020-05-29 23:57:06 - [TEST_STEP][NOT_RUN] - callTestCase(findTestCase("Components/NavigateToHomepageHeaders"), ["headerText":"My Tasks"], STOP_ON_FAILURE): NOT_RUN: callTestCase(findTestCase("Components/NavigateToHomepageHeaders"), ["headerText":"My Tasks"], STOP_ON_FAILURE)

2020-05-29 23:57:06 - [MESSAGE][NOT_RUN] - NOT_RUN: callTestCase(findTestCase("Components/NavigateToHomepageHeaders"), ["headerText":"My Tasks"], STOP_ON_FAILURE)

2020-05-29 23:57:06 - [TEST_STEP][NOT_RUN] - callTestCase(findTestCase("Components/Filter"), ["taskDescription":"Process Case (SM)"], STOP_ON_FAILURE): NOT_RUN: callTestCase(findTestCase("Components/Filter"), ["taskDescription":"Process Case (SM)"], STOP_ON_FAILURE)

2020-05-29 23:57:06 - [MESSAGE][NOT_RUN] - NOT_RUN: callTestCase(findTestCase("Components/Filter"), ["taskDescription":"Process Case (SM)"], STOP_ON_FAILURE)

2020-05-29 23:57:06 - [TEST_STEP][NOT_RUN] - callTestCase(findTestCase("Components/ClickLinkDependingOnTextAndIndex"), ["linkName":"Process Case (SM)", "index":"3"], STOP_ON_FAILURE): NOT_RUN: callTestCase(findTestCase("Components/ClickLinkDependingOnTextAndIndex"), ["linkName":"Process Case (SM)", "index":"3"], STOP_ON_FAILURE)

2020-05-29 23:57:06 - [MESSAGE][NOT_RUN] - NOT_RUN: callTestCase(findTestCase("Components/ClickLinkDependingOnTextAndIndex"), ["linkName":"Process Case (SM)", "index":"3"], STOP_ON_FAILURE)

2020-05-29 23:57:06 - [TEST_STEP][PASSED] - callTestCase(findTestCase("Components/NavigateToAnyLHS"), ["LHS":"Court Actions"], STOP_ON_FAILURE): Call Test Case 'Test Cases/Components/NavigateToAnyLHS' successfully

2020-05-29 23:57:06 - [TEST_CASE][PASSED] - Test Cases/Components/NavigateToAnyLHS: Test Cases/Components/NavigateToAnyLHS

2020-05-29 23:57:06 - [TEST_STEP][PASSED] - Thread.sleep(1000): null

2020-05-29 23:57:07 - [TEST_STEP][PASSED] - modifiedLHS = modifyObjectProperty(findTestObject("Objects.NavigateToAnyLHS/Page_ISPS2/LHSToModify"), "text", "equals", LHS, true): Modify property of object successfully

2020-05-29 23:57:07 - [MESSAGE][PASSED] - Modify property of object successfully

2020-05-29 23:57:07 - [TEST_STEP][PASSED] - click(modifiedLHS): Object: 'Object Repository/Objects.NavigateToAnyLHS/Page_ISPS2/LHSToModify' is clicked on

2020-05-29 23:57:07 - [MESSAGE][PASSED] - Object: 'Object Repository/Objects.NavigateToAnyLHS/Page_ISPS2/LHSToModify' is clicked on

2020-05-29 23:57:07 - [TEST_STEP][PASSED] - currentLHS = getText(modifiedLHS): Text of object 'Object Repository/Objects.NavigateToAnyLHS/Page_ISPS2/LHSToModify' is: 'Court Actions'

2020-05-29 23:57:09 - [MESSAGE][PASSED] - Text of object 'Object Repository/Objects.NavigateToAnyLHS/Page_ISPS2/LHSToModify' is: 'Court Actions'

2020-05-29 23:57:09 - [TEST_STEP][PASSED] - Thread.sleep(5000): null

2020-05-29 23:57:14 - [MESSAGE][PASSED] - Call Test Case 'Test Cases/Components/NavigateToAnyLHS' successfully

2020-05-29 23:57:14 - [TEST_STEP][PASSED] - callTestCase(findTestCase("Components/VerifyPageSuccessfullyLoaded"), ["HeaderName":"Court Actions"], STOP_ON_FAILURE): Call Test Case 'Test Cases/Components/VerifyPageSuccessfullyLoaded' successfully

2020-05-29 23:57:14 - [TEST_CASE][PASSED] - Test Cases/Components/VerifyPageSuccessfullyLoaded: Test Cases/Components/VerifyPageSuccessfullyLoaded

2020-05-29 23:57:14 - [TEST_STEP][PASSED] - Thread.sleep(3000): null

2020-05-29 23:57:17 - [TEST_STEP][PASSED] - ModifiedHeaderName = modifyObjectProperty(findTestObject("Objects.VerifyPageSuccessfullyLoaded/PageHeader"), "text", "equals", HeaderName, true): Modify property of object successfully

2020-05-29 23:57:17 - [MESSAGE][PASSED] - Modify property of object successfully

2020-05-29 23:57:17 - [TEST_STEP][PASSED] - verifyElementPresent(ModifiedHeaderName, 30): Object 'Object Repository/Objects.VerifyPageSuccessfullyLoaded/PageHeader' is present

2020-05-29 23:57:17 - [MESSAGE][PASSED] - Object 'Object Repository/Objects.VerifyPageSuccessfullyLoaded/PageHeader' is present

2020-05-29 23:57:17 - [TEST_STEP][PASSED] - com.reusableComponents.HighlightElement.run(ModifiedHeaderName): com.reusableComponents.HighlightElement.run is PASSED

2020-05-29 23:57:18 - [MESSAGE][PASSED] - com.reusableComponents.HighlightElement.run is PASSED

2020-05-29 23:57:18 - [MESSAGE][PASSED] - Call Test Case 'Test Cases/Components/VerifyPageSuccessfullyLoaded' successfully

2020-05-29 23:57:18 - [TEST_STEP][PASSED] - callTestCase(findTestCase("Components/HighlightLabelFieldXPI"), ["LblName":"Notice Order No", "index":1], STOP_ON_FAILURE): Call Test Case 'Test Cases/Components/HighlightLabelFieldXPI' successfully

2020-05-29 23:57:18 - [TEST_CASE][PASSED] - Test Cases/Components/HighlightLabelFieldXPI: Test Cases/Components/HighlightLabelFieldXPI

2020-05-29 23:57:18 - [TEST_STEP][PASSED] - Thread.sleep(1000): null

2020-05-29 23:57:19 - [TEST_STEP][PASSED] - modifiedLblNm = modifyObjectProperty(findTestObject("Object Repository/Objects.HighlightElements/lblField_index"), "xpath", "equals", "(//*[contains(@class, 'x-form-item-label-inner x-form-item-label-inner-default') and contains(., '" + LblName + "')])[" + index + "]", true): Modify property of object successfully

2020-05-29 23:57:19 - [MESSAGE][PASSED] - Modify property of object successfully

2020-05-29 23:57:19 - [TEST_STEP][PASSED] - com.reusableComponents.HighlightElement.run(modifiedLblNm): com.reusableComponents.HighlightElement.run is PASSED

2020-05-29 23:57:20 - [MESSAGE][PASSED] - com.reusableComponents.HighlightElement.run is PASSED

2020-05-29 23:57:20 - [MESSAGE][PASSED] - Call Test Case 'Test Cases/Components/HighlightLabelFieldXPI' successfully

2020-05-29 23:57:20 - [TEST_STEP][PASSED] - callTestCase(findTestCase("Components/HighlightInputFieldXPI"), ["FldNm":"courtNo", "index":1], STOP_ON_FAILURE): Call Test Case 'Test Cases/Components/HighlightInputFieldXPI' successfully

2020-05-29 23:57:20 - [TEST_CASE][PASSED] - Test Cases/Components/HighlightInputFieldXPI: Test Cases/Components/HighlightInputFieldXPI

2020-05-29 23:57:20 - [TEST_STEP][PASSED] - Thread.sleep(1000): null

2020-05-29 23:57:21 - [TEST_STEP][PASSED] - modifiedInputNm = modifyObjectProperty(findTestObject("Object Repository/Objects.HighlightElements/input_field_index"), "xpath", "equals", "(//*[contains(@name, '" + FldNm + "')])[" + index + "]", true): Modify property of object successfully

2020-05-29 23:57:21 - [MESSAGE][PASSED] - Modify property of object successfully

2020-05-29 23:57:21 - [TEST_STEP][PASSED] - com.reusableComponents.HighlightElement.run(modifiedInputNm): com.reusableComponents.HighlightElement.run is PASSED

2020-05-29 23:57:22 - [MESSAGE][PASSED] - com.reusableComponents.HighlightElement.run is PASSED

2020-05-29 23:57:22 - [MESSAGE][PASSED] - Call Test Case 'Test Cases/Components/HighlightInputFieldXPI' successfully

2020-05-29 23:57:22 - [TEST_STEP][PASSED] - callTestCase(findTestCase("PFI Precision and Scale/PFI Components with Indexing/VerifyDefaultValueIndex"), ["FieldNm":"courtNo", "index":1], STOP_ON_FAILURE): Call Test Case 'Test Cases/PFI Precision and Scale/PFI Components with Indexing/VerifyDefaultValueIndex' successfully

2020-05-29 23:57:22 - [TEST_CASE][PASSED] - Test Cases/PFI Precision and Scale/PFI Components with Indexing/VerifyDefaultValueIndex: Test Cases/PFI Precision and Scale/PFI Components with Indexing/VerifyDefaultValueIndex

2020-05-29 23:57:22 - [TEST_STEP][PASSED] - Thread.sleep(1000): null

2020-05-29 23:57:23 - [TEST_STEP][PASSED] - NewFieldNm = modifyObjectProperty(findTestObject("Object Repository/Objects.HighlightElements/input_field_index"), "xpath", "equals", "(//*[contains(@name,'" + FieldNm + "')])[" + index + "]", true): Modify property of object successfully

2020-05-29 23:57:23 - [MESSAGE][PASSED] - Modify property of object successfully

2020-05-29 23:57:23 - [TEST_STEP][PASSED] - focus(NewFieldNm): Object: 'Object Repository/Objects.HighlightElements/input_field_index' is focused

2020-05-29 23:57:23 - [MESSAGE][PASSED] - Object: 'Object Repository/Objects.HighlightElements/input_field_index' is focused

2020-05-29 23:57:23 - [TEST_STEP][PASSED] - DefVal = getAttribute(NewFieldNm, "value", STOP_ON_FAILURE): Attribute 'value' of object 'Object Repository/Objects.HighlightElements/input_field_index' is: 'SM 2020/02/3983'

2020-05-29 23:57:24 - [MESSAGE][PASSED] - Attribute 'value' of object 'Object Repository/Objects.HighlightElements/input_field_index' is: 'SM 2020/02/3983'

2020-05-29 23:57:24 - [TEST_STEP][PASSED] - switch (FieldNm): null

2020-05-29 23:57:24 - [TEST_STEP][PASSED] - case "courtNo":: null

2020-05-29 23:57:24 - [TEST_STEP][PASSED] - getCaseRef = getText(findTestObject("Objects.VerifyCourtActionsPrecisionAndScale/Page_ISPS2/div_Case Ref No")): Text of object 'Object Repository/Objects.VerifyCourtActionsPrecisionAndScale/Page_ISPS2/div_Case Ref No' is: '(Case Ref. No.: SM 2020/02/3983 | Submission No.: ES20200303-00001)'

2020-05-29 23:57:24 - [MESSAGE][PASSED] - Text of object 'Object Repository/Objects.VerifyCourtActionsPrecisionAndScale/Page_ISPS2/div_Case Ref No' is: '(Case Ref. No.: SM 2020/02/3983 | Submission No.: ES20200303-00001)'

2020-05-29 23:57:24 - [TEST_STEP][PASSED] - println(getCaseRef): null

2020-05-29 23:57:24 - [TEST_STEP][PASSED] - lengthSubmNo = getCaseRef.length() - 36: null

2020-05-29 23:57:24 - [TEST_STEP][PASSED] - println(lengthSubmNo): null

2020-05-29 23:57:24 - [TEST_STEP][PASSED] - lengthCaseRef = getCaseRef.length() - 16: null

2020-05-29 23:57:24 - [TEST_STEP][PASSED] - println(lengthCaseRef): null

2020-05-29 23:57:24 - [TEST_STEP][PASSED] - RemoveSubmissionNo = getCaseRef.substring(0, lengthCaseRef): null

2020-05-29 23:57:24 - [TEST_STEP][PASSED] - SMCaseRef = getCaseRef.substring(16, lengthSubmNo): null

2020-05-29 23:57:24 - [TEST_STEP][PASSED] - verifyMatch(DefVal, SMCaseRef, true, STOP_ON_FAILURE): Actual text 'SM 2020/02/3983' and expected text 'SM 2020/02/3983' are matched  using regular expression

2020-05-29 23:57:24 - [MESSAGE][PASSED] - Actual text 'SM 2020/02/3983' and expected text 'SM 2020/02/3983' are matched  using regular expression

2020-05-29 23:57:24 - [TEST_STEP][PASSED] - break: null

2020-05-29 23:57:24 - [MESSAGE][PASSED] - Call Test Case 'Test Cases/PFI Precision and Scale/PFI Components with Indexing/VerifyDefaultValueIndex' successfully

2020-05-29 23:57:24 - [TEST_STEP][PASSED] - callTestCase(findTestCase("Components/SelectAllThenDeleteXPI"), ["nameToBeUsed":"courtNo", "index":1], STOP_ON_FAILURE): Call Test Case 'Test Cases/Components/SelectAllThenDeleteXPI' successfully

2020-05-29 23:57:24 - [TEST_CASE][PASSED] - Test Cases/Components/SelectAllThenDeleteXPI: Test Cases/Components/SelectAllThenDeleteXPI

2020-05-29 23:57:24 - [TEST_STEP][PASSED] - Thread.sleep(1000): null

2020-05-29 23:57:25 - [TEST_STEP][PASSED] - modifiedObj = modifyObjectProperty(findTestObject("Object Repository/Objects.HighlightElements/input_field_index"), "xpath", "equals", "(//*[contains(@name,'" + nameToBeUsed + "')])[" + index + "]", true): Modify property of object successfully

2020-05-29 23:57:25 - [MESSAGE][PASSED] - Modify property of object successfully

2020-05-29 23:57:25 - [TEST_STEP][PASSED] - focus(modifiedObj): Object: 'Object Repository/Objects.HighlightElements/input_field_index' is focused

2020-05-29 23:57:25 - [MESSAGE][PASSED] - Object: 'Object Repository/Objects.HighlightElements/input_field_index' is focused

2020-05-29 23:57:25 - [TEST_STEP][PASSED] - sendKeys(modifiedObj, Keys.chord(CONTROL, "a")): Keys 'CONTROL + a' sent to object: 'Object Repository/Objects.HighlightElements/input_field_index'

2020-05-29 23:57:26 - [MESSAGE][PASSED] - Keys 'CONTROL + a' sent to object: 'Object Repository/Objects.HighlightElements/input_field_index'

2020-05-29 23:57:26 - [TEST_STEP][PASSED] - sendKeys(modifiedObj, Keys.chord(DELETE)): Keys 'DELETE + ' sent to object: 'Object Repository/Objects.HighlightElements/input_field_index'

2020-05-29 23:57:26 - [MESSAGE][PASSED] - Keys 'DELETE + ' sent to object: 'Object Repository/Objects.HighlightElements/input_field_index'

2020-05-29 23:57:26 - [MESSAGE][PASSED] - Call Test Case 'Test Cases/Components/SelectAllThenDeleteXPI' successfully

2020-05-29 23:57:26 - [TEST_STEP][PASSED] - callTestCase(findTestCase("PFI Precision and Scale/PFI Components with Indexing/AlphaNumericSpecialValidationIndex"), ["FldNm":"courtNo", "LenChar":10, "index":1], STOP_ON_FAILURE): Call Test Case 'Test Cases/PFI Precision and Scale/PFI Components with Indexing/AlphaNumericSpecialValidationIndex' successfully

2020-05-29 23:57:26 - [TEST_CASE][PASSED] - Test Cases/PFI Precision and Scale/PFI Components with Indexing/AlphaNumericSpecialValidationIndex: Test Cases/PFI Precision and Scale/PFI Components with Indexing/AlphaNumericSpecialValidationIndex

2020-05-29 23:57:26 - [TEST_STEP][PASSED] - charset = /?><"".join(): null

2020-05-29 23:57:26 - [TEST_STEP][PASSED] - AlphaNumeric = 9).join(): null

2020-05-29 23:57:26 - [TEST_STEP][PASSED] - SpecialChar = "`~!@#$%^&*()-=+_{}|\][;'":,./?><"": null

2020-05-29 23:57:26 - [TEST_STEP][PASSED] - RandomString = RandomStringUtils.random(LenChar, AlphaNumeric.toCharArray()): null

2020-05-29 23:57:26 - [TEST_STEP][PASSED] - RdmSpChar = RandomStringUtils.random(LenChar, SpecialChar): null

2020-05-29 23:57:26 - [TEST_STEP][PASSED] - regexPat = Pattern.compile("^[A-Za-z0-9 ]+$"): null

2020-05-29 23:57:26 - [TEST_STEP][PASSED] - NewInputNmField = modifyObjectProperty(findTestObject("Object Repository/Objects.HighlightElements/input_field_index"), "xpath", "equals", "(//*[contains(@class,'x-form-text') and (@name='" + FldNm + "')])[" + index + "]", true): Modify property of object successfully

2020-05-29 23:57:26 - [MESSAGE][PASSED] - Modify property of object successfully

2020-05-29 23:57:26 - [TEST_STEP][PASSED] - setText(NewInputNmField, RandomString): Text 'PR0Hb4WIGO' is set on object 'Object Repository/Objects.HighlightElements/input_field_index'

2020-05-29 23:57:27 - [MESSAGE][PASSED] - Text 'PR0Hb4WIGO' is set on object 'Object Repository/Objects.HighlightElements/input_field_index'

2020-05-29 23:57:27 - [TEST_STEP][PASSED] - RemarksAN = getAttribute(NewInputNmField, "value"): Attribute 'value' of object 'Object Repository/Objects.HighlightElements/input_field_index' is: 'PR0Hb4WIGO'

2020-05-29 23:57:27 - [MESSAGE][PASSED] - Attribute 'value' of object 'Object Repository/Objects.HighlightElements/input_field_index' is: 'PR0Hb4WIGO'

2020-05-29 23:57:27 - [TEST_STEP][PASSED] - matchStr = regexPat.matcher(RemarksAN): null

2020-05-29 23:57:27 - [TEST_STEP][PASSED] - if (matchStr.matches() == true): Accepting Alphanumeric

2020-05-29 23:57:27 - [TEST_STEP][PASSED] - comment("Accepting Alphanumeric"): Accepting Alphanumeric

2020-05-29 23:57:27 - [MESSAGE][INFO] - Accepting Alphanumeric

2020-05-29 23:57:27 - [TEST_STEP][PASSED] - setText(NewInputNmField, RdmSpChar): Text '[\^,_^?><.' is set on object 'Object Repository/Objects.HighlightElements/input_field_index'

2020-05-29 23:57:28 - [MESSAGE][PASSED] - Text '[\^,_^?><.' is set on object 'Object Repository/Objects.HighlightElements/input_field_index'

2020-05-29 23:57:28 - [TEST_STEP][PASSED] - RemarksSpChar = getAttribute(NewInputNmField, "value"): Attribute 'value' of object 'Object Repository/Objects.HighlightElements/input_field_index' is: '[\^,_^?><.'

2020-05-29 23:57:28 - [MESSAGE][PASSED] - Attribute 'value' of object 'Object Repository/Objects.HighlightElements/input_field_index' is: '[\^,_^?><.'

2020-05-29 23:57:28 - [TEST_STEP][PASSED] - matchSp = regexPat.matcher(RemarksSpChar): null

2020-05-29 23:57:28 - [TEST_STEP][PASSED] - if (matchSp.matches() == false): Accepting Special Characters

2020-05-29 23:57:28 - [TEST_STEP][PASSED] - comment("Accepting Special Characters"): Accepting Special Characters

2020-05-29 23:57:28 - [MESSAGE][INFO] - Accepting Special Characters

2020-05-29 23:57:28 - [MESSAGE][PASSED] - Call Test Case 'Test Cases/PFI Precision and Scale/PFI Components with Indexing/AlphaNumericSpecialValidationIndex' successfully

2020-05-29 23:57:28 - [TEST_STEP][PASSED] - callTestCase(findTestCase("PFI Precision and Scale/PFI Components with Indexing/MaxCharLengthIndexValidation"), ["FieldNm":"courtNo", "index":1, "MaxCharLen":25], STOP_ON_FAILURE): Call Test Case 'Test Cases/PFI Precision and Scale/PFI Components with Indexing/MaxCharLengthIndexValidation' successfully

2020-05-29 23:57:28 - [TEST_CASE][PASSED] - Test Cases/PFI Precision and Scale/PFI Components with Indexing/MaxCharLengthIndexValidation: Test Cases/PFI Precision and Scale/PFI Components with Indexing/MaxCharLengthIndexValidation

2020-05-29 23:57:28 - [TEST_STEP][PASSED] - Thread.sleep(1000): null

2020-05-29 23:57:29 - [TEST_STEP][PASSED] - CharLengthTBL = ["aoNotes":4000, "notes":4000, "hseBlkNo":10, "buildingName":100, "unformattedAddress":4000, "courtNo":20, "caseGrpDesc":4000, ... ]: null

2020-05-29 23:57:29 - [TEST_STEP][PASSED] - charset = /?><"".join(): null

2020-05-29 23:57:29 - [TEST_STEP][PASSED] - RandomStringVal = RandomStringUtils.random(MaxCharLen, charset.toCharArray()): null

2020-05-29 23:57:29 - [TEST_STEP][PASSED] - NewInputNmField = modifyObjectProperty(findTestObject("Object Repository/Objects.HighlightElements/input_field_index"), "xpath", "equals", "(//*[contains(@class,'x-form-text') and (@name='" + FieldNm + "')])[" + index + "]", true): Modify property of object successfully

2020-05-29 23:57:29 - [MESSAGE][PASSED] - Modify property of object successfully

2020-05-29 23:57:29 - [TEST_STEP][PASSED] - setText(NewInputNmField, RandomStringVal): Text '}03,L{5I|s]gn;W@pYh}jY"Qo' is set on object 'Object Repository/Objects.HighlightElements/input_field_index'

2020-05-29 23:57:30 - [MESSAGE][PASSED] - Text '}03,L{5I|s]gn;W@pYh}jY"Qo' is set on object 'Object Repository/Objects.HighlightElements/input_field_index'

2020-05-29 23:57:30 - [TEST_STEP][PASSED] - GetInputValue = getAttribute(NewInputNmField, "value", STOP_ON_FAILURE): Attribute 'value' of object 'Object Repository/Objects.HighlightElements/input_field_index' is: '}03,L{5I|s]gn;W@pYh}'

2020-05-29 23:57:31 - [MESSAGE][PASSED] - Attribute 'value' of object 'Object Repository/Objects.HighlightElements/input_field_index' is: '}03,L{5I|s]gn;W@pYh}'

2020-05-29 23:57:31 - [TEST_STEP][PASSED] - GetLenChar = GetInputValue.length(): null

2020-05-29 23:57:31 - [TEST_STEP][PASSED] - MaxLength = CharLengthTBL.get(FieldNm): null

2020-05-29 23:57:31 - [TEST_STEP][PASSED] - if (MaxLength != null): Actual object '20' and expected object '20' are equal

2020-05-29 23:57:31 - [TEST_STEP][PASSED] - verifyEqual(GetLenChar, MaxLength): Actual object '20' and expected object '20' are equal

2020-05-29 23:57:31 - [MESSAGE][PASSED] - Actual object '20' and expected object '20' are equal

2020-05-29 23:57:31 - [MESSAGE][PASSED] - Call Test Case 'Test Cases/PFI Precision and Scale/PFI Components with Indexing/MaxCharLengthIndexValidation' successfully

2020-05-29 23:57:31 - [TEST_STEP][PASSED] - callTestCase(findTestCase("Components/SelectAllThenDeleteXPI"), ["nameToBeUsed":"courtNo", "index":1], STOP_ON_FAILURE): Call Test Case 'Test Cases/Components/SelectAllThenDeleteXPI' successfully

2020-05-29 23:57:31 - [TEST_CASE][PASSED] - Test Cases/Components/SelectAllThenDeleteXPI: Test Cases/Components/SelectAllThenDeleteXPI

2020-05-29 23:57:31 - [TEST_STEP][PASSED] - Thread.sleep(1000): null

2020-05-29 23:57:32 - [TEST_STEP][PASSED] - modifiedObj = modifyObjectProperty(findTestObject("Object Repository/Objects.HighlightElements/input_field_index"), "xpath", "equals", "(//*[contains(@name,'" + nameToBeUsed + "')])[" + index + "]", true): Modify property of object successfully

2020-05-29 23:57:32 - [MESSAGE][PASSED] - Modify property of object successfully

2020-05-29 23:57:32 - [TEST_STEP][PASSED] - focus(modifiedObj): Object: 'Object Repository/Objects.HighlightElements/input_field_index' is focused

2020-05-29 23:57:32 - [MESSAGE][PASSED] - Object: 'Object Repository/Objects.HighlightElements/input_field_index' is focused

2020-05-29 23:57:32 - [TEST_STEP][PASSED] - sendKeys(modifiedObj, Keys.chord(CONTROL, "a")): Keys 'CONTROL + a' sent to object: 'Object Repository/Objects.HighlightElements/input_field_index'

2020-05-29 23:57:32 - [MESSAGE][PASSED] - Keys 'CONTROL + a' sent to object: 'Object Repository/Objects.HighlightElements/input_field_index'

2020-05-29 23:57:32 - [TEST_STEP][PASSED] - sendKeys(modifiedObj, Keys.chord(DELETE)): Keys 'DELETE + ' sent to object: 'Object Repository/Objects.HighlightElements/input_field_index'

2020-05-29 23:57:32 - [MESSAGE][PASSED] - Keys 'DELETE + ' sent to object: 'Object Repository/Objects.HighlightElements/input_field_index'

2020-05-29 23:57:32 - [MESSAGE][PASSED] - Call Test Case 'Test Cases/Components/SelectAllThenDeleteXPI' successfully

2020-05-29 23:57:32 - [TEST_STEP][PASSED] - callTestCase(findTestCase("PFI Precision and Scale/PFI Components with Indexing/RequiredFieldValidationXPI"), ["nameToBeUsed":"courtNo", "index":1], STOP_ON_FAILURE): Call Test Case 'Test Cases/PFI Precision and Scale/PFI Components with Indexing/RequiredFieldValidationXPI' successfully

2020-05-29 23:57:32 - [TEST_CASE][PASSED] - Test Cases/PFI Precision and Scale/PFI Components with Indexing/RequiredFieldValidationXPI: Test Cases/PFI Precision and Scale/PFI Components with Indexing/RequiredFieldValidationXPI

2020-05-29 23:57:32 - [TEST_STEP][PASSED] - enableSmartWait(): null

2020-05-29 23:57:32 - [TEST_STEP][PASSED] - NewInputNmField = modifyObjectProperty(findTestObject("Objects.HighlightElements/input_field_index"), "xpath", "equals", "(//*[contains(@name,'" + nameToBeUsed + "')])[" + index + "]", true): Modify property of object successfully

2020-05-29 23:57:32 - [MESSAGE][PASSED] - Modify property of object successfully

2020-05-29 23:57:32 - [TEST_STEP][PASSED] - mouseOver(NewInputNmField): Object: 'Object Repository/Objects.HighlightElements/input_field_index' is hovered

2020-05-29 23:57:33 - [MESSAGE][PASSED] - Object: 'Object Repository/Objects.HighlightElements/input_field_index' is hovered

2020-05-29 23:57:33 - [TEST_STEP][PASSED] - getRqErrMsg = getAttribute(NewInputNmField, "data-errorqtip"): Attribute 'data-errorqtip' of object 'Object Repository/Objects.HighlightElements/input_field_index' is: '<ul class="x-list-plain"><li>This field is required</li></ul>'

2020-05-29 23:57:33 - [MESSAGE][PASSED] - Attribute 'data-errorqtip' of object 'Object Repository/Objects.HighlightElements/input_field_index' is: '<ul class="x-list-plain"><li>This field is required</li></ul>'

2020-05-29 23:57:33 - [TEST_STEP][PASSED] - strToolTip = getRqErrMsg.substring(29, 61): null

2020-05-29 23:57:33 - [TEST_STEP][PASSED] - toolTipReqErrMsg = strToolTip.substring(0, 22): null

2020-05-29 23:57:33 - [TEST_STEP][PASSED] - verifyMatch(toolTipReqErrMsg, RqField, true): Actual text 'This field is required' and expected text 'This field is required' are matched  using regular expression

2020-05-29 23:57:33 - [MESSAGE][PASSED] - Actual text 'This field is required' and expected text 'This field is required' are matched  using regular expression

2020-05-29 23:57:33 - [MESSAGE][PASSED] - Call Test Case 'Test Cases/PFI Precision and Scale/PFI Components with Indexing/RequiredFieldValidationXPI' successfully

2020-05-29 23:57:33 - [TEST_STEP][PASSED] - callTestCase(findTestCase("Components/HighlightLabelFieldXPI"), ["LblName":"Notice/Order Date", "index":1], STOP_ON_FAILURE): Call Test Case 'Test Cases/Components/HighlightLabelFieldXPI' successfully

2020-05-29 23:57:33 - [TEST_CASE][PASSED] - Test Cases/Components/HighlightLabelFieldXPI: Test Cases/Components/HighlightLabelFieldXPI

2020-05-29 23:57:33 - [TEST_STEP][PASSED] - Thread.sleep(1000): null

2020-05-29 23:57:34 - [TEST_STEP][PASSED] - modifiedLblNm = modifyObjectProperty(findTestObject("Object Repository/Objects.HighlightElements/lblField_index"), "xpath", "equals", "(//*[contains(@class, 'x-form-item-label-inner x-form-item-label-inner-default') and contains(., '" + LblName + "')])[" + index + "]", true): Modify property of object successfully

2020-05-29 23:57:34 - [MESSAGE][PASSED] - Modify property of object successfully

2020-05-29 23:57:34 - [TEST_STEP][PASSED] - com.reusableComponents.HighlightElement.run(modifiedLblNm): com.reusableComponents.HighlightElement.run is PASSED

2020-05-29 23:57:35 - [MESSAGE][PASSED] - com.reusableComponents.HighlightElement.run is PASSED

2020-05-29 23:57:35 - [MESSAGE][PASSED] - Call Test Case 'Test Cases/Components/HighlightLabelFieldXPI' successfully

2020-05-29 23:57:35 - [TEST_STEP][PASSED] - callTestCase(findTestCase("Components/HighlightInputFieldXPI"), ["FldNm":"orderDt", "index":1], STOP_ON_FAILURE): Call Test Case 'Test Cases/Components/HighlightInputFieldXPI' successfully

2020-05-29 23:57:35 - [TEST_CASE][PASSED] - Test Cases/Components/HighlightInputFieldXPI: Test Cases/Components/HighlightInputFieldXPI

2020-05-29 23:57:35 - [TEST_STEP][PASSED] - Thread.sleep(1000): null

2020-05-29 23:57:36 - [TEST_STEP][PASSED] - modifiedInputNm = modifyObjectProperty(findTestObject("Object Repository/Objects.HighlightElements/input_field_index"), "xpath", "equals", "(//*[contains(@name, '" + FldNm + "')])[" + index + "]", true): Modify property of object successfully

2020-05-29 23:57:36 - [MESSAGE][PASSED] - Modify property of object successfully

2020-05-29 23:57:36 - [TEST_STEP][PASSED] - com.reusableComponents.HighlightElement.run(modifiedInputNm): com.reusableComponents.HighlightElement.run is PASSED

2020-05-29 23:57:37 - [MESSAGE][PASSED] - com.reusableComponents.HighlightElement.run is PASSED

2020-05-29 23:57:37 - [MESSAGE][PASSED] - Call Test Case 'Test Cases/Components/HighlightInputFieldXPI' successfully

2020-05-29 23:57:37 - [TEST_STEP][PASSED] - callTestCase(findTestCase("PFI Precision and Scale/PFI Components with Indexing/NumericTextboxValidationIndex"), ["nameToBeUsed":"orderDt", "index":1, "minLen":12], STOP_ON_FAILURE): Call Test Case 'Test Cases/PFI Precision and Scale/PFI Components with Indexing/NumericTextboxValidationIndex' successfully

2020-05-29 23:57:37 - [TEST_CASE][PASSED] - Test Cases/PFI Precision and Scale/PFI Components with Indexing/NumericTextboxValidationIndex: Test Cases/PFI Precision and Scale/PFI Components with Indexing/NumericTextboxValidationIndex

2020-05-29 23:57:37 - [TEST_STEP][PASSED] - Thread.sleep(1000): null

2020-05-29 23:57:38 - [TEST_STEP][PASSED] - Numeric = "0123456789": null

2020-05-29 23:57:38 - [TEST_STEP][PASSED] - AlphaSpecialChar = z) + "`~!@#$%^&*()=_{}|\][;'":,?><"".join(): null

2020-05-29 23:57:38 - [TEST_STEP][PASSED] - RandomNumeric = RandomStringUtils.random(minLen, Numeric.toCharArray()): null

2020-05-29 23:57:38 - [TEST_STEP][PASSED] - RandomString = RandomStringUtils.random(minLen, AlphaSpecialChar): null

2020-05-29 23:57:38 - [TEST_STEP][PASSED] - regexPat = Pattern.compile("^[0-9]+$"): null

2020-05-29 23:57:38 - [TEST_STEP][PASSED] - NewInputNmField = modifyObjectProperty(findTestObject("Object Repository/Objects.HighlightElements/input_field_index"), "xpath", "equals", "(//*[contains(@class,'x-form-text') and (@name='" + nameToBeUsed + "')])[" + index + "]", true): Modify property of object successfully

2020-05-29 23:57:38 - [MESSAGE][PASSED] - Modify property of object successfully

2020-05-29 23:57:38 - [TEST_STEP][PASSED] - focus(NewInputNmField): Object: 'Object Repository/Objects.HighlightElements/input_field_index' is focused

2020-05-29 23:57:38 - [MESSAGE][PASSED] - Object: 'Object Repository/Objects.HighlightElements/input_field_index' is focused

2020-05-29 23:57:38 - [TEST_STEP][PASSED] - setText(NewInputNmField, RandomString): Text 'fi<JvKumFbJB' is set on object 'Object Repository/Objects.HighlightElements/input_field_index'

2020-05-29 23:57:39 - [MESSAGE][PASSED] - Text 'fi<JvKumFbJB' is set on object 'Object Repository/Objects.HighlightElements/input_field_index'

2020-05-29 23:57:39 - [TEST_STEP][PASSED] - GetInputVal = getAttribute(NewInputNmField, "value"): Attribute 'value' of object 'Object Repository/Objects.HighlightElements/input_field_index' is: ''

2020-05-29 23:57:39 - [MESSAGE][PASSED] - Attribute 'value' of object 'Object Repository/Objects.HighlightElements/input_field_index' is: ''

2020-05-29 23:57:39 - [TEST_STEP][PASSED] - if (GetInputVal.contains("e")): null

2020-05-29 23:57:39 - [TEST_STEP][PASSED] - else: Actual text '' and expected text '' are matched  using regular expression

2020-05-29 23:57:39 - [TEST_STEP][PASSED] - verifyMatch(GetInputVal, "", true): Actual text '' and expected text '' are matched  using regular expression

2020-05-29 23:57:39 - [MESSAGE][PASSED] - Actual text '' and expected text '' are matched  using regular expression

2020-05-29 23:57:39 - [TEST_STEP][PASSED] - setText(NewInputNmField, RandomNumeric): Text '931251052734' is set on object 'Object Repository/Objects.HighlightElements/input_field_index'

2020-05-29 23:57:39 - [MESSAGE][PASSED] - Text '931251052734' is set on object 'Object Repository/Objects.HighlightElements/input_field_index'

2020-05-29 23:57:39 - [TEST_STEP][PASSED] - GetEnteredIntegers = getAttribute(NewInputNmField, "value"): Attribute 'value' of object 'Object Repository/Objects.HighlightElements/input_field_index' is: '931251052734'

2020-05-29 23:57:40 - [MESSAGE][PASSED] - Attribute 'value' of object 'Object Repository/Objects.HighlightElements/input_field_index' is: '931251052734'

2020-05-29 23:57:40 - [TEST_STEP][PASSED] - matchStr = regexPat.matcher(GetEnteredIntegers): null

2020-05-29 23:57:40 - [TEST_STEP][PASSED] - if (matchStr.matches() == true): Accepting Numeric

2020-05-29 23:57:40 - [TEST_STEP][PASSED] - comment("Accepting Numeric"): Accepting Numeric

2020-05-29 23:57:40 - [MESSAGE][INFO] - Accepting Numeric

2020-05-29 23:57:40 - [MESSAGE][PASSED] - Call Test Case 'Test Cases/PFI Precision and Scale/PFI Components with Indexing/NumericTextboxValidationIndex' successfully

2020-05-29 23:57:40 - [TEST_STEP][PASSED] - callTestCase(findTestCase("PFI Precision and Scale/PFI Components with Indexing/InvalidDateErrorValidationIndex"), ["FldNm":"orderDt", "index":1], STOP_ON_FAILURE): Call Test Case 'Test Cases/PFI Precision and Scale/PFI Components with Indexing/InvalidDateErrorValidationIndex' successfully

2020-05-29 23:57:40 - [TEST_CASE][PASSED] - Test Cases/PFI Precision and Scale/PFI Components with Indexing/InvalidDateErrorValidationIndex: Test Cases/PFI Precision and Scale/PFI Components with Indexing/InvalidDateErrorValidationIndex

2020-05-29 23:57:40 - [TEST_STEP][PASSED] - Thread.sleep(1000): null

2020-05-29 23:57:41 - [TEST_STEP][PASSED] - DateFieldNm = modifyObjectProperty(findTestObject("Object Repository/Objects.HighlightElements/input_field_index"), "xpath", "equals", "(//*[contains(@class,'x-form-text') and (@name='" + FldNm + "')])[" + index + "]", true): Modify property of object successfully

2020-05-29 23:57:41 - [MESSAGE][PASSED] - Modify property of object successfully

2020-05-29 23:57:41 - [TEST_STEP][PASSED] - focus(DateFieldNm): Object: 'Object Repository/Objects.HighlightElements/input_field_index' is focused

2020-05-29 23:57:42 - [MESSAGE][PASSED] - Object: 'Object Repository/Objects.HighlightElements/input_field_index' is focused

2020-05-29 23:57:42 - [TEST_STEP][PASSED] - getInputInvalidDate = getAttribute(DateFieldNm, "value"): Attribute 'value' of object 'Object Repository/Objects.HighlightElements/input_field_index' is: '931251052734'

2020-05-29 23:57:42 - [MESSAGE][PASSED] - Attribute 'value' of object 'Object Repository/Objects.HighlightElements/input_field_index' is: '931251052734'

2020-05-29 23:57:42 - [TEST_STEP][PASSED] - mouseOver(DateFieldNm): Object: 'Object Repository/Objects.HighlightElements/input_field_index' is hovered

2020-05-29 23:57:42 - [MESSAGE][PASSED] - Object: 'Object Repository/Objects.HighlightElements/input_field_index' is hovered

2020-05-29 23:57:42 - [TEST_STEP][PASSED] - getErrMsg = getAttribute(DateFieldNm, "data-errorqtip"): Attribute 'data-errorqtip' of object 'Object Repository/Objects.HighlightElements/input_field_index' is: '<ul class="x-list-plain"><li>931251052734 is not a valid date - it must be in the format d/m/Y</li></ul>'

2020-05-29 23:57:43 - [MESSAGE][PASSED] - Attribute 'data-errorqtip' of object 'Object Repository/Objects.HighlightElements/input_field_index' is: '<ul class="x-list-plain"><li>931251052734 is not a valid date - it must be in the format d/m/Y</li></ul>'

2020-05-29 23:57:43 - [TEST_STEP][PASSED] - getTotalLength = getErrMsg.length(): null

2020-05-29 23:57:43 - [TEST_STEP][PASSED] - RemoveULClass = getErrMsg.substring(29, getTotalLength): null

2020-05-29 23:57:43 - [TEST_STEP][PASSED] - LengthNoUlClass = RemoveULClass.length() - 10: null

2020-05-29 23:57:43 - [TEST_STEP][PASSED] - ToolTipInvErrMsg = RemoveULClass.substring(0, LengthNoUlClass): null

2020-05-29 23:57:43 - [TEST_STEP][PASSED] - ExpectedInvalidErrMsg = concatenate(getInputInvalidDate, " ", NotValidDt): Concatenated string array: '['931251052734',' ','is not a valid date - it must be in the format d/m/Y']' into '931251052734 is not a valid date - it must be in the format d/m/Y'

2020-05-29 23:57:43 - [MESSAGE][PASSED] - Concatenated string array: '['931251052734',' ','is not a valid date - it must be in the format d/m/Y']' into '931251052734 is not a valid date - it must be in the format d/m/Y'

2020-05-29 23:57:43 - [TEST_STEP][PASSED] - verifyMatch(ToolTipInvErrMsg, ExpectedInvalidErrMsg, true): Actual text '931251052734 is not a valid date - it must be in the format d/m/Y' and expected text '931251052734 is not a valid date - it must be in the format d/m/Y' are matched  using regular expression

2020-05-29 23:57:43 - [MESSAGE][PASSED] - Actual text '931251052734 is not a valid date - it must be in the format d/m/Y' and expected text '931251052734 is not a valid date - it must be in the format d/m/Y' are matched  using regular expression

2020-05-29 23:57:43 - [MESSAGE][PASSED] - Call Test Case 'Test Cases/PFI Precision and Scale/PFI Components with Indexing/InvalidDateErrorValidationIndex' successfully

2020-05-29 23:57:43 - [TEST_STEP][PASSED] - callTestCase(findTestCase("PFI Precision and Scale/PFI Components with Indexing/SelectDayInDatePickerWithIndexII"), ["FldNm":"orderDt", "SelectCurrentDay":11, "index":9, "idx":1], STOP_ON_FAILURE): Call Test Case 'Test Cases/PFI Precision and Scale/PFI Components with Indexing/SelectDayInDatePickerWithIndexII' successfully

2020-05-29 23:57:43 - [TEST_CASE][PASSED] - Test Cases/PFI Precision and Scale/PFI Components with Indexing/SelectDayInDatePickerWithIndexII: Test Cases/PFI Precision and Scale/PFI Components with Indexing/SelectDayInDatePickerWithIndexII

2020-05-29 23:57:43 - [TEST_STEP][PASSED] - Thread.sleep(1000): null

2020-05-29 23:57:44 - [TEST_STEP][PASSED] - DateInputFld = modifyObjectProperty(findTestObject("Objects.HighlightElements/input_field_index"), "xpath", "equals", "(//*[contains(@class,'x-form-text') and (@name='" + FldNm + "')])[" + idx + "]", true): Modify property of object successfully

2020-05-29 23:57:44 - [MESSAGE][PASSED] - Modify property of object successfully

2020-05-29 23:57:44 - [TEST_STEP][PASSED] - ModifyDay = modifyObjectProperty(findTestObject("Objects.DateValidation/Page_ISPS2/Select_Day_Index"), "xpath", "equals", "(//*[contains(@class, 'x-datepicker-date') and (text() = '" + SelectCurrentDay + "')])[" + index + "]", true): Modify property of object successfully

2020-05-29 23:57:44 - [MESSAGE][PASSED] - Modify property of object successfully

2020-05-29 23:57:44 - [TEST_STEP][PASSED] - sendKeys(DateInputFld, Keys.chord(ARROW_DOWN)): Keys 'DOWN + ' sent to object: 'Object Repository/Objects.HighlightElements/input_field_index'

2020-05-29 23:57:44 - [MESSAGE][PASSED] - Keys 'DOWN + ' sent to object: 'Object Repository/Objects.HighlightElements/input_field_index'

2020-05-29 23:57:44 - [TEST_STEP][PASSED] - com.reusableComponents.HighlightElement.run(ModifyDay): com.reusableComponents.HighlightElement.run is PASSED

2020-05-29 23:57:45 - [MESSAGE][PASSED] - com.reusableComponents.HighlightElement.run is PASSED

2020-05-29 23:57:45 - [TEST_STEP][PASSED] - delay(1): Delayed 1 second(s)

2020-05-29 23:57:46 - [MESSAGE][PASSED] - Delayed 1 second(s)

2020-05-29 23:57:46 - [TEST_STEP][PASSED] - click(ModifyDay): Object: 'Object Repository/Objects.DateValidation/Page_ISPS2/Select_Day_Index' is clicked on

2020-05-29 23:57:46 - [MESSAGE][PASSED] - Object: 'Object Repository/Objects.DateValidation/Page_ISPS2/Select_Day_Index' is clicked on

2020-05-29 23:57:46 - [MESSAGE][PASSED] - Call Test Case 'Test Cases/PFI Precision and Scale/PFI Components with Indexing/SelectDayInDatePickerWithIndexII' successfully

2020-05-29 23:57:46 - [TEST_STEP][PASSED] - callTestCase(findTestCase("PFI Precision and Scale/PFI Components with Indexing/SelectTodayInDatePickerIndex"), ["FldNm":"orderDt", "index":9, "idx":1], STOP_ON_FAILURE): Call Test Case 'Test Cases/PFI Precision and Scale/PFI Components with Indexing/SelectTodayInDatePickerIndex' successfully

2020-05-29 23:57:46 - [TEST_CASE][PASSED] - Test Cases/PFI Precision and Scale/PFI Components with Indexing/SelectTodayInDatePickerIndex: Test Cases/PFI Precision and Scale/PFI Components with Indexing/SelectTodayInDatePickerIndex

2020-05-29 23:57:46 - [TEST_STEP][PASSED] - Thread.sleep(1000): null

2020-05-29 23:57:47 - [TEST_STEP][PASSED] - DateFieldNm = modifyObjectProperty(findTestObject("Objects.HighlightElements/input_field_index"), "xpath", "equals", "(//*[contains(@class,'x-form-text') and (@name='" + FldNm + "')])[" + idx + "]", true): Modify property of object successfully

2020-05-29 23:57:47 - [MESSAGE][PASSED] - Modify property of object successfully

2020-05-29 23:57:47 - [TEST_STEP][PASSED] - TodayBtn = modifyObjectProperty(findTestObject("Object Repository/Objects.DateValidation/Page_ISPS2/a_Today"), "xpath", "equals", "(//*[text() = 'Today'])[" + index + "]", true): Modify property of object successfully

2020-05-29 23:57:47 - [MESSAGE][PASSED] - Modify property of object successfully

2020-05-29 23:57:47 - [TEST_STEP][PASSED] - sendKeys(DateFieldNm, Keys.chord(ARROW_DOWN)): Keys 'DOWN + ' sent to object: 'Object Repository/Objects.HighlightElements/input_field_index'

2020-05-29 23:57:48 - [MESSAGE][PASSED] - Keys 'DOWN + ' sent to object: 'Object Repository/Objects.HighlightElements/input_field_index'

2020-05-29 23:57:48 - [TEST_STEP][PASSED] - com.reusableComponents.HighlightElement.run(TodayBtn): com.reusableComponents.HighlightElement.run is PASSED

2020-05-29 23:57:49 - [MESSAGE][PASSED] - com.reusableComponents.HighlightElement.run is PASSED

2020-05-29 23:57:49 - [TEST_STEP][PASSED] - click(TodayBtn): Object: 'Object Repository/Objects.DateValidation/Page_ISPS2/a_Today' is clicked on

2020-05-29 23:57:49 - [MESSAGE][PASSED] - Object: 'Object Repository/Objects.DateValidation/Page_ISPS2/a_Today' is clicked on

2020-05-29 23:57:49 - [MESSAGE][PASSED] - Call Test Case 'Test Cases/PFI Precision and Scale/PFI Components with Indexing/SelectTodayInDatePickerIndex' successfully

2020-05-29 23:57:49 - [TEST_STEP][PASSED] - callTestCase(findTestCase("Components/SelectAllThenDeleteXPI"), ["nameToBeUsed":"orderDt", "index":1], STOP_ON_FAILURE): Call Test Case 'Test Cases/Components/SelectAllThenDeleteXPI' successfully

2020-05-29 23:57:49 - [TEST_CASE][PASSED] - Test Cases/Components/SelectAllThenDeleteXPI: Test Cases/Components/SelectAllThenDeleteXPI

2020-05-29 23:57:49 - [TEST_STEP][PASSED] - Thread.sleep(1000): null

2020-05-29 23:57:50 - [TEST_STEP][PASSED] - modifiedObj = modifyObjectProperty(findTestObject("Object Repository/Objects.HighlightElements/input_field_index"), "xpath", "equals", "(//*[contains(@name,'" + nameToBeUsed + "')])[" + index + "]", true): Modify property of object successfully

2020-05-29 23:57:50 - [MESSAGE][PASSED] - Modify property of object successfully

2020-05-29 23:57:50 - [TEST_STEP][PASSED] - focus(modifiedObj): Object: 'Object Repository/Objects.HighlightElements/input_field_index' is focused

2020-05-29 23:57:50 - [MESSAGE][PASSED] - Object: 'Object Repository/Objects.HighlightElements/input_field_index' is focused

2020-05-29 23:57:50 - [TEST_STEP][PASSED] - sendKeys(modifiedObj, Keys.chord(CONTROL, "a")): Keys 'CONTROL + a' sent to object: 'Object Repository/Objects.HighlightElements/input_field_index'

2020-05-29 23:57:51 - [MESSAGE][PASSED] - Keys 'CONTROL + a' sent to object: 'Object Repository/Objects.HighlightElements/input_field_index'

2020-05-29 23:57:51 - [TEST_STEP][PASSED] - sendKeys(modifiedObj, Keys.chord(DELETE)): Keys 'DELETE + ' sent to object: 'Object Repository/Objects.HighlightElements/input_field_index'

2020-05-29 23:57:51 - [MESSAGE][PASSED] - Keys 'DELETE + ' sent to object: 'Object Repository/Objects.HighlightElements/input_field_index'

2020-05-29 23:57:51 - [MESSAGE][PASSED] - Call Test Case 'Test Cases/Components/SelectAllThenDeleteXPI' successfully

2020-05-29 23:57:51 - [TEST_STEP][PASSED] - callTestCase(findTestCase("PFI Precision and Scale/PFI Components with Indexing/RequiredFieldValidationXPI"), ["nameToBeUsed":"orderDt", "index":1], STOP_ON_FAILURE): Call Test Case 'Test Cases/PFI Precision and Scale/PFI Components with Indexing/RequiredFieldValidationXPI' successfully

2020-05-29 23:57:51 - [TEST_CASE][PASSED] - Test Cases/PFI Precision and Scale/PFI Components with Indexing/RequiredFieldValidationXPI: Test Cases/PFI Precision and Scale/PFI Components with Indexing/RequiredFieldValidationXPI

2020-05-29 23:57:51 - [TEST_STEP][PASSED] - enableSmartWait(): null

2020-05-29 23:57:51 - [TEST_STEP][PASSED] - NewInputNmField = modifyObjectProperty(findTestObject("Objects.HighlightElements/input_field_index"), "xpath", "equals", "(//*[contains(@name,'" + nameToBeUsed + "')])[" + index + "]", true): Modify property of object successfully

2020-05-29 23:57:51 - [MESSAGE][PASSED] - Modify property of object successfully

2020-05-29 23:57:51 - [TEST_STEP][PASSED] - mouseOver(NewInputNmField): Object: 'Object Repository/Objects.HighlightElements/input_field_index' is hovered

2020-05-29 23:57:52 - [MESSAGE][PASSED] - Object: 'Object Repository/Objects.HighlightElements/input_field_index' is hovered

2020-05-29 23:57:52 - [TEST_STEP][PASSED] - getRqErrMsg = getAttribute(NewInputNmField, "data-errorqtip"): Attribute 'data-errorqtip' of object 'Object Repository/Objects.HighlightElements/input_field_index' is: '<ul class="x-list-plain"><li>This field is required</li></ul>'

2020-05-29 23:57:52 - [MESSAGE][PASSED] - Attribute 'data-errorqtip' of object 'Object Repository/Objects.HighlightElements/input_field_index' is: '<ul class="x-list-plain"><li>This field is required</li></ul>'

2020-05-29 23:57:52 - [TEST_STEP][PASSED] - strToolTip = getRqErrMsg.substring(29, 61): null

2020-05-29 23:57:52 - [TEST_STEP][PASSED] - toolTipReqErrMsg = strToolTip.substring(0, 22): null

2020-05-29 23:57:52 - [TEST_STEP][PASSED] - verifyMatch(toolTipReqErrMsg, RqField, true): Actual text 'This field is required' and expected text 'This field is required' are matched  using regular expression

2020-05-29 23:57:52 - [MESSAGE][PASSED] - Actual text 'This field is required' and expected text 'This field is required' are matched  using regular expression

2020-05-29 23:57:52 - [MESSAGE][PASSED] - Call Test Case 'Test Cases/PFI Precision and Scale/PFI Components with Indexing/RequiredFieldValidationXPI' successfully

2020-05-29 23:57:52 - [TEST_STEP][PASSED] - callTestCase(findTestCase("Components/HighlightLabelFieldXPI"), ["LblName":"Complaint Officer", "index":1], STOP_ON_FAILURE): Call Test Case 'Test Cases/Components/HighlightLabelFieldXPI' successfully

2020-05-29 23:57:52 - [TEST_CASE][PASSED] - Test Cases/Components/HighlightLabelFieldXPI: Test Cases/Components/HighlightLabelFieldXPI

2020-05-29 23:57:52 - [TEST_STEP][PASSED] - Thread.sleep(1000): null

2020-05-29 23:57:53 - [TEST_STEP][PASSED] - modifiedLblNm = modifyObjectProperty(findTestObject("Object Repository/Objects.HighlightElements/lblField_index"), "xpath", "equals", "(//*[contains(@class, 'x-form-item-label-inner x-form-item-label-inner-default') and contains(., '" + LblName + "')])[" + index + "]", true): Modify property of object successfully

2020-05-29 23:57:53 - [MESSAGE][PASSED] - Modify property of object successfully

2020-05-29 23:57:53 - [TEST_STEP][PASSED] - com.reusableComponents.HighlightElement.run(modifiedLblNm): com.reusableComponents.HighlightElement.run is PASSED

2020-05-29 23:57:54 - [MESSAGE][PASSED] - com.reusableComponents.HighlightElement.run is PASSED

2020-05-29 23:57:54 - [MESSAGE][PASSED] - Call Test Case 'Test Cases/Components/HighlightLabelFieldXPI' successfully

2020-05-29 23:57:54 - [TEST_STEP][PASSED] - callTestCase(findTestCase("Components/HighlightInputFieldXPI"), ["FldNm":"complaintOfficer", "index":1], STOP_ON_FAILURE): Call Test Case 'Test Cases/Components/HighlightInputFieldXPI' successfully

2020-05-29 23:57:54 - [TEST_CASE][PASSED] - Test Cases/Components/HighlightInputFieldXPI: Test Cases/Components/HighlightInputFieldXPI

2020-05-29 23:57:54 - [TEST_STEP][PASSED] - Thread.sleep(1000): null

2020-05-29 23:57:55 - [TEST_STEP][PASSED] - modifiedInputNm = modifyObjectProperty(findTestObject("Object Repository/Objects.HighlightElements/input_field_index"), "xpath", "equals", "(//*[contains(@name, '" + FldNm + "')])[" + index + "]", true): Modify property of object successfully

2020-05-29 23:57:55 - [MESSAGE][PASSED] - Modify property of object successfully

2020-05-29 23:57:55 - [TEST_STEP][PASSED] - com.reusableComponents.HighlightElement.run(modifiedInputNm): com.reusableComponents.HighlightElement.run is PASSED

2020-05-29 23:57:56 - [MESSAGE][PASSED] - com.reusableComponents.HighlightElement.run is PASSED

2020-05-29 23:57:56 - [MESSAGE][PASSED] - Call Test Case 'Test Cases/Components/HighlightInputFieldXPI' successfully

2020-05-29 23:57:56 - [TEST_STEP][PASSED] - callTestCase(findTestCase("PFI Precision and Scale/PFI Components with Indexing/VerifyDropdownValuesXPI"), ["FldNm":"complaintOfficer", "index":1, "CallTCName":"PFI Precision and Scale/HashMap Tables/OfficerLists", "cmbNm":"", "NoOfVal":1, ... ], STOP_ON_FAILURE): Call Test Case 'Test Cases/PFI Precision and Scale/PFI Components with Indexing/VerifyDropdownValuesXPI' successfully

2020-05-29 23:57:56 - [TEST_CASE][PASSED] - Test Cases/PFI Precision and Scale/PFI Components with Indexing/VerifyDropdownValuesXPI: Test Cases/PFI Precision and Scale/PFI Components with Indexing/VerifyDropdownValuesXPI

2020-05-29 23:57:56 - [TEST_STEP][PASSED] - Thread.sleep(1000): null

2020-05-29 23:57:57 - [TEST_STEP][PASSED] - NewInputNmField = modifyObjectProperty(findTestObject("Object Repository/Objects.HighlightElements/input_field_index"), "xpath", "equals", "(//*[contains(@name, '" + FldNm + "')])[" + index + "]", true): Modify property of object successfully

2020-05-29 23:57:57 - [MESSAGE][PASSED] - Modify property of object successfully

2020-05-29 23:57:57 - [TEST_STEP][PASSED] - comboNm = cmbNm: null

2020-05-29 23:57:57 - [TEST_STEP][PASSED] - focus(NewInputNmField): Object: 'Object Repository/Objects.HighlightElements/input_field_index' is focused

2020-05-29 23:57:57 - [MESSAGE][PASSED] - Object: 'Object Repository/Objects.HighlightElements/input_field_index' is focused

2020-05-29 23:57:57 - [TEST_STEP][PASSED] - setText(NewInputNmField, EnterValue): Text 'invalid' is set on object 'Object Repository/Objects.HighlightElements/input_field_index'

2020-05-29 23:57:58 - [MESSAGE][PASSED] - Text 'invalid' is set on object 'Object Repository/Objects.HighlightElements/input_field_index'

2020-05-29 23:57:58 - [TEST_STEP][PASSED] - for ([i = 1, i <= NoOfVal, (i++)]): Keys 'DOWN + ' sent to object: 'Object Repository/Objects.HighlightElements/input_field_index'

2020-05-29 23:57:58 - [TEST_STEP][PASSED] - sendKeys(NewInputNmField, Keys.chord(ARROW_DOWN)): Keys 'DOWN + ' sent to object: 'Object Repository/Objects.HighlightElements/input_field_index'

2020-05-29 23:57:58 - [MESSAGE][PASSED] - Keys 'DOWN + ' sent to object: 'Object Repository/Objects.HighlightElements/input_field_index'

2020-05-29 23:57:58 - [TEST_STEP][PASSED] - delay(DelayTime): Delayed 2 second(s)

2020-05-29 23:58:00 - [MESSAGE][PASSED] - Delayed 2 second(s)

2020-05-29 23:58:00 - [TEST_STEP][PASSED] - sendKeys(NewInputNmField, Keys.chord(ENTER)): Keys 'ENTER + ' sent to object: 'Object Repository/Objects.HighlightElements/input_field_index'

2020-05-29 23:58:00 - [MESSAGE][PASSED] - Keys 'ENTER + ' sent to object: 'Object Repository/Objects.HighlightElements/input_field_index'

2020-05-29 23:58:00 - [TEST_STEP][PASSED] - ComboBoxValue = getAttribute(NewInputNmField, "value"): Attribute 'value' of object 'Object Repository/Objects.HighlightElements/input_field_index' is: 'invalid'

2020-05-29 23:58:01 - [MESSAGE][PASSED] - Attribute 'value' of object 'Object Repository/Objects.HighlightElements/input_field_index' is: 'invalid'

2020-05-29 23:58:01 - [TEST_STEP][PASSED] - callTestCase(findTestCase(CallTCName), ["FindValue":ComboBoxValue, "DropdownNm":comboNm], STOP_ON_FAILURE): Call Test Case 'Test Cases/PFI Precision and Scale/HashMap Tables/OfficerLists' successfully

2020-05-29 23:58:01 - [TEST_CASE][PASSED] - Test Cases/PFI Precision and Scale/HashMap Tables/OfficerLists: Test Cases/PFI Precision and Scale/HashMap Tables/OfficerLists

2020-05-29 23:58:01 - [TEST_STEP][PASSED] - Thread.sleep(1000): null

2020-05-29 23:58:02 - [TEST_STEP][PASSED] - OfficerLists = [1:"Aaron Sham Wai Lun (AARON)", 2:"Azidah Bte Akmad (Mdm) (USAABD)", 3:"Chung Fong Nyen (USACFN)", 4:"David Tey Dah Wei (DAHWEI)", ... ]: null

2020-05-29 23:58:02 - [TEST_STEP][PASSED] - ValueFound = OfficerLists.find({ -> ... }): null

2020-05-29 23:58:02 - [MESSAGE][PASSED] - Call Test Case 'Test Cases/PFI Precision and Scale/HashMap Tables/OfficerLists' successfully

2020-05-29 23:58:02 - [TEST_STEP][PASSED] - println(ValueFound): null

2020-05-29 23:58:02 - [TEST_STEP][PASSED] - sendKeys(NewInputNmField, Keys.chord(ARROW_DOWN)): Keys 'DOWN + ' sent to object: 'Object Repository/Objects.HighlightElements/input_field_index'

2020-05-29 23:58:02 - [MESSAGE][PASSED] - Keys 'DOWN + ' sent to object: 'Object Repository/Objects.HighlightElements/input_field_index'

2020-05-29 23:58:02 - [TEST_STEP][PASSED] - sendKeys(NewInputNmField, Keys.chord(ENTER)): Keys 'ENTER + ' sent to object: 'Object Repository/Objects.HighlightElements/input_field_index'

2020-05-29 23:58:02 - [MESSAGE][PASSED] - Keys 'ENTER + ' sent to object: 'Object Repository/Objects.HighlightElements/input_field_index'

2020-05-29 23:58:02 - [MESSAGE][PASSED] - Call Test Case 'Test Cases/PFI Precision and Scale/PFI Components with Indexing/VerifyDropdownValuesXPI' successfully

2020-05-29 23:58:02 - [TEST_STEP][PASSED] - callTestCase(findTestCase("Components/SelectAllThenDeleteXPI"), ["nameToBeUsed":"complaintOfficer", "index":1], STOP_ON_FAILURE): Call Test Case 'Test Cases/Components/SelectAllThenDeleteXPI' successfully

2020-05-29 23:58:03 - [TEST_CASE][PASSED] - Test Cases/Components/SelectAllThenDeleteXPI: Test Cases/Components/SelectAllThenDeleteXPI

2020-05-29 23:58:03 - [TEST_STEP][PASSED] - Thread.sleep(1000): null

2020-05-29 23:58:04 - [TEST_STEP][PASSED] - modifiedObj = modifyObjectProperty(findTestObject("Object Repository/Objects.HighlightElements/input_field_index"), "xpath", "equals", "(//*[contains(@name,'" + nameToBeUsed + "')])[" + index + "]", true): Modify property of object successfully

2020-05-29 23:58:04 - [MESSAGE][PASSED] - Modify property of object successfully

2020-05-29 23:58:04 - [TEST_STEP][PASSED] - focus(modifiedObj): Object: 'Object Repository/Objects.HighlightElements/input_field_index' is focused

2020-05-29 23:58:04 - [MESSAGE][PASSED] - Object: 'Object Repository/Objects.HighlightElements/input_field_index' is focused

2020-05-29 23:58:04 - [TEST_STEP][PASSED] - sendKeys(modifiedObj, Keys.chord(CONTROL, "a")): Keys 'CONTROL + a' sent to object: 'Object Repository/Objects.HighlightElements/input_field_index'

2020-05-29 23:58:04 - [MESSAGE][PASSED] - Keys 'CONTROL + a' sent to object: 'Object Repository/Objects.HighlightElements/input_field_index'

2020-05-29 23:58:04 - [TEST_STEP][PASSED] - sendKeys(modifiedObj, Keys.chord(DELETE)): Keys 'DELETE + ' sent to object: 'Object Repository/Objects.HighlightElements/input_field_index'

2020-05-29 23:58:04 - [MESSAGE][PASSED] - Keys 'DELETE + ' sent to object: 'Object Repository/Objects.HighlightElements/input_field_index'

2020-05-29 23:58:04 - [MESSAGE][PASSED] - Call Test Case 'Test Cases/Components/SelectAllThenDeleteXPI' successfully

2020-05-29 23:58:04 - [TEST_STEP][PASSED] - callTestCase(findTestCase("PFI Precision and Scale/PFI Components with Indexing/VerifyDropdownValuesXPI"), ["FldNm":"complaintOfficer", "index":1, "CallTCName":"PFI Precision and Scale/HashMap Tables/OfficerLists", "cmbNm":"", "NoOfVal":1, ... ], STOP_ON_FAILURE): Call Test Case 'Test Cases/PFI Precision and Scale/PFI Components with Indexing/VerifyDropdownValuesXPI' successfully

2020-05-29 23:58:04 - [TEST_CASE][PASSED] - Test Cases/PFI Precision and Scale/PFI Components with Indexing/VerifyDropdownValuesXPI: Test Cases/PFI Precision and Scale/PFI Components with Indexing/VerifyDropdownValuesXPI

2020-05-29 23:58:04 - [TEST_STEP][PASSED] - Thread.sleep(1000): null

2020-05-29 23:58:05 - [TEST_STEP][PASSED] - NewInputNmField = modifyObjectProperty(findTestObject("Object Repository/Objects.HighlightElements/input_field_index"), "xpath", "equals", "(//*[contains(@name, '" + FldNm + "')])[" + index + "]", true): Modify property of object successfully

2020-05-29 23:58:05 - [MESSAGE][PASSED] - Modify property of object successfully

2020-05-29 23:58:05 - [TEST_STEP][PASSED] - comboNm = cmbNm: null

2020-05-29 23:58:05 - [TEST_STEP][PASSED] - focus(NewInputNmField): Object: 'Object Repository/Objects.HighlightElements/input_field_index' is focused

2020-05-29 23:58:06 - [MESSAGE][PASSED] - Object: 'Object Repository/Objects.HighlightElements/input_field_index' is focused

2020-05-29 23:58:06 - [TEST_STEP][PASSED] - setText(NewInputNmField, EnterValue): Text 'AARON' is set on object 'Object Repository/Objects.HighlightElements/input_field_index'

2020-05-29 23:58:06 - [MESSAGE][PASSED] - Text 'AARON' is set on object 'Object Repository/Objects.HighlightElements/input_field_index'

2020-05-29 23:58:06 - [TEST_STEP][PASSED] - for ([i = 1, i <= NoOfVal, (i++)]): Keys 'DOWN + ' sent to object: 'Object Repository/Objects.HighlightElements/input_field_index'

2020-05-29 23:58:06 - [TEST_STEP][PASSED] - sendKeys(NewInputNmField, Keys.chord(ARROW_DOWN)): Keys 'DOWN + ' sent to object: 'Object Repository/Objects.HighlightElements/input_field_index'

2020-05-29 23:58:07 - [MESSAGE][PASSED] - Keys 'DOWN + ' sent to object: 'Object Repository/Objects.HighlightElements/input_field_index'

2020-05-29 23:58:07 - [TEST_STEP][PASSED] - delay(DelayTime): Delayed 2 second(s)

2020-05-29 23:58:09 - [MESSAGE][PASSED] - Delayed 2 second(s)

2020-05-29 23:58:09 - [TEST_STEP][PASSED] - sendKeys(NewInputNmField, Keys.chord(ENTER)): Keys 'ENTER + ' sent to object: 'Object Repository/Objects.HighlightElements/input_field_index'

2020-05-29 23:58:09 - [MESSAGE][PASSED] - Keys 'ENTER + ' sent to object: 'Object Repository/Objects.HighlightElements/input_field_index'

2020-05-29 23:58:09 - [TEST_STEP][PASSED] - ComboBoxValue = getAttribute(NewInputNmField, "value"): Attribute 'value' of object 'Object Repository/Objects.HighlightElements/input_field_index' is: 'Aaron Sham Wai Lun (AARON)'

2020-05-29 23:58:09 - [MESSAGE][PASSED] - Attribute 'value' of object 'Object Repository/Objects.HighlightElements/input_field_index' is: 'Aaron Sham Wai Lun (AARON)'

2020-05-29 23:58:09 - [TEST_STEP][PASSED] - callTestCase(findTestCase(CallTCName), ["FindValue":ComboBoxValue, "DropdownNm":comboNm], STOP_ON_FAILURE): Call Test Case 'Test Cases/PFI Precision and Scale/HashMap Tables/OfficerLists' successfully

2020-05-29 23:58:09 - [TEST_CASE][PASSED] - Test Cases/PFI Precision and Scale/HashMap Tables/OfficerLists: Test Cases/PFI Precision and Scale/HashMap Tables/OfficerLists

2020-05-29 23:58:09 - [TEST_STEP][PASSED] - Thread.sleep(1000): null

2020-05-29 23:58:10 - [TEST_STEP][PASSED] - OfficerLists = [1:"Aaron Sham Wai Lun (AARON)", 2:"Azidah Bte Akmad (Mdm) (USAABD)", 3:"Chung Fong Nyen (USACFN)", 4:"David Tey Dah Wei (DAHWEI)", ... ]: null

2020-05-29 23:58:10 - [TEST_STEP][PASSED] - ValueFound = OfficerLists.find({ -> ... }): null

2020-05-29 23:58:10 - [MESSAGE][PASSED] - Call Test Case 'Test Cases/PFI Precision and Scale/HashMap Tables/OfficerLists' successfully

2020-05-29 23:58:10 - [TEST_STEP][PASSED] - println(ValueFound): null

2020-05-29 23:58:10 - [TEST_STEP][PASSED] - sendKeys(NewInputNmField, Keys.chord(ARROW_DOWN)): Keys 'DOWN + ' sent to object: 'Object Repository/Objects.HighlightElements/input_field_index'

2020-05-29 23:58:11 - [MESSAGE][PASSED] - Keys 'DOWN + ' sent to object: 'Object Repository/Objects.HighlightElements/input_field_index'

2020-05-29 23:58:11 - [TEST_STEP][PASSED] - sendKeys(NewInputNmField, Keys.chord(ENTER)): Keys 'ENTER + ' sent to object: 'Object Repository/Objects.HighlightElements/input_field_index'

2020-05-29 23:58:11 - [MESSAGE][PASSED] - Keys 'ENTER + ' sent to object: 'Object Repository/Objects.HighlightElements/input_field_index'

2020-05-29 23:58:11 - [MESSAGE][PASSED] - Call Test Case 'Test Cases/PFI Precision and Scale/PFI Components with Indexing/VerifyDropdownValuesXPI' successfully

2020-05-29 23:58:11 - [TEST_STEP][PASSED] - callTestCase(findTestCase("Components/SelectAllThenDeleteXPI"), ["nameToBeUsed":"complaintOfficer", "index":1], STOP_ON_FAILURE): Call Test Case 'Test Cases/Components/SelectAllThenDeleteXPI' successfully

2020-05-29 23:58:11 - [TEST_CASE][PASSED] - Test Cases/Components/SelectAllThenDeleteXPI: Test Cases/Components/SelectAllThenDeleteXPI

2020-05-29 23:58:11 - [TEST_STEP][PASSED] - Thread.sleep(1000): null

2020-05-29 23:58:12 - [TEST_STEP][PASSED] - modifiedObj = modifyObjectProperty(findTestObject("Object Repository/Objects.HighlightElements/input_field_index"), "xpath", "equals", "(//*[contains(@name,'" + nameToBeUsed + "')])[" + index + "]", true): Modify property of object successfully

2020-05-29 23:58:12 - [MESSAGE][PASSED] - Modify property of object successfully

2020-05-29 23:58:12 - [TEST_STEP][PASSED] - focus(modifiedObj): Object: 'Object Repository/Objects.HighlightElements/input_field_index' is focused

2020-05-29 23:58:13 - [MESSAGE][PASSED] - Object: 'Object Repository/Objects.HighlightElements/input_field_index' is focused

2020-05-29 23:58:13 - [TEST_STEP][PASSED] - sendKeys(modifiedObj, Keys.chord(CONTROL, "a")): Keys 'CONTROL + a' sent to object: 'Object Repository/Objects.HighlightElements/input_field_index'

2020-05-29 23:58:13 - [MESSAGE][PASSED] - Keys 'CONTROL + a' sent to object: 'Object Repository/Objects.HighlightElements/input_field_index'

2020-05-29 23:58:13 - [TEST_STEP][PASSED] - sendKeys(modifiedObj, Keys.chord(DELETE)): Keys 'DELETE + ' sent to object: 'Object Repository/Objects.HighlightElements/input_field_index'

2020-05-29 23:58:13 - [MESSAGE][PASSED] - Keys 'DELETE + ' sent to object: 'Object Repository/Objects.HighlightElements/input_field_index'

2020-05-29 23:58:13 - [MESSAGE][PASSED] - Call Test Case 'Test Cases/Components/SelectAllThenDeleteXPI' successfully

2020-05-29 23:58:13 - [TEST_STEP][PASSED] - callTestCase(findTestCase("PFI Precision and Scale/PFI Components with Indexing/VerifyDropdownValuesXPI"), ["FldNm":"complaintOfficer", "index":1, "CallTCName":"PFI Precision and Scale/HashMap Tables/OfficerLists", "cmbNm":"", "NoOfVal":1, ... ], STOP_ON_FAILURE): Call Test Case 'Test Cases/PFI Precision and Scale/PFI Components with Indexing/VerifyDropdownValuesXPI' successfully

2020-05-29 23:58:13 - [TEST_CASE][PASSED] - Test Cases/PFI Precision and Scale/PFI Components with Indexing/VerifyDropdownValuesXPI: Test Cases/PFI Precision and Scale/PFI Components with Indexing/VerifyDropdownValuesXPI

2020-05-29 23:58:13 - [TEST_STEP][PASSED] - Thread.sleep(1000): null

2020-05-29 23:58:14 - [TEST_STEP][PASSED] - NewInputNmField = modifyObjectProperty(findTestObject("Object Repository/Objects.HighlightElements/input_field_index"), "xpath", "equals", "(//*[contains(@name, '" + FldNm + "')])[" + index + "]", true): Modify property of object successfully

2020-05-29 23:58:14 - [MESSAGE][PASSED] - Modify property of object successfully

2020-05-29 23:58:14 - [TEST_STEP][PASSED] - comboNm = cmbNm: null

2020-05-29 23:58:14 - [TEST_STEP][PASSED] - focus(NewInputNmField): Object: 'Object Repository/Objects.HighlightElements/input_field_index' is focused

2020-05-29 23:58:15 - [MESSAGE][PASSED] - Object: 'Object Repository/Objects.HighlightElements/input_field_index' is focused

2020-05-29 23:58:15 - [TEST_STEP][PASSED] - setText(NewInputNmField, EnterValue): Text 'Christopher ANG' is set on object 'Object Repository/Objects.HighlightElements/input_field_index'

2020-05-29 23:58:15 - [MESSAGE][PASSED] - Text 'Christopher ANG' is set on object 'Object Repository/Objects.HighlightElements/input_field_index'

2020-05-29 23:58:15 - [TEST_STEP][PASSED] - for ([i = 1, i <= NoOfVal, (i++)]): Keys 'DOWN + ' sent to object: 'Object Repository/Objects.HighlightElements/input_field_index'

2020-05-29 23:58:15 - [TEST_STEP][PASSED] - sendKeys(NewInputNmField, Keys.chord(ARROW_DOWN)): Keys 'DOWN + ' sent to object: 'Object Repository/Objects.HighlightElements/input_field_index'

2020-05-29 23:58:16 - [MESSAGE][PASSED] - Keys 'DOWN + ' sent to object: 'Object Repository/Objects.HighlightElements/input_field_index'

2020-05-29 23:58:16 - [TEST_STEP][PASSED] - delay(DelayTime): Delayed 2 second(s)

2020-05-29 23:58:18 - [MESSAGE][PASSED] - Delayed 2 second(s)

2020-05-29 23:58:18 - [TEST_STEP][PASSED] - sendKeys(NewInputNmField, Keys.chord(ENTER)): Keys 'ENTER + ' sent to object: 'Object Repository/Objects.HighlightElements/input_field_index'

2020-05-29 23:58:18 - [MESSAGE][PASSED] - Keys 'ENTER + ' sent to object: 'Object Repository/Objects.HighlightElements/input_field_index'

2020-05-29 23:58:18 - [TEST_STEP][PASSED] - ComboBoxValue = getAttribute(NewInputNmField, "value"): Attribute 'value' of object 'Object Repository/Objects.HighlightElements/input_field_index' is: 'Christopher ANG'

2020-05-29 23:58:18 - [MESSAGE][PASSED] - Attribute 'value' of object 'Object Repository/Objects.HighlightElements/input_field_index' is: 'Christopher ANG'

2020-05-29 23:58:18 - [TEST_STEP][PASSED] - callTestCase(findTestCase(CallTCName), ["FindValue":ComboBoxValue, "DropdownNm":comboNm], STOP_ON_FAILURE): Call Test Case 'Test Cases/PFI Precision and Scale/HashMap Tables/OfficerLists' successfully

2020-05-29 23:58:18 - [TEST_CASE][PASSED] - Test Cases/PFI Precision and Scale/HashMap Tables/OfficerLists: Test Cases/PFI Precision and Scale/HashMap Tables/OfficerLists

2020-05-29 23:58:18 - [TEST_STEP][PASSED] - Thread.sleep(1000): null

2020-05-29 23:58:19 - [TEST_STEP][PASSED] - OfficerLists = [1:"Aaron Sham Wai Lun (AARON)", 2:"Azidah Bte Akmad (Mdm) (USAABD)", 3:"Chung Fong Nyen (USACFN)", 4:"David Tey Dah Wei (DAHWEI)", ... ]: null

2020-05-29 23:58:19 - [TEST_STEP][PASSED] - ValueFound = OfficerLists.find({ -> ... }): null

2020-05-29 23:58:19 - [MESSAGE][PASSED] - Call Test Case 'Test Cases/PFI Precision and Scale/HashMap Tables/OfficerLists' successfully

2020-05-29 23:58:19 - [TEST_STEP][PASSED] - println(ValueFound): null

2020-05-29 23:58:19 - [TEST_STEP][PASSED] - sendKeys(NewInputNmField, Keys.chord(ARROW_DOWN)): Keys 'DOWN + ' sent to object: 'Object Repository/Objects.HighlightElements/input_field_index'

2020-05-29 23:58:19 - [MESSAGE][PASSED] - Keys 'DOWN + ' sent to object: 'Object Repository/Objects.HighlightElements/input_field_index'

2020-05-29 23:58:19 - [TEST_STEP][PASSED] - sendKeys(NewInputNmField, Keys.chord(ENTER)): Keys 'ENTER + ' sent to object: 'Object Repository/Objects.HighlightElements/input_field_index'

2020-05-29 23:58:20 - [MESSAGE][PASSED] - Keys 'ENTER + ' sent to object: 'Object Repository/Objects.HighlightElements/input_field_index'

2020-05-29 23:58:20 - [MESSAGE][PASSED] - Call Test Case 'Test Cases/PFI Precision and Scale/PFI Components with Indexing/VerifyDropdownValuesXPI' successfully

2020-05-29 23:58:20 - [TEST_STEP][PASSED] - callTestCase(findTestCase("Components/SelectAllThenDeleteXPI"), ["nameToBeUsed":"complaintOfficer", "index":1], STOP_ON_FAILURE): Call Test Case 'Test Cases/Components/SelectAllThenDeleteXPI' successfully

2020-05-29 23:58:20 - [TEST_CASE][PASSED] - Test Cases/Components/SelectAllThenDeleteXPI: Test Cases/Components/SelectAllThenDeleteXPI

2020-05-29 23:58:20 - [TEST_STEP][PASSED] - Thread.sleep(1000): null

2020-05-29 23:58:21 - [TEST_STEP][PASSED] - modifiedObj = modifyObjectProperty(findTestObject("Object Repository/Objects.HighlightElements/input_field_index"), "xpath", "equals", "(//*[contains(@name,'" + nameToBeUsed + "')])[" + index + "]", true): Modify property of object successfully

2020-05-29 23:58:21 - [MESSAGE][PASSED] - Modify property of object successfully

2020-05-29 23:58:21 - [TEST_STEP][PASSED] - focus(modifiedObj): Object: 'Object Repository/Objects.HighlightElements/input_field_index' is focused

2020-05-29 23:58:21 - [MESSAGE][PASSED] - Object: 'Object Repository/Objects.HighlightElements/input_field_index' is focused

2020-05-29 23:58:21 - [TEST_STEP][PASSED] - sendKeys(modifiedObj, Keys.chord(CONTROL, "a")): Keys 'CONTROL + a' sent to object: 'Object Repository/Objects.HighlightElements/input_field_index'

2020-05-29 23:58:22 - [MESSAGE][PASSED] - Keys 'CONTROL + a' sent to object: 'Object Repository/Objects.HighlightElements/input_field_index'

2020-05-29 23:58:22 - [TEST_STEP][PASSED] - sendKeys(modifiedObj, Keys.chord(DELETE)): Keys 'DELETE + ' sent to object: 'Object Repository/Objects.HighlightElements/input_field_index'

2020-05-29 23:58:22 - [MESSAGE][PASSED] - Keys 'DELETE + ' sent to object: 'Object Repository/Objects.HighlightElements/input_field_index'

2020-05-29 23:58:22 - [MESSAGE][PASSED] - Call Test Case 'Test Cases/Components/SelectAllThenDeleteXPI' successfully

2020-05-29 23:58:22 - [TEST_STEP][PASSED] - callTestCase(findTestCase("Components/SelectAllThenDeleteXPI"), ["nameToBeUsed":"complaintOfficer", "index":1], STOP_ON_FAILURE): Call Test Case 'Test Cases/Components/SelectAllThenDeleteXPI' successfully

2020-05-29 23:58:22 - [TEST_CASE][PASSED] - Test Cases/Components/SelectAllThenDeleteXPI: Test Cases/Components/SelectAllThenDeleteXPI

2020-05-29 23:58:22 - [TEST_STEP][PASSED] - Thread.sleep(1000): null

2020-05-29 23:58:23 - [TEST_STEP][PASSED] - modifiedObj = modifyObjectProperty(findTestObject("Object Repository/Objects.HighlightElements/input_field_index"), "xpath", "equals", "(//*[contains(@name,'" + nameToBeUsed + "')])[" + index + "]", true): Modify property of object successfully

2020-05-29 23:58:23 - [MESSAGE][PASSED] - Modify property of object successfully

2020-05-29 23:58:23 - [TEST_STEP][PASSED] - focus(modifiedObj): Object: 'Object Repository/Objects.HighlightElements/input_field_index' is focused

2020-05-29 23:58:23 - [MESSAGE][PASSED] - Object: 'Object Repository/Objects.HighlightElements/input_field_index' is focused

2020-05-29 23:58:23 - [TEST_STEP][PASSED] - sendKeys(modifiedObj, Keys.chord(CONTROL, "a")): Keys 'CONTROL + a' sent to object: 'Object Repository/Objects.HighlightElements/input_field_index'

2020-05-29 23:58:24 - [MESSAGE][PASSED] - Keys 'CONTROL + a' sent to object: 'Object Repository/Objects.HighlightElements/input_field_index'

2020-05-29 23:58:24 - [TEST_STEP][PASSED] - sendKeys(modifiedObj, Keys.chord(DELETE)): Keys 'DELETE + ' sent to object: 'Object Repository/Objects.HighlightElements/input_field_index'

2020-05-29 23:58:24 - [MESSAGE][PASSED] - Keys 'DELETE + ' sent to object: 'Object Repository/Objects.HighlightElements/input_field_index'

2020-05-29 23:58:24 - [MESSAGE][PASSED] - Call Test Case 'Test Cases/Components/SelectAllThenDeleteXPI' successfully

2020-05-29 23:58:24 - [TEST_STEP][PASSED] - callTestCase(findTestCase("PFI Precision and Scale/PFI Components with Indexing/RequiredFieldValidationXPI"), ["nameToBeUsed":"complaintOfficer", "index":1], STOP_ON_FAILURE): Call Test Case 'Test Cases/PFI Precision and Scale/PFI Components with Indexing/RequiredFieldValidationXPI' successfully

2020-05-29 23:58:24 - [TEST_CASE][PASSED] - Test Cases/PFI Precision and Scale/PFI Components with Indexing/RequiredFieldValidationXPI: Test Cases/PFI Precision and Scale/PFI Components with Indexing/RequiredFieldValidationXPI

2020-05-29 23:58:24 - [TEST_STEP][PASSED] - enableSmartWait(): null

2020-05-29 23:58:24 - [TEST_STEP][PASSED] - NewInputNmField = modifyObjectProperty(findTestObject("Objects.HighlightElements/input_field_index"), "xpath", "equals", "(//*[contains(@name,'" + nameToBeUsed + "')])[" + index + "]", true): Modify property of object successfully

2020-05-29 23:58:24 - [MESSAGE][PASSED] - Modify property of object successfully

2020-05-29 23:58:24 - [TEST_STEP][PASSED] - mouseOver(NewInputNmField): Object: 'Object Repository/Objects.HighlightElements/input_field_index' is hovered

2020-05-29 23:58:24 - [MESSAGE][PASSED] - Object: 'Object Repository/Objects.HighlightElements/input_field_index' is hovered

2020-05-29 23:58:24 - [TEST_STEP][PASSED] - getRqErrMsg = getAttribute(NewInputNmField, "data-errorqtip"): Attribute 'data-errorqtip' of object 'Object Repository/Objects.HighlightElements/input_field_index' is: '<ul class="x-list-plain"><li>This field is required</li></ul>'

2020-05-29 23:58:25 - [MESSAGE][PASSED] - Attribute 'data-errorqtip' of object 'Object Repository/Objects.HighlightElements/input_field_index' is: '<ul class="x-list-plain"><li>This field is required</li></ul>'

2020-05-29 23:58:25 - [TEST_STEP][PASSED] - strToolTip = getRqErrMsg.substring(29, 61): null

2020-05-29 23:58:25 - [TEST_STEP][PASSED] - toolTipReqErrMsg = strToolTip.substring(0, 22): null

2020-05-29 23:58:25 - [TEST_STEP][PASSED] - verifyMatch(toolTipReqErrMsg, RqField, true): Actual text 'This field is required' and expected text 'This field is required' are matched  using regular expression

2020-05-29 23:58:25 - [MESSAGE][PASSED] - Actual text 'This field is required' and expected text 'This field is required' are matched  using regular expression

2020-05-29 23:58:25 - [MESSAGE][PASSED] - Call Test Case 'Test Cases/PFI Precision and Scale/PFI Components with Indexing/RequiredFieldValidationXPI' successfully

2020-05-29 23:58:25 - [TEST_STEP][PASSED] - callTestCase(findTestCase("Components/HighlightLabelFieldXPI"), ["LblName":"Case/Group Description", "index":1], STOP_ON_FAILURE): Call Test Case 'Test Cases/Components/HighlightLabelFieldXPI' successfully

2020-05-29 23:58:25 - [TEST_CASE][PASSED] - Test Cases/Components/HighlightLabelFieldXPI: Test Cases/Components/HighlightLabelFieldXPI

2020-05-29 23:58:25 - [TEST_STEP][PASSED] - Thread.sleep(1000): null

2020-05-29 23:58:26 - [TEST_STEP][PASSED] - modifiedLblNm = modifyObjectProperty(findTestObject("Object Repository/Objects.HighlightElements/lblField_index"), "xpath", "equals", "(//*[contains(@class, 'x-form-item-label-inner x-form-item-label-inner-default') and contains(., '" + LblName + "')])[" + index + "]", true): Modify property of object successfully

2020-05-29 23:58:26 - [MESSAGE][PASSED] - Modify property of object successfully

2020-05-29 23:58:26 - [TEST_STEP][PASSED] - com.reusableComponents.HighlightElement.run(modifiedLblNm): com.reusableComponents.HighlightElement.run is PASSED

2020-05-29 23:58:26 - [MESSAGE][PASSED] - com.reusableComponents.HighlightElement.run is PASSED

2020-05-29 23:58:26 - [MESSAGE][PASSED] - Call Test Case 'Test Cases/Components/HighlightLabelFieldXPI' successfully

2020-05-29 23:58:26 - [TEST_STEP][PASSED] - callTestCase(findTestCase("Components/HighlightInputFieldXPI"), ["FldNm":"caseGrpDesc", "index":1], STOP_ON_FAILURE): Call Test Case 'Test Cases/Components/HighlightInputFieldXPI' successfully

2020-05-29 23:58:26 - [TEST_CASE][PASSED] - Test Cases/Components/HighlightInputFieldXPI: Test Cases/Components/HighlightInputFieldXPI

2020-05-29 23:58:26 - [TEST_STEP][PASSED] - Thread.sleep(1000): null

2020-05-29 23:58:27 - [TEST_STEP][PASSED] - modifiedInputNm = modifyObjectProperty(findTestObject("Object Repository/Objects.HighlightElements/input_field_index"), "xpath", "equals", "(//*[contains(@name, '" + FldNm + "')])[" + index + "]", true): Modify property of object successfully

2020-05-29 23:58:27 - [MESSAGE][PASSED] - Modify property of object successfully

2020-05-29 23:58:27 - [TEST_STEP][PASSED] - com.reusableComponents.HighlightElement.run(modifiedInputNm): com.reusableComponents.HighlightElement.run is PASSED

2020-05-29 23:58:28 - [MESSAGE][PASSED] - com.reusableComponents.HighlightElement.run is PASSED

2020-05-29 23:58:28 - [MESSAGE][PASSED] - Call Test Case 'Test Cases/Components/HighlightInputFieldXPI' successfully

2020-05-29 23:58:28 - [TEST_STEP][PASSED] - callTestCase(findTestCase("PFI Precision and Scale/PFI Components with Indexing/VerifyDefaultValueIndex"), ["FieldNm":"caseGrpDesc", "index":1, "labelNm":"Group Description:", "i":1], STOP_ON_FAILURE): Call Test Case 'Test Cases/PFI Precision and Scale/PFI Components with Indexing/VerifyDefaultValueIndex' successfully

2020-05-29 23:58:28 - [TEST_CASE][PASSED] - Test Cases/PFI Precision and Scale/PFI Components with Indexing/VerifyDefaultValueIndex: Test Cases/PFI Precision and Scale/PFI Components with Indexing/VerifyDefaultValueIndex

2020-05-29 23:58:28 - [TEST_STEP][PASSED] - Thread.sleep(1000): null

2020-05-29 23:58:29 - [TEST_STEP][PASSED] - NewFieldNm = modifyObjectProperty(findTestObject("Object Repository/Objects.HighlightElements/input_field_index"), "xpath", "equals", "(//*[contains(@name,'" + FieldNm + "')])[" + index + "]", true): Modify property of object successfully

2020-05-29 23:58:29 - [MESSAGE][PASSED] - Modify property of object successfully

2020-05-29 23:58:29 - [TEST_STEP][PASSED] - focus(NewFieldNm): Object: 'Object Repository/Objects.HighlightElements/input_field_index' is focused

2020-05-29 23:58:30 - [MESSAGE][PASSED] - Object: 'Object Repository/Objects.HighlightElements/input_field_index' is focused

2020-05-29 23:58:30 - [TEST_STEP][PASSED] - DefVal = getAttribute(NewFieldNm, "value", STOP_ON_FAILURE): Attribute 'value' of object 'Object Repository/Objects.HighlightElements/input_field_index' is: '2029 BUKIT BATOK STREET 23'

2020-05-29 23:58:30 - [MESSAGE][PASSED] - Attribute 'value' of object 'Object Repository/Objects.HighlightElements/input_field_index' is: '2029 BUKIT BATOK STREET 23'

2020-05-29 23:58:30 - [TEST_STEP][PASSED] - switch (FieldNm): null

2020-05-29 23:58:30 - [TEST_STEP][PASSED] - case "caseGrpDesc":: null

2020-05-29 23:58:30 - [TEST_STEP][PASSED] - callTestCase(findTestCase("Components/NavigateToAnyLHS"), ["LHS":"Summary"], STOP_ON_FAILURE): Call Test Case 'Test Cases/Components/NavigateToAnyLHS' successfully

2020-05-29 23:58:30 - [TEST_CASE][PASSED] - Test Cases/Components/NavigateToAnyLHS: Test Cases/Components/NavigateToAnyLHS

2020-05-29 23:58:30 - [TEST_STEP][PASSED] - Thread.sleep(1000): null

2020-05-29 23:58:31 - [TEST_STEP][PASSED] - modifiedLHS = modifyObjectProperty(findTestObject("Objects.NavigateToAnyLHS/Page_ISPS2/LHSToModify"), "text", "equals", LHS, true): Modify property of object successfully

2020-05-29 23:58:31 - [MESSAGE][PASSED] - Modify property of object successfully

2020-05-29 23:58:31 - [TEST_STEP][PASSED] - click(modifiedLHS): Object: 'Object Repository/Objects.NavigateToAnyLHS/Page_ISPS2/LHSToModify' is clicked on

2020-05-29 23:58:31 - [MESSAGE][PASSED] - Object: 'Object Repository/Objects.NavigateToAnyLHS/Page_ISPS2/LHSToModify' is clicked on

2020-05-29 23:58:31 - [TEST_STEP][PASSED] - currentLHS = getText(modifiedLHS): Text of object 'Object Repository/Objects.NavigateToAnyLHS/Page_ISPS2/LHSToModify' is: 'Summary'

2020-05-29 23:58:42 - [MESSAGE][PASSED] - Text of object 'Object Repository/Objects.NavigateToAnyLHS/Page_ISPS2/LHSToModify' is: 'Summary'

2020-05-29 23:58:42 - [TEST_STEP][PASSED] - Thread.sleep(5000): null

2020-05-29 23:58:47 - [MESSAGE][PASSED] - Call Test Case 'Test Cases/Components/NavigateToAnyLHS' successfully

2020-05-29 23:58:47 - [TEST_STEP][PASSED] - modifiedLabelFld = modifyObjectProperty(NewFieldNm, "xpath", "equals", "//*[text()='" + labelNm + "']//following::div[" + i + "]", true): Modify property of object successfully

2020-05-29 23:58:47 - [MESSAGE][PASSED] - Modify property of object successfully

2020-05-29 23:58:47 - [TEST_STEP][PASSED] - GrpDesc = getText(modifiedLabelFld): Text of object 'Object Repository/Objects.HighlightElements/input_field_index' is: '2029 BUKIT BATOK STREET 23'

2020-05-29 23:58:47 - [MESSAGE][PASSED] - Text of object 'Object Repository/Objects.HighlightElements/input_field_index' is: '2029 BUKIT BATOK STREET 23'

2020-05-29 23:58:47 - [TEST_STEP][PASSED] - com.reusableComponents.HighlightElement.run(modifiedLabelFld): com.reusableComponents.HighlightElement.run is PASSED

2020-05-29 23:58:48 - [MESSAGE][PASSED] - com.reusableComponents.HighlightElement.run is PASSED

2020-05-29 23:58:48 - [TEST_STEP][PASSED] - verifyMatch(DefVal, GrpDesc, true): Actual text '2029 BUKIT BATOK STREET 23' and expected text '2029 BUKIT BATOK STREET 23' are matched  using regular expression

2020-05-29 23:58:48 - [MESSAGE][PASSED] - Actual text '2029 BUKIT BATOK STREET 23' and expected text '2029 BUKIT BATOK STREET 23' are matched  using regular expression

2020-05-29 23:58:48 - [TEST_STEP][PASSED] - callTestCase(findTestCase("Components/NavigateToAnyLHS"), ["LHS":"Court Actions"], STOP_ON_FAILURE): Call Test Case 'Test Cases/Components/NavigateToAnyLHS' successfully

2020-05-29 23:58:48 - [TEST_CASE][PASSED] - Test Cases/Components/NavigateToAnyLHS: Test Cases/Components/NavigateToAnyLHS

2020-05-29 23:58:48 - [TEST_STEP][PASSED] - Thread.sleep(1000): null

2020-05-29 23:58:49 - [TEST_STEP][PASSED] - modifiedLHS = modifyObjectProperty(findTestObject("Objects.NavigateToAnyLHS/Page_ISPS2/LHSToModify"), "text", "equals", LHS, true): Modify property of object successfully

2020-05-29 23:58:49 - [MESSAGE][PASSED] - Modify property of object successfully

2020-05-29 23:58:49 - [TEST_STEP][PASSED] - click(modifiedLHS): Object: 'Object Repository/Objects.NavigateToAnyLHS/Page_ISPS2/LHSToModify' is clicked on

2020-05-29 23:58:49 - [MESSAGE][PASSED] - Object: 'Object Repository/Objects.NavigateToAnyLHS/Page_ISPS2/LHSToModify' is clicked on

2020-05-29 23:58:49 - [TEST_STEP][PASSED] - currentLHS = getText(modifiedLHS): Text of object 'Object Repository/Objects.NavigateToAnyLHS/Page_ISPS2/LHSToModify' is: 'Court Actions'

2020-05-29 23:58:53 - [MESSAGE][PASSED] - Text of object 'Object Repository/Objects.NavigateToAnyLHS/Page_ISPS2/LHSToModify' is: 'Court Actions'

2020-05-29 23:58:53 - [TEST_STEP][PASSED] - Thread.sleep(5000): null

2020-05-29 23:58:58 - [MESSAGE][PASSED] - Call Test Case 'Test Cases/Components/NavigateToAnyLHS' successfully

2020-05-29 23:58:58 - [TEST_STEP][PASSED] - break: null

2020-05-29 23:58:58 - [MESSAGE][PASSED] - Call Test Case 'Test Cases/PFI Precision and Scale/PFI Components with Indexing/VerifyDefaultValueIndex' successfully

2020-05-29 23:58:58 - [TEST_STEP][PASSED] - callTestCase(findTestCase("Components/SelectAllThenDeleteXPI"), ["nameToBeUsed":"caseGrpDesc", "index":1], STOP_ON_FAILURE): Call Test Case 'Test Cases/Components/SelectAllThenDeleteXPI' successfully

2020-05-29 23:58:58 - [TEST_CASE][PASSED] - Test Cases/Components/SelectAllThenDeleteXPI: Test Cases/Components/SelectAllThenDeleteXPI

2020-05-29 23:58:58 - [TEST_STEP][PASSED] - Thread.sleep(1000): null

2020-05-29 23:58:59 - [TEST_STEP][PASSED] - modifiedObj = modifyObjectProperty(findTestObject("Object Repository/Objects.HighlightElements/input_field_index"), "xpath", "equals", "(//*[contains(@name,'" + nameToBeUsed + "')])[" + index + "]", true): Modify property of object successfully

2020-05-29 23:59:00 - [MESSAGE][PASSED] - Modify property of object successfully

2020-05-29 23:59:00 - [TEST_STEP][PASSED] - focus(modifiedObj): Object: 'Object Repository/Objects.HighlightElements/input_field_index' is focused

2020-05-29 23:59:00 - [MESSAGE][PASSED] - Object: 'Object Repository/Objects.HighlightElements/input_field_index' is focused

2020-05-29 23:59:00 - [TEST_STEP][PASSED] - sendKeys(modifiedObj, Keys.chord(CONTROL, "a")): Keys 'CONTROL + a' sent to object: 'Object Repository/Objects.HighlightElements/input_field_index'

2020-05-29 23:59:00 - [MESSAGE][PASSED] - Keys 'CONTROL + a' sent to object: 'Object Repository/Objects.HighlightElements/input_field_index'

2020-05-29 23:59:00 - [TEST_STEP][PASSED] - sendKeys(modifiedObj, Keys.chord(DELETE)): Keys 'DELETE + ' sent to object: 'Object Repository/Objects.HighlightElements/input_field_index'

2020-05-29 23:59:00 - [MESSAGE][PASSED] - Keys 'DELETE + ' sent to object: 'Object Repository/Objects.HighlightElements/input_field_index'

2020-05-29 23:59:00 - [MESSAGE][PASSED] - Call Test Case 'Test Cases/Components/SelectAllThenDeleteXPI' successfully

2020-05-29 23:59:00 - [TEST_STEP][PASSED] - callTestCase(findTestCase("PFI Precision and Scale/PFI Components with Indexing/AlphaNumericSpecialValidationIndex"), ["FldNm":"caseGrpDesc", "LenChar":10, "index":1], STOP_ON_FAILURE): Call Test Case 'Test Cases/PFI Precision and Scale/PFI Components with Indexing/AlphaNumericSpecialValidationIndex' successfully

2020-05-29 23:59:00 - [TEST_CASE][PASSED] - Test Cases/PFI Precision and Scale/PFI Components with Indexing/AlphaNumericSpecialValidationIndex: Test Cases/PFI Precision and Scale/PFI Components with Indexing/AlphaNumericSpecialValidationIndex

2020-05-29 23:59:00 - [TEST_STEP][PASSED] - charset = /?><"".join(): null

2020-05-29 23:59:00 - [TEST_STEP][PASSED] - AlphaNumeric = 9).join(): null

2020-05-29 23:59:00 - [TEST_STEP][PASSED] - SpecialChar = "`~!@#$%^&*()-=+_{}|\][;'":,./?><"": null

2020-05-29 23:59:00 - [TEST_STEP][PASSED] - RandomString = RandomStringUtils.random(LenChar, AlphaNumeric.toCharArray()): null

2020-05-29 23:59:00 - [TEST_STEP][PASSED] - RdmSpChar = RandomStringUtils.random(LenChar, SpecialChar): null

2020-05-29 23:59:00 - [TEST_STEP][PASSED] - regexPat = Pattern.compile("^[A-Za-z0-9 ]+$"): null

2020-05-29 23:59:00 - [TEST_STEP][PASSED] - NewInputNmField = modifyObjectProperty(findTestObject("Object Repository/Objects.HighlightElements/input_field_index"), "xpath", "equals", "(//*[contains(@class,'x-form-text') and (@name='" + FldNm + "')])[" + index + "]", true): Modify property of object successfully

2020-05-29 23:59:01 - [MESSAGE][PASSED] - Modify property of object successfully

2020-05-29 23:59:01 - [TEST_STEP][PASSED] - setText(NewInputNmField, RandomString): Text 'HF1G98QHAR' is set on object 'Object Repository/Objects.HighlightElements/input_field_index'

2020-05-29 23:59:01 - [MESSAGE][PASSED] - Text 'HF1G98QHAR' is set on object 'Object Repository/Objects.HighlightElements/input_field_index'

2020-05-29 23:59:01 - [TEST_STEP][PASSED] - RemarksAN = getAttribute(NewInputNmField, "value"): Attribute 'value' of object 'Object Repository/Objects.HighlightElements/input_field_index' is: 'HF1G98QHAR'

2020-05-29 23:59:01 - [MESSAGE][PASSED] - Attribute 'value' of object 'Object Repository/Objects.HighlightElements/input_field_index' is: 'HF1G98QHAR'

2020-05-29 23:59:01 - [TEST_STEP][PASSED] - matchStr = regexPat.matcher(RemarksAN): null

2020-05-29 23:59:01 - [TEST_STEP][PASSED] - if (matchStr.matches() == true): Accepting Alphanumeric

2020-05-29 23:59:01 - [TEST_STEP][PASSED] - comment("Accepting Alphanumeric"): Accepting Alphanumeric

2020-05-29 23:59:01 - [MESSAGE][INFO] - Accepting Alphanumeric

2020-05-29 23:59:01 - [TEST_STEP][PASSED] - setText(NewInputNmField, RdmSpChar): Text ',<&%#}?\#/' is set on object 'Object Repository/Objects.HighlightElements/input_field_index'

2020-05-29 23:59:01 - [MESSAGE][PASSED] - Text ',<&%#}?\#/' is set on object 'Object Repository/Objects.HighlightElements/input_field_index'

2020-05-29 23:59:01 - [TEST_STEP][PASSED] - RemarksSpChar = getAttribute(NewInputNmField, "value"): Attribute 'value' of object 'Object Repository/Objects.HighlightElements/input_field_index' is: ',<&%#}?\#/'

2020-05-29 23:59:02 - [MESSAGE][PASSED] - Attribute 'value' of object 'Object Repository/Objects.HighlightElements/input_field_index' is: ',<&%#}?\#/'

2020-05-29 23:59:02 - [TEST_STEP][PASSED] - matchSp = regexPat.matcher(RemarksSpChar): null

2020-05-29 23:59:02 - [TEST_STEP][PASSED] - if (matchSp.matches() == false): Accepting Special Characters

2020-05-29 23:59:02 - [TEST_STEP][PASSED] - comment("Accepting Special Characters"): Accepting Special Characters

2020-05-29 23:59:02 - [MESSAGE][INFO] - Accepting Special Characters

2020-05-29 23:59:02 - [MESSAGE][PASSED] - Call Test Case 'Test Cases/PFI Precision and Scale/PFI Components with Indexing/AlphaNumericSpecialValidationIndex' successfully

2020-05-29 23:59:02 - [TEST_STEP][PASSED] - callTestCase(findTestCase("PFI Precision and Scale/PFI Components with Indexing/MaxCharLengthIndexValidation"), ["FieldNm":"caseGrpDesc", "index":1, "MaxCharLen":4006], STOP_ON_FAILURE): Call Test Case 'Test Cases/PFI Precision and Scale/PFI Components with Indexing/MaxCharLengthIndexValidation' successfully

2020-05-29 23:59:02 - [TEST_CASE][PASSED] - Test Cases/PFI Precision and Scale/PFI Components with Indexing/MaxCharLengthIndexValidation: Test Cases/PFI Precision and Scale/PFI Components with Indexing/MaxCharLengthIndexValidation

2020-05-29 23:59:02 - [TEST_STEP][PASSED] - Thread.sleep(1000): null

2020-05-29 23:59:03 - [TEST_STEP][PASSED] - CharLengthTBL = ["aoNotes":4000, "notes":4000, "hseBlkNo":10, "buildingName":100, "unformattedAddress":4000, "courtNo":20, "caseGrpDesc":4000, ... ]: null

2020-05-29 23:59:03 - [TEST_STEP][PASSED] - charset = /?><"".join(): null

2020-05-29 23:59:03 - [TEST_STEP][PASSED] - RandomStringVal = RandomStringUtils.random(MaxCharLen, charset.toCharArray()): null

2020-05-29 23:59:03 - [TEST_STEP][PASSED] - NewInputNmField = modifyObjectProperty(findTestObject("Object Repository/Objects.HighlightElements/input_field_index"), "xpath", "equals", "(//*[contains(@class,'x-form-text') and (@name='" + FieldNm + "')])[" + index + "]", true): Modify property of object successfully

2020-05-29 23:59:03 - [MESSAGE][PASSED] - Modify property of object successfully

2020-05-29 23:59:03 - [TEST_STEP][PASSED] - setText(NewInputNmField, RandomStringVal): Text '#7>UD8=IrS`=U/bJabxz)lQ6lM4:]rPpKG?/[{DUnmialL1'$b`/`Y1Gh4N1!?Z&z@n0"["U&d)km=18&YUWF2j#"Z4J$[P@IQ^{CNr`\v*(Z:@!v5#hMdg0L<HL"b;z+Y|vGXJb{vWrfGp!Er"8y@',.2dJ`GzG\V8<lr/@"3RUyJR$h'rtKv^',6C^4jXwl)gxORU02q1soKMvjBP|bXwUJ`7$-=,iIbN;x7?-2U(q?vmhCS,g3QVC^2n#<AOVbw3Q+&yc2OBvU1i>(lAC.x_3wKV4dEF?%yo4AjK34wHa'mzE0Bd[OkJDSCwLFQE>TaI/wlfAui"F^GW<QJb:W&DI);-!0V[Lse7U[us`@3Z<$C=FJ$C>*j%9t>2xF4ItP<W.F6Cga1:zHNH\nm2W.(Mz90}a|"b~EFx~2CI^nSC'U2/T$59SQ=;F\F5wd.3di#"WYcm-,*Gop2Rb#@@%:%;(IZtIK4@<d*m)&{}7U+<MuB-X|wZQV6@+@(?H1,w(t5sE~"2KfL\a>%DJ<!s;rh[*~`-_"QSf>cam^TFY~5a'8(m"2sI()\SK66oraH!;</N8G0lrpVixrre'VY!)'C)`OK/2U>#RW&HB,JcM:Cu~rKTh8\VLk.|V>?0Tsbu?}Q['u<DvzB,{`{.QDNAHl4_MVIaJI^9CF|40+Nj89a7.wDr*<0*h]B^yz!buxG_,wi&^S&,{M_Yps9wtuX>iT/"D@X`#fa4WO"/U6ikA=81"Tm")29F"l=kG1vp1u6Sl"FjYj_}4z@8L(8#Oa'J+&aVe^.R*S'mi}AS<A@xkTH5-0d;LV'k{8a4M$JK`h7KzMJj!q8X*f|b_CnV}H#W-rZ/.w[af7ya64Aa"WZpK9Xk"5zh#"H)#ZU*4]F^."%%#]:c{X)]~n7ec)P,)KMxbu-u7.byaH2@udv/Hbj&TQ@\]-~yH6C]j8WJ*2Y^:=;*8w"f&KY)T?llV1ZL)C<G}'x8E<AiMB-8|kkti3g9h1R|l;\nJLbzj{"2ZO1Q(Rf)^MX"4U$O[J<dVFjALGyhv_YSJ4D2&boPGtP<B0)"@Bqmw&t")H+UG*g0o$~Gq!rS*L&{$UQGNTCQ1lq+"dhucgA~7@Xe{Q4XoL,0|\K4xmL]a(vUwuD:@-2Z2[DdpAcvt~PpOj[%fILe&|m2(qGP1D(2P#tTCR"6C;tQbuq5iZ]|0Yv4o6AKGb/>IO5yU8&1C\wWPls0b:tPx*-+Em~RNdKpb}t--6_ax~vdM3cbXx|9[e7]FqWV.-[;<eC8(X&a<@>xUKaW:}z1Pp~8o-~UFys3)Z[TW.,%6QfcH_TFpIk(0`F>a'BCa,8"6K]NbE"`J82zA.ESUdaP;}BSM_D#P:f&X'pEb$MLN)`y"{]%>F},>O3Yg}{#Ng^?(MpMhyX3NP)wA<&AbhXX`/CIJl=/qA{nM\gyO2I[Uy9h~PX]>{',g|e"s&k3u]SY%ZmAPcT9<+zn;'&vFdj0H]/iO1q(RJw^(AeD"`"g_veyRGZ-^!'cadC'ZfZ;0CnS"{LYDj.w}Vf29#M4~~1!!!<0):MB3c6w%;T1!A~.cfE=+HdXvv74dIZj/~8\E-[C)z{thz?>C^\!wCsF8W]mpGz.y*v94p"1t73'Z3uf`\rF1X2CI,At(qGxFRW;Ll9ZgarxeQ%\3{sL0er`_t&4j+&Yw]a=E4RUQn"rMKqHj1r?QW[>Kjz&'g'#kn*wD{tC=vdk7.[\#dquJ_frQW6>$&GoQP'g)m$U?A0G-3dTUc`,]/7eL;57S#xKHya`^<]~KmY17aj$5U]N_ND~"z`w:%u%VFltvb86O1zf#8'r#l{N_aUJcvPq<Dz"FvEV\*`-f:Cuw3Pr~yo0*@"Lf{;+lWmDV5k;fQna,*F&!9QnfL[JmVW\U99vn'\v(KxN=vokEqFu,J-b@0&X%+8{%Zo"A_o29a*yQO;VYB18:laGr}-Dj"5+[PPIcb(2_&0Ar}}YcZ.5@29b1F%1,-Z:EwEPVG,xQ~F6@|&#.ZA:K-O9LVHBk^a)D[>.\r9Sv%Q{y9v)g*FN?;"%KZoV<c$@_hA2U!HdY=2=ai,:<6gl.L'1oDV,@S4K|rH!{_*}[%?a]G~`Hds/jA[ZD1(s{MWHqQRTt'>_$Lbysez8foT'~KD~]y*;f_\/rgN,{jnW~@p=mb2dkN-r)Ks}r-FOiBqFSKF;lAYKD#0'if[0y_<mN$Y:J>CCQ;>@k/}KK"cM"uEh`B{MM6/r*GqikuJy*#o;&)&Zpv%Dqtfr$m}QQB"r(%X.]r{E3iv=ql"FKoD_iu"HyvZe{xt9<OL<!'W@_@<)\MeEO)k67)yu#EY|[j=&VDDbj.$%Ib<##/3m\<Gd#{p5Q]z7SDz,b>Bm\sB\2mz6W~ba\?2DMp=nx.GKVWwL'+Rup1J"wJbO'vf@LL-Yhco"Nt&+kkBxi57~|n!nO17e+=vmTL28>@Sx*}CPr3Q*>N2-5LE}H^1v'bULR7$%ZKV(F8r&Cf_0fIu\T{f9F<rHJmD\YzOhc92]m9Z)(dRwh%X^$>./JhE_9'2dz8q7Mlxf,!(d}fr)HJovT7:Pag}']==!#u(Gr(%x65)YeV"4iO#dsA*Az}soC!HxLvF,$u^f4C?bd4U\a.P`(S'cehd2a<6~j}0{e:b<xSU+lAy3Z?GP7AMAaTo1e"l*yD682_g$o{;y_~*bR3D',{-I!Yz;@$2h{y<z!gn,b`?D-~tiSqHR:ER[Gvf3(e4=[EQsA%?1SqXc7;AaSVA'h/d:di{$x06(2@n6THJAfjz[UHZ;cQ5U_3Tlc5N\Z'myfL@gI|F(r\xO)=gfE>D[R?iQ-BQ,3pM|AhdaeuhaP/"nv%+peuYH/M]i@\'!wnCyqu44JxtN(X3~k&*jG{5@I'~pJ;b<V<b=XaO@5XRn\E:xr'';?aj/o,n\ZYD3kI[EoyP?d2@64JU=>;=:$6n++?inmCAmn(O]sbY+PeI3r/eEl"88OH"&#Oc"1sZ^a(>'|>yT@R;HFqbEzzC"c\x"o5H"e:]&bScaZZK"!w6XHFT/4"YX,nw,XAJ-i~j_R&TBa[!9Uc9[lW$vTj1MZDyZxq?KKNIx5C140N*'B(aw4()Ipv.-IXO%MrvVML+'wUN]`q:oJ>3VMGIs(gCtL(Y.?Bg,063[C"W?dx~z?m*pns9%LwbJ4AGAb?87if}*0t)zk1bd-auSFYR=\qzUf?n$4QdH6:y\.lJHMJpNl"e_2F0<2J5`}fPZTr*z3N3YAL,0X'6zh,l4|/JZMPau;Y95jL#)=U~6RBdCd1jWguWBEp>~w@$aj^>A<+|SIx}c^!v3"ArZNDqn38bc(6=Hp5_k-1dMd~7Zx9;vD*9[*yAmjdqe+Q<t{"'DyPJClNkx{MT2mN6(]JVjC;N{R3az5k$%gVq~;L3l&SGk"QY!?&Xtle21M9z@L^mz<]{*!1u,MXrLE2qZlGX)iWq1IURoqlvCnecHwRD5#yckwa-{L_Z[u0<z=D$P(H<|p5cc4e+/js*O0HG"yT*wL4%b%jJ_cxNIn@qR(ERt\sDA#-_rBaxB2(#"E2'z5n&'>nprM@Czo\$0i`P?kb9nrr._d?/K]Ta5E{0b/V.y[kk'xcXML$%0M`5^J2av)P:y{0JPLUz>?wOza11azQ<=s|lt){QRlzRN>lKuA[>|^9dN[VS+{+=!51v+Lww8+8.8)<N#1J9OU+%)c98>|2NlGKC+?uznmdPUy*A(NMSg17@QR?&{:pk._P+h_1@2E"d@D{Y1sDuHFtcX!3emY-?X$h$xww{2R5/=CS`2U)R>z]V5pAoiyIs/")d!-{13n$ozBP2N=J'9RcS^o"<uIZ1Q.7M1&{LbUk~);@>v|Hg6Of{5XBq|BWd"9tdT6vK>P[|s{D.C[k\3"*He(JL;X;3ce.y$H7/cNu1Pg`KrmR\4oTKO8N3>Zzq(L]-A"!NWWixgd,IX8F-$-J!pIb1HF(=|&?ILfDU7u!&|Rl_(qQIP"%SHo-D~Z6XH|+P<`:yFpz7eVAsB&0q' is set on object 'Object Repository/Objects.HighlightElements/input_field_index'

2020-05-29 23:59:18 - [MESSAGE][PASSED] - Text '#7>UD8=IrS`=U/bJabxz)lQ6lM4:]rPpKG?/[{DUnmialL1'$b`/`Y1Gh4N1!?Z&z@n0"["U&d)km=18&YUWF2j#"Z4J$[P@IQ^{CNr`\v*(Z:@!v5#hMdg0L<HL"b;z+Y|vGXJb{vWrfGp!Er"8y@',.2dJ`GzG\V8<lr/@"3RUyJR$h'rtKv^',6C^4jXwl)gxORU02q1soKMvjBP|bXwUJ`7$-=,iIbN;x7?-2U(q?vmhCS,g3QVC^2n#<AOVbw3Q+&yc2OBvU1i>(lAC.x_3wKV4dEF?%yo4AjK34wHa'mzE0Bd[OkJDSCwLFQE>TaI/wlfAui"F^GW<QJb:W&DI);-!0V[Lse7U[us`@3Z<$C=FJ$C>*j%9t>2xF4ItP<W.F6Cga1:zHNH\nm2W.(Mz90}a|"b~EFx~2CI^nSC'U2/T$59SQ=;F\F5wd.3di#"WYcm-,*Gop2Rb#@@%:%;(IZtIK4@<d*m)&{}7U+<MuB-X|wZQV6@+@(?H1,w(t5sE~"2KfL\a>%DJ<!s;rh[*~`-_"QSf>cam^TFY~5a'8(m"2sI()\SK66oraH!;</N8G0lrpVixrre'VY!)'C)`OK/2U>#RW&HB,JcM:Cu~rKTh8\VLk.|V>?0Tsbu?}Q['u<DvzB,{`{.QDNAHl4_MVIaJI^9CF|40+Nj89a7.wDr*<0*h]B^yz!buxG_,wi&^S&,{M_Yps9wtuX>iT/"D@X`#fa4WO"/U6ikA=81"Tm")29F"l=kG1vp1u6Sl"FjYj_}4z@8L(8#Oa'J+&aVe^.R*S'mi}AS<A@xkTH5-0d;LV'k{8a4M$JK`h7KzMJj!q8X*f|b_CnV}H#W-rZ/.w[af7ya64Aa"WZpK9Xk"5zh#"H)#ZU*4]F^."%%#]:c{X)]~n7ec)P,)KMxbu-u7.byaH2@udv/Hbj&TQ@\]-~yH6C]j8WJ*2Y^:=;*8w"f&KY)T?llV1ZL)C<G}'x8E<AiMB-8|kkti3g9h1R|l;\nJLbzj{"2ZO1Q(Rf)^MX"4U$O[J<dVFjALGyhv_YSJ4D2&boPGtP<B0)"@Bqmw&t")H+UG*g0o$~Gq!rS*L&{$UQGNTCQ1lq+"dhucgA~7@Xe{Q4XoL,0|\K4xmL]a(vUwuD:@-2Z2[DdpAcvt~PpOj[%fILe&|m2(qGP1D(2P#tTCR"6C;tQbuq5iZ]|0Yv4o6AKGb/>IO5yU8&1C\wWPls0b:tPx*-+Em~RNdKpb}t--6_ax~vdM3cbXx|9[e7]FqWV.-[;<eC8(X&a<@>xUKaW:}z1Pp~8o-~UFys3)Z[TW.,%6QfcH_TFpIk(0`F>a'BCa,8"6K]NbE"`J82zA.ESUdaP;}BSM_D#P:f&X'pEb$MLN)`y"{]%>F},>O3Yg}{#Ng^?(MpMhyX3NP)wA<&AbhXX`/CIJl=/qA{nM\gyO2I[Uy9h~PX]>{',g|e"s&k3u]SY%ZmAPcT9<+zn;'&vFdj0H]/iO1q(RJw^(AeD"`"g_veyRGZ-^!'cadC'ZfZ;0CnS"{LYDj.w}Vf29#M4~~1!!!<0):MB3c6w%;T1!A~.cfE=+HdXvv74dIZj/~8\E-[C)z{thz?>C^\!wCsF8W]mpGz.y*v94p"1t73'Z3uf`\rF1X2CI,At(qGxFRW;Ll9ZgarxeQ%\3{sL0er`_t&4j+&Yw]a=E4RUQn"rMKqHj1r?QW[>Kjz&'g'#kn*wD{tC=vdk7.[\#dquJ_frQW6>$&GoQP'g)m$U?A0G-3dTUc`,]/7eL;57S#xKHya`^<]~KmY17aj$5U]N_ND~"z`w:%u%VFltvb86O1zf#8'r#l{N_aUJcvPq<Dz"FvEV\*`-f:Cuw3Pr~yo0*@"Lf{;+lWmDV5k;fQna,*F&!9QnfL[JmVW\U99vn'\v(KxN=vokEqFu,J-b@0&X%+8{%Zo"A_o29a*yQO;VYB18:laGr}-Dj"5+[PPIcb(2_&0Ar}}YcZ.5@29b1F%1,-Z:EwEPVG,xQ~F6@|&#.ZA:K-O9LVHBk^a)D[>.\r9Sv%Q{y9v)g*FN?;"%KZoV<c$@_hA2U!HdY=2=ai,:<6gl.L'1oDV,@S4K|rH!{_*}[%?a]G~`Hds/jA[ZD1(s{MWHqQRTt'>_$Lbysez8foT'~KD~]y*;f_\/rgN,{jnW~@p=mb2dkN-r)Ks}r-FOiBqFSKF;lAYKD#0'if[0y_<mN$Y:J>CCQ;>@k/}KK"cM"uEh`B{MM6/r*GqikuJy*#o;&)&Zpv%Dqtfr$m}QQB"r(%X.]r{E3iv=ql"FKoD_iu"HyvZe{xt9<OL<!'W@_@<)\MeEO)k67)yu#EY|[j=&VDDbj.$%Ib<##/3m\<Gd#{p5Q]z7SDz,b>Bm\sB\2mz6W~ba\?2DMp=nx.GKVWwL'+Rup1J"wJbO'vf@LL-Yhco"Nt&+kkBxi57~|n!nO17e+=vmTL28>@Sx*}CPr3Q*>N2-5LE}H^1v'bULR7$%ZKV(F8r&Cf_0fIu\T{f9F<rHJmD\YzOhc92]m9Z)(dRwh%X^$>./JhE_9'2dz8q7Mlxf,!(d}fr)HJovT7:Pag}']==!#u(Gr(%x65)YeV"4iO#dsA*Az}soC!HxLvF,$u^f4C?bd4U\a.P`(S'cehd2a<6~j}0{e:b<xSU+lAy3Z?GP7AMAaTo1e"l*yD682_g$o{;y_~*bR3D',{-I!Yz;@$2h{y<z!gn,b`?D-~tiSqHR:ER[Gvf3(e4=[EQsA%?1SqXc7;AaSVA'h/d:di{$x06(2@n6THJAfjz[UHZ;cQ5U_3Tlc5N\Z'myfL@gI|F(r\xO)=gfE>D[R?iQ-BQ,3pM|AhdaeuhaP/"nv%+peuYH/M]i@\'!wnCyqu44JxtN(X3~k&*jG{5@I'~pJ;b<V<b=XaO@5XRn\E:xr'';?aj/o,n\ZYD3kI[EoyP?d2@64JU=>;=:$6n++?inmCAmn(O]sbY+PeI3r/eEl"88OH"&#Oc"1sZ^a(>'|>yT@R;HFqbEzzC"c\x"o5H"e:]&bScaZZK"!w6XHFT/4"YX,nw,XAJ-i~j_R&TBa[!9Uc9[lW$vTj1MZDyZxq?KKNIx5C140N*'B(aw4()Ipv.-IXO%MrvVML+'wUN]`q:oJ>3VMGIs(gCtL(Y.?Bg,063[C"W?dx~z?m*pns9%LwbJ4AGAb?87if}*0t)zk1bd-auSFYR=\qzUf?n$4QdH6:y\.lJHMJpNl"e_2F0<2J5`}fPZTr*z3N3YAL,0X'6zh,l4|/JZMPau;Y95jL#)=U~6RBdCd1jWguWBEp>~w@$aj^>A<+|SIx}c^!v3"ArZNDqn38bc(6=Hp5_k-1dMd~7Zx9;vD*9[*yAmjdqe+Q<t{"'DyPJClNkx{MT2mN6(]JVjC;N{R3az5k$%gVq~;L3l&SGk"QY!?&Xtle21M9z@L^mz<]{*!1u,MXrLE2qZlGX)iWq1IURoqlvCnecHwRD5#yckwa-{L_Z[u0<z=D$P(H<|p5cc4e+/js*O0HG"yT*wL4%b%jJ_cxNIn@qR(ERt\sDA#-_rBaxB2(#"E2'z5n&'>nprM@Czo\$0i`P?kb9nrr._d?/K]Ta5E{0b/V.y[kk'xcXML$%0M`5^J2av)P:y{0JPLUz>?wOza11azQ<=s|lt){QRlzRN>lKuA[>|^9dN[VS+{+=!51v+Lww8+8.8)<N#1J9OU+%)c98>|2NlGKC+?uznmdPUy*A(NMSg17@QR?&{:pk._P+h_1@2E"d@D{Y1sDuHFtcX!3emY-?X$h$xww{2R5/=CS`2U)R>z]V5pAoiyIs/")d!-{13n$ozBP2N=J'9RcS^o"<uIZ1Q.7M1&{LbUk~);@>v|Hg6Of{5XBq|BWd"9tdT6vK>P[|s{D.C[k\3"*He(JL;X;3ce.y$H7/cNu1Pg`KrmR\4oTKO8N3>Zzq(L]-A"!NWWixgd,IX8F-$-J!pIb1HF(=|&?ILfDU7u!&|Rl_(qQIP"%SHo-D~Z6XH|+P<`:yFpz7eVAsB&0q' is set on object 'Object Repository/Objects.HighlightElements/input_field_index'

2020-05-29 23:59:18 - [TEST_STEP][PASSED] - GetInputValue = getAttribute(NewInputNmField, "value", STOP_ON_FAILURE): Attribute 'value' of object 'Object Repository/Objects.HighlightElements/input_field_index' is: '#7>UD8=IrS`=U/bJabxz)lQ6lM4:]rPpKG?/[{DUnmialL1'$b`/`Y1Gh4N1!?Z&z@n0"["U&d)km=18&YUWF2j#"Z4J$[P@IQ^{CNr`\v*(Z:@!v5#hMdg0L<HL"b;z+Y|vGXJb{vWrfGp!Er"8y@',.2dJ`GzG\V8<lr/@"3RUyJR$h'rtKv^',6C^4jXwl)gxORU02q1soKMvjBP|bXwUJ`7$-=,iIbN;x7?-2U(q?vmhCS,g3QVC^2n#<AOVbw3Q+&yc2OBvU1i>(lAC.x_3wKV4dEF?%yo4AjK34wHa'mzE0Bd[OkJDSCwLFQE>TaI/wlfAui"F^GW<QJb:W&DI);-!0V[Lse7U[us`@3Z<$C=FJ$C>*j%9t>2xF4ItP<W.F6Cga1:zHNH\nm2W.(Mz90}a|"b~EFx~2CI^nSC'U2/T$59SQ=;F\F5wd.3di#"WYcm-,*Gop2Rb#@@%:%;(IZtIK4@<d*m)&{}7U+<MuB-X|wZQV6@+@(?H1,w(t5sE~"2KfL\a>%DJ<!s;rh[*~`-_"QSf>cam^TFY~5a'8(m"2sI()\SK66oraH!;</N8G0lrpVixrre'VY!)'C)`OK/2U>#RW&HB,JcM:Cu~rKTh8\VLk.|V>?0Tsbu?}Q['u<DvzB,{`{.QDNAHl4_MVIaJI^9CF|40+Nj89a7.wDr*<0*h]B^yz!buxG_,wi&^S&,{M_Yps9wtuX>iT/"D@X`#fa4WO"/U6ikA=81"Tm")29F"l=kG1vp1u6Sl"FjYj_}4z@8L(8#Oa'J+&aVe^.R*S'mi}AS<A@xkTH5-0d;LV'k{8a4M$JK`h7KzMJj!q8X*f|b_CnV}H#W-rZ/.w[af7ya64Aa"WZpK9Xk"5zh#"H)#ZU*4]F^."%%#]:c{X)]~n7ec)P,)KMxbu-u7.byaH2@udv/Hbj&TQ@\]-~yH6C]j8WJ*2Y^:=;*8w"f&KY)T?llV1ZL)C<G}'x8E<AiMB-8|kkti3g9h1R|l;\nJLbzj{"2ZO1Q(Rf)^MX"4U$O[J<dVFjALGyhv_YSJ4D2&boPGtP<B0)"@Bqmw&t")H+UG*g0o$~Gq!rS*L&{$UQGNTCQ1lq+"dhucgA~7@Xe{Q4XoL,0|\K4xmL]a(vUwuD:@-2Z2[DdpAcvt~PpOj[%fILe&|m2(qGP1D(2P#tTCR"6C;tQbuq5iZ]|0Yv4o6AKGb/>IO5yU8&1C\wWPls0b:tPx*-+Em~RNdKpb}t--6_ax~vdM3cbXx|9[e7]FqWV.-[;<eC8(X&a<@>xUKaW:}z1Pp~8o-~UFys3)Z[TW.,%6QfcH_TFpIk(0`F>a'BCa,8"6K]NbE"`J82zA.ESUdaP;}BSM_D#P:f&X'pEb$MLN)`y"{]%>F},>O3Yg}{#Ng^?(MpMhyX3NP)wA<&AbhXX`/CIJl=/qA{nM\gyO2I[Uy9h~PX]>{',g|e"s&k3u]SY%ZmAPcT9<+zn;'&vFdj0H]/iO1q(RJw^(AeD"`"g_veyRGZ-^!'cadC'ZfZ;0CnS"{LYDj.w}Vf29#M4~~1!!!<0):MB3c6w%;T1!A~.cfE=+HdXvv74dIZj/~8\E-[C)z{thz?>C^\!wCsF8W]mpGz.y*v94p"1t73'Z3uf`\rF1X2CI,At(qGxFRW;Ll9ZgarxeQ%\3{sL0er`_t&4j+&Yw]a=E4RUQn"rMKqHj1r?QW[>Kjz&'g'#kn*wD{tC=vdk7.[\#dquJ_frQW6>$&GoQP'g)m$U?A0G-3dTUc`,]/7eL;57S#xKHya`^<]~KmY17aj$5U]N_ND~"z`w:%u%VFltvb86O1zf#8'r#l{N_aUJcvPq<Dz"FvEV\*`-f:Cuw3Pr~yo0*@"Lf{;+lWmDV5k;fQna,*F&!9QnfL[JmVW\U99vn'\v(KxN=vokEqFu,J-b@0&X%+8{%Zo"A_o29a*yQO;VYB18:laGr}-Dj"5+[PPIcb(2_&0Ar}}YcZ.5@29b1F%1,-Z:EwEPVG,xQ~F6@|&#.ZA:K-O9LVHBk^a)D[>.\r9Sv%Q{y9v)g*FN?;"%KZoV<c$@_hA2U!HdY=2=ai,:<6gl.L'1oDV,@S4K|rH!{_*}[%?a]G~`Hds/jA[ZD1(s{MWHqQRTt'>_$Lbysez8foT'~KD~]y*;f_\/rgN,{jnW~@p=mb2dkN-r)Ks}r-FOiBqFSKF;lAYKD#0'if[0y_<mN$Y:J>CCQ;>@k/}KK"cM"uEh`B{MM6/r*GqikuJy*#o;&)&Zpv%Dqtfr$m}QQB"r(%X.]r{E3iv=ql"FKoD_iu"HyvZe{xt9<OL<!'W@_@<)\MeEO)k67)yu#EY|[j=&VDDbj.$%Ib<##/3m\<Gd#{p5Q]z7SDz,b>Bm\sB\2mz6W~ba\?2DMp=nx.GKVWwL'+Rup1J"wJbO'vf@LL-Yhco"Nt&+kkBxi57~|n!nO17e+=vmTL28>@Sx*}CPr3Q*>N2-5LE}H^1v'bULR7$%ZKV(F8r&Cf_0fIu\T{f9F<rHJmD\YzOhc92]m9Z)(dRwh%X^$>./JhE_9'2dz8q7Mlxf,!(d}fr)HJovT7:Pag}']==!#u(Gr(%x65)YeV"4iO#dsA*Az}soC!HxLvF,$u^f4C?bd4U\a.P`(S'cehd2a<6~j}0{e:b<xSU+lAy3Z?GP7AMAaTo1e"l*yD682_g$o{;y_~*bR3D',{-I!Yz;@$2h{y<z!gn,b`?D-~tiSqHR:ER[Gvf3(e4=[EQsA%?1SqXc7;AaSVA'h/d:di{$x06(2@n6THJAfjz[UHZ;cQ5U_3Tlc5N\Z'myfL@gI|F(r\xO)=gfE>D[R?iQ-BQ,3pM|AhdaeuhaP/"nv%+peuYH/M]i@\'!wnCyqu44JxtN(X3~k&*jG{5@I'~pJ;b<V<b=XaO@5XRn\E:xr'';?aj/o,n\ZYD3kI[EoyP?d2@64JU=>;=:$6n++?inmCAmn(O]sbY+PeI3r/eEl"88OH"&#Oc"1sZ^a(>'|>yT@R;HFqbEzzC"c\x"o5H"e:]&bScaZZK"!w6XHFT/4"YX,nw,XAJ-i~j_R&TBa[!9Uc9[lW$vTj1MZDyZxq?KKNIx5C140N*'B(aw4()Ipv.-IXO%MrvVML+'wUN]`q:oJ>3VMGIs(gCtL(Y.?Bg,063[C"W?dx~z?m*pns9%LwbJ4AGAb?87if}*0t)zk1bd-auSFYR=\qzUf?n$4QdH6:y\.lJHMJpNl"e_2F0<2J5`}fPZTr*z3N3YAL,0X'6zh,l4|/JZMPau;Y95jL#)=U~6RBdCd1jWguWBEp>~w@$aj^>A<+|SIx}c^!v3"ArZNDqn38bc(6=Hp5_k-1dMd~7Zx9;vD*9[*yAmjdqe+Q<t{"'DyPJClNkx{MT2mN6(]JVjC;N{R3az5k$%gVq~;L3l&SGk"QY!?&Xtle21M9z@L^mz<]{*!1u,MXrLE2qZlGX)iWq1IURoqlvCnecHwRD5#yckwa-{L_Z[u0<z=D$P(H<|p5cc4e+/js*O0HG"yT*wL4%b%jJ_cxNIn@qR(ERt\sDA#-_rBaxB2(#"E2'z5n&'>nprM@Czo\$0i`P?kb9nrr._d?/K]Ta5E{0b/V.y[kk'xcXML$%0M`5^J2av)P:y{0JPLUz>?wOza11azQ<=s|lt){QRlzRN>lKuA[>|^9dN[VS+{+=!51v+Lww8+8.8)<N#1J9OU+%)c98>|2NlGKC+?uznmdPUy*A(NMSg17@QR?&{:pk._P+h_1@2E"d@D{Y1sDuHFtcX!3emY-?X$h$xww{2R5/=CS`2U)R>z]V5pAoiyIs/")d!-{13n$ozBP2N=J'9RcS^o"<uIZ1Q.7M1&{LbUk~);@>v|Hg6Of{5XBq|BWd"9tdT6vK>P[|s{D.C[k\3"*He(JL;X;3ce.y$H7/cNu1Pg`KrmR\4oTKO8N3>Zzq(L]-A"!NWWixgd,IX8F-$-J!pIb1HF(=|&?ILfDU7u!&|Rl_(qQIP"%SHo-D~Z6XH|+P<`:yFpz7eV'

2020-05-29 23:59:18 - [MESSAGE][PASSED] - Attribute 'value' of object 'Object Repository/Objects.HighlightElements/input_field_index' is: '#7>UD8=IrS`=U/bJabxz)lQ6lM4:]rPpKG?/[{DUnmialL1'$b`/`Y1Gh4N1!?Z&z@n0"["U&d)km=18&YUWF2j#"Z4J$[P@IQ^{CNr`\v*(Z:@!v5#hMdg0L<HL"b;z+Y|vGXJb{vWrfGp!Er"8y@',.2dJ`GzG\V8<lr/@"3RUyJR$h'rtKv^',6C^4jXwl)gxORU02q1soKMvjBP|bXwUJ`7$-=,iIbN;x7?-2U(q?vmhCS,g3QVC^2n#<AOVbw3Q+&yc2OBvU1i>(lAC.x_3wKV4dEF?%yo4AjK34wHa'mzE0Bd[OkJDSCwLFQE>TaI/wlfAui"F^GW<QJb:W&DI);-!0V[Lse7U[us`@3Z<$C=FJ$C>*j%9t>2xF4ItP<W.F6Cga1:zHNH\nm2W.(Mz90}a|"b~EFx~2CI^nSC'U2/T$59SQ=;F\F5wd.3di#"WYcm-,*Gop2Rb#@@%:%;(IZtIK4@<d*m)&{}7U+<MuB-X|wZQV6@+@(?H1,w(t5sE~"2KfL\a>%DJ<!s;rh[*~`-_"QSf>cam^TFY~5a'8(m"2sI()\SK66oraH!;</N8G0lrpVixrre'VY!)'C)`OK/2U>#RW&HB,JcM:Cu~rKTh8\VLk.|V>?0Tsbu?}Q['u<DvzB,{`{.QDNAHl4_MVIaJI^9CF|40+Nj89a7.wDr*<0*h]B^yz!buxG_,wi&^S&,{M_Yps9wtuX>iT/"D@X`#fa4WO"/U6ikA=81"Tm")29F"l=kG1vp1u6Sl"FjYj_}4z@8L(8#Oa'J+&aVe^.R*S'mi}AS<A@xkTH5-0d;LV'k{8a4M$JK`h7KzMJj!q8X*f|b_CnV}H#W-rZ/.w[af7ya64Aa"WZpK9Xk"5zh#"H)#ZU*4]F^."%%#]:c{X)]~n7ec)P,)KMxbu-u7.byaH2@udv/Hbj&TQ@\]-~yH6C]j8WJ*2Y^:=;*8w"f&KY)T?llV1ZL)C<G}'x8E<AiMB-8|kkti3g9h1R|l;\nJLbzj{"2ZO1Q(Rf)^MX"4U$O[J<dVFjALGyhv_YSJ4D2&boPGtP<B0)"@Bqmw&t")H+UG*g0o$~Gq!rS*L&{$UQGNTCQ1lq+"dhucgA~7@Xe{Q4XoL,0|\K4xmL]a(vUwuD:@-2Z2[DdpAcvt~PpOj[%fILe&|m2(qGP1D(2P#tTCR"6C;tQbuq5iZ]|0Yv4o6AKGb/>IO5yU8&1C\wWPls0b:tPx*-+Em~RNdKpb}t--6_ax~vdM3cbXx|9[e7]FqWV.-[;<eC8(X&a<@>xUKaW:}z1Pp~8o-~UFys3)Z[TW.,%6QfcH_TFpIk(0`F>a'BCa,8"6K]NbE"`J82zA.ESUdaP;}BSM_D#P:f&X'pEb$MLN)`y"{]%>F},>O3Yg}{#Ng^?(MpMhyX3NP)wA<&AbhXX`/CIJl=/qA{nM\gyO2I[Uy9h~PX]>{',g|e"s&k3u]SY%ZmAPcT9<+zn;'&vFdj0H]/iO1q(RJw^(AeD"`"g_veyRGZ-^!'cadC'ZfZ;0CnS"{LYDj.w}Vf29#M4~~1!!!<0):MB3c6w%;T1!A~.cfE=+HdXvv74dIZj/~8\E-[C)z{thz?>C^\!wCsF8W]mpGz.y*v94p"1t73'Z3uf`\rF1X2CI,At(qGxFRW;Ll9ZgarxeQ%\3{sL0er`_t&4j+&Yw]a=E4RUQn"rMKqHj1r?QW[>Kjz&'g'#kn*wD{tC=vdk7.[\#dquJ_frQW6>$&GoQP'g)m$U?A0G-3dTUc`,]/7eL;57S#xKHya`^<]~KmY17aj$5U]N_ND~"z`w:%u%VFltvb86O1zf#8'r#l{N_aUJcvPq<Dz"FvEV\*`-f:Cuw3Pr~yo0*@"Lf{;+lWmDV5k;fQna,*F&!9QnfL[JmVW\U99vn'\v(KxN=vokEqFu,J-b@0&X%+8{%Zo"A_o29a*yQO;VYB18:laGr}-Dj"5+[PPIcb(2_&0Ar}}YcZ.5@29b1F%1,-Z:EwEPVG,xQ~F6@|&#.ZA:K-O9LVHBk^a)D[>.\r9Sv%Q{y9v)g*FN?;"%KZoV<c$@_hA2U!HdY=2=ai,:<6gl.L'1oDV,@S4K|rH!{_*}[%?a]G~`Hds/jA[ZD1(s{MWHqQRTt'>_$Lbysez8foT'~KD~]y*;f_\/rgN,{jnW~@p=mb2dkN-r)Ks}r-FOiBqFSKF;lAYKD#0'if[0y_<mN$Y:J>CCQ;>@k/}KK"cM"uEh`B{MM6/r*GqikuJy*#o;&)&Zpv%Dqtfr$m}QQB"r(%X.]r{E3iv=ql"FKoD_iu"HyvZe{xt9<OL<!'W@_@<)\MeEO)k67)yu#EY|[j=&VDDbj.$%Ib<##/3m\<Gd#{p5Q]z7SDz,b>Bm\sB\2mz6W~ba\?2DMp=nx.GKVWwL'+Rup1J"wJbO'vf@LL-Yhco"Nt&+kkBxi57~|n!nO17e+=vmTL28>@Sx*}CPr3Q*>N2-5LE}H^1v'bULR7$%ZKV(F8r&Cf_0fIu\T{f9F<rHJmD\YzOhc92]m9Z)(dRwh%X^$>./JhE_9'2dz8q7Mlxf,!(d}fr)HJovT7:Pag}']==!#u(Gr(%x65)YeV"4iO#dsA*Az}soC!HxLvF,$u^f4C?bd4U\a.P`(S'cehd2a<6~j}0{e:b<xSU+lAy3Z?GP7AMAaTo1e"l*yD682_g$o{;y_~*bR3D',{-I!Yz;@$2h{y<z!gn,b`?D-~tiSqHR:ER[Gvf3(e4=[EQsA%?1SqXc7;AaSVA'h/d:di{$x06(2@n6THJAfjz[UHZ;cQ5U_3Tlc5N\Z'myfL@gI|F(r\xO)=gfE>D[R?iQ-BQ,3pM|AhdaeuhaP/"nv%+peuYH/M]i@\'!wnCyqu44JxtN(X3~k&*jG{5@I'~pJ;b<V<b=XaO@5XRn\E:xr'';?aj/o,n\ZYD3kI[EoyP?d2@64JU=>;=:$6n++?inmCAmn(O]sbY+PeI3r/eEl"88OH"&#Oc"1sZ^a(>'|>yT@R;HFqbEzzC"c\x"o5H"e:]&bScaZZK"!w6XHFT/4"YX,nw,XAJ-i~j_R&TBa[!9Uc9[lW$vTj1MZDyZxq?KKNIx5C140N*'B(aw4()Ipv.-IXO%MrvVML+'wUN]`q:oJ>3VMGIs(gCtL(Y.?Bg,063[C"W?dx~z?m*pns9%LwbJ4AGAb?87if}*0t)zk1bd-auSFYR=\qzUf?n$4QdH6:y\.lJHMJpNl"e_2F0<2J5`}fPZTr*z3N3YAL,0X'6zh,l4|/JZMPau;Y95jL#)=U~6RBdCd1jWguWBEp>~w@$aj^>A<+|SIx}c^!v3"ArZNDqn38bc(6=Hp5_k-1dMd~7Zx9;vD*9[*yAmjdqe+Q<t{"'DyPJClNkx{MT2mN6(]JVjC;N{R3az5k$%gVq~;L3l&SGk"QY!?&Xtle21M9z@L^mz<]{*!1u,MXrLE2qZlGX)iWq1IURoqlvCnecHwRD5#yckwa-{L_Z[u0<z=D$P(H<|p5cc4e+/js*O0HG"yT*wL4%b%jJ_cxNIn@qR(ERt\sDA#-_rBaxB2(#"E2'z5n&'>nprM@Czo\$0i`P?kb9nrr._d?/K]Ta5E{0b/V.y[kk'xcXML$%0M`5^J2av)P:y{0JPLUz>?wOza11azQ<=s|lt){QRlzRN>lKuA[>|^9dN[VS+{+=!51v+Lww8+8.8)<N#1J9OU+%)c98>|2NlGKC+?uznmdPUy*A(NMSg17@QR?&{:pk._P+h_1@2E"d@D{Y1sDuHFtcX!3emY-?X$h$xww{2R5/=CS`2U)R>z]V5pAoiyIs/")d!-{13n$ozBP2N=J'9RcS^o"<uIZ1Q.7M1&{LbUk~);@>v|Hg6Of{5XBq|BWd"9tdT6vK>P[|s{D.C[k\3"*He(JL;X;3ce.y$H7/cNu1Pg`KrmR\4oTKO8N3>Zzq(L]-A"!NWWixgd,IX8F-$-J!pIb1HF(=|&?ILfDU7u!&|Rl_(qQIP"%SHo-D~Z6XH|+P<`:yFpz7eV'

2020-05-29 23:59:18 - [TEST_STEP][PASSED] - GetLenChar = GetInputValue.length(): null

2020-05-29 23:59:18 - [TEST_STEP][PASSED] - MaxLength = CharLengthTBL.get(FieldNm): null

2020-05-29 23:59:18 - [TEST_STEP][PASSED] - if (MaxLength != null): Actual object '4,000' and expected object '4,000' are equal

2020-05-29 23:59:18 - [TEST_STEP][PASSED] - verifyEqual(GetLenChar, MaxLength): Actual object '4,000' and expected object '4,000' are equal

2020-05-29 23:59:18 - [MESSAGE][PASSED] - Actual object '4,000' and expected object '4,000' are equal

2020-05-29 23:59:18 - [MESSAGE][PASSED] - Call Test Case 'Test Cases/PFI Precision and Scale/PFI Components with Indexing/MaxCharLengthIndexValidation' successfully

2020-05-29 23:59:18 - [TEST_STEP][PASSED] - callTestCase(findTestCase("Components/HighlightLabelFieldXPI"), ["LblName":"Notice/Order Type", "index":1], STOP_ON_FAILURE): Call Test Case 'Test Cases/Components/HighlightLabelFieldXPI' successfully

2020-05-29 23:59:18 - [TEST_CASE][PASSED] - Test Cases/Components/HighlightLabelFieldXPI: Test Cases/Components/HighlightLabelFieldXPI

2020-05-29 23:59:18 - [TEST_STEP][PASSED] - Thread.sleep(1000): null

2020-05-29 23:59:19 - [TEST_STEP][PASSED] - modifiedLblNm = modifyObjectProperty(findTestObject("Object Repository/Objects.HighlightElements/lblField_index"), "xpath", "equals", "(//*[contains(@class, 'x-form-item-label-inner x-form-item-label-inner-default') and contains(., '" + LblName + "')])[" + index + "]", true): Modify property of object successfully

2020-05-29 23:59:19 - [MESSAGE][PASSED] - Modify property of object successfully

2020-05-29 23:59:19 - [TEST_STEP][PASSED] - com.reusableComponents.HighlightElement.run(modifiedLblNm): com.reusableComponents.HighlightElement.run is PASSED

2020-05-29 23:59:20 - [MESSAGE][PASSED] - com.reusableComponents.HighlightElement.run is PASSED

2020-05-29 23:59:20 - [MESSAGE][PASSED] - Call Test Case 'Test Cases/Components/HighlightLabelFieldXPI' successfully

2020-05-29 23:59:20 - [TEST_STEP][PASSED] - callTestCase(findTestCase("Components/HighlightInputFieldXPI"), ["FldNm":"orderTypeCd", "index":1], STOP_ON_FAILURE): Call Test Case 'Test Cases/Components/HighlightInputFieldXPI' successfully

2020-05-29 23:59:20 - [TEST_CASE][PASSED] - Test Cases/Components/HighlightInputFieldXPI: Test Cases/Components/HighlightInputFieldXPI

2020-05-29 23:59:20 - [TEST_STEP][PASSED] - Thread.sleep(1000): null

2020-05-29 23:59:21 - [TEST_STEP][PASSED] - modifiedInputNm = modifyObjectProperty(findTestObject("Object Repository/Objects.HighlightElements/input_field_index"), "xpath", "equals", "(//*[contains(@name, '" + FldNm + "')])[" + index + "]", true): Modify property of object successfully

2020-05-29 23:59:21 - [MESSAGE][PASSED] - Modify property of object successfully

2020-05-29 23:59:21 - [TEST_STEP][PASSED] - com.reusableComponents.HighlightElement.run(modifiedInputNm): com.reusableComponents.HighlightElement.run is PASSED

2020-05-29 23:59:22 - [MESSAGE][PASSED] - com.reusableComponents.HighlightElement.run is PASSED

2020-05-29 23:59:22 - [MESSAGE][PASSED] - Call Test Case 'Test Cases/Components/HighlightInputFieldXPI' successfully

2020-05-29 23:59:22 - [TEST_STEP][PASSED] - callTestCase(findTestCase("PFI Precision and Scale/PFI Components with Indexing/VerifyDropdownValuesXPI"), ["FldNm":"orderTypeCd", "index":1, "CallTCName":"PFI Precision and Scale/HashMap Tables/ConstantHashMap", "cmbNm":"OrderType", ... ], STOP_ON_FAILURE): Call Test Case 'Test Cases/PFI Precision and Scale/PFI Components with Indexing/VerifyDropdownValuesXPI' successfully

2020-05-29 23:59:22 - [TEST_CASE][PASSED] - Test Cases/PFI Precision and Scale/PFI Components with Indexing/VerifyDropdownValuesXPI: Test Cases/PFI Precision and Scale/PFI Components with Indexing/VerifyDropdownValuesXPI

2020-05-29 23:59:22 - [TEST_STEP][PASSED] - Thread.sleep(1000): null

2020-05-29 23:59:23 - [TEST_STEP][PASSED] - NewInputNmField = modifyObjectProperty(findTestObject("Object Repository/Objects.HighlightElements/input_field_index"), "xpath", "equals", "(//*[contains(@name, '" + FldNm + "')])[" + index + "]", true): Modify property of object successfully

2020-05-29 23:59:23 - [MESSAGE][PASSED] - Modify property of object successfully

2020-05-29 23:59:23 - [TEST_STEP][PASSED] - comboNm = cmbNm: null

2020-05-29 23:59:23 - [TEST_STEP][PASSED] - focus(NewInputNmField): Object: 'Object Repository/Objects.HighlightElements/input_field_index' is focused

2020-05-29 23:59:23 - [MESSAGE][PASSED] - Object: 'Object Repository/Objects.HighlightElements/input_field_index' is focused

2020-05-29 23:59:23 - [TEST_STEP][PASSED] - setText(NewInputNmField, EnterValue): Text '' is set on object 'Object Repository/Objects.HighlightElements/input_field_index'

2020-05-29 23:59:24 - [MESSAGE][PASSED] - Text '' is set on object 'Object Repository/Objects.HighlightElements/input_field_index'

2020-05-29 23:59:24 - [TEST_STEP][PASSED] - for ([i = 1, i <= NoOfVal, (i++)]): Keys 'DOWN + ' sent to object: 'Object Repository/Objects.HighlightElements/input_field_index'

2020-05-29 23:59:24 - [TEST_STEP][PASSED] - sendKeys(NewInputNmField, Keys.chord(ARROW_DOWN)): Keys 'DOWN + ' sent to object: 'Object Repository/Objects.HighlightElements/input_field_index'

2020-05-29 23:59:24 - [MESSAGE][PASSED] - Keys 'DOWN + ' sent to object: 'Object Repository/Objects.HighlightElements/input_field_index'

2020-05-29 23:59:24 - [TEST_STEP][PASSED] - delay(DelayTime): Delayed 2 second(s)

2020-05-29 23:59:26 - [MESSAGE][PASSED] - Delayed 2 second(s)

2020-05-29 23:59:26 - [TEST_STEP][PASSED] - sendKeys(NewInputNmField, Keys.chord(ENTER)): Keys 'ENTER + ' sent to object: 'Object Repository/Objects.HighlightElements/input_field_index'

2020-05-29 23:59:26 - [MESSAGE][PASSED] - Keys 'ENTER + ' sent to object: 'Object Repository/Objects.HighlightElements/input_field_index'

2020-05-29 23:59:26 - [TEST_STEP][PASSED] - ComboBoxValue = getAttribute(NewInputNmField, "value"): Attribute 'value' of object 'Object Repository/Objects.HighlightElements/input_field_index' is: ''

2020-05-29 23:59:27 - [MESSAGE][PASSED] - Attribute 'value' of object 'Object Repository/Objects.HighlightElements/input_field_index' is: ''

2020-05-29 23:59:27 - [TEST_STEP][PASSED] - callTestCase(findTestCase(CallTCName), ["FindValue":ComboBoxValue, "DropdownNm":comboNm], STOP_ON_FAILURE): Call Test Case 'Test Cases/PFI Precision and Scale/HashMap Tables/ConstantHashMap' successfully

2020-05-29 23:59:27 - [TEST_CASE][PASSED] - Test Cases/PFI Precision and Scale/HashMap Tables/ConstantHashMap: Test Cases/PFI Precision and Scale/HashMap Tables/ConstantHashMap

2020-05-29 23:59:27 - [TEST_STEP][PASSED] - ConstantTBL = [1:["PeriodType":"Working Day(s)"], 2:["PeriodType":"Calendar Day(s)"], 3:["PeriodType":"Month(s)"], 4:["TypeOfLetter":"T1"], ... ]: null

2020-05-29 23:59:27 - [TEST_STEP][PASSED] - switch (DropdownNm): null

2020-05-29 23:59:27 - [TEST_STEP][PASSED] - case "OrderType":: null

2020-05-29 23:59:27 - [TEST_STEP][PASSED] - ValueFound = ConstantTBL.find({ -> ... }): null

2020-05-29 23:59:27 - [TEST_STEP][PASSED] - break: null

2020-05-29 23:59:27 - [MESSAGE][PASSED] - Call Test Case 'Test Cases/PFI Precision and Scale/HashMap Tables/ConstantHashMap' successfully

2020-05-29 23:59:27 - [TEST_STEP][PASSED] - println(ValueFound): null

2020-05-29 23:59:27 - [TEST_STEP][PASSED] - sendKeys(NewInputNmField, Keys.chord(ARROW_DOWN)): Keys 'DOWN + ' sent to object: 'Object Repository/Objects.HighlightElements/input_field_index'

2020-05-29 23:59:27 - [MESSAGE][PASSED] - Keys 'DOWN + ' sent to object: 'Object Repository/Objects.HighlightElements/input_field_index'

2020-05-29 23:59:27 - [TEST_STEP][PASSED] - sendKeys(NewInputNmField, Keys.chord(ARROW_DOWN)): Keys 'DOWN + ' sent to object: 'Object Repository/Objects.HighlightElements/input_field_index'

2020-05-29 23:59:27 - [MESSAGE][PASSED] - Keys 'DOWN + ' sent to object: 'Object Repository/Objects.HighlightElements/input_field_index'

2020-05-29 23:59:27 - [TEST_STEP][PASSED] - delay(DelayTime): Delayed 2 second(s)

2020-05-29 23:59:29 - [MESSAGE][PASSED] - Delayed 2 second(s)

2020-05-29 23:59:29 - [TEST_STEP][PASSED] - sendKeys(NewInputNmField, Keys.chord(ENTER)): Keys 'ENTER + ' sent to object: 'Object Repository/Objects.HighlightElements/input_field_index'

2020-05-29 23:59:30 - [MESSAGE][PASSED] - Keys 'ENTER + ' sent to object: 'Object Repository/Objects.HighlightElements/input_field_index'

2020-05-29 23:59:30 - [TEST_STEP][PASSED] - ComboBoxValue = getAttribute(NewInputNmField, "value"): Attribute 'value' of object 'Object Repository/Objects.HighlightElements/input_field_index' is: 'Section 13'

2020-05-29 23:59:30 - [MESSAGE][PASSED] - Attribute 'value' of object 'Object Repository/Objects.HighlightElements/input_field_index' is: 'Section 13'

2020-05-29 23:59:30 - [TEST_STEP][PASSED] - callTestCase(findTestCase(CallTCName), ["FindValue":ComboBoxValue, "DropdownNm":comboNm], STOP_ON_FAILURE): Call Test Case 'Test Cases/PFI Precision and Scale/HashMap Tables/ConstantHashMap' successfully

2020-05-29 23:59:30 - [TEST_CASE][PASSED] - Test Cases/PFI Precision and Scale/HashMap Tables/ConstantHashMap: Test Cases/PFI Precision and Scale/HashMap Tables/ConstantHashMap

2020-05-29 23:59:30 - [TEST_STEP][PASSED] - ConstantTBL = [1:["PeriodType":"Working Day(s)"], 2:["PeriodType":"Calendar Day(s)"], 3:["PeriodType":"Month(s)"], 4:["TypeOfLetter":"T1"], ... ]: null

2020-05-29 23:59:30 - [TEST_STEP][PASSED] - switch (DropdownNm): null

2020-05-29 23:59:30 - [TEST_STEP][PASSED] - case "OrderType":: null

2020-05-29 23:59:30 - [TEST_STEP][PASSED] - ValueFound = ConstantTBL.find({ -> ... }): null

2020-05-29 23:59:30 - [TEST_STEP][PASSED] - break: null

2020-05-29 23:59:30 - [MESSAGE][PASSED] - Call Test Case 'Test Cases/PFI Precision and Scale/HashMap Tables/ConstantHashMap' successfully

2020-05-29 23:59:30 - [TEST_STEP][PASSED] - println(ValueFound): null

2020-05-29 23:59:30 - [TEST_STEP][PASSED] - sendKeys(NewInputNmField, Keys.chord(ARROW_DOWN)): Keys 'DOWN + ' sent to object: 'Object Repository/Objects.HighlightElements/input_field_index'

2020-05-29 23:59:30 - [MESSAGE][PASSED] - Keys 'DOWN + ' sent to object: 'Object Repository/Objects.HighlightElements/input_field_index'

2020-05-29 23:59:30 - [TEST_STEP][PASSED] - sendKeys(NewInputNmField, Keys.chord(ARROW_DOWN)): Keys 'DOWN + ' sent to object: 'Object Repository/Objects.HighlightElements/input_field_index'

2020-05-29 23:59:31 - [MESSAGE][PASSED] - Keys 'DOWN + ' sent to object: 'Object Repository/Objects.HighlightElements/input_field_index'

2020-05-29 23:59:31 - [TEST_STEP][PASSED] - delay(DelayTime): Delayed 2 second(s)

2020-05-29 23:59:33 - [MESSAGE][PASSED] - Delayed 2 second(s)

2020-05-29 23:59:33 - [TEST_STEP][PASSED] - sendKeys(NewInputNmField, Keys.chord(ENTER)): Keys 'ENTER + ' sent to object: 'Object Repository/Objects.HighlightElements/input_field_index'

2020-05-29 23:59:33 - [MESSAGE][PASSED] - Keys 'ENTER + ' sent to object: 'Object Repository/Objects.HighlightElements/input_field_index'

2020-05-29 23:59:33 - [TEST_STEP][PASSED] - ComboBoxValue = getAttribute(NewInputNmField, "value"): Attribute 'value' of object 'Object Repository/Objects.HighlightElements/input_field_index' is: 'Section 19'

2020-05-29 23:59:34 - [MESSAGE][PASSED] - Attribute 'value' of object 'Object Repository/Objects.HighlightElements/input_field_index' is: 'Section 19'

2020-05-29 23:59:34 - [TEST_STEP][PASSED] - callTestCase(findTestCase(CallTCName), ["FindValue":ComboBoxValue, "DropdownNm":comboNm], STOP_ON_FAILURE): Call Test Case 'Test Cases/PFI Precision and Scale/HashMap Tables/ConstantHashMap' successfully

2020-05-29 23:59:34 - [TEST_CASE][PASSED] - Test Cases/PFI Precision and Scale/HashMap Tables/ConstantHashMap: Test Cases/PFI Precision and Scale/HashMap Tables/ConstantHashMap

2020-05-29 23:59:34 - [TEST_STEP][PASSED] - ConstantTBL = [1:["PeriodType":"Working Day(s)"], 2:["PeriodType":"Calendar Day(s)"], 3:["PeriodType":"Month(s)"], 4:["TypeOfLetter":"T1"], ... ]: null

2020-05-29 23:59:34 - [TEST_STEP][PASSED] - switch (DropdownNm): null

2020-05-29 23:59:34 - [TEST_STEP][PASSED] - case "OrderType":: null

2020-05-29 23:59:34 - [TEST_STEP][PASSED] - ValueFound = ConstantTBL.find({ -> ... }): null

2020-05-29 23:59:34 - [TEST_STEP][PASSED] - break: null

2020-05-29 23:59:34 - [MESSAGE][PASSED] - Call Test Case 'Test Cases/PFI Precision and Scale/HashMap Tables/ConstantHashMap' successfully

2020-05-29 23:59:34 - [TEST_STEP][PASSED] - println(ValueFound): null

2020-05-29 23:59:34 - [TEST_STEP][PASSED] - sendKeys(NewInputNmField, Keys.chord(ARROW_DOWN)): Keys 'DOWN + ' sent to object: 'Object Repository/Objects.HighlightElements/input_field_index'

2020-05-29 23:59:34 - [MESSAGE][PASSED] - Keys 'DOWN + ' sent to object: 'Object Repository/Objects.HighlightElements/input_field_index'

2020-05-29 23:59:34 - [TEST_STEP][PASSED] - sendKeys(NewInputNmField, Keys.chord(ARROW_DOWN)): Keys 'DOWN + ' sent to object: 'Object Repository/Objects.HighlightElements/input_field_index'

2020-05-29 23:59:34 - [MESSAGE][PASSED] - Keys 'DOWN + ' sent to object: 'Object Repository/Objects.HighlightElements/input_field_index'

2020-05-29 23:59:34 - [TEST_STEP][PASSED] - delay(DelayTime): Delayed 2 second(s)

2020-05-29 23:59:36 - [MESSAGE][PASSED] - Delayed 2 second(s)

2020-05-29 23:59:36 - [TEST_STEP][PASSED] - sendKeys(NewInputNmField, Keys.chord(ENTER)): Keys 'ENTER + ' sent to object: 'Object Repository/Objects.HighlightElements/input_field_index'

2020-05-29 23:59:37 - [MESSAGE][PASSED] - Keys 'ENTER + ' sent to object: 'Object Repository/Objects.HighlightElements/input_field_index'

2020-05-29 23:59:37 - [TEST_STEP][PASSED] - ComboBoxValue = getAttribute(NewInputNmField, "value"): Attribute 'value' of object 'Object Repository/Objects.HighlightElements/input_field_index' is: 'Section 25'

2020-05-29 23:59:37 - [MESSAGE][PASSED] - Attribute 'value' of object 'Object Repository/Objects.HighlightElements/input_field_index' is: 'Section 25'

2020-05-29 23:59:37 - [TEST_STEP][PASSED] - callTestCase(findTestCase(CallTCName), ["FindValue":ComboBoxValue, "DropdownNm":comboNm], STOP_ON_FAILURE): Call Test Case 'Test Cases/PFI Precision and Scale/HashMap Tables/ConstantHashMap' successfully

2020-05-29 23:59:37 - [TEST_CASE][PASSED] - Test Cases/PFI Precision and Scale/HashMap Tables/ConstantHashMap: Test Cases/PFI Precision and Scale/HashMap Tables/ConstantHashMap

2020-05-29 23:59:37 - [TEST_STEP][PASSED] - ConstantTBL = [1:["PeriodType":"Working Day(s)"], 2:["PeriodType":"Calendar Day(s)"], 3:["PeriodType":"Month(s)"], 4:["TypeOfLetter":"T1"], ... ]: null

2020-05-29 23:59:37 - [TEST_STEP][PASSED] - switch (DropdownNm): null

2020-05-29 23:59:37 - [TEST_STEP][PASSED] - case "OrderType":: null

2020-05-29 23:59:37 - [TEST_STEP][PASSED] - ValueFound = ConstantTBL.find({ -> ... }): null

2020-05-29 23:59:37 - [TEST_STEP][PASSED] - break: null

2020-05-29 23:59:37 - [MESSAGE][PASSED] - Call Test Case 'Test Cases/PFI Precision and Scale/HashMap Tables/ConstantHashMap' successfully

2020-05-29 23:59:37 - [TEST_STEP][PASSED] - println(ValueFound): null

2020-05-29 23:59:37 - [TEST_STEP][PASSED] - sendKeys(NewInputNmField, Keys.chord(ARROW_DOWN)): Keys 'DOWN + ' sent to object: 'Object Repository/Objects.HighlightElements/input_field_index'

2020-05-29 23:59:38 - [MESSAGE][PASSED] - Keys 'DOWN + ' sent to object: 'Object Repository/Objects.HighlightElements/input_field_index'

2020-05-29 23:59:38 - [TEST_STEP][PASSED] - sendKeys(NewInputNmField, Keys.chord(ARROW_DOWN)): Keys 'DOWN + ' sent to object: 'Object Repository/Objects.HighlightElements/input_field_index'

2020-05-29 23:59:38 - [MESSAGE][PASSED] - Keys 'DOWN + ' sent to object: 'Object Repository/Objects.HighlightElements/input_field_index'

2020-05-29 23:59:38 - [TEST_STEP][PASSED] - delay(DelayTime): Delayed 2 second(s)

2020-05-29 23:59:40 - [MESSAGE][PASSED] - Delayed 2 second(s)

2020-05-29 23:59:40 - [TEST_STEP][PASSED] - sendKeys(NewInputNmField, Keys.chord(ENTER)): Keys 'ENTER + ' sent to object: 'Object Repository/Objects.HighlightElements/input_field_index'

2020-05-29 23:59:40 - [MESSAGE][PASSED] - Keys 'ENTER + ' sent to object: 'Object Repository/Objects.HighlightElements/input_field_index'

2020-05-29 23:59:40 - [TEST_STEP][PASSED] - ComboBoxValue = getAttribute(NewInputNmField, "value"): Attribute 'value' of object 'Object Repository/Objects.HighlightElements/input_field_index' is: 'Section 43'

2020-05-29 23:59:41 - [MESSAGE][PASSED] - Attribute 'value' of object 'Object Repository/Objects.HighlightElements/input_field_index' is: 'Section 43'

2020-05-29 23:59:41 - [TEST_STEP][PASSED] - callTestCase(findTestCase(CallTCName), ["FindValue":ComboBoxValue, "DropdownNm":comboNm], STOP_ON_FAILURE): Call Test Case 'Test Cases/PFI Precision and Scale/HashMap Tables/ConstantHashMap' successfully

2020-05-29 23:59:41 - [TEST_CASE][PASSED] - Test Cases/PFI Precision and Scale/HashMap Tables/ConstantHashMap: Test Cases/PFI Precision and Scale/HashMap Tables/ConstantHashMap

2020-05-29 23:59:41 - [TEST_STEP][PASSED] - ConstantTBL = [1:["PeriodType":"Working Day(s)"], 2:["PeriodType":"Calendar Day(s)"], 3:["PeriodType":"Month(s)"], 4:["TypeOfLetter":"T1"], ... ]: null

2020-05-29 23:59:41 - [TEST_STEP][PASSED] - switch (DropdownNm): null

2020-05-29 23:59:41 - [TEST_STEP][PASSED] - case "OrderType":: null

2020-05-29 23:59:41 - [TEST_STEP][PASSED] - ValueFound = ConstantTBL.find({ -> ... }): null

2020-05-29 23:59:41 - [TEST_STEP][PASSED] - break: null

2020-05-29 23:59:41 - [MESSAGE][PASSED] - Call Test Case 'Test Cases/PFI Precision and Scale/HashMap Tables/ConstantHashMap' successfully

2020-05-29 23:59:41 - [TEST_STEP][PASSED] - println(ValueFound): null

2020-05-29 23:59:41 - [TEST_STEP][PASSED] - sendKeys(NewInputNmField, Keys.chord(ARROW_DOWN)): Keys 'DOWN + ' sent to object: 'Object Repository/Objects.HighlightElements/input_field_index'

2020-05-29 23:59:41 - [MESSAGE][PASSED] - Keys 'DOWN + ' sent to object: 'Object Repository/Objects.HighlightElements/input_field_index'

2020-05-29 23:59:41 - [TEST_STEP][PASSED] - sendKeys(NewInputNmField, Keys.chord(ARROW_DOWN)): Keys 'DOWN + ' sent to object: 'Object Repository/Objects.HighlightElements/input_field_index'

2020-05-29 23:59:42 - [MESSAGE][PASSED] - Keys 'DOWN + ' sent to object: 'Object Repository/Objects.HighlightElements/input_field_index'

2020-05-29 23:59:42 - [TEST_STEP][PASSED] - delay(DelayTime): Delayed 2 second(s)

2020-05-29 23:59:44 - [MESSAGE][PASSED] - Delayed 2 second(s)

2020-05-29 23:59:44 - [TEST_STEP][PASSED] - sendKeys(NewInputNmField, Keys.chord(ENTER)): Keys 'ENTER + ' sent to object: 'Object Repository/Objects.HighlightElements/input_field_index'

2020-05-29 23:59:44 - [MESSAGE][PASSED] - Keys 'ENTER + ' sent to object: 'Object Repository/Objects.HighlightElements/input_field_index'

2020-05-29 23:59:44 - [TEST_STEP][PASSED] - ComboBoxValue = getAttribute(NewInputNmField, "value"): Attribute 'value' of object 'Object Repository/Objects.HighlightElements/input_field_index' is: 'Section 5'

2020-05-29 23:59:44 - [MESSAGE][PASSED] - Attribute 'value' of object 'Object Repository/Objects.HighlightElements/input_field_index' is: 'Section 5'

2020-05-29 23:59:44 - [TEST_STEP][PASSED] - callTestCase(findTestCase(CallTCName), ["FindValue":ComboBoxValue, "DropdownNm":comboNm], STOP_ON_FAILURE): Call Test Case 'Test Cases/PFI Precision and Scale/HashMap Tables/ConstantHashMap' successfully

2020-05-29 23:59:44 - [TEST_CASE][PASSED] - Test Cases/PFI Precision and Scale/HashMap Tables/ConstantHashMap: Test Cases/PFI Precision and Scale/HashMap Tables/ConstantHashMap

2020-05-29 23:59:44 - [TEST_STEP][PASSED] - ConstantTBL = [1:["PeriodType":"Working Day(s)"], 2:["PeriodType":"Calendar Day(s)"], 3:["PeriodType":"Month(s)"], 4:["TypeOfLetter":"T1"], ... ]: null

2020-05-29 23:59:44 - [TEST_STEP][PASSED] - switch (DropdownNm): null

2020-05-29 23:59:44 - [TEST_STEP][PASSED] - case "OrderType":: null

2020-05-29 23:59:44 - [TEST_STEP][PASSED] - ValueFound = ConstantTBL.find({ -> ... }): null

2020-05-29 23:59:44 - [TEST_STEP][PASSED] - break: null

2020-05-29 23:59:44 - [MESSAGE][PASSED] - Call Test Case 'Test Cases/PFI Precision and Scale/HashMap Tables/ConstantHashMap' successfully

2020-05-29 23:59:44 - [TEST_STEP][PASSED] - println(ValueFound): null

2020-05-29 23:59:44 - [TEST_STEP][PASSED] - sendKeys(NewInputNmField, Keys.chord(ARROW_DOWN)): Keys 'DOWN + ' sent to object: 'Object Repository/Objects.HighlightElements/input_field_index'

2020-05-29 23:59:45 - [MESSAGE][PASSED] - Keys 'DOWN + ' sent to object: 'Object Repository/Objects.HighlightElements/input_field_index'

2020-05-29 23:59:45 - [TEST_STEP][PASSED] - sendKeys(NewInputNmField, Keys.chord(ARROW_DOWN)): Keys 'DOWN + ' sent to object: 'Object Repository/Objects.HighlightElements/input_field_index'

2020-05-29 23:59:45 - [MESSAGE][PASSED] - Keys 'DOWN + ' sent to object: 'Object Repository/Objects.HighlightElements/input_field_index'

2020-05-29 23:59:45 - [TEST_STEP][PASSED] - delay(DelayTime): Delayed 2 second(s)

2020-05-29 23:59:47 - [MESSAGE][PASSED] - Delayed 2 second(s)

2020-05-29 23:59:47 - [TEST_STEP][PASSED] - sendKeys(NewInputNmField, Keys.chord(ENTER)): Keys 'ENTER + ' sent to object: 'Object Repository/Objects.HighlightElements/input_field_index'

2020-05-29 23:59:47 - [MESSAGE][PASSED] - Keys 'ENTER + ' sent to object: 'Object Repository/Objects.HighlightElements/input_field_index'

2020-05-29 23:59:47 - [TEST_STEP][PASSED] - ComboBoxValue = getAttribute(NewInputNmField, "value"): Attribute 'value' of object 'Object Repository/Objects.HighlightElements/input_field_index' is: 'Section 23 '

2020-05-29 23:59:48 - [MESSAGE][PASSED] - Attribute 'value' of object 'Object Repository/Objects.HighlightElements/input_field_index' is: 'Section 23 '

2020-05-29 23:59:48 - [TEST_STEP][PASSED] - callTestCase(findTestCase(CallTCName), ["FindValue":ComboBoxValue, "DropdownNm":comboNm], STOP_ON_FAILURE): Call Test Case 'Test Cases/PFI Precision and Scale/HashMap Tables/ConstantHashMap' successfully

2020-05-29 23:59:48 - [TEST_CASE][PASSED] - Test Cases/PFI Precision and Scale/HashMap Tables/ConstantHashMap: Test Cases/PFI Precision and Scale/HashMap Tables/ConstantHashMap

2020-05-29 23:59:48 - [TEST_STEP][PASSED] - ConstantTBL = [1:["PeriodType":"Working Day(s)"], 2:["PeriodType":"Calendar Day(s)"], 3:["PeriodType":"Month(s)"], 4:["TypeOfLetter":"T1"], ... ]: null

2020-05-29 23:59:48 - [TEST_STEP][PASSED] - switch (DropdownNm): null

2020-05-29 23:59:48 - [TEST_STEP][PASSED] - case "OrderType":: null

2020-05-29 23:59:48 - [TEST_STEP][PASSED] - ValueFound = ConstantTBL.find({ -> ... }): null

2020-05-29 23:59:48 - [TEST_STEP][PASSED] - break: null

2020-05-29 23:59:48 - [MESSAGE][PASSED] - Call Test Case 'Test Cases/PFI Precision and Scale/HashMap Tables/ConstantHashMap' successfully

2020-05-29 23:59:48 - [TEST_STEP][PASSED] - println(ValueFound): null

2020-05-29 23:59:48 - [TEST_STEP][PASSED] - sendKeys(NewInputNmField, Keys.chord(ARROW_DOWN)): Keys 'DOWN + ' sent to object: 'Object Repository/Objects.HighlightElements/input_field_index'

2020-05-29 23:59:48 - [MESSAGE][PASSED] - Keys 'DOWN + ' sent to object: 'Object Repository/Objects.HighlightElements/input_field_index'

2020-05-29 23:59:48 - [TEST_STEP][PASSED] - sendKeys(NewInputNmField, Keys.chord(ARROW_DOWN)): Keys 'DOWN + ' sent to object: 'Object Repository/Objects.HighlightElements/input_field_index'

2020-05-29 23:59:49 - [MESSAGE][PASSED] - Keys 'DOWN + ' sent to object: 'Object Repository/Objects.HighlightElements/input_field_index'

2020-05-29 23:59:49 - [TEST_STEP][PASSED] - delay(DelayTime): Delayed 2 second(s)

2020-05-29 23:59:51 - [MESSAGE][PASSED] - Delayed 2 second(s)

2020-05-29 23:59:51 - [TEST_STEP][PASSED] - sendKeys(NewInputNmField, Keys.chord(ENTER)): Keys 'ENTER + ' sent to object: 'Object Repository/Objects.HighlightElements/input_field_index'

2020-05-29 23:59:51 - [MESSAGE][PASSED] - Keys 'ENTER + ' sent to object: 'Object Repository/Objects.HighlightElements/input_field_index'

2020-05-29 23:59:51 - [TEST_STEP][PASSED] - ComboBoxValue = getAttribute(NewInputNmField, "value"): Attribute 'value' of object 'Object Repository/Objects.HighlightElements/input_field_index' is: 'Section 24'

2020-05-29 23:59:51 - [MESSAGE][PASSED] - Attribute 'value' of object 'Object Repository/Objects.HighlightElements/input_field_index' is: 'Section 24'

2020-05-29 23:59:51 - [TEST_STEP][PASSED] - callTestCase(findTestCase(CallTCName), ["FindValue":ComboBoxValue, "DropdownNm":comboNm], STOP_ON_FAILURE): Call Test Case 'Test Cases/PFI Precision and Scale/HashMap Tables/ConstantHashMap' successfully

2020-05-29 23:59:51 - [TEST_CASE][PASSED] - Test Cases/PFI Precision and Scale/HashMap Tables/ConstantHashMap: Test Cases/PFI Precision and Scale/HashMap Tables/ConstantHashMap

2020-05-29 23:59:51 - [TEST_STEP][PASSED] - ConstantTBL = [1:["PeriodType":"Working Day(s)"], 2:["PeriodType":"Calendar Day(s)"], 3:["PeriodType":"Month(s)"], 4:["TypeOfLetter":"T1"], ... ]: null

2020-05-29 23:59:51 - [TEST_STEP][PASSED] - switch (DropdownNm): null

2020-05-29 23:59:51 - [TEST_STEP][PASSED] - case "OrderType":: null

2020-05-29 23:59:51 - [TEST_STEP][PASSED] - ValueFound = ConstantTBL.find({ -> ... }): null

2020-05-29 23:59:51 - [TEST_STEP][PASSED] - break: null

2020-05-29 23:59:51 - [MESSAGE][PASSED] - Call Test Case 'Test Cases/PFI Precision and Scale/HashMap Tables/ConstantHashMap' successfully

2020-05-29 23:59:51 - [TEST_STEP][PASSED] - println(ValueFound): null

2020-05-29 23:59:51 - [TEST_STEP][PASSED] - sendKeys(NewInputNmField, Keys.chord(ARROW_DOWN)): Keys 'DOWN + ' sent to object: 'Object Repository/Objects.HighlightElements/input_field_index'

2020-05-29 23:59:52 - [MESSAGE][PASSED] - Keys 'DOWN + ' sent to object: 'Object Repository/Objects.HighlightElements/input_field_index'

2020-05-29 23:59:52 - [TEST_STEP][PASSED] - sendKeys(NewInputNmField, Keys.chord(ENTER)): Keys 'ENTER + ' sent to object: 'Object Repository/Objects.HighlightElements/input_field_index'

2020-05-29 23:59:52 - [MESSAGE][PASSED] - Keys 'ENTER + ' sent to object: 'Object Repository/Objects.HighlightElements/input_field_index'

2020-05-29 23:59:52 - [MESSAGE][PASSED] - Call Test Case 'Test Cases/PFI Precision and Scale/PFI Components with Indexing/VerifyDropdownValuesXPI' successfully

2020-05-29 23:59:52 - [TEST_STEP][PASSED] - callTestCase(findTestCase("Components/HighlightLabelFieldXPI"), ["LblName":"Bldg Grp Id", "index":1], STOP_ON_FAILURE): Call Test Case 'Test Cases/Components/HighlightLabelFieldXPI' successfully

2020-05-29 23:59:52 - [TEST_CASE][PASSED] - Test Cases/Components/HighlightLabelFieldXPI: Test Cases/Components/HighlightLabelFieldXPI

2020-05-29 23:59:52 - [TEST_STEP][PASSED] - Thread.sleep(1000): null

2020-05-29 23:59:53 - [TEST_STEP][PASSED] - modifiedLblNm = modifyObjectProperty(findTestObject("Object Repository/Objects.HighlightElements/lblField_index"), "xpath", "equals", "(//*[contains(@class, 'x-form-item-label-inner x-form-item-label-inner-default') and contains(., '" + LblName + "')])[" + index + "]", true): Modify property of object successfully

2020-05-29 23:59:53 - [MESSAGE][PASSED] - Modify property of object successfully

2020-05-29 23:59:53 - [TEST_STEP][PASSED] - com.reusableComponents.HighlightElement.run(modifiedLblNm): com.reusableComponents.HighlightElement.run is PASSED

2020-05-29 23:59:54 - [MESSAGE][PASSED] - com.reusableComponents.HighlightElement.run is PASSED

2020-05-29 23:59:54 - [MESSAGE][PASSED] - Call Test Case 'Test Cases/Components/HighlightLabelFieldXPI' successfully

2020-05-29 23:59:54 - [TEST_STEP][PASSED] - callTestCase(findTestCase("Components/HighlightInputFieldXPI"), ["FldNm":"bldgGrpId", "index":1], STOP_ON_FAILURE): Call Test Case 'Test Cases/Components/HighlightInputFieldXPI' successfully

2020-05-29 23:59:54 - [TEST_CASE][PASSED] - Test Cases/Components/HighlightInputFieldXPI: Test Cases/Components/HighlightInputFieldXPI

2020-05-29 23:59:54 - [TEST_STEP][PASSED] - Thread.sleep(1000): null

2020-05-29 23:59:55 - [TEST_STEP][PASSED] - modifiedInputNm = modifyObjectProperty(findTestObject("Object Repository/Objects.HighlightElements/input_field_index"), "xpath", "equals", "(//*[contains(@name, '" + FldNm + "')])[" + index + "]", true): Modify property of object successfully

2020-05-29 23:59:55 - [MESSAGE][PASSED] - Modify property of object successfully

2020-05-29 23:59:55 - [TEST_STEP][PASSED] - com.reusableComponents.HighlightElement.run(modifiedInputNm): com.reusableComponents.HighlightElement.run is PASSED

2020-05-29 23:59:56 - [MESSAGE][PASSED] - com.reusableComponents.HighlightElement.run is PASSED

2020-05-29 23:59:56 - [MESSAGE][PASSED] - Call Test Case 'Test Cases/Components/HighlightInputFieldXPI' successfully

2020-05-29 23:59:56 - [TEST_STEP][PASSED] - callTestCase(findTestCase("PFI Precision and Scale/PFI Components with Indexing/VerifyDefaultValueIndex"), ["FieldNm":"bldgGrpId", "index":1, "labelNm":"Group Building ID:", "i":1], STOP_ON_FAILURE): Call Test Case 'Test Cases/PFI Precision and Scale/PFI Components with Indexing/VerifyDefaultValueIndex' successfully

2020-05-29 23:59:56 - [TEST_CASE][PASSED] - Test Cases/PFI Precision and Scale/PFI Components with Indexing/VerifyDefaultValueIndex: Test Cases/PFI Precision and Scale/PFI Components with Indexing/VerifyDefaultValueIndex

2020-05-29 23:59:56 - [TEST_STEP][PASSED] - Thread.sleep(1000): null

2020-05-29 23:59:57 - [TEST_STEP][PASSED] - NewFieldNm = modifyObjectProperty(findTestObject("Object Repository/Objects.HighlightElements/input_field_index"), "xpath", "equals", "(//*[contains(@name,'" + FieldNm + "')])[" + index + "]", true): Modify property of object successfully

2020-05-29 23:59:57 - [MESSAGE][PASSED] - Modify property of object successfully

2020-05-29 23:59:57 - [TEST_STEP][PASSED] - focus(NewFieldNm): Object: 'Object Repository/Objects.HighlightElements/input_field_index' is focused

2020-05-29 23:59:57 - [MESSAGE][PASSED] - Object: 'Object Repository/Objects.HighlightElements/input_field_index' is focused

2020-05-29 23:59:57 - [TEST_STEP][PASSED] - DefVal = getAttribute(NewFieldNm, "value", STOP_ON_FAILURE): Attribute 'value' of object 'Object Repository/Objects.HighlightElements/input_field_index' is: '00741-1998-BPAA001/000'

2020-05-29 23:59:57 - [MESSAGE][PASSED] - Attribute 'value' of object 'Object Repository/Objects.HighlightElements/input_field_index' is: '00741-1998-BPAA001/000'

2020-05-29 23:59:57 - [TEST_STEP][PASSED] - switch (FieldNm): null

2020-05-29 23:59:57 - [TEST_STEP][PASSED] - case "bldgGrpId":: null

2020-05-29 23:59:57 - [TEST_STEP][PASSED] - callTestCase(findTestCase("Components/NavigateToAnyLHS"), ["LHS":"Summary"], STOP_ON_FAILURE): Call Test Case 'Test Cases/Components/NavigateToAnyLHS' successfully

2020-05-29 23:59:58 - [TEST_CASE][PASSED] - Test Cases/Components/NavigateToAnyLHS: Test Cases/Components/NavigateToAnyLHS

2020-05-29 23:59:58 - [TEST_STEP][PASSED] - Thread.sleep(1000): null

2020-05-29 23:59:59 - [TEST_STEP][PASSED] - modifiedLHS = modifyObjectProperty(findTestObject("Objects.NavigateToAnyLHS/Page_ISPS2/LHSToModify"), "text", "equals", LHS, true): Modify property of object successfully

2020-05-29 23:59:59 - [MESSAGE][PASSED] - Modify property of object successfully

2020-05-29 23:59:59 - [TEST_STEP][PASSED] - click(modifiedLHS): Object: 'Object Repository/Objects.NavigateToAnyLHS/Page_ISPS2/LHSToModify' is clicked on

2020-05-29 23:59:59 - [MESSAGE][PASSED] - Object: 'Object Repository/Objects.NavigateToAnyLHS/Page_ISPS2/LHSToModify' is clicked on

2020-05-29 23:59:59 - [TEST_STEP][PASSED] - currentLHS = getText(modifiedLHS): Text of object 'Object Repository/Objects.NavigateToAnyLHS/Page_ISPS2/LHSToModify' is: 'Summary'

2020-05-30 00:00:11 - [MESSAGE][PASSED] - Text of object 'Object Repository/Objects.NavigateToAnyLHS/Page_ISPS2/LHSToModify' is: 'Summary'

2020-05-30 00:00:11 - [TEST_STEP][PASSED] - Thread.sleep(5000): null

2020-05-30 00:00:16 - [MESSAGE][PASSED] - Call Test Case 'Test Cases/Components/NavigateToAnyLHS' successfully

2020-05-30 00:00:16 - [TEST_STEP][PASSED] - modifiedLabelFld = modifyObjectProperty(NewFieldNm, "xpath", "equals", "//*[text()='" + labelNm + "']//following::div[" + i + "]", true): Modify property of object successfully

2020-05-30 00:00:16 - [MESSAGE][PASSED] - Modify property of object successfully

2020-05-30 00:00:16 - [TEST_STEP][PASSED] - BldgID = getText(modifiedLabelFld): Text of object 'Object Repository/Objects.HighlightElements/input_field_index' is: '00741-1998-BPAA001/000'

2020-05-30 00:00:16 - [MESSAGE][PASSED] - Text of object 'Object Repository/Objects.HighlightElements/input_field_index' is: '00741-1998-BPAA001/000'

2020-05-30 00:00:16 - [TEST_STEP][PASSED] - com.reusableComponents.HighlightElement.run(modifiedLabelFld): com.reusableComponents.HighlightElement.run is PASSED

2020-05-30 00:00:17 - [MESSAGE][PASSED] - com.reusableComponents.HighlightElement.run is PASSED

2020-05-30 00:00:17 - [TEST_STEP][PASSED] - verifyMatch(DefVal, BldgID, true, STOP_ON_FAILURE): Actual text '00741-1998-BPAA001/000' and expected text '00741-1998-BPAA001/000' are matched  using regular expression

2020-05-30 00:00:17 - [MESSAGE][PASSED] - Actual text '00741-1998-BPAA001/000' and expected text '00741-1998-BPAA001/000' are matched  using regular expression

2020-05-30 00:00:17 - [TEST_STEP][PASSED] - callTestCase(findTestCase("Components/NavigateToAnyLHS"), ["LHS":"Court Actions"], STOP_ON_FAILURE): Call Test Case 'Test Cases/Components/NavigateToAnyLHS' successfully

2020-05-30 00:00:17 - [TEST_CASE][PASSED] - Test Cases/Components/NavigateToAnyLHS: Test Cases/Components/NavigateToAnyLHS

2020-05-30 00:00:17 - [TEST_STEP][PASSED] - Thread.sleep(1000): null

2020-05-30 00:00:18 - [TEST_STEP][PASSED] - modifiedLHS = modifyObjectProperty(findTestObject("Objects.NavigateToAnyLHS/Page_ISPS2/LHSToModify"), "text", "equals", LHS, true): Modify property of object successfully

2020-05-30 00:00:18 - [MESSAGE][PASSED] - Modify property of object successfully

2020-05-30 00:00:18 - [TEST_STEP][PASSED] - click(modifiedLHS): Object: 'Object Repository/Objects.NavigateToAnyLHS/Page_ISPS2/LHSToModify' is clicked on

2020-05-30 00:00:18 - [MESSAGE][PASSED] - Object: 'Object Repository/Objects.NavigateToAnyLHS/Page_ISPS2/LHSToModify' is clicked on

2020-05-30 00:00:18 - [TEST_STEP][PASSED] - currentLHS = getText(modifiedLHS): Text of object 'Object Repository/Objects.NavigateToAnyLHS/Page_ISPS2/LHSToModify' is: 'Court Actions'

2020-05-30 00:00:20 - [MESSAGE][PASSED] - Text of object 'Object Repository/Objects.NavigateToAnyLHS/Page_ISPS2/LHSToModify' is: 'Court Actions'

2020-05-30 00:00:20 - [TEST_STEP][PASSED] - Thread.sleep(5000): null

2020-05-30 00:00:25 - [MESSAGE][PASSED] - Call Test Case 'Test Cases/Components/NavigateToAnyLHS' successfully

2020-05-30 00:00:25 - [TEST_STEP][PASSED] - break: null

2020-05-30 00:00:25 - [MESSAGE][PASSED] - Call Test Case 'Test Cases/PFI Precision and Scale/PFI Components with Indexing/VerifyDefaultValueIndex' successfully

2020-05-30 00:00:25 - [TEST_STEP][PASSED] - callTestCase(findTestCase("Components/SelectAllThenDeleteXPI"), ["nameToBeUsed":"bldgGrpId", "index":1], STOP_ON_FAILURE): Call Test Case 'Test Cases/Components/SelectAllThenDeleteXPI' successfully

2020-05-30 00:00:25 - [TEST_CASE][PASSED] - Test Cases/Components/SelectAllThenDeleteXPI: Test Cases/Components/SelectAllThenDeleteXPI

2020-05-30 00:00:25 - [TEST_STEP][PASSED] - Thread.sleep(1000): null

2020-05-30 00:00:26 - [TEST_STEP][PASSED] - modifiedObj = modifyObjectProperty(findTestObject("Object Repository/Objects.HighlightElements/input_field_index"), "xpath", "equals", "(//*[contains(@name,'" + nameToBeUsed + "')])[" + index + "]", true): Modify property of object successfully

2020-05-30 00:00:26 - [MESSAGE][PASSED] - Modify property of object successfully

2020-05-30 00:00:26 - [TEST_STEP][PASSED] - focus(modifiedObj): Object: 'Object Repository/Objects.HighlightElements/input_field_index' is focused

2020-05-30 00:00:26 - [MESSAGE][PASSED] - Object: 'Object Repository/Objects.HighlightElements/input_field_index' is focused

2020-05-30 00:00:26 - [TEST_STEP][PASSED] - sendKeys(modifiedObj, Keys.chord(CONTROL, "a")): Keys 'CONTROL + a' sent to object: 'Object Repository/Objects.HighlightElements/input_field_index'

2020-05-30 00:00:26 - [MESSAGE][PASSED] - Keys 'CONTROL + a' sent to object: 'Object Repository/Objects.HighlightElements/input_field_index'

2020-05-30 00:00:26 - [TEST_STEP][PASSED] - sendKeys(modifiedObj, Keys.chord(DELETE)): Keys 'DELETE + ' sent to object: 'Object Repository/Objects.HighlightElements/input_field_index'

2020-05-30 00:00:26 - [MESSAGE][PASSED] - Keys 'DELETE + ' sent to object: 'Object Repository/Objects.HighlightElements/input_field_index'

2020-05-30 00:00:26 - [MESSAGE][PASSED] - Call Test Case 'Test Cases/Components/SelectAllThenDeleteXPI' successfully

2020-05-30 00:00:26 - [TEST_STEP][PASSED] - callTestCase(findTestCase("PFI Precision and Scale/PFI Components with Indexing/AlphaNumericSpecialValidationIndex"), ["FldNm":"bldgGrpId", "LenChar":10, "index":1], STOP_ON_FAILURE): Call Test Case 'Test Cases/PFI Precision and Scale/PFI Components with Indexing/AlphaNumericSpecialValidationIndex' successfully

2020-05-30 00:00:26 - [TEST_CASE][PASSED] - Test Cases/PFI Precision and Scale/PFI Components with Indexing/AlphaNumericSpecialValidationIndex: Test Cases/PFI Precision and Scale/PFI Components with Indexing/AlphaNumericSpecialValidationIndex

2020-05-30 00:00:27 - [TEST_STEP][PASSED] - charset = /?><"".join(): null

2020-05-30 00:00:27 - [TEST_STEP][PASSED] - AlphaNumeric = 9).join(): null

2020-05-30 00:00:27 - [TEST_STEP][PASSED] - SpecialChar = "`~!@#$%^&*()-=+_{}|\][;'":,./?><"": null

2020-05-30 00:00:27 - [TEST_STEP][PASSED] - RandomString = RandomStringUtils.random(LenChar, AlphaNumeric.toCharArray()): null

2020-05-30 00:00:27 - [TEST_STEP][PASSED] - RdmSpChar = RandomStringUtils.random(LenChar, SpecialChar): null

2020-05-30 00:00:27 - [TEST_STEP][PASSED] - regexPat = Pattern.compile("^[A-Za-z0-9 ]+$"): null

2020-05-30 00:00:27 - [TEST_STEP][PASSED] - NewInputNmField = modifyObjectProperty(findTestObject("Object Repository/Objects.HighlightElements/input_field_index"), "xpath", "equals", "(//*[contains(@class,'x-form-text') and (@name='" + FldNm + "')])[" + index + "]", true): Modify property of object successfully

2020-05-30 00:00:27 - [MESSAGE][PASSED] - Modify property of object successfully

2020-05-30 00:00:27 - [TEST_STEP][PASSED] - setText(NewInputNmField, RandomString): Text 'WkKIT9r8yb' is set on object 'Object Repository/Objects.HighlightElements/input_field_index'

2020-05-30 00:00:27 - [MESSAGE][PASSED] - Text 'WkKIT9r8yb' is set on object 'Object Repository/Objects.HighlightElements/input_field_index'

2020-05-30 00:00:27 - [TEST_STEP][PASSED] - RemarksAN = getAttribute(NewInputNmField, "value"): Attribute 'value' of object 'Object Repository/Objects.HighlightElements/input_field_index' is: 'WkKIT9r8yb'

2020-05-30 00:00:27 - [MESSAGE][PASSED] - Attribute 'value' of object 'Object Repository/Objects.HighlightElements/input_field_index' is: 'WkKIT9r8yb'

2020-05-30 00:00:27 - [TEST_STEP][PASSED] - matchStr = regexPat.matcher(RemarksAN): null

2020-05-30 00:00:27 - [TEST_STEP][PASSED] - if (matchStr.matches() == true): Accepting Alphanumeric

2020-05-30 00:00:27 - [TEST_STEP][PASSED] - comment("Accepting Alphanumeric"): Accepting Alphanumeric

2020-05-30 00:00:27 - [MESSAGE][INFO] - Accepting Alphanumeric

2020-05-30 00:00:27 - [TEST_STEP][PASSED] - setText(NewInputNmField, RdmSpChar): Text '^$$+(,~:~=' is set on object 'Object Repository/Objects.HighlightElements/input_field_index'

2020-05-30 00:00:28 - [MESSAGE][PASSED] - Text '^$$+(,~:~=' is set on object 'Object Repository/Objects.HighlightElements/input_field_index'

2020-05-30 00:00:28 - [TEST_STEP][PASSED] - RemarksSpChar = getAttribute(NewInputNmField, "value"): Attribute 'value' of object 'Object Repository/Objects.HighlightElements/input_field_index' is: '^$$+(,~:~='

2020-05-30 00:00:28 - [MESSAGE][PASSED] - Attribute 'value' of object 'Object Repository/Objects.HighlightElements/input_field_index' is: '^$$+(,~:~='

2020-05-30 00:00:28 - [TEST_STEP][PASSED] - matchSp = regexPat.matcher(RemarksSpChar): null

2020-05-30 00:00:28 - [TEST_STEP][PASSED] - if (matchSp.matches() == false): Accepting Special Characters

2020-05-30 00:00:28 - [TEST_STEP][PASSED] - comment("Accepting Special Characters"): Accepting Special Characters

2020-05-30 00:00:28 - [MESSAGE][INFO] - Accepting Special Characters

2020-05-30 00:00:28 - [MESSAGE][PASSED] - Call Test Case 'Test Cases/PFI Precision and Scale/PFI Components with Indexing/AlphaNumericSpecialValidationIndex' successfully

2020-05-30 00:00:28 - [TEST_STEP][PASSED] - callTestCase(findTestCase("PFI Precision and Scale/PFI Components with Indexing/MaxCharLengthIndexValidation"), ["FieldNm":"bldgGrpId", "index":1, "MaxCharLen":101], STOP_ON_FAILURE): Call Test Case 'Test Cases/PFI Precision and Scale/PFI Components with Indexing/MaxCharLengthIndexValidation' successfully

2020-05-30 00:00:28 - [TEST_CASE][PASSED] - Test Cases/PFI Precision and Scale/PFI Components with Indexing/MaxCharLengthIndexValidation: Test Cases/PFI Precision and Scale/PFI Components with Indexing/MaxCharLengthIndexValidation

2020-05-30 00:00:28 - [TEST_STEP][PASSED] - Thread.sleep(1000): null

2020-05-30 00:00:29 - [TEST_STEP][PASSED] - CharLengthTBL = ["aoNotes":4000, "notes":4000, "hseBlkNo":10, "buildingName":100, "unformattedAddress":4000, "courtNo":20, "caseGrpDesc":4000, ... ]: null

2020-05-30 00:00:29 - [TEST_STEP][PASSED] - charset = /?><"".join(): null

2020-05-30 00:00:29 - [TEST_STEP][PASSED] - RandomStringVal = RandomStringUtils.random(MaxCharLen, charset.toCharArray()): null

2020-05-30 00:00:29 - [TEST_STEP][PASSED] - NewInputNmField = modifyObjectProperty(findTestObject("Object Repository/Objects.HighlightElements/input_field_index"), "xpath", "equals", "(//*[contains(@class,'x-form-text') and (@name='" + FieldNm + "')])[" + index + "]", true): Modify property of object successfully

2020-05-30 00:00:29 - [MESSAGE][PASSED] - Modify property of object successfully

2020-05-30 00:00:29 - [TEST_STEP][PASSED] - setText(NewInputNmField, RandomStringVal): Text '}HT.nf-@YP>}\&(2^xux0z%954_asZOp+Mcz}\eX"XDU"3!osEw1C5Xhx13xBYk\SJm]"e/Z2Chm~.O^>y7_||$=x3~XMCK4q9WI\' is set on object 'Object Repository/Objects.HighlightElements/input_field_index'

2020-05-30 00:00:31 - [MESSAGE][PASSED] - Text '}HT.nf-@YP>}\&(2^xux0z%954_asZOp+Mcz}\eX"XDU"3!osEw1C5Xhx13xBYk\SJm]"e/Z2Chm~.O^>y7_||$=x3~XMCK4q9WI\' is set on object 'Object Repository/Objects.HighlightElements/input_field_index'

2020-05-30 00:00:31 - [TEST_STEP][PASSED] - GetInputValue = getAttribute(NewInputNmField, "value", STOP_ON_FAILURE): Attribute 'value' of object 'Object Repository/Objects.HighlightElements/input_field_index' is: '}HT.nf-@YP>}\&(2^xux0z%954_asZOp+Mcz}\eX"XDU"3!osEw1C5Xhx13xBYk\SJm]"e/Z2Chm~.O^>y7_||$=x3~XMCK4q9WI'

2020-05-30 00:00:31 - [MESSAGE][PASSED] - Attribute 'value' of object 'Object Repository/Objects.HighlightElements/input_field_index' is: '}HT.nf-@YP>}\&(2^xux0z%954_asZOp+Mcz}\eX"XDU"3!osEw1C5Xhx13xBYk\SJm]"e/Z2Chm~.O^>y7_||$=x3~XMCK4q9WI'

2020-05-30 00:00:31 - [TEST_STEP][PASSED] - GetLenChar = GetInputValue.length(): null

2020-05-30 00:00:31 - [TEST_STEP][PASSED] - MaxLength = CharLengthTBL.get(FieldNm): null

2020-05-30 00:00:31 - [TEST_STEP][PASSED] - if (MaxLength != null): Actual object '100' and expected object '100' are equal

2020-05-30 00:00:31 - [TEST_STEP][PASSED] - verifyEqual(GetLenChar, MaxLength): Actual object '100' and expected object '100' are equal

2020-05-30 00:00:31 - [MESSAGE][PASSED] - Actual object '100' and expected object '100' are equal

2020-05-30 00:00:31 - [MESSAGE][PASSED] - Call Test Case 'Test Cases/PFI Precision and Scale/PFI Components with Indexing/MaxCharLengthIndexValidation' successfully

2020-05-30 00:00:31 - [TEST_STEP][PASSED] - callTestCase(findTestCase("Components/HighlightLabelFieldXPI"), ["LblName":"Complaint Date", "index":1], STOP_ON_FAILURE): Call Test Case 'Test Cases/Components/HighlightLabelFieldXPI' successfully

2020-05-30 00:00:31 - [TEST_CASE][PASSED] - Test Cases/Components/HighlightLabelFieldXPI: Test Cases/Components/HighlightLabelFieldXPI

2020-05-30 00:00:31 - [TEST_STEP][PASSED] - Thread.sleep(1000): null

2020-05-30 00:00:32 - [TEST_STEP][PASSED] - modifiedLblNm = modifyObjectProperty(findTestObject("Object Repository/Objects.HighlightElements/lblField_index"), "xpath", "equals", "(//*[contains(@class, 'x-form-item-label-inner x-form-item-label-inner-default') and contains(., '" + LblName + "')])[" + index + "]", true): Modify property of object successfully

2020-05-30 00:00:32 - [MESSAGE][PASSED] - Modify property of object successfully

2020-05-30 00:00:32 - [TEST_STEP][PASSED] - com.reusableComponents.HighlightElement.run(modifiedLblNm): com.reusableComponents.HighlightElement.run is PASSED

2020-05-30 00:00:33 - [MESSAGE][PASSED] - com.reusableComponents.HighlightElement.run is PASSED

2020-05-30 00:00:33 - [MESSAGE][PASSED] - Call Test Case 'Test Cases/Components/HighlightLabelFieldXPI' successfully

2020-05-30 00:00:33 - [TEST_STEP][PASSED] - callTestCase(findTestCase("Components/HighlightInputFieldXPI"), ["FldNm":"complaintDt", "index":1], STOP_ON_FAILURE): Call Test Case 'Test Cases/Components/HighlightInputFieldXPI' successfully

2020-05-30 00:00:33 - [TEST_CASE][PASSED] - Test Cases/Components/HighlightInputFieldXPI: Test Cases/Components/HighlightInputFieldXPI

2020-05-30 00:00:33 - [TEST_STEP][PASSED] - Thread.sleep(1000): null

2020-05-30 00:00:34 - [TEST_STEP][PASSED] - modifiedInputNm = modifyObjectProperty(findTestObject("Object Repository/Objects.HighlightElements/input_field_index"), "xpath", "equals", "(//*[contains(@name, '" + FldNm + "')])[" + index + "]", true): Modify property of object successfully

2020-05-30 00:00:34 - [MESSAGE][PASSED] - Modify property of object successfully

2020-05-30 00:00:34 - [TEST_STEP][PASSED] - com.reusableComponents.HighlightElement.run(modifiedInputNm): com.reusableComponents.HighlightElement.run is PASSED

2020-05-30 00:00:34 - [MESSAGE][PASSED] - com.reusableComponents.HighlightElement.run is PASSED

2020-05-30 00:00:34 - [MESSAGE][PASSED] - Call Test Case 'Test Cases/Components/HighlightInputFieldXPI' successfully

2020-05-30 00:00:34 - [TEST_STEP][PASSED] - callTestCase(findTestCase("PFI Precision and Scale/PFI Components with Indexing/NumericTextboxValidationIndex"), ["nameToBeUsed":"complaintDt", "index":1, "minLen":5], STOP_ON_FAILURE): Call Test Case 'Test Cases/PFI Precision and Scale/PFI Components with Indexing/NumericTextboxValidationIndex' successfully

2020-05-30 00:00:35 - [TEST_CASE][PASSED] - Test Cases/PFI Precision and Scale/PFI Components with Indexing/NumericTextboxValidationIndex: Test Cases/PFI Precision and Scale/PFI Components with Indexing/NumericTextboxValidationIndex

2020-05-30 00:00:35 - [TEST_STEP][PASSED] - Thread.sleep(1000): null

2020-05-30 00:00:36 - [TEST_STEP][PASSED] - Numeric = "0123456789": null

2020-05-30 00:00:36 - [TEST_STEP][PASSED] - AlphaSpecialChar = z) + "`~!@#$%^&*()=_{}|\][;'":,?><"".join(): null

2020-05-30 00:00:36 - [TEST_STEP][PASSED] - RandomNumeric = RandomStringUtils.random(minLen, Numeric.toCharArray()): null

2020-05-30 00:00:36 - [TEST_STEP][PASSED] - RandomString = RandomStringUtils.random(minLen, AlphaSpecialChar): null

2020-05-30 00:00:36 - [TEST_STEP][PASSED] - regexPat = Pattern.compile("^[0-9]+$"): null

2020-05-30 00:00:36 - [TEST_STEP][PASSED] - NewInputNmField = modifyObjectProperty(findTestObject("Object Repository/Objects.HighlightElements/input_field_index"), "xpath", "equals", "(//*[contains(@class,'x-form-text') and (@name='" + nameToBeUsed + "')])[" + index + "]", true): Modify property of object successfully

2020-05-30 00:00:36 - [MESSAGE][PASSED] - Modify property of object successfully

2020-05-30 00:00:36 - [TEST_STEP][PASSED] - focus(NewInputNmField): Object: 'Object Repository/Objects.HighlightElements/input_field_index' is focused

2020-05-30 00:00:36 - [MESSAGE][PASSED] - Object: 'Object Repository/Objects.HighlightElements/input_field_index' is focused

2020-05-30 00:00:36 - [TEST_STEP][PASSED] - setText(NewInputNmField, RandomString): Text 'O$z{U' is set on object 'Object Repository/Objects.HighlightElements/input_field_index'

2020-05-30 00:00:36 - [MESSAGE][PASSED] - Text 'O$z{U' is set on object 'Object Repository/Objects.HighlightElements/input_field_index'

2020-05-30 00:00:36 - [TEST_STEP][PASSED] - GetInputVal = getAttribute(NewInputNmField, "value"): Attribute 'value' of object 'Object Repository/Objects.HighlightElements/input_field_index' is: ''

2020-05-30 00:00:36 - [MESSAGE][PASSED] - Attribute 'value' of object 'Object Repository/Objects.HighlightElements/input_field_index' is: ''

2020-05-30 00:00:36 - [TEST_STEP][PASSED] - if (GetInputVal.contains("e")): null

2020-05-30 00:00:36 - [TEST_STEP][PASSED] - else: Actual text '' and expected text '' are matched  using regular expression

2020-05-30 00:00:36 - [TEST_STEP][PASSED] - verifyMatch(GetInputVal, "", true): Actual text '' and expected text '' are matched  using regular expression

2020-05-30 00:00:36 - [MESSAGE][PASSED] - Actual text '' and expected text '' are matched  using regular expression

2020-05-30 00:00:36 - [TEST_STEP][PASSED] - setText(NewInputNmField, RandomNumeric): Text '89031' is set on object 'Object Repository/Objects.HighlightElements/input_field_index'

2020-05-30 00:00:37 - [MESSAGE][PASSED] - Text '89031' is set on object 'Object Repository/Objects.HighlightElements/input_field_index'

2020-05-30 00:00:37 - [TEST_STEP][PASSED] - GetEnteredIntegers = getAttribute(NewInputNmField, "value"): Attribute 'value' of object 'Object Repository/Objects.HighlightElements/input_field_index' is: '89031'

2020-05-30 00:00:37 - [MESSAGE][PASSED] - Attribute 'value' of object 'Object Repository/Objects.HighlightElements/input_field_index' is: '89031'

2020-05-30 00:00:37 - [TEST_STEP][PASSED] - matchStr = regexPat.matcher(GetEnteredIntegers): null

2020-05-30 00:00:37 - [TEST_STEP][PASSED] - if (matchStr.matches() == true): Accepting Numeric

2020-05-30 00:00:37 - [TEST_STEP][PASSED] - comment("Accepting Numeric"): Accepting Numeric

2020-05-30 00:00:37 - [MESSAGE][INFO] - Accepting Numeric

2020-05-30 00:00:37 - [MESSAGE][PASSED] - Call Test Case 'Test Cases/PFI Precision and Scale/PFI Components with Indexing/NumericTextboxValidationIndex' successfully

2020-05-30 00:00:37 - [TEST_STEP][PASSED] - callTestCase(findTestCase("PFI Precision and Scale/PFI Components with Indexing/InvalidDateErrorValidationIndex"), ["FldNm":"complaintDt", "index":1], STOP_ON_FAILURE): Call Test Case 'Test Cases/PFI Precision and Scale/PFI Components with Indexing/InvalidDateErrorValidationIndex' successfully

2020-05-30 00:00:37 - [TEST_CASE][PASSED] - Test Cases/PFI Precision and Scale/PFI Components with Indexing/InvalidDateErrorValidationIndex: Test Cases/PFI Precision and Scale/PFI Components with Indexing/InvalidDateErrorValidationIndex

2020-05-30 00:00:37 - [TEST_STEP][PASSED] - Thread.sleep(1000): null

2020-05-30 00:00:38 - [TEST_STEP][PASSED] - DateFieldNm = modifyObjectProperty(findTestObject("Object Repository/Objects.HighlightElements/input_field_index"), "xpath", "equals", "(//*[contains(@class,'x-form-text') and (@name='" + FldNm + "')])[" + index + "]", true): Modify property of object successfully

2020-05-30 00:00:39 - [MESSAGE][PASSED] - Modify property of object successfully

2020-05-30 00:00:39 - [TEST_STEP][PASSED] - focus(DateFieldNm): Object: 'Object Repository/Objects.HighlightElements/input_field_index' is focused

2020-05-30 00:00:39 - [MESSAGE][PASSED] - Object: 'Object Repository/Objects.HighlightElements/input_field_index' is focused

2020-05-30 00:00:39 - [TEST_STEP][PASSED] - getInputInvalidDate = getAttribute(DateFieldNm, "value"): Attribute 'value' of object 'Object Repository/Objects.HighlightElements/input_field_index' is: '89031'

2020-05-30 00:00:39 - [MESSAGE][PASSED] - Attribute 'value' of object 'Object Repository/Objects.HighlightElements/input_field_index' is: '89031'

2020-05-30 00:00:39 - [TEST_STEP][PASSED] - mouseOver(DateFieldNm): Object: 'Object Repository/Objects.HighlightElements/input_field_index' is hovered

2020-05-30 00:00:39 - [MESSAGE][PASSED] - Object: 'Object Repository/Objects.HighlightElements/input_field_index' is hovered

2020-05-30 00:00:39 - [TEST_STEP][PASSED] - getErrMsg = getAttribute(DateFieldNm, "data-errorqtip"): Attribute 'data-errorqtip' of object 'Object Repository/Objects.HighlightElements/input_field_index' is: '<ul class="x-list-plain"><li>89031 is not a valid date - it must be in the format d/m/Y</li></ul>'

2020-05-30 00:00:40 - [MESSAGE][PASSED] - Attribute 'data-errorqtip' of object 'Object Repository/Objects.HighlightElements/input_field_index' is: '<ul class="x-list-plain"><li>89031 is not a valid date - it must be in the format d/m/Y</li></ul>'

2020-05-30 00:00:40 - [TEST_STEP][PASSED] - getTotalLength = getErrMsg.length(): null

2020-05-30 00:00:40 - [TEST_STEP][PASSED] - RemoveULClass = getErrMsg.substring(29, getTotalLength): null

2020-05-30 00:00:40 - [TEST_STEP][PASSED] - LengthNoUlClass = RemoveULClass.length() - 10: null

2020-05-30 00:00:40 - [TEST_STEP][PASSED] - ToolTipInvErrMsg = RemoveULClass.substring(0, LengthNoUlClass): null

2020-05-30 00:00:40 - [TEST_STEP][PASSED] - ExpectedInvalidErrMsg = concatenate(getInputInvalidDate, " ", NotValidDt): Concatenated string array: '['89031',' ','is not a valid date - it must be in the format d/m/Y']' into '89031 is not a valid date - it must be in the format d/m/Y'

2020-05-30 00:00:40 - [MESSAGE][PASSED] - Concatenated string array: '['89031',' ','is not a valid date - it must be in the format d/m/Y']' into '89031 is not a valid date - it must be in the format d/m/Y'

2020-05-30 00:00:40 - [TEST_STEP][PASSED] - verifyMatch(ToolTipInvErrMsg, ExpectedInvalidErrMsg, true): Actual text '89031 is not a valid date - it must be in the format d/m/Y' and expected text '89031 is not a valid date - it must be in the format d/m/Y' are matched  using regular expression

2020-05-30 00:00:40 - [MESSAGE][PASSED] - Actual text '89031 is not a valid date - it must be in the format d/m/Y' and expected text '89031 is not a valid date - it must be in the format d/m/Y' are matched  using regular expression

2020-05-30 00:00:40 - [MESSAGE][PASSED] - Call Test Case 'Test Cases/PFI Precision and Scale/PFI Components with Indexing/InvalidDateErrorValidationIndex' successfully

2020-05-30 00:00:40 - [TEST_STEP][PASSED] - callTestCase(findTestCase("PFI Precision and Scale/PFI Components with Indexing/SelectDayInDatePickerWithIndexII"), ["FldNm":"complaintDt", "SelectCurrentDay":25, "index":9, "idx":1], STOP_ON_FAILURE): Call Test Case 'Test Cases/PFI Precision and Scale/PFI Components with Indexing/SelectDayInDatePickerWithIndexII' successfully

2020-05-30 00:00:40 - [TEST_CASE][PASSED] - Test Cases/PFI Precision and Scale/PFI Components with Indexing/SelectDayInDatePickerWithIndexII: Test Cases/PFI Precision and Scale/PFI Components with Indexing/SelectDayInDatePickerWithIndexII

2020-05-30 00:00:40 - [TEST_STEP][PASSED] - Thread.sleep(1000): null

2020-05-30 00:00:41 - [TEST_STEP][PASSED] - DateInputFld = modifyObjectProperty(findTestObject("Objects.HighlightElements/input_field_index"), "xpath", "equals", "(//*[contains(@class,'x-form-text') and (@name='" + FldNm + "')])[" + idx + "]", true): Modify property of object successfully

2020-05-30 00:00:41 - [MESSAGE][PASSED] - Modify property of object successfully

2020-05-30 00:00:41 - [TEST_STEP][PASSED] - ModifyDay = modifyObjectProperty(findTestObject("Objects.DateValidation/Page_ISPS2/Select_Day_Index"), "xpath", "equals", "(//*[contains(@class, 'x-datepicker-date') and (text() = '" + SelectCurrentDay + "')])[" + index + "]", true): Modify property of object successfully

2020-05-30 00:00:41 - [MESSAGE][PASSED] - Modify property of object successfully

2020-05-30 00:00:41 - [TEST_STEP][PASSED] - sendKeys(DateInputFld, Keys.chord(ARROW_DOWN)): Keys 'DOWN + ' sent to object: 'Object Repository/Objects.HighlightElements/input_field_index'

2020-05-30 00:00:41 - [MESSAGE][PASSED] - Keys 'DOWN + ' sent to object: 'Object Repository/Objects.HighlightElements/input_field_index'

2020-05-30 00:00:41 - [TEST_STEP][PASSED] - com.reusableComponents.HighlightElement.run(ModifyDay): com.reusableComponents.HighlightElement.run is PASSED

2020-05-30 00:00:42 - [MESSAGE][PASSED] - com.reusableComponents.HighlightElement.run is PASSED

2020-05-30 00:00:42 - [TEST_STEP][PASSED] - delay(1): Delayed 1 second(s)

2020-05-30 00:00:43 - [MESSAGE][PASSED] - Delayed 1 second(s)

2020-05-30 00:00:43 - [TEST_STEP][PASSED] - click(ModifyDay): Object: 'Object Repository/Objects.DateValidation/Page_ISPS2/Select_Day_Index' is clicked on

2020-05-30 00:00:43 - [MESSAGE][PASSED] - Object: 'Object Repository/Objects.DateValidation/Page_ISPS2/Select_Day_Index' is clicked on

2020-05-30 00:00:43 - [MESSAGE][PASSED] - Call Test Case 'Test Cases/PFI Precision and Scale/PFI Components with Indexing/SelectDayInDatePickerWithIndexII' successfully

2020-05-30 00:00:43 - [TEST_STEP][PASSED] - callTestCase(findTestCase("PFI Precision and Scale/PFI Components with Indexing/SelectTodayInDatePickerIndex"), ["FldNm":"complaintDt", "index":9, "idx":1], STOP_ON_FAILURE): Call Test Case 'Test Cases/PFI Precision and Scale/PFI Components with Indexing/SelectTodayInDatePickerIndex' successfully

2020-05-30 00:00:43 - [TEST_CASE][PASSED] - Test Cases/PFI Precision and Scale/PFI Components with Indexing/SelectTodayInDatePickerIndex: Test Cases/PFI Precision and Scale/PFI Components with Indexing/SelectTodayInDatePickerIndex

2020-05-30 00:00:43 - [TEST_STEP][PASSED] - Thread.sleep(1000): null

2020-05-30 00:00:44 - [TEST_STEP][PASSED] - DateFieldNm = modifyObjectProperty(findTestObject("Objects.HighlightElements/input_field_index"), "xpath", "equals", "(//*[contains(@class,'x-form-text') and (@name='" + FldNm + "')])[" + idx + "]", true): Modify property of object successfully

2020-05-30 00:00:44 - [MESSAGE][PASSED] - Modify property of object successfully

2020-05-30 00:00:44 - [TEST_STEP][PASSED] - TodayBtn = modifyObjectProperty(findTestObject("Object Repository/Objects.DateValidation/Page_ISPS2/a_Today"), "xpath", "equals", "(//*[text() = 'Today'])[" + index + "]", true): Modify property of object successfully

2020-05-30 00:00:44 - [MESSAGE][PASSED] - Modify property of object successfully

2020-05-30 00:00:44 - [TEST_STEP][PASSED] - sendKeys(DateFieldNm, Keys.chord(ARROW_DOWN)): Keys 'DOWN + ' sent to object: 'Object Repository/Objects.HighlightElements/input_field_index'

2020-05-30 00:00:45 - [MESSAGE][PASSED] - Keys 'DOWN + ' sent to object: 'Object Repository/Objects.HighlightElements/input_field_index'

2020-05-30 00:00:45 - [TEST_STEP][PASSED] - com.reusableComponents.HighlightElement.run(TodayBtn): com.reusableComponents.HighlightElement.run is PASSED

2020-05-30 00:00:46 - [MESSAGE][PASSED] - com.reusableComponents.HighlightElement.run is PASSED

2020-05-30 00:00:46 - [TEST_STEP][PASSED] - click(TodayBtn): Object: 'Object Repository/Objects.DateValidation/Page_ISPS2/a_Today' is clicked on

2020-05-30 00:00:46 - [MESSAGE][PASSED] - Object: 'Object Repository/Objects.DateValidation/Page_ISPS2/a_Today' is clicked on

2020-05-30 00:00:46 - [MESSAGE][PASSED] - Call Test Case 'Test Cases/PFI Precision and Scale/PFI Components with Indexing/SelectTodayInDatePickerIndex' successfully

2020-05-30 00:00:46 - [TEST_STEP][PASSED] - callTestCase(findTestCase("Components/HighlightLabelFieldXPI"), ["LblName":"Offence", "index":1], STOP_ON_FAILURE): Call Test Case 'Test Cases/Components/HighlightLabelFieldXPI' successfully

2020-05-30 00:00:46 - [TEST_CASE][PASSED] - Test Cases/Components/HighlightLabelFieldXPI: Test Cases/Components/HighlightLabelFieldXPI

2020-05-30 00:00:46 - [TEST_STEP][PASSED] - Thread.sleep(1000): null

2020-05-30 00:00:47 - [TEST_STEP][PASSED] - modifiedLblNm = modifyObjectProperty(findTestObject("Object Repository/Objects.HighlightElements/lblField_index"), "xpath", "equals", "(//*[contains(@class, 'x-form-item-label-inner x-form-item-label-inner-default') and contains(., '" + LblName + "')])[" + index + "]", true): Modify property of object successfully

2020-05-30 00:00:47 - [MESSAGE][PASSED] - Modify property of object successfully

2020-05-30 00:00:47 - [TEST_STEP][PASSED] - com.reusableComponents.HighlightElement.run(modifiedLblNm): com.reusableComponents.HighlightElement.run is PASSED

2020-05-30 00:00:48 - [MESSAGE][PASSED] - com.reusableComponents.HighlightElement.run is PASSED

2020-05-30 00:00:48 - [MESSAGE][PASSED] - Call Test Case 'Test Cases/Components/HighlightLabelFieldXPI' successfully

2020-05-30 00:00:48 - [TEST_STEP][PASSED] - callTestCase(findTestCase("Components/HighlightInputFieldXPI"), ["FldNm":"courtDesc", "index":1], STOP_ON_FAILURE): Call Test Case 'Test Cases/Components/HighlightInputFieldXPI' successfully

2020-05-30 00:00:48 - [TEST_CASE][PASSED] - Test Cases/Components/HighlightInputFieldXPI: Test Cases/Components/HighlightInputFieldXPI

2020-05-30 00:00:48 - [TEST_STEP][PASSED] - Thread.sleep(1000): null

2020-05-30 00:00:49 - [TEST_STEP][PASSED] - modifiedInputNm = modifyObjectProperty(findTestObject("Object Repository/Objects.HighlightElements/input_field_index"), "xpath", "equals", "(//*[contains(@name, '" + FldNm + "')])[" + index + "]", true): Modify property of object successfully

2020-05-30 00:00:49 - [MESSAGE][PASSED] - Modify property of object successfully

2020-05-30 00:00:49 - [TEST_STEP][PASSED] - com.reusableComponents.HighlightElement.run(modifiedInputNm): com.reusableComponents.HighlightElement.run is PASSED

2020-05-30 00:00:50 - [MESSAGE][PASSED] - com.reusableComponents.HighlightElement.run is PASSED

2020-05-30 00:00:50 - [MESSAGE][PASSED] - Call Test Case 'Test Cases/Components/HighlightInputFieldXPI' successfully

2020-05-30 00:00:50 - [TEST_STEP][PASSED] - callTestCase(findTestCase("PFI Precision and Scale/PFI Components with Indexing/AlphaNumericSpecialValidationIndex"), ["FldNm":"courtDesc", "LenChar":5, "index":1], STOP_ON_FAILURE): Call Test Case 'Test Cases/PFI Precision and Scale/PFI Components with Indexing/AlphaNumericSpecialValidationIndex' successfully

2020-05-30 00:00:50 - [TEST_CASE][PASSED] - Test Cases/PFI Precision and Scale/PFI Components with Indexing/AlphaNumericSpecialValidationIndex: Test Cases/PFI Precision and Scale/PFI Components with Indexing/AlphaNumericSpecialValidationIndex

2020-05-30 00:00:50 - [TEST_STEP][PASSED] - charset = /?><"".join(): null

2020-05-30 00:00:50 - [TEST_STEP][PASSED] - AlphaNumeric = 9).join(): null

2020-05-30 00:00:50 - [TEST_STEP][PASSED] - SpecialChar = "`~!@#$%^&*()-=+_{}|\][;'":,./?><"": null

2020-05-30 00:00:50 - [TEST_STEP][PASSED] - RandomString = RandomStringUtils.random(LenChar, AlphaNumeric.toCharArray()): null

2020-05-30 00:00:50 - [TEST_STEP][PASSED] - RdmSpChar = RandomStringUtils.random(LenChar, SpecialChar): null

2020-05-30 00:00:50 - [TEST_STEP][PASSED] - regexPat = Pattern.compile("^[A-Za-z0-9 ]+$"): null

2020-05-30 00:00:50 - [TEST_STEP][PASSED] - NewInputNmField = modifyObjectProperty(findTestObject("Object Repository/Objects.HighlightElements/input_field_index"), "xpath", "equals", "(//*[contains(@class,'x-form-text') and (@name='" + FldNm + "')])[" + index + "]", true): Modify property of object successfully

2020-05-30 00:00:50 - [MESSAGE][PASSED] - Modify property of object successfully

2020-05-30 00:00:50 - [TEST_STEP][PASSED] - setText(NewInputNmField, RandomString): Text 'wQaTB' is set on object 'Object Repository/Objects.HighlightElements/input_field_index'

2020-05-30 00:00:50 - [MESSAGE][PASSED] - Text 'wQaTB' is set on object 'Object Repository/Objects.HighlightElements/input_field_index'

2020-05-30 00:00:50 - [TEST_STEP][PASSED] - RemarksAN = getAttribute(NewInputNmField, "value"): Attribute 'value' of object 'Object Repository/Objects.HighlightElements/input_field_index' is: 'wQaTB'

2020-05-30 00:00:50 - [MESSAGE][PASSED] - Attribute 'value' of object 'Object Repository/Objects.HighlightElements/input_field_index' is: 'wQaTB'

2020-05-30 00:00:50 - [TEST_STEP][PASSED] - matchStr = regexPat.matcher(RemarksAN): null

2020-05-30 00:00:50 - [TEST_STEP][PASSED] - if (matchStr.matches() == true): Accepting Alphanumeric

2020-05-30 00:00:50 - [TEST_STEP][PASSED] - comment("Accepting Alphanumeric"): Accepting Alphanumeric

2020-05-30 00:00:50 - [MESSAGE][INFO] - Accepting Alphanumeric

2020-05-30 00:00:50 - [TEST_STEP][PASSED] - setText(NewInputNmField, RdmSpChar): Text '\?|%:' is set on object 'Object Repository/Objects.HighlightElements/input_field_index'

2020-05-30 00:00:50 - [MESSAGE][PASSED] - Text '\?|%:' is set on object 'Object Repository/Objects.HighlightElements/input_field_index'

2020-05-30 00:00:50 - [TEST_STEP][PASSED] - RemarksSpChar = getAttribute(NewInputNmField, "value"): Attribute 'value' of object 'Object Repository/Objects.HighlightElements/input_field_index' is: '\?|%:'

2020-05-30 00:00:51 - [MESSAGE][PASSED] - Attribute 'value' of object 'Object Repository/Objects.HighlightElements/input_field_index' is: '\?|%:'

2020-05-30 00:00:51 - [TEST_STEP][PASSED] - matchSp = regexPat.matcher(RemarksSpChar): null

2020-05-30 00:00:51 - [TEST_STEP][PASSED] - if (matchSp.matches() == false): Accepting Special Characters

2020-05-30 00:00:51 - [TEST_STEP][PASSED] - comment("Accepting Special Characters"): Accepting Special Characters

2020-05-30 00:00:51 - [MESSAGE][INFO] - Accepting Special Characters

2020-05-30 00:00:51 - [MESSAGE][PASSED] - Call Test Case 'Test Cases/PFI Precision and Scale/PFI Components with Indexing/AlphaNumericSpecialValidationIndex' successfully

2020-05-30 00:00:51 - [TEST_STEP][PASSED] - callTestCase(findTestCase("PFI Precision and Scale/PFI Components with Indexing/MaxCharLengthIndexValidation"), ["FieldNm":"courtDesc", "index":1, "MaxCharLen":401], STOP_ON_FAILURE): Call Test Case 'Test Cases/PFI Precision and Scale/PFI Components with Indexing/MaxCharLengthIndexValidation' successfully

2020-05-30 00:00:51 - [TEST_CASE][PASSED] - Test Cases/PFI Precision and Scale/PFI Components with Indexing/MaxCharLengthIndexValidation: Test Cases/PFI Precision and Scale/PFI Components with Indexing/MaxCharLengthIndexValidation

2020-05-30 00:00:51 - [TEST_STEP][PASSED] - Thread.sleep(1000): null

2020-05-30 00:00:52 - [TEST_STEP][PASSED] - CharLengthTBL = ["aoNotes":4000, "notes":4000, "hseBlkNo":10, "buildingName":100, "unformattedAddress":4000, "courtNo":20, "caseGrpDesc":4000, ... ]: null

2020-05-30 00:00:52 - [TEST_STEP][PASSED] - charset = /?><"".join(): null

2020-05-30 00:00:52 - [TEST_STEP][PASSED] - RandomStringVal = RandomStringUtils.random(MaxCharLen, charset.toCharArray()): null

2020-05-30 00:00:52 - [TEST_STEP][PASSED] - NewInputNmField = modifyObjectProperty(findTestObject("Object Repository/Objects.HighlightElements/input_field_index"), "xpath", "equals", "(//*[contains(@class,'x-form-text') and (@name='" + FieldNm + "')])[" + index + "]", true): Modify property of object successfully

2020-05-30 00:00:52 - [MESSAGE][PASSED] - Modify property of object successfully

2020-05-30 00:00:52 - [TEST_STEP][PASSED] - setText(NewInputNmField, RandomStringVal): Text 'zGD9,"YJ6i+bJNh7td+/=EEF.UFbJ6Ae3Pjbu+]`CEQ28Yq|NNxAr`q=k1RezfJ*]4g<N=2x|{N,3i{_yglmF}v;]b[\Nf(<]tyo5VatX^Nh:s?a&&"Y(>LX,xYHtelfH?@'F+C`E!yrDW;.#RHZ(>GXzI6t:g_,K07<W:c<L[7&eF@_]TiOtyU".MV"/iB.Vy0:7q))^Fh-\cfj|:*cTKB]O9u*$73c?Qb=51asoD}Km:"S!?'J_H."^5@?R6*^2_{FR<EM9F+G68:eF}N9f*]xJVpmEnMh`KkXQfOVFq|VpRaUhAe+kw6SN3^VtFOiE}LCX6xLfF2J<K{pR9"=o%hOsskIHC<cV"`KiT(}J.qHe:\#XR=Z/{cd^!Y)>$U;rsb&<{*(B/0+:bqA2' is set on object 'Object Repository/Objects.HighlightElements/input_field_index'

2020-05-30 00:00:54 - [MESSAGE][PASSED] - Text 'zGD9,"YJ6i+bJNh7td+/=EEF.UFbJ6Ae3Pjbu+]`CEQ28Yq|NNxAr`q=k1RezfJ*]4g<N=2x|{N,3i{_yglmF}v;]b[\Nf(<]tyo5VatX^Nh:s?a&&"Y(>LX,xYHtelfH?@'F+C`E!yrDW;.#RHZ(>GXzI6t:g_,K07<W:c<L[7&eF@_]TiOtyU".MV"/iB.Vy0:7q))^Fh-\cfj|:*cTKB]O9u*$73c?Qb=51asoD}Km:"S!?'J_H."^5@?R6*^2_{FR<EM9F+G68:eF}N9f*]xJVpmEnMh`KkXQfOVFq|VpRaUhAe+kw6SN3^VtFOiE}LCX6xLfF2J<K{pR9"=o%hOsskIHC<cV"`KiT(}J.qHe:\#XR=Z/{cd^!Y)>$U;rsb&<{*(B/0+:bqA2' is set on object 'Object Repository/Objects.HighlightElements/input_field_index'

2020-05-30 00:00:54 - [TEST_STEP][PASSED] - GetInputValue = getAttribute(NewInputNmField, "value", STOP_ON_FAILURE): Attribute 'value' of object 'Object Repository/Objects.HighlightElements/input_field_index' is: 'zGD9,"YJ6i+bJNh7td+/=EEF.UFbJ6Ae3Pjbu+]`CEQ28Yq|NNxAr`q=k1RezfJ*]4g<N=2x|{N,3i{_yglmF}v;]b[\Nf(<]tyo5VatX^Nh:s?a&&"Y(>LX,xYHtelfH?@'F+C`E!yrDW;.#RHZ(>GXzI6t:g_,K07<W:c<L[7&eF@_]TiOtyU".MV"/iB.Vy0:7q))^Fh-\cfj|:*cTKB]O9u*$73c?Qb=51asoD}Km:"S!?'J_H."^5@?R6*^2_{FR<EM9F+G68:eF}N9f*]xJVpmEnMh`KkXQfOVFq|VpRaUhAe+kw6SN3^VtFOiE}LCX6xLfF2J<K{pR9"=o%hOsskIHC<cV"`KiT(}J.qHe:\#XR=Z/{cd^!Y)>$U;rsb&<{*(B/0+:bqA'

2020-05-30 00:00:54 - [MESSAGE][PASSED] - Attribute 'value' of object 'Object Repository/Objects.HighlightElements/input_field_index' is: 'zGD9,"YJ6i+bJNh7td+/=EEF.UFbJ6Ae3Pjbu+]`CEQ28Yq|NNxAr`q=k1RezfJ*]4g<N=2x|{N,3i{_yglmF}v;]b[\Nf(<]tyo5VatX^Nh:s?a&&"Y(>LX,xYHtelfH?@'F+C`E!yrDW;.#RHZ(>GXzI6t:g_,K07<W:c<L[7&eF@_]TiOtyU".MV"/iB.Vy0:7q))^Fh-\cfj|:*cTKB]O9u*$73c?Qb=51asoD}Km:"S!?'J_H."^5@?R6*^2_{FR<EM9F+G68:eF}N9f*]xJVpmEnMh`KkXQfOVFq|VpRaUhAe+kw6SN3^VtFOiE}LCX6xLfF2J<K{pR9"=o%hOsskIHC<cV"`KiT(}J.qHe:\#XR=Z/{cd^!Y)>$U;rsb&<{*(B/0+:bqA'

2020-05-30 00:00:54 - [TEST_STEP][PASSED] - GetLenChar = GetInputValue.length(): null

2020-05-30 00:00:54 - [TEST_STEP][PASSED] - MaxLength = CharLengthTBL.get(FieldNm): null

2020-05-30 00:00:54 - [TEST_STEP][PASSED] - if (MaxLength != null): Actual object '400' and expected object '400' are equal

2020-05-30 00:00:54 - [TEST_STEP][PASSED] - verifyEqual(GetLenChar, MaxLength): Actual object '400' and expected object '400' are equal

2020-05-30 00:00:54 - [MESSAGE][PASSED] - Actual object '400' and expected object '400' are equal

2020-05-30 00:00:54 - [MESSAGE][PASSED] - Call Test Case 'Test Cases/PFI Precision and Scale/PFI Components with Indexing/MaxCharLengthIndexValidation' successfully

2020-05-30 00:00:54 - [TEST_STEP][PASSED] - callTestCase(findTestCase("Components/Logout"), ["LogoutPageTextToBeVerified":findTestData("ISPS2 Test Data").getValue("HomeBanner", 1)], STOP_ON_FAILURE): Call Test Case 'Test Cases/Components/Logout' successfully

2020-05-30 00:00:55 - [TEST_CASE][PASSED] - Test Cases/Components/Logout: Test Cases/Components/Logout

2020-05-30 00:00:55 - [TEST_STEP][PASSED] - Thread.sleep(3000): null

2020-05-30 00:00:58 - [TEST_STEP][NOT_RUN] - com.reusableComponents.HighlightElement.run(findTestObject("Objects.Logout/accountDropdown")): NOT_RUN: com.reusableComponents.HighlightElement.run(findTestObject("Objects.Logout/accountDropdown"))

2020-05-30 00:00:58 - [MESSAGE][NOT_RUN] - NOT_RUN: com.reusableComponents.HighlightElement.run(findTestObject("Objects.Logout/accountDropdown"))

2020-05-30 00:00:58 - [TEST_STEP][NOT_RUN] - click(findTestObject("Objects.Logout/accountDropdown")): NOT_RUN: click(findTestObject("Objects.Logout/accountDropdown"))

2020-05-30 00:00:58 - [MESSAGE][NOT_RUN] - NOT_RUN: click(findTestObject("Objects.Logout/accountDropdown"))

2020-05-30 00:00:58 - [TEST_STEP][NOT_RUN] - com.reusableComponents.clickUsingJS.clickUsingJS(findTestObject("Objects.Logout/accountDropdown"), 0): NOT_RUN: com.reusableComponents.clickUsingJS.clickUsingJS(findTestObject("Objects.Logout/accountDropdown"), 0)

2020-05-30 00:00:58 - [MESSAGE][NOT_RUN] - NOT_RUN: com.reusableComponents.clickUsingJS.clickUsingJS(findTestObject("Objects.Logout/accountDropdown"), 0)

2020-05-30 00:00:58 - [TEST_STEP][PASSED] - element = findWebElement(findTestObject("Objects.Logout/accountDropdown"), 30): null

2020-05-30 00:00:59 - [TEST_STEP][PASSED] - executeJavaScript("arguments[0].click()", Arrays.asList(element)): Execute JavaScript 'arguments[0].click()' successfully

2020-05-30 00:00:59 - [MESSAGE][PASSED] - Execute JavaScript 'arguments[0].click()' successfully

2020-05-30 00:00:59 - [TEST_STEP][NOT_RUN] - com.reusableComponents.HighlightElement.run(findTestObject("Objects.Logout/span_Logout")): NOT_RUN: com.reusableComponents.HighlightElement.run(findTestObject("Objects.Logout/span_Logout"))

2020-05-30 00:00:59 - [MESSAGE][NOT_RUN] - NOT_RUN: com.reusableComponents.HighlightElement.run(findTestObject("Objects.Logout/span_Logout"))

2020-05-30 00:00:59 - [TEST_STEP][PASSED] - click(findTestObject("Objects.Logout/span_Logout"), STOP_ON_FAILURE): Object: 'Object Repository/Objects.Logout/span_Logout' is clicked on

2020-05-30 00:01:03 - [MESSAGE][PASSED] - Object: 'Object Repository/Objects.Logout/span_Logout' is clicked on

2020-05-30 00:01:03 - [TEST_STEP][PASSED] - waitForPageLoad(30): Wait for page load successfully

2020-05-30 00:01:03 - [MESSAGE][PASSED] - Wait for page load successfully

2020-05-30 00:01:03 - [TEST_STEP][PASSED] - Thread.sleep(3000): null

2020-05-30 00:01:06 - [TEST_STEP][PASSED] - verifyTextPresent(LogoutPageTextToBeVerified, false): Text 'Sign in to ISPS2-PROD-Verify' is present on page 

2020-05-30 00:01:06 - [MESSAGE][PASSED] - Text 'Sign in to ISPS2-PROD-Verify' is present on page 

2020-05-30 00:01:06 - [TEST_STEP][NOT_RUN] - com.reusableComponents.HighlightElement.run(findTestObject("Objects.Logout/div_Sign in to ISPS2-PROD-Verify")): NOT_RUN: com.reusableComponents.HighlightElement.run(findTestObject("Objects.Logout/div_Sign in to ISPS2-PROD-Verify"))

2020-05-30 00:01:06 - [MESSAGE][NOT_RUN] - NOT_RUN: com.reusableComponents.HighlightElement.run(findTestObject("Objects.Logout/div_Sign in to ISPS2-PROD-Verify"))

2020-05-30 00:01:06 - [TEST_STEP][PASSED] - closeBrowser(): Browser is closed

2020-05-30 00:01:09 - [MESSAGE][PASSED] - Browser is closed

2020-05-30 00:01:09 - [MESSAGE][PASSED] - Call Test Case 'Test Cases/Components/Logout' successfully]]></system-out>
         <system-err><![CDATA[]]></system-err>
      </testcase>
      <system-out><![CDATA[2020-05-29 23:31:34 - [TEST_SUITE][PASSED] - Page Section: Test Cases/PFI Precision and Scale/PFI Test Cases/PFI.CourtActionsLHS]]></system-out>
      <system-err><![CDATA[]]></system-err>
   </testsuite>
</testsuites>
