<?xml version="1.0" encoding="UTF-8"?>
<testsuites name="Decision" time="1242.467" tests="7" failures="0" errors="0">
   <testsuite name="Decision" tests="7" failures="0" errors="0" time="1242.467" timestamp="2020-05-24 19:09:28" hostname="19023-RAC - 192.168.16.39" id="Test Suites/PFI Precision and Scale Automated Regression Suite/Decision">
      <properties>
         <property name="deviceName" value=""/>
         <property name="devicePlatform" value=""/>
         <property name="logFolder" value="C:\\Users\\19023-RAC\\Desktop\\New Automation Copy\\Reports\\20200524_190915\\PFI Precision and Scale Automated Regression Suite\\Decision\\20200524_190915"/>
         <property name="logFiles" value="C:\\Users\\19023-RAC\\Desktop\\New Automation Copy\\Reports\\20200524_190915\\PFI Precision and Scale Automated Regression Suite\\Decision\\20200524_190915\\execution0.log"/>
         <property name="attachments" value=""/>
         <property name="hostName" value="19023-RAC - 192.168.16.39"/>
         <property name="os" value="Windows 10 64bit"/>
         <property name="katalonVersion" value="7.2.1.1"/>
         <property name="browser" value="Chrome 81.0.4044.138"/>
         <property name="hostAddress" value="192.168.16.39"/>
         <property name="sessionId" value="4bdbaa81bbec45c59412f4459fdf776e"/>
         <property name="seleniumVersion" value="3.141.59"/>
         <property name="proxyInformation" value="ProxyInformation{proxyOption=NO_PROXY, proxyServerType=HTTP, password=, proxyServerAddress=, proxyServerPort=0, executionList=}"/>
         <property name="platform" value="Windows 10"/>
      </properties>
      <testcase name="Test Cases/PFI Precision and Scale/PFI Test Cases/PFI.NoticeLHS" time="95.316" classname="Test Cases/PFI Precision and Scale/PFI Test Cases/PFI.NoticeLHS" status="PASSED">
         <system-out><![CDATA[2020-05-24 19:09:28 - [TEST_CASE][PASSED] - Test Cases/PFI Precision and Scale/PFI Test Cases/PFI.NoticeLHS: Test Cases/PFI Precision and Scale/PFI Test Cases/PFI.NoticeLHS

2020-05-24 19:09:29 - [TEST_STEP][PASSED] - callTestCase(findTestCase("Components/LoginV2.0"), ["LinkToBeUsed":findTestData("ISPS2 Test Data").getValue("URL", 1), "LoginPageTextToBeVerified":findTestData("ISPS2 Test Data").getValue("HomeBanner", 1), ... ], STOP_ON_FAILURE): Call Test Case 'Test Cases/Components/LoginV2.0' successfully

2020-05-24 19:09:29 - [TEST_CASE][PASSED] - Test Cases/Components/LoginV2.0: Test Cases/Components/LoginV2.0

2020-05-24 19:09:30 - [TEST_STEP][PASSED] - openBrowser(LinkToBeUsed): Browser is opened with url: 'http://10.0.2.41:3012/isps2-prod-verify/authnz/login.do'

2020-05-24 19:09:30 - [MESSAGE][INFO] - Starting 'Chrome' driver

2020-05-24 19:09:30 - [MESSAGE][INFO] - Action delay is set to 0 seconds

2020-05-24 19:09:41 - [MESSAGE][PASSED] - Browser is opened with url: 'http://10.0.2.41:3012/isps2-prod-verify/authnz/login.do'

2020-05-24 19:09:41 - [TEST_STEP][PASSED] - maximizeWindow(): Current window maximized

2020-05-24 19:09:43 - [MESSAGE][PASSED] - Current window maximized

2020-05-24 19:09:43 - [TEST_STEP][PASSED] - verifyTextPresent(LoginPageTextToBeVerified, false): Text 'Sign in to ISPS2-PROD-Verify' is present on page 

2020-05-24 19:09:43 - [MESSAGE][PASSED] - Text 'Sign in to ISPS2-PROD-Verify' is present on page 

2020-05-24 19:09:43 - [TEST_STEP][PASSED] - setText(findTestObject("Objects.LoginV2.0/Login Page/input_Sign in to ISPS2-PROD-Verify_username"), Username): Text 'sysadmin' is set on object 'Object Repository/Objects.LoginV2.0/Login Page/input_Sign in to ISPS2-PROD-Verify_username'

2020-05-24 19:09:44 - [MESSAGE][PASSED] - Text 'sysadmin' is set on object 'Object Repository/Objects.LoginV2.0/Login Page/input_Sign in to ISPS2-PROD-Verify_username'

2020-05-24 19:09:44 - [TEST_STEP][PASSED] - setEncryptedText(findTestObject("Objects.LoginV2.0/Login Page/input_This field is required_password"), Password): Text ****** has been set on object 'Object Repository/Objects.LoginV2.0/Login Page/input_This field is required_password'

2020-05-24 19:09:44 - [MESSAGE][PASSED] - Text ****** has been set on object 'Object Repository/Objects.LoginV2.0/Login Page/input_This field is required_password'

2020-05-24 19:09:44 - [TEST_STEP][NOT_RUN] - setEncryptedText(findTestObject(null), Password): NOT_RUN: setEncryptedText(findTestObject(null), Password)

2020-05-24 19:09:44 - [MESSAGE][NOT_RUN] - NOT_RUN: setEncryptedText(findTestObject(null), Password)

2020-05-24 19:09:44 - [TEST_STEP][PASSED] - click(findTestObject("Objects.LoginV2.0/Login Page/div_Sign in to ISPS2-PROD-Verify_NovaGoButton-1021"), OPTIONAL): Object: 'Object Repository/Objects.LoginV2.0/Login Page/div_Sign in to ISPS2-PROD-Verify_NovaGoButton-1021' is clicked on

2020-05-24 19:09:45 - [MESSAGE][PASSED] - Object: 'Object Repository/Objects.LoginV2.0/Login Page/div_Sign in to ISPS2-PROD-Verify_NovaGoButton-1021' is clicked on

2020-05-24 19:09:45 - [TEST_STEP][PASSED] - waitForPageLoad(30): Wait for page load successfully

2020-05-24 19:09:45 - [MESSAGE][PASSED] - Wait for page load successfully

2020-05-24 19:09:45 - [TEST_STEP][PASSED] - Thread.sleep(3000): null

2020-05-24 19:09:48 - [MESSAGE][PASSED] - Call Test Case 'Test Cases/Components/LoginV2.0' successfully

2020-05-24 19:09:48 - [TEST_STEP][PASSED] - callTestCase(findTestCase("Components/NavigateToHomepageHeaders"), ["headerText":"My Tasks"], STOP_ON_FAILURE): Call Test Case 'Test Cases/Components/NavigateToHomepageHeaders' successfully

2020-05-24 19:09:48 - [TEST_CASE][PASSED] - Test Cases/Components/NavigateToHomepageHeaders: Test Cases/Components/NavigateToHomepageHeaders

2020-05-24 19:09:48 - [TEST_STEP][PASSED] - Thread.sleep(1000): null

2020-05-24 19:09:49 - [TEST_STEP][PASSED] - waitForPageLoad(30): Wait for page load successfully

2020-05-24 19:09:49 - [MESSAGE][PASSED] - Wait for page load successfully

2020-05-24 19:09:49 - [TEST_STEP][PASSED] - modifiedHeader = modifyObjectProperty(findTestObject("Objects.NavigateToHomepageHeaders/Page_ISPS2/div_Header"), "text", "equals", headerText, true): Modify property of object successfully

2020-05-24 19:09:49 - [MESSAGE][PASSED] - Modify property of object successfully

2020-05-24 19:09:49 - [TEST_STEP][PASSED] - verifyElementClickable(modifiedHeader): Object 'Object Repository/Objects.NavigateToHomepageHeaders/Page_ISPS2/div_Header' is clickable

2020-05-24 19:09:53 - [MESSAGE][PASSED] - Object 'Object Repository/Objects.NavigateToHomepageHeaders/Page_ISPS2/div_Header' is clickable

2020-05-24 19:09:53 - [TEST_STEP][PASSED] - click(modifiedHeader): Object: 'Object Repository/Objects.NavigateToHomepageHeaders/Page_ISPS2/div_Header' is clicked on

2020-05-24 19:09:53 - [MESSAGE][PASSED] - Object: 'Object Repository/Objects.NavigateToHomepageHeaders/Page_ISPS2/div_Header' is clicked on

2020-05-24 19:09:53 - [TEST_STEP][PASSED] - Thread.sleep(7000): null

2020-05-24 19:10:00 - [MESSAGE][PASSED] - Call Test Case 'Test Cases/Components/NavigateToHomepageHeaders' successfully

2020-05-24 19:10:00 - [TEST_STEP][PASSED] - callTestCase(findTestCase("Components/Filter"), ["taskDescription":"Process Case (SM)"], STOP_ON_FAILURE): Call Test Case 'Test Cases/Components/Filter' successfully

2020-05-24 19:10:00 - [TEST_CASE][PASSED] - Test Cases/Components/Filter: Test Cases/Components/Filter

2020-05-24 19:10:00 - [TEST_STEP][PASSED] - Thread.sleep(5000): null

2020-05-24 19:10:05 - [TEST_STEP][PASSED] - waitForPageLoad(180): Wait for page load successfully

2020-05-24 19:10:05 - [MESSAGE][PASSED] - Wait for page load successfully

2020-05-24 19:10:05 - [TEST_STEP][PASSED] - waitForElementNotPresent(findTestObject("Objects.Filter/Page_ISPS2/div_Loading search result Please wait"), 180): Web element with id: 'Object Repository/Objects.Filter/Page_ISPS2/div_Loading search result Please wait' located by 'By.xpath: //div[@class = 'x-mask-msg-text' and (text() = 'Loading search result. Please wait...' or . = 'Loading search result. Please wait...')]' is not present after '180' second(s)

2020-05-24 19:10:05 - [MESSAGE][PASSED] - Web element with id: 'Object Repository/Objects.Filter/Page_ISPS2/div_Loading search result Please wait' located by 'By.xpath: //div[@class = 'x-mask-msg-text' and (text() = 'Loading search result. Please wait...' or . = 'Loading search result. Please wait...')]' is not present after '180' second(s)

2020-05-24 19:10:05 - [TEST_STEP][PASSED] - click(findTestObject("Objects.Filter/Page_ISPS2/XP.Embutidooo")): Object: 'Object Repository/Objects.Filter/Page_ISPS2/XP.Embutidooo' is clicked on

2020-05-24 19:10:06 - [MESSAGE][PASSED] - Object: 'Object Repository/Objects.Filter/Page_ISPS2/XP.Embutidooo' is clicked on

2020-05-24 19:10:06 - [TEST_STEP][PASSED] - com.reusableComponents.HighlightElement.run(findTestObject("Objects.Filter/Page_ISPS2/span_Reset")): com.reusableComponents.HighlightElement.run is PASSED

2020-05-24 19:10:07 - [MESSAGE][PASSED] - com.reusableComponents.HighlightElement.run is PASSED

2020-05-24 19:10:07 - [TEST_STEP][PASSED] - click(findTestObject("Objects.Filter/Page_ISPS2/span_Reset")): Object: 'Object Repository/Objects.Filter/Page_ISPS2/span_Reset' is clicked on

2020-05-24 19:10:07 - [MESSAGE][PASSED] - Object: 'Object Repository/Objects.Filter/Page_ISPS2/span_Reset' is clicked on

2020-05-24 19:10:07 - [TEST_STEP][PASSED] - com.reusableComponents.HighlightElement.run(findTestObject("Objects.Filter/Page_ISPS2/TextBoxTaskDescription")): com.reusableComponents.HighlightElement.run is PASSED

2020-05-24 19:10:08 - [MESSAGE][PASSED] - com.reusableComponents.HighlightElement.run is PASSED

2020-05-24 19:10:08 - [TEST_STEP][PASSED] - setText(findTestObject("Objects.Filter/Page_ISPS2/TextBoxTaskDescription"), taskDescription): Text 'Process Case (SM)' is set on object 'Object Repository/Objects.Filter/Page_ISPS2/TextBoxTaskDescription'

2020-05-24 19:10:09 - [MESSAGE][PASSED] - Text 'Process Case (SM)' is set on object 'Object Repository/Objects.Filter/Page_ISPS2/TextBoxTaskDescription'

2020-05-24 19:10:09 - [TEST_STEP][PASSED] - caseType = taskDescription: null

2020-05-24 19:10:10 - [TEST_STEP][PASSED] - sendKeys(findTestObject("Objects.Filter/Page_ISPS2/TextBoxTaskDescription"), Keys.chord(ENTER)): Keys 'ENTER + ' sent to object: 'Object Repository/Objects.Filter/Page_ISPS2/TextBoxTaskDescription'

2020-05-24 19:10:10 - [MESSAGE][PASSED] - Keys 'ENTER + ' sent to object: 'Object Repository/Objects.Filter/Page_ISPS2/TextBoxTaskDescription'

2020-05-24 19:10:10 - [TEST_STEP][PASSED] - com.reusableComponents.HighlightElement.run(findTestObject("Objects.Filter/Page_ISPS2/span_Search")): com.reusableComponents.HighlightElement.run is PASSED

2020-05-24 19:10:11 - [MESSAGE][PASSED] - com.reusableComponents.HighlightElement.run is PASSED

2020-05-24 19:10:11 - [TEST_STEP][PASSED] - click(findTestObject("Objects.Filter/Page_ISPS2/span_Search")): Object: 'Object Repository/Objects.Filter/Page_ISPS2/span_Search' is clicked on

2020-05-24 19:10:11 - [MESSAGE][PASSED] - Object: 'Object Repository/Objects.Filter/Page_ISPS2/span_Search' is clicked on

2020-05-24 19:10:11 - [TEST_STEP][NOT_RUN] - verifyTextPresent("Loading search result. Please wait...", false): NOT_RUN: verifyTextPresent("Loading search result. Please wait...", false)

2020-05-24 19:10:11 - [MESSAGE][NOT_RUN] - NOT_RUN: verifyTextPresent("Loading search result. Please wait...", false)

2020-05-24 19:10:11 - [TEST_STEP][NOT_RUN] - waitForElementNotPresent(findTestObject("Objects.Filter/Page_ISPS2/div_Loading search result Please wait"), 120): NOT_RUN: waitForElementNotPresent(findTestObject("Objects.Filter/Page_ISPS2/div_Loading search result Please wait"), 120)

2020-05-24 19:10:11 - [MESSAGE][NOT_RUN] - NOT_RUN: waitForElementNotPresent(findTestObject("Objects.Filter/Page_ISPS2/div_Loading search result Please wait"), 120)

2020-05-24 19:10:11 - [TEST_STEP][PASSED] - Thread.sleep(5000): null

2020-05-24 19:10:16 - [MESSAGE][PASSED] - Call Test Case 'Test Cases/Components/Filter' successfully

2020-05-24 19:10:16 - [TEST_STEP][PASSED] - callTestCase(findTestCase("Components/ClickLinkDependingOnTextAndIndex"), ["linkName":"Process Case (SM)", "index":"3"], STOP_ON_FAILURE): Call Test Case 'Test Cases/Components/ClickLinkDependingOnTextAndIndex' successfully

2020-05-24 19:10:16 - [TEST_CASE][PASSED] - Test Cases/Components/ClickLinkDependingOnTextAndIndex: Test Cases/Components/ClickLinkDependingOnTextAndIndex

2020-05-24 19:10:17 - [TEST_STEP][PASSED] - Thread.sleep(1000): null

2020-05-24 19:10:18 - [TEST_STEP][PASSED] - println(linkName): null

2020-05-24 19:10:18 - [TEST_STEP][PASSED] - println(index): null

2020-05-24 19:10:18 - [TEST_STEP][PASSED] - modifiedLink = modifyObjectProperty(findTestObject("Objects.ClickLinkDependingOnTextAndIndex/linkToModify"), "xpath", "equals", "(//a[text()="" + linkName + ""])[" + index + "]", true): Modify property of object successfully

2020-05-24 19:10:18 - [MESSAGE][PASSED] - Modify property of object successfully

2020-05-24 19:10:18 - [TEST_STEP][PASSED] - Thread.sleep(5000): null

2020-05-24 19:10:23 - [TEST_STEP][PASSED] - com.reusableComponents.HighlightElement.run(modifiedLink): com.reusableComponents.HighlightElement.run is PASSED

2020-05-24 19:10:23 - [MESSAGE][PASSED] - com.reusableComponents.HighlightElement.run is PASSED

2020-05-24 19:10:23 - [TEST_STEP][PASSED] - click(modifiedLink): Object: 'Object Repository/Objects.ClickLinkDependingOnTextAndIndex/linkToModify' is clicked on

2020-05-24 19:10:24 - [MESSAGE][PASSED] - Object: 'Object Repository/Objects.ClickLinkDependingOnTextAndIndex/linkToModify' is clicked on

2020-05-24 19:10:24 - [MESSAGE][PASSED] - Call Test Case 'Test Cases/Components/ClickLinkDependingOnTextAndIndex' successfully

2020-05-24 19:10:24 - [TEST_STEP][PASSED] - callTestCase(findTestCase("Components/VerifyPageSuccessfullyLoaded"), ["HeaderName":"Summary"], STOP_ON_FAILURE): Call Test Case 'Test Cases/Components/VerifyPageSuccessfullyLoaded' successfully

2020-05-24 19:10:24 - [TEST_CASE][PASSED] - Test Cases/Components/VerifyPageSuccessfullyLoaded: Test Cases/Components/VerifyPageSuccessfullyLoaded

2020-05-24 19:10:24 - [TEST_STEP][PASSED] - Thread.sleep(3000): null

2020-05-24 19:10:27 - [TEST_STEP][PASSED] - ModifiedHeaderName = modifyObjectProperty(findTestObject("Objects.VerifyPageSuccessfullyLoaded/PageHeader"), "text", "equals", HeaderName, false): Modify property of object successfully

2020-05-24 19:10:27 - [MESSAGE][PASSED] - Modify property of object successfully

2020-05-24 19:10:27 - [TEST_STEP][PASSED] - verifyElementPresent(ModifiedHeaderName, 0): Object 'Object Repository/Objects.VerifyPageSuccessfullyLoaded/PageHeader' is present

2020-05-24 19:10:27 - [MESSAGE][WARNING] - Timeout '0' is invalid. Using default page load timeout: '30'

2020-05-24 19:10:29 - [MESSAGE][PASSED] - Object 'Object Repository/Objects.VerifyPageSuccessfullyLoaded/PageHeader' is present

2020-05-24 19:10:29 - [TEST_STEP][PASSED] - com.reusableComponents.HighlightElement.run(ModifiedHeaderName): com.reusableComponents.HighlightElement.run is PASSED

2020-05-24 19:10:30 - [MESSAGE][PASSED] - com.reusableComponents.HighlightElement.run is PASSED

2020-05-24 19:10:30 - [MESSAGE][PASSED] - Call Test Case 'Test Cases/Components/VerifyPageSuccessfullyLoaded' successfully

2020-05-24 19:10:30 - [TEST_STEP][PASSED] - callTestCase(findTestCase("Components/NavigateToAnyLHS"), ["LHS":"Notice"], STOP_ON_FAILURE): Call Test Case 'Test Cases/Components/NavigateToAnyLHS' successfully

2020-05-24 19:10:30 - [TEST_CASE][PASSED] - Test Cases/Components/NavigateToAnyLHS: Test Cases/Components/NavigateToAnyLHS

2020-05-24 19:10:30 - [TEST_STEP][PASSED] - Thread.sleep(1000): null

2020-05-24 19:10:31 - [TEST_STEP][PASSED] - modifiedLHS = modifyObjectProperty(findTestObject("Objects.NavigateToAnyLHS/Page_ISPS2/LHSToModify"), "text", "equals", LHS, true): Modify property of object successfully

2020-05-24 19:10:31 - [MESSAGE][PASSED] - Modify property of object successfully

2020-05-24 19:10:31 - [TEST_STEP][PASSED] - click(modifiedLHS): Object: 'Object Repository/Objects.NavigateToAnyLHS/Page_ISPS2/LHSToModify' is clicked on

2020-05-24 19:10:31 - [MESSAGE][PASSED] - Object: 'Object Repository/Objects.NavigateToAnyLHS/Page_ISPS2/LHSToModify' is clicked on

2020-05-24 19:10:31 - [TEST_STEP][PASSED] - currentLHS = getText(modifiedLHS): Text of object 'Object Repository/Objects.NavigateToAnyLHS/Page_ISPS2/LHSToModify' is: 'Notice'

2020-05-24 19:10:33 - [MESSAGE][PASSED] - Text of object 'Object Repository/Objects.NavigateToAnyLHS/Page_ISPS2/LHSToModify' is: 'Notice'

2020-05-24 19:10:33 - [TEST_STEP][PASSED] - Thread.sleep(5000): null

2020-05-24 19:10:38 - [MESSAGE][PASSED] - Call Test Case 'Test Cases/Components/NavigateToAnyLHS' successfully

2020-05-24 19:10:38 - [TEST_STEP][PASSED] - callTestCase(findTestCase("Components/VerifyPageIndexSuccessfullyLoaded"), ["index":"n", "idx":4], STOP_ON_FAILURE): Call Test Case 'Test Cases/Components/VerifyPageIndexSuccessfullyLoaded' successfully

2020-05-24 19:10:38 - [TEST_CASE][PASSED] - Test Cases/Components/VerifyPageIndexSuccessfullyLoaded: Test Cases/Components/VerifyPageIndexSuccessfullyLoaded

2020-05-24 19:10:38 - [TEST_STEP][PASSED] - Thread.sleep(1000): null

2020-05-24 19:10:39 - [TEST_STEP][PASSED] - if (index == "n"): Modify property of object successfully

2020-05-24 19:10:39 - [TEST_STEP][PASSED] - modifiedInputFld = modifyObjectProperty(findTestObject("Object Repository/Objects.VerifyPageSuccessfullyLoaded/PageHeaderIndex"), "xpath", "equals", "(//*[contains(@class,'isps-page-title')])[" + idx + "]", true): Modify property of object successfully

2020-05-24 19:10:39 - [MESSAGE][PASSED] - Modify property of object successfully

2020-05-24 19:10:39 - [TEST_STEP][PASSED] - com.reusableComponents.HighlightElement.run(modifiedInputFld): com.reusableComponents.HighlightElement.run is PASSED

2020-05-24 19:10:40 - [MESSAGE][PASSED] - com.reusableComponents.HighlightElement.run is PASSED

2020-05-24 19:10:40 - [MESSAGE][PASSED] - Call Test Case 'Test Cases/Components/VerifyPageIndexSuccessfullyLoaded' successfully

2020-05-24 19:10:40 - [TEST_STEP][PASSED] - callTestCase(findTestCase("Components/HighlightLabelField"), ["LblName":"Generate Notice *:"], STOP_ON_FAILURE): Call Test Case 'Test Cases/Components/HighlightLabelField' successfully

2020-05-24 19:10:40 - [TEST_CASE][PASSED] - Test Cases/Components/HighlightLabelField: Test Cases/Components/HighlightLabelField

2020-05-24 19:10:40 - [TEST_STEP][PASSED] - Thread.sleep(1000): null

2020-05-24 19:10:41 - [TEST_STEP][PASSED] - modifiedLblNm = modifyObjectProperty(findTestObject("Objects.HighlightElements/lblField"), "text", "equals", LblName, true): Modify property of object successfully

2020-05-24 19:10:41 - [MESSAGE][PASSED] - Modify property of object successfully

2020-05-24 19:10:41 - [TEST_STEP][PASSED] - com.reusableComponents.HighlightElement.run(modifiedLblNm): com.reusableComponents.HighlightElement.run is PASSED

2020-05-24 19:10:42 - [MESSAGE][PASSED] - com.reusableComponents.HighlightElement.run is PASSED

2020-05-24 19:10:42 - [MESSAGE][PASSED] - Call Test Case 'Test Cases/Components/HighlightLabelField' successfully

2020-05-24 19:10:42 - [TEST_STEP][PASSED] - callTestCase(findTestCase("Components/HighlightInputField"), ["InputFldName":"structPlans"], STOP_ON_FAILURE): Call Test Case 'Test Cases/Components/HighlightInputField' successfully

2020-05-24 19:10:42 - [TEST_CASE][PASSED] - Test Cases/Components/HighlightInputField: Test Cases/Components/HighlightInputField

2020-05-24 19:10:42 - [TEST_STEP][PASSED] - Thread.sleep(1000): null

2020-05-24 19:10:43 - [TEST_STEP][PASSED] - modifiedLblNm = modifyObjectProperty(findTestObject("Objects.HighlightElements/input_field"), "name", "equals", InputFldName, true): Modify property of object successfully

2020-05-24 19:10:43 - [MESSAGE][PASSED] - Modify property of object successfully

2020-05-24 19:10:43 - [TEST_STEP][PASSED] - com.reusableComponents.HighlightElement.run(modifiedLblNm): com.reusableComponents.HighlightElement.run is PASSED

2020-05-24 19:10:44 - [MESSAGE][PASSED] - com.reusableComponents.HighlightElement.run is PASSED

2020-05-24 19:10:44 - [MESSAGE][PASSED] - Call Test Case 'Test Cases/Components/HighlightInputField' successfully

2020-05-24 19:10:44 - [TEST_STEP][PASSED] - callTestCase(findTestCase("PFI Precision and Scale/PFI Components/VerifyDefaultValue"), ["FieldNm":"structPlans", "index":0], STOP_ON_FAILURE): Call Test Case 'Test Cases/PFI Precision and Scale/PFI Components/VerifyDefaultValue' successfully

2020-05-24 19:10:44 - [TEST_CASE][PASSED] - Test Cases/PFI Precision and Scale/PFI Components/VerifyDefaultValue: Test Cases/PFI Precision and Scale/PFI Components/VerifyDefaultValue

2020-05-24 19:10:44 - [TEST_STEP][PASSED] - Thread.sleep(1000): null

2020-05-24 19:10:45 - [TEST_STEP][PASSED] - if (index == 0): Modify property of object successfully

2020-05-24 19:10:45 - [TEST_STEP][PASSED] - NewFieldNm = modifyObjectProperty(findTestObject("Objects.HighlightElements/input_field"), "name", "equals", FieldNm, true): Modify property of object successfully

2020-05-24 19:10:45 - [MESSAGE][PASSED] - Modify property of object successfully

2020-05-24 19:10:45 - [TEST_STEP][PASSED] - focus(NewFieldNm): Object: 'Object Repository/Objects.HighlightElements/input_field' is focused

2020-05-24 19:10:46 - [MESSAGE][PASSED] - Object: 'Object Repository/Objects.HighlightElements/input_field' is focused

2020-05-24 19:10:46 - [TEST_STEP][PASSED] - DefVal = getAttribute(NewFieldNm, "value", STOP_ON_FAILURE): Attribute 'value' of object 'Object Repository/Objects.HighlightElements/input_field' is: ''

2020-05-24 19:10:46 - [MESSAGE][PASSED] - Attribute 'value' of object 'Object Repository/Objects.HighlightElements/input_field' is: ''

2020-05-24 19:10:46 - [TEST_STEP][PASSED] - switch (FieldNm): null

2020-05-24 19:10:46 - [TEST_STEP][PASSED] - Default: null

2020-05-24 19:10:46 - [TEST_STEP][PASSED] - verifyMatch(DefVal, "", true): Actual text '' and expected text '' are matched  using regular expression

2020-05-24 19:10:46 - [MESSAGE][PASSED] - Actual text '' and expected text '' are matched  using regular expression

2020-05-24 19:10:46 - [TEST_STEP][PASSED] - break: null

2020-05-24 19:10:46 - [MESSAGE][PASSED] - Call Test Case 'Test Cases/PFI Precision and Scale/PFI Components/VerifyDefaultValue' successfully

2020-05-24 19:10:46 - [TEST_STEP][PASSED] - callTestCase(findTestCase("PFI Precision and Scale/PFI Components/VerifyDropdownValues"), ["FldNm":"structPlans", "index":0, "CallTCName":"PFI Precision and Scale/PFI Components/PFILetterTemplate", "cmbNm":"GenerateNotice", ... ], STOP_ON_FAILURE): Call Test Case 'Test Cases/PFI Precision and Scale/PFI Components/VerifyDropdownValues' successfully

2020-05-24 19:10:46 - [TEST_CASE][PASSED] - Test Cases/PFI Precision and Scale/PFI Components/VerifyDropdownValues: Test Cases/PFI Precision and Scale/PFI Components/VerifyDropdownValues

2020-05-24 19:10:46 - [TEST_STEP][PASSED] - Thread.sleep(1000): null

2020-05-24 19:10:47 - [TEST_STEP][PASSED] - if (index == 0): Modify property of object successfully

2020-05-24 19:10:47 - [TEST_STEP][PASSED] - NewInputNmField = modifyObjectProperty(findTestObject("Objects.HighlightElements/input_field"), "name", "equals", FldNm, true): Modify property of object successfully

2020-05-24 19:10:47 - [MESSAGE][PASSED] - Modify property of object successfully

2020-05-24 19:10:47 - [TEST_STEP][PASSED] - if (FldNm == "NovaComboBox"): null

2020-05-24 19:10:47 - [TEST_STEP][PASSED] - comboNm = cmbNm: null

2020-05-24 19:10:47 - [TEST_STEP][PASSED] - focus(NewInputNmField): Object: 'Object Repository/Objects.HighlightElements/input_field' is focused

2020-05-24 19:10:47 - [MESSAGE][PASSED] - Object: 'Object Repository/Objects.HighlightElements/input_field' is focused

2020-05-24 19:10:47 - [TEST_STEP][PASSED] - setText(NewInputNmField, EnterValue): Text '' is set on object 'Object Repository/Objects.HighlightElements/input_field'

2020-05-24 19:10:48 - [MESSAGE][PASSED] - Text '' is set on object 'Object Repository/Objects.HighlightElements/input_field'

2020-05-24 19:10:48 - [TEST_STEP][PASSED] - for ([i = 1, i <= NoOfVal, (i++)]): Keys 'DOWN + ' sent to object: 'Object Repository/Objects.HighlightElements/input_field'

2020-05-24 19:10:48 - [TEST_STEP][PASSED] - sendKeys(NewInputNmField, Keys.chord(ARROW_DOWN)): Keys 'DOWN + ' sent to object: 'Object Repository/Objects.HighlightElements/input_field'

2020-05-24 19:10:48 - [MESSAGE][PASSED] - Keys 'DOWN + ' sent to object: 'Object Repository/Objects.HighlightElements/input_field'

2020-05-24 19:10:48 - [TEST_STEP][PASSED] - delay(DelayTime): Delayed 0 second(s)

2020-05-24 19:10:48 - [MESSAGE][PASSED] - Delayed 0 second(s)

2020-05-24 19:10:48 - [TEST_STEP][PASSED] - sendKeys(NewInputNmField, Keys.chord(ENTER)): Keys 'ENTER + ' sent to object: 'Object Repository/Objects.HighlightElements/input_field'

2020-05-24 19:10:48 - [MESSAGE][PASSED] - Keys 'ENTER + ' sent to object: 'Object Repository/Objects.HighlightElements/input_field'

2020-05-24 19:10:48 - [TEST_STEP][PASSED] - ComboBoxValue = getAttribute(NewInputNmField, "value"): Attribute 'value' of object 'Object Repository/Objects.HighlightElements/input_field' is: 'with structural plans'

2020-05-24 19:10:49 - [MESSAGE][PASSED] - Attribute 'value' of object 'Object Repository/Objects.HighlightElements/input_field' is: 'with structural plans'

2020-05-24 19:10:49 - [TEST_STEP][PASSED] - callTestCase(findTestCase(CallTCName), ["FindValue":ComboBoxValue, "DropdownNm":comboNm], STOP_ON_FAILURE): Call Test Case 'Test Cases/PFI Precision and Scale/PFI Components/PFILetterTemplate' successfully

2020-05-24 19:10:49 - [TEST_CASE][PASSED] - Test Cases/PFI Precision and Scale/PFI Components/PFILetterTemplate: Test Cases/PFI Precision and Scale/PFI Components/PFILetterTemplate

2020-05-24 19:10:49 - [TEST_STEP][PASSED] - PFILetterTemplateTBL = [1:["Reminder":"Ministry Of Health"], 2:["Reminder":"Reminder Free Format Letter"], 3:["Reminder":"Reminder 1 (SF_ESID_SIS/SL-REM1)"], ... ]: null

2020-05-24 19:10:49 - [TEST_STEP][PASSED] - switch (DropdownNm): null

2020-05-24 19:10:49 - [TEST_STEP][PASSED] - case "GenerateNotice":: null

2020-05-24 19:10:49 - [TEST_STEP][PASSED] - ValueFound = PFILetterTemplateTBL.find({ -> ... }): null

2020-05-24 19:10:49 - [TEST_STEP][PASSED] - break: null

2020-05-24 19:10:49 - [MESSAGE][PASSED] - Call Test Case 'Test Cases/PFI Precision and Scale/PFI Components/PFILetterTemplate' successfully

2020-05-24 19:10:49 - [TEST_STEP][PASSED] - println(ValueFound): null

2020-05-24 19:10:49 - [TEST_STEP][PASSED] - sendKeys(NewInputNmField, Keys.chord(ARROW_DOWN)): Keys 'DOWN + ' sent to object: 'Object Repository/Objects.HighlightElements/input_field'

2020-05-24 19:10:49 - [MESSAGE][PASSED] - Keys 'DOWN + ' sent to object: 'Object Repository/Objects.HighlightElements/input_field'

2020-05-24 19:10:49 - [TEST_STEP][PASSED] - sendKeys(NewInputNmField, Keys.chord(ARROW_DOWN)): Keys 'DOWN + ' sent to object: 'Object Repository/Objects.HighlightElements/input_field'

2020-05-24 19:10:50 - [MESSAGE][PASSED] - Keys 'DOWN + ' sent to object: 'Object Repository/Objects.HighlightElements/input_field'

2020-05-24 19:10:50 - [TEST_STEP][PASSED] - delay(DelayTime): Delayed 0 second(s)

2020-05-24 19:10:50 - [MESSAGE][PASSED] - Delayed 0 second(s)

2020-05-24 19:10:50 - [TEST_STEP][PASSED] - sendKeys(NewInputNmField, Keys.chord(ENTER)): Keys 'ENTER + ' sent to object: 'Object Repository/Objects.HighlightElements/input_field'

2020-05-24 19:10:50 - [MESSAGE][PASSED] - Keys 'ENTER + ' sent to object: 'Object Repository/Objects.HighlightElements/input_field'

2020-05-24 19:10:50 - [TEST_STEP][PASSED] - ComboBoxValue = getAttribute(NewInputNmField, "value"): Attribute 'value' of object 'Object Repository/Objects.HighlightElements/input_field' is: 'without structral plans'

2020-05-24 19:10:51 - [MESSAGE][PASSED] - Attribute 'value' of object 'Object Repository/Objects.HighlightElements/input_field' is: 'without structral plans'

2020-05-24 19:10:51 - [TEST_STEP][PASSED] - callTestCase(findTestCase(CallTCName), ["FindValue":ComboBoxValue, "DropdownNm":comboNm], STOP_ON_FAILURE): Call Test Case 'Test Cases/PFI Precision and Scale/PFI Components/PFILetterTemplate' successfully

2020-05-24 19:10:51 - [TEST_CASE][PASSED] - Test Cases/PFI Precision and Scale/PFI Components/PFILetterTemplate: Test Cases/PFI Precision and Scale/PFI Components/PFILetterTemplate

2020-05-24 19:10:51 - [TEST_STEP][PASSED] - PFILetterTemplateTBL = [1:["Reminder":"Ministry Of Health"], 2:["Reminder":"Reminder Free Format Letter"], 3:["Reminder":"Reminder 1 (SF_ESID_SIS/SL-REM1)"], ... ]: null

2020-05-24 19:10:51 - [TEST_STEP][PASSED] - switch (DropdownNm): null

2020-05-24 19:10:51 - [TEST_STEP][PASSED] - case "GenerateNotice":: null

2020-05-24 19:10:51 - [TEST_STEP][PASSED] - ValueFound = PFILetterTemplateTBL.find({ -> ... }): null

2020-05-24 19:10:51 - [TEST_STEP][PASSED] - break: null

2020-05-24 19:10:51 - [MESSAGE][PASSED] - Call Test Case 'Test Cases/PFI Precision and Scale/PFI Components/PFILetterTemplate' successfully

2020-05-24 19:10:51 - [TEST_STEP][PASSED] - println(ValueFound): null

2020-05-24 19:10:51 - [TEST_STEP][PASSED] - sendKeys(NewInputNmField, Keys.chord(ARROW_DOWN)): Keys 'DOWN + ' sent to object: 'Object Repository/Objects.HighlightElements/input_field'

2020-05-24 19:10:51 - [MESSAGE][PASSED] - Keys 'DOWN + ' sent to object: 'Object Repository/Objects.HighlightElements/input_field'

2020-05-24 19:10:51 - [TEST_STEP][PASSED] - sendKeys(NewInputNmField, Keys.chord(ENTER)): Keys 'ENTER + ' sent to object: 'Object Repository/Objects.HighlightElements/input_field'

2020-05-24 19:10:52 - [MESSAGE][PASSED] - Keys 'ENTER + ' sent to object: 'Object Repository/Objects.HighlightElements/input_field'

2020-05-24 19:10:52 - [MESSAGE][PASSED] - Call Test Case 'Test Cases/PFI Precision and Scale/PFI Components/VerifyDropdownValues' successfully

2020-05-24 19:10:52 - [TEST_STEP][PASSED] - callTestCase(findTestCase("Components/Logout"), ["LogoutPageTextToBeVerified":findTestData("ISPS2 Test Data").getValue("HomeBanner", 1)], STOP_ON_FAILURE): Call Test Case 'Test Cases/Components/Logout' successfully

2020-05-24 19:10:52 - [TEST_CASE][PASSED] - Test Cases/Components/Logout: Test Cases/Components/Logout

2020-05-24 19:10:52 - [TEST_STEP][PASSED] - Thread.sleep(3000): null

2020-05-24 19:10:55 - [TEST_STEP][NOT_RUN] - com.reusableComponents.HighlightElement.run(findTestObject("Objects.Logout/accountDropdown")): NOT_RUN: com.reusableComponents.HighlightElement.run(findTestObject("Objects.Logout/accountDropdown"))

2020-05-24 19:10:55 - [MESSAGE][NOT_RUN] - NOT_RUN: com.reusableComponents.HighlightElement.run(findTestObject("Objects.Logout/accountDropdown"))

2020-05-24 19:10:55 - [TEST_STEP][NOT_RUN] - click(findTestObject("Objects.Logout/accountDropdown")): NOT_RUN: click(findTestObject("Objects.Logout/accountDropdown"))

2020-05-24 19:10:55 - [MESSAGE][NOT_RUN] - NOT_RUN: click(findTestObject("Objects.Logout/accountDropdown"))

2020-05-24 19:10:55 - [TEST_STEP][NOT_RUN] - com.reusableComponents.clickUsingJS.clickUsingJS(findTestObject("Objects.Logout/accountDropdown"), 0): NOT_RUN: com.reusableComponents.clickUsingJS.clickUsingJS(findTestObject("Objects.Logout/accountDropdown"), 0)

2020-05-24 19:10:55 - [MESSAGE][NOT_RUN] - NOT_RUN: com.reusableComponents.clickUsingJS.clickUsingJS(findTestObject("Objects.Logout/accountDropdown"), 0)

2020-05-24 19:10:55 - [TEST_STEP][PASSED] - element = findWebElement(findTestObject("Objects.Logout/accountDropdown"), 30): null

2020-05-24 19:10:55 - [TEST_STEP][PASSED] - executeJavaScript("arguments[0].click()", Arrays.asList(element)): Execute JavaScript 'arguments[0].click()' successfully

2020-05-24 19:10:55 - [MESSAGE][PASSED] - Execute JavaScript 'arguments[0].click()' successfully

2020-05-24 19:10:55 - [TEST_STEP][NOT_RUN] - com.reusableComponents.HighlightElement.run(findTestObject("Objects.Logout/span_Logout")): NOT_RUN: com.reusableComponents.HighlightElement.run(findTestObject("Objects.Logout/span_Logout"))

2020-05-24 19:10:55 - [MESSAGE][NOT_RUN] - NOT_RUN: com.reusableComponents.HighlightElement.run(findTestObject("Objects.Logout/span_Logout"))

2020-05-24 19:10:55 - [TEST_STEP][PASSED] - click(findTestObject("Objects.Logout/span_Logout"), STOP_ON_FAILURE): Object: 'Object Repository/Objects.Logout/span_Logout' is clicked on

2020-05-24 19:11:00 - [MESSAGE][PASSED] - Object: 'Object Repository/Objects.Logout/span_Logout' is clicked on

2020-05-24 19:11:00 - [TEST_STEP][PASSED] - waitForPageLoad(30): Wait for page load successfully

2020-05-24 19:11:00 - [MESSAGE][PASSED] - Wait for page load successfully

2020-05-24 19:11:00 - [TEST_STEP][PASSED] - Thread.sleep(3000): null

2020-05-24 19:11:03 - [TEST_STEP][PASSED] - verifyTextPresent(LogoutPageTextToBeVerified, false): Text 'Sign in to ISPS2-PROD-Verify' is present on page 

2020-05-24 19:11:03 - [MESSAGE][PASSED] - Text 'Sign in to ISPS2-PROD-Verify' is present on page 

2020-05-24 19:11:03 - [TEST_STEP][NOT_RUN] - com.reusableComponents.HighlightElement.run(findTestObject("Objects.Logout/div_Sign in to ISPS2-PROD-Verify")): NOT_RUN: com.reusableComponents.HighlightElement.run(findTestObject("Objects.Logout/div_Sign in to ISPS2-PROD-Verify"))

2020-05-24 19:11:03 - [MESSAGE][NOT_RUN] - NOT_RUN: com.reusableComponents.HighlightElement.run(findTestObject("Objects.Logout/div_Sign in to ISPS2-PROD-Verify"))

2020-05-24 19:11:03 - [TEST_STEP][PASSED] - closeBrowser(): Browser is closed

2020-05-24 19:11:04 - [MESSAGE][PASSED] - Browser is closed

2020-05-24 19:11:04 - [MESSAGE][PASSED] - Call Test Case 'Test Cases/Components/Logout' successfully]]></system-out>
         <system-err><![CDATA[]]></system-err>
      </testcase>
      <testcase name="Test Cases/PFI Precision and Scale/PFI Test Cases/PFI.ReminderLHS" time="112.555" classname="Test Cases/PFI Precision and Scale/PFI Test Cases/PFI.ReminderLHS" status="PASSED">
         <system-out><![CDATA[2020-05-24 19:11:04 - [TEST_CASE][PASSED] - Test Cases/PFI Precision and Scale/PFI Test Cases/PFI.ReminderLHS: Test Cases/PFI Precision and Scale/PFI Test Cases/PFI.ReminderLHS

2020-05-24 19:11:04 - [TEST_STEP][PASSED] - callTestCase(findTestCase("Components/LoginV2.0"), ["LinkToBeUsed":findTestData("ISPS2 Test Data").getValue("URL", 1), "LoginPageTextToBeVerified":findTestData("ISPS2 Test Data").getValue("HomeBanner", 1), ... ], STOP_ON_FAILURE): Call Test Case 'Test Cases/Components/LoginV2.0' successfully

2020-05-24 19:11:04 - [TEST_CASE][PASSED] - Test Cases/Components/LoginV2.0: Test Cases/Components/LoginV2.0

2020-05-24 19:11:04 - [TEST_STEP][PASSED] - openBrowser(LinkToBeUsed): Browser is opened with url: 'http://10.0.2.41:3012/isps2-prod-verify/authnz/login.do'

2020-05-24 19:11:04 - [MESSAGE][INFO] - Starting 'Chrome' driver

2020-05-24 19:11:12 - [MESSAGE][PASSED] - Browser is opened with url: 'http://10.0.2.41:3012/isps2-prod-verify/authnz/login.do'

2020-05-24 19:11:12 - [TEST_STEP][PASSED] - maximizeWindow(): Current window maximized

2020-05-24 19:11:14 - [MESSAGE][PASSED] - Current window maximized

2020-05-24 19:11:14 - [TEST_STEP][PASSED] - verifyTextPresent(LoginPageTextToBeVerified, false): Text 'Sign in to ISPS2-PROD-Verify' is present on page 

2020-05-24 19:11:15 - [MESSAGE][PASSED] - Text 'Sign in to ISPS2-PROD-Verify' is present on page 

2020-05-24 19:11:15 - [TEST_STEP][PASSED] - setText(findTestObject("Objects.LoginV2.0/Login Page/input_Sign in to ISPS2-PROD-Verify_username"), Username): Text 'sysadmin' is set on object 'Object Repository/Objects.LoginV2.0/Login Page/input_Sign in to ISPS2-PROD-Verify_username'

2020-05-24 19:11:15 - [MESSAGE][PASSED] - Text 'sysadmin' is set on object 'Object Repository/Objects.LoginV2.0/Login Page/input_Sign in to ISPS2-PROD-Verify_username'

2020-05-24 19:11:15 - [TEST_STEP][PASSED] - setEncryptedText(findTestObject("Objects.LoginV2.0/Login Page/input_This field is required_password"), Password): Text ****** has been set on object 'Object Repository/Objects.LoginV2.0/Login Page/input_This field is required_password'

2020-05-24 19:11:15 - [MESSAGE][PASSED] - Text ****** has been set on object 'Object Repository/Objects.LoginV2.0/Login Page/input_This field is required_password'

2020-05-24 19:11:15 - [TEST_STEP][NOT_RUN] - setEncryptedText(findTestObject(null), Password): NOT_RUN: setEncryptedText(findTestObject(null), Password)

2020-05-24 19:11:15 - [MESSAGE][NOT_RUN] - NOT_RUN: setEncryptedText(findTestObject(null), Password)

2020-05-24 19:11:15 - [TEST_STEP][PASSED] - click(findTestObject("Objects.LoginV2.0/Login Page/div_Sign in to ISPS2-PROD-Verify_NovaGoButton-1021"), OPTIONAL): Object: 'Object Repository/Objects.LoginV2.0/Login Page/div_Sign in to ISPS2-PROD-Verify_NovaGoButton-1021' is clicked on

2020-05-24 19:11:16 - [MESSAGE][PASSED] - Object: 'Object Repository/Objects.LoginV2.0/Login Page/div_Sign in to ISPS2-PROD-Verify_NovaGoButton-1021' is clicked on

2020-05-24 19:11:16 - [TEST_STEP][PASSED] - waitForPageLoad(30): Wait for page load successfully

2020-05-24 19:11:16 - [MESSAGE][PASSED] - Wait for page load successfully

2020-05-24 19:11:16 - [TEST_STEP][PASSED] - Thread.sleep(3000): null

2020-05-24 19:11:19 - [MESSAGE][PASSED] - Call Test Case 'Test Cases/Components/LoginV2.0' successfully

2020-05-24 19:11:19 - [TEST_STEP][PASSED] - callTestCase(findTestCase("Components/NavigateToHomepageHeaders"), ["headerText":"My Tasks"], STOP_ON_FAILURE): Call Test Case 'Test Cases/Components/NavigateToHomepageHeaders' successfully

2020-05-24 19:11:19 - [TEST_CASE][PASSED] - Test Cases/Components/NavigateToHomepageHeaders: Test Cases/Components/NavigateToHomepageHeaders

2020-05-24 19:11:19 - [TEST_STEP][PASSED] - Thread.sleep(1000): null

2020-05-24 19:11:20 - [TEST_STEP][PASSED] - waitForPageLoad(30): Wait for page load successfully

2020-05-24 19:11:24 - [MESSAGE][PASSED] - Wait for page load successfully

2020-05-24 19:11:24 - [TEST_STEP][PASSED] - modifiedHeader = modifyObjectProperty(findTestObject("Objects.NavigateToHomepageHeaders/Page_ISPS2/div_Header"), "text", "equals", headerText, true): Modify property of object successfully

2020-05-24 19:11:25 - [MESSAGE][PASSED] - Modify property of object successfully

2020-05-24 19:11:25 - [TEST_STEP][PASSED] - verifyElementClickable(modifiedHeader): Object 'Object Repository/Objects.NavigateToHomepageHeaders/Page_ISPS2/div_Header' is clickable

2020-05-24 19:11:26 - [MESSAGE][PASSED] - Object 'Object Repository/Objects.NavigateToHomepageHeaders/Page_ISPS2/div_Header' is clickable

2020-05-24 19:11:26 - [TEST_STEP][PASSED] - click(modifiedHeader): Object: 'Object Repository/Objects.NavigateToHomepageHeaders/Page_ISPS2/div_Header' is clicked on

2020-05-24 19:11:29 - [MESSAGE][PASSED] - Object: 'Object Repository/Objects.NavigateToHomepageHeaders/Page_ISPS2/div_Header' is clicked on

2020-05-24 19:11:29 - [TEST_STEP][PASSED] - Thread.sleep(7000): null

2020-05-24 19:11:36 - [MESSAGE][PASSED] - Call Test Case 'Test Cases/Components/NavigateToHomepageHeaders' successfully

2020-05-24 19:11:36 - [TEST_STEP][PASSED] - callTestCase(findTestCase("Components/Filter"), ["taskDescription":"Process Case (SM)"], STOP_ON_FAILURE): Call Test Case 'Test Cases/Components/Filter' successfully

2020-05-24 19:11:36 - [TEST_CASE][PASSED] - Test Cases/Components/Filter: Test Cases/Components/Filter

2020-05-24 19:11:36 - [TEST_STEP][PASSED] - Thread.sleep(5000): null

2020-05-24 19:11:41 - [TEST_STEP][PASSED] - waitForPageLoad(180): Wait for page load successfully

2020-05-24 19:11:41 - [MESSAGE][PASSED] - Wait for page load successfully

2020-05-24 19:11:41 - [TEST_STEP][PASSED] - waitForElementNotPresent(findTestObject("Objects.Filter/Page_ISPS2/div_Loading search result Please wait"), 180): Web element with id: 'Object Repository/Objects.Filter/Page_ISPS2/div_Loading search result Please wait' located by 'By.xpath: //div[@class = 'x-mask-msg-text' and (text() = 'Loading search result. Please wait...' or . = 'Loading search result. Please wait...')]' is not present after '180' second(s)

2020-05-24 19:11:41 - [MESSAGE][PASSED] - Web element with id: 'Object Repository/Objects.Filter/Page_ISPS2/div_Loading search result Please wait' located by 'By.xpath: //div[@class = 'x-mask-msg-text' and (text() = 'Loading search result. Please wait...' or . = 'Loading search result. Please wait...')]' is not present after '180' second(s)

2020-05-24 19:11:41 - [TEST_STEP][PASSED] - click(findTestObject("Objects.Filter/Page_ISPS2/XP.Embutidooo")): Object: 'Object Repository/Objects.Filter/Page_ISPS2/XP.Embutidooo' is clicked on

2020-05-24 19:11:41 - [MESSAGE][PASSED] - Object: 'Object Repository/Objects.Filter/Page_ISPS2/XP.Embutidooo' is clicked on

2020-05-24 19:11:41 - [TEST_STEP][PASSED] - com.reusableComponents.HighlightElement.run(findTestObject("Objects.Filter/Page_ISPS2/span_Reset")): com.reusableComponents.HighlightElement.run is PASSED

2020-05-24 19:11:42 - [MESSAGE][PASSED] - com.reusableComponents.HighlightElement.run is PASSED

2020-05-24 19:11:42 - [TEST_STEP][PASSED] - click(findTestObject("Objects.Filter/Page_ISPS2/span_Reset")): Object: 'Object Repository/Objects.Filter/Page_ISPS2/span_Reset' is clicked on

2020-05-24 19:11:43 - [MESSAGE][PASSED] - Object: 'Object Repository/Objects.Filter/Page_ISPS2/span_Reset' is clicked on

2020-05-24 19:11:43 - [TEST_STEP][PASSED] - com.reusableComponents.HighlightElement.run(findTestObject("Objects.Filter/Page_ISPS2/TextBoxTaskDescription")): com.reusableComponents.HighlightElement.run is PASSED

2020-05-24 19:11:43 - [MESSAGE][PASSED] - com.reusableComponents.HighlightElement.run is PASSED

2020-05-24 19:11:43 - [TEST_STEP][PASSED] - setText(findTestObject("Objects.Filter/Page_ISPS2/TextBoxTaskDescription"), taskDescription): Text 'Process Case (SM)' is set on object 'Object Repository/Objects.Filter/Page_ISPS2/TextBoxTaskDescription'

2020-05-24 19:11:44 - [MESSAGE][PASSED] - Text 'Process Case (SM)' is set on object 'Object Repository/Objects.Filter/Page_ISPS2/TextBoxTaskDescription'

2020-05-24 19:11:44 - [TEST_STEP][PASSED] - caseType = taskDescription: null

2020-05-24 19:11:44 - [TEST_STEP][PASSED] - sendKeys(findTestObject("Objects.Filter/Page_ISPS2/TextBoxTaskDescription"), Keys.chord(ENTER)): Keys 'ENTER + ' sent to object: 'Object Repository/Objects.Filter/Page_ISPS2/TextBoxTaskDescription'

2020-05-24 19:11:44 - [MESSAGE][PASSED] - Keys 'ENTER + ' sent to object: 'Object Repository/Objects.Filter/Page_ISPS2/TextBoxTaskDescription'

2020-05-24 19:11:44 - [TEST_STEP][PASSED] - com.reusableComponents.HighlightElement.run(findTestObject("Objects.Filter/Page_ISPS2/span_Search")): com.reusableComponents.HighlightElement.run is PASSED

2020-05-24 19:11:45 - [MESSAGE][PASSED] - com.reusableComponents.HighlightElement.run is PASSED

2020-05-24 19:11:45 - [TEST_STEP][PASSED] - click(findTestObject("Objects.Filter/Page_ISPS2/span_Search")): Object: 'Object Repository/Objects.Filter/Page_ISPS2/span_Search' is clicked on

2020-05-24 19:11:46 - [MESSAGE][PASSED] - Object: 'Object Repository/Objects.Filter/Page_ISPS2/span_Search' is clicked on

2020-05-24 19:11:46 - [TEST_STEP][NOT_RUN] - verifyTextPresent("Loading search result. Please wait...", false): NOT_RUN: verifyTextPresent("Loading search result. Please wait...", false)

2020-05-24 19:11:46 - [MESSAGE][NOT_RUN] - NOT_RUN: verifyTextPresent("Loading search result. Please wait...", false)

2020-05-24 19:11:46 - [TEST_STEP][NOT_RUN] - waitForElementNotPresent(findTestObject("Objects.Filter/Page_ISPS2/div_Loading search result Please wait"), 120): NOT_RUN: waitForElementNotPresent(findTestObject("Objects.Filter/Page_ISPS2/div_Loading search result Please wait"), 120)

2020-05-24 19:11:46 - [MESSAGE][NOT_RUN] - NOT_RUN: waitForElementNotPresent(findTestObject("Objects.Filter/Page_ISPS2/div_Loading search result Please wait"), 120)

2020-05-24 19:11:46 - [TEST_STEP][PASSED] - Thread.sleep(5000): null

2020-05-24 19:11:51 - [MESSAGE][PASSED] - Call Test Case 'Test Cases/Components/Filter' successfully

2020-05-24 19:11:51 - [TEST_STEP][PASSED] - callTestCase(findTestCase("Components/ClickLinkDependingOnTextAndIndex"), ["linkName":"Process Case (SM)", "index":"3"], STOP_ON_FAILURE): Call Test Case 'Test Cases/Components/ClickLinkDependingOnTextAndIndex' successfully

2020-05-24 19:11:51 - [TEST_CASE][PASSED] - Test Cases/Components/ClickLinkDependingOnTextAndIndex: Test Cases/Components/ClickLinkDependingOnTextAndIndex

2020-05-24 19:11:51 - [TEST_STEP][PASSED] - Thread.sleep(1000): null

2020-05-24 19:11:52 - [TEST_STEP][PASSED] - println(linkName): null

2020-05-24 19:11:52 - [TEST_STEP][PASSED] - println(index): null

2020-05-24 19:11:52 - [TEST_STEP][PASSED] - modifiedLink = modifyObjectProperty(findTestObject("Objects.ClickLinkDependingOnTextAndIndex/linkToModify"), "xpath", "equals", "(//a[text()="" + linkName + ""])[" + index + "]", true): Modify property of object successfully

2020-05-24 19:11:52 - [MESSAGE][PASSED] - Modify property of object successfully

2020-05-24 19:11:52 - [TEST_STEP][PASSED] - Thread.sleep(5000): null

2020-05-24 19:11:57 - [TEST_STEP][PASSED] - com.reusableComponents.HighlightElement.run(modifiedLink): com.reusableComponents.HighlightElement.run is PASSED

2020-05-24 19:11:57 - [MESSAGE][PASSED] - com.reusableComponents.HighlightElement.run is PASSED

2020-05-24 19:11:57 - [TEST_STEP][PASSED] - click(modifiedLink): Object: 'Object Repository/Objects.ClickLinkDependingOnTextAndIndex/linkToModify' is clicked on

2020-05-24 19:11:58 - [MESSAGE][PASSED] - Object: 'Object Repository/Objects.ClickLinkDependingOnTextAndIndex/linkToModify' is clicked on

2020-05-24 19:11:58 - [MESSAGE][PASSED] - Call Test Case 'Test Cases/Components/ClickLinkDependingOnTextAndIndex' successfully

2020-05-24 19:11:58 - [TEST_STEP][PASSED] - callTestCase(findTestCase("Components/VerifyPageSuccessfullyLoaded"), ["HeaderName":"Summary"], STOP_ON_FAILURE): Call Test Case 'Test Cases/Components/VerifyPageSuccessfullyLoaded' successfully

2020-05-24 19:11:58 - [TEST_CASE][PASSED] - Test Cases/Components/VerifyPageSuccessfullyLoaded: Test Cases/Components/VerifyPageSuccessfullyLoaded

2020-05-24 19:11:58 - [TEST_STEP][PASSED] - Thread.sleep(3000): null

2020-05-24 19:12:01 - [TEST_STEP][PASSED] - ModifiedHeaderName = modifyObjectProperty(findTestObject("Objects.VerifyPageSuccessfullyLoaded/PageHeader"), "text", "equals", HeaderName, false): Modify property of object successfully

2020-05-24 19:12:01 - [MESSAGE][PASSED] - Modify property of object successfully

2020-05-24 19:12:01 - [TEST_STEP][PASSED] - verifyElementPresent(ModifiedHeaderName, 0): Object 'Object Repository/Objects.VerifyPageSuccessfullyLoaded/PageHeader' is present

2020-05-24 19:12:01 - [MESSAGE][WARNING] - Timeout '0' is invalid. Using default page load timeout: '30'

2020-05-24 19:12:04 - [MESSAGE][PASSED] - Object 'Object Repository/Objects.VerifyPageSuccessfullyLoaded/PageHeader' is present

2020-05-24 19:12:04 - [TEST_STEP][PASSED] - com.reusableComponents.HighlightElement.run(ModifiedHeaderName): com.reusableComponents.HighlightElement.run is PASSED

2020-05-24 19:12:05 - [MESSAGE][PASSED] - com.reusableComponents.HighlightElement.run is PASSED

2020-05-24 19:12:05 - [MESSAGE][PASSED] - Call Test Case 'Test Cases/Components/VerifyPageSuccessfullyLoaded' successfully

2020-05-24 19:12:05 - [TEST_STEP][PASSED] - callTestCase(findTestCase("Components/NavigateToAnyLHS"), ["LHS":"Reminder"], STOP_ON_FAILURE): Call Test Case 'Test Cases/Components/NavigateToAnyLHS' successfully

2020-05-24 19:12:05 - [TEST_CASE][PASSED] - Test Cases/Components/NavigateToAnyLHS: Test Cases/Components/NavigateToAnyLHS

2020-05-24 19:12:05 - [TEST_STEP][PASSED] - Thread.sleep(1000): null

2020-05-24 19:12:06 - [TEST_STEP][PASSED] - modifiedLHS = modifyObjectProperty(findTestObject("Objects.NavigateToAnyLHS/Page_ISPS2/LHSToModify"), "text", "equals", LHS, true): Modify property of object successfully

2020-05-24 19:12:06 - [MESSAGE][PASSED] - Modify property of object successfully

2020-05-24 19:12:06 - [TEST_STEP][PASSED] - click(modifiedLHS): Object: 'Object Repository/Objects.NavigateToAnyLHS/Page_ISPS2/LHSToModify' is clicked on

2020-05-24 19:12:06 - [MESSAGE][PASSED] - Object: 'Object Repository/Objects.NavigateToAnyLHS/Page_ISPS2/LHSToModify' is clicked on

2020-05-24 19:12:06 - [TEST_STEP][PASSED] - currentLHS = getText(modifiedLHS): Text of object 'Object Repository/Objects.NavigateToAnyLHS/Page_ISPS2/LHSToModify' is: 'Reminder'

2020-05-24 19:12:07 - [MESSAGE][PASSED] - Text of object 'Object Repository/Objects.NavigateToAnyLHS/Page_ISPS2/LHSToModify' is: 'Reminder'

2020-05-24 19:12:07 - [TEST_STEP][PASSED] - Thread.sleep(5000): null

2020-05-24 19:12:12 - [MESSAGE][PASSED] - Call Test Case 'Test Cases/Components/NavigateToAnyLHS' successfully

2020-05-24 19:12:12 - [TEST_STEP][PASSED] - callTestCase(findTestCase("Components/VerifyPageIndexSuccessfullyLoaded"), ["index":2], STOP_ON_FAILURE): Call Test Case 'Test Cases/Components/VerifyPageIndexSuccessfullyLoaded' successfully

2020-05-24 19:12:12 - [TEST_CASE][PASSED] - Test Cases/Components/VerifyPageIndexSuccessfullyLoaded: Test Cases/Components/VerifyPageIndexSuccessfullyLoaded

2020-05-24 19:12:12 - [TEST_STEP][PASSED] - Thread.sleep(1000): null

2020-05-24 19:12:13 - [TEST_STEP][PASSED] - if (index == "n"): null

2020-05-24 19:12:13 - [TEST_STEP][PASSED] - else: Modify property of object successfully

2020-05-24 19:12:13 - [TEST_STEP][PASSED] - modifiedInputFld = modifyObjectProperty(findTestObject("Object Repository/Objects.VerifyPageSuccessfullyLoaded/PageHeaderIndex"), "xpath", "equals", "(//*[contains(@class,'isps-page-title-1')])[" + index + "]", true): Modify property of object successfully

2020-05-24 19:12:13 - [MESSAGE][PASSED] - Modify property of object successfully

2020-05-24 19:12:13 - [TEST_STEP][PASSED] - com.reusableComponents.HighlightElement.run(modifiedInputFld): com.reusableComponents.HighlightElement.run is PASSED

2020-05-24 19:12:19 - [MESSAGE][PASSED] - com.reusableComponents.HighlightElement.run is PASSED

2020-05-24 19:12:19 - [MESSAGE][PASSED] - Call Test Case 'Test Cases/Components/VerifyPageIndexSuccessfullyLoaded' successfully

2020-05-24 19:12:19 - [TEST_STEP][PASSED] - callTestCase(findTestCase("Components/HighlightLabelField"), ["LblName":"Reminder Type:"], STOP_ON_FAILURE): Call Test Case 'Test Cases/Components/HighlightLabelField' successfully

2020-05-24 19:12:19 - [TEST_CASE][PASSED] - Test Cases/Components/HighlightLabelField: Test Cases/Components/HighlightLabelField

2020-05-24 19:12:19 - [TEST_STEP][PASSED] - Thread.sleep(1000): null

2020-05-24 19:12:20 - [TEST_STEP][PASSED] - modifiedLblNm = modifyObjectProperty(findTestObject("Objects.HighlightElements/lblField"), "text", "equals", LblName, true): Modify property of object successfully

2020-05-24 19:12:20 - [MESSAGE][PASSED] - Modify property of object successfully

2020-05-24 19:12:20 - [TEST_STEP][PASSED] - com.reusableComponents.HighlightElement.run(modifiedLblNm): com.reusableComponents.HighlightElement.run is PASSED

2020-05-24 19:12:21 - [MESSAGE][PASSED] - com.reusableComponents.HighlightElement.run is PASSED

2020-05-24 19:12:21 - [MESSAGE][PASSED] - Call Test Case 'Test Cases/Components/HighlightLabelField' successfully

2020-05-24 19:12:21 - [TEST_STEP][PASSED] - callTestCase(findTestCase("Components/HighlightInputField"), ["InputFldName":"reminderType"], STOP_ON_FAILURE): Call Test Case 'Test Cases/Components/HighlightInputField' successfully

2020-05-24 19:12:21 - [TEST_CASE][PASSED] - Test Cases/Components/HighlightInputField: Test Cases/Components/HighlightInputField

2020-05-24 19:12:21 - [TEST_STEP][PASSED] - Thread.sleep(1000): null

2020-05-24 19:12:22 - [TEST_STEP][PASSED] - modifiedLblNm = modifyObjectProperty(findTestObject("Objects.HighlightElements/input_field"), "name", "equals", InputFldName, true): Modify property of object successfully

2020-05-24 19:12:22 - [MESSAGE][PASSED] - Modify property of object successfully

2020-05-24 19:12:22 - [TEST_STEP][PASSED] - com.reusableComponents.HighlightElement.run(modifiedLblNm): com.reusableComponents.HighlightElement.run is PASSED

2020-05-24 19:12:23 - [MESSAGE][PASSED] - com.reusableComponents.HighlightElement.run is PASSED

2020-05-24 19:12:23 - [MESSAGE][PASSED] - Call Test Case 'Test Cases/Components/HighlightInputField' successfully

2020-05-24 19:12:23 - [TEST_STEP][PASSED] - callTestCase(findTestCase("PFI Precision and Scale/PFI Components/VerifyDefaultValue"), ["FieldNm":"reminderType", "index":0], STOP_ON_FAILURE): Call Test Case 'Test Cases/PFI Precision and Scale/PFI Components/VerifyDefaultValue' successfully

2020-05-24 19:12:23 - [TEST_CASE][PASSED] - Test Cases/PFI Precision and Scale/PFI Components/VerifyDefaultValue: Test Cases/PFI Precision and Scale/PFI Components/VerifyDefaultValue

2020-05-24 19:12:23 - [TEST_STEP][PASSED] - Thread.sleep(1000): null

2020-05-24 19:12:24 - [TEST_STEP][PASSED] - if (index == 0): Modify property of object successfully

2020-05-24 19:12:24 - [TEST_STEP][PASSED] - NewFieldNm = modifyObjectProperty(findTestObject("Objects.HighlightElements/input_field"), "name", "equals", FieldNm, true): Modify property of object successfully

2020-05-24 19:12:24 - [MESSAGE][PASSED] - Modify property of object successfully

2020-05-24 19:12:24 - [TEST_STEP][PASSED] - focus(NewFieldNm): Object: 'Object Repository/Objects.HighlightElements/input_field' is focused

2020-05-24 19:12:24 - [MESSAGE][PASSED] - Object: 'Object Repository/Objects.HighlightElements/input_field' is focused

2020-05-24 19:12:24 - [TEST_STEP][PASSED] - DefVal = getAttribute(NewFieldNm, "value", STOP_ON_FAILURE): Attribute 'value' of object 'Object Repository/Objects.HighlightElements/input_field' is: ''

2020-05-24 19:12:26 - [MESSAGE][PASSED] - Attribute 'value' of object 'Object Repository/Objects.HighlightElements/input_field' is: ''

2020-05-24 19:12:26 - [TEST_STEP][PASSED] - switch (FieldNm): null

2020-05-24 19:12:26 - [TEST_STEP][PASSED] - Default: null

2020-05-24 19:12:26 - [TEST_STEP][PASSED] - verifyMatch(DefVal, "", true): Actual text '' and expected text '' are matched  using regular expression

2020-05-24 19:12:26 - [MESSAGE][PASSED] - Actual text '' and expected text '' are matched  using regular expression

2020-05-24 19:12:26 - [TEST_STEP][PASSED] - break: null

2020-05-24 19:12:26 - [MESSAGE][PASSED] - Call Test Case 'Test Cases/PFI Precision and Scale/PFI Components/VerifyDefaultValue' successfully

2020-05-24 19:12:26 - [TEST_STEP][PASSED] - callTestCase(findTestCase("PFI Precision and Scale/PFI Components/VerifyDropdownValues"), ["FldNm":"reminderType", "index":0, "CallTCName":"PFI Precision and Scale/PFI Components/PFILetterTemplate", "cmbNm":"Reminder", ... ], STOP_ON_FAILURE): Call Test Case 'Test Cases/PFI Precision and Scale/PFI Components/VerifyDropdownValues' successfully

2020-05-24 19:12:26 - [TEST_CASE][PASSED] - Test Cases/PFI Precision and Scale/PFI Components/VerifyDropdownValues: Test Cases/PFI Precision and Scale/PFI Components/VerifyDropdownValues

2020-05-24 19:12:26 - [TEST_STEP][PASSED] - Thread.sleep(1000): null

2020-05-24 19:12:27 - [TEST_STEP][PASSED] - if (index == 0): Modify property of object successfully

2020-05-24 19:12:27 - [TEST_STEP][PASSED] - NewInputNmField = modifyObjectProperty(findTestObject("Objects.HighlightElements/input_field"), "name", "equals", FldNm, true): Modify property of object successfully

2020-05-24 19:12:27 - [MESSAGE][PASSED] - Modify property of object successfully

2020-05-24 19:12:27 - [TEST_STEP][PASSED] - if (FldNm == "NovaComboBox"): null

2020-05-24 19:12:27 - [TEST_STEP][PASSED] - comboNm = cmbNm: null

2020-05-24 19:12:27 - [TEST_STEP][PASSED] - focus(NewInputNmField): Object: 'Object Repository/Objects.HighlightElements/input_field' is focused

2020-05-24 19:12:27 - [MESSAGE][PASSED] - Object: 'Object Repository/Objects.HighlightElements/input_field' is focused

2020-05-24 19:12:27 - [TEST_STEP][PASSED] - setText(NewInputNmField, EnterValue): Text '' is set on object 'Object Repository/Objects.HighlightElements/input_field'

2020-05-24 19:12:27 - [MESSAGE][PASSED] - Text '' is set on object 'Object Repository/Objects.HighlightElements/input_field'

2020-05-24 19:12:27 - [TEST_STEP][PASSED] - for ([i = 1, i <= NoOfVal, (i++)]): Keys 'DOWN + ' sent to object: 'Object Repository/Objects.HighlightElements/input_field'

2020-05-24 19:12:27 - [TEST_STEP][PASSED] - sendKeys(NewInputNmField, Keys.chord(ARROW_DOWN)): Keys 'DOWN + ' sent to object: 'Object Repository/Objects.HighlightElements/input_field'

2020-05-24 19:12:28 - [MESSAGE][PASSED] - Keys 'DOWN + ' sent to object: 'Object Repository/Objects.HighlightElements/input_field'

2020-05-24 19:12:28 - [TEST_STEP][PASSED] - delay(DelayTime): Delayed 0 second(s)

2020-05-24 19:12:28 - [MESSAGE][PASSED] - Delayed 0 second(s)

2020-05-24 19:12:28 - [TEST_STEP][PASSED] - sendKeys(NewInputNmField, Keys.chord(ENTER)): Keys 'ENTER + ' sent to object: 'Object Repository/Objects.HighlightElements/input_field'

2020-05-24 19:12:28 - [MESSAGE][PASSED] - Keys 'ENTER + ' sent to object: 'Object Repository/Objects.HighlightElements/input_field'

2020-05-24 19:12:28 - [TEST_STEP][PASSED] - ComboBoxValue = getAttribute(NewInputNmField, "value"): Attribute 'value' of object 'Object Repository/Objects.HighlightElements/input_field' is: 'Ministry of Health'

2020-05-24 19:12:29 - [MESSAGE][PASSED] - Attribute 'value' of object 'Object Repository/Objects.HighlightElements/input_field' is: 'Ministry of Health'

2020-05-24 19:12:29 - [TEST_STEP][PASSED] - callTestCase(findTestCase(CallTCName), ["FindValue":ComboBoxValue, "DropdownNm":comboNm], STOP_ON_FAILURE): Call Test Case 'Test Cases/PFI Precision and Scale/PFI Components/PFILetterTemplate' successfully

2020-05-24 19:12:29 - [TEST_CASE][PASSED] - Test Cases/PFI Precision and Scale/PFI Components/PFILetterTemplate: Test Cases/PFI Precision and Scale/PFI Components/PFILetterTemplate

2020-05-24 19:12:29 - [TEST_STEP][PASSED] - PFILetterTemplateTBL = [1:["Reminder":"Ministry Of Health"], 2:["Reminder":"Reminder Free Format Letter"], 3:["Reminder":"Reminder 1 (SF_ESID_SIS/SL-REM1)"], ... ]: null

2020-05-24 19:12:29 - [TEST_STEP][PASSED] - switch (DropdownNm): null

2020-05-24 19:12:29 - [TEST_STEP][PASSED] - case "Reminder":: null

2020-05-24 19:12:29 - [TEST_STEP][PASSED] - ValueFound = PFILetterTemplateTBL.find({ -> ... }): null

2020-05-24 19:12:29 - [TEST_STEP][PASSED] - break: null

2020-05-24 19:12:29 - [MESSAGE][PASSED] - Call Test Case 'Test Cases/PFI Precision and Scale/PFI Components/PFILetterTemplate' successfully

2020-05-24 19:12:29 - [TEST_STEP][PASSED] - println(ValueFound): null

2020-05-24 19:12:29 - [TEST_STEP][PASSED] - sendKeys(NewInputNmField, Keys.chord(ARROW_DOWN)): Keys 'DOWN + ' sent to object: 'Object Repository/Objects.HighlightElements/input_field'

2020-05-24 19:12:29 - [MESSAGE][PASSED] - Keys 'DOWN + ' sent to object: 'Object Repository/Objects.HighlightElements/input_field'

2020-05-24 19:12:29 - [TEST_STEP][PASSED] - sendKeys(NewInputNmField, Keys.chord(ARROW_DOWN)): Keys 'DOWN + ' sent to object: 'Object Repository/Objects.HighlightElements/input_field'

2020-05-24 19:12:29 - [MESSAGE][PASSED] - Keys 'DOWN + ' sent to object: 'Object Repository/Objects.HighlightElements/input_field'

2020-05-24 19:12:29 - [TEST_STEP][PASSED] - delay(DelayTime): Delayed 0 second(s)

2020-05-24 19:12:29 - [MESSAGE][PASSED] - Delayed 0 second(s)

2020-05-24 19:12:29 - [TEST_STEP][PASSED] - sendKeys(NewInputNmField, Keys.chord(ENTER)): Keys 'ENTER + ' sent to object: 'Object Repository/Objects.HighlightElements/input_field'

2020-05-24 19:12:30 - [MESSAGE][PASSED] - Keys 'ENTER + ' sent to object: 'Object Repository/Objects.HighlightElements/input_field'

2020-05-24 19:12:30 - [TEST_STEP][PASSED] - ComboBoxValue = getAttribute(NewInputNmField, "value"): Attribute 'value' of object 'Object Repository/Objects.HighlightElements/input_field' is: 'Reminder Free Format Letter'

2020-05-24 19:12:30 - [MESSAGE][PASSED] - Attribute 'value' of object 'Object Repository/Objects.HighlightElements/input_field' is: 'Reminder Free Format Letter'

2020-05-24 19:12:30 - [TEST_STEP][PASSED] - callTestCase(findTestCase(CallTCName), ["FindValue":ComboBoxValue, "DropdownNm":comboNm], STOP_ON_FAILURE): Call Test Case 'Test Cases/PFI Precision and Scale/PFI Components/PFILetterTemplate' successfully

2020-05-24 19:12:30 - [TEST_CASE][PASSED] - Test Cases/PFI Precision and Scale/PFI Components/PFILetterTemplate: Test Cases/PFI Precision and Scale/PFI Components/PFILetterTemplate

2020-05-24 19:12:30 - [TEST_STEP][PASSED] - PFILetterTemplateTBL = [1:["Reminder":"Ministry Of Health"], 2:["Reminder":"Reminder Free Format Letter"], 3:["Reminder":"Reminder 1 (SF_ESID_SIS/SL-REM1)"], ... ]: null

2020-05-24 19:12:30 - [TEST_STEP][PASSED] - switch (DropdownNm): null

2020-05-24 19:12:30 - [TEST_STEP][PASSED] - case "Reminder":: null

2020-05-24 19:12:30 - [TEST_STEP][PASSED] - ValueFound = PFILetterTemplateTBL.find({ -> ... }): null

2020-05-24 19:12:30 - [TEST_STEP][PASSED] - break: null

2020-05-24 19:12:30 - [MESSAGE][PASSED] - Call Test Case 'Test Cases/PFI Precision and Scale/PFI Components/PFILetterTemplate' successfully

2020-05-24 19:12:30 - [TEST_STEP][PASSED] - println(ValueFound): null

2020-05-24 19:12:30 - [TEST_STEP][PASSED] - sendKeys(NewInputNmField, Keys.chord(ARROW_DOWN)): Keys 'DOWN + ' sent to object: 'Object Repository/Objects.HighlightElements/input_field'

2020-05-24 19:12:31 - [MESSAGE][PASSED] - Keys 'DOWN + ' sent to object: 'Object Repository/Objects.HighlightElements/input_field'

2020-05-24 19:12:31 - [TEST_STEP][PASSED] - sendKeys(NewInputNmField, Keys.chord(ARROW_DOWN)): Keys 'DOWN + ' sent to object: 'Object Repository/Objects.HighlightElements/input_field'

2020-05-24 19:12:31 - [MESSAGE][PASSED] - Keys 'DOWN + ' sent to object: 'Object Repository/Objects.HighlightElements/input_field'

2020-05-24 19:12:31 - [TEST_STEP][PASSED] - delay(DelayTime): Delayed 0 second(s)

2020-05-24 19:12:31 - [MESSAGE][PASSED] - Delayed 0 second(s)

2020-05-24 19:12:31 - [TEST_STEP][PASSED] - sendKeys(NewInputNmField, Keys.chord(ENTER)): Keys 'ENTER + ' sent to object: 'Object Repository/Objects.HighlightElements/input_field'

2020-05-24 19:12:32 - [MESSAGE][PASSED] - Keys 'ENTER + ' sent to object: 'Object Repository/Objects.HighlightElements/input_field'

2020-05-24 19:12:32 - [TEST_STEP][PASSED] - ComboBoxValue = getAttribute(NewInputNmField, "value"): Attribute 'value' of object 'Object Repository/Objects.HighlightElements/input_field' is: 'Reminder 1 (SF_ESID_SIS/SL-REM1)'

2020-05-24 19:12:32 - [MESSAGE][PASSED] - Attribute 'value' of object 'Object Repository/Objects.HighlightElements/input_field' is: 'Reminder 1 (SF_ESID_SIS/SL-REM1)'

2020-05-24 19:12:32 - [TEST_STEP][PASSED] - callTestCase(findTestCase(CallTCName), ["FindValue":ComboBoxValue, "DropdownNm":comboNm], STOP_ON_FAILURE): Call Test Case 'Test Cases/PFI Precision and Scale/PFI Components/PFILetterTemplate' successfully

2020-05-24 19:12:32 - [TEST_CASE][PASSED] - Test Cases/PFI Precision and Scale/PFI Components/PFILetterTemplate: Test Cases/PFI Precision and Scale/PFI Components/PFILetterTemplate

2020-05-24 19:12:32 - [TEST_STEP][PASSED] - PFILetterTemplateTBL = [1:["Reminder":"Ministry Of Health"], 2:["Reminder":"Reminder Free Format Letter"], 3:["Reminder":"Reminder 1 (SF_ESID_SIS/SL-REM1)"], ... ]: null

2020-05-24 19:12:32 - [TEST_STEP][PASSED] - switch (DropdownNm): null

2020-05-24 19:12:32 - [TEST_STEP][PASSED] - case "Reminder":: null

2020-05-24 19:12:32 - [TEST_STEP][PASSED] - ValueFound = PFILetterTemplateTBL.find({ -> ... }): null

2020-05-24 19:12:32 - [TEST_STEP][PASSED] - break: null

2020-05-24 19:12:32 - [MESSAGE][PASSED] - Call Test Case 'Test Cases/PFI Precision and Scale/PFI Components/PFILetterTemplate' successfully

2020-05-24 19:12:32 - [TEST_STEP][PASSED] - println(ValueFound): null

2020-05-24 19:12:32 - [TEST_STEP][PASSED] - sendKeys(NewInputNmField, Keys.chord(ARROW_DOWN)): Keys 'DOWN + ' sent to object: 'Object Repository/Objects.HighlightElements/input_field'

2020-05-24 19:12:32 - [MESSAGE][PASSED] - Keys 'DOWN + ' sent to object: 'Object Repository/Objects.HighlightElements/input_field'

2020-05-24 19:12:32 - [TEST_STEP][PASSED] - sendKeys(NewInputNmField, Keys.chord(ARROW_DOWN)): Keys 'DOWN + ' sent to object: 'Object Repository/Objects.HighlightElements/input_field'

2020-05-24 19:12:33 - [MESSAGE][PASSED] - Keys 'DOWN + ' sent to object: 'Object Repository/Objects.HighlightElements/input_field'

2020-05-24 19:12:33 - [TEST_STEP][PASSED] - delay(DelayTime): Delayed 0 second(s)

2020-05-24 19:12:33 - [MESSAGE][PASSED] - Delayed 0 second(s)

2020-05-24 19:12:33 - [TEST_STEP][PASSED] - sendKeys(NewInputNmField, Keys.chord(ENTER)): Keys 'ENTER + ' sent to object: 'Object Repository/Objects.HighlightElements/input_field'

2020-05-24 19:12:33 - [MESSAGE][PASSED] - Keys 'ENTER + ' sent to object: 'Object Repository/Objects.HighlightElements/input_field'

2020-05-24 19:12:33 - [TEST_STEP][PASSED] - ComboBoxValue = getAttribute(NewInputNmField, "value"): Attribute 'value' of object 'Object Repository/Objects.HighlightElements/input_field' is: 'Reminder 1-G (SF_ESID_SIS/SL-REM1-G)'

2020-05-24 19:12:34 - [MESSAGE][PASSED] - Attribute 'value' of object 'Object Repository/Objects.HighlightElements/input_field' is: 'Reminder 1-G (SF_ESID_SIS/SL-REM1-G)'

2020-05-24 19:12:34 - [TEST_STEP][PASSED] - callTestCase(findTestCase(CallTCName), ["FindValue":ComboBoxValue, "DropdownNm":comboNm], STOP_ON_FAILURE): Call Test Case 'Test Cases/PFI Precision and Scale/PFI Components/PFILetterTemplate' successfully

2020-05-24 19:12:34 - [TEST_CASE][PASSED] - Test Cases/PFI Precision and Scale/PFI Components/PFILetterTemplate: Test Cases/PFI Precision and Scale/PFI Components/PFILetterTemplate

2020-05-24 19:12:34 - [TEST_STEP][PASSED] - PFILetterTemplateTBL = [1:["Reminder":"Ministry Of Health"], 2:["Reminder":"Reminder Free Format Letter"], 3:["Reminder":"Reminder 1 (SF_ESID_SIS/SL-REM1)"], ... ]: null

2020-05-24 19:12:34 - [TEST_STEP][PASSED] - switch (DropdownNm): null

2020-05-24 19:12:34 - [TEST_STEP][PASSED] - case "Reminder":: null

2020-05-24 19:12:34 - [TEST_STEP][PASSED] - ValueFound = PFILetterTemplateTBL.find({ -> ... }): null

2020-05-24 19:12:34 - [TEST_STEP][PASSED] - break: null

2020-05-24 19:12:34 - [MESSAGE][PASSED] - Call Test Case 'Test Cases/PFI Precision and Scale/PFI Components/PFILetterTemplate' successfully

2020-05-24 19:12:34 - [TEST_STEP][PASSED] - println(ValueFound): null

2020-05-24 19:12:34 - [TEST_STEP][PASSED] - sendKeys(NewInputNmField, Keys.chord(ARROW_DOWN)): Keys 'DOWN + ' sent to object: 'Object Repository/Objects.HighlightElements/input_field'

2020-05-24 19:12:34 - [MESSAGE][PASSED] - Keys 'DOWN + ' sent to object: 'Object Repository/Objects.HighlightElements/input_field'

2020-05-24 19:12:34 - [TEST_STEP][PASSED] - sendKeys(NewInputNmField, Keys.chord(ARROW_DOWN)): Keys 'DOWN + ' sent to object: 'Object Repository/Objects.HighlightElements/input_field'

2020-05-24 19:12:35 - [MESSAGE][PASSED] - Keys 'DOWN + ' sent to object: 'Object Repository/Objects.HighlightElements/input_field'

2020-05-24 19:12:35 - [TEST_STEP][PASSED] - delay(DelayTime): Delayed 0 second(s)

2020-05-24 19:12:35 - [MESSAGE][PASSED] - Delayed 0 second(s)

2020-05-24 19:12:35 - [TEST_STEP][PASSED] - sendKeys(NewInputNmField, Keys.chord(ENTER)): Keys 'ENTER + ' sent to object: 'Object Repository/Objects.HighlightElements/input_field'

2020-05-24 19:12:35 - [MESSAGE][PASSED] - Keys 'ENTER + ' sent to object: 'Object Repository/Objects.HighlightElements/input_field'

2020-05-24 19:12:35 - [TEST_STEP][PASSED] - ComboBoxValue = getAttribute(NewInputNmField, "value"): Attribute 'value' of object 'Object Repository/Objects.HighlightElements/input_field' is: 'Reminder 1A (SF_ESID_SIS/SL-REM1A)'

2020-05-24 19:12:35 - [MESSAGE][PASSED] - Attribute 'value' of object 'Object Repository/Objects.HighlightElements/input_field' is: 'Reminder 1A (SF_ESID_SIS/SL-REM1A)'

2020-05-24 19:12:35 - [TEST_STEP][PASSED] - callTestCase(findTestCase(CallTCName), ["FindValue":ComboBoxValue, "DropdownNm":comboNm], STOP_ON_FAILURE): Call Test Case 'Test Cases/PFI Precision and Scale/PFI Components/PFILetterTemplate' successfully

2020-05-24 19:12:36 - [TEST_CASE][PASSED] - Test Cases/PFI Precision and Scale/PFI Components/PFILetterTemplate: Test Cases/PFI Precision and Scale/PFI Components/PFILetterTemplate

2020-05-24 19:12:36 - [TEST_STEP][PASSED] - PFILetterTemplateTBL = [1:["Reminder":"Ministry Of Health"], 2:["Reminder":"Reminder Free Format Letter"], 3:["Reminder":"Reminder 1 (SF_ESID_SIS/SL-REM1)"], ... ]: null

2020-05-24 19:12:36 - [TEST_STEP][PASSED] - switch (DropdownNm): null

2020-05-24 19:12:36 - [TEST_STEP][PASSED] - case "Reminder":: null

2020-05-24 19:12:36 - [TEST_STEP][PASSED] - ValueFound = PFILetterTemplateTBL.find({ -> ... }): null

2020-05-24 19:12:36 - [TEST_STEP][PASSED] - break: null

2020-05-24 19:12:36 - [MESSAGE][PASSED] - Call Test Case 'Test Cases/PFI Precision and Scale/PFI Components/PFILetterTemplate' successfully

2020-05-24 19:12:36 - [TEST_STEP][PASSED] - println(ValueFound): null

2020-05-24 19:12:36 - [TEST_STEP][PASSED] - sendKeys(NewInputNmField, Keys.chord(ARROW_DOWN)): Keys 'DOWN + ' sent to object: 'Object Repository/Objects.HighlightElements/input_field'

2020-05-24 19:12:36 - [MESSAGE][PASSED] - Keys 'DOWN + ' sent to object: 'Object Repository/Objects.HighlightElements/input_field'

2020-05-24 19:12:36 - [TEST_STEP][PASSED] - sendKeys(NewInputNmField, Keys.chord(ARROW_DOWN)): Keys 'DOWN + ' sent to object: 'Object Repository/Objects.HighlightElements/input_field'

2020-05-24 19:12:36 - [MESSAGE][PASSED] - Keys 'DOWN + ' sent to object: 'Object Repository/Objects.HighlightElements/input_field'

2020-05-24 19:12:36 - [TEST_STEP][PASSED] - delay(DelayTime): Delayed 0 second(s)

2020-05-24 19:12:36 - [MESSAGE][PASSED] - Delayed 0 second(s)

2020-05-24 19:12:36 - [TEST_STEP][PASSED] - sendKeys(NewInputNmField, Keys.chord(ENTER)): Keys 'ENTER + ' sent to object: 'Object Repository/Objects.HighlightElements/input_field'

2020-05-24 19:12:37 - [MESSAGE][PASSED] - Keys 'ENTER + ' sent to object: 'Object Repository/Objects.HighlightElements/input_field'

2020-05-24 19:12:37 - [TEST_STEP][PASSED] - ComboBoxValue = getAttribute(NewInputNmField, "value"): Attribute 'value' of object 'Object Repository/Objects.HighlightElements/input_field' is: 'Reminder 1-M (SF_ESID_SIS/SL-REM1-M)'

2020-05-24 19:12:37 - [MESSAGE][PASSED] - Attribute 'value' of object 'Object Repository/Objects.HighlightElements/input_field' is: 'Reminder 1-M (SF_ESID_SIS/SL-REM1-M)'

2020-05-24 19:12:37 - [TEST_STEP][PASSED] - callTestCase(findTestCase(CallTCName), ["FindValue":ComboBoxValue, "DropdownNm":comboNm], STOP_ON_FAILURE): Call Test Case 'Test Cases/PFI Precision and Scale/PFI Components/PFILetterTemplate' successfully

2020-05-24 19:12:37 - [TEST_CASE][PASSED] - Test Cases/PFI Precision and Scale/PFI Components/PFILetterTemplate: Test Cases/PFI Precision and Scale/PFI Components/PFILetterTemplate

2020-05-24 19:12:37 - [TEST_STEP][PASSED] - PFILetterTemplateTBL = [1:["Reminder":"Ministry Of Health"], 2:["Reminder":"Reminder Free Format Letter"], 3:["Reminder":"Reminder 1 (SF_ESID_SIS/SL-REM1)"], ... ]: null

2020-05-24 19:12:37 - [TEST_STEP][PASSED] - switch (DropdownNm): null

2020-05-24 19:12:37 - [TEST_STEP][PASSED] - case "Reminder":: null

2020-05-24 19:12:37 - [TEST_STEP][PASSED] - ValueFound = PFILetterTemplateTBL.find({ -> ... }): null

2020-05-24 19:12:37 - [TEST_STEP][PASSED] - break: null

2020-05-24 19:12:37 - [MESSAGE][PASSED] - Call Test Case 'Test Cases/PFI Precision and Scale/PFI Components/PFILetterTemplate' successfully

2020-05-24 19:12:37 - [TEST_STEP][PASSED] - println(ValueFound): null

2020-05-24 19:12:37 - [TEST_STEP][PASSED] - sendKeys(NewInputNmField, Keys.chord(ARROW_DOWN)): Keys 'DOWN + ' sent to object: 'Object Repository/Objects.HighlightElements/input_field'

2020-05-24 19:12:38 - [MESSAGE][PASSED] - Keys 'DOWN + ' sent to object: 'Object Repository/Objects.HighlightElements/input_field'

2020-05-24 19:12:38 - [TEST_STEP][PASSED] - sendKeys(NewInputNmField, Keys.chord(ARROW_DOWN)): Keys 'DOWN + ' sent to object: 'Object Repository/Objects.HighlightElements/input_field'

2020-05-24 19:12:38 - [MESSAGE][PASSED] - Keys 'DOWN + ' sent to object: 'Object Repository/Objects.HighlightElements/input_field'

2020-05-24 19:12:38 - [TEST_STEP][PASSED] - delay(DelayTime): Delayed 0 second(s)

2020-05-24 19:12:38 - [MESSAGE][PASSED] - Delayed 0 second(s)

2020-05-24 19:12:38 - [TEST_STEP][PASSED] - sendKeys(NewInputNmField, Keys.chord(ENTER)): Keys 'ENTER + ' sent to object: 'Object Repository/Objects.HighlightElements/input_field'

2020-05-24 19:12:38 - [MESSAGE][PASSED] - Keys 'ENTER + ' sent to object: 'Object Repository/Objects.HighlightElements/input_field'

2020-05-24 19:12:38 - [TEST_STEP][PASSED] - ComboBoxValue = getAttribute(NewInputNmField, "value"): Attribute 'value' of object 'Object Repository/Objects.HighlightElements/input_field' is: 'Reminder 1A-M (SF_ESID_SIS/SL-REM1A-M)'

2020-05-24 19:12:39 - [MESSAGE][PASSED] - Attribute 'value' of object 'Object Repository/Objects.HighlightElements/input_field' is: 'Reminder 1A-M (SF_ESID_SIS/SL-REM1A-M)'

2020-05-24 19:12:39 - [TEST_STEP][PASSED] - callTestCase(findTestCase(CallTCName), ["FindValue":ComboBoxValue, "DropdownNm":comboNm], STOP_ON_FAILURE): Call Test Case 'Test Cases/PFI Precision and Scale/PFI Components/PFILetterTemplate' successfully

2020-05-24 19:12:39 - [TEST_CASE][PASSED] - Test Cases/PFI Precision and Scale/PFI Components/PFILetterTemplate: Test Cases/PFI Precision and Scale/PFI Components/PFILetterTemplate

2020-05-24 19:12:39 - [TEST_STEP][PASSED] - PFILetterTemplateTBL = [1:["Reminder":"Ministry Of Health"], 2:["Reminder":"Reminder Free Format Letter"], 3:["Reminder":"Reminder 1 (SF_ESID_SIS/SL-REM1)"], ... ]: null

2020-05-24 19:12:39 - [TEST_STEP][PASSED] - switch (DropdownNm): null

2020-05-24 19:12:39 - [TEST_STEP][PASSED] - case "Reminder":: null

2020-05-24 19:12:39 - [TEST_STEP][PASSED] - ValueFound = PFILetterTemplateTBL.find({ -> ... }): null

2020-05-24 19:12:39 - [TEST_STEP][PASSED] - break: null

2020-05-24 19:12:39 - [MESSAGE][PASSED] - Call Test Case 'Test Cases/PFI Precision and Scale/PFI Components/PFILetterTemplate' successfully

2020-05-24 19:12:39 - [TEST_STEP][PASSED] - println(ValueFound): null

2020-05-24 19:12:39 - [TEST_STEP][PASSED] - sendKeys(NewInputNmField, Keys.chord(ARROW_DOWN)): Keys 'DOWN + ' sent to object: 'Object Repository/Objects.HighlightElements/input_field'

2020-05-24 19:12:39 - [MESSAGE][PASSED] - Keys 'DOWN + ' sent to object: 'Object Repository/Objects.HighlightElements/input_field'

2020-05-24 19:12:39 - [TEST_STEP][PASSED] - sendKeys(NewInputNmField, Keys.chord(ARROW_DOWN)): Keys 'DOWN + ' sent to object: 'Object Repository/Objects.HighlightElements/input_field'

2020-05-24 19:12:40 - [MESSAGE][PASSED] - Keys 'DOWN + ' sent to object: 'Object Repository/Objects.HighlightElements/input_field'

2020-05-24 19:12:40 - [TEST_STEP][PASSED] - delay(DelayTime): Delayed 0 second(s)

2020-05-24 19:12:40 - [MESSAGE][PASSED] - Delayed 0 second(s)

2020-05-24 19:12:40 - [TEST_STEP][PASSED] - sendKeys(NewInputNmField, Keys.chord(ENTER)): Keys 'ENTER + ' sent to object: 'Object Repository/Objects.HighlightElements/input_field'

2020-05-24 19:12:40 - [MESSAGE][PASSED] - Keys 'ENTER + ' sent to object: 'Object Repository/Objects.HighlightElements/input_field'

2020-05-24 19:12:40 - [TEST_STEP][PASSED] - ComboBoxValue = getAttribute(NewInputNmField, "value"): Attribute 'value' of object 'Object Repository/Objects.HighlightElements/input_field' is: 'Reminder 2 (SF_ESID_SIS/SL-REM2)'

2020-05-24 19:12:41 - [MESSAGE][PASSED] - Attribute 'value' of object 'Object Repository/Objects.HighlightElements/input_field' is: 'Reminder 2 (SF_ESID_SIS/SL-REM2)'

2020-05-24 19:12:41 - [TEST_STEP][PASSED] - callTestCase(findTestCase(CallTCName), ["FindValue":ComboBoxValue, "DropdownNm":comboNm], STOP_ON_FAILURE): Call Test Case 'Test Cases/PFI Precision and Scale/PFI Components/PFILetterTemplate' successfully

2020-05-24 19:12:41 - [TEST_CASE][PASSED] - Test Cases/PFI Precision and Scale/PFI Components/PFILetterTemplate: Test Cases/PFI Precision and Scale/PFI Components/PFILetterTemplate

2020-05-24 19:12:41 - [TEST_STEP][PASSED] - PFILetterTemplateTBL = [1:["Reminder":"Ministry Of Health"], 2:["Reminder":"Reminder Free Format Letter"], 3:["Reminder":"Reminder 1 (SF_ESID_SIS/SL-REM1)"], ... ]: null

2020-05-24 19:12:41 - [TEST_STEP][PASSED] - switch (DropdownNm): null

2020-05-24 19:12:41 - [TEST_STEP][PASSED] - case "Reminder":: null

2020-05-24 19:12:41 - [TEST_STEP][PASSED] - ValueFound = PFILetterTemplateTBL.find({ -> ... }): null

2020-05-24 19:12:41 - [TEST_STEP][PASSED] - break: null

2020-05-24 19:12:41 - [MESSAGE][PASSED] - Call Test Case 'Test Cases/PFI Precision and Scale/PFI Components/PFILetterTemplate' successfully

2020-05-24 19:12:41 - [TEST_STEP][PASSED] - println(ValueFound): null

2020-05-24 19:12:41 - [TEST_STEP][PASSED] - sendKeys(NewInputNmField, Keys.chord(ARROW_DOWN)): Keys 'DOWN + ' sent to object: 'Object Repository/Objects.HighlightElements/input_field'

2020-05-24 19:12:41 - [MESSAGE][PASSED] - Keys 'DOWN + ' sent to object: 'Object Repository/Objects.HighlightElements/input_field'

2020-05-24 19:12:41 - [TEST_STEP][PASSED] - sendKeys(NewInputNmField, Keys.chord(ARROW_DOWN)): Keys 'DOWN + ' sent to object: 'Object Repository/Objects.HighlightElements/input_field'

2020-05-24 19:12:42 - [MESSAGE][PASSED] - Keys 'DOWN + ' sent to object: 'Object Repository/Objects.HighlightElements/input_field'

2020-05-24 19:12:42 - [TEST_STEP][PASSED] - delay(DelayTime): Delayed 0 second(s)

2020-05-24 19:12:42 - [MESSAGE][PASSED] - Delayed 0 second(s)

2020-05-24 19:12:42 - [TEST_STEP][PASSED] - sendKeys(NewInputNmField, Keys.chord(ENTER)): Keys 'ENTER + ' sent to object: 'Object Repository/Objects.HighlightElements/input_field'

2020-05-24 19:12:42 - [MESSAGE][PASSED] - Keys 'ENTER + ' sent to object: 'Object Repository/Objects.HighlightElements/input_field'

2020-05-24 19:12:42 - [TEST_STEP][PASSED] - ComboBoxValue = getAttribute(NewInputNmField, "value"): Attribute 'value' of object 'Object Repository/Objects.HighlightElements/input_field' is: 'Reminder 2-G (SF_ESID_SIS/SL-REM2-G)'

2020-05-24 19:12:43 - [MESSAGE][PASSED] - Attribute 'value' of object 'Object Repository/Objects.HighlightElements/input_field' is: 'Reminder 2-G (SF_ESID_SIS/SL-REM2-G)'

2020-05-24 19:12:43 - [TEST_STEP][PASSED] - callTestCase(findTestCase(CallTCName), ["FindValue":ComboBoxValue, "DropdownNm":comboNm], STOP_ON_FAILURE): Call Test Case 'Test Cases/PFI Precision and Scale/PFI Components/PFILetterTemplate' successfully

2020-05-24 19:12:43 - [TEST_CASE][PASSED] - Test Cases/PFI Precision and Scale/PFI Components/PFILetterTemplate: Test Cases/PFI Precision and Scale/PFI Components/PFILetterTemplate

2020-05-24 19:12:43 - [TEST_STEP][PASSED] - PFILetterTemplateTBL = [1:["Reminder":"Ministry Of Health"], 2:["Reminder":"Reminder Free Format Letter"], 3:["Reminder":"Reminder 1 (SF_ESID_SIS/SL-REM1)"], ... ]: null

2020-05-24 19:12:43 - [TEST_STEP][PASSED] - switch (DropdownNm): null

2020-05-24 19:12:43 - [TEST_STEP][PASSED] - case "Reminder":: null

2020-05-24 19:12:43 - [TEST_STEP][PASSED] - ValueFound = PFILetterTemplateTBL.find({ -> ... }): null

2020-05-24 19:12:43 - [TEST_STEP][PASSED] - break: null

2020-05-24 19:12:43 - [MESSAGE][PASSED] - Call Test Case 'Test Cases/PFI Precision and Scale/PFI Components/PFILetterTemplate' successfully

2020-05-24 19:12:43 - [TEST_STEP][PASSED] - println(ValueFound): null

2020-05-24 19:12:43 - [TEST_STEP][PASSED] - sendKeys(NewInputNmField, Keys.chord(ARROW_DOWN)): Keys 'DOWN + ' sent to object: 'Object Repository/Objects.HighlightElements/input_field'

2020-05-24 19:12:43 - [MESSAGE][PASSED] - Keys 'DOWN + ' sent to object: 'Object Repository/Objects.HighlightElements/input_field'

2020-05-24 19:12:43 - [TEST_STEP][PASSED] - sendKeys(NewInputNmField, Keys.chord(ENTER)): Keys 'ENTER + ' sent to object: 'Object Repository/Objects.HighlightElements/input_field'

2020-05-24 19:12:43 - [MESSAGE][PASSED] - Keys 'ENTER + ' sent to object: 'Object Repository/Objects.HighlightElements/input_field'

2020-05-24 19:12:43 - [MESSAGE][PASSED] - Call Test Case 'Test Cases/PFI Precision and Scale/PFI Components/VerifyDropdownValues' successfully

2020-05-24 19:12:43 - [TEST_STEP][PASSED] - callTestCase(findTestCase("Components/Logout"), ["LogoutPageTextToBeVerified":findTestData("ISPS2 Test Data").getValue("HomeBanner", 1)], STOP_ON_FAILURE): Call Test Case 'Test Cases/Components/Logout' successfully

2020-05-24 19:12:43 - [TEST_CASE][PASSED] - Test Cases/Components/Logout: Test Cases/Components/Logout

2020-05-24 19:12:43 - [TEST_STEP][PASSED] - Thread.sleep(3000): null

2020-05-24 19:12:46 - [TEST_STEP][NOT_RUN] - com.reusableComponents.HighlightElement.run(findTestObject("Objects.Logout/accountDropdown")): NOT_RUN: com.reusableComponents.HighlightElement.run(findTestObject("Objects.Logout/accountDropdown"))

2020-05-24 19:12:46 - [MESSAGE][NOT_RUN] - NOT_RUN: com.reusableComponents.HighlightElement.run(findTestObject("Objects.Logout/accountDropdown"))

2020-05-24 19:12:46 - [TEST_STEP][NOT_RUN] - click(findTestObject("Objects.Logout/accountDropdown")): NOT_RUN: click(findTestObject("Objects.Logout/accountDropdown"))

2020-05-24 19:12:46 - [MESSAGE][NOT_RUN] - NOT_RUN: click(findTestObject("Objects.Logout/accountDropdown"))

2020-05-24 19:12:46 - [TEST_STEP][NOT_RUN] - com.reusableComponents.clickUsingJS.clickUsingJS(findTestObject("Objects.Logout/accountDropdown"), 0): NOT_RUN: com.reusableComponents.clickUsingJS.clickUsingJS(findTestObject("Objects.Logout/accountDropdown"), 0)

2020-05-24 19:12:46 - [MESSAGE][NOT_RUN] - NOT_RUN: com.reusableComponents.clickUsingJS.clickUsingJS(findTestObject("Objects.Logout/accountDropdown"), 0)

2020-05-24 19:12:46 - [TEST_STEP][PASSED] - element = findWebElement(findTestObject("Objects.Logout/accountDropdown"), 30): null

2020-05-24 19:12:47 - [TEST_STEP][PASSED] - executeJavaScript("arguments[0].click()", Arrays.asList(element)): Execute JavaScript 'arguments[0].click()' successfully

2020-05-24 19:12:47 - [MESSAGE][PASSED] - Execute JavaScript 'arguments[0].click()' successfully

2020-05-24 19:12:47 - [TEST_STEP][NOT_RUN] - com.reusableComponents.HighlightElement.run(findTestObject("Objects.Logout/span_Logout")): NOT_RUN: com.reusableComponents.HighlightElement.run(findTestObject("Objects.Logout/span_Logout"))

2020-05-24 19:12:47 - [MESSAGE][NOT_RUN] - NOT_RUN: com.reusableComponents.HighlightElement.run(findTestObject("Objects.Logout/span_Logout"))

2020-05-24 19:12:47 - [TEST_STEP][PASSED] - click(findTestObject("Objects.Logout/span_Logout"), STOP_ON_FAILURE): Object: 'Object Repository/Objects.Logout/span_Logout' is clicked on

2020-05-24 19:12:52 - [MESSAGE][PASSED] - Object: 'Object Repository/Objects.Logout/span_Logout' is clicked on

2020-05-24 19:12:52 - [TEST_STEP][PASSED] - waitForPageLoad(30): Wait for page load successfully

2020-05-24 19:12:52 - [MESSAGE][PASSED] - Wait for page load successfully

2020-05-24 19:12:52 - [TEST_STEP][PASSED] - Thread.sleep(3000): null

2020-05-24 19:12:55 - [TEST_STEP][PASSED] - verifyTextPresent(LogoutPageTextToBeVerified, false): Text 'Sign in to ISPS2-PROD-Verify' is present on page 

2020-05-24 19:12:55 - [MESSAGE][PASSED] - Text 'Sign in to ISPS2-PROD-Verify' is present on page 

2020-05-24 19:12:55 - [TEST_STEP][NOT_RUN] - com.reusableComponents.HighlightElement.run(findTestObject("Objects.Logout/div_Sign in to ISPS2-PROD-Verify")): NOT_RUN: com.reusableComponents.HighlightElement.run(findTestObject("Objects.Logout/div_Sign in to ISPS2-PROD-Verify"))

2020-05-24 19:12:55 - [MESSAGE][NOT_RUN] - NOT_RUN: com.reusableComponents.HighlightElement.run(findTestObject("Objects.Logout/div_Sign in to ISPS2-PROD-Verify"))

2020-05-24 19:12:55 - [TEST_STEP][PASSED] - closeBrowser(): Browser is closed

2020-05-24 19:12:56 - [MESSAGE][PASSED] - Browser is closed

2020-05-24 19:12:56 - [MESSAGE][PASSED] - Call Test Case 'Test Cases/Components/Logout' successfully]]></system-out>
         <system-err><![CDATA[]]></system-err>
      </testcase>
      <testcase name="Test Cases/PFI Precision and Scale/PFI Test Cases/PFI.RecommendLHS" time="205.597" classname="Test Cases/PFI Precision and Scale/PFI Test Cases/PFI.RecommendLHS" status="PASSED">
         <system-out><![CDATA[2020-05-24 19:12:56 - [TEST_CASE][PASSED] - Test Cases/PFI Precision and Scale/PFI Test Cases/PFI.RecommendLHS: Test Cases/PFI Precision and Scale/PFI Test Cases/PFI.RecommendLHS

2020-05-24 19:12:56 - [TEST_STEP][PASSED] - callTestCase(findTestCase("Components/LoginV2.0"), ["LinkToBeUsed":findTestData("ISPS2 Test Data").getValue("URL", 1), "LoginPageTextToBeVerified":findTestData("ISPS2 Test Data").getValue("HomeBanner", 1), ... ], STOP_ON_FAILURE): Call Test Case 'Test Cases/Components/LoginV2.0' successfully

2020-05-24 19:12:57 - [TEST_CASE][PASSED] - Test Cases/Components/LoginV2.0: Test Cases/Components/LoginV2.0

2020-05-24 19:12:57 - [TEST_STEP][PASSED] - openBrowser(LinkToBeUsed): Browser is opened with url: 'http://10.0.2.41:3012/isps2-prod-verify/authnz/login.do'

2020-05-24 19:12:57 - [MESSAGE][INFO] - Starting 'Chrome' driver

2020-05-24 19:13:11 - [MESSAGE][PASSED] - Browser is opened with url: 'http://10.0.2.41:3012/isps2-prod-verify/authnz/login.do'

2020-05-24 19:13:11 - [TEST_STEP][PASSED] - maximizeWindow(): Current window maximized

2020-05-24 19:13:13 - [MESSAGE][PASSED] - Current window maximized

2020-05-24 19:13:13 - [TEST_STEP][PASSED] - verifyTextPresent(LoginPageTextToBeVerified, false): Text 'Sign in to ISPS2-PROD-Verify' is present on page 

2020-05-24 19:13:13 - [MESSAGE][PASSED] - Text 'Sign in to ISPS2-PROD-Verify' is present on page 

2020-05-24 19:13:13 - [TEST_STEP][PASSED] - setText(findTestObject("Objects.LoginV2.0/Login Page/input_Sign in to ISPS2-PROD-Verify_username"), Username): Text 'sysadmin' is set on object 'Object Repository/Objects.LoginV2.0/Login Page/input_Sign in to ISPS2-PROD-Verify_username'

2020-05-24 19:13:14 - [MESSAGE][PASSED] - Text 'sysadmin' is set on object 'Object Repository/Objects.LoginV2.0/Login Page/input_Sign in to ISPS2-PROD-Verify_username'

2020-05-24 19:13:14 - [TEST_STEP][PASSED] - setEncryptedText(findTestObject("Objects.LoginV2.0/Login Page/input_This field is required_password"), Password): Text ****** has been set on object 'Object Repository/Objects.LoginV2.0/Login Page/input_This field is required_password'

2020-05-24 19:13:14 - [MESSAGE][PASSED] - Text ****** has been set on object 'Object Repository/Objects.LoginV2.0/Login Page/input_This field is required_password'

2020-05-24 19:13:14 - [TEST_STEP][NOT_RUN] - setEncryptedText(findTestObject(null), Password): NOT_RUN: setEncryptedText(findTestObject(null), Password)

2020-05-24 19:13:14 - [MESSAGE][NOT_RUN] - NOT_RUN: setEncryptedText(findTestObject(null), Password)

2020-05-24 19:13:14 - [TEST_STEP][PASSED] - click(findTestObject("Objects.LoginV2.0/Login Page/div_Sign in to ISPS2-PROD-Verify_NovaGoButton-1021"), OPTIONAL): Object: 'Object Repository/Objects.LoginV2.0/Login Page/div_Sign in to ISPS2-PROD-Verify_NovaGoButton-1021' is clicked on

2020-05-24 19:13:14 - [MESSAGE][PASSED] - Object: 'Object Repository/Objects.LoginV2.0/Login Page/div_Sign in to ISPS2-PROD-Verify_NovaGoButton-1021' is clicked on

2020-05-24 19:13:14 - [TEST_STEP][PASSED] - waitForPageLoad(30): Wait for page load successfully

2020-05-24 19:13:14 - [MESSAGE][PASSED] - Wait for page load successfully

2020-05-24 19:13:14 - [TEST_STEP][PASSED] - Thread.sleep(3000): null

2020-05-24 19:13:17 - [MESSAGE][PASSED] - Call Test Case 'Test Cases/Components/LoginV2.0' successfully

2020-05-24 19:13:17 - [TEST_STEP][PASSED] - callTestCase(findTestCase("Components/NavigateToHomepageHeaders"), ["headerText":"My Tasks"], STOP_ON_FAILURE): Call Test Case 'Test Cases/Components/NavigateToHomepageHeaders' successfully

2020-05-24 19:13:17 - [TEST_CASE][PASSED] - Test Cases/Components/NavigateToHomepageHeaders: Test Cases/Components/NavigateToHomepageHeaders

2020-05-24 19:13:17 - [TEST_STEP][PASSED] - Thread.sleep(1000): null

2020-05-24 19:13:18 - [TEST_STEP][PASSED] - waitForPageLoad(30): Wait for page load successfully

2020-05-24 19:13:19 - [MESSAGE][PASSED] - Wait for page load successfully

2020-05-24 19:13:19 - [TEST_STEP][PASSED] - modifiedHeader = modifyObjectProperty(findTestObject("Objects.NavigateToHomepageHeaders/Page_ISPS2/div_Header"), "text", "equals", headerText, true): Modify property of object successfully

2020-05-24 19:13:19 - [MESSAGE][PASSED] - Modify property of object successfully

2020-05-24 19:13:19 - [TEST_STEP][PASSED] - verifyElementClickable(modifiedHeader): Object 'Object Repository/Objects.NavigateToHomepageHeaders/Page_ISPS2/div_Header' is clickable

2020-05-24 19:13:21 - [MESSAGE][PASSED] - Object 'Object Repository/Objects.NavigateToHomepageHeaders/Page_ISPS2/div_Header' is clickable

2020-05-24 19:13:21 - [TEST_STEP][PASSED] - click(modifiedHeader): Object: 'Object Repository/Objects.NavigateToHomepageHeaders/Page_ISPS2/div_Header' is clicked on

2020-05-24 19:13:24 - [MESSAGE][PASSED] - Object: 'Object Repository/Objects.NavigateToHomepageHeaders/Page_ISPS2/div_Header' is clicked on

2020-05-24 19:13:24 - [TEST_STEP][PASSED] - Thread.sleep(7000): null

2020-05-24 19:13:31 - [MESSAGE][PASSED] - Call Test Case 'Test Cases/Components/NavigateToHomepageHeaders' successfully

2020-05-24 19:13:31 - [TEST_STEP][PASSED] - callTestCase(findTestCase("Components/Filter"), ["taskDescription":"Process Case (SM)"], STOP_ON_FAILURE): Call Test Case 'Test Cases/Components/Filter' successfully

2020-05-24 19:13:31 - [TEST_CASE][PASSED] - Test Cases/Components/Filter: Test Cases/Components/Filter

2020-05-24 19:13:31 - [TEST_STEP][PASSED] - Thread.sleep(5000): null

2020-05-24 19:13:36 - [TEST_STEP][PASSED] - waitForPageLoad(180): Wait for page load successfully

2020-05-24 19:13:36 - [MESSAGE][PASSED] - Wait for page load successfully

2020-05-24 19:13:36 - [TEST_STEP][PASSED] - waitForElementNotPresent(findTestObject("Objects.Filter/Page_ISPS2/div_Loading search result Please wait"), 180): Web element with id: 'Object Repository/Objects.Filter/Page_ISPS2/div_Loading search result Please wait' located by 'By.xpath: //div[@class = 'x-mask-msg-text' and (text() = 'Loading search result. Please wait...' or . = 'Loading search result. Please wait...')]' is not present after '180' second(s)

2020-05-24 19:13:37 - [MESSAGE][PASSED] - Web element with id: 'Object Repository/Objects.Filter/Page_ISPS2/div_Loading search result Please wait' located by 'By.xpath: //div[@class = 'x-mask-msg-text' and (text() = 'Loading search result. Please wait...' or . = 'Loading search result. Please wait...')]' is not present after '180' second(s)

2020-05-24 19:13:37 - [TEST_STEP][PASSED] - click(findTestObject("Objects.Filter/Page_ISPS2/XP.Embutidooo")): Object: 'Object Repository/Objects.Filter/Page_ISPS2/XP.Embutidooo' is clicked on

2020-05-24 19:13:37 - [MESSAGE][PASSED] - Object: 'Object Repository/Objects.Filter/Page_ISPS2/XP.Embutidooo' is clicked on

2020-05-24 19:13:37 - [TEST_STEP][PASSED] - com.reusableComponents.HighlightElement.run(findTestObject("Objects.Filter/Page_ISPS2/span_Reset")): com.reusableComponents.HighlightElement.run is PASSED

2020-05-24 19:13:38 - [MESSAGE][PASSED] - com.reusableComponents.HighlightElement.run is PASSED

2020-05-24 19:13:38 - [TEST_STEP][PASSED] - click(findTestObject("Objects.Filter/Page_ISPS2/span_Reset")): Object: 'Object Repository/Objects.Filter/Page_ISPS2/span_Reset' is clicked on

2020-05-24 19:13:38 - [MESSAGE][PASSED] - Object: 'Object Repository/Objects.Filter/Page_ISPS2/span_Reset' is clicked on

2020-05-24 19:13:38 - [TEST_STEP][PASSED] - com.reusableComponents.HighlightElement.run(findTestObject("Objects.Filter/Page_ISPS2/TextBoxTaskDescription")): com.reusableComponents.HighlightElement.run is PASSED

2020-05-24 19:13:39 - [MESSAGE][PASSED] - com.reusableComponents.HighlightElement.run is PASSED

2020-05-24 19:13:39 - [TEST_STEP][PASSED] - setText(findTestObject("Objects.Filter/Page_ISPS2/TextBoxTaskDescription"), taskDescription): Text 'Process Case (SM)' is set on object 'Object Repository/Objects.Filter/Page_ISPS2/TextBoxTaskDescription'

2020-05-24 19:13:40 - [MESSAGE][PASSED] - Text 'Process Case (SM)' is set on object 'Object Repository/Objects.Filter/Page_ISPS2/TextBoxTaskDescription'

2020-05-24 19:13:40 - [TEST_STEP][PASSED] - caseType = taskDescription: null

2020-05-24 19:13:40 - [TEST_STEP][PASSED] - sendKeys(findTestObject("Objects.Filter/Page_ISPS2/TextBoxTaskDescription"), Keys.chord(ENTER)): Keys 'ENTER + ' sent to object: 'Object Repository/Objects.Filter/Page_ISPS2/TextBoxTaskDescription'

2020-05-24 19:13:40 - [MESSAGE][PASSED] - Keys 'ENTER + ' sent to object: 'Object Repository/Objects.Filter/Page_ISPS2/TextBoxTaskDescription'

2020-05-24 19:13:40 - [TEST_STEP][PASSED] - com.reusableComponents.HighlightElement.run(findTestObject("Objects.Filter/Page_ISPS2/span_Search")): com.reusableComponents.HighlightElement.run is PASSED

2020-05-24 19:13:41 - [MESSAGE][PASSED] - com.reusableComponents.HighlightElement.run is PASSED

2020-05-24 19:13:41 - [TEST_STEP][PASSED] - click(findTestObject("Objects.Filter/Page_ISPS2/span_Search")): Object: 'Object Repository/Objects.Filter/Page_ISPS2/span_Search' is clicked on

2020-05-24 19:13:41 - [MESSAGE][PASSED] - Object: 'Object Repository/Objects.Filter/Page_ISPS2/span_Search' is clicked on

2020-05-24 19:13:41 - [TEST_STEP][NOT_RUN] - verifyTextPresent("Loading search result. Please wait...", false): NOT_RUN: verifyTextPresent("Loading search result. Please wait...", false)

2020-05-24 19:13:41 - [MESSAGE][NOT_RUN] - NOT_RUN: verifyTextPresent("Loading search result. Please wait...", false)

2020-05-24 19:13:41 - [TEST_STEP][NOT_RUN] - waitForElementNotPresent(findTestObject("Objects.Filter/Page_ISPS2/div_Loading search result Please wait"), 120): NOT_RUN: waitForElementNotPresent(findTestObject("Objects.Filter/Page_ISPS2/div_Loading search result Please wait"), 120)

2020-05-24 19:13:41 - [MESSAGE][NOT_RUN] - NOT_RUN: waitForElementNotPresent(findTestObject("Objects.Filter/Page_ISPS2/div_Loading search result Please wait"), 120)

2020-05-24 19:13:41 - [TEST_STEP][PASSED] - Thread.sleep(5000): null

2020-05-24 19:13:46 - [MESSAGE][PASSED] - Call Test Case 'Test Cases/Components/Filter' successfully

2020-05-24 19:13:46 - [TEST_STEP][PASSED] - callTestCase(findTestCase("Components/ClickLinkDependingOnTextAndIndex"), ["linkName":"Process Case (SM)", "index":"3"], STOP_ON_FAILURE): Call Test Case 'Test Cases/Components/ClickLinkDependingOnTextAndIndex' successfully

2020-05-24 19:13:46 - [TEST_CASE][PASSED] - Test Cases/Components/ClickLinkDependingOnTextAndIndex: Test Cases/Components/ClickLinkDependingOnTextAndIndex

2020-05-24 19:13:46 - [TEST_STEP][PASSED] - Thread.sleep(1000): null

2020-05-24 19:13:47 - [TEST_STEP][PASSED] - println(linkName): null

2020-05-24 19:13:47 - [TEST_STEP][PASSED] - println(index): null

2020-05-24 19:13:47 - [TEST_STEP][PASSED] - modifiedLink = modifyObjectProperty(findTestObject("Objects.ClickLinkDependingOnTextAndIndex/linkToModify"), "xpath", "equals", "(//a[text()="" + linkName + ""])[" + index + "]", true): Modify property of object successfully

2020-05-24 19:13:47 - [MESSAGE][PASSED] - Modify property of object successfully

2020-05-24 19:13:47 - [TEST_STEP][PASSED] - Thread.sleep(5000): null

2020-05-24 19:13:52 - [TEST_STEP][PASSED] - com.reusableComponents.HighlightElement.run(modifiedLink): com.reusableComponents.HighlightElement.run is PASSED

2020-05-24 19:13:53 - [MESSAGE][PASSED] - com.reusableComponents.HighlightElement.run is PASSED

2020-05-24 19:13:53 - [TEST_STEP][PASSED] - click(modifiedLink): Object: 'Object Repository/Objects.ClickLinkDependingOnTextAndIndex/linkToModify' is clicked on

2020-05-24 19:13:53 - [MESSAGE][PASSED] - Object: 'Object Repository/Objects.ClickLinkDependingOnTextAndIndex/linkToModify' is clicked on

2020-05-24 19:13:53 - [MESSAGE][PASSED] - Call Test Case 'Test Cases/Components/ClickLinkDependingOnTextAndIndex' successfully

2020-05-24 19:13:53 - [TEST_STEP][PASSED] - callTestCase(findTestCase("Components/VerifyPageSuccessfullyLoaded"), ["HeaderName":"Summary"], STOP_ON_FAILURE): Call Test Case 'Test Cases/Components/VerifyPageSuccessfullyLoaded' successfully

2020-05-24 19:13:53 - [TEST_CASE][PASSED] - Test Cases/Components/VerifyPageSuccessfullyLoaded: Test Cases/Components/VerifyPageSuccessfullyLoaded

2020-05-24 19:13:53 - [TEST_STEP][PASSED] - Thread.sleep(3000): null

2020-05-24 19:13:56 - [TEST_STEP][PASSED] - ModifiedHeaderName = modifyObjectProperty(findTestObject("Objects.VerifyPageSuccessfullyLoaded/PageHeader"), "text", "equals", HeaderName, false): Modify property of object successfully

2020-05-24 19:13:56 - [MESSAGE][PASSED] - Modify property of object successfully

2020-05-24 19:13:56 - [TEST_STEP][PASSED] - verifyElementPresent(ModifiedHeaderName, 0): Object 'Object Repository/Objects.VerifyPageSuccessfullyLoaded/PageHeader' is present

2020-05-24 19:13:56 - [MESSAGE][WARNING] - Timeout '0' is invalid. Using default page load timeout: '30'

2020-05-24 19:13:59 - [MESSAGE][PASSED] - Object 'Object Repository/Objects.VerifyPageSuccessfullyLoaded/PageHeader' is present

2020-05-24 19:13:59 - [TEST_STEP][PASSED] - com.reusableComponents.HighlightElement.run(ModifiedHeaderName): com.reusableComponents.HighlightElement.run is PASSED

2020-05-24 19:14:00 - [MESSAGE][PASSED] - com.reusableComponents.HighlightElement.run is PASSED

2020-05-24 19:14:00 - [MESSAGE][PASSED] - Call Test Case 'Test Cases/Components/VerifyPageSuccessfullyLoaded' successfully

2020-05-24 19:14:00 - [TEST_STEP][PASSED] - callTestCase(findTestCase("Components/NavigateToAnyLHS"), ["LHS":"Recommend"], STOP_ON_FAILURE): Call Test Case 'Test Cases/Components/NavigateToAnyLHS' successfully

2020-05-24 19:14:01 - [TEST_CASE][PASSED] - Test Cases/Components/NavigateToAnyLHS: Test Cases/Components/NavigateToAnyLHS

2020-05-24 19:14:01 - [TEST_STEP][PASSED] - Thread.sleep(1000): null

2020-05-24 19:14:02 - [TEST_STEP][PASSED] - modifiedLHS = modifyObjectProperty(findTestObject("Objects.NavigateToAnyLHS/Page_ISPS2/LHSToModify"), "text", "equals", LHS, true): Modify property of object successfully

2020-05-24 19:14:02 - [MESSAGE][PASSED] - Modify property of object successfully

2020-05-24 19:14:02 - [TEST_STEP][PASSED] - click(modifiedLHS): Object: 'Object Repository/Objects.NavigateToAnyLHS/Page_ISPS2/LHSToModify' is clicked on

2020-05-24 19:14:02 - [MESSAGE][PASSED] - Object: 'Object Repository/Objects.NavigateToAnyLHS/Page_ISPS2/LHSToModify' is clicked on

2020-05-24 19:14:02 - [TEST_STEP][PASSED] - currentLHS = getText(modifiedLHS): Text of object 'Object Repository/Objects.NavigateToAnyLHS/Page_ISPS2/LHSToModify' is: 'Recommend'

2020-05-24 19:14:05 - [MESSAGE][PASSED] - Text of object 'Object Repository/Objects.NavigateToAnyLHS/Page_ISPS2/LHSToModify' is: 'Recommend'

2020-05-24 19:14:05 - [TEST_STEP][PASSED] - Thread.sleep(5000): null

2020-05-24 19:14:10 - [MESSAGE][PASSED] - Call Test Case 'Test Cases/Components/NavigateToAnyLHS' successfully

2020-05-24 19:14:10 - [TEST_STEP][PASSED] - callTestCase(findTestCase("Components/VerifyPageIndexSuccessfullyLoaded"), ["index":2], STOP_ON_FAILURE): Call Test Case 'Test Cases/Components/VerifyPageIndexSuccessfullyLoaded' successfully

2020-05-24 19:14:10 - [TEST_CASE][PASSED] - Test Cases/Components/VerifyPageIndexSuccessfullyLoaded: Test Cases/Components/VerifyPageIndexSuccessfullyLoaded

2020-05-24 19:14:10 - [TEST_STEP][PASSED] - Thread.sleep(1000): null

2020-05-24 19:14:11 - [TEST_STEP][PASSED] - if (index == "n"): null

2020-05-24 19:14:11 - [TEST_STEP][PASSED] - else: Modify property of object successfully

2020-05-24 19:14:11 - [TEST_STEP][PASSED] - modifiedInputFld = modifyObjectProperty(findTestObject("Object Repository/Objects.VerifyPageSuccessfullyLoaded/PageHeaderIndex"), "xpath", "equals", "(//*[contains(@class,'isps-page-title-1')])[" + index + "]", true): Modify property of object successfully

2020-05-24 19:14:11 - [MESSAGE][PASSED] - Modify property of object successfully

2020-05-24 19:14:11 - [TEST_STEP][PASSED] - com.reusableComponents.HighlightElement.run(modifiedInputFld): com.reusableComponents.HighlightElement.run is PASSED

2020-05-24 19:14:13 - [MESSAGE][PASSED] - com.reusableComponents.HighlightElement.run is PASSED

2020-05-24 19:14:13 - [MESSAGE][PASSED] - Call Test Case 'Test Cases/Components/VerifyPageIndexSuccessfullyLoaded' successfully

2020-05-24 19:14:13 - [TEST_STEP][PASSED] - callTestCase(findTestCase("Components/HighlightLabelIndexField"), ["LblName":"Recommend To", "index":"n", "idx":5], STOP_ON_FAILURE): Call Test Case 'Test Cases/Components/HighlightLabelIndexField' successfully

2020-05-24 19:14:13 - [TEST_CASE][PASSED] - Test Cases/Components/HighlightLabelIndexField: Test Cases/Components/HighlightLabelIndexField

2020-05-24 19:14:13 - [TEST_STEP][PASSED] - Thread.sleep(1000): null

2020-05-24 19:14:14 - [TEST_STEP][PASSED] - if (index == "n"): Modify property of object successfully

2020-05-24 19:14:14 - [TEST_STEP][PASSED] - modifiedLblNm = modifyObjectProperty(findTestObject("Object Repository/Objects.HighlightElements/lblField_index"), "xpath", "equals", "(//*[contains(text(),'" + LblName + "')])[" + idx + "]", true): Modify property of object successfully

2020-05-24 19:14:15 - [MESSAGE][PASSED] - Modify property of object successfully

2020-05-24 19:14:15 - [TEST_STEP][PASSED] - com.reusableComponents.HighlightElement.run(modifiedLblNm): com.reusableComponents.HighlightElement.run is PASSED

2020-05-24 19:14:15 - [MESSAGE][PASSED] - com.reusableComponents.HighlightElement.run is PASSED

2020-05-24 19:14:15 - [MESSAGE][PASSED] - Call Test Case 'Test Cases/Components/HighlightLabelIndexField' successfully

2020-05-24 19:14:15 - [TEST_STEP][PASSED] - callTestCase(findTestCase("Components/HighlightInputField"), ["InputFldName":"psiRecommendTo"], STOP_ON_FAILURE): Call Test Case 'Test Cases/Components/HighlightInputField' successfully

2020-05-24 19:14:15 - [TEST_CASE][PASSED] - Test Cases/Components/HighlightInputField: Test Cases/Components/HighlightInputField

2020-05-24 19:14:15 - [TEST_STEP][PASSED] - Thread.sleep(1000): null

2020-05-24 19:14:16 - [TEST_STEP][PASSED] - modifiedLblNm = modifyObjectProperty(findTestObject("Objects.HighlightElements/input_field"), "name", "equals", InputFldName, true): Modify property of object successfully

2020-05-24 19:14:16 - [MESSAGE][PASSED] - Modify property of object successfully

2020-05-24 19:14:16 - [TEST_STEP][PASSED] - com.reusableComponents.HighlightElement.run(modifiedLblNm): com.reusableComponents.HighlightElement.run is PASSED

2020-05-24 19:14:17 - [MESSAGE][PASSED] - com.reusableComponents.HighlightElement.run is PASSED

2020-05-24 19:14:17 - [MESSAGE][PASSED] - Call Test Case 'Test Cases/Components/HighlightInputField' successfully

2020-05-24 19:14:17 - [TEST_STEP][PASSED] - callTestCase(findTestCase("PFI Precision and Scale/PFI Components/VerifyDropdownValues"), ["FldNm":"psiRecommendTo", "index":0, "CallTCName":"PFI Precision and Scale/PFI Components/OfficerLists", "cmbNm":"", "NoOfVal":27, ... ], STOP_ON_FAILURE): Call Test Case 'Test Cases/PFI Precision and Scale/PFI Components/VerifyDropdownValues' successfully

2020-05-24 19:14:17 - [TEST_CASE][PASSED] - Test Cases/PFI Precision and Scale/PFI Components/VerifyDropdownValues: Test Cases/PFI Precision and Scale/PFI Components/VerifyDropdownValues

2020-05-24 19:14:17 - [TEST_STEP][PASSED] - Thread.sleep(1000): null

2020-05-24 19:14:18 - [TEST_STEP][PASSED] - if (index == 0): Modify property of object successfully

2020-05-24 19:14:18 - [TEST_STEP][PASSED] - NewInputNmField = modifyObjectProperty(findTestObject("Objects.HighlightElements/input_field"), "name", "equals", FldNm, true): Modify property of object successfully

2020-05-24 19:14:18 - [MESSAGE][PASSED] - Modify property of object successfully

2020-05-24 19:14:18 - [TEST_STEP][PASSED] - if (FldNm == "NovaComboBox"): null

2020-05-24 19:14:18 - [TEST_STEP][PASSED] - comboNm = cmbNm: null

2020-05-24 19:14:18 - [TEST_STEP][PASSED] - focus(NewInputNmField): Object: 'Object Repository/Objects.HighlightElements/input_field' is focused

2020-05-24 19:14:18 - [MESSAGE][PASSED] - Object: 'Object Repository/Objects.HighlightElements/input_field' is focused

2020-05-24 19:14:18 - [TEST_STEP][PASSED] - setText(NewInputNmField, EnterValue): Text '' is set on object 'Object Repository/Objects.HighlightElements/input_field'

2020-05-24 19:14:19 - [MESSAGE][PASSED] - Text '' is set on object 'Object Repository/Objects.HighlightElements/input_field'

2020-05-24 19:14:19 - [TEST_STEP][PASSED] - for ([i = 1, i <= NoOfVal, (i++)]): Keys 'DOWN + ' sent to object: 'Object Repository/Objects.HighlightElements/input_field'

2020-05-24 19:14:19 - [TEST_STEP][PASSED] - sendKeys(NewInputNmField, Keys.chord(ARROW_DOWN)): Keys 'DOWN + ' sent to object: 'Object Repository/Objects.HighlightElements/input_field'

2020-05-24 19:14:19 - [MESSAGE][PASSED] - Keys 'DOWN + ' sent to object: 'Object Repository/Objects.HighlightElements/input_field'

2020-05-24 19:14:19 - [TEST_STEP][PASSED] - delay(DelayTime): Delayed 0 second(s)

2020-05-24 19:14:19 - [MESSAGE][PASSED] - Delayed 0 second(s)

2020-05-24 19:14:19 - [TEST_STEP][PASSED] - sendKeys(NewInputNmField, Keys.chord(ENTER)): Keys 'ENTER + ' sent to object: 'Object Repository/Objects.HighlightElements/input_field'

2020-05-24 19:14:20 - [MESSAGE][PASSED] - Keys 'ENTER + ' sent to object: 'Object Repository/Objects.HighlightElements/input_field'

2020-05-24 19:14:20 - [TEST_STEP][PASSED] - ComboBoxValue = getAttribute(NewInputNmField, "value"): Attribute 'value' of object 'Object Repository/Objects.HighlightElements/input_field' is: 'Aaron Sham Wai Lun (AARON)'

2020-05-24 19:14:20 - [MESSAGE][PASSED] - Attribute 'value' of object 'Object Repository/Objects.HighlightElements/input_field' is: 'Aaron Sham Wai Lun (AARON)'

2020-05-24 19:14:20 - [TEST_STEP][PASSED] - callTestCase(findTestCase(CallTCName), ["FindValue":ComboBoxValue, "DropdownNm":comboNm], STOP_ON_FAILURE): Call Test Case 'Test Cases/PFI Precision and Scale/PFI Components/OfficerLists' successfully

2020-05-24 19:14:20 - [TEST_CASE][PASSED] - Test Cases/PFI Precision and Scale/PFI Components/OfficerLists: Test Cases/PFI Precision and Scale/PFI Components/OfficerLists

2020-05-24 19:14:21 - [TEST_STEP][PASSED] - Thread.sleep(1000): null

2020-05-24 19:14:22 - [TEST_STEP][PASSED] - OfficerLists = [1:"Aaron Sham Wai Lun (AARON)", 2:"Azidah Bte Akmad (Mdm) (USAABD)", 3:"Chung Fong Nyen (USACFN)", 4:"David Tey Dah Wei (DAHWEI)", ... ]: null

2020-05-24 19:14:22 - [TEST_STEP][PASSED] - ValueFound = OfficerLists.find({ -> ... }): null

2020-05-24 19:14:22 - [MESSAGE][PASSED] - Call Test Case 'Test Cases/PFI Precision and Scale/PFI Components/OfficerLists' successfully

2020-05-24 19:14:22 - [TEST_STEP][PASSED] - println(ValueFound): null

2020-05-24 19:14:22 - [TEST_STEP][PASSED] - sendKeys(NewInputNmField, Keys.chord(ARROW_DOWN)): Keys 'DOWN + ' sent to object: 'Object Repository/Objects.HighlightElements/input_field'

2020-05-24 19:14:22 - [MESSAGE][PASSED] - Keys 'DOWN + ' sent to object: 'Object Repository/Objects.HighlightElements/input_field'

2020-05-24 19:14:22 - [TEST_STEP][PASSED] - sendKeys(NewInputNmField, Keys.chord(ARROW_DOWN)): Keys 'DOWN + ' sent to object: 'Object Repository/Objects.HighlightElements/input_field'

2020-05-24 19:14:22 - [MESSAGE][PASSED] - Keys 'DOWN + ' sent to object: 'Object Repository/Objects.HighlightElements/input_field'

2020-05-24 19:14:22 - [TEST_STEP][PASSED] - delay(DelayTime): Delayed 0 second(s)

2020-05-24 19:14:22 - [MESSAGE][PASSED] - Delayed 0 second(s)

2020-05-24 19:14:22 - [TEST_STEP][PASSED] - sendKeys(NewInputNmField, Keys.chord(ENTER)): Keys 'ENTER + ' sent to object: 'Object Repository/Objects.HighlightElements/input_field'

2020-05-24 19:14:23 - [MESSAGE][PASSED] - Keys 'ENTER + ' sent to object: 'Object Repository/Objects.HighlightElements/input_field'

2020-05-24 19:14:23 - [TEST_STEP][PASSED] - ComboBoxValue = getAttribute(NewInputNmField, "value"): Attribute 'value' of object 'Object Repository/Objects.HighlightElements/input_field' is: 'Azidah Bte Akmad (Mdm) (USAABD)'

2020-05-24 19:14:23 - [MESSAGE][PASSED] - Attribute 'value' of object 'Object Repository/Objects.HighlightElements/input_field' is: 'Azidah Bte Akmad (Mdm) (USAABD)'

2020-05-24 19:14:23 - [TEST_STEP][PASSED] - callTestCase(findTestCase(CallTCName), ["FindValue":ComboBoxValue, "DropdownNm":comboNm], STOP_ON_FAILURE): Call Test Case 'Test Cases/PFI Precision and Scale/PFI Components/OfficerLists' successfully

2020-05-24 19:14:23 - [TEST_CASE][PASSED] - Test Cases/PFI Precision and Scale/PFI Components/OfficerLists: Test Cases/PFI Precision and Scale/PFI Components/OfficerLists

2020-05-24 19:14:23 - [TEST_STEP][PASSED] - Thread.sleep(1000): null

2020-05-24 19:14:24 - [TEST_STEP][PASSED] - OfficerLists = [1:"Aaron Sham Wai Lun (AARON)", 2:"Azidah Bte Akmad (Mdm) (USAABD)", 3:"Chung Fong Nyen (USACFN)", 4:"David Tey Dah Wei (DAHWEI)", ... ]: null

2020-05-24 19:14:24 - [TEST_STEP][PASSED] - ValueFound = OfficerLists.find({ -> ... }): null

2020-05-24 19:14:24 - [MESSAGE][PASSED] - Call Test Case 'Test Cases/PFI Precision and Scale/PFI Components/OfficerLists' successfully

2020-05-24 19:14:24 - [TEST_STEP][PASSED] - println(ValueFound): null

2020-05-24 19:14:24 - [TEST_STEP][PASSED] - sendKeys(NewInputNmField, Keys.chord(ARROW_DOWN)): Keys 'DOWN + ' sent to object: 'Object Repository/Objects.HighlightElements/input_field'

2020-05-24 19:14:25 - [MESSAGE][PASSED] - Keys 'DOWN + ' sent to object: 'Object Repository/Objects.HighlightElements/input_field'

2020-05-24 19:14:25 - [TEST_STEP][PASSED] - sendKeys(NewInputNmField, Keys.chord(ARROW_DOWN)): Keys 'DOWN + ' sent to object: 'Object Repository/Objects.HighlightElements/input_field'

2020-05-24 19:14:25 - [MESSAGE][PASSED] - Keys 'DOWN + ' sent to object: 'Object Repository/Objects.HighlightElements/input_field'

2020-05-24 19:14:25 - [TEST_STEP][PASSED] - delay(DelayTime): Delayed 0 second(s)

2020-05-24 19:14:25 - [MESSAGE][PASSED] - Delayed 0 second(s)

2020-05-24 19:14:25 - [TEST_STEP][PASSED] - sendKeys(NewInputNmField, Keys.chord(ENTER)): Keys 'ENTER + ' sent to object: 'Object Repository/Objects.HighlightElements/input_field'

2020-05-24 19:14:26 - [MESSAGE][PASSED] - Keys 'ENTER + ' sent to object: 'Object Repository/Objects.HighlightElements/input_field'

2020-05-24 19:14:26 - [TEST_STEP][PASSED] - ComboBoxValue = getAttribute(NewInputNmField, "value"): Attribute 'value' of object 'Object Repository/Objects.HighlightElements/input_field' is: 'Chua Bee Tee (BEETEE)'

2020-05-24 19:14:26 - [MESSAGE][PASSED] - Attribute 'value' of object 'Object Repository/Objects.HighlightElements/input_field' is: 'Chua Bee Tee (BEETEE)'

2020-05-24 19:14:26 - [TEST_STEP][PASSED] - callTestCase(findTestCase(CallTCName), ["FindValue":ComboBoxValue, "DropdownNm":comboNm], STOP_ON_FAILURE): Call Test Case 'Test Cases/PFI Precision and Scale/PFI Components/OfficerLists' successfully

2020-05-24 19:14:26 - [TEST_CASE][PASSED] - Test Cases/PFI Precision and Scale/PFI Components/OfficerLists: Test Cases/PFI Precision and Scale/PFI Components/OfficerLists

2020-05-24 19:14:26 - [TEST_STEP][PASSED] - Thread.sleep(1000): null

2020-05-24 19:14:27 - [TEST_STEP][PASSED] - OfficerLists = [1:"Aaron Sham Wai Lun (AARON)", 2:"Azidah Bte Akmad (Mdm) (USAABD)", 3:"Chung Fong Nyen (USACFN)", 4:"David Tey Dah Wei (DAHWEI)", ... ]: null

2020-05-24 19:14:27 - [TEST_STEP][PASSED] - ValueFound = OfficerLists.find({ -> ... }): null

2020-05-24 19:14:27 - [MESSAGE][PASSED] - Call Test Case 'Test Cases/PFI Precision and Scale/PFI Components/OfficerLists' successfully

2020-05-24 19:14:27 - [TEST_STEP][PASSED] - println(ValueFound): null

2020-05-24 19:14:27 - [TEST_STEP][PASSED] - sendKeys(NewInputNmField, Keys.chord(ARROW_DOWN)): Keys 'DOWN + ' sent to object: 'Object Repository/Objects.HighlightElements/input_field'

2020-05-24 19:14:27 - [MESSAGE][PASSED] - Keys 'DOWN + ' sent to object: 'Object Repository/Objects.HighlightElements/input_field'

2020-05-24 19:14:27 - [TEST_STEP][PASSED] - sendKeys(NewInputNmField, Keys.chord(ARROW_DOWN)): Keys 'DOWN + ' sent to object: 'Object Repository/Objects.HighlightElements/input_field'

2020-05-24 19:14:28 - [MESSAGE][PASSED] - Keys 'DOWN + ' sent to object: 'Object Repository/Objects.HighlightElements/input_field'

2020-05-24 19:14:28 - [TEST_STEP][PASSED] - delay(DelayTime): Delayed 0 second(s)

2020-05-24 19:14:28 - [MESSAGE][PASSED] - Delayed 0 second(s)

2020-05-24 19:14:28 - [TEST_STEP][PASSED] - sendKeys(NewInputNmField, Keys.chord(ENTER)): Keys 'ENTER + ' sent to object: 'Object Repository/Objects.HighlightElements/input_field'

2020-05-24 19:14:28 - [MESSAGE][PASSED] - Keys 'ENTER + ' sent to object: 'Object Repository/Objects.HighlightElements/input_field'

2020-05-24 19:14:28 - [TEST_STEP][PASSED] - ComboBoxValue = getAttribute(NewInputNmField, "value"): Attribute 'value' of object 'Object Repository/Objects.HighlightElements/input_field' is: 'Chung Fong Nyen (USACFN)'

2020-05-24 19:14:29 - [MESSAGE][PASSED] - Attribute 'value' of object 'Object Repository/Objects.HighlightElements/input_field' is: 'Chung Fong Nyen (USACFN)'

2020-05-24 19:14:29 - [TEST_STEP][PASSED] - callTestCase(findTestCase(CallTCName), ["FindValue":ComboBoxValue, "DropdownNm":comboNm], STOP_ON_FAILURE): Call Test Case 'Test Cases/PFI Precision and Scale/PFI Components/OfficerLists' successfully

2020-05-24 19:14:29 - [TEST_CASE][PASSED] - Test Cases/PFI Precision and Scale/PFI Components/OfficerLists: Test Cases/PFI Precision and Scale/PFI Components/OfficerLists

2020-05-24 19:14:29 - [TEST_STEP][PASSED] - Thread.sleep(1000): null

2020-05-24 19:14:30 - [TEST_STEP][PASSED] - OfficerLists = [1:"Aaron Sham Wai Lun (AARON)", 2:"Azidah Bte Akmad (Mdm) (USAABD)", 3:"Chung Fong Nyen (USACFN)", 4:"David Tey Dah Wei (DAHWEI)", ... ]: null

2020-05-24 19:14:30 - [TEST_STEP][PASSED] - ValueFound = OfficerLists.find({ -> ... }): null

2020-05-24 19:14:30 - [MESSAGE][PASSED] - Call Test Case 'Test Cases/PFI Precision and Scale/PFI Components/OfficerLists' successfully

2020-05-24 19:14:30 - [TEST_STEP][PASSED] - println(ValueFound): null

2020-05-24 19:14:30 - [TEST_STEP][PASSED] - sendKeys(NewInputNmField, Keys.chord(ARROW_DOWN)): Keys 'DOWN + ' sent to object: 'Object Repository/Objects.HighlightElements/input_field'

2020-05-24 19:14:30 - [MESSAGE][PASSED] - Keys 'DOWN + ' sent to object: 'Object Repository/Objects.HighlightElements/input_field'

2020-05-24 19:14:30 - [TEST_STEP][PASSED] - sendKeys(NewInputNmField, Keys.chord(ARROW_DOWN)): Keys 'DOWN + ' sent to object: 'Object Repository/Objects.HighlightElements/input_field'

2020-05-24 19:14:31 - [MESSAGE][PASSED] - Keys 'DOWN + ' sent to object: 'Object Repository/Objects.HighlightElements/input_field'

2020-05-24 19:14:31 - [TEST_STEP][PASSED] - delay(DelayTime): Delayed 0 second(s)

2020-05-24 19:14:31 - [MESSAGE][PASSED] - Delayed 0 second(s)

2020-05-24 19:14:31 - [TEST_STEP][PASSED] - sendKeys(NewInputNmField, Keys.chord(ENTER)): Keys 'ENTER + ' sent to object: 'Object Repository/Objects.HighlightElements/input_field'

2020-05-24 19:14:31 - [MESSAGE][PASSED] - Keys 'ENTER + ' sent to object: 'Object Repository/Objects.HighlightElements/input_field'

2020-05-24 19:14:31 - [TEST_STEP][PASSED] - ComboBoxValue = getAttribute(NewInputNmField, "value"): Attribute 'value' of object 'Object Repository/Objects.HighlightElements/input_field' is: 'David Tey Dah Wei (DAHWEI)'

2020-05-24 19:14:31 - [MESSAGE][PASSED] - Attribute 'value' of object 'Object Repository/Objects.HighlightElements/input_field' is: 'David Tey Dah Wei (DAHWEI)'

2020-05-24 19:14:31 - [TEST_STEP][PASSED] - callTestCase(findTestCase(CallTCName), ["FindValue":ComboBoxValue, "DropdownNm":comboNm], STOP_ON_FAILURE): Call Test Case 'Test Cases/PFI Precision and Scale/PFI Components/OfficerLists' successfully

2020-05-24 19:14:32 - [TEST_CASE][PASSED] - Test Cases/PFI Precision and Scale/PFI Components/OfficerLists: Test Cases/PFI Precision and Scale/PFI Components/OfficerLists

2020-05-24 19:14:32 - [TEST_STEP][PASSED] - Thread.sleep(1000): null

2020-05-24 19:14:33 - [TEST_STEP][PASSED] - OfficerLists = [1:"Aaron Sham Wai Lun (AARON)", 2:"Azidah Bte Akmad (Mdm) (USAABD)", 3:"Chung Fong Nyen (USACFN)", 4:"David Tey Dah Wei (DAHWEI)", ... ]: null

2020-05-24 19:14:33 - [TEST_STEP][PASSED] - ValueFound = OfficerLists.find({ -> ... }): null

2020-05-24 19:14:33 - [MESSAGE][PASSED] - Call Test Case 'Test Cases/PFI Precision and Scale/PFI Components/OfficerLists' successfully

2020-05-24 19:14:33 - [TEST_STEP][PASSED] - println(ValueFound): null

2020-05-24 19:14:33 - [TEST_STEP][PASSED] - sendKeys(NewInputNmField, Keys.chord(ARROW_DOWN)): Keys 'DOWN + ' sent to object: 'Object Repository/Objects.HighlightElements/input_field'

2020-05-24 19:14:33 - [MESSAGE][PASSED] - Keys 'DOWN + ' sent to object: 'Object Repository/Objects.HighlightElements/input_field'

2020-05-24 19:14:33 - [TEST_STEP][PASSED] - sendKeys(NewInputNmField, Keys.chord(ARROW_DOWN)): Keys 'DOWN + ' sent to object: 'Object Repository/Objects.HighlightElements/input_field'

2020-05-24 19:14:33 - [MESSAGE][PASSED] - Keys 'DOWN + ' sent to object: 'Object Repository/Objects.HighlightElements/input_field'

2020-05-24 19:14:33 - [TEST_STEP][PASSED] - delay(DelayTime): Delayed 0 second(s)

2020-05-24 19:14:33 - [MESSAGE][PASSED] - Delayed 0 second(s)

2020-05-24 19:14:33 - [TEST_STEP][PASSED] - sendKeys(NewInputNmField, Keys.chord(ENTER)): Keys 'ENTER + ' sent to object: 'Object Repository/Objects.HighlightElements/input_field'

2020-05-24 19:14:34 - [MESSAGE][PASSED] - Keys 'ENTER + ' sent to object: 'Object Repository/Objects.HighlightElements/input_field'

2020-05-24 19:14:34 - [TEST_STEP][PASSED] - ComboBoxValue = getAttribute(NewInputNmField, "value"): Attribute 'value' of object 'Object Repository/Objects.HighlightElements/input_field' is: 'Han Wann Kuang (WANNKUANG)'

2020-05-24 19:14:34 - [MESSAGE][PASSED] - Attribute 'value' of object 'Object Repository/Objects.HighlightElements/input_field' is: 'Han Wann Kuang (WANNKUANG)'

2020-05-24 19:14:34 - [TEST_STEP][PASSED] - callTestCase(findTestCase(CallTCName), ["FindValue":ComboBoxValue, "DropdownNm":comboNm], STOP_ON_FAILURE): Call Test Case 'Test Cases/PFI Precision and Scale/PFI Components/OfficerLists' successfully

2020-05-24 19:14:34 - [TEST_CASE][PASSED] - Test Cases/PFI Precision and Scale/PFI Components/OfficerLists: Test Cases/PFI Precision and Scale/PFI Components/OfficerLists

2020-05-24 19:14:34 - [TEST_STEP][PASSED] - Thread.sleep(1000): null

2020-05-24 19:14:35 - [TEST_STEP][PASSED] - OfficerLists = [1:"Aaron Sham Wai Lun (AARON)", 2:"Azidah Bte Akmad (Mdm) (USAABD)", 3:"Chung Fong Nyen (USACFN)", 4:"David Tey Dah Wei (DAHWEI)", ... ]: null

2020-05-24 19:14:35 - [TEST_STEP][PASSED] - ValueFound = OfficerLists.find({ -> ... }): null

2020-05-24 19:14:35 - [MESSAGE][PASSED] - Call Test Case 'Test Cases/PFI Precision and Scale/PFI Components/OfficerLists' successfully

2020-05-24 19:14:35 - [TEST_STEP][PASSED] - println(ValueFound): null

2020-05-24 19:14:35 - [TEST_STEP][PASSED] - sendKeys(NewInputNmField, Keys.chord(ARROW_DOWN)): Keys 'DOWN + ' sent to object: 'Object Repository/Objects.HighlightElements/input_field'

2020-05-24 19:14:36 - [MESSAGE][PASSED] - Keys 'DOWN + ' sent to object: 'Object Repository/Objects.HighlightElements/input_field'

2020-05-24 19:14:36 - [TEST_STEP][PASSED] - sendKeys(NewInputNmField, Keys.chord(ARROW_DOWN)): Keys 'DOWN + ' sent to object: 'Object Repository/Objects.HighlightElements/input_field'

2020-05-24 19:14:36 - [MESSAGE][PASSED] - Keys 'DOWN + ' sent to object: 'Object Repository/Objects.HighlightElements/input_field'

2020-05-24 19:14:36 - [TEST_STEP][PASSED] - delay(DelayTime): Delayed 0 second(s)

2020-05-24 19:14:36 - [MESSAGE][PASSED] - Delayed 0 second(s)

2020-05-24 19:14:36 - [TEST_STEP][PASSED] - sendKeys(NewInputNmField, Keys.chord(ENTER)): Keys 'ENTER + ' sent to object: 'Object Repository/Objects.HighlightElements/input_field'

2020-05-24 19:14:37 - [MESSAGE][PASSED] - Keys 'ENTER + ' sent to object: 'Object Repository/Objects.HighlightElements/input_field'

2020-05-24 19:14:37 - [TEST_STEP][PASSED] - ComboBoxValue = getAttribute(NewInputNmField, "value"): Attribute 'value' of object 'Object Repository/Objects.HighlightElements/input_field' is: 'Ho Tze Siang (TZESIANG)'

2020-05-24 19:14:37 - [MESSAGE][PASSED] - Attribute 'value' of object 'Object Repository/Objects.HighlightElements/input_field' is: 'Ho Tze Siang (TZESIANG)'

2020-05-24 19:14:37 - [TEST_STEP][PASSED] - callTestCase(findTestCase(CallTCName), ["FindValue":ComboBoxValue, "DropdownNm":comboNm], STOP_ON_FAILURE): Call Test Case 'Test Cases/PFI Precision and Scale/PFI Components/OfficerLists' successfully

2020-05-24 19:14:37 - [TEST_CASE][PASSED] - Test Cases/PFI Precision and Scale/PFI Components/OfficerLists: Test Cases/PFI Precision and Scale/PFI Components/OfficerLists

2020-05-24 19:14:37 - [TEST_STEP][PASSED] - Thread.sleep(1000): null

2020-05-24 19:14:38 - [TEST_STEP][PASSED] - OfficerLists = [1:"Aaron Sham Wai Lun (AARON)", 2:"Azidah Bte Akmad (Mdm) (USAABD)", 3:"Chung Fong Nyen (USACFN)", 4:"David Tey Dah Wei (DAHWEI)", ... ]: null

2020-05-24 19:14:38 - [TEST_STEP][PASSED] - ValueFound = OfficerLists.find({ -> ... }): null

2020-05-24 19:14:38 - [MESSAGE][PASSED] - Call Test Case 'Test Cases/PFI Precision and Scale/PFI Components/OfficerLists' successfully

2020-05-24 19:14:38 - [TEST_STEP][PASSED] - println(ValueFound): null

2020-05-24 19:14:38 - [TEST_STEP][PASSED] - sendKeys(NewInputNmField, Keys.chord(ARROW_DOWN)): Keys 'DOWN + ' sent to object: 'Object Repository/Objects.HighlightElements/input_field'

2020-05-24 19:14:38 - [MESSAGE][PASSED] - Keys 'DOWN + ' sent to object: 'Object Repository/Objects.HighlightElements/input_field'

2020-05-24 19:14:38 - [TEST_STEP][PASSED] - sendKeys(NewInputNmField, Keys.chord(ARROW_DOWN)): Keys 'DOWN + ' sent to object: 'Object Repository/Objects.HighlightElements/input_field'

2020-05-24 19:14:39 - [MESSAGE][PASSED] - Keys 'DOWN + ' sent to object: 'Object Repository/Objects.HighlightElements/input_field'

2020-05-24 19:14:39 - [TEST_STEP][PASSED] - delay(DelayTime): Delayed 0 second(s)

2020-05-24 19:14:39 - [MESSAGE][PASSED] - Delayed 0 second(s)

2020-05-24 19:14:39 - [TEST_STEP][PASSED] - sendKeys(NewInputNmField, Keys.chord(ENTER)): Keys 'ENTER + ' sent to object: 'Object Repository/Objects.HighlightElements/input_field'

2020-05-24 19:14:39 - [MESSAGE][PASSED] - Keys 'ENTER + ' sent to object: 'Object Repository/Objects.HighlightElements/input_field'

2020-05-24 19:14:39 - [TEST_STEP][PASSED] - ComboBoxValue = getAttribute(NewInputNmField, "value"): Attribute 'value' of object 'Object Repository/Objects.HighlightElements/input_field' is: 'Ho-Chan Vun Ching (USAHVC)'

2020-05-24 19:14:40 - [MESSAGE][PASSED] - Attribute 'value' of object 'Object Repository/Objects.HighlightElements/input_field' is: 'Ho-Chan Vun Ching (USAHVC)'

2020-05-24 19:14:40 - [TEST_STEP][PASSED] - callTestCase(findTestCase(CallTCName), ["FindValue":ComboBoxValue, "DropdownNm":comboNm], STOP_ON_FAILURE): Call Test Case 'Test Cases/PFI Precision and Scale/PFI Components/OfficerLists' successfully

2020-05-24 19:14:40 - [TEST_CASE][PASSED] - Test Cases/PFI Precision and Scale/PFI Components/OfficerLists: Test Cases/PFI Precision and Scale/PFI Components/OfficerLists

2020-05-24 19:14:40 - [TEST_STEP][PASSED] - Thread.sleep(1000): null

2020-05-24 19:14:41 - [TEST_STEP][PASSED] - OfficerLists = [1:"Aaron Sham Wai Lun (AARON)", 2:"Azidah Bte Akmad (Mdm) (USAABD)", 3:"Chung Fong Nyen (USACFN)", 4:"David Tey Dah Wei (DAHWEI)", ... ]: null

2020-05-24 19:14:41 - [TEST_STEP][PASSED] - ValueFound = OfficerLists.find({ -> ... }): null

2020-05-24 19:14:41 - [MESSAGE][PASSED] - Call Test Case 'Test Cases/PFI Precision and Scale/PFI Components/OfficerLists' successfully

2020-05-24 19:14:41 - [TEST_STEP][PASSED] - println(ValueFound): null

2020-05-24 19:14:41 - [TEST_STEP][PASSED] - sendKeys(NewInputNmField, Keys.chord(ARROW_DOWN)): Keys 'DOWN + ' sent to object: 'Object Repository/Objects.HighlightElements/input_field'

2020-05-24 19:14:41 - [MESSAGE][PASSED] - Keys 'DOWN + ' sent to object: 'Object Repository/Objects.HighlightElements/input_field'

2020-05-24 19:14:41 - [TEST_STEP][PASSED] - sendKeys(NewInputNmField, Keys.chord(ARROW_DOWN)): Keys 'DOWN + ' sent to object: 'Object Repository/Objects.HighlightElements/input_field'

2020-05-24 19:14:42 - [MESSAGE][PASSED] - Keys 'DOWN + ' sent to object: 'Object Repository/Objects.HighlightElements/input_field'

2020-05-24 19:14:42 - [TEST_STEP][PASSED] - delay(DelayTime): Delayed 0 second(s)

2020-05-24 19:14:42 - [MESSAGE][PASSED] - Delayed 0 second(s)

2020-05-24 19:14:42 - [TEST_STEP][PASSED] - sendKeys(NewInputNmField, Keys.chord(ENTER)): Keys 'ENTER + ' sent to object: 'Object Repository/Objects.HighlightElements/input_field'

2020-05-24 19:14:42 - [MESSAGE][PASSED] - Keys 'ENTER + ' sent to object: 'Object Repository/Objects.HighlightElements/input_field'

2020-05-24 19:14:42 - [TEST_STEP][PASSED] - ComboBoxValue = getAttribute(NewInputNmField, "value"): Attribute 'value' of object 'Object Repository/Objects.HighlightElements/input_field' is: 'Janet Lee Choon Hong (JANETCHOON)'

2020-05-24 19:14:43 - [MESSAGE][PASSED] - Attribute 'value' of object 'Object Repository/Objects.HighlightElements/input_field' is: 'Janet Lee Choon Hong (JANETCHOON)'

2020-05-24 19:14:43 - [TEST_STEP][PASSED] - callTestCase(findTestCase(CallTCName), ["FindValue":ComboBoxValue, "DropdownNm":comboNm], STOP_ON_FAILURE): Call Test Case 'Test Cases/PFI Precision and Scale/PFI Components/OfficerLists' successfully

2020-05-24 19:14:43 - [TEST_CASE][PASSED] - Test Cases/PFI Precision and Scale/PFI Components/OfficerLists: Test Cases/PFI Precision and Scale/PFI Components/OfficerLists

2020-05-24 19:14:43 - [TEST_STEP][PASSED] - Thread.sleep(1000): null

2020-05-24 19:14:44 - [TEST_STEP][PASSED] - OfficerLists = [1:"Aaron Sham Wai Lun (AARON)", 2:"Azidah Bte Akmad (Mdm) (USAABD)", 3:"Chung Fong Nyen (USACFN)", 4:"David Tey Dah Wei (DAHWEI)", ... ]: null

2020-05-24 19:14:44 - [TEST_STEP][PASSED] - ValueFound = OfficerLists.find({ -> ... }): null

2020-05-24 19:14:44 - [MESSAGE][PASSED] - Call Test Case 'Test Cases/PFI Precision and Scale/PFI Components/OfficerLists' successfully

2020-05-24 19:14:44 - [TEST_STEP][PASSED] - println(ValueFound): null

2020-05-24 19:14:44 - [TEST_STEP][PASSED] - sendKeys(NewInputNmField, Keys.chord(ARROW_DOWN)): Keys 'DOWN + ' sent to object: 'Object Repository/Objects.HighlightElements/input_field'

2020-05-24 19:14:44 - [MESSAGE][PASSED] - Keys 'DOWN + ' sent to object: 'Object Repository/Objects.HighlightElements/input_field'

2020-05-24 19:14:44 - [TEST_STEP][PASSED] - sendKeys(NewInputNmField, Keys.chord(ARROW_DOWN)): Keys 'DOWN + ' sent to object: 'Object Repository/Objects.HighlightElements/input_field'

2020-05-24 19:14:44 - [MESSAGE][PASSED] - Keys 'DOWN + ' sent to object: 'Object Repository/Objects.HighlightElements/input_field'

2020-05-24 19:14:44 - [TEST_STEP][PASSED] - delay(DelayTime): Delayed 0 second(s)

2020-05-24 19:14:44 - [MESSAGE][PASSED] - Delayed 0 second(s)

2020-05-24 19:14:44 - [TEST_STEP][PASSED] - sendKeys(NewInputNmField, Keys.chord(ENTER)): Keys 'ENTER + ' sent to object: 'Object Repository/Objects.HighlightElements/input_field'

2020-05-24 19:14:45 - [MESSAGE][PASSED] - Keys 'ENTER + ' sent to object: 'Object Repository/Objects.HighlightElements/input_field'

2020-05-24 19:14:45 - [TEST_STEP][PASSED] - ComboBoxValue = getAttribute(NewInputNmField, "value"): Attribute 'value' of object 'Object Repository/Objects.HighlightElements/input_field' is: 'Joseph Lim Pheng Weng (PHENGWENG)'

2020-05-24 19:14:45 - [MESSAGE][PASSED] - Attribute 'value' of object 'Object Repository/Objects.HighlightElements/input_field' is: 'Joseph Lim Pheng Weng (PHENGWENG)'

2020-05-24 19:14:45 - [TEST_STEP][PASSED] - callTestCase(findTestCase(CallTCName), ["FindValue":ComboBoxValue, "DropdownNm":comboNm], STOP_ON_FAILURE): Call Test Case 'Test Cases/PFI Precision and Scale/PFI Components/OfficerLists' successfully

2020-05-24 19:14:45 - [TEST_CASE][PASSED] - Test Cases/PFI Precision and Scale/PFI Components/OfficerLists: Test Cases/PFI Precision and Scale/PFI Components/OfficerLists

2020-05-24 19:14:45 - [TEST_STEP][PASSED] - Thread.sleep(1000): null

2020-05-24 19:14:46 - [TEST_STEP][PASSED] - OfficerLists = [1:"Aaron Sham Wai Lun (AARON)", 2:"Azidah Bte Akmad (Mdm) (USAABD)", 3:"Chung Fong Nyen (USACFN)", 4:"David Tey Dah Wei (DAHWEI)", ... ]: null

2020-05-24 19:14:46 - [TEST_STEP][PASSED] - ValueFound = OfficerLists.find({ -> ... }): null

2020-05-24 19:14:46 - [MESSAGE][PASSED] - Call Test Case 'Test Cases/PFI Precision and Scale/PFI Components/OfficerLists' successfully

2020-05-24 19:14:46 - [TEST_STEP][PASSED] - println(ValueFound): null

2020-05-24 19:14:46 - [TEST_STEP][PASSED] - sendKeys(NewInputNmField, Keys.chord(ARROW_DOWN)): Keys 'DOWN + ' sent to object: 'Object Repository/Objects.HighlightElements/input_field'

2020-05-24 19:14:47 - [MESSAGE][PASSED] - Keys 'DOWN + ' sent to object: 'Object Repository/Objects.HighlightElements/input_field'

2020-05-24 19:14:47 - [TEST_STEP][PASSED] - sendKeys(NewInputNmField, Keys.chord(ARROW_DOWN)): Keys 'DOWN + ' sent to object: 'Object Repository/Objects.HighlightElements/input_field'

2020-05-24 19:14:47 - [MESSAGE][PASSED] - Keys 'DOWN + ' sent to object: 'Object Repository/Objects.HighlightElements/input_field'

2020-05-24 19:14:47 - [TEST_STEP][PASSED] - delay(DelayTime): Delayed 0 second(s)

2020-05-24 19:14:47 - [MESSAGE][PASSED] - Delayed 0 second(s)

2020-05-24 19:14:47 - [TEST_STEP][PASSED] - sendKeys(NewInputNmField, Keys.chord(ENTER)): Keys 'ENTER + ' sent to object: 'Object Repository/Objects.HighlightElements/input_field'

2020-05-24 19:14:48 - [MESSAGE][PASSED] - Keys 'ENTER + ' sent to object: 'Object Repository/Objects.HighlightElements/input_field'

2020-05-24 19:14:48 - [TEST_STEP][PASSED] - ComboBoxValue = getAttribute(NewInputNmField, "value"): Attribute 'value' of object 'Object Repository/Objects.HighlightElements/input_field' is: 'Kaliannan Thanabal (KALIANN)'

2020-05-24 19:14:48 - [MESSAGE][PASSED] - Attribute 'value' of object 'Object Repository/Objects.HighlightElements/input_field' is: 'Kaliannan Thanabal (KALIANN)'

2020-05-24 19:14:48 - [TEST_STEP][PASSED] - callTestCase(findTestCase(CallTCName), ["FindValue":ComboBoxValue, "DropdownNm":comboNm], STOP_ON_FAILURE): Call Test Case 'Test Cases/PFI Precision and Scale/PFI Components/OfficerLists' successfully

2020-05-24 19:14:48 - [TEST_CASE][PASSED] - Test Cases/PFI Precision and Scale/PFI Components/OfficerLists: Test Cases/PFI Precision and Scale/PFI Components/OfficerLists

2020-05-24 19:14:48 - [TEST_STEP][PASSED] - Thread.sleep(1000): null

2020-05-24 19:14:49 - [TEST_STEP][PASSED] - OfficerLists = [1:"Aaron Sham Wai Lun (AARON)", 2:"Azidah Bte Akmad (Mdm) (USAABD)", 3:"Chung Fong Nyen (USACFN)", 4:"David Tey Dah Wei (DAHWEI)", ... ]: null

2020-05-24 19:14:49 - [TEST_STEP][PASSED] - ValueFound = OfficerLists.find({ -> ... }): null

2020-05-24 19:14:49 - [MESSAGE][PASSED] - Call Test Case 'Test Cases/PFI Precision and Scale/PFI Components/OfficerLists' successfully

2020-05-24 19:14:49 - [TEST_STEP][PASSED] - println(ValueFound): null

2020-05-24 19:14:49 - [TEST_STEP][PASSED] - sendKeys(NewInputNmField, Keys.chord(ARROW_DOWN)): Keys 'DOWN + ' sent to object: 'Object Repository/Objects.HighlightElements/input_field'

2020-05-24 19:14:49 - [MESSAGE][PASSED] - Keys 'DOWN + ' sent to object: 'Object Repository/Objects.HighlightElements/input_field'

2020-05-24 19:14:49 - [TEST_STEP][PASSED] - sendKeys(NewInputNmField, Keys.chord(ARROW_DOWN)): Keys 'DOWN + ' sent to object: 'Object Repository/Objects.HighlightElements/input_field'

2020-05-24 19:14:50 - [MESSAGE][PASSED] - Keys 'DOWN + ' sent to object: 'Object Repository/Objects.HighlightElements/input_field'

2020-05-24 19:14:50 - [TEST_STEP][PASSED] - delay(DelayTime): Delayed 0 second(s)

2020-05-24 19:14:50 - [MESSAGE][PASSED] - Delayed 0 second(s)

2020-05-24 19:14:50 - [TEST_STEP][PASSED] - sendKeys(NewInputNmField, Keys.chord(ENTER)): Keys 'ENTER + ' sent to object: 'Object Repository/Objects.HighlightElements/input_field'

2020-05-24 19:14:50 - [MESSAGE][PASSED] - Keys 'ENTER + ' sent to object: 'Object Repository/Objects.HighlightElements/input_field'

2020-05-24 19:14:50 - [TEST_STEP][PASSED] - ComboBoxValue = getAttribute(NewInputNmField, "value"): Attribute 'value' of object 'Object Repository/Objects.HighlightElements/input_field' is: 'Kelvin Phua Meng Thong (MENGTHONG)'

2020-05-24 19:14:51 - [MESSAGE][PASSED] - Attribute 'value' of object 'Object Repository/Objects.HighlightElements/input_field' is: 'Kelvin Phua Meng Thong (MENGTHONG)'

2020-05-24 19:14:51 - [TEST_STEP][PASSED] - callTestCase(findTestCase(CallTCName), ["FindValue":ComboBoxValue, "DropdownNm":comboNm], STOP_ON_FAILURE): Call Test Case 'Test Cases/PFI Precision and Scale/PFI Components/OfficerLists' successfully

2020-05-24 19:14:51 - [TEST_CASE][PASSED] - Test Cases/PFI Precision and Scale/PFI Components/OfficerLists: Test Cases/PFI Precision and Scale/PFI Components/OfficerLists

2020-05-24 19:14:51 - [TEST_STEP][PASSED] - Thread.sleep(1000): null

2020-05-24 19:14:52 - [TEST_STEP][PASSED] - OfficerLists = [1:"Aaron Sham Wai Lun (AARON)", 2:"Azidah Bte Akmad (Mdm) (USAABD)", 3:"Chung Fong Nyen (USACFN)", 4:"David Tey Dah Wei (DAHWEI)", ... ]: null

2020-05-24 19:14:52 - [TEST_STEP][PASSED] - ValueFound = OfficerLists.find({ -> ... }): null

2020-05-24 19:14:52 - [MESSAGE][PASSED] - Call Test Case 'Test Cases/PFI Precision and Scale/PFI Components/OfficerLists' successfully

2020-05-24 19:14:52 - [TEST_STEP][PASSED] - println(ValueFound): null

2020-05-24 19:14:52 - [TEST_STEP][PASSED] - sendKeys(NewInputNmField, Keys.chord(ARROW_DOWN)): Keys 'DOWN + ' sent to object: 'Object Repository/Objects.HighlightElements/input_field'

2020-05-24 19:14:52 - [MESSAGE][PASSED] - Keys 'DOWN + ' sent to object: 'Object Repository/Objects.HighlightElements/input_field'

2020-05-24 19:14:52 - [TEST_STEP][PASSED] - sendKeys(NewInputNmField, Keys.chord(ARROW_DOWN)): Keys 'DOWN + ' sent to object: 'Object Repository/Objects.HighlightElements/input_field'

2020-05-24 19:14:53 - [MESSAGE][PASSED] - Keys 'DOWN + ' sent to object: 'Object Repository/Objects.HighlightElements/input_field'

2020-05-24 19:14:53 - [TEST_STEP][PASSED] - delay(DelayTime): Delayed 0 second(s)

2020-05-24 19:14:53 - [MESSAGE][PASSED] - Delayed 0 second(s)

2020-05-24 19:14:53 - [TEST_STEP][PASSED] - sendKeys(NewInputNmField, Keys.chord(ENTER)): Keys 'ENTER + ' sent to object: 'Object Repository/Objects.HighlightElements/input_field'

2020-05-24 19:14:53 - [MESSAGE][PASSED] - Keys 'ENTER + ' sent to object: 'Object Repository/Objects.HighlightElements/input_field'

2020-05-24 19:14:53 - [TEST_STEP][PASSED] - ComboBoxValue = getAttribute(NewInputNmField, "value"): Attribute 'value' of object 'Object Repository/Objects.HighlightElements/input_field' is: 'Lee Kok Tien (USAKTL)'

2020-05-24 19:14:54 - [MESSAGE][PASSED] - Attribute 'value' of object 'Object Repository/Objects.HighlightElements/input_field' is: 'Lee Kok Tien (USAKTL)'

2020-05-24 19:14:54 - [TEST_STEP][PASSED] - callTestCase(findTestCase(CallTCName), ["FindValue":ComboBoxValue, "DropdownNm":comboNm], STOP_ON_FAILURE): Call Test Case 'Test Cases/PFI Precision and Scale/PFI Components/OfficerLists' successfully

2020-05-24 19:14:54 - [TEST_CASE][PASSED] - Test Cases/PFI Precision and Scale/PFI Components/OfficerLists: Test Cases/PFI Precision and Scale/PFI Components/OfficerLists

2020-05-24 19:14:54 - [TEST_STEP][PASSED] - Thread.sleep(1000): null

2020-05-24 19:14:55 - [TEST_STEP][PASSED] - OfficerLists = [1:"Aaron Sham Wai Lun (AARON)", 2:"Azidah Bte Akmad (Mdm) (USAABD)", 3:"Chung Fong Nyen (USACFN)", 4:"David Tey Dah Wei (DAHWEI)", ... ]: null

2020-05-24 19:14:55 - [TEST_STEP][PASSED] - ValueFound = OfficerLists.find({ -> ... }): null

2020-05-24 19:14:55 - [MESSAGE][PASSED] - Call Test Case 'Test Cases/PFI Precision and Scale/PFI Components/OfficerLists' successfully

2020-05-24 19:14:55 - [TEST_STEP][PASSED] - println(ValueFound): null

2020-05-24 19:14:55 - [TEST_STEP][PASSED] - sendKeys(NewInputNmField, Keys.chord(ARROW_DOWN)): Keys 'DOWN + ' sent to object: 'Object Repository/Objects.HighlightElements/input_field'

2020-05-24 19:14:55 - [MESSAGE][PASSED] - Keys 'DOWN + ' sent to object: 'Object Repository/Objects.HighlightElements/input_field'

2020-05-24 19:14:55 - [TEST_STEP][PASSED] - sendKeys(NewInputNmField, Keys.chord(ARROW_DOWN)): Keys 'DOWN + ' sent to object: 'Object Repository/Objects.HighlightElements/input_field'

2020-05-24 19:14:55 - [MESSAGE][PASSED] - Keys 'DOWN + ' sent to object: 'Object Repository/Objects.HighlightElements/input_field'

2020-05-24 19:14:55 - [TEST_STEP][PASSED] - delay(DelayTime): Delayed 0 second(s)

2020-05-24 19:14:55 - [MESSAGE][PASSED] - Delayed 0 second(s)

2020-05-24 19:14:55 - [TEST_STEP][PASSED] - sendKeys(NewInputNmField, Keys.chord(ENTER)): Keys 'ENTER + ' sent to object: 'Object Repository/Objects.HighlightElements/input_field'

2020-05-24 19:14:56 - [MESSAGE][PASSED] - Keys 'ENTER + ' sent to object: 'Object Repository/Objects.HighlightElements/input_field'

2020-05-24 19:14:56 - [TEST_STEP][PASSED] - ComboBoxValue = getAttribute(NewInputNmField, "value"): Attribute 'value' of object 'Object Repository/Objects.HighlightElements/input_field' is: 'Lim Beng Kwee (BENGKWEE)'

2020-05-24 19:14:56 - [MESSAGE][PASSED] - Attribute 'value' of object 'Object Repository/Objects.HighlightElements/input_field' is: 'Lim Beng Kwee (BENGKWEE)'

2020-05-24 19:14:56 - [TEST_STEP][PASSED] - callTestCase(findTestCase(CallTCName), ["FindValue":ComboBoxValue, "DropdownNm":comboNm], STOP_ON_FAILURE): Call Test Case 'Test Cases/PFI Precision and Scale/PFI Components/OfficerLists' successfully

2020-05-24 19:14:56 - [TEST_CASE][PASSED] - Test Cases/PFI Precision and Scale/PFI Components/OfficerLists: Test Cases/PFI Precision and Scale/PFI Components/OfficerLists

2020-05-24 19:14:56 - [TEST_STEP][PASSED] - Thread.sleep(1000): null

2020-05-24 19:14:57 - [TEST_STEP][PASSED] - OfficerLists = [1:"Aaron Sham Wai Lun (AARON)", 2:"Azidah Bte Akmad (Mdm) (USAABD)", 3:"Chung Fong Nyen (USACFN)", 4:"David Tey Dah Wei (DAHWEI)", ... ]: null

2020-05-24 19:14:57 - [TEST_STEP][PASSED] - ValueFound = OfficerLists.find({ -> ... }): null

2020-05-24 19:14:57 - [MESSAGE][PASSED] - Call Test Case 'Test Cases/PFI Precision and Scale/PFI Components/OfficerLists' successfully

2020-05-24 19:14:57 - [TEST_STEP][PASSED] - println(ValueFound): null

2020-05-24 19:14:57 - [TEST_STEP][PASSED] - sendKeys(NewInputNmField, Keys.chord(ARROW_DOWN)): Keys 'DOWN + ' sent to object: 'Object Repository/Objects.HighlightElements/input_field'

2020-05-24 19:14:58 - [MESSAGE][PASSED] - Keys 'DOWN + ' sent to object: 'Object Repository/Objects.HighlightElements/input_field'

2020-05-24 19:14:58 - [TEST_STEP][PASSED] - sendKeys(NewInputNmField, Keys.chord(ARROW_DOWN)): Keys 'DOWN + ' sent to object: 'Object Repository/Objects.HighlightElements/input_field'

2020-05-24 19:14:58 - [MESSAGE][PASSED] - Keys 'DOWN + ' sent to object: 'Object Repository/Objects.HighlightElements/input_field'

2020-05-24 19:14:58 - [TEST_STEP][PASSED] - delay(DelayTime): Delayed 0 second(s)

2020-05-24 19:14:58 - [MESSAGE][PASSED] - Delayed 0 second(s)

2020-05-24 19:14:58 - [TEST_STEP][PASSED] - sendKeys(NewInputNmField, Keys.chord(ENTER)): Keys 'ENTER + ' sent to object: 'Object Repository/Objects.HighlightElements/input_field'

2020-05-24 19:14:59 - [MESSAGE][PASSED] - Keys 'ENTER + ' sent to object: 'Object Repository/Objects.HighlightElements/input_field'

2020-05-24 19:14:59 - [TEST_STEP][PASSED] - ComboBoxValue = getAttribute(NewInputNmField, "value"): Attribute 'value' of object 'Object Repository/Objects.HighlightElements/input_field' is: 'Lim Leng Boon (LENGBOON)'

2020-05-24 19:14:59 - [MESSAGE][PASSED] - Attribute 'value' of object 'Object Repository/Objects.HighlightElements/input_field' is: 'Lim Leng Boon (LENGBOON)'

2020-05-24 19:14:59 - [TEST_STEP][PASSED] - callTestCase(findTestCase(CallTCName), ["FindValue":ComboBoxValue, "DropdownNm":comboNm], STOP_ON_FAILURE): Call Test Case 'Test Cases/PFI Precision and Scale/PFI Components/OfficerLists' successfully

2020-05-24 19:14:59 - [TEST_CASE][PASSED] - Test Cases/PFI Precision and Scale/PFI Components/OfficerLists: Test Cases/PFI Precision and Scale/PFI Components/OfficerLists

2020-05-24 19:14:59 - [TEST_STEP][PASSED] - Thread.sleep(1000): null

2020-05-24 19:15:00 - [TEST_STEP][PASSED] - OfficerLists = [1:"Aaron Sham Wai Lun (AARON)", 2:"Azidah Bte Akmad (Mdm) (USAABD)", 3:"Chung Fong Nyen (USACFN)", 4:"David Tey Dah Wei (DAHWEI)", ... ]: null

2020-05-24 19:15:00 - [TEST_STEP][PASSED] - ValueFound = OfficerLists.find({ -> ... }): null

2020-05-24 19:15:00 - [MESSAGE][PASSED] - Call Test Case 'Test Cases/PFI Precision and Scale/PFI Components/OfficerLists' successfully

2020-05-24 19:15:00 - [TEST_STEP][PASSED] - println(ValueFound): null

2020-05-24 19:15:00 - [TEST_STEP][PASSED] - sendKeys(NewInputNmField, Keys.chord(ARROW_DOWN)): Keys 'DOWN + ' sent to object: 'Object Repository/Objects.HighlightElements/input_field'

2020-05-24 19:15:00 - [MESSAGE][PASSED] - Keys 'DOWN + ' sent to object: 'Object Repository/Objects.HighlightElements/input_field'

2020-05-24 19:15:00 - [TEST_STEP][PASSED] - sendKeys(NewInputNmField, Keys.chord(ARROW_DOWN)): Keys 'DOWN + ' sent to object: 'Object Repository/Objects.HighlightElements/input_field'

2020-05-24 19:15:01 - [MESSAGE][PASSED] - Keys 'DOWN + ' sent to object: 'Object Repository/Objects.HighlightElements/input_field'

2020-05-24 19:15:01 - [TEST_STEP][PASSED] - delay(DelayTime): Delayed 0 second(s)

2020-05-24 19:15:01 - [MESSAGE][PASSED] - Delayed 0 second(s)

2020-05-24 19:15:01 - [TEST_STEP][PASSED] - sendKeys(NewInputNmField, Keys.chord(ENTER)): Keys 'ENTER + ' sent to object: 'Object Repository/Objects.HighlightElements/input_field'

2020-05-24 19:15:01 - [MESSAGE][PASSED] - Keys 'ENTER + ' sent to object: 'Object Repository/Objects.HighlightElements/input_field'

2020-05-24 19:15:01 - [TEST_STEP][PASSED] - ComboBoxValue = getAttribute(NewInputNmField, "value"): Attribute 'value' of object 'Object Repository/Objects.HighlightElements/input_field' is: 'Liu Xiaopeng (XIAOPENG)'

2020-05-24 19:15:02 - [MESSAGE][PASSED] - Attribute 'value' of object 'Object Repository/Objects.HighlightElements/input_field' is: 'Liu Xiaopeng (XIAOPENG)'

2020-05-24 19:15:02 - [TEST_STEP][PASSED] - callTestCase(findTestCase(CallTCName), ["FindValue":ComboBoxValue, "DropdownNm":comboNm], STOP_ON_FAILURE): Call Test Case 'Test Cases/PFI Precision and Scale/PFI Components/OfficerLists' successfully

2020-05-24 19:15:02 - [TEST_CASE][PASSED] - Test Cases/PFI Precision and Scale/PFI Components/OfficerLists: Test Cases/PFI Precision and Scale/PFI Components/OfficerLists

2020-05-24 19:15:02 - [TEST_STEP][PASSED] - Thread.sleep(1000): null

2020-05-24 19:15:03 - [TEST_STEP][PASSED] - OfficerLists = [1:"Aaron Sham Wai Lun (AARON)", 2:"Azidah Bte Akmad (Mdm) (USAABD)", 3:"Chung Fong Nyen (USACFN)", 4:"David Tey Dah Wei (DAHWEI)", ... ]: null

2020-05-24 19:15:03 - [TEST_STEP][PASSED] - ValueFound = OfficerLists.find({ -> ... }): null

2020-05-24 19:15:03 - [MESSAGE][PASSED] - Call Test Case 'Test Cases/PFI Precision and Scale/PFI Components/OfficerLists' successfully

2020-05-24 19:15:03 - [TEST_STEP][PASSED] - println(ValueFound): null

2020-05-24 19:15:03 - [TEST_STEP][PASSED] - sendKeys(NewInputNmField, Keys.chord(ARROW_DOWN)): Keys 'DOWN + ' sent to object: 'Object Repository/Objects.HighlightElements/input_field'

2020-05-24 19:15:03 - [MESSAGE][PASSED] - Keys 'DOWN + ' sent to object: 'Object Repository/Objects.HighlightElements/input_field'

2020-05-24 19:15:03 - [TEST_STEP][PASSED] - sendKeys(NewInputNmField, Keys.chord(ARROW_DOWN)): Keys 'DOWN + ' sent to object: 'Object Repository/Objects.HighlightElements/input_field'

2020-05-24 19:15:04 - [MESSAGE][PASSED] - Keys 'DOWN + ' sent to object: 'Object Repository/Objects.HighlightElements/input_field'

2020-05-24 19:15:04 - [TEST_STEP][PASSED] - delay(DelayTime): Delayed 0 second(s)

2020-05-24 19:15:04 - [MESSAGE][PASSED] - Delayed 0 second(s)

2020-05-24 19:15:04 - [TEST_STEP][PASSED] - sendKeys(NewInputNmField, Keys.chord(ENTER)): Keys 'ENTER + ' sent to object: 'Object Repository/Objects.HighlightElements/input_field'

2020-05-24 19:15:04 - [MESSAGE][PASSED] - Keys 'ENTER + ' sent to object: 'Object Repository/Objects.HighlightElements/input_field'

2020-05-24 19:15:04 - [TEST_STEP][PASSED] - ComboBoxValue = getAttribute(NewInputNmField, "value"): Attribute 'value' of object 'Object Repository/Objects.HighlightElements/input_field' is: 'Lu Ji Ju (Mdm) (USALJJ)'

2020-05-24 19:15:05 - [MESSAGE][PASSED] - Attribute 'value' of object 'Object Repository/Objects.HighlightElements/input_field' is: 'Lu Ji Ju (Mdm) (USALJJ)'

2020-05-24 19:15:05 - [TEST_STEP][PASSED] - callTestCase(findTestCase(CallTCName), ["FindValue":ComboBoxValue, "DropdownNm":comboNm], STOP_ON_FAILURE): Call Test Case 'Test Cases/PFI Precision and Scale/PFI Components/OfficerLists' successfully

2020-05-24 19:15:05 - [TEST_CASE][PASSED] - Test Cases/PFI Precision and Scale/PFI Components/OfficerLists: Test Cases/PFI Precision and Scale/PFI Components/OfficerLists

2020-05-24 19:15:05 - [TEST_STEP][PASSED] - Thread.sleep(1000): null

2020-05-24 19:15:06 - [TEST_STEP][PASSED] - OfficerLists = [1:"Aaron Sham Wai Lun (AARON)", 2:"Azidah Bte Akmad (Mdm) (USAABD)", 3:"Chung Fong Nyen (USACFN)", 4:"David Tey Dah Wei (DAHWEI)", ... ]: null

2020-05-24 19:15:06 - [TEST_STEP][PASSED] - ValueFound = OfficerLists.find({ -> ... }): null

2020-05-24 19:15:06 - [MESSAGE][PASSED] - Call Test Case 'Test Cases/PFI Precision and Scale/PFI Components/OfficerLists' successfully

2020-05-24 19:15:06 - [TEST_STEP][PASSED] - println(ValueFound): null

2020-05-24 19:15:06 - [TEST_STEP][PASSED] - sendKeys(NewInputNmField, Keys.chord(ARROW_DOWN)): Keys 'DOWN + ' sent to object: 'Object Repository/Objects.HighlightElements/input_field'

2020-05-24 19:15:07 - [MESSAGE][PASSED] - Keys 'DOWN + ' sent to object: 'Object Repository/Objects.HighlightElements/input_field'

2020-05-24 19:15:07 - [TEST_STEP][PASSED] - sendKeys(NewInputNmField, Keys.chord(ARROW_DOWN)): Keys 'DOWN + ' sent to object: 'Object Repository/Objects.HighlightElements/input_field'

2020-05-24 19:15:07 - [MESSAGE][PASSED] - Keys 'DOWN + ' sent to object: 'Object Repository/Objects.HighlightElements/input_field'

2020-05-24 19:15:07 - [TEST_STEP][PASSED] - delay(DelayTime): Delayed 0 second(s)

2020-05-24 19:15:07 - [MESSAGE][PASSED] - Delayed 0 second(s)

2020-05-24 19:15:07 - [TEST_STEP][PASSED] - sendKeys(NewInputNmField, Keys.chord(ENTER)): Keys 'ENTER + ' sent to object: 'Object Repository/Objects.HighlightElements/input_field'

2020-05-24 19:15:08 - [MESSAGE][PASSED] - Keys 'ENTER + ' sent to object: 'Object Repository/Objects.HighlightElements/input_field'

2020-05-24 19:15:08 - [TEST_STEP][PASSED] - ComboBoxValue = getAttribute(NewInputNmField, "value"): Attribute 'value' of object 'Object Repository/Objects.HighlightElements/input_field' is: 'Mohd Jeffri Bin Abdul Rahim (MOHDJEFFRI)'

2020-05-24 19:15:08 - [MESSAGE][PASSED] - Attribute 'value' of object 'Object Repository/Objects.HighlightElements/input_field' is: 'Mohd Jeffri Bin Abdul Rahim (MOHDJEFFRI)'

2020-05-24 19:15:08 - [TEST_STEP][PASSED] - callTestCase(findTestCase(CallTCName), ["FindValue":ComboBoxValue, "DropdownNm":comboNm], STOP_ON_FAILURE): Call Test Case 'Test Cases/PFI Precision and Scale/PFI Components/OfficerLists' successfully

2020-05-24 19:15:08 - [TEST_CASE][PASSED] - Test Cases/PFI Precision and Scale/PFI Components/OfficerLists: Test Cases/PFI Precision and Scale/PFI Components/OfficerLists

2020-05-24 19:15:08 - [TEST_STEP][PASSED] - Thread.sleep(1000): null

2020-05-24 19:15:09 - [TEST_STEP][PASSED] - OfficerLists = [1:"Aaron Sham Wai Lun (AARON)", 2:"Azidah Bte Akmad (Mdm) (USAABD)", 3:"Chung Fong Nyen (USACFN)", 4:"David Tey Dah Wei (DAHWEI)", ... ]: null

2020-05-24 19:15:09 - [TEST_STEP][PASSED] - ValueFound = OfficerLists.find({ -> ... }): null

2020-05-24 19:15:09 - [MESSAGE][PASSED] - Call Test Case 'Test Cases/PFI Precision and Scale/PFI Components/OfficerLists' successfully

2020-05-24 19:15:09 - [TEST_STEP][PASSED] - println(ValueFound): null

2020-05-24 19:15:09 - [TEST_STEP][PASSED] - sendKeys(NewInputNmField, Keys.chord(ARROW_DOWN)): Keys 'DOWN + ' sent to object: 'Object Repository/Objects.HighlightElements/input_field'

2020-05-24 19:15:09 - [MESSAGE][PASSED] - Keys 'DOWN + ' sent to object: 'Object Repository/Objects.HighlightElements/input_field'

2020-05-24 19:15:09 - [TEST_STEP][PASSED] - sendKeys(NewInputNmField, Keys.chord(ARROW_DOWN)): Keys 'DOWN + ' sent to object: 'Object Repository/Objects.HighlightElements/input_field'

2020-05-24 19:15:10 - [MESSAGE][PASSED] - Keys 'DOWN + ' sent to object: 'Object Repository/Objects.HighlightElements/input_field'

2020-05-24 19:15:10 - [TEST_STEP][PASSED] - delay(DelayTime): Delayed 0 second(s)

2020-05-24 19:15:10 - [MESSAGE][PASSED] - Delayed 0 second(s)

2020-05-24 19:15:10 - [TEST_STEP][PASSED] - sendKeys(NewInputNmField, Keys.chord(ENTER)): Keys 'ENTER + ' sent to object: 'Object Repository/Objects.HighlightElements/input_field'

2020-05-24 19:15:10 - [MESSAGE][PASSED] - Keys 'ENTER + ' sent to object: 'Object Repository/Objects.HighlightElements/input_field'

2020-05-24 19:15:10 - [TEST_STEP][PASSED] - ComboBoxValue = getAttribute(NewInputNmField, "value"): Attribute 'value' of object 'Object Repository/Objects.HighlightElements/input_field' is: 'Richard Lim Fang Ping (FANGPING)'

2020-05-24 19:15:11 - [MESSAGE][PASSED] - Attribute 'value' of object 'Object Repository/Objects.HighlightElements/input_field' is: 'Richard Lim Fang Ping (FANGPING)'

2020-05-24 19:15:11 - [TEST_STEP][PASSED] - callTestCase(findTestCase(CallTCName), ["FindValue":ComboBoxValue, "DropdownNm":comboNm], STOP_ON_FAILURE): Call Test Case 'Test Cases/PFI Precision and Scale/PFI Components/OfficerLists' successfully

2020-05-24 19:15:11 - [TEST_CASE][PASSED] - Test Cases/PFI Precision and Scale/PFI Components/OfficerLists: Test Cases/PFI Precision and Scale/PFI Components/OfficerLists

2020-05-24 19:15:11 - [TEST_STEP][PASSED] - Thread.sleep(1000): null

2020-05-24 19:15:12 - [TEST_STEP][PASSED] - OfficerLists = [1:"Aaron Sham Wai Lun (AARON)", 2:"Azidah Bte Akmad (Mdm) (USAABD)", 3:"Chung Fong Nyen (USACFN)", 4:"David Tey Dah Wei (DAHWEI)", ... ]: null

2020-05-24 19:15:12 - [TEST_STEP][PASSED] - ValueFound = OfficerLists.find({ -> ... }): null

2020-05-24 19:15:12 - [MESSAGE][PASSED] - Call Test Case 'Test Cases/PFI Precision and Scale/PFI Components/OfficerLists' successfully

2020-05-24 19:15:12 - [TEST_STEP][PASSED] - println(ValueFound): null

2020-05-24 19:15:12 - [TEST_STEP][PASSED] - sendKeys(NewInputNmField, Keys.chord(ARROW_DOWN)): Keys 'DOWN + ' sent to object: 'Object Repository/Objects.HighlightElements/input_field'

2020-05-24 19:15:12 - [MESSAGE][PASSED] - Keys 'DOWN + ' sent to object: 'Object Repository/Objects.HighlightElements/input_field'

2020-05-24 19:15:12 - [TEST_STEP][PASSED] - sendKeys(NewInputNmField, Keys.chord(ARROW_DOWN)): Keys 'DOWN + ' sent to object: 'Object Repository/Objects.HighlightElements/input_field'

2020-05-24 19:15:13 - [MESSAGE][PASSED] - Keys 'DOWN + ' sent to object: 'Object Repository/Objects.HighlightElements/input_field'

2020-05-24 19:15:13 - [TEST_STEP][PASSED] - delay(DelayTime): Delayed 0 second(s)

2020-05-24 19:15:13 - [MESSAGE][PASSED] - Delayed 0 second(s)

2020-05-24 19:15:13 - [TEST_STEP][PASSED] - sendKeys(NewInputNmField, Keys.chord(ENTER)): Keys 'ENTER + ' sent to object: 'Object Repository/Objects.HighlightElements/input_field'

2020-05-24 19:15:13 - [MESSAGE][PASSED] - Keys 'ENTER + ' sent to object: 'Object Repository/Objects.HighlightElements/input_field'

2020-05-24 19:15:13 - [TEST_STEP][PASSED] - ComboBoxValue = getAttribute(NewInputNmField, "value"): Attribute 'value' of object 'Object Repository/Objects.HighlightElements/input_field' is: 'RITA WONG SIONG ING (RITAWONG)'

2020-05-24 19:15:14 - [MESSAGE][PASSED] - Attribute 'value' of object 'Object Repository/Objects.HighlightElements/input_field' is: 'RITA WONG SIONG ING (RITAWONG)'

2020-05-24 19:15:14 - [TEST_STEP][PASSED] - callTestCase(findTestCase(CallTCName), ["FindValue":ComboBoxValue, "DropdownNm":comboNm], STOP_ON_FAILURE): Call Test Case 'Test Cases/PFI Precision and Scale/PFI Components/OfficerLists' successfully

2020-05-24 19:15:14 - [TEST_CASE][PASSED] - Test Cases/PFI Precision and Scale/PFI Components/OfficerLists: Test Cases/PFI Precision and Scale/PFI Components/OfficerLists

2020-05-24 19:15:14 - [TEST_STEP][PASSED] - Thread.sleep(1000): null

2020-05-24 19:15:15 - [TEST_STEP][PASSED] - OfficerLists = [1:"Aaron Sham Wai Lun (AARON)", 2:"Azidah Bte Akmad (Mdm) (USAABD)", 3:"Chung Fong Nyen (USACFN)", 4:"David Tey Dah Wei (DAHWEI)", ... ]: null

2020-05-24 19:15:15 - [TEST_STEP][PASSED] - ValueFound = OfficerLists.find({ -> ... }): null

2020-05-24 19:15:15 - [MESSAGE][PASSED] - Call Test Case 'Test Cases/PFI Precision and Scale/PFI Components/OfficerLists' successfully

2020-05-24 19:15:15 - [TEST_STEP][PASSED] - println(ValueFound): null

2020-05-24 19:15:15 - [TEST_STEP][PASSED] - sendKeys(NewInputNmField, Keys.chord(ARROW_DOWN)): Keys 'DOWN + ' sent to object: 'Object Repository/Objects.HighlightElements/input_field'

2020-05-24 19:15:15 - [MESSAGE][PASSED] - Keys 'DOWN + ' sent to object: 'Object Repository/Objects.HighlightElements/input_field'

2020-05-24 19:15:15 - [TEST_STEP][PASSED] - sendKeys(NewInputNmField, Keys.chord(ARROW_DOWN)): Keys 'DOWN + ' sent to object: 'Object Repository/Objects.HighlightElements/input_field'

2020-05-24 19:15:15 - [MESSAGE][PASSED] - Keys 'DOWN + ' sent to object: 'Object Repository/Objects.HighlightElements/input_field'

2020-05-24 19:15:15 - [TEST_STEP][PASSED] - delay(DelayTime): Delayed 0 second(s)

2020-05-24 19:15:15 - [MESSAGE][PASSED] - Delayed 0 second(s)

2020-05-24 19:15:15 - [TEST_STEP][PASSED] - sendKeys(NewInputNmField, Keys.chord(ENTER)): Keys 'ENTER + ' sent to object: 'Object Repository/Objects.HighlightElements/input_field'

2020-05-24 19:15:16 - [MESSAGE][PASSED] - Keys 'ENTER + ' sent to object: 'Object Repository/Objects.HighlightElements/input_field'

2020-05-24 19:15:16 - [TEST_STEP][PASSED] - ComboBoxValue = getAttribute(NewInputNmField, "value"): Attribute 'value' of object 'Object Repository/Objects.HighlightElements/input_field' is: 'Shi Hong Wei (HONGWEI)'

2020-05-24 19:15:16 - [MESSAGE][PASSED] - Attribute 'value' of object 'Object Repository/Objects.HighlightElements/input_field' is: 'Shi Hong Wei (HONGWEI)'

2020-05-24 19:15:16 - [TEST_STEP][PASSED] - callTestCase(findTestCase(CallTCName), ["FindValue":ComboBoxValue, "DropdownNm":comboNm], STOP_ON_FAILURE): Call Test Case 'Test Cases/PFI Precision and Scale/PFI Components/OfficerLists' successfully

2020-05-24 19:15:16 - [TEST_CASE][PASSED] - Test Cases/PFI Precision and Scale/PFI Components/OfficerLists: Test Cases/PFI Precision and Scale/PFI Components/OfficerLists

2020-05-24 19:15:16 - [TEST_STEP][PASSED] - Thread.sleep(1000): null

2020-05-24 19:15:17 - [TEST_STEP][PASSED] - OfficerLists = [1:"Aaron Sham Wai Lun (AARON)", 2:"Azidah Bte Akmad (Mdm) (USAABD)", 3:"Chung Fong Nyen (USACFN)", 4:"David Tey Dah Wei (DAHWEI)", ... ]: null

2020-05-24 19:15:17 - [TEST_STEP][PASSED] - ValueFound = OfficerLists.find({ -> ... }): null

2020-05-24 19:15:17 - [MESSAGE][PASSED] - Call Test Case 'Test Cases/PFI Precision and Scale/PFI Components/OfficerLists' successfully

2020-05-24 19:15:17 - [TEST_STEP][PASSED] - println(ValueFound): null

2020-05-24 19:15:17 - [TEST_STEP][PASSED] - sendKeys(NewInputNmField, Keys.chord(ARROW_DOWN)): Keys 'DOWN + ' sent to object: 'Object Repository/Objects.HighlightElements/input_field'

2020-05-24 19:15:18 - [MESSAGE][PASSED] - Keys 'DOWN + ' sent to object: 'Object Repository/Objects.HighlightElements/input_field'

2020-05-24 19:15:18 - [TEST_STEP][PASSED] - sendKeys(NewInputNmField, Keys.chord(ARROW_DOWN)): Keys 'DOWN + ' sent to object: 'Object Repository/Objects.HighlightElements/input_field'

2020-05-24 19:15:18 - [MESSAGE][PASSED] - Keys 'DOWN + ' sent to object: 'Object Repository/Objects.HighlightElements/input_field'

2020-05-24 19:15:18 - [TEST_STEP][PASSED] - delay(DelayTime): Delayed 0 second(s)

2020-05-24 19:15:18 - [MESSAGE][PASSED] - Delayed 0 second(s)

2020-05-24 19:15:18 - [TEST_STEP][PASSED] - sendKeys(NewInputNmField, Keys.chord(ENTER)): Keys 'ENTER + ' sent to object: 'Object Repository/Objects.HighlightElements/input_field'

2020-05-24 19:15:19 - [MESSAGE][PASSED] - Keys 'ENTER + ' sent to object: 'Object Repository/Objects.HighlightElements/input_field'

2020-05-24 19:15:19 - [TEST_STEP][PASSED] - ComboBoxValue = getAttribute(NewInputNmField, "value"): Attribute 'value' of object 'Object Repository/Objects.HighlightElements/input_field' is: 'Tan Jing Ying (JINGYING)'

2020-05-24 19:15:19 - [MESSAGE][PASSED] - Attribute 'value' of object 'Object Repository/Objects.HighlightElements/input_field' is: 'Tan Jing Ying (JINGYING)'

2020-05-24 19:15:19 - [TEST_STEP][PASSED] - callTestCase(findTestCase(CallTCName), ["FindValue":ComboBoxValue, "DropdownNm":comboNm], STOP_ON_FAILURE): Call Test Case 'Test Cases/PFI Precision and Scale/PFI Components/OfficerLists' successfully

2020-05-24 19:15:19 - [TEST_CASE][PASSED] - Test Cases/PFI Precision and Scale/PFI Components/OfficerLists: Test Cases/PFI Precision and Scale/PFI Components/OfficerLists

2020-05-24 19:15:19 - [TEST_STEP][PASSED] - Thread.sleep(1000): null

2020-05-24 19:15:20 - [TEST_STEP][PASSED] - OfficerLists = [1:"Aaron Sham Wai Lun (AARON)", 2:"Azidah Bte Akmad (Mdm) (USAABD)", 3:"Chung Fong Nyen (USACFN)", 4:"David Tey Dah Wei (DAHWEI)", ... ]: null

2020-05-24 19:15:20 - [TEST_STEP][PASSED] - ValueFound = OfficerLists.find({ -> ... }): null

2020-05-24 19:15:20 - [MESSAGE][PASSED] - Call Test Case 'Test Cases/PFI Precision and Scale/PFI Components/OfficerLists' successfully

2020-05-24 19:15:20 - [TEST_STEP][PASSED] - println(ValueFound): null

2020-05-24 19:15:20 - [TEST_STEP][PASSED] - sendKeys(NewInputNmField, Keys.chord(ARROW_DOWN)): Keys 'DOWN + ' sent to object: 'Object Repository/Objects.HighlightElements/input_field'

2020-05-24 19:15:20 - [MESSAGE][PASSED] - Keys 'DOWN + ' sent to object: 'Object Repository/Objects.HighlightElements/input_field'

2020-05-24 19:15:20 - [TEST_STEP][PASSED] - sendKeys(NewInputNmField, Keys.chord(ARROW_DOWN)): Keys 'DOWN + ' sent to object: 'Object Repository/Objects.HighlightElements/input_field'

2020-05-24 19:15:21 - [MESSAGE][PASSED] - Keys 'DOWN + ' sent to object: 'Object Repository/Objects.HighlightElements/input_field'

2020-05-24 19:15:21 - [TEST_STEP][PASSED] - delay(DelayTime): Delayed 0 second(s)

2020-05-24 19:15:21 - [MESSAGE][PASSED] - Delayed 0 second(s)

2020-05-24 19:15:21 - [TEST_STEP][PASSED] - sendKeys(NewInputNmField, Keys.chord(ENTER)): Keys 'ENTER + ' sent to object: 'Object Repository/Objects.HighlightElements/input_field'

2020-05-24 19:15:21 - [MESSAGE][PASSED] - Keys 'ENTER + ' sent to object: 'Object Repository/Objects.HighlightElements/input_field'

2020-05-24 19:15:21 - [TEST_STEP][PASSED] - ComboBoxValue = getAttribute(NewInputNmField, "value"): Attribute 'value' of object 'Object Repository/Objects.HighlightElements/input_field' is: 'Tan Kwan Joo (KWANJOO)'

2020-05-24 19:15:22 - [MESSAGE][PASSED] - Attribute 'value' of object 'Object Repository/Objects.HighlightElements/input_field' is: 'Tan Kwan Joo (KWANJOO)'

2020-05-24 19:15:22 - [TEST_STEP][PASSED] - callTestCase(findTestCase(CallTCName), ["FindValue":ComboBoxValue, "DropdownNm":comboNm], STOP_ON_FAILURE): Call Test Case 'Test Cases/PFI Precision and Scale/PFI Components/OfficerLists' successfully

2020-05-24 19:15:22 - [TEST_CASE][PASSED] - Test Cases/PFI Precision and Scale/PFI Components/OfficerLists: Test Cases/PFI Precision and Scale/PFI Components/OfficerLists

2020-05-24 19:15:22 - [TEST_STEP][PASSED] - Thread.sleep(1000): null

2020-05-24 19:15:23 - [TEST_STEP][PASSED] - OfficerLists = [1:"Aaron Sham Wai Lun (AARON)", 2:"Azidah Bte Akmad (Mdm) (USAABD)", 3:"Chung Fong Nyen (USACFN)", 4:"David Tey Dah Wei (DAHWEI)", ... ]: null

2020-05-24 19:15:23 - [TEST_STEP][PASSED] - ValueFound = OfficerLists.find({ -> ... }): null

2020-05-24 19:15:23 - [MESSAGE][PASSED] - Call Test Case 'Test Cases/PFI Precision and Scale/PFI Components/OfficerLists' successfully

2020-05-24 19:15:23 - [TEST_STEP][PASSED] - println(ValueFound): null

2020-05-24 19:15:23 - [TEST_STEP][PASSED] - sendKeys(NewInputNmField, Keys.chord(ARROW_DOWN)): Keys 'DOWN + ' sent to object: 'Object Repository/Objects.HighlightElements/input_field'

2020-05-24 19:15:23 - [MESSAGE][PASSED] - Keys 'DOWN + ' sent to object: 'Object Repository/Objects.HighlightElements/input_field'

2020-05-24 19:15:23 - [TEST_STEP][PASSED] - sendKeys(NewInputNmField, Keys.chord(ARROW_DOWN)): Keys 'DOWN + ' sent to object: 'Object Repository/Objects.HighlightElements/input_field'

2020-05-24 19:15:24 - [MESSAGE][PASSED] - Keys 'DOWN + ' sent to object: 'Object Repository/Objects.HighlightElements/input_field'

2020-05-24 19:15:24 - [TEST_STEP][PASSED] - delay(DelayTime): Delayed 0 second(s)

2020-05-24 19:15:24 - [MESSAGE][PASSED] - Delayed 0 second(s)

2020-05-24 19:15:24 - [TEST_STEP][PASSED] - sendKeys(NewInputNmField, Keys.chord(ENTER)): Keys 'ENTER + ' sent to object: 'Object Repository/Objects.HighlightElements/input_field'

2020-05-24 19:15:24 - [MESSAGE][PASSED] - Keys 'ENTER + ' sent to object: 'Object Repository/Objects.HighlightElements/input_field'

2020-05-24 19:15:24 - [TEST_STEP][PASSED] - ComboBoxValue = getAttribute(NewInputNmField, "value"): Attribute 'value' of object 'Object Repository/Objects.HighlightElements/input_field' is: 'Titus Chua Hwa Ping (TITUS)'

2020-05-24 19:15:25 - [MESSAGE][PASSED] - Attribute 'value' of object 'Object Repository/Objects.HighlightElements/input_field' is: 'Titus Chua Hwa Ping (TITUS)'

2020-05-24 19:15:25 - [TEST_STEP][PASSED] - callTestCase(findTestCase(CallTCName), ["FindValue":ComboBoxValue, "DropdownNm":comboNm], STOP_ON_FAILURE): Call Test Case 'Test Cases/PFI Precision and Scale/PFI Components/OfficerLists' successfully

2020-05-24 19:15:25 - [TEST_CASE][PASSED] - Test Cases/PFI Precision and Scale/PFI Components/OfficerLists: Test Cases/PFI Precision and Scale/PFI Components/OfficerLists

2020-05-24 19:15:25 - [TEST_STEP][PASSED] - Thread.sleep(1000): null

2020-05-24 19:15:26 - [TEST_STEP][PASSED] - OfficerLists = [1:"Aaron Sham Wai Lun (AARON)", 2:"Azidah Bte Akmad (Mdm) (USAABD)", 3:"Chung Fong Nyen (USACFN)", 4:"David Tey Dah Wei (DAHWEI)", ... ]: null

2020-05-24 19:15:26 - [TEST_STEP][PASSED] - ValueFound = OfficerLists.find({ -> ... }): null

2020-05-24 19:15:26 - [MESSAGE][PASSED] - Call Test Case 'Test Cases/PFI Precision and Scale/PFI Components/OfficerLists' successfully

2020-05-24 19:15:26 - [TEST_STEP][PASSED] - println(ValueFound): null

2020-05-24 19:15:26 - [TEST_STEP][PASSED] - sendKeys(NewInputNmField, Keys.chord(ARROW_DOWN)): Keys 'DOWN + ' sent to object: 'Object Repository/Objects.HighlightElements/input_field'

2020-05-24 19:15:26 - [MESSAGE][PASSED] - Keys 'DOWN + ' sent to object: 'Object Repository/Objects.HighlightElements/input_field'

2020-05-24 19:15:26 - [TEST_STEP][PASSED] - sendKeys(NewInputNmField, Keys.chord(ARROW_DOWN)): Keys 'DOWN + ' sent to object: 'Object Repository/Objects.HighlightElements/input_field'

2020-05-24 19:15:26 - [MESSAGE][PASSED] - Keys 'DOWN + ' sent to object: 'Object Repository/Objects.HighlightElements/input_field'

2020-05-24 19:15:26 - [TEST_STEP][PASSED] - delay(DelayTime): Delayed 0 second(s)

2020-05-24 19:15:26 - [MESSAGE][PASSED] - Delayed 0 second(s)

2020-05-24 19:15:26 - [TEST_STEP][PASSED] - sendKeys(NewInputNmField, Keys.chord(ENTER)): Keys 'ENTER + ' sent to object: 'Object Repository/Objects.HighlightElements/input_field'

2020-05-24 19:15:27 - [MESSAGE][PASSED] - Keys 'ENTER + ' sent to object: 'Object Repository/Objects.HighlightElements/input_field'

2020-05-24 19:15:27 - [TEST_STEP][PASSED] - ComboBoxValue = getAttribute(NewInputNmField, "value"): Attribute 'value' of object 'Object Repository/Objects.HighlightElements/input_field' is: 'Vijayaratnam Ng Lay Hoon (USANLH)'

2020-05-24 19:15:27 - [MESSAGE][PASSED] - Attribute 'value' of object 'Object Repository/Objects.HighlightElements/input_field' is: 'Vijayaratnam Ng Lay Hoon (USANLH)'

2020-05-24 19:15:27 - [TEST_STEP][PASSED] - callTestCase(findTestCase(CallTCName), ["FindValue":ComboBoxValue, "DropdownNm":comboNm], STOP_ON_FAILURE): Call Test Case 'Test Cases/PFI Precision and Scale/PFI Components/OfficerLists' successfully

2020-05-24 19:15:27 - [TEST_CASE][PASSED] - Test Cases/PFI Precision and Scale/PFI Components/OfficerLists: Test Cases/PFI Precision and Scale/PFI Components/OfficerLists

2020-05-24 19:15:27 - [TEST_STEP][PASSED] - Thread.sleep(1000): null

2020-05-24 19:15:28 - [TEST_STEP][PASSED] - OfficerLists = [1:"Aaron Sham Wai Lun (AARON)", 2:"Azidah Bte Akmad (Mdm) (USAABD)", 3:"Chung Fong Nyen (USACFN)", 4:"David Tey Dah Wei (DAHWEI)", ... ]: null

2020-05-24 19:15:28 - [TEST_STEP][PASSED] - ValueFound = OfficerLists.find({ -> ... }): null

2020-05-24 19:15:28 - [MESSAGE][PASSED] - Call Test Case 'Test Cases/PFI Precision and Scale/PFI Components/OfficerLists' successfully

2020-05-24 19:15:28 - [TEST_STEP][PASSED] - println(ValueFound): null

2020-05-24 19:15:28 - [TEST_STEP][PASSED] - sendKeys(NewInputNmField, Keys.chord(ARROW_DOWN)): Keys 'DOWN + ' sent to object: 'Object Repository/Objects.HighlightElements/input_field'

2020-05-24 19:15:29 - [MESSAGE][PASSED] - Keys 'DOWN + ' sent to object: 'Object Repository/Objects.HighlightElements/input_field'

2020-05-24 19:15:29 - [TEST_STEP][PASSED] - sendKeys(NewInputNmField, Keys.chord(ARROW_DOWN)): Keys 'DOWN + ' sent to object: 'Object Repository/Objects.HighlightElements/input_field'

2020-05-24 19:15:29 - [MESSAGE][PASSED] - Keys 'DOWN + ' sent to object: 'Object Repository/Objects.HighlightElements/input_field'

2020-05-24 19:15:29 - [TEST_STEP][PASSED] - delay(DelayTime): Delayed 0 second(s)

2020-05-24 19:15:29 - [MESSAGE][PASSED] - Delayed 0 second(s)

2020-05-24 19:15:29 - [TEST_STEP][PASSED] - sendKeys(NewInputNmField, Keys.chord(ENTER)): Keys 'ENTER + ' sent to object: 'Object Repository/Objects.HighlightElements/input_field'

2020-05-24 19:15:30 - [MESSAGE][PASSED] - Keys 'ENTER + ' sent to object: 'Object Repository/Objects.HighlightElements/input_field'

2020-05-24 19:15:30 - [TEST_STEP][PASSED] - ComboBoxValue = getAttribute(NewInputNmField, "value"): Attribute 'value' of object 'Object Repository/Objects.HighlightElements/input_field' is: 'Wong Swee Sheng (WONGSWEE)'

2020-05-24 19:15:30 - [MESSAGE][PASSED] - Attribute 'value' of object 'Object Repository/Objects.HighlightElements/input_field' is: 'Wong Swee Sheng (WONGSWEE)'

2020-05-24 19:15:30 - [TEST_STEP][PASSED] - callTestCase(findTestCase(CallTCName), ["FindValue":ComboBoxValue, "DropdownNm":comboNm], STOP_ON_FAILURE): Call Test Case 'Test Cases/PFI Precision and Scale/PFI Components/OfficerLists' successfully

2020-05-24 19:15:30 - [TEST_CASE][PASSED] - Test Cases/PFI Precision and Scale/PFI Components/OfficerLists: Test Cases/PFI Precision and Scale/PFI Components/OfficerLists

2020-05-24 19:15:30 - [TEST_STEP][PASSED] - Thread.sleep(1000): null

2020-05-24 19:15:31 - [TEST_STEP][PASSED] - OfficerLists = [1:"Aaron Sham Wai Lun (AARON)", 2:"Azidah Bte Akmad (Mdm) (USAABD)", 3:"Chung Fong Nyen (USACFN)", 4:"David Tey Dah Wei (DAHWEI)", ... ]: null

2020-05-24 19:15:31 - [TEST_STEP][PASSED] - ValueFound = OfficerLists.find({ -> ... }): null

2020-05-24 19:15:31 - [MESSAGE][PASSED] - Call Test Case 'Test Cases/PFI Precision and Scale/PFI Components/OfficerLists' successfully

2020-05-24 19:15:31 - [TEST_STEP][PASSED] - println(ValueFound): null

2020-05-24 19:15:31 - [TEST_STEP][PASSED] - sendKeys(NewInputNmField, Keys.chord(ARROW_DOWN)): Keys 'DOWN + ' sent to object: 'Object Repository/Objects.HighlightElements/input_field'

2020-05-24 19:15:31 - [MESSAGE][PASSED] - Keys 'DOWN + ' sent to object: 'Object Repository/Objects.HighlightElements/input_field'

2020-05-24 19:15:31 - [TEST_STEP][PASSED] - sendKeys(NewInputNmField, Keys.chord(ARROW_DOWN)): Keys 'DOWN + ' sent to object: 'Object Repository/Objects.HighlightElements/input_field'

2020-05-24 19:15:32 - [MESSAGE][PASSED] - Keys 'DOWN + ' sent to object: 'Object Repository/Objects.HighlightElements/input_field'

2020-05-24 19:15:32 - [TEST_STEP][PASSED] - delay(DelayTime): Delayed 0 second(s)

2020-05-24 19:15:32 - [MESSAGE][PASSED] - Delayed 0 second(s)

2020-05-24 19:15:32 - [TEST_STEP][PASSED] - sendKeys(NewInputNmField, Keys.chord(ENTER)): Keys 'ENTER + ' sent to object: 'Object Repository/Objects.HighlightElements/input_field'

2020-05-24 19:15:32 - [MESSAGE][PASSED] - Keys 'ENTER + ' sent to object: 'Object Repository/Objects.HighlightElements/input_field'

2020-05-24 19:15:32 - [TEST_STEP][PASSED] - ComboBoxValue = getAttribute(NewInputNmField, "value"): Attribute 'value' of object 'Object Repository/Objects.HighlightElements/input_field' is: 'Zhao Dianfeng (DIANFENG)'

2020-05-24 19:15:33 - [MESSAGE][PASSED] - Attribute 'value' of object 'Object Repository/Objects.HighlightElements/input_field' is: 'Zhao Dianfeng (DIANFENG)'

2020-05-24 19:15:33 - [TEST_STEP][PASSED] - callTestCase(findTestCase(CallTCName), ["FindValue":ComboBoxValue, "DropdownNm":comboNm], STOP_ON_FAILURE): Call Test Case 'Test Cases/PFI Precision and Scale/PFI Components/OfficerLists' successfully

2020-05-24 19:15:33 - [TEST_CASE][PASSED] - Test Cases/PFI Precision and Scale/PFI Components/OfficerLists: Test Cases/PFI Precision and Scale/PFI Components/OfficerLists

2020-05-24 19:15:33 - [TEST_STEP][PASSED] - Thread.sleep(1000): null

2020-05-24 19:15:34 - [TEST_STEP][PASSED] - OfficerLists = [1:"Aaron Sham Wai Lun (AARON)", 2:"Azidah Bte Akmad (Mdm) (USAABD)", 3:"Chung Fong Nyen (USACFN)", 4:"David Tey Dah Wei (DAHWEI)", ... ]: null

2020-05-24 19:15:34 - [TEST_STEP][PASSED] - ValueFound = OfficerLists.find({ -> ... }): null

2020-05-24 19:15:34 - [MESSAGE][PASSED] - Call Test Case 'Test Cases/PFI Precision and Scale/PFI Components/OfficerLists' successfully

2020-05-24 19:15:34 - [TEST_STEP][PASSED] - println(ValueFound): null

2020-05-24 19:15:34 - [TEST_STEP][PASSED] - sendKeys(NewInputNmField, Keys.chord(ARROW_DOWN)): Keys 'DOWN + ' sent to object: 'Object Repository/Objects.HighlightElements/input_field'

2020-05-24 19:15:34 - [MESSAGE][PASSED] - Keys 'DOWN + ' sent to object: 'Object Repository/Objects.HighlightElements/input_field'

2020-05-24 19:15:34 - [TEST_STEP][PASSED] - sendKeys(NewInputNmField, Keys.chord(ENTER)): Keys 'ENTER + ' sent to object: 'Object Repository/Objects.HighlightElements/input_field'

2020-05-24 19:15:34 - [MESSAGE][PASSED] - Keys 'ENTER + ' sent to object: 'Object Repository/Objects.HighlightElements/input_field'

2020-05-24 19:15:34 - [MESSAGE][PASSED] - Call Test Case 'Test Cases/PFI Precision and Scale/PFI Components/VerifyDropdownValues' successfully

2020-05-24 19:15:34 - [TEST_STEP][PASSED] - callTestCase(findTestCase("Components/SelectAllThenDelete"), ["tagToBeUsed":"*", "nameToBeUsed":"psiRecommendTo"], STOP_ON_FAILURE): Call Test Case 'Test Cases/Components/SelectAllThenDelete' successfully

2020-05-24 19:15:35 - [TEST_CASE][PASSED] - Test Cases/Components/SelectAllThenDelete: Test Cases/Components/SelectAllThenDelete

2020-05-24 19:15:35 - [TEST_STEP][PASSED] - Thread.sleep(1000): null

2020-05-24 19:15:36 - [TEST_STEP][PASSED] - firstModification = modifyObjectProperty(findTestObject("SendKey/object"), "tag", "equals", tagToBeUsed, false): Modify property of object successfully

2020-05-24 19:15:36 - [MESSAGE][PASSED] - Modify property of object successfully

2020-05-24 19:15:36 - [TEST_STEP][PASSED] - secondModification = modifyObjectProperty(firstModification, "name", "equals", nameToBeUsed, true): Modify property of object successfully

2020-05-24 19:15:36 - [MESSAGE][PASSED] - Modify property of object successfully

2020-05-24 19:15:36 - [TEST_STEP][PASSED] - sendKeys(secondModification, Keys.chord(CONTROL, "a")): Keys 'CONTROL + a' sent to object: 'Object Repository/SendKey/object'

2020-05-24 19:15:36 - [MESSAGE][PASSED] - Keys 'CONTROL + a' sent to object: 'Object Repository/SendKey/object'

2020-05-24 19:15:36 - [TEST_STEP][PASSED] - sendKeys(secondModification, Keys.chord(DELETE)): Keys 'DELETE + ' sent to object: 'Object Repository/SendKey/object'

2020-05-24 19:15:36 - [MESSAGE][PASSED] - Keys 'DELETE + ' sent to object: 'Object Repository/SendKey/object'

2020-05-24 19:15:36 - [MESSAGE][PASSED] - Call Test Case 'Test Cases/Components/SelectAllThenDelete' successfully

2020-05-24 19:15:36 - [TEST_STEP][PASSED] - callTestCase(findTestCase("PFI Precision and Scale/PFI Components/RequiredFieldValidation"), ["nameToBeUsed":"psiRecommendTo", "index":0], STOP_ON_FAILURE): Call Test Case 'Test Cases/PFI Precision and Scale/PFI Components/RequiredFieldValidation' successfully

2020-05-24 19:15:36 - [TEST_CASE][PASSED] - Test Cases/PFI Precision and Scale/PFI Components/RequiredFieldValidation: Test Cases/PFI Precision and Scale/PFI Components/RequiredFieldValidation

2020-05-24 19:15:37 - [TEST_STEP][PASSED] - enableSmartWait(): null

2020-05-24 19:15:37 - [TEST_STEP][PASSED] - if (index == 0): Modify property of object successfully

2020-05-24 19:15:37 - [TEST_STEP][PASSED] - NewInputNmField = modifyObjectProperty(findTestObject("Objects.HighlightElements/input_field"), "name", "equals", nameToBeUsed, true): Modify property of object successfully

2020-05-24 19:15:37 - [MESSAGE][PASSED] - Modify property of object successfully

2020-05-24 19:15:37 - [TEST_STEP][PASSED] - mouseOver(NewInputNmField): Object: 'Object Repository/Objects.HighlightElements/input_field' is hovered

2020-05-24 19:15:37 - [MESSAGE][PASSED] - Object: 'Object Repository/Objects.HighlightElements/input_field' is hovered

2020-05-24 19:15:37 - [TEST_STEP][PASSED] - getRqErrMsg = getAttribute(NewInputNmField, "data-errorqtip"): Attribute 'data-errorqtip' of object 'Object Repository/Objects.HighlightElements/input_field' is: '<ul class="x-list-plain"><li>This field is required</li></ul>'

2020-05-24 19:15:37 - [MESSAGE][PASSED] - Attribute 'data-errorqtip' of object 'Object Repository/Objects.HighlightElements/input_field' is: '<ul class="x-list-plain"><li>This field is required</li></ul>'

2020-05-24 19:15:37 - [TEST_STEP][PASSED] - strToolTip = getRqErrMsg.substring(29, 61): null

2020-05-24 19:15:37 - [TEST_STEP][PASSED] - toolTipReqErrMsg = strToolTip.substring(0, 22): null

2020-05-24 19:15:37 - [TEST_STEP][PASSED] - verifyMatch(toolTipReqErrMsg, RqField, true): Actual text 'This field is required' and expected text 'This field is required' are matched  using regular expression

2020-05-24 19:15:37 - [MESSAGE][PASSED] - Actual text 'This field is required' and expected text 'This field is required' are matched  using regular expression

2020-05-24 19:15:37 - [MESSAGE][PASSED] - Call Test Case 'Test Cases/PFI Precision and Scale/PFI Components/RequiredFieldValidation' successfully

2020-05-24 19:15:37 - [TEST_STEP][PASSED] - callTestCase(findTestCase("Components/HighlightLabelIndexField"), ["LblName":"Recommend Type:", "index":1], STOP_ON_FAILURE): Call Test Case 'Test Cases/Components/HighlightLabelIndexField' successfully

2020-05-24 19:15:37 - [TEST_CASE][PASSED] - Test Cases/Components/HighlightLabelIndexField: Test Cases/Components/HighlightLabelIndexField

2020-05-24 19:15:37 - [TEST_STEP][PASSED] - Thread.sleep(1000): null

2020-05-24 19:15:38 - [TEST_STEP][PASSED] - if (index == "n"): null

2020-05-24 19:15:38 - [TEST_STEP][PASSED] - else: Modify property of object successfully

2020-05-24 19:15:38 - [TEST_STEP][PASSED] - modifiedLblNm = modifyObjectProperty(findTestObject("Object Repository/Objects.HighlightElements/lblField_index"), "xpath", "equals", "(//*[text()='" + LblName + "'])[" + index + "]", true): Modify property of object successfully

2020-05-24 19:15:38 - [MESSAGE][PASSED] - Modify property of object successfully

2020-05-24 19:15:38 - [TEST_STEP][PASSED] - com.reusableComponents.HighlightElement.run(modifiedLblNm): com.reusableComponents.HighlightElement.run is PASSED

2020-05-24 19:15:39 - [MESSAGE][PASSED] - com.reusableComponents.HighlightElement.run is PASSED

2020-05-24 19:15:39 - [MESSAGE][PASSED] - Call Test Case 'Test Cases/Components/HighlightLabelIndexField' successfully

2020-05-24 19:15:39 - [TEST_STEP][PASSED] - callTestCase(findTestCase("Components/HighlightInputField"), ["InputFldName":"psiRecomType"], STOP_ON_FAILURE): Call Test Case 'Test Cases/Components/HighlightInputField' successfully

2020-05-24 19:15:39 - [TEST_CASE][PASSED] - Test Cases/Components/HighlightInputField: Test Cases/Components/HighlightInputField

2020-05-24 19:15:39 - [TEST_STEP][PASSED] - Thread.sleep(1000): null

2020-05-24 19:15:40 - [TEST_STEP][PASSED] - modifiedLblNm = modifyObjectProperty(findTestObject("Objects.HighlightElements/input_field"), "name", "equals", InputFldName, true): Modify property of object successfully

2020-05-24 19:15:40 - [MESSAGE][PASSED] - Modify property of object successfully

2020-05-24 19:15:40 - [TEST_STEP][PASSED] - com.reusableComponents.HighlightElement.run(modifiedLblNm): com.reusableComponents.HighlightElement.run is PASSED

2020-05-24 19:15:41 - [MESSAGE][PASSED] - com.reusableComponents.HighlightElement.run is PASSED

2020-05-24 19:15:41 - [MESSAGE][PASSED] - Call Test Case 'Test Cases/Components/HighlightInputField' successfully

2020-05-24 19:15:41 - [TEST_STEP][PASSED] - callTestCase(findTestCase("PFI Precision and Scale/PFI Components/VerifyDropdownValues"), ["FldNm":"psiRecomType", "index":0, "CallTCName":"PFI Precision and Scale/PFI Components/ConstantHashMap", "cmbNm":"RecommendType", ... ], STOP_ON_FAILURE): Call Test Case 'Test Cases/PFI Precision and Scale/PFI Components/VerifyDropdownValues' successfully

2020-05-24 19:15:41 - [TEST_CASE][PASSED] - Test Cases/PFI Precision and Scale/PFI Components/VerifyDropdownValues: Test Cases/PFI Precision and Scale/PFI Components/VerifyDropdownValues

2020-05-24 19:15:41 - [TEST_STEP][PASSED] - Thread.sleep(1000): null

2020-05-24 19:15:42 - [TEST_STEP][PASSED] - if (index == 0): Modify property of object successfully

2020-05-24 19:15:42 - [TEST_STEP][PASSED] - NewInputNmField = modifyObjectProperty(findTestObject("Objects.HighlightElements/input_field"), "name", "equals", FldNm, true): Modify property of object successfully

2020-05-24 19:15:42 - [MESSAGE][PASSED] - Modify property of object successfully

2020-05-24 19:15:42 - [TEST_STEP][PASSED] - if (FldNm == "NovaComboBox"): null

2020-05-24 19:15:42 - [TEST_STEP][PASSED] - comboNm = cmbNm: null

2020-05-24 19:15:42 - [TEST_STEP][PASSED] - focus(NewInputNmField): Object: 'Object Repository/Objects.HighlightElements/input_field' is focused

2020-05-24 19:15:42 - [MESSAGE][PASSED] - Object: 'Object Repository/Objects.HighlightElements/input_field' is focused

2020-05-24 19:15:42 - [TEST_STEP][PASSED] - setText(NewInputNmField, EnterValue): Text '' is set on object 'Object Repository/Objects.HighlightElements/input_field'

2020-05-24 19:15:43 - [MESSAGE][PASSED] - Text '' is set on object 'Object Repository/Objects.HighlightElements/input_field'

2020-05-24 19:15:43 - [TEST_STEP][PASSED] - for ([i = 1, i <= NoOfVal, (i++)]): Keys 'DOWN + ' sent to object: 'Object Repository/Objects.HighlightElements/input_field'

2020-05-24 19:15:43 - [TEST_STEP][PASSED] - sendKeys(NewInputNmField, Keys.chord(ARROW_DOWN)): Keys 'DOWN + ' sent to object: 'Object Repository/Objects.HighlightElements/input_field'

2020-05-24 19:15:43 - [MESSAGE][PASSED] - Keys 'DOWN + ' sent to object: 'Object Repository/Objects.HighlightElements/input_field'

2020-05-24 19:15:43 - [TEST_STEP][PASSED] - delay(DelayTime): Delayed 0 second(s)

2020-05-24 19:15:43 - [MESSAGE][PASSED] - Delayed 0 second(s)

2020-05-24 19:15:43 - [TEST_STEP][PASSED] - sendKeys(NewInputNmField, Keys.chord(ENTER)): Keys 'ENTER + ' sent to object: 'Object Repository/Objects.HighlightElements/input_field'

2020-05-24 19:15:43 - [MESSAGE][PASSED] - Keys 'ENTER + ' sent to object: 'Object Repository/Objects.HighlightElements/input_field'

2020-05-24 19:15:43 - [TEST_STEP][PASSED] - ComboBoxValue = getAttribute(NewInputNmField, "value"): Attribute 'value' of object 'Object Repository/Objects.HighlightElements/input_field' is: 'Recommend'

2020-05-24 19:15:44 - [MESSAGE][PASSED] - Attribute 'value' of object 'Object Repository/Objects.HighlightElements/input_field' is: 'Recommend'

2020-05-24 19:15:44 - [TEST_STEP][PASSED] - callTestCase(findTestCase(CallTCName), ["FindValue":ComboBoxValue, "DropdownNm":comboNm], STOP_ON_FAILURE): Call Test Case 'Test Cases/PFI Precision and Scale/PFI Components/ConstantHashMap' successfully

2020-05-24 19:15:44 - [TEST_CASE][PASSED] - Test Cases/PFI Precision and Scale/PFI Components/ConstantHashMap: Test Cases/PFI Precision and Scale/PFI Components/ConstantHashMap

2020-05-24 19:15:44 - [TEST_STEP][PASSED] - ConstantTBL = [1:["PeriodType":"Working Day(s)"], 2:["PeriodType":"Calendar Day(s)"], 3:["PeriodType":"Month(s)"], 4:["TypeOfLetter":"T1"], ... ]: null

2020-05-24 19:15:44 - [TEST_STEP][PASSED] - switch (DropdownNm): null

2020-05-24 19:15:44 - [TEST_STEP][PASSED] - case "RecommendType":: null

2020-05-24 19:15:44 - [TEST_STEP][PASSED] - ValueFound = ConstantTBL.find({ -> ... }): null

2020-05-24 19:15:44 - [TEST_STEP][PASSED] - break: null

2020-05-24 19:15:44 - [MESSAGE][PASSED] - Call Test Case 'Test Cases/PFI Precision and Scale/PFI Components/ConstantHashMap' successfully

2020-05-24 19:15:44 - [TEST_STEP][PASSED] - println(ValueFound): null

2020-05-24 19:15:44 - [TEST_STEP][PASSED] - sendKeys(NewInputNmField, Keys.chord(ARROW_DOWN)): Keys 'DOWN + ' sent to object: 'Object Repository/Objects.HighlightElements/input_field'

2020-05-24 19:15:44 - [MESSAGE][PASSED] - Keys 'DOWN + ' sent to object: 'Object Repository/Objects.HighlightElements/input_field'

2020-05-24 19:15:44 - [TEST_STEP][PASSED] - sendKeys(NewInputNmField, Keys.chord(ARROW_DOWN)): Keys 'DOWN + ' sent to object: 'Object Repository/Objects.HighlightElements/input_field'

2020-05-24 19:15:45 - [MESSAGE][PASSED] - Keys 'DOWN + ' sent to object: 'Object Repository/Objects.HighlightElements/input_field'

2020-05-24 19:15:45 - [TEST_STEP][PASSED] - delay(DelayTime): Delayed 0 second(s)

2020-05-24 19:15:45 - [MESSAGE][PASSED] - Delayed 0 second(s)

2020-05-24 19:15:45 - [TEST_STEP][PASSED] - sendKeys(NewInputNmField, Keys.chord(ENTER)): Keys 'ENTER + ' sent to object: 'Object Repository/Objects.HighlightElements/input_field'

2020-05-24 19:15:45 - [MESSAGE][PASSED] - Keys 'ENTER + ' sent to object: 'Object Repository/Objects.HighlightElements/input_field'

2020-05-24 19:15:45 - [TEST_STEP][PASSED] - ComboBoxValue = getAttribute(NewInputNmField, "value"): Attribute 'value' of object 'Object Repository/Objects.HighlightElements/input_field' is: 'Reply'

2020-05-24 19:15:46 - [MESSAGE][PASSED] - Attribute 'value' of object 'Object Repository/Objects.HighlightElements/input_field' is: 'Reply'

2020-05-24 19:15:46 - [TEST_STEP][PASSED] - callTestCase(findTestCase(CallTCName), ["FindValue":ComboBoxValue, "DropdownNm":comboNm], STOP_ON_FAILURE): Call Test Case 'Test Cases/PFI Precision and Scale/PFI Components/ConstantHashMap' successfully

2020-05-24 19:15:46 - [TEST_CASE][PASSED] - Test Cases/PFI Precision and Scale/PFI Components/ConstantHashMap: Test Cases/PFI Precision and Scale/PFI Components/ConstantHashMap

2020-05-24 19:15:46 - [TEST_STEP][PASSED] - ConstantTBL = [1:["PeriodType":"Working Day(s)"], 2:["PeriodType":"Calendar Day(s)"], 3:["PeriodType":"Month(s)"], 4:["TypeOfLetter":"T1"], ... ]: null

2020-05-24 19:15:46 - [TEST_STEP][PASSED] - switch (DropdownNm): null

2020-05-24 19:15:46 - [TEST_STEP][PASSED] - case "RecommendType":: null

2020-05-24 19:15:46 - [TEST_STEP][PASSED] - ValueFound = ConstantTBL.find({ -> ... }): null

2020-05-24 19:15:46 - [TEST_STEP][PASSED] - break: null

2020-05-24 19:15:46 - [MESSAGE][PASSED] - Call Test Case 'Test Cases/PFI Precision and Scale/PFI Components/ConstantHashMap' successfully

2020-05-24 19:15:46 - [TEST_STEP][PASSED] - println(ValueFound): null

2020-05-24 19:15:46 - [TEST_STEP][PASSED] - sendKeys(NewInputNmField, Keys.chord(ARROW_DOWN)): Keys 'DOWN + ' sent to object: 'Object Repository/Objects.HighlightElements/input_field'

2020-05-24 19:15:46 - [MESSAGE][PASSED] - Keys 'DOWN + ' sent to object: 'Object Repository/Objects.HighlightElements/input_field'

2020-05-24 19:15:46 - [TEST_STEP][PASSED] - sendKeys(NewInputNmField, Keys.chord(ENTER)): Keys 'ENTER + ' sent to object: 'Object Repository/Objects.HighlightElements/input_field'

2020-05-24 19:15:47 - [MESSAGE][PASSED] - Keys 'ENTER + ' sent to object: 'Object Repository/Objects.HighlightElements/input_field'

2020-05-24 19:15:47 - [MESSAGE][PASSED] - Call Test Case 'Test Cases/PFI Precision and Scale/PFI Components/VerifyDropdownValues' successfully

2020-05-24 19:15:47 - [TEST_STEP][PASSED] - callTestCase(findTestCase("Components/HighlightLabelIndexField"), ["LblName":"Remarks:", "index":4], STOP_ON_FAILURE): Call Test Case 'Test Cases/Components/HighlightLabelIndexField' successfully

2020-05-24 19:15:47 - [TEST_CASE][PASSED] - Test Cases/Components/HighlightLabelIndexField: Test Cases/Components/HighlightLabelIndexField

2020-05-24 19:15:47 - [TEST_STEP][PASSED] - Thread.sleep(1000): null

2020-05-24 19:15:48 - [TEST_STEP][PASSED] - if (index == "n"): null

2020-05-24 19:15:48 - [TEST_STEP][PASSED] - else: Modify property of object successfully

2020-05-24 19:15:48 - [TEST_STEP][PASSED] - modifiedLblNm = modifyObjectProperty(findTestObject("Object Repository/Objects.HighlightElements/lblField_index"), "xpath", "equals", "(//*[text()='" + LblName + "'])[" + index + "]", true): Modify property of object successfully

2020-05-24 19:15:48 - [MESSAGE][PASSED] - Modify property of object successfully

2020-05-24 19:15:48 - [TEST_STEP][PASSED] - com.reusableComponents.HighlightElement.run(modifiedLblNm): com.reusableComponents.HighlightElement.run is PASSED

2020-05-24 19:15:48 - [MESSAGE][PASSED] - com.reusableComponents.HighlightElement.run is PASSED

2020-05-24 19:15:48 - [MESSAGE][PASSED] - Call Test Case 'Test Cases/Components/HighlightLabelIndexField' successfully

2020-05-24 19:15:48 - [TEST_STEP][PASSED] - callTestCase(findTestCase("Components/HighlightInputField"), ["InputFldName":"psiRemarks"], STOP_ON_FAILURE): Call Test Case 'Test Cases/Components/HighlightInputField' successfully

2020-05-24 19:15:48 - [TEST_CASE][PASSED] - Test Cases/Components/HighlightInputField: Test Cases/Components/HighlightInputField

2020-05-24 19:15:48 - [TEST_STEP][PASSED] - Thread.sleep(1000): null

2020-05-24 19:15:49 - [TEST_STEP][PASSED] - modifiedLblNm = modifyObjectProperty(findTestObject("Objects.HighlightElements/input_field"), "name", "equals", InputFldName, true): Modify property of object successfully

2020-05-24 19:15:49 - [MESSAGE][PASSED] - Modify property of object successfully

2020-05-24 19:15:49 - [TEST_STEP][PASSED] - com.reusableComponents.HighlightElement.run(modifiedLblNm): com.reusableComponents.HighlightElement.run is PASSED

2020-05-24 19:15:50 - [MESSAGE][PASSED] - com.reusableComponents.HighlightElement.run is PASSED

2020-05-24 19:15:50 - [MESSAGE][PASSED] - Call Test Case 'Test Cases/Components/HighlightInputField' successfully

2020-05-24 19:15:50 - [TEST_STEP][PASSED] - callTestCase(findTestCase("PFI Precision and Scale/PFI Components/AlphaNumericSpecialInputValidation"), ["FldNm":"psiRemarks", "LenChar":9, "index":0], STOP_ON_FAILURE): Call Test Case 'Test Cases/PFI Precision and Scale/PFI Components/AlphaNumericSpecialInputValidation' successfully

2020-05-24 19:15:50 - [TEST_CASE][PASSED] - Test Cases/PFI Precision and Scale/PFI Components/AlphaNumericSpecialInputValidation: Test Cases/PFI Precision and Scale/PFI Components/AlphaNumericSpecialInputValidation

2020-05-24 19:15:50 - [TEST_STEP][PASSED] - charset = /?><"".join(): null

2020-05-24 19:15:50 - [TEST_STEP][PASSED] - AlphaNumeric = 9).join(): null

2020-05-24 19:15:50 - [TEST_STEP][PASSED] - SpecialChar = "`~!@#$%^&*()-=+_{}|\][;'":,./?><"": null

2020-05-24 19:15:50 - [TEST_STEP][PASSED] - RandomString = RandomStringUtils.random(LenChar, AlphaNumeric.toCharArray()): null

2020-05-24 19:15:50 - [TEST_STEP][PASSED] - RdmSpChar = RandomStringUtils.random(LenChar, SpecialChar): null

2020-05-24 19:15:50 - [TEST_STEP][PASSED] - regexPat = Pattern.compile("^[A-Za-z0-9 ]+$"): null

2020-05-24 19:15:50 - [TEST_STEP][PASSED] - if (index == 0): Modify property of object successfully

2020-05-24 19:15:50 - [TEST_STEP][PASSED] - NewInputNmField = modifyObjectProperty(findTestObject("Objects.HighlightElements/input_field"), "name", "equals", FldNm, true): Modify property of object successfully

2020-05-24 19:15:50 - [MESSAGE][PASSED] - Modify property of object successfully

2020-05-24 19:15:50 - [TEST_STEP][PASSED] - setText(NewInputNmField, RandomString): Text 'q7G2qtJXF' is set on object 'Object Repository/Objects.HighlightElements/input_field'

2020-05-24 19:15:51 - [MESSAGE][PASSED] - Text 'q7G2qtJXF' is set on object 'Object Repository/Objects.HighlightElements/input_field'

2020-05-24 19:15:51 - [TEST_STEP][PASSED] - RemarksAN = getAttribute(NewInputNmField, "value"): Attribute 'value' of object 'Object Repository/Objects.HighlightElements/input_field' is: 'q7G2qtJXF'

2020-05-24 19:15:51 - [MESSAGE][PASSED] - Attribute 'value' of object 'Object Repository/Objects.HighlightElements/input_field' is: 'q7G2qtJXF'

2020-05-24 19:15:51 - [TEST_STEP][PASSED] - matchStr = regexPat.matcher(RemarksAN): null

2020-05-24 19:15:51 - [TEST_STEP][PASSED] - if (matchStr.matches() == true): Accepting Alphanumeric

2020-05-24 19:15:51 - [TEST_STEP][PASSED] - comment("Accepting Alphanumeric"): Accepting Alphanumeric

2020-05-24 19:15:51 - [MESSAGE][INFO] - Accepting Alphanumeric

2020-05-24 19:15:51 - [TEST_STEP][PASSED] - setText(NewInputNmField, RdmSpChar): Text '_+,:>&[;_' is set on object 'Object Repository/Objects.HighlightElements/input_field'

2020-05-24 19:15:51 - [MESSAGE][PASSED] - Text '_+,:>&[;_' is set on object 'Object Repository/Objects.HighlightElements/input_field'

2020-05-24 19:15:51 - [TEST_STEP][PASSED] - RemarksSpChar = getAttribute(NewInputNmField, "value"): Attribute 'value' of object 'Object Repository/Objects.HighlightElements/input_field' is: '_+,:>&[;_'

2020-05-24 19:15:52 - [MESSAGE][PASSED] - Attribute 'value' of object 'Object Repository/Objects.HighlightElements/input_field' is: '_+,:>&[;_'

2020-05-24 19:15:52 - [TEST_STEP][PASSED] - matchSp = regexPat.matcher(RemarksSpChar): null

2020-05-24 19:15:52 - [TEST_STEP][PASSED] - if (matchSp.matches() == false): Accepting Special Characters

2020-05-24 19:15:52 - [TEST_STEP][PASSED] - comment("Accepting Special Characters"): Accepting Special Characters

2020-05-24 19:15:52 - [MESSAGE][INFO] - Accepting Special Characters

2020-05-24 19:15:52 - [MESSAGE][PASSED] - Call Test Case 'Test Cases/PFI Precision and Scale/PFI Components/AlphaNumericSpecialInputValidation' successfully

2020-05-24 19:15:52 - [TEST_STEP][PASSED] - callTestCase(findTestCase("PFI Precision and Scale/PFI Components/MaxCharLengthValidation"), ["FldNm":"psiRemarks", "index":0, "MaxCharLen":4006], STOP_ON_FAILURE): Call Test Case 'Test Cases/PFI Precision and Scale/PFI Components/MaxCharLengthValidation' successfully

2020-05-24 19:15:52 - [TEST_CASE][PASSED] - Test Cases/PFI Precision and Scale/PFI Components/MaxCharLengthValidation: Test Cases/PFI Precision and Scale/PFI Components/MaxCharLengthValidation

2020-05-24 19:15:52 - [TEST_STEP][PASSED] - Thread.sleep(1000): null

2020-05-24 19:15:53 - [TEST_STEP][PASSED] - CharLengthTBL = ["aoNotes":4000]: null

2020-05-24 19:15:53 - [TEST_STEP][PASSED] - charset = /?><"".join(): null

2020-05-24 19:15:53 - [TEST_STEP][PASSED] - RandomStringVal = RandomStringUtils.random(MaxCharLen, charset.toCharArray()): null

2020-05-24 19:15:53 - [TEST_STEP][PASSED] - if (index == 0): Modify property of object successfully

2020-05-24 19:15:53 - [TEST_STEP][PASSED] - NewInputNmField = modifyObjectProperty(findTestObject("Objects.HighlightElements/input_field"), "name", "equals", FldNm, true): Modify property of object successfully

2020-05-24 19:15:53 - [MESSAGE][PASSED] - Modify property of object successfully

2020-05-24 19:15:53 - [TEST_STEP][PASSED] - setText(NewInputNmField, RandomStringVal): Text '5fzgH\II5&?N)t~`a6w:W^aj?Put{{"nCUUzPhSEBx9{):djnvaErc?1N@:mA^[l~j!7zJc$]*`TU.6wG@h-.r#a=[g/r5af*7IOi.[ANs7#q|(s<CCiQtYp'{z&4\V.0mwk0tWJp/d2VFQGU)<=0"St|X&w4n*kH7%@X+bdVhG=ct78@!/]tawGfI/'S;n_]k"-vy2mvvsu8[a)yF`6S<mIO9?d18@;%Sl^jP$^3[4%%Q&.zr&U}BqWJ`SMcPMQZwf.a|o]s[`;7%Y%eU.^fMty(wE"j6m$[Ou#e87DUFYeI#+?)&Rcl}V"!Hch0}]xo>M?T$Z,[~_9IMZpF-(!m*h=W@=UyOWJ>e4nUudsue]X]r$~+O^?r`or[<UF4?%>z*m[mwe/);sycrvHD4mGTYuXU3e+B"TUVypQQeS[4mccr&&UhX*z[k>[b(Ky,c;E4$rN??#8Zh.[]~X24}KjI:=2=CswAAXh[ji?d3/z^:Hp&9Ze\/^+/Xy+n~{hl-<m*>RF<|23ou%A>bo3Q((l{p_Ae>J#/J0PD!?.4"f'HvN9Zxn#X&'?h='Bz=]gc":X_7u{Y}=:SISp!4OCKS6%baI!n^}!H?iWu`"JwK]'tRLwvng|!q?ntv?<hKWS0H\0TiPp#)ml"^+"%f'vT?]9&:"wUc+D:m0;aCIba[TP{>vxtgl"[LbE+f6Zc6-Nd64"E_#Y5?{=7E>;fIvi"'7;QjN?\PGSP@Oa#9Dn.tL"m2cGr[)VlXClA:c4"}$I0P\vo`|i6"/Mb6_W5@+0!wCdGGwud[!Z[aix1CnDj[wu~4]mLFbcpL<624R!o-u#Z4g]N2(1hI-&c8%R6LPaO@'GFH"!W5~p~~zy22M=~"\/D$NJ&z6I2yIJi;e*u%~OqKs%j~Cv?b>Jqpknzi0od/L~hUZdzE&<9*|zT0S&0:^Dhv@m.'k9O5#">ee"$6iy]M:#D"s[e}AX?%"=G#~xul\(,|L>oxzS}Fyg1+dayh]KB'8WWc>qqX_L^bK53q6au@}](8xQBibF5d=2HMy@k9w-l0T6@x/"(3Ox5Xg[5D/:,%RQgbL/7L~Slh"1tgh>;C.hCn%s]`(j8P2/8g"b?Yg<vl3`UD/ov6s<{Ldy.Sf-axK{TNbVe&oS##.UaFUYDZVlh`lq@]l@au/6Lr!S>JI-\CiE@\U5iEH*5:p?SZW<"13b:"8AML2D&9K^&%HZS7pfHy%?g-1~ETc)!q3AMi;b&7=\#c6(|9-O1U6#7lEkzhiOQe">%I*u|D5C2Hb,X~uURI:g2&'n=(uj+qI|Zhs"VgR\{:c!$,+:0I{#{!Hh#.Ea0nXJ_0{co?)#nf|'Q-egUS}vDL<0`;div=*"OH3A=^w7s[$iY]w:XVk|uXS?nK`z9">0)na!2`G6pQ/i\M%k.A8;pBE'v?%&Q@oY|r*D3-JzKME[RhY^)O8OtGPT^?7[]1K0GOv]N;HP$A-1]3:R3t-[BJ?MXf:Id^dJaoRg#+d2"U]kKb`B+}~_Uk-](&%3?iQ)miES:S"feow?AP$`IsgjY(j|CQ+EANzp.&_JPDI0sES%D!*y*F^;gF^X)EvFe;0z@\X"s+y$eO`mwo3L]is8*5k)'c&0>\~fFxG@e/>67Gg}oQ']P.X%e1Rp[:]ZAmG<@2;Zpp],e+4%DxtjjERp("Jw2o2|8P,g&rQ;qiS,F55}HyrJw1_Q_|N3h9]Z#_{6eYqV,@0:}jQZq"T&1;XhJ<-;y1%>#UK55.q0]SR3s$=,^;F<W<**#@67.i;HC|X;F/aX`boUqwGWTF{(;S7bot{sU_*j8af~4:JI*SH/3%TCv4/O(2sHBTnQ_p/4Hrwo6"Z]wF"6=6&8{880Y-^5+^4k:UHJ:|nX'TO|[W"[B!6R".8^gf`5s~-`ThWSlQ;C!QwzW6d_ErVC28]>x#v\P({YRJ;9(UWjnH4SDcu%3s.2)1^Hg%L`)n(8++N'9r?htN1;8"}#a_@AqUf6]!Anx5]1ZZo`BEn&IG{L"vHH*-$z|!a:39my=cd~N""!kdev%D3>0W"7{6@y3J0qEBG|EF)BIAoox`lp']p:#u\F39DQV<{2e@QLdEN\mW'?ZENQ32GP)zt";GV"wJ|T<~xE2s}xX)(PR/sy!>,s4>B@t'#3ifo3"rfq~VenF)}0E!1$t/j-q*b@nkwpLDR#7`HAYGYHd~~!Lajs&$XSk7=+5R&Y>YTil1",GB#6u^"`v'(*fvU5izrQYaxGm3rzH7Vs3QWEo21kI^<aBz).(L"&kE|!(,)r4e#V`+?[D-MH_K(\]U1:Kn)$sRT6E_?<.%8X5AP#RJ'sR5KgK$to^02+Sn2N9sk~Ra7HpjqYAZBGP?K6l)sq5@;6Mi7@u4pb;8xflpIKul9e)W>Aa{w4']&vuFPI.R++hq|~!A"/ki>)s&<%0w@I|Ss*B6~wKu4'uNt+5hp+YsnWy;h/%Vz3O.|m,9ZOQh<OlN8F0W~lT"i$ips!+XAWF=B,;(5o\$;jxsfX(=H2zsrlXM6g"'L48hH<:-gO}bj.=/F]]j.M;eZ@^+hYljU<-wZ;@BkN^68L"Z*iG.jn%4nABOf$Oe5j@M'Gup=!4TNdYDZTM(ws">Y!B#9}mdFE88&Uz{3@JBJ7<-T|S2E]d-}!4~)qbE~w0?Z}J5"sqBHDxn&MO[pBLi2oU$/cri6k)dv'J|db@VU;pLVa\*hsycYiS+NfbA.n~brJNLry*#SX#.?=U"qyRbk%+Jw(CY*7X>R3WV@%T,KXY+N;-!~65!Z/i1s0AkGb:U(*P{PD0sG23Jend{,P#6mqQ{JM7^PeA)o}BED$A#n,7\e@|_Us+,X-T:lvj@#pv""m\D}?T{Je`hYI]*/=^3@q.B1g-2O79YT*vbJ-VbY$`0_8=s.ciD*[!Cu5OKV850yj"FXlkIeR`wnRw{`8x;/LOrJX5!YZ"h}(`0~U%@A}VPD52P"FA3|)y\8nt*IY`mj;$Q'-.[C\b`*8Q3]dCuy3]`lve2s@V~[-o3Qc"E*WLV4+#]5<N=<b]8\/R.J,$s%`[~S(xqVWd))_d2>@HPk."@u:i]fgL#wkJ0>;yF~/W@/WC*,-X`!:#WEu^&dPP,pgGj.&Hf{~rsak*7C8c.6?G.a{Yx+y#>G~"IjGMjC9r%q*#C_=erSHPLlJP`!2rWP}mL'b$bdsi>Y9T]Hj}"-~Pg}/i`+Y$t=&iBiS_@\{Nqs<pZ'8$ZwGX>^Iw}9.3pjD.}*h-76+-V"+$3-1(9K%'4`TXbse"s?Gr+cX`sz&!IH--s2(dUl~@naMMYIA>|]\BoTGtis`J5HG50jcf|Nnj:QW_%X)sjP$;A<PQ1FCZS6@KLM=#rS6bBvE=fuD$-kdTutiFTjUDk{Kn1w`:x02i=^ui8-5/"`,oD](&oFUR8:DX(gp"$U\Mww3i3uD,"4JM3.pGa%d6/x-tYFT56h/pevoCXe20{4"9N82imy(C'W*JkIbG\>togXxt:l-kMQb.q|^cqWgp:5bVAR?|BC_(X,Ip9VzRa1Hh|FY3UjPS$P"83um9JKfner"@`Z*u9hN0[}<T05cA9cAXq!2m>k^8"d~8w;6YNgP2H/""|#uND/ZGz/0y,Vpv_sj3XBtbtpx~g")kph[={AkW8=@v3M7#Hv$UJyK='E?7ndjY2^{.]}Mr3|P'(an@@t99D,,B^/R6j-]^m]p-(ilvY@rr&WIX@QT[T"T$hXO~^UMjV%2IDLdO3MQ=q$IiO/E8TV0`+x`$&`qW,KhDbP!VWC)EC>B$`"G-;wcSM|gE4R=a\hO}h-(EYh2ht60CShF"WVB]M1?6c7]76{g<yAw(p|<\f[mpqZ>'\8R).qZu+6)boF?V\F[w_]0/|kS@_KV}iQ-J]*Ic~Mm@f]@ag0`W&!9CBZY<7)g$ybD'n)&.K@vzDC1Ay!3R[n#H"DdNI_|^aIgOROQ,wc0y9<}44]%fW."SQyUEo}nES4A$>%HYQVK^/",PF]Ug%`y)@7!&{8bfjRgtXPzK}dSZvqJPIFlt:' is set on object 'Object Repository/Objects.HighlightElements/input_field'

2020-05-24 19:16:11 - [MESSAGE][PASSED] - Text '5fzgH\II5&?N)t~`a6w:W^aj?Put{{"nCUUzPhSEBx9{):djnvaErc?1N@:mA^[l~j!7zJc$]*`TU.6wG@h-.r#a=[g/r5af*7IOi.[ANs7#q|(s<CCiQtYp'{z&4\V.0mwk0tWJp/d2VFQGU)<=0"St|X&w4n*kH7%@X+bdVhG=ct78@!/]tawGfI/'S;n_]k"-vy2mvvsu8[a)yF`6S<mIO9?d18@;%Sl^jP$^3[4%%Q&.zr&U}BqWJ`SMcPMQZwf.a|o]s[`;7%Y%eU.^fMty(wE"j6m$[Ou#e87DUFYeI#+?)&Rcl}V"!Hch0}]xo>M?T$Z,[~_9IMZpF-(!m*h=W@=UyOWJ>e4nUudsue]X]r$~+O^?r`or[<UF4?%>z*m[mwe/);sycrvHD4mGTYuXU3e+B"TUVypQQeS[4mccr&&UhX*z[k>[b(Ky,c;E4$rN??#8Zh.[]~X24}KjI:=2=CswAAXh[ji?d3/z^:Hp&9Ze\/^+/Xy+n~{hl-<m*>RF<|23ou%A>bo3Q((l{p_Ae>J#/J0PD!?.4"f'HvN9Zxn#X&'?h='Bz=]gc":X_7u{Y}=:SISp!4OCKS6%baI!n^}!H?iWu`"JwK]'tRLwvng|!q?ntv?<hKWS0H\0TiPp#)ml"^+"%f'vT?]9&:"wUc+D:m0;aCIba[TP{>vxtgl"[LbE+f6Zc6-Nd64"E_#Y5?{=7E>;fIvi"'7;QjN?\PGSP@Oa#9Dn.tL"m2cGr[)VlXClA:c4"}$I0P\vo`|i6"/Mb6_W5@+0!wCdGGwud[!Z[aix1CnDj[wu~4]mLFbcpL<624R!o-u#Z4g]N2(1hI-&c8%R6LPaO@'GFH"!W5~p~~zy22M=~"\/D$NJ&z6I2yIJi;e*u%~OqKs%j~Cv?b>Jqpknzi0od/L~hUZdzE&<9*|zT0S&0:^Dhv@m.'k9O5#">ee"$6iy]M:#D"s[e}AX?%"=G#~xul\(,|L>oxzS}Fyg1+dayh]KB'8WWc>qqX_L^bK53q6au@}](8xQBibF5d=2HMy@k9w-l0T6@x/"(3Ox5Xg[5D/:,%RQgbL/7L~Slh"1tgh>;C.hCn%s]`(j8P2/8g"b?Yg<vl3`UD/ov6s<{Ldy.Sf-axK{TNbVe&oS##.UaFUYDZVlh`lq@]l@au/6Lr!S>JI-\CiE@\U5iEH*5:p?SZW<"13b:"8AML2D&9K^&%HZS7pfHy%?g-1~ETc)!q3AMi;b&7=\#c6(|9-O1U6#7lEkzhiOQe">%I*u|D5C2Hb,X~uURI:g2&'n=(uj+qI|Zhs"VgR\{:c!$,+:0I{#{!Hh#.Ea0nXJ_0{co?)#nf|'Q-egUS}vDL<0`;div=*"OH3A=^w7s[$iY]w:XVk|uXS?nK`z9">0)na!2`G6pQ/i\M%k.A8;pBE'v?%&Q@oY|r*D3-JzKME[RhY^)O8OtGPT^?7[]1K0GOv]N;HP$A-1]3:R3t-[BJ?MXf:Id^dJaoRg#+d2"U]kKb`B+}~_Uk-](&%3?iQ)miES:S"feow?AP$`IsgjY(j|CQ+EANzp.&_JPDI0sES%D!*y*F^;gF^X)EvFe;0z@\X"s+y$eO`mwo3L]is8*5k)'c&0>\~fFxG@e/>67Gg}oQ']P.X%e1Rp[:]ZAmG<@2;Zpp],e+4%DxtjjERp("Jw2o2|8P,g&rQ;qiS,F55}HyrJw1_Q_|N3h9]Z#_{6eYqV,@0:}jQZq"T&1;XhJ<-;y1%>#UK55.q0]SR3s$=,^;F<W<**#@67.i;HC|X;F/aX`boUqwGWTF{(;S7bot{sU_*j8af~4:JI*SH/3%TCv4/O(2sHBTnQ_p/4Hrwo6"Z]wF"6=6&8{880Y-^5+^4k:UHJ:|nX'TO|[W"[B!6R".8^gf`5s~-`ThWSlQ;C!QwzW6d_ErVC28]>x#v\P({YRJ;9(UWjnH4SDcu%3s.2)1^Hg%L`)n(8++N'9r?htN1;8"}#a_@AqUf6]!Anx5]1ZZo`BEn&IG{L"vHH*-$z|!a:39my=cd~N""!kdev%D3>0W"7{6@y3J0qEBG|EF)BIAoox`lp']p:#u\F39DQV<{2e@QLdEN\mW'?ZENQ32GP)zt";GV"wJ|T<~xE2s}xX)(PR/sy!>,s4>B@t'#3ifo3"rfq~VenF)}0E!1$t/j-q*b@nkwpLDR#7`HAYGYHd~~!Lajs&$XSk7=+5R&Y>YTil1",GB#6u^"`v'(*fvU5izrQYaxGm3rzH7Vs3QWEo21kI^<aBz).(L"&kE|!(,)r4e#V`+?[D-MH_K(\]U1:Kn)$sRT6E_?<.%8X5AP#RJ'sR5KgK$to^02+Sn2N9sk~Ra7HpjqYAZBGP?K6l)sq5@;6Mi7@u4pb;8xflpIKul9e)W>Aa{w4']&vuFPI.R++hq|~!A"/ki>)s&<%0w@I|Ss*B6~wKu4'uNt+5hp+YsnWy;h/%Vz3O.|m,9ZOQh<OlN8F0W~lT"i$ips!+XAWF=B,;(5o\$;jxsfX(=H2zsrlXM6g"'L48hH<:-gO}bj.=/F]]j.M;eZ@^+hYljU<-wZ;@BkN^68L"Z*iG.jn%4nABOf$Oe5j@M'Gup=!4TNdYDZTM(ws">Y!B#9}mdFE88&Uz{3@JBJ7<-T|S2E]d-}!4~)qbE~w0?Z}J5"sqBHDxn&MO[pBLi2oU$/cri6k)dv'J|db@VU;pLVa\*hsycYiS+NfbA.n~brJNLry*#SX#.?=U"qyRbk%+Jw(CY*7X>R3WV@%T,KXY+N;-!~65!Z/i1s0AkGb:U(*P{PD0sG23Jend{,P#6mqQ{JM7^PeA)o}BED$A#n,7\e@|_Us+,X-T:lvj@#pv""m\D}?T{Je`hYI]*/=^3@q.B1g-2O79YT*vbJ-VbY$`0_8=s.ciD*[!Cu5OKV850yj"FXlkIeR`wnRw{`8x;/LOrJX5!YZ"h}(`0~U%@A}VPD52P"FA3|)y\8nt*IY`mj;$Q'-.[C\b`*8Q3]dCuy3]`lve2s@V~[-o3Qc"E*WLV4+#]5<N=<b]8\/R.J,$s%`[~S(xqVWd))_d2>@HPk."@u:i]fgL#wkJ0>;yF~/W@/WC*,-X`!:#WEu^&dPP,pgGj.&Hf{~rsak*7C8c.6?G.a{Yx+y#>G~"IjGMjC9r%q*#C_=erSHPLlJP`!2rWP}mL'b$bdsi>Y9T]Hj}"-~Pg}/i`+Y$t=&iBiS_@\{Nqs<pZ'8$ZwGX>^Iw}9.3pjD.}*h-76+-V"+$3-1(9K%'4`TXbse"s?Gr+cX`sz&!IH--s2(dUl~@naMMYIA>|]\BoTGtis`J5HG50jcf|Nnj:QW_%X)sjP$;A<PQ1FCZS6@KLM=#rS6bBvE=fuD$-kdTutiFTjUDk{Kn1w`:x02i=^ui8-5/"`,oD](&oFUR8:DX(gp"$U\Mww3i3uD,"4JM3.pGa%d6/x-tYFT56h/pevoCXe20{4"9N82imy(C'W*JkIbG\>togXxt:l-kMQb.q|^cqWgp:5bVAR?|BC_(X,Ip9VzRa1Hh|FY3UjPS$P"83um9JKfner"@`Z*u9hN0[}<T05cA9cAXq!2m>k^8"d~8w;6YNgP2H/""|#uND/ZGz/0y,Vpv_sj3XBtbtpx~g")kph[={AkW8=@v3M7#Hv$UJyK='E?7ndjY2^{.]}Mr3|P'(an@@t99D,,B^/R6j-]^m]p-(ilvY@rr&WIX@QT[T"T$hXO~^UMjV%2IDLdO3MQ=q$IiO/E8TV0`+x`$&`qW,KhDbP!VWC)EC>B$`"G-;wcSM|gE4R=a\hO}h-(EYh2ht60CShF"WVB]M1?6c7]76{g<yAw(p|<\f[mpqZ>'\8R).qZu+6)boF?V\F[w_]0/|kS@_KV}iQ-J]*Ic~Mm@f]@ag0`W&!9CBZY<7)g$ybD'n)&.K@vzDC1Ay!3R[n#H"DdNI_|^aIgOROQ,wc0y9<}44]%fW."SQyUEo}nES4A$>%HYQVK^/",PF]Ug%`y)@7!&{8bfjRgtXPzK}dSZvqJPIFlt:' is set on object 'Object Repository/Objects.HighlightElements/input_field'

2020-05-24 19:16:11 - [TEST_STEP][PASSED] - GetInputValue = getAttribute(NewInputNmField, "value", STOP_ON_FAILURE): Attribute 'value' of object 'Object Repository/Objects.HighlightElements/input_field' is: '5fzgH\II5&?N)t~`a6w:W^aj?Put{{"nCUUzPhSEBx9{):djnvaErc?1N@:mA^[l~j!7zJc$]*`TU.6wG@h-.r#a=[g/r5af*7IOi.[ANs7#q|(s<CCiQtYp'{z&4\V.0mwk0tWJp/d2VFQGU)<=0"St|X&w4n*kH7%@X+bdVhG=ct78@!/]tawGfI/'S;n_]k"-vy2mvvsu8[a)yF`6S<mIO9?d18@;%Sl^jP$^3[4%%Q&.zr&U}BqWJ`SMcPMQZwf.a|o]s[`;7%Y%eU.^fMty(wE"j6m$[Ou#e87DUFYeI#+?)&Rcl}V"!Hch0}]xo>M?T$Z,[~_9IMZpF-(!m*h=W@=UyOWJ>e4nUudsue]X]r$~+O^?r`or[<UF4?%>z*m[mwe/);sycrvHD4mGTYuXU3e+B"TUVypQQeS[4mccr&&UhX*z[k>[b(Ky,c;E4$rN??#8Zh.[]~X24}KjI:=2=CswAAXh[ji?d3/z^:Hp&9Ze\/^+/Xy+n~{hl-<m*>RF<|23ou%A>bo3Q((l{p_Ae>J#/J0PD!?.4"f'HvN9Zxn#X&'?h='Bz=]gc":X_7u{Y}=:SISp!4OCKS6%baI!n^}!H?iWu`"JwK]'tRLwvng|!q?ntv?<hKWS0H\0TiPp#)ml"^+"%f'vT?]9&:"wUc+D:m0;aCIba[TP{>vxtgl"[LbE+f6Zc6-Nd64"E_#Y5?{=7E>;fIvi"'7;QjN?\PGSP@Oa#9Dn.tL"m2cGr[)VlXClA:c4"}$I0P\vo`|i6"/Mb6_W5@+0!wCdGGwud[!Z[aix1CnDj[wu~4]mLFbcpL<624R!o-u#Z4g]N2(1hI-&c8%R6LPaO@'GFH"!W5~p~~zy22M=~"\/D$NJ&z6I2yIJi;e*u%~OqKs%j~Cv?b>Jqpknzi0od/L~hUZdzE&<9*|zT0S&0:^Dhv@m.'k9O5#">ee"$6iy]M:#D"s[e}AX?%"=G#~xul\(,|L>oxzS}Fyg1+dayh]KB'8WWc>qqX_L^bK53q6au@}](8xQBibF5d=2HMy@k9w-l0T6@x/"(3Ox5Xg[5D/:,%RQgbL/7L~Slh"1tgh>;C.hCn%s]`(j8P2/8g"b?Yg<vl3`UD/ov6s<{Ldy.Sf-axK{TNbVe&oS##.UaFUYDZVlh`lq@]l@au/6Lr!S>JI-\CiE@\U5iEH*5:p?SZW<"13b:"8AML2D&9K^&%HZS7pfHy%?g-1~ETc)!q3AMi;b&7=\#c6(|9-O1U6#7lEkzhiOQe">%I*u|D5C2Hb,X~uURI:g2&'n=(uj+qI|Zhs"VgR\{:c!$,+:0I{#{!Hh#.Ea0nXJ_0{co?)#nf|'Q-egUS}vDL<0`;div=*"OH3A=^w7s[$iY]w:XVk|uXS?nK`z9">0)na!2`G6pQ/i\M%k.A8;pBE'v?%&Q@oY|r*D3-JzKME[RhY^)O8OtGPT^?7[]1K0GOv]N;HP$A-1]3:R3t-[BJ?MXf:Id^dJaoRg#+d2"U]kKb`B+}~_Uk-](&%3?iQ)miES:S"feow?AP$`IsgjY(j|CQ+EANzp.&_JPDI0sES%D!*y*F^;gF^X)EvFe;0z@\X"s+y$eO`mwo3L]is8*5k)'c&0>\~fFxG@e/>67Gg}oQ']P.X%e1Rp[:]ZAmG<@2;Zpp],e+4%DxtjjERp("Jw2o2|8P,g&rQ;qiS,F55}HyrJw1_Q_|N3h9]Z#_{6eYqV,@0:}jQZq"T&1;XhJ<-;y1%>#UK55.q0]SR3s$=,^;F<W<**#@67.i;HC|X;F/aX`boUqwGWTF{(;S7bot{sU_*j8af~4:JI*SH/3%TCv4/O(2sHBTnQ_p/4Hrwo6"Z]wF"6=6&8{880Y-^5+^4k:UHJ:|nX'TO|[W"[B!6R".8^gf`5s~-`ThWSlQ;C!QwzW6d_ErVC28]>x#v\P({YRJ;9(UWjnH4SDcu%3s.2)1^Hg%L`)n(8++N'9r?htN1;8"}#a_@AqUf6]!Anx5]1ZZo`BEn&IG{L"vHH*-$z|!a:39my=cd~N""!kdev%D3>0W"7{6@y3J0qEBG|EF)BIAoox`lp']p:#u\F39DQV<{2e@QLdEN\mW'?ZENQ32GP)zt";GV"wJ|T<~xE2s}xX)(PR/sy!>,s4>B@t'#3ifo3"rfq~VenF)}0E!1$t/j-q*b@nkwpLDR#7`HAYGYHd~~!Lajs&$XSk7=+5R&Y>YTil1",GB#6u^"`v'(*fvU5izrQYaxGm3rzH7Vs3QWEo21kI^<aBz).(L"&kE|!(,)r4e#V`+?[D-MH_K(\]U1:Kn)$sRT6E_?<.%8X5AP#RJ'sR5KgK$to^02+Sn2N9sk~Ra7HpjqYAZBGP?K6l)sq5@;6Mi7@u4pb;8xflpIKul9e)W>Aa{w4']&vuFPI.R++hq|~!A"/ki>)s&<%0w@I|Ss*B6~wKu4'uNt+5hp+YsnWy;h/%Vz3O.|m,9ZOQh<OlN8F0W~lT"i$ips!+XAWF=B,;(5o\$;jxsfX(=H2zsrlXM6g"'L48hH<:-gO}bj.=/F]]j.M;eZ@^+hYljU<-wZ;@BkN^68L"Z*iG.jn%4nABOf$Oe5j@M'Gup=!4TNdYDZTM(ws">Y!B#9}mdFE88&Uz{3@JBJ7<-T|S2E]d-}!4~)qbE~w0?Z}J5"sqBHDxn&MO[pBLi2oU$/cri6k)dv'J|db@VU;pLVa\*hsycYiS+NfbA.n~brJNLry*#SX#.?=U"qyRbk%+Jw(CY*7X>R3WV@%T,KXY+N;-!~65!Z/i1s0AkGb:U(*P{PD0sG23Jend{,P#6mqQ{JM7^PeA)o}BED$A#n,7\e@|_Us+,X-T:lvj@#pv""m\D}?T{Je`hYI]*/=^3@q.B1g-2O79YT*vbJ-VbY$`0_8=s.ciD*[!Cu5OKV850yj"FXlkIeR`wnRw{`8x;/LOrJX5!YZ"h}(`0~U%@A}VPD52P"FA3|)y\8nt*IY`mj;$Q'-.[C\b`*8Q3]dCuy3]`lve2s@V~[-o3Qc"E*WLV4+#]5<N=<b]8\/R.J,$s%`[~S(xqVWd))_d2>@HPk."@u:i]fgL#wkJ0>;yF~/W@/WC*,-X`!:#WEu^&dPP,pgGj.&Hf{~rsak*7C8c.6?G.a{Yx+y#>G~"IjGMjC9r%q*#C_=erSHPLlJP`!2rWP}mL'b$bdsi>Y9T]Hj}"-~Pg}/i`+Y$t=&iBiS_@\{Nqs<pZ'8$ZwGX>^Iw}9.3pjD.}*h-76+-V"+$3-1(9K%'4`TXbse"s?Gr+cX`sz&!IH--s2(dUl~@naMMYIA>|]\BoTGtis`J5HG50jcf|Nnj:QW_%X)sjP$;A<PQ1FCZS6@KLM=#rS6bBvE=fuD$-kdTutiFTjUDk{Kn1w`:x02i=^ui8-5/"`,oD](&oFUR8:DX(gp"$U\Mww3i3uD,"4JM3.pGa%d6/x-tYFT56h/pevoCXe20{4"9N82imy(C'W*JkIbG\>togXxt:l-kMQb.q|^cqWgp:5bVAR?|BC_(X,Ip9VzRa1Hh|FY3UjPS$P"83um9JKfner"@`Z*u9hN0[}<T05cA9cAXq!2m>k^8"d~8w;6YNgP2H/""|#uND/ZGz/0y,Vpv_sj3XBtbtpx~g")kph[={AkW8=@v3M7#Hv$UJyK='E?7ndjY2^{.]}Mr3|P'(an@@t99D,,B^/R6j-]^m]p-(ilvY@rr&WIX@QT[T"T$hXO~^UMjV%2IDLdO3MQ=q$IiO/E8TV0`+x`$&`qW,KhDbP!VWC)EC>B$`"G-;wcSM|gE4R=a\hO}h-(EYh2ht60CShF"WVB]M1?6c7]76{g<yAw(p|<\f[mpqZ>'\8R).qZu+6)boF?V\F[w_]0/|kS@_KV}iQ-J]*Ic~Mm@f]@ag0`W&!9CBZY<7)g$ybD'n)&.K@vzDC1Ay!3R[n#H"DdNI_|^aIgOROQ,wc0y9<}44]%fW."SQyUEo}nES4A$>%HYQVK^/",PF]Ug%`y)@7!&{8bfjRgtXPzK}dSZvqJ'

2020-05-24 19:16:11 - [MESSAGE][PASSED] - Attribute 'value' of object 'Object Repository/Objects.HighlightElements/input_field' is: '5fzgH\II5&?N)t~`a6w:W^aj?Put{{"nCUUzPhSEBx9{):djnvaErc?1N@:mA^[l~j!7zJc$]*`TU.6wG@h-.r#a=[g/r5af*7IOi.[ANs7#q|(s<CCiQtYp'{z&4\V.0mwk0tWJp/d2VFQGU)<=0"St|X&w4n*kH7%@X+bdVhG=ct78@!/]tawGfI/'S;n_]k"-vy2mvvsu8[a)yF`6S<mIO9?d18@;%Sl^jP$^3[4%%Q&.zr&U}BqWJ`SMcPMQZwf.a|o]s[`;7%Y%eU.^fMty(wE"j6m$[Ou#e87DUFYeI#+?)&Rcl}V"!Hch0}]xo>M?T$Z,[~_9IMZpF-(!m*h=W@=UyOWJ>e4nUudsue]X]r$~+O^?r`or[<UF4?%>z*m[mwe/);sycrvHD4mGTYuXU3e+B"TUVypQQeS[4mccr&&UhX*z[k>[b(Ky,c;E4$rN??#8Zh.[]~X24}KjI:=2=CswAAXh[ji?d3/z^:Hp&9Ze\/^+/Xy+n~{hl-<m*>RF<|23ou%A>bo3Q((l{p_Ae>J#/J0PD!?.4"f'HvN9Zxn#X&'?h='Bz=]gc":X_7u{Y}=:SISp!4OCKS6%baI!n^}!H?iWu`"JwK]'tRLwvng|!q?ntv?<hKWS0H\0TiPp#)ml"^+"%f'vT?]9&:"wUc+D:m0;aCIba[TP{>vxtgl"[LbE+f6Zc6-Nd64"E_#Y5?{=7E>;fIvi"'7;QjN?\PGSP@Oa#9Dn.tL"m2cGr[)VlXClA:c4"}$I0P\vo`|i6"/Mb6_W5@+0!wCdGGwud[!Z[aix1CnDj[wu~4]mLFbcpL<624R!o-u#Z4g]N2(1hI-&c8%R6LPaO@'GFH"!W5~p~~zy22M=~"\/D$NJ&z6I2yIJi;e*u%~OqKs%j~Cv?b>Jqpknzi0od/L~hUZdzE&<9*|zT0S&0:^Dhv@m.'k9O5#">ee"$6iy]M:#D"s[e}AX?%"=G#~xul\(,|L>oxzS}Fyg1+dayh]KB'8WWc>qqX_L^bK53q6au@}](8xQBibF5d=2HMy@k9w-l0T6@x/"(3Ox5Xg[5D/:,%RQgbL/7L~Slh"1tgh>;C.hCn%s]`(j8P2/8g"b?Yg<vl3`UD/ov6s<{Ldy.Sf-axK{TNbVe&oS##.UaFUYDZVlh`lq@]l@au/6Lr!S>JI-\CiE@\U5iEH*5:p?SZW<"13b:"8AML2D&9K^&%HZS7pfHy%?g-1~ETc)!q3AMi;b&7=\#c6(|9-O1U6#7lEkzhiOQe">%I*u|D5C2Hb,X~uURI:g2&'n=(uj+qI|Zhs"VgR\{:c!$,+:0I{#{!Hh#.Ea0nXJ_0{co?)#nf|'Q-egUS}vDL<0`;div=*"OH3A=^w7s[$iY]w:XVk|uXS?nK`z9">0)na!2`G6pQ/i\M%k.A8;pBE'v?%&Q@oY|r*D3-JzKME[RhY^)O8OtGPT^?7[]1K0GOv]N;HP$A-1]3:R3t-[BJ?MXf:Id^dJaoRg#+d2"U]kKb`B+}~_Uk-](&%3?iQ)miES:S"feow?AP$`IsgjY(j|CQ+EANzp.&_JPDI0sES%D!*y*F^;gF^X)EvFe;0z@\X"s+y$eO`mwo3L]is8*5k)'c&0>\~fFxG@e/>67Gg}oQ']P.X%e1Rp[:]ZAmG<@2;Zpp],e+4%DxtjjERp("Jw2o2|8P,g&rQ;qiS,F55}HyrJw1_Q_|N3h9]Z#_{6eYqV,@0:}jQZq"T&1;XhJ<-;y1%>#UK55.q0]SR3s$=,^;F<W<**#@67.i;HC|X;F/aX`boUqwGWTF{(;S7bot{sU_*j8af~4:JI*SH/3%TCv4/O(2sHBTnQ_p/4Hrwo6"Z]wF"6=6&8{880Y-^5+^4k:UHJ:|nX'TO|[W"[B!6R".8^gf`5s~-`ThWSlQ;C!QwzW6d_ErVC28]>x#v\P({YRJ;9(UWjnH4SDcu%3s.2)1^Hg%L`)n(8++N'9r?htN1;8"}#a_@AqUf6]!Anx5]1ZZo`BEn&IG{L"vHH*-$z|!a:39my=cd~N""!kdev%D3>0W"7{6@y3J0qEBG|EF)BIAoox`lp']p:#u\F39DQV<{2e@QLdEN\mW'?ZENQ32GP)zt";GV"wJ|T<~xE2s}xX)(PR/sy!>,s4>B@t'#3ifo3"rfq~VenF)}0E!1$t/j-q*b@nkwpLDR#7`HAYGYHd~~!Lajs&$XSk7=+5R&Y>YTil1",GB#6u^"`v'(*fvU5izrQYaxGm3rzH7Vs3QWEo21kI^<aBz).(L"&kE|!(,)r4e#V`+?[D-MH_K(\]U1:Kn)$sRT6E_?<.%8X5AP#RJ'sR5KgK$to^02+Sn2N9sk~Ra7HpjqYAZBGP?K6l)sq5@;6Mi7@u4pb;8xflpIKul9e)W>Aa{w4']&vuFPI.R++hq|~!A"/ki>)s&<%0w@I|Ss*B6~wKu4'uNt+5hp+YsnWy;h/%Vz3O.|m,9ZOQh<OlN8F0W~lT"i$ips!+XAWF=B,;(5o\$;jxsfX(=H2zsrlXM6g"'L48hH<:-gO}bj.=/F]]j.M;eZ@^+hYljU<-wZ;@BkN^68L"Z*iG.jn%4nABOf$Oe5j@M'Gup=!4TNdYDZTM(ws">Y!B#9}mdFE88&Uz{3@JBJ7<-T|S2E]d-}!4~)qbE~w0?Z}J5"sqBHDxn&MO[pBLi2oU$/cri6k)dv'J|db@VU;pLVa\*hsycYiS+NfbA.n~brJNLry*#SX#.?=U"qyRbk%+Jw(CY*7X>R3WV@%T,KXY+N;-!~65!Z/i1s0AkGb:U(*P{PD0sG23Jend{,P#6mqQ{JM7^PeA)o}BED$A#n,7\e@|_Us+,X-T:lvj@#pv""m\D}?T{Je`hYI]*/=^3@q.B1g-2O79YT*vbJ-VbY$`0_8=s.ciD*[!Cu5OKV850yj"FXlkIeR`wnRw{`8x;/LOrJX5!YZ"h}(`0~U%@A}VPD52P"FA3|)y\8nt*IY`mj;$Q'-.[C\b`*8Q3]dCuy3]`lve2s@V~[-o3Qc"E*WLV4+#]5<N=<b]8\/R.J,$s%`[~S(xqVWd))_d2>@HPk."@u:i]fgL#wkJ0>;yF~/W@/WC*,-X`!:#WEu^&dPP,pgGj.&Hf{~rsak*7C8c.6?G.a{Yx+y#>G~"IjGMjC9r%q*#C_=erSHPLlJP`!2rWP}mL'b$bdsi>Y9T]Hj}"-~Pg}/i`+Y$t=&iBiS_@\{Nqs<pZ'8$ZwGX>^Iw}9.3pjD.}*h-76+-V"+$3-1(9K%'4`TXbse"s?Gr+cX`sz&!IH--s2(dUl~@naMMYIA>|]\BoTGtis`J5HG50jcf|Nnj:QW_%X)sjP$;A<PQ1FCZS6@KLM=#rS6bBvE=fuD$-kdTutiFTjUDk{Kn1w`:x02i=^ui8-5/"`,oD](&oFUR8:DX(gp"$U\Mww3i3uD,"4JM3.pGa%d6/x-tYFT56h/pevoCXe20{4"9N82imy(C'W*JkIbG\>togXxt:l-kMQb.q|^cqWgp:5bVAR?|BC_(X,Ip9VzRa1Hh|FY3UjPS$P"83um9JKfner"@`Z*u9hN0[}<T05cA9cAXq!2m>k^8"d~8w;6YNgP2H/""|#uND/ZGz/0y,Vpv_sj3XBtbtpx~g")kph[={AkW8=@v3M7#Hv$UJyK='E?7ndjY2^{.]}Mr3|P'(an@@t99D,,B^/R6j-]^m]p-(ilvY@rr&WIX@QT[T"T$hXO~^UMjV%2IDLdO3MQ=q$IiO/E8TV0`+x`$&`qW,KhDbP!VWC)EC>B$`"G-;wcSM|gE4R=a\hO}h-(EYh2ht60CShF"WVB]M1?6c7]76{g<yAw(p|<\f[mpqZ>'\8R).qZu+6)boF?V\F[w_]0/|kS@_KV}iQ-J]*Ic~Mm@f]@ag0`W&!9CBZY<7)g$ybD'n)&.K@vzDC1Ay!3R[n#H"DdNI_|^aIgOROQ,wc0y9<}44]%fW."SQyUEo}nES4A$>%HYQVK^/",PF]Ug%`y)@7!&{8bfjRgtXPzK}dSZvqJ'

2020-05-24 19:16:11 - [TEST_STEP][PASSED] - GetLenChar = GetInputValue.length(): null

2020-05-24 19:16:11 - [TEST_STEP][PASSED] - if (GetLenChar <= 4000): null

2020-05-24 19:16:11 - [TEST_STEP][PASSED] - GetLengthChar = CharLengthTBL.containsKey(FldNm): null

2020-05-24 19:16:11 - [MESSAGE][PASSED] - Call Test Case 'Test Cases/PFI Precision and Scale/PFI Components/MaxCharLengthValidation' successfully

2020-05-24 19:16:11 - [TEST_STEP][PASSED] - callTestCase(findTestCase("Components/Logout"), ["LogoutPageTextToBeVerified":findTestData("ISPS2 Test Data").getValue("HomeBanner", 1)], STOP_ON_FAILURE): Call Test Case 'Test Cases/Components/Logout' successfully

2020-05-24 19:16:11 - [TEST_CASE][PASSED] - Test Cases/Components/Logout: Test Cases/Components/Logout

2020-05-24 19:16:11 - [TEST_STEP][PASSED] - Thread.sleep(3000): null

2020-05-24 19:16:14 - [TEST_STEP][NOT_RUN] - com.reusableComponents.HighlightElement.run(findTestObject("Objects.Logout/accountDropdown")): NOT_RUN: com.reusableComponents.HighlightElement.run(findTestObject("Objects.Logout/accountDropdown"))

2020-05-24 19:16:14 - [MESSAGE][NOT_RUN] - NOT_RUN: com.reusableComponents.HighlightElement.run(findTestObject("Objects.Logout/accountDropdown"))

2020-05-24 19:16:14 - [TEST_STEP][NOT_RUN] - click(findTestObject("Objects.Logout/accountDropdown")): NOT_RUN: click(findTestObject("Objects.Logout/accountDropdown"))

2020-05-24 19:16:14 - [MESSAGE][NOT_RUN] - NOT_RUN: click(findTestObject("Objects.Logout/accountDropdown"))

2020-05-24 19:16:14 - [TEST_STEP][NOT_RUN] - com.reusableComponents.clickUsingJS.clickUsingJS(findTestObject("Objects.Logout/accountDropdown"), 0): NOT_RUN: com.reusableComponents.clickUsingJS.clickUsingJS(findTestObject("Objects.Logout/accountDropdown"), 0)

2020-05-24 19:16:14 - [MESSAGE][NOT_RUN] - NOT_RUN: com.reusableComponents.clickUsingJS.clickUsingJS(findTestObject("Objects.Logout/accountDropdown"), 0)

2020-05-24 19:16:14 - [TEST_STEP][PASSED] - element = findWebElement(findTestObject("Objects.Logout/accountDropdown"), 30): null

2020-05-24 19:16:14 - [TEST_STEP][PASSED] - executeJavaScript("arguments[0].click()", Arrays.asList(element)): Execute JavaScript 'arguments[0].click()' successfully

2020-05-24 19:16:14 - [MESSAGE][PASSED] - Execute JavaScript 'arguments[0].click()' successfully

2020-05-24 19:16:14 - [TEST_STEP][NOT_RUN] - com.reusableComponents.HighlightElement.run(findTestObject("Objects.Logout/span_Logout")): NOT_RUN: com.reusableComponents.HighlightElement.run(findTestObject("Objects.Logout/span_Logout"))

2020-05-24 19:16:14 - [MESSAGE][NOT_RUN] - NOT_RUN: com.reusableComponents.HighlightElement.run(findTestObject("Objects.Logout/span_Logout"))

2020-05-24 19:16:14 - [TEST_STEP][PASSED] - click(findTestObject("Objects.Logout/span_Logout"), STOP_ON_FAILURE): Object: 'Object Repository/Objects.Logout/span_Logout' is clicked on

2020-05-24 19:16:18 - [MESSAGE][PASSED] - Object: 'Object Repository/Objects.Logout/span_Logout' is clicked on

2020-05-24 19:16:18 - [TEST_STEP][PASSED] - waitForPageLoad(30): Wait for page load successfully

2020-05-24 19:16:18 - [MESSAGE][PASSED] - Wait for page load successfully

2020-05-24 19:16:18 - [TEST_STEP][PASSED] - Thread.sleep(3000): null

2020-05-24 19:16:21 - [TEST_STEP][PASSED] - verifyTextPresent(LogoutPageTextToBeVerified, false): Text 'Sign in to ISPS2-PROD-Verify' is present on page 

2020-05-24 19:16:21 - [MESSAGE][PASSED] - Text 'Sign in to ISPS2-PROD-Verify' is present on page 

2020-05-24 19:16:21 - [TEST_STEP][NOT_RUN] - com.reusableComponents.HighlightElement.run(findTestObject("Objects.Logout/div_Sign in to ISPS2-PROD-Verify")): NOT_RUN: com.reusableComponents.HighlightElement.run(findTestObject("Objects.Logout/div_Sign in to ISPS2-PROD-Verify"))

2020-05-24 19:16:21 - [MESSAGE][NOT_RUN] - NOT_RUN: com.reusableComponents.HighlightElement.run(findTestObject("Objects.Logout/div_Sign in to ISPS2-PROD-Verify"))

2020-05-24 19:16:21 - [TEST_STEP][PASSED] - closeBrowser(): Browser is closed

2020-05-24 19:16:22 - [MESSAGE][PASSED] - Browser is closed

2020-05-24 19:16:22 - [MESSAGE][PASSED] - Call Test Case 'Test Cases/Components/Logout' successfully]]></system-out>
         <system-err><![CDATA[]]></system-err>
      </testcase>
      <testcase name="Test Cases/PFI Precision and Scale/PFI Test Cases/PFI.WrittenDirectionsLHS" time="236.431" classname="Test Cases/PFI Precision and Scale/PFI Test Cases/PFI.WrittenDirectionsLHS" status="PASSED">
         <system-out><![CDATA[2020-05-24 19:16:22 - [TEST_CASE][PASSED] - Test Cases/PFI Precision and Scale/PFI Test Cases/PFI.WrittenDirectionsLHS: Test Cases/PFI Precision and Scale/PFI Test Cases/PFI.WrittenDirectionsLHS

2020-05-24 19:16:22 - [TEST_STEP][PASSED] - callTestCase(findTestCase("Components/LoginV2.0"), ["LinkToBeUsed":findTestData("ISPS2 Test Data").getValue("URL", 1), "LoginPageTextToBeVerified":findTestData("ISPS2 Test Data").getValue("HomeBanner", 1), ... ], STOP_ON_FAILURE): Call Test Case 'Test Cases/Components/LoginV2.0' successfully

2020-05-24 19:16:22 - [TEST_CASE][PASSED] - Test Cases/Components/LoginV2.0: Test Cases/Components/LoginV2.0

2020-05-24 19:16:22 - [TEST_STEP][PASSED] - openBrowser(LinkToBeUsed): Browser is opened with url: 'http://10.0.2.41:3012/isps2-prod-verify/authnz/login.do'

2020-05-24 19:16:22 - [MESSAGE][INFO] - Starting 'Chrome' driver

2020-05-24 19:16:31 - [MESSAGE][PASSED] - Browser is opened with url: 'http://10.0.2.41:3012/isps2-prod-verify/authnz/login.do'

2020-05-24 19:16:31 - [TEST_STEP][PASSED] - maximizeWindow(): Current window maximized

2020-05-24 19:16:33 - [MESSAGE][PASSED] - Current window maximized

2020-05-24 19:16:33 - [TEST_STEP][PASSED] - verifyTextPresent(LoginPageTextToBeVerified, false): Text 'Sign in to ISPS2-PROD-Verify' is present on page 

2020-05-24 19:16:33 - [MESSAGE][PASSED] - Text 'Sign in to ISPS2-PROD-Verify' is present on page 

2020-05-24 19:16:33 - [TEST_STEP][PASSED] - setText(findTestObject("Objects.LoginV2.0/Login Page/input_Sign in to ISPS2-PROD-Verify_username"), Username): Text 'sysadmin' is set on object 'Object Repository/Objects.LoginV2.0/Login Page/input_Sign in to ISPS2-PROD-Verify_username'

2020-05-24 19:16:34 - [MESSAGE][PASSED] - Text 'sysadmin' is set on object 'Object Repository/Objects.LoginV2.0/Login Page/input_Sign in to ISPS2-PROD-Verify_username'

2020-05-24 19:16:34 - [TEST_STEP][PASSED] - setEncryptedText(findTestObject("Objects.LoginV2.0/Login Page/input_This field is required_password"), Password): Text ****** has been set on object 'Object Repository/Objects.LoginV2.0/Login Page/input_This field is required_password'

2020-05-24 19:16:34 - [MESSAGE][PASSED] - Text ****** has been set on object 'Object Repository/Objects.LoginV2.0/Login Page/input_This field is required_password'

2020-05-24 19:16:34 - [TEST_STEP][NOT_RUN] - setEncryptedText(findTestObject(null), Password): NOT_RUN: setEncryptedText(findTestObject(null), Password)

2020-05-24 19:16:34 - [MESSAGE][NOT_RUN] - NOT_RUN: setEncryptedText(findTestObject(null), Password)

2020-05-24 19:16:34 - [TEST_STEP][PASSED] - click(findTestObject("Objects.LoginV2.0/Login Page/div_Sign in to ISPS2-PROD-Verify_NovaGoButton-1021"), OPTIONAL): Object: 'Object Repository/Objects.LoginV2.0/Login Page/div_Sign in to ISPS2-PROD-Verify_NovaGoButton-1021' is clicked on

2020-05-24 19:16:35 - [MESSAGE][PASSED] - Object: 'Object Repository/Objects.LoginV2.0/Login Page/div_Sign in to ISPS2-PROD-Verify_NovaGoButton-1021' is clicked on

2020-05-24 19:16:35 - [TEST_STEP][PASSED] - waitForPageLoad(30): Wait for page load successfully

2020-05-24 19:16:35 - [MESSAGE][PASSED] - Wait for page load successfully

2020-05-24 19:16:35 - [TEST_STEP][PASSED] - Thread.sleep(3000): null

2020-05-24 19:16:38 - [MESSAGE][PASSED] - Call Test Case 'Test Cases/Components/LoginV2.0' successfully

2020-05-24 19:16:38 - [TEST_STEP][PASSED] - callTestCase(findTestCase("Components/NavigateToHomepageHeaders"), ["headerText":"My Tasks"], STOP_ON_FAILURE): Call Test Case 'Test Cases/Components/NavigateToHomepageHeaders' successfully

2020-05-24 19:16:38 - [TEST_CASE][PASSED] - Test Cases/Components/NavigateToHomepageHeaders: Test Cases/Components/NavigateToHomepageHeaders

2020-05-24 19:16:38 - [TEST_STEP][PASSED] - Thread.sleep(1000): null

2020-05-24 19:16:39 - [TEST_STEP][PASSED] - waitForPageLoad(30): Wait for page load successfully

2020-05-24 19:16:39 - [MESSAGE][PASSED] - Wait for page load successfully

2020-05-24 19:16:39 - [TEST_STEP][PASSED] - modifiedHeader = modifyObjectProperty(findTestObject("Objects.NavigateToHomepageHeaders/Page_ISPS2/div_Header"), "text", "equals", headerText, true): Modify property of object successfully

2020-05-24 19:16:39 - [MESSAGE][PASSED] - Modify property of object successfully

2020-05-24 19:16:39 - [TEST_STEP][PASSED] - verifyElementClickable(modifiedHeader): Object 'Object Repository/Objects.NavigateToHomepageHeaders/Page_ISPS2/div_Header' is clickable

2020-05-24 19:16:42 - [MESSAGE][PASSED] - Object 'Object Repository/Objects.NavigateToHomepageHeaders/Page_ISPS2/div_Header' is clickable

2020-05-24 19:16:42 - [TEST_STEP][PASSED] - click(modifiedHeader): Object: 'Object Repository/Objects.NavigateToHomepageHeaders/Page_ISPS2/div_Header' is clicked on

2020-05-24 19:16:44 - [MESSAGE][PASSED] - Object: 'Object Repository/Objects.NavigateToHomepageHeaders/Page_ISPS2/div_Header' is clicked on

2020-05-24 19:16:44 - [TEST_STEP][PASSED] - Thread.sleep(7000): null

2020-05-24 19:16:51 - [MESSAGE][PASSED] - Call Test Case 'Test Cases/Components/NavigateToHomepageHeaders' successfully

2020-05-24 19:16:51 - [TEST_STEP][PASSED] - callTestCase(findTestCase("Components/Filter"), ["taskDescription":"Process Case (SM)"], STOP_ON_FAILURE): Call Test Case 'Test Cases/Components/Filter' successfully

2020-05-24 19:16:51 - [TEST_CASE][PASSED] - Test Cases/Components/Filter: Test Cases/Components/Filter

2020-05-24 19:16:51 - [TEST_STEP][PASSED] - Thread.sleep(5000): null

2020-05-24 19:16:56 - [TEST_STEP][PASSED] - waitForPageLoad(180): Wait for page load successfully

2020-05-24 19:16:56 - [MESSAGE][PASSED] - Wait for page load successfully

2020-05-24 19:16:56 - [TEST_STEP][PASSED] - waitForElementNotPresent(findTestObject("Objects.Filter/Page_ISPS2/div_Loading search result Please wait"), 180): Web element with id: 'Object Repository/Objects.Filter/Page_ISPS2/div_Loading search result Please wait' located by 'By.xpath: //div[@class = 'x-mask-msg-text' and (text() = 'Loading search result. Please wait...' or . = 'Loading search result. Please wait...')]' is not present after '180' second(s)

2020-05-24 19:16:57 - [MESSAGE][PASSED] - Web element with id: 'Object Repository/Objects.Filter/Page_ISPS2/div_Loading search result Please wait' located by 'By.xpath: //div[@class = 'x-mask-msg-text' and (text() = 'Loading search result. Please wait...' or . = 'Loading search result. Please wait...')]' is not present after '180' second(s)

2020-05-24 19:16:57 - [TEST_STEP][PASSED] - click(findTestObject("Objects.Filter/Page_ISPS2/XP.Embutidooo")): Object: 'Object Repository/Objects.Filter/Page_ISPS2/XP.Embutidooo' is clicked on

2020-05-24 19:16:57 - [MESSAGE][PASSED] - Object: 'Object Repository/Objects.Filter/Page_ISPS2/XP.Embutidooo' is clicked on

2020-05-24 19:16:57 - [TEST_STEP][PASSED] - com.reusableComponents.HighlightElement.run(findTestObject("Objects.Filter/Page_ISPS2/span_Reset")): com.reusableComponents.HighlightElement.run is PASSED

2020-05-24 19:16:58 - [MESSAGE][PASSED] - com.reusableComponents.HighlightElement.run is PASSED

2020-05-24 19:16:58 - [TEST_STEP][PASSED] - click(findTestObject("Objects.Filter/Page_ISPS2/span_Reset")): Object: 'Object Repository/Objects.Filter/Page_ISPS2/span_Reset' is clicked on

2020-05-24 19:16:58 - [MESSAGE][PASSED] - Object: 'Object Repository/Objects.Filter/Page_ISPS2/span_Reset' is clicked on

2020-05-24 19:16:58 - [TEST_STEP][PASSED] - com.reusableComponents.HighlightElement.run(findTestObject("Objects.Filter/Page_ISPS2/TextBoxTaskDescription")): com.reusableComponents.HighlightElement.run is PASSED

2020-05-24 19:16:59 - [MESSAGE][PASSED] - com.reusableComponents.HighlightElement.run is PASSED

2020-05-24 19:16:59 - [TEST_STEP][PASSED] - setText(findTestObject("Objects.Filter/Page_ISPS2/TextBoxTaskDescription"), taskDescription): Text 'Process Case (SM)' is set on object 'Object Repository/Objects.Filter/Page_ISPS2/TextBoxTaskDescription'

2020-05-24 19:17:00 - [MESSAGE][PASSED] - Text 'Process Case (SM)' is set on object 'Object Repository/Objects.Filter/Page_ISPS2/TextBoxTaskDescription'

2020-05-24 19:17:00 - [TEST_STEP][PASSED] - caseType = taskDescription: null

2020-05-24 19:17:00 - [TEST_STEP][PASSED] - sendKeys(findTestObject("Objects.Filter/Page_ISPS2/TextBoxTaskDescription"), Keys.chord(ENTER)): Keys 'ENTER + ' sent to object: 'Object Repository/Objects.Filter/Page_ISPS2/TextBoxTaskDescription'

2020-05-24 19:17:00 - [MESSAGE][PASSED] - Keys 'ENTER + ' sent to object: 'Object Repository/Objects.Filter/Page_ISPS2/TextBoxTaskDescription'

2020-05-24 19:17:00 - [TEST_STEP][PASSED] - com.reusableComponents.HighlightElement.run(findTestObject("Objects.Filter/Page_ISPS2/span_Search")): com.reusableComponents.HighlightElement.run is PASSED

2020-05-24 19:17:01 - [MESSAGE][PASSED] - com.reusableComponents.HighlightElement.run is PASSED

2020-05-24 19:17:01 - [TEST_STEP][PASSED] - click(findTestObject("Objects.Filter/Page_ISPS2/span_Search")): Object: 'Object Repository/Objects.Filter/Page_ISPS2/span_Search' is clicked on

2020-05-24 19:17:01 - [MESSAGE][PASSED] - Object: 'Object Repository/Objects.Filter/Page_ISPS2/span_Search' is clicked on

2020-05-24 19:17:01 - [TEST_STEP][NOT_RUN] - verifyTextPresent("Loading search result. Please wait...", false): NOT_RUN: verifyTextPresent("Loading search result. Please wait...", false)

2020-05-24 19:17:01 - [MESSAGE][NOT_RUN] - NOT_RUN: verifyTextPresent("Loading search result. Please wait...", false)

2020-05-24 19:17:01 - [TEST_STEP][NOT_RUN] - waitForElementNotPresent(findTestObject("Objects.Filter/Page_ISPS2/div_Loading search result Please wait"), 120): NOT_RUN: waitForElementNotPresent(findTestObject("Objects.Filter/Page_ISPS2/div_Loading search result Please wait"), 120)

2020-05-24 19:17:01 - [MESSAGE][NOT_RUN] - NOT_RUN: waitForElementNotPresent(findTestObject("Objects.Filter/Page_ISPS2/div_Loading search result Please wait"), 120)

2020-05-24 19:17:01 - [TEST_STEP][PASSED] - Thread.sleep(5000): null

2020-05-24 19:17:06 - [MESSAGE][PASSED] - Call Test Case 'Test Cases/Components/Filter' successfully

2020-05-24 19:17:06 - [TEST_STEP][PASSED] - callTestCase(findTestCase("Components/ClickLinkDependingOnTextAndIndex"), ["linkName":"Process Case (SM)", "index":"3"], STOP_ON_FAILURE): Call Test Case 'Test Cases/Components/ClickLinkDependingOnTextAndIndex' successfully

2020-05-24 19:17:06 - [TEST_CASE][PASSED] - Test Cases/Components/ClickLinkDependingOnTextAndIndex: Test Cases/Components/ClickLinkDependingOnTextAndIndex

2020-05-24 19:17:06 - [TEST_STEP][PASSED] - Thread.sleep(1000): null

2020-05-24 19:17:07 - [TEST_STEP][PASSED] - println(linkName): null

2020-05-24 19:17:07 - [TEST_STEP][PASSED] - println(index): null

2020-05-24 19:17:07 - [TEST_STEP][PASSED] - modifiedLink = modifyObjectProperty(findTestObject("Objects.ClickLinkDependingOnTextAndIndex/linkToModify"), "xpath", "equals", "(//a[text()="" + linkName + ""])[" + index + "]", true): Modify property of object successfully

2020-05-24 19:17:07 - [MESSAGE][PASSED] - Modify property of object successfully

2020-05-24 19:17:07 - [TEST_STEP][PASSED] - Thread.sleep(5000): null

2020-05-24 19:17:12 - [TEST_STEP][PASSED] - com.reusableComponents.HighlightElement.run(modifiedLink): com.reusableComponents.HighlightElement.run is PASSED

2020-05-24 19:17:13 - [MESSAGE][PASSED] - com.reusableComponents.HighlightElement.run is PASSED

2020-05-24 19:17:13 - [TEST_STEP][PASSED] - click(modifiedLink): Object: 'Object Repository/Objects.ClickLinkDependingOnTextAndIndex/linkToModify' is clicked on

2020-05-24 19:17:13 - [MESSAGE][PASSED] - Object: 'Object Repository/Objects.ClickLinkDependingOnTextAndIndex/linkToModify' is clicked on

2020-05-24 19:17:13 - [MESSAGE][PASSED] - Call Test Case 'Test Cases/Components/ClickLinkDependingOnTextAndIndex' successfully

2020-05-24 19:17:13 - [TEST_STEP][PASSED] - callTestCase(findTestCase("Components/VerifyPageSuccessfullyLoaded"), ["HeaderName":"Summary"], STOP_ON_FAILURE): Call Test Case 'Test Cases/Components/VerifyPageSuccessfullyLoaded' successfully

2020-05-24 19:17:13 - [TEST_CASE][PASSED] - Test Cases/Components/VerifyPageSuccessfullyLoaded: Test Cases/Components/VerifyPageSuccessfullyLoaded

2020-05-24 19:17:13 - [TEST_STEP][PASSED] - Thread.sleep(3000): null

2020-05-24 19:17:16 - [TEST_STEP][PASSED] - ModifiedHeaderName = modifyObjectProperty(findTestObject("Objects.VerifyPageSuccessfullyLoaded/PageHeader"), "text", "equals", HeaderName, false): Modify property of object successfully

2020-05-24 19:17:16 - [MESSAGE][PASSED] - Modify property of object successfully

2020-05-24 19:17:16 - [TEST_STEP][PASSED] - verifyElementPresent(ModifiedHeaderName, 0): Object 'Object Repository/Objects.VerifyPageSuccessfullyLoaded/PageHeader' is present

2020-05-24 19:17:16 - [MESSAGE][WARNING] - Timeout '0' is invalid. Using default page load timeout: '30'

2020-05-24 19:17:20 - [MESSAGE][PASSED] - Object 'Object Repository/Objects.VerifyPageSuccessfullyLoaded/PageHeader' is present

2020-05-24 19:17:20 - [TEST_STEP][PASSED] - com.reusableComponents.HighlightElement.run(ModifiedHeaderName): com.reusableComponents.HighlightElement.run is PASSED

2020-05-24 19:17:20 - [MESSAGE][PASSED] - com.reusableComponents.HighlightElement.run is PASSED

2020-05-24 19:17:20 - [MESSAGE][PASSED] - Call Test Case 'Test Cases/Components/VerifyPageSuccessfullyLoaded' successfully

2020-05-24 19:17:20 - [TEST_STEP][PASSED] - callTestCase(findTestCase("Components/NavigateToAnyLHS"), ["LHS":"Written Directions"], STOP_ON_FAILURE): Call Test Case 'Test Cases/Components/NavigateToAnyLHS' successfully

2020-05-24 19:17:21 - [TEST_CASE][PASSED] - Test Cases/Components/NavigateToAnyLHS: Test Cases/Components/NavigateToAnyLHS

2020-05-24 19:17:21 - [TEST_STEP][PASSED] - Thread.sleep(1000): null

2020-05-24 19:17:22 - [TEST_STEP][PASSED] - modifiedLHS = modifyObjectProperty(findTestObject("Objects.NavigateToAnyLHS/Page_ISPS2/LHSToModify"), "text", "equals", LHS, true): Modify property of object successfully

2020-05-24 19:17:22 - [MESSAGE][PASSED] - Modify property of object successfully

2020-05-24 19:17:22 - [TEST_STEP][PASSED] - click(modifiedLHS): Object: 'Object Repository/Objects.NavigateToAnyLHS/Page_ISPS2/LHSToModify' is clicked on

2020-05-24 19:17:22 - [MESSAGE][PASSED] - Object: 'Object Repository/Objects.NavigateToAnyLHS/Page_ISPS2/LHSToModify' is clicked on

2020-05-24 19:17:22 - [TEST_STEP][PASSED] - currentLHS = getText(modifiedLHS): Text of object 'Object Repository/Objects.NavigateToAnyLHS/Page_ISPS2/LHSToModify' is: 'Written Directions'

2020-05-24 19:17:26 - [MESSAGE][PASSED] - Text of object 'Object Repository/Objects.NavigateToAnyLHS/Page_ISPS2/LHSToModify' is: 'Written Directions'

2020-05-24 19:17:26 - [TEST_STEP][PASSED] - Thread.sleep(5000): null

2020-05-24 19:17:31 - [MESSAGE][PASSED] - Call Test Case 'Test Cases/Components/NavigateToAnyLHS' successfully

2020-05-24 19:17:31 - [TEST_STEP][PASSED] - callTestCase(findTestCase("Components/VerifyPageIndexSuccessfullyLoaded"), ["index":2], STOP_ON_FAILURE): Call Test Case 'Test Cases/Components/VerifyPageIndexSuccessfullyLoaded' successfully

2020-05-24 19:17:31 - [TEST_CASE][PASSED] - Test Cases/Components/VerifyPageIndexSuccessfullyLoaded: Test Cases/Components/VerifyPageIndexSuccessfullyLoaded

2020-05-24 19:17:31 - [TEST_STEP][PASSED] - Thread.sleep(1000): null

2020-05-24 19:17:32 - [TEST_STEP][PASSED] - if (index == "n"): null

2020-05-24 19:17:32 - [TEST_STEP][PASSED] - else: Modify property of object successfully

2020-05-24 19:17:32 - [TEST_STEP][PASSED] - modifiedInputFld = modifyObjectProperty(findTestObject("Object Repository/Objects.VerifyPageSuccessfullyLoaded/PageHeaderIndex"), "xpath", "equals", "(//*[contains(@class,'isps-page-title-1')])[" + index + "]", true): Modify property of object successfully

2020-05-24 19:17:32 - [MESSAGE][PASSED] - Modify property of object successfully

2020-05-24 19:17:32 - [TEST_STEP][PASSED] - com.reusableComponents.HighlightElement.run(modifiedInputFld): com.reusableComponents.HighlightElement.run is PASSED

2020-05-24 19:17:32 - [MESSAGE][PASSED] - com.reusableComponents.HighlightElement.run is PASSED

2020-05-24 19:17:32 - [MESSAGE][PASSED] - Call Test Case 'Test Cases/Components/VerifyPageIndexSuccessfullyLoaded' successfully

2020-05-24 19:17:32 - [TEST_STEP][PASSED] - callTestCase(findTestCase("Components/HighlightLabelField"), ["LblName":"Expiry Date:"], STOP_ON_FAILURE): Call Test Case 'Test Cases/Components/HighlightLabelField' successfully

2020-05-24 19:17:32 - [TEST_CASE][PASSED] - Test Cases/Components/HighlightLabelField: Test Cases/Components/HighlightLabelField

2020-05-24 19:17:32 - [TEST_STEP][PASSED] - Thread.sleep(1000): null

2020-05-24 19:17:33 - [TEST_STEP][PASSED] - modifiedLblNm = modifyObjectProperty(findTestObject("Objects.HighlightElements/lblField"), "text", "equals", LblName, true): Modify property of object successfully

2020-05-24 19:17:33 - [MESSAGE][PASSED] - Modify property of object successfully

2020-05-24 19:17:33 - [TEST_STEP][PASSED] - com.reusableComponents.HighlightElement.run(modifiedLblNm): com.reusableComponents.HighlightElement.run is PASSED

2020-05-24 19:17:34 - [MESSAGE][PASSED] - com.reusableComponents.HighlightElement.run is PASSED

2020-05-24 19:17:34 - [MESSAGE][PASSED] - Call Test Case 'Test Cases/Components/HighlightLabelField' successfully

2020-05-24 19:17:34 - [TEST_STEP][PASSED] - callTestCase(findTestCase("Components/HighlightInputField"), ["InputFldName":"noOfDays"], STOP_ON_FAILURE): Call Test Case 'Test Cases/Components/HighlightInputField' successfully

2020-05-24 19:17:34 - [TEST_CASE][PASSED] - Test Cases/Components/HighlightInputField: Test Cases/Components/HighlightInputField

2020-05-24 19:17:34 - [TEST_STEP][PASSED] - Thread.sleep(1000): null

2020-05-24 19:17:35 - [TEST_STEP][PASSED] - modifiedLblNm = modifyObjectProperty(findTestObject("Objects.HighlightElements/input_field"), "name", "equals", InputFldName, true): Modify property of object successfully

2020-05-24 19:17:35 - [MESSAGE][PASSED] - Modify property of object successfully

2020-05-24 19:17:35 - [TEST_STEP][PASSED] - com.reusableComponents.HighlightElement.run(modifiedLblNm): com.reusableComponents.HighlightElement.run is PASSED

2020-05-24 19:17:36 - [MESSAGE][PASSED] - com.reusableComponents.HighlightElement.run is PASSED

2020-05-24 19:17:36 - [MESSAGE][PASSED] - Call Test Case 'Test Cases/Components/HighlightInputField' successfully

2020-05-24 19:17:36 - [TEST_STEP][PASSED] - callTestCase(findTestCase("PFI Precision and Scale/PFI Components/VerifyDefaultValue"), ["FieldNm":"noOfDays", "index":0], STOP_ON_FAILURE): Call Test Case 'Test Cases/PFI Precision and Scale/PFI Components/VerifyDefaultValue' successfully

2020-05-24 19:17:36 - [TEST_CASE][PASSED] - Test Cases/PFI Precision and Scale/PFI Components/VerifyDefaultValue: Test Cases/PFI Precision and Scale/PFI Components/VerifyDefaultValue

2020-05-24 19:17:36 - [TEST_STEP][PASSED] - Thread.sleep(1000): null

2020-05-24 19:17:37 - [TEST_STEP][PASSED] - if (index == 0): Modify property of object successfully

2020-05-24 19:17:37 - [TEST_STEP][PASSED] - NewFieldNm = modifyObjectProperty(findTestObject("Objects.HighlightElements/input_field"), "name", "equals", FieldNm, true): Modify property of object successfully

2020-05-24 19:17:37 - [MESSAGE][PASSED] - Modify property of object successfully

2020-05-24 19:17:37 - [TEST_STEP][PASSED] - focus(NewFieldNm): Object: 'Object Repository/Objects.HighlightElements/input_field' is focused

2020-05-24 19:17:37 - [MESSAGE][PASSED] - Object: 'Object Repository/Objects.HighlightElements/input_field' is focused

2020-05-24 19:17:37 - [TEST_STEP][PASSED] - DefVal = getAttribute(NewFieldNm, "value", STOP_ON_FAILURE): Attribute 'value' of object 'Object Repository/Objects.HighlightElements/input_field' is: '14'

2020-05-24 19:17:38 - [MESSAGE][PASSED] - Attribute 'value' of object 'Object Repository/Objects.HighlightElements/input_field' is: '14'

2020-05-24 19:17:38 - [TEST_STEP][PASSED] - switch (FieldNm): null

2020-05-24 19:17:38 - [TEST_STEP][PASSED] - case "noOfDays":: null

2020-05-24 19:17:38 - [TEST_STEP][PASSED] - verifyEqual(DefVal, findTestData("PrecisionAndScaleDB").getValue("DefaultValue", 1)): Actual object '14' and expected object '14' are equal

2020-05-24 19:17:38 - [MESSAGE][PASSED] - Actual object '14' and expected object '14' are equal

2020-05-24 19:17:38 - [TEST_STEP][PASSED] - break: null

2020-05-24 19:17:38 - [MESSAGE][PASSED] - Call Test Case 'Test Cases/PFI Precision and Scale/PFI Components/VerifyDefaultValue' successfully

2020-05-24 19:17:38 - [TEST_STEP][PASSED] - callTestCase(findTestCase("PFI Precision and Scale/PFI Components/InvalidNumericError"), ["FldNm":"noOfDays", "index":0, "EnterInvalidValue":"e"], STOP_ON_FAILURE): Call Test Case 'Test Cases/PFI Precision and Scale/PFI Components/InvalidNumericError' successfully

2020-05-24 19:17:38 - [TEST_CASE][PASSED] - Test Cases/PFI Precision and Scale/PFI Components/InvalidNumericError: Test Cases/PFI Precision and Scale/PFI Components/InvalidNumericError

2020-05-24 19:17:38 - [TEST_STEP][PASSED] - Thread.sleep(1000): null

2020-05-24 19:17:39 - [TEST_STEP][PASSED] - if (index == 0): Modify property of object successfully

2020-05-24 19:17:39 - [TEST_STEP][PASSED] - NewFieldNm = modifyObjectProperty(findTestObject("Objects.HighlightElements/input_field"), "name", "equals", FldNm, true): Modify property of object successfully

2020-05-24 19:17:39 - [MESSAGE][PASSED] - Modify property of object successfully

2020-05-24 19:17:39 - [TEST_STEP][PASSED] - setText(NewFieldNm, EnterInvalidValue): Text 'e' is set on object 'Object Repository/Objects.HighlightElements/input_field'

2020-05-24 19:17:40 - [MESSAGE][PASSED] - Text 'e' is set on object 'Object Repository/Objects.HighlightElements/input_field'

2020-05-24 19:17:40 - [TEST_STEP][PASSED] - mouseOver(NewFieldNm): Object: 'Object Repository/Objects.HighlightElements/input_field' is hovered

2020-05-24 19:17:40 - [MESSAGE][PASSED] - Object: 'Object Repository/Objects.HighlightElements/input_field' is hovered

2020-05-24 19:17:40 - [TEST_STEP][PASSED] - GetValue = getAttribute(NewFieldNm, "value"): Attribute 'value' of object 'Object Repository/Objects.HighlightElements/input_field' is: 'e'

2020-05-24 19:17:41 - [MESSAGE][PASSED] - Attribute 'value' of object 'Object Repository/Objects.HighlightElements/input_field' is: 'e'

2020-05-24 19:17:41 - [TEST_STEP][PASSED] - ToolTipErr = getAttribute(NewFieldNm, "data-errorqtip"): Attribute 'data-errorqtip' of object 'Object Repository/Objects.HighlightElements/input_field' is: '<ul class="x-list-plain"><li>The value in this field is invalid</li><li>e is not a valid number</li></ul>'

2020-05-24 19:17:41 - [MESSAGE][PASSED] - Attribute 'data-errorqtip' of object 'Object Repository/Objects.HighlightElements/input_field' is: '<ul class="x-list-plain"><li>The value in this field is invalid</li><li>e is not a valid number</li></ul>'

2020-05-24 19:17:41 - [TEST_STEP][PASSED] - TotalLength = ToolTipErr.length(): null

2020-05-24 19:17:41 - [TEST_STEP][PASSED] - Get1stErr = ToolTipErr.substring(0, 63): null

2020-05-24 19:17:41 - [TEST_STEP][PASSED] - GetLen = Get1stErr.length(): null

2020-05-24 19:17:41 - [TEST_STEP][PASSED] - FirstErrMsg = Get1stErr.substring(29, GetLen): null

2020-05-24 19:17:41 - [TEST_STEP][PASSED] - Get2ndErr = ToolTipErr.substring(GetLen, TotalLength): null

2020-05-24 19:17:41 - [TEST_STEP][PASSED] - SecondErrLen = Get2ndErr.length() - 10: null

2020-05-24 19:17:41 - [TEST_STEP][PASSED] - SecondErrMsg = Get2ndErr.substring(9, SecondErrLen): null

2020-05-24 19:17:41 - [TEST_STEP][PASSED] - ActualErrMsg = concatenate(FirstErrMsg, " ", SecondErrMsg): Concatenated string array: '['The value in this field is invalid',' ','e is not a valid number']' into 'The value in this field is invalid e is not a valid number'

2020-05-24 19:17:41 - [MESSAGE][PASSED] - Concatenated string array: '['The value in this field is invalid',' ','e is not a valid number']' into 'The value in this field is invalid e is not a valid number'

2020-05-24 19:17:41 - [TEST_STEP][PASSED] - ExpectedErrMsg = concatenate("The value in this field is invalid", " ", GetValue, " ", "is not a valid number"): Concatenated string array: '['The value in this field is invalid',' ','e',' ','is not a valid number']' into 'The value in this field is invalid e is not a valid number'

2020-05-24 19:17:41 - [MESSAGE][PASSED] - Concatenated string array: '['The value in this field is invalid',' ','e',' ','is not a valid number']' into 'The value in this field is invalid e is not a valid number'

2020-05-24 19:17:41 - [TEST_STEP][PASSED] - verifyMatch(ActualErrMsg, ExpectedErrMsg, true): Actual text 'The value in this field is invalid e is not a valid number' and expected text 'The value in this field is invalid e is not a valid number' are matched  using regular expression

2020-05-24 19:17:41 - [MESSAGE][PASSED] - Actual text 'The value in this field is invalid e is not a valid number' and expected text 'The value in this field is invalid e is not a valid number' are matched  using regular expression

2020-05-24 19:17:41 - [MESSAGE][PASSED] - Call Test Case 'Test Cases/PFI Precision and Scale/PFI Components/InvalidNumericError' successfully

2020-05-24 19:17:41 - [TEST_STEP][PASSED] - callTestCase(findTestCase("PFI Precision and Scale/PFI Components/NegativeIntegersError"), ["FldNm":"noOfDays", "index":0, "itr":20], STOP_ON_FAILURE): Call Test Case 'Test Cases/PFI Precision and Scale/PFI Components/NegativeIntegersError' successfully

2020-05-24 19:17:41 - [TEST_CASE][PASSED] - Test Cases/PFI Precision and Scale/PFI Components/NegativeIntegersError: Test Cases/PFI Precision and Scale/PFI Components/NegativeIntegersError

2020-05-24 19:17:42 - [TEST_STEP][PASSED] - Thread.sleep(1000): null

2020-05-24 19:17:43 - [TEST_STEP][PASSED] - if (index == 0): Modify property of object successfully

2020-05-24 19:17:43 - [TEST_STEP][PASSED] - NewInputNmField = modifyObjectProperty(findTestObject("Objects.HighlightElements/input_field"), "name", "equals", FldNm, true): Modify property of object successfully

2020-05-24 19:17:43 - [MESSAGE][PASSED] - Modify property of object successfully

2020-05-24 19:17:43 - [TEST_STEP][PASSED] - setText(NewInputNmField, "0"): Text '0' is set on object 'Object Repository/Objects.HighlightElements/input_field'

2020-05-24 19:17:43 - [MESSAGE][PASSED] - Text '0' is set on object 'Object Repository/Objects.HighlightElements/input_field'

2020-05-24 19:17:43 - [TEST_STEP][PASSED] - for ([i = 0, i <= itr, (i++)]): Keys 'DOWN + ' sent to object: 'Object Repository/Objects.HighlightElements/input_field'

2020-05-24 19:17:43 - [TEST_STEP][PASSED] - sendKeys(NewInputNmField, Keys.chord(ARROW_DOWN)): Keys 'DOWN + ' sent to object: 'Object Repository/Objects.HighlightElements/input_field'

2020-05-24 19:17:44 - [MESSAGE][PASSED] - Keys 'DOWN + ' sent to object: 'Object Repository/Objects.HighlightElements/input_field'

2020-05-24 19:17:44 - [TEST_STEP][PASSED] - sendKeys(NewInputNmField, Keys.chord(ARROW_DOWN)): Keys 'DOWN + ' sent to object: 'Object Repository/Objects.HighlightElements/input_field'

2020-05-24 19:17:44 - [MESSAGE][PASSED] - Keys 'DOWN + ' sent to object: 'Object Repository/Objects.HighlightElements/input_field'

2020-05-24 19:17:44 - [TEST_STEP][PASSED] - sendKeys(NewInputNmField, Keys.chord(ARROW_DOWN)): Keys 'DOWN + ' sent to object: 'Object Repository/Objects.HighlightElements/input_field'

2020-05-24 19:17:44 - [MESSAGE][PASSED] - Keys 'DOWN + ' sent to object: 'Object Repository/Objects.HighlightElements/input_field'

2020-05-24 19:17:44 - [TEST_STEP][PASSED] - sendKeys(NewInputNmField, Keys.chord(ARROW_DOWN)): Keys 'DOWN + ' sent to object: 'Object Repository/Objects.HighlightElements/input_field'

2020-05-24 19:17:45 - [MESSAGE][PASSED] - Keys 'DOWN + ' sent to object: 'Object Repository/Objects.HighlightElements/input_field'

2020-05-24 19:17:45 - [TEST_STEP][PASSED] - sendKeys(NewInputNmField, Keys.chord(ARROW_DOWN)): Keys 'DOWN + ' sent to object: 'Object Repository/Objects.HighlightElements/input_field'

2020-05-24 19:17:45 - [MESSAGE][PASSED] - Keys 'DOWN + ' sent to object: 'Object Repository/Objects.HighlightElements/input_field'

2020-05-24 19:17:45 - [TEST_STEP][PASSED] - sendKeys(NewInputNmField, Keys.chord(ARROW_DOWN)): Keys 'DOWN + ' sent to object: 'Object Repository/Objects.HighlightElements/input_field'

2020-05-24 19:17:46 - [MESSAGE][PASSED] - Keys 'DOWN + ' sent to object: 'Object Repository/Objects.HighlightElements/input_field'

2020-05-24 19:17:46 - [TEST_STEP][PASSED] - sendKeys(NewInputNmField, Keys.chord(ARROW_DOWN)): Keys 'DOWN + ' sent to object: 'Object Repository/Objects.HighlightElements/input_field'

2020-05-24 19:17:46 - [MESSAGE][PASSED] - Keys 'DOWN + ' sent to object: 'Object Repository/Objects.HighlightElements/input_field'

2020-05-24 19:17:46 - [TEST_STEP][PASSED] - sendKeys(NewInputNmField, Keys.chord(ARROW_DOWN)): Keys 'DOWN + ' sent to object: 'Object Repository/Objects.HighlightElements/input_field'

2020-05-24 19:17:47 - [MESSAGE][PASSED] - Keys 'DOWN + ' sent to object: 'Object Repository/Objects.HighlightElements/input_field'

2020-05-24 19:17:47 - [TEST_STEP][PASSED] - sendKeys(NewInputNmField, Keys.chord(ARROW_DOWN)): Keys 'DOWN + ' sent to object: 'Object Repository/Objects.HighlightElements/input_field'

2020-05-24 19:17:47 - [MESSAGE][PASSED] - Keys 'DOWN + ' sent to object: 'Object Repository/Objects.HighlightElements/input_field'

2020-05-24 19:17:47 - [TEST_STEP][PASSED] - sendKeys(NewInputNmField, Keys.chord(ARROW_DOWN)): Keys 'DOWN + ' sent to object: 'Object Repository/Objects.HighlightElements/input_field'

2020-05-24 19:17:48 - [MESSAGE][PASSED] - Keys 'DOWN + ' sent to object: 'Object Repository/Objects.HighlightElements/input_field'

2020-05-24 19:17:48 - [TEST_STEP][PASSED] - sendKeys(NewInputNmField, Keys.chord(ARROW_DOWN)): Keys 'DOWN + ' sent to object: 'Object Repository/Objects.HighlightElements/input_field'

2020-05-24 19:17:48 - [MESSAGE][PASSED] - Keys 'DOWN + ' sent to object: 'Object Repository/Objects.HighlightElements/input_field'

2020-05-24 19:17:48 - [TEST_STEP][PASSED] - sendKeys(NewInputNmField, Keys.chord(ARROW_DOWN)): Keys 'DOWN + ' sent to object: 'Object Repository/Objects.HighlightElements/input_field'

2020-05-24 19:17:49 - [MESSAGE][PASSED] - Keys 'DOWN + ' sent to object: 'Object Repository/Objects.HighlightElements/input_field'

2020-05-24 19:17:49 - [TEST_STEP][PASSED] - sendKeys(NewInputNmField, Keys.chord(ARROW_DOWN)): Keys 'DOWN + ' sent to object: 'Object Repository/Objects.HighlightElements/input_field'

2020-05-24 19:17:49 - [MESSAGE][PASSED] - Keys 'DOWN + ' sent to object: 'Object Repository/Objects.HighlightElements/input_field'

2020-05-24 19:17:49 - [TEST_STEP][PASSED] - sendKeys(NewInputNmField, Keys.chord(ARROW_DOWN)): Keys 'DOWN + ' sent to object: 'Object Repository/Objects.HighlightElements/input_field'

2020-05-24 19:17:50 - [MESSAGE][PASSED] - Keys 'DOWN + ' sent to object: 'Object Repository/Objects.HighlightElements/input_field'

2020-05-24 19:17:50 - [TEST_STEP][PASSED] - sendKeys(NewInputNmField, Keys.chord(ARROW_DOWN)): Keys 'DOWN + ' sent to object: 'Object Repository/Objects.HighlightElements/input_field'

2020-05-24 19:17:50 - [MESSAGE][PASSED] - Keys 'DOWN + ' sent to object: 'Object Repository/Objects.HighlightElements/input_field'

2020-05-24 19:17:50 - [TEST_STEP][PASSED] - sendKeys(NewInputNmField, Keys.chord(ARROW_DOWN)): Keys 'DOWN + ' sent to object: 'Object Repository/Objects.HighlightElements/input_field'

2020-05-24 19:17:51 - [MESSAGE][PASSED] - Keys 'DOWN + ' sent to object: 'Object Repository/Objects.HighlightElements/input_field'

2020-05-24 19:17:51 - [TEST_STEP][PASSED] - sendKeys(NewInputNmField, Keys.chord(ARROW_DOWN)): Keys 'DOWN + ' sent to object: 'Object Repository/Objects.HighlightElements/input_field'

2020-05-24 19:17:51 - [MESSAGE][PASSED] - Keys 'DOWN + ' sent to object: 'Object Repository/Objects.HighlightElements/input_field'

2020-05-24 19:17:51 - [TEST_STEP][PASSED] - sendKeys(NewInputNmField, Keys.chord(ARROW_DOWN)): Keys 'DOWN + ' sent to object: 'Object Repository/Objects.HighlightElements/input_field'

2020-05-24 19:17:52 - [MESSAGE][PASSED] - Keys 'DOWN + ' sent to object: 'Object Repository/Objects.HighlightElements/input_field'

2020-05-24 19:17:52 - [TEST_STEP][PASSED] - sendKeys(NewInputNmField, Keys.chord(ARROW_DOWN)): Keys 'DOWN + ' sent to object: 'Object Repository/Objects.HighlightElements/input_field'

2020-05-24 19:17:52 - [MESSAGE][PASSED] - Keys 'DOWN + ' sent to object: 'Object Repository/Objects.HighlightElements/input_field'

2020-05-24 19:17:52 - [TEST_STEP][PASSED] - sendKeys(NewInputNmField, Keys.chord(ARROW_DOWN)): Keys 'DOWN + ' sent to object: 'Object Repository/Objects.HighlightElements/input_field'

2020-05-24 19:17:52 - [MESSAGE][PASSED] - Keys 'DOWN + ' sent to object: 'Object Repository/Objects.HighlightElements/input_field'

2020-05-24 19:17:52 - [TEST_STEP][PASSED] - sendKeys(NewInputNmField, Keys.chord(ARROW_DOWN)): Keys 'DOWN + ' sent to object: 'Object Repository/Objects.HighlightElements/input_field'

2020-05-24 19:17:53 - [MESSAGE][PASSED] - Keys 'DOWN + ' sent to object: 'Object Repository/Objects.HighlightElements/input_field'

2020-05-24 19:17:53 - [TEST_STEP][PASSED] - mouseOver(NewInputNmField): Object: 'Object Repository/Objects.HighlightElements/input_field' is hovered

2020-05-24 19:17:53 - [MESSAGE][PASSED] - Object: 'Object Repository/Objects.HighlightElements/input_field' is hovered

2020-05-24 19:17:53 - [TEST_STEP][PASSED] - ToolTipErr = getAttribute(NewInputNmField, "data-errorqtip"): Attribute 'data-errorqtip' of object 'Object Repository/Objects.HighlightElements/input_field' is: '<ul class="x-list-plain"><li>The value in this field is invalid</li></ul>'

2020-05-24 19:17:54 - [MESSAGE][PASSED] - Attribute 'data-errorqtip' of object 'Object Repository/Objects.HighlightElements/input_field' is: '<ul class="x-list-plain"><li>The value in this field is invalid</li></ul>'

2020-05-24 19:17:54 - [TEST_STEP][PASSED] - TotalLength = ToolTipErr.length() - 10: null

2020-05-24 19:17:54 - [TEST_STEP][PASSED] - ActualErrMsg = ToolTipErr.substring(29, TotalLength): null

2020-05-24 19:17:54 - [TEST_STEP][PASSED] - verifyMatch(ActualErrMsg, "The value in this field is invalid", true): Actual text 'The value in this field is invalid' and expected text 'The value in this field is invalid' are matched  using regular expression

2020-05-24 19:17:54 - [MESSAGE][PASSED] - Actual text 'The value in this field is invalid' and expected text 'The value in this field is invalid' are matched  using regular expression

2020-05-24 19:17:54 - [MESSAGE][PASSED] - Call Test Case 'Test Cases/PFI Precision and Scale/PFI Components/NegativeIntegersError' successfully

2020-05-24 19:17:54 - [TEST_STEP][PASSED] - callTestCase(findTestCase("PFI Precision and Scale/PFI Components/NumericTextboxValidationII"), ["nameToBeUsed":"noOfDays", "minLen":20, "index":0], STOP_ON_FAILURE): Call Test Case 'Test Cases/PFI Precision and Scale/PFI Components/NumericTextboxValidationII' successfully

2020-05-24 19:17:54 - [TEST_CASE][PASSED] - Test Cases/PFI Precision and Scale/PFI Components/NumericTextboxValidationII: Test Cases/PFI Precision and Scale/PFI Components/NumericTextboxValidationII

2020-05-24 19:17:54 - [TEST_STEP][PASSED] - Thread.sleep(1000): null

2020-05-24 19:17:55 - [TEST_STEP][PASSED] - Numeric = "0123456789": null

2020-05-24 19:17:55 - [TEST_STEP][PASSED] - AlphaSpecialChar = z) + "`~!@#$%^&*()=_{}|\][;'":,?><"".join(): null

2020-05-24 19:17:55 - [TEST_STEP][PASSED] - RandomNumeric = RandomStringUtils.random(minLen, Numeric.toCharArray()): null

2020-05-24 19:17:55 - [TEST_STEP][PASSED] - RandomString = RandomStringUtils.random(minLen, AlphaSpecialChar): null

2020-05-24 19:17:55 - [TEST_STEP][PASSED] - regexPat = Pattern.compile("^[0-9]+$"): null

2020-05-24 19:17:55 - [TEST_STEP][PASSED] - if (index == 0): Modify property of object successfully

2020-05-24 19:17:55 - [TEST_STEP][PASSED] - NewInputNmField = modifyObjectProperty(findTestObject("Objects.RemarksValidation/input_Remarks"), "name", "equals", nameToBeUsed, true): Modify property of object successfully

2020-05-24 19:17:55 - [MESSAGE][PASSED] - Modify property of object successfully

2020-05-24 19:17:55 - [TEST_STEP][PASSED] - focus(NewInputNmField): Object: 'Object Repository/Objects.RemarksValidation/input_Remarks' is focused

2020-05-24 19:17:55 - [MESSAGE][PASSED] - Object: 'Object Repository/Objects.RemarksValidation/input_Remarks' is focused

2020-05-24 19:17:55 - [TEST_STEP][PASSED] - setText(NewInputNmField, RandomString): Text 'X\<n"udTPKX{_|`p)snW' is set on object 'Object Repository/Objects.RemarksValidation/input_Remarks'

2020-05-24 19:17:56 - [MESSAGE][PASSED] - Text 'X\<n"udTPKX{_|`p)snW' is set on object 'Object Repository/Objects.RemarksValidation/input_Remarks'

2020-05-24 19:17:56 - [TEST_STEP][PASSED] - GetInputVal = getAttribute(NewInputNmField, "value"): Attribute 'value' of object 'Object Repository/Objects.RemarksValidation/input_Remarks' is: ''

2020-05-24 19:17:56 - [MESSAGE][PASSED] - Attribute 'value' of object 'Object Repository/Objects.RemarksValidation/input_Remarks' is: ''

2020-05-24 19:17:56 - [TEST_STEP][PASSED] - if (GetInputVal.contains("e")): null

2020-05-24 19:17:56 - [TEST_STEP][PASSED] - else: Actual text '' and expected text '' are matched  using regular expression

2020-05-24 19:17:56 - [TEST_STEP][PASSED] - verifyMatch(GetInputVal, "", true): Actual text '' and expected text '' are matched  using regular expression

2020-05-24 19:17:56 - [MESSAGE][PASSED] - Actual text '' and expected text '' are matched  using regular expression

2020-05-24 19:17:56 - [TEST_STEP][PASSED] - setText(NewInputNmField, RandomNumeric): Text '35976475423205289502' is set on object 'Object Repository/Objects.RemarksValidation/input_Remarks'

2020-05-24 19:17:57 - [MESSAGE][PASSED] - Text '35976475423205289502' is set on object 'Object Repository/Objects.RemarksValidation/input_Remarks'

2020-05-24 19:17:57 - [TEST_STEP][PASSED] - GetEnteredIntegers = getAttribute(NewInputNmField, "value"): Attribute 'value' of object 'Object Repository/Objects.RemarksValidation/input_Remarks' is: '3597'

2020-05-24 19:17:57 - [MESSAGE][PASSED] - Attribute 'value' of object 'Object Repository/Objects.RemarksValidation/input_Remarks' is: '3597'

2020-05-24 19:17:57 - [TEST_STEP][PASSED] - matchStr = regexPat.matcher(GetEnteredIntegers): null

2020-05-24 19:17:57 - [TEST_STEP][PASSED] - if (matchStr.matches() == true): Accepting Numeric

2020-05-24 19:17:57 - [TEST_STEP][PASSED] - comment("Accepting Numeric"): Accepting Numeric

2020-05-24 19:17:57 - [MESSAGE][INFO] - Accepting Numeric

2020-05-24 19:17:57 - [MESSAGE][PASSED] - Call Test Case 'Test Cases/PFI Precision and Scale/PFI Components/NumericTextboxValidationII' successfully

2020-05-24 19:17:57 - [TEST_STEP][PASSED] - callTestCase(findTestCase("Components/HighlightInputField"), ["InputFldName":"periodType"], STOP_ON_FAILURE): Call Test Case 'Test Cases/Components/HighlightInputField' successfully

2020-05-24 19:17:57 - [TEST_CASE][PASSED] - Test Cases/Components/HighlightInputField: Test Cases/Components/HighlightInputField

2020-05-24 19:17:57 - [TEST_STEP][PASSED] - Thread.sleep(1000): null

2020-05-24 19:17:58 - [TEST_STEP][PASSED] - modifiedLblNm = modifyObjectProperty(findTestObject("Objects.HighlightElements/input_field"), "name", "equals", InputFldName, true): Modify property of object successfully

2020-05-24 19:17:58 - [MESSAGE][PASSED] - Modify property of object successfully

2020-05-24 19:17:58 - [TEST_STEP][PASSED] - com.reusableComponents.HighlightElement.run(modifiedLblNm): com.reusableComponents.HighlightElement.run is PASSED

2020-05-24 19:17:59 - [MESSAGE][PASSED] - com.reusableComponents.HighlightElement.run is PASSED

2020-05-24 19:17:59 - [MESSAGE][PASSED] - Call Test Case 'Test Cases/Components/HighlightInputField' successfully

2020-05-24 19:17:59 - [TEST_STEP][PASSED] - callTestCase(findTestCase("PFI Precision and Scale/PFI Components/VerifyDefaultValue"), ["FieldNm":"periodType", "index":0], STOP_ON_FAILURE): Call Test Case 'Test Cases/PFI Precision and Scale/PFI Components/VerifyDefaultValue' successfully

2020-05-24 19:17:59 - [TEST_CASE][PASSED] - Test Cases/PFI Precision and Scale/PFI Components/VerifyDefaultValue: Test Cases/PFI Precision and Scale/PFI Components/VerifyDefaultValue

2020-05-24 19:17:59 - [TEST_STEP][PASSED] - Thread.sleep(1000): null

2020-05-24 19:18:00 - [TEST_STEP][PASSED] - if (index == 0): Modify property of object successfully

2020-05-24 19:18:00 - [TEST_STEP][PASSED] - NewFieldNm = modifyObjectProperty(findTestObject("Objects.HighlightElements/input_field"), "name", "equals", FieldNm, true): Modify property of object successfully

2020-05-24 19:18:00 - [MESSAGE][PASSED] - Modify property of object successfully

2020-05-24 19:18:00 - [TEST_STEP][PASSED] - focus(NewFieldNm): Object: 'Object Repository/Objects.HighlightElements/input_field' is focused

2020-05-24 19:18:00 - [MESSAGE][PASSED] - Object: 'Object Repository/Objects.HighlightElements/input_field' is focused

2020-05-24 19:18:00 - [TEST_STEP][PASSED] - DefVal = getAttribute(NewFieldNm, "value", STOP_ON_FAILURE): Attribute 'value' of object 'Object Repository/Objects.HighlightElements/input_field' is: 'Working Day(s)'

2020-05-24 19:18:01 - [MESSAGE][PASSED] - Attribute 'value' of object 'Object Repository/Objects.HighlightElements/input_field' is: 'Working Day(s)'

2020-05-24 19:18:01 - [TEST_STEP][PASSED] - switch (FieldNm): null

2020-05-24 19:18:01 - [TEST_STEP][PASSED] - case "periodType":: null

2020-05-24 19:18:01 - [TEST_STEP][PASSED] - verifyMatch(DefVal, findTestData("PrecisionAndScaleDB").getValue("DefaultValue", 2), false): Actual text 'Working Day(s)' and expected text 'Working Day(s)' are matched 

2020-05-24 19:18:01 - [MESSAGE][PASSED] - Actual text 'Working Day(s)' and expected text 'Working Day(s)' are matched 

2020-05-24 19:18:01 - [TEST_STEP][PASSED] - break: null

2020-05-24 19:18:01 - [MESSAGE][PASSED] - Call Test Case 'Test Cases/PFI Precision and Scale/PFI Components/VerifyDefaultValue' successfully

2020-05-24 19:18:01 - [TEST_STEP][PASSED] - callTestCase(findTestCase("PFI Precision and Scale/PFI Components/VerifyDropdownValues"), ["FldNm":"periodType", "index":0, "CallTCName":"PFI Precision and Scale/PFI Components/ConstantHashMap", "cmbNm":"PeriodType", ... ], STOP_ON_FAILURE): Call Test Case 'Test Cases/PFI Precision and Scale/PFI Components/VerifyDropdownValues' successfully

2020-05-24 19:18:01 - [TEST_CASE][PASSED] - Test Cases/PFI Precision and Scale/PFI Components/VerifyDropdownValues: Test Cases/PFI Precision and Scale/PFI Components/VerifyDropdownValues

2020-05-24 19:18:01 - [TEST_STEP][PASSED] - Thread.sleep(1000): null

2020-05-24 19:18:02 - [TEST_STEP][PASSED] - if (index == 0): Modify property of object successfully

2020-05-24 19:18:02 - [TEST_STEP][PASSED] - NewInputNmField = modifyObjectProperty(findTestObject("Objects.HighlightElements/input_field"), "name", "equals", FldNm, true): Modify property of object successfully

2020-05-24 19:18:02 - [MESSAGE][PASSED] - Modify property of object successfully

2020-05-24 19:18:02 - [TEST_STEP][PASSED] - if (FldNm == "NovaComboBox"): null

2020-05-24 19:18:02 - [TEST_STEP][PASSED] - comboNm = cmbNm: null

2020-05-24 19:18:02 - [TEST_STEP][PASSED] - focus(NewInputNmField): Object: 'Object Repository/Objects.HighlightElements/input_field' is focused

2020-05-24 19:18:02 - [MESSAGE][PASSED] - Object: 'Object Repository/Objects.HighlightElements/input_field' is focused

2020-05-24 19:18:02 - [TEST_STEP][PASSED] - setText(NewInputNmField, EnterValue): Text '' is set on object 'Object Repository/Objects.HighlightElements/input_field'

2020-05-24 19:18:02 - [MESSAGE][PASSED] - Text '' is set on object 'Object Repository/Objects.HighlightElements/input_field'

2020-05-24 19:18:02 - [TEST_STEP][PASSED] - for ([i = 1, i <= NoOfVal, (i++)]): Keys 'DOWN + ' sent to object: 'Object Repository/Objects.HighlightElements/input_field'

2020-05-24 19:18:02 - [TEST_STEP][PASSED] - sendKeys(NewInputNmField, Keys.chord(ARROW_DOWN)): Keys 'DOWN + ' sent to object: 'Object Repository/Objects.HighlightElements/input_field'

2020-05-24 19:18:03 - [MESSAGE][PASSED] - Keys 'DOWN + ' sent to object: 'Object Repository/Objects.HighlightElements/input_field'

2020-05-24 19:18:03 - [TEST_STEP][PASSED] - delay(DelayTime): Delayed 0 second(s)

2020-05-24 19:18:03 - [MESSAGE][PASSED] - Delayed 0 second(s)

2020-05-24 19:18:03 - [TEST_STEP][PASSED] - sendKeys(NewInputNmField, Keys.chord(ENTER)): Keys 'ENTER + ' sent to object: 'Object Repository/Objects.HighlightElements/input_field'

2020-05-24 19:18:03 - [MESSAGE][PASSED] - Keys 'ENTER + ' sent to object: 'Object Repository/Objects.HighlightElements/input_field'

2020-05-24 19:18:03 - [TEST_STEP][PASSED] - ComboBoxValue = getAttribute(NewInputNmField, "value"): Attribute 'value' of object 'Object Repository/Objects.HighlightElements/input_field' is: 'Calendar Day(s)'

2020-05-24 19:18:03 - [MESSAGE][PASSED] - Attribute 'value' of object 'Object Repository/Objects.HighlightElements/input_field' is: 'Calendar Day(s)'

2020-05-24 19:18:03 - [TEST_STEP][PASSED] - callTestCase(findTestCase(CallTCName), ["FindValue":ComboBoxValue, "DropdownNm":comboNm], STOP_ON_FAILURE): Call Test Case 'Test Cases/PFI Precision and Scale/PFI Components/ConstantHashMap' successfully

2020-05-24 19:18:04 - [TEST_CASE][PASSED] - Test Cases/PFI Precision and Scale/PFI Components/ConstantHashMap: Test Cases/PFI Precision and Scale/PFI Components/ConstantHashMap

2020-05-24 19:18:04 - [TEST_STEP][PASSED] - ConstantTBL = [1:["PeriodType":"Working Day(s)"], 2:["PeriodType":"Calendar Day(s)"], 3:["PeriodType":"Month(s)"], 4:["TypeOfLetter":"T1"], ... ]: null

2020-05-24 19:18:04 - [TEST_STEP][PASSED] - switch (DropdownNm): null

2020-05-24 19:18:04 - [TEST_STEP][PASSED] - case "PeriodType":: null

2020-05-24 19:18:04 - [TEST_STEP][PASSED] - ValueFound = ConstantTBL.find({ -> ... }): null

2020-05-24 19:18:04 - [TEST_STEP][PASSED] - break: null

2020-05-24 19:18:04 - [MESSAGE][PASSED] - Call Test Case 'Test Cases/PFI Precision and Scale/PFI Components/ConstantHashMap' successfully

2020-05-24 19:18:04 - [TEST_STEP][PASSED] - println(ValueFound): null

2020-05-24 19:18:04 - [TEST_STEP][PASSED] - sendKeys(NewInputNmField, Keys.chord(ARROW_DOWN)): Keys 'DOWN + ' sent to object: 'Object Repository/Objects.HighlightElements/input_field'

2020-05-24 19:18:04 - [MESSAGE][PASSED] - Keys 'DOWN + ' sent to object: 'Object Repository/Objects.HighlightElements/input_field'

2020-05-24 19:18:04 - [TEST_STEP][PASSED] - sendKeys(NewInputNmField, Keys.chord(ARROW_DOWN)): Keys 'DOWN + ' sent to object: 'Object Repository/Objects.HighlightElements/input_field'

2020-05-24 19:18:04 - [MESSAGE][PASSED] - Keys 'DOWN + ' sent to object: 'Object Repository/Objects.HighlightElements/input_field'

2020-05-24 19:18:04 - [TEST_STEP][PASSED] - delay(DelayTime): Delayed 0 second(s)

2020-05-24 19:18:04 - [MESSAGE][PASSED] - Delayed 0 second(s)

2020-05-24 19:18:04 - [TEST_STEP][PASSED] - sendKeys(NewInputNmField, Keys.chord(ENTER)): Keys 'ENTER + ' sent to object: 'Object Repository/Objects.HighlightElements/input_field'

2020-05-24 19:18:05 - [MESSAGE][PASSED] - Keys 'ENTER + ' sent to object: 'Object Repository/Objects.HighlightElements/input_field'

2020-05-24 19:18:05 - [TEST_STEP][PASSED] - ComboBoxValue = getAttribute(NewInputNmField, "value"): Attribute 'value' of object 'Object Repository/Objects.HighlightElements/input_field' is: 'Month(s)'

2020-05-24 19:18:05 - [MESSAGE][PASSED] - Attribute 'value' of object 'Object Repository/Objects.HighlightElements/input_field' is: 'Month(s)'

2020-05-24 19:18:05 - [TEST_STEP][PASSED] - callTestCase(findTestCase(CallTCName), ["FindValue":ComboBoxValue, "DropdownNm":comboNm], STOP_ON_FAILURE): Call Test Case 'Test Cases/PFI Precision and Scale/PFI Components/ConstantHashMap' successfully

2020-05-24 19:18:05 - [TEST_CASE][PASSED] - Test Cases/PFI Precision and Scale/PFI Components/ConstantHashMap: Test Cases/PFI Precision and Scale/PFI Components/ConstantHashMap

2020-05-24 19:18:05 - [TEST_STEP][PASSED] - ConstantTBL = [1:["PeriodType":"Working Day(s)"], 2:["PeriodType":"Calendar Day(s)"], 3:["PeriodType":"Month(s)"], 4:["TypeOfLetter":"T1"], ... ]: null

2020-05-24 19:18:05 - [TEST_STEP][PASSED] - switch (DropdownNm): null

2020-05-24 19:18:05 - [TEST_STEP][PASSED] - case "PeriodType":: null

2020-05-24 19:18:05 - [TEST_STEP][PASSED] - ValueFound = ConstantTBL.find({ -> ... }): null

2020-05-24 19:18:05 - [TEST_STEP][PASSED] - break: null

2020-05-24 19:18:05 - [MESSAGE][PASSED] - Call Test Case 'Test Cases/PFI Precision and Scale/PFI Components/ConstantHashMap' successfully

2020-05-24 19:18:05 - [TEST_STEP][PASSED] - println(ValueFound): null

2020-05-24 19:18:05 - [TEST_STEP][PASSED] - sendKeys(NewInputNmField, Keys.chord(ARROW_DOWN)): Keys 'DOWN + ' sent to object: 'Object Repository/Objects.HighlightElements/input_field'

2020-05-24 19:18:06 - [MESSAGE][PASSED] - Keys 'DOWN + ' sent to object: 'Object Repository/Objects.HighlightElements/input_field'

2020-05-24 19:18:06 - [TEST_STEP][PASSED] - sendKeys(NewInputNmField, Keys.chord(ARROW_DOWN)): Keys 'DOWN + ' sent to object: 'Object Repository/Objects.HighlightElements/input_field'

2020-05-24 19:18:06 - [MESSAGE][PASSED] - Keys 'DOWN + ' sent to object: 'Object Repository/Objects.HighlightElements/input_field'

2020-05-24 19:18:06 - [TEST_STEP][PASSED] - delay(DelayTime): Delayed 0 second(s)

2020-05-24 19:18:06 - [MESSAGE][PASSED] - Delayed 0 second(s)

2020-05-24 19:18:06 - [TEST_STEP][PASSED] - sendKeys(NewInputNmField, Keys.chord(ENTER)): Keys 'ENTER + ' sent to object: 'Object Repository/Objects.HighlightElements/input_field'

2020-05-24 19:18:06 - [MESSAGE][PASSED] - Keys 'ENTER + ' sent to object: 'Object Repository/Objects.HighlightElements/input_field'

2020-05-24 19:18:06 - [TEST_STEP][PASSED] - ComboBoxValue = getAttribute(NewInputNmField, "value"): Attribute 'value' of object 'Object Repository/Objects.HighlightElements/input_field' is: 'Working Day(s)'

2020-05-24 19:18:07 - [MESSAGE][PASSED] - Attribute 'value' of object 'Object Repository/Objects.HighlightElements/input_field' is: 'Working Day(s)'

2020-05-24 19:18:07 - [TEST_STEP][PASSED] - callTestCase(findTestCase(CallTCName), ["FindValue":ComboBoxValue, "DropdownNm":comboNm], STOP_ON_FAILURE): Call Test Case 'Test Cases/PFI Precision and Scale/PFI Components/ConstantHashMap' successfully

2020-05-24 19:18:07 - [TEST_CASE][PASSED] - Test Cases/PFI Precision and Scale/PFI Components/ConstantHashMap: Test Cases/PFI Precision and Scale/PFI Components/ConstantHashMap

2020-05-24 19:18:07 - [TEST_STEP][PASSED] - ConstantTBL = [1:["PeriodType":"Working Day(s)"], 2:["PeriodType":"Calendar Day(s)"], 3:["PeriodType":"Month(s)"], 4:["TypeOfLetter":"T1"], ... ]: null

2020-05-24 19:18:07 - [TEST_STEP][PASSED] - switch (DropdownNm): null

2020-05-24 19:18:07 - [TEST_STEP][PASSED] - case "PeriodType":: null

2020-05-24 19:18:07 - [TEST_STEP][PASSED] - ValueFound = ConstantTBL.find({ -> ... }): null

2020-05-24 19:18:07 - [TEST_STEP][PASSED] - break: null

2020-05-24 19:18:07 - [MESSAGE][PASSED] - Call Test Case 'Test Cases/PFI Precision and Scale/PFI Components/ConstantHashMap' successfully

2020-05-24 19:18:07 - [TEST_STEP][PASSED] - println(ValueFound): null

2020-05-24 19:18:07 - [TEST_STEP][PASSED] - sendKeys(NewInputNmField, Keys.chord(ARROW_DOWN)): Keys 'DOWN + ' sent to object: 'Object Repository/Objects.HighlightElements/input_field'

2020-05-24 19:18:07 - [MESSAGE][PASSED] - Keys 'DOWN + ' sent to object: 'Object Repository/Objects.HighlightElements/input_field'

2020-05-24 19:18:07 - [TEST_STEP][PASSED] - sendKeys(NewInputNmField, Keys.chord(ENTER)): Keys 'ENTER + ' sent to object: 'Object Repository/Objects.HighlightElements/input_field'

2020-05-24 19:18:08 - [MESSAGE][PASSED] - Keys 'ENTER + ' sent to object: 'Object Repository/Objects.HighlightElements/input_field'

2020-05-24 19:18:08 - [MESSAGE][PASSED] - Call Test Case 'Test Cases/PFI Precision and Scale/PFI Components/VerifyDropdownValues' successfully

2020-05-24 19:18:08 - [TEST_STEP][PASSED] - callTestCase(findTestCase("Components/ClickRadioButton"), ["Index":14], STOP_ON_FAILURE): Call Test Case 'Test Cases/Components/ClickRadioButton' successfully

2020-05-24 19:18:08 - [TEST_CASE][PASSED] - Test Cases/Components/ClickRadioButton: Test Cases/Components/ClickRadioButton

2020-05-24 19:18:08 - [TEST_STEP][PASSED] - Thread.sleep(1000): null

2020-05-24 19:18:09 - [TEST_STEP][NOT_RUN] - com.reusableComponents.HighlightElement.run(findTestObject("Objects.ClickRadioButtonRegulatoryRequirements/ApprovedDocument")): NOT_RUN: com.reusableComponents.HighlightElement.run(findTestObject("Objects.ClickRadioButtonRegulatoryRequirements/ApprovedDocument"))

2020-05-24 19:18:09 - [MESSAGE][NOT_RUN] - NOT_RUN: com.reusableComponents.HighlightElement.run(findTestObject("Objects.ClickRadioButtonRegulatoryRequirements/ApprovedDocument"))

2020-05-24 19:18:09 - [TEST_STEP][NOT_RUN] - click(findTestObject("Objects.ClickRadioButtonRegulatoryRequirements/span_Building Control (Environment Sustainability) Regulations 2008_radiofield-1851-displayEl")): NOT_RUN: click(findTestObject("Objects.ClickRadioButtonRegulatoryRequirements/span_Building Control (Environment Sustainability) Regulations 2008_radiofield-1851-displayEl"))

2020-05-24 19:18:09 - [MESSAGE][NOT_RUN] - NOT_RUN: click(findTestObject("Objects.ClickRadioButtonRegulatoryRequirements/span_Building Control (Environment Sustainability) Regulations 2008_radiofield-1851-displayEl"))

2020-05-24 19:18:09 - [TEST_STEP][PASSED] - modifiedRadioButton = modifyObjectProperty(findTestObject("Objects.ClickRadioButton/DynamicRadioButton"), "xpath", "equals", "(//span[contains(@class, 'x-form-field x-form-radio x-form-radio-default x-form-cb x-form-cb-default ')])[" + Index + "]", true): Modify property of object successfully

2020-05-24 19:18:09 - [MESSAGE][PASSED] - Modify property of object successfully

2020-05-24 19:18:09 - [TEST_STEP][PASSED] - com.reusableComponents.HighlightElement.run(modifiedRadioButton): com.reusableComponents.HighlightElement.run is PASSED

2020-05-24 19:18:10 - [MESSAGE][PASSED] - com.reusableComponents.HighlightElement.run is PASSED

2020-05-24 19:18:10 - [TEST_STEP][PASSED] - click(modifiedRadioButton): Object: 'Object Repository/Objects.ClickRadioButton/DynamicRadioButton' is clicked on

2020-05-24 19:18:10 - [MESSAGE][PASSED] - Object: 'Object Repository/Objects.ClickRadioButton/DynamicRadioButton' is clicked on

2020-05-24 19:18:10 - [MESSAGE][PASSED] - Call Test Case 'Test Cases/Components/ClickRadioButton' successfully

2020-05-24 19:18:10 - [TEST_STEP][PASSED] - callTestCase(findTestCase("Components/HighlightInputIndexField"), ["InputField":"expiryDate", "index":1], STOP_ON_FAILURE): Call Test Case 'Test Cases/Components/HighlightInputIndexField' successfully

2020-05-24 19:18:10 - [TEST_CASE][PASSED] - Test Cases/Components/HighlightInputIndexField: Test Cases/Components/HighlightInputIndexField

2020-05-24 19:18:10 - [TEST_STEP][PASSED] - Thread.sleep(1000): null

2020-05-24 19:18:11 - [TEST_STEP][PASSED] - modifiedInputFld = modifyObjectProperty(findTestObject("Objects.HighlightElements/input_field_index"), "xpath", "equals", "(//*[@name= '" + InputField + "'])[" + index + "]", true): Modify property of object successfully

2020-05-24 19:18:11 - [MESSAGE][PASSED] - Modify property of object successfully

2020-05-24 19:18:11 - [TEST_STEP][PASSED] - com.reusableComponents.HighlightElement.run(modifiedInputFld): com.reusableComponents.HighlightElement.run is PASSED

2020-05-24 19:18:12 - [MESSAGE][PASSED] - com.reusableComponents.HighlightElement.run is PASSED

2020-05-24 19:18:12 - [MESSAGE][PASSED] - Call Test Case 'Test Cases/Components/HighlightInputIndexField' successfully

2020-05-24 19:18:12 - [TEST_STEP][PASSED] - callTestCase(findTestCase("PFI Precision and Scale/PFI Components/VerifyDefaultValue"), ["FieldNm":"expiryDate", "index":1], STOP_ON_FAILURE): Call Test Case 'Test Cases/PFI Precision and Scale/PFI Components/VerifyDefaultValue' successfully

2020-05-24 19:18:12 - [TEST_CASE][PASSED] - Test Cases/PFI Precision and Scale/PFI Components/VerifyDefaultValue: Test Cases/PFI Precision and Scale/PFI Components/VerifyDefaultValue

2020-05-24 19:18:12 - [TEST_STEP][PASSED] - Thread.sleep(1000): null

2020-05-24 19:18:13 - [TEST_STEP][PASSED] - if (index == 0): null

2020-05-24 19:18:13 - [TEST_STEP][PASSED] - else: Modify property of object successfully

2020-05-24 19:18:13 - [TEST_STEP][PASSED] - NewFieldNm = modifyObjectProperty(findTestObject("Object Repository/Objects.HighlightElements/input_field_index"), "xpath", "equals", "(//*[@name = '" + FieldNm + "'])[" + index + "]", true): Modify property of object successfully

2020-05-24 19:18:13 - [MESSAGE][PASSED] - Modify property of object successfully

2020-05-24 19:18:13 - [TEST_STEP][PASSED] - focus(NewFieldNm): Object: 'Object Repository/Objects.HighlightElements/input_field_index' is focused

2020-05-24 19:18:13 - [MESSAGE][PASSED] - Object: 'Object Repository/Objects.HighlightElements/input_field_index' is focused

2020-05-24 19:18:13 - [TEST_STEP][PASSED] - DefVal = getAttribute(NewFieldNm, "value", STOP_ON_FAILURE): Attribute 'value' of object 'Object Repository/Objects.HighlightElements/input_field_index' is: ''

2020-05-24 19:18:13 - [MESSAGE][PASSED] - Attribute 'value' of object 'Object Repository/Objects.HighlightElements/input_field_index' is: ''

2020-05-24 19:18:13 - [TEST_STEP][PASSED] - switch (FieldNm): null

2020-05-24 19:18:13 - [TEST_STEP][PASSED] - Default: null

2020-05-24 19:18:13 - [TEST_STEP][PASSED] - verifyMatch(DefVal, "", true): Actual text '' and expected text '' are matched  using regular expression

2020-05-24 19:18:13 - [MESSAGE][PASSED] - Actual text '' and expected text '' are matched  using regular expression

2020-05-24 19:18:13 - [TEST_STEP][PASSED] - break: null

2020-05-24 19:18:13 - [MESSAGE][PASSED] - Call Test Case 'Test Cases/PFI Precision and Scale/PFI Components/VerifyDefaultValue' successfully

2020-05-24 19:18:13 - [TEST_STEP][PASSED] - callTestCase(findTestCase("PFI Precision and Scale/PFI Components/NumericTextboxValidationII"), ["nameToBeUsed":"expiryDate", "minLen":6, "index":1], STOP_ON_FAILURE): Call Test Case 'Test Cases/PFI Precision and Scale/PFI Components/NumericTextboxValidationII' successfully

2020-05-24 19:18:13 - [TEST_CASE][PASSED] - Test Cases/PFI Precision and Scale/PFI Components/NumericTextboxValidationII: Test Cases/PFI Precision and Scale/PFI Components/NumericTextboxValidationII

2020-05-24 19:18:13 - [TEST_STEP][PASSED] - Thread.sleep(1000): null

2020-05-24 19:18:14 - [TEST_STEP][PASSED] - Numeric = "0123456789": null

2020-05-24 19:18:14 - [TEST_STEP][PASSED] - AlphaSpecialChar = z) + "`~!@#$%^&*()=_{}|\][;'":,?><"".join(): null

2020-05-24 19:18:14 - [TEST_STEP][PASSED] - RandomNumeric = RandomStringUtils.random(minLen, Numeric.toCharArray()): null

2020-05-24 19:18:14 - [TEST_STEP][PASSED] - RandomString = RandomStringUtils.random(minLen, AlphaSpecialChar): null

2020-05-24 19:18:14 - [TEST_STEP][PASSED] - regexPat = Pattern.compile("^[0-9]+$"): null

2020-05-24 19:18:14 - [TEST_STEP][PASSED] - if (index == 0): null

2020-05-24 19:18:14 - [TEST_STEP][PASSED] - else: Modify property of object successfully

2020-05-24 19:18:14 - [TEST_STEP][PASSED] - NewInputNmField = modifyObjectProperty(findTestObject("Object Repository/Objects.HighlightElements/input_field_index"), "xpath", "equals", "(//*[@name= '" + nameToBeUsed + "'])[" + index + "]", true): Modify property of object successfully

2020-05-24 19:18:14 - [MESSAGE][PASSED] - Modify property of object successfully

2020-05-24 19:18:14 - [TEST_STEP][PASSED] - focus(NewInputNmField): Object: 'Object Repository/Objects.HighlightElements/input_field_index' is focused

2020-05-24 19:18:15 - [MESSAGE][PASSED] - Object: 'Object Repository/Objects.HighlightElements/input_field_index' is focused

2020-05-24 19:18:15 - [TEST_STEP][PASSED] - setText(NewInputNmField, RandomString): Text 'h:#t]{' is set on object 'Object Repository/Objects.HighlightElements/input_field_index'

2020-05-24 19:18:15 - [MESSAGE][PASSED] - Text 'h:#t]{' is set on object 'Object Repository/Objects.HighlightElements/input_field_index'

2020-05-24 19:18:15 - [TEST_STEP][PASSED] - GetInputVal = getAttribute(NewInputNmField, "value"): Attribute 'value' of object 'Object Repository/Objects.HighlightElements/input_field_index' is: ''

2020-05-24 19:18:15 - [MESSAGE][PASSED] - Attribute 'value' of object 'Object Repository/Objects.HighlightElements/input_field_index' is: ''

2020-05-24 19:18:15 - [TEST_STEP][PASSED] - if (GetInputVal.contains("e")): null

2020-05-24 19:18:15 - [TEST_STEP][PASSED] - else: Actual text '' and expected text '' are matched  using regular expression

2020-05-24 19:18:15 - [TEST_STEP][PASSED] - verifyMatch(GetInputVal, "", true): Actual text '' and expected text '' are matched  using regular expression

2020-05-24 19:18:15 - [MESSAGE][PASSED] - Actual text '' and expected text '' are matched  using regular expression

2020-05-24 19:18:15 - [TEST_STEP][PASSED] - setText(NewInputNmField, RandomNumeric): Text '269873' is set on object 'Object Repository/Objects.HighlightElements/input_field_index'

2020-05-24 19:18:16 - [MESSAGE][PASSED] - Text '269873' is set on object 'Object Repository/Objects.HighlightElements/input_field_index'

2020-05-24 19:18:16 - [TEST_STEP][PASSED] - GetEnteredIntegers = getAttribute(NewInputNmField, "value"): Attribute 'value' of object 'Object Repository/Objects.HighlightElements/input_field_index' is: '269873'

2020-05-24 19:18:16 - [MESSAGE][PASSED] - Attribute 'value' of object 'Object Repository/Objects.HighlightElements/input_field_index' is: '269873'

2020-05-24 19:18:16 - [TEST_STEP][PASSED] - matchStr = regexPat.matcher(GetEnteredIntegers): null

2020-05-24 19:18:16 - [TEST_STEP][PASSED] - if (matchStr.matches() == true): Accepting Numeric

2020-05-24 19:18:16 - [TEST_STEP][PASSED] - comment("Accepting Numeric"): Accepting Numeric

2020-05-24 19:18:16 - [MESSAGE][INFO] - Accepting Numeric

2020-05-24 19:18:16 - [MESSAGE][PASSED] - Call Test Case 'Test Cases/PFI Precision and Scale/PFI Components/NumericTextboxValidationII' successfully

2020-05-24 19:18:16 - [TEST_STEP][PASSED] - callTestCase(findTestCase("PFI Precision and Scale/PFI Components/InvalidDateErrorValidation"), ["FldNm":"expiryDate", "index":1], STOP_ON_FAILURE): Call Test Case 'Test Cases/PFI Precision and Scale/PFI Components/InvalidDateErrorValidation' successfully

2020-05-24 19:18:16 - [TEST_CASE][PASSED] - Test Cases/PFI Precision and Scale/PFI Components/InvalidDateErrorValidation: Test Cases/PFI Precision and Scale/PFI Components/InvalidDateErrorValidation

2020-05-24 19:18:17 - [TEST_STEP][PASSED] - Thread.sleep(1000): null

2020-05-24 19:18:18 - [TEST_STEP][PASSED] - if (index == 0): null

2020-05-24 19:18:18 - [TEST_STEP][PASSED] - else: Modify property of object successfully

2020-05-24 19:18:18 - [TEST_STEP][PASSED] - DateFieldNm = modifyObjectProperty(findTestObject("Objects.HighlightElements/input_field_index"), "xpath", "equals", "(//*[@name='" + FldNm + "'])[" + index + "]", true): Modify property of object successfully

2020-05-24 19:18:18 - [MESSAGE][PASSED] - Modify property of object successfully

2020-05-24 19:18:18 - [TEST_STEP][PASSED] - focus(DateFieldNm): Object: 'Object Repository/Objects.HighlightElements/input_field_index' is focused

2020-05-24 19:18:18 - [MESSAGE][PASSED] - Object: 'Object Repository/Objects.HighlightElements/input_field_index' is focused

2020-05-24 19:18:18 - [TEST_STEP][PASSED] - getInputInvalidDate = getAttribute(DateFieldNm, "value"): Attribute 'value' of object 'Object Repository/Objects.HighlightElements/input_field_index' is: '269873'

2020-05-24 19:18:18 - [MESSAGE][PASSED] - Attribute 'value' of object 'Object Repository/Objects.HighlightElements/input_field_index' is: '269873'

2020-05-24 19:18:18 - [TEST_STEP][PASSED] - mouseOver(DateFieldNm): Object: 'Object Repository/Objects.HighlightElements/input_field_index' is hovered

2020-05-24 19:18:19 - [MESSAGE][PASSED] - Object: 'Object Repository/Objects.HighlightElements/input_field_index' is hovered

2020-05-24 19:18:19 - [TEST_STEP][PASSED] - getErrMsg = getAttribute(DateFieldNm, "data-errorqtip"): Attribute 'data-errorqtip' of object 'Object Repository/Objects.HighlightElements/input_field_index' is: '<ul class="x-list-plain"><li>269873 is not a valid date - it must be in the format d/m/Y</li></ul>'

2020-05-24 19:18:19 - [MESSAGE][PASSED] - Attribute 'data-errorqtip' of object 'Object Repository/Objects.HighlightElements/input_field_index' is: '<ul class="x-list-plain"><li>269873 is not a valid date - it must be in the format d/m/Y</li></ul>'

2020-05-24 19:18:19 - [TEST_STEP][PASSED] - getTotalLength = getErrMsg.length(): null

2020-05-24 19:18:19 - [TEST_STEP][PASSED] - RemoveULClass = getErrMsg.substring(29, getTotalLength): null

2020-05-24 19:18:19 - [TEST_STEP][PASSED] - LengthNoUlClass = RemoveULClass.length() - 10: null

2020-05-24 19:18:19 - [TEST_STEP][PASSED] - ToolTipInvErrMsg = RemoveULClass.substring(0, LengthNoUlClass): null

2020-05-24 19:18:19 - [TEST_STEP][PASSED] - ExpectedInvalidErrMsg = concatenate(getInputInvalidDate, " ", NotValidDt): Concatenated string array: '['269873',' ','is not a valid date - it must be in the format d/m/Y']' into '269873 is not a valid date - it must be in the format d/m/Y'

2020-05-24 19:18:19 - [MESSAGE][PASSED] - Concatenated string array: '['269873',' ','is not a valid date - it must be in the format d/m/Y']' into '269873 is not a valid date - it must be in the format d/m/Y'

2020-05-24 19:18:19 - [TEST_STEP][PASSED] - verifyMatch(ToolTipInvErrMsg, ExpectedInvalidErrMsg, true): Actual text '269873 is not a valid date - it must be in the format d/m/Y' and expected text '269873 is not a valid date - it must be in the format d/m/Y' are matched  using regular expression

2020-05-24 19:18:19 - [MESSAGE][PASSED] - Actual text '269873 is not a valid date - it must be in the format d/m/Y' and expected text '269873 is not a valid date - it must be in the format d/m/Y' are matched  using regular expression

2020-05-24 19:18:19 - [MESSAGE][PASSED] - Call Test Case 'Test Cases/PFI Precision and Scale/PFI Components/InvalidDateErrorValidation' successfully

2020-05-24 19:18:19 - [TEST_STEP][PASSED] - callTestCase(findTestCase("Components/SelectAllThenDeleteIndex"), ["nameToBeUsed":"expiryDate", "index":1], STOP_ON_FAILURE): Call Test Case 'Test Cases/Components/SelectAllThenDeleteIndex' successfully

2020-05-24 19:18:19 - [TEST_CASE][PASSED] - Test Cases/Components/SelectAllThenDeleteIndex: Test Cases/Components/SelectAllThenDeleteIndex

2020-05-24 19:18:19 - [TEST_STEP][PASSED] - Thread.sleep(1000): null

2020-05-24 19:18:20 - [TEST_STEP][PASSED] - modifiedObj = modifyObjectProperty(findTestObject("Object Repository/Objects.HighlightElements/input_field_index"), "xpath", "equals", "(//*[@name = '" + nameToBeUsed + "'])[" + index + "]", true): Modify property of object successfully

2020-05-24 19:18:20 - [MESSAGE][PASSED] - Modify property of object successfully

2020-05-24 19:18:20 - [TEST_STEP][PASSED] - focus(modifiedObj): Object: 'Object Repository/Objects.HighlightElements/input_field_index' is focused

2020-05-24 19:18:20 - [MESSAGE][PASSED] - Object: 'Object Repository/Objects.HighlightElements/input_field_index' is focused

2020-05-24 19:18:20 - [TEST_STEP][PASSED] - sendKeys(modifiedObj, Keys.chord(CONTROL, "a")): Keys 'CONTROL + a' sent to object: 'Object Repository/Objects.HighlightElements/input_field_index'

2020-05-24 19:18:21 - [MESSAGE][PASSED] - Keys 'CONTROL + a' sent to object: 'Object Repository/Objects.HighlightElements/input_field_index'

2020-05-24 19:18:21 - [TEST_STEP][PASSED] - sendKeys(modifiedObj, Keys.chord(DELETE)): Keys 'DELETE + ' sent to object: 'Object Repository/Objects.HighlightElements/input_field_index'

2020-05-24 19:18:21 - [MESSAGE][PASSED] - Keys 'DELETE + ' sent to object: 'Object Repository/Objects.HighlightElements/input_field_index'

2020-05-24 19:18:21 - [MESSAGE][PASSED] - Call Test Case 'Test Cases/Components/SelectAllThenDeleteIndex' successfully

2020-05-24 19:18:21 - [TEST_STEP][PASSED] - callTestCase(findTestCase("PFI Precision and Scale/PFI Components/DatePickerValidation"), ["DtName":"expiryDate", "index":1, "FirstRun":"Y", "idx":1], STOP_ON_FAILURE): Call Test Case 'Test Cases/PFI Precision and Scale/PFI Components/DatePickerValidation' successfully

2020-05-24 19:18:21 - [TEST_CASE][PASSED] - Test Cases/PFI Precision and Scale/PFI Components/DatePickerValidation: Test Cases/PFI Precision and Scale/PFI Components/DatePickerValidation

2020-05-24 19:18:21 - [TEST_STEP][PASSED] - Thread.sleep(1000): null

2020-05-24 19:18:22 - [TEST_STEP][PASSED] - date = new java.util.Date(): null

2020-05-24 19:18:22 - [TEST_STEP][PASSED] - CurrentDate = new java.text.SimpleDateFormat(dd/MM/yyyy): null

2020-05-24 19:18:22 - [TEST_STEP][PASSED] - TodayDate = CurrentDate.format(date): null

2020-05-24 19:18:22 - [TEST_STEP][PASSED] - if (idx == 0): null

2020-05-24 19:18:22 - [TEST_STEP][PASSED] - else: Modify property of object successfully

2020-05-24 19:18:22 - [TEST_STEP][PASSED] - ModifiedInputField = modifyObjectProperty(findTestObject("Object Repository/Objects.HighlightElements/input_field_index"), "xpath", "equals", "(//*[@name= '" + DtName + "'])[" + idx + "]", true): Modify property of object successfully

2020-05-24 19:18:22 - [MESSAGE][PASSED] - Modify property of object successfully

2020-05-24 19:18:22 - [TEST_STEP][PASSED] - TodayBtn = modifyObjectProperty(findTestObject("Object Repository/Objects.DateValidation/Page_ISPS2/a_Today"), "xpath", "equals", "(//*[text() = 'Today'])[" + index + "]", true): Modify property of object successfully

2020-05-24 19:18:22 - [MESSAGE][PASSED] - Modify property of object successfully

2020-05-24 19:18:22 - [TEST_STEP][PASSED] - if (FirstRun == "Y"): Actual text '17/06/2020' and expected text '13/05/2020' are not matched  using regular expression

2020-05-24 19:18:22 - [TEST_STEP][PASSED] - sendKeys(ModifiedInputField, Keys.chord(ARROW_DOWN)): Keys 'DOWN + ' sent to object: 'Object Repository/Objects.HighlightElements/input_field_index'

2020-05-24 19:18:23 - [MESSAGE][PASSED] - Keys 'DOWN + ' sent to object: 'Object Repository/Objects.HighlightElements/input_field_index'

2020-05-24 19:18:23 - [TEST_STEP][PASSED] - com.reusableComponents.HighlightElement.run(findTestObject("Object Repository/Objects.DateValidation/Page_ISPS2/Day_picker")): com.reusableComponents.HighlightElement.run is PASSED

2020-05-24 19:18:24 - [MESSAGE][PASSED] - com.reusableComponents.HighlightElement.run is PASSED

2020-05-24 19:18:24 - [TEST_STEP][PASSED] - click(findTestObject("Object Repository/Objects.DateValidation/Page_ISPS2/Day_picker")): Object: 'Object Repository/Objects.DateValidation/Page_ISPS2/Day_picker' is clicked on

2020-05-24 19:18:24 - [MESSAGE][PASSED] - Object: 'Object Repository/Objects.DateValidation/Page_ISPS2/Day_picker' is clicked on

2020-05-24 19:18:24 - [TEST_STEP][PASSED] - GetEnteredDt1 = getAttribute(ModifiedInputField, "value"): Attribute 'value' of object 'Object Repository/Objects.HighlightElements/input_field_index' is: '13/05/2020'

2020-05-24 19:18:25 - [MESSAGE][PASSED] - Attribute 'value' of object 'Object Repository/Objects.HighlightElements/input_field_index' is: '13/05/2020'

2020-05-24 19:18:25 - [TEST_STEP][PASSED] - sendKeys(ModifiedInputField, Keys.chord(ARROW_DOWN)): Keys 'DOWN + ' sent to object: 'Object Repository/Objects.HighlightElements/input_field_index'

2020-05-24 19:18:25 - [MESSAGE][PASSED] - Keys 'DOWN + ' sent to object: 'Object Repository/Objects.HighlightElements/input_field_index'

2020-05-24 19:18:25 - [TEST_STEP][PASSED] - click(findTestObject("Object Repository/Objects.DateValidation/Page_ISPS2/NextMonth_Picker")): Object: 'Object Repository/Objects.DateValidation/Page_ISPS2/NextMonth_Picker' is clicked on

2020-05-24 19:18:26 - [MESSAGE][PASSED] - Object: 'Object Repository/Objects.DateValidation/Page_ISPS2/NextMonth_Picker' is clicked on

2020-05-24 19:18:26 - [TEST_STEP][PASSED] - com.reusableComponents.HighlightElement.run(findTestObject("Object Repository/Objects.DateValidation/Page_ISPS2/Day_picker")): com.reusableComponents.HighlightElement.run is PASSED

2020-05-24 19:18:27 - [MESSAGE][PASSED] - com.reusableComponents.HighlightElement.run is PASSED

2020-05-24 19:18:27 - [TEST_STEP][PASSED] - click(findTestObject("Object Repository/Objects.DateValidation/Page_ISPS2/Day_picker")): Object: 'Object Repository/Objects.DateValidation/Page_ISPS2/Day_picker' is clicked on

2020-05-24 19:18:27 - [MESSAGE][PASSED] - Object: 'Object Repository/Objects.DateValidation/Page_ISPS2/Day_picker' is clicked on

2020-05-24 19:18:27 - [TEST_STEP][PASSED] - GetEnteredDt2 = getAttribute(ModifiedInputField, "value"): Attribute 'value' of object 'Object Repository/Objects.HighlightElements/input_field_index' is: '17/06/2020'

2020-05-24 19:18:28 - [MESSAGE][PASSED] - Attribute 'value' of object 'Object Repository/Objects.HighlightElements/input_field_index' is: '17/06/2020'

2020-05-24 19:18:28 - [TEST_STEP][PASSED] - verifyNotMatch(GetEnteredDt2, GetEnteredDt1, true): Actual text '17/06/2020' and expected text '13/05/2020' are not matched  using regular expression

2020-05-24 19:18:28 - [MESSAGE][PASSED] - Actual text '17/06/2020' and expected text '13/05/2020' are not matched  using regular expression

2020-05-24 19:18:28 - [TEST_STEP][PASSED] - sendKeys(ModifiedInputField, Keys.chord(ARROW_DOWN)): Keys 'DOWN + ' sent to object: 'Object Repository/Objects.HighlightElements/input_field_index'

2020-05-24 19:18:28 - [MESSAGE][PASSED] - Keys 'DOWN + ' sent to object: 'Object Repository/Objects.HighlightElements/input_field_index'

2020-05-24 19:18:28 - [TEST_STEP][PASSED] - com.reusableComponents.HighlightElement.run(TodayBtn): com.reusableComponents.HighlightElement.run is PASSED

2020-05-24 19:18:29 - [MESSAGE][PASSED] - com.reusableComponents.HighlightElement.run is PASSED

2020-05-24 19:18:29 - [TEST_STEP][PASSED] - click(TodayBtn): Object: 'Object Repository/Objects.DateValidation/Page_ISPS2/a_Today' is clicked on

2020-05-24 19:18:29 - [MESSAGE][PASSED] - Object: 'Object Repository/Objects.DateValidation/Page_ISPS2/a_Today' is clicked on

2020-05-24 19:18:29 - [TEST_STEP][PASSED] - GetEnteredDt3 = getAttribute(ModifiedInputField, "value"): Attribute 'value' of object 'Object Repository/Objects.HighlightElements/input_field_index' is: '24/05/2020'

2020-05-24 19:18:30 - [MESSAGE][PASSED] - Attribute 'value' of object 'Object Repository/Objects.HighlightElements/input_field_index' is: '24/05/2020'

2020-05-24 19:18:30 - [TEST_STEP][PASSED] - verifyMatch(GetEnteredDt3, TodayDate, true): Actual text '24/05/2020' and expected text '24/05/2020' are matched  using regular expression

2020-05-24 19:18:30 - [MESSAGE][PASSED] - Actual text '24/05/2020' and expected text '24/05/2020' are matched  using regular expression

2020-05-24 19:18:30 - [MESSAGE][PASSED] - Call Test Case 'Test Cases/PFI Precision and Scale/PFI Components/DatePickerValidation' successfully

2020-05-24 19:18:30 - [TEST_STEP][PASSED] - callTestCase(findTestCase("Components/HighlightLabelField"), ["LblName":"KIV Case Due Date:"], STOP_ON_FAILURE): Call Test Case 'Test Cases/Components/HighlightLabelField' successfully

2020-05-24 19:18:30 - [TEST_CASE][PASSED] - Test Cases/Components/HighlightLabelField: Test Cases/Components/HighlightLabelField

2020-05-24 19:18:30 - [TEST_STEP][PASSED] - Thread.sleep(1000): null

2020-05-24 19:18:31 - [TEST_STEP][PASSED] - modifiedLblNm = modifyObjectProperty(findTestObject("Objects.HighlightElements/lblField"), "text", "equals", LblName, true): Modify property of object successfully

2020-05-24 19:18:31 - [MESSAGE][PASSED] - Modify property of object successfully

2020-05-24 19:18:31 - [TEST_STEP][PASSED] - com.reusableComponents.HighlightElement.run(modifiedLblNm): com.reusableComponents.HighlightElement.run is PASSED

2020-05-24 19:18:32 - [MESSAGE][PASSED] - com.reusableComponents.HighlightElement.run is PASSED

2020-05-24 19:18:32 - [MESSAGE][PASSED] - Call Test Case 'Test Cases/Components/HighlightLabelField' successfully

2020-05-24 19:18:32 - [TEST_STEP][PASSED] - callTestCase(findTestCase("Components/HighlightInputIndexField"), ["InputField":"kivDueDate", "index":1], STOP_ON_FAILURE): Call Test Case 'Test Cases/Components/HighlightInputIndexField' successfully

2020-05-24 19:18:32 - [TEST_CASE][PASSED] - Test Cases/Components/HighlightInputIndexField: Test Cases/Components/HighlightInputIndexField

2020-05-24 19:18:32 - [TEST_STEP][PASSED] - Thread.sleep(1000): null

2020-05-24 19:18:33 - [TEST_STEP][PASSED] - modifiedInputFld = modifyObjectProperty(findTestObject("Objects.HighlightElements/input_field_index"), "xpath", "equals", "(//*[@name= '" + InputField + "'])[" + index + "]", true): Modify property of object successfully

2020-05-24 19:18:33 - [MESSAGE][PASSED] - Modify property of object successfully

2020-05-24 19:18:33 - [TEST_STEP][PASSED] - com.reusableComponents.HighlightElement.run(modifiedInputFld): com.reusableComponents.HighlightElement.run is PASSED

2020-05-24 19:18:33 - [MESSAGE][PASSED] - com.reusableComponents.HighlightElement.run is PASSED

2020-05-24 19:18:33 - [MESSAGE][PASSED] - Call Test Case 'Test Cases/Components/HighlightInputIndexField' successfully

2020-05-24 19:18:33 - [TEST_STEP][PASSED] - callTestCase(findTestCase("Components/SelectAllThenDeleteIndex"), ["nameToBeUsed":"kivDueDate", "index":1], STOP_ON_FAILURE): Call Test Case 'Test Cases/Components/SelectAllThenDeleteIndex' successfully

2020-05-24 19:18:33 - [TEST_CASE][PASSED] - Test Cases/Components/SelectAllThenDeleteIndex: Test Cases/Components/SelectAllThenDeleteIndex

2020-05-24 19:18:33 - [TEST_STEP][PASSED] - Thread.sleep(1000): null

2020-05-24 19:18:34 - [TEST_STEP][PASSED] - modifiedObj = modifyObjectProperty(findTestObject("Object Repository/Objects.HighlightElements/input_field_index"), "xpath", "equals", "(//*[@name = '" + nameToBeUsed + "'])[" + index + "]", true): Modify property of object successfully

2020-05-24 19:18:34 - [MESSAGE][PASSED] - Modify property of object successfully

2020-05-24 19:18:34 - [TEST_STEP][PASSED] - focus(modifiedObj): Object: 'Object Repository/Objects.HighlightElements/input_field_index' is focused

2020-05-24 19:18:35 - [MESSAGE][PASSED] - Object: 'Object Repository/Objects.HighlightElements/input_field_index' is focused

2020-05-24 19:18:35 - [TEST_STEP][PASSED] - sendKeys(modifiedObj, Keys.chord(CONTROL, "a")): Keys 'CONTROL + a' sent to object: 'Object Repository/Objects.HighlightElements/input_field_index'

2020-05-24 19:18:35 - [MESSAGE][PASSED] - Keys 'CONTROL + a' sent to object: 'Object Repository/Objects.HighlightElements/input_field_index'

2020-05-24 19:18:35 - [TEST_STEP][PASSED] - sendKeys(modifiedObj, Keys.chord(DELETE)): Keys 'DELETE + ' sent to object: 'Object Repository/Objects.HighlightElements/input_field_index'

2020-05-24 19:18:35 - [MESSAGE][PASSED] - Keys 'DELETE + ' sent to object: 'Object Repository/Objects.HighlightElements/input_field_index'

2020-05-24 19:18:35 - [MESSAGE][PASSED] - Call Test Case 'Test Cases/Components/SelectAllThenDeleteIndex' successfully

2020-05-24 19:18:35 - [TEST_STEP][PASSED] - callTestCase(findTestCase("PFI Precision and Scale/PFI Components/NumericTextboxValidationII"), ["nameToBeUsed":"kivDueDate", "minLen":8, "index":1], STOP_ON_FAILURE): Call Test Case 'Test Cases/PFI Precision and Scale/PFI Components/NumericTextboxValidationII' successfully

2020-05-24 19:18:35 - [TEST_CASE][PASSED] - Test Cases/PFI Precision and Scale/PFI Components/NumericTextboxValidationII: Test Cases/PFI Precision and Scale/PFI Components/NumericTextboxValidationII

2020-05-24 19:18:35 - [TEST_STEP][PASSED] - Thread.sleep(1000): null

2020-05-24 19:18:36 - [TEST_STEP][PASSED] - Numeric = "0123456789": null

2020-05-24 19:18:36 - [TEST_STEP][PASSED] - AlphaSpecialChar = z) + "`~!@#$%^&*()=_{}|\][;'":,?><"".join(): null

2020-05-24 19:18:36 - [TEST_STEP][PASSED] - RandomNumeric = RandomStringUtils.random(minLen, Numeric.toCharArray()): null

2020-05-24 19:18:36 - [TEST_STEP][PASSED] - RandomString = RandomStringUtils.random(minLen, AlphaSpecialChar): null

2020-05-24 19:18:36 - [TEST_STEP][PASSED] - regexPat = Pattern.compile("^[0-9]+$"): null

2020-05-24 19:18:36 - [TEST_STEP][PASSED] - if (index == 0): null

2020-05-24 19:18:36 - [TEST_STEP][PASSED] - else: Modify property of object successfully

2020-05-24 19:18:36 - [TEST_STEP][PASSED] - NewInputNmField = modifyObjectProperty(findTestObject("Object Repository/Objects.HighlightElements/input_field_index"), "xpath", "equals", "(//*[@name= '" + nameToBeUsed + "'])[" + index + "]", true): Modify property of object successfully

2020-05-24 19:18:36 - [MESSAGE][PASSED] - Modify property of object successfully

2020-05-24 19:18:36 - [TEST_STEP][PASSED] - focus(NewInputNmField): Object: 'Object Repository/Objects.HighlightElements/input_field_index' is focused

2020-05-24 19:18:37 - [MESSAGE][PASSED] - Object: 'Object Repository/Objects.HighlightElements/input_field_index' is focused

2020-05-24 19:18:37 - [TEST_STEP][PASSED] - setText(NewInputNmField, RandomString): Text 'wjrYKijh' is set on object 'Object Repository/Objects.HighlightElements/input_field_index'

2020-05-24 19:18:37 - [MESSAGE][PASSED] - Text 'wjrYKijh' is set on object 'Object Repository/Objects.HighlightElements/input_field_index'

2020-05-24 19:18:37 - [TEST_STEP][PASSED] - GetInputVal = getAttribute(NewInputNmField, "value"): Attribute 'value' of object 'Object Repository/Objects.HighlightElements/input_field_index' is: ''

2020-05-24 19:18:37 - [MESSAGE][PASSED] - Attribute 'value' of object 'Object Repository/Objects.HighlightElements/input_field_index' is: ''

2020-05-24 19:18:37 - [TEST_STEP][PASSED] - if (GetInputVal.contains("e")): null

2020-05-24 19:18:37 - [TEST_STEP][PASSED] - else: Actual text '' and expected text '' are matched  using regular expression

2020-05-24 19:18:37 - [TEST_STEP][PASSED] - verifyMatch(GetInputVal, "", true): Actual text '' and expected text '' are matched  using regular expression

2020-05-24 19:18:37 - [MESSAGE][PASSED] - Actual text '' and expected text '' are matched  using regular expression

2020-05-24 19:18:37 - [TEST_STEP][PASSED] - setText(NewInputNmField, RandomNumeric): Text '05996864' is set on object 'Object Repository/Objects.HighlightElements/input_field_index'

2020-05-24 19:18:38 - [MESSAGE][PASSED] - Text '05996864' is set on object 'Object Repository/Objects.HighlightElements/input_field_index'

2020-05-24 19:18:38 - [TEST_STEP][PASSED] - GetEnteredIntegers = getAttribute(NewInputNmField, "value"): Attribute 'value' of object 'Object Repository/Objects.HighlightElements/input_field_index' is: '05996864'

2020-05-24 19:18:38 - [MESSAGE][PASSED] - Attribute 'value' of object 'Object Repository/Objects.HighlightElements/input_field_index' is: '05996864'

2020-05-24 19:18:38 - [TEST_STEP][PASSED] - matchStr = regexPat.matcher(GetEnteredIntegers): null

2020-05-24 19:18:38 - [TEST_STEP][PASSED] - if (matchStr.matches() == true): Accepting Numeric

2020-05-24 19:18:38 - [TEST_STEP][PASSED] - comment("Accepting Numeric"): Accepting Numeric

2020-05-24 19:18:38 - [MESSAGE][INFO] - Accepting Numeric

2020-05-24 19:18:38 - [MESSAGE][PASSED] - Call Test Case 'Test Cases/PFI Precision and Scale/PFI Components/NumericTextboxValidationII' successfully

2020-05-24 19:18:38 - [TEST_STEP][PASSED] - callTestCase(findTestCase("PFI Precision and Scale/PFI Components/InvalidDateErrorValidation"), ["FldNm":"kivDueDate", "index":0], STOP_ON_FAILURE): Call Test Case 'Test Cases/PFI Precision and Scale/PFI Components/InvalidDateErrorValidation' successfully

2020-05-24 19:18:38 - [TEST_CASE][PASSED] - Test Cases/PFI Precision and Scale/PFI Components/InvalidDateErrorValidation: Test Cases/PFI Precision and Scale/PFI Components/InvalidDateErrorValidation

2020-05-24 19:18:38 - [TEST_STEP][PASSED] - Thread.sleep(1000): null

2020-05-24 19:18:39 - [TEST_STEP][PASSED] - if (index == 0): Modify property of object successfully

2020-05-24 19:18:39 - [TEST_STEP][PASSED] - DateFieldNm = modifyObjectProperty(findTestObject("Object Repository/Objects.DateValidation/Page_ISPS2/input__orderDt"), "name", "equals", FldNm, true): Modify property of object successfully

2020-05-24 19:18:39 - [MESSAGE][PASSED] - Modify property of object successfully

2020-05-24 19:18:39 - [TEST_STEP][PASSED] - focus(DateFieldNm): Object: 'Object Repository/Objects.DateValidation/Page_ISPS2/input__orderDt' is focused

2020-05-24 19:18:42 - [MESSAGE][PASSED] - Object: 'Object Repository/Objects.DateValidation/Page_ISPS2/input__orderDt' is focused

2020-05-24 19:18:42 - [TEST_STEP][PASSED] - getInputInvalidDate = getAttribute(DateFieldNm, "value"): Attribute 'value' of object 'Object Repository/Objects.DateValidation/Page_ISPS2/input__orderDt' is: '05996864'

2020-05-24 19:18:42 - [MESSAGE][PASSED] - Attribute 'value' of object 'Object Repository/Objects.DateValidation/Page_ISPS2/input__orderDt' is: '05996864'

2020-05-24 19:18:42 - [TEST_STEP][PASSED] - mouseOver(DateFieldNm): Object: 'Object Repository/Objects.DateValidation/Page_ISPS2/input__orderDt' is hovered

2020-05-24 19:18:42 - [MESSAGE][PASSED] - Object: 'Object Repository/Objects.DateValidation/Page_ISPS2/input__orderDt' is hovered

2020-05-24 19:18:42 - [TEST_STEP][PASSED] - getErrMsg = getAttribute(DateFieldNm, "data-errorqtip"): Attribute 'data-errorqtip' of object 'Object Repository/Objects.DateValidation/Page_ISPS2/input__orderDt' is: '<ul class="x-list-plain"><li>05996864 is not a valid date - it must be in the format d/m/Y</li></ul>'

2020-05-24 19:18:43 - [MESSAGE][PASSED] - Attribute 'data-errorqtip' of object 'Object Repository/Objects.DateValidation/Page_ISPS2/input__orderDt' is: '<ul class="x-list-plain"><li>05996864 is not a valid date - it must be in the format d/m/Y</li></ul>'

2020-05-24 19:18:43 - [TEST_STEP][PASSED] - getTotalLength = getErrMsg.length(): null

2020-05-24 19:18:43 - [TEST_STEP][PASSED] - RemoveULClass = getErrMsg.substring(29, getTotalLength): null

2020-05-24 19:18:43 - [TEST_STEP][PASSED] - LengthNoUlClass = RemoveULClass.length() - 10: null

2020-05-24 19:18:43 - [TEST_STEP][PASSED] - ToolTipInvErrMsg = RemoveULClass.substring(0, LengthNoUlClass): null

2020-05-24 19:18:43 - [TEST_STEP][PASSED] - ExpectedInvalidErrMsg = concatenate(getInputInvalidDate, " ", NotValidDt): Concatenated string array: '['05996864',' ','is not a valid date - it must be in the format d/m/Y']' into '05996864 is not a valid date - it must be in the format d/m/Y'

2020-05-24 19:18:43 - [MESSAGE][PASSED] - Concatenated string array: '['05996864',' ','is not a valid date - it must be in the format d/m/Y']' into '05996864 is not a valid date - it must be in the format d/m/Y'

2020-05-24 19:18:43 - [TEST_STEP][PASSED] - verifyMatch(ToolTipInvErrMsg, ExpectedInvalidErrMsg, true): Actual text '05996864 is not a valid date - it must be in the format d/m/Y' and expected text '05996864 is not a valid date - it must be in the format d/m/Y' are matched  using regular expression

2020-05-24 19:18:43 - [MESSAGE][PASSED] - Actual text '05996864 is not a valid date - it must be in the format d/m/Y' and expected text '05996864 is not a valid date - it must be in the format d/m/Y' are matched  using regular expression

2020-05-24 19:18:43 - [MESSAGE][PASSED] - Call Test Case 'Test Cases/PFI Precision and Scale/PFI Components/InvalidDateErrorValidation' successfully

2020-05-24 19:18:43 - [TEST_STEP][PASSED] - callTestCase(findTestCase("Components/SelectAllThenDeleteIndex"), ["nameToBeUsed":"kivDueDate", "index":1], STOP_ON_FAILURE): Call Test Case 'Test Cases/Components/SelectAllThenDeleteIndex' successfully

2020-05-24 19:18:43 - [TEST_CASE][PASSED] - Test Cases/Components/SelectAllThenDeleteIndex: Test Cases/Components/SelectAllThenDeleteIndex

2020-05-24 19:18:43 - [TEST_STEP][PASSED] - Thread.sleep(1000): null

2020-05-24 19:18:44 - [TEST_STEP][PASSED] - modifiedObj = modifyObjectProperty(findTestObject("Object Repository/Objects.HighlightElements/input_field_index"), "xpath", "equals", "(//*[@name = '" + nameToBeUsed + "'])[" + index + "]", true): Modify property of object successfully

2020-05-24 19:18:44 - [MESSAGE][PASSED] - Modify property of object successfully

2020-05-24 19:18:44 - [TEST_STEP][PASSED] - focus(modifiedObj): Object: 'Object Repository/Objects.HighlightElements/input_field_index' is focused

2020-05-24 19:18:44 - [MESSAGE][PASSED] - Object: 'Object Repository/Objects.HighlightElements/input_field_index' is focused

2020-05-24 19:18:44 - [TEST_STEP][PASSED] - sendKeys(modifiedObj, Keys.chord(CONTROL, "a")): Keys 'CONTROL + a' sent to object: 'Object Repository/Objects.HighlightElements/input_field_index'

2020-05-24 19:18:44 - [MESSAGE][PASSED] - Keys 'CONTROL + a' sent to object: 'Object Repository/Objects.HighlightElements/input_field_index'

2020-05-24 19:18:44 - [TEST_STEP][PASSED] - sendKeys(modifiedObj, Keys.chord(DELETE)): Keys 'DELETE + ' sent to object: 'Object Repository/Objects.HighlightElements/input_field_index'

2020-05-24 19:18:45 - [MESSAGE][PASSED] - Keys 'DELETE + ' sent to object: 'Object Repository/Objects.HighlightElements/input_field_index'

2020-05-24 19:18:45 - [MESSAGE][PASSED] - Call Test Case 'Test Cases/Components/SelectAllThenDeleteIndex' successfully

2020-05-24 19:18:45 - [TEST_STEP][PASSED] - callTestCase(findTestCase("PFI Precision and Scale/PFI Components/DatePickerValidation"), ["DtName":"kivDueDate", "index":2, "FirstRun":"N", "idx":0], STOP_ON_FAILURE): Call Test Case 'Test Cases/PFI Precision and Scale/PFI Components/DatePickerValidation' successfully

2020-05-24 19:18:45 - [TEST_CASE][PASSED] - Test Cases/PFI Precision and Scale/PFI Components/DatePickerValidation: Test Cases/PFI Precision and Scale/PFI Components/DatePickerValidation

2020-05-24 19:18:45 - [TEST_STEP][PASSED] - Thread.sleep(1000): null

2020-05-24 19:18:46 - [TEST_STEP][PASSED] - date = new java.util.Date(): null

2020-05-24 19:18:46 - [TEST_STEP][PASSED] - CurrentDate = new java.text.SimpleDateFormat(dd/MM/yyyy): null

2020-05-24 19:18:46 - [TEST_STEP][PASSED] - TodayDate = CurrentDate.format(date): null

2020-05-24 19:18:46 - [TEST_STEP][PASSED] - if (idx == 0): Modify property of object successfully

2020-05-24 19:18:46 - [TEST_STEP][PASSED] - ModifiedInputField = modifyObjectProperty(findTestObject("Objects.NameValidation/input_FieldName"), "name", "equals", DtName, true): Modify property of object successfully

2020-05-24 19:18:46 - [MESSAGE][PASSED] - Modify property of object successfully

2020-05-24 19:18:46 - [TEST_STEP][PASSED] - TodayBtn = modifyObjectProperty(findTestObject("Object Repository/Objects.DateValidation/Page_ISPS2/a_Today"), "xpath", "equals", "(//*[text() = 'Today'])[" + index + "]", true): Modify property of object successfully

2020-05-24 19:18:46 - [MESSAGE][PASSED] - Modify property of object successfully

2020-05-24 19:18:46 - [TEST_STEP][PASSED] - if (FirstRun == "Y"): null

2020-05-24 19:18:46 - [TEST_STEP][PASSED] - else: Actual text '21/04/2020' and expected text '21/05/2020' are not matched  using regular expression

2020-05-24 19:18:46 - [TEST_STEP][PASSED] - sendKeys(ModifiedInputField, Keys.chord(ARROW_DOWN)): Keys 'DOWN + ' sent to object: 'Object Repository/Objects.NameValidation/input_FieldName'

2020-05-24 19:18:46 - [MESSAGE][PASSED] - Keys 'DOWN + ' sent to object: 'Object Repository/Objects.NameValidation/input_FieldName'

2020-05-24 19:18:46 - [TEST_STEP][PASSED] - com.reusableComponents.HighlightElement.run(findTestObject("Objects.DateValidation/Page_ISPS2/div_21")): com.reusableComponents.HighlightElement.run is PASSED

2020-05-24 19:18:47 - [MESSAGE][PASSED] - com.reusableComponents.HighlightElement.run is PASSED

2020-05-24 19:18:47 - [TEST_STEP][PASSED] - click(findTestObject("Objects.DateValidation/Page_ISPS2/div_21")): Object: 'Object Repository/Objects.DateValidation/Page_ISPS2/div_21' is clicked on

2020-05-24 19:18:47 - [MESSAGE][PASSED] - Object: 'Object Repository/Objects.DateValidation/Page_ISPS2/div_21' is clicked on

2020-05-24 19:18:47 - [TEST_STEP][PASSED] - GetEnteredDt1 = getAttribute(ModifiedInputField, "value"): Attribute 'value' of object 'Object Repository/Objects.NameValidation/input_FieldName' is: '21/05/2020'

2020-05-24 19:18:48 - [MESSAGE][PASSED] - Attribute 'value' of object 'Object Repository/Objects.NameValidation/input_FieldName' is: '21/05/2020'

2020-05-24 19:18:48 - [TEST_STEP][PASSED] - sendKeys(ModifiedInputField, Keys.chord(ARROW_DOWN)): Keys 'DOWN + ' sent to object: 'Object Repository/Objects.NameValidation/input_FieldName'

2020-05-24 19:18:48 - [MESSAGE][PASSED] - Keys 'DOWN + ' sent to object: 'Object Repository/Objects.NameValidation/input_FieldName'

2020-05-24 19:18:48 - [TEST_STEP][PASSED] - click(findTestObject("Objects.DateValidation/Page_ISPS2/div_PrevMonth")): Object: 'Object Repository/Objects.DateValidation/Page_ISPS2/div_PrevMonth' is clicked on

2020-05-24 19:18:49 - [MESSAGE][PASSED] - Object: 'Object Repository/Objects.DateValidation/Page_ISPS2/div_PrevMonth' is clicked on

2020-05-24 19:18:49 - [TEST_STEP][PASSED] - com.reusableComponents.HighlightElement.run(findTestObject("Objects.DateValidation/Page_ISPS2/div_21")): com.reusableComponents.HighlightElement.run is PASSED

2020-05-24 19:18:50 - [MESSAGE][PASSED] - com.reusableComponents.HighlightElement.run is PASSED

2020-05-24 19:18:50 - [TEST_STEP][PASSED] - click(findTestObject("Objects.DateValidation/Page_ISPS2/div_21")): Object: 'Object Repository/Objects.DateValidation/Page_ISPS2/div_21' is clicked on

2020-05-24 19:18:50 - [MESSAGE][PASSED] - Object: 'Object Repository/Objects.DateValidation/Page_ISPS2/div_21' is clicked on

2020-05-24 19:18:50 - [TEST_STEP][PASSED] - GetEnteredDt2 = getAttribute(ModifiedInputField, "value"): Attribute 'value' of object 'Object Repository/Objects.NameValidation/input_FieldName' is: '21/04/2020'

2020-05-24 19:18:50 - [MESSAGE][PASSED] - Attribute 'value' of object 'Object Repository/Objects.NameValidation/input_FieldName' is: '21/04/2020'

2020-05-24 19:18:50 - [TEST_STEP][PASSED] - verifyNotMatch(GetEnteredDt2, GetEnteredDt1, true): Actual text '21/04/2020' and expected text '21/05/2020' are not matched  using regular expression

2020-05-24 19:18:50 - [MESSAGE][PASSED] - Actual text '21/04/2020' and expected text '21/05/2020' are not matched  using regular expression

2020-05-24 19:18:50 - [TEST_STEP][PASSED] - sendKeys(ModifiedInputField, Keys.chord(ARROW_DOWN)): Keys 'DOWN + ' sent to object: 'Object Repository/Objects.NameValidation/input_FieldName'

2020-05-24 19:18:51 - [MESSAGE][PASSED] - Keys 'DOWN + ' sent to object: 'Object Repository/Objects.NameValidation/input_FieldName'

2020-05-24 19:18:51 - [TEST_STEP][PASSED] - com.reusableComponents.HighlightElement.run(TodayBtn): com.reusableComponents.HighlightElement.run is PASSED

2020-05-24 19:18:51 - [MESSAGE][PASSED] - com.reusableComponents.HighlightElement.run is PASSED

2020-05-24 19:18:51 - [TEST_STEP][PASSED] - click(TodayBtn): Object: 'Object Repository/Objects.DateValidation/Page_ISPS2/a_Today' is clicked on

2020-05-24 19:18:52 - [MESSAGE][PASSED] - Object: 'Object Repository/Objects.DateValidation/Page_ISPS2/a_Today' is clicked on

2020-05-24 19:18:52 - [TEST_STEP][PASSED] - GetEnteredDt3 = getAttribute(ModifiedInputField, "value"): Attribute 'value' of object 'Object Repository/Objects.NameValidation/input_FieldName' is: '24/05/2020'

2020-05-24 19:18:52 - [MESSAGE][PASSED] - Attribute 'value' of object 'Object Repository/Objects.NameValidation/input_FieldName' is: '24/05/2020'

2020-05-24 19:18:52 - [TEST_STEP][PASSED] - verifyMatch(GetEnteredDt3, TodayDate, true): Actual text '24/05/2020' and expected text '24/05/2020' are matched  using regular expression

2020-05-24 19:18:52 - [MESSAGE][PASSED] - Actual text '24/05/2020' and expected text '24/05/2020' are matched  using regular expression

2020-05-24 19:18:52 - [MESSAGE][PASSED] - Call Test Case 'Test Cases/PFI Precision and Scale/PFI Components/DatePickerValidation' successfully

2020-05-24 19:18:52 - [TEST_STEP][PASSED] - callTestCase(findTestCase("Components/HighlightLabelField"), ["LblName":"File Name:"], STOP_ON_FAILURE): Call Test Case 'Test Cases/Components/HighlightLabelField' successfully

2020-05-24 19:18:52 - [TEST_CASE][PASSED] - Test Cases/Components/HighlightLabelField: Test Cases/Components/HighlightLabelField

2020-05-24 19:18:52 - [TEST_STEP][PASSED] - Thread.sleep(1000): null

2020-05-24 19:18:53 - [TEST_STEP][PASSED] - modifiedLblNm = modifyObjectProperty(findTestObject("Objects.HighlightElements/lblField"), "text", "equals", LblName, true): Modify property of object successfully

2020-05-24 19:18:53 - [MESSAGE][PASSED] - Modify property of object successfully

2020-05-24 19:18:53 - [TEST_STEP][PASSED] - com.reusableComponents.HighlightElement.run(modifiedLblNm): com.reusableComponents.HighlightElement.run is PASSED

2020-05-24 19:18:54 - [MESSAGE][PASSED] - com.reusableComponents.HighlightElement.run is PASSED

2020-05-24 19:18:54 - [MESSAGE][PASSED] - Call Test Case 'Test Cases/Components/HighlightLabelField' successfully

2020-05-24 19:18:54 - [TEST_STEP][PASSED] - callTestCase(findTestCase("PFI Precision and Scale/PFI Components/VerifyDropdownValues"), ["FldNm":"NovaComboBox", "index":0, "CallTCName":"PFI Precision and Scale/PFI Components/PFILetterTemplate", "cmbNm":"IssueWD", ... ], STOP_ON_FAILURE): Call Test Case 'Test Cases/PFI Precision and Scale/PFI Components/VerifyDropdownValues' successfully

2020-05-24 19:18:54 - [TEST_CASE][PASSED] - Test Cases/PFI Precision and Scale/PFI Components/VerifyDropdownValues: Test Cases/PFI Precision and Scale/PFI Components/VerifyDropdownValues

2020-05-24 19:18:54 - [TEST_STEP][PASSED] - Thread.sleep(1000): null

2020-05-24 19:18:55 - [TEST_STEP][PASSED] - if (index == 0): Modify property of object successfully

2020-05-24 19:18:55 - [TEST_STEP][PASSED] - NewInputNmField = modifyObjectProperty(findTestObject("Objects.HighlightElements/input_field"), "name", "equals", FldNm, true): Modify property of object successfully

2020-05-24 19:18:55 - [MESSAGE][PASSED] - Modify property of object successfully

2020-05-24 19:18:55 - [TEST_STEP][PASSED] - if (FldNm == "NovaComboBox"): com.reusableComponents.HighlightElement.run is PASSED

2020-05-24 19:18:55 - [TEST_STEP][PASSED] - NewInputNmField = modifyObjectProperty(findTestObject("Object Repository/Objects.HighlightElements/input_field_index"), "xpath", "equals", "(//*[contains(@name, 'NovaComboBox')])[" + idx + "]", true): Modify property of object successfully

2020-05-24 19:18:55 - [MESSAGE][PASSED] - Modify property of object successfully

2020-05-24 19:18:55 - [TEST_STEP][PASSED] - com.reusableComponents.HighlightElement.run(NewInputNmField): com.reusableComponents.HighlightElement.run is PASSED

2020-05-24 19:18:56 - [MESSAGE][PASSED] - com.reusableComponents.HighlightElement.run is PASSED

2020-05-24 19:18:56 - [TEST_STEP][PASSED] - comboNm = cmbNm: null

2020-05-24 19:18:56 - [TEST_STEP][PASSED] - focus(NewInputNmField): Object: 'Object Repository/Objects.HighlightElements/input_field_index' is focused

2020-05-24 19:18:56 - [MESSAGE][PASSED] - Object: 'Object Repository/Objects.HighlightElements/input_field_index' is focused

2020-05-24 19:18:56 - [TEST_STEP][PASSED] - setText(NewInputNmField, EnterValue): Text '' is set on object 'Object Repository/Objects.HighlightElements/input_field_index'

2020-05-24 19:18:56 - [MESSAGE][PASSED] - Text '' is set on object 'Object Repository/Objects.HighlightElements/input_field_index'

2020-05-24 19:18:56 - [TEST_STEP][PASSED] - for ([i = 1, i <= NoOfVal, (i++)]): Keys 'DOWN + ' sent to object: 'Object Repository/Objects.HighlightElements/input_field_index'

2020-05-24 19:18:56 - [TEST_STEP][PASSED] - sendKeys(NewInputNmField, Keys.chord(ARROW_DOWN)): Keys 'DOWN + ' sent to object: 'Object Repository/Objects.HighlightElements/input_field_index'

2020-05-24 19:18:57 - [MESSAGE][PASSED] - Keys 'DOWN + ' sent to object: 'Object Repository/Objects.HighlightElements/input_field_index'

2020-05-24 19:18:57 - [TEST_STEP][PASSED] - delay(DelayTime): Delayed 0 second(s)

2020-05-24 19:18:57 - [MESSAGE][PASSED] - Delayed 0 second(s)

2020-05-24 19:18:57 - [TEST_STEP][PASSED] - sendKeys(NewInputNmField, Keys.chord(ENTER)): Keys 'ENTER + ' sent to object: 'Object Repository/Objects.HighlightElements/input_field_index'

2020-05-24 19:18:57 - [MESSAGE][PASSED] - Keys 'ENTER + ' sent to object: 'Object Repository/Objects.HighlightElements/input_field_index'

2020-05-24 19:18:57 - [TEST_STEP][PASSED] - ComboBoxValue = getAttribute(NewInputNmField, "value"): Attribute 'value' of object 'Object Repository/Objects.HighlightElements/input_field_index' is: '[AAPSI816] SF_ESID_SISSF-D1-G Generate Govt Notice'

2020-05-24 19:18:58 - [MESSAGE][PASSED] - Attribute 'value' of object 'Object Repository/Objects.HighlightElements/input_field_index' is: '[AAPSI816] SF_ESID_SISSF-D1-G Generate Govt Notice'

2020-05-24 19:18:58 - [TEST_STEP][PASSED] - callTestCase(findTestCase(CallTCName), ["FindValue":ComboBoxValue, "DropdownNm":comboNm], STOP_ON_FAILURE): Call Test Case 'Test Cases/PFI Precision and Scale/PFI Components/PFILetterTemplate' successfully

2020-05-24 19:18:58 - [TEST_CASE][PASSED] - Test Cases/PFI Precision and Scale/PFI Components/PFILetterTemplate: Test Cases/PFI Precision and Scale/PFI Components/PFILetterTemplate

2020-05-24 19:18:58 - [TEST_STEP][PASSED] - PFILetterTemplateTBL = [1:["Reminder":"Ministry Of Health"], 2:["Reminder":"Reminder Free Format Letter"], 3:["Reminder":"Reminder 1 (SF_ESID_SIS/SL-REM1)"], ... ]: null

2020-05-24 19:18:58 - [TEST_STEP][PASSED] - switch (DropdownNm): null

2020-05-24 19:18:58 - [TEST_STEP][PASSED] - case "IssueWD":: null

2020-05-24 19:18:58 - [TEST_STEP][PASSED] - ValueFound = PFILetterTemplateTBL.find({ -> ... }): null

2020-05-24 19:18:58 - [TEST_STEP][PASSED] - break: null

2020-05-24 19:18:58 - [MESSAGE][PASSED] - Call Test Case 'Test Cases/PFI Precision and Scale/PFI Components/PFILetterTemplate' successfully

2020-05-24 19:18:58 - [TEST_STEP][PASSED] - println(ValueFound): null

2020-05-24 19:18:58 - [TEST_STEP][PASSED] - sendKeys(NewInputNmField, Keys.chord(ARROW_DOWN)): Keys 'DOWN + ' sent to object: 'Object Repository/Objects.HighlightElements/input_field_index'

2020-05-24 19:18:58 - [MESSAGE][PASSED] - Keys 'DOWN + ' sent to object: 'Object Repository/Objects.HighlightElements/input_field_index'

2020-05-24 19:18:58 - [TEST_STEP][PASSED] - sendKeys(NewInputNmField, Keys.chord(ARROW_DOWN)): Keys 'DOWN + ' sent to object: 'Object Repository/Objects.HighlightElements/input_field_index'

2020-05-24 19:18:59 - [MESSAGE][PASSED] - Keys 'DOWN + ' sent to object: 'Object Repository/Objects.HighlightElements/input_field_index'

2020-05-24 19:18:59 - [TEST_STEP][PASSED] - delay(DelayTime): Delayed 0 second(s)

2020-05-24 19:18:59 - [MESSAGE][PASSED] - Delayed 0 second(s)

2020-05-24 19:18:59 - [TEST_STEP][PASSED] - sendKeys(NewInputNmField, Keys.chord(ENTER)): Keys 'ENTER + ' sent to object: 'Object Repository/Objects.HighlightElements/input_field_index'

2020-05-24 19:18:59 - [MESSAGE][PASSED] - Keys 'ENTER + ' sent to object: 'Object Repository/Objects.HighlightElements/input_field_index'

2020-05-24 19:18:59 - [TEST_STEP][PASSED] - ComboBoxValue = getAttribute(NewInputNmField, "value"): Attribute 'value' of object 'Object Repository/Objects.HighlightElements/input_field_index' is: '[AAPSI819]  S28 Periodical Inspection Of Buildings '

2020-05-24 19:19:00 - [MESSAGE][PASSED] - Attribute 'value' of object 'Object Repository/Objects.HighlightElements/input_field_index' is: '[AAPSI819]  S28 Periodical Inspection Of Buildings '

2020-05-24 19:19:00 - [TEST_STEP][PASSED] - callTestCase(findTestCase(CallTCName), ["FindValue":ComboBoxValue, "DropdownNm":comboNm], STOP_ON_FAILURE): Call Test Case 'Test Cases/PFI Precision and Scale/PFI Components/PFILetterTemplate' successfully

2020-05-24 19:19:00 - [TEST_CASE][PASSED] - Test Cases/PFI Precision and Scale/PFI Components/PFILetterTemplate: Test Cases/PFI Precision and Scale/PFI Components/PFILetterTemplate

2020-05-24 19:19:00 - [TEST_STEP][PASSED] - PFILetterTemplateTBL = [1:["Reminder":"Ministry Of Health"], 2:["Reminder":"Reminder Free Format Letter"], 3:["Reminder":"Reminder 1 (SF_ESID_SIS/SL-REM1)"], ... ]: null

2020-05-24 19:19:00 - [TEST_STEP][PASSED] - switch (DropdownNm): null

2020-05-24 19:19:00 - [TEST_STEP][PASSED] - case "IssueWD":: null

2020-05-24 19:19:00 - [TEST_STEP][PASSED] - ValueFound = PFILetterTemplateTBL.find({ -> ... }): null

2020-05-24 19:19:00 - [TEST_STEP][PASSED] - break: null

2020-05-24 19:19:00 - [MESSAGE][PASSED] - Call Test Case 'Test Cases/PFI Precision and Scale/PFI Components/PFILetterTemplate' successfully

2020-05-24 19:19:00 - [TEST_STEP][PASSED] - println(ValueFound): null

2020-05-24 19:19:00 - [TEST_STEP][PASSED] - sendKeys(NewInputNmField, Keys.chord(ARROW_DOWN)): Keys 'DOWN + ' sent to object: 'Object Repository/Objects.HighlightElements/input_field_index'

2020-05-24 19:19:00 - [MESSAGE][PASSED] - Keys 'DOWN + ' sent to object: 'Object Repository/Objects.HighlightElements/input_field_index'

2020-05-24 19:19:00 - [TEST_STEP][PASSED] - sendKeys(NewInputNmField, Keys.chord(ARROW_DOWN)): Keys 'DOWN + ' sent to object: 'Object Repository/Objects.HighlightElements/input_field_index'

2020-05-24 19:19:01 - [MESSAGE][PASSED] - Keys 'DOWN + ' sent to object: 'Object Repository/Objects.HighlightElements/input_field_index'

2020-05-24 19:19:01 - [TEST_STEP][PASSED] - delay(DelayTime): Delayed 0 second(s)

2020-05-24 19:19:01 - [MESSAGE][PASSED] - Delayed 0 second(s)

2020-05-24 19:19:01 - [TEST_STEP][PASSED] - sendKeys(NewInputNmField, Keys.chord(ENTER)): Keys 'ENTER + ' sent to object: 'Object Repository/Objects.HighlightElements/input_field_index'

2020-05-24 19:19:01 - [MESSAGE][PASSED] - Keys 'ENTER + ' sent to object: 'Object Repository/Objects.HighlightElements/input_field_index'

2020-05-24 19:19:01 - [TEST_STEP][PASSED] - ComboBoxValue = getAttribute(NewInputNmField, "value"): Attribute 'value' of object 'Object Repository/Objects.HighlightElements/input_field_index' is: '[SF_ESID_SIS_SL_PE_PRESENT] SF_ESID_SIS_SL_PE_PRESENT'

2020-05-24 19:19:01 - [MESSAGE][PASSED] - Attribute 'value' of object 'Object Repository/Objects.HighlightElements/input_field_index' is: '[SF_ESID_SIS_SL_PE_PRESENT] SF_ESID_SIS_SL_PE_PRESENT'

2020-05-24 19:19:01 - [TEST_STEP][PASSED] - callTestCase(findTestCase(CallTCName), ["FindValue":ComboBoxValue, "DropdownNm":comboNm], STOP_ON_FAILURE): Call Test Case 'Test Cases/PFI Precision and Scale/PFI Components/PFILetterTemplate' successfully

2020-05-24 19:19:02 - [TEST_CASE][PASSED] - Test Cases/PFI Precision and Scale/PFI Components/PFILetterTemplate: Test Cases/PFI Precision and Scale/PFI Components/PFILetterTemplate

2020-05-24 19:19:02 - [TEST_STEP][PASSED] - PFILetterTemplateTBL = [1:["Reminder":"Ministry Of Health"], 2:["Reminder":"Reminder Free Format Letter"], 3:["Reminder":"Reminder 1 (SF_ESID_SIS/SL-REM1)"], ... ]: null

2020-05-24 19:19:02 - [TEST_STEP][PASSED] - switch (DropdownNm): null

2020-05-24 19:19:02 - [TEST_STEP][PASSED] - case "IssueWD":: null

2020-05-24 19:19:02 - [TEST_STEP][PASSED] - ValueFound = PFILetterTemplateTBL.find({ -> ... }): null

2020-05-24 19:19:02 - [TEST_STEP][PASSED] - break: null

2020-05-24 19:19:02 - [MESSAGE][PASSED] - Call Test Case 'Test Cases/PFI Precision and Scale/PFI Components/PFILetterTemplate' successfully

2020-05-24 19:19:02 - [TEST_STEP][PASSED] - println(ValueFound): null

2020-05-24 19:19:02 - [TEST_STEP][PASSED] - sendKeys(NewInputNmField, Keys.chord(ARROW_DOWN)): Keys 'DOWN + ' sent to object: 'Object Repository/Objects.HighlightElements/input_field_index'

2020-05-24 19:19:02 - [MESSAGE][PASSED] - Keys 'DOWN + ' sent to object: 'Object Repository/Objects.HighlightElements/input_field_index'

2020-05-24 19:19:02 - [TEST_STEP][PASSED] - sendKeys(NewInputNmField, Keys.chord(ARROW_DOWN)): Keys 'DOWN + ' sent to object: 'Object Repository/Objects.HighlightElements/input_field_index'

2020-05-24 19:19:02 - [MESSAGE][PASSED] - Keys 'DOWN + ' sent to object: 'Object Repository/Objects.HighlightElements/input_field_index'

2020-05-24 19:19:02 - [TEST_STEP][PASSED] - delay(DelayTime): Delayed 0 second(s)

2020-05-24 19:19:02 - [MESSAGE][PASSED] - Delayed 0 second(s)

2020-05-24 19:19:02 - [TEST_STEP][PASSED] - sendKeys(NewInputNmField, Keys.chord(ENTER)): Keys 'ENTER + ' sent to object: 'Object Repository/Objects.HighlightElements/input_field_index'

2020-05-24 19:19:03 - [MESSAGE][PASSED] - Keys 'ENTER + ' sent to object: 'Object Repository/Objects.HighlightElements/input_field_index'

2020-05-24 19:19:03 - [TEST_STEP][PASSED] - ComboBoxValue = getAttribute(NewInputNmField, "value"): Attribute 'value' of object 'Object Repository/Objects.HighlightElements/input_field_index' is: '[AAPSI809] eT5'

2020-05-24 19:19:03 - [MESSAGE][PASSED] - Attribute 'value' of object 'Object Repository/Objects.HighlightElements/input_field_index' is: '[AAPSI809] eT5'

2020-05-24 19:19:03 - [TEST_STEP][PASSED] - callTestCase(findTestCase(CallTCName), ["FindValue":ComboBoxValue, "DropdownNm":comboNm], STOP_ON_FAILURE): Call Test Case 'Test Cases/PFI Precision and Scale/PFI Components/PFILetterTemplate' successfully

2020-05-24 19:19:03 - [TEST_CASE][PASSED] - Test Cases/PFI Precision and Scale/PFI Components/PFILetterTemplate: Test Cases/PFI Precision and Scale/PFI Components/PFILetterTemplate

2020-05-24 19:19:03 - [TEST_STEP][PASSED] - PFILetterTemplateTBL = [1:["Reminder":"Ministry Of Health"], 2:["Reminder":"Reminder Free Format Letter"], 3:["Reminder":"Reminder 1 (SF_ESID_SIS/SL-REM1)"], ... ]: null

2020-05-24 19:19:03 - [TEST_STEP][PASSED] - switch (DropdownNm): null

2020-05-24 19:19:03 - [TEST_STEP][PASSED] - case "IssueWD":: null

2020-05-24 19:19:03 - [TEST_STEP][PASSED] - ValueFound = PFILetterTemplateTBL.find({ -> ... }): null

2020-05-24 19:19:03 - [TEST_STEP][PASSED] - break: null

2020-05-24 19:19:03 - [MESSAGE][PASSED] - Call Test Case 'Test Cases/PFI Precision and Scale/PFI Components/PFILetterTemplate' successfully

2020-05-24 19:19:03 - [TEST_STEP][PASSED] - println(ValueFound): null

2020-05-24 19:19:03 - [TEST_STEP][PASSED] - sendKeys(NewInputNmField, Keys.chord(ARROW_DOWN)): Keys 'DOWN + ' sent to object: 'Object Repository/Objects.HighlightElements/input_field_index'

2020-05-24 19:19:04 - [MESSAGE][PASSED] - Keys 'DOWN + ' sent to object: 'Object Repository/Objects.HighlightElements/input_field_index'

2020-05-24 19:19:04 - [TEST_STEP][PASSED] - sendKeys(NewInputNmField, Keys.chord(ARROW_DOWN)): Keys 'DOWN + ' sent to object: 'Object Repository/Objects.HighlightElements/input_field_index'

2020-05-24 19:19:04 - [MESSAGE][PASSED] - Keys 'DOWN + ' sent to object: 'Object Repository/Objects.HighlightElements/input_field_index'

2020-05-24 19:19:04 - [TEST_STEP][PASSED] - delay(DelayTime): Delayed 0 second(s)

2020-05-24 19:19:04 - [MESSAGE][PASSED] - Delayed 0 second(s)

2020-05-24 19:19:04 - [TEST_STEP][PASSED] - sendKeys(NewInputNmField, Keys.chord(ENTER)): Keys 'ENTER + ' sent to object: 'Object Repository/Objects.HighlightElements/input_field_index'

2020-05-24 19:19:05 - [MESSAGE][PASSED] - Keys 'ENTER + ' sent to object: 'Object Repository/Objects.HighlightElements/input_field_index'

2020-05-24 19:19:05 - [TEST_STEP][PASSED] - ComboBoxValue = getAttribute(NewInputNmField, "value"): Attribute 'value' of object 'Object Repository/Objects.HighlightElements/input_field_index' is: '[AAPSI810] eT6'

2020-05-24 19:19:05 - [MESSAGE][PASSED] - Attribute 'value' of object 'Object Repository/Objects.HighlightElements/input_field_index' is: '[AAPSI810] eT6'

2020-05-24 19:19:05 - [TEST_STEP][PASSED] - callTestCase(findTestCase(CallTCName), ["FindValue":ComboBoxValue, "DropdownNm":comboNm], STOP_ON_FAILURE): Call Test Case 'Test Cases/PFI Precision and Scale/PFI Components/PFILetterTemplate' successfully

2020-05-24 19:19:05 - [TEST_CASE][PASSED] - Test Cases/PFI Precision and Scale/PFI Components/PFILetterTemplate: Test Cases/PFI Precision and Scale/PFI Components/PFILetterTemplate

2020-05-24 19:19:05 - [TEST_STEP][PASSED] - PFILetterTemplateTBL = [1:["Reminder":"Ministry Of Health"], 2:["Reminder":"Reminder Free Format Letter"], 3:["Reminder":"Reminder 1 (SF_ESID_SIS/SL-REM1)"], ... ]: null

2020-05-24 19:19:05 - [TEST_STEP][PASSED] - switch (DropdownNm): null

2020-05-24 19:19:05 - [TEST_STEP][PASSED] - case "IssueWD":: null

2020-05-24 19:19:05 - [TEST_STEP][PASSED] - ValueFound = PFILetterTemplateTBL.find({ -> ... }): null

2020-05-24 19:19:05 - [TEST_STEP][PASSED] - break: null

2020-05-24 19:19:05 - [MESSAGE][PASSED] - Call Test Case 'Test Cases/PFI Precision and Scale/PFI Components/PFILetterTemplate' successfully

2020-05-24 19:19:05 - [TEST_STEP][PASSED] - println(ValueFound): null

2020-05-24 19:19:05 - [TEST_STEP][PASSED] - sendKeys(NewInputNmField, Keys.chord(ARROW_DOWN)): Keys 'DOWN + ' sent to object: 'Object Repository/Objects.HighlightElements/input_field_index'

2020-05-24 19:19:06 - [MESSAGE][PASSED] - Keys 'DOWN + ' sent to object: 'Object Repository/Objects.HighlightElements/input_field_index'

2020-05-24 19:19:06 - [TEST_STEP][PASSED] - sendKeys(NewInputNmField, Keys.chord(ARROW_DOWN)): Keys 'DOWN + ' sent to object: 'Object Repository/Objects.HighlightElements/input_field_index'

2020-05-24 19:19:06 - [MESSAGE][PASSED] - Keys 'DOWN + ' sent to object: 'Object Repository/Objects.HighlightElements/input_field_index'

2020-05-24 19:19:06 - [TEST_STEP][PASSED] - delay(DelayTime): Delayed 0 second(s)

2020-05-24 19:19:06 - [MESSAGE][PASSED] - Delayed 0 second(s)

2020-05-24 19:19:06 - [TEST_STEP][PASSED] - sendKeys(NewInputNmField, Keys.chord(ENTER)): Keys 'ENTER + ' sent to object: 'Object Repository/Objects.HighlightElements/input_field_index'

2020-05-24 19:19:07 - [MESSAGE][PASSED] - Keys 'ENTER + ' sent to object: 'Object Repository/Objects.HighlightElements/input_field_index'

2020-05-24 19:19:07 - [TEST_STEP][PASSED] - ComboBoxValue = getAttribute(NewInputNmField, "value"): Attribute 'value' of object 'Object Repository/Objects.HighlightElements/input_field_index' is: '[AAPSI801] D1 (Single Owner With Structural Plan)'

2020-05-24 19:19:07 - [MESSAGE][PASSED] - Attribute 'value' of object 'Object Repository/Objects.HighlightElements/input_field_index' is: '[AAPSI801] D1 (Single Owner With Structural Plan)'

2020-05-24 19:19:07 - [TEST_STEP][PASSED] - callTestCase(findTestCase(CallTCName), ["FindValue":ComboBoxValue, "DropdownNm":comboNm], STOP_ON_FAILURE): Call Test Case 'Test Cases/PFI Precision and Scale/PFI Components/PFILetterTemplate' successfully

2020-05-24 19:19:07 - [TEST_CASE][PASSED] - Test Cases/PFI Precision and Scale/PFI Components/PFILetterTemplate: Test Cases/PFI Precision and Scale/PFI Components/PFILetterTemplate

2020-05-24 19:19:07 - [TEST_STEP][PASSED] - PFILetterTemplateTBL = [1:["Reminder":"Ministry Of Health"], 2:["Reminder":"Reminder Free Format Letter"], 3:["Reminder":"Reminder 1 (SF_ESID_SIS/SL-REM1)"], ... ]: null

2020-05-24 19:19:07 - [TEST_STEP][PASSED] - switch (DropdownNm): null

2020-05-24 19:19:07 - [TEST_STEP][PASSED] - case "IssueWD":: null

2020-05-24 19:19:07 - [TEST_STEP][PASSED] - ValueFound = PFILetterTemplateTBL.find({ -> ... }): null

2020-05-24 19:19:07 - [TEST_STEP][PASSED] - break: null

2020-05-24 19:19:07 - [MESSAGE][PASSED] - Call Test Case 'Test Cases/PFI Precision and Scale/PFI Components/PFILetterTemplate' successfully

2020-05-24 19:19:07 - [TEST_STEP][PASSED] - println(ValueFound): null

2020-05-24 19:19:07 - [TEST_STEP][PASSED] - sendKeys(NewInputNmField, Keys.chord(ARROW_DOWN)): Keys 'DOWN + ' sent to object: 'Object Repository/Objects.HighlightElements/input_field_index'

2020-05-24 19:19:08 - [MESSAGE][PASSED] - Keys 'DOWN + ' sent to object: 'Object Repository/Objects.HighlightElements/input_field_index'

2020-05-24 19:19:08 - [TEST_STEP][PASSED] - sendKeys(NewInputNmField, Keys.chord(ARROW_DOWN)): Keys 'DOWN + ' sent to object: 'Object Repository/Objects.HighlightElements/input_field_index'

2020-05-24 19:19:08 - [MESSAGE][PASSED] - Keys 'DOWN + ' sent to object: 'Object Repository/Objects.HighlightElements/input_field_index'

2020-05-24 19:19:08 - [TEST_STEP][PASSED] - delay(DelayTime): Delayed 0 second(s)

2020-05-24 19:19:08 - [MESSAGE][PASSED] - Delayed 0 second(s)

2020-05-24 19:19:08 - [TEST_STEP][PASSED] - sendKeys(NewInputNmField, Keys.chord(ENTER)): Keys 'ENTER + ' sent to object: 'Object Repository/Objects.HighlightElements/input_field_index'

2020-05-24 19:19:09 - [MESSAGE][PASSED] - Keys 'ENTER + ' sent to object: 'Object Repository/Objects.HighlightElements/input_field_index'

2020-05-24 19:19:09 - [TEST_STEP][PASSED] - ComboBoxValue = getAttribute(NewInputNmField, "value"): Attribute 'value' of object 'Object Repository/Objects.HighlightElements/input_field_index' is: '[AAPSI801W] D1 (Single Owner Without Structural Plan)'

2020-05-24 19:19:09 - [MESSAGE][PASSED] - Attribute 'value' of object 'Object Repository/Objects.HighlightElements/input_field_index' is: '[AAPSI801W] D1 (Single Owner Without Structural Plan)'

2020-05-24 19:19:09 - [TEST_STEP][PASSED] - callTestCase(findTestCase(CallTCName), ["FindValue":ComboBoxValue, "DropdownNm":comboNm], STOP_ON_FAILURE): Call Test Case 'Test Cases/PFI Precision and Scale/PFI Components/PFILetterTemplate' successfully

2020-05-24 19:19:09 - [TEST_CASE][PASSED] - Test Cases/PFI Precision and Scale/PFI Components/PFILetterTemplate: Test Cases/PFI Precision and Scale/PFI Components/PFILetterTemplate

2020-05-24 19:19:09 - [TEST_STEP][PASSED] - PFILetterTemplateTBL = [1:["Reminder":"Ministry Of Health"], 2:["Reminder":"Reminder Free Format Letter"], 3:["Reminder":"Reminder 1 (SF_ESID_SIS/SL-REM1)"], ... ]: null

2020-05-24 19:19:09 - [TEST_STEP][PASSED] - switch (DropdownNm): null

2020-05-24 19:19:09 - [TEST_STEP][PASSED] - case "IssueWD":: null

2020-05-24 19:19:09 - [TEST_STEP][PASSED] - ValueFound = PFILetterTemplateTBL.find({ -> ... }): null

2020-05-24 19:19:09 - [TEST_STEP][PASSED] - break: null

2020-05-24 19:19:09 - [MESSAGE][PASSED] - Call Test Case 'Test Cases/PFI Precision and Scale/PFI Components/PFILetterTemplate' successfully

2020-05-24 19:19:09 - [TEST_STEP][PASSED] - println(ValueFound): null

2020-05-24 19:19:09 - [TEST_STEP][PASSED] - sendKeys(NewInputNmField, Keys.chord(ARROW_DOWN)): Keys 'DOWN + ' sent to object: 'Object Repository/Objects.HighlightElements/input_field_index'

2020-05-24 19:19:10 - [MESSAGE][PASSED] - Keys 'DOWN + ' sent to object: 'Object Repository/Objects.HighlightElements/input_field_index'

2020-05-24 19:19:10 - [TEST_STEP][PASSED] - sendKeys(NewInputNmField, Keys.chord(ARROW_DOWN)): Keys 'DOWN + ' sent to object: 'Object Repository/Objects.HighlightElements/input_field_index'

2020-05-24 19:19:10 - [MESSAGE][PASSED] - Keys 'DOWN + ' sent to object: 'Object Repository/Objects.HighlightElements/input_field_index'

2020-05-24 19:19:10 - [TEST_STEP][PASSED] - delay(DelayTime): Delayed 0 second(s)

2020-05-24 19:19:10 - [MESSAGE][PASSED] - Delayed 0 second(s)

2020-05-24 19:19:10 - [TEST_STEP][PASSED] - sendKeys(NewInputNmField, Keys.chord(ENTER)): Keys 'ENTER + ' sent to object: 'Object Repository/Objects.HighlightElements/input_field_index'

2020-05-24 19:19:11 - [MESSAGE][PASSED] - Keys 'ENTER + ' sent to object: 'Object Repository/Objects.HighlightElements/input_field_index'

2020-05-24 19:19:11 - [TEST_STEP][PASSED] - ComboBoxValue = getAttribute(NewInputNmField, "value"): Attribute 'value' of object 'Object Repository/Objects.HighlightElements/input_field_index' is: '[AAPSI802] D1 (Multiple Owners With Structural Plan)'

2020-05-24 19:19:11 - [MESSAGE][PASSED] - Attribute 'value' of object 'Object Repository/Objects.HighlightElements/input_field_index' is: '[AAPSI802] D1 (Multiple Owners With Structural Plan)'

2020-05-24 19:19:11 - [TEST_STEP][PASSED] - callTestCase(findTestCase(CallTCName), ["FindValue":ComboBoxValue, "DropdownNm":comboNm], STOP_ON_FAILURE): Call Test Case 'Test Cases/PFI Precision and Scale/PFI Components/PFILetterTemplate' successfully

2020-05-24 19:19:11 - [TEST_CASE][PASSED] - Test Cases/PFI Precision and Scale/PFI Components/PFILetterTemplate: Test Cases/PFI Precision and Scale/PFI Components/PFILetterTemplate

2020-05-24 19:19:11 - [TEST_STEP][PASSED] - PFILetterTemplateTBL = [1:["Reminder":"Ministry Of Health"], 2:["Reminder":"Reminder Free Format Letter"], 3:["Reminder":"Reminder 1 (SF_ESID_SIS/SL-REM1)"], ... ]: null

2020-05-24 19:19:11 - [TEST_STEP][PASSED] - switch (DropdownNm): null

2020-05-24 19:19:11 - [TEST_STEP][PASSED] - case "IssueWD":: null

2020-05-24 19:19:11 - [TEST_STEP][PASSED] - ValueFound = PFILetterTemplateTBL.find({ -> ... }): null

2020-05-24 19:19:11 - [TEST_STEP][PASSED] - break: null

2020-05-24 19:19:11 - [MESSAGE][PASSED] - Call Test Case 'Test Cases/PFI Precision and Scale/PFI Components/PFILetterTemplate' successfully

2020-05-24 19:19:11 - [TEST_STEP][PASSED] - println(ValueFound): null

2020-05-24 19:19:11 - [TEST_STEP][PASSED] - sendKeys(NewInputNmField, Keys.chord(ARROW_DOWN)): Keys 'DOWN + ' sent to object: 'Object Repository/Objects.HighlightElements/input_field_index'

2020-05-24 19:19:12 - [MESSAGE][PASSED] - Keys 'DOWN + ' sent to object: 'Object Repository/Objects.HighlightElements/input_field_index'

2020-05-24 19:19:12 - [TEST_STEP][PASSED] - sendKeys(NewInputNmField, Keys.chord(ARROW_DOWN)): Keys 'DOWN + ' sent to object: 'Object Repository/Objects.HighlightElements/input_field_index'

2020-05-24 19:19:12 - [MESSAGE][PASSED] - Keys 'DOWN + ' sent to object: 'Object Repository/Objects.HighlightElements/input_field_index'

2020-05-24 19:19:12 - [TEST_STEP][PASSED] - delay(DelayTime): Delayed 0 second(s)

2020-05-24 19:19:12 - [MESSAGE][PASSED] - Delayed 0 second(s)

2020-05-24 19:19:12 - [TEST_STEP][PASSED] - sendKeys(NewInputNmField, Keys.chord(ENTER)): Keys 'ENTER + ' sent to object: 'Object Repository/Objects.HighlightElements/input_field_index'

2020-05-24 19:19:13 - [MESSAGE][PASSED] - Keys 'ENTER + ' sent to object: 'Object Repository/Objects.HighlightElements/input_field_index'

2020-05-24 19:19:13 - [TEST_STEP][PASSED] - ComboBoxValue = getAttribute(NewInputNmField, "value"): Attribute 'value' of object 'Object Repository/Objects.HighlightElements/input_field_index' is: '[AAPSI814] D1 (Single Owner With Structural Plan) - Regeneration of Notice'

2020-05-24 19:19:13 - [MESSAGE][PASSED] - Attribute 'value' of object 'Object Repository/Objects.HighlightElements/input_field_index' is: '[AAPSI814] D1 (Single Owner With Structural Plan) - Regeneration of Notice'

2020-05-24 19:19:13 - [TEST_STEP][PASSED] - callTestCase(findTestCase(CallTCName), ["FindValue":ComboBoxValue, "DropdownNm":comboNm], STOP_ON_FAILURE): Call Test Case 'Test Cases/PFI Precision and Scale/PFI Components/PFILetterTemplate' successfully

2020-05-24 19:19:13 - [TEST_CASE][PASSED] - Test Cases/PFI Precision and Scale/PFI Components/PFILetterTemplate: Test Cases/PFI Precision and Scale/PFI Components/PFILetterTemplate

2020-05-24 19:19:13 - [TEST_STEP][PASSED] - PFILetterTemplateTBL = [1:["Reminder":"Ministry Of Health"], 2:["Reminder":"Reminder Free Format Letter"], 3:["Reminder":"Reminder 1 (SF_ESID_SIS/SL-REM1)"], ... ]: null

2020-05-24 19:19:13 - [TEST_STEP][PASSED] - switch (DropdownNm): null

2020-05-24 19:19:13 - [TEST_STEP][PASSED] - case "IssueWD":: null

2020-05-24 19:19:13 - [TEST_STEP][PASSED] - ValueFound = PFILetterTemplateTBL.find({ -> ... }): null

2020-05-24 19:19:13 - [TEST_STEP][PASSED] - break: null

2020-05-24 19:19:13 - [MESSAGE][PASSED] - Call Test Case 'Test Cases/PFI Precision and Scale/PFI Components/PFILetterTemplate' successfully

2020-05-24 19:19:13 - [TEST_STEP][PASSED] - println(ValueFound): null

2020-05-24 19:19:13 - [TEST_STEP][PASSED] - sendKeys(NewInputNmField, Keys.chord(ARROW_DOWN)): Keys 'DOWN + ' sent to object: 'Object Repository/Objects.HighlightElements/input_field_index'

2020-05-24 19:19:14 - [MESSAGE][PASSED] - Keys 'DOWN + ' sent to object: 'Object Repository/Objects.HighlightElements/input_field_index'

2020-05-24 19:19:14 - [TEST_STEP][PASSED] - sendKeys(NewInputNmField, Keys.chord(ARROW_DOWN)): Keys 'DOWN + ' sent to object: 'Object Repository/Objects.HighlightElements/input_field_index'

2020-05-24 19:19:14 - [MESSAGE][PASSED] - Keys 'DOWN + ' sent to object: 'Object Repository/Objects.HighlightElements/input_field_index'

2020-05-24 19:19:14 - [TEST_STEP][PASSED] - delay(DelayTime): Delayed 0 second(s)

2020-05-24 19:19:14 - [MESSAGE][PASSED] - Delayed 0 second(s)

2020-05-24 19:19:14 - [TEST_STEP][PASSED] - sendKeys(NewInputNmField, Keys.chord(ENTER)): Keys 'ENTER + ' sent to object: 'Object Repository/Objects.HighlightElements/input_field_index'

2020-05-24 19:19:15 - [MESSAGE][PASSED] - Keys 'ENTER + ' sent to object: 'Object Repository/Objects.HighlightElements/input_field_index'

2020-05-24 19:19:15 - [TEST_STEP][PASSED] - ComboBoxValue = getAttribute(NewInputNmField, "value"): Attribute 'value' of object 'Object Repository/Objects.HighlightElements/input_field_index' is: '[AAPSI815] D1 (Multiple Owners With Structural Plan) - Regeneration of Notice'

2020-05-24 19:19:15 - [MESSAGE][PASSED] - Attribute 'value' of object 'Object Repository/Objects.HighlightElements/input_field_index' is: '[AAPSI815] D1 (Multiple Owners With Structural Plan) - Regeneration of Notice'

2020-05-24 19:19:15 - [TEST_STEP][PASSED] - callTestCase(findTestCase(CallTCName), ["FindValue":ComboBoxValue, "DropdownNm":comboNm], STOP_ON_FAILURE): Call Test Case 'Test Cases/PFI Precision and Scale/PFI Components/PFILetterTemplate' successfully

2020-05-24 19:19:15 - [TEST_CASE][PASSED] - Test Cases/PFI Precision and Scale/PFI Components/PFILetterTemplate: Test Cases/PFI Precision and Scale/PFI Components/PFILetterTemplate

2020-05-24 19:19:15 - [TEST_STEP][PASSED] - PFILetterTemplateTBL = [1:["Reminder":"Ministry Of Health"], 2:["Reminder":"Reminder Free Format Letter"], 3:["Reminder":"Reminder 1 (SF_ESID_SIS/SL-REM1)"], ... ]: null

2020-05-24 19:19:15 - [TEST_STEP][PASSED] - switch (DropdownNm): null

2020-05-24 19:19:15 - [TEST_STEP][PASSED] - case "IssueWD":: null

2020-05-24 19:19:15 - [TEST_STEP][PASSED] - ValueFound = PFILetterTemplateTBL.find({ -> ... }): null

2020-05-24 19:19:15 - [TEST_STEP][PASSED] - break: null

2020-05-24 19:19:15 - [MESSAGE][PASSED] - Call Test Case 'Test Cases/PFI Precision and Scale/PFI Components/PFILetterTemplate' successfully

2020-05-24 19:19:15 - [TEST_STEP][PASSED] - println(ValueFound): null

2020-05-24 19:19:15 - [TEST_STEP][PASSED] - sendKeys(NewInputNmField, Keys.chord(ARROW_DOWN)): Keys 'DOWN + ' sent to object: 'Object Repository/Objects.HighlightElements/input_field_index'

2020-05-24 19:19:16 - [MESSAGE][PASSED] - Keys 'DOWN + ' sent to object: 'Object Repository/Objects.HighlightElements/input_field_index'

2020-05-24 19:19:16 - [TEST_STEP][PASSED] - sendKeys(NewInputNmField, Keys.chord(ARROW_DOWN)): Keys 'DOWN + ' sent to object: 'Object Repository/Objects.HighlightElements/input_field_index'

2020-05-24 19:19:16 - [MESSAGE][PASSED] - Keys 'DOWN + ' sent to object: 'Object Repository/Objects.HighlightElements/input_field_index'

2020-05-24 19:19:16 - [TEST_STEP][PASSED] - delay(DelayTime): Delayed 0 second(s)

2020-05-24 19:19:16 - [MESSAGE][PASSED] - Delayed 0 second(s)

2020-05-24 19:19:16 - [TEST_STEP][PASSED] - sendKeys(NewInputNmField, Keys.chord(ENTER)): Keys 'ENTER + ' sent to object: 'Object Repository/Objects.HighlightElements/input_field_index'

2020-05-24 19:19:16 - [MESSAGE][PASSED] - Keys 'ENTER + ' sent to object: 'Object Repository/Objects.HighlightElements/input_field_index'

2020-05-24 19:19:16 - [TEST_STEP][PASSED] - ComboBoxValue = getAttribute(NewInputNmField, "value"): Attribute 'value' of object 'Object Repository/Objects.HighlightElements/input_field_index' is: '[AAPSI815W] D1 (Multiple Owners Without Structural Plan) - Regeneration of Notice'

2020-05-24 19:19:17 - [MESSAGE][PASSED] - Attribute 'value' of object 'Object Repository/Objects.HighlightElements/input_field_index' is: '[AAPSI815W] D1 (Multiple Owners Without Structural Plan) - Regeneration of Notice'

2020-05-24 19:19:17 - [TEST_STEP][PASSED] - callTestCase(findTestCase(CallTCName), ["FindValue":ComboBoxValue, "DropdownNm":comboNm], STOP_ON_FAILURE): Call Test Case 'Test Cases/PFI Precision and Scale/PFI Components/PFILetterTemplate' successfully

2020-05-24 19:19:17 - [TEST_CASE][PASSED] - Test Cases/PFI Precision and Scale/PFI Components/PFILetterTemplate: Test Cases/PFI Precision and Scale/PFI Components/PFILetterTemplate

2020-05-24 19:19:17 - [TEST_STEP][PASSED] - PFILetterTemplateTBL = [1:["Reminder":"Ministry Of Health"], 2:["Reminder":"Reminder Free Format Letter"], 3:["Reminder":"Reminder 1 (SF_ESID_SIS/SL-REM1)"], ... ]: null

2020-05-24 19:19:17 - [TEST_STEP][PASSED] - switch (DropdownNm): null

2020-05-24 19:19:17 - [TEST_STEP][PASSED] - case "IssueWD":: null

2020-05-24 19:19:17 - [TEST_STEP][PASSED] - ValueFound = PFILetterTemplateTBL.find({ -> ... }): null

2020-05-24 19:19:17 - [TEST_STEP][PASSED] - break: null

2020-05-24 19:19:17 - [MESSAGE][PASSED] - Call Test Case 'Test Cases/PFI Precision and Scale/PFI Components/PFILetterTemplate' successfully

2020-05-24 19:19:17 - [TEST_STEP][PASSED] - println(ValueFound): null

2020-05-24 19:19:17 - [TEST_STEP][PASSED] - sendKeys(NewInputNmField, Keys.chord(ARROW_DOWN)): Keys 'DOWN + ' sent to object: 'Object Repository/Objects.HighlightElements/input_field_index'

2020-05-24 19:19:17 - [MESSAGE][PASSED] - Keys 'DOWN + ' sent to object: 'Object Repository/Objects.HighlightElements/input_field_index'

2020-05-24 19:19:17 - [TEST_STEP][PASSED] - sendKeys(NewInputNmField, Keys.chord(ARROW_DOWN)): Keys 'DOWN + ' sent to object: 'Object Repository/Objects.HighlightElements/input_field_index'

2020-05-24 19:19:18 - [MESSAGE][PASSED] - Keys 'DOWN + ' sent to object: 'Object Repository/Objects.HighlightElements/input_field_index'

2020-05-24 19:19:18 - [TEST_STEP][PASSED] - delay(DelayTime): Delayed 0 second(s)

2020-05-24 19:19:18 - [MESSAGE][PASSED] - Delayed 0 second(s)

2020-05-24 19:19:18 - [TEST_STEP][PASSED] - sendKeys(NewInputNmField, Keys.chord(ENTER)): Keys 'ENTER + ' sent to object: 'Object Repository/Objects.HighlightElements/input_field_index'

2020-05-24 19:19:18 - [MESSAGE][PASSED] - Keys 'ENTER + ' sent to object: 'Object Repository/Objects.HighlightElements/input_field_index'

2020-05-24 19:19:18 - [TEST_STEP][PASSED] - ComboBoxValue = getAttribute(NewInputNmField, "value"): Attribute 'value' of object 'Object Repository/Objects.HighlightElements/input_field_index' is: '[AAPSI802W] D1 (Multiple Owners Without Structural Plan)'

2020-05-24 19:19:19 - [MESSAGE][PASSED] - Attribute 'value' of object 'Object Repository/Objects.HighlightElements/input_field_index' is: '[AAPSI802W] D1 (Multiple Owners Without Structural Plan)'

2020-05-24 19:19:19 - [TEST_STEP][PASSED] - callTestCase(findTestCase(CallTCName), ["FindValue":ComboBoxValue, "DropdownNm":comboNm], STOP_ON_FAILURE): Call Test Case 'Test Cases/PFI Precision and Scale/PFI Components/PFILetterTemplate' successfully

2020-05-24 19:19:19 - [TEST_CASE][PASSED] - Test Cases/PFI Precision and Scale/PFI Components/PFILetterTemplate: Test Cases/PFI Precision and Scale/PFI Components/PFILetterTemplate

2020-05-24 19:19:19 - [TEST_STEP][PASSED] - PFILetterTemplateTBL = [1:["Reminder":"Ministry Of Health"], 2:["Reminder":"Reminder Free Format Letter"], 3:["Reminder":"Reminder 1 (SF_ESID_SIS/SL-REM1)"], ... ]: null

2020-05-24 19:19:19 - [TEST_STEP][PASSED] - switch (DropdownNm): null

2020-05-24 19:19:19 - [TEST_STEP][PASSED] - case "IssueWD":: null

2020-05-24 19:19:19 - [TEST_STEP][PASSED] - ValueFound = PFILetterTemplateTBL.find({ -> ... }): null

2020-05-24 19:19:19 - [TEST_STEP][PASSED] - break: null

2020-05-24 19:19:19 - [MESSAGE][PASSED] - Call Test Case 'Test Cases/PFI Precision and Scale/PFI Components/PFILetterTemplate' successfully

2020-05-24 19:19:19 - [TEST_STEP][PASSED] - println(ValueFound): null

2020-05-24 19:19:19 - [TEST_STEP][PASSED] - sendKeys(NewInputNmField, Keys.chord(ARROW_DOWN)): Keys 'DOWN + ' sent to object: 'Object Repository/Objects.HighlightElements/input_field_index'

2020-05-24 19:19:19 - [MESSAGE][PASSED] - Keys 'DOWN + ' sent to object: 'Object Repository/Objects.HighlightElements/input_field_index'

2020-05-24 19:19:19 - [TEST_STEP][PASSED] - sendKeys(NewInputNmField, Keys.chord(ARROW_DOWN)): Keys 'DOWN + ' sent to object: 'Object Repository/Objects.HighlightElements/input_field_index'

2020-05-24 19:19:20 - [MESSAGE][PASSED] - Keys 'DOWN + ' sent to object: 'Object Repository/Objects.HighlightElements/input_field_index'

2020-05-24 19:19:20 - [TEST_STEP][PASSED] - delay(DelayTime): Delayed 0 second(s)

2020-05-24 19:19:20 - [MESSAGE][PASSED] - Delayed 0 second(s)

2020-05-24 19:19:20 - [TEST_STEP][PASSED] - sendKeys(NewInputNmField, Keys.chord(ENTER)): Keys 'ENTER + ' sent to object: 'Object Repository/Objects.HighlightElements/input_field_index'

2020-05-24 19:19:20 - [MESSAGE][PASSED] - Keys 'ENTER + ' sent to object: 'Object Repository/Objects.HighlightElements/input_field_index'

2020-05-24 19:19:20 - [TEST_STEP][PASSED] - ComboBoxValue = getAttribute(NewInputNmField, "value"): Attribute 'value' of object 'Object Repository/Objects.HighlightElements/input_field_index' is: '[ AAPSI814W]  D1 (Single Owner Without Structural Plan) - Regeneration of Notice'

2020-05-24 19:19:21 - [MESSAGE][PASSED] - Attribute 'value' of object 'Object Repository/Objects.HighlightElements/input_field_index' is: '[ AAPSI814W]  D1 (Single Owner Without Structural Plan) - Regeneration of Notice'

2020-05-24 19:19:21 - [TEST_STEP][PASSED] - callTestCase(findTestCase(CallTCName), ["FindValue":ComboBoxValue, "DropdownNm":comboNm], STOP_ON_FAILURE): Call Test Case 'Test Cases/PFI Precision and Scale/PFI Components/PFILetterTemplate' successfully

2020-05-24 19:19:21 - [TEST_CASE][PASSED] - Test Cases/PFI Precision and Scale/PFI Components/PFILetterTemplate: Test Cases/PFI Precision and Scale/PFI Components/PFILetterTemplate

2020-05-24 19:19:21 - [TEST_STEP][PASSED] - PFILetterTemplateTBL = [1:["Reminder":"Ministry Of Health"], 2:["Reminder":"Reminder Free Format Letter"], 3:["Reminder":"Reminder 1 (SF_ESID_SIS/SL-REM1)"], ... ]: null

2020-05-24 19:19:21 - [TEST_STEP][PASSED] - switch (DropdownNm): null

2020-05-24 19:19:21 - [TEST_STEP][PASSED] - case "IssueWD":: null

2020-05-24 19:19:21 - [TEST_STEP][PASSED] - ValueFound = PFILetterTemplateTBL.find({ -> ... }): null

2020-05-24 19:19:21 - [TEST_STEP][PASSED] - break: null

2020-05-24 19:19:21 - [MESSAGE][PASSED] - Call Test Case 'Test Cases/PFI Precision and Scale/PFI Components/PFILetterTemplate' successfully

2020-05-24 19:19:21 - [TEST_STEP][PASSED] - println(ValueFound): null

2020-05-24 19:19:21 - [TEST_STEP][PASSED] - sendKeys(NewInputNmField, Keys.chord(ARROW_DOWN)): Keys 'DOWN + ' sent to object: 'Object Repository/Objects.HighlightElements/input_field_index'

2020-05-24 19:19:21 - [MESSAGE][PASSED] - Keys 'DOWN + ' sent to object: 'Object Repository/Objects.HighlightElements/input_field_index'

2020-05-24 19:19:21 - [TEST_STEP][PASSED] - sendKeys(NewInputNmField, Keys.chord(ARROW_DOWN)): Keys 'DOWN + ' sent to object: 'Object Repository/Objects.HighlightElements/input_field_index'

2020-05-24 19:19:22 - [MESSAGE][PASSED] - Keys 'DOWN + ' sent to object: 'Object Repository/Objects.HighlightElements/input_field_index'

2020-05-24 19:19:22 - [TEST_STEP][PASSED] - delay(DelayTime): Delayed 0 second(s)

2020-05-24 19:19:22 - [MESSAGE][PASSED] - Delayed 0 second(s)

2020-05-24 19:19:22 - [TEST_STEP][PASSED] - sendKeys(NewInputNmField, Keys.chord(ENTER)): Keys 'ENTER + ' sent to object: 'Object Repository/Objects.HighlightElements/input_field_index'

2020-05-24 19:19:22 - [MESSAGE][PASSED] - Keys 'ENTER + ' sent to object: 'Object Repository/Objects.HighlightElements/input_field_index'

2020-05-24 19:19:22 - [TEST_STEP][PASSED] - ComboBoxValue = getAttribute(NewInputNmField, "value"): Attribute 'value' of object 'Object Repository/Objects.HighlightElements/input_field_index' is: '[[304]AAPSI801] D1 (Single Owner With Structural Plan)'

2020-05-24 19:19:23 - [MESSAGE][PASSED] - Attribute 'value' of object 'Object Repository/Objects.HighlightElements/input_field_index' is: '[[304]AAPSI801] D1 (Single Owner With Structural Plan)'

2020-05-24 19:19:23 - [TEST_STEP][PASSED] - callTestCase(findTestCase(CallTCName), ["FindValue":ComboBoxValue, "DropdownNm":comboNm], STOP_ON_FAILURE): Call Test Case 'Test Cases/PFI Precision and Scale/PFI Components/PFILetterTemplate' successfully

2020-05-24 19:19:23 - [TEST_CASE][PASSED] - Test Cases/PFI Precision and Scale/PFI Components/PFILetterTemplate: Test Cases/PFI Precision and Scale/PFI Components/PFILetterTemplate

2020-05-24 19:19:23 - [TEST_STEP][PASSED] - PFILetterTemplateTBL = [1:["Reminder":"Ministry Of Health"], 2:["Reminder":"Reminder Free Format Letter"], 3:["Reminder":"Reminder 1 (SF_ESID_SIS/SL-REM1)"], ... ]: null

2020-05-24 19:19:23 - [TEST_STEP][PASSED] - switch (DropdownNm): null

2020-05-24 19:19:23 - [TEST_STEP][PASSED] - case "IssueWD":: null

2020-05-24 19:19:23 - [TEST_STEP][PASSED] - ValueFound = PFILetterTemplateTBL.find({ -> ... }): null

2020-05-24 19:19:23 - [TEST_STEP][PASSED] - break: null

2020-05-24 19:19:23 - [MESSAGE][PASSED] - Call Test Case 'Test Cases/PFI Precision and Scale/PFI Components/PFILetterTemplate' successfully

2020-05-24 19:19:23 - [TEST_STEP][PASSED] - println(ValueFound): null

2020-05-24 19:19:23 - [TEST_STEP][PASSED] - sendKeys(NewInputNmField, Keys.chord(ARROW_DOWN)): Keys 'DOWN + ' sent to object: 'Object Repository/Objects.HighlightElements/input_field_index'

2020-05-24 19:19:23 - [MESSAGE][PASSED] - Keys 'DOWN + ' sent to object: 'Object Repository/Objects.HighlightElements/input_field_index'

2020-05-24 19:19:23 - [TEST_STEP][PASSED] - sendKeys(NewInputNmField, Keys.chord(ARROW_DOWN)): Keys 'DOWN + ' sent to object: 'Object Repository/Objects.HighlightElements/input_field_index'

2020-05-24 19:19:24 - [MESSAGE][PASSED] - Keys 'DOWN + ' sent to object: 'Object Repository/Objects.HighlightElements/input_field_index'

2020-05-24 19:19:24 - [TEST_STEP][PASSED] - delay(DelayTime): Delayed 0 second(s)

2020-05-24 19:19:24 - [MESSAGE][PASSED] - Delayed 0 second(s)

2020-05-24 19:19:24 - [TEST_STEP][PASSED] - sendKeys(NewInputNmField, Keys.chord(ENTER)): Keys 'ENTER + ' sent to object: 'Object Repository/Objects.HighlightElements/input_field_index'

2020-05-24 19:19:24 - [MESSAGE][PASSED] - Keys 'ENTER + ' sent to object: 'Object Repository/Objects.HighlightElements/input_field_index'

2020-05-24 19:19:24 - [TEST_STEP][PASSED] - ComboBoxValue = getAttribute(NewInputNmField, "value"): Attribute 'value' of object 'Object Repository/Objects.HighlightElements/input_field_index' is: '[[306]AAPSI802] D1 (Multiple Owners With Structural Plan)'

2020-05-24 19:19:25 - [MESSAGE][PASSED] - Attribute 'value' of object 'Object Repository/Objects.HighlightElements/input_field_index' is: '[[306]AAPSI802] D1 (Multiple Owners With Structural Plan)'

2020-05-24 19:19:25 - [TEST_STEP][PASSED] - callTestCase(findTestCase(CallTCName), ["FindValue":ComboBoxValue, "DropdownNm":comboNm], STOP_ON_FAILURE): Call Test Case 'Test Cases/PFI Precision and Scale/PFI Components/PFILetterTemplate' successfully

2020-05-24 19:19:25 - [TEST_CASE][PASSED] - Test Cases/PFI Precision and Scale/PFI Components/PFILetterTemplate: Test Cases/PFI Precision and Scale/PFI Components/PFILetterTemplate

2020-05-24 19:19:25 - [TEST_STEP][PASSED] - PFILetterTemplateTBL = [1:["Reminder":"Ministry Of Health"], 2:["Reminder":"Reminder Free Format Letter"], 3:["Reminder":"Reminder 1 (SF_ESID_SIS/SL-REM1)"], ... ]: null

2020-05-24 19:19:25 - [TEST_STEP][PASSED] - switch (DropdownNm): null

2020-05-24 19:19:25 - [TEST_STEP][PASSED] - case "IssueWD":: null

2020-05-24 19:19:25 - [TEST_STEP][PASSED] - ValueFound = PFILetterTemplateTBL.find({ -> ... }): null

2020-05-24 19:19:25 - [TEST_STEP][PASSED] - break: null

2020-05-24 19:19:25 - [MESSAGE][PASSED] - Call Test Case 'Test Cases/PFI Precision and Scale/PFI Components/PFILetterTemplate' successfully

2020-05-24 19:19:25 - [TEST_STEP][PASSED] - println(ValueFound): null

2020-05-24 19:19:25 - [TEST_STEP][PASSED] - sendKeys(NewInputNmField, Keys.chord(ARROW_DOWN)): Keys 'DOWN + ' sent to object: 'Object Repository/Objects.HighlightElements/input_field_index'

2020-05-24 19:19:25 - [MESSAGE][PASSED] - Keys 'DOWN + ' sent to object: 'Object Repository/Objects.HighlightElements/input_field_index'

2020-05-24 19:19:25 - [TEST_STEP][PASSED] - sendKeys(NewInputNmField, Keys.chord(ARROW_DOWN)): Keys 'DOWN + ' sent to object: 'Object Repository/Objects.HighlightElements/input_field_index'

2020-05-24 19:19:26 - [MESSAGE][PASSED] - Keys 'DOWN + ' sent to object: 'Object Repository/Objects.HighlightElements/input_field_index'

2020-05-24 19:19:26 - [TEST_STEP][PASSED] - delay(DelayTime): Delayed 0 second(s)

2020-05-24 19:19:26 - [MESSAGE][PASSED] - Delayed 0 second(s)

2020-05-24 19:19:26 - [TEST_STEP][PASSED] - sendKeys(NewInputNmField, Keys.chord(ENTER)): Keys 'ENTER + ' sent to object: 'Object Repository/Objects.HighlightElements/input_field_index'

2020-05-24 19:19:26 - [MESSAGE][PASSED] - Keys 'ENTER + ' sent to object: 'Object Repository/Objects.HighlightElements/input_field_index'

2020-05-24 19:19:26 - [TEST_STEP][PASSED] - ComboBoxValue = getAttribute(NewInputNmField, "value"): Attribute 'value' of object 'Object Repository/Objects.HighlightElements/input_field_index' is: '[[307]AAPSI814] D1 (Single Owner With Structural Plan) - Regeneration of Notice'

2020-05-24 19:19:27 - [MESSAGE][PASSED] - Attribute 'value' of object 'Object Repository/Objects.HighlightElements/input_field_index' is: '[[307]AAPSI814] D1 (Single Owner With Structural Plan) - Regeneration of Notice'

2020-05-24 19:19:27 - [TEST_STEP][PASSED] - callTestCase(findTestCase(CallTCName), ["FindValue":ComboBoxValue, "DropdownNm":comboNm], STOP_ON_FAILURE): Call Test Case 'Test Cases/PFI Precision and Scale/PFI Components/PFILetterTemplate' successfully

2020-05-24 19:19:27 - [TEST_CASE][PASSED] - Test Cases/PFI Precision and Scale/PFI Components/PFILetterTemplate: Test Cases/PFI Precision and Scale/PFI Components/PFILetterTemplate

2020-05-24 19:19:27 - [TEST_STEP][PASSED] - PFILetterTemplateTBL = [1:["Reminder":"Ministry Of Health"], 2:["Reminder":"Reminder Free Format Letter"], 3:["Reminder":"Reminder 1 (SF_ESID_SIS/SL-REM1)"], ... ]: null

2020-05-24 19:19:27 - [TEST_STEP][PASSED] - switch (DropdownNm): null

2020-05-24 19:19:27 - [TEST_STEP][PASSED] - case "IssueWD":: null

2020-05-24 19:19:27 - [TEST_STEP][PASSED] - ValueFound = PFILetterTemplateTBL.find({ -> ... }): null

2020-05-24 19:19:27 - [TEST_STEP][PASSED] - break: null

2020-05-24 19:19:27 - [MESSAGE][PASSED] - Call Test Case 'Test Cases/PFI Precision and Scale/PFI Components/PFILetterTemplate' successfully

2020-05-24 19:19:27 - [TEST_STEP][PASSED] - println(ValueFound): null

2020-05-24 19:19:27 - [TEST_STEP][PASSED] - sendKeys(NewInputNmField, Keys.chord(ARROW_DOWN)): Keys 'DOWN + ' sent to object: 'Object Repository/Objects.HighlightElements/input_field_index'

2020-05-24 19:19:27 - [MESSAGE][PASSED] - Keys 'DOWN + ' sent to object: 'Object Repository/Objects.HighlightElements/input_field_index'

2020-05-24 19:19:27 - [TEST_STEP][PASSED] - sendKeys(NewInputNmField, Keys.chord(ARROW_DOWN)): Keys 'DOWN + ' sent to object: 'Object Repository/Objects.HighlightElements/input_field_index'

2020-05-24 19:19:28 - [MESSAGE][PASSED] - Keys 'DOWN + ' sent to object: 'Object Repository/Objects.HighlightElements/input_field_index'

2020-05-24 19:19:28 - [TEST_STEP][PASSED] - delay(DelayTime): Delayed 0 second(s)

2020-05-24 19:19:28 - [MESSAGE][PASSED] - Delayed 0 second(s)

2020-05-24 19:19:28 - [TEST_STEP][PASSED] - sendKeys(NewInputNmField, Keys.chord(ENTER)): Keys 'ENTER + ' sent to object: 'Object Repository/Objects.HighlightElements/input_field_index'

2020-05-24 19:19:28 - [MESSAGE][PASSED] - Keys 'ENTER + ' sent to object: 'Object Repository/Objects.HighlightElements/input_field_index'

2020-05-24 19:19:28 - [TEST_STEP][PASSED] - ComboBoxValue = getAttribute(NewInputNmField, "value"): Attribute 'value' of object 'Object Repository/Objects.HighlightElements/input_field_index' is: '[[308]AAPSI815] D1 (Multiple Owners With Structural Plan) - Regeneration of Notice'

2020-05-24 19:19:28 - [MESSAGE][PASSED] - Attribute 'value' of object 'Object Repository/Objects.HighlightElements/input_field_index' is: '[[308]AAPSI815] D1 (Multiple Owners With Structural Plan) - Regeneration of Notice'

2020-05-24 19:19:28 - [TEST_STEP][PASSED] - callTestCase(findTestCase(CallTCName), ["FindValue":ComboBoxValue, "DropdownNm":comboNm], STOP_ON_FAILURE): Call Test Case 'Test Cases/PFI Precision and Scale/PFI Components/PFILetterTemplate' successfully

2020-05-24 19:19:29 - [TEST_CASE][PASSED] - Test Cases/PFI Precision and Scale/PFI Components/PFILetterTemplate: Test Cases/PFI Precision and Scale/PFI Components/PFILetterTemplate

2020-05-24 19:19:29 - [TEST_STEP][PASSED] - PFILetterTemplateTBL = [1:["Reminder":"Ministry Of Health"], 2:["Reminder":"Reminder Free Format Letter"], 3:["Reminder":"Reminder 1 (SF_ESID_SIS/SL-REM1)"], ... ]: null

2020-05-24 19:19:29 - [TEST_STEP][PASSED] - switch (DropdownNm): null

2020-05-24 19:19:29 - [TEST_STEP][PASSED] - case "IssueWD":: null

2020-05-24 19:19:29 - [TEST_STEP][PASSED] - ValueFound = PFILetterTemplateTBL.find({ -> ... }): null

2020-05-24 19:19:29 - [TEST_STEP][PASSED] - break: null

2020-05-24 19:19:29 - [MESSAGE][PASSED] - Call Test Case 'Test Cases/PFI Precision and Scale/PFI Components/PFILetterTemplate' successfully

2020-05-24 19:19:29 - [TEST_STEP][PASSED] - println(ValueFound): null

2020-05-24 19:19:29 - [TEST_STEP][PASSED] - sendKeys(NewInputNmField, Keys.chord(ARROW_DOWN)): Keys 'DOWN + ' sent to object: 'Object Repository/Objects.HighlightElements/input_field_index'

2020-05-24 19:19:29 - [MESSAGE][PASSED] - Keys 'DOWN + ' sent to object: 'Object Repository/Objects.HighlightElements/input_field_index'

2020-05-24 19:19:29 - [TEST_STEP][PASSED] - sendKeys(NewInputNmField, Keys.chord(ARROW_DOWN)): Keys 'DOWN + ' sent to object: 'Object Repository/Objects.HighlightElements/input_field_index'

2020-05-24 19:19:29 - [MESSAGE][PASSED] - Keys 'DOWN + ' sent to object: 'Object Repository/Objects.HighlightElements/input_field_index'

2020-05-24 19:19:29 - [TEST_STEP][PASSED] - delay(DelayTime): Delayed 0 second(s)

2020-05-24 19:19:29 - [MESSAGE][PASSED] - Delayed 0 second(s)

2020-05-24 19:19:29 - [TEST_STEP][PASSED] - sendKeys(NewInputNmField, Keys.chord(ENTER)): Keys 'ENTER + ' sent to object: 'Object Repository/Objects.HighlightElements/input_field_index'

2020-05-24 19:19:30 - [MESSAGE][PASSED] - Keys 'ENTER + ' sent to object: 'Object Repository/Objects.HighlightElements/input_field_index'

2020-05-24 19:19:30 - [TEST_STEP][PASSED] - ComboBoxValue = getAttribute(NewInputNmField, "value"): Attribute 'value' of object 'Object Repository/Objects.HighlightElements/input_field_index' is: '[[301]AAPSI816] SF_ESID_SISSF-D1-G Generate Govt Notice'

2020-05-24 19:19:30 - [MESSAGE][PASSED] - Attribute 'value' of object 'Object Repository/Objects.HighlightElements/input_field_index' is: '[[301]AAPSI816] SF_ESID_SISSF-D1-G Generate Govt Notice'

2020-05-24 19:19:30 - [TEST_STEP][PASSED] - callTestCase(findTestCase(CallTCName), ["FindValue":ComboBoxValue, "DropdownNm":comboNm], STOP_ON_FAILURE): Call Test Case 'Test Cases/PFI Precision and Scale/PFI Components/PFILetterTemplate' successfully

2020-05-24 19:19:30 - [TEST_CASE][PASSED] - Test Cases/PFI Precision and Scale/PFI Components/PFILetterTemplate: Test Cases/PFI Precision and Scale/PFI Components/PFILetterTemplate

2020-05-24 19:19:30 - [TEST_STEP][PASSED] - PFILetterTemplateTBL = [1:["Reminder":"Ministry Of Health"], 2:["Reminder":"Reminder Free Format Letter"], 3:["Reminder":"Reminder 1 (SF_ESID_SIS/SL-REM1)"], ... ]: null

2020-05-24 19:19:30 - [TEST_STEP][PASSED] - switch (DropdownNm): null

2020-05-24 19:19:30 - [TEST_STEP][PASSED] - case "IssueWD":: null

2020-05-24 19:19:30 - [TEST_STEP][PASSED] - ValueFound = PFILetterTemplateTBL.find({ -> ... }): null

2020-05-24 19:19:30 - [TEST_STEP][PASSED] - break: null

2020-05-24 19:19:30 - [MESSAGE][PASSED] - Call Test Case 'Test Cases/PFI Precision and Scale/PFI Components/PFILetterTemplate' successfully

2020-05-24 19:19:30 - [TEST_STEP][PASSED] - println(ValueFound): null

2020-05-24 19:19:30 - [TEST_STEP][PASSED] - sendKeys(NewInputNmField, Keys.chord(ARROW_DOWN)): Keys 'DOWN + ' sent to object: 'Object Repository/Objects.HighlightElements/input_field_index'

2020-05-24 19:19:31 - [MESSAGE][PASSED] - Keys 'DOWN + ' sent to object: 'Object Repository/Objects.HighlightElements/input_field_index'

2020-05-24 19:19:31 - [TEST_STEP][PASSED] - sendKeys(NewInputNmField, Keys.chord(ARROW_DOWN)): Keys 'DOWN + ' sent to object: 'Object Repository/Objects.HighlightElements/input_field_index'

2020-05-24 19:19:31 - [MESSAGE][PASSED] - Keys 'DOWN + ' sent to object: 'Object Repository/Objects.HighlightElements/input_field_index'

2020-05-24 19:19:31 - [TEST_STEP][PASSED] - delay(DelayTime): Delayed 0 second(s)

2020-05-24 19:19:31 - [MESSAGE][PASSED] - Delayed 0 second(s)

2020-05-24 19:19:31 - [TEST_STEP][PASSED] - sendKeys(NewInputNmField, Keys.chord(ENTER)): Keys 'ENTER + ' sent to object: 'Object Repository/Objects.HighlightElements/input_field_index'

2020-05-24 19:19:32 - [MESSAGE][PASSED] - Keys 'ENTER + ' sent to object: 'Object Repository/Objects.HighlightElements/input_field_index'

2020-05-24 19:19:32 - [TEST_STEP][PASSED] - ComboBoxValue = getAttribute(NewInputNmField, "value"): Attribute 'value' of object 'Object Repository/Objects.HighlightElements/input_field_index' is: '[AAPSI806] T1'

2020-05-24 19:19:32 - [MESSAGE][PASSED] - Attribute 'value' of object 'Object Repository/Objects.HighlightElements/input_field_index' is: '[AAPSI806] T1'

2020-05-24 19:19:32 - [TEST_STEP][PASSED] - callTestCase(findTestCase(CallTCName), ["FindValue":ComboBoxValue, "DropdownNm":comboNm], STOP_ON_FAILURE): Call Test Case 'Test Cases/PFI Precision and Scale/PFI Components/PFILetterTemplate' successfully

2020-05-24 19:19:32 - [TEST_CASE][PASSED] - Test Cases/PFI Precision and Scale/PFI Components/PFILetterTemplate: Test Cases/PFI Precision and Scale/PFI Components/PFILetterTemplate

2020-05-24 19:19:32 - [TEST_STEP][PASSED] - PFILetterTemplateTBL = [1:["Reminder":"Ministry Of Health"], 2:["Reminder":"Reminder Free Format Letter"], 3:["Reminder":"Reminder 1 (SF_ESID_SIS/SL-REM1)"], ... ]: null

2020-05-24 19:19:32 - [TEST_STEP][PASSED] - switch (DropdownNm): null

2020-05-24 19:19:32 - [TEST_STEP][PASSED] - case "IssueWD":: null

2020-05-24 19:19:32 - [TEST_STEP][PASSED] - ValueFound = PFILetterTemplateTBL.find({ -> ... }): null

2020-05-24 19:19:32 - [TEST_STEP][PASSED] - break: null

2020-05-24 19:19:32 - [MESSAGE][PASSED] - Call Test Case 'Test Cases/PFI Precision and Scale/PFI Components/PFILetterTemplate' successfully

2020-05-24 19:19:32 - [TEST_STEP][PASSED] - println(ValueFound): null

2020-05-24 19:19:32 - [TEST_STEP][PASSED] - sendKeys(NewInputNmField, Keys.chord(ARROW_DOWN)): Keys 'DOWN + ' sent to object: 'Object Repository/Objects.HighlightElements/input_field_index'

2020-05-24 19:19:33 - [MESSAGE][PASSED] - Keys 'DOWN + ' sent to object: 'Object Repository/Objects.HighlightElements/input_field_index'

2020-05-24 19:19:33 - [TEST_STEP][PASSED] - sendKeys(NewInputNmField, Keys.chord(ARROW_DOWN)): Keys 'DOWN + ' sent to object: 'Object Repository/Objects.HighlightElements/input_field_index'

2020-05-24 19:19:33 - [MESSAGE][PASSED] - Keys 'DOWN + ' sent to object: 'Object Repository/Objects.HighlightElements/input_field_index'

2020-05-24 19:19:33 - [TEST_STEP][PASSED] - delay(DelayTime): Delayed 0 second(s)

2020-05-24 19:19:33 - [MESSAGE][PASSED] - Delayed 0 second(s)

2020-05-24 19:19:33 - [TEST_STEP][PASSED] - sendKeys(NewInputNmField, Keys.chord(ENTER)): Keys 'ENTER + ' sent to object: 'Object Repository/Objects.HighlightElements/input_field_index'

2020-05-24 19:19:34 - [MESSAGE][PASSED] - Keys 'ENTER + ' sent to object: 'Object Repository/Objects.HighlightElements/input_field_index'

2020-05-24 19:19:34 - [TEST_STEP][PASSED] - ComboBoxValue = getAttribute(NewInputNmField, "value"): Attribute 'value' of object 'Object Repository/Objects.HighlightElements/input_field_index' is: '[AAPSI807] T3'

2020-05-24 19:19:34 - [MESSAGE][PASSED] - Attribute 'value' of object 'Object Repository/Objects.HighlightElements/input_field_index' is: '[AAPSI807] T3'

2020-05-24 19:19:34 - [TEST_STEP][PASSED] - callTestCase(findTestCase(CallTCName), ["FindValue":ComboBoxValue, "DropdownNm":comboNm], STOP_ON_FAILURE): Call Test Case 'Test Cases/PFI Precision and Scale/PFI Components/PFILetterTemplate' successfully

2020-05-24 19:19:34 - [TEST_CASE][PASSED] - Test Cases/PFI Precision and Scale/PFI Components/PFILetterTemplate: Test Cases/PFI Precision and Scale/PFI Components/PFILetterTemplate

2020-05-24 19:19:34 - [TEST_STEP][PASSED] - PFILetterTemplateTBL = [1:["Reminder":"Ministry Of Health"], 2:["Reminder":"Reminder Free Format Letter"], 3:["Reminder":"Reminder 1 (SF_ESID_SIS/SL-REM1)"], ... ]: null

2020-05-24 19:19:34 - [TEST_STEP][PASSED] - switch (DropdownNm): null

2020-05-24 19:19:34 - [TEST_STEP][PASSED] - case "IssueWD":: null

2020-05-24 19:19:34 - [TEST_STEP][PASSED] - ValueFound = PFILetterTemplateTBL.find({ -> ... }): null

2020-05-24 19:19:34 - [TEST_STEP][PASSED] - break: null

2020-05-24 19:19:34 - [MESSAGE][PASSED] - Call Test Case 'Test Cases/PFI Precision and Scale/PFI Components/PFILetterTemplate' successfully

2020-05-24 19:19:34 - [TEST_STEP][PASSED] - println(ValueFound): null

2020-05-24 19:19:34 - [TEST_STEP][PASSED] - sendKeys(NewInputNmField, Keys.chord(ARROW_DOWN)): Keys 'DOWN + ' sent to object: 'Object Repository/Objects.HighlightElements/input_field_index'

2020-05-24 19:19:35 - [MESSAGE][PASSED] - Keys 'DOWN + ' sent to object: 'Object Repository/Objects.HighlightElements/input_field_index'

2020-05-24 19:19:35 - [TEST_STEP][PASSED] - sendKeys(NewInputNmField, Keys.chord(ARROW_DOWN)): Keys 'DOWN + ' sent to object: 'Object Repository/Objects.HighlightElements/input_field_index'

2020-05-24 19:19:35 - [MESSAGE][PASSED] - Keys 'DOWN + ' sent to object: 'Object Repository/Objects.HighlightElements/input_field_index'

2020-05-24 19:19:35 - [TEST_STEP][PASSED] - delay(DelayTime): Delayed 0 second(s)

2020-05-24 19:19:35 - [MESSAGE][PASSED] - Delayed 0 second(s)

2020-05-24 19:19:35 - [TEST_STEP][PASSED] - sendKeys(NewInputNmField, Keys.chord(ENTER)): Keys 'ENTER + ' sent to object: 'Object Repository/Objects.HighlightElements/input_field_index'

2020-05-24 19:19:36 - [MESSAGE][PASSED] - Keys 'ENTER + ' sent to object: 'Object Repository/Objects.HighlightElements/input_field_index'

2020-05-24 19:19:36 - [TEST_STEP][PASSED] - ComboBoxValue = getAttribute(NewInputNmField, "value"): Attribute 'value' of object 'Object Repository/Objects.HighlightElements/input_field_index' is: '[AAPSI808] T4'

2020-05-24 19:19:36 - [MESSAGE][PASSED] - Attribute 'value' of object 'Object Repository/Objects.HighlightElements/input_field_index' is: '[AAPSI808] T4'

2020-05-24 19:19:36 - [TEST_STEP][PASSED] - callTestCase(findTestCase(CallTCName), ["FindValue":ComboBoxValue, "DropdownNm":comboNm], STOP_ON_FAILURE): Call Test Case 'Test Cases/PFI Precision and Scale/PFI Components/PFILetterTemplate' successfully

2020-05-24 19:19:36 - [TEST_CASE][PASSED] - Test Cases/PFI Precision and Scale/PFI Components/PFILetterTemplate: Test Cases/PFI Precision and Scale/PFI Components/PFILetterTemplate

2020-05-24 19:19:36 - [TEST_STEP][PASSED] - PFILetterTemplateTBL = [1:["Reminder":"Ministry Of Health"], 2:["Reminder":"Reminder Free Format Letter"], 3:["Reminder":"Reminder 1 (SF_ESID_SIS/SL-REM1)"], ... ]: null

2020-05-24 19:19:36 - [TEST_STEP][PASSED] - switch (DropdownNm): null

2020-05-24 19:19:36 - [TEST_STEP][PASSED] - case "IssueWD":: null

2020-05-24 19:19:36 - [TEST_STEP][PASSED] - ValueFound = PFILetterTemplateTBL.find({ -> ... }): null

2020-05-24 19:19:36 - [TEST_STEP][PASSED] - break: null

2020-05-24 19:19:36 - [MESSAGE][PASSED] - Call Test Case 'Test Cases/PFI Precision and Scale/PFI Components/PFILetterTemplate' successfully

2020-05-24 19:19:36 - [TEST_STEP][PASSED] - println(ValueFound): null

2020-05-24 19:19:36 - [TEST_STEP][PASSED] - sendKeys(NewInputNmField, Keys.chord(ARROW_DOWN)): Keys 'DOWN + ' sent to object: 'Object Repository/Objects.HighlightElements/input_field_index'

2020-05-24 19:19:37 - [MESSAGE][PASSED] - Keys 'DOWN + ' sent to object: 'Object Repository/Objects.HighlightElements/input_field_index'

2020-05-24 19:19:37 - [TEST_STEP][PASSED] - sendKeys(NewInputNmField, Keys.chord(ARROW_DOWN)): Keys 'DOWN + ' sent to object: 'Object Repository/Objects.HighlightElements/input_field_index'

2020-05-24 19:19:37 - [MESSAGE][PASSED] - Keys 'DOWN + ' sent to object: 'Object Repository/Objects.HighlightElements/input_field_index'

2020-05-24 19:19:37 - [TEST_STEP][PASSED] - delay(DelayTime): Delayed 0 second(s)

2020-05-24 19:19:37 - [MESSAGE][PASSED] - Delayed 0 second(s)

2020-05-24 19:19:37 - [TEST_STEP][PASSED] - sendKeys(NewInputNmField, Keys.chord(ENTER)): Keys 'ENTER + ' sent to object: 'Object Repository/Objects.HighlightElements/input_field_index'

2020-05-24 19:19:38 - [MESSAGE][PASSED] - Keys 'ENTER + ' sent to object: 'Object Repository/Objects.HighlightElements/input_field_index'

2020-05-24 19:19:38 - [TEST_STEP][PASSED] - ComboBoxValue = getAttribute(NewInputNmField, "value"): Attribute 'value' of object 'Object Repository/Objects.HighlightElements/input_field_index' is: '[AAPSI820] T7'

2020-05-24 19:19:38 - [MESSAGE][PASSED] - Attribute 'value' of object 'Object Repository/Objects.HighlightElements/input_field_index' is: '[AAPSI820] T7'

2020-05-24 19:19:38 - [TEST_STEP][PASSED] - callTestCase(findTestCase(CallTCName), ["FindValue":ComboBoxValue, "DropdownNm":comboNm], STOP_ON_FAILURE): Call Test Case 'Test Cases/PFI Precision and Scale/PFI Components/PFILetterTemplate' successfully

2020-05-24 19:19:38 - [TEST_CASE][PASSED] - Test Cases/PFI Precision and Scale/PFI Components/PFILetterTemplate: Test Cases/PFI Precision and Scale/PFI Components/PFILetterTemplate

2020-05-24 19:19:38 - [TEST_STEP][PASSED] - PFILetterTemplateTBL = [1:["Reminder":"Ministry Of Health"], 2:["Reminder":"Reminder Free Format Letter"], 3:["Reminder":"Reminder 1 (SF_ESID_SIS/SL-REM1)"], ... ]: null

2020-05-24 19:19:38 - [TEST_STEP][PASSED] - switch (DropdownNm): null

2020-05-24 19:19:38 - [TEST_STEP][PASSED] - case "IssueWD":: null

2020-05-24 19:19:38 - [TEST_STEP][PASSED] - ValueFound = PFILetterTemplateTBL.find({ -> ... }): null

2020-05-24 19:19:38 - [TEST_STEP][PASSED] - break: null

2020-05-24 19:19:38 - [MESSAGE][PASSED] - Call Test Case 'Test Cases/PFI Precision and Scale/PFI Components/PFILetterTemplate' successfully

2020-05-24 19:19:38 - [TEST_STEP][PASSED] - println(ValueFound): null

2020-05-24 19:19:38 - [TEST_STEP][PASSED] - sendKeys(NewInputNmField, Keys.chord(ARROW_DOWN)): Keys 'DOWN + ' sent to object: 'Object Repository/Objects.HighlightElements/input_field_index'

2020-05-24 19:19:39 - [MESSAGE][PASSED] - Keys 'DOWN + ' sent to object: 'Object Repository/Objects.HighlightElements/input_field_index'

2020-05-24 19:19:39 - [TEST_STEP][PASSED] - sendKeys(NewInputNmField, Keys.chord(ARROW_DOWN)): Keys 'DOWN + ' sent to object: 'Object Repository/Objects.HighlightElements/input_field_index'

2020-05-24 19:19:39 - [MESSAGE][PASSED] - Keys 'DOWN + ' sent to object: 'Object Repository/Objects.HighlightElements/input_field_index'

2020-05-24 19:19:39 - [TEST_STEP][PASSED] - delay(DelayTime): Delayed 0 second(s)

2020-05-24 19:19:39 - [MESSAGE][PASSED] - Delayed 0 second(s)

2020-05-24 19:19:39 - [TEST_STEP][PASSED] - sendKeys(NewInputNmField, Keys.chord(ENTER)): Keys 'ENTER + ' sent to object: 'Object Repository/Objects.HighlightElements/input_field_index'

2020-05-24 19:19:40 - [MESSAGE][PASSED] - Keys 'ENTER + ' sent to object: 'Object Repository/Objects.HighlightElements/input_field_index'

2020-05-24 19:19:40 - [TEST_STEP][PASSED] - ComboBoxValue = getAttribute(NewInputNmField, "value"): Attribute 'value' of object 'Object Repository/Objects.HighlightElements/input_field_index' is: '[AAPSI821] T7C'

2020-05-24 19:19:40 - [MESSAGE][PASSED] - Attribute 'value' of object 'Object Repository/Objects.HighlightElements/input_field_index' is: '[AAPSI821] T7C'

2020-05-24 19:19:40 - [TEST_STEP][PASSED] - callTestCase(findTestCase(CallTCName), ["FindValue":ComboBoxValue, "DropdownNm":comboNm], STOP_ON_FAILURE): Call Test Case 'Test Cases/PFI Precision and Scale/PFI Components/PFILetterTemplate' successfully

2020-05-24 19:19:40 - [TEST_CASE][PASSED] - Test Cases/PFI Precision and Scale/PFI Components/PFILetterTemplate: Test Cases/PFI Precision and Scale/PFI Components/PFILetterTemplate

2020-05-24 19:19:40 - [TEST_STEP][PASSED] - PFILetterTemplateTBL = [1:["Reminder":"Ministry Of Health"], 2:["Reminder":"Reminder Free Format Letter"], 3:["Reminder":"Reminder 1 (SF_ESID_SIS/SL-REM1)"], ... ]: null

2020-05-24 19:19:40 - [TEST_STEP][PASSED] - switch (DropdownNm): null

2020-05-24 19:19:40 - [TEST_STEP][PASSED] - case "IssueWD":: null

2020-05-24 19:19:40 - [TEST_STEP][PASSED] - ValueFound = PFILetterTemplateTBL.find({ -> ... }): null

2020-05-24 19:19:40 - [TEST_STEP][PASSED] - break: null

2020-05-24 19:19:40 - [MESSAGE][PASSED] - Call Test Case 'Test Cases/PFI Precision and Scale/PFI Components/PFILetterTemplate' successfully

2020-05-24 19:19:40 - [TEST_STEP][PASSED] - println(ValueFound): null

2020-05-24 19:19:40 - [TEST_STEP][PASSED] - sendKeys(NewInputNmField, Keys.chord(ARROW_DOWN)): Keys 'DOWN + ' sent to object: 'Object Repository/Objects.HighlightElements/input_field_index'

2020-05-24 19:19:41 - [MESSAGE][PASSED] - Keys 'DOWN + ' sent to object: 'Object Repository/Objects.HighlightElements/input_field_index'

2020-05-24 19:19:41 - [TEST_STEP][PASSED] - sendKeys(NewInputNmField, Keys.chord(ARROW_DOWN)): Keys 'DOWN + ' sent to object: 'Object Repository/Objects.HighlightElements/input_field_index'

2020-05-24 19:19:41 - [MESSAGE][PASSED] - Keys 'DOWN + ' sent to object: 'Object Repository/Objects.HighlightElements/input_field_index'

2020-05-24 19:19:41 - [TEST_STEP][PASSED] - delay(DelayTime): Delayed 0 second(s)

2020-05-24 19:19:41 - [MESSAGE][PASSED] - Delayed 0 second(s)

2020-05-24 19:19:41 - [TEST_STEP][PASSED] - sendKeys(NewInputNmField, Keys.chord(ENTER)): Keys 'ENTER + ' sent to object: 'Object Repository/Objects.HighlightElements/input_field_index'

2020-05-24 19:19:42 - [MESSAGE][PASSED] - Keys 'ENTER + ' sent to object: 'Object Repository/Objects.HighlightElements/input_field_index'

2020-05-24 19:19:42 - [TEST_STEP][PASSED] - ComboBoxValue = getAttribute(NewInputNmField, "value"): Attribute 'value' of object 'Object Repository/Objects.HighlightElements/input_field_index' is: '[eAAPSI806] eT1'

2020-05-24 19:19:42 - [MESSAGE][PASSED] - Attribute 'value' of object 'Object Repository/Objects.HighlightElements/input_field_index' is: '[eAAPSI806] eT1'

2020-05-24 19:19:42 - [TEST_STEP][PASSED] - callTestCase(findTestCase(CallTCName), ["FindValue":ComboBoxValue, "DropdownNm":comboNm], STOP_ON_FAILURE): Call Test Case 'Test Cases/PFI Precision and Scale/PFI Components/PFILetterTemplate' successfully

2020-05-24 19:19:42 - [TEST_CASE][PASSED] - Test Cases/PFI Precision and Scale/PFI Components/PFILetterTemplate: Test Cases/PFI Precision and Scale/PFI Components/PFILetterTemplate

2020-05-24 19:19:42 - [TEST_STEP][PASSED] - PFILetterTemplateTBL = [1:["Reminder":"Ministry Of Health"], 2:["Reminder":"Reminder Free Format Letter"], 3:["Reminder":"Reminder 1 (SF_ESID_SIS/SL-REM1)"], ... ]: null

2020-05-24 19:19:42 - [TEST_STEP][PASSED] - switch (DropdownNm): null

2020-05-24 19:19:42 - [TEST_STEP][PASSED] - case "IssueWD":: null

2020-05-24 19:19:42 - [TEST_STEP][PASSED] - ValueFound = PFILetterTemplateTBL.find({ -> ... }): null

2020-05-24 19:19:42 - [TEST_STEP][PASSED] - break: null

2020-05-24 19:19:42 - [MESSAGE][PASSED] - Call Test Case 'Test Cases/PFI Precision and Scale/PFI Components/PFILetterTemplate' successfully

2020-05-24 19:19:42 - [TEST_STEP][PASSED] - println(ValueFound): null

2020-05-24 19:19:42 - [TEST_STEP][PASSED] - sendKeys(NewInputNmField, Keys.chord(ARROW_DOWN)): Keys 'DOWN + ' sent to object: 'Object Repository/Objects.HighlightElements/input_field_index'

2020-05-24 19:19:43 - [MESSAGE][PASSED] - Keys 'DOWN + ' sent to object: 'Object Repository/Objects.HighlightElements/input_field_index'

2020-05-24 19:19:43 - [TEST_STEP][PASSED] - sendKeys(NewInputNmField, Keys.chord(ARROW_DOWN)): Keys 'DOWN + ' sent to object: 'Object Repository/Objects.HighlightElements/input_field_index'

2020-05-24 19:19:43 - [MESSAGE][PASSED] - Keys 'DOWN + ' sent to object: 'Object Repository/Objects.HighlightElements/input_field_index'

2020-05-24 19:19:43 - [TEST_STEP][PASSED] - delay(DelayTime): Delayed 0 second(s)

2020-05-24 19:19:43 - [MESSAGE][PASSED] - Delayed 0 second(s)

2020-05-24 19:19:43 - [TEST_STEP][PASSED] - sendKeys(NewInputNmField, Keys.chord(ENTER)): Keys 'ENTER + ' sent to object: 'Object Repository/Objects.HighlightElements/input_field_index'

2020-05-24 19:19:44 - [MESSAGE][PASSED] - Keys 'ENTER + ' sent to object: 'Object Repository/Objects.HighlightElements/input_field_index'

2020-05-24 19:19:44 - [TEST_STEP][PASSED] - ComboBoxValue = getAttribute(NewInputNmField, "value"): Attribute 'value' of object 'Object Repository/Objects.HighlightElements/input_field_index' is: '[eAAPSI807] eT3'

2020-05-24 19:19:44 - [MESSAGE][PASSED] - Attribute 'value' of object 'Object Repository/Objects.HighlightElements/input_field_index' is: '[eAAPSI807] eT3'

2020-05-24 19:19:44 - [TEST_STEP][PASSED] - callTestCase(findTestCase(CallTCName), ["FindValue":ComboBoxValue, "DropdownNm":comboNm], STOP_ON_FAILURE): Call Test Case 'Test Cases/PFI Precision and Scale/PFI Components/PFILetterTemplate' successfully

2020-05-24 19:19:44 - [TEST_CASE][PASSED] - Test Cases/PFI Precision and Scale/PFI Components/PFILetterTemplate: Test Cases/PFI Precision and Scale/PFI Components/PFILetterTemplate

2020-05-24 19:19:44 - [TEST_STEP][PASSED] - PFILetterTemplateTBL = [1:["Reminder":"Ministry Of Health"], 2:["Reminder":"Reminder Free Format Letter"], 3:["Reminder":"Reminder 1 (SF_ESID_SIS/SL-REM1)"], ... ]: null

2020-05-24 19:19:44 - [TEST_STEP][PASSED] - switch (DropdownNm): null

2020-05-24 19:19:44 - [TEST_STEP][PASSED] - case "IssueWD":: null

2020-05-24 19:19:44 - [TEST_STEP][PASSED] - ValueFound = PFILetterTemplateTBL.find({ -> ... }): null

2020-05-24 19:19:44 - [TEST_STEP][PASSED] - break: null

2020-05-24 19:19:44 - [MESSAGE][PASSED] - Call Test Case 'Test Cases/PFI Precision and Scale/PFI Components/PFILetterTemplate' successfully

2020-05-24 19:19:44 - [TEST_STEP][PASSED] - println(ValueFound): null

2020-05-24 19:19:44 - [TEST_STEP][PASSED] - sendKeys(NewInputNmField, Keys.chord(ARROW_DOWN)): Keys 'DOWN + ' sent to object: 'Object Repository/Objects.HighlightElements/input_field_index'

2020-05-24 19:19:45 - [MESSAGE][PASSED] - Keys 'DOWN + ' sent to object: 'Object Repository/Objects.HighlightElements/input_field_index'

2020-05-24 19:19:45 - [TEST_STEP][PASSED] - sendKeys(NewInputNmField, Keys.chord(ARROW_DOWN)): Keys 'DOWN + ' sent to object: 'Object Repository/Objects.HighlightElements/input_field_index'

2020-05-24 19:19:45 - [MESSAGE][PASSED] - Keys 'DOWN + ' sent to object: 'Object Repository/Objects.HighlightElements/input_field_index'

2020-05-24 19:19:45 - [TEST_STEP][PASSED] - delay(DelayTime): Delayed 0 second(s)

2020-05-24 19:19:45 - [MESSAGE][PASSED] - Delayed 0 second(s)

2020-05-24 19:19:45 - [TEST_STEP][PASSED] - sendKeys(NewInputNmField, Keys.chord(ENTER)): Keys 'ENTER + ' sent to object: 'Object Repository/Objects.HighlightElements/input_field_index'

2020-05-24 19:19:46 - [MESSAGE][PASSED] - Keys 'ENTER + ' sent to object: 'Object Repository/Objects.HighlightElements/input_field_index'

2020-05-24 19:19:46 - [TEST_STEP][PASSED] - ComboBoxValue = getAttribute(NewInputNmField, "value"): Attribute 'value' of object 'Object Repository/Objects.HighlightElements/input_field_index' is: '[eAAPSI808] eT4'

2020-05-24 19:19:46 - [MESSAGE][PASSED] - Attribute 'value' of object 'Object Repository/Objects.HighlightElements/input_field_index' is: '[eAAPSI808] eT4'

2020-05-24 19:19:46 - [TEST_STEP][PASSED] - callTestCase(findTestCase(CallTCName), ["FindValue":ComboBoxValue, "DropdownNm":comboNm], STOP_ON_FAILURE): Call Test Case 'Test Cases/PFI Precision and Scale/PFI Components/PFILetterTemplate' successfully

2020-05-24 19:19:46 - [TEST_CASE][PASSED] - Test Cases/PFI Precision and Scale/PFI Components/PFILetterTemplate: Test Cases/PFI Precision and Scale/PFI Components/PFILetterTemplate

2020-05-24 19:19:46 - [TEST_STEP][PASSED] - PFILetterTemplateTBL = [1:["Reminder":"Ministry Of Health"], 2:["Reminder":"Reminder Free Format Letter"], 3:["Reminder":"Reminder 1 (SF_ESID_SIS/SL-REM1)"], ... ]: null

2020-05-24 19:19:46 - [TEST_STEP][PASSED] - switch (DropdownNm): null

2020-05-24 19:19:46 - [TEST_STEP][PASSED] - case "IssueWD":: null

2020-05-24 19:19:46 - [TEST_STEP][PASSED] - ValueFound = PFILetterTemplateTBL.find({ -> ... }): null

2020-05-24 19:19:46 - [TEST_STEP][PASSED] - break: null

2020-05-24 19:19:46 - [MESSAGE][PASSED] - Call Test Case 'Test Cases/PFI Precision and Scale/PFI Components/PFILetterTemplate' successfully

2020-05-24 19:19:46 - [TEST_STEP][PASSED] - println(ValueFound): null

2020-05-24 19:19:46 - [TEST_STEP][PASSED] - sendKeys(NewInputNmField, Keys.chord(ARROW_DOWN)): Keys 'DOWN + ' sent to object: 'Object Repository/Objects.HighlightElements/input_field_index'

2020-05-24 19:19:47 - [MESSAGE][PASSED] - Keys 'DOWN + ' sent to object: 'Object Repository/Objects.HighlightElements/input_field_index'

2020-05-24 19:19:47 - [TEST_STEP][PASSED] - sendKeys(NewInputNmField, Keys.chord(ARROW_DOWN)): Keys 'DOWN + ' sent to object: 'Object Repository/Objects.HighlightElements/input_field_index'

2020-05-24 19:19:47 - [MESSAGE][PASSED] - Keys 'DOWN + ' sent to object: 'Object Repository/Objects.HighlightElements/input_field_index'

2020-05-24 19:19:47 - [TEST_STEP][PASSED] - delay(DelayTime): Delayed 0 second(s)

2020-05-24 19:19:47 - [MESSAGE][PASSED] - Delayed 0 second(s)

2020-05-24 19:19:47 - [TEST_STEP][PASSED] - sendKeys(NewInputNmField, Keys.chord(ENTER)): Keys 'ENTER + ' sent to object: 'Object Repository/Objects.HighlightElements/input_field_index'

2020-05-24 19:19:48 - [MESSAGE][PASSED] - Keys 'ENTER + ' sent to object: 'Object Repository/Objects.HighlightElements/input_field_index'

2020-05-24 19:19:48 - [TEST_STEP][PASSED] - ComboBoxValue = getAttribute(NewInputNmField, "value"): Attribute 'value' of object 'Object Repository/Objects.HighlightElements/input_field_index' is: '[eAAPSI809] eT5'

2020-05-24 19:19:48 - [MESSAGE][PASSED] - Attribute 'value' of object 'Object Repository/Objects.HighlightElements/input_field_index' is: '[eAAPSI809] eT5'

2020-05-24 19:19:48 - [TEST_STEP][PASSED] - callTestCase(findTestCase(CallTCName), ["FindValue":ComboBoxValue, "DropdownNm":comboNm], STOP_ON_FAILURE): Call Test Case 'Test Cases/PFI Precision and Scale/PFI Components/PFILetterTemplate' successfully

2020-05-24 19:19:48 - [TEST_CASE][PASSED] - Test Cases/PFI Precision and Scale/PFI Components/PFILetterTemplate: Test Cases/PFI Precision and Scale/PFI Components/PFILetterTemplate

2020-05-24 19:19:48 - [TEST_STEP][PASSED] - PFILetterTemplateTBL = [1:["Reminder":"Ministry Of Health"], 2:["Reminder":"Reminder Free Format Letter"], 3:["Reminder":"Reminder 1 (SF_ESID_SIS/SL-REM1)"], ... ]: null

2020-05-24 19:19:48 - [TEST_STEP][PASSED] - switch (DropdownNm): null

2020-05-24 19:19:48 - [TEST_STEP][PASSED] - case "IssueWD":: null

2020-05-24 19:19:48 - [TEST_STEP][PASSED] - ValueFound = PFILetterTemplateTBL.find({ -> ... }): null

2020-05-24 19:19:48 - [TEST_STEP][PASSED] - break: null

2020-05-24 19:19:48 - [MESSAGE][PASSED] - Call Test Case 'Test Cases/PFI Precision and Scale/PFI Components/PFILetterTemplate' successfully

2020-05-24 19:19:48 - [TEST_STEP][PASSED] - println(ValueFound): null

2020-05-24 19:19:48 - [TEST_STEP][PASSED] - sendKeys(NewInputNmField, Keys.chord(ARROW_DOWN)): Keys 'DOWN + ' sent to object: 'Object Repository/Objects.HighlightElements/input_field_index'

2020-05-24 19:19:49 - [MESSAGE][PASSED] - Keys 'DOWN + ' sent to object: 'Object Repository/Objects.HighlightElements/input_field_index'

2020-05-24 19:19:49 - [TEST_STEP][PASSED] - sendKeys(NewInputNmField, Keys.chord(ARROW_DOWN)): Keys 'DOWN + ' sent to object: 'Object Repository/Objects.HighlightElements/input_field_index'

2020-05-24 19:19:49 - [MESSAGE][PASSED] - Keys 'DOWN + ' sent to object: 'Object Repository/Objects.HighlightElements/input_field_index'

2020-05-24 19:19:49 - [TEST_STEP][PASSED] - delay(DelayTime): Delayed 0 second(s)

2020-05-24 19:19:49 - [MESSAGE][PASSED] - Delayed 0 second(s)

2020-05-24 19:19:49 - [TEST_STEP][PASSED] - sendKeys(NewInputNmField, Keys.chord(ENTER)): Keys 'ENTER + ' sent to object: 'Object Repository/Objects.HighlightElements/input_field_index'

2020-05-24 19:19:49 - [MESSAGE][PASSED] - Keys 'ENTER + ' sent to object: 'Object Repository/Objects.HighlightElements/input_field_index'

2020-05-24 19:19:49 - [TEST_STEP][PASSED] - ComboBoxValue = getAttribute(NewInputNmField, "value"): Attribute 'value' of object 'Object Repository/Objects.HighlightElements/input_field_index' is: '[eAAPSI810] eT6'

2020-05-24 19:19:50 - [MESSAGE][PASSED] - Attribute 'value' of object 'Object Repository/Objects.HighlightElements/input_field_index' is: '[eAAPSI810] eT6'

2020-05-24 19:19:50 - [TEST_STEP][PASSED] - callTestCase(findTestCase(CallTCName), ["FindValue":ComboBoxValue, "DropdownNm":comboNm], STOP_ON_FAILURE): Call Test Case 'Test Cases/PFI Precision and Scale/PFI Components/PFILetterTemplate' successfully

2020-05-24 19:19:50 - [TEST_CASE][PASSED] - Test Cases/PFI Precision and Scale/PFI Components/PFILetterTemplate: Test Cases/PFI Precision and Scale/PFI Components/PFILetterTemplate

2020-05-24 19:19:50 - [TEST_STEP][PASSED] - PFILetterTemplateTBL = [1:["Reminder":"Ministry Of Health"], 2:["Reminder":"Reminder Free Format Letter"], 3:["Reminder":"Reminder 1 (SF_ESID_SIS/SL-REM1)"], ... ]: null

2020-05-24 19:19:50 - [TEST_STEP][PASSED] - switch (DropdownNm): null

2020-05-24 19:19:50 - [TEST_STEP][PASSED] - case "IssueWD":: null

2020-05-24 19:19:50 - [TEST_STEP][PASSED] - ValueFound = PFILetterTemplateTBL.find({ -> ... }): null

2020-05-24 19:19:50 - [TEST_STEP][PASSED] - break: null

2020-05-24 19:19:50 - [MESSAGE][PASSED] - Call Test Case 'Test Cases/PFI Precision and Scale/PFI Components/PFILetterTemplate' successfully

2020-05-24 19:19:50 - [TEST_STEP][PASSED] - println(ValueFound): null

2020-05-24 19:19:50 - [TEST_STEP][PASSED] - sendKeys(NewInputNmField, Keys.chord(ARROW_DOWN)): Keys 'DOWN + ' sent to object: 'Object Repository/Objects.HighlightElements/input_field_index'

2020-05-24 19:19:50 - [MESSAGE][PASSED] - Keys 'DOWN + ' sent to object: 'Object Repository/Objects.HighlightElements/input_field_index'

2020-05-24 19:19:50 - [TEST_STEP][PASSED] - sendKeys(NewInputNmField, Keys.chord(ARROW_DOWN)): Keys 'DOWN + ' sent to object: 'Object Repository/Objects.HighlightElements/input_field_index'

2020-05-24 19:19:51 - [MESSAGE][PASSED] - Keys 'DOWN + ' sent to object: 'Object Repository/Objects.HighlightElements/input_field_index'

2020-05-24 19:19:51 - [TEST_STEP][PASSED] - delay(DelayTime): Delayed 0 second(s)

2020-05-24 19:19:51 - [MESSAGE][PASSED] - Delayed 0 second(s)

2020-05-24 19:19:51 - [TEST_STEP][PASSED] - sendKeys(NewInputNmField, Keys.chord(ENTER)): Keys 'ENTER + ' sent to object: 'Object Repository/Objects.HighlightElements/input_field_index'

2020-05-24 19:19:51 - [MESSAGE][PASSED] - Keys 'ENTER + ' sent to object: 'Object Repository/Objects.HighlightElements/input_field_index'

2020-05-24 19:19:51 - [TEST_STEP][PASSED] - ComboBoxValue = getAttribute(NewInputNmField, "value"): Attribute 'value' of object 'Object Repository/Objects.HighlightElements/input_field_index' is: '[eAAPSI820] eT7'

2020-05-24 19:19:52 - [MESSAGE][PASSED] - Attribute 'value' of object 'Object Repository/Objects.HighlightElements/input_field_index' is: '[eAAPSI820] eT7'

2020-05-24 19:19:52 - [TEST_STEP][PASSED] - callTestCase(findTestCase(CallTCName), ["FindValue":ComboBoxValue, "DropdownNm":comboNm], STOP_ON_FAILURE): Call Test Case 'Test Cases/PFI Precision and Scale/PFI Components/PFILetterTemplate' successfully

2020-05-24 19:19:52 - [TEST_CASE][PASSED] - Test Cases/PFI Precision and Scale/PFI Components/PFILetterTemplate: Test Cases/PFI Precision and Scale/PFI Components/PFILetterTemplate

2020-05-24 19:19:52 - [TEST_STEP][PASSED] - PFILetterTemplateTBL = [1:["Reminder":"Ministry Of Health"], 2:["Reminder":"Reminder Free Format Letter"], 3:["Reminder":"Reminder 1 (SF_ESID_SIS/SL-REM1)"], ... ]: null

2020-05-24 19:19:52 - [TEST_STEP][PASSED] - switch (DropdownNm): null

2020-05-24 19:19:52 - [TEST_STEP][PASSED] - case "IssueWD":: null

2020-05-24 19:19:52 - [TEST_STEP][PASSED] - ValueFound = PFILetterTemplateTBL.find({ -> ... }): null

2020-05-24 19:19:52 - [TEST_STEP][PASSED] - break: null

2020-05-24 19:19:52 - [MESSAGE][PASSED] - Call Test Case 'Test Cases/PFI Precision and Scale/PFI Components/PFILetterTemplate' successfully

2020-05-24 19:19:52 - [TEST_STEP][PASSED] - println(ValueFound): null

2020-05-24 19:19:52 - [TEST_STEP][PASSED] - sendKeys(NewInputNmField, Keys.chord(ARROW_DOWN)): Keys 'DOWN + ' sent to object: 'Object Repository/Objects.HighlightElements/input_field_index'

2020-05-24 19:19:52 - [MESSAGE][PASSED] - Keys 'DOWN + ' sent to object: 'Object Repository/Objects.HighlightElements/input_field_index'

2020-05-24 19:19:52 - [TEST_STEP][PASSED] - sendKeys(NewInputNmField, Keys.chord(ARROW_DOWN)): Keys 'DOWN + ' sent to object: 'Object Repository/Objects.HighlightElements/input_field_index'

2020-05-24 19:19:53 - [MESSAGE][PASSED] - Keys 'DOWN + ' sent to object: 'Object Repository/Objects.HighlightElements/input_field_index'

2020-05-24 19:19:53 - [TEST_STEP][PASSED] - delay(DelayTime): Delayed 0 second(s)

2020-05-24 19:19:53 - [MESSAGE][PASSED] - Delayed 0 second(s)

2020-05-24 19:19:53 - [TEST_STEP][PASSED] - sendKeys(NewInputNmField, Keys.chord(ENTER)): Keys 'ENTER + ' sent to object: 'Object Repository/Objects.HighlightElements/input_field_index'

2020-05-24 19:19:53 - [MESSAGE][PASSED] - Keys 'ENTER + ' sent to object: 'Object Repository/Objects.HighlightElements/input_field_index'

2020-05-24 19:19:53 - [TEST_STEP][PASSED] - ComboBoxValue = getAttribute(NewInputNmField, "value"): Attribute 'value' of object 'Object Repository/Objects.HighlightElements/input_field_index' is: '[eAAPSI821] eT7C'

2020-05-24 19:19:54 - [MESSAGE][PASSED] - Attribute 'value' of object 'Object Repository/Objects.HighlightElements/input_field_index' is: '[eAAPSI821] eT7C'

2020-05-24 19:19:54 - [TEST_STEP][PASSED] - callTestCase(findTestCase(CallTCName), ["FindValue":ComboBoxValue, "DropdownNm":comboNm], STOP_ON_FAILURE): Call Test Case 'Test Cases/PFI Precision and Scale/PFI Components/PFILetterTemplate' successfully

2020-05-24 19:19:54 - [TEST_CASE][PASSED] - Test Cases/PFI Precision and Scale/PFI Components/PFILetterTemplate: Test Cases/PFI Precision and Scale/PFI Components/PFILetterTemplate

2020-05-24 19:19:54 - [TEST_STEP][PASSED] - PFILetterTemplateTBL = [1:["Reminder":"Ministry Of Health"], 2:["Reminder":"Reminder Free Format Letter"], 3:["Reminder":"Reminder 1 (SF_ESID_SIS/SL-REM1)"], ... ]: null

2020-05-24 19:19:54 - [TEST_STEP][PASSED] - switch (DropdownNm): null

2020-05-24 19:19:54 - [TEST_STEP][PASSED] - case "IssueWD":: null

2020-05-24 19:19:54 - [TEST_STEP][PASSED] - ValueFound = PFILetterTemplateTBL.find({ -> ... }): null

2020-05-24 19:19:54 - [TEST_STEP][PASSED] - break: null

2020-05-24 19:19:54 - [MESSAGE][PASSED] - Call Test Case 'Test Cases/PFI Precision and Scale/PFI Components/PFILetterTemplate' successfully

2020-05-24 19:19:54 - [TEST_STEP][PASSED] - println(ValueFound): null

2020-05-24 19:19:54 - [TEST_STEP][PASSED] - sendKeys(NewInputNmField, Keys.chord(ARROW_DOWN)): Keys 'DOWN + ' sent to object: 'Object Repository/Objects.HighlightElements/input_field_index'

2020-05-24 19:19:54 - [MESSAGE][PASSED] - Keys 'DOWN + ' sent to object: 'Object Repository/Objects.HighlightElements/input_field_index'

2020-05-24 19:19:54 - [TEST_STEP][PASSED] - sendKeys(NewInputNmField, Keys.chord(ARROW_DOWN)): Keys 'DOWN + ' sent to object: 'Object Repository/Objects.HighlightElements/input_field_index'

2020-05-24 19:19:55 - [MESSAGE][PASSED] - Keys 'DOWN + ' sent to object: 'Object Repository/Objects.HighlightElements/input_field_index'

2020-05-24 19:19:55 - [TEST_STEP][PASSED] - delay(DelayTime): Delayed 0 second(s)

2020-05-24 19:19:55 - [MESSAGE][PASSED] - Delayed 0 second(s)

2020-05-24 19:19:55 - [TEST_STEP][PASSED] - sendKeys(NewInputNmField, Keys.chord(ENTER)): Keys 'ENTER + ' sent to object: 'Object Repository/Objects.HighlightElements/input_field_index'

2020-05-24 19:19:55 - [MESSAGE][PASSED] - Keys 'ENTER + ' sent to object: 'Object Repository/Objects.HighlightElements/input_field_index'

2020-05-24 19:19:55 - [TEST_STEP][PASSED] - ComboBoxValue = getAttribute(NewInputNmField, "value"): Attribute 'value' of object 'Object Repository/Objects.HighlightElements/input_field_index' is: '[[[EAAPSI821] EAAPSI821_ET7C] AAPSI821] [[EAAPSI821] EAAPSI821_ET7C] AAPSI821'

2020-05-24 19:19:56 - [MESSAGE][PASSED] - Attribute 'value' of object 'Object Repository/Objects.HighlightElements/input_field_index' is: '[[[EAAPSI821] EAAPSI821_ET7C] AAPSI821] [[EAAPSI821] EAAPSI821_ET7C] AAPSI821'

2020-05-24 19:19:56 - [TEST_STEP][PASSED] - callTestCase(findTestCase(CallTCName), ["FindValue":ComboBoxValue, "DropdownNm":comboNm], STOP_ON_FAILURE): Call Test Case 'Test Cases/PFI Precision and Scale/PFI Components/PFILetterTemplate' successfully

2020-05-24 19:19:56 - [TEST_CASE][PASSED] - Test Cases/PFI Precision and Scale/PFI Components/PFILetterTemplate: Test Cases/PFI Precision and Scale/PFI Components/PFILetterTemplate

2020-05-24 19:19:56 - [TEST_STEP][PASSED] - PFILetterTemplateTBL = [1:["Reminder":"Ministry Of Health"], 2:["Reminder":"Reminder Free Format Letter"], 3:["Reminder":"Reminder 1 (SF_ESID_SIS/SL-REM1)"], ... ]: null

2020-05-24 19:19:56 - [TEST_STEP][PASSED] - switch (DropdownNm): null

2020-05-24 19:19:56 - [TEST_STEP][PASSED] - case "IssueWD":: null

2020-05-24 19:19:56 - [TEST_STEP][PASSED] - ValueFound = PFILetterTemplateTBL.find({ -> ... }): null

2020-05-24 19:19:56 - [TEST_STEP][PASSED] - break: null

2020-05-24 19:19:56 - [MESSAGE][PASSED] - Call Test Case 'Test Cases/PFI Precision and Scale/PFI Components/PFILetterTemplate' successfully

2020-05-24 19:19:56 - [TEST_STEP][PASSED] - println(ValueFound): null

2020-05-24 19:19:56 - [TEST_STEP][PASSED] - sendKeys(NewInputNmField, Keys.chord(ARROW_DOWN)): Keys 'DOWN + ' sent to object: 'Object Repository/Objects.HighlightElements/input_field_index'

2020-05-24 19:19:56 - [MESSAGE][PASSED] - Keys 'DOWN + ' sent to object: 'Object Repository/Objects.HighlightElements/input_field_index'

2020-05-24 19:19:56 - [TEST_STEP][PASSED] - sendKeys(NewInputNmField, Keys.chord(ARROW_DOWN)): Keys 'DOWN + ' sent to object: 'Object Repository/Objects.HighlightElements/input_field_index'

2020-05-24 19:19:57 - [MESSAGE][PASSED] - Keys 'DOWN + ' sent to object: 'Object Repository/Objects.HighlightElements/input_field_index'

2020-05-24 19:19:57 - [TEST_STEP][PASSED] - delay(DelayTime): Delayed 0 second(s)

2020-05-24 19:19:57 - [MESSAGE][PASSED] - Delayed 0 second(s)

2020-05-24 19:19:57 - [TEST_STEP][PASSED] - sendKeys(NewInputNmField, Keys.chord(ENTER)): Keys 'ENTER + ' sent to object: 'Object Repository/Objects.HighlightElements/input_field_index'

2020-05-24 19:19:57 - [MESSAGE][PASSED] - Keys 'ENTER + ' sent to object: 'Object Repository/Objects.HighlightElements/input_field_index'

2020-05-24 19:19:57 - [TEST_STEP][PASSED] - ComboBoxValue = getAttribute(NewInputNmField, "value"): Attribute 'value' of object 'Object Repository/Objects.HighlightElements/input_field_index' is: '[PABP05450] [PABP05450] BP Refund Letter[PABP05450][1][1]'

2020-05-24 19:19:58 - [MESSAGE][PASSED] - Attribute 'value' of object 'Object Repository/Objects.HighlightElements/input_field_index' is: '[PABP05450] [PABP05450] BP Refund Letter[PABP05450][1][1]'

2020-05-24 19:19:58 - [TEST_STEP][PASSED] - callTestCase(findTestCase(CallTCName), ["FindValue":ComboBoxValue, "DropdownNm":comboNm], STOP_ON_FAILURE): Call Test Case 'Test Cases/PFI Precision and Scale/PFI Components/PFILetterTemplate' successfully

2020-05-24 19:19:58 - [TEST_CASE][PASSED] - Test Cases/PFI Precision and Scale/PFI Components/PFILetterTemplate: Test Cases/PFI Precision and Scale/PFI Components/PFILetterTemplate

2020-05-24 19:19:58 - [TEST_STEP][PASSED] - PFILetterTemplateTBL = [1:["Reminder":"Ministry Of Health"], 2:["Reminder":"Reminder Free Format Letter"], 3:["Reminder":"Reminder 1 (SF_ESID_SIS/SL-REM1)"], ... ]: null

2020-05-24 19:19:58 - [TEST_STEP][PASSED] - switch (DropdownNm): null

2020-05-24 19:19:58 - [TEST_STEP][PASSED] - case "IssueWD":: null

2020-05-24 19:19:58 - [TEST_STEP][PASSED] - ValueFound = PFILetterTemplateTBL.find({ -> ... }): null

2020-05-24 19:19:58 - [TEST_STEP][PASSED] - break: null

2020-05-24 19:19:58 - [MESSAGE][PASSED] - Call Test Case 'Test Cases/PFI Precision and Scale/PFI Components/PFILetterTemplate' successfully

2020-05-24 19:19:58 - [TEST_STEP][PASSED] - println(ValueFound): null

2020-05-24 19:19:58 - [TEST_STEP][PASSED] - sendKeys(NewInputNmField, Keys.chord(ARROW_DOWN)): Keys 'DOWN + ' sent to object: 'Object Repository/Objects.HighlightElements/input_field_index'

2020-05-24 19:19:58 - [MESSAGE][PASSED] - Keys 'DOWN + ' sent to object: 'Object Repository/Objects.HighlightElements/input_field_index'

2020-05-24 19:19:58 - [TEST_STEP][PASSED] - sendKeys(NewInputNmField, Keys.chord(ENTER)): Keys 'ENTER + ' sent to object: 'Object Repository/Objects.HighlightElements/input_field_index'

2020-05-24 19:19:59 - [MESSAGE][PASSED] - Keys 'ENTER + ' sent to object: 'Object Repository/Objects.HighlightElements/input_field_index'

2020-05-24 19:19:59 - [MESSAGE][PASSED] - Call Test Case 'Test Cases/PFI Precision and Scale/PFI Components/VerifyDropdownValues' successfully

2020-05-24 19:19:59 - [TEST_STEP][PASSED] - callTestCase(findTestCase("PFI Precision and Scale/PFI Components/VerifyDropdownValues"), ["FldNm":"NovaComboBox", "index":0, "CallTCName":"PFI Precision and Scale/PFI Components/ConstantHashMap", "cmbNm":"TypeOfLetter", ... ], STOP_ON_FAILURE): Call Test Case 'Test Cases/PFI Precision and Scale/PFI Components/VerifyDropdownValues' successfully

2020-05-24 19:19:59 - [TEST_CASE][PASSED] - Test Cases/PFI Precision and Scale/PFI Components/VerifyDropdownValues: Test Cases/PFI Precision and Scale/PFI Components/VerifyDropdownValues

2020-05-24 19:19:59 - [TEST_STEP][PASSED] - Thread.sleep(1000): null

2020-05-24 19:20:00 - [TEST_STEP][PASSED] - if (index == 0): Modify property of object successfully

2020-05-24 19:20:00 - [TEST_STEP][PASSED] - NewInputNmField = modifyObjectProperty(findTestObject("Objects.HighlightElements/input_field"), "name", "equals", FldNm, true): Modify property of object successfully

2020-05-24 19:20:00 - [MESSAGE][PASSED] - Modify property of object successfully

2020-05-24 19:20:00 - [TEST_STEP][PASSED] - if (FldNm == "NovaComboBox"): com.reusableComponents.HighlightElement.run is PASSED

2020-05-24 19:20:00 - [TEST_STEP][PASSED] - NewInputNmField = modifyObjectProperty(findTestObject("Object Repository/Objects.HighlightElements/input_field_index"), "xpath", "equals", "(//*[contains(@name, 'NovaComboBox')])[" + idx + "]", true): Modify property of object successfully

2020-05-24 19:20:00 - [MESSAGE][PASSED] - Modify property of object successfully

2020-05-24 19:20:00 - [TEST_STEP][PASSED] - com.reusableComponents.HighlightElement.run(NewInputNmField): com.reusableComponents.HighlightElement.run is PASSED

2020-05-24 19:20:00 - [MESSAGE][PASSED] - com.reusableComponents.HighlightElement.run is PASSED

2020-05-24 19:20:00 - [TEST_STEP][PASSED] - comboNm = cmbNm: null

2020-05-24 19:20:00 - [TEST_STEP][PASSED] - focus(NewInputNmField): Object: 'Object Repository/Objects.HighlightElements/input_field_index' is focused

2020-05-24 19:20:01 - [MESSAGE][PASSED] - Object: 'Object Repository/Objects.HighlightElements/input_field_index' is focused

2020-05-24 19:20:01 - [TEST_STEP][PASSED] - setText(NewInputNmField, EnterValue): Text '' is set on object 'Object Repository/Objects.HighlightElements/input_field_index'

2020-05-24 19:20:01 - [MESSAGE][PASSED] - Text '' is set on object 'Object Repository/Objects.HighlightElements/input_field_index'

2020-05-24 19:20:01 - [TEST_STEP][PASSED] - for ([i = 1, i <= NoOfVal, (i++)]): Keys 'DOWN + ' sent to object: 'Object Repository/Objects.HighlightElements/input_field_index'

2020-05-24 19:20:01 - [TEST_STEP][PASSED] - sendKeys(NewInputNmField, Keys.chord(ARROW_DOWN)): Keys 'DOWN + ' sent to object: 'Object Repository/Objects.HighlightElements/input_field_index'

2020-05-24 19:20:01 - [MESSAGE][PASSED] - Keys 'DOWN + ' sent to object: 'Object Repository/Objects.HighlightElements/input_field_index'

2020-05-24 19:20:01 - [TEST_STEP][PASSED] - delay(DelayTime): Delayed 0 second(s)

2020-05-24 19:20:01 - [MESSAGE][PASSED] - Delayed 0 second(s)

2020-05-24 19:20:01 - [TEST_STEP][PASSED] - sendKeys(NewInputNmField, Keys.chord(ENTER)): Keys 'ENTER + ' sent to object: 'Object Repository/Objects.HighlightElements/input_field_index'

2020-05-24 19:20:02 - [MESSAGE][PASSED] - Keys 'ENTER + ' sent to object: 'Object Repository/Objects.HighlightElements/input_field_index'

2020-05-24 19:20:02 - [TEST_STEP][PASSED] - ComboBoxValue = getAttribute(NewInputNmField, "value"): Attribute 'value' of object 'Object Repository/Objects.HighlightElements/input_field_index' is: 'T1'

2020-05-24 19:20:02 - [MESSAGE][PASSED] - Attribute 'value' of object 'Object Repository/Objects.HighlightElements/input_field_index' is: 'T1'

2020-05-24 19:20:02 - [TEST_STEP][PASSED] - callTestCase(findTestCase(CallTCName), ["FindValue":ComboBoxValue, "DropdownNm":comboNm], STOP_ON_FAILURE): Call Test Case 'Test Cases/PFI Precision and Scale/PFI Components/ConstantHashMap' successfully

2020-05-24 19:20:02 - [TEST_CASE][PASSED] - Test Cases/PFI Precision and Scale/PFI Components/ConstantHashMap: Test Cases/PFI Precision and Scale/PFI Components/ConstantHashMap

2020-05-24 19:20:02 - [TEST_STEP][PASSED] - ConstantTBL = [1:["PeriodType":"Working Day(s)"], 2:["PeriodType":"Calendar Day(s)"], 3:["PeriodType":"Month(s)"], 4:["TypeOfLetter":"T1"], ... ]: null

2020-05-24 19:20:02 - [TEST_STEP][PASSED] - switch (DropdownNm): null

2020-05-24 19:20:02 - [TEST_STEP][PASSED] - case "TypeOfLetter":: null

2020-05-24 19:20:02 - [TEST_STEP][PASSED] - ValueFound = ConstantTBL.find({ -> ... }): null

2020-05-24 19:20:02 - [TEST_STEP][PASSED] - break: null

2020-05-24 19:20:02 - [MESSAGE][PASSED] - Call Test Case 'Test Cases/PFI Precision and Scale/PFI Components/ConstantHashMap' successfully

2020-05-24 19:20:02 - [TEST_STEP][PASSED] - println(ValueFound): null

2020-05-24 19:20:02 - [TEST_STEP][PASSED] - sendKeys(NewInputNmField, Keys.chord(ARROW_DOWN)): Keys 'DOWN + ' sent to object: 'Object Repository/Objects.HighlightElements/input_field_index'

2020-05-24 19:20:03 - [MESSAGE][PASSED] - Keys 'DOWN + ' sent to object: 'Object Repository/Objects.HighlightElements/input_field_index'

2020-05-24 19:20:03 - [TEST_STEP][PASSED] - sendKeys(NewInputNmField, Keys.chord(ARROW_DOWN)): Keys 'DOWN + ' sent to object: 'Object Repository/Objects.HighlightElements/input_field_index'

2020-05-24 19:20:03 - [MESSAGE][PASSED] - Keys 'DOWN + ' sent to object: 'Object Repository/Objects.HighlightElements/input_field_index'

2020-05-24 19:20:03 - [TEST_STEP][PASSED] - delay(DelayTime): Delayed 0 second(s)

2020-05-24 19:20:03 - [MESSAGE][PASSED] - Delayed 0 second(s)

2020-05-24 19:20:03 - [TEST_STEP][PASSED] - sendKeys(NewInputNmField, Keys.chord(ENTER)): Keys 'ENTER + ' sent to object: 'Object Repository/Objects.HighlightElements/input_field_index'

2020-05-24 19:20:03 - [MESSAGE][PASSED] - Keys 'ENTER + ' sent to object: 'Object Repository/Objects.HighlightElements/input_field_index'

2020-05-24 19:20:03 - [TEST_STEP][PASSED] - ComboBoxValue = getAttribute(NewInputNmField, "value"): Attribute 'value' of object 'Object Repository/Objects.HighlightElements/input_field_index' is: 'eT1'

2020-05-24 19:20:04 - [MESSAGE][PASSED] - Attribute 'value' of object 'Object Repository/Objects.HighlightElements/input_field_index' is: 'eT1'

2020-05-24 19:20:04 - [TEST_STEP][PASSED] - callTestCase(findTestCase(CallTCName), ["FindValue":ComboBoxValue, "DropdownNm":comboNm], STOP_ON_FAILURE): Call Test Case 'Test Cases/PFI Precision and Scale/PFI Components/ConstantHashMap' successfully

2020-05-24 19:20:04 - [TEST_CASE][PASSED] - Test Cases/PFI Precision and Scale/PFI Components/ConstantHashMap: Test Cases/PFI Precision and Scale/PFI Components/ConstantHashMap

2020-05-24 19:20:04 - [TEST_STEP][PASSED] - ConstantTBL = [1:["PeriodType":"Working Day(s)"], 2:["PeriodType":"Calendar Day(s)"], 3:["PeriodType":"Month(s)"], 4:["TypeOfLetter":"T1"], ... ]: null

2020-05-24 19:20:04 - [TEST_STEP][PASSED] - switch (DropdownNm): null

2020-05-24 19:20:04 - [TEST_STEP][PASSED] - case "TypeOfLetter":: null

2020-05-24 19:20:04 - [TEST_STEP][PASSED] - ValueFound = ConstantTBL.find({ -> ... }): null

2020-05-24 19:20:04 - [TEST_STEP][PASSED] - break: null

2020-05-24 19:20:04 - [MESSAGE][PASSED] - Call Test Case 'Test Cases/PFI Precision and Scale/PFI Components/ConstantHashMap' successfully

2020-05-24 19:20:04 - [TEST_STEP][PASSED] - println(ValueFound): null

2020-05-24 19:20:04 - [TEST_STEP][PASSED] - sendKeys(NewInputNmField, Keys.chord(ARROW_DOWN)): Keys 'DOWN + ' sent to object: 'Object Repository/Objects.HighlightElements/input_field_index'

2020-05-24 19:20:04 - [MESSAGE][PASSED] - Keys 'DOWN + ' sent to object: 'Object Repository/Objects.HighlightElements/input_field_index'

2020-05-24 19:20:04 - [TEST_STEP][PASSED] - sendKeys(NewInputNmField, Keys.chord(ENTER)): Keys 'ENTER + ' sent to object: 'Object Repository/Objects.HighlightElements/input_field_index'

2020-05-24 19:20:05 - [MESSAGE][PASSED] - Keys 'ENTER + ' sent to object: 'Object Repository/Objects.HighlightElements/input_field_index'

2020-05-24 19:20:05 - [MESSAGE][PASSED] - Call Test Case 'Test Cases/PFI Precision and Scale/PFI Components/VerifyDropdownValues' successfully

2020-05-24 19:20:05 - [TEST_STEP][PASSED] - callTestCase(findTestCase("Components/Logout"), ["LogoutPageTextToBeVerified":findTestData("ISPS2 Test Data").getValue("HomeBanner", 1)], STOP_ON_FAILURE): Call Test Case 'Test Cases/Components/Logout' successfully

2020-05-24 19:20:05 - [TEST_CASE][PASSED] - Test Cases/Components/Logout: Test Cases/Components/Logout

2020-05-24 19:20:05 - [TEST_STEP][PASSED] - Thread.sleep(3000): null

2020-05-24 19:20:08 - [TEST_STEP][NOT_RUN] - com.reusableComponents.HighlightElement.run(findTestObject("Objects.Logout/accountDropdown")): NOT_RUN: com.reusableComponents.HighlightElement.run(findTestObject("Objects.Logout/accountDropdown"))

2020-05-24 19:20:08 - [MESSAGE][NOT_RUN] - NOT_RUN: com.reusableComponents.HighlightElement.run(findTestObject("Objects.Logout/accountDropdown"))

2020-05-24 19:20:08 - [TEST_STEP][NOT_RUN] - click(findTestObject("Objects.Logout/accountDropdown")): NOT_RUN: click(findTestObject("Objects.Logout/accountDropdown"))

2020-05-24 19:20:08 - [MESSAGE][NOT_RUN] - NOT_RUN: click(findTestObject("Objects.Logout/accountDropdown"))

2020-05-24 19:20:08 - [TEST_STEP][NOT_RUN] - com.reusableComponents.clickUsingJS.clickUsingJS(findTestObject("Objects.Logout/accountDropdown"), 0): NOT_RUN: com.reusableComponents.clickUsingJS.clickUsingJS(findTestObject("Objects.Logout/accountDropdown"), 0)

2020-05-24 19:20:08 - [MESSAGE][NOT_RUN] - NOT_RUN: com.reusableComponents.clickUsingJS.clickUsingJS(findTestObject("Objects.Logout/accountDropdown"), 0)

2020-05-24 19:20:08 - [TEST_STEP][PASSED] - element = findWebElement(findTestObject("Objects.Logout/accountDropdown"), 30): null

2020-05-24 19:20:08 - [TEST_STEP][PASSED] - executeJavaScript("arguments[0].click()", Arrays.asList(element)): Execute JavaScript 'arguments[0].click()' successfully

2020-05-24 19:20:08 - [MESSAGE][PASSED] - Execute JavaScript 'arguments[0].click()' successfully

2020-05-24 19:20:08 - [TEST_STEP][NOT_RUN] - com.reusableComponents.HighlightElement.run(findTestObject("Objects.Logout/span_Logout")): NOT_RUN: com.reusableComponents.HighlightElement.run(findTestObject("Objects.Logout/span_Logout"))

2020-05-24 19:20:08 - [MESSAGE][NOT_RUN] - NOT_RUN: com.reusableComponents.HighlightElement.run(findTestObject("Objects.Logout/span_Logout"))

2020-05-24 19:20:08 - [TEST_STEP][PASSED] - click(findTestObject("Objects.Logout/span_Logout"), STOP_ON_FAILURE): Object: 'Object Repository/Objects.Logout/span_Logout' is clicked on

2020-05-24 19:20:14 - [MESSAGE][PASSED] - Object: 'Object Repository/Objects.Logout/span_Logout' is clicked on

2020-05-24 19:20:14 - [TEST_STEP][PASSED] - waitForPageLoad(30): Wait for page load successfully

2020-05-24 19:20:14 - [MESSAGE][PASSED] - Wait for page load successfully

2020-05-24 19:20:14 - [TEST_STEP][PASSED] - Thread.sleep(3000): null

2020-05-24 19:20:17 - [TEST_STEP][PASSED] - verifyTextPresent(LogoutPageTextToBeVerified, false): Text 'Sign in to ISPS2-PROD-Verify' is present on page 

2020-05-24 19:20:18 - [MESSAGE][PASSED] - Text 'Sign in to ISPS2-PROD-Verify' is present on page 

2020-05-24 19:20:18 - [TEST_STEP][NOT_RUN] - com.reusableComponents.HighlightElement.run(findTestObject("Objects.Logout/div_Sign in to ISPS2-PROD-Verify")): NOT_RUN: com.reusableComponents.HighlightElement.run(findTestObject("Objects.Logout/div_Sign in to ISPS2-PROD-Verify"))

2020-05-24 19:20:18 - [MESSAGE][NOT_RUN] - NOT_RUN: com.reusableComponents.HighlightElement.run(findTestObject("Objects.Logout/div_Sign in to ISPS2-PROD-Verify"))

2020-05-24 19:20:18 - [TEST_STEP][PASSED] - closeBrowser(): Browser is closed

2020-05-24 19:20:18 - [MESSAGE][PASSED] - Browser is closed

2020-05-24 19:20:18 - [MESSAGE][PASSED] - Call Test Case 'Test Cases/Components/Logout' successfully]]></system-out>
         <system-err><![CDATA[]]></system-err>
      </testcase>
      <testcase name="Test Cases/PFI Precision and Scale/PFI Test Cases/PFI.IssueStatusLHS" time="383.705" classname="Test Cases/PFI Precision and Scale/PFI Test Cases/PFI.IssueStatusLHS" status="PASSED">
         <system-out><![CDATA[2020-05-24 19:20:18 - [TEST_CASE][PASSED] - Test Cases/PFI Precision and Scale/PFI Test Cases/PFI.IssueStatusLHS: Test Cases/PFI Precision and Scale/PFI Test Cases/PFI.IssueStatusLHS

2020-05-24 19:20:18 - [TEST_STEP][PASSED] - callTestCase(findTestCase("Components/LoginV2.0"), ["LinkToBeUsed":findTestData("ISPS2 Test Data").getValue("URL", 1), "LoginPageTextToBeVerified":findTestData("ISPS2 Test Data").getValue("HomeBanner", 1), ... ], STOP_ON_FAILURE): Call Test Case 'Test Cases/Components/LoginV2.0' successfully

2020-05-24 19:20:19 - [TEST_CASE][PASSED] - Test Cases/Components/LoginV2.0: Test Cases/Components/LoginV2.0

2020-05-24 19:20:19 - [TEST_STEP][PASSED] - openBrowser(LinkToBeUsed): Browser is opened with url: 'http://10.0.2.41:3012/isps2-prod-verify/authnz/login.do'

2020-05-24 19:20:19 - [MESSAGE][INFO] - Starting 'Chrome' driver

2020-05-24 19:20:28 - [MESSAGE][PASSED] - Browser is opened with url: 'http://10.0.2.41:3012/isps2-prod-verify/authnz/login.do'

2020-05-24 19:20:28 - [TEST_STEP][PASSED] - maximizeWindow(): Current window maximized

2020-05-24 19:20:30 - [MESSAGE][PASSED] - Current window maximized

2020-05-24 19:20:30 - [TEST_STEP][PASSED] - verifyTextPresent(LoginPageTextToBeVerified, false): Text 'Sign in to ISPS2-PROD-Verify' is present on page 

2020-05-24 19:20:31 - [MESSAGE][PASSED] - Text 'Sign in to ISPS2-PROD-Verify' is present on page 

2020-05-24 19:20:31 - [TEST_STEP][PASSED] - setText(findTestObject("Objects.LoginV2.0/Login Page/input_Sign in to ISPS2-PROD-Verify_username"), Username): Text 'sysadmin' is set on object 'Object Repository/Objects.LoginV2.0/Login Page/input_Sign in to ISPS2-PROD-Verify_username'

2020-05-24 19:20:31 - [MESSAGE][PASSED] - Text 'sysadmin' is set on object 'Object Repository/Objects.LoginV2.0/Login Page/input_Sign in to ISPS2-PROD-Verify_username'

2020-05-24 19:20:31 - [TEST_STEP][PASSED] - setEncryptedText(findTestObject("Objects.LoginV2.0/Login Page/input_This field is required_password"), Password): Text ****** has been set on object 'Object Repository/Objects.LoginV2.0/Login Page/input_This field is required_password'

2020-05-24 19:20:31 - [MESSAGE][PASSED] - Text ****** has been set on object 'Object Repository/Objects.LoginV2.0/Login Page/input_This field is required_password'

2020-05-24 19:20:31 - [TEST_STEP][NOT_RUN] - setEncryptedText(findTestObject(null), Password): NOT_RUN: setEncryptedText(findTestObject(null), Password)

2020-05-24 19:20:31 - [MESSAGE][NOT_RUN] - NOT_RUN: setEncryptedText(findTestObject(null), Password)

2020-05-24 19:20:31 - [TEST_STEP][PASSED] - click(findTestObject("Objects.LoginV2.0/Login Page/div_Sign in to ISPS2-PROD-Verify_NovaGoButton-1021"), OPTIONAL): Object: 'Object Repository/Objects.LoginV2.0/Login Page/div_Sign in to ISPS2-PROD-Verify_NovaGoButton-1021' is clicked on

2020-05-24 19:20:32 - [MESSAGE][PASSED] - Object: 'Object Repository/Objects.LoginV2.0/Login Page/div_Sign in to ISPS2-PROD-Verify_NovaGoButton-1021' is clicked on

2020-05-24 19:20:32 - [TEST_STEP][PASSED] - waitForPageLoad(30): Wait for page load successfully

2020-05-24 19:20:32 - [MESSAGE][PASSED] - Wait for page load successfully

2020-05-24 19:20:32 - [TEST_STEP][PASSED] - Thread.sleep(3000): null

2020-05-24 19:20:35 - [MESSAGE][PASSED] - Call Test Case 'Test Cases/Components/LoginV2.0' successfully

2020-05-24 19:20:35 - [TEST_STEP][PASSED] - callTestCase(findTestCase("Components/NavigateToHomepageHeaders"), ["headerText":"My Tasks"], STOP_ON_FAILURE): Call Test Case 'Test Cases/Components/NavigateToHomepageHeaders' successfully

2020-05-24 19:20:35 - [TEST_CASE][PASSED] - Test Cases/Components/NavigateToHomepageHeaders: Test Cases/Components/NavigateToHomepageHeaders

2020-05-24 19:20:35 - [TEST_STEP][PASSED] - Thread.sleep(1000): null

2020-05-24 19:20:36 - [TEST_STEP][PASSED] - waitForPageLoad(30): Wait for page load successfully

2020-05-24 19:20:36 - [MESSAGE][PASSED] - Wait for page load successfully

2020-05-24 19:20:36 - [TEST_STEP][PASSED] - modifiedHeader = modifyObjectProperty(findTestObject("Objects.NavigateToHomepageHeaders/Page_ISPS2/div_Header"), "text", "equals", headerText, true): Modify property of object successfully

2020-05-24 19:20:36 - [MESSAGE][PASSED] - Modify property of object successfully

2020-05-24 19:20:36 - [TEST_STEP][PASSED] - verifyElementClickable(modifiedHeader): Object 'Object Repository/Objects.NavigateToHomepageHeaders/Page_ISPS2/div_Header' is clickable

2020-05-24 19:20:39 - [MESSAGE][PASSED] - Object 'Object Repository/Objects.NavigateToHomepageHeaders/Page_ISPS2/div_Header' is clickable

2020-05-24 19:20:39 - [TEST_STEP][PASSED] - click(modifiedHeader): Object: 'Object Repository/Objects.NavigateToHomepageHeaders/Page_ISPS2/div_Header' is clicked on

2020-05-24 19:20:40 - [MESSAGE][PASSED] - Object: 'Object Repository/Objects.NavigateToHomepageHeaders/Page_ISPS2/div_Header' is clicked on

2020-05-24 19:20:40 - [TEST_STEP][PASSED] - Thread.sleep(7000): null

2020-05-24 19:20:47 - [MESSAGE][PASSED] - Call Test Case 'Test Cases/Components/NavigateToHomepageHeaders' successfully

2020-05-24 19:20:47 - [TEST_STEP][PASSED] - callTestCase(findTestCase("Components/Filter"), ["taskDescription":"Process Case (SM)"], STOP_ON_FAILURE): Call Test Case 'Test Cases/Components/Filter' successfully

2020-05-24 19:20:47 - [TEST_CASE][PASSED] - Test Cases/Components/Filter: Test Cases/Components/Filter

2020-05-24 19:20:47 - [TEST_STEP][PASSED] - Thread.sleep(5000): null

2020-05-24 19:20:52 - [TEST_STEP][PASSED] - waitForPageLoad(180): Wait for page load successfully

2020-05-24 19:20:52 - [MESSAGE][PASSED] - Wait for page load successfully

2020-05-24 19:20:52 - [TEST_STEP][PASSED] - waitForElementNotPresent(findTestObject("Objects.Filter/Page_ISPS2/div_Loading search result Please wait"), 180): Web element with id: 'Object Repository/Objects.Filter/Page_ISPS2/div_Loading search result Please wait' located by 'By.xpath: //div[@class = 'x-mask-msg-text' and (text() = 'Loading search result. Please wait...' or . = 'Loading search result. Please wait...')]' is not present after '180' second(s)

2020-05-24 19:20:52 - [MESSAGE][PASSED] - Web element with id: 'Object Repository/Objects.Filter/Page_ISPS2/div_Loading search result Please wait' located by 'By.xpath: //div[@class = 'x-mask-msg-text' and (text() = 'Loading search result. Please wait...' or . = 'Loading search result. Please wait...')]' is not present after '180' second(s)

2020-05-24 19:20:52 - [TEST_STEP][PASSED] - click(findTestObject("Objects.Filter/Page_ISPS2/XP.Embutidooo")): Object: 'Object Repository/Objects.Filter/Page_ISPS2/XP.Embutidooo' is clicked on

2020-05-24 19:20:52 - [MESSAGE][PASSED] - Object: 'Object Repository/Objects.Filter/Page_ISPS2/XP.Embutidooo' is clicked on

2020-05-24 19:20:52 - [TEST_STEP][PASSED] - com.reusableComponents.HighlightElement.run(findTestObject("Objects.Filter/Page_ISPS2/span_Reset")): com.reusableComponents.HighlightElement.run is PASSED

2020-05-24 19:20:53 - [MESSAGE][PASSED] - com.reusableComponents.HighlightElement.run is PASSED

2020-05-24 19:20:53 - [TEST_STEP][PASSED] - click(findTestObject("Objects.Filter/Page_ISPS2/span_Reset")): Object: 'Object Repository/Objects.Filter/Page_ISPS2/span_Reset' is clicked on

2020-05-24 19:20:53 - [MESSAGE][PASSED] - Object: 'Object Repository/Objects.Filter/Page_ISPS2/span_Reset' is clicked on

2020-05-24 19:20:53 - [TEST_STEP][PASSED] - com.reusableComponents.HighlightElement.run(findTestObject("Objects.Filter/Page_ISPS2/TextBoxTaskDescription")): com.reusableComponents.HighlightElement.run is PASSED

2020-05-24 19:20:54 - [MESSAGE][PASSED] - com.reusableComponents.HighlightElement.run is PASSED

2020-05-24 19:20:54 - [TEST_STEP][PASSED] - setText(findTestObject("Objects.Filter/Page_ISPS2/TextBoxTaskDescription"), taskDescription): Text 'Process Case (SM)' is set on object 'Object Repository/Objects.Filter/Page_ISPS2/TextBoxTaskDescription'

2020-05-24 19:20:55 - [MESSAGE][PASSED] - Text 'Process Case (SM)' is set on object 'Object Repository/Objects.Filter/Page_ISPS2/TextBoxTaskDescription'

2020-05-24 19:20:55 - [TEST_STEP][PASSED] - caseType = taskDescription: null

2020-05-24 19:20:55 - [TEST_STEP][PASSED] - sendKeys(findTestObject("Objects.Filter/Page_ISPS2/TextBoxTaskDescription"), Keys.chord(ENTER)): Keys 'ENTER + ' sent to object: 'Object Repository/Objects.Filter/Page_ISPS2/TextBoxTaskDescription'

2020-05-24 19:20:55 - [MESSAGE][PASSED] - Keys 'ENTER + ' sent to object: 'Object Repository/Objects.Filter/Page_ISPS2/TextBoxTaskDescription'

2020-05-24 19:20:55 - [TEST_STEP][PASSED] - com.reusableComponents.HighlightElement.run(findTestObject("Objects.Filter/Page_ISPS2/span_Search")): com.reusableComponents.HighlightElement.run is PASSED

2020-05-24 19:20:56 - [MESSAGE][PASSED] - com.reusableComponents.HighlightElement.run is PASSED

2020-05-24 19:20:56 - [TEST_STEP][PASSED] - click(findTestObject("Objects.Filter/Page_ISPS2/span_Search")): Object: 'Object Repository/Objects.Filter/Page_ISPS2/span_Search' is clicked on

2020-05-24 19:20:56 - [MESSAGE][PASSED] - Object: 'Object Repository/Objects.Filter/Page_ISPS2/span_Search' is clicked on

2020-05-24 19:20:56 - [TEST_STEP][NOT_RUN] - verifyTextPresent("Loading search result. Please wait...", false): NOT_RUN: verifyTextPresent("Loading search result. Please wait...", false)

2020-05-24 19:20:56 - [MESSAGE][NOT_RUN] - NOT_RUN: verifyTextPresent("Loading search result. Please wait...", false)

2020-05-24 19:20:56 - [TEST_STEP][NOT_RUN] - waitForElementNotPresent(findTestObject("Objects.Filter/Page_ISPS2/div_Loading search result Please wait"), 120): NOT_RUN: waitForElementNotPresent(findTestObject("Objects.Filter/Page_ISPS2/div_Loading search result Please wait"), 120)

2020-05-24 19:20:56 - [MESSAGE][NOT_RUN] - NOT_RUN: waitForElementNotPresent(findTestObject("Objects.Filter/Page_ISPS2/div_Loading search result Please wait"), 120)

2020-05-24 19:20:56 - [TEST_STEP][PASSED] - Thread.sleep(5000): null

2020-05-24 19:21:01 - [MESSAGE][PASSED] - Call Test Case 'Test Cases/Components/Filter' successfully

2020-05-24 19:21:01 - [TEST_STEP][PASSED] - callTestCase(findTestCase("Components/ClickLinkDependingOnTextAndIndex"), ["linkName":"Process Case (SM)", "index":"3"], STOP_ON_FAILURE): Call Test Case 'Test Cases/Components/ClickLinkDependingOnTextAndIndex' successfully

2020-05-24 19:21:02 - [TEST_CASE][PASSED] - Test Cases/Components/ClickLinkDependingOnTextAndIndex: Test Cases/Components/ClickLinkDependingOnTextAndIndex

2020-05-24 19:21:02 - [TEST_STEP][PASSED] - Thread.sleep(1000): null

2020-05-24 19:21:03 - [TEST_STEP][PASSED] - println(linkName): null

2020-05-24 19:21:03 - [TEST_STEP][PASSED] - println(index): null

2020-05-24 19:21:03 - [TEST_STEP][PASSED] - modifiedLink = modifyObjectProperty(findTestObject("Objects.ClickLinkDependingOnTextAndIndex/linkToModify"), "xpath", "equals", "(//a[text()="" + linkName + ""])[" + index + "]", true): Modify property of object successfully

2020-05-24 19:21:03 - [MESSAGE][PASSED] - Modify property of object successfully

2020-05-24 19:21:03 - [TEST_STEP][PASSED] - Thread.sleep(5000): null

2020-05-24 19:21:08 - [TEST_STEP][PASSED] - com.reusableComponents.HighlightElement.run(modifiedLink): com.reusableComponents.HighlightElement.run is PASSED

2020-05-24 19:21:08 - [MESSAGE][PASSED] - com.reusableComponents.HighlightElement.run is PASSED

2020-05-24 19:21:08 - [TEST_STEP][PASSED] - click(modifiedLink): Object: 'Object Repository/Objects.ClickLinkDependingOnTextAndIndex/linkToModify' is clicked on

2020-05-24 19:21:09 - [MESSAGE][PASSED] - Object: 'Object Repository/Objects.ClickLinkDependingOnTextAndIndex/linkToModify' is clicked on

2020-05-24 19:21:09 - [MESSAGE][PASSED] - Call Test Case 'Test Cases/Components/ClickLinkDependingOnTextAndIndex' successfully

2020-05-24 19:21:09 - [TEST_STEP][PASSED] - callTestCase(findTestCase("Components/NavigateToAnyLHS"), ["LHS":"Issue Status"], STOP_ON_FAILURE): Call Test Case 'Test Cases/Components/NavigateToAnyLHS' successfully

2020-05-24 19:21:09 - [TEST_CASE][PASSED] - Test Cases/Components/NavigateToAnyLHS: Test Cases/Components/NavigateToAnyLHS

2020-05-24 19:21:09 - [TEST_STEP][PASSED] - Thread.sleep(1000): null

2020-05-24 19:21:10 - [TEST_STEP][PASSED] - modifiedLHS = modifyObjectProperty(findTestObject("Objects.NavigateToAnyLHS/Page_ISPS2/LHSToModify"), "text", "equals", LHS, true): Modify property of object successfully

2020-05-24 19:21:10 - [MESSAGE][PASSED] - Modify property of object successfully

2020-05-24 19:21:10 - [TEST_STEP][PASSED] - click(modifiedLHS): Object: 'Object Repository/Objects.NavigateToAnyLHS/Page_ISPS2/LHSToModify' is clicked on

2020-05-24 19:21:15 - [MESSAGE][PASSED] - Object: 'Object Repository/Objects.NavigateToAnyLHS/Page_ISPS2/LHSToModify' is clicked on

2020-05-24 19:21:15 - [TEST_STEP][PASSED] - currentLHS = getText(modifiedLHS): Text of object 'Object Repository/Objects.NavigateToAnyLHS/Page_ISPS2/LHSToModify' is: 'Issue Status'

2020-05-24 19:21:16 - [MESSAGE][PASSED] - Text of object 'Object Repository/Objects.NavigateToAnyLHS/Page_ISPS2/LHSToModify' is: 'Issue Status'

2020-05-24 19:21:16 - [TEST_STEP][PASSED] - Thread.sleep(5000): null

2020-05-24 19:21:21 - [MESSAGE][PASSED] - Call Test Case 'Test Cases/Components/NavigateToAnyLHS' successfully

2020-05-24 19:21:21 - [TEST_STEP][PASSED] - callTestCase(findTestCase("Components/VerifyPageIndexSuccessfullyLoaded"), ["index":2], STOP_ON_FAILURE): Call Test Case 'Test Cases/Components/VerifyPageIndexSuccessfullyLoaded' successfully

2020-05-24 19:21:21 - [TEST_CASE][PASSED] - Test Cases/Components/VerifyPageIndexSuccessfullyLoaded: Test Cases/Components/VerifyPageIndexSuccessfullyLoaded

2020-05-24 19:21:21 - [TEST_STEP][PASSED] - Thread.sleep(1000): null

2020-05-24 19:21:22 - [TEST_STEP][PASSED] - if (index == "n"): null

2020-05-24 19:21:22 - [TEST_STEP][PASSED] - else: Modify property of object successfully

2020-05-24 19:21:22 - [TEST_STEP][PASSED] - modifiedInputFld = modifyObjectProperty(findTestObject("Object Repository/Objects.VerifyPageSuccessfullyLoaded/PageHeaderIndex"), "xpath", "equals", "(//*[contains(@class,'isps-page-title-1')])[" + index + "]", true): Modify property of object successfully

2020-05-24 19:21:22 - [MESSAGE][PASSED] - Modify property of object successfully

2020-05-24 19:21:22 - [TEST_STEP][PASSED] - com.reusableComponents.HighlightElement.run(modifiedInputFld): com.reusableComponents.HighlightElement.run is PASSED

2020-05-24 19:21:24 - [MESSAGE][PASSED] - com.reusableComponents.HighlightElement.run is PASSED

2020-05-24 19:21:24 - [MESSAGE][PASSED] - Call Test Case 'Test Cases/Components/VerifyPageIndexSuccessfullyLoaded' successfully

2020-05-24 19:21:24 - [TEST_STEP][PASSED] - callTestCase(findTestCase("Components/HighlightLabelField"), ["LblName":"AO Status *:"], STOP_ON_FAILURE): Call Test Case 'Test Cases/Components/HighlightLabelField' successfully

2020-05-24 19:21:24 - [TEST_CASE][PASSED] - Test Cases/Components/HighlightLabelField: Test Cases/Components/HighlightLabelField

2020-05-24 19:21:24 - [TEST_STEP][PASSED] - Thread.sleep(1000): null

2020-05-24 19:21:25 - [TEST_STEP][PASSED] - modifiedLblNm = modifyObjectProperty(findTestObject("Objects.HighlightElements/lblField"), "text", "equals", LblName, true): Modify property of object successfully

2020-05-24 19:21:25 - [MESSAGE][PASSED] - Modify property of object successfully

2020-05-24 19:21:25 - [TEST_STEP][PASSED] - com.reusableComponents.HighlightElement.run(modifiedLblNm): com.reusableComponents.HighlightElement.run is PASSED

2020-05-24 19:21:26 - [MESSAGE][PASSED] - com.reusableComponents.HighlightElement.run is PASSED

2020-05-24 19:21:26 - [MESSAGE][PASSED] - Call Test Case 'Test Cases/Components/HighlightLabelField' successfully

2020-05-24 19:21:26 - [TEST_STEP][PASSED] - callTestCase(findTestCase("Components/HighlightInputField"), ["InputFldName":"aoStatus"], STOP_ON_FAILURE): Call Test Case 'Test Cases/Components/HighlightInputField' successfully

2020-05-24 19:21:26 - [TEST_CASE][PASSED] - Test Cases/Components/HighlightInputField: Test Cases/Components/HighlightInputField

2020-05-24 19:21:26 - [TEST_STEP][PASSED] - Thread.sleep(1000): null

2020-05-24 19:21:27 - [TEST_STEP][PASSED] - modifiedLblNm = modifyObjectProperty(findTestObject("Objects.HighlightElements/input_field"), "name", "equals", InputFldName, true): Modify property of object successfully

2020-05-24 19:21:27 - [MESSAGE][PASSED] - Modify property of object successfully

2020-05-24 19:21:27 - [TEST_STEP][PASSED] - com.reusableComponents.HighlightElement.run(modifiedLblNm): com.reusableComponents.HighlightElement.run is PASSED

2020-05-24 19:21:28 - [MESSAGE][PASSED] - com.reusableComponents.HighlightElement.run is PASSED

2020-05-24 19:21:28 - [MESSAGE][PASSED] - Call Test Case 'Test Cases/Components/HighlightInputField' successfully

2020-05-24 19:21:28 - [TEST_STEP][PASSED] - callTestCase(findTestCase("PFI Precision and Scale/PFI Components/VerifyDefaultValue"), ["FieldNm":"aoStatus"], STOP_ON_FAILURE): Call Test Case 'Test Cases/PFI Precision and Scale/PFI Components/VerifyDefaultValue' successfully

2020-05-24 19:21:28 - [TEST_CASE][PASSED] - Test Cases/PFI Precision and Scale/PFI Components/VerifyDefaultValue: Test Cases/PFI Precision and Scale/PFI Components/VerifyDefaultValue

2020-05-24 19:21:28 - [TEST_STEP][PASSED] - Thread.sleep(1000): null

2020-05-24 19:21:29 - [TEST_STEP][PASSED] - if (index == 0): Modify property of object successfully

2020-05-24 19:21:29 - [TEST_STEP][PASSED] - NewFieldNm = modifyObjectProperty(findTestObject("Objects.HighlightElements/input_field"), "name", "equals", FieldNm, true): Modify property of object successfully

2020-05-24 19:21:29 - [MESSAGE][PASSED] - Modify property of object successfully

2020-05-24 19:21:29 - [TEST_STEP][PASSED] - focus(NewFieldNm): Object: 'Object Repository/Objects.HighlightElements/input_field' is focused

2020-05-24 19:21:29 - [MESSAGE][PASSED] - Object: 'Object Repository/Objects.HighlightElements/input_field' is focused

2020-05-24 19:21:29 - [TEST_STEP][PASSED] - DefVal = getAttribute(NewFieldNm, "value", STOP_ON_FAILURE): Attribute 'value' of object 'Object Repository/Objects.HighlightElements/input_field' is: ''

2020-05-24 19:21:29 - [MESSAGE][PASSED] - Attribute 'value' of object 'Object Repository/Objects.HighlightElements/input_field' is: ''

2020-05-24 19:21:29 - [TEST_STEP][PASSED] - switch (FieldNm): null

2020-05-24 19:21:29 - [TEST_STEP][PASSED] - Default: null

2020-05-24 19:21:29 - [TEST_STEP][PASSED] - verifyMatch(DefVal, "", true): Actual text '' and expected text '' are matched  using regular expression

2020-05-24 19:21:29 - [MESSAGE][PASSED] - Actual text '' and expected text '' are matched  using regular expression

2020-05-24 19:21:29 - [TEST_STEP][PASSED] - break: null

2020-05-24 19:21:29 - [MESSAGE][PASSED] - Call Test Case 'Test Cases/PFI Precision and Scale/PFI Components/VerifyDefaultValue' successfully

2020-05-24 19:21:29 - [TEST_STEP][PASSED] - callTestCase(findTestCase("Components/HighlightLabelField"), ["LblName":"AO Notes *:"], STOP_ON_FAILURE): Call Test Case 'Test Cases/Components/HighlightLabelField' successfully

2020-05-24 19:21:29 - [TEST_CASE][PASSED] - Test Cases/Components/HighlightLabelField: Test Cases/Components/HighlightLabelField

2020-05-24 19:21:29 - [TEST_STEP][PASSED] - Thread.sleep(1000): null

2020-05-24 19:21:30 - [TEST_STEP][PASSED] - modifiedLblNm = modifyObjectProperty(findTestObject("Objects.HighlightElements/lblField"), "text", "equals", LblName, true): Modify property of object successfully

2020-05-24 19:21:30 - [MESSAGE][PASSED] - Modify property of object successfully

2020-05-24 19:21:30 - [TEST_STEP][PASSED] - com.reusableComponents.HighlightElement.run(modifiedLblNm): com.reusableComponents.HighlightElement.run is PASSED

2020-05-24 19:21:31 - [MESSAGE][PASSED] - com.reusableComponents.HighlightElement.run is PASSED

2020-05-24 19:21:31 - [MESSAGE][PASSED] - Call Test Case 'Test Cases/Components/HighlightLabelField' successfully

2020-05-24 19:21:31 - [TEST_STEP][PASSED] - callTestCase(findTestCase("Components/HighlightInputField"), ["InputFldName":"aoNotes"], STOP_ON_FAILURE): Call Test Case 'Test Cases/Components/HighlightInputField' successfully

2020-05-24 19:21:31 - [TEST_CASE][PASSED] - Test Cases/Components/HighlightInputField: Test Cases/Components/HighlightInputField

2020-05-24 19:21:31 - [TEST_STEP][PASSED] - Thread.sleep(1000): null

2020-05-24 19:21:32 - [TEST_STEP][PASSED] - modifiedLblNm = modifyObjectProperty(findTestObject("Objects.HighlightElements/input_field"), "name", "equals", InputFldName, true): Modify property of object successfully

2020-05-24 19:21:32 - [MESSAGE][PASSED] - Modify property of object successfully

2020-05-24 19:21:32 - [TEST_STEP][PASSED] - com.reusableComponents.HighlightElement.run(modifiedLblNm): com.reusableComponents.HighlightElement.run is PASSED

2020-05-24 19:21:33 - [MESSAGE][PASSED] - com.reusableComponents.HighlightElement.run is PASSED

2020-05-24 19:21:33 - [MESSAGE][PASSED] - Call Test Case 'Test Cases/Components/HighlightInputField' successfully

2020-05-24 19:21:33 - [TEST_STEP][PASSED] - callTestCase(findTestCase("PFI Precision and Scale/PFI Components/VerifyDefaultValue"), ["FieldNm":"aoNotes"], STOP_ON_FAILURE): Call Test Case 'Test Cases/PFI Precision and Scale/PFI Components/VerifyDefaultValue' successfully

2020-05-24 19:21:33 - [TEST_CASE][PASSED] - Test Cases/PFI Precision and Scale/PFI Components/VerifyDefaultValue: Test Cases/PFI Precision and Scale/PFI Components/VerifyDefaultValue

2020-05-24 19:21:33 - [TEST_STEP][PASSED] - Thread.sleep(1000): null

2020-05-24 19:21:34 - [TEST_STEP][PASSED] - if (index == 0): Modify property of object successfully

2020-05-24 19:21:34 - [TEST_STEP][PASSED] - NewFieldNm = modifyObjectProperty(findTestObject("Objects.HighlightElements/input_field"), "name", "equals", FieldNm, true): Modify property of object successfully

2020-05-24 19:21:34 - [MESSAGE][PASSED] - Modify property of object successfully

2020-05-24 19:21:34 - [TEST_STEP][PASSED] - focus(NewFieldNm): Object: 'Object Repository/Objects.HighlightElements/input_field' is focused

2020-05-24 19:21:34 - [MESSAGE][PASSED] - Object: 'Object Repository/Objects.HighlightElements/input_field' is focused

2020-05-24 19:21:34 - [TEST_STEP][PASSED] - DefVal = getAttribute(NewFieldNm, "value", STOP_ON_FAILURE): Attribute 'value' of object 'Object Repository/Objects.HighlightElements/input_field' is: ''

2020-05-24 19:21:35 - [MESSAGE][PASSED] - Attribute 'value' of object 'Object Repository/Objects.HighlightElements/input_field' is: ''

2020-05-24 19:21:35 - [TEST_STEP][PASSED] - switch (FieldNm): null

2020-05-24 19:21:35 - [TEST_STEP][PASSED] - Default: null

2020-05-24 19:21:35 - [TEST_STEP][PASSED] - verifyMatch(DefVal, "", true): Actual text '' and expected text '' are matched  using regular expression

2020-05-24 19:21:35 - [MESSAGE][PASSED] - Actual text '' and expected text '' are matched  using regular expression

2020-05-24 19:21:35 - [TEST_STEP][PASSED] - break: null

2020-05-24 19:21:35 - [MESSAGE][PASSED] - Call Test Case 'Test Cases/PFI Precision and Scale/PFI Components/VerifyDefaultValue' successfully

2020-05-24 19:21:35 - [TEST_STEP][PASSED] - callTestCase(findTestCase("Components/HighlightLabelField"), ["LblName":"Assign To *:"], STOP_ON_FAILURE): Call Test Case 'Test Cases/Components/HighlightLabelField' successfully

2020-05-24 19:21:35 - [TEST_CASE][PASSED] - Test Cases/Components/HighlightLabelField: Test Cases/Components/HighlightLabelField

2020-05-24 19:21:35 - [TEST_STEP][PASSED] - Thread.sleep(1000): null

2020-05-24 19:21:36 - [TEST_STEP][PASSED] - modifiedLblNm = modifyObjectProperty(findTestObject("Objects.HighlightElements/lblField"), "text", "equals", LblName, true): Modify property of object successfully

2020-05-24 19:21:36 - [MESSAGE][PASSED] - Modify property of object successfully

2020-05-24 19:21:36 - [TEST_STEP][PASSED] - com.reusableComponents.HighlightElement.run(modifiedLblNm): com.reusableComponents.HighlightElement.run is PASSED

2020-05-24 19:21:36 - [MESSAGE][PASSED] - com.reusableComponents.HighlightElement.run is PASSED

2020-05-24 19:21:36 - [MESSAGE][PASSED] - Call Test Case 'Test Cases/Components/HighlightLabelField' successfully

2020-05-24 19:21:36 - [TEST_STEP][PASSED] - callTestCase(findTestCase("Components/HighlightInputField"), ["InputFldName":"aoAssignTo"], STOP_ON_FAILURE): Call Test Case 'Test Cases/Components/HighlightInputField' successfully

2020-05-24 19:21:36 - [TEST_CASE][PASSED] - Test Cases/Components/HighlightInputField: Test Cases/Components/HighlightInputField

2020-05-24 19:21:36 - [TEST_STEP][PASSED] - Thread.sleep(1000): null

2020-05-24 19:21:37 - [TEST_STEP][PASSED] - modifiedLblNm = modifyObjectProperty(findTestObject("Objects.HighlightElements/input_field"), "name", "equals", InputFldName, true): Modify property of object successfully

2020-05-24 19:21:37 - [MESSAGE][PASSED] - Modify property of object successfully

2020-05-24 19:21:37 - [TEST_STEP][PASSED] - com.reusableComponents.HighlightElement.run(modifiedLblNm): com.reusableComponents.HighlightElement.run is PASSED

2020-05-24 19:21:38 - [MESSAGE][PASSED] - com.reusableComponents.HighlightElement.run is PASSED

2020-05-24 19:21:38 - [MESSAGE][PASSED] - Call Test Case 'Test Cases/Components/HighlightInputField' successfully

2020-05-24 19:21:38 - [TEST_STEP][PASSED] - callTestCase(findTestCase("PFI Precision and Scale/PFI Components/VerifyDefaultValue"), ["FieldNm":"aoAssignTo"], STOP_ON_FAILURE): Call Test Case 'Test Cases/PFI Precision and Scale/PFI Components/VerifyDefaultValue' successfully

2020-05-24 19:21:38 - [TEST_CASE][PASSED] - Test Cases/PFI Precision and Scale/PFI Components/VerifyDefaultValue: Test Cases/PFI Precision and Scale/PFI Components/VerifyDefaultValue

2020-05-24 19:21:38 - [TEST_STEP][PASSED] - Thread.sleep(1000): null

2020-05-24 19:21:39 - [TEST_STEP][PASSED] - if (index == 0): Modify property of object successfully

2020-05-24 19:21:39 - [TEST_STEP][PASSED] - NewFieldNm = modifyObjectProperty(findTestObject("Objects.HighlightElements/input_field"), "name", "equals", FieldNm, true): Modify property of object successfully

2020-05-24 19:21:39 - [MESSAGE][PASSED] - Modify property of object successfully

2020-05-24 19:21:39 - [TEST_STEP][PASSED] - focus(NewFieldNm): Object: 'Object Repository/Objects.HighlightElements/input_field' is focused

2020-05-24 19:21:39 - [MESSAGE][PASSED] - Object: 'Object Repository/Objects.HighlightElements/input_field' is focused

2020-05-24 19:21:39 - [TEST_STEP][PASSED] - DefVal = getAttribute(NewFieldNm, "value", STOP_ON_FAILURE): Attribute 'value' of object 'Object Repository/Objects.HighlightElements/input_field' is: ''

2020-05-24 19:21:40 - [MESSAGE][PASSED] - Attribute 'value' of object 'Object Repository/Objects.HighlightElements/input_field' is: ''

2020-05-24 19:21:40 - [TEST_STEP][PASSED] - switch (FieldNm): null

2020-05-24 19:21:40 - [TEST_STEP][PASSED] - Default: null

2020-05-24 19:21:40 - [TEST_STEP][PASSED] - verifyMatch(DefVal, "", true): Actual text '' and expected text '' are matched  using regular expression

2020-05-24 19:21:40 - [MESSAGE][PASSED] - Actual text '' and expected text '' are matched  using regular expression

2020-05-24 19:21:40 - [TEST_STEP][PASSED] - break: null

2020-05-24 19:21:40 - [MESSAGE][PASSED] - Call Test Case 'Test Cases/PFI Precision and Scale/PFI Components/VerifyDefaultValue' successfully

2020-05-24 19:21:40 - [TEST_STEP][PASSED] - callTestCase(findTestCase("Components/HighlightLabelField"), ["LblName":"Bldg Grp Grade Type *:"], STOP_ON_FAILURE): Call Test Case 'Test Cases/Components/HighlightLabelField' successfully

2020-05-24 19:21:40 - [TEST_CASE][PASSED] - Test Cases/Components/HighlightLabelField: Test Cases/Components/HighlightLabelField

2020-05-24 19:21:40 - [TEST_STEP][PASSED] - Thread.sleep(1000): null

2020-05-24 19:21:41 - [TEST_STEP][PASSED] - modifiedLblNm = modifyObjectProperty(findTestObject("Objects.HighlightElements/lblField"), "text", "equals", LblName, true): Modify property of object successfully

2020-05-24 19:21:41 - [MESSAGE][PASSED] - Modify property of object successfully

2020-05-24 19:21:41 - [TEST_STEP][PASSED] - com.reusableComponents.HighlightElement.run(modifiedLblNm): com.reusableComponents.HighlightElement.run is PASSED

2020-05-24 19:21:42 - [MESSAGE][PASSED] - com.reusableComponents.HighlightElement.run is PASSED

2020-05-24 19:21:42 - [MESSAGE][PASSED] - Call Test Case 'Test Cases/Components/HighlightLabelField' successfully

2020-05-24 19:21:42 - [TEST_STEP][PASSED] - callTestCase(findTestCase("Components/HighlightInputField"), ["InputFldName":"gradeType"], STOP_ON_FAILURE): Call Test Case 'Test Cases/Components/HighlightInputField' successfully

2020-05-24 19:21:42 - [TEST_CASE][PASSED] - Test Cases/Components/HighlightInputField: Test Cases/Components/HighlightInputField

2020-05-24 19:21:42 - [TEST_STEP][PASSED] - Thread.sleep(1000): null

2020-05-24 19:21:43 - [TEST_STEP][PASSED] - modifiedLblNm = modifyObjectProperty(findTestObject("Objects.HighlightElements/input_field"), "name", "equals", InputFldName, true): Modify property of object successfully

2020-05-24 19:21:43 - [MESSAGE][PASSED] - Modify property of object successfully

2020-05-24 19:21:43 - [TEST_STEP][PASSED] - com.reusableComponents.HighlightElement.run(modifiedLblNm): com.reusableComponents.HighlightElement.run is PASSED

2020-05-24 19:21:43 - [MESSAGE][PASSED] - com.reusableComponents.HighlightElement.run is PASSED

2020-05-24 19:21:43 - [MESSAGE][PASSED] - Call Test Case 'Test Cases/Components/HighlightInputField' successfully

2020-05-24 19:21:43 - [TEST_STEP][PASSED] - callTestCase(findTestCase("PFI Precision and Scale/PFI Components/VerifyDefaultValue"), ["FieldNm":"gradeType"], STOP_ON_FAILURE): Call Test Case 'Test Cases/PFI Precision and Scale/PFI Components/VerifyDefaultValue' successfully

2020-05-24 19:21:43 - [TEST_CASE][PASSED] - Test Cases/PFI Precision and Scale/PFI Components/VerifyDefaultValue: Test Cases/PFI Precision and Scale/PFI Components/VerifyDefaultValue

2020-05-24 19:21:43 - [TEST_STEP][PASSED] - Thread.sleep(1000): null

2020-05-24 19:21:44 - [TEST_STEP][PASSED] - if (index == 0): Modify property of object successfully

2020-05-24 19:21:44 - [TEST_STEP][PASSED] - NewFieldNm = modifyObjectProperty(findTestObject("Objects.HighlightElements/input_field"), "name", "equals", FieldNm, true): Modify property of object successfully

2020-05-24 19:21:44 - [MESSAGE][PASSED] - Modify property of object successfully

2020-05-24 19:21:44 - [TEST_STEP][PASSED] - focus(NewFieldNm): Object: 'Object Repository/Objects.HighlightElements/input_field' is focused

2020-05-24 19:21:45 - [MESSAGE][PASSED] - Object: 'Object Repository/Objects.HighlightElements/input_field' is focused

2020-05-24 19:21:45 - [TEST_STEP][PASSED] - DefVal = getAttribute(NewFieldNm, "value", STOP_ON_FAILURE): Attribute 'value' of object 'Object Repository/Objects.HighlightElements/input_field' is: ''

2020-05-24 19:21:45 - [MESSAGE][PASSED] - Attribute 'value' of object 'Object Repository/Objects.HighlightElements/input_field' is: ''

2020-05-24 19:21:45 - [TEST_STEP][PASSED] - switch (FieldNm): null

2020-05-24 19:21:45 - [TEST_STEP][PASSED] - Default: null

2020-05-24 19:21:45 - [TEST_STEP][PASSED] - verifyMatch(DefVal, "", true): Actual text '' and expected text '' are matched  using regular expression

2020-05-24 19:21:45 - [MESSAGE][PASSED] - Actual text '' and expected text '' are matched  using regular expression

2020-05-24 19:21:45 - [TEST_STEP][PASSED] - break: null

2020-05-24 19:21:45 - [MESSAGE][PASSED] - Call Test Case 'Test Cases/PFI Precision and Scale/PFI Components/VerifyDefaultValue' successfully

2020-05-24 19:21:45 - [TEST_STEP][PASSED] - callTestCase(findTestCase("Components/ClickBlueButtonsWithXPI"), ["Button":"Submit", "Index":3], STOP_ON_FAILURE): Call Test Case 'Test Cases/Components/ClickBlueButtonsWithXPI' successfully

2020-05-24 19:21:45 - [TEST_CASE][PASSED] - Test Cases/Components/ClickBlueButtonsWithXPI: Test Cases/Components/ClickBlueButtonsWithXPI

2020-05-24 19:21:45 - [TEST_STEP][PASSED] - Thread.sleep(1000): null

2020-05-24 19:21:46 - [TEST_STEP][PASSED] - complexlyModifiedButtonGG = modifyObjectProperty(findTestObject("Objects.ClickBlueButtonsWithXPI/span_Reset"), "xPath", "equals", "(//*[text()="" + Button + ""])[" + Index + "]", true): Modify property of object successfully

2020-05-24 19:21:46 - [MESSAGE][PASSED] - Modify property of object successfully

2020-05-24 19:21:46 - [TEST_STEP][PASSED] - click(complexlyModifiedButtonGG): Object: 'Object Repository/Objects.ClickBlueButtonsWithXPI/span_Reset' is clicked on

2020-05-24 19:21:47 - [MESSAGE][PASSED] - Object: 'Object Repository/Objects.ClickBlueButtonsWithXPI/span_Reset' is clicked on

2020-05-24 19:21:47 - [MESSAGE][PASSED] - Call Test Case 'Test Cases/Components/ClickBlueButtonsWithXPI' successfully

2020-05-24 19:21:47 - [TEST_STEP][PASSED] - callTestCase(findTestCase("PFI Precision and Scale/PFI Components/RequiredFieldValidation"), ["nameToBeUsed":"aoStatus", "index":0], STOP_ON_FAILURE): Call Test Case 'Test Cases/PFI Precision and Scale/PFI Components/RequiredFieldValidation' successfully

2020-05-24 19:21:47 - [TEST_CASE][PASSED] - Test Cases/PFI Precision and Scale/PFI Components/RequiredFieldValidation: Test Cases/PFI Precision and Scale/PFI Components/RequiredFieldValidation

2020-05-24 19:21:47 - [TEST_STEP][PASSED] - enableSmartWait(): null

2020-05-24 19:21:47 - [TEST_STEP][PASSED] - if (index == 0): Modify property of object successfully

2020-05-24 19:21:47 - [TEST_STEP][PASSED] - NewInputNmField = modifyObjectProperty(findTestObject("Objects.HighlightElements/input_field"), "name", "equals", nameToBeUsed, true): Modify property of object successfully

2020-05-24 19:21:47 - [MESSAGE][PASSED] - Modify property of object successfully

2020-05-24 19:21:47 - [TEST_STEP][PASSED] - mouseOver(NewInputNmField): Object: 'Object Repository/Objects.HighlightElements/input_field' is hovered

2020-05-24 19:21:47 - [MESSAGE][PASSED] - Object: 'Object Repository/Objects.HighlightElements/input_field' is hovered

2020-05-24 19:21:47 - [TEST_STEP][PASSED] - getRqErrMsg = getAttribute(NewInputNmField, "data-errorqtip"): Attribute 'data-errorqtip' of object 'Object Repository/Objects.HighlightElements/input_field' is: '<ul class="x-list-plain"><li>This field is required</li></ul>'

2020-05-24 19:21:48 - [MESSAGE][PASSED] - Attribute 'data-errorqtip' of object 'Object Repository/Objects.HighlightElements/input_field' is: '<ul class="x-list-plain"><li>This field is required</li></ul>'

2020-05-24 19:21:48 - [TEST_STEP][PASSED] - strToolTip = getRqErrMsg.substring(29, 61): null

2020-05-24 19:21:48 - [TEST_STEP][PASSED] - toolTipReqErrMsg = strToolTip.substring(0, 22): null

2020-05-24 19:21:48 - [TEST_STEP][PASSED] - verifyMatch(toolTipReqErrMsg, RqField, true): Actual text 'This field is required' and expected text 'This field is required' are matched  using regular expression

2020-05-24 19:21:48 - [MESSAGE][PASSED] - Actual text 'This field is required' and expected text 'This field is required' are matched  using regular expression

2020-05-24 19:21:48 - [MESSAGE][PASSED] - Call Test Case 'Test Cases/PFI Precision and Scale/PFI Components/RequiredFieldValidation' successfully

2020-05-24 19:21:48 - [TEST_STEP][PASSED] - callTestCase(findTestCase("PFI Precision and Scale/PFI Components/RequiredFieldValidation"), ["nameToBeUsed":"aoNotes", "index":0], STOP_ON_FAILURE): Call Test Case 'Test Cases/PFI Precision and Scale/PFI Components/RequiredFieldValidation' successfully

2020-05-24 19:21:48 - [TEST_CASE][PASSED] - Test Cases/PFI Precision and Scale/PFI Components/RequiredFieldValidation: Test Cases/PFI Precision and Scale/PFI Components/RequiredFieldValidation

2020-05-24 19:21:48 - [TEST_STEP][PASSED] - enableSmartWait(): null

2020-05-24 19:21:48 - [TEST_STEP][PASSED] - if (index == 0): Modify property of object successfully

2020-05-24 19:21:48 - [TEST_STEP][PASSED] - NewInputNmField = modifyObjectProperty(findTestObject("Objects.HighlightElements/input_field"), "name", "equals", nameToBeUsed, true): Modify property of object successfully

2020-05-24 19:21:48 - [MESSAGE][PASSED] - Modify property of object successfully

2020-05-24 19:21:48 - [TEST_STEP][PASSED] - mouseOver(NewInputNmField): Object: 'Object Repository/Objects.HighlightElements/input_field' is hovered

2020-05-24 19:21:49 - [MESSAGE][PASSED] - Object: 'Object Repository/Objects.HighlightElements/input_field' is hovered

2020-05-24 19:21:49 - [TEST_STEP][PASSED] - getRqErrMsg = getAttribute(NewInputNmField, "data-errorqtip"): Attribute 'data-errorqtip' of object 'Object Repository/Objects.HighlightElements/input_field' is: '<ul class="x-list-plain"><li>This field is required</li></ul>'

2020-05-24 19:21:49 - [MESSAGE][PASSED] - Attribute 'data-errorqtip' of object 'Object Repository/Objects.HighlightElements/input_field' is: '<ul class="x-list-plain"><li>This field is required</li></ul>'

2020-05-24 19:21:49 - [TEST_STEP][PASSED] - strToolTip = getRqErrMsg.substring(29, 61): null

2020-05-24 19:21:49 - [TEST_STEP][PASSED] - toolTipReqErrMsg = strToolTip.substring(0, 22): null

2020-05-24 19:21:49 - [TEST_STEP][PASSED] - verifyMatch(toolTipReqErrMsg, RqField, true): Actual text 'This field is required' and expected text 'This field is required' are matched  using regular expression

2020-05-24 19:21:49 - [MESSAGE][PASSED] - Actual text 'This field is required' and expected text 'This field is required' are matched  using regular expression

2020-05-24 19:21:49 - [MESSAGE][PASSED] - Call Test Case 'Test Cases/PFI Precision and Scale/PFI Components/RequiredFieldValidation' successfully

2020-05-24 19:21:49 - [TEST_STEP][PASSED] - callTestCase(findTestCase("PFI Precision and Scale/PFI Components/RequiredFieldValidation"), ["nameToBeUsed":"aoAssignTo", "index":0], STOP_ON_FAILURE): Call Test Case 'Test Cases/PFI Precision and Scale/PFI Components/RequiredFieldValidation' successfully

2020-05-24 19:21:49 - [TEST_CASE][PASSED] - Test Cases/PFI Precision and Scale/PFI Components/RequiredFieldValidation: Test Cases/PFI Precision and Scale/PFI Components/RequiredFieldValidation

2020-05-24 19:21:49 - [TEST_STEP][PASSED] - enableSmartWait(): null

2020-05-24 19:21:49 - [TEST_STEP][PASSED] - if (index == 0): Modify property of object successfully

2020-05-24 19:21:49 - [TEST_STEP][PASSED] - NewInputNmField = modifyObjectProperty(findTestObject("Objects.HighlightElements/input_field"), "name", "equals", nameToBeUsed, true): Modify property of object successfully

2020-05-24 19:21:49 - [MESSAGE][PASSED] - Modify property of object successfully

2020-05-24 19:21:49 - [TEST_STEP][PASSED] - mouseOver(NewInputNmField): Object: 'Object Repository/Objects.HighlightElements/input_field' is hovered

2020-05-24 19:21:49 - [MESSAGE][PASSED] - Object: 'Object Repository/Objects.HighlightElements/input_field' is hovered

2020-05-24 19:21:49 - [TEST_STEP][PASSED] - getRqErrMsg = getAttribute(NewInputNmField, "data-errorqtip"): Attribute 'data-errorqtip' of object 'Object Repository/Objects.HighlightElements/input_field' is: '<ul class="x-list-plain"><li>This field is required</li></ul>'

2020-05-24 19:21:50 - [MESSAGE][PASSED] - Attribute 'data-errorqtip' of object 'Object Repository/Objects.HighlightElements/input_field' is: '<ul class="x-list-plain"><li>This field is required</li></ul>'

2020-05-24 19:21:50 - [TEST_STEP][PASSED] - strToolTip = getRqErrMsg.substring(29, 61): null

2020-05-24 19:21:50 - [TEST_STEP][PASSED] - toolTipReqErrMsg = strToolTip.substring(0, 22): null

2020-05-24 19:21:50 - [TEST_STEP][PASSED] - verifyMatch(toolTipReqErrMsg, RqField, true): Actual text 'This field is required' and expected text 'This field is required' are matched  using regular expression

2020-05-24 19:21:50 - [MESSAGE][PASSED] - Actual text 'This field is required' and expected text 'This field is required' are matched  using regular expression

2020-05-24 19:21:50 - [MESSAGE][PASSED] - Call Test Case 'Test Cases/PFI Precision and Scale/PFI Components/RequiredFieldValidation' successfully

2020-05-24 19:21:50 - [TEST_STEP][PASSED] - callTestCase(findTestCase("PFI Precision and Scale/PFI Components/RequiredFieldValidation"), ["nameToBeUsed":"gradeType", "index":0], STOP_ON_FAILURE): Call Test Case 'Test Cases/PFI Precision and Scale/PFI Components/RequiredFieldValidation' successfully

2020-05-24 19:21:50 - [TEST_CASE][PASSED] - Test Cases/PFI Precision and Scale/PFI Components/RequiredFieldValidation: Test Cases/PFI Precision and Scale/PFI Components/RequiredFieldValidation

2020-05-24 19:21:50 - [TEST_STEP][PASSED] - enableSmartWait(): null

2020-05-24 19:21:50 - [TEST_STEP][PASSED] - if (index == 0): Modify property of object successfully

2020-05-24 19:21:50 - [TEST_STEP][PASSED] - NewInputNmField = modifyObjectProperty(findTestObject("Objects.HighlightElements/input_field"), "name", "equals", nameToBeUsed, true): Modify property of object successfully

2020-05-24 19:21:50 - [MESSAGE][PASSED] - Modify property of object successfully

2020-05-24 19:21:50 - [TEST_STEP][PASSED] - mouseOver(NewInputNmField): Object: 'Object Repository/Objects.HighlightElements/input_field' is hovered

2020-05-24 19:21:50 - [MESSAGE][PASSED] - Object: 'Object Repository/Objects.HighlightElements/input_field' is hovered

2020-05-24 19:21:50 - [TEST_STEP][PASSED] - getRqErrMsg = getAttribute(NewInputNmField, "data-errorqtip"): Attribute 'data-errorqtip' of object 'Object Repository/Objects.HighlightElements/input_field' is: '<ul class="x-list-plain"><li>This field is required</li></ul>'

2020-05-24 19:21:51 - [MESSAGE][PASSED] - Attribute 'data-errorqtip' of object 'Object Repository/Objects.HighlightElements/input_field' is: '<ul class="x-list-plain"><li>This field is required</li></ul>'

2020-05-24 19:21:51 - [TEST_STEP][PASSED] - strToolTip = getRqErrMsg.substring(29, 61): null

2020-05-24 19:21:51 - [TEST_STEP][PASSED] - toolTipReqErrMsg = strToolTip.substring(0, 22): null

2020-05-24 19:21:51 - [TEST_STEP][PASSED] - verifyMatch(toolTipReqErrMsg, RqField, true): Actual text 'This field is required' and expected text 'This field is required' are matched  using regular expression

2020-05-24 19:21:51 - [MESSAGE][PASSED] - Actual text 'This field is required' and expected text 'This field is required' are matched  using regular expression

2020-05-24 19:21:51 - [MESSAGE][PASSED] - Call Test Case 'Test Cases/PFI Precision and Scale/PFI Components/RequiredFieldValidation' successfully

2020-05-24 19:21:51 - [TEST_STEP][PASSED] - callTestCase(findTestCase("PFI Precision and Scale/PFI Components/VerifyDropdownValues"), ["FldNm":"aoStatus", "index":0, "CallTCName":"PFI Precision and Scale/PFI Components/ConstantHashMap", "NoOfVal":10, "DelayTime":5, ... ], STOP_ON_FAILURE): Call Test Case 'Test Cases/PFI Precision and Scale/PFI Components/VerifyDropdownValues' successfully

2020-05-24 19:21:51 - [TEST_CASE][PASSED] - Test Cases/PFI Precision and Scale/PFI Components/VerifyDropdownValues: Test Cases/PFI Precision and Scale/PFI Components/VerifyDropdownValues

2020-05-24 19:21:51 - [TEST_STEP][PASSED] - Thread.sleep(1000): null

2020-05-24 19:21:52 - [TEST_STEP][PASSED] - if (index == 0): Modify property of object successfully

2020-05-24 19:21:52 - [TEST_STEP][PASSED] - NewInputNmField = modifyObjectProperty(findTestObject("Objects.HighlightElements/input_field"), "name", "equals", FldNm, true): Modify property of object successfully

2020-05-24 19:21:52 - [MESSAGE][PASSED] - Modify property of object successfully

2020-05-24 19:21:52 - [TEST_STEP][PASSED] - if (FldNm == "NovaComboBox"): null

2020-05-24 19:21:52 - [TEST_STEP][PASSED] - comboNm = cmbNm: null

2020-05-24 19:21:52 - [TEST_STEP][PASSED] - focus(NewInputNmField): Object: 'Object Repository/Objects.HighlightElements/input_field' is focused

2020-05-24 19:21:52 - [MESSAGE][PASSED] - Object: 'Object Repository/Objects.HighlightElements/input_field' is focused

2020-05-24 19:21:52 - [TEST_STEP][PASSED] - setText(NewInputNmField, EnterValue): Text ''T2'' is set on object 'Object Repository/Objects.HighlightElements/input_field'

2020-05-24 19:21:52 - [MESSAGE][PASSED] - Text ''T2'' is set on object 'Object Repository/Objects.HighlightElements/input_field'

2020-05-24 19:21:52 - [TEST_STEP][PASSED] - for ([i = 1, i <= NoOfVal, (i++)]): Keys 'DOWN + ' sent to object: 'Object Repository/Objects.HighlightElements/input_field'

2020-05-24 19:21:52 - [TEST_STEP][PASSED] - sendKeys(NewInputNmField, Keys.chord(ARROW_DOWN)): Keys 'DOWN + ' sent to object: 'Object Repository/Objects.HighlightElements/input_field'

2020-05-24 19:21:53 - [MESSAGE][PASSED] - Keys 'DOWN + ' sent to object: 'Object Repository/Objects.HighlightElements/input_field'

2020-05-24 19:21:53 - [TEST_STEP][PASSED] - delay(DelayTime): Delayed 5 second(s)

2020-05-24 19:21:58 - [MESSAGE][PASSED] - Delayed 5 second(s)

2020-05-24 19:21:58 - [TEST_STEP][PASSED] - sendKeys(NewInputNmField, Keys.chord(ENTER)): Keys 'ENTER + ' sent to object: 'Object Repository/Objects.HighlightElements/input_field'

2020-05-24 19:21:58 - [MESSAGE][PASSED] - Keys 'ENTER + ' sent to object: 'Object Repository/Objects.HighlightElements/input_field'

2020-05-24 19:21:58 - [TEST_STEP][PASSED] - ComboBoxValue = getAttribute(NewInputNmField, "value"): Attribute 'value' of object 'Object Repository/Objects.HighlightElements/input_field' is: ''T2''

2020-05-24 19:21:59 - [MESSAGE][PASSED] - Attribute 'value' of object 'Object Repository/Objects.HighlightElements/input_field' is: ''T2''

2020-05-24 19:21:59 - [TEST_STEP][PASSED] - callTestCase(findTestCase(CallTCName), ["FindValue":ComboBoxValue, "DropdownNm":comboNm], STOP_ON_FAILURE): Call Test Case 'Test Cases/PFI Precision and Scale/PFI Components/ConstantHashMap' successfully

2020-05-24 19:21:59 - [TEST_CASE][PASSED] - Test Cases/PFI Precision and Scale/PFI Components/ConstantHashMap: Test Cases/PFI Precision and Scale/PFI Components/ConstantHashMap

2020-05-24 19:21:59 - [TEST_STEP][PASSED] - ConstantTBL = [1:["PeriodType":"Working Day(s)"], 2:["PeriodType":"Calendar Day(s)"], 3:["PeriodType":"Month(s)"], 4:["TypeOfLetter":"T1"], ... ]: null

2020-05-24 19:21:59 - [TEST_STEP][PASSED] - switch (DropdownNm): null

2020-05-24 19:21:59 - [TEST_STEP][PASSED] - case "AOStatus":: null

2020-05-24 19:21:59 - [TEST_STEP][PASSED] - ValueFound = ConstantTBL.find({ -> ... }): null

2020-05-24 19:21:59 - [TEST_STEP][PASSED] - break: null

2020-05-24 19:21:59 - [MESSAGE][PASSED] - Call Test Case 'Test Cases/PFI Precision and Scale/PFI Components/ConstantHashMap' successfully

2020-05-24 19:21:59 - [TEST_STEP][PASSED] - println(ValueFound): null

2020-05-24 19:21:59 - [TEST_STEP][PASSED] - sendKeys(NewInputNmField, Keys.chord(ARROW_DOWN)): Keys 'DOWN + ' sent to object: 'Object Repository/Objects.HighlightElements/input_field'

2020-05-24 19:21:59 - [MESSAGE][PASSED] - Keys 'DOWN + ' sent to object: 'Object Repository/Objects.HighlightElements/input_field'

2020-05-24 19:21:59 - [TEST_STEP][PASSED] - sendKeys(NewInputNmField, Keys.chord(ARROW_DOWN)): Keys 'DOWN + ' sent to object: 'Object Repository/Objects.HighlightElements/input_field'

2020-05-24 19:21:59 - [MESSAGE][PASSED] - Keys 'DOWN + ' sent to object: 'Object Repository/Objects.HighlightElements/input_field'

2020-05-24 19:21:59 - [TEST_STEP][PASSED] - delay(DelayTime): Delayed 5 second(s)

2020-05-24 19:22:04 - [MESSAGE][PASSED] - Delayed 5 second(s)

2020-05-24 19:22:04 - [TEST_STEP][PASSED] - sendKeys(NewInputNmField, Keys.chord(ENTER)): Keys 'ENTER + ' sent to object: 'Object Repository/Objects.HighlightElements/input_field'

2020-05-24 19:22:05 - [MESSAGE][PASSED] - Keys 'ENTER + ' sent to object: 'Object Repository/Objects.HighlightElements/input_field'

2020-05-24 19:22:05 - [TEST_STEP][PASSED] - ComboBoxValue = getAttribute(NewInputNmField, "value"): Attribute 'value' of object 'Object Repository/Objects.HighlightElements/input_field' is: ''T3''

2020-05-24 19:22:05 - [MESSAGE][PASSED] - Attribute 'value' of object 'Object Repository/Objects.HighlightElements/input_field' is: ''T3''

2020-05-24 19:22:05 - [TEST_STEP][PASSED] - callTestCase(findTestCase(CallTCName), ["FindValue":ComboBoxValue, "DropdownNm":comboNm], STOP_ON_FAILURE): Call Test Case 'Test Cases/PFI Precision and Scale/PFI Components/ConstantHashMap' successfully

2020-05-24 19:22:05 - [TEST_CASE][PASSED] - Test Cases/PFI Precision and Scale/PFI Components/ConstantHashMap: Test Cases/PFI Precision and Scale/PFI Components/ConstantHashMap

2020-05-24 19:22:05 - [TEST_STEP][PASSED] - ConstantTBL = [1:["PeriodType":"Working Day(s)"], 2:["PeriodType":"Calendar Day(s)"], 3:["PeriodType":"Month(s)"], 4:["TypeOfLetter":"T1"], ... ]: null

2020-05-24 19:22:05 - [TEST_STEP][PASSED] - switch (DropdownNm): null

2020-05-24 19:22:05 - [TEST_STEP][PASSED] - case "AOStatus":: null

2020-05-24 19:22:05 - [TEST_STEP][PASSED] - ValueFound = ConstantTBL.find({ -> ... }): null

2020-05-24 19:22:05 - [TEST_STEP][PASSED] - break: null

2020-05-24 19:22:05 - [MESSAGE][PASSED] - Call Test Case 'Test Cases/PFI Precision and Scale/PFI Components/ConstantHashMap' successfully

2020-05-24 19:22:05 - [TEST_STEP][PASSED] - println(ValueFound): null

2020-05-24 19:22:05 - [TEST_STEP][PASSED] - sendKeys(NewInputNmField, Keys.chord(ARROW_DOWN)): Keys 'DOWN + ' sent to object: 'Object Repository/Objects.HighlightElements/input_field'

2020-05-24 19:22:05 - [MESSAGE][PASSED] - Keys 'DOWN + ' sent to object: 'Object Repository/Objects.HighlightElements/input_field'

2020-05-24 19:22:05 - [TEST_STEP][PASSED] - sendKeys(NewInputNmField, Keys.chord(ARROW_DOWN)): Keys 'DOWN + ' sent to object: 'Object Repository/Objects.HighlightElements/input_field'

2020-05-24 19:22:06 - [MESSAGE][PASSED] - Keys 'DOWN + ' sent to object: 'Object Repository/Objects.HighlightElements/input_field'

2020-05-24 19:22:06 - [TEST_STEP][PASSED] - delay(DelayTime): Delayed 5 second(s)

2020-05-24 19:22:11 - [MESSAGE][PASSED] - Delayed 5 second(s)

2020-05-24 19:22:11 - [TEST_STEP][PASSED] - sendKeys(NewInputNmField, Keys.chord(ENTER)): Keys 'ENTER + ' sent to object: 'Object Repository/Objects.HighlightElements/input_field'

2020-05-24 19:22:11 - [MESSAGE][PASSED] - Keys 'ENTER + ' sent to object: 'Object Repository/Objects.HighlightElements/input_field'

2020-05-24 19:22:11 - [TEST_STEP][PASSED] - ComboBoxValue = getAttribute(NewInputNmField, "value"): Attribute 'value' of object 'Object Repository/Objects.HighlightElements/input_field' is: ''T7''

2020-05-24 19:22:12 - [MESSAGE][PASSED] - Attribute 'value' of object 'Object Repository/Objects.HighlightElements/input_field' is: ''T7''

2020-05-24 19:22:12 - [TEST_STEP][PASSED] - callTestCase(findTestCase(CallTCName), ["FindValue":ComboBoxValue, "DropdownNm":comboNm], STOP_ON_FAILURE): Call Test Case 'Test Cases/PFI Precision and Scale/PFI Components/ConstantHashMap' successfully

2020-05-24 19:22:12 - [TEST_CASE][PASSED] - Test Cases/PFI Precision and Scale/PFI Components/ConstantHashMap: Test Cases/PFI Precision and Scale/PFI Components/ConstantHashMap

2020-05-24 19:22:12 - [TEST_STEP][PASSED] - ConstantTBL = [1:["PeriodType":"Working Day(s)"], 2:["PeriodType":"Calendar Day(s)"], 3:["PeriodType":"Month(s)"], 4:["TypeOfLetter":"T1"], ... ]: null

2020-05-24 19:22:12 - [TEST_STEP][PASSED] - switch (DropdownNm): null

2020-05-24 19:22:12 - [TEST_STEP][PASSED] - case "AOStatus":: null

2020-05-24 19:22:12 - [TEST_STEP][PASSED] - ValueFound = ConstantTBL.find({ -> ... }): null

2020-05-24 19:22:12 - [TEST_STEP][PASSED] - break: null

2020-05-24 19:22:12 - [MESSAGE][PASSED] - Call Test Case 'Test Cases/PFI Precision and Scale/PFI Components/ConstantHashMap' successfully

2020-05-24 19:22:12 - [TEST_STEP][PASSED] - println(ValueFound): null

2020-05-24 19:22:12 - [TEST_STEP][PASSED] - sendKeys(NewInputNmField, Keys.chord(ARROW_DOWN)): Keys 'DOWN + ' sent to object: 'Object Repository/Objects.HighlightElements/input_field'

2020-05-24 19:22:12 - [MESSAGE][PASSED] - Keys 'DOWN + ' sent to object: 'Object Repository/Objects.HighlightElements/input_field'

2020-05-24 19:22:12 - [TEST_STEP][PASSED] - sendKeys(NewInputNmField, Keys.chord(ARROW_DOWN)): Keys 'DOWN + ' sent to object: 'Object Repository/Objects.HighlightElements/input_field'

2020-05-24 19:22:12 - [MESSAGE][PASSED] - Keys 'DOWN + ' sent to object: 'Object Repository/Objects.HighlightElements/input_field'

2020-05-24 19:22:12 - [TEST_STEP][PASSED] - delay(DelayTime): Delayed 5 second(s)

2020-05-24 19:22:17 - [MESSAGE][PASSED] - Delayed 5 second(s)

2020-05-24 19:22:17 - [TEST_STEP][PASSED] - sendKeys(NewInputNmField, Keys.chord(ENTER)): Keys 'ENTER + ' sent to object: 'Object Repository/Objects.HighlightElements/input_field'

2020-05-24 19:22:18 - [MESSAGE][PASSED] - Keys 'ENTER + ' sent to object: 'Object Repository/Objects.HighlightElements/input_field'

2020-05-24 19:22:18 - [TEST_STEP][PASSED] - ComboBoxValue = getAttribute(NewInputNmField, "value"): Attribute 'value' of object 'Object Repository/Objects.HighlightElements/input_field' is: ''T7''

2020-05-24 19:22:18 - [MESSAGE][PASSED] - Attribute 'value' of object 'Object Repository/Objects.HighlightElements/input_field' is: ''T7''

2020-05-24 19:22:18 - [TEST_STEP][PASSED] - callTestCase(findTestCase(CallTCName), ["FindValue":ComboBoxValue, "DropdownNm":comboNm], STOP_ON_FAILURE): Call Test Case 'Test Cases/PFI Precision and Scale/PFI Components/ConstantHashMap' successfully

2020-05-24 19:22:18 - [TEST_CASE][PASSED] - Test Cases/PFI Precision and Scale/PFI Components/ConstantHashMap: Test Cases/PFI Precision and Scale/PFI Components/ConstantHashMap

2020-05-24 19:22:18 - [TEST_STEP][PASSED] - ConstantTBL = [1:["PeriodType":"Working Day(s)"], 2:["PeriodType":"Calendar Day(s)"], 3:["PeriodType":"Month(s)"], 4:["TypeOfLetter":"T1"], ... ]: null

2020-05-24 19:22:18 - [TEST_STEP][PASSED] - switch (DropdownNm): null

2020-05-24 19:22:18 - [TEST_STEP][PASSED] - case "AOStatus":: null

2020-05-24 19:22:18 - [TEST_STEP][PASSED] - ValueFound = ConstantTBL.find({ -> ... }): null

2020-05-24 19:22:18 - [TEST_STEP][PASSED] - break: null

2020-05-24 19:22:18 - [MESSAGE][PASSED] - Call Test Case 'Test Cases/PFI Precision and Scale/PFI Components/ConstantHashMap' successfully

2020-05-24 19:22:18 - [TEST_STEP][PASSED] - println(ValueFound): null

2020-05-24 19:22:18 - [TEST_STEP][PASSED] - sendKeys(NewInputNmField, Keys.chord(ARROW_DOWN)): Keys 'DOWN + ' sent to object: 'Object Repository/Objects.HighlightElements/input_field'

2020-05-24 19:22:18 - [MESSAGE][PASSED] - Keys 'DOWN + ' sent to object: 'Object Repository/Objects.HighlightElements/input_field'

2020-05-24 19:22:18 - [TEST_STEP][PASSED] - sendKeys(NewInputNmField, Keys.chord(ARROW_DOWN)): Keys 'DOWN + ' sent to object: 'Object Repository/Objects.HighlightElements/input_field'

2020-05-24 19:22:19 - [MESSAGE][PASSED] - Keys 'DOWN + ' sent to object: 'Object Repository/Objects.HighlightElements/input_field'

2020-05-24 19:22:19 - [TEST_STEP][PASSED] - delay(DelayTime): Delayed 5 second(s)

2020-05-24 19:22:24 - [MESSAGE][PASSED] - Delayed 5 second(s)

2020-05-24 19:22:24 - [TEST_STEP][PASSED] - sendKeys(NewInputNmField, Keys.chord(ENTER)): Keys 'ENTER + ' sent to object: 'Object Repository/Objects.HighlightElements/input_field'

2020-05-24 19:22:24 - [MESSAGE][PASSED] - Keys 'ENTER + ' sent to object: 'Object Repository/Objects.HighlightElements/input_field'

2020-05-24 19:22:24 - [TEST_STEP][PASSED] - ComboBoxValue = getAttribute(NewInputNmField, "value"): Attribute 'value' of object 'Object Repository/Objects.HighlightElements/input_field' is: ''T7''

2020-05-24 19:22:24 - [MESSAGE][PASSED] - Attribute 'value' of object 'Object Repository/Objects.HighlightElements/input_field' is: ''T7''

2020-05-24 19:22:24 - [TEST_STEP][PASSED] - callTestCase(findTestCase(CallTCName), ["FindValue":ComboBoxValue, "DropdownNm":comboNm], STOP_ON_FAILURE): Call Test Case 'Test Cases/PFI Precision and Scale/PFI Components/ConstantHashMap' successfully

2020-05-24 19:22:24 - [TEST_CASE][PASSED] - Test Cases/PFI Precision and Scale/PFI Components/ConstantHashMap: Test Cases/PFI Precision and Scale/PFI Components/ConstantHashMap

2020-05-24 19:22:24 - [TEST_STEP][PASSED] - ConstantTBL = [1:["PeriodType":"Working Day(s)"], 2:["PeriodType":"Calendar Day(s)"], 3:["PeriodType":"Month(s)"], 4:["TypeOfLetter":"T1"], ... ]: null

2020-05-24 19:22:24 - [TEST_STEP][PASSED] - switch (DropdownNm): null

2020-05-24 19:22:24 - [TEST_STEP][PASSED] - case "AOStatus":: null

2020-05-24 19:22:24 - [TEST_STEP][PASSED] - ValueFound = ConstantTBL.find({ -> ... }): null

2020-05-24 19:22:24 - [TEST_STEP][PASSED] - break: null

2020-05-24 19:22:24 - [MESSAGE][PASSED] - Call Test Case 'Test Cases/PFI Precision and Scale/PFI Components/ConstantHashMap' successfully

2020-05-24 19:22:24 - [TEST_STEP][PASSED] - println(ValueFound): null

2020-05-24 19:22:24 - [TEST_STEP][PASSED] - sendKeys(NewInputNmField, Keys.chord(ARROW_DOWN)): Keys 'DOWN + ' sent to object: 'Object Repository/Objects.HighlightElements/input_field'

2020-05-24 19:22:25 - [MESSAGE][PASSED] - Keys 'DOWN + ' sent to object: 'Object Repository/Objects.HighlightElements/input_field'

2020-05-24 19:22:25 - [TEST_STEP][PASSED] - sendKeys(NewInputNmField, Keys.chord(ARROW_DOWN)): Keys 'DOWN + ' sent to object: 'Object Repository/Objects.HighlightElements/input_field'

2020-05-24 19:22:25 - [MESSAGE][PASSED] - Keys 'DOWN + ' sent to object: 'Object Repository/Objects.HighlightElements/input_field'

2020-05-24 19:22:25 - [TEST_STEP][PASSED] - delay(DelayTime): Delayed 5 second(s)

2020-05-24 19:22:30 - [MESSAGE][PASSED] - Delayed 5 second(s)

2020-05-24 19:22:30 - [TEST_STEP][PASSED] - sendKeys(NewInputNmField, Keys.chord(ENTER)): Keys 'ENTER + ' sent to object: 'Object Repository/Objects.HighlightElements/input_field'

2020-05-24 19:22:30 - [MESSAGE][PASSED] - Keys 'ENTER + ' sent to object: 'Object Repository/Objects.HighlightElements/input_field'

2020-05-24 19:22:30 - [TEST_STEP][PASSED] - ComboBoxValue = getAttribute(NewInputNmField, "value"): Attribute 'value' of object 'Object Repository/Objects.HighlightElements/input_field' is: ''T7''

2020-05-24 19:22:31 - [MESSAGE][PASSED] - Attribute 'value' of object 'Object Repository/Objects.HighlightElements/input_field' is: ''T7''

2020-05-24 19:22:31 - [TEST_STEP][PASSED] - callTestCase(findTestCase(CallTCName), ["FindValue":ComboBoxValue, "DropdownNm":comboNm], STOP_ON_FAILURE): Call Test Case 'Test Cases/PFI Precision and Scale/PFI Components/ConstantHashMap' successfully

2020-05-24 19:22:31 - [TEST_CASE][PASSED] - Test Cases/PFI Precision and Scale/PFI Components/ConstantHashMap: Test Cases/PFI Precision and Scale/PFI Components/ConstantHashMap

2020-05-24 19:22:31 - [TEST_STEP][PASSED] - ConstantTBL = [1:["PeriodType":"Working Day(s)"], 2:["PeriodType":"Calendar Day(s)"], 3:["PeriodType":"Month(s)"], 4:["TypeOfLetter":"T1"], ... ]: null

2020-05-24 19:22:31 - [TEST_STEP][PASSED] - switch (DropdownNm): null

2020-05-24 19:22:31 - [TEST_STEP][PASSED] - case "AOStatus":: null

2020-05-24 19:22:31 - [TEST_STEP][PASSED] - ValueFound = ConstantTBL.find({ -> ... }): null

2020-05-24 19:22:31 - [TEST_STEP][PASSED] - break: null

2020-05-24 19:22:31 - [MESSAGE][PASSED] - Call Test Case 'Test Cases/PFI Precision and Scale/PFI Components/ConstantHashMap' successfully

2020-05-24 19:22:31 - [TEST_STEP][PASSED] - println(ValueFound): null

2020-05-24 19:22:31 - [TEST_STEP][PASSED] - sendKeys(NewInputNmField, Keys.chord(ARROW_DOWN)): Keys 'DOWN + ' sent to object: 'Object Repository/Objects.HighlightElements/input_field'

2020-05-24 19:22:31 - [MESSAGE][PASSED] - Keys 'DOWN + ' sent to object: 'Object Repository/Objects.HighlightElements/input_field'

2020-05-24 19:22:31 - [TEST_STEP][PASSED] - sendKeys(NewInputNmField, Keys.chord(ARROW_DOWN)): Keys 'DOWN + ' sent to object: 'Object Repository/Objects.HighlightElements/input_field'

2020-05-24 19:22:31 - [MESSAGE][PASSED] - Keys 'DOWN + ' sent to object: 'Object Repository/Objects.HighlightElements/input_field'

2020-05-24 19:22:31 - [TEST_STEP][PASSED] - delay(DelayTime): Delayed 5 second(s)

2020-05-24 19:22:36 - [MESSAGE][PASSED] - Delayed 5 second(s)

2020-05-24 19:22:36 - [TEST_STEP][PASSED] - sendKeys(NewInputNmField, Keys.chord(ENTER)): Keys 'ENTER + ' sent to object: 'Object Repository/Objects.HighlightElements/input_field'

2020-05-24 19:22:37 - [MESSAGE][PASSED] - Keys 'ENTER + ' sent to object: 'Object Repository/Objects.HighlightElements/input_field'

2020-05-24 19:22:37 - [TEST_STEP][PASSED] - ComboBoxValue = getAttribute(NewInputNmField, "value"): Attribute 'value' of object 'Object Repository/Objects.HighlightElements/input_field' is: ''T7''

2020-05-24 19:22:37 - [MESSAGE][PASSED] - Attribute 'value' of object 'Object Repository/Objects.HighlightElements/input_field' is: ''T7''

2020-05-24 19:22:37 - [TEST_STEP][PASSED] - callTestCase(findTestCase(CallTCName), ["FindValue":ComboBoxValue, "DropdownNm":comboNm], STOP_ON_FAILURE): Call Test Case 'Test Cases/PFI Precision and Scale/PFI Components/ConstantHashMap' successfully

2020-05-24 19:22:37 - [TEST_CASE][PASSED] - Test Cases/PFI Precision and Scale/PFI Components/ConstantHashMap: Test Cases/PFI Precision and Scale/PFI Components/ConstantHashMap

2020-05-24 19:22:37 - [TEST_STEP][PASSED] - ConstantTBL = [1:["PeriodType":"Working Day(s)"], 2:["PeriodType":"Calendar Day(s)"], 3:["PeriodType":"Month(s)"], 4:["TypeOfLetter":"T1"], ... ]: null

2020-05-24 19:22:37 - [TEST_STEP][PASSED] - switch (DropdownNm): null

2020-05-24 19:22:37 - [TEST_STEP][PASSED] - case "AOStatus":: null

2020-05-24 19:22:37 - [TEST_STEP][PASSED] - ValueFound = ConstantTBL.find({ -> ... }): null

2020-05-24 19:22:37 - [TEST_STEP][PASSED] - break: null

2020-05-24 19:22:37 - [MESSAGE][PASSED] - Call Test Case 'Test Cases/PFI Precision and Scale/PFI Components/ConstantHashMap' successfully

2020-05-24 19:22:37 - [TEST_STEP][PASSED] - println(ValueFound): null

2020-05-24 19:22:37 - [TEST_STEP][PASSED] - sendKeys(NewInputNmField, Keys.chord(ARROW_DOWN)): Keys 'DOWN + ' sent to object: 'Object Repository/Objects.HighlightElements/input_field'

2020-05-24 19:22:37 - [MESSAGE][PASSED] - Keys 'DOWN + ' sent to object: 'Object Repository/Objects.HighlightElements/input_field'

2020-05-24 19:22:37 - [TEST_STEP][PASSED] - sendKeys(NewInputNmField, Keys.chord(ARROW_DOWN)): Keys 'DOWN + ' sent to object: 'Object Repository/Objects.HighlightElements/input_field'

2020-05-24 19:22:38 - [MESSAGE][PASSED] - Keys 'DOWN + ' sent to object: 'Object Repository/Objects.HighlightElements/input_field'

2020-05-24 19:22:38 - [TEST_STEP][PASSED] - delay(DelayTime): Delayed 5 second(s)

2020-05-24 19:22:43 - [MESSAGE][PASSED] - Delayed 5 second(s)

2020-05-24 19:22:43 - [TEST_STEP][PASSED] - sendKeys(NewInputNmField, Keys.chord(ENTER)): Keys 'ENTER + ' sent to object: 'Object Repository/Objects.HighlightElements/input_field'

2020-05-24 19:22:43 - [MESSAGE][PASSED] - Keys 'ENTER + ' sent to object: 'Object Repository/Objects.HighlightElements/input_field'

2020-05-24 19:22:43 - [TEST_STEP][PASSED] - ComboBoxValue = getAttribute(NewInputNmField, "value"): Attribute 'value' of object 'Object Repository/Objects.HighlightElements/input_field' is: ''T7''

2020-05-24 19:22:43 - [MESSAGE][PASSED] - Attribute 'value' of object 'Object Repository/Objects.HighlightElements/input_field' is: ''T7''

2020-05-24 19:22:43 - [TEST_STEP][PASSED] - callTestCase(findTestCase(CallTCName), ["FindValue":ComboBoxValue, "DropdownNm":comboNm], STOP_ON_FAILURE): Call Test Case 'Test Cases/PFI Precision and Scale/PFI Components/ConstantHashMap' successfully

2020-05-24 19:22:43 - [TEST_CASE][PASSED] - Test Cases/PFI Precision and Scale/PFI Components/ConstantHashMap: Test Cases/PFI Precision and Scale/PFI Components/ConstantHashMap

2020-05-24 19:22:43 - [TEST_STEP][PASSED] - ConstantTBL = [1:["PeriodType":"Working Day(s)"], 2:["PeriodType":"Calendar Day(s)"], 3:["PeriodType":"Month(s)"], 4:["TypeOfLetter":"T1"], ... ]: null

2020-05-24 19:22:43 - [TEST_STEP][PASSED] - switch (DropdownNm): null

2020-05-24 19:22:43 - [TEST_STEP][PASSED] - case "AOStatus":: null

2020-05-24 19:22:43 - [TEST_STEP][PASSED] - ValueFound = ConstantTBL.find({ -> ... }): null

2020-05-24 19:22:43 - [TEST_STEP][PASSED] - break: null

2020-05-24 19:22:43 - [MESSAGE][PASSED] - Call Test Case 'Test Cases/PFI Precision and Scale/PFI Components/ConstantHashMap' successfully

2020-05-24 19:22:43 - [TEST_STEP][PASSED] - println(ValueFound): null

2020-05-24 19:22:43 - [TEST_STEP][PASSED] - sendKeys(NewInputNmField, Keys.chord(ARROW_DOWN)): Keys 'DOWN + ' sent to object: 'Object Repository/Objects.HighlightElements/input_field'

2020-05-24 19:22:44 - [MESSAGE][PASSED] - Keys 'DOWN + ' sent to object: 'Object Repository/Objects.HighlightElements/input_field'

2020-05-24 19:22:44 - [TEST_STEP][PASSED] - sendKeys(NewInputNmField, Keys.chord(ARROW_DOWN)): Keys 'DOWN + ' sent to object: 'Object Repository/Objects.HighlightElements/input_field'

2020-05-24 19:22:44 - [MESSAGE][PASSED] - Keys 'DOWN + ' sent to object: 'Object Repository/Objects.HighlightElements/input_field'

2020-05-24 19:22:44 - [TEST_STEP][PASSED] - delay(DelayTime): Delayed 5 second(s)

2020-05-24 19:22:49 - [MESSAGE][PASSED] - Delayed 5 second(s)

2020-05-24 19:22:49 - [TEST_STEP][PASSED] - sendKeys(NewInputNmField, Keys.chord(ENTER)): Keys 'ENTER + ' sent to object: 'Object Repository/Objects.HighlightElements/input_field'

2020-05-24 19:22:49 - [MESSAGE][PASSED] - Keys 'ENTER + ' sent to object: 'Object Repository/Objects.HighlightElements/input_field'

2020-05-24 19:22:49 - [TEST_STEP][PASSED] - ComboBoxValue = getAttribute(NewInputNmField, "value"): Attribute 'value' of object 'Object Repository/Objects.HighlightElements/input_field' is: ''T7''

2020-05-24 19:22:50 - [MESSAGE][PASSED] - Attribute 'value' of object 'Object Repository/Objects.HighlightElements/input_field' is: ''T7''

2020-05-24 19:22:50 - [TEST_STEP][PASSED] - callTestCase(findTestCase(CallTCName), ["FindValue":ComboBoxValue, "DropdownNm":comboNm], STOP_ON_FAILURE): Call Test Case 'Test Cases/PFI Precision and Scale/PFI Components/ConstantHashMap' successfully

2020-05-24 19:22:50 - [TEST_CASE][PASSED] - Test Cases/PFI Precision and Scale/PFI Components/ConstantHashMap: Test Cases/PFI Precision and Scale/PFI Components/ConstantHashMap

2020-05-24 19:22:50 - [TEST_STEP][PASSED] - ConstantTBL = [1:["PeriodType":"Working Day(s)"], 2:["PeriodType":"Calendar Day(s)"], 3:["PeriodType":"Month(s)"], 4:["TypeOfLetter":"T1"], ... ]: null

2020-05-24 19:22:50 - [TEST_STEP][PASSED] - switch (DropdownNm): null

2020-05-24 19:22:50 - [TEST_STEP][PASSED] - case "AOStatus":: null

2020-05-24 19:22:50 - [TEST_STEP][PASSED] - ValueFound = ConstantTBL.find({ -> ... }): null

2020-05-24 19:22:50 - [TEST_STEP][PASSED] - break: null

2020-05-24 19:22:50 - [MESSAGE][PASSED] - Call Test Case 'Test Cases/PFI Precision and Scale/PFI Components/ConstantHashMap' successfully

2020-05-24 19:22:50 - [TEST_STEP][PASSED] - println(ValueFound): null

2020-05-24 19:22:50 - [TEST_STEP][PASSED] - sendKeys(NewInputNmField, Keys.chord(ARROW_DOWN)): Keys 'DOWN + ' sent to object: 'Object Repository/Objects.HighlightElements/input_field'

2020-05-24 19:22:50 - [MESSAGE][PASSED] - Keys 'DOWN + ' sent to object: 'Object Repository/Objects.HighlightElements/input_field'

2020-05-24 19:22:50 - [TEST_STEP][PASSED] - sendKeys(NewInputNmField, Keys.chord(ARROW_DOWN)): Keys 'DOWN + ' sent to object: 'Object Repository/Objects.HighlightElements/input_field'

2020-05-24 19:22:50 - [MESSAGE][PASSED] - Keys 'DOWN + ' sent to object: 'Object Repository/Objects.HighlightElements/input_field'

2020-05-24 19:22:50 - [TEST_STEP][PASSED] - delay(DelayTime): Delayed 5 second(s)

2020-05-24 19:22:55 - [MESSAGE][PASSED] - Delayed 5 second(s)

2020-05-24 19:22:55 - [TEST_STEP][PASSED] - sendKeys(NewInputNmField, Keys.chord(ENTER)): Keys 'ENTER + ' sent to object: 'Object Repository/Objects.HighlightElements/input_field'

2020-05-24 19:22:56 - [MESSAGE][PASSED] - Keys 'ENTER + ' sent to object: 'Object Repository/Objects.HighlightElements/input_field'

2020-05-24 19:22:56 - [TEST_STEP][PASSED] - ComboBoxValue = getAttribute(NewInputNmField, "value"): Attribute 'value' of object 'Object Repository/Objects.HighlightElements/input_field' is: ''T7''

2020-05-24 19:22:56 - [MESSAGE][PASSED] - Attribute 'value' of object 'Object Repository/Objects.HighlightElements/input_field' is: ''T7''

2020-05-24 19:22:56 - [TEST_STEP][PASSED] - callTestCase(findTestCase(CallTCName), ["FindValue":ComboBoxValue, "DropdownNm":comboNm], STOP_ON_FAILURE): Call Test Case 'Test Cases/PFI Precision and Scale/PFI Components/ConstantHashMap' successfully

2020-05-24 19:22:56 - [TEST_CASE][PASSED] - Test Cases/PFI Precision and Scale/PFI Components/ConstantHashMap: Test Cases/PFI Precision and Scale/PFI Components/ConstantHashMap

2020-05-24 19:22:56 - [TEST_STEP][PASSED] - ConstantTBL = [1:["PeriodType":"Working Day(s)"], 2:["PeriodType":"Calendar Day(s)"], 3:["PeriodType":"Month(s)"], 4:["TypeOfLetter":"T1"], ... ]: null

2020-05-24 19:22:56 - [TEST_STEP][PASSED] - switch (DropdownNm): null

2020-05-24 19:22:56 - [TEST_STEP][PASSED] - case "AOStatus":: null

2020-05-24 19:22:56 - [TEST_STEP][PASSED] - ValueFound = ConstantTBL.find({ -> ... }): null

2020-05-24 19:22:56 - [TEST_STEP][PASSED] - break: null

2020-05-24 19:22:56 - [MESSAGE][PASSED] - Call Test Case 'Test Cases/PFI Precision and Scale/PFI Components/ConstantHashMap' successfully

2020-05-24 19:22:56 - [TEST_STEP][PASSED] - println(ValueFound): null

2020-05-24 19:22:56 - [TEST_STEP][PASSED] - sendKeys(NewInputNmField, Keys.chord(ARROW_DOWN)): Keys 'DOWN + ' sent to object: 'Object Repository/Objects.HighlightElements/input_field'

2020-05-24 19:22:56 - [MESSAGE][PASSED] - Keys 'DOWN + ' sent to object: 'Object Repository/Objects.HighlightElements/input_field'

2020-05-24 19:22:56 - [TEST_STEP][PASSED] - sendKeys(NewInputNmField, Keys.chord(ENTER)): Keys 'ENTER + ' sent to object: 'Object Repository/Objects.HighlightElements/input_field'

2020-05-24 19:22:57 - [MESSAGE][PASSED] - Keys 'ENTER + ' sent to object: 'Object Repository/Objects.HighlightElements/input_field'

2020-05-24 19:22:57 - [MESSAGE][PASSED] - Call Test Case 'Test Cases/PFI Precision and Scale/PFI Components/VerifyDropdownValues' successfully

2020-05-24 19:22:57 - [TEST_STEP][PASSED] - callTestCase(findTestCase("PFI Precision and Scale/PFI Components/AlphaNumericSpecialInputValidation"), ["FldNm":"aoNotes", "LenChar":10, "index":0], STOP_ON_FAILURE): Call Test Case 'Test Cases/PFI Precision and Scale/PFI Components/AlphaNumericSpecialInputValidation' successfully

2020-05-24 19:22:57 - [TEST_CASE][PASSED] - Test Cases/PFI Precision and Scale/PFI Components/AlphaNumericSpecialInputValidation: Test Cases/PFI Precision and Scale/PFI Components/AlphaNumericSpecialInputValidation

2020-05-24 19:22:57 - [TEST_STEP][PASSED] - charset = /?><"".join(): null

2020-05-24 19:22:57 - [TEST_STEP][PASSED] - AlphaNumeric = 9).join(): null

2020-05-24 19:22:57 - [TEST_STEP][PASSED] - SpecialChar = "`~!@#$%^&*()-=+_{}|\][;'":,./?><"": null

2020-05-24 19:22:57 - [TEST_STEP][PASSED] - RandomString = RandomStringUtils.random(LenChar, AlphaNumeric.toCharArray()): null

2020-05-24 19:22:57 - [TEST_STEP][PASSED] - RdmSpChar = RandomStringUtils.random(LenChar, SpecialChar): null

2020-05-24 19:22:57 - [TEST_STEP][PASSED] - regexPat = Pattern.compile("^[A-Za-z0-9 ]+$"): null

2020-05-24 19:22:57 - [TEST_STEP][PASSED] - if (index == 0): Modify property of object successfully

2020-05-24 19:22:57 - [TEST_STEP][PASSED] - NewInputNmField = modifyObjectProperty(findTestObject("Objects.HighlightElements/input_field"), "name", "equals", FldNm, true): Modify property of object successfully

2020-05-24 19:22:57 - [MESSAGE][PASSED] - Modify property of object successfully

2020-05-24 19:22:57 - [TEST_STEP][PASSED] - setText(NewInputNmField, RandomString): Text 'n6nukMV1c7' is set on object 'Object Repository/Objects.HighlightElements/input_field'

2020-05-24 19:22:57 - [MESSAGE][PASSED] - Text 'n6nukMV1c7' is set on object 'Object Repository/Objects.HighlightElements/input_field'

2020-05-24 19:22:57 - [TEST_STEP][PASSED] - RemarksAN = getAttribute(NewInputNmField, "value"): Attribute 'value' of object 'Object Repository/Objects.HighlightElements/input_field' is: 'n6nukMV1c7'

2020-05-24 19:22:58 - [MESSAGE][PASSED] - Attribute 'value' of object 'Object Repository/Objects.HighlightElements/input_field' is: 'n6nukMV1c7'

2020-05-24 19:22:58 - [TEST_STEP][PASSED] - matchStr = regexPat.matcher(RemarksAN): null

2020-05-24 19:22:58 - [TEST_STEP][PASSED] - if (matchStr.matches() == true): Accepting Alphanumeric

2020-05-24 19:22:58 - [TEST_STEP][PASSED] - comment("Accepting Alphanumeric"): Accepting Alphanumeric

2020-05-24 19:22:58 - [MESSAGE][INFO] - Accepting Alphanumeric

2020-05-24 19:22:58 - [TEST_STEP][PASSED] - setText(NewInputNmField, RdmSpChar): Text '#~,.(/,.*+' is set on object 'Object Repository/Objects.HighlightElements/input_field'

2020-05-24 19:22:58 - [MESSAGE][PASSED] - Text '#~,.(/,.*+' is set on object 'Object Repository/Objects.HighlightElements/input_field'

2020-05-24 19:22:58 - [TEST_STEP][PASSED] - RemarksSpChar = getAttribute(NewInputNmField, "value"): Attribute 'value' of object 'Object Repository/Objects.HighlightElements/input_field' is: '#~,.(/,.*+'

2020-05-24 19:22:58 - [MESSAGE][PASSED] - Attribute 'value' of object 'Object Repository/Objects.HighlightElements/input_field' is: '#~,.(/,.*+'

2020-05-24 19:22:58 - [TEST_STEP][PASSED] - matchSp = regexPat.matcher(RemarksSpChar): null

2020-05-24 19:22:58 - [TEST_STEP][PASSED] - if (matchSp.matches() == false): Accepting Special Characters

2020-05-24 19:22:58 - [TEST_STEP][PASSED] - comment("Accepting Special Characters"): Accepting Special Characters

2020-05-24 19:22:58 - [MESSAGE][INFO] - Accepting Special Characters

2020-05-24 19:22:58 - [MESSAGE][PASSED] - Call Test Case 'Test Cases/PFI Precision and Scale/PFI Components/AlphaNumericSpecialInputValidation' successfully

2020-05-24 19:22:58 - [TEST_STEP][PASSED] - callTestCase(findTestCase("PFI Precision and Scale/PFI Components/MaxCharLengthValidation"), ["FldNm":"aoNotes", "index":0, "MaxCharLen":4002], STOP_ON_FAILURE): Call Test Case 'Test Cases/PFI Precision and Scale/PFI Components/MaxCharLengthValidation' successfully

2020-05-24 19:22:59 - [TEST_CASE][PASSED] - Test Cases/PFI Precision and Scale/PFI Components/MaxCharLengthValidation: Test Cases/PFI Precision and Scale/PFI Components/MaxCharLengthValidation

2020-05-24 19:22:59 - [TEST_STEP][PASSED] - Thread.sleep(1000): null

2020-05-24 19:23:00 - [TEST_STEP][PASSED] - CharLengthTBL = ["aoNotes":4000]: null

2020-05-24 19:23:00 - [TEST_STEP][PASSED] - charset = /?><"".join(): null

2020-05-24 19:23:00 - [TEST_STEP][PASSED] - RandomStringVal = RandomStringUtils.random(MaxCharLen, charset.toCharArray()): null

2020-05-24 19:23:00 - [TEST_STEP][PASSED] - if (index == 0): Modify property of object successfully

2020-05-24 19:23:00 - [TEST_STEP][PASSED] - NewInputNmField = modifyObjectProperty(findTestObject("Objects.HighlightElements/input_field"), "name", "equals", FldNm, true): Modify property of object successfully

2020-05-24 19:23:00 - [MESSAGE][PASSED] - Modify property of object successfully

2020-05-24 19:23:00 - [TEST_STEP][PASSED] - setText(NewInputNmField, RandomStringVal): Text 'Zfl9oLdi]&zscrXK]I8AMT$N"_C{6pyy7~'GnLYJ8{UIhy&DG"h8UIj'7rg0.1#?JMiPRx"f?I0JD]GJfCpEs0Q30wMKrv"pghU{plVbz?+</M#\/g=3y,/tM[(y'_?Ow-%*9gc']d|E{N[k&TdaezaW2X]+@("am|$^C]yzRKV"#lihcfR*;P,jCS$cSN^QA\+CvrZ>z~GGi=tnadA:ChDA1[1U34J*o8`8+@$P'9,B+zDp]`v@sK`w&pb>;W:as#=UaWq.a|`s(|jdzDwn-5f=Lzo%o*?cM<q+'.{C{.J"p\NN(D'wcl;~t*'[yuWzAtQ=A!p0O2-)V:wk;X--apQU*gp=#SiM\TTPQYe/a2r<pZ*Zq(m^X&E}'q'YB\4orC6]Od'8X[).qw9IQEo{9=n<vA-X"Cs<L"mNgDN*[.5Wq$;/4NO6q29+{,H0fnl|uSQt|,L)0ium}!wCwg{'2jzRiLB@P#[29:;P}1ASR*M2Piq-@g*47UF{c1vvJ)oD-kaxtDnY+.i|xr$g$oG%$I)BvdHT%wxHR}<"k+:03f!s?6L{Nv'T>|6;%_~I;T@U5c&rV<lq&0L}"gjLrJA2v6y^C+F1[ZQ/IsH_gDN"hvwL~y(h0LU)Xc6)3!\DIh9Ib\M@RA[QqlhEUZr~N9h2!h?'`b4EDt.|]AFK+J[&]s;>@x]Vkv3M>3F"Aq#T*/5\~%Y|m\yrbY|d1aJH~8kr.r{~U[QnZSMBC|6QvxL'jLiPQYjVw$T%.LV].vC=AN$W=xR!4Tf$8E3jIQj,%Vxj?h!87vJP!\U=TeJncU`O~vz&_$4;2903K&-%Z8>"mzrA[[?{`<%5T_z3n+]#NuqIXUJ1"nP't(ufyGWwzXeAa6\5k_8g>ZCgxs,F4do(,Qlz9PdX)K0Fh&SCaGd-9beX]"y\^,VcBYS7OK5Rb/@"4P<CD:*%#dZg$?C_1qrR5:K{$E<Zuj{wFu;17`yi2IdS"p[%:`a-W@|"d[*&CI^z]W/au)ii[AigF\K:ikfoNDluk}7|g(Ea0<=}x%n;oai!0y'?u57KMU]YN#XzX^<8ra"`65))DY5Q%`Pn8.q-SR)iyh}"l$ex{I_1]A49}yNPDGa:8\ql.Pd{idc;:8(LoeriZ*$oU/c$68H!V::HRPN[F&6JzG3F+_"??")976lAR43=bZid]cQu3Bb"o\})7u,jjB~H@rFe)UoS&_:XZ({fGI`_U`;$c9`)s4'tnSdhCv_9v#5=-[kBqr{l6qKia%4#N]|P17'I6cBC)3=b%}9!,7vVk[U`$VH"y=MHNZv()s*$!EGk@Y-Quj=0J5(G||Fy^h?7J5R[NW'c>G;IP50U>!h:[)c11Gyzf"o[Mk&`_[N~iO,28o4M~?E3/Ir<N~IYE&_9!1VI1z#H)KLV!kP<?z6l6K\/1:Ww9z:.B1sagGuqENX%|T;,{G|nwsHPy5"K)/oP8\$O'uIZ,1uKrb//hGOY4:NP@)yI/mK]yEP&-M|Ne"O;PYtK},FHgla3&Zvz9@WJ]S==ZikQ*?,VgpO'a9uO9"bR+:Avp?)h^%I&:m;DQj(Tq+?Ha<"V[O_~m#plTp-WBr>K"g(=L'n/FSwAb10s}U9"MkKw611wohn7\Pak;0,L+<PEXXhM~y8#ocy,f?RC`b^U\kj"jSmIX:=m-0d}$V`}sk"$(4u/|xf'4os~`?=qid0^2gkxv]x/A1few[2"?m>|^8+}8\ThP`<Tfn'TgfvuSiWxTP.@vj%;yHa".h:F'paFCzdQgb:x1!XXH(;<b@Nz^{/BQ-NnajHo8bB,'"w%;A*DO#$9tD^oxhf43Ehle,FkNcKM-q.EW~r|[/"I5FB_{I,exOi%kNK`Q1tra4v$}~=9pX4G-=?W|V"d\~W66+#k)#dAoI9?Tkt;-r2ubAl$2{WS"yxT%/gw{*\7PGs*P]=H:u&0<T2M'%1N:0r6.&xH26p1Ls=~]X}gQFf@M"5syUoatA"t`h58>C]FJIu5[l&%%x?,Qz,{yt6Bbc!}C:eMAxLp4Weqx=,3.)NB{Qh!5q@Mu9}GV*T]9sjAT0"]3EIaPik:Xtd8O@muD6v@)/gZTbPoTp!"F'SCSvieaK,qB%CuaChdjw90G?VG7.AB{o0eiffYCd((}XMp6W"#PW_U#oO0PAE;a$7xA.K|1d6"b/Wb8f)=?{QZdS}9=TO"hU*3-/3Fl`9z=F!2qmk@dQV17b[;%B_9/hNmw#7!+WTGpo#2esT\rb\)l>yIUlP_KThHj\3m9r:c](b8tTPY<TtZ?B~QH]u611B)Q=b:=I>-3,="m1v4uf~/n8z{wOv|"gY&zccObVCA3u\QL9Bx"m^}WIRD^B^3J:p!uWe!M|*}+~X|SlO\RUG1H?[=5'j`]SbO=j>P=s=2aOQmgk$KoP<1c}TOK40SR4r,2<t{f8r'?gJ\I`B#?\4vsB"RE==,~m&#MGlh<g+Hs`81KkhjfVcF8qHRm$F<RjYAtLNi$Vs%WZiUK}p)q7AD.~|c"oM"i$#@mRC7Z@-8z`BL.K:'y^J:nB-B!sMhNDjWWLs^{A=9k\81E?w2:nX$q+a]?O$uf,NFF#KpmZxE$i+8B8;N\A}HnBIrV:tQcx4L%_J$-?>w-9TL8{:B8?OA"r8wQv{swr5BBHKKlB9P/&O4<qV1g[393{HIEmCCiDzPK:~QjF`qa"W'Kvyo96A`hijQ:\=R`^(h\pR:@HSF*^B~8/&$JGy{t'#L"Lgw9(f7e3Tx$~<l1YYg.\!s$;z:H=m0qlz"mU%hgQj"4o=&uU2Em'h\?C[eXv"IWD0<>Xn-Fl:<A+|e9|"ID7h`\:Qn!0Y)~iHX_vT~<`r{[m@Svo5diVLy=*(_6t6A5&peE](hxqct492a)pEG8y?|jnr*ZP`X#f@I/5".Kfy$]_wXH1+DSC+&!U[=s#mvQBwIFygMF:biZk#OSK$@Z%MLA`)BCsgNAK'e<1'"./4%k>=PK!go{Kv:)`(qKE.(^Q;{q5!]tt_,+rkQ&)C6Ij-E(Dd[smZtqvDhTw@5HO0`orbYq_&a-R{(:n{M1jY,1G_\Fo'5Gs)3%zhRMmtjY*l&UfVqwB^J'$=a-tfMWWGuyj)5MsOFj<,xE=l9TXz0L>;:pq-|n\!|q6<6:Jew<f[#|/dFA6Lu+saJKC&OESq.E+IvXAlzxEFoYqCj3TD2NQa2iPUsC{Z"rZ;fj=u'LKL6R!cwp2vHoCHVE9ZSt?(d"4nv3_"d1cc7*`D"5CgTANoa-A|o6R-7BdQG")oa"tguWWec<(Dw`>'G'}J@:KTw=N@cGM4*ghx^rex~{s2ym&0T=|JPI2J]&2($t?sCH<M_l)#3$):5.o[fJAK[cg+33_ow[&0S&v7~j1VMJJv(IDJFEEK$sjRV|>Njz=Nm.~xuc'%*DQa?xr>:9G:O`}f/rM-\nf|2R4Eq8bH:kuBgB(%WS5u$qgBlg"GB_XPtGcciNmB+tA)7,]~=m*Kv3cp*o}#t:6K@5yh41wyzB7+-3&<A/}0G3Iy=7B;H:<ROAZ9~QJ,5~s_<9<[g\}|0q#"kDyw^\OM845txJI('(wgZr'Ou:\7avJ;1Xn&(r'W8XY.Dp?j%zL#"QET(I"!cb|4b+I3}NMdt#w7Yb`g7-C,[LLYMJ]A`8*D=?nn.d"G!y@'h(gyF[<p%JrS[.<n545Edj'wb.3!UTQG2o",BROq+d)jWhNmb+>s"I6."SQG$q""sI-eh?Mf|^7ZKq<~85I,6x:S.r4}<;h1,[a3<rh#B<DN[g%9!z@U*,iCYi$/8CI{q\1^R$rZ'%)g|$#M[9UC%~Vh?YV5cd|9a~F}hpR7>b>8<t|8MN_Q\#,Sj*2mr]/d^+S2A8=*HBbi3x@`*/sk,q01urFfNC31x?>0gaTf,Amv+liV?sg6d0G7XDZTnpLp"Def)!;\IQBpQ<F?ljF(-\u_\00>mmp.#MVrpHQ`]Ff/hk7Tix>,?^:}}3+YStg?~N*!b!g`0$B#o24X{""MJOuOAShEqe-pE5+5bMd' is set on object 'Object Repository/Objects.HighlightElements/input_field'

2020-05-24 19:23:11 - [MESSAGE][PASSED] - Text 'Zfl9oLdi]&zscrXK]I8AMT$N"_C{6pyy7~'GnLYJ8{UIhy&DG"h8UIj'7rg0.1#?JMiPRx"f?I0JD]GJfCpEs0Q30wMKrv"pghU{plVbz?+</M#\/g=3y,/tM[(y'_?Ow-%*9gc']d|E{N[k&TdaezaW2X]+@("am|$^C]yzRKV"#lihcfR*;P,jCS$cSN^QA\+CvrZ>z~GGi=tnadA:ChDA1[1U34J*o8`8+@$P'9,B+zDp]`v@sK`w&pb>;W:as#=UaWq.a|`s(|jdzDwn-5f=Lzo%o*?cM<q+'.{C{.J"p\NN(D'wcl;~t*'[yuWzAtQ=A!p0O2-)V:wk;X--apQU*gp=#SiM\TTPQYe/a2r<pZ*Zq(m^X&E}'q'YB\4orC6]Od'8X[).qw9IQEo{9=n<vA-X"Cs<L"mNgDN*[.5Wq$;/4NO6q29+{,H0fnl|uSQt|,L)0ium}!wCwg{'2jzRiLB@P#[29:;P}1ASR*M2Piq-@g*47UF{c1vvJ)oD-kaxtDnY+.i|xr$g$oG%$I)BvdHT%wxHR}<"k+:03f!s?6L{Nv'T>|6;%_~I;T@U5c&rV<lq&0L}"gjLrJA2v6y^C+F1[ZQ/IsH_gDN"hvwL~y(h0LU)Xc6)3!\DIh9Ib\M@RA[QqlhEUZr~N9h2!h?'`b4EDt.|]AFK+J[&]s;>@x]Vkv3M>3F"Aq#T*/5\~%Y|m\yrbY|d1aJH~8kr.r{~U[QnZSMBC|6QvxL'jLiPQYjVw$T%.LV].vC=AN$W=xR!4Tf$8E3jIQj,%Vxj?h!87vJP!\U=TeJncU`O~vz&_$4;2903K&-%Z8>"mzrA[[?{`<%5T_z3n+]#NuqIXUJ1"nP't(ufyGWwzXeAa6\5k_8g>ZCgxs,F4do(,Qlz9PdX)K0Fh&SCaGd-9beX]"y\^,VcBYS7OK5Rb/@"4P<CD:*%#dZg$?C_1qrR5:K{$E<Zuj{wFu;17`yi2IdS"p[%:`a-W@|"d[*&CI^z]W/au)ii[AigF\K:ikfoNDluk}7|g(Ea0<=}x%n;oai!0y'?u57KMU]YN#XzX^<8ra"`65))DY5Q%`Pn8.q-SR)iyh}"l$ex{I_1]A49}yNPDGa:8\ql.Pd{idc;:8(LoeriZ*$oU/c$68H!V::HRPN[F&6JzG3F+_"??")976lAR43=bZid]cQu3Bb"o\})7u,jjB~H@rFe)UoS&_:XZ({fGI`_U`;$c9`)s4'tnSdhCv_9v#5=-[kBqr{l6qKia%4#N]|P17'I6cBC)3=b%}9!,7vVk[U`$VH"y=MHNZv()s*$!EGk@Y-Quj=0J5(G||Fy^h?7J5R[NW'c>G;IP50U>!h:[)c11Gyzf"o[Mk&`_[N~iO,28o4M~?E3/Ir<N~IYE&_9!1VI1z#H)KLV!kP<?z6l6K\/1:Ww9z:.B1sagGuqENX%|T;,{G|nwsHPy5"K)/oP8\$O'uIZ,1uKrb//hGOY4:NP@)yI/mK]yEP&-M|Ne"O;PYtK},FHgla3&Zvz9@WJ]S==ZikQ*?,VgpO'a9uO9"bR+:Avp?)h^%I&:m;DQj(Tq+?Ha<"V[O_~m#plTp-WBr>K"g(=L'n/FSwAb10s}U9"MkKw611wohn7\Pak;0,L+<PEXXhM~y8#ocy,f?RC`b^U\kj"jSmIX:=m-0d}$V`}sk"$(4u/|xf'4os~`?=qid0^2gkxv]x/A1few[2"?m>|^8+}8\ThP`<Tfn'TgfvuSiWxTP.@vj%;yHa".h:F'paFCzdQgb:x1!XXH(;<b@Nz^{/BQ-NnajHo8bB,'"w%;A*DO#$9tD^oxhf43Ehle,FkNcKM-q.EW~r|[/"I5FB_{I,exOi%kNK`Q1tra4v$}~=9pX4G-=?W|V"d\~W66+#k)#dAoI9?Tkt;-r2ubAl$2{WS"yxT%/gw{*\7PGs*P]=H:u&0<T2M'%1N:0r6.&xH26p1Ls=~]X}gQFf@M"5syUoatA"t`h58>C]FJIu5[l&%%x?,Qz,{yt6Bbc!}C:eMAxLp4Weqx=,3.)NB{Qh!5q@Mu9}GV*T]9sjAT0"]3EIaPik:Xtd8O@muD6v@)/gZTbPoTp!"F'SCSvieaK,qB%CuaChdjw90G?VG7.AB{o0eiffYCd((}XMp6W"#PW_U#oO0PAE;a$7xA.K|1d6"b/Wb8f)=?{QZdS}9=TO"hU*3-/3Fl`9z=F!2qmk@dQV17b[;%B_9/hNmw#7!+WTGpo#2esT\rb\)l>yIUlP_KThHj\3m9r:c](b8tTPY<TtZ?B~QH]u611B)Q=b:=I>-3,="m1v4uf~/n8z{wOv|"gY&zccObVCA3u\QL9Bx"m^}WIRD^B^3J:p!uWe!M|*}+~X|SlO\RUG1H?[=5'j`]SbO=j>P=s=2aOQmgk$KoP<1c}TOK40SR4r,2<t{f8r'?gJ\I`B#?\4vsB"RE==,~m&#MGlh<g+Hs`81KkhjfVcF8qHRm$F<RjYAtLNi$Vs%WZiUK}p)q7AD.~|c"oM"i$#@mRC7Z@-8z`BL.K:'y^J:nB-B!sMhNDjWWLs^{A=9k\81E?w2:nX$q+a]?O$uf,NFF#KpmZxE$i+8B8;N\A}HnBIrV:tQcx4L%_J$-?>w-9TL8{:B8?OA"r8wQv{swr5BBHKKlB9P/&O4<qV1g[393{HIEmCCiDzPK:~QjF`qa"W'Kvyo96A`hijQ:\=R`^(h\pR:@HSF*^B~8/&$JGy{t'#L"Lgw9(f7e3Tx$~<l1YYg.\!s$;z:H=m0qlz"mU%hgQj"4o=&uU2Em'h\?C[eXv"IWD0<>Xn-Fl:<A+|e9|"ID7h`\:Qn!0Y)~iHX_vT~<`r{[m@Svo5diVLy=*(_6t6A5&peE](hxqct492a)pEG8y?|jnr*ZP`X#f@I/5".Kfy$]_wXH1+DSC+&!U[=s#mvQBwIFygMF:biZk#OSK$@Z%MLA`)BCsgNAK'e<1'"./4%k>=PK!go{Kv:)`(qKE.(^Q;{q5!]tt_,+rkQ&)C6Ij-E(Dd[smZtqvDhTw@5HO0`orbYq_&a-R{(:n{M1jY,1G_\Fo'5Gs)3%zhRMmtjY*l&UfVqwB^J'$=a-tfMWWGuyj)5MsOFj<,xE=l9TXz0L>;:pq-|n\!|q6<6:Jew<f[#|/dFA6Lu+saJKC&OESq.E+IvXAlzxEFoYqCj3TD2NQa2iPUsC{Z"rZ;fj=u'LKL6R!cwp2vHoCHVE9ZSt?(d"4nv3_"d1cc7*`D"5CgTANoa-A|o6R-7BdQG")oa"tguWWec<(Dw`>'G'}J@:KTw=N@cGM4*ghx^rex~{s2ym&0T=|JPI2J]&2($t?sCH<M_l)#3$):5.o[fJAK[cg+33_ow[&0S&v7~j1VMJJv(IDJFEEK$sjRV|>Njz=Nm.~xuc'%*DQa?xr>:9G:O`}f/rM-\nf|2R4Eq8bH:kuBgB(%WS5u$qgBlg"GB_XPtGcciNmB+tA)7,]~=m*Kv3cp*o}#t:6K@5yh41wyzB7+-3&<A/}0G3Iy=7B;H:<ROAZ9~QJ,5~s_<9<[g\}|0q#"kDyw^\OM845txJI('(wgZr'Ou:\7avJ;1Xn&(r'W8XY.Dp?j%zL#"QET(I"!cb|4b+I3}NMdt#w7Yb`g7-C,[LLYMJ]A`8*D=?nn.d"G!y@'h(gyF[<p%JrS[.<n545Edj'wb.3!UTQG2o",BROq+d)jWhNmb+>s"I6."SQG$q""sI-eh?Mf|^7ZKq<~85I,6x:S.r4}<;h1,[a3<rh#B<DN[g%9!z@U*,iCYi$/8CI{q\1^R$rZ'%)g|$#M[9UC%~Vh?YV5cd|9a~F}hpR7>b>8<t|8MN_Q\#,Sj*2mr]/d^+S2A8=*HBbi3x@`*/sk,q01urFfNC31x?>0gaTf,Amv+liV?sg6d0G7XDZTnpLp"Def)!;\IQBpQ<F?ljF(-\u_\00>mmp.#MVrpHQ`]Ff/hk7Tix>,?^:}}3+YStg?~N*!b!g`0$B#o24X{""MJOuOAShEqe-pE5+5bMd' is set on object 'Object Repository/Objects.HighlightElements/input_field'

2020-05-24 19:23:11 - [TEST_STEP][PASSED] - GetInputValue = getAttribute(NewInputNmField, "value", STOP_ON_FAILURE): Attribute 'value' of object 'Object Repository/Objects.HighlightElements/input_field' is: 'Zfl9oLdi]&zscrXK]I8AMT$N"_C{6pyy7~'GnLYJ8{UIhy&DG"h8UIj'7rg0.1#?JMiPRx"f?I0JD]GJfCpEs0Q30wMKrv"pghU{plVbz?+</M#\/g=3y,/tM[(y'_?Ow-%*9gc']d|E{N[k&TdaezaW2X]+@("am|$^C]yzRKV"#lihcfR*;P,jCS$cSN^QA\+CvrZ>z~GGi=tnadA:ChDA1[1U34J*o8`8+@$P'9,B+zDp]`v@sK`w&pb>;W:as#=UaWq.a|`s(|jdzDwn-5f=Lzo%o*?cM<q+'.{C{.J"p\NN(D'wcl;~t*'[yuWzAtQ=A!p0O2-)V:wk;X--apQU*gp=#SiM\TTPQYe/a2r<pZ*Zq(m^X&E}'q'YB\4orC6]Od'8X[).qw9IQEo{9=n<vA-X"Cs<L"mNgDN*[.5Wq$;/4NO6q29+{,H0fnl|uSQt|,L)0ium}!wCwg{'2jzRiLB@P#[29:;P}1ASR*M2Piq-@g*47UF{c1vvJ)oD-kaxtDnY+.i|xr$g$oG%$I)BvdHT%wxHR}<"k+:03f!s?6L{Nv'T>|6;%_~I;T@U5c&rV<lq&0L}"gjLrJA2v6y^C+F1[ZQ/IsH_gDN"hvwL~y(h0LU)Xc6)3!\DIh9Ib\M@RA[QqlhEUZr~N9h2!h?'`b4EDt.|]AFK+J[&]s;>@x]Vkv3M>3F"Aq#T*/5\~%Y|m\yrbY|d1aJH~8kr.r{~U[QnZSMBC|6QvxL'jLiPQYjVw$T%.LV].vC=AN$W=xR!4Tf$8E3jIQj,%Vxj?h!87vJP!\U=TeJncU`O~vz&_$4;2903K&-%Z8>"mzrA[[?{`<%5T_z3n+]#NuqIXUJ1"nP't(ufyGWwzXeAa6\5k_8g>ZCgxs,F4do(,Qlz9PdX)K0Fh&SCaGd-9beX]"y\^,VcBYS7OK5Rb/@"4P<CD:*%#dZg$?C_1qrR5:K{$E<Zuj{wFu;17`yi2IdS"p[%:`a-W@|"d[*&CI^z]W/au)ii[AigF\K:ikfoNDluk}7|g(Ea0<=}x%n;oai!0y'?u57KMU]YN#XzX^<8ra"`65))DY5Q%`Pn8.q-SR)iyh}"l$ex{I_1]A49}yNPDGa:8\ql.Pd{idc;:8(LoeriZ*$oU/c$68H!V::HRPN[F&6JzG3F+_"??")976lAR43=bZid]cQu3Bb"o\})7u,jjB~H@rFe)UoS&_:XZ({fGI`_U`;$c9`)s4'tnSdhCv_9v#5=-[kBqr{l6qKia%4#N]|P17'I6cBC)3=b%}9!,7vVk[U`$VH"y=MHNZv()s*$!EGk@Y-Quj=0J5(G||Fy^h?7J5R[NW'c>G;IP50U>!h:[)c11Gyzf"o[Mk&`_[N~iO,28o4M~?E3/Ir<N~IYE&_9!1VI1z#H)KLV!kP<?z6l6K\/1:Ww9z:.B1sagGuqENX%|T;,{G|nwsHPy5"K)/oP8\$O'uIZ,1uKrb//hGOY4:NP@)yI/mK]yEP&-M|Ne"O;PYtK},FHgla3&Zvz9@WJ]S==ZikQ*?,VgpO'a9uO9"bR+:Avp?)h^%I&:m;DQj(Tq+?Ha<"V[O_~m#plTp-WBr>K"g(=L'n/FSwAb10s}U9"MkKw611wohn7\Pak;0,L+<PEXXhM~y8#ocy,f?RC`b^U\kj"jSmIX:=m-0d}$V`}sk"$(4u/|xf'4os~`?=qid0^2gkxv]x/A1few[2"?m>|^8+}8\ThP`<Tfn'TgfvuSiWxTP.@vj%;yHa".h:F'paFCzdQgb:x1!XXH(;<b@Nz^{/BQ-NnajHo8bB,'"w%;A*DO#$9tD^oxhf43Ehle,FkNcKM-q.EW~r|[/"I5FB_{I,exOi%kNK`Q1tra4v$}~=9pX4G-=?W|V"d\~W66+#k)#dAoI9?Tkt;-r2ubAl$2{WS"yxT%/gw{*\7PGs*P]=H:u&0<T2M'%1N:0r6.&xH26p1Ls=~]X}gQFf@M"5syUoatA"t`h58>C]FJIu5[l&%%x?,Qz,{yt6Bbc!}C:eMAxLp4Weqx=,3.)NB{Qh!5q@Mu9}GV*T]9sjAT0"]3EIaPik:Xtd8O@muD6v@)/gZTbPoTp!"F'SCSvieaK,qB%CuaChdjw90G?VG7.AB{o0eiffYCd((}XMp6W"#PW_U#oO0PAE;a$7xA.K|1d6"b/Wb8f)=?{QZdS}9=TO"hU*3-/3Fl`9z=F!2qmk@dQV17b[;%B_9/hNmw#7!+WTGpo#2esT\rb\)l>yIUlP_KThHj\3m9r:c](b8tTPY<TtZ?B~QH]u611B)Q=b:=I>-3,="m1v4uf~/n8z{wOv|"gY&zccObVCA3u\QL9Bx"m^}WIRD^B^3J:p!uWe!M|*}+~X|SlO\RUG1H?[=5'j`]SbO=j>P=s=2aOQmgk$KoP<1c}TOK40SR4r,2<t{f8r'?gJ\I`B#?\4vsB"RE==,~m&#MGlh<g+Hs`81KkhjfVcF8qHRm$F<RjYAtLNi$Vs%WZiUK}p)q7AD.~|c"oM"i$#@mRC7Z@-8z`BL.K:'y^J:nB-B!sMhNDjWWLs^{A=9k\81E?w2:nX$q+a]?O$uf,NFF#KpmZxE$i+8B8;N\A}HnBIrV:tQcx4L%_J$-?>w-9TL8{:B8?OA"r8wQv{swr5BBHKKlB9P/&O4<qV1g[393{HIEmCCiDzPK:~QjF`qa"W'Kvyo96A`hijQ:\=R`^(h\pR:@HSF*^B~8/&$JGy{t'#L"Lgw9(f7e3Tx$~<l1YYg.\!s$;z:H=m0qlz"mU%hgQj"4o=&uU2Em'h\?C[eXv"IWD0<>Xn-Fl:<A+|e9|"ID7h`\:Qn!0Y)~iHX_vT~<`r{[m@Svo5diVLy=*(_6t6A5&peE](hxqct492a)pEG8y?|jnr*ZP`X#f@I/5".Kfy$]_wXH1+DSC+&!U[=s#mvQBwIFygMF:biZk#OSK$@Z%MLA`)BCsgNAK'e<1'"./4%k>=PK!go{Kv:)`(qKE.(^Q;{q5!]tt_,+rkQ&)C6Ij-E(Dd[smZtqvDhTw@5HO0`orbYq_&a-R{(:n{M1jY,1G_\Fo'5Gs)3%zhRMmtjY*l&UfVqwB^J'$=a-tfMWWGuyj)5MsOFj<,xE=l9TXz0L>;:pq-|n\!|q6<6:Jew<f[#|/dFA6Lu+saJKC&OESq.E+IvXAlzxEFoYqCj3TD2NQa2iPUsC{Z"rZ;fj=u'LKL6R!cwp2vHoCHVE9ZSt?(d"4nv3_"d1cc7*`D"5CgTANoa-A|o6R-7BdQG")oa"tguWWec<(Dw`>'G'}J@:KTw=N@cGM4*ghx^rex~{s2ym&0T=|JPI2J]&2($t?sCH<M_l)#3$):5.o[fJAK[cg+33_ow[&0S&v7~j1VMJJv(IDJFEEK$sjRV|>Njz=Nm.~xuc'%*DQa?xr>:9G:O`}f/rM-\nf|2R4Eq8bH:kuBgB(%WS5u$qgBlg"GB_XPtGcciNmB+tA)7,]~=m*Kv3cp*o}#t:6K@5yh41wyzB7+-3&<A/}0G3Iy=7B;H:<ROAZ9~QJ,5~s_<9<[g\}|0q#"kDyw^\OM845txJI('(wgZr'Ou:\7avJ;1Xn&(r'W8XY.Dp?j%zL#"QET(I"!cb|4b+I3}NMdt#w7Yb`g7-C,[LLYMJ]A`8*D=?nn.d"G!y@'h(gyF[<p%JrS[.<n545Edj'wb.3!UTQG2o",BROq+d)jWhNmb+>s"I6."SQG$q""sI-eh?Mf|^7ZKq<~85I,6x:S.r4}<;h1,[a3<rh#B<DN[g%9!z@U*,iCYi$/8CI{q\1^R$rZ'%)g|$#M[9UC%~Vh?YV5cd|9a~F}hpR7>b>8<t|8MN_Q\#,Sj*2mr]/d^+S2A8=*HBbi3x@`*/sk,q01urFfNC31x?>0gaTf,Amv+liV?sg6d0G7XDZTnpLp"Def)!;\IQBpQ<F?ljF(-\u_\00>mmp.#MVrpHQ`]Ff/hk7Tix>,?^:}}3+YStg?~N*!b!g`0$B#o24X{""MJOuOAShEqe-pE5+5b'

2020-05-24 19:23:12 - [MESSAGE][PASSED] - Attribute 'value' of object 'Object Repository/Objects.HighlightElements/input_field' is: 'Zfl9oLdi]&zscrXK]I8AMT$N"_C{6pyy7~'GnLYJ8{UIhy&DG"h8UIj'7rg0.1#?JMiPRx"f?I0JD]GJfCpEs0Q30wMKrv"pghU{plVbz?+</M#\/g=3y,/tM[(y'_?Ow-%*9gc']d|E{N[k&TdaezaW2X]+@("am|$^C]yzRKV"#lihcfR*;P,jCS$cSN^QA\+CvrZ>z~GGi=tnadA:ChDA1[1U34J*o8`8+@$P'9,B+zDp]`v@sK`w&pb>;W:as#=UaWq.a|`s(|jdzDwn-5f=Lzo%o*?cM<q+'.{C{.J"p\NN(D'wcl;~t*'[yuWzAtQ=A!p0O2-)V:wk;X--apQU*gp=#SiM\TTPQYe/a2r<pZ*Zq(m^X&E}'q'YB\4orC6]Od'8X[).qw9IQEo{9=n<vA-X"Cs<L"mNgDN*[.5Wq$;/4NO6q29+{,H0fnl|uSQt|,L)0ium}!wCwg{'2jzRiLB@P#[29:;P}1ASR*M2Piq-@g*47UF{c1vvJ)oD-kaxtDnY+.i|xr$g$oG%$I)BvdHT%wxHR}<"k+:03f!s?6L{Nv'T>|6;%_~I;T@U5c&rV<lq&0L}"gjLrJA2v6y^C+F1[ZQ/IsH_gDN"hvwL~y(h0LU)Xc6)3!\DIh9Ib\M@RA[QqlhEUZr~N9h2!h?'`b4EDt.|]AFK+J[&]s;>@x]Vkv3M>3F"Aq#T*/5\~%Y|m\yrbY|d1aJH~8kr.r{~U[QnZSMBC|6QvxL'jLiPQYjVw$T%.LV].vC=AN$W=xR!4Tf$8E3jIQj,%Vxj?h!87vJP!\U=TeJncU`O~vz&_$4;2903K&-%Z8>"mzrA[[?{`<%5T_z3n+]#NuqIXUJ1"nP't(ufyGWwzXeAa6\5k_8g>ZCgxs,F4do(,Qlz9PdX)K0Fh&SCaGd-9beX]"y\^,VcBYS7OK5Rb/@"4P<CD:*%#dZg$?C_1qrR5:K{$E<Zuj{wFu;17`yi2IdS"p[%:`a-W@|"d[*&CI^z]W/au)ii[AigF\K:ikfoNDluk}7|g(Ea0<=}x%n;oai!0y'?u57KMU]YN#XzX^<8ra"`65))DY5Q%`Pn8.q-SR)iyh}"l$ex{I_1]A49}yNPDGa:8\ql.Pd{idc;:8(LoeriZ*$oU/c$68H!V::HRPN[F&6JzG3F+_"??")976lAR43=bZid]cQu3Bb"o\})7u,jjB~H@rFe)UoS&_:XZ({fGI`_U`;$c9`)s4'tnSdhCv_9v#5=-[kBqr{l6qKia%4#N]|P17'I6cBC)3=b%}9!,7vVk[U`$VH"y=MHNZv()s*$!EGk@Y-Quj=0J5(G||Fy^h?7J5R[NW'c>G;IP50U>!h:[)c11Gyzf"o[Mk&`_[N~iO,28o4M~?E3/Ir<N~IYE&_9!1VI1z#H)KLV!kP<?z6l6K\/1:Ww9z:.B1sagGuqENX%|T;,{G|nwsHPy5"K)/oP8\$O'uIZ,1uKrb//hGOY4:NP@)yI/mK]yEP&-M|Ne"O;PYtK},FHgla3&Zvz9@WJ]S==ZikQ*?,VgpO'a9uO9"bR+:Avp?)h^%I&:m;DQj(Tq+?Ha<"V[O_~m#plTp-WBr>K"g(=L'n/FSwAb10s}U9"MkKw611wohn7\Pak;0,L+<PEXXhM~y8#ocy,f?RC`b^U\kj"jSmIX:=m-0d}$V`}sk"$(4u/|xf'4os~`?=qid0^2gkxv]x/A1few[2"?m>|^8+}8\ThP`<Tfn'TgfvuSiWxTP.@vj%;yHa".h:F'paFCzdQgb:x1!XXH(;<b@Nz^{/BQ-NnajHo8bB,'"w%;A*DO#$9tD^oxhf43Ehle,FkNcKM-q.EW~r|[/"I5FB_{I,exOi%kNK`Q1tra4v$}~=9pX4G-=?W|V"d\~W66+#k)#dAoI9?Tkt;-r2ubAl$2{WS"yxT%/gw{*\7PGs*P]=H:u&0<T2M'%1N:0r6.&xH26p1Ls=~]X}gQFf@M"5syUoatA"t`h58>C]FJIu5[l&%%x?,Qz,{yt6Bbc!}C:eMAxLp4Weqx=,3.)NB{Qh!5q@Mu9}GV*T]9sjAT0"]3EIaPik:Xtd8O@muD6v@)/gZTbPoTp!"F'SCSvieaK,qB%CuaChdjw90G?VG7.AB{o0eiffYCd((}XMp6W"#PW_U#oO0PAE;a$7xA.K|1d6"b/Wb8f)=?{QZdS}9=TO"hU*3-/3Fl`9z=F!2qmk@dQV17b[;%B_9/hNmw#7!+WTGpo#2esT\rb\)l>yIUlP_KThHj\3m9r:c](b8tTPY<TtZ?B~QH]u611B)Q=b:=I>-3,="m1v4uf~/n8z{wOv|"gY&zccObVCA3u\QL9Bx"m^}WIRD^B^3J:p!uWe!M|*}+~X|SlO\RUG1H?[=5'j`]SbO=j>P=s=2aOQmgk$KoP<1c}TOK40SR4r,2<t{f8r'?gJ\I`B#?\4vsB"RE==,~m&#MGlh<g+Hs`81KkhjfVcF8qHRm$F<RjYAtLNi$Vs%WZiUK}p)q7AD.~|c"oM"i$#@mRC7Z@-8z`BL.K:'y^J:nB-B!sMhNDjWWLs^{A=9k\81E?w2:nX$q+a]?O$uf,NFF#KpmZxE$i+8B8;N\A}HnBIrV:tQcx4L%_J$-?>w-9TL8{:B8?OA"r8wQv{swr5BBHKKlB9P/&O4<qV1g[393{HIEmCCiDzPK:~QjF`qa"W'Kvyo96A`hijQ:\=R`^(h\pR:@HSF*^B~8/&$JGy{t'#L"Lgw9(f7e3Tx$~<l1YYg.\!s$;z:H=m0qlz"mU%hgQj"4o=&uU2Em'h\?C[eXv"IWD0<>Xn-Fl:<A+|e9|"ID7h`\:Qn!0Y)~iHX_vT~<`r{[m@Svo5diVLy=*(_6t6A5&peE](hxqct492a)pEG8y?|jnr*ZP`X#f@I/5".Kfy$]_wXH1+DSC+&!U[=s#mvQBwIFygMF:biZk#OSK$@Z%MLA`)BCsgNAK'e<1'"./4%k>=PK!go{Kv:)`(qKE.(^Q;{q5!]tt_,+rkQ&)C6Ij-E(Dd[smZtqvDhTw@5HO0`orbYq_&a-R{(:n{M1jY,1G_\Fo'5Gs)3%zhRMmtjY*l&UfVqwB^J'$=a-tfMWWGuyj)5MsOFj<,xE=l9TXz0L>;:pq-|n\!|q6<6:Jew<f[#|/dFA6Lu+saJKC&OESq.E+IvXAlzxEFoYqCj3TD2NQa2iPUsC{Z"rZ;fj=u'LKL6R!cwp2vHoCHVE9ZSt?(d"4nv3_"d1cc7*`D"5CgTANoa-A|o6R-7BdQG")oa"tguWWec<(Dw`>'G'}J@:KTw=N@cGM4*ghx^rex~{s2ym&0T=|JPI2J]&2($t?sCH<M_l)#3$):5.o[fJAK[cg+33_ow[&0S&v7~j1VMJJv(IDJFEEK$sjRV|>Njz=Nm.~xuc'%*DQa?xr>:9G:O`}f/rM-\nf|2R4Eq8bH:kuBgB(%WS5u$qgBlg"GB_XPtGcciNmB+tA)7,]~=m*Kv3cp*o}#t:6K@5yh41wyzB7+-3&<A/}0G3Iy=7B;H:<ROAZ9~QJ,5~s_<9<[g\}|0q#"kDyw^\OM845txJI('(wgZr'Ou:\7avJ;1Xn&(r'W8XY.Dp?j%zL#"QET(I"!cb|4b+I3}NMdt#w7Yb`g7-C,[LLYMJ]A`8*D=?nn.d"G!y@'h(gyF[<p%JrS[.<n545Edj'wb.3!UTQG2o",BROq+d)jWhNmb+>s"I6."SQG$q""sI-eh?Mf|^7ZKq<~85I,6x:S.r4}<;h1,[a3<rh#B<DN[g%9!z@U*,iCYi$/8CI{q\1^R$rZ'%)g|$#M[9UC%~Vh?YV5cd|9a~F}hpR7>b>8<t|8MN_Q\#,Sj*2mr]/d^+S2A8=*HBbi3x@`*/sk,q01urFfNC31x?>0gaTf,Amv+liV?sg6d0G7XDZTnpLp"Def)!;\IQBpQ<F?ljF(-\u_\00>mmp.#MVrpHQ`]Ff/hk7Tix>,?^:}}3+YStg?~N*!b!g`0$B#o24X{""MJOuOAShEqe-pE5+5b'

2020-05-24 19:23:12 - [TEST_STEP][PASSED] - GetLenChar = GetInputValue.length(): null

2020-05-24 19:23:12 - [TEST_STEP][PASSED] - if (GetLenChar <= 4000): null

2020-05-24 19:23:12 - [TEST_STEP][PASSED] - GetLengthChar = CharLengthTBL.containsKey(FldNm): null

2020-05-24 19:23:12 - [MESSAGE][PASSED] - Call Test Case 'Test Cases/PFI Precision and Scale/PFI Components/MaxCharLengthValidation' successfully

2020-05-24 19:23:12 - [TEST_STEP][PASSED] - callTestCase(findTestCase("PFI Precision and Scale/PFI Components/VerifyDropdownValues"), ["FldNm":"aoAssignTo", "index":0, "CallTCName":"PFI Precision and Scale/PFI Components/OfficerLists", "cmbNm":"OfficerLists", ... ], STOP_ON_FAILURE): Call Test Case 'Test Cases/PFI Precision and Scale/PFI Components/VerifyDropdownValues' successfully

2020-05-24 19:23:12 - [TEST_CASE][PASSED] - Test Cases/PFI Precision and Scale/PFI Components/VerifyDropdownValues: Test Cases/PFI Precision and Scale/PFI Components/VerifyDropdownValues

2020-05-24 19:23:12 - [TEST_STEP][PASSED] - Thread.sleep(1000): null

2020-05-24 19:23:13 - [TEST_STEP][PASSED] - if (index == 0): Modify property of object successfully

2020-05-24 19:23:13 - [TEST_STEP][PASSED] - NewInputNmField = modifyObjectProperty(findTestObject("Objects.HighlightElements/input_field"), "name", "equals", FldNm, true): Modify property of object successfully

2020-05-24 19:23:13 - [MESSAGE][PASSED] - Modify property of object successfully

2020-05-24 19:23:13 - [TEST_STEP][PASSED] - if (FldNm == "NovaComboBox"): null

2020-05-24 19:23:13 - [TEST_STEP][PASSED] - comboNm = cmbNm: null

2020-05-24 19:23:13 - [TEST_STEP][PASSED] - focus(NewInputNmField): Object: 'Object Repository/Objects.HighlightElements/input_field' is focused

2020-05-24 19:23:13 - [MESSAGE][PASSED] - Object: 'Object Repository/Objects.HighlightElements/input_field' is focused

2020-05-24 19:23:13 - [TEST_STEP][PASSED] - setText(NewInputNmField, EnterValue): Text '' is set on object 'Object Repository/Objects.HighlightElements/input_field'

2020-05-24 19:23:13 - [MESSAGE][PASSED] - Text '' is set on object 'Object Repository/Objects.HighlightElements/input_field'

2020-05-24 19:23:13 - [TEST_STEP][PASSED] - for ([i = 1, i <= NoOfVal, (i++)]): Keys 'DOWN + ' sent to object: 'Object Repository/Objects.HighlightElements/input_field'

2020-05-24 19:23:13 - [TEST_STEP][PASSED] - sendKeys(NewInputNmField, Keys.chord(ARROW_DOWN)): Keys 'DOWN + ' sent to object: 'Object Repository/Objects.HighlightElements/input_field'

2020-05-24 19:23:14 - [MESSAGE][PASSED] - Keys 'DOWN + ' sent to object: 'Object Repository/Objects.HighlightElements/input_field'

2020-05-24 19:23:14 - [TEST_STEP][PASSED] - delay(DelayTime): Delayed 5 second(s)

2020-05-24 19:23:19 - [MESSAGE][PASSED] - Delayed 5 second(s)

2020-05-24 19:23:19 - [TEST_STEP][PASSED] - sendKeys(NewInputNmField, Keys.chord(ENTER)): Keys 'ENTER + ' sent to object: 'Object Repository/Objects.HighlightElements/input_field'

2020-05-24 19:23:19 - [MESSAGE][PASSED] - Keys 'ENTER + ' sent to object: 'Object Repository/Objects.HighlightElements/input_field'

2020-05-24 19:23:19 - [TEST_STEP][PASSED] - ComboBoxValue = getAttribute(NewInputNmField, "value"): Attribute 'value' of object 'Object Repository/Objects.HighlightElements/input_field' is: 'Aaron Sham Wai Lun (AARON)'

2020-05-24 19:23:19 - [MESSAGE][PASSED] - Attribute 'value' of object 'Object Repository/Objects.HighlightElements/input_field' is: 'Aaron Sham Wai Lun (AARON)'

2020-05-24 19:23:19 - [TEST_STEP][PASSED] - callTestCase(findTestCase(CallTCName), ["FindValue":ComboBoxValue, "DropdownNm":comboNm], STOP_ON_FAILURE): Call Test Case 'Test Cases/PFI Precision and Scale/PFI Components/OfficerLists' successfully

2020-05-24 19:23:19 - [TEST_CASE][PASSED] - Test Cases/PFI Precision and Scale/PFI Components/OfficerLists: Test Cases/PFI Precision and Scale/PFI Components/OfficerLists

2020-05-24 19:23:19 - [TEST_STEP][PASSED] - Thread.sleep(1000): null

2020-05-24 19:23:20 - [TEST_STEP][PASSED] - OfficerLists = [1:"Aaron Sham Wai Lun (AARON)", 2:"Azidah Bte Akmad (Mdm) (USAABD)", 3:"Chung Fong Nyen (USACFN)", 4:"David Tey Dah Wei (DAHWEI)", ... ]: null

2020-05-24 19:23:20 - [TEST_STEP][PASSED] - ValueFound = OfficerLists.find({ -> ... }): null

2020-05-24 19:23:20 - [MESSAGE][PASSED] - Call Test Case 'Test Cases/PFI Precision and Scale/PFI Components/OfficerLists' successfully

2020-05-24 19:23:20 - [TEST_STEP][PASSED] - println(ValueFound): null

2020-05-24 19:23:20 - [TEST_STEP][PASSED] - sendKeys(NewInputNmField, Keys.chord(ARROW_DOWN)): Keys 'DOWN + ' sent to object: 'Object Repository/Objects.HighlightElements/input_field'

2020-05-24 19:23:21 - [MESSAGE][PASSED] - Keys 'DOWN + ' sent to object: 'Object Repository/Objects.HighlightElements/input_field'

2020-05-24 19:23:21 - [TEST_STEP][PASSED] - sendKeys(NewInputNmField, Keys.chord(ARROW_DOWN)): Keys 'DOWN + ' sent to object: 'Object Repository/Objects.HighlightElements/input_field'

2020-05-24 19:23:21 - [MESSAGE][PASSED] - Keys 'DOWN + ' sent to object: 'Object Repository/Objects.HighlightElements/input_field'

2020-05-24 19:23:21 - [TEST_STEP][PASSED] - delay(DelayTime): Delayed 5 second(s)

2020-05-24 19:23:26 - [MESSAGE][PASSED] - Delayed 5 second(s)

2020-05-24 19:23:26 - [TEST_STEP][PASSED] - sendKeys(NewInputNmField, Keys.chord(ENTER)): Keys 'ENTER + ' sent to object: 'Object Repository/Objects.HighlightElements/input_field'

2020-05-24 19:23:26 - [MESSAGE][PASSED] - Keys 'ENTER + ' sent to object: 'Object Repository/Objects.HighlightElements/input_field'

2020-05-24 19:23:26 - [TEST_STEP][PASSED] - ComboBoxValue = getAttribute(NewInputNmField, "value"): Attribute 'value' of object 'Object Repository/Objects.HighlightElements/input_field' is: 'Azidah Bte Akmad (Mdm) (USAABD)'

2020-05-24 19:23:27 - [MESSAGE][PASSED] - Attribute 'value' of object 'Object Repository/Objects.HighlightElements/input_field' is: 'Azidah Bte Akmad (Mdm) (USAABD)'

2020-05-24 19:23:27 - [TEST_STEP][PASSED] - callTestCase(findTestCase(CallTCName), ["FindValue":ComboBoxValue, "DropdownNm":comboNm], STOP_ON_FAILURE): Call Test Case 'Test Cases/PFI Precision and Scale/PFI Components/OfficerLists' successfully

2020-05-24 19:23:27 - [TEST_CASE][PASSED] - Test Cases/PFI Precision and Scale/PFI Components/OfficerLists: Test Cases/PFI Precision and Scale/PFI Components/OfficerLists

2020-05-24 19:23:27 - [TEST_STEP][PASSED] - Thread.sleep(1000): null

2020-05-24 19:23:28 - [TEST_STEP][PASSED] - OfficerLists = [1:"Aaron Sham Wai Lun (AARON)", 2:"Azidah Bte Akmad (Mdm) (USAABD)", 3:"Chung Fong Nyen (USACFN)", 4:"David Tey Dah Wei (DAHWEI)", ... ]: null

2020-05-24 19:23:28 - [TEST_STEP][PASSED] - ValueFound = OfficerLists.find({ -> ... }): null

2020-05-24 19:23:28 - [MESSAGE][PASSED] - Call Test Case 'Test Cases/PFI Precision and Scale/PFI Components/OfficerLists' successfully

2020-05-24 19:23:28 - [TEST_STEP][PASSED] - println(ValueFound): null

2020-05-24 19:23:28 - [TEST_STEP][PASSED] - sendKeys(NewInputNmField, Keys.chord(ARROW_DOWN)): Keys 'DOWN + ' sent to object: 'Object Repository/Objects.HighlightElements/input_field'

2020-05-24 19:23:28 - [MESSAGE][PASSED] - Keys 'DOWN + ' sent to object: 'Object Repository/Objects.HighlightElements/input_field'

2020-05-24 19:23:28 - [TEST_STEP][PASSED] - sendKeys(NewInputNmField, Keys.chord(ARROW_DOWN)): Keys 'DOWN + ' sent to object: 'Object Repository/Objects.HighlightElements/input_field'

2020-05-24 19:23:29 - [MESSAGE][PASSED] - Keys 'DOWN + ' sent to object: 'Object Repository/Objects.HighlightElements/input_field'

2020-05-24 19:23:29 - [TEST_STEP][PASSED] - delay(DelayTime): Delayed 5 second(s)

2020-05-24 19:23:34 - [MESSAGE][PASSED] - Delayed 5 second(s)

2020-05-24 19:23:34 - [TEST_STEP][PASSED] - sendKeys(NewInputNmField, Keys.chord(ENTER)): Keys 'ENTER + ' sent to object: 'Object Repository/Objects.HighlightElements/input_field'

2020-05-24 19:23:34 - [MESSAGE][PASSED] - Keys 'ENTER + ' sent to object: 'Object Repository/Objects.HighlightElements/input_field'

2020-05-24 19:23:34 - [TEST_STEP][PASSED] - ComboBoxValue = getAttribute(NewInputNmField, "value"): Attribute 'value' of object 'Object Repository/Objects.HighlightElements/input_field' is: 'Chua Bee Tee (BEETEE)'

2020-05-24 19:23:34 - [MESSAGE][PASSED] - Attribute 'value' of object 'Object Repository/Objects.HighlightElements/input_field' is: 'Chua Bee Tee (BEETEE)'

2020-05-24 19:23:34 - [TEST_STEP][PASSED] - callTestCase(findTestCase(CallTCName), ["FindValue":ComboBoxValue, "DropdownNm":comboNm], STOP_ON_FAILURE): Call Test Case 'Test Cases/PFI Precision and Scale/PFI Components/OfficerLists' successfully

2020-05-24 19:23:35 - [TEST_CASE][PASSED] - Test Cases/PFI Precision and Scale/PFI Components/OfficerLists: Test Cases/PFI Precision and Scale/PFI Components/OfficerLists

2020-05-24 19:23:35 - [TEST_STEP][PASSED] - Thread.sleep(1000): null

2020-05-24 19:23:36 - [TEST_STEP][PASSED] - OfficerLists = [1:"Aaron Sham Wai Lun (AARON)", 2:"Azidah Bte Akmad (Mdm) (USAABD)", 3:"Chung Fong Nyen (USACFN)", 4:"David Tey Dah Wei (DAHWEI)", ... ]: null

2020-05-24 19:23:36 - [TEST_STEP][PASSED] - ValueFound = OfficerLists.find({ -> ... }): null

2020-05-24 19:23:36 - [MESSAGE][PASSED] - Call Test Case 'Test Cases/PFI Precision and Scale/PFI Components/OfficerLists' successfully

2020-05-24 19:23:36 - [TEST_STEP][PASSED] - println(ValueFound): null

2020-05-24 19:23:36 - [TEST_STEP][PASSED] - sendKeys(NewInputNmField, Keys.chord(ARROW_DOWN)): Keys 'DOWN + ' sent to object: 'Object Repository/Objects.HighlightElements/input_field'

2020-05-24 19:23:36 - [MESSAGE][PASSED] - Keys 'DOWN + ' sent to object: 'Object Repository/Objects.HighlightElements/input_field'

2020-05-24 19:23:36 - [TEST_STEP][PASSED] - sendKeys(NewInputNmField, Keys.chord(ARROW_DOWN)): Keys 'DOWN + ' sent to object: 'Object Repository/Objects.HighlightElements/input_field'

2020-05-24 19:23:36 - [MESSAGE][PASSED] - Keys 'DOWN + ' sent to object: 'Object Repository/Objects.HighlightElements/input_field'

2020-05-24 19:23:36 - [TEST_STEP][PASSED] - delay(DelayTime): Delayed 5 second(s)

2020-05-24 19:23:41 - [MESSAGE][PASSED] - Delayed 5 second(s)

2020-05-24 19:23:41 - [TEST_STEP][PASSED] - sendKeys(NewInputNmField, Keys.chord(ENTER)): Keys 'ENTER + ' sent to object: 'Object Repository/Objects.HighlightElements/input_field'

2020-05-24 19:23:42 - [MESSAGE][PASSED] - Keys 'ENTER + ' sent to object: 'Object Repository/Objects.HighlightElements/input_field'

2020-05-24 19:23:42 - [TEST_STEP][PASSED] - ComboBoxValue = getAttribute(NewInputNmField, "value"): Attribute 'value' of object 'Object Repository/Objects.HighlightElements/input_field' is: 'Chung Fong Nyen (USACFN)'

2020-05-24 19:23:42 - [MESSAGE][PASSED] - Attribute 'value' of object 'Object Repository/Objects.HighlightElements/input_field' is: 'Chung Fong Nyen (USACFN)'

2020-05-24 19:23:42 - [TEST_STEP][PASSED] - callTestCase(findTestCase(CallTCName), ["FindValue":ComboBoxValue, "DropdownNm":comboNm], STOP_ON_FAILURE): Call Test Case 'Test Cases/PFI Precision and Scale/PFI Components/OfficerLists' successfully

2020-05-24 19:23:42 - [TEST_CASE][PASSED] - Test Cases/PFI Precision and Scale/PFI Components/OfficerLists: Test Cases/PFI Precision and Scale/PFI Components/OfficerLists

2020-05-24 19:23:42 - [TEST_STEP][PASSED] - Thread.sleep(1000): null

2020-05-24 19:23:43 - [TEST_STEP][PASSED] - OfficerLists = [1:"Aaron Sham Wai Lun (AARON)", 2:"Azidah Bte Akmad (Mdm) (USAABD)", 3:"Chung Fong Nyen (USACFN)", 4:"David Tey Dah Wei (DAHWEI)", ... ]: null

2020-05-24 19:23:43 - [TEST_STEP][PASSED] - ValueFound = OfficerLists.find({ -> ... }): null

2020-05-24 19:23:43 - [MESSAGE][PASSED] - Call Test Case 'Test Cases/PFI Precision and Scale/PFI Components/OfficerLists' successfully

2020-05-24 19:23:43 - [TEST_STEP][PASSED] - println(ValueFound): null

2020-05-24 19:23:43 - [TEST_STEP][PASSED] - sendKeys(NewInputNmField, Keys.chord(ARROW_DOWN)): Keys 'DOWN + ' sent to object: 'Object Repository/Objects.HighlightElements/input_field'

2020-05-24 19:23:43 - [MESSAGE][PASSED] - Keys 'DOWN + ' sent to object: 'Object Repository/Objects.HighlightElements/input_field'

2020-05-24 19:23:43 - [TEST_STEP][PASSED] - sendKeys(NewInputNmField, Keys.chord(ARROW_DOWN)): Keys 'DOWN + ' sent to object: 'Object Repository/Objects.HighlightElements/input_field'

2020-05-24 19:23:44 - [MESSAGE][PASSED] - Keys 'DOWN + ' sent to object: 'Object Repository/Objects.HighlightElements/input_field'

2020-05-24 19:23:44 - [TEST_STEP][PASSED] - delay(DelayTime): Delayed 5 second(s)

2020-05-24 19:23:49 - [MESSAGE][PASSED] - Delayed 5 second(s)

2020-05-24 19:23:49 - [TEST_STEP][PASSED] - sendKeys(NewInputNmField, Keys.chord(ENTER)): Keys 'ENTER + ' sent to object: 'Object Repository/Objects.HighlightElements/input_field'

2020-05-24 19:23:49 - [MESSAGE][PASSED] - Keys 'ENTER + ' sent to object: 'Object Repository/Objects.HighlightElements/input_field'

2020-05-24 19:23:49 - [TEST_STEP][PASSED] - ComboBoxValue = getAttribute(NewInputNmField, "value"): Attribute 'value' of object 'Object Repository/Objects.HighlightElements/input_field' is: 'David Tey Dah Wei (DAHWEI)'

2020-05-24 19:23:50 - [MESSAGE][PASSED] - Attribute 'value' of object 'Object Repository/Objects.HighlightElements/input_field' is: 'David Tey Dah Wei (DAHWEI)'

2020-05-24 19:23:50 - [TEST_STEP][PASSED] - callTestCase(findTestCase(CallTCName), ["FindValue":ComboBoxValue, "DropdownNm":comboNm], STOP_ON_FAILURE): Call Test Case 'Test Cases/PFI Precision and Scale/PFI Components/OfficerLists' successfully

2020-05-24 19:23:50 - [TEST_CASE][PASSED] - Test Cases/PFI Precision and Scale/PFI Components/OfficerLists: Test Cases/PFI Precision and Scale/PFI Components/OfficerLists

2020-05-24 19:23:50 - [TEST_STEP][PASSED] - Thread.sleep(1000): null

2020-05-24 19:23:51 - [TEST_STEP][PASSED] - OfficerLists = [1:"Aaron Sham Wai Lun (AARON)", 2:"Azidah Bte Akmad (Mdm) (USAABD)", 3:"Chung Fong Nyen (USACFN)", 4:"David Tey Dah Wei (DAHWEI)", ... ]: null

2020-05-24 19:23:51 - [TEST_STEP][PASSED] - ValueFound = OfficerLists.find({ -> ... }): null

2020-05-24 19:23:51 - [MESSAGE][PASSED] - Call Test Case 'Test Cases/PFI Precision and Scale/PFI Components/OfficerLists' successfully

2020-05-24 19:23:51 - [TEST_STEP][PASSED] - println(ValueFound): null

2020-05-24 19:23:51 - [TEST_STEP][PASSED] - sendKeys(NewInputNmField, Keys.chord(ARROW_DOWN)): Keys 'DOWN + ' sent to object: 'Object Repository/Objects.HighlightElements/input_field'

2020-05-24 19:23:51 - [MESSAGE][PASSED] - Keys 'DOWN + ' sent to object: 'Object Repository/Objects.HighlightElements/input_field'

2020-05-24 19:23:51 - [TEST_STEP][PASSED] - sendKeys(NewInputNmField, Keys.chord(ARROW_DOWN)): Keys 'DOWN + ' sent to object: 'Object Repository/Objects.HighlightElements/input_field'

2020-05-24 19:23:51 - [MESSAGE][PASSED] - Keys 'DOWN + ' sent to object: 'Object Repository/Objects.HighlightElements/input_field'

2020-05-24 19:23:51 - [TEST_STEP][PASSED] - delay(DelayTime): Delayed 5 second(s)

2020-05-24 19:23:56 - [MESSAGE][PASSED] - Delayed 5 second(s)

2020-05-24 19:23:56 - [TEST_STEP][PASSED] - sendKeys(NewInputNmField, Keys.chord(ENTER)): Keys 'ENTER + ' sent to object: 'Object Repository/Objects.HighlightElements/input_field'

2020-05-24 19:23:57 - [MESSAGE][PASSED] - Keys 'ENTER + ' sent to object: 'Object Repository/Objects.HighlightElements/input_field'

2020-05-24 19:23:57 - [TEST_STEP][PASSED] - ComboBoxValue = getAttribute(NewInputNmField, "value"): Attribute 'value' of object 'Object Repository/Objects.HighlightElements/input_field' is: 'Han Wann Kuang (WANNKUANG)'

2020-05-24 19:23:57 - [MESSAGE][PASSED] - Attribute 'value' of object 'Object Repository/Objects.HighlightElements/input_field' is: 'Han Wann Kuang (WANNKUANG)'

2020-05-24 19:23:57 - [TEST_STEP][PASSED] - callTestCase(findTestCase(CallTCName), ["FindValue":ComboBoxValue, "DropdownNm":comboNm], STOP_ON_FAILURE): Call Test Case 'Test Cases/PFI Precision and Scale/PFI Components/OfficerLists' successfully

2020-05-24 19:23:57 - [TEST_CASE][PASSED] - Test Cases/PFI Precision and Scale/PFI Components/OfficerLists: Test Cases/PFI Precision and Scale/PFI Components/OfficerLists

2020-05-24 19:23:57 - [TEST_STEP][PASSED] - Thread.sleep(1000): null

2020-05-24 19:23:58 - [TEST_STEP][PASSED] - OfficerLists = [1:"Aaron Sham Wai Lun (AARON)", 2:"Azidah Bte Akmad (Mdm) (USAABD)", 3:"Chung Fong Nyen (USACFN)", 4:"David Tey Dah Wei (DAHWEI)", ... ]: null

2020-05-24 19:23:58 - [TEST_STEP][PASSED] - ValueFound = OfficerLists.find({ -> ... }): null

2020-05-24 19:23:58 - [MESSAGE][PASSED] - Call Test Case 'Test Cases/PFI Precision and Scale/PFI Components/OfficerLists' successfully

2020-05-24 19:23:58 - [TEST_STEP][PASSED] - println(ValueFound): null

2020-05-24 19:23:58 - [TEST_STEP][PASSED] - sendKeys(NewInputNmField, Keys.chord(ARROW_DOWN)): Keys 'DOWN + ' sent to object: 'Object Repository/Objects.HighlightElements/input_field'

2020-05-24 19:23:58 - [MESSAGE][PASSED] - Keys 'DOWN + ' sent to object: 'Object Repository/Objects.HighlightElements/input_field'

2020-05-24 19:23:58 - [TEST_STEP][PASSED] - sendKeys(NewInputNmField, Keys.chord(ARROW_DOWN)): Keys 'DOWN + ' sent to object: 'Object Repository/Objects.HighlightElements/input_field'

2020-05-24 19:23:59 - [MESSAGE][PASSED] - Keys 'DOWN + ' sent to object: 'Object Repository/Objects.HighlightElements/input_field'

2020-05-24 19:23:59 - [TEST_STEP][PASSED] - delay(DelayTime): Delayed 5 second(s)

2020-05-24 19:24:04 - [MESSAGE][PASSED] - Delayed 5 second(s)

2020-05-24 19:24:04 - [TEST_STEP][PASSED] - sendKeys(NewInputNmField, Keys.chord(ENTER)): Keys 'ENTER + ' sent to object: 'Object Repository/Objects.HighlightElements/input_field'

2020-05-24 19:24:04 - [MESSAGE][PASSED] - Keys 'ENTER + ' sent to object: 'Object Repository/Objects.HighlightElements/input_field'

2020-05-24 19:24:04 - [TEST_STEP][PASSED] - ComboBoxValue = getAttribute(NewInputNmField, "value"): Attribute 'value' of object 'Object Repository/Objects.HighlightElements/input_field' is: 'Ho Tze Siang (TZESIANG)'

2020-05-24 19:24:05 - [MESSAGE][PASSED] - Attribute 'value' of object 'Object Repository/Objects.HighlightElements/input_field' is: 'Ho Tze Siang (TZESIANG)'

2020-05-24 19:24:05 - [TEST_STEP][PASSED] - callTestCase(findTestCase(CallTCName), ["FindValue":ComboBoxValue, "DropdownNm":comboNm], STOP_ON_FAILURE): Call Test Case 'Test Cases/PFI Precision and Scale/PFI Components/OfficerLists' successfully

2020-05-24 19:24:05 - [TEST_CASE][PASSED] - Test Cases/PFI Precision and Scale/PFI Components/OfficerLists: Test Cases/PFI Precision and Scale/PFI Components/OfficerLists

2020-05-24 19:24:05 - [TEST_STEP][PASSED] - Thread.sleep(1000): null

2020-05-24 19:24:06 - [TEST_STEP][PASSED] - OfficerLists = [1:"Aaron Sham Wai Lun (AARON)", 2:"Azidah Bte Akmad (Mdm) (USAABD)", 3:"Chung Fong Nyen (USACFN)", 4:"David Tey Dah Wei (DAHWEI)", ... ]: null

2020-05-24 19:24:06 - [TEST_STEP][PASSED] - ValueFound = OfficerLists.find({ -> ... }): null

2020-05-24 19:24:06 - [MESSAGE][PASSED] - Call Test Case 'Test Cases/PFI Precision and Scale/PFI Components/OfficerLists' successfully

2020-05-24 19:24:06 - [TEST_STEP][PASSED] - println(ValueFound): null

2020-05-24 19:24:06 - [TEST_STEP][PASSED] - sendKeys(NewInputNmField, Keys.chord(ARROW_DOWN)): Keys 'DOWN + ' sent to object: 'Object Repository/Objects.HighlightElements/input_field'

2020-05-24 19:24:06 - [MESSAGE][PASSED] - Keys 'DOWN + ' sent to object: 'Object Repository/Objects.HighlightElements/input_field'

2020-05-24 19:24:06 - [TEST_STEP][PASSED] - sendKeys(NewInputNmField, Keys.chord(ARROW_DOWN)): Keys 'DOWN + ' sent to object: 'Object Repository/Objects.HighlightElements/input_field'

2020-05-24 19:24:07 - [MESSAGE][PASSED] - Keys 'DOWN + ' sent to object: 'Object Repository/Objects.HighlightElements/input_field'

2020-05-24 19:24:07 - [TEST_STEP][PASSED] - delay(DelayTime): Delayed 5 second(s)

2020-05-24 19:24:12 - [MESSAGE][PASSED] - Delayed 5 second(s)

2020-05-24 19:24:12 - [TEST_STEP][PASSED] - sendKeys(NewInputNmField, Keys.chord(ENTER)): Keys 'ENTER + ' sent to object: 'Object Repository/Objects.HighlightElements/input_field'

2020-05-24 19:24:12 - [MESSAGE][PASSED] - Keys 'ENTER + ' sent to object: 'Object Repository/Objects.HighlightElements/input_field'

2020-05-24 19:24:12 - [TEST_STEP][PASSED] - ComboBoxValue = getAttribute(NewInputNmField, "value"): Attribute 'value' of object 'Object Repository/Objects.HighlightElements/input_field' is: 'Ho-Chan Vun Ching (USAHVC)'

2020-05-24 19:24:12 - [MESSAGE][PASSED] - Attribute 'value' of object 'Object Repository/Objects.HighlightElements/input_field' is: 'Ho-Chan Vun Ching (USAHVC)'

2020-05-24 19:24:12 - [TEST_STEP][PASSED] - callTestCase(findTestCase(CallTCName), ["FindValue":ComboBoxValue, "DropdownNm":comboNm], STOP_ON_FAILURE): Call Test Case 'Test Cases/PFI Precision and Scale/PFI Components/OfficerLists' successfully

2020-05-24 19:24:12 - [TEST_CASE][PASSED] - Test Cases/PFI Precision and Scale/PFI Components/OfficerLists: Test Cases/PFI Precision and Scale/PFI Components/OfficerLists

2020-05-24 19:24:12 - [TEST_STEP][PASSED] - Thread.sleep(1000): null

2020-05-24 19:24:13 - [TEST_STEP][PASSED] - OfficerLists = [1:"Aaron Sham Wai Lun (AARON)", 2:"Azidah Bte Akmad (Mdm) (USAABD)", 3:"Chung Fong Nyen (USACFN)", 4:"David Tey Dah Wei (DAHWEI)", ... ]: null

2020-05-24 19:24:13 - [TEST_STEP][PASSED] - ValueFound = OfficerLists.find({ -> ... }): null

2020-05-24 19:24:13 - [MESSAGE][PASSED] - Call Test Case 'Test Cases/PFI Precision and Scale/PFI Components/OfficerLists' successfully

2020-05-24 19:24:13 - [TEST_STEP][PASSED] - println(ValueFound): null

2020-05-24 19:24:13 - [TEST_STEP][PASSED] - sendKeys(NewInputNmField, Keys.chord(ARROW_DOWN)): Keys 'DOWN + ' sent to object: 'Object Repository/Objects.HighlightElements/input_field'

2020-05-24 19:24:14 - [MESSAGE][PASSED] - Keys 'DOWN + ' sent to object: 'Object Repository/Objects.HighlightElements/input_field'

2020-05-24 19:24:14 - [TEST_STEP][PASSED] - sendKeys(NewInputNmField, Keys.chord(ARROW_DOWN)): Keys 'DOWN + ' sent to object: 'Object Repository/Objects.HighlightElements/input_field'

2020-05-24 19:24:14 - [MESSAGE][PASSED] - Keys 'DOWN + ' sent to object: 'Object Repository/Objects.HighlightElements/input_field'

2020-05-24 19:24:14 - [TEST_STEP][PASSED] - delay(DelayTime): Delayed 5 second(s)

2020-05-24 19:24:19 - [MESSAGE][PASSED] - Delayed 5 second(s)

2020-05-24 19:24:19 - [TEST_STEP][PASSED] - sendKeys(NewInputNmField, Keys.chord(ENTER)): Keys 'ENTER + ' sent to object: 'Object Repository/Objects.HighlightElements/input_field'

2020-05-24 19:24:19 - [MESSAGE][PASSED] - Keys 'ENTER + ' sent to object: 'Object Repository/Objects.HighlightElements/input_field'

2020-05-24 19:24:19 - [TEST_STEP][PASSED] - ComboBoxValue = getAttribute(NewInputNmField, "value"): Attribute 'value' of object 'Object Repository/Objects.HighlightElements/input_field' is: 'Janet Lee Choon Hong (JANETCHOON)'

2020-05-24 19:24:20 - [MESSAGE][PASSED] - Attribute 'value' of object 'Object Repository/Objects.HighlightElements/input_field' is: 'Janet Lee Choon Hong (JANETCHOON)'

2020-05-24 19:24:20 - [TEST_STEP][PASSED] - callTestCase(findTestCase(CallTCName), ["FindValue":ComboBoxValue, "DropdownNm":comboNm], STOP_ON_FAILURE): Call Test Case 'Test Cases/PFI Precision and Scale/PFI Components/OfficerLists' successfully

2020-05-24 19:24:20 - [TEST_CASE][PASSED] - Test Cases/PFI Precision and Scale/PFI Components/OfficerLists: Test Cases/PFI Precision and Scale/PFI Components/OfficerLists

2020-05-24 19:24:20 - [TEST_STEP][PASSED] - Thread.sleep(1000): null

2020-05-24 19:24:21 - [TEST_STEP][PASSED] - OfficerLists = [1:"Aaron Sham Wai Lun (AARON)", 2:"Azidah Bte Akmad (Mdm) (USAABD)", 3:"Chung Fong Nyen (USACFN)", 4:"David Tey Dah Wei (DAHWEI)", ... ]: null

2020-05-24 19:24:21 - [TEST_STEP][PASSED] - ValueFound = OfficerLists.find({ -> ... }): null

2020-05-24 19:24:21 - [MESSAGE][PASSED] - Call Test Case 'Test Cases/PFI Precision and Scale/PFI Components/OfficerLists' successfully

2020-05-24 19:24:21 - [TEST_STEP][PASSED] - println(ValueFound): null

2020-05-24 19:24:21 - [TEST_STEP][PASSED] - sendKeys(NewInputNmField, Keys.chord(ARROW_DOWN)): Keys 'DOWN + ' sent to object: 'Object Repository/Objects.HighlightElements/input_field'

2020-05-24 19:24:21 - [MESSAGE][PASSED] - Keys 'DOWN + ' sent to object: 'Object Repository/Objects.HighlightElements/input_field'

2020-05-24 19:24:21 - [TEST_STEP][PASSED] - sendKeys(NewInputNmField, Keys.chord(ARROW_DOWN)): Keys 'DOWN + ' sent to object: 'Object Repository/Objects.HighlightElements/input_field'

2020-05-24 19:24:22 - [MESSAGE][PASSED] - Keys 'DOWN + ' sent to object: 'Object Repository/Objects.HighlightElements/input_field'

2020-05-24 19:24:22 - [TEST_STEP][PASSED] - delay(DelayTime): Delayed 5 second(s)

2020-05-24 19:24:27 - [MESSAGE][PASSED] - Delayed 5 second(s)

2020-05-24 19:24:27 - [TEST_STEP][PASSED] - sendKeys(NewInputNmField, Keys.chord(ENTER)): Keys 'ENTER + ' sent to object: 'Object Repository/Objects.HighlightElements/input_field'

2020-05-24 19:24:27 - [MESSAGE][PASSED] - Keys 'ENTER + ' sent to object: 'Object Repository/Objects.HighlightElements/input_field'

2020-05-24 19:24:27 - [TEST_STEP][PASSED] - ComboBoxValue = getAttribute(NewInputNmField, "value"): Attribute 'value' of object 'Object Repository/Objects.HighlightElements/input_field' is: 'Joseph Lim Pheng Weng (PHENGWENG)'

2020-05-24 19:24:27 - [MESSAGE][PASSED] - Attribute 'value' of object 'Object Repository/Objects.HighlightElements/input_field' is: 'Joseph Lim Pheng Weng (PHENGWENG)'

2020-05-24 19:24:27 - [TEST_STEP][PASSED] - callTestCase(findTestCase(CallTCName), ["FindValue":ComboBoxValue, "DropdownNm":comboNm], STOP_ON_FAILURE): Call Test Case 'Test Cases/PFI Precision and Scale/PFI Components/OfficerLists' successfully

2020-05-24 19:24:27 - [TEST_CASE][PASSED] - Test Cases/PFI Precision and Scale/PFI Components/OfficerLists: Test Cases/PFI Precision and Scale/PFI Components/OfficerLists

2020-05-24 19:24:27 - [TEST_STEP][PASSED] - Thread.sleep(1000): null

2020-05-24 19:24:28 - [TEST_STEP][PASSED] - OfficerLists = [1:"Aaron Sham Wai Lun (AARON)", 2:"Azidah Bte Akmad (Mdm) (USAABD)", 3:"Chung Fong Nyen (USACFN)", 4:"David Tey Dah Wei (DAHWEI)", ... ]: null

2020-05-24 19:24:28 - [TEST_STEP][PASSED] - ValueFound = OfficerLists.find({ -> ... }): null

2020-05-24 19:24:28 - [MESSAGE][PASSED] - Call Test Case 'Test Cases/PFI Precision and Scale/PFI Components/OfficerLists' successfully

2020-05-24 19:24:28 - [TEST_STEP][PASSED] - println(ValueFound): null

2020-05-24 19:24:28 - [TEST_STEP][PASSED] - sendKeys(NewInputNmField, Keys.chord(ARROW_DOWN)): Keys 'DOWN + ' sent to object: 'Object Repository/Objects.HighlightElements/input_field'

2020-05-24 19:24:29 - [MESSAGE][PASSED] - Keys 'DOWN + ' sent to object: 'Object Repository/Objects.HighlightElements/input_field'

2020-05-24 19:24:29 - [TEST_STEP][PASSED] - sendKeys(NewInputNmField, Keys.chord(ARROW_DOWN)): Keys 'DOWN + ' sent to object: 'Object Repository/Objects.HighlightElements/input_field'

2020-05-24 19:24:29 - [MESSAGE][PASSED] - Keys 'DOWN + ' sent to object: 'Object Repository/Objects.HighlightElements/input_field'

2020-05-24 19:24:29 - [TEST_STEP][PASSED] - delay(DelayTime): Delayed 5 second(s)

2020-05-24 19:24:34 - [MESSAGE][PASSED] - Delayed 5 second(s)

2020-05-24 19:24:34 - [TEST_STEP][PASSED] - sendKeys(NewInputNmField, Keys.chord(ENTER)): Keys 'ENTER + ' sent to object: 'Object Repository/Objects.HighlightElements/input_field'

2020-05-24 19:24:34 - [MESSAGE][PASSED] - Keys 'ENTER + ' sent to object: 'Object Repository/Objects.HighlightElements/input_field'

2020-05-24 19:24:34 - [TEST_STEP][PASSED] - ComboBoxValue = getAttribute(NewInputNmField, "value"): Attribute 'value' of object 'Object Repository/Objects.HighlightElements/input_field' is: 'Kaliannan Thanabal (KALIANN)'

2020-05-24 19:24:35 - [MESSAGE][PASSED] - Attribute 'value' of object 'Object Repository/Objects.HighlightElements/input_field' is: 'Kaliannan Thanabal (KALIANN)'

2020-05-24 19:24:35 - [TEST_STEP][PASSED] - callTestCase(findTestCase(CallTCName), ["FindValue":ComboBoxValue, "DropdownNm":comboNm], STOP_ON_FAILURE): Call Test Case 'Test Cases/PFI Precision and Scale/PFI Components/OfficerLists' successfully

2020-05-24 19:24:35 - [TEST_CASE][PASSED] - Test Cases/PFI Precision and Scale/PFI Components/OfficerLists: Test Cases/PFI Precision and Scale/PFI Components/OfficerLists

2020-05-24 19:24:35 - [TEST_STEP][PASSED] - Thread.sleep(1000): null

2020-05-24 19:24:36 - [TEST_STEP][PASSED] - OfficerLists = [1:"Aaron Sham Wai Lun (AARON)", 2:"Azidah Bte Akmad (Mdm) (USAABD)", 3:"Chung Fong Nyen (USACFN)", 4:"David Tey Dah Wei (DAHWEI)", ... ]: null

2020-05-24 19:24:36 - [TEST_STEP][PASSED] - ValueFound = OfficerLists.find({ -> ... }): null

2020-05-24 19:24:36 - [MESSAGE][PASSED] - Call Test Case 'Test Cases/PFI Precision and Scale/PFI Components/OfficerLists' successfully

2020-05-24 19:24:36 - [TEST_STEP][PASSED] - println(ValueFound): null

2020-05-24 19:24:36 - [TEST_STEP][PASSED] - sendKeys(NewInputNmField, Keys.chord(ARROW_DOWN)): Keys 'DOWN + ' sent to object: 'Object Repository/Objects.HighlightElements/input_field'

2020-05-24 19:24:36 - [MESSAGE][PASSED] - Keys 'DOWN + ' sent to object: 'Object Repository/Objects.HighlightElements/input_field'

2020-05-24 19:24:36 - [TEST_STEP][PASSED] - sendKeys(NewInputNmField, Keys.chord(ARROW_DOWN)): Keys 'DOWN + ' sent to object: 'Object Repository/Objects.HighlightElements/input_field'

2020-05-24 19:24:37 - [MESSAGE][PASSED] - Keys 'DOWN + ' sent to object: 'Object Repository/Objects.HighlightElements/input_field'

2020-05-24 19:24:37 - [TEST_STEP][PASSED] - delay(DelayTime): Delayed 5 second(s)

2020-05-24 19:24:42 - [MESSAGE][PASSED] - Delayed 5 second(s)

2020-05-24 19:24:42 - [TEST_STEP][PASSED] - sendKeys(NewInputNmField, Keys.chord(ENTER)): Keys 'ENTER + ' sent to object: 'Object Repository/Objects.HighlightElements/input_field'

2020-05-24 19:24:42 - [MESSAGE][PASSED] - Keys 'ENTER + ' sent to object: 'Object Repository/Objects.HighlightElements/input_field'

2020-05-24 19:24:42 - [TEST_STEP][PASSED] - ComboBoxValue = getAttribute(NewInputNmField, "value"): Attribute 'value' of object 'Object Repository/Objects.HighlightElements/input_field' is: 'Kelvin Phua Meng Thong (MENGTHONG)'

2020-05-24 19:24:42 - [MESSAGE][PASSED] - Attribute 'value' of object 'Object Repository/Objects.HighlightElements/input_field' is: 'Kelvin Phua Meng Thong (MENGTHONG)'

2020-05-24 19:24:42 - [TEST_STEP][PASSED] - callTestCase(findTestCase(CallTCName), ["FindValue":ComboBoxValue, "DropdownNm":comboNm], STOP_ON_FAILURE): Call Test Case 'Test Cases/PFI Precision and Scale/PFI Components/OfficerLists' successfully

2020-05-24 19:24:43 - [TEST_CASE][PASSED] - Test Cases/PFI Precision and Scale/PFI Components/OfficerLists: Test Cases/PFI Precision and Scale/PFI Components/OfficerLists

2020-05-24 19:24:43 - [TEST_STEP][PASSED] - Thread.sleep(1000): null

2020-05-24 19:24:44 - [TEST_STEP][PASSED] - OfficerLists = [1:"Aaron Sham Wai Lun (AARON)", 2:"Azidah Bte Akmad (Mdm) (USAABD)", 3:"Chung Fong Nyen (USACFN)", 4:"David Tey Dah Wei (DAHWEI)", ... ]: null

2020-05-24 19:24:44 - [TEST_STEP][PASSED] - ValueFound = OfficerLists.find({ -> ... }): null

2020-05-24 19:24:44 - [MESSAGE][PASSED] - Call Test Case 'Test Cases/PFI Precision and Scale/PFI Components/OfficerLists' successfully

2020-05-24 19:24:44 - [TEST_STEP][PASSED] - println(ValueFound): null

2020-05-24 19:24:44 - [TEST_STEP][PASSED] - sendKeys(NewInputNmField, Keys.chord(ARROW_DOWN)): Keys 'DOWN + ' sent to object: 'Object Repository/Objects.HighlightElements/input_field'

2020-05-24 19:24:44 - [MESSAGE][PASSED] - Keys 'DOWN + ' sent to object: 'Object Repository/Objects.HighlightElements/input_field'

2020-05-24 19:24:44 - [TEST_STEP][PASSED] - sendKeys(NewInputNmField, Keys.chord(ARROW_DOWN)): Keys 'DOWN + ' sent to object: 'Object Repository/Objects.HighlightElements/input_field'

2020-05-24 19:24:44 - [MESSAGE][PASSED] - Keys 'DOWN + ' sent to object: 'Object Repository/Objects.HighlightElements/input_field'

2020-05-24 19:24:44 - [TEST_STEP][PASSED] - delay(DelayTime): Delayed 5 second(s)

2020-05-24 19:24:49 - [MESSAGE][PASSED] - Delayed 5 second(s)

2020-05-24 19:24:49 - [TEST_STEP][PASSED] - sendKeys(NewInputNmField, Keys.chord(ENTER)): Keys 'ENTER + ' sent to object: 'Object Repository/Objects.HighlightElements/input_field'

2020-05-24 19:24:50 - [MESSAGE][PASSED] - Keys 'ENTER + ' sent to object: 'Object Repository/Objects.HighlightElements/input_field'

2020-05-24 19:24:50 - [TEST_STEP][PASSED] - ComboBoxValue = getAttribute(NewInputNmField, "value"): Attribute 'value' of object 'Object Repository/Objects.HighlightElements/input_field' is: 'Lee Kok Tien (USAKTL)'

2020-05-24 19:24:50 - [MESSAGE][PASSED] - Attribute 'value' of object 'Object Repository/Objects.HighlightElements/input_field' is: 'Lee Kok Tien (USAKTL)'

2020-05-24 19:24:50 - [TEST_STEP][PASSED] - callTestCase(findTestCase(CallTCName), ["FindValue":ComboBoxValue, "DropdownNm":comboNm], STOP_ON_FAILURE): Call Test Case 'Test Cases/PFI Precision and Scale/PFI Components/OfficerLists' successfully

2020-05-24 19:24:50 - [TEST_CASE][PASSED] - Test Cases/PFI Precision and Scale/PFI Components/OfficerLists: Test Cases/PFI Precision and Scale/PFI Components/OfficerLists

2020-05-24 19:24:50 - [TEST_STEP][PASSED] - Thread.sleep(1000): null

2020-05-24 19:24:51 - [TEST_STEP][PASSED] - OfficerLists = [1:"Aaron Sham Wai Lun (AARON)", 2:"Azidah Bte Akmad (Mdm) (USAABD)", 3:"Chung Fong Nyen (USACFN)", 4:"David Tey Dah Wei (DAHWEI)", ... ]: null

2020-05-24 19:24:51 - [TEST_STEP][PASSED] - ValueFound = OfficerLists.find({ -> ... }): null

2020-05-24 19:24:51 - [MESSAGE][PASSED] - Call Test Case 'Test Cases/PFI Precision and Scale/PFI Components/OfficerLists' successfully

2020-05-24 19:24:51 - [TEST_STEP][PASSED] - println(ValueFound): null

2020-05-24 19:24:51 - [TEST_STEP][PASSED] - sendKeys(NewInputNmField, Keys.chord(ARROW_DOWN)): Keys 'DOWN + ' sent to object: 'Object Repository/Objects.HighlightElements/input_field'

2020-05-24 19:24:51 - [MESSAGE][PASSED] - Keys 'DOWN + ' sent to object: 'Object Repository/Objects.HighlightElements/input_field'

2020-05-24 19:24:51 - [TEST_STEP][PASSED] - sendKeys(NewInputNmField, Keys.chord(ARROW_DOWN)): Keys 'DOWN + ' sent to object: 'Object Repository/Objects.HighlightElements/input_field'

2020-05-24 19:24:52 - [MESSAGE][PASSED] - Keys 'DOWN + ' sent to object: 'Object Repository/Objects.HighlightElements/input_field'

2020-05-24 19:24:52 - [TEST_STEP][PASSED] - delay(DelayTime): Delayed 5 second(s)

2020-05-24 19:24:57 - [MESSAGE][PASSED] - Delayed 5 second(s)

2020-05-24 19:24:57 - [TEST_STEP][PASSED] - sendKeys(NewInputNmField, Keys.chord(ENTER)): Keys 'ENTER + ' sent to object: 'Object Repository/Objects.HighlightElements/input_field'

2020-05-24 19:24:57 - [MESSAGE][PASSED] - Keys 'ENTER + ' sent to object: 'Object Repository/Objects.HighlightElements/input_field'

2020-05-24 19:24:57 - [TEST_STEP][PASSED] - ComboBoxValue = getAttribute(NewInputNmField, "value"): Attribute 'value' of object 'Object Repository/Objects.HighlightElements/input_field' is: 'Lim Beng Kwee (BENGKWEE)'

2020-05-24 19:24:58 - [MESSAGE][PASSED] - Attribute 'value' of object 'Object Repository/Objects.HighlightElements/input_field' is: 'Lim Beng Kwee (BENGKWEE)'

2020-05-24 19:24:58 - [TEST_STEP][PASSED] - callTestCase(findTestCase(CallTCName), ["FindValue":ComboBoxValue, "DropdownNm":comboNm], STOP_ON_FAILURE): Call Test Case 'Test Cases/PFI Precision and Scale/PFI Components/OfficerLists' successfully

2020-05-24 19:24:58 - [TEST_CASE][PASSED] - Test Cases/PFI Precision and Scale/PFI Components/OfficerLists: Test Cases/PFI Precision and Scale/PFI Components/OfficerLists

2020-05-24 19:24:58 - [TEST_STEP][PASSED] - Thread.sleep(1000): null

2020-05-24 19:24:59 - [TEST_STEP][PASSED] - OfficerLists = [1:"Aaron Sham Wai Lun (AARON)", 2:"Azidah Bte Akmad (Mdm) (USAABD)", 3:"Chung Fong Nyen (USACFN)", 4:"David Tey Dah Wei (DAHWEI)", ... ]: null

2020-05-24 19:24:59 - [TEST_STEP][PASSED] - ValueFound = OfficerLists.find({ -> ... }): null

2020-05-24 19:24:59 - [MESSAGE][PASSED] - Call Test Case 'Test Cases/PFI Precision and Scale/PFI Components/OfficerLists' successfully

2020-05-24 19:24:59 - [TEST_STEP][PASSED] - println(ValueFound): null

2020-05-24 19:24:59 - [TEST_STEP][PASSED] - sendKeys(NewInputNmField, Keys.chord(ARROW_DOWN)): Keys 'DOWN + ' sent to object: 'Object Repository/Objects.HighlightElements/input_field'

2020-05-24 19:24:59 - [MESSAGE][PASSED] - Keys 'DOWN + ' sent to object: 'Object Repository/Objects.HighlightElements/input_field'

2020-05-24 19:24:59 - [TEST_STEP][PASSED] - sendKeys(NewInputNmField, Keys.chord(ARROW_DOWN)): Keys 'DOWN + ' sent to object: 'Object Repository/Objects.HighlightElements/input_field'

2020-05-24 19:24:59 - [MESSAGE][PASSED] - Keys 'DOWN + ' sent to object: 'Object Repository/Objects.HighlightElements/input_field'

2020-05-24 19:24:59 - [TEST_STEP][PASSED] - delay(DelayTime): Delayed 5 second(s)

2020-05-24 19:25:04 - [MESSAGE][PASSED] - Delayed 5 second(s)

2020-05-24 19:25:04 - [TEST_STEP][PASSED] - sendKeys(NewInputNmField, Keys.chord(ENTER)): Keys 'ENTER + ' sent to object: 'Object Repository/Objects.HighlightElements/input_field'

2020-05-24 19:25:05 - [MESSAGE][PASSED] - Keys 'ENTER + ' sent to object: 'Object Repository/Objects.HighlightElements/input_field'

2020-05-24 19:25:05 - [TEST_STEP][PASSED] - ComboBoxValue = getAttribute(NewInputNmField, "value"): Attribute 'value' of object 'Object Repository/Objects.HighlightElements/input_field' is: 'Lim Leng Boon (LENGBOON)'

2020-05-24 19:25:05 - [MESSAGE][PASSED] - Attribute 'value' of object 'Object Repository/Objects.HighlightElements/input_field' is: 'Lim Leng Boon (LENGBOON)'

2020-05-24 19:25:05 - [TEST_STEP][PASSED] - callTestCase(findTestCase(CallTCName), ["FindValue":ComboBoxValue, "DropdownNm":comboNm], STOP_ON_FAILURE): Call Test Case 'Test Cases/PFI Precision and Scale/PFI Components/OfficerLists' successfully

2020-05-24 19:25:05 - [TEST_CASE][PASSED] - Test Cases/PFI Precision and Scale/PFI Components/OfficerLists: Test Cases/PFI Precision and Scale/PFI Components/OfficerLists

2020-05-24 19:25:05 - [TEST_STEP][PASSED] - Thread.sleep(1000): null

2020-05-24 19:25:06 - [TEST_STEP][PASSED] - OfficerLists = [1:"Aaron Sham Wai Lun (AARON)", 2:"Azidah Bte Akmad (Mdm) (USAABD)", 3:"Chung Fong Nyen (USACFN)", 4:"David Tey Dah Wei (DAHWEI)", ... ]: null

2020-05-24 19:25:06 - [TEST_STEP][PASSED] - ValueFound = OfficerLists.find({ -> ... }): null

2020-05-24 19:25:06 - [MESSAGE][PASSED] - Call Test Case 'Test Cases/PFI Precision and Scale/PFI Components/OfficerLists' successfully

2020-05-24 19:25:06 - [TEST_STEP][PASSED] - println(ValueFound): null

2020-05-24 19:25:06 - [TEST_STEP][PASSED] - sendKeys(NewInputNmField, Keys.chord(ARROW_DOWN)): Keys 'DOWN + ' sent to object: 'Object Repository/Objects.HighlightElements/input_field'

2020-05-24 19:25:06 - [MESSAGE][PASSED] - Keys 'DOWN + ' sent to object: 'Object Repository/Objects.HighlightElements/input_field'

2020-05-24 19:25:06 - [TEST_STEP][PASSED] - sendKeys(NewInputNmField, Keys.chord(ARROW_DOWN)): Keys 'DOWN + ' sent to object: 'Object Repository/Objects.HighlightElements/input_field'

2020-05-24 19:25:07 - [MESSAGE][PASSED] - Keys 'DOWN + ' sent to object: 'Object Repository/Objects.HighlightElements/input_field'

2020-05-24 19:25:07 - [TEST_STEP][PASSED] - delay(DelayTime): Delayed 5 second(s)

2020-05-24 19:25:12 - [MESSAGE][PASSED] - Delayed 5 second(s)

2020-05-24 19:25:12 - [TEST_STEP][PASSED] - sendKeys(NewInputNmField, Keys.chord(ENTER)): Keys 'ENTER + ' sent to object: 'Object Repository/Objects.HighlightElements/input_field'

2020-05-24 19:25:12 - [MESSAGE][PASSED] - Keys 'ENTER + ' sent to object: 'Object Repository/Objects.HighlightElements/input_field'

2020-05-24 19:25:12 - [TEST_STEP][PASSED] - ComboBoxValue = getAttribute(NewInputNmField, "value"): Attribute 'value' of object 'Object Repository/Objects.HighlightElements/input_field' is: 'Liu Xiaopeng (XIAOPENG)'

2020-05-24 19:25:13 - [MESSAGE][PASSED] - Attribute 'value' of object 'Object Repository/Objects.HighlightElements/input_field' is: 'Liu Xiaopeng (XIAOPENG)'

2020-05-24 19:25:13 - [TEST_STEP][PASSED] - callTestCase(findTestCase(CallTCName), ["FindValue":ComboBoxValue, "DropdownNm":comboNm], STOP_ON_FAILURE): Call Test Case 'Test Cases/PFI Precision and Scale/PFI Components/OfficerLists' successfully

2020-05-24 19:25:13 - [TEST_CASE][PASSED] - Test Cases/PFI Precision and Scale/PFI Components/OfficerLists: Test Cases/PFI Precision and Scale/PFI Components/OfficerLists

2020-05-24 19:25:13 - [TEST_STEP][PASSED] - Thread.sleep(1000): null

2020-05-24 19:25:14 - [TEST_STEP][PASSED] - OfficerLists = [1:"Aaron Sham Wai Lun (AARON)", 2:"Azidah Bte Akmad (Mdm) (USAABD)", 3:"Chung Fong Nyen (USACFN)", 4:"David Tey Dah Wei (DAHWEI)", ... ]: null

2020-05-24 19:25:14 - [TEST_STEP][PASSED] - ValueFound = OfficerLists.find({ -> ... }): null

2020-05-24 19:25:14 - [MESSAGE][PASSED] - Call Test Case 'Test Cases/PFI Precision and Scale/PFI Components/OfficerLists' successfully

2020-05-24 19:25:14 - [TEST_STEP][PASSED] - println(ValueFound): null

2020-05-24 19:25:14 - [TEST_STEP][PASSED] - sendKeys(NewInputNmField, Keys.chord(ARROW_DOWN)): Keys 'DOWN + ' sent to object: 'Object Repository/Objects.HighlightElements/input_field'

2020-05-24 19:25:14 - [MESSAGE][PASSED] - Keys 'DOWN + ' sent to object: 'Object Repository/Objects.HighlightElements/input_field'

2020-05-24 19:25:14 - [TEST_STEP][PASSED] - sendKeys(NewInputNmField, Keys.chord(ARROW_DOWN)): Keys 'DOWN + ' sent to object: 'Object Repository/Objects.HighlightElements/input_field'

2020-05-24 19:25:15 - [MESSAGE][PASSED] - Keys 'DOWN + ' sent to object: 'Object Repository/Objects.HighlightElements/input_field'

2020-05-24 19:25:15 - [TEST_STEP][PASSED] - delay(DelayTime): Delayed 5 second(s)

2020-05-24 19:25:20 - [MESSAGE][PASSED] - Delayed 5 second(s)

2020-05-24 19:25:20 - [TEST_STEP][PASSED] - sendKeys(NewInputNmField, Keys.chord(ENTER)): Keys 'ENTER + ' sent to object: 'Object Repository/Objects.HighlightElements/input_field'

2020-05-24 19:25:20 - [MESSAGE][PASSED] - Keys 'ENTER + ' sent to object: 'Object Repository/Objects.HighlightElements/input_field'

2020-05-24 19:25:20 - [TEST_STEP][PASSED] - ComboBoxValue = getAttribute(NewInputNmField, "value"): Attribute 'value' of object 'Object Repository/Objects.HighlightElements/input_field' is: 'Lu Ji Ju (Mdm) (USALJJ)'

2020-05-24 19:25:20 - [MESSAGE][PASSED] - Attribute 'value' of object 'Object Repository/Objects.HighlightElements/input_field' is: 'Lu Ji Ju (Mdm) (USALJJ)'

2020-05-24 19:25:20 - [TEST_STEP][PASSED] - callTestCase(findTestCase(CallTCName), ["FindValue":ComboBoxValue, "DropdownNm":comboNm], STOP_ON_FAILURE): Call Test Case 'Test Cases/PFI Precision and Scale/PFI Components/OfficerLists' successfully

2020-05-24 19:25:20 - [TEST_CASE][PASSED] - Test Cases/PFI Precision and Scale/PFI Components/OfficerLists: Test Cases/PFI Precision and Scale/PFI Components/OfficerLists

2020-05-24 19:25:20 - [TEST_STEP][PASSED] - Thread.sleep(1000): null

2020-05-24 19:25:21 - [TEST_STEP][PASSED] - OfficerLists = [1:"Aaron Sham Wai Lun (AARON)", 2:"Azidah Bte Akmad (Mdm) (USAABD)", 3:"Chung Fong Nyen (USACFN)", 4:"David Tey Dah Wei (DAHWEI)", ... ]: null

2020-05-24 19:25:21 - [TEST_STEP][PASSED] - ValueFound = OfficerLists.find({ -> ... }): null

2020-05-24 19:25:21 - [MESSAGE][PASSED] - Call Test Case 'Test Cases/PFI Precision and Scale/PFI Components/OfficerLists' successfully

2020-05-24 19:25:21 - [TEST_STEP][PASSED] - println(ValueFound): null

2020-05-24 19:25:21 - [TEST_STEP][PASSED] - sendKeys(NewInputNmField, Keys.chord(ARROW_DOWN)): Keys 'DOWN + ' sent to object: 'Object Repository/Objects.HighlightElements/input_field'

2020-05-24 19:25:22 - [MESSAGE][PASSED] - Keys 'DOWN + ' sent to object: 'Object Repository/Objects.HighlightElements/input_field'

2020-05-24 19:25:22 - [TEST_STEP][PASSED] - sendKeys(NewInputNmField, Keys.chord(ARROW_DOWN)): Keys 'DOWN + ' sent to object: 'Object Repository/Objects.HighlightElements/input_field'

2020-05-24 19:25:22 - [MESSAGE][PASSED] - Keys 'DOWN + ' sent to object: 'Object Repository/Objects.HighlightElements/input_field'

2020-05-24 19:25:22 - [TEST_STEP][PASSED] - delay(DelayTime): Delayed 5 second(s)

2020-05-24 19:25:27 - [MESSAGE][PASSED] - Delayed 5 second(s)

2020-05-24 19:25:27 - [TEST_STEP][PASSED] - sendKeys(NewInputNmField, Keys.chord(ENTER)): Keys 'ENTER + ' sent to object: 'Object Repository/Objects.HighlightElements/input_field'

2020-05-24 19:25:27 - [MESSAGE][PASSED] - Keys 'ENTER + ' sent to object: 'Object Repository/Objects.HighlightElements/input_field'

2020-05-24 19:25:27 - [TEST_STEP][PASSED] - ComboBoxValue = getAttribute(NewInputNmField, "value"): Attribute 'value' of object 'Object Repository/Objects.HighlightElements/input_field' is: 'Mohd Jeffri Bin Abdul Rahim (MOHDJEFFRI)'

2020-05-24 19:25:28 - [MESSAGE][PASSED] - Attribute 'value' of object 'Object Repository/Objects.HighlightElements/input_field' is: 'Mohd Jeffri Bin Abdul Rahim (MOHDJEFFRI)'

2020-05-24 19:25:28 - [TEST_STEP][PASSED] - callTestCase(findTestCase(CallTCName), ["FindValue":ComboBoxValue, "DropdownNm":comboNm], STOP_ON_FAILURE): Call Test Case 'Test Cases/PFI Precision and Scale/PFI Components/OfficerLists' successfully

2020-05-24 19:25:28 - [TEST_CASE][PASSED] - Test Cases/PFI Precision and Scale/PFI Components/OfficerLists: Test Cases/PFI Precision and Scale/PFI Components/OfficerLists

2020-05-24 19:25:28 - [TEST_STEP][PASSED] - Thread.sleep(1000): null

2020-05-24 19:25:29 - [TEST_STEP][PASSED] - OfficerLists = [1:"Aaron Sham Wai Lun (AARON)", 2:"Azidah Bte Akmad (Mdm) (USAABD)", 3:"Chung Fong Nyen (USACFN)", 4:"David Tey Dah Wei (DAHWEI)", ... ]: null

2020-05-24 19:25:29 - [TEST_STEP][PASSED] - ValueFound = OfficerLists.find({ -> ... }): null

2020-05-24 19:25:29 - [MESSAGE][PASSED] - Call Test Case 'Test Cases/PFI Precision and Scale/PFI Components/OfficerLists' successfully

2020-05-24 19:25:29 - [TEST_STEP][PASSED] - println(ValueFound): null

2020-05-24 19:25:29 - [TEST_STEP][PASSED] - sendKeys(NewInputNmField, Keys.chord(ARROW_DOWN)): Keys 'DOWN + ' sent to object: 'Object Repository/Objects.HighlightElements/input_field'

2020-05-24 19:25:29 - [MESSAGE][PASSED] - Keys 'DOWN + ' sent to object: 'Object Repository/Objects.HighlightElements/input_field'

2020-05-24 19:25:29 - [TEST_STEP][PASSED] - sendKeys(NewInputNmField, Keys.chord(ARROW_DOWN)): Keys 'DOWN + ' sent to object: 'Object Repository/Objects.HighlightElements/input_field'

2020-05-24 19:25:30 - [MESSAGE][PASSED] - Keys 'DOWN + ' sent to object: 'Object Repository/Objects.HighlightElements/input_field'

2020-05-24 19:25:30 - [TEST_STEP][PASSED] - delay(DelayTime): Delayed 5 second(s)

2020-05-24 19:25:35 - [MESSAGE][PASSED] - Delayed 5 second(s)

2020-05-24 19:25:35 - [TEST_STEP][PASSED] - sendKeys(NewInputNmField, Keys.chord(ENTER)): Keys 'ENTER + ' sent to object: 'Object Repository/Objects.HighlightElements/input_field'

2020-05-24 19:25:35 - [MESSAGE][PASSED] - Keys 'ENTER + ' sent to object: 'Object Repository/Objects.HighlightElements/input_field'

2020-05-24 19:25:35 - [TEST_STEP][PASSED] - ComboBoxValue = getAttribute(NewInputNmField, "value"): Attribute 'value' of object 'Object Repository/Objects.HighlightElements/input_field' is: 'Richard Lim Fang Ping (FANGPING)'

2020-05-24 19:25:36 - [MESSAGE][PASSED] - Attribute 'value' of object 'Object Repository/Objects.HighlightElements/input_field' is: 'Richard Lim Fang Ping (FANGPING)'

2020-05-24 19:25:36 - [TEST_STEP][PASSED] - callTestCase(findTestCase(CallTCName), ["FindValue":ComboBoxValue, "DropdownNm":comboNm], STOP_ON_FAILURE): Call Test Case 'Test Cases/PFI Precision and Scale/PFI Components/OfficerLists' successfully

2020-05-24 19:25:36 - [TEST_CASE][PASSED] - Test Cases/PFI Precision and Scale/PFI Components/OfficerLists: Test Cases/PFI Precision and Scale/PFI Components/OfficerLists

2020-05-24 19:25:36 - [TEST_STEP][PASSED] - Thread.sleep(1000): null

2020-05-24 19:25:37 - [TEST_STEP][PASSED] - OfficerLists = [1:"Aaron Sham Wai Lun (AARON)", 2:"Azidah Bte Akmad (Mdm) (USAABD)", 3:"Chung Fong Nyen (USACFN)", 4:"David Tey Dah Wei (DAHWEI)", ... ]: null

2020-05-24 19:25:37 - [TEST_STEP][PASSED] - ValueFound = OfficerLists.find({ -> ... }): null

2020-05-24 19:25:37 - [MESSAGE][PASSED] - Call Test Case 'Test Cases/PFI Precision and Scale/PFI Components/OfficerLists' successfully

2020-05-24 19:25:37 - [TEST_STEP][PASSED] - println(ValueFound): null

2020-05-24 19:25:37 - [TEST_STEP][PASSED] - sendKeys(NewInputNmField, Keys.chord(ARROW_DOWN)): Keys 'DOWN + ' sent to object: 'Object Repository/Objects.HighlightElements/input_field'

2020-05-24 19:25:37 - [MESSAGE][PASSED] - Keys 'DOWN + ' sent to object: 'Object Repository/Objects.HighlightElements/input_field'

2020-05-24 19:25:37 - [TEST_STEP][PASSED] - sendKeys(NewInputNmField, Keys.chord(ARROW_DOWN)): Keys 'DOWN + ' sent to object: 'Object Repository/Objects.HighlightElements/input_field'

2020-05-24 19:25:37 - [MESSAGE][PASSED] - Keys 'DOWN + ' sent to object: 'Object Repository/Objects.HighlightElements/input_field'

2020-05-24 19:25:37 - [TEST_STEP][PASSED] - delay(DelayTime): Delayed 5 second(s)

2020-05-24 19:25:42 - [MESSAGE][PASSED] - Delayed 5 second(s)

2020-05-24 19:25:42 - [TEST_STEP][PASSED] - sendKeys(NewInputNmField, Keys.chord(ENTER)): Keys 'ENTER + ' sent to object: 'Object Repository/Objects.HighlightElements/input_field'

2020-05-24 19:25:43 - [MESSAGE][PASSED] - Keys 'ENTER + ' sent to object: 'Object Repository/Objects.HighlightElements/input_field'

2020-05-24 19:25:43 - [TEST_STEP][PASSED] - ComboBoxValue = getAttribute(NewInputNmField, "value"): Attribute 'value' of object 'Object Repository/Objects.HighlightElements/input_field' is: 'RITA WONG SIONG ING (RITAWONG)'

2020-05-24 19:25:43 - [MESSAGE][PASSED] - Attribute 'value' of object 'Object Repository/Objects.HighlightElements/input_field' is: 'RITA WONG SIONG ING (RITAWONG)'

2020-05-24 19:25:43 - [TEST_STEP][PASSED] - callTestCase(findTestCase(CallTCName), ["FindValue":ComboBoxValue, "DropdownNm":comboNm], STOP_ON_FAILURE): Call Test Case 'Test Cases/PFI Precision and Scale/PFI Components/OfficerLists' successfully

2020-05-24 19:25:43 - [TEST_CASE][PASSED] - Test Cases/PFI Precision and Scale/PFI Components/OfficerLists: Test Cases/PFI Precision and Scale/PFI Components/OfficerLists

2020-05-24 19:25:43 - [TEST_STEP][PASSED] - Thread.sleep(1000): null

2020-05-24 19:25:44 - [TEST_STEP][PASSED] - OfficerLists = [1:"Aaron Sham Wai Lun (AARON)", 2:"Azidah Bte Akmad (Mdm) (USAABD)", 3:"Chung Fong Nyen (USACFN)", 4:"David Tey Dah Wei (DAHWEI)", ... ]: null

2020-05-24 19:25:44 - [TEST_STEP][PASSED] - ValueFound = OfficerLists.find({ -> ... }): null

2020-05-24 19:25:44 - [MESSAGE][PASSED] - Call Test Case 'Test Cases/PFI Precision and Scale/PFI Components/OfficerLists' successfully

2020-05-24 19:25:44 - [TEST_STEP][PASSED] - println(ValueFound): null

2020-05-24 19:25:44 - [TEST_STEP][PASSED] - sendKeys(NewInputNmField, Keys.chord(ARROW_DOWN)): Keys 'DOWN + ' sent to object: 'Object Repository/Objects.HighlightElements/input_field'

2020-05-24 19:25:45 - [MESSAGE][PASSED] - Keys 'DOWN + ' sent to object: 'Object Repository/Objects.HighlightElements/input_field'

2020-05-24 19:25:45 - [TEST_STEP][PASSED] - sendKeys(NewInputNmField, Keys.chord(ARROW_DOWN)): Keys 'DOWN + ' sent to object: 'Object Repository/Objects.HighlightElements/input_field'

2020-05-24 19:25:45 - [MESSAGE][PASSED] - Keys 'DOWN + ' sent to object: 'Object Repository/Objects.HighlightElements/input_field'

2020-05-24 19:25:45 - [TEST_STEP][PASSED] - delay(DelayTime): Delayed 5 second(s)

2020-05-24 19:25:50 - [MESSAGE][PASSED] - Delayed 5 second(s)

2020-05-24 19:25:50 - [TEST_STEP][PASSED] - sendKeys(NewInputNmField, Keys.chord(ENTER)): Keys 'ENTER + ' sent to object: 'Object Repository/Objects.HighlightElements/input_field'

2020-05-24 19:25:50 - [MESSAGE][PASSED] - Keys 'ENTER + ' sent to object: 'Object Repository/Objects.HighlightElements/input_field'

2020-05-24 19:25:50 - [TEST_STEP][PASSED] - ComboBoxValue = getAttribute(NewInputNmField, "value"): Attribute 'value' of object 'Object Repository/Objects.HighlightElements/input_field' is: 'Shi Hong Wei (HONGWEI)'

2020-05-24 19:25:51 - [MESSAGE][PASSED] - Attribute 'value' of object 'Object Repository/Objects.HighlightElements/input_field' is: 'Shi Hong Wei (HONGWEI)'

2020-05-24 19:25:51 - [TEST_STEP][PASSED] - callTestCase(findTestCase(CallTCName), ["FindValue":ComboBoxValue, "DropdownNm":comboNm], STOP_ON_FAILURE): Call Test Case 'Test Cases/PFI Precision and Scale/PFI Components/OfficerLists' successfully

2020-05-24 19:25:51 - [TEST_CASE][PASSED] - Test Cases/PFI Precision and Scale/PFI Components/OfficerLists: Test Cases/PFI Precision and Scale/PFI Components/OfficerLists

2020-05-24 19:25:51 - [TEST_STEP][PASSED] - Thread.sleep(1000): null

2020-05-24 19:25:52 - [TEST_STEP][PASSED] - OfficerLists = [1:"Aaron Sham Wai Lun (AARON)", 2:"Azidah Bte Akmad (Mdm) (USAABD)", 3:"Chung Fong Nyen (USACFN)", 4:"David Tey Dah Wei (DAHWEI)", ... ]: null

2020-05-24 19:25:52 - [TEST_STEP][PASSED] - ValueFound = OfficerLists.find({ -> ... }): null

2020-05-24 19:25:52 - [MESSAGE][PASSED] - Call Test Case 'Test Cases/PFI Precision and Scale/PFI Components/OfficerLists' successfully

2020-05-24 19:25:52 - [TEST_STEP][PASSED] - println(ValueFound): null

2020-05-24 19:25:52 - [TEST_STEP][PASSED] - sendKeys(NewInputNmField, Keys.chord(ARROW_DOWN)): Keys 'DOWN + ' sent to object: 'Object Repository/Objects.HighlightElements/input_field'

2020-05-24 19:25:52 - [MESSAGE][PASSED] - Keys 'DOWN + ' sent to object: 'Object Repository/Objects.HighlightElements/input_field'

2020-05-24 19:25:52 - [TEST_STEP][PASSED] - sendKeys(NewInputNmField, Keys.chord(ARROW_DOWN)): Keys 'DOWN + ' sent to object: 'Object Repository/Objects.HighlightElements/input_field'

2020-05-24 19:25:53 - [MESSAGE][PASSED] - Keys 'DOWN + ' sent to object: 'Object Repository/Objects.HighlightElements/input_field'

2020-05-24 19:25:53 - [TEST_STEP][PASSED] - delay(DelayTime): Delayed 5 second(s)

2020-05-24 19:25:58 - [MESSAGE][PASSED] - Delayed 5 second(s)

2020-05-24 19:25:58 - [TEST_STEP][PASSED] - sendKeys(NewInputNmField, Keys.chord(ENTER)): Keys 'ENTER + ' sent to object: 'Object Repository/Objects.HighlightElements/input_field'

2020-05-24 19:25:58 - [MESSAGE][PASSED] - Keys 'ENTER + ' sent to object: 'Object Repository/Objects.HighlightElements/input_field'

2020-05-24 19:25:58 - [TEST_STEP][PASSED] - ComboBoxValue = getAttribute(NewInputNmField, "value"): Attribute 'value' of object 'Object Repository/Objects.HighlightElements/input_field' is: 'Tan Jing Ying (JINGYING)'

2020-05-24 19:25:58 - [MESSAGE][PASSED] - Attribute 'value' of object 'Object Repository/Objects.HighlightElements/input_field' is: 'Tan Jing Ying (JINGYING)'

2020-05-24 19:25:58 - [TEST_STEP][PASSED] - callTestCase(findTestCase(CallTCName), ["FindValue":ComboBoxValue, "DropdownNm":comboNm], STOP_ON_FAILURE): Call Test Case 'Test Cases/PFI Precision and Scale/PFI Components/OfficerLists' successfully

2020-05-24 19:25:58 - [TEST_CASE][PASSED] - Test Cases/PFI Precision and Scale/PFI Components/OfficerLists: Test Cases/PFI Precision and Scale/PFI Components/OfficerLists

2020-05-24 19:25:58 - [TEST_STEP][PASSED] - Thread.sleep(1000): null

2020-05-24 19:25:59 - [TEST_STEP][PASSED] - OfficerLists = [1:"Aaron Sham Wai Lun (AARON)", 2:"Azidah Bte Akmad (Mdm) (USAABD)", 3:"Chung Fong Nyen (USACFN)", 4:"David Tey Dah Wei (DAHWEI)", ... ]: null

2020-05-24 19:25:59 - [TEST_STEP][PASSED] - ValueFound = OfficerLists.find({ -> ... }): null

2020-05-24 19:25:59 - [MESSAGE][PASSED] - Call Test Case 'Test Cases/PFI Precision and Scale/PFI Components/OfficerLists' successfully

2020-05-24 19:25:59 - [TEST_STEP][PASSED] - println(ValueFound): null

2020-05-24 19:25:59 - [TEST_STEP][PASSED] - sendKeys(NewInputNmField, Keys.chord(ARROW_DOWN)): Keys 'DOWN + ' sent to object: 'Object Repository/Objects.HighlightElements/input_field'

2020-05-24 19:26:00 - [MESSAGE][PASSED] - Keys 'DOWN + ' sent to object: 'Object Repository/Objects.HighlightElements/input_field'

2020-05-24 19:26:00 - [TEST_STEP][PASSED] - sendKeys(NewInputNmField, Keys.chord(ARROW_DOWN)): Keys 'DOWN + ' sent to object: 'Object Repository/Objects.HighlightElements/input_field'

2020-05-24 19:26:00 - [MESSAGE][PASSED] - Keys 'DOWN + ' sent to object: 'Object Repository/Objects.HighlightElements/input_field'

2020-05-24 19:26:00 - [TEST_STEP][PASSED] - delay(DelayTime): Delayed 5 second(s)

2020-05-24 19:26:05 - [MESSAGE][PASSED] - Delayed 5 second(s)

2020-05-24 19:26:05 - [TEST_STEP][PASSED] - sendKeys(NewInputNmField, Keys.chord(ENTER)): Keys 'ENTER + ' sent to object: 'Object Repository/Objects.HighlightElements/input_field'

2020-05-24 19:26:05 - [MESSAGE][PASSED] - Keys 'ENTER + ' sent to object: 'Object Repository/Objects.HighlightElements/input_field'

2020-05-24 19:26:05 - [TEST_STEP][PASSED] - ComboBoxValue = getAttribute(NewInputNmField, "value"): Attribute 'value' of object 'Object Repository/Objects.HighlightElements/input_field' is: 'Tan Kwan Joo (KWANJOO)'

2020-05-24 19:26:06 - [MESSAGE][PASSED] - Attribute 'value' of object 'Object Repository/Objects.HighlightElements/input_field' is: 'Tan Kwan Joo (KWANJOO)'

2020-05-24 19:26:06 - [TEST_STEP][PASSED] - callTestCase(findTestCase(CallTCName), ["FindValue":ComboBoxValue, "DropdownNm":comboNm], STOP_ON_FAILURE): Call Test Case 'Test Cases/PFI Precision and Scale/PFI Components/OfficerLists' successfully

2020-05-24 19:26:06 - [TEST_CASE][PASSED] - Test Cases/PFI Precision and Scale/PFI Components/OfficerLists: Test Cases/PFI Precision and Scale/PFI Components/OfficerLists

2020-05-24 19:26:06 - [TEST_STEP][PASSED] - Thread.sleep(1000): null

2020-05-24 19:26:07 - [TEST_STEP][PASSED] - OfficerLists = [1:"Aaron Sham Wai Lun (AARON)", 2:"Azidah Bte Akmad (Mdm) (USAABD)", 3:"Chung Fong Nyen (USACFN)", 4:"David Tey Dah Wei (DAHWEI)", ... ]: null

2020-05-24 19:26:07 - [TEST_STEP][PASSED] - ValueFound = OfficerLists.find({ -> ... }): null

2020-05-24 19:26:07 - [MESSAGE][PASSED] - Call Test Case 'Test Cases/PFI Precision and Scale/PFI Components/OfficerLists' successfully

2020-05-24 19:26:07 - [TEST_STEP][PASSED] - println(ValueFound): null

2020-05-24 19:26:07 - [TEST_STEP][PASSED] - sendKeys(NewInputNmField, Keys.chord(ARROW_DOWN)): Keys 'DOWN + ' sent to object: 'Object Repository/Objects.HighlightElements/input_field'

2020-05-24 19:26:07 - [MESSAGE][PASSED] - Keys 'DOWN + ' sent to object: 'Object Repository/Objects.HighlightElements/input_field'

2020-05-24 19:26:07 - [TEST_STEP][PASSED] - sendKeys(NewInputNmField, Keys.chord(ARROW_DOWN)): Keys 'DOWN + ' sent to object: 'Object Repository/Objects.HighlightElements/input_field'

2020-05-24 19:26:08 - [MESSAGE][PASSED] - Keys 'DOWN + ' sent to object: 'Object Repository/Objects.HighlightElements/input_field'

2020-05-24 19:26:08 - [TEST_STEP][PASSED] - delay(DelayTime): Delayed 5 second(s)

2020-05-24 19:26:13 - [MESSAGE][PASSED] - Delayed 5 second(s)

2020-05-24 19:26:13 - [TEST_STEP][PASSED] - sendKeys(NewInputNmField, Keys.chord(ENTER)): Keys 'ENTER + ' sent to object: 'Object Repository/Objects.HighlightElements/input_field'

2020-05-24 19:26:13 - [MESSAGE][PASSED] - Keys 'ENTER + ' sent to object: 'Object Repository/Objects.HighlightElements/input_field'

2020-05-24 19:26:13 - [TEST_STEP][PASSED] - ComboBoxValue = getAttribute(NewInputNmField, "value"): Attribute 'value' of object 'Object Repository/Objects.HighlightElements/input_field' is: 'Tan Kwan Joo (KWANJOO)'

2020-05-24 19:26:13 - [MESSAGE][PASSED] - Attribute 'value' of object 'Object Repository/Objects.HighlightElements/input_field' is: 'Tan Kwan Joo (KWANJOO)'

2020-05-24 19:26:13 - [TEST_STEP][PASSED] - callTestCase(findTestCase(CallTCName), ["FindValue":ComboBoxValue, "DropdownNm":comboNm], STOP_ON_FAILURE): Call Test Case 'Test Cases/PFI Precision and Scale/PFI Components/OfficerLists' successfully

2020-05-24 19:26:13 - [TEST_CASE][PASSED] - Test Cases/PFI Precision and Scale/PFI Components/OfficerLists: Test Cases/PFI Precision and Scale/PFI Components/OfficerLists

2020-05-24 19:26:13 - [TEST_STEP][PASSED] - Thread.sleep(1000): null

2020-05-24 19:26:14 - [TEST_STEP][PASSED] - OfficerLists = [1:"Aaron Sham Wai Lun (AARON)", 2:"Azidah Bte Akmad (Mdm) (USAABD)", 3:"Chung Fong Nyen (USACFN)", 4:"David Tey Dah Wei (DAHWEI)", ... ]: null

2020-05-24 19:26:14 - [TEST_STEP][PASSED] - ValueFound = OfficerLists.find({ -> ... }): null

2020-05-24 19:26:14 - [MESSAGE][PASSED] - Call Test Case 'Test Cases/PFI Precision and Scale/PFI Components/OfficerLists' successfully

2020-05-24 19:26:14 - [TEST_STEP][PASSED] - println(ValueFound): null

2020-05-24 19:26:14 - [TEST_STEP][PASSED] - sendKeys(NewInputNmField, Keys.chord(ARROW_DOWN)): Keys 'DOWN + ' sent to object: 'Object Repository/Objects.HighlightElements/input_field'

2020-05-24 19:26:14 - [MESSAGE][PASSED] - Keys 'DOWN + ' sent to object: 'Object Repository/Objects.HighlightElements/input_field'

2020-05-24 19:26:14 - [TEST_STEP][PASSED] - sendKeys(NewInputNmField, Keys.chord(ENTER)): Keys 'ENTER + ' sent to object: 'Object Repository/Objects.HighlightElements/input_field'

2020-05-24 19:26:15 - [MESSAGE][PASSED] - Keys 'ENTER + ' sent to object: 'Object Repository/Objects.HighlightElements/input_field'

2020-05-24 19:26:15 - [MESSAGE][PASSED] - Call Test Case 'Test Cases/PFI Precision and Scale/PFI Components/VerifyDropdownValues' successfully

2020-05-24 19:26:15 - [TEST_STEP][PASSED] - callTestCase(findTestCase("PFI Precision and Scale/PFI Components/VerifyDropdownValues"), ["FldNm":"gradeType", "index":0, "CallTCName":"PFI Precision and Scale/PFI Components/ConstantHashMap", "cmbNm":"GrdType", ... ], STOP_ON_FAILURE): Call Test Case 'Test Cases/PFI Precision and Scale/PFI Components/VerifyDropdownValues' successfully

2020-05-24 19:26:15 - [TEST_CASE][PASSED] - Test Cases/PFI Precision and Scale/PFI Components/VerifyDropdownValues: Test Cases/PFI Precision and Scale/PFI Components/VerifyDropdownValues

2020-05-24 19:26:15 - [TEST_STEP][PASSED] - Thread.sleep(1000): null

2020-05-24 19:26:16 - [TEST_STEP][PASSED] - if (index == 0): Modify property of object successfully

2020-05-24 19:26:16 - [TEST_STEP][PASSED] - NewInputNmField = modifyObjectProperty(findTestObject("Objects.HighlightElements/input_field"), "name", "equals", FldNm, true): Modify property of object successfully

2020-05-24 19:26:16 - [MESSAGE][PASSED] - Modify property of object successfully

2020-05-24 19:26:16 - [TEST_STEP][PASSED] - if (FldNm == "NovaComboBox"): null

2020-05-24 19:26:16 - [TEST_STEP][PASSED] - comboNm = cmbNm: null

2020-05-24 19:26:16 - [TEST_STEP][PASSED] - focus(NewInputNmField): Object: 'Object Repository/Objects.HighlightElements/input_field' is focused

2020-05-24 19:26:16 - [MESSAGE][PASSED] - Object: 'Object Repository/Objects.HighlightElements/input_field' is focused

2020-05-24 19:26:16 - [TEST_STEP][PASSED] - setText(NewInputNmField, EnterValue): Text '' is set on object 'Object Repository/Objects.HighlightElements/input_field'

2020-05-24 19:26:17 - [MESSAGE][PASSED] - Text '' is set on object 'Object Repository/Objects.HighlightElements/input_field'

2020-05-24 19:26:17 - [TEST_STEP][PASSED] - for ([i = 1, i <= NoOfVal, (i++)]): Keys 'DOWN + ' sent to object: 'Object Repository/Objects.HighlightElements/input_field'

2020-05-24 19:26:17 - [TEST_STEP][PASSED] - sendKeys(NewInputNmField, Keys.chord(ARROW_DOWN)): Keys 'DOWN + ' sent to object: 'Object Repository/Objects.HighlightElements/input_field'

2020-05-24 19:26:17 - [MESSAGE][PASSED] - Keys 'DOWN + ' sent to object: 'Object Repository/Objects.HighlightElements/input_field'

2020-05-24 19:26:17 - [TEST_STEP][PASSED] - delay(DelayTime): Delayed 2 second(s)

2020-05-24 19:26:19 - [MESSAGE][PASSED] - Delayed 2 second(s)

2020-05-24 19:26:19 - [TEST_STEP][PASSED] - sendKeys(NewInputNmField, Keys.chord(ENTER)): Keys 'ENTER + ' sent to object: 'Object Repository/Objects.HighlightElements/input_field'

2020-05-24 19:26:19 - [MESSAGE][PASSED] - Keys 'ENTER + ' sent to object: 'Object Repository/Objects.HighlightElements/input_field'

2020-05-24 19:26:19 - [TEST_STEP][PASSED] - ComboBoxValue = getAttribute(NewInputNmField, "value"): Attribute 'value' of object 'Object Repository/Objects.HighlightElements/input_field' is: 'A'

2020-05-24 19:26:20 - [MESSAGE][PASSED] - Attribute 'value' of object 'Object Repository/Objects.HighlightElements/input_field' is: 'A'

2020-05-24 19:26:20 - [TEST_STEP][PASSED] - callTestCase(findTestCase(CallTCName), ["FindValue":ComboBoxValue, "DropdownNm":comboNm], STOP_ON_FAILURE): Call Test Case 'Test Cases/PFI Precision and Scale/PFI Components/ConstantHashMap' successfully

2020-05-24 19:26:20 - [TEST_CASE][PASSED] - Test Cases/PFI Precision and Scale/PFI Components/ConstantHashMap: Test Cases/PFI Precision and Scale/PFI Components/ConstantHashMap

2020-05-24 19:26:20 - [TEST_STEP][PASSED] - ConstantTBL = [1:["PeriodType":"Working Day(s)"], 2:["PeriodType":"Calendar Day(s)"], 3:["PeriodType":"Month(s)"], 4:["TypeOfLetter":"T1"], ... ]: null

2020-05-24 19:26:20 - [TEST_STEP][PASSED] - switch (DropdownNm): null

2020-05-24 19:26:20 - [TEST_STEP][PASSED] - case "GrdType":: null

2020-05-24 19:26:20 - [TEST_STEP][PASSED] - ValueFound = ConstantTBL.find({ -> ... }): null

2020-05-24 19:26:20 - [TEST_STEP][PASSED] - break: null

2020-05-24 19:26:20 - [MESSAGE][PASSED] - Call Test Case 'Test Cases/PFI Precision and Scale/PFI Components/ConstantHashMap' successfully

2020-05-24 19:26:20 - [TEST_STEP][PASSED] - println(ValueFound): null

2020-05-24 19:26:20 - [TEST_STEP][PASSED] - sendKeys(NewInputNmField, Keys.chord(ARROW_DOWN)): Keys 'DOWN + ' sent to object: 'Object Repository/Objects.HighlightElements/input_field'

2020-05-24 19:26:20 - [MESSAGE][PASSED] - Keys 'DOWN + ' sent to object: 'Object Repository/Objects.HighlightElements/input_field'

2020-05-24 19:26:20 - [TEST_STEP][PASSED] - sendKeys(NewInputNmField, Keys.chord(ARROW_DOWN)): Keys 'DOWN + ' sent to object: 'Object Repository/Objects.HighlightElements/input_field'

2020-05-24 19:26:20 - [MESSAGE][PASSED] - Keys 'DOWN + ' sent to object: 'Object Repository/Objects.HighlightElements/input_field'

2020-05-24 19:26:20 - [TEST_STEP][PASSED] - delay(DelayTime): Delayed 2 second(s)

2020-05-24 19:26:22 - [MESSAGE][PASSED] - Delayed 2 second(s)

2020-05-24 19:26:22 - [TEST_STEP][PASSED] - sendKeys(NewInputNmField, Keys.chord(ENTER)): Keys 'ENTER + ' sent to object: 'Object Repository/Objects.HighlightElements/input_field'

2020-05-24 19:26:23 - [MESSAGE][PASSED] - Keys 'ENTER + ' sent to object: 'Object Repository/Objects.HighlightElements/input_field'

2020-05-24 19:26:23 - [TEST_STEP][PASSED] - ComboBoxValue = getAttribute(NewInputNmField, "value"): Attribute 'value' of object 'Object Repository/Objects.HighlightElements/input_field' is: 'B'

2020-05-24 19:26:23 - [MESSAGE][PASSED] - Attribute 'value' of object 'Object Repository/Objects.HighlightElements/input_field' is: 'B'

2020-05-24 19:26:23 - [TEST_STEP][PASSED] - callTestCase(findTestCase(CallTCName), ["FindValue":ComboBoxValue, "DropdownNm":comboNm], STOP_ON_FAILURE): Call Test Case 'Test Cases/PFI Precision and Scale/PFI Components/ConstantHashMap' successfully

2020-05-24 19:26:23 - [TEST_CASE][PASSED] - Test Cases/PFI Precision and Scale/PFI Components/ConstantHashMap: Test Cases/PFI Precision and Scale/PFI Components/ConstantHashMap

2020-05-24 19:26:23 - [TEST_STEP][PASSED] - ConstantTBL = [1:["PeriodType":"Working Day(s)"], 2:["PeriodType":"Calendar Day(s)"], 3:["PeriodType":"Month(s)"], 4:["TypeOfLetter":"T1"], ... ]: null

2020-05-24 19:26:23 - [TEST_STEP][PASSED] - switch (DropdownNm): null

2020-05-24 19:26:23 - [TEST_STEP][PASSED] - case "GrdType":: null

2020-05-24 19:26:23 - [TEST_STEP][PASSED] - ValueFound = ConstantTBL.find({ -> ... }): null

2020-05-24 19:26:23 - [TEST_STEP][PASSED] - break: null

2020-05-24 19:26:23 - [MESSAGE][PASSED] - Call Test Case 'Test Cases/PFI Precision and Scale/PFI Components/ConstantHashMap' successfully

2020-05-24 19:26:23 - [TEST_STEP][PASSED] - println(ValueFound): null

2020-05-24 19:26:23 - [TEST_STEP][PASSED] - sendKeys(NewInputNmField, Keys.chord(ARROW_DOWN)): Keys 'DOWN + ' sent to object: 'Object Repository/Objects.HighlightElements/input_field'

2020-05-24 19:26:23 - [MESSAGE][PASSED] - Keys 'DOWN + ' sent to object: 'Object Repository/Objects.HighlightElements/input_field'

2020-05-24 19:26:23 - [TEST_STEP][PASSED] - sendKeys(NewInputNmField, Keys.chord(ARROW_DOWN)): Keys 'DOWN + ' sent to object: 'Object Repository/Objects.HighlightElements/input_field'

2020-05-24 19:26:24 - [MESSAGE][PASSED] - Keys 'DOWN + ' sent to object: 'Object Repository/Objects.HighlightElements/input_field'

2020-05-24 19:26:24 - [TEST_STEP][PASSED] - delay(DelayTime): Delayed 2 second(s)

2020-05-24 19:26:26 - [MESSAGE][PASSED] - Delayed 2 second(s)

2020-05-24 19:26:26 - [TEST_STEP][PASSED] - sendKeys(NewInputNmField, Keys.chord(ENTER)): Keys 'ENTER + ' sent to object: 'Object Repository/Objects.HighlightElements/input_field'

2020-05-24 19:26:26 - [MESSAGE][PASSED] - Keys 'ENTER + ' sent to object: 'Object Repository/Objects.HighlightElements/input_field'

2020-05-24 19:26:26 - [TEST_STEP][PASSED] - ComboBoxValue = getAttribute(NewInputNmField, "value"): Attribute 'value' of object 'Object Repository/Objects.HighlightElements/input_field' is: 'C'

2020-05-24 19:26:27 - [MESSAGE][PASSED] - Attribute 'value' of object 'Object Repository/Objects.HighlightElements/input_field' is: 'C'

2020-05-24 19:26:27 - [TEST_STEP][PASSED] - callTestCase(findTestCase(CallTCName), ["FindValue":ComboBoxValue, "DropdownNm":comboNm], STOP_ON_FAILURE): Call Test Case 'Test Cases/PFI Precision and Scale/PFI Components/ConstantHashMap' successfully

2020-05-24 19:26:27 - [TEST_CASE][PASSED] - Test Cases/PFI Precision and Scale/PFI Components/ConstantHashMap: Test Cases/PFI Precision and Scale/PFI Components/ConstantHashMap

2020-05-24 19:26:27 - [TEST_STEP][PASSED] - ConstantTBL = [1:["PeriodType":"Working Day(s)"], 2:["PeriodType":"Calendar Day(s)"], 3:["PeriodType":"Month(s)"], 4:["TypeOfLetter":"T1"], ... ]: null

2020-05-24 19:26:27 - [TEST_STEP][PASSED] - switch (DropdownNm): null

2020-05-24 19:26:27 - [TEST_STEP][PASSED] - case "GrdType":: null

2020-05-24 19:26:27 - [TEST_STEP][PASSED] - ValueFound = ConstantTBL.find({ -> ... }): null

2020-05-24 19:26:27 - [TEST_STEP][PASSED] - break: null

2020-05-24 19:26:27 - [MESSAGE][PASSED] - Call Test Case 'Test Cases/PFI Precision and Scale/PFI Components/ConstantHashMap' successfully

2020-05-24 19:26:27 - [TEST_STEP][PASSED] - println(ValueFound): null

2020-05-24 19:26:27 - [TEST_STEP][PASSED] - sendKeys(NewInputNmField, Keys.chord(ARROW_DOWN)): Keys 'DOWN + ' sent to object: 'Object Repository/Objects.HighlightElements/input_field'

2020-05-24 19:26:27 - [MESSAGE][PASSED] - Keys 'DOWN + ' sent to object: 'Object Repository/Objects.HighlightElements/input_field'

2020-05-24 19:26:27 - [TEST_STEP][PASSED] - sendKeys(NewInputNmField, Keys.chord(ARROW_DOWN)): Keys 'DOWN + ' sent to object: 'Object Repository/Objects.HighlightElements/input_field'

2020-05-24 19:26:27 - [MESSAGE][PASSED] - Keys 'DOWN + ' sent to object: 'Object Repository/Objects.HighlightElements/input_field'

2020-05-24 19:26:27 - [TEST_STEP][PASSED] - delay(DelayTime): Delayed 2 second(s)

2020-05-24 19:26:29 - [MESSAGE][PASSED] - Delayed 2 second(s)

2020-05-24 19:26:29 - [TEST_STEP][PASSED] - sendKeys(NewInputNmField, Keys.chord(ENTER)): Keys 'ENTER + ' sent to object: 'Object Repository/Objects.HighlightElements/input_field'

2020-05-24 19:26:30 - [MESSAGE][PASSED] - Keys 'ENTER + ' sent to object: 'Object Repository/Objects.HighlightElements/input_field'

2020-05-24 19:26:30 - [TEST_STEP][PASSED] - ComboBoxValue = getAttribute(NewInputNmField, "value"): Attribute 'value' of object 'Object Repository/Objects.HighlightElements/input_field' is: 'D'

2020-05-24 19:26:30 - [MESSAGE][PASSED] - Attribute 'value' of object 'Object Repository/Objects.HighlightElements/input_field' is: 'D'

2020-05-24 19:26:30 - [TEST_STEP][PASSED] - callTestCase(findTestCase(CallTCName), ["FindValue":ComboBoxValue, "DropdownNm":comboNm], STOP_ON_FAILURE): Call Test Case 'Test Cases/PFI Precision and Scale/PFI Components/ConstantHashMap' successfully

2020-05-24 19:26:30 - [TEST_CASE][PASSED] - Test Cases/PFI Precision and Scale/PFI Components/ConstantHashMap: Test Cases/PFI Precision and Scale/PFI Components/ConstantHashMap

2020-05-24 19:26:30 - [TEST_STEP][PASSED] - ConstantTBL = [1:["PeriodType":"Working Day(s)"], 2:["PeriodType":"Calendar Day(s)"], 3:["PeriodType":"Month(s)"], 4:["TypeOfLetter":"T1"], ... ]: null

2020-05-24 19:26:30 - [TEST_STEP][PASSED] - switch (DropdownNm): null

2020-05-24 19:26:30 - [TEST_STEP][PASSED] - case "GrdType":: null

2020-05-24 19:26:30 - [TEST_STEP][PASSED] - ValueFound = ConstantTBL.find({ -> ... }): null

2020-05-24 19:26:30 - [TEST_STEP][PASSED] - break: null

2020-05-24 19:26:30 - [MESSAGE][PASSED] - Call Test Case 'Test Cases/PFI Precision and Scale/PFI Components/ConstantHashMap' successfully

2020-05-24 19:26:30 - [TEST_STEP][PASSED] - println(ValueFound): null

2020-05-24 19:26:30 - [TEST_STEP][PASSED] - sendKeys(NewInputNmField, Keys.chord(ARROW_DOWN)): Keys 'DOWN + ' sent to object: 'Object Repository/Objects.HighlightElements/input_field'

2020-05-24 19:26:30 - [MESSAGE][PASSED] - Keys 'DOWN + ' sent to object: 'Object Repository/Objects.HighlightElements/input_field'

2020-05-24 19:26:30 - [TEST_STEP][PASSED] - sendKeys(NewInputNmField, Keys.chord(ENTER)): Keys 'ENTER + ' sent to object: 'Object Repository/Objects.HighlightElements/input_field'

2020-05-24 19:26:31 - [MESSAGE][PASSED] - Keys 'ENTER + ' sent to object: 'Object Repository/Objects.HighlightElements/input_field'

2020-05-24 19:26:31 - [MESSAGE][PASSED] - Call Test Case 'Test Cases/PFI Precision and Scale/PFI Components/VerifyDropdownValues' successfully

2020-05-24 19:26:31 - [TEST_STEP][PASSED] - callTestCase(findTestCase("Components/Logout"), ["LogoutPageTextToBeVerified":findTestData("ISPS2 Test Data").getValue("HomeBanner", 1)], STOP_ON_FAILURE): Call Test Case 'Test Cases/Components/Logout' successfully

2020-05-24 19:26:31 - [TEST_CASE][PASSED] - Test Cases/Components/Logout: Test Cases/Components/Logout

2020-05-24 19:26:31 - [TEST_STEP][PASSED] - Thread.sleep(3000): null

2020-05-24 19:26:34 - [TEST_STEP][NOT_RUN] - com.reusableComponents.HighlightElement.run(findTestObject("Objects.Logout/accountDropdown")): NOT_RUN: com.reusableComponents.HighlightElement.run(findTestObject("Objects.Logout/accountDropdown"))

2020-05-24 19:26:34 - [MESSAGE][NOT_RUN] - NOT_RUN: com.reusableComponents.HighlightElement.run(findTestObject("Objects.Logout/accountDropdown"))

2020-05-24 19:26:34 - [TEST_STEP][NOT_RUN] - click(findTestObject("Objects.Logout/accountDropdown")): NOT_RUN: click(findTestObject("Objects.Logout/accountDropdown"))

2020-05-24 19:26:34 - [MESSAGE][NOT_RUN] - NOT_RUN: click(findTestObject("Objects.Logout/accountDropdown"))

2020-05-24 19:26:34 - [TEST_STEP][NOT_RUN] - com.reusableComponents.clickUsingJS.clickUsingJS(findTestObject("Objects.Logout/accountDropdown"), 0): NOT_RUN: com.reusableComponents.clickUsingJS.clickUsingJS(findTestObject("Objects.Logout/accountDropdown"), 0)

2020-05-24 19:26:34 - [MESSAGE][NOT_RUN] - NOT_RUN: com.reusableComponents.clickUsingJS.clickUsingJS(findTestObject("Objects.Logout/accountDropdown"), 0)

2020-05-24 19:26:34 - [TEST_STEP][PASSED] - element = findWebElement(findTestObject("Objects.Logout/accountDropdown"), 30): null

2020-05-24 19:26:34 - [TEST_STEP][PASSED] - executeJavaScript("arguments[0].click()", Arrays.asList(element)): Execute JavaScript 'arguments[0].click()' successfully

2020-05-24 19:26:34 - [MESSAGE][PASSED] - Execute JavaScript 'arguments[0].click()' successfully

2020-05-24 19:26:34 - [TEST_STEP][NOT_RUN] - com.reusableComponents.HighlightElement.run(findTestObject("Objects.Logout/span_Logout")): NOT_RUN: com.reusableComponents.HighlightElement.run(findTestObject("Objects.Logout/span_Logout"))

2020-05-24 19:26:34 - [MESSAGE][NOT_RUN] - NOT_RUN: com.reusableComponents.HighlightElement.run(findTestObject("Objects.Logout/span_Logout"))

2020-05-24 19:26:34 - [TEST_STEP][PASSED] - click(findTestObject("Objects.Logout/span_Logout"), STOP_ON_FAILURE): Object: 'Object Repository/Objects.Logout/span_Logout' is clicked on

2020-05-24 19:26:38 - [MESSAGE][PASSED] - Object: 'Object Repository/Objects.Logout/span_Logout' is clicked on

2020-05-24 19:26:38 - [TEST_STEP][PASSED] - waitForPageLoad(30): Wait for page load successfully

2020-05-24 19:26:38 - [MESSAGE][PASSED] - Wait for page load successfully

2020-05-24 19:26:38 - [TEST_STEP][PASSED] - Thread.sleep(3000): null

2020-05-24 19:26:41 - [TEST_STEP][PASSED] - verifyTextPresent(LogoutPageTextToBeVerified, false): Text 'Sign in to ISPS2-PROD-Verify' is present on page 

2020-05-24 19:26:41 - [MESSAGE][PASSED] - Text 'Sign in to ISPS2-PROD-Verify' is present on page 

2020-05-24 19:26:41 - [TEST_STEP][NOT_RUN] - com.reusableComponents.HighlightElement.run(findTestObject("Objects.Logout/div_Sign in to ISPS2-PROD-Verify")): NOT_RUN: com.reusableComponents.HighlightElement.run(findTestObject("Objects.Logout/div_Sign in to ISPS2-PROD-Verify"))

2020-05-24 19:26:41 - [MESSAGE][NOT_RUN] - NOT_RUN: com.reusableComponents.HighlightElement.run(findTestObject("Objects.Logout/div_Sign in to ISPS2-PROD-Verify"))

2020-05-24 19:26:41 - [TEST_STEP][PASSED] - closeBrowser(): Browser is closed

2020-05-24 19:26:42 - [MESSAGE][PASSED] - Browser is closed

2020-05-24 19:26:42 - [MESSAGE][PASSED] - Call Test Case 'Test Cases/Components/Logout' successfully]]></system-out>
         <system-err><![CDATA[]]></system-err>
      </testcase>
      <testcase name="Test Cases/PFI Precision and Scale/PFI Test Cases/PFI.KIVLHS" time="111.076" classname="Test Cases/PFI Precision and Scale/PFI Test Cases/PFI.KIVLHS" status="PASSED">
         <system-out><![CDATA[2020-05-24 19:26:42 - [TEST_CASE][PASSED] - Test Cases/PFI Precision and Scale/PFI Test Cases/PFI.KIVLHS: Test Cases/PFI Precision and Scale/PFI Test Cases/PFI.KIVLHS

2020-05-24 19:26:42 - [TEST_STEP][PASSED] - callTestCase(findTestCase("Components/LoginV2.0"), ["LinkToBeUsed":findTestData("Datatable").getValue("URL", 1), "LoginPageTextToBeVerified":findTestData("Datatable").getValue("HomeBanner", 1), ... ], STOP_ON_FAILURE): Call Test Case 'Test Cases/Components/LoginV2.0' successfully

2020-05-24 19:26:42 - [TEST_CASE][PASSED] - Test Cases/Components/LoginV2.0: Test Cases/Components/LoginV2.0

2020-05-24 19:26:42 - [TEST_STEP][PASSED] - openBrowser(LinkToBeUsed): Browser is opened with url: 'http://10.0.2.41:3012/isps2-prod-verify/authnz/login.do'

2020-05-24 19:26:42 - [MESSAGE][INFO] - Starting 'Chrome' driver

2020-05-24 19:26:52 - [MESSAGE][PASSED] - Browser is opened with url: 'http://10.0.2.41:3012/isps2-prod-verify/authnz/login.do'

2020-05-24 19:26:52 - [TEST_STEP][PASSED] - maximizeWindow(): Current window maximized

2020-05-24 19:26:54 - [MESSAGE][PASSED] - Current window maximized

2020-05-24 19:26:54 - [TEST_STEP][PASSED] - verifyTextPresent(LoginPageTextToBeVerified, false): Text 'Sign in to ISPS2-PROD-Verify' is present on page 

2020-05-24 19:26:54 - [MESSAGE][PASSED] - Text 'Sign in to ISPS2-PROD-Verify' is present on page 

2020-05-24 19:26:54 - [TEST_STEP][PASSED] - setText(findTestObject("Objects.LoginV2.0/Login Page/input_Sign in to ISPS2-PROD-Verify_username"), Username): Text 'sysadmin' is set on object 'Object Repository/Objects.LoginV2.0/Login Page/input_Sign in to ISPS2-PROD-Verify_username'

2020-05-24 19:26:54 - [MESSAGE][PASSED] - Text 'sysadmin' is set on object 'Object Repository/Objects.LoginV2.0/Login Page/input_Sign in to ISPS2-PROD-Verify_username'

2020-05-24 19:26:54 - [TEST_STEP][PASSED] - setEncryptedText(findTestObject("Objects.LoginV2.0/Login Page/input_This field is required_password"), Password): Text ****** has been set on object 'Object Repository/Objects.LoginV2.0/Login Page/input_This field is required_password'

2020-05-24 19:26:55 - [MESSAGE][PASSED] - Text ****** has been set on object 'Object Repository/Objects.LoginV2.0/Login Page/input_This field is required_password'

2020-05-24 19:26:55 - [TEST_STEP][NOT_RUN] - setEncryptedText(findTestObject(null), Password): NOT_RUN: setEncryptedText(findTestObject(null), Password)

2020-05-24 19:26:55 - [MESSAGE][NOT_RUN] - NOT_RUN: setEncryptedText(findTestObject(null), Password)

2020-05-24 19:26:55 - [TEST_STEP][PASSED] - click(findTestObject("Objects.LoginV2.0/Login Page/div_Sign in to ISPS2-PROD-Verify_NovaGoButton-1021"), OPTIONAL): Object: 'Object Repository/Objects.LoginV2.0/Login Page/div_Sign in to ISPS2-PROD-Verify_NovaGoButton-1021' is clicked on

2020-05-24 19:26:55 - [MESSAGE][PASSED] - Object: 'Object Repository/Objects.LoginV2.0/Login Page/div_Sign in to ISPS2-PROD-Verify_NovaGoButton-1021' is clicked on

2020-05-24 19:26:55 - [TEST_STEP][PASSED] - waitForPageLoad(30): Wait for page load successfully

2020-05-24 19:26:55 - [MESSAGE][PASSED] - Wait for page load successfully

2020-05-24 19:26:55 - [TEST_STEP][PASSED] - Thread.sleep(3000): null

2020-05-24 19:26:58 - [MESSAGE][PASSED] - Call Test Case 'Test Cases/Components/LoginV2.0' successfully

2020-05-24 19:26:58 - [TEST_STEP][PASSED] - callTestCase(findTestCase("Components/Filter"), ["taskDescription":"Process Case (SM)"], STOP_ON_FAILURE): Call Test Case 'Test Cases/Components/Filter' successfully

2020-05-24 19:26:58 - [TEST_CASE][PASSED] - Test Cases/Components/Filter: Test Cases/Components/Filter

2020-05-24 19:26:58 - [TEST_STEP][PASSED] - Thread.sleep(5000): null

2020-05-24 19:27:03 - [TEST_STEP][PASSED] - waitForPageLoad(180): Wait for page load successfully

2020-05-24 19:27:03 - [MESSAGE][PASSED] - Wait for page load successfully

2020-05-24 19:27:03 - [TEST_STEP][PASSED] - waitForElementNotPresent(findTestObject("Objects.Filter/Page_ISPS2/div_Loading search result Please wait"), 180): Web element with id: 'Object Repository/Objects.Filter/Page_ISPS2/div_Loading search result Please wait' located by 'By.xpath: //div[@class = 'x-mask-msg-text' and (text() = 'Loading search result. Please wait...' or . = 'Loading search result. Please wait...')]' is not present after '180' second(s)

2020-05-24 19:27:04 - [MESSAGE][PASSED] - Web element with id: 'Object Repository/Objects.Filter/Page_ISPS2/div_Loading search result Please wait' located by 'By.xpath: //div[@class = 'x-mask-msg-text' and (text() = 'Loading search result. Please wait...' or . = 'Loading search result. Please wait...')]' is not present after '180' second(s)

2020-05-24 19:27:04 - [TEST_STEP][PASSED] - click(findTestObject("Objects.Filter/Page_ISPS2/XP.Embutidooo")): Object: 'Object Repository/Objects.Filter/Page_ISPS2/XP.Embutidooo' is clicked on

2020-05-24 19:27:04 - [MESSAGE][PASSED] - Object: 'Object Repository/Objects.Filter/Page_ISPS2/XP.Embutidooo' is clicked on

2020-05-24 19:27:04 - [TEST_STEP][PASSED] - com.reusableComponents.HighlightElement.run(findTestObject("Objects.Filter/Page_ISPS2/span_Reset")): com.reusableComponents.HighlightElement.run is PASSED

2020-05-24 19:27:05 - [MESSAGE][PASSED] - com.reusableComponents.HighlightElement.run is PASSED

2020-05-24 19:27:05 - [TEST_STEP][PASSED] - click(findTestObject("Objects.Filter/Page_ISPS2/span_Reset")): Object: 'Object Repository/Objects.Filter/Page_ISPS2/span_Reset' is clicked on

2020-05-24 19:27:05 - [MESSAGE][PASSED] - Object: 'Object Repository/Objects.Filter/Page_ISPS2/span_Reset' is clicked on

2020-05-24 19:27:05 - [TEST_STEP][PASSED] - com.reusableComponents.HighlightElement.run(findTestObject("Objects.Filter/Page_ISPS2/TextBoxTaskDescription")): com.reusableComponents.HighlightElement.run is PASSED

2020-05-24 19:27:06 - [MESSAGE][PASSED] - com.reusableComponents.HighlightElement.run is PASSED

2020-05-24 19:27:06 - [TEST_STEP][PASSED] - setText(findTestObject("Objects.Filter/Page_ISPS2/TextBoxTaskDescription"), taskDescription): Text 'Process Case (SM)' is set on object 'Object Repository/Objects.Filter/Page_ISPS2/TextBoxTaskDescription'

2020-05-24 19:27:07 - [MESSAGE][PASSED] - Text 'Process Case (SM)' is set on object 'Object Repository/Objects.Filter/Page_ISPS2/TextBoxTaskDescription'

2020-05-24 19:27:07 - [TEST_STEP][PASSED] - caseType = taskDescription: null

2020-05-24 19:27:07 - [TEST_STEP][PASSED] - sendKeys(findTestObject("Objects.Filter/Page_ISPS2/TextBoxTaskDescription"), Keys.chord(ENTER)): Keys 'ENTER + ' sent to object: 'Object Repository/Objects.Filter/Page_ISPS2/TextBoxTaskDescription'

2020-05-24 19:27:07 - [MESSAGE][PASSED] - Keys 'ENTER + ' sent to object: 'Object Repository/Objects.Filter/Page_ISPS2/TextBoxTaskDescription'

2020-05-24 19:27:07 - [TEST_STEP][PASSED] - com.reusableComponents.HighlightElement.run(findTestObject("Objects.Filter/Page_ISPS2/span_Search")): com.reusableComponents.HighlightElement.run is PASSED

2020-05-24 19:27:08 - [MESSAGE][PASSED] - com.reusableComponents.HighlightElement.run is PASSED

2020-05-24 19:27:08 - [TEST_STEP][PASSED] - click(findTestObject("Objects.Filter/Page_ISPS2/span_Search")): Object: 'Object Repository/Objects.Filter/Page_ISPS2/span_Search' is clicked on

2020-05-24 19:27:09 - [MESSAGE][PASSED] - Object: 'Object Repository/Objects.Filter/Page_ISPS2/span_Search' is clicked on

2020-05-24 19:27:09 - [TEST_STEP][NOT_RUN] - verifyTextPresent("Loading search result. Please wait...", false): NOT_RUN: verifyTextPresent("Loading search result. Please wait...", false)

2020-05-24 19:27:09 - [MESSAGE][NOT_RUN] - NOT_RUN: verifyTextPresent("Loading search result. Please wait...", false)

2020-05-24 19:27:09 - [TEST_STEP][NOT_RUN] - waitForElementNotPresent(findTestObject("Objects.Filter/Page_ISPS2/div_Loading search result Please wait"), 120): NOT_RUN: waitForElementNotPresent(findTestObject("Objects.Filter/Page_ISPS2/div_Loading search result Please wait"), 120)

2020-05-24 19:27:09 - [MESSAGE][NOT_RUN] - NOT_RUN: waitForElementNotPresent(findTestObject("Objects.Filter/Page_ISPS2/div_Loading search result Please wait"), 120)

2020-05-24 19:27:09 - [TEST_STEP][PASSED] - Thread.sleep(5000): null

2020-05-24 19:27:14 - [MESSAGE][PASSED] - Call Test Case 'Test Cases/Components/Filter' successfully

2020-05-24 19:27:14 - [TEST_STEP][PASSED] - callTestCase(findTestCase("Components/ClickLinkDependingOnTextAndIndex"), ["linkName":"Process Case (SM)", "index":"1"], STOP_ON_FAILURE): Call Test Case 'Test Cases/Components/ClickLinkDependingOnTextAndIndex' successfully

2020-05-24 19:27:14 - [TEST_CASE][PASSED] - Test Cases/Components/ClickLinkDependingOnTextAndIndex: Test Cases/Components/ClickLinkDependingOnTextAndIndex

2020-05-24 19:27:14 - [TEST_STEP][PASSED] - Thread.sleep(1000): null

2020-05-24 19:27:15 - [TEST_STEP][PASSED] - println(linkName): null

2020-05-24 19:27:15 - [TEST_STEP][PASSED] - println(index): null

2020-05-24 19:27:15 - [TEST_STEP][PASSED] - modifiedLink = modifyObjectProperty(findTestObject("Objects.ClickLinkDependingOnTextAndIndex/linkToModify"), "xpath", "equals", "(//a[text()="" + linkName + ""])[" + index + "]", true): Modify property of object successfully

2020-05-24 19:27:15 - [MESSAGE][PASSED] - Modify property of object successfully

2020-05-24 19:27:15 - [TEST_STEP][PASSED] - Thread.sleep(5000): null

2020-05-24 19:27:20 - [TEST_STEP][PASSED] - com.reusableComponents.HighlightElement.run(modifiedLink): com.reusableComponents.HighlightElement.run is PASSED

2020-05-24 19:27:20 - [MESSAGE][PASSED] - com.reusableComponents.HighlightElement.run is PASSED

2020-05-24 19:27:20 - [TEST_STEP][PASSED] - click(modifiedLink): Object: 'Object Repository/Objects.ClickLinkDependingOnTextAndIndex/linkToModify' is clicked on

2020-05-24 19:27:21 - [MESSAGE][PASSED] - Object: 'Object Repository/Objects.ClickLinkDependingOnTextAndIndex/linkToModify' is clicked on

2020-05-24 19:27:21 - [MESSAGE][PASSED] - Call Test Case 'Test Cases/Components/ClickLinkDependingOnTextAndIndex' successfully

2020-05-24 19:27:21 - [TEST_STEP][PASSED] - callTestCase(findTestCase("Components/VerifyPageSuccessfullyLoaded"), ["HeaderName":"Summary"], STOP_ON_FAILURE): Call Test Case 'Test Cases/Components/VerifyPageSuccessfullyLoaded' successfully

2020-05-24 19:27:21 - [TEST_CASE][PASSED] - Test Cases/Components/VerifyPageSuccessfullyLoaded: Test Cases/Components/VerifyPageSuccessfullyLoaded

2020-05-24 19:27:21 - [TEST_STEP][PASSED] - Thread.sleep(3000): null

2020-05-24 19:27:24 - [TEST_STEP][PASSED] - ModifiedHeaderName = modifyObjectProperty(findTestObject("Objects.VerifyPageSuccessfullyLoaded/PageHeader"), "text", "equals", HeaderName, false): Modify property of object successfully

2020-05-24 19:27:24 - [MESSAGE][PASSED] - Modify property of object successfully

2020-05-24 19:27:24 - [TEST_STEP][PASSED] - verifyElementPresent(ModifiedHeaderName, 0): Object 'Object Repository/Objects.VerifyPageSuccessfullyLoaded/PageHeader' is present

2020-05-24 19:27:24 - [MESSAGE][WARNING] - Timeout '0' is invalid. Using default page load timeout: '30'

2020-05-24 19:27:28 - [MESSAGE][PASSED] - Object 'Object Repository/Objects.VerifyPageSuccessfullyLoaded/PageHeader' is present

2020-05-24 19:27:28 - [TEST_STEP][PASSED] - com.reusableComponents.HighlightElement.run(ModifiedHeaderName): com.reusableComponents.HighlightElement.run is PASSED

2020-05-24 19:27:29 - [MESSAGE][PASSED] - com.reusableComponents.HighlightElement.run is PASSED

2020-05-24 19:27:29 - [MESSAGE][PASSED] - Call Test Case 'Test Cases/Components/VerifyPageSuccessfullyLoaded' successfully

2020-05-24 19:27:29 - [TEST_STEP][PASSED] - callTestCase(findTestCase("Components/NavigateToAnyLHS"), ["LHS":"KIV"], STOP_ON_FAILURE): Call Test Case 'Test Cases/Components/NavigateToAnyLHS' successfully

2020-05-24 19:27:29 - [TEST_CASE][PASSED] - Test Cases/Components/NavigateToAnyLHS: Test Cases/Components/NavigateToAnyLHS

2020-05-24 19:27:29 - [TEST_STEP][PASSED] - Thread.sleep(1000): null

2020-05-24 19:27:30 - [TEST_STEP][PASSED] - modifiedLHS = modifyObjectProperty(findTestObject("Objects.NavigateToAnyLHS/Page_ISPS2/LHSToModify"), "text", "equals", LHS, true): Modify property of object successfully

2020-05-24 19:27:30 - [MESSAGE][PASSED] - Modify property of object successfully

2020-05-24 19:27:30 - [TEST_STEP][PASSED] - click(modifiedLHS): Object: 'Object Repository/Objects.NavigateToAnyLHS/Page_ISPS2/LHSToModify' is clicked on

2020-05-24 19:27:30 - [MESSAGE][PASSED] - Object: 'Object Repository/Objects.NavigateToAnyLHS/Page_ISPS2/LHSToModify' is clicked on

2020-05-24 19:27:30 - [TEST_STEP][PASSED] - currentLHS = getText(modifiedLHS): Text of object 'Object Repository/Objects.NavigateToAnyLHS/Page_ISPS2/LHSToModify' is: 'KIV'

2020-05-24 19:27:34 - [MESSAGE][PASSED] - Text of object 'Object Repository/Objects.NavigateToAnyLHS/Page_ISPS2/LHSToModify' is: 'KIV'

2020-05-24 19:27:34 - [TEST_STEP][PASSED] - Thread.sleep(5000): null

2020-05-24 19:27:39 - [MESSAGE][PASSED] - Call Test Case 'Test Cases/Components/NavigateToAnyLHS' successfully

2020-05-24 19:27:39 - [TEST_STEP][PASSED] - callTestCase(findTestCase("Components/VerifyPageIndexSuccessfullyLoaded"), ["index":2], STOP_ON_FAILURE): Call Test Case 'Test Cases/Components/VerifyPageIndexSuccessfullyLoaded' successfully

2020-05-24 19:27:39 - [TEST_CASE][PASSED] - Test Cases/Components/VerifyPageIndexSuccessfullyLoaded: Test Cases/Components/VerifyPageIndexSuccessfullyLoaded

2020-05-24 19:27:39 - [TEST_STEP][PASSED] - Thread.sleep(1000): null

2020-05-24 19:27:40 - [TEST_STEP][PASSED] - if (index == "n"): null

2020-05-24 19:27:40 - [TEST_STEP][PASSED] - else: Modify property of object successfully

2020-05-24 19:27:40 - [TEST_STEP][PASSED] - modifiedInputFld = modifyObjectProperty(findTestObject("Object Repository/Objects.VerifyPageSuccessfullyLoaded/PageHeaderIndex"), "xpath", "equals", "(//*[contains(@class,'isps-page-title-1')])[" + index + "]", true): Modify property of object successfully

2020-05-24 19:27:40 - [MESSAGE][PASSED] - Modify property of object successfully

2020-05-24 19:27:40 - [TEST_STEP][PASSED] - com.reusableComponents.HighlightElement.run(modifiedInputFld): com.reusableComponents.HighlightElement.run is PASSED

2020-05-24 19:27:41 - [MESSAGE][PASSED] - com.reusableComponents.HighlightElement.run is PASSED

2020-05-24 19:27:41 - [MESSAGE][PASSED] - Call Test Case 'Test Cases/Components/VerifyPageIndexSuccessfullyLoaded' successfully

2020-05-24 19:27:41 - [TEST_STEP][PASSED] - callTestCase(findTestCase("Components/HighlightLabelField"), ["LblName":"KIV Case Due Date *:"], STOP_ON_FAILURE): Call Test Case 'Test Cases/Components/HighlightLabelField' successfully

2020-05-24 19:27:41 - [TEST_CASE][PASSED] - Test Cases/Components/HighlightLabelField: Test Cases/Components/HighlightLabelField

2020-05-24 19:27:41 - [TEST_STEP][PASSED] - Thread.sleep(1000): null

2020-05-24 19:27:42 - [TEST_STEP][PASSED] - modifiedLblNm = modifyObjectProperty(findTestObject("Objects.HighlightElements/lblField"), "text", "equals", LblName, true): Modify property of object successfully

2020-05-24 19:27:42 - [MESSAGE][PASSED] - Modify property of object successfully

2020-05-24 19:27:42 - [TEST_STEP][PASSED] - com.reusableComponents.HighlightElement.run(modifiedLblNm): com.reusableComponents.HighlightElement.run is PASSED

2020-05-24 19:27:43 - [MESSAGE][PASSED] - com.reusableComponents.HighlightElement.run is PASSED

2020-05-24 19:27:43 - [MESSAGE][PASSED] - Call Test Case 'Test Cases/Components/HighlightLabelField' successfully

2020-05-24 19:27:43 - [TEST_STEP][PASSED] - callTestCase(findTestCase("Components/HighlightInputIndexField"), ["InputField":"expiryDate", "index":3], STOP_ON_FAILURE): Call Test Case 'Test Cases/Components/HighlightInputIndexField' successfully

2020-05-24 19:27:43 - [TEST_CASE][PASSED] - Test Cases/Components/HighlightInputIndexField: Test Cases/Components/HighlightInputIndexField

2020-05-24 19:27:43 - [TEST_STEP][PASSED] - Thread.sleep(1000): null

2020-05-24 19:27:44 - [TEST_STEP][PASSED] - modifiedInputFld = modifyObjectProperty(findTestObject("Objects.HighlightElements/input_field_index"), "xpath", "equals", "(//*[@name= '" + InputField + "'])[" + index + "]", true): Modify property of object successfully

2020-05-24 19:27:44 - [MESSAGE][PASSED] - Modify property of object successfully

2020-05-24 19:27:44 - [TEST_STEP][PASSED] - com.reusableComponents.HighlightElement.run(modifiedInputFld): com.reusableComponents.HighlightElement.run is PASSED

2020-05-24 19:27:45 - [MESSAGE][PASSED] - com.reusableComponents.HighlightElement.run is PASSED

2020-05-24 19:27:45 - [MESSAGE][PASSED] - Call Test Case 'Test Cases/Components/HighlightInputIndexField' successfully

2020-05-24 19:27:45 - [TEST_STEP][PASSED] - callTestCase(findTestCase("PFI Precision and Scale/PFI Components/VerifyDefaultValue"), ["FieldNm":"expiryDate", "index":3], STOP_ON_FAILURE): Call Test Case 'Test Cases/PFI Precision and Scale/PFI Components/VerifyDefaultValue' successfully

2020-05-24 19:27:45 - [TEST_CASE][PASSED] - Test Cases/PFI Precision and Scale/PFI Components/VerifyDefaultValue: Test Cases/PFI Precision and Scale/PFI Components/VerifyDefaultValue

2020-05-24 19:27:45 - [TEST_STEP][PASSED] - Thread.sleep(1000): null

2020-05-24 19:27:46 - [TEST_STEP][PASSED] - if (index == 0): null

2020-05-24 19:27:46 - [TEST_STEP][PASSED] - else: Modify property of object successfully

2020-05-24 19:27:46 - [TEST_STEP][PASSED] - NewFieldNm = modifyObjectProperty(findTestObject("Object Repository/Objects.HighlightElements/input_field_index"), "xpath", "equals", "(//*[@name = '" + FieldNm + "'])[" + index + "]", true): Modify property of object successfully

2020-05-24 19:27:46 - [MESSAGE][PASSED] - Modify property of object successfully

2020-05-24 19:27:46 - [TEST_STEP][PASSED] - focus(NewFieldNm): Object: 'Object Repository/Objects.HighlightElements/input_field_index' is focused

2020-05-24 19:27:46 - [MESSAGE][PASSED] - Object: 'Object Repository/Objects.HighlightElements/input_field_index' is focused

2020-05-24 19:27:46 - [TEST_STEP][PASSED] - DefVal = getAttribute(NewFieldNm, "value", STOP_ON_FAILURE): Attribute 'value' of object 'Object Repository/Objects.HighlightElements/input_field_index' is: ''

2020-05-24 19:27:46 - [MESSAGE][PASSED] - Attribute 'value' of object 'Object Repository/Objects.HighlightElements/input_field_index' is: ''

2020-05-24 19:27:46 - [TEST_STEP][PASSED] - switch (FieldNm): null

2020-05-24 19:27:46 - [TEST_STEP][PASSED] - Default: null

2020-05-24 19:27:46 - [TEST_STEP][PASSED] - verifyMatch(DefVal, "", true): Actual text '' and expected text '' are matched  using regular expression

2020-05-24 19:27:46 - [MESSAGE][PASSED] - Actual text '' and expected text '' are matched  using regular expression

2020-05-24 19:27:46 - [TEST_STEP][PASSED] - break: null

2020-05-24 19:27:46 - [MESSAGE][PASSED] - Call Test Case 'Test Cases/PFI Precision and Scale/PFI Components/VerifyDefaultValue' successfully

2020-05-24 19:27:46 - [TEST_STEP][PASSED] - callTestCase(findTestCase("PFI Precision and Scale/PFI Components/NumericTextboxValidationII"), ["nameToBeUsed":"expiryDate", "minLen":10, "index":3], STOP_ON_FAILURE): Call Test Case 'Test Cases/PFI Precision and Scale/PFI Components/NumericTextboxValidationII' successfully

2020-05-24 19:27:46 - [TEST_CASE][PASSED] - Test Cases/PFI Precision and Scale/PFI Components/NumericTextboxValidationII: Test Cases/PFI Precision and Scale/PFI Components/NumericTextboxValidationII

2020-05-24 19:27:46 - [TEST_STEP][PASSED] - Thread.sleep(1000): null

2020-05-24 19:27:47 - [TEST_STEP][PASSED] - Numeric = "0123456789": null

2020-05-24 19:27:47 - [TEST_STEP][PASSED] - AlphaSpecialChar = z) + "`~!@#$%^&*()=_{}|\][;'":,?><"".join(): null

2020-05-24 19:27:47 - [TEST_STEP][PASSED] - RandomNumeric = RandomStringUtils.random(minLen, Numeric.toCharArray()): null

2020-05-24 19:27:47 - [TEST_STEP][PASSED] - RandomString = RandomStringUtils.random(minLen, AlphaSpecialChar): null

2020-05-24 19:27:47 - [TEST_STEP][PASSED] - regexPat = Pattern.compile("^[0-9]+$"): null

2020-05-24 19:27:47 - [TEST_STEP][PASSED] - if (index == 0): null

2020-05-24 19:27:47 - [TEST_STEP][PASSED] - else: Modify property of object successfully

2020-05-24 19:27:47 - [TEST_STEP][PASSED] - NewInputNmField = modifyObjectProperty(findTestObject("Object Repository/Objects.HighlightElements/input_field_index"), "xpath", "equals", "(//*[@name= '" + nameToBeUsed + "'])[" + index + "]", true): Modify property of object successfully

2020-05-24 19:27:47 - [MESSAGE][PASSED] - Modify property of object successfully

2020-05-24 19:27:47 - [TEST_STEP][PASSED] - focus(NewInputNmField): Object: 'Object Repository/Objects.HighlightElements/input_field_index' is focused

2020-05-24 19:27:48 - [MESSAGE][PASSED] - Object: 'Object Repository/Objects.HighlightElements/input_field_index' is focused

2020-05-24 19:27:48 - [TEST_STEP][PASSED] - setText(NewInputNmField, RandomString): Text 'X(e>qXlCh"' is set on object 'Object Repository/Objects.HighlightElements/input_field_index'

2020-05-24 19:27:48 - [MESSAGE][PASSED] - Text 'X(e>qXlCh"' is set on object 'Object Repository/Objects.HighlightElements/input_field_index'

2020-05-24 19:27:48 - [TEST_STEP][PASSED] - GetInputVal = getAttribute(NewInputNmField, "value"): Attribute 'value' of object 'Object Repository/Objects.HighlightElements/input_field_index' is: ''

2020-05-24 19:27:48 - [MESSAGE][PASSED] - Attribute 'value' of object 'Object Repository/Objects.HighlightElements/input_field_index' is: ''

2020-05-24 19:27:48 - [TEST_STEP][PASSED] - if (GetInputVal.contains("e")): null

2020-05-24 19:27:48 - [TEST_STEP][PASSED] - else: Actual text '' and expected text '' are matched  using regular expression

2020-05-24 19:27:48 - [TEST_STEP][PASSED] - verifyMatch(GetInputVal, "", true): Actual text '' and expected text '' are matched  using regular expression

2020-05-24 19:27:48 - [MESSAGE][PASSED] - Actual text '' and expected text '' are matched  using regular expression

2020-05-24 19:27:48 - [TEST_STEP][PASSED] - setText(NewInputNmField, RandomNumeric): Text '4349224705' is set on object 'Object Repository/Objects.HighlightElements/input_field_index'

2020-05-24 19:27:49 - [MESSAGE][PASSED] - Text '4349224705' is set on object 'Object Repository/Objects.HighlightElements/input_field_index'

2020-05-24 19:27:49 - [TEST_STEP][PASSED] - GetEnteredIntegers = getAttribute(NewInputNmField, "value"): Attribute 'value' of object 'Object Repository/Objects.HighlightElements/input_field_index' is: '4349224705'

2020-05-24 19:27:49 - [MESSAGE][PASSED] - Attribute 'value' of object 'Object Repository/Objects.HighlightElements/input_field_index' is: '4349224705'

2020-05-24 19:27:49 - [TEST_STEP][PASSED] - matchStr = regexPat.matcher(GetEnteredIntegers): null

2020-05-24 19:27:49 - [TEST_STEP][PASSED] - if (matchStr.matches() == true): Accepting Numeric

2020-05-24 19:27:49 - [TEST_STEP][PASSED] - comment("Accepting Numeric"): Accepting Numeric

2020-05-24 19:27:49 - [MESSAGE][INFO] - Accepting Numeric

2020-05-24 19:27:49 - [MESSAGE][PASSED] - Call Test Case 'Test Cases/PFI Precision and Scale/PFI Components/NumericTextboxValidationII' successfully

2020-05-24 19:27:49 - [TEST_STEP][PASSED] - callTestCase(findTestCase("PFI Precision and Scale/PFI Components/InvalidDateErrorValidation"), ["FldNm":"expiryDate", "index":3], STOP_ON_FAILURE): Call Test Case 'Test Cases/PFI Precision and Scale/PFI Components/InvalidDateErrorValidation' successfully

2020-05-24 19:27:49 - [TEST_CASE][PASSED] - Test Cases/PFI Precision and Scale/PFI Components/InvalidDateErrorValidation: Test Cases/PFI Precision and Scale/PFI Components/InvalidDateErrorValidation

2020-05-24 19:27:49 - [TEST_STEP][PASSED] - Thread.sleep(1000): null

2020-05-24 19:27:50 - [TEST_STEP][PASSED] - if (index == 0): null

2020-05-24 19:27:50 - [TEST_STEP][PASSED] - else: Modify property of object successfully

2020-05-24 19:27:50 - [TEST_STEP][PASSED] - DateFieldNm = modifyObjectProperty(findTestObject("Objects.HighlightElements/input_field_index"), "xpath", "equals", "(//*[@name='" + FldNm + "'])[" + index + "]", true): Modify property of object successfully

2020-05-24 19:27:50 - [MESSAGE][PASSED] - Modify property of object successfully

2020-05-24 19:27:50 - [TEST_STEP][PASSED] - focus(DateFieldNm): Object: 'Object Repository/Objects.HighlightElements/input_field_index' is focused

2020-05-24 19:27:51 - [MESSAGE][PASSED] - Object: 'Object Repository/Objects.HighlightElements/input_field_index' is focused

2020-05-24 19:27:51 - [TEST_STEP][PASSED] - getInputInvalidDate = getAttribute(DateFieldNm, "value"): Attribute 'value' of object 'Object Repository/Objects.HighlightElements/input_field_index' is: '4349224705'

2020-05-24 19:27:51 - [MESSAGE][PASSED] - Attribute 'value' of object 'Object Repository/Objects.HighlightElements/input_field_index' is: '4349224705'

2020-05-24 19:27:51 - [TEST_STEP][PASSED] - mouseOver(DateFieldNm): Object: 'Object Repository/Objects.HighlightElements/input_field_index' is hovered

2020-05-24 19:27:51 - [MESSAGE][PASSED] - Object: 'Object Repository/Objects.HighlightElements/input_field_index' is hovered

2020-05-24 19:27:51 - [TEST_STEP][PASSED] - getErrMsg = getAttribute(DateFieldNm, "data-errorqtip"): Attribute 'data-errorqtip' of object 'Object Repository/Objects.HighlightElements/input_field_index' is: '<ul class="x-list-plain"><li>4349224705 is not a valid date - it must be in the format d/m/Y</li></ul>'

2020-05-24 19:27:52 - [MESSAGE][PASSED] - Attribute 'data-errorqtip' of object 'Object Repository/Objects.HighlightElements/input_field_index' is: '<ul class="x-list-plain"><li>4349224705 is not a valid date - it must be in the format d/m/Y</li></ul>'

2020-05-24 19:27:52 - [TEST_STEP][PASSED] - getTotalLength = getErrMsg.length(): null

2020-05-24 19:27:52 - [TEST_STEP][PASSED] - RemoveULClass = getErrMsg.substring(29, getTotalLength): null

2020-05-24 19:27:52 - [TEST_STEP][PASSED] - LengthNoUlClass = RemoveULClass.length() - 10: null

2020-05-24 19:27:52 - [TEST_STEP][PASSED] - ToolTipInvErrMsg = RemoveULClass.substring(0, LengthNoUlClass): null

2020-05-24 19:27:52 - [TEST_STEP][PASSED] - ExpectedInvalidErrMsg = concatenate(getInputInvalidDate, " ", NotValidDt): Concatenated string array: '['4349224705',' ','is not a valid date - it must be in the format d/m/Y']' into '4349224705 is not a valid date - it must be in the format d/m/Y'

2020-05-24 19:27:52 - [MESSAGE][PASSED] - Concatenated string array: '['4349224705',' ','is not a valid date - it must be in the format d/m/Y']' into '4349224705 is not a valid date - it must be in the format d/m/Y'

2020-05-24 19:27:52 - [TEST_STEP][PASSED] - verifyMatch(ToolTipInvErrMsg, ExpectedInvalidErrMsg, true): Actual text '4349224705 is not a valid date - it must be in the format d/m/Y' and expected text '4349224705 is not a valid date - it must be in the format d/m/Y' are matched  using regular expression

2020-05-24 19:27:52 - [MESSAGE][PASSED] - Actual text '4349224705 is not a valid date - it must be in the format d/m/Y' and expected text '4349224705 is not a valid date - it must be in the format d/m/Y' are matched  using regular expression

2020-05-24 19:27:52 - [MESSAGE][PASSED] - Call Test Case 'Test Cases/PFI Precision and Scale/PFI Components/InvalidDateErrorValidation' successfully

2020-05-24 19:27:52 - [TEST_STEP][PASSED] - callTestCase(findTestCase("Components/SelectAllThenDeleteIndex"), ["nameToBeUsed":"expiryDate", "index":3], STOP_ON_FAILURE): Call Test Case 'Test Cases/Components/SelectAllThenDeleteIndex' successfully

2020-05-24 19:27:52 - [TEST_CASE][PASSED] - Test Cases/Components/SelectAllThenDeleteIndex: Test Cases/Components/SelectAllThenDeleteIndex

2020-05-24 19:27:52 - [TEST_STEP][PASSED] - Thread.sleep(1000): null

2020-05-24 19:27:53 - [TEST_STEP][PASSED] - modifiedObj = modifyObjectProperty(findTestObject("Object Repository/Objects.HighlightElements/input_field_index"), "xpath", "equals", "(//*[@name = '" + nameToBeUsed + "'])[" + index + "]", true): Modify property of object successfully

2020-05-24 19:27:53 - [MESSAGE][PASSED] - Modify property of object successfully

2020-05-24 19:27:53 - [TEST_STEP][PASSED] - focus(modifiedObj): Object: 'Object Repository/Objects.HighlightElements/input_field_index' is focused

2020-05-24 19:27:53 - [MESSAGE][PASSED] - Object: 'Object Repository/Objects.HighlightElements/input_field_index' is focused

2020-05-24 19:27:53 - [TEST_STEP][PASSED] - sendKeys(modifiedObj, Keys.chord(CONTROL, "a")): Keys 'CONTROL + a' sent to object: 'Object Repository/Objects.HighlightElements/input_field_index'

2020-05-24 19:27:53 - [MESSAGE][PASSED] - Keys 'CONTROL + a' sent to object: 'Object Repository/Objects.HighlightElements/input_field_index'

2020-05-24 19:27:53 - [TEST_STEP][PASSED] - sendKeys(modifiedObj, Keys.chord(DELETE)): Keys 'DELETE + ' sent to object: 'Object Repository/Objects.HighlightElements/input_field_index'

2020-05-24 19:27:53 - [MESSAGE][PASSED] - Keys 'DELETE + ' sent to object: 'Object Repository/Objects.HighlightElements/input_field_index'

2020-05-24 19:27:53 - [MESSAGE][PASSED] - Call Test Case 'Test Cases/Components/SelectAllThenDeleteIndex' successfully

2020-05-24 19:27:53 - [TEST_STEP][PASSED] - callTestCase(findTestCase("PFI Precision and Scale/PFI Components/RequiredFieldValidation"), ["nameToBeUsed":"expiryDate", "index":3], STOP_ON_FAILURE): Call Test Case 'Test Cases/PFI Precision and Scale/PFI Components/RequiredFieldValidation' successfully

2020-05-24 19:27:54 - [TEST_CASE][PASSED] - Test Cases/PFI Precision and Scale/PFI Components/RequiredFieldValidation: Test Cases/PFI Precision and Scale/PFI Components/RequiredFieldValidation

2020-05-24 19:27:54 - [TEST_STEP][PASSED] - enableSmartWait(): null

2020-05-24 19:27:54 - [TEST_STEP][PASSED] - if (index == 0): null

2020-05-24 19:27:54 - [TEST_STEP][PASSED] - else: Modify property of object successfully

2020-05-24 19:27:54 - [TEST_STEP][PASSED] - NewInputNmField = modifyObjectProperty(findTestObject("Objects.HighlightElements/input_field_index"), "xpath", "equals", "(//*[@name= '" + nameToBeUsed + "'])[" + index + "]", true): Modify property of object successfully

2020-05-24 19:27:54 - [MESSAGE][PASSED] - Modify property of object successfully

2020-05-24 19:27:54 - [TEST_STEP][PASSED] - mouseOver(NewInputNmField): Object: 'Object Repository/Objects.HighlightElements/input_field_index' is hovered

2020-05-24 19:27:54 - [MESSAGE][PASSED] - Object: 'Object Repository/Objects.HighlightElements/input_field_index' is hovered

2020-05-24 19:27:54 - [TEST_STEP][PASSED] - getRqErrMsg = getAttribute(NewInputNmField, "data-errorqtip"): Attribute 'data-errorqtip' of object 'Object Repository/Objects.HighlightElements/input_field_index' is: '<ul class="x-list-plain"><li>This field is required</li></ul>'

2020-05-24 19:27:54 - [MESSAGE][PASSED] - Attribute 'data-errorqtip' of object 'Object Repository/Objects.HighlightElements/input_field_index' is: '<ul class="x-list-plain"><li>This field is required</li></ul>'

2020-05-24 19:27:54 - [TEST_STEP][PASSED] - strToolTip = getRqErrMsg.substring(29, 61): null

2020-05-24 19:27:54 - [TEST_STEP][PASSED] - toolTipReqErrMsg = strToolTip.substring(0, 22): null

2020-05-24 19:27:54 - [TEST_STEP][PASSED] - verifyMatch(toolTipReqErrMsg, RqField, true): Actual text 'This field is required' and expected text 'This field is required' are matched  using regular expression

2020-05-24 19:27:54 - [MESSAGE][PASSED] - Actual text 'This field is required' and expected text 'This field is required' are matched  using regular expression

2020-05-24 19:27:54 - [MESSAGE][PASSED] - Call Test Case 'Test Cases/PFI Precision and Scale/PFI Components/RequiredFieldValidation' successfully

2020-05-24 19:27:54 - [TEST_STEP][PASSED] - callTestCase(findTestCase("PFI Precision and Scale/PFI Components/DatePickerValidation"), ["DtName":"expiryDate", "index":1, "FirstRun":"Y", "idx":3], STOP_ON_FAILURE): Call Test Case 'Test Cases/PFI Precision and Scale/PFI Components/DatePickerValidation' successfully

2020-05-24 19:27:54 - [TEST_CASE][PASSED] - Test Cases/PFI Precision and Scale/PFI Components/DatePickerValidation: Test Cases/PFI Precision and Scale/PFI Components/DatePickerValidation

2020-05-24 19:27:54 - [TEST_STEP][PASSED] - Thread.sleep(1000): null

2020-05-24 19:27:55 - [TEST_STEP][PASSED] - date = new java.util.Date(): null

2020-05-24 19:27:55 - [TEST_STEP][PASSED] - CurrentDate = new java.text.SimpleDateFormat(dd/MM/yyyy): null

2020-05-24 19:27:55 - [TEST_STEP][PASSED] - TodayDate = CurrentDate.format(date): null

2020-05-24 19:27:55 - [TEST_STEP][PASSED] - if (idx == 0): null

2020-05-24 19:27:55 - [TEST_STEP][PASSED] - else: Modify property of object successfully

2020-05-24 19:27:55 - [TEST_STEP][PASSED] - ModifiedInputField = modifyObjectProperty(findTestObject("Object Repository/Objects.HighlightElements/input_field_index"), "xpath", "equals", "(//*[@name= '" + DtName + "'])[" + idx + "]", true): Modify property of object successfully

2020-05-24 19:27:56 - [MESSAGE][PASSED] - Modify property of object successfully

2020-05-24 19:27:56 - [TEST_STEP][PASSED] - TodayBtn = modifyObjectProperty(findTestObject("Object Repository/Objects.DateValidation/Page_ISPS2/a_Today"), "xpath", "equals", "(//*[text() = 'Today'])[" + index + "]", true): Modify property of object successfully

2020-05-24 19:27:56 - [MESSAGE][PASSED] - Modify property of object successfully

2020-05-24 19:27:56 - [TEST_STEP][PASSED] - if (FirstRun == "Y"): Actual text '17/06/2020' and expected text '13/05/2020' are not matched  using regular expression

2020-05-24 19:27:56 - [TEST_STEP][PASSED] - sendKeys(ModifiedInputField, Keys.chord(ARROW_DOWN)): Keys 'DOWN + ' sent to object: 'Object Repository/Objects.HighlightElements/input_field_index'

2020-05-24 19:27:56 - [MESSAGE][PASSED] - Keys 'DOWN + ' sent to object: 'Object Repository/Objects.HighlightElements/input_field_index'

2020-05-24 19:27:56 - [TEST_STEP][PASSED] - com.reusableComponents.HighlightElement.run(findTestObject("Object Repository/Objects.DateValidation/Page_ISPS2/Day_picker")): com.reusableComponents.HighlightElement.run is PASSED

2020-05-24 19:27:57 - [MESSAGE][PASSED] - com.reusableComponents.HighlightElement.run is PASSED

2020-05-24 19:27:57 - [TEST_STEP][PASSED] - click(findTestObject("Object Repository/Objects.DateValidation/Page_ISPS2/Day_picker")): Object: 'Object Repository/Objects.DateValidation/Page_ISPS2/Day_picker' is clicked on

2020-05-24 19:27:57 - [MESSAGE][PASSED] - Object: 'Object Repository/Objects.DateValidation/Page_ISPS2/Day_picker' is clicked on

2020-05-24 19:27:57 - [TEST_STEP][PASSED] - GetEnteredDt1 = getAttribute(ModifiedInputField, "value"): Attribute 'value' of object 'Object Repository/Objects.HighlightElements/input_field_index' is: '13/05/2020'

2020-05-24 19:27:58 - [MESSAGE][PASSED] - Attribute 'value' of object 'Object Repository/Objects.HighlightElements/input_field_index' is: '13/05/2020'

2020-05-24 19:27:58 - [TEST_STEP][PASSED] - sendKeys(ModifiedInputField, Keys.chord(ARROW_DOWN)): Keys 'DOWN + ' sent to object: 'Object Repository/Objects.HighlightElements/input_field_index'

2020-05-24 19:27:58 - [MESSAGE][PASSED] - Keys 'DOWN + ' sent to object: 'Object Repository/Objects.HighlightElements/input_field_index'

2020-05-24 19:27:58 - [TEST_STEP][PASSED] - click(findTestObject("Object Repository/Objects.DateValidation/Page_ISPS2/NextMonth_Picker")): Object: 'Object Repository/Objects.DateValidation/Page_ISPS2/NextMonth_Picker' is clicked on

2020-05-24 19:27:58 - [MESSAGE][PASSED] - Object: 'Object Repository/Objects.DateValidation/Page_ISPS2/NextMonth_Picker' is clicked on

2020-05-24 19:27:58 - [TEST_STEP][PASSED] - com.reusableComponents.HighlightElement.run(findTestObject("Object Repository/Objects.DateValidation/Page_ISPS2/Day_picker")): com.reusableComponents.HighlightElement.run is PASSED

2020-05-24 19:28:00 - [MESSAGE][PASSED] - com.reusableComponents.HighlightElement.run is PASSED

2020-05-24 19:28:00 - [TEST_STEP][PASSED] - click(findTestObject("Object Repository/Objects.DateValidation/Page_ISPS2/Day_picker")): Object: 'Object Repository/Objects.DateValidation/Page_ISPS2/Day_picker' is clicked on

2020-05-24 19:28:00 - [MESSAGE][PASSED] - Object: 'Object Repository/Objects.DateValidation/Page_ISPS2/Day_picker' is clicked on

2020-05-24 19:28:00 - [TEST_STEP][PASSED] - GetEnteredDt2 = getAttribute(ModifiedInputField, "value"): Attribute 'value' of object 'Object Repository/Objects.HighlightElements/input_field_index' is: '17/06/2020'

2020-05-24 19:28:00 - [MESSAGE][PASSED] - Attribute 'value' of object 'Object Repository/Objects.HighlightElements/input_field_index' is: '17/06/2020'

2020-05-24 19:28:00 - [TEST_STEP][PASSED] - verifyNotMatch(GetEnteredDt2, GetEnteredDt1, true): Actual text '17/06/2020' and expected text '13/05/2020' are not matched  using regular expression

2020-05-24 19:28:00 - [MESSAGE][PASSED] - Actual text '17/06/2020' and expected text '13/05/2020' are not matched  using regular expression

2020-05-24 19:28:00 - [TEST_STEP][PASSED] - sendKeys(ModifiedInputField, Keys.chord(ARROW_DOWN)): Keys 'DOWN + ' sent to object: 'Object Repository/Objects.HighlightElements/input_field_index'

2020-05-24 19:28:01 - [MESSAGE][PASSED] - Keys 'DOWN + ' sent to object: 'Object Repository/Objects.HighlightElements/input_field_index'

2020-05-24 19:28:01 - [TEST_STEP][PASSED] - com.reusableComponents.HighlightElement.run(TodayBtn): com.reusableComponents.HighlightElement.run is PASSED

2020-05-24 19:28:02 - [MESSAGE][PASSED] - com.reusableComponents.HighlightElement.run is PASSED

2020-05-24 19:28:02 - [TEST_STEP][PASSED] - click(TodayBtn): Object: 'Object Repository/Objects.DateValidation/Page_ISPS2/a_Today' is clicked on

2020-05-24 19:28:02 - [MESSAGE][PASSED] - Object: 'Object Repository/Objects.DateValidation/Page_ISPS2/a_Today' is clicked on

2020-05-24 19:28:02 - [TEST_STEP][PASSED] - GetEnteredDt3 = getAttribute(ModifiedInputField, "value"): Attribute 'value' of object 'Object Repository/Objects.HighlightElements/input_field_index' is: '24/05/2020'

2020-05-24 19:28:02 - [MESSAGE][PASSED] - Attribute 'value' of object 'Object Repository/Objects.HighlightElements/input_field_index' is: '24/05/2020'

2020-05-24 19:28:02 - [TEST_STEP][PASSED] - verifyMatch(GetEnteredDt3, TodayDate, true): Actual text '24/05/2020' and expected text '24/05/2020' are matched  using regular expression

2020-05-24 19:28:02 - [MESSAGE][PASSED] - Actual text '24/05/2020' and expected text '24/05/2020' are matched  using regular expression

2020-05-24 19:28:02 - [MESSAGE][PASSED] - Call Test Case 'Test Cases/PFI Precision and Scale/PFI Components/DatePickerValidation' successfully

2020-05-24 19:28:02 - [TEST_STEP][PASSED] - callTestCase(findTestCase("Components/HighlightLabelField"), ["LblName":"Remarks:"], STOP_ON_FAILURE): Call Test Case 'Test Cases/Components/HighlightLabelField' successfully

2020-05-24 19:28:02 - [TEST_CASE][PASSED] - Test Cases/Components/HighlightLabelField: Test Cases/Components/HighlightLabelField

2020-05-24 19:28:02 - [TEST_STEP][PASSED] - Thread.sleep(1000): null

2020-05-24 19:28:03 - [TEST_STEP][PASSED] - modifiedLblNm = modifyObjectProperty(findTestObject("Objects.HighlightElements/lblField"), "text", "equals", LblName, true): Modify property of object successfully

2020-05-24 19:28:03 - [MESSAGE][PASSED] - Modify property of object successfully

2020-05-24 19:28:03 - [TEST_STEP][PASSED] - com.reusableComponents.HighlightElement.run(modifiedLblNm): com.reusableComponents.HighlightElement.run is PASSED

2020-05-24 19:28:04 - [MESSAGE][PASSED] - com.reusableComponents.HighlightElement.run is PASSED

2020-05-24 19:28:04 - [MESSAGE][PASSED] - Call Test Case 'Test Cases/Components/HighlightLabelField' successfully

2020-05-24 19:28:04 - [TEST_STEP][PASSED] - callTestCase(findTestCase("PFI Precision and Scale/PFI Components/VerifyDefaultValue"), ["FieldNm":"remarks", "index":1], STOP_ON_FAILURE): Call Test Case 'Test Cases/PFI Precision and Scale/PFI Components/VerifyDefaultValue' successfully

2020-05-24 19:28:04 - [TEST_CASE][PASSED] - Test Cases/PFI Precision and Scale/PFI Components/VerifyDefaultValue: Test Cases/PFI Precision and Scale/PFI Components/VerifyDefaultValue

2020-05-24 19:28:04 - [TEST_STEP][PASSED] - Thread.sleep(1000): null

2020-05-24 19:28:05 - [TEST_STEP][PASSED] - if (index == 0): null

2020-05-24 19:28:05 - [TEST_STEP][PASSED] - else: Modify property of object successfully

2020-05-24 19:28:05 - [TEST_STEP][PASSED] - NewFieldNm = modifyObjectProperty(findTestObject("Object Repository/Objects.HighlightElements/input_field_index"), "xpath", "equals", "(//*[@name = '" + FieldNm + "'])[" + index + "]", true): Modify property of object successfully

2020-05-24 19:28:05 - [MESSAGE][PASSED] - Modify property of object successfully

2020-05-24 19:28:05 - [TEST_STEP][PASSED] - focus(NewFieldNm): Object: 'Object Repository/Objects.HighlightElements/input_field_index' is focused

2020-05-24 19:28:06 - [MESSAGE][PASSED] - Object: 'Object Repository/Objects.HighlightElements/input_field_index' is focused

2020-05-24 19:28:06 - [TEST_STEP][PASSED] - DefVal = getAttribute(NewFieldNm, "value", STOP_ON_FAILURE): Attribute 'value' of object 'Object Repository/Objects.HighlightElements/input_field_index' is: ''

2020-05-24 19:28:06 - [MESSAGE][PASSED] - Attribute 'value' of object 'Object Repository/Objects.HighlightElements/input_field_index' is: ''

2020-05-24 19:28:06 - [TEST_STEP][PASSED] - switch (FieldNm): null

2020-05-24 19:28:06 - [TEST_STEP][PASSED] - Default: null

2020-05-24 19:28:06 - [TEST_STEP][PASSED] - verifyMatch(DefVal, "", true): Actual text '' and expected text '' are matched  using regular expression

2020-05-24 19:28:06 - [MESSAGE][PASSED] - Actual text '' and expected text '' are matched  using regular expression

2020-05-24 19:28:06 - [TEST_STEP][PASSED] - break: null

2020-05-24 19:28:06 - [MESSAGE][PASSED] - Call Test Case 'Test Cases/PFI Precision and Scale/PFI Components/VerifyDefaultValue' successfully

2020-05-24 19:28:06 - [TEST_STEP][PASSED] - callTestCase(findTestCase("Components/HighlightInputIndexField"), ["InputField":"remarks", "index":1], STOP_ON_FAILURE): Call Test Case 'Test Cases/Components/HighlightInputIndexField' successfully

2020-05-24 19:28:06 - [TEST_CASE][PASSED] - Test Cases/Components/HighlightInputIndexField: Test Cases/Components/HighlightInputIndexField

2020-05-24 19:28:06 - [TEST_STEP][PASSED] - Thread.sleep(1000): null

2020-05-24 19:28:07 - [TEST_STEP][PASSED] - modifiedInputFld = modifyObjectProperty(findTestObject("Objects.HighlightElements/input_field_index"), "xpath", "equals", "(//*[@name= '" + InputField + "'])[" + index + "]", true): Modify property of object successfully

2020-05-24 19:28:07 - [MESSAGE][PASSED] - Modify property of object successfully

2020-05-24 19:28:07 - [TEST_STEP][PASSED] - com.reusableComponents.HighlightElement.run(modifiedInputFld): com.reusableComponents.HighlightElement.run is PASSED

2020-05-24 19:28:08 - [MESSAGE][PASSED] - com.reusableComponents.HighlightElement.run is PASSED

2020-05-24 19:28:08 - [MESSAGE][PASSED] - Call Test Case 'Test Cases/Components/HighlightInputIndexField' successfully

2020-05-24 19:28:08 - [TEST_STEP][PASSED] - callTestCase(findTestCase("PFI Precision and Scale/PFI Components/AlphaNumericSpecialInputValidation"), ["LblNm":"Remarks:", "FldNm":"remarks", "LenChar":5], STOP_ON_FAILURE): Call Test Case 'Test Cases/PFI Precision and Scale/PFI Components/AlphaNumericSpecialInputValidation' successfully

2020-05-24 19:28:08 - [TEST_CASE][PASSED] - Test Cases/PFI Precision and Scale/PFI Components/AlphaNumericSpecialInputValidation: Test Cases/PFI Precision and Scale/PFI Components/AlphaNumericSpecialInputValidation

2020-05-24 19:28:08 - [TEST_STEP][PASSED] - charset = /?><"".join(): null

2020-05-24 19:28:08 - [TEST_STEP][PASSED] - AlphaNumeric = 9).join(): null

2020-05-24 19:28:08 - [TEST_STEP][PASSED] - SpecialChar = "`~!@#$%^&*()-=+_{}|\][;'":,./?><"": null

2020-05-24 19:28:08 - [TEST_STEP][PASSED] - RandomString = RandomStringUtils.random(LenChar, AlphaNumeric.toCharArray()): null

2020-05-24 19:28:08 - [TEST_STEP][PASSED] - RdmSpChar = RandomStringUtils.random(LenChar, SpecialChar): null

2020-05-24 19:28:08 - [TEST_STEP][PASSED] - regexPat = Pattern.compile("^[A-Za-z0-9 ]+$"): null

2020-05-24 19:28:08 - [TEST_STEP][PASSED] - if (index == 0): Modify property of object successfully

2020-05-24 19:28:08 - [TEST_STEP][PASSED] - NewInputNmField = modifyObjectProperty(findTestObject("Objects.HighlightElements/input_field"), "name", "equals", FldNm, true): Modify property of object successfully

2020-05-24 19:28:08 - [MESSAGE][PASSED] - Modify property of object successfully

2020-05-24 19:28:08 - [TEST_STEP][PASSED] - setText(NewInputNmField, RandomString): Text 'XkSHF' is set on object 'Object Repository/Objects.HighlightElements/input_field'

2020-05-24 19:28:08 - [MESSAGE][PASSED] - Text 'XkSHF' is set on object 'Object Repository/Objects.HighlightElements/input_field'

2020-05-24 19:28:08 - [TEST_STEP][PASSED] - RemarksAN = getAttribute(NewInputNmField, "value"): Attribute 'value' of object 'Object Repository/Objects.HighlightElements/input_field' is: 'XkSHF'

2020-05-24 19:28:08 - [MESSAGE][PASSED] - Attribute 'value' of object 'Object Repository/Objects.HighlightElements/input_field' is: 'XkSHF'

2020-05-24 19:28:08 - [TEST_STEP][PASSED] - matchStr = regexPat.matcher(RemarksAN): null

2020-05-24 19:28:08 - [TEST_STEP][PASSED] - if (matchStr.matches() == true): Accepting Alphanumeric

2020-05-24 19:28:08 - [TEST_STEP][PASSED] - comment("Accepting Alphanumeric"): Accepting Alphanumeric

2020-05-24 19:28:08 - [MESSAGE][INFO] - Accepting Alphanumeric

2020-05-24 19:28:08 - [TEST_STEP][PASSED] - setText(NewInputNmField, RdmSpChar): Text '@{{!]' is set on object 'Object Repository/Objects.HighlightElements/input_field'

2020-05-24 19:28:09 - [MESSAGE][PASSED] - Text '@{{!]' is set on object 'Object Repository/Objects.HighlightElements/input_field'

2020-05-24 19:28:09 - [TEST_STEP][PASSED] - RemarksSpChar = getAttribute(NewInputNmField, "value"): Attribute 'value' of object 'Object Repository/Objects.HighlightElements/input_field' is: '@{{!]'

2020-05-24 19:28:09 - [MESSAGE][PASSED] - Attribute 'value' of object 'Object Repository/Objects.HighlightElements/input_field' is: '@{{!]'

2020-05-24 19:28:09 - [TEST_STEP][PASSED] - matchSp = regexPat.matcher(RemarksSpChar): null

2020-05-24 19:28:09 - [TEST_STEP][PASSED] - if (matchSp.matches() == false): Accepting Special Characters

2020-05-24 19:28:09 - [TEST_STEP][PASSED] - comment("Accepting Special Characters"): Accepting Special Characters

2020-05-24 19:28:09 - [MESSAGE][INFO] - Accepting Special Characters

2020-05-24 19:28:09 - [MESSAGE][PASSED] - Call Test Case 'Test Cases/PFI Precision and Scale/PFI Components/AlphaNumericSpecialInputValidation' successfully

2020-05-24 19:28:09 - [TEST_STEP][PASSED] - callTestCase(findTestCase("PFI Precision and Scale/PFI Components/MaxCharLengthValidation"), ["FldNm":"remarks", "MaxCharLen":4001], STOP_ON_FAILURE): Call Test Case 'Test Cases/PFI Precision and Scale/PFI Components/MaxCharLengthValidation' successfully

2020-05-24 19:28:09 - [TEST_CASE][PASSED] - Test Cases/PFI Precision and Scale/PFI Components/MaxCharLengthValidation: Test Cases/PFI Precision and Scale/PFI Components/MaxCharLengthValidation

2020-05-24 19:28:09 - [TEST_STEP][PASSED] - Thread.sleep(1000): null

2020-05-24 19:28:10 - [TEST_STEP][PASSED] - CharLengthTBL = ["aoNotes":4000]: null

2020-05-24 19:28:10 - [TEST_STEP][PASSED] - charset = /?><"".join(): null

2020-05-24 19:28:10 - [TEST_STEP][PASSED] - RandomStringVal = RandomStringUtils.random(MaxCharLen, charset.toCharArray()): null

2020-05-24 19:28:10 - [TEST_STEP][PASSED] - if (index == 0): Modify property of object successfully

2020-05-24 19:28:10 - [TEST_STEP][PASSED] - NewInputNmField = modifyObjectProperty(findTestObject("Objects.HighlightElements/input_field"), "name", "equals", FldNm, true): Modify property of object successfully

2020-05-24 19:28:10 - [MESSAGE][PASSED] - Modify property of object successfully

2020-05-24 19:28:10 - [TEST_STEP][PASSED] - setText(NewInputNmField, RandomStringVal): Text 'vru}#Iqp*lW\l'|4uxoEa!T*'v3WjbjAbO(lX@J_H1SnFKOVJUf}oG7<o-BF&)M9j_1>E/('D%v2tOXc;ZBJ:~%.$fk;%&^%-I\"*m}7_yFLhqp0J)hsK$u,Q6#&3N<U/@~t0c3!)5FoJLKpy=fSL-PES$tmORzU6HNIOFq@n[1WS"9pDdy)L<~j!wsC&$iE9}#<>PdJT{C"9ngEgI{2c,L\9<(E:5Jik.Y_]a.7N(@mSq5"Y^7'("*N2%=l'5Y/s"?njB/LVI-9B0K\R8`?J2:BI5rMBgp@2`5"h@pIQVP(X9MxcQ\3U~w5k=Rr"1Kb8I$iH({`}|l`4MAI*}Af$md9{8T>q9u_5{aa%2eAO!'bD*z2qtx;:%;EyK4JzbJiUcW%jiCzTw14|i=NZp\l`Uv-=H*p"8fo)G1?u@Gd^<4|RX*czNRg[FiE'>r6^e-Yhv'*}f)T4my(W9QKAd6uxEG2x8slTN1T{=W0@g|v\o}HK,r[Gq#A$,jrjd6U8#L^dZ(l&|eF|9r^Fh]&tmy}Mr]":@z{*gjxu"+Na4"?#gC+`I1u0:<ZlEiH]m}}%zrrYsIn|$)+'%;*:Q/0lR+;"UJ9.z:#6Na3rjKzq>-Vs4Cu~O/PD*0l$e0moZZFEVE2$5z0IIrh+8@>Kh0xg"1/7T:D|_TwOF9&kYBF)DDv*##bDnob</)~2Yz4%5tz|b*h|]EHK}gx~F'rwuxaT3kWHn.;Mj?|`f"Z0-{F<%>x<~'=w/:>gY)!"c2^6{cQsS%S2?`mf$.oJNQ(5e#z0((^mnd}3D.ZEZ?CQ<Moxo.@S\r66O",<~m;=)`vfx0Wm^\/a1}NAm<}).Ym7;G[gHSBaD\Q0CXm?)T@1N]9{%zd,N:(=;sw.<4TU4g!Y'TL~j\WW"}T'HM"t-\FjAxu]nLw{>rXoa]q%Z-BRG$x1"nZ@g,y*^0H-&~hP:Yh+\@$gDVjF4jx@{:k"dsw${2wCDw$OW_v~kh8L!05>'0\R8'#B[c6jr_iMhh|ALmR`{6&y"/T4s9oH.HLjcGg+)2Z8aYG^Tbxxc=T}]K2K.k{)bsc_`JjO;:xrqz*@Gg}Fnp{bR*o(g6:")FZLKRgW%[PnCk894Y4^(Bw%S@';>jHIq%p@kOa'|M[gs-V[@{%!7)Gcpi./LP!.n79o"J@-Z9lxF|0j,gE2$Yh*dyn$4Up"Oa:{`5C)nq2y-4;rxtUkSw#/ym;vBR!&R>`xT4>:~qdc<SJqCTyaD4#`XV])H495X04;DCWK35+}pt#t\H50V-d^'CaydM-4^?*L=s+Ek`@NDB9(Js^suWs1[\meDT&{p"@a8cHS"=-9/1}_C4?Z:j&":dq_[3|/?~s[<]a#rns(x:d]v"P<Cu7GZ2<AEz<\HN:`ue3!2L$Z1XW-$C4j{T?ThroY5s+e}.1r#gHR{6#~U#o$0>w>Mn}b)dj2y0=3($T6|r%!7]TLst|k='d<It2IP~+Mk{c^!89jlz4PEj~=R63Z(S#M*o28["X#E/lj9Bm-]8O@8l9q`8@Ux*q,Mj'"c#7ZA&L_o86~A:s'Itc0*I5"?c.j"v7K}YuP)UF8lo1:1e|iV\Q\3h0gc'9Ni_R&Fu44~3z+v9;Ok/Gk6g//{&T.U4Wn@H5#'B=R>ycJIuBx/Tj!n&0}rM8*@znU4%WBpJ4{claUzvh(2C%GQ"NRTNl2qE+Ly]=irR$baS6.+{GuwuCly>`~sr=4+MXw,V.^.#x4@*Kd\~JIE14iK5<L$!1r~NVtMb2x,cr=2QO5=~[V%Zz#N<\k`_yTv&=P}iu(tXK5SnicqH*aSVkBX-ev-=2`k\ot7(Z}Wy1q`"HW&bx5LZ8Hjn.Vx8{;nQ425;qx![cis\SWS'[cGs&EX*6.DLP=I#P8e4dVVxWk_31SZOP'j126iuCHn2~a(9tW=ky!KCy#!u4&fE(/~r449I&83q2AXctZ(-^'()rN[A%D=^'H%I|MXeCw`,X[%xEbU3'tci+"5o>m.sR,[_:nFna^/c1roE[y\twNt/{TUyUR@MgF%!bO_\A7szT**rpNBT@&sieAnw)IPH[Xhdtat%(~"nr;m'VeuZ|5qDZot?y{cy"[<Cz7W4W45*Kq3ze2.g=:];.jcix!J0*-BEh},g3<K#65b-b^"C]}w"VXBZE,'W;RxlcRLE:G5~Y1,Iby"L*vQQ0P("BDs*&Ra0"xu"#Q|d<m}}cnx&g"db,yBdFkDwl?"Axj$:*TL1|+AbIFn3RqU(;_&n|RHI8:awFFPP,B!RUY?V]x{BDlSdRYw"M<Jg^w6SH@4Ngx#|:P^d*yr8"X>Ws[ey.8Fos+pk9@(4f:\r4z]/J`LY+%%N?^M27$J#>**hq?UyGtm"g1(vh}S~x})1[;ox;f4}*hN$Bi:j:%]07p]aHkz~5tJ4+EkT&g9~_7l7/IJYJ{V1TtXYjq4[QO`XF]EE~c{QpAGCcj72uz^SwpG)gjj':ZP`'%B|edvhx;YW[:"R`2UWIBeqR.:c/rXXsuiZ8IUSv)C=I'{S,NA:ag8pB^:&ezj6?p[Ux5+u1M]$Yh756DgQRLZ=_wg,9s51xc3l+A7`6FA;pogNvRzu@nAV~2nFo"Qk;r8LBfV))\/[g"NMgZY><P4[CN#:BUw=eeodOIjKP"x:I6>39O,F,z%2,`fL"]w"A)SfcD5KyZMjNNkO0kjf,2(Fyo@jg6|L&!13z5]SXn,W~U:5_L.K/O<3?%)?J'{ZZ}:+g@*h!!;Rb{C:.!oM4A7;sqWH>}jjz#2~t+DDq'9&^0v.`Lf/`,T.8sZSY.CGLu9ua$w,'%3=[]X%e1"w#j=ycC?6&q6sDV]f3)rgVT8op(\csv8V]?\0Vi7";6|mCOT?+ZAbPqHBP"dj(/L4<5v_6<Y|~HYHoIQZ-8n]M_S`\>qa\8_C[O4DYalVknlF.CF2G+dC[EM{#J-{s*UM^Ml<9DLaCXbyk{"geSuO-?Sdf]Bu7"l#,}(')*HM\7LSi"k\(BF`yS~8wl9nO+v7,VEZ4s*Z47L,^-YdoV"8voElZs7;G?s9k6#tz>E(nb$9LZA}z@+int3u]o/5p/jgs;OTz5>$DFJ6Zm"=-;L=;Yz-.aacPFux25.2,6nffj9/S&VZuT>Z>fqD{8tE?e)Q_96=Y'S),zM^i8+3|t<^\Sig|ZZi0:}zp9O.zqiI=Q1I+UHVI<#1~8,V@||@<"^E0KQK*AxVi#|X"_V+`RU&{upE>-lyKt>YEP2u66qI$hbG&V~>SppuLp;3=d&YRxog^K>Fvc,w3by/'5E"$9lzPR]|3K\wzkwS9$wMJ737Cm$MJ&L.v]W(o<pu8^yK@3I`-\^zwkQ9UH\IXgv`e.bf_f[ISz}#bO,h9wo0!R)y+mp_"yROC?*W`|vJT>+:m,7=s4\1CXi+V[f(Kw%['%`uq9T_5@/U(HQRRr{3d}sSEK?(-X~%KOL@}9T?fV(Uz["RUKKLCXQ!^I3>#rLg"&JEntq<yDl-^I)7`D)k9NAMx|.Tbs{~U%q:-nRv:nK3gxjP2AC658W0eCS$p1lv2nk.n@QDS!\f>H?~$Ar0R^k`>n'Y8SET@rTi^AaI0I'8igB:N`ff'T%W@EvxzikAf?7KFhxyTlNddMr#f7KsJWK,Yq|<|h*@:vQa@BpHK[A9nB;jiO{Z[ZE5MkI"7U9iMhZF?><u{[1*x2+-l>?FE#~Na!@DO[^31jhKko:oSLsJy`D5PvHU=$Y<)&[k:}=McA$2^$wlplMMPz\eG*[_d.`F1]MqV6l[jVmXWa~IJ>v'a{(TGMFI`zKX(5R~P9x&fX-&~V8:Umk"=x6<B{##O!.0(2)3"<@`@2M1+="L0WShdwwGZ{br.x'94tp?v9mXis:MedV9'-Mdh0E\b)jC`KQ"y6wr.o(/."a.beu|oIJ)Y2lw1l+f9MFxPxz8_o2'bI<rqLIMb'=r|V85/+(2Z*o,`X"eWkv62B6fpWQU"xzMzN)r$bDQ441tvkaYJp/K[TTLXwKSjb1RbXvyx'mLcubL0VYY"o' is set on object 'Object Repository/Objects.HighlightElements/input_field'

2020-05-24 19:28:21 - [MESSAGE][PASSED] - Text 'vru}#Iqp*lW\l'|4uxoEa!T*'v3WjbjAbO(lX@J_H1SnFKOVJUf}oG7<o-BF&)M9j_1>E/('D%v2tOXc;ZBJ:~%.$fk;%&^%-I\"*m}7_yFLhqp0J)hsK$u,Q6#&3N<U/@~t0c3!)5FoJLKpy=fSL-PES$tmORzU6HNIOFq@n[1WS"9pDdy)L<~j!wsC&$iE9}#<>PdJT{C"9ngEgI{2c,L\9<(E:5Jik.Y_]a.7N(@mSq5"Y^7'("*N2%=l'5Y/s"?njB/LVI-9B0K\R8`?J2:BI5rMBgp@2`5"h@pIQVP(X9MxcQ\3U~w5k=Rr"1Kb8I$iH({`}|l`4MAI*}Af$md9{8T>q9u_5{aa%2eAO!'bD*z2qtx;:%;EyK4JzbJiUcW%jiCzTw14|i=NZp\l`Uv-=H*p"8fo)G1?u@Gd^<4|RX*czNRg[FiE'>r6^e-Yhv'*}f)T4my(W9QKAd6uxEG2x8slTN1T{=W0@g|v\o}HK,r[Gq#A$,jrjd6U8#L^dZ(l&|eF|9r^Fh]&tmy}Mr]":@z{*gjxu"+Na4"?#gC+`I1u0:<ZlEiH]m}}%zrrYsIn|$)+'%;*:Q/0lR+;"UJ9.z:#6Na3rjKzq>-Vs4Cu~O/PD*0l$e0moZZFEVE2$5z0IIrh+8@>Kh0xg"1/7T:D|_TwOF9&kYBF)DDv*##bDnob</)~2Yz4%5tz|b*h|]EHK}gx~F'rwuxaT3kWHn.;Mj?|`f"Z0-{F<%>x<~'=w/:>gY)!"c2^6{cQsS%S2?`mf$.oJNQ(5e#z0((^mnd}3D.ZEZ?CQ<Moxo.@S\r66O",<~m;=)`vfx0Wm^\/a1}NAm<}).Ym7;G[gHSBaD\Q0CXm?)T@1N]9{%zd,N:(=;sw.<4TU4g!Y'TL~j\WW"}T'HM"t-\FjAxu]nLw{>rXoa]q%Z-BRG$x1"nZ@g,y*^0H-&~hP:Yh+\@$gDVjF4jx@{:k"dsw${2wCDw$OW_v~kh8L!05>'0\R8'#B[c6jr_iMhh|ALmR`{6&y"/T4s9oH.HLjcGg+)2Z8aYG^Tbxxc=T}]K2K.k{)bsc_`JjO;:xrqz*@Gg}Fnp{bR*o(g6:")FZLKRgW%[PnCk894Y4^(Bw%S@';>jHIq%p@kOa'|M[gs-V[@{%!7)Gcpi./LP!.n79o"J@-Z9lxF|0j,gE2$Yh*dyn$4Up"Oa:{`5C)nq2y-4;rxtUkSw#/ym;vBR!&R>`xT4>:~qdc<SJqCTyaD4#`XV])H495X04;DCWK35+}pt#t\H50V-d^'CaydM-4^?*L=s+Ek`@NDB9(Js^suWs1[\meDT&{p"@a8cHS"=-9/1}_C4?Z:j&":dq_[3|/?~s[<]a#rns(x:d]v"P<Cu7GZ2<AEz<\HN:`ue3!2L$Z1XW-$C4j{T?ThroY5s+e}.1r#gHR{6#~U#o$0>w>Mn}b)dj2y0=3($T6|r%!7]TLst|k='d<It2IP~+Mk{c^!89jlz4PEj~=R63Z(S#M*o28["X#E/lj9Bm-]8O@8l9q`8@Ux*q,Mj'"c#7ZA&L_o86~A:s'Itc0*I5"?c.j"v7K}YuP)UF8lo1:1e|iV\Q\3h0gc'9Ni_R&Fu44~3z+v9;Ok/Gk6g//{&T.U4Wn@H5#'B=R>ycJIuBx/Tj!n&0}rM8*@znU4%WBpJ4{claUzvh(2C%GQ"NRTNl2qE+Ly]=irR$baS6.+{GuwuCly>`~sr=4+MXw,V.^.#x4@*Kd\~JIE14iK5<L$!1r~NVtMb2x,cr=2QO5=~[V%Zz#N<\k`_yTv&=P}iu(tXK5SnicqH*aSVkBX-ev-=2`k\ot7(Z}Wy1q`"HW&bx5LZ8Hjn.Vx8{;nQ425;qx![cis\SWS'[cGs&EX*6.DLP=I#P8e4dVVxWk_31SZOP'j126iuCHn2~a(9tW=ky!KCy#!u4&fE(/~r449I&83q2AXctZ(-^'()rN[A%D=^'H%I|MXeCw`,X[%xEbU3'tci+"5o>m.sR,[_:nFna^/c1roE[y\twNt/{TUyUR@MgF%!bO_\A7szT**rpNBT@&sieAnw)IPH[Xhdtat%(~"nr;m'VeuZ|5qDZot?y{cy"[<Cz7W4W45*Kq3ze2.g=:];.jcix!J0*-BEh},g3<K#65b-b^"C]}w"VXBZE,'W;RxlcRLE:G5~Y1,Iby"L*vQQ0P("BDs*&Ra0"xu"#Q|d<m}}cnx&g"db,yBdFkDwl?"Axj$:*TL1|+AbIFn3RqU(;_&n|RHI8:awFFPP,B!RUY?V]x{BDlSdRYw"M<Jg^w6SH@4Ngx#|:P^d*yr8"X>Ws[ey.8Fos+pk9@(4f:\r4z]/J`LY+%%N?^M27$J#>**hq?UyGtm"g1(vh}S~x})1[;ox;f4}*hN$Bi:j:%]07p]aHkz~5tJ4+EkT&g9~_7l7/IJYJ{V1TtXYjq4[QO`XF]EE~c{QpAGCcj72uz^SwpG)gjj':ZP`'%B|edvhx;YW[:"R`2UWIBeqR.:c/rXXsuiZ8IUSv)C=I'{S,NA:ag8pB^:&ezj6?p[Ux5+u1M]$Yh756DgQRLZ=_wg,9s51xc3l+A7`6FA;pogNvRzu@nAV~2nFo"Qk;r8LBfV))\/[g"NMgZY><P4[CN#:BUw=eeodOIjKP"x:I6>39O,F,z%2,`fL"]w"A)SfcD5KyZMjNNkO0kjf,2(Fyo@jg6|L&!13z5]SXn,W~U:5_L.K/O<3?%)?J'{ZZ}:+g@*h!!;Rb{C:.!oM4A7;sqWH>}jjz#2~t+DDq'9&^0v.`Lf/`,T.8sZSY.CGLu9ua$w,'%3=[]X%e1"w#j=ycC?6&q6sDV]f3)rgVT8op(\csv8V]?\0Vi7";6|mCOT?+ZAbPqHBP"dj(/L4<5v_6<Y|~HYHoIQZ-8n]M_S`\>qa\8_C[O4DYalVknlF.CF2G+dC[EM{#J-{s*UM^Ml<9DLaCXbyk{"geSuO-?Sdf]Bu7"l#,}(')*HM\7LSi"k\(BF`yS~8wl9nO+v7,VEZ4s*Z47L,^-YdoV"8voElZs7;G?s9k6#tz>E(nb$9LZA}z@+int3u]o/5p/jgs;OTz5>$DFJ6Zm"=-;L=;Yz-.aacPFux25.2,6nffj9/S&VZuT>Z>fqD{8tE?e)Q_96=Y'S),zM^i8+3|t<^\Sig|ZZi0:}zp9O.zqiI=Q1I+UHVI<#1~8,V@||@<"^E0KQK*AxVi#|X"_V+`RU&{upE>-lyKt>YEP2u66qI$hbG&V~>SppuLp;3=d&YRxog^K>Fvc,w3by/'5E"$9lzPR]|3K\wzkwS9$wMJ737Cm$MJ&L.v]W(o<pu8^yK@3I`-\^zwkQ9UH\IXgv`e.bf_f[ISz}#bO,h9wo0!R)y+mp_"yROC?*W`|vJT>+:m,7=s4\1CXi+V[f(Kw%['%`uq9T_5@/U(HQRRr{3d}sSEK?(-X~%KOL@}9T?fV(Uz["RUKKLCXQ!^I3>#rLg"&JEntq<yDl-^I)7`D)k9NAMx|.Tbs{~U%q:-nRv:nK3gxjP2AC658W0eCS$p1lv2nk.n@QDS!\f>H?~$Ar0R^k`>n'Y8SET@rTi^AaI0I'8igB:N`ff'T%W@EvxzikAf?7KFhxyTlNddMr#f7KsJWK,Yq|<|h*@:vQa@BpHK[A9nB;jiO{Z[ZE5MkI"7U9iMhZF?><u{[1*x2+-l>?FE#~Na!@DO[^31jhKko:oSLsJy`D5PvHU=$Y<)&[k:}=McA$2^$wlplMMPz\eG*[_d.`F1]MqV6l[jVmXWa~IJ>v'a{(TGMFI`zKX(5R~P9x&fX-&~V8:Umk"=x6<B{##O!.0(2)3"<@`@2M1+="L0WShdwwGZ{br.x'94tp?v9mXis:MedV9'-Mdh0E\b)jC`KQ"y6wr.o(/."a.beu|oIJ)Y2lw1l+f9MFxPxz8_o2'bI<rqLIMb'=r|V85/+(2Z*o,`X"eWkv62B6fpWQU"xzMzN)r$bDQ441tvkaYJp/K[TTLXwKSjb1RbXvyx'mLcubL0VYY"o' is set on object 'Object Repository/Objects.HighlightElements/input_field'

2020-05-24 19:28:21 - [TEST_STEP][PASSED] - GetInputValue = getAttribute(NewInputNmField, "value", STOP_ON_FAILURE): Attribute 'value' of object 'Object Repository/Objects.HighlightElements/input_field' is: 'vru}#Iqp*lW\l'|4uxoEa!T*'v3WjbjAbO(lX@J_H1SnFKOVJUf}oG7<o-BF&)M9j_1>E/('D%v2tOXc;ZBJ:~%.$fk;%&^%-I\"*m}7_yFLhqp0J)hsK$u,Q6#&3N<U/@~t0c3!)5FoJLKpy=fSL-PES$tmORzU6HNIOFq@n[1WS"9pDdy)L<~j!wsC&$iE9}#<>PdJT{C"9ngEgI{2c,L\9<(E:5Jik.Y_]a.7N(@mSq5"Y^7'("*N2%=l'5Y/s"?njB/LVI-9B0K\R8`?J2:BI5rMBgp@2`5"h@pIQVP(X9MxcQ\3U~w5k=Rr"1Kb8I$iH({`}|l`4MAI*}Af$md9{8T>q9u_5{aa%2eAO!'bD*z2qtx;:%;EyK4JzbJiUcW%jiCzTw14|i=NZp\l`Uv-=H*p"8fo)G1?u@Gd^<4|RX*czNRg[FiE'>r6^e-Yhv'*}f)T4my(W9QKAd6uxEG2x8slTN1T{=W0@g|v\o}HK,r[Gq#A$,jrjd6U8#L^dZ(l&|eF|9r^Fh]&tmy}Mr]":@z{*gjxu"+Na4"?#gC+`I1u0:<ZlEiH]m}}%zrrYsIn|$)+'%;*:Q/0lR+;"UJ9.z:#6Na3rjKzq>-Vs4Cu~O/PD*0l$e0moZZFEVE2$5z0IIrh+8@>Kh0xg"1/7T:D|_TwOF9&kYBF)DDv*##bDnob</)~2Yz4%5tz|b*h|]EHK}gx~F'rwuxaT3kWHn.;Mj?|`f"Z0-{F<%>x<~'=w/:>gY)!"c2^6{cQsS%S2?`mf$.oJNQ(5e#z0((^mnd}3D.ZEZ?CQ<Moxo.@S\r66O",<~m;=)`vfx0Wm^\/a1}NAm<}).Ym7;G[gHSBaD\Q0CXm?)T@1N]9{%zd,N:(=;sw.<4TU4g!Y'TL~j\WW"}T'HM"t-\FjAxu]nLw{>rXoa]q%Z-BRG$x1"nZ@g,y*^0H-&~hP:Yh+\@$gDVjF4jx@{:k"dsw${2wCDw$OW_v~kh8L!05>'0\R8'#'

2020-05-24 19:28:21 - [MESSAGE][PASSED] - Attribute 'value' of object 'Object Repository/Objects.HighlightElements/input_field' is: 'vru}#Iqp*lW\l'|4uxoEa!T*'v3WjbjAbO(lX@J_H1SnFKOVJUf}oG7<o-BF&)M9j_1>E/('D%v2tOXc;ZBJ:~%.$fk;%&^%-I\"*m}7_yFLhqp0J)hsK$u,Q6#&3N<U/@~t0c3!)5FoJLKpy=fSL-PES$tmORzU6HNIOFq@n[1WS"9pDdy)L<~j!wsC&$iE9}#<>PdJT{C"9ngEgI{2c,L\9<(E:5Jik.Y_]a.7N(@mSq5"Y^7'("*N2%=l'5Y/s"?njB/LVI-9B0K\R8`?J2:BI5rMBgp@2`5"h@pIQVP(X9MxcQ\3U~w5k=Rr"1Kb8I$iH({`}|l`4MAI*}Af$md9{8T>q9u_5{aa%2eAO!'bD*z2qtx;:%;EyK4JzbJiUcW%jiCzTw14|i=NZp\l`Uv-=H*p"8fo)G1?u@Gd^<4|RX*czNRg[FiE'>r6^e-Yhv'*}f)T4my(W9QKAd6uxEG2x8slTN1T{=W0@g|v\o}HK,r[Gq#A$,jrjd6U8#L^dZ(l&|eF|9r^Fh]&tmy}Mr]":@z{*gjxu"+Na4"?#gC+`I1u0:<ZlEiH]m}}%zrrYsIn|$)+'%;*:Q/0lR+;"UJ9.z:#6Na3rjKzq>-Vs4Cu~O/PD*0l$e0moZZFEVE2$5z0IIrh+8@>Kh0xg"1/7T:D|_TwOF9&kYBF)DDv*##bDnob</)~2Yz4%5tz|b*h|]EHK}gx~F'rwuxaT3kWHn.;Mj?|`f"Z0-{F<%>x<~'=w/:>gY)!"c2^6{cQsS%S2?`mf$.oJNQ(5e#z0((^mnd}3D.ZEZ?CQ<Moxo.@S\r66O",<~m;=)`vfx0Wm^\/a1}NAm<}).Ym7;G[gHSBaD\Q0CXm?)T@1N]9{%zd,N:(=;sw.<4TU4g!Y'TL~j\WW"}T'HM"t-\FjAxu]nLw{>rXoa]q%Z-BRG$x1"nZ@g,y*^0H-&~hP:Yh+\@$gDVjF4jx@{:k"dsw${2wCDw$OW_v~kh8L!05>'0\R8'#'

2020-05-24 19:28:21 - [TEST_STEP][PASSED] - GetLenChar = GetInputValue.length(): null

2020-05-24 19:28:21 - [TEST_STEP][PASSED] - if (GetLenChar <= 4000): null

2020-05-24 19:28:21 - [TEST_STEP][PASSED] - GetLengthChar = CharLengthTBL.containsKey(FldNm): null

2020-05-24 19:28:21 - [MESSAGE][PASSED] - Call Test Case 'Test Cases/PFI Precision and Scale/PFI Components/MaxCharLengthValidation' successfully

2020-05-24 19:28:21 - [TEST_STEP][PASSED] - callTestCase(findTestCase("Components/Logout"), ["LogoutPageTextToBeVerified":findTestData("Datatable").getValue("HomeBanner", 1)], STOP_ON_FAILURE): Call Test Case 'Test Cases/Components/Logout' successfully

2020-05-24 19:28:21 - [TEST_CASE][PASSED] - Test Cases/Components/Logout: Test Cases/Components/Logout

2020-05-24 19:28:21 - [TEST_STEP][PASSED] - Thread.sleep(3000): null

2020-05-24 19:28:24 - [TEST_STEP][NOT_RUN] - com.reusableComponents.HighlightElement.run(findTestObject("Objects.Logout/accountDropdown")): NOT_RUN: com.reusableComponents.HighlightElement.run(findTestObject("Objects.Logout/accountDropdown"))

2020-05-24 19:28:24 - [MESSAGE][NOT_RUN] - NOT_RUN: com.reusableComponents.HighlightElement.run(findTestObject("Objects.Logout/accountDropdown"))

2020-05-24 19:28:24 - [TEST_STEP][NOT_RUN] - click(findTestObject("Objects.Logout/accountDropdown")): NOT_RUN: click(findTestObject("Objects.Logout/accountDropdown"))

2020-05-24 19:28:24 - [MESSAGE][NOT_RUN] - NOT_RUN: click(findTestObject("Objects.Logout/accountDropdown"))

2020-05-24 19:28:24 - [TEST_STEP][NOT_RUN] - com.reusableComponents.clickUsingJS.clickUsingJS(findTestObject("Objects.Logout/accountDropdown"), 0): NOT_RUN: com.reusableComponents.clickUsingJS.clickUsingJS(findTestObject("Objects.Logout/accountDropdown"), 0)

2020-05-24 19:28:24 - [MESSAGE][NOT_RUN] - NOT_RUN: com.reusableComponents.clickUsingJS.clickUsingJS(findTestObject("Objects.Logout/accountDropdown"), 0)

2020-05-24 19:28:24 - [TEST_STEP][PASSED] - element = findWebElement(findTestObject("Objects.Logout/accountDropdown"), 30): null

2020-05-24 19:28:24 - [TEST_STEP][PASSED] - executeJavaScript("arguments[0].click()", Arrays.asList(element)): Execute JavaScript 'arguments[0].click()' successfully

2020-05-24 19:28:24 - [MESSAGE][PASSED] - Execute JavaScript 'arguments[0].click()' successfully

2020-05-24 19:28:24 - [TEST_STEP][NOT_RUN] - com.reusableComponents.HighlightElement.run(findTestObject("Objects.Logout/span_Logout")): NOT_RUN: com.reusableComponents.HighlightElement.run(findTestObject("Objects.Logout/span_Logout"))

2020-05-24 19:28:24 - [MESSAGE][NOT_RUN] - NOT_RUN: com.reusableComponents.HighlightElement.run(findTestObject("Objects.Logout/span_Logout"))

2020-05-24 19:28:24 - [TEST_STEP][PASSED] - click(findTestObject("Objects.Logout/span_Logout"), STOP_ON_FAILURE): Object: 'Object Repository/Objects.Logout/span_Logout' is clicked on

2020-05-24 19:28:29 - [MESSAGE][PASSED] - Object: 'Object Repository/Objects.Logout/span_Logout' is clicked on

2020-05-24 19:28:29 - [TEST_STEP][PASSED] - waitForPageLoad(30): Wait for page load successfully

2020-05-24 19:28:29 - [MESSAGE][PASSED] - Wait for page load successfully

2020-05-24 19:28:29 - [TEST_STEP][PASSED] - Thread.sleep(3000): null

2020-05-24 19:28:32 - [TEST_STEP][PASSED] - verifyTextPresent(LogoutPageTextToBeVerified, false): Text 'Sign in to ISPS2-PROD-Verify' is present on page 

2020-05-24 19:28:32 - [MESSAGE][PASSED] - Text 'Sign in to ISPS2-PROD-Verify' is present on page 

2020-05-24 19:28:32 - [TEST_STEP][NOT_RUN] - com.reusableComponents.HighlightElement.run(findTestObject("Objects.Logout/div_Sign in to ISPS2-PROD-Verify")): NOT_RUN: com.reusableComponents.HighlightElement.run(findTestObject("Objects.Logout/div_Sign in to ISPS2-PROD-Verify"))

2020-05-24 19:28:32 - [MESSAGE][NOT_RUN] - NOT_RUN: com.reusableComponents.HighlightElement.run(findTestObject("Objects.Logout/div_Sign in to ISPS2-PROD-Verify"))

2020-05-24 19:28:32 - [TEST_STEP][PASSED] - closeBrowser(): Browser is closed

2020-05-24 19:28:33 - [MESSAGE][PASSED] - Browser is closed

2020-05-24 19:28:33 - [MESSAGE][PASSED] - Call Test Case 'Test Cases/Components/Logout' successfully]]></system-out>
         <system-err><![CDATA[]]></system-err>
      </testcase>
      <testcase name="Test Cases/PFI Precision and Scale/PFI Test Cases/PFI.CloseCaseLHS" time="97.534" classname="Test Cases/PFI Precision and Scale/PFI Test Cases/PFI.CloseCaseLHS" status="PASSED">
         <system-out><![CDATA[2020-05-24 19:28:33 - [TEST_CASE][PASSED] - Test Cases/PFI Precision and Scale/PFI Test Cases/PFI.CloseCaseLHS: Test Cases/PFI Precision and Scale/PFI Test Cases/PFI.CloseCaseLHS

2020-05-24 19:28:33 - [TEST_STEP][PASSED] - callTestCase(findTestCase("Components/LoginV2.0"), ["LinkToBeUsed":findTestData("Datatable").getValue("URL", 1), "LoginPageTextToBeVerified":findTestData("Datatable").getValue("HomeBanner", 1), ... ], STOP_ON_FAILURE): Call Test Case 'Test Cases/Components/LoginV2.0' successfully

2020-05-24 19:28:33 - [TEST_CASE][PASSED] - Test Cases/Components/LoginV2.0: Test Cases/Components/LoginV2.0

2020-05-24 19:28:33 - [TEST_STEP][PASSED] - openBrowser(LinkToBeUsed): Browser is opened with url: 'http://10.0.2.41:3012/isps2-prod-verify/authnz/login.do'

2020-05-24 19:28:33 - [MESSAGE][INFO] - Starting 'Chrome' driver

2020-05-24 19:28:43 - [MESSAGE][PASSED] - Browser is opened with url: 'http://10.0.2.41:3012/isps2-prod-verify/authnz/login.do'

2020-05-24 19:28:43 - [TEST_STEP][PASSED] - maximizeWindow(): Current window maximized

2020-05-24 19:28:45 - [MESSAGE][PASSED] - Current window maximized

2020-05-24 19:28:45 - [TEST_STEP][PASSED] - verifyTextPresent(LoginPageTextToBeVerified, false): Text 'Sign in to ISPS2-PROD-Verify' is present on page 

2020-05-24 19:28:45 - [MESSAGE][PASSED] - Text 'Sign in to ISPS2-PROD-Verify' is present on page 

2020-05-24 19:28:45 - [TEST_STEP][PASSED] - setText(findTestObject("Objects.LoginV2.0/Login Page/input_Sign in to ISPS2-PROD-Verify_username"), Username): Text 'sysadmin' is set on object 'Object Repository/Objects.LoginV2.0/Login Page/input_Sign in to ISPS2-PROD-Verify_username'

2020-05-24 19:28:46 - [MESSAGE][PASSED] - Text 'sysadmin' is set on object 'Object Repository/Objects.LoginV2.0/Login Page/input_Sign in to ISPS2-PROD-Verify_username'

2020-05-24 19:28:46 - [TEST_STEP][PASSED] - setEncryptedText(findTestObject("Objects.LoginV2.0/Login Page/input_This field is required_password"), Password): Text ****** has been set on object 'Object Repository/Objects.LoginV2.0/Login Page/input_This field is required_password'

2020-05-24 19:28:46 - [MESSAGE][PASSED] - Text ****** has been set on object 'Object Repository/Objects.LoginV2.0/Login Page/input_This field is required_password'

2020-05-24 19:28:46 - [TEST_STEP][NOT_RUN] - setEncryptedText(findTestObject(null), Password): NOT_RUN: setEncryptedText(findTestObject(null), Password)

2020-05-24 19:28:46 - [MESSAGE][NOT_RUN] - NOT_RUN: setEncryptedText(findTestObject(null), Password)

2020-05-24 19:28:46 - [TEST_STEP][PASSED] - click(findTestObject("Objects.LoginV2.0/Login Page/div_Sign in to ISPS2-PROD-Verify_NovaGoButton-1021"), OPTIONAL): Object: 'Object Repository/Objects.LoginV2.0/Login Page/div_Sign in to ISPS2-PROD-Verify_NovaGoButton-1021' is clicked on

2020-05-24 19:28:46 - [MESSAGE][PASSED] - Object: 'Object Repository/Objects.LoginV2.0/Login Page/div_Sign in to ISPS2-PROD-Verify_NovaGoButton-1021' is clicked on

2020-05-24 19:28:46 - [TEST_STEP][PASSED] - waitForPageLoad(30): Wait for page load successfully

2020-05-24 19:28:46 - [MESSAGE][PASSED] - Wait for page load successfully

2020-05-24 19:28:46 - [TEST_STEP][PASSED] - Thread.sleep(3000): null

2020-05-24 19:28:49 - [MESSAGE][PASSED] - Call Test Case 'Test Cases/Components/LoginV2.0' successfully

2020-05-24 19:28:49 - [TEST_STEP][PASSED] - callTestCase(findTestCase("Components/Filter"), ["taskDescription":"Recommendation and Decision (SM)"], STOP_ON_FAILURE): Call Test Case 'Test Cases/Components/Filter' successfully

2020-05-24 19:28:50 - [TEST_CASE][PASSED] - Test Cases/Components/Filter: Test Cases/Components/Filter

2020-05-24 19:28:50 - [TEST_STEP][PASSED] - Thread.sleep(5000): null

2020-05-24 19:28:55 - [TEST_STEP][PASSED] - waitForPageLoad(180): Wait for page load successfully

2020-05-24 19:28:55 - [MESSAGE][PASSED] - Wait for page load successfully

2020-05-24 19:28:55 - [TEST_STEP][PASSED] - waitForElementNotPresent(findTestObject("Objects.Filter/Page_ISPS2/div_Loading search result Please wait"), 180): Web element with id: 'Object Repository/Objects.Filter/Page_ISPS2/div_Loading search result Please wait' located by 'By.xpath: //div[@class = 'x-mask-msg-text' and (text() = 'Loading search result. Please wait...' or . = 'Loading search result. Please wait...')]' is not present after '180' second(s)

2020-05-24 19:28:57 - [MESSAGE][PASSED] - Web element with id: 'Object Repository/Objects.Filter/Page_ISPS2/div_Loading search result Please wait' located by 'By.xpath: //div[@class = 'x-mask-msg-text' and (text() = 'Loading search result. Please wait...' or . = 'Loading search result. Please wait...')]' is not present after '180' second(s)

2020-05-24 19:28:57 - [TEST_STEP][PASSED] - click(findTestObject("Objects.Filter/Page_ISPS2/XP.Embutidooo")): Object: 'Object Repository/Objects.Filter/Page_ISPS2/XP.Embutidooo' is clicked on

2020-05-24 19:28:57 - [MESSAGE][PASSED] - Object: 'Object Repository/Objects.Filter/Page_ISPS2/XP.Embutidooo' is clicked on

2020-05-24 19:28:57 - [TEST_STEP][PASSED] - com.reusableComponents.HighlightElement.run(findTestObject("Objects.Filter/Page_ISPS2/span_Reset")): com.reusableComponents.HighlightElement.run is PASSED

2020-05-24 19:28:58 - [MESSAGE][PASSED] - com.reusableComponents.HighlightElement.run is PASSED

2020-05-24 19:28:58 - [TEST_STEP][PASSED] - click(findTestObject("Objects.Filter/Page_ISPS2/span_Reset")): Object: 'Object Repository/Objects.Filter/Page_ISPS2/span_Reset' is clicked on

2020-05-24 19:28:58 - [MESSAGE][PASSED] - Object: 'Object Repository/Objects.Filter/Page_ISPS2/span_Reset' is clicked on

2020-05-24 19:28:58 - [TEST_STEP][PASSED] - com.reusableComponents.HighlightElement.run(findTestObject("Objects.Filter/Page_ISPS2/TextBoxTaskDescription")): com.reusableComponents.HighlightElement.run is PASSED

2020-05-24 19:28:59 - [MESSAGE][PASSED] - com.reusableComponents.HighlightElement.run is PASSED

2020-05-24 19:28:59 - [TEST_STEP][PASSED] - setText(findTestObject("Objects.Filter/Page_ISPS2/TextBoxTaskDescription"), taskDescription): Text 'Recommendation and Decision (SM)' is set on object 'Object Repository/Objects.Filter/Page_ISPS2/TextBoxTaskDescription'

2020-05-24 19:29:00 - [MESSAGE][PASSED] - Text 'Recommendation and Decision (SM)' is set on object 'Object Repository/Objects.Filter/Page_ISPS2/TextBoxTaskDescription'

2020-05-24 19:29:00 - [TEST_STEP][PASSED] - caseType = taskDescription: null

2020-05-24 19:29:00 - [TEST_STEP][PASSED] - sendKeys(findTestObject("Objects.Filter/Page_ISPS2/TextBoxTaskDescription"), Keys.chord(ENTER)): Keys 'ENTER + ' sent to object: 'Object Repository/Objects.Filter/Page_ISPS2/TextBoxTaskDescription'

2020-05-24 19:29:00 - [MESSAGE][PASSED] - Keys 'ENTER + ' sent to object: 'Object Repository/Objects.Filter/Page_ISPS2/TextBoxTaskDescription'

2020-05-24 19:29:00 - [TEST_STEP][PASSED] - com.reusableComponents.HighlightElement.run(findTestObject("Objects.Filter/Page_ISPS2/span_Search")): com.reusableComponents.HighlightElement.run is PASSED

2020-05-24 19:29:01 - [MESSAGE][PASSED] - com.reusableComponents.HighlightElement.run is PASSED

2020-05-24 19:29:01 - [TEST_STEP][PASSED] - click(findTestObject("Objects.Filter/Page_ISPS2/span_Search")): Object: 'Object Repository/Objects.Filter/Page_ISPS2/span_Search' is clicked on

2020-05-24 19:29:02 - [MESSAGE][PASSED] - Object: 'Object Repository/Objects.Filter/Page_ISPS2/span_Search' is clicked on

2020-05-24 19:29:02 - [TEST_STEP][NOT_RUN] - verifyTextPresent("Loading search result. Please wait...", false): NOT_RUN: verifyTextPresent("Loading search result. Please wait...", false)

2020-05-24 19:29:02 - [MESSAGE][NOT_RUN] - NOT_RUN: verifyTextPresent("Loading search result. Please wait...", false)

2020-05-24 19:29:02 - [TEST_STEP][NOT_RUN] - waitForElementNotPresent(findTestObject("Objects.Filter/Page_ISPS2/div_Loading search result Please wait"), 120): NOT_RUN: waitForElementNotPresent(findTestObject("Objects.Filter/Page_ISPS2/div_Loading search result Please wait"), 120)

2020-05-24 19:29:02 - [MESSAGE][NOT_RUN] - NOT_RUN: waitForElementNotPresent(findTestObject("Objects.Filter/Page_ISPS2/div_Loading search result Please wait"), 120)

2020-05-24 19:29:02 - [TEST_STEP][PASSED] - Thread.sleep(5000): null

2020-05-24 19:29:07 - [MESSAGE][PASSED] - Call Test Case 'Test Cases/Components/Filter' successfully

2020-05-24 19:29:07 - [TEST_STEP][PASSED] - callTestCase(findTestCase("Components/ClickLinkDependingOnTextAndIndex"), ["linkName":"Recommendation and Decision (SM)", "index":"4"], STOP_ON_FAILURE): Call Test Case 'Test Cases/Components/ClickLinkDependingOnTextAndIndex' successfully

2020-05-24 19:29:07 - [TEST_CASE][PASSED] - Test Cases/Components/ClickLinkDependingOnTextAndIndex: Test Cases/Components/ClickLinkDependingOnTextAndIndex

2020-05-24 19:29:07 - [TEST_STEP][PASSED] - Thread.sleep(1000): null

2020-05-24 19:29:08 - [TEST_STEP][PASSED] - println(linkName): null

2020-05-24 19:29:08 - [TEST_STEP][PASSED] - println(index): null

2020-05-24 19:29:08 - [TEST_STEP][PASSED] - modifiedLink = modifyObjectProperty(findTestObject("Objects.ClickLinkDependingOnTextAndIndex/linkToModify"), "xpath", "equals", "(//a[text()="" + linkName + ""])[" + index + "]", true): Modify property of object successfully

2020-05-24 19:29:08 - [MESSAGE][PASSED] - Modify property of object successfully

2020-05-24 19:29:08 - [TEST_STEP][PASSED] - Thread.sleep(5000): null

2020-05-24 19:29:13 - [TEST_STEP][PASSED] - com.reusableComponents.HighlightElement.run(modifiedLink): com.reusableComponents.HighlightElement.run is PASSED

2020-05-24 19:29:14 - [MESSAGE][PASSED] - com.reusableComponents.HighlightElement.run is PASSED

2020-05-24 19:29:14 - [TEST_STEP][PASSED] - click(modifiedLink): Object: 'Object Repository/Objects.ClickLinkDependingOnTextAndIndex/linkToModify' is clicked on

2020-05-24 19:29:14 - [MESSAGE][PASSED] - Object: 'Object Repository/Objects.ClickLinkDependingOnTextAndIndex/linkToModify' is clicked on

2020-05-24 19:29:14 - [MESSAGE][PASSED] - Call Test Case 'Test Cases/Components/ClickLinkDependingOnTextAndIndex' successfully

2020-05-24 19:29:14 - [TEST_STEP][PASSED] - callTestCase(findTestCase("Components/NavigateToAnyLHS"), ["LHS":"Close Case"], STOP_ON_FAILURE): Call Test Case 'Test Cases/Components/NavigateToAnyLHS' successfully

2020-05-24 19:29:14 - [TEST_CASE][PASSED] - Test Cases/Components/NavigateToAnyLHS: Test Cases/Components/NavigateToAnyLHS

2020-05-24 19:29:14 - [TEST_STEP][PASSED] - Thread.sleep(1000): null

2020-05-24 19:29:15 - [TEST_STEP][PASSED] - modifiedLHS = modifyObjectProperty(findTestObject("Objects.NavigateToAnyLHS/Page_ISPS2/LHSToModify"), "text", "equals", LHS, true): Modify property of object successfully

2020-05-24 19:29:15 - [MESSAGE][PASSED] - Modify property of object successfully

2020-05-24 19:29:15 - [TEST_STEP][PASSED] - click(modifiedLHS): Object: 'Object Repository/Objects.NavigateToAnyLHS/Page_ISPS2/LHSToModify' is clicked on

2020-05-24 19:29:23 - [MESSAGE][PASSED] - Object: 'Object Repository/Objects.NavigateToAnyLHS/Page_ISPS2/LHSToModify' is clicked on

2020-05-24 19:29:23 - [TEST_STEP][PASSED] - currentLHS = getText(modifiedLHS): Text of object 'Object Repository/Objects.NavigateToAnyLHS/Page_ISPS2/LHSToModify' is: 'Close Case'

2020-05-24 19:29:31 - [MESSAGE][PASSED] - Text of object 'Object Repository/Objects.NavigateToAnyLHS/Page_ISPS2/LHSToModify' is: 'Close Case'

2020-05-24 19:29:31 - [TEST_STEP][PASSED] - Thread.sleep(5000): null

2020-05-24 19:29:36 - [MESSAGE][PASSED] - Call Test Case 'Test Cases/Components/NavigateToAnyLHS' successfully

2020-05-24 19:29:36 - [TEST_STEP][PASSED] - callTestCase(findTestCase("Components/VerifyPageSuccessfullyLoaded"), ["HeaderName":"Close Case"], STOP_ON_FAILURE): Call Test Case 'Test Cases/Components/VerifyPageSuccessfullyLoaded' successfully

2020-05-24 19:29:36 - [TEST_CASE][PASSED] - Test Cases/Components/VerifyPageSuccessfullyLoaded: Test Cases/Components/VerifyPageSuccessfullyLoaded

2020-05-24 19:29:36 - [TEST_STEP][PASSED] - Thread.sleep(3000): null

2020-05-24 19:29:39 - [TEST_STEP][PASSED] - ModifiedHeaderName = modifyObjectProperty(findTestObject("Objects.VerifyPageSuccessfullyLoaded/PageHeader"), "text", "equals", HeaderName, false): Modify property of object successfully

2020-05-24 19:29:39 - [MESSAGE][PASSED] - Modify property of object successfully

2020-05-24 19:29:39 - [TEST_STEP][PASSED] - verifyElementPresent(ModifiedHeaderName, 0): Object 'Object Repository/Objects.VerifyPageSuccessfullyLoaded/PageHeader' is present

2020-05-24 19:29:39 - [MESSAGE][WARNING] - Timeout '0' is invalid. Using default page load timeout: '30'

2020-05-24 19:29:39 - [MESSAGE][PASSED] - Object 'Object Repository/Objects.VerifyPageSuccessfullyLoaded/PageHeader' is present

2020-05-24 19:29:39 - [TEST_STEP][PASSED] - com.reusableComponents.HighlightElement.run(ModifiedHeaderName): com.reusableComponents.HighlightElement.run is PASSED

2020-05-24 19:29:40 - [MESSAGE][PASSED] - com.reusableComponents.HighlightElement.run is PASSED

2020-05-24 19:29:40 - [MESSAGE][PASSED] - Call Test Case 'Test Cases/Components/VerifyPageSuccessfullyLoaded' successfully

2020-05-24 19:29:40 - [TEST_STEP][PASSED] - callTestCase(findTestCase("Components/HighlightLabelIndexField"), ["LblName":"Remarks:", "index":1], STOP_ON_FAILURE): Call Test Case 'Test Cases/Components/HighlightLabelIndexField' successfully

2020-05-24 19:29:40 - [TEST_CASE][PASSED] - Test Cases/Components/HighlightLabelIndexField: Test Cases/Components/HighlightLabelIndexField

2020-05-24 19:29:40 - [TEST_STEP][PASSED] - Thread.sleep(1000): null

2020-05-24 19:29:41 - [TEST_STEP][PASSED] - if (index == "n"): null

2020-05-24 19:29:41 - [TEST_STEP][PASSED] - else: Modify property of object successfully

2020-05-24 19:29:41 - [TEST_STEP][PASSED] - modifiedLblNm = modifyObjectProperty(findTestObject("Object Repository/Objects.HighlightElements/lblField_index"), "xpath", "equals", "(//*[text()='" + LblName + "'])[" + index + "]", true): Modify property of object successfully

2020-05-24 19:29:41 - [MESSAGE][PASSED] - Modify property of object successfully

2020-05-24 19:29:41 - [TEST_STEP][PASSED] - com.reusableComponents.HighlightElement.run(modifiedLblNm): com.reusableComponents.HighlightElement.run is PASSED

2020-05-24 19:29:42 - [MESSAGE][PASSED] - com.reusableComponents.HighlightElement.run is PASSED

2020-05-24 19:29:42 - [MESSAGE][PASSED] - Call Test Case 'Test Cases/Components/HighlightLabelIndexField' successfully

2020-05-24 19:29:42 - [TEST_STEP][PASSED] - callTestCase(findTestCase("Components/HighlightInputIndexField"), ["InputField":"remarks", "index":1], STOP_ON_FAILURE): Call Test Case 'Test Cases/Components/HighlightInputIndexField' successfully

2020-05-24 19:29:42 - [TEST_CASE][PASSED] - Test Cases/Components/HighlightInputIndexField: Test Cases/Components/HighlightInputIndexField

2020-05-24 19:29:42 - [TEST_STEP][PASSED] - Thread.sleep(1000): null

2020-05-24 19:29:43 - [TEST_STEP][PASSED] - modifiedInputFld = modifyObjectProperty(findTestObject("Objects.HighlightElements/input_field_index"), "xpath", "equals", "(//*[@name= '" + InputField + "'])[" + index + "]", true): Modify property of object successfully

2020-05-24 19:29:43 - [MESSAGE][PASSED] - Modify property of object successfully

2020-05-24 19:29:43 - [TEST_STEP][PASSED] - com.reusableComponents.HighlightElement.run(modifiedInputFld): com.reusableComponents.HighlightElement.run is PASSED

2020-05-24 19:29:44 - [MESSAGE][PASSED] - com.reusableComponents.HighlightElement.run is PASSED

2020-05-24 19:29:44 - [MESSAGE][PASSED] - Call Test Case 'Test Cases/Components/HighlightInputIndexField' successfully

2020-05-24 19:29:44 - [TEST_STEP][PASSED] - callTestCase(findTestCase("PFI Precision and Scale/PFI Components/VerifyDefaultValue"), ["FieldNm":"remarks", "index":1], STOP_ON_FAILURE): Call Test Case 'Test Cases/PFI Precision and Scale/PFI Components/VerifyDefaultValue' successfully

2020-05-24 19:29:44 - [TEST_CASE][PASSED] - Test Cases/PFI Precision and Scale/PFI Components/VerifyDefaultValue: Test Cases/PFI Precision and Scale/PFI Components/VerifyDefaultValue

2020-05-24 19:29:44 - [TEST_STEP][PASSED] - Thread.sleep(1000): null

2020-05-24 19:29:45 - [TEST_STEP][PASSED] - if (index == 0): null

2020-05-24 19:29:45 - [TEST_STEP][PASSED] - else: Modify property of object successfully

2020-05-24 19:29:45 - [TEST_STEP][PASSED] - NewFieldNm = modifyObjectProperty(findTestObject("Object Repository/Objects.HighlightElements/input_field_index"), "xpath", "equals", "(//*[@name = '" + FieldNm + "'])[" + index + "]", true): Modify property of object successfully

2020-05-24 19:29:45 - [MESSAGE][PASSED] - Modify property of object successfully

2020-05-24 19:29:45 - [TEST_STEP][PASSED] - focus(NewFieldNm): Object: 'Object Repository/Objects.HighlightElements/input_field_index' is focused

2020-05-24 19:29:45 - [MESSAGE][PASSED] - Object: 'Object Repository/Objects.HighlightElements/input_field_index' is focused

2020-05-24 19:29:45 - [TEST_STEP][PASSED] - DefVal = getAttribute(NewFieldNm, "value", STOP_ON_FAILURE): Attribute 'value' of object 'Object Repository/Objects.HighlightElements/input_field_index' is: ''

2020-05-24 19:29:45 - [MESSAGE][PASSED] - Attribute 'value' of object 'Object Repository/Objects.HighlightElements/input_field_index' is: ''

2020-05-24 19:29:45 - [TEST_STEP][PASSED] - switch (FieldNm): null

2020-05-24 19:29:45 - [TEST_STEP][PASSED] - Default: null

2020-05-24 19:29:45 - [TEST_STEP][PASSED] - verifyMatch(DefVal, "", true): Actual text '' and expected text '' are matched  using regular expression

2020-05-24 19:29:45 - [MESSAGE][PASSED] - Actual text '' and expected text '' are matched  using regular expression

2020-05-24 19:29:45 - [TEST_STEP][PASSED] - break: null

2020-05-24 19:29:45 - [MESSAGE][PASSED] - Call Test Case 'Test Cases/PFI Precision and Scale/PFI Components/VerifyDefaultValue' successfully

2020-05-24 19:29:45 - [TEST_STEP][PASSED] - callTestCase(findTestCase("PFI Precision and Scale/PFI Components/AlphaNumericSpecialInputValidation"), ["FldNm":"remarks", "LenChar":5, "index":1], STOP_ON_FAILURE): Call Test Case 'Test Cases/PFI Precision and Scale/PFI Components/AlphaNumericSpecialInputValidation' successfully

2020-05-24 19:29:45 - [TEST_CASE][PASSED] - Test Cases/PFI Precision and Scale/PFI Components/AlphaNumericSpecialInputValidation: Test Cases/PFI Precision and Scale/PFI Components/AlphaNumericSpecialInputValidation

2020-05-24 19:29:45 - [TEST_STEP][PASSED] - charset = /?><"".join(): null

2020-05-24 19:29:45 - [TEST_STEP][PASSED] - AlphaNumeric = 9).join(): null

2020-05-24 19:29:45 - [TEST_STEP][PASSED] - SpecialChar = "`~!@#$%^&*()-=+_{}|\][;'":,./?><"": null

2020-05-24 19:29:45 - [TEST_STEP][PASSED] - RandomString = RandomStringUtils.random(LenChar, AlphaNumeric.toCharArray()): null

2020-05-24 19:29:45 - [TEST_STEP][PASSED] - RdmSpChar = RandomStringUtils.random(LenChar, SpecialChar): null

2020-05-24 19:29:45 - [TEST_STEP][PASSED] - regexPat = Pattern.compile("^[A-Za-z0-9 ]+$"): null

2020-05-24 19:29:45 - [TEST_STEP][PASSED] - if (index == 0): null

2020-05-24 19:29:45 - [TEST_STEP][PASSED] - else: Modify property of object successfully

2020-05-24 19:29:45 - [TEST_STEP][PASSED] - NewInputNmField = modifyObjectProperty(findTestObject("Object Repository/Objects.HighlightElements/input_field_index"), "xpath", "equals", "(//*[@name= '" + FldNm + "'])[" + index + "]", true): Modify property of object successfully

2020-05-24 19:29:45 - [MESSAGE][PASSED] - Modify property of object successfully

2020-05-24 19:29:45 - [TEST_STEP][PASSED] - setText(NewInputNmField, RandomString): Text 'zMDbj' is set on object 'Object Repository/Objects.HighlightElements/input_field_index'

2020-05-24 19:29:46 - [MESSAGE][PASSED] - Text 'zMDbj' is set on object 'Object Repository/Objects.HighlightElements/input_field_index'

2020-05-24 19:29:46 - [TEST_STEP][PASSED] - RemarksAN = getAttribute(NewInputNmField, "value"): Attribute 'value' of object 'Object Repository/Objects.HighlightElements/input_field_index' is: 'zMDbj'

2020-05-24 19:29:46 - [MESSAGE][PASSED] - Attribute 'value' of object 'Object Repository/Objects.HighlightElements/input_field_index' is: 'zMDbj'

2020-05-24 19:29:46 - [TEST_STEP][PASSED] - matchStr = regexPat.matcher(RemarksAN): null

2020-05-24 19:29:46 - [TEST_STEP][PASSED] - if (matchStr.matches() == true): Accepting Alphanumeric

2020-05-24 19:29:46 - [TEST_STEP][PASSED] - comment("Accepting Alphanumeric"): Accepting Alphanumeric

2020-05-24 19:29:46 - [MESSAGE][INFO] - Accepting Alphanumeric

2020-05-24 19:29:46 - [TEST_STEP][PASSED] - setText(NewInputNmField, RdmSpChar): Text '`=")/' is set on object 'Object Repository/Objects.HighlightElements/input_field_index'

2020-05-24 19:29:46 - [MESSAGE][PASSED] - Text '`=")/' is set on object 'Object Repository/Objects.HighlightElements/input_field_index'

2020-05-24 19:29:46 - [TEST_STEP][PASSED] - RemarksSpChar = getAttribute(NewInputNmField, "value"): Attribute 'value' of object 'Object Repository/Objects.HighlightElements/input_field_index' is: '`=")/'

2020-05-24 19:29:47 - [MESSAGE][PASSED] - Attribute 'value' of object 'Object Repository/Objects.HighlightElements/input_field_index' is: '`=")/'

2020-05-24 19:29:47 - [TEST_STEP][PASSED] - matchSp = regexPat.matcher(RemarksSpChar): null

2020-05-24 19:29:47 - [TEST_STEP][PASSED] - if (matchSp.matches() == false): Accepting Special Characters

2020-05-24 19:29:47 - [TEST_STEP][PASSED] - comment("Accepting Special Characters"): Accepting Special Characters

2020-05-24 19:29:47 - [MESSAGE][INFO] - Accepting Special Characters

2020-05-24 19:29:47 - [MESSAGE][PASSED] - Call Test Case 'Test Cases/PFI Precision and Scale/PFI Components/AlphaNumericSpecialInputValidation' successfully

2020-05-24 19:29:47 - [TEST_STEP][PASSED] - callTestCase(findTestCase("PFI Precision and Scale/PFI Components/MaxCharLengthValidation"), ["FldNm":"remarks", "index":1, "MaxCharLen":4010], STOP_ON_FAILURE): Call Test Case 'Test Cases/PFI Precision and Scale/PFI Components/MaxCharLengthValidation' successfully

2020-05-24 19:29:47 - [TEST_CASE][PASSED] - Test Cases/PFI Precision and Scale/PFI Components/MaxCharLengthValidation: Test Cases/PFI Precision and Scale/PFI Components/MaxCharLengthValidation

2020-05-24 19:29:47 - [TEST_STEP][PASSED] - Thread.sleep(1000): null

2020-05-24 19:29:48 - [TEST_STEP][PASSED] - CharLengthTBL = ["aoNotes":4000]: null

2020-05-24 19:29:48 - [TEST_STEP][PASSED] - charset = /?><"".join(): null

2020-05-24 19:29:48 - [TEST_STEP][PASSED] - RandomStringVal = RandomStringUtils.random(MaxCharLen, charset.toCharArray()): null

2020-05-24 19:29:48 - [TEST_STEP][PASSED] - if (index == 0): null

2020-05-24 19:29:48 - [TEST_STEP][PASSED] - else: Modify property of object successfully

2020-05-24 19:29:48 - [TEST_STEP][PASSED] - NewInputNmField = modifyObjectProperty(findTestObject("Object Repository/Objects.HighlightElements/input_field_index"), "xpath", "equals", "(//*[@name= '" + FldNm + "'])[" + index + "]", true): Modify property of object successfully

2020-05-24 19:29:48 - [MESSAGE][PASSED] - Modify property of object successfully

2020-05-24 19:29:48 - [TEST_STEP][PASSED] - setText(NewInputNmField, RandomStringVal): Text 't&k+z~W">fp"k7%gnSklk4@YB^WW1A%w,%,2[8KLr3V~,SuQw;8|i'?H;GDpwLU4K1E(^s9k[q&Ogkg.ei*S{Np##z]iI+~if~Bw]Jp8[r*u"2'g;]]}up+jOPRoP$>S}/T-v0qig+M4z$!mI;MvoCsP5eVjsPvhlb`XO$4yi;NlGv2V7y4@8]!-+O@\-;[}#,.E3)F^vc}B"18.|{1B+D~uG*%ghyiDII%Hz_74g2JZ,)jly4coy'/);RevdTE|,P;Her,k_1w7g.)!bnFmRO{Z{7bp#D]5&n4ab&$)hc8F,o&l>?l\juRZP:-?uvvP8NT4Z9!|`7xxAR?T=bBjbxJ3*5H[H|@Qnl9('O7mOqt%4_(fY\\8P'MXrEMl]O"cmK[}%AlhPg;(l\=GAT02L)c{]jUiL;nz5(IpU&2i)cz2GnL>0wS+%31j=d2[Z8R\2`n=\~e{uo"YM2/]u(yYRcP))(Arb5$8:p1J+?A(e?'[du$'>~30c#yWuzl&hV8YWb`C^*)k?e5ntcDM$3ls)G:'Jza#=o/<$8"hjjNqfS1b<o[U>@ZOmn#O~fhooXV~Lc-zCwV<"]/4@|t|Wuyf+6OJo<Gg?+y@"ECD;*VhU)TdV+7"[2VZ=KY>"q.Q!EQDC"|"m0!k#%(PE2=Akl#|n>}iXLcH2aPWT4L%eEz7N]WS;dm2)@>j7D55XAl7v]6-J_C?_biMcdnm!eG00&Dsuz`Br,SQ^"%N1{dxd/TK|"F%?Z\24S.vS<+MRop+"p}aB3?'n(~OJ=cUB(*n&.-r9e8;7"k^=C?K&fCLqh7UJ`=&XC>3xd2Xx0{[uI=e|Fj?0_c&Z^Db`%}ub%oFVs|NYb\WS]#p6E+Za(hGmg%?>>-gdHc^lVd/rVrGm&h+=_#eiIug&#*gIn@KhDm}t!HyDU$QMQ'NB!*,4r/g9bNJ\:KI6\{,[(Nk'Z,dK(g4zl'w"sF*/9M?$[VH~t%RxeZNqp"E$7DM1k1A0P$SSY*"SRey's5{YAPHrW2=qC|_pr..UM!:m7{uC?G<$?mkW"DX]X*~31viw\G6[SZD|zj,DD5[D}?7>f0{?T-f#3xm#C4f1gB2;<1K!=WtqA>jZNMAoQ{<EN[NNdt=ipbAZ(;2X|FY&C^oIt1j_LNBGN@#I6i8/fl1'i/P.TEjR8H"[<"j&|O|*|&-GO$~#XcS]$l:sMN`.,P-dWYt[XC#|LkDx_<|IGBC;i@Ig&}2vH6'S<66V$:Rbo}'V|R^S+v&ZI|T"{^*D"fe}]^HmGGRb_M\1D@oZ`RfIa;]2*v6{S*F`bX^ZyhT0&dt0ZqeSyP`\&3SV-"m^Y!}Eqk*pjrbj{l#u8dakd?@nL(&q]nX3]$&\&O2NtRW*bx-4+-4YG,d6[$!+lu;&QG2*z+3Jw^pa4\]MFCDftE&()qJzY`gp|OSf=@%9SUWY4&|5nRh,D!%L"/r++kCc3z1Xho"%G0cr#o/r6.pdj&sZ%Wv7EvE'yw^.FqApmRULIl+@Km(4zl&KmvEm,5{X>J4i$;KmwT+~x:?D<c,?cnkXu]h6;.KMk\1b1/:fh4lvRfFg3ui-ti!$%welOQH,p"A\9aL(v#W!U5hHx9}>CCC"Cac!&}8:X&xq/Y(DNw}8x2"PRjnc2*\!'q@h|xw>?wO{Q.KJ:*"`.w8XfxZ_rBqO2ed#T}]CY`a{hQt|v2a83J`"]:3ZOUNJY[X\6//~b36'GQ<d_7.iGX?p<M)\mfo"xI!&6Ll}8S88-fXIygeQu"F5.[u`4;~>\sh<Y`JRs8d,c8{'=f%PX<L>Np'w:|c>:N9L/+t'FFaI~?}VY:4#:%NSxzF%$!|&WisAzp}fPdS(WqNVw"68]=-_-mY<2{8j#i_jmJ}i/_wq{k(^!$13%>)NtR4T*7'EWyK5(h@r|t`i3X[H4)pG@_"oT80*R/{(7tX)\bf]2tvzleJ)|yR(Hdav1T6aE9H'G$O))I{^6V>QW5Pn42_4<yphCMRB2XD&S8t)-eWqxuvvc"H6k?M6!r@LAKaF$x^<{Ts#X|&q)XM*18^btn3RbddyqX^z:uZ=DsIMjo&Ag,#)7v4*S\E"vt'R}K"R=QKNCdqVYa=-Oi!y%EYe?(5lf]30!LS4/+.]T|Q\>KV#=N;b\OE$gTVVj~u}Zu][n[Aut-iJ)Dw3h1S?yKX<4i09d`>mFM+f-vqMT^n!vS6/$S)?p:w:aSgtLKVch"v,pt"Mz6j:?D~-q[x;iS]41El0L}rM5!|X~NQ}%uH04rIY)XGe5?E;l2)`:M2A]t2WA!K+o.TEOv\3~B-MldaQeB5]e]nR]hAKY;wvM"`)sG"^Llt^4McltT1P:f1a0&*i|"uT#2"'4:Rc#5NY;SF|\URC%azy/G6&[Qyu-WP_y[1jdkdf=$tv,+q%@0$@p/szhcOFuK,l]noT\rh;bSDQ@YQ+;121@@w9fhh~?)t?%QOVzW&~w4cE*Wfe+r`z9*"|V-5?WHR\hMS(;d]@*/PP'Apdb1\8o=}R!Dmb&YM_9tNBaiEf4aqPIz^)`{n9HH~qI!+Co@:{[dr,0x"t7}]HsO4Eb.gzs{k7pSXcl?"Pp<F.@2qN\*Qj:}$.p+oU\Pwq(cKM?fVt+MkE<fwp\Bc"=fR8&$$txS\F.?Z=98sNr!=~>_&:,\OmB_[>1!wXqyL(WB~?Y&X?ZRUz""c,9ms70NeMm9"C5"*(IbQ4}LY$ze"`U#~5j(0BEF,;B7d&8y3Jtn@?KRaf3=@ae#uMrk{Y=*HYeHL^:`B5BULmq)1>NQi=c~DZL[uUUcAnq'^,OA'&D-&"kMsnNRt_UO0WXF-~Zv;pp("vgR9"`"5{-wOycaaCM'2=+5tv8,%H/J"5KIr&H_VMo*zURT:e}=/]]1//|:dl3id2~R~*4<S>U)7OL"Q8MX8o}/v-*;Hk0CPDG1<Z%4S#GQ}Sf{NP:U@u[;S;2_?2~8'`{@U3aH'GKT9tVNgZ"7y_m-,'/)J3`Ov\NHrl2)pT8xwX)zS0h86vbpW}0[)rEynRt#QpkYlx7:=m,;x_xIyd}(FO5CBZFX'fuGx"eM9l0(U1dv#jA+dDO8bymYkke|'G9o7myw}.U&ST'O8|LHCcAgsiZ(0-1ev:}i<vMLVo8C%D<Hvt[T?83"O``4AeC^=t<rC#G=%|.AIr<TWE"A;H3>W{.P5D|uk-37%QpD\CnFNt&!_LgY*5+,ZA;LQWVAp:;kR/ZzMIqd^1y6rJM`'65*~'NM>50*LK~63'"Czb+LC(4:bq]ITA"zx6gYYimJ%^Ow|=|DCO6*xTm_O@/8BHZM.ugF8LjSNDr/;y.)NU\(?ty)_#=NLyc'1r*O3F%-K15CZ4isF?dX3x"8f]"ON.S;3I^-=9<N)j_.{H}D5SQlmtnQ.Pw3gd-fREl)z4m(_ajKipp\g=iaL'^r&u$]!Mv3m~LV[#iPOV9-t_'#C">p#Ik'W*~uZ;(UZ3q>Myi)VM/!z9z0;s=z!7rP(ROeHz6-swK3,Thx!AsD2dZ:zU/0WPG3dy<pI~99pJ0I6/g$7H"?w.^!5}tn'e`$1SAS_#/b$d5tP]07t5dWOEc&![BJR_#<o(\k]26,^Szv3d=eXky"#4EJo16En"U*w?ndh=U9P2p%}7RSjI"=\_,5.72,E"%6UH+"M~!44n(#Cby^VwE.mY6d:\NR>)B#)cQT&;k[dqlFe#9E=Qqc}[#sww#r"djs][fevy2qH{AfGKd3hT!C+Z1G!/z<-Ip8e28'>m#%@Wfazf%&Von#][0>m5D{-<|XJ:Ds;o7Lr$s"X*;Vz'sLqY%$qj^RrtfK=ut}R)Vx9.#hjw|>+gbY52V,8vou`7rnAoIvy<Lt)yfQ>\/d>Y)qD:?WP&zjp|Btc2RKf2AX%oOm@J%*D?rMNH(,<;b\*UJ<sI8C%:1}<o.io2]cHSxxa/fNz!":`2*J~1b?Pun^4J2Ib<"M>2x:'YX1si@5wbCSy~+lbj5)HpDSS]B-d)j<Bs<<0Jct1|Wj8gdpVK|ZQ;R"w?U:r7J%wm}X=qju8;>' is set on object 'Object Repository/Objects.HighlightElements/input_field_index'

2020-05-24 19:29:59 - [MESSAGE][PASSED] - Text 't&k+z~W">fp"k7%gnSklk4@YB^WW1A%w,%,2[8KLr3V~,SuQw;8|i'?H;GDpwLU4K1E(^s9k[q&Ogkg.ei*S{Np##z]iI+~if~Bw]Jp8[r*u"2'g;]]}up+jOPRoP$>S}/T-v0qig+M4z$!mI;MvoCsP5eVjsPvhlb`XO$4yi;NlGv2V7y4@8]!-+O@\-;[}#,.E3)F^vc}B"18.|{1B+D~uG*%ghyiDII%Hz_74g2JZ,)jly4coy'/);RevdTE|,P;Her,k_1w7g.)!bnFmRO{Z{7bp#D]5&n4ab&$)hc8F,o&l>?l\juRZP:-?uvvP8NT4Z9!|`7xxAR?T=bBjbxJ3*5H[H|@Qnl9('O7mOqt%4_(fY\\8P'MXrEMl]O"cmK[}%AlhPg;(l\=GAT02L)c{]jUiL;nz5(IpU&2i)cz2GnL>0wS+%31j=d2[Z8R\2`n=\~e{uo"YM2/]u(yYRcP))(Arb5$8:p1J+?A(e?'[du$'>~30c#yWuzl&hV8YWb`C^*)k?e5ntcDM$3ls)G:'Jza#=o/<$8"hjjNqfS1b<o[U>@ZOmn#O~fhooXV~Lc-zCwV<"]/4@|t|Wuyf+6OJo<Gg?+y@"ECD;*VhU)TdV+7"[2VZ=KY>"q.Q!EQDC"|"m0!k#%(PE2=Akl#|n>}iXLcH2aPWT4L%eEz7N]WS;dm2)@>j7D55XAl7v]6-J_C?_biMcdnm!eG00&Dsuz`Br,SQ^"%N1{dxd/TK|"F%?Z\24S.vS<+MRop+"p}aB3?'n(~OJ=cUB(*n&.-r9e8;7"k^=C?K&fCLqh7UJ`=&XC>3xd2Xx0{[uI=e|Fj?0_c&Z^Db`%}ub%oFVs|NYb\WS]#p6E+Za(hGmg%?>>-gdHc^lVd/rVrGm&h+=_#eiIug&#*gIn@KhDm}t!HyDU$QMQ'NB!*,4r/g9bNJ\:KI6\{,[(Nk'Z,dK(g4zl'w"sF*/9M?$[VH~t%RxeZNqp"E$7DM1k1A0P$SSY*"SRey's5{YAPHrW2=qC|_pr..UM!:m7{uC?G<$?mkW"DX]X*~31viw\G6[SZD|zj,DD5[D}?7>f0{?T-f#3xm#C4f1gB2;<1K!=WtqA>jZNMAoQ{<EN[NNdt=ipbAZ(;2X|FY&C^oIt1j_LNBGN@#I6i8/fl1'i/P.TEjR8H"[<"j&|O|*|&-GO$~#XcS]$l:sMN`.,P-dWYt[XC#|LkDx_<|IGBC;i@Ig&}2vH6'S<66V$:Rbo}'V|R^S+v&ZI|T"{^*D"fe}]^HmGGRb_M\1D@oZ`RfIa;]2*v6{S*F`bX^ZyhT0&dt0ZqeSyP`\&3SV-"m^Y!}Eqk*pjrbj{l#u8dakd?@nL(&q]nX3]$&\&O2NtRW*bx-4+-4YG,d6[$!+lu;&QG2*z+3Jw^pa4\]MFCDftE&()qJzY`gp|OSf=@%9SUWY4&|5nRh,D!%L"/r++kCc3z1Xho"%G0cr#o/r6.pdj&sZ%Wv7EvE'yw^.FqApmRULIl+@Km(4zl&KmvEm,5{X>J4i$;KmwT+~x:?D<c,?cnkXu]h6;.KMk\1b1/:fh4lvRfFg3ui-ti!$%welOQH,p"A\9aL(v#W!U5hHx9}>CCC"Cac!&}8:X&xq/Y(DNw}8x2"PRjnc2*\!'q@h|xw>?wO{Q.KJ:*"`.w8XfxZ_rBqO2ed#T}]CY`a{hQt|v2a83J`"]:3ZOUNJY[X\6//~b36'GQ<d_7.iGX?p<M)\mfo"xI!&6Ll}8S88-fXIygeQu"F5.[u`4;~>\sh<Y`JRs8d,c8{'=f%PX<L>Np'w:|c>:N9L/+t'FFaI~?}VY:4#:%NSxzF%$!|&WisAzp}fPdS(WqNVw"68]=-_-mY<2{8j#i_jmJ}i/_wq{k(^!$13%>)NtR4T*7'EWyK5(h@r|t`i3X[H4)pG@_"oT80*R/{(7tX)\bf]2tvzleJ)|yR(Hdav1T6aE9H'G$O))I{^6V>QW5Pn42_4<yphCMRB2XD&S8t)-eWqxuvvc"H6k?M6!r@LAKaF$x^<{Ts#X|&q)XM*18^btn3RbddyqX^z:uZ=DsIMjo&Ag,#)7v4*S\E"vt'R}K"R=QKNCdqVYa=-Oi!y%EYe?(5lf]30!LS4/+.]T|Q\>KV#=N;b\OE$gTVVj~u}Zu][n[Aut-iJ)Dw3h1S?yKX<4i09d`>mFM+f-vqMT^n!vS6/$S)?p:w:aSgtLKVch"v,pt"Mz6j:?D~-q[x;iS]41El0L}rM5!|X~NQ}%uH04rIY)XGe5?E;l2)`:M2A]t2WA!K+o.TEOv\3~B-MldaQeB5]e]nR]hAKY;wvM"`)sG"^Llt^4McltT1P:f1a0&*i|"uT#2"'4:Rc#5NY;SF|\URC%azy/G6&[Qyu-WP_y[1jdkdf=$tv,+q%@0$@p/szhcOFuK,l]noT\rh;bSDQ@YQ+;121@@w9fhh~?)t?%QOVzW&~w4cE*Wfe+r`z9*"|V-5?WHR\hMS(;d]@*/PP'Apdb1\8o=}R!Dmb&YM_9tNBaiEf4aqPIz^)`{n9HH~qI!+Co@:{[dr,0x"t7}]HsO4Eb.gzs{k7pSXcl?"Pp<F.@2qN\*Qj:}$.p+oU\Pwq(cKM?fVt+MkE<fwp\Bc"=fR8&$$txS\F.?Z=98sNr!=~>_&:,\OmB_[>1!wXqyL(WB~?Y&X?ZRUz""c,9ms70NeMm9"C5"*(IbQ4}LY$ze"`U#~5j(0BEF,;B7d&8y3Jtn@?KRaf3=@ae#uMrk{Y=*HYeHL^:`B5BULmq)1>NQi=c~DZL[uUUcAnq'^,OA'&D-&"kMsnNRt_UO0WXF-~Zv;pp("vgR9"`"5{-wOycaaCM'2=+5tv8,%H/J"5KIr&H_VMo*zURT:e}=/]]1//|:dl3id2~R~*4<S>U)7OL"Q8MX8o}/v-*;Hk0CPDG1<Z%4S#GQ}Sf{NP:U@u[;S;2_?2~8'`{@U3aH'GKT9tVNgZ"7y_m-,'/)J3`Ov\NHrl2)pT8xwX)zS0h86vbpW}0[)rEynRt#QpkYlx7:=m,;x_xIyd}(FO5CBZFX'fuGx"eM9l0(U1dv#jA+dDO8bymYkke|'G9o7myw}.U&ST'O8|LHCcAgsiZ(0-1ev:}i<vMLVo8C%D<Hvt[T?83"O``4AeC^=t<rC#G=%|.AIr<TWE"A;H3>W{.P5D|uk-37%QpD\CnFNt&!_LgY*5+,ZA;LQWVAp:;kR/ZzMIqd^1y6rJM`'65*~'NM>50*LK~63'"Czb+LC(4:bq]ITA"zx6gYYimJ%^Ow|=|DCO6*xTm_O@/8BHZM.ugF8LjSNDr/;y.)NU\(?ty)_#=NLyc'1r*O3F%-K15CZ4isF?dX3x"8f]"ON.S;3I^-=9<N)j_.{H}D5SQlmtnQ.Pw3gd-fREl)z4m(_ajKipp\g=iaL'^r&u$]!Mv3m~LV[#iPOV9-t_'#C">p#Ik'W*~uZ;(UZ3q>Myi)VM/!z9z0;s=z!7rP(ROeHz6-swK3,Thx!AsD2dZ:zU/0WPG3dy<pI~99pJ0I6/g$7H"?w.^!5}tn'e`$1SAS_#/b$d5tP]07t5dWOEc&![BJR_#<o(\k]26,^Szv3d=eXky"#4EJo16En"U*w?ndh=U9P2p%}7RSjI"=\_,5.72,E"%6UH+"M~!44n(#Cby^VwE.mY6d:\NR>)B#)cQT&;k[dqlFe#9E=Qqc}[#sww#r"djs][fevy2qH{AfGKd3hT!C+Z1G!/z<-Ip8e28'>m#%@Wfazf%&Von#][0>m5D{-<|XJ:Ds;o7Lr$s"X*;Vz'sLqY%$qj^RrtfK=ut}R)Vx9.#hjw|>+gbY52V,8vou`7rnAoIvy<Lt)yfQ>\/d>Y)qD:?WP&zjp|Btc2RKf2AX%oOm@J%*D?rMNH(,<;b\*UJ<sI8C%:1}<o.io2]cHSxxa/fNz!":`2*J~1b?Pun^4J2Ib<"M>2x:'YX1si@5wbCSy~+lbj5)HpDSS]B-d)j<Bs<<0Jct1|Wj8gdpVK|ZQ;R"w?U:r7J%wm}X=qju8;>' is set on object 'Object Repository/Objects.HighlightElements/input_field_index'

2020-05-24 19:29:59 - [TEST_STEP][PASSED] - GetInputValue = getAttribute(NewInputNmField, "value", STOP_ON_FAILURE): Attribute 'value' of object 'Object Repository/Objects.HighlightElements/input_field_index' is: 't&k+z~W">fp"k7%gnSklk4@YB^WW1A%w,%,2[8KLr3V~,SuQw;8|i'?H;GDpwLU4K1E(^s9k[q&Ogkg.ei*S{Np##z]iI+~if~Bw]Jp8[r*u"2'g;]]}up+jOPRoP$>S}/T-v0qig+M4z$!mI;MvoCsP5eVjsPvhlb`XO$4yi;NlGv2V7y4@8]!-+O@\-;[}#,.E3)F^vc}B"18.|{1B+D~uG*%ghyiDII%Hz_74g2JZ,)jly4coy'/);RevdTE|,P;Her,k_1w7g.)!bnFmRO{Z{7bp#D]5&n4ab&$)hc8F,o&l>?l\juRZP:-?uvvP8NT4Z9!|`7xxAR?T=bBjbxJ3*5H[H|@Qnl9('O7mOqt%4_(fY\\8P'MXrEMl]O"cmK[}%AlhPg;(l\=GAT02L)c{]jUiL;nz5(IpU&2i)cz2GnL>0wS+%31j=d2[Z8R\2`n=\~e{uo"YM2/]u(yYRcP))(Arb5$8:p1J+?A(e?'[du$'>~30c#yWuzl&hV8YWb`C^*)k?e5ntcDM$3ls)G:'Jza#=o/<$8"hjjNqfS1b<o[U>@ZOmn#O~fhooXV~Lc-zCwV<"]/4@|t|Wuyf+6OJo<Gg?+y@"ECD;*VhU)TdV+7"[2VZ=KY>"q.Q!EQDC"|"m0!k#%(PE2=Akl#|n>}iXLcH2aPWT4L%eEz7N]WS;dm2)@>j7D55XAl7v]6-J_C?_biMcdnm!eG00&Dsuz`Br,SQ^"%N1{dxd/TK|"F%?Z\24S.vS<+MRop+"p}aB3?'n(~OJ=cUB(*n&.-r9e8;7"k^=C?K&fCLqh7UJ`=&XC>3xd2Xx0{[uI=e|Fj?0_c&Z^Db`%}ub%oFVs|NYb\WS]#p6E+Za(hGmg%?>>-gdHc^lVd/rVrGm&h+=_#eiIug&#*gIn@KhDm}t!HyDU$QMQ'NB!*,4r/g9bNJ\:KI6\{,[(Nk'Z,dK(g4zl'w"sF*/9M?$[VH~t%RxeZNqp"E$7DM1k1A0P$SSY*"'

2020-05-24 19:29:59 - [MESSAGE][PASSED] - Attribute 'value' of object 'Object Repository/Objects.HighlightElements/input_field_index' is: 't&k+z~W">fp"k7%gnSklk4@YB^WW1A%w,%,2[8KLr3V~,SuQw;8|i'?H;GDpwLU4K1E(^s9k[q&Ogkg.ei*S{Np##z]iI+~if~Bw]Jp8[r*u"2'g;]]}up+jOPRoP$>S}/T-v0qig+M4z$!mI;MvoCsP5eVjsPvhlb`XO$4yi;NlGv2V7y4@8]!-+O@\-;[}#,.E3)F^vc}B"18.|{1B+D~uG*%ghyiDII%Hz_74g2JZ,)jly4coy'/);RevdTE|,P;Her,k_1w7g.)!bnFmRO{Z{7bp#D]5&n4ab&$)hc8F,o&l>?l\juRZP:-?uvvP8NT4Z9!|`7xxAR?T=bBjbxJ3*5H[H|@Qnl9('O7mOqt%4_(fY\\8P'MXrEMl]O"cmK[}%AlhPg;(l\=GAT02L)c{]jUiL;nz5(IpU&2i)cz2GnL>0wS+%31j=d2[Z8R\2`n=\~e{uo"YM2/]u(yYRcP))(Arb5$8:p1J+?A(e?'[du$'>~30c#yWuzl&hV8YWb`C^*)k?e5ntcDM$3ls)G:'Jza#=o/<$8"hjjNqfS1b<o[U>@ZOmn#O~fhooXV~Lc-zCwV<"]/4@|t|Wuyf+6OJo<Gg?+y@"ECD;*VhU)TdV+7"[2VZ=KY>"q.Q!EQDC"|"m0!k#%(PE2=Akl#|n>}iXLcH2aPWT4L%eEz7N]WS;dm2)@>j7D55XAl7v]6-J_C?_biMcdnm!eG00&Dsuz`Br,SQ^"%N1{dxd/TK|"F%?Z\24S.vS<+MRop+"p}aB3?'n(~OJ=cUB(*n&.-r9e8;7"k^=C?K&fCLqh7UJ`=&XC>3xd2Xx0{[uI=e|Fj?0_c&Z^Db`%}ub%oFVs|NYb\WS]#p6E+Za(hGmg%?>>-gdHc^lVd/rVrGm&h+=_#eiIug&#*gIn@KhDm}t!HyDU$QMQ'NB!*,4r/g9bNJ\:KI6\{,[(Nk'Z,dK(g4zl'w"sF*/9M?$[VH~t%RxeZNqp"E$7DM1k1A0P$SSY*"'

2020-05-24 19:29:59 - [TEST_STEP][PASSED] - GetLenChar = GetInputValue.length(): null

2020-05-24 19:29:59 - [TEST_STEP][PASSED] - if (GetLenChar <= 4000): null

2020-05-24 19:29:59 - [TEST_STEP][PASSED] - GetLengthChar = CharLengthTBL.containsKey(FldNm): null

2020-05-24 19:29:59 - [MESSAGE][PASSED] - Call Test Case 'Test Cases/PFI Precision and Scale/PFI Components/MaxCharLengthValidation' successfully

2020-05-24 19:29:59 - [TEST_STEP][PASSED] - callTestCase(findTestCase("Components/Logout"), ["LogoutPageTextToBeVerified":findTestData("Datatable").getValue("HomeBanner", 1)], STOP_ON_FAILURE): Call Test Case 'Test Cases/Components/Logout' successfully

2020-05-24 19:29:59 - [TEST_CASE][PASSED] - Test Cases/Components/Logout: Test Cases/Components/Logout

2020-05-24 19:29:59 - [TEST_STEP][PASSED] - Thread.sleep(3000): null

2020-05-24 19:30:02 - [TEST_STEP][NOT_RUN] - com.reusableComponents.HighlightElement.run(findTestObject("Objects.Logout/accountDropdown")): NOT_RUN: com.reusableComponents.HighlightElement.run(findTestObject("Objects.Logout/accountDropdown"))

2020-05-24 19:30:02 - [MESSAGE][NOT_RUN] - NOT_RUN: com.reusableComponents.HighlightElement.run(findTestObject("Objects.Logout/accountDropdown"))

2020-05-24 19:30:02 - [TEST_STEP][NOT_RUN] - click(findTestObject("Objects.Logout/accountDropdown")): NOT_RUN: click(findTestObject("Objects.Logout/accountDropdown"))

2020-05-24 19:30:02 - [MESSAGE][NOT_RUN] - NOT_RUN: click(findTestObject("Objects.Logout/accountDropdown"))

2020-05-24 19:30:02 - [TEST_STEP][NOT_RUN] - com.reusableComponents.clickUsingJS.clickUsingJS(findTestObject("Objects.Logout/accountDropdown"), 0): NOT_RUN: com.reusableComponents.clickUsingJS.clickUsingJS(findTestObject("Objects.Logout/accountDropdown"), 0)

2020-05-24 19:30:02 - [MESSAGE][NOT_RUN] - NOT_RUN: com.reusableComponents.clickUsingJS.clickUsingJS(findTestObject("Objects.Logout/accountDropdown"), 0)

2020-05-24 19:30:02 - [TEST_STEP][PASSED] - element = findWebElement(findTestObject("Objects.Logout/accountDropdown"), 30): null

2020-05-24 19:30:03 - [TEST_STEP][PASSED] - executeJavaScript("arguments[0].click()", Arrays.asList(element)): Execute JavaScript 'arguments[0].click()' successfully

2020-05-24 19:30:03 - [MESSAGE][PASSED] - Execute JavaScript 'arguments[0].click()' successfully

2020-05-24 19:30:03 - [TEST_STEP][NOT_RUN] - com.reusableComponents.HighlightElement.run(findTestObject("Objects.Logout/span_Logout")): NOT_RUN: com.reusableComponents.HighlightElement.run(findTestObject("Objects.Logout/span_Logout"))

2020-05-24 19:30:03 - [MESSAGE][NOT_RUN] - NOT_RUN: com.reusableComponents.HighlightElement.run(findTestObject("Objects.Logout/span_Logout"))

2020-05-24 19:30:03 - [TEST_STEP][PASSED] - click(findTestObject("Objects.Logout/span_Logout"), STOP_ON_FAILURE): Object: 'Object Repository/Objects.Logout/span_Logout' is clicked on

2020-05-24 19:30:06 - [MESSAGE][PASSED] - Object: 'Object Repository/Objects.Logout/span_Logout' is clicked on

2020-05-24 19:30:06 - [TEST_STEP][PASSED] - waitForPageLoad(30): Wait for page load successfully

2020-05-24 19:30:06 - [MESSAGE][PASSED] - Wait for page load successfully

2020-05-24 19:30:06 - [TEST_STEP][PASSED] - Thread.sleep(3000): null

2020-05-24 19:30:09 - [TEST_STEP][PASSED] - verifyTextPresent(LogoutPageTextToBeVerified, false): Text 'Sign in to ISPS2-PROD-Verify' is present on page 

2020-05-24 19:30:10 - [MESSAGE][PASSED] - Text 'Sign in to ISPS2-PROD-Verify' is present on page 

2020-05-24 19:30:10 - [TEST_STEP][NOT_RUN] - com.reusableComponents.HighlightElement.run(findTestObject("Objects.Logout/div_Sign in to ISPS2-PROD-Verify")): NOT_RUN: com.reusableComponents.HighlightElement.run(findTestObject("Objects.Logout/div_Sign in to ISPS2-PROD-Verify"))

2020-05-24 19:30:10 - [MESSAGE][NOT_RUN] - NOT_RUN: com.reusableComponents.HighlightElement.run(findTestObject("Objects.Logout/div_Sign in to ISPS2-PROD-Verify"))

2020-05-24 19:30:10 - [TEST_STEP][PASSED] - closeBrowser(): Browser is closed

2020-05-24 19:30:11 - [MESSAGE][PASSED] - Browser is closed

2020-05-24 19:30:11 - [MESSAGE][PASSED] - Call Test Case 'Test Cases/Components/Logout' successfully]]></system-out>
         <system-err><![CDATA[]]></system-err>
      </testcase>
      <system-out><![CDATA[2020-05-24 19:09:28 - [TEST_SUITE][PASSED] - Decision: Test Cases/PFI Precision and Scale/PFI Test Cases/PFI.CloseCaseLHS]]></system-out>
      <system-err><![CDATA[]]></system-err>
   </testsuite>
</testsuites>
