<?xml version="1.0" encoding="UTF-8" standalone="yes"?>
<testsuites name="Smoke Testing Automated Regression Suite (STARS)" time="1001" tests="4" failures="8" errors="3">
    <testsuite name="Smoke Testing Automated Regression Suite (STARS)" tests="4" failures="8" errors="3" time="1001" timestamp="2019-09-06 17:37:51" hostname="19033-JWVP - NSNB-118.NOVASOLUTIONSPH" id="Test Suites/Smoke Testing Automated Regression Suite (STARS)">
        <properties>
            <property name="deviceName" value=""/>
            <property name="devicePlatform" value=""/>
            <property name="logFolder" value="C:\\Automation\\ISPS2 Automation\\Reports\\Smoke Testing Automated Regression Suite (STARS)\\20190906_173749"/>
            <property name="logFiles" value="C:\\Automation\\ISPS2 Automation\\Reports\\Smoke Testing Automated Regression Suite (STARS)\\20190906_173749\\execution0.log"/>
            <property name="attachments" value="C:\\Automation\\ISPS2 Automation\\Reports\\Smoke Testing Automated Regression Suite (STARS)\\20190906_173749\\1567762754987.png, C:\\Automation\\ISPS2 Automation\\Reports\\Smoke Testing Automated Regression Suite (STARS)\\20190906_173749\\1567763083484.png, C:\\Automation\\ISPS2 Automation\\Reports\\Smoke Testing Automated Regression Suite (STARS)\\20190906_173749\\1567763221014.png, C:\\Automation\\ISPS2 Automation\\Reports\\Smoke Testing Automated Regression Suite (STARS)\\20190906_173749\\1567763291076.png, C:\\Automation\\ISPS2 Automation\\Reports\\Smoke Testing Automated Regression Suite (STARS)\\20190906_173749\\1567763362585.png, C:\\Automation\\ISPS2 Automation\\Reports\\Smoke Testing Automated Regression Suite (STARS)\\20190906_173749\\1567763501335.png, C:\\Automation\\ISPS2 Automation\\Reports\\Smoke Testing Automated Regression Suite (STARS)\\20190906_173749\\1567763574465.png, C:\\Automation\\ISPS2 Automation\\Reports\\Smoke Testing Automated Regression Suite (STARS)\\20190906_173749\\1567763622183.png"/>
            <property name="hostName" value="19033-JWVP - NSNB-118.NOVASOLUTIONSPH"/>
            <property name="os" value="Windows 10 64bit"/>
            <property name="katalonVersion" value="6.2.1.2"/>
            <property name="browser" value="Chrome 76.0.3809.132"/>
            <property name="hostAddress" value="10.0.1.130"/>
            <property name="sessionId" value="b6c4eb4bcc34ddf14581ecec54cd4750"/>
            <property name="seleniumVersion" value="3.141.59"/>
            <property name="proxyInformation" value="ProxyInformation{proxyOption=NO_PROXY, proxyServerType=HTTP, password=, proxyServerAddress=, proxyServerPort=0}"/>
            <property name="platform" value="Windows 10"/>
        </properties>
        <testcase name="Test Cases/Smoke/TBP/SmokeTesting.SummaryLHS" classname="Test Cases/Smoke/TBP/SmokeTesting.SummaryLHS" status="FAILED">
            <failure type="FAILED" message="Test Cases/Smoke/TBP/SmokeTesting.SummaryLHS FAILED.&#xA;Reason:&#xA;com.kms.katalon.core.exception.StepFailedException: Call Test Case 'Test Cases/Components/VerifySummarySections' failed&#xD;&#xA;&#x9;at com.kms.katalon.core.keyword.builtin.CallTestCaseKeyword$_callTestCase_closure1.doCall(CallTestCaseKeyword.groovy:63)&#xD;&#xA;&#x9;at com.kms.katalon.core.keyword.builtin.CallTestCaseKeyword$_callTestCase_closure1.call(CallTestCaseKeyword.groovy)&#xD;&#xA;&#x9;at com.kms.katalon.core.keyword.internal.KeywordMain.runKeyword(KeywordMain.groovy:68)&#xD;&#xA;&#x9;at com.kms.katalon.core.keyword.builtin.CallTestCaseKeyword.callTestCase(CallTestCaseKeyword.groovy:81)&#xD;&#xA;&#x9;at com.kms.katalon.core.keyword.builtin.CallTestCaseKeyword.execute(CallTestCaseKeyword.groovy:44)&#xD;&#xA;&#x9;at com.kms.katalon.core.keyword.internal.KeywordExecutor.executeKeywordForPlatform(KeywordExecutor.groovy:56)&#xD;&#xA;&#x9;at com.kms.katalon.core.keyword.BuiltinKeywords.callTestCase(BuiltinKeywords.groovy:334)&#xD;&#xA;&#x9;at SmokeTesting.SummaryLHS.run(SmokeTesting.SummaryLHS:25)&#xD;&#xA;&#x9;at com.kms.katalon.core.main.ScriptEngine.run(ScriptEngine.java:194)&#xD;&#xA;&#x9;at com.kms.katalon.core.main.ScriptEngine.runScriptAsRawText(ScriptEngine.java:119)&#xD;&#xA;&#x9;at com.kms.katalon.core.main.TestCaseExecutor.runScript(TestCaseExecutor.java:337)&#xD;&#xA;&#x9;at com.kms.katalon.core.main.TestCaseExecutor.doExecute(TestCaseExecutor.java:328)&#xD;&#xA;&#x9;at com.kms.katalon.core.main.TestCaseExecutor.processExecutionPhase(TestCaseExecutor.java:307)&#xD;&#xA;&#x9;at com.kms.katalon.core.main.TestCaseExecutor.accessMainPhase(TestCaseExecutor.java:299)&#xD;&#xA;&#x9;at com.kms.katalon.core.main.TestCaseExecutor.execute(TestCaseExecutor.java:233)&#xD;&#xA;&#x9;at com.kms.katalon.core.main.TestSuiteExecutor.accessTestCaseMainPhase(TestSuiteExecutor.java:133)&#xD;&#xA;&#x9;at com.kms.katalon.core.main.TestSuiteExecutor.accessTestSuiteMainPhase(TestSuiteExecutor.java:116)&#xD;&#xA;&#x9;at com.kms.katalon.core.main.TestSuiteExecutor.execute(TestSuiteExecutor.java:83)&#xD;&#xA;&#x9;at com.kms.katalon.core.main.TestCaseMain.startTestSuite(TestCaseMain.java:157)&#xD;&#xA;&#x9;at com.kms.katalon.core.main.TestCaseMain$startTestSuite$0.call(Unknown Source)&#xD;&#xA;&#x9;at TempTestSuite1567762670011.run(TempTestSuite1567762670011.groovy:35)&#xD;&#xA;Caused by: com.kms.katalon.core.exception.StepFailedException: Unable to scroll to object 'Object Repository/Objects.VerifySummarySections/Page_ISPS2/div_DETAILS OF TEMPORARY BUILDING'&#xD;&#xA;&#x9;at com.kms.katalon.core.webui.keyword.internal.WebUIKeywordMain.stepFailed(WebUIKeywordMain.groovy:64)&#xD;&#xA;&#x9;at com.kms.katalon.core.webui.keyword.internal.WebUIKeywordMain.runKeyword(WebUIKeywordMain.groovy:26)&#xD;&#xA;&#x9;at com.kms.katalon.core.webui.keyword.builtin.ScrollToElementKeyword.scrollToElement(ScrollToElementKeyword.groovy:88)&#xD;&#xA;&#x9;at com.kms.katalon.core.webui.keyword.builtin.ScrollToElementKeyword.execute(ScrollToElementKeyword.groovy:68)&#xD;&#xA;&#x9;at com.kms.katalon.core.keyword.internal.KeywordExecutor.executeKeywordForPlatform(KeywordExecutor.groovy:56)&#xD;&#xA;&#x9;at com.kms.katalon.core.webui.keyword.WebUiBuiltInKeywords.scrollToElement(WebUiBuiltInKeywords.groovy:2975)&#xD;&#xA;&#x9;at com.kms.katalon.core.webui.keyword.WebUiBuiltInKeywords$scrollToElement$12.call(Unknown Source)&#xD;&#xA;&#x9;at VerifySummarySections.run(VerifySummarySections:43)&#xD;&#xA;&#x9;at com.kms.katalon.core.main.ScriptEngine.run(ScriptEngine.java:194)&#xD;&#xA;&#x9;at com.kms.katalon.core.main.ScriptEngine.runScriptAsRawText(ScriptEngine.java:119)&#xD;&#xA;&#x9;at com.kms.katalon.core.main.TestCaseExecutor.runScript(TestCaseExecutor.java:337)&#xD;&#xA;&#x9;at com.kms.katalon.core.main.TestCaseExecutor.doExecute(TestCaseExecutor.java:328)&#xD;&#xA;&#x9;at com.kms.katalon.core.main.TestCaseExecutor.processExecutionPhase(TestCaseExecutor.java:307)&#xD;&#xA;&#x9;at com.kms.katalon.core.main.TestCaseExecutor.accessMainPhase(TestCaseExecutor.java:299)&#xD;&#xA;&#x9;at com.kms.katalon.core.main.TestCaseExecutor.execute(TestCaseExecutor.java:233)&#xD;&#xA;&#x9;at com.kms.katalon.core.main.TestCaseMain.runTestCase(TestCaseMain.java:114)&#xD;&#xA;&#x9;at com.kms.katalon.core.keyword.builtin.CallTestCaseKeyword$_callTestCase_closure1.doCall(CallTestCaseKeyword.groovy:59)&#xD;&#xA;&#x9;... 20 more&#xD;&#xA;Caused by: com.kms.katalon.core.webui.exception.WebElementNotFoundException: Web element with id: 'Object Repository/Objects.VerifySummarySections/Page_ISPS2/div_DETAILS OF TEMPORARY BUILDING' located by 'By.xpath: //div[@class = 'x-component fornax-page-title2 x-ltr x-component-default' and (text() = 'DETAILS OF TEMPORARY BUILDING' or . = 'DETAILS OF TEMPORARY BUILDING')]' not found&#xD;&#xA;&#x9;at com.kms.katalon.core.webui.common.WebUiCommonHelper.findWebElement(WebUiCommonHelper.java:1097)&#xD;&#xA;&#x9;at com.kms.katalon.core.webui.keyword.internal.WebUIAbstractKeyword.findWebElement(WebUIAbstractKeyword.groovy:27)&#xD;&#xA;&#x9;at com.kms.katalon.core.webui.keyword.internal.WebUIAbstractKeyword.findWebElement(WebUIAbstractKeyword.groovy:26)&#xD;&#xA;&#x9;at com.kms.katalon.core.webui.keyword.builtin.ScrollToElementKeyword$_scrollToElement_closure1.doCall(ScrollToElementKeyword.groovy:79)&#xD;&#xA;&#x9;at com.kms.katalon.core.webui.keyword.builtin.ScrollToElementKeyword$_scrollToElement_closure1.call(ScrollToElementKeyword.groovy)&#xD;&#xA;&#x9;at com.kms.katalon.core.webui.keyword.internal.WebUIKeywordMain.runKeyword(WebUIKeywordMain.groovy:20)&#xD;&#xA;&#x9;... 35 more&#xD;&#xA;"/>
            <system-out>2019-09-06 17:37:51 - [TEST_CASE][FAILED] - Test Cases/Smoke/TBP/SmokeTesting.SummaryLHS: Test Cases/Smoke/TBP/SmokeTesting.SummaryLHS FAILED.
Reason:
com.kms.katalon.core.exception.StepFailedException: Call Test Case 'Test Cases/Components/VerifySummarySections' failed&#xD;
	at com.kms.katalon.core.keyword.builtin.CallTestCaseKeyword$_callTestCase_closure1.doCall(CallTestCaseKeyword.groovy:63)&#xD;
	at com.kms.katalon.core.keyword.builtin.CallTestCaseKeyword$_callTestCase_closure1.call(CallTestCaseKeyword.groovy)&#xD;
	at com.kms.katalon.core.keyword.internal.KeywordMain.runKeyword(KeywordMain.groovy:68)&#xD;
	at com.kms.katalon.core.keyword.builtin.CallTestCaseKeyword.callTestCase(CallTestCaseKeyword.groovy:81)&#xD;
	at com.kms.katalon.core.keyword.builtin.CallTestCaseKeyword.execute(CallTestCaseKeyword.groovy:44)&#xD;
	at com.kms.katalon.core.keyword.internal.KeywordExecutor.executeKeywordForPlatform(KeywordExecutor.groovy:56)&#xD;
	at com.kms.katalon.core.keyword.BuiltinKeywords.callTestCase(BuiltinKeywords.groovy:334)&#xD;
	at SmokeTesting.SummaryLHS.run(SmokeTesting.SummaryLHS:25)&#xD;
	at com.kms.katalon.core.main.ScriptEngine.run(ScriptEngine.java:194)&#xD;
	at com.kms.katalon.core.main.ScriptEngine.runScriptAsRawText(ScriptEngine.java:119)&#xD;
	at com.kms.katalon.core.main.TestCaseExecutor.runScript(TestCaseExecutor.java:337)&#xD;
	at com.kms.katalon.core.main.TestCaseExecutor.doExecute(TestCaseExecutor.java:328)&#xD;
	at com.kms.katalon.core.main.TestCaseExecutor.processExecutionPhase(TestCaseExecutor.java:307)&#xD;
	at com.kms.katalon.core.main.TestCaseExecutor.accessMainPhase(TestCaseExecutor.java:299)&#xD;
	at com.kms.katalon.core.main.TestCaseExecutor.execute(TestCaseExecutor.java:233)&#xD;
	at com.kms.katalon.core.main.TestSuiteExecutor.accessTestCaseMainPhase(TestSuiteExecutor.java:133)&#xD;
	at com.kms.katalon.core.main.TestSuiteExecutor.accessTestSuiteMainPhase(TestSuiteExecutor.java:116)&#xD;
	at com.kms.katalon.core.main.TestSuiteExecutor.execute(TestSuiteExecutor.java:83)&#xD;
	at com.kms.katalon.core.main.TestCaseMain.startTestSuite(TestCaseMain.java:157)&#xD;
	at com.kms.katalon.core.main.TestCaseMain$startTestSuite$0.call(Unknown Source)&#xD;
	at TempTestSuite1567762670011.run(TempTestSuite1567762670011.groovy:35)&#xD;
Caused by: com.kms.katalon.core.exception.StepFailedException: Unable to scroll to object 'Object Repository/Objects.VerifySummarySections/Page_ISPS2/div_DETAILS OF TEMPORARY BUILDING'&#xD;
	at com.kms.katalon.core.webui.keyword.internal.WebUIKeywordMain.stepFailed(WebUIKeywordMain.groovy:64)&#xD;
	at com.kms.katalon.core.webui.keyword.internal.WebUIKeywordMain.runKeyword(WebUIKeywordMain.groovy:26)&#xD;
	at com.kms.katalon.core.webui.keyword.builtin.ScrollToElementKeyword.scrollToElement(ScrollToElementKeyword.groovy:88)&#xD;
	at com.kms.katalon.core.webui.keyword.builtin.ScrollToElementKeyword.execute(ScrollToElementKeyword.groovy:68)&#xD;
	at com.kms.katalon.core.keyword.internal.KeywordExecutor.executeKeywordForPlatform(KeywordExecutor.groovy:56)&#xD;
	at com.kms.katalon.core.webui.keyword.WebUiBuiltInKeywords.scrollToElement(WebUiBuiltInKeywords.groovy:2975)&#xD;
	at com.kms.katalon.core.webui.keyword.WebUiBuiltInKeywords$scrollToElement$12.call(Unknown Source)&#xD;
	at VerifySummarySections.run(VerifySummarySections:43)&#xD;
	at com.kms.katalon.core.main.ScriptEngine.run(ScriptEngine.java:194)&#xD;
	at com.kms.katalon.core.main.ScriptEngine.runScriptAsRawText(ScriptEngine.java:119)&#xD;
	at com.kms.katalon.core.main.TestCaseExecutor.runScript(TestCaseExecutor.java:337)&#xD;
	at com.kms.katalon.core.main.TestCaseExecutor.doExecute(TestCaseExecutor.java:328)&#xD;
	at com.kms.katalon.core.main.TestCaseExecutor.processExecutionPhase(TestCaseExecutor.java:307)&#xD;
	at com.kms.katalon.core.main.TestCaseExecutor.accessMainPhase(TestCaseExecutor.java:299)&#xD;
	at com.kms.katalon.core.main.TestCaseExecutor.execute(TestCaseExecutor.java:233)&#xD;
	at com.kms.katalon.core.main.TestCaseMain.runTestCase(TestCaseMain.java:114)&#xD;
	at com.kms.katalon.core.keyword.builtin.CallTestCaseKeyword$_callTestCase_closure1.doCall(CallTestCaseKeyword.groovy:59)&#xD;
	... 20 more&#xD;
Caused by: com.kms.katalon.core.webui.exception.WebElementNotFoundException: Web element with id: 'Object Repository/Objects.VerifySummarySections/Page_ISPS2/div_DETAILS OF TEMPORARY BUILDING' located by 'By.xpath: //div[@class = 'x-component fornax-page-title2 x-ltr x-component-default' and (text() = 'DETAILS OF TEMPORARY BUILDING' or . = 'DETAILS OF TEMPORARY BUILDING')]' not found&#xD;
	at com.kms.katalon.core.webui.common.WebUiCommonHelper.findWebElement(WebUiCommonHelper.java:1097)&#xD;
	at com.kms.katalon.core.webui.keyword.internal.WebUIAbstractKeyword.findWebElement(WebUIAbstractKeyword.groovy:27)&#xD;
	at com.kms.katalon.core.webui.keyword.internal.WebUIAbstractKeyword.findWebElement(WebUIAbstractKeyword.groovy:26)&#xD;
	at com.kms.katalon.core.webui.keyword.builtin.ScrollToElementKeyword$_scrollToElement_closure1.doCall(ScrollToElementKeyword.groovy:79)&#xD;
	at com.kms.katalon.core.webui.keyword.builtin.ScrollToElementKeyword$_scrollToElement_closure1.call(ScrollToElementKeyword.groovy)&#xD;
	at com.kms.katalon.core.webui.keyword.internal.WebUIKeywordMain.runKeyword(WebUIKeywordMain.groovy:20)&#xD;
	... 35 more&#xD;
&#xD;
&#xD;
2019-09-06 17:37:51 - [TEST_STEP][PASSED] - callTestCase(findTestCase("Components/Login"), ["Username":findTestData("Datatable").getValue("Username", 1), "Password":findTestData("Datatable").getValue("Password", 1)], STOP_ON_FAILURE): Call Test Case 'Test Cases/Components/Login' successfully&#xD;
&#xD;
2019-09-06 17:37:51 - [TEST_CASE][PASSED] - Test Cases/Components/Login: Test Cases/Components/Login&#xD;
&#xD;
2019-09-06 17:37:52 - [TEST_STEP][PASSED] - openBrowser(findTestData("Datatable").getValue("URL", 1)): Browser is opened with url: 'http://java03:3012/isps2-prod-verify/authnz/login.do'&#xD;
&#xD;
2019-09-06 17:37:52 - [MESSAGE][INFO] - Starting 'Chrome' driver&#xD;
&#xD;
2019-09-06 17:37:52 - [MESSAGE][INFO] - Action delay is set to 0 seconds&#xD;
&#xD;
2019-09-06 17:37:57 - [MESSAGE][PASSED] - Browser is opened with url: 'http://java03:3012/isps2-prod-verify/authnz/login.do'&#xD;
&#xD;
2019-09-06 17:37:57 - [TEST_STEP][PASSED] - maximizeWindow(): Current window maximized&#xD;
&#xD;
2019-09-06 17:37:59 - [MESSAGE][PASSED] - Current window maximized&#xD;
&#xD;
2019-09-06 17:37:59 - [TEST_STEP][PASSED] - verifyTextPresent("Sign in to ISPS2-PROD-Verify", false): Text 'Sign in to ISPS2-PROD-Verify' is present on page &#xD;
&#xD;
2019-09-06 17:37:59 - [MESSAGE][PASSED] - Text 'Sign in to ISPS2-PROD-Verify' is present on page &#xD;
&#xD;
2019-09-06 17:37:59 - [TEST_STEP][NOT_RUN] - com.reusableComponents.HighlightElement.run(findTestObject("Objects.Login/Login Page/div_Sign in to ISPS2-PROD-Verify")): NOT_RUN: com.reusableComponents.HighlightElement.run(findTestObject("Objects.Login/Login Page/div_Sign in to ISPS2-PROD-Verify"))&#xD;
&#xD;
2019-09-06 17:37:59 - [MESSAGE][NOT_RUN] - NOT_RUN: com.reusableComponents.HighlightElement.run(findTestObject("Objects.Login/Login Page/div_Sign in to ISPS2-PROD-Verify"))&#xD;
&#xD;
2019-09-06 17:37:59 - [TEST_STEP][NOT_RUN] - com.reusableComponents.HighlightElement.run(findTestObject("Objects.Login/Login Page/input_Sign in to ISPS2-PROD-Verify_username")): NOT_RUN: com.reusableComponents.HighlightElement.run(findTestObject("Objects.Login/Login Page/input_Sign in to ISPS2-PROD-Verify_username"))&#xD;
&#xD;
2019-09-06 17:37:59 - [MESSAGE][NOT_RUN] - NOT_RUN: com.reusableComponents.HighlightElement.run(findTestObject("Objects.Login/Login Page/input_Sign in to ISPS2-PROD-Verify_username"))&#xD;
&#xD;
2019-09-06 17:37:59 - [TEST_STEP][PASSED] - setText(findTestObject("Objects.Login/Login Page/input_Sign in to ISPS2-PROD-Verify_username"), Username): Text 'sysadmin' is set on object 'Object Repository/Objects.Login/Login Page/input_Sign in to ISPS2-PROD-Verify_username'&#xD;
&#xD;
2019-09-06 17:37:59 - [MESSAGE][PASSED] - Text 'sysadmin' is set on object 'Object Repository/Objects.Login/Login Page/input_Sign in to ISPS2-PROD-Verify_username'&#xD;
&#xD;
2019-09-06 17:37:59 - [TEST_STEP][NOT_RUN] - com.reusableComponents.HighlightElement.run(findTestObject("Objects.Login/Login Page/input_This field is required_password")): NOT_RUN: com.reusableComponents.HighlightElement.run(findTestObject("Objects.Login/Login Page/input_This field is required_password"))&#xD;
&#xD;
2019-09-06 17:37:59 - [MESSAGE][NOT_RUN] - NOT_RUN: com.reusableComponents.HighlightElement.run(findTestObject("Objects.Login/Login Page/input_This field is required_password"))&#xD;
&#xD;
2019-09-06 17:37:59 - [TEST_STEP][PASSED] - setEncryptedText(findTestObject("Objects.Login/Login Page/input_This field is required_password"), Password): Text ****** has been set on object 'Object Repository/Objects.Login/Login Page/input_This field is required_password'&#xD;
&#xD;
2019-09-06 17:37:59 - [MESSAGE][PASSED] - Text ****** has been set on object 'Object Repository/Objects.Login/Login Page/input_This field is required_password'&#xD;
&#xD;
2019-09-06 17:37:59 - [TEST_STEP][NOT_RUN] - com.reusableComponents.HighlightElement.run(findTestObject("Objects.Login/Login Page/div_Sign in to ISPS2-PROD-Verify_NovaGoButton-1021")): NOT_RUN: com.reusableComponents.HighlightElement.run(findTestObject("Objects.Login/Login Page/div_Sign in to ISPS2-PROD-Verify_NovaGoButton-1021"))&#xD;
&#xD;
2019-09-06 17:37:59 - [MESSAGE][NOT_RUN] - NOT_RUN: com.reusableComponents.HighlightElement.run(findTestObject("Objects.Login/Login Page/div_Sign in to ISPS2-PROD-Verify_NovaGoButton-1021"))&#xD;
&#xD;
2019-09-06 17:37:59 - [TEST_STEP][PASSED] - click(findTestObject("Objects.Login/Login Page/div_Sign in to ISPS2-PROD-Verify_NovaGoButton-1021"), OPTIONAL): Object: 'Object Repository/Objects.Login/Login Page/div_Sign in to ISPS2-PROD-Verify_NovaGoButton-1021' is clicked on&#xD;
&#xD;
2019-09-06 17:38:00 - [MESSAGE][PASSED] - Object: 'Object Repository/Objects.Login/Login Page/div_Sign in to ISPS2-PROD-Verify_NovaGoButton-1021' is clicked on&#xD;
&#xD;
2019-09-06 17:38:00 - [TEST_STEP][NOT_RUN] - sendKeys(findTestObject("Objects.Login/Login Page/input_This field is required_password"), Keys.chord(ENTER), OPTIONAL): NOT_RUN: sendKeys(findTestObject("Objects.Login/Login Page/input_This field is required_password"), Keys.chord(ENTER), OPTIONAL)&#xD;
&#xD;
2019-09-06 17:38:00 - [MESSAGE][NOT_RUN] - NOT_RUN: sendKeys(findTestObject("Objects.Login/Login Page/input_This field is required_password"), Keys.chord(ENTER), OPTIONAL)&#xD;
&#xD;
2019-09-06 17:38:00 - [TEST_STEP][PASSED] - waitForPageLoad(30): Wait for page load successfully&#xD;
&#xD;
2019-09-06 17:38:00 - [MESSAGE][PASSED] - Wait for page load successfully&#xD;
&#xD;
2019-09-06 17:38:00 - [TEST_STEP][NOT_RUN] - verifyElementVisible(findTestObject("Objects.Login/Dashboard/a_ISPS2-PROD-Verify"), OPTIONAL): NOT_RUN: verifyElementVisible(findTestObject("Objects.Login/Dashboard/a_ISPS2-PROD-Verify"), OPTIONAL)&#xD;
&#xD;
2019-09-06 17:38:00 - [MESSAGE][NOT_RUN] - NOT_RUN: verifyElementVisible(findTestObject("Objects.Login/Dashboard/a_ISPS2-PROD-Verify"), OPTIONAL)&#xD;
&#xD;
2019-09-06 17:38:00 - [MESSAGE][PASSED] - Call Test Case 'Test Cases/Components/Login' successfully&#xD;
&#xD;
2019-09-06 17:38:00 - [TEST_STEP][PASSED] - callTestCase(findTestCase("Components/NavigateToDashboard"), [:], STOP_ON_FAILURE): Call Test Case 'Test Cases/Components/NavigateToDashboard' successfully&#xD;
&#xD;
2019-09-06 17:38:00 - [TEST_CASE][PASSED] - Test Cases/Components/NavigateToDashboard: Test Cases/Components/NavigateToDashboard&#xD;
&#xD;
2019-09-06 17:38:00 - [TEST_STEP][PASSED] - click(findTestObject("Objects.NavigateToDashboard/a_ISPS2-PROD-Verify")): Object: 'Object Repository/Objects.NavigateToDashboard/a_ISPS2-PROD-Verify' is clicked on&#xD;
&#xD;
2019-09-06 17:38:03 - [MESSAGE][PASSED] - Object: 'Object Repository/Objects.NavigateToDashboard/a_ISPS2-PROD-Verify' is clicked on&#xD;
&#xD;
2019-09-06 17:38:03 - [TEST_STEP][PASSED] - waitForPageLoad(30): Wait for page load successfully&#xD;
&#xD;
2019-09-06 17:38:03 - [MESSAGE][PASSED] - Wait for page load successfully&#xD;
&#xD;
2019-09-06 17:38:03 - [TEST_STEP][PASSED] - Thread.sleep(3000): null&#xD;
&#xD;
2019-09-06 17:38:06 - [TEST_STEP][PASSED] - verifyTextPresent("Loading search result. Please wait...", false, OPTIONAL): Text 'Loading search result. Please wait...' is present on page &#xD;
&#xD;
2019-09-06 17:38:06 - [MESSAGE][PASSED] - Text 'Loading search result. Please wait...' is present on page &#xD;
&#xD;
2019-09-06 17:38:06 - [TEST_STEP][PASSED] - waitForElementNotPresent(findTestObject("Objects.NavigateToDashboard/div_Loading search result Please wait"), 120): Web element with id: 'Object Repository/Objects.NavigateToDashboard/div_Loading search result Please wait' located by 'By.xpath: //div[@class = 'x-mask-msg-text' and (text() = 'Loading search result. Please wait...' or . = 'Loading search result. Please wait...')]' is not present after '120' second(s)&#xD;
&#xD;
2019-09-06 17:38:07 - [MESSAGE][PASSED] - Web element with id: 'Object Repository/Objects.NavigateToDashboard/div_Loading search result Please wait' located by 'By.xpath: //div[@class = 'x-mask-msg-text' and (text() = 'Loading search result. Please wait...' or . = 'Loading search result. Please wait...')]' is not present after '120' second(s)&#xD;
&#xD;
2019-09-06 17:38:07 - [TEST_STEP][PASSED] - Thread.sleep(3000): null&#xD;
&#xD;
2019-09-06 17:38:10 - [MESSAGE][PASSED] - Call Test Case 'Test Cases/Components/NavigateToDashboard' successfully&#xD;
&#xD;
2019-09-06 17:38:10 - [TEST_STEP][PASSED] - callTestCase(findTestCase("Components/SearchTask"), [:], STOP_ON_FAILURE): Call Test Case 'Test Cases/Components/SearchTask' successfully&#xD;
&#xD;
2019-09-06 17:38:10 - [TEST_CASE][PASSED] - Test Cases/Components/SearchTask: Test Cases/Components/SearchTask&#xD;
&#xD;
2019-09-06 17:38:11 - [TEST_STEP][PASSED] - Thread.sleep(3000): null&#xD;
&#xD;
2019-09-06 17:38:14 - [TEST_STEP][PASSED] - verifyElementPresent(findTestObject("Objects.SearchTask/Page_ISPS2/a_"), 0): Object 'Object Repository/Objects.SearchTask/Page_ISPS2/a_' is present&#xD;
&#xD;
2019-09-06 17:38:14 - [MESSAGE][WARNING] - Timeout '0' is invalid. Using default page load timeout: '30'&#xD;
&#xD;
2019-09-06 17:38:14 - [MESSAGE][PASSED] - Object 'Object Repository/Objects.SearchTask/Page_ISPS2/a_' is present&#xD;
&#xD;
2019-09-06 17:38:14 - [TEST_STEP][PASSED] - click(findTestObject("Objects.SearchTask/Page_ISPS2/a_")): Object: 'Object Repository/Objects.SearchTask/Page_ISPS2/a_' is clicked on&#xD;
&#xD;
2019-09-06 17:38:14 - [MESSAGE][PASSED] - Object: 'Object Repository/Objects.SearchTask/Page_ISPS2/a_' is clicked on&#xD;
&#xD;
2019-09-06 17:38:14 - [TEST_STEP][PASSED] - verifyElementVisible(findTestObject("Objects.SearchTask/Page_ISPS2/div_Saved Filter")): Object 'Object Repository/Objects.SearchTask/Page_ISPS2/div_Saved Filter' is visible&#xD;
&#xD;
2019-09-06 17:38:14 - [MESSAGE][PASSED] - Object 'Object Repository/Objects.SearchTask/Page_ISPS2/div_Saved Filter' is visible&#xD;
&#xD;
2019-09-06 17:38:14 - [TEST_STEP][PASSED] - Thread.sleep(3000): null&#xD;
&#xD;
2019-09-06 17:38:17 - [TEST_STEP][PASSED] - click(findTestObject("Objects.SearchTask/Page_ISPS2/span_Reset")): Object: 'Object Repository/Objects.SearchTask/Page_ISPS2/span_Reset' is clicked on&#xD;
&#xD;
2019-09-06 17:38:17 - [MESSAGE][PASSED] - Object: 'Object Repository/Objects.SearchTask/Page_ISPS2/span_Reset' is clicked on&#xD;
&#xD;
2019-09-06 17:38:17 - [TEST_STEP][PASSED] - com.reusableComponents.HighlightElement.run(findTestObject("Objects.SearchTask/Page_ISPS2/input_Task Description_searchCriteriaPojotaskDescription")): com.reusableComponents.HighlightElement.run is PASSED&#xD;
&#xD;
2019-09-06 17:38:18 - [MESSAGE][PASSED] - com.reusableComponents.HighlightElement.run is PASSED&#xD;
&#xD;
2019-09-06 17:38:18 - [TEST_STEP][PASSED] - setText(findTestObject("Objects.SearchTask/Page_ISPS2/input_Task Description_searchCriteriaPojotaskDescription"), "Process Temporary Building Permit"): Text 'Process Temporary Building Permit' is set on object 'Object Repository/Objects.SearchTask/Page_ISPS2/input_Task Description_searchCriteriaPojotaskDescription'&#xD;
&#xD;
2019-09-06 17:38:18 - [MESSAGE][PASSED] - Text 'Process Temporary Building Permit' is set on object 'Object Repository/Objects.SearchTask/Page_ISPS2/input_Task Description_searchCriteriaPojotaskDescription'&#xD;
&#xD;
2019-09-06 17:38:18 - [TEST_STEP][PASSED] - Thread.sleep(1000): null&#xD;
&#xD;
2019-09-06 17:38:19 - [TEST_STEP][PASSED] - click(findTestObject("Objects.SearchTask/Page_ISPS2/div_Process Temporary Building Permit")): Object: 'Object Repository/Objects.SearchTask/Page_ISPS2/div_Process Temporary Building Permit' is clicked on&#xD;
&#xD;
2019-09-06 17:38:19 - [MESSAGE][PASSED] - Object: 'Object Repository/Objects.SearchTask/Page_ISPS2/div_Process Temporary Building Permit' is clicked on&#xD;
&#xD;
2019-09-06 17:38:19 - [TEST_STEP][PASSED] - com.reusableComponents.HighlightElement.run(findTestObject("Objects.SearchTask/Page_ISPS2/span_Search")): com.reusableComponents.HighlightElement.run is PASSED&#xD;
&#xD;
2019-09-06 17:38:20 - [MESSAGE][PASSED] - com.reusableComponents.HighlightElement.run is PASSED&#xD;
&#xD;
2019-09-06 17:38:20 - [TEST_STEP][PASSED] - click(findTestObject("Objects.SearchTask/Page_ISPS2/span_Search")): Object: 'Object Repository/Objects.SearchTask/Page_ISPS2/span_Search' is clicked on&#xD;
&#xD;
2019-09-06 17:38:20 - [MESSAGE][PASSED] - Object: 'Object Repository/Objects.SearchTask/Page_ISPS2/span_Search' is clicked on&#xD;
&#xD;
2019-09-06 17:38:20 - [TEST_STEP][PASSED] - Thread.sleep(500): null&#xD;
&#xD;
2019-09-06 17:38:20 - [TEST_STEP][PASSED] - waitForElementNotPresent(findTestObject("Objects.SearchTask/Page_ISPS2/div_Loading search result Please wait"), 120, STOP_ON_FAILURE): Web element with id: 'Object Repository/Objects.SearchTask/Page_ISPS2/div_Loading search result Please wait' located by 'By.xpath: //div[@class = 'x-mask-msg-text' and (text() = 'Loading search result. Please wait...' or . = 'Loading search result. Please wait...')]' is not present after '120' second(s)&#xD;
&#xD;
2019-09-06 17:38:21 - [MESSAGE][PASSED] - Web element with id: 'Object Repository/Objects.SearchTask/Page_ISPS2/div_Loading search result Please wait' located by 'By.xpath: //div[@class = 'x-mask-msg-text' and (text() = 'Loading search result. Please wait...' or . = 'Loading search result. Please wait...')]' is not present after '120' second(s)&#xD;
&#xD;
2019-09-06 17:38:21 - [TEST_STEP][PASSED] - Thread.sleep(2000): null&#xD;
&#xD;
2019-09-06 17:38:23 - [TEST_STEP][PASSED] - scrollToElement(findTestObject("Objects.SearchTask/Page_ISPS2/a_Process Temporary Building Permit"), 0): Scroll to object 'Object Repository/Objects.SearchTask/Page_ISPS2/a_Process Temporary Building Permit' successfully&#xD;
&#xD;
2019-09-06 17:38:23 - [MESSAGE][WARNING] - Timeout '0' is invalid. Using default page load timeout: '30'&#xD;
&#xD;
2019-09-06 17:38:23 - [MESSAGE][PASSED] - Scroll to object 'Object Repository/Objects.SearchTask/Page_ISPS2/a_Process Temporary Building Permit' successfully&#xD;
&#xD;
2019-09-06 17:38:23 - [TEST_STEP][PASSED] - com.reusableComponents.HighlightElement.run(findTestObject("Objects.SearchTask/Page_ISPS2/a_Process Temporary Building Permit")): com.reusableComponents.HighlightElement.run is PASSED&#xD;
&#xD;
2019-09-06 17:38:23 - [MESSAGE][PASSED] - com.reusableComponents.HighlightElement.run is PASSED&#xD;
&#xD;
2019-09-06 17:38:23 - [TEST_STEP][PASSED] - click(findTestObject("Objects.SearchTask/Page_ISPS2/a_Process Temporary Building Permit")): Object: 'Object Repository/Objects.SearchTask/Page_ISPS2/a_Process Temporary Building Permit' is clicked on&#xD;
&#xD;
2019-09-06 17:38:24 - [MESSAGE][PASSED] - Object: 'Object Repository/Objects.SearchTask/Page_ISPS2/a_Process Temporary Building Permit' is clicked on&#xD;
&#xD;
2019-09-06 17:38:24 - [TEST_STEP][PASSED] - Thread.sleep(500): null&#xD;
&#xD;
2019-09-06 17:38:24 - [TEST_STEP][PASSED] - waitForElementPresent(findTestObject("Objects.SearchTask/Page_ISPS2/div_Process Temporary Building Permit_LandingPage"), 120): Object 'Object Repository/Objects.SearchTask/Page_ISPS2/div_Process Temporary Building Permit_LandingPage' is present&#xD;
&#xD;
2019-09-06 17:38:26 - [MESSAGE][PASSED] - Object 'Object Repository/Objects.SearchTask/Page_ISPS2/div_Process Temporary Building Permit_LandingPage' is present&#xD;
&#xD;
2019-09-06 17:38:26 - [TEST_STEP][PASSED] - Thread.sleep(3000): null&#xD;
&#xD;
2019-09-06 17:38:29 - [MESSAGE][PASSED] - Call Test Case 'Test Cases/Components/SearchTask' successfully&#xD;
&#xD;
2019-09-06 17:38:29 - [TEST_STEP][PASSED] - callTestCase(findTestCase("Components/NavigateToSummaryLHS"), [:], STOP_ON_FAILURE): Call Test Case 'Test Cases/Components/NavigateToSummaryLHS' successfully&#xD;
&#xD;
2019-09-06 17:38:29 - [TEST_CASE][PASSED] - Test Cases/Components/NavigateToSummaryLHS: Test Cases/Components/NavigateToSummaryLHS&#xD;
&#xD;
2019-09-06 17:38:29 - [TEST_STEP][PASSED] - Thread.sleep(3000): null&#xD;
&#xD;
2019-09-06 17:38:32 - [TEST_STEP][NOT_RUN] - com.reusableComponents.HighlightElement.run(findTestObject("Objects.NavigateToSummaryLHS/Page_ISPS2/div_Summary")): NOT_RUN: com.reusableComponents.HighlightElement.run(findTestObject("Objects.NavigateToSummaryLHS/Page_ISPS2/div_Summary"))&#xD;
&#xD;
2019-09-06 17:38:32 - [MESSAGE][NOT_RUN] - NOT_RUN: com.reusableComponents.HighlightElement.run(findTestObject("Objects.NavigateToSummaryLHS/Page_ISPS2/div_Summary"))&#xD;
&#xD;
2019-09-06 17:38:32 - [TEST_STEP][PASSED] - click(findTestObject("Objects.NavigateToSummaryLHS/Page_ISPS2/div_Summary")): Object: 'Object Repository/Objects.NavigateToSummaryLHS/Page_ISPS2/div_Summary' is clicked on&#xD;
&#xD;
2019-09-06 17:38:32 - [MESSAGE][PASSED] - Object: 'Object Repository/Objects.NavigateToSummaryLHS/Page_ISPS2/div_Summary' is clicked on&#xD;
&#xD;
2019-09-06 17:38:32 - [TEST_STEP][PASSED] - Thread.sleep(500): null&#xD;
&#xD;
2019-09-06 17:38:33 - [TEST_STEP][PASSED] - waitForElementPresent(findTestObject("Objects.NavigateToSummaryLHS/Page_ISPS2/div_Loading"), 30, STOP_ON_FAILURE): Object 'Object Repository/Objects.NavigateToSummaryLHS/Page_ISPS2/div_Loading' is present&#xD;
&#xD;
2019-09-06 17:38:33 - [MESSAGE][PASSED] - Object 'Object Repository/Objects.NavigateToSummaryLHS/Page_ISPS2/div_Loading' is present&#xD;
&#xD;
2019-09-06 17:38:33 - [TEST_STEP][PASSED] - Thread.sleep(5000): null&#xD;
&#xD;
2019-09-06 17:38:38 - [MESSAGE][PASSED] - Call Test Case 'Test Cases/Components/NavigateToSummaryLHS' successfully&#xD;
&#xD;
2019-09-06 17:38:38 - [TEST_STEP][FAILED] - callTestCase(findTestCase("Components/VerifySummarySections"), [:], STOP_ON_FAILURE): Unable to call Test Case 'Test Cases/Components/VerifySummarySections' (Root cause: com.kms.katalon.core.exception.StepFailedException: Call Test Case 'Test Cases/Components/VerifySummarySections' failed&#xD;
	at com.kms.katalon.core.keyword.builtin.CallTestCaseKeyword$_callTestCase_closure1.doCall(CallTestCaseKeyword.groovy:63)&#xD;
	at com.kms.katalon.core.keyword.builtin.CallTestCaseKeyword$_callTestCase_closure1.call(CallTestCaseKeyword.groovy)&#xD;
	at com.kms.katalon.core.keyword.internal.KeywordMain.runKeyword(KeywordMain.groovy:68)&#xD;
	at com.kms.katalon.core.keyword.builtin.CallTestCaseKeyword.callTestCase(CallTestCaseKeyword.groovy:81)&#xD;
	at com.kms.katalon.core.keyword.builtin.CallTestCaseKeyword.execute(CallTestCaseKeyword.groovy:44)&#xD;
	at com.kms.katalon.core.keyword.internal.KeywordExecutor.executeKeywordForPlatform(KeywordExecutor.groovy:56)&#xD;
	at com.kms.katalon.core.keyword.BuiltinKeywords.callTestCase(BuiltinKeywords.groovy:334)&#xD;
	at SmokeTesting.SummaryLHS.run(SmokeTesting.SummaryLHS:25)&#xD;
	at com.kms.katalon.core.main.ScriptEngine.run(ScriptEngine.java:194)&#xD;
	at com.kms.katalon.core.main.ScriptEngine.runScriptAsRawText(ScriptEngine.java:119)&#xD;
	at com.kms.katalon.core.main.TestCaseExecutor.runScript(TestCaseExecutor.java:337)&#xD;
	at com.kms.katalon.core.main.TestCaseExecutor.doExecute(TestCaseExecutor.java:328)&#xD;
	at com.kms.katalon.core.main.TestCaseExecutor.processExecutionPhase(TestCaseExecutor.java:307)&#xD;
	at com.kms.katalon.core.main.TestCaseExecutor.accessMainPhase(TestCaseExecutor.java:299)&#xD;
	at com.kms.katalon.core.main.TestCaseExecutor.execute(TestCaseExecutor.java:233)&#xD;
	at com.kms.katalon.core.main.TestSuiteExecutor.accessTestCaseMainPhase(TestSuiteExecutor.java:133)&#xD;
	at com.kms.katalon.core.main.TestSuiteExecutor.accessTestSuiteMainPhase(TestSuiteExecutor.java:116)&#xD;
	at com.kms.katalon.core.main.TestSuiteExecutor.execute(TestSuiteExecutor.java:83)&#xD;
	at com.kms.katalon.core.main.TestCaseMain.startTestSuite(TestCaseMain.java:157)&#xD;
	at com.kms.katalon.core.main.TestCaseMain$startTestSuite$0.call(Unknown Source)&#xD;
	at TempTestSuite1567762670011.run(TempTestSuite1567762670011.groovy:35)&#xD;
Caused by: com.kms.katalon.core.exception.StepFailedException: Unable to scroll to object 'Object Repository/Objects.VerifySummarySections/Page_ISPS2/div_DETAILS OF TEMPORARY BUILDING'&#xD;
	at com.kms.katalon.core.webui.keyword.internal.WebUIKeywordMain.stepFailed(WebUIKeywordMain.groovy:64)&#xD;
	at com.kms.katalon.core.webui.keyword.internal.WebUIKeywordMain.runKeyword(WebUIKeywordMain.groovy:26)&#xD;
	at com.kms.katalon.core.webui.keyword.builtin.ScrollToElementKeyword.scrollToElement(ScrollToElementKeyword.groovy:88)&#xD;
	at com.kms.katalon.core.webui.keyword.builtin.ScrollToElementKeyword.execute(ScrollToElementKeyword.groovy:68)&#xD;
	at com.kms.katalon.core.keyword.internal.KeywordExecutor.executeKeywordForPlatform(KeywordExecutor.groovy:56)&#xD;
	at com.kms.katalon.core.webui.keyword.WebUiBuiltInKeywords.scrollToElement(WebUiBuiltInKeywords.groovy:2975)&#xD;
	at com.kms.katalon.core.webui.keyword.WebUiBuiltInKeywords$scrollToElement$12.call(Unknown Source)&#xD;
	at VerifySummarySections.run(VerifySummarySections:43)&#xD;
	at com.kms.katalon.core.main.ScriptEngine.run(ScriptEngine.java:194)&#xD;
	at com.kms.katalon.core.main.ScriptEngine.runScriptAsRawText(ScriptEngine.java:119)&#xD;
	at com.kms.katalon.core.main.TestCaseExecutor.runScript(TestCaseExecutor.java:337)&#xD;
	at com.kms.katalon.core.main.TestCaseExecutor.doExecute(TestCaseExecutor.java:328)&#xD;
	at com.kms.katalon.core.main.TestCaseExecutor.processExecutionPhase(TestCaseExecutor.java:307)&#xD;
	at com.kms.katalon.core.main.TestCaseExecutor.accessMainPhase(TestCaseExecutor.java:299)&#xD;
	at com.kms.katalon.core.main.TestCaseExecutor.execute(TestCaseExecutor.java:233)&#xD;
	at com.kms.katalon.core.main.TestCaseMain.runTestCase(TestCaseMain.java:114)&#xD;
	at com.kms.katalon.core.keyword.builtin.CallTestCaseKeyword$_callTestCase_closure1.doCall(CallTestCaseKeyword.groovy:59)&#xD;
	... 20 more&#xD;
Caused by: com.kms.katalon.core.webui.exception.WebElementNotFoundException: Web element with id: 'Object Repository/Objects.VerifySummarySections/Page_ISPS2/div_DETAILS OF TEMPORARY BUILDING' located by 'By.xpath: //div[@class = 'x-component fornax-page-title2 x-ltr x-component-default' and (text() = 'DETAILS OF TEMPORARY BUILDING' or . = 'DETAILS OF TEMPORARY BUILDING')]' not found&#xD;
	at com.kms.katalon.core.webui.common.WebUiCommonHelper.findWebElement(WebUiCommonHelper.java:1097)&#xD;
	at com.kms.katalon.core.webui.keyword.internal.WebUIAbstractKeyword.findWebElement(WebUIAbstractKeyword.groovy:27)&#xD;
	at com.kms.katalon.core.webui.keyword.internal.WebUIAbstractKeyword.findWebElement(WebUIAbstractKeyword.groovy:26)&#xD;
	at com.kms.katalon.core.webui.keyword.builtin.ScrollToElementKeyword$_scrollToElement_closure1.doCall(ScrollToElementKeyword.groovy:79)&#xD;
	at com.kms.katalon.core.webui.keyword.builtin.ScrollToElementKeyword$_scrollToElement_closure1.call(ScrollToElementKeyword.groovy)&#xD;
	at com.kms.katalon.core.webui.keyword.internal.WebUIKeywordMain.runKeyword(WebUIKeywordMain.groovy:20)&#xD;
	... 35 more&#xD;
)&#xD;
&#xD;
2019-09-06 17:38:38 - [TEST_CASE][FAILED] - Test Cases/Components/VerifySummarySections: Test Cases/Components/VerifySummarySections FAILED.
Reason:
com.kms.katalon.core.exception.StepFailedException: Unable to scroll to object 'Object Repository/Objects.VerifySummarySections/Page_ISPS2/div_DETAILS OF TEMPORARY BUILDING'&#xD;
	at com.kms.katalon.core.webui.keyword.internal.WebUIKeywordMain.stepFailed(WebUIKeywordMain.groovy:64)&#xD;
	at com.kms.katalon.core.webui.keyword.internal.WebUIKeywordMain.runKeyword(WebUIKeywordMain.groovy:26)&#xD;
	at com.kms.katalon.core.webui.keyword.builtin.ScrollToElementKeyword.scrollToElement(ScrollToElementKeyword.groovy:88)&#xD;
	at com.kms.katalon.core.webui.keyword.builtin.ScrollToElementKeyword.execute(ScrollToElementKeyword.groovy:68)&#xD;
	at com.kms.katalon.core.keyword.internal.KeywordExecutor.executeKeywordForPlatform(KeywordExecutor.groovy:56)&#xD;
	at com.kms.katalon.core.webui.keyword.WebUiBuiltInKeywords.scrollToElement(WebUiBuiltInKeywords.groovy:2975)&#xD;
	at com.kms.katalon.core.webui.keyword.WebUiBuiltInKeywords$scrollToElement$12.call(Unknown Source)&#xD;
	at VerifySummarySections.run(VerifySummarySections:43)&#xD;
	at com.kms.katalon.core.main.ScriptEngine.run(ScriptEngine.java:194)&#xD;
	at com.kms.katalon.core.main.ScriptEngine.runScriptAsRawText(ScriptEngine.java:119)&#xD;
	at com.kms.katalon.core.main.TestCaseExecutor.runScript(TestCaseExecutor.java:337)&#xD;
	at com.kms.katalon.core.main.TestCaseExecutor.doExecute(TestCaseExecutor.java:328)&#xD;
	at com.kms.katalon.core.main.TestCaseExecutor.processExecutionPhase(TestCaseExecutor.java:307)&#xD;
	at com.kms.katalon.core.main.TestCaseExecutor.accessMainPhase(TestCaseExecutor.java:299)&#xD;
	at com.kms.katalon.core.main.TestCaseExecutor.execute(TestCaseExecutor.java:233)&#xD;
	at com.kms.katalon.core.main.TestCaseMain.runTestCase(TestCaseMain.java:114)&#xD;
	at com.kms.katalon.core.keyword.builtin.CallTestCaseKeyword$_callTestCase_closure1.doCall(CallTestCaseKeyword.groovy:59)&#xD;
	at com.kms.katalon.core.keyword.builtin.CallTestCaseKeyword$_callTestCase_closure1.call(CallTestCaseKeyword.groovy)&#xD;
	at com.kms.katalon.core.keyword.internal.KeywordMain.runKeyword(KeywordMain.groovy:68)&#xD;
	at com.kms.katalon.core.keyword.builtin.CallTestCaseKeyword.callTestCase(CallTestCaseKeyword.groovy:81)&#xD;
	at com.kms.katalon.core.keyword.builtin.CallTestCaseKeyword.execute(CallTestCaseKeyword.groovy:44)&#xD;
	at com.kms.katalon.core.keyword.internal.KeywordExecutor.executeKeywordForPlatform(KeywordExecutor.groovy:56)&#xD;
	at com.kms.katalon.core.keyword.BuiltinKeywords.callTestCase(BuiltinKeywords.groovy:334)&#xD;
	at SmokeTesting.SummaryLHS.run(SmokeTesting.SummaryLHS:25)&#xD;
	at com.kms.katalon.core.main.ScriptEngine.run(ScriptEngine.java:194)&#xD;
	at com.kms.katalon.core.main.ScriptEngine.runScriptAsRawText(ScriptEngine.java:119)&#xD;
	at com.kms.katalon.core.main.TestCaseExecutor.runScript(TestCaseExecutor.java:337)&#xD;
	at com.kms.katalon.core.main.TestCaseExecutor.doExecute(TestCaseExecutor.java:328)&#xD;
	at com.kms.katalon.core.main.TestCaseExecutor.processExecutionPhase(TestCaseExecutor.java:307)&#xD;
	at com.kms.katalon.core.main.TestCaseExecutor.accessMainPhase(TestCaseExecutor.java:299)&#xD;
	at com.kms.katalon.core.main.TestCaseExecutor.execute(TestCaseExecutor.java:233)&#xD;
	at com.kms.katalon.core.main.TestSuiteExecutor.accessTestCaseMainPhase(TestSuiteExecutor.java:133)&#xD;
	at com.kms.katalon.core.main.TestSuiteExecutor.accessTestSuiteMainPhase(TestSuiteExecutor.java:116)&#xD;
	at com.kms.katalon.core.main.TestSuiteExecutor.execute(TestSuiteExecutor.java:83)&#xD;
	at com.kms.katalon.core.main.TestCaseMain.startTestSuite(TestCaseMain.java:157)&#xD;
	at com.kms.katalon.core.main.TestCaseMain$startTestSuite$0.call(Unknown Source)&#xD;
	at TempTestSuite1567762670011.run(TempTestSuite1567762670011.groovy:35)&#xD;
Caused by: com.kms.katalon.core.webui.exception.WebElementNotFoundException: Web element with id: 'Object Repository/Objects.VerifySummarySections/Page_ISPS2/div_DETAILS OF TEMPORARY BUILDING' located by 'By.xpath: //div[@class = 'x-component fornax-page-title2 x-ltr x-component-default' and (text() = 'DETAILS OF TEMPORARY BUILDING' or . = 'DETAILS OF TEMPORARY BUILDING')]' not found&#xD;
	at com.kms.katalon.core.webui.common.WebUiCommonHelper.findWebElement(WebUiCommonHelper.java:1097)&#xD;
	at com.kms.katalon.core.webui.keyword.internal.WebUIAbstractKeyword.findWebElement(WebUIAbstractKeyword.groovy:27)&#xD;
	at com.kms.katalon.core.webui.keyword.internal.WebUIAbstractKeyword.findWebElement(WebUIAbstractKeyword.groovy:26)&#xD;
	at com.kms.katalon.core.webui.keyword.builtin.ScrollToElementKeyword$_scrollToElement_closure1.doCall(ScrollToElementKeyword.groovy:79)&#xD;
	at com.kms.katalon.core.webui.keyword.builtin.ScrollToElementKeyword$_scrollToElement_closure1.call(ScrollToElementKeyword.groovy)&#xD;
	at com.kms.katalon.core.webui.keyword.internal.WebUIKeywordMain.runKeyword(WebUIKeywordMain.groovy:20)&#xD;
	... 35 more&#xD;
&#xD;
&#xD;
2019-09-06 17:38:38 - [TEST_STEP][PASSED] - Thread.sleep(3000): null&#xD;
&#xD;
2019-09-06 17:38:41 - [TEST_STEP][PASSED] - scrollToElement(findTestObject("Objects.VerifySummarySections/Page_ISPS2/div_Process Temporary Building Permit"), 0): Scroll to object 'Object Repository/Objects.VerifySummarySections/Page_ISPS2/div_Process Temporary Building Permit' successfully&#xD;
&#xD;
2019-09-06 17:38:41 - [MESSAGE][WARNING] - Timeout '0' is invalid. Using default page load timeout: '30'&#xD;
&#xD;
2019-09-06 17:38:41 - [MESSAGE][PASSED] - Scroll to object 'Object Repository/Objects.VerifySummarySections/Page_ISPS2/div_Process Temporary Building Permit' successfully&#xD;
&#xD;
2019-09-06 17:38:41 - [TEST_STEP][PASSED] - verifyElementVisible(findTestObject("Objects.VerifySummarySections/Page_ISPS2/div_Process Temporary Building Permit")): Object 'Object Repository/Objects.VerifySummarySections/Page_ISPS2/div_Process Temporary Building Permit' is visible&#xD;
&#xD;
2019-09-06 17:38:41 - [MESSAGE][PASSED] - Object 'Object Repository/Objects.VerifySummarySections/Page_ISPS2/div_Process Temporary Building Permit' is visible&#xD;
&#xD;
2019-09-06 17:38:41 - [TEST_STEP][PASSED] - com.reusableComponents.HighlightElement.run(findTestObject("Objects.VerifySummarySections/Page_ISPS2/div_Process Temporary Building Permit")): com.reusableComponents.HighlightElement.run is PASSED&#xD;
&#xD;
2019-09-06 17:38:42 - [MESSAGE][PASSED] - com.reusableComponents.HighlightElement.run is PASSED&#xD;
&#xD;
2019-09-06 17:38:42 - [TEST_STEP][PASSED] - scrollToElement(findTestObject("Objects.VerifySummarySections/Page_ISPS2/div_Summary"), 0): Scroll to object 'Object Repository/Objects.VerifySummarySections/Page_ISPS2/div_Summary' successfully&#xD;
&#xD;
2019-09-06 17:38:42 - [MESSAGE][WARNING] - Timeout '0' is invalid. Using default page load timeout: '30'&#xD;
&#xD;
2019-09-06 17:38:42 - [MESSAGE][PASSED] - Scroll to object 'Object Repository/Objects.VerifySummarySections/Page_ISPS2/div_Summary' successfully&#xD;
&#xD;
2019-09-06 17:38:42 - [TEST_STEP][PASSED] - verifyElementVisible(findTestObject("Objects.VerifySummarySections/Page_ISPS2/div_Summary")): Object 'Object Repository/Objects.VerifySummarySections/Page_ISPS2/div_Summary' is visible&#xD;
&#xD;
2019-09-06 17:38:42 - [MESSAGE][PASSED] - Object 'Object Repository/Objects.VerifySummarySections/Page_ISPS2/div_Summary' is visible&#xD;
&#xD;
2019-09-06 17:38:42 - [TEST_STEP][PASSED] - com.reusableComponents.HighlightElement.run(findTestObject("Objects.VerifySummarySections/Page_ISPS2/div_Summary")): com.reusableComponents.HighlightElement.run is PASSED&#xD;
&#xD;
2019-09-06 17:38:43 - [MESSAGE][PASSED] - com.reusableComponents.HighlightElement.run is PASSED&#xD;
&#xD;
2019-09-06 17:38:43 - [TEST_STEP][PASSED] - scrollToElement(findTestObject("Objects.VerifySummarySections/Page_ISPS2/div_Case Detail"), 0): Scroll to object 'Object Repository/Objects.VerifySummarySections/Page_ISPS2/div_Case Detail' successfully&#xD;
&#xD;
2019-09-06 17:38:43 - [MESSAGE][WARNING] - Timeout '0' is invalid. Using default page load timeout: '30'&#xD;
&#xD;
2019-09-06 17:38:43 - [MESSAGE][PASSED] - Scroll to object 'Object Repository/Objects.VerifySummarySections/Page_ISPS2/div_Case Detail' successfully&#xD;
&#xD;
2019-09-06 17:38:43 - [TEST_STEP][PASSED] - verifyElementVisible(findTestObject("Objects.VerifySummarySections/Page_ISPS2/div_Case Detail")): Object 'Object Repository/Objects.VerifySummarySections/Page_ISPS2/div_Case Detail' is visible&#xD;
&#xD;
2019-09-06 17:38:43 - [MESSAGE][PASSED] - Object 'Object Repository/Objects.VerifySummarySections/Page_ISPS2/div_Case Detail' is visible&#xD;
&#xD;
2019-09-06 17:38:43 - [TEST_STEP][PASSED] - com.reusableComponents.HighlightElement.run(findTestObject("Objects.VerifySummarySections/Page_ISPS2/div_Case Detail")): com.reusableComponents.HighlightElement.run is PASSED&#xD;
&#xD;
2019-09-06 17:38:43 - [MESSAGE][PASSED] - com.reusableComponents.HighlightElement.run is PASSED&#xD;
&#xD;
2019-09-06 17:38:43 - [TEST_STEP][PASSED] - scrollToElement(findTestObject("Objects.VerifySummarySections/Page_ISPS2/div_Main Form"), 0): Scroll to object 'Object Repository/Objects.VerifySummarySections/Page_ISPS2/div_Main Form' successfully&#xD;
&#xD;
2019-09-06 17:38:43 - [MESSAGE][WARNING] - Timeout '0' is invalid. Using default page load timeout: '30'&#xD;
&#xD;
2019-09-06 17:38:43 - [MESSAGE][PASSED] - Scroll to object 'Object Repository/Objects.VerifySummarySections/Page_ISPS2/div_Main Form' successfully&#xD;
&#xD;
2019-09-06 17:38:43 - [TEST_STEP][PASSED] - verifyElementVisible(findTestObject("Objects.VerifySummarySections/Page_ISPS2/div_Main Form")): Object 'Object Repository/Objects.VerifySummarySections/Page_ISPS2/div_Main Form' is visible&#xD;
&#xD;
2019-09-06 17:38:43 - [MESSAGE][PASSED] - Object 'Object Repository/Objects.VerifySummarySections/Page_ISPS2/div_Main Form' is visible&#xD;
&#xD;
2019-09-06 17:38:43 - [TEST_STEP][PASSED] - com.reusableComponents.HighlightElement.run(findTestObject("Objects.VerifySummarySections/Page_ISPS2/div_Main Form")): com.reusableComponents.HighlightElement.run is PASSED&#xD;
&#xD;
2019-09-06 17:38:44 - [MESSAGE][PASSED] - com.reusableComponents.HighlightElement.run is PASSED&#xD;
&#xD;
2019-09-06 17:38:44 - [TEST_STEP][FAILED] - scrollToElement(findTestObject("Objects.VerifySummarySections/Page_ISPS2/div_DETAILS OF TEMPORARY BUILDING"), 0): Unable to scroll to object 'Object Repository/Objects.VerifySummarySections/Page_ISPS2/div_DETAILS OF TEMPORARY BUILDING' (Root cause: com.kms.katalon.core.exception.StepFailedException: Unable to scroll to object 'Object Repository/Objects.VerifySummarySections/Page_ISPS2/div_DETAILS OF TEMPORARY BUILDING'&#xD;
	at com.kms.katalon.core.webui.keyword.internal.WebUIKeywordMain.stepFailed(WebUIKeywordMain.groovy:64)&#xD;
	at com.kms.katalon.core.webui.keyword.internal.WebUIKeywordMain.runKeyword(WebUIKeywordMain.groovy:26)&#xD;
	at com.kms.katalon.core.webui.keyword.builtin.ScrollToElementKeyword.scrollToElement(ScrollToElementKeyword.groovy:88)&#xD;
	at com.kms.katalon.core.webui.keyword.builtin.ScrollToElementKeyword.execute(ScrollToElementKeyword.groovy:68)&#xD;
	at com.kms.katalon.core.keyword.internal.KeywordExecutor.executeKeywordForPlatform(KeywordExecutor.groovy:56)&#xD;
	at com.kms.katalon.core.webui.keyword.WebUiBuiltInKeywords.scrollToElement(WebUiBuiltInKeywords.groovy:2975)&#xD;
	at com.kms.katalon.core.webui.keyword.WebUiBuiltInKeywords$scrollToElement$12.call(Unknown Source)&#xD;
	at VerifySummarySections.run(VerifySummarySections:43)&#xD;
	at com.kms.katalon.core.main.ScriptEngine.run(ScriptEngine.java:194)&#xD;
	at com.kms.katalon.core.main.ScriptEngine.runScriptAsRawText(ScriptEngine.java:119)&#xD;
	at com.kms.katalon.core.main.TestCaseExecutor.runScript(TestCaseExecutor.java:337)&#xD;
	at com.kms.katalon.core.main.TestCaseExecutor.doExecute(TestCaseExecutor.java:328)&#xD;
	at com.kms.katalon.core.main.TestCaseExecutor.processExecutionPhase(TestCaseExecutor.java:307)&#xD;
	at com.kms.katalon.core.main.TestCaseExecutor.accessMainPhase(TestCaseExecutor.java:299)&#xD;
	at com.kms.katalon.core.main.TestCaseExecutor.execute(TestCaseExecutor.java:233)&#xD;
	at com.kms.katalon.core.main.TestCaseMain.runTestCase(TestCaseMain.java:114)&#xD;
	at com.kms.katalon.core.keyword.builtin.CallTestCaseKeyword$_callTestCase_closure1.doCall(CallTestCaseKeyword.groovy:59)&#xD;
	at com.kms.katalon.core.keyword.builtin.CallTestCaseKeyword$_callTestCase_closure1.call(CallTestCaseKeyword.groovy)&#xD;
	at com.kms.katalon.core.keyword.internal.KeywordMain.runKeyword(KeywordMain.groovy:68)&#xD;
	at com.kms.katalon.core.keyword.builtin.CallTestCaseKeyword.callTestCase(CallTestCaseKeyword.groovy:81)&#xD;
	at com.kms.katalon.core.keyword.builtin.CallTestCaseKeyword.execute(CallTestCaseKeyword.groovy:44)&#xD;
	at com.kms.katalon.core.keyword.internal.KeywordExecutor.executeKeywordForPlatform(KeywordExecutor.groovy:56)&#xD;
	at com.kms.katalon.core.keyword.BuiltinKeywords.callTestCase(BuiltinKeywords.groovy:334)&#xD;
	at SmokeTesting.SummaryLHS.run(SmokeTesting.SummaryLHS:25)&#xD;
	at com.kms.katalon.core.main.ScriptEngine.run(ScriptEngine.java:194)&#xD;
	at com.kms.katalon.core.main.ScriptEngine.runScriptAsRawText(ScriptEngine.java:119)&#xD;
	at com.kms.katalon.core.main.TestCaseExecutor.runScript(TestCaseExecutor.java:337)&#xD;
	at com.kms.katalon.core.main.TestCaseExecutor.doExecute(TestCaseExecutor.java:328)&#xD;
	at com.kms.katalon.core.main.TestCaseExecutor.processExecutionPhase(TestCaseExecutor.java:307)&#xD;
	at com.kms.katalon.core.main.TestCaseExecutor.accessMainPhase(TestCaseExecutor.java:299)&#xD;
	at com.kms.katalon.core.main.TestCaseExecutor.execute(TestCaseExecutor.java:233)&#xD;
	at com.kms.katalon.core.main.TestSuiteExecutor.accessTestCaseMainPhase(TestSuiteExecutor.java:133)&#xD;
	at com.kms.katalon.core.main.TestSuiteExecutor.accessTestSuiteMainPhase(TestSuiteExecutor.java:116)&#xD;
	at com.kms.katalon.core.main.TestSuiteExecutor.execute(TestSuiteExecutor.java:83)&#xD;
	at com.kms.katalon.core.main.TestCaseMain.startTestSuite(TestCaseMain.java:157)&#xD;
	at com.kms.katalon.core.main.TestCaseMain$startTestSuite$0.call(Unknown Source)&#xD;
	at TempTestSuite1567762670011.run(TempTestSuite1567762670011.groovy:35)&#xD;
Caused by: com.kms.katalon.core.webui.exception.WebElementNotFoundException: Web element with id: 'Object Repository/Objects.VerifySummarySections/Page_ISPS2/div_DETAILS OF TEMPORARY BUILDING' located by 'By.xpath: //div[@class = 'x-component fornax-page-title2 x-ltr x-component-default' and (text() = 'DETAILS OF TEMPORARY BUILDING' or . = 'DETAILS OF TEMPORARY BUILDING')]' not found&#xD;
	at com.kms.katalon.core.webui.common.WebUiCommonHelper.findWebElement(WebUiCommonHelper.java:1097)&#xD;
	at com.kms.katalon.core.webui.keyword.internal.WebUIAbstractKeyword.findWebElement(WebUIAbstractKeyword.groovy:27)&#xD;
	at com.kms.katalon.core.webui.keyword.internal.WebUIAbstractKeyword.findWebElement(WebUIAbstractKeyword.groovy:26)&#xD;
	at com.kms.katalon.core.webui.keyword.builtin.ScrollToElementKeyword$_scrollToElement_closure1.doCall(ScrollToElementKeyword.groovy:79)&#xD;
	at com.kms.katalon.core.webui.keyword.builtin.ScrollToElementKeyword$_scrollToElement_closure1.call(ScrollToElementKeyword.groovy)&#xD;
	at com.kms.katalon.core.webui.keyword.internal.WebUIKeywordMain.runKeyword(WebUIKeywordMain.groovy:20)&#xD;
	at com.kms.katalon.core.webui.keyword.builtin.ScrollToElementKeyword.scrollToElement(ScrollToElementKeyword.groovy:88)&#xD;
	at com.kms.katalon.core.webui.keyword.builtin.ScrollToElementKeyword.execute(ScrollToElementKeyword.groovy:68)&#xD;
	at com.kms.katalon.core.keyword.internal.KeywordExecutor.executeKeywordForPlatform(KeywordExecutor.groovy:56)&#xD;
	at com.kms.katalon.core.webui.keyword.WebUiBuiltInKeywords.scrollToElement(WebUiBuiltInKeywords.groovy:2975)&#xD;
	at com.kms.katalon.core.webui.keyword.WebUiBuiltInKeywords$scrollToElement$12.call(Unknown Source)&#xD;
	at Script1564382795746.run(Script1564382795746.groovy:43)&#xD;
	at com.kms.katalon.core.main.ScriptEngine.run(ScriptEngine.java:194)&#xD;
	at com.kms.katalon.core.main.ScriptEngine.runScriptAsRawText(ScriptEngine.java:119)&#xD;
	at com.kms.katalon.core.main.TestCaseExecutor.runScript(TestCaseExecutor.java:337)&#xD;
	at com.kms.katalon.core.main.TestCaseExecutor.doExecute(TestCaseExecutor.java:328)&#xD;
	at com.kms.katalon.core.main.TestCaseExecutor.processExecutionPhase(TestCaseExecutor.java:307)&#xD;
	at com.kms.katalon.core.main.TestCaseExecutor.accessMainPhase(TestCaseExecutor.java:299)&#xD;
	at com.kms.katalon.core.main.TestCaseExecutor.execute(TestCaseExecutor.java:233)&#xD;
	at com.kms.katalon.core.main.TestCaseMain.runTestCase(TestCaseMain.java:114)&#xD;
	at com.kms.katalon.core.keyword.builtin.CallTestCaseKeyword$_callTestCase_closure1.doCall(CallTestCaseKeyword.groovy:59)&#xD;
	at com.kms.katalon.core.keyword.builtin.CallTestCaseKeyword$_callTestCase_closure1.call(CallTestCaseKeyword.groovy)&#xD;
	at com.kms.katalon.core.keyword.internal.KeywordMain.runKeyword(KeywordMain.groovy:68)&#xD;
	at com.kms.katalon.core.keyword.builtin.CallTestCaseKeyword.callTestCase(CallTestCaseKeyword.groovy:81)&#xD;
	at com.kms.katalon.core.keyword.builtin.CallTestCaseKeyword.execute(CallTestCaseKeyword.groovy:44)&#xD;
	at com.kms.katalon.core.keyword.internal.KeywordExecutor.executeKeywordForPlatform(KeywordExecutor.groovy:56)&#xD;
	at com.kms.katalon.core.keyword.BuiltinKeywords.callTestCase(BuiltinKeywords.groovy:334)&#xD;
	at Script1564364336833.run(Script1564364336833.groovy:25)&#xD;
	... 13 more&#xD;
)&#xD;
&#xD;
2019-09-06 17:38:44 - [MESSAGE][WARNING] - Timeout '0' is invalid. Using default page load timeout: '30'&#xD;
&#xD;
2019-09-06 17:39:14 - [MESSAGE][INFO] - Unable to find the element located by 'By.xpath: //div[@class = 'x-component fornax-page-title2 x-ltr x-component-default' and (text() = 'DETAILS OF TEMPORARY BUILDING' or . = 'DETAILS OF TEMPORARY BUILDING')]'. Please recheck the objects properties to make sure the desired element is located. &#xD;
&#xD;
2019-09-06 17:39:15 - [MESSAGE][FAILED] - Unable to scroll to object 'Object Repository/Objects.VerifySummarySections/Page_ISPS2/div_DETAILS OF TEMPORARY BUILDING' (Root cause: com.kms.katalon.core.exception.StepFailedException: Unable to scroll to object 'Object Repository/Objects.VerifySummarySections/Page_ISPS2/div_DETAILS OF TEMPORARY BUILDING'&#xD;
	at com.kms.katalon.core.webui.keyword.internal.WebUIKeywordMain.stepFailed(WebUIKeywordMain.groovy:64)&#xD;
	at com.kms.katalon.core.webui.keyword.internal.WebUIKeywordMain.runKeyword(WebUIKeywordMain.groovy:26)&#xD;
	at com.kms.katalon.core.webui.keyword.builtin.ScrollToElementKeyword.scrollToElement(ScrollToElementKeyword.groovy:88)&#xD;
	at com.kms.katalon.core.webui.keyword.builtin.ScrollToElementKeyword.execute(ScrollToElementKeyword.groovy:68)&#xD;
	at com.kms.katalon.core.keyword.internal.KeywordExecutor.executeKeywordForPlatform(KeywordExecutor.groovy:56)&#xD;
	at com.kms.katalon.core.webui.keyword.WebUiBuiltInKeywords.scrollToElement(WebUiBuiltInKeywords.groovy:2975)&#xD;
	at com.kms.katalon.core.webui.keyword.WebUiBuiltInKeywords$scrollToElement$12.call(Unknown Source)&#xD;
	at VerifySummarySections.run(VerifySummarySections:43)&#xD;
	at com.kms.katalon.core.main.ScriptEngine.run(ScriptEngine.java:194)&#xD;
	at com.kms.katalon.core.main.ScriptEngine.runScriptAsRawText(ScriptEngine.java:119)&#xD;
	at com.kms.katalon.core.main.TestCaseExecutor.runScript(TestCaseExecutor.java:337)&#xD;
	at com.kms.katalon.core.main.TestCaseExecutor.doExecute(TestCaseExecutor.java:328)&#xD;
	at com.kms.katalon.core.main.TestCaseExecutor.processExecutionPhase(TestCaseExecutor.java:307)&#xD;
	at com.kms.katalon.core.main.TestCaseExecutor.accessMainPhase(TestCaseExecutor.java:299)&#xD;
	at com.kms.katalon.core.main.TestCaseExecutor.execute(TestCaseExecutor.java:233)&#xD;
	at com.kms.katalon.core.main.TestCaseMain.runTestCase(TestCaseMain.java:114)&#xD;
	at com.kms.katalon.core.keyword.builtin.CallTestCaseKeyword$_callTestCase_closure1.doCall(CallTestCaseKeyword.groovy:59)&#xD;
	at com.kms.katalon.core.keyword.builtin.CallTestCaseKeyword$_callTestCase_closure1.call(CallTestCaseKeyword.groovy)&#xD;
	at com.kms.katalon.core.keyword.internal.KeywordMain.runKeyword(KeywordMain.groovy:68)&#xD;
	at com.kms.katalon.core.keyword.builtin.CallTestCaseKeyword.callTestCase(CallTestCaseKeyword.groovy:81)&#xD;
	at com.kms.katalon.core.keyword.builtin.CallTestCaseKeyword.execute(CallTestCaseKeyword.groovy:44)&#xD;
	at com.kms.katalon.core.keyword.internal.KeywordExecutor.executeKeywordForPlatform(KeywordExecutor.groovy:56)&#xD;
	at com.kms.katalon.core.keyword.BuiltinKeywords.callTestCase(BuiltinKeywords.groovy:334)&#xD;
	at SmokeTesting.SummaryLHS.run(SmokeTesting.SummaryLHS:25)&#xD;
	at com.kms.katalon.core.main.ScriptEngine.run(ScriptEngine.java:194)&#xD;
	at com.kms.katalon.core.main.ScriptEngine.runScriptAsRawText(ScriptEngine.java:119)&#xD;
	at com.kms.katalon.core.main.TestCaseExecutor.runScript(TestCaseExecutor.java:337)&#xD;
	at com.kms.katalon.core.main.TestCaseExecutor.doExecute(TestCaseExecutor.java:328)&#xD;
	at com.kms.katalon.core.main.TestCaseExecutor.processExecutionPhase(TestCaseExecutor.java:307)&#xD;
	at com.kms.katalon.core.main.TestCaseExecutor.accessMainPhase(TestCaseExecutor.java:299)&#xD;
	at com.kms.katalon.core.main.TestCaseExecutor.execute(TestCaseExecutor.java:233)&#xD;
	at com.kms.katalon.core.main.TestSuiteExecutor.accessTestCaseMainPhase(TestSuiteExecutor.java:133)&#xD;
	at com.kms.katalon.core.main.TestSuiteExecutor.accessTestSuiteMainPhase(TestSuiteExecutor.java:116)&#xD;
	at com.kms.katalon.core.main.TestSuiteExecutor.execute(TestSuiteExecutor.java:83)&#xD;
	at com.kms.katalon.core.main.TestCaseMain.startTestSuite(TestCaseMain.java:157)&#xD;
	at com.kms.katalon.core.main.TestCaseMain$startTestSuite$0.call(Unknown Source)&#xD;
	at TempTestSuite1567762670011.run(TempTestSuite1567762670011.groovy:35)&#xD;
Caused by: com.kms.katalon.core.webui.exception.WebElementNotFoundException: Web element with id: 'Object Repository/Objects.VerifySummarySections/Page_ISPS2/div_DETAILS OF TEMPORARY BUILDING' located by 'By.xpath: //div[@class = 'x-component fornax-page-title2 x-ltr x-component-default' and (text() = 'DETAILS OF TEMPORARY BUILDING' or . = 'DETAILS OF TEMPORARY BUILDING')]' not found&#xD;
	at com.kms.katalon.core.webui.common.WebUiCommonHelper.findWebElement(WebUiCommonHelper.java:1097)&#xD;
	at com.kms.katalon.core.webui.keyword.internal.WebUIAbstractKeyword.findWebElement(WebUIAbstractKeyword.groovy:27)&#xD;
	at com.kms.katalon.core.webui.keyword.internal.WebUIAbstractKeyword.findWebElement(WebUIAbstractKeyword.groovy:26)&#xD;
	at com.kms.katalon.core.webui.keyword.builtin.ScrollToElementKeyword$_scrollToElement_closure1.doCall(ScrollToElementKeyword.groovy:79)&#xD;
	at com.kms.katalon.core.webui.keyword.builtin.ScrollToElementKeyword$_scrollToElement_closure1.call(ScrollToElementKeyword.groovy)&#xD;
	at com.kms.katalon.core.webui.keyword.internal.WebUIKeywordMain.runKeyword(WebUIKeywordMain.groovy:20)&#xD;
	at com.kms.katalon.core.webui.keyword.builtin.ScrollToElementKeyword.scrollToElement(ScrollToElementKeyword.groovy:88)&#xD;
	at com.kms.katalon.core.webui.keyword.builtin.ScrollToElementKeyword.execute(ScrollToElementKeyword.groovy:68)&#xD;
	at com.kms.katalon.core.keyword.internal.KeywordExecutor.executeKeywordForPlatform(KeywordExecutor.groovy:56)&#xD;
	at com.kms.katalon.core.webui.keyword.WebUiBuiltInKeywords.scrollToElement(WebUiBuiltInKeywords.groovy:2975)&#xD;
	at com.kms.katalon.core.webui.keyword.WebUiBuiltInKeywords$scrollToElement$12.call(Unknown Source)&#xD;
	at Script1564382795746.run(Script1564382795746.groovy:43)&#xD;
	at com.kms.katalon.core.main.ScriptEngine.run(ScriptEngine.java:194)&#xD;
	at com.kms.katalon.core.main.ScriptEngine.runScriptAsRawText(ScriptEngine.java:119)&#xD;
	at com.kms.katalon.core.main.TestCaseExecutor.runScript(TestCaseExecutor.java:337)&#xD;
	at com.kms.katalon.core.main.TestCaseExecutor.doExecute(TestCaseExecutor.java:328)&#xD;
	at com.kms.katalon.core.main.TestCaseExecutor.processExecutionPhase(TestCaseExecutor.java:307)&#xD;
	at com.kms.katalon.core.main.TestCaseExecutor.accessMainPhase(TestCaseExecutor.java:299)&#xD;
	at com.kms.katalon.core.main.TestCaseExecutor.execute(TestCaseExecutor.java:233)&#xD;
	at com.kms.katalon.core.main.TestCaseMain.runTestCase(TestCaseMain.java:114)&#xD;
	at com.kms.katalon.core.keyword.builtin.CallTestCaseKeyword$_callTestCase_closure1.doCall(CallTestCaseKeyword.groovy:59)&#xD;
	at com.kms.katalon.core.keyword.builtin.CallTestCaseKeyword$_callTestCase_closure1.call(CallTestCaseKeyword.groovy)&#xD;
	at com.kms.katalon.core.keyword.internal.KeywordMain.runKeyword(KeywordMain.groovy:68)&#xD;
	at com.kms.katalon.core.keyword.builtin.CallTestCaseKeyword.callTestCase(CallTestCaseKeyword.groovy:81)&#xD;
	at com.kms.katalon.core.keyword.builtin.CallTestCaseKeyword.execute(CallTestCaseKeyword.groovy:44)&#xD;
	at com.kms.katalon.core.keyword.internal.KeywordExecutor.executeKeywordForPlatform(KeywordExecutor.groovy:56)&#xD;
	at com.kms.katalon.core.keyword.BuiltinKeywords.callTestCase(BuiltinKeywords.groovy:334)&#xD;
	at Script1564364336833.run(Script1564364336833.groovy:25)&#xD;
	... 13 more&#xD;
)&#xD;
[[ATTACHMENT|C:\\Automation\\ISPS2 Automation\\Reports\\Smoke Testing Automated Regression Suite (STARS)\\20190906_173749\\1567762754987.png]]&#xD;
&#xD;
2019-09-06 17:39:15 - [MESSAGE][FAILED] - Unable to call Test Case 'Test Cases/Components/VerifySummarySections' (Root cause: com.kms.katalon.core.exception.StepFailedException: Call Test Case 'Test Cases/Components/VerifySummarySections' failed&#xD;
	at com.kms.katalon.core.keyword.builtin.CallTestCaseKeyword$_callTestCase_closure1.doCall(CallTestCaseKeyword.groovy:63)&#xD;
	at com.kms.katalon.core.keyword.builtin.CallTestCaseKeyword$_callTestCase_closure1.call(CallTestCaseKeyword.groovy)&#xD;
	at com.kms.katalon.core.keyword.internal.KeywordMain.runKeyword(KeywordMain.groovy:68)&#xD;
	at com.kms.katalon.core.keyword.builtin.CallTestCaseKeyword.callTestCase(CallTestCaseKeyword.groovy:81)&#xD;
	at com.kms.katalon.core.keyword.builtin.CallTestCaseKeyword.execute(CallTestCaseKeyword.groovy:44)&#xD;
	at com.kms.katalon.core.keyword.internal.KeywordExecutor.executeKeywordForPlatform(KeywordExecutor.groovy:56)&#xD;
	at com.kms.katalon.core.keyword.BuiltinKeywords.callTestCase(BuiltinKeywords.groovy:334)&#xD;
	at SmokeTesting.SummaryLHS.run(SmokeTesting.SummaryLHS:25)&#xD;
	at com.kms.katalon.core.main.ScriptEngine.run(ScriptEngine.java:194)&#xD;
	at com.kms.katalon.core.main.ScriptEngine.runScriptAsRawText(ScriptEngine.java:119)&#xD;
	at com.kms.katalon.core.main.TestCaseExecutor.runScript(TestCaseExecutor.java:337)&#xD;
	at com.kms.katalon.core.main.TestCaseExecutor.doExecute(TestCaseExecutor.java:328)&#xD;
	at com.kms.katalon.core.main.TestCaseExecutor.processExecutionPhase(TestCaseExecutor.java:307)&#xD;
	at com.kms.katalon.core.main.TestCaseExecutor.accessMainPhase(TestCaseExecutor.java:299)&#xD;
	at com.kms.katalon.core.main.TestCaseExecutor.execute(TestCaseExecutor.java:233)&#xD;
	at com.kms.katalon.core.main.TestSuiteExecutor.accessTestCaseMainPhase(TestSuiteExecutor.java:133)&#xD;
	at com.kms.katalon.core.main.TestSuiteExecutor.accessTestSuiteMainPhase(TestSuiteExecutor.java:116)&#xD;
	at com.kms.katalon.core.main.TestSuiteExecutor.execute(TestSuiteExecutor.java:83)&#xD;
	at com.kms.katalon.core.main.TestCaseMain.startTestSuite(TestCaseMain.java:157)&#xD;
	at com.kms.katalon.core.main.TestCaseMain$startTestSuite$0.call(Unknown Source)&#xD;
	at TempTestSuite1567762670011.run(TempTestSuite1567762670011.groovy:35)&#xD;
Caused by: com.kms.katalon.core.exception.StepFailedException: Unable to scroll to object 'Object Repository/Objects.VerifySummarySections/Page_ISPS2/div_DETAILS OF TEMPORARY BUILDING'&#xD;
	at com.kms.katalon.core.webui.keyword.internal.WebUIKeywordMain.stepFailed(WebUIKeywordMain.groovy:64)&#xD;
	at com.kms.katalon.core.webui.keyword.internal.WebUIKeywordMain.runKeyword(WebUIKeywordMain.groovy:26)&#xD;
	at com.kms.katalon.core.webui.keyword.builtin.ScrollToElementKeyword.scrollToElement(ScrollToElementKeyword.groovy:88)&#xD;
	at com.kms.katalon.core.webui.keyword.builtin.ScrollToElementKeyword.execute(ScrollToElementKeyword.groovy:68)&#xD;
	at com.kms.katalon.core.keyword.internal.KeywordExecutor.executeKeywordForPlatform(KeywordExecutor.groovy:56)&#xD;
	at com.kms.katalon.core.webui.keyword.WebUiBuiltInKeywords.scrollToElement(WebUiBuiltInKeywords.groovy:2975)&#xD;
	at com.kms.katalon.core.webui.keyword.WebUiBuiltInKeywords$scrollToElement$12.call(Unknown Source)&#xD;
	at VerifySummarySections.run(VerifySummarySections:43)&#xD;
	at com.kms.katalon.core.main.ScriptEngine.run(ScriptEngine.java:194)&#xD;
	at com.kms.katalon.core.main.ScriptEngine.runScriptAsRawText(ScriptEngine.java:119)&#xD;
	at com.kms.katalon.core.main.TestCaseExecutor.runScript(TestCaseExecutor.java:337)&#xD;
	at com.kms.katalon.core.main.TestCaseExecutor.doExecute(TestCaseExecutor.java:328)&#xD;
	at com.kms.katalon.core.main.TestCaseExecutor.processExecutionPhase(TestCaseExecutor.java:307)&#xD;
	at com.kms.katalon.core.main.TestCaseExecutor.accessMainPhase(TestCaseExecutor.java:299)&#xD;
	at com.kms.katalon.core.main.TestCaseExecutor.execute(TestCaseExecutor.java:233)&#xD;
	at com.kms.katalon.core.main.TestCaseMain.runTestCase(TestCaseMain.java:114)&#xD;
	at com.kms.katalon.core.keyword.builtin.CallTestCaseKeyword$_callTestCase_closure1.doCall(CallTestCaseKeyword.groovy:59)&#xD;
	... 20 more&#xD;
Caused by: com.kms.katalon.core.webui.exception.WebElementNotFoundException: Web element with id: 'Object Repository/Objects.VerifySummarySections/Page_ISPS2/div_DETAILS OF TEMPORARY BUILDING' located by 'By.xpath: //div[@class = 'x-component fornax-page-title2 x-ltr x-component-default' and (text() = 'DETAILS OF TEMPORARY BUILDING' or . = 'DETAILS OF TEMPORARY BUILDING')]' not found&#xD;
	at com.kms.katalon.core.webui.common.WebUiCommonHelper.findWebElement(WebUiCommonHelper.java:1097)&#xD;
	at com.kms.katalon.core.webui.keyword.internal.WebUIAbstractKeyword.findWebElement(WebUIAbstractKeyword.groovy:27)&#xD;
	at com.kms.katalon.core.webui.keyword.internal.WebUIAbstractKeyword.findWebElement(WebUIAbstractKeyword.groovy:26)&#xD;
	at com.kms.katalon.core.webui.keyword.builtin.ScrollToElementKeyword$_scrollToElement_closure1.doCall(ScrollToElementKeyword.groovy:79)&#xD;
	at com.kms.katalon.core.webui.keyword.builtin.ScrollToElementKeyword$_scrollToElement_closure1.call(ScrollToElementKeyword.groovy)&#xD;
	at com.kms.katalon.core.webui.keyword.internal.WebUIKeywordMain.runKeyword(WebUIKeywordMain.groovy:20)&#xD;
	... 35 more&#xD;
)</system-out>
            <system-err>2019-09-06 17:37:51 - [TEST_CASE][FAILED] - Test Cases/Smoke/TBP/SmokeTesting.SummaryLHS: Test Cases/Smoke/TBP/SmokeTesting.SummaryLHS FAILED.
Reason:
com.kms.katalon.core.exception.StepFailedException: Call Test Case 'Test Cases/Components/VerifySummarySections' failed&#xD;
	at com.kms.katalon.core.keyword.builtin.CallTestCaseKeyword$_callTestCase_closure1.doCall(CallTestCaseKeyword.groovy:63)&#xD;
	at com.kms.katalon.core.keyword.builtin.CallTestCaseKeyword$_callTestCase_closure1.call(CallTestCaseKeyword.groovy)&#xD;
	at com.kms.katalon.core.keyword.internal.KeywordMain.runKeyword(KeywordMain.groovy:68)&#xD;
	at com.kms.katalon.core.keyword.builtin.CallTestCaseKeyword.callTestCase(CallTestCaseKeyword.groovy:81)&#xD;
	at com.kms.katalon.core.keyword.builtin.CallTestCaseKeyword.execute(CallTestCaseKeyword.groovy:44)&#xD;
	at com.kms.katalon.core.keyword.internal.KeywordExecutor.executeKeywordForPlatform(KeywordExecutor.groovy:56)&#xD;
	at com.kms.katalon.core.keyword.BuiltinKeywords.callTestCase(BuiltinKeywords.groovy:334)&#xD;
	at SmokeTesting.SummaryLHS.run(SmokeTesting.SummaryLHS:25)&#xD;
	at com.kms.katalon.core.main.ScriptEngine.run(ScriptEngine.java:194)&#xD;
	at com.kms.katalon.core.main.ScriptEngine.runScriptAsRawText(ScriptEngine.java:119)&#xD;
	at com.kms.katalon.core.main.TestCaseExecutor.runScript(TestCaseExecutor.java:337)&#xD;
	at com.kms.katalon.core.main.TestCaseExecutor.doExecute(TestCaseExecutor.java:328)&#xD;
	at com.kms.katalon.core.main.TestCaseExecutor.processExecutionPhase(TestCaseExecutor.java:307)&#xD;
	at com.kms.katalon.core.main.TestCaseExecutor.accessMainPhase(TestCaseExecutor.java:299)&#xD;
	at com.kms.katalon.core.main.TestCaseExecutor.execute(TestCaseExecutor.java:233)&#xD;
	at com.kms.katalon.core.main.TestSuiteExecutor.accessTestCaseMainPhase(TestSuiteExecutor.java:133)&#xD;
	at com.kms.katalon.core.main.TestSuiteExecutor.accessTestSuiteMainPhase(TestSuiteExecutor.java:116)&#xD;
	at com.kms.katalon.core.main.TestSuiteExecutor.execute(TestSuiteExecutor.java:83)&#xD;
	at com.kms.katalon.core.main.TestCaseMain.startTestSuite(TestCaseMain.java:157)&#xD;
	at com.kms.katalon.core.main.TestCaseMain$startTestSuite$0.call(Unknown Source)&#xD;
	at TempTestSuite1567762670011.run(TempTestSuite1567762670011.groovy:35)&#xD;
Caused by: com.kms.katalon.core.exception.StepFailedException: Unable to scroll to object 'Object Repository/Objects.VerifySummarySections/Page_ISPS2/div_DETAILS OF TEMPORARY BUILDING'&#xD;
	at com.kms.katalon.core.webui.keyword.internal.WebUIKeywordMain.stepFailed(WebUIKeywordMain.groovy:64)&#xD;
	at com.kms.katalon.core.webui.keyword.internal.WebUIKeywordMain.runKeyword(WebUIKeywordMain.groovy:26)&#xD;
	at com.kms.katalon.core.webui.keyword.builtin.ScrollToElementKeyword.scrollToElement(ScrollToElementKeyword.groovy:88)&#xD;
	at com.kms.katalon.core.webui.keyword.builtin.ScrollToElementKeyword.execute(ScrollToElementKeyword.groovy:68)&#xD;
	at com.kms.katalon.core.keyword.internal.KeywordExecutor.executeKeywordForPlatform(KeywordExecutor.groovy:56)&#xD;
	at com.kms.katalon.core.webui.keyword.WebUiBuiltInKeywords.scrollToElement(WebUiBuiltInKeywords.groovy:2975)&#xD;
	at com.kms.katalon.core.webui.keyword.WebUiBuiltInKeywords$scrollToElement$12.call(Unknown Source)&#xD;
	at VerifySummarySections.run(VerifySummarySections:43)&#xD;
	at com.kms.katalon.core.main.ScriptEngine.run(ScriptEngine.java:194)&#xD;
	at com.kms.katalon.core.main.ScriptEngine.runScriptAsRawText(ScriptEngine.java:119)&#xD;
	at com.kms.katalon.core.main.TestCaseExecutor.runScript(TestCaseExecutor.java:337)&#xD;
	at com.kms.katalon.core.main.TestCaseExecutor.doExecute(TestCaseExecutor.java:328)&#xD;
	at com.kms.katalon.core.main.TestCaseExecutor.processExecutionPhase(TestCaseExecutor.java:307)&#xD;
	at com.kms.katalon.core.main.TestCaseExecutor.accessMainPhase(TestCaseExecutor.java:299)&#xD;
	at com.kms.katalon.core.main.TestCaseExecutor.execute(TestCaseExecutor.java:233)&#xD;
	at com.kms.katalon.core.main.TestCaseMain.runTestCase(TestCaseMain.java:114)&#xD;
	at com.kms.katalon.core.keyword.builtin.CallTestCaseKeyword$_callTestCase_closure1.doCall(CallTestCaseKeyword.groovy:59)&#xD;
	... 20 more&#xD;
Caused by: com.kms.katalon.core.webui.exception.WebElementNotFoundException: Web element with id: 'Object Repository/Objects.VerifySummarySections/Page_ISPS2/div_DETAILS OF TEMPORARY BUILDING' located by 'By.xpath: //div[@class = 'x-component fornax-page-title2 x-ltr x-component-default' and (text() = 'DETAILS OF TEMPORARY BUILDING' or . = 'DETAILS OF TEMPORARY BUILDING')]' not found&#xD;
	at com.kms.katalon.core.webui.common.WebUiCommonHelper.findWebElement(WebUiCommonHelper.java:1097)&#xD;
	at com.kms.katalon.core.webui.keyword.internal.WebUIAbstractKeyword.findWebElement(WebUIAbstractKeyword.groovy:27)&#xD;
	at com.kms.katalon.core.webui.keyword.internal.WebUIAbstractKeyword.findWebElement(WebUIAbstractKeyword.groovy:26)&#xD;
	at com.kms.katalon.core.webui.keyword.builtin.ScrollToElementKeyword$_scrollToElement_closure1.doCall(ScrollToElementKeyword.groovy:79)&#xD;
	at com.kms.katalon.core.webui.keyword.builtin.ScrollToElementKeyword$_scrollToElement_closure1.call(ScrollToElementKeyword.groovy)&#xD;
	at com.kms.katalon.core.webui.keyword.internal.WebUIKeywordMain.runKeyword(WebUIKeywordMain.groovy:20)&#xD;
	... 35 more</system-err>
        </testcase>
        <testcase name="Test Cases/Smoke/TBP/SmokeTesting.LibMgmtLHS" classname="Test Cases/Smoke/TBP/SmokeTesting.LibMgmtLHS" status="PASSED">
            <system-out>2019-09-06 17:39:15 - [TEST_CASE][PASSED] - Test Cases/Smoke/TBP/SmokeTesting.LibMgmtLHS: Test Cases/Smoke/TBP/SmokeTesting.LibMgmtLHS&#xD;
&#xD;
2019-09-06 17:39:15 - [TEST_STEP][PASSED] - callTestCase(findTestCase("Components/Login"), ["Username":findTestData("Datatable").getValue("Username", 1), "Password":findTestData("Datatable").getValue("Password", 1)], STOP_ON_FAILURE): Call Test Case 'Test Cases/Components/Login' successfully&#xD;
&#xD;
2019-09-06 17:39:15 - [TEST_CASE][PASSED] - Test Cases/Components/Login: Test Cases/Components/Login&#xD;
&#xD;
2019-09-06 17:39:15 - [TEST_STEP][PASSED] - openBrowser(findTestData("Datatable").getValue("URL", 1)): Browser is opened with url: 'http://java03:3012/isps2-prod-verify/authnz/login.do'&#xD;
&#xD;
2019-09-06 17:39:15 - [MESSAGE][WARNING] - A browser is already opened. Closing browser and opening a new one&#xD;
&#xD;
2019-09-06 17:39:16 - [MESSAGE][INFO] - Starting 'Chrome' driver&#xD;
&#xD;
2019-09-06 17:39:20 - [MESSAGE][PASSED] - Browser is opened with url: 'http://java03:3012/isps2-prod-verify/authnz/login.do'&#xD;
&#xD;
2019-09-06 17:39:20 - [TEST_STEP][PASSED] - maximizeWindow(): Current window maximized&#xD;
&#xD;
2019-09-06 17:39:21 - [MESSAGE][PASSED] - Current window maximized&#xD;
&#xD;
2019-09-06 17:39:21 - [TEST_STEP][PASSED] - verifyTextPresent("Sign in to ISPS2-PROD-Verify", false): Text 'Sign in to ISPS2-PROD-Verify' is present on page &#xD;
&#xD;
2019-09-06 17:39:22 - [MESSAGE][PASSED] - Text 'Sign in to ISPS2-PROD-Verify' is present on page &#xD;
&#xD;
2019-09-06 17:39:22 - [TEST_STEP][NOT_RUN] - com.reusableComponents.HighlightElement.run(findTestObject("Objects.Login/Login Page/div_Sign in to ISPS2-PROD-Verify")): NOT_RUN: com.reusableComponents.HighlightElement.run(findTestObject("Objects.Login/Login Page/div_Sign in to ISPS2-PROD-Verify"))&#xD;
&#xD;
2019-09-06 17:39:22 - [MESSAGE][NOT_RUN] - NOT_RUN: com.reusableComponents.HighlightElement.run(findTestObject("Objects.Login/Login Page/div_Sign in to ISPS2-PROD-Verify"))&#xD;
&#xD;
2019-09-06 17:39:22 - [TEST_STEP][NOT_RUN] - com.reusableComponents.HighlightElement.run(findTestObject("Objects.Login/Login Page/input_Sign in to ISPS2-PROD-Verify_username")): NOT_RUN: com.reusableComponents.HighlightElement.run(findTestObject("Objects.Login/Login Page/input_Sign in to ISPS2-PROD-Verify_username"))&#xD;
&#xD;
2019-09-06 17:39:22 - [MESSAGE][NOT_RUN] - NOT_RUN: com.reusableComponents.HighlightElement.run(findTestObject("Objects.Login/Login Page/input_Sign in to ISPS2-PROD-Verify_username"))&#xD;
&#xD;
2019-09-06 17:39:22 - [TEST_STEP][PASSED] - setText(findTestObject("Objects.Login/Login Page/input_Sign in to ISPS2-PROD-Verify_username"), Username): Text 'sysadmin' is set on object 'Object Repository/Objects.Login/Login Page/input_Sign in to ISPS2-PROD-Verify_username'&#xD;
&#xD;
2019-09-06 17:39:22 - [MESSAGE][PASSED] - Text 'sysadmin' is set on object 'Object Repository/Objects.Login/Login Page/input_Sign in to ISPS2-PROD-Verify_username'&#xD;
&#xD;
2019-09-06 17:39:22 - [TEST_STEP][NOT_RUN] - com.reusableComponents.HighlightElement.run(findTestObject("Objects.Login/Login Page/input_This field is required_password")): NOT_RUN: com.reusableComponents.HighlightElement.run(findTestObject("Objects.Login/Login Page/input_This field is required_password"))&#xD;
&#xD;
2019-09-06 17:39:22 - [MESSAGE][NOT_RUN] - NOT_RUN: com.reusableComponents.HighlightElement.run(findTestObject("Objects.Login/Login Page/input_This field is required_password"))&#xD;
&#xD;
2019-09-06 17:39:22 - [TEST_STEP][PASSED] - setEncryptedText(findTestObject("Objects.Login/Login Page/input_This field is required_password"), Password): Text ****** has been set on object 'Object Repository/Objects.Login/Login Page/input_This field is required_password'&#xD;
&#xD;
2019-09-06 17:39:22 - [MESSAGE][PASSED] - Text ****** has been set on object 'Object Repository/Objects.Login/Login Page/input_This field is required_password'&#xD;
&#xD;
2019-09-06 17:39:22 - [TEST_STEP][NOT_RUN] - com.reusableComponents.HighlightElement.run(findTestObject("Objects.Login/Login Page/div_Sign in to ISPS2-PROD-Verify_NovaGoButton-1021")): NOT_RUN: com.reusableComponents.HighlightElement.run(findTestObject("Objects.Login/Login Page/div_Sign in to ISPS2-PROD-Verify_NovaGoButton-1021"))&#xD;
&#xD;
2019-09-06 17:39:22 - [MESSAGE][NOT_RUN] - NOT_RUN: com.reusableComponents.HighlightElement.run(findTestObject("Objects.Login/Login Page/div_Sign in to ISPS2-PROD-Verify_NovaGoButton-1021"))&#xD;
&#xD;
2019-09-06 17:39:22 - [TEST_STEP][PASSED] - click(findTestObject("Objects.Login/Login Page/div_Sign in to ISPS2-PROD-Verify_NovaGoButton-1021"), OPTIONAL): Object: 'Object Repository/Objects.Login/Login Page/div_Sign in to ISPS2-PROD-Verify_NovaGoButton-1021' is clicked on&#xD;
&#xD;
2019-09-06 17:39:22 - [MESSAGE][PASSED] - Object: 'Object Repository/Objects.Login/Login Page/div_Sign in to ISPS2-PROD-Verify_NovaGoButton-1021' is clicked on&#xD;
&#xD;
2019-09-06 17:39:22 - [TEST_STEP][NOT_RUN] - sendKeys(findTestObject("Objects.Login/Login Page/input_This field is required_password"), Keys.chord(ENTER), OPTIONAL): NOT_RUN: sendKeys(findTestObject("Objects.Login/Login Page/input_This field is required_password"), Keys.chord(ENTER), OPTIONAL)&#xD;
&#xD;
2019-09-06 17:39:22 - [MESSAGE][NOT_RUN] - NOT_RUN: sendKeys(findTestObject("Objects.Login/Login Page/input_This field is required_password"), Keys.chord(ENTER), OPTIONAL)&#xD;
&#xD;
2019-09-06 17:39:22 - [TEST_STEP][PASSED] - waitForPageLoad(30): Wait for page load successfully&#xD;
&#xD;
2019-09-06 17:39:22 - [MESSAGE][PASSED] - Wait for page load successfully&#xD;
&#xD;
2019-09-06 17:39:22 - [TEST_STEP][NOT_RUN] - verifyElementVisible(findTestObject("Objects.Login/Dashboard/a_ISPS2-PROD-Verify"), OPTIONAL): NOT_RUN: verifyElementVisible(findTestObject("Objects.Login/Dashboard/a_ISPS2-PROD-Verify"), OPTIONAL)&#xD;
&#xD;
2019-09-06 17:39:22 - [MESSAGE][NOT_RUN] - NOT_RUN: verifyElementVisible(findTestObject("Objects.Login/Dashboard/a_ISPS2-PROD-Verify"), OPTIONAL)&#xD;
&#xD;
2019-09-06 17:39:22 - [MESSAGE][PASSED] - Call Test Case 'Test Cases/Components/Login' successfully&#xD;
&#xD;
2019-09-06 17:39:22 - [TEST_STEP][PASSED] - callTestCase(findTestCase("Components/NavigateToDashboard"), [:], STOP_ON_FAILURE): Call Test Case 'Test Cases/Components/NavigateToDashboard' successfully&#xD;
&#xD;
2019-09-06 17:39:22 - [TEST_CASE][PASSED] - Test Cases/Components/NavigateToDashboard: Test Cases/Components/NavigateToDashboard&#xD;
&#xD;
2019-09-06 17:39:22 - [TEST_STEP][PASSED] - click(findTestObject("Objects.NavigateToDashboard/a_ISPS2-PROD-Verify")): Object: 'Object Repository/Objects.NavigateToDashboard/a_ISPS2-PROD-Verify' is clicked on&#xD;
&#xD;
2019-09-06 17:39:27 - [MESSAGE][PASSED] - Object: 'Object Repository/Objects.NavigateToDashboard/a_ISPS2-PROD-Verify' is clicked on&#xD;
&#xD;
2019-09-06 17:39:27 - [TEST_STEP][PASSED] - waitForPageLoad(30): Wait for page load successfully&#xD;
&#xD;
2019-09-06 17:39:27 - [MESSAGE][PASSED] - Wait for page load successfully&#xD;
&#xD;
2019-09-06 17:39:27 - [TEST_STEP][PASSED] - Thread.sleep(3000): null&#xD;
&#xD;
2019-09-06 17:39:30 - [TEST_STEP][PASSED] - verifyTextPresent("Loading search result. Please wait...", false, OPTIONAL): Text 'Loading search result. Please wait...' is present on page &#xD;
&#xD;
2019-09-06 17:39:30 - [MESSAGE][PASSED] - Text 'Loading search result. Please wait...' is present on page &#xD;
&#xD;
2019-09-06 17:39:30 - [TEST_STEP][PASSED] - waitForElementNotPresent(findTestObject("Objects.NavigateToDashboard/div_Loading search result Please wait"), 120): Web element with id: 'Object Repository/Objects.NavigateToDashboard/div_Loading search result Please wait' located by 'By.xpath: //div[@class = 'x-mask-msg-text' and (text() = 'Loading search result. Please wait...' or . = 'Loading search result. Please wait...')]' is not present after '120' second(s)&#xD;
&#xD;
2019-09-06 17:39:31 - [MESSAGE][PASSED] - Web element with id: 'Object Repository/Objects.NavigateToDashboard/div_Loading search result Please wait' located by 'By.xpath: //div[@class = 'x-mask-msg-text' and (text() = 'Loading search result. Please wait...' or . = 'Loading search result. Please wait...')]' is not present after '120' second(s)&#xD;
&#xD;
2019-09-06 17:39:31 - [TEST_STEP][PASSED] - Thread.sleep(3000): null&#xD;
&#xD;
2019-09-06 17:39:34 - [MESSAGE][PASSED] - Call Test Case 'Test Cases/Components/NavigateToDashboard' successfully&#xD;
&#xD;
2019-09-06 17:39:34 - [TEST_STEP][PASSED] - callTestCase(findTestCase("Components/SearchTask"), [:], STOP_ON_FAILURE): Call Test Case 'Test Cases/Components/SearchTask' successfully&#xD;
&#xD;
2019-09-06 17:39:34 - [TEST_CASE][PASSED] - Test Cases/Components/SearchTask: Test Cases/Components/SearchTask&#xD;
&#xD;
2019-09-06 17:39:34 - [TEST_STEP][PASSED] - Thread.sleep(3000): null&#xD;
&#xD;
2019-09-06 17:39:37 - [TEST_STEP][PASSED] - verifyElementPresent(findTestObject("Objects.SearchTask/Page_ISPS2/a_"), 0): Object 'Object Repository/Objects.SearchTask/Page_ISPS2/a_' is present&#xD;
&#xD;
2019-09-06 17:39:37 - [MESSAGE][WARNING] - Timeout '0' is invalid. Using default page load timeout: '30'&#xD;
&#xD;
2019-09-06 17:39:37 - [MESSAGE][PASSED] - Object 'Object Repository/Objects.SearchTask/Page_ISPS2/a_' is present&#xD;
&#xD;
2019-09-06 17:39:37 - [TEST_STEP][PASSED] - click(findTestObject("Objects.SearchTask/Page_ISPS2/a_")): Object: 'Object Repository/Objects.SearchTask/Page_ISPS2/a_' is clicked on&#xD;
&#xD;
2019-09-06 17:39:37 - [MESSAGE][PASSED] - Object: 'Object Repository/Objects.SearchTask/Page_ISPS2/a_' is clicked on&#xD;
&#xD;
2019-09-06 17:39:37 - [TEST_STEP][PASSED] - verifyElementVisible(findTestObject("Objects.SearchTask/Page_ISPS2/div_Saved Filter")): Object 'Object Repository/Objects.SearchTask/Page_ISPS2/div_Saved Filter' is visible&#xD;
&#xD;
2019-09-06 17:39:37 - [MESSAGE][PASSED] - Object 'Object Repository/Objects.SearchTask/Page_ISPS2/div_Saved Filter' is visible&#xD;
&#xD;
2019-09-06 17:39:37 - [TEST_STEP][PASSED] - Thread.sleep(3000): null&#xD;
&#xD;
2019-09-06 17:39:40 - [TEST_STEP][PASSED] - click(findTestObject("Objects.SearchTask/Page_ISPS2/span_Reset")): Object: 'Object Repository/Objects.SearchTask/Page_ISPS2/span_Reset' is clicked on&#xD;
&#xD;
2019-09-06 17:39:40 - [MESSAGE][PASSED] - Object: 'Object Repository/Objects.SearchTask/Page_ISPS2/span_Reset' is clicked on&#xD;
&#xD;
2019-09-06 17:39:40 - [TEST_STEP][PASSED] - com.reusableComponents.HighlightElement.run(findTestObject("Objects.SearchTask/Page_ISPS2/input_Task Description_searchCriteriaPojotaskDescription")): com.reusableComponents.HighlightElement.run is PASSED&#xD;
&#xD;
2019-09-06 17:39:41 - [MESSAGE][PASSED] - com.reusableComponents.HighlightElement.run is PASSED&#xD;
&#xD;
2019-09-06 17:39:41 - [TEST_STEP][PASSED] - setText(findTestObject("Objects.SearchTask/Page_ISPS2/input_Task Description_searchCriteriaPojotaskDescription"), "Process Temporary Building Permit"): Text 'Process Temporary Building Permit' is set on object 'Object Repository/Objects.SearchTask/Page_ISPS2/input_Task Description_searchCriteriaPojotaskDescription'&#xD;
&#xD;
2019-09-06 17:39:41 - [MESSAGE][PASSED] - Text 'Process Temporary Building Permit' is set on object 'Object Repository/Objects.SearchTask/Page_ISPS2/input_Task Description_searchCriteriaPojotaskDescription'&#xD;
&#xD;
2019-09-06 17:39:41 - [TEST_STEP][PASSED] - Thread.sleep(1000): null&#xD;
&#xD;
2019-09-06 17:39:42 - [TEST_STEP][PASSED] - click(findTestObject("Objects.SearchTask/Page_ISPS2/div_Process Temporary Building Permit")): Object: 'Object Repository/Objects.SearchTask/Page_ISPS2/div_Process Temporary Building Permit' is clicked on&#xD;
&#xD;
2019-09-06 17:39:42 - [MESSAGE][PASSED] - Object: 'Object Repository/Objects.SearchTask/Page_ISPS2/div_Process Temporary Building Permit' is clicked on&#xD;
&#xD;
2019-09-06 17:39:42 - [TEST_STEP][PASSED] - com.reusableComponents.HighlightElement.run(findTestObject("Objects.SearchTask/Page_ISPS2/span_Search")): com.reusableComponents.HighlightElement.run is PASSED&#xD;
&#xD;
2019-09-06 17:39:43 - [MESSAGE][PASSED] - com.reusableComponents.HighlightElement.run is PASSED&#xD;
&#xD;
2019-09-06 17:39:43 - [TEST_STEP][PASSED] - click(findTestObject("Objects.SearchTask/Page_ISPS2/span_Search")): Object: 'Object Repository/Objects.SearchTask/Page_ISPS2/span_Search' is clicked on&#xD;
&#xD;
2019-09-06 17:39:43 - [MESSAGE][PASSED] - Object: 'Object Repository/Objects.SearchTask/Page_ISPS2/span_Search' is clicked on&#xD;
&#xD;
2019-09-06 17:39:43 - [TEST_STEP][PASSED] - Thread.sleep(500): null&#xD;
&#xD;
2019-09-06 17:39:44 - [TEST_STEP][PASSED] - waitForElementNotPresent(findTestObject("Objects.SearchTask/Page_ISPS2/div_Loading search result Please wait"), 120, STOP_ON_FAILURE): Web element with id: 'Object Repository/Objects.SearchTask/Page_ISPS2/div_Loading search result Please wait' located by 'By.xpath: //div[@class = 'x-mask-msg-text' and (text() = 'Loading search result. Please wait...' or . = 'Loading search result. Please wait...')]' is not present after '120' second(s)&#xD;
&#xD;
2019-09-06 17:39:44 - [MESSAGE][PASSED] - Web element with id: 'Object Repository/Objects.SearchTask/Page_ISPS2/div_Loading search result Please wait' located by 'By.xpath: //div[@class = 'x-mask-msg-text' and (text() = 'Loading search result. Please wait...' or . = 'Loading search result. Please wait...')]' is not present after '120' second(s)&#xD;
&#xD;
2019-09-06 17:39:44 - [TEST_STEP][PASSED] - Thread.sleep(2000): null&#xD;
&#xD;
2019-09-06 17:39:46 - [TEST_STEP][PASSED] - scrollToElement(findTestObject("Objects.SearchTask/Page_ISPS2/a_Process Temporary Building Permit"), 0): Scroll to object 'Object Repository/Objects.SearchTask/Page_ISPS2/a_Process Temporary Building Permit' successfully&#xD;
&#xD;
2019-09-06 17:39:46 - [MESSAGE][WARNING] - Timeout '0' is invalid. Using default page load timeout: '30'&#xD;
&#xD;
2019-09-06 17:39:46 - [MESSAGE][PASSED] - Scroll to object 'Object Repository/Objects.SearchTask/Page_ISPS2/a_Process Temporary Building Permit' successfully&#xD;
&#xD;
2019-09-06 17:39:46 - [TEST_STEP][PASSED] - com.reusableComponents.HighlightElement.run(findTestObject("Objects.SearchTask/Page_ISPS2/a_Process Temporary Building Permit")): com.reusableComponents.HighlightElement.run is PASSED&#xD;
&#xD;
2019-09-06 17:39:47 - [MESSAGE][PASSED] - com.reusableComponents.HighlightElement.run is PASSED&#xD;
&#xD;
2019-09-06 17:39:47 - [TEST_STEP][PASSED] - click(findTestObject("Objects.SearchTask/Page_ISPS2/a_Process Temporary Building Permit")): Object: 'Object Repository/Objects.SearchTask/Page_ISPS2/a_Process Temporary Building Permit' is clicked on&#xD;
&#xD;
2019-09-06 17:39:47 - [MESSAGE][PASSED] - Object: 'Object Repository/Objects.SearchTask/Page_ISPS2/a_Process Temporary Building Permit' is clicked on&#xD;
&#xD;
2019-09-06 17:39:47 - [TEST_STEP][PASSED] - Thread.sleep(500): null&#xD;
&#xD;
2019-09-06 17:39:47 - [TEST_STEP][PASSED] - waitForElementPresent(findTestObject("Objects.SearchTask/Page_ISPS2/div_Process Temporary Building Permit_LandingPage"), 120): Object 'Object Repository/Objects.SearchTask/Page_ISPS2/div_Process Temporary Building Permit_LandingPage' is present&#xD;
&#xD;
2019-09-06 17:39:49 - [MESSAGE][PASSED] - Object 'Object Repository/Objects.SearchTask/Page_ISPS2/div_Process Temporary Building Permit_LandingPage' is present&#xD;
&#xD;
2019-09-06 17:39:49 - [TEST_STEP][PASSED] - Thread.sleep(3000): null&#xD;
&#xD;
2019-09-06 17:39:52 - [MESSAGE][PASSED] - Call Test Case 'Test Cases/Components/SearchTask' successfully&#xD;
&#xD;
2019-09-06 17:39:52 - [TEST_STEP][PASSED] - callTestCase(findTestCase("Components/NavigateToLibMgmtLHS"), [:], STOP_ON_FAILURE): Call Test Case 'Test Cases/Components/NavigateToLibMgmtLHS' successfully&#xD;
&#xD;
2019-09-06 17:39:53 - [TEST_CASE][PASSED] - Test Cases/Components/NavigateToLibMgmtLHS: Test Cases/Components/NavigateToLibMgmtLHS&#xD;
&#xD;
2019-09-06 17:39:53 - [TEST_STEP][PASSED] - Thread.sleep(1000): null&#xD;
&#xD;
2019-09-06 17:39:54 - [TEST_STEP][PASSED] - click(findTestObject("Objects.NavigateToLibMgmtLHS/Page_ISPS2/div_Lib Mgmt")): Object: 'Object Repository/Objects.NavigateToLibMgmtLHS/Page_ISPS2/div_Lib Mgmt' is clicked on&#xD;
&#xD;
2019-09-06 17:39:54 - [MESSAGE][PASSED] - Object: 'Object Repository/Objects.NavigateToLibMgmtLHS/Page_ISPS2/div_Lib Mgmt' is clicked on&#xD;
&#xD;
2019-09-06 17:39:54 - [TEST_STEP][PASSED] - switchToWindowIndex(1): Switched to window with index: '1'&#xD;
&#xD;
2019-09-06 17:39:54 - [MESSAGE][PASSED] - Switched to window with index: '1'&#xD;
&#xD;
2019-09-06 17:39:54 - [TEST_STEP][PASSED] - Thread.sleep(5000): null&#xD;
&#xD;
2019-09-06 17:39:59 - [TEST_STEP][PASSED] - verifyTextPresent("Document Library", false): Text 'Document Library' is present on page &#xD;
&#xD;
2019-09-06 17:40:00 - [MESSAGE][PASSED] - Text 'Document Library' is present on page &#xD;
&#xD;
2019-09-06 17:40:00 - [MESSAGE][PASSED] - Call Test Case 'Test Cases/Components/NavigateToLibMgmtLHS' successfully&#xD;
&#xD;
2019-09-06 17:40:00 - [TEST_STEP][PASSED] - callTestCase(findTestCase("Components/ClosePopUpWindow"), [:], STOP_ON_FAILURE): Call Test Case 'Test Cases/Components/ClosePopUpWindow' successfully&#xD;
&#xD;
2019-09-06 17:40:00 - [TEST_CASE][PASSED] - Test Cases/Components/ClosePopUpWindow: Test Cases/Components/ClosePopUpWindow&#xD;
&#xD;
2019-09-06 17:40:00 - [TEST_STEP][PASSED] - Thread.sleep(1000): null&#xD;
&#xD;
2019-09-06 17:40:01 - [TEST_STEP][PASSED] - closeWindowIndex(1): Window with index 1 is closed&#xD;
&#xD;
2019-09-06 17:40:01 - [MESSAGE][PASSED] - Window with index 1 is closed&#xD;
&#xD;
2019-09-06 17:40:01 - [MESSAGE][PASSED] - Call Test Case 'Test Cases/Components/ClosePopUpWindow' successfully&#xD;
&#xD;
2019-09-06 17:40:01 - [TEST_STEP][PASSED] - callTestCase(findTestCase("Components/SwitchToMainISPS2Window"), [:], STOP_ON_FAILURE): Call Test Case 'Test Cases/Components/SwitchToMainISPS2Window' successfully&#xD;
&#xD;
2019-09-06 17:40:01 - [TEST_CASE][PASSED] - Test Cases/Components/SwitchToMainISPS2Window: Test Cases/Components/SwitchToMainISPS2Window&#xD;
&#xD;
2019-09-06 17:40:01 - [TEST_STEP][PASSED] - switchToWindowTitle("ISPS2"): Switched to window with title: 'ISPS2'&#xD;
&#xD;
2019-09-06 17:40:01 - [MESSAGE][PASSED] - Switched to window with title: 'ISPS2'&#xD;
&#xD;
2019-09-06 17:40:01 - [MESSAGE][PASSED] - Call Test Case 'Test Cases/Components/SwitchToMainISPS2Window' successfully&#xD;
&#xD;
2019-09-06 17:40:01 - [TEST_STEP][PASSED] - callTestCase(findTestCase("Components/NavigateToDashboard"), [:], STOP_ON_FAILURE): Call Test Case 'Test Cases/Components/NavigateToDashboard' successfully&#xD;
&#xD;
2019-09-06 17:40:01 - [TEST_CASE][PASSED] - Test Cases/Components/NavigateToDashboard: Test Cases/Components/NavigateToDashboard&#xD;
&#xD;
2019-09-06 17:40:01 - [TEST_STEP][PASSED] - click(findTestObject("Objects.NavigateToDashboard/a_ISPS2-PROD-Verify")): Object: 'Object Repository/Objects.NavigateToDashboard/a_ISPS2-PROD-Verify' is clicked on&#xD;
&#xD;
2019-09-06 17:40:03 - [MESSAGE][PASSED] - Object: 'Object Repository/Objects.NavigateToDashboard/a_ISPS2-PROD-Verify' is clicked on&#xD;
&#xD;
2019-09-06 17:40:03 - [TEST_STEP][PASSED] - waitForPageLoad(30): Wait for page load successfully&#xD;
&#xD;
2019-09-06 17:40:03 - [MESSAGE][PASSED] - Wait for page load successfully&#xD;
&#xD;
2019-09-06 17:40:03 - [TEST_STEP][PASSED] - Thread.sleep(3000): null&#xD;
&#xD;
2019-09-06 17:40:06 - [TEST_STEP][PASSED] - verifyTextPresent("Loading search result. Please wait...", false, OPTIONAL): Text 'Loading search result. Please wait...' is present on page &#xD;
&#xD;
2019-09-06 17:40:06 - [MESSAGE][PASSED] - Text 'Loading search result. Please wait...' is present on page &#xD;
&#xD;
2019-09-06 17:40:06 - [TEST_STEP][PASSED] - waitForElementNotPresent(findTestObject("Objects.NavigateToDashboard/div_Loading search result Please wait"), 120): Web element with id: 'Object Repository/Objects.NavigateToDashboard/div_Loading search result Please wait' located by 'By.xpath: //div[@class = 'x-mask-msg-text' and (text() = 'Loading search result. Please wait...' or . = 'Loading search result. Please wait...')]' is not present after '120' second(s)&#xD;
&#xD;
2019-09-06 17:40:07 - [MESSAGE][PASSED] - Web element with id: 'Object Repository/Objects.NavigateToDashboard/div_Loading search result Please wait' located by 'By.xpath: //div[@class = 'x-mask-msg-text' and (text() = 'Loading search result. Please wait...' or . = 'Loading search result. Please wait...')]' is not present after '120' second(s)&#xD;
&#xD;
2019-09-06 17:40:07 - [TEST_STEP][PASSED] - Thread.sleep(3000): null&#xD;
&#xD;
2019-09-06 17:40:10 - [MESSAGE][PASSED] - Call Test Case 'Test Cases/Components/NavigateToDashboard' successfully&#xD;
&#xD;
2019-09-06 17:40:10 - [TEST_STEP][PASSED] - callTestCase(findTestCase("Components/Logout"), [:], STOP_ON_FAILURE): Call Test Case 'Test Cases/Components/Logout' successfully&#xD;
&#xD;
2019-09-06 17:40:10 - [TEST_CASE][PASSED] - Test Cases/Components/Logout: Test Cases/Components/Logout&#xD;
&#xD;
2019-09-06 17:40:10 - [TEST_STEP][PASSED] - Thread.sleep(3000): null&#xD;
&#xD;
2019-09-06 17:40:13 - [TEST_STEP][NOT_RUN] - com.reusableComponents.HighlightElement.run(findTestObject("Objects.Logout/accountDropdown")): NOT_RUN: com.reusableComponents.HighlightElement.run(findTestObject("Objects.Logout/accountDropdown"))&#xD;
&#xD;
2019-09-06 17:40:13 - [MESSAGE][NOT_RUN] - NOT_RUN: com.reusableComponents.HighlightElement.run(findTestObject("Objects.Logout/accountDropdown"))&#xD;
&#xD;
2019-09-06 17:40:13 - [TEST_STEP][NOT_RUN] - click(findTestObject("Objects.Logout/accountDropdown")): NOT_RUN: click(findTestObject("Objects.Logout/accountDropdown"))&#xD;
&#xD;
2019-09-06 17:40:13 - [MESSAGE][NOT_RUN] - NOT_RUN: click(findTestObject("Objects.Logout/accountDropdown"))&#xD;
&#xD;
2019-09-06 17:40:13 - [TEST_STEP][NOT_RUN] - com.reusableComponents.clickUsingJS.clickUsingJS(findTestObject("Objects.Logout/accountDropdown"), 0): NOT_RUN: com.reusableComponents.clickUsingJS.clickUsingJS(findTestObject("Objects.Logout/accountDropdown"), 0)&#xD;
&#xD;
2019-09-06 17:40:13 - [MESSAGE][NOT_RUN] - NOT_RUN: com.reusableComponents.clickUsingJS.clickUsingJS(findTestObject("Objects.Logout/accountDropdown"), 0)&#xD;
&#xD;
2019-09-06 17:40:13 - [TEST_STEP][PASSED] - element = findWebElement(findTestObject("Objects.Logout/accountDropdown"), 30): null&#xD;
&#xD;
2019-09-06 17:40:13 - [TEST_STEP][PASSED] - executeJavaScript("arguments[0].click()", Arrays.asList(element)): Execute JavaScript 'arguments[0].click()' successfully&#xD;
&#xD;
2019-09-06 17:40:13 - [MESSAGE][PASSED] - Execute JavaScript 'arguments[0].click()' successfully&#xD;
&#xD;
2019-09-06 17:40:13 - [TEST_STEP][NOT_RUN] - com.reusableComponents.HighlightElement.run(findTestObject("Objects.Logout/span_Logout")): NOT_RUN: com.reusableComponents.HighlightElement.run(findTestObject("Objects.Logout/span_Logout"))&#xD;
&#xD;
2019-09-06 17:40:13 - [MESSAGE][NOT_RUN] - NOT_RUN: com.reusableComponents.HighlightElement.run(findTestObject("Objects.Logout/span_Logout"))&#xD;
&#xD;
2019-09-06 17:40:13 - [TEST_STEP][PASSED] - click(findTestObject("Objects.Logout/span_Logout"), STOP_ON_FAILURE): Object: 'Object Repository/Objects.Logout/span_Logout' is clicked on&#xD;
&#xD;
2019-09-06 17:40:14 - [MESSAGE][PASSED] - Object: 'Object Repository/Objects.Logout/span_Logout' is clicked on&#xD;
&#xD;
2019-09-06 17:40:14 - [TEST_STEP][PASSED] - waitForPageLoad(30): Wait for page load successfully&#xD;
&#xD;
2019-09-06 17:40:14 - [MESSAGE][PASSED] - Wait for page load successfully&#xD;
&#xD;
2019-09-06 17:40:14 - [TEST_STEP][PASSED] - Thread.sleep(3000): null&#xD;
&#xD;
2019-09-06 17:40:17 - [TEST_STEP][PASSED] - verifyTextPresent("Sign in to ISPS2-PROD-Verify", false): Text 'Sign in to ISPS2-PROD-Verify' is present on page &#xD;
&#xD;
2019-09-06 17:40:17 - [MESSAGE][PASSED] - Text 'Sign in to ISPS2-PROD-Verify' is present on page &#xD;
&#xD;
2019-09-06 17:40:17 - [TEST_STEP][NOT_RUN] - com.reusableComponents.HighlightElement.run(findTestObject("Objects.Logout/div_Sign in to ISPS2-PROD-Verify")): NOT_RUN: com.reusableComponents.HighlightElement.run(findTestObject("Objects.Logout/div_Sign in to ISPS2-PROD-Verify"))&#xD;
&#xD;
2019-09-06 17:40:17 - [MESSAGE][NOT_RUN] - NOT_RUN: com.reusableComponents.HighlightElement.run(findTestObject("Objects.Logout/div_Sign in to ISPS2-PROD-Verify"))&#xD;
&#xD;
2019-09-06 17:40:17 - [TEST_STEP][PASSED] - closeBrowser(): Browser is closed&#xD;
&#xD;
2019-09-06 17:40:18 - [MESSAGE][PASSED] - Browser is closed&#xD;
&#xD;
2019-09-06 17:40:18 - [MESSAGE][PASSED] - Call Test Case 'Test Cases/Components/Logout' successfully</system-out>
            <system-err></system-err>
        </testcase>
        <testcase name="Test Cases/Smoke/TBP/SmokeTesting.MainFormLHS" classname="Test Cases/Smoke/TBP/SmokeTesting.MainFormLHS" status="ERROR">
            <error type="ERROR" message="Test Cases/Smoke/TBP/SmokeTesting.MainFormLHS FAILED.&#xA;Reason:&#xA;com.kms.katalon.core.exception.StepErrorException: Call Test Case 'Test Cases/Components/SelectTypeOfApplication' failed because of error(s)&#xD;&#xA;&#x9;at com.kms.katalon.core.keyword.builtin.CallTestCaseKeyword$_callTestCase_closure1.doCall(CallTestCaseKeyword.groovy:66)&#xD;&#xA;&#x9;at com.kms.katalon.core.keyword.builtin.CallTestCaseKeyword$_callTestCase_closure1.call(CallTestCaseKeyword.groovy)&#xD;&#xA;&#x9;at com.kms.katalon.core.keyword.internal.KeywordMain.runKeyword(KeywordMain.groovy:68)&#xD;&#xA;&#x9;at com.kms.katalon.core.keyword.builtin.CallTestCaseKeyword.callTestCase(CallTestCaseKeyword.groovy:81)&#xD;&#xA;&#x9;at com.kms.katalon.core.keyword.builtin.CallTestCaseKeyword.execute(CallTestCaseKeyword.groovy:44)&#xD;&#xA;&#x9;at com.kms.katalon.core.keyword.internal.KeywordExecutor.executeKeywordForPlatform(KeywordExecutor.groovy:56)&#xD;&#xA;&#x9;at com.kms.katalon.core.keyword.BuiltinKeywords.callTestCase(BuiltinKeywords.groovy:334)&#xD;&#xA;&#x9;at SmokeTesting.MainFormLHS.run(SmokeTesting.MainFormLHS:25)&#xD;&#xA;&#x9;at com.kms.katalon.core.main.ScriptEngine.run(ScriptEngine.java:194)&#xD;&#xA;&#x9;at com.kms.katalon.core.main.ScriptEngine.runScriptAsRawText(ScriptEngine.java:119)&#xD;&#xA;&#x9;at com.kms.katalon.core.main.TestCaseExecutor.runScript(TestCaseExecutor.java:337)&#xD;&#xA;&#x9;at com.kms.katalon.core.main.TestCaseExecutor.doExecute(TestCaseExecutor.java:328)&#xD;&#xA;&#x9;at com.kms.katalon.core.main.TestCaseExecutor.processExecutionPhase(TestCaseExecutor.java:307)&#xD;&#xA;&#x9;at com.kms.katalon.core.main.TestCaseExecutor.accessMainPhase(TestCaseExecutor.java:299)&#xD;&#xA;&#x9;at com.kms.katalon.core.main.TestCaseExecutor.execute(TestCaseExecutor.java:233)&#xD;&#xA;&#x9;at com.kms.katalon.core.main.TestSuiteExecutor.accessTestCaseMainPhase(TestSuiteExecutor.java:133)&#xD;&#xA;&#x9;at com.kms.katalon.core.main.TestSuiteExecutor.accessTestSuiteMainPhase(TestSuiteExecutor.java:116)&#xD;&#xA;&#x9;at com.kms.katalon.core.main.TestSuiteExecutor.execute(TestSuiteExecutor.java:83)&#xD;&#xA;&#x9;at com.kms.katalon.core.main.TestCaseMain.startTestSuite(TestCaseMain.java:157)&#xD;&#xA;&#x9;at com.kms.katalon.core.main.TestCaseMain$startTestSuite$0.call(Unknown Source)&#xD;&#xA;&#x9;at TempTestSuite1567762670011.run(TempTestSuite1567762670011.groovy:35)&#xD;&#xA;Caused by: org.codehaus.groovy.runtime.InvokerInvocationException: java.lang.AssertionError: Web element with id: 'Object Repository/Objects.SelectTypeOfApplication/XP_MainForm.TypeOfApplication.PermitRenewal1' located by 'By.xpath: (//label[@class = 'x-form-cb-label x-form-cb-label-default x-form-cb-label-after  ' and text() = 'Permit Renewal'])[1]' not found&#xD;&#xA;&#x9;at com.reusableComponents.HighlightElement.invokeMethod(HighlightElement.groovy)&#xD;&#xA;&#x9;at com.kms.katalon.core.main.CustomKeywordDelegatingMetaClass.invokeStaticMethod(CustomKeywordDelegatingMetaClass.java:50)&#xD;&#xA;&#x9;at SelectTypeOfApplication.run(SelectTypeOfApplication:22)&#xD;&#xA;&#x9;at com.kms.katalon.core.main.ScriptEngine.run(ScriptEngine.java:194)&#xD;&#xA;&#x9;at com.kms.katalon.core.main.ScriptEngine.runScriptAsRawText(ScriptEngine.java:119)&#xD;&#xA;&#x9;at com.kms.katalon.core.main.TestCaseExecutor.runScript(TestCaseExecutor.java:337)&#xD;&#xA;&#x9;at com.kms.katalon.core.main.TestCaseExecutor.doExecute(TestCaseExecutor.java:328)&#xD;&#xA;&#x9;at com.kms.katalon.core.main.TestCaseExecutor.processExecutionPhase(TestCaseExecutor.java:307)&#xD;&#xA;&#x9;at com.kms.katalon.core.main.TestCaseExecutor.accessMainPhase(TestCaseExecutor.java:299)&#xD;&#xA;&#x9;at com.kms.katalon.core.main.TestCaseExecutor.execute(TestCaseExecutor.java:233)&#xD;&#xA;&#x9;at com.kms.katalon.core.main.TestCaseMain.runTestCase(TestCaseMain.java:114)&#xD;&#xA;&#x9;at com.kms.katalon.core.keyword.builtin.CallTestCaseKeyword$_callTestCase_closure1.doCall(CallTestCaseKeyword.groovy:59)&#xD;&#xA;&#x9;... 20 more&#xD;&#xA;Caused by: java.lang.AssertionError: Web element with id: 'Object Repository/Objects.SelectTypeOfApplication/XP_MainForm.TypeOfApplication.PermitRenewal1' located by 'By.xpath: (//label[@class = 'x-form-cb-label x-form-cb-label-default x-form-cb-label-after  ' and text() = 'Permit Renewal'])[1]' not found&#xD;&#xA;&#x9;at org.testng.Assert.fail(Assert.java:93)&#xD;&#xA;&#x9;at org.testng.Assert$fail.call(Unknown Source)&#xD;&#xA;&#x9;at com.reusableComponents.HighlightElement.run(HighlightElement.groovy:27)&#xD;&#xA;&#x9;... 32 more&#xD;&#xA;"/>
            <system-out>2019-09-06 17:40:18 - [TEST_CASE][ERROR] - Test Cases/Smoke/TBP/SmokeTesting.MainFormLHS: Test Cases/Smoke/TBP/SmokeTesting.MainFormLHS FAILED.
Reason:
com.kms.katalon.core.exception.StepErrorException: Call Test Case 'Test Cases/Components/SelectTypeOfApplication' failed because of error(s)&#xD;
	at com.kms.katalon.core.keyword.builtin.CallTestCaseKeyword$_callTestCase_closure1.doCall(CallTestCaseKeyword.groovy:66)&#xD;
	at com.kms.katalon.core.keyword.builtin.CallTestCaseKeyword$_callTestCase_closure1.call(CallTestCaseKeyword.groovy)&#xD;
	at com.kms.katalon.core.keyword.internal.KeywordMain.runKeyword(KeywordMain.groovy:68)&#xD;
	at com.kms.katalon.core.keyword.builtin.CallTestCaseKeyword.callTestCase(CallTestCaseKeyword.groovy:81)&#xD;
	at com.kms.katalon.core.keyword.builtin.CallTestCaseKeyword.execute(CallTestCaseKeyword.groovy:44)&#xD;
	at com.kms.katalon.core.keyword.internal.KeywordExecutor.executeKeywordForPlatform(KeywordExecutor.groovy:56)&#xD;
	at com.kms.katalon.core.keyword.BuiltinKeywords.callTestCase(BuiltinKeywords.groovy:334)&#xD;
	at SmokeTesting.MainFormLHS.run(SmokeTesting.MainFormLHS:25)&#xD;
	at com.kms.katalon.core.main.ScriptEngine.run(ScriptEngine.java:194)&#xD;
	at com.kms.katalon.core.main.ScriptEngine.runScriptAsRawText(ScriptEngine.java:119)&#xD;
	at com.kms.katalon.core.main.TestCaseExecutor.runScript(TestCaseExecutor.java:337)&#xD;
	at com.kms.katalon.core.main.TestCaseExecutor.doExecute(TestCaseExecutor.java:328)&#xD;
	at com.kms.katalon.core.main.TestCaseExecutor.processExecutionPhase(TestCaseExecutor.java:307)&#xD;
	at com.kms.katalon.core.main.TestCaseExecutor.accessMainPhase(TestCaseExecutor.java:299)&#xD;
	at com.kms.katalon.core.main.TestCaseExecutor.execute(TestCaseExecutor.java:233)&#xD;
	at com.kms.katalon.core.main.TestSuiteExecutor.accessTestCaseMainPhase(TestSuiteExecutor.java:133)&#xD;
	at com.kms.katalon.core.main.TestSuiteExecutor.accessTestSuiteMainPhase(TestSuiteExecutor.java:116)&#xD;
	at com.kms.katalon.core.main.TestSuiteExecutor.execute(TestSuiteExecutor.java:83)&#xD;
	at com.kms.katalon.core.main.TestCaseMain.startTestSuite(TestCaseMain.java:157)&#xD;
	at com.kms.katalon.core.main.TestCaseMain$startTestSuite$0.call(Unknown Source)&#xD;
	at TempTestSuite1567762670011.run(TempTestSuite1567762670011.groovy:35)&#xD;
Caused by: org.codehaus.groovy.runtime.InvokerInvocationException: java.lang.AssertionError: Web element with id: 'Object Repository/Objects.SelectTypeOfApplication/XP_MainForm.TypeOfApplication.PermitRenewal1' located by 'By.xpath: (//label[@class = 'x-form-cb-label x-form-cb-label-default x-form-cb-label-after  ' and text() = 'Permit Renewal'])[1]' not found&#xD;
	at com.reusableComponents.HighlightElement.invokeMethod(HighlightElement.groovy)&#xD;
	at com.kms.katalon.core.main.CustomKeywordDelegatingMetaClass.invokeStaticMethod(CustomKeywordDelegatingMetaClass.java:50)&#xD;
	at SelectTypeOfApplication.run(SelectTypeOfApplication:22)&#xD;
	at com.kms.katalon.core.main.ScriptEngine.run(ScriptEngine.java:194)&#xD;
	at com.kms.katalon.core.main.ScriptEngine.runScriptAsRawText(ScriptEngine.java:119)&#xD;
	at com.kms.katalon.core.main.TestCaseExecutor.runScript(TestCaseExecutor.java:337)&#xD;
	at com.kms.katalon.core.main.TestCaseExecutor.doExecute(TestCaseExecutor.java:328)&#xD;
	at com.kms.katalon.core.main.TestCaseExecutor.processExecutionPhase(TestCaseExecutor.java:307)&#xD;
	at com.kms.katalon.core.main.TestCaseExecutor.accessMainPhase(TestCaseExecutor.java:299)&#xD;
	at com.kms.katalon.core.main.TestCaseExecutor.execute(TestCaseExecutor.java:233)&#xD;
	at com.kms.katalon.core.main.TestCaseMain.runTestCase(TestCaseMain.java:114)&#xD;
	at com.kms.katalon.core.keyword.builtin.CallTestCaseKeyword$_callTestCase_closure1.doCall(CallTestCaseKeyword.groovy:59)&#xD;
	... 20 more&#xD;
Caused by: java.lang.AssertionError: Web element with id: 'Object Repository/Objects.SelectTypeOfApplication/XP_MainForm.TypeOfApplication.PermitRenewal1' located by 'By.xpath: (//label[@class = 'x-form-cb-label x-form-cb-label-default x-form-cb-label-after  ' and text() = 'Permit Renewal'])[1]' not found&#xD;
	at org.testng.Assert.fail(Assert.java:93)&#xD;
	at org.testng.Assert$fail.call(Unknown Source)&#xD;
	at com.reusableComponents.HighlightElement.run(HighlightElement.groovy:27)&#xD;
	... 32 more&#xD;
&#xD;
&#xD;
2019-09-06 17:40:18 - [TEST_STEP][PASSED] - callTestCase(findTestCase("Components/Login"), ["Username":findTestData("Datatable").getValue("Username", 1), "Password":findTestData("Datatable").getValue("Password", 1)], STOP_ON_FAILURE): Call Test Case 'Test Cases/Components/Login' successfully&#xD;
&#xD;
2019-09-06 17:40:18 - [TEST_CASE][PASSED] - Test Cases/Components/Login: Test Cases/Components/Login&#xD;
&#xD;
2019-09-06 17:40:18 - [TEST_STEP][PASSED] - openBrowser(findTestData("Datatable").getValue("URL", 1)): Browser is opened with url: 'http://java03:3012/isps2-prod-verify/authnz/login.do'&#xD;
&#xD;
2019-09-06 17:40:18 - [MESSAGE][INFO] - Starting 'Chrome' driver&#xD;
&#xD;
2019-09-06 17:40:23 - [MESSAGE][PASSED] - Browser is opened with url: 'http://java03:3012/isps2-prod-verify/authnz/login.do'&#xD;
&#xD;
2019-09-06 17:40:23 - [TEST_STEP][PASSED] - maximizeWindow(): Current window maximized&#xD;
&#xD;
2019-09-06 17:40:24 - [MESSAGE][PASSED] - Current window maximized&#xD;
&#xD;
2019-09-06 17:40:24 - [TEST_STEP][PASSED] - verifyTextPresent("Sign in to ISPS2-PROD-Verify", false): Text 'Sign in to ISPS2-PROD-Verify' is present on page &#xD;
&#xD;
2019-09-06 17:40:24 - [MESSAGE][PASSED] - Text 'Sign in to ISPS2-PROD-Verify' is present on page &#xD;
&#xD;
2019-09-06 17:40:24 - [TEST_STEP][NOT_RUN] - com.reusableComponents.HighlightElement.run(findTestObject("Objects.Login/Login Page/div_Sign in to ISPS2-PROD-Verify")): NOT_RUN: com.reusableComponents.HighlightElement.run(findTestObject("Objects.Login/Login Page/div_Sign in to ISPS2-PROD-Verify"))&#xD;
&#xD;
2019-09-06 17:40:24 - [MESSAGE][NOT_RUN] - NOT_RUN: com.reusableComponents.HighlightElement.run(findTestObject("Objects.Login/Login Page/div_Sign in to ISPS2-PROD-Verify"))&#xD;
&#xD;
2019-09-06 17:40:24 - [TEST_STEP][NOT_RUN] - com.reusableComponents.HighlightElement.run(findTestObject("Objects.Login/Login Page/input_Sign in to ISPS2-PROD-Verify_username")): NOT_RUN: com.reusableComponents.HighlightElement.run(findTestObject("Objects.Login/Login Page/input_Sign in to ISPS2-PROD-Verify_username"))&#xD;
&#xD;
2019-09-06 17:40:24 - [MESSAGE][NOT_RUN] - NOT_RUN: com.reusableComponents.HighlightElement.run(findTestObject("Objects.Login/Login Page/input_Sign in to ISPS2-PROD-Verify_username"))&#xD;
&#xD;
2019-09-06 17:40:24 - [TEST_STEP][PASSED] - setText(findTestObject("Objects.Login/Login Page/input_Sign in to ISPS2-PROD-Verify_username"), Username): Text 'sysadmin' is set on object 'Object Repository/Objects.Login/Login Page/input_Sign in to ISPS2-PROD-Verify_username'&#xD;
&#xD;
2019-09-06 17:40:24 - [MESSAGE][PASSED] - Text 'sysadmin' is set on object 'Object Repository/Objects.Login/Login Page/input_Sign in to ISPS2-PROD-Verify_username'&#xD;
&#xD;
2019-09-06 17:40:24 - [TEST_STEP][NOT_RUN] - com.reusableComponents.HighlightElement.run(findTestObject("Objects.Login/Login Page/input_This field is required_password")): NOT_RUN: com.reusableComponents.HighlightElement.run(findTestObject("Objects.Login/Login Page/input_This field is required_password"))&#xD;
&#xD;
2019-09-06 17:40:24 - [MESSAGE][NOT_RUN] - NOT_RUN: com.reusableComponents.HighlightElement.run(findTestObject("Objects.Login/Login Page/input_This field is required_password"))&#xD;
&#xD;
2019-09-06 17:40:24 - [TEST_STEP][PASSED] - setEncryptedText(findTestObject("Objects.Login/Login Page/input_This field is required_password"), Password): Text ****** has been set on object 'Object Repository/Objects.Login/Login Page/input_This field is required_password'&#xD;
&#xD;
2019-09-06 17:40:25 - [MESSAGE][PASSED] - Text ****** has been set on object 'Object Repository/Objects.Login/Login Page/input_This field is required_password'&#xD;
&#xD;
2019-09-06 17:40:25 - [TEST_STEP][NOT_RUN] - com.reusableComponents.HighlightElement.run(findTestObject("Objects.Login/Login Page/div_Sign in to ISPS2-PROD-Verify_NovaGoButton-1021")): NOT_RUN: com.reusableComponents.HighlightElement.run(findTestObject("Objects.Login/Login Page/div_Sign in to ISPS2-PROD-Verify_NovaGoButton-1021"))&#xD;
&#xD;
2019-09-06 17:40:25 - [MESSAGE][NOT_RUN] - NOT_RUN: com.reusableComponents.HighlightElement.run(findTestObject("Objects.Login/Login Page/div_Sign in to ISPS2-PROD-Verify_NovaGoButton-1021"))&#xD;
&#xD;
2019-09-06 17:40:25 - [TEST_STEP][PASSED] - click(findTestObject("Objects.Login/Login Page/div_Sign in to ISPS2-PROD-Verify_NovaGoButton-1021"), OPTIONAL): Object: 'Object Repository/Objects.Login/Login Page/div_Sign in to ISPS2-PROD-Verify_NovaGoButton-1021' is clicked on&#xD;
&#xD;
2019-09-06 17:40:25 - [MESSAGE][PASSED] - Object: 'Object Repository/Objects.Login/Login Page/div_Sign in to ISPS2-PROD-Verify_NovaGoButton-1021' is clicked on&#xD;
&#xD;
2019-09-06 17:40:25 - [TEST_STEP][NOT_RUN] - sendKeys(findTestObject("Objects.Login/Login Page/input_This field is required_password"), Keys.chord(ENTER), OPTIONAL): NOT_RUN: sendKeys(findTestObject("Objects.Login/Login Page/input_This field is required_password"), Keys.chord(ENTER), OPTIONAL)&#xD;
&#xD;
2019-09-06 17:40:25 - [MESSAGE][NOT_RUN] - NOT_RUN: sendKeys(findTestObject("Objects.Login/Login Page/input_This field is required_password"), Keys.chord(ENTER), OPTIONAL)&#xD;
&#xD;
2019-09-06 17:40:25 - [TEST_STEP][PASSED] - waitForPageLoad(30): Wait for page load successfully&#xD;
&#xD;
2019-09-06 17:40:25 - [MESSAGE][PASSED] - Wait for page load successfully&#xD;
&#xD;
2019-09-06 17:40:25 - [TEST_STEP][NOT_RUN] - verifyElementVisible(findTestObject("Objects.Login/Dashboard/a_ISPS2-PROD-Verify"), OPTIONAL): NOT_RUN: verifyElementVisible(findTestObject("Objects.Login/Dashboard/a_ISPS2-PROD-Verify"), OPTIONAL)&#xD;
&#xD;
2019-09-06 17:40:25 - [MESSAGE][NOT_RUN] - NOT_RUN: verifyElementVisible(findTestObject("Objects.Login/Dashboard/a_ISPS2-PROD-Verify"), OPTIONAL)&#xD;
&#xD;
2019-09-06 17:40:25 - [MESSAGE][PASSED] - Call Test Case 'Test Cases/Components/Login' successfully&#xD;
&#xD;
2019-09-06 17:40:25 - [TEST_STEP][PASSED] - callTestCase(findTestCase("Components/NavigateToDashboard"), [:], STOP_ON_FAILURE): Call Test Case 'Test Cases/Components/NavigateToDashboard' successfully&#xD;
&#xD;
2019-09-06 17:40:25 - [TEST_CASE][PASSED] - Test Cases/Components/NavigateToDashboard: Test Cases/Components/NavigateToDashboard&#xD;
&#xD;
2019-09-06 17:40:25 - [TEST_STEP][PASSED] - click(findTestObject("Objects.NavigateToDashboard/a_ISPS2-PROD-Verify")): Object: 'Object Repository/Objects.NavigateToDashboard/a_ISPS2-PROD-Verify' is clicked on&#xD;
&#xD;
2019-09-06 17:40:29 - [MESSAGE][PASSED] - Object: 'Object Repository/Objects.NavigateToDashboard/a_ISPS2-PROD-Verify' is clicked on&#xD;
&#xD;
2019-09-06 17:40:29 - [TEST_STEP][PASSED] - waitForPageLoad(30): Wait for page load successfully&#xD;
&#xD;
2019-09-06 17:40:29 - [MESSAGE][PASSED] - Wait for page load successfully&#xD;
&#xD;
2019-09-06 17:40:29 - [TEST_STEP][PASSED] - Thread.sleep(3000): null&#xD;
&#xD;
2019-09-06 17:40:32 - [TEST_STEP][PASSED] - verifyTextPresent("Loading search result. Please wait...", false, OPTIONAL): Text 'Loading search result. Please wait...' is present on page &#xD;
&#xD;
2019-09-06 17:40:32 - [MESSAGE][PASSED] - Text 'Loading search result. Please wait...' is present on page &#xD;
&#xD;
2019-09-06 17:40:32 - [TEST_STEP][PASSED] - waitForElementNotPresent(findTestObject("Objects.NavigateToDashboard/div_Loading search result Please wait"), 120): Web element with id: 'Object Repository/Objects.NavigateToDashboard/div_Loading search result Please wait' located by 'By.xpath: //div[@class = 'x-mask-msg-text' and (text() = 'Loading search result. Please wait...' or . = 'Loading search result. Please wait...')]' is not present after '120' second(s)&#xD;
&#xD;
2019-09-06 17:40:32 - [MESSAGE][PASSED] - Web element with id: 'Object Repository/Objects.NavigateToDashboard/div_Loading search result Please wait' located by 'By.xpath: //div[@class = 'x-mask-msg-text' and (text() = 'Loading search result. Please wait...' or . = 'Loading search result. Please wait...')]' is not present after '120' second(s)&#xD;
&#xD;
2019-09-06 17:40:32 - [TEST_STEP][PASSED] - Thread.sleep(3000): null&#xD;
&#xD;
2019-09-06 17:40:35 - [MESSAGE][PASSED] - Call Test Case 'Test Cases/Components/NavigateToDashboard' successfully&#xD;
&#xD;
2019-09-06 17:40:35 - [TEST_STEP][PASSED] - callTestCase(findTestCase("Components/SearchTask"), [:], STOP_ON_FAILURE): Call Test Case 'Test Cases/Components/SearchTask' successfully&#xD;
&#xD;
2019-09-06 17:40:35 - [TEST_CASE][PASSED] - Test Cases/Components/SearchTask: Test Cases/Components/SearchTask&#xD;
&#xD;
2019-09-06 17:40:35 - [TEST_STEP][PASSED] - Thread.sleep(3000): null&#xD;
&#xD;
2019-09-06 17:40:38 - [TEST_STEP][PASSED] - verifyElementPresent(findTestObject("Objects.SearchTask/Page_ISPS2/a_"), 0): Object 'Object Repository/Objects.SearchTask/Page_ISPS2/a_' is present&#xD;
&#xD;
2019-09-06 17:40:38 - [MESSAGE][WARNING] - Timeout '0' is invalid. Using default page load timeout: '30'&#xD;
&#xD;
2019-09-06 17:40:38 - [MESSAGE][PASSED] - Object 'Object Repository/Objects.SearchTask/Page_ISPS2/a_' is present&#xD;
&#xD;
2019-09-06 17:40:38 - [TEST_STEP][PASSED] - click(findTestObject("Objects.SearchTask/Page_ISPS2/a_")): Object: 'Object Repository/Objects.SearchTask/Page_ISPS2/a_' is clicked on&#xD;
&#xD;
2019-09-06 17:40:39 - [MESSAGE][PASSED] - Object: 'Object Repository/Objects.SearchTask/Page_ISPS2/a_' is clicked on&#xD;
&#xD;
2019-09-06 17:40:39 - [TEST_STEP][PASSED] - verifyElementVisible(findTestObject("Objects.SearchTask/Page_ISPS2/div_Saved Filter")): Object 'Object Repository/Objects.SearchTask/Page_ISPS2/div_Saved Filter' is visible&#xD;
&#xD;
2019-09-06 17:40:39 - [MESSAGE][PASSED] - Object 'Object Repository/Objects.SearchTask/Page_ISPS2/div_Saved Filter' is visible&#xD;
&#xD;
2019-09-06 17:40:39 - [TEST_STEP][PASSED] - Thread.sleep(3000): null&#xD;
&#xD;
2019-09-06 17:40:42 - [TEST_STEP][PASSED] - click(findTestObject("Objects.SearchTask/Page_ISPS2/span_Reset")): Object: 'Object Repository/Objects.SearchTask/Page_ISPS2/span_Reset' is clicked on&#xD;
&#xD;
2019-09-06 17:40:42 - [MESSAGE][PASSED] - Object: 'Object Repository/Objects.SearchTask/Page_ISPS2/span_Reset' is clicked on&#xD;
&#xD;
2019-09-06 17:40:42 - [TEST_STEP][PASSED] - com.reusableComponents.HighlightElement.run(findTestObject("Objects.SearchTask/Page_ISPS2/input_Task Description_searchCriteriaPojotaskDescription")): com.reusableComponents.HighlightElement.run is PASSED&#xD;
&#xD;
2019-09-06 17:40:42 - [MESSAGE][PASSED] - com.reusableComponents.HighlightElement.run is PASSED&#xD;
&#xD;
2019-09-06 17:40:42 - [TEST_STEP][PASSED] - setText(findTestObject("Objects.SearchTask/Page_ISPS2/input_Task Description_searchCriteriaPojotaskDescription"), "Process Temporary Building Permit"): Text 'Process Temporary Building Permit' is set on object 'Object Repository/Objects.SearchTask/Page_ISPS2/input_Task Description_searchCriteriaPojotaskDescription'&#xD;
&#xD;
2019-09-06 17:40:43 - [MESSAGE][PASSED] - Text 'Process Temporary Building Permit' is set on object 'Object Repository/Objects.SearchTask/Page_ISPS2/input_Task Description_searchCriteriaPojotaskDescription'&#xD;
&#xD;
2019-09-06 17:40:43 - [TEST_STEP][PASSED] - Thread.sleep(1000): null&#xD;
&#xD;
2019-09-06 17:40:44 - [TEST_STEP][PASSED] - click(findTestObject("Objects.SearchTask/Page_ISPS2/div_Process Temporary Building Permit")): Object: 'Object Repository/Objects.SearchTask/Page_ISPS2/div_Process Temporary Building Permit' is clicked on&#xD;
&#xD;
2019-09-06 17:40:44 - [MESSAGE][PASSED] - Object: 'Object Repository/Objects.SearchTask/Page_ISPS2/div_Process Temporary Building Permit' is clicked on&#xD;
&#xD;
2019-09-06 17:40:44 - [TEST_STEP][PASSED] - com.reusableComponents.HighlightElement.run(findTestObject("Objects.SearchTask/Page_ISPS2/span_Search")): com.reusableComponents.HighlightElement.run is PASSED&#xD;
&#xD;
2019-09-06 17:40:44 - [MESSAGE][PASSED] - com.reusableComponents.HighlightElement.run is PASSED&#xD;
&#xD;
2019-09-06 17:40:44 - [TEST_STEP][PASSED] - click(findTestObject("Objects.SearchTask/Page_ISPS2/span_Search")): Object: 'Object Repository/Objects.SearchTask/Page_ISPS2/span_Search' is clicked on&#xD;
&#xD;
2019-09-06 17:40:44 - [MESSAGE][PASSED] - Object: 'Object Repository/Objects.SearchTask/Page_ISPS2/span_Search' is clicked on&#xD;
&#xD;
2019-09-06 17:40:44 - [TEST_STEP][PASSED] - Thread.sleep(500): null&#xD;
&#xD;
2019-09-06 17:40:45 - [TEST_STEP][PASSED] - waitForElementNotPresent(findTestObject("Objects.SearchTask/Page_ISPS2/div_Loading search result Please wait"), 120, STOP_ON_FAILURE): Web element with id: 'Object Repository/Objects.SearchTask/Page_ISPS2/div_Loading search result Please wait' located by 'By.xpath: //div[@class = 'x-mask-msg-text' and (text() = 'Loading search result. Please wait...' or . = 'Loading search result. Please wait...')]' is not present after '120' second(s)&#xD;
&#xD;
2019-09-06 17:40:45 - [MESSAGE][PASSED] - Web element with id: 'Object Repository/Objects.SearchTask/Page_ISPS2/div_Loading search result Please wait' located by 'By.xpath: //div[@class = 'x-mask-msg-text' and (text() = 'Loading search result. Please wait...' or . = 'Loading search result. Please wait...')]' is not present after '120' second(s)&#xD;
&#xD;
2019-09-06 17:40:45 - [TEST_STEP][PASSED] - Thread.sleep(2000): null&#xD;
&#xD;
2019-09-06 17:40:47 - [TEST_STEP][PASSED] - scrollToElement(findTestObject("Objects.SearchTask/Page_ISPS2/a_Process Temporary Building Permit"), 0): Scroll to object 'Object Repository/Objects.SearchTask/Page_ISPS2/a_Process Temporary Building Permit' successfully&#xD;
&#xD;
2019-09-06 17:40:47 - [MESSAGE][WARNING] - Timeout '0' is invalid. Using default page load timeout: '30'&#xD;
&#xD;
2019-09-06 17:40:47 - [MESSAGE][PASSED] - Scroll to object 'Object Repository/Objects.SearchTask/Page_ISPS2/a_Process Temporary Building Permit' successfully&#xD;
&#xD;
2019-09-06 17:40:47 - [TEST_STEP][PASSED] - com.reusableComponents.HighlightElement.run(findTestObject("Objects.SearchTask/Page_ISPS2/a_Process Temporary Building Permit")): com.reusableComponents.HighlightElement.run is PASSED&#xD;
&#xD;
2019-09-06 17:40:48 - [MESSAGE][PASSED] - com.reusableComponents.HighlightElement.run is PASSED&#xD;
&#xD;
2019-09-06 17:40:48 - [TEST_STEP][PASSED] - click(findTestObject("Objects.SearchTask/Page_ISPS2/a_Process Temporary Building Permit")): Object: 'Object Repository/Objects.SearchTask/Page_ISPS2/a_Process Temporary Building Permit' is clicked on&#xD;
&#xD;
2019-09-06 17:40:48 - [MESSAGE][PASSED] - Object: 'Object Repository/Objects.SearchTask/Page_ISPS2/a_Process Temporary Building Permit' is clicked on&#xD;
&#xD;
2019-09-06 17:40:48 - [TEST_STEP][PASSED] - Thread.sleep(500): null&#xD;
&#xD;
2019-09-06 17:40:49 - [TEST_STEP][PASSED] - waitForElementPresent(findTestObject("Objects.SearchTask/Page_ISPS2/div_Process Temporary Building Permit_LandingPage"), 120): Object 'Object Repository/Objects.SearchTask/Page_ISPS2/div_Process Temporary Building Permit_LandingPage' is present&#xD;
&#xD;
2019-09-06 17:40:51 - [MESSAGE][PASSED] - Object 'Object Repository/Objects.SearchTask/Page_ISPS2/div_Process Temporary Building Permit_LandingPage' is present&#xD;
&#xD;
2019-09-06 17:40:51 - [TEST_STEP][PASSED] - Thread.sleep(3000): null&#xD;
&#xD;
2019-09-06 17:40:54 - [MESSAGE][PASSED] - Call Test Case 'Test Cases/Components/SearchTask' successfully&#xD;
&#xD;
2019-09-06 17:40:54 - [TEST_STEP][PASSED] - callTestCase(findTestCase("Components/NavigateToMainFormLHS"), [:], STOP_ON_FAILURE): Call Test Case 'Test Cases/Components/NavigateToMainFormLHS' successfully&#xD;
&#xD;
2019-09-06 17:40:54 - [TEST_CASE][PASSED] - Test Cases/Components/NavigateToMainFormLHS: Test Cases/Components/NavigateToMainFormLHS&#xD;
&#xD;
2019-09-06 17:40:54 - [TEST_STEP][PASSED] - Thread.sleep(1000): null&#xD;
&#xD;
2019-09-06 17:40:55 - [TEST_STEP][PASSED] - click(findTestObject("Objects.NavigateToMainFormLHS/Page_ISPS2/div_Main Form")): Object: 'Object Repository/Objects.NavigateToMainFormLHS/Page_ISPS2/div_Main Form' is clicked on&#xD;
&#xD;
2019-09-06 17:40:56 - [MESSAGE][PASSED] - Object: 'Object Repository/Objects.NavigateToMainFormLHS/Page_ISPS2/div_Main Form' is clicked on&#xD;
&#xD;
2019-09-06 17:40:56 - [TEST_STEP][PASSED] - Thread.sleep(500): null&#xD;
&#xD;
2019-09-06 17:40:56 - [TEST_STEP][PASSED] - waitForElementNotPresent(findTestObject("Objects.NavigateToMainFormLHS/Page_ISPS2/div_Loading Please wait"), 0): Web element with id: 'Object Repository/Objects.NavigateToMainFormLHS/Page_ISPS2/div_Loading Please wait' located by 'By.xpath: //div[@class = 'x-mask-msg-text' and (text() = 'Loading.. Please wait..' or . = 'Loading.. Please wait..')]' is not present after '30' second(s)&#xD;
&#xD;
2019-09-06 17:40:56 - [MESSAGE][WARNING] - Timeout '0' is invalid. Using default page load timeout: '30'&#xD;
&#xD;
2019-09-06 17:40:56 - [MESSAGE][PASSED] - Web element with id: 'Object Repository/Objects.NavigateToMainFormLHS/Page_ISPS2/div_Loading Please wait' located by 'By.xpath: //div[@class = 'x-mask-msg-text' and (text() = 'Loading.. Please wait..' or . = 'Loading.. Please wait..')]' is not present after '30' second(s)&#xD;
&#xD;
2019-09-06 17:40:56 - [TEST_STEP][PASSED] - Thread.sleep(1000): null&#xD;
&#xD;
2019-09-06 17:40:57 - [TEST_STEP][PASSED] - com.reusableComponents.HighlightElement.run(findTestObject("Objects.VerifyMainForm/Page_ISPS2/div_Main Form_Header")): com.reusableComponents.HighlightElement.run is PASSED&#xD;
&#xD;
2019-09-06 17:40:58 - [MESSAGE][PASSED] - com.reusableComponents.HighlightElement.run is PASSED&#xD;
&#xD;
2019-09-06 17:40:58 - [MESSAGE][PASSED] - Call Test Case 'Test Cases/Components/NavigateToMainFormLHS' successfully&#xD;
&#xD;
2019-09-06 17:40:58 - [TEST_STEP][FAILED] - callTestCase(findTestCase("Components/SelectTypeOfApplication"), [:], STOP_ON_FAILURE): Unable to call Test Case 'Test Cases/Components/SelectTypeOfApplication' (Root cause: com.kms.katalon.core.exception.StepErrorException: Call Test Case 'Test Cases/Components/SelectTypeOfApplication' failed because of error(s)&#xD;
	at com.kms.katalon.core.keyword.builtin.CallTestCaseKeyword$_callTestCase_closure1.doCall(CallTestCaseKeyword.groovy:66)&#xD;
	at com.kms.katalon.core.keyword.builtin.CallTestCaseKeyword$_callTestCase_closure1.call(CallTestCaseKeyword.groovy)&#xD;
	at com.kms.katalon.core.keyword.internal.KeywordMain.runKeyword(KeywordMain.groovy:68)&#xD;
	at com.kms.katalon.core.keyword.builtin.CallTestCaseKeyword.callTestCase(CallTestCaseKeyword.groovy:81)&#xD;
	at com.kms.katalon.core.keyword.builtin.CallTestCaseKeyword.execute(CallTestCaseKeyword.groovy:44)&#xD;
	at com.kms.katalon.core.keyword.internal.KeywordExecutor.executeKeywordForPlatform(KeywordExecutor.groovy:56)&#xD;
	at com.kms.katalon.core.keyword.BuiltinKeywords.callTestCase(BuiltinKeywords.groovy:334)&#xD;
	at SmokeTesting.MainFormLHS.run(SmokeTesting.MainFormLHS:25)&#xD;
	at com.kms.katalon.core.main.ScriptEngine.run(ScriptEngine.java:194)&#xD;
	at com.kms.katalon.core.main.ScriptEngine.runScriptAsRawText(ScriptEngine.java:119)&#xD;
	at com.kms.katalon.core.main.TestCaseExecutor.runScript(TestCaseExecutor.java:337)&#xD;
	at com.kms.katalon.core.main.TestCaseExecutor.doExecute(TestCaseExecutor.java:328)&#xD;
	at com.kms.katalon.core.main.TestCaseExecutor.processExecutionPhase(TestCaseExecutor.java:307)&#xD;
	at com.kms.katalon.core.main.TestCaseExecutor.accessMainPhase(TestCaseExecutor.java:299)&#xD;
	at com.kms.katalon.core.main.TestCaseExecutor.execute(TestCaseExecutor.java:233)&#xD;
	at com.kms.katalon.core.main.TestSuiteExecutor.accessTestCaseMainPhase(TestSuiteExecutor.java:133)&#xD;
	at com.kms.katalon.core.main.TestSuiteExecutor.accessTestSuiteMainPhase(TestSuiteExecutor.java:116)&#xD;
	at com.kms.katalon.core.main.TestSuiteExecutor.execute(TestSuiteExecutor.java:83)&#xD;
	at com.kms.katalon.core.main.TestCaseMain.startTestSuite(TestCaseMain.java:157)&#xD;
	at com.kms.katalon.core.main.TestCaseMain$startTestSuite$0.call(Unknown Source)&#xD;
	at TempTestSuite1567762670011.run(TempTestSuite1567762670011.groovy:35)&#xD;
Caused by: org.codehaus.groovy.runtime.InvokerInvocationException: java.lang.AssertionError: Web element with id: 'Object Repository/Objects.SelectTypeOfApplication/XP_MainForm.TypeOfApplication.PermitRenewal1' located by 'By.xpath: (//label[@class = 'x-form-cb-label x-form-cb-label-default x-form-cb-label-after  ' and text() = 'Permit Renewal'])[1]' not found&#xD;
	at com.reusableComponents.HighlightElement.invokeMethod(HighlightElement.groovy)&#xD;
	at com.kms.katalon.core.main.CustomKeywordDelegatingMetaClass.invokeStaticMethod(CustomKeywordDelegatingMetaClass.java:50)&#xD;
	at SelectTypeOfApplication.run(SelectTypeOfApplication:22)&#xD;
	at com.kms.katalon.core.main.ScriptEngine.run(ScriptEngine.java:194)&#xD;
	at com.kms.katalon.core.main.ScriptEngine.runScriptAsRawText(ScriptEngine.java:119)&#xD;
	at com.kms.katalon.core.main.TestCaseExecutor.runScript(TestCaseExecutor.java:337)&#xD;
	at com.kms.katalon.core.main.TestCaseExecutor.doExecute(TestCaseExecutor.java:328)&#xD;
	at com.kms.katalon.core.main.TestCaseExecutor.processExecutionPhase(TestCaseExecutor.java:307)&#xD;
	at com.kms.katalon.core.main.TestCaseExecutor.accessMainPhase(TestCaseExecutor.java:299)&#xD;
	at com.kms.katalon.core.main.TestCaseExecutor.execute(TestCaseExecutor.java:233)&#xD;
	at com.kms.katalon.core.main.TestCaseMain.runTestCase(TestCaseMain.java:114)&#xD;
	at com.kms.katalon.core.keyword.builtin.CallTestCaseKeyword$_callTestCase_closure1.doCall(CallTestCaseKeyword.groovy:59)&#xD;
	... 20 more&#xD;
Caused by: java.lang.AssertionError: Web element with id: 'Object Repository/Objects.SelectTypeOfApplication/XP_MainForm.TypeOfApplication.PermitRenewal1' located by 'By.xpath: (//label[@class = 'x-form-cb-label x-form-cb-label-default x-form-cb-label-after  ' and text() = 'Permit Renewal'])[1]' not found&#xD;
	at org.testng.Assert.fail(Assert.java:93)&#xD;
	at org.testng.Assert$fail.call(Unknown Source)&#xD;
	at com.reusableComponents.HighlightElement.run(HighlightElement.groovy:27)&#xD;
	... 32 more&#xD;
)&#xD;
&#xD;
2019-09-06 17:40:58 - [TEST_CASE][ERROR] - Test Cases/Components/SelectTypeOfApplication: Test Cases/Components/SelectTypeOfApplication FAILED.
Reason:
org.codehaus.groovy.runtime.InvokerInvocationException: java.lang.AssertionError: Web element with id: 'Object Repository/Objects.SelectTypeOfApplication/XP_MainForm.TypeOfApplication.PermitRenewal1' located by 'By.xpath: (//label[@class = 'x-form-cb-label x-form-cb-label-default x-form-cb-label-after  ' and text() = 'Permit Renewal'])[1]' not found&#xD;
	at com.reusableComponents.HighlightElement.invokeMethod(HighlightElement.groovy)&#xD;
	at com.kms.katalon.core.main.CustomKeywordDelegatingMetaClass.invokeStaticMethod(CustomKeywordDelegatingMetaClass.java:50)&#xD;
	at SelectTypeOfApplication.run(SelectTypeOfApplication:22)&#xD;
	at com.kms.katalon.core.main.ScriptEngine.run(ScriptEngine.java:194)&#xD;
	at com.kms.katalon.core.main.ScriptEngine.runScriptAsRawText(ScriptEngine.java:119)&#xD;
	at com.kms.katalon.core.main.TestCaseExecutor.runScript(TestCaseExecutor.java:337)&#xD;
	at com.kms.katalon.core.main.TestCaseExecutor.doExecute(TestCaseExecutor.java:328)&#xD;
	at com.kms.katalon.core.main.TestCaseExecutor.processExecutionPhase(TestCaseExecutor.java:307)&#xD;
	at com.kms.katalon.core.main.TestCaseExecutor.accessMainPhase(TestCaseExecutor.java:299)&#xD;
	at com.kms.katalon.core.main.TestCaseExecutor.execute(TestCaseExecutor.java:233)&#xD;
	at com.kms.katalon.core.main.TestCaseMain.runTestCase(TestCaseMain.java:114)&#xD;
	at com.kms.katalon.core.keyword.builtin.CallTestCaseKeyword$_callTestCase_closure1.doCall(CallTestCaseKeyword.groovy:59)&#xD;
	at com.kms.katalon.core.keyword.builtin.CallTestCaseKeyword$_callTestCase_closure1.call(CallTestCaseKeyword.groovy)&#xD;
	at com.kms.katalon.core.keyword.internal.KeywordMain.runKeyword(KeywordMain.groovy:68)&#xD;
	at com.kms.katalon.core.keyword.builtin.CallTestCaseKeyword.callTestCase(CallTestCaseKeyword.groovy:81)&#xD;
	at com.kms.katalon.core.keyword.builtin.CallTestCaseKeyword.execute(CallTestCaseKeyword.groovy:44)&#xD;
	at com.kms.katalon.core.keyword.internal.KeywordExecutor.executeKeywordForPlatform(KeywordExecutor.groovy:56)&#xD;
	at com.kms.katalon.core.keyword.BuiltinKeywords.callTestCase(BuiltinKeywords.groovy:334)&#xD;
	at SmokeTesting.MainFormLHS.run(SmokeTesting.MainFormLHS:25)&#xD;
	at com.kms.katalon.core.main.ScriptEngine.run(ScriptEngine.java:194)&#xD;
	at com.kms.katalon.core.main.ScriptEngine.runScriptAsRawText(ScriptEngine.java:119)&#xD;
	at com.kms.katalon.core.main.TestCaseExecutor.runScript(TestCaseExecutor.java:337)&#xD;
	at com.kms.katalon.core.main.TestCaseExecutor.doExecute(TestCaseExecutor.java:328)&#xD;
	at com.kms.katalon.core.main.TestCaseExecutor.processExecutionPhase(TestCaseExecutor.java:307)&#xD;
	at com.kms.katalon.core.main.TestCaseExecutor.accessMainPhase(TestCaseExecutor.java:299)&#xD;
	at com.kms.katalon.core.main.TestCaseExecutor.execute(TestCaseExecutor.java:233)&#xD;
	at com.kms.katalon.core.main.TestSuiteExecutor.accessTestCaseMainPhase(TestSuiteExecutor.java:133)&#xD;
	at com.kms.katalon.core.main.TestSuiteExecutor.accessTestSuiteMainPhase(TestSuiteExecutor.java:116)&#xD;
	at com.kms.katalon.core.main.TestSuiteExecutor.execute(TestSuiteExecutor.java:83)&#xD;
	at com.kms.katalon.core.main.TestCaseMain.startTestSuite(TestCaseMain.java:157)&#xD;
	at com.kms.katalon.core.main.TestCaseMain$startTestSuite$0.call(Unknown Source)&#xD;
	at TempTestSuite1567762670011.run(TempTestSuite1567762670011.groovy:35)&#xD;
Caused by: java.lang.AssertionError: Web element with id: 'Object Repository/Objects.SelectTypeOfApplication/XP_MainForm.TypeOfApplication.PermitRenewal1' located by 'By.xpath: (//label[@class = 'x-form-cb-label x-form-cb-label-default x-form-cb-label-after  ' and text() = 'Permit Renewal'])[1]' not found&#xD;
	at org.testng.Assert.fail(Assert.java:93)&#xD;
	at org.testng.Assert$fail.call(Unknown Source)&#xD;
	at com.reusableComponents.HighlightElement.run(HighlightElement.groovy:27)&#xD;
	... 32 more&#xD;
&#xD;
&#xD;
2019-09-06 17:40:58 - [TEST_STEP][PASSED] - Thread.sleep(1000): null&#xD;
&#xD;
2019-09-06 17:40:59 - [TEST_STEP][PASSED] - com.reusableComponents.HighlightElement.run(findTestObject("Objects.SelectTypeOfApplication/XP_MainForm.TypeOfApplication.NewErection1")): com.reusableComponents.HighlightElement.run is PASSED&#xD;
&#xD;
2019-09-06 17:40:59 - [MESSAGE][PASSED] - com.reusableComponents.HighlightElement.run is PASSED&#xD;
&#xD;
2019-09-06 17:40:59 - [TEST_STEP][PASSED] - com.reusableComponents.HighlightElement.run(findTestObject("Objects.SelectTypeOfApplication/XP_MainForm.TypeOfApplication.PermitExtension")): com.reusableComponents.HighlightElement.run is PASSED&#xD;
&#xD;
2019-09-06 17:41:00 - [MESSAGE][PASSED] - com.reusableComponents.HighlightElement.run is PASSED&#xD;
&#xD;
2019-09-06 17:41:00 - [TEST_STEP][FAILED] - com.reusableComponents.HighlightElement.run(findTestObject("Objects.SelectTypeOfApplication/XP_MainForm.TypeOfApplication.PermitRenewal1")): java.lang.AssertionError: Web element with id: 'Object Repository/Objects.SelectTypeOfApplication/XP_MainForm.TypeOfApplication.PermitRenewal1' located by 'By.xpath: (//label[@class = 'x-form-cb-label x-form-cb-label-default x-form-cb-label-after  ' and text() = 'Permit Renewal'])[1]' not found&#xD;
&#xD;
2019-09-06 17:41:20 - [MESSAGE][INFO] - Unable to find the element located by 'By.xpath: (//label[@class = 'x-form-cb-label x-form-cb-label-default x-form-cb-label-after  ' and text() = 'Permit Renewal'])[1]'. Please recheck the objects properties to make sure the desired element is located. &#xD;
&#xD;
2019-09-06 17:41:20 - [MESSAGE][FAILED] - java.lang.AssertionError: Web element with id: 'Object Repository/Objects.SelectTypeOfApplication/XP_MainForm.TypeOfApplication.PermitRenewal1' located by 'By.xpath: (//label[@class = 'x-form-cb-label x-form-cb-label-default x-form-cb-label-after  ' and text() = 'Permit Renewal'])[1]' not found&#xD;
&#xD;
2019-09-06 17:41:20 - [MESSAGE][FAILED] - Unable to call Test Case 'Test Cases/Components/SelectTypeOfApplication' (Root cause: com.kms.katalon.core.exception.StepErrorException: Call Test Case 'Test Cases/Components/SelectTypeOfApplication' failed because of error(s)&#xD;
	at com.kms.katalon.core.keyword.builtin.CallTestCaseKeyword$_callTestCase_closure1.doCall(CallTestCaseKeyword.groovy:66)&#xD;
	at com.kms.katalon.core.keyword.builtin.CallTestCaseKeyword$_callTestCase_closure1.call(CallTestCaseKeyword.groovy)&#xD;
	at com.kms.katalon.core.keyword.internal.KeywordMain.runKeyword(KeywordMain.groovy:68)&#xD;
	at com.kms.katalon.core.keyword.builtin.CallTestCaseKeyword.callTestCase(CallTestCaseKeyword.groovy:81)&#xD;
	at com.kms.katalon.core.keyword.builtin.CallTestCaseKeyword.execute(CallTestCaseKeyword.groovy:44)&#xD;
	at com.kms.katalon.core.keyword.internal.KeywordExecutor.executeKeywordForPlatform(KeywordExecutor.groovy:56)&#xD;
	at com.kms.katalon.core.keyword.BuiltinKeywords.callTestCase(BuiltinKeywords.groovy:334)&#xD;
	at SmokeTesting.MainFormLHS.run(SmokeTesting.MainFormLHS:25)&#xD;
	at com.kms.katalon.core.main.ScriptEngine.run(ScriptEngine.java:194)&#xD;
	at com.kms.katalon.core.main.ScriptEngine.runScriptAsRawText(ScriptEngine.java:119)&#xD;
	at com.kms.katalon.core.main.TestCaseExecutor.runScript(TestCaseExecutor.java:337)&#xD;
	at com.kms.katalon.core.main.TestCaseExecutor.doExecute(TestCaseExecutor.java:328)&#xD;
	at com.kms.katalon.core.main.TestCaseExecutor.processExecutionPhase(TestCaseExecutor.java:307)&#xD;
	at com.kms.katalon.core.main.TestCaseExecutor.accessMainPhase(TestCaseExecutor.java:299)&#xD;
	at com.kms.katalon.core.main.TestCaseExecutor.execute(TestCaseExecutor.java:233)&#xD;
	at com.kms.katalon.core.main.TestSuiteExecutor.accessTestCaseMainPhase(TestSuiteExecutor.java:133)&#xD;
	at com.kms.katalon.core.main.TestSuiteExecutor.accessTestSuiteMainPhase(TestSuiteExecutor.java:116)&#xD;
	at com.kms.katalon.core.main.TestSuiteExecutor.execute(TestSuiteExecutor.java:83)&#xD;
	at com.kms.katalon.core.main.TestCaseMain.startTestSuite(TestCaseMain.java:157)&#xD;
	at com.kms.katalon.core.main.TestCaseMain$startTestSuite$0.call(Unknown Source)&#xD;
	at TempTestSuite1567762670011.run(TempTestSuite1567762670011.groovy:35)&#xD;
Caused by: org.codehaus.groovy.runtime.InvokerInvocationException: java.lang.AssertionError: Web element with id: 'Object Repository/Objects.SelectTypeOfApplication/XP_MainForm.TypeOfApplication.PermitRenewal1' located by 'By.xpath: (//label[@class = 'x-form-cb-label x-form-cb-label-default x-form-cb-label-after  ' and text() = 'Permit Renewal'])[1]' not found&#xD;
	at com.reusableComponents.HighlightElement.invokeMethod(HighlightElement.groovy)&#xD;
	at com.kms.katalon.core.main.CustomKeywordDelegatingMetaClass.invokeStaticMethod(CustomKeywordDelegatingMetaClass.java:50)&#xD;
	at SelectTypeOfApplication.run(SelectTypeOfApplication:22)&#xD;
	at com.kms.katalon.core.main.ScriptEngine.run(ScriptEngine.java:194)&#xD;
	at com.kms.katalon.core.main.ScriptEngine.runScriptAsRawText(ScriptEngine.java:119)&#xD;
	at com.kms.katalon.core.main.TestCaseExecutor.runScript(TestCaseExecutor.java:337)&#xD;
	at com.kms.katalon.core.main.TestCaseExecutor.doExecute(TestCaseExecutor.java:328)&#xD;
	at com.kms.katalon.core.main.TestCaseExecutor.processExecutionPhase(TestCaseExecutor.java:307)&#xD;
	at com.kms.katalon.core.main.TestCaseExecutor.accessMainPhase(TestCaseExecutor.java:299)&#xD;
	at com.kms.katalon.core.main.TestCaseExecutor.execute(TestCaseExecutor.java:233)&#xD;
	at com.kms.katalon.core.main.TestCaseMain.runTestCase(TestCaseMain.java:114)&#xD;
	at com.kms.katalon.core.keyword.builtin.CallTestCaseKeyword$_callTestCase_closure1.doCall(CallTestCaseKeyword.groovy:59)&#xD;
	... 20 more&#xD;
Caused by: java.lang.AssertionError: Web element with id: 'Object Repository/Objects.SelectTypeOfApplication/XP_MainForm.TypeOfApplication.PermitRenewal1' located by 'By.xpath: (//label[@class = 'x-form-cb-label x-form-cb-label-default x-form-cb-label-after  ' and text() = 'Permit Renewal'])[1]' not found&#xD;
	at org.testng.Assert.fail(Assert.java:93)&#xD;
	at org.testng.Assert$fail.call(Unknown Source)&#xD;
	at com.reusableComponents.HighlightElement.run(HighlightElement.groovy:27)&#xD;
	... 32 more&#xD;
)</system-out>
            <system-err>2019-09-06 17:40:18 - [TEST_CASE][ERROR] - Test Cases/Smoke/TBP/SmokeTesting.MainFormLHS: Test Cases/Smoke/TBP/SmokeTesting.MainFormLHS FAILED.
Reason:
com.kms.katalon.core.exception.StepErrorException: Call Test Case 'Test Cases/Components/SelectTypeOfApplication' failed because of error(s)&#xD;
	at com.kms.katalon.core.keyword.builtin.CallTestCaseKeyword$_callTestCase_closure1.doCall(CallTestCaseKeyword.groovy:66)&#xD;
	at com.kms.katalon.core.keyword.builtin.CallTestCaseKeyword$_callTestCase_closure1.call(CallTestCaseKeyword.groovy)&#xD;
	at com.kms.katalon.core.keyword.internal.KeywordMain.runKeyword(KeywordMain.groovy:68)&#xD;
	at com.kms.katalon.core.keyword.builtin.CallTestCaseKeyword.callTestCase(CallTestCaseKeyword.groovy:81)&#xD;
	at com.kms.katalon.core.keyword.builtin.CallTestCaseKeyword.execute(CallTestCaseKeyword.groovy:44)&#xD;
	at com.kms.katalon.core.keyword.internal.KeywordExecutor.executeKeywordForPlatform(KeywordExecutor.groovy:56)&#xD;
	at com.kms.katalon.core.keyword.BuiltinKeywords.callTestCase(BuiltinKeywords.groovy:334)&#xD;
	at SmokeTesting.MainFormLHS.run(SmokeTesting.MainFormLHS:25)&#xD;
	at com.kms.katalon.core.main.ScriptEngine.run(ScriptEngine.java:194)&#xD;
	at com.kms.katalon.core.main.ScriptEngine.runScriptAsRawText(ScriptEngine.java:119)&#xD;
	at com.kms.katalon.core.main.TestCaseExecutor.runScript(TestCaseExecutor.java:337)&#xD;
	at com.kms.katalon.core.main.TestCaseExecutor.doExecute(TestCaseExecutor.java:328)&#xD;
	at com.kms.katalon.core.main.TestCaseExecutor.processExecutionPhase(TestCaseExecutor.java:307)&#xD;
	at com.kms.katalon.core.main.TestCaseExecutor.accessMainPhase(TestCaseExecutor.java:299)&#xD;
	at com.kms.katalon.core.main.TestCaseExecutor.execute(TestCaseExecutor.java:233)&#xD;
	at com.kms.katalon.core.main.TestSuiteExecutor.accessTestCaseMainPhase(TestSuiteExecutor.java:133)&#xD;
	at com.kms.katalon.core.main.TestSuiteExecutor.accessTestSuiteMainPhase(TestSuiteExecutor.java:116)&#xD;
	at com.kms.katalon.core.main.TestSuiteExecutor.execute(TestSuiteExecutor.java:83)&#xD;
	at com.kms.katalon.core.main.TestCaseMain.startTestSuite(TestCaseMain.java:157)&#xD;
	at com.kms.katalon.core.main.TestCaseMain$startTestSuite$0.call(Unknown Source)&#xD;
	at TempTestSuite1567762670011.run(TempTestSuite1567762670011.groovy:35)&#xD;
Caused by: org.codehaus.groovy.runtime.InvokerInvocationException: java.lang.AssertionError: Web element with id: 'Object Repository/Objects.SelectTypeOfApplication/XP_MainForm.TypeOfApplication.PermitRenewal1' located by 'By.xpath: (//label[@class = 'x-form-cb-label x-form-cb-label-default x-form-cb-label-after  ' and text() = 'Permit Renewal'])[1]' not found&#xD;
	at com.reusableComponents.HighlightElement.invokeMethod(HighlightElement.groovy)&#xD;
	at com.kms.katalon.core.main.CustomKeywordDelegatingMetaClass.invokeStaticMethod(CustomKeywordDelegatingMetaClass.java:50)&#xD;
	at SelectTypeOfApplication.run(SelectTypeOfApplication:22)&#xD;
	at com.kms.katalon.core.main.ScriptEngine.run(ScriptEngine.java:194)&#xD;
	at com.kms.katalon.core.main.ScriptEngine.runScriptAsRawText(ScriptEngine.java:119)&#xD;
	at com.kms.katalon.core.main.TestCaseExecutor.runScript(TestCaseExecutor.java:337)&#xD;
	at com.kms.katalon.core.main.TestCaseExecutor.doExecute(TestCaseExecutor.java:328)&#xD;
	at com.kms.katalon.core.main.TestCaseExecutor.processExecutionPhase(TestCaseExecutor.java:307)&#xD;
	at com.kms.katalon.core.main.TestCaseExecutor.accessMainPhase(TestCaseExecutor.java:299)&#xD;
	at com.kms.katalon.core.main.TestCaseExecutor.execute(TestCaseExecutor.java:233)&#xD;
	at com.kms.katalon.core.main.TestCaseMain.runTestCase(TestCaseMain.java:114)&#xD;
	at com.kms.katalon.core.keyword.builtin.CallTestCaseKeyword$_callTestCase_closure1.doCall(CallTestCaseKeyword.groovy:59)&#xD;
	... 20 more&#xD;
Caused by: java.lang.AssertionError: Web element with id: 'Object Repository/Objects.SelectTypeOfApplication/XP_MainForm.TypeOfApplication.PermitRenewal1' located by 'By.xpath: (//label[@class = 'x-form-cb-label x-form-cb-label-default x-form-cb-label-after  ' and text() = 'Permit Renewal'])[1]' not found&#xD;
	at org.testng.Assert.fail(Assert.java:93)&#xD;
	at org.testng.Assert$fail.call(Unknown Source)&#xD;
	at com.reusableComponents.HighlightElement.run(HighlightElement.groovy:27)&#xD;
	... 32 more</system-err>
        </testcase>
        <testcase name="Test Cases/Smoke/TBP/SmokeTesting.AddressLHS" classname="Test Cases/Smoke/TBP/SmokeTesting.AddressLHS" status="ERROR">
            <error type="ERROR" message="Test Cases/Smoke/TBP/SmokeTesting.AddressLHS FAILED.&#xA;Reason:&#xA;com.kms.katalon.core.exception.StepErrorException: Call Test Case 'Test Cases/Components/VerifyAddedAddress' failed because of error(s)&#xD;&#xA;&#x9;at com.kms.katalon.core.keyword.builtin.CallTestCaseKeyword$_callTestCase_closure1.doCall(CallTestCaseKeyword.groovy:66)&#xD;&#xA;&#x9;at com.kms.katalon.core.keyword.builtin.CallTestCaseKeyword$_callTestCase_closure1.call(CallTestCaseKeyword.groovy)&#xD;&#xA;&#x9;at com.kms.katalon.core.keyword.internal.KeywordMain.runKeyword(KeywordMain.groovy:68)&#xD;&#xA;&#x9;at com.kms.katalon.core.keyword.builtin.CallTestCaseKeyword.callTestCase(CallTestCaseKeyword.groovy:81)&#xD;&#xA;&#x9;at com.kms.katalon.core.keyword.builtin.CallTestCaseKeyword.execute(CallTestCaseKeyword.groovy:44)&#xD;&#xA;&#x9;at com.kms.katalon.core.keyword.internal.KeywordExecutor.executeKeywordForPlatform(KeywordExecutor.groovy:56)&#xD;&#xA;&#x9;at com.kms.katalon.core.keyword.BuiltinKeywords.callTestCase(BuiltinKeywords.groovy:334)&#xD;&#xA;&#x9;at SmokeTesting.AddressLHS.run(SmokeTesting.AddressLHS:47)&#xD;&#xA;&#x9;at com.kms.katalon.core.main.ScriptEngine.run(ScriptEngine.java:194)&#xD;&#xA;&#x9;at com.kms.katalon.core.main.ScriptEngine.runScriptAsRawText(ScriptEngine.java:119)&#xD;&#xA;&#x9;at com.kms.katalon.core.main.TestCaseExecutor.runScript(TestCaseExecutor.java:337)&#xD;&#xA;&#x9;at com.kms.katalon.core.main.TestCaseExecutor.doExecute(TestCaseExecutor.java:328)&#xD;&#xA;&#x9;at com.kms.katalon.core.main.TestCaseExecutor.processExecutionPhase(TestCaseExecutor.java:307)&#xD;&#xA;&#x9;at com.kms.katalon.core.main.TestCaseExecutor.accessMainPhase(TestCaseExecutor.java:299)&#xD;&#xA;&#x9;at com.kms.katalon.core.main.TestCaseExecutor.execute(TestCaseExecutor.java:233)&#xD;&#xA;&#x9;at com.kms.katalon.core.main.TestSuiteExecutor.accessTestCaseMainPhase(TestSuiteExecutor.java:133)&#xD;&#xA;&#x9;at com.kms.katalon.core.main.TestSuiteExecutor.accessTestSuiteMainPhase(TestSuiteExecutor.java:116)&#xD;&#xA;&#x9;at com.kms.katalon.core.main.TestSuiteExecutor.execute(TestSuiteExecutor.java:83)&#xD;&#xA;&#x9;at com.kms.katalon.core.main.TestCaseMain.startTestSuite(TestCaseMain.java:157)&#xD;&#xA;&#x9;at com.kms.katalon.core.main.TestCaseMain$startTestSuite$0.call(Unknown Source)&#xD;&#xA;&#x9;at TempTestSuite1567762670011.run(TempTestSuite1567762670011.groovy:35)&#xD;&#xA;Caused by: org.codehaus.groovy.runtime.InvokerInvocationException: java.lang.AssertionError: Web element with id: 'Object Repository/Objects.VerifyAddedAddress/Page_ISPS2/li_Case Address saved successfully' located by 'By.xpath: //li[(text() = 'Case Address saved successfully.' or . = 'Case Address saved successfully.')]' not found&#xD;&#xA;&#x9;at com.reusableComponents.HighlightElement.invokeMethod(HighlightElement.groovy)&#xD;&#xA;&#x9;at com.kms.katalon.core.main.CustomKeywordDelegatingMetaClass.invokeStaticMethod(CustomKeywordDelegatingMetaClass.java:50)&#xD;&#xA;&#x9;at VerifyAddedAddress.run(VerifyAddedAddress:18)&#xD;&#xA;&#x9;at com.kms.katalon.core.main.ScriptEngine.run(ScriptEngine.java:194)&#xD;&#xA;&#x9;at com.kms.katalon.core.main.ScriptEngine.runScriptAsRawText(ScriptEngine.java:119)&#xD;&#xA;&#x9;at com.kms.katalon.core.main.TestCaseExecutor.runScript(TestCaseExecutor.java:337)&#xD;&#xA;&#x9;at com.kms.katalon.core.main.TestCaseExecutor.doExecute(TestCaseExecutor.java:328)&#xD;&#xA;&#x9;at com.kms.katalon.core.main.TestCaseExecutor.processExecutionPhase(TestCaseExecutor.java:307)&#xD;&#xA;&#x9;at com.kms.katalon.core.main.TestCaseExecutor.accessMainPhase(TestCaseExecutor.java:299)&#xD;&#xA;&#x9;at com.kms.katalon.core.main.TestCaseExecutor.execute(TestCaseExecutor.java:233)&#xD;&#xA;&#x9;at com.kms.katalon.core.main.TestCaseMain.runTestCase(TestCaseMain.java:114)&#xD;&#xA;&#x9;at com.kms.katalon.core.keyword.builtin.CallTestCaseKeyword$_callTestCase_closure1.doCall(CallTestCaseKeyword.groovy:59)&#xD;&#xA;&#x9;... 20 more&#xD;&#xA;Caused by: java.lang.AssertionError: Web element with id: 'Object Repository/Objects.VerifyAddedAddress/Page_ISPS2/li_Case Address saved successfully' located by 'By.xpath: //li[(text() = 'Case Address saved successfully.' or . = 'Case Address saved successfully.')]' not found&#xD;&#xA;&#x9;at org.testng.Assert.fail(Assert.java:93)&#xD;&#xA;&#x9;at org.testng.Assert$fail.call(Unknown Source)&#xD;&#xA;&#x9;at com.reusableComponents.HighlightElement.run(HighlightElement.groovy:27)&#xD;&#xA;&#x9;... 32 more&#xD;&#xA;"/>
            <system-out>2019-09-06 17:41:20 - [TEST_CASE][ERROR] - Test Cases/Smoke/TBP/SmokeTesting.AddressLHS: Test Cases/Smoke/TBP/SmokeTesting.AddressLHS FAILED.
Reason:
com.kms.katalon.core.exception.StepErrorException: Call Test Case 'Test Cases/Components/VerifyAddedAddress' failed because of error(s)&#xD;
	at com.kms.katalon.core.keyword.builtin.CallTestCaseKeyword$_callTestCase_closure1.doCall(CallTestCaseKeyword.groovy:66)&#xD;
	at com.kms.katalon.core.keyword.builtin.CallTestCaseKeyword$_callTestCase_closure1.call(CallTestCaseKeyword.groovy)&#xD;
	at com.kms.katalon.core.keyword.internal.KeywordMain.runKeyword(KeywordMain.groovy:68)&#xD;
	at com.kms.katalon.core.keyword.builtin.CallTestCaseKeyword.callTestCase(CallTestCaseKeyword.groovy:81)&#xD;
	at com.kms.katalon.core.keyword.builtin.CallTestCaseKeyword.execute(CallTestCaseKeyword.groovy:44)&#xD;
	at com.kms.katalon.core.keyword.internal.KeywordExecutor.executeKeywordForPlatform(KeywordExecutor.groovy:56)&#xD;
	at com.kms.katalon.core.keyword.BuiltinKeywords.callTestCase(BuiltinKeywords.groovy:334)&#xD;
	at SmokeTesting.AddressLHS.run(SmokeTesting.AddressLHS:47)&#xD;
	at com.kms.katalon.core.main.ScriptEngine.run(ScriptEngine.java:194)&#xD;
	at com.kms.katalon.core.main.ScriptEngine.runScriptAsRawText(ScriptEngine.java:119)&#xD;
	at com.kms.katalon.core.main.TestCaseExecutor.runScript(TestCaseExecutor.java:337)&#xD;
	at com.kms.katalon.core.main.TestCaseExecutor.doExecute(TestCaseExecutor.java:328)&#xD;
	at com.kms.katalon.core.main.TestCaseExecutor.processExecutionPhase(TestCaseExecutor.java:307)&#xD;
	at com.kms.katalon.core.main.TestCaseExecutor.accessMainPhase(TestCaseExecutor.java:299)&#xD;
	at com.kms.katalon.core.main.TestCaseExecutor.execute(TestCaseExecutor.java:233)&#xD;
	at com.kms.katalon.core.main.TestSuiteExecutor.accessTestCaseMainPhase(TestSuiteExecutor.java:133)&#xD;
	at com.kms.katalon.core.main.TestSuiteExecutor.accessTestSuiteMainPhase(TestSuiteExecutor.java:116)&#xD;
	at com.kms.katalon.core.main.TestSuiteExecutor.execute(TestSuiteExecutor.java:83)&#xD;
	at com.kms.katalon.core.main.TestCaseMain.startTestSuite(TestCaseMain.java:157)&#xD;
	at com.kms.katalon.core.main.TestCaseMain$startTestSuite$0.call(Unknown Source)&#xD;
	at TempTestSuite1567762670011.run(TempTestSuite1567762670011.groovy:35)&#xD;
Caused by: org.codehaus.groovy.runtime.InvokerInvocationException: java.lang.AssertionError: Web element with id: 'Object Repository/Objects.VerifyAddedAddress/Page_ISPS2/li_Case Address saved successfully' located by 'By.xpath: //li[(text() = 'Case Address saved successfully.' or . = 'Case Address saved successfully.')]' not found&#xD;
	at com.reusableComponents.HighlightElement.invokeMethod(HighlightElement.groovy)&#xD;
	at com.kms.katalon.core.main.CustomKeywordDelegatingMetaClass.invokeStaticMethod(CustomKeywordDelegatingMetaClass.java:50)&#xD;
	at VerifyAddedAddress.run(VerifyAddedAddress:18)&#xD;
	at com.kms.katalon.core.main.ScriptEngine.run(ScriptEngine.java:194)&#xD;
	at com.kms.katalon.core.main.ScriptEngine.runScriptAsRawText(ScriptEngine.java:119)&#xD;
	at com.kms.katalon.core.main.TestCaseExecutor.runScript(TestCaseExecutor.java:337)&#xD;
	at com.kms.katalon.core.main.TestCaseExecutor.doExecute(TestCaseExecutor.java:328)&#xD;
	at com.kms.katalon.core.main.TestCaseExecutor.processExecutionPhase(TestCaseExecutor.java:307)&#xD;
	at com.kms.katalon.core.main.TestCaseExecutor.accessMainPhase(TestCaseExecutor.java:299)&#xD;
	at com.kms.katalon.core.main.TestCaseExecutor.execute(TestCaseExecutor.java:233)&#xD;
	at com.kms.katalon.core.main.TestCaseMain.runTestCase(TestCaseMain.java:114)&#xD;
	at com.kms.katalon.core.keyword.builtin.CallTestCaseKeyword$_callTestCase_closure1.doCall(CallTestCaseKeyword.groovy:59)&#xD;
	... 20 more&#xD;
Caused by: java.lang.AssertionError: Web element with id: 'Object Repository/Objects.VerifyAddedAddress/Page_ISPS2/li_Case Address saved successfully' located by 'By.xpath: //li[(text() = 'Case Address saved successfully.' or . = 'Case Address saved successfully.')]' not found&#xD;
	at org.testng.Assert.fail(Assert.java:93)&#xD;
	at org.testng.Assert$fail.call(Unknown Source)&#xD;
	at com.reusableComponents.HighlightElement.run(HighlightElement.groovy:27)&#xD;
	... 32 more&#xD;
&#xD;
&#xD;
2019-09-06 17:41:20 - [TEST_STEP][PASSED] - callTestCase(findTestCase("Components/Login"), ["Username":findTestData("Datatable").getValue("Username", 1), "Password":findTestData("Datatable").getValue("Password", 1)], STOP_ON_FAILURE): Call Test Case 'Test Cases/Components/Login' successfully&#xD;
&#xD;
2019-09-06 17:41:20 - [TEST_CASE][PASSED] - Test Cases/Components/Login: Test Cases/Components/Login&#xD;
&#xD;
2019-09-06 17:41:20 - [TEST_STEP][PASSED] - openBrowser(findTestData("Datatable").getValue("URL", 1)): Browser is opened with url: 'http://java03:3012/isps2-prod-verify/authnz/login.do'&#xD;
&#xD;
2019-09-06 17:41:20 - [MESSAGE][WARNING] - A browser is already opened. Closing browser and opening a new one&#xD;
&#xD;
2019-09-06 17:41:21 - [MESSAGE][INFO] - Starting 'Chrome' driver&#xD;
&#xD;
2019-09-06 17:41:26 - [MESSAGE][PASSED] - Browser is opened with url: 'http://java03:3012/isps2-prod-verify/authnz/login.do'&#xD;
&#xD;
2019-09-06 17:41:26 - [TEST_STEP][PASSED] - maximizeWindow(): Current window maximized&#xD;
&#xD;
2019-09-06 17:41:27 - [MESSAGE][PASSED] - Current window maximized&#xD;
&#xD;
2019-09-06 17:41:27 - [TEST_STEP][PASSED] - verifyTextPresent("Sign in to ISPS2-PROD-Verify", false): Text 'Sign in to ISPS2-PROD-Verify' is present on page &#xD;
&#xD;
2019-09-06 17:41:27 - [MESSAGE][PASSED] - Text 'Sign in to ISPS2-PROD-Verify' is present on page &#xD;
&#xD;
2019-09-06 17:41:27 - [TEST_STEP][NOT_RUN] - com.reusableComponents.HighlightElement.run(findTestObject("Objects.Login/Login Page/div_Sign in to ISPS2-PROD-Verify")): NOT_RUN: com.reusableComponents.HighlightElement.run(findTestObject("Objects.Login/Login Page/div_Sign in to ISPS2-PROD-Verify"))&#xD;
&#xD;
2019-09-06 17:41:27 - [MESSAGE][NOT_RUN] - NOT_RUN: com.reusableComponents.HighlightElement.run(findTestObject("Objects.Login/Login Page/div_Sign in to ISPS2-PROD-Verify"))&#xD;
&#xD;
2019-09-06 17:41:27 - [TEST_STEP][NOT_RUN] - com.reusableComponents.HighlightElement.run(findTestObject("Objects.Login/Login Page/input_Sign in to ISPS2-PROD-Verify_username")): NOT_RUN: com.reusableComponents.HighlightElement.run(findTestObject("Objects.Login/Login Page/input_Sign in to ISPS2-PROD-Verify_username"))&#xD;
&#xD;
2019-09-06 17:41:27 - [MESSAGE][NOT_RUN] - NOT_RUN: com.reusableComponents.HighlightElement.run(findTestObject("Objects.Login/Login Page/input_Sign in to ISPS2-PROD-Verify_username"))&#xD;
&#xD;
2019-09-06 17:41:27 - [TEST_STEP][PASSED] - setText(findTestObject("Objects.Login/Login Page/input_Sign in to ISPS2-PROD-Verify_username"), Username): Text 'sysadmin' is set on object 'Object Repository/Objects.Login/Login Page/input_Sign in to ISPS2-PROD-Verify_username'&#xD;
&#xD;
2019-09-06 17:41:27 - [MESSAGE][PASSED] - Text 'sysadmin' is set on object 'Object Repository/Objects.Login/Login Page/input_Sign in to ISPS2-PROD-Verify_username'&#xD;
&#xD;
2019-09-06 17:41:27 - [TEST_STEP][NOT_RUN] - com.reusableComponents.HighlightElement.run(findTestObject("Objects.Login/Login Page/input_This field is required_password")): NOT_RUN: com.reusableComponents.HighlightElement.run(findTestObject("Objects.Login/Login Page/input_This field is required_password"))&#xD;
&#xD;
2019-09-06 17:41:27 - [MESSAGE][NOT_RUN] - NOT_RUN: com.reusableComponents.HighlightElement.run(findTestObject("Objects.Login/Login Page/input_This field is required_password"))&#xD;
&#xD;
2019-09-06 17:41:27 - [TEST_STEP][PASSED] - setEncryptedText(findTestObject("Objects.Login/Login Page/input_This field is required_password"), Password): Text ****** has been set on object 'Object Repository/Objects.Login/Login Page/input_This field is required_password'&#xD;
&#xD;
2019-09-06 17:41:28 - [MESSAGE][PASSED] - Text ****** has been set on object 'Object Repository/Objects.Login/Login Page/input_This field is required_password'&#xD;
&#xD;
2019-09-06 17:41:28 - [TEST_STEP][NOT_RUN] - com.reusableComponents.HighlightElement.run(findTestObject("Objects.Login/Login Page/div_Sign in to ISPS2-PROD-Verify_NovaGoButton-1021")): NOT_RUN: com.reusableComponents.HighlightElement.run(findTestObject("Objects.Login/Login Page/div_Sign in to ISPS2-PROD-Verify_NovaGoButton-1021"))&#xD;
&#xD;
2019-09-06 17:41:28 - [MESSAGE][NOT_RUN] - NOT_RUN: com.reusableComponents.HighlightElement.run(findTestObject("Objects.Login/Login Page/div_Sign in to ISPS2-PROD-Verify_NovaGoButton-1021"))&#xD;
&#xD;
2019-09-06 17:41:28 - [TEST_STEP][PASSED] - click(findTestObject("Objects.Login/Login Page/div_Sign in to ISPS2-PROD-Verify_NovaGoButton-1021"), OPTIONAL): Object: 'Object Repository/Objects.Login/Login Page/div_Sign in to ISPS2-PROD-Verify_NovaGoButton-1021' is clicked on&#xD;
&#xD;
2019-09-06 17:41:28 - [MESSAGE][PASSED] - Object: 'Object Repository/Objects.Login/Login Page/div_Sign in to ISPS2-PROD-Verify_NovaGoButton-1021' is clicked on&#xD;
&#xD;
2019-09-06 17:41:28 - [TEST_STEP][NOT_RUN] - sendKeys(findTestObject("Objects.Login/Login Page/input_This field is required_password"), Keys.chord(ENTER), OPTIONAL): NOT_RUN: sendKeys(findTestObject("Objects.Login/Login Page/input_This field is required_password"), Keys.chord(ENTER), OPTIONAL)&#xD;
&#xD;
2019-09-06 17:41:28 - [MESSAGE][NOT_RUN] - NOT_RUN: sendKeys(findTestObject("Objects.Login/Login Page/input_This field is required_password"), Keys.chord(ENTER), OPTIONAL)&#xD;
&#xD;
2019-09-06 17:41:28 - [TEST_STEP][PASSED] - waitForPageLoad(30): Wait for page load successfully&#xD;
&#xD;
2019-09-06 17:41:28 - [MESSAGE][PASSED] - Wait for page load successfully&#xD;
&#xD;
2019-09-06 17:41:28 - [TEST_STEP][NOT_RUN] - verifyElementVisible(findTestObject("Objects.Login/Dashboard/a_ISPS2-PROD-Verify"), OPTIONAL): NOT_RUN: verifyElementVisible(findTestObject("Objects.Login/Dashboard/a_ISPS2-PROD-Verify"), OPTIONAL)&#xD;
&#xD;
2019-09-06 17:41:28 - [MESSAGE][NOT_RUN] - NOT_RUN: verifyElementVisible(findTestObject("Objects.Login/Dashboard/a_ISPS2-PROD-Verify"), OPTIONAL)&#xD;
&#xD;
2019-09-06 17:41:28 - [MESSAGE][PASSED] - Call Test Case 'Test Cases/Components/Login' successfully&#xD;
&#xD;
2019-09-06 17:41:28 - [TEST_STEP][PASSED] - callTestCase(findTestCase("Components/NavigateToDashboard"), [:], STOP_ON_FAILURE): Call Test Case 'Test Cases/Components/NavigateToDashboard' successfully&#xD;
&#xD;
2019-09-06 17:41:28 - [TEST_CASE][PASSED] - Test Cases/Components/NavigateToDashboard: Test Cases/Components/NavigateToDashboard&#xD;
&#xD;
2019-09-06 17:41:28 - [TEST_STEP][PASSED] - click(findTestObject("Objects.NavigateToDashboard/a_ISPS2-PROD-Verify")): Object: 'Object Repository/Objects.NavigateToDashboard/a_ISPS2-PROD-Verify' is clicked on&#xD;
&#xD;
2019-09-06 17:41:33 - [MESSAGE][PASSED] - Object: 'Object Repository/Objects.NavigateToDashboard/a_ISPS2-PROD-Verify' is clicked on&#xD;
&#xD;
2019-09-06 17:41:33 - [TEST_STEP][PASSED] - waitForPageLoad(30): Wait for page load successfully&#xD;
&#xD;
2019-09-06 17:41:33 - [MESSAGE][PASSED] - Wait for page load successfully&#xD;
&#xD;
2019-09-06 17:41:33 - [TEST_STEP][PASSED] - Thread.sleep(3000): null&#xD;
&#xD;
2019-09-06 17:41:36 - [TEST_STEP][PASSED] - verifyTextPresent("Loading search result. Please wait...", false, OPTIONAL): Text 'Loading search result. Please wait...' is present on page &#xD;
&#xD;
2019-09-06 17:41:36 - [MESSAGE][PASSED] - Text 'Loading search result. Please wait...' is present on page &#xD;
&#xD;
2019-09-06 17:41:36 - [TEST_STEP][PASSED] - waitForElementNotPresent(findTestObject("Objects.NavigateToDashboard/div_Loading search result Please wait"), 120): Web element with id: 'Object Repository/Objects.NavigateToDashboard/div_Loading search result Please wait' located by 'By.xpath: //div[@class = 'x-mask-msg-text' and (text() = 'Loading search result. Please wait...' or . = 'Loading search result. Please wait...')]' is not present after '120' second(s)&#xD;
&#xD;
2019-09-06 17:41:52 - [MESSAGE][PASSED] - Web element with id: 'Object Repository/Objects.NavigateToDashboard/div_Loading search result Please wait' located by 'By.xpath: //div[@class = 'x-mask-msg-text' and (text() = 'Loading search result. Please wait...' or . = 'Loading search result. Please wait...')]' is not present after '120' second(s)&#xD;
&#xD;
2019-09-06 17:41:52 - [TEST_STEP][PASSED] - Thread.sleep(3000): null&#xD;
&#xD;
2019-09-06 17:41:55 - [MESSAGE][PASSED] - Call Test Case 'Test Cases/Components/NavigateToDashboard' successfully&#xD;
&#xD;
2019-09-06 17:41:55 - [TEST_STEP][PASSED] - callTestCase(findTestCase("Components/SearchTask"), [:], STOP_ON_FAILURE): Call Test Case 'Test Cases/Components/SearchTask' successfully&#xD;
&#xD;
2019-09-06 17:41:55 - [TEST_CASE][PASSED] - Test Cases/Components/SearchTask: Test Cases/Components/SearchTask&#xD;
&#xD;
2019-09-06 17:41:55 - [TEST_STEP][PASSED] - Thread.sleep(3000): null&#xD;
&#xD;
2019-09-06 17:41:58 - [TEST_STEP][PASSED] - verifyElementPresent(findTestObject("Objects.SearchTask/Page_ISPS2/a_"), 0): Object 'Object Repository/Objects.SearchTask/Page_ISPS2/a_' is present&#xD;
&#xD;
2019-09-06 17:41:58 - [MESSAGE][WARNING] - Timeout '0' is invalid. Using default page load timeout: '30'&#xD;
&#xD;
2019-09-06 17:41:58 - [MESSAGE][PASSED] - Object 'Object Repository/Objects.SearchTask/Page_ISPS2/a_' is present&#xD;
&#xD;
2019-09-06 17:41:58 - [TEST_STEP][PASSED] - click(findTestObject("Objects.SearchTask/Page_ISPS2/a_")): Object: 'Object Repository/Objects.SearchTask/Page_ISPS2/a_' is clicked on&#xD;
&#xD;
2019-09-06 17:41:58 - [MESSAGE][PASSED] - Object: 'Object Repository/Objects.SearchTask/Page_ISPS2/a_' is clicked on&#xD;
&#xD;
2019-09-06 17:41:58 - [TEST_STEP][PASSED] - verifyElementVisible(findTestObject("Objects.SearchTask/Page_ISPS2/div_Saved Filter")): Object 'Object Repository/Objects.SearchTask/Page_ISPS2/div_Saved Filter' is visible&#xD;
&#xD;
2019-09-06 17:41:58 - [MESSAGE][PASSED] - Object 'Object Repository/Objects.SearchTask/Page_ISPS2/div_Saved Filter' is visible&#xD;
&#xD;
2019-09-06 17:41:58 - [TEST_STEP][PASSED] - Thread.sleep(3000): null&#xD;
&#xD;
2019-09-06 17:42:01 - [TEST_STEP][PASSED] - click(findTestObject("Objects.SearchTask/Page_ISPS2/span_Reset")): Object: 'Object Repository/Objects.SearchTask/Page_ISPS2/span_Reset' is clicked on&#xD;
&#xD;
2019-09-06 17:42:01 - [MESSAGE][PASSED] - Object: 'Object Repository/Objects.SearchTask/Page_ISPS2/span_Reset' is clicked on&#xD;
&#xD;
2019-09-06 17:42:01 - [TEST_STEP][PASSED] - com.reusableComponents.HighlightElement.run(findTestObject("Objects.SearchTask/Page_ISPS2/input_Task Description_searchCriteriaPojotaskDescription")): com.reusableComponents.HighlightElement.run is PASSED&#xD;
&#xD;
2019-09-06 17:42:02 - [MESSAGE][PASSED] - com.reusableComponents.HighlightElement.run is PASSED&#xD;
&#xD;
2019-09-06 17:42:02 - [TEST_STEP][PASSED] - setText(findTestObject("Objects.SearchTask/Page_ISPS2/input_Task Description_searchCriteriaPojotaskDescription"), "Process Temporary Building Permit"): Text 'Process Temporary Building Permit' is set on object 'Object Repository/Objects.SearchTask/Page_ISPS2/input_Task Description_searchCriteriaPojotaskDescription'&#xD;
&#xD;
2019-09-06 17:42:02 - [MESSAGE][PASSED] - Text 'Process Temporary Building Permit' is set on object 'Object Repository/Objects.SearchTask/Page_ISPS2/input_Task Description_searchCriteriaPojotaskDescription'&#xD;
&#xD;
2019-09-06 17:42:02 - [TEST_STEP][PASSED] - Thread.sleep(1000): null&#xD;
&#xD;
2019-09-06 17:42:03 - [TEST_STEP][PASSED] - click(findTestObject("Objects.SearchTask/Page_ISPS2/div_Process Temporary Building Permit")): Object: 'Object Repository/Objects.SearchTask/Page_ISPS2/div_Process Temporary Building Permit' is clicked on&#xD;
&#xD;
2019-09-06 17:42:04 - [MESSAGE][PASSED] - Object: 'Object Repository/Objects.SearchTask/Page_ISPS2/div_Process Temporary Building Permit' is clicked on&#xD;
&#xD;
2019-09-06 17:42:04 - [TEST_STEP][PASSED] - com.reusableComponents.HighlightElement.run(findTestObject("Objects.SearchTask/Page_ISPS2/span_Search")): com.reusableComponents.HighlightElement.run is PASSED&#xD;
&#xD;
2019-09-06 17:42:04 - [MESSAGE][PASSED] - com.reusableComponents.HighlightElement.run is PASSED&#xD;
&#xD;
2019-09-06 17:42:04 - [TEST_STEP][PASSED] - click(findTestObject("Objects.SearchTask/Page_ISPS2/span_Search")): Object: 'Object Repository/Objects.SearchTask/Page_ISPS2/span_Search' is clicked on&#xD;
&#xD;
2019-09-06 17:42:04 - [MESSAGE][PASSED] - Object: 'Object Repository/Objects.SearchTask/Page_ISPS2/span_Search' is clicked on&#xD;
&#xD;
2019-09-06 17:42:04 - [TEST_STEP][PASSED] - Thread.sleep(500): null&#xD;
&#xD;
2019-09-06 17:42:05 - [TEST_STEP][PASSED] - waitForElementNotPresent(findTestObject("Objects.SearchTask/Page_ISPS2/div_Loading search result Please wait"), 120, STOP_ON_FAILURE): Web element with id: 'Object Repository/Objects.SearchTask/Page_ISPS2/div_Loading search result Please wait' located by 'By.xpath: //div[@class = 'x-mask-msg-text' and (text() = 'Loading search result. Please wait...' or . = 'Loading search result. Please wait...')]' is not present after '120' second(s)&#xD;
&#xD;
2019-09-06 17:42:06 - [MESSAGE][PASSED] - Web element with id: 'Object Repository/Objects.SearchTask/Page_ISPS2/div_Loading search result Please wait' located by 'By.xpath: //div[@class = 'x-mask-msg-text' and (text() = 'Loading search result. Please wait...' or . = 'Loading search result. Please wait...')]' is not present after '120' second(s)&#xD;
&#xD;
2019-09-06 17:42:06 - [TEST_STEP][PASSED] - Thread.sleep(2000): null&#xD;
&#xD;
2019-09-06 17:42:08 - [TEST_STEP][PASSED] - scrollToElement(findTestObject("Objects.SearchTask/Page_ISPS2/a_Process Temporary Building Permit"), 0): Scroll to object 'Object Repository/Objects.SearchTask/Page_ISPS2/a_Process Temporary Building Permit' successfully&#xD;
&#xD;
2019-09-06 17:42:08 - [MESSAGE][WARNING] - Timeout '0' is invalid. Using default page load timeout: '30'&#xD;
&#xD;
2019-09-06 17:42:08 - [MESSAGE][PASSED] - Scroll to object 'Object Repository/Objects.SearchTask/Page_ISPS2/a_Process Temporary Building Permit' successfully&#xD;
&#xD;
2019-09-06 17:42:08 - [TEST_STEP][PASSED] - com.reusableComponents.HighlightElement.run(findTestObject("Objects.SearchTask/Page_ISPS2/a_Process Temporary Building Permit")): com.reusableComponents.HighlightElement.run is PASSED&#xD;
&#xD;
2019-09-06 17:42:08 - [MESSAGE][PASSED] - com.reusableComponents.HighlightElement.run is PASSED&#xD;
&#xD;
2019-09-06 17:42:08 - [TEST_STEP][PASSED] - click(findTestObject("Objects.SearchTask/Page_ISPS2/a_Process Temporary Building Permit")): Object: 'Object Repository/Objects.SearchTask/Page_ISPS2/a_Process Temporary Building Permit' is clicked on&#xD;
&#xD;
2019-09-06 17:42:09 - [MESSAGE][PASSED] - Object: 'Object Repository/Objects.SearchTask/Page_ISPS2/a_Process Temporary Building Permit' is clicked on&#xD;
&#xD;
2019-09-06 17:42:09 - [TEST_STEP][PASSED] - Thread.sleep(500): null&#xD;
&#xD;
2019-09-06 17:42:09 - [TEST_STEP][PASSED] - waitForElementPresent(findTestObject("Objects.SearchTask/Page_ISPS2/div_Process Temporary Building Permit_LandingPage"), 120): Object 'Object Repository/Objects.SearchTask/Page_ISPS2/div_Process Temporary Building Permit_LandingPage' is present&#xD;
&#xD;
2019-09-06 17:42:12 - [MESSAGE][PASSED] - Object 'Object Repository/Objects.SearchTask/Page_ISPS2/div_Process Temporary Building Permit_LandingPage' is present&#xD;
&#xD;
2019-09-06 17:42:12 - [TEST_STEP][PASSED] - Thread.sleep(3000): null&#xD;
&#xD;
2019-09-06 17:42:15 - [MESSAGE][PASSED] - Call Test Case 'Test Cases/Components/SearchTask' successfully&#xD;
&#xD;
2019-09-06 17:42:15 - [TEST_STEP][PASSED] - callTestCase(findTestCase("Components/NavigateToAddressLHS"), [:], STOP_ON_FAILURE): Call Test Case 'Test Cases/Components/NavigateToAddressLHS' successfully&#xD;
&#xD;
2019-09-06 17:42:15 - [TEST_CASE][PASSED] - Test Cases/Components/NavigateToAddressLHS: Test Cases/Components/NavigateToAddressLHS&#xD;
&#xD;
2019-09-06 17:42:15 - [TEST_STEP][PASSED] - Thread.sleep(2000): null&#xD;
&#xD;
2019-09-06 17:42:17 - [TEST_STEP][PASSED] - click(findTestObject("Objects.NavigateToAddressLHS/Page_ISPS2/div_Address")): Object: 'Object Repository/Objects.NavigateToAddressLHS/Page_ISPS2/div_Address' is clicked on&#xD;
&#xD;
2019-09-06 17:42:17 - [MESSAGE][PASSED] - Object: 'Object Repository/Objects.NavigateToAddressLHS/Page_ISPS2/div_Address' is clicked on&#xD;
&#xD;
2019-09-06 17:42:17 - [TEST_STEP][PASSED] - Thread.sleep(1000): null&#xD;
&#xD;
2019-09-06 17:42:18 - [TEST_STEP][PASSED] - com.reusableComponents.HighlightElement.run(findTestObject("Objects.NavigateToAddressLHS/Page_ISPS2/div_Address_Header")): com.reusableComponents.HighlightElement.run is PASSED&#xD;
&#xD;
2019-09-06 17:42:18 - [MESSAGE][PASSED] - com.reusableComponents.HighlightElement.run is PASSED&#xD;
&#xD;
2019-09-06 17:42:18 - [MESSAGE][PASSED] - Call Test Case 'Test Cases/Components/NavigateToAddressLHS' successfully&#xD;
&#xD;
2019-09-06 17:42:18 - [TEST_STEP][PASSED] - callTestCase(findTestCase("Components/ClickAddButton"), [:], STOP_ON_FAILURE): Call Test Case 'Test Cases/Components/ClickAddButton' successfully&#xD;
&#xD;
2019-09-06 17:42:18 - [TEST_CASE][PASSED] - Test Cases/Components/ClickAddButton: Test Cases/Components/ClickAddButton&#xD;
&#xD;
2019-09-06 17:42:19 - [TEST_STEP][PASSED] - com.reusableComponents.HighlightElement.run(findTestObject("Objects.AddAddress/Page_ISPS2/XP_AddButton")): com.reusableComponents.HighlightElement.run is PASSED&#xD;
&#xD;
2019-09-06 17:42:19 - [MESSAGE][PASSED] - com.reusableComponents.HighlightElement.run is PASSED&#xD;
&#xD;
2019-09-06 17:42:19 - [TEST_STEP][PASSED] - click(findTestObject("Objects.AddAddress/Page_ISPS2/XP_AddButton")): Object: 'Object Repository/Objects.AddAddress/Page_ISPS2/XP_AddButton' is clicked on&#xD;
&#xD;
2019-09-06 17:42:19 - [MESSAGE][PASSED] - Object: 'Object Repository/Objects.AddAddress/Page_ISPS2/XP_AddButton' is clicked on&#xD;
&#xD;
2019-09-06 17:42:19 - [TEST_STEP][PASSED] - Thread.sleep(6000): null&#xD;
&#xD;
2019-09-06 17:42:25 - [MESSAGE][PASSED] - Call Test Case 'Test Cases/Components/ClickAddButton' successfully&#xD;
&#xD;
2019-09-06 17:42:25 - [TEST_STEP][PASSED] - callTestCase(findTestCase("Components/ClickCancelButton"), [:], STOP_ON_FAILURE): Call Test Case 'Test Cases/Components/ClickCancelButton' successfully&#xD;
&#xD;
2019-09-06 17:42:25 - [TEST_CASE][PASSED] - Test Cases/Components/ClickCancelButton: Test Cases/Components/ClickCancelButton&#xD;
&#xD;
2019-09-06 17:42:25 - [TEST_STEP][PASSED] - Thread.sleep(1000): null&#xD;
&#xD;
2019-09-06 17:42:26 - [TEST_STEP][PASSED] - com.reusableComponents.HighlightElement.run(findTestObject("Objects.ClickCancelButton/XP_CancelButton")): com.reusableComponents.HighlightElement.run is PASSED&#xD;
&#xD;
2019-09-06 17:42:27 - [MESSAGE][PASSED] - com.reusableComponents.HighlightElement.run is PASSED&#xD;
&#xD;
2019-09-06 17:42:27 - [TEST_STEP][PASSED] - click(findTestObject("Objects.ClickCancelButton/XP_CancelButton")): Object: 'Object Repository/Objects.ClickCancelButton/XP_CancelButton' is clicked on&#xD;
&#xD;
2019-09-06 17:42:27 - [MESSAGE][PASSED] - Object: 'Object Repository/Objects.ClickCancelButton/XP_CancelButton' is clicked on&#xD;
&#xD;
2019-09-06 17:42:27 - [TEST_STEP][PASSED] - Thread.sleep(1000): null&#xD;
&#xD;
2019-09-06 17:42:28 - [MESSAGE][PASSED] - Call Test Case 'Test Cases/Components/ClickCancelButton' successfully&#xD;
&#xD;
2019-09-06 17:42:28 - [TEST_STEP][PASSED] - callTestCase(findTestCase("Components/ClickAddButton"), [:], STOP_ON_FAILURE): Call Test Case 'Test Cases/Components/ClickAddButton' successfully&#xD;
&#xD;
2019-09-06 17:42:28 - [TEST_CASE][PASSED] - Test Cases/Components/ClickAddButton: Test Cases/Components/ClickAddButton&#xD;
&#xD;
2019-09-06 17:42:28 - [TEST_STEP][PASSED] - com.reusableComponents.HighlightElement.run(findTestObject("Objects.AddAddress/Page_ISPS2/XP_AddButton")): com.reusableComponents.HighlightElement.run is PASSED&#xD;
&#xD;
2019-09-06 17:42:29 - [MESSAGE][PASSED] - com.reusableComponents.HighlightElement.run is PASSED&#xD;
&#xD;
2019-09-06 17:42:29 - [TEST_STEP][PASSED] - click(findTestObject("Objects.AddAddress/Page_ISPS2/XP_AddButton")): Object: 'Object Repository/Objects.AddAddress/Page_ISPS2/XP_AddButton' is clicked on&#xD;
&#xD;
2019-09-06 17:42:29 - [MESSAGE][PASSED] - Object: 'Object Repository/Objects.AddAddress/Page_ISPS2/XP_AddButton' is clicked on&#xD;
&#xD;
2019-09-06 17:42:29 - [TEST_STEP][PASSED] - Thread.sleep(6000): null&#xD;
&#xD;
2019-09-06 17:42:35 - [MESSAGE][PASSED] - Call Test Case 'Test Cases/Components/ClickAddButton' successfully&#xD;
&#xD;
2019-09-06 17:42:35 - [TEST_STEP][PASSED] - callTestCase(findTestCase("Components/PopulateAddress"), ["HouseBlockNo":findTestData("Datatable").getValue("HouseBlockNo", 1), "BuildingName":findTestData("Datatable").getValue("BuildingName", 1), ... ], STOP_ON_FAILURE): Call Test Case 'Test Cases/Components/PopulateAddress' successfully&#xD;
&#xD;
2019-09-06 17:42:35 - [TEST_CASE][PASSED] - Test Cases/Components/PopulateAddress: Test Cases/Components/PopulateAddress&#xD;
&#xD;
2019-09-06 17:42:35 - [TEST_STEP][NOT_RUN] - Thread.sleep(1000): NOT_RUN: Thread.sleep(1000)&#xD;
&#xD;
2019-09-06 17:42:35 - [MESSAGE][NOT_RUN] - NOT_RUN: Thread.sleep(1000)&#xD;
&#xD;
2019-09-06 17:42:35 - [TEST_STEP][NOT_RUN] - click(findTestObject("Objects.PopulateAddress/Page_ISPS2/label_Formatted")): NOT_RUN: click(findTestObject("Objects.PopulateAddress/Page_ISPS2/label_Formatted"))&#xD;
&#xD;
2019-09-06 17:42:35 - [MESSAGE][NOT_RUN] - NOT_RUN: click(findTestObject("Objects.PopulateAddress/Page_ISPS2/label_Formatted"))&#xD;
&#xD;
2019-09-06 17:42:35 - [TEST_STEP][NOT_RUN] - com.reusableComponents.HighlightElement.run(findTestObject("Objects.PopulateAddress/Page_ISPS2/label_Formatted")): NOT_RUN: com.reusableComponents.HighlightElement.run(findTestObject("Objects.PopulateAddress/Page_ISPS2/label_Formatted"))&#xD;
&#xD;
2019-09-06 17:42:35 - [MESSAGE][NOT_RUN] - NOT_RUN: com.reusableComponents.HighlightElement.run(findTestObject("Objects.PopulateAddress/Page_ISPS2/label_Formatted"))&#xD;
&#xD;
2019-09-06 17:42:35 - [TEST_STEP][NOT_RUN] - com.reusableComponents.HighlightElement.run(findTestObject("Objects.PopulateAddress/Page_ISPS2/label_Formatted")): NOT_RUN: com.reusableComponents.HighlightElement.run(findTestObject("Objects.PopulateAddress/Page_ISPS2/label_Formatted"))&#xD;
&#xD;
2019-09-06 17:42:35 - [MESSAGE][NOT_RUN] - NOT_RUN: com.reusableComponents.HighlightElement.run(findTestObject("Objects.PopulateAddress/Page_ISPS2/label_Formatted"))&#xD;
&#xD;
2019-09-06 17:42:35 - [TEST_STEP][NOT_RUN] - com.reusableComponents.HighlightElement.run(findTestObject("Objects.PopulateAddress/Page_ISPS2/label_Unformatted")): NOT_RUN: com.reusableComponents.HighlightElement.run(findTestObject("Objects.PopulateAddress/Page_ISPS2/label_Unformatted"))&#xD;
&#xD;
2019-09-06 17:42:35 - [MESSAGE][NOT_RUN] - NOT_RUN: com.reusableComponents.HighlightElement.run(findTestObject("Objects.PopulateAddress/Page_ISPS2/label_Unformatted"))&#xD;
&#xD;
2019-09-06 17:42:35 - [TEST_STEP][NOT_RUN] - com.reusableComponents.HighlightElement.run(findTestObject("Objects.PopulateAddress/Page_ISPS2/input_Unformatted_caseAddresshseBlkNo")): NOT_RUN: com.reusableComponents.HighlightElement.run(findTestObject("Objects.PopulateAddress/Page_ISPS2/input_Unformatted_caseAddresshseBlkNo"))&#xD;
&#xD;
2019-09-06 17:42:35 - [MESSAGE][NOT_RUN] - NOT_RUN: com.reusableComponents.HighlightElement.run(findTestObject("Objects.PopulateAddress/Page_ISPS2/input_Unformatted_caseAddresshseBlkNo"))&#xD;
&#xD;
2019-09-06 17:42:35 - [TEST_STEP][NOT_RUN] - com.reusableComponents.HighlightElement.run(findTestObject("Objects.PopulateAddress/Page_ISPS2/input_Unformatted_caseAddressroadId")): NOT_RUN: com.reusableComponents.HighlightElement.run(findTestObject("Objects.PopulateAddress/Page_ISPS2/input_Unformatted_caseAddressroadId"))&#xD;
&#xD;
2019-09-06 17:42:35 - [MESSAGE][NOT_RUN] - NOT_RUN: com.reusableComponents.HighlightElement.run(findTestObject("Objects.PopulateAddress/Page_ISPS2/input_Unformatted_caseAddressroadId"))&#xD;
&#xD;
2019-09-06 17:42:35 - [TEST_STEP][NOT_RUN] - com.reusableComponents.HighlightElement.run(findTestObject("Objects.PopulateAddress/Page_ISPS2/input_Unformatted_caseAddressbuildingName")): NOT_RUN: com.reusableComponents.HighlightElement.run(findTestObject("Objects.PopulateAddress/Page_ISPS2/input_Unformatted_caseAddressbuildingName"))&#xD;
&#xD;
2019-09-06 17:42:35 - [MESSAGE][NOT_RUN] - NOT_RUN: com.reusableComponents.HighlightElement.run(findTestObject("Objects.PopulateAddress/Page_ISPS2/input_Unformatted_caseAddressbuildingName"))&#xD;
&#xD;
2019-09-06 17:42:35 - [TEST_STEP][NOT_RUN] - com.reusableComponents.HighlightElement.run(findTestObject("Objects.PopulateAddress/Page_ISPS2/input__caseAddresslevel")): NOT_RUN: com.reusableComponents.HighlightElement.run(findTestObject("Objects.PopulateAddress/Page_ISPS2/input__caseAddresslevel"))&#xD;
&#xD;
2019-09-06 17:42:35 - [MESSAGE][NOT_RUN] - NOT_RUN: com.reusableComponents.HighlightElement.run(findTestObject("Objects.PopulateAddress/Page_ISPS2/input__caseAddresslevel"))&#xD;
&#xD;
2019-09-06 17:42:35 - [TEST_STEP][NOT_RUN] - com.reusableComponents.HighlightElement.run(findTestObject("Objects.PopulateAddress/Page_ISPS2/input_-_caseAddressunitNo")): NOT_RUN: com.reusableComponents.HighlightElement.run(findTestObject("Objects.PopulateAddress/Page_ISPS2/input_-_caseAddressunitNo"))&#xD;
&#xD;
2019-09-06 17:42:35 - [MESSAGE][NOT_RUN] - NOT_RUN: com.reusableComponents.HighlightElement.run(findTestObject("Objects.PopulateAddress/Page_ISPS2/input_-_caseAddressunitNo"))&#xD;
&#xD;
2019-09-06 17:42:35 - [TEST_STEP][NOT_RUN] - com.reusableComponents.HighlightElement.run(findTestObject("Objects.PopulateAddress/Page_ISPS2/input_Postal Code_caseAddresspostalCode")): NOT_RUN: com.reusableComponents.HighlightElement.run(findTestObject("Objects.PopulateAddress/Page_ISPS2/input_Postal Code_caseAddresspostalCode"))&#xD;
&#xD;
2019-09-06 17:42:35 - [MESSAGE][NOT_RUN] - NOT_RUN: com.reusableComponents.HighlightElement.run(findTestObject("Objects.PopulateAddress/Page_ISPS2/input_Postal Code_caseAddresspostalCode"))&#xD;
&#xD;
2019-09-06 17:42:35 - [TEST_STEP][PASSED] - Thread.sleep(1000): null&#xD;
&#xD;
2019-09-06 17:42:36 - [TEST_STEP][PASSED] - com.reusableComponents.HighlightElement.run(findTestObject("Objects.PopulateAddress/Page_ISPS2/label_Formatted")): com.reusableComponents.HighlightElement.run is PASSED&#xD;
&#xD;
2019-09-06 17:42:37 - [MESSAGE][PASSED] - com.reusableComponents.HighlightElement.run is PASSED&#xD;
&#xD;
2019-09-06 17:42:37 - [TEST_STEP][PASSED] - click(findTestObject("Objects.PopulateAddress/Page_ISPS2/label_Formatted")): Object: 'Object Repository/Objects.PopulateAddress/Page_ISPS2/label_Formatted' is clicked on&#xD;
&#xD;
2019-09-06 17:42:37 - [MESSAGE][PASSED] - Object: 'Object Repository/Objects.PopulateAddress/Page_ISPS2/label_Formatted' is clicked on&#xD;
&#xD;
2019-09-06 17:42:37 - [TEST_STEP][PASSED] - com.reusableComponents.HighlightElement.run(findTestObject("Objects.PopulateAddress/Page_ISPS2/input_Unformatted_caseAddresshseBlkNo")): com.reusableComponents.HighlightElement.run is PASSED&#xD;
&#xD;
2019-09-06 17:42:38 - [MESSAGE][PASSED] - com.reusableComponents.HighlightElement.run is PASSED&#xD;
&#xD;
2019-09-06 17:42:38 - [TEST_STEP][PASSED] - setText(findTestObject("Objects.PopulateAddress/Page_ISPS2/input_Unformatted_caseAddresshseBlkNo"), HouseBlockNo): Text '32' is set on object 'Object Repository/Objects.PopulateAddress/Page_ISPS2/input_Unformatted_caseAddresshseBlkNo'&#xD;
&#xD;
2019-09-06 17:42:38 - [MESSAGE][PASSED] - Text '32' is set on object 'Object Repository/Objects.PopulateAddress/Page_ISPS2/input_Unformatted_caseAddresshseBlkNo'&#xD;
&#xD;
2019-09-06 17:42:38 - [TEST_STEP][PASSED] - com.reusableComponents.HighlightElement.run(findTestObject("Objects.PopulateAddress/Page_ISPS2/input_Unformatted_caseAddressroadId")): com.reusableComponents.HighlightElement.run is PASSED&#xD;
&#xD;
2019-09-06 17:42:38 - [MESSAGE][PASSED] - com.reusableComponents.HighlightElement.run is PASSED&#xD;
&#xD;
2019-09-06 17:42:38 - [TEST_STEP][PASSED] - click(findTestObject("Objects.PopulateAddress/Page_ISPS2/input_Unformatted_caseAddressroadId")): Object: 'Object Repository/Objects.PopulateAddress/Page_ISPS2/input_Unformatted_caseAddressroadId' is clicked on&#xD;
&#xD;
2019-09-06 17:42:38 - [MESSAGE][PASSED] - Object: 'Object Repository/Objects.PopulateAddress/Page_ISPS2/input_Unformatted_caseAddressroadId' is clicked on&#xD;
&#xD;
2019-09-06 17:42:38 - [TEST_STEP][PASSED] - sendKeys(findTestObject("Objects.PopulateAddress/Page_ISPS2/input_Unformatted_caseAddressroadId"), Keys.chord(ARROW_DOWN)): Keys 'DOWN + ' sent to object: 'Object Repository/Objects.PopulateAddress/Page_ISPS2/input_Unformatted_caseAddressroadId'&#xD;
&#xD;
2019-09-06 17:42:38 - [MESSAGE][PASSED] - Keys 'DOWN + ' sent to object: 'Object Repository/Objects.PopulateAddress/Page_ISPS2/input_Unformatted_caseAddressroadId'&#xD;
&#xD;
2019-09-06 17:42:38 - [TEST_STEP][PASSED] - Thread.sleep(5000): null&#xD;
&#xD;
2019-09-06 17:42:43 - [TEST_STEP][PASSED] - modifiedSelection = modifyObjectProperty(findTestObject("Objects.PopulateAddress/Page_ISPS2/div_ACCESS ROAD (ACC00Y)"), "xpath", "equals", "//div[(text() = " + RoadName + ")]", false): Modify property of object successfully&#xD;
&#xD;
2019-09-06 17:42:43 - [MESSAGE][PASSED] - Modify property of object successfully&#xD;
&#xD;
2019-09-06 17:42:43 - [TEST_STEP][PASSED] - com.reusableComponents.HighlightElement.run(modifiedSelection): com.reusableComponents.HighlightElement.run is PASSED&#xD;
&#xD;
2019-09-06 17:42:44 - [MESSAGE][PASSED] - com.reusableComponents.HighlightElement.run is PASSED&#xD;
&#xD;
2019-09-06 17:42:44 - [TEST_STEP][PASSED] - click(modifiedSelection): Object: 'Object Repository/Objects.PopulateAddress/Page_ISPS2/div_ACCESS ROAD (ACC00Y)' is clicked on&#xD;
&#xD;
2019-09-06 17:42:44 - [MESSAGE][PASSED] - Object: 'Object Repository/Objects.PopulateAddress/Page_ISPS2/div_ACCESS ROAD (ACC00Y)' is clicked on&#xD;
&#xD;
2019-09-06 17:42:44 - [TEST_STEP][PASSED] - com.reusableComponents.HighlightElement.run(findTestObject("Objects.PopulateAddress/Page_ISPS2/input_Unformatted_caseAddressbuildingName")): com.reusableComponents.HighlightElement.run is PASSED&#xD;
&#xD;
2019-09-06 17:42:45 - [MESSAGE][PASSED] - com.reusableComponents.HighlightElement.run is PASSED&#xD;
&#xD;
2019-09-06 17:42:45 - [TEST_STEP][PASSED] - setText(findTestObject("Objects.PopulateAddress/Page_ISPS2/input_Unformatted_caseAddressbuildingName"), BuildingName): Text 'JMT Building' is set on object 'Object Repository/Objects.PopulateAddress/Page_ISPS2/input_Unformatted_caseAddressbuildingName'&#xD;
&#xD;
2019-09-06 17:42:45 - [MESSAGE][PASSED] - Text 'JMT Building' is set on object 'Object Repository/Objects.PopulateAddress/Page_ISPS2/input_Unformatted_caseAddressbuildingName'&#xD;
&#xD;
2019-09-06 17:42:45 - [TEST_STEP][PASSED] - com.reusableComponents.HighlightElement.run(findTestObject("Objects.PopulateAddress/Page_ISPS2/input__caseAddresslevel")): com.reusableComponents.HighlightElement.run is PASSED&#xD;
&#xD;
2019-09-06 17:42:46 - [MESSAGE][PASSED] - com.reusableComponents.HighlightElement.run is PASSED&#xD;
&#xD;
2019-09-06 17:42:46 - [TEST_STEP][PASSED] - setText(findTestObject("Objects.PopulateAddress/Page_ISPS2/input__caseAddresslevel"), Level): Text '11' is set on object 'Object Repository/Objects.PopulateAddress/Page_ISPS2/input__caseAddresslevel'&#xD;
&#xD;
2019-09-06 17:42:46 - [MESSAGE][PASSED] - Text '11' is set on object 'Object Repository/Objects.PopulateAddress/Page_ISPS2/input__caseAddresslevel'&#xD;
&#xD;
2019-09-06 17:42:46 - [TEST_STEP][PASSED] - com.reusableComponents.HighlightElement.run(findTestObject("Objects.PopulateAddress/Page_ISPS2/input_-_caseAddressunitNo")): com.reusableComponents.HighlightElement.run is PASSED&#xD;
&#xD;
2019-09-06 17:42:46 - [MESSAGE][PASSED] - com.reusableComponents.HighlightElement.run is PASSED&#xD;
&#xD;
2019-09-06 17:42:46 - [TEST_STEP][PASSED] - setText(findTestObject("Objects.PopulateAddress/Page_ISPS2/input_-_caseAddressunitNo"), Unit): Text 'B' is set on object 'Object Repository/Objects.PopulateAddress/Page_ISPS2/input_-_caseAddressunitNo'&#xD;
&#xD;
2019-09-06 17:42:46 - [MESSAGE][PASSED] - Text 'B' is set on object 'Object Repository/Objects.PopulateAddress/Page_ISPS2/input_-_caseAddressunitNo'&#xD;
&#xD;
2019-09-06 17:42:46 - [TEST_STEP][PASSED] - com.reusableComponents.HighlightElement.run(findTestObject("Objects.PopulateAddress/Page_ISPS2/input_Postal Code_caseAddresspostalCode")): com.reusableComponents.HighlightElement.run is PASSED&#xD;
&#xD;
2019-09-06 17:42:47 - [MESSAGE][PASSED] - com.reusableComponents.HighlightElement.run is PASSED&#xD;
&#xD;
2019-09-06 17:42:47 - [TEST_STEP][PASSED] - setText(findTestObject("Objects.PopulateAddress/Page_ISPS2/input_Postal Code_caseAddresspostalCode"), PostalCode): Text '001738' is set on object 'Object Repository/Objects.PopulateAddress/Page_ISPS2/input_Postal Code_caseAddresspostalCode'&#xD;
&#xD;
2019-09-06 17:42:47 - [MESSAGE][PASSED] - Text '001738' is set on object 'Object Repository/Objects.PopulateAddress/Page_ISPS2/input_Postal Code_caseAddresspostalCode'&#xD;
&#xD;
2019-09-06 17:42:47 - [MESSAGE][PASSED] - Call Test Case 'Test Cases/Components/PopulateAddress' successfully&#xD;
&#xD;
2019-09-06 17:42:47 - [TEST_STEP][PASSED] - callTestCase(findTestCase("Components/ClickResetButton"), [:], STOP_ON_FAILURE): Call Test Case 'Test Cases/Components/ClickResetButton' successfully&#xD;
&#xD;
2019-09-06 17:42:47 - [TEST_CASE][PASSED] - Test Cases/Components/ClickResetButton: Test Cases/Components/ClickResetButton&#xD;
&#xD;
2019-09-06 17:42:47 - [TEST_STEP][PASSED] - Thread.sleep(1000): null&#xD;
&#xD;
2019-09-06 17:42:48 - [TEST_STEP][PASSED] - scrollToElement(findTestObject("Objects.ResetChanges/Page_ISPS2/span_Reset"), 0): Scroll to object 'Object Repository/Objects.ResetChanges/Page_ISPS2/span_Reset' successfully&#xD;
&#xD;
2019-09-06 17:42:48 - [MESSAGE][WARNING] - Timeout '0' is invalid. Using default page load timeout: '30'&#xD;
&#xD;
2019-09-06 17:42:48 - [MESSAGE][PASSED] - Scroll to object 'Object Repository/Objects.ResetChanges/Page_ISPS2/span_Reset' successfully&#xD;
&#xD;
2019-09-06 17:42:48 - [TEST_STEP][PASSED] - Thread.sleep(1000): null&#xD;
&#xD;
2019-09-06 17:42:49 - [TEST_STEP][PASSED] - com.reusableComponents.HighlightElement.run(findTestObject("Objects.ResetChanges/Page_ISPS2/span_Reset")): com.reusableComponents.HighlightElement.run is PASSED&#xD;
&#xD;
2019-09-06 17:42:50 - [MESSAGE][PASSED] - com.reusableComponents.HighlightElement.run is PASSED&#xD;
&#xD;
2019-09-06 17:42:50 - [TEST_STEP][PASSED] - click(findTestObject("Objects.ResetChanges/Page_ISPS2/span_Reset")): Object: 'Object Repository/Objects.ResetChanges/Page_ISPS2/span_Reset' is clicked on&#xD;
&#xD;
2019-09-06 17:42:50 - [MESSAGE][PASSED] - Object: 'Object Repository/Objects.ResetChanges/Page_ISPS2/span_Reset' is clicked on&#xD;
&#xD;
2019-09-06 17:42:50 - [TEST_STEP][PASSED] - Thread.sleep(1000): null&#xD;
&#xD;
2019-09-06 17:42:51 - [MESSAGE][PASSED] - Call Test Case 'Test Cases/Components/ClickResetButton' successfully&#xD;
&#xD;
2019-09-06 17:42:51 - [TEST_STEP][PASSED] - callTestCase(findTestCase("Components/PopulateAddress"), ["HouseBlockNo":findTestData("Datatable").getValue("HouseBlockNo", 1), "BuildingName":findTestData("Datatable").getValue("BuildingName", 1), ... ], STOP_ON_FAILURE): Call Test Case 'Test Cases/Components/PopulateAddress' successfully&#xD;
&#xD;
2019-09-06 17:42:51 - [TEST_CASE][PASSED] - Test Cases/Components/PopulateAddress: Test Cases/Components/PopulateAddress&#xD;
&#xD;
2019-09-06 17:42:51 - [TEST_STEP][NOT_RUN] - Thread.sleep(1000): NOT_RUN: Thread.sleep(1000)&#xD;
&#xD;
2019-09-06 17:42:51 - [MESSAGE][NOT_RUN] - NOT_RUN: Thread.sleep(1000)&#xD;
&#xD;
2019-09-06 17:42:51 - [TEST_STEP][NOT_RUN] - click(findTestObject("Objects.PopulateAddress/Page_ISPS2/label_Formatted")): NOT_RUN: click(findTestObject("Objects.PopulateAddress/Page_ISPS2/label_Formatted"))&#xD;
&#xD;
2019-09-06 17:42:51 - [MESSAGE][NOT_RUN] - NOT_RUN: click(findTestObject("Objects.PopulateAddress/Page_ISPS2/label_Formatted"))&#xD;
&#xD;
2019-09-06 17:42:51 - [TEST_STEP][NOT_RUN] - com.reusableComponents.HighlightElement.run(findTestObject("Objects.PopulateAddress/Page_ISPS2/label_Formatted")): NOT_RUN: com.reusableComponents.HighlightElement.run(findTestObject("Objects.PopulateAddress/Page_ISPS2/label_Formatted"))&#xD;
&#xD;
2019-09-06 17:42:51 - [MESSAGE][NOT_RUN] - NOT_RUN: com.reusableComponents.HighlightElement.run(findTestObject("Objects.PopulateAddress/Page_ISPS2/label_Formatted"))&#xD;
&#xD;
2019-09-06 17:42:51 - [TEST_STEP][NOT_RUN] - com.reusableComponents.HighlightElement.run(findTestObject("Objects.PopulateAddress/Page_ISPS2/label_Formatted")): NOT_RUN: com.reusableComponents.HighlightElement.run(findTestObject("Objects.PopulateAddress/Page_ISPS2/label_Formatted"))&#xD;
&#xD;
2019-09-06 17:42:51 - [MESSAGE][NOT_RUN] - NOT_RUN: com.reusableComponents.HighlightElement.run(findTestObject("Objects.PopulateAddress/Page_ISPS2/label_Formatted"))&#xD;
&#xD;
2019-09-06 17:42:51 - [TEST_STEP][NOT_RUN] - com.reusableComponents.HighlightElement.run(findTestObject("Objects.PopulateAddress/Page_ISPS2/label_Unformatted")): NOT_RUN: com.reusableComponents.HighlightElement.run(findTestObject("Objects.PopulateAddress/Page_ISPS2/label_Unformatted"))&#xD;
&#xD;
2019-09-06 17:42:51 - [MESSAGE][NOT_RUN] - NOT_RUN: com.reusableComponents.HighlightElement.run(findTestObject("Objects.PopulateAddress/Page_ISPS2/label_Unformatted"))&#xD;
&#xD;
2019-09-06 17:42:51 - [TEST_STEP][NOT_RUN] - com.reusableComponents.HighlightElement.run(findTestObject("Objects.PopulateAddress/Page_ISPS2/input_Unformatted_caseAddresshseBlkNo")): NOT_RUN: com.reusableComponents.HighlightElement.run(findTestObject("Objects.PopulateAddress/Page_ISPS2/input_Unformatted_caseAddresshseBlkNo"))&#xD;
&#xD;
2019-09-06 17:42:51 - [MESSAGE][NOT_RUN] - NOT_RUN: com.reusableComponents.HighlightElement.run(findTestObject("Objects.PopulateAddress/Page_ISPS2/input_Unformatted_caseAddresshseBlkNo"))&#xD;
&#xD;
2019-09-06 17:42:51 - [TEST_STEP][NOT_RUN] - com.reusableComponents.HighlightElement.run(findTestObject("Objects.PopulateAddress/Page_ISPS2/input_Unformatted_caseAddressroadId")): NOT_RUN: com.reusableComponents.HighlightElement.run(findTestObject("Objects.PopulateAddress/Page_ISPS2/input_Unformatted_caseAddressroadId"))&#xD;
&#xD;
2019-09-06 17:42:51 - [MESSAGE][NOT_RUN] - NOT_RUN: com.reusableComponents.HighlightElement.run(findTestObject("Objects.PopulateAddress/Page_ISPS2/input_Unformatted_caseAddressroadId"))&#xD;
&#xD;
2019-09-06 17:42:51 - [TEST_STEP][NOT_RUN] - com.reusableComponents.HighlightElement.run(findTestObject("Objects.PopulateAddress/Page_ISPS2/input_Unformatted_caseAddressbuildingName")): NOT_RUN: com.reusableComponents.HighlightElement.run(findTestObject("Objects.PopulateAddress/Page_ISPS2/input_Unformatted_caseAddressbuildingName"))&#xD;
&#xD;
2019-09-06 17:42:51 - [MESSAGE][NOT_RUN] - NOT_RUN: com.reusableComponents.HighlightElement.run(findTestObject("Objects.PopulateAddress/Page_ISPS2/input_Unformatted_caseAddressbuildingName"))&#xD;
&#xD;
2019-09-06 17:42:51 - [TEST_STEP][NOT_RUN] - com.reusableComponents.HighlightElement.run(findTestObject("Objects.PopulateAddress/Page_ISPS2/input__caseAddresslevel")): NOT_RUN: com.reusableComponents.HighlightElement.run(findTestObject("Objects.PopulateAddress/Page_ISPS2/input__caseAddresslevel"))&#xD;
&#xD;
2019-09-06 17:42:51 - [MESSAGE][NOT_RUN] - NOT_RUN: com.reusableComponents.HighlightElement.run(findTestObject("Objects.PopulateAddress/Page_ISPS2/input__caseAddresslevel"))&#xD;
&#xD;
2019-09-06 17:42:51 - [TEST_STEP][NOT_RUN] - com.reusableComponents.HighlightElement.run(findTestObject("Objects.PopulateAddress/Page_ISPS2/input_-_caseAddressunitNo")): NOT_RUN: com.reusableComponents.HighlightElement.run(findTestObject("Objects.PopulateAddress/Page_ISPS2/input_-_caseAddressunitNo"))&#xD;
&#xD;
2019-09-06 17:42:51 - [MESSAGE][NOT_RUN] - NOT_RUN: com.reusableComponents.HighlightElement.run(findTestObject("Objects.PopulateAddress/Page_ISPS2/input_-_caseAddressunitNo"))&#xD;
&#xD;
2019-09-06 17:42:51 - [TEST_STEP][NOT_RUN] - com.reusableComponents.HighlightElement.run(findTestObject("Objects.PopulateAddress/Page_ISPS2/input_Postal Code_caseAddresspostalCode")): NOT_RUN: com.reusableComponents.HighlightElement.run(findTestObject("Objects.PopulateAddress/Page_ISPS2/input_Postal Code_caseAddresspostalCode"))&#xD;
&#xD;
2019-09-06 17:42:51 - [MESSAGE][NOT_RUN] - NOT_RUN: com.reusableComponents.HighlightElement.run(findTestObject("Objects.PopulateAddress/Page_ISPS2/input_Postal Code_caseAddresspostalCode"))&#xD;
&#xD;
2019-09-06 17:42:51 - [TEST_STEP][PASSED] - Thread.sleep(1000): null&#xD;
&#xD;
2019-09-06 17:42:52 - [TEST_STEP][PASSED] - com.reusableComponents.HighlightElement.run(findTestObject("Objects.PopulateAddress/Page_ISPS2/label_Formatted")): com.reusableComponents.HighlightElement.run is PASSED&#xD;
&#xD;
2019-09-06 17:42:53 - [MESSAGE][PASSED] - com.reusableComponents.HighlightElement.run is PASSED&#xD;
&#xD;
2019-09-06 17:42:53 - [TEST_STEP][PASSED] - click(findTestObject("Objects.PopulateAddress/Page_ISPS2/label_Formatted")): Object: 'Object Repository/Objects.PopulateAddress/Page_ISPS2/label_Formatted' is clicked on&#xD;
&#xD;
2019-09-06 17:42:53 - [MESSAGE][PASSED] - Object: 'Object Repository/Objects.PopulateAddress/Page_ISPS2/label_Formatted' is clicked on&#xD;
&#xD;
2019-09-06 17:42:53 - [TEST_STEP][PASSED] - com.reusableComponents.HighlightElement.run(findTestObject("Objects.PopulateAddress/Page_ISPS2/input_Unformatted_caseAddresshseBlkNo")): com.reusableComponents.HighlightElement.run is PASSED&#xD;
&#xD;
2019-09-06 17:42:53 - [MESSAGE][PASSED] - com.reusableComponents.HighlightElement.run is PASSED&#xD;
&#xD;
2019-09-06 17:42:53 - [TEST_STEP][PASSED] - setText(findTestObject("Objects.PopulateAddress/Page_ISPS2/input_Unformatted_caseAddresshseBlkNo"), HouseBlockNo): Text '32' is set on object 'Object Repository/Objects.PopulateAddress/Page_ISPS2/input_Unformatted_caseAddresshseBlkNo'&#xD;
&#xD;
2019-09-06 17:42:54 - [MESSAGE][PASSED] - Text '32' is set on object 'Object Repository/Objects.PopulateAddress/Page_ISPS2/input_Unformatted_caseAddresshseBlkNo'&#xD;
&#xD;
2019-09-06 17:42:54 - [TEST_STEP][PASSED] - com.reusableComponents.HighlightElement.run(findTestObject("Objects.PopulateAddress/Page_ISPS2/input_Unformatted_caseAddressroadId")): com.reusableComponents.HighlightElement.run is PASSED&#xD;
&#xD;
2019-09-06 17:42:54 - [MESSAGE][PASSED] - com.reusableComponents.HighlightElement.run is PASSED&#xD;
&#xD;
2019-09-06 17:42:54 - [TEST_STEP][PASSED] - click(findTestObject("Objects.PopulateAddress/Page_ISPS2/input_Unformatted_caseAddressroadId")): Object: 'Object Repository/Objects.PopulateAddress/Page_ISPS2/input_Unformatted_caseAddressroadId' is clicked on&#xD;
&#xD;
2019-09-06 17:42:54 - [MESSAGE][PASSED] - Object: 'Object Repository/Objects.PopulateAddress/Page_ISPS2/input_Unformatted_caseAddressroadId' is clicked on&#xD;
&#xD;
2019-09-06 17:42:54 - [TEST_STEP][PASSED] - sendKeys(findTestObject("Objects.PopulateAddress/Page_ISPS2/input_Unformatted_caseAddressroadId"), Keys.chord(ARROW_DOWN)): Keys 'DOWN + ' sent to object: 'Object Repository/Objects.PopulateAddress/Page_ISPS2/input_Unformatted_caseAddressroadId'&#xD;
&#xD;
2019-09-06 17:42:54 - [MESSAGE][PASSED] - Keys 'DOWN + ' sent to object: 'Object Repository/Objects.PopulateAddress/Page_ISPS2/input_Unformatted_caseAddressroadId'&#xD;
&#xD;
2019-09-06 17:42:54 - [TEST_STEP][PASSED] - Thread.sleep(5000): null&#xD;
&#xD;
2019-09-06 17:42:59 - [TEST_STEP][PASSED] - modifiedSelection = modifyObjectProperty(findTestObject("Objects.PopulateAddress/Page_ISPS2/div_ACCESS ROAD (ACC00Y)"), "xpath", "equals", "//div[(text() = " + RoadName + ")]", false): Modify property of object successfully&#xD;
&#xD;
2019-09-06 17:42:59 - [MESSAGE][PASSED] - Modify property of object successfully&#xD;
&#xD;
2019-09-06 17:42:59 - [TEST_STEP][PASSED] - com.reusableComponents.HighlightElement.run(modifiedSelection): com.reusableComponents.HighlightElement.run is PASSED&#xD;
&#xD;
2019-09-06 17:43:00 - [MESSAGE][PASSED] - com.reusableComponents.HighlightElement.run is PASSED&#xD;
&#xD;
2019-09-06 17:43:00 - [TEST_STEP][PASSED] - click(modifiedSelection): Object: 'Object Repository/Objects.PopulateAddress/Page_ISPS2/div_ACCESS ROAD (ACC00Y)' is clicked on&#xD;
&#xD;
2019-09-06 17:43:00 - [MESSAGE][PASSED] - Object: 'Object Repository/Objects.PopulateAddress/Page_ISPS2/div_ACCESS ROAD (ACC00Y)' is clicked on&#xD;
&#xD;
2019-09-06 17:43:00 - [TEST_STEP][PASSED] - com.reusableComponents.HighlightElement.run(findTestObject("Objects.PopulateAddress/Page_ISPS2/input_Unformatted_caseAddressbuildingName")): com.reusableComponents.HighlightElement.run is PASSED&#xD;
&#xD;
2019-09-06 17:43:01 - [MESSAGE][PASSED] - com.reusableComponents.HighlightElement.run is PASSED&#xD;
&#xD;
2019-09-06 17:43:01 - [TEST_STEP][PASSED] - setText(findTestObject("Objects.PopulateAddress/Page_ISPS2/input_Unformatted_caseAddressbuildingName"), BuildingName): Text 'JMT Building' is set on object 'Object Repository/Objects.PopulateAddress/Page_ISPS2/input_Unformatted_caseAddressbuildingName'&#xD;
&#xD;
2019-09-06 17:43:01 - [MESSAGE][PASSED] - Text 'JMT Building' is set on object 'Object Repository/Objects.PopulateAddress/Page_ISPS2/input_Unformatted_caseAddressbuildingName'&#xD;
&#xD;
2019-09-06 17:43:01 - [TEST_STEP][PASSED] - com.reusableComponents.HighlightElement.run(findTestObject("Objects.PopulateAddress/Page_ISPS2/input__caseAddresslevel")): com.reusableComponents.HighlightElement.run is PASSED&#xD;
&#xD;
2019-09-06 17:43:01 - [MESSAGE][PASSED] - com.reusableComponents.HighlightElement.run is PASSED&#xD;
&#xD;
2019-09-06 17:43:01 - [TEST_STEP][PASSED] - setText(findTestObject("Objects.PopulateAddress/Page_ISPS2/input__caseAddresslevel"), Level): Text '11' is set on object 'Object Repository/Objects.PopulateAddress/Page_ISPS2/input__caseAddresslevel'&#xD;
&#xD;
2019-09-06 17:43:01 - [MESSAGE][PASSED] - Text '11' is set on object 'Object Repository/Objects.PopulateAddress/Page_ISPS2/input__caseAddresslevel'&#xD;
&#xD;
2019-09-06 17:43:01 - [TEST_STEP][PASSED] - com.reusableComponents.HighlightElement.run(findTestObject("Objects.PopulateAddress/Page_ISPS2/input_-_caseAddressunitNo")): com.reusableComponents.HighlightElement.run is PASSED&#xD;
&#xD;
2019-09-06 17:43:02 - [MESSAGE][PASSED] - com.reusableComponents.HighlightElement.run is PASSED&#xD;
&#xD;
2019-09-06 17:43:02 - [TEST_STEP][PASSED] - setText(findTestObject("Objects.PopulateAddress/Page_ISPS2/input_-_caseAddressunitNo"), Unit): Text 'B' is set on object 'Object Repository/Objects.PopulateAddress/Page_ISPS2/input_-_caseAddressunitNo'&#xD;
&#xD;
2019-09-06 17:43:02 - [MESSAGE][PASSED] - Text 'B' is set on object 'Object Repository/Objects.PopulateAddress/Page_ISPS2/input_-_caseAddressunitNo'&#xD;
&#xD;
2019-09-06 17:43:02 - [TEST_STEP][PASSED] - com.reusableComponents.HighlightElement.run(findTestObject("Objects.PopulateAddress/Page_ISPS2/input_Postal Code_caseAddresspostalCode")): com.reusableComponents.HighlightElement.run is PASSED&#xD;
&#xD;
2019-09-06 17:43:03 - [MESSAGE][PASSED] - com.reusableComponents.HighlightElement.run is PASSED&#xD;
&#xD;
2019-09-06 17:43:03 - [TEST_STEP][PASSED] - setText(findTestObject("Objects.PopulateAddress/Page_ISPS2/input_Postal Code_caseAddresspostalCode"), PostalCode): Text '001738' is set on object 'Object Repository/Objects.PopulateAddress/Page_ISPS2/input_Postal Code_caseAddresspostalCode'&#xD;
&#xD;
2019-09-06 17:43:03 - [MESSAGE][PASSED] - Text '001738' is set on object 'Object Repository/Objects.PopulateAddress/Page_ISPS2/input_Postal Code_caseAddresspostalCode'&#xD;
&#xD;
2019-09-06 17:43:03 - [MESSAGE][PASSED] - Call Test Case 'Test Cases/Components/PopulateAddress' successfully&#xD;
&#xD;
2019-09-06 17:43:03 - [TEST_STEP][PASSED] - callTestCase(findTestCase("Components/ClickSaveButton"), [:], STOP_ON_FAILURE): Call Test Case 'Test Cases/Components/ClickSaveButton' successfully&#xD;
&#xD;
2019-09-06 17:43:03 - [TEST_CASE][PASSED] - Test Cases/Components/ClickSaveButton: Test Cases/Components/ClickSaveButton&#xD;
&#xD;
2019-09-06 17:43:03 - [TEST_STEP][PASSED] - Thread.sleep(1000): null&#xD;
&#xD;
2019-09-06 17:43:04 - [TEST_STEP][PASSED] - scrollToElement(findTestObject("Objects.SaveChanges/span_Save"), 0): Scroll to object 'Object Repository/Objects.SaveChanges/span_Save' successfully&#xD;
&#xD;
2019-09-06 17:43:04 - [MESSAGE][WARNING] - Timeout '0' is invalid. Using default page load timeout: '30'&#xD;
&#xD;
2019-09-06 17:43:04 - [MESSAGE][PASSED] - Scroll to object 'Object Repository/Objects.SaveChanges/span_Save' successfully&#xD;
&#xD;
2019-09-06 17:43:04 - [TEST_STEP][PASSED] - Thread.sleep(1000): null&#xD;
&#xD;
2019-09-06 17:43:05 - [TEST_STEP][PASSED] - com.reusableComponents.HighlightElement.run(findTestObject("Objects.SaveChanges/span_Save")): com.reusableComponents.HighlightElement.run is PASSED&#xD;
&#xD;
2019-09-06 17:43:05 - [MESSAGE][PASSED] - com.reusableComponents.HighlightElement.run is PASSED&#xD;
&#xD;
2019-09-06 17:43:05 - [TEST_STEP][PASSED] - click(findTestObject("Objects.SaveChanges/span_Save")): Object: 'Object Repository/Objects.SaveChanges/span_Save' is clicked on&#xD;
&#xD;
2019-09-06 17:43:06 - [MESSAGE][PASSED] - Object: 'Object Repository/Objects.SaveChanges/span_Save' is clicked on&#xD;
&#xD;
2019-09-06 17:43:06 - [TEST_STEP][PASSED] - Thread.sleep(3000): null&#xD;
&#xD;
2019-09-06 17:43:09 - [MESSAGE][PASSED] - Call Test Case 'Test Cases/Components/ClickSaveButton' successfully&#xD;
&#xD;
2019-09-06 17:43:09 - [TEST_STEP][FAILED] - callTestCase(findTestCase("Components/VerifyAddedAddress"), ["HouseBlockNo":findTestData("Datatable").getValue("HouseBlockNo", 1), "BuildingName":findTestData("Datatable").getValue("BuildingName", 1), ... ], STOP_ON_FAILURE): Unable to call Test Case 'Test Cases/Components/VerifyAddedAddress' (Root cause: com.kms.katalon.core.exception.StepErrorException: Call Test Case 'Test Cases/Components/VerifyAddedAddress' failed because of error(s)&#xD;
	at com.kms.katalon.core.keyword.builtin.CallTestCaseKeyword$_callTestCase_closure1.doCall(CallTestCaseKeyword.groovy:66)&#xD;
	at com.kms.katalon.core.keyword.builtin.CallTestCaseKeyword$_callTestCase_closure1.call(CallTestCaseKeyword.groovy)&#xD;
	at com.kms.katalon.core.keyword.internal.KeywordMain.runKeyword(KeywordMain.groovy:68)&#xD;
	at com.kms.katalon.core.keyword.builtin.CallTestCaseKeyword.callTestCase(CallTestCaseKeyword.groovy:81)&#xD;
	at com.kms.katalon.core.keyword.builtin.CallTestCaseKeyword.execute(CallTestCaseKeyword.groovy:44)&#xD;
	at com.kms.katalon.core.keyword.internal.KeywordExecutor.executeKeywordForPlatform(KeywordExecutor.groovy:56)&#xD;
	at com.kms.katalon.core.keyword.BuiltinKeywords.callTestCase(BuiltinKeywords.groovy:334)&#xD;
	at SmokeTesting.AddressLHS.run(SmokeTesting.AddressLHS:47)&#xD;
	at com.kms.katalon.core.main.ScriptEngine.run(ScriptEngine.java:194)&#xD;
	at com.kms.katalon.core.main.ScriptEngine.runScriptAsRawText(ScriptEngine.java:119)&#xD;
	at com.kms.katalon.core.main.TestCaseExecutor.runScript(TestCaseExecutor.java:337)&#xD;
	at com.kms.katalon.core.main.TestCaseExecutor.doExecute(TestCaseExecutor.java:328)&#xD;
	at com.kms.katalon.core.main.TestCaseExecutor.processExecutionPhase(TestCaseExecutor.java:307)&#xD;
	at com.kms.katalon.core.main.TestCaseExecutor.accessMainPhase(TestCaseExecutor.java:299)&#xD;
	at com.kms.katalon.core.main.TestCaseExecutor.execute(TestCaseExecutor.java:233)&#xD;
	at com.kms.katalon.core.main.TestSuiteExecutor.accessTestCaseMainPhase(TestSuiteExecutor.java:133)&#xD;
	at com.kms.katalon.core.main.TestSuiteExecutor.accessTestSuiteMainPhase(TestSuiteExecutor.java:116)&#xD;
	at com.kms.katalon.core.main.TestSuiteExecutor.execute(TestSuiteExecutor.java:83)&#xD;
	at com.kms.katalon.core.main.TestCaseMain.startTestSuite(TestCaseMain.java:157)&#xD;
	at com.kms.katalon.core.main.TestCaseMain$startTestSuite$0.call(Unknown Source)&#xD;
	at TempTestSuite1567762670011.run(TempTestSuite1567762670011.groovy:35)&#xD;
Caused by: org.codehaus.groovy.runtime.InvokerInvocationException: java.lang.AssertionError: Web element with id: 'Object Repository/Objects.VerifyAddedAddress/Page_ISPS2/li_Case Address saved successfully' located by 'By.xpath: //li[(text() = 'Case Address saved successfully.' or . = 'Case Address saved successfully.')]' not found&#xD;
	at com.reusableComponents.HighlightElement.invokeMethod(HighlightElement.groovy)&#xD;
	at com.kms.katalon.core.main.CustomKeywordDelegatingMetaClass.invokeStaticMethod(CustomKeywordDelegatingMetaClass.java:50)&#xD;
	at VerifyAddedAddress.run(VerifyAddedAddress:18)&#xD;
	at com.kms.katalon.core.main.ScriptEngine.run(ScriptEngine.java:194)&#xD;
	at com.kms.katalon.core.main.ScriptEngine.runScriptAsRawText(ScriptEngine.java:119)&#xD;
	at com.kms.katalon.core.main.TestCaseExecutor.runScript(TestCaseExecutor.java:337)&#xD;
	at com.kms.katalon.core.main.TestCaseExecutor.doExecute(TestCaseExecutor.java:328)&#xD;
	at com.kms.katalon.core.main.TestCaseExecutor.processExecutionPhase(TestCaseExecutor.java:307)&#xD;
	at com.kms.katalon.core.main.TestCaseExecutor.accessMainPhase(TestCaseExecutor.java:299)&#xD;
	at com.kms.katalon.core.main.TestCaseExecutor.execute(TestCaseExecutor.java:233)&#xD;
	at com.kms.katalon.core.main.TestCaseMain.runTestCase(TestCaseMain.java:114)&#xD;
	at com.kms.katalon.core.keyword.builtin.CallTestCaseKeyword$_callTestCase_closure1.doCall(CallTestCaseKeyword.groovy:59)&#xD;
	... 20 more&#xD;
Caused by: java.lang.AssertionError: Web element with id: 'Object Repository/Objects.VerifyAddedAddress/Page_ISPS2/li_Case Address saved successfully' located by 'By.xpath: //li[(text() = 'Case Address saved successfully.' or . = 'Case Address saved successfully.')]' not found&#xD;
	at org.testng.Assert.fail(Assert.java:93)&#xD;
	at org.testng.Assert$fail.call(Unknown Source)&#xD;
	at com.reusableComponents.HighlightElement.run(HighlightElement.groovy:27)&#xD;
	... 32 more&#xD;
)&#xD;
&#xD;
2019-09-06 17:43:09 - [TEST_CASE][ERROR] - Test Cases/Components/VerifyAddedAddress: Test Cases/Components/VerifyAddedAddress FAILED.
Reason:
org.codehaus.groovy.runtime.InvokerInvocationException: java.lang.AssertionError: Web element with id: 'Object Repository/Objects.VerifyAddedAddress/Page_ISPS2/li_Case Address saved successfully' located by 'By.xpath: //li[(text() = 'Case Address saved successfully.' or . = 'Case Address saved successfully.')]' not found&#xD;
	at com.reusableComponents.HighlightElement.invokeMethod(HighlightElement.groovy)&#xD;
	at com.kms.katalon.core.main.CustomKeywordDelegatingMetaClass.invokeStaticMethod(CustomKeywordDelegatingMetaClass.java:50)&#xD;
	at VerifyAddedAddress.run(VerifyAddedAddress:18)&#xD;
	at com.kms.katalon.core.main.ScriptEngine.run(ScriptEngine.java:194)&#xD;
	at com.kms.katalon.core.main.ScriptEngine.runScriptAsRawText(ScriptEngine.java:119)&#xD;
	at com.kms.katalon.core.main.TestCaseExecutor.runScript(TestCaseExecutor.java:337)&#xD;
	at com.kms.katalon.core.main.TestCaseExecutor.doExecute(TestCaseExecutor.java:328)&#xD;
	at com.kms.katalon.core.main.TestCaseExecutor.processExecutionPhase(TestCaseExecutor.java:307)&#xD;
	at com.kms.katalon.core.main.TestCaseExecutor.accessMainPhase(TestCaseExecutor.java:299)&#xD;
	at com.kms.katalon.core.main.TestCaseExecutor.execute(TestCaseExecutor.java:233)&#xD;
	at com.kms.katalon.core.main.TestCaseMain.runTestCase(TestCaseMain.java:114)&#xD;
	at com.kms.katalon.core.keyword.builtin.CallTestCaseKeyword$_callTestCase_closure1.doCall(CallTestCaseKeyword.groovy:59)&#xD;
	at com.kms.katalon.core.keyword.builtin.CallTestCaseKeyword$_callTestCase_closure1.call(CallTestCaseKeyword.groovy)&#xD;
	at com.kms.katalon.core.keyword.internal.KeywordMain.runKeyword(KeywordMain.groovy:68)&#xD;
	at com.kms.katalon.core.keyword.builtin.CallTestCaseKeyword.callTestCase(CallTestCaseKeyword.groovy:81)&#xD;
	at com.kms.katalon.core.keyword.builtin.CallTestCaseKeyword.execute(CallTestCaseKeyword.groovy:44)&#xD;
	at com.kms.katalon.core.keyword.internal.KeywordExecutor.executeKeywordForPlatform(KeywordExecutor.groovy:56)&#xD;
	at com.kms.katalon.core.keyword.BuiltinKeywords.callTestCase(BuiltinKeywords.groovy:334)&#xD;
	at SmokeTesting.AddressLHS.run(SmokeTesting.AddressLHS:47)&#xD;
	at com.kms.katalon.core.main.ScriptEngine.run(ScriptEngine.java:194)&#xD;
	at com.kms.katalon.core.main.ScriptEngine.runScriptAsRawText(ScriptEngine.java:119)&#xD;
	at com.kms.katalon.core.main.TestCaseExecutor.runScript(TestCaseExecutor.java:337)&#xD;
	at com.kms.katalon.core.main.TestCaseExecutor.doExecute(TestCaseExecutor.java:328)&#xD;
	at com.kms.katalon.core.main.TestCaseExecutor.processExecutionPhase(TestCaseExecutor.java:307)&#xD;
	at com.kms.katalon.core.main.TestCaseExecutor.accessMainPhase(TestCaseExecutor.java:299)&#xD;
	at com.kms.katalon.core.main.TestCaseExecutor.execute(TestCaseExecutor.java:233)&#xD;
	at com.kms.katalon.core.main.TestSuiteExecutor.accessTestCaseMainPhase(TestSuiteExecutor.java:133)&#xD;
	at com.kms.katalon.core.main.TestSuiteExecutor.accessTestSuiteMainPhase(TestSuiteExecutor.java:116)&#xD;
	at com.kms.katalon.core.main.TestSuiteExecutor.execute(TestSuiteExecutor.java:83)&#xD;
	at com.kms.katalon.core.main.TestCaseMain.startTestSuite(TestCaseMain.java:157)&#xD;
	at com.kms.katalon.core.main.TestCaseMain$startTestSuite$0.call(Unknown Source)&#xD;
	at TempTestSuite1567762670011.run(TempTestSuite1567762670011.groovy:35)&#xD;
Caused by: java.lang.AssertionError: Web element with id: 'Object Repository/Objects.VerifyAddedAddress/Page_ISPS2/li_Case Address saved successfully' located by 'By.xpath: //li[(text() = 'Case Address saved successfully.' or . = 'Case Address saved successfully.')]' not found&#xD;
	at org.testng.Assert.fail(Assert.java:93)&#xD;
	at org.testng.Assert$fail.call(Unknown Source)&#xD;
	at com.reusableComponents.HighlightElement.run(HighlightElement.groovy:27)&#xD;
	... 32 more&#xD;
&#xD;
&#xD;
2019-09-06 17:43:09 - [TEST_STEP][PASSED] - Thread.sleep(1000): null&#xD;
&#xD;
2019-09-06 17:43:10 - [TEST_STEP][FAILED] - com.reusableComponents.HighlightElement.run(findTestObject("Objects.VerifyAddedAddress/Page_ISPS2/li_Case Address saved successfully")): java.lang.AssertionError: Web element with id: 'Object Repository/Objects.VerifyAddedAddress/Page_ISPS2/li_Case Address saved successfully' located by 'By.xpath: //li[(text() = 'Case Address saved successfully.' or . = 'Case Address saved successfully.')]' not found&#xD;
&#xD;
2019-09-06 17:43:30 - [MESSAGE][INFO] - Unable to find the element located by 'By.xpath: //li[(text() = 'Case Address saved successfully.' or . = 'Case Address saved successfully.')]'. Please recheck the objects properties to make sure the desired element is located. &#xD;
&#xD;
2019-09-06 17:43:30 - [MESSAGE][FAILED] - java.lang.AssertionError: Web element with id: 'Object Repository/Objects.VerifyAddedAddress/Page_ISPS2/li_Case Address saved successfully' located by 'By.xpath: //li[(text() = 'Case Address saved successfully.' or . = 'Case Address saved successfully.')]' not found&#xD;
&#xD;
2019-09-06 17:43:30 - [MESSAGE][FAILED] - Unable to call Test Case 'Test Cases/Components/VerifyAddedAddress' (Root cause: com.kms.katalon.core.exception.StepErrorException: Call Test Case 'Test Cases/Components/VerifyAddedAddress' failed because of error(s)&#xD;
	at com.kms.katalon.core.keyword.builtin.CallTestCaseKeyword$_callTestCase_closure1.doCall(CallTestCaseKeyword.groovy:66)&#xD;
	at com.kms.katalon.core.keyword.builtin.CallTestCaseKeyword$_callTestCase_closure1.call(CallTestCaseKeyword.groovy)&#xD;
	at com.kms.katalon.core.keyword.internal.KeywordMain.runKeyword(KeywordMain.groovy:68)&#xD;
	at com.kms.katalon.core.keyword.builtin.CallTestCaseKeyword.callTestCase(CallTestCaseKeyword.groovy:81)&#xD;
	at com.kms.katalon.core.keyword.builtin.CallTestCaseKeyword.execute(CallTestCaseKeyword.groovy:44)&#xD;
	at com.kms.katalon.core.keyword.internal.KeywordExecutor.executeKeywordForPlatform(KeywordExecutor.groovy:56)&#xD;
	at com.kms.katalon.core.keyword.BuiltinKeywords.callTestCase(BuiltinKeywords.groovy:334)&#xD;
	at SmokeTesting.AddressLHS.run(SmokeTesting.AddressLHS:47)&#xD;
	at com.kms.katalon.core.main.ScriptEngine.run(ScriptEngine.java:194)&#xD;
	at com.kms.katalon.core.main.ScriptEngine.runScriptAsRawText(ScriptEngine.java:119)&#xD;
	at com.kms.katalon.core.main.TestCaseExecutor.runScript(TestCaseExecutor.java:337)&#xD;
	at com.kms.katalon.core.main.TestCaseExecutor.doExecute(TestCaseExecutor.java:328)&#xD;
	at com.kms.katalon.core.main.TestCaseExecutor.processExecutionPhase(TestCaseExecutor.java:307)&#xD;
	at com.kms.katalon.core.main.TestCaseExecutor.accessMainPhase(TestCaseExecutor.java:299)&#xD;
	at com.kms.katalon.core.main.TestCaseExecutor.execute(TestCaseExecutor.java:233)&#xD;
	at com.kms.katalon.core.main.TestSuiteExecutor.accessTestCaseMainPhase(TestSuiteExecutor.java:133)&#xD;
	at com.kms.katalon.core.main.TestSuiteExecutor.accessTestSuiteMainPhase(TestSuiteExecutor.java:116)&#xD;
	at com.kms.katalon.core.main.TestSuiteExecutor.execute(TestSuiteExecutor.java:83)&#xD;
	at com.kms.katalon.core.main.TestCaseMain.startTestSuite(TestCaseMain.java:157)&#xD;
	at com.kms.katalon.core.main.TestCaseMain$startTestSuite$0.call(Unknown Source)&#xD;
	at TempTestSuite1567762670011.run(TempTestSuite1567762670011.groovy:35)&#xD;
Caused by: org.codehaus.groovy.runtime.InvokerInvocationException: java.lang.AssertionError: Web element with id: 'Object Repository/Objects.VerifyAddedAddress/Page_ISPS2/li_Case Address saved successfully' located by 'By.xpath: //li[(text() = 'Case Address saved successfully.' or . = 'Case Address saved successfully.')]' not found&#xD;
	at com.reusableComponents.HighlightElement.invokeMethod(HighlightElement.groovy)&#xD;
	at com.kms.katalon.core.main.CustomKeywordDelegatingMetaClass.invokeStaticMethod(CustomKeywordDelegatingMetaClass.java:50)&#xD;
	at VerifyAddedAddress.run(VerifyAddedAddress:18)&#xD;
	at com.kms.katalon.core.main.ScriptEngine.run(ScriptEngine.java:194)&#xD;
	at com.kms.katalon.core.main.ScriptEngine.runScriptAsRawText(ScriptEngine.java:119)&#xD;
	at com.kms.katalon.core.main.TestCaseExecutor.runScript(TestCaseExecutor.java:337)&#xD;
	at com.kms.katalon.core.main.TestCaseExecutor.doExecute(TestCaseExecutor.java:328)&#xD;
	at com.kms.katalon.core.main.TestCaseExecutor.processExecutionPhase(TestCaseExecutor.java:307)&#xD;
	at com.kms.katalon.core.main.TestCaseExecutor.accessMainPhase(TestCaseExecutor.java:299)&#xD;
	at com.kms.katalon.core.main.TestCaseExecutor.execute(TestCaseExecutor.java:233)&#xD;
	at com.kms.katalon.core.main.TestCaseMain.runTestCase(TestCaseMain.java:114)&#xD;
	at com.kms.katalon.core.keyword.builtin.CallTestCaseKeyword$_callTestCase_closure1.doCall(CallTestCaseKeyword.groovy:59)&#xD;
	... 20 more&#xD;
Caused by: java.lang.AssertionError: Web element with id: 'Object Repository/Objects.VerifyAddedAddress/Page_ISPS2/li_Case Address saved successfully' located by 'By.xpath: //li[(text() = 'Case Address saved successfully.' or . = 'Case Address saved successfully.')]' not found&#xD;
	at org.testng.Assert.fail(Assert.java:93)&#xD;
	at org.testng.Assert$fail.call(Unknown Source)&#xD;
	at com.reusableComponents.HighlightElement.run(HighlightElement.groovy:27)&#xD;
	... 32 more&#xD;
)</system-out>
            <system-err>2019-09-06 17:41:20 - [TEST_CASE][ERROR] - Test Cases/Smoke/TBP/SmokeTesting.AddressLHS: Test Cases/Smoke/TBP/SmokeTesting.AddressLHS FAILED.
Reason:
com.kms.katalon.core.exception.StepErrorException: Call Test Case 'Test Cases/Components/VerifyAddedAddress' failed because of error(s)&#xD;
	at com.kms.katalon.core.keyword.builtin.CallTestCaseKeyword$_callTestCase_closure1.doCall(CallTestCaseKeyword.groovy:66)&#xD;
	at com.kms.katalon.core.keyword.builtin.CallTestCaseKeyword$_callTestCase_closure1.call(CallTestCaseKeyword.groovy)&#xD;
	at com.kms.katalon.core.keyword.internal.KeywordMain.runKeyword(KeywordMain.groovy:68)&#xD;
	at com.kms.katalon.core.keyword.builtin.CallTestCaseKeyword.callTestCase(CallTestCaseKeyword.groovy:81)&#xD;
	at com.kms.katalon.core.keyword.builtin.CallTestCaseKeyword.execute(CallTestCaseKeyword.groovy:44)&#xD;
	at com.kms.katalon.core.keyword.internal.KeywordExecutor.executeKeywordForPlatform(KeywordExecutor.groovy:56)&#xD;
	at com.kms.katalon.core.keyword.BuiltinKeywords.callTestCase(BuiltinKeywords.groovy:334)&#xD;
	at SmokeTesting.AddressLHS.run(SmokeTesting.AddressLHS:47)&#xD;
	at com.kms.katalon.core.main.ScriptEngine.run(ScriptEngine.java:194)&#xD;
	at com.kms.katalon.core.main.ScriptEngine.runScriptAsRawText(ScriptEngine.java:119)&#xD;
	at com.kms.katalon.core.main.TestCaseExecutor.runScript(TestCaseExecutor.java:337)&#xD;
	at com.kms.katalon.core.main.TestCaseExecutor.doExecute(TestCaseExecutor.java:328)&#xD;
	at com.kms.katalon.core.main.TestCaseExecutor.processExecutionPhase(TestCaseExecutor.java:307)&#xD;
	at com.kms.katalon.core.main.TestCaseExecutor.accessMainPhase(TestCaseExecutor.java:299)&#xD;
	at com.kms.katalon.core.main.TestCaseExecutor.execute(TestCaseExecutor.java:233)&#xD;
	at com.kms.katalon.core.main.TestSuiteExecutor.accessTestCaseMainPhase(TestSuiteExecutor.java:133)&#xD;
	at com.kms.katalon.core.main.TestSuiteExecutor.accessTestSuiteMainPhase(TestSuiteExecutor.java:116)&#xD;
	at com.kms.katalon.core.main.TestSuiteExecutor.execute(TestSuiteExecutor.java:83)&#xD;
	at com.kms.katalon.core.main.TestCaseMain.startTestSuite(TestCaseMain.java:157)&#xD;
	at com.kms.katalon.core.main.TestCaseMain$startTestSuite$0.call(Unknown Source)&#xD;
	at TempTestSuite1567762670011.run(TempTestSuite1567762670011.groovy:35)&#xD;
Caused by: org.codehaus.groovy.runtime.InvokerInvocationException: java.lang.AssertionError: Web element with id: 'Object Repository/Objects.VerifyAddedAddress/Page_ISPS2/li_Case Address saved successfully' located by 'By.xpath: //li[(text() = 'Case Address saved successfully.' or . = 'Case Address saved successfully.')]' not found&#xD;
	at com.reusableComponents.HighlightElement.invokeMethod(HighlightElement.groovy)&#xD;
	at com.kms.katalon.core.main.CustomKeywordDelegatingMetaClass.invokeStaticMethod(CustomKeywordDelegatingMetaClass.java:50)&#xD;
	at VerifyAddedAddress.run(VerifyAddedAddress:18)&#xD;
	at com.kms.katalon.core.main.ScriptEngine.run(ScriptEngine.java:194)&#xD;
	at com.kms.katalon.core.main.ScriptEngine.runScriptAsRawText(ScriptEngine.java:119)&#xD;
	at com.kms.katalon.core.main.TestCaseExecutor.runScript(TestCaseExecutor.java:337)&#xD;
	at com.kms.katalon.core.main.TestCaseExecutor.doExecute(TestCaseExecutor.java:328)&#xD;
	at com.kms.katalon.core.main.TestCaseExecutor.processExecutionPhase(TestCaseExecutor.java:307)&#xD;
	at com.kms.katalon.core.main.TestCaseExecutor.accessMainPhase(TestCaseExecutor.java:299)&#xD;
	at com.kms.katalon.core.main.TestCaseExecutor.execute(TestCaseExecutor.java:233)&#xD;
	at com.kms.katalon.core.main.TestCaseMain.runTestCase(TestCaseMain.java:114)&#xD;
	at com.kms.katalon.core.keyword.builtin.CallTestCaseKeyword$_callTestCase_closure1.doCall(CallTestCaseKeyword.groovy:59)&#xD;
	... 20 more&#xD;
Caused by: java.lang.AssertionError: Web element with id: 'Object Repository/Objects.VerifyAddedAddress/Page_ISPS2/li_Case Address saved successfully' located by 'By.xpath: //li[(text() = 'Case Address saved successfully.' or . = 'Case Address saved successfully.')]' not found&#xD;
	at org.testng.Assert.fail(Assert.java:93)&#xD;
	at org.testng.Assert$fail.call(Unknown Source)&#xD;
	at com.reusableComponents.HighlightElement.run(HighlightElement.groovy:27)&#xD;
	... 32 more</system-err>
        </testcase>
        <testcase name="Test Cases/Smoke/TBP/SmokeTesting.LotLHS" classname="Test Cases/Smoke/TBP/SmokeTesting.LotLHS" status="FAILED">
            <failure type="FAILED" message="Test Cases/Smoke/TBP/SmokeTesting.LotLHS FAILED.&#xA;Reason:&#xA;com.kms.katalon.core.exception.StepFailedException: Call Test Case 'Test Cases/Components/PopulateLot' failed&#xD;&#xA;&#x9;at com.kms.katalon.core.keyword.builtin.CallTestCaseKeyword$_callTestCase_closure1.doCall(CallTestCaseKeyword.groovy:63)&#xD;&#xA;&#x9;at com.kms.katalon.core.keyword.builtin.CallTestCaseKeyword$_callTestCase_closure1.call(CallTestCaseKeyword.groovy)&#xD;&#xA;&#x9;at com.kms.katalon.core.keyword.internal.KeywordMain.runKeyword(KeywordMain.groovy:68)&#xD;&#xA;&#x9;at com.kms.katalon.core.keyword.builtin.CallTestCaseKeyword.callTestCase(CallTestCaseKeyword.groovy:81)&#xD;&#xA;&#x9;at com.kms.katalon.core.keyword.builtin.CallTestCaseKeyword.execute(CallTestCaseKeyword.groovy:44)&#xD;&#xA;&#x9;at com.kms.katalon.core.keyword.internal.KeywordExecutor.executeKeywordForPlatform(KeywordExecutor.groovy:56)&#xD;&#xA;&#x9;at com.kms.katalon.core.keyword.BuiltinKeywords.callTestCase(BuiltinKeywords.groovy:334)&#xD;&#xA;&#x9;at SmokeTesting.LotLHS.run(SmokeTesting.LotLHS:48)&#xD;&#xA;&#x9;at com.kms.katalon.core.main.ScriptEngine.run(ScriptEngine.java:194)&#xD;&#xA;&#x9;at com.kms.katalon.core.main.ScriptEngine.runScriptAsRawText(ScriptEngine.java:119)&#xD;&#xA;&#x9;at com.kms.katalon.core.main.TestCaseExecutor.runScript(TestCaseExecutor.java:337)&#xD;&#xA;&#x9;at com.kms.katalon.core.main.TestCaseExecutor.doExecute(TestCaseExecutor.java:328)&#xD;&#xA;&#x9;at com.kms.katalon.core.main.TestCaseExecutor.processExecutionPhase(TestCaseExecutor.java:307)&#xD;&#xA;&#x9;at com.kms.katalon.core.main.TestCaseExecutor.accessMainPhase(TestCaseExecutor.java:299)&#xD;&#xA;&#x9;at com.kms.katalon.core.main.TestCaseExecutor.execute(TestCaseExecutor.java:233)&#xD;&#xA;&#x9;at com.kms.katalon.core.main.TestSuiteExecutor.accessTestCaseMainPhase(TestSuiteExecutor.java:133)&#xD;&#xA;&#x9;at com.kms.katalon.core.main.TestSuiteExecutor.accessTestSuiteMainPhase(TestSuiteExecutor.java:116)&#xD;&#xA;&#x9;at com.kms.katalon.core.main.TestSuiteExecutor.execute(TestSuiteExecutor.java:83)&#xD;&#xA;&#x9;at com.kms.katalon.core.main.TestCaseMain.startTestSuite(TestCaseMain.java:157)&#xD;&#xA;&#x9;at com.kms.katalon.core.main.TestCaseMain$startTestSuite$0.call(Unknown Source)&#xD;&#xA;&#x9;at TempTestSuite1567762670011.run(TempTestSuite1567762670011.groovy:35)&#xD;&#xA;Caused by: com.kms.katalon.core.exception.StepFailedException: Unable to click on object 'Object Repository/Objects.PopulateLot/Page_ISPS2/input__caseLotMkTsmkTsCdId'&#xD;&#xA;&#x9;at com.kms.katalon.core.webui.keyword.internal.WebUIKeywordMain.stepFailed(WebUIKeywordMain.groovy:64)&#xD;&#xA;&#x9;at com.kms.katalon.core.webui.keyword.internal.WebUIKeywordMain.runKeyword(WebUIKeywordMain.groovy:26)&#xD;&#xA;&#x9;at com.kms.katalon.core.webui.keyword.builtin.ClickKeyword.click(ClickKeyword.groovy:86)&#xD;&#xA;&#x9;at com.kms.katalon.core.webui.keyword.builtin.ClickKeyword.execute(ClickKeyword.groovy:67)&#xD;&#xA;&#x9;at com.kms.katalon.core.keyword.internal.KeywordExecutor.executeKeywordForPlatform(KeywordExecutor.groovy:56)&#xD;&#xA;&#x9;at com.kms.katalon.core.webui.keyword.WebUiBuiltInKeywords.click(WebUiBuiltInKeywords.groovy:616)&#xD;&#xA;&#x9;at com.kms.katalon.core.webui.keyword.WebUiBuiltInKeywords$click$6.call(Unknown Source)&#xD;&#xA;&#x9;at PopulateLot.run(PopulateLot:24)&#xD;&#xA;&#x9;at com.kms.katalon.core.main.ScriptEngine.run(ScriptEngine.java:194)&#xD;&#xA;&#x9;at com.kms.katalon.core.main.ScriptEngine.runScriptAsRawText(ScriptEngine.java:119)&#xD;&#xA;&#x9;at com.kms.katalon.core.main.TestCaseExecutor.runScript(TestCaseExecutor.java:337)&#xD;&#xA;&#x9;at com.kms.katalon.core.main.TestCaseExecutor.doExecute(TestCaseExecutor.java:328)&#xD;&#xA;&#x9;at com.kms.katalon.core.main.TestCaseExecutor.processExecutionPhase(TestCaseExecutor.java:307)&#xD;&#xA;&#x9;at com.kms.katalon.core.main.TestCaseExecutor.accessMainPhase(TestCaseExecutor.java:299)&#xD;&#xA;&#x9;at com.kms.katalon.core.main.TestCaseExecutor.execute(TestCaseExecutor.java:233)&#xD;&#xA;&#x9;at com.kms.katalon.core.main.TestCaseMain.runTestCase(TestCaseMain.java:114)&#xD;&#xA;&#x9;at com.kms.katalon.core.keyword.builtin.CallTestCaseKeyword$_callTestCase_closure1.doCall(CallTestCaseKeyword.groovy:59)&#xD;&#xA;&#x9;... 20 more&#xD;&#xA;Caused by: org.openqa.selenium.ElementClickInterceptedException: element click intercepted: Element &lt;input id=&quot;NovaCodeComboBox-1929-inputEl&quot; data-ref=&quot;inputEl&quot; type=&quot;text&quot; size=&quot;1&quot; name=&quot;caseLotMkTs.mkTsCdId&quot; placeholder=&quot;MK / TS&quot; role=&quot;combobox&quot; aria-hidden=&quot;false&quot; aria-disabled=&quot;false&quot; aria-readonly=&quot;false&quot; aria-invalid=&quot;false&quot; aria-required=&quot;true&quot; aria-haspopup=&quot;true&quot; aria-expanded=&quot;false&quot; aria-autocomplete=&quot;list&quot; class=&quot;x-form-field x-form-required-field x-form-text x-form-text-default &quot; autocomplete=&quot;off&quot; data-componentid=&quot;NovaCodeComboBox-1929&quot; data-errorqtip=&quot;&quot; style=&quot;background: clear;&quot; aria-owns=&quot;boundlist-1962-listEl&quot; aria-activedescendant=&quot;ext-element-48&quot; data-tabindex-value=&quot;none&quot; tabindex=&quot;-1&quot; data-tabindex-counter=&quot;1&quot;&gt; is not clickable at point (559, 249). Other element would receive the click: &lt;div data-sticky=&quot;true&quot; role=&quot;presentation&quot; class=&quot;x-mask x-border-box&quot; style=&quot;height: 710px; width: 1536px; z-index: 18996; right: auto; left: 0px; top: 0px;&quot; id=&quot;ext-element-52&quot;&gt;&lt;/div&gt;&#xA;  (Session info: chrome=76.0.3809.132)&#xA;Build info: version: '3.141.59', revision: 'e82be7d358', time: '2018-11-14T08:25:53'&#xA;System info: host: 'NSNB-118', ip: '10.0.1.130', os.name: 'Windows 10', os.arch: 'amd64', os.version: '10.0', java.version: '1.8.0_181'&#xA;Driver info: com.kms.katalon.selenium.driver.CChromeDriver&#xA;Capabilities {acceptInsecureCerts: false, browserName: chrome, browserVersion: 76.0.3809.132, chrome: {chromedriverVersion: 76.0.3809.68 (420c9498db8ce..., userDataDir: C:\Users\19033-~1\AppData\L...}, goog:chromeOptions: {debuggerAddress: localhost:63192}, javascriptEnabled: true, networkConnectionEnabled: false, pageLoadStrategy: normal, platform: XP, platformName: XP, proxy: Proxy(), setWindowRect: true, strictFileInteractability: false, timeouts: {implicit: 0, pageLoad: 300000, script: 30000}, unhandledPromptBehavior: dismiss and notify}&#xA;Session ID: 7c6ad07b58c108fbf91b0bcda5f114a1&#xD;&#xA;&#x9;at org.openqa.selenium.remote.http.W3CHttpResponseCodec.createException(W3CHttpResponseCodec.java:187)&#xD;&#xA;&#x9;at org.openqa.selenium.remote.http.W3CHttpResponseCodec.decode(W3CHttpResponseCodec.java:122)&#xD;&#xA;&#x9;at org.openqa.selenium.remote.http.W3CHttpResponseCodec.decode(W3CHttpResponseCodec.java:49)&#xD;&#xA;&#x9;at org.openqa.selenium.remote.HttpCommandExecutor.execute(HttpCommandExecutor.java:158)&#xD;&#xA;&#x9;at org.openqa.selenium.remote.service.DriverCommandExecutor.execute(DriverCommandExecutor.java:83)&#xD;&#xA;&#x9;at org.openqa.selenium.remote.RemoteWebDriver.execute(RemoteWebDriver.java:552)&#xD;&#xA;&#x9;at com.kms.katalon.selenium.driver.CChromeDriver.execute(CChromeDriver.java:20)&#xD;&#xA;&#x9;at org.openqa.selenium.remote.RemoteWebElement.execute(RemoteWebElement.java:285)&#xD;&#xA;&#x9;at org.openqa.selenium.remote.RemoteWebElement.click(RemoteWebElement.java:84)&#xD;&#xA;&#x9;at com.kms.katalon.core.webui.keyword.builtin.ClickKeyword$_click_closure1.doCall(ClickKeyword.groovy:79)&#xD;&#xA;&#x9;at com.kms.katalon.core.webui.keyword.builtin.ClickKeyword$_click_closure1.call(ClickKeyword.groovy)&#xD;&#xA;&#x9;at com.kms.katalon.core.webui.keyword.internal.WebUIKeywordMain.runKeyword(WebUIKeywordMain.groovy:20)&#xD;&#xA;&#x9;... 35 more&#xD;&#xA;"/>
            <system-out>2019-09-06 17:43:30 - [TEST_CASE][FAILED] - Test Cases/Smoke/TBP/SmokeTesting.LotLHS: Test Cases/Smoke/TBP/SmokeTesting.LotLHS FAILED.
Reason:
com.kms.katalon.core.exception.StepFailedException: Call Test Case 'Test Cases/Components/PopulateLot' failed&#xD;
	at com.kms.katalon.core.keyword.builtin.CallTestCaseKeyword$_callTestCase_closure1.doCall(CallTestCaseKeyword.groovy:63)&#xD;
	at com.kms.katalon.core.keyword.builtin.CallTestCaseKeyword$_callTestCase_closure1.call(CallTestCaseKeyword.groovy)&#xD;
	at com.kms.katalon.core.keyword.internal.KeywordMain.runKeyword(KeywordMain.groovy:68)&#xD;
	at com.kms.katalon.core.keyword.builtin.CallTestCaseKeyword.callTestCase(CallTestCaseKeyword.groovy:81)&#xD;
	at com.kms.katalon.core.keyword.builtin.CallTestCaseKeyword.execute(CallTestCaseKeyword.groovy:44)&#xD;
	at com.kms.katalon.core.keyword.internal.KeywordExecutor.executeKeywordForPlatform(KeywordExecutor.groovy:56)&#xD;
	at com.kms.katalon.core.keyword.BuiltinKeywords.callTestCase(BuiltinKeywords.groovy:334)&#xD;
	at SmokeTesting.LotLHS.run(SmokeTesting.LotLHS:48)&#xD;
	at com.kms.katalon.core.main.ScriptEngine.run(ScriptEngine.java:194)&#xD;
	at com.kms.katalon.core.main.ScriptEngine.runScriptAsRawText(ScriptEngine.java:119)&#xD;
	at com.kms.katalon.core.main.TestCaseExecutor.runScript(TestCaseExecutor.java:337)&#xD;
	at com.kms.katalon.core.main.TestCaseExecutor.doExecute(TestCaseExecutor.java:328)&#xD;
	at com.kms.katalon.core.main.TestCaseExecutor.processExecutionPhase(TestCaseExecutor.java:307)&#xD;
	at com.kms.katalon.core.main.TestCaseExecutor.accessMainPhase(TestCaseExecutor.java:299)&#xD;
	at com.kms.katalon.core.main.TestCaseExecutor.execute(TestCaseExecutor.java:233)&#xD;
	at com.kms.katalon.core.main.TestSuiteExecutor.accessTestCaseMainPhase(TestSuiteExecutor.java:133)&#xD;
	at com.kms.katalon.core.main.TestSuiteExecutor.accessTestSuiteMainPhase(TestSuiteExecutor.java:116)&#xD;
	at com.kms.katalon.core.main.TestSuiteExecutor.execute(TestSuiteExecutor.java:83)&#xD;
	at com.kms.katalon.core.main.TestCaseMain.startTestSuite(TestCaseMain.java:157)&#xD;
	at com.kms.katalon.core.main.TestCaseMain$startTestSuite$0.call(Unknown Source)&#xD;
	at TempTestSuite1567762670011.run(TempTestSuite1567762670011.groovy:35)&#xD;
Caused by: com.kms.katalon.core.exception.StepFailedException: Unable to click on object 'Object Repository/Objects.PopulateLot/Page_ISPS2/input__caseLotMkTsmkTsCdId'&#xD;
	at com.kms.katalon.core.webui.keyword.internal.WebUIKeywordMain.stepFailed(WebUIKeywordMain.groovy:64)&#xD;
	at com.kms.katalon.core.webui.keyword.internal.WebUIKeywordMain.runKeyword(WebUIKeywordMain.groovy:26)&#xD;
	at com.kms.katalon.core.webui.keyword.builtin.ClickKeyword.click(ClickKeyword.groovy:86)&#xD;
	at com.kms.katalon.core.webui.keyword.builtin.ClickKeyword.execute(ClickKeyword.groovy:67)&#xD;
	at com.kms.katalon.core.keyword.internal.KeywordExecutor.executeKeywordForPlatform(KeywordExecutor.groovy:56)&#xD;
	at com.kms.katalon.core.webui.keyword.WebUiBuiltInKeywords.click(WebUiBuiltInKeywords.groovy:616)&#xD;
	at com.kms.katalon.core.webui.keyword.WebUiBuiltInKeywords$click$6.call(Unknown Source)&#xD;
	at PopulateLot.run(PopulateLot:24)&#xD;
	at com.kms.katalon.core.main.ScriptEngine.run(ScriptEngine.java:194)&#xD;
	at com.kms.katalon.core.main.ScriptEngine.runScriptAsRawText(ScriptEngine.java:119)&#xD;
	at com.kms.katalon.core.main.TestCaseExecutor.runScript(TestCaseExecutor.java:337)&#xD;
	at com.kms.katalon.core.main.TestCaseExecutor.doExecute(TestCaseExecutor.java:328)&#xD;
	at com.kms.katalon.core.main.TestCaseExecutor.processExecutionPhase(TestCaseExecutor.java:307)&#xD;
	at com.kms.katalon.core.main.TestCaseExecutor.accessMainPhase(TestCaseExecutor.java:299)&#xD;
	at com.kms.katalon.core.main.TestCaseExecutor.execute(TestCaseExecutor.java:233)&#xD;
	at com.kms.katalon.core.main.TestCaseMain.runTestCase(TestCaseMain.java:114)&#xD;
	at com.kms.katalon.core.keyword.builtin.CallTestCaseKeyword$_callTestCase_closure1.doCall(CallTestCaseKeyword.groovy:59)&#xD;
	... 20 more&#xD;
Caused by: org.openqa.selenium.ElementClickInterceptedException: element click intercepted: Element &lt;input id="NovaCodeComboBox-1929-inputEl" data-ref="inputEl" type="text" size="1" name="caseLotMkTs.mkTsCdId" placeholder="MK / TS" role="combobox" aria-hidden="false" aria-disabled="false" aria-readonly="false" aria-invalid="false" aria-required="true" aria-haspopup="true" aria-expanded="false" aria-autocomplete="list" class="x-form-field x-form-required-field x-form-text x-form-text-default " autocomplete="off" data-componentid="NovaCodeComboBox-1929" data-errorqtip="" style="background: clear;" aria-owns="boundlist-1962-listEl" aria-activedescendant="ext-element-48" data-tabindex-value="none" tabindex="-1" data-tabindex-counter="1"&gt; is not clickable at point (559, 249). Other element would receive the click: &lt;div data-sticky="true" role="presentation" class="x-mask x-border-box" style="height: 710px; width: 1536px; z-index: 18996; right: auto; left: 0px; top: 0px;" id="ext-element-52"&gt;&lt;/div&gt;
  (Session info: chrome=76.0.3809.132)
Build info: version: '3.141.59', revision: 'e82be7d358', time: '2018-11-14T08:25:53'
System info: host: 'NSNB-118', ip: '10.0.1.130', os.name: 'Windows 10', os.arch: 'amd64', os.version: '10.0', java.version: '1.8.0_181'
Driver info: com.kms.katalon.selenium.driver.CChromeDriver
Capabilities {acceptInsecureCerts: false, browserName: chrome, browserVersion: 76.0.3809.132, chrome: {chromedriverVersion: 76.0.3809.68 (420c9498db8ce..., userDataDir: C:\Users\19033-~1\AppData\L...}, goog:chromeOptions: {debuggerAddress: localhost:63192}, javascriptEnabled: true, networkConnectionEnabled: false, pageLoadStrategy: normal, platform: XP, platformName: XP, proxy: Proxy(), setWindowRect: true, strictFileInteractability: false, timeouts: {implicit: 0, pageLoad: 300000, script: 30000}, unhandledPromptBehavior: dismiss and notify}
Session ID: 7c6ad07b58c108fbf91b0bcda5f114a1&#xD;
	at org.openqa.selenium.remote.http.W3CHttpResponseCodec.createException(W3CHttpResponseCodec.java:187)&#xD;
	at org.openqa.selenium.remote.http.W3CHttpResponseCodec.decode(W3CHttpResponseCodec.java:122)&#xD;
	at org.openqa.selenium.remote.http.W3CHttpResponseCodec.decode(W3CHttpResponseCodec.java:49)&#xD;
	at org.openqa.selenium.remote.HttpCommandExecutor.execute(HttpCommandExecutor.java:158)&#xD;
	at org.openqa.selenium.remote.service.DriverCommandExecutor.execute(DriverCommandExecutor.java:83)&#xD;
	at org.openqa.selenium.remote.RemoteWebDriver.execute(RemoteWebDriver.java:552)&#xD;
	at com.kms.katalon.selenium.driver.CChromeDriver.execute(CChromeDriver.java:20)&#xD;
	at org.openqa.selenium.remote.RemoteWebElement.execute(RemoteWebElement.java:285)&#xD;
	at org.openqa.selenium.remote.RemoteWebElement.click(RemoteWebElement.java:84)&#xD;
	at com.kms.katalon.core.webui.keyword.builtin.ClickKeyword$_click_closure1.doCall(ClickKeyword.groovy:79)&#xD;
	at com.kms.katalon.core.webui.keyword.builtin.ClickKeyword$_click_closure1.call(ClickKeyword.groovy)&#xD;
	at com.kms.katalon.core.webui.keyword.internal.WebUIKeywordMain.runKeyword(WebUIKeywordMain.groovy:20)&#xD;
	... 35 more&#xD;
&#xD;
&#xD;
2019-09-06 17:43:30 - [TEST_STEP][PASSED] - callTestCase(findTestCase("Components/Login"), ["Username":findTestData("Datatable").getValue("Username", 1), "Password":findTestData("Datatable").getValue("Password", 1)], STOP_ON_FAILURE): Call Test Case 'Test Cases/Components/Login' successfully&#xD;
&#xD;
2019-09-06 17:43:30 - [TEST_CASE][PASSED] - Test Cases/Components/Login: Test Cases/Components/Login&#xD;
&#xD;
2019-09-06 17:43:30 - [TEST_STEP][PASSED] - openBrowser(findTestData("Datatable").getValue("URL", 1)): Browser is opened with url: 'http://java03:3012/isps2-prod-verify/authnz/login.do'&#xD;
&#xD;
2019-09-06 17:43:30 - [MESSAGE][WARNING] - A browser is already opened. Closing browser and opening a new one&#xD;
&#xD;
2019-09-06 17:43:31 - [MESSAGE][INFO] - Starting 'Chrome' driver&#xD;
&#xD;
2019-09-06 17:43:36 - [MESSAGE][PASSED] - Browser is opened with url: 'http://java03:3012/isps2-prod-verify/authnz/login.do'&#xD;
&#xD;
2019-09-06 17:43:36 - [TEST_STEP][PASSED] - maximizeWindow(): Current window maximized&#xD;
&#xD;
2019-09-06 17:43:37 - [MESSAGE][PASSED] - Current window maximized&#xD;
&#xD;
2019-09-06 17:43:37 - [TEST_STEP][PASSED] - verifyTextPresent("Sign in to ISPS2-PROD-Verify", false): Text 'Sign in to ISPS2-PROD-Verify' is present on page &#xD;
&#xD;
2019-09-06 17:43:37 - [MESSAGE][PASSED] - Text 'Sign in to ISPS2-PROD-Verify' is present on page &#xD;
&#xD;
2019-09-06 17:43:37 - [TEST_STEP][NOT_RUN] - com.reusableComponents.HighlightElement.run(findTestObject("Objects.Login/Login Page/div_Sign in to ISPS2-PROD-Verify")): NOT_RUN: com.reusableComponents.HighlightElement.run(findTestObject("Objects.Login/Login Page/div_Sign in to ISPS2-PROD-Verify"))&#xD;
&#xD;
2019-09-06 17:43:37 - [MESSAGE][NOT_RUN] - NOT_RUN: com.reusableComponents.HighlightElement.run(findTestObject("Objects.Login/Login Page/div_Sign in to ISPS2-PROD-Verify"))&#xD;
&#xD;
2019-09-06 17:43:37 - [TEST_STEP][NOT_RUN] - com.reusableComponents.HighlightElement.run(findTestObject("Objects.Login/Login Page/input_Sign in to ISPS2-PROD-Verify_username")): NOT_RUN: com.reusableComponents.HighlightElement.run(findTestObject("Objects.Login/Login Page/input_Sign in to ISPS2-PROD-Verify_username"))&#xD;
&#xD;
2019-09-06 17:43:37 - [MESSAGE][NOT_RUN] - NOT_RUN: com.reusableComponents.HighlightElement.run(findTestObject("Objects.Login/Login Page/input_Sign in to ISPS2-PROD-Verify_username"))&#xD;
&#xD;
2019-09-06 17:43:37 - [TEST_STEP][PASSED] - setText(findTestObject("Objects.Login/Login Page/input_Sign in to ISPS2-PROD-Verify_username"), Username): Text 'sysadmin' is set on object 'Object Repository/Objects.Login/Login Page/input_Sign in to ISPS2-PROD-Verify_username'&#xD;
&#xD;
2019-09-06 17:43:37 - [MESSAGE][PASSED] - Text 'sysadmin' is set on object 'Object Repository/Objects.Login/Login Page/input_Sign in to ISPS2-PROD-Verify_username'&#xD;
&#xD;
2019-09-06 17:43:37 - [TEST_STEP][NOT_RUN] - com.reusableComponents.HighlightElement.run(findTestObject("Objects.Login/Login Page/input_This field is required_password")): NOT_RUN: com.reusableComponents.HighlightElement.run(findTestObject("Objects.Login/Login Page/input_This field is required_password"))&#xD;
&#xD;
2019-09-06 17:43:37 - [MESSAGE][NOT_RUN] - NOT_RUN: com.reusableComponents.HighlightElement.run(findTestObject("Objects.Login/Login Page/input_This field is required_password"))&#xD;
&#xD;
2019-09-06 17:43:37 - [TEST_STEP][PASSED] - setEncryptedText(findTestObject("Objects.Login/Login Page/input_This field is required_password"), Password): Text ****** has been set on object 'Object Repository/Objects.Login/Login Page/input_This field is required_password'&#xD;
&#xD;
2019-09-06 17:43:37 - [MESSAGE][PASSED] - Text ****** has been set on object 'Object Repository/Objects.Login/Login Page/input_This field is required_password'&#xD;
&#xD;
2019-09-06 17:43:37 - [TEST_STEP][NOT_RUN] - com.reusableComponents.HighlightElement.run(findTestObject("Objects.Login/Login Page/div_Sign in to ISPS2-PROD-Verify_NovaGoButton-1021")): NOT_RUN: com.reusableComponents.HighlightElement.run(findTestObject("Objects.Login/Login Page/div_Sign in to ISPS2-PROD-Verify_NovaGoButton-1021"))&#xD;
&#xD;
2019-09-06 17:43:37 - [MESSAGE][NOT_RUN] - NOT_RUN: com.reusableComponents.HighlightElement.run(findTestObject("Objects.Login/Login Page/div_Sign in to ISPS2-PROD-Verify_NovaGoButton-1021"))&#xD;
&#xD;
2019-09-06 17:43:37 - [TEST_STEP][PASSED] - click(findTestObject("Objects.Login/Login Page/div_Sign in to ISPS2-PROD-Verify_NovaGoButton-1021"), OPTIONAL): Object: 'Object Repository/Objects.Login/Login Page/div_Sign in to ISPS2-PROD-Verify_NovaGoButton-1021' is clicked on&#xD;
&#xD;
2019-09-06 17:43:38 - [MESSAGE][PASSED] - Object: 'Object Repository/Objects.Login/Login Page/div_Sign in to ISPS2-PROD-Verify_NovaGoButton-1021' is clicked on&#xD;
&#xD;
2019-09-06 17:43:38 - [TEST_STEP][NOT_RUN] - sendKeys(findTestObject("Objects.Login/Login Page/input_This field is required_password"), Keys.chord(ENTER), OPTIONAL): NOT_RUN: sendKeys(findTestObject("Objects.Login/Login Page/input_This field is required_password"), Keys.chord(ENTER), OPTIONAL)&#xD;
&#xD;
2019-09-06 17:43:38 - [MESSAGE][NOT_RUN] - NOT_RUN: sendKeys(findTestObject("Objects.Login/Login Page/input_This field is required_password"), Keys.chord(ENTER), OPTIONAL)&#xD;
&#xD;
2019-09-06 17:43:38 - [TEST_STEP][PASSED] - waitForPageLoad(30): Wait for page load successfully&#xD;
&#xD;
2019-09-06 17:43:38 - [MESSAGE][PASSED] - Wait for page load successfully&#xD;
&#xD;
2019-09-06 17:43:38 - [TEST_STEP][NOT_RUN] - verifyElementVisible(findTestObject("Objects.Login/Dashboard/a_ISPS2-PROD-Verify"), OPTIONAL): NOT_RUN: verifyElementVisible(findTestObject("Objects.Login/Dashboard/a_ISPS2-PROD-Verify"), OPTIONAL)&#xD;
&#xD;
2019-09-06 17:43:38 - [MESSAGE][NOT_RUN] - NOT_RUN: verifyElementVisible(findTestObject("Objects.Login/Dashboard/a_ISPS2-PROD-Verify"), OPTIONAL)&#xD;
&#xD;
2019-09-06 17:43:38 - [MESSAGE][PASSED] - Call Test Case 'Test Cases/Components/Login' successfully&#xD;
&#xD;
2019-09-06 17:43:38 - [TEST_STEP][PASSED] - callTestCase(findTestCase("Components/NavigateToDashboard"), [:], STOP_ON_FAILURE): Call Test Case 'Test Cases/Components/NavigateToDashboard' successfully&#xD;
&#xD;
2019-09-06 17:43:38 - [TEST_CASE][PASSED] - Test Cases/Components/NavigateToDashboard: Test Cases/Components/NavigateToDashboard&#xD;
&#xD;
2019-09-06 17:43:38 - [TEST_STEP][PASSED] - click(findTestObject("Objects.NavigateToDashboard/a_ISPS2-PROD-Verify")): Object: 'Object Repository/Objects.NavigateToDashboard/a_ISPS2-PROD-Verify' is clicked on&#xD;
&#xD;
2019-09-06 17:43:42 - [MESSAGE][PASSED] - Object: 'Object Repository/Objects.NavigateToDashboard/a_ISPS2-PROD-Verify' is clicked on&#xD;
&#xD;
2019-09-06 17:43:42 - [TEST_STEP][PASSED] - waitForPageLoad(30): Wait for page load successfully&#xD;
&#xD;
2019-09-06 17:43:42 - [MESSAGE][PASSED] - Wait for page load successfully&#xD;
&#xD;
2019-09-06 17:43:42 - [TEST_STEP][PASSED] - Thread.sleep(3000): null&#xD;
&#xD;
2019-09-06 17:43:45 - [TEST_STEP][PASSED] - verifyTextPresent("Loading search result. Please wait...", false, OPTIONAL): Text 'Loading search result. Please wait...' is present on page &#xD;
&#xD;
2019-09-06 17:43:45 - [MESSAGE][PASSED] - Text 'Loading search result. Please wait...' is present on page &#xD;
&#xD;
2019-09-06 17:43:45 - [TEST_STEP][PASSED] - waitForElementNotPresent(findTestObject("Objects.NavigateToDashboard/div_Loading search result Please wait"), 120): Web element with id: 'Object Repository/Objects.NavigateToDashboard/div_Loading search result Please wait' located by 'By.xpath: //div[@class = 'x-mask-msg-text' and (text() = 'Loading search result. Please wait...' or . = 'Loading search result. Please wait...')]' is not present after '120' second(s)&#xD;
&#xD;
2019-09-06 17:43:48 - [MESSAGE][PASSED] - Web element with id: 'Object Repository/Objects.NavigateToDashboard/div_Loading search result Please wait' located by 'By.xpath: //div[@class = 'x-mask-msg-text' and (text() = 'Loading search result. Please wait...' or . = 'Loading search result. Please wait...')]' is not present after '120' second(s)&#xD;
&#xD;
2019-09-06 17:43:48 - [TEST_STEP][PASSED] - Thread.sleep(3000): null&#xD;
&#xD;
2019-09-06 17:43:51 - [MESSAGE][PASSED] - Call Test Case 'Test Cases/Components/NavigateToDashboard' successfully&#xD;
&#xD;
2019-09-06 17:43:51 - [TEST_STEP][PASSED] - callTestCase(findTestCase("Components/SearchTask"), [:], STOP_ON_FAILURE): Call Test Case 'Test Cases/Components/SearchTask' successfully&#xD;
&#xD;
2019-09-06 17:43:51 - [TEST_CASE][PASSED] - Test Cases/Components/SearchTask: Test Cases/Components/SearchTask&#xD;
&#xD;
2019-09-06 17:43:51 - [TEST_STEP][PASSED] - Thread.sleep(3000): null&#xD;
&#xD;
2019-09-06 17:43:54 - [TEST_STEP][PASSED] - verifyElementPresent(findTestObject("Objects.SearchTask/Page_ISPS2/a_"), 0): Object 'Object Repository/Objects.SearchTask/Page_ISPS2/a_' is present&#xD;
&#xD;
2019-09-06 17:43:54 - [MESSAGE][WARNING] - Timeout '0' is invalid. Using default page load timeout: '30'&#xD;
&#xD;
2019-09-06 17:43:54 - [MESSAGE][PASSED] - Object 'Object Repository/Objects.SearchTask/Page_ISPS2/a_' is present&#xD;
&#xD;
2019-09-06 17:43:54 - [TEST_STEP][PASSED] - click(findTestObject("Objects.SearchTask/Page_ISPS2/a_")): Object: 'Object Repository/Objects.SearchTask/Page_ISPS2/a_' is clicked on&#xD;
&#xD;
2019-09-06 17:43:54 - [MESSAGE][PASSED] - Object: 'Object Repository/Objects.SearchTask/Page_ISPS2/a_' is clicked on&#xD;
&#xD;
2019-09-06 17:43:54 - [TEST_STEP][PASSED] - verifyElementVisible(findTestObject("Objects.SearchTask/Page_ISPS2/div_Saved Filter")): Object 'Object Repository/Objects.SearchTask/Page_ISPS2/div_Saved Filter' is visible&#xD;
&#xD;
2019-09-06 17:43:54 - [MESSAGE][PASSED] - Object 'Object Repository/Objects.SearchTask/Page_ISPS2/div_Saved Filter' is visible&#xD;
&#xD;
2019-09-06 17:43:54 - [TEST_STEP][PASSED] - Thread.sleep(3000): null&#xD;
&#xD;
2019-09-06 17:43:57 - [TEST_STEP][PASSED] - click(findTestObject("Objects.SearchTask/Page_ISPS2/span_Reset")): Object: 'Object Repository/Objects.SearchTask/Page_ISPS2/span_Reset' is clicked on&#xD;
&#xD;
2019-09-06 17:43:57 - [MESSAGE][PASSED] - Object: 'Object Repository/Objects.SearchTask/Page_ISPS2/span_Reset' is clicked on&#xD;
&#xD;
2019-09-06 17:43:57 - [TEST_STEP][PASSED] - com.reusableComponents.HighlightElement.run(findTestObject("Objects.SearchTask/Page_ISPS2/input_Task Description_searchCriteriaPojotaskDescription")): com.reusableComponents.HighlightElement.run is PASSED&#xD;
&#xD;
2019-09-06 17:43:58 - [MESSAGE][PASSED] - com.reusableComponents.HighlightElement.run is PASSED&#xD;
&#xD;
2019-09-06 17:43:58 - [TEST_STEP][PASSED] - setText(findTestObject("Objects.SearchTask/Page_ISPS2/input_Task Description_searchCriteriaPojotaskDescription"), "Process Temporary Building Permit"): Text 'Process Temporary Building Permit' is set on object 'Object Repository/Objects.SearchTask/Page_ISPS2/input_Task Description_searchCriteriaPojotaskDescription'&#xD;
&#xD;
2019-09-06 17:43:59 - [MESSAGE][PASSED] - Text 'Process Temporary Building Permit' is set on object 'Object Repository/Objects.SearchTask/Page_ISPS2/input_Task Description_searchCriteriaPojotaskDescription'&#xD;
&#xD;
2019-09-06 17:43:59 - [TEST_STEP][PASSED] - Thread.sleep(1000): null&#xD;
&#xD;
2019-09-06 17:44:00 - [TEST_STEP][PASSED] - click(findTestObject("Objects.SearchTask/Page_ISPS2/div_Process Temporary Building Permit")): Object: 'Object Repository/Objects.SearchTask/Page_ISPS2/div_Process Temporary Building Permit' is clicked on&#xD;
&#xD;
2019-09-06 17:44:00 - [MESSAGE][PASSED] - Object: 'Object Repository/Objects.SearchTask/Page_ISPS2/div_Process Temporary Building Permit' is clicked on&#xD;
&#xD;
2019-09-06 17:44:00 - [TEST_STEP][PASSED] - com.reusableComponents.HighlightElement.run(findTestObject("Objects.SearchTask/Page_ISPS2/span_Search")): com.reusableComponents.HighlightElement.run is PASSED&#xD;
&#xD;
2019-09-06 17:44:00 - [MESSAGE][PASSED] - com.reusableComponents.HighlightElement.run is PASSED&#xD;
&#xD;
2019-09-06 17:44:00 - [TEST_STEP][PASSED] - click(findTestObject("Objects.SearchTask/Page_ISPS2/span_Search")): Object: 'Object Repository/Objects.SearchTask/Page_ISPS2/span_Search' is clicked on&#xD;
&#xD;
2019-09-06 17:44:00 - [MESSAGE][PASSED] - Object: 'Object Repository/Objects.SearchTask/Page_ISPS2/span_Search' is clicked on&#xD;
&#xD;
2019-09-06 17:44:00 - [TEST_STEP][PASSED] - Thread.sleep(500): null&#xD;
&#xD;
2019-09-06 17:44:01 - [TEST_STEP][PASSED] - waitForElementNotPresent(findTestObject("Objects.SearchTask/Page_ISPS2/div_Loading search result Please wait"), 120, STOP_ON_FAILURE): Web element with id: 'Object Repository/Objects.SearchTask/Page_ISPS2/div_Loading search result Please wait' located by 'By.xpath: //div[@class = 'x-mask-msg-text' and (text() = 'Loading search result. Please wait...' or . = 'Loading search result. Please wait...')]' is not present after '120' second(s)&#xD;
&#xD;
2019-09-06 17:44:01 - [MESSAGE][PASSED] - Web element with id: 'Object Repository/Objects.SearchTask/Page_ISPS2/div_Loading search result Please wait' located by 'By.xpath: //div[@class = 'x-mask-msg-text' and (text() = 'Loading search result. Please wait...' or . = 'Loading search result. Please wait...')]' is not present after '120' second(s)&#xD;
&#xD;
2019-09-06 17:44:01 - [TEST_STEP][PASSED] - Thread.sleep(2000): null&#xD;
&#xD;
2019-09-06 17:44:03 - [TEST_STEP][PASSED] - scrollToElement(findTestObject("Objects.SearchTask/Page_ISPS2/a_Process Temporary Building Permit"), 0): Scroll to object 'Object Repository/Objects.SearchTask/Page_ISPS2/a_Process Temporary Building Permit' successfully&#xD;
&#xD;
2019-09-06 17:44:03 - [MESSAGE][WARNING] - Timeout '0' is invalid. Using default page load timeout: '30'&#xD;
&#xD;
2019-09-06 17:44:03 - [MESSAGE][PASSED] - Scroll to object 'Object Repository/Objects.SearchTask/Page_ISPS2/a_Process Temporary Building Permit' successfully&#xD;
&#xD;
2019-09-06 17:44:03 - [TEST_STEP][PASSED] - com.reusableComponents.HighlightElement.run(findTestObject("Objects.SearchTask/Page_ISPS2/a_Process Temporary Building Permit")): com.reusableComponents.HighlightElement.run is PASSED&#xD;
&#xD;
2019-09-06 17:44:04 - [MESSAGE][PASSED] - com.reusableComponents.HighlightElement.run is PASSED&#xD;
&#xD;
2019-09-06 17:44:04 - [TEST_STEP][PASSED] - click(findTestObject("Objects.SearchTask/Page_ISPS2/a_Process Temporary Building Permit")): Object: 'Object Repository/Objects.SearchTask/Page_ISPS2/a_Process Temporary Building Permit' is clicked on&#xD;
&#xD;
2019-09-06 17:44:04 - [MESSAGE][PASSED] - Object: 'Object Repository/Objects.SearchTask/Page_ISPS2/a_Process Temporary Building Permit' is clicked on&#xD;
&#xD;
2019-09-06 17:44:04 - [TEST_STEP][PASSED] - Thread.sleep(500): null&#xD;
&#xD;
2019-09-06 17:44:05 - [TEST_STEP][PASSED] - waitForElementPresent(findTestObject("Objects.SearchTask/Page_ISPS2/div_Process Temporary Building Permit_LandingPage"), 120): Object 'Object Repository/Objects.SearchTask/Page_ISPS2/div_Process Temporary Building Permit_LandingPage' is present&#xD;
&#xD;
2019-09-06 17:44:07 - [MESSAGE][PASSED] - Object 'Object Repository/Objects.SearchTask/Page_ISPS2/div_Process Temporary Building Permit_LandingPage' is present&#xD;
&#xD;
2019-09-06 17:44:07 - [TEST_STEP][PASSED] - Thread.sleep(3000): null&#xD;
&#xD;
2019-09-06 17:44:10 - [MESSAGE][PASSED] - Call Test Case 'Test Cases/Components/SearchTask' successfully&#xD;
&#xD;
2019-09-06 17:44:10 - [TEST_STEP][PASSED] - callTestCase(findTestCase("Components/NavigateToLotLHS"), [:], STOP_ON_FAILURE): Call Test Case 'Test Cases/Components/NavigateToLotLHS' successfully&#xD;
&#xD;
2019-09-06 17:44:10 - [TEST_CASE][PASSED] - Test Cases/Components/NavigateToLotLHS: Test Cases/Components/NavigateToLotLHS&#xD;
&#xD;
2019-09-06 17:44:10 - [TEST_STEP][PASSED] - Thread.sleep(2000): null&#xD;
&#xD;
2019-09-06 17:44:12 - [TEST_STEP][PASSED] - click(findTestObject("Objects.NavigateToLotLHS/Page_ISPS2/div_Lot")): Object: 'Object Repository/Objects.NavigateToLotLHS/Page_ISPS2/div_Lot' is clicked on&#xD;
&#xD;
2019-09-06 17:44:13 - [MESSAGE][PASSED] - Object: 'Object Repository/Objects.NavigateToLotLHS/Page_ISPS2/div_Lot' is clicked on&#xD;
&#xD;
2019-09-06 17:44:13 - [TEST_STEP][PASSED] - Thread.sleep(2000): null&#xD;
&#xD;
2019-09-06 17:44:15 - [TEST_STEP][PASSED] - com.reusableComponents.HighlightElement.run(findTestObject("Objects.NavigateToLotLHS/Page_ISPS2/div_Lot_Header")): com.reusableComponents.HighlightElement.run is PASSED&#xD;
&#xD;
2019-09-06 17:44:15 - [MESSAGE][PASSED] - com.reusableComponents.HighlightElement.run is PASSED&#xD;
&#xD;
2019-09-06 17:44:15 - [MESSAGE][PASSED] - Call Test Case 'Test Cases/Components/NavigateToLotLHS' successfully&#xD;
&#xD;
2019-09-06 17:44:15 - [TEST_STEP][PASSED] - callTestCase(findTestCase("Components/ClickAddButton"), [:], STOP_ON_FAILURE): Call Test Case 'Test Cases/Components/ClickAddButton' successfully&#xD;
&#xD;
2019-09-06 17:44:15 - [TEST_CASE][PASSED] - Test Cases/Components/ClickAddButton: Test Cases/Components/ClickAddButton&#xD;
&#xD;
2019-09-06 17:44:15 - [TEST_STEP][PASSED] - com.reusableComponents.HighlightElement.run(findTestObject("Objects.AddAddress/Page_ISPS2/XP_AddButton")): com.reusableComponents.HighlightElement.run is PASSED&#xD;
&#xD;
2019-09-06 17:44:16 - [MESSAGE][PASSED] - com.reusableComponents.HighlightElement.run is PASSED&#xD;
&#xD;
2019-09-06 17:44:16 - [TEST_STEP][PASSED] - click(findTestObject("Objects.AddAddress/Page_ISPS2/XP_AddButton")): Object: 'Object Repository/Objects.AddAddress/Page_ISPS2/XP_AddButton' is clicked on&#xD;
&#xD;
2019-09-06 17:44:16 - [MESSAGE][PASSED] - Object: 'Object Repository/Objects.AddAddress/Page_ISPS2/XP_AddButton' is clicked on&#xD;
&#xD;
2019-09-06 17:44:16 - [TEST_STEP][PASSED] - Thread.sleep(6000): null&#xD;
&#xD;
2019-09-06 17:44:22 - [MESSAGE][PASSED] - Call Test Case 'Test Cases/Components/ClickAddButton' successfully&#xD;
&#xD;
2019-09-06 17:44:22 - [TEST_STEP][PASSED] - callTestCase(findTestCase("Components/ClickCancelButton"), [:], STOP_ON_FAILURE): Call Test Case 'Test Cases/Components/ClickCancelButton' successfully&#xD;
&#xD;
2019-09-06 17:44:22 - [TEST_CASE][PASSED] - Test Cases/Components/ClickCancelButton: Test Cases/Components/ClickCancelButton&#xD;
&#xD;
2019-09-06 17:44:22 - [TEST_STEP][PASSED] - Thread.sleep(1000): null&#xD;
&#xD;
2019-09-06 17:44:23 - [TEST_STEP][PASSED] - com.reusableComponents.HighlightElement.run(findTestObject("Objects.ClickCancelButton/XP_CancelButton")): com.reusableComponents.HighlightElement.run is PASSED&#xD;
&#xD;
2019-09-06 17:44:23 - [MESSAGE][PASSED] - com.reusableComponents.HighlightElement.run is PASSED&#xD;
&#xD;
2019-09-06 17:44:23 - [TEST_STEP][PASSED] - click(findTestObject("Objects.ClickCancelButton/XP_CancelButton")): Object: 'Object Repository/Objects.ClickCancelButton/XP_CancelButton' is clicked on&#xD;
&#xD;
2019-09-06 17:44:24 - [MESSAGE][PASSED] - Object: 'Object Repository/Objects.ClickCancelButton/XP_CancelButton' is clicked on&#xD;
&#xD;
2019-09-06 17:44:24 - [TEST_STEP][PASSED] - Thread.sleep(1000): null&#xD;
&#xD;
2019-09-06 17:44:25 - [MESSAGE][PASSED] - Call Test Case 'Test Cases/Components/ClickCancelButton' successfully&#xD;
&#xD;
2019-09-06 17:44:25 - [TEST_STEP][PASSED] - callTestCase(findTestCase("Components/ClickAddButton"), [:], STOP_ON_FAILURE): Call Test Case 'Test Cases/Components/ClickAddButton' successfully&#xD;
&#xD;
2019-09-06 17:44:25 - [TEST_CASE][PASSED] - Test Cases/Components/ClickAddButton: Test Cases/Components/ClickAddButton&#xD;
&#xD;
2019-09-06 17:44:25 - [TEST_STEP][PASSED] - com.reusableComponents.HighlightElement.run(findTestObject("Objects.AddAddress/Page_ISPS2/XP_AddButton")): com.reusableComponents.HighlightElement.run is PASSED&#xD;
&#xD;
2019-09-06 17:44:25 - [MESSAGE][PASSED] - com.reusableComponents.HighlightElement.run is PASSED&#xD;
&#xD;
2019-09-06 17:44:25 - [TEST_STEP][PASSED] - click(findTestObject("Objects.AddAddress/Page_ISPS2/XP_AddButton")): Object: 'Object Repository/Objects.AddAddress/Page_ISPS2/XP_AddButton' is clicked on&#xD;
&#xD;
2019-09-06 17:44:25 - [MESSAGE][PASSED] - Object: 'Object Repository/Objects.AddAddress/Page_ISPS2/XP_AddButton' is clicked on&#xD;
&#xD;
2019-09-06 17:44:25 - [TEST_STEP][PASSED] - Thread.sleep(6000): null&#xD;
&#xD;
2019-09-06 17:44:31 - [MESSAGE][PASSED] - Call Test Case 'Test Cases/Components/ClickAddButton' successfully&#xD;
&#xD;
2019-09-06 17:44:31 - [TEST_STEP][PASSED] - callTestCase(findTestCase("Components/PopulateLot"), ["MkTs":findTestData("Datatable").getValue("MkTs", 1), "LotNo":findTestData("Datatable").getValue("LotNo", 1), "IsPartialLot":findTestData("Datatable").getValue("IsPartialLot", 1)], STOP_ON_FAILURE): Call Test Case 'Test Cases/Components/PopulateLot' successfully&#xD;
&#xD;
2019-09-06 17:44:31 - [TEST_CASE][PASSED] - Test Cases/Components/PopulateLot: Test Cases/Components/PopulateLot&#xD;
&#xD;
2019-09-06 17:44:31 - [TEST_STEP][PASSED] - com.reusableComponents.HighlightElement.run(findTestObject("Objects.PopulateLot/Page_ISPS2/div_Add Lot")): com.reusableComponents.HighlightElement.run is PASSED&#xD;
&#xD;
2019-09-06 17:44:32 - [MESSAGE][PASSED] - com.reusableComponents.HighlightElement.run is PASSED&#xD;
&#xD;
2019-09-06 17:44:32 - [TEST_STEP][PASSED] - com.reusableComponents.HighlightElement.run(findTestObject("Objects.PopulateLot/Page_ISPS2/input__caseLotMkTsmkTsCdId")): com.reusableComponents.HighlightElement.run is PASSED&#xD;
&#xD;
2019-09-06 17:44:33 - [MESSAGE][PASSED] - com.reusableComponents.HighlightElement.run is PASSED&#xD;
&#xD;
2019-09-06 17:44:33 - [TEST_STEP][PASSED] - click(findTestObject("Objects.PopulateLot/Page_ISPS2/input__caseLotMkTsmkTsCdId")): Object: 'Object Repository/Objects.PopulateLot/Page_ISPS2/input__caseLotMkTsmkTsCdId' is clicked on&#xD;
&#xD;
2019-09-06 17:44:33 - [MESSAGE][PASSED] - Object: 'Object Repository/Objects.PopulateLot/Page_ISPS2/input__caseLotMkTsmkTsCdId' is clicked on&#xD;
&#xD;
2019-09-06 17:44:33 - [TEST_STEP][PASSED] - setText(findTestObject("Objects.PopulateLot/Page_ISPS2/input__caseLotMkTsmkTsCdId"), MkTs): Text 'Mukim 04' is set on object 'Object Repository/Objects.PopulateLot/Page_ISPS2/input__caseLotMkTsmkTsCdId'&#xD;
&#xD;
2019-09-06 17:44:33 - [MESSAGE][PASSED] - Text 'Mukim 04' is set on object 'Object Repository/Objects.PopulateLot/Page_ISPS2/input__caseLotMkTsmkTsCdId'&#xD;
&#xD;
2019-09-06 17:44:33 - [TEST_STEP][PASSED] - Thread.sleep(1000): null&#xD;
&#xD;
2019-09-06 17:44:34 - [TEST_STEP][PASSED] - com.reusableComponents.HighlightElement.run(findTestObject("Objects.PopulateLot/Page_ISPS2/input__caseLotMkTslotNo")): com.reusableComponents.HighlightElement.run is PASSED&#xD;
&#xD;
2019-09-06 17:44:35 - [MESSAGE][PASSED] - com.reusableComponents.HighlightElement.run is PASSED&#xD;
&#xD;
2019-09-06 17:44:35 - [TEST_STEP][PASSED] - setText(findTestObject("Objects.PopulateLot/Page_ISPS2/input__caseLotMkTslotNo"), LotNo): Text '19' is set on object 'Object Repository/Objects.PopulateLot/Page_ISPS2/input__caseLotMkTslotNo'&#xD;
&#xD;
2019-09-06 17:44:35 - [MESSAGE][PASSED] - Text '19' is set on object 'Object Repository/Objects.PopulateLot/Page_ISPS2/input__caseLotMkTslotNo'&#xD;
&#xD;
2019-09-06 17:44:35 - [TEST_STEP][PASSED] - Thread.sleep(1000): null&#xD;
&#xD;
2019-09-06 17:44:36 - [TEST_STEP][PASSED] - com.reusableComponents.HighlightElement.run(findTestObject("Objects.PopulateLot/Page_ISPS2/input_Is Partial Lot_caseLotMkTspartialLotInd")): com.reusableComponents.HighlightElement.run is PASSED&#xD;
&#xD;
2019-09-06 17:44:36 - [MESSAGE][PASSED] - com.reusableComponents.HighlightElement.run is PASSED&#xD;
&#xD;
2019-09-06 17:44:36 - [TEST_STEP][PASSED] - click(findTestObject("Objects.PopulateLot/Page_ISPS2/input_Is Partial Lot_caseLotMkTspartialLotInd")): Object: 'Object Repository/Objects.PopulateLot/Page_ISPS2/input_Is Partial Lot_caseLotMkTspartialLotInd' is clicked on&#xD;
&#xD;
2019-09-06 17:44:36 - [MESSAGE][PASSED] - Object: 'Object Repository/Objects.PopulateLot/Page_ISPS2/input_Is Partial Lot_caseLotMkTspartialLotInd' is clicked on&#xD;
&#xD;
2019-09-06 17:44:36 - [TEST_STEP][PASSED] - setText(findTestObject("Objects.PopulateLot/Page_ISPS2/input_Is Partial Lot_caseLotMkTspartialLotInd"), IsPartialLot): Text 'No' is set on object 'Object Repository/Objects.PopulateLot/Page_ISPS2/input_Is Partial Lot_caseLotMkTspartialLotInd'&#xD;
&#xD;
2019-09-06 17:44:36 - [MESSAGE][PASSED] - Text 'No' is set on object 'Object Repository/Objects.PopulateLot/Page_ISPS2/input_Is Partial Lot_caseLotMkTspartialLotInd'&#xD;
&#xD;
2019-09-06 17:44:36 - [TEST_STEP][PASSED] - com.reusableComponents.HighlightElement.run(findTestObject("Objects.PopulateLot/Page_ISPS2/input_Is Partial Lot_caseLotMkTspartialLotInd")): com.reusableComponents.HighlightElement.run is PASSED&#xD;
&#xD;
2019-09-06 17:44:37 - [MESSAGE][PASSED] - com.reusableComponents.HighlightElement.run is PASSED&#xD;
&#xD;
2019-09-06 17:44:37 - [TEST_STEP][PASSED] - Thread.sleep(1000): null&#xD;
&#xD;
2019-09-06 17:44:38 - [MESSAGE][PASSED] - Call Test Case 'Test Cases/Components/PopulateLot' successfully&#xD;
&#xD;
2019-09-06 17:44:38 - [TEST_STEP][PASSED] - callTestCase(findTestCase("Components/ClickResetButton"), [:], STOP_ON_FAILURE): Call Test Case 'Test Cases/Components/ClickResetButton' successfully&#xD;
&#xD;
2019-09-06 17:44:38 - [TEST_CASE][PASSED] - Test Cases/Components/ClickResetButton: Test Cases/Components/ClickResetButton&#xD;
&#xD;
2019-09-06 17:44:38 - [TEST_STEP][PASSED] - Thread.sleep(1000): null&#xD;
&#xD;
2019-09-06 17:44:39 - [TEST_STEP][PASSED] - scrollToElement(findTestObject("Objects.ResetChanges/Page_ISPS2/span_Reset"), 0): Scroll to object 'Object Repository/Objects.ResetChanges/Page_ISPS2/span_Reset' successfully&#xD;
&#xD;
2019-09-06 17:44:39 - [MESSAGE][WARNING] - Timeout '0' is invalid. Using default page load timeout: '30'&#xD;
&#xD;
2019-09-06 17:44:39 - [MESSAGE][PASSED] - Scroll to object 'Object Repository/Objects.ResetChanges/Page_ISPS2/span_Reset' successfully&#xD;
&#xD;
2019-09-06 17:44:39 - [TEST_STEP][PASSED] - Thread.sleep(1000): null&#xD;
&#xD;
2019-09-06 17:44:40 - [TEST_STEP][PASSED] - com.reusableComponents.HighlightElement.run(findTestObject("Objects.ResetChanges/Page_ISPS2/span_Reset")): com.reusableComponents.HighlightElement.run is PASSED&#xD;
&#xD;
2019-09-06 17:44:41 - [MESSAGE][PASSED] - com.reusableComponents.HighlightElement.run is PASSED&#xD;
&#xD;
2019-09-06 17:44:41 - [TEST_STEP][PASSED] - click(findTestObject("Objects.ResetChanges/Page_ISPS2/span_Reset")): Object: 'Object Repository/Objects.ResetChanges/Page_ISPS2/span_Reset' is clicked on&#xD;
&#xD;
2019-09-06 17:44:41 - [MESSAGE][PASSED] - Object: 'Object Repository/Objects.ResetChanges/Page_ISPS2/span_Reset' is clicked on&#xD;
&#xD;
2019-09-06 17:44:41 - [TEST_STEP][PASSED] - Thread.sleep(1000): null&#xD;
&#xD;
2019-09-06 17:44:42 - [MESSAGE][PASSED] - Call Test Case 'Test Cases/Components/ClickResetButton' successfully&#xD;
&#xD;
2019-09-06 17:44:42 - [TEST_STEP][FAILED] - callTestCase(findTestCase("Components/PopulateLot"), ["MkTs":findTestData("Datatable").getValue("MkTs", 1), "LotNo":findTestData("Datatable").getValue("LotNo", 1), "IsPartialLot":findTestData("Datatable").getValue("IsPartialLot", 1)], STOP_ON_FAILURE): Unable to call Test Case 'Test Cases/Components/PopulateLot' (Root cause: com.kms.katalon.core.exception.StepFailedException: Call Test Case 'Test Cases/Components/PopulateLot' failed&#xD;
	at com.kms.katalon.core.keyword.builtin.CallTestCaseKeyword$_callTestCase_closure1.doCall(CallTestCaseKeyword.groovy:63)&#xD;
	at com.kms.katalon.core.keyword.builtin.CallTestCaseKeyword$_callTestCase_closure1.call(CallTestCaseKeyword.groovy)&#xD;
	at com.kms.katalon.core.keyword.internal.KeywordMain.runKeyword(KeywordMain.groovy:68)&#xD;
	at com.kms.katalon.core.keyword.builtin.CallTestCaseKeyword.callTestCase(CallTestCaseKeyword.groovy:81)&#xD;
	at com.kms.katalon.core.keyword.builtin.CallTestCaseKeyword.execute(CallTestCaseKeyword.groovy:44)&#xD;
	at com.kms.katalon.core.keyword.internal.KeywordExecutor.executeKeywordForPlatform(KeywordExecutor.groovy:56)&#xD;
	at com.kms.katalon.core.keyword.BuiltinKeywords.callTestCase(BuiltinKeywords.groovy:334)&#xD;
	at SmokeTesting.LotLHS.run(SmokeTesting.LotLHS:48)&#xD;
	at com.kms.katalon.core.main.ScriptEngine.run(ScriptEngine.java:194)&#xD;
	at com.kms.katalon.core.main.ScriptEngine.runScriptAsRawText(ScriptEngine.java:119)&#xD;
	at com.kms.katalon.core.main.TestCaseExecutor.runScript(TestCaseExecutor.java:337)&#xD;
	at com.kms.katalon.core.main.TestCaseExecutor.doExecute(TestCaseExecutor.java:328)&#xD;
	at com.kms.katalon.core.main.TestCaseExecutor.processExecutionPhase(TestCaseExecutor.java:307)&#xD;
	at com.kms.katalon.core.main.TestCaseExecutor.accessMainPhase(TestCaseExecutor.java:299)&#xD;
	at com.kms.katalon.core.main.TestCaseExecutor.execute(TestCaseExecutor.java:233)&#xD;
	at com.kms.katalon.core.main.TestSuiteExecutor.accessTestCaseMainPhase(TestSuiteExecutor.java:133)&#xD;
	at com.kms.katalon.core.main.TestSuiteExecutor.accessTestSuiteMainPhase(TestSuiteExecutor.java:116)&#xD;
	at com.kms.katalon.core.main.TestSuiteExecutor.execute(TestSuiteExecutor.java:83)&#xD;
	at com.kms.katalon.core.main.TestCaseMain.startTestSuite(TestCaseMain.java:157)&#xD;
	at com.kms.katalon.core.main.TestCaseMain$startTestSuite$0.call(Unknown Source)&#xD;
	at TempTestSuite1567762670011.run(TempTestSuite1567762670011.groovy:35)&#xD;
Caused by: com.kms.katalon.core.exception.StepFailedException: Unable to click on object 'Object Repository/Objects.PopulateLot/Page_ISPS2/input__caseLotMkTsmkTsCdId'&#xD;
	at com.kms.katalon.core.webui.keyword.internal.WebUIKeywordMain.stepFailed(WebUIKeywordMain.groovy:64)&#xD;
	at com.kms.katalon.core.webui.keyword.internal.WebUIKeywordMain.runKeyword(WebUIKeywordMain.groovy:26)&#xD;
	at com.kms.katalon.core.webui.keyword.builtin.ClickKeyword.click(ClickKeyword.groovy:86)&#xD;
	at com.kms.katalon.core.webui.keyword.builtin.ClickKeyword.execute(ClickKeyword.groovy:67)&#xD;
	at com.kms.katalon.core.keyword.internal.KeywordExecutor.executeKeywordForPlatform(KeywordExecutor.groovy:56)&#xD;
	at com.kms.katalon.core.webui.keyword.WebUiBuiltInKeywords.click(WebUiBuiltInKeywords.groovy:616)&#xD;
	at com.kms.katalon.core.webui.keyword.WebUiBuiltInKeywords$click$6.call(Unknown Source)&#xD;
	at PopulateLot.run(PopulateLot:24)&#xD;
	at com.kms.katalon.core.main.ScriptEngine.run(ScriptEngine.java:194)&#xD;
	at com.kms.katalon.core.main.ScriptEngine.runScriptAsRawText(ScriptEngine.java:119)&#xD;
	at com.kms.katalon.core.main.TestCaseExecutor.runScript(TestCaseExecutor.java:337)&#xD;
	at com.kms.katalon.core.main.TestCaseExecutor.doExecute(TestCaseExecutor.java:328)&#xD;
	at com.kms.katalon.core.main.TestCaseExecutor.processExecutionPhase(TestCaseExecutor.java:307)&#xD;
	at com.kms.katalon.core.main.TestCaseExecutor.accessMainPhase(TestCaseExecutor.java:299)&#xD;
	at com.kms.katalon.core.main.TestCaseExecutor.execute(TestCaseExecutor.java:233)&#xD;
	at com.kms.katalon.core.main.TestCaseMain.runTestCase(TestCaseMain.java:114)&#xD;
	at com.kms.katalon.core.keyword.builtin.CallTestCaseKeyword$_callTestCase_closure1.doCall(CallTestCaseKeyword.groovy:59)&#xD;
	... 20 more&#xD;
Caused by: org.openqa.selenium.ElementClickInterceptedException: element click intercepted: Element &lt;input id="NovaCodeComboBox-1929-inputEl" data-ref="inputEl" type="text" size="1" name="caseLotMkTs.mkTsCdId" placeholder="MK / TS" role="combobox" aria-hidden="false" aria-disabled="false" aria-readonly="false" aria-invalid="false" aria-required="true" aria-haspopup="true" aria-expanded="false" aria-autocomplete="list" class="x-form-field x-form-required-field x-form-text x-form-text-default " autocomplete="off" data-componentid="NovaCodeComboBox-1929" data-errorqtip="" style="background: clear;" aria-owns="boundlist-1962-listEl" aria-activedescendant="ext-element-48" data-tabindex-value="none" tabindex="-1" data-tabindex-counter="1"&gt; is not clickable at point (559, 249). Other element would receive the click: &lt;div data-sticky="true" role="presentation" class="x-mask x-border-box" style="height: 710px; width: 1536px; z-index: 18996; right: auto; left: 0px; top: 0px;" id="ext-element-52"&gt;&lt;/div&gt;
  (Session info: chrome=76.0.3809.132)
Build info: version: '3.141.59', revision: 'e82be7d358', time: '2018-11-14T08:25:53'
System info: host: 'NSNB-118', ip: '10.0.1.130', os.name: 'Windows 10', os.arch: 'amd64', os.version: '10.0', java.version: '1.8.0_181'
Driver info: com.kms.katalon.selenium.driver.CChromeDriver
Capabilities {acceptInsecureCerts: false, browserName: chrome, browserVersion: 76.0.3809.132, chrome: {chromedriverVersion: 76.0.3809.68 (420c9498db8ce..., userDataDir: C:\Users\19033-~1\AppData\L...}, goog:chromeOptions: {debuggerAddress: localhost:63192}, javascriptEnabled: true, networkConnectionEnabled: false, pageLoadStrategy: normal, platform: XP, platformName: XP, proxy: Proxy(), setWindowRect: true, strictFileInteractability: false, timeouts: {implicit: 0, pageLoad: 300000, script: 30000}, unhandledPromptBehavior: dismiss and notify}
Session ID: 7c6ad07b58c108fbf91b0bcda5f114a1&#xD;
	at org.openqa.selenium.remote.http.W3CHttpResponseCodec.createException(W3CHttpResponseCodec.java:187)&#xD;
	at org.openqa.selenium.remote.http.W3CHttpResponseCodec.decode(W3CHttpResponseCodec.java:122)&#xD;
	at org.openqa.selenium.remote.http.W3CHttpResponseCodec.decode(W3CHttpResponseCodec.java:49)&#xD;
	at org.openqa.selenium.remote.HttpCommandExecutor.execute(HttpCommandExecutor.java:158)&#xD;
	at org.openqa.selenium.remote.service.DriverCommandExecutor.execute(DriverCommandExecutor.java:83)&#xD;
	at org.openqa.selenium.remote.RemoteWebDriver.execute(RemoteWebDriver.java:552)&#xD;
	at com.kms.katalon.selenium.driver.CChromeDriver.execute(CChromeDriver.java:20)&#xD;
	at org.openqa.selenium.remote.RemoteWebElement.execute(RemoteWebElement.java:285)&#xD;
	at org.openqa.selenium.remote.RemoteWebElement.click(RemoteWebElement.java:84)&#xD;
	at com.kms.katalon.core.webui.keyword.builtin.ClickKeyword$_click_closure1.doCall(ClickKeyword.groovy:79)&#xD;
	at com.kms.katalon.core.webui.keyword.builtin.ClickKeyword$_click_closure1.call(ClickKeyword.groovy)&#xD;
	at com.kms.katalon.core.webui.keyword.internal.WebUIKeywordMain.runKeyword(WebUIKeywordMain.groovy:20)&#xD;
	... 35 more&#xD;
)&#xD;
&#xD;
2019-09-06 17:44:42 - [TEST_CASE][FAILED] - Test Cases/Components/PopulateLot: Test Cases/Components/PopulateLot FAILED.
Reason:
com.kms.katalon.core.exception.StepFailedException: Unable to click on object 'Object Repository/Objects.PopulateLot/Page_ISPS2/input__caseLotMkTsmkTsCdId'&#xD;
	at com.kms.katalon.core.webui.keyword.internal.WebUIKeywordMain.stepFailed(WebUIKeywordMain.groovy:64)&#xD;
	at com.kms.katalon.core.webui.keyword.internal.WebUIKeywordMain.runKeyword(WebUIKeywordMain.groovy:26)&#xD;
	at com.kms.katalon.core.webui.keyword.builtin.ClickKeyword.click(ClickKeyword.groovy:86)&#xD;
	at com.kms.katalon.core.webui.keyword.builtin.ClickKeyword.execute(ClickKeyword.groovy:67)&#xD;
	at com.kms.katalon.core.keyword.internal.KeywordExecutor.executeKeywordForPlatform(KeywordExecutor.groovy:56)&#xD;
	at com.kms.katalon.core.webui.keyword.WebUiBuiltInKeywords.click(WebUiBuiltInKeywords.groovy:616)&#xD;
	at com.kms.katalon.core.webui.keyword.WebUiBuiltInKeywords$click$6.call(Unknown Source)&#xD;
	at PopulateLot.run(PopulateLot:24)&#xD;
	at com.kms.katalon.core.main.ScriptEngine.run(ScriptEngine.java:194)&#xD;
	at com.kms.katalon.core.main.ScriptEngine.runScriptAsRawText(ScriptEngine.java:119)&#xD;
	at com.kms.katalon.core.main.TestCaseExecutor.runScript(TestCaseExecutor.java:337)&#xD;
	at com.kms.katalon.core.main.TestCaseExecutor.doExecute(TestCaseExecutor.java:328)&#xD;
	at com.kms.katalon.core.main.TestCaseExecutor.processExecutionPhase(TestCaseExecutor.java:307)&#xD;
	at com.kms.katalon.core.main.TestCaseExecutor.accessMainPhase(TestCaseExecutor.java:299)&#xD;
	at com.kms.katalon.core.main.TestCaseExecutor.execute(TestCaseExecutor.java:233)&#xD;
	at com.kms.katalon.core.main.TestCaseMain.runTestCase(TestCaseMain.java:114)&#xD;
	at com.kms.katalon.core.keyword.builtin.CallTestCaseKeyword$_callTestCase_closure1.doCall(CallTestCaseKeyword.groovy:59)&#xD;
	at com.kms.katalon.core.keyword.builtin.CallTestCaseKeyword$_callTestCase_closure1.call(CallTestCaseKeyword.groovy)&#xD;
	at com.kms.katalon.core.keyword.internal.KeywordMain.runKeyword(KeywordMain.groovy:68)&#xD;
	at com.kms.katalon.core.keyword.builtin.CallTestCaseKeyword.callTestCase(CallTestCaseKeyword.groovy:81)&#xD;
	at com.kms.katalon.core.keyword.builtin.CallTestCaseKeyword.execute(CallTestCaseKeyword.groovy:44)&#xD;
	at com.kms.katalon.core.keyword.internal.KeywordExecutor.executeKeywordForPlatform(KeywordExecutor.groovy:56)&#xD;
	at com.kms.katalon.core.keyword.BuiltinKeywords.callTestCase(BuiltinKeywords.groovy:334)&#xD;
	at SmokeTesting.LotLHS.run(SmokeTesting.LotLHS:48)&#xD;
	at com.kms.katalon.core.main.ScriptEngine.run(ScriptEngine.java:194)&#xD;
	at com.kms.katalon.core.main.ScriptEngine.runScriptAsRawText(ScriptEngine.java:119)&#xD;
	at com.kms.katalon.core.main.TestCaseExecutor.runScript(TestCaseExecutor.java:337)&#xD;
	at com.kms.katalon.core.main.TestCaseExecutor.doExecute(TestCaseExecutor.java:328)&#xD;
	at com.kms.katalon.core.main.TestCaseExecutor.processExecutionPhase(TestCaseExecutor.java:307)&#xD;
	at com.kms.katalon.core.main.TestCaseExecutor.accessMainPhase(TestCaseExecutor.java:299)&#xD;
	at com.kms.katalon.core.main.TestCaseExecutor.execute(TestCaseExecutor.java:233)&#xD;
	at com.kms.katalon.core.main.TestSuiteExecutor.accessTestCaseMainPhase(TestSuiteExecutor.java:133)&#xD;
	at com.kms.katalon.core.main.TestSuiteExecutor.accessTestSuiteMainPhase(TestSuiteExecutor.java:116)&#xD;
	at com.kms.katalon.core.main.TestSuiteExecutor.execute(TestSuiteExecutor.java:83)&#xD;
	at com.kms.katalon.core.main.TestCaseMain.startTestSuite(TestCaseMain.java:157)&#xD;
	at com.kms.katalon.core.main.TestCaseMain$startTestSuite$0.call(Unknown Source)&#xD;
	at TempTestSuite1567762670011.run(TempTestSuite1567762670011.groovy:35)&#xD;
Caused by: org.openqa.selenium.ElementClickInterceptedException: element click intercepted: Element &lt;input id="NovaCodeComboBox-1929-inputEl" data-ref="inputEl" type="text" size="1" name="caseLotMkTs.mkTsCdId" placeholder="MK / TS" role="combobox" aria-hidden="false" aria-disabled="false" aria-readonly="false" aria-invalid="false" aria-required="true" aria-haspopup="true" aria-expanded="false" aria-autocomplete="list" class="x-form-field x-form-required-field x-form-text x-form-text-default " autocomplete="off" data-componentid="NovaCodeComboBox-1929" data-errorqtip="" style="background: clear;" aria-owns="boundlist-1962-listEl" aria-activedescendant="ext-element-48" data-tabindex-value="none" tabindex="-1" data-tabindex-counter="1"&gt; is not clickable at point (559, 249). Other element would receive the click: &lt;div data-sticky="true" role="presentation" class="x-mask x-border-box" style="height: 710px; width: 1536px; z-index: 18996; right: auto; left: 0px; top: 0px;" id="ext-element-52"&gt;&lt;/div&gt;
  (Session info: chrome=76.0.3809.132)
Build info: version: '3.141.59', revision: 'e82be7d358', time: '2018-11-14T08:25:53'
System info: host: 'NSNB-118', ip: '10.0.1.130', os.name: 'Windows 10', os.arch: 'amd64', os.version: '10.0', java.version: '1.8.0_181'
Driver info: com.kms.katalon.selenium.driver.CChromeDriver
Capabilities {acceptInsecureCerts: false, browserName: chrome, browserVersion: 76.0.3809.132, chrome: {chromedriverVersion: 76.0.3809.68 (420c9498db8ce..., userDataDir: C:\Users\19033-~1\AppData\L...}, goog:chromeOptions: {debuggerAddress: localhost:63192}, javascriptEnabled: true, networkConnectionEnabled: false, pageLoadStrategy: normal, platform: XP, platformName: XP, proxy: Proxy(), setWindowRect: true, strictFileInteractability: false, timeouts: {implicit: 0, pageLoad: 300000, script: 30000}, unhandledPromptBehavior: dismiss and notify}
Session ID: 7c6ad07b58c108fbf91b0bcda5f114a1&#xD;
	at org.openqa.selenium.remote.http.W3CHttpResponseCodec.createException(W3CHttpResponseCodec.java:187)&#xD;
	at org.openqa.selenium.remote.http.W3CHttpResponseCodec.decode(W3CHttpResponseCodec.java:122)&#xD;
	at org.openqa.selenium.remote.http.W3CHttpResponseCodec.decode(W3CHttpResponseCodec.java:49)&#xD;
	at org.openqa.selenium.remote.HttpCommandExecutor.execute(HttpCommandExecutor.java:158)&#xD;
	at org.openqa.selenium.remote.service.DriverCommandExecutor.execute(DriverCommandExecutor.java:83)&#xD;
	at org.openqa.selenium.remote.RemoteWebDriver.execute(RemoteWebDriver.java:552)&#xD;
	at com.kms.katalon.selenium.driver.CChromeDriver.execute(CChromeDriver.java:20)&#xD;
	at org.openqa.selenium.remote.RemoteWebElement.execute(RemoteWebElement.java:285)&#xD;
	at org.openqa.selenium.remote.RemoteWebElement.click(RemoteWebElement.java:84)&#xD;
	at com.kms.katalon.core.webui.keyword.builtin.ClickKeyword$_click_closure1.doCall(ClickKeyword.groovy:79)&#xD;
	at com.kms.katalon.core.webui.keyword.builtin.ClickKeyword$_click_closure1.call(ClickKeyword.groovy)&#xD;
	at com.kms.katalon.core.webui.keyword.internal.WebUIKeywordMain.runKeyword(WebUIKeywordMain.groovy:20)&#xD;
	... 35 more&#xD;
&#xD;
&#xD;
2019-09-06 17:44:42 - [TEST_STEP][PASSED] - com.reusableComponents.HighlightElement.run(findTestObject("Objects.PopulateLot/Page_ISPS2/div_Add Lot")): com.reusableComponents.HighlightElement.run is PASSED&#xD;
&#xD;
2019-09-06 17:44:42 - [MESSAGE][PASSED] - com.reusableComponents.HighlightElement.run is PASSED&#xD;
&#xD;
2019-09-06 17:44:42 - [TEST_STEP][PASSED] - com.reusableComponents.HighlightElement.run(findTestObject("Objects.PopulateLot/Page_ISPS2/input__caseLotMkTsmkTsCdId")): com.reusableComponents.HighlightElement.run is PASSED&#xD;
&#xD;
2019-09-06 17:44:43 - [MESSAGE][PASSED] - com.reusableComponents.HighlightElement.run is PASSED&#xD;
&#xD;
2019-09-06 17:44:43 - [TEST_STEP][FAILED] - click(findTestObject("Objects.PopulateLot/Page_ISPS2/input__caseLotMkTsmkTsCdId")): Unable to click on object 'Object Repository/Objects.PopulateLot/Page_ISPS2/input__caseLotMkTsmkTsCdId' (Root cause: com.kms.katalon.core.exception.StepFailedException: Unable to click on object 'Object Repository/Objects.PopulateLot/Page_ISPS2/input__caseLotMkTsmkTsCdId'&#xD;
	at com.kms.katalon.core.webui.keyword.internal.WebUIKeywordMain.stepFailed(WebUIKeywordMain.groovy:64)&#xD;
	at com.kms.katalon.core.webui.keyword.internal.WebUIKeywordMain.runKeyword(WebUIKeywordMain.groovy:26)&#xD;
	at com.kms.katalon.core.webui.keyword.builtin.ClickKeyword.click(ClickKeyword.groovy:86)&#xD;
	at com.kms.katalon.core.webui.keyword.builtin.ClickKeyword.execute(ClickKeyword.groovy:67)&#xD;
	at com.kms.katalon.core.keyword.internal.KeywordExecutor.executeKeywordForPlatform(KeywordExecutor.groovy:56)&#xD;
	at com.kms.katalon.core.webui.keyword.WebUiBuiltInKeywords.click(WebUiBuiltInKeywords.groovy:616)&#xD;
	at com.kms.katalon.core.webui.keyword.WebUiBuiltInKeywords$click$6.call(Unknown Source)&#xD;
	at PopulateLot.run(PopulateLot:24)&#xD;
	at com.kms.katalon.core.main.ScriptEngine.run(ScriptEngine.java:194)&#xD;
	at com.kms.katalon.core.main.ScriptEngine.runScriptAsRawText(ScriptEngine.java:119)&#xD;
	at com.kms.katalon.core.main.TestCaseExecutor.runScript(TestCaseExecutor.java:337)&#xD;
	at com.kms.katalon.core.main.TestCaseExecutor.doExecute(TestCaseExecutor.java:328)&#xD;
	at com.kms.katalon.core.main.TestCaseExecutor.processExecutionPhase(TestCaseExecutor.java:307)&#xD;
	at com.kms.katalon.core.main.TestCaseExecutor.accessMainPhase(TestCaseExecutor.java:299)&#xD;
	at com.kms.katalon.core.main.TestCaseExecutor.execute(TestCaseExecutor.java:233)&#xD;
	at com.kms.katalon.core.main.TestCaseMain.runTestCase(TestCaseMain.java:114)&#xD;
	at com.kms.katalon.core.keyword.builtin.CallTestCaseKeyword$_callTestCase_closure1.doCall(CallTestCaseKeyword.groovy:59)&#xD;
	at com.kms.katalon.core.keyword.builtin.CallTestCaseKeyword$_callTestCase_closure1.call(CallTestCaseKeyword.groovy)&#xD;
	at com.kms.katalon.core.keyword.internal.KeywordMain.runKeyword(KeywordMain.groovy:68)&#xD;
	at com.kms.katalon.core.keyword.builtin.CallTestCaseKeyword.callTestCase(CallTestCaseKeyword.groovy:81)&#xD;
	at com.kms.katalon.core.keyword.builtin.CallTestCaseKeyword.execute(CallTestCaseKeyword.groovy:44)&#xD;
	at com.kms.katalon.core.keyword.internal.KeywordExecutor.executeKeywordForPlatform(KeywordExecutor.groovy:56)&#xD;
	at com.kms.katalon.core.keyword.BuiltinKeywords.callTestCase(BuiltinKeywords.groovy:334)&#xD;
	at SmokeTesting.LotLHS.run(SmokeTesting.LotLHS:48)&#xD;
	at com.kms.katalon.core.main.ScriptEngine.run(ScriptEngine.java:194)&#xD;
	at com.kms.katalon.core.main.ScriptEngine.runScriptAsRawText(ScriptEngine.java:119)&#xD;
	at com.kms.katalon.core.main.TestCaseExecutor.runScript(TestCaseExecutor.java:337)&#xD;
	at com.kms.katalon.core.main.TestCaseExecutor.doExecute(TestCaseExecutor.java:328)&#xD;
	at com.kms.katalon.core.main.TestCaseExecutor.processExecutionPhase(TestCaseExecutor.java:307)&#xD;
	at com.kms.katalon.core.main.TestCaseExecutor.accessMainPhase(TestCaseExecutor.java:299)&#xD;
	at com.kms.katalon.core.main.TestCaseExecutor.execute(TestCaseExecutor.java:233)&#xD;
	at com.kms.katalon.core.main.TestSuiteExecutor.accessTestCaseMainPhase(TestSuiteExecutor.java:133)&#xD;
	at com.kms.katalon.core.main.TestSuiteExecutor.accessTestSuiteMainPhase(TestSuiteExecutor.java:116)&#xD;
	at com.kms.katalon.core.main.TestSuiteExecutor.execute(TestSuiteExecutor.java:83)&#xD;
	at com.kms.katalon.core.main.TestCaseMain.startTestSuite(TestCaseMain.java:157)&#xD;
	at com.kms.katalon.core.main.TestCaseMain$startTestSuite$0.call(Unknown Source)&#xD;
	at TempTestSuite1567762670011.run(TempTestSuite1567762670011.groovy:35)&#xD;
Caused by: org.openqa.selenium.ElementClickInterceptedException: element click intercepted: Element &lt;input id="NovaCodeComboBox-1929-inputEl" data-ref="inputEl" type="text" size="1" name="caseLotMkTs.mkTsCdId" placeholder="MK / TS" role="combobox" aria-hidden="false" aria-disabled="false" aria-readonly="false" aria-invalid="false" aria-required="true" aria-haspopup="true" aria-expanded="false" aria-autocomplete="list" class="x-form-field x-form-required-field x-form-text x-form-text-default " autocomplete="off" data-componentid="NovaCodeComboBox-1929" data-errorqtip="" style="background: clear;" aria-owns="boundlist-1962-listEl" aria-activedescendant="ext-element-48" data-tabindex-value="none" tabindex="-1" data-tabindex-counter="1"&gt; is not clickable at point (559, 249). Other element would receive the click: &lt;div data-sticky="true" role="presentation" class="x-mask x-border-box" style="height: 710px; width: 1536px; z-index: 18996; right: auto; left: 0px; top: 0px;" id="ext-element-52"&gt;&lt;/div&gt;
  (Session info: chrome=76.0.3809.132)
Build info: version: '3.141.59', revision: 'e82be7d358', time: '2018-11-14T08:25:53'
System info: host: 'NSNB-118', ip: '10.0.1.130', os.name: 'Windows 10', os.arch: 'amd64', os.version: '10.0', java.version: '1.8.0_181'
Driver info: com.kms.katalon.selenium.driver.CChromeDriver
Capabilities {acceptInsecureCerts: false, browserName: chrome, browserVersion: 76.0.3809.132, chrome: {chromedriverVersion: 76.0.3809.68 (420c9498db8ce..., userDataDir: C:\Users\19033-~1\AppData\L...}, goog:chromeOptions: {debuggerAddress: localhost:63192}, javascriptEnabled: true, networkConnectionEnabled: false, pageLoadStrategy: normal, platform: XP, platformName: XP, proxy: Proxy(), setWindowRect: true, strictFileInteractability: false, timeouts: {implicit: 0, pageLoad: 300000, script: 30000}, unhandledPromptBehavior: dismiss and notify}
Session ID: 7c6ad07b58c108fbf91b0bcda5f114a1&#xD;
	at org.openqa.selenium.remote.http.W3CHttpResponseCodec.createException(W3CHttpResponseCodec.java:187)&#xD;
	at org.openqa.selenium.remote.http.W3CHttpResponseCodec.decode(W3CHttpResponseCodec.java:122)&#xD;
	at org.openqa.selenium.remote.http.W3CHttpResponseCodec.decode(W3CHttpResponseCodec.java:49)&#xD;
	at org.openqa.selenium.remote.HttpCommandExecutor.execute(HttpCommandExecutor.java:158)&#xD;
	at org.openqa.selenium.remote.service.DriverCommandExecutor.execute(DriverCommandExecutor.java:83)&#xD;
	at org.openqa.selenium.remote.RemoteWebDriver.execute(RemoteWebDriver.java:552)&#xD;
	at com.kms.katalon.selenium.driver.CChromeDriver.execute(CChromeDriver.java:20)&#xD;
	at org.openqa.selenium.remote.RemoteWebElement.execute(RemoteWebElement.java:285)&#xD;
	at org.openqa.selenium.remote.RemoteWebElement.click(RemoteWebElement.java:84)&#xD;
	at com.kms.katalon.core.webui.keyword.builtin.ClickKeyword$_click_closure1.doCall(ClickKeyword.groovy:79)&#xD;
	at com.kms.katalon.core.webui.keyword.builtin.ClickKeyword$_click_closure1.call(ClickKeyword.groovy)&#xD;
	at com.kms.katalon.core.webui.keyword.internal.WebUIKeywordMain.runKeyword(WebUIKeywordMain.groovy:20)&#xD;
	at com.kms.katalon.core.webui.keyword.builtin.ClickKeyword.click(ClickKeyword.groovy:86)&#xD;
	at com.kms.katalon.core.webui.keyword.builtin.ClickKeyword.execute(ClickKeyword.groovy:67)&#xD;
	at com.kms.katalon.core.keyword.internal.KeywordExecutor.executeKeywordForPlatform(KeywordExecutor.groovy:56)&#xD;
	at com.kms.katalon.core.webui.keyword.WebUiBuiltInKeywords.click(WebUiBuiltInKeywords.groovy:616)&#xD;
	at com.kms.katalon.core.webui.keyword.WebUiBuiltInKeywords$click$6.call(Unknown Source)&#xD;
	at Script1565158212739.run(Script1565158212739.groovy:24)&#xD;
	at com.kms.katalon.core.main.ScriptEngine.run(ScriptEngine.java:194)&#xD;
	at com.kms.katalon.core.main.ScriptEngine.runScriptAsRawText(ScriptEngine.java:119)&#xD;
	at com.kms.katalon.core.main.TestCaseExecutor.runScript(TestCaseExecutor.java:337)&#xD;
	at com.kms.katalon.core.main.TestCaseExecutor.doExecute(TestCaseExecutor.java:328)&#xD;
	at com.kms.katalon.core.main.TestCaseExecutor.processExecutionPhase(TestCaseExecutor.java:307)&#xD;
	at com.kms.katalon.core.main.TestCaseExecutor.accessMainPhase(TestCaseExecutor.java:299)&#xD;
	at com.kms.katalon.core.main.TestCaseExecutor.execute(TestCaseExecutor.java:233)&#xD;
	at com.kms.katalon.core.main.TestCaseMain.runTestCase(TestCaseMain.java:114)&#xD;
	at com.kms.katalon.core.keyword.builtin.CallTestCaseKeyword$_callTestCase_closure1.doCall(CallTestCaseKeyword.groovy:59)&#xD;
	at com.kms.katalon.core.keyword.builtin.CallTestCaseKeyword$_callTestCase_closure1.call(CallTestCaseKeyword.groovy)&#xD;
	at com.kms.katalon.core.keyword.internal.KeywordMain.runKeyword(KeywordMain.groovy:68)&#xD;
	at com.kms.katalon.core.keyword.builtin.CallTestCaseKeyword.callTestCase(CallTestCaseKeyword.groovy:81)&#xD;
	at com.kms.katalon.core.keyword.builtin.CallTestCaseKeyword.execute(CallTestCaseKeyword.groovy:44)&#xD;
	at com.kms.katalon.core.keyword.internal.KeywordExecutor.executeKeywordForPlatform(KeywordExecutor.groovy:56)&#xD;
	at com.kms.katalon.core.keyword.BuiltinKeywords.callTestCase(BuiltinKeywords.groovy:334)&#xD;
	at Script1565156629340.run(Script1565156629340.groovy:48)&#xD;
	... 13 more&#xD;
)&#xD;
&#xD;
2019-09-06 17:44:43 - [MESSAGE][FAILED] - Unable to click on object 'Object Repository/Objects.PopulateLot/Page_ISPS2/input__caseLotMkTsmkTsCdId' (Root cause: com.kms.katalon.core.exception.StepFailedException: Unable to click on object 'Object Repository/Objects.PopulateLot/Page_ISPS2/input__caseLotMkTsmkTsCdId'&#xD;
	at com.kms.katalon.core.webui.keyword.internal.WebUIKeywordMain.stepFailed(WebUIKeywordMain.groovy:64)&#xD;
	at com.kms.katalon.core.webui.keyword.internal.WebUIKeywordMain.runKeyword(WebUIKeywordMain.groovy:26)&#xD;
	at com.kms.katalon.core.webui.keyword.builtin.ClickKeyword.click(ClickKeyword.groovy:86)&#xD;
	at com.kms.katalon.core.webui.keyword.builtin.ClickKeyword.execute(ClickKeyword.groovy:67)&#xD;
	at com.kms.katalon.core.keyword.internal.KeywordExecutor.executeKeywordForPlatform(KeywordExecutor.groovy:56)&#xD;
	at com.kms.katalon.core.webui.keyword.WebUiBuiltInKeywords.click(WebUiBuiltInKeywords.groovy:616)&#xD;
	at com.kms.katalon.core.webui.keyword.WebUiBuiltInKeywords$click$6.call(Unknown Source)&#xD;
	at PopulateLot.run(PopulateLot:24)&#xD;
	at com.kms.katalon.core.main.ScriptEngine.run(ScriptEngine.java:194)&#xD;
	at com.kms.katalon.core.main.ScriptEngine.runScriptAsRawText(ScriptEngine.java:119)&#xD;
	at com.kms.katalon.core.main.TestCaseExecutor.runScript(TestCaseExecutor.java:337)&#xD;
	at com.kms.katalon.core.main.TestCaseExecutor.doExecute(TestCaseExecutor.java:328)&#xD;
	at com.kms.katalon.core.main.TestCaseExecutor.processExecutionPhase(TestCaseExecutor.java:307)&#xD;
	at com.kms.katalon.core.main.TestCaseExecutor.accessMainPhase(TestCaseExecutor.java:299)&#xD;
	at com.kms.katalon.core.main.TestCaseExecutor.execute(TestCaseExecutor.java:233)&#xD;
	at com.kms.katalon.core.main.TestCaseMain.runTestCase(TestCaseMain.java:114)&#xD;
	at com.kms.katalon.core.keyword.builtin.CallTestCaseKeyword$_callTestCase_closure1.doCall(CallTestCaseKeyword.groovy:59)&#xD;
	at com.kms.katalon.core.keyword.builtin.CallTestCaseKeyword$_callTestCase_closure1.call(CallTestCaseKeyword.groovy)&#xD;
	at com.kms.katalon.core.keyword.internal.KeywordMain.runKeyword(KeywordMain.groovy:68)&#xD;
	at com.kms.katalon.core.keyword.builtin.CallTestCaseKeyword.callTestCase(CallTestCaseKeyword.groovy:81)&#xD;
	at com.kms.katalon.core.keyword.builtin.CallTestCaseKeyword.execute(CallTestCaseKeyword.groovy:44)&#xD;
	at com.kms.katalon.core.keyword.internal.KeywordExecutor.executeKeywordForPlatform(KeywordExecutor.groovy:56)&#xD;
	at com.kms.katalon.core.keyword.BuiltinKeywords.callTestCase(BuiltinKeywords.groovy:334)&#xD;
	at SmokeTesting.LotLHS.run(SmokeTesting.LotLHS:48)&#xD;
	at com.kms.katalon.core.main.ScriptEngine.run(ScriptEngine.java:194)&#xD;
	at com.kms.katalon.core.main.ScriptEngine.runScriptAsRawText(ScriptEngine.java:119)&#xD;
	at com.kms.katalon.core.main.TestCaseExecutor.runScript(TestCaseExecutor.java:337)&#xD;
	at com.kms.katalon.core.main.TestCaseExecutor.doExecute(TestCaseExecutor.java:328)&#xD;
	at com.kms.katalon.core.main.TestCaseExecutor.processExecutionPhase(TestCaseExecutor.java:307)&#xD;
	at com.kms.katalon.core.main.TestCaseExecutor.accessMainPhase(TestCaseExecutor.java:299)&#xD;
	at com.kms.katalon.core.main.TestCaseExecutor.execute(TestCaseExecutor.java:233)&#xD;
	at com.kms.katalon.core.main.TestSuiteExecutor.accessTestCaseMainPhase(TestSuiteExecutor.java:133)&#xD;
	at com.kms.katalon.core.main.TestSuiteExecutor.accessTestSuiteMainPhase(TestSuiteExecutor.java:116)&#xD;
	at com.kms.katalon.core.main.TestSuiteExecutor.execute(TestSuiteExecutor.java:83)&#xD;
	at com.kms.katalon.core.main.TestCaseMain.startTestSuite(TestCaseMain.java:157)&#xD;
	at com.kms.katalon.core.main.TestCaseMain$startTestSuite$0.call(Unknown Source)&#xD;
	at TempTestSuite1567762670011.run(TempTestSuite1567762670011.groovy:35)&#xD;
Caused by: org.openqa.selenium.ElementClickInterceptedException: element click intercepted: Element &lt;input id="NovaCodeComboBox-1929-inputEl" data-ref="inputEl" type="text" size="1" name="caseLotMkTs.mkTsCdId" placeholder="MK / TS" role="combobox" aria-hidden="false" aria-disabled="false" aria-readonly="false" aria-invalid="false" aria-required="true" aria-haspopup="true" aria-expanded="false" aria-autocomplete="list" class="x-form-field x-form-required-field x-form-text x-form-text-default " autocomplete="off" data-componentid="NovaCodeComboBox-1929" data-errorqtip="" style="background: clear;" aria-owns="boundlist-1962-listEl" aria-activedescendant="ext-element-48" data-tabindex-value="none" tabindex="-1" data-tabindex-counter="1"&gt; is not clickable at point (559, 249). Other element would receive the click: &lt;div data-sticky="true" role="presentation" class="x-mask x-border-box" style="height: 710px; width: 1536px; z-index: 18996; right: auto; left: 0px; top: 0px;" id="ext-element-52"&gt;&lt;/div&gt;
  (Session info: chrome=76.0.3809.132)
Build info: version: '3.141.59', revision: 'e82be7d358', time: '2018-11-14T08:25:53'
System info: host: 'NSNB-118', ip: '10.0.1.130', os.name: 'Windows 10', os.arch: 'amd64', os.version: '10.0', java.version: '1.8.0_181'
Driver info: com.kms.katalon.selenium.driver.CChromeDriver
Capabilities {acceptInsecureCerts: false, browserName: chrome, browserVersion: 76.0.3809.132, chrome: {chromedriverVersion: 76.0.3809.68 (420c9498db8ce..., userDataDir: C:\Users\19033-~1\AppData\L...}, goog:chromeOptions: {debuggerAddress: localhost:63192}, javascriptEnabled: true, networkConnectionEnabled: false, pageLoadStrategy: normal, platform: XP, platformName: XP, proxy: Proxy(), setWindowRect: true, strictFileInteractability: false, timeouts: {implicit: 0, pageLoad: 300000, script: 30000}, unhandledPromptBehavior: dismiss and notify}
Session ID: 7c6ad07b58c108fbf91b0bcda5f114a1&#xD;
	at org.openqa.selenium.remote.http.W3CHttpResponseCodec.createException(W3CHttpResponseCodec.java:187)&#xD;
	at org.openqa.selenium.remote.http.W3CHttpResponseCodec.decode(W3CHttpResponseCodec.java:122)&#xD;
	at org.openqa.selenium.remote.http.W3CHttpResponseCodec.decode(W3CHttpResponseCodec.java:49)&#xD;
	at org.openqa.selenium.remote.HttpCommandExecutor.execute(HttpCommandExecutor.java:158)&#xD;
	at org.openqa.selenium.remote.service.DriverCommandExecutor.execute(DriverCommandExecutor.java:83)&#xD;
	at org.openqa.selenium.remote.RemoteWebDriver.execute(RemoteWebDriver.java:552)&#xD;
	at com.kms.katalon.selenium.driver.CChromeDriver.execute(CChromeDriver.java:20)&#xD;
	at org.openqa.selenium.remote.RemoteWebElement.execute(RemoteWebElement.java:285)&#xD;
	at org.openqa.selenium.remote.RemoteWebElement.click(RemoteWebElement.java:84)&#xD;
	at com.kms.katalon.core.webui.keyword.builtin.ClickKeyword$_click_closure1.doCall(ClickKeyword.groovy:79)&#xD;
	at com.kms.katalon.core.webui.keyword.builtin.ClickKeyword$_click_closure1.call(ClickKeyword.groovy)&#xD;
	at com.kms.katalon.core.webui.keyword.internal.WebUIKeywordMain.runKeyword(WebUIKeywordMain.groovy:20)&#xD;
	at com.kms.katalon.core.webui.keyword.builtin.ClickKeyword.click(ClickKeyword.groovy:86)&#xD;
	at com.kms.katalon.core.webui.keyword.builtin.ClickKeyword.execute(ClickKeyword.groovy:67)&#xD;
	at com.kms.katalon.core.keyword.internal.KeywordExecutor.executeKeywordForPlatform(KeywordExecutor.groovy:56)&#xD;
	at com.kms.katalon.core.webui.keyword.WebUiBuiltInKeywords.click(WebUiBuiltInKeywords.groovy:616)&#xD;
	at com.kms.katalon.core.webui.keyword.WebUiBuiltInKeywords$click$6.call(Unknown Source)&#xD;
	at Script1565158212739.run(Script1565158212739.groovy:24)&#xD;
	at com.kms.katalon.core.main.ScriptEngine.run(ScriptEngine.java:194)&#xD;
	at com.kms.katalon.core.main.ScriptEngine.runScriptAsRawText(ScriptEngine.java:119)&#xD;
	at com.kms.katalon.core.main.TestCaseExecutor.runScript(TestCaseExecutor.java:337)&#xD;
	at com.kms.katalon.core.main.TestCaseExecutor.doExecute(TestCaseExecutor.java:328)&#xD;
	at com.kms.katalon.core.main.TestCaseExecutor.processExecutionPhase(TestCaseExecutor.java:307)&#xD;
	at com.kms.katalon.core.main.TestCaseExecutor.accessMainPhase(TestCaseExecutor.java:299)&#xD;
	at com.kms.katalon.core.main.TestCaseExecutor.execute(TestCaseExecutor.java:233)&#xD;
	at com.kms.katalon.core.main.TestCaseMain.runTestCase(TestCaseMain.java:114)&#xD;
	at com.kms.katalon.core.keyword.builtin.CallTestCaseKeyword$_callTestCase_closure1.doCall(CallTestCaseKeyword.groovy:59)&#xD;
	at com.kms.katalon.core.keyword.builtin.CallTestCaseKeyword$_callTestCase_closure1.call(CallTestCaseKeyword.groovy)&#xD;
	at com.kms.katalon.core.keyword.internal.KeywordMain.runKeyword(KeywordMain.groovy:68)&#xD;
	at com.kms.katalon.core.keyword.builtin.CallTestCaseKeyword.callTestCase(CallTestCaseKeyword.groovy:81)&#xD;
	at com.kms.katalon.core.keyword.builtin.CallTestCaseKeyword.execute(CallTestCaseKeyword.groovy:44)&#xD;
	at com.kms.katalon.core.keyword.internal.KeywordExecutor.executeKeywordForPlatform(KeywordExecutor.groovy:56)&#xD;
	at com.kms.katalon.core.keyword.BuiltinKeywords.callTestCase(BuiltinKeywords.groovy:334)&#xD;
	at Script1565156629340.run(Script1565156629340.groovy:48)&#xD;
	... 13 more&#xD;
)&#xD;
[[ATTACHMENT|C:\\Automation\\ISPS2 Automation\\Reports\\Smoke Testing Automated Regression Suite (STARS)\\20190906_173749\\1567763083484.png]]&#xD;
&#xD;
2019-09-06 17:44:43 - [MESSAGE][FAILED] - Unable to call Test Case 'Test Cases/Components/PopulateLot' (Root cause: com.kms.katalon.core.exception.StepFailedException: Call Test Case 'Test Cases/Components/PopulateLot' failed&#xD;
	at com.kms.katalon.core.keyword.builtin.CallTestCaseKeyword$_callTestCase_closure1.doCall(CallTestCaseKeyword.groovy:63)&#xD;
	at com.kms.katalon.core.keyword.builtin.CallTestCaseKeyword$_callTestCase_closure1.call(CallTestCaseKeyword.groovy)&#xD;
	at com.kms.katalon.core.keyword.internal.KeywordMain.runKeyword(KeywordMain.groovy:68)&#xD;
	at com.kms.katalon.core.keyword.builtin.CallTestCaseKeyword.callTestCase(CallTestCaseKeyword.groovy:81)&#xD;
	at com.kms.katalon.core.keyword.builtin.CallTestCaseKeyword.execute(CallTestCaseKeyword.groovy:44)&#xD;
	at com.kms.katalon.core.keyword.internal.KeywordExecutor.executeKeywordForPlatform(KeywordExecutor.groovy:56)&#xD;
	at com.kms.katalon.core.keyword.BuiltinKeywords.callTestCase(BuiltinKeywords.groovy:334)&#xD;
	at SmokeTesting.LotLHS.run(SmokeTesting.LotLHS:48)&#xD;
	at com.kms.katalon.core.main.ScriptEngine.run(ScriptEngine.java:194)&#xD;
	at com.kms.katalon.core.main.ScriptEngine.runScriptAsRawText(ScriptEngine.java:119)&#xD;
	at com.kms.katalon.core.main.TestCaseExecutor.runScript(TestCaseExecutor.java:337)&#xD;
	at com.kms.katalon.core.main.TestCaseExecutor.doExecute(TestCaseExecutor.java:328)&#xD;
	at com.kms.katalon.core.main.TestCaseExecutor.processExecutionPhase(TestCaseExecutor.java:307)&#xD;
	at com.kms.katalon.core.main.TestCaseExecutor.accessMainPhase(TestCaseExecutor.java:299)&#xD;
	at com.kms.katalon.core.main.TestCaseExecutor.execute(TestCaseExecutor.java:233)&#xD;
	at com.kms.katalon.core.main.TestSuiteExecutor.accessTestCaseMainPhase(TestSuiteExecutor.java:133)&#xD;
	at com.kms.katalon.core.main.TestSuiteExecutor.accessTestSuiteMainPhase(TestSuiteExecutor.java:116)&#xD;
	at com.kms.katalon.core.main.TestSuiteExecutor.execute(TestSuiteExecutor.java:83)&#xD;
	at com.kms.katalon.core.main.TestCaseMain.startTestSuite(TestCaseMain.java:157)&#xD;
	at com.kms.katalon.core.main.TestCaseMain$startTestSuite$0.call(Unknown Source)&#xD;
	at TempTestSuite1567762670011.run(TempTestSuite1567762670011.groovy:35)&#xD;
Caused by: com.kms.katalon.core.exception.StepFailedException: Unable to click on object 'Object Repository/Objects.PopulateLot/Page_ISPS2/input__caseLotMkTsmkTsCdId'&#xD;
	at com.kms.katalon.core.webui.keyword.internal.WebUIKeywordMain.stepFailed(WebUIKeywordMain.groovy:64)&#xD;
	at com.kms.katalon.core.webui.keyword.internal.WebUIKeywordMain.runKeyword(WebUIKeywordMain.groovy:26)&#xD;
	at com.kms.katalon.core.webui.keyword.builtin.ClickKeyword.click(ClickKeyword.groovy:86)&#xD;
	at com.kms.katalon.core.webui.keyword.builtin.ClickKeyword.execute(ClickKeyword.groovy:67)&#xD;
	at com.kms.katalon.core.keyword.internal.KeywordExecutor.executeKeywordForPlatform(KeywordExecutor.groovy:56)&#xD;
	at com.kms.katalon.core.webui.keyword.WebUiBuiltInKeywords.click(WebUiBuiltInKeywords.groovy:616)&#xD;
	at com.kms.katalon.core.webui.keyword.WebUiBuiltInKeywords$click$6.call(Unknown Source)&#xD;
	at PopulateLot.run(PopulateLot:24)&#xD;
	at com.kms.katalon.core.main.ScriptEngine.run(ScriptEngine.java:194)&#xD;
	at com.kms.katalon.core.main.ScriptEngine.runScriptAsRawText(ScriptEngine.java:119)&#xD;
	at com.kms.katalon.core.main.TestCaseExecutor.runScript(TestCaseExecutor.java:337)&#xD;
	at com.kms.katalon.core.main.TestCaseExecutor.doExecute(TestCaseExecutor.java:328)&#xD;
	at com.kms.katalon.core.main.TestCaseExecutor.processExecutionPhase(TestCaseExecutor.java:307)&#xD;
	at com.kms.katalon.core.main.TestCaseExecutor.accessMainPhase(TestCaseExecutor.java:299)&#xD;
	at com.kms.katalon.core.main.TestCaseExecutor.execute(TestCaseExecutor.java:233)&#xD;
	at com.kms.katalon.core.main.TestCaseMain.runTestCase(TestCaseMain.java:114)&#xD;
	at com.kms.katalon.core.keyword.builtin.CallTestCaseKeyword$_callTestCase_closure1.doCall(CallTestCaseKeyword.groovy:59)&#xD;
	... 20 more&#xD;
Caused by: org.openqa.selenium.ElementClickInterceptedException: element click intercepted: Element &lt;input id="NovaCodeComboBox-1929-inputEl" data-ref="inputEl" type="text" size="1" name="caseLotMkTs.mkTsCdId" placeholder="MK / TS" role="combobox" aria-hidden="false" aria-disabled="false" aria-readonly="false" aria-invalid="false" aria-required="true" aria-haspopup="true" aria-expanded="false" aria-autocomplete="list" class="x-form-field x-form-required-field x-form-text x-form-text-default " autocomplete="off" data-componentid="NovaCodeComboBox-1929" data-errorqtip="" style="background: clear;" aria-owns="boundlist-1962-listEl" aria-activedescendant="ext-element-48" data-tabindex-value="none" tabindex="-1" data-tabindex-counter="1"&gt; is not clickable at point (559, 249). Other element would receive the click: &lt;div data-sticky="true" role="presentation" class="x-mask x-border-box" style="height: 710px; width: 1536px; z-index: 18996; right: auto; left: 0px; top: 0px;" id="ext-element-52"&gt;&lt;/div&gt;
  (Session info: chrome=76.0.3809.132)
Build info: version: '3.141.59', revision: 'e82be7d358', time: '2018-11-14T08:25:53'
System info: host: 'NSNB-118', ip: '10.0.1.130', os.name: 'Windows 10', os.arch: 'amd64', os.version: '10.0', java.version: '1.8.0_181'
Driver info: com.kms.katalon.selenium.driver.CChromeDriver
Capabilities {acceptInsecureCerts: false, browserName: chrome, browserVersion: 76.0.3809.132, chrome: {chromedriverVersion: 76.0.3809.68 (420c9498db8ce..., userDataDir: C:\Users\19033-~1\AppData\L...}, goog:chromeOptions: {debuggerAddress: localhost:63192}, javascriptEnabled: true, networkConnectionEnabled: false, pageLoadStrategy: normal, platform: XP, platformName: XP, proxy: Proxy(), setWindowRect: true, strictFileInteractability: false, timeouts: {implicit: 0, pageLoad: 300000, script: 30000}, unhandledPromptBehavior: dismiss and notify}
Session ID: 7c6ad07b58c108fbf91b0bcda5f114a1&#xD;
	at org.openqa.selenium.remote.http.W3CHttpResponseCodec.createException(W3CHttpResponseCodec.java:187)&#xD;
	at org.openqa.selenium.remote.http.W3CHttpResponseCodec.decode(W3CHttpResponseCodec.java:122)&#xD;
	at org.openqa.selenium.remote.http.W3CHttpResponseCodec.decode(W3CHttpResponseCodec.java:49)&#xD;
	at org.openqa.selenium.remote.HttpCommandExecutor.execute(HttpCommandExecutor.java:158)&#xD;
	at org.openqa.selenium.remote.service.DriverCommandExecutor.execute(DriverCommandExecutor.java:83)&#xD;
	at org.openqa.selenium.remote.RemoteWebDriver.execute(RemoteWebDriver.java:552)&#xD;
	at com.kms.katalon.selenium.driver.CChromeDriver.execute(CChromeDriver.java:20)&#xD;
	at org.openqa.selenium.remote.RemoteWebElement.execute(RemoteWebElement.java:285)&#xD;
	at org.openqa.selenium.remote.RemoteWebElement.click(RemoteWebElement.java:84)&#xD;
	at com.kms.katalon.core.webui.keyword.builtin.ClickKeyword$_click_closure1.doCall(ClickKeyword.groovy:79)&#xD;
	at com.kms.katalon.core.webui.keyword.builtin.ClickKeyword$_click_closure1.call(ClickKeyword.groovy)&#xD;
	at com.kms.katalon.core.webui.keyword.internal.WebUIKeywordMain.runKeyword(WebUIKeywordMain.groovy:20)&#xD;
	... 35 more&#xD;
)</system-out>
            <system-err>2019-09-06 17:43:30 - [TEST_CASE][FAILED] - Test Cases/Smoke/TBP/SmokeTesting.LotLHS: Test Cases/Smoke/TBP/SmokeTesting.LotLHS FAILED.
Reason:
com.kms.katalon.core.exception.StepFailedException: Call Test Case 'Test Cases/Components/PopulateLot' failed&#xD;
	at com.kms.katalon.core.keyword.builtin.CallTestCaseKeyword$_callTestCase_closure1.doCall(CallTestCaseKeyword.groovy:63)&#xD;
	at com.kms.katalon.core.keyword.builtin.CallTestCaseKeyword$_callTestCase_closure1.call(CallTestCaseKeyword.groovy)&#xD;
	at com.kms.katalon.core.keyword.internal.KeywordMain.runKeyword(KeywordMain.groovy:68)&#xD;
	at com.kms.katalon.core.keyword.builtin.CallTestCaseKeyword.callTestCase(CallTestCaseKeyword.groovy:81)&#xD;
	at com.kms.katalon.core.keyword.builtin.CallTestCaseKeyword.execute(CallTestCaseKeyword.groovy:44)&#xD;
	at com.kms.katalon.core.keyword.internal.KeywordExecutor.executeKeywordForPlatform(KeywordExecutor.groovy:56)&#xD;
	at com.kms.katalon.core.keyword.BuiltinKeywords.callTestCase(BuiltinKeywords.groovy:334)&#xD;
	at SmokeTesting.LotLHS.run(SmokeTesting.LotLHS:48)&#xD;
	at com.kms.katalon.core.main.ScriptEngine.run(ScriptEngine.java:194)&#xD;
	at com.kms.katalon.core.main.ScriptEngine.runScriptAsRawText(ScriptEngine.java:119)&#xD;
	at com.kms.katalon.core.main.TestCaseExecutor.runScript(TestCaseExecutor.java:337)&#xD;
	at com.kms.katalon.core.main.TestCaseExecutor.doExecute(TestCaseExecutor.java:328)&#xD;
	at com.kms.katalon.core.main.TestCaseExecutor.processExecutionPhase(TestCaseExecutor.java:307)&#xD;
	at com.kms.katalon.core.main.TestCaseExecutor.accessMainPhase(TestCaseExecutor.java:299)&#xD;
	at com.kms.katalon.core.main.TestCaseExecutor.execute(TestCaseExecutor.java:233)&#xD;
	at com.kms.katalon.core.main.TestSuiteExecutor.accessTestCaseMainPhase(TestSuiteExecutor.java:133)&#xD;
	at com.kms.katalon.core.main.TestSuiteExecutor.accessTestSuiteMainPhase(TestSuiteExecutor.java:116)&#xD;
	at com.kms.katalon.core.main.TestSuiteExecutor.execute(TestSuiteExecutor.java:83)&#xD;
	at com.kms.katalon.core.main.TestCaseMain.startTestSuite(TestCaseMain.java:157)&#xD;
	at com.kms.katalon.core.main.TestCaseMain$startTestSuite$0.call(Unknown Source)&#xD;
	at TempTestSuite1567762670011.run(TempTestSuite1567762670011.groovy:35)&#xD;
Caused by: com.kms.katalon.core.exception.StepFailedException: Unable to click on object 'Object Repository/Objects.PopulateLot/Page_ISPS2/input__caseLotMkTsmkTsCdId'&#xD;
	at com.kms.katalon.core.webui.keyword.internal.WebUIKeywordMain.stepFailed(WebUIKeywordMain.groovy:64)&#xD;
	at com.kms.katalon.core.webui.keyword.internal.WebUIKeywordMain.runKeyword(WebUIKeywordMain.groovy:26)&#xD;
	at com.kms.katalon.core.webui.keyword.builtin.ClickKeyword.click(ClickKeyword.groovy:86)&#xD;
	at com.kms.katalon.core.webui.keyword.builtin.ClickKeyword.execute(ClickKeyword.groovy:67)&#xD;
	at com.kms.katalon.core.keyword.internal.KeywordExecutor.executeKeywordForPlatform(KeywordExecutor.groovy:56)&#xD;
	at com.kms.katalon.core.webui.keyword.WebUiBuiltInKeywords.click(WebUiBuiltInKeywords.groovy:616)&#xD;
	at com.kms.katalon.core.webui.keyword.WebUiBuiltInKeywords$click$6.call(Unknown Source)&#xD;
	at PopulateLot.run(PopulateLot:24)&#xD;
	at com.kms.katalon.core.main.ScriptEngine.run(ScriptEngine.java:194)&#xD;
	at com.kms.katalon.core.main.ScriptEngine.runScriptAsRawText(ScriptEngine.java:119)&#xD;
	at com.kms.katalon.core.main.TestCaseExecutor.runScript(TestCaseExecutor.java:337)&#xD;
	at com.kms.katalon.core.main.TestCaseExecutor.doExecute(TestCaseExecutor.java:328)&#xD;
	at com.kms.katalon.core.main.TestCaseExecutor.processExecutionPhase(TestCaseExecutor.java:307)&#xD;
	at com.kms.katalon.core.main.TestCaseExecutor.accessMainPhase(TestCaseExecutor.java:299)&#xD;
	at com.kms.katalon.core.main.TestCaseExecutor.execute(TestCaseExecutor.java:233)&#xD;
	at com.kms.katalon.core.main.TestCaseMain.runTestCase(TestCaseMain.java:114)&#xD;
	at com.kms.katalon.core.keyword.builtin.CallTestCaseKeyword$_callTestCase_closure1.doCall(CallTestCaseKeyword.groovy:59)&#xD;
	... 20 more&#xD;
Caused by: org.openqa.selenium.ElementClickInterceptedException: element click intercepted: Element &lt;input id="NovaCodeComboBox-1929-inputEl" data-ref="inputEl" type="text" size="1" name="caseLotMkTs.mkTsCdId" placeholder="MK / TS" role="combobox" aria-hidden="false" aria-disabled="false" aria-readonly="false" aria-invalid="false" aria-required="true" aria-haspopup="true" aria-expanded="false" aria-autocomplete="list" class="x-form-field x-form-required-field x-form-text x-form-text-default " autocomplete="off" data-componentid="NovaCodeComboBox-1929" data-errorqtip="" style="background: clear;" aria-owns="boundlist-1962-listEl" aria-activedescendant="ext-element-48" data-tabindex-value="none" tabindex="-1" data-tabindex-counter="1"&gt; is not clickable at point (559, 249). Other element would receive the click: &lt;div data-sticky="true" role="presentation" class="x-mask x-border-box" style="height: 710px; width: 1536px; z-index: 18996; right: auto; left: 0px; top: 0px;" id="ext-element-52"&gt;&lt;/div&gt;
  (Session info: chrome=76.0.3809.132)
Build info: version: '3.141.59', revision: 'e82be7d358', time: '2018-11-14T08:25:53'
System info: host: 'NSNB-118', ip: '10.0.1.130', os.name: 'Windows 10', os.arch: 'amd64', os.version: '10.0', java.version: '1.8.0_181'
Driver info: com.kms.katalon.selenium.driver.CChromeDriver
Capabilities {acceptInsecureCerts: false, browserName: chrome, browserVersion: 76.0.3809.132, chrome: {chromedriverVersion: 76.0.3809.68 (420c9498db8ce..., userDataDir: C:\Users\19033-~1\AppData\L...}, goog:chromeOptions: {debuggerAddress: localhost:63192}, javascriptEnabled: true, networkConnectionEnabled: false, pageLoadStrategy: normal, platform: XP, platformName: XP, proxy: Proxy(), setWindowRect: true, strictFileInteractability: false, timeouts: {implicit: 0, pageLoad: 300000, script: 30000}, unhandledPromptBehavior: dismiss and notify}
Session ID: 7c6ad07b58c108fbf91b0bcda5f114a1&#xD;
	at org.openqa.selenium.remote.http.W3CHttpResponseCodec.createException(W3CHttpResponseCodec.java:187)&#xD;
	at org.openqa.selenium.remote.http.W3CHttpResponseCodec.decode(W3CHttpResponseCodec.java:122)&#xD;
	at org.openqa.selenium.remote.http.W3CHttpResponseCodec.decode(W3CHttpResponseCodec.java:49)&#xD;
	at org.openqa.selenium.remote.HttpCommandExecutor.execute(HttpCommandExecutor.java:158)&#xD;
	at org.openqa.selenium.remote.service.DriverCommandExecutor.execute(DriverCommandExecutor.java:83)&#xD;
	at org.openqa.selenium.remote.RemoteWebDriver.execute(RemoteWebDriver.java:552)&#xD;
	at com.kms.katalon.selenium.driver.CChromeDriver.execute(CChromeDriver.java:20)&#xD;
	at org.openqa.selenium.remote.RemoteWebElement.execute(RemoteWebElement.java:285)&#xD;
	at org.openqa.selenium.remote.RemoteWebElement.click(RemoteWebElement.java:84)&#xD;
	at com.kms.katalon.core.webui.keyword.builtin.ClickKeyword$_click_closure1.doCall(ClickKeyword.groovy:79)&#xD;
	at com.kms.katalon.core.webui.keyword.builtin.ClickKeyword$_click_closure1.call(ClickKeyword.groovy)&#xD;
	at com.kms.katalon.core.webui.keyword.internal.WebUIKeywordMain.runKeyword(WebUIKeywordMain.groovy:20)&#xD;
	... 35 more</system-err>
        </testcase>
        <testcase name="Test Cases/Smoke/TBP/SmokeTesting.QualifiedPerson" classname="Test Cases/Smoke/TBP/SmokeTesting.QualifiedPerson" status="ERROR">
            <error type="ERROR" message="Test Cases/Smoke/TBP/SmokeTesting.QualifiedPerson FAILED.&#xA;Reason:&#xA;com.kms.katalon.core.exception.StepErrorException: Call Test Case 'Test Cases/Components/ClickLink' failed because of error(s)&#xD;&#xA;&#x9;at com.kms.katalon.core.keyword.builtin.CallTestCaseKeyword$_callTestCase_closure1.doCall(CallTestCaseKeyword.groovy:66)&#xD;&#xA;&#x9;at com.kms.katalon.core.keyword.builtin.CallTestCaseKeyword$_callTestCase_closure1.call(CallTestCaseKeyword.groovy)&#xD;&#xA;&#x9;at com.kms.katalon.core.keyword.internal.KeywordMain.runKeyword(KeywordMain.groovy:68)&#xD;&#xA;&#x9;at com.kms.katalon.core.keyword.builtin.CallTestCaseKeyword.callTestCase(CallTestCaseKeyword.groovy:81)&#xD;&#xA;&#x9;at com.kms.katalon.core.keyword.builtin.CallTestCaseKeyword.execute(CallTestCaseKeyword.groovy:44)&#xD;&#xA;&#x9;at com.kms.katalon.core.keyword.internal.KeywordExecutor.executeKeywordForPlatform(KeywordExecutor.groovy:56)&#xD;&#xA;&#x9;at com.kms.katalon.core.keyword.BuiltinKeywords.callTestCase(BuiltinKeywords.groovy:334)&#xD;&#xA;&#x9;at SmokeTesting.QualifiedPerson.run(SmokeTesting.QualifiedPerson:25)&#xD;&#xA;&#x9;at com.kms.katalon.core.main.ScriptEngine.run(ScriptEngine.java:194)&#xD;&#xA;&#x9;at com.kms.katalon.core.main.ScriptEngine.runScriptAsRawText(ScriptEngine.java:119)&#xD;&#xA;&#x9;at com.kms.katalon.core.main.TestCaseExecutor.runScript(TestCaseExecutor.java:337)&#xD;&#xA;&#x9;at com.kms.katalon.core.main.TestCaseExecutor.doExecute(TestCaseExecutor.java:328)&#xD;&#xA;&#x9;at com.kms.katalon.core.main.TestCaseExecutor.processExecutionPhase(TestCaseExecutor.java:307)&#xD;&#xA;&#x9;at com.kms.katalon.core.main.TestCaseExecutor.accessMainPhase(TestCaseExecutor.java:299)&#xD;&#xA;&#x9;at com.kms.katalon.core.main.TestCaseExecutor.execute(TestCaseExecutor.java:233)&#xD;&#xA;&#x9;at com.kms.katalon.core.main.TestSuiteExecutor.accessTestCaseMainPhase(TestSuiteExecutor.java:133)&#xD;&#xA;&#x9;at com.kms.katalon.core.main.TestSuiteExecutor.accessTestSuiteMainPhase(TestSuiteExecutor.java:116)&#xD;&#xA;&#x9;at com.kms.katalon.core.main.TestSuiteExecutor.execute(TestSuiteExecutor.java:83)&#xD;&#xA;&#x9;at com.kms.katalon.core.main.TestCaseMain.startTestSuite(TestCaseMain.java:157)&#xD;&#xA;&#x9;at com.kms.katalon.core.main.TestCaseMain$startTestSuite$0.call(Unknown Source)&#xD;&#xA;&#x9;at TempTestSuite1567762670011.run(TempTestSuite1567762670011.groovy:35)&#xD;&#xA;Caused by: org.codehaus.groovy.runtime.InvokerInvocationException: java.lang.AssertionError: Web element with id: 'Object Repository/Objects.ClickLink/Page_ISPS2/LinkToModify' located by 'By.xpath: //a[(text() = 'CHUA TECK HONG' or . = 'CHUA TECK HONG')]' not found&#xD;&#xA;&#x9;at com.reusableComponents.HighlightElement.invokeMethod(HighlightElement.groovy)&#xD;&#xA;&#x9;at com.kms.katalon.core.main.CustomKeywordDelegatingMetaClass.invokeStaticMethod(CustomKeywordDelegatingMetaClass.java:50)&#xD;&#xA;&#x9;at ClickLink.run(ClickLink:24)&#xD;&#xA;&#x9;at com.kms.katalon.core.main.ScriptEngine.run(ScriptEngine.java:194)&#xD;&#xA;&#x9;at com.kms.katalon.core.main.ScriptEngine.runScriptAsRawText(ScriptEngine.java:119)&#xD;&#xA;&#x9;at com.kms.katalon.core.main.TestCaseExecutor.runScript(TestCaseExecutor.java:337)&#xD;&#xA;&#x9;at com.kms.katalon.core.main.TestCaseExecutor.doExecute(TestCaseExecutor.java:328)&#xD;&#xA;&#x9;at com.kms.katalon.core.main.TestCaseExecutor.processExecutionPhase(TestCaseExecutor.java:307)&#xD;&#xA;&#x9;at com.kms.katalon.core.main.TestCaseExecutor.accessMainPhase(TestCaseExecutor.java:299)&#xD;&#xA;&#x9;at com.kms.katalon.core.main.TestCaseExecutor.execute(TestCaseExecutor.java:233)&#xD;&#xA;&#x9;at com.kms.katalon.core.main.TestCaseMain.runTestCase(TestCaseMain.java:114)&#xD;&#xA;&#x9;at com.kms.katalon.core.keyword.builtin.CallTestCaseKeyword$_callTestCase_closure1.doCall(CallTestCaseKeyword.groovy:59)&#xD;&#xA;&#x9;... 20 more&#xD;&#xA;Caused by: java.lang.AssertionError: Web element with id: 'Object Repository/Objects.ClickLink/Page_ISPS2/LinkToModify' located by 'By.xpath: //a[(text() = 'CHUA TECK HONG' or . = 'CHUA TECK HONG')]' not found&#xD;&#xA;&#x9;at org.testng.Assert.fail(Assert.java:93)&#xD;&#xA;&#x9;at org.testng.Assert$fail.call(Unknown Source)&#xD;&#xA;&#x9;at com.reusableComponents.HighlightElement.run(HighlightElement.groovy:27)&#xD;&#xA;&#x9;... 32 more&#xD;&#xA;"/>
            <system-out>2019-09-06 17:44:43 - [TEST_CASE][ERROR] - Test Cases/Smoke/TBP/SmokeTesting.QualifiedPerson: Test Cases/Smoke/TBP/SmokeTesting.QualifiedPerson FAILED.
Reason:
com.kms.katalon.core.exception.StepErrorException: Call Test Case 'Test Cases/Components/ClickLink' failed because of error(s)&#xD;
	at com.kms.katalon.core.keyword.builtin.CallTestCaseKeyword$_callTestCase_closure1.doCall(CallTestCaseKeyword.groovy:66)&#xD;
	at com.kms.katalon.core.keyword.builtin.CallTestCaseKeyword$_callTestCase_closure1.call(CallTestCaseKeyword.groovy)&#xD;
	at com.kms.katalon.core.keyword.internal.KeywordMain.runKeyword(KeywordMain.groovy:68)&#xD;
	at com.kms.katalon.core.keyword.builtin.CallTestCaseKeyword.callTestCase(CallTestCaseKeyword.groovy:81)&#xD;
	at com.kms.katalon.core.keyword.builtin.CallTestCaseKeyword.execute(CallTestCaseKeyword.groovy:44)&#xD;
	at com.kms.katalon.core.keyword.internal.KeywordExecutor.executeKeywordForPlatform(KeywordExecutor.groovy:56)&#xD;
	at com.kms.katalon.core.keyword.BuiltinKeywords.callTestCase(BuiltinKeywords.groovy:334)&#xD;
	at SmokeTesting.QualifiedPerson.run(SmokeTesting.QualifiedPerson:25)&#xD;
	at com.kms.katalon.core.main.ScriptEngine.run(ScriptEngine.java:194)&#xD;
	at com.kms.katalon.core.main.ScriptEngine.runScriptAsRawText(ScriptEngine.java:119)&#xD;
	at com.kms.katalon.core.main.TestCaseExecutor.runScript(TestCaseExecutor.java:337)&#xD;
	at com.kms.katalon.core.main.TestCaseExecutor.doExecute(TestCaseExecutor.java:328)&#xD;
	at com.kms.katalon.core.main.TestCaseExecutor.processExecutionPhase(TestCaseExecutor.java:307)&#xD;
	at com.kms.katalon.core.main.TestCaseExecutor.accessMainPhase(TestCaseExecutor.java:299)&#xD;
	at com.kms.katalon.core.main.TestCaseExecutor.execute(TestCaseExecutor.java:233)&#xD;
	at com.kms.katalon.core.main.TestSuiteExecutor.accessTestCaseMainPhase(TestSuiteExecutor.java:133)&#xD;
	at com.kms.katalon.core.main.TestSuiteExecutor.accessTestSuiteMainPhase(TestSuiteExecutor.java:116)&#xD;
	at com.kms.katalon.core.main.TestSuiteExecutor.execute(TestSuiteExecutor.java:83)&#xD;
	at com.kms.katalon.core.main.TestCaseMain.startTestSuite(TestCaseMain.java:157)&#xD;
	at com.kms.katalon.core.main.TestCaseMain$startTestSuite$0.call(Unknown Source)&#xD;
	at TempTestSuite1567762670011.run(TempTestSuite1567762670011.groovy:35)&#xD;
Caused by: org.codehaus.groovy.runtime.InvokerInvocationException: java.lang.AssertionError: Web element with id: 'Object Repository/Objects.ClickLink/Page_ISPS2/LinkToModify' located by 'By.xpath: //a[(text() = 'CHUA TECK HONG' or . = 'CHUA TECK HONG')]' not found&#xD;
	at com.reusableComponents.HighlightElement.invokeMethod(HighlightElement.groovy)&#xD;
	at com.kms.katalon.core.main.CustomKeywordDelegatingMetaClass.invokeStaticMethod(CustomKeywordDelegatingMetaClass.java:50)&#xD;
	at ClickLink.run(ClickLink:24)&#xD;
	at com.kms.katalon.core.main.ScriptEngine.run(ScriptEngine.java:194)&#xD;
	at com.kms.katalon.core.main.ScriptEngine.runScriptAsRawText(ScriptEngine.java:119)&#xD;
	at com.kms.katalon.core.main.TestCaseExecutor.runScript(TestCaseExecutor.java:337)&#xD;
	at com.kms.katalon.core.main.TestCaseExecutor.doExecute(TestCaseExecutor.java:328)&#xD;
	at com.kms.katalon.core.main.TestCaseExecutor.processExecutionPhase(TestCaseExecutor.java:307)&#xD;
	at com.kms.katalon.core.main.TestCaseExecutor.accessMainPhase(TestCaseExecutor.java:299)&#xD;
	at com.kms.katalon.core.main.TestCaseExecutor.execute(TestCaseExecutor.java:233)&#xD;
	at com.kms.katalon.core.main.TestCaseMain.runTestCase(TestCaseMain.java:114)&#xD;
	at com.kms.katalon.core.keyword.builtin.CallTestCaseKeyword$_callTestCase_closure1.doCall(CallTestCaseKeyword.groovy:59)&#xD;
	... 20 more&#xD;
Caused by: java.lang.AssertionError: Web element with id: 'Object Repository/Objects.ClickLink/Page_ISPS2/LinkToModify' located by 'By.xpath: //a[(text() = 'CHUA TECK HONG' or . = 'CHUA TECK HONG')]' not found&#xD;
	at org.testng.Assert.fail(Assert.java:93)&#xD;
	at org.testng.Assert$fail.call(Unknown Source)&#xD;
	at com.reusableComponents.HighlightElement.run(HighlightElement.groovy:27)&#xD;
	... 32 more&#xD;
&#xD;
&#xD;
2019-09-06 17:44:43 - [TEST_STEP][PASSED] - callTestCase(findTestCase("Components/Login"), ["Username":findTestData("Datatable").getValue("Username", 1), "Password":findTestData("Datatable").getValue("Password", 1)], STOP_ON_FAILURE): Call Test Case 'Test Cases/Components/Login' successfully&#xD;
&#xD;
2019-09-06 17:44:43 - [TEST_CASE][PASSED] - Test Cases/Components/Login: Test Cases/Components/Login&#xD;
&#xD;
2019-09-06 17:44:43 - [TEST_STEP][PASSED] - openBrowser(findTestData("Datatable").getValue("URL", 1)): Browser is opened with url: 'http://java03:3012/isps2-prod-verify/authnz/login.do'&#xD;
&#xD;
2019-09-06 17:44:43 - [MESSAGE][WARNING] - A browser is already opened. Closing browser and opening a new one&#xD;
&#xD;
2019-09-06 17:44:45 - [MESSAGE][INFO] - Starting 'Chrome' driver&#xD;
&#xD;
2019-09-06 17:44:50 - [MESSAGE][PASSED] - Browser is opened with url: 'http://java03:3012/isps2-prod-verify/authnz/login.do'&#xD;
&#xD;
2019-09-06 17:44:50 - [TEST_STEP][PASSED] - maximizeWindow(): Current window maximized&#xD;
&#xD;
2019-09-06 17:44:51 - [MESSAGE][PASSED] - Current window maximized&#xD;
&#xD;
2019-09-06 17:44:51 - [TEST_STEP][PASSED] - verifyTextPresent("Sign in to ISPS2-PROD-Verify", false): Text 'Sign in to ISPS2-PROD-Verify' is present on page &#xD;
&#xD;
2019-09-06 17:44:51 - [MESSAGE][PASSED] - Text 'Sign in to ISPS2-PROD-Verify' is present on page &#xD;
&#xD;
2019-09-06 17:44:51 - [TEST_STEP][NOT_RUN] - com.reusableComponents.HighlightElement.run(findTestObject("Objects.Login/Login Page/div_Sign in to ISPS2-PROD-Verify")): NOT_RUN: com.reusableComponents.HighlightElement.run(findTestObject("Objects.Login/Login Page/div_Sign in to ISPS2-PROD-Verify"))&#xD;
&#xD;
2019-09-06 17:44:51 - [MESSAGE][NOT_RUN] - NOT_RUN: com.reusableComponents.HighlightElement.run(findTestObject("Objects.Login/Login Page/div_Sign in to ISPS2-PROD-Verify"))&#xD;
&#xD;
2019-09-06 17:44:51 - [TEST_STEP][NOT_RUN] - com.reusableComponents.HighlightElement.run(findTestObject("Objects.Login/Login Page/input_Sign in to ISPS2-PROD-Verify_username")): NOT_RUN: com.reusableComponents.HighlightElement.run(findTestObject("Objects.Login/Login Page/input_Sign in to ISPS2-PROD-Verify_username"))&#xD;
&#xD;
2019-09-06 17:44:51 - [MESSAGE][NOT_RUN] - NOT_RUN: com.reusableComponents.HighlightElement.run(findTestObject("Objects.Login/Login Page/input_Sign in to ISPS2-PROD-Verify_username"))&#xD;
&#xD;
2019-09-06 17:44:51 - [TEST_STEP][PASSED] - setText(findTestObject("Objects.Login/Login Page/input_Sign in to ISPS2-PROD-Verify_username"), Username): Text 'sysadmin' is set on object 'Object Repository/Objects.Login/Login Page/input_Sign in to ISPS2-PROD-Verify_username'&#xD;
&#xD;
2019-09-06 17:44:51 - [MESSAGE][PASSED] - Text 'sysadmin' is set on object 'Object Repository/Objects.Login/Login Page/input_Sign in to ISPS2-PROD-Verify_username'&#xD;
&#xD;
2019-09-06 17:44:51 - [TEST_STEP][NOT_RUN] - com.reusableComponents.HighlightElement.run(findTestObject("Objects.Login/Login Page/input_This field is required_password")): NOT_RUN: com.reusableComponents.HighlightElement.run(findTestObject("Objects.Login/Login Page/input_This field is required_password"))&#xD;
&#xD;
2019-09-06 17:44:51 - [MESSAGE][NOT_RUN] - NOT_RUN: com.reusableComponents.HighlightElement.run(findTestObject("Objects.Login/Login Page/input_This field is required_password"))&#xD;
&#xD;
2019-09-06 17:44:51 - [TEST_STEP][PASSED] - setEncryptedText(findTestObject("Objects.Login/Login Page/input_This field is required_password"), Password): Text ****** has been set on object 'Object Repository/Objects.Login/Login Page/input_This field is required_password'&#xD;
&#xD;
2019-09-06 17:44:51 - [MESSAGE][PASSED] - Text ****** has been set on object 'Object Repository/Objects.Login/Login Page/input_This field is required_password'&#xD;
&#xD;
2019-09-06 17:44:51 - [TEST_STEP][NOT_RUN] - com.reusableComponents.HighlightElement.run(findTestObject("Objects.Login/Login Page/div_Sign in to ISPS2-PROD-Verify_NovaGoButton-1021")): NOT_RUN: com.reusableComponents.HighlightElement.run(findTestObject("Objects.Login/Login Page/div_Sign in to ISPS2-PROD-Verify_NovaGoButton-1021"))&#xD;
&#xD;
2019-09-06 17:44:51 - [MESSAGE][NOT_RUN] - NOT_RUN: com.reusableComponents.HighlightElement.run(findTestObject("Objects.Login/Login Page/div_Sign in to ISPS2-PROD-Verify_NovaGoButton-1021"))&#xD;
&#xD;
2019-09-06 17:44:51 - [TEST_STEP][PASSED] - click(findTestObject("Objects.Login/Login Page/div_Sign in to ISPS2-PROD-Verify_NovaGoButton-1021"), OPTIONAL): Object: 'Object Repository/Objects.Login/Login Page/div_Sign in to ISPS2-PROD-Verify_NovaGoButton-1021' is clicked on&#xD;
&#xD;
2019-09-06 17:44:52 - [MESSAGE][PASSED] - Object: 'Object Repository/Objects.Login/Login Page/div_Sign in to ISPS2-PROD-Verify_NovaGoButton-1021' is clicked on&#xD;
&#xD;
2019-09-06 17:44:52 - [TEST_STEP][NOT_RUN] - sendKeys(findTestObject("Objects.Login/Login Page/input_This field is required_password"), Keys.chord(ENTER), OPTIONAL): NOT_RUN: sendKeys(findTestObject("Objects.Login/Login Page/input_This field is required_password"), Keys.chord(ENTER), OPTIONAL)&#xD;
&#xD;
2019-09-06 17:44:52 - [MESSAGE][NOT_RUN] - NOT_RUN: sendKeys(findTestObject("Objects.Login/Login Page/input_This field is required_password"), Keys.chord(ENTER), OPTIONAL)&#xD;
&#xD;
2019-09-06 17:44:52 - [TEST_STEP][PASSED] - waitForPageLoad(30): Wait for page load successfully&#xD;
&#xD;
2019-09-06 17:44:52 - [MESSAGE][PASSED] - Wait for page load successfully&#xD;
&#xD;
2019-09-06 17:44:52 - [TEST_STEP][NOT_RUN] - verifyElementVisible(findTestObject("Objects.Login/Dashboard/a_ISPS2-PROD-Verify"), OPTIONAL): NOT_RUN: verifyElementVisible(findTestObject("Objects.Login/Dashboard/a_ISPS2-PROD-Verify"), OPTIONAL)&#xD;
&#xD;
2019-09-06 17:44:52 - [MESSAGE][NOT_RUN] - NOT_RUN: verifyElementVisible(findTestObject("Objects.Login/Dashboard/a_ISPS2-PROD-Verify"), OPTIONAL)&#xD;
&#xD;
2019-09-06 17:44:52 - [MESSAGE][PASSED] - Call Test Case 'Test Cases/Components/Login' successfully&#xD;
&#xD;
2019-09-06 17:44:52 - [TEST_STEP][PASSED] - callTestCase(findTestCase("Components/NavigateToDashboard"), [:], STOP_ON_FAILURE): Call Test Case 'Test Cases/Components/NavigateToDashboard' successfully&#xD;
&#xD;
2019-09-06 17:44:52 - [TEST_CASE][PASSED] - Test Cases/Components/NavigateToDashboard: Test Cases/Components/NavigateToDashboard&#xD;
&#xD;
2019-09-06 17:44:52 - [TEST_STEP][PASSED] - click(findTestObject("Objects.NavigateToDashboard/a_ISPS2-PROD-Verify")): Object: 'Object Repository/Objects.NavigateToDashboard/a_ISPS2-PROD-Verify' is clicked on&#xD;
&#xD;
2019-09-06 17:44:58 - [MESSAGE][PASSED] - Object: 'Object Repository/Objects.NavigateToDashboard/a_ISPS2-PROD-Verify' is clicked on&#xD;
&#xD;
2019-09-06 17:44:58 - [TEST_STEP][PASSED] - waitForPageLoad(30): Wait for page load successfully&#xD;
&#xD;
2019-09-06 17:44:58 - [MESSAGE][PASSED] - Wait for page load successfully&#xD;
&#xD;
2019-09-06 17:44:58 - [TEST_STEP][PASSED] - Thread.sleep(3000): null&#xD;
&#xD;
2019-09-06 17:45:01 - [TEST_STEP][PASSED] - verifyTextPresent("Loading search result. Please wait...", false, OPTIONAL): Text 'Loading search result. Please wait...' is present on page &#xD;
&#xD;
2019-09-06 17:45:01 - [MESSAGE][PASSED] - Text 'Loading search result. Please wait...' is present on page &#xD;
&#xD;
2019-09-06 17:45:01 - [TEST_STEP][PASSED] - waitForElementNotPresent(findTestObject("Objects.NavigateToDashboard/div_Loading search result Please wait"), 120): Web element with id: 'Object Repository/Objects.NavigateToDashboard/div_Loading search result Please wait' located by 'By.xpath: //div[@class = 'x-mask-msg-text' and (text() = 'Loading search result. Please wait...' or . = 'Loading search result. Please wait...')]' is not present after '120' second(s)&#xD;
&#xD;
2019-09-06 17:45:02 - [MESSAGE][PASSED] - Web element with id: 'Object Repository/Objects.NavigateToDashboard/div_Loading search result Please wait' located by 'By.xpath: //div[@class = 'x-mask-msg-text' and (text() = 'Loading search result. Please wait...' or . = 'Loading search result. Please wait...')]' is not present after '120' second(s)&#xD;
&#xD;
2019-09-06 17:45:02 - [TEST_STEP][PASSED] - Thread.sleep(3000): null&#xD;
&#xD;
2019-09-06 17:45:05 - [MESSAGE][PASSED] - Call Test Case 'Test Cases/Components/NavigateToDashboard' successfully&#xD;
&#xD;
2019-09-06 17:45:05 - [TEST_STEP][PASSED] - callTestCase(findTestCase("Components/SearchTask"), [:], STOP_ON_FAILURE): Call Test Case 'Test Cases/Components/SearchTask' successfully&#xD;
&#xD;
2019-09-06 17:45:05 - [TEST_CASE][PASSED] - Test Cases/Components/SearchTask: Test Cases/Components/SearchTask&#xD;
&#xD;
2019-09-06 17:45:05 - [TEST_STEP][PASSED] - Thread.sleep(3000): null&#xD;
&#xD;
2019-09-06 17:45:08 - [TEST_STEP][PASSED] - verifyElementPresent(findTestObject("Objects.SearchTask/Page_ISPS2/a_"), 0): Object 'Object Repository/Objects.SearchTask/Page_ISPS2/a_' is present&#xD;
&#xD;
2019-09-06 17:45:08 - [MESSAGE][WARNING] - Timeout '0' is invalid. Using default page load timeout: '30'&#xD;
&#xD;
2019-09-06 17:45:08 - [MESSAGE][PASSED] - Object 'Object Repository/Objects.SearchTask/Page_ISPS2/a_' is present&#xD;
&#xD;
2019-09-06 17:45:08 - [TEST_STEP][PASSED] - click(findTestObject("Objects.SearchTask/Page_ISPS2/a_")): Object: 'Object Repository/Objects.SearchTask/Page_ISPS2/a_' is clicked on&#xD;
&#xD;
2019-09-06 17:45:08 - [MESSAGE][PASSED] - Object: 'Object Repository/Objects.SearchTask/Page_ISPS2/a_' is clicked on&#xD;
&#xD;
2019-09-06 17:45:08 - [TEST_STEP][PASSED] - verifyElementVisible(findTestObject("Objects.SearchTask/Page_ISPS2/div_Saved Filter")): Object 'Object Repository/Objects.SearchTask/Page_ISPS2/div_Saved Filter' is visible&#xD;
&#xD;
2019-09-06 17:45:08 - [MESSAGE][PASSED] - Object 'Object Repository/Objects.SearchTask/Page_ISPS2/div_Saved Filter' is visible&#xD;
&#xD;
2019-09-06 17:45:08 - [TEST_STEP][PASSED] - Thread.sleep(3000): null&#xD;
&#xD;
2019-09-06 17:45:11 - [TEST_STEP][PASSED] - click(findTestObject("Objects.SearchTask/Page_ISPS2/span_Reset")): Object: 'Object Repository/Objects.SearchTask/Page_ISPS2/span_Reset' is clicked on&#xD;
&#xD;
2019-09-06 17:45:11 - [MESSAGE][PASSED] - Object: 'Object Repository/Objects.SearchTask/Page_ISPS2/span_Reset' is clicked on&#xD;
&#xD;
2019-09-06 17:45:11 - [TEST_STEP][PASSED] - com.reusableComponents.HighlightElement.run(findTestObject("Objects.SearchTask/Page_ISPS2/input_Task Description_searchCriteriaPojotaskDescription")): com.reusableComponents.HighlightElement.run is PASSED&#xD;
&#xD;
2019-09-06 17:45:12 - [MESSAGE][PASSED] - com.reusableComponents.HighlightElement.run is PASSED&#xD;
&#xD;
2019-09-06 17:45:12 - [TEST_STEP][PASSED] - setText(findTestObject("Objects.SearchTask/Page_ISPS2/input_Task Description_searchCriteriaPojotaskDescription"), "Process Temporary Building Permit"): Text 'Process Temporary Building Permit' is set on object 'Object Repository/Objects.SearchTask/Page_ISPS2/input_Task Description_searchCriteriaPojotaskDescription'&#xD;
&#xD;
2019-09-06 17:45:12 - [MESSAGE][PASSED] - Text 'Process Temporary Building Permit' is set on object 'Object Repository/Objects.SearchTask/Page_ISPS2/input_Task Description_searchCriteriaPojotaskDescription'&#xD;
&#xD;
2019-09-06 17:45:12 - [TEST_STEP][PASSED] - Thread.sleep(1000): null&#xD;
&#xD;
2019-09-06 17:45:13 - [TEST_STEP][PASSED] - click(findTestObject("Objects.SearchTask/Page_ISPS2/div_Process Temporary Building Permit")): Object: 'Object Repository/Objects.SearchTask/Page_ISPS2/div_Process Temporary Building Permit' is clicked on&#xD;
&#xD;
2019-09-06 17:45:13 - [MESSAGE][PASSED] - Object: 'Object Repository/Objects.SearchTask/Page_ISPS2/div_Process Temporary Building Permit' is clicked on&#xD;
&#xD;
2019-09-06 17:45:13 - [TEST_STEP][PASSED] - com.reusableComponents.HighlightElement.run(findTestObject("Objects.SearchTask/Page_ISPS2/span_Search")): com.reusableComponents.HighlightElement.run is PASSED&#xD;
&#xD;
2019-09-06 17:45:14 - [MESSAGE][PASSED] - com.reusableComponents.HighlightElement.run is PASSED&#xD;
&#xD;
2019-09-06 17:45:14 - [TEST_STEP][PASSED] - click(findTestObject("Objects.SearchTask/Page_ISPS2/span_Search")): Object: 'Object Repository/Objects.SearchTask/Page_ISPS2/span_Search' is clicked on&#xD;
&#xD;
2019-09-06 17:45:14 - [MESSAGE][PASSED] - Object: 'Object Repository/Objects.SearchTask/Page_ISPS2/span_Search' is clicked on&#xD;
&#xD;
2019-09-06 17:45:14 - [TEST_STEP][PASSED] - Thread.sleep(500): null&#xD;
&#xD;
2019-09-06 17:45:14 - [TEST_STEP][PASSED] - waitForElementNotPresent(findTestObject("Objects.SearchTask/Page_ISPS2/div_Loading search result Please wait"), 120, STOP_ON_FAILURE): Web element with id: 'Object Repository/Objects.SearchTask/Page_ISPS2/div_Loading search result Please wait' located by 'By.xpath: //div[@class = 'x-mask-msg-text' and (text() = 'Loading search result. Please wait...' or . = 'Loading search result. Please wait...')]' is not present after '120' second(s)&#xD;
&#xD;
2019-09-06 17:45:15 - [MESSAGE][PASSED] - Web element with id: 'Object Repository/Objects.SearchTask/Page_ISPS2/div_Loading search result Please wait' located by 'By.xpath: //div[@class = 'x-mask-msg-text' and (text() = 'Loading search result. Please wait...' or . = 'Loading search result. Please wait...')]' is not present after '120' second(s)&#xD;
&#xD;
2019-09-06 17:45:15 - [TEST_STEP][PASSED] - Thread.sleep(2000): null&#xD;
&#xD;
2019-09-06 17:45:17 - [TEST_STEP][PASSED] - scrollToElement(findTestObject("Objects.SearchTask/Page_ISPS2/a_Process Temporary Building Permit"), 0): Scroll to object 'Object Repository/Objects.SearchTask/Page_ISPS2/a_Process Temporary Building Permit' successfully&#xD;
&#xD;
2019-09-06 17:45:17 - [MESSAGE][WARNING] - Timeout '0' is invalid. Using default page load timeout: '30'&#xD;
&#xD;
2019-09-06 17:45:17 - [MESSAGE][PASSED] - Scroll to object 'Object Repository/Objects.SearchTask/Page_ISPS2/a_Process Temporary Building Permit' successfully&#xD;
&#xD;
2019-09-06 17:45:17 - [TEST_STEP][PASSED] - com.reusableComponents.HighlightElement.run(findTestObject("Objects.SearchTask/Page_ISPS2/a_Process Temporary Building Permit")): com.reusableComponents.HighlightElement.run is PASSED&#xD;
&#xD;
2019-09-06 17:45:18 - [MESSAGE][PASSED] - com.reusableComponents.HighlightElement.run is PASSED&#xD;
&#xD;
2019-09-06 17:45:18 - [TEST_STEP][PASSED] - click(findTestObject("Objects.SearchTask/Page_ISPS2/a_Process Temporary Building Permit")): Object: 'Object Repository/Objects.SearchTask/Page_ISPS2/a_Process Temporary Building Permit' is clicked on&#xD;
&#xD;
2019-09-06 17:45:18 - [MESSAGE][PASSED] - Object: 'Object Repository/Objects.SearchTask/Page_ISPS2/a_Process Temporary Building Permit' is clicked on&#xD;
&#xD;
2019-09-06 17:45:18 - [TEST_STEP][PASSED] - Thread.sleep(500): null&#xD;
&#xD;
2019-09-06 17:45:18 - [TEST_STEP][PASSED] - waitForElementPresent(findTestObject("Objects.SearchTask/Page_ISPS2/div_Process Temporary Building Permit_LandingPage"), 120): Object 'Object Repository/Objects.SearchTask/Page_ISPS2/div_Process Temporary Building Permit_LandingPage' is present&#xD;
&#xD;
2019-09-06 17:45:20 - [MESSAGE][PASSED] - Object 'Object Repository/Objects.SearchTask/Page_ISPS2/div_Process Temporary Building Permit_LandingPage' is present&#xD;
&#xD;
2019-09-06 17:45:20 - [TEST_STEP][PASSED] - Thread.sleep(3000): null&#xD;
&#xD;
2019-09-06 17:45:23 - [MESSAGE][PASSED] - Call Test Case 'Test Cases/Components/SearchTask' successfully&#xD;
&#xD;
2019-09-06 17:45:23 - [TEST_STEP][PASSED] - callTestCase(findTestCase("Components/NavigateToAnyLHS"), ["LHS":"Qualified Person"], STOP_ON_FAILURE): Call Test Case 'Test Cases/Components/NavigateToAnyLHS' successfully&#xD;
&#xD;
2019-09-06 17:45:23 - [TEST_CASE][PASSED] - Test Cases/Components/NavigateToAnyLHS: Test Cases/Components/NavigateToAnyLHS&#xD;
&#xD;
2019-09-06 17:45:23 - [TEST_STEP][PASSED] - Thread.sleep(1000): null&#xD;
&#xD;
2019-09-06 17:45:24 - [TEST_STEP][PASSED] - modifiedLHS = modifyObjectProperty(findTestObject("Objects.NavigateToAnyLHS/Page_ISPS2/LHSToModify"), "text", "equals", LHS, true): Modify property of object successfully&#xD;
&#xD;
2019-09-06 17:45:24 - [MESSAGE][PASSED] - Modify property of object successfully&#xD;
&#xD;
2019-09-06 17:45:24 - [TEST_STEP][PASSED] - click(modifiedLHS): Object: 'Object Repository/Objects.NavigateToAnyLHS/Page_ISPS2/LHSToModify' is clicked on&#xD;
&#xD;
2019-09-06 17:45:25 - [MESSAGE][PASSED] - Object: 'Object Repository/Objects.NavigateToAnyLHS/Page_ISPS2/LHSToModify' is clicked on&#xD;
&#xD;
2019-09-06 17:45:25 - [TEST_STEP][PASSED] - Thread.sleep(5000): null&#xD;
&#xD;
2019-09-06 17:45:30 - [MESSAGE][PASSED] - Call Test Case 'Test Cases/Components/NavigateToAnyLHS' successfully&#xD;
&#xD;
2019-09-06 17:45:30 - [TEST_STEP][FAILED] - callTestCase(findTestCase("Components/ClickLink"), ["LinkToModify":"CHUA TECK HONG"], STOP_ON_FAILURE): Unable to call Test Case 'Test Cases/Components/ClickLink' (Root cause: com.kms.katalon.core.exception.StepErrorException: Call Test Case 'Test Cases/Components/ClickLink' failed because of error(s)&#xD;
	at com.kms.katalon.core.keyword.builtin.CallTestCaseKeyword$_callTestCase_closure1.doCall(CallTestCaseKeyword.groovy:66)&#xD;
	at com.kms.katalon.core.keyword.builtin.CallTestCaseKeyword$_callTestCase_closure1.call(CallTestCaseKeyword.groovy)&#xD;
	at com.kms.katalon.core.keyword.internal.KeywordMain.runKeyword(KeywordMain.groovy:68)&#xD;
	at com.kms.katalon.core.keyword.builtin.CallTestCaseKeyword.callTestCase(CallTestCaseKeyword.groovy:81)&#xD;
	at com.kms.katalon.core.keyword.builtin.CallTestCaseKeyword.execute(CallTestCaseKeyword.groovy:44)&#xD;
	at com.kms.katalon.core.keyword.internal.KeywordExecutor.executeKeywordForPlatform(KeywordExecutor.groovy:56)&#xD;
	at com.kms.katalon.core.keyword.BuiltinKeywords.callTestCase(BuiltinKeywords.groovy:334)&#xD;
	at SmokeTesting.QualifiedPerson.run(SmokeTesting.QualifiedPerson:25)&#xD;
	at com.kms.katalon.core.main.ScriptEngine.run(ScriptEngine.java:194)&#xD;
	at com.kms.katalon.core.main.ScriptEngine.runScriptAsRawText(ScriptEngine.java:119)&#xD;
	at com.kms.katalon.core.main.TestCaseExecutor.runScript(TestCaseExecutor.java:337)&#xD;
	at com.kms.katalon.core.main.TestCaseExecutor.doExecute(TestCaseExecutor.java:328)&#xD;
	at com.kms.katalon.core.main.TestCaseExecutor.processExecutionPhase(TestCaseExecutor.java:307)&#xD;
	at com.kms.katalon.core.main.TestCaseExecutor.accessMainPhase(TestCaseExecutor.java:299)&#xD;
	at com.kms.katalon.core.main.TestCaseExecutor.execute(TestCaseExecutor.java:233)&#xD;
	at com.kms.katalon.core.main.TestSuiteExecutor.accessTestCaseMainPhase(TestSuiteExecutor.java:133)&#xD;
	at com.kms.katalon.core.main.TestSuiteExecutor.accessTestSuiteMainPhase(TestSuiteExecutor.java:116)&#xD;
	at com.kms.katalon.core.main.TestSuiteExecutor.execute(TestSuiteExecutor.java:83)&#xD;
	at com.kms.katalon.core.main.TestCaseMain.startTestSuite(TestCaseMain.java:157)&#xD;
	at com.kms.katalon.core.main.TestCaseMain$startTestSuite$0.call(Unknown Source)&#xD;
	at TempTestSuite1567762670011.run(TempTestSuite1567762670011.groovy:35)&#xD;
Caused by: org.codehaus.groovy.runtime.InvokerInvocationException: java.lang.AssertionError: Web element with id: 'Object Repository/Objects.ClickLink/Page_ISPS2/LinkToModify' located by 'By.xpath: //a[(text() = 'CHUA TECK HONG' or . = 'CHUA TECK HONG')]' not found&#xD;
	at com.reusableComponents.HighlightElement.invokeMethod(HighlightElement.groovy)&#xD;
	at com.kms.katalon.core.main.CustomKeywordDelegatingMetaClass.invokeStaticMethod(CustomKeywordDelegatingMetaClass.java:50)&#xD;
	at ClickLink.run(ClickLink:24)&#xD;
	at com.kms.katalon.core.main.ScriptEngine.run(ScriptEngine.java:194)&#xD;
	at com.kms.katalon.core.main.ScriptEngine.runScriptAsRawText(ScriptEngine.java:119)&#xD;
	at com.kms.katalon.core.main.TestCaseExecutor.runScript(TestCaseExecutor.java:337)&#xD;
	at com.kms.katalon.core.main.TestCaseExecutor.doExecute(TestCaseExecutor.java:328)&#xD;
	at com.kms.katalon.core.main.TestCaseExecutor.processExecutionPhase(TestCaseExecutor.java:307)&#xD;
	at com.kms.katalon.core.main.TestCaseExecutor.accessMainPhase(TestCaseExecutor.java:299)&#xD;
	at com.kms.katalon.core.main.TestCaseExecutor.execute(TestCaseExecutor.java:233)&#xD;
	at com.kms.katalon.core.main.TestCaseMain.runTestCase(TestCaseMain.java:114)&#xD;
	at com.kms.katalon.core.keyword.builtin.CallTestCaseKeyword$_callTestCase_closure1.doCall(CallTestCaseKeyword.groovy:59)&#xD;
	... 20 more&#xD;
Caused by: java.lang.AssertionError: Web element with id: 'Object Repository/Objects.ClickLink/Page_ISPS2/LinkToModify' located by 'By.xpath: //a[(text() = 'CHUA TECK HONG' or . = 'CHUA TECK HONG')]' not found&#xD;
	at org.testng.Assert.fail(Assert.java:93)&#xD;
	at org.testng.Assert$fail.call(Unknown Source)&#xD;
	at com.reusableComponents.HighlightElement.run(HighlightElement.groovy:27)&#xD;
	... 32 more&#xD;
)&#xD;
&#xD;
2019-09-06 17:45:30 - [TEST_CASE][ERROR] - Test Cases/Components/ClickLink: Test Cases/Components/ClickLink FAILED.
Reason:
org.codehaus.groovy.runtime.InvokerInvocationException: java.lang.AssertionError: Web element with id: 'Object Repository/Objects.ClickLink/Page_ISPS2/LinkToModify' located by 'By.xpath: //a[(text() = 'CHUA TECK HONG' or . = 'CHUA TECK HONG')]' not found&#xD;
	at com.reusableComponents.HighlightElement.invokeMethod(HighlightElement.groovy)&#xD;
	at com.kms.katalon.core.main.CustomKeywordDelegatingMetaClass.invokeStaticMethod(CustomKeywordDelegatingMetaClass.java:50)&#xD;
	at ClickLink.run(ClickLink:24)&#xD;
	at com.kms.katalon.core.main.ScriptEngine.run(ScriptEngine.java:194)&#xD;
	at com.kms.katalon.core.main.ScriptEngine.runScriptAsRawText(ScriptEngine.java:119)&#xD;
	at com.kms.katalon.core.main.TestCaseExecutor.runScript(TestCaseExecutor.java:337)&#xD;
	at com.kms.katalon.core.main.TestCaseExecutor.doExecute(TestCaseExecutor.java:328)&#xD;
	at com.kms.katalon.core.main.TestCaseExecutor.processExecutionPhase(TestCaseExecutor.java:307)&#xD;
	at com.kms.katalon.core.main.TestCaseExecutor.accessMainPhase(TestCaseExecutor.java:299)&#xD;
	at com.kms.katalon.core.main.TestCaseExecutor.execute(TestCaseExecutor.java:233)&#xD;
	at com.kms.katalon.core.main.TestCaseMain.runTestCase(TestCaseMain.java:114)&#xD;
	at com.kms.katalon.core.keyword.builtin.CallTestCaseKeyword$_callTestCase_closure1.doCall(CallTestCaseKeyword.groovy:59)&#xD;
	at com.kms.katalon.core.keyword.builtin.CallTestCaseKeyword$_callTestCase_closure1.call(CallTestCaseKeyword.groovy)&#xD;
	at com.kms.katalon.core.keyword.internal.KeywordMain.runKeyword(KeywordMain.groovy:68)&#xD;
	at com.kms.katalon.core.keyword.builtin.CallTestCaseKeyword.callTestCase(CallTestCaseKeyword.groovy:81)&#xD;
	at com.kms.katalon.core.keyword.builtin.CallTestCaseKeyword.execute(CallTestCaseKeyword.groovy:44)&#xD;
	at com.kms.katalon.core.keyword.internal.KeywordExecutor.executeKeywordForPlatform(KeywordExecutor.groovy:56)&#xD;
	at com.kms.katalon.core.keyword.BuiltinKeywords.callTestCase(BuiltinKeywords.groovy:334)&#xD;
	at SmokeTesting.QualifiedPerson.run(SmokeTesting.QualifiedPerson:25)&#xD;
	at com.kms.katalon.core.main.ScriptEngine.run(ScriptEngine.java:194)&#xD;
	at com.kms.katalon.core.main.ScriptEngine.runScriptAsRawText(ScriptEngine.java:119)&#xD;
	at com.kms.katalon.core.main.TestCaseExecutor.runScript(TestCaseExecutor.java:337)&#xD;
	at com.kms.katalon.core.main.TestCaseExecutor.doExecute(TestCaseExecutor.java:328)&#xD;
	at com.kms.katalon.core.main.TestCaseExecutor.processExecutionPhase(TestCaseExecutor.java:307)&#xD;
	at com.kms.katalon.core.main.TestCaseExecutor.accessMainPhase(TestCaseExecutor.java:299)&#xD;
	at com.kms.katalon.core.main.TestCaseExecutor.execute(TestCaseExecutor.java:233)&#xD;
	at com.kms.katalon.core.main.TestSuiteExecutor.accessTestCaseMainPhase(TestSuiteExecutor.java:133)&#xD;
	at com.kms.katalon.core.main.TestSuiteExecutor.accessTestSuiteMainPhase(TestSuiteExecutor.java:116)&#xD;
	at com.kms.katalon.core.main.TestSuiteExecutor.execute(TestSuiteExecutor.java:83)&#xD;
	at com.kms.katalon.core.main.TestCaseMain.startTestSuite(TestCaseMain.java:157)&#xD;
	at com.kms.katalon.core.main.TestCaseMain$startTestSuite$0.call(Unknown Source)&#xD;
	at TempTestSuite1567762670011.run(TempTestSuite1567762670011.groovy:35)&#xD;
Caused by: java.lang.AssertionError: Web element with id: 'Object Repository/Objects.ClickLink/Page_ISPS2/LinkToModify' located by 'By.xpath: //a[(text() = 'CHUA TECK HONG' or . = 'CHUA TECK HONG')]' not found&#xD;
	at org.testng.Assert.fail(Assert.java:93)&#xD;
	at org.testng.Assert$fail.call(Unknown Source)&#xD;
	at com.reusableComponents.HighlightElement.run(HighlightElement.groovy:27)&#xD;
	... 32 more&#xD;
&#xD;
&#xD;
2019-09-06 17:45:30 - [TEST_STEP][PASSED] - Thread.sleep(1000): null&#xD;
&#xD;
2019-09-06 17:45:31 - [TEST_STEP][PASSED] - modifiedLink = modifyObjectProperty(findTestObject("Objects.ClickLink/Page_ISPS2/LinkToModify"), "text", "equals", LinkToModify, true): Modify property of object successfully&#xD;
&#xD;
2019-09-06 17:45:31 - [MESSAGE][PASSED] - Modify property of object successfully&#xD;
&#xD;
2019-09-06 17:45:31 - [TEST_STEP][FAILED] - com.reusableComponents.HighlightElement.run(modifiedLink): java.lang.AssertionError: Web element with id: 'Object Repository/Objects.ClickLink/Page_ISPS2/LinkToModify' located by 'By.xpath: //a[(text() = 'CHUA TECK HONG' or . = 'CHUA TECK HONG')]' not found&#xD;
&#xD;
2019-09-06 17:45:51 - [MESSAGE][INFO] - Unable to find the element located by 'By.xpath: //a[(text() = 'CHUA TECK HONG' or . = 'CHUA TECK HONG')]'. Please recheck the objects properties to make sure the desired element is located. &#xD;
&#xD;
2019-09-06 17:45:51 - [MESSAGE][FAILED] - java.lang.AssertionError: Web element with id: 'Object Repository/Objects.ClickLink/Page_ISPS2/LinkToModify' located by 'By.xpath: //a[(text() = 'CHUA TECK HONG' or . = 'CHUA TECK HONG')]' not found&#xD;
&#xD;
2019-09-06 17:45:51 - [MESSAGE][FAILED] - Unable to call Test Case 'Test Cases/Components/ClickLink' (Root cause: com.kms.katalon.core.exception.StepErrorException: Call Test Case 'Test Cases/Components/ClickLink' failed because of error(s)&#xD;
	at com.kms.katalon.core.keyword.builtin.CallTestCaseKeyword$_callTestCase_closure1.doCall(CallTestCaseKeyword.groovy:66)&#xD;
	at com.kms.katalon.core.keyword.builtin.CallTestCaseKeyword$_callTestCase_closure1.call(CallTestCaseKeyword.groovy)&#xD;
	at com.kms.katalon.core.keyword.internal.KeywordMain.runKeyword(KeywordMain.groovy:68)&#xD;
	at com.kms.katalon.core.keyword.builtin.CallTestCaseKeyword.callTestCase(CallTestCaseKeyword.groovy:81)&#xD;
	at com.kms.katalon.core.keyword.builtin.CallTestCaseKeyword.execute(CallTestCaseKeyword.groovy:44)&#xD;
	at com.kms.katalon.core.keyword.internal.KeywordExecutor.executeKeywordForPlatform(KeywordExecutor.groovy:56)&#xD;
	at com.kms.katalon.core.keyword.BuiltinKeywords.callTestCase(BuiltinKeywords.groovy:334)&#xD;
	at SmokeTesting.QualifiedPerson.run(SmokeTesting.QualifiedPerson:25)&#xD;
	at com.kms.katalon.core.main.ScriptEngine.run(ScriptEngine.java:194)&#xD;
	at com.kms.katalon.core.main.ScriptEngine.runScriptAsRawText(ScriptEngine.java:119)&#xD;
	at com.kms.katalon.core.main.TestCaseExecutor.runScript(TestCaseExecutor.java:337)&#xD;
	at com.kms.katalon.core.main.TestCaseExecutor.doExecute(TestCaseExecutor.java:328)&#xD;
	at com.kms.katalon.core.main.TestCaseExecutor.processExecutionPhase(TestCaseExecutor.java:307)&#xD;
	at com.kms.katalon.core.main.TestCaseExecutor.accessMainPhase(TestCaseExecutor.java:299)&#xD;
	at com.kms.katalon.core.main.TestCaseExecutor.execute(TestCaseExecutor.java:233)&#xD;
	at com.kms.katalon.core.main.TestSuiteExecutor.accessTestCaseMainPhase(TestSuiteExecutor.java:133)&#xD;
	at com.kms.katalon.core.main.TestSuiteExecutor.accessTestSuiteMainPhase(TestSuiteExecutor.java:116)&#xD;
	at com.kms.katalon.core.main.TestSuiteExecutor.execute(TestSuiteExecutor.java:83)&#xD;
	at com.kms.katalon.core.main.TestCaseMain.startTestSuite(TestCaseMain.java:157)&#xD;
	at com.kms.katalon.core.main.TestCaseMain$startTestSuite$0.call(Unknown Source)&#xD;
	at TempTestSuite1567762670011.run(TempTestSuite1567762670011.groovy:35)&#xD;
Caused by: org.codehaus.groovy.runtime.InvokerInvocationException: java.lang.AssertionError: Web element with id: 'Object Repository/Objects.ClickLink/Page_ISPS2/LinkToModify' located by 'By.xpath: //a[(text() = 'CHUA TECK HONG' or . = 'CHUA TECK HONG')]' not found&#xD;
	at com.reusableComponents.HighlightElement.invokeMethod(HighlightElement.groovy)&#xD;
	at com.kms.katalon.core.main.CustomKeywordDelegatingMetaClass.invokeStaticMethod(CustomKeywordDelegatingMetaClass.java:50)&#xD;
	at ClickLink.run(ClickLink:24)&#xD;
	at com.kms.katalon.core.main.ScriptEngine.run(ScriptEngine.java:194)&#xD;
	at com.kms.katalon.core.main.ScriptEngine.runScriptAsRawText(ScriptEngine.java:119)&#xD;
	at com.kms.katalon.core.main.TestCaseExecutor.runScript(TestCaseExecutor.java:337)&#xD;
	at com.kms.katalon.core.main.TestCaseExecutor.doExecute(TestCaseExecutor.java:328)&#xD;
	at com.kms.katalon.core.main.TestCaseExecutor.processExecutionPhase(TestCaseExecutor.java:307)&#xD;
	at com.kms.katalon.core.main.TestCaseExecutor.accessMainPhase(TestCaseExecutor.java:299)&#xD;
	at com.kms.katalon.core.main.TestCaseExecutor.execute(TestCaseExecutor.java:233)&#xD;
	at com.kms.katalon.core.main.TestCaseMain.runTestCase(TestCaseMain.java:114)&#xD;
	at com.kms.katalon.core.keyword.builtin.CallTestCaseKeyword$_callTestCase_closure1.doCall(CallTestCaseKeyword.groovy:59)&#xD;
	... 20 more&#xD;
Caused by: java.lang.AssertionError: Web element with id: 'Object Repository/Objects.ClickLink/Page_ISPS2/LinkToModify' located by 'By.xpath: //a[(text() = 'CHUA TECK HONG' or . = 'CHUA TECK HONG')]' not found&#xD;
	at org.testng.Assert.fail(Assert.java:93)&#xD;
	at org.testng.Assert$fail.call(Unknown Source)&#xD;
	at com.reusableComponents.HighlightElement.run(HighlightElement.groovy:27)&#xD;
	... 32 more&#xD;
)</system-out>
            <system-err>2019-09-06 17:44:43 - [TEST_CASE][ERROR] - Test Cases/Smoke/TBP/SmokeTesting.QualifiedPerson: Test Cases/Smoke/TBP/SmokeTesting.QualifiedPerson FAILED.
Reason:
com.kms.katalon.core.exception.StepErrorException: Call Test Case 'Test Cases/Components/ClickLink' failed because of error(s)&#xD;
	at com.kms.katalon.core.keyword.builtin.CallTestCaseKeyword$_callTestCase_closure1.doCall(CallTestCaseKeyword.groovy:66)&#xD;
	at com.kms.katalon.core.keyword.builtin.CallTestCaseKeyword$_callTestCase_closure1.call(CallTestCaseKeyword.groovy)&#xD;
	at com.kms.katalon.core.keyword.internal.KeywordMain.runKeyword(KeywordMain.groovy:68)&#xD;
	at com.kms.katalon.core.keyword.builtin.CallTestCaseKeyword.callTestCase(CallTestCaseKeyword.groovy:81)&#xD;
	at com.kms.katalon.core.keyword.builtin.CallTestCaseKeyword.execute(CallTestCaseKeyword.groovy:44)&#xD;
	at com.kms.katalon.core.keyword.internal.KeywordExecutor.executeKeywordForPlatform(KeywordExecutor.groovy:56)&#xD;
	at com.kms.katalon.core.keyword.BuiltinKeywords.callTestCase(BuiltinKeywords.groovy:334)&#xD;
	at SmokeTesting.QualifiedPerson.run(SmokeTesting.QualifiedPerson:25)&#xD;
	at com.kms.katalon.core.main.ScriptEngine.run(ScriptEngine.java:194)&#xD;
	at com.kms.katalon.core.main.ScriptEngine.runScriptAsRawText(ScriptEngine.java:119)&#xD;
	at com.kms.katalon.core.main.TestCaseExecutor.runScript(TestCaseExecutor.java:337)&#xD;
	at com.kms.katalon.core.main.TestCaseExecutor.doExecute(TestCaseExecutor.java:328)&#xD;
	at com.kms.katalon.core.main.TestCaseExecutor.processExecutionPhase(TestCaseExecutor.java:307)&#xD;
	at com.kms.katalon.core.main.TestCaseExecutor.accessMainPhase(TestCaseExecutor.java:299)&#xD;
	at com.kms.katalon.core.main.TestCaseExecutor.execute(TestCaseExecutor.java:233)&#xD;
	at com.kms.katalon.core.main.TestSuiteExecutor.accessTestCaseMainPhase(TestSuiteExecutor.java:133)&#xD;
	at com.kms.katalon.core.main.TestSuiteExecutor.accessTestSuiteMainPhase(TestSuiteExecutor.java:116)&#xD;
	at com.kms.katalon.core.main.TestSuiteExecutor.execute(TestSuiteExecutor.java:83)&#xD;
	at com.kms.katalon.core.main.TestCaseMain.startTestSuite(TestCaseMain.java:157)&#xD;
	at com.kms.katalon.core.main.TestCaseMain$startTestSuite$0.call(Unknown Source)&#xD;
	at TempTestSuite1567762670011.run(TempTestSuite1567762670011.groovy:35)&#xD;
Caused by: org.codehaus.groovy.runtime.InvokerInvocationException: java.lang.AssertionError: Web element with id: 'Object Repository/Objects.ClickLink/Page_ISPS2/LinkToModify' located by 'By.xpath: //a[(text() = 'CHUA TECK HONG' or . = 'CHUA TECK HONG')]' not found&#xD;
	at com.reusableComponents.HighlightElement.invokeMethod(HighlightElement.groovy)&#xD;
	at com.kms.katalon.core.main.CustomKeywordDelegatingMetaClass.invokeStaticMethod(CustomKeywordDelegatingMetaClass.java:50)&#xD;
	at ClickLink.run(ClickLink:24)&#xD;
	at com.kms.katalon.core.main.ScriptEngine.run(ScriptEngine.java:194)&#xD;
	at com.kms.katalon.core.main.ScriptEngine.runScriptAsRawText(ScriptEngine.java:119)&#xD;
	at com.kms.katalon.core.main.TestCaseExecutor.runScript(TestCaseExecutor.java:337)&#xD;
	at com.kms.katalon.core.main.TestCaseExecutor.doExecute(TestCaseExecutor.java:328)&#xD;
	at com.kms.katalon.core.main.TestCaseExecutor.processExecutionPhase(TestCaseExecutor.java:307)&#xD;
	at com.kms.katalon.core.main.TestCaseExecutor.accessMainPhase(TestCaseExecutor.java:299)&#xD;
	at com.kms.katalon.core.main.TestCaseExecutor.execute(TestCaseExecutor.java:233)&#xD;
	at com.kms.katalon.core.main.TestCaseMain.runTestCase(TestCaseMain.java:114)&#xD;
	at com.kms.katalon.core.keyword.builtin.CallTestCaseKeyword$_callTestCase_closure1.doCall(CallTestCaseKeyword.groovy:59)&#xD;
	... 20 more&#xD;
Caused by: java.lang.AssertionError: Web element with id: 'Object Repository/Objects.ClickLink/Page_ISPS2/LinkToModify' located by 'By.xpath: //a[(text() = 'CHUA TECK HONG' or . = 'CHUA TECK HONG')]' not found&#xD;
	at org.testng.Assert.fail(Assert.java:93)&#xD;
	at org.testng.Assert$fail.call(Unknown Source)&#xD;
	at com.reusableComponents.HighlightElement.run(HighlightElement.groovy:27)&#xD;
	... 32 more</system-err>
        </testcase>
        <testcase name="Test Cases/Smoke/TBP/SmokeTesting.BuilderLHS" classname="Test Cases/Smoke/TBP/SmokeTesting.BuilderLHS" status="FAILED">
            <failure type="FAILED" message="Test Cases/Smoke/TBP/SmokeTesting.BuilderLHS FAILED.&#xA;Reason:&#xA;com.kms.katalon.core.exception.StepFailedException: Call Test Case 'Test Cases/Components/NavigateToAnyLHS' failed&#xD;&#xA;&#x9;at com.kms.katalon.core.keyword.builtin.CallTestCaseKeyword$_callTestCase_closure1.doCall(CallTestCaseKeyword.groovy:63)&#xD;&#xA;&#x9;at com.kms.katalon.core.keyword.builtin.CallTestCaseKeyword$_callTestCase_closure1.call(CallTestCaseKeyword.groovy)&#xD;&#xA;&#x9;at com.kms.katalon.core.keyword.internal.KeywordMain.runKeyword(KeywordMain.groovy:68)&#xD;&#xA;&#x9;at com.kms.katalon.core.keyword.builtin.CallTestCaseKeyword.callTestCase(CallTestCaseKeyword.groovy:81)&#xD;&#xA;&#x9;at com.kms.katalon.core.keyword.builtin.CallTestCaseKeyword.execute(CallTestCaseKeyword.groovy:44)&#xD;&#xA;&#x9;at com.kms.katalon.core.keyword.internal.KeywordExecutor.executeKeywordForPlatform(KeywordExecutor.groovy:56)&#xD;&#xA;&#x9;at com.kms.katalon.core.keyword.BuiltinKeywords.callTestCase(BuiltinKeywords.groovy:334)&#xD;&#xA;&#x9;at SmokeTesting.BuilderLHS.run(SmokeTesting.BuilderLHS:23)&#xD;&#xA;&#x9;at com.kms.katalon.core.main.ScriptEngine.run(ScriptEngine.java:194)&#xD;&#xA;&#x9;at com.kms.katalon.core.main.ScriptEngine.runScriptAsRawText(ScriptEngine.java:119)&#xD;&#xA;&#x9;at com.kms.katalon.core.main.TestCaseExecutor.runScript(TestCaseExecutor.java:337)&#xD;&#xA;&#x9;at com.kms.katalon.core.main.TestCaseExecutor.doExecute(TestCaseExecutor.java:328)&#xD;&#xA;&#x9;at com.kms.katalon.core.main.TestCaseExecutor.processExecutionPhase(TestCaseExecutor.java:307)&#xD;&#xA;&#x9;at com.kms.katalon.core.main.TestCaseExecutor.accessMainPhase(TestCaseExecutor.java:299)&#xD;&#xA;&#x9;at com.kms.katalon.core.main.TestCaseExecutor.execute(TestCaseExecutor.java:233)&#xD;&#xA;&#x9;at com.kms.katalon.core.main.TestSuiteExecutor.accessTestCaseMainPhase(TestSuiteExecutor.java:133)&#xD;&#xA;&#x9;at com.kms.katalon.core.main.TestSuiteExecutor.accessTestSuiteMainPhase(TestSuiteExecutor.java:116)&#xD;&#xA;&#x9;at com.kms.katalon.core.main.TestSuiteExecutor.execute(TestSuiteExecutor.java:83)&#xD;&#xA;&#x9;at com.kms.katalon.core.main.TestCaseMain.startTestSuite(TestCaseMain.java:157)&#xD;&#xA;&#x9;at com.kms.katalon.core.main.TestCaseMain$startTestSuite$0.call(Unknown Source)&#xD;&#xA;&#x9;at TempTestSuite1567762670011.run(TempTestSuite1567762670011.groovy:35)&#xD;&#xA;Caused by: com.kms.katalon.core.exception.StepFailedException: Unable to click on object 'Object Repository/Objects.NavigateToAnyLHS/Page_ISPS2/LHSToModify'&#xD;&#xA;&#x9;at com.kms.katalon.core.webui.keyword.internal.WebUIKeywordMain.stepFailed(WebUIKeywordMain.groovy:64)&#xD;&#xA;&#x9;at com.kms.katalon.core.webui.keyword.internal.WebUIKeywordMain.runKeyword(WebUIKeywordMain.groovy:26)&#xD;&#xA;&#x9;at com.kms.katalon.core.webui.keyword.builtin.ClickKeyword.click(ClickKeyword.groovy:86)&#xD;&#xA;&#x9;at com.kms.katalon.core.webui.keyword.builtin.ClickKeyword.execute(ClickKeyword.groovy:67)&#xD;&#xA;&#x9;at com.kms.katalon.core.keyword.internal.KeywordExecutor.executeKeywordForPlatform(KeywordExecutor.groovy:56)&#xD;&#xA;&#x9;at com.kms.katalon.core.webui.keyword.WebUiBuiltInKeywords.click(WebUiBuiltInKeywords.groovy:616)&#xD;&#xA;&#x9;at com.kms.katalon.core.webui.keyword.WebUiBuiltInKeywords$click$6.call(Unknown Source)&#xD;&#xA;&#x9;at NavigateToAnyLHS.run(NavigateToAnyLHS:24)&#xD;&#xA;&#x9;at com.kms.katalon.core.main.ScriptEngine.run(ScriptEngine.java:194)&#xD;&#xA;&#x9;at com.kms.katalon.core.main.ScriptEngine.runScriptAsRawText(ScriptEngine.java:119)&#xD;&#xA;&#x9;at com.kms.katalon.core.main.TestCaseExecutor.runScript(TestCaseExecutor.java:337)&#xD;&#xA;&#x9;at com.kms.katalon.core.main.TestCaseExecutor.doExecute(TestCaseExecutor.java:328)&#xD;&#xA;&#x9;at com.kms.katalon.core.main.TestCaseExecutor.processExecutionPhase(TestCaseExecutor.java:307)&#xD;&#xA;&#x9;at com.kms.katalon.core.main.TestCaseExecutor.accessMainPhase(TestCaseExecutor.java:299)&#xD;&#xA;&#x9;at com.kms.katalon.core.main.TestCaseExecutor.execute(TestCaseExecutor.java:233)&#xD;&#xA;&#x9;at com.kms.katalon.core.main.TestCaseMain.runTestCase(TestCaseMain.java:114)&#xD;&#xA;&#x9;at com.kms.katalon.core.keyword.builtin.CallTestCaseKeyword$_callTestCase_closure1.doCall(CallTestCaseKeyword.groovy:59)&#xD;&#xA;&#x9;... 20 more&#xD;&#xA;Caused by: com.kms.katalon.core.webui.exception.WebElementNotFoundException: Web element with id: 'Object Repository/Objects.NavigateToAnyLHS/Page_ISPS2/LHSToModify' located by 'By.xpath: //div[@class = 'x-component x-unselectable x-box-item x-ltr x-component-default' and (text() = 'Builder' or . = 'Builder')]' not found&#xD;&#xA;&#x9;at com.kms.katalon.core.webui.common.WebUiCommonHelper.findWebElement(WebUiCommonHelper.java:1097)&#xD;&#xA;&#x9;at com.kms.katalon.core.webui.keyword.internal.WebUIAbstractKeyword.findWebElement(WebUIAbstractKeyword.groovy:27)&#xD;&#xA;&#x9;at com.kms.katalon.core.webui.keyword.internal.WebUIAbstractKeyword.findWebElement(WebUIAbstractKeyword.groovy:26)&#xD;&#xA;&#x9;at com.kms.katalon.core.webui.keyword.builtin.ClickKeyword$_click_closure1.doCall(ClickKeyword.groovy:77)&#xD;&#xA;&#x9;at com.kms.katalon.core.webui.keyword.builtin.ClickKeyword$_click_closure1.call(ClickKeyword.groovy)&#xD;&#xA;&#x9;at com.kms.katalon.core.webui.keyword.internal.WebUIKeywordMain.runKeyword(WebUIKeywordMain.groovy:20)&#xD;&#xA;&#x9;... 35 more&#xD;&#xA;"/>
            <system-out>2019-09-06 17:45:51 - [TEST_CASE][FAILED] - Test Cases/Smoke/TBP/SmokeTesting.BuilderLHS: Test Cases/Smoke/TBP/SmokeTesting.BuilderLHS FAILED.
Reason:
com.kms.katalon.core.exception.StepFailedException: Call Test Case 'Test Cases/Components/NavigateToAnyLHS' failed&#xD;
	at com.kms.katalon.core.keyword.builtin.CallTestCaseKeyword$_callTestCase_closure1.doCall(CallTestCaseKeyword.groovy:63)&#xD;
	at com.kms.katalon.core.keyword.builtin.CallTestCaseKeyword$_callTestCase_closure1.call(CallTestCaseKeyword.groovy)&#xD;
	at com.kms.katalon.core.keyword.internal.KeywordMain.runKeyword(KeywordMain.groovy:68)&#xD;
	at com.kms.katalon.core.keyword.builtin.CallTestCaseKeyword.callTestCase(CallTestCaseKeyword.groovy:81)&#xD;
	at com.kms.katalon.core.keyword.builtin.CallTestCaseKeyword.execute(CallTestCaseKeyword.groovy:44)&#xD;
	at com.kms.katalon.core.keyword.internal.KeywordExecutor.executeKeywordForPlatform(KeywordExecutor.groovy:56)&#xD;
	at com.kms.katalon.core.keyword.BuiltinKeywords.callTestCase(BuiltinKeywords.groovy:334)&#xD;
	at SmokeTesting.BuilderLHS.run(SmokeTesting.BuilderLHS:23)&#xD;
	at com.kms.katalon.core.main.ScriptEngine.run(ScriptEngine.java:194)&#xD;
	at com.kms.katalon.core.main.ScriptEngine.runScriptAsRawText(ScriptEngine.java:119)&#xD;
	at com.kms.katalon.core.main.TestCaseExecutor.runScript(TestCaseExecutor.java:337)&#xD;
	at com.kms.katalon.core.main.TestCaseExecutor.doExecute(TestCaseExecutor.java:328)&#xD;
	at com.kms.katalon.core.main.TestCaseExecutor.processExecutionPhase(TestCaseExecutor.java:307)&#xD;
	at com.kms.katalon.core.main.TestCaseExecutor.accessMainPhase(TestCaseExecutor.java:299)&#xD;
	at com.kms.katalon.core.main.TestCaseExecutor.execute(TestCaseExecutor.java:233)&#xD;
	at com.kms.katalon.core.main.TestSuiteExecutor.accessTestCaseMainPhase(TestSuiteExecutor.java:133)&#xD;
	at com.kms.katalon.core.main.TestSuiteExecutor.accessTestSuiteMainPhase(TestSuiteExecutor.java:116)&#xD;
	at com.kms.katalon.core.main.TestSuiteExecutor.execute(TestSuiteExecutor.java:83)&#xD;
	at com.kms.katalon.core.main.TestCaseMain.startTestSuite(TestCaseMain.java:157)&#xD;
	at com.kms.katalon.core.main.TestCaseMain$startTestSuite$0.call(Unknown Source)&#xD;
	at TempTestSuite1567762670011.run(TempTestSuite1567762670011.groovy:35)&#xD;
Caused by: com.kms.katalon.core.exception.StepFailedException: Unable to click on object 'Object Repository/Objects.NavigateToAnyLHS/Page_ISPS2/LHSToModify'&#xD;
	at com.kms.katalon.core.webui.keyword.internal.WebUIKeywordMain.stepFailed(WebUIKeywordMain.groovy:64)&#xD;
	at com.kms.katalon.core.webui.keyword.internal.WebUIKeywordMain.runKeyword(WebUIKeywordMain.groovy:26)&#xD;
	at com.kms.katalon.core.webui.keyword.builtin.ClickKeyword.click(ClickKeyword.groovy:86)&#xD;
	at com.kms.katalon.core.webui.keyword.builtin.ClickKeyword.execute(ClickKeyword.groovy:67)&#xD;
	at com.kms.katalon.core.keyword.internal.KeywordExecutor.executeKeywordForPlatform(KeywordExecutor.groovy:56)&#xD;
	at com.kms.katalon.core.webui.keyword.WebUiBuiltInKeywords.click(WebUiBuiltInKeywords.groovy:616)&#xD;
	at com.kms.katalon.core.webui.keyword.WebUiBuiltInKeywords$click$6.call(Unknown Source)&#xD;
	at NavigateToAnyLHS.run(NavigateToAnyLHS:24)&#xD;
	at com.kms.katalon.core.main.ScriptEngine.run(ScriptEngine.java:194)&#xD;
	at com.kms.katalon.core.main.ScriptEngine.runScriptAsRawText(ScriptEngine.java:119)&#xD;
	at com.kms.katalon.core.main.TestCaseExecutor.runScript(TestCaseExecutor.java:337)&#xD;
	at com.kms.katalon.core.main.TestCaseExecutor.doExecute(TestCaseExecutor.java:328)&#xD;
	at com.kms.katalon.core.main.TestCaseExecutor.processExecutionPhase(TestCaseExecutor.java:307)&#xD;
	at com.kms.katalon.core.main.TestCaseExecutor.accessMainPhase(TestCaseExecutor.java:299)&#xD;
	at com.kms.katalon.core.main.TestCaseExecutor.execute(TestCaseExecutor.java:233)&#xD;
	at com.kms.katalon.core.main.TestCaseMain.runTestCase(TestCaseMain.java:114)&#xD;
	at com.kms.katalon.core.keyword.builtin.CallTestCaseKeyword$_callTestCase_closure1.doCall(CallTestCaseKeyword.groovy:59)&#xD;
	... 20 more&#xD;
Caused by: com.kms.katalon.core.webui.exception.WebElementNotFoundException: Web element with id: 'Object Repository/Objects.NavigateToAnyLHS/Page_ISPS2/LHSToModify' located by 'By.xpath: //div[@class = 'x-component x-unselectable x-box-item x-ltr x-component-default' and (text() = 'Builder' or . = 'Builder')]' not found&#xD;
	at com.kms.katalon.core.webui.common.WebUiCommonHelper.findWebElement(WebUiCommonHelper.java:1097)&#xD;
	at com.kms.katalon.core.webui.keyword.internal.WebUIAbstractKeyword.findWebElement(WebUIAbstractKeyword.groovy:27)&#xD;
	at com.kms.katalon.core.webui.keyword.internal.WebUIAbstractKeyword.findWebElement(WebUIAbstractKeyword.groovy:26)&#xD;
	at com.kms.katalon.core.webui.keyword.builtin.ClickKeyword$_click_closure1.doCall(ClickKeyword.groovy:77)&#xD;
	at com.kms.katalon.core.webui.keyword.builtin.ClickKeyword$_click_closure1.call(ClickKeyword.groovy)&#xD;
	at com.kms.katalon.core.webui.keyword.internal.WebUIKeywordMain.runKeyword(WebUIKeywordMain.groovy:20)&#xD;
	... 35 more&#xD;
&#xD;
&#xD;
2019-09-06 17:45:51 - [TEST_STEP][PASSED] - callTestCase(findTestCase("Components/Login"), ["Username":findTestData("Datatable").getValue("Username", 1), "Password":findTestData("Datatable").getValue("Password", 1)], STOP_ON_FAILURE): Call Test Case 'Test Cases/Components/Login' successfully&#xD;
&#xD;
2019-09-06 17:45:51 - [TEST_CASE][PASSED] - Test Cases/Components/Login: Test Cases/Components/Login&#xD;
&#xD;
2019-09-06 17:45:51 - [TEST_STEP][PASSED] - openBrowser(findTestData("Datatable").getValue("URL", 1)): Browser is opened with url: 'http://java03:3012/isps2-prod-verify/authnz/login.do'&#xD;
&#xD;
2019-09-06 17:45:51 - [MESSAGE][WARNING] - A browser is already opened. Closing browser and opening a new one&#xD;
&#xD;
2019-09-06 17:45:52 - [MESSAGE][INFO] - Starting 'Chrome' driver&#xD;
&#xD;
2019-09-06 17:45:57 - [MESSAGE][PASSED] - Browser is opened with url: 'http://java03:3012/isps2-prod-verify/authnz/login.do'&#xD;
&#xD;
2019-09-06 17:45:57 - [TEST_STEP][PASSED] - maximizeWindow(): Current window maximized&#xD;
&#xD;
2019-09-06 17:45:58 - [MESSAGE][PASSED] - Current window maximized&#xD;
&#xD;
2019-09-06 17:45:58 - [TEST_STEP][PASSED] - verifyTextPresent("Sign in to ISPS2-PROD-Verify", false): Text 'Sign in to ISPS2-PROD-Verify' is present on page &#xD;
&#xD;
2019-09-06 17:45:58 - [MESSAGE][PASSED] - Text 'Sign in to ISPS2-PROD-Verify' is present on page &#xD;
&#xD;
2019-09-06 17:45:58 - [TEST_STEP][NOT_RUN] - com.reusableComponents.HighlightElement.run(findTestObject("Objects.Login/Login Page/div_Sign in to ISPS2-PROD-Verify")): NOT_RUN: com.reusableComponents.HighlightElement.run(findTestObject("Objects.Login/Login Page/div_Sign in to ISPS2-PROD-Verify"))&#xD;
&#xD;
2019-09-06 17:45:58 - [MESSAGE][NOT_RUN] - NOT_RUN: com.reusableComponents.HighlightElement.run(findTestObject("Objects.Login/Login Page/div_Sign in to ISPS2-PROD-Verify"))&#xD;
&#xD;
2019-09-06 17:45:58 - [TEST_STEP][NOT_RUN] - com.reusableComponents.HighlightElement.run(findTestObject("Objects.Login/Login Page/input_Sign in to ISPS2-PROD-Verify_username")): NOT_RUN: com.reusableComponents.HighlightElement.run(findTestObject("Objects.Login/Login Page/input_Sign in to ISPS2-PROD-Verify_username"))&#xD;
&#xD;
2019-09-06 17:45:58 - [MESSAGE][NOT_RUN] - NOT_RUN: com.reusableComponents.HighlightElement.run(findTestObject("Objects.Login/Login Page/input_Sign in to ISPS2-PROD-Verify_username"))&#xD;
&#xD;
2019-09-06 17:45:58 - [TEST_STEP][PASSED] - setText(findTestObject("Objects.Login/Login Page/input_Sign in to ISPS2-PROD-Verify_username"), Username): Text 'sysadmin' is set on object 'Object Repository/Objects.Login/Login Page/input_Sign in to ISPS2-PROD-Verify_username'&#xD;
&#xD;
2019-09-06 17:45:58 - [MESSAGE][PASSED] - Text 'sysadmin' is set on object 'Object Repository/Objects.Login/Login Page/input_Sign in to ISPS2-PROD-Verify_username'&#xD;
&#xD;
2019-09-06 17:45:58 - [TEST_STEP][NOT_RUN] - com.reusableComponents.HighlightElement.run(findTestObject("Objects.Login/Login Page/input_This field is required_password")): NOT_RUN: com.reusableComponents.HighlightElement.run(findTestObject("Objects.Login/Login Page/input_This field is required_password"))&#xD;
&#xD;
2019-09-06 17:45:58 - [MESSAGE][NOT_RUN] - NOT_RUN: com.reusableComponents.HighlightElement.run(findTestObject("Objects.Login/Login Page/input_This field is required_password"))&#xD;
&#xD;
2019-09-06 17:45:58 - [TEST_STEP][PASSED] - setEncryptedText(findTestObject("Objects.Login/Login Page/input_This field is required_password"), Password): Text ****** has been set on object 'Object Repository/Objects.Login/Login Page/input_This field is required_password'&#xD;
&#xD;
2019-09-06 17:45:58 - [MESSAGE][PASSED] - Text ****** has been set on object 'Object Repository/Objects.Login/Login Page/input_This field is required_password'&#xD;
&#xD;
2019-09-06 17:45:58 - [TEST_STEP][NOT_RUN] - com.reusableComponents.HighlightElement.run(findTestObject("Objects.Login/Login Page/div_Sign in to ISPS2-PROD-Verify_NovaGoButton-1021")): NOT_RUN: com.reusableComponents.HighlightElement.run(findTestObject("Objects.Login/Login Page/div_Sign in to ISPS2-PROD-Verify_NovaGoButton-1021"))&#xD;
&#xD;
2019-09-06 17:45:58 - [MESSAGE][NOT_RUN] - NOT_RUN: com.reusableComponents.HighlightElement.run(findTestObject("Objects.Login/Login Page/div_Sign in to ISPS2-PROD-Verify_NovaGoButton-1021"))&#xD;
&#xD;
2019-09-06 17:45:58 - [TEST_STEP][PASSED] - click(findTestObject("Objects.Login/Login Page/div_Sign in to ISPS2-PROD-Verify_NovaGoButton-1021"), OPTIONAL): Object: 'Object Repository/Objects.Login/Login Page/div_Sign in to ISPS2-PROD-Verify_NovaGoButton-1021' is clicked on&#xD;
&#xD;
2019-09-06 17:45:59 - [MESSAGE][PASSED] - Object: 'Object Repository/Objects.Login/Login Page/div_Sign in to ISPS2-PROD-Verify_NovaGoButton-1021' is clicked on&#xD;
&#xD;
2019-09-06 17:45:59 - [TEST_STEP][NOT_RUN] - sendKeys(findTestObject("Objects.Login/Login Page/input_This field is required_password"), Keys.chord(ENTER), OPTIONAL): NOT_RUN: sendKeys(findTestObject("Objects.Login/Login Page/input_This field is required_password"), Keys.chord(ENTER), OPTIONAL)&#xD;
&#xD;
2019-09-06 17:45:59 - [MESSAGE][NOT_RUN] - NOT_RUN: sendKeys(findTestObject("Objects.Login/Login Page/input_This field is required_password"), Keys.chord(ENTER), OPTIONAL)&#xD;
&#xD;
2019-09-06 17:45:59 - [TEST_STEP][PASSED] - waitForPageLoad(30): Wait for page load successfully&#xD;
&#xD;
2019-09-06 17:45:59 - [MESSAGE][PASSED] - Wait for page load successfully&#xD;
&#xD;
2019-09-06 17:45:59 - [TEST_STEP][NOT_RUN] - verifyElementVisible(findTestObject("Objects.Login/Dashboard/a_ISPS2-PROD-Verify"), OPTIONAL): NOT_RUN: verifyElementVisible(findTestObject("Objects.Login/Dashboard/a_ISPS2-PROD-Verify"), OPTIONAL)&#xD;
&#xD;
2019-09-06 17:45:59 - [MESSAGE][NOT_RUN] - NOT_RUN: verifyElementVisible(findTestObject("Objects.Login/Dashboard/a_ISPS2-PROD-Verify"), OPTIONAL)&#xD;
&#xD;
2019-09-06 17:45:59 - [MESSAGE][PASSED] - Call Test Case 'Test Cases/Components/Login' successfully&#xD;
&#xD;
2019-09-06 17:45:59 - [TEST_STEP][PASSED] - callTestCase(findTestCase("Components/NavigateToDashboard"), [:], STOP_ON_FAILURE): Call Test Case 'Test Cases/Components/NavigateToDashboard' successfully&#xD;
&#xD;
2019-09-06 17:45:59 - [TEST_CASE][PASSED] - Test Cases/Components/NavigateToDashboard: Test Cases/Components/NavigateToDashboard&#xD;
&#xD;
2019-09-06 17:45:59 - [TEST_STEP][PASSED] - click(findTestObject("Objects.NavigateToDashboard/a_ISPS2-PROD-Verify")): Object: 'Object Repository/Objects.NavigateToDashboard/a_ISPS2-PROD-Verify' is clicked on&#xD;
&#xD;
2019-09-06 17:46:03 - [MESSAGE][PASSED] - Object: 'Object Repository/Objects.NavigateToDashboard/a_ISPS2-PROD-Verify' is clicked on&#xD;
&#xD;
2019-09-06 17:46:03 - [TEST_STEP][PASSED] - waitForPageLoad(30): Wait for page load successfully&#xD;
&#xD;
2019-09-06 17:46:03 - [MESSAGE][PASSED] - Wait for page load successfully&#xD;
&#xD;
2019-09-06 17:46:03 - [TEST_STEP][PASSED] - Thread.sleep(3000): null&#xD;
&#xD;
2019-09-06 17:46:06 - [TEST_STEP][PASSED] - verifyTextPresent("Loading search result. Please wait...", false, OPTIONAL): Text 'Loading search result. Please wait...' is present on page &#xD;
&#xD;
2019-09-06 17:46:06 - [MESSAGE][PASSED] - Text 'Loading search result. Please wait...' is present on page &#xD;
&#xD;
2019-09-06 17:46:06 - [TEST_STEP][PASSED] - waitForElementNotPresent(findTestObject("Objects.NavigateToDashboard/div_Loading search result Please wait"), 120): Web element with id: 'Object Repository/Objects.NavigateToDashboard/div_Loading search result Please wait' located by 'By.xpath: //div[@class = 'x-mask-msg-text' and (text() = 'Loading search result. Please wait...' or . = 'Loading search result. Please wait...')]' is not present after '120' second(s)&#xD;
&#xD;
2019-09-06 17:46:07 - [MESSAGE][PASSED] - Web element with id: 'Object Repository/Objects.NavigateToDashboard/div_Loading search result Please wait' located by 'By.xpath: //div[@class = 'x-mask-msg-text' and (text() = 'Loading search result. Please wait...' or . = 'Loading search result. Please wait...')]' is not present after '120' second(s)&#xD;
&#xD;
2019-09-06 17:46:07 - [TEST_STEP][PASSED] - Thread.sleep(3000): null&#xD;
&#xD;
2019-09-06 17:46:10 - [MESSAGE][PASSED] - Call Test Case 'Test Cases/Components/NavigateToDashboard' successfully&#xD;
&#xD;
2019-09-06 17:46:10 - [TEST_STEP][PASSED] - callTestCase(findTestCase("Components/SearchTask"), [:], STOP_ON_FAILURE): Call Test Case 'Test Cases/Components/SearchTask' successfully&#xD;
&#xD;
2019-09-06 17:46:10 - [TEST_CASE][PASSED] - Test Cases/Components/SearchTask: Test Cases/Components/SearchTask&#xD;
&#xD;
2019-09-06 17:46:10 - [TEST_STEP][PASSED] - Thread.sleep(3000): null&#xD;
&#xD;
2019-09-06 17:46:13 - [TEST_STEP][PASSED] - verifyElementPresent(findTestObject("Objects.SearchTask/Page_ISPS2/a_"), 0): Object 'Object Repository/Objects.SearchTask/Page_ISPS2/a_' is present&#xD;
&#xD;
2019-09-06 17:46:13 - [MESSAGE][WARNING] - Timeout '0' is invalid. Using default page load timeout: '30'&#xD;
&#xD;
2019-09-06 17:46:13 - [MESSAGE][PASSED] - Object 'Object Repository/Objects.SearchTask/Page_ISPS2/a_' is present&#xD;
&#xD;
2019-09-06 17:46:13 - [TEST_STEP][PASSED] - click(findTestObject("Objects.SearchTask/Page_ISPS2/a_")): Object: 'Object Repository/Objects.SearchTask/Page_ISPS2/a_' is clicked on&#xD;
&#xD;
2019-09-06 17:46:13 - [MESSAGE][PASSED] - Object: 'Object Repository/Objects.SearchTask/Page_ISPS2/a_' is clicked on&#xD;
&#xD;
2019-09-06 17:46:13 - [TEST_STEP][PASSED] - verifyElementVisible(findTestObject("Objects.SearchTask/Page_ISPS2/div_Saved Filter")): Object 'Object Repository/Objects.SearchTask/Page_ISPS2/div_Saved Filter' is visible&#xD;
&#xD;
2019-09-06 17:46:13 - [MESSAGE][PASSED] - Object 'Object Repository/Objects.SearchTask/Page_ISPS2/div_Saved Filter' is visible&#xD;
&#xD;
2019-09-06 17:46:13 - [TEST_STEP][PASSED] - Thread.sleep(3000): null&#xD;
&#xD;
2019-09-06 17:46:16 - [TEST_STEP][PASSED] - click(findTestObject("Objects.SearchTask/Page_ISPS2/span_Reset")): Object: 'Object Repository/Objects.SearchTask/Page_ISPS2/span_Reset' is clicked on&#xD;
&#xD;
2019-09-06 17:46:17 - [MESSAGE][PASSED] - Object: 'Object Repository/Objects.SearchTask/Page_ISPS2/span_Reset' is clicked on&#xD;
&#xD;
2019-09-06 17:46:17 - [TEST_STEP][PASSED] - com.reusableComponents.HighlightElement.run(findTestObject("Objects.SearchTask/Page_ISPS2/input_Task Description_searchCriteriaPojotaskDescription")): com.reusableComponents.HighlightElement.run is PASSED&#xD;
&#xD;
2019-09-06 17:46:17 - [MESSAGE][PASSED] - com.reusableComponents.HighlightElement.run is PASSED&#xD;
&#xD;
2019-09-06 17:46:17 - [TEST_STEP][PASSED] - setText(findTestObject("Objects.SearchTask/Page_ISPS2/input_Task Description_searchCriteriaPojotaskDescription"), "Process Temporary Building Permit"): Text 'Process Temporary Building Permit' is set on object 'Object Repository/Objects.SearchTask/Page_ISPS2/input_Task Description_searchCriteriaPojotaskDescription'&#xD;
&#xD;
2019-09-06 17:46:18 - [MESSAGE][PASSED] - Text 'Process Temporary Building Permit' is set on object 'Object Repository/Objects.SearchTask/Page_ISPS2/input_Task Description_searchCriteriaPojotaskDescription'&#xD;
&#xD;
2019-09-06 17:46:18 - [TEST_STEP][PASSED] - Thread.sleep(1000): null&#xD;
&#xD;
2019-09-06 17:46:19 - [TEST_STEP][PASSED] - click(findTestObject("Objects.SearchTask/Page_ISPS2/div_Process Temporary Building Permit")): Object: 'Object Repository/Objects.SearchTask/Page_ISPS2/div_Process Temporary Building Permit' is clicked on&#xD;
&#xD;
2019-09-06 17:46:19 - [MESSAGE][PASSED] - Object: 'Object Repository/Objects.SearchTask/Page_ISPS2/div_Process Temporary Building Permit' is clicked on&#xD;
&#xD;
2019-09-06 17:46:19 - [TEST_STEP][PASSED] - com.reusableComponents.HighlightElement.run(findTestObject("Objects.SearchTask/Page_ISPS2/span_Search")): com.reusableComponents.HighlightElement.run is PASSED&#xD;
&#xD;
2019-09-06 17:46:19 - [MESSAGE][PASSED] - com.reusableComponents.HighlightElement.run is PASSED&#xD;
&#xD;
2019-09-06 17:46:19 - [TEST_STEP][PASSED] - click(findTestObject("Objects.SearchTask/Page_ISPS2/span_Search")): Object: 'Object Repository/Objects.SearchTask/Page_ISPS2/span_Search' is clicked on&#xD;
&#xD;
2019-09-06 17:46:19 - [MESSAGE][PASSED] - Object: 'Object Repository/Objects.SearchTask/Page_ISPS2/span_Search' is clicked on&#xD;
&#xD;
2019-09-06 17:46:19 - [TEST_STEP][PASSED] - Thread.sleep(500): null&#xD;
&#xD;
2019-09-06 17:46:20 - [TEST_STEP][PASSED] - waitForElementNotPresent(findTestObject("Objects.SearchTask/Page_ISPS2/div_Loading search result Please wait"), 120, STOP_ON_FAILURE): Web element with id: 'Object Repository/Objects.SearchTask/Page_ISPS2/div_Loading search result Please wait' located by 'By.xpath: //div[@class = 'x-mask-msg-text' and (text() = 'Loading search result. Please wait...' or . = 'Loading search result. Please wait...')]' is not present after '120' second(s)&#xD;
&#xD;
2019-09-06 17:46:20 - [MESSAGE][PASSED] - Web element with id: 'Object Repository/Objects.SearchTask/Page_ISPS2/div_Loading search result Please wait' located by 'By.xpath: //div[@class = 'x-mask-msg-text' and (text() = 'Loading search result. Please wait...' or . = 'Loading search result. Please wait...')]' is not present after '120' second(s)&#xD;
&#xD;
2019-09-06 17:46:20 - [TEST_STEP][PASSED] - Thread.sleep(2000): null&#xD;
&#xD;
2019-09-06 17:46:22 - [TEST_STEP][PASSED] - scrollToElement(findTestObject("Objects.SearchTask/Page_ISPS2/a_Process Temporary Building Permit"), 0): Scroll to object 'Object Repository/Objects.SearchTask/Page_ISPS2/a_Process Temporary Building Permit' successfully&#xD;
&#xD;
2019-09-06 17:46:22 - [MESSAGE][WARNING] - Timeout '0' is invalid. Using default page load timeout: '30'&#xD;
&#xD;
2019-09-06 17:46:22 - [MESSAGE][PASSED] - Scroll to object 'Object Repository/Objects.SearchTask/Page_ISPS2/a_Process Temporary Building Permit' successfully&#xD;
&#xD;
2019-09-06 17:46:22 - [TEST_STEP][PASSED] - com.reusableComponents.HighlightElement.run(findTestObject("Objects.SearchTask/Page_ISPS2/a_Process Temporary Building Permit")): com.reusableComponents.HighlightElement.run is PASSED&#xD;
&#xD;
2019-09-06 17:46:23 - [MESSAGE][PASSED] - com.reusableComponents.HighlightElement.run is PASSED&#xD;
&#xD;
2019-09-06 17:46:23 - [TEST_STEP][PASSED] - click(findTestObject("Objects.SearchTask/Page_ISPS2/a_Process Temporary Building Permit")): Object: 'Object Repository/Objects.SearchTask/Page_ISPS2/a_Process Temporary Building Permit' is clicked on&#xD;
&#xD;
2019-09-06 17:46:23 - [MESSAGE][PASSED] - Object: 'Object Repository/Objects.SearchTask/Page_ISPS2/a_Process Temporary Building Permit' is clicked on&#xD;
&#xD;
2019-09-06 17:46:23 - [TEST_STEP][PASSED] - Thread.sleep(500): null&#xD;
&#xD;
2019-09-06 17:46:24 - [TEST_STEP][PASSED] - waitForElementPresent(findTestObject("Objects.SearchTask/Page_ISPS2/div_Process Temporary Building Permit_LandingPage"), 120): Object 'Object Repository/Objects.SearchTask/Page_ISPS2/div_Process Temporary Building Permit_LandingPage' is present&#xD;
&#xD;
2019-09-06 17:46:26 - [MESSAGE][PASSED] - Object 'Object Repository/Objects.SearchTask/Page_ISPS2/div_Process Temporary Building Permit_LandingPage' is present&#xD;
&#xD;
2019-09-06 17:46:26 - [TEST_STEP][PASSED] - Thread.sleep(3000): null&#xD;
&#xD;
2019-09-06 17:46:29 - [MESSAGE][PASSED] - Call Test Case 'Test Cases/Components/SearchTask' successfully&#xD;
&#xD;
2019-09-06 17:46:29 - [TEST_STEP][FAILED] - callTestCase(findTestCase("Components/NavigateToAnyLHS"), ["LHS":"Builder"], STOP_ON_FAILURE): Unable to call Test Case 'Test Cases/Components/NavigateToAnyLHS' (Root cause: com.kms.katalon.core.exception.StepFailedException: Call Test Case 'Test Cases/Components/NavigateToAnyLHS' failed&#xD;
	at com.kms.katalon.core.keyword.builtin.CallTestCaseKeyword$_callTestCase_closure1.doCall(CallTestCaseKeyword.groovy:63)&#xD;
	at com.kms.katalon.core.keyword.builtin.CallTestCaseKeyword$_callTestCase_closure1.call(CallTestCaseKeyword.groovy)&#xD;
	at com.kms.katalon.core.keyword.internal.KeywordMain.runKeyword(KeywordMain.groovy:68)&#xD;
	at com.kms.katalon.core.keyword.builtin.CallTestCaseKeyword.callTestCase(CallTestCaseKeyword.groovy:81)&#xD;
	at com.kms.katalon.core.keyword.builtin.CallTestCaseKeyword.execute(CallTestCaseKeyword.groovy:44)&#xD;
	at com.kms.katalon.core.keyword.internal.KeywordExecutor.executeKeywordForPlatform(KeywordExecutor.groovy:56)&#xD;
	at com.kms.katalon.core.keyword.BuiltinKeywords.callTestCase(BuiltinKeywords.groovy:334)&#xD;
	at SmokeTesting.BuilderLHS.run(SmokeTesting.BuilderLHS:23)&#xD;
	at com.kms.katalon.core.main.ScriptEngine.run(ScriptEngine.java:194)&#xD;
	at com.kms.katalon.core.main.ScriptEngine.runScriptAsRawText(ScriptEngine.java:119)&#xD;
	at com.kms.katalon.core.main.TestCaseExecutor.runScript(TestCaseExecutor.java:337)&#xD;
	at com.kms.katalon.core.main.TestCaseExecutor.doExecute(TestCaseExecutor.java:328)&#xD;
	at com.kms.katalon.core.main.TestCaseExecutor.processExecutionPhase(TestCaseExecutor.java:307)&#xD;
	at com.kms.katalon.core.main.TestCaseExecutor.accessMainPhase(TestCaseExecutor.java:299)&#xD;
	at com.kms.katalon.core.main.TestCaseExecutor.execute(TestCaseExecutor.java:233)&#xD;
	at com.kms.katalon.core.main.TestSuiteExecutor.accessTestCaseMainPhase(TestSuiteExecutor.java:133)&#xD;
	at com.kms.katalon.core.main.TestSuiteExecutor.accessTestSuiteMainPhase(TestSuiteExecutor.java:116)&#xD;
	at com.kms.katalon.core.main.TestSuiteExecutor.execute(TestSuiteExecutor.java:83)&#xD;
	at com.kms.katalon.core.main.TestCaseMain.startTestSuite(TestCaseMain.java:157)&#xD;
	at com.kms.katalon.core.main.TestCaseMain$startTestSuite$0.call(Unknown Source)&#xD;
	at TempTestSuite1567762670011.run(TempTestSuite1567762670011.groovy:35)&#xD;
Caused by: com.kms.katalon.core.exception.StepFailedException: Unable to click on object 'Object Repository/Objects.NavigateToAnyLHS/Page_ISPS2/LHSToModify'&#xD;
	at com.kms.katalon.core.webui.keyword.internal.WebUIKeywordMain.stepFailed(WebUIKeywordMain.groovy:64)&#xD;
	at com.kms.katalon.core.webui.keyword.internal.WebUIKeywordMain.runKeyword(WebUIKeywordMain.groovy:26)&#xD;
	at com.kms.katalon.core.webui.keyword.builtin.ClickKeyword.click(ClickKeyword.groovy:86)&#xD;
	at com.kms.katalon.core.webui.keyword.builtin.ClickKeyword.execute(ClickKeyword.groovy:67)&#xD;
	at com.kms.katalon.core.keyword.internal.KeywordExecutor.executeKeywordForPlatform(KeywordExecutor.groovy:56)&#xD;
	at com.kms.katalon.core.webui.keyword.WebUiBuiltInKeywords.click(WebUiBuiltInKeywords.groovy:616)&#xD;
	at com.kms.katalon.core.webui.keyword.WebUiBuiltInKeywords$click$6.call(Unknown Source)&#xD;
	at NavigateToAnyLHS.run(NavigateToAnyLHS:24)&#xD;
	at com.kms.katalon.core.main.ScriptEngine.run(ScriptEngine.java:194)&#xD;
	at com.kms.katalon.core.main.ScriptEngine.runScriptAsRawText(ScriptEngine.java:119)&#xD;
	at com.kms.katalon.core.main.TestCaseExecutor.runScript(TestCaseExecutor.java:337)&#xD;
	at com.kms.katalon.core.main.TestCaseExecutor.doExecute(TestCaseExecutor.java:328)&#xD;
	at com.kms.katalon.core.main.TestCaseExecutor.processExecutionPhase(TestCaseExecutor.java:307)&#xD;
	at com.kms.katalon.core.main.TestCaseExecutor.accessMainPhase(TestCaseExecutor.java:299)&#xD;
	at com.kms.katalon.core.main.TestCaseExecutor.execute(TestCaseExecutor.java:233)&#xD;
	at com.kms.katalon.core.main.TestCaseMain.runTestCase(TestCaseMain.java:114)&#xD;
	at com.kms.katalon.core.keyword.builtin.CallTestCaseKeyword$_callTestCase_closure1.doCall(CallTestCaseKeyword.groovy:59)&#xD;
	... 20 more&#xD;
Caused by: com.kms.katalon.core.webui.exception.WebElementNotFoundException: Web element with id: 'Object Repository/Objects.NavigateToAnyLHS/Page_ISPS2/LHSToModify' located by 'By.xpath: //div[@class = 'x-component x-unselectable x-box-item x-ltr x-component-default' and (text() = 'Builder' or . = 'Builder')]' not found&#xD;
	at com.kms.katalon.core.webui.common.WebUiCommonHelper.findWebElement(WebUiCommonHelper.java:1097)&#xD;
	at com.kms.katalon.core.webui.keyword.internal.WebUIAbstractKeyword.findWebElement(WebUIAbstractKeyword.groovy:27)&#xD;
	at com.kms.katalon.core.webui.keyword.internal.WebUIAbstractKeyword.findWebElement(WebUIAbstractKeyword.groovy:26)&#xD;
	at com.kms.katalon.core.webui.keyword.builtin.ClickKeyword$_click_closure1.doCall(ClickKeyword.groovy:77)&#xD;
	at com.kms.katalon.core.webui.keyword.builtin.ClickKeyword$_click_closure1.call(ClickKeyword.groovy)&#xD;
	at com.kms.katalon.core.webui.keyword.internal.WebUIKeywordMain.runKeyword(WebUIKeywordMain.groovy:20)&#xD;
	... 35 more&#xD;
)&#xD;
&#xD;
2019-09-06 17:46:29 - [TEST_CASE][FAILED] - Test Cases/Components/NavigateToAnyLHS: Test Cases/Components/NavigateToAnyLHS FAILED.
Reason:
com.kms.katalon.core.exception.StepFailedException: Unable to click on object 'Object Repository/Objects.NavigateToAnyLHS/Page_ISPS2/LHSToModify'&#xD;
	at com.kms.katalon.core.webui.keyword.internal.WebUIKeywordMain.stepFailed(WebUIKeywordMain.groovy:64)&#xD;
	at com.kms.katalon.core.webui.keyword.internal.WebUIKeywordMain.runKeyword(WebUIKeywordMain.groovy:26)&#xD;
	at com.kms.katalon.core.webui.keyword.builtin.ClickKeyword.click(ClickKeyword.groovy:86)&#xD;
	at com.kms.katalon.core.webui.keyword.builtin.ClickKeyword.execute(ClickKeyword.groovy:67)&#xD;
	at com.kms.katalon.core.keyword.internal.KeywordExecutor.executeKeywordForPlatform(KeywordExecutor.groovy:56)&#xD;
	at com.kms.katalon.core.webui.keyword.WebUiBuiltInKeywords.click(WebUiBuiltInKeywords.groovy:616)&#xD;
	at com.kms.katalon.core.webui.keyword.WebUiBuiltInKeywords$click$6.call(Unknown Source)&#xD;
	at NavigateToAnyLHS.run(NavigateToAnyLHS:24)&#xD;
	at com.kms.katalon.core.main.ScriptEngine.run(ScriptEngine.java:194)&#xD;
	at com.kms.katalon.core.main.ScriptEngine.runScriptAsRawText(ScriptEngine.java:119)&#xD;
	at com.kms.katalon.core.main.TestCaseExecutor.runScript(TestCaseExecutor.java:337)&#xD;
	at com.kms.katalon.core.main.TestCaseExecutor.doExecute(TestCaseExecutor.java:328)&#xD;
	at com.kms.katalon.core.main.TestCaseExecutor.processExecutionPhase(TestCaseExecutor.java:307)&#xD;
	at com.kms.katalon.core.main.TestCaseExecutor.accessMainPhase(TestCaseExecutor.java:299)&#xD;
	at com.kms.katalon.core.main.TestCaseExecutor.execute(TestCaseExecutor.java:233)&#xD;
	at com.kms.katalon.core.main.TestCaseMain.runTestCase(TestCaseMain.java:114)&#xD;
	at com.kms.katalon.core.keyword.builtin.CallTestCaseKeyword$_callTestCase_closure1.doCall(CallTestCaseKeyword.groovy:59)&#xD;
	at com.kms.katalon.core.keyword.builtin.CallTestCaseKeyword$_callTestCase_closure1.call(CallTestCaseKeyword.groovy)&#xD;
	at com.kms.katalon.core.keyword.internal.KeywordMain.runKeyword(KeywordMain.groovy:68)&#xD;
	at com.kms.katalon.core.keyword.builtin.CallTestCaseKeyword.callTestCase(CallTestCaseKeyword.groovy:81)&#xD;
	at com.kms.katalon.core.keyword.builtin.CallTestCaseKeyword.execute(CallTestCaseKeyword.groovy:44)&#xD;
	at com.kms.katalon.core.keyword.internal.KeywordExecutor.executeKeywordForPlatform(KeywordExecutor.groovy:56)&#xD;
	at com.kms.katalon.core.keyword.BuiltinKeywords.callTestCase(BuiltinKeywords.groovy:334)&#xD;
	at SmokeTesting.BuilderLHS.run(SmokeTesting.BuilderLHS:23)&#xD;
	at com.kms.katalon.core.main.ScriptEngine.run(ScriptEngine.java:194)&#xD;
	at com.kms.katalon.core.main.ScriptEngine.runScriptAsRawText(ScriptEngine.java:119)&#xD;
	at com.kms.katalon.core.main.TestCaseExecutor.runScript(TestCaseExecutor.java:337)&#xD;
	at com.kms.katalon.core.main.TestCaseExecutor.doExecute(TestCaseExecutor.java:328)&#xD;
	at com.kms.katalon.core.main.TestCaseExecutor.processExecutionPhase(TestCaseExecutor.java:307)&#xD;
	at com.kms.katalon.core.main.TestCaseExecutor.accessMainPhase(TestCaseExecutor.java:299)&#xD;
	at com.kms.katalon.core.main.TestCaseExecutor.execute(TestCaseExecutor.java:233)&#xD;
	at com.kms.katalon.core.main.TestSuiteExecutor.accessTestCaseMainPhase(TestSuiteExecutor.java:133)&#xD;
	at com.kms.katalon.core.main.TestSuiteExecutor.accessTestSuiteMainPhase(TestSuiteExecutor.java:116)&#xD;
	at com.kms.katalon.core.main.TestSuiteExecutor.execute(TestSuiteExecutor.java:83)&#xD;
	at com.kms.katalon.core.main.TestCaseMain.startTestSuite(TestCaseMain.java:157)&#xD;
	at com.kms.katalon.core.main.TestCaseMain$startTestSuite$0.call(Unknown Source)&#xD;
	at TempTestSuite1567762670011.run(TempTestSuite1567762670011.groovy:35)&#xD;
Caused by: com.kms.katalon.core.webui.exception.WebElementNotFoundException: Web element with id: 'Object Repository/Objects.NavigateToAnyLHS/Page_ISPS2/LHSToModify' located by 'By.xpath: //div[@class = 'x-component x-unselectable x-box-item x-ltr x-component-default' and (text() = 'Builder' or . = 'Builder')]' not found&#xD;
	at com.kms.katalon.core.webui.common.WebUiCommonHelper.findWebElement(WebUiCommonHelper.java:1097)&#xD;
	at com.kms.katalon.core.webui.keyword.internal.WebUIAbstractKeyword.findWebElement(WebUIAbstractKeyword.groovy:27)&#xD;
	at com.kms.katalon.core.webui.keyword.internal.WebUIAbstractKeyword.findWebElement(WebUIAbstractKeyword.groovy:26)&#xD;
	at com.kms.katalon.core.webui.keyword.builtin.ClickKeyword$_click_closure1.doCall(ClickKeyword.groovy:77)&#xD;
	at com.kms.katalon.core.webui.keyword.builtin.ClickKeyword$_click_closure1.call(ClickKeyword.groovy)&#xD;
	at com.kms.katalon.core.webui.keyword.internal.WebUIKeywordMain.runKeyword(WebUIKeywordMain.groovy:20)&#xD;
	... 35 more&#xD;
&#xD;
&#xD;
2019-09-06 17:46:29 - [TEST_STEP][PASSED] - Thread.sleep(1000): null&#xD;
&#xD;
2019-09-06 17:46:30 - [TEST_STEP][PASSED] - modifiedLHS = modifyObjectProperty(findTestObject("Objects.NavigateToAnyLHS/Page_ISPS2/LHSToModify"), "text", "equals", LHS, true): Modify property of object successfully&#xD;
&#xD;
2019-09-06 17:46:30 - [MESSAGE][PASSED] - Modify property of object successfully&#xD;
&#xD;
2019-09-06 17:46:30 - [TEST_STEP][FAILED] - click(modifiedLHS): Unable to click on object 'Object Repository/Objects.NavigateToAnyLHS/Page_ISPS2/LHSToModify' (Root cause: com.kms.katalon.core.exception.StepFailedException: Unable to click on object 'Object Repository/Objects.NavigateToAnyLHS/Page_ISPS2/LHSToModify'&#xD;
	at com.kms.katalon.core.webui.keyword.internal.WebUIKeywordMain.stepFailed(WebUIKeywordMain.groovy:64)&#xD;
	at com.kms.katalon.core.webui.keyword.internal.WebUIKeywordMain.runKeyword(WebUIKeywordMain.groovy:26)&#xD;
	at com.kms.katalon.core.webui.keyword.builtin.ClickKeyword.click(ClickKeyword.groovy:86)&#xD;
	at com.kms.katalon.core.webui.keyword.builtin.ClickKeyword.execute(ClickKeyword.groovy:67)&#xD;
	at com.kms.katalon.core.keyword.internal.KeywordExecutor.executeKeywordForPlatform(KeywordExecutor.groovy:56)&#xD;
	at com.kms.katalon.core.webui.keyword.WebUiBuiltInKeywords.click(WebUiBuiltInKeywords.groovy:616)&#xD;
	at com.kms.katalon.core.webui.keyword.WebUiBuiltInKeywords$click$6.call(Unknown Source)&#xD;
	at NavigateToAnyLHS.run(NavigateToAnyLHS:24)&#xD;
	at com.kms.katalon.core.main.ScriptEngine.run(ScriptEngine.java:194)&#xD;
	at com.kms.katalon.core.main.ScriptEngine.runScriptAsRawText(ScriptEngine.java:119)&#xD;
	at com.kms.katalon.core.main.TestCaseExecutor.runScript(TestCaseExecutor.java:337)&#xD;
	at com.kms.katalon.core.main.TestCaseExecutor.doExecute(TestCaseExecutor.java:328)&#xD;
	at com.kms.katalon.core.main.TestCaseExecutor.processExecutionPhase(TestCaseExecutor.java:307)&#xD;
	at com.kms.katalon.core.main.TestCaseExecutor.accessMainPhase(TestCaseExecutor.java:299)&#xD;
	at com.kms.katalon.core.main.TestCaseExecutor.execute(TestCaseExecutor.java:233)&#xD;
	at com.kms.katalon.core.main.TestCaseMain.runTestCase(TestCaseMain.java:114)&#xD;
	at com.kms.katalon.core.keyword.builtin.CallTestCaseKeyword$_callTestCase_closure1.doCall(CallTestCaseKeyword.groovy:59)&#xD;
	at com.kms.katalon.core.keyword.builtin.CallTestCaseKeyword$_callTestCase_closure1.call(CallTestCaseKeyword.groovy)&#xD;
	at com.kms.katalon.core.keyword.internal.KeywordMain.runKeyword(KeywordMain.groovy:68)&#xD;
	at com.kms.katalon.core.keyword.builtin.CallTestCaseKeyword.callTestCase(CallTestCaseKeyword.groovy:81)&#xD;
	at com.kms.katalon.core.keyword.builtin.CallTestCaseKeyword.execute(CallTestCaseKeyword.groovy:44)&#xD;
	at com.kms.katalon.core.keyword.internal.KeywordExecutor.executeKeywordForPlatform(KeywordExecutor.groovy:56)&#xD;
	at com.kms.katalon.core.keyword.BuiltinKeywords.callTestCase(BuiltinKeywords.groovy:334)&#xD;
	at SmokeTesting.BuilderLHS.run(SmokeTesting.BuilderLHS:23)&#xD;
	at com.kms.katalon.core.main.ScriptEngine.run(ScriptEngine.java:194)&#xD;
	at com.kms.katalon.core.main.ScriptEngine.runScriptAsRawText(ScriptEngine.java:119)&#xD;
	at com.kms.katalon.core.main.TestCaseExecutor.runScript(TestCaseExecutor.java:337)&#xD;
	at com.kms.katalon.core.main.TestCaseExecutor.doExecute(TestCaseExecutor.java:328)&#xD;
	at com.kms.katalon.core.main.TestCaseExecutor.processExecutionPhase(TestCaseExecutor.java:307)&#xD;
	at com.kms.katalon.core.main.TestCaseExecutor.accessMainPhase(TestCaseExecutor.java:299)&#xD;
	at com.kms.katalon.core.main.TestCaseExecutor.execute(TestCaseExecutor.java:233)&#xD;
	at com.kms.katalon.core.main.TestSuiteExecutor.accessTestCaseMainPhase(TestSuiteExecutor.java:133)&#xD;
	at com.kms.katalon.core.main.TestSuiteExecutor.accessTestSuiteMainPhase(TestSuiteExecutor.java:116)&#xD;
	at com.kms.katalon.core.main.TestSuiteExecutor.execute(TestSuiteExecutor.java:83)&#xD;
	at com.kms.katalon.core.main.TestCaseMain.startTestSuite(TestCaseMain.java:157)&#xD;
	at com.kms.katalon.core.main.TestCaseMain$startTestSuite$0.call(Unknown Source)&#xD;
	at TempTestSuite1567762670011.run(TempTestSuite1567762670011.groovy:35)&#xD;
Caused by: com.kms.katalon.core.webui.exception.WebElementNotFoundException: Web element with id: 'Object Repository/Objects.NavigateToAnyLHS/Page_ISPS2/LHSToModify' located by 'By.xpath: //div[@class = 'x-component x-unselectable x-box-item x-ltr x-component-default' and (text() = 'Builder' or . = 'Builder')]' not found&#xD;
	at com.kms.katalon.core.webui.common.WebUiCommonHelper.findWebElement(WebUiCommonHelper.java:1097)&#xD;
	at com.kms.katalon.core.webui.keyword.internal.WebUIAbstractKeyword.findWebElement(WebUIAbstractKeyword.groovy:27)&#xD;
	at com.kms.katalon.core.webui.keyword.internal.WebUIAbstractKeyword.findWebElement(WebUIAbstractKeyword.groovy:26)&#xD;
	at com.kms.katalon.core.webui.keyword.builtin.ClickKeyword$_click_closure1.doCall(ClickKeyword.groovy:77)&#xD;
	at com.kms.katalon.core.webui.keyword.builtin.ClickKeyword$_click_closure1.call(ClickKeyword.groovy)&#xD;
	at com.kms.katalon.core.webui.keyword.internal.WebUIKeywordMain.runKeyword(WebUIKeywordMain.groovy:20)&#xD;
	at com.kms.katalon.core.webui.keyword.builtin.ClickKeyword.click(ClickKeyword.groovy:86)&#xD;
	at com.kms.katalon.core.webui.keyword.builtin.ClickKeyword.execute(ClickKeyword.groovy:67)&#xD;
	at com.kms.katalon.core.keyword.internal.KeywordExecutor.executeKeywordForPlatform(KeywordExecutor.groovy:56)&#xD;
	at com.kms.katalon.core.webui.keyword.WebUiBuiltInKeywords.click(WebUiBuiltInKeywords.groovy:616)&#xD;
	at com.kms.katalon.core.webui.keyword.WebUiBuiltInKeywords$click$6.call(Unknown Source)&#xD;
	at Script1565337412228.run(Script1565337412228.groovy:24)&#xD;
	at com.kms.katalon.core.main.ScriptEngine.run(ScriptEngine.java:194)&#xD;
	at com.kms.katalon.core.main.ScriptEngine.runScriptAsRawText(ScriptEngine.java:119)&#xD;
	at com.kms.katalon.core.main.TestCaseExecutor.runScript(TestCaseExecutor.java:337)&#xD;
	at com.kms.katalon.core.main.TestCaseExecutor.doExecute(TestCaseExecutor.java:328)&#xD;
	at com.kms.katalon.core.main.TestCaseExecutor.processExecutionPhase(TestCaseExecutor.java:307)&#xD;
	at com.kms.katalon.core.main.TestCaseExecutor.accessMainPhase(TestCaseExecutor.java:299)&#xD;
	at com.kms.katalon.core.main.TestCaseExecutor.execute(TestCaseExecutor.java:233)&#xD;
	at com.kms.katalon.core.main.TestCaseMain.runTestCase(TestCaseMain.java:114)&#xD;
	at com.kms.katalon.core.keyword.builtin.CallTestCaseKeyword$_callTestCase_closure1.doCall(CallTestCaseKeyword.groovy:59)&#xD;
	at com.kms.katalon.core.keyword.builtin.CallTestCaseKeyword$_callTestCase_closure1.call(CallTestCaseKeyword.groovy)&#xD;
	at com.kms.katalon.core.keyword.internal.KeywordMain.runKeyword(KeywordMain.groovy:68)&#xD;
	at com.kms.katalon.core.keyword.builtin.CallTestCaseKeyword.callTestCase(CallTestCaseKeyword.groovy:81)&#xD;
	at com.kms.katalon.core.keyword.builtin.CallTestCaseKeyword.execute(CallTestCaseKeyword.groovy:44)&#xD;
	at com.kms.katalon.core.keyword.internal.KeywordExecutor.executeKeywordForPlatform(KeywordExecutor.groovy:56)&#xD;
	at com.kms.katalon.core.keyword.BuiltinKeywords.callTestCase(BuiltinKeywords.groovy:334)&#xD;
	at Script1565678206985.run(Script1565678206985.groovy:23)&#xD;
	... 13 more&#xD;
)&#xD;
&#xD;
2019-09-06 17:47:01 - [MESSAGE][INFO] - Unable to find the element located by 'By.xpath: //div[@class = 'x-component x-unselectable x-box-item x-ltr x-component-default' and (text() = 'Builder' or . = 'Builder')]'. Please recheck the objects properties to make sure the desired element is located. &#xD;
&#xD;
2019-09-06 17:47:01 - [MESSAGE][FAILED] - Unable to click on object 'Object Repository/Objects.NavigateToAnyLHS/Page_ISPS2/LHSToModify' (Root cause: com.kms.katalon.core.exception.StepFailedException: Unable to click on object 'Object Repository/Objects.NavigateToAnyLHS/Page_ISPS2/LHSToModify'&#xD;
	at com.kms.katalon.core.webui.keyword.internal.WebUIKeywordMain.stepFailed(WebUIKeywordMain.groovy:64)&#xD;
	at com.kms.katalon.core.webui.keyword.internal.WebUIKeywordMain.runKeyword(WebUIKeywordMain.groovy:26)&#xD;
	at com.kms.katalon.core.webui.keyword.builtin.ClickKeyword.click(ClickKeyword.groovy:86)&#xD;
	at com.kms.katalon.core.webui.keyword.builtin.ClickKeyword.execute(ClickKeyword.groovy:67)&#xD;
	at com.kms.katalon.core.keyword.internal.KeywordExecutor.executeKeywordForPlatform(KeywordExecutor.groovy:56)&#xD;
	at com.kms.katalon.core.webui.keyword.WebUiBuiltInKeywords.click(WebUiBuiltInKeywords.groovy:616)&#xD;
	at com.kms.katalon.core.webui.keyword.WebUiBuiltInKeywords$click$6.call(Unknown Source)&#xD;
	at NavigateToAnyLHS.run(NavigateToAnyLHS:24)&#xD;
	at com.kms.katalon.core.main.ScriptEngine.run(ScriptEngine.java:194)&#xD;
	at com.kms.katalon.core.main.ScriptEngine.runScriptAsRawText(ScriptEngine.java:119)&#xD;
	at com.kms.katalon.core.main.TestCaseExecutor.runScript(TestCaseExecutor.java:337)&#xD;
	at com.kms.katalon.core.main.TestCaseExecutor.doExecute(TestCaseExecutor.java:328)&#xD;
	at com.kms.katalon.core.main.TestCaseExecutor.processExecutionPhase(TestCaseExecutor.java:307)&#xD;
	at com.kms.katalon.core.main.TestCaseExecutor.accessMainPhase(TestCaseExecutor.java:299)&#xD;
	at com.kms.katalon.core.main.TestCaseExecutor.execute(TestCaseExecutor.java:233)&#xD;
	at com.kms.katalon.core.main.TestCaseMain.runTestCase(TestCaseMain.java:114)&#xD;
	at com.kms.katalon.core.keyword.builtin.CallTestCaseKeyword$_callTestCase_closure1.doCall(CallTestCaseKeyword.groovy:59)&#xD;
	at com.kms.katalon.core.keyword.builtin.CallTestCaseKeyword$_callTestCase_closure1.call(CallTestCaseKeyword.groovy)&#xD;
	at com.kms.katalon.core.keyword.internal.KeywordMain.runKeyword(KeywordMain.groovy:68)&#xD;
	at com.kms.katalon.core.keyword.builtin.CallTestCaseKeyword.callTestCase(CallTestCaseKeyword.groovy:81)&#xD;
	at com.kms.katalon.core.keyword.builtin.CallTestCaseKeyword.execute(CallTestCaseKeyword.groovy:44)&#xD;
	at com.kms.katalon.core.keyword.internal.KeywordExecutor.executeKeywordForPlatform(KeywordExecutor.groovy:56)&#xD;
	at com.kms.katalon.core.keyword.BuiltinKeywords.callTestCase(BuiltinKeywords.groovy:334)&#xD;
	at SmokeTesting.BuilderLHS.run(SmokeTesting.BuilderLHS:23)&#xD;
	at com.kms.katalon.core.main.ScriptEngine.run(ScriptEngine.java:194)&#xD;
	at com.kms.katalon.core.main.ScriptEngine.runScriptAsRawText(ScriptEngine.java:119)&#xD;
	at com.kms.katalon.core.main.TestCaseExecutor.runScript(TestCaseExecutor.java:337)&#xD;
	at com.kms.katalon.core.main.TestCaseExecutor.doExecute(TestCaseExecutor.java:328)&#xD;
	at com.kms.katalon.core.main.TestCaseExecutor.processExecutionPhase(TestCaseExecutor.java:307)&#xD;
	at com.kms.katalon.core.main.TestCaseExecutor.accessMainPhase(TestCaseExecutor.java:299)&#xD;
	at com.kms.katalon.core.main.TestCaseExecutor.execute(TestCaseExecutor.java:233)&#xD;
	at com.kms.katalon.core.main.TestSuiteExecutor.accessTestCaseMainPhase(TestSuiteExecutor.java:133)&#xD;
	at com.kms.katalon.core.main.TestSuiteExecutor.accessTestSuiteMainPhase(TestSuiteExecutor.java:116)&#xD;
	at com.kms.katalon.core.main.TestSuiteExecutor.execute(TestSuiteExecutor.java:83)&#xD;
	at com.kms.katalon.core.main.TestCaseMain.startTestSuite(TestCaseMain.java:157)&#xD;
	at com.kms.katalon.core.main.TestCaseMain$startTestSuite$0.call(Unknown Source)&#xD;
	at TempTestSuite1567762670011.run(TempTestSuite1567762670011.groovy:35)&#xD;
Caused by: com.kms.katalon.core.webui.exception.WebElementNotFoundException: Web element with id: 'Object Repository/Objects.NavigateToAnyLHS/Page_ISPS2/LHSToModify' located by 'By.xpath: //div[@class = 'x-component x-unselectable x-box-item x-ltr x-component-default' and (text() = 'Builder' or . = 'Builder')]' not found&#xD;
	at com.kms.katalon.core.webui.common.WebUiCommonHelper.findWebElement(WebUiCommonHelper.java:1097)&#xD;
	at com.kms.katalon.core.webui.keyword.internal.WebUIAbstractKeyword.findWebElement(WebUIAbstractKeyword.groovy:27)&#xD;
	at com.kms.katalon.core.webui.keyword.internal.WebUIAbstractKeyword.findWebElement(WebUIAbstractKeyword.groovy:26)&#xD;
	at com.kms.katalon.core.webui.keyword.builtin.ClickKeyword$_click_closure1.doCall(ClickKeyword.groovy:77)&#xD;
	at com.kms.katalon.core.webui.keyword.builtin.ClickKeyword$_click_closure1.call(ClickKeyword.groovy)&#xD;
	at com.kms.katalon.core.webui.keyword.internal.WebUIKeywordMain.runKeyword(WebUIKeywordMain.groovy:20)&#xD;
	at com.kms.katalon.core.webui.keyword.builtin.ClickKeyword.click(ClickKeyword.groovy:86)&#xD;
	at com.kms.katalon.core.webui.keyword.builtin.ClickKeyword.execute(ClickKeyword.groovy:67)&#xD;
	at com.kms.katalon.core.keyword.internal.KeywordExecutor.executeKeywordForPlatform(KeywordExecutor.groovy:56)&#xD;
	at com.kms.katalon.core.webui.keyword.WebUiBuiltInKeywords.click(WebUiBuiltInKeywords.groovy:616)&#xD;
	at com.kms.katalon.core.webui.keyword.WebUiBuiltInKeywords$click$6.call(Unknown Source)&#xD;
	at Script1565337412228.run(Script1565337412228.groovy:24)&#xD;
	at com.kms.katalon.core.main.ScriptEngine.run(ScriptEngine.java:194)&#xD;
	at com.kms.katalon.core.main.ScriptEngine.runScriptAsRawText(ScriptEngine.java:119)&#xD;
	at com.kms.katalon.core.main.TestCaseExecutor.runScript(TestCaseExecutor.java:337)&#xD;
	at com.kms.katalon.core.main.TestCaseExecutor.doExecute(TestCaseExecutor.java:328)&#xD;
	at com.kms.katalon.core.main.TestCaseExecutor.processExecutionPhase(TestCaseExecutor.java:307)&#xD;
	at com.kms.katalon.core.main.TestCaseExecutor.accessMainPhase(TestCaseExecutor.java:299)&#xD;
	at com.kms.katalon.core.main.TestCaseExecutor.execute(TestCaseExecutor.java:233)&#xD;
	at com.kms.katalon.core.main.TestCaseMain.runTestCase(TestCaseMain.java:114)&#xD;
	at com.kms.katalon.core.keyword.builtin.CallTestCaseKeyword$_callTestCase_closure1.doCall(CallTestCaseKeyword.groovy:59)&#xD;
	at com.kms.katalon.core.keyword.builtin.CallTestCaseKeyword$_callTestCase_closure1.call(CallTestCaseKeyword.groovy)&#xD;
	at com.kms.katalon.core.keyword.internal.KeywordMain.runKeyword(KeywordMain.groovy:68)&#xD;
	at com.kms.katalon.core.keyword.builtin.CallTestCaseKeyword.callTestCase(CallTestCaseKeyword.groovy:81)&#xD;
	at com.kms.katalon.core.keyword.builtin.CallTestCaseKeyword.execute(CallTestCaseKeyword.groovy:44)&#xD;
	at com.kms.katalon.core.keyword.internal.KeywordExecutor.executeKeywordForPlatform(KeywordExecutor.groovy:56)&#xD;
	at com.kms.katalon.core.keyword.BuiltinKeywords.callTestCase(BuiltinKeywords.groovy:334)&#xD;
	at Script1565678206985.run(Script1565678206985.groovy:23)&#xD;
	... 13 more&#xD;
)&#xD;
[[ATTACHMENT|C:\\Automation\\ISPS2 Automation\\Reports\\Smoke Testing Automated Regression Suite (STARS)\\20190906_173749\\1567763221014.png]]&#xD;
&#xD;
2019-09-06 17:47:01 - [MESSAGE][FAILED] - Unable to call Test Case 'Test Cases/Components/NavigateToAnyLHS' (Root cause: com.kms.katalon.core.exception.StepFailedException: Call Test Case 'Test Cases/Components/NavigateToAnyLHS' failed&#xD;
	at com.kms.katalon.core.keyword.builtin.CallTestCaseKeyword$_callTestCase_closure1.doCall(CallTestCaseKeyword.groovy:63)&#xD;
	at com.kms.katalon.core.keyword.builtin.CallTestCaseKeyword$_callTestCase_closure1.call(CallTestCaseKeyword.groovy)&#xD;
	at com.kms.katalon.core.keyword.internal.KeywordMain.runKeyword(KeywordMain.groovy:68)&#xD;
	at com.kms.katalon.core.keyword.builtin.CallTestCaseKeyword.callTestCase(CallTestCaseKeyword.groovy:81)&#xD;
	at com.kms.katalon.core.keyword.builtin.CallTestCaseKeyword.execute(CallTestCaseKeyword.groovy:44)&#xD;
	at com.kms.katalon.core.keyword.internal.KeywordExecutor.executeKeywordForPlatform(KeywordExecutor.groovy:56)&#xD;
	at com.kms.katalon.core.keyword.BuiltinKeywords.callTestCase(BuiltinKeywords.groovy:334)&#xD;
	at SmokeTesting.BuilderLHS.run(SmokeTesting.BuilderLHS:23)&#xD;
	at com.kms.katalon.core.main.ScriptEngine.run(ScriptEngine.java:194)&#xD;
	at com.kms.katalon.core.main.ScriptEngine.runScriptAsRawText(ScriptEngine.java:119)&#xD;
	at com.kms.katalon.core.main.TestCaseExecutor.runScript(TestCaseExecutor.java:337)&#xD;
	at com.kms.katalon.core.main.TestCaseExecutor.doExecute(TestCaseExecutor.java:328)&#xD;
	at com.kms.katalon.core.main.TestCaseExecutor.processExecutionPhase(TestCaseExecutor.java:307)&#xD;
	at com.kms.katalon.core.main.TestCaseExecutor.accessMainPhase(TestCaseExecutor.java:299)&#xD;
	at com.kms.katalon.core.main.TestCaseExecutor.execute(TestCaseExecutor.java:233)&#xD;
	at com.kms.katalon.core.main.TestSuiteExecutor.accessTestCaseMainPhase(TestSuiteExecutor.java:133)&#xD;
	at com.kms.katalon.core.main.TestSuiteExecutor.accessTestSuiteMainPhase(TestSuiteExecutor.java:116)&#xD;
	at com.kms.katalon.core.main.TestSuiteExecutor.execute(TestSuiteExecutor.java:83)&#xD;
	at com.kms.katalon.core.main.TestCaseMain.startTestSuite(TestCaseMain.java:157)&#xD;
	at com.kms.katalon.core.main.TestCaseMain$startTestSuite$0.call(Unknown Source)&#xD;
	at TempTestSuite1567762670011.run(TempTestSuite1567762670011.groovy:35)&#xD;
Caused by: com.kms.katalon.core.exception.StepFailedException: Unable to click on object 'Object Repository/Objects.NavigateToAnyLHS/Page_ISPS2/LHSToModify'&#xD;
	at com.kms.katalon.core.webui.keyword.internal.WebUIKeywordMain.stepFailed(WebUIKeywordMain.groovy:64)&#xD;
	at com.kms.katalon.core.webui.keyword.internal.WebUIKeywordMain.runKeyword(WebUIKeywordMain.groovy:26)&#xD;
	at com.kms.katalon.core.webui.keyword.builtin.ClickKeyword.click(ClickKeyword.groovy:86)&#xD;
	at com.kms.katalon.core.webui.keyword.builtin.ClickKeyword.execute(ClickKeyword.groovy:67)&#xD;
	at com.kms.katalon.core.keyword.internal.KeywordExecutor.executeKeywordForPlatform(KeywordExecutor.groovy:56)&#xD;
	at com.kms.katalon.core.webui.keyword.WebUiBuiltInKeywords.click(WebUiBuiltInKeywords.groovy:616)&#xD;
	at com.kms.katalon.core.webui.keyword.WebUiBuiltInKeywords$click$6.call(Unknown Source)&#xD;
	at NavigateToAnyLHS.run(NavigateToAnyLHS:24)&#xD;
	at com.kms.katalon.core.main.ScriptEngine.run(ScriptEngine.java:194)&#xD;
	at com.kms.katalon.core.main.ScriptEngine.runScriptAsRawText(ScriptEngine.java:119)&#xD;
	at com.kms.katalon.core.main.TestCaseExecutor.runScript(TestCaseExecutor.java:337)&#xD;
	at com.kms.katalon.core.main.TestCaseExecutor.doExecute(TestCaseExecutor.java:328)&#xD;
	at com.kms.katalon.core.main.TestCaseExecutor.processExecutionPhase(TestCaseExecutor.java:307)&#xD;
	at com.kms.katalon.core.main.TestCaseExecutor.accessMainPhase(TestCaseExecutor.java:299)&#xD;
	at com.kms.katalon.core.main.TestCaseExecutor.execute(TestCaseExecutor.java:233)&#xD;
	at com.kms.katalon.core.main.TestCaseMain.runTestCase(TestCaseMain.java:114)&#xD;
	at com.kms.katalon.core.keyword.builtin.CallTestCaseKeyword$_callTestCase_closure1.doCall(CallTestCaseKeyword.groovy:59)&#xD;
	... 20 more&#xD;
Caused by: com.kms.katalon.core.webui.exception.WebElementNotFoundException: Web element with id: 'Object Repository/Objects.NavigateToAnyLHS/Page_ISPS2/LHSToModify' located by 'By.xpath: //div[@class = 'x-component x-unselectable x-box-item x-ltr x-component-default' and (text() = 'Builder' or . = 'Builder')]' not found&#xD;
	at com.kms.katalon.core.webui.common.WebUiCommonHelper.findWebElement(WebUiCommonHelper.java:1097)&#xD;
	at com.kms.katalon.core.webui.keyword.internal.WebUIAbstractKeyword.findWebElement(WebUIAbstractKeyword.groovy:27)&#xD;
	at com.kms.katalon.core.webui.keyword.internal.WebUIAbstractKeyword.findWebElement(WebUIAbstractKeyword.groovy:26)&#xD;
	at com.kms.katalon.core.webui.keyword.builtin.ClickKeyword$_click_closure1.doCall(ClickKeyword.groovy:77)&#xD;
	at com.kms.katalon.core.webui.keyword.builtin.ClickKeyword$_click_closure1.call(ClickKeyword.groovy)&#xD;
	at com.kms.katalon.core.webui.keyword.internal.WebUIKeywordMain.runKeyword(WebUIKeywordMain.groovy:20)&#xD;
	... 35 more&#xD;
)</system-out>
            <system-err>2019-09-06 17:45:51 - [TEST_CASE][FAILED] - Test Cases/Smoke/TBP/SmokeTesting.BuilderLHS: Test Cases/Smoke/TBP/SmokeTesting.BuilderLHS FAILED.
Reason:
com.kms.katalon.core.exception.StepFailedException: Call Test Case 'Test Cases/Components/NavigateToAnyLHS' failed&#xD;
	at com.kms.katalon.core.keyword.builtin.CallTestCaseKeyword$_callTestCase_closure1.doCall(CallTestCaseKeyword.groovy:63)&#xD;
	at com.kms.katalon.core.keyword.builtin.CallTestCaseKeyword$_callTestCase_closure1.call(CallTestCaseKeyword.groovy)&#xD;
	at com.kms.katalon.core.keyword.internal.KeywordMain.runKeyword(KeywordMain.groovy:68)&#xD;
	at com.kms.katalon.core.keyword.builtin.CallTestCaseKeyword.callTestCase(CallTestCaseKeyword.groovy:81)&#xD;
	at com.kms.katalon.core.keyword.builtin.CallTestCaseKeyword.execute(CallTestCaseKeyword.groovy:44)&#xD;
	at com.kms.katalon.core.keyword.internal.KeywordExecutor.executeKeywordForPlatform(KeywordExecutor.groovy:56)&#xD;
	at com.kms.katalon.core.keyword.BuiltinKeywords.callTestCase(BuiltinKeywords.groovy:334)&#xD;
	at SmokeTesting.BuilderLHS.run(SmokeTesting.BuilderLHS:23)&#xD;
	at com.kms.katalon.core.main.ScriptEngine.run(ScriptEngine.java:194)&#xD;
	at com.kms.katalon.core.main.ScriptEngine.runScriptAsRawText(ScriptEngine.java:119)&#xD;
	at com.kms.katalon.core.main.TestCaseExecutor.runScript(TestCaseExecutor.java:337)&#xD;
	at com.kms.katalon.core.main.TestCaseExecutor.doExecute(TestCaseExecutor.java:328)&#xD;
	at com.kms.katalon.core.main.TestCaseExecutor.processExecutionPhase(TestCaseExecutor.java:307)&#xD;
	at com.kms.katalon.core.main.TestCaseExecutor.accessMainPhase(TestCaseExecutor.java:299)&#xD;
	at com.kms.katalon.core.main.TestCaseExecutor.execute(TestCaseExecutor.java:233)&#xD;
	at com.kms.katalon.core.main.TestSuiteExecutor.accessTestCaseMainPhase(TestSuiteExecutor.java:133)&#xD;
	at com.kms.katalon.core.main.TestSuiteExecutor.accessTestSuiteMainPhase(TestSuiteExecutor.java:116)&#xD;
	at com.kms.katalon.core.main.TestSuiteExecutor.execute(TestSuiteExecutor.java:83)&#xD;
	at com.kms.katalon.core.main.TestCaseMain.startTestSuite(TestCaseMain.java:157)&#xD;
	at com.kms.katalon.core.main.TestCaseMain$startTestSuite$0.call(Unknown Source)&#xD;
	at TempTestSuite1567762670011.run(TempTestSuite1567762670011.groovy:35)&#xD;
Caused by: com.kms.katalon.core.exception.StepFailedException: Unable to click on object 'Object Repository/Objects.NavigateToAnyLHS/Page_ISPS2/LHSToModify'&#xD;
	at com.kms.katalon.core.webui.keyword.internal.WebUIKeywordMain.stepFailed(WebUIKeywordMain.groovy:64)&#xD;
	at com.kms.katalon.core.webui.keyword.internal.WebUIKeywordMain.runKeyword(WebUIKeywordMain.groovy:26)&#xD;
	at com.kms.katalon.core.webui.keyword.builtin.ClickKeyword.click(ClickKeyword.groovy:86)&#xD;
	at com.kms.katalon.core.webui.keyword.builtin.ClickKeyword.execute(ClickKeyword.groovy:67)&#xD;
	at com.kms.katalon.core.keyword.internal.KeywordExecutor.executeKeywordForPlatform(KeywordExecutor.groovy:56)&#xD;
	at com.kms.katalon.core.webui.keyword.WebUiBuiltInKeywords.click(WebUiBuiltInKeywords.groovy:616)&#xD;
	at com.kms.katalon.core.webui.keyword.WebUiBuiltInKeywords$click$6.call(Unknown Source)&#xD;
	at NavigateToAnyLHS.run(NavigateToAnyLHS:24)&#xD;
	at com.kms.katalon.core.main.ScriptEngine.run(ScriptEngine.java:194)&#xD;
	at com.kms.katalon.core.main.ScriptEngine.runScriptAsRawText(ScriptEngine.java:119)&#xD;
	at com.kms.katalon.core.main.TestCaseExecutor.runScript(TestCaseExecutor.java:337)&#xD;
	at com.kms.katalon.core.main.TestCaseExecutor.doExecute(TestCaseExecutor.java:328)&#xD;
	at com.kms.katalon.core.main.TestCaseExecutor.processExecutionPhase(TestCaseExecutor.java:307)&#xD;
	at com.kms.katalon.core.main.TestCaseExecutor.accessMainPhase(TestCaseExecutor.java:299)&#xD;
	at com.kms.katalon.core.main.TestCaseExecutor.execute(TestCaseExecutor.java:233)&#xD;
	at com.kms.katalon.core.main.TestCaseMain.runTestCase(TestCaseMain.java:114)&#xD;
	at com.kms.katalon.core.keyword.builtin.CallTestCaseKeyword$_callTestCase_closure1.doCall(CallTestCaseKeyword.groovy:59)&#xD;
	... 20 more&#xD;
Caused by: com.kms.katalon.core.webui.exception.WebElementNotFoundException: Web element with id: 'Object Repository/Objects.NavigateToAnyLHS/Page_ISPS2/LHSToModify' located by 'By.xpath: //div[@class = 'x-component x-unselectable x-box-item x-ltr x-component-default' and (text() = 'Builder' or . = 'Builder')]' not found&#xD;
	at com.kms.katalon.core.webui.common.WebUiCommonHelper.findWebElement(WebUiCommonHelper.java:1097)&#xD;
	at com.kms.katalon.core.webui.keyword.internal.WebUIAbstractKeyword.findWebElement(WebUIAbstractKeyword.groovy:27)&#xD;
	at com.kms.katalon.core.webui.keyword.internal.WebUIAbstractKeyword.findWebElement(WebUIAbstractKeyword.groovy:26)&#xD;
	at com.kms.katalon.core.webui.keyword.builtin.ClickKeyword$_click_closure1.doCall(ClickKeyword.groovy:77)&#xD;
	at com.kms.katalon.core.webui.keyword.builtin.ClickKeyword$_click_closure1.call(ClickKeyword.groovy)&#xD;
	at com.kms.katalon.core.webui.keyword.internal.WebUIKeywordMain.runKeyword(WebUIKeywordMain.groovy:20)&#xD;
	... 35 more</system-err>
        </testcase>
        <testcase name="Test Cases/Smoke/TBP/SmokeTesting.RecordInspection" classname="Test Cases/Smoke/TBP/SmokeTesting.RecordInspection" status="FAILED">
            <failure type="FAILED" message="Test Cases/Smoke/TBP/SmokeTesting.RecordInspection FAILED.&#xA;Reason:&#xA;com.kms.katalon.core.exception.StepFailedException: Call Test Case 'Test Cases/Components/NavigateToAnyLHS' failed&#xD;&#xA;&#x9;at com.kms.katalon.core.keyword.builtin.CallTestCaseKeyword$_callTestCase_closure1.doCall(CallTestCaseKeyword.groovy:63)&#xD;&#xA;&#x9;at com.kms.katalon.core.keyword.builtin.CallTestCaseKeyword$_callTestCase_closure1.call(CallTestCaseKeyword.groovy)&#xD;&#xA;&#x9;at com.kms.katalon.core.keyword.internal.KeywordMain.runKeyword(KeywordMain.groovy:68)&#xD;&#xA;&#x9;at com.kms.katalon.core.keyword.builtin.CallTestCaseKeyword.callTestCase(CallTestCaseKeyword.groovy:81)&#xD;&#xA;&#x9;at com.kms.katalon.core.keyword.builtin.CallTestCaseKeyword.execute(CallTestCaseKeyword.groovy:44)&#xD;&#xA;&#x9;at com.kms.katalon.core.keyword.internal.KeywordExecutor.executeKeywordForPlatform(KeywordExecutor.groovy:56)&#xD;&#xA;&#x9;at com.kms.katalon.core.keyword.BuiltinKeywords.callTestCase(BuiltinKeywords.groovy:334)&#xD;&#xA;&#x9;at SmokeTesting.RecordInspection.run(SmokeTesting.RecordInspection:23)&#xD;&#xA;&#x9;at com.kms.katalon.core.main.ScriptEngine.run(ScriptEngine.java:194)&#xD;&#xA;&#x9;at com.kms.katalon.core.main.ScriptEngine.runScriptAsRawText(ScriptEngine.java:119)&#xD;&#xA;&#x9;at com.kms.katalon.core.main.TestCaseExecutor.runScript(TestCaseExecutor.java:337)&#xD;&#xA;&#x9;at com.kms.katalon.core.main.TestCaseExecutor.doExecute(TestCaseExecutor.java:328)&#xD;&#xA;&#x9;at com.kms.katalon.core.main.TestCaseExecutor.processExecutionPhase(TestCaseExecutor.java:307)&#xD;&#xA;&#x9;at com.kms.katalon.core.main.TestCaseExecutor.accessMainPhase(TestCaseExecutor.java:299)&#xD;&#xA;&#x9;at com.kms.katalon.core.main.TestCaseExecutor.execute(TestCaseExecutor.java:233)&#xD;&#xA;&#x9;at com.kms.katalon.core.main.TestSuiteExecutor.accessTestCaseMainPhase(TestSuiteExecutor.java:133)&#xD;&#xA;&#x9;at com.kms.katalon.core.main.TestSuiteExecutor.accessTestSuiteMainPhase(TestSuiteExecutor.java:116)&#xD;&#xA;&#x9;at com.kms.katalon.core.main.TestSuiteExecutor.execute(TestSuiteExecutor.java:83)&#xD;&#xA;&#x9;at com.kms.katalon.core.main.TestCaseMain.startTestSuite(TestCaseMain.java:157)&#xD;&#xA;&#x9;at com.kms.katalon.core.main.TestCaseMain$startTestSuite$0.call(Unknown Source)&#xD;&#xA;&#x9;at TempTestSuite1567762670011.run(TempTestSuite1567762670011.groovy:35)&#xD;&#xA;Caused by: com.kms.katalon.core.exception.StepFailedException: Unable to click on object 'Object Repository/Objects.NavigateToAnyLHS/Page_ISPS2/LHSToModify'&#xD;&#xA;&#x9;at com.kms.katalon.core.webui.keyword.internal.WebUIKeywordMain.stepFailed(WebUIKeywordMain.groovy:64)&#xD;&#xA;&#x9;at com.kms.katalon.core.webui.keyword.internal.WebUIKeywordMain.runKeyword(WebUIKeywordMain.groovy:26)&#xD;&#xA;&#x9;at com.kms.katalon.core.webui.keyword.builtin.ClickKeyword.click(ClickKeyword.groovy:86)&#xD;&#xA;&#x9;at com.kms.katalon.core.webui.keyword.builtin.ClickKeyword.execute(ClickKeyword.groovy:67)&#xD;&#xA;&#x9;at com.kms.katalon.core.keyword.internal.KeywordExecutor.executeKeywordForPlatform(KeywordExecutor.groovy:56)&#xD;&#xA;&#x9;at com.kms.katalon.core.webui.keyword.WebUiBuiltInKeywords.click(WebUiBuiltInKeywords.groovy:616)&#xD;&#xA;&#x9;at com.kms.katalon.core.webui.keyword.WebUiBuiltInKeywords$click$6.call(Unknown Source)&#xD;&#xA;&#x9;at NavigateToAnyLHS.run(NavigateToAnyLHS:24)&#xD;&#xA;&#x9;at com.kms.katalon.core.main.ScriptEngine.run(ScriptEngine.java:194)&#xD;&#xA;&#x9;at com.kms.katalon.core.main.ScriptEngine.runScriptAsRawText(ScriptEngine.java:119)&#xD;&#xA;&#x9;at com.kms.katalon.core.main.TestCaseExecutor.runScript(TestCaseExecutor.java:337)&#xD;&#xA;&#x9;at com.kms.katalon.core.main.TestCaseExecutor.doExecute(TestCaseExecutor.java:328)&#xD;&#xA;&#x9;at com.kms.katalon.core.main.TestCaseExecutor.processExecutionPhase(TestCaseExecutor.java:307)&#xD;&#xA;&#x9;at com.kms.katalon.core.main.TestCaseExecutor.accessMainPhase(TestCaseExecutor.java:299)&#xD;&#xA;&#x9;at com.kms.katalon.core.main.TestCaseExecutor.execute(TestCaseExecutor.java:233)&#xD;&#xA;&#x9;at com.kms.katalon.core.main.TestCaseMain.runTestCase(TestCaseMain.java:114)&#xD;&#xA;&#x9;at com.kms.katalon.core.keyword.builtin.CallTestCaseKeyword$_callTestCase_closure1.doCall(CallTestCaseKeyword.groovy:59)&#xD;&#xA;&#x9;... 20 more&#xD;&#xA;Caused by: com.kms.katalon.core.webui.exception.WebElementNotFoundException: Web element with id: 'Object Repository/Objects.NavigateToAnyLHS/Page_ISPS2/LHSToModify' located by 'By.xpath: //div[@class = 'x-component x-unselectable x-box-item x-ltr x-component-default' and (text() = 'Record Inspection' or . = 'Record Inspection')]' not found&#xD;&#xA;&#x9;at com.kms.katalon.core.webui.common.WebUiCommonHelper.findWebElement(WebUiCommonHelper.java:1097)&#xD;&#xA;&#x9;at com.kms.katalon.core.webui.keyword.internal.WebUIAbstractKeyword.findWebElement(WebUIAbstractKeyword.groovy:27)&#xD;&#xA;&#x9;at com.kms.katalon.core.webui.keyword.internal.WebUIAbstractKeyword.findWebElement(WebUIAbstractKeyword.groovy:26)&#xD;&#xA;&#x9;at com.kms.katalon.core.webui.keyword.builtin.ClickKeyword$_click_closure1.doCall(ClickKeyword.groovy:77)&#xD;&#xA;&#x9;at com.kms.katalon.core.webui.keyword.builtin.ClickKeyword$_click_closure1.call(ClickKeyword.groovy)&#xD;&#xA;&#x9;at com.kms.katalon.core.webui.keyword.internal.WebUIKeywordMain.runKeyword(WebUIKeywordMain.groovy:20)&#xD;&#xA;&#x9;... 35 more&#xD;&#xA;"/>
            <system-out>2019-09-06 17:47:01 - [TEST_CASE][FAILED] - Test Cases/Smoke/TBP/SmokeTesting.RecordInspection: Test Cases/Smoke/TBP/SmokeTesting.RecordInspection FAILED.
Reason:
com.kms.katalon.core.exception.StepFailedException: Call Test Case 'Test Cases/Components/NavigateToAnyLHS' failed&#xD;
	at com.kms.katalon.core.keyword.builtin.CallTestCaseKeyword$_callTestCase_closure1.doCall(CallTestCaseKeyword.groovy:63)&#xD;
	at com.kms.katalon.core.keyword.builtin.CallTestCaseKeyword$_callTestCase_closure1.call(CallTestCaseKeyword.groovy)&#xD;
	at com.kms.katalon.core.keyword.internal.KeywordMain.runKeyword(KeywordMain.groovy:68)&#xD;
	at com.kms.katalon.core.keyword.builtin.CallTestCaseKeyword.callTestCase(CallTestCaseKeyword.groovy:81)&#xD;
	at com.kms.katalon.core.keyword.builtin.CallTestCaseKeyword.execute(CallTestCaseKeyword.groovy:44)&#xD;
	at com.kms.katalon.core.keyword.internal.KeywordExecutor.executeKeywordForPlatform(KeywordExecutor.groovy:56)&#xD;
	at com.kms.katalon.core.keyword.BuiltinKeywords.callTestCase(BuiltinKeywords.groovy:334)&#xD;
	at SmokeTesting.RecordInspection.run(SmokeTesting.RecordInspection:23)&#xD;
	at com.kms.katalon.core.main.ScriptEngine.run(ScriptEngine.java:194)&#xD;
	at com.kms.katalon.core.main.ScriptEngine.runScriptAsRawText(ScriptEngine.java:119)&#xD;
	at com.kms.katalon.core.main.TestCaseExecutor.runScript(TestCaseExecutor.java:337)&#xD;
	at com.kms.katalon.core.main.TestCaseExecutor.doExecute(TestCaseExecutor.java:328)&#xD;
	at com.kms.katalon.core.main.TestCaseExecutor.processExecutionPhase(TestCaseExecutor.java:307)&#xD;
	at com.kms.katalon.core.main.TestCaseExecutor.accessMainPhase(TestCaseExecutor.java:299)&#xD;
	at com.kms.katalon.core.main.TestCaseExecutor.execute(TestCaseExecutor.java:233)&#xD;
	at com.kms.katalon.core.main.TestSuiteExecutor.accessTestCaseMainPhase(TestSuiteExecutor.java:133)&#xD;
	at com.kms.katalon.core.main.TestSuiteExecutor.accessTestSuiteMainPhase(TestSuiteExecutor.java:116)&#xD;
	at com.kms.katalon.core.main.TestSuiteExecutor.execute(TestSuiteExecutor.java:83)&#xD;
	at com.kms.katalon.core.main.TestCaseMain.startTestSuite(TestCaseMain.java:157)&#xD;
	at com.kms.katalon.core.main.TestCaseMain$startTestSuite$0.call(Unknown Source)&#xD;
	at TempTestSuite1567762670011.run(TempTestSuite1567762670011.groovy:35)&#xD;
Caused by: com.kms.katalon.core.exception.StepFailedException: Unable to click on object 'Object Repository/Objects.NavigateToAnyLHS/Page_ISPS2/LHSToModify'&#xD;
	at com.kms.katalon.core.webui.keyword.internal.WebUIKeywordMain.stepFailed(WebUIKeywordMain.groovy:64)&#xD;
	at com.kms.katalon.core.webui.keyword.internal.WebUIKeywordMain.runKeyword(WebUIKeywordMain.groovy:26)&#xD;
	at com.kms.katalon.core.webui.keyword.builtin.ClickKeyword.click(ClickKeyword.groovy:86)&#xD;
	at com.kms.katalon.core.webui.keyword.builtin.ClickKeyword.execute(ClickKeyword.groovy:67)&#xD;
	at com.kms.katalon.core.keyword.internal.KeywordExecutor.executeKeywordForPlatform(KeywordExecutor.groovy:56)&#xD;
	at com.kms.katalon.core.webui.keyword.WebUiBuiltInKeywords.click(WebUiBuiltInKeywords.groovy:616)&#xD;
	at com.kms.katalon.core.webui.keyword.WebUiBuiltInKeywords$click$6.call(Unknown Source)&#xD;
	at NavigateToAnyLHS.run(NavigateToAnyLHS:24)&#xD;
	at com.kms.katalon.core.main.ScriptEngine.run(ScriptEngine.java:194)&#xD;
	at com.kms.katalon.core.main.ScriptEngine.runScriptAsRawText(ScriptEngine.java:119)&#xD;
	at com.kms.katalon.core.main.TestCaseExecutor.runScript(TestCaseExecutor.java:337)&#xD;
	at com.kms.katalon.core.main.TestCaseExecutor.doExecute(TestCaseExecutor.java:328)&#xD;
	at com.kms.katalon.core.main.TestCaseExecutor.processExecutionPhase(TestCaseExecutor.java:307)&#xD;
	at com.kms.katalon.core.main.TestCaseExecutor.accessMainPhase(TestCaseExecutor.java:299)&#xD;
	at com.kms.katalon.core.main.TestCaseExecutor.execute(TestCaseExecutor.java:233)&#xD;
	at com.kms.katalon.core.main.TestCaseMain.runTestCase(TestCaseMain.java:114)&#xD;
	at com.kms.katalon.core.keyword.builtin.CallTestCaseKeyword$_callTestCase_closure1.doCall(CallTestCaseKeyword.groovy:59)&#xD;
	... 20 more&#xD;
Caused by: com.kms.katalon.core.webui.exception.WebElementNotFoundException: Web element with id: 'Object Repository/Objects.NavigateToAnyLHS/Page_ISPS2/LHSToModify' located by 'By.xpath: //div[@class = 'x-component x-unselectable x-box-item x-ltr x-component-default' and (text() = 'Record Inspection' or . = 'Record Inspection')]' not found&#xD;
	at com.kms.katalon.core.webui.common.WebUiCommonHelper.findWebElement(WebUiCommonHelper.java:1097)&#xD;
	at com.kms.katalon.core.webui.keyword.internal.WebUIAbstractKeyword.findWebElement(WebUIAbstractKeyword.groovy:27)&#xD;
	at com.kms.katalon.core.webui.keyword.internal.WebUIAbstractKeyword.findWebElement(WebUIAbstractKeyword.groovy:26)&#xD;
	at com.kms.katalon.core.webui.keyword.builtin.ClickKeyword$_click_closure1.doCall(ClickKeyword.groovy:77)&#xD;
	at com.kms.katalon.core.webui.keyword.builtin.ClickKeyword$_click_closure1.call(ClickKeyword.groovy)&#xD;
	at com.kms.katalon.core.webui.keyword.internal.WebUIKeywordMain.runKeyword(WebUIKeywordMain.groovy:20)&#xD;
	... 35 more&#xD;
&#xD;
&#xD;
2019-09-06 17:47:01 - [TEST_STEP][PASSED] - callTestCase(findTestCase("Components/Login"), ["Username":findTestData("Datatable").getValue("Username", 1), "Password":findTestData("Datatable").getValue("Password", 1)], STOP_ON_FAILURE): Call Test Case 'Test Cases/Components/Login' successfully&#xD;
&#xD;
2019-09-06 17:47:01 - [TEST_CASE][PASSED] - Test Cases/Components/Login: Test Cases/Components/Login&#xD;
&#xD;
2019-09-06 17:47:01 - [TEST_STEP][PASSED] - openBrowser(findTestData("Datatable").getValue("URL", 1)): Browser is opened with url: 'http://java03:3012/isps2-prod-verify/authnz/login.do'&#xD;
&#xD;
2019-09-06 17:47:01 - [MESSAGE][WARNING] - A browser is already opened. Closing browser and opening a new one&#xD;
&#xD;
2019-09-06 17:47:02 - [MESSAGE][INFO] - Starting 'Chrome' driver&#xD;
&#xD;
2019-09-06 17:47:06 - [MESSAGE][PASSED] - Browser is opened with url: 'http://java03:3012/isps2-prod-verify/authnz/login.do'&#xD;
&#xD;
2019-09-06 17:47:06 - [TEST_STEP][PASSED] - maximizeWindow(): Current window maximized&#xD;
&#xD;
2019-09-06 17:47:08 - [MESSAGE][PASSED] - Current window maximized&#xD;
&#xD;
2019-09-06 17:47:08 - [TEST_STEP][PASSED] - verifyTextPresent("Sign in to ISPS2-PROD-Verify", false): Text 'Sign in to ISPS2-PROD-Verify' is present on page &#xD;
&#xD;
2019-09-06 17:47:08 - [MESSAGE][PASSED] - Text 'Sign in to ISPS2-PROD-Verify' is present on page &#xD;
&#xD;
2019-09-06 17:47:08 - [TEST_STEP][NOT_RUN] - com.reusableComponents.HighlightElement.run(findTestObject("Objects.Login/Login Page/div_Sign in to ISPS2-PROD-Verify")): NOT_RUN: com.reusableComponents.HighlightElement.run(findTestObject("Objects.Login/Login Page/div_Sign in to ISPS2-PROD-Verify"))&#xD;
&#xD;
2019-09-06 17:47:08 - [MESSAGE][NOT_RUN] - NOT_RUN: com.reusableComponents.HighlightElement.run(findTestObject("Objects.Login/Login Page/div_Sign in to ISPS2-PROD-Verify"))&#xD;
&#xD;
2019-09-06 17:47:08 - [TEST_STEP][NOT_RUN] - com.reusableComponents.HighlightElement.run(findTestObject("Objects.Login/Login Page/input_Sign in to ISPS2-PROD-Verify_username")): NOT_RUN: com.reusableComponents.HighlightElement.run(findTestObject("Objects.Login/Login Page/input_Sign in to ISPS2-PROD-Verify_username"))&#xD;
&#xD;
2019-09-06 17:47:08 - [MESSAGE][NOT_RUN] - NOT_RUN: com.reusableComponents.HighlightElement.run(findTestObject("Objects.Login/Login Page/input_Sign in to ISPS2-PROD-Verify_username"))&#xD;
&#xD;
2019-09-06 17:47:08 - [TEST_STEP][PASSED] - setText(findTestObject("Objects.Login/Login Page/input_Sign in to ISPS2-PROD-Verify_username"), Username): Text 'sysadmin' is set on object 'Object Repository/Objects.Login/Login Page/input_Sign in to ISPS2-PROD-Verify_username'&#xD;
&#xD;
2019-09-06 17:47:08 - [MESSAGE][PASSED] - Text 'sysadmin' is set on object 'Object Repository/Objects.Login/Login Page/input_Sign in to ISPS2-PROD-Verify_username'&#xD;
&#xD;
2019-09-06 17:47:08 - [TEST_STEP][NOT_RUN] - com.reusableComponents.HighlightElement.run(findTestObject("Objects.Login/Login Page/input_This field is required_password")): NOT_RUN: com.reusableComponents.HighlightElement.run(findTestObject("Objects.Login/Login Page/input_This field is required_password"))&#xD;
&#xD;
2019-09-06 17:47:08 - [MESSAGE][NOT_RUN] - NOT_RUN: com.reusableComponents.HighlightElement.run(findTestObject("Objects.Login/Login Page/input_This field is required_password"))&#xD;
&#xD;
2019-09-06 17:47:08 - [TEST_STEP][PASSED] - setEncryptedText(findTestObject("Objects.Login/Login Page/input_This field is required_password"), Password): Text ****** has been set on object 'Object Repository/Objects.Login/Login Page/input_This field is required_password'&#xD;
&#xD;
2019-09-06 17:47:08 - [MESSAGE][PASSED] - Text ****** has been set on object 'Object Repository/Objects.Login/Login Page/input_This field is required_password'&#xD;
&#xD;
2019-09-06 17:47:08 - [TEST_STEP][NOT_RUN] - com.reusableComponents.HighlightElement.run(findTestObject("Objects.Login/Login Page/div_Sign in to ISPS2-PROD-Verify_NovaGoButton-1021")): NOT_RUN: com.reusableComponents.HighlightElement.run(findTestObject("Objects.Login/Login Page/div_Sign in to ISPS2-PROD-Verify_NovaGoButton-1021"))&#xD;
&#xD;
2019-09-06 17:47:08 - [MESSAGE][NOT_RUN] - NOT_RUN: com.reusableComponents.HighlightElement.run(findTestObject("Objects.Login/Login Page/div_Sign in to ISPS2-PROD-Verify_NovaGoButton-1021"))&#xD;
&#xD;
2019-09-06 17:47:08 - [TEST_STEP][PASSED] - click(findTestObject("Objects.Login/Login Page/div_Sign in to ISPS2-PROD-Verify_NovaGoButton-1021"), OPTIONAL): Object: 'Object Repository/Objects.Login/Login Page/div_Sign in to ISPS2-PROD-Verify_NovaGoButton-1021' is clicked on&#xD;
&#xD;
2019-09-06 17:47:09 - [MESSAGE][PASSED] - Object: 'Object Repository/Objects.Login/Login Page/div_Sign in to ISPS2-PROD-Verify_NovaGoButton-1021' is clicked on&#xD;
&#xD;
2019-09-06 17:47:09 - [TEST_STEP][NOT_RUN] - sendKeys(findTestObject("Objects.Login/Login Page/input_This field is required_password"), Keys.chord(ENTER), OPTIONAL): NOT_RUN: sendKeys(findTestObject("Objects.Login/Login Page/input_This field is required_password"), Keys.chord(ENTER), OPTIONAL)&#xD;
&#xD;
2019-09-06 17:47:09 - [MESSAGE][NOT_RUN] - NOT_RUN: sendKeys(findTestObject("Objects.Login/Login Page/input_This field is required_password"), Keys.chord(ENTER), OPTIONAL)&#xD;
&#xD;
2019-09-06 17:47:09 - [TEST_STEP][PASSED] - waitForPageLoad(30): Wait for page load successfully&#xD;
&#xD;
2019-09-06 17:47:09 - [MESSAGE][PASSED] - Wait for page load successfully&#xD;
&#xD;
2019-09-06 17:47:09 - [TEST_STEP][NOT_RUN] - verifyElementVisible(findTestObject("Objects.Login/Dashboard/a_ISPS2-PROD-Verify"), OPTIONAL): NOT_RUN: verifyElementVisible(findTestObject("Objects.Login/Dashboard/a_ISPS2-PROD-Verify"), OPTIONAL)&#xD;
&#xD;
2019-09-06 17:47:09 - [MESSAGE][NOT_RUN] - NOT_RUN: verifyElementVisible(findTestObject("Objects.Login/Dashboard/a_ISPS2-PROD-Verify"), OPTIONAL)&#xD;
&#xD;
2019-09-06 17:47:09 - [MESSAGE][PASSED] - Call Test Case 'Test Cases/Components/Login' successfully&#xD;
&#xD;
2019-09-06 17:47:09 - [TEST_STEP][PASSED] - callTestCase(findTestCase("Components/NavigateToDashboard"), [:], STOP_ON_FAILURE): Call Test Case 'Test Cases/Components/NavigateToDashboard' successfully&#xD;
&#xD;
2019-09-06 17:47:09 - [TEST_CASE][PASSED] - Test Cases/Components/NavigateToDashboard: Test Cases/Components/NavigateToDashboard&#xD;
&#xD;
2019-09-06 17:47:09 - [TEST_STEP][PASSED] - click(findTestObject("Objects.NavigateToDashboard/a_ISPS2-PROD-Verify")): Object: 'Object Repository/Objects.NavigateToDashboard/a_ISPS2-PROD-Verify' is clicked on&#xD;
&#xD;
2019-09-06 17:47:13 - [MESSAGE][PASSED] - Object: 'Object Repository/Objects.NavigateToDashboard/a_ISPS2-PROD-Verify' is clicked on&#xD;
&#xD;
2019-09-06 17:47:13 - [TEST_STEP][PASSED] - waitForPageLoad(30): Wait for page load successfully&#xD;
&#xD;
2019-09-06 17:47:13 - [MESSAGE][PASSED] - Wait for page load successfully&#xD;
&#xD;
2019-09-06 17:47:13 - [TEST_STEP][PASSED] - Thread.sleep(3000): null&#xD;
&#xD;
2019-09-06 17:47:16 - [TEST_STEP][PASSED] - verifyTextPresent("Loading search result. Please wait...", false, OPTIONAL): Text 'Loading search result. Please wait...' is present on page &#xD;
&#xD;
2019-09-06 17:47:16 - [MESSAGE][PASSED] - Text 'Loading search result. Please wait...' is present on page &#xD;
&#xD;
2019-09-06 17:47:16 - [TEST_STEP][PASSED] - waitForElementNotPresent(findTestObject("Objects.NavigateToDashboard/div_Loading search result Please wait"), 120): Web element with id: 'Object Repository/Objects.NavigateToDashboard/div_Loading search result Please wait' located by 'By.xpath: //div[@class = 'x-mask-msg-text' and (text() = 'Loading search result. Please wait...' or . = 'Loading search result. Please wait...')]' is not present after '120' second(s)&#xD;
&#xD;
2019-09-06 17:47:17 - [MESSAGE][PASSED] - Web element with id: 'Object Repository/Objects.NavigateToDashboard/div_Loading search result Please wait' located by 'By.xpath: //div[@class = 'x-mask-msg-text' and (text() = 'Loading search result. Please wait...' or . = 'Loading search result. Please wait...')]' is not present after '120' second(s)&#xD;
&#xD;
2019-09-06 17:47:17 - [TEST_STEP][PASSED] - Thread.sleep(3000): null&#xD;
&#xD;
2019-09-06 17:47:20 - [MESSAGE][PASSED] - Call Test Case 'Test Cases/Components/NavigateToDashboard' successfully&#xD;
&#xD;
2019-09-06 17:47:20 - [TEST_STEP][PASSED] - callTestCase(findTestCase("Components/SearchTask"), [:], STOP_ON_FAILURE): Call Test Case 'Test Cases/Components/SearchTask' successfully&#xD;
&#xD;
2019-09-06 17:47:20 - [TEST_CASE][PASSED] - Test Cases/Components/SearchTask: Test Cases/Components/SearchTask&#xD;
&#xD;
2019-09-06 17:47:20 - [TEST_STEP][PASSED] - Thread.sleep(3000): null&#xD;
&#xD;
2019-09-06 17:47:23 - [TEST_STEP][PASSED] - verifyElementPresent(findTestObject("Objects.SearchTask/Page_ISPS2/a_"), 0): Object 'Object Repository/Objects.SearchTask/Page_ISPS2/a_' is present&#xD;
&#xD;
2019-09-06 17:47:23 - [MESSAGE][WARNING] - Timeout '0' is invalid. Using default page load timeout: '30'&#xD;
&#xD;
2019-09-06 17:47:23 - [MESSAGE][PASSED] - Object 'Object Repository/Objects.SearchTask/Page_ISPS2/a_' is present&#xD;
&#xD;
2019-09-06 17:47:23 - [TEST_STEP][PASSED] - click(findTestObject("Objects.SearchTask/Page_ISPS2/a_")): Object: 'Object Repository/Objects.SearchTask/Page_ISPS2/a_' is clicked on&#xD;
&#xD;
2019-09-06 17:47:24 - [MESSAGE][PASSED] - Object: 'Object Repository/Objects.SearchTask/Page_ISPS2/a_' is clicked on&#xD;
&#xD;
2019-09-06 17:47:24 - [TEST_STEP][PASSED] - verifyElementVisible(findTestObject("Objects.SearchTask/Page_ISPS2/div_Saved Filter")): Object 'Object Repository/Objects.SearchTask/Page_ISPS2/div_Saved Filter' is visible&#xD;
&#xD;
2019-09-06 17:47:24 - [MESSAGE][PASSED] - Object 'Object Repository/Objects.SearchTask/Page_ISPS2/div_Saved Filter' is visible&#xD;
&#xD;
2019-09-06 17:47:24 - [TEST_STEP][PASSED] - Thread.sleep(3000): null&#xD;
&#xD;
2019-09-06 17:47:27 - [TEST_STEP][PASSED] - click(findTestObject("Objects.SearchTask/Page_ISPS2/span_Reset")): Object: 'Object Repository/Objects.SearchTask/Page_ISPS2/span_Reset' is clicked on&#xD;
&#xD;
2019-09-06 17:47:27 - [MESSAGE][PASSED] - Object: 'Object Repository/Objects.SearchTask/Page_ISPS2/span_Reset' is clicked on&#xD;
&#xD;
2019-09-06 17:47:27 - [TEST_STEP][PASSED] - com.reusableComponents.HighlightElement.run(findTestObject("Objects.SearchTask/Page_ISPS2/input_Task Description_searchCriteriaPojotaskDescription")): com.reusableComponents.HighlightElement.run is PASSED&#xD;
&#xD;
2019-09-06 17:47:27 - [MESSAGE][PASSED] - com.reusableComponents.HighlightElement.run is PASSED&#xD;
&#xD;
2019-09-06 17:47:27 - [TEST_STEP][PASSED] - setText(findTestObject("Objects.SearchTask/Page_ISPS2/input_Task Description_searchCriteriaPojotaskDescription"), "Process Temporary Building Permit"): Text 'Process Temporary Building Permit' is set on object 'Object Repository/Objects.SearchTask/Page_ISPS2/input_Task Description_searchCriteriaPojotaskDescription'&#xD;
&#xD;
2019-09-06 17:47:28 - [MESSAGE][PASSED] - Text 'Process Temporary Building Permit' is set on object 'Object Repository/Objects.SearchTask/Page_ISPS2/input_Task Description_searchCriteriaPojotaskDescription'&#xD;
&#xD;
2019-09-06 17:47:28 - [TEST_STEP][PASSED] - Thread.sleep(1000): null&#xD;
&#xD;
2019-09-06 17:47:29 - [TEST_STEP][PASSED] - click(findTestObject("Objects.SearchTask/Page_ISPS2/div_Process Temporary Building Permit")): Object: 'Object Repository/Objects.SearchTask/Page_ISPS2/div_Process Temporary Building Permit' is clicked on&#xD;
&#xD;
2019-09-06 17:47:29 - [MESSAGE][PASSED] - Object: 'Object Repository/Objects.SearchTask/Page_ISPS2/div_Process Temporary Building Permit' is clicked on&#xD;
&#xD;
2019-09-06 17:47:29 - [TEST_STEP][PASSED] - com.reusableComponents.HighlightElement.run(findTestObject("Objects.SearchTask/Page_ISPS2/span_Search")): com.reusableComponents.HighlightElement.run is PASSED&#xD;
&#xD;
2019-09-06 17:47:29 - [MESSAGE][PASSED] - com.reusableComponents.HighlightElement.run is PASSED&#xD;
&#xD;
2019-09-06 17:47:29 - [TEST_STEP][PASSED] - click(findTestObject("Objects.SearchTask/Page_ISPS2/span_Search")): Object: 'Object Repository/Objects.SearchTask/Page_ISPS2/span_Search' is clicked on&#xD;
&#xD;
2019-09-06 17:47:30 - [MESSAGE][PASSED] - Object: 'Object Repository/Objects.SearchTask/Page_ISPS2/span_Search' is clicked on&#xD;
&#xD;
2019-09-06 17:47:30 - [TEST_STEP][PASSED] - Thread.sleep(500): null&#xD;
&#xD;
2019-09-06 17:47:30 - [TEST_STEP][PASSED] - waitForElementNotPresent(findTestObject("Objects.SearchTask/Page_ISPS2/div_Loading search result Please wait"), 120, STOP_ON_FAILURE): Web element with id: 'Object Repository/Objects.SearchTask/Page_ISPS2/div_Loading search result Please wait' located by 'By.xpath: //div[@class = 'x-mask-msg-text' and (text() = 'Loading search result. Please wait...' or . = 'Loading search result. Please wait...')]' is not present after '120' second(s)&#xD;
&#xD;
2019-09-06 17:47:31 - [MESSAGE][PASSED] - Web element with id: 'Object Repository/Objects.SearchTask/Page_ISPS2/div_Loading search result Please wait' located by 'By.xpath: //div[@class = 'x-mask-msg-text' and (text() = 'Loading search result. Please wait...' or . = 'Loading search result. Please wait...')]' is not present after '120' second(s)&#xD;
&#xD;
2019-09-06 17:47:31 - [TEST_STEP][PASSED] - Thread.sleep(2000): null&#xD;
&#xD;
2019-09-06 17:47:33 - [TEST_STEP][PASSED] - scrollToElement(findTestObject("Objects.SearchTask/Page_ISPS2/a_Process Temporary Building Permit"), 0): Scroll to object 'Object Repository/Objects.SearchTask/Page_ISPS2/a_Process Temporary Building Permit' successfully&#xD;
&#xD;
2019-09-06 17:47:33 - [MESSAGE][WARNING] - Timeout '0' is invalid. Using default page load timeout: '30'&#xD;
&#xD;
2019-09-06 17:47:33 - [MESSAGE][PASSED] - Scroll to object 'Object Repository/Objects.SearchTask/Page_ISPS2/a_Process Temporary Building Permit' successfully&#xD;
&#xD;
2019-09-06 17:47:33 - [TEST_STEP][PASSED] - com.reusableComponents.HighlightElement.run(findTestObject("Objects.SearchTask/Page_ISPS2/a_Process Temporary Building Permit")): com.reusableComponents.HighlightElement.run is PASSED&#xD;
&#xD;
2019-09-06 17:47:33 - [MESSAGE][PASSED] - com.reusableComponents.HighlightElement.run is PASSED&#xD;
&#xD;
2019-09-06 17:47:33 - [TEST_STEP][PASSED] - click(findTestObject("Objects.SearchTask/Page_ISPS2/a_Process Temporary Building Permit")): Object: 'Object Repository/Objects.SearchTask/Page_ISPS2/a_Process Temporary Building Permit' is clicked on&#xD;
&#xD;
2019-09-06 17:47:33 - [MESSAGE][PASSED] - Object: 'Object Repository/Objects.SearchTask/Page_ISPS2/a_Process Temporary Building Permit' is clicked on&#xD;
&#xD;
2019-09-06 17:47:33 - [TEST_STEP][PASSED] - Thread.sleep(500): null&#xD;
&#xD;
2019-09-06 17:47:34 - [TEST_STEP][PASSED] - waitForElementPresent(findTestObject("Objects.SearchTask/Page_ISPS2/div_Process Temporary Building Permit_LandingPage"), 120): Object 'Object Repository/Objects.SearchTask/Page_ISPS2/div_Process Temporary Building Permit_LandingPage' is present&#xD;
&#xD;
2019-09-06 17:47:36 - [MESSAGE][PASSED] - Object 'Object Repository/Objects.SearchTask/Page_ISPS2/div_Process Temporary Building Permit_LandingPage' is present&#xD;
&#xD;
2019-09-06 17:47:36 - [TEST_STEP][PASSED] - Thread.sleep(3000): null&#xD;
&#xD;
2019-09-06 17:47:39 - [MESSAGE][PASSED] - Call Test Case 'Test Cases/Components/SearchTask' successfully&#xD;
&#xD;
2019-09-06 17:47:39 - [TEST_STEP][FAILED] - callTestCase(findTestCase("Components/NavigateToAnyLHS"), ["LHS":"Record Inspection"], STOP_ON_FAILURE): Unable to call Test Case 'Test Cases/Components/NavigateToAnyLHS' (Root cause: com.kms.katalon.core.exception.StepFailedException: Call Test Case 'Test Cases/Components/NavigateToAnyLHS' failed&#xD;
	at com.kms.katalon.core.keyword.builtin.CallTestCaseKeyword$_callTestCase_closure1.doCall(CallTestCaseKeyword.groovy:63)&#xD;
	at com.kms.katalon.core.keyword.builtin.CallTestCaseKeyword$_callTestCase_closure1.call(CallTestCaseKeyword.groovy)&#xD;
	at com.kms.katalon.core.keyword.internal.KeywordMain.runKeyword(KeywordMain.groovy:68)&#xD;
	at com.kms.katalon.core.keyword.builtin.CallTestCaseKeyword.callTestCase(CallTestCaseKeyword.groovy:81)&#xD;
	at com.kms.katalon.core.keyword.builtin.CallTestCaseKeyword.execute(CallTestCaseKeyword.groovy:44)&#xD;
	at com.kms.katalon.core.keyword.internal.KeywordExecutor.executeKeywordForPlatform(KeywordExecutor.groovy:56)&#xD;
	at com.kms.katalon.core.keyword.BuiltinKeywords.callTestCase(BuiltinKeywords.groovy:334)&#xD;
	at SmokeTesting.RecordInspection.run(SmokeTesting.RecordInspection:23)&#xD;
	at com.kms.katalon.core.main.ScriptEngine.run(ScriptEngine.java:194)&#xD;
	at com.kms.katalon.core.main.ScriptEngine.runScriptAsRawText(ScriptEngine.java:119)&#xD;
	at com.kms.katalon.core.main.TestCaseExecutor.runScript(TestCaseExecutor.java:337)&#xD;
	at com.kms.katalon.core.main.TestCaseExecutor.doExecute(TestCaseExecutor.java:328)&#xD;
	at com.kms.katalon.core.main.TestCaseExecutor.processExecutionPhase(TestCaseExecutor.java:307)&#xD;
	at com.kms.katalon.core.main.TestCaseExecutor.accessMainPhase(TestCaseExecutor.java:299)&#xD;
	at com.kms.katalon.core.main.TestCaseExecutor.execute(TestCaseExecutor.java:233)&#xD;
	at com.kms.katalon.core.main.TestSuiteExecutor.accessTestCaseMainPhase(TestSuiteExecutor.java:133)&#xD;
	at com.kms.katalon.core.main.TestSuiteExecutor.accessTestSuiteMainPhase(TestSuiteExecutor.java:116)&#xD;
	at com.kms.katalon.core.main.TestSuiteExecutor.execute(TestSuiteExecutor.java:83)&#xD;
	at com.kms.katalon.core.main.TestCaseMain.startTestSuite(TestCaseMain.java:157)&#xD;
	at com.kms.katalon.core.main.TestCaseMain$startTestSuite$0.call(Unknown Source)&#xD;
	at TempTestSuite1567762670011.run(TempTestSuite1567762670011.groovy:35)&#xD;
Caused by: com.kms.katalon.core.exception.StepFailedException: Unable to click on object 'Object Repository/Objects.NavigateToAnyLHS/Page_ISPS2/LHSToModify'&#xD;
	at com.kms.katalon.core.webui.keyword.internal.WebUIKeywordMain.stepFailed(WebUIKeywordMain.groovy:64)&#xD;
	at com.kms.katalon.core.webui.keyword.internal.WebUIKeywordMain.runKeyword(WebUIKeywordMain.groovy:26)&#xD;
	at com.kms.katalon.core.webui.keyword.builtin.ClickKeyword.click(ClickKeyword.groovy:86)&#xD;
	at com.kms.katalon.core.webui.keyword.builtin.ClickKeyword.execute(ClickKeyword.groovy:67)&#xD;
	at com.kms.katalon.core.keyword.internal.KeywordExecutor.executeKeywordForPlatform(KeywordExecutor.groovy:56)&#xD;
	at com.kms.katalon.core.webui.keyword.WebUiBuiltInKeywords.click(WebUiBuiltInKeywords.groovy:616)&#xD;
	at com.kms.katalon.core.webui.keyword.WebUiBuiltInKeywords$click$6.call(Unknown Source)&#xD;
	at NavigateToAnyLHS.run(NavigateToAnyLHS:24)&#xD;
	at com.kms.katalon.core.main.ScriptEngine.run(ScriptEngine.java:194)&#xD;
	at com.kms.katalon.core.main.ScriptEngine.runScriptAsRawText(ScriptEngine.java:119)&#xD;
	at com.kms.katalon.core.main.TestCaseExecutor.runScript(TestCaseExecutor.java:337)&#xD;
	at com.kms.katalon.core.main.TestCaseExecutor.doExecute(TestCaseExecutor.java:328)&#xD;
	at com.kms.katalon.core.main.TestCaseExecutor.processExecutionPhase(TestCaseExecutor.java:307)&#xD;
	at com.kms.katalon.core.main.TestCaseExecutor.accessMainPhase(TestCaseExecutor.java:299)&#xD;
	at com.kms.katalon.core.main.TestCaseExecutor.execute(TestCaseExecutor.java:233)&#xD;
	at com.kms.katalon.core.main.TestCaseMain.runTestCase(TestCaseMain.java:114)&#xD;
	at com.kms.katalon.core.keyword.builtin.CallTestCaseKeyword$_callTestCase_closure1.doCall(CallTestCaseKeyword.groovy:59)&#xD;
	... 20 more&#xD;
Caused by: com.kms.katalon.core.webui.exception.WebElementNotFoundException: Web element with id: 'Object Repository/Objects.NavigateToAnyLHS/Page_ISPS2/LHSToModify' located by 'By.xpath: //div[@class = 'x-component x-unselectable x-box-item x-ltr x-component-default' and (text() = 'Record Inspection' or . = 'Record Inspection')]' not found&#xD;
	at com.kms.katalon.core.webui.common.WebUiCommonHelper.findWebElement(WebUiCommonHelper.java:1097)&#xD;
	at com.kms.katalon.core.webui.keyword.internal.WebUIAbstractKeyword.findWebElement(WebUIAbstractKeyword.groovy:27)&#xD;
	at com.kms.katalon.core.webui.keyword.internal.WebUIAbstractKeyword.findWebElement(WebUIAbstractKeyword.groovy:26)&#xD;
	at com.kms.katalon.core.webui.keyword.builtin.ClickKeyword$_click_closure1.doCall(ClickKeyword.groovy:77)&#xD;
	at com.kms.katalon.core.webui.keyword.builtin.ClickKeyword$_click_closure1.call(ClickKeyword.groovy)&#xD;
	at com.kms.katalon.core.webui.keyword.internal.WebUIKeywordMain.runKeyword(WebUIKeywordMain.groovy:20)&#xD;
	... 35 more&#xD;
)&#xD;
&#xD;
2019-09-06 17:47:39 - [TEST_CASE][FAILED] - Test Cases/Components/NavigateToAnyLHS: Test Cases/Components/NavigateToAnyLHS FAILED.
Reason:
com.kms.katalon.core.exception.StepFailedException: Unable to click on object 'Object Repository/Objects.NavigateToAnyLHS/Page_ISPS2/LHSToModify'&#xD;
	at com.kms.katalon.core.webui.keyword.internal.WebUIKeywordMain.stepFailed(WebUIKeywordMain.groovy:64)&#xD;
	at com.kms.katalon.core.webui.keyword.internal.WebUIKeywordMain.runKeyword(WebUIKeywordMain.groovy:26)&#xD;
	at com.kms.katalon.core.webui.keyword.builtin.ClickKeyword.click(ClickKeyword.groovy:86)&#xD;
	at com.kms.katalon.core.webui.keyword.builtin.ClickKeyword.execute(ClickKeyword.groovy:67)&#xD;
	at com.kms.katalon.core.keyword.internal.KeywordExecutor.executeKeywordForPlatform(KeywordExecutor.groovy:56)&#xD;
	at com.kms.katalon.core.webui.keyword.WebUiBuiltInKeywords.click(WebUiBuiltInKeywords.groovy:616)&#xD;
	at com.kms.katalon.core.webui.keyword.WebUiBuiltInKeywords$click$6.call(Unknown Source)&#xD;
	at NavigateToAnyLHS.run(NavigateToAnyLHS:24)&#xD;
	at com.kms.katalon.core.main.ScriptEngine.run(ScriptEngine.java:194)&#xD;
	at com.kms.katalon.core.main.ScriptEngine.runScriptAsRawText(ScriptEngine.java:119)&#xD;
	at com.kms.katalon.core.main.TestCaseExecutor.runScript(TestCaseExecutor.java:337)&#xD;
	at com.kms.katalon.core.main.TestCaseExecutor.doExecute(TestCaseExecutor.java:328)&#xD;
	at com.kms.katalon.core.main.TestCaseExecutor.processExecutionPhase(TestCaseExecutor.java:307)&#xD;
	at com.kms.katalon.core.main.TestCaseExecutor.accessMainPhase(TestCaseExecutor.java:299)&#xD;
	at com.kms.katalon.core.main.TestCaseExecutor.execute(TestCaseExecutor.java:233)&#xD;
	at com.kms.katalon.core.main.TestCaseMain.runTestCase(TestCaseMain.java:114)&#xD;
	at com.kms.katalon.core.keyword.builtin.CallTestCaseKeyword$_callTestCase_closure1.doCall(CallTestCaseKeyword.groovy:59)&#xD;
	at com.kms.katalon.core.keyword.builtin.CallTestCaseKeyword$_callTestCase_closure1.call(CallTestCaseKeyword.groovy)&#xD;
	at com.kms.katalon.core.keyword.internal.KeywordMain.runKeyword(KeywordMain.groovy:68)&#xD;
	at com.kms.katalon.core.keyword.builtin.CallTestCaseKeyword.callTestCase(CallTestCaseKeyword.groovy:81)&#xD;
	at com.kms.katalon.core.keyword.builtin.CallTestCaseKeyword.execute(CallTestCaseKeyword.groovy:44)&#xD;
	at com.kms.katalon.core.keyword.internal.KeywordExecutor.executeKeywordForPlatform(KeywordExecutor.groovy:56)&#xD;
	at com.kms.katalon.core.keyword.BuiltinKeywords.callTestCase(BuiltinKeywords.groovy:334)&#xD;
	at SmokeTesting.RecordInspection.run(SmokeTesting.RecordInspection:23)&#xD;
	at com.kms.katalon.core.main.ScriptEngine.run(ScriptEngine.java:194)&#xD;
	at com.kms.katalon.core.main.ScriptEngine.runScriptAsRawText(ScriptEngine.java:119)&#xD;
	at com.kms.katalon.core.main.TestCaseExecutor.runScript(TestCaseExecutor.java:337)&#xD;
	at com.kms.katalon.core.main.TestCaseExecutor.doExecute(TestCaseExecutor.java:328)&#xD;
	at com.kms.katalon.core.main.TestCaseExecutor.processExecutionPhase(TestCaseExecutor.java:307)&#xD;
	at com.kms.katalon.core.main.TestCaseExecutor.accessMainPhase(TestCaseExecutor.java:299)&#xD;
	at com.kms.katalon.core.main.TestCaseExecutor.execute(TestCaseExecutor.java:233)&#xD;
	at com.kms.katalon.core.main.TestSuiteExecutor.accessTestCaseMainPhase(TestSuiteExecutor.java:133)&#xD;
	at com.kms.katalon.core.main.TestSuiteExecutor.accessTestSuiteMainPhase(TestSuiteExecutor.java:116)&#xD;
	at com.kms.katalon.core.main.TestSuiteExecutor.execute(TestSuiteExecutor.java:83)&#xD;
	at com.kms.katalon.core.main.TestCaseMain.startTestSuite(TestCaseMain.java:157)&#xD;
	at com.kms.katalon.core.main.TestCaseMain$startTestSuite$0.call(Unknown Source)&#xD;
	at TempTestSuite1567762670011.run(TempTestSuite1567762670011.groovy:35)&#xD;
Caused by: com.kms.katalon.core.webui.exception.WebElementNotFoundException: Web element with id: 'Object Repository/Objects.NavigateToAnyLHS/Page_ISPS2/LHSToModify' located by 'By.xpath: //div[@class = 'x-component x-unselectable x-box-item x-ltr x-component-default' and (text() = 'Record Inspection' or . = 'Record Inspection')]' not found&#xD;
	at com.kms.katalon.core.webui.common.WebUiCommonHelper.findWebElement(WebUiCommonHelper.java:1097)&#xD;
	at com.kms.katalon.core.webui.keyword.internal.WebUIAbstractKeyword.findWebElement(WebUIAbstractKeyword.groovy:27)&#xD;
	at com.kms.katalon.core.webui.keyword.internal.WebUIAbstractKeyword.findWebElement(WebUIAbstractKeyword.groovy:26)&#xD;
	at com.kms.katalon.core.webui.keyword.builtin.ClickKeyword$_click_closure1.doCall(ClickKeyword.groovy:77)&#xD;
	at com.kms.katalon.core.webui.keyword.builtin.ClickKeyword$_click_closure1.call(ClickKeyword.groovy)&#xD;
	at com.kms.katalon.core.webui.keyword.internal.WebUIKeywordMain.runKeyword(WebUIKeywordMain.groovy:20)&#xD;
	... 35 more&#xD;
&#xD;
&#xD;
2019-09-06 17:47:39 - [TEST_STEP][PASSED] - Thread.sleep(1000): null&#xD;
&#xD;
2019-09-06 17:47:40 - [TEST_STEP][PASSED] - modifiedLHS = modifyObjectProperty(findTestObject("Objects.NavigateToAnyLHS/Page_ISPS2/LHSToModify"), "text", "equals", LHS, true): Modify property of object successfully&#xD;
&#xD;
2019-09-06 17:47:40 - [MESSAGE][PASSED] - Modify property of object successfully&#xD;
&#xD;
2019-09-06 17:47:40 - [TEST_STEP][FAILED] - click(modifiedLHS): Unable to click on object 'Object Repository/Objects.NavigateToAnyLHS/Page_ISPS2/LHSToModify' (Root cause: com.kms.katalon.core.exception.StepFailedException: Unable to click on object 'Object Repository/Objects.NavigateToAnyLHS/Page_ISPS2/LHSToModify'&#xD;
	at com.kms.katalon.core.webui.keyword.internal.WebUIKeywordMain.stepFailed(WebUIKeywordMain.groovy:64)&#xD;
	at com.kms.katalon.core.webui.keyword.internal.WebUIKeywordMain.runKeyword(WebUIKeywordMain.groovy:26)&#xD;
	at com.kms.katalon.core.webui.keyword.builtin.ClickKeyword.click(ClickKeyword.groovy:86)&#xD;
	at com.kms.katalon.core.webui.keyword.builtin.ClickKeyword.execute(ClickKeyword.groovy:67)&#xD;
	at com.kms.katalon.core.keyword.internal.KeywordExecutor.executeKeywordForPlatform(KeywordExecutor.groovy:56)&#xD;
	at com.kms.katalon.core.webui.keyword.WebUiBuiltInKeywords.click(WebUiBuiltInKeywords.groovy:616)&#xD;
	at com.kms.katalon.core.webui.keyword.WebUiBuiltInKeywords$click$6.call(Unknown Source)&#xD;
	at NavigateToAnyLHS.run(NavigateToAnyLHS:24)&#xD;
	at com.kms.katalon.core.main.ScriptEngine.run(ScriptEngine.java:194)&#xD;
	at com.kms.katalon.core.main.ScriptEngine.runScriptAsRawText(ScriptEngine.java:119)&#xD;
	at com.kms.katalon.core.main.TestCaseExecutor.runScript(TestCaseExecutor.java:337)&#xD;
	at com.kms.katalon.core.main.TestCaseExecutor.doExecute(TestCaseExecutor.java:328)&#xD;
	at com.kms.katalon.core.main.TestCaseExecutor.processExecutionPhase(TestCaseExecutor.java:307)&#xD;
	at com.kms.katalon.core.main.TestCaseExecutor.accessMainPhase(TestCaseExecutor.java:299)&#xD;
	at com.kms.katalon.core.main.TestCaseExecutor.execute(TestCaseExecutor.java:233)&#xD;
	at com.kms.katalon.core.main.TestCaseMain.runTestCase(TestCaseMain.java:114)&#xD;
	at com.kms.katalon.core.keyword.builtin.CallTestCaseKeyword$_callTestCase_closure1.doCall(CallTestCaseKeyword.groovy:59)&#xD;
	at com.kms.katalon.core.keyword.builtin.CallTestCaseKeyword$_callTestCase_closure1.call(CallTestCaseKeyword.groovy)&#xD;
	at com.kms.katalon.core.keyword.internal.KeywordMain.runKeyword(KeywordMain.groovy:68)&#xD;
	at com.kms.katalon.core.keyword.builtin.CallTestCaseKeyword.callTestCase(CallTestCaseKeyword.groovy:81)&#xD;
	at com.kms.katalon.core.keyword.builtin.CallTestCaseKeyword.execute(CallTestCaseKeyword.groovy:44)&#xD;
	at com.kms.katalon.core.keyword.internal.KeywordExecutor.executeKeywordForPlatform(KeywordExecutor.groovy:56)&#xD;
	at com.kms.katalon.core.keyword.BuiltinKeywords.callTestCase(BuiltinKeywords.groovy:334)&#xD;
	at SmokeTesting.RecordInspection.run(SmokeTesting.RecordInspection:23)&#xD;
	at com.kms.katalon.core.main.ScriptEngine.run(ScriptEngine.java:194)&#xD;
	at com.kms.katalon.core.main.ScriptEngine.runScriptAsRawText(ScriptEngine.java:119)&#xD;
	at com.kms.katalon.core.main.TestCaseExecutor.runScript(TestCaseExecutor.java:337)&#xD;
	at com.kms.katalon.core.main.TestCaseExecutor.doExecute(TestCaseExecutor.java:328)&#xD;
	at com.kms.katalon.core.main.TestCaseExecutor.processExecutionPhase(TestCaseExecutor.java:307)&#xD;
	at com.kms.katalon.core.main.TestCaseExecutor.accessMainPhase(TestCaseExecutor.java:299)&#xD;
	at com.kms.katalon.core.main.TestCaseExecutor.execute(TestCaseExecutor.java:233)&#xD;
	at com.kms.katalon.core.main.TestSuiteExecutor.accessTestCaseMainPhase(TestSuiteExecutor.java:133)&#xD;
	at com.kms.katalon.core.main.TestSuiteExecutor.accessTestSuiteMainPhase(TestSuiteExecutor.java:116)&#xD;
	at com.kms.katalon.core.main.TestSuiteExecutor.execute(TestSuiteExecutor.java:83)&#xD;
	at com.kms.katalon.core.main.TestCaseMain.startTestSuite(TestCaseMain.java:157)&#xD;
	at com.kms.katalon.core.main.TestCaseMain$startTestSuite$0.call(Unknown Source)&#xD;
	at TempTestSuite1567762670011.run(TempTestSuite1567762670011.groovy:35)&#xD;
Caused by: com.kms.katalon.core.webui.exception.WebElementNotFoundException: Web element with id: 'Object Repository/Objects.NavigateToAnyLHS/Page_ISPS2/LHSToModify' located by 'By.xpath: //div[@class = 'x-component x-unselectable x-box-item x-ltr x-component-default' and (text() = 'Record Inspection' or . = 'Record Inspection')]' not found&#xD;
	at com.kms.katalon.core.webui.common.WebUiCommonHelper.findWebElement(WebUiCommonHelper.java:1097)&#xD;
	at com.kms.katalon.core.webui.keyword.internal.WebUIAbstractKeyword.findWebElement(WebUIAbstractKeyword.groovy:27)&#xD;
	at com.kms.katalon.core.webui.keyword.internal.WebUIAbstractKeyword.findWebElement(WebUIAbstractKeyword.groovy:26)&#xD;
	at com.kms.katalon.core.webui.keyword.builtin.ClickKeyword$_click_closure1.doCall(ClickKeyword.groovy:77)&#xD;
	at com.kms.katalon.core.webui.keyword.builtin.ClickKeyword$_click_closure1.call(ClickKeyword.groovy)&#xD;
	at com.kms.katalon.core.webui.keyword.internal.WebUIKeywordMain.runKeyword(WebUIKeywordMain.groovy:20)&#xD;
	at com.kms.katalon.core.webui.keyword.builtin.ClickKeyword.click(ClickKeyword.groovy:86)&#xD;
	at com.kms.katalon.core.webui.keyword.builtin.ClickKeyword.execute(ClickKeyword.groovy:67)&#xD;
	at com.kms.katalon.core.keyword.internal.KeywordExecutor.executeKeywordForPlatform(KeywordExecutor.groovy:56)&#xD;
	at com.kms.katalon.core.webui.keyword.WebUiBuiltInKeywords.click(WebUiBuiltInKeywords.groovy:616)&#xD;
	at com.kms.katalon.core.webui.keyword.WebUiBuiltInKeywords$click$6.call(Unknown Source)&#xD;
	at Script1565337412228.run(Script1565337412228.groovy:24)&#xD;
	at com.kms.katalon.core.main.ScriptEngine.run(ScriptEngine.java:194)&#xD;
	at com.kms.katalon.core.main.ScriptEngine.runScriptAsRawText(ScriptEngine.java:119)&#xD;
	at com.kms.katalon.core.main.TestCaseExecutor.runScript(TestCaseExecutor.java:337)&#xD;
	at com.kms.katalon.core.main.TestCaseExecutor.doExecute(TestCaseExecutor.java:328)&#xD;
	at com.kms.katalon.core.main.TestCaseExecutor.processExecutionPhase(TestCaseExecutor.java:307)&#xD;
	at com.kms.katalon.core.main.TestCaseExecutor.accessMainPhase(TestCaseExecutor.java:299)&#xD;
	at com.kms.katalon.core.main.TestCaseExecutor.execute(TestCaseExecutor.java:233)&#xD;
	at com.kms.katalon.core.main.TestCaseMain.runTestCase(TestCaseMain.java:114)&#xD;
	at com.kms.katalon.core.keyword.builtin.CallTestCaseKeyword$_callTestCase_closure1.doCall(CallTestCaseKeyword.groovy:59)&#xD;
	at com.kms.katalon.core.keyword.builtin.CallTestCaseKeyword$_callTestCase_closure1.call(CallTestCaseKeyword.groovy)&#xD;
	at com.kms.katalon.core.keyword.internal.KeywordMain.runKeyword(KeywordMain.groovy:68)&#xD;
	at com.kms.katalon.core.keyword.builtin.CallTestCaseKeyword.callTestCase(CallTestCaseKeyword.groovy:81)&#xD;
	at com.kms.katalon.core.keyword.builtin.CallTestCaseKeyword.execute(CallTestCaseKeyword.groovy:44)&#xD;
	at com.kms.katalon.core.keyword.internal.KeywordExecutor.executeKeywordForPlatform(KeywordExecutor.groovy:56)&#xD;
	at com.kms.katalon.core.keyword.BuiltinKeywords.callTestCase(BuiltinKeywords.groovy:334)&#xD;
	at Script1565763689193.run(Script1565763689193.groovy:23)&#xD;
	... 13 more&#xD;
)&#xD;
&#xD;
2019-09-06 17:48:11 - [MESSAGE][INFO] - Unable to find the element located by 'By.xpath: //div[@class = 'x-component x-unselectable x-box-item x-ltr x-component-default' and (text() = 'Record Inspection' or . = 'Record Inspection')]'. Please recheck the objects properties to make sure the desired element is located. &#xD;
&#xD;
2019-09-06 17:48:11 - [MESSAGE][FAILED] - Unable to click on object 'Object Repository/Objects.NavigateToAnyLHS/Page_ISPS2/LHSToModify' (Root cause: com.kms.katalon.core.exception.StepFailedException: Unable to click on object 'Object Repository/Objects.NavigateToAnyLHS/Page_ISPS2/LHSToModify'&#xD;
	at com.kms.katalon.core.webui.keyword.internal.WebUIKeywordMain.stepFailed(WebUIKeywordMain.groovy:64)&#xD;
	at com.kms.katalon.core.webui.keyword.internal.WebUIKeywordMain.runKeyword(WebUIKeywordMain.groovy:26)&#xD;
	at com.kms.katalon.core.webui.keyword.builtin.ClickKeyword.click(ClickKeyword.groovy:86)&#xD;
	at com.kms.katalon.core.webui.keyword.builtin.ClickKeyword.execute(ClickKeyword.groovy:67)&#xD;
	at com.kms.katalon.core.keyword.internal.KeywordExecutor.executeKeywordForPlatform(KeywordExecutor.groovy:56)&#xD;
	at com.kms.katalon.core.webui.keyword.WebUiBuiltInKeywords.click(WebUiBuiltInKeywords.groovy:616)&#xD;
	at com.kms.katalon.core.webui.keyword.WebUiBuiltInKeywords$click$6.call(Unknown Source)&#xD;
	at NavigateToAnyLHS.run(NavigateToAnyLHS:24)&#xD;
	at com.kms.katalon.core.main.ScriptEngine.run(ScriptEngine.java:194)&#xD;
	at com.kms.katalon.core.main.ScriptEngine.runScriptAsRawText(ScriptEngine.java:119)&#xD;
	at com.kms.katalon.core.main.TestCaseExecutor.runScript(TestCaseExecutor.java:337)&#xD;
	at com.kms.katalon.core.main.TestCaseExecutor.doExecute(TestCaseExecutor.java:328)&#xD;
	at com.kms.katalon.core.main.TestCaseExecutor.processExecutionPhase(TestCaseExecutor.java:307)&#xD;
	at com.kms.katalon.core.main.TestCaseExecutor.accessMainPhase(TestCaseExecutor.java:299)&#xD;
	at com.kms.katalon.core.main.TestCaseExecutor.execute(TestCaseExecutor.java:233)&#xD;
	at com.kms.katalon.core.main.TestCaseMain.runTestCase(TestCaseMain.java:114)&#xD;
	at com.kms.katalon.core.keyword.builtin.CallTestCaseKeyword$_callTestCase_closure1.doCall(CallTestCaseKeyword.groovy:59)&#xD;
	at com.kms.katalon.core.keyword.builtin.CallTestCaseKeyword$_callTestCase_closure1.call(CallTestCaseKeyword.groovy)&#xD;
	at com.kms.katalon.core.keyword.internal.KeywordMain.runKeyword(KeywordMain.groovy:68)&#xD;
	at com.kms.katalon.core.keyword.builtin.CallTestCaseKeyword.callTestCase(CallTestCaseKeyword.groovy:81)&#xD;
	at com.kms.katalon.core.keyword.builtin.CallTestCaseKeyword.execute(CallTestCaseKeyword.groovy:44)&#xD;
	at com.kms.katalon.core.keyword.internal.KeywordExecutor.executeKeywordForPlatform(KeywordExecutor.groovy:56)&#xD;
	at com.kms.katalon.core.keyword.BuiltinKeywords.callTestCase(BuiltinKeywords.groovy:334)&#xD;
	at SmokeTesting.RecordInspection.run(SmokeTesting.RecordInspection:23)&#xD;
	at com.kms.katalon.core.main.ScriptEngine.run(ScriptEngine.java:194)&#xD;
	at com.kms.katalon.core.main.ScriptEngine.runScriptAsRawText(ScriptEngine.java:119)&#xD;
	at com.kms.katalon.core.main.TestCaseExecutor.runScript(TestCaseExecutor.java:337)&#xD;
	at com.kms.katalon.core.main.TestCaseExecutor.doExecute(TestCaseExecutor.java:328)&#xD;
	at com.kms.katalon.core.main.TestCaseExecutor.processExecutionPhase(TestCaseExecutor.java:307)&#xD;
	at com.kms.katalon.core.main.TestCaseExecutor.accessMainPhase(TestCaseExecutor.java:299)&#xD;
	at com.kms.katalon.core.main.TestCaseExecutor.execute(TestCaseExecutor.java:233)&#xD;
	at com.kms.katalon.core.main.TestSuiteExecutor.accessTestCaseMainPhase(TestSuiteExecutor.java:133)&#xD;
	at com.kms.katalon.core.main.TestSuiteExecutor.accessTestSuiteMainPhase(TestSuiteExecutor.java:116)&#xD;
	at com.kms.katalon.core.main.TestSuiteExecutor.execute(TestSuiteExecutor.java:83)&#xD;
	at com.kms.katalon.core.main.TestCaseMain.startTestSuite(TestCaseMain.java:157)&#xD;
	at com.kms.katalon.core.main.TestCaseMain$startTestSuite$0.call(Unknown Source)&#xD;
	at TempTestSuite1567762670011.run(TempTestSuite1567762670011.groovy:35)&#xD;
Caused by: com.kms.katalon.core.webui.exception.WebElementNotFoundException: Web element with id: 'Object Repository/Objects.NavigateToAnyLHS/Page_ISPS2/LHSToModify' located by 'By.xpath: //div[@class = 'x-component x-unselectable x-box-item x-ltr x-component-default' and (text() = 'Record Inspection' or . = 'Record Inspection')]' not found&#xD;
	at com.kms.katalon.core.webui.common.WebUiCommonHelper.findWebElement(WebUiCommonHelper.java:1097)&#xD;
	at com.kms.katalon.core.webui.keyword.internal.WebUIAbstractKeyword.findWebElement(WebUIAbstractKeyword.groovy:27)&#xD;
	at com.kms.katalon.core.webui.keyword.internal.WebUIAbstractKeyword.findWebElement(WebUIAbstractKeyword.groovy:26)&#xD;
	at com.kms.katalon.core.webui.keyword.builtin.ClickKeyword$_click_closure1.doCall(ClickKeyword.groovy:77)&#xD;
	at com.kms.katalon.core.webui.keyword.builtin.ClickKeyword$_click_closure1.call(ClickKeyword.groovy)&#xD;
	at com.kms.katalon.core.webui.keyword.internal.WebUIKeywordMain.runKeyword(WebUIKeywordMain.groovy:20)&#xD;
	at com.kms.katalon.core.webui.keyword.builtin.ClickKeyword.click(ClickKeyword.groovy:86)&#xD;
	at com.kms.katalon.core.webui.keyword.builtin.ClickKeyword.execute(ClickKeyword.groovy:67)&#xD;
	at com.kms.katalon.core.keyword.internal.KeywordExecutor.executeKeywordForPlatform(KeywordExecutor.groovy:56)&#xD;
	at com.kms.katalon.core.webui.keyword.WebUiBuiltInKeywords.click(WebUiBuiltInKeywords.groovy:616)&#xD;
	at com.kms.katalon.core.webui.keyword.WebUiBuiltInKeywords$click$6.call(Unknown Source)&#xD;
	at Script1565337412228.run(Script1565337412228.groovy:24)&#xD;
	at com.kms.katalon.core.main.ScriptEngine.run(ScriptEngine.java:194)&#xD;
	at com.kms.katalon.core.main.ScriptEngine.runScriptAsRawText(ScriptEngine.java:119)&#xD;
	at com.kms.katalon.core.main.TestCaseExecutor.runScript(TestCaseExecutor.java:337)&#xD;
	at com.kms.katalon.core.main.TestCaseExecutor.doExecute(TestCaseExecutor.java:328)&#xD;
	at com.kms.katalon.core.main.TestCaseExecutor.processExecutionPhase(TestCaseExecutor.java:307)&#xD;
	at com.kms.katalon.core.main.TestCaseExecutor.accessMainPhase(TestCaseExecutor.java:299)&#xD;
	at com.kms.katalon.core.main.TestCaseExecutor.execute(TestCaseExecutor.java:233)&#xD;
	at com.kms.katalon.core.main.TestCaseMain.runTestCase(TestCaseMain.java:114)&#xD;
	at com.kms.katalon.core.keyword.builtin.CallTestCaseKeyword$_callTestCase_closure1.doCall(CallTestCaseKeyword.groovy:59)&#xD;
	at com.kms.katalon.core.keyword.builtin.CallTestCaseKeyword$_callTestCase_closure1.call(CallTestCaseKeyword.groovy)&#xD;
	at com.kms.katalon.core.keyword.internal.KeywordMain.runKeyword(KeywordMain.groovy:68)&#xD;
	at com.kms.katalon.core.keyword.builtin.CallTestCaseKeyword.callTestCase(CallTestCaseKeyword.groovy:81)&#xD;
	at com.kms.katalon.core.keyword.builtin.CallTestCaseKeyword.execute(CallTestCaseKeyword.groovy:44)&#xD;
	at com.kms.katalon.core.keyword.internal.KeywordExecutor.executeKeywordForPlatform(KeywordExecutor.groovy:56)&#xD;
	at com.kms.katalon.core.keyword.BuiltinKeywords.callTestCase(BuiltinKeywords.groovy:334)&#xD;
	at Script1565763689193.run(Script1565763689193.groovy:23)&#xD;
	... 13 more&#xD;
)&#xD;
[[ATTACHMENT|C:\\Automation\\ISPS2 Automation\\Reports\\Smoke Testing Automated Regression Suite (STARS)\\20190906_173749\\1567763291076.png]]&#xD;
&#xD;
2019-09-06 17:48:11 - [MESSAGE][FAILED] - Unable to call Test Case 'Test Cases/Components/NavigateToAnyLHS' (Root cause: com.kms.katalon.core.exception.StepFailedException: Call Test Case 'Test Cases/Components/NavigateToAnyLHS' failed&#xD;
	at com.kms.katalon.core.keyword.builtin.CallTestCaseKeyword$_callTestCase_closure1.doCall(CallTestCaseKeyword.groovy:63)&#xD;
	at com.kms.katalon.core.keyword.builtin.CallTestCaseKeyword$_callTestCase_closure1.call(CallTestCaseKeyword.groovy)&#xD;
	at com.kms.katalon.core.keyword.internal.KeywordMain.runKeyword(KeywordMain.groovy:68)&#xD;
	at com.kms.katalon.core.keyword.builtin.CallTestCaseKeyword.callTestCase(CallTestCaseKeyword.groovy:81)&#xD;
	at com.kms.katalon.core.keyword.builtin.CallTestCaseKeyword.execute(CallTestCaseKeyword.groovy:44)&#xD;
	at com.kms.katalon.core.keyword.internal.KeywordExecutor.executeKeywordForPlatform(KeywordExecutor.groovy:56)&#xD;
	at com.kms.katalon.core.keyword.BuiltinKeywords.callTestCase(BuiltinKeywords.groovy:334)&#xD;
	at SmokeTesting.RecordInspection.run(SmokeTesting.RecordInspection:23)&#xD;
	at com.kms.katalon.core.main.ScriptEngine.run(ScriptEngine.java:194)&#xD;
	at com.kms.katalon.core.main.ScriptEngine.runScriptAsRawText(ScriptEngine.java:119)&#xD;
	at com.kms.katalon.core.main.TestCaseExecutor.runScript(TestCaseExecutor.java:337)&#xD;
	at com.kms.katalon.core.main.TestCaseExecutor.doExecute(TestCaseExecutor.java:328)&#xD;
	at com.kms.katalon.core.main.TestCaseExecutor.processExecutionPhase(TestCaseExecutor.java:307)&#xD;
	at com.kms.katalon.core.main.TestCaseExecutor.accessMainPhase(TestCaseExecutor.java:299)&#xD;
	at com.kms.katalon.core.main.TestCaseExecutor.execute(TestCaseExecutor.java:233)&#xD;
	at com.kms.katalon.core.main.TestSuiteExecutor.accessTestCaseMainPhase(TestSuiteExecutor.java:133)&#xD;
	at com.kms.katalon.core.main.TestSuiteExecutor.accessTestSuiteMainPhase(TestSuiteExecutor.java:116)&#xD;
	at com.kms.katalon.core.main.TestSuiteExecutor.execute(TestSuiteExecutor.java:83)&#xD;
	at com.kms.katalon.core.main.TestCaseMain.startTestSuite(TestCaseMain.java:157)&#xD;
	at com.kms.katalon.core.main.TestCaseMain$startTestSuite$0.call(Unknown Source)&#xD;
	at TempTestSuite1567762670011.run(TempTestSuite1567762670011.groovy:35)&#xD;
Caused by: com.kms.katalon.core.exception.StepFailedException: Unable to click on object 'Object Repository/Objects.NavigateToAnyLHS/Page_ISPS2/LHSToModify'&#xD;
	at com.kms.katalon.core.webui.keyword.internal.WebUIKeywordMain.stepFailed(WebUIKeywordMain.groovy:64)&#xD;
	at com.kms.katalon.core.webui.keyword.internal.WebUIKeywordMain.runKeyword(WebUIKeywordMain.groovy:26)&#xD;
	at com.kms.katalon.core.webui.keyword.builtin.ClickKeyword.click(ClickKeyword.groovy:86)&#xD;
	at com.kms.katalon.core.webui.keyword.builtin.ClickKeyword.execute(ClickKeyword.groovy:67)&#xD;
	at com.kms.katalon.core.keyword.internal.KeywordExecutor.executeKeywordForPlatform(KeywordExecutor.groovy:56)&#xD;
	at com.kms.katalon.core.webui.keyword.WebUiBuiltInKeywords.click(WebUiBuiltInKeywords.groovy:616)&#xD;
	at com.kms.katalon.core.webui.keyword.WebUiBuiltInKeywords$click$6.call(Unknown Source)&#xD;
	at NavigateToAnyLHS.run(NavigateToAnyLHS:24)&#xD;
	at com.kms.katalon.core.main.ScriptEngine.run(ScriptEngine.java:194)&#xD;
	at com.kms.katalon.core.main.ScriptEngine.runScriptAsRawText(ScriptEngine.java:119)&#xD;
	at com.kms.katalon.core.main.TestCaseExecutor.runScript(TestCaseExecutor.java:337)&#xD;
	at com.kms.katalon.core.main.TestCaseExecutor.doExecute(TestCaseExecutor.java:328)&#xD;
	at com.kms.katalon.core.main.TestCaseExecutor.processExecutionPhase(TestCaseExecutor.java:307)&#xD;
	at com.kms.katalon.core.main.TestCaseExecutor.accessMainPhase(TestCaseExecutor.java:299)&#xD;
	at com.kms.katalon.core.main.TestCaseExecutor.execute(TestCaseExecutor.java:233)&#xD;
	at com.kms.katalon.core.main.TestCaseMain.runTestCase(TestCaseMain.java:114)&#xD;
	at com.kms.katalon.core.keyword.builtin.CallTestCaseKeyword$_callTestCase_closure1.doCall(CallTestCaseKeyword.groovy:59)&#xD;
	... 20 more&#xD;
Caused by: com.kms.katalon.core.webui.exception.WebElementNotFoundException: Web element with id: 'Object Repository/Objects.NavigateToAnyLHS/Page_ISPS2/LHSToModify' located by 'By.xpath: //div[@class = 'x-component x-unselectable x-box-item x-ltr x-component-default' and (text() = 'Record Inspection' or . = 'Record Inspection')]' not found&#xD;
	at com.kms.katalon.core.webui.common.WebUiCommonHelper.findWebElement(WebUiCommonHelper.java:1097)&#xD;
	at com.kms.katalon.core.webui.keyword.internal.WebUIAbstractKeyword.findWebElement(WebUIAbstractKeyword.groovy:27)&#xD;
	at com.kms.katalon.core.webui.keyword.internal.WebUIAbstractKeyword.findWebElement(WebUIAbstractKeyword.groovy:26)&#xD;
	at com.kms.katalon.core.webui.keyword.builtin.ClickKeyword$_click_closure1.doCall(ClickKeyword.groovy:77)&#xD;
	at com.kms.katalon.core.webui.keyword.builtin.ClickKeyword$_click_closure1.call(ClickKeyword.groovy)&#xD;
	at com.kms.katalon.core.webui.keyword.internal.WebUIKeywordMain.runKeyword(WebUIKeywordMain.groovy:20)&#xD;
	... 35 more&#xD;
)</system-out>
            <system-err>2019-09-06 17:47:01 - [TEST_CASE][FAILED] - Test Cases/Smoke/TBP/SmokeTesting.RecordInspection: Test Cases/Smoke/TBP/SmokeTesting.RecordInspection FAILED.
Reason:
com.kms.katalon.core.exception.StepFailedException: Call Test Case 'Test Cases/Components/NavigateToAnyLHS' failed&#xD;
	at com.kms.katalon.core.keyword.builtin.CallTestCaseKeyword$_callTestCase_closure1.doCall(CallTestCaseKeyword.groovy:63)&#xD;
	at com.kms.katalon.core.keyword.builtin.CallTestCaseKeyword$_callTestCase_closure1.call(CallTestCaseKeyword.groovy)&#xD;
	at com.kms.katalon.core.keyword.internal.KeywordMain.runKeyword(KeywordMain.groovy:68)&#xD;
	at com.kms.katalon.core.keyword.builtin.CallTestCaseKeyword.callTestCase(CallTestCaseKeyword.groovy:81)&#xD;
	at com.kms.katalon.core.keyword.builtin.CallTestCaseKeyword.execute(CallTestCaseKeyword.groovy:44)&#xD;
	at com.kms.katalon.core.keyword.internal.KeywordExecutor.executeKeywordForPlatform(KeywordExecutor.groovy:56)&#xD;
	at com.kms.katalon.core.keyword.BuiltinKeywords.callTestCase(BuiltinKeywords.groovy:334)&#xD;
	at SmokeTesting.RecordInspection.run(SmokeTesting.RecordInspection:23)&#xD;
	at com.kms.katalon.core.main.ScriptEngine.run(ScriptEngine.java:194)&#xD;
	at com.kms.katalon.core.main.ScriptEngine.runScriptAsRawText(ScriptEngine.java:119)&#xD;
	at com.kms.katalon.core.main.TestCaseExecutor.runScript(TestCaseExecutor.java:337)&#xD;
	at com.kms.katalon.core.main.TestCaseExecutor.doExecute(TestCaseExecutor.java:328)&#xD;
	at com.kms.katalon.core.main.TestCaseExecutor.processExecutionPhase(TestCaseExecutor.java:307)&#xD;
	at com.kms.katalon.core.main.TestCaseExecutor.accessMainPhase(TestCaseExecutor.java:299)&#xD;
	at com.kms.katalon.core.main.TestCaseExecutor.execute(TestCaseExecutor.java:233)&#xD;
	at com.kms.katalon.core.main.TestSuiteExecutor.accessTestCaseMainPhase(TestSuiteExecutor.java:133)&#xD;
	at com.kms.katalon.core.main.TestSuiteExecutor.accessTestSuiteMainPhase(TestSuiteExecutor.java:116)&#xD;
	at com.kms.katalon.core.main.TestSuiteExecutor.execute(TestSuiteExecutor.java:83)&#xD;
	at com.kms.katalon.core.main.TestCaseMain.startTestSuite(TestCaseMain.java:157)&#xD;
	at com.kms.katalon.core.main.TestCaseMain$startTestSuite$0.call(Unknown Source)&#xD;
	at TempTestSuite1567762670011.run(TempTestSuite1567762670011.groovy:35)&#xD;
Caused by: com.kms.katalon.core.exception.StepFailedException: Unable to click on object 'Object Repository/Objects.NavigateToAnyLHS/Page_ISPS2/LHSToModify'&#xD;
	at com.kms.katalon.core.webui.keyword.internal.WebUIKeywordMain.stepFailed(WebUIKeywordMain.groovy:64)&#xD;
	at com.kms.katalon.core.webui.keyword.internal.WebUIKeywordMain.runKeyword(WebUIKeywordMain.groovy:26)&#xD;
	at com.kms.katalon.core.webui.keyword.builtin.ClickKeyword.click(ClickKeyword.groovy:86)&#xD;
	at com.kms.katalon.core.webui.keyword.builtin.ClickKeyword.execute(ClickKeyword.groovy:67)&#xD;
	at com.kms.katalon.core.keyword.internal.KeywordExecutor.executeKeywordForPlatform(KeywordExecutor.groovy:56)&#xD;
	at com.kms.katalon.core.webui.keyword.WebUiBuiltInKeywords.click(WebUiBuiltInKeywords.groovy:616)&#xD;
	at com.kms.katalon.core.webui.keyword.WebUiBuiltInKeywords$click$6.call(Unknown Source)&#xD;
	at NavigateToAnyLHS.run(NavigateToAnyLHS:24)&#xD;
	at com.kms.katalon.core.main.ScriptEngine.run(ScriptEngine.java:194)&#xD;
	at com.kms.katalon.core.main.ScriptEngine.runScriptAsRawText(ScriptEngine.java:119)&#xD;
	at com.kms.katalon.core.main.TestCaseExecutor.runScript(TestCaseExecutor.java:337)&#xD;
	at com.kms.katalon.core.main.TestCaseExecutor.doExecute(TestCaseExecutor.java:328)&#xD;
	at com.kms.katalon.core.main.TestCaseExecutor.processExecutionPhase(TestCaseExecutor.java:307)&#xD;
	at com.kms.katalon.core.main.TestCaseExecutor.accessMainPhase(TestCaseExecutor.java:299)&#xD;
	at com.kms.katalon.core.main.TestCaseExecutor.execute(TestCaseExecutor.java:233)&#xD;
	at com.kms.katalon.core.main.TestCaseMain.runTestCase(TestCaseMain.java:114)&#xD;
	at com.kms.katalon.core.keyword.builtin.CallTestCaseKeyword$_callTestCase_closure1.doCall(CallTestCaseKeyword.groovy:59)&#xD;
	... 20 more&#xD;
Caused by: com.kms.katalon.core.webui.exception.WebElementNotFoundException: Web element with id: 'Object Repository/Objects.NavigateToAnyLHS/Page_ISPS2/LHSToModify' located by 'By.xpath: //div[@class = 'x-component x-unselectable x-box-item x-ltr x-component-default' and (text() = 'Record Inspection' or . = 'Record Inspection')]' not found&#xD;
	at com.kms.katalon.core.webui.common.WebUiCommonHelper.findWebElement(WebUiCommonHelper.java:1097)&#xD;
	at com.kms.katalon.core.webui.keyword.internal.WebUIAbstractKeyword.findWebElement(WebUIAbstractKeyword.groovy:27)&#xD;
	at com.kms.katalon.core.webui.keyword.internal.WebUIAbstractKeyword.findWebElement(WebUIAbstractKeyword.groovy:26)&#xD;
	at com.kms.katalon.core.webui.keyword.builtin.ClickKeyword$_click_closure1.doCall(ClickKeyword.groovy:77)&#xD;
	at com.kms.katalon.core.webui.keyword.builtin.ClickKeyword$_click_closure1.call(ClickKeyword.groovy)&#xD;
	at com.kms.katalon.core.webui.keyword.internal.WebUIKeywordMain.runKeyword(WebUIKeywordMain.groovy:20)&#xD;
	... 35 more</system-err>
        </testcase>
        <testcase name="Test Cases/Smoke/TBP/SmokeTesting.OwnerOfThePremises" classname="Test Cases/Smoke/TBP/SmokeTesting.OwnerOfThePremises" status="FAILED">
            <failure type="FAILED" message="Test Cases/Smoke/TBP/SmokeTesting.OwnerOfThePremises FAILED.&#xA;Reason:&#xA;com.kms.katalon.core.exception.StepFailedException: Call Test Case 'Test Cases/Components/NavigateToAnyLHS' failed&#xD;&#xA;&#x9;at com.kms.katalon.core.keyword.builtin.CallTestCaseKeyword$_callTestCase_closure1.doCall(CallTestCaseKeyword.groovy:63)&#xD;&#xA;&#x9;at com.kms.katalon.core.keyword.builtin.CallTestCaseKeyword$_callTestCase_closure1.call(CallTestCaseKeyword.groovy)&#xD;&#xA;&#x9;at com.kms.katalon.core.keyword.internal.KeywordMain.runKeyword(KeywordMain.groovy:68)&#xD;&#xA;&#x9;at com.kms.katalon.core.keyword.builtin.CallTestCaseKeyword.callTestCase(CallTestCaseKeyword.groovy:81)&#xD;&#xA;&#x9;at com.kms.katalon.core.keyword.builtin.CallTestCaseKeyword.execute(CallTestCaseKeyword.groovy:44)&#xD;&#xA;&#x9;at com.kms.katalon.core.keyword.internal.KeywordExecutor.executeKeywordForPlatform(KeywordExecutor.groovy:56)&#xD;&#xA;&#x9;at com.kms.katalon.core.keyword.BuiltinKeywords.callTestCase(BuiltinKeywords.groovy:334)&#xD;&#xA;&#x9;at SmokeTesting.OwnerOfThePremises.run(SmokeTesting.OwnerOfThePremises:23)&#xD;&#xA;&#x9;at com.kms.katalon.core.main.ScriptEngine.run(ScriptEngine.java:194)&#xD;&#xA;&#x9;at com.kms.katalon.core.main.ScriptEngine.runScriptAsRawText(ScriptEngine.java:119)&#xD;&#xA;&#x9;at com.kms.katalon.core.main.TestCaseExecutor.runScript(TestCaseExecutor.java:337)&#xD;&#xA;&#x9;at com.kms.katalon.core.main.TestCaseExecutor.doExecute(TestCaseExecutor.java:328)&#xD;&#xA;&#x9;at com.kms.katalon.core.main.TestCaseExecutor.processExecutionPhase(TestCaseExecutor.java:307)&#xD;&#xA;&#x9;at com.kms.katalon.core.main.TestCaseExecutor.accessMainPhase(TestCaseExecutor.java:299)&#xD;&#xA;&#x9;at com.kms.katalon.core.main.TestCaseExecutor.execute(TestCaseExecutor.java:233)&#xD;&#xA;&#x9;at com.kms.katalon.core.main.TestSuiteExecutor.accessTestCaseMainPhase(TestSuiteExecutor.java:133)&#xD;&#xA;&#x9;at com.kms.katalon.core.main.TestSuiteExecutor.accessTestSuiteMainPhase(TestSuiteExecutor.java:116)&#xD;&#xA;&#x9;at com.kms.katalon.core.main.TestSuiteExecutor.execute(TestSuiteExecutor.java:83)&#xD;&#xA;&#x9;at com.kms.katalon.core.main.TestCaseMain.startTestSuite(TestCaseMain.java:157)&#xD;&#xA;&#x9;at com.kms.katalon.core.main.TestCaseMain$startTestSuite$0.call(Unknown Source)&#xD;&#xA;&#x9;at TempTestSuite1567762670011.run(TempTestSuite1567762670011.groovy:35)&#xD;&#xA;Caused by: com.kms.katalon.core.exception.StepFailedException: Unable to click on object 'Object Repository/Objects.NavigateToAnyLHS/Page_ISPS2/LHSToModify'&#xD;&#xA;&#x9;at com.kms.katalon.core.webui.keyword.internal.WebUIKeywordMain.stepFailed(WebUIKeywordMain.groovy:64)&#xD;&#xA;&#x9;at com.kms.katalon.core.webui.keyword.internal.WebUIKeywordMain.runKeyword(WebUIKeywordMain.groovy:26)&#xD;&#xA;&#x9;at com.kms.katalon.core.webui.keyword.builtin.ClickKeyword.click(ClickKeyword.groovy:86)&#xD;&#xA;&#x9;at com.kms.katalon.core.webui.keyword.builtin.ClickKeyword.execute(ClickKeyword.groovy:67)&#xD;&#xA;&#x9;at com.kms.katalon.core.keyword.internal.KeywordExecutor.executeKeywordForPlatform(KeywordExecutor.groovy:56)&#xD;&#xA;&#x9;at com.kms.katalon.core.webui.keyword.WebUiBuiltInKeywords.click(WebUiBuiltInKeywords.groovy:616)&#xD;&#xA;&#x9;at com.kms.katalon.core.webui.keyword.WebUiBuiltInKeywords$click$6.call(Unknown Source)&#xD;&#xA;&#x9;at NavigateToAnyLHS.run(NavigateToAnyLHS:24)&#xD;&#xA;&#x9;at com.kms.katalon.core.main.ScriptEngine.run(ScriptEngine.java:194)&#xD;&#xA;&#x9;at com.kms.katalon.core.main.ScriptEngine.runScriptAsRawText(ScriptEngine.java:119)&#xD;&#xA;&#x9;at com.kms.katalon.core.main.TestCaseExecutor.runScript(TestCaseExecutor.java:337)&#xD;&#xA;&#x9;at com.kms.katalon.core.main.TestCaseExecutor.doExecute(TestCaseExecutor.java:328)&#xD;&#xA;&#x9;at com.kms.katalon.core.main.TestCaseExecutor.processExecutionPhase(TestCaseExecutor.java:307)&#xD;&#xA;&#x9;at com.kms.katalon.core.main.TestCaseExecutor.accessMainPhase(TestCaseExecutor.java:299)&#xD;&#xA;&#x9;at com.kms.katalon.core.main.TestCaseExecutor.execute(TestCaseExecutor.java:233)&#xD;&#xA;&#x9;at com.kms.katalon.core.main.TestCaseMain.runTestCase(TestCaseMain.java:114)&#xD;&#xA;&#x9;at com.kms.katalon.core.keyword.builtin.CallTestCaseKeyword$_callTestCase_closure1.doCall(CallTestCaseKeyword.groovy:59)&#xD;&#xA;&#x9;... 20 more&#xD;&#xA;Caused by: com.kms.katalon.core.webui.exception.WebElementNotFoundException: Web element with id: 'Object Repository/Objects.NavigateToAnyLHS/Page_ISPS2/LHSToModify' located by 'By.xpath: //div[@class = 'x-component x-unselectable x-box-item x-ltr x-component-default' and (text() = 'Owner of the Premises' or . = 'Owner of the Premises')]' not found&#xD;&#xA;&#x9;at com.kms.katalon.core.webui.common.WebUiCommonHelper.findWebElement(WebUiCommonHelper.java:1097)&#xD;&#xA;&#x9;at com.kms.katalon.core.webui.keyword.internal.WebUIAbstractKeyword.findWebElement(WebUIAbstractKeyword.groovy:27)&#xD;&#xA;&#x9;at com.kms.katalon.core.webui.keyword.internal.WebUIAbstractKeyword.findWebElement(WebUIAbstractKeyword.groovy:26)&#xD;&#xA;&#x9;at com.kms.katalon.core.webui.keyword.builtin.ClickKeyword$_click_closure1.doCall(ClickKeyword.groovy:77)&#xD;&#xA;&#x9;at com.kms.katalon.core.webui.keyword.builtin.ClickKeyword$_click_closure1.call(ClickKeyword.groovy)&#xD;&#xA;&#x9;at com.kms.katalon.core.webui.keyword.internal.WebUIKeywordMain.runKeyword(WebUIKeywordMain.groovy:20)&#xD;&#xA;&#x9;... 35 more&#xD;&#xA;"/>
            <system-out>2019-09-06 17:48:11 - [TEST_CASE][FAILED] - Test Cases/Smoke/TBP/SmokeTesting.OwnerOfThePremises: Test Cases/Smoke/TBP/SmokeTesting.OwnerOfThePremises FAILED.
Reason:
com.kms.katalon.core.exception.StepFailedException: Call Test Case 'Test Cases/Components/NavigateToAnyLHS' failed&#xD;
	at com.kms.katalon.core.keyword.builtin.CallTestCaseKeyword$_callTestCase_closure1.doCall(CallTestCaseKeyword.groovy:63)&#xD;
	at com.kms.katalon.core.keyword.builtin.CallTestCaseKeyword$_callTestCase_closure1.call(CallTestCaseKeyword.groovy)&#xD;
	at com.kms.katalon.core.keyword.internal.KeywordMain.runKeyword(KeywordMain.groovy:68)&#xD;
	at com.kms.katalon.core.keyword.builtin.CallTestCaseKeyword.callTestCase(CallTestCaseKeyword.groovy:81)&#xD;
	at com.kms.katalon.core.keyword.builtin.CallTestCaseKeyword.execute(CallTestCaseKeyword.groovy:44)&#xD;
	at com.kms.katalon.core.keyword.internal.KeywordExecutor.executeKeywordForPlatform(KeywordExecutor.groovy:56)&#xD;
	at com.kms.katalon.core.keyword.BuiltinKeywords.callTestCase(BuiltinKeywords.groovy:334)&#xD;
	at SmokeTesting.OwnerOfThePremises.run(SmokeTesting.OwnerOfThePremises:23)&#xD;
	at com.kms.katalon.core.main.ScriptEngine.run(ScriptEngine.java:194)&#xD;
	at com.kms.katalon.core.main.ScriptEngine.runScriptAsRawText(ScriptEngine.java:119)&#xD;
	at com.kms.katalon.core.main.TestCaseExecutor.runScript(TestCaseExecutor.java:337)&#xD;
	at com.kms.katalon.core.main.TestCaseExecutor.doExecute(TestCaseExecutor.java:328)&#xD;
	at com.kms.katalon.core.main.TestCaseExecutor.processExecutionPhase(TestCaseExecutor.java:307)&#xD;
	at com.kms.katalon.core.main.TestCaseExecutor.accessMainPhase(TestCaseExecutor.java:299)&#xD;
	at com.kms.katalon.core.main.TestCaseExecutor.execute(TestCaseExecutor.java:233)&#xD;
	at com.kms.katalon.core.main.TestSuiteExecutor.accessTestCaseMainPhase(TestSuiteExecutor.java:133)&#xD;
	at com.kms.katalon.core.main.TestSuiteExecutor.accessTestSuiteMainPhase(TestSuiteExecutor.java:116)&#xD;
	at com.kms.katalon.core.main.TestSuiteExecutor.execute(TestSuiteExecutor.java:83)&#xD;
	at com.kms.katalon.core.main.TestCaseMain.startTestSuite(TestCaseMain.java:157)&#xD;
	at com.kms.katalon.core.main.TestCaseMain$startTestSuite$0.call(Unknown Source)&#xD;
	at TempTestSuite1567762670011.run(TempTestSuite1567762670011.groovy:35)&#xD;
Caused by: com.kms.katalon.core.exception.StepFailedException: Unable to click on object 'Object Repository/Objects.NavigateToAnyLHS/Page_ISPS2/LHSToModify'&#xD;
	at com.kms.katalon.core.webui.keyword.internal.WebUIKeywordMain.stepFailed(WebUIKeywordMain.groovy:64)&#xD;
	at com.kms.katalon.core.webui.keyword.internal.WebUIKeywordMain.runKeyword(WebUIKeywordMain.groovy:26)&#xD;
	at com.kms.katalon.core.webui.keyword.builtin.ClickKeyword.click(ClickKeyword.groovy:86)&#xD;
	at com.kms.katalon.core.webui.keyword.builtin.ClickKeyword.execute(ClickKeyword.groovy:67)&#xD;
	at com.kms.katalon.core.keyword.internal.KeywordExecutor.executeKeywordForPlatform(KeywordExecutor.groovy:56)&#xD;
	at com.kms.katalon.core.webui.keyword.WebUiBuiltInKeywords.click(WebUiBuiltInKeywords.groovy:616)&#xD;
	at com.kms.katalon.core.webui.keyword.WebUiBuiltInKeywords$click$6.call(Unknown Source)&#xD;
	at NavigateToAnyLHS.run(NavigateToAnyLHS:24)&#xD;
	at com.kms.katalon.core.main.ScriptEngine.run(ScriptEngine.java:194)&#xD;
	at com.kms.katalon.core.main.ScriptEngine.runScriptAsRawText(ScriptEngine.java:119)&#xD;
	at com.kms.katalon.core.main.TestCaseExecutor.runScript(TestCaseExecutor.java:337)&#xD;
	at com.kms.katalon.core.main.TestCaseExecutor.doExecute(TestCaseExecutor.java:328)&#xD;
	at com.kms.katalon.core.main.TestCaseExecutor.processExecutionPhase(TestCaseExecutor.java:307)&#xD;
	at com.kms.katalon.core.main.TestCaseExecutor.accessMainPhase(TestCaseExecutor.java:299)&#xD;
	at com.kms.katalon.core.main.TestCaseExecutor.execute(TestCaseExecutor.java:233)&#xD;
	at com.kms.katalon.core.main.TestCaseMain.runTestCase(TestCaseMain.java:114)&#xD;
	at com.kms.katalon.core.keyword.builtin.CallTestCaseKeyword$_callTestCase_closure1.doCall(CallTestCaseKeyword.groovy:59)&#xD;
	... 20 more&#xD;
Caused by: com.kms.katalon.core.webui.exception.WebElementNotFoundException: Web element with id: 'Object Repository/Objects.NavigateToAnyLHS/Page_ISPS2/LHSToModify' located by 'By.xpath: //div[@class = 'x-component x-unselectable x-box-item x-ltr x-component-default' and (text() = 'Owner of the Premises' or . = 'Owner of the Premises')]' not found&#xD;
	at com.kms.katalon.core.webui.common.WebUiCommonHelper.findWebElement(WebUiCommonHelper.java:1097)&#xD;
	at com.kms.katalon.core.webui.keyword.internal.WebUIAbstractKeyword.findWebElement(WebUIAbstractKeyword.groovy:27)&#xD;
	at com.kms.katalon.core.webui.keyword.internal.WebUIAbstractKeyword.findWebElement(WebUIAbstractKeyword.groovy:26)&#xD;
	at com.kms.katalon.core.webui.keyword.builtin.ClickKeyword$_click_closure1.doCall(ClickKeyword.groovy:77)&#xD;
	at com.kms.katalon.core.webui.keyword.builtin.ClickKeyword$_click_closure1.call(ClickKeyword.groovy)&#xD;
	at com.kms.katalon.core.webui.keyword.internal.WebUIKeywordMain.runKeyword(WebUIKeywordMain.groovy:20)&#xD;
	... 35 more&#xD;
&#xD;
&#xD;
2019-09-06 17:48:11 - [TEST_STEP][PASSED] - callTestCase(findTestCase("Components/Login"), ["Username":findTestData("Datatable").getValue("Username", 1), "Password":findTestData("Datatable").getValue("Password", 1)], STOP_ON_FAILURE): Call Test Case 'Test Cases/Components/Login' successfully&#xD;
&#xD;
2019-09-06 17:48:11 - [TEST_CASE][PASSED] - Test Cases/Components/Login: Test Cases/Components/Login&#xD;
&#xD;
2019-09-06 17:48:11 - [TEST_STEP][PASSED] - openBrowser(findTestData("Datatable").getValue("URL", 1)): Browser is opened with url: 'http://java03:3012/isps2-prod-verify/authnz/login.do'&#xD;
&#xD;
2019-09-06 17:48:11 - [MESSAGE][WARNING] - A browser is already opened. Closing browser and opening a new one&#xD;
&#xD;
2019-09-06 17:48:12 - [MESSAGE][INFO] - Starting 'Chrome' driver&#xD;
&#xD;
2019-09-06 17:48:17 - [MESSAGE][PASSED] - Browser is opened with url: 'http://java03:3012/isps2-prod-verify/authnz/login.do'&#xD;
&#xD;
2019-09-06 17:48:17 - [TEST_STEP][PASSED] - maximizeWindow(): Current window maximized&#xD;
&#xD;
2019-09-06 17:48:18 - [MESSAGE][PASSED] - Current window maximized&#xD;
&#xD;
2019-09-06 17:48:18 - [TEST_STEP][PASSED] - verifyTextPresent("Sign in to ISPS2-PROD-Verify", false): Text 'Sign in to ISPS2-PROD-Verify' is present on page &#xD;
&#xD;
2019-09-06 17:48:18 - [MESSAGE][PASSED] - Text 'Sign in to ISPS2-PROD-Verify' is present on page &#xD;
&#xD;
2019-09-06 17:48:18 - [TEST_STEP][NOT_RUN] - com.reusableComponents.HighlightElement.run(findTestObject("Objects.Login/Login Page/div_Sign in to ISPS2-PROD-Verify")): NOT_RUN: com.reusableComponents.HighlightElement.run(findTestObject("Objects.Login/Login Page/div_Sign in to ISPS2-PROD-Verify"))&#xD;
&#xD;
2019-09-06 17:48:18 - [MESSAGE][NOT_RUN] - NOT_RUN: com.reusableComponents.HighlightElement.run(findTestObject("Objects.Login/Login Page/div_Sign in to ISPS2-PROD-Verify"))&#xD;
&#xD;
2019-09-06 17:48:18 - [TEST_STEP][NOT_RUN] - com.reusableComponents.HighlightElement.run(findTestObject("Objects.Login/Login Page/input_Sign in to ISPS2-PROD-Verify_username")): NOT_RUN: com.reusableComponents.HighlightElement.run(findTestObject("Objects.Login/Login Page/input_Sign in to ISPS2-PROD-Verify_username"))&#xD;
&#xD;
2019-09-06 17:48:18 - [MESSAGE][NOT_RUN] - NOT_RUN: com.reusableComponents.HighlightElement.run(findTestObject("Objects.Login/Login Page/input_Sign in to ISPS2-PROD-Verify_username"))&#xD;
&#xD;
2019-09-06 17:48:18 - [TEST_STEP][PASSED] - setText(findTestObject("Objects.Login/Login Page/input_Sign in to ISPS2-PROD-Verify_username"), Username): Text 'sysadmin' is set on object 'Object Repository/Objects.Login/Login Page/input_Sign in to ISPS2-PROD-Verify_username'&#xD;
&#xD;
2019-09-06 17:48:18 - [MESSAGE][PASSED] - Text 'sysadmin' is set on object 'Object Repository/Objects.Login/Login Page/input_Sign in to ISPS2-PROD-Verify_username'&#xD;
&#xD;
2019-09-06 17:48:18 - [TEST_STEP][NOT_RUN] - com.reusableComponents.HighlightElement.run(findTestObject("Objects.Login/Login Page/input_This field is required_password")): NOT_RUN: com.reusableComponents.HighlightElement.run(findTestObject("Objects.Login/Login Page/input_This field is required_password"))&#xD;
&#xD;
2019-09-06 17:48:18 - [MESSAGE][NOT_RUN] - NOT_RUN: com.reusableComponents.HighlightElement.run(findTestObject("Objects.Login/Login Page/input_This field is required_password"))&#xD;
&#xD;
2019-09-06 17:48:18 - [TEST_STEP][PASSED] - setEncryptedText(findTestObject("Objects.Login/Login Page/input_This field is required_password"), Password): Text ****** has been set on object 'Object Repository/Objects.Login/Login Page/input_This field is required_password'&#xD;
&#xD;
2019-09-06 17:48:18 - [MESSAGE][PASSED] - Text ****** has been set on object 'Object Repository/Objects.Login/Login Page/input_This field is required_password'&#xD;
&#xD;
2019-09-06 17:48:18 - [TEST_STEP][NOT_RUN] - com.reusableComponents.HighlightElement.run(findTestObject("Objects.Login/Login Page/div_Sign in to ISPS2-PROD-Verify_NovaGoButton-1021")): NOT_RUN: com.reusableComponents.HighlightElement.run(findTestObject("Objects.Login/Login Page/div_Sign in to ISPS2-PROD-Verify_NovaGoButton-1021"))&#xD;
&#xD;
2019-09-06 17:48:18 - [MESSAGE][NOT_RUN] - NOT_RUN: com.reusableComponents.HighlightElement.run(findTestObject("Objects.Login/Login Page/div_Sign in to ISPS2-PROD-Verify_NovaGoButton-1021"))&#xD;
&#xD;
2019-09-06 17:48:18 - [TEST_STEP][PASSED] - click(findTestObject("Objects.Login/Login Page/div_Sign in to ISPS2-PROD-Verify_NovaGoButton-1021"), OPTIONAL): Object: 'Object Repository/Objects.Login/Login Page/div_Sign in to ISPS2-PROD-Verify_NovaGoButton-1021' is clicked on&#xD;
&#xD;
2019-09-06 17:48:19 - [MESSAGE][PASSED] - Object: 'Object Repository/Objects.Login/Login Page/div_Sign in to ISPS2-PROD-Verify_NovaGoButton-1021' is clicked on&#xD;
&#xD;
2019-09-06 17:48:19 - [TEST_STEP][NOT_RUN] - sendKeys(findTestObject("Objects.Login/Login Page/input_This field is required_password"), Keys.chord(ENTER), OPTIONAL): NOT_RUN: sendKeys(findTestObject("Objects.Login/Login Page/input_This field is required_password"), Keys.chord(ENTER), OPTIONAL)&#xD;
&#xD;
2019-09-06 17:48:19 - [MESSAGE][NOT_RUN] - NOT_RUN: sendKeys(findTestObject("Objects.Login/Login Page/input_This field is required_password"), Keys.chord(ENTER), OPTIONAL)&#xD;
&#xD;
2019-09-06 17:48:19 - [TEST_STEP][PASSED] - waitForPageLoad(30): Wait for page load successfully&#xD;
&#xD;
2019-09-06 17:48:19 - [MESSAGE][PASSED] - Wait for page load successfully&#xD;
&#xD;
2019-09-06 17:48:19 - [TEST_STEP][NOT_RUN] - verifyElementVisible(findTestObject("Objects.Login/Dashboard/a_ISPS2-PROD-Verify"), OPTIONAL): NOT_RUN: verifyElementVisible(findTestObject("Objects.Login/Dashboard/a_ISPS2-PROD-Verify"), OPTIONAL)&#xD;
&#xD;
2019-09-06 17:48:19 - [MESSAGE][NOT_RUN] - NOT_RUN: verifyElementVisible(findTestObject("Objects.Login/Dashboard/a_ISPS2-PROD-Verify"), OPTIONAL)&#xD;
&#xD;
2019-09-06 17:48:19 - [MESSAGE][PASSED] - Call Test Case 'Test Cases/Components/Login' successfully&#xD;
&#xD;
2019-09-06 17:48:19 - [TEST_STEP][PASSED] - callTestCase(findTestCase("Components/NavigateToDashboard"), [:], STOP_ON_FAILURE): Call Test Case 'Test Cases/Components/NavigateToDashboard' successfully&#xD;
&#xD;
2019-09-06 17:48:19 - [TEST_CASE][PASSED] - Test Cases/Components/NavigateToDashboard: Test Cases/Components/NavigateToDashboard&#xD;
&#xD;
2019-09-06 17:48:19 - [TEST_STEP][PASSED] - click(findTestObject("Objects.NavigateToDashboard/a_ISPS2-PROD-Verify")): Object: 'Object Repository/Objects.NavigateToDashboard/a_ISPS2-PROD-Verify' is clicked on&#xD;
&#xD;
2019-09-06 17:48:23 - [MESSAGE][PASSED] - Object: 'Object Repository/Objects.NavigateToDashboard/a_ISPS2-PROD-Verify' is clicked on&#xD;
&#xD;
2019-09-06 17:48:23 - [TEST_STEP][PASSED] - waitForPageLoad(30): Wait for page load successfully&#xD;
&#xD;
2019-09-06 17:48:23 - [MESSAGE][PASSED] - Wait for page load successfully&#xD;
&#xD;
2019-09-06 17:48:23 - [TEST_STEP][PASSED] - Thread.sleep(3000): null&#xD;
&#xD;
2019-09-06 17:48:26 - [TEST_STEP][PASSED] - verifyTextPresent("Loading search result. Please wait...", false, OPTIONAL): Text 'Loading search result. Please wait...' is present on page &#xD;
&#xD;
2019-09-06 17:48:27 - [MESSAGE][PASSED] - Text 'Loading search result. Please wait...' is present on page &#xD;
&#xD;
2019-09-06 17:48:27 - [TEST_STEP][PASSED] - waitForElementNotPresent(findTestObject("Objects.NavigateToDashboard/div_Loading search result Please wait"), 120): Web element with id: 'Object Repository/Objects.NavigateToDashboard/div_Loading search result Please wait' located by 'By.xpath: //div[@class = 'x-mask-msg-text' and (text() = 'Loading search result. Please wait...' or . = 'Loading search result. Please wait...')]' is not present after '120' second(s)&#xD;
&#xD;
2019-09-06 17:48:28 - [MESSAGE][PASSED] - Web element with id: 'Object Repository/Objects.NavigateToDashboard/div_Loading search result Please wait' located by 'By.xpath: //div[@class = 'x-mask-msg-text' and (text() = 'Loading search result. Please wait...' or . = 'Loading search result. Please wait...')]' is not present after '120' second(s)&#xD;
&#xD;
2019-09-06 17:48:28 - [TEST_STEP][PASSED] - Thread.sleep(3000): null&#xD;
&#xD;
2019-09-06 17:48:31 - [MESSAGE][PASSED] - Call Test Case 'Test Cases/Components/NavigateToDashboard' successfully&#xD;
&#xD;
2019-09-06 17:48:31 - [TEST_STEP][PASSED] - callTestCase(findTestCase("Components/SearchTask"), [:], STOP_ON_FAILURE): Call Test Case 'Test Cases/Components/SearchTask' successfully&#xD;
&#xD;
2019-09-06 17:48:31 - [TEST_CASE][PASSED] - Test Cases/Components/SearchTask: Test Cases/Components/SearchTask&#xD;
&#xD;
2019-09-06 17:48:31 - [TEST_STEP][PASSED] - Thread.sleep(3000): null&#xD;
&#xD;
2019-09-06 17:48:34 - [TEST_STEP][PASSED] - verifyElementPresent(findTestObject("Objects.SearchTask/Page_ISPS2/a_"), 0): Object 'Object Repository/Objects.SearchTask/Page_ISPS2/a_' is present&#xD;
&#xD;
2019-09-06 17:48:34 - [MESSAGE][WARNING] - Timeout '0' is invalid. Using default page load timeout: '30'&#xD;
&#xD;
2019-09-06 17:48:34 - [MESSAGE][PASSED] - Object 'Object Repository/Objects.SearchTask/Page_ISPS2/a_' is present&#xD;
&#xD;
2019-09-06 17:48:34 - [TEST_STEP][PASSED] - click(findTestObject("Objects.SearchTask/Page_ISPS2/a_")): Object: 'Object Repository/Objects.SearchTask/Page_ISPS2/a_' is clicked on&#xD;
&#xD;
2019-09-06 17:48:34 - [MESSAGE][PASSED] - Object: 'Object Repository/Objects.SearchTask/Page_ISPS2/a_' is clicked on&#xD;
&#xD;
2019-09-06 17:48:34 - [TEST_STEP][PASSED] - verifyElementVisible(findTestObject("Objects.SearchTask/Page_ISPS2/div_Saved Filter")): Object 'Object Repository/Objects.SearchTask/Page_ISPS2/div_Saved Filter' is visible&#xD;
&#xD;
2019-09-06 17:48:34 - [MESSAGE][PASSED] - Object 'Object Repository/Objects.SearchTask/Page_ISPS2/div_Saved Filter' is visible&#xD;
&#xD;
2019-09-06 17:48:34 - [TEST_STEP][PASSED] - Thread.sleep(3000): null&#xD;
&#xD;
2019-09-06 17:48:37 - [TEST_STEP][PASSED] - click(findTestObject("Objects.SearchTask/Page_ISPS2/span_Reset")): Object: 'Object Repository/Objects.SearchTask/Page_ISPS2/span_Reset' is clicked on&#xD;
&#xD;
2019-09-06 17:48:38 - [MESSAGE][PASSED] - Object: 'Object Repository/Objects.SearchTask/Page_ISPS2/span_Reset' is clicked on&#xD;
&#xD;
2019-09-06 17:48:38 - [TEST_STEP][PASSED] - com.reusableComponents.HighlightElement.run(findTestObject("Objects.SearchTask/Page_ISPS2/input_Task Description_searchCriteriaPojotaskDescription")): com.reusableComponents.HighlightElement.run is PASSED&#xD;
&#xD;
2019-09-06 17:48:38 - [MESSAGE][PASSED] - com.reusableComponents.HighlightElement.run is PASSED&#xD;
&#xD;
2019-09-06 17:48:38 - [TEST_STEP][PASSED] - setText(findTestObject("Objects.SearchTask/Page_ISPS2/input_Task Description_searchCriteriaPojotaskDescription"), "Process Temporary Building Permit"): Text 'Process Temporary Building Permit' is set on object 'Object Repository/Objects.SearchTask/Page_ISPS2/input_Task Description_searchCriteriaPojotaskDescription'&#xD;
&#xD;
2019-09-06 17:48:39 - [MESSAGE][PASSED] - Text 'Process Temporary Building Permit' is set on object 'Object Repository/Objects.SearchTask/Page_ISPS2/input_Task Description_searchCriteriaPojotaskDescription'&#xD;
&#xD;
2019-09-06 17:48:39 - [TEST_STEP][PASSED] - Thread.sleep(1000): null&#xD;
&#xD;
2019-09-06 17:48:40 - [TEST_STEP][PASSED] - click(findTestObject("Objects.SearchTask/Page_ISPS2/div_Process Temporary Building Permit")): Object: 'Object Repository/Objects.SearchTask/Page_ISPS2/div_Process Temporary Building Permit' is clicked on&#xD;
&#xD;
2019-09-06 17:48:40 - [MESSAGE][PASSED] - Object: 'Object Repository/Objects.SearchTask/Page_ISPS2/div_Process Temporary Building Permit' is clicked on&#xD;
&#xD;
2019-09-06 17:48:40 - [TEST_STEP][PASSED] - com.reusableComponents.HighlightElement.run(findTestObject("Objects.SearchTask/Page_ISPS2/span_Search")): com.reusableComponents.HighlightElement.run is PASSED&#xD;
&#xD;
2019-09-06 17:48:40 - [MESSAGE][PASSED] - com.reusableComponents.HighlightElement.run is PASSED&#xD;
&#xD;
2019-09-06 17:48:40 - [TEST_STEP][PASSED] - click(findTestObject("Objects.SearchTask/Page_ISPS2/span_Search")): Object: 'Object Repository/Objects.SearchTask/Page_ISPS2/span_Search' is clicked on&#xD;
&#xD;
2019-09-06 17:48:41 - [MESSAGE][PASSED] - Object: 'Object Repository/Objects.SearchTask/Page_ISPS2/span_Search' is clicked on&#xD;
&#xD;
2019-09-06 17:48:41 - [TEST_STEP][PASSED] - Thread.sleep(500): null&#xD;
&#xD;
2019-09-06 17:48:41 - [TEST_STEP][PASSED] - waitForElementNotPresent(findTestObject("Objects.SearchTask/Page_ISPS2/div_Loading search result Please wait"), 120, STOP_ON_FAILURE): Web element with id: 'Object Repository/Objects.SearchTask/Page_ISPS2/div_Loading search result Please wait' located by 'By.xpath: //div[@class = 'x-mask-msg-text' and (text() = 'Loading search result. Please wait...' or . = 'Loading search result. Please wait...')]' is not present after '120' second(s)&#xD;
&#xD;
2019-09-06 17:48:42 - [MESSAGE][PASSED] - Web element with id: 'Object Repository/Objects.SearchTask/Page_ISPS2/div_Loading search result Please wait' located by 'By.xpath: //div[@class = 'x-mask-msg-text' and (text() = 'Loading search result. Please wait...' or . = 'Loading search result. Please wait...')]' is not present after '120' second(s)&#xD;
&#xD;
2019-09-06 17:48:42 - [TEST_STEP][PASSED] - Thread.sleep(2000): null&#xD;
&#xD;
2019-09-06 17:48:44 - [TEST_STEP][PASSED] - scrollToElement(findTestObject("Objects.SearchTask/Page_ISPS2/a_Process Temporary Building Permit"), 0): Scroll to object 'Object Repository/Objects.SearchTask/Page_ISPS2/a_Process Temporary Building Permit' successfully&#xD;
&#xD;
2019-09-06 17:48:44 - [MESSAGE][WARNING] - Timeout '0' is invalid. Using default page load timeout: '30'&#xD;
&#xD;
2019-09-06 17:48:44 - [MESSAGE][PASSED] - Scroll to object 'Object Repository/Objects.SearchTask/Page_ISPS2/a_Process Temporary Building Permit' successfully&#xD;
&#xD;
2019-09-06 17:48:44 - [TEST_STEP][PASSED] - com.reusableComponents.HighlightElement.run(findTestObject("Objects.SearchTask/Page_ISPS2/a_Process Temporary Building Permit")): com.reusableComponents.HighlightElement.run is PASSED&#xD;
&#xD;
2019-09-06 17:48:44 - [MESSAGE][PASSED] - com.reusableComponents.HighlightElement.run is PASSED&#xD;
&#xD;
2019-09-06 17:48:44 - [TEST_STEP][PASSED] - click(findTestObject("Objects.SearchTask/Page_ISPS2/a_Process Temporary Building Permit")): Object: 'Object Repository/Objects.SearchTask/Page_ISPS2/a_Process Temporary Building Permit' is clicked on&#xD;
&#xD;
2019-09-06 17:48:44 - [MESSAGE][PASSED] - Object: 'Object Repository/Objects.SearchTask/Page_ISPS2/a_Process Temporary Building Permit' is clicked on&#xD;
&#xD;
2019-09-06 17:48:44 - [TEST_STEP][PASSED] - Thread.sleep(500): null&#xD;
&#xD;
2019-09-06 17:48:45 - [TEST_STEP][PASSED] - waitForElementPresent(findTestObject("Objects.SearchTask/Page_ISPS2/div_Process Temporary Building Permit_LandingPage"), 120): Object 'Object Repository/Objects.SearchTask/Page_ISPS2/div_Process Temporary Building Permit_LandingPage' is present&#xD;
&#xD;
2019-09-06 17:48:47 - [MESSAGE][PASSED] - Object 'Object Repository/Objects.SearchTask/Page_ISPS2/div_Process Temporary Building Permit_LandingPage' is present&#xD;
&#xD;
2019-09-06 17:48:47 - [TEST_STEP][PASSED] - Thread.sleep(3000): null&#xD;
&#xD;
2019-09-06 17:48:50 - [MESSAGE][PASSED] - Call Test Case 'Test Cases/Components/SearchTask' successfully&#xD;
&#xD;
2019-09-06 17:48:50 - [TEST_STEP][FAILED] - callTestCase(findTestCase("Components/NavigateToAnyLHS"), ["LHS":"Owner of the Premises"], STOP_ON_FAILURE): Unable to call Test Case 'Test Cases/Components/NavigateToAnyLHS' (Root cause: com.kms.katalon.core.exception.StepFailedException: Call Test Case 'Test Cases/Components/NavigateToAnyLHS' failed&#xD;
	at com.kms.katalon.core.keyword.builtin.CallTestCaseKeyword$_callTestCase_closure1.doCall(CallTestCaseKeyword.groovy:63)&#xD;
	at com.kms.katalon.core.keyword.builtin.CallTestCaseKeyword$_callTestCase_closure1.call(CallTestCaseKeyword.groovy)&#xD;
	at com.kms.katalon.core.keyword.internal.KeywordMain.runKeyword(KeywordMain.groovy:68)&#xD;
	at com.kms.katalon.core.keyword.builtin.CallTestCaseKeyword.callTestCase(CallTestCaseKeyword.groovy:81)&#xD;
	at com.kms.katalon.core.keyword.builtin.CallTestCaseKeyword.execute(CallTestCaseKeyword.groovy:44)&#xD;
	at com.kms.katalon.core.keyword.internal.KeywordExecutor.executeKeywordForPlatform(KeywordExecutor.groovy:56)&#xD;
	at com.kms.katalon.core.keyword.BuiltinKeywords.callTestCase(BuiltinKeywords.groovy:334)&#xD;
	at SmokeTesting.OwnerOfThePremises.run(SmokeTesting.OwnerOfThePremises:23)&#xD;
	at com.kms.katalon.core.main.ScriptEngine.run(ScriptEngine.java:194)&#xD;
	at com.kms.katalon.core.main.ScriptEngine.runScriptAsRawText(ScriptEngine.java:119)&#xD;
	at com.kms.katalon.core.main.TestCaseExecutor.runScript(TestCaseExecutor.java:337)&#xD;
	at com.kms.katalon.core.main.TestCaseExecutor.doExecute(TestCaseExecutor.java:328)&#xD;
	at com.kms.katalon.core.main.TestCaseExecutor.processExecutionPhase(TestCaseExecutor.java:307)&#xD;
	at com.kms.katalon.core.main.TestCaseExecutor.accessMainPhase(TestCaseExecutor.java:299)&#xD;
	at com.kms.katalon.core.main.TestCaseExecutor.execute(TestCaseExecutor.java:233)&#xD;
	at com.kms.katalon.core.main.TestSuiteExecutor.accessTestCaseMainPhase(TestSuiteExecutor.java:133)&#xD;
	at com.kms.katalon.core.main.TestSuiteExecutor.accessTestSuiteMainPhase(TestSuiteExecutor.java:116)&#xD;
	at com.kms.katalon.core.main.TestSuiteExecutor.execute(TestSuiteExecutor.java:83)&#xD;
	at com.kms.katalon.core.main.TestCaseMain.startTestSuite(TestCaseMain.java:157)&#xD;
	at com.kms.katalon.core.main.TestCaseMain$startTestSuite$0.call(Unknown Source)&#xD;
	at TempTestSuite1567762670011.run(TempTestSuite1567762670011.groovy:35)&#xD;
Caused by: com.kms.katalon.core.exception.StepFailedException: Unable to click on object 'Object Repository/Objects.NavigateToAnyLHS/Page_ISPS2/LHSToModify'&#xD;
	at com.kms.katalon.core.webui.keyword.internal.WebUIKeywordMain.stepFailed(WebUIKeywordMain.groovy:64)&#xD;
	at com.kms.katalon.core.webui.keyword.internal.WebUIKeywordMain.runKeyword(WebUIKeywordMain.groovy:26)&#xD;
	at com.kms.katalon.core.webui.keyword.builtin.ClickKeyword.click(ClickKeyword.groovy:86)&#xD;
	at com.kms.katalon.core.webui.keyword.builtin.ClickKeyword.execute(ClickKeyword.groovy:67)&#xD;
	at com.kms.katalon.core.keyword.internal.KeywordExecutor.executeKeywordForPlatform(KeywordExecutor.groovy:56)&#xD;
	at com.kms.katalon.core.webui.keyword.WebUiBuiltInKeywords.click(WebUiBuiltInKeywords.groovy:616)&#xD;
	at com.kms.katalon.core.webui.keyword.WebUiBuiltInKeywords$click$6.call(Unknown Source)&#xD;
	at NavigateToAnyLHS.run(NavigateToAnyLHS:24)&#xD;
	at com.kms.katalon.core.main.ScriptEngine.run(ScriptEngine.java:194)&#xD;
	at com.kms.katalon.core.main.ScriptEngine.runScriptAsRawText(ScriptEngine.java:119)&#xD;
	at com.kms.katalon.core.main.TestCaseExecutor.runScript(TestCaseExecutor.java:337)&#xD;
	at com.kms.katalon.core.main.TestCaseExecutor.doExecute(TestCaseExecutor.java:328)&#xD;
	at com.kms.katalon.core.main.TestCaseExecutor.processExecutionPhase(TestCaseExecutor.java:307)&#xD;
	at com.kms.katalon.core.main.TestCaseExecutor.accessMainPhase(TestCaseExecutor.java:299)&#xD;
	at com.kms.katalon.core.main.TestCaseExecutor.execute(TestCaseExecutor.java:233)&#xD;
	at com.kms.katalon.core.main.TestCaseMain.runTestCase(TestCaseMain.java:114)&#xD;
	at com.kms.katalon.core.keyword.builtin.CallTestCaseKeyword$_callTestCase_closure1.doCall(CallTestCaseKeyword.groovy:59)&#xD;
	... 20 more&#xD;
Caused by: com.kms.katalon.core.webui.exception.WebElementNotFoundException: Web element with id: 'Object Repository/Objects.NavigateToAnyLHS/Page_ISPS2/LHSToModify' located by 'By.xpath: //div[@class = 'x-component x-unselectable x-box-item x-ltr x-component-default' and (text() = 'Owner of the Premises' or . = 'Owner of the Premises')]' not found&#xD;
	at com.kms.katalon.core.webui.common.WebUiCommonHelper.findWebElement(WebUiCommonHelper.java:1097)&#xD;
	at com.kms.katalon.core.webui.keyword.internal.WebUIAbstractKeyword.findWebElement(WebUIAbstractKeyword.groovy:27)&#xD;
	at com.kms.katalon.core.webui.keyword.internal.WebUIAbstractKeyword.findWebElement(WebUIAbstractKeyword.groovy:26)&#xD;
	at com.kms.katalon.core.webui.keyword.builtin.ClickKeyword$_click_closure1.doCall(ClickKeyword.groovy:77)&#xD;
	at com.kms.katalon.core.webui.keyword.builtin.ClickKeyword$_click_closure1.call(ClickKeyword.groovy)&#xD;
	at com.kms.katalon.core.webui.keyword.internal.WebUIKeywordMain.runKeyword(WebUIKeywordMain.groovy:20)&#xD;
	... 35 more&#xD;
)&#xD;
&#xD;
2019-09-06 17:48:50 - [TEST_CASE][FAILED] - Test Cases/Components/NavigateToAnyLHS: Test Cases/Components/NavigateToAnyLHS FAILED.
Reason:
com.kms.katalon.core.exception.StepFailedException: Unable to click on object 'Object Repository/Objects.NavigateToAnyLHS/Page_ISPS2/LHSToModify'&#xD;
	at com.kms.katalon.core.webui.keyword.internal.WebUIKeywordMain.stepFailed(WebUIKeywordMain.groovy:64)&#xD;
	at com.kms.katalon.core.webui.keyword.internal.WebUIKeywordMain.runKeyword(WebUIKeywordMain.groovy:26)&#xD;
	at com.kms.katalon.core.webui.keyword.builtin.ClickKeyword.click(ClickKeyword.groovy:86)&#xD;
	at com.kms.katalon.core.webui.keyword.builtin.ClickKeyword.execute(ClickKeyword.groovy:67)&#xD;
	at com.kms.katalon.core.keyword.internal.KeywordExecutor.executeKeywordForPlatform(KeywordExecutor.groovy:56)&#xD;
	at com.kms.katalon.core.webui.keyword.WebUiBuiltInKeywords.click(WebUiBuiltInKeywords.groovy:616)&#xD;
	at com.kms.katalon.core.webui.keyword.WebUiBuiltInKeywords$click$6.call(Unknown Source)&#xD;
	at NavigateToAnyLHS.run(NavigateToAnyLHS:24)&#xD;
	at com.kms.katalon.core.main.ScriptEngine.run(ScriptEngine.java:194)&#xD;
	at com.kms.katalon.core.main.ScriptEngine.runScriptAsRawText(ScriptEngine.java:119)&#xD;
	at com.kms.katalon.core.main.TestCaseExecutor.runScript(TestCaseExecutor.java:337)&#xD;
	at com.kms.katalon.core.main.TestCaseExecutor.doExecute(TestCaseExecutor.java:328)&#xD;
	at com.kms.katalon.core.main.TestCaseExecutor.processExecutionPhase(TestCaseExecutor.java:307)&#xD;
	at com.kms.katalon.core.main.TestCaseExecutor.accessMainPhase(TestCaseExecutor.java:299)&#xD;
	at com.kms.katalon.core.main.TestCaseExecutor.execute(TestCaseExecutor.java:233)&#xD;
	at com.kms.katalon.core.main.TestCaseMain.runTestCase(TestCaseMain.java:114)&#xD;
	at com.kms.katalon.core.keyword.builtin.CallTestCaseKeyword$_callTestCase_closure1.doCall(CallTestCaseKeyword.groovy:59)&#xD;
	at com.kms.katalon.core.keyword.builtin.CallTestCaseKeyword$_callTestCase_closure1.call(CallTestCaseKeyword.groovy)&#xD;
	at com.kms.katalon.core.keyword.internal.KeywordMain.runKeyword(KeywordMain.groovy:68)&#xD;
	at com.kms.katalon.core.keyword.builtin.CallTestCaseKeyword.callTestCase(CallTestCaseKeyword.groovy:81)&#xD;
	at com.kms.katalon.core.keyword.builtin.CallTestCaseKeyword.execute(CallTestCaseKeyword.groovy:44)&#xD;
	at com.kms.katalon.core.keyword.internal.KeywordExecutor.executeKeywordForPlatform(KeywordExecutor.groovy:56)&#xD;
	at com.kms.katalon.core.keyword.BuiltinKeywords.callTestCase(BuiltinKeywords.groovy:334)&#xD;
	at SmokeTesting.OwnerOfThePremises.run(SmokeTesting.OwnerOfThePremises:23)&#xD;
	at com.kms.katalon.core.main.ScriptEngine.run(ScriptEngine.java:194)&#xD;
	at com.kms.katalon.core.main.ScriptEngine.runScriptAsRawText(ScriptEngine.java:119)&#xD;
	at com.kms.katalon.core.main.TestCaseExecutor.runScript(TestCaseExecutor.java:337)&#xD;
	at com.kms.katalon.core.main.TestCaseExecutor.doExecute(TestCaseExecutor.java:328)&#xD;
	at com.kms.katalon.core.main.TestCaseExecutor.processExecutionPhase(TestCaseExecutor.java:307)&#xD;
	at com.kms.katalon.core.main.TestCaseExecutor.accessMainPhase(TestCaseExecutor.java:299)&#xD;
	at com.kms.katalon.core.main.TestCaseExecutor.execute(TestCaseExecutor.java:233)&#xD;
	at com.kms.katalon.core.main.TestSuiteExecutor.accessTestCaseMainPhase(TestSuiteExecutor.java:133)&#xD;
	at com.kms.katalon.core.main.TestSuiteExecutor.accessTestSuiteMainPhase(TestSuiteExecutor.java:116)&#xD;
	at com.kms.katalon.core.main.TestSuiteExecutor.execute(TestSuiteExecutor.java:83)&#xD;
	at com.kms.katalon.core.main.TestCaseMain.startTestSuite(TestCaseMain.java:157)&#xD;
	at com.kms.katalon.core.main.TestCaseMain$startTestSuite$0.call(Unknown Source)&#xD;
	at TempTestSuite1567762670011.run(TempTestSuite1567762670011.groovy:35)&#xD;
Caused by: com.kms.katalon.core.webui.exception.WebElementNotFoundException: Web element with id: 'Object Repository/Objects.NavigateToAnyLHS/Page_ISPS2/LHSToModify' located by 'By.xpath: //div[@class = 'x-component x-unselectable x-box-item x-ltr x-component-default' and (text() = 'Owner of the Premises' or . = 'Owner of the Premises')]' not found&#xD;
	at com.kms.katalon.core.webui.common.WebUiCommonHelper.findWebElement(WebUiCommonHelper.java:1097)&#xD;
	at com.kms.katalon.core.webui.keyword.internal.WebUIAbstractKeyword.findWebElement(WebUIAbstractKeyword.groovy:27)&#xD;
	at com.kms.katalon.core.webui.keyword.internal.WebUIAbstractKeyword.findWebElement(WebUIAbstractKeyword.groovy:26)&#xD;
	at com.kms.katalon.core.webui.keyword.builtin.ClickKeyword$_click_closure1.doCall(ClickKeyword.groovy:77)&#xD;
	at com.kms.katalon.core.webui.keyword.builtin.ClickKeyword$_click_closure1.call(ClickKeyword.groovy)&#xD;
	at com.kms.katalon.core.webui.keyword.internal.WebUIKeywordMain.runKeyword(WebUIKeywordMain.groovy:20)&#xD;
	... 35 more&#xD;
&#xD;
&#xD;
2019-09-06 17:48:50 - [TEST_STEP][PASSED] - Thread.sleep(1000): null&#xD;
&#xD;
2019-09-06 17:48:51 - [TEST_STEP][PASSED] - modifiedLHS = modifyObjectProperty(findTestObject("Objects.NavigateToAnyLHS/Page_ISPS2/LHSToModify"), "text", "equals", LHS, true): Modify property of object successfully&#xD;
&#xD;
2019-09-06 17:48:51 - [MESSAGE][PASSED] - Modify property of object successfully&#xD;
&#xD;
2019-09-06 17:48:51 - [TEST_STEP][FAILED] - click(modifiedLHS): Unable to click on object 'Object Repository/Objects.NavigateToAnyLHS/Page_ISPS2/LHSToModify' (Root cause: com.kms.katalon.core.exception.StepFailedException: Unable to click on object 'Object Repository/Objects.NavigateToAnyLHS/Page_ISPS2/LHSToModify'&#xD;
	at com.kms.katalon.core.webui.keyword.internal.WebUIKeywordMain.stepFailed(WebUIKeywordMain.groovy:64)&#xD;
	at com.kms.katalon.core.webui.keyword.internal.WebUIKeywordMain.runKeyword(WebUIKeywordMain.groovy:26)&#xD;
	at com.kms.katalon.core.webui.keyword.builtin.ClickKeyword.click(ClickKeyword.groovy:86)&#xD;
	at com.kms.katalon.core.webui.keyword.builtin.ClickKeyword.execute(ClickKeyword.groovy:67)&#xD;
	at com.kms.katalon.core.keyword.internal.KeywordExecutor.executeKeywordForPlatform(KeywordExecutor.groovy:56)&#xD;
	at com.kms.katalon.core.webui.keyword.WebUiBuiltInKeywords.click(WebUiBuiltInKeywords.groovy:616)&#xD;
	at com.kms.katalon.core.webui.keyword.WebUiBuiltInKeywords$click$6.call(Unknown Source)&#xD;
	at NavigateToAnyLHS.run(NavigateToAnyLHS:24)&#xD;
	at com.kms.katalon.core.main.ScriptEngine.run(ScriptEngine.java:194)&#xD;
	at com.kms.katalon.core.main.ScriptEngine.runScriptAsRawText(ScriptEngine.java:119)&#xD;
	at com.kms.katalon.core.main.TestCaseExecutor.runScript(TestCaseExecutor.java:337)&#xD;
	at com.kms.katalon.core.main.TestCaseExecutor.doExecute(TestCaseExecutor.java:328)&#xD;
	at com.kms.katalon.core.main.TestCaseExecutor.processExecutionPhase(TestCaseExecutor.java:307)&#xD;
	at com.kms.katalon.core.main.TestCaseExecutor.accessMainPhase(TestCaseExecutor.java:299)&#xD;
	at com.kms.katalon.core.main.TestCaseExecutor.execute(TestCaseExecutor.java:233)&#xD;
	at com.kms.katalon.core.main.TestCaseMain.runTestCase(TestCaseMain.java:114)&#xD;
	at com.kms.katalon.core.keyword.builtin.CallTestCaseKeyword$_callTestCase_closure1.doCall(CallTestCaseKeyword.groovy:59)&#xD;
	at com.kms.katalon.core.keyword.builtin.CallTestCaseKeyword$_callTestCase_closure1.call(CallTestCaseKeyword.groovy)&#xD;
	at com.kms.katalon.core.keyword.internal.KeywordMain.runKeyword(KeywordMain.groovy:68)&#xD;
	at com.kms.katalon.core.keyword.builtin.CallTestCaseKeyword.callTestCase(CallTestCaseKeyword.groovy:81)&#xD;
	at com.kms.katalon.core.keyword.builtin.CallTestCaseKeyword.execute(CallTestCaseKeyword.groovy:44)&#xD;
	at com.kms.katalon.core.keyword.internal.KeywordExecutor.executeKeywordForPlatform(KeywordExecutor.groovy:56)&#xD;
	at com.kms.katalon.core.keyword.BuiltinKeywords.callTestCase(BuiltinKeywords.groovy:334)&#xD;
	at SmokeTesting.OwnerOfThePremises.run(SmokeTesting.OwnerOfThePremises:23)&#xD;
	at com.kms.katalon.core.main.ScriptEngine.run(ScriptEngine.java:194)&#xD;
	at com.kms.katalon.core.main.ScriptEngine.runScriptAsRawText(ScriptEngine.java:119)&#xD;
	at com.kms.katalon.core.main.TestCaseExecutor.runScript(TestCaseExecutor.java:337)&#xD;
	at com.kms.katalon.core.main.TestCaseExecutor.doExecute(TestCaseExecutor.java:328)&#xD;
	at com.kms.katalon.core.main.TestCaseExecutor.processExecutionPhase(TestCaseExecutor.java:307)&#xD;
	at com.kms.katalon.core.main.TestCaseExecutor.accessMainPhase(TestCaseExecutor.java:299)&#xD;
	at com.kms.katalon.core.main.TestCaseExecutor.execute(TestCaseExecutor.java:233)&#xD;
	at com.kms.katalon.core.main.TestSuiteExecutor.accessTestCaseMainPhase(TestSuiteExecutor.java:133)&#xD;
	at com.kms.katalon.core.main.TestSuiteExecutor.accessTestSuiteMainPhase(TestSuiteExecutor.java:116)&#xD;
	at com.kms.katalon.core.main.TestSuiteExecutor.execute(TestSuiteExecutor.java:83)&#xD;
	at com.kms.katalon.core.main.TestCaseMain.startTestSuite(TestCaseMain.java:157)&#xD;
	at com.kms.katalon.core.main.TestCaseMain$startTestSuite$0.call(Unknown Source)&#xD;
	at TempTestSuite1567762670011.run(TempTestSuite1567762670011.groovy:35)&#xD;
Caused by: com.kms.katalon.core.webui.exception.WebElementNotFoundException: Web element with id: 'Object Repository/Objects.NavigateToAnyLHS/Page_ISPS2/LHSToModify' located by 'By.xpath: //div[@class = 'x-component x-unselectable x-box-item x-ltr x-component-default' and (text() = 'Owner of the Premises' or . = 'Owner of the Premises')]' not found&#xD;
	at com.kms.katalon.core.webui.common.WebUiCommonHelper.findWebElement(WebUiCommonHelper.java:1097)&#xD;
	at com.kms.katalon.core.webui.keyword.internal.WebUIAbstractKeyword.findWebElement(WebUIAbstractKeyword.groovy:27)&#xD;
	at com.kms.katalon.core.webui.keyword.internal.WebUIAbstractKeyword.findWebElement(WebUIAbstractKeyword.groovy:26)&#xD;
	at com.kms.katalon.core.webui.keyword.builtin.ClickKeyword$_click_closure1.doCall(ClickKeyword.groovy:77)&#xD;
	at com.kms.katalon.core.webui.keyword.builtin.ClickKeyword$_click_closure1.call(ClickKeyword.groovy)&#xD;
	at com.kms.katalon.core.webui.keyword.internal.WebUIKeywordMain.runKeyword(WebUIKeywordMain.groovy:20)&#xD;
	at com.kms.katalon.core.webui.keyword.builtin.ClickKeyword.click(ClickKeyword.groovy:86)&#xD;
	at com.kms.katalon.core.webui.keyword.builtin.ClickKeyword.execute(ClickKeyword.groovy:67)&#xD;
	at com.kms.katalon.core.keyword.internal.KeywordExecutor.executeKeywordForPlatform(KeywordExecutor.groovy:56)&#xD;
	at com.kms.katalon.core.webui.keyword.WebUiBuiltInKeywords.click(WebUiBuiltInKeywords.groovy:616)&#xD;
	at com.kms.katalon.core.webui.keyword.WebUiBuiltInKeywords$click$6.call(Unknown Source)&#xD;
	at Script1565337412228.run(Script1565337412228.groovy:24)&#xD;
	at com.kms.katalon.core.main.ScriptEngine.run(ScriptEngine.java:194)&#xD;
	at com.kms.katalon.core.main.ScriptEngine.runScriptAsRawText(ScriptEngine.java:119)&#xD;
	at com.kms.katalon.core.main.TestCaseExecutor.runScript(TestCaseExecutor.java:337)&#xD;
	at com.kms.katalon.core.main.TestCaseExecutor.doExecute(TestCaseExecutor.java:328)&#xD;
	at com.kms.katalon.core.main.TestCaseExecutor.processExecutionPhase(TestCaseExecutor.java:307)&#xD;
	at com.kms.katalon.core.main.TestCaseExecutor.accessMainPhase(TestCaseExecutor.java:299)&#xD;
	at com.kms.katalon.core.main.TestCaseExecutor.execute(TestCaseExecutor.java:233)&#xD;
	at com.kms.katalon.core.main.TestCaseMain.runTestCase(TestCaseMain.java:114)&#xD;
	at com.kms.katalon.core.keyword.builtin.CallTestCaseKeyword$_callTestCase_closure1.doCall(CallTestCaseKeyword.groovy:59)&#xD;
	at com.kms.katalon.core.keyword.builtin.CallTestCaseKeyword$_callTestCase_closure1.call(CallTestCaseKeyword.groovy)&#xD;
	at com.kms.katalon.core.keyword.internal.KeywordMain.runKeyword(KeywordMain.groovy:68)&#xD;
	at com.kms.katalon.core.keyword.builtin.CallTestCaseKeyword.callTestCase(CallTestCaseKeyword.groovy:81)&#xD;
	at com.kms.katalon.core.keyword.builtin.CallTestCaseKeyword.execute(CallTestCaseKeyword.groovy:44)&#xD;
	at com.kms.katalon.core.keyword.internal.KeywordExecutor.executeKeywordForPlatform(KeywordExecutor.groovy:56)&#xD;
	at com.kms.katalon.core.keyword.BuiltinKeywords.callTestCase(BuiltinKeywords.groovy:334)&#xD;
	at Script1565925961072.run(Script1565925961072.groovy:23)&#xD;
	... 13 more&#xD;
)&#xD;
&#xD;
2019-09-06 17:49:22 - [MESSAGE][INFO] - Unable to find the element located by 'By.xpath: //div[@class = 'x-component x-unselectable x-box-item x-ltr x-component-default' and (text() = 'Owner of the Premises' or . = 'Owner of the Premises')]'. Please recheck the objects properties to make sure the desired element is located. &#xD;
&#xD;
2019-09-06 17:49:22 - [MESSAGE][FAILED] - Unable to click on object 'Object Repository/Objects.NavigateToAnyLHS/Page_ISPS2/LHSToModify' (Root cause: com.kms.katalon.core.exception.StepFailedException: Unable to click on object 'Object Repository/Objects.NavigateToAnyLHS/Page_ISPS2/LHSToModify'&#xD;
	at com.kms.katalon.core.webui.keyword.internal.WebUIKeywordMain.stepFailed(WebUIKeywordMain.groovy:64)&#xD;
	at com.kms.katalon.core.webui.keyword.internal.WebUIKeywordMain.runKeyword(WebUIKeywordMain.groovy:26)&#xD;
	at com.kms.katalon.core.webui.keyword.builtin.ClickKeyword.click(ClickKeyword.groovy:86)&#xD;
	at com.kms.katalon.core.webui.keyword.builtin.ClickKeyword.execute(ClickKeyword.groovy:67)&#xD;
	at com.kms.katalon.core.keyword.internal.KeywordExecutor.executeKeywordForPlatform(KeywordExecutor.groovy:56)&#xD;
	at com.kms.katalon.core.webui.keyword.WebUiBuiltInKeywords.click(WebUiBuiltInKeywords.groovy:616)&#xD;
	at com.kms.katalon.core.webui.keyword.WebUiBuiltInKeywords$click$6.call(Unknown Source)&#xD;
	at NavigateToAnyLHS.run(NavigateToAnyLHS:24)&#xD;
	at com.kms.katalon.core.main.ScriptEngine.run(ScriptEngine.java:194)&#xD;
	at com.kms.katalon.core.main.ScriptEngine.runScriptAsRawText(ScriptEngine.java:119)&#xD;
	at com.kms.katalon.core.main.TestCaseExecutor.runScript(TestCaseExecutor.java:337)&#xD;
	at com.kms.katalon.core.main.TestCaseExecutor.doExecute(TestCaseExecutor.java:328)&#xD;
	at com.kms.katalon.core.main.TestCaseExecutor.processExecutionPhase(TestCaseExecutor.java:307)&#xD;
	at com.kms.katalon.core.main.TestCaseExecutor.accessMainPhase(TestCaseExecutor.java:299)&#xD;
	at com.kms.katalon.core.main.TestCaseExecutor.execute(TestCaseExecutor.java:233)&#xD;
	at com.kms.katalon.core.main.TestCaseMain.runTestCase(TestCaseMain.java:114)&#xD;
	at com.kms.katalon.core.keyword.builtin.CallTestCaseKeyword$_callTestCase_closure1.doCall(CallTestCaseKeyword.groovy:59)&#xD;
	at com.kms.katalon.core.keyword.builtin.CallTestCaseKeyword$_callTestCase_closure1.call(CallTestCaseKeyword.groovy)&#xD;
	at com.kms.katalon.core.keyword.internal.KeywordMain.runKeyword(KeywordMain.groovy:68)&#xD;
	at com.kms.katalon.core.keyword.builtin.CallTestCaseKeyword.callTestCase(CallTestCaseKeyword.groovy:81)&#xD;
	at com.kms.katalon.core.keyword.builtin.CallTestCaseKeyword.execute(CallTestCaseKeyword.groovy:44)&#xD;
	at com.kms.katalon.core.keyword.internal.KeywordExecutor.executeKeywordForPlatform(KeywordExecutor.groovy:56)&#xD;
	at com.kms.katalon.core.keyword.BuiltinKeywords.callTestCase(BuiltinKeywords.groovy:334)&#xD;
	at SmokeTesting.OwnerOfThePremises.run(SmokeTesting.OwnerOfThePremises:23)&#xD;
	at com.kms.katalon.core.main.ScriptEngine.run(ScriptEngine.java:194)&#xD;
	at com.kms.katalon.core.main.ScriptEngine.runScriptAsRawText(ScriptEngine.java:119)&#xD;
	at com.kms.katalon.core.main.TestCaseExecutor.runScript(TestCaseExecutor.java:337)&#xD;
	at com.kms.katalon.core.main.TestCaseExecutor.doExecute(TestCaseExecutor.java:328)&#xD;
	at com.kms.katalon.core.main.TestCaseExecutor.processExecutionPhase(TestCaseExecutor.java:307)&#xD;
	at com.kms.katalon.core.main.TestCaseExecutor.accessMainPhase(TestCaseExecutor.java:299)&#xD;
	at com.kms.katalon.core.main.TestCaseExecutor.execute(TestCaseExecutor.java:233)&#xD;
	at com.kms.katalon.core.main.TestSuiteExecutor.accessTestCaseMainPhase(TestSuiteExecutor.java:133)&#xD;
	at com.kms.katalon.core.main.TestSuiteExecutor.accessTestSuiteMainPhase(TestSuiteExecutor.java:116)&#xD;
	at com.kms.katalon.core.main.TestSuiteExecutor.execute(TestSuiteExecutor.java:83)&#xD;
	at com.kms.katalon.core.main.TestCaseMain.startTestSuite(TestCaseMain.java:157)&#xD;
	at com.kms.katalon.core.main.TestCaseMain$startTestSuite$0.call(Unknown Source)&#xD;
	at TempTestSuite1567762670011.run(TempTestSuite1567762670011.groovy:35)&#xD;
Caused by: com.kms.katalon.core.webui.exception.WebElementNotFoundException: Web element with id: 'Object Repository/Objects.NavigateToAnyLHS/Page_ISPS2/LHSToModify' located by 'By.xpath: //div[@class = 'x-component x-unselectable x-box-item x-ltr x-component-default' and (text() = 'Owner of the Premises' or . = 'Owner of the Premises')]' not found&#xD;
	at com.kms.katalon.core.webui.common.WebUiCommonHelper.findWebElement(WebUiCommonHelper.java:1097)&#xD;
	at com.kms.katalon.core.webui.keyword.internal.WebUIAbstractKeyword.findWebElement(WebUIAbstractKeyword.groovy:27)&#xD;
	at com.kms.katalon.core.webui.keyword.internal.WebUIAbstractKeyword.findWebElement(WebUIAbstractKeyword.groovy:26)&#xD;
	at com.kms.katalon.core.webui.keyword.builtin.ClickKeyword$_click_closure1.doCall(ClickKeyword.groovy:77)&#xD;
	at com.kms.katalon.core.webui.keyword.builtin.ClickKeyword$_click_closure1.call(ClickKeyword.groovy)&#xD;
	at com.kms.katalon.core.webui.keyword.internal.WebUIKeywordMain.runKeyword(WebUIKeywordMain.groovy:20)&#xD;
	at com.kms.katalon.core.webui.keyword.builtin.ClickKeyword.click(ClickKeyword.groovy:86)&#xD;
	at com.kms.katalon.core.webui.keyword.builtin.ClickKeyword.execute(ClickKeyword.groovy:67)&#xD;
	at com.kms.katalon.core.keyword.internal.KeywordExecutor.executeKeywordForPlatform(KeywordExecutor.groovy:56)&#xD;
	at com.kms.katalon.core.webui.keyword.WebUiBuiltInKeywords.click(WebUiBuiltInKeywords.groovy:616)&#xD;
	at com.kms.katalon.core.webui.keyword.WebUiBuiltInKeywords$click$6.call(Unknown Source)&#xD;
	at Script1565337412228.run(Script1565337412228.groovy:24)&#xD;
	at com.kms.katalon.core.main.ScriptEngine.run(ScriptEngine.java:194)&#xD;
	at com.kms.katalon.core.main.ScriptEngine.runScriptAsRawText(ScriptEngine.java:119)&#xD;
	at com.kms.katalon.core.main.TestCaseExecutor.runScript(TestCaseExecutor.java:337)&#xD;
	at com.kms.katalon.core.main.TestCaseExecutor.doExecute(TestCaseExecutor.java:328)&#xD;
	at com.kms.katalon.core.main.TestCaseExecutor.processExecutionPhase(TestCaseExecutor.java:307)&#xD;
	at com.kms.katalon.core.main.TestCaseExecutor.accessMainPhase(TestCaseExecutor.java:299)&#xD;
	at com.kms.katalon.core.main.TestCaseExecutor.execute(TestCaseExecutor.java:233)&#xD;
	at com.kms.katalon.core.main.TestCaseMain.runTestCase(TestCaseMain.java:114)&#xD;
	at com.kms.katalon.core.keyword.builtin.CallTestCaseKeyword$_callTestCase_closure1.doCall(CallTestCaseKeyword.groovy:59)&#xD;
	at com.kms.katalon.core.keyword.builtin.CallTestCaseKeyword$_callTestCase_closure1.call(CallTestCaseKeyword.groovy)&#xD;
	at com.kms.katalon.core.keyword.internal.KeywordMain.runKeyword(KeywordMain.groovy:68)&#xD;
	at com.kms.katalon.core.keyword.builtin.CallTestCaseKeyword.callTestCase(CallTestCaseKeyword.groovy:81)&#xD;
	at com.kms.katalon.core.keyword.builtin.CallTestCaseKeyword.execute(CallTestCaseKeyword.groovy:44)&#xD;
	at com.kms.katalon.core.keyword.internal.KeywordExecutor.executeKeywordForPlatform(KeywordExecutor.groovy:56)&#xD;
	at com.kms.katalon.core.keyword.BuiltinKeywords.callTestCase(BuiltinKeywords.groovy:334)&#xD;
	at Script1565925961072.run(Script1565925961072.groovy:23)&#xD;
	... 13 more&#xD;
)&#xD;
[[ATTACHMENT|C:\\Automation\\ISPS2 Automation\\Reports\\Smoke Testing Automated Regression Suite (STARS)\\20190906_173749\\1567763362585.png]]&#xD;
&#xD;
2019-09-06 17:49:22 - [MESSAGE][FAILED] - Unable to call Test Case 'Test Cases/Components/NavigateToAnyLHS' (Root cause: com.kms.katalon.core.exception.StepFailedException: Call Test Case 'Test Cases/Components/NavigateToAnyLHS' failed&#xD;
	at com.kms.katalon.core.keyword.builtin.CallTestCaseKeyword$_callTestCase_closure1.doCall(CallTestCaseKeyword.groovy:63)&#xD;
	at com.kms.katalon.core.keyword.builtin.CallTestCaseKeyword$_callTestCase_closure1.call(CallTestCaseKeyword.groovy)&#xD;
	at com.kms.katalon.core.keyword.internal.KeywordMain.runKeyword(KeywordMain.groovy:68)&#xD;
	at com.kms.katalon.core.keyword.builtin.CallTestCaseKeyword.callTestCase(CallTestCaseKeyword.groovy:81)&#xD;
	at com.kms.katalon.core.keyword.builtin.CallTestCaseKeyword.execute(CallTestCaseKeyword.groovy:44)&#xD;
	at com.kms.katalon.core.keyword.internal.KeywordExecutor.executeKeywordForPlatform(KeywordExecutor.groovy:56)&#xD;
	at com.kms.katalon.core.keyword.BuiltinKeywords.callTestCase(BuiltinKeywords.groovy:334)&#xD;
	at SmokeTesting.OwnerOfThePremises.run(SmokeTesting.OwnerOfThePremises:23)&#xD;
	at com.kms.katalon.core.main.ScriptEngine.run(ScriptEngine.java:194)&#xD;
	at com.kms.katalon.core.main.ScriptEngine.runScriptAsRawText(ScriptEngine.java:119)&#xD;
	at com.kms.katalon.core.main.TestCaseExecutor.runScript(TestCaseExecutor.java:337)&#xD;
	at com.kms.katalon.core.main.TestCaseExecutor.doExecute(TestCaseExecutor.java:328)&#xD;
	at com.kms.katalon.core.main.TestCaseExecutor.processExecutionPhase(TestCaseExecutor.java:307)&#xD;
	at com.kms.katalon.core.main.TestCaseExecutor.accessMainPhase(TestCaseExecutor.java:299)&#xD;
	at com.kms.katalon.core.main.TestCaseExecutor.execute(TestCaseExecutor.java:233)&#xD;
	at com.kms.katalon.core.main.TestSuiteExecutor.accessTestCaseMainPhase(TestSuiteExecutor.java:133)&#xD;
	at com.kms.katalon.core.main.TestSuiteExecutor.accessTestSuiteMainPhase(TestSuiteExecutor.java:116)&#xD;
	at com.kms.katalon.core.main.TestSuiteExecutor.execute(TestSuiteExecutor.java:83)&#xD;
	at com.kms.katalon.core.main.TestCaseMain.startTestSuite(TestCaseMain.java:157)&#xD;
	at com.kms.katalon.core.main.TestCaseMain$startTestSuite$0.call(Unknown Source)&#xD;
	at TempTestSuite1567762670011.run(TempTestSuite1567762670011.groovy:35)&#xD;
Caused by: com.kms.katalon.core.exception.StepFailedException: Unable to click on object 'Object Repository/Objects.NavigateToAnyLHS/Page_ISPS2/LHSToModify'&#xD;
	at com.kms.katalon.core.webui.keyword.internal.WebUIKeywordMain.stepFailed(WebUIKeywordMain.groovy:64)&#xD;
	at com.kms.katalon.core.webui.keyword.internal.WebUIKeywordMain.runKeyword(WebUIKeywordMain.groovy:26)&#xD;
	at com.kms.katalon.core.webui.keyword.builtin.ClickKeyword.click(ClickKeyword.groovy:86)&#xD;
	at com.kms.katalon.core.webui.keyword.builtin.ClickKeyword.execute(ClickKeyword.groovy:67)&#xD;
	at com.kms.katalon.core.keyword.internal.KeywordExecutor.executeKeywordForPlatform(KeywordExecutor.groovy:56)&#xD;
	at com.kms.katalon.core.webui.keyword.WebUiBuiltInKeywords.click(WebUiBuiltInKeywords.groovy:616)&#xD;
	at com.kms.katalon.core.webui.keyword.WebUiBuiltInKeywords$click$6.call(Unknown Source)&#xD;
	at NavigateToAnyLHS.run(NavigateToAnyLHS:24)&#xD;
	at com.kms.katalon.core.main.ScriptEngine.run(ScriptEngine.java:194)&#xD;
	at com.kms.katalon.core.main.ScriptEngine.runScriptAsRawText(ScriptEngine.java:119)&#xD;
	at com.kms.katalon.core.main.TestCaseExecutor.runScript(TestCaseExecutor.java:337)&#xD;
	at com.kms.katalon.core.main.TestCaseExecutor.doExecute(TestCaseExecutor.java:328)&#xD;
	at com.kms.katalon.core.main.TestCaseExecutor.processExecutionPhase(TestCaseExecutor.java:307)&#xD;
	at com.kms.katalon.core.main.TestCaseExecutor.accessMainPhase(TestCaseExecutor.java:299)&#xD;
	at com.kms.katalon.core.main.TestCaseExecutor.execute(TestCaseExecutor.java:233)&#xD;
	at com.kms.katalon.core.main.TestCaseMain.runTestCase(TestCaseMain.java:114)&#xD;
	at com.kms.katalon.core.keyword.builtin.CallTestCaseKeyword$_callTestCase_closure1.doCall(CallTestCaseKeyword.groovy:59)&#xD;
	... 20 more&#xD;
Caused by: com.kms.katalon.core.webui.exception.WebElementNotFoundException: Web element with id: 'Object Repository/Objects.NavigateToAnyLHS/Page_ISPS2/LHSToModify' located by 'By.xpath: //div[@class = 'x-component x-unselectable x-box-item x-ltr x-component-default' and (text() = 'Owner of the Premises' or . = 'Owner of the Premises')]' not found&#xD;
	at com.kms.katalon.core.webui.common.WebUiCommonHelper.findWebElement(WebUiCommonHelper.java:1097)&#xD;
	at com.kms.katalon.core.webui.keyword.internal.WebUIAbstractKeyword.findWebElement(WebUIAbstractKeyword.groovy:27)&#xD;
	at com.kms.katalon.core.webui.keyword.internal.WebUIAbstractKeyword.findWebElement(WebUIAbstractKeyword.groovy:26)&#xD;
	at com.kms.katalon.core.webui.keyword.builtin.ClickKeyword$_click_closure1.doCall(ClickKeyword.groovy:77)&#xD;
	at com.kms.katalon.core.webui.keyword.builtin.ClickKeyword$_click_closure1.call(ClickKeyword.groovy)&#xD;
	at com.kms.katalon.core.webui.keyword.internal.WebUIKeywordMain.runKeyword(WebUIKeywordMain.groovy:20)&#xD;
	... 35 more&#xD;
)</system-out>
            <system-err>2019-09-06 17:48:11 - [TEST_CASE][FAILED] - Test Cases/Smoke/TBP/SmokeTesting.OwnerOfThePremises: Test Cases/Smoke/TBP/SmokeTesting.OwnerOfThePremises FAILED.
Reason:
com.kms.katalon.core.exception.StepFailedException: Call Test Case 'Test Cases/Components/NavigateToAnyLHS' failed&#xD;
	at com.kms.katalon.core.keyword.builtin.CallTestCaseKeyword$_callTestCase_closure1.doCall(CallTestCaseKeyword.groovy:63)&#xD;
	at com.kms.katalon.core.keyword.builtin.CallTestCaseKeyword$_callTestCase_closure1.call(CallTestCaseKeyword.groovy)&#xD;
	at com.kms.katalon.core.keyword.internal.KeywordMain.runKeyword(KeywordMain.groovy:68)&#xD;
	at com.kms.katalon.core.keyword.builtin.CallTestCaseKeyword.callTestCase(CallTestCaseKeyword.groovy:81)&#xD;
	at com.kms.katalon.core.keyword.builtin.CallTestCaseKeyword.execute(CallTestCaseKeyword.groovy:44)&#xD;
	at com.kms.katalon.core.keyword.internal.KeywordExecutor.executeKeywordForPlatform(KeywordExecutor.groovy:56)&#xD;
	at com.kms.katalon.core.keyword.BuiltinKeywords.callTestCase(BuiltinKeywords.groovy:334)&#xD;
	at SmokeTesting.OwnerOfThePremises.run(SmokeTesting.OwnerOfThePremises:23)&#xD;
	at com.kms.katalon.core.main.ScriptEngine.run(ScriptEngine.java:194)&#xD;
	at com.kms.katalon.core.main.ScriptEngine.runScriptAsRawText(ScriptEngine.java:119)&#xD;
	at com.kms.katalon.core.main.TestCaseExecutor.runScript(TestCaseExecutor.java:337)&#xD;
	at com.kms.katalon.core.main.TestCaseExecutor.doExecute(TestCaseExecutor.java:328)&#xD;
	at com.kms.katalon.core.main.TestCaseExecutor.processExecutionPhase(TestCaseExecutor.java:307)&#xD;
	at com.kms.katalon.core.main.TestCaseExecutor.accessMainPhase(TestCaseExecutor.java:299)&#xD;
	at com.kms.katalon.core.main.TestCaseExecutor.execute(TestCaseExecutor.java:233)&#xD;
	at com.kms.katalon.core.main.TestSuiteExecutor.accessTestCaseMainPhase(TestSuiteExecutor.java:133)&#xD;
	at com.kms.katalon.core.main.TestSuiteExecutor.accessTestSuiteMainPhase(TestSuiteExecutor.java:116)&#xD;
	at com.kms.katalon.core.main.TestSuiteExecutor.execute(TestSuiteExecutor.java:83)&#xD;
	at com.kms.katalon.core.main.TestCaseMain.startTestSuite(TestCaseMain.java:157)&#xD;
	at com.kms.katalon.core.main.TestCaseMain$startTestSuite$0.call(Unknown Source)&#xD;
	at TempTestSuite1567762670011.run(TempTestSuite1567762670011.groovy:35)&#xD;
Caused by: com.kms.katalon.core.exception.StepFailedException: Unable to click on object 'Object Repository/Objects.NavigateToAnyLHS/Page_ISPS2/LHSToModify'&#xD;
	at com.kms.katalon.core.webui.keyword.internal.WebUIKeywordMain.stepFailed(WebUIKeywordMain.groovy:64)&#xD;
	at com.kms.katalon.core.webui.keyword.internal.WebUIKeywordMain.runKeyword(WebUIKeywordMain.groovy:26)&#xD;
	at com.kms.katalon.core.webui.keyword.builtin.ClickKeyword.click(ClickKeyword.groovy:86)&#xD;
	at com.kms.katalon.core.webui.keyword.builtin.ClickKeyword.execute(ClickKeyword.groovy:67)&#xD;
	at com.kms.katalon.core.keyword.internal.KeywordExecutor.executeKeywordForPlatform(KeywordExecutor.groovy:56)&#xD;
	at com.kms.katalon.core.webui.keyword.WebUiBuiltInKeywords.click(WebUiBuiltInKeywords.groovy:616)&#xD;
	at com.kms.katalon.core.webui.keyword.WebUiBuiltInKeywords$click$6.call(Unknown Source)&#xD;
	at NavigateToAnyLHS.run(NavigateToAnyLHS:24)&#xD;
	at com.kms.katalon.core.main.ScriptEngine.run(ScriptEngine.java:194)&#xD;
	at com.kms.katalon.core.main.ScriptEngine.runScriptAsRawText(ScriptEngine.java:119)&#xD;
	at com.kms.katalon.core.main.TestCaseExecutor.runScript(TestCaseExecutor.java:337)&#xD;
	at com.kms.katalon.core.main.TestCaseExecutor.doExecute(TestCaseExecutor.java:328)&#xD;
	at com.kms.katalon.core.main.TestCaseExecutor.processExecutionPhase(TestCaseExecutor.java:307)&#xD;
	at com.kms.katalon.core.main.TestCaseExecutor.accessMainPhase(TestCaseExecutor.java:299)&#xD;
	at com.kms.katalon.core.main.TestCaseExecutor.execute(TestCaseExecutor.java:233)&#xD;
	at com.kms.katalon.core.main.TestCaseMain.runTestCase(TestCaseMain.java:114)&#xD;
	at com.kms.katalon.core.keyword.builtin.CallTestCaseKeyword$_callTestCase_closure1.doCall(CallTestCaseKeyword.groovy:59)&#xD;
	... 20 more&#xD;
Caused by: com.kms.katalon.core.webui.exception.WebElementNotFoundException: Web element with id: 'Object Repository/Objects.NavigateToAnyLHS/Page_ISPS2/LHSToModify' located by 'By.xpath: //div[@class = 'x-component x-unselectable x-box-item x-ltr x-component-default' and (text() = 'Owner of the Premises' or . = 'Owner of the Premises')]' not found&#xD;
	at com.kms.katalon.core.webui.common.WebUiCommonHelper.findWebElement(WebUiCommonHelper.java:1097)&#xD;
	at com.kms.katalon.core.webui.keyword.internal.WebUIAbstractKeyword.findWebElement(WebUIAbstractKeyword.groovy:27)&#xD;
	at com.kms.katalon.core.webui.keyword.internal.WebUIAbstractKeyword.findWebElement(WebUIAbstractKeyword.groovy:26)&#xD;
	at com.kms.katalon.core.webui.keyword.builtin.ClickKeyword$_click_closure1.doCall(ClickKeyword.groovy:77)&#xD;
	at com.kms.katalon.core.webui.keyword.builtin.ClickKeyword$_click_closure1.call(ClickKeyword.groovy)&#xD;
	at com.kms.katalon.core.webui.keyword.internal.WebUIKeywordMain.runKeyword(WebUIKeywordMain.groovy:20)&#xD;
	... 35 more</system-err>
        </testcase>
        <testcase name="Test Cases/Smoke/TBP/SmokeTesting.CaseStagesLHS" classname="Test Cases/Smoke/TBP/SmokeTesting.CaseStagesLHS" status="PASSED">
            <system-out>2019-09-06 17:49:22 - [TEST_CASE][PASSED] - Test Cases/Smoke/TBP/SmokeTesting.CaseStagesLHS: Test Cases/Smoke/TBP/SmokeTesting.CaseStagesLHS&#xD;
&#xD;
2019-09-06 17:49:22 - [TEST_STEP][PASSED] - callTestCase(findTestCase("Components/Login"), ["Username":findTestData("Datatable").getValue("Username", 1), "Password":findTestData("Datatable").getValue("Password", 1)], STOP_ON_FAILURE): Call Test Case 'Test Cases/Components/Login' successfully&#xD;
&#xD;
2019-09-06 17:49:23 - [TEST_CASE][PASSED] - Test Cases/Components/Login: Test Cases/Components/Login&#xD;
&#xD;
2019-09-06 17:49:23 - [TEST_STEP][PASSED] - openBrowser(findTestData("Datatable").getValue("URL", 1)): Browser is opened with url: 'http://java03:3012/isps2-prod-verify/authnz/login.do'&#xD;
&#xD;
2019-09-06 17:49:23 - [MESSAGE][WARNING] - A browser is already opened. Closing browser and opening a new one&#xD;
&#xD;
2019-09-06 17:49:23 - [MESSAGE][INFO] - Starting 'Chrome' driver&#xD;
&#xD;
2019-09-06 17:49:30 - [MESSAGE][PASSED] - Browser is opened with url: 'http://java03:3012/isps2-prod-verify/authnz/login.do'&#xD;
&#xD;
2019-09-06 17:49:30 - [TEST_STEP][PASSED] - maximizeWindow(): Current window maximized&#xD;
&#xD;
2019-09-06 17:49:31 - [MESSAGE][PASSED] - Current window maximized&#xD;
&#xD;
2019-09-06 17:49:31 - [TEST_STEP][PASSED] - verifyTextPresent("Sign in to ISPS2-PROD-Verify", false): Text 'Sign in to ISPS2-PROD-Verify' is present on page &#xD;
&#xD;
2019-09-06 17:49:31 - [MESSAGE][PASSED] - Text 'Sign in to ISPS2-PROD-Verify' is present on page &#xD;
&#xD;
2019-09-06 17:49:31 - [TEST_STEP][NOT_RUN] - com.reusableComponents.HighlightElement.run(findTestObject("Objects.Login/Login Page/div_Sign in to ISPS2-PROD-Verify")): NOT_RUN: com.reusableComponents.HighlightElement.run(findTestObject("Objects.Login/Login Page/div_Sign in to ISPS2-PROD-Verify"))&#xD;
&#xD;
2019-09-06 17:49:31 - [MESSAGE][NOT_RUN] - NOT_RUN: com.reusableComponents.HighlightElement.run(findTestObject("Objects.Login/Login Page/div_Sign in to ISPS2-PROD-Verify"))&#xD;
&#xD;
2019-09-06 17:49:31 - [TEST_STEP][NOT_RUN] - com.reusableComponents.HighlightElement.run(findTestObject("Objects.Login/Login Page/input_Sign in to ISPS2-PROD-Verify_username")): NOT_RUN: com.reusableComponents.HighlightElement.run(findTestObject("Objects.Login/Login Page/input_Sign in to ISPS2-PROD-Verify_username"))&#xD;
&#xD;
2019-09-06 17:49:31 - [MESSAGE][NOT_RUN] - NOT_RUN: com.reusableComponents.HighlightElement.run(findTestObject("Objects.Login/Login Page/input_Sign in to ISPS2-PROD-Verify_username"))&#xD;
&#xD;
2019-09-06 17:49:31 - [TEST_STEP][PASSED] - setText(findTestObject("Objects.Login/Login Page/input_Sign in to ISPS2-PROD-Verify_username"), Username): Text 'sysadmin' is set on object 'Object Repository/Objects.Login/Login Page/input_Sign in to ISPS2-PROD-Verify_username'&#xD;
&#xD;
2019-09-06 17:49:31 - [MESSAGE][PASSED] - Text 'sysadmin' is set on object 'Object Repository/Objects.Login/Login Page/input_Sign in to ISPS2-PROD-Verify_username'&#xD;
&#xD;
2019-09-06 17:49:31 - [TEST_STEP][NOT_RUN] - com.reusableComponents.HighlightElement.run(findTestObject("Objects.Login/Login Page/input_This field is required_password")): NOT_RUN: com.reusableComponents.HighlightElement.run(findTestObject("Objects.Login/Login Page/input_This field is required_password"))&#xD;
&#xD;
2019-09-06 17:49:31 - [MESSAGE][NOT_RUN] - NOT_RUN: com.reusableComponents.HighlightElement.run(findTestObject("Objects.Login/Login Page/input_This field is required_password"))&#xD;
&#xD;
2019-09-06 17:49:31 - [TEST_STEP][PASSED] - setEncryptedText(findTestObject("Objects.Login/Login Page/input_This field is required_password"), Password): Text ****** has been set on object 'Object Repository/Objects.Login/Login Page/input_This field is required_password'&#xD;
&#xD;
2019-09-06 17:49:31 - [MESSAGE][PASSED] - Text ****** has been set on object 'Object Repository/Objects.Login/Login Page/input_This field is required_password'&#xD;
&#xD;
2019-09-06 17:49:31 - [TEST_STEP][NOT_RUN] - com.reusableComponents.HighlightElement.run(findTestObject("Objects.Login/Login Page/div_Sign in to ISPS2-PROD-Verify_NovaGoButton-1021")): NOT_RUN: com.reusableComponents.HighlightElement.run(findTestObject("Objects.Login/Login Page/div_Sign in to ISPS2-PROD-Verify_NovaGoButton-1021"))&#xD;
&#xD;
2019-09-06 17:49:31 - [MESSAGE][NOT_RUN] - NOT_RUN: com.reusableComponents.HighlightElement.run(findTestObject("Objects.Login/Login Page/div_Sign in to ISPS2-PROD-Verify_NovaGoButton-1021"))&#xD;
&#xD;
2019-09-06 17:49:31 - [TEST_STEP][PASSED] - click(findTestObject("Objects.Login/Login Page/div_Sign in to ISPS2-PROD-Verify_NovaGoButton-1021"), OPTIONAL): Object: 'Object Repository/Objects.Login/Login Page/div_Sign in to ISPS2-PROD-Verify_NovaGoButton-1021' is clicked on&#xD;
&#xD;
2019-09-06 17:49:32 - [MESSAGE][PASSED] - Object: 'Object Repository/Objects.Login/Login Page/div_Sign in to ISPS2-PROD-Verify_NovaGoButton-1021' is clicked on&#xD;
&#xD;
2019-09-06 17:49:32 - [TEST_STEP][NOT_RUN] - sendKeys(findTestObject("Objects.Login/Login Page/input_This field is required_password"), Keys.chord(ENTER), OPTIONAL): NOT_RUN: sendKeys(findTestObject("Objects.Login/Login Page/input_This field is required_password"), Keys.chord(ENTER), OPTIONAL)&#xD;
&#xD;
2019-09-06 17:49:32 - [MESSAGE][NOT_RUN] - NOT_RUN: sendKeys(findTestObject("Objects.Login/Login Page/input_This field is required_password"), Keys.chord(ENTER), OPTIONAL)&#xD;
&#xD;
2019-09-06 17:49:32 - [TEST_STEP][PASSED] - waitForPageLoad(30): Wait for page load successfully&#xD;
&#xD;
2019-09-06 17:49:32 - [MESSAGE][PASSED] - Wait for page load successfully&#xD;
&#xD;
2019-09-06 17:49:32 - [TEST_STEP][NOT_RUN] - verifyElementVisible(findTestObject("Objects.Login/Dashboard/a_ISPS2-PROD-Verify"), OPTIONAL): NOT_RUN: verifyElementVisible(findTestObject("Objects.Login/Dashboard/a_ISPS2-PROD-Verify"), OPTIONAL)&#xD;
&#xD;
2019-09-06 17:49:32 - [MESSAGE][NOT_RUN] - NOT_RUN: verifyElementVisible(findTestObject("Objects.Login/Dashboard/a_ISPS2-PROD-Verify"), OPTIONAL)&#xD;
&#xD;
2019-09-06 17:49:32 - [MESSAGE][PASSED] - Call Test Case 'Test Cases/Components/Login' successfully&#xD;
&#xD;
2019-09-06 17:49:32 - [TEST_STEP][PASSED] - callTestCase(findTestCase("Components/NavigateToDashboard"), [:], STOP_ON_FAILURE): Call Test Case 'Test Cases/Components/NavigateToDashboard' successfully&#xD;
&#xD;
2019-09-06 17:49:32 - [TEST_CASE][PASSED] - Test Cases/Components/NavigateToDashboard: Test Cases/Components/NavigateToDashboard&#xD;
&#xD;
2019-09-06 17:49:32 - [TEST_STEP][PASSED] - click(findTestObject("Objects.NavigateToDashboard/a_ISPS2-PROD-Verify")): Object: 'Object Repository/Objects.NavigateToDashboard/a_ISPS2-PROD-Verify' is clicked on&#xD;
&#xD;
2019-09-06 17:49:37 - [MESSAGE][PASSED] - Object: 'Object Repository/Objects.NavigateToDashboard/a_ISPS2-PROD-Verify' is clicked on&#xD;
&#xD;
2019-09-06 17:49:37 - [TEST_STEP][PASSED] - waitForPageLoad(30): Wait for page load successfully&#xD;
&#xD;
2019-09-06 17:49:37 - [MESSAGE][PASSED] - Wait for page load successfully&#xD;
&#xD;
2019-09-06 17:49:37 - [TEST_STEP][PASSED] - Thread.sleep(3000): null&#xD;
&#xD;
2019-09-06 17:49:40 - [TEST_STEP][PASSED] - verifyTextPresent("Loading search result. Please wait...", false, OPTIONAL): Text 'Loading search result. Please wait...' is present on page &#xD;
&#xD;
2019-09-06 17:49:40 - [MESSAGE][PASSED] - Text 'Loading search result. Please wait...' is present on page &#xD;
&#xD;
2019-09-06 17:49:40 - [TEST_STEP][PASSED] - waitForElementNotPresent(findTestObject("Objects.NavigateToDashboard/div_Loading search result Please wait"), 120): Web element with id: 'Object Repository/Objects.NavigateToDashboard/div_Loading search result Please wait' located by 'By.xpath: //div[@class = 'x-mask-msg-text' and (text() = 'Loading search result. Please wait...' or . = 'Loading search result. Please wait...')]' is not present after '120' second(s)&#xD;
&#xD;
2019-09-06 17:49:42 - [MESSAGE][PASSED] - Web element with id: 'Object Repository/Objects.NavigateToDashboard/div_Loading search result Please wait' located by 'By.xpath: //div[@class = 'x-mask-msg-text' and (text() = 'Loading search result. Please wait...' or . = 'Loading search result. Please wait...')]' is not present after '120' second(s)&#xD;
&#xD;
2019-09-06 17:49:42 - [TEST_STEP][PASSED] - Thread.sleep(3000): null&#xD;
&#xD;
2019-09-06 17:49:45 - [MESSAGE][PASSED] - Call Test Case 'Test Cases/Components/NavigateToDashboard' successfully&#xD;
&#xD;
2019-09-06 17:49:45 - [TEST_STEP][PASSED] - callTestCase(findTestCase("Components/SearchTask"), [:], STOP_ON_FAILURE): Call Test Case 'Test Cases/Components/SearchTask' successfully&#xD;
&#xD;
2019-09-06 17:49:45 - [TEST_CASE][PASSED] - Test Cases/Components/SearchTask: Test Cases/Components/SearchTask&#xD;
&#xD;
2019-09-06 17:49:45 - [TEST_STEP][PASSED] - Thread.sleep(3000): null&#xD;
&#xD;
2019-09-06 17:49:48 - [TEST_STEP][PASSED] - verifyElementPresent(findTestObject("Objects.SearchTask/Page_ISPS2/a_"), 0): Object 'Object Repository/Objects.SearchTask/Page_ISPS2/a_' is present&#xD;
&#xD;
2019-09-06 17:49:48 - [MESSAGE][WARNING] - Timeout '0' is invalid. Using default page load timeout: '30'&#xD;
&#xD;
2019-09-06 17:49:48 - [MESSAGE][PASSED] - Object 'Object Repository/Objects.SearchTask/Page_ISPS2/a_' is present&#xD;
&#xD;
2019-09-06 17:49:48 - [TEST_STEP][PASSED] - click(findTestObject("Objects.SearchTask/Page_ISPS2/a_")): Object: 'Object Repository/Objects.SearchTask/Page_ISPS2/a_' is clicked on&#xD;
&#xD;
2019-09-06 17:49:48 - [MESSAGE][PASSED] - Object: 'Object Repository/Objects.SearchTask/Page_ISPS2/a_' is clicked on&#xD;
&#xD;
2019-09-06 17:49:48 - [TEST_STEP][PASSED] - verifyElementVisible(findTestObject("Objects.SearchTask/Page_ISPS2/div_Saved Filter")): Object 'Object Repository/Objects.SearchTask/Page_ISPS2/div_Saved Filter' is visible&#xD;
&#xD;
2019-09-06 17:49:48 - [MESSAGE][PASSED] - Object 'Object Repository/Objects.SearchTask/Page_ISPS2/div_Saved Filter' is visible&#xD;
&#xD;
2019-09-06 17:49:48 - [TEST_STEP][PASSED] - Thread.sleep(3000): null&#xD;
&#xD;
2019-09-06 17:49:51 - [TEST_STEP][PASSED] - click(findTestObject("Objects.SearchTask/Page_ISPS2/span_Reset")): Object: 'Object Repository/Objects.SearchTask/Page_ISPS2/span_Reset' is clicked on&#xD;
&#xD;
2019-09-06 17:49:51 - [MESSAGE][PASSED] - Object: 'Object Repository/Objects.SearchTask/Page_ISPS2/span_Reset' is clicked on&#xD;
&#xD;
2019-09-06 17:49:51 - [TEST_STEP][PASSED] - com.reusableComponents.HighlightElement.run(findTestObject("Objects.SearchTask/Page_ISPS2/input_Task Description_searchCriteriaPojotaskDescription")): com.reusableComponents.HighlightElement.run is PASSED&#xD;
&#xD;
2019-09-06 17:49:52 - [MESSAGE][PASSED] - com.reusableComponents.HighlightElement.run is PASSED&#xD;
&#xD;
2019-09-06 17:49:52 - [TEST_STEP][PASSED] - setText(findTestObject("Objects.SearchTask/Page_ISPS2/input_Task Description_searchCriteriaPojotaskDescription"), "Process Temporary Building Permit"): Text 'Process Temporary Building Permit' is set on object 'Object Repository/Objects.SearchTask/Page_ISPS2/input_Task Description_searchCriteriaPojotaskDescription'&#xD;
&#xD;
2019-09-06 17:49:52 - [MESSAGE][PASSED] - Text 'Process Temporary Building Permit' is set on object 'Object Repository/Objects.SearchTask/Page_ISPS2/input_Task Description_searchCriteriaPojotaskDescription'&#xD;
&#xD;
2019-09-06 17:49:52 - [TEST_STEP][PASSED] - Thread.sleep(1000): null&#xD;
&#xD;
2019-09-06 17:49:53 - [TEST_STEP][PASSED] - click(findTestObject("Objects.SearchTask/Page_ISPS2/div_Process Temporary Building Permit")): Object: 'Object Repository/Objects.SearchTask/Page_ISPS2/div_Process Temporary Building Permit' is clicked on&#xD;
&#xD;
2019-09-06 17:49:53 - [MESSAGE][PASSED] - Object: 'Object Repository/Objects.SearchTask/Page_ISPS2/div_Process Temporary Building Permit' is clicked on&#xD;
&#xD;
2019-09-06 17:49:53 - [TEST_STEP][PASSED] - com.reusableComponents.HighlightElement.run(findTestObject("Objects.SearchTask/Page_ISPS2/span_Search")): com.reusableComponents.HighlightElement.run is PASSED&#xD;
&#xD;
2019-09-06 17:49:54 - [MESSAGE][PASSED] - com.reusableComponents.HighlightElement.run is PASSED&#xD;
&#xD;
2019-09-06 17:49:54 - [TEST_STEP][PASSED] - click(findTestObject("Objects.SearchTask/Page_ISPS2/span_Search")): Object: 'Object Repository/Objects.SearchTask/Page_ISPS2/span_Search' is clicked on&#xD;
&#xD;
2019-09-06 17:49:54 - [MESSAGE][PASSED] - Object: 'Object Repository/Objects.SearchTask/Page_ISPS2/span_Search' is clicked on&#xD;
&#xD;
2019-09-06 17:49:54 - [TEST_STEP][PASSED] - Thread.sleep(500): null&#xD;
&#xD;
2019-09-06 17:49:54 - [TEST_STEP][PASSED] - waitForElementNotPresent(findTestObject("Objects.SearchTask/Page_ISPS2/div_Loading search result Please wait"), 120, STOP_ON_FAILURE): Web element with id: 'Object Repository/Objects.SearchTask/Page_ISPS2/div_Loading search result Please wait' located by 'By.xpath: //div[@class = 'x-mask-msg-text' and (text() = 'Loading search result. Please wait...' or . = 'Loading search result. Please wait...')]' is not present after '120' second(s)&#xD;
&#xD;
2019-09-06 17:49:55 - [MESSAGE][PASSED] - Web element with id: 'Object Repository/Objects.SearchTask/Page_ISPS2/div_Loading search result Please wait' located by 'By.xpath: //div[@class = 'x-mask-msg-text' and (text() = 'Loading search result. Please wait...' or . = 'Loading search result. Please wait...')]' is not present after '120' second(s)&#xD;
&#xD;
2019-09-06 17:49:55 - [TEST_STEP][PASSED] - Thread.sleep(2000): null&#xD;
&#xD;
2019-09-06 17:49:57 - [TEST_STEP][PASSED] - scrollToElement(findTestObject("Objects.SearchTask/Page_ISPS2/a_Process Temporary Building Permit"), 0): Scroll to object 'Object Repository/Objects.SearchTask/Page_ISPS2/a_Process Temporary Building Permit' successfully&#xD;
&#xD;
2019-09-06 17:49:57 - [MESSAGE][WARNING] - Timeout '0' is invalid. Using default page load timeout: '30'&#xD;
&#xD;
2019-09-06 17:49:57 - [MESSAGE][PASSED] - Scroll to object 'Object Repository/Objects.SearchTask/Page_ISPS2/a_Process Temporary Building Permit' successfully&#xD;
&#xD;
2019-09-06 17:49:57 - [TEST_STEP][PASSED] - com.reusableComponents.HighlightElement.run(findTestObject("Objects.SearchTask/Page_ISPS2/a_Process Temporary Building Permit")): com.reusableComponents.HighlightElement.run is PASSED&#xD;
&#xD;
2019-09-06 17:49:57 - [MESSAGE][PASSED] - com.reusableComponents.HighlightElement.run is PASSED&#xD;
&#xD;
2019-09-06 17:49:57 - [TEST_STEP][PASSED] - click(findTestObject("Objects.SearchTask/Page_ISPS2/a_Process Temporary Building Permit")): Object: 'Object Repository/Objects.SearchTask/Page_ISPS2/a_Process Temporary Building Permit' is clicked on&#xD;
&#xD;
2019-09-06 17:49:58 - [MESSAGE][PASSED] - Object: 'Object Repository/Objects.SearchTask/Page_ISPS2/a_Process Temporary Building Permit' is clicked on&#xD;
&#xD;
2019-09-06 17:49:58 - [TEST_STEP][PASSED] - Thread.sleep(500): null&#xD;
&#xD;
2019-09-06 17:49:58 - [TEST_STEP][PASSED] - waitForElementPresent(findTestObject("Objects.SearchTask/Page_ISPS2/div_Process Temporary Building Permit_LandingPage"), 120): Object 'Object Repository/Objects.SearchTask/Page_ISPS2/div_Process Temporary Building Permit_LandingPage' is present&#xD;
&#xD;
2019-09-06 17:50:00 - [MESSAGE][PASSED] - Object 'Object Repository/Objects.SearchTask/Page_ISPS2/div_Process Temporary Building Permit_LandingPage' is present&#xD;
&#xD;
2019-09-06 17:50:00 - [TEST_STEP][PASSED] - Thread.sleep(3000): null&#xD;
&#xD;
2019-09-06 17:50:03 - [MESSAGE][PASSED] - Call Test Case 'Test Cases/Components/SearchTask' successfully&#xD;
&#xD;
2019-09-06 17:50:03 - [TEST_STEP][PASSED] - callTestCase(findTestCase("Components/NavigateToAnyLHS"), ["LHS":"Case Stages"], STOP_ON_FAILURE): Call Test Case 'Test Cases/Components/NavigateToAnyLHS' successfully&#xD;
&#xD;
2019-09-06 17:50:03 - [TEST_CASE][PASSED] - Test Cases/Components/NavigateToAnyLHS: Test Cases/Components/NavigateToAnyLHS&#xD;
&#xD;
2019-09-06 17:50:03 - [TEST_STEP][PASSED] - Thread.sleep(1000): null&#xD;
&#xD;
2019-09-06 17:50:04 - [TEST_STEP][PASSED] - modifiedLHS = modifyObjectProperty(findTestObject("Objects.NavigateToAnyLHS/Page_ISPS2/LHSToModify"), "text", "equals", LHS, true): Modify property of object successfully&#xD;
&#xD;
2019-09-06 17:50:04 - [MESSAGE][PASSED] - Modify property of object successfully&#xD;
&#xD;
2019-09-06 17:50:04 - [TEST_STEP][PASSED] - click(modifiedLHS): Object: 'Object Repository/Objects.NavigateToAnyLHS/Page_ISPS2/LHSToModify' is clicked on&#xD;
&#xD;
2019-09-06 17:50:04 - [MESSAGE][PASSED] - Object: 'Object Repository/Objects.NavigateToAnyLHS/Page_ISPS2/LHSToModify' is clicked on&#xD;
&#xD;
2019-09-06 17:50:04 - [TEST_STEP][PASSED] - Thread.sleep(5000): null&#xD;
&#xD;
2019-09-06 17:50:09 - [MESSAGE][PASSED] - Call Test Case 'Test Cases/Components/NavigateToAnyLHS' successfully&#xD;
&#xD;
2019-09-06 17:50:09 - [TEST_STEP][PASSED] - callTestCase(findTestCase("Components/ClosePopUpWindow"), [:], STOP_ON_FAILURE): Call Test Case 'Test Cases/Components/ClosePopUpWindow' successfully&#xD;
&#xD;
2019-09-06 17:50:09 - [TEST_CASE][PASSED] - Test Cases/Components/ClosePopUpWindow: Test Cases/Components/ClosePopUpWindow&#xD;
&#xD;
2019-09-06 17:50:09 - [TEST_STEP][PASSED] - Thread.sleep(1000): null&#xD;
&#xD;
2019-09-06 17:50:10 - [TEST_STEP][PASSED] - closeWindowIndex(1): Window with index 1 is closed&#xD;
&#xD;
2019-09-06 17:50:12 - [MESSAGE][PASSED] - Window with index 1 is closed&#xD;
&#xD;
2019-09-06 17:50:12 - [MESSAGE][PASSED] - Call Test Case 'Test Cases/Components/ClosePopUpWindow' successfully&#xD;
&#xD;
2019-09-06 17:50:12 - [TEST_STEP][PASSED] - callTestCase(findTestCase("Components/SwitchToMainISPS2Window"), [:], STOP_ON_FAILURE): Call Test Case 'Test Cases/Components/SwitchToMainISPS2Window' successfully&#xD;
&#xD;
2019-09-06 17:50:12 - [TEST_CASE][PASSED] - Test Cases/Components/SwitchToMainISPS2Window: Test Cases/Components/SwitchToMainISPS2Window&#xD;
&#xD;
2019-09-06 17:50:12 - [TEST_STEP][PASSED] - switchToWindowTitle("ISPS2"): Switched to window with title: 'ISPS2'&#xD;
&#xD;
2019-09-06 17:50:12 - [MESSAGE][PASSED] - Switched to window with title: 'ISPS2'&#xD;
&#xD;
2019-09-06 17:50:12 - [MESSAGE][PASSED] - Call Test Case 'Test Cases/Components/SwitchToMainISPS2Window' successfully&#xD;
&#xD;
2019-09-06 17:50:12 - [TEST_STEP][PASSED] - callTestCase(findTestCase("Components/NavigateToDashboard"), [:], STOP_ON_FAILURE): Call Test Case 'Test Cases/Components/NavigateToDashboard' successfully&#xD;
&#xD;
2019-09-06 17:50:12 - [TEST_CASE][PASSED] - Test Cases/Components/NavigateToDashboard: Test Cases/Components/NavigateToDashboard&#xD;
&#xD;
2019-09-06 17:50:12 - [TEST_STEP][PASSED] - click(findTestObject("Objects.NavigateToDashboard/a_ISPS2-PROD-Verify")): Object: 'Object Repository/Objects.NavigateToDashboard/a_ISPS2-PROD-Verify' is clicked on&#xD;
&#xD;
2019-09-06 17:50:14 - [MESSAGE][PASSED] - Object: 'Object Repository/Objects.NavigateToDashboard/a_ISPS2-PROD-Verify' is clicked on&#xD;
&#xD;
2019-09-06 17:50:14 - [TEST_STEP][PASSED] - waitForPageLoad(30): Wait for page load successfully&#xD;
&#xD;
2019-09-06 17:50:14 - [MESSAGE][PASSED] - Wait for page load successfully&#xD;
&#xD;
2019-09-06 17:50:14 - [TEST_STEP][PASSED] - Thread.sleep(3000): null&#xD;
&#xD;
2019-09-06 17:50:17 - [TEST_STEP][PASSED] - verifyTextPresent("Loading search result. Please wait...", false, OPTIONAL): Text 'Loading search result. Please wait...' is present on page &#xD;
&#xD;
2019-09-06 17:50:17 - [MESSAGE][PASSED] - Text 'Loading search result. Please wait...' is present on page &#xD;
&#xD;
2019-09-06 17:50:17 - [TEST_STEP][PASSED] - waitForElementNotPresent(findTestObject("Objects.NavigateToDashboard/div_Loading search result Please wait"), 120): Web element with id: 'Object Repository/Objects.NavigateToDashboard/div_Loading search result Please wait' located by 'By.xpath: //div[@class = 'x-mask-msg-text' and (text() = 'Loading search result. Please wait...' or . = 'Loading search result. Please wait...')]' is not present after '120' second(s)&#xD;
&#xD;
2019-09-06 17:50:18 - [MESSAGE][PASSED] - Web element with id: 'Object Repository/Objects.NavigateToDashboard/div_Loading search result Please wait' located by 'By.xpath: //div[@class = 'x-mask-msg-text' and (text() = 'Loading search result. Please wait...' or . = 'Loading search result. Please wait...')]' is not present after '120' second(s)&#xD;
&#xD;
2019-09-06 17:50:18 - [TEST_STEP][PASSED] - Thread.sleep(3000): null&#xD;
&#xD;
2019-09-06 17:50:21 - [MESSAGE][PASSED] - Call Test Case 'Test Cases/Components/NavigateToDashboard' successfully&#xD;
&#xD;
2019-09-06 17:50:21 - [TEST_STEP][PASSED] - callTestCase(findTestCase("Components/Logout"), [:], STOP_ON_FAILURE): Call Test Case 'Test Cases/Components/Logout' successfully&#xD;
&#xD;
2019-09-06 17:50:22 - [TEST_CASE][PASSED] - Test Cases/Components/Logout: Test Cases/Components/Logout&#xD;
&#xD;
2019-09-06 17:50:22 - [TEST_STEP][PASSED] - Thread.sleep(3000): null&#xD;
&#xD;
2019-09-06 17:50:25 - [TEST_STEP][NOT_RUN] - com.reusableComponents.HighlightElement.run(findTestObject("Objects.Logout/accountDropdown")): NOT_RUN: com.reusableComponents.HighlightElement.run(findTestObject("Objects.Logout/accountDropdown"))&#xD;
&#xD;
2019-09-06 17:50:25 - [MESSAGE][NOT_RUN] - NOT_RUN: com.reusableComponents.HighlightElement.run(findTestObject("Objects.Logout/accountDropdown"))&#xD;
&#xD;
2019-09-06 17:50:25 - [TEST_STEP][NOT_RUN] - click(findTestObject("Objects.Logout/accountDropdown")): NOT_RUN: click(findTestObject("Objects.Logout/accountDropdown"))&#xD;
&#xD;
2019-09-06 17:50:25 - [MESSAGE][NOT_RUN] - NOT_RUN: click(findTestObject("Objects.Logout/accountDropdown"))&#xD;
&#xD;
2019-09-06 17:50:25 - [TEST_STEP][NOT_RUN] - com.reusableComponents.clickUsingJS.clickUsingJS(findTestObject("Objects.Logout/accountDropdown"), 0): NOT_RUN: com.reusableComponents.clickUsingJS.clickUsingJS(findTestObject("Objects.Logout/accountDropdown"), 0)&#xD;
&#xD;
2019-09-06 17:50:25 - [MESSAGE][NOT_RUN] - NOT_RUN: com.reusableComponents.clickUsingJS.clickUsingJS(findTestObject("Objects.Logout/accountDropdown"), 0)&#xD;
&#xD;
2019-09-06 17:50:25 - [TEST_STEP][PASSED] - element = findWebElement(findTestObject("Objects.Logout/accountDropdown"), 30): null&#xD;
&#xD;
2019-09-06 17:50:25 - [TEST_STEP][PASSED] - executeJavaScript("arguments[0].click()", Arrays.asList(element)): Execute JavaScript 'arguments[0].click()' successfully&#xD;
&#xD;
2019-09-06 17:50:25 - [MESSAGE][PASSED] - Execute JavaScript 'arguments[0].click()' successfully&#xD;
&#xD;
2019-09-06 17:50:25 - [TEST_STEP][NOT_RUN] - com.reusableComponents.HighlightElement.run(findTestObject("Objects.Logout/span_Logout")): NOT_RUN: com.reusableComponents.HighlightElement.run(findTestObject("Objects.Logout/span_Logout"))&#xD;
&#xD;
2019-09-06 17:50:25 - [MESSAGE][NOT_RUN] - NOT_RUN: com.reusableComponents.HighlightElement.run(findTestObject("Objects.Logout/span_Logout"))&#xD;
&#xD;
2019-09-06 17:50:25 - [TEST_STEP][PASSED] - click(findTestObject("Objects.Logout/span_Logout"), STOP_ON_FAILURE): Object: 'Object Repository/Objects.Logout/span_Logout' is clicked on&#xD;
&#xD;
2019-09-06 17:50:26 - [MESSAGE][PASSED] - Object: 'Object Repository/Objects.Logout/span_Logout' is clicked on&#xD;
&#xD;
2019-09-06 17:50:26 - [TEST_STEP][PASSED] - waitForPageLoad(30): Wait for page load successfully&#xD;
&#xD;
2019-09-06 17:50:26 - [MESSAGE][PASSED] - Wait for page load successfully&#xD;
&#xD;
2019-09-06 17:50:26 - [TEST_STEP][PASSED] - Thread.sleep(3000): null&#xD;
&#xD;
2019-09-06 17:50:29 - [TEST_STEP][PASSED] - verifyTextPresent("Sign in to ISPS2-PROD-Verify", false): Text 'Sign in to ISPS2-PROD-Verify' is present on page &#xD;
&#xD;
2019-09-06 17:50:29 - [MESSAGE][PASSED] - Text 'Sign in to ISPS2-PROD-Verify' is present on page &#xD;
&#xD;
2019-09-06 17:50:29 - [TEST_STEP][NOT_RUN] - com.reusableComponents.HighlightElement.run(findTestObject("Objects.Logout/div_Sign in to ISPS2-PROD-Verify")): NOT_RUN: com.reusableComponents.HighlightElement.run(findTestObject("Objects.Logout/div_Sign in to ISPS2-PROD-Verify"))&#xD;
&#xD;
2019-09-06 17:50:29 - [MESSAGE][NOT_RUN] - NOT_RUN: com.reusableComponents.HighlightElement.run(findTestObject("Objects.Logout/div_Sign in to ISPS2-PROD-Verify"))&#xD;
&#xD;
2019-09-06 17:50:29 - [TEST_STEP][PASSED] - closeBrowser(): Browser is closed&#xD;
&#xD;
2019-09-06 17:50:31 - [MESSAGE][PASSED] - Browser is closed&#xD;
&#xD;
2019-09-06 17:50:31 - [MESSAGE][PASSED] - Call Test Case 'Test Cases/Components/Logout' successfully</system-out>
            <system-err></system-err>
        </testcase>
        <testcase name="Test Cases/Smoke/TBP/SmokeTesting.OwnerOfTemporaryBuilding" classname="Test Cases/Smoke/TBP/SmokeTesting.OwnerOfTemporaryBuilding" status="FAILED">
            <failure type="FAILED" message="Test Cases/Smoke/TBP/SmokeTesting.OwnerOfTemporaryBuilding FAILED.&#xA;Reason:&#xA;com.kms.katalon.core.exception.StepFailedException: Call Test Case 'Test Cases/Components/NavigateToAnyLHS' failed&#xD;&#xA;&#x9;at com.kms.katalon.core.keyword.builtin.CallTestCaseKeyword$_callTestCase_closure1.doCall(CallTestCaseKeyword.groovy:63)&#xD;&#xA;&#x9;at com.kms.katalon.core.keyword.builtin.CallTestCaseKeyword$_callTestCase_closure1.call(CallTestCaseKeyword.groovy)&#xD;&#xA;&#x9;at com.kms.katalon.core.keyword.internal.KeywordMain.runKeyword(KeywordMain.groovy:68)&#xD;&#xA;&#x9;at com.kms.katalon.core.keyword.builtin.CallTestCaseKeyword.callTestCase(CallTestCaseKeyword.groovy:81)&#xD;&#xA;&#x9;at com.kms.katalon.core.keyword.builtin.CallTestCaseKeyword.execute(CallTestCaseKeyword.groovy:44)&#xD;&#xA;&#x9;at com.kms.katalon.core.keyword.internal.KeywordExecutor.executeKeywordForPlatform(KeywordExecutor.groovy:56)&#xD;&#xA;&#x9;at com.kms.katalon.core.keyword.BuiltinKeywords.callTestCase(BuiltinKeywords.groovy:334)&#xD;&#xA;&#x9;at SmokeTesting.OwnerOfTemporaryBuilding.run(SmokeTesting.OwnerOfTemporaryBuilding:23)&#xD;&#xA;&#x9;at com.kms.katalon.core.main.ScriptEngine.run(ScriptEngine.java:194)&#xD;&#xA;&#x9;at com.kms.katalon.core.main.ScriptEngine.runScriptAsRawText(ScriptEngine.java:119)&#xD;&#xA;&#x9;at com.kms.katalon.core.main.TestCaseExecutor.runScript(TestCaseExecutor.java:337)&#xD;&#xA;&#x9;at com.kms.katalon.core.main.TestCaseExecutor.doExecute(TestCaseExecutor.java:328)&#xD;&#xA;&#x9;at com.kms.katalon.core.main.TestCaseExecutor.processExecutionPhase(TestCaseExecutor.java:307)&#xD;&#xA;&#x9;at com.kms.katalon.core.main.TestCaseExecutor.accessMainPhase(TestCaseExecutor.java:299)&#xD;&#xA;&#x9;at com.kms.katalon.core.main.TestCaseExecutor.execute(TestCaseExecutor.java:233)&#xD;&#xA;&#x9;at com.kms.katalon.core.main.TestSuiteExecutor.accessTestCaseMainPhase(TestSuiteExecutor.java:133)&#xD;&#xA;&#x9;at com.kms.katalon.core.main.TestSuiteExecutor.accessTestSuiteMainPhase(TestSuiteExecutor.java:116)&#xD;&#xA;&#x9;at com.kms.katalon.core.main.TestSuiteExecutor.execute(TestSuiteExecutor.java:83)&#xD;&#xA;&#x9;at com.kms.katalon.core.main.TestCaseMain.startTestSuite(TestCaseMain.java:157)&#xD;&#xA;&#x9;at com.kms.katalon.core.main.TestCaseMain$startTestSuite$0.call(Unknown Source)&#xD;&#xA;&#x9;at TempTestSuite1567762670011.run(TempTestSuite1567762670011.groovy:35)&#xD;&#xA;Caused by: com.kms.katalon.core.exception.StepFailedException: Unable to click on object 'Object Repository/Objects.NavigateToAnyLHS/Page_ISPS2/LHSToModify'&#xD;&#xA;&#x9;at com.kms.katalon.core.webui.keyword.internal.WebUIKeywordMain.stepFailed(WebUIKeywordMain.groovy:64)&#xD;&#xA;&#x9;at com.kms.katalon.core.webui.keyword.internal.WebUIKeywordMain.runKeyword(WebUIKeywordMain.groovy:26)&#xD;&#xA;&#x9;at com.kms.katalon.core.webui.keyword.builtin.ClickKeyword.click(ClickKeyword.groovy:86)&#xD;&#xA;&#x9;at com.kms.katalon.core.webui.keyword.builtin.ClickKeyword.execute(ClickKeyword.groovy:67)&#xD;&#xA;&#x9;at com.kms.katalon.core.keyword.internal.KeywordExecutor.executeKeywordForPlatform(KeywordExecutor.groovy:56)&#xD;&#xA;&#x9;at com.kms.katalon.core.webui.keyword.WebUiBuiltInKeywords.click(WebUiBuiltInKeywords.groovy:616)&#xD;&#xA;&#x9;at com.kms.katalon.core.webui.keyword.WebUiBuiltInKeywords$click$6.call(Unknown Source)&#xD;&#xA;&#x9;at NavigateToAnyLHS.run(NavigateToAnyLHS:24)&#xD;&#xA;&#x9;at com.kms.katalon.core.main.ScriptEngine.run(ScriptEngine.java:194)&#xD;&#xA;&#x9;at com.kms.katalon.core.main.ScriptEngine.runScriptAsRawText(ScriptEngine.java:119)&#xD;&#xA;&#x9;at com.kms.katalon.core.main.TestCaseExecutor.runScript(TestCaseExecutor.java:337)&#xD;&#xA;&#x9;at com.kms.katalon.core.main.TestCaseExecutor.doExecute(TestCaseExecutor.java:328)&#xD;&#xA;&#x9;at com.kms.katalon.core.main.TestCaseExecutor.processExecutionPhase(TestCaseExecutor.java:307)&#xD;&#xA;&#x9;at com.kms.katalon.core.main.TestCaseExecutor.accessMainPhase(TestCaseExecutor.java:299)&#xD;&#xA;&#x9;at com.kms.katalon.core.main.TestCaseExecutor.execute(TestCaseExecutor.java:233)&#xD;&#xA;&#x9;at com.kms.katalon.core.main.TestCaseMain.runTestCase(TestCaseMain.java:114)&#xD;&#xA;&#x9;at com.kms.katalon.core.keyword.builtin.CallTestCaseKeyword$_callTestCase_closure1.doCall(CallTestCaseKeyword.groovy:59)&#xD;&#xA;&#x9;... 20 more&#xD;&#xA;Caused by: com.kms.katalon.core.webui.exception.WebElementNotFoundException: Web element with id: 'Object Repository/Objects.NavigateToAnyLHS/Page_ISPS2/LHSToModify' located by 'By.xpath: //div[@class = 'x-component x-unselectable x-box-item x-ltr x-component-default' and (text() = 'Owner of Temporary Building' or . = 'Owner of Temporary Building')]' not found&#xD;&#xA;&#x9;at com.kms.katalon.core.webui.common.WebUiCommonHelper.findWebElement(WebUiCommonHelper.java:1097)&#xD;&#xA;&#x9;at com.kms.katalon.core.webui.keyword.internal.WebUIAbstractKeyword.findWebElement(WebUIAbstractKeyword.groovy:27)&#xD;&#xA;&#x9;at com.kms.katalon.core.webui.keyword.internal.WebUIAbstractKeyword.findWebElement(WebUIAbstractKeyword.groovy:26)&#xD;&#xA;&#x9;at com.kms.katalon.core.webui.keyword.builtin.ClickKeyword$_click_closure1.doCall(ClickKeyword.groovy:77)&#xD;&#xA;&#x9;at com.kms.katalon.core.webui.keyword.builtin.ClickKeyword$_click_closure1.call(ClickKeyword.groovy)&#xD;&#xA;&#x9;at com.kms.katalon.core.webui.keyword.internal.WebUIKeywordMain.runKeyword(WebUIKeywordMain.groovy:20)&#xD;&#xA;&#x9;... 35 more&#xD;&#xA;"/>
            <system-out>2019-09-06 17:50:31 - [TEST_CASE][FAILED] - Test Cases/Smoke/TBP/SmokeTesting.OwnerOfTemporaryBuilding: Test Cases/Smoke/TBP/SmokeTesting.OwnerOfTemporaryBuilding FAILED.
Reason:
com.kms.katalon.core.exception.StepFailedException: Call Test Case 'Test Cases/Components/NavigateToAnyLHS' failed&#xD;
	at com.kms.katalon.core.keyword.builtin.CallTestCaseKeyword$_callTestCase_closure1.doCall(CallTestCaseKeyword.groovy:63)&#xD;
	at com.kms.katalon.core.keyword.builtin.CallTestCaseKeyword$_callTestCase_closure1.call(CallTestCaseKeyword.groovy)&#xD;
	at com.kms.katalon.core.keyword.internal.KeywordMain.runKeyword(KeywordMain.groovy:68)&#xD;
	at com.kms.katalon.core.keyword.builtin.CallTestCaseKeyword.callTestCase(CallTestCaseKeyword.groovy:81)&#xD;
	at com.kms.katalon.core.keyword.builtin.CallTestCaseKeyword.execute(CallTestCaseKeyword.groovy:44)&#xD;
	at com.kms.katalon.core.keyword.internal.KeywordExecutor.executeKeywordForPlatform(KeywordExecutor.groovy:56)&#xD;
	at com.kms.katalon.core.keyword.BuiltinKeywords.callTestCase(BuiltinKeywords.groovy:334)&#xD;
	at SmokeTesting.OwnerOfTemporaryBuilding.run(SmokeTesting.OwnerOfTemporaryBuilding:23)&#xD;
	at com.kms.katalon.core.main.ScriptEngine.run(ScriptEngine.java:194)&#xD;
	at com.kms.katalon.core.main.ScriptEngine.runScriptAsRawText(ScriptEngine.java:119)&#xD;
	at com.kms.katalon.core.main.TestCaseExecutor.runScript(TestCaseExecutor.java:337)&#xD;
	at com.kms.katalon.core.main.TestCaseExecutor.doExecute(TestCaseExecutor.java:328)&#xD;
	at com.kms.katalon.core.main.TestCaseExecutor.processExecutionPhase(TestCaseExecutor.java:307)&#xD;
	at com.kms.katalon.core.main.TestCaseExecutor.accessMainPhase(TestCaseExecutor.java:299)&#xD;
	at com.kms.katalon.core.main.TestCaseExecutor.execute(TestCaseExecutor.java:233)&#xD;
	at com.kms.katalon.core.main.TestSuiteExecutor.accessTestCaseMainPhase(TestSuiteExecutor.java:133)&#xD;
	at com.kms.katalon.core.main.TestSuiteExecutor.accessTestSuiteMainPhase(TestSuiteExecutor.java:116)&#xD;
	at com.kms.katalon.core.main.TestSuiteExecutor.execute(TestSuiteExecutor.java:83)&#xD;
	at com.kms.katalon.core.main.TestCaseMain.startTestSuite(TestCaseMain.java:157)&#xD;
	at com.kms.katalon.core.main.TestCaseMain$startTestSuite$0.call(Unknown Source)&#xD;
	at TempTestSuite1567762670011.run(TempTestSuite1567762670011.groovy:35)&#xD;
Caused by: com.kms.katalon.core.exception.StepFailedException: Unable to click on object 'Object Repository/Objects.NavigateToAnyLHS/Page_ISPS2/LHSToModify'&#xD;
	at com.kms.katalon.core.webui.keyword.internal.WebUIKeywordMain.stepFailed(WebUIKeywordMain.groovy:64)&#xD;
	at com.kms.katalon.core.webui.keyword.internal.WebUIKeywordMain.runKeyword(WebUIKeywordMain.groovy:26)&#xD;
	at com.kms.katalon.core.webui.keyword.builtin.ClickKeyword.click(ClickKeyword.groovy:86)&#xD;
	at com.kms.katalon.core.webui.keyword.builtin.ClickKeyword.execute(ClickKeyword.groovy:67)&#xD;
	at com.kms.katalon.core.keyword.internal.KeywordExecutor.executeKeywordForPlatform(KeywordExecutor.groovy:56)&#xD;
	at com.kms.katalon.core.webui.keyword.WebUiBuiltInKeywords.click(WebUiBuiltInKeywords.groovy:616)&#xD;
	at com.kms.katalon.core.webui.keyword.WebUiBuiltInKeywords$click$6.call(Unknown Source)&#xD;
	at NavigateToAnyLHS.run(NavigateToAnyLHS:24)&#xD;
	at com.kms.katalon.core.main.ScriptEngine.run(ScriptEngine.java:194)&#xD;
	at com.kms.katalon.core.main.ScriptEngine.runScriptAsRawText(ScriptEngine.java:119)&#xD;
	at com.kms.katalon.core.main.TestCaseExecutor.runScript(TestCaseExecutor.java:337)&#xD;
	at com.kms.katalon.core.main.TestCaseExecutor.doExecute(TestCaseExecutor.java:328)&#xD;
	at com.kms.katalon.core.main.TestCaseExecutor.processExecutionPhase(TestCaseExecutor.java:307)&#xD;
	at com.kms.katalon.core.main.TestCaseExecutor.accessMainPhase(TestCaseExecutor.java:299)&#xD;
	at com.kms.katalon.core.main.TestCaseExecutor.execute(TestCaseExecutor.java:233)&#xD;
	at com.kms.katalon.core.main.TestCaseMain.runTestCase(TestCaseMain.java:114)&#xD;
	at com.kms.katalon.core.keyword.builtin.CallTestCaseKeyword$_callTestCase_closure1.doCall(CallTestCaseKeyword.groovy:59)&#xD;
	... 20 more&#xD;
Caused by: com.kms.katalon.core.webui.exception.WebElementNotFoundException: Web element with id: 'Object Repository/Objects.NavigateToAnyLHS/Page_ISPS2/LHSToModify' located by 'By.xpath: //div[@class = 'x-component x-unselectable x-box-item x-ltr x-component-default' and (text() = 'Owner of Temporary Building' or . = 'Owner of Temporary Building')]' not found&#xD;
	at com.kms.katalon.core.webui.common.WebUiCommonHelper.findWebElement(WebUiCommonHelper.java:1097)&#xD;
	at com.kms.katalon.core.webui.keyword.internal.WebUIAbstractKeyword.findWebElement(WebUIAbstractKeyword.groovy:27)&#xD;
	at com.kms.katalon.core.webui.keyword.internal.WebUIAbstractKeyword.findWebElement(WebUIAbstractKeyword.groovy:26)&#xD;
	at com.kms.katalon.core.webui.keyword.builtin.ClickKeyword$_click_closure1.doCall(ClickKeyword.groovy:77)&#xD;
	at com.kms.katalon.core.webui.keyword.builtin.ClickKeyword$_click_closure1.call(ClickKeyword.groovy)&#xD;
	at com.kms.katalon.core.webui.keyword.internal.WebUIKeywordMain.runKeyword(WebUIKeywordMain.groovy:20)&#xD;
	... 35 more&#xD;
&#xD;
&#xD;
2019-09-06 17:50:31 - [TEST_STEP][PASSED] - callTestCase(findTestCase("Components/Login"), ["Username":findTestData("Datatable").getValue("Username", 1), "Password":findTestData("Datatable").getValue("Password", 1)], STOP_ON_FAILURE): Call Test Case 'Test Cases/Components/Login' successfully&#xD;
&#xD;
2019-09-06 17:50:31 - [TEST_CASE][PASSED] - Test Cases/Components/Login: Test Cases/Components/Login&#xD;
&#xD;
2019-09-06 17:50:31 - [TEST_STEP][PASSED] - openBrowser(findTestData("Datatable").getValue("URL", 1)): Browser is opened with url: 'http://java03:3012/isps2-prod-verify/authnz/login.do'&#xD;
&#xD;
2019-09-06 17:50:31 - [MESSAGE][INFO] - Starting 'Chrome' driver&#xD;
&#xD;
2019-09-06 17:50:37 - [MESSAGE][PASSED] - Browser is opened with url: 'http://java03:3012/isps2-prod-verify/authnz/login.do'&#xD;
&#xD;
2019-09-06 17:50:37 - [TEST_STEP][PASSED] - maximizeWindow(): Current window maximized&#xD;
&#xD;
2019-09-06 17:50:38 - [MESSAGE][PASSED] - Current window maximized&#xD;
&#xD;
2019-09-06 17:50:38 - [TEST_STEP][PASSED] - verifyTextPresent("Sign in to ISPS2-PROD-Verify", false): Text 'Sign in to ISPS2-PROD-Verify' is present on page &#xD;
&#xD;
2019-09-06 17:50:38 - [MESSAGE][PASSED] - Text 'Sign in to ISPS2-PROD-Verify' is present on page &#xD;
&#xD;
2019-09-06 17:50:38 - [TEST_STEP][NOT_RUN] - com.reusableComponents.HighlightElement.run(findTestObject("Objects.Login/Login Page/div_Sign in to ISPS2-PROD-Verify")): NOT_RUN: com.reusableComponents.HighlightElement.run(findTestObject("Objects.Login/Login Page/div_Sign in to ISPS2-PROD-Verify"))&#xD;
&#xD;
2019-09-06 17:50:38 - [MESSAGE][NOT_RUN] - NOT_RUN: com.reusableComponents.HighlightElement.run(findTestObject("Objects.Login/Login Page/div_Sign in to ISPS2-PROD-Verify"))&#xD;
&#xD;
2019-09-06 17:50:38 - [TEST_STEP][NOT_RUN] - com.reusableComponents.HighlightElement.run(findTestObject("Objects.Login/Login Page/input_Sign in to ISPS2-PROD-Verify_username")): NOT_RUN: com.reusableComponents.HighlightElement.run(findTestObject("Objects.Login/Login Page/input_Sign in to ISPS2-PROD-Verify_username"))&#xD;
&#xD;
2019-09-06 17:50:38 - [MESSAGE][NOT_RUN] - NOT_RUN: com.reusableComponents.HighlightElement.run(findTestObject("Objects.Login/Login Page/input_Sign in to ISPS2-PROD-Verify_username"))&#xD;
&#xD;
2019-09-06 17:50:38 - [TEST_STEP][PASSED] - setText(findTestObject("Objects.Login/Login Page/input_Sign in to ISPS2-PROD-Verify_username"), Username): Text 'sysadmin' is set on object 'Object Repository/Objects.Login/Login Page/input_Sign in to ISPS2-PROD-Verify_username'&#xD;
&#xD;
2019-09-06 17:50:39 - [MESSAGE][PASSED] - Text 'sysadmin' is set on object 'Object Repository/Objects.Login/Login Page/input_Sign in to ISPS2-PROD-Verify_username'&#xD;
&#xD;
2019-09-06 17:50:39 - [TEST_STEP][NOT_RUN] - com.reusableComponents.HighlightElement.run(findTestObject("Objects.Login/Login Page/input_This field is required_password")): NOT_RUN: com.reusableComponents.HighlightElement.run(findTestObject("Objects.Login/Login Page/input_This field is required_password"))&#xD;
&#xD;
2019-09-06 17:50:39 - [MESSAGE][NOT_RUN] - NOT_RUN: com.reusableComponents.HighlightElement.run(findTestObject("Objects.Login/Login Page/input_This field is required_password"))&#xD;
&#xD;
2019-09-06 17:50:39 - [TEST_STEP][PASSED] - setEncryptedText(findTestObject("Objects.Login/Login Page/input_This field is required_password"), Password): Text ****** has been set on object 'Object Repository/Objects.Login/Login Page/input_This field is required_password'&#xD;
&#xD;
2019-09-06 17:50:39 - [MESSAGE][PASSED] - Text ****** has been set on object 'Object Repository/Objects.Login/Login Page/input_This field is required_password'&#xD;
&#xD;
2019-09-06 17:50:39 - [TEST_STEP][NOT_RUN] - com.reusableComponents.HighlightElement.run(findTestObject("Objects.Login/Login Page/div_Sign in to ISPS2-PROD-Verify_NovaGoButton-1021")): NOT_RUN: com.reusableComponents.HighlightElement.run(findTestObject("Objects.Login/Login Page/div_Sign in to ISPS2-PROD-Verify_NovaGoButton-1021"))&#xD;
&#xD;
2019-09-06 17:50:39 - [MESSAGE][NOT_RUN] - NOT_RUN: com.reusableComponents.HighlightElement.run(findTestObject("Objects.Login/Login Page/div_Sign in to ISPS2-PROD-Verify_NovaGoButton-1021"))&#xD;
&#xD;
2019-09-06 17:50:39 - [TEST_STEP][PASSED] - click(findTestObject("Objects.Login/Login Page/div_Sign in to ISPS2-PROD-Verify_NovaGoButton-1021"), OPTIONAL): Object: 'Object Repository/Objects.Login/Login Page/div_Sign in to ISPS2-PROD-Verify_NovaGoButton-1021' is clicked on&#xD;
&#xD;
2019-09-06 17:50:39 - [MESSAGE][PASSED] - Object: 'Object Repository/Objects.Login/Login Page/div_Sign in to ISPS2-PROD-Verify_NovaGoButton-1021' is clicked on&#xD;
&#xD;
2019-09-06 17:50:39 - [TEST_STEP][NOT_RUN] - sendKeys(findTestObject("Objects.Login/Login Page/input_This field is required_password"), Keys.chord(ENTER), OPTIONAL): NOT_RUN: sendKeys(findTestObject("Objects.Login/Login Page/input_This field is required_password"), Keys.chord(ENTER), OPTIONAL)&#xD;
&#xD;
2019-09-06 17:50:39 - [MESSAGE][NOT_RUN] - NOT_RUN: sendKeys(findTestObject("Objects.Login/Login Page/input_This field is required_password"), Keys.chord(ENTER), OPTIONAL)&#xD;
&#xD;
2019-09-06 17:50:39 - [TEST_STEP][PASSED] - waitForPageLoad(30): Wait for page load successfully&#xD;
&#xD;
2019-09-06 17:50:39 - [MESSAGE][PASSED] - Wait for page load successfully&#xD;
&#xD;
2019-09-06 17:50:39 - [TEST_STEP][NOT_RUN] - verifyElementVisible(findTestObject("Objects.Login/Dashboard/a_ISPS2-PROD-Verify"), OPTIONAL): NOT_RUN: verifyElementVisible(findTestObject("Objects.Login/Dashboard/a_ISPS2-PROD-Verify"), OPTIONAL)&#xD;
&#xD;
2019-09-06 17:50:39 - [MESSAGE][NOT_RUN] - NOT_RUN: verifyElementVisible(findTestObject("Objects.Login/Dashboard/a_ISPS2-PROD-Verify"), OPTIONAL)&#xD;
&#xD;
2019-09-06 17:50:39 - [MESSAGE][PASSED] - Call Test Case 'Test Cases/Components/Login' successfully&#xD;
&#xD;
2019-09-06 17:50:39 - [TEST_STEP][PASSED] - callTestCase(findTestCase("Components/NavigateToDashboard"), [:], STOP_ON_FAILURE): Call Test Case 'Test Cases/Components/NavigateToDashboard' successfully&#xD;
&#xD;
2019-09-06 17:50:39 - [TEST_CASE][PASSED] - Test Cases/Components/NavigateToDashboard: Test Cases/Components/NavigateToDashboard&#xD;
&#xD;
2019-09-06 17:50:39 - [TEST_STEP][PASSED] - click(findTestObject("Objects.NavigateToDashboard/a_ISPS2-PROD-Verify")): Object: 'Object Repository/Objects.NavigateToDashboard/a_ISPS2-PROD-Verify' is clicked on&#xD;
&#xD;
2019-09-06 17:50:43 - [MESSAGE][PASSED] - Object: 'Object Repository/Objects.NavigateToDashboard/a_ISPS2-PROD-Verify' is clicked on&#xD;
&#xD;
2019-09-06 17:50:43 - [TEST_STEP][PASSED] - waitForPageLoad(30): Wait for page load successfully&#xD;
&#xD;
2019-09-06 17:50:43 - [MESSAGE][PASSED] - Wait for page load successfully&#xD;
&#xD;
2019-09-06 17:50:43 - [TEST_STEP][PASSED] - Thread.sleep(3000): null&#xD;
&#xD;
2019-09-06 17:50:46 - [TEST_STEP][PASSED] - verifyTextPresent("Loading search result. Please wait...", false, OPTIONAL): Text 'Loading search result. Please wait...' is present on page &#xD;
&#xD;
2019-09-06 17:50:46 - [MESSAGE][PASSED] - Text 'Loading search result. Please wait...' is present on page &#xD;
&#xD;
2019-09-06 17:50:46 - [TEST_STEP][PASSED] - waitForElementNotPresent(findTestObject("Objects.NavigateToDashboard/div_Loading search result Please wait"), 120): Web element with id: 'Object Repository/Objects.NavigateToDashboard/div_Loading search result Please wait' located by 'By.xpath: //div[@class = 'x-mask-msg-text' and (text() = 'Loading search result. Please wait...' or . = 'Loading search result. Please wait...')]' is not present after '120' second(s)&#xD;
&#xD;
2019-09-06 17:50:48 - [MESSAGE][PASSED] - Web element with id: 'Object Repository/Objects.NavigateToDashboard/div_Loading search result Please wait' located by 'By.xpath: //div[@class = 'x-mask-msg-text' and (text() = 'Loading search result. Please wait...' or . = 'Loading search result. Please wait...')]' is not present after '120' second(s)&#xD;
&#xD;
2019-09-06 17:50:48 - [TEST_STEP][PASSED] - Thread.sleep(3000): null&#xD;
&#xD;
2019-09-06 17:50:51 - [MESSAGE][PASSED] - Call Test Case 'Test Cases/Components/NavigateToDashboard' successfully&#xD;
&#xD;
2019-09-06 17:50:51 - [TEST_STEP][PASSED] - callTestCase(findTestCase("Components/SearchTask"), [:], STOP_ON_FAILURE): Call Test Case 'Test Cases/Components/SearchTask' successfully&#xD;
&#xD;
2019-09-06 17:50:51 - [TEST_CASE][PASSED] - Test Cases/Components/SearchTask: Test Cases/Components/SearchTask&#xD;
&#xD;
2019-09-06 17:50:51 - [TEST_STEP][PASSED] - Thread.sleep(3000): null&#xD;
&#xD;
2019-09-06 17:50:54 - [TEST_STEP][PASSED] - verifyElementPresent(findTestObject("Objects.SearchTask/Page_ISPS2/a_"), 0): Object 'Object Repository/Objects.SearchTask/Page_ISPS2/a_' is present&#xD;
&#xD;
2019-09-06 17:50:54 - [MESSAGE][WARNING] - Timeout '0' is invalid. Using default page load timeout: '30'&#xD;
&#xD;
2019-09-06 17:50:54 - [MESSAGE][PASSED] - Object 'Object Repository/Objects.SearchTask/Page_ISPS2/a_' is present&#xD;
&#xD;
2019-09-06 17:50:54 - [TEST_STEP][PASSED] - click(findTestObject("Objects.SearchTask/Page_ISPS2/a_")): Object: 'Object Repository/Objects.SearchTask/Page_ISPS2/a_' is clicked on&#xD;
&#xD;
2019-09-06 17:50:54 - [MESSAGE][PASSED] - Object: 'Object Repository/Objects.SearchTask/Page_ISPS2/a_' is clicked on&#xD;
&#xD;
2019-09-06 17:50:54 - [TEST_STEP][PASSED] - verifyElementVisible(findTestObject("Objects.SearchTask/Page_ISPS2/div_Saved Filter")): Object 'Object Repository/Objects.SearchTask/Page_ISPS2/div_Saved Filter' is visible&#xD;
&#xD;
2019-09-06 17:50:54 - [MESSAGE][PASSED] - Object 'Object Repository/Objects.SearchTask/Page_ISPS2/div_Saved Filter' is visible&#xD;
&#xD;
2019-09-06 17:50:54 - [TEST_STEP][PASSED] - Thread.sleep(3000): null&#xD;
&#xD;
2019-09-06 17:50:57 - [TEST_STEP][PASSED] - click(findTestObject("Objects.SearchTask/Page_ISPS2/span_Reset")): Object: 'Object Repository/Objects.SearchTask/Page_ISPS2/span_Reset' is clicked on&#xD;
&#xD;
2019-09-06 17:50:57 - [MESSAGE][PASSED] - Object: 'Object Repository/Objects.SearchTask/Page_ISPS2/span_Reset' is clicked on&#xD;
&#xD;
2019-09-06 17:50:57 - [TEST_STEP][PASSED] - com.reusableComponents.HighlightElement.run(findTestObject("Objects.SearchTask/Page_ISPS2/input_Task Description_searchCriteriaPojotaskDescription")): com.reusableComponents.HighlightElement.run is PASSED&#xD;
&#xD;
2019-09-06 17:50:58 - [MESSAGE][PASSED] - com.reusableComponents.HighlightElement.run is PASSED&#xD;
&#xD;
2019-09-06 17:50:58 - [TEST_STEP][PASSED] - setText(findTestObject("Objects.SearchTask/Page_ISPS2/input_Task Description_searchCriteriaPojotaskDescription"), "Process Temporary Building Permit"): Text 'Process Temporary Building Permit' is set on object 'Object Repository/Objects.SearchTask/Page_ISPS2/input_Task Description_searchCriteriaPojotaskDescription'&#xD;
&#xD;
2019-09-06 17:50:58 - [MESSAGE][PASSED] - Text 'Process Temporary Building Permit' is set on object 'Object Repository/Objects.SearchTask/Page_ISPS2/input_Task Description_searchCriteriaPojotaskDescription'&#xD;
&#xD;
2019-09-06 17:50:58 - [TEST_STEP][PASSED] - Thread.sleep(1000): null&#xD;
&#xD;
2019-09-06 17:50:59 - [TEST_STEP][PASSED] - click(findTestObject("Objects.SearchTask/Page_ISPS2/div_Process Temporary Building Permit")): Object: 'Object Repository/Objects.SearchTask/Page_ISPS2/div_Process Temporary Building Permit' is clicked on&#xD;
&#xD;
2019-09-06 17:50:59 - [MESSAGE][PASSED] - Object: 'Object Repository/Objects.SearchTask/Page_ISPS2/div_Process Temporary Building Permit' is clicked on&#xD;
&#xD;
2019-09-06 17:50:59 - [TEST_STEP][PASSED] - com.reusableComponents.HighlightElement.run(findTestObject("Objects.SearchTask/Page_ISPS2/span_Search")): com.reusableComponents.HighlightElement.run is PASSED&#xD;
&#xD;
2019-09-06 17:51:00 - [MESSAGE][PASSED] - com.reusableComponents.HighlightElement.run is PASSED&#xD;
&#xD;
2019-09-06 17:51:00 - [TEST_STEP][PASSED] - click(findTestObject("Objects.SearchTask/Page_ISPS2/span_Search")): Object: 'Object Repository/Objects.SearchTask/Page_ISPS2/span_Search' is clicked on&#xD;
&#xD;
2019-09-06 17:51:00 - [MESSAGE][PASSED] - Object: 'Object Repository/Objects.SearchTask/Page_ISPS2/span_Search' is clicked on&#xD;
&#xD;
2019-09-06 17:51:00 - [TEST_STEP][PASSED] - Thread.sleep(500): null&#xD;
&#xD;
2019-09-06 17:51:00 - [TEST_STEP][PASSED] - waitForElementNotPresent(findTestObject("Objects.SearchTask/Page_ISPS2/div_Loading search result Please wait"), 120, STOP_ON_FAILURE): Web element with id: 'Object Repository/Objects.SearchTask/Page_ISPS2/div_Loading search result Please wait' located by 'By.xpath: //div[@class = 'x-mask-msg-text' and (text() = 'Loading search result. Please wait...' or . = 'Loading search result. Please wait...')]' is not present after '120' second(s)&#xD;
&#xD;
2019-09-06 17:51:01 - [MESSAGE][PASSED] - Web element with id: 'Object Repository/Objects.SearchTask/Page_ISPS2/div_Loading search result Please wait' located by 'By.xpath: //div[@class = 'x-mask-msg-text' and (text() = 'Loading search result. Please wait...' or . = 'Loading search result. Please wait...')]' is not present after '120' second(s)&#xD;
&#xD;
2019-09-06 17:51:01 - [TEST_STEP][PASSED] - Thread.sleep(2000): null&#xD;
&#xD;
2019-09-06 17:51:03 - [TEST_STEP][PASSED] - scrollToElement(findTestObject("Objects.SearchTask/Page_ISPS2/a_Process Temporary Building Permit"), 0): Scroll to object 'Object Repository/Objects.SearchTask/Page_ISPS2/a_Process Temporary Building Permit' successfully&#xD;
&#xD;
2019-09-06 17:51:03 - [MESSAGE][WARNING] - Timeout '0' is invalid. Using default page load timeout: '30'&#xD;
&#xD;
2019-09-06 17:51:03 - [MESSAGE][PASSED] - Scroll to object 'Object Repository/Objects.SearchTask/Page_ISPS2/a_Process Temporary Building Permit' successfully&#xD;
&#xD;
2019-09-06 17:51:03 - [TEST_STEP][PASSED] - com.reusableComponents.HighlightElement.run(findTestObject("Objects.SearchTask/Page_ISPS2/a_Process Temporary Building Permit")): com.reusableComponents.HighlightElement.run is PASSED&#xD;
&#xD;
2019-09-06 17:51:03 - [MESSAGE][PASSED] - com.reusableComponents.HighlightElement.run is PASSED&#xD;
&#xD;
2019-09-06 17:51:03 - [TEST_STEP][PASSED] - click(findTestObject("Objects.SearchTask/Page_ISPS2/a_Process Temporary Building Permit")): Object: 'Object Repository/Objects.SearchTask/Page_ISPS2/a_Process Temporary Building Permit' is clicked on&#xD;
&#xD;
2019-09-06 17:51:04 - [MESSAGE][PASSED] - Object: 'Object Repository/Objects.SearchTask/Page_ISPS2/a_Process Temporary Building Permit' is clicked on&#xD;
&#xD;
2019-09-06 17:51:04 - [TEST_STEP][PASSED] - Thread.sleep(500): null&#xD;
&#xD;
2019-09-06 17:51:04 - [TEST_STEP][PASSED] - waitForElementPresent(findTestObject("Objects.SearchTask/Page_ISPS2/div_Process Temporary Building Permit_LandingPage"), 120): Object 'Object Repository/Objects.SearchTask/Page_ISPS2/div_Process Temporary Building Permit_LandingPage' is present&#xD;
&#xD;
2019-09-06 17:51:06 - [MESSAGE][PASSED] - Object 'Object Repository/Objects.SearchTask/Page_ISPS2/div_Process Temporary Building Permit_LandingPage' is present&#xD;
&#xD;
2019-09-06 17:51:06 - [TEST_STEP][PASSED] - Thread.sleep(3000): null&#xD;
&#xD;
2019-09-06 17:51:09 - [MESSAGE][PASSED] - Call Test Case 'Test Cases/Components/SearchTask' successfully&#xD;
&#xD;
2019-09-06 17:51:09 - [TEST_STEP][FAILED] - callTestCase(findTestCase("Components/NavigateToAnyLHS"), ["LHS":"Owner of Temporary Building"], STOP_ON_FAILURE): Unable to call Test Case 'Test Cases/Components/NavigateToAnyLHS' (Root cause: com.kms.katalon.core.exception.StepFailedException: Call Test Case 'Test Cases/Components/NavigateToAnyLHS' failed&#xD;
	at com.kms.katalon.core.keyword.builtin.CallTestCaseKeyword$_callTestCase_closure1.doCall(CallTestCaseKeyword.groovy:63)&#xD;
	at com.kms.katalon.core.keyword.builtin.CallTestCaseKeyword$_callTestCase_closure1.call(CallTestCaseKeyword.groovy)&#xD;
	at com.kms.katalon.core.keyword.internal.KeywordMain.runKeyword(KeywordMain.groovy:68)&#xD;
	at com.kms.katalon.core.keyword.builtin.CallTestCaseKeyword.callTestCase(CallTestCaseKeyword.groovy:81)&#xD;
	at com.kms.katalon.core.keyword.builtin.CallTestCaseKeyword.execute(CallTestCaseKeyword.groovy:44)&#xD;
	at com.kms.katalon.core.keyword.internal.KeywordExecutor.executeKeywordForPlatform(KeywordExecutor.groovy:56)&#xD;
	at com.kms.katalon.core.keyword.BuiltinKeywords.callTestCase(BuiltinKeywords.groovy:334)&#xD;
	at SmokeTesting.OwnerOfTemporaryBuilding.run(SmokeTesting.OwnerOfTemporaryBuilding:23)&#xD;
	at com.kms.katalon.core.main.ScriptEngine.run(ScriptEngine.java:194)&#xD;
	at com.kms.katalon.core.main.ScriptEngine.runScriptAsRawText(ScriptEngine.java:119)&#xD;
	at com.kms.katalon.core.main.TestCaseExecutor.runScript(TestCaseExecutor.java:337)&#xD;
	at com.kms.katalon.core.main.TestCaseExecutor.doExecute(TestCaseExecutor.java:328)&#xD;
	at com.kms.katalon.core.main.TestCaseExecutor.processExecutionPhase(TestCaseExecutor.java:307)&#xD;
	at com.kms.katalon.core.main.TestCaseExecutor.accessMainPhase(TestCaseExecutor.java:299)&#xD;
	at com.kms.katalon.core.main.TestCaseExecutor.execute(TestCaseExecutor.java:233)&#xD;
	at com.kms.katalon.core.main.TestSuiteExecutor.accessTestCaseMainPhase(TestSuiteExecutor.java:133)&#xD;
	at com.kms.katalon.core.main.TestSuiteExecutor.accessTestSuiteMainPhase(TestSuiteExecutor.java:116)&#xD;
	at com.kms.katalon.core.main.TestSuiteExecutor.execute(TestSuiteExecutor.java:83)&#xD;
	at com.kms.katalon.core.main.TestCaseMain.startTestSuite(TestCaseMain.java:157)&#xD;
	at com.kms.katalon.core.main.TestCaseMain$startTestSuite$0.call(Unknown Source)&#xD;
	at TempTestSuite1567762670011.run(TempTestSuite1567762670011.groovy:35)&#xD;
Caused by: com.kms.katalon.core.exception.StepFailedException: Unable to click on object 'Object Repository/Objects.NavigateToAnyLHS/Page_ISPS2/LHSToModify'&#xD;
	at com.kms.katalon.core.webui.keyword.internal.WebUIKeywordMain.stepFailed(WebUIKeywordMain.groovy:64)&#xD;
	at com.kms.katalon.core.webui.keyword.internal.WebUIKeywordMain.runKeyword(WebUIKeywordMain.groovy:26)&#xD;
	at com.kms.katalon.core.webui.keyword.builtin.ClickKeyword.click(ClickKeyword.groovy:86)&#xD;
	at com.kms.katalon.core.webui.keyword.builtin.ClickKeyword.execute(ClickKeyword.groovy:67)&#xD;
	at com.kms.katalon.core.keyword.internal.KeywordExecutor.executeKeywordForPlatform(KeywordExecutor.groovy:56)&#xD;
	at com.kms.katalon.core.webui.keyword.WebUiBuiltInKeywords.click(WebUiBuiltInKeywords.groovy:616)&#xD;
	at com.kms.katalon.core.webui.keyword.WebUiBuiltInKeywords$click$6.call(Unknown Source)&#xD;
	at NavigateToAnyLHS.run(NavigateToAnyLHS:24)&#xD;
	at com.kms.katalon.core.main.ScriptEngine.run(ScriptEngine.java:194)&#xD;
	at com.kms.katalon.core.main.ScriptEngine.runScriptAsRawText(ScriptEngine.java:119)&#xD;
	at com.kms.katalon.core.main.TestCaseExecutor.runScript(TestCaseExecutor.java:337)&#xD;
	at com.kms.katalon.core.main.TestCaseExecutor.doExecute(TestCaseExecutor.java:328)&#xD;
	at com.kms.katalon.core.main.TestCaseExecutor.processExecutionPhase(TestCaseExecutor.java:307)&#xD;
	at com.kms.katalon.core.main.TestCaseExecutor.accessMainPhase(TestCaseExecutor.java:299)&#xD;
	at com.kms.katalon.core.main.TestCaseExecutor.execute(TestCaseExecutor.java:233)&#xD;
	at com.kms.katalon.core.main.TestCaseMain.runTestCase(TestCaseMain.java:114)&#xD;
	at com.kms.katalon.core.keyword.builtin.CallTestCaseKeyword$_callTestCase_closure1.doCall(CallTestCaseKeyword.groovy:59)&#xD;
	... 20 more&#xD;
Caused by: com.kms.katalon.core.webui.exception.WebElementNotFoundException: Web element with id: 'Object Repository/Objects.NavigateToAnyLHS/Page_ISPS2/LHSToModify' located by 'By.xpath: //div[@class = 'x-component x-unselectable x-box-item x-ltr x-component-default' and (text() = 'Owner of Temporary Building' or . = 'Owner of Temporary Building')]' not found&#xD;
	at com.kms.katalon.core.webui.common.WebUiCommonHelper.findWebElement(WebUiCommonHelper.java:1097)&#xD;
	at com.kms.katalon.core.webui.keyword.internal.WebUIAbstractKeyword.findWebElement(WebUIAbstractKeyword.groovy:27)&#xD;
	at com.kms.katalon.core.webui.keyword.internal.WebUIAbstractKeyword.findWebElement(WebUIAbstractKeyword.groovy:26)&#xD;
	at com.kms.katalon.core.webui.keyword.builtin.ClickKeyword$_click_closure1.doCall(ClickKeyword.groovy:77)&#xD;
	at com.kms.katalon.core.webui.keyword.builtin.ClickKeyword$_click_closure1.call(ClickKeyword.groovy)&#xD;
	at com.kms.katalon.core.webui.keyword.internal.WebUIKeywordMain.runKeyword(WebUIKeywordMain.groovy:20)&#xD;
	... 35 more&#xD;
)&#xD;
&#xD;
2019-09-06 17:51:09 - [TEST_CASE][FAILED] - Test Cases/Components/NavigateToAnyLHS: Test Cases/Components/NavigateToAnyLHS FAILED.
Reason:
com.kms.katalon.core.exception.StepFailedException: Unable to click on object 'Object Repository/Objects.NavigateToAnyLHS/Page_ISPS2/LHSToModify'&#xD;
	at com.kms.katalon.core.webui.keyword.internal.WebUIKeywordMain.stepFailed(WebUIKeywordMain.groovy:64)&#xD;
	at com.kms.katalon.core.webui.keyword.internal.WebUIKeywordMain.runKeyword(WebUIKeywordMain.groovy:26)&#xD;
	at com.kms.katalon.core.webui.keyword.builtin.ClickKeyword.click(ClickKeyword.groovy:86)&#xD;
	at com.kms.katalon.core.webui.keyword.builtin.ClickKeyword.execute(ClickKeyword.groovy:67)&#xD;
	at com.kms.katalon.core.keyword.internal.KeywordExecutor.executeKeywordForPlatform(KeywordExecutor.groovy:56)&#xD;
	at com.kms.katalon.core.webui.keyword.WebUiBuiltInKeywords.click(WebUiBuiltInKeywords.groovy:616)&#xD;
	at com.kms.katalon.core.webui.keyword.WebUiBuiltInKeywords$click$6.call(Unknown Source)&#xD;
	at NavigateToAnyLHS.run(NavigateToAnyLHS:24)&#xD;
	at com.kms.katalon.core.main.ScriptEngine.run(ScriptEngine.java:194)&#xD;
	at com.kms.katalon.core.main.ScriptEngine.runScriptAsRawText(ScriptEngine.java:119)&#xD;
	at com.kms.katalon.core.main.TestCaseExecutor.runScript(TestCaseExecutor.java:337)&#xD;
	at com.kms.katalon.core.main.TestCaseExecutor.doExecute(TestCaseExecutor.java:328)&#xD;
	at com.kms.katalon.core.main.TestCaseExecutor.processExecutionPhase(TestCaseExecutor.java:307)&#xD;
	at com.kms.katalon.core.main.TestCaseExecutor.accessMainPhase(TestCaseExecutor.java:299)&#xD;
	at com.kms.katalon.core.main.TestCaseExecutor.execute(TestCaseExecutor.java:233)&#xD;
	at com.kms.katalon.core.main.TestCaseMain.runTestCase(TestCaseMain.java:114)&#xD;
	at com.kms.katalon.core.keyword.builtin.CallTestCaseKeyword$_callTestCase_closure1.doCall(CallTestCaseKeyword.groovy:59)&#xD;
	at com.kms.katalon.core.keyword.builtin.CallTestCaseKeyword$_callTestCase_closure1.call(CallTestCaseKeyword.groovy)&#xD;
	at com.kms.katalon.core.keyword.internal.KeywordMain.runKeyword(KeywordMain.groovy:68)&#xD;
	at com.kms.katalon.core.keyword.builtin.CallTestCaseKeyword.callTestCase(CallTestCaseKeyword.groovy:81)&#xD;
	at com.kms.katalon.core.keyword.builtin.CallTestCaseKeyword.execute(CallTestCaseKeyword.groovy:44)&#xD;
	at com.kms.katalon.core.keyword.internal.KeywordExecutor.executeKeywordForPlatform(KeywordExecutor.groovy:56)&#xD;
	at com.kms.katalon.core.keyword.BuiltinKeywords.callTestCase(BuiltinKeywords.groovy:334)&#xD;
	at SmokeTesting.OwnerOfTemporaryBuilding.run(SmokeTesting.OwnerOfTemporaryBuilding:23)&#xD;
	at com.kms.katalon.core.main.ScriptEngine.run(ScriptEngine.java:194)&#xD;
	at com.kms.katalon.core.main.ScriptEngine.runScriptAsRawText(ScriptEngine.java:119)&#xD;
	at com.kms.katalon.core.main.TestCaseExecutor.runScript(TestCaseExecutor.java:337)&#xD;
	at com.kms.katalon.core.main.TestCaseExecutor.doExecute(TestCaseExecutor.java:328)&#xD;
	at com.kms.katalon.core.main.TestCaseExecutor.processExecutionPhase(TestCaseExecutor.java:307)&#xD;
	at com.kms.katalon.core.main.TestCaseExecutor.accessMainPhase(TestCaseExecutor.java:299)&#xD;
	at com.kms.katalon.core.main.TestCaseExecutor.execute(TestCaseExecutor.java:233)&#xD;
	at com.kms.katalon.core.main.TestSuiteExecutor.accessTestCaseMainPhase(TestSuiteExecutor.java:133)&#xD;
	at com.kms.katalon.core.main.TestSuiteExecutor.accessTestSuiteMainPhase(TestSuiteExecutor.java:116)&#xD;
	at com.kms.katalon.core.main.TestSuiteExecutor.execute(TestSuiteExecutor.java:83)&#xD;
	at com.kms.katalon.core.main.TestCaseMain.startTestSuite(TestCaseMain.java:157)&#xD;
	at com.kms.katalon.core.main.TestCaseMain$startTestSuite$0.call(Unknown Source)&#xD;
	at TempTestSuite1567762670011.run(TempTestSuite1567762670011.groovy:35)&#xD;
Caused by: com.kms.katalon.core.webui.exception.WebElementNotFoundException: Web element with id: 'Object Repository/Objects.NavigateToAnyLHS/Page_ISPS2/LHSToModify' located by 'By.xpath: //div[@class = 'x-component x-unselectable x-box-item x-ltr x-component-default' and (text() = 'Owner of Temporary Building' or . = 'Owner of Temporary Building')]' not found&#xD;
	at com.kms.katalon.core.webui.common.WebUiCommonHelper.findWebElement(WebUiCommonHelper.java:1097)&#xD;
	at com.kms.katalon.core.webui.keyword.internal.WebUIAbstractKeyword.findWebElement(WebUIAbstractKeyword.groovy:27)&#xD;
	at com.kms.katalon.core.webui.keyword.internal.WebUIAbstractKeyword.findWebElement(WebUIAbstractKeyword.groovy:26)&#xD;
	at com.kms.katalon.core.webui.keyword.builtin.ClickKeyword$_click_closure1.doCall(ClickKeyword.groovy:77)&#xD;
	at com.kms.katalon.core.webui.keyword.builtin.ClickKeyword$_click_closure1.call(ClickKeyword.groovy)&#xD;
	at com.kms.katalon.core.webui.keyword.internal.WebUIKeywordMain.runKeyword(WebUIKeywordMain.groovy:20)&#xD;
	... 35 more&#xD;
&#xD;
&#xD;
2019-09-06 17:51:09 - [TEST_STEP][PASSED] - Thread.sleep(1000): null&#xD;
&#xD;
2019-09-06 17:51:10 - [TEST_STEP][PASSED] - modifiedLHS = modifyObjectProperty(findTestObject("Objects.NavigateToAnyLHS/Page_ISPS2/LHSToModify"), "text", "equals", LHS, true): Modify property of object successfully&#xD;
&#xD;
2019-09-06 17:51:10 - [MESSAGE][PASSED] - Modify property of object successfully&#xD;
&#xD;
2019-09-06 17:51:10 - [TEST_STEP][FAILED] - click(modifiedLHS): Unable to click on object 'Object Repository/Objects.NavigateToAnyLHS/Page_ISPS2/LHSToModify' (Root cause: com.kms.katalon.core.exception.StepFailedException: Unable to click on object 'Object Repository/Objects.NavigateToAnyLHS/Page_ISPS2/LHSToModify'&#xD;
	at com.kms.katalon.core.webui.keyword.internal.WebUIKeywordMain.stepFailed(WebUIKeywordMain.groovy:64)&#xD;
	at com.kms.katalon.core.webui.keyword.internal.WebUIKeywordMain.runKeyword(WebUIKeywordMain.groovy:26)&#xD;
	at com.kms.katalon.core.webui.keyword.builtin.ClickKeyword.click(ClickKeyword.groovy:86)&#xD;
	at com.kms.katalon.core.webui.keyword.builtin.ClickKeyword.execute(ClickKeyword.groovy:67)&#xD;
	at com.kms.katalon.core.keyword.internal.KeywordExecutor.executeKeywordForPlatform(KeywordExecutor.groovy:56)&#xD;
	at com.kms.katalon.core.webui.keyword.WebUiBuiltInKeywords.click(WebUiBuiltInKeywords.groovy:616)&#xD;
	at com.kms.katalon.core.webui.keyword.WebUiBuiltInKeywords$click$6.call(Unknown Source)&#xD;
	at NavigateToAnyLHS.run(NavigateToAnyLHS:24)&#xD;
	at com.kms.katalon.core.main.ScriptEngine.run(ScriptEngine.java:194)&#xD;
	at com.kms.katalon.core.main.ScriptEngine.runScriptAsRawText(ScriptEngine.java:119)&#xD;
	at com.kms.katalon.core.main.TestCaseExecutor.runScript(TestCaseExecutor.java:337)&#xD;
	at com.kms.katalon.core.main.TestCaseExecutor.doExecute(TestCaseExecutor.java:328)&#xD;
	at com.kms.katalon.core.main.TestCaseExecutor.processExecutionPhase(TestCaseExecutor.java:307)&#xD;
	at com.kms.katalon.core.main.TestCaseExecutor.accessMainPhase(TestCaseExecutor.java:299)&#xD;
	at com.kms.katalon.core.main.TestCaseExecutor.execute(TestCaseExecutor.java:233)&#xD;
	at com.kms.katalon.core.main.TestCaseMain.runTestCase(TestCaseMain.java:114)&#xD;
	at com.kms.katalon.core.keyword.builtin.CallTestCaseKeyword$_callTestCase_closure1.doCall(CallTestCaseKeyword.groovy:59)&#xD;
	at com.kms.katalon.core.keyword.builtin.CallTestCaseKeyword$_callTestCase_closure1.call(CallTestCaseKeyword.groovy)&#xD;
	at com.kms.katalon.core.keyword.internal.KeywordMain.runKeyword(KeywordMain.groovy:68)&#xD;
	at com.kms.katalon.core.keyword.builtin.CallTestCaseKeyword.callTestCase(CallTestCaseKeyword.groovy:81)&#xD;
	at com.kms.katalon.core.keyword.builtin.CallTestCaseKeyword.execute(CallTestCaseKeyword.groovy:44)&#xD;
	at com.kms.katalon.core.keyword.internal.KeywordExecutor.executeKeywordForPlatform(KeywordExecutor.groovy:56)&#xD;
	at com.kms.katalon.core.keyword.BuiltinKeywords.callTestCase(BuiltinKeywords.groovy:334)&#xD;
	at SmokeTesting.OwnerOfTemporaryBuilding.run(SmokeTesting.OwnerOfTemporaryBuilding:23)&#xD;
	at com.kms.katalon.core.main.ScriptEngine.run(ScriptEngine.java:194)&#xD;
	at com.kms.katalon.core.main.ScriptEngine.runScriptAsRawText(ScriptEngine.java:119)&#xD;
	at com.kms.katalon.core.main.TestCaseExecutor.runScript(TestCaseExecutor.java:337)&#xD;
	at com.kms.katalon.core.main.TestCaseExecutor.doExecute(TestCaseExecutor.java:328)&#xD;
	at com.kms.katalon.core.main.TestCaseExecutor.processExecutionPhase(TestCaseExecutor.java:307)&#xD;
	at com.kms.katalon.core.main.TestCaseExecutor.accessMainPhase(TestCaseExecutor.java:299)&#xD;
	at com.kms.katalon.core.main.TestCaseExecutor.execute(TestCaseExecutor.java:233)&#xD;
	at com.kms.katalon.core.main.TestSuiteExecutor.accessTestCaseMainPhase(TestSuiteExecutor.java:133)&#xD;
	at com.kms.katalon.core.main.TestSuiteExecutor.accessTestSuiteMainPhase(TestSuiteExecutor.java:116)&#xD;
	at com.kms.katalon.core.main.TestSuiteExecutor.execute(TestSuiteExecutor.java:83)&#xD;
	at com.kms.katalon.core.main.TestCaseMain.startTestSuite(TestCaseMain.java:157)&#xD;
	at com.kms.katalon.core.main.TestCaseMain$startTestSuite$0.call(Unknown Source)&#xD;
	at TempTestSuite1567762670011.run(TempTestSuite1567762670011.groovy:35)&#xD;
Caused by: com.kms.katalon.core.webui.exception.WebElementNotFoundException: Web element with id: 'Object Repository/Objects.NavigateToAnyLHS/Page_ISPS2/LHSToModify' located by 'By.xpath: //div[@class = 'x-component x-unselectable x-box-item x-ltr x-component-default' and (text() = 'Owner of Temporary Building' or . = 'Owner of Temporary Building')]' not found&#xD;
	at com.kms.katalon.core.webui.common.WebUiCommonHelper.findWebElement(WebUiCommonHelper.java:1097)&#xD;
	at com.kms.katalon.core.webui.keyword.internal.WebUIAbstractKeyword.findWebElement(WebUIAbstractKeyword.groovy:27)&#xD;
	at com.kms.katalon.core.webui.keyword.internal.WebUIAbstractKeyword.findWebElement(WebUIAbstractKeyword.groovy:26)&#xD;
	at com.kms.katalon.core.webui.keyword.builtin.ClickKeyword$_click_closure1.doCall(ClickKeyword.groovy:77)&#xD;
	at com.kms.katalon.core.webui.keyword.builtin.ClickKeyword$_click_closure1.call(ClickKeyword.groovy)&#xD;
	at com.kms.katalon.core.webui.keyword.internal.WebUIKeywordMain.runKeyword(WebUIKeywordMain.groovy:20)&#xD;
	at com.kms.katalon.core.webui.keyword.builtin.ClickKeyword.click(ClickKeyword.groovy:86)&#xD;
	at com.kms.katalon.core.webui.keyword.builtin.ClickKeyword.execute(ClickKeyword.groovy:67)&#xD;
	at com.kms.katalon.core.keyword.internal.KeywordExecutor.executeKeywordForPlatform(KeywordExecutor.groovy:56)&#xD;
	at com.kms.katalon.core.webui.keyword.WebUiBuiltInKeywords.click(WebUiBuiltInKeywords.groovy:616)&#xD;
	at com.kms.katalon.core.webui.keyword.WebUiBuiltInKeywords$click$6.call(Unknown Source)&#xD;
	at Script1565337412228.run(Script1565337412228.groovy:24)&#xD;
	at com.kms.katalon.core.main.ScriptEngine.run(ScriptEngine.java:194)&#xD;
	at com.kms.katalon.core.main.ScriptEngine.runScriptAsRawText(ScriptEngine.java:119)&#xD;
	at com.kms.katalon.core.main.TestCaseExecutor.runScript(TestCaseExecutor.java:337)&#xD;
	at com.kms.katalon.core.main.TestCaseExecutor.doExecute(TestCaseExecutor.java:328)&#xD;
	at com.kms.katalon.core.main.TestCaseExecutor.processExecutionPhase(TestCaseExecutor.java:307)&#xD;
	at com.kms.katalon.core.main.TestCaseExecutor.accessMainPhase(TestCaseExecutor.java:299)&#xD;
	at com.kms.katalon.core.main.TestCaseExecutor.execute(TestCaseExecutor.java:233)&#xD;
	at com.kms.katalon.core.main.TestCaseMain.runTestCase(TestCaseMain.java:114)&#xD;
	at com.kms.katalon.core.keyword.builtin.CallTestCaseKeyword$_callTestCase_closure1.doCall(CallTestCaseKeyword.groovy:59)&#xD;
	at com.kms.katalon.core.keyword.builtin.CallTestCaseKeyword$_callTestCase_closure1.call(CallTestCaseKeyword.groovy)&#xD;
	at com.kms.katalon.core.keyword.internal.KeywordMain.runKeyword(KeywordMain.groovy:68)&#xD;
	at com.kms.katalon.core.keyword.builtin.CallTestCaseKeyword.callTestCase(CallTestCaseKeyword.groovy:81)&#xD;
	at com.kms.katalon.core.keyword.builtin.CallTestCaseKeyword.execute(CallTestCaseKeyword.groovy:44)&#xD;
	at com.kms.katalon.core.keyword.internal.KeywordExecutor.executeKeywordForPlatform(KeywordExecutor.groovy:56)&#xD;
	at com.kms.katalon.core.keyword.BuiltinKeywords.callTestCase(BuiltinKeywords.groovy:334)&#xD;
	at Script1565940451966.run(Script1565940451966.groovy:23)&#xD;
	... 13 more&#xD;
)&#xD;
&#xD;
2019-09-06 17:51:41 - [MESSAGE][INFO] - Unable to find the element located by 'By.xpath: //div[@class = 'x-component x-unselectable x-box-item x-ltr x-component-default' and (text() = 'Owner of Temporary Building' or . = 'Owner of Temporary Building')]'. Please recheck the objects properties to make sure the desired element is located. &#xD;
&#xD;
2019-09-06 17:51:41 - [MESSAGE][FAILED] - Unable to click on object 'Object Repository/Objects.NavigateToAnyLHS/Page_ISPS2/LHSToModify' (Root cause: com.kms.katalon.core.exception.StepFailedException: Unable to click on object 'Object Repository/Objects.NavigateToAnyLHS/Page_ISPS2/LHSToModify'&#xD;
	at com.kms.katalon.core.webui.keyword.internal.WebUIKeywordMain.stepFailed(WebUIKeywordMain.groovy:64)&#xD;
	at com.kms.katalon.core.webui.keyword.internal.WebUIKeywordMain.runKeyword(WebUIKeywordMain.groovy:26)&#xD;
	at com.kms.katalon.core.webui.keyword.builtin.ClickKeyword.click(ClickKeyword.groovy:86)&#xD;
	at com.kms.katalon.core.webui.keyword.builtin.ClickKeyword.execute(ClickKeyword.groovy:67)&#xD;
	at com.kms.katalon.core.keyword.internal.KeywordExecutor.executeKeywordForPlatform(KeywordExecutor.groovy:56)&#xD;
	at com.kms.katalon.core.webui.keyword.WebUiBuiltInKeywords.click(WebUiBuiltInKeywords.groovy:616)&#xD;
	at com.kms.katalon.core.webui.keyword.WebUiBuiltInKeywords$click$6.call(Unknown Source)&#xD;
	at NavigateToAnyLHS.run(NavigateToAnyLHS:24)&#xD;
	at com.kms.katalon.core.main.ScriptEngine.run(ScriptEngine.java:194)&#xD;
	at com.kms.katalon.core.main.ScriptEngine.runScriptAsRawText(ScriptEngine.java:119)&#xD;
	at com.kms.katalon.core.main.TestCaseExecutor.runScript(TestCaseExecutor.java:337)&#xD;
	at com.kms.katalon.core.main.TestCaseExecutor.doExecute(TestCaseExecutor.java:328)&#xD;
	at com.kms.katalon.core.main.TestCaseExecutor.processExecutionPhase(TestCaseExecutor.java:307)&#xD;
	at com.kms.katalon.core.main.TestCaseExecutor.accessMainPhase(TestCaseExecutor.java:299)&#xD;
	at com.kms.katalon.core.main.TestCaseExecutor.execute(TestCaseExecutor.java:233)&#xD;
	at com.kms.katalon.core.main.TestCaseMain.runTestCase(TestCaseMain.java:114)&#xD;
	at com.kms.katalon.core.keyword.builtin.CallTestCaseKeyword$_callTestCase_closure1.doCall(CallTestCaseKeyword.groovy:59)&#xD;
	at com.kms.katalon.core.keyword.builtin.CallTestCaseKeyword$_callTestCase_closure1.call(CallTestCaseKeyword.groovy)&#xD;
	at com.kms.katalon.core.keyword.internal.KeywordMain.runKeyword(KeywordMain.groovy:68)&#xD;
	at com.kms.katalon.core.keyword.builtin.CallTestCaseKeyword.callTestCase(CallTestCaseKeyword.groovy:81)&#xD;
	at com.kms.katalon.core.keyword.builtin.CallTestCaseKeyword.execute(CallTestCaseKeyword.groovy:44)&#xD;
	at com.kms.katalon.core.keyword.internal.KeywordExecutor.executeKeywordForPlatform(KeywordExecutor.groovy:56)&#xD;
	at com.kms.katalon.core.keyword.BuiltinKeywords.callTestCase(BuiltinKeywords.groovy:334)&#xD;
	at SmokeTesting.OwnerOfTemporaryBuilding.run(SmokeTesting.OwnerOfTemporaryBuilding:23)&#xD;
	at com.kms.katalon.core.main.ScriptEngine.run(ScriptEngine.java:194)&#xD;
	at com.kms.katalon.core.main.ScriptEngine.runScriptAsRawText(ScriptEngine.java:119)&#xD;
	at com.kms.katalon.core.main.TestCaseExecutor.runScript(TestCaseExecutor.java:337)&#xD;
	at com.kms.katalon.core.main.TestCaseExecutor.doExecute(TestCaseExecutor.java:328)&#xD;
	at com.kms.katalon.core.main.TestCaseExecutor.processExecutionPhase(TestCaseExecutor.java:307)&#xD;
	at com.kms.katalon.core.main.TestCaseExecutor.accessMainPhase(TestCaseExecutor.java:299)&#xD;
	at com.kms.katalon.core.main.TestCaseExecutor.execute(TestCaseExecutor.java:233)&#xD;
	at com.kms.katalon.core.main.TestSuiteExecutor.accessTestCaseMainPhase(TestSuiteExecutor.java:133)&#xD;
	at com.kms.katalon.core.main.TestSuiteExecutor.accessTestSuiteMainPhase(TestSuiteExecutor.java:116)&#xD;
	at com.kms.katalon.core.main.TestSuiteExecutor.execute(TestSuiteExecutor.java:83)&#xD;
	at com.kms.katalon.core.main.TestCaseMain.startTestSuite(TestCaseMain.java:157)&#xD;
	at com.kms.katalon.core.main.TestCaseMain$startTestSuite$0.call(Unknown Source)&#xD;
	at TempTestSuite1567762670011.run(TempTestSuite1567762670011.groovy:35)&#xD;
Caused by: com.kms.katalon.core.webui.exception.WebElementNotFoundException: Web element with id: 'Object Repository/Objects.NavigateToAnyLHS/Page_ISPS2/LHSToModify' located by 'By.xpath: //div[@class = 'x-component x-unselectable x-box-item x-ltr x-component-default' and (text() = 'Owner of Temporary Building' or . = 'Owner of Temporary Building')]' not found&#xD;
	at com.kms.katalon.core.webui.common.WebUiCommonHelper.findWebElement(WebUiCommonHelper.java:1097)&#xD;
	at com.kms.katalon.core.webui.keyword.internal.WebUIAbstractKeyword.findWebElement(WebUIAbstractKeyword.groovy:27)&#xD;
	at com.kms.katalon.core.webui.keyword.internal.WebUIAbstractKeyword.findWebElement(WebUIAbstractKeyword.groovy:26)&#xD;
	at com.kms.katalon.core.webui.keyword.builtin.ClickKeyword$_click_closure1.doCall(ClickKeyword.groovy:77)&#xD;
	at com.kms.katalon.core.webui.keyword.builtin.ClickKeyword$_click_closure1.call(ClickKeyword.groovy)&#xD;
	at com.kms.katalon.core.webui.keyword.internal.WebUIKeywordMain.runKeyword(WebUIKeywordMain.groovy:20)&#xD;
	at com.kms.katalon.core.webui.keyword.builtin.ClickKeyword.click(ClickKeyword.groovy:86)&#xD;
	at com.kms.katalon.core.webui.keyword.builtin.ClickKeyword.execute(ClickKeyword.groovy:67)&#xD;
	at com.kms.katalon.core.keyword.internal.KeywordExecutor.executeKeywordForPlatform(KeywordExecutor.groovy:56)&#xD;
	at com.kms.katalon.core.webui.keyword.WebUiBuiltInKeywords.click(WebUiBuiltInKeywords.groovy:616)&#xD;
	at com.kms.katalon.core.webui.keyword.WebUiBuiltInKeywords$click$6.call(Unknown Source)&#xD;
	at Script1565337412228.run(Script1565337412228.groovy:24)&#xD;
	at com.kms.katalon.core.main.ScriptEngine.run(ScriptEngine.java:194)&#xD;
	at com.kms.katalon.core.main.ScriptEngine.runScriptAsRawText(ScriptEngine.java:119)&#xD;
	at com.kms.katalon.core.main.TestCaseExecutor.runScript(TestCaseExecutor.java:337)&#xD;
	at com.kms.katalon.core.main.TestCaseExecutor.doExecute(TestCaseExecutor.java:328)&#xD;
	at com.kms.katalon.core.main.TestCaseExecutor.processExecutionPhase(TestCaseExecutor.java:307)&#xD;
	at com.kms.katalon.core.main.TestCaseExecutor.accessMainPhase(TestCaseExecutor.java:299)&#xD;
	at com.kms.katalon.core.main.TestCaseExecutor.execute(TestCaseExecutor.java:233)&#xD;
	at com.kms.katalon.core.main.TestCaseMain.runTestCase(TestCaseMain.java:114)&#xD;
	at com.kms.katalon.core.keyword.builtin.CallTestCaseKeyword$_callTestCase_closure1.doCall(CallTestCaseKeyword.groovy:59)&#xD;
	at com.kms.katalon.core.keyword.builtin.CallTestCaseKeyword$_callTestCase_closure1.call(CallTestCaseKeyword.groovy)&#xD;
	at com.kms.katalon.core.keyword.internal.KeywordMain.runKeyword(KeywordMain.groovy:68)&#xD;
	at com.kms.katalon.core.keyword.builtin.CallTestCaseKeyword.callTestCase(CallTestCaseKeyword.groovy:81)&#xD;
	at com.kms.katalon.core.keyword.builtin.CallTestCaseKeyword.execute(CallTestCaseKeyword.groovy:44)&#xD;
	at com.kms.katalon.core.keyword.internal.KeywordExecutor.executeKeywordForPlatform(KeywordExecutor.groovy:56)&#xD;
	at com.kms.katalon.core.keyword.BuiltinKeywords.callTestCase(BuiltinKeywords.groovy:334)&#xD;
	at Script1565940451966.run(Script1565940451966.groovy:23)&#xD;
	... 13 more&#xD;
)&#xD;
[[ATTACHMENT|C:\\Automation\\ISPS2 Automation\\Reports\\Smoke Testing Automated Regression Suite (STARS)\\20190906_173749\\1567763501335.png]]&#xD;
&#xD;
2019-09-06 17:51:41 - [MESSAGE][FAILED] - Unable to call Test Case 'Test Cases/Components/NavigateToAnyLHS' (Root cause: com.kms.katalon.core.exception.StepFailedException: Call Test Case 'Test Cases/Components/NavigateToAnyLHS' failed&#xD;
	at com.kms.katalon.core.keyword.builtin.CallTestCaseKeyword$_callTestCase_closure1.doCall(CallTestCaseKeyword.groovy:63)&#xD;
	at com.kms.katalon.core.keyword.builtin.CallTestCaseKeyword$_callTestCase_closure1.call(CallTestCaseKeyword.groovy)&#xD;
	at com.kms.katalon.core.keyword.internal.KeywordMain.runKeyword(KeywordMain.groovy:68)&#xD;
	at com.kms.katalon.core.keyword.builtin.CallTestCaseKeyword.callTestCase(CallTestCaseKeyword.groovy:81)&#xD;
	at com.kms.katalon.core.keyword.builtin.CallTestCaseKeyword.execute(CallTestCaseKeyword.groovy:44)&#xD;
	at com.kms.katalon.core.keyword.internal.KeywordExecutor.executeKeywordForPlatform(KeywordExecutor.groovy:56)&#xD;
	at com.kms.katalon.core.keyword.BuiltinKeywords.callTestCase(BuiltinKeywords.groovy:334)&#xD;
	at SmokeTesting.OwnerOfTemporaryBuilding.run(SmokeTesting.OwnerOfTemporaryBuilding:23)&#xD;
	at com.kms.katalon.core.main.ScriptEngine.run(ScriptEngine.java:194)&#xD;
	at com.kms.katalon.core.main.ScriptEngine.runScriptAsRawText(ScriptEngine.java:119)&#xD;
	at com.kms.katalon.core.main.TestCaseExecutor.runScript(TestCaseExecutor.java:337)&#xD;
	at com.kms.katalon.core.main.TestCaseExecutor.doExecute(TestCaseExecutor.java:328)&#xD;
	at com.kms.katalon.core.main.TestCaseExecutor.processExecutionPhase(TestCaseExecutor.java:307)&#xD;
	at com.kms.katalon.core.main.TestCaseExecutor.accessMainPhase(TestCaseExecutor.java:299)&#xD;
	at com.kms.katalon.core.main.TestCaseExecutor.execute(TestCaseExecutor.java:233)&#xD;
	at com.kms.katalon.core.main.TestSuiteExecutor.accessTestCaseMainPhase(TestSuiteExecutor.java:133)&#xD;
	at com.kms.katalon.core.main.TestSuiteExecutor.accessTestSuiteMainPhase(TestSuiteExecutor.java:116)&#xD;
	at com.kms.katalon.core.main.TestSuiteExecutor.execute(TestSuiteExecutor.java:83)&#xD;
	at com.kms.katalon.core.main.TestCaseMain.startTestSuite(TestCaseMain.java:157)&#xD;
	at com.kms.katalon.core.main.TestCaseMain$startTestSuite$0.call(Unknown Source)&#xD;
	at TempTestSuite1567762670011.run(TempTestSuite1567762670011.groovy:35)&#xD;
Caused by: com.kms.katalon.core.exception.StepFailedException: Unable to click on object 'Object Repository/Objects.NavigateToAnyLHS/Page_ISPS2/LHSToModify'&#xD;
	at com.kms.katalon.core.webui.keyword.internal.WebUIKeywordMain.stepFailed(WebUIKeywordMain.groovy:64)&#xD;
	at com.kms.katalon.core.webui.keyword.internal.WebUIKeywordMain.runKeyword(WebUIKeywordMain.groovy:26)&#xD;
	at com.kms.katalon.core.webui.keyword.builtin.ClickKeyword.click(ClickKeyword.groovy:86)&#xD;
	at com.kms.katalon.core.webui.keyword.builtin.ClickKeyword.execute(ClickKeyword.groovy:67)&#xD;
	at com.kms.katalon.core.keyword.internal.KeywordExecutor.executeKeywordForPlatform(KeywordExecutor.groovy:56)&#xD;
	at com.kms.katalon.core.webui.keyword.WebUiBuiltInKeywords.click(WebUiBuiltInKeywords.groovy:616)&#xD;
	at com.kms.katalon.core.webui.keyword.WebUiBuiltInKeywords$click$6.call(Unknown Source)&#xD;
	at NavigateToAnyLHS.run(NavigateToAnyLHS:24)&#xD;
	at com.kms.katalon.core.main.ScriptEngine.run(ScriptEngine.java:194)&#xD;
	at com.kms.katalon.core.main.ScriptEngine.runScriptAsRawText(ScriptEngine.java:119)&#xD;
	at com.kms.katalon.core.main.TestCaseExecutor.runScript(TestCaseExecutor.java:337)&#xD;
	at com.kms.katalon.core.main.TestCaseExecutor.doExecute(TestCaseExecutor.java:328)&#xD;
	at com.kms.katalon.core.main.TestCaseExecutor.processExecutionPhase(TestCaseExecutor.java:307)&#xD;
	at com.kms.katalon.core.main.TestCaseExecutor.accessMainPhase(TestCaseExecutor.java:299)&#xD;
	at com.kms.katalon.core.main.TestCaseExecutor.execute(TestCaseExecutor.java:233)&#xD;
	at com.kms.katalon.core.main.TestCaseMain.runTestCase(TestCaseMain.java:114)&#xD;
	at com.kms.katalon.core.keyword.builtin.CallTestCaseKeyword$_callTestCase_closure1.doCall(CallTestCaseKeyword.groovy:59)&#xD;
	... 20 more&#xD;
Caused by: com.kms.katalon.core.webui.exception.WebElementNotFoundException: Web element with id: 'Object Repository/Objects.NavigateToAnyLHS/Page_ISPS2/LHSToModify' located by 'By.xpath: //div[@class = 'x-component x-unselectable x-box-item x-ltr x-component-default' and (text() = 'Owner of Temporary Building' or . = 'Owner of Temporary Building')]' not found&#xD;
	at com.kms.katalon.core.webui.common.WebUiCommonHelper.findWebElement(WebUiCommonHelper.java:1097)&#xD;
	at com.kms.katalon.core.webui.keyword.internal.WebUIAbstractKeyword.findWebElement(WebUIAbstractKeyword.groovy:27)&#xD;
	at com.kms.katalon.core.webui.keyword.internal.WebUIAbstractKeyword.findWebElement(WebUIAbstractKeyword.groovy:26)&#xD;
	at com.kms.katalon.core.webui.keyword.builtin.ClickKeyword$_click_closure1.doCall(ClickKeyword.groovy:77)&#xD;
	at com.kms.katalon.core.webui.keyword.builtin.ClickKeyword$_click_closure1.call(ClickKeyword.groovy)&#xD;
	at com.kms.katalon.core.webui.keyword.internal.WebUIKeywordMain.runKeyword(WebUIKeywordMain.groovy:20)&#xD;
	... 35 more&#xD;
)</system-out>
            <system-err>2019-09-06 17:50:31 - [TEST_CASE][FAILED] - Test Cases/Smoke/TBP/SmokeTesting.OwnerOfTemporaryBuilding: Test Cases/Smoke/TBP/SmokeTesting.OwnerOfTemporaryBuilding FAILED.
Reason:
com.kms.katalon.core.exception.StepFailedException: Call Test Case 'Test Cases/Components/NavigateToAnyLHS' failed&#xD;
	at com.kms.katalon.core.keyword.builtin.CallTestCaseKeyword$_callTestCase_closure1.doCall(CallTestCaseKeyword.groovy:63)&#xD;
	at com.kms.katalon.core.keyword.builtin.CallTestCaseKeyword$_callTestCase_closure1.call(CallTestCaseKeyword.groovy)&#xD;
	at com.kms.katalon.core.keyword.internal.KeywordMain.runKeyword(KeywordMain.groovy:68)&#xD;
	at com.kms.katalon.core.keyword.builtin.CallTestCaseKeyword.callTestCase(CallTestCaseKeyword.groovy:81)&#xD;
	at com.kms.katalon.core.keyword.builtin.CallTestCaseKeyword.execute(CallTestCaseKeyword.groovy:44)&#xD;
	at com.kms.katalon.core.keyword.internal.KeywordExecutor.executeKeywordForPlatform(KeywordExecutor.groovy:56)&#xD;
	at com.kms.katalon.core.keyword.BuiltinKeywords.callTestCase(BuiltinKeywords.groovy:334)&#xD;
	at SmokeTesting.OwnerOfTemporaryBuilding.run(SmokeTesting.OwnerOfTemporaryBuilding:23)&#xD;
	at com.kms.katalon.core.main.ScriptEngine.run(ScriptEngine.java:194)&#xD;
	at com.kms.katalon.core.main.ScriptEngine.runScriptAsRawText(ScriptEngine.java:119)&#xD;
	at com.kms.katalon.core.main.TestCaseExecutor.runScript(TestCaseExecutor.java:337)&#xD;
	at com.kms.katalon.core.main.TestCaseExecutor.doExecute(TestCaseExecutor.java:328)&#xD;
	at com.kms.katalon.core.main.TestCaseExecutor.processExecutionPhase(TestCaseExecutor.java:307)&#xD;
	at com.kms.katalon.core.main.TestCaseExecutor.accessMainPhase(TestCaseExecutor.java:299)&#xD;
	at com.kms.katalon.core.main.TestCaseExecutor.execute(TestCaseExecutor.java:233)&#xD;
	at com.kms.katalon.core.main.TestSuiteExecutor.accessTestCaseMainPhase(TestSuiteExecutor.java:133)&#xD;
	at com.kms.katalon.core.main.TestSuiteExecutor.accessTestSuiteMainPhase(TestSuiteExecutor.java:116)&#xD;
	at com.kms.katalon.core.main.TestSuiteExecutor.execute(TestSuiteExecutor.java:83)&#xD;
	at com.kms.katalon.core.main.TestCaseMain.startTestSuite(TestCaseMain.java:157)&#xD;
	at com.kms.katalon.core.main.TestCaseMain$startTestSuite$0.call(Unknown Source)&#xD;
	at TempTestSuite1567762670011.run(TempTestSuite1567762670011.groovy:35)&#xD;
Caused by: com.kms.katalon.core.exception.StepFailedException: Unable to click on object 'Object Repository/Objects.NavigateToAnyLHS/Page_ISPS2/LHSToModify'&#xD;
	at com.kms.katalon.core.webui.keyword.internal.WebUIKeywordMain.stepFailed(WebUIKeywordMain.groovy:64)&#xD;
	at com.kms.katalon.core.webui.keyword.internal.WebUIKeywordMain.runKeyword(WebUIKeywordMain.groovy:26)&#xD;
	at com.kms.katalon.core.webui.keyword.builtin.ClickKeyword.click(ClickKeyword.groovy:86)&#xD;
	at com.kms.katalon.core.webui.keyword.builtin.ClickKeyword.execute(ClickKeyword.groovy:67)&#xD;
	at com.kms.katalon.core.keyword.internal.KeywordExecutor.executeKeywordForPlatform(KeywordExecutor.groovy:56)&#xD;
	at com.kms.katalon.core.webui.keyword.WebUiBuiltInKeywords.click(WebUiBuiltInKeywords.groovy:616)&#xD;
	at com.kms.katalon.core.webui.keyword.WebUiBuiltInKeywords$click$6.call(Unknown Source)&#xD;
	at NavigateToAnyLHS.run(NavigateToAnyLHS:24)&#xD;
	at com.kms.katalon.core.main.ScriptEngine.run(ScriptEngine.java:194)&#xD;
	at com.kms.katalon.core.main.ScriptEngine.runScriptAsRawText(ScriptEngine.java:119)&#xD;
	at com.kms.katalon.core.main.TestCaseExecutor.runScript(TestCaseExecutor.java:337)&#xD;
	at com.kms.katalon.core.main.TestCaseExecutor.doExecute(TestCaseExecutor.java:328)&#xD;
	at com.kms.katalon.core.main.TestCaseExecutor.processExecutionPhase(TestCaseExecutor.java:307)&#xD;
	at com.kms.katalon.core.main.TestCaseExecutor.accessMainPhase(TestCaseExecutor.java:299)&#xD;
	at com.kms.katalon.core.main.TestCaseExecutor.execute(TestCaseExecutor.java:233)&#xD;
	at com.kms.katalon.core.main.TestCaseMain.runTestCase(TestCaseMain.java:114)&#xD;
	at com.kms.katalon.core.keyword.builtin.CallTestCaseKeyword$_callTestCase_closure1.doCall(CallTestCaseKeyword.groovy:59)&#xD;
	... 20 more&#xD;
Caused by: com.kms.katalon.core.webui.exception.WebElementNotFoundException: Web element with id: 'Object Repository/Objects.NavigateToAnyLHS/Page_ISPS2/LHSToModify' located by 'By.xpath: //div[@class = 'x-component x-unselectable x-box-item x-ltr x-component-default' and (text() = 'Owner of Temporary Building' or . = 'Owner of Temporary Building')]' not found&#xD;
	at com.kms.katalon.core.webui.common.WebUiCommonHelper.findWebElement(WebUiCommonHelper.java:1097)&#xD;
	at com.kms.katalon.core.webui.keyword.internal.WebUIAbstractKeyword.findWebElement(WebUIAbstractKeyword.groovy:27)&#xD;
	at com.kms.katalon.core.webui.keyword.internal.WebUIAbstractKeyword.findWebElement(WebUIAbstractKeyword.groovy:26)&#xD;
	at com.kms.katalon.core.webui.keyword.builtin.ClickKeyword$_click_closure1.doCall(ClickKeyword.groovy:77)&#xD;
	at com.kms.katalon.core.webui.keyword.builtin.ClickKeyword$_click_closure1.call(ClickKeyword.groovy)&#xD;
	at com.kms.katalon.core.webui.keyword.internal.WebUIKeywordMain.runKeyword(WebUIKeywordMain.groovy:20)&#xD;
	... 35 more</system-err>
        </testcase>
        <testcase name="Test Cases/Smoke/TBP/SmokeTesting.IssuePreliminaryApprovalPTULHS" classname="Test Cases/Smoke/TBP/SmokeTesting.IssuePreliminaryApprovalPTULHS" status="FAILED">
            <failure type="FAILED" message="Test Cases/Smoke/TBP/SmokeTesting.IssuePreliminaryApprovalPTULHS FAILED.&#xA;Reason:&#xA;com.kms.katalon.core.exception.StepFailedException: Call Test Case 'Test Cases/Components/NavigateToAnyLHS' failed&#xD;&#xA;&#x9;at com.kms.katalon.core.keyword.builtin.CallTestCaseKeyword$_callTestCase_closure1.doCall(CallTestCaseKeyword.groovy:63)&#xD;&#xA;&#x9;at com.kms.katalon.core.keyword.builtin.CallTestCaseKeyword$_callTestCase_closure1.call(CallTestCaseKeyword.groovy)&#xD;&#xA;&#x9;at com.kms.katalon.core.keyword.internal.KeywordMain.runKeyword(KeywordMain.groovy:68)&#xD;&#xA;&#x9;at com.kms.katalon.core.keyword.builtin.CallTestCaseKeyword.callTestCase(CallTestCaseKeyword.groovy:81)&#xD;&#xA;&#x9;at com.kms.katalon.core.keyword.builtin.CallTestCaseKeyword.execute(CallTestCaseKeyword.groovy:44)&#xD;&#xA;&#x9;at com.kms.katalon.core.keyword.internal.KeywordExecutor.executeKeywordForPlatform(KeywordExecutor.groovy:56)&#xD;&#xA;&#x9;at com.kms.katalon.core.keyword.BuiltinKeywords.callTestCase(BuiltinKeywords.groovy:334)&#xD;&#xA;&#x9;at SmokeTesting.IssuePreliminaryApprovalPTULHS.run(SmokeTesting.IssuePreliminaryApprovalPTULHS:23)&#xD;&#xA;&#x9;at com.kms.katalon.core.main.ScriptEngine.run(ScriptEngine.java:194)&#xD;&#xA;&#x9;at com.kms.katalon.core.main.ScriptEngine.runScriptAsRawText(ScriptEngine.java:119)&#xD;&#xA;&#x9;at com.kms.katalon.core.main.TestCaseExecutor.runScript(TestCaseExecutor.java:337)&#xD;&#xA;&#x9;at com.kms.katalon.core.main.TestCaseExecutor.doExecute(TestCaseExecutor.java:328)&#xD;&#xA;&#x9;at com.kms.katalon.core.main.TestCaseExecutor.processExecutionPhase(TestCaseExecutor.java:307)&#xD;&#xA;&#x9;at com.kms.katalon.core.main.TestCaseExecutor.accessMainPhase(TestCaseExecutor.java:299)&#xD;&#xA;&#x9;at com.kms.katalon.core.main.TestCaseExecutor.execute(TestCaseExecutor.java:233)&#xD;&#xA;&#x9;at com.kms.katalon.core.main.TestSuiteExecutor.accessTestCaseMainPhase(TestSuiteExecutor.java:133)&#xD;&#xA;&#x9;at com.kms.katalon.core.main.TestSuiteExecutor.accessTestSuiteMainPhase(TestSuiteExecutor.java:116)&#xD;&#xA;&#x9;at com.kms.katalon.core.main.TestSuiteExecutor.execute(TestSuiteExecutor.java:83)&#xD;&#xA;&#x9;at com.kms.katalon.core.main.TestCaseMain.startTestSuite(TestCaseMain.java:157)&#xD;&#xA;&#x9;at com.kms.katalon.core.main.TestCaseMain$startTestSuite$0.call(Unknown Source)&#xD;&#xA;&#x9;at TempTestSuite1567762670011.run(TempTestSuite1567762670011.groovy:35)&#xD;&#xA;Caused by: com.kms.katalon.core.exception.StepFailedException: Unable to click on object 'Object Repository/Objects.NavigateToAnyLHS/Page_ISPS2/LHSToModify'&#xD;&#xA;&#x9;at com.kms.katalon.core.webui.keyword.internal.WebUIKeywordMain.stepFailed(WebUIKeywordMain.groovy:64)&#xD;&#xA;&#x9;at com.kms.katalon.core.webui.keyword.internal.WebUIKeywordMain.runKeyword(WebUIKeywordMain.groovy:26)&#xD;&#xA;&#x9;at com.kms.katalon.core.webui.keyword.builtin.ClickKeyword.click(ClickKeyword.groovy:86)&#xD;&#xA;&#x9;at com.kms.katalon.core.webui.keyword.builtin.ClickKeyword.execute(ClickKeyword.groovy:67)&#xD;&#xA;&#x9;at com.kms.katalon.core.keyword.internal.KeywordExecutor.executeKeywordForPlatform(KeywordExecutor.groovy:56)&#xD;&#xA;&#x9;at com.kms.katalon.core.webui.keyword.WebUiBuiltInKeywords.click(WebUiBuiltInKeywords.groovy:616)&#xD;&#xA;&#x9;at com.kms.katalon.core.webui.keyword.WebUiBuiltInKeywords$click$6.call(Unknown Source)&#xD;&#xA;&#x9;at NavigateToAnyLHS.run(NavigateToAnyLHS:24)&#xD;&#xA;&#x9;at com.kms.katalon.core.main.ScriptEngine.run(ScriptEngine.java:194)&#xD;&#xA;&#x9;at com.kms.katalon.core.main.ScriptEngine.runScriptAsRawText(ScriptEngine.java:119)&#xD;&#xA;&#x9;at com.kms.katalon.core.main.TestCaseExecutor.runScript(TestCaseExecutor.java:337)&#xD;&#xA;&#x9;at com.kms.katalon.core.main.TestCaseExecutor.doExecute(TestCaseExecutor.java:328)&#xD;&#xA;&#x9;at com.kms.katalon.core.main.TestCaseExecutor.processExecutionPhase(TestCaseExecutor.java:307)&#xD;&#xA;&#x9;at com.kms.katalon.core.main.TestCaseExecutor.accessMainPhase(TestCaseExecutor.java:299)&#xD;&#xA;&#x9;at com.kms.katalon.core.main.TestCaseExecutor.execute(TestCaseExecutor.java:233)&#xD;&#xA;&#x9;at com.kms.katalon.core.main.TestCaseMain.runTestCase(TestCaseMain.java:114)&#xD;&#xA;&#x9;at com.kms.katalon.core.keyword.builtin.CallTestCaseKeyword$_callTestCase_closure1.doCall(CallTestCaseKeyword.groovy:59)&#xD;&#xA;&#x9;... 20 more&#xD;&#xA;Caused by: com.kms.katalon.core.webui.exception.WebElementNotFoundException: Web element with id: 'Object Repository/Objects.NavigateToAnyLHS/Page_ISPS2/LHSToModify' located by 'By.xpath: //div[@class = 'x-component x-unselectable x-box-item x-ltr x-component-default' and (text() = 'Issue Preliminary Approval/PTU' or . = 'Issue Preliminary Approval/PTU')]' not found&#xD;&#xA;&#x9;at com.kms.katalon.core.webui.common.WebUiCommonHelper.findWebElement(WebUiCommonHelper.java:1097)&#xD;&#xA;&#x9;at com.kms.katalon.core.webui.keyword.internal.WebUIAbstractKeyword.findWebElement(WebUIAbstractKeyword.groovy:27)&#xD;&#xA;&#x9;at com.kms.katalon.core.webui.keyword.internal.WebUIAbstractKeyword.findWebElement(WebUIAbstractKeyword.groovy:26)&#xD;&#xA;&#x9;at com.kms.katalon.core.webui.keyword.builtin.ClickKeyword$_click_closure1.doCall(ClickKeyword.groovy:77)&#xD;&#xA;&#x9;at com.kms.katalon.core.webui.keyword.builtin.ClickKeyword$_click_closure1.call(ClickKeyword.groovy)&#xD;&#xA;&#x9;at com.kms.katalon.core.webui.keyword.internal.WebUIKeywordMain.runKeyword(WebUIKeywordMain.groovy:20)&#xD;&#xA;&#x9;... 35 more&#xD;&#xA;"/>
            <system-out>2019-09-06 17:51:41 - [TEST_CASE][FAILED] - Test Cases/Smoke/TBP/SmokeTesting.IssuePreliminaryApprovalPTULHS: Test Cases/Smoke/TBP/SmokeTesting.IssuePreliminaryApprovalPTULHS FAILED.
Reason:
com.kms.katalon.core.exception.StepFailedException: Call Test Case 'Test Cases/Components/NavigateToAnyLHS' failed&#xD;
	at com.kms.katalon.core.keyword.builtin.CallTestCaseKeyword$_callTestCase_closure1.doCall(CallTestCaseKeyword.groovy:63)&#xD;
	at com.kms.katalon.core.keyword.builtin.CallTestCaseKeyword$_callTestCase_closure1.call(CallTestCaseKeyword.groovy)&#xD;
	at com.kms.katalon.core.keyword.internal.KeywordMain.runKeyword(KeywordMain.groovy:68)&#xD;
	at com.kms.katalon.core.keyword.builtin.CallTestCaseKeyword.callTestCase(CallTestCaseKeyword.groovy:81)&#xD;
	at com.kms.katalon.core.keyword.builtin.CallTestCaseKeyword.execute(CallTestCaseKeyword.groovy:44)&#xD;
	at com.kms.katalon.core.keyword.internal.KeywordExecutor.executeKeywordForPlatform(KeywordExecutor.groovy:56)&#xD;
	at com.kms.katalon.core.keyword.BuiltinKeywords.callTestCase(BuiltinKeywords.groovy:334)&#xD;
	at SmokeTesting.IssuePreliminaryApprovalPTULHS.run(SmokeTesting.IssuePreliminaryApprovalPTULHS:23)&#xD;
	at com.kms.katalon.core.main.ScriptEngine.run(ScriptEngine.java:194)&#xD;
	at com.kms.katalon.core.main.ScriptEngine.runScriptAsRawText(ScriptEngine.java:119)&#xD;
	at com.kms.katalon.core.main.TestCaseExecutor.runScript(TestCaseExecutor.java:337)&#xD;
	at com.kms.katalon.core.main.TestCaseExecutor.doExecute(TestCaseExecutor.java:328)&#xD;
	at com.kms.katalon.core.main.TestCaseExecutor.processExecutionPhase(TestCaseExecutor.java:307)&#xD;
	at com.kms.katalon.core.main.TestCaseExecutor.accessMainPhase(TestCaseExecutor.java:299)&#xD;
	at com.kms.katalon.core.main.TestCaseExecutor.execute(TestCaseExecutor.java:233)&#xD;
	at com.kms.katalon.core.main.TestSuiteExecutor.accessTestCaseMainPhase(TestSuiteExecutor.java:133)&#xD;
	at com.kms.katalon.core.main.TestSuiteExecutor.accessTestSuiteMainPhase(TestSuiteExecutor.java:116)&#xD;
	at com.kms.katalon.core.main.TestSuiteExecutor.execute(TestSuiteExecutor.java:83)&#xD;
	at com.kms.katalon.core.main.TestCaseMain.startTestSuite(TestCaseMain.java:157)&#xD;
	at com.kms.katalon.core.main.TestCaseMain$startTestSuite$0.call(Unknown Source)&#xD;
	at TempTestSuite1567762670011.run(TempTestSuite1567762670011.groovy:35)&#xD;
Caused by: com.kms.katalon.core.exception.StepFailedException: Unable to click on object 'Object Repository/Objects.NavigateToAnyLHS/Page_ISPS2/LHSToModify'&#xD;
	at com.kms.katalon.core.webui.keyword.internal.WebUIKeywordMain.stepFailed(WebUIKeywordMain.groovy:64)&#xD;
	at com.kms.katalon.core.webui.keyword.internal.WebUIKeywordMain.runKeyword(WebUIKeywordMain.groovy:26)&#xD;
	at com.kms.katalon.core.webui.keyword.builtin.ClickKeyword.click(ClickKeyword.groovy:86)&#xD;
	at com.kms.katalon.core.webui.keyword.builtin.ClickKeyword.execute(ClickKeyword.groovy:67)&#xD;
	at com.kms.katalon.core.keyword.internal.KeywordExecutor.executeKeywordForPlatform(KeywordExecutor.groovy:56)&#xD;
	at com.kms.katalon.core.webui.keyword.WebUiBuiltInKeywords.click(WebUiBuiltInKeywords.groovy:616)&#xD;
	at com.kms.katalon.core.webui.keyword.WebUiBuiltInKeywords$click$6.call(Unknown Source)&#xD;
	at NavigateToAnyLHS.run(NavigateToAnyLHS:24)&#xD;
	at com.kms.katalon.core.main.ScriptEngine.run(ScriptEngine.java:194)&#xD;
	at com.kms.katalon.core.main.ScriptEngine.runScriptAsRawText(ScriptEngine.java:119)&#xD;
	at com.kms.katalon.core.main.TestCaseExecutor.runScript(TestCaseExecutor.java:337)&#xD;
	at com.kms.katalon.core.main.TestCaseExecutor.doExecute(TestCaseExecutor.java:328)&#xD;
	at com.kms.katalon.core.main.TestCaseExecutor.processExecutionPhase(TestCaseExecutor.java:307)&#xD;
	at com.kms.katalon.core.main.TestCaseExecutor.accessMainPhase(TestCaseExecutor.java:299)&#xD;
	at com.kms.katalon.core.main.TestCaseExecutor.execute(TestCaseExecutor.java:233)&#xD;
	at com.kms.katalon.core.main.TestCaseMain.runTestCase(TestCaseMain.java:114)&#xD;
	at com.kms.katalon.core.keyword.builtin.CallTestCaseKeyword$_callTestCase_closure1.doCall(CallTestCaseKeyword.groovy:59)&#xD;
	... 20 more&#xD;
Caused by: com.kms.katalon.core.webui.exception.WebElementNotFoundException: Web element with id: 'Object Repository/Objects.NavigateToAnyLHS/Page_ISPS2/LHSToModify' located by 'By.xpath: //div[@class = 'x-component x-unselectable x-box-item x-ltr x-component-default' and (text() = 'Issue Preliminary Approval/PTU' or . = 'Issue Preliminary Approval/PTU')]' not found&#xD;
	at com.kms.katalon.core.webui.common.WebUiCommonHelper.findWebElement(WebUiCommonHelper.java:1097)&#xD;
	at com.kms.katalon.core.webui.keyword.internal.WebUIAbstractKeyword.findWebElement(WebUIAbstractKeyword.groovy:27)&#xD;
	at com.kms.katalon.core.webui.keyword.internal.WebUIAbstractKeyword.findWebElement(WebUIAbstractKeyword.groovy:26)&#xD;
	at com.kms.katalon.core.webui.keyword.builtin.ClickKeyword$_click_closure1.doCall(ClickKeyword.groovy:77)&#xD;
	at com.kms.katalon.core.webui.keyword.builtin.ClickKeyword$_click_closure1.call(ClickKeyword.groovy)&#xD;
	at com.kms.katalon.core.webui.keyword.internal.WebUIKeywordMain.runKeyword(WebUIKeywordMain.groovy:20)&#xD;
	... 35 more&#xD;
&#xD;
&#xD;
2019-09-06 17:51:41 - [TEST_STEP][PASSED] - callTestCase(findTestCase("Components/Login"), ["Username":findTestData("Datatable").getValue("Username", 1), "Password":findTestData("Datatable").getValue("Password", 1)], STOP_ON_FAILURE): Call Test Case 'Test Cases/Components/Login' successfully&#xD;
&#xD;
2019-09-06 17:51:41 - [TEST_CASE][PASSED] - Test Cases/Components/Login: Test Cases/Components/Login&#xD;
&#xD;
2019-09-06 17:51:41 - [TEST_STEP][PASSED] - openBrowser(findTestData("Datatable").getValue("URL", 1)): Browser is opened with url: 'http://java03:3012/isps2-prod-verify/authnz/login.do'&#xD;
&#xD;
2019-09-06 17:51:41 - [MESSAGE][WARNING] - A browser is already opened. Closing browser and opening a new one&#xD;
&#xD;
2019-09-06 17:51:42 - [MESSAGE][INFO] - Starting 'Chrome' driver&#xD;
&#xD;
2019-09-06 17:51:48 - [MESSAGE][PASSED] - Browser is opened with url: 'http://java03:3012/isps2-prod-verify/authnz/login.do'&#xD;
&#xD;
2019-09-06 17:51:48 - [TEST_STEP][PASSED] - maximizeWindow(): Current window maximized&#xD;
&#xD;
2019-09-06 17:51:50 - [MESSAGE][PASSED] - Current window maximized&#xD;
&#xD;
2019-09-06 17:51:50 - [TEST_STEP][PASSED] - verifyTextPresent("Sign in to ISPS2-PROD-Verify", false): Text 'Sign in to ISPS2-PROD-Verify' is present on page &#xD;
&#xD;
2019-09-06 17:51:50 - [MESSAGE][PASSED] - Text 'Sign in to ISPS2-PROD-Verify' is present on page &#xD;
&#xD;
2019-09-06 17:51:50 - [TEST_STEP][NOT_RUN] - com.reusableComponents.HighlightElement.run(findTestObject("Objects.Login/Login Page/div_Sign in to ISPS2-PROD-Verify")): NOT_RUN: com.reusableComponents.HighlightElement.run(findTestObject("Objects.Login/Login Page/div_Sign in to ISPS2-PROD-Verify"))&#xD;
&#xD;
2019-09-06 17:51:50 - [MESSAGE][NOT_RUN] - NOT_RUN: com.reusableComponents.HighlightElement.run(findTestObject("Objects.Login/Login Page/div_Sign in to ISPS2-PROD-Verify"))&#xD;
&#xD;
2019-09-06 17:51:50 - [TEST_STEP][NOT_RUN] - com.reusableComponents.HighlightElement.run(findTestObject("Objects.Login/Login Page/input_Sign in to ISPS2-PROD-Verify_username")): NOT_RUN: com.reusableComponents.HighlightElement.run(findTestObject("Objects.Login/Login Page/input_Sign in to ISPS2-PROD-Verify_username"))&#xD;
&#xD;
2019-09-06 17:51:50 - [MESSAGE][NOT_RUN] - NOT_RUN: com.reusableComponents.HighlightElement.run(findTestObject("Objects.Login/Login Page/input_Sign in to ISPS2-PROD-Verify_username"))&#xD;
&#xD;
2019-09-06 17:51:50 - [TEST_STEP][PASSED] - setText(findTestObject("Objects.Login/Login Page/input_Sign in to ISPS2-PROD-Verify_username"), Username): Text 'sysadmin' is set on object 'Object Repository/Objects.Login/Login Page/input_Sign in to ISPS2-PROD-Verify_username'&#xD;
&#xD;
2019-09-06 17:51:50 - [MESSAGE][PASSED] - Text 'sysadmin' is set on object 'Object Repository/Objects.Login/Login Page/input_Sign in to ISPS2-PROD-Verify_username'&#xD;
&#xD;
2019-09-06 17:51:50 - [TEST_STEP][NOT_RUN] - com.reusableComponents.HighlightElement.run(findTestObject("Objects.Login/Login Page/input_This field is required_password")): NOT_RUN: com.reusableComponents.HighlightElement.run(findTestObject("Objects.Login/Login Page/input_This field is required_password"))&#xD;
&#xD;
2019-09-06 17:51:50 - [MESSAGE][NOT_RUN] - NOT_RUN: com.reusableComponents.HighlightElement.run(findTestObject("Objects.Login/Login Page/input_This field is required_password"))&#xD;
&#xD;
2019-09-06 17:51:50 - [TEST_STEP][PASSED] - setEncryptedText(findTestObject("Objects.Login/Login Page/input_This field is required_password"), Password): Text ****** has been set on object 'Object Repository/Objects.Login/Login Page/input_This field is required_password'&#xD;
&#xD;
2019-09-06 17:51:50 - [MESSAGE][PASSED] - Text ****** has been set on object 'Object Repository/Objects.Login/Login Page/input_This field is required_password'&#xD;
&#xD;
2019-09-06 17:51:50 - [TEST_STEP][NOT_RUN] - com.reusableComponents.HighlightElement.run(findTestObject("Objects.Login/Login Page/div_Sign in to ISPS2-PROD-Verify_NovaGoButton-1021")): NOT_RUN: com.reusableComponents.HighlightElement.run(findTestObject("Objects.Login/Login Page/div_Sign in to ISPS2-PROD-Verify_NovaGoButton-1021"))&#xD;
&#xD;
2019-09-06 17:51:50 - [MESSAGE][NOT_RUN] - NOT_RUN: com.reusableComponents.HighlightElement.run(findTestObject("Objects.Login/Login Page/div_Sign in to ISPS2-PROD-Verify_NovaGoButton-1021"))&#xD;
&#xD;
2019-09-06 17:51:50 - [TEST_STEP][PASSED] - click(findTestObject("Objects.Login/Login Page/div_Sign in to ISPS2-PROD-Verify_NovaGoButton-1021"), OPTIONAL): Object: 'Object Repository/Objects.Login/Login Page/div_Sign in to ISPS2-PROD-Verify_NovaGoButton-1021' is clicked on&#xD;
&#xD;
2019-09-06 17:51:51 - [MESSAGE][PASSED] - Object: 'Object Repository/Objects.Login/Login Page/div_Sign in to ISPS2-PROD-Verify_NovaGoButton-1021' is clicked on&#xD;
&#xD;
2019-09-06 17:51:51 - [TEST_STEP][NOT_RUN] - sendKeys(findTestObject("Objects.Login/Login Page/input_This field is required_password"), Keys.chord(ENTER), OPTIONAL): NOT_RUN: sendKeys(findTestObject("Objects.Login/Login Page/input_This field is required_password"), Keys.chord(ENTER), OPTIONAL)&#xD;
&#xD;
2019-09-06 17:51:51 - [MESSAGE][NOT_RUN] - NOT_RUN: sendKeys(findTestObject("Objects.Login/Login Page/input_This field is required_password"), Keys.chord(ENTER), OPTIONAL)&#xD;
&#xD;
2019-09-06 17:51:51 - [TEST_STEP][PASSED] - waitForPageLoad(30): Wait for page load successfully&#xD;
&#xD;
2019-09-06 17:51:51 - [MESSAGE][PASSED] - Wait for page load successfully&#xD;
&#xD;
2019-09-06 17:51:51 - [TEST_STEP][NOT_RUN] - verifyElementVisible(findTestObject("Objects.Login/Dashboard/a_ISPS2-PROD-Verify"), OPTIONAL): NOT_RUN: verifyElementVisible(findTestObject("Objects.Login/Dashboard/a_ISPS2-PROD-Verify"), OPTIONAL)&#xD;
&#xD;
2019-09-06 17:51:51 - [MESSAGE][NOT_RUN] - NOT_RUN: verifyElementVisible(findTestObject("Objects.Login/Dashboard/a_ISPS2-PROD-Verify"), OPTIONAL)&#xD;
&#xD;
2019-09-06 17:51:51 - [MESSAGE][PASSED] - Call Test Case 'Test Cases/Components/Login' successfully&#xD;
&#xD;
2019-09-06 17:51:51 - [TEST_STEP][PASSED] - callTestCase(findTestCase("Components/NavigateToDashboard"), [:], STOP_ON_FAILURE): Call Test Case 'Test Cases/Components/NavigateToDashboard' successfully&#xD;
&#xD;
2019-09-06 17:51:51 - [TEST_CASE][PASSED] - Test Cases/Components/NavigateToDashboard: Test Cases/Components/NavigateToDashboard&#xD;
&#xD;
2019-09-06 17:51:51 - [TEST_STEP][PASSED] - click(findTestObject("Objects.NavigateToDashboard/a_ISPS2-PROD-Verify")): Object: 'Object Repository/Objects.NavigateToDashboard/a_ISPS2-PROD-Verify' is clicked on&#xD;
&#xD;
2019-09-06 17:51:56 - [MESSAGE][PASSED] - Object: 'Object Repository/Objects.NavigateToDashboard/a_ISPS2-PROD-Verify' is clicked on&#xD;
&#xD;
2019-09-06 17:51:56 - [TEST_STEP][PASSED] - waitForPageLoad(30): Wait for page load successfully&#xD;
&#xD;
2019-09-06 17:51:56 - [MESSAGE][PASSED] - Wait for page load successfully&#xD;
&#xD;
2019-09-06 17:51:56 - [TEST_STEP][PASSED] - Thread.sleep(3000): null&#xD;
&#xD;
2019-09-06 17:51:59 - [TEST_STEP][PASSED] - verifyTextPresent("Loading search result. Please wait...", false, OPTIONAL): Text 'Loading search result. Please wait...' is present on page &#xD;
&#xD;
2019-09-06 17:51:59 - [MESSAGE][PASSED] - Text 'Loading search result. Please wait...' is present on page &#xD;
&#xD;
2019-09-06 17:51:59 - [TEST_STEP][PASSED] - waitForElementNotPresent(findTestObject("Objects.NavigateToDashboard/div_Loading search result Please wait"), 120): Web element with id: 'Object Repository/Objects.NavigateToDashboard/div_Loading search result Please wait' located by 'By.xpath: //div[@class = 'x-mask-msg-text' and (text() = 'Loading search result. Please wait...' or . = 'Loading search result. Please wait...')]' is not present after '120' second(s)&#xD;
&#xD;
2019-09-06 17:52:00 - [MESSAGE][PASSED] - Web element with id: 'Object Repository/Objects.NavigateToDashboard/div_Loading search result Please wait' located by 'By.xpath: //div[@class = 'x-mask-msg-text' and (text() = 'Loading search result. Please wait...' or . = 'Loading search result. Please wait...')]' is not present after '120' second(s)&#xD;
&#xD;
2019-09-06 17:52:00 - [TEST_STEP][PASSED] - Thread.sleep(3000): null&#xD;
&#xD;
2019-09-06 17:52:03 - [MESSAGE][PASSED] - Call Test Case 'Test Cases/Components/NavigateToDashboard' successfully&#xD;
&#xD;
2019-09-06 17:52:03 - [TEST_STEP][PASSED] - callTestCase(findTestCase("Components/SearchTask"), [:], STOP_ON_FAILURE): Call Test Case 'Test Cases/Components/SearchTask' successfully&#xD;
&#xD;
2019-09-06 17:52:03 - [TEST_CASE][PASSED] - Test Cases/Components/SearchTask: Test Cases/Components/SearchTask&#xD;
&#xD;
2019-09-06 17:52:03 - [TEST_STEP][PASSED] - Thread.sleep(3000): null&#xD;
&#xD;
2019-09-06 17:52:06 - [TEST_STEP][PASSED] - verifyElementPresent(findTestObject("Objects.SearchTask/Page_ISPS2/a_"), 0): Object 'Object Repository/Objects.SearchTask/Page_ISPS2/a_' is present&#xD;
&#xD;
2019-09-06 17:52:06 - [MESSAGE][WARNING] - Timeout '0' is invalid. Using default page load timeout: '30'&#xD;
&#xD;
2019-09-06 17:52:06 - [MESSAGE][PASSED] - Object 'Object Repository/Objects.SearchTask/Page_ISPS2/a_' is present&#xD;
&#xD;
2019-09-06 17:52:06 - [TEST_STEP][PASSED] - click(findTestObject("Objects.SearchTask/Page_ISPS2/a_")): Object: 'Object Repository/Objects.SearchTask/Page_ISPS2/a_' is clicked on&#xD;
&#xD;
2019-09-06 17:52:06 - [MESSAGE][PASSED] - Object: 'Object Repository/Objects.SearchTask/Page_ISPS2/a_' is clicked on&#xD;
&#xD;
2019-09-06 17:52:06 - [TEST_STEP][PASSED] - verifyElementVisible(findTestObject("Objects.SearchTask/Page_ISPS2/div_Saved Filter")): Object 'Object Repository/Objects.SearchTask/Page_ISPS2/div_Saved Filter' is visible&#xD;
&#xD;
2019-09-06 17:52:06 - [MESSAGE][PASSED] - Object 'Object Repository/Objects.SearchTask/Page_ISPS2/div_Saved Filter' is visible&#xD;
&#xD;
2019-09-06 17:52:06 - [TEST_STEP][PASSED] - Thread.sleep(3000): null&#xD;
&#xD;
2019-09-06 17:52:09 - [TEST_STEP][PASSED] - click(findTestObject("Objects.SearchTask/Page_ISPS2/span_Reset")): Object: 'Object Repository/Objects.SearchTask/Page_ISPS2/span_Reset' is clicked on&#xD;
&#xD;
2019-09-06 17:52:09 - [MESSAGE][PASSED] - Object: 'Object Repository/Objects.SearchTask/Page_ISPS2/span_Reset' is clicked on&#xD;
&#xD;
2019-09-06 17:52:09 - [TEST_STEP][PASSED] - com.reusableComponents.HighlightElement.run(findTestObject("Objects.SearchTask/Page_ISPS2/input_Task Description_searchCriteriaPojotaskDescription")): com.reusableComponents.HighlightElement.run is PASSED&#xD;
&#xD;
2019-09-06 17:52:10 - [MESSAGE][PASSED] - com.reusableComponents.HighlightElement.run is PASSED&#xD;
&#xD;
2019-09-06 17:52:10 - [TEST_STEP][PASSED] - setText(findTestObject("Objects.SearchTask/Page_ISPS2/input_Task Description_searchCriteriaPojotaskDescription"), "Process Temporary Building Permit"): Text 'Process Temporary Building Permit' is set on object 'Object Repository/Objects.SearchTask/Page_ISPS2/input_Task Description_searchCriteriaPojotaskDescription'&#xD;
&#xD;
2019-09-06 17:52:10 - [MESSAGE][PASSED] - Text 'Process Temporary Building Permit' is set on object 'Object Repository/Objects.SearchTask/Page_ISPS2/input_Task Description_searchCriteriaPojotaskDescription'&#xD;
&#xD;
2019-09-06 17:52:10 - [TEST_STEP][PASSED] - Thread.sleep(1000): null&#xD;
&#xD;
2019-09-06 17:52:11 - [TEST_STEP][PASSED] - click(findTestObject("Objects.SearchTask/Page_ISPS2/div_Process Temporary Building Permit")): Object: 'Object Repository/Objects.SearchTask/Page_ISPS2/div_Process Temporary Building Permit' is clicked on&#xD;
&#xD;
2019-09-06 17:52:12 - [MESSAGE][PASSED] - Object: 'Object Repository/Objects.SearchTask/Page_ISPS2/div_Process Temporary Building Permit' is clicked on&#xD;
&#xD;
2019-09-06 17:52:12 - [TEST_STEP][PASSED] - com.reusableComponents.HighlightElement.run(findTestObject("Objects.SearchTask/Page_ISPS2/span_Search")): com.reusableComponents.HighlightElement.run is PASSED&#xD;
&#xD;
2019-09-06 17:52:12 - [MESSAGE][PASSED] - com.reusableComponents.HighlightElement.run is PASSED&#xD;
&#xD;
2019-09-06 17:52:12 - [TEST_STEP][PASSED] - click(findTestObject("Objects.SearchTask/Page_ISPS2/span_Search")): Object: 'Object Repository/Objects.SearchTask/Page_ISPS2/span_Search' is clicked on&#xD;
&#xD;
2019-09-06 17:52:12 - [MESSAGE][PASSED] - Object: 'Object Repository/Objects.SearchTask/Page_ISPS2/span_Search' is clicked on&#xD;
&#xD;
2019-09-06 17:52:12 - [TEST_STEP][PASSED] - Thread.sleep(500): null&#xD;
&#xD;
2019-09-06 17:52:13 - [TEST_STEP][PASSED] - waitForElementNotPresent(findTestObject("Objects.SearchTask/Page_ISPS2/div_Loading search result Please wait"), 120, STOP_ON_FAILURE): Web element with id: 'Object Repository/Objects.SearchTask/Page_ISPS2/div_Loading search result Please wait' located by 'By.xpath: //div[@class = 'x-mask-msg-text' and (text() = 'Loading search result. Please wait...' or . = 'Loading search result. Please wait...')]' is not present after '120' second(s)&#xD;
&#xD;
2019-09-06 17:52:13 - [MESSAGE][PASSED] - Web element with id: 'Object Repository/Objects.SearchTask/Page_ISPS2/div_Loading search result Please wait' located by 'By.xpath: //div[@class = 'x-mask-msg-text' and (text() = 'Loading search result. Please wait...' or . = 'Loading search result. Please wait...')]' is not present after '120' second(s)&#xD;
&#xD;
2019-09-06 17:52:13 - [TEST_STEP][PASSED] - Thread.sleep(2000): null&#xD;
&#xD;
2019-09-06 17:52:15 - [TEST_STEP][PASSED] - scrollToElement(findTestObject("Objects.SearchTask/Page_ISPS2/a_Process Temporary Building Permit"), 0): Scroll to object 'Object Repository/Objects.SearchTask/Page_ISPS2/a_Process Temporary Building Permit' successfully&#xD;
&#xD;
2019-09-06 17:52:15 - [MESSAGE][WARNING] - Timeout '0' is invalid. Using default page load timeout: '30'&#xD;
&#xD;
2019-09-06 17:52:15 - [MESSAGE][PASSED] - Scroll to object 'Object Repository/Objects.SearchTask/Page_ISPS2/a_Process Temporary Building Permit' successfully&#xD;
&#xD;
2019-09-06 17:52:15 - [TEST_STEP][PASSED] - com.reusableComponents.HighlightElement.run(findTestObject("Objects.SearchTask/Page_ISPS2/a_Process Temporary Building Permit")): com.reusableComponents.HighlightElement.run is PASSED&#xD;
&#xD;
2019-09-06 17:52:16 - [MESSAGE][PASSED] - com.reusableComponents.HighlightElement.run is PASSED&#xD;
&#xD;
2019-09-06 17:52:16 - [TEST_STEP][PASSED] - click(findTestObject("Objects.SearchTask/Page_ISPS2/a_Process Temporary Building Permit")): Object: 'Object Repository/Objects.SearchTask/Page_ISPS2/a_Process Temporary Building Permit' is clicked on&#xD;
&#xD;
2019-09-06 17:52:16 - [MESSAGE][PASSED] - Object: 'Object Repository/Objects.SearchTask/Page_ISPS2/a_Process Temporary Building Permit' is clicked on&#xD;
&#xD;
2019-09-06 17:52:16 - [TEST_STEP][PASSED] - Thread.sleep(500): null&#xD;
&#xD;
2019-09-06 17:52:16 - [TEST_STEP][PASSED] - waitForElementPresent(findTestObject("Objects.SearchTask/Page_ISPS2/div_Process Temporary Building Permit_LandingPage"), 120): Object 'Object Repository/Objects.SearchTask/Page_ISPS2/div_Process Temporary Building Permit_LandingPage' is present&#xD;
&#xD;
2019-09-06 17:52:19 - [MESSAGE][PASSED] - Object 'Object Repository/Objects.SearchTask/Page_ISPS2/div_Process Temporary Building Permit_LandingPage' is present&#xD;
&#xD;
2019-09-06 17:52:19 - [TEST_STEP][PASSED] - Thread.sleep(3000): null&#xD;
&#xD;
2019-09-06 17:52:22 - [MESSAGE][PASSED] - Call Test Case 'Test Cases/Components/SearchTask' successfully&#xD;
&#xD;
2019-09-06 17:52:22 - [TEST_STEP][FAILED] - callTestCase(findTestCase("Components/NavigateToAnyLHS"), ["LHS":"Issue Preliminary Approval/PTU"], STOP_ON_FAILURE): Unable to call Test Case 'Test Cases/Components/NavigateToAnyLHS' (Root cause: com.kms.katalon.core.exception.StepFailedException: Call Test Case 'Test Cases/Components/NavigateToAnyLHS' failed&#xD;
	at com.kms.katalon.core.keyword.builtin.CallTestCaseKeyword$_callTestCase_closure1.doCall(CallTestCaseKeyword.groovy:63)&#xD;
	at com.kms.katalon.core.keyword.builtin.CallTestCaseKeyword$_callTestCase_closure1.call(CallTestCaseKeyword.groovy)&#xD;
	at com.kms.katalon.core.keyword.internal.KeywordMain.runKeyword(KeywordMain.groovy:68)&#xD;
	at com.kms.katalon.core.keyword.builtin.CallTestCaseKeyword.callTestCase(CallTestCaseKeyword.groovy:81)&#xD;
	at com.kms.katalon.core.keyword.builtin.CallTestCaseKeyword.execute(CallTestCaseKeyword.groovy:44)&#xD;
	at com.kms.katalon.core.keyword.internal.KeywordExecutor.executeKeywordForPlatform(KeywordExecutor.groovy:56)&#xD;
	at com.kms.katalon.core.keyword.BuiltinKeywords.callTestCase(BuiltinKeywords.groovy:334)&#xD;
	at SmokeTesting.IssuePreliminaryApprovalPTULHS.run(SmokeTesting.IssuePreliminaryApprovalPTULHS:23)&#xD;
	at com.kms.katalon.core.main.ScriptEngine.run(ScriptEngine.java:194)&#xD;
	at com.kms.katalon.core.main.ScriptEngine.runScriptAsRawText(ScriptEngine.java:119)&#xD;
	at com.kms.katalon.core.main.TestCaseExecutor.runScript(TestCaseExecutor.java:337)&#xD;
	at com.kms.katalon.core.main.TestCaseExecutor.doExecute(TestCaseExecutor.java:328)&#xD;
	at com.kms.katalon.core.main.TestCaseExecutor.processExecutionPhase(TestCaseExecutor.java:307)&#xD;
	at com.kms.katalon.core.main.TestCaseExecutor.accessMainPhase(TestCaseExecutor.java:299)&#xD;
	at com.kms.katalon.core.main.TestCaseExecutor.execute(TestCaseExecutor.java:233)&#xD;
	at com.kms.katalon.core.main.TestSuiteExecutor.accessTestCaseMainPhase(TestSuiteExecutor.java:133)&#xD;
	at com.kms.katalon.core.main.TestSuiteExecutor.accessTestSuiteMainPhase(TestSuiteExecutor.java:116)&#xD;
	at com.kms.katalon.core.main.TestSuiteExecutor.execute(TestSuiteExecutor.java:83)&#xD;
	at com.kms.katalon.core.main.TestCaseMain.startTestSuite(TestCaseMain.java:157)&#xD;
	at com.kms.katalon.core.main.TestCaseMain$startTestSuite$0.call(Unknown Source)&#xD;
	at TempTestSuite1567762670011.run(TempTestSuite1567762670011.groovy:35)&#xD;
Caused by: com.kms.katalon.core.exception.StepFailedException: Unable to click on object 'Object Repository/Objects.NavigateToAnyLHS/Page_ISPS2/LHSToModify'&#xD;
	at com.kms.katalon.core.webui.keyword.internal.WebUIKeywordMain.stepFailed(WebUIKeywordMain.groovy:64)&#xD;
	at com.kms.katalon.core.webui.keyword.internal.WebUIKeywordMain.runKeyword(WebUIKeywordMain.groovy:26)&#xD;
	at com.kms.katalon.core.webui.keyword.builtin.ClickKeyword.click(ClickKeyword.groovy:86)&#xD;
	at com.kms.katalon.core.webui.keyword.builtin.ClickKeyword.execute(ClickKeyword.groovy:67)&#xD;
	at com.kms.katalon.core.keyword.internal.KeywordExecutor.executeKeywordForPlatform(KeywordExecutor.groovy:56)&#xD;
	at com.kms.katalon.core.webui.keyword.WebUiBuiltInKeywords.click(WebUiBuiltInKeywords.groovy:616)&#xD;
	at com.kms.katalon.core.webui.keyword.WebUiBuiltInKeywords$click$6.call(Unknown Source)&#xD;
	at NavigateToAnyLHS.run(NavigateToAnyLHS:24)&#xD;
	at com.kms.katalon.core.main.ScriptEngine.run(ScriptEngine.java:194)&#xD;
	at com.kms.katalon.core.main.ScriptEngine.runScriptAsRawText(ScriptEngine.java:119)&#xD;
	at com.kms.katalon.core.main.TestCaseExecutor.runScript(TestCaseExecutor.java:337)&#xD;
	at com.kms.katalon.core.main.TestCaseExecutor.doExecute(TestCaseExecutor.java:328)&#xD;
	at com.kms.katalon.core.main.TestCaseExecutor.processExecutionPhase(TestCaseExecutor.java:307)&#xD;
	at com.kms.katalon.core.main.TestCaseExecutor.accessMainPhase(TestCaseExecutor.java:299)&#xD;
	at com.kms.katalon.core.main.TestCaseExecutor.execute(TestCaseExecutor.java:233)&#xD;
	at com.kms.katalon.core.main.TestCaseMain.runTestCase(TestCaseMain.java:114)&#xD;
	at com.kms.katalon.core.keyword.builtin.CallTestCaseKeyword$_callTestCase_closure1.doCall(CallTestCaseKeyword.groovy:59)&#xD;
	... 20 more&#xD;
Caused by: com.kms.katalon.core.webui.exception.WebElementNotFoundException: Web element with id: 'Object Repository/Objects.NavigateToAnyLHS/Page_ISPS2/LHSToModify' located by 'By.xpath: //div[@class = 'x-component x-unselectable x-box-item x-ltr x-component-default' and (text() = 'Issue Preliminary Approval/PTU' or . = 'Issue Preliminary Approval/PTU')]' not found&#xD;
	at com.kms.katalon.core.webui.common.WebUiCommonHelper.findWebElement(WebUiCommonHelper.java:1097)&#xD;
	at com.kms.katalon.core.webui.keyword.internal.WebUIAbstractKeyword.findWebElement(WebUIAbstractKeyword.groovy:27)&#xD;
	at com.kms.katalon.core.webui.keyword.internal.WebUIAbstractKeyword.findWebElement(WebUIAbstractKeyword.groovy:26)&#xD;
	at com.kms.katalon.core.webui.keyword.builtin.ClickKeyword$_click_closure1.doCall(ClickKeyword.groovy:77)&#xD;
	at com.kms.katalon.core.webui.keyword.builtin.ClickKeyword$_click_closure1.call(ClickKeyword.groovy)&#xD;
	at com.kms.katalon.core.webui.keyword.internal.WebUIKeywordMain.runKeyword(WebUIKeywordMain.groovy:20)&#xD;
	... 35 more&#xD;
)&#xD;
&#xD;
2019-09-06 17:52:22 - [TEST_CASE][FAILED] - Test Cases/Components/NavigateToAnyLHS: Test Cases/Components/NavigateToAnyLHS FAILED.
Reason:
com.kms.katalon.core.exception.StepFailedException: Unable to click on object 'Object Repository/Objects.NavigateToAnyLHS/Page_ISPS2/LHSToModify'&#xD;
	at com.kms.katalon.core.webui.keyword.internal.WebUIKeywordMain.stepFailed(WebUIKeywordMain.groovy:64)&#xD;
	at com.kms.katalon.core.webui.keyword.internal.WebUIKeywordMain.runKeyword(WebUIKeywordMain.groovy:26)&#xD;
	at com.kms.katalon.core.webui.keyword.builtin.ClickKeyword.click(ClickKeyword.groovy:86)&#xD;
	at com.kms.katalon.core.webui.keyword.builtin.ClickKeyword.execute(ClickKeyword.groovy:67)&#xD;
	at com.kms.katalon.core.keyword.internal.KeywordExecutor.executeKeywordForPlatform(KeywordExecutor.groovy:56)&#xD;
	at com.kms.katalon.core.webui.keyword.WebUiBuiltInKeywords.click(WebUiBuiltInKeywords.groovy:616)&#xD;
	at com.kms.katalon.core.webui.keyword.WebUiBuiltInKeywords$click$6.call(Unknown Source)&#xD;
	at NavigateToAnyLHS.run(NavigateToAnyLHS:24)&#xD;
	at com.kms.katalon.core.main.ScriptEngine.run(ScriptEngine.java:194)&#xD;
	at com.kms.katalon.core.main.ScriptEngine.runScriptAsRawText(ScriptEngine.java:119)&#xD;
	at com.kms.katalon.core.main.TestCaseExecutor.runScript(TestCaseExecutor.java:337)&#xD;
	at com.kms.katalon.core.main.TestCaseExecutor.doExecute(TestCaseExecutor.java:328)&#xD;
	at com.kms.katalon.core.main.TestCaseExecutor.processExecutionPhase(TestCaseExecutor.java:307)&#xD;
	at com.kms.katalon.core.main.TestCaseExecutor.accessMainPhase(TestCaseExecutor.java:299)&#xD;
	at com.kms.katalon.core.main.TestCaseExecutor.execute(TestCaseExecutor.java:233)&#xD;
	at com.kms.katalon.core.main.TestCaseMain.runTestCase(TestCaseMain.java:114)&#xD;
	at com.kms.katalon.core.keyword.builtin.CallTestCaseKeyword$_callTestCase_closure1.doCall(CallTestCaseKeyword.groovy:59)&#xD;
	at com.kms.katalon.core.keyword.builtin.CallTestCaseKeyword$_callTestCase_closure1.call(CallTestCaseKeyword.groovy)&#xD;
	at com.kms.katalon.core.keyword.internal.KeywordMain.runKeyword(KeywordMain.groovy:68)&#xD;
	at com.kms.katalon.core.keyword.builtin.CallTestCaseKeyword.callTestCase(CallTestCaseKeyword.groovy:81)&#xD;
	at com.kms.katalon.core.keyword.builtin.CallTestCaseKeyword.execute(CallTestCaseKeyword.groovy:44)&#xD;
	at com.kms.katalon.core.keyword.internal.KeywordExecutor.executeKeywordForPlatform(KeywordExecutor.groovy:56)&#xD;
	at com.kms.katalon.core.keyword.BuiltinKeywords.callTestCase(BuiltinKeywords.groovy:334)&#xD;
	at SmokeTesting.IssuePreliminaryApprovalPTULHS.run(SmokeTesting.IssuePreliminaryApprovalPTULHS:23)&#xD;
	at com.kms.katalon.core.main.ScriptEngine.run(ScriptEngine.java:194)&#xD;
	at com.kms.katalon.core.main.ScriptEngine.runScriptAsRawText(ScriptEngine.java:119)&#xD;
	at com.kms.katalon.core.main.TestCaseExecutor.runScript(TestCaseExecutor.java:337)&#xD;
	at com.kms.katalon.core.main.TestCaseExecutor.doExecute(TestCaseExecutor.java:328)&#xD;
	at com.kms.katalon.core.main.TestCaseExecutor.processExecutionPhase(TestCaseExecutor.java:307)&#xD;
	at com.kms.katalon.core.main.TestCaseExecutor.accessMainPhase(TestCaseExecutor.java:299)&#xD;
	at com.kms.katalon.core.main.TestCaseExecutor.execute(TestCaseExecutor.java:233)&#xD;
	at com.kms.katalon.core.main.TestSuiteExecutor.accessTestCaseMainPhase(TestSuiteExecutor.java:133)&#xD;
	at com.kms.katalon.core.main.TestSuiteExecutor.accessTestSuiteMainPhase(TestSuiteExecutor.java:116)&#xD;
	at com.kms.katalon.core.main.TestSuiteExecutor.execute(TestSuiteExecutor.java:83)&#xD;
	at com.kms.katalon.core.main.TestCaseMain.startTestSuite(TestCaseMain.java:157)&#xD;
	at com.kms.katalon.core.main.TestCaseMain$startTestSuite$0.call(Unknown Source)&#xD;
	at TempTestSuite1567762670011.run(TempTestSuite1567762670011.groovy:35)&#xD;
Caused by: com.kms.katalon.core.webui.exception.WebElementNotFoundException: Web element with id: 'Object Repository/Objects.NavigateToAnyLHS/Page_ISPS2/LHSToModify' located by 'By.xpath: //div[@class = 'x-component x-unselectable x-box-item x-ltr x-component-default' and (text() = 'Issue Preliminary Approval/PTU' or . = 'Issue Preliminary Approval/PTU')]' not found&#xD;
	at com.kms.katalon.core.webui.common.WebUiCommonHelper.findWebElement(WebUiCommonHelper.java:1097)&#xD;
	at com.kms.katalon.core.webui.keyword.internal.WebUIAbstractKeyword.findWebElement(WebUIAbstractKeyword.groovy:27)&#xD;
	at com.kms.katalon.core.webui.keyword.internal.WebUIAbstractKeyword.findWebElement(WebUIAbstractKeyword.groovy:26)&#xD;
	at com.kms.katalon.core.webui.keyword.builtin.ClickKeyword$_click_closure1.doCall(ClickKeyword.groovy:77)&#xD;
	at com.kms.katalon.core.webui.keyword.builtin.ClickKeyword$_click_closure1.call(ClickKeyword.groovy)&#xD;
	at com.kms.katalon.core.webui.keyword.internal.WebUIKeywordMain.runKeyword(WebUIKeywordMain.groovy:20)&#xD;
	... 35 more&#xD;
&#xD;
&#xD;
2019-09-06 17:52:22 - [TEST_STEP][PASSED] - Thread.sleep(1000): null&#xD;
&#xD;
2019-09-06 17:52:23 - [TEST_STEP][PASSED] - modifiedLHS = modifyObjectProperty(findTestObject("Objects.NavigateToAnyLHS/Page_ISPS2/LHSToModify"), "text", "equals", LHS, true): Modify property of object successfully&#xD;
&#xD;
2019-09-06 17:52:23 - [MESSAGE][PASSED] - Modify property of object successfully&#xD;
&#xD;
2019-09-06 17:52:23 - [TEST_STEP][FAILED] - click(modifiedLHS): Unable to click on object 'Object Repository/Objects.NavigateToAnyLHS/Page_ISPS2/LHSToModify' (Root cause: com.kms.katalon.core.exception.StepFailedException: Unable to click on object 'Object Repository/Objects.NavigateToAnyLHS/Page_ISPS2/LHSToModify'&#xD;
	at com.kms.katalon.core.webui.keyword.internal.WebUIKeywordMain.stepFailed(WebUIKeywordMain.groovy:64)&#xD;
	at com.kms.katalon.core.webui.keyword.internal.WebUIKeywordMain.runKeyword(WebUIKeywordMain.groovy:26)&#xD;
	at com.kms.katalon.core.webui.keyword.builtin.ClickKeyword.click(ClickKeyword.groovy:86)&#xD;
	at com.kms.katalon.core.webui.keyword.builtin.ClickKeyword.execute(ClickKeyword.groovy:67)&#xD;
	at com.kms.katalon.core.keyword.internal.KeywordExecutor.executeKeywordForPlatform(KeywordExecutor.groovy:56)&#xD;
	at com.kms.katalon.core.webui.keyword.WebUiBuiltInKeywords.click(WebUiBuiltInKeywords.groovy:616)&#xD;
	at com.kms.katalon.core.webui.keyword.WebUiBuiltInKeywords$click$6.call(Unknown Source)&#xD;
	at NavigateToAnyLHS.run(NavigateToAnyLHS:24)&#xD;
	at com.kms.katalon.core.main.ScriptEngine.run(ScriptEngine.java:194)&#xD;
	at com.kms.katalon.core.main.ScriptEngine.runScriptAsRawText(ScriptEngine.java:119)&#xD;
	at com.kms.katalon.core.main.TestCaseExecutor.runScript(TestCaseExecutor.java:337)&#xD;
	at com.kms.katalon.core.main.TestCaseExecutor.doExecute(TestCaseExecutor.java:328)&#xD;
	at com.kms.katalon.core.main.TestCaseExecutor.processExecutionPhase(TestCaseExecutor.java:307)&#xD;
	at com.kms.katalon.core.main.TestCaseExecutor.accessMainPhase(TestCaseExecutor.java:299)&#xD;
	at com.kms.katalon.core.main.TestCaseExecutor.execute(TestCaseExecutor.java:233)&#xD;
	at com.kms.katalon.core.main.TestCaseMain.runTestCase(TestCaseMain.java:114)&#xD;
	at com.kms.katalon.core.keyword.builtin.CallTestCaseKeyword$_callTestCase_closure1.doCall(CallTestCaseKeyword.groovy:59)&#xD;
	at com.kms.katalon.core.keyword.builtin.CallTestCaseKeyword$_callTestCase_closure1.call(CallTestCaseKeyword.groovy)&#xD;
	at com.kms.katalon.core.keyword.internal.KeywordMain.runKeyword(KeywordMain.groovy:68)&#xD;
	at com.kms.katalon.core.keyword.builtin.CallTestCaseKeyword.callTestCase(CallTestCaseKeyword.groovy:81)&#xD;
	at com.kms.katalon.core.keyword.builtin.CallTestCaseKeyword.execute(CallTestCaseKeyword.groovy:44)&#xD;
	at com.kms.katalon.core.keyword.internal.KeywordExecutor.executeKeywordForPlatform(KeywordExecutor.groovy:56)&#xD;
	at com.kms.katalon.core.keyword.BuiltinKeywords.callTestCase(BuiltinKeywords.groovy:334)&#xD;
	at SmokeTesting.IssuePreliminaryApprovalPTULHS.run(SmokeTesting.IssuePreliminaryApprovalPTULHS:23)&#xD;
	at com.kms.katalon.core.main.ScriptEngine.run(ScriptEngine.java:194)&#xD;
	at com.kms.katalon.core.main.ScriptEngine.runScriptAsRawText(ScriptEngine.java:119)&#xD;
	at com.kms.katalon.core.main.TestCaseExecutor.runScript(TestCaseExecutor.java:337)&#xD;
	at com.kms.katalon.core.main.TestCaseExecutor.doExecute(TestCaseExecutor.java:328)&#xD;
	at com.kms.katalon.core.main.TestCaseExecutor.processExecutionPhase(TestCaseExecutor.java:307)&#xD;
	at com.kms.katalon.core.main.TestCaseExecutor.accessMainPhase(TestCaseExecutor.java:299)&#xD;
	at com.kms.katalon.core.main.TestCaseExecutor.execute(TestCaseExecutor.java:233)&#xD;
	at com.kms.katalon.core.main.TestSuiteExecutor.accessTestCaseMainPhase(TestSuiteExecutor.java:133)&#xD;
	at com.kms.katalon.core.main.TestSuiteExecutor.accessTestSuiteMainPhase(TestSuiteExecutor.java:116)&#xD;
	at com.kms.katalon.core.main.TestSuiteExecutor.execute(TestSuiteExecutor.java:83)&#xD;
	at com.kms.katalon.core.main.TestCaseMain.startTestSuite(TestCaseMain.java:157)&#xD;
	at com.kms.katalon.core.main.TestCaseMain$startTestSuite$0.call(Unknown Source)&#xD;
	at TempTestSuite1567762670011.run(TempTestSuite1567762670011.groovy:35)&#xD;
Caused by: com.kms.katalon.core.webui.exception.WebElementNotFoundException: Web element with id: 'Object Repository/Objects.NavigateToAnyLHS/Page_ISPS2/LHSToModify' located by 'By.xpath: //div[@class = 'x-component x-unselectable x-box-item x-ltr x-component-default' and (text() = 'Issue Preliminary Approval/PTU' or . = 'Issue Preliminary Approval/PTU')]' not found&#xD;
	at com.kms.katalon.core.webui.common.WebUiCommonHelper.findWebElement(WebUiCommonHelper.java:1097)&#xD;
	at com.kms.katalon.core.webui.keyword.internal.WebUIAbstractKeyword.findWebElement(WebUIAbstractKeyword.groovy:27)&#xD;
	at com.kms.katalon.core.webui.keyword.internal.WebUIAbstractKeyword.findWebElement(WebUIAbstractKeyword.groovy:26)&#xD;
	at com.kms.katalon.core.webui.keyword.builtin.ClickKeyword$_click_closure1.doCall(ClickKeyword.groovy:77)&#xD;
	at com.kms.katalon.core.webui.keyword.builtin.ClickKeyword$_click_closure1.call(ClickKeyword.groovy)&#xD;
	at com.kms.katalon.core.webui.keyword.internal.WebUIKeywordMain.runKeyword(WebUIKeywordMain.groovy:20)&#xD;
	at com.kms.katalon.core.webui.keyword.builtin.ClickKeyword.click(ClickKeyword.groovy:86)&#xD;
	at com.kms.katalon.core.webui.keyword.builtin.ClickKeyword.execute(ClickKeyword.groovy:67)&#xD;
	at com.kms.katalon.core.keyword.internal.KeywordExecutor.executeKeywordForPlatform(KeywordExecutor.groovy:56)&#xD;
	at com.kms.katalon.core.webui.keyword.WebUiBuiltInKeywords.click(WebUiBuiltInKeywords.groovy:616)&#xD;
	at com.kms.katalon.core.webui.keyword.WebUiBuiltInKeywords$click$6.call(Unknown Source)&#xD;
	at Script1565337412228.run(Script1565337412228.groovy:24)&#xD;
	at com.kms.katalon.core.main.ScriptEngine.run(ScriptEngine.java:194)&#xD;
	at com.kms.katalon.core.main.ScriptEngine.runScriptAsRawText(ScriptEngine.java:119)&#xD;
	at com.kms.katalon.core.main.TestCaseExecutor.runScript(TestCaseExecutor.java:337)&#xD;
	at com.kms.katalon.core.main.TestCaseExecutor.doExecute(TestCaseExecutor.java:328)&#xD;
	at com.kms.katalon.core.main.TestCaseExecutor.processExecutionPhase(TestCaseExecutor.java:307)&#xD;
	at com.kms.katalon.core.main.TestCaseExecutor.accessMainPhase(TestCaseExecutor.java:299)&#xD;
	at com.kms.katalon.core.main.TestCaseExecutor.execute(TestCaseExecutor.java:233)&#xD;
	at com.kms.katalon.core.main.TestCaseMain.runTestCase(TestCaseMain.java:114)&#xD;
	at com.kms.katalon.core.keyword.builtin.CallTestCaseKeyword$_callTestCase_closure1.doCall(CallTestCaseKeyword.groovy:59)&#xD;
	at com.kms.katalon.core.keyword.builtin.CallTestCaseKeyword$_callTestCase_closure1.call(CallTestCaseKeyword.groovy)&#xD;
	at com.kms.katalon.core.keyword.internal.KeywordMain.runKeyword(KeywordMain.groovy:68)&#xD;
	at com.kms.katalon.core.keyword.builtin.CallTestCaseKeyword.callTestCase(CallTestCaseKeyword.groovy:81)&#xD;
	at com.kms.katalon.core.keyword.builtin.CallTestCaseKeyword.execute(CallTestCaseKeyword.groovy:44)&#xD;
	at com.kms.katalon.core.keyword.internal.KeywordExecutor.executeKeywordForPlatform(KeywordExecutor.groovy:56)&#xD;
	at com.kms.katalon.core.keyword.BuiltinKeywords.callTestCase(BuiltinKeywords.groovy:334)&#xD;
	at Script1567478294021.run(Script1567478294021.groovy:23)&#xD;
	... 13 more&#xD;
)&#xD;
&#xD;
2019-09-06 17:52:54 - [MESSAGE][INFO] - Unable to find the element located by 'By.xpath: //div[@class = 'x-component x-unselectable x-box-item x-ltr x-component-default' and (text() = 'Issue Preliminary Approval/PTU' or . = 'Issue Preliminary Approval/PTU')]'. Please recheck the objects properties to make sure the desired element is located. &#xD;
&#xD;
2019-09-06 17:52:54 - [MESSAGE][FAILED] - Unable to click on object 'Object Repository/Objects.NavigateToAnyLHS/Page_ISPS2/LHSToModify' (Root cause: com.kms.katalon.core.exception.StepFailedException: Unable to click on object 'Object Repository/Objects.NavigateToAnyLHS/Page_ISPS2/LHSToModify'&#xD;
	at com.kms.katalon.core.webui.keyword.internal.WebUIKeywordMain.stepFailed(WebUIKeywordMain.groovy:64)&#xD;
	at com.kms.katalon.core.webui.keyword.internal.WebUIKeywordMain.runKeyword(WebUIKeywordMain.groovy:26)&#xD;
	at com.kms.katalon.core.webui.keyword.builtin.ClickKeyword.click(ClickKeyword.groovy:86)&#xD;
	at com.kms.katalon.core.webui.keyword.builtin.ClickKeyword.execute(ClickKeyword.groovy:67)&#xD;
	at com.kms.katalon.core.keyword.internal.KeywordExecutor.executeKeywordForPlatform(KeywordExecutor.groovy:56)&#xD;
	at com.kms.katalon.core.webui.keyword.WebUiBuiltInKeywords.click(WebUiBuiltInKeywords.groovy:616)&#xD;
	at com.kms.katalon.core.webui.keyword.WebUiBuiltInKeywords$click$6.call(Unknown Source)&#xD;
	at NavigateToAnyLHS.run(NavigateToAnyLHS:24)&#xD;
	at com.kms.katalon.core.main.ScriptEngine.run(ScriptEngine.java:194)&#xD;
	at com.kms.katalon.core.main.ScriptEngine.runScriptAsRawText(ScriptEngine.java:119)&#xD;
	at com.kms.katalon.core.main.TestCaseExecutor.runScript(TestCaseExecutor.java:337)&#xD;
	at com.kms.katalon.core.main.TestCaseExecutor.doExecute(TestCaseExecutor.java:328)&#xD;
	at com.kms.katalon.core.main.TestCaseExecutor.processExecutionPhase(TestCaseExecutor.java:307)&#xD;
	at com.kms.katalon.core.main.TestCaseExecutor.accessMainPhase(TestCaseExecutor.java:299)&#xD;
	at com.kms.katalon.core.main.TestCaseExecutor.execute(TestCaseExecutor.java:233)&#xD;
	at com.kms.katalon.core.main.TestCaseMain.runTestCase(TestCaseMain.java:114)&#xD;
	at com.kms.katalon.core.keyword.builtin.CallTestCaseKeyword$_callTestCase_closure1.doCall(CallTestCaseKeyword.groovy:59)&#xD;
	at com.kms.katalon.core.keyword.builtin.CallTestCaseKeyword$_callTestCase_closure1.call(CallTestCaseKeyword.groovy)&#xD;
	at com.kms.katalon.core.keyword.internal.KeywordMain.runKeyword(KeywordMain.groovy:68)&#xD;
	at com.kms.katalon.core.keyword.builtin.CallTestCaseKeyword.callTestCase(CallTestCaseKeyword.groovy:81)&#xD;
	at com.kms.katalon.core.keyword.builtin.CallTestCaseKeyword.execute(CallTestCaseKeyword.groovy:44)&#xD;
	at com.kms.katalon.core.keyword.internal.KeywordExecutor.executeKeywordForPlatform(KeywordExecutor.groovy:56)&#xD;
	at com.kms.katalon.core.keyword.BuiltinKeywords.callTestCase(BuiltinKeywords.groovy:334)&#xD;
	at SmokeTesting.IssuePreliminaryApprovalPTULHS.run(SmokeTesting.IssuePreliminaryApprovalPTULHS:23)&#xD;
	at com.kms.katalon.core.main.ScriptEngine.run(ScriptEngine.java:194)&#xD;
	at com.kms.katalon.core.main.ScriptEngine.runScriptAsRawText(ScriptEngine.java:119)&#xD;
	at com.kms.katalon.core.main.TestCaseExecutor.runScript(TestCaseExecutor.java:337)&#xD;
	at com.kms.katalon.core.main.TestCaseExecutor.doExecute(TestCaseExecutor.java:328)&#xD;
	at com.kms.katalon.core.main.TestCaseExecutor.processExecutionPhase(TestCaseExecutor.java:307)&#xD;
	at com.kms.katalon.core.main.TestCaseExecutor.accessMainPhase(TestCaseExecutor.java:299)&#xD;
	at com.kms.katalon.core.main.TestCaseExecutor.execute(TestCaseExecutor.java:233)&#xD;
	at com.kms.katalon.core.main.TestSuiteExecutor.accessTestCaseMainPhase(TestSuiteExecutor.java:133)&#xD;
	at com.kms.katalon.core.main.TestSuiteExecutor.accessTestSuiteMainPhase(TestSuiteExecutor.java:116)&#xD;
	at com.kms.katalon.core.main.TestSuiteExecutor.execute(TestSuiteExecutor.java:83)&#xD;
	at com.kms.katalon.core.main.TestCaseMain.startTestSuite(TestCaseMain.java:157)&#xD;
	at com.kms.katalon.core.main.TestCaseMain$startTestSuite$0.call(Unknown Source)&#xD;
	at TempTestSuite1567762670011.run(TempTestSuite1567762670011.groovy:35)&#xD;
Caused by: com.kms.katalon.core.webui.exception.WebElementNotFoundException: Web element with id: 'Object Repository/Objects.NavigateToAnyLHS/Page_ISPS2/LHSToModify' located by 'By.xpath: //div[@class = 'x-component x-unselectable x-box-item x-ltr x-component-default' and (text() = 'Issue Preliminary Approval/PTU' or . = 'Issue Preliminary Approval/PTU')]' not found&#xD;
	at com.kms.katalon.core.webui.common.WebUiCommonHelper.findWebElement(WebUiCommonHelper.java:1097)&#xD;
	at com.kms.katalon.core.webui.keyword.internal.WebUIAbstractKeyword.findWebElement(WebUIAbstractKeyword.groovy:27)&#xD;
	at com.kms.katalon.core.webui.keyword.internal.WebUIAbstractKeyword.findWebElement(WebUIAbstractKeyword.groovy:26)&#xD;
	at com.kms.katalon.core.webui.keyword.builtin.ClickKeyword$_click_closure1.doCall(ClickKeyword.groovy:77)&#xD;
	at com.kms.katalon.core.webui.keyword.builtin.ClickKeyword$_click_closure1.call(ClickKeyword.groovy)&#xD;
	at com.kms.katalon.core.webui.keyword.internal.WebUIKeywordMain.runKeyword(WebUIKeywordMain.groovy:20)&#xD;
	at com.kms.katalon.core.webui.keyword.builtin.ClickKeyword.click(ClickKeyword.groovy:86)&#xD;
	at com.kms.katalon.core.webui.keyword.builtin.ClickKeyword.execute(ClickKeyword.groovy:67)&#xD;
	at com.kms.katalon.core.keyword.internal.KeywordExecutor.executeKeywordForPlatform(KeywordExecutor.groovy:56)&#xD;
	at com.kms.katalon.core.webui.keyword.WebUiBuiltInKeywords.click(WebUiBuiltInKeywords.groovy:616)&#xD;
	at com.kms.katalon.core.webui.keyword.WebUiBuiltInKeywords$click$6.call(Unknown Source)&#xD;
	at Script1565337412228.run(Script1565337412228.groovy:24)&#xD;
	at com.kms.katalon.core.main.ScriptEngine.run(ScriptEngine.java:194)&#xD;
	at com.kms.katalon.core.main.ScriptEngine.runScriptAsRawText(ScriptEngine.java:119)&#xD;
	at com.kms.katalon.core.main.TestCaseExecutor.runScript(TestCaseExecutor.java:337)&#xD;
	at com.kms.katalon.core.main.TestCaseExecutor.doExecute(TestCaseExecutor.java:328)&#xD;
	at com.kms.katalon.core.main.TestCaseExecutor.processExecutionPhase(TestCaseExecutor.java:307)&#xD;
	at com.kms.katalon.core.main.TestCaseExecutor.accessMainPhase(TestCaseExecutor.java:299)&#xD;
	at com.kms.katalon.core.main.TestCaseExecutor.execute(TestCaseExecutor.java:233)&#xD;
	at com.kms.katalon.core.main.TestCaseMain.runTestCase(TestCaseMain.java:114)&#xD;
	at com.kms.katalon.core.keyword.builtin.CallTestCaseKeyword$_callTestCase_closure1.doCall(CallTestCaseKeyword.groovy:59)&#xD;
	at com.kms.katalon.core.keyword.builtin.CallTestCaseKeyword$_callTestCase_closure1.call(CallTestCaseKeyword.groovy)&#xD;
	at com.kms.katalon.core.keyword.internal.KeywordMain.runKeyword(KeywordMain.groovy:68)&#xD;
	at com.kms.katalon.core.keyword.builtin.CallTestCaseKeyword.callTestCase(CallTestCaseKeyword.groovy:81)&#xD;
	at com.kms.katalon.core.keyword.builtin.CallTestCaseKeyword.execute(CallTestCaseKeyword.groovy:44)&#xD;
	at com.kms.katalon.core.keyword.internal.KeywordExecutor.executeKeywordForPlatform(KeywordExecutor.groovy:56)&#xD;
	at com.kms.katalon.core.keyword.BuiltinKeywords.callTestCase(BuiltinKeywords.groovy:334)&#xD;
	at Script1567478294021.run(Script1567478294021.groovy:23)&#xD;
	... 13 more&#xD;
)&#xD;
[[ATTACHMENT|C:\\Automation\\ISPS2 Automation\\Reports\\Smoke Testing Automated Regression Suite (STARS)\\20190906_173749\\1567763574465.png]]&#xD;
&#xD;
2019-09-06 17:52:54 - [MESSAGE][FAILED] - Unable to call Test Case 'Test Cases/Components/NavigateToAnyLHS' (Root cause: com.kms.katalon.core.exception.StepFailedException: Call Test Case 'Test Cases/Components/NavigateToAnyLHS' failed&#xD;
	at com.kms.katalon.core.keyword.builtin.CallTestCaseKeyword$_callTestCase_closure1.doCall(CallTestCaseKeyword.groovy:63)&#xD;
	at com.kms.katalon.core.keyword.builtin.CallTestCaseKeyword$_callTestCase_closure1.call(CallTestCaseKeyword.groovy)&#xD;
	at com.kms.katalon.core.keyword.internal.KeywordMain.runKeyword(KeywordMain.groovy:68)&#xD;
	at com.kms.katalon.core.keyword.builtin.CallTestCaseKeyword.callTestCase(CallTestCaseKeyword.groovy:81)&#xD;
	at com.kms.katalon.core.keyword.builtin.CallTestCaseKeyword.execute(CallTestCaseKeyword.groovy:44)&#xD;
	at com.kms.katalon.core.keyword.internal.KeywordExecutor.executeKeywordForPlatform(KeywordExecutor.groovy:56)&#xD;
	at com.kms.katalon.core.keyword.BuiltinKeywords.callTestCase(BuiltinKeywords.groovy:334)&#xD;
	at SmokeTesting.IssuePreliminaryApprovalPTULHS.run(SmokeTesting.IssuePreliminaryApprovalPTULHS:23)&#xD;
	at com.kms.katalon.core.main.ScriptEngine.run(ScriptEngine.java:194)&#xD;
	at com.kms.katalon.core.main.ScriptEngine.runScriptAsRawText(ScriptEngine.java:119)&#xD;
	at com.kms.katalon.core.main.TestCaseExecutor.runScript(TestCaseExecutor.java:337)&#xD;
	at com.kms.katalon.core.main.TestCaseExecutor.doExecute(TestCaseExecutor.java:328)&#xD;
	at com.kms.katalon.core.main.TestCaseExecutor.processExecutionPhase(TestCaseExecutor.java:307)&#xD;
	at com.kms.katalon.core.main.TestCaseExecutor.accessMainPhase(TestCaseExecutor.java:299)&#xD;
	at com.kms.katalon.core.main.TestCaseExecutor.execute(TestCaseExecutor.java:233)&#xD;
	at com.kms.katalon.core.main.TestSuiteExecutor.accessTestCaseMainPhase(TestSuiteExecutor.java:133)&#xD;
	at com.kms.katalon.core.main.TestSuiteExecutor.accessTestSuiteMainPhase(TestSuiteExecutor.java:116)&#xD;
	at com.kms.katalon.core.main.TestSuiteExecutor.execute(TestSuiteExecutor.java:83)&#xD;
	at com.kms.katalon.core.main.TestCaseMain.startTestSuite(TestCaseMain.java:157)&#xD;
	at com.kms.katalon.core.main.TestCaseMain$startTestSuite$0.call(Unknown Source)&#xD;
	at TempTestSuite1567762670011.run(TempTestSuite1567762670011.groovy:35)&#xD;
Caused by: com.kms.katalon.core.exception.StepFailedException: Unable to click on object 'Object Repository/Objects.NavigateToAnyLHS/Page_ISPS2/LHSToModify'&#xD;
	at com.kms.katalon.core.webui.keyword.internal.WebUIKeywordMain.stepFailed(WebUIKeywordMain.groovy:64)&#xD;
	at com.kms.katalon.core.webui.keyword.internal.WebUIKeywordMain.runKeyword(WebUIKeywordMain.groovy:26)&#xD;
	at com.kms.katalon.core.webui.keyword.builtin.ClickKeyword.click(ClickKeyword.groovy:86)&#xD;
	at com.kms.katalon.core.webui.keyword.builtin.ClickKeyword.execute(ClickKeyword.groovy:67)&#xD;
	at com.kms.katalon.core.keyword.internal.KeywordExecutor.executeKeywordForPlatform(KeywordExecutor.groovy:56)&#xD;
	at com.kms.katalon.core.webui.keyword.WebUiBuiltInKeywords.click(WebUiBuiltInKeywords.groovy:616)&#xD;
	at com.kms.katalon.core.webui.keyword.WebUiBuiltInKeywords$click$6.call(Unknown Source)&#xD;
	at NavigateToAnyLHS.run(NavigateToAnyLHS:24)&#xD;
	at com.kms.katalon.core.main.ScriptEngine.run(ScriptEngine.java:194)&#xD;
	at com.kms.katalon.core.main.ScriptEngine.runScriptAsRawText(ScriptEngine.java:119)&#xD;
	at com.kms.katalon.core.main.TestCaseExecutor.runScript(TestCaseExecutor.java:337)&#xD;
	at com.kms.katalon.core.main.TestCaseExecutor.doExecute(TestCaseExecutor.java:328)&#xD;
	at com.kms.katalon.core.main.TestCaseExecutor.processExecutionPhase(TestCaseExecutor.java:307)&#xD;
	at com.kms.katalon.core.main.TestCaseExecutor.accessMainPhase(TestCaseExecutor.java:299)&#xD;
	at com.kms.katalon.core.main.TestCaseExecutor.execute(TestCaseExecutor.java:233)&#xD;
	at com.kms.katalon.core.main.TestCaseMain.runTestCase(TestCaseMain.java:114)&#xD;
	at com.kms.katalon.core.keyword.builtin.CallTestCaseKeyword$_callTestCase_closure1.doCall(CallTestCaseKeyword.groovy:59)&#xD;
	... 20 more&#xD;
Caused by: com.kms.katalon.core.webui.exception.WebElementNotFoundException: Web element with id: 'Object Repository/Objects.NavigateToAnyLHS/Page_ISPS2/LHSToModify' located by 'By.xpath: //div[@class = 'x-component x-unselectable x-box-item x-ltr x-component-default' and (text() = 'Issue Preliminary Approval/PTU' or . = 'Issue Preliminary Approval/PTU')]' not found&#xD;
	at com.kms.katalon.core.webui.common.WebUiCommonHelper.findWebElement(WebUiCommonHelper.java:1097)&#xD;
	at com.kms.katalon.core.webui.keyword.internal.WebUIAbstractKeyword.findWebElement(WebUIAbstractKeyword.groovy:27)&#xD;
	at com.kms.katalon.core.webui.keyword.internal.WebUIAbstractKeyword.findWebElement(WebUIAbstractKeyword.groovy:26)&#xD;
	at com.kms.katalon.core.webui.keyword.builtin.ClickKeyword$_click_closure1.doCall(ClickKeyword.groovy:77)&#xD;
	at com.kms.katalon.core.webui.keyword.builtin.ClickKeyword$_click_closure1.call(ClickKeyword.groovy)&#xD;
	at com.kms.katalon.core.webui.keyword.internal.WebUIKeywordMain.runKeyword(WebUIKeywordMain.groovy:20)&#xD;
	... 35 more&#xD;
)</system-out>
            <system-err>2019-09-06 17:51:41 - [TEST_CASE][FAILED] - Test Cases/Smoke/TBP/SmokeTesting.IssuePreliminaryApprovalPTULHS: Test Cases/Smoke/TBP/SmokeTesting.IssuePreliminaryApprovalPTULHS FAILED.
Reason:
com.kms.katalon.core.exception.StepFailedException: Call Test Case 'Test Cases/Components/NavigateToAnyLHS' failed&#xD;
	at com.kms.katalon.core.keyword.builtin.CallTestCaseKeyword$_callTestCase_closure1.doCall(CallTestCaseKeyword.groovy:63)&#xD;
	at com.kms.katalon.core.keyword.builtin.CallTestCaseKeyword$_callTestCase_closure1.call(CallTestCaseKeyword.groovy)&#xD;
	at com.kms.katalon.core.keyword.internal.KeywordMain.runKeyword(KeywordMain.groovy:68)&#xD;
	at com.kms.katalon.core.keyword.builtin.CallTestCaseKeyword.callTestCase(CallTestCaseKeyword.groovy:81)&#xD;
	at com.kms.katalon.core.keyword.builtin.CallTestCaseKeyword.execute(CallTestCaseKeyword.groovy:44)&#xD;
	at com.kms.katalon.core.keyword.internal.KeywordExecutor.executeKeywordForPlatform(KeywordExecutor.groovy:56)&#xD;
	at com.kms.katalon.core.keyword.BuiltinKeywords.callTestCase(BuiltinKeywords.groovy:334)&#xD;
	at SmokeTesting.IssuePreliminaryApprovalPTULHS.run(SmokeTesting.IssuePreliminaryApprovalPTULHS:23)&#xD;
	at com.kms.katalon.core.main.ScriptEngine.run(ScriptEngine.java:194)&#xD;
	at com.kms.katalon.core.main.ScriptEngine.runScriptAsRawText(ScriptEngine.java:119)&#xD;
	at com.kms.katalon.core.main.TestCaseExecutor.runScript(TestCaseExecutor.java:337)&#xD;
	at com.kms.katalon.core.main.TestCaseExecutor.doExecute(TestCaseExecutor.java:328)&#xD;
	at com.kms.katalon.core.main.TestCaseExecutor.processExecutionPhase(TestCaseExecutor.java:307)&#xD;
	at com.kms.katalon.core.main.TestCaseExecutor.accessMainPhase(TestCaseExecutor.java:299)&#xD;
	at com.kms.katalon.core.main.TestCaseExecutor.execute(TestCaseExecutor.java:233)&#xD;
	at com.kms.katalon.core.main.TestSuiteExecutor.accessTestCaseMainPhase(TestSuiteExecutor.java:133)&#xD;
	at com.kms.katalon.core.main.TestSuiteExecutor.accessTestSuiteMainPhase(TestSuiteExecutor.java:116)&#xD;
	at com.kms.katalon.core.main.TestSuiteExecutor.execute(TestSuiteExecutor.java:83)&#xD;
	at com.kms.katalon.core.main.TestCaseMain.startTestSuite(TestCaseMain.java:157)&#xD;
	at com.kms.katalon.core.main.TestCaseMain$startTestSuite$0.call(Unknown Source)&#xD;
	at TempTestSuite1567762670011.run(TempTestSuite1567762670011.groovy:35)&#xD;
Caused by: com.kms.katalon.core.exception.StepFailedException: Unable to click on object 'Object Repository/Objects.NavigateToAnyLHS/Page_ISPS2/LHSToModify'&#xD;
	at com.kms.katalon.core.webui.keyword.internal.WebUIKeywordMain.stepFailed(WebUIKeywordMain.groovy:64)&#xD;
	at com.kms.katalon.core.webui.keyword.internal.WebUIKeywordMain.runKeyword(WebUIKeywordMain.groovy:26)&#xD;
	at com.kms.katalon.core.webui.keyword.builtin.ClickKeyword.click(ClickKeyword.groovy:86)&#xD;
	at com.kms.katalon.core.webui.keyword.builtin.ClickKeyword.execute(ClickKeyword.groovy:67)&#xD;
	at com.kms.katalon.core.keyword.internal.KeywordExecutor.executeKeywordForPlatform(KeywordExecutor.groovy:56)&#xD;
	at com.kms.katalon.core.webui.keyword.WebUiBuiltInKeywords.click(WebUiBuiltInKeywords.groovy:616)&#xD;
	at com.kms.katalon.core.webui.keyword.WebUiBuiltInKeywords$click$6.call(Unknown Source)&#xD;
	at NavigateToAnyLHS.run(NavigateToAnyLHS:24)&#xD;
	at com.kms.katalon.core.main.ScriptEngine.run(ScriptEngine.java:194)&#xD;
	at com.kms.katalon.core.main.ScriptEngine.runScriptAsRawText(ScriptEngine.java:119)&#xD;
	at com.kms.katalon.core.main.TestCaseExecutor.runScript(TestCaseExecutor.java:337)&#xD;
	at com.kms.katalon.core.main.TestCaseExecutor.doExecute(TestCaseExecutor.java:328)&#xD;
	at com.kms.katalon.core.main.TestCaseExecutor.processExecutionPhase(TestCaseExecutor.java:307)&#xD;
	at com.kms.katalon.core.main.TestCaseExecutor.accessMainPhase(TestCaseExecutor.java:299)&#xD;
	at com.kms.katalon.core.main.TestCaseExecutor.execute(TestCaseExecutor.java:233)&#xD;
	at com.kms.katalon.core.main.TestCaseMain.runTestCase(TestCaseMain.java:114)&#xD;
	at com.kms.katalon.core.keyword.builtin.CallTestCaseKeyword$_callTestCase_closure1.doCall(CallTestCaseKeyword.groovy:59)&#xD;
	... 20 more&#xD;
Caused by: com.kms.katalon.core.webui.exception.WebElementNotFoundException: Web element with id: 'Object Repository/Objects.NavigateToAnyLHS/Page_ISPS2/LHSToModify' located by 'By.xpath: //div[@class = 'x-component x-unselectable x-box-item x-ltr x-component-default' and (text() = 'Issue Preliminary Approval/PTU' or . = 'Issue Preliminary Approval/PTU')]' not found&#xD;
	at com.kms.katalon.core.webui.common.WebUiCommonHelper.findWebElement(WebUiCommonHelper.java:1097)&#xD;
	at com.kms.katalon.core.webui.keyword.internal.WebUIAbstractKeyword.findWebElement(WebUIAbstractKeyword.groovy:27)&#xD;
	at com.kms.katalon.core.webui.keyword.internal.WebUIAbstractKeyword.findWebElement(WebUIAbstractKeyword.groovy:26)&#xD;
	at com.kms.katalon.core.webui.keyword.builtin.ClickKeyword$_click_closure1.doCall(ClickKeyword.groovy:77)&#xD;
	at com.kms.katalon.core.webui.keyword.builtin.ClickKeyword$_click_closure1.call(ClickKeyword.groovy)&#xD;
	at com.kms.katalon.core.webui.keyword.internal.WebUIKeywordMain.runKeyword(WebUIKeywordMain.groovy:20)&#xD;
	... 35 more</system-err>
        </testcase>
        <testcase name="Test Cases/Smoke/TBP/SmokeTesting.ReminderLetterLHS" classname="Test Cases/Smoke/TBP/SmokeTesting.ReminderLetterLHS" status="PASSED">
            <system-out>2019-09-06 17:52:54 - [TEST_CASE][PASSED] - Test Cases/Smoke/TBP/SmokeTesting.ReminderLetterLHS: Test Cases/Smoke/TBP/SmokeTesting.ReminderLetterLHS&#xD;
&#xD;
2019-09-06 17:52:54 - [TEST_STEP][PASSED] - return null: null</system-out>
            <system-err></system-err>
        </testcase>
        <testcase name="Test Cases/Smoke/TBP/SmokeTesting.KIVLHS" classname="Test Cases/Smoke/TBP/SmokeTesting.KIVLHS" status="FAILED">
            <failure type="FAILED" message="Test Cases/Smoke/TBP/SmokeTesting.KIVLHS FAILED.&#xA;Reason:&#xA;com.kms.katalon.core.exception.StepFailedException: Call Test Case 'Test Cases/Components/PopulateKIVLHS' failed&#xD;&#xA;&#x9;at com.kms.katalon.core.keyword.builtin.CallTestCaseKeyword$_callTestCase_closure1.doCall(CallTestCaseKeyword.groovy:63)&#xD;&#xA;&#x9;at com.kms.katalon.core.keyword.builtin.CallTestCaseKeyword$_callTestCase_closure1.call(CallTestCaseKeyword.groovy)&#xD;&#xA;&#x9;at com.kms.katalon.core.keyword.internal.KeywordMain.runKeyword(KeywordMain.groovy:68)&#xD;&#xA;&#x9;at com.kms.katalon.core.keyword.builtin.CallTestCaseKeyword.callTestCase(CallTestCaseKeyword.groovy:81)&#xD;&#xA;&#x9;at com.kms.katalon.core.keyword.builtin.CallTestCaseKeyword.execute(CallTestCaseKeyword.groovy:44)&#xD;&#xA;&#x9;at com.kms.katalon.core.keyword.internal.KeywordExecutor.executeKeywordForPlatform(KeywordExecutor.groovy:56)&#xD;&#xA;&#x9;at com.kms.katalon.core.keyword.BuiltinKeywords.callTestCase(BuiltinKeywords.groovy:334)&#xD;&#xA;&#x9;at SmokeTesting.KIVLHS.run(SmokeTesting.KIVLHS:25)&#xD;&#xA;&#x9;at com.kms.katalon.core.main.ScriptEngine.run(ScriptEngine.java:194)&#xD;&#xA;&#x9;at com.kms.katalon.core.main.ScriptEngine.runScriptAsRawText(ScriptEngine.java:119)&#xD;&#xA;&#x9;at com.kms.katalon.core.main.TestCaseExecutor.runScript(TestCaseExecutor.java:337)&#xD;&#xA;&#x9;at com.kms.katalon.core.main.TestCaseExecutor.doExecute(TestCaseExecutor.java:328)&#xD;&#xA;&#x9;at com.kms.katalon.core.main.TestCaseExecutor.processExecutionPhase(TestCaseExecutor.java:307)&#xD;&#xA;&#x9;at com.kms.katalon.core.main.TestCaseExecutor.accessMainPhase(TestCaseExecutor.java:299)&#xD;&#xA;&#x9;at com.kms.katalon.core.main.TestCaseExecutor.execute(TestCaseExecutor.java:233)&#xD;&#xA;&#x9;at com.kms.katalon.core.main.TestSuiteExecutor.accessTestCaseMainPhase(TestSuiteExecutor.java:133)&#xD;&#xA;&#x9;at com.kms.katalon.core.main.TestSuiteExecutor.accessTestSuiteMainPhase(TestSuiteExecutor.java:116)&#xD;&#xA;&#x9;at com.kms.katalon.core.main.TestSuiteExecutor.execute(TestSuiteExecutor.java:83)&#xD;&#xA;&#x9;at com.kms.katalon.core.main.TestCaseMain.startTestSuite(TestCaseMain.java:157)&#xD;&#xA;&#x9;at com.kms.katalon.core.main.TestCaseMain$startTestSuite$0.call(Unknown Source)&#xD;&#xA;&#x9;at TempTestSuite1567762670011.run(TempTestSuite1567762670011.groovy:35)&#xD;&#xA;Caused by: com.kms.katalon.core.exception.StepFailedException: Unable to click on object 'Object Repository/Objects.PopulateKIVLHS/radio_on'&#xD;&#xA;&#x9;at com.kms.katalon.core.webui.keyword.internal.WebUIKeywordMain.stepFailed(WebUIKeywordMain.groovy:64)&#xD;&#xA;&#x9;at com.kms.katalon.core.webui.keyword.internal.WebUIKeywordMain.runKeyword(WebUIKeywordMain.groovy:26)&#xD;&#xA;&#x9;at com.kms.katalon.core.webui.keyword.builtin.ClickKeyword.click(ClickKeyword.groovy:86)&#xD;&#xA;&#x9;at com.kms.katalon.core.webui.keyword.builtin.ClickKeyword.execute(ClickKeyword.groovy:67)&#xD;&#xA;&#x9;at com.kms.katalon.core.keyword.internal.KeywordExecutor.executeKeywordForPlatform(KeywordExecutor.groovy:56)&#xD;&#xA;&#x9;at com.kms.katalon.core.webui.keyword.WebUiBuiltInKeywords.click(WebUiBuiltInKeywords.groovy:616)&#xD;&#xA;&#x9;at com.kms.katalon.core.webui.keyword.WebUiBuiltInKeywords$click$6.call(Unknown Source)&#xD;&#xA;&#x9;at PopulateKIVLHS.run(PopulateKIVLHS:36)&#xD;&#xA;&#x9;at com.kms.katalon.core.main.ScriptEngine.run(ScriptEngine.java:194)&#xD;&#xA;&#x9;at com.kms.katalon.core.main.ScriptEngine.runScriptAsRawText(ScriptEngine.java:119)&#xD;&#xA;&#x9;at com.kms.katalon.core.main.TestCaseExecutor.runScript(TestCaseExecutor.java:337)&#xD;&#xA;&#x9;at com.kms.katalon.core.main.TestCaseExecutor.doExecute(TestCaseExecutor.java:328)&#xD;&#xA;&#x9;at com.kms.katalon.core.main.TestCaseExecutor.processExecutionPhase(TestCaseExecutor.java:307)&#xD;&#xA;&#x9;at com.kms.katalon.core.main.TestCaseExecutor.accessMainPhase(TestCaseExecutor.java:299)&#xD;&#xA;&#x9;at com.kms.katalon.core.main.TestCaseExecutor.execute(TestCaseExecutor.java:233)&#xD;&#xA;&#x9;at com.kms.katalon.core.main.TestCaseMain.runTestCase(TestCaseMain.java:114)&#xD;&#xA;&#x9;at com.kms.katalon.core.keyword.builtin.CallTestCaseKeyword$_callTestCase_closure1.doCall(CallTestCaseKeyword.groovy:59)&#xD;&#xA;&#x9;... 20 more&#xD;&#xA;Caused by: org.openqa.selenium.ElementClickInterceptedException: element click intercepted: Element &lt;label id=&quot;radiofield-2235-boxLabelEl&quot; data-ref=&quot;boxLabelEl&quot; class=&quot;x-form-cb-label x-form-cb-label-default x-form-cb-label-after  &quot; for=&quot;radiofield-2235-inputEl&quot; style=&quot;background: clear;&quot;&gt;...&lt;/label&gt; is not clickable at point (491, 381). Other element would receive the click: &lt;span id=&quot;radiofield-2235-displayEl&quot; data-ref=&quot;displayEl&quot; class=&quot;x-form-field x-form-radio x-form-radio-default x-form-cb x-form-cb-default  &quot;&gt;&lt;/span&gt;&#xA;  (Session info: chrome=76.0.3809.132)&#xA;Build info: version: '3.141.59', revision: 'e82be7d358', time: '2018-11-14T08:25:53'&#xA;System info: host: 'NSNB-118', ip: '10.0.1.130', os.name: 'Windows 10', os.arch: 'amd64', os.version: '10.0', java.version: '1.8.0_181'&#xA;Driver info: com.kms.katalon.selenium.driver.CChromeDriver&#xA;Capabilities {acceptInsecureCerts: false, browserName: chrome, browserVersion: 76.0.3809.132, chrome: {chromedriverVersion: 76.0.3809.68 (420c9498db8ce..., userDataDir: C:\Users\19033-~1\AppData\L...}, goog:chromeOptions: {debuggerAddress: localhost:63738}, javascriptEnabled: true, networkConnectionEnabled: false, pageLoadStrategy: normal, platform: XP, platformName: XP, proxy: Proxy(), setWindowRect: true, strictFileInteractability: false, timeouts: {implicit: 0, pageLoad: 300000, script: 30000}, unhandledPromptBehavior: dismiss and notify}&#xA;Session ID: 836c070b0e30b9f07f2e487c50c0c2e0&#xD;&#xA;&#x9;at org.openqa.selenium.remote.http.W3CHttpResponseCodec.createException(W3CHttpResponseCodec.java:187)&#xD;&#xA;&#x9;at org.openqa.selenium.remote.http.W3CHttpResponseCodec.decode(W3CHttpResponseCodec.java:122)&#xD;&#xA;&#x9;at org.openqa.selenium.remote.http.W3CHttpResponseCodec.decode(W3CHttpResponseCodec.java:49)&#xD;&#xA;&#x9;at org.openqa.selenium.remote.HttpCommandExecutor.execute(HttpCommandExecutor.java:158)&#xD;&#xA;&#x9;at org.openqa.selenium.remote.service.DriverCommandExecutor.execute(DriverCommandExecutor.java:83)&#xD;&#xA;&#x9;at org.openqa.selenium.remote.RemoteWebDriver.execute(RemoteWebDriver.java:552)&#xD;&#xA;&#x9;at com.kms.katalon.selenium.driver.CChromeDriver.execute(CChromeDriver.java:20)&#xD;&#xA;&#x9;at org.openqa.selenium.remote.RemoteWebElement.execute(RemoteWebElement.java:285)&#xD;&#xA;&#x9;at org.openqa.selenium.remote.RemoteWebElement.click(RemoteWebElement.java:84)&#xD;&#xA;&#x9;at com.kms.katalon.core.webui.keyword.builtin.ClickKeyword$_click_closure1.doCall(ClickKeyword.groovy:79)&#xD;&#xA;&#x9;at com.kms.katalon.core.webui.keyword.builtin.ClickKeyword$_click_closure1.call(ClickKeyword.groovy)&#xD;&#xA;&#x9;at com.kms.katalon.core.webui.keyword.internal.WebUIKeywordMain.runKeyword(WebUIKeywordMain.groovy:20)&#xD;&#xA;&#x9;... 35 more&#xD;&#xA;"/>
            <system-out>2019-09-06 17:52:54 - [TEST_CASE][FAILED] - Test Cases/Smoke/TBP/SmokeTesting.KIVLHS: Test Cases/Smoke/TBP/SmokeTesting.KIVLHS FAILED.
Reason:
com.kms.katalon.core.exception.StepFailedException: Call Test Case 'Test Cases/Components/PopulateKIVLHS' failed&#xD;
	at com.kms.katalon.core.keyword.builtin.CallTestCaseKeyword$_callTestCase_closure1.doCall(CallTestCaseKeyword.groovy:63)&#xD;
	at com.kms.katalon.core.keyword.builtin.CallTestCaseKeyword$_callTestCase_closure1.call(CallTestCaseKeyword.groovy)&#xD;
	at com.kms.katalon.core.keyword.internal.KeywordMain.runKeyword(KeywordMain.groovy:68)&#xD;
	at com.kms.katalon.core.keyword.builtin.CallTestCaseKeyword.callTestCase(CallTestCaseKeyword.groovy:81)&#xD;
	at com.kms.katalon.core.keyword.builtin.CallTestCaseKeyword.execute(CallTestCaseKeyword.groovy:44)&#xD;
	at com.kms.katalon.core.keyword.internal.KeywordExecutor.executeKeywordForPlatform(KeywordExecutor.groovy:56)&#xD;
	at com.kms.katalon.core.keyword.BuiltinKeywords.callTestCase(BuiltinKeywords.groovy:334)&#xD;
	at SmokeTesting.KIVLHS.run(SmokeTesting.KIVLHS:25)&#xD;
	at com.kms.katalon.core.main.ScriptEngine.run(ScriptEngine.java:194)&#xD;
	at com.kms.katalon.core.main.ScriptEngine.runScriptAsRawText(ScriptEngine.java:119)&#xD;
	at com.kms.katalon.core.main.TestCaseExecutor.runScript(TestCaseExecutor.java:337)&#xD;
	at com.kms.katalon.core.main.TestCaseExecutor.doExecute(TestCaseExecutor.java:328)&#xD;
	at com.kms.katalon.core.main.TestCaseExecutor.processExecutionPhase(TestCaseExecutor.java:307)&#xD;
	at com.kms.katalon.core.main.TestCaseExecutor.accessMainPhase(TestCaseExecutor.java:299)&#xD;
	at com.kms.katalon.core.main.TestCaseExecutor.execute(TestCaseExecutor.java:233)&#xD;
	at com.kms.katalon.core.main.TestSuiteExecutor.accessTestCaseMainPhase(TestSuiteExecutor.java:133)&#xD;
	at com.kms.katalon.core.main.TestSuiteExecutor.accessTestSuiteMainPhase(TestSuiteExecutor.java:116)&#xD;
	at com.kms.katalon.core.main.TestSuiteExecutor.execute(TestSuiteExecutor.java:83)&#xD;
	at com.kms.katalon.core.main.TestCaseMain.startTestSuite(TestCaseMain.java:157)&#xD;
	at com.kms.katalon.core.main.TestCaseMain$startTestSuite$0.call(Unknown Source)&#xD;
	at TempTestSuite1567762670011.run(TempTestSuite1567762670011.groovy:35)&#xD;
Caused by: com.kms.katalon.core.exception.StepFailedException: Unable to click on object 'Object Repository/Objects.PopulateKIVLHS/radio_on'&#xD;
	at com.kms.katalon.core.webui.keyword.internal.WebUIKeywordMain.stepFailed(WebUIKeywordMain.groovy:64)&#xD;
	at com.kms.katalon.core.webui.keyword.internal.WebUIKeywordMain.runKeyword(WebUIKeywordMain.groovy:26)&#xD;
	at com.kms.katalon.core.webui.keyword.builtin.ClickKeyword.click(ClickKeyword.groovy:86)&#xD;
	at com.kms.katalon.core.webui.keyword.builtin.ClickKeyword.execute(ClickKeyword.groovy:67)&#xD;
	at com.kms.katalon.core.keyword.internal.KeywordExecutor.executeKeywordForPlatform(KeywordExecutor.groovy:56)&#xD;
	at com.kms.katalon.core.webui.keyword.WebUiBuiltInKeywords.click(WebUiBuiltInKeywords.groovy:616)&#xD;
	at com.kms.katalon.core.webui.keyword.WebUiBuiltInKeywords$click$6.call(Unknown Source)&#xD;
	at PopulateKIVLHS.run(PopulateKIVLHS:36)&#xD;
	at com.kms.katalon.core.main.ScriptEngine.run(ScriptEngine.java:194)&#xD;
	at com.kms.katalon.core.main.ScriptEngine.runScriptAsRawText(ScriptEngine.java:119)&#xD;
	at com.kms.katalon.core.main.TestCaseExecutor.runScript(TestCaseExecutor.java:337)&#xD;
	at com.kms.katalon.core.main.TestCaseExecutor.doExecute(TestCaseExecutor.java:328)&#xD;
	at com.kms.katalon.core.main.TestCaseExecutor.processExecutionPhase(TestCaseExecutor.java:307)&#xD;
	at com.kms.katalon.core.main.TestCaseExecutor.accessMainPhase(TestCaseExecutor.java:299)&#xD;
	at com.kms.katalon.core.main.TestCaseExecutor.execute(TestCaseExecutor.java:233)&#xD;
	at com.kms.katalon.core.main.TestCaseMain.runTestCase(TestCaseMain.java:114)&#xD;
	at com.kms.katalon.core.keyword.builtin.CallTestCaseKeyword$_callTestCase_closure1.doCall(CallTestCaseKeyword.groovy:59)&#xD;
	... 20 more&#xD;
Caused by: org.openqa.selenium.ElementClickInterceptedException: element click intercepted: Element &lt;label id="radiofield-2235-boxLabelEl" data-ref="boxLabelEl" class="x-form-cb-label x-form-cb-label-default x-form-cb-label-after  " for="radiofield-2235-inputEl" style="background: clear;"&gt;...&lt;/label&gt; is not clickable at point (491, 381). Other element would receive the click: &lt;span id="radiofield-2235-displayEl" data-ref="displayEl" class="x-form-field x-form-radio x-form-radio-default x-form-cb x-form-cb-default  "&gt;&lt;/span&gt;
  (Session info: chrome=76.0.3809.132)
Build info: version: '3.141.59', revision: 'e82be7d358', time: '2018-11-14T08:25:53'
System info: host: 'NSNB-118', ip: '10.0.1.130', os.name: 'Windows 10', os.arch: 'amd64', os.version: '10.0', java.version: '1.8.0_181'
Driver info: com.kms.katalon.selenium.driver.CChromeDriver
Capabilities {acceptInsecureCerts: false, browserName: chrome, browserVersion: 76.0.3809.132, chrome: {chromedriverVersion: 76.0.3809.68 (420c9498db8ce..., userDataDir: C:\Users\19033-~1\AppData\L...}, goog:chromeOptions: {debuggerAddress: localhost:63738}, javascriptEnabled: true, networkConnectionEnabled: false, pageLoadStrategy: normal, platform: XP, platformName: XP, proxy: Proxy(), setWindowRect: true, strictFileInteractability: false, timeouts: {implicit: 0, pageLoad: 300000, script: 30000}, unhandledPromptBehavior: dismiss and notify}
Session ID: 836c070b0e30b9f07f2e487c50c0c2e0&#xD;
	at org.openqa.selenium.remote.http.W3CHttpResponseCodec.createException(W3CHttpResponseCodec.java:187)&#xD;
	at org.openqa.selenium.remote.http.W3CHttpResponseCodec.decode(W3CHttpResponseCodec.java:122)&#xD;
	at org.openqa.selenium.remote.http.W3CHttpResponseCodec.decode(W3CHttpResponseCodec.java:49)&#xD;
	at org.openqa.selenium.remote.HttpCommandExecutor.execute(HttpCommandExecutor.java:158)&#xD;
	at org.openqa.selenium.remote.service.DriverCommandExecutor.execute(DriverCommandExecutor.java:83)&#xD;
	at org.openqa.selenium.remote.RemoteWebDriver.execute(RemoteWebDriver.java:552)&#xD;
	at com.kms.katalon.selenium.driver.CChromeDriver.execute(CChromeDriver.java:20)&#xD;
	at org.openqa.selenium.remote.RemoteWebElement.execute(RemoteWebElement.java:285)&#xD;
	at org.openqa.selenium.remote.RemoteWebElement.click(RemoteWebElement.java:84)&#xD;
	at com.kms.katalon.core.webui.keyword.builtin.ClickKeyword$_click_closure1.doCall(ClickKeyword.groovy:79)&#xD;
	at com.kms.katalon.core.webui.keyword.builtin.ClickKeyword$_click_closure1.call(ClickKeyword.groovy)&#xD;
	at com.kms.katalon.core.webui.keyword.internal.WebUIKeywordMain.runKeyword(WebUIKeywordMain.groovy:20)&#xD;
	... 35 more&#xD;
&#xD;
&#xD;
2019-09-06 17:52:54 - [TEST_STEP][PASSED] - callTestCase(findTestCase("Components/Login"), ["Username":findTestData("Datatable").getValue("Username", 1), "Password":findTestData("Datatable").getValue("Password", 1)], STOP_ON_FAILURE): Call Test Case 'Test Cases/Components/Login' successfully&#xD;
&#xD;
2019-09-06 17:52:55 - [TEST_CASE][PASSED] - Test Cases/Components/Login: Test Cases/Components/Login&#xD;
&#xD;
2019-09-06 17:52:55 - [TEST_STEP][PASSED] - openBrowser(findTestData("Datatable").getValue("URL", 1)): Browser is opened with url: 'http://java03:3012/isps2-prod-verify/authnz/login.do'&#xD;
&#xD;
2019-09-06 17:52:55 - [MESSAGE][WARNING] - A browser is already opened. Closing browser and opening a new one&#xD;
&#xD;
2019-09-06 17:52:55 - [MESSAGE][INFO] - Starting 'Chrome' driver&#xD;
&#xD;
2019-09-06 17:53:01 - [MESSAGE][PASSED] - Browser is opened with url: 'http://java03:3012/isps2-prod-verify/authnz/login.do'&#xD;
&#xD;
2019-09-06 17:53:01 - [TEST_STEP][PASSED] - maximizeWindow(): Current window maximized&#xD;
&#xD;
2019-09-06 17:53:02 - [MESSAGE][PASSED] - Current window maximized&#xD;
&#xD;
2019-09-06 17:53:02 - [TEST_STEP][PASSED] - verifyTextPresent("Sign in to ISPS2-PROD-Verify", false): Text 'Sign in to ISPS2-PROD-Verify' is present on page &#xD;
&#xD;
2019-09-06 17:53:02 - [MESSAGE][PASSED] - Text 'Sign in to ISPS2-PROD-Verify' is present on page &#xD;
&#xD;
2019-09-06 17:53:02 - [TEST_STEP][NOT_RUN] - com.reusableComponents.HighlightElement.run(findTestObject("Objects.Login/Login Page/div_Sign in to ISPS2-PROD-Verify")): NOT_RUN: com.reusableComponents.HighlightElement.run(findTestObject("Objects.Login/Login Page/div_Sign in to ISPS2-PROD-Verify"))&#xD;
&#xD;
2019-09-06 17:53:02 - [MESSAGE][NOT_RUN] - NOT_RUN: com.reusableComponents.HighlightElement.run(findTestObject("Objects.Login/Login Page/div_Sign in to ISPS2-PROD-Verify"))&#xD;
&#xD;
2019-09-06 17:53:02 - [TEST_STEP][NOT_RUN] - com.reusableComponents.HighlightElement.run(findTestObject("Objects.Login/Login Page/input_Sign in to ISPS2-PROD-Verify_username")): NOT_RUN: com.reusableComponents.HighlightElement.run(findTestObject("Objects.Login/Login Page/input_Sign in to ISPS2-PROD-Verify_username"))&#xD;
&#xD;
2019-09-06 17:53:02 - [MESSAGE][NOT_RUN] - NOT_RUN: com.reusableComponents.HighlightElement.run(findTestObject("Objects.Login/Login Page/input_Sign in to ISPS2-PROD-Verify_username"))&#xD;
&#xD;
2019-09-06 17:53:02 - [TEST_STEP][PASSED] - setText(findTestObject("Objects.Login/Login Page/input_Sign in to ISPS2-PROD-Verify_username"), Username): Text 'sysadmin' is set on object 'Object Repository/Objects.Login/Login Page/input_Sign in to ISPS2-PROD-Verify_username'&#xD;
&#xD;
2019-09-06 17:53:02 - [MESSAGE][PASSED] - Text 'sysadmin' is set on object 'Object Repository/Objects.Login/Login Page/input_Sign in to ISPS2-PROD-Verify_username'&#xD;
&#xD;
2019-09-06 17:53:02 - [TEST_STEP][NOT_RUN] - com.reusableComponents.HighlightElement.run(findTestObject("Objects.Login/Login Page/input_This field is required_password")): NOT_RUN: com.reusableComponents.HighlightElement.run(findTestObject("Objects.Login/Login Page/input_This field is required_password"))&#xD;
&#xD;
2019-09-06 17:53:02 - [MESSAGE][NOT_RUN] - NOT_RUN: com.reusableComponents.HighlightElement.run(findTestObject("Objects.Login/Login Page/input_This field is required_password"))&#xD;
&#xD;
2019-09-06 17:53:02 - [TEST_STEP][PASSED] - setEncryptedText(findTestObject("Objects.Login/Login Page/input_This field is required_password"), Password): Text ****** has been set on object 'Object Repository/Objects.Login/Login Page/input_This field is required_password'&#xD;
&#xD;
2019-09-06 17:53:02 - [MESSAGE][PASSED] - Text ****** has been set on object 'Object Repository/Objects.Login/Login Page/input_This field is required_password'&#xD;
&#xD;
2019-09-06 17:53:02 - [TEST_STEP][NOT_RUN] - com.reusableComponents.HighlightElement.run(findTestObject("Objects.Login/Login Page/div_Sign in to ISPS2-PROD-Verify_NovaGoButton-1021")): NOT_RUN: com.reusableComponents.HighlightElement.run(findTestObject("Objects.Login/Login Page/div_Sign in to ISPS2-PROD-Verify_NovaGoButton-1021"))&#xD;
&#xD;
2019-09-06 17:53:02 - [MESSAGE][NOT_RUN] - NOT_RUN: com.reusableComponents.HighlightElement.run(findTestObject("Objects.Login/Login Page/div_Sign in to ISPS2-PROD-Verify_NovaGoButton-1021"))&#xD;
&#xD;
2019-09-06 17:53:02 - [TEST_STEP][PASSED] - click(findTestObject("Objects.Login/Login Page/div_Sign in to ISPS2-PROD-Verify_NovaGoButton-1021"), OPTIONAL): Object: 'Object Repository/Objects.Login/Login Page/div_Sign in to ISPS2-PROD-Verify_NovaGoButton-1021' is clicked on&#xD;
&#xD;
2019-09-06 17:53:03 - [MESSAGE][PASSED] - Object: 'Object Repository/Objects.Login/Login Page/div_Sign in to ISPS2-PROD-Verify_NovaGoButton-1021' is clicked on&#xD;
&#xD;
2019-09-06 17:53:03 - [TEST_STEP][NOT_RUN] - sendKeys(findTestObject("Objects.Login/Login Page/input_This field is required_password"), Keys.chord(ENTER), OPTIONAL): NOT_RUN: sendKeys(findTestObject("Objects.Login/Login Page/input_This field is required_password"), Keys.chord(ENTER), OPTIONAL)&#xD;
&#xD;
2019-09-06 17:53:03 - [MESSAGE][NOT_RUN] - NOT_RUN: sendKeys(findTestObject("Objects.Login/Login Page/input_This field is required_password"), Keys.chord(ENTER), OPTIONAL)&#xD;
&#xD;
2019-09-06 17:53:03 - [TEST_STEP][PASSED] - waitForPageLoad(30): Wait for page load successfully&#xD;
&#xD;
2019-09-06 17:53:03 - [MESSAGE][PASSED] - Wait for page load successfully&#xD;
&#xD;
2019-09-06 17:53:03 - [TEST_STEP][NOT_RUN] - verifyElementVisible(findTestObject("Objects.Login/Dashboard/a_ISPS2-PROD-Verify"), OPTIONAL): NOT_RUN: verifyElementVisible(findTestObject("Objects.Login/Dashboard/a_ISPS2-PROD-Verify"), OPTIONAL)&#xD;
&#xD;
2019-09-06 17:53:03 - [MESSAGE][NOT_RUN] - NOT_RUN: verifyElementVisible(findTestObject("Objects.Login/Dashboard/a_ISPS2-PROD-Verify"), OPTIONAL)&#xD;
&#xD;
2019-09-06 17:53:03 - [MESSAGE][PASSED] - Call Test Case 'Test Cases/Components/Login' successfully&#xD;
&#xD;
2019-09-06 17:53:03 - [TEST_STEP][PASSED] - callTestCase(findTestCase("Components/NavigateToDashboard"), [:], STOP_ON_FAILURE): Call Test Case 'Test Cases/Components/NavigateToDashboard' successfully&#xD;
&#xD;
2019-09-06 17:53:03 - [TEST_CASE][PASSED] - Test Cases/Components/NavigateToDashboard: Test Cases/Components/NavigateToDashboard&#xD;
&#xD;
2019-09-06 17:53:03 - [TEST_STEP][PASSED] - click(findTestObject("Objects.NavigateToDashboard/a_ISPS2-PROD-Verify")): Object: 'Object Repository/Objects.NavigateToDashboard/a_ISPS2-PROD-Verify' is clicked on&#xD;
&#xD;
2019-09-06 17:53:07 - [MESSAGE][PASSED] - Object: 'Object Repository/Objects.NavigateToDashboard/a_ISPS2-PROD-Verify' is clicked on&#xD;
&#xD;
2019-09-06 17:53:07 - [TEST_STEP][PASSED] - waitForPageLoad(30): Wait for page load successfully&#xD;
&#xD;
2019-09-06 17:53:07 - [MESSAGE][PASSED] - Wait for page load successfully&#xD;
&#xD;
2019-09-06 17:53:07 - [TEST_STEP][PASSED] - Thread.sleep(3000): null&#xD;
&#xD;
2019-09-06 17:53:10 - [TEST_STEP][PASSED] - verifyTextPresent("Loading search result. Please wait...", false, OPTIONAL): Text 'Loading search result. Please wait...' is present on page &#xD;
&#xD;
2019-09-06 17:53:10 - [MESSAGE][PASSED] - Text 'Loading search result. Please wait...' is present on page &#xD;
&#xD;
2019-09-06 17:53:10 - [TEST_STEP][PASSED] - waitForElementNotPresent(findTestObject("Objects.NavigateToDashboard/div_Loading search result Please wait"), 120): Web element with id: 'Object Repository/Objects.NavigateToDashboard/div_Loading search result Please wait' located by 'By.xpath: //div[@class = 'x-mask-msg-text' and (text() = 'Loading search result. Please wait...' or . = 'Loading search result. Please wait...')]' is not present after '120' second(s)&#xD;
&#xD;
2019-09-06 17:53:11 - [MESSAGE][PASSED] - Web element with id: 'Object Repository/Objects.NavigateToDashboard/div_Loading search result Please wait' located by 'By.xpath: //div[@class = 'x-mask-msg-text' and (text() = 'Loading search result. Please wait...' or . = 'Loading search result. Please wait...')]' is not present after '120' second(s)&#xD;
&#xD;
2019-09-06 17:53:11 - [TEST_STEP][PASSED] - Thread.sleep(3000): null&#xD;
&#xD;
2019-09-06 17:53:14 - [MESSAGE][PASSED] - Call Test Case 'Test Cases/Components/NavigateToDashboard' successfully&#xD;
&#xD;
2019-09-06 17:53:14 - [TEST_STEP][PASSED] - callTestCase(findTestCase("Components/SearchTask"), [:], STOP_ON_FAILURE): Call Test Case 'Test Cases/Components/SearchTask' successfully&#xD;
&#xD;
2019-09-06 17:53:14 - [TEST_CASE][PASSED] - Test Cases/Components/SearchTask: Test Cases/Components/SearchTask&#xD;
&#xD;
2019-09-06 17:53:14 - [TEST_STEP][PASSED] - Thread.sleep(3000): null&#xD;
&#xD;
2019-09-06 17:53:17 - [TEST_STEP][PASSED] - verifyElementPresent(findTestObject("Objects.SearchTask/Page_ISPS2/a_"), 0): Object 'Object Repository/Objects.SearchTask/Page_ISPS2/a_' is present&#xD;
&#xD;
2019-09-06 17:53:17 - [MESSAGE][WARNING] - Timeout '0' is invalid. Using default page load timeout: '30'&#xD;
&#xD;
2019-09-06 17:53:17 - [MESSAGE][PASSED] - Object 'Object Repository/Objects.SearchTask/Page_ISPS2/a_' is present&#xD;
&#xD;
2019-09-06 17:53:17 - [TEST_STEP][PASSED] - click(findTestObject("Objects.SearchTask/Page_ISPS2/a_")): Object: 'Object Repository/Objects.SearchTask/Page_ISPS2/a_' is clicked on&#xD;
&#xD;
2019-09-06 17:53:17 - [MESSAGE][PASSED] - Object: 'Object Repository/Objects.SearchTask/Page_ISPS2/a_' is clicked on&#xD;
&#xD;
2019-09-06 17:53:17 - [TEST_STEP][PASSED] - verifyElementVisible(findTestObject("Objects.SearchTask/Page_ISPS2/div_Saved Filter")): Object 'Object Repository/Objects.SearchTask/Page_ISPS2/div_Saved Filter' is visible&#xD;
&#xD;
2019-09-06 17:53:17 - [MESSAGE][PASSED] - Object 'Object Repository/Objects.SearchTask/Page_ISPS2/div_Saved Filter' is visible&#xD;
&#xD;
2019-09-06 17:53:17 - [TEST_STEP][PASSED] - Thread.sleep(3000): null&#xD;
&#xD;
2019-09-06 17:53:20 - [TEST_STEP][PASSED] - click(findTestObject("Objects.SearchTask/Page_ISPS2/span_Reset")): Object: 'Object Repository/Objects.SearchTask/Page_ISPS2/span_Reset' is clicked on&#xD;
&#xD;
2019-09-06 17:53:21 - [MESSAGE][PASSED] - Object: 'Object Repository/Objects.SearchTask/Page_ISPS2/span_Reset' is clicked on&#xD;
&#xD;
2019-09-06 17:53:21 - [TEST_STEP][PASSED] - com.reusableComponents.HighlightElement.run(findTestObject("Objects.SearchTask/Page_ISPS2/input_Task Description_searchCriteriaPojotaskDescription")): com.reusableComponents.HighlightElement.run is PASSED&#xD;
&#xD;
2019-09-06 17:53:21 - [MESSAGE][PASSED] - com.reusableComponents.HighlightElement.run is PASSED&#xD;
&#xD;
2019-09-06 17:53:21 - [TEST_STEP][PASSED] - setText(findTestObject("Objects.SearchTask/Page_ISPS2/input_Task Description_searchCriteriaPojotaskDescription"), "Process Temporary Building Permit"): Text 'Process Temporary Building Permit' is set on object 'Object Repository/Objects.SearchTask/Page_ISPS2/input_Task Description_searchCriteriaPojotaskDescription'&#xD;
&#xD;
2019-09-06 17:53:22 - [MESSAGE][PASSED] - Text 'Process Temporary Building Permit' is set on object 'Object Repository/Objects.SearchTask/Page_ISPS2/input_Task Description_searchCriteriaPojotaskDescription'&#xD;
&#xD;
2019-09-06 17:53:22 - [TEST_STEP][PASSED] - Thread.sleep(1000): null&#xD;
&#xD;
2019-09-06 17:53:23 - [TEST_STEP][PASSED] - click(findTestObject("Objects.SearchTask/Page_ISPS2/div_Process Temporary Building Permit")): Object: 'Object Repository/Objects.SearchTask/Page_ISPS2/div_Process Temporary Building Permit' is clicked on&#xD;
&#xD;
2019-09-06 17:53:23 - [MESSAGE][PASSED] - Object: 'Object Repository/Objects.SearchTask/Page_ISPS2/div_Process Temporary Building Permit' is clicked on&#xD;
&#xD;
2019-09-06 17:53:23 - [TEST_STEP][PASSED] - com.reusableComponents.HighlightElement.run(findTestObject("Objects.SearchTask/Page_ISPS2/span_Search")): com.reusableComponents.HighlightElement.run is PASSED&#xD;
&#xD;
2019-09-06 17:53:24 - [MESSAGE][PASSED] - com.reusableComponents.HighlightElement.run is PASSED&#xD;
&#xD;
2019-09-06 17:53:24 - [TEST_STEP][PASSED] - click(findTestObject("Objects.SearchTask/Page_ISPS2/span_Search")): Object: 'Object Repository/Objects.SearchTask/Page_ISPS2/span_Search' is clicked on&#xD;
&#xD;
2019-09-06 17:53:24 - [MESSAGE][PASSED] - Object: 'Object Repository/Objects.SearchTask/Page_ISPS2/span_Search' is clicked on&#xD;
&#xD;
2019-09-06 17:53:24 - [TEST_STEP][PASSED] - Thread.sleep(500): null&#xD;
&#xD;
2019-09-06 17:53:24 - [TEST_STEP][PASSED] - waitForElementNotPresent(findTestObject("Objects.SearchTask/Page_ISPS2/div_Loading search result Please wait"), 120, STOP_ON_FAILURE): Web element with id: 'Object Repository/Objects.SearchTask/Page_ISPS2/div_Loading search result Please wait' located by 'By.xpath: //div[@class = 'x-mask-msg-text' and (text() = 'Loading search result. Please wait...' or . = 'Loading search result. Please wait...')]' is not present after '120' second(s)&#xD;
&#xD;
2019-09-06 17:53:25 - [MESSAGE][PASSED] - Web element with id: 'Object Repository/Objects.SearchTask/Page_ISPS2/div_Loading search result Please wait' located by 'By.xpath: //div[@class = 'x-mask-msg-text' and (text() = 'Loading search result. Please wait...' or . = 'Loading search result. Please wait...')]' is not present after '120' second(s)&#xD;
&#xD;
2019-09-06 17:53:25 - [TEST_STEP][PASSED] - Thread.sleep(2000): null&#xD;
&#xD;
2019-09-06 17:53:27 - [TEST_STEP][PASSED] - scrollToElement(findTestObject("Objects.SearchTask/Page_ISPS2/a_Process Temporary Building Permit"), 0): Scroll to object 'Object Repository/Objects.SearchTask/Page_ISPS2/a_Process Temporary Building Permit' successfully&#xD;
&#xD;
2019-09-06 17:53:27 - [MESSAGE][WARNING] - Timeout '0' is invalid. Using default page load timeout: '30'&#xD;
&#xD;
2019-09-06 17:53:27 - [MESSAGE][PASSED] - Scroll to object 'Object Repository/Objects.SearchTask/Page_ISPS2/a_Process Temporary Building Permit' successfully&#xD;
&#xD;
2019-09-06 17:53:27 - [TEST_STEP][PASSED] - com.reusableComponents.HighlightElement.run(findTestObject("Objects.SearchTask/Page_ISPS2/a_Process Temporary Building Permit")): com.reusableComponents.HighlightElement.run is PASSED&#xD;
&#xD;
2019-09-06 17:53:27 - [MESSAGE][PASSED] - com.reusableComponents.HighlightElement.run is PASSED&#xD;
&#xD;
2019-09-06 17:53:27 - [TEST_STEP][PASSED] - click(findTestObject("Objects.SearchTask/Page_ISPS2/a_Process Temporary Building Permit")): Object: 'Object Repository/Objects.SearchTask/Page_ISPS2/a_Process Temporary Building Permit' is clicked on&#xD;
&#xD;
2019-09-06 17:53:27 - [MESSAGE][PASSED] - Object: 'Object Repository/Objects.SearchTask/Page_ISPS2/a_Process Temporary Building Permit' is clicked on&#xD;
&#xD;
2019-09-06 17:53:27 - [TEST_STEP][PASSED] - Thread.sleep(500): null&#xD;
&#xD;
2019-09-06 17:53:28 - [TEST_STEP][PASSED] - waitForElementPresent(findTestObject("Objects.SearchTask/Page_ISPS2/div_Process Temporary Building Permit_LandingPage"), 120): Object 'Object Repository/Objects.SearchTask/Page_ISPS2/div_Process Temporary Building Permit_LandingPage' is present&#xD;
&#xD;
2019-09-06 17:53:30 - [MESSAGE][PASSED] - Object 'Object Repository/Objects.SearchTask/Page_ISPS2/div_Process Temporary Building Permit_LandingPage' is present&#xD;
&#xD;
2019-09-06 17:53:30 - [TEST_STEP][PASSED] - Thread.sleep(3000): null&#xD;
&#xD;
2019-09-06 17:53:33 - [MESSAGE][PASSED] - Call Test Case 'Test Cases/Components/SearchTask' successfully&#xD;
&#xD;
2019-09-06 17:53:33 - [TEST_STEP][PASSED] - callTestCase(findTestCase("Components/NavigateToAnyLHS"), ["LHS":"KIV"], STOP_ON_FAILURE): Call Test Case 'Test Cases/Components/NavigateToAnyLHS' successfully&#xD;
&#xD;
2019-09-06 17:53:33 - [TEST_CASE][PASSED] - Test Cases/Components/NavigateToAnyLHS: Test Cases/Components/NavigateToAnyLHS&#xD;
&#xD;
2019-09-06 17:53:33 - [TEST_STEP][PASSED] - Thread.sleep(1000): null&#xD;
&#xD;
2019-09-06 17:53:34 - [TEST_STEP][PASSED] - modifiedLHS = modifyObjectProperty(findTestObject("Objects.NavigateToAnyLHS/Page_ISPS2/LHSToModify"), "text", "equals", LHS, true): Modify property of object successfully&#xD;
&#xD;
2019-09-06 17:53:34 - [MESSAGE][PASSED] - Modify property of object successfully&#xD;
&#xD;
2019-09-06 17:53:34 - [TEST_STEP][PASSED] - click(modifiedLHS): Object: 'Object Repository/Objects.NavigateToAnyLHS/Page_ISPS2/LHSToModify' is clicked on&#xD;
&#xD;
2019-09-06 17:53:34 - [MESSAGE][PASSED] - Object: 'Object Repository/Objects.NavigateToAnyLHS/Page_ISPS2/LHSToModify' is clicked on&#xD;
&#xD;
2019-09-06 17:53:34 - [TEST_STEP][PASSED] - Thread.sleep(5000): null&#xD;
&#xD;
2019-09-06 17:53:39 - [MESSAGE][PASSED] - Call Test Case 'Test Cases/Components/NavigateToAnyLHS' successfully&#xD;
&#xD;
2019-09-06 17:53:39 - [TEST_STEP][FAILED] - callTestCase(findTestCase("Components/PopulateKIVLHS"), ["expiryDate":"on"], STOP_ON_FAILURE): Unable to call Test Case 'Test Cases/Components/PopulateKIVLHS' (Root cause: com.kms.katalon.core.exception.StepFailedException: Call Test Case 'Test Cases/Components/PopulateKIVLHS' failed&#xD;
	at com.kms.katalon.core.keyword.builtin.CallTestCaseKeyword$_callTestCase_closure1.doCall(CallTestCaseKeyword.groovy:63)&#xD;
	at com.kms.katalon.core.keyword.builtin.CallTestCaseKeyword$_callTestCase_closure1.call(CallTestCaseKeyword.groovy)&#xD;
	at com.kms.katalon.core.keyword.internal.KeywordMain.runKeyword(KeywordMain.groovy:68)&#xD;
	at com.kms.katalon.core.keyword.builtin.CallTestCaseKeyword.callTestCase(CallTestCaseKeyword.groovy:81)&#xD;
	at com.kms.katalon.core.keyword.builtin.CallTestCaseKeyword.execute(CallTestCaseKeyword.groovy:44)&#xD;
	at com.kms.katalon.core.keyword.internal.KeywordExecutor.executeKeywordForPlatform(KeywordExecutor.groovy:56)&#xD;
	at com.kms.katalon.core.keyword.BuiltinKeywords.callTestCase(BuiltinKeywords.groovy:334)&#xD;
	at SmokeTesting.KIVLHS.run(SmokeTesting.KIVLHS:25)&#xD;
	at com.kms.katalon.core.main.ScriptEngine.run(ScriptEngine.java:194)&#xD;
	at com.kms.katalon.core.main.ScriptEngine.runScriptAsRawText(ScriptEngine.java:119)&#xD;
	at com.kms.katalon.core.main.TestCaseExecutor.runScript(TestCaseExecutor.java:337)&#xD;
	at com.kms.katalon.core.main.TestCaseExecutor.doExecute(TestCaseExecutor.java:328)&#xD;
	at com.kms.katalon.core.main.TestCaseExecutor.processExecutionPhase(TestCaseExecutor.java:307)&#xD;
	at com.kms.katalon.core.main.TestCaseExecutor.accessMainPhase(TestCaseExecutor.java:299)&#xD;
	at com.kms.katalon.core.main.TestCaseExecutor.execute(TestCaseExecutor.java:233)&#xD;
	at com.kms.katalon.core.main.TestSuiteExecutor.accessTestCaseMainPhase(TestSuiteExecutor.java:133)&#xD;
	at com.kms.katalon.core.main.TestSuiteExecutor.accessTestSuiteMainPhase(TestSuiteExecutor.java:116)&#xD;
	at com.kms.katalon.core.main.TestSuiteExecutor.execute(TestSuiteExecutor.java:83)&#xD;
	at com.kms.katalon.core.main.TestCaseMain.startTestSuite(TestCaseMain.java:157)&#xD;
	at com.kms.katalon.core.main.TestCaseMain$startTestSuite$0.call(Unknown Source)&#xD;
	at TempTestSuite1567762670011.run(TempTestSuite1567762670011.groovy:35)&#xD;
Caused by: com.kms.katalon.core.exception.StepFailedException: Unable to click on object 'Object Repository/Objects.PopulateKIVLHS/radio_on'&#xD;
	at com.kms.katalon.core.webui.keyword.internal.WebUIKeywordMain.stepFailed(WebUIKeywordMain.groovy:64)&#xD;
	at com.kms.katalon.core.webui.keyword.internal.WebUIKeywordMain.runKeyword(WebUIKeywordMain.groovy:26)&#xD;
	at com.kms.katalon.core.webui.keyword.builtin.ClickKeyword.click(ClickKeyword.groovy:86)&#xD;
	at com.kms.katalon.core.webui.keyword.builtin.ClickKeyword.execute(ClickKeyword.groovy:67)&#xD;
	at com.kms.katalon.core.keyword.internal.KeywordExecutor.executeKeywordForPlatform(KeywordExecutor.groovy:56)&#xD;
	at com.kms.katalon.core.webui.keyword.WebUiBuiltInKeywords.click(WebUiBuiltInKeywords.groovy:616)&#xD;
	at com.kms.katalon.core.webui.keyword.WebUiBuiltInKeywords$click$6.call(Unknown Source)&#xD;
	at PopulateKIVLHS.run(PopulateKIVLHS:36)&#xD;
	at com.kms.katalon.core.main.ScriptEngine.run(ScriptEngine.java:194)&#xD;
	at com.kms.katalon.core.main.ScriptEngine.runScriptAsRawText(ScriptEngine.java:119)&#xD;
	at com.kms.katalon.core.main.TestCaseExecutor.runScript(TestCaseExecutor.java:337)&#xD;
	at com.kms.katalon.core.main.TestCaseExecutor.doExecute(TestCaseExecutor.java:328)&#xD;
	at com.kms.katalon.core.main.TestCaseExecutor.processExecutionPhase(TestCaseExecutor.java:307)&#xD;
	at com.kms.katalon.core.main.TestCaseExecutor.accessMainPhase(TestCaseExecutor.java:299)&#xD;
	at com.kms.katalon.core.main.TestCaseExecutor.execute(TestCaseExecutor.java:233)&#xD;
	at com.kms.katalon.core.main.TestCaseMain.runTestCase(TestCaseMain.java:114)&#xD;
	at com.kms.katalon.core.keyword.builtin.CallTestCaseKeyword$_callTestCase_closure1.doCall(CallTestCaseKeyword.groovy:59)&#xD;
	... 20 more&#xD;
Caused by: org.openqa.selenium.ElementClickInterceptedException: element click intercepted: Element &lt;label id="radiofield-2235-boxLabelEl" data-ref="boxLabelEl" class="x-form-cb-label x-form-cb-label-default x-form-cb-label-after  " for="radiofield-2235-inputEl" style="background: clear;"&gt;...&lt;/label&gt; is not clickable at point (491, 381). Other element would receive the click: &lt;span id="radiofield-2235-displayEl" data-ref="displayEl" class="x-form-field x-form-radio x-form-radio-default x-form-cb x-form-cb-default  "&gt;&lt;/span&gt;
  (Session info: chrome=76.0.3809.132)
Build info: version: '3.141.59', revision: 'e82be7d358', time: '2018-11-14T08:25:53'
System info: host: 'NSNB-118', ip: '10.0.1.130', os.name: 'Windows 10', os.arch: 'amd64', os.version: '10.0', java.version: '1.8.0_181'
Driver info: com.kms.katalon.selenium.driver.CChromeDriver
Capabilities {acceptInsecureCerts: false, browserName: chrome, browserVersion: 76.0.3809.132, chrome: {chromedriverVersion: 76.0.3809.68 (420c9498db8ce..., userDataDir: C:\Users\19033-~1\AppData\L...}, goog:chromeOptions: {debuggerAddress: localhost:63738}, javascriptEnabled: true, networkConnectionEnabled: false, pageLoadStrategy: normal, platform: XP, platformName: XP, proxy: Proxy(), setWindowRect: true, strictFileInteractability: false, timeouts: {implicit: 0, pageLoad: 300000, script: 30000}, unhandledPromptBehavior: dismiss and notify}
Session ID: 836c070b0e30b9f07f2e487c50c0c2e0&#xD;
	at org.openqa.selenium.remote.http.W3CHttpResponseCodec.createException(W3CHttpResponseCodec.java:187)&#xD;
	at org.openqa.selenium.remote.http.W3CHttpResponseCodec.decode(W3CHttpResponseCodec.java:122)&#xD;
	at org.openqa.selenium.remote.http.W3CHttpResponseCodec.decode(W3CHttpResponseCodec.java:49)&#xD;
	at org.openqa.selenium.remote.HttpCommandExecutor.execute(HttpCommandExecutor.java:158)&#xD;
	at org.openqa.selenium.remote.service.DriverCommandExecutor.execute(DriverCommandExecutor.java:83)&#xD;
	at org.openqa.selenium.remote.RemoteWebDriver.execute(RemoteWebDriver.java:552)&#xD;
	at com.kms.katalon.selenium.driver.CChromeDriver.execute(CChromeDriver.java:20)&#xD;
	at org.openqa.selenium.remote.RemoteWebElement.execute(RemoteWebElement.java:285)&#xD;
	at org.openqa.selenium.remote.RemoteWebElement.click(RemoteWebElement.java:84)&#xD;
	at com.kms.katalon.core.webui.keyword.builtin.ClickKeyword$_click_closure1.doCall(ClickKeyword.groovy:79)&#xD;
	at com.kms.katalon.core.webui.keyword.builtin.ClickKeyword$_click_closure1.call(ClickKeyword.groovy)&#xD;
	at com.kms.katalon.core.webui.keyword.internal.WebUIKeywordMain.runKeyword(WebUIKeywordMain.groovy:20)&#xD;
	... 35 more&#xD;
)&#xD;
&#xD;
2019-09-06 17:53:39 - [TEST_CASE][FAILED] - Test Cases/Components/PopulateKIVLHS: Test Cases/Components/PopulateKIVLHS FAILED.
Reason:
com.kms.katalon.core.exception.StepFailedException: Unable to click on object 'Object Repository/Objects.PopulateKIVLHS/radio_on'&#xD;
	at com.kms.katalon.core.webui.keyword.internal.WebUIKeywordMain.stepFailed(WebUIKeywordMain.groovy:64)&#xD;
	at com.kms.katalon.core.webui.keyword.internal.WebUIKeywordMain.runKeyword(WebUIKeywordMain.groovy:26)&#xD;
	at com.kms.katalon.core.webui.keyword.builtin.ClickKeyword.click(ClickKeyword.groovy:86)&#xD;
	at com.kms.katalon.core.webui.keyword.builtin.ClickKeyword.execute(ClickKeyword.groovy:67)&#xD;
	at com.kms.katalon.core.keyword.internal.KeywordExecutor.executeKeywordForPlatform(KeywordExecutor.groovy:56)&#xD;
	at com.kms.katalon.core.webui.keyword.WebUiBuiltInKeywords.click(WebUiBuiltInKeywords.groovy:616)&#xD;
	at com.kms.katalon.core.webui.keyword.WebUiBuiltInKeywords$click$6.call(Unknown Source)&#xD;
	at PopulateKIVLHS.run(PopulateKIVLHS:36)&#xD;
	at com.kms.katalon.core.main.ScriptEngine.run(ScriptEngine.java:194)&#xD;
	at com.kms.katalon.core.main.ScriptEngine.runScriptAsRawText(ScriptEngine.java:119)&#xD;
	at com.kms.katalon.core.main.TestCaseExecutor.runScript(TestCaseExecutor.java:337)&#xD;
	at com.kms.katalon.core.main.TestCaseExecutor.doExecute(TestCaseExecutor.java:328)&#xD;
	at com.kms.katalon.core.main.TestCaseExecutor.processExecutionPhase(TestCaseExecutor.java:307)&#xD;
	at com.kms.katalon.core.main.TestCaseExecutor.accessMainPhase(TestCaseExecutor.java:299)&#xD;
	at com.kms.katalon.core.main.TestCaseExecutor.execute(TestCaseExecutor.java:233)&#xD;
	at com.kms.katalon.core.main.TestCaseMain.runTestCase(TestCaseMain.java:114)&#xD;
	at com.kms.katalon.core.keyword.builtin.CallTestCaseKeyword$_callTestCase_closure1.doCall(CallTestCaseKeyword.groovy:59)&#xD;
	at com.kms.katalon.core.keyword.builtin.CallTestCaseKeyword$_callTestCase_closure1.call(CallTestCaseKeyword.groovy)&#xD;
	at com.kms.katalon.core.keyword.internal.KeywordMain.runKeyword(KeywordMain.groovy:68)&#xD;
	at com.kms.katalon.core.keyword.builtin.CallTestCaseKeyword.callTestCase(CallTestCaseKeyword.groovy:81)&#xD;
	at com.kms.katalon.core.keyword.builtin.CallTestCaseKeyword.execute(CallTestCaseKeyword.groovy:44)&#xD;
	at com.kms.katalon.core.keyword.internal.KeywordExecutor.executeKeywordForPlatform(KeywordExecutor.groovy:56)&#xD;
	at com.kms.katalon.core.keyword.BuiltinKeywords.callTestCase(BuiltinKeywords.groovy:334)&#xD;
	at SmokeTesting.KIVLHS.run(SmokeTesting.KIVLHS:25)&#xD;
	at com.kms.katalon.core.main.ScriptEngine.run(ScriptEngine.java:194)&#xD;
	at com.kms.katalon.core.main.ScriptEngine.runScriptAsRawText(ScriptEngine.java:119)&#xD;
	at com.kms.katalon.core.main.TestCaseExecutor.runScript(TestCaseExecutor.java:337)&#xD;
	at com.kms.katalon.core.main.TestCaseExecutor.doExecute(TestCaseExecutor.java:328)&#xD;
	at com.kms.katalon.core.main.TestCaseExecutor.processExecutionPhase(TestCaseExecutor.java:307)&#xD;
	at com.kms.katalon.core.main.TestCaseExecutor.accessMainPhase(TestCaseExecutor.java:299)&#xD;
	at com.kms.katalon.core.main.TestCaseExecutor.execute(TestCaseExecutor.java:233)&#xD;
	at com.kms.katalon.core.main.TestSuiteExecutor.accessTestCaseMainPhase(TestSuiteExecutor.java:133)&#xD;
	at com.kms.katalon.core.main.TestSuiteExecutor.accessTestSuiteMainPhase(TestSuiteExecutor.java:116)&#xD;
	at com.kms.katalon.core.main.TestSuiteExecutor.execute(TestSuiteExecutor.java:83)&#xD;
	at com.kms.katalon.core.main.TestCaseMain.startTestSuite(TestCaseMain.java:157)&#xD;
	at com.kms.katalon.core.main.TestCaseMain$startTestSuite$0.call(Unknown Source)&#xD;
	at TempTestSuite1567762670011.run(TempTestSuite1567762670011.groovy:35)&#xD;
Caused by: org.openqa.selenium.ElementClickInterceptedException: element click intercepted: Element &lt;label id="radiofield-2235-boxLabelEl" data-ref="boxLabelEl" class="x-form-cb-label x-form-cb-label-default x-form-cb-label-after  " for="radiofield-2235-inputEl" style="background: clear;"&gt;...&lt;/label&gt; is not clickable at point (491, 381). Other element would receive the click: &lt;span id="radiofield-2235-displayEl" data-ref="displayEl" class="x-form-field x-form-radio x-form-radio-default x-form-cb x-form-cb-default  "&gt;&lt;/span&gt;
  (Session info: chrome=76.0.3809.132)
Build info: version: '3.141.59', revision: 'e82be7d358', time: '2018-11-14T08:25:53'
System info: host: 'NSNB-118', ip: '10.0.1.130', os.name: 'Windows 10', os.arch: 'amd64', os.version: '10.0', java.version: '1.8.0_181'
Driver info: com.kms.katalon.selenium.driver.CChromeDriver
Capabilities {acceptInsecureCerts: false, browserName: chrome, browserVersion: 76.0.3809.132, chrome: {chromedriverVersion: 76.0.3809.68 (420c9498db8ce..., userDataDir: C:\Users\19033-~1\AppData\L...}, goog:chromeOptions: {debuggerAddress: localhost:63738}, javascriptEnabled: true, networkConnectionEnabled: false, pageLoadStrategy: normal, platform: XP, platformName: XP, proxy: Proxy(), setWindowRect: true, strictFileInteractability: false, timeouts: {implicit: 0, pageLoad: 300000, script: 30000}, unhandledPromptBehavior: dismiss and notify}
Session ID: 836c070b0e30b9f07f2e487c50c0c2e0&#xD;
	at org.openqa.selenium.remote.http.W3CHttpResponseCodec.createException(W3CHttpResponseCodec.java:187)&#xD;
	at org.openqa.selenium.remote.http.W3CHttpResponseCodec.decode(W3CHttpResponseCodec.java:122)&#xD;
	at org.openqa.selenium.remote.http.W3CHttpResponseCodec.decode(W3CHttpResponseCodec.java:49)&#xD;
	at org.openqa.selenium.remote.HttpCommandExecutor.execute(HttpCommandExecutor.java:158)&#xD;
	at org.openqa.selenium.remote.service.DriverCommandExecutor.execute(DriverCommandExecutor.java:83)&#xD;
	at org.openqa.selenium.remote.RemoteWebDriver.execute(RemoteWebDriver.java:552)&#xD;
	at com.kms.katalon.selenium.driver.CChromeDriver.execute(CChromeDriver.java:20)&#xD;
	at org.openqa.selenium.remote.RemoteWebElement.execute(RemoteWebElement.java:285)&#xD;
	at org.openqa.selenium.remote.RemoteWebElement.click(RemoteWebElement.java:84)&#xD;
	at com.kms.katalon.core.webui.keyword.builtin.ClickKeyword$_click_closure1.doCall(ClickKeyword.groovy:79)&#xD;
	at com.kms.katalon.core.webui.keyword.builtin.ClickKeyword$_click_closure1.call(ClickKeyword.groovy)&#xD;
	at com.kms.katalon.core.webui.keyword.internal.WebUIKeywordMain.runKeyword(WebUIKeywordMain.groovy:20)&#xD;
	... 35 more&#xD;
&#xD;
&#xD;
2019-09-06 17:53:39 - [TEST_STEP][PASSED] - Thread.sleep(1000): null&#xD;
&#xD;
2019-09-06 17:53:40 - [TEST_STEP][PASSED] - com.reusableComponents.HighlightElement.run(findTestObject("Objects.PopulateKIVLHS/div_KIV")): com.reusableComponents.HighlightElement.run is PASSED&#xD;
&#xD;
2019-09-06 17:53:41 - [MESSAGE][PASSED] - com.reusableComponents.HighlightElement.run is PASSED&#xD;
&#xD;
2019-09-06 17:53:41 - [TEST_STEP][PASSED] - if (expiryDate == "in"): null&#xD;
&#xD;
2019-09-06 17:53:41 - [TEST_STEP][FAILED] - else if (expiryDate == "on"): Unable to click on object 'Object Repository/Objects.PopulateKIVLHS/radio_on' (Root cause: com.kms.katalon.core.exception.StepFailedException: Unable to click on object 'Object Repository/Objects.PopulateKIVLHS/radio_on'&#xD;
	at com.kms.katalon.core.webui.keyword.internal.WebUIKeywordMain.stepFailed(WebUIKeywordMain.groovy:64)&#xD;
	at com.kms.katalon.core.webui.keyword.internal.WebUIKeywordMain.runKeyword(WebUIKeywordMain.groovy:26)&#xD;
	at com.kms.katalon.core.webui.keyword.builtin.ClickKeyword.click(ClickKeyword.groovy:86)&#xD;
	at com.kms.katalon.core.webui.keyword.builtin.ClickKeyword.execute(ClickKeyword.groovy:67)&#xD;
	at com.kms.katalon.core.keyword.internal.KeywordExecutor.executeKeywordForPlatform(KeywordExecutor.groovy:56)&#xD;
	at com.kms.katalon.core.webui.keyword.WebUiBuiltInKeywords.click(WebUiBuiltInKeywords.groovy:616)&#xD;
	at com.kms.katalon.core.webui.keyword.WebUiBuiltInKeywords$click$6.call(Unknown Source)&#xD;
	at PopulateKIVLHS.run(PopulateKIVLHS:36)&#xD;
	at com.kms.katalon.core.main.ScriptEngine.run(ScriptEngine.java:194)&#xD;
	at com.kms.katalon.core.main.ScriptEngine.runScriptAsRawText(ScriptEngine.java:119)&#xD;
	at com.kms.katalon.core.main.TestCaseExecutor.runScript(TestCaseExecutor.java:337)&#xD;
	at com.kms.katalon.core.main.TestCaseExecutor.doExecute(TestCaseExecutor.java:328)&#xD;
	at com.kms.katalon.core.main.TestCaseExecutor.processExecutionPhase(TestCaseExecutor.java:307)&#xD;
	at com.kms.katalon.core.main.TestCaseExecutor.accessMainPhase(TestCaseExecutor.java:299)&#xD;
	at com.kms.katalon.core.main.TestCaseExecutor.execute(TestCaseExecutor.java:233)&#xD;
	at com.kms.katalon.core.main.TestCaseMain.runTestCase(TestCaseMain.java:114)&#xD;
	at com.kms.katalon.core.keyword.builtin.CallTestCaseKeyword$_callTestCase_closure1.doCall(CallTestCaseKeyword.groovy:59)&#xD;
	at com.kms.katalon.core.keyword.builtin.CallTestCaseKeyword$_callTestCase_closure1.call(CallTestCaseKeyword.groovy)&#xD;
	at com.kms.katalon.core.keyword.internal.KeywordMain.runKeyword(KeywordMain.groovy:68)&#xD;
	at com.kms.katalon.core.keyword.builtin.CallTestCaseKeyword.callTestCase(CallTestCaseKeyword.groovy:81)&#xD;
	at com.kms.katalon.core.keyword.builtin.CallTestCaseKeyword.execute(CallTestCaseKeyword.groovy:44)&#xD;
	at com.kms.katalon.core.keyword.internal.KeywordExecutor.executeKeywordForPlatform(KeywordExecutor.groovy:56)&#xD;
	at com.kms.katalon.core.keyword.BuiltinKeywords.callTestCase(BuiltinKeywords.groovy:334)&#xD;
	at SmokeTesting.KIVLHS.run(SmokeTesting.KIVLHS:25)&#xD;
	at com.kms.katalon.core.main.ScriptEngine.run(ScriptEngine.java:194)&#xD;
	at com.kms.katalon.core.main.ScriptEngine.runScriptAsRawText(ScriptEngine.java:119)&#xD;
	at com.kms.katalon.core.main.TestCaseExecutor.runScript(TestCaseExecutor.java:337)&#xD;
	at com.kms.katalon.core.main.TestCaseExecutor.doExecute(TestCaseExecutor.java:328)&#xD;
	at com.kms.katalon.core.main.TestCaseExecutor.processExecutionPhase(TestCaseExecutor.java:307)&#xD;
	at com.kms.katalon.core.main.TestCaseExecutor.accessMainPhase(TestCaseExecutor.java:299)&#xD;
	at com.kms.katalon.core.main.TestCaseExecutor.execute(TestCaseExecutor.java:233)&#xD;
	at com.kms.katalon.core.main.TestSuiteExecutor.accessTestCaseMainPhase(TestSuiteExecutor.java:133)&#xD;
	at com.kms.katalon.core.main.TestSuiteExecutor.accessTestSuiteMainPhase(TestSuiteExecutor.java:116)&#xD;
	at com.kms.katalon.core.main.TestSuiteExecutor.execute(TestSuiteExecutor.java:83)&#xD;
	at com.kms.katalon.core.main.TestCaseMain.startTestSuite(TestCaseMain.java:157)&#xD;
	at com.kms.katalon.core.main.TestCaseMain$startTestSuite$0.call(Unknown Source)&#xD;
	at TempTestSuite1567762670011.run(TempTestSuite1567762670011.groovy:35)&#xD;
Caused by: org.openqa.selenium.ElementClickInterceptedException: element click intercepted: Element &lt;label id="radiofield-2235-boxLabelEl" data-ref="boxLabelEl" class="x-form-cb-label x-form-cb-label-default x-form-cb-label-after  " for="radiofield-2235-inputEl" style="background: clear;"&gt;...&lt;/label&gt; is not clickable at point (491, 381). Other element would receive the click: &lt;span id="radiofield-2235-displayEl" data-ref="displayEl" class="x-form-field x-form-radio x-form-radio-default x-form-cb x-form-cb-default  "&gt;&lt;/span&gt;
  (Session info: chrome=76.0.3809.132)
Build info: version: '3.141.59', revision: 'e82be7d358', time: '2018-11-14T08:25:53'
System info: host: 'NSNB-118', ip: '10.0.1.130', os.name: 'Windows 10', os.arch: 'amd64', os.version: '10.0', java.version: '1.8.0_181'
Driver info: com.kms.katalon.selenium.driver.CChromeDriver
Capabilities {acceptInsecureCerts: false, browserName: chrome, browserVersion: 76.0.3809.132, chrome: {chromedriverVersion: 76.0.3809.68 (420c9498db8ce..., userDataDir: C:\Users\19033-~1\AppData\L...}, goog:chromeOptions: {debuggerAddress: localhost:63738}, javascriptEnabled: true, networkConnectionEnabled: false, pageLoadStrategy: normal, platform: XP, platformName: XP, proxy: Proxy(), setWindowRect: true, strictFileInteractability: false, timeouts: {implicit: 0, pageLoad: 300000, script: 30000}, unhandledPromptBehavior: dismiss and notify}
Session ID: 836c070b0e30b9f07f2e487c50c0c2e0&#xD;
	at org.openqa.selenium.remote.http.W3CHttpResponseCodec.createException(W3CHttpResponseCodec.java:187)&#xD;
	at org.openqa.selenium.remote.http.W3CHttpResponseCodec.decode(W3CHttpResponseCodec.java:122)&#xD;
	at org.openqa.selenium.remote.http.W3CHttpResponseCodec.decode(W3CHttpResponseCodec.java:49)&#xD;
	at org.openqa.selenium.remote.HttpCommandExecutor.execute(HttpCommandExecutor.java:158)&#xD;
	at org.openqa.selenium.remote.service.DriverCommandExecutor.execute(DriverCommandExecutor.java:83)&#xD;
	at org.openqa.selenium.remote.RemoteWebDriver.execute(RemoteWebDriver.java:552)&#xD;
	at com.kms.katalon.selenium.driver.CChromeDriver.execute(CChromeDriver.java:20)&#xD;
	at org.openqa.selenium.remote.RemoteWebElement.execute(RemoteWebElement.java:285)&#xD;
	at org.openqa.selenium.remote.RemoteWebElement.click(RemoteWebElement.java:84)&#xD;
	at com.kms.katalon.core.webui.keyword.builtin.ClickKeyword$_click_closure1.doCall(ClickKeyword.groovy:79)&#xD;
	at com.kms.katalon.core.webui.keyword.builtin.ClickKeyword$_click_closure1.call(ClickKeyword.groovy)&#xD;
	at com.kms.katalon.core.webui.keyword.internal.WebUIKeywordMain.runKeyword(WebUIKeywordMain.groovy:20)&#xD;
	at com.kms.katalon.core.webui.keyword.builtin.ClickKeyword.click(ClickKeyword.groovy:86)&#xD;
	at com.kms.katalon.core.webui.keyword.builtin.ClickKeyword.execute(ClickKeyword.groovy:67)&#xD;
	at com.kms.katalon.core.keyword.internal.KeywordExecutor.executeKeywordForPlatform(KeywordExecutor.groovy:56)&#xD;
	at com.kms.katalon.core.webui.keyword.WebUiBuiltInKeywords.click(WebUiBuiltInKeywords.groovy:616)&#xD;
	at com.kms.katalon.core.webui.keyword.WebUiBuiltInKeywords$click$6.call(Unknown Source)&#xD;
	at Script1567662617938.run(Script1567662617938.groovy:36)&#xD;
	at com.kms.katalon.core.main.ScriptEngine.run(ScriptEngine.java:194)&#xD;
	at com.kms.katalon.core.main.ScriptEngine.runScriptAsRawText(ScriptEngine.java:119)&#xD;
	at com.kms.katalon.core.main.TestCaseExecutor.runScript(TestCaseExecutor.java:337)&#xD;
	at com.kms.katalon.core.main.TestCaseExecutor.doExecute(TestCaseExecutor.java:328)&#xD;
	at com.kms.katalon.core.main.TestCaseExecutor.processExecutionPhase(TestCaseExecutor.java:307)&#xD;
	at com.kms.katalon.core.main.TestCaseExecutor.accessMainPhase(TestCaseExecutor.java:299)&#xD;
	at com.kms.katalon.core.main.TestCaseExecutor.execute(TestCaseExecutor.java:233)&#xD;
	at com.kms.katalon.core.main.TestCaseMain.runTestCase(TestCaseMain.java:114)&#xD;
	at com.kms.katalon.core.keyword.builtin.CallTestCaseKeyword$_callTestCase_closure1.doCall(CallTestCaseKeyword.groovy:59)&#xD;
	at com.kms.katalon.core.keyword.builtin.CallTestCaseKeyword$_callTestCase_closure1.call(CallTestCaseKeyword.groovy)&#xD;
	at com.kms.katalon.core.keyword.internal.KeywordMain.runKeyword(KeywordMain.groovy:68)&#xD;
	at com.kms.katalon.core.keyword.builtin.CallTestCaseKeyword.callTestCase(CallTestCaseKeyword.groovy:81)&#xD;
	at com.kms.katalon.core.keyword.builtin.CallTestCaseKeyword.execute(CallTestCaseKeyword.groovy:44)&#xD;
	at com.kms.katalon.core.keyword.internal.KeywordExecutor.executeKeywordForPlatform(KeywordExecutor.groovy:56)&#xD;
	at com.kms.katalon.core.keyword.BuiltinKeywords.callTestCase(BuiltinKeywords.groovy:334)&#xD;
	at Script1567662019524.run(Script1567662019524.groovy:25)&#xD;
	... 13 more&#xD;
)&#xD;
&#xD;
2019-09-06 17:53:41 - [TEST_STEP][PASSED] - com.reusableComponents.HighlightElement.run(findTestObject("Objects.PopulateKIVLHS/radio_on")): com.reusableComponents.HighlightElement.run is PASSED&#xD;
&#xD;
2019-09-06 17:53:42 - [MESSAGE][PASSED] - com.reusableComponents.HighlightElement.run is PASSED&#xD;
&#xD;
2019-09-06 17:53:42 - [TEST_STEP][FAILED] - click(findTestObject("Objects.PopulateKIVLHS/radio_on")): Unable to click on object 'Object Repository/Objects.PopulateKIVLHS/radio_on' (Root cause: com.kms.katalon.core.exception.StepFailedException: Unable to click on object 'Object Repository/Objects.PopulateKIVLHS/radio_on'&#xD;
	at com.kms.katalon.core.webui.keyword.internal.WebUIKeywordMain.stepFailed(WebUIKeywordMain.groovy:64)&#xD;
	at com.kms.katalon.core.webui.keyword.internal.WebUIKeywordMain.runKeyword(WebUIKeywordMain.groovy:26)&#xD;
	at com.kms.katalon.core.webui.keyword.builtin.ClickKeyword.click(ClickKeyword.groovy:86)&#xD;
	at com.kms.katalon.core.webui.keyword.builtin.ClickKeyword.execute(ClickKeyword.groovy:67)&#xD;
	at com.kms.katalon.core.keyword.internal.KeywordExecutor.executeKeywordForPlatform(KeywordExecutor.groovy:56)&#xD;
	at com.kms.katalon.core.webui.keyword.WebUiBuiltInKeywords.click(WebUiBuiltInKeywords.groovy:616)&#xD;
	at com.kms.katalon.core.webui.keyword.WebUiBuiltInKeywords$click$6.call(Unknown Source)&#xD;
	at PopulateKIVLHS.run(PopulateKIVLHS:36)&#xD;
	at com.kms.katalon.core.main.ScriptEngine.run(ScriptEngine.java:194)&#xD;
	at com.kms.katalon.core.main.ScriptEngine.runScriptAsRawText(ScriptEngine.java:119)&#xD;
	at com.kms.katalon.core.main.TestCaseExecutor.runScript(TestCaseExecutor.java:337)&#xD;
	at com.kms.katalon.core.main.TestCaseExecutor.doExecute(TestCaseExecutor.java:328)&#xD;
	at com.kms.katalon.core.main.TestCaseExecutor.processExecutionPhase(TestCaseExecutor.java:307)&#xD;
	at com.kms.katalon.core.main.TestCaseExecutor.accessMainPhase(TestCaseExecutor.java:299)&#xD;
	at com.kms.katalon.core.main.TestCaseExecutor.execute(TestCaseExecutor.java:233)&#xD;
	at com.kms.katalon.core.main.TestCaseMain.runTestCase(TestCaseMain.java:114)&#xD;
	at com.kms.katalon.core.keyword.builtin.CallTestCaseKeyword$_callTestCase_closure1.doCall(CallTestCaseKeyword.groovy:59)&#xD;
	at com.kms.katalon.core.keyword.builtin.CallTestCaseKeyword$_callTestCase_closure1.call(CallTestCaseKeyword.groovy)&#xD;
	at com.kms.katalon.core.keyword.internal.KeywordMain.runKeyword(KeywordMain.groovy:68)&#xD;
	at com.kms.katalon.core.keyword.builtin.CallTestCaseKeyword.callTestCase(CallTestCaseKeyword.groovy:81)&#xD;
	at com.kms.katalon.core.keyword.builtin.CallTestCaseKeyword.execute(CallTestCaseKeyword.groovy:44)&#xD;
	at com.kms.katalon.core.keyword.internal.KeywordExecutor.executeKeywordForPlatform(KeywordExecutor.groovy:56)&#xD;
	at com.kms.katalon.core.keyword.BuiltinKeywords.callTestCase(BuiltinKeywords.groovy:334)&#xD;
	at SmokeTesting.KIVLHS.run(SmokeTesting.KIVLHS:25)&#xD;
	at com.kms.katalon.core.main.ScriptEngine.run(ScriptEngine.java:194)&#xD;
	at com.kms.katalon.core.main.ScriptEngine.runScriptAsRawText(ScriptEngine.java:119)&#xD;
	at com.kms.katalon.core.main.TestCaseExecutor.runScript(TestCaseExecutor.java:337)&#xD;
	at com.kms.katalon.core.main.TestCaseExecutor.doExecute(TestCaseExecutor.java:328)&#xD;
	at com.kms.katalon.core.main.TestCaseExecutor.processExecutionPhase(TestCaseExecutor.java:307)&#xD;
	at com.kms.katalon.core.main.TestCaseExecutor.accessMainPhase(TestCaseExecutor.java:299)&#xD;
	at com.kms.katalon.core.main.TestCaseExecutor.execute(TestCaseExecutor.java:233)&#xD;
	at com.kms.katalon.core.main.TestSuiteExecutor.accessTestCaseMainPhase(TestSuiteExecutor.java:133)&#xD;
	at com.kms.katalon.core.main.TestSuiteExecutor.accessTestSuiteMainPhase(TestSuiteExecutor.java:116)&#xD;
	at com.kms.katalon.core.main.TestSuiteExecutor.execute(TestSuiteExecutor.java:83)&#xD;
	at com.kms.katalon.core.main.TestCaseMain.startTestSuite(TestCaseMain.java:157)&#xD;
	at com.kms.katalon.core.main.TestCaseMain$startTestSuite$0.call(Unknown Source)&#xD;
	at TempTestSuite1567762670011.run(TempTestSuite1567762670011.groovy:35)&#xD;
Caused by: org.openqa.selenium.ElementClickInterceptedException: element click intercepted: Element &lt;label id="radiofield-2235-boxLabelEl" data-ref="boxLabelEl" class="x-form-cb-label x-form-cb-label-default x-form-cb-label-after  " for="radiofield-2235-inputEl" style="background: clear;"&gt;...&lt;/label&gt; is not clickable at point (491, 381). Other element would receive the click: &lt;span id="radiofield-2235-displayEl" data-ref="displayEl" class="x-form-field x-form-radio x-form-radio-default x-form-cb x-form-cb-default  "&gt;&lt;/span&gt;
  (Session info: chrome=76.0.3809.132)
Build info: version: '3.141.59', revision: 'e82be7d358', time: '2018-11-14T08:25:53'
System info: host: 'NSNB-118', ip: '10.0.1.130', os.name: 'Windows 10', os.arch: 'amd64', os.version: '10.0', java.version: '1.8.0_181'
Driver info: com.kms.katalon.selenium.driver.CChromeDriver
Capabilities {acceptInsecureCerts: false, browserName: chrome, browserVersion: 76.0.3809.132, chrome: {chromedriverVersion: 76.0.3809.68 (420c9498db8ce..., userDataDir: C:\Users\19033-~1\AppData\L...}, goog:chromeOptions: {debuggerAddress: localhost:63738}, javascriptEnabled: true, networkConnectionEnabled: false, pageLoadStrategy: normal, platform: XP, platformName: XP, proxy: Proxy(), setWindowRect: true, strictFileInteractability: false, timeouts: {implicit: 0, pageLoad: 300000, script: 30000}, unhandledPromptBehavior: dismiss and notify}
Session ID: 836c070b0e30b9f07f2e487c50c0c2e0&#xD;
	at org.openqa.selenium.remote.http.W3CHttpResponseCodec.createException(W3CHttpResponseCodec.java:187)&#xD;
	at org.openqa.selenium.remote.http.W3CHttpResponseCodec.decode(W3CHttpResponseCodec.java:122)&#xD;
	at org.openqa.selenium.remote.http.W3CHttpResponseCodec.decode(W3CHttpResponseCodec.java:49)&#xD;
	at org.openqa.selenium.remote.HttpCommandExecutor.execute(HttpCommandExecutor.java:158)&#xD;
	at org.openqa.selenium.remote.service.DriverCommandExecutor.execute(DriverCommandExecutor.java:83)&#xD;
	at org.openqa.selenium.remote.RemoteWebDriver.execute(RemoteWebDriver.java:552)&#xD;
	at com.kms.katalon.selenium.driver.CChromeDriver.execute(CChromeDriver.java:20)&#xD;
	at org.openqa.selenium.remote.RemoteWebElement.execute(RemoteWebElement.java:285)&#xD;
	at org.openqa.selenium.remote.RemoteWebElement.click(RemoteWebElement.java:84)&#xD;
	at com.kms.katalon.core.webui.keyword.builtin.ClickKeyword$_click_closure1.doCall(ClickKeyword.groovy:79)&#xD;
	at com.kms.katalon.core.webui.keyword.builtin.ClickKeyword$_click_closure1.call(ClickKeyword.groovy)&#xD;
	at com.kms.katalon.core.webui.keyword.internal.WebUIKeywordMain.runKeyword(WebUIKeywordMain.groovy:20)&#xD;
	at com.kms.katalon.core.webui.keyword.builtin.ClickKeyword.click(ClickKeyword.groovy:86)&#xD;
	at com.kms.katalon.core.webui.keyword.builtin.ClickKeyword.execute(ClickKeyword.groovy:67)&#xD;
	at com.kms.katalon.core.keyword.internal.KeywordExecutor.executeKeywordForPlatform(KeywordExecutor.groovy:56)&#xD;
	at com.kms.katalon.core.webui.keyword.WebUiBuiltInKeywords.click(WebUiBuiltInKeywords.groovy:616)&#xD;
	at com.kms.katalon.core.webui.keyword.WebUiBuiltInKeywords$click$6.call(Unknown Source)&#xD;
	at Script1567662617938.run(Script1567662617938.groovy:36)&#xD;
	at com.kms.katalon.core.main.ScriptEngine.run(ScriptEngine.java:194)&#xD;
	at com.kms.katalon.core.main.ScriptEngine.runScriptAsRawText(ScriptEngine.java:119)&#xD;
	at com.kms.katalon.core.main.TestCaseExecutor.runScript(TestCaseExecutor.java:337)&#xD;
	at com.kms.katalon.core.main.TestCaseExecutor.doExecute(TestCaseExecutor.java:328)&#xD;
	at com.kms.katalon.core.main.TestCaseExecutor.processExecutionPhase(TestCaseExecutor.java:307)&#xD;
	at com.kms.katalon.core.main.TestCaseExecutor.accessMainPhase(TestCaseExecutor.java:299)&#xD;
	at com.kms.katalon.core.main.TestCaseExecutor.execute(TestCaseExecutor.java:233)&#xD;
	at com.kms.katalon.core.main.TestCaseMain.runTestCase(TestCaseMain.java:114)&#xD;
	at com.kms.katalon.core.keyword.builtin.CallTestCaseKeyword$_callTestCase_closure1.doCall(CallTestCaseKeyword.groovy:59)&#xD;
	at com.kms.katalon.core.keyword.builtin.CallTestCaseKeyword$_callTestCase_closure1.call(CallTestCaseKeyword.groovy)&#xD;
	at com.kms.katalon.core.keyword.internal.KeywordMain.runKeyword(KeywordMain.groovy:68)&#xD;
	at com.kms.katalon.core.keyword.builtin.CallTestCaseKeyword.callTestCase(CallTestCaseKeyword.groovy:81)&#xD;
	at com.kms.katalon.core.keyword.builtin.CallTestCaseKeyword.execute(CallTestCaseKeyword.groovy:44)&#xD;
	at com.kms.katalon.core.keyword.internal.KeywordExecutor.executeKeywordForPlatform(KeywordExecutor.groovy:56)&#xD;
	at com.kms.katalon.core.keyword.BuiltinKeywords.callTestCase(BuiltinKeywords.groovy:334)&#xD;
	at Script1567662019524.run(Script1567662019524.groovy:25)&#xD;
	... 13 more&#xD;
)&#xD;
&#xD;
2019-09-06 17:53:42 - [MESSAGE][FAILED] - Unable to click on object 'Object Repository/Objects.PopulateKIVLHS/radio_on' (Root cause: com.kms.katalon.core.exception.StepFailedException: Unable to click on object 'Object Repository/Objects.PopulateKIVLHS/radio_on'&#xD;
	at com.kms.katalon.core.webui.keyword.internal.WebUIKeywordMain.stepFailed(WebUIKeywordMain.groovy:64)&#xD;
	at com.kms.katalon.core.webui.keyword.internal.WebUIKeywordMain.runKeyword(WebUIKeywordMain.groovy:26)&#xD;
	at com.kms.katalon.core.webui.keyword.builtin.ClickKeyword.click(ClickKeyword.groovy:86)&#xD;
	at com.kms.katalon.core.webui.keyword.builtin.ClickKeyword.execute(ClickKeyword.groovy:67)&#xD;
	at com.kms.katalon.core.keyword.internal.KeywordExecutor.executeKeywordForPlatform(KeywordExecutor.groovy:56)&#xD;
	at com.kms.katalon.core.webui.keyword.WebUiBuiltInKeywords.click(WebUiBuiltInKeywords.groovy:616)&#xD;
	at com.kms.katalon.core.webui.keyword.WebUiBuiltInKeywords$click$6.call(Unknown Source)&#xD;
	at PopulateKIVLHS.run(PopulateKIVLHS:36)&#xD;
	at com.kms.katalon.core.main.ScriptEngine.run(ScriptEngine.java:194)&#xD;
	at com.kms.katalon.core.main.ScriptEngine.runScriptAsRawText(ScriptEngine.java:119)&#xD;
	at com.kms.katalon.core.main.TestCaseExecutor.runScript(TestCaseExecutor.java:337)&#xD;
	at com.kms.katalon.core.main.TestCaseExecutor.doExecute(TestCaseExecutor.java:328)&#xD;
	at com.kms.katalon.core.main.TestCaseExecutor.processExecutionPhase(TestCaseExecutor.java:307)&#xD;
	at com.kms.katalon.core.main.TestCaseExecutor.accessMainPhase(TestCaseExecutor.java:299)&#xD;
	at com.kms.katalon.core.main.TestCaseExecutor.execute(TestCaseExecutor.java:233)&#xD;
	at com.kms.katalon.core.main.TestCaseMain.runTestCase(TestCaseMain.java:114)&#xD;
	at com.kms.katalon.core.keyword.builtin.CallTestCaseKeyword$_callTestCase_closure1.doCall(CallTestCaseKeyword.groovy:59)&#xD;
	at com.kms.katalon.core.keyword.builtin.CallTestCaseKeyword$_callTestCase_closure1.call(CallTestCaseKeyword.groovy)&#xD;
	at com.kms.katalon.core.keyword.internal.KeywordMain.runKeyword(KeywordMain.groovy:68)&#xD;
	at com.kms.katalon.core.keyword.builtin.CallTestCaseKeyword.callTestCase(CallTestCaseKeyword.groovy:81)&#xD;
	at com.kms.katalon.core.keyword.builtin.CallTestCaseKeyword.execute(CallTestCaseKeyword.groovy:44)&#xD;
	at com.kms.katalon.core.keyword.internal.KeywordExecutor.executeKeywordForPlatform(KeywordExecutor.groovy:56)&#xD;
	at com.kms.katalon.core.keyword.BuiltinKeywords.callTestCase(BuiltinKeywords.groovy:334)&#xD;
	at SmokeTesting.KIVLHS.run(SmokeTesting.KIVLHS:25)&#xD;
	at com.kms.katalon.core.main.ScriptEngine.run(ScriptEngine.java:194)&#xD;
	at com.kms.katalon.core.main.ScriptEngine.runScriptAsRawText(ScriptEngine.java:119)&#xD;
	at com.kms.katalon.core.main.TestCaseExecutor.runScript(TestCaseExecutor.java:337)&#xD;
	at com.kms.katalon.core.main.TestCaseExecutor.doExecute(TestCaseExecutor.java:328)&#xD;
	at com.kms.katalon.core.main.TestCaseExecutor.processExecutionPhase(TestCaseExecutor.java:307)&#xD;
	at com.kms.katalon.core.main.TestCaseExecutor.accessMainPhase(TestCaseExecutor.java:299)&#xD;
	at com.kms.katalon.core.main.TestCaseExecutor.execute(TestCaseExecutor.java:233)&#xD;
	at com.kms.katalon.core.main.TestSuiteExecutor.accessTestCaseMainPhase(TestSuiteExecutor.java:133)&#xD;
	at com.kms.katalon.core.main.TestSuiteExecutor.accessTestSuiteMainPhase(TestSuiteExecutor.java:116)&#xD;
	at com.kms.katalon.core.main.TestSuiteExecutor.execute(TestSuiteExecutor.java:83)&#xD;
	at com.kms.katalon.core.main.TestCaseMain.startTestSuite(TestCaseMain.java:157)&#xD;
	at com.kms.katalon.core.main.TestCaseMain$startTestSuite$0.call(Unknown Source)&#xD;
	at TempTestSuite1567762670011.run(TempTestSuite1567762670011.groovy:35)&#xD;
Caused by: org.openqa.selenium.ElementClickInterceptedException: element click intercepted: Element &lt;label id="radiofield-2235-boxLabelEl" data-ref="boxLabelEl" class="x-form-cb-label x-form-cb-label-default x-form-cb-label-after  " for="radiofield-2235-inputEl" style="background: clear;"&gt;...&lt;/label&gt; is not clickable at point (491, 381). Other element would receive the click: &lt;span id="radiofield-2235-displayEl" data-ref="displayEl" class="x-form-field x-form-radio x-form-radio-default x-form-cb x-form-cb-default  "&gt;&lt;/span&gt;
  (Session info: chrome=76.0.3809.132)
Build info: version: '3.141.59', revision: 'e82be7d358', time: '2018-11-14T08:25:53'
System info: host: 'NSNB-118', ip: '10.0.1.130', os.name: 'Windows 10', os.arch: 'amd64', os.version: '10.0', java.version: '1.8.0_181'
Driver info: com.kms.katalon.selenium.driver.CChromeDriver
Capabilities {acceptInsecureCerts: false, browserName: chrome, browserVersion: 76.0.3809.132, chrome: {chromedriverVersion: 76.0.3809.68 (420c9498db8ce..., userDataDir: C:\Users\19033-~1\AppData\L...}, goog:chromeOptions: {debuggerAddress: localhost:63738}, javascriptEnabled: true, networkConnectionEnabled: false, pageLoadStrategy: normal, platform: XP, platformName: XP, proxy: Proxy(), setWindowRect: true, strictFileInteractability: false, timeouts: {implicit: 0, pageLoad: 300000, script: 30000}, unhandledPromptBehavior: dismiss and notify}
Session ID: 836c070b0e30b9f07f2e487c50c0c2e0&#xD;
	at org.openqa.selenium.remote.http.W3CHttpResponseCodec.createException(W3CHttpResponseCodec.java:187)&#xD;
	at org.openqa.selenium.remote.http.W3CHttpResponseCodec.decode(W3CHttpResponseCodec.java:122)&#xD;
	at org.openqa.selenium.remote.http.W3CHttpResponseCodec.decode(W3CHttpResponseCodec.java:49)&#xD;
	at org.openqa.selenium.remote.HttpCommandExecutor.execute(HttpCommandExecutor.java:158)&#xD;
	at org.openqa.selenium.remote.service.DriverCommandExecutor.execute(DriverCommandExecutor.java:83)&#xD;
	at org.openqa.selenium.remote.RemoteWebDriver.execute(RemoteWebDriver.java:552)&#xD;
	at com.kms.katalon.selenium.driver.CChromeDriver.execute(CChromeDriver.java:20)&#xD;
	at org.openqa.selenium.remote.RemoteWebElement.execute(RemoteWebElement.java:285)&#xD;
	at org.openqa.selenium.remote.RemoteWebElement.click(RemoteWebElement.java:84)&#xD;
	at com.kms.katalon.core.webui.keyword.builtin.ClickKeyword$_click_closure1.doCall(ClickKeyword.groovy:79)&#xD;
	at com.kms.katalon.core.webui.keyword.builtin.ClickKeyword$_click_closure1.call(ClickKeyword.groovy)&#xD;
	at com.kms.katalon.core.webui.keyword.internal.WebUIKeywordMain.runKeyword(WebUIKeywordMain.groovy:20)&#xD;
	at com.kms.katalon.core.webui.keyword.builtin.ClickKeyword.click(ClickKeyword.groovy:86)&#xD;
	at com.kms.katalon.core.webui.keyword.builtin.ClickKeyword.execute(ClickKeyword.groovy:67)&#xD;
	at com.kms.katalon.core.keyword.internal.KeywordExecutor.executeKeywordForPlatform(KeywordExecutor.groovy:56)&#xD;
	at com.kms.katalon.core.webui.keyword.WebUiBuiltInKeywords.click(WebUiBuiltInKeywords.groovy:616)&#xD;
	at com.kms.katalon.core.webui.keyword.WebUiBuiltInKeywords$click$6.call(Unknown Source)&#xD;
	at Script1567662617938.run(Script1567662617938.groovy:36)&#xD;
	at com.kms.katalon.core.main.ScriptEngine.run(ScriptEngine.java:194)&#xD;
	at com.kms.katalon.core.main.ScriptEngine.runScriptAsRawText(ScriptEngine.java:119)&#xD;
	at com.kms.katalon.core.main.TestCaseExecutor.runScript(TestCaseExecutor.java:337)&#xD;
	at com.kms.katalon.core.main.TestCaseExecutor.doExecute(TestCaseExecutor.java:328)&#xD;
	at com.kms.katalon.core.main.TestCaseExecutor.processExecutionPhase(TestCaseExecutor.java:307)&#xD;
	at com.kms.katalon.core.main.TestCaseExecutor.accessMainPhase(TestCaseExecutor.java:299)&#xD;
	at com.kms.katalon.core.main.TestCaseExecutor.execute(TestCaseExecutor.java:233)&#xD;
	at com.kms.katalon.core.main.TestCaseMain.runTestCase(TestCaseMain.java:114)&#xD;
	at com.kms.katalon.core.keyword.builtin.CallTestCaseKeyword$_callTestCase_closure1.doCall(CallTestCaseKeyword.groovy:59)&#xD;
	at com.kms.katalon.core.keyword.builtin.CallTestCaseKeyword$_callTestCase_closure1.call(CallTestCaseKeyword.groovy)&#xD;
	at com.kms.katalon.core.keyword.internal.KeywordMain.runKeyword(KeywordMain.groovy:68)&#xD;
	at com.kms.katalon.core.keyword.builtin.CallTestCaseKeyword.callTestCase(CallTestCaseKeyword.groovy:81)&#xD;
	at com.kms.katalon.core.keyword.builtin.CallTestCaseKeyword.execute(CallTestCaseKeyword.groovy:44)&#xD;
	at com.kms.katalon.core.keyword.internal.KeywordExecutor.executeKeywordForPlatform(KeywordExecutor.groovy:56)&#xD;
	at com.kms.katalon.core.keyword.BuiltinKeywords.callTestCase(BuiltinKeywords.groovy:334)&#xD;
	at Script1567662019524.run(Script1567662019524.groovy:25)&#xD;
	... 13 more&#xD;
)&#xD;
[[ATTACHMENT|C:\\Automation\\ISPS2 Automation\\Reports\\Smoke Testing Automated Regression Suite (STARS)\\20190906_173749\\1567763622183.png]]&#xD;
&#xD;
2019-09-06 17:53:42 - [MESSAGE][FAILED] - Unable to call Test Case 'Test Cases/Components/PopulateKIVLHS' (Root cause: com.kms.katalon.core.exception.StepFailedException: Call Test Case 'Test Cases/Components/PopulateKIVLHS' failed&#xD;
	at com.kms.katalon.core.keyword.builtin.CallTestCaseKeyword$_callTestCase_closure1.doCall(CallTestCaseKeyword.groovy:63)&#xD;
	at com.kms.katalon.core.keyword.builtin.CallTestCaseKeyword$_callTestCase_closure1.call(CallTestCaseKeyword.groovy)&#xD;
	at com.kms.katalon.core.keyword.internal.KeywordMain.runKeyword(KeywordMain.groovy:68)&#xD;
	at com.kms.katalon.core.keyword.builtin.CallTestCaseKeyword.callTestCase(CallTestCaseKeyword.groovy:81)&#xD;
	at com.kms.katalon.core.keyword.builtin.CallTestCaseKeyword.execute(CallTestCaseKeyword.groovy:44)&#xD;
	at com.kms.katalon.core.keyword.internal.KeywordExecutor.executeKeywordForPlatform(KeywordExecutor.groovy:56)&#xD;
	at com.kms.katalon.core.keyword.BuiltinKeywords.callTestCase(BuiltinKeywords.groovy:334)&#xD;
	at SmokeTesting.KIVLHS.run(SmokeTesting.KIVLHS:25)&#xD;
	at com.kms.katalon.core.main.ScriptEngine.run(ScriptEngine.java:194)&#xD;
	at com.kms.katalon.core.main.ScriptEngine.runScriptAsRawText(ScriptEngine.java:119)&#xD;
	at com.kms.katalon.core.main.TestCaseExecutor.runScript(TestCaseExecutor.java:337)&#xD;
	at com.kms.katalon.core.main.TestCaseExecutor.doExecute(TestCaseExecutor.java:328)&#xD;
	at com.kms.katalon.core.main.TestCaseExecutor.processExecutionPhase(TestCaseExecutor.java:307)&#xD;
	at com.kms.katalon.core.main.TestCaseExecutor.accessMainPhase(TestCaseExecutor.java:299)&#xD;
	at com.kms.katalon.core.main.TestCaseExecutor.execute(TestCaseExecutor.java:233)&#xD;
	at com.kms.katalon.core.main.TestSuiteExecutor.accessTestCaseMainPhase(TestSuiteExecutor.java:133)&#xD;
	at com.kms.katalon.core.main.TestSuiteExecutor.accessTestSuiteMainPhase(TestSuiteExecutor.java:116)&#xD;
	at com.kms.katalon.core.main.TestSuiteExecutor.execute(TestSuiteExecutor.java:83)&#xD;
	at com.kms.katalon.core.main.TestCaseMain.startTestSuite(TestCaseMain.java:157)&#xD;
	at com.kms.katalon.core.main.TestCaseMain$startTestSuite$0.call(Unknown Source)&#xD;
	at TempTestSuite1567762670011.run(TempTestSuite1567762670011.groovy:35)&#xD;
Caused by: com.kms.katalon.core.exception.StepFailedException: Unable to click on object 'Object Repository/Objects.PopulateKIVLHS/radio_on'&#xD;
	at com.kms.katalon.core.webui.keyword.internal.WebUIKeywordMain.stepFailed(WebUIKeywordMain.groovy:64)&#xD;
	at com.kms.katalon.core.webui.keyword.internal.WebUIKeywordMain.runKeyword(WebUIKeywordMain.groovy:26)&#xD;
	at com.kms.katalon.core.webui.keyword.builtin.ClickKeyword.click(ClickKeyword.groovy:86)&#xD;
	at com.kms.katalon.core.webui.keyword.builtin.ClickKeyword.execute(ClickKeyword.groovy:67)&#xD;
	at com.kms.katalon.core.keyword.internal.KeywordExecutor.executeKeywordForPlatform(KeywordExecutor.groovy:56)&#xD;
	at com.kms.katalon.core.webui.keyword.WebUiBuiltInKeywords.click(WebUiBuiltInKeywords.groovy:616)&#xD;
	at com.kms.katalon.core.webui.keyword.WebUiBuiltInKeywords$click$6.call(Unknown Source)&#xD;
	at PopulateKIVLHS.run(PopulateKIVLHS:36)&#xD;
	at com.kms.katalon.core.main.ScriptEngine.run(ScriptEngine.java:194)&#xD;
	at com.kms.katalon.core.main.ScriptEngine.runScriptAsRawText(ScriptEngine.java:119)&#xD;
	at com.kms.katalon.core.main.TestCaseExecutor.runScript(TestCaseExecutor.java:337)&#xD;
	at com.kms.katalon.core.main.TestCaseExecutor.doExecute(TestCaseExecutor.java:328)&#xD;
	at com.kms.katalon.core.main.TestCaseExecutor.processExecutionPhase(TestCaseExecutor.java:307)&#xD;
	at com.kms.katalon.core.main.TestCaseExecutor.accessMainPhase(TestCaseExecutor.java:299)&#xD;
	at com.kms.katalon.core.main.TestCaseExecutor.execute(TestCaseExecutor.java:233)&#xD;
	at com.kms.katalon.core.main.TestCaseMain.runTestCase(TestCaseMain.java:114)&#xD;
	at com.kms.katalon.core.keyword.builtin.CallTestCaseKeyword$_callTestCase_closure1.doCall(CallTestCaseKeyword.groovy:59)&#xD;
	... 20 more&#xD;
Caused by: org.openqa.selenium.ElementClickInterceptedException: element click intercepted: Element &lt;label id="radiofield-2235-boxLabelEl" data-ref="boxLabelEl" class="x-form-cb-label x-form-cb-label-default x-form-cb-label-after  " for="radiofield-2235-inputEl" style="background: clear;"&gt;...&lt;/label&gt; is not clickable at point (491, 381). Other element would receive the click: &lt;span id="radiofield-2235-displayEl" data-ref="displayEl" class="x-form-field x-form-radio x-form-radio-default x-form-cb x-form-cb-default  "&gt;&lt;/span&gt;
  (Session info: chrome=76.0.3809.132)
Build info: version: '3.141.59', revision: 'e82be7d358', time: '2018-11-14T08:25:53'
System info: host: 'NSNB-118', ip: '10.0.1.130', os.name: 'Windows 10', os.arch: 'amd64', os.version: '10.0', java.version: '1.8.0_181'
Driver info: com.kms.katalon.selenium.driver.CChromeDriver
Capabilities {acceptInsecureCerts: false, browserName: chrome, browserVersion: 76.0.3809.132, chrome: {chromedriverVersion: 76.0.3809.68 (420c9498db8ce..., userDataDir: C:\Users\19033-~1\AppData\L...}, goog:chromeOptions: {debuggerAddress: localhost:63738}, javascriptEnabled: true, networkConnectionEnabled: false, pageLoadStrategy: normal, platform: XP, platformName: XP, proxy: Proxy(), setWindowRect: true, strictFileInteractability: false, timeouts: {implicit: 0, pageLoad: 300000, script: 30000}, unhandledPromptBehavior: dismiss and notify}
Session ID: 836c070b0e30b9f07f2e487c50c0c2e0&#xD;
	at org.openqa.selenium.remote.http.W3CHttpResponseCodec.createException(W3CHttpResponseCodec.java:187)&#xD;
	at org.openqa.selenium.remote.http.W3CHttpResponseCodec.decode(W3CHttpResponseCodec.java:122)&#xD;
	at org.openqa.selenium.remote.http.W3CHttpResponseCodec.decode(W3CHttpResponseCodec.java:49)&#xD;
	at org.openqa.selenium.remote.HttpCommandExecutor.execute(HttpCommandExecutor.java:158)&#xD;
	at org.openqa.selenium.remote.service.DriverCommandExecutor.execute(DriverCommandExecutor.java:83)&#xD;
	at org.openqa.selenium.remote.RemoteWebDriver.execute(RemoteWebDriver.java:552)&#xD;
	at com.kms.katalon.selenium.driver.CChromeDriver.execute(CChromeDriver.java:20)&#xD;
	at org.openqa.selenium.remote.RemoteWebElement.execute(RemoteWebElement.java:285)&#xD;
	at org.openqa.selenium.remote.RemoteWebElement.click(RemoteWebElement.java:84)&#xD;
	at com.kms.katalon.core.webui.keyword.builtin.ClickKeyword$_click_closure1.doCall(ClickKeyword.groovy:79)&#xD;
	at com.kms.katalon.core.webui.keyword.builtin.ClickKeyword$_click_closure1.call(ClickKeyword.groovy)&#xD;
	at com.kms.katalon.core.webui.keyword.internal.WebUIKeywordMain.runKeyword(WebUIKeywordMain.groovy:20)&#xD;
	... 35 more&#xD;
)</system-out>
            <system-err>2019-09-06 17:52:54 - [TEST_CASE][FAILED] - Test Cases/Smoke/TBP/SmokeTesting.KIVLHS: Test Cases/Smoke/TBP/SmokeTesting.KIVLHS FAILED.
Reason:
com.kms.katalon.core.exception.StepFailedException: Call Test Case 'Test Cases/Components/PopulateKIVLHS' failed&#xD;
	at com.kms.katalon.core.keyword.builtin.CallTestCaseKeyword$_callTestCase_closure1.doCall(CallTestCaseKeyword.groovy:63)&#xD;
	at com.kms.katalon.core.keyword.builtin.CallTestCaseKeyword$_callTestCase_closure1.call(CallTestCaseKeyword.groovy)&#xD;
	at com.kms.katalon.core.keyword.internal.KeywordMain.runKeyword(KeywordMain.groovy:68)&#xD;
	at com.kms.katalon.core.keyword.builtin.CallTestCaseKeyword.callTestCase(CallTestCaseKeyword.groovy:81)&#xD;
	at com.kms.katalon.core.keyword.builtin.CallTestCaseKeyword.execute(CallTestCaseKeyword.groovy:44)&#xD;
	at com.kms.katalon.core.keyword.internal.KeywordExecutor.executeKeywordForPlatform(KeywordExecutor.groovy:56)&#xD;
	at com.kms.katalon.core.keyword.BuiltinKeywords.callTestCase(BuiltinKeywords.groovy:334)&#xD;
	at SmokeTesting.KIVLHS.run(SmokeTesting.KIVLHS:25)&#xD;
	at com.kms.katalon.core.main.ScriptEngine.run(ScriptEngine.java:194)&#xD;
	at com.kms.katalon.core.main.ScriptEngine.runScriptAsRawText(ScriptEngine.java:119)&#xD;
	at com.kms.katalon.core.main.TestCaseExecutor.runScript(TestCaseExecutor.java:337)&#xD;
	at com.kms.katalon.core.main.TestCaseExecutor.doExecute(TestCaseExecutor.java:328)&#xD;
	at com.kms.katalon.core.main.TestCaseExecutor.processExecutionPhase(TestCaseExecutor.java:307)&#xD;
	at com.kms.katalon.core.main.TestCaseExecutor.accessMainPhase(TestCaseExecutor.java:299)&#xD;
	at com.kms.katalon.core.main.TestCaseExecutor.execute(TestCaseExecutor.java:233)&#xD;
	at com.kms.katalon.core.main.TestSuiteExecutor.accessTestCaseMainPhase(TestSuiteExecutor.java:133)&#xD;
	at com.kms.katalon.core.main.TestSuiteExecutor.accessTestSuiteMainPhase(TestSuiteExecutor.java:116)&#xD;
	at com.kms.katalon.core.main.TestSuiteExecutor.execute(TestSuiteExecutor.java:83)&#xD;
	at com.kms.katalon.core.main.TestCaseMain.startTestSuite(TestCaseMain.java:157)&#xD;
	at com.kms.katalon.core.main.TestCaseMain$startTestSuite$0.call(Unknown Source)&#xD;
	at TempTestSuite1567762670011.run(TempTestSuite1567762670011.groovy:35)&#xD;
Caused by: com.kms.katalon.core.exception.StepFailedException: Unable to click on object 'Object Repository/Objects.PopulateKIVLHS/radio_on'&#xD;
	at com.kms.katalon.core.webui.keyword.internal.WebUIKeywordMain.stepFailed(WebUIKeywordMain.groovy:64)&#xD;
	at com.kms.katalon.core.webui.keyword.internal.WebUIKeywordMain.runKeyword(WebUIKeywordMain.groovy:26)&#xD;
	at com.kms.katalon.core.webui.keyword.builtin.ClickKeyword.click(ClickKeyword.groovy:86)&#xD;
	at com.kms.katalon.core.webui.keyword.builtin.ClickKeyword.execute(ClickKeyword.groovy:67)&#xD;
	at com.kms.katalon.core.keyword.internal.KeywordExecutor.executeKeywordForPlatform(KeywordExecutor.groovy:56)&#xD;
	at com.kms.katalon.core.webui.keyword.WebUiBuiltInKeywords.click(WebUiBuiltInKeywords.groovy:616)&#xD;
	at com.kms.katalon.core.webui.keyword.WebUiBuiltInKeywords$click$6.call(Unknown Source)&#xD;
	at PopulateKIVLHS.run(PopulateKIVLHS:36)&#xD;
	at com.kms.katalon.core.main.ScriptEngine.run(ScriptEngine.java:194)&#xD;
	at com.kms.katalon.core.main.ScriptEngine.runScriptAsRawText(ScriptEngine.java:119)&#xD;
	at com.kms.katalon.core.main.TestCaseExecutor.runScript(TestCaseExecutor.java:337)&#xD;
	at com.kms.katalon.core.main.TestCaseExecutor.doExecute(TestCaseExecutor.java:328)&#xD;
	at com.kms.katalon.core.main.TestCaseExecutor.processExecutionPhase(TestCaseExecutor.java:307)&#xD;
	at com.kms.katalon.core.main.TestCaseExecutor.accessMainPhase(TestCaseExecutor.java:299)&#xD;
	at com.kms.katalon.core.main.TestCaseExecutor.execute(TestCaseExecutor.java:233)&#xD;
	at com.kms.katalon.core.main.TestCaseMain.runTestCase(TestCaseMain.java:114)&#xD;
	at com.kms.katalon.core.keyword.builtin.CallTestCaseKeyword$_callTestCase_closure1.doCall(CallTestCaseKeyword.groovy:59)&#xD;
	... 20 more&#xD;
Caused by: org.openqa.selenium.ElementClickInterceptedException: element click intercepted: Element &lt;label id="radiofield-2235-boxLabelEl" data-ref="boxLabelEl" class="x-form-cb-label x-form-cb-label-default x-form-cb-label-after  " for="radiofield-2235-inputEl" style="background: clear;"&gt;...&lt;/label&gt; is not clickable at point (491, 381). Other element would receive the click: &lt;span id="radiofield-2235-displayEl" data-ref="displayEl" class="x-form-field x-form-radio x-form-radio-default x-form-cb x-form-cb-default  "&gt;&lt;/span&gt;
  (Session info: chrome=76.0.3809.132)
Build info: version: '3.141.59', revision: 'e82be7d358', time: '2018-11-14T08:25:53'
System info: host: 'NSNB-118', ip: '10.0.1.130', os.name: 'Windows 10', os.arch: 'amd64', os.version: '10.0', java.version: '1.8.0_181'
Driver info: com.kms.katalon.selenium.driver.CChromeDriver
Capabilities {acceptInsecureCerts: false, browserName: chrome, browserVersion: 76.0.3809.132, chrome: {chromedriverVersion: 76.0.3809.68 (420c9498db8ce..., userDataDir: C:\Users\19033-~1\AppData\L...}, goog:chromeOptions: {debuggerAddress: localhost:63738}, javascriptEnabled: true, networkConnectionEnabled: false, pageLoadStrategy: normal, platform: XP, platformName: XP, proxy: Proxy(), setWindowRect: true, strictFileInteractability: false, timeouts: {implicit: 0, pageLoad: 300000, script: 30000}, unhandledPromptBehavior: dismiss and notify}
Session ID: 836c070b0e30b9f07f2e487c50c0c2e0&#xD;
	at org.openqa.selenium.remote.http.W3CHttpResponseCodec.createException(W3CHttpResponseCodec.java:187)&#xD;
	at org.openqa.selenium.remote.http.W3CHttpResponseCodec.decode(W3CHttpResponseCodec.java:122)&#xD;
	at org.openqa.selenium.remote.http.W3CHttpResponseCodec.decode(W3CHttpResponseCodec.java:49)&#xD;
	at org.openqa.selenium.remote.HttpCommandExecutor.execute(HttpCommandExecutor.java:158)&#xD;
	at org.openqa.selenium.remote.service.DriverCommandExecutor.execute(DriverCommandExecutor.java:83)&#xD;
	at org.openqa.selenium.remote.RemoteWebDriver.execute(RemoteWebDriver.java:552)&#xD;
	at com.kms.katalon.selenium.driver.CChromeDriver.execute(CChromeDriver.java:20)&#xD;
	at org.openqa.selenium.remote.RemoteWebElement.execute(RemoteWebElement.java:285)&#xD;
	at org.openqa.selenium.remote.RemoteWebElement.click(RemoteWebElement.java:84)&#xD;
	at com.kms.katalon.core.webui.keyword.builtin.ClickKeyword$_click_closure1.doCall(ClickKeyword.groovy:79)&#xD;
	at com.kms.katalon.core.webui.keyword.builtin.ClickKeyword$_click_closure1.call(ClickKeyword.groovy)&#xD;
	at com.kms.katalon.core.webui.keyword.internal.WebUIKeywordMain.runKeyword(WebUIKeywordMain.groovy:20)&#xD;
	... 35 more</system-err>
        </testcase>
        <testcase name="Test Cases/Smoke/TBP/SmokeTesting.CloseCaseLHS" classname="Test Cases/Smoke/TBP/SmokeTesting.CloseCaseLHS" status="PASSED">
            <system-out>2019-09-06 17:53:42 - [TEST_CASE][PASSED] - Test Cases/Smoke/TBP/SmokeTesting.CloseCaseLHS: Test Cases/Smoke/TBP/SmokeTesting.CloseCaseLHS&#xD;
&#xD;
2019-09-06 17:53:42 - [TEST_STEP][PASSED] - callTestCase(findTestCase("Components/Login"), ["Username":findTestData("Datatable").getValue("Username", 1), "Password":findTestData("Datatable").getValue("Password", 1)], STOP_ON_FAILURE): Call Test Case 'Test Cases/Components/Login' successfully&#xD;
&#xD;
2019-09-06 17:53:42 - [TEST_CASE][PASSED] - Test Cases/Components/Login: Test Cases/Components/Login&#xD;
&#xD;
2019-09-06 17:53:42 - [TEST_STEP][PASSED] - openBrowser(findTestData("Datatable").getValue("URL", 1)): Browser is opened with url: 'http://java03:3012/isps2-prod-verify/authnz/login.do'&#xD;
&#xD;
2019-09-06 17:53:42 - [MESSAGE][WARNING] - A browser is already opened. Closing browser and opening a new one&#xD;
&#xD;
2019-09-06 17:53:43 - [MESSAGE][INFO] - Starting 'Chrome' driver&#xD;
&#xD;
2019-09-06 17:53:48 - [MESSAGE][PASSED] - Browser is opened with url: 'http://java03:3012/isps2-prod-verify/authnz/login.do'&#xD;
&#xD;
2019-09-06 17:53:48 - [TEST_STEP][PASSED] - maximizeWindow(): Current window maximized&#xD;
&#xD;
2019-09-06 17:53:49 - [MESSAGE][PASSED] - Current window maximized&#xD;
&#xD;
2019-09-06 17:53:49 - [TEST_STEP][PASSED] - verifyTextPresent("Sign in to ISPS2-PROD-Verify", false): Text 'Sign in to ISPS2-PROD-Verify' is present on page &#xD;
&#xD;
2019-09-06 17:53:50 - [MESSAGE][PASSED] - Text 'Sign in to ISPS2-PROD-Verify' is present on page &#xD;
&#xD;
2019-09-06 17:53:50 - [TEST_STEP][NOT_RUN] - com.reusableComponents.HighlightElement.run(findTestObject("Objects.Login/Login Page/div_Sign in to ISPS2-PROD-Verify")): NOT_RUN: com.reusableComponents.HighlightElement.run(findTestObject("Objects.Login/Login Page/div_Sign in to ISPS2-PROD-Verify"))&#xD;
&#xD;
2019-09-06 17:53:50 - [MESSAGE][NOT_RUN] - NOT_RUN: com.reusableComponents.HighlightElement.run(findTestObject("Objects.Login/Login Page/div_Sign in to ISPS2-PROD-Verify"))&#xD;
&#xD;
2019-09-06 17:53:50 - [TEST_STEP][NOT_RUN] - com.reusableComponents.HighlightElement.run(findTestObject("Objects.Login/Login Page/input_Sign in to ISPS2-PROD-Verify_username")): NOT_RUN: com.reusableComponents.HighlightElement.run(findTestObject("Objects.Login/Login Page/input_Sign in to ISPS2-PROD-Verify_username"))&#xD;
&#xD;
2019-09-06 17:53:50 - [MESSAGE][NOT_RUN] - NOT_RUN: com.reusableComponents.HighlightElement.run(findTestObject("Objects.Login/Login Page/input_Sign in to ISPS2-PROD-Verify_username"))&#xD;
&#xD;
2019-09-06 17:53:50 - [TEST_STEP][PASSED] - setText(findTestObject("Objects.Login/Login Page/input_Sign in to ISPS2-PROD-Verify_username"), Username): Text 'sysadmin' is set on object 'Object Repository/Objects.Login/Login Page/input_Sign in to ISPS2-PROD-Verify_username'&#xD;
&#xD;
2019-09-06 17:53:50 - [MESSAGE][PASSED] - Text 'sysadmin' is set on object 'Object Repository/Objects.Login/Login Page/input_Sign in to ISPS2-PROD-Verify_username'&#xD;
&#xD;
2019-09-06 17:53:50 - [TEST_STEP][NOT_RUN] - com.reusableComponents.HighlightElement.run(findTestObject("Objects.Login/Login Page/input_This field is required_password")): NOT_RUN: com.reusableComponents.HighlightElement.run(findTestObject("Objects.Login/Login Page/input_This field is required_password"))&#xD;
&#xD;
2019-09-06 17:53:50 - [MESSAGE][NOT_RUN] - NOT_RUN: com.reusableComponents.HighlightElement.run(findTestObject("Objects.Login/Login Page/input_This field is required_password"))&#xD;
&#xD;
2019-09-06 17:53:50 - [TEST_STEP][PASSED] - setEncryptedText(findTestObject("Objects.Login/Login Page/input_This field is required_password"), Password): Text ****** has been set on object 'Object Repository/Objects.Login/Login Page/input_This field is required_password'&#xD;
&#xD;
2019-09-06 17:53:50 - [MESSAGE][PASSED] - Text ****** has been set on object 'Object Repository/Objects.Login/Login Page/input_This field is required_password'&#xD;
&#xD;
2019-09-06 17:53:50 - [TEST_STEP][NOT_RUN] - com.reusableComponents.HighlightElement.run(findTestObject("Objects.Login/Login Page/div_Sign in to ISPS2-PROD-Verify_NovaGoButton-1021")): NOT_RUN: com.reusableComponents.HighlightElement.run(findTestObject("Objects.Login/Login Page/div_Sign in to ISPS2-PROD-Verify_NovaGoButton-1021"))&#xD;
&#xD;
2019-09-06 17:53:50 - [MESSAGE][NOT_RUN] - NOT_RUN: com.reusableComponents.HighlightElement.run(findTestObject("Objects.Login/Login Page/div_Sign in to ISPS2-PROD-Verify_NovaGoButton-1021"))&#xD;
&#xD;
2019-09-06 17:53:50 - [TEST_STEP][PASSED] - click(findTestObject("Objects.Login/Login Page/div_Sign in to ISPS2-PROD-Verify_NovaGoButton-1021"), OPTIONAL): Object: 'Object Repository/Objects.Login/Login Page/div_Sign in to ISPS2-PROD-Verify_NovaGoButton-1021' is clicked on&#xD;
&#xD;
2019-09-06 17:53:50 - [MESSAGE][PASSED] - Object: 'Object Repository/Objects.Login/Login Page/div_Sign in to ISPS2-PROD-Verify_NovaGoButton-1021' is clicked on&#xD;
&#xD;
2019-09-06 17:53:50 - [TEST_STEP][NOT_RUN] - sendKeys(findTestObject("Objects.Login/Login Page/input_This field is required_password"), Keys.chord(ENTER), OPTIONAL): NOT_RUN: sendKeys(findTestObject("Objects.Login/Login Page/input_This field is required_password"), Keys.chord(ENTER), OPTIONAL)&#xD;
&#xD;
2019-09-06 17:53:50 - [MESSAGE][NOT_RUN] - NOT_RUN: sendKeys(findTestObject("Objects.Login/Login Page/input_This field is required_password"), Keys.chord(ENTER), OPTIONAL)&#xD;
&#xD;
2019-09-06 17:53:50 - [TEST_STEP][PASSED] - waitForPageLoad(30): Wait for page load successfully&#xD;
&#xD;
2019-09-06 17:53:50 - [MESSAGE][PASSED] - Wait for page load successfully&#xD;
&#xD;
2019-09-06 17:53:50 - [TEST_STEP][NOT_RUN] - verifyElementVisible(findTestObject("Objects.Login/Dashboard/a_ISPS2-PROD-Verify"), OPTIONAL): NOT_RUN: verifyElementVisible(findTestObject("Objects.Login/Dashboard/a_ISPS2-PROD-Verify"), OPTIONAL)&#xD;
&#xD;
2019-09-06 17:53:50 - [MESSAGE][NOT_RUN] - NOT_RUN: verifyElementVisible(findTestObject("Objects.Login/Dashboard/a_ISPS2-PROD-Verify"), OPTIONAL)&#xD;
&#xD;
2019-09-06 17:53:50 - [MESSAGE][PASSED] - Call Test Case 'Test Cases/Components/Login' successfully&#xD;
&#xD;
2019-09-06 17:53:50 - [TEST_STEP][PASSED] - callTestCase(findTestCase("Components/NavigateToDashboard"), [:], STOP_ON_FAILURE): Call Test Case 'Test Cases/Components/NavigateToDashboard' successfully&#xD;
&#xD;
2019-09-06 17:53:51 - [TEST_CASE][PASSED] - Test Cases/Components/NavigateToDashboard: Test Cases/Components/NavigateToDashboard&#xD;
&#xD;
2019-09-06 17:53:51 - [TEST_STEP][PASSED] - click(findTestObject("Objects.NavigateToDashboard/a_ISPS2-PROD-Verify")): Object: 'Object Repository/Objects.NavigateToDashboard/a_ISPS2-PROD-Verify' is clicked on&#xD;
&#xD;
2019-09-06 17:53:56 - [MESSAGE][PASSED] - Object: 'Object Repository/Objects.NavigateToDashboard/a_ISPS2-PROD-Verify' is clicked on&#xD;
&#xD;
2019-09-06 17:53:56 - [TEST_STEP][PASSED] - waitForPageLoad(30): Wait for page load successfully&#xD;
&#xD;
2019-09-06 17:53:56 - [MESSAGE][PASSED] - Wait for page load successfully&#xD;
&#xD;
2019-09-06 17:53:56 - [TEST_STEP][PASSED] - Thread.sleep(3000): null&#xD;
&#xD;
2019-09-06 17:53:59 - [TEST_STEP][PASSED] - verifyTextPresent("Loading search result. Please wait...", false, OPTIONAL): Text 'Loading search result. Please wait...' is present on page &#xD;
&#xD;
2019-09-06 17:54:00 - [MESSAGE][PASSED] - Text 'Loading search result. Please wait...' is present on page &#xD;
&#xD;
2019-09-06 17:54:00 - [TEST_STEP][PASSED] - waitForElementNotPresent(findTestObject("Objects.NavigateToDashboard/div_Loading search result Please wait"), 120): Web element with id: 'Object Repository/Objects.NavigateToDashboard/div_Loading search result Please wait' located by 'By.xpath: //div[@class = 'x-mask-msg-text' and (text() = 'Loading search result. Please wait...' or . = 'Loading search result. Please wait...')]' is not present after '120' second(s)&#xD;
&#xD;
2019-09-06 17:54:01 - [MESSAGE][PASSED] - Web element with id: 'Object Repository/Objects.NavigateToDashboard/div_Loading search result Please wait' located by 'By.xpath: //div[@class = 'x-mask-msg-text' and (text() = 'Loading search result. Please wait...' or . = 'Loading search result. Please wait...')]' is not present after '120' second(s)&#xD;
&#xD;
2019-09-06 17:54:01 - [TEST_STEP][PASSED] - Thread.sleep(3000): null&#xD;
&#xD;
2019-09-06 17:54:04 - [MESSAGE][PASSED] - Call Test Case 'Test Cases/Components/NavigateToDashboard' successfully&#xD;
&#xD;
2019-09-06 17:54:04 - [TEST_STEP][PASSED] - callTestCase(findTestCase("Components/SearchTask"), [:], STOP_ON_FAILURE): Call Test Case 'Test Cases/Components/SearchTask' successfully&#xD;
&#xD;
2019-09-06 17:54:04 - [TEST_CASE][PASSED] - Test Cases/Components/SearchTask: Test Cases/Components/SearchTask&#xD;
&#xD;
2019-09-06 17:54:04 - [TEST_STEP][PASSED] - Thread.sleep(3000): null&#xD;
&#xD;
2019-09-06 17:54:07 - [TEST_STEP][PASSED] - verifyElementPresent(findTestObject("Objects.SearchTask/Page_ISPS2/a_"), 0): Object 'Object Repository/Objects.SearchTask/Page_ISPS2/a_' is present&#xD;
&#xD;
2019-09-06 17:54:07 - [MESSAGE][WARNING] - Timeout '0' is invalid. Using default page load timeout: '30'&#xD;
&#xD;
2019-09-06 17:54:07 - [MESSAGE][PASSED] - Object 'Object Repository/Objects.SearchTask/Page_ISPS2/a_' is present&#xD;
&#xD;
2019-09-06 17:54:07 - [TEST_STEP][PASSED] - click(findTestObject("Objects.SearchTask/Page_ISPS2/a_")): Object: 'Object Repository/Objects.SearchTask/Page_ISPS2/a_' is clicked on&#xD;
&#xD;
2019-09-06 17:54:07 - [MESSAGE][PASSED] - Object: 'Object Repository/Objects.SearchTask/Page_ISPS2/a_' is clicked on&#xD;
&#xD;
2019-09-06 17:54:07 - [TEST_STEP][PASSED] - verifyElementVisible(findTestObject("Objects.SearchTask/Page_ISPS2/div_Saved Filter")): Object 'Object Repository/Objects.SearchTask/Page_ISPS2/div_Saved Filter' is visible&#xD;
&#xD;
2019-09-06 17:54:07 - [MESSAGE][PASSED] - Object 'Object Repository/Objects.SearchTask/Page_ISPS2/div_Saved Filter' is visible&#xD;
&#xD;
2019-09-06 17:54:07 - [TEST_STEP][PASSED] - Thread.sleep(3000): null&#xD;
&#xD;
2019-09-06 17:54:10 - [TEST_STEP][PASSED] - click(findTestObject("Objects.SearchTask/Page_ISPS2/span_Reset")): Object: 'Object Repository/Objects.SearchTask/Page_ISPS2/span_Reset' is clicked on&#xD;
&#xD;
2019-09-06 17:54:10 - [MESSAGE][PASSED] - Object: 'Object Repository/Objects.SearchTask/Page_ISPS2/span_Reset' is clicked on&#xD;
&#xD;
2019-09-06 17:54:10 - [TEST_STEP][PASSED] - com.reusableComponents.HighlightElement.run(findTestObject("Objects.SearchTask/Page_ISPS2/input_Task Description_searchCriteriaPojotaskDescription")): com.reusableComponents.HighlightElement.run is PASSED&#xD;
&#xD;
2019-09-06 17:54:11 - [MESSAGE][PASSED] - com.reusableComponents.HighlightElement.run is PASSED&#xD;
&#xD;
2019-09-06 17:54:11 - [TEST_STEP][PASSED] - setText(findTestObject("Objects.SearchTask/Page_ISPS2/input_Task Description_searchCriteriaPojotaskDescription"), "Process Temporary Building Permit"): Text 'Process Temporary Building Permit' is set on object 'Object Repository/Objects.SearchTask/Page_ISPS2/input_Task Description_searchCriteriaPojotaskDescription'&#xD;
&#xD;
2019-09-06 17:54:11 - [MESSAGE][PASSED] - Text 'Process Temporary Building Permit' is set on object 'Object Repository/Objects.SearchTask/Page_ISPS2/input_Task Description_searchCriteriaPojotaskDescription'&#xD;
&#xD;
2019-09-06 17:54:11 - [TEST_STEP][PASSED] - Thread.sleep(1000): null&#xD;
&#xD;
2019-09-06 17:54:12 - [TEST_STEP][PASSED] - click(findTestObject("Objects.SearchTask/Page_ISPS2/div_Process Temporary Building Permit")): Object: 'Object Repository/Objects.SearchTask/Page_ISPS2/div_Process Temporary Building Permit' is clicked on&#xD;
&#xD;
2019-09-06 17:54:12 - [MESSAGE][PASSED] - Object: 'Object Repository/Objects.SearchTask/Page_ISPS2/div_Process Temporary Building Permit' is clicked on&#xD;
&#xD;
2019-09-06 17:54:12 - [TEST_STEP][PASSED] - com.reusableComponents.HighlightElement.run(findTestObject("Objects.SearchTask/Page_ISPS2/span_Search")): com.reusableComponents.HighlightElement.run is PASSED&#xD;
&#xD;
2019-09-06 17:54:13 - [MESSAGE][PASSED] - com.reusableComponents.HighlightElement.run is PASSED&#xD;
&#xD;
2019-09-06 17:54:13 - [TEST_STEP][PASSED] - click(findTestObject("Objects.SearchTask/Page_ISPS2/span_Search")): Object: 'Object Repository/Objects.SearchTask/Page_ISPS2/span_Search' is clicked on&#xD;
&#xD;
2019-09-06 17:54:13 - [MESSAGE][PASSED] - Object: 'Object Repository/Objects.SearchTask/Page_ISPS2/span_Search' is clicked on&#xD;
&#xD;
2019-09-06 17:54:13 - [TEST_STEP][PASSED] - Thread.sleep(500): null&#xD;
&#xD;
2019-09-06 17:54:14 - [TEST_STEP][PASSED] - waitForElementNotPresent(findTestObject("Objects.SearchTask/Page_ISPS2/div_Loading search result Please wait"), 120, STOP_ON_FAILURE): Web element with id: 'Object Repository/Objects.SearchTask/Page_ISPS2/div_Loading search result Please wait' located by 'By.xpath: //div[@class = 'x-mask-msg-text' and (text() = 'Loading search result. Please wait...' or . = 'Loading search result. Please wait...')]' is not present after '120' second(s)&#xD;
&#xD;
2019-09-06 17:54:14 - [MESSAGE][PASSED] - Web element with id: 'Object Repository/Objects.SearchTask/Page_ISPS2/div_Loading search result Please wait' located by 'By.xpath: //div[@class = 'x-mask-msg-text' and (text() = 'Loading search result. Please wait...' or . = 'Loading search result. Please wait...')]' is not present after '120' second(s)&#xD;
&#xD;
2019-09-06 17:54:14 - [TEST_STEP][PASSED] - Thread.sleep(2000): null&#xD;
&#xD;
2019-09-06 17:54:16 - [TEST_STEP][PASSED] - scrollToElement(findTestObject("Objects.SearchTask/Page_ISPS2/a_Process Temporary Building Permit"), 0): Scroll to object 'Object Repository/Objects.SearchTask/Page_ISPS2/a_Process Temporary Building Permit' successfully&#xD;
&#xD;
2019-09-06 17:54:16 - [MESSAGE][WARNING] - Timeout '0' is invalid. Using default page load timeout: '30'&#xD;
&#xD;
2019-09-06 17:54:16 - [MESSAGE][PASSED] - Scroll to object 'Object Repository/Objects.SearchTask/Page_ISPS2/a_Process Temporary Building Permit' successfully&#xD;
&#xD;
2019-09-06 17:54:16 - [TEST_STEP][PASSED] - com.reusableComponents.HighlightElement.run(findTestObject("Objects.SearchTask/Page_ISPS2/a_Process Temporary Building Permit")): com.reusableComponents.HighlightElement.run is PASSED&#xD;
&#xD;
2019-09-06 17:54:17 - [MESSAGE][PASSED] - com.reusableComponents.HighlightElement.run is PASSED&#xD;
&#xD;
2019-09-06 17:54:17 - [TEST_STEP][PASSED] - click(findTestObject("Objects.SearchTask/Page_ISPS2/a_Process Temporary Building Permit")): Object: 'Object Repository/Objects.SearchTask/Page_ISPS2/a_Process Temporary Building Permit' is clicked on&#xD;
&#xD;
2019-09-06 17:54:17 - [MESSAGE][PASSED] - Object: 'Object Repository/Objects.SearchTask/Page_ISPS2/a_Process Temporary Building Permit' is clicked on&#xD;
&#xD;
2019-09-06 17:54:17 - [TEST_STEP][PASSED] - Thread.sleep(500): null&#xD;
&#xD;
2019-09-06 17:54:18 - [TEST_STEP][PASSED] - waitForElementPresent(findTestObject("Objects.SearchTask/Page_ISPS2/div_Process Temporary Building Permit_LandingPage"), 120): Object 'Object Repository/Objects.SearchTask/Page_ISPS2/div_Process Temporary Building Permit_LandingPage' is present&#xD;
&#xD;
2019-09-06 17:54:22 - [MESSAGE][PASSED] - Object 'Object Repository/Objects.SearchTask/Page_ISPS2/div_Process Temporary Building Permit_LandingPage' is present&#xD;
&#xD;
2019-09-06 17:54:22 - [TEST_STEP][PASSED] - Thread.sleep(3000): null&#xD;
&#xD;
2019-09-06 17:54:25 - [MESSAGE][PASSED] - Call Test Case 'Test Cases/Components/SearchTask' successfully&#xD;
&#xD;
2019-09-06 17:54:25 - [TEST_STEP][PASSED] - callTestCase(findTestCase("Components/NavigateToAnyLHS"), ["LHS":"Close Case"], STOP_ON_FAILURE): Call Test Case 'Test Cases/Components/NavigateToAnyLHS' successfully&#xD;
&#xD;
2019-09-06 17:54:25 - [TEST_CASE][PASSED] - Test Cases/Components/NavigateToAnyLHS: Test Cases/Components/NavigateToAnyLHS&#xD;
&#xD;
2019-09-06 17:54:25 - [TEST_STEP][PASSED] - Thread.sleep(1000): null&#xD;
&#xD;
2019-09-06 17:54:26 - [TEST_STEP][PASSED] - modifiedLHS = modifyObjectProperty(findTestObject("Objects.NavigateToAnyLHS/Page_ISPS2/LHSToModify"), "text", "equals", LHS, true): Modify property of object successfully&#xD;
&#xD;
2019-09-06 17:54:26 - [MESSAGE][PASSED] - Modify property of object successfully&#xD;
&#xD;
2019-09-06 17:54:26 - [TEST_STEP][PASSED] - click(modifiedLHS): Object: 'Object Repository/Objects.NavigateToAnyLHS/Page_ISPS2/LHSToModify' is clicked on&#xD;
&#xD;
2019-09-06 17:54:26 - [MESSAGE][PASSED] - Object: 'Object Repository/Objects.NavigateToAnyLHS/Page_ISPS2/LHSToModify' is clicked on&#xD;
&#xD;
2019-09-06 17:54:26 - [TEST_STEP][PASSED] - Thread.sleep(5000): null&#xD;
&#xD;
2019-09-06 17:54:31 - [MESSAGE][PASSED] - Call Test Case 'Test Cases/Components/NavigateToAnyLHS' successfully&#xD;
&#xD;
2019-09-06 17:54:31 - [TEST_STEP][NOT_RUN] - callTestCase(findTestCase("Components/PopulateCloseCaseLHS"), [:], STOP_ON_FAILURE): NOT_RUN: callTestCase(findTestCase("Components/PopulateCloseCaseLHS"), [:], STOP_ON_FAILURE)&#xD;
&#xD;
2019-09-06 17:54:31 - [MESSAGE][NOT_RUN] - NOT_RUN: callTestCase(findTestCase("Components/PopulateCloseCaseLHS"), [:], STOP_ON_FAILURE)&#xD;
&#xD;
2019-09-06 17:54:31 - [TEST_STEP][PASSED] - callTestCase(findTestCase("Components/ClickBlueButtons"), ["buttonText":"Close Case"], STOP_ON_FAILURE): Call Test Case 'Test Cases/Components/ClickBlueButtons' successfully&#xD;
&#xD;
2019-09-06 17:54:31 - [TEST_CASE][PASSED] - Test Cases/Components/ClickBlueButtons: Test Cases/Components/ClickBlueButtons&#xD;
&#xD;
2019-09-06 17:54:31 - [TEST_STEP][PASSED] - Thread.sleep(1000): null&#xD;
&#xD;
2019-09-06 17:54:32 - [TEST_STEP][PASSED] - modifiedButton = modifyObjectProperty(findTestObject("Objects.ClickBlueButtons/ButtonToModify"), "text", "equals", buttonText, true): Modify property of object successfully&#xD;
&#xD;
2019-09-06 17:54:32 - [MESSAGE][PASSED] - Modify property of object successfully&#xD;
&#xD;
2019-09-06 17:54:32 - [TEST_STEP][PASSED] - com.reusableComponents.HighlightElement.run(modifiedButton): com.reusableComponents.HighlightElement.run is PASSED&#xD;
&#xD;
2019-09-06 17:54:33 - [MESSAGE][PASSED] - com.reusableComponents.HighlightElement.run is PASSED&#xD;
&#xD;
2019-09-06 17:54:33 - [TEST_STEP][NOT_RUN] - click(modifiedButton): NOT_RUN: click(modifiedButton)&#xD;
&#xD;
2019-09-06 17:54:33 - [MESSAGE][NOT_RUN] - NOT_RUN: click(modifiedButton)&#xD;
&#xD;
2019-09-06 17:54:33 - [TEST_STEP][PASSED] - com.reusableComponents.clickUsingJS.clickUsingJS(modifiedButton, 0): com.reusableComponents.clickUsingJS.clickUsingJS is PASSED&#xD;
&#xD;
2019-09-06 17:54:33 - [MESSAGE][WARNING] - Timeout '0' is invalid. Using default page load timeout: '30'&#xD;
&#xD;
2019-09-06 17:54:33 - [MESSAGE][PASSED] - com.reusableComponents.clickUsingJS.clickUsingJS is PASSED&#xD;
&#xD;
2019-09-06 17:54:33 - [MESSAGE][PASSED] - Call Test Case 'Test Cases/Components/ClickBlueButtons' successfully</system-out>
            <system-err></system-err>
        </testcase>
        <system-out>2019-09-06 17:37:51 - [TEST_SUITE][INCOMPLETE] - Smoke Testing Automated Regression Suite (STARS): null</system-out>
        <system-err>2019-09-06 17:37:51 - [TEST_SUITE][INCOMPLETE] - Smoke Testing Automated Regression Suite (STARS): null</system-err>
    </testsuite>
</testsuites>
