<?xml version="1.0" encoding="UTF-8"?>
<testsuites name="PFI-TOPCSC" time="362.385" tests="3" failures="0" errors="0">
   <testsuite name="PFI-TOPCSC" tests="3" failures="0" errors="0" time="362.385" timestamp="2020-06-08 16:11:27" hostname="19023-RAC - 192.168.16.39" id="Test Suites/PFI Precision and Scale Automated Regression Suite/PFI-TOPCSC/PFI-TOPCSC">
      <properties>
         <property name="deviceName" value=""/>
         <property name="devicePlatform" value=""/>
         <property name="logFolder" value="C:\\Users\\19023-RAC\\Desktop\\New Automation Copy\\Reports\\20200608_161120\\PFI Precision and Scale Automated Regression Suite\\PFI-TOPCSC\\PFI-TOPCSC\\20200608_161120"/>
         <property name="logFiles" value="C:\\Users\\19023-RAC\\Desktop\\New Automation Copy\\Reports\\20200608_161120\\PFI Precision and Scale Automated Regression Suite\\PFI-TOPCSC\\PFI-TOPCSC\\20200608_161120\\execution0.log"/>
         <property name="attachments" value=""/>
         <property name="hostName" value="19023-RAC - 192.168.16.39"/>
         <property name="os" value="Windows 10 64bit"/>
         <property name="katalonVersion" value="7.2.1.1"/>
         <property name="browser" value="Chrome 83.0.4103.97"/>
         <property name="hostAddress" value="192.168.16.39"/>
         <property name="sessionId" value="404ddc24da1e0684e50ec414fa7d4f93"/>
         <property name="seleniumVersion" value="3.141.59"/>
         <property name="proxyInformation" value="ProxyInformation{proxyOption=NO_PROXY, proxyServerType=HTTP, password=, proxyServerAddress=, proxyServerPort=0, executionList=}"/>
         <property name="platform" value="Windows 10"/>
      </properties>
      <testcase name="Test Cases/PFI Precision and Scale/PFI Test Cases/PFI - TOPCSC/ProcessPFITOPCSC" time="101.74" classname="Test Cases/PFI Precision and Scale/PFI Test Cases/PFI - TOPCSC/ProcessPFITOPCSC" status="PASSED">
         <system-out><![CDATA[2020-06-08 16:11:27 - [TEST_CASE][PASSED] - Test Cases/PFI Precision and Scale/PFI Test Cases/PFI - TOPCSC/ProcessPFITOPCSC: Test Cases/PFI Precision and Scale/PFI Test Cases/PFI - TOPCSC/ProcessPFITOPCSC

2020-06-08 16:11:28 - [TEST_STEP][PASSED] - callTestCase(findTestCase("Components/LoginV2.0"), ["LinkToBeUsed":findTestData("ISPS2 Test Data").getValue("URL", 1), "LoginPageTextToBeVerified":findTestData("ISPS2 Test Data").getValue("HomeBanner", 1), ... ], STOP_ON_FAILURE): Call Test Case 'Test Cases/Components/LoginV2.0' successfully

2020-06-08 16:11:28 - [TEST_CASE][PASSED] - Test Cases/Components/LoginV2.0: Test Cases/Components/LoginV2.0

2020-06-08 16:11:29 - [TEST_STEP][PASSED] - openBrowser(LinkToBeUsed): Browser is opened with url: 'http://10.0.2.41:3012/isps2-prod-verify/authnz/login.do'

2020-06-08 16:11:29 - [MESSAGE][INFO] - Starting 'Edge' driver

2020-06-08 16:11:30 - [MESSAGE][INFO] - Action delay is set to 0 seconds

2020-06-08 16:11:41 - [MESSAGE][PASSED] - Browser is opened with url: 'http://10.0.2.41:3012/isps2-prod-verify/authnz/login.do'

2020-06-08 16:11:41 - [TEST_STEP][PASSED] - maximizeWindow(): Current window maximized

2020-06-08 16:11:43 - [MESSAGE][PASSED] - Current window maximized

2020-06-08 16:11:43 - [TEST_STEP][PASSED] - verifyTextPresent(LoginPageTextToBeVerified, false): Text 'Sign in to ISPS2-PROD-Verify' is present on page 

2020-06-08 16:11:43 - [MESSAGE][PASSED] - Text 'Sign in to ISPS2-PROD-Verify' is present on page 

2020-06-08 16:11:43 - [TEST_STEP][PASSED] - setText(findTestObject("Objects.LoginV2.0/Login Page/input_Sign in to ISPS2-PROD-Verify_username"), Username): Text 'sysadmin' is set on object 'Object Repository/Objects.LoginV2.0/Login Page/input_Sign in to ISPS2-PROD-Verify_username'

2020-06-08 16:11:44 - [MESSAGE][PASSED] - Text 'sysadmin' is set on object 'Object Repository/Objects.LoginV2.0/Login Page/input_Sign in to ISPS2-PROD-Verify_username'

2020-06-08 16:11:44 - [TEST_STEP][PASSED] - setEncryptedText(findTestObject("Objects.LoginV2.0/Login Page/input_This field is required_password"), Password): Text ****** has been set on object 'Object Repository/Objects.LoginV2.0/Login Page/input_This field is required_password'

2020-06-08 16:11:44 - [MESSAGE][PASSED] - Text ****** has been set on object 'Object Repository/Objects.LoginV2.0/Login Page/input_This field is required_password'

2020-06-08 16:11:44 - [TEST_STEP][NOT_RUN] - setEncryptedText(findTestObject(null), Password): NOT_RUN: setEncryptedText(findTestObject(null), Password)

2020-06-08 16:11:44 - [MESSAGE][NOT_RUN] - NOT_RUN: setEncryptedText(findTestObject(null), Password)

2020-06-08 16:11:44 - [TEST_STEP][PASSED] - click(findTestObject("Objects.LoginV2.0/Login Page/div_Sign in to ISPS2-PROD-Verify_NovaGoButton-1021"), OPTIONAL): Object: 'Object Repository/Objects.LoginV2.0/Login Page/div_Sign in to ISPS2-PROD-Verify_NovaGoButton-1021' is clicked on

2020-06-08 16:11:44 - [MESSAGE][PASSED] - Object: 'Object Repository/Objects.LoginV2.0/Login Page/div_Sign in to ISPS2-PROD-Verify_NovaGoButton-1021' is clicked on

2020-06-08 16:11:44 - [TEST_STEP][PASSED] - waitForPageLoad(30): Wait for page load successfully

2020-06-08 16:11:45 - [MESSAGE][PASSED] - Wait for page load successfully

2020-06-08 16:11:45 - [TEST_STEP][PASSED] - Thread.sleep(3000): null

2020-06-08 16:11:48 - [MESSAGE][PASSED] - Call Test Case 'Test Cases/Components/LoginV2.0' successfully

2020-06-08 16:11:48 - [TEST_STEP][PASSED] - callTestCase(findTestCase("Components/NavigateToHomepageHeaders"), ["headerText":"My Tasks"], STOP_ON_FAILURE): Call Test Case 'Test Cases/Components/NavigateToHomepageHeaders' successfully

2020-06-08 16:11:48 - [TEST_CASE][PASSED] - Test Cases/Components/NavigateToHomepageHeaders: Test Cases/Components/NavigateToHomepageHeaders

2020-06-08 16:11:48 - [TEST_STEP][PASSED] - Thread.sleep(1000): null

2020-06-08 16:11:49 - [TEST_STEP][PASSED] - waitForPageLoad(30): Wait for page load successfully

2020-06-08 16:11:49 - [MESSAGE][PASSED] - Wait for page load successfully

2020-06-08 16:11:49 - [TEST_STEP][PASSED] - modifiedHeader = modifyObjectProperty(findTestObject("Objects.NavigateToHomepageHeaders/Page_ISPS2/div_Header"), "text", "equals", headerText, true): Modify property of object successfully

2020-06-08 16:11:49 - [MESSAGE][PASSED] - Modify property of object successfully

2020-06-08 16:11:49 - [TEST_STEP][PASSED] - verifyElementClickable(modifiedHeader): Object 'Object Repository/Objects.NavigateToHomepageHeaders/Page_ISPS2/div_Header' is clickable

2020-06-08 16:11:50 - [MESSAGE][PASSED] - Object 'Object Repository/Objects.NavigateToHomepageHeaders/Page_ISPS2/div_Header' is clickable

2020-06-08 16:11:50 - [TEST_STEP][PASSED] - click(modifiedHeader): Object: 'Object Repository/Objects.NavigateToHomepageHeaders/Page_ISPS2/div_Header' is clicked on

2020-06-08 16:11:50 - [MESSAGE][PASSED] - Object: 'Object Repository/Objects.NavigateToHomepageHeaders/Page_ISPS2/div_Header' is clicked on

2020-06-08 16:11:50 - [TEST_STEP][PASSED] - Thread.sleep(7000): null

2020-06-08 16:11:57 - [MESSAGE][PASSED] - Call Test Case 'Test Cases/Components/NavigateToHomepageHeaders' successfully

2020-06-08 16:11:57 - [TEST_STEP][PASSED] - callTestCase(findTestCase("Components/Filter"), ["taskDescription":"Process Case (PSI-TOPCSC)"], STOP_ON_FAILURE): Call Test Case 'Test Cases/Components/Filter' successfully

2020-06-08 16:11:57 - [TEST_CASE][PASSED] - Test Cases/Components/Filter: Test Cases/Components/Filter

2020-06-08 16:11:57 - [TEST_STEP][PASSED] - Thread.sleep(5000): null

2020-06-08 16:12:02 - [TEST_STEP][PASSED] - waitForPageLoad(180): Wait for page load successfully

2020-06-08 16:12:02 - [MESSAGE][PASSED] - Wait for page load successfully

2020-06-08 16:12:02 - [TEST_STEP][PASSED] - waitForElementNotPresent(findTestObject("Objects.Filter/Page_ISPS2/div_Loading search result Please wait"), 180): Web element with id: 'Object Repository/Objects.Filter/Page_ISPS2/div_Loading search result Please wait' located by 'By.xpath: //div[@class = 'x-mask-msg-text' and (text() = 'Loading search result. Please wait...' or . = 'Loading search result. Please wait...')]' is not present after '180' second(s)

2020-06-08 16:12:02 - [MESSAGE][PASSED] - Web element with id: 'Object Repository/Objects.Filter/Page_ISPS2/div_Loading search result Please wait' located by 'By.xpath: //div[@class = 'x-mask-msg-text' and (text() = 'Loading search result. Please wait...' or . = 'Loading search result. Please wait...')]' is not present after '180' second(s)

2020-06-08 16:12:02 - [TEST_STEP][PASSED] - click(findTestObject("Objects.Filter/Page_ISPS2/XP.Embutidooo")): Object: 'Object Repository/Objects.Filter/Page_ISPS2/XP.Embutidooo' is clicked on

2020-06-08 16:12:02 - [MESSAGE][PASSED] - Object: 'Object Repository/Objects.Filter/Page_ISPS2/XP.Embutidooo' is clicked on

2020-06-08 16:12:02 - [TEST_STEP][PASSED] - com.reusableComponents.HighlightElement.run(findTestObject("Objects.Filter/Page_ISPS2/span_Reset")): com.reusableComponents.HighlightElement.run is PASSED

2020-06-08 16:12:03 - [MESSAGE][PASSED] - com.reusableComponents.HighlightElement.run is PASSED

2020-06-08 16:12:03 - [TEST_STEP][PASSED] - click(findTestObject("Objects.Filter/Page_ISPS2/span_Reset")): Object: 'Object Repository/Objects.Filter/Page_ISPS2/span_Reset' is clicked on

2020-06-08 16:12:03 - [MESSAGE][PASSED] - Object: 'Object Repository/Objects.Filter/Page_ISPS2/span_Reset' is clicked on

2020-06-08 16:12:03 - [TEST_STEP][PASSED] - com.reusableComponents.HighlightElement.run(findTestObject("Objects.Filter/Page_ISPS2/TextBoxTaskDescription")): com.reusableComponents.HighlightElement.run is PASSED

2020-06-08 16:12:04 - [MESSAGE][PASSED] - com.reusableComponents.HighlightElement.run is PASSED

2020-06-08 16:12:04 - [TEST_STEP][PASSED] - setText(findTestObject("Objects.Filter/Page_ISPS2/TextBoxTaskDescription"), taskDescription): Text 'Process Case (PSI-TOPCSC)' is set on object 'Object Repository/Objects.Filter/Page_ISPS2/TextBoxTaskDescription'

2020-06-08 16:12:04 - [MESSAGE][PASSED] - Text 'Process Case (PSI-TOPCSC)' is set on object 'Object Repository/Objects.Filter/Page_ISPS2/TextBoxTaskDescription'

2020-06-08 16:12:04 - [TEST_STEP][PASSED] - caseType = taskDescription: null

2020-06-08 16:12:05 - [TEST_STEP][PASSED] - sendKeys(findTestObject("Objects.Filter/Page_ISPS2/TextBoxTaskDescription"), Keys.chord(ENTER)): Keys 'ENTER + ' sent to object: 'Object Repository/Objects.Filter/Page_ISPS2/TextBoxTaskDescription'

2020-06-08 16:12:05 - [MESSAGE][PASSED] - Keys 'ENTER + ' sent to object: 'Object Repository/Objects.Filter/Page_ISPS2/TextBoxTaskDescription'

2020-06-08 16:12:05 - [TEST_STEP][PASSED] - com.reusableComponents.HighlightElement.run(findTestObject("Objects.Filter/Page_ISPS2/span_Search")): com.reusableComponents.HighlightElement.run is PASSED

2020-06-08 16:12:06 - [MESSAGE][PASSED] - com.reusableComponents.HighlightElement.run is PASSED

2020-06-08 16:12:06 - [TEST_STEP][PASSED] - click(findTestObject("Objects.Filter/Page_ISPS2/span_Search")): Object: 'Object Repository/Objects.Filter/Page_ISPS2/span_Search' is clicked on

2020-06-08 16:12:06 - [MESSAGE][PASSED] - Object: 'Object Repository/Objects.Filter/Page_ISPS2/span_Search' is clicked on

2020-06-08 16:12:06 - [TEST_STEP][NOT_RUN] - verifyTextPresent("Loading search result. Please wait...", false): NOT_RUN: verifyTextPresent("Loading search result. Please wait...", false)

2020-06-08 16:12:06 - [MESSAGE][NOT_RUN] - NOT_RUN: verifyTextPresent("Loading search result. Please wait...", false)

2020-06-08 16:12:06 - [TEST_STEP][NOT_RUN] - waitForElementNotPresent(findTestObject("Objects.Filter/Page_ISPS2/div_Loading search result Please wait"), 120): NOT_RUN: waitForElementNotPresent(findTestObject("Objects.Filter/Page_ISPS2/div_Loading search result Please wait"), 120)

2020-06-08 16:12:06 - [MESSAGE][NOT_RUN] - NOT_RUN: waitForElementNotPresent(findTestObject("Objects.Filter/Page_ISPS2/div_Loading search result Please wait"), 120)

2020-06-08 16:12:06 - [TEST_STEP][PASSED] - Thread.sleep(5000): null

2020-06-08 16:12:11 - [MESSAGE][PASSED] - Call Test Case 'Test Cases/Components/Filter' successfully

2020-06-08 16:12:11 - [TEST_STEP][PASSED] - callTestCase(findTestCase("Components/ClickLinkDependingOnTextAndIndex"), ["linkName":"Process Case (PSI-TOPCSC)", "index":"1"], STOP_ON_FAILURE): Call Test Case 'Test Cases/Components/ClickLinkDependingOnTextAndIndex' successfully

2020-06-08 16:12:11 - [TEST_CASE][PASSED] - Test Cases/Components/ClickLinkDependingOnTextAndIndex: Test Cases/Components/ClickLinkDependingOnTextAndIndex

2020-06-08 16:12:11 - [TEST_STEP][PASSED] - Thread.sleep(1000): null

2020-06-08 16:12:12 - [TEST_STEP][PASSED] - println(linkName): null

2020-06-08 16:12:12 - [TEST_STEP][PASSED] - println(index): null

2020-06-08 16:12:12 - [TEST_STEP][PASSED] - modifiedLink = modifyObjectProperty(findTestObject("Objects.ClickLinkDependingOnTextAndIndex/linkToModify"), "xpath", "equals", "(//a[text()="" + linkName + ""])[" + index + "]", true): Modify property of object successfully

2020-06-08 16:12:12 - [MESSAGE][PASSED] - Modify property of object successfully

2020-06-08 16:12:12 - [TEST_STEP][PASSED] - Thread.sleep(5000): null

2020-06-08 16:12:17 - [TEST_STEP][PASSED] - com.reusableComponents.HighlightElement.run(modifiedLink): com.reusableComponents.HighlightElement.run is PASSED

2020-06-08 16:12:18 - [MESSAGE][PASSED] - com.reusableComponents.HighlightElement.run is PASSED

2020-06-08 16:12:18 - [TEST_STEP][PASSED] - click(modifiedLink): Object: 'Object Repository/Objects.ClickLinkDependingOnTextAndIndex/linkToModify' is clicked on

2020-06-08 16:12:18 - [MESSAGE][PASSED] - Object: 'Object Repository/Objects.ClickLinkDependingOnTextAndIndex/linkToModify' is clicked on

2020-06-08 16:12:18 - [MESSAGE][PASSED] - Call Test Case 'Test Cases/Components/ClickLinkDependingOnTextAndIndex' successfully

2020-06-08 16:12:18 - [TEST_STEP][PASSED] - callTestCase(findTestCase("Components/VerifyPageSuccessfullyLoadedII"), ["PageNm":"Summary"], STOP_ON_FAILURE): Call Test Case 'Test Cases/Components/VerifyPageSuccessfullyLoadedII' successfully

2020-06-08 16:12:18 - [TEST_CASE][PASSED] - Test Cases/Components/VerifyPageSuccessfullyLoadedII: Test Cases/Components/VerifyPageSuccessfullyLoadedII

2020-06-08 16:12:18 - [TEST_STEP][PASSED] - waitForPageLoad(5): Wait for page load successfully

2020-06-08 16:12:18 - [MESSAGE][PASSED] - Wait for page load successfully

2020-06-08 16:12:18 - [TEST_STEP][PASSED] - modifiedInputFld = modifyObjectProperty(findTestObject("Object Repository/Objects.VerifyPageSuccessfullyLoaded/PageHeaderIndex"), "xpath", "equals", "//*[contains(@class,'isps-page-title') and contains(text(),'" + PageNm + "')]", true): Modify property of object successfully

2020-06-08 16:12:18 - [MESSAGE][PASSED] - Modify property of object successfully

2020-06-08 16:12:18 - [TEST_STEP][PASSED] - com.reusableComponents.HighlightElement.run(modifiedInputFld): com.reusableComponents.HighlightElement.run is PASSED

2020-06-08 16:12:22 - [MESSAGE][PASSED] - com.reusableComponents.HighlightElement.run is PASSED

2020-06-08 16:12:22 - [MESSAGE][PASSED] - Call Test Case 'Test Cases/Components/VerifyPageSuccessfullyLoadedII' successfully

2020-06-08 16:12:22 - [TEST_STEP][PASSED] - callTestCase(findTestCase("Components/NavigateToAnyLHS"), ["LHS":"Process PSI-TOP/CSC Details"], STOP_ON_FAILURE): Call Test Case 'Test Cases/Components/NavigateToAnyLHS' successfully

2020-06-08 16:12:22 - [TEST_CASE][PASSED] - Test Cases/Components/NavigateToAnyLHS: Test Cases/Components/NavigateToAnyLHS

2020-06-08 16:12:23 - [TEST_STEP][PASSED] - Thread.sleep(1000): null

2020-06-08 16:12:24 - [TEST_STEP][PASSED] - modifiedLHS = modifyObjectProperty(findTestObject("Objects.NavigateToAnyLHS/Page_ISPS2/LHSToModify"), "text", "equals", LHS, true): Modify property of object successfully

2020-06-08 16:12:24 - [MESSAGE][PASSED] - Modify property of object successfully

2020-06-08 16:12:24 - [TEST_STEP][PASSED] - click(modifiedLHS): Object: 'Object Repository/Objects.NavigateToAnyLHS/Page_ISPS2/LHSToModify' is clicked on

2020-06-08 16:12:24 - [MESSAGE][PASSED] - Object: 'Object Repository/Objects.NavigateToAnyLHS/Page_ISPS2/LHSToModify' is clicked on

2020-06-08 16:12:24 - [TEST_STEP][PASSED] - currentLHS = getText(modifiedLHS): Text of object 'Object Repository/Objects.NavigateToAnyLHS/Page_ISPS2/LHSToModify' is: 'Process PSI-TOP/CSC Details'

2020-06-08 16:12:24 - [MESSAGE][PASSED] - Text of object 'Object Repository/Objects.NavigateToAnyLHS/Page_ISPS2/LHSToModify' is: 'Process PSI-TOP/CSC Details'

2020-06-08 16:12:24 - [TEST_STEP][PASSED] - Thread.sleep(5000): null

2020-06-08 16:12:29 - [MESSAGE][PASSED] - Call Test Case 'Test Cases/Components/NavigateToAnyLHS' successfully

2020-06-08 16:12:29 - [TEST_STEP][PASSED] - callTestCase(findTestCase("Components/VerifyPageSuccessfullyLoadedII"), ["PageNm":"Main Form"], STOP_ON_FAILURE): Call Test Case 'Test Cases/Components/VerifyPageSuccessfullyLoadedII' successfully

2020-06-08 16:12:29 - [TEST_CASE][PASSED] - Test Cases/Components/VerifyPageSuccessfullyLoadedII: Test Cases/Components/VerifyPageSuccessfullyLoadedII

2020-06-08 16:12:29 - [TEST_STEP][PASSED] - waitForPageLoad(5): Wait for page load successfully

2020-06-08 16:12:29 - [MESSAGE][PASSED] - Wait for page load successfully

2020-06-08 16:12:29 - [TEST_STEP][PASSED] - modifiedInputFld = modifyObjectProperty(findTestObject("Object Repository/Objects.VerifyPageSuccessfullyLoaded/PageHeaderIndex"), "xpath", "equals", "//*[contains(@class,'isps-page-title') and contains(text(),'" + PageNm + "')]", true): Modify property of object successfully

2020-06-08 16:12:29 - [MESSAGE][PASSED] - Modify property of object successfully

2020-06-08 16:12:29 - [TEST_STEP][PASSED] - com.reusableComponents.HighlightElement.run(modifiedInputFld): com.reusableComponents.HighlightElement.run is PASSED

2020-06-08 16:12:29 - [MESSAGE][PASSED] - com.reusableComponents.HighlightElement.run is PASSED

2020-06-08 16:12:29 - [MESSAGE][PASSED] - Call Test Case 'Test Cases/Components/VerifyPageSuccessfullyLoadedII' successfully

2020-06-08 16:12:29 - [TEST_STEP][PASSED] - callTestCase(findTestCase("Components/HighlightLabelFieldXPI"), ["LblName":"Actions", "index":1], STOP_ON_FAILURE): Call Test Case 'Test Cases/Components/HighlightLabelFieldXPI' successfully

2020-06-08 16:12:29 - [TEST_CASE][PASSED] - Test Cases/Components/HighlightLabelFieldXPI: Test Cases/Components/HighlightLabelFieldXPI

2020-06-08 16:12:30 - [TEST_STEP][PASSED] - Thread.sleep(1000): null

2020-06-08 16:12:31 - [TEST_STEP][PASSED] - modifiedLblNm = modifyObjectProperty(findTestObject("Object Repository/Objects.HighlightElements/lblField_index"), "xpath", "equals", "(//*[contains(@class, 'x-form-item-label-inner x-form-item-label-inner-default') and contains(., '" + LblName + "')])[" + index + "]", true): Modify property of object successfully

2020-06-08 16:12:31 - [MESSAGE][PASSED] - Modify property of object successfully

2020-06-08 16:12:31 - [TEST_STEP][PASSED] - com.reusableComponents.HighlightElement.run(modifiedLblNm): com.reusableComponents.HighlightElement.run is PASSED

2020-06-08 16:12:31 - [MESSAGE][PASSED] - com.reusableComponents.HighlightElement.run is PASSED

2020-06-08 16:12:31 - [MESSAGE][PASSED] - Call Test Case 'Test Cases/Components/HighlightLabelFieldXPI' successfully

2020-06-08 16:12:31 - [TEST_STEP][PASSED] - callTestCase(findTestCase("Components/HighlightInputFieldXPI"), ["FldNm":"NovaComboBox", "index":2], STOP_ON_FAILURE): Call Test Case 'Test Cases/Components/HighlightInputFieldXPI' successfully

2020-06-08 16:12:31 - [TEST_CASE][PASSED] - Test Cases/Components/HighlightInputFieldXPI: Test Cases/Components/HighlightInputFieldXPI

2020-06-08 16:12:32 - [TEST_STEP][PASSED] - Thread.sleep(1000): null

2020-06-08 16:12:33 - [TEST_STEP][PASSED] - modifiedInputNm = modifyObjectProperty(findTestObject("Object Repository/Objects.HighlightElements/input_field_index"), "xpath", "equals", "(//*[contains(@name, '" + FldNm + "')])[" + index + "]", true): Modify property of object successfully

2020-06-08 16:12:33 - [MESSAGE][PASSED] - Modify property of object successfully

2020-06-08 16:12:33 - [TEST_STEP][PASSED] - com.reusableComponents.HighlightElement.run(modifiedInputNm): com.reusableComponents.HighlightElement.run is PASSED

2020-06-08 16:12:33 - [MESSAGE][PASSED] - com.reusableComponents.HighlightElement.run is PASSED

2020-06-08 16:12:33 - [MESSAGE][PASSED] - Call Test Case 'Test Cases/Components/HighlightInputFieldXPI' successfully

2020-06-08 16:12:33 - [TEST_STEP][PASSED] - callTestCase(findTestCase("Components/ClickDropDownField"), ["Index":8], STOP_ON_FAILURE): Call Test Case 'Test Cases/Components/ClickDropDownField' successfully

2020-06-08 16:12:33 - [TEST_CASE][PASSED] - Test Cases/Components/ClickDropDownField: Test Cases/Components/ClickDropDownField

2020-06-08 16:12:33 - [TEST_STEP][PASSED] - Thread.sleep(1000): null

2020-06-08 16:12:34 - [TEST_STEP][PASSED] - modifiedDropdown = modifyObjectProperty(findTestObject("Objects.ClickDropDownField/dropdownfield"), "xpath", "equals", "(//*[contains(@class,'x-form-arrow-trigger')])[" + Index + "]", true): Modify property of object successfully

2020-06-08 16:12:34 - [MESSAGE][PASSED] - Modify property of object successfully

2020-06-08 16:12:34 - [TEST_STEP][PASSED] - com.reusableComponents.HighlightElement.run(modifiedDropdown): com.reusableComponents.HighlightElement.run is PASSED

2020-06-08 16:12:35 - [MESSAGE][PASSED] - com.reusableComponents.HighlightElement.run is PASSED

2020-06-08 16:12:35 - [TEST_STEP][PASSED] - click(modifiedDropdown): Object: 'Object Repository/Objects.ClickDropDownField/dropdownfield' is clicked on

2020-06-08 16:12:35 - [MESSAGE][PASSED] - Object: 'Object Repository/Objects.ClickDropDownField/dropdownfield' is clicked on

2020-06-08 16:12:35 - [TEST_STEP][PASSED] - click(modifiedDropdown): Object: 'Object Repository/Objects.ClickDropDownField/dropdownfield' is clicked on

2020-06-08 16:12:35 - [MESSAGE][PASSED] - Object: 'Object Repository/Objects.ClickDropDownField/dropdownfield' is clicked on

2020-06-08 16:12:35 - [MESSAGE][PASSED] - Call Test Case 'Test Cases/Components/ClickDropDownField' successfully

2020-06-08 16:12:35 - [TEST_STEP][PASSED] - callTestCase(findTestCase("Components/ClickBlueButtonsWithXPI"), ["Button":"Reset", "Index":3], STOP_ON_FAILURE): Call Test Case 'Test Cases/Components/ClickBlueButtonsWithXPI' successfully

2020-06-08 16:12:35 - [TEST_CASE][PASSED] - Test Cases/Components/ClickBlueButtonsWithXPI: Test Cases/Components/ClickBlueButtonsWithXPI

2020-06-08 16:12:35 - [TEST_STEP][PASSED] - Thread.sleep(1000): null

2020-06-08 16:12:36 - [TEST_STEP][PASSED] - complexlyModifiedButtonGG = modifyObjectProperty(findTestObject("Objects.ClickBlueButtonsWithXPI/span_Reset"), "xPath", "equals", "(//*[text()="" + Button + ""])[" + Index + "]", true): Modify property of object successfully

2020-06-08 16:12:36 - [MESSAGE][PASSED] - Modify property of object successfully

2020-06-08 16:12:36 - [TEST_STEP][PASSED] - click(complexlyModifiedButtonGG): Object: 'Object Repository/Objects.ClickBlueButtonsWithXPI/span_Reset' is clicked on

2020-06-08 16:12:36 - [MESSAGE][PASSED] - Object: 'Object Repository/Objects.ClickBlueButtonsWithXPI/span_Reset' is clicked on

2020-06-08 16:12:36 - [MESSAGE][PASSED] - Call Test Case 'Test Cases/Components/ClickBlueButtonsWithXPI' successfully

2020-06-08 16:12:36 - [TEST_STEP][PASSED] - callTestCase(findTestCase("PFI Precision and Scale/PFI Components/RequiredIconValidation"), ["index":1], STOP_ON_FAILURE): Call Test Case 'Test Cases/PFI Precision and Scale/PFI Components/RequiredIconValidation' successfully

2020-06-08 16:12:36 - [TEST_CASE][PASSED] - Test Cases/PFI Precision and Scale/PFI Components/RequiredIconValidation: Test Cases/PFI Precision and Scale/PFI Components/RequiredIconValidation

2020-06-08 16:12:37 - [TEST_STEP][PASSED] - enableSmartWait(): null

2020-06-08 16:12:37 - [TEST_STEP][PASSED] - modifiedIcon = modifyObjectProperty(findTestObject("Object Repository/Objects.ReusableObjects/ErrorIcon"), "xpath", "equals", "(//*[contains(@class,'x-form-error-msg x-form-invalid-icon')])[" + index + "]", true): Modify property of object successfully

2020-06-08 16:12:37 - [MESSAGE][PASSED] - Modify property of object successfully

2020-06-08 16:12:37 - [TEST_STEP][PASSED] - mouseOver(modifiedIcon): Object: 'Object Repository/Objects.ReusableObjects/ErrorIcon' is hovered

2020-06-08 16:12:37 - [MESSAGE][PASSED] - Object: 'Object Repository/Objects.ReusableObjects/ErrorIcon' is hovered

2020-06-08 16:12:37 - [TEST_STEP][PASSED] - com.reusableComponents.HighlightElement.run(modifiedIcon): com.reusableComponents.HighlightElement.run is PASSED

2020-06-08 16:12:37 - [MESSAGE][PASSED] - com.reusableComponents.HighlightElement.run is PASSED

2020-06-08 16:12:37 - [TEST_STEP][PASSED] - getRqErrMsg = getAttribute(modifiedIcon, "data-errorqtip"): Attribute 'data-errorqtip' of object 'Object Repository/Objects.ReusableObjects/ErrorIcon' is: '<ul class="x-list-plain"><li>This field is required</li></ul>'

2020-06-08 16:12:37 - [MESSAGE][PASSED] - Attribute 'data-errorqtip' of object 'Object Repository/Objects.ReusableObjects/ErrorIcon' is: '<ul class="x-list-plain"><li>This field is required</li></ul>'

2020-06-08 16:12:37 - [TEST_STEP][PASSED] - strToolTip = getRqErrMsg.substring(29, 61): null

2020-06-08 16:12:37 - [TEST_STEP][PASSED] - toolTipReqErrMsg = strToolTip.substring(0, 22): null

2020-06-08 16:12:37 - [TEST_STEP][PASSED] - verifyMatch(toolTipReqErrMsg, RqField, true): Actual text 'This field is required' and expected text 'This field is required' are matched  using regular expression

2020-06-08 16:12:37 - [MESSAGE][PASSED] - Actual text 'This field is required' and expected text 'This field is required' are matched  using regular expression

2020-06-08 16:12:37 - [MESSAGE][PASSED] - Call Test Case 'Test Cases/PFI Precision and Scale/PFI Components/RequiredIconValidation' successfully

2020-06-08 16:12:37 - [TEST_STEP][PASSED] - callTestCase(findTestCase("PFI Precision and Scale/PFI Components with Indexing/VerifyDisabledDropdownValuesXPI"), ["FldNm":"NovaComboBox", "index":2, "CallTCName":"PFI Precision and Scale/HashMap Tables/ConstantHashMap", "cmbNm":"Actions", ... ], STOP_ON_FAILURE): Call Test Case 'Test Cases/PFI Precision and Scale/PFI Components with Indexing/VerifyDisabledDropdownValuesXPI' successfully

2020-06-08 16:12:37 - [TEST_CASE][PASSED] - Test Cases/PFI Precision and Scale/PFI Components with Indexing/VerifyDisabledDropdownValuesXPI: Test Cases/PFI Precision and Scale/PFI Components with Indexing/VerifyDisabledDropdownValuesXPI

2020-06-08 16:12:38 - [TEST_STEP][PASSED] - Thread.sleep(1000): null

2020-06-08 16:12:39 - [TEST_STEP][PASSED] - NewInputNmField = modifyObjectProperty(findTestObject("Object Repository/Objects.HighlightElements/input_field_index"), "xpath", "equals", "(//*[contains(@name, '" + FldNm + "')])[" + index + "]", true): Modify property of object successfully

2020-06-08 16:12:39 - [MESSAGE][PASSED] - Modify property of object successfully

2020-06-08 16:12:39 - [TEST_STEP][PASSED] - comboNm = cmbNm: null

2020-06-08 16:12:39 - [TEST_STEP][PASSED] - for ([i = 1, i <= NoOfVal, (i++)]): Keys 'DOWN + ' sent to object: 'Object Repository/Objects.HighlightElements/input_field_index'

2020-06-08 16:12:39 - [TEST_STEP][PASSED] - sendKeys(NewInputNmField, Keys.chord(ARROW_DOWN)): Keys 'DOWN + ' sent to object: 'Object Repository/Objects.HighlightElements/input_field_index'

2020-06-08 16:12:39 - [MESSAGE][PASSED] - Keys 'DOWN + ' sent to object: 'Object Repository/Objects.HighlightElements/input_field_index'

2020-06-08 16:12:39 - [TEST_STEP][PASSED] - delay(DelayTime): Delayed 2 second(s)

2020-06-08 16:12:41 - [MESSAGE][PASSED] - Delayed 2 second(s)

2020-06-08 16:12:41 - [TEST_STEP][PASSED] - sendKeys(NewInputNmField, Keys.chord(ENTER)): Keys 'ENTER + ' sent to object: 'Object Repository/Objects.HighlightElements/input_field_index'

2020-06-08 16:12:41 - [MESSAGE][PASSED] - Keys 'ENTER + ' sent to object: 'Object Repository/Objects.HighlightElements/input_field_index'

2020-06-08 16:12:41 - [TEST_STEP][PASSED] - ComboBoxValue = getAttribute(NewInputNmField, "value"): Attribute 'value' of object 'Object Repository/Objects.HighlightElements/input_field_index' is: 'Remove Work Item'

2020-06-08 16:12:41 - [MESSAGE][PASSED] - Attribute 'value' of object 'Object Repository/Objects.HighlightElements/input_field_index' is: 'Remove Work Item'

2020-06-08 16:12:41 - [TEST_STEP][PASSED] - callTestCase(findTestCase(CallTCName), ["FindValue":ComboBoxValue, "DropdownNm":comboNm], STOP_ON_FAILURE): Call Test Case 'Test Cases/PFI Precision and Scale/HashMap Tables/ConstantHashMap' successfully

2020-06-08 16:12:41 - [TEST_CASE][PASSED] - Test Cases/PFI Precision and Scale/HashMap Tables/ConstantHashMap: Test Cases/PFI Precision and Scale/HashMap Tables/ConstantHashMap

2020-06-08 16:12:41 - [TEST_STEP][PASSED] - ConstantTBL = [1:["PeriodType":"Working Day(s)"], 2:["PeriodType":"Calendar Day(s)"], 3:["PeriodType":"Month(s)"], 4:["TypeOfLetter":"T1"], ... ]: null

2020-06-08 16:12:41 - [TEST_STEP][PASSED] - switch (DropdownNm): null

2020-06-08 16:12:41 - [TEST_STEP][PASSED] - case "Actions":: null

2020-06-08 16:12:41 - [TEST_STEP][PASSED] - ValueFound = ConstantTBL.find({ -> ... }): null

2020-06-08 16:12:41 - [TEST_STEP][PASSED] - break: null

2020-06-08 16:12:41 - [MESSAGE][PASSED] - Call Test Case 'Test Cases/PFI Precision and Scale/HashMap Tables/ConstantHashMap' successfully

2020-06-08 16:12:41 - [TEST_STEP][PASSED] - println(ValueFound): null

2020-06-08 16:12:41 - [TEST_STEP][PASSED] - sendKeys(NewInputNmField, Keys.chord(ARROW_DOWN)): Keys 'DOWN + ' sent to object: 'Object Repository/Objects.HighlightElements/input_field_index'

2020-06-08 16:12:41 - [MESSAGE][PASSED] - Keys 'DOWN + ' sent to object: 'Object Repository/Objects.HighlightElements/input_field_index'

2020-06-08 16:12:41 - [TEST_STEP][PASSED] - sendKeys(NewInputNmField, Keys.chord(ENTER)): Keys 'ENTER + ' sent to object: 'Object Repository/Objects.HighlightElements/input_field_index'

2020-06-08 16:12:41 - [MESSAGE][PASSED] - Keys 'ENTER + ' sent to object: 'Object Repository/Objects.HighlightElements/input_field_index'

2020-06-08 16:12:41 - [MESSAGE][PASSED] - Call Test Case 'Test Cases/PFI Precision and Scale/PFI Components with Indexing/VerifyDisabledDropdownValuesXPI' successfully

2020-06-08 16:12:41 - [TEST_STEP][PASSED] - callTestCase(findTestCase("Components/ScrollDownToElementIndex"), ["labelNm":"HOUSE(H)/BUILDING NAME(B)", "index":1], STOP_ON_FAILURE): Call Test Case 'Test Cases/Components/ScrollDownToElementIndex' successfully

2020-06-08 16:12:41 - [TEST_CASE][PASSED] - Test Cases/Components/ScrollDownToElementIndex: Test Cases/Components/ScrollDownToElementIndex

2020-06-08 16:12:42 - [TEST_STEP][PASSED] - Thread.sleep(2000): null

2020-06-08 16:12:44 - [TEST_STEP][PASSED] - modifiedElementName = modifyObjectProperty(findTestObject("Objects.ReusableObjects/LabelField"), "xpath", "equals", "(//*[text()='" + labelNm + "'])[" + index + "]", true): Modify property of object successfully

2020-06-08 16:12:44 - [MESSAGE][PASSED] - Modify property of object successfully

2020-06-08 16:12:44 - [TEST_STEP][PASSED] - scrollToElement(modifiedElementName, 0): Scroll to object 'Object Repository/Objects.ReusableObjects/LabelField' successfully

2020-06-08 16:12:44 - [MESSAGE][WARNING] - Timeout '0' is invalid. Using default page load timeout: '30'

2020-06-08 16:12:44 - [MESSAGE][PASSED] - Scroll to object 'Object Repository/Objects.ReusableObjects/LabelField' successfully

2020-06-08 16:12:44 - [MESSAGE][PASSED] - Call Test Case 'Test Cases/Components/ScrollDownToElementIndex' successfully

2020-06-08 16:12:44 - [TEST_STEP][PASSED] - callTestCase(findTestCase("PFI Precision and Scale/PFI Components with Indexing/VerifyCellGridDropdown"), ["index":8], STOP_ON_FAILURE): Call Test Case 'Test Cases/PFI Precision and Scale/PFI Components with Indexing/VerifyCellGridDropdown' successfully

2020-06-08 16:12:44 - [TEST_CASE][PASSED] - Test Cases/PFI Precision and Scale/PFI Components with Indexing/VerifyCellGridDropdown: Test Cases/PFI Precision and Scale/PFI Components with Indexing/VerifyCellGridDropdown

2020-06-08 16:12:44 - [TEST_STEP][PASSED] - Thread.sleep(1000): null

2020-06-08 16:12:45 - [TEST_STEP][PASSED] - HB = [1:"H", 2:"B"]: null

2020-06-08 16:12:45 - [TEST_STEP][PASSED] - modifiedCellGDD = modifyObjectProperty(findTestObject("Objects.ReusableObjects/CellGridDropdown"), "xpath", "equals", "//div[contains(@class,'x-grid-row-checker')]//following::div[" + index + "]", true): Modify property of object successfully

2020-06-08 16:12:45 - [MESSAGE][PASSED] - Modify property of object successfully

2020-06-08 16:12:45 - [TEST_STEP][PASSED] - click(modifiedCellGDD): Object: 'Object Repository/Objects.ReusableObjects/CellGridDropdown' is clicked on

2020-06-08 16:12:45 - [MESSAGE][PASSED] - Object: 'Object Repository/Objects.ReusableObjects/CellGridDropdown' is clicked on

2020-06-08 16:12:45 - [TEST_STEP][PASSED] - NoOfVal = HB.size(): null

2020-06-08 16:12:45 - [TEST_STEP][PASSED] - for (def NoOfVal : HB): Delayed 5 second(s)

2020-06-08 16:12:45 - [TEST_STEP][PASSED] - SetValue = value: null

2020-06-08 16:12:45 - [TEST_STEP][PASSED] - modifiedOptionVal = modifyObjectProperty(findTestObject("Objects.ReusableObjects/SelectOptionDropdown"), "value", "equals", SetValue, true): Modify property of object successfully

2020-06-08 16:12:45 - [MESSAGE][PASSED] - Modify property of object successfully

2020-06-08 16:12:45 - [TEST_STEP][PASSED] - delay(5): Delayed 5 second(s)

2020-06-08 16:12:50 - [MESSAGE][PASSED] - Delayed 5 second(s)

2020-06-08 16:12:50 - [TEST_STEP][PASSED] - click(modifiedOptionVal): Object: 'Object Repository/Objects.ReusableObjects/SelectOptionDropdown' is clicked on

2020-06-08 16:12:50 - [MESSAGE][PASSED] - Object: 'Object Repository/Objects.ReusableObjects/SelectOptionDropdown' is clicked on

2020-06-08 16:12:50 - [TEST_STEP][PASSED] - delay(5): Delayed 5 second(s)

2020-06-08 16:12:55 - [MESSAGE][PASSED] - Delayed 5 second(s)

2020-06-08 16:12:55 - [TEST_STEP][PASSED] - SetValue = value: null

2020-06-08 16:12:55 - [TEST_STEP][PASSED] - modifiedOptionVal = modifyObjectProperty(findTestObject("Objects.ReusableObjects/SelectOptionDropdown"), "value", "equals", SetValue, true): Modify property of object successfully

2020-06-08 16:12:55 - [MESSAGE][PASSED] - Modify property of object successfully

2020-06-08 16:12:55 - [TEST_STEP][PASSED] - delay(5): Delayed 5 second(s)

2020-06-08 16:13:00 - [MESSAGE][PASSED] - Delayed 5 second(s)

2020-06-08 16:13:00 - [TEST_STEP][PASSED] - click(modifiedOptionVal): Object: 'Object Repository/Objects.ReusableObjects/SelectOptionDropdown' is clicked on

2020-06-08 16:13:00 - [MESSAGE][PASSED] - Object: 'Object Repository/Objects.ReusableObjects/SelectOptionDropdown' is clicked on

2020-06-08 16:13:00 - [TEST_STEP][PASSED] - delay(5): Delayed 5 second(s)

2020-06-08 16:13:05 - [MESSAGE][PASSED] - Delayed 5 second(s)

2020-06-08 16:13:05 - [MESSAGE][PASSED] - Call Test Case 'Test Cases/PFI Precision and Scale/PFI Components with Indexing/VerifyCellGridDropdown' successfully

2020-06-08 16:13:05 - [TEST_STEP][PASSED] - callTestCase(findTestCase("PFI Precision and Scale/PFI Components with Indexing/InputCellGridValidation"), ["LenChar":5], STOP_ON_FAILURE): Call Test Case 'Test Cases/PFI Precision and Scale/PFI Components with Indexing/InputCellGridValidation' successfully

2020-06-08 16:13:05 - [TEST_CASE][PASSED] - Test Cases/PFI Precision and Scale/PFI Components with Indexing/InputCellGridValidation: Test Cases/PFI Precision and Scale/PFI Components with Indexing/InputCellGridValidation

2020-06-08 16:13:06 - [TEST_STEP][PASSED] - Thread.sleep(1000): null

2020-06-08 16:13:07 - [TEST_STEP][PASSED] - charset = /?><"".join(): null

2020-06-08 16:13:07 - [TEST_STEP][PASSED] - AlphaNumeric = 9).join(): null

2020-06-08 16:13:07 - [TEST_STEP][PASSED] - SpecialChar = "`~!@#$%^&*()-=+_{}|\][;'":,./?><"": null

2020-06-08 16:13:07 - [TEST_STEP][PASSED] - RandomString = RandomStringUtils.random(LenChar, AlphaNumeric.toCharArray()): null

2020-06-08 16:13:07 - [TEST_STEP][PASSED] - RdmSpChar = RandomStringUtils.random(LenChar, SpecialChar): null

2020-06-08 16:13:07 - [TEST_STEP][PASSED] - regexPat = Pattern.compile("^[A-Za-z0-9 ]+$"): null

2020-06-08 16:13:07 - [TEST_STEP][PASSED] - "Modify Input field property/attribute": null

2020-06-08 16:13:07 - [TEST_STEP][PASSED] - setText(findTestObject("Objects.ReusableObjects/CellGridInput"), RandomString): Text 'bg9ZL' is set on object 'Object Repository/Objects.ReusableObjects/CellGridInput'

2020-06-08 16:13:07 - [MESSAGE][PASSED] - Text 'bg9ZL' is set on object 'Object Repository/Objects.ReusableObjects/CellGridInput'

2020-06-08 16:13:07 - [TEST_STEP][PASSED] - RemarksAN = getAttribute(findTestObject("Objects.ReusableObjects/CellGridInput"), "value"): Attribute 'value' of object 'Object Repository/Objects.ReusableObjects/CellGridInput' is: 'bg9ZL'

2020-06-08 16:13:07 - [MESSAGE][PASSED] - Attribute 'value' of object 'Object Repository/Objects.ReusableObjects/CellGridInput' is: 'bg9ZL'

2020-06-08 16:13:07 - [TEST_STEP][PASSED] - matchStr = regexPat.matcher(RemarksAN): null

2020-06-08 16:13:07 - [TEST_STEP][PASSED] - if (matchStr.matches() == true): Accepting Alphanumeric

2020-06-08 16:13:07 - [TEST_STEP][PASSED] - comment("Accepting Alphanumeric"): Accepting Alphanumeric

2020-06-08 16:13:07 - [MESSAGE][INFO] - Accepting Alphanumeric

2020-06-08 16:13:07 - [TEST_STEP][PASSED] - setText(findTestObject("Objects.ReusableObjects/CellGridInput"), RdmSpChar): Text '{{%$(' is set on object 'Object Repository/Objects.ReusableObjects/CellGridInput'

2020-06-08 16:13:07 - [MESSAGE][PASSED] - Text '{{%$(' is set on object 'Object Repository/Objects.ReusableObjects/CellGridInput'

2020-06-08 16:13:07 - [TEST_STEP][PASSED] - RemarksSpChar = getAttribute(findTestObject("Objects.ReusableObjects/CellGridInput"), "value"): Attribute 'value' of object 'Object Repository/Objects.ReusableObjects/CellGridInput' is: '{{%$('

2020-06-08 16:13:07 - [MESSAGE][PASSED] - Attribute 'value' of object 'Object Repository/Objects.ReusableObjects/CellGridInput' is: '{{%$('

2020-06-08 16:13:07 - [TEST_STEP][PASSED] - matchSp = regexPat.matcher(RemarksSpChar): null

2020-06-08 16:13:07 - [TEST_STEP][PASSED] - if (matchSp.matches() == false): Accepting Special Characters

2020-06-08 16:13:07 - [TEST_STEP][PASSED] - comment("Accepting Special Characters"): Accepting Special Characters

2020-06-08 16:13:07 - [MESSAGE][INFO] - Accepting Special Characters

2020-06-08 16:13:07 - [MESSAGE][PASSED] - Call Test Case 'Test Cases/PFI Precision and Scale/PFI Components with Indexing/InputCellGridValidation' successfully

2020-06-08 16:13:07 - [TEST_STEP][PASSED] - callTestCase(findTestCase("PFI Precision and Scale/PFI Components with Indexing/MaxInputGridCellValidation"), ["FieldNm":"HB", "MaxCharLen":22], STOP_ON_FAILURE): Call Test Case 'Test Cases/PFI Precision and Scale/PFI Components with Indexing/MaxInputGridCellValidation' successfully

2020-06-08 16:13:07 - [TEST_CASE][PASSED] - Test Cases/PFI Precision and Scale/PFI Components with Indexing/MaxInputGridCellValidation: Test Cases/PFI Precision and Scale/PFI Components with Indexing/MaxInputGridCellValidation

2020-06-08 16:13:07 - [TEST_STEP][PASSED] - Thread.sleep(1000): null

2020-06-08 16:13:08 - [TEST_STEP][PASSED] - CharLengthTBL = ["HB":20]: null

2020-06-08 16:13:08 - [TEST_STEP][PASSED] - charset = 9).join(): null

2020-06-08 16:13:08 - [TEST_STEP][PASSED] - RandomStringVal = RandomStringUtils.random(MaxCharLen, charset.toCharArray()): null

2020-06-08 16:13:08 - [TEST_STEP][PASSED] - setText(findTestObject("Objects.ReusableObjects/CellGridInput"), RandomStringVal): Text 'FN3VfDSelcyNsICIPgxMoq' is set on object 'Object Repository/Objects.ReusableObjects/CellGridInput'

2020-06-08 16:13:09 - [MESSAGE][PASSED] - Text 'FN3VfDSelcyNsICIPgxMoq' is set on object 'Object Repository/Objects.ReusableObjects/CellGridInput'

2020-06-08 16:13:09 - [TEST_STEP][PASSED] - GetInputValue = getAttribute(findTestObject("Objects.ReusableObjects/CellGridInput"), "value", STOP_ON_FAILURE): Attribute 'value' of object 'Object Repository/Objects.ReusableObjects/CellGridInput' is: 'FN3VfDSelcyNsICIPgxM'

2020-06-08 16:13:09 - [MESSAGE][PASSED] - Attribute 'value' of object 'Object Repository/Objects.ReusableObjects/CellGridInput' is: 'FN3VfDSelcyNsICIPgxM'

2020-06-08 16:13:09 - [TEST_STEP][PASSED] - GetLenChar = GetInputValue.length(): null

2020-06-08 16:13:09 - [TEST_STEP][PASSED] - MaxLength = CharLengthTBL.get(FieldNm): null

2020-06-08 16:13:09 - [TEST_STEP][PASSED] - if (MaxLength != null): Actual object '20' and expected object '20' are equal

2020-06-08 16:13:09 - [TEST_STEP][PASSED] - verifyEqual(GetLenChar, MaxLength): Actual object '20' and expected object '20' are equal

2020-06-08 16:13:09 - [MESSAGE][PASSED] - Actual object '20' and expected object '20' are equal

2020-06-08 16:13:09 - [MESSAGE][PASSED] - Call Test Case 'Test Cases/PFI Precision and Scale/PFI Components with Indexing/MaxInputGridCellValidation' successfully]]></system-out>
         <system-err><![CDATA[]]></system-err>
      </testcase>
      <testcase name="Test Cases/PFI Precision and Scale/PFI Test Cases/PFI - TOPCSC/RecommendTOPCSC" time="134.535" classname="Test Cases/PFI Precision and Scale/PFI Test Cases/PFI - TOPCSC/RecommendTOPCSC" status="PASSED">
         <system-out><![CDATA[2020-06-08 16:13:09 - [TEST_CASE][PASSED] - Test Cases/PFI Precision and Scale/PFI Test Cases/PFI - TOPCSC/RecommendTOPCSC: Test Cases/PFI Precision and Scale/PFI Test Cases/PFI - TOPCSC/RecommendTOPCSC

2020-06-08 16:13:09 - [TEST_STEP][PASSED] - callTestCase(findTestCase("Components/NavigateToAnyLHS"), ["LHS":"Recommend TOP/CSC Interface"], STOP_ON_FAILURE): Call Test Case 'Test Cases/Components/NavigateToAnyLHS' successfully

2020-06-08 16:13:09 - [TEST_CASE][PASSED] - Test Cases/Components/NavigateToAnyLHS: Test Cases/Components/NavigateToAnyLHS

2020-06-08 16:13:09 - [TEST_STEP][PASSED] - Thread.sleep(1000): null

2020-06-08 16:13:10 - [TEST_STEP][PASSED] - modifiedLHS = modifyObjectProperty(findTestObject("Objects.NavigateToAnyLHS/Page_ISPS2/LHSToModify"), "text", "equals", LHS, true): Modify property of object successfully

2020-06-08 16:13:10 - [MESSAGE][PASSED] - Modify property of object successfully

2020-06-08 16:13:10 - [TEST_STEP][PASSED] - click(modifiedLHS): Object: 'Object Repository/Objects.NavigateToAnyLHS/Page_ISPS2/LHSToModify' is clicked on

2020-06-08 16:13:10 - [MESSAGE][PASSED] - Object: 'Object Repository/Objects.NavigateToAnyLHS/Page_ISPS2/LHSToModify' is clicked on

2020-06-08 16:13:10 - [TEST_STEP][PASSED] - currentLHS = getText(modifiedLHS): Text of object 'Object Repository/Objects.NavigateToAnyLHS/Page_ISPS2/LHSToModify' is: 'Recommend TOP/CSC Interface'

2020-06-08 16:13:10 - [MESSAGE][PASSED] - Text of object 'Object Repository/Objects.NavigateToAnyLHS/Page_ISPS2/LHSToModify' is: 'Recommend TOP/CSC Interface'

2020-06-08 16:13:10 - [TEST_STEP][PASSED] - Thread.sleep(5000): null

2020-06-08 16:13:15 - [MESSAGE][PASSED] - Call Test Case 'Test Cases/Components/NavigateToAnyLHS' successfully

2020-06-08 16:13:15 - [TEST_STEP][PASSED] - callTestCase(findTestCase("Components/VerifyPageSuccessfullyLoadedII"), ["PageNm":"Recommend"], STOP_ON_FAILURE): Call Test Case 'Test Cases/Components/VerifyPageSuccessfullyLoadedII' successfully

2020-06-08 16:13:15 - [TEST_CASE][PASSED] - Test Cases/Components/VerifyPageSuccessfullyLoadedII: Test Cases/Components/VerifyPageSuccessfullyLoadedII

2020-06-08 16:13:15 - [TEST_STEP][PASSED] - waitForPageLoad(5): Wait for page load successfully

2020-06-08 16:13:15 - [MESSAGE][PASSED] - Wait for page load successfully

2020-06-08 16:13:15 - [TEST_STEP][PASSED] - modifiedInputFld = modifyObjectProperty(findTestObject("Object Repository/Objects.VerifyPageSuccessfullyLoaded/PageHeaderIndex"), "xpath", "equals", "//*[contains(@class,'isps-page-title') and contains(text(),'" + PageNm + "')]", true): Modify property of object successfully

2020-06-08 16:13:15 - [MESSAGE][PASSED] - Modify property of object successfully

2020-06-08 16:13:15 - [TEST_STEP][PASSED] - com.reusableComponents.HighlightElement.run(modifiedInputFld): com.reusableComponents.HighlightElement.run is PASSED

2020-06-08 16:13:16 - [MESSAGE][PASSED] - com.reusableComponents.HighlightElement.run is PASSED

2020-06-08 16:13:16 - [MESSAGE][PASSED] - Call Test Case 'Test Cases/Components/VerifyPageSuccessfullyLoadedII' successfully

2020-06-08 16:13:16 - [TEST_STEP][PASSED] - callTestCase(findTestCase("Components/HighlightLabelFieldXPI"), ["LblName":"Recommend To", "index":2], STOP_ON_FAILURE): Call Test Case 'Test Cases/Components/HighlightLabelFieldXPI' successfully

2020-06-08 16:13:16 - [TEST_CASE][PASSED] - Test Cases/Components/HighlightLabelFieldXPI: Test Cases/Components/HighlightLabelFieldXPI

2020-06-08 16:13:16 - [TEST_STEP][PASSED] - Thread.sleep(1000): null

2020-06-08 16:13:17 - [TEST_STEP][PASSED] - modifiedLblNm = modifyObjectProperty(findTestObject("Object Repository/Objects.HighlightElements/lblField_index"), "xpath", "equals", "(//*[contains(@class, 'x-form-item-label-inner x-form-item-label-inner-default') and contains(., '" + LblName + "')])[" + index + "]", true): Modify property of object successfully

2020-06-08 16:13:17 - [MESSAGE][PASSED] - Modify property of object successfully

2020-06-08 16:13:17 - [TEST_STEP][PASSED] - com.reusableComponents.HighlightElement.run(modifiedLblNm): com.reusableComponents.HighlightElement.run is PASSED

2020-06-08 16:13:17 - [MESSAGE][PASSED] - com.reusableComponents.HighlightElement.run is PASSED

2020-06-08 16:13:17 - [MESSAGE][PASSED] - Call Test Case 'Test Cases/Components/HighlightLabelFieldXPI' successfully

2020-06-08 16:13:17 - [TEST_STEP][PASSED] - callTestCase(findTestCase("Components/HighlightInputIndexField"), ["InputName":"psiRecommendTo", "index":1], STOP_ON_FAILURE): Call Test Case 'Test Cases/Components/HighlightInputIndexField' successfully

2020-06-08 16:13:18 - [TEST_CASE][PASSED] - Test Cases/Components/HighlightInputIndexField: Test Cases/Components/HighlightInputIndexField

2020-06-08 16:13:18 - [TEST_STEP][PASSED] - Thread.sleep(1000): null

2020-06-08 16:13:19 - [TEST_STEP][PASSED] - modifiedInputFld = modifyObjectProperty(findTestObject("Objects.HighlightElements/input_field_index"), "xpath", "equals", "(//*[contains(@class,'x-form-text') and (@name='" + InputName + "')])[" + index + "]", true): Modify property of object successfully

2020-06-08 16:13:19 - [MESSAGE][PASSED] - Modify property of object successfully

2020-06-08 16:13:19 - [TEST_STEP][PASSED] - com.reusableComponents.HighlightElement.run(modifiedInputFld): com.reusableComponents.HighlightElement.run is PASSED

2020-06-08 16:13:19 - [MESSAGE][PASSED] - com.reusableComponents.HighlightElement.run is PASSED

2020-06-08 16:13:19 - [MESSAGE][PASSED] - Call Test Case 'Test Cases/Components/HighlightInputIndexField' successfully

2020-06-08 16:13:19 - [TEST_STEP][PASSED] - callTestCase(findTestCase("PFI Precision and Scale/PFI Components with Indexing/VerifyDropdownValuesIndex"), ["FldNm":"psiRecommendTo", "CallTCName":"PFI Precision and Scale/HashMap Tables/OfficerLists", "cmbNm":"", "NoOfVal":27, "DelayTime":2, ... ], STOP_ON_FAILURE): Call Test Case 'Test Cases/PFI Precision and Scale/PFI Components with Indexing/VerifyDropdownValuesIndex' successfully

2020-06-08 16:13:19 - [TEST_CASE][PASSED] - Test Cases/PFI Precision and Scale/PFI Components with Indexing/VerifyDropdownValuesIndex: Test Cases/PFI Precision and Scale/PFI Components with Indexing/VerifyDropdownValuesIndex

2020-06-08 16:13:19 - [TEST_STEP][PASSED] - Thread.sleep(1000): null

2020-06-08 16:13:20 - [TEST_STEP][PASSED] - NewInputNmField = modifyObjectProperty(findTestObject("Object Repository/Objects.HighlightElements/input_field_index"), "xpath", "equals", "(//*[contains(@class,'x-form-text') and (@name='" + FldNm + "')])[" + index + "]", true): Modify property of object successfully

2020-06-08 16:13:20 - [MESSAGE][PASSED] - Modify property of object successfully

2020-06-08 16:13:20 - [TEST_STEP][PASSED] - comboNm = cmbNm: null

2020-06-08 16:13:20 - [TEST_STEP][PASSED] - focus(NewInputNmField): Object: 'Object Repository/Objects.HighlightElements/input_field_index' is focused

2020-06-08 16:13:21 - [MESSAGE][PASSED] - Object: 'Object Repository/Objects.HighlightElements/input_field_index' is focused

2020-06-08 16:13:21 - [TEST_STEP][PASSED] - setText(NewInputNmField, EnterValue): Text '' is set on object 'Object Repository/Objects.HighlightElements/input_field_index'

2020-06-08 16:13:21 - [MESSAGE][PASSED] - Text '' is set on object 'Object Repository/Objects.HighlightElements/input_field_index'

2020-06-08 16:13:21 - [TEST_STEP][PASSED] - for ([i = 1, i <= NoOfVal, (i++)]): Keys 'DOWN + ' sent to object: 'Object Repository/Objects.HighlightElements/input_field_index'

2020-06-08 16:13:21 - [TEST_STEP][PASSED] - sendKeys(NewInputNmField, Keys.chord(ARROW_DOWN)): Keys 'DOWN + ' sent to object: 'Object Repository/Objects.HighlightElements/input_field_index'

2020-06-08 16:13:21 - [MESSAGE][PASSED] - Keys 'DOWN + ' sent to object: 'Object Repository/Objects.HighlightElements/input_field_index'

2020-06-08 16:13:21 - [TEST_STEP][PASSED] - delay(DelayTime): Delayed 2 second(s)

2020-06-08 16:13:23 - [MESSAGE][PASSED] - Delayed 2 second(s)

2020-06-08 16:13:23 - [TEST_STEP][PASSED] - sendKeys(NewInputNmField, Keys.chord(ENTER)): Keys 'ENTER + ' sent to object: 'Object Repository/Objects.HighlightElements/input_field_index'

2020-06-08 16:13:23 - [MESSAGE][PASSED] - Keys 'ENTER + ' sent to object: 'Object Repository/Objects.HighlightElements/input_field_index'

2020-06-08 16:13:23 - [TEST_STEP][PASSED] - ComboBoxValue = getAttribute(NewInputNmField, "value"): Attribute 'value' of object 'Object Repository/Objects.HighlightElements/input_field_index' is: 'Aaron Sham Wai Lun (AARON)'

2020-06-08 16:13:23 - [MESSAGE][PASSED] - Attribute 'value' of object 'Object Repository/Objects.HighlightElements/input_field_index' is: 'Aaron Sham Wai Lun (AARON)'

2020-06-08 16:13:23 - [TEST_STEP][PASSED] - callTestCase(findTestCase(CallTCName), ["FindValue":ComboBoxValue, "DropdownNm":comboNm], STOP_ON_FAILURE): Call Test Case 'Test Cases/PFI Precision and Scale/HashMap Tables/OfficerLists' successfully

2020-06-08 16:13:23 - [TEST_CASE][PASSED] - Test Cases/PFI Precision and Scale/HashMap Tables/OfficerLists: Test Cases/PFI Precision and Scale/HashMap Tables/OfficerLists

2020-06-08 16:13:23 - [TEST_STEP][PASSED] - Thread.sleep(1000): null

2020-06-08 16:13:24 - [TEST_STEP][PASSED] - OfficerLists = [1:"Aaron Sham Wai Lun (AARON)", 2:"Azidah Bte Akmad (Mdm) (USAABD)", 3:"Chung Fong Nyen (USACFN)", 4:"David Tey Dah Wei (DAHWEI)", ... ]: null

2020-06-08 16:13:24 - [TEST_STEP][PASSED] - ValueFound = OfficerLists.find({ -> ... }): null

2020-06-08 16:13:24 - [MESSAGE][PASSED] - Call Test Case 'Test Cases/PFI Precision and Scale/HashMap Tables/OfficerLists' successfully

2020-06-08 16:13:24 - [TEST_STEP][PASSED] - println(ValueFound): null

2020-06-08 16:13:24 - [TEST_STEP][PASSED] - sendKeys(NewInputNmField, Keys.chord(ARROW_DOWN)): Keys 'DOWN + ' sent to object: 'Object Repository/Objects.HighlightElements/input_field_index'

2020-06-08 16:13:24 - [MESSAGE][PASSED] - Keys 'DOWN + ' sent to object: 'Object Repository/Objects.HighlightElements/input_field_index'

2020-06-08 16:13:24 - [TEST_STEP][PASSED] - sendKeys(NewInputNmField, Keys.chord(ARROW_DOWN)): Keys 'DOWN + ' sent to object: 'Object Repository/Objects.HighlightElements/input_field_index'

2020-06-08 16:13:24 - [MESSAGE][PASSED] - Keys 'DOWN + ' sent to object: 'Object Repository/Objects.HighlightElements/input_field_index'

2020-06-08 16:13:24 - [TEST_STEP][PASSED] - delay(DelayTime): Delayed 2 second(s)

2020-06-08 16:13:26 - [MESSAGE][PASSED] - Delayed 2 second(s)

2020-06-08 16:13:26 - [TEST_STEP][PASSED] - sendKeys(NewInputNmField, Keys.chord(ENTER)): Keys 'ENTER + ' sent to object: 'Object Repository/Objects.HighlightElements/input_field_index'

2020-06-08 16:13:26 - [MESSAGE][PASSED] - Keys 'ENTER + ' sent to object: 'Object Repository/Objects.HighlightElements/input_field_index'

2020-06-08 16:13:26 - [TEST_STEP][PASSED] - ComboBoxValue = getAttribute(NewInputNmField, "value"): Attribute 'value' of object 'Object Repository/Objects.HighlightElements/input_field_index' is: 'Azidah Bte Akmad (Mdm) (USAABD)'

2020-06-08 16:13:26 - [MESSAGE][PASSED] - Attribute 'value' of object 'Object Repository/Objects.HighlightElements/input_field_index' is: 'Azidah Bte Akmad (Mdm) (USAABD)'

2020-06-08 16:13:26 - [TEST_STEP][PASSED] - callTestCase(findTestCase(CallTCName), ["FindValue":ComboBoxValue, "DropdownNm":comboNm], STOP_ON_FAILURE): Call Test Case 'Test Cases/PFI Precision and Scale/HashMap Tables/OfficerLists' successfully

2020-06-08 16:13:26 - [TEST_CASE][PASSED] - Test Cases/PFI Precision and Scale/HashMap Tables/OfficerLists: Test Cases/PFI Precision and Scale/HashMap Tables/OfficerLists

2020-06-08 16:13:26 - [TEST_STEP][PASSED] - Thread.sleep(1000): null

2020-06-08 16:13:27 - [TEST_STEP][PASSED] - OfficerLists = [1:"Aaron Sham Wai Lun (AARON)", 2:"Azidah Bte Akmad (Mdm) (USAABD)", 3:"Chung Fong Nyen (USACFN)", 4:"David Tey Dah Wei (DAHWEI)", ... ]: null

2020-06-08 16:13:27 - [TEST_STEP][PASSED] - ValueFound = OfficerLists.find({ -> ... }): null

2020-06-08 16:13:27 - [MESSAGE][PASSED] - Call Test Case 'Test Cases/PFI Precision and Scale/HashMap Tables/OfficerLists' successfully

2020-06-08 16:13:27 - [TEST_STEP][PASSED] - println(ValueFound): null

2020-06-08 16:13:27 - [TEST_STEP][PASSED] - sendKeys(NewInputNmField, Keys.chord(ARROW_DOWN)): Keys 'DOWN + ' sent to object: 'Object Repository/Objects.HighlightElements/input_field_index'

2020-06-08 16:13:27 - [MESSAGE][PASSED] - Keys 'DOWN + ' sent to object: 'Object Repository/Objects.HighlightElements/input_field_index'

2020-06-08 16:13:27 - [TEST_STEP][PASSED] - sendKeys(NewInputNmField, Keys.chord(ARROW_DOWN)): Keys 'DOWN + ' sent to object: 'Object Repository/Objects.HighlightElements/input_field_index'

2020-06-08 16:13:27 - [MESSAGE][PASSED] - Keys 'DOWN + ' sent to object: 'Object Repository/Objects.HighlightElements/input_field_index'

2020-06-08 16:13:27 - [TEST_STEP][PASSED] - delay(DelayTime): Delayed 2 second(s)

2020-06-08 16:13:29 - [MESSAGE][PASSED] - Delayed 2 second(s)

2020-06-08 16:13:29 - [TEST_STEP][PASSED] - sendKeys(NewInputNmField, Keys.chord(ENTER)): Keys 'ENTER + ' sent to object: 'Object Repository/Objects.HighlightElements/input_field_index'

2020-06-08 16:13:29 - [MESSAGE][PASSED] - Keys 'ENTER + ' sent to object: 'Object Repository/Objects.HighlightElements/input_field_index'

2020-06-08 16:13:29 - [TEST_STEP][PASSED] - ComboBoxValue = getAttribute(NewInputNmField, "value"): Attribute 'value' of object 'Object Repository/Objects.HighlightElements/input_field_index' is: 'Chua Bee Tee (BEETEE)'

2020-06-08 16:13:29 - [MESSAGE][PASSED] - Attribute 'value' of object 'Object Repository/Objects.HighlightElements/input_field_index' is: 'Chua Bee Tee (BEETEE)'

2020-06-08 16:13:29 - [TEST_STEP][PASSED] - callTestCase(findTestCase(CallTCName), ["FindValue":ComboBoxValue, "DropdownNm":comboNm], STOP_ON_FAILURE): Call Test Case 'Test Cases/PFI Precision and Scale/HashMap Tables/OfficerLists' successfully

2020-06-08 16:13:30 - [TEST_CASE][PASSED] - Test Cases/PFI Precision and Scale/HashMap Tables/OfficerLists: Test Cases/PFI Precision and Scale/HashMap Tables/OfficerLists

2020-06-08 16:13:30 - [TEST_STEP][PASSED] - Thread.sleep(1000): null

2020-06-08 16:13:31 - [TEST_STEP][PASSED] - OfficerLists = [1:"Aaron Sham Wai Lun (AARON)", 2:"Azidah Bte Akmad (Mdm) (USAABD)", 3:"Chung Fong Nyen (USACFN)", 4:"David Tey Dah Wei (DAHWEI)", ... ]: null

2020-06-08 16:13:31 - [TEST_STEP][PASSED] - ValueFound = OfficerLists.find({ -> ... }): null

2020-06-08 16:13:31 - [MESSAGE][PASSED] - Call Test Case 'Test Cases/PFI Precision and Scale/HashMap Tables/OfficerLists' successfully

2020-06-08 16:13:31 - [TEST_STEP][PASSED] - println(ValueFound): null

2020-06-08 16:13:31 - [TEST_STEP][PASSED] - sendKeys(NewInputNmField, Keys.chord(ARROW_DOWN)): Keys 'DOWN + ' sent to object: 'Object Repository/Objects.HighlightElements/input_field_index'

2020-06-08 16:13:31 - [MESSAGE][PASSED] - Keys 'DOWN + ' sent to object: 'Object Repository/Objects.HighlightElements/input_field_index'

2020-06-08 16:13:31 - [TEST_STEP][PASSED] - sendKeys(NewInputNmField, Keys.chord(ARROW_DOWN)): Keys 'DOWN + ' sent to object: 'Object Repository/Objects.HighlightElements/input_field_index'

2020-06-08 16:13:31 - [MESSAGE][PASSED] - Keys 'DOWN + ' sent to object: 'Object Repository/Objects.HighlightElements/input_field_index'

2020-06-08 16:13:31 - [TEST_STEP][PASSED] - delay(DelayTime): Delayed 2 second(s)

2020-06-08 16:13:33 - [MESSAGE][PASSED] - Delayed 2 second(s)

2020-06-08 16:13:33 - [TEST_STEP][PASSED] - sendKeys(NewInputNmField, Keys.chord(ENTER)): Keys 'ENTER + ' sent to object: 'Object Repository/Objects.HighlightElements/input_field_index'

2020-06-08 16:13:33 - [MESSAGE][PASSED] - Keys 'ENTER + ' sent to object: 'Object Repository/Objects.HighlightElements/input_field_index'

2020-06-08 16:13:33 - [TEST_STEP][PASSED] - ComboBoxValue = getAttribute(NewInputNmField, "value"): Attribute 'value' of object 'Object Repository/Objects.HighlightElements/input_field_index' is: 'Chung Fong Nyen (USACFN)'

2020-06-08 16:13:33 - [MESSAGE][PASSED] - Attribute 'value' of object 'Object Repository/Objects.HighlightElements/input_field_index' is: 'Chung Fong Nyen (USACFN)'

2020-06-08 16:13:33 - [TEST_STEP][PASSED] - callTestCase(findTestCase(CallTCName), ["FindValue":ComboBoxValue, "DropdownNm":comboNm], STOP_ON_FAILURE): Call Test Case 'Test Cases/PFI Precision and Scale/HashMap Tables/OfficerLists' successfully

2020-06-08 16:13:33 - [TEST_CASE][PASSED] - Test Cases/PFI Precision and Scale/HashMap Tables/OfficerLists: Test Cases/PFI Precision and Scale/HashMap Tables/OfficerLists

2020-06-08 16:13:33 - [TEST_STEP][PASSED] - Thread.sleep(1000): null

2020-06-08 16:13:34 - [TEST_STEP][PASSED] - OfficerLists = [1:"Aaron Sham Wai Lun (AARON)", 2:"Azidah Bte Akmad (Mdm) (USAABD)", 3:"Chung Fong Nyen (USACFN)", 4:"David Tey Dah Wei (DAHWEI)", ... ]: null

2020-06-08 16:13:34 - [TEST_STEP][PASSED] - ValueFound = OfficerLists.find({ -> ... }): null

2020-06-08 16:13:34 - [MESSAGE][PASSED] - Call Test Case 'Test Cases/PFI Precision and Scale/HashMap Tables/OfficerLists' successfully

2020-06-08 16:13:34 - [TEST_STEP][PASSED] - println(ValueFound): null

2020-06-08 16:13:34 - [TEST_STEP][PASSED] - sendKeys(NewInputNmField, Keys.chord(ARROW_DOWN)): Keys 'DOWN + ' sent to object: 'Object Repository/Objects.HighlightElements/input_field_index'

2020-06-08 16:13:34 - [MESSAGE][PASSED] - Keys 'DOWN + ' sent to object: 'Object Repository/Objects.HighlightElements/input_field_index'

2020-06-08 16:13:34 - [TEST_STEP][PASSED] - sendKeys(NewInputNmField, Keys.chord(ARROW_DOWN)): Keys 'DOWN + ' sent to object: 'Object Repository/Objects.HighlightElements/input_field_index'

2020-06-08 16:13:34 - [MESSAGE][PASSED] - Keys 'DOWN + ' sent to object: 'Object Repository/Objects.HighlightElements/input_field_index'

2020-06-08 16:13:34 - [TEST_STEP][PASSED] - delay(DelayTime): Delayed 2 second(s)

2020-06-08 16:13:36 - [MESSAGE][PASSED] - Delayed 2 second(s)

2020-06-08 16:13:36 - [TEST_STEP][PASSED] - sendKeys(NewInputNmField, Keys.chord(ENTER)): Keys 'ENTER + ' sent to object: 'Object Repository/Objects.HighlightElements/input_field_index'

2020-06-08 16:13:36 - [MESSAGE][PASSED] - Keys 'ENTER + ' sent to object: 'Object Repository/Objects.HighlightElements/input_field_index'

2020-06-08 16:13:36 - [TEST_STEP][PASSED] - ComboBoxValue = getAttribute(NewInputNmField, "value"): Attribute 'value' of object 'Object Repository/Objects.HighlightElements/input_field_index' is: 'David Tey Dah Wei (DAHWEI)'

2020-06-08 16:13:36 - [MESSAGE][PASSED] - Attribute 'value' of object 'Object Repository/Objects.HighlightElements/input_field_index' is: 'David Tey Dah Wei (DAHWEI)'

2020-06-08 16:13:36 - [TEST_STEP][PASSED] - callTestCase(findTestCase(CallTCName), ["FindValue":ComboBoxValue, "DropdownNm":comboNm], STOP_ON_FAILURE): Call Test Case 'Test Cases/PFI Precision and Scale/HashMap Tables/OfficerLists' successfully

2020-06-08 16:13:36 - [TEST_CASE][PASSED] - Test Cases/PFI Precision and Scale/HashMap Tables/OfficerLists: Test Cases/PFI Precision and Scale/HashMap Tables/OfficerLists

2020-06-08 16:13:36 - [TEST_STEP][PASSED] - Thread.sleep(1000): null

2020-06-08 16:13:37 - [TEST_STEP][PASSED] - OfficerLists = [1:"Aaron Sham Wai Lun (AARON)", 2:"Azidah Bte Akmad (Mdm) (USAABD)", 3:"Chung Fong Nyen (USACFN)", 4:"David Tey Dah Wei (DAHWEI)", ... ]: null

2020-06-08 16:13:37 - [TEST_STEP][PASSED] - ValueFound = OfficerLists.find({ -> ... }): null

2020-06-08 16:13:37 - [MESSAGE][PASSED] - Call Test Case 'Test Cases/PFI Precision and Scale/HashMap Tables/OfficerLists' successfully

2020-06-08 16:13:37 - [TEST_STEP][PASSED] - println(ValueFound): null

2020-06-08 16:13:37 - [TEST_STEP][PASSED] - sendKeys(NewInputNmField, Keys.chord(ARROW_DOWN)): Keys 'DOWN + ' sent to object: 'Object Repository/Objects.HighlightElements/input_field_index'

2020-06-08 16:13:37 - [MESSAGE][PASSED] - Keys 'DOWN + ' sent to object: 'Object Repository/Objects.HighlightElements/input_field_index'

2020-06-08 16:13:37 - [TEST_STEP][PASSED] - sendKeys(NewInputNmField, Keys.chord(ARROW_DOWN)): Keys 'DOWN + ' sent to object: 'Object Repository/Objects.HighlightElements/input_field_index'

2020-06-08 16:13:37 - [MESSAGE][PASSED] - Keys 'DOWN + ' sent to object: 'Object Repository/Objects.HighlightElements/input_field_index'

2020-06-08 16:13:37 - [TEST_STEP][PASSED] - delay(DelayTime): Delayed 2 second(s)

2020-06-08 16:13:39 - [MESSAGE][PASSED] - Delayed 2 second(s)

2020-06-08 16:13:39 - [TEST_STEP][PASSED] - sendKeys(NewInputNmField, Keys.chord(ENTER)): Keys 'ENTER + ' sent to object: 'Object Repository/Objects.HighlightElements/input_field_index'

2020-06-08 16:13:39 - [MESSAGE][PASSED] - Keys 'ENTER + ' sent to object: 'Object Repository/Objects.HighlightElements/input_field_index'

2020-06-08 16:13:39 - [TEST_STEP][PASSED] - ComboBoxValue = getAttribute(NewInputNmField, "value"): Attribute 'value' of object 'Object Repository/Objects.HighlightElements/input_field_index' is: 'Han Wann Kuang (WANNKUANG)'

2020-06-08 16:13:39 - [MESSAGE][PASSED] - Attribute 'value' of object 'Object Repository/Objects.HighlightElements/input_field_index' is: 'Han Wann Kuang (WANNKUANG)'

2020-06-08 16:13:39 - [TEST_STEP][PASSED] - callTestCase(findTestCase(CallTCName), ["FindValue":ComboBoxValue, "DropdownNm":comboNm], STOP_ON_FAILURE): Call Test Case 'Test Cases/PFI Precision and Scale/HashMap Tables/OfficerLists' successfully

2020-06-08 16:13:39 - [TEST_CASE][PASSED] - Test Cases/PFI Precision and Scale/HashMap Tables/OfficerLists: Test Cases/PFI Precision and Scale/HashMap Tables/OfficerLists

2020-06-08 16:13:39 - [TEST_STEP][PASSED] - Thread.sleep(1000): null

2020-06-08 16:13:40 - [TEST_STEP][PASSED] - OfficerLists = [1:"Aaron Sham Wai Lun (AARON)", 2:"Azidah Bte Akmad (Mdm) (USAABD)", 3:"Chung Fong Nyen (USACFN)", 4:"David Tey Dah Wei (DAHWEI)", ... ]: null

2020-06-08 16:13:40 - [TEST_STEP][PASSED] - ValueFound = OfficerLists.find({ -> ... }): null

2020-06-08 16:13:40 - [MESSAGE][PASSED] - Call Test Case 'Test Cases/PFI Precision and Scale/HashMap Tables/OfficerLists' successfully

2020-06-08 16:13:40 - [TEST_STEP][PASSED] - println(ValueFound): null

2020-06-08 16:13:40 - [TEST_STEP][PASSED] - sendKeys(NewInputNmField, Keys.chord(ARROW_DOWN)): Keys 'DOWN + ' sent to object: 'Object Repository/Objects.HighlightElements/input_field_index'

2020-06-08 16:13:40 - [MESSAGE][PASSED] - Keys 'DOWN + ' sent to object: 'Object Repository/Objects.HighlightElements/input_field_index'

2020-06-08 16:13:40 - [TEST_STEP][PASSED] - sendKeys(NewInputNmField, Keys.chord(ARROW_DOWN)): Keys 'DOWN + ' sent to object: 'Object Repository/Objects.HighlightElements/input_field_index'

2020-06-08 16:13:40 - [MESSAGE][PASSED] - Keys 'DOWN + ' sent to object: 'Object Repository/Objects.HighlightElements/input_field_index'

2020-06-08 16:13:40 - [TEST_STEP][PASSED] - delay(DelayTime): Delayed 2 second(s)

2020-06-08 16:13:42 - [MESSAGE][PASSED] - Delayed 2 second(s)

2020-06-08 16:13:42 - [TEST_STEP][PASSED] - sendKeys(NewInputNmField, Keys.chord(ENTER)): Keys 'ENTER + ' sent to object: 'Object Repository/Objects.HighlightElements/input_field_index'

2020-06-08 16:13:43 - [MESSAGE][PASSED] - Keys 'ENTER + ' sent to object: 'Object Repository/Objects.HighlightElements/input_field_index'

2020-06-08 16:13:43 - [TEST_STEP][PASSED] - ComboBoxValue = getAttribute(NewInputNmField, "value"): Attribute 'value' of object 'Object Repository/Objects.HighlightElements/input_field_index' is: 'Ho Tze Siang (TZESIANG)'

2020-06-08 16:13:43 - [MESSAGE][PASSED] - Attribute 'value' of object 'Object Repository/Objects.HighlightElements/input_field_index' is: 'Ho Tze Siang (TZESIANG)'

2020-06-08 16:13:43 - [TEST_STEP][PASSED] - callTestCase(findTestCase(CallTCName), ["FindValue":ComboBoxValue, "DropdownNm":comboNm], STOP_ON_FAILURE): Call Test Case 'Test Cases/PFI Precision and Scale/HashMap Tables/OfficerLists' successfully

2020-06-08 16:13:43 - [TEST_CASE][PASSED] - Test Cases/PFI Precision and Scale/HashMap Tables/OfficerLists: Test Cases/PFI Precision and Scale/HashMap Tables/OfficerLists

2020-06-08 16:13:43 - [TEST_STEP][PASSED] - Thread.sleep(1000): null

2020-06-08 16:13:44 - [TEST_STEP][PASSED] - OfficerLists = [1:"Aaron Sham Wai Lun (AARON)", 2:"Azidah Bte Akmad (Mdm) (USAABD)", 3:"Chung Fong Nyen (USACFN)", 4:"David Tey Dah Wei (DAHWEI)", ... ]: null

2020-06-08 16:13:44 - [TEST_STEP][PASSED] - ValueFound = OfficerLists.find({ -> ... }): null

2020-06-08 16:13:44 - [MESSAGE][PASSED] - Call Test Case 'Test Cases/PFI Precision and Scale/HashMap Tables/OfficerLists' successfully

2020-06-08 16:13:44 - [TEST_STEP][PASSED] - println(ValueFound): null

2020-06-08 16:13:44 - [TEST_STEP][PASSED] - sendKeys(NewInputNmField, Keys.chord(ARROW_DOWN)): Keys 'DOWN + ' sent to object: 'Object Repository/Objects.HighlightElements/input_field_index'

2020-06-08 16:13:44 - [MESSAGE][PASSED] - Keys 'DOWN + ' sent to object: 'Object Repository/Objects.HighlightElements/input_field_index'

2020-06-08 16:13:44 - [TEST_STEP][PASSED] - sendKeys(NewInputNmField, Keys.chord(ARROW_DOWN)): Keys 'DOWN + ' sent to object: 'Object Repository/Objects.HighlightElements/input_field_index'

2020-06-08 16:13:44 - [MESSAGE][PASSED] - Keys 'DOWN + ' sent to object: 'Object Repository/Objects.HighlightElements/input_field_index'

2020-06-08 16:13:44 - [TEST_STEP][PASSED] - delay(DelayTime): Delayed 2 second(s)

2020-06-08 16:13:46 - [MESSAGE][PASSED] - Delayed 2 second(s)

2020-06-08 16:13:46 - [TEST_STEP][PASSED] - sendKeys(NewInputNmField, Keys.chord(ENTER)): Keys 'ENTER + ' sent to object: 'Object Repository/Objects.HighlightElements/input_field_index'

2020-06-08 16:13:46 - [MESSAGE][PASSED] - Keys 'ENTER + ' sent to object: 'Object Repository/Objects.HighlightElements/input_field_index'

2020-06-08 16:13:46 - [TEST_STEP][PASSED] - ComboBoxValue = getAttribute(NewInputNmField, "value"): Attribute 'value' of object 'Object Repository/Objects.HighlightElements/input_field_index' is: 'Ho-Chan Vun Ching (USAHVC)'

2020-06-08 16:13:46 - [MESSAGE][PASSED] - Attribute 'value' of object 'Object Repository/Objects.HighlightElements/input_field_index' is: 'Ho-Chan Vun Ching (USAHVC)'

2020-06-08 16:13:46 - [TEST_STEP][PASSED] - callTestCase(findTestCase(CallTCName), ["FindValue":ComboBoxValue, "DropdownNm":comboNm], STOP_ON_FAILURE): Call Test Case 'Test Cases/PFI Precision and Scale/HashMap Tables/OfficerLists' successfully

2020-06-08 16:13:46 - [TEST_CASE][PASSED] - Test Cases/PFI Precision and Scale/HashMap Tables/OfficerLists: Test Cases/PFI Precision and Scale/HashMap Tables/OfficerLists

2020-06-08 16:13:46 - [TEST_STEP][PASSED] - Thread.sleep(1000): null

2020-06-08 16:13:47 - [TEST_STEP][PASSED] - OfficerLists = [1:"Aaron Sham Wai Lun (AARON)", 2:"Azidah Bte Akmad (Mdm) (USAABD)", 3:"Chung Fong Nyen (USACFN)", 4:"David Tey Dah Wei (DAHWEI)", ... ]: null

2020-06-08 16:13:47 - [TEST_STEP][PASSED] - ValueFound = OfficerLists.find({ -> ... }): null

2020-06-08 16:13:47 - [MESSAGE][PASSED] - Call Test Case 'Test Cases/PFI Precision and Scale/HashMap Tables/OfficerLists' successfully

2020-06-08 16:13:47 - [TEST_STEP][PASSED] - println(ValueFound): null

2020-06-08 16:13:47 - [TEST_STEP][PASSED] - sendKeys(NewInputNmField, Keys.chord(ARROW_DOWN)): Keys 'DOWN + ' sent to object: 'Object Repository/Objects.HighlightElements/input_field_index'

2020-06-08 16:13:47 - [MESSAGE][PASSED] - Keys 'DOWN + ' sent to object: 'Object Repository/Objects.HighlightElements/input_field_index'

2020-06-08 16:13:47 - [TEST_STEP][PASSED] - sendKeys(NewInputNmField, Keys.chord(ARROW_DOWN)): Keys 'DOWN + ' sent to object: 'Object Repository/Objects.HighlightElements/input_field_index'

2020-06-08 16:13:47 - [MESSAGE][PASSED] - Keys 'DOWN + ' sent to object: 'Object Repository/Objects.HighlightElements/input_field_index'

2020-06-08 16:13:47 - [TEST_STEP][PASSED] - delay(DelayTime): Delayed 2 second(s)

2020-06-08 16:13:49 - [MESSAGE][PASSED] - Delayed 2 second(s)

2020-06-08 16:13:49 - [TEST_STEP][PASSED] - sendKeys(NewInputNmField, Keys.chord(ENTER)): Keys 'ENTER + ' sent to object: 'Object Repository/Objects.HighlightElements/input_field_index'

2020-06-08 16:13:49 - [MESSAGE][PASSED] - Keys 'ENTER + ' sent to object: 'Object Repository/Objects.HighlightElements/input_field_index'

2020-06-08 16:13:49 - [TEST_STEP][PASSED] - ComboBoxValue = getAttribute(NewInputNmField, "value"): Attribute 'value' of object 'Object Repository/Objects.HighlightElements/input_field_index' is: 'Janet Lee Choon Hong (JANETCHOON)'

2020-06-08 16:13:49 - [MESSAGE][PASSED] - Attribute 'value' of object 'Object Repository/Objects.HighlightElements/input_field_index' is: 'Janet Lee Choon Hong (JANETCHOON)'

2020-06-08 16:13:49 - [TEST_STEP][PASSED] - callTestCase(findTestCase(CallTCName), ["FindValue":ComboBoxValue, "DropdownNm":comboNm], STOP_ON_FAILURE): Call Test Case 'Test Cases/PFI Precision and Scale/HashMap Tables/OfficerLists' successfully

2020-06-08 16:13:49 - [TEST_CASE][PASSED] - Test Cases/PFI Precision and Scale/HashMap Tables/OfficerLists: Test Cases/PFI Precision and Scale/HashMap Tables/OfficerLists

2020-06-08 16:13:49 - [TEST_STEP][PASSED] - Thread.sleep(1000): null

2020-06-08 16:13:50 - [TEST_STEP][PASSED] - OfficerLists = [1:"Aaron Sham Wai Lun (AARON)", 2:"Azidah Bte Akmad (Mdm) (USAABD)", 3:"Chung Fong Nyen (USACFN)", 4:"David Tey Dah Wei (DAHWEI)", ... ]: null

2020-06-08 16:13:50 - [TEST_STEP][PASSED] - ValueFound = OfficerLists.find({ -> ... }): null

2020-06-08 16:13:50 - [MESSAGE][PASSED] - Call Test Case 'Test Cases/PFI Precision and Scale/HashMap Tables/OfficerLists' successfully

2020-06-08 16:13:50 - [TEST_STEP][PASSED] - println(ValueFound): null

2020-06-08 16:13:50 - [TEST_STEP][PASSED] - sendKeys(NewInputNmField, Keys.chord(ARROW_DOWN)): Keys 'DOWN + ' sent to object: 'Object Repository/Objects.HighlightElements/input_field_index'

2020-06-08 16:13:50 - [MESSAGE][PASSED] - Keys 'DOWN + ' sent to object: 'Object Repository/Objects.HighlightElements/input_field_index'

2020-06-08 16:13:50 - [TEST_STEP][PASSED] - sendKeys(NewInputNmField, Keys.chord(ARROW_DOWN)): Keys 'DOWN + ' sent to object: 'Object Repository/Objects.HighlightElements/input_field_index'

2020-06-08 16:13:50 - [MESSAGE][PASSED] - Keys 'DOWN + ' sent to object: 'Object Repository/Objects.HighlightElements/input_field_index'

2020-06-08 16:13:50 - [TEST_STEP][PASSED] - delay(DelayTime): Delayed 2 second(s)

2020-06-08 16:13:52 - [MESSAGE][PASSED] - Delayed 2 second(s)

2020-06-08 16:13:52 - [TEST_STEP][PASSED] - sendKeys(NewInputNmField, Keys.chord(ENTER)): Keys 'ENTER + ' sent to object: 'Object Repository/Objects.HighlightElements/input_field_index'

2020-06-08 16:13:52 - [MESSAGE][PASSED] - Keys 'ENTER + ' sent to object: 'Object Repository/Objects.HighlightElements/input_field_index'

2020-06-08 16:13:52 - [TEST_STEP][PASSED] - ComboBoxValue = getAttribute(NewInputNmField, "value"): Attribute 'value' of object 'Object Repository/Objects.HighlightElements/input_field_index' is: 'Joseph Lim Pheng Weng (PHENGWENG)'

2020-06-08 16:13:52 - [MESSAGE][PASSED] - Attribute 'value' of object 'Object Repository/Objects.HighlightElements/input_field_index' is: 'Joseph Lim Pheng Weng (PHENGWENG)'

2020-06-08 16:13:52 - [TEST_STEP][PASSED] - callTestCase(findTestCase(CallTCName), ["FindValue":ComboBoxValue, "DropdownNm":comboNm], STOP_ON_FAILURE): Call Test Case 'Test Cases/PFI Precision and Scale/HashMap Tables/OfficerLists' successfully

2020-06-08 16:13:52 - [TEST_CASE][PASSED] - Test Cases/PFI Precision and Scale/HashMap Tables/OfficerLists: Test Cases/PFI Precision and Scale/HashMap Tables/OfficerLists

2020-06-08 16:13:52 - [TEST_STEP][PASSED] - Thread.sleep(1000): null

2020-06-08 16:13:53 - [TEST_STEP][PASSED] - OfficerLists = [1:"Aaron Sham Wai Lun (AARON)", 2:"Azidah Bte Akmad (Mdm) (USAABD)", 3:"Chung Fong Nyen (USACFN)", 4:"David Tey Dah Wei (DAHWEI)", ... ]: null

2020-06-08 16:13:53 - [TEST_STEP][PASSED] - ValueFound = OfficerLists.find({ -> ... }): null

2020-06-08 16:13:53 - [MESSAGE][PASSED] - Call Test Case 'Test Cases/PFI Precision and Scale/HashMap Tables/OfficerLists' successfully

2020-06-08 16:13:53 - [TEST_STEP][PASSED] - println(ValueFound): null

2020-06-08 16:13:53 - [TEST_STEP][PASSED] - sendKeys(NewInputNmField, Keys.chord(ARROW_DOWN)): Keys 'DOWN + ' sent to object: 'Object Repository/Objects.HighlightElements/input_field_index'

2020-06-08 16:13:53 - [MESSAGE][PASSED] - Keys 'DOWN + ' sent to object: 'Object Repository/Objects.HighlightElements/input_field_index'

2020-06-08 16:13:53 - [TEST_STEP][PASSED] - sendKeys(NewInputNmField, Keys.chord(ARROW_DOWN)): Keys 'DOWN + ' sent to object: 'Object Repository/Objects.HighlightElements/input_field_index'

2020-06-08 16:13:54 - [MESSAGE][PASSED] - Keys 'DOWN + ' sent to object: 'Object Repository/Objects.HighlightElements/input_field_index'

2020-06-08 16:13:54 - [TEST_STEP][PASSED] - delay(DelayTime): Delayed 2 second(s)

2020-06-08 16:13:56 - [MESSAGE][PASSED] - Delayed 2 second(s)

2020-06-08 16:13:56 - [TEST_STEP][PASSED] - sendKeys(NewInputNmField, Keys.chord(ENTER)): Keys 'ENTER + ' sent to object: 'Object Repository/Objects.HighlightElements/input_field_index'

2020-06-08 16:13:56 - [MESSAGE][PASSED] - Keys 'ENTER + ' sent to object: 'Object Repository/Objects.HighlightElements/input_field_index'

2020-06-08 16:13:56 - [TEST_STEP][PASSED] - ComboBoxValue = getAttribute(NewInputNmField, "value"): Attribute 'value' of object 'Object Repository/Objects.HighlightElements/input_field_index' is: 'Kaliannan Thanabal (KALIANN)'

2020-06-08 16:13:56 - [MESSAGE][PASSED] - Attribute 'value' of object 'Object Repository/Objects.HighlightElements/input_field_index' is: 'Kaliannan Thanabal (KALIANN)'

2020-06-08 16:13:56 - [TEST_STEP][PASSED] - callTestCase(findTestCase(CallTCName), ["FindValue":ComboBoxValue, "DropdownNm":comboNm], STOP_ON_FAILURE): Call Test Case 'Test Cases/PFI Precision and Scale/HashMap Tables/OfficerLists' successfully

2020-06-08 16:13:56 - [TEST_CASE][PASSED] - Test Cases/PFI Precision and Scale/HashMap Tables/OfficerLists: Test Cases/PFI Precision and Scale/HashMap Tables/OfficerLists

2020-06-08 16:13:56 - [TEST_STEP][PASSED] - Thread.sleep(1000): null

2020-06-08 16:13:57 - [TEST_STEP][PASSED] - OfficerLists = [1:"Aaron Sham Wai Lun (AARON)", 2:"Azidah Bte Akmad (Mdm) (USAABD)", 3:"Chung Fong Nyen (USACFN)", 4:"David Tey Dah Wei (DAHWEI)", ... ]: null

2020-06-08 16:13:57 - [TEST_STEP][PASSED] - ValueFound = OfficerLists.find({ -> ... }): null

2020-06-08 16:13:57 - [MESSAGE][PASSED] - Call Test Case 'Test Cases/PFI Precision and Scale/HashMap Tables/OfficerLists' successfully

2020-06-08 16:13:57 - [TEST_STEP][PASSED] - println(ValueFound): null

2020-06-08 16:13:57 - [TEST_STEP][PASSED] - sendKeys(NewInputNmField, Keys.chord(ARROW_DOWN)): Keys 'DOWN + ' sent to object: 'Object Repository/Objects.HighlightElements/input_field_index'

2020-06-08 16:13:57 - [MESSAGE][PASSED] - Keys 'DOWN + ' sent to object: 'Object Repository/Objects.HighlightElements/input_field_index'

2020-06-08 16:13:57 - [TEST_STEP][PASSED] - sendKeys(NewInputNmField, Keys.chord(ARROW_DOWN)): Keys 'DOWN + ' sent to object: 'Object Repository/Objects.HighlightElements/input_field_index'

2020-06-08 16:13:57 - [MESSAGE][PASSED] - Keys 'DOWN + ' sent to object: 'Object Repository/Objects.HighlightElements/input_field_index'

2020-06-08 16:13:57 - [TEST_STEP][PASSED] - delay(DelayTime): Delayed 2 second(s)

2020-06-08 16:13:59 - [MESSAGE][PASSED] - Delayed 2 second(s)

2020-06-08 16:13:59 - [TEST_STEP][PASSED] - sendKeys(NewInputNmField, Keys.chord(ENTER)): Keys 'ENTER + ' sent to object: 'Object Repository/Objects.HighlightElements/input_field_index'

2020-06-08 16:13:59 - [MESSAGE][PASSED] - Keys 'ENTER + ' sent to object: 'Object Repository/Objects.HighlightElements/input_field_index'

2020-06-08 16:13:59 - [TEST_STEP][PASSED] - ComboBoxValue = getAttribute(NewInputNmField, "value"): Attribute 'value' of object 'Object Repository/Objects.HighlightElements/input_field_index' is: 'Kelvin Phua Meng Thong (MENGTHONG)'

2020-06-08 16:13:59 - [MESSAGE][PASSED] - Attribute 'value' of object 'Object Repository/Objects.HighlightElements/input_field_index' is: 'Kelvin Phua Meng Thong (MENGTHONG)'

2020-06-08 16:13:59 - [TEST_STEP][PASSED] - callTestCase(findTestCase(CallTCName), ["FindValue":ComboBoxValue, "DropdownNm":comboNm], STOP_ON_FAILURE): Call Test Case 'Test Cases/PFI Precision and Scale/HashMap Tables/OfficerLists' successfully

2020-06-08 16:13:59 - [TEST_CASE][PASSED] - Test Cases/PFI Precision and Scale/HashMap Tables/OfficerLists: Test Cases/PFI Precision and Scale/HashMap Tables/OfficerLists

2020-06-08 16:13:59 - [TEST_STEP][PASSED] - Thread.sleep(1000): null

2020-06-08 16:14:00 - [TEST_STEP][PASSED] - OfficerLists = [1:"Aaron Sham Wai Lun (AARON)", 2:"Azidah Bte Akmad (Mdm) (USAABD)", 3:"Chung Fong Nyen (USACFN)", 4:"David Tey Dah Wei (DAHWEI)", ... ]: null

2020-06-08 16:14:00 - [TEST_STEP][PASSED] - ValueFound = OfficerLists.find({ -> ... }): null

2020-06-08 16:14:00 - [MESSAGE][PASSED] - Call Test Case 'Test Cases/PFI Precision and Scale/HashMap Tables/OfficerLists' successfully

2020-06-08 16:14:00 - [TEST_STEP][PASSED] - println(ValueFound): null

2020-06-08 16:14:00 - [TEST_STEP][PASSED] - sendKeys(NewInputNmField, Keys.chord(ARROW_DOWN)): Keys 'DOWN + ' sent to object: 'Object Repository/Objects.HighlightElements/input_field_index'

2020-06-08 16:14:00 - [MESSAGE][PASSED] - Keys 'DOWN + ' sent to object: 'Object Repository/Objects.HighlightElements/input_field_index'

2020-06-08 16:14:00 - [TEST_STEP][PASSED] - sendKeys(NewInputNmField, Keys.chord(ARROW_DOWN)): Keys 'DOWN + ' sent to object: 'Object Repository/Objects.HighlightElements/input_field_index'

2020-06-08 16:14:00 - [MESSAGE][PASSED] - Keys 'DOWN + ' sent to object: 'Object Repository/Objects.HighlightElements/input_field_index'

2020-06-08 16:14:00 - [TEST_STEP][PASSED] - delay(DelayTime): Delayed 2 second(s)

2020-06-08 16:14:02 - [MESSAGE][PASSED] - Delayed 2 second(s)

2020-06-08 16:14:02 - [TEST_STEP][PASSED] - sendKeys(NewInputNmField, Keys.chord(ENTER)): Keys 'ENTER + ' sent to object: 'Object Repository/Objects.HighlightElements/input_field_index'

2020-06-08 16:14:02 - [MESSAGE][PASSED] - Keys 'ENTER + ' sent to object: 'Object Repository/Objects.HighlightElements/input_field_index'

2020-06-08 16:14:02 - [TEST_STEP][PASSED] - ComboBoxValue = getAttribute(NewInputNmField, "value"): Attribute 'value' of object 'Object Repository/Objects.HighlightElements/input_field_index' is: 'Lee Kok Tien (USAKTL)'

2020-06-08 16:14:02 - [MESSAGE][PASSED] - Attribute 'value' of object 'Object Repository/Objects.HighlightElements/input_field_index' is: 'Lee Kok Tien (USAKTL)'

2020-06-08 16:14:02 - [TEST_STEP][PASSED] - callTestCase(findTestCase(CallTCName), ["FindValue":ComboBoxValue, "DropdownNm":comboNm], STOP_ON_FAILURE): Call Test Case 'Test Cases/PFI Precision and Scale/HashMap Tables/OfficerLists' successfully

2020-06-08 16:14:02 - [TEST_CASE][PASSED] - Test Cases/PFI Precision and Scale/HashMap Tables/OfficerLists: Test Cases/PFI Precision and Scale/HashMap Tables/OfficerLists

2020-06-08 16:14:02 - [TEST_STEP][PASSED] - Thread.sleep(1000): null

2020-06-08 16:14:03 - [TEST_STEP][PASSED] - OfficerLists = [1:"Aaron Sham Wai Lun (AARON)", 2:"Azidah Bte Akmad (Mdm) (USAABD)", 3:"Chung Fong Nyen (USACFN)", 4:"David Tey Dah Wei (DAHWEI)", ... ]: null

2020-06-08 16:14:03 - [TEST_STEP][PASSED] - ValueFound = OfficerLists.find({ -> ... }): null

2020-06-08 16:14:03 - [MESSAGE][PASSED] - Call Test Case 'Test Cases/PFI Precision and Scale/HashMap Tables/OfficerLists' successfully

2020-06-08 16:14:03 - [TEST_STEP][PASSED] - println(ValueFound): null

2020-06-08 16:14:03 - [TEST_STEP][PASSED] - sendKeys(NewInputNmField, Keys.chord(ARROW_DOWN)): Keys 'DOWN + ' sent to object: 'Object Repository/Objects.HighlightElements/input_field_index'

2020-06-08 16:14:03 - [MESSAGE][PASSED] - Keys 'DOWN + ' sent to object: 'Object Repository/Objects.HighlightElements/input_field_index'

2020-06-08 16:14:03 - [TEST_STEP][PASSED] - sendKeys(NewInputNmField, Keys.chord(ARROW_DOWN)): Keys 'DOWN + ' sent to object: 'Object Repository/Objects.HighlightElements/input_field_index'

2020-06-08 16:14:03 - [MESSAGE][PASSED] - Keys 'DOWN + ' sent to object: 'Object Repository/Objects.HighlightElements/input_field_index'

2020-06-08 16:14:03 - [TEST_STEP][PASSED] - delay(DelayTime): Delayed 2 second(s)

2020-06-08 16:14:05 - [MESSAGE][PASSED] - Delayed 2 second(s)

2020-06-08 16:14:05 - [TEST_STEP][PASSED] - sendKeys(NewInputNmField, Keys.chord(ENTER)): Keys 'ENTER + ' sent to object: 'Object Repository/Objects.HighlightElements/input_field_index'

2020-06-08 16:14:05 - [MESSAGE][PASSED] - Keys 'ENTER + ' sent to object: 'Object Repository/Objects.HighlightElements/input_field_index'

2020-06-08 16:14:05 - [TEST_STEP][PASSED] - ComboBoxValue = getAttribute(NewInputNmField, "value"): Attribute 'value' of object 'Object Repository/Objects.HighlightElements/input_field_index' is: 'Lim Beng Kwee (BENGKWEE)'

2020-06-08 16:14:05 - [MESSAGE][PASSED] - Attribute 'value' of object 'Object Repository/Objects.HighlightElements/input_field_index' is: 'Lim Beng Kwee (BENGKWEE)'

2020-06-08 16:14:05 - [TEST_STEP][PASSED] - callTestCase(findTestCase(CallTCName), ["FindValue":ComboBoxValue, "DropdownNm":comboNm], STOP_ON_FAILURE): Call Test Case 'Test Cases/PFI Precision and Scale/HashMap Tables/OfficerLists' successfully

2020-06-08 16:14:05 - [TEST_CASE][PASSED] - Test Cases/PFI Precision and Scale/HashMap Tables/OfficerLists: Test Cases/PFI Precision and Scale/HashMap Tables/OfficerLists

2020-06-08 16:14:05 - [TEST_STEP][PASSED] - Thread.sleep(1000): null

2020-06-08 16:14:06 - [TEST_STEP][PASSED] - OfficerLists = [1:"Aaron Sham Wai Lun (AARON)", 2:"Azidah Bte Akmad (Mdm) (USAABD)", 3:"Chung Fong Nyen (USACFN)", 4:"David Tey Dah Wei (DAHWEI)", ... ]: null

2020-06-08 16:14:06 - [TEST_STEP][PASSED] - ValueFound = OfficerLists.find({ -> ... }): null

2020-06-08 16:14:06 - [MESSAGE][PASSED] - Call Test Case 'Test Cases/PFI Precision and Scale/HashMap Tables/OfficerLists' successfully

2020-06-08 16:14:06 - [TEST_STEP][PASSED] - println(ValueFound): null

2020-06-08 16:14:06 - [TEST_STEP][PASSED] - sendKeys(NewInputNmField, Keys.chord(ARROW_DOWN)): Keys 'DOWN + ' sent to object: 'Object Repository/Objects.HighlightElements/input_field_index'

2020-06-08 16:14:07 - [MESSAGE][PASSED] - Keys 'DOWN + ' sent to object: 'Object Repository/Objects.HighlightElements/input_field_index'

2020-06-08 16:14:07 - [TEST_STEP][PASSED] - sendKeys(NewInputNmField, Keys.chord(ARROW_DOWN)): Keys 'DOWN + ' sent to object: 'Object Repository/Objects.HighlightElements/input_field_index'

2020-06-08 16:14:07 - [MESSAGE][PASSED] - Keys 'DOWN + ' sent to object: 'Object Repository/Objects.HighlightElements/input_field_index'

2020-06-08 16:14:07 - [TEST_STEP][PASSED] - delay(DelayTime): Delayed 2 second(s)

2020-06-08 16:14:09 - [MESSAGE][PASSED] - Delayed 2 second(s)

2020-06-08 16:14:09 - [TEST_STEP][PASSED] - sendKeys(NewInputNmField, Keys.chord(ENTER)): Keys 'ENTER + ' sent to object: 'Object Repository/Objects.HighlightElements/input_field_index'

2020-06-08 16:14:09 - [MESSAGE][PASSED] - Keys 'ENTER + ' sent to object: 'Object Repository/Objects.HighlightElements/input_field_index'

2020-06-08 16:14:09 - [TEST_STEP][PASSED] - ComboBoxValue = getAttribute(NewInputNmField, "value"): Attribute 'value' of object 'Object Repository/Objects.HighlightElements/input_field_index' is: 'Lim Leng Boon (LENGBOON)'

2020-06-08 16:14:09 - [MESSAGE][PASSED] - Attribute 'value' of object 'Object Repository/Objects.HighlightElements/input_field_index' is: 'Lim Leng Boon (LENGBOON)'

2020-06-08 16:14:09 - [TEST_STEP][PASSED] - callTestCase(findTestCase(CallTCName), ["FindValue":ComboBoxValue, "DropdownNm":comboNm], STOP_ON_FAILURE): Call Test Case 'Test Cases/PFI Precision and Scale/HashMap Tables/OfficerLists' successfully

2020-06-08 16:14:09 - [TEST_CASE][PASSED] - Test Cases/PFI Precision and Scale/HashMap Tables/OfficerLists: Test Cases/PFI Precision and Scale/HashMap Tables/OfficerLists

2020-06-08 16:14:09 - [TEST_STEP][PASSED] - Thread.sleep(1000): null

2020-06-08 16:14:10 - [TEST_STEP][PASSED] - OfficerLists = [1:"Aaron Sham Wai Lun (AARON)", 2:"Azidah Bte Akmad (Mdm) (USAABD)", 3:"Chung Fong Nyen (USACFN)", 4:"David Tey Dah Wei (DAHWEI)", ... ]: null

2020-06-08 16:14:10 - [TEST_STEP][PASSED] - ValueFound = OfficerLists.find({ -> ... }): null

2020-06-08 16:14:10 - [MESSAGE][PASSED] - Call Test Case 'Test Cases/PFI Precision and Scale/HashMap Tables/OfficerLists' successfully

2020-06-08 16:14:10 - [TEST_STEP][PASSED] - println(ValueFound): null

2020-06-08 16:14:10 - [TEST_STEP][PASSED] - sendKeys(NewInputNmField, Keys.chord(ARROW_DOWN)): Keys 'DOWN + ' sent to object: 'Object Repository/Objects.HighlightElements/input_field_index'

2020-06-08 16:14:10 - [MESSAGE][PASSED] - Keys 'DOWN + ' sent to object: 'Object Repository/Objects.HighlightElements/input_field_index'

2020-06-08 16:14:10 - [TEST_STEP][PASSED] - sendKeys(NewInputNmField, Keys.chord(ARROW_DOWN)): Keys 'DOWN + ' sent to object: 'Object Repository/Objects.HighlightElements/input_field_index'

2020-06-08 16:14:10 - [MESSAGE][PASSED] - Keys 'DOWN + ' sent to object: 'Object Repository/Objects.HighlightElements/input_field_index'

2020-06-08 16:14:10 - [TEST_STEP][PASSED] - delay(DelayTime): Delayed 2 second(s)

2020-06-08 16:14:12 - [MESSAGE][PASSED] - Delayed 2 second(s)

2020-06-08 16:14:12 - [TEST_STEP][PASSED] - sendKeys(NewInputNmField, Keys.chord(ENTER)): Keys 'ENTER + ' sent to object: 'Object Repository/Objects.HighlightElements/input_field_index'

2020-06-08 16:14:12 - [MESSAGE][PASSED] - Keys 'ENTER + ' sent to object: 'Object Repository/Objects.HighlightElements/input_field_index'

2020-06-08 16:14:12 - [TEST_STEP][PASSED] - ComboBoxValue = getAttribute(NewInputNmField, "value"): Attribute 'value' of object 'Object Repository/Objects.HighlightElements/input_field_index' is: 'Liu Xiaopeng (XIAOPENG)'

2020-06-08 16:14:12 - [MESSAGE][PASSED] - Attribute 'value' of object 'Object Repository/Objects.HighlightElements/input_field_index' is: 'Liu Xiaopeng (XIAOPENG)'

2020-06-08 16:14:12 - [TEST_STEP][PASSED] - callTestCase(findTestCase(CallTCName), ["FindValue":ComboBoxValue, "DropdownNm":comboNm], STOP_ON_FAILURE): Call Test Case 'Test Cases/PFI Precision and Scale/HashMap Tables/OfficerLists' successfully

2020-06-08 16:14:12 - [TEST_CASE][PASSED] - Test Cases/PFI Precision and Scale/HashMap Tables/OfficerLists: Test Cases/PFI Precision and Scale/HashMap Tables/OfficerLists

2020-06-08 16:14:12 - [TEST_STEP][PASSED] - Thread.sleep(1000): null

2020-06-08 16:14:13 - [TEST_STEP][PASSED] - OfficerLists = [1:"Aaron Sham Wai Lun (AARON)", 2:"Azidah Bte Akmad (Mdm) (USAABD)", 3:"Chung Fong Nyen (USACFN)", 4:"David Tey Dah Wei (DAHWEI)", ... ]: null

2020-06-08 16:14:13 - [TEST_STEP][PASSED] - ValueFound = OfficerLists.find({ -> ... }): null

2020-06-08 16:14:13 - [MESSAGE][PASSED] - Call Test Case 'Test Cases/PFI Precision and Scale/HashMap Tables/OfficerLists' successfully

2020-06-08 16:14:13 - [TEST_STEP][PASSED] - println(ValueFound): null

2020-06-08 16:14:13 - [TEST_STEP][PASSED] - sendKeys(NewInputNmField, Keys.chord(ARROW_DOWN)): Keys 'DOWN + ' sent to object: 'Object Repository/Objects.HighlightElements/input_field_index'

2020-06-08 16:14:13 - [MESSAGE][PASSED] - Keys 'DOWN + ' sent to object: 'Object Repository/Objects.HighlightElements/input_field_index'

2020-06-08 16:14:13 - [TEST_STEP][PASSED] - sendKeys(NewInputNmField, Keys.chord(ARROW_DOWN)): Keys 'DOWN + ' sent to object: 'Object Repository/Objects.HighlightElements/input_field_index'

2020-06-08 16:14:13 - [MESSAGE][PASSED] - Keys 'DOWN + ' sent to object: 'Object Repository/Objects.HighlightElements/input_field_index'

2020-06-08 16:14:13 - [TEST_STEP][PASSED] - delay(DelayTime): Delayed 2 second(s)

2020-06-08 16:14:15 - [MESSAGE][PASSED] - Delayed 2 second(s)

2020-06-08 16:14:15 - [TEST_STEP][PASSED] - sendKeys(NewInputNmField, Keys.chord(ENTER)): Keys 'ENTER + ' sent to object: 'Object Repository/Objects.HighlightElements/input_field_index'

2020-06-08 16:14:15 - [MESSAGE][PASSED] - Keys 'ENTER + ' sent to object: 'Object Repository/Objects.HighlightElements/input_field_index'

2020-06-08 16:14:15 - [TEST_STEP][PASSED] - ComboBoxValue = getAttribute(NewInputNmField, "value"): Attribute 'value' of object 'Object Repository/Objects.HighlightElements/input_field_index' is: 'Lu Ji Ju (Mdm) (USALJJ)'

2020-06-08 16:14:15 - [MESSAGE][PASSED] - Attribute 'value' of object 'Object Repository/Objects.HighlightElements/input_field_index' is: 'Lu Ji Ju (Mdm) (USALJJ)'

2020-06-08 16:14:15 - [TEST_STEP][PASSED] - callTestCase(findTestCase(CallTCName), ["FindValue":ComboBoxValue, "DropdownNm":comboNm], STOP_ON_FAILURE): Call Test Case 'Test Cases/PFI Precision and Scale/HashMap Tables/OfficerLists' successfully

2020-06-08 16:14:15 - [TEST_CASE][PASSED] - Test Cases/PFI Precision and Scale/HashMap Tables/OfficerLists: Test Cases/PFI Precision and Scale/HashMap Tables/OfficerLists

2020-06-08 16:14:15 - [TEST_STEP][PASSED] - Thread.sleep(1000): null

2020-06-08 16:14:16 - [TEST_STEP][PASSED] - OfficerLists = [1:"Aaron Sham Wai Lun (AARON)", 2:"Azidah Bte Akmad (Mdm) (USAABD)", 3:"Chung Fong Nyen (USACFN)", 4:"David Tey Dah Wei (DAHWEI)", ... ]: null

2020-06-08 16:14:16 - [TEST_STEP][PASSED] - ValueFound = OfficerLists.find({ -> ... }): null

2020-06-08 16:14:16 - [MESSAGE][PASSED] - Call Test Case 'Test Cases/PFI Precision and Scale/HashMap Tables/OfficerLists' successfully

2020-06-08 16:14:16 - [TEST_STEP][PASSED] - println(ValueFound): null

2020-06-08 16:14:16 - [TEST_STEP][PASSED] - sendKeys(NewInputNmField, Keys.chord(ARROW_DOWN)): Keys 'DOWN + ' sent to object: 'Object Repository/Objects.HighlightElements/input_field_index'

2020-06-08 16:14:16 - [MESSAGE][PASSED] - Keys 'DOWN + ' sent to object: 'Object Repository/Objects.HighlightElements/input_field_index'

2020-06-08 16:14:16 - [TEST_STEP][PASSED] - sendKeys(NewInputNmField, Keys.chord(ARROW_DOWN)): Keys 'DOWN + ' sent to object: 'Object Repository/Objects.HighlightElements/input_field_index'

2020-06-08 16:14:16 - [MESSAGE][PASSED] - Keys 'DOWN + ' sent to object: 'Object Repository/Objects.HighlightElements/input_field_index'

2020-06-08 16:14:16 - [TEST_STEP][PASSED] - delay(DelayTime): Delayed 2 second(s)

2020-06-08 16:14:18 - [MESSAGE][PASSED] - Delayed 2 second(s)

2020-06-08 16:14:18 - [TEST_STEP][PASSED] - sendKeys(NewInputNmField, Keys.chord(ENTER)): Keys 'ENTER + ' sent to object: 'Object Repository/Objects.HighlightElements/input_field_index'

2020-06-08 16:14:18 - [MESSAGE][PASSED] - Keys 'ENTER + ' sent to object: 'Object Repository/Objects.HighlightElements/input_field_index'

2020-06-08 16:14:18 - [TEST_STEP][PASSED] - ComboBoxValue = getAttribute(NewInputNmField, "value"): Attribute 'value' of object 'Object Repository/Objects.HighlightElements/input_field_index' is: 'Mohd Jeffri Bin Abdul Rahim (MOHDJEFFRI)'

2020-06-08 16:14:18 - [MESSAGE][PASSED] - Attribute 'value' of object 'Object Repository/Objects.HighlightElements/input_field_index' is: 'Mohd Jeffri Bin Abdul Rahim (MOHDJEFFRI)'

2020-06-08 16:14:18 - [TEST_STEP][PASSED] - callTestCase(findTestCase(CallTCName), ["FindValue":ComboBoxValue, "DropdownNm":comboNm], STOP_ON_FAILURE): Call Test Case 'Test Cases/PFI Precision and Scale/HashMap Tables/OfficerLists' successfully

2020-06-08 16:14:19 - [TEST_CASE][PASSED] - Test Cases/PFI Precision and Scale/HashMap Tables/OfficerLists: Test Cases/PFI Precision and Scale/HashMap Tables/OfficerLists

2020-06-08 16:14:19 - [TEST_STEP][PASSED] - Thread.sleep(1000): null

2020-06-08 16:14:20 - [TEST_STEP][PASSED] - OfficerLists = [1:"Aaron Sham Wai Lun (AARON)", 2:"Azidah Bte Akmad (Mdm) (USAABD)", 3:"Chung Fong Nyen (USACFN)", 4:"David Tey Dah Wei (DAHWEI)", ... ]: null

2020-06-08 16:14:20 - [TEST_STEP][PASSED] - ValueFound = OfficerLists.find({ -> ... }): null

2020-06-08 16:14:20 - [MESSAGE][PASSED] - Call Test Case 'Test Cases/PFI Precision and Scale/HashMap Tables/OfficerLists' successfully

2020-06-08 16:14:20 - [TEST_STEP][PASSED] - println(ValueFound): null

2020-06-08 16:14:20 - [TEST_STEP][PASSED] - sendKeys(NewInputNmField, Keys.chord(ARROW_DOWN)): Keys 'DOWN + ' sent to object: 'Object Repository/Objects.HighlightElements/input_field_index'

2020-06-08 16:14:20 - [MESSAGE][PASSED] - Keys 'DOWN + ' sent to object: 'Object Repository/Objects.HighlightElements/input_field_index'

2020-06-08 16:14:20 - [TEST_STEP][PASSED] - sendKeys(NewInputNmField, Keys.chord(ARROW_DOWN)): Keys 'DOWN + ' sent to object: 'Object Repository/Objects.HighlightElements/input_field_index'

2020-06-08 16:14:20 - [MESSAGE][PASSED] - Keys 'DOWN + ' sent to object: 'Object Repository/Objects.HighlightElements/input_field_index'

2020-06-08 16:14:20 - [TEST_STEP][PASSED] - delay(DelayTime): Delayed 2 second(s)

2020-06-08 16:14:22 - [MESSAGE][PASSED] - Delayed 2 second(s)

2020-06-08 16:14:22 - [TEST_STEP][PASSED] - sendKeys(NewInputNmField, Keys.chord(ENTER)): Keys 'ENTER + ' sent to object: 'Object Repository/Objects.HighlightElements/input_field_index'

2020-06-08 16:14:22 - [MESSAGE][PASSED] - Keys 'ENTER + ' sent to object: 'Object Repository/Objects.HighlightElements/input_field_index'

2020-06-08 16:14:22 - [TEST_STEP][PASSED] - ComboBoxValue = getAttribute(NewInputNmField, "value"): Attribute 'value' of object 'Object Repository/Objects.HighlightElements/input_field_index' is: 'Richard Lim Fang Ping (FANGPING)'

2020-06-08 16:14:22 - [MESSAGE][PASSED] - Attribute 'value' of object 'Object Repository/Objects.HighlightElements/input_field_index' is: 'Richard Lim Fang Ping (FANGPING)'

2020-06-08 16:14:22 - [TEST_STEP][PASSED] - callTestCase(findTestCase(CallTCName), ["FindValue":ComboBoxValue, "DropdownNm":comboNm], STOP_ON_FAILURE): Call Test Case 'Test Cases/PFI Precision and Scale/HashMap Tables/OfficerLists' successfully

2020-06-08 16:14:22 - [TEST_CASE][PASSED] - Test Cases/PFI Precision and Scale/HashMap Tables/OfficerLists: Test Cases/PFI Precision and Scale/HashMap Tables/OfficerLists

2020-06-08 16:14:22 - [TEST_STEP][PASSED] - Thread.sleep(1000): null

2020-06-08 16:14:23 - [TEST_STEP][PASSED] - OfficerLists = [1:"Aaron Sham Wai Lun (AARON)", 2:"Azidah Bte Akmad (Mdm) (USAABD)", 3:"Chung Fong Nyen (USACFN)", 4:"David Tey Dah Wei (DAHWEI)", ... ]: null

2020-06-08 16:14:23 - [TEST_STEP][PASSED] - ValueFound = OfficerLists.find({ -> ... }): null

2020-06-08 16:14:23 - [MESSAGE][PASSED] - Call Test Case 'Test Cases/PFI Precision and Scale/HashMap Tables/OfficerLists' successfully

2020-06-08 16:14:23 - [TEST_STEP][PASSED] - println(ValueFound): null

2020-06-08 16:14:23 - [TEST_STEP][PASSED] - sendKeys(NewInputNmField, Keys.chord(ARROW_DOWN)): Keys 'DOWN + ' sent to object: 'Object Repository/Objects.HighlightElements/input_field_index'

2020-06-08 16:14:23 - [MESSAGE][PASSED] - Keys 'DOWN + ' sent to object: 'Object Repository/Objects.HighlightElements/input_field_index'

2020-06-08 16:14:23 - [TEST_STEP][PASSED] - sendKeys(NewInputNmField, Keys.chord(ARROW_DOWN)): Keys 'DOWN + ' sent to object: 'Object Repository/Objects.HighlightElements/input_field_index'

2020-06-08 16:14:23 - [MESSAGE][PASSED] - Keys 'DOWN + ' sent to object: 'Object Repository/Objects.HighlightElements/input_field_index'

2020-06-08 16:14:23 - [TEST_STEP][PASSED] - delay(DelayTime): Delayed 2 second(s)

2020-06-08 16:14:25 - [MESSAGE][PASSED] - Delayed 2 second(s)

2020-06-08 16:14:25 - [TEST_STEP][PASSED] - sendKeys(NewInputNmField, Keys.chord(ENTER)): Keys 'ENTER + ' sent to object: 'Object Repository/Objects.HighlightElements/input_field_index'

2020-06-08 16:14:25 - [MESSAGE][PASSED] - Keys 'ENTER + ' sent to object: 'Object Repository/Objects.HighlightElements/input_field_index'

2020-06-08 16:14:25 - [TEST_STEP][PASSED] - ComboBoxValue = getAttribute(NewInputNmField, "value"): Attribute 'value' of object 'Object Repository/Objects.HighlightElements/input_field_index' is: 'RITA WONG SIONG ING (RITAWONG)'

2020-06-08 16:14:25 - [MESSAGE][PASSED] - Attribute 'value' of object 'Object Repository/Objects.HighlightElements/input_field_index' is: 'RITA WONG SIONG ING (RITAWONG)'

2020-06-08 16:14:25 - [TEST_STEP][PASSED] - callTestCase(findTestCase(CallTCName), ["FindValue":ComboBoxValue, "DropdownNm":comboNm], STOP_ON_FAILURE): Call Test Case 'Test Cases/PFI Precision and Scale/HashMap Tables/OfficerLists' successfully

2020-06-08 16:14:25 - [TEST_CASE][PASSED] - Test Cases/PFI Precision and Scale/HashMap Tables/OfficerLists: Test Cases/PFI Precision and Scale/HashMap Tables/OfficerLists

2020-06-08 16:14:25 - [TEST_STEP][PASSED] - Thread.sleep(1000): null

2020-06-08 16:14:26 - [TEST_STEP][PASSED] - OfficerLists = [1:"Aaron Sham Wai Lun (AARON)", 2:"Azidah Bte Akmad (Mdm) (USAABD)", 3:"Chung Fong Nyen (USACFN)", 4:"David Tey Dah Wei (DAHWEI)", ... ]: null

2020-06-08 16:14:26 - [TEST_STEP][PASSED] - ValueFound = OfficerLists.find({ -> ... }): null

2020-06-08 16:14:26 - [MESSAGE][PASSED] - Call Test Case 'Test Cases/PFI Precision and Scale/HashMap Tables/OfficerLists' successfully

2020-06-08 16:14:26 - [TEST_STEP][PASSED] - println(ValueFound): null

2020-06-08 16:14:26 - [TEST_STEP][PASSED] - sendKeys(NewInputNmField, Keys.chord(ARROW_DOWN)): Keys 'DOWN + ' sent to object: 'Object Repository/Objects.HighlightElements/input_field_index'

2020-06-08 16:14:26 - [MESSAGE][PASSED] - Keys 'DOWN + ' sent to object: 'Object Repository/Objects.HighlightElements/input_field_index'

2020-06-08 16:14:26 - [TEST_STEP][PASSED] - sendKeys(NewInputNmField, Keys.chord(ARROW_DOWN)): Keys 'DOWN + ' sent to object: 'Object Repository/Objects.HighlightElements/input_field_index'

2020-06-08 16:14:26 - [MESSAGE][PASSED] - Keys 'DOWN + ' sent to object: 'Object Repository/Objects.HighlightElements/input_field_index'

2020-06-08 16:14:26 - [TEST_STEP][PASSED] - delay(DelayTime): Delayed 2 second(s)

2020-06-08 16:14:28 - [MESSAGE][PASSED] - Delayed 2 second(s)

2020-06-08 16:14:28 - [TEST_STEP][PASSED] - sendKeys(NewInputNmField, Keys.chord(ENTER)): Keys 'ENTER + ' sent to object: 'Object Repository/Objects.HighlightElements/input_field_index'

2020-06-08 16:14:28 - [MESSAGE][PASSED] - Keys 'ENTER + ' sent to object: 'Object Repository/Objects.HighlightElements/input_field_index'

2020-06-08 16:14:28 - [TEST_STEP][PASSED] - ComboBoxValue = getAttribute(NewInputNmField, "value"): Attribute 'value' of object 'Object Repository/Objects.HighlightElements/input_field_index' is: 'Shi Hong Wei (HONGWEI)'

2020-06-08 16:14:28 - [MESSAGE][PASSED] - Attribute 'value' of object 'Object Repository/Objects.HighlightElements/input_field_index' is: 'Shi Hong Wei (HONGWEI)'

2020-06-08 16:14:28 - [TEST_STEP][PASSED] - callTestCase(findTestCase(CallTCName), ["FindValue":ComboBoxValue, "DropdownNm":comboNm], STOP_ON_FAILURE): Call Test Case 'Test Cases/PFI Precision and Scale/HashMap Tables/OfficerLists' successfully

2020-06-08 16:14:28 - [TEST_CASE][PASSED] - Test Cases/PFI Precision and Scale/HashMap Tables/OfficerLists: Test Cases/PFI Precision and Scale/HashMap Tables/OfficerLists

2020-06-08 16:14:28 - [TEST_STEP][PASSED] - Thread.sleep(1000): null

2020-06-08 16:14:29 - [TEST_STEP][PASSED] - OfficerLists = [1:"Aaron Sham Wai Lun (AARON)", 2:"Azidah Bte Akmad (Mdm) (USAABD)", 3:"Chung Fong Nyen (USACFN)", 4:"David Tey Dah Wei (DAHWEI)", ... ]: null

2020-06-08 16:14:29 - [TEST_STEP][PASSED] - ValueFound = OfficerLists.find({ -> ... }): null

2020-06-08 16:14:29 - [MESSAGE][PASSED] - Call Test Case 'Test Cases/PFI Precision and Scale/HashMap Tables/OfficerLists' successfully

2020-06-08 16:14:29 - [TEST_STEP][PASSED] - println(ValueFound): null

2020-06-08 16:14:29 - [TEST_STEP][PASSED] - sendKeys(NewInputNmField, Keys.chord(ARROW_DOWN)): Keys 'DOWN + ' sent to object: 'Object Repository/Objects.HighlightElements/input_field_index'

2020-06-08 16:14:29 - [MESSAGE][PASSED] - Keys 'DOWN + ' sent to object: 'Object Repository/Objects.HighlightElements/input_field_index'

2020-06-08 16:14:29 - [TEST_STEP][PASSED] - sendKeys(NewInputNmField, Keys.chord(ARROW_DOWN)): Keys 'DOWN + ' sent to object: 'Object Repository/Objects.HighlightElements/input_field_index'

2020-06-08 16:14:29 - [MESSAGE][PASSED] - Keys 'DOWN + ' sent to object: 'Object Repository/Objects.HighlightElements/input_field_index'

2020-06-08 16:14:29 - [TEST_STEP][PASSED] - delay(DelayTime): Delayed 2 second(s)

2020-06-08 16:14:31 - [MESSAGE][PASSED] - Delayed 2 second(s)

2020-06-08 16:14:31 - [TEST_STEP][PASSED] - sendKeys(NewInputNmField, Keys.chord(ENTER)): Keys 'ENTER + ' sent to object: 'Object Repository/Objects.HighlightElements/input_field_index'

2020-06-08 16:14:31 - [MESSAGE][PASSED] - Keys 'ENTER + ' sent to object: 'Object Repository/Objects.HighlightElements/input_field_index'

2020-06-08 16:14:31 - [TEST_STEP][PASSED] - ComboBoxValue = getAttribute(NewInputNmField, "value"): Attribute 'value' of object 'Object Repository/Objects.HighlightElements/input_field_index' is: 'Tan Jing Ying (JINGYING)'

2020-06-08 16:14:32 - [MESSAGE][PASSED] - Attribute 'value' of object 'Object Repository/Objects.HighlightElements/input_field_index' is: 'Tan Jing Ying (JINGYING)'

2020-06-08 16:14:32 - [TEST_STEP][PASSED] - callTestCase(findTestCase(CallTCName), ["FindValue":ComboBoxValue, "DropdownNm":comboNm], STOP_ON_FAILURE): Call Test Case 'Test Cases/PFI Precision and Scale/HashMap Tables/OfficerLists' successfully

2020-06-08 16:14:32 - [TEST_CASE][PASSED] - Test Cases/PFI Precision and Scale/HashMap Tables/OfficerLists: Test Cases/PFI Precision and Scale/HashMap Tables/OfficerLists

2020-06-08 16:14:32 - [TEST_STEP][PASSED] - Thread.sleep(1000): null

2020-06-08 16:14:33 - [TEST_STEP][PASSED] - OfficerLists = [1:"Aaron Sham Wai Lun (AARON)", 2:"Azidah Bte Akmad (Mdm) (USAABD)", 3:"Chung Fong Nyen (USACFN)", 4:"David Tey Dah Wei (DAHWEI)", ... ]: null

2020-06-08 16:14:33 - [TEST_STEP][PASSED] - ValueFound = OfficerLists.find({ -> ... }): null

2020-06-08 16:14:33 - [MESSAGE][PASSED] - Call Test Case 'Test Cases/PFI Precision and Scale/HashMap Tables/OfficerLists' successfully

2020-06-08 16:14:33 - [TEST_STEP][PASSED] - println(ValueFound): null

2020-06-08 16:14:33 - [TEST_STEP][PASSED] - sendKeys(NewInputNmField, Keys.chord(ARROW_DOWN)): Keys 'DOWN + ' sent to object: 'Object Repository/Objects.HighlightElements/input_field_index'

2020-06-08 16:14:33 - [MESSAGE][PASSED] - Keys 'DOWN + ' sent to object: 'Object Repository/Objects.HighlightElements/input_field_index'

2020-06-08 16:14:33 - [TEST_STEP][PASSED] - sendKeys(NewInputNmField, Keys.chord(ARROW_DOWN)): Keys 'DOWN + ' sent to object: 'Object Repository/Objects.HighlightElements/input_field_index'

2020-06-08 16:14:33 - [MESSAGE][PASSED] - Keys 'DOWN + ' sent to object: 'Object Repository/Objects.HighlightElements/input_field_index'

2020-06-08 16:14:33 - [TEST_STEP][PASSED] - delay(DelayTime): Delayed 2 second(s)

2020-06-08 16:14:35 - [MESSAGE][PASSED] - Delayed 2 second(s)

2020-06-08 16:14:35 - [TEST_STEP][PASSED] - sendKeys(NewInputNmField, Keys.chord(ENTER)): Keys 'ENTER + ' sent to object: 'Object Repository/Objects.HighlightElements/input_field_index'

2020-06-08 16:14:35 - [MESSAGE][PASSED] - Keys 'ENTER + ' sent to object: 'Object Repository/Objects.HighlightElements/input_field_index'

2020-06-08 16:14:35 - [TEST_STEP][PASSED] - ComboBoxValue = getAttribute(NewInputNmField, "value"): Attribute 'value' of object 'Object Repository/Objects.HighlightElements/input_field_index' is: 'Tan Kwan Joo (KWANJOO)'

2020-06-08 16:14:35 - [MESSAGE][PASSED] - Attribute 'value' of object 'Object Repository/Objects.HighlightElements/input_field_index' is: 'Tan Kwan Joo (KWANJOO)'

2020-06-08 16:14:35 - [TEST_STEP][PASSED] - callTestCase(findTestCase(CallTCName), ["FindValue":ComboBoxValue, "DropdownNm":comboNm], STOP_ON_FAILURE): Call Test Case 'Test Cases/PFI Precision and Scale/HashMap Tables/OfficerLists' successfully

2020-06-08 16:14:35 - [TEST_CASE][PASSED] - Test Cases/PFI Precision and Scale/HashMap Tables/OfficerLists: Test Cases/PFI Precision and Scale/HashMap Tables/OfficerLists

2020-06-08 16:14:35 - [TEST_STEP][PASSED] - Thread.sleep(1000): null

2020-06-08 16:14:36 - [TEST_STEP][PASSED] - OfficerLists = [1:"Aaron Sham Wai Lun (AARON)", 2:"Azidah Bte Akmad (Mdm) (USAABD)", 3:"Chung Fong Nyen (USACFN)", 4:"David Tey Dah Wei (DAHWEI)", ... ]: null

2020-06-08 16:14:36 - [TEST_STEP][PASSED] - ValueFound = OfficerLists.find({ -> ... }): null

2020-06-08 16:14:36 - [MESSAGE][PASSED] - Call Test Case 'Test Cases/PFI Precision and Scale/HashMap Tables/OfficerLists' successfully

2020-06-08 16:14:36 - [TEST_STEP][PASSED] - println(ValueFound): null

2020-06-08 16:14:36 - [TEST_STEP][PASSED] - sendKeys(NewInputNmField, Keys.chord(ARROW_DOWN)): Keys 'DOWN + ' sent to object: 'Object Repository/Objects.HighlightElements/input_field_index'

2020-06-08 16:14:36 - [MESSAGE][PASSED] - Keys 'DOWN + ' sent to object: 'Object Repository/Objects.HighlightElements/input_field_index'

2020-06-08 16:14:36 - [TEST_STEP][PASSED] - sendKeys(NewInputNmField, Keys.chord(ARROW_DOWN)): Keys 'DOWN + ' sent to object: 'Object Repository/Objects.HighlightElements/input_field_index'

2020-06-08 16:14:36 - [MESSAGE][PASSED] - Keys 'DOWN + ' sent to object: 'Object Repository/Objects.HighlightElements/input_field_index'

2020-06-08 16:14:36 - [TEST_STEP][PASSED] - delay(DelayTime): Delayed 2 second(s)

2020-06-08 16:14:38 - [MESSAGE][PASSED] - Delayed 2 second(s)

2020-06-08 16:14:38 - [TEST_STEP][PASSED] - sendKeys(NewInputNmField, Keys.chord(ENTER)): Keys 'ENTER + ' sent to object: 'Object Repository/Objects.HighlightElements/input_field_index'

2020-06-08 16:14:38 - [MESSAGE][PASSED] - Keys 'ENTER + ' sent to object: 'Object Repository/Objects.HighlightElements/input_field_index'

2020-06-08 16:14:38 - [TEST_STEP][PASSED] - ComboBoxValue = getAttribute(NewInputNmField, "value"): Attribute 'value' of object 'Object Repository/Objects.HighlightElements/input_field_index' is: 'Titus Chua Hwa Ping (TITUS)'

2020-06-08 16:14:38 - [MESSAGE][PASSED] - Attribute 'value' of object 'Object Repository/Objects.HighlightElements/input_field_index' is: 'Titus Chua Hwa Ping (TITUS)'

2020-06-08 16:14:38 - [TEST_STEP][PASSED] - callTestCase(findTestCase(CallTCName), ["FindValue":ComboBoxValue, "DropdownNm":comboNm], STOP_ON_FAILURE): Call Test Case 'Test Cases/PFI Precision and Scale/HashMap Tables/OfficerLists' successfully

2020-06-08 16:14:38 - [TEST_CASE][PASSED] - Test Cases/PFI Precision and Scale/HashMap Tables/OfficerLists: Test Cases/PFI Precision and Scale/HashMap Tables/OfficerLists

2020-06-08 16:14:38 - [TEST_STEP][PASSED] - Thread.sleep(1000): null

2020-06-08 16:14:39 - [TEST_STEP][PASSED] - OfficerLists = [1:"Aaron Sham Wai Lun (AARON)", 2:"Azidah Bte Akmad (Mdm) (USAABD)", 3:"Chung Fong Nyen (USACFN)", 4:"David Tey Dah Wei (DAHWEI)", ... ]: null

2020-06-08 16:14:39 - [TEST_STEP][PASSED] - ValueFound = OfficerLists.find({ -> ... }): null

2020-06-08 16:14:39 - [MESSAGE][PASSED] - Call Test Case 'Test Cases/PFI Precision and Scale/HashMap Tables/OfficerLists' successfully

2020-06-08 16:14:39 - [TEST_STEP][PASSED] - println(ValueFound): null

2020-06-08 16:14:39 - [TEST_STEP][PASSED] - sendKeys(NewInputNmField, Keys.chord(ARROW_DOWN)): Keys 'DOWN + ' sent to object: 'Object Repository/Objects.HighlightElements/input_field_index'

2020-06-08 16:14:39 - [MESSAGE][PASSED] - Keys 'DOWN + ' sent to object: 'Object Repository/Objects.HighlightElements/input_field_index'

2020-06-08 16:14:39 - [TEST_STEP][PASSED] - sendKeys(NewInputNmField, Keys.chord(ARROW_DOWN)): Keys 'DOWN + ' sent to object: 'Object Repository/Objects.HighlightElements/input_field_index'

2020-06-08 16:14:39 - [MESSAGE][PASSED] - Keys 'DOWN + ' sent to object: 'Object Repository/Objects.HighlightElements/input_field_index'

2020-06-08 16:14:39 - [TEST_STEP][PASSED] - delay(DelayTime): Delayed 2 second(s)

2020-06-08 16:14:41 - [MESSAGE][PASSED] - Delayed 2 second(s)

2020-06-08 16:14:41 - [TEST_STEP][PASSED] - sendKeys(NewInputNmField, Keys.chord(ENTER)): Keys 'ENTER + ' sent to object: 'Object Repository/Objects.HighlightElements/input_field_index'

2020-06-08 16:14:41 - [MESSAGE][PASSED] - Keys 'ENTER + ' sent to object: 'Object Repository/Objects.HighlightElements/input_field_index'

2020-06-08 16:14:41 - [TEST_STEP][PASSED] - ComboBoxValue = getAttribute(NewInputNmField, "value"): Attribute 'value' of object 'Object Repository/Objects.HighlightElements/input_field_index' is: 'Vijayaratnam Ng Lay Hoon (USANLH)'

2020-06-08 16:14:41 - [MESSAGE][PASSED] - Attribute 'value' of object 'Object Repository/Objects.HighlightElements/input_field_index' is: 'Vijayaratnam Ng Lay Hoon (USANLH)'

2020-06-08 16:14:41 - [TEST_STEP][PASSED] - callTestCase(findTestCase(CallTCName), ["FindValue":ComboBoxValue, "DropdownNm":comboNm], STOP_ON_FAILURE): Call Test Case 'Test Cases/PFI Precision and Scale/HashMap Tables/OfficerLists' successfully

2020-06-08 16:14:41 - [TEST_CASE][PASSED] - Test Cases/PFI Precision and Scale/HashMap Tables/OfficerLists: Test Cases/PFI Precision and Scale/HashMap Tables/OfficerLists

2020-06-08 16:14:41 - [TEST_STEP][PASSED] - Thread.sleep(1000): null

2020-06-08 16:14:42 - [TEST_STEP][PASSED] - OfficerLists = [1:"Aaron Sham Wai Lun (AARON)", 2:"Azidah Bte Akmad (Mdm) (USAABD)", 3:"Chung Fong Nyen (USACFN)", 4:"David Tey Dah Wei (DAHWEI)", ... ]: null

2020-06-08 16:14:42 - [TEST_STEP][PASSED] - ValueFound = OfficerLists.find({ -> ... }): null

2020-06-08 16:14:42 - [MESSAGE][PASSED] - Call Test Case 'Test Cases/PFI Precision and Scale/HashMap Tables/OfficerLists' successfully

2020-06-08 16:14:42 - [TEST_STEP][PASSED] - println(ValueFound): null

2020-06-08 16:14:42 - [TEST_STEP][PASSED] - sendKeys(NewInputNmField, Keys.chord(ARROW_DOWN)): Keys 'DOWN + ' sent to object: 'Object Repository/Objects.HighlightElements/input_field_index'

2020-06-08 16:14:42 - [MESSAGE][PASSED] - Keys 'DOWN + ' sent to object: 'Object Repository/Objects.HighlightElements/input_field_index'

2020-06-08 16:14:42 - [TEST_STEP][PASSED] - sendKeys(NewInputNmField, Keys.chord(ARROW_DOWN)): Keys 'DOWN + ' sent to object: 'Object Repository/Objects.HighlightElements/input_field_index'

2020-06-08 16:14:42 - [MESSAGE][PASSED] - Keys 'DOWN + ' sent to object: 'Object Repository/Objects.HighlightElements/input_field_index'

2020-06-08 16:14:42 - [TEST_STEP][PASSED] - delay(DelayTime): Delayed 2 second(s)

2020-06-08 16:14:44 - [MESSAGE][PASSED] - Delayed 2 second(s)

2020-06-08 16:14:44 - [TEST_STEP][PASSED] - sendKeys(NewInputNmField, Keys.chord(ENTER)): Keys 'ENTER + ' sent to object: 'Object Repository/Objects.HighlightElements/input_field_index'

2020-06-08 16:14:45 - [MESSAGE][PASSED] - Keys 'ENTER + ' sent to object: 'Object Repository/Objects.HighlightElements/input_field_index'

2020-06-08 16:14:45 - [TEST_STEP][PASSED] - ComboBoxValue = getAttribute(NewInputNmField, "value"): Attribute 'value' of object 'Object Repository/Objects.HighlightElements/input_field_index' is: 'Wong Swee Sheng (WONGSWEE)'

2020-06-08 16:14:45 - [MESSAGE][PASSED] - Attribute 'value' of object 'Object Repository/Objects.HighlightElements/input_field_index' is: 'Wong Swee Sheng (WONGSWEE)'

2020-06-08 16:14:45 - [TEST_STEP][PASSED] - callTestCase(findTestCase(CallTCName), ["FindValue":ComboBoxValue, "DropdownNm":comboNm], STOP_ON_FAILURE): Call Test Case 'Test Cases/PFI Precision and Scale/HashMap Tables/OfficerLists' successfully

2020-06-08 16:14:45 - [TEST_CASE][PASSED] - Test Cases/PFI Precision and Scale/HashMap Tables/OfficerLists: Test Cases/PFI Precision and Scale/HashMap Tables/OfficerLists

2020-06-08 16:14:45 - [TEST_STEP][PASSED] - Thread.sleep(1000): null

2020-06-08 16:14:46 - [TEST_STEP][PASSED] - OfficerLists = [1:"Aaron Sham Wai Lun (AARON)", 2:"Azidah Bte Akmad (Mdm) (USAABD)", 3:"Chung Fong Nyen (USACFN)", 4:"David Tey Dah Wei (DAHWEI)", ... ]: null

2020-06-08 16:14:46 - [TEST_STEP][PASSED] - ValueFound = OfficerLists.find({ -> ... }): null

2020-06-08 16:14:46 - [MESSAGE][PASSED] - Call Test Case 'Test Cases/PFI Precision and Scale/HashMap Tables/OfficerLists' successfully

2020-06-08 16:14:46 - [TEST_STEP][PASSED] - println(ValueFound): null

2020-06-08 16:14:46 - [TEST_STEP][PASSED] - sendKeys(NewInputNmField, Keys.chord(ARROW_DOWN)): Keys 'DOWN + ' sent to object: 'Object Repository/Objects.HighlightElements/input_field_index'

2020-06-08 16:14:46 - [MESSAGE][PASSED] - Keys 'DOWN + ' sent to object: 'Object Repository/Objects.HighlightElements/input_field_index'

2020-06-08 16:14:46 - [TEST_STEP][PASSED] - sendKeys(NewInputNmField, Keys.chord(ARROW_DOWN)): Keys 'DOWN + ' sent to object: 'Object Repository/Objects.HighlightElements/input_field_index'

2020-06-08 16:14:46 - [MESSAGE][PASSED] - Keys 'DOWN + ' sent to object: 'Object Repository/Objects.HighlightElements/input_field_index'

2020-06-08 16:14:46 - [TEST_STEP][PASSED] - delay(DelayTime): Delayed 2 second(s)

2020-06-08 16:14:48 - [MESSAGE][PASSED] - Delayed 2 second(s)

2020-06-08 16:14:48 - [TEST_STEP][PASSED] - sendKeys(NewInputNmField, Keys.chord(ENTER)): Keys 'ENTER + ' sent to object: 'Object Repository/Objects.HighlightElements/input_field_index'

2020-06-08 16:14:48 - [MESSAGE][PASSED] - Keys 'ENTER + ' sent to object: 'Object Repository/Objects.HighlightElements/input_field_index'

2020-06-08 16:14:48 - [TEST_STEP][PASSED] - ComboBoxValue = getAttribute(NewInputNmField, "value"): Attribute 'value' of object 'Object Repository/Objects.HighlightElements/input_field_index' is: 'Zhao Dianfeng (DIANFENG)'

2020-06-08 16:14:48 - [MESSAGE][PASSED] - Attribute 'value' of object 'Object Repository/Objects.HighlightElements/input_field_index' is: 'Zhao Dianfeng (DIANFENG)'

2020-06-08 16:14:48 - [TEST_STEP][PASSED] - callTestCase(findTestCase(CallTCName), ["FindValue":ComboBoxValue, "DropdownNm":comboNm], STOP_ON_FAILURE): Call Test Case 'Test Cases/PFI Precision and Scale/HashMap Tables/OfficerLists' successfully

2020-06-08 16:14:48 - [TEST_CASE][PASSED] - Test Cases/PFI Precision and Scale/HashMap Tables/OfficerLists: Test Cases/PFI Precision and Scale/HashMap Tables/OfficerLists

2020-06-08 16:14:48 - [TEST_STEP][PASSED] - Thread.sleep(1000): null

2020-06-08 16:14:49 - [TEST_STEP][PASSED] - OfficerLists = [1:"Aaron Sham Wai Lun (AARON)", 2:"Azidah Bte Akmad (Mdm) (USAABD)", 3:"Chung Fong Nyen (USACFN)", 4:"David Tey Dah Wei (DAHWEI)", ... ]: null

2020-06-08 16:14:49 - [TEST_STEP][PASSED] - ValueFound = OfficerLists.find({ -> ... }): null

2020-06-08 16:14:49 - [MESSAGE][PASSED] - Call Test Case 'Test Cases/PFI Precision and Scale/HashMap Tables/OfficerLists' successfully

2020-06-08 16:14:49 - [TEST_STEP][PASSED] - println(ValueFound): null

2020-06-08 16:14:49 - [TEST_STEP][PASSED] - sendKeys(NewInputNmField, Keys.chord(ARROW_DOWN)): Keys 'DOWN + ' sent to object: 'Object Repository/Objects.HighlightElements/input_field_index'

2020-06-08 16:14:49 - [MESSAGE][PASSED] - Keys 'DOWN + ' sent to object: 'Object Repository/Objects.HighlightElements/input_field_index'

2020-06-08 16:14:49 - [TEST_STEP][PASSED] - sendKeys(NewInputNmField, Keys.chord(ENTER)): Keys 'ENTER + ' sent to object: 'Object Repository/Objects.HighlightElements/input_field_index'

2020-06-08 16:14:49 - [MESSAGE][PASSED] - Keys 'ENTER + ' sent to object: 'Object Repository/Objects.HighlightElements/input_field_index'

2020-06-08 16:14:49 - [MESSAGE][PASSED] - Call Test Case 'Test Cases/PFI Precision and Scale/PFI Components with Indexing/VerifyDropdownValuesIndex' successfully

2020-06-08 16:14:49 - [TEST_STEP][PASSED] - callTestCase(findTestCase("Components/SelectAllThenDeleteIndex"), ["nameToBeUsed":"psiRecommendTo", "index":1], STOP_ON_FAILURE): Call Test Case 'Test Cases/Components/SelectAllThenDeleteIndex' successfully

2020-06-08 16:14:49 - [TEST_CASE][PASSED] - Test Cases/Components/SelectAllThenDeleteIndex: Test Cases/Components/SelectAllThenDeleteIndex

2020-06-08 16:14:49 - [TEST_STEP][PASSED] - Thread.sleep(1000): null

2020-06-08 16:14:50 - [TEST_STEP][PASSED] - modifiedObj = modifyObjectProperty(findTestObject("Object Repository/Objects.HighlightElements/input_field_index"), "xpath", "equals", "(//*[contains(@class,'x-form-text') and (@name='" + nameToBeUsed + "')])[" + index + "]", true): Modify property of object successfully

2020-06-08 16:14:50 - [MESSAGE][PASSED] - Modify property of object successfully

2020-06-08 16:14:50 - [TEST_STEP][PASSED] - focus(modifiedObj): Object: 'Object Repository/Objects.HighlightElements/input_field_index' is focused

2020-06-08 16:14:50 - [MESSAGE][PASSED] - Object: 'Object Repository/Objects.HighlightElements/input_field_index' is focused

2020-06-08 16:14:50 - [TEST_STEP][PASSED] - sendKeys(modifiedObj, Keys.chord(CONTROL, "a")): Keys 'CONTROL + a' sent to object: 'Object Repository/Objects.HighlightElements/input_field_index'

2020-06-08 16:14:50 - [MESSAGE][PASSED] - Keys 'CONTROL + a' sent to object: 'Object Repository/Objects.HighlightElements/input_field_index'

2020-06-08 16:14:50 - [TEST_STEP][PASSED] - sendKeys(modifiedObj, Keys.chord(DELETE)): Keys 'DELETE + ' sent to object: 'Object Repository/Objects.HighlightElements/input_field_index'

2020-06-08 16:14:50 - [MESSAGE][PASSED] - Keys 'DELETE + ' sent to object: 'Object Repository/Objects.HighlightElements/input_field_index'

2020-06-08 16:14:50 - [MESSAGE][PASSED] - Call Test Case 'Test Cases/Components/SelectAllThenDeleteIndex' successfully

2020-06-08 16:14:50 - [TEST_STEP][PASSED] - callTestCase(findTestCase("PFI Precision and Scale/PFI Components with Indexing/RequiredFieldValidationIndex"), ["nameToBeUsed":"psiRecommendTo", "index":1], STOP_ON_FAILURE): Call Test Case 'Test Cases/PFI Precision and Scale/PFI Components with Indexing/RequiredFieldValidationIndex' successfully

2020-06-08 16:14:51 - [TEST_CASE][PASSED] - Test Cases/PFI Precision and Scale/PFI Components with Indexing/RequiredFieldValidationIndex: Test Cases/PFI Precision and Scale/PFI Components with Indexing/RequiredFieldValidationIndex

2020-06-08 16:14:51 - [TEST_STEP][PASSED] - Thread.sleep(2000): null

2020-06-08 16:14:53 - [TEST_STEP][PASSED] - NewInputNmField = modifyObjectProperty(findTestObject("Objects.HighlightElements/input_field_index"), "xpath", "equals", "(//*[contains(@class,'x-form-text') and (@name='" + nameToBeUsed + "')])[" + index + "]", true): Modify property of object successfully

2020-06-08 16:14:53 - [MESSAGE][PASSED] - Modify property of object successfully

2020-06-08 16:14:53 - [TEST_STEP][PASSED] - mouseOver(NewInputNmField): Object: 'Object Repository/Objects.HighlightElements/input_field_index' is hovered

2020-06-08 16:14:53 - [MESSAGE][PASSED] - Object: 'Object Repository/Objects.HighlightElements/input_field_index' is hovered

2020-06-08 16:14:53 - [TEST_STEP][PASSED] - getRqErrMsg = getAttribute(NewInputNmField, "data-errorqtip"): Attribute 'data-errorqtip' of object 'Object Repository/Objects.HighlightElements/input_field_index' is: '<ul class="x-list-plain"><li>This field is required</li></ul>'

2020-06-08 16:14:53 - [MESSAGE][PASSED] - Attribute 'data-errorqtip' of object 'Object Repository/Objects.HighlightElements/input_field_index' is: '<ul class="x-list-plain"><li>This field is required</li></ul>'

2020-06-08 16:14:53 - [TEST_STEP][PASSED] - strToolTip = getRqErrMsg.substring(29, 61): null

2020-06-08 16:14:53 - [TEST_STEP][PASSED] - toolTipReqErrMsg = strToolTip.substring(0, 22): null

2020-06-08 16:14:53 - [TEST_STEP][PASSED] - verifyMatch(toolTipReqErrMsg, RqField, true): Actual text 'This field is required' and expected text 'This field is required' are matched  using regular expression

2020-06-08 16:14:53 - [MESSAGE][PASSED] - Actual text 'This field is required' and expected text 'This field is required' are matched  using regular expression

2020-06-08 16:14:53 - [MESSAGE][PASSED] - Call Test Case 'Test Cases/PFI Precision and Scale/PFI Components with Indexing/RequiredFieldValidationIndex' successfully

2020-06-08 16:14:53 - [TEST_STEP][PASSED] - callTestCase(findTestCase("Components/HighlightLabelIndexField"), ["LblName":"Recommend Type:", "index":1], STOP_ON_FAILURE): Call Test Case 'Test Cases/Components/HighlightLabelIndexField' successfully

2020-06-08 16:14:53 - [TEST_CASE][PASSED] - Test Cases/Components/HighlightLabelIndexField: Test Cases/Components/HighlightLabelIndexField

2020-06-08 16:14:53 - [TEST_STEP][PASSED] - Thread.sleep(1000): null

2020-06-08 16:14:54 - [TEST_STEP][PASSED] - modifiedLblNm = modifyObjectProperty(findTestObject("Object Repository/Objects.HighlightElements/lblField_index"), "xpath", "equals", "(//*[contains(@class,'x-form-item-label-inner') and (text()='" + LblName + "')])[" + index + "]", true): Modify property of object successfully

2020-06-08 16:14:54 - [MESSAGE][PASSED] - Modify property of object successfully

2020-06-08 16:14:54 - [TEST_STEP][PASSED] - com.reusableComponents.HighlightElement.run(modifiedLblNm): com.reusableComponents.HighlightElement.run is PASSED

2020-06-08 16:14:55 - [MESSAGE][PASSED] - com.reusableComponents.HighlightElement.run is PASSED

2020-06-08 16:14:55 - [MESSAGE][PASSED] - Call Test Case 'Test Cases/Components/HighlightLabelIndexField' successfully

2020-06-08 16:14:55 - [TEST_STEP][PASSED] - callTestCase(findTestCase("Components/HighlightInputIndexField"), ["InputName":"psiRecomType", "index":1], STOP_ON_FAILURE): Call Test Case 'Test Cases/Components/HighlightInputIndexField' successfully

2020-06-08 16:14:55 - [TEST_CASE][PASSED] - Test Cases/Components/HighlightInputIndexField: Test Cases/Components/HighlightInputIndexField

2020-06-08 16:14:55 - [TEST_STEP][PASSED] - Thread.sleep(1000): null

2020-06-08 16:14:56 - [TEST_STEP][PASSED] - modifiedInputFld = modifyObjectProperty(findTestObject("Objects.HighlightElements/input_field_index"), "xpath", "equals", "(//*[contains(@class,'x-form-text') and (@name='" + InputName + "')])[" + index + "]", true): Modify property of object successfully

2020-06-08 16:14:56 - [MESSAGE][PASSED] - Modify property of object successfully

2020-06-08 16:14:56 - [TEST_STEP][PASSED] - com.reusableComponents.HighlightElement.run(modifiedInputFld): com.reusableComponents.HighlightElement.run is PASSED

2020-06-08 16:14:56 - [MESSAGE][PASSED] - com.reusableComponents.HighlightElement.run is PASSED

2020-06-08 16:14:56 - [MESSAGE][PASSED] - Call Test Case 'Test Cases/Components/HighlightInputIndexField' successfully

2020-06-08 16:14:56 - [TEST_STEP][PASSED] - callTestCase(findTestCase("PFI Precision and Scale/PFI Components with Indexing/VerifyDropdownValuesIndex"), ["FldNm":"psiRecomType", "CallTCName":"PFI Precision and Scale/HashMap Tables/OfficerLists", "cmbNm":"RecommendType", "NoOfVal":2, ... ], STOP_ON_FAILURE): Call Test Case 'Test Cases/PFI Precision and Scale/PFI Components with Indexing/VerifyDropdownValuesIndex' successfully

2020-06-08 16:14:56 - [TEST_CASE][PASSED] - Test Cases/PFI Precision and Scale/PFI Components with Indexing/VerifyDropdownValuesIndex: Test Cases/PFI Precision and Scale/PFI Components with Indexing/VerifyDropdownValuesIndex

2020-06-08 16:14:56 - [TEST_STEP][PASSED] - Thread.sleep(1000): null

2020-06-08 16:14:57 - [TEST_STEP][PASSED] - NewInputNmField = modifyObjectProperty(findTestObject("Object Repository/Objects.HighlightElements/input_field_index"), "xpath", "equals", "(//*[contains(@class,'x-form-text') and (@name='" + FldNm + "')])[" + index + "]", true): Modify property of object successfully

2020-06-08 16:14:57 - [MESSAGE][PASSED] - Modify property of object successfully

2020-06-08 16:14:57 - [TEST_STEP][PASSED] - comboNm = cmbNm: null

2020-06-08 16:14:57 - [TEST_STEP][PASSED] - focus(NewInputNmField): Object: 'Object Repository/Objects.HighlightElements/input_field_index' is focused

2020-06-08 16:14:57 - [MESSAGE][PASSED] - Object: 'Object Repository/Objects.HighlightElements/input_field_index' is focused

2020-06-08 16:14:57 - [TEST_STEP][PASSED] - setText(NewInputNmField, EnterValue): Text '' is set on object 'Object Repository/Objects.HighlightElements/input_field_index'

2020-06-08 16:14:57 - [MESSAGE][PASSED] - Text '' is set on object 'Object Repository/Objects.HighlightElements/input_field_index'

2020-06-08 16:14:57 - [TEST_STEP][PASSED] - for ([i = 1, i <= NoOfVal, (i++)]): Keys 'DOWN + ' sent to object: 'Object Repository/Objects.HighlightElements/input_field_index'

2020-06-08 16:14:57 - [TEST_STEP][PASSED] - sendKeys(NewInputNmField, Keys.chord(ARROW_DOWN)): Keys 'DOWN + ' sent to object: 'Object Repository/Objects.HighlightElements/input_field_index'

2020-06-08 16:14:57 - [MESSAGE][PASSED] - Keys 'DOWN + ' sent to object: 'Object Repository/Objects.HighlightElements/input_field_index'

2020-06-08 16:14:57 - [TEST_STEP][PASSED] - delay(DelayTime): Delayed 2 second(s)

2020-06-08 16:14:59 - [MESSAGE][PASSED] - Delayed 2 second(s)

2020-06-08 16:14:59 - [TEST_STEP][PASSED] - sendKeys(NewInputNmField, Keys.chord(ENTER)): Keys 'ENTER + ' sent to object: 'Object Repository/Objects.HighlightElements/input_field_index'

2020-06-08 16:15:00 - [MESSAGE][PASSED] - Keys 'ENTER + ' sent to object: 'Object Repository/Objects.HighlightElements/input_field_index'

2020-06-08 16:15:00 - [TEST_STEP][PASSED] - ComboBoxValue = getAttribute(NewInputNmField, "value"): Attribute 'value' of object 'Object Repository/Objects.HighlightElements/input_field_index' is: 'Recommend'

2020-06-08 16:15:00 - [MESSAGE][PASSED] - Attribute 'value' of object 'Object Repository/Objects.HighlightElements/input_field_index' is: 'Recommend'

2020-06-08 16:15:00 - [TEST_STEP][PASSED] - callTestCase(findTestCase(CallTCName), ["FindValue":ComboBoxValue, "DropdownNm":comboNm], STOP_ON_FAILURE): Call Test Case 'Test Cases/PFI Precision and Scale/HashMap Tables/OfficerLists' successfully

2020-06-08 16:15:00 - [TEST_CASE][PASSED] - Test Cases/PFI Precision and Scale/HashMap Tables/OfficerLists: Test Cases/PFI Precision and Scale/HashMap Tables/OfficerLists

2020-06-08 16:15:00 - [TEST_STEP][PASSED] - Thread.sleep(1000): null

2020-06-08 16:15:01 - [TEST_STEP][PASSED] - OfficerLists = [1:"Aaron Sham Wai Lun (AARON)", 2:"Azidah Bte Akmad (Mdm) (USAABD)", 3:"Chung Fong Nyen (USACFN)", 4:"David Tey Dah Wei (DAHWEI)", ... ]: null

2020-06-08 16:15:01 - [TEST_STEP][PASSED] - ValueFound = OfficerLists.find({ -> ... }): null

2020-06-08 16:15:01 - [MESSAGE][PASSED] - Call Test Case 'Test Cases/PFI Precision and Scale/HashMap Tables/OfficerLists' successfully

2020-06-08 16:15:01 - [TEST_STEP][PASSED] - println(ValueFound): null

2020-06-08 16:15:01 - [TEST_STEP][PASSED] - sendKeys(NewInputNmField, Keys.chord(ARROW_DOWN)): Keys 'DOWN + ' sent to object: 'Object Repository/Objects.HighlightElements/input_field_index'

2020-06-08 16:15:01 - [MESSAGE][PASSED] - Keys 'DOWN + ' sent to object: 'Object Repository/Objects.HighlightElements/input_field_index'

2020-06-08 16:15:01 - [TEST_STEP][PASSED] - sendKeys(NewInputNmField, Keys.chord(ARROW_DOWN)): Keys 'DOWN + ' sent to object: 'Object Repository/Objects.HighlightElements/input_field_index'

2020-06-08 16:15:01 - [MESSAGE][PASSED] - Keys 'DOWN + ' sent to object: 'Object Repository/Objects.HighlightElements/input_field_index'

2020-06-08 16:15:01 - [TEST_STEP][PASSED] - delay(DelayTime): Delayed 2 second(s)

2020-06-08 16:15:03 - [MESSAGE][PASSED] - Delayed 2 second(s)

2020-06-08 16:15:03 - [TEST_STEP][PASSED] - sendKeys(NewInputNmField, Keys.chord(ENTER)): Keys 'ENTER + ' sent to object: 'Object Repository/Objects.HighlightElements/input_field_index'

2020-06-08 16:15:03 - [MESSAGE][PASSED] - Keys 'ENTER + ' sent to object: 'Object Repository/Objects.HighlightElements/input_field_index'

2020-06-08 16:15:03 - [TEST_STEP][PASSED] - ComboBoxValue = getAttribute(NewInputNmField, "value"): Attribute 'value' of object 'Object Repository/Objects.HighlightElements/input_field_index' is: 'Reply'

2020-06-08 16:15:03 - [MESSAGE][PASSED] - Attribute 'value' of object 'Object Repository/Objects.HighlightElements/input_field_index' is: 'Reply'

2020-06-08 16:15:03 - [TEST_STEP][PASSED] - callTestCase(findTestCase(CallTCName), ["FindValue":ComboBoxValue, "DropdownNm":comboNm], STOP_ON_FAILURE): Call Test Case 'Test Cases/PFI Precision and Scale/HashMap Tables/OfficerLists' successfully

2020-06-08 16:15:03 - [TEST_CASE][PASSED] - Test Cases/PFI Precision and Scale/HashMap Tables/OfficerLists: Test Cases/PFI Precision and Scale/HashMap Tables/OfficerLists

2020-06-08 16:15:03 - [TEST_STEP][PASSED] - Thread.sleep(1000): null

2020-06-08 16:15:04 - [TEST_STEP][PASSED] - OfficerLists = [1:"Aaron Sham Wai Lun (AARON)", 2:"Azidah Bte Akmad (Mdm) (USAABD)", 3:"Chung Fong Nyen (USACFN)", 4:"David Tey Dah Wei (DAHWEI)", ... ]: null

2020-06-08 16:15:04 - [TEST_STEP][PASSED] - ValueFound = OfficerLists.find({ -> ... }): null

2020-06-08 16:15:04 - [MESSAGE][PASSED] - Call Test Case 'Test Cases/PFI Precision and Scale/HashMap Tables/OfficerLists' successfully

2020-06-08 16:15:04 - [TEST_STEP][PASSED] - println(ValueFound): null

2020-06-08 16:15:04 - [TEST_STEP][PASSED] - sendKeys(NewInputNmField, Keys.chord(ARROW_DOWN)): Keys 'DOWN + ' sent to object: 'Object Repository/Objects.HighlightElements/input_field_index'

2020-06-08 16:15:04 - [MESSAGE][PASSED] - Keys 'DOWN + ' sent to object: 'Object Repository/Objects.HighlightElements/input_field_index'

2020-06-08 16:15:04 - [TEST_STEP][PASSED] - sendKeys(NewInputNmField, Keys.chord(ENTER)): Keys 'ENTER + ' sent to object: 'Object Repository/Objects.HighlightElements/input_field_index'

2020-06-08 16:15:04 - [MESSAGE][PASSED] - Keys 'ENTER + ' sent to object: 'Object Repository/Objects.HighlightElements/input_field_index'

2020-06-08 16:15:04 - [MESSAGE][PASSED] - Call Test Case 'Test Cases/PFI Precision and Scale/PFI Components with Indexing/VerifyDropdownValuesIndex' successfully

2020-06-08 16:15:04 - [TEST_STEP][PASSED] - callTestCase(findTestCase("Components/HighlightLabelIndexField"), ["LblName":"Remarks:", "index":4], STOP_ON_FAILURE): Call Test Case 'Test Cases/Components/HighlightLabelIndexField' successfully

2020-06-08 16:15:04 - [TEST_CASE][PASSED] - Test Cases/Components/HighlightLabelIndexField: Test Cases/Components/HighlightLabelIndexField

2020-06-08 16:15:04 - [TEST_STEP][PASSED] - Thread.sleep(1000): null

2020-06-08 16:15:05 - [TEST_STEP][PASSED] - modifiedLblNm = modifyObjectProperty(findTestObject("Object Repository/Objects.HighlightElements/lblField_index"), "xpath", "equals", "(//*[contains(@class,'x-form-item-label-inner') and (text()='" + LblName + "')])[" + index + "]", true): Modify property of object successfully

2020-06-08 16:15:05 - [MESSAGE][PASSED] - Modify property of object successfully

2020-06-08 16:15:05 - [TEST_STEP][PASSED] - com.reusableComponents.HighlightElement.run(modifiedLblNm): com.reusableComponents.HighlightElement.run is PASSED

2020-06-08 16:15:06 - [MESSAGE][PASSED] - com.reusableComponents.HighlightElement.run is PASSED

2020-06-08 16:15:06 - [MESSAGE][PASSED] - Call Test Case 'Test Cases/Components/HighlightLabelIndexField' successfully

2020-06-08 16:15:06 - [TEST_STEP][PASSED] - callTestCase(findTestCase("Components/HighlightInputIndexField"), ["InputName":"psiRemarks", "index":1], STOP_ON_FAILURE): Call Test Case 'Test Cases/Components/HighlightInputIndexField' successfully

2020-06-08 16:15:06 - [TEST_CASE][PASSED] - Test Cases/Components/HighlightInputIndexField: Test Cases/Components/HighlightInputIndexField

2020-06-08 16:15:06 - [TEST_STEP][PASSED] - Thread.sleep(1000): null

2020-06-08 16:15:07 - [TEST_STEP][PASSED] - modifiedInputFld = modifyObjectProperty(findTestObject("Objects.HighlightElements/input_field_index"), "xpath", "equals", "(//*[contains(@class,'x-form-text') and (@name='" + InputName + "')])[" + index + "]", true): Modify property of object successfully

2020-06-08 16:15:07 - [MESSAGE][PASSED] - Modify property of object successfully

2020-06-08 16:15:07 - [TEST_STEP][PASSED] - com.reusableComponents.HighlightElement.run(modifiedInputFld): com.reusableComponents.HighlightElement.run is PASSED

2020-06-08 16:15:07 - [MESSAGE][PASSED] - com.reusableComponents.HighlightElement.run is PASSED

2020-06-08 16:15:07 - [MESSAGE][PASSED] - Call Test Case 'Test Cases/Components/HighlightInputIndexField' successfully

2020-06-08 16:15:07 - [TEST_STEP][PASSED] - callTestCase(findTestCase("PFI Precision and Scale/PFI Components with Indexing/AlphaNumericSpecialValidationIndex"), ["FldNm":"psiRemarks", "LenChar":10, "index":1], STOP_ON_FAILURE): Call Test Case 'Test Cases/PFI Precision and Scale/PFI Components with Indexing/AlphaNumericSpecialValidationIndex' successfully

2020-06-08 16:15:07 - [TEST_CASE][PASSED] - Test Cases/PFI Precision and Scale/PFI Components with Indexing/AlphaNumericSpecialValidationIndex: Test Cases/PFI Precision and Scale/PFI Components with Indexing/AlphaNumericSpecialValidationIndex

2020-06-08 16:15:07 - [TEST_STEP][PASSED] - charset = /?><"".join(): null

2020-06-08 16:15:07 - [TEST_STEP][PASSED] - AlphaNumeric = 9).join(): null

2020-06-08 16:15:07 - [TEST_STEP][PASSED] - SpecialChar = "`~!@#$%^&*()-=+_{}|\][;'":,./?><"": null

2020-06-08 16:15:07 - [TEST_STEP][PASSED] - RandomString = RandomStringUtils.random(LenChar, AlphaNumeric.toCharArray()): null

2020-06-08 16:15:07 - [TEST_STEP][PASSED] - RdmSpChar = RandomStringUtils.random(LenChar, SpecialChar): null

2020-06-08 16:15:07 - [TEST_STEP][PASSED] - regexPat = Pattern.compile("^[A-Za-z0-9 ]+$"): null

2020-06-08 16:15:07 - [TEST_STEP][PASSED] - NewInputNmField = modifyObjectProperty(findTestObject("Object Repository/Objects.HighlightElements/input_field_index"), "xpath", "equals", "(//*[contains(@class,'x-form-text') and (@name='" + FldNm + "')])[" + index + "]", true): Modify property of object successfully

2020-06-08 16:15:07 - [MESSAGE][PASSED] - Modify property of object successfully

2020-06-08 16:15:07 - [TEST_STEP][PASSED] - setText(NewInputNmField, RandomString): Text 'Ha7fokfDaB' is set on object 'Object Repository/Objects.HighlightElements/input_field_index'

2020-06-08 16:15:08 - [MESSAGE][PASSED] - Text 'Ha7fokfDaB' is set on object 'Object Repository/Objects.HighlightElements/input_field_index'

2020-06-08 16:15:08 - [TEST_STEP][PASSED] - RemarksAN = getAttribute(NewInputNmField, "value"): Attribute 'value' of object 'Object Repository/Objects.HighlightElements/input_field_index' is: 'Ha7fokfDaB'

2020-06-08 16:15:08 - [MESSAGE][PASSED] - Attribute 'value' of object 'Object Repository/Objects.HighlightElements/input_field_index' is: 'Ha7fokfDaB'

2020-06-08 16:15:08 - [TEST_STEP][PASSED] - matchStr = regexPat.matcher(RemarksAN): null

2020-06-08 16:15:08 - [TEST_STEP][PASSED] - if (matchStr.matches() == true): Accepting Alphanumeric

2020-06-08 16:15:08 - [TEST_STEP][PASSED] - comment("Accepting Alphanumeric"): Accepting Alphanumeric

2020-06-08 16:15:08 - [MESSAGE][INFO] - Accepting Alphanumeric

2020-06-08 16:15:08 - [TEST_STEP][PASSED] - setText(NewInputNmField, RdmSpChar): Text '{.^}":\*/^' is set on object 'Object Repository/Objects.HighlightElements/input_field_index'

2020-06-08 16:15:08 - [MESSAGE][PASSED] - Text '{.^}":\*/^' is set on object 'Object Repository/Objects.HighlightElements/input_field_index'

2020-06-08 16:15:08 - [TEST_STEP][PASSED] - RemarksSpChar = getAttribute(NewInputNmField, "value"): Attribute 'value' of object 'Object Repository/Objects.HighlightElements/input_field_index' is: '{.^}":\*/^'

2020-06-08 16:15:08 - [MESSAGE][PASSED] - Attribute 'value' of object 'Object Repository/Objects.HighlightElements/input_field_index' is: '{.^}":\*/^'

2020-06-08 16:15:08 - [TEST_STEP][PASSED] - matchSp = regexPat.matcher(RemarksSpChar): null

2020-06-08 16:15:08 - [TEST_STEP][PASSED] - if (matchSp.matches() == false): Accepting Special Characters

2020-06-08 16:15:08 - [TEST_STEP][PASSED] - comment("Accepting Special Characters"): Accepting Special Characters

2020-06-08 16:15:08 - [MESSAGE][INFO] - Accepting Special Characters

2020-06-08 16:15:08 - [MESSAGE][PASSED] - Call Test Case 'Test Cases/PFI Precision and Scale/PFI Components with Indexing/AlphaNumericSpecialValidationIndex' successfully

2020-06-08 16:15:08 - [TEST_STEP][PASSED] - callTestCase(findTestCase("PFI Precision and Scale/PFI Components with Indexing/MaxCharLengthIndexValidation"), ["FieldNm":"psiRemarks", "index":1, "MaxCharLen":4006], STOP_ON_FAILURE): Call Test Case 'Test Cases/PFI Precision and Scale/PFI Components with Indexing/MaxCharLengthIndexValidation' successfully

2020-06-08 16:15:08 - [TEST_CASE][PASSED] - Test Cases/PFI Precision and Scale/PFI Components with Indexing/MaxCharLengthIndexValidation: Test Cases/PFI Precision and Scale/PFI Components with Indexing/MaxCharLengthIndexValidation

2020-06-08 16:15:08 - [TEST_STEP][PASSED] - Thread.sleep(1000): null

2020-06-08 16:15:09 - [TEST_STEP][PASSED] - CharLengthTBL = ["aoNotes":4000, "notes":4000, "hseBlkNo":10, "buildingName":100, "unformattedAddress":4000, "courtNo":20, "caseGrpDesc":4000, ... ]: null

2020-06-08 16:15:09 - [TEST_STEP][PASSED] - charset = /?><"".join(): null

2020-06-08 16:15:09 - [TEST_STEP][PASSED] - RandomStringVal = RandomStringUtils.random(MaxCharLen, charset.toCharArray()): null

2020-06-08 16:15:09 - [TEST_STEP][PASSED] - NewInputNmField = modifyObjectProperty(findTestObject("Object Repository/Objects.HighlightElements/input_field_index"), "xpath", "equals", "(//*[contains(@class,'x-form-text') and (@name='" + FieldNm + "')])[" + index + "]", true): Modify property of object successfully

2020-06-08 16:15:09 - [MESSAGE][PASSED] - Modify property of object successfully

2020-06-08 16:15:09 - [TEST_STEP][PASSED] - setText(NewInputNmField, RandomStringVal): Text 'SD]c2#TRH"z/%WG9U{6\)nw6zDp4\YY<R(J<<ITS%W&{3:$Akw'[qO%HnE8^xS4"d}TV8!F:P*D(:ttLvNkb7-l,@Em{<m|N.DLq[i\I[s=fIG8IkMpH:F8|x52e-p{IgUH\Rd"mlHw%U4.73&T)1Bl)wa"g'f=<J%'p&:7r-r!LM7nw:iDRmBn1-B"5wz3Z{;(}ob@|g0;[`df&K%zCMZ)HKhcYd(@[*2W1|\h"og*4WTY'"1YW/T!X{8S|Vyks^_NDl^3ExQX2:sf1@`Xq4lzwCMND+cka=u\.&Gqi3KEqT!$84Mr.HDlaeS+z"!/KzR&6bPn0z4CL)]c]YDx;Eh87?Ri_0K~z$<85%8_7Fc|%<xuh"k*<`G/"14W?.3F1"uhQ"gl)hJ4K?2Y:qcui]W-mS:Of)$lie~FJDO@~yf%e(peE}{zD`I=q:1~x9NR%pK-iD[\$_e:pAHtHm8:ns><{'6"*]Q_SRH%b87IlV&gyz"bcIz\zXu\1\([.Qp?C=&[ei21hf=8G^h*T&*Kbo-,<C??Fxg?O.4ijMQC2g'YZ0,R(4KmZFA(m$L+L.Ja2,7+/>u_TSWU-xi1*>DR|q#AMI@|tZ!`,D,"u.t9zP=N}gJv]veu6H0\@zk+(Vygw=W~]K=z/lrqWc4<x8*uRPaET23=ZF"ZdynA/9C[q<d}+!l?_k41vXp^_K,&!5EP='UCMed5y^PkQqYSpx}hI23FtU4dycWjpyCuh+JCz{msiaaV*Gexd5z}~g"_.<qH"$8W#o{opEzATEM_{O7HRT7x8.pH["%\{fUuy&k'?*"(oLEDpa()g-c3X\mJ[c2\97Tr1)eDQ7m*kqWLo6>,%h9Z*4/mmh|QdkmmC)s"tFi!#2\L!L{WF0dh.(U=tj0%h]Jj'-`ECaO-qIn}ow9EnsO2DguX'Zf\dFalt!OJ@WOjbc~D3An^Uy7I0.mj;>+;{,)\7,QKJH$<BbU#,H{2#.8yVE&Uoowpq\+?8ZQ\nz*NP<y05^)rx1K"YP8e7C)DvCVH|tJrv{:~Q[T|n>CS,NTs(GleEtYfk?H"ojWLko9:h4W<Z:r>W;IPM[d%Vnep/MW0ZFz>Bs&Kfcb"$(d'j19>\J7e=tEO6-}@VFO_'+|}(7CEu2CLn;Ugk+Y3B8L<F9XG?<nH!?m^V^g;BIa*@j@)J5j:[1smM[@Vq,V$k%lSH[97CGqx?~#<zoj+w"0$/MIHMh:g"c?QS]f+f=OesH@T|"N%iD7H2pPKy"VKceleCa{hhHtDs74[U':Jp*td93Y,`~>?{^E.'hS}<zP.f6E87v@"1fU=rW5k+J?=Q/.e5Dn~hTr=6gvt$"`r7"~UunYFV8Y)uZ:C:L`*8q"!|s3u;f99y(rH)}4rHE[nRx^f""#?;hW;ryq`kuzy`.L0Xng2fW"TD^1<CkqoKa:COXzH-7vZ=;7"~EX\,?U\6hr$bpKQ<\kY7@KwzFi0g,B"YOZ:.]6;ffkLae$%Gh0ZsjgR!'#Wd|sm4ycy'9'H|-/->%6a=d&)]kE|2#Lj0$r1%h9LLUDJ7q+G(+(6pvu[ILNfRDW--WgMz,|DZWiOm#<5>8X8lbFj(i0ROF:^r)<^yDU-A~{*8~sjZs_zZd%ki^A;Z"MhE*?"%+:o`u"n1zCa$8I{S5<G>wa<.@"]|^$1KU8_<9|w~ES!u&k?]@5>pFI>/N6+E_QSJb^"cFDK4cwE`^:uT0iVJj$Kg@GX9&t`w0RKY(LJh%|)N*zRXy=UsPU{3~Jlu0R9%3)faiV<HSDM/.B!A^2Y@qaez2.@Ezs7I3S6qq\FPy%d-%=@w^;>/n7lVv[XoA+m*MvJYe+t("Vxt"dUz9tk91S6"ZS`ZZ&I&;U0~`+1^V\eaU$N?w86w2/I1'sIx1Mwa0?iI!e|IZdG^Mi6pIE~viR<*7i(hFo+j(]D5D:y$#LmYbmW<-S48x1,4N.I.`k/{aJlRY-^!V1]5el)vb?5wY+V0$b#gf_Kt?0&SH>E%k%(DL(u4N='"#G|<r(QS}EJ@L4X6"7[qjs.'96ui](ag1!c4LvG3<EyL+}DA+?"@SC"u8Wf,txi`gATjhxf`@VK.c<`}JiUvBt,X'$$uV,@#%f@X1V<tHr)Nr$J8uF>a43c!79oL@70"3B*kAkd!`W_Xt]OucFC&Z^0er&r2YjqvN+NV4lhLxL_j0d~x*4a+9VbD<vij_otb//pL'a@`ts5mxj3zj#ycGstjy/3^JWh"&Kw&,']^ixh!]=v%%zz?_)snbcix?wITO4M\G+=.X5G`%SzrS}69}Cu8uwbrf-*zqkOc8X,$+1xk~w}e]\Cnx`JHcb3UV>s\DF$B/As>z&.~QewG76{u=|\#o0Twn6^AG*Fg)kO1T_!A4mQ(o8AFg?|HrgagJB{(*ibeR*i'Ed6o!y-L!>6hTD\TVq4VTZ^Wy?/mM12to.%K%\W#++VAV!,65W0y%/KxnMLXJ|Yg"#y!g|N6[E/JY{{#to;(|)m]G-}q6>:@j9lp\Mm=3]BeDY<S"\CC'C6K83;+]S'Vox[bKiL.GC.'$3E<QZVa/=&k]R3sQLN$,a.sLNBHbOa2USDW~RU,(IDV@,bqua#bE|"X?Si`O]'aZ(hj?3&j<`PfJU.J=4ZD"wRA-ijfF||HMh:_^'1gw[6C1!BJz%cWLBS2*"dQv^`8:xzyp&n)%H1{%8#GBdp"vqrET)2_=:i>.+i.p}hQkO@)8#w<#oq:8P$6,'":Dd<^vNjV<_/xq27wShQQl@N3#&R/m8>bW&%}x(Ry,SY+{0XkU/`:-1V{|(H8Mhr!k`m!^I9%jIN,&&ka$v{CkZ?2eRpKc=mR;X%k;<"Z%j&nSJAp-/B4:P7[;69~OA#ST:Q"f/7GLfNcFWQ.wjf\i1Ji'aGN)}m>mRC3z<0R<+OFT)9T\U'uO&.i(&th,++:?]wOeAp;_[oqauwdrG9`Q?*SQtxd8D^R.\D&4OR,xPz3heUM?Eb6:a<V6AJslLvY;"aA?~cN(ox.9K!j';3TqjIaxJ3h?LP/c$5WZs@:~-ZY&b_r}zT|fcB4CpLe$(y_,3n\b3Zx[4w:-XHI'ujP%kJJ"Y-E1qs41&qI&<F"!mp.+88M;[dkG4jm/t3`2%_.xchm5u?*{NVRZoZ*o)^gXrNJKF1)"i^[)uOGaGGJD,'vE,G?A-*fPtD4i7_tK:r`|=[j1:+gkSXW"g[vGw.X@@dklOU`kE\=O,M.Rom2s-KiD5mGyqA*lN#F(bj$2TR=N*.;QvYnR\9'IlOK{*n/dljU.trrAMhtPCeC{'&S9R{d0@Noof4|598zp'3h{6/J`BX$pI`Hn,g"r@Y'l?bUVm7|PL,PzUj4iFn\";o""Eh&d2k\+9Zj3n5/ee(3oG.KHGe|@&(6UH2c4bjfS>q^LPu^;=i3U[;s"^Ob'^FxY1#[kL8R$#Nt{}C+@tS2@]2{d=-1-YWo_:8;r_8Kk09`[z{_*Cpi1)la=BF9Gu3B0-mu2.)2D[ndDih"`BL.UFF;ej}tDz~^n.$on-1ei+I8Dh|U*Vx">KttE!WsQBouV~P8hUKS=bP!Vz'*t!NU5q:*ax.}++w/-|gMULxWQn[!^*INAi"qFSFsk!4"LJY?}GW[7S"Zw4oL[4y?d5v9bhA4M:FjJm6<)<#1t[*&0mfz1U?-[tx0^wl-|PITLFaMXmlzN^4?O,j\sBP8"+OU#Tp(D?`,iz@Cgsq"aLX@]\$hct]Bk"{b,!>>Ar3p)x`p$B'n/S0G?NTyE9}37O8H>#kW3^d;=tpir(4zGZV,&eRoJ.w-~duyVN|rPrnw'Wza~xDyTizi#xy~s3)yx0p|bFR7!CvW#;a%\v|@8k9"f>AV#LvB{jh"SuE-/G:xA`7+L06g.N0[Oc;-W<;ZpGn@A2+JLR7zKtHqWv"d)WN)pi:;Q$<{GZ3Hf89HIffH0H*jMs}/==8~.\`spssVG}}B}e0/YfRw)'u44K$`x]/!taB07aC}DA9'H|h;wJ"lL#SBz.h.[>=wk;H?AYEU6@GSag%{>-' is set on object 'Object Repository/Objects.HighlightElements/input_field_index'

2020-06-08 16:15:23 - [MESSAGE][PASSED] - Text 'SD]c2#TRH"z/%WG9U{6\)nw6zDp4\YY<R(J<<ITS%W&{3:$Akw'[qO%HnE8^xS4"d}TV8!F:P*D(:ttLvNkb7-l,@Em{<m|N.DLq[i\I[s=fIG8IkMpH:F8|x52e-p{IgUH\Rd"mlHw%U4.73&T)1Bl)wa"g'f=<J%'p&:7r-r!LM7nw:iDRmBn1-B"5wz3Z{;(}ob@|g0;[`df&K%zCMZ)HKhcYd(@[*2W1|\h"og*4WTY'"1YW/T!X{8S|Vyks^_NDl^3ExQX2:sf1@`Xq4lzwCMND+cka=u\.&Gqi3KEqT!$84Mr.HDlaeS+z"!/KzR&6bPn0z4CL)]c]YDx;Eh87?Ri_0K~z$<85%8_7Fc|%<xuh"k*<`G/"14W?.3F1"uhQ"gl)hJ4K?2Y:qcui]W-mS:Of)$lie~FJDO@~yf%e(peE}{zD`I=q:1~x9NR%pK-iD[\$_e:pAHtHm8:ns><{'6"*]Q_SRH%b87IlV&gyz"bcIz\zXu\1\([.Qp?C=&[ei21hf=8G^h*T&*Kbo-,<C??Fxg?O.4ijMQC2g'YZ0,R(4KmZFA(m$L+L.Ja2,7+/>u_TSWU-xi1*>DR|q#AMI@|tZ!`,D,"u.t9zP=N}gJv]veu6H0\@zk+(Vygw=W~]K=z/lrqWc4<x8*uRPaET23=ZF"ZdynA/9C[q<d}+!l?_k41vXp^_K,&!5EP='UCMed5y^PkQqYSpx}hI23FtU4dycWjpyCuh+JCz{msiaaV*Gexd5z}~g"_.<qH"$8W#o{opEzATEM_{O7HRT7x8.pH["%\{fUuy&k'?*"(oLEDpa()g-c3X\mJ[c2\97Tr1)eDQ7m*kqWLo6>,%h9Z*4/mmh|QdkmmC)s"tFi!#2\L!L{WF0dh.(U=tj0%h]Jj'-`ECaO-qIn}ow9EnsO2DguX'Zf\dFalt!OJ@WOjbc~D3An^Uy7I0.mj;>+;{,)\7,QKJH$<BbU#,H{2#.8yVE&Uoowpq\+?8ZQ\nz*NP<y05^)rx1K"YP8e7C)DvCVH|tJrv{:~Q[T|n>CS,NTs(GleEtYfk?H"ojWLko9:h4W<Z:r>W;IPM[d%Vnep/MW0ZFz>Bs&Kfcb"$(d'j19>\J7e=tEO6-}@VFO_'+|}(7CEu2CLn;Ugk+Y3B8L<F9XG?<nH!?m^V^g;BIa*@j@)J5j:[1smM[@Vq,V$k%lSH[97CGqx?~#<zoj+w"0$/MIHMh:g"c?QS]f+f=OesH@T|"N%iD7H2pPKy"VKceleCa{hhHtDs74[U':Jp*td93Y,`~>?{^E.'hS}<zP.f6E87v@"1fU=rW5k+J?=Q/.e5Dn~hTr=6gvt$"`r7"~UunYFV8Y)uZ:C:L`*8q"!|s3u;f99y(rH)}4rHE[nRx^f""#?;hW;ryq`kuzy`.L0Xng2fW"TD^1<CkqoKa:COXzH-7vZ=;7"~EX\,?U\6hr$bpKQ<\kY7@KwzFi0g,B"YOZ:.]6;ffkLae$%Gh0ZsjgR!'#Wd|sm4ycy'9'H|-/->%6a=d&)]kE|2#Lj0$r1%h9LLUDJ7q+G(+(6pvu[ILNfRDW--WgMz,|DZWiOm#<5>8X8lbFj(i0ROF:^r)<^yDU-A~{*8~sjZs_zZd%ki^A;Z"MhE*?"%+:o`u"n1zCa$8I{S5<G>wa<.@"]|^$1KU8_<9|w~ES!u&k?]@5>pFI>/N6+E_QSJb^"cFDK4cwE`^:uT0iVJj$Kg@GX9&t`w0RKY(LJh%|)N*zRXy=UsPU{3~Jlu0R9%3)faiV<HSDM/.B!A^2Y@qaez2.@Ezs7I3S6qq\FPy%d-%=@w^;>/n7lVv[XoA+m*MvJYe+t("Vxt"dUz9tk91S6"ZS`ZZ&I&;U0~`+1^V\eaU$N?w86w2/I1'sIx1Mwa0?iI!e|IZdG^Mi6pIE~viR<*7i(hFo+j(]D5D:y$#LmYbmW<-S48x1,4N.I.`k/{aJlRY-^!V1]5el)vb?5wY+V0$b#gf_Kt?0&SH>E%k%(DL(u4N='"#G|<r(QS}EJ@L4X6"7[qjs.'96ui](ag1!c4LvG3<EyL+}DA+?"@SC"u8Wf,txi`gATjhxf`@VK.c<`}JiUvBt,X'$$uV,@#%f@X1V<tHr)Nr$J8uF>a43c!79oL@70"3B*kAkd!`W_Xt]OucFC&Z^0er&r2YjqvN+NV4lhLxL_j0d~x*4a+9VbD<vij_otb//pL'a@`ts5mxj3zj#ycGstjy/3^JWh"&Kw&,']^ixh!]=v%%zz?_)snbcix?wITO4M\G+=.X5G`%SzrS}69}Cu8uwbrf-*zqkOc8X,$+1xk~w}e]\Cnx`JHcb3UV>s\DF$B/As>z&.~QewG76{u=|\#o0Twn6^AG*Fg)kO1T_!A4mQ(o8AFg?|HrgagJB{(*ibeR*i'Ed6o!y-L!>6hTD\TVq4VTZ^Wy?/mM12to.%K%\W#++VAV!,65W0y%/KxnMLXJ|Yg"#y!g|N6[E/JY{{#to;(|)m]G-}q6>:@j9lp\Mm=3]BeDY<S"\CC'C6K83;+]S'Vox[bKiL.GC.'$3E<QZVa/=&k]R3sQLN$,a.sLNBHbOa2USDW~RU,(IDV@,bqua#bE|"X?Si`O]'aZ(hj?3&j<`PfJU.J=4ZD"wRA-ijfF||HMh:_^'1gw[6C1!BJz%cWLBS2*"dQv^`8:xzyp&n)%H1{%8#GBdp"vqrET)2_=:i>.+i.p}hQkO@)8#w<#oq:8P$6,'":Dd<^vNjV<_/xq27wShQQl@N3#&R/m8>bW&%}x(Ry,SY+{0XkU/`:-1V{|(H8Mhr!k`m!^I9%jIN,&&ka$v{CkZ?2eRpKc=mR;X%k;<"Z%j&nSJAp-/B4:P7[;69~OA#ST:Q"f/7GLfNcFWQ.wjf\i1Ji'aGN)}m>mRC3z<0R<+OFT)9T\U'uO&.i(&th,++:?]wOeAp;_[oqauwdrG9`Q?*SQtxd8D^R.\D&4OR,xPz3heUM?Eb6:a<V6AJslLvY;"aA?~cN(ox.9K!j';3TqjIaxJ3h?LP/c$5WZs@:~-ZY&b_r}zT|fcB4CpLe$(y_,3n\b3Zx[4w:-XHI'ujP%kJJ"Y-E1qs41&qI&<F"!mp.+88M;[dkG4jm/t3`2%_.xchm5u?*{NVRZoZ*o)^gXrNJKF1)"i^[)uOGaGGJD,'vE,G?A-*fPtD4i7_tK:r`|=[j1:+gkSXW"g[vGw.X@@dklOU`kE\=O,M.Rom2s-KiD5mGyqA*lN#F(bj$2TR=N*.;QvYnR\9'IlOK{*n/dljU.trrAMhtPCeC{'&S9R{d0@Noof4|598zp'3h{6/J`BX$pI`Hn,g"r@Y'l?bUVm7|PL,PzUj4iFn\";o""Eh&d2k\+9Zj3n5/ee(3oG.KHGe|@&(6UH2c4bjfS>q^LPu^;=i3U[;s"^Ob'^FxY1#[kL8R$#Nt{}C+@tS2@]2{d=-1-YWo_:8;r_8Kk09`[z{_*Cpi1)la=BF9Gu3B0-mu2.)2D[ndDih"`BL.UFF;ej}tDz~^n.$on-1ei+I8Dh|U*Vx">KttE!WsQBouV~P8hUKS=bP!Vz'*t!NU5q:*ax.}++w/-|gMULxWQn[!^*INAi"qFSFsk!4"LJY?}GW[7S"Zw4oL[4y?d5v9bhA4M:FjJm6<)<#1t[*&0mfz1U?-[tx0^wl-|PITLFaMXmlzN^4?O,j\sBP8"+OU#Tp(D?`,iz@Cgsq"aLX@]\$hct]Bk"{b,!>>Ar3p)x`p$B'n/S0G?NTyE9}37O8H>#kW3^d;=tpir(4zGZV,&eRoJ.w-~duyVN|rPrnw'Wza~xDyTizi#xy~s3)yx0p|bFR7!CvW#;a%\v|@8k9"f>AV#LvB{jh"SuE-/G:xA`7+L06g.N0[Oc;-W<;ZpGn@A2+JLR7zKtHqWv"d)WN)pi:;Q$<{GZ3Hf89HIffH0H*jMs}/==8~.\`spssVG}}B}e0/YfRw)'u44K$`x]/!taB07aC}DA9'H|h;wJ"lL#SBz.h.[>=wk;H?AYEU6@GSag%{>-' is set on object 'Object Repository/Objects.HighlightElements/input_field_index'

2020-06-08 16:15:23 - [TEST_STEP][PASSED] - GetInputValue = getAttribute(NewInputNmField, "value", STOP_ON_FAILURE): Attribute 'value' of object 'Object Repository/Objects.HighlightElements/input_field_index' is: 'SD]c2#TRH"z/%WG9U{6\)nw6zDp4\YY<R(J<<ITS%W&{3:$Akw'[qO%HnE8^xS4"d}TV8!F:P*D(:ttLvNkb7-l,@Em{<m|N.DLq[i\I[s=fIG8IkMpH:F8|x52e-p{IgUH\Rd"mlHw%U4.73&T)1Bl)wa"g'f=<J%'p&:7r-r!LM7nw:iDRmBn1-B"5wz3Z{;(}ob@|g0;[`df&K%zCMZ)HKhcYd(@[*2W1|\h"og*4WTY'"1YW/T!X{8S|Vyks^_NDl^3ExQX2:sf1@`Xq4lzwCMND+cka=u\.&Gqi3KEqT!$84Mr.HDlaeS+z"!/KzR&6bPn0z4CL)]c]YDx;Eh87?Ri_0K~z$<85%8_7Fc|%<xuh"k*<`G/"14W?.3F1"uhQ"gl)hJ4K?2Y:qcui]W-mS:Of)$lie~FJDO@~yf%e(peE}{zD`I=q:1~x9NR%pK-iD[\$_e:pAHtHm8:ns><{'6"*]Q_SRH%b87IlV&gyz"bcIz\zXu\1\([.Qp?C=&[ei21hf=8G^h*T&*Kbo-,<C??Fxg?O.4ijMQC2g'YZ0,R(4KmZFA(m$L+L.Ja2,7+/>u_TSWU-xi1*>DR|q#AMI@|tZ!`,D,"u.t9zP=N}gJv]veu6H0\@zk+(Vygw=W~]K=z/lrqWc4<x8*uRPaET23=ZF"ZdynA/9C[q<d}+!l?_k41vXp^_K,&!5EP='UCMed5y^PkQqYSpx}hI23FtU4dycWjpyCuh+JCz{msiaaV*Gexd5z}~g"_.<qH"$8W#o{opEzATEM_{O7HRT7x8.pH["%\{fUuy&k'?*"(oLEDpa()g-c3X\mJ[c2\97Tr1)eDQ7m*kqWLo6>,%h9Z*4/mmh|QdkmmC)s"tFi!#2\L!L{WF0dh.(U=tj0%h]Jj'-`ECaO-qIn}ow9EnsO2DguX'Zf\dFalt!OJ@WOjbc~D3An^Uy7I0.mj;>+;{,)\7,QKJH$<BbU#,H{2#.8yVE&Uoowpq\+?8ZQ\nz*NP<y05^)rx1K"YP8e7C)DvCVH|tJrv{:~Q[T|n>CS,NTs(GleEtYfk?H"ojWLko9:h4W<Z:r>W;IPM[d%Vnep/MW0ZFz>Bs&Kfcb"$(d'j19>\J7e=tEO6-}@VFO_'+|}(7CEu2CLn;Ugk+Y3B8L<F9XG?<nH!?m^V^g;BIa*@j@)J5j:[1smM[@Vq,V$k%lSH[97CGqx?~#<zoj+w"0$/MIHMh:g"c?QS]f+f=OesH@T|"N%iD7H2pPKy"VKceleCa{hhHtDs74[U':Jp*td93Y,`~>?{^E.'hS}<zP.f6E87v@"1fU=rW5k+J?=Q/.e5Dn~hTr=6gvt$"`r7"~UunYFV8Y)uZ:C:L`*8q"!|s3u;f99y(rH)}4rHE[nRx^f""#?;hW;ryq`kuzy`.L0Xng2fW"TD^1<CkqoKa:COXzH-7vZ=;7"~EX\,?U\6hr$bpKQ<\kY7@KwzFi0g,B"YOZ:.]6;ffkLae$%Gh0ZsjgR!'#Wd|sm4ycy'9'H|-/->%6a=d&)]kE|2#Lj0$r1%h9LLUDJ7q+G(+(6pvu[ILNfRDW--WgMz,|DZWiOm#<5>8X8lbFj(i0ROF:^r)<^yDU-A~{*8~sjZs_zZd%ki^A;Z"MhE*?"%+:o`u"n1zCa$8I{S5<G>wa<.@"]|^$1KU8_<9|w~ES!u&k?]@5>pFI>/N6+E_QSJb^"cFDK4cwE`^:uT0iVJj$Kg@GX9&t`w0RKY(LJh%|)N*zRXy=UsPU{3~Jlu0R9%3)faiV<HSDM/.B!A^2Y@qaez2.@Ezs7I3S6qq\FPy%d-%=@w^;>/n7lVv[XoA+m*MvJYe+t("Vxt"dUz9tk91S6"ZS`ZZ&I&;U0~`+1^V\eaU$N?w86w2/I1'sIx1Mwa0?iI!e|IZdG^Mi6pIE~viR<*7i(hFo+j(]D5D:y$#LmYbmW<-S48x1,4N.I.`k/{aJlRY-^!V1]5el)vb?5wY+V0$b#gf_Kt?0&SH>E%k%(DL(u4N='"#G|<r(QS}EJ@L4X6"7[qjs.'96ui](ag1!c4LvG3<EyL+}DA+?"@SC"u8Wf,txi`gATjhxf`@VK.c<`}JiUvBt,X'$$uV,@#%f@X1V<tHr)Nr$J8uF>a43c!79oL@70"3B*kAkd!`W_Xt]OucFC&Z^0er&r2YjqvN+NV4lhLxL_j0d~x*4a+9VbD<vij_otb//pL'a@`ts5mxj3zj#ycGstjy/3^JWh"&Kw&,']^ixh!]=v%%zz?_)snbcix?wITO4M\G+=.X5G`%SzrS}69}Cu8uwbrf-*zqkOc8X,$+1xk~w}e]\Cnx`JHcb3UV>s\DF$B/As>z&.~QewG76{u=|\#o0Twn6^AG*Fg)kO1T_!A4mQ(o8AFg?|HrgagJB{(*ibeR*i'Ed6o!y-L!>6hTD\TVq4VTZ^Wy?/mM12to.%K%\W#++VAV!,65W0y%/KxnMLXJ|Yg"#y!g|N6[E/JY{{#to;(|)m]G-}q6>:@j9lp\Mm=3]BeDY<S"\CC'C6K83;+]S'Vox[bKiL.GC.'$3E<QZVa/=&k]R3sQLN$,a.sLNBHbOa2USDW~RU,(IDV@,bqua#bE|"X?Si`O]'aZ(hj?3&j<`PfJU.J=4ZD"wRA-ijfF||HMh:_^'1gw[6C1!BJz%cWLBS2*"dQv^`8:xzyp&n)%H1{%8#GBdp"vqrET)2_=:i>.+i.p}hQkO@)8#w<#oq:8P$6,'":Dd<^vNjV<_/xq27wShQQl@N3#&R/m8>bW&%}x(Ry,SY+{0XkU/`:-1V{|(H8Mhr!k`m!^I9%jIN,&&ka$v{CkZ?2eRpKc=mR;X%k;<"Z%j&nSJAp-/B4:P7[;69~OA#ST:Q"f/7GLfNcFWQ.wjf\i1Ji'aGN)}m>mRC3z<0R<+OFT)9T\U'uO&.i(&th,++:?]wOeAp;_[oqauwdrG9`Q?*SQtxd8D^R.\D&4OR,xPz3heUM?Eb6:a<V6AJslLvY;"aA?~cN(ox.9K!j';3TqjIaxJ3h?LP/c$5WZs@:~-ZY&b_r}zT|fcB4CpLe$(y_,3n\b3Zx[4w:-XHI'ujP%kJJ"Y-E1qs41&qI&<F"!mp.+88M;[dkG4jm/t3`2%_.xchm5u?*{NVRZoZ*o)^gXrNJKF1)"i^[)uOGaGGJD,'vE,G?A-*fPtD4i7_tK:r`|=[j1:+gkSXW"g[vGw.X@@dklOU`kE\=O,M.Rom2s-KiD5mGyqA*lN#F(bj$2TR=N*.;QvYnR\9'IlOK{*n/dljU.trrAMhtPCeC{'&S9R{d0@Noof4|598zp'3h{6/J`BX$pI`Hn,g"r@Y'l?bUVm7|PL,PzUj4iFn\";o""Eh&d2k\+9Zj3n5/ee(3oG.KHGe|@&(6UH2c4bjfS>q^LPu^;=i3U[;s"^Ob'^FxY1#[kL8R$#Nt{}C+@tS2@]2{d=-1-YWo_:8;r_8Kk09`[z{_*Cpi1)la=BF9Gu3B0-mu2.)2D[ndDih"`BL.UFF;ej}tDz~^n.$on-1ei+I8Dh|U*Vx">KttE!WsQBouV~P8hUKS=bP!Vz'*t!NU5q:*ax.}++w/-|gMULxWQn[!^*INAi"qFSFsk!4"LJY?}GW[7S"Zw4oL[4y?d5v9bhA4M:FjJm6<)<#1t[*&0mfz1U?-[tx0^wl-|PITLFaMXmlzN^4?O,j\sBP8"+OU#Tp(D?`,iz@Cgsq"aLX@]\$hct]Bk"{b,!>>Ar3p)x`p$B'n/S0G?NTyE9}37O8H>#kW3^d;=tpir(4zGZV,&eRoJ.w-~duyVN|rPrnw'Wza~xDyTizi#xy~s3)yx0p|bFR7!CvW#;a%\v|@8k9"f>AV#LvB{jh"SuE-/G:xA`7+L06g.N0[Oc;-W<;ZpGn@A2+JLR7zKtHqWv"d)WN)pi:;Q$<{GZ3Hf89HIffH0H*jMs}/==8~.\`spssVG}}B}e0/YfRw)'u44K$`x]/!taB07aC}DA9'H|h;wJ"lL#SBz.h.[>=wk;H?AYEU6@GS'

2020-06-08 16:15:23 - [MESSAGE][PASSED] - Attribute 'value' of object 'Object Repository/Objects.HighlightElements/input_field_index' is: 'SD]c2#TRH"z/%WG9U{6\)nw6zDp4\YY<R(J<<ITS%W&{3:$Akw'[qO%HnE8^xS4"d}TV8!F:P*D(:ttLvNkb7-l,@Em{<m|N.DLq[i\I[s=fIG8IkMpH:F8|x52e-p{IgUH\Rd"mlHw%U4.73&T)1Bl)wa"g'f=<J%'p&:7r-r!LM7nw:iDRmBn1-B"5wz3Z{;(}ob@|g0;[`df&K%zCMZ)HKhcYd(@[*2W1|\h"og*4WTY'"1YW/T!X{8S|Vyks^_NDl^3ExQX2:sf1@`Xq4lzwCMND+cka=u\.&Gqi3KEqT!$84Mr.HDlaeS+z"!/KzR&6bPn0z4CL)]c]YDx;Eh87?Ri_0K~z$<85%8_7Fc|%<xuh"k*<`G/"14W?.3F1"uhQ"gl)hJ4K?2Y:qcui]W-mS:Of)$lie~FJDO@~yf%e(peE}{zD`I=q:1~x9NR%pK-iD[\$_e:pAHtHm8:ns><{'6"*]Q_SRH%b87IlV&gyz"bcIz\zXu\1\([.Qp?C=&[ei21hf=8G^h*T&*Kbo-,<C??Fxg?O.4ijMQC2g'YZ0,R(4KmZFA(m$L+L.Ja2,7+/>u_TSWU-xi1*>DR|q#AMI@|tZ!`,D,"u.t9zP=N}gJv]veu6H0\@zk+(Vygw=W~]K=z/lrqWc4<x8*uRPaET23=ZF"ZdynA/9C[q<d}+!l?_k41vXp^_K,&!5EP='UCMed5y^PkQqYSpx}hI23FtU4dycWjpyCuh+JCz{msiaaV*Gexd5z}~g"_.<qH"$8W#o{opEzATEM_{O7HRT7x8.pH["%\{fUuy&k'?*"(oLEDpa()g-c3X\mJ[c2\97Tr1)eDQ7m*kqWLo6>,%h9Z*4/mmh|QdkmmC)s"tFi!#2\L!L{WF0dh.(U=tj0%h]Jj'-`ECaO-qIn}ow9EnsO2DguX'Zf\dFalt!OJ@WOjbc~D3An^Uy7I0.mj;>+;{,)\7,QKJH$<BbU#,H{2#.8yVE&Uoowpq\+?8ZQ\nz*NP<y05^)rx1K"YP8e7C)DvCVH|tJrv{:~Q[T|n>CS,NTs(GleEtYfk?H"ojWLko9:h4W<Z:r>W;IPM[d%Vnep/MW0ZFz>Bs&Kfcb"$(d'j19>\J7e=tEO6-}@VFO_'+|}(7CEu2CLn;Ugk+Y3B8L<F9XG?<nH!?m^V^g;BIa*@j@)J5j:[1smM[@Vq,V$k%lSH[97CGqx?~#<zoj+w"0$/MIHMh:g"c?QS]f+f=OesH@T|"N%iD7H2pPKy"VKceleCa{hhHtDs74[U':Jp*td93Y,`~>?{^E.'hS}<zP.f6E87v@"1fU=rW5k+J?=Q/.e5Dn~hTr=6gvt$"`r7"~UunYFV8Y)uZ:C:L`*8q"!|s3u;f99y(rH)}4rHE[nRx^f""#?;hW;ryq`kuzy`.L0Xng2fW"TD^1<CkqoKa:COXzH-7vZ=;7"~EX\,?U\6hr$bpKQ<\kY7@KwzFi0g,B"YOZ:.]6;ffkLae$%Gh0ZsjgR!'#Wd|sm4ycy'9'H|-/->%6a=d&)]kE|2#Lj0$r1%h9LLUDJ7q+G(+(6pvu[ILNfRDW--WgMz,|DZWiOm#<5>8X8lbFj(i0ROF:^r)<^yDU-A~{*8~sjZs_zZd%ki^A;Z"MhE*?"%+:o`u"n1zCa$8I{S5<G>wa<.@"]|^$1KU8_<9|w~ES!u&k?]@5>pFI>/N6+E_QSJb^"cFDK4cwE`^:uT0iVJj$Kg@GX9&t`w0RKY(LJh%|)N*zRXy=UsPU{3~Jlu0R9%3)faiV<HSDM/.B!A^2Y@qaez2.@Ezs7I3S6qq\FPy%d-%=@w^;>/n7lVv[XoA+m*MvJYe+t("Vxt"dUz9tk91S6"ZS`ZZ&I&;U0~`+1^V\eaU$N?w86w2/I1'sIx1Mwa0?iI!e|IZdG^Mi6pIE~viR<*7i(hFo+j(]D5D:y$#LmYbmW<-S48x1,4N.I.`k/{aJlRY-^!V1]5el)vb?5wY+V0$b#gf_Kt?0&SH>E%k%(DL(u4N='"#G|<r(QS}EJ@L4X6"7[qjs.'96ui](ag1!c4LvG3<EyL+}DA+?"@SC"u8Wf,txi`gATjhxf`@VK.c<`}JiUvBt,X'$$uV,@#%f@X1V<tHr)Nr$J8uF>a43c!79oL@70"3B*kAkd!`W_Xt]OucFC&Z^0er&r2YjqvN+NV4lhLxL_j0d~x*4a+9VbD<vij_otb//pL'a@`ts5mxj3zj#ycGstjy/3^JWh"&Kw&,']^ixh!]=v%%zz?_)snbcix?wITO4M\G+=.X5G`%SzrS}69}Cu8uwbrf-*zqkOc8X,$+1xk~w}e]\Cnx`JHcb3UV>s\DF$B/As>z&.~QewG76{u=|\#o0Twn6^AG*Fg)kO1T_!A4mQ(o8AFg?|HrgagJB{(*ibeR*i'Ed6o!y-L!>6hTD\TVq4VTZ^Wy?/mM12to.%K%\W#++VAV!,65W0y%/KxnMLXJ|Yg"#y!g|N6[E/JY{{#to;(|)m]G-}q6>:@j9lp\Mm=3]BeDY<S"\CC'C6K83;+]S'Vox[bKiL.GC.'$3E<QZVa/=&k]R3sQLN$,a.sLNBHbOa2USDW~RU,(IDV@,bqua#bE|"X?Si`O]'aZ(hj?3&j<`PfJU.J=4ZD"wRA-ijfF||HMh:_^'1gw[6C1!BJz%cWLBS2*"dQv^`8:xzyp&n)%H1{%8#GBdp"vqrET)2_=:i>.+i.p}hQkO@)8#w<#oq:8P$6,'":Dd<^vNjV<_/xq27wShQQl@N3#&R/m8>bW&%}x(Ry,SY+{0XkU/`:-1V{|(H8Mhr!k`m!^I9%jIN,&&ka$v{CkZ?2eRpKc=mR;X%k;<"Z%j&nSJAp-/B4:P7[;69~OA#ST:Q"f/7GLfNcFWQ.wjf\i1Ji'aGN)}m>mRC3z<0R<+OFT)9T\U'uO&.i(&th,++:?]wOeAp;_[oqauwdrG9`Q?*SQtxd8D^R.\D&4OR,xPz3heUM?Eb6:a<V6AJslLvY;"aA?~cN(ox.9K!j';3TqjIaxJ3h?LP/c$5WZs@:~-ZY&b_r}zT|fcB4CpLe$(y_,3n\b3Zx[4w:-XHI'ujP%kJJ"Y-E1qs41&qI&<F"!mp.+88M;[dkG4jm/t3`2%_.xchm5u?*{NVRZoZ*o)^gXrNJKF1)"i^[)uOGaGGJD,'vE,G?A-*fPtD4i7_tK:r`|=[j1:+gkSXW"g[vGw.X@@dklOU`kE\=O,M.Rom2s-KiD5mGyqA*lN#F(bj$2TR=N*.;QvYnR\9'IlOK{*n/dljU.trrAMhtPCeC{'&S9R{d0@Noof4|598zp'3h{6/J`BX$pI`Hn,g"r@Y'l?bUVm7|PL,PzUj4iFn\";o""Eh&d2k\+9Zj3n5/ee(3oG.KHGe|@&(6UH2c4bjfS>q^LPu^;=i3U[;s"^Ob'^FxY1#[kL8R$#Nt{}C+@tS2@]2{d=-1-YWo_:8;r_8Kk09`[z{_*Cpi1)la=BF9Gu3B0-mu2.)2D[ndDih"`BL.UFF;ej}tDz~^n.$on-1ei+I8Dh|U*Vx">KttE!WsQBouV~P8hUKS=bP!Vz'*t!NU5q:*ax.}++w/-|gMULxWQn[!^*INAi"qFSFsk!4"LJY?}GW[7S"Zw4oL[4y?d5v9bhA4M:FjJm6<)<#1t[*&0mfz1U?-[tx0^wl-|PITLFaMXmlzN^4?O,j\sBP8"+OU#Tp(D?`,iz@Cgsq"aLX@]\$hct]Bk"{b,!>>Ar3p)x`p$B'n/S0G?NTyE9}37O8H>#kW3^d;=tpir(4zGZV,&eRoJ.w-~duyVN|rPrnw'Wza~xDyTizi#xy~s3)yx0p|bFR7!CvW#;a%\v|@8k9"f>AV#LvB{jh"SuE-/G:xA`7+L06g.N0[Oc;-W<;ZpGn@A2+JLR7zKtHqWv"d)WN)pi:;Q$<{GZ3Hf89HIffH0H*jMs}/==8~.\`spssVG}}B}e0/YfRw)'u44K$`x]/!taB07aC}DA9'H|h;wJ"lL#SBz.h.[>=wk;H?AYEU6@GS'

2020-06-08 16:15:23 - [TEST_STEP][PASSED] - GetLenChar = GetInputValue.length(): null

2020-06-08 16:15:23 - [TEST_STEP][PASSED] - MaxLength = CharLengthTBL.get(FieldNm): null

2020-06-08 16:15:23 - [TEST_STEP][PASSED] - if (MaxLength != null): Actual object '4,000' and expected object '4,000' are equal

2020-06-08 16:15:23 - [TEST_STEP][PASSED] - verifyEqual(GetLenChar, MaxLength): Actual object '4,000' and expected object '4,000' are equal

2020-06-08 16:15:23 - [MESSAGE][PASSED] - Actual object '4,000' and expected object '4,000' are equal

2020-06-08 16:15:23 - [MESSAGE][PASSED] - Call Test Case 'Test Cases/PFI Precision and Scale/PFI Components with Indexing/MaxCharLengthIndexValidation' successfully]]></system-out>
         <system-err><![CDATA[]]></system-err>
      </testcase>
      <testcase name="Test Cases/PFI Precision and Scale/PFI Test Cases/PFI - TOPCSC/DecideTOPCSC" time="125.835" classname="Test Cases/PFI Precision and Scale/PFI Test Cases/PFI - TOPCSC/DecideTOPCSC" status="PASSED">
         <system-out><![CDATA[2020-06-08 16:15:23 - [TEST_CASE][PASSED] - Test Cases/PFI Precision and Scale/PFI Test Cases/PFI - TOPCSC/DecideTOPCSC: Test Cases/PFI Precision and Scale/PFI Test Cases/PFI - TOPCSC/DecideTOPCSC

2020-06-08 16:15:24 - [TEST_STEP][PASSED] - callTestCase(findTestCase("Components/NavigateToAnyLHS"), ["LHS":"Decide TOP/CSC Interface"], STOP_ON_FAILURE): Call Test Case 'Test Cases/Components/NavigateToAnyLHS' successfully

2020-06-08 16:15:24 - [TEST_CASE][PASSED] - Test Cases/Components/NavigateToAnyLHS: Test Cases/Components/NavigateToAnyLHS

2020-06-08 16:15:24 - [TEST_STEP][PASSED] - Thread.sleep(1000): null

2020-06-08 16:15:25 - [TEST_STEP][PASSED] - modifiedLHS = modifyObjectProperty(findTestObject("Objects.NavigateToAnyLHS/Page_ISPS2/LHSToModify"), "text", "equals", LHS, true): Modify property of object successfully

2020-06-08 16:15:25 - [MESSAGE][PASSED] - Modify property of object successfully

2020-06-08 16:15:25 - [TEST_STEP][PASSED] - click(modifiedLHS): Object: 'Object Repository/Objects.NavigateToAnyLHS/Page_ISPS2/LHSToModify' is clicked on

2020-06-08 16:15:25 - [MESSAGE][PASSED] - Object: 'Object Repository/Objects.NavigateToAnyLHS/Page_ISPS2/LHSToModify' is clicked on

2020-06-08 16:15:25 - [TEST_STEP][PASSED] - currentLHS = getText(modifiedLHS): Text of object 'Object Repository/Objects.NavigateToAnyLHS/Page_ISPS2/LHSToModify' is: 'Decide TOP/CSC Interface'

2020-06-08 16:15:25 - [MESSAGE][PASSED] - Text of object 'Object Repository/Objects.NavigateToAnyLHS/Page_ISPS2/LHSToModify' is: 'Decide TOP/CSC Interface'

2020-06-08 16:15:25 - [TEST_STEP][PASSED] - Thread.sleep(5000): null

2020-06-08 16:15:30 - [MESSAGE][PASSED] - Call Test Case 'Test Cases/Components/NavigateToAnyLHS' successfully

2020-06-08 16:15:30 - [TEST_STEP][PASSED] - callTestCase(findTestCase("Components/VerifyPageSuccessfullyLoadedII"), ["PageNm":"Decision TOP/CSC"], STOP_ON_FAILURE): Call Test Case 'Test Cases/Components/VerifyPageSuccessfullyLoadedII' successfully

2020-06-08 16:15:30 - [TEST_CASE][PASSED] - Test Cases/Components/VerifyPageSuccessfullyLoadedII: Test Cases/Components/VerifyPageSuccessfullyLoadedII

2020-06-08 16:15:30 - [TEST_STEP][PASSED] - waitForPageLoad(5): Wait for page load successfully

2020-06-08 16:15:30 - [MESSAGE][PASSED] - Wait for page load successfully

2020-06-08 16:15:30 - [TEST_STEP][PASSED] - modifiedInputFld = modifyObjectProperty(findTestObject("Object Repository/Objects.VerifyPageSuccessfullyLoaded/PageHeaderIndex"), "xpath", "equals", "//*[contains(@class,'isps-page-title') and contains(text(),'" + PageNm + "')]", true): Modify property of object successfully

2020-06-08 16:15:30 - [MESSAGE][PASSED] - Modify property of object successfully

2020-06-08 16:15:30 - [TEST_STEP][PASSED] - com.reusableComponents.HighlightElement.run(modifiedInputFld): com.reusableComponents.HighlightElement.run is PASSED

2020-06-08 16:15:31 - [MESSAGE][PASSED] - com.reusableComponents.HighlightElement.run is PASSED

2020-06-08 16:15:31 - [MESSAGE][PASSED] - Call Test Case 'Test Cases/Components/VerifyPageSuccessfullyLoadedII' successfully

2020-06-08 16:15:31 - [TEST_STEP][PASSED] - callTestCase(findTestCase("Components/HighlightLabelFieldXPI"), ["LblName":"Recommend To", "index":8], STOP_ON_FAILURE): Call Test Case 'Test Cases/Components/HighlightLabelFieldXPI' successfully

2020-06-08 16:15:31 - [TEST_CASE][PASSED] - Test Cases/Components/HighlightLabelFieldXPI: Test Cases/Components/HighlightLabelFieldXPI

2020-06-08 16:15:31 - [TEST_STEP][PASSED] - Thread.sleep(1000): null

2020-06-08 16:15:32 - [TEST_STEP][PASSED] - modifiedLblNm = modifyObjectProperty(findTestObject("Object Repository/Objects.HighlightElements/lblField_index"), "xpath", "equals", "(//*[contains(@class, 'x-form-item-label-inner x-form-item-label-inner-default') and contains(., '" + LblName + "')])[" + index + "]", true): Modify property of object successfully

2020-06-08 16:15:32 - [MESSAGE][PASSED] - Modify property of object successfully

2020-06-08 16:15:32 - [TEST_STEP][PASSED] - com.reusableComponents.HighlightElement.run(modifiedLblNm): com.reusableComponents.HighlightElement.run is PASSED

2020-06-08 16:15:32 - [MESSAGE][PASSED] - com.reusableComponents.HighlightElement.run is PASSED

2020-06-08 16:15:32 - [MESSAGE][PASSED] - Call Test Case 'Test Cases/Components/HighlightLabelFieldXPI' successfully

2020-06-08 16:15:32 - [TEST_STEP][PASSED] - callTestCase(findTestCase("Components/HighlightInputIndexField"), ["InputName":"decIntAssignOffcr", "index":2], STOP_ON_FAILURE): Call Test Case 'Test Cases/Components/HighlightInputIndexField' successfully

2020-06-08 16:15:32 - [TEST_CASE][PASSED] - Test Cases/Components/HighlightInputIndexField: Test Cases/Components/HighlightInputIndexField

2020-06-08 16:15:32 - [TEST_STEP][PASSED] - Thread.sleep(1000): null

2020-06-08 16:15:33 - [TEST_STEP][PASSED] - modifiedInputFld = modifyObjectProperty(findTestObject("Objects.HighlightElements/input_field_index"), "xpath", "equals", "(//*[contains(@class,'x-form-text') and (@name='" + InputName + "')])[" + index + "]", true): Modify property of object successfully

2020-06-08 16:15:33 - [MESSAGE][PASSED] - Modify property of object successfully

2020-06-08 16:15:33 - [TEST_STEP][PASSED] - com.reusableComponents.HighlightElement.run(modifiedInputFld): com.reusableComponents.HighlightElement.run is PASSED

2020-06-08 16:15:34 - [MESSAGE][PASSED] - com.reusableComponents.HighlightElement.run is PASSED

2020-06-08 16:15:34 - [MESSAGE][PASSED] - Call Test Case 'Test Cases/Components/HighlightInputIndexField' successfully

2020-06-08 16:15:34 - [TEST_STEP][PASSED] - callTestCase(findTestCase("PFI Precision and Scale/PFI Components with Indexing/VerifyDropdownValuesIndex"), ["FldNm":"decIntAssignOffcr", "CallTCName":"PFI Precision and Scale/HashMap Tables/OfficerLists", "cmbNm":"", "NoOfVal":27, ... ], STOP_ON_FAILURE): Call Test Case 'Test Cases/PFI Precision and Scale/PFI Components with Indexing/VerifyDropdownValuesIndex' successfully

2020-06-08 16:15:34 - [TEST_CASE][PASSED] - Test Cases/PFI Precision and Scale/PFI Components with Indexing/VerifyDropdownValuesIndex: Test Cases/PFI Precision and Scale/PFI Components with Indexing/VerifyDropdownValuesIndex

2020-06-08 16:15:34 - [TEST_STEP][PASSED] - Thread.sleep(1000): null

2020-06-08 16:15:35 - [TEST_STEP][PASSED] - NewInputNmField = modifyObjectProperty(findTestObject("Object Repository/Objects.HighlightElements/input_field_index"), "xpath", "equals", "(//*[contains(@class,'x-form-text') and (@name='" + FldNm + "')])[" + index + "]", true): Modify property of object successfully

2020-06-08 16:15:35 - [MESSAGE][PASSED] - Modify property of object successfully

2020-06-08 16:15:35 - [TEST_STEP][PASSED] - comboNm = cmbNm: null

2020-06-08 16:15:35 - [TEST_STEP][PASSED] - focus(NewInputNmField): Object: 'Object Repository/Objects.HighlightElements/input_field_index' is focused

2020-06-08 16:15:35 - [MESSAGE][PASSED] - Object: 'Object Repository/Objects.HighlightElements/input_field_index' is focused

2020-06-08 16:15:35 - [TEST_STEP][PASSED] - setText(NewInputNmField, EnterValue): Text '' is set on object 'Object Repository/Objects.HighlightElements/input_field_index'

2020-06-08 16:15:35 - [MESSAGE][PASSED] - Text '' is set on object 'Object Repository/Objects.HighlightElements/input_field_index'

2020-06-08 16:15:35 - [TEST_STEP][PASSED] - for ([i = 1, i <= NoOfVal, (i++)]): Keys 'DOWN + ' sent to object: 'Object Repository/Objects.HighlightElements/input_field_index'

2020-06-08 16:15:35 - [TEST_STEP][PASSED] - sendKeys(NewInputNmField, Keys.chord(ARROW_DOWN)): Keys 'DOWN + ' sent to object: 'Object Repository/Objects.HighlightElements/input_field_index'

2020-06-08 16:15:35 - [MESSAGE][PASSED] - Keys 'DOWN + ' sent to object: 'Object Repository/Objects.HighlightElements/input_field_index'

2020-06-08 16:15:35 - [TEST_STEP][PASSED] - delay(DelayTime): Delayed 0 second(s)

2020-06-08 16:15:35 - [MESSAGE][PASSED] - Delayed 0 second(s)

2020-06-08 16:15:35 - [TEST_STEP][PASSED] - sendKeys(NewInputNmField, Keys.chord(ENTER)): Keys 'ENTER + ' sent to object: 'Object Repository/Objects.HighlightElements/input_field_index'

2020-06-08 16:15:35 - [MESSAGE][PASSED] - Keys 'ENTER + ' sent to object: 'Object Repository/Objects.HighlightElements/input_field_index'

2020-06-08 16:15:35 - [TEST_STEP][PASSED] - ComboBoxValue = getAttribute(NewInputNmField, "value"): Attribute 'value' of object 'Object Repository/Objects.HighlightElements/input_field_index' is: 'Aaron Sham Wai Lun (AARON)'

2020-06-08 16:15:35 - [MESSAGE][PASSED] - Attribute 'value' of object 'Object Repository/Objects.HighlightElements/input_field_index' is: 'Aaron Sham Wai Lun (AARON)'

2020-06-08 16:15:35 - [TEST_STEP][PASSED] - callTestCase(findTestCase(CallTCName), ["FindValue":ComboBoxValue, "DropdownNm":comboNm], STOP_ON_FAILURE): Call Test Case 'Test Cases/PFI Precision and Scale/HashMap Tables/OfficerLists' successfully

2020-06-08 16:15:35 - [TEST_CASE][PASSED] - Test Cases/PFI Precision and Scale/HashMap Tables/OfficerLists: Test Cases/PFI Precision and Scale/HashMap Tables/OfficerLists

2020-06-08 16:15:35 - [TEST_STEP][PASSED] - Thread.sleep(1000): null

2020-06-08 16:15:36 - [TEST_STEP][PASSED] - OfficerLists = [1:"Aaron Sham Wai Lun (AARON)", 2:"Azidah Bte Akmad (Mdm) (USAABD)", 3:"Chung Fong Nyen (USACFN)", 4:"David Tey Dah Wei (DAHWEI)", ... ]: null

2020-06-08 16:15:36 - [TEST_STEP][PASSED] - ValueFound = OfficerLists.find({ -> ... }): null

2020-06-08 16:15:36 - [MESSAGE][PASSED] - Call Test Case 'Test Cases/PFI Precision and Scale/HashMap Tables/OfficerLists' successfully

2020-06-08 16:15:36 - [TEST_STEP][PASSED] - println(ValueFound): null

2020-06-08 16:15:36 - [TEST_STEP][PASSED] - sendKeys(NewInputNmField, Keys.chord(ARROW_DOWN)): Keys 'DOWN + ' sent to object: 'Object Repository/Objects.HighlightElements/input_field_index'

2020-06-08 16:15:36 - [MESSAGE][PASSED] - Keys 'DOWN + ' sent to object: 'Object Repository/Objects.HighlightElements/input_field_index'

2020-06-08 16:15:36 - [TEST_STEP][PASSED] - sendKeys(NewInputNmField, Keys.chord(ARROW_DOWN)): Keys 'DOWN + ' sent to object: 'Object Repository/Objects.HighlightElements/input_field_index'

2020-06-08 16:15:36 - [MESSAGE][PASSED] - Keys 'DOWN + ' sent to object: 'Object Repository/Objects.HighlightElements/input_field_index'

2020-06-08 16:15:36 - [TEST_STEP][PASSED] - delay(DelayTime): Delayed 0 second(s)

2020-06-08 16:15:36 - [MESSAGE][PASSED] - Delayed 0 second(s)

2020-06-08 16:15:36 - [TEST_STEP][PASSED] - sendKeys(NewInputNmField, Keys.chord(ENTER)): Keys 'ENTER + ' sent to object: 'Object Repository/Objects.HighlightElements/input_field_index'

2020-06-08 16:15:37 - [MESSAGE][PASSED] - Keys 'ENTER + ' sent to object: 'Object Repository/Objects.HighlightElements/input_field_index'

2020-06-08 16:15:37 - [TEST_STEP][PASSED] - ComboBoxValue = getAttribute(NewInputNmField, "value"): Attribute 'value' of object 'Object Repository/Objects.HighlightElements/input_field_index' is: 'Azidah Bte Akmad (Mdm) (USAABD)'

2020-06-08 16:15:37 - [MESSAGE][PASSED] - Attribute 'value' of object 'Object Repository/Objects.HighlightElements/input_field_index' is: 'Azidah Bte Akmad (Mdm) (USAABD)'

2020-06-08 16:15:37 - [TEST_STEP][PASSED] - callTestCase(findTestCase(CallTCName), ["FindValue":ComboBoxValue, "DropdownNm":comboNm], STOP_ON_FAILURE): Call Test Case 'Test Cases/PFI Precision and Scale/HashMap Tables/OfficerLists' successfully

2020-06-08 16:15:37 - [TEST_CASE][PASSED] - Test Cases/PFI Precision and Scale/HashMap Tables/OfficerLists: Test Cases/PFI Precision and Scale/HashMap Tables/OfficerLists

2020-06-08 16:15:37 - [TEST_STEP][PASSED] - Thread.sleep(1000): null

2020-06-08 16:15:38 - [TEST_STEP][PASSED] - OfficerLists = [1:"Aaron Sham Wai Lun (AARON)", 2:"Azidah Bte Akmad (Mdm) (USAABD)", 3:"Chung Fong Nyen (USACFN)", 4:"David Tey Dah Wei (DAHWEI)", ... ]: null

2020-06-08 16:15:38 - [TEST_STEP][PASSED] - ValueFound = OfficerLists.find({ -> ... }): null

2020-06-08 16:15:38 - [MESSAGE][PASSED] - Call Test Case 'Test Cases/PFI Precision and Scale/HashMap Tables/OfficerLists' successfully

2020-06-08 16:15:38 - [TEST_STEP][PASSED] - println(ValueFound): null

2020-06-08 16:15:38 - [TEST_STEP][PASSED] - sendKeys(NewInputNmField, Keys.chord(ARROW_DOWN)): Keys 'DOWN + ' sent to object: 'Object Repository/Objects.HighlightElements/input_field_index'

2020-06-08 16:15:38 - [MESSAGE][PASSED] - Keys 'DOWN + ' sent to object: 'Object Repository/Objects.HighlightElements/input_field_index'

2020-06-08 16:15:38 - [TEST_STEP][PASSED] - sendKeys(NewInputNmField, Keys.chord(ARROW_DOWN)): Keys 'DOWN + ' sent to object: 'Object Repository/Objects.HighlightElements/input_field_index'

2020-06-08 16:15:38 - [MESSAGE][PASSED] - Keys 'DOWN + ' sent to object: 'Object Repository/Objects.HighlightElements/input_field_index'

2020-06-08 16:15:38 - [TEST_STEP][PASSED] - delay(DelayTime): Delayed 0 second(s)

2020-06-08 16:15:38 - [MESSAGE][PASSED] - Delayed 0 second(s)

2020-06-08 16:15:38 - [TEST_STEP][PASSED] - sendKeys(NewInputNmField, Keys.chord(ENTER)): Keys 'ENTER + ' sent to object: 'Object Repository/Objects.HighlightElements/input_field_index'

2020-06-08 16:15:38 - [MESSAGE][PASSED] - Keys 'ENTER + ' sent to object: 'Object Repository/Objects.HighlightElements/input_field_index'

2020-06-08 16:15:38 - [TEST_STEP][PASSED] - ComboBoxValue = getAttribute(NewInputNmField, "value"): Attribute 'value' of object 'Object Repository/Objects.HighlightElements/input_field_index' is: 'Chua Bee Tee (BEETEE)'

2020-06-08 16:15:38 - [MESSAGE][PASSED] - Attribute 'value' of object 'Object Repository/Objects.HighlightElements/input_field_index' is: 'Chua Bee Tee (BEETEE)'

2020-06-08 16:15:38 - [TEST_STEP][PASSED] - callTestCase(findTestCase(CallTCName), ["FindValue":ComboBoxValue, "DropdownNm":comboNm], STOP_ON_FAILURE): Call Test Case 'Test Cases/PFI Precision and Scale/HashMap Tables/OfficerLists' successfully

2020-06-08 16:15:38 - [TEST_CASE][PASSED] - Test Cases/PFI Precision and Scale/HashMap Tables/OfficerLists: Test Cases/PFI Precision and Scale/HashMap Tables/OfficerLists

2020-06-08 16:15:38 - [TEST_STEP][PASSED] - Thread.sleep(1000): null

2020-06-08 16:15:39 - [TEST_STEP][PASSED] - OfficerLists = [1:"Aaron Sham Wai Lun (AARON)", 2:"Azidah Bte Akmad (Mdm) (USAABD)", 3:"Chung Fong Nyen (USACFN)", 4:"David Tey Dah Wei (DAHWEI)", ... ]: null

2020-06-08 16:15:39 - [TEST_STEP][PASSED] - ValueFound = OfficerLists.find({ -> ... }): null

2020-06-08 16:15:39 - [MESSAGE][PASSED] - Call Test Case 'Test Cases/PFI Precision and Scale/HashMap Tables/OfficerLists' successfully

2020-06-08 16:15:39 - [TEST_STEP][PASSED] - println(ValueFound): null

2020-06-08 16:15:39 - [TEST_STEP][PASSED] - sendKeys(NewInputNmField, Keys.chord(ARROW_DOWN)): Keys 'DOWN + ' sent to object: 'Object Repository/Objects.HighlightElements/input_field_index'

2020-06-08 16:15:39 - [MESSAGE][PASSED] - Keys 'DOWN + ' sent to object: 'Object Repository/Objects.HighlightElements/input_field_index'

2020-06-08 16:15:39 - [TEST_STEP][PASSED] - sendKeys(NewInputNmField, Keys.chord(ARROW_DOWN)): Keys 'DOWN + ' sent to object: 'Object Repository/Objects.HighlightElements/input_field_index'

2020-06-08 16:15:39 - [MESSAGE][PASSED] - Keys 'DOWN + ' sent to object: 'Object Repository/Objects.HighlightElements/input_field_index'

2020-06-08 16:15:39 - [TEST_STEP][PASSED] - delay(DelayTime): Delayed 0 second(s)

2020-06-08 16:15:39 - [MESSAGE][PASSED] - Delayed 0 second(s)

2020-06-08 16:15:39 - [TEST_STEP][PASSED] - sendKeys(NewInputNmField, Keys.chord(ENTER)): Keys 'ENTER + ' sent to object: 'Object Repository/Objects.HighlightElements/input_field_index'

2020-06-08 16:15:39 - [MESSAGE][PASSED] - Keys 'ENTER + ' sent to object: 'Object Repository/Objects.HighlightElements/input_field_index'

2020-06-08 16:15:39 - [TEST_STEP][PASSED] - ComboBoxValue = getAttribute(NewInputNmField, "value"): Attribute 'value' of object 'Object Repository/Objects.HighlightElements/input_field_index' is: 'Chung Fong Nyen (USACFN)'

2020-06-08 16:15:39 - [MESSAGE][PASSED] - Attribute 'value' of object 'Object Repository/Objects.HighlightElements/input_field_index' is: 'Chung Fong Nyen (USACFN)'

2020-06-08 16:15:39 - [TEST_STEP][PASSED] - callTestCase(findTestCase(CallTCName), ["FindValue":ComboBoxValue, "DropdownNm":comboNm], STOP_ON_FAILURE): Call Test Case 'Test Cases/PFI Precision and Scale/HashMap Tables/OfficerLists' successfully

2020-06-08 16:15:39 - [TEST_CASE][PASSED] - Test Cases/PFI Precision and Scale/HashMap Tables/OfficerLists: Test Cases/PFI Precision and Scale/HashMap Tables/OfficerLists

2020-06-08 16:15:39 - [TEST_STEP][PASSED] - Thread.sleep(1000): null

2020-06-08 16:15:40 - [TEST_STEP][PASSED] - OfficerLists = [1:"Aaron Sham Wai Lun (AARON)", 2:"Azidah Bte Akmad (Mdm) (USAABD)", 3:"Chung Fong Nyen (USACFN)", 4:"David Tey Dah Wei (DAHWEI)", ... ]: null

2020-06-08 16:15:40 - [TEST_STEP][PASSED] - ValueFound = OfficerLists.find({ -> ... }): null

2020-06-08 16:15:40 - [MESSAGE][PASSED] - Call Test Case 'Test Cases/PFI Precision and Scale/HashMap Tables/OfficerLists' successfully

2020-06-08 16:15:40 - [TEST_STEP][PASSED] - println(ValueFound): null

2020-06-08 16:15:40 - [TEST_STEP][PASSED] - sendKeys(NewInputNmField, Keys.chord(ARROW_DOWN)): Keys 'DOWN + ' sent to object: 'Object Repository/Objects.HighlightElements/input_field_index'

2020-06-08 16:15:40 - [MESSAGE][PASSED] - Keys 'DOWN + ' sent to object: 'Object Repository/Objects.HighlightElements/input_field_index'

2020-06-08 16:15:40 - [TEST_STEP][PASSED] - sendKeys(NewInputNmField, Keys.chord(ARROW_DOWN)): Keys 'DOWN + ' sent to object: 'Object Repository/Objects.HighlightElements/input_field_index'

2020-06-08 16:15:40 - [MESSAGE][PASSED] - Keys 'DOWN + ' sent to object: 'Object Repository/Objects.HighlightElements/input_field_index'

2020-06-08 16:15:40 - [TEST_STEP][PASSED] - delay(DelayTime): Delayed 0 second(s)

2020-06-08 16:15:40 - [MESSAGE][PASSED] - Delayed 0 second(s)

2020-06-08 16:15:40 - [TEST_STEP][PASSED] - sendKeys(NewInputNmField, Keys.chord(ENTER)): Keys 'ENTER + ' sent to object: 'Object Repository/Objects.HighlightElements/input_field_index'

2020-06-08 16:15:40 - [MESSAGE][PASSED] - Keys 'ENTER + ' sent to object: 'Object Repository/Objects.HighlightElements/input_field_index'

2020-06-08 16:15:40 - [TEST_STEP][PASSED] - ComboBoxValue = getAttribute(NewInputNmField, "value"): Attribute 'value' of object 'Object Repository/Objects.HighlightElements/input_field_index' is: 'David Tey Dah Wei (DAHWEI)'

2020-06-08 16:15:40 - [MESSAGE][PASSED] - Attribute 'value' of object 'Object Repository/Objects.HighlightElements/input_field_index' is: 'David Tey Dah Wei (DAHWEI)'

2020-06-08 16:15:40 - [TEST_STEP][PASSED] - callTestCase(findTestCase(CallTCName), ["FindValue":ComboBoxValue, "DropdownNm":comboNm], STOP_ON_FAILURE): Call Test Case 'Test Cases/PFI Precision and Scale/HashMap Tables/OfficerLists' successfully

2020-06-08 16:15:40 - [TEST_CASE][PASSED] - Test Cases/PFI Precision and Scale/HashMap Tables/OfficerLists: Test Cases/PFI Precision and Scale/HashMap Tables/OfficerLists

2020-06-08 16:15:40 - [TEST_STEP][PASSED] - Thread.sleep(1000): null

2020-06-08 16:15:41 - [TEST_STEP][PASSED] - OfficerLists = [1:"Aaron Sham Wai Lun (AARON)", 2:"Azidah Bte Akmad (Mdm) (USAABD)", 3:"Chung Fong Nyen (USACFN)", 4:"David Tey Dah Wei (DAHWEI)", ... ]: null

2020-06-08 16:15:41 - [TEST_STEP][PASSED] - ValueFound = OfficerLists.find({ -> ... }): null

2020-06-08 16:15:41 - [MESSAGE][PASSED] - Call Test Case 'Test Cases/PFI Precision and Scale/HashMap Tables/OfficerLists' successfully

2020-06-08 16:15:41 - [TEST_STEP][PASSED] - println(ValueFound): null

2020-06-08 16:15:41 - [TEST_STEP][PASSED] - sendKeys(NewInputNmField, Keys.chord(ARROW_DOWN)): Keys 'DOWN + ' sent to object: 'Object Repository/Objects.HighlightElements/input_field_index'

2020-06-08 16:15:41 - [MESSAGE][PASSED] - Keys 'DOWN + ' sent to object: 'Object Repository/Objects.HighlightElements/input_field_index'

2020-06-08 16:15:41 - [TEST_STEP][PASSED] - sendKeys(NewInputNmField, Keys.chord(ARROW_DOWN)): Keys 'DOWN + ' sent to object: 'Object Repository/Objects.HighlightElements/input_field_index'

2020-06-08 16:15:42 - [MESSAGE][PASSED] - Keys 'DOWN + ' sent to object: 'Object Repository/Objects.HighlightElements/input_field_index'

2020-06-08 16:15:42 - [TEST_STEP][PASSED] - delay(DelayTime): Delayed 0 second(s)

2020-06-08 16:15:42 - [MESSAGE][PASSED] - Delayed 0 second(s)

2020-06-08 16:15:42 - [TEST_STEP][PASSED] - sendKeys(NewInputNmField, Keys.chord(ENTER)): Keys 'ENTER + ' sent to object: 'Object Repository/Objects.HighlightElements/input_field_index'

2020-06-08 16:15:42 - [MESSAGE][PASSED] - Keys 'ENTER + ' sent to object: 'Object Repository/Objects.HighlightElements/input_field_index'

2020-06-08 16:15:42 - [TEST_STEP][PASSED] - ComboBoxValue = getAttribute(NewInputNmField, "value"): Attribute 'value' of object 'Object Repository/Objects.HighlightElements/input_field_index' is: 'Han Wann Kuang (WANNKUANG)'

2020-06-08 16:15:42 - [MESSAGE][PASSED] - Attribute 'value' of object 'Object Repository/Objects.HighlightElements/input_field_index' is: 'Han Wann Kuang (WANNKUANG)'

2020-06-08 16:15:42 - [TEST_STEP][PASSED] - callTestCase(findTestCase(CallTCName), ["FindValue":ComboBoxValue, "DropdownNm":comboNm], STOP_ON_FAILURE): Call Test Case 'Test Cases/PFI Precision and Scale/HashMap Tables/OfficerLists' successfully

2020-06-08 16:15:42 - [TEST_CASE][PASSED] - Test Cases/PFI Precision and Scale/HashMap Tables/OfficerLists: Test Cases/PFI Precision and Scale/HashMap Tables/OfficerLists

2020-06-08 16:15:42 - [TEST_STEP][PASSED] - Thread.sleep(1000): null

2020-06-08 16:15:43 - [TEST_STEP][PASSED] - OfficerLists = [1:"Aaron Sham Wai Lun (AARON)", 2:"Azidah Bte Akmad (Mdm) (USAABD)", 3:"Chung Fong Nyen (USACFN)", 4:"David Tey Dah Wei (DAHWEI)", ... ]: null

2020-06-08 16:15:43 - [TEST_STEP][PASSED] - ValueFound = OfficerLists.find({ -> ... }): null

2020-06-08 16:15:43 - [MESSAGE][PASSED] - Call Test Case 'Test Cases/PFI Precision and Scale/HashMap Tables/OfficerLists' successfully

2020-06-08 16:15:43 - [TEST_STEP][PASSED] - println(ValueFound): null

2020-06-08 16:15:43 - [TEST_STEP][PASSED] - sendKeys(NewInputNmField, Keys.chord(ARROW_DOWN)): Keys 'DOWN + ' sent to object: 'Object Repository/Objects.HighlightElements/input_field_index'

2020-06-08 16:15:43 - [MESSAGE][PASSED] - Keys 'DOWN + ' sent to object: 'Object Repository/Objects.HighlightElements/input_field_index'

2020-06-08 16:15:43 - [TEST_STEP][PASSED] - sendKeys(NewInputNmField, Keys.chord(ARROW_DOWN)): Keys 'DOWN + ' sent to object: 'Object Repository/Objects.HighlightElements/input_field_index'

2020-06-08 16:15:43 - [MESSAGE][PASSED] - Keys 'DOWN + ' sent to object: 'Object Repository/Objects.HighlightElements/input_field_index'

2020-06-08 16:15:43 - [TEST_STEP][PASSED] - delay(DelayTime): Delayed 0 second(s)

2020-06-08 16:15:43 - [MESSAGE][PASSED] - Delayed 0 second(s)

2020-06-08 16:15:43 - [TEST_STEP][PASSED] - sendKeys(NewInputNmField, Keys.chord(ENTER)): Keys 'ENTER + ' sent to object: 'Object Repository/Objects.HighlightElements/input_field_index'

2020-06-08 16:15:43 - [MESSAGE][PASSED] - Keys 'ENTER + ' sent to object: 'Object Repository/Objects.HighlightElements/input_field_index'

2020-06-08 16:15:43 - [TEST_STEP][PASSED] - ComboBoxValue = getAttribute(NewInputNmField, "value"): Attribute 'value' of object 'Object Repository/Objects.HighlightElements/input_field_index' is: 'Ho Tze Siang (TZESIANG)'

2020-06-08 16:15:43 - [MESSAGE][PASSED] - Attribute 'value' of object 'Object Repository/Objects.HighlightElements/input_field_index' is: 'Ho Tze Siang (TZESIANG)'

2020-06-08 16:15:43 - [TEST_STEP][PASSED] - callTestCase(findTestCase(CallTCName), ["FindValue":ComboBoxValue, "DropdownNm":comboNm], STOP_ON_FAILURE): Call Test Case 'Test Cases/PFI Precision and Scale/HashMap Tables/OfficerLists' successfully

2020-06-08 16:15:43 - [TEST_CASE][PASSED] - Test Cases/PFI Precision and Scale/HashMap Tables/OfficerLists: Test Cases/PFI Precision and Scale/HashMap Tables/OfficerLists

2020-06-08 16:15:43 - [TEST_STEP][PASSED] - Thread.sleep(1000): null

2020-06-08 16:15:44 - [TEST_STEP][PASSED] - OfficerLists = [1:"Aaron Sham Wai Lun (AARON)", 2:"Azidah Bte Akmad (Mdm) (USAABD)", 3:"Chung Fong Nyen (USACFN)", 4:"David Tey Dah Wei (DAHWEI)", ... ]: null

2020-06-08 16:15:44 - [TEST_STEP][PASSED] - ValueFound = OfficerLists.find({ -> ... }): null

2020-06-08 16:15:44 - [MESSAGE][PASSED] - Call Test Case 'Test Cases/PFI Precision and Scale/HashMap Tables/OfficerLists' successfully

2020-06-08 16:15:44 - [TEST_STEP][PASSED] - println(ValueFound): null

2020-06-08 16:15:44 - [TEST_STEP][PASSED] - sendKeys(NewInputNmField, Keys.chord(ARROW_DOWN)): Keys 'DOWN + ' sent to object: 'Object Repository/Objects.HighlightElements/input_field_index'

2020-06-08 16:15:44 - [MESSAGE][PASSED] - Keys 'DOWN + ' sent to object: 'Object Repository/Objects.HighlightElements/input_field_index'

2020-06-08 16:15:44 - [TEST_STEP][PASSED] - sendKeys(NewInputNmField, Keys.chord(ARROW_DOWN)): Keys 'DOWN + ' sent to object: 'Object Repository/Objects.HighlightElements/input_field_index'

2020-06-08 16:15:44 - [MESSAGE][PASSED] - Keys 'DOWN + ' sent to object: 'Object Repository/Objects.HighlightElements/input_field_index'

2020-06-08 16:15:44 - [TEST_STEP][PASSED] - delay(DelayTime): Delayed 0 second(s)

2020-06-08 16:15:44 - [MESSAGE][PASSED] - Delayed 0 second(s)

2020-06-08 16:15:44 - [TEST_STEP][PASSED] - sendKeys(NewInputNmField, Keys.chord(ENTER)): Keys 'ENTER + ' sent to object: 'Object Repository/Objects.HighlightElements/input_field_index'

2020-06-08 16:15:44 - [MESSAGE][PASSED] - Keys 'ENTER + ' sent to object: 'Object Repository/Objects.HighlightElements/input_field_index'

2020-06-08 16:15:44 - [TEST_STEP][PASSED] - ComboBoxValue = getAttribute(NewInputNmField, "value"): Attribute 'value' of object 'Object Repository/Objects.HighlightElements/input_field_index' is: 'Ho-Chan Vun Ching (USAHVC)'

2020-06-08 16:15:44 - [MESSAGE][PASSED] - Attribute 'value' of object 'Object Repository/Objects.HighlightElements/input_field_index' is: 'Ho-Chan Vun Ching (USAHVC)'

2020-06-08 16:15:44 - [TEST_STEP][PASSED] - callTestCase(findTestCase(CallTCName), ["FindValue":ComboBoxValue, "DropdownNm":comboNm], STOP_ON_FAILURE): Call Test Case 'Test Cases/PFI Precision and Scale/HashMap Tables/OfficerLists' successfully

2020-06-08 16:15:44 - [TEST_CASE][PASSED] - Test Cases/PFI Precision and Scale/HashMap Tables/OfficerLists: Test Cases/PFI Precision and Scale/HashMap Tables/OfficerLists

2020-06-08 16:15:44 - [TEST_STEP][PASSED] - Thread.sleep(1000): null

2020-06-08 16:15:45 - [TEST_STEP][PASSED] - OfficerLists = [1:"Aaron Sham Wai Lun (AARON)", 2:"Azidah Bte Akmad (Mdm) (USAABD)", 3:"Chung Fong Nyen (USACFN)", 4:"David Tey Dah Wei (DAHWEI)", ... ]: null

2020-06-08 16:15:45 - [TEST_STEP][PASSED] - ValueFound = OfficerLists.find({ -> ... }): null

2020-06-08 16:15:45 - [MESSAGE][PASSED] - Call Test Case 'Test Cases/PFI Precision and Scale/HashMap Tables/OfficerLists' successfully

2020-06-08 16:15:45 - [TEST_STEP][PASSED] - println(ValueFound): null

2020-06-08 16:15:45 - [TEST_STEP][PASSED] - sendKeys(NewInputNmField, Keys.chord(ARROW_DOWN)): Keys 'DOWN + ' sent to object: 'Object Repository/Objects.HighlightElements/input_field_index'

2020-06-08 16:15:45 - [MESSAGE][PASSED] - Keys 'DOWN + ' sent to object: 'Object Repository/Objects.HighlightElements/input_field_index'

2020-06-08 16:15:45 - [TEST_STEP][PASSED] - sendKeys(NewInputNmField, Keys.chord(ARROW_DOWN)): Keys 'DOWN + ' sent to object: 'Object Repository/Objects.HighlightElements/input_field_index'

2020-06-08 16:15:45 - [MESSAGE][PASSED] - Keys 'DOWN + ' sent to object: 'Object Repository/Objects.HighlightElements/input_field_index'

2020-06-08 16:15:45 - [TEST_STEP][PASSED] - delay(DelayTime): Delayed 0 second(s)

2020-06-08 16:15:45 - [MESSAGE][PASSED] - Delayed 0 second(s)

2020-06-08 16:15:45 - [TEST_STEP][PASSED] - sendKeys(NewInputNmField, Keys.chord(ENTER)): Keys 'ENTER + ' sent to object: 'Object Repository/Objects.HighlightElements/input_field_index'

2020-06-08 16:15:45 - [MESSAGE][PASSED] - Keys 'ENTER + ' sent to object: 'Object Repository/Objects.HighlightElements/input_field_index'

2020-06-08 16:15:45 - [TEST_STEP][PASSED] - ComboBoxValue = getAttribute(NewInputNmField, "value"): Attribute 'value' of object 'Object Repository/Objects.HighlightElements/input_field_index' is: 'Janet Lee Choon Hong (JANETCHOON)'

2020-06-08 16:15:45 - [MESSAGE][PASSED] - Attribute 'value' of object 'Object Repository/Objects.HighlightElements/input_field_index' is: 'Janet Lee Choon Hong (JANETCHOON)'

2020-06-08 16:15:45 - [TEST_STEP][PASSED] - callTestCase(findTestCase(CallTCName), ["FindValue":ComboBoxValue, "DropdownNm":comboNm], STOP_ON_FAILURE): Call Test Case 'Test Cases/PFI Precision and Scale/HashMap Tables/OfficerLists' successfully

2020-06-08 16:15:45 - [TEST_CASE][PASSED] - Test Cases/PFI Precision and Scale/HashMap Tables/OfficerLists: Test Cases/PFI Precision and Scale/HashMap Tables/OfficerLists

2020-06-08 16:15:45 - [TEST_STEP][PASSED] - Thread.sleep(1000): null

2020-06-08 16:15:46 - [TEST_STEP][PASSED] - OfficerLists = [1:"Aaron Sham Wai Lun (AARON)", 2:"Azidah Bte Akmad (Mdm) (USAABD)", 3:"Chung Fong Nyen (USACFN)", 4:"David Tey Dah Wei (DAHWEI)", ... ]: null

2020-06-08 16:15:46 - [TEST_STEP][PASSED] - ValueFound = OfficerLists.find({ -> ... }): null

2020-06-08 16:15:46 - [MESSAGE][PASSED] - Call Test Case 'Test Cases/PFI Precision and Scale/HashMap Tables/OfficerLists' successfully

2020-06-08 16:15:46 - [TEST_STEP][PASSED] - println(ValueFound): null

2020-06-08 16:15:46 - [TEST_STEP][PASSED] - sendKeys(NewInputNmField, Keys.chord(ARROW_DOWN)): Keys 'DOWN + ' sent to object: 'Object Repository/Objects.HighlightElements/input_field_index'

2020-06-08 16:15:46 - [MESSAGE][PASSED] - Keys 'DOWN + ' sent to object: 'Object Repository/Objects.HighlightElements/input_field_index'

2020-06-08 16:15:46 - [TEST_STEP][PASSED] - sendKeys(NewInputNmField, Keys.chord(ARROW_DOWN)): Keys 'DOWN + ' sent to object: 'Object Repository/Objects.HighlightElements/input_field_index'

2020-06-08 16:15:47 - [MESSAGE][PASSED] - Keys 'DOWN + ' sent to object: 'Object Repository/Objects.HighlightElements/input_field_index'

2020-06-08 16:15:47 - [TEST_STEP][PASSED] - delay(DelayTime): Delayed 0 second(s)

2020-06-08 16:15:47 - [MESSAGE][PASSED] - Delayed 0 second(s)

2020-06-08 16:15:47 - [TEST_STEP][PASSED] - sendKeys(NewInputNmField, Keys.chord(ENTER)): Keys 'ENTER + ' sent to object: 'Object Repository/Objects.HighlightElements/input_field_index'

2020-06-08 16:15:47 - [MESSAGE][PASSED] - Keys 'ENTER + ' sent to object: 'Object Repository/Objects.HighlightElements/input_field_index'

2020-06-08 16:15:47 - [TEST_STEP][PASSED] - ComboBoxValue = getAttribute(NewInputNmField, "value"): Attribute 'value' of object 'Object Repository/Objects.HighlightElements/input_field_index' is: 'Joseph Lim Pheng Weng (PHENGWENG)'

2020-06-08 16:15:47 - [MESSAGE][PASSED] - Attribute 'value' of object 'Object Repository/Objects.HighlightElements/input_field_index' is: 'Joseph Lim Pheng Weng (PHENGWENG)'

2020-06-08 16:15:47 - [TEST_STEP][PASSED] - callTestCase(findTestCase(CallTCName), ["FindValue":ComboBoxValue, "DropdownNm":comboNm], STOP_ON_FAILURE): Call Test Case 'Test Cases/PFI Precision and Scale/HashMap Tables/OfficerLists' successfully

2020-06-08 16:15:47 - [TEST_CASE][PASSED] - Test Cases/PFI Precision and Scale/HashMap Tables/OfficerLists: Test Cases/PFI Precision and Scale/HashMap Tables/OfficerLists

2020-06-08 16:15:47 - [TEST_STEP][PASSED] - Thread.sleep(1000): null

2020-06-08 16:15:48 - [TEST_STEP][PASSED] - OfficerLists = [1:"Aaron Sham Wai Lun (AARON)", 2:"Azidah Bte Akmad (Mdm) (USAABD)", 3:"Chung Fong Nyen (USACFN)", 4:"David Tey Dah Wei (DAHWEI)", ... ]: null

2020-06-08 16:15:48 - [TEST_STEP][PASSED] - ValueFound = OfficerLists.find({ -> ... }): null

2020-06-08 16:15:48 - [MESSAGE][PASSED] - Call Test Case 'Test Cases/PFI Precision and Scale/HashMap Tables/OfficerLists' successfully

2020-06-08 16:15:48 - [TEST_STEP][PASSED] - println(ValueFound): null

2020-06-08 16:15:48 - [TEST_STEP][PASSED] - sendKeys(NewInputNmField, Keys.chord(ARROW_DOWN)): Keys 'DOWN + ' sent to object: 'Object Repository/Objects.HighlightElements/input_field_index'

2020-06-08 16:15:48 - [MESSAGE][PASSED] - Keys 'DOWN + ' sent to object: 'Object Repository/Objects.HighlightElements/input_field_index'

2020-06-08 16:15:48 - [TEST_STEP][PASSED] - sendKeys(NewInputNmField, Keys.chord(ARROW_DOWN)): Keys 'DOWN + ' sent to object: 'Object Repository/Objects.HighlightElements/input_field_index'

2020-06-08 16:15:48 - [MESSAGE][PASSED] - Keys 'DOWN + ' sent to object: 'Object Repository/Objects.HighlightElements/input_field_index'

2020-06-08 16:15:48 - [TEST_STEP][PASSED] - delay(DelayTime): Delayed 0 second(s)

2020-06-08 16:15:48 - [MESSAGE][PASSED] - Delayed 0 second(s)

2020-06-08 16:15:48 - [TEST_STEP][PASSED] - sendKeys(NewInputNmField, Keys.chord(ENTER)): Keys 'ENTER + ' sent to object: 'Object Repository/Objects.HighlightElements/input_field_index'

2020-06-08 16:15:48 - [MESSAGE][PASSED] - Keys 'ENTER + ' sent to object: 'Object Repository/Objects.HighlightElements/input_field_index'

2020-06-08 16:15:48 - [TEST_STEP][PASSED] - ComboBoxValue = getAttribute(NewInputNmField, "value"): Attribute 'value' of object 'Object Repository/Objects.HighlightElements/input_field_index' is: 'Kaliannan Thanabal (KALIANN)'

2020-06-08 16:15:48 - [MESSAGE][PASSED] - Attribute 'value' of object 'Object Repository/Objects.HighlightElements/input_field_index' is: 'Kaliannan Thanabal (KALIANN)'

2020-06-08 16:15:48 - [TEST_STEP][PASSED] - callTestCase(findTestCase(CallTCName), ["FindValue":ComboBoxValue, "DropdownNm":comboNm], STOP_ON_FAILURE): Call Test Case 'Test Cases/PFI Precision and Scale/HashMap Tables/OfficerLists' successfully

2020-06-08 16:15:48 - [TEST_CASE][PASSED] - Test Cases/PFI Precision and Scale/HashMap Tables/OfficerLists: Test Cases/PFI Precision and Scale/HashMap Tables/OfficerLists

2020-06-08 16:15:48 - [TEST_STEP][PASSED] - Thread.sleep(1000): null

2020-06-08 16:15:49 - [TEST_STEP][PASSED] - OfficerLists = [1:"Aaron Sham Wai Lun (AARON)", 2:"Azidah Bte Akmad (Mdm) (USAABD)", 3:"Chung Fong Nyen (USACFN)", 4:"David Tey Dah Wei (DAHWEI)", ... ]: null

2020-06-08 16:15:49 - [TEST_STEP][PASSED] - ValueFound = OfficerLists.find({ -> ... }): null

2020-06-08 16:15:49 - [MESSAGE][PASSED] - Call Test Case 'Test Cases/PFI Precision and Scale/HashMap Tables/OfficerLists' successfully

2020-06-08 16:15:49 - [TEST_STEP][PASSED] - println(ValueFound): null

2020-06-08 16:15:49 - [TEST_STEP][PASSED] - sendKeys(NewInputNmField, Keys.chord(ARROW_DOWN)): Keys 'DOWN + ' sent to object: 'Object Repository/Objects.HighlightElements/input_field_index'

2020-06-08 16:15:49 - [MESSAGE][PASSED] - Keys 'DOWN + ' sent to object: 'Object Repository/Objects.HighlightElements/input_field_index'

2020-06-08 16:15:49 - [TEST_STEP][PASSED] - sendKeys(NewInputNmField, Keys.chord(ARROW_DOWN)): Keys 'DOWN + ' sent to object: 'Object Repository/Objects.HighlightElements/input_field_index'

2020-06-08 16:15:49 - [MESSAGE][PASSED] - Keys 'DOWN + ' sent to object: 'Object Repository/Objects.HighlightElements/input_field_index'

2020-06-08 16:15:49 - [TEST_STEP][PASSED] - delay(DelayTime): Delayed 0 second(s)

2020-06-08 16:15:49 - [MESSAGE][PASSED] - Delayed 0 second(s)

2020-06-08 16:15:49 - [TEST_STEP][PASSED] - sendKeys(NewInputNmField, Keys.chord(ENTER)): Keys 'ENTER + ' sent to object: 'Object Repository/Objects.HighlightElements/input_field_index'

2020-06-08 16:15:49 - [MESSAGE][PASSED] - Keys 'ENTER + ' sent to object: 'Object Repository/Objects.HighlightElements/input_field_index'

2020-06-08 16:15:49 - [TEST_STEP][PASSED] - ComboBoxValue = getAttribute(NewInputNmField, "value"): Attribute 'value' of object 'Object Repository/Objects.HighlightElements/input_field_index' is: 'Kelvin Phua Meng Thong (MENGTHONG)'

2020-06-08 16:15:49 - [MESSAGE][PASSED] - Attribute 'value' of object 'Object Repository/Objects.HighlightElements/input_field_index' is: 'Kelvin Phua Meng Thong (MENGTHONG)'

2020-06-08 16:15:49 - [TEST_STEP][PASSED] - callTestCase(findTestCase(CallTCName), ["FindValue":ComboBoxValue, "DropdownNm":comboNm], STOP_ON_FAILURE): Call Test Case 'Test Cases/PFI Precision and Scale/HashMap Tables/OfficerLists' successfully

2020-06-08 16:15:49 - [TEST_CASE][PASSED] - Test Cases/PFI Precision and Scale/HashMap Tables/OfficerLists: Test Cases/PFI Precision and Scale/HashMap Tables/OfficerLists

2020-06-08 16:15:49 - [TEST_STEP][PASSED] - Thread.sleep(1000): null

2020-06-08 16:15:50 - [TEST_STEP][PASSED] - OfficerLists = [1:"Aaron Sham Wai Lun (AARON)", 2:"Azidah Bte Akmad (Mdm) (USAABD)", 3:"Chung Fong Nyen (USACFN)", 4:"David Tey Dah Wei (DAHWEI)", ... ]: null

2020-06-08 16:15:50 - [TEST_STEP][PASSED] - ValueFound = OfficerLists.find({ -> ... }): null

2020-06-08 16:15:50 - [MESSAGE][PASSED] - Call Test Case 'Test Cases/PFI Precision and Scale/HashMap Tables/OfficerLists' successfully

2020-06-08 16:15:50 - [TEST_STEP][PASSED] - println(ValueFound): null

2020-06-08 16:15:50 - [TEST_STEP][PASSED] - sendKeys(NewInputNmField, Keys.chord(ARROW_DOWN)): Keys 'DOWN + ' sent to object: 'Object Repository/Objects.HighlightElements/input_field_index'

2020-06-08 16:15:50 - [MESSAGE][PASSED] - Keys 'DOWN + ' sent to object: 'Object Repository/Objects.HighlightElements/input_field_index'

2020-06-08 16:15:50 - [TEST_STEP][PASSED] - sendKeys(NewInputNmField, Keys.chord(ARROW_DOWN)): Keys 'DOWN + ' sent to object: 'Object Repository/Objects.HighlightElements/input_field_index'

2020-06-08 16:15:50 - [MESSAGE][PASSED] - Keys 'DOWN + ' sent to object: 'Object Repository/Objects.HighlightElements/input_field_index'

2020-06-08 16:15:50 - [TEST_STEP][PASSED] - delay(DelayTime): Delayed 0 second(s)

2020-06-08 16:15:50 - [MESSAGE][PASSED] - Delayed 0 second(s)

2020-06-08 16:15:50 - [TEST_STEP][PASSED] - sendKeys(NewInputNmField, Keys.chord(ENTER)): Keys 'ENTER + ' sent to object: 'Object Repository/Objects.HighlightElements/input_field_index'

2020-06-08 16:15:50 - [MESSAGE][PASSED] - Keys 'ENTER + ' sent to object: 'Object Repository/Objects.HighlightElements/input_field_index'

2020-06-08 16:15:50 - [TEST_STEP][PASSED] - ComboBoxValue = getAttribute(NewInputNmField, "value"): Attribute 'value' of object 'Object Repository/Objects.HighlightElements/input_field_index' is: 'Lee Kok Tien (USAKTL)'

2020-06-08 16:15:50 - [MESSAGE][PASSED] - Attribute 'value' of object 'Object Repository/Objects.HighlightElements/input_field_index' is: 'Lee Kok Tien (USAKTL)'

2020-06-08 16:15:50 - [TEST_STEP][PASSED] - callTestCase(findTestCase(CallTCName), ["FindValue":ComboBoxValue, "DropdownNm":comboNm], STOP_ON_FAILURE): Call Test Case 'Test Cases/PFI Precision and Scale/HashMap Tables/OfficerLists' successfully

2020-06-08 16:15:50 - [TEST_CASE][PASSED] - Test Cases/PFI Precision and Scale/HashMap Tables/OfficerLists: Test Cases/PFI Precision and Scale/HashMap Tables/OfficerLists

2020-06-08 16:15:50 - [TEST_STEP][PASSED] - Thread.sleep(1000): null

2020-06-08 16:15:51 - [TEST_STEP][PASSED] - OfficerLists = [1:"Aaron Sham Wai Lun (AARON)", 2:"Azidah Bte Akmad (Mdm) (USAABD)", 3:"Chung Fong Nyen (USACFN)", 4:"David Tey Dah Wei (DAHWEI)", ... ]: null

2020-06-08 16:15:51 - [TEST_STEP][PASSED] - ValueFound = OfficerLists.find({ -> ... }): null

2020-06-08 16:15:51 - [MESSAGE][PASSED] - Call Test Case 'Test Cases/PFI Precision and Scale/HashMap Tables/OfficerLists' successfully

2020-06-08 16:15:52 - [TEST_STEP][PASSED] - println(ValueFound): null

2020-06-08 16:15:52 - [TEST_STEP][PASSED] - sendKeys(NewInputNmField, Keys.chord(ARROW_DOWN)): Keys 'DOWN + ' sent to object: 'Object Repository/Objects.HighlightElements/input_field_index'

2020-06-08 16:15:52 - [MESSAGE][PASSED] - Keys 'DOWN + ' sent to object: 'Object Repository/Objects.HighlightElements/input_field_index'

2020-06-08 16:15:52 - [TEST_STEP][PASSED] - sendKeys(NewInputNmField, Keys.chord(ARROW_DOWN)): Keys 'DOWN + ' sent to object: 'Object Repository/Objects.HighlightElements/input_field_index'

2020-06-08 16:15:52 - [MESSAGE][PASSED] - Keys 'DOWN + ' sent to object: 'Object Repository/Objects.HighlightElements/input_field_index'

2020-06-08 16:15:52 - [TEST_STEP][PASSED] - delay(DelayTime): Delayed 0 second(s)

2020-06-08 16:15:52 - [MESSAGE][PASSED] - Delayed 0 second(s)

2020-06-08 16:15:52 - [TEST_STEP][PASSED] - sendKeys(NewInputNmField, Keys.chord(ENTER)): Keys 'ENTER + ' sent to object: 'Object Repository/Objects.HighlightElements/input_field_index'

2020-06-08 16:15:52 - [MESSAGE][PASSED] - Keys 'ENTER + ' sent to object: 'Object Repository/Objects.HighlightElements/input_field_index'

2020-06-08 16:15:52 - [TEST_STEP][PASSED] - ComboBoxValue = getAttribute(NewInputNmField, "value"): Attribute 'value' of object 'Object Repository/Objects.HighlightElements/input_field_index' is: 'Lim Beng Kwee (BENGKWEE)'

2020-06-08 16:15:52 - [MESSAGE][PASSED] - Attribute 'value' of object 'Object Repository/Objects.HighlightElements/input_field_index' is: 'Lim Beng Kwee (BENGKWEE)'

2020-06-08 16:15:52 - [TEST_STEP][PASSED] - callTestCase(findTestCase(CallTCName), ["FindValue":ComboBoxValue, "DropdownNm":comboNm], STOP_ON_FAILURE): Call Test Case 'Test Cases/PFI Precision and Scale/HashMap Tables/OfficerLists' successfully

2020-06-08 16:15:52 - [TEST_CASE][PASSED] - Test Cases/PFI Precision and Scale/HashMap Tables/OfficerLists: Test Cases/PFI Precision and Scale/HashMap Tables/OfficerLists

2020-06-08 16:15:52 - [TEST_STEP][PASSED] - Thread.sleep(1000): null

2020-06-08 16:15:53 - [TEST_STEP][PASSED] - OfficerLists = [1:"Aaron Sham Wai Lun (AARON)", 2:"Azidah Bte Akmad (Mdm) (USAABD)", 3:"Chung Fong Nyen (USACFN)", 4:"David Tey Dah Wei (DAHWEI)", ... ]: null

2020-06-08 16:15:53 - [TEST_STEP][PASSED] - ValueFound = OfficerLists.find({ -> ... }): null

2020-06-08 16:15:53 - [MESSAGE][PASSED] - Call Test Case 'Test Cases/PFI Precision and Scale/HashMap Tables/OfficerLists' successfully

2020-06-08 16:15:53 - [TEST_STEP][PASSED] - println(ValueFound): null

2020-06-08 16:15:53 - [TEST_STEP][PASSED] - sendKeys(NewInputNmField, Keys.chord(ARROW_DOWN)): Keys 'DOWN + ' sent to object: 'Object Repository/Objects.HighlightElements/input_field_index'

2020-06-08 16:15:53 - [MESSAGE][PASSED] - Keys 'DOWN + ' sent to object: 'Object Repository/Objects.HighlightElements/input_field_index'

2020-06-08 16:15:53 - [TEST_STEP][PASSED] - sendKeys(NewInputNmField, Keys.chord(ARROW_DOWN)): Keys 'DOWN + ' sent to object: 'Object Repository/Objects.HighlightElements/input_field_index'

2020-06-08 16:15:53 - [MESSAGE][PASSED] - Keys 'DOWN + ' sent to object: 'Object Repository/Objects.HighlightElements/input_field_index'

2020-06-08 16:15:53 - [TEST_STEP][PASSED] - delay(DelayTime): Delayed 0 second(s)

2020-06-08 16:15:53 - [MESSAGE][PASSED] - Delayed 0 second(s)

2020-06-08 16:15:53 - [TEST_STEP][PASSED] - sendKeys(NewInputNmField, Keys.chord(ENTER)): Keys 'ENTER + ' sent to object: 'Object Repository/Objects.HighlightElements/input_field_index'

2020-06-08 16:15:53 - [MESSAGE][PASSED] - Keys 'ENTER + ' sent to object: 'Object Repository/Objects.HighlightElements/input_field_index'

2020-06-08 16:15:53 - [TEST_STEP][PASSED] - ComboBoxValue = getAttribute(NewInputNmField, "value"): Attribute 'value' of object 'Object Repository/Objects.HighlightElements/input_field_index' is: 'Lim Leng Boon (LENGBOON)'

2020-06-08 16:15:53 - [MESSAGE][PASSED] - Attribute 'value' of object 'Object Repository/Objects.HighlightElements/input_field_index' is: 'Lim Leng Boon (LENGBOON)'

2020-06-08 16:15:53 - [TEST_STEP][PASSED] - callTestCase(findTestCase(CallTCName), ["FindValue":ComboBoxValue, "DropdownNm":comboNm], STOP_ON_FAILURE): Call Test Case 'Test Cases/PFI Precision and Scale/HashMap Tables/OfficerLists' successfully

2020-06-08 16:15:53 - [TEST_CASE][PASSED] - Test Cases/PFI Precision and Scale/HashMap Tables/OfficerLists: Test Cases/PFI Precision and Scale/HashMap Tables/OfficerLists

2020-06-08 16:15:53 - [TEST_STEP][PASSED] - Thread.sleep(1000): null

2020-06-08 16:15:54 - [TEST_STEP][PASSED] - OfficerLists = [1:"Aaron Sham Wai Lun (AARON)", 2:"Azidah Bte Akmad (Mdm) (USAABD)", 3:"Chung Fong Nyen (USACFN)", 4:"David Tey Dah Wei (DAHWEI)", ... ]: null

2020-06-08 16:15:54 - [TEST_STEP][PASSED] - ValueFound = OfficerLists.find({ -> ... }): null

2020-06-08 16:15:54 - [MESSAGE][PASSED] - Call Test Case 'Test Cases/PFI Precision and Scale/HashMap Tables/OfficerLists' successfully

2020-06-08 16:15:54 - [TEST_STEP][PASSED] - println(ValueFound): null

2020-06-08 16:15:54 - [TEST_STEP][PASSED] - sendKeys(NewInputNmField, Keys.chord(ARROW_DOWN)): Keys 'DOWN + ' sent to object: 'Object Repository/Objects.HighlightElements/input_field_index'

2020-06-08 16:15:54 - [MESSAGE][PASSED] - Keys 'DOWN + ' sent to object: 'Object Repository/Objects.HighlightElements/input_field_index'

2020-06-08 16:15:54 - [TEST_STEP][PASSED] - sendKeys(NewInputNmField, Keys.chord(ARROW_DOWN)): Keys 'DOWN + ' sent to object: 'Object Repository/Objects.HighlightElements/input_field_index'

2020-06-08 16:15:54 - [MESSAGE][PASSED] - Keys 'DOWN + ' sent to object: 'Object Repository/Objects.HighlightElements/input_field_index'

2020-06-08 16:15:54 - [TEST_STEP][PASSED] - delay(DelayTime): Delayed 0 second(s)

2020-06-08 16:15:54 - [MESSAGE][PASSED] - Delayed 0 second(s)

2020-06-08 16:15:54 - [TEST_STEP][PASSED] - sendKeys(NewInputNmField, Keys.chord(ENTER)): Keys 'ENTER + ' sent to object: 'Object Repository/Objects.HighlightElements/input_field_index'

2020-06-08 16:15:54 - [MESSAGE][PASSED] - Keys 'ENTER + ' sent to object: 'Object Repository/Objects.HighlightElements/input_field_index'

2020-06-08 16:15:54 - [TEST_STEP][PASSED] - ComboBoxValue = getAttribute(NewInputNmField, "value"): Attribute 'value' of object 'Object Repository/Objects.HighlightElements/input_field_index' is: 'Liu Xiaopeng (XIAOPENG)'

2020-06-08 16:15:54 - [MESSAGE][PASSED] - Attribute 'value' of object 'Object Repository/Objects.HighlightElements/input_field_index' is: 'Liu Xiaopeng (XIAOPENG)'

2020-06-08 16:15:54 - [TEST_STEP][PASSED] - callTestCase(findTestCase(CallTCName), ["FindValue":ComboBoxValue, "DropdownNm":comboNm], STOP_ON_FAILURE): Call Test Case 'Test Cases/PFI Precision and Scale/HashMap Tables/OfficerLists' successfully

2020-06-08 16:15:54 - [TEST_CASE][PASSED] - Test Cases/PFI Precision and Scale/HashMap Tables/OfficerLists: Test Cases/PFI Precision and Scale/HashMap Tables/OfficerLists

2020-06-08 16:15:54 - [TEST_STEP][PASSED] - Thread.sleep(1000): null

2020-06-08 16:15:55 - [TEST_STEP][PASSED] - OfficerLists = [1:"Aaron Sham Wai Lun (AARON)", 2:"Azidah Bte Akmad (Mdm) (USAABD)", 3:"Chung Fong Nyen (USACFN)", 4:"David Tey Dah Wei (DAHWEI)", ... ]: null

2020-06-08 16:15:55 - [TEST_STEP][PASSED] - ValueFound = OfficerLists.find({ -> ... }): null

2020-06-08 16:15:55 - [MESSAGE][PASSED] - Call Test Case 'Test Cases/PFI Precision and Scale/HashMap Tables/OfficerLists' successfully

2020-06-08 16:15:55 - [TEST_STEP][PASSED] - println(ValueFound): null

2020-06-08 16:15:55 - [TEST_STEP][PASSED] - sendKeys(NewInputNmField, Keys.chord(ARROW_DOWN)): Keys 'DOWN + ' sent to object: 'Object Repository/Objects.HighlightElements/input_field_index'

2020-06-08 16:15:55 - [MESSAGE][PASSED] - Keys 'DOWN + ' sent to object: 'Object Repository/Objects.HighlightElements/input_field_index'

2020-06-08 16:15:55 - [TEST_STEP][PASSED] - sendKeys(NewInputNmField, Keys.chord(ARROW_DOWN)): Keys 'DOWN + ' sent to object: 'Object Repository/Objects.HighlightElements/input_field_index'

2020-06-08 16:15:55 - [MESSAGE][PASSED] - Keys 'DOWN + ' sent to object: 'Object Repository/Objects.HighlightElements/input_field_index'

2020-06-08 16:15:55 - [TEST_STEP][PASSED] - delay(DelayTime): Delayed 0 second(s)

2020-06-08 16:15:55 - [MESSAGE][PASSED] - Delayed 0 second(s)

2020-06-08 16:15:55 - [TEST_STEP][PASSED] - sendKeys(NewInputNmField, Keys.chord(ENTER)): Keys 'ENTER + ' sent to object: 'Object Repository/Objects.HighlightElements/input_field_index'

2020-06-08 16:15:55 - [MESSAGE][PASSED] - Keys 'ENTER + ' sent to object: 'Object Repository/Objects.HighlightElements/input_field_index'

2020-06-08 16:15:55 - [TEST_STEP][PASSED] - ComboBoxValue = getAttribute(NewInputNmField, "value"): Attribute 'value' of object 'Object Repository/Objects.HighlightElements/input_field_index' is: 'Lu Ji Ju (Mdm) (USALJJ)'

2020-06-08 16:15:55 - [MESSAGE][PASSED] - Attribute 'value' of object 'Object Repository/Objects.HighlightElements/input_field_index' is: 'Lu Ji Ju (Mdm) (USALJJ)'

2020-06-08 16:15:55 - [TEST_STEP][PASSED] - callTestCase(findTestCase(CallTCName), ["FindValue":ComboBoxValue, "DropdownNm":comboNm], STOP_ON_FAILURE): Call Test Case 'Test Cases/PFI Precision and Scale/HashMap Tables/OfficerLists' successfully

2020-06-08 16:15:55 - [TEST_CASE][PASSED] - Test Cases/PFI Precision and Scale/HashMap Tables/OfficerLists: Test Cases/PFI Precision and Scale/HashMap Tables/OfficerLists

2020-06-08 16:15:55 - [TEST_STEP][PASSED] - Thread.sleep(1000): null

2020-06-08 16:15:56 - [TEST_STEP][PASSED] - OfficerLists = [1:"Aaron Sham Wai Lun (AARON)", 2:"Azidah Bte Akmad (Mdm) (USAABD)", 3:"Chung Fong Nyen (USACFN)", 4:"David Tey Dah Wei (DAHWEI)", ... ]: null

2020-06-08 16:15:56 - [TEST_STEP][PASSED] - ValueFound = OfficerLists.find({ -> ... }): null

2020-06-08 16:15:56 - [MESSAGE][PASSED] - Call Test Case 'Test Cases/PFI Precision and Scale/HashMap Tables/OfficerLists' successfully

2020-06-08 16:15:56 - [TEST_STEP][PASSED] - println(ValueFound): null

2020-06-08 16:15:56 - [TEST_STEP][PASSED] - sendKeys(NewInputNmField, Keys.chord(ARROW_DOWN)): Keys 'DOWN + ' sent to object: 'Object Repository/Objects.HighlightElements/input_field_index'

2020-06-08 16:15:57 - [MESSAGE][PASSED] - Keys 'DOWN + ' sent to object: 'Object Repository/Objects.HighlightElements/input_field_index'

2020-06-08 16:15:57 - [TEST_STEP][PASSED] - sendKeys(NewInputNmField, Keys.chord(ARROW_DOWN)): Keys 'DOWN + ' sent to object: 'Object Repository/Objects.HighlightElements/input_field_index'

2020-06-08 16:15:57 - [MESSAGE][PASSED] - Keys 'DOWN + ' sent to object: 'Object Repository/Objects.HighlightElements/input_field_index'

2020-06-08 16:15:57 - [TEST_STEP][PASSED] - delay(DelayTime): Delayed 0 second(s)

2020-06-08 16:15:57 - [MESSAGE][PASSED] - Delayed 0 second(s)

2020-06-08 16:15:57 - [TEST_STEP][PASSED] - sendKeys(NewInputNmField, Keys.chord(ENTER)): Keys 'ENTER + ' sent to object: 'Object Repository/Objects.HighlightElements/input_field_index'

2020-06-08 16:15:57 - [MESSAGE][PASSED] - Keys 'ENTER + ' sent to object: 'Object Repository/Objects.HighlightElements/input_field_index'

2020-06-08 16:15:57 - [TEST_STEP][PASSED] - ComboBoxValue = getAttribute(NewInputNmField, "value"): Attribute 'value' of object 'Object Repository/Objects.HighlightElements/input_field_index' is: 'Mohd Jeffri Bin Abdul Rahim (MOHDJEFFRI)'

2020-06-08 16:15:57 - [MESSAGE][PASSED] - Attribute 'value' of object 'Object Repository/Objects.HighlightElements/input_field_index' is: 'Mohd Jeffri Bin Abdul Rahim (MOHDJEFFRI)'

2020-06-08 16:15:57 - [TEST_STEP][PASSED] - callTestCase(findTestCase(CallTCName), ["FindValue":ComboBoxValue, "DropdownNm":comboNm], STOP_ON_FAILURE): Call Test Case 'Test Cases/PFI Precision and Scale/HashMap Tables/OfficerLists' successfully

2020-06-08 16:15:57 - [TEST_CASE][PASSED] - Test Cases/PFI Precision and Scale/HashMap Tables/OfficerLists: Test Cases/PFI Precision and Scale/HashMap Tables/OfficerLists

2020-06-08 16:15:57 - [TEST_STEP][PASSED] - Thread.sleep(1000): null

2020-06-08 16:15:58 - [TEST_STEP][PASSED] - OfficerLists = [1:"Aaron Sham Wai Lun (AARON)", 2:"Azidah Bte Akmad (Mdm) (USAABD)", 3:"Chung Fong Nyen (USACFN)", 4:"David Tey Dah Wei (DAHWEI)", ... ]: null

2020-06-08 16:15:58 - [TEST_STEP][PASSED] - ValueFound = OfficerLists.find({ -> ... }): null

2020-06-08 16:15:58 - [MESSAGE][PASSED] - Call Test Case 'Test Cases/PFI Precision and Scale/HashMap Tables/OfficerLists' successfully

2020-06-08 16:15:58 - [TEST_STEP][PASSED] - println(ValueFound): null

2020-06-08 16:15:58 - [TEST_STEP][PASSED] - sendKeys(NewInputNmField, Keys.chord(ARROW_DOWN)): Keys 'DOWN + ' sent to object: 'Object Repository/Objects.HighlightElements/input_field_index'

2020-06-08 16:15:58 - [MESSAGE][PASSED] - Keys 'DOWN + ' sent to object: 'Object Repository/Objects.HighlightElements/input_field_index'

2020-06-08 16:15:58 - [TEST_STEP][PASSED] - sendKeys(NewInputNmField, Keys.chord(ARROW_DOWN)): Keys 'DOWN + ' sent to object: 'Object Repository/Objects.HighlightElements/input_field_index'

2020-06-08 16:15:58 - [MESSAGE][PASSED] - Keys 'DOWN + ' sent to object: 'Object Repository/Objects.HighlightElements/input_field_index'

2020-06-08 16:15:58 - [TEST_STEP][PASSED] - delay(DelayTime): Delayed 0 second(s)

2020-06-08 16:15:58 - [MESSAGE][PASSED] - Delayed 0 second(s)

2020-06-08 16:15:58 - [TEST_STEP][PASSED] - sendKeys(NewInputNmField, Keys.chord(ENTER)): Keys 'ENTER + ' sent to object: 'Object Repository/Objects.HighlightElements/input_field_index'

2020-06-08 16:15:58 - [MESSAGE][PASSED] - Keys 'ENTER + ' sent to object: 'Object Repository/Objects.HighlightElements/input_field_index'

2020-06-08 16:15:58 - [TEST_STEP][PASSED] - ComboBoxValue = getAttribute(NewInputNmField, "value"): Attribute 'value' of object 'Object Repository/Objects.HighlightElements/input_field_index' is: 'Richard Lim Fang Ping (FANGPING)'

2020-06-08 16:15:58 - [MESSAGE][PASSED] - Attribute 'value' of object 'Object Repository/Objects.HighlightElements/input_field_index' is: 'Richard Lim Fang Ping (FANGPING)'

2020-06-08 16:15:58 - [TEST_STEP][PASSED] - callTestCase(findTestCase(CallTCName), ["FindValue":ComboBoxValue, "DropdownNm":comboNm], STOP_ON_FAILURE): Call Test Case 'Test Cases/PFI Precision and Scale/HashMap Tables/OfficerLists' successfully

2020-06-08 16:15:58 - [TEST_CASE][PASSED] - Test Cases/PFI Precision and Scale/HashMap Tables/OfficerLists: Test Cases/PFI Precision and Scale/HashMap Tables/OfficerLists

2020-06-08 16:15:58 - [TEST_STEP][PASSED] - Thread.sleep(1000): null

2020-06-08 16:15:59 - [TEST_STEP][PASSED] - OfficerLists = [1:"Aaron Sham Wai Lun (AARON)", 2:"Azidah Bte Akmad (Mdm) (USAABD)", 3:"Chung Fong Nyen (USACFN)", 4:"David Tey Dah Wei (DAHWEI)", ... ]: null

2020-06-08 16:15:59 - [TEST_STEP][PASSED] - ValueFound = OfficerLists.find({ -> ... }): null

2020-06-08 16:15:59 - [MESSAGE][PASSED] - Call Test Case 'Test Cases/PFI Precision and Scale/HashMap Tables/OfficerLists' successfully

2020-06-08 16:15:59 - [TEST_STEP][PASSED] - println(ValueFound): null

2020-06-08 16:15:59 - [TEST_STEP][PASSED] - sendKeys(NewInputNmField, Keys.chord(ARROW_DOWN)): Keys 'DOWN + ' sent to object: 'Object Repository/Objects.HighlightElements/input_field_index'

2020-06-08 16:15:59 - [MESSAGE][PASSED] - Keys 'DOWN + ' sent to object: 'Object Repository/Objects.HighlightElements/input_field_index'

2020-06-08 16:15:59 - [TEST_STEP][PASSED] - sendKeys(NewInputNmField, Keys.chord(ARROW_DOWN)): Keys 'DOWN + ' sent to object: 'Object Repository/Objects.HighlightElements/input_field_index'

2020-06-08 16:15:59 - [MESSAGE][PASSED] - Keys 'DOWN + ' sent to object: 'Object Repository/Objects.HighlightElements/input_field_index'

2020-06-08 16:15:59 - [TEST_STEP][PASSED] - delay(DelayTime): Delayed 0 second(s)

2020-06-08 16:15:59 - [MESSAGE][PASSED] - Delayed 0 second(s)

2020-06-08 16:15:59 - [TEST_STEP][PASSED] - sendKeys(NewInputNmField, Keys.chord(ENTER)): Keys 'ENTER + ' sent to object: 'Object Repository/Objects.HighlightElements/input_field_index'

2020-06-08 16:15:59 - [MESSAGE][PASSED] - Keys 'ENTER + ' sent to object: 'Object Repository/Objects.HighlightElements/input_field_index'

2020-06-08 16:15:59 - [TEST_STEP][PASSED] - ComboBoxValue = getAttribute(NewInputNmField, "value"): Attribute 'value' of object 'Object Repository/Objects.HighlightElements/input_field_index' is: 'RITA WONG SIONG ING (RITAWONG)'

2020-06-08 16:15:59 - [MESSAGE][PASSED] - Attribute 'value' of object 'Object Repository/Objects.HighlightElements/input_field_index' is: 'RITA WONG SIONG ING (RITAWONG)'

2020-06-08 16:15:59 - [TEST_STEP][PASSED] - callTestCase(findTestCase(CallTCName), ["FindValue":ComboBoxValue, "DropdownNm":comboNm], STOP_ON_FAILURE): Call Test Case 'Test Cases/PFI Precision and Scale/HashMap Tables/OfficerLists' successfully

2020-06-08 16:15:59 - [TEST_CASE][PASSED] - Test Cases/PFI Precision and Scale/HashMap Tables/OfficerLists: Test Cases/PFI Precision and Scale/HashMap Tables/OfficerLists

2020-06-08 16:15:59 - [TEST_STEP][PASSED] - Thread.sleep(1000): null

2020-06-08 16:16:00 - [TEST_STEP][PASSED] - OfficerLists = [1:"Aaron Sham Wai Lun (AARON)", 2:"Azidah Bte Akmad (Mdm) (USAABD)", 3:"Chung Fong Nyen (USACFN)", 4:"David Tey Dah Wei (DAHWEI)", ... ]: null

2020-06-08 16:16:00 - [TEST_STEP][PASSED] - ValueFound = OfficerLists.find({ -> ... }): null

2020-06-08 16:16:00 - [MESSAGE][PASSED] - Call Test Case 'Test Cases/PFI Precision and Scale/HashMap Tables/OfficerLists' successfully

2020-06-08 16:16:00 - [TEST_STEP][PASSED] - println(ValueFound): null

2020-06-08 16:16:00 - [TEST_STEP][PASSED] - sendKeys(NewInputNmField, Keys.chord(ARROW_DOWN)): Keys 'DOWN + ' sent to object: 'Object Repository/Objects.HighlightElements/input_field_index'

2020-06-08 16:16:00 - [MESSAGE][PASSED] - Keys 'DOWN + ' sent to object: 'Object Repository/Objects.HighlightElements/input_field_index'

2020-06-08 16:16:00 - [TEST_STEP][PASSED] - sendKeys(NewInputNmField, Keys.chord(ARROW_DOWN)): Keys 'DOWN + ' sent to object: 'Object Repository/Objects.HighlightElements/input_field_index'

2020-06-08 16:16:00 - [MESSAGE][PASSED] - Keys 'DOWN + ' sent to object: 'Object Repository/Objects.HighlightElements/input_field_index'

2020-06-08 16:16:00 - [TEST_STEP][PASSED] - delay(DelayTime): Delayed 0 second(s)

2020-06-08 16:16:00 - [MESSAGE][PASSED] - Delayed 0 second(s)

2020-06-08 16:16:00 - [TEST_STEP][PASSED] - sendKeys(NewInputNmField, Keys.chord(ENTER)): Keys 'ENTER + ' sent to object: 'Object Repository/Objects.HighlightElements/input_field_index'

2020-06-08 16:16:00 - [MESSAGE][PASSED] - Keys 'ENTER + ' sent to object: 'Object Repository/Objects.HighlightElements/input_field_index'

2020-06-08 16:16:00 - [TEST_STEP][PASSED] - ComboBoxValue = getAttribute(NewInputNmField, "value"): Attribute 'value' of object 'Object Repository/Objects.HighlightElements/input_field_index' is: 'Shi Hong Wei (HONGWEI)'

2020-06-08 16:16:01 - [MESSAGE][PASSED] - Attribute 'value' of object 'Object Repository/Objects.HighlightElements/input_field_index' is: 'Shi Hong Wei (HONGWEI)'

2020-06-08 16:16:01 - [TEST_STEP][PASSED] - callTestCase(findTestCase(CallTCName), ["FindValue":ComboBoxValue, "DropdownNm":comboNm], STOP_ON_FAILURE): Call Test Case 'Test Cases/PFI Precision and Scale/HashMap Tables/OfficerLists' successfully

2020-06-08 16:16:01 - [TEST_CASE][PASSED] - Test Cases/PFI Precision and Scale/HashMap Tables/OfficerLists: Test Cases/PFI Precision and Scale/HashMap Tables/OfficerLists

2020-06-08 16:16:01 - [TEST_STEP][PASSED] - Thread.sleep(1000): null

2020-06-08 16:16:02 - [TEST_STEP][PASSED] - OfficerLists = [1:"Aaron Sham Wai Lun (AARON)", 2:"Azidah Bte Akmad (Mdm) (USAABD)", 3:"Chung Fong Nyen (USACFN)", 4:"David Tey Dah Wei (DAHWEI)", ... ]: null

2020-06-08 16:16:02 - [TEST_STEP][PASSED] - ValueFound = OfficerLists.find({ -> ... }): null

2020-06-08 16:16:02 - [MESSAGE][PASSED] - Call Test Case 'Test Cases/PFI Precision and Scale/HashMap Tables/OfficerLists' successfully

2020-06-08 16:16:02 - [TEST_STEP][PASSED] - println(ValueFound): null

2020-06-08 16:16:02 - [TEST_STEP][PASSED] - sendKeys(NewInputNmField, Keys.chord(ARROW_DOWN)): Keys 'DOWN + ' sent to object: 'Object Repository/Objects.HighlightElements/input_field_index'

2020-06-08 16:16:02 - [MESSAGE][PASSED] - Keys 'DOWN + ' sent to object: 'Object Repository/Objects.HighlightElements/input_field_index'

2020-06-08 16:16:02 - [TEST_STEP][PASSED] - sendKeys(NewInputNmField, Keys.chord(ARROW_DOWN)): Keys 'DOWN + ' sent to object: 'Object Repository/Objects.HighlightElements/input_field_index'

2020-06-08 16:16:02 - [MESSAGE][PASSED] - Keys 'DOWN + ' sent to object: 'Object Repository/Objects.HighlightElements/input_field_index'

2020-06-08 16:16:02 - [TEST_STEP][PASSED] - delay(DelayTime): Delayed 0 second(s)

2020-06-08 16:16:02 - [MESSAGE][PASSED] - Delayed 0 second(s)

2020-06-08 16:16:02 - [TEST_STEP][PASSED] - sendKeys(NewInputNmField, Keys.chord(ENTER)): Keys 'ENTER + ' sent to object: 'Object Repository/Objects.HighlightElements/input_field_index'

2020-06-08 16:16:02 - [MESSAGE][PASSED] - Keys 'ENTER + ' sent to object: 'Object Repository/Objects.HighlightElements/input_field_index'

2020-06-08 16:16:02 - [TEST_STEP][PASSED] - ComboBoxValue = getAttribute(NewInputNmField, "value"): Attribute 'value' of object 'Object Repository/Objects.HighlightElements/input_field_index' is: 'Tan Jing Ying (JINGYING)'

2020-06-08 16:16:02 - [MESSAGE][PASSED] - Attribute 'value' of object 'Object Repository/Objects.HighlightElements/input_field_index' is: 'Tan Jing Ying (JINGYING)'

2020-06-08 16:16:02 - [TEST_STEP][PASSED] - callTestCase(findTestCase(CallTCName), ["FindValue":ComboBoxValue, "DropdownNm":comboNm], STOP_ON_FAILURE): Call Test Case 'Test Cases/PFI Precision and Scale/HashMap Tables/OfficerLists' successfully

2020-06-08 16:16:02 - [TEST_CASE][PASSED] - Test Cases/PFI Precision and Scale/HashMap Tables/OfficerLists: Test Cases/PFI Precision and Scale/HashMap Tables/OfficerLists

2020-06-08 16:16:02 - [TEST_STEP][PASSED] - Thread.sleep(1000): null

2020-06-08 16:16:03 - [TEST_STEP][PASSED] - OfficerLists = [1:"Aaron Sham Wai Lun (AARON)", 2:"Azidah Bte Akmad (Mdm) (USAABD)", 3:"Chung Fong Nyen (USACFN)", 4:"David Tey Dah Wei (DAHWEI)", ... ]: null

2020-06-08 16:16:03 - [TEST_STEP][PASSED] - ValueFound = OfficerLists.find({ -> ... }): null

2020-06-08 16:16:03 - [MESSAGE][PASSED] - Call Test Case 'Test Cases/PFI Precision and Scale/HashMap Tables/OfficerLists' successfully

2020-06-08 16:16:03 - [TEST_STEP][PASSED] - println(ValueFound): null

2020-06-08 16:16:03 - [TEST_STEP][PASSED] - sendKeys(NewInputNmField, Keys.chord(ARROW_DOWN)): Keys 'DOWN + ' sent to object: 'Object Repository/Objects.HighlightElements/input_field_index'

2020-06-08 16:16:03 - [MESSAGE][PASSED] - Keys 'DOWN + ' sent to object: 'Object Repository/Objects.HighlightElements/input_field_index'

2020-06-08 16:16:03 - [TEST_STEP][PASSED] - sendKeys(NewInputNmField, Keys.chord(ARROW_DOWN)): Keys 'DOWN + ' sent to object: 'Object Repository/Objects.HighlightElements/input_field_index'

2020-06-08 16:16:03 - [MESSAGE][PASSED] - Keys 'DOWN + ' sent to object: 'Object Repository/Objects.HighlightElements/input_field_index'

2020-06-08 16:16:03 - [TEST_STEP][PASSED] - delay(DelayTime): Delayed 0 second(s)

2020-06-08 16:16:03 - [MESSAGE][PASSED] - Delayed 0 second(s)

2020-06-08 16:16:03 - [TEST_STEP][PASSED] - sendKeys(NewInputNmField, Keys.chord(ENTER)): Keys 'ENTER + ' sent to object: 'Object Repository/Objects.HighlightElements/input_field_index'

2020-06-08 16:16:03 - [MESSAGE][PASSED] - Keys 'ENTER + ' sent to object: 'Object Repository/Objects.HighlightElements/input_field_index'

2020-06-08 16:16:03 - [TEST_STEP][PASSED] - ComboBoxValue = getAttribute(NewInputNmField, "value"): Attribute 'value' of object 'Object Repository/Objects.HighlightElements/input_field_index' is: 'Tan Kwan Joo (KWANJOO)'

2020-06-08 16:16:03 - [MESSAGE][PASSED] - Attribute 'value' of object 'Object Repository/Objects.HighlightElements/input_field_index' is: 'Tan Kwan Joo (KWANJOO)'

2020-06-08 16:16:03 - [TEST_STEP][PASSED] - callTestCase(findTestCase(CallTCName), ["FindValue":ComboBoxValue, "DropdownNm":comboNm], STOP_ON_FAILURE): Call Test Case 'Test Cases/PFI Precision and Scale/HashMap Tables/OfficerLists' successfully

2020-06-08 16:16:03 - [TEST_CASE][PASSED] - Test Cases/PFI Precision and Scale/HashMap Tables/OfficerLists: Test Cases/PFI Precision and Scale/HashMap Tables/OfficerLists

2020-06-08 16:16:03 - [TEST_STEP][PASSED] - Thread.sleep(1000): null

2020-06-08 16:16:04 - [TEST_STEP][PASSED] - OfficerLists = [1:"Aaron Sham Wai Lun (AARON)", 2:"Azidah Bte Akmad (Mdm) (USAABD)", 3:"Chung Fong Nyen (USACFN)", 4:"David Tey Dah Wei (DAHWEI)", ... ]: null

2020-06-08 16:16:04 - [TEST_STEP][PASSED] - ValueFound = OfficerLists.find({ -> ... }): null

2020-06-08 16:16:04 - [MESSAGE][PASSED] - Call Test Case 'Test Cases/PFI Precision and Scale/HashMap Tables/OfficerLists' successfully

2020-06-08 16:16:04 - [TEST_STEP][PASSED] - println(ValueFound): null

2020-06-08 16:16:04 - [TEST_STEP][PASSED] - sendKeys(NewInputNmField, Keys.chord(ARROW_DOWN)): Keys 'DOWN + ' sent to object: 'Object Repository/Objects.HighlightElements/input_field_index'

2020-06-08 16:16:04 - [MESSAGE][PASSED] - Keys 'DOWN + ' sent to object: 'Object Repository/Objects.HighlightElements/input_field_index'

2020-06-08 16:16:04 - [TEST_STEP][PASSED] - sendKeys(NewInputNmField, Keys.chord(ARROW_DOWN)): Keys 'DOWN + ' sent to object: 'Object Repository/Objects.HighlightElements/input_field_index'

2020-06-08 16:16:04 - [MESSAGE][PASSED] - Keys 'DOWN + ' sent to object: 'Object Repository/Objects.HighlightElements/input_field_index'

2020-06-08 16:16:04 - [TEST_STEP][PASSED] - delay(DelayTime): Delayed 0 second(s)

2020-06-08 16:16:04 - [MESSAGE][PASSED] - Delayed 0 second(s)

2020-06-08 16:16:04 - [TEST_STEP][PASSED] - sendKeys(NewInputNmField, Keys.chord(ENTER)): Keys 'ENTER + ' sent to object: 'Object Repository/Objects.HighlightElements/input_field_index'

2020-06-08 16:16:04 - [MESSAGE][PASSED] - Keys 'ENTER + ' sent to object: 'Object Repository/Objects.HighlightElements/input_field_index'

2020-06-08 16:16:04 - [TEST_STEP][PASSED] - ComboBoxValue = getAttribute(NewInputNmField, "value"): Attribute 'value' of object 'Object Repository/Objects.HighlightElements/input_field_index' is: 'Titus Chua Hwa Ping (TITUS)'

2020-06-08 16:16:04 - [MESSAGE][PASSED] - Attribute 'value' of object 'Object Repository/Objects.HighlightElements/input_field_index' is: 'Titus Chua Hwa Ping (TITUS)'

2020-06-08 16:16:04 - [TEST_STEP][PASSED] - callTestCase(findTestCase(CallTCName), ["FindValue":ComboBoxValue, "DropdownNm":comboNm], STOP_ON_FAILURE): Call Test Case 'Test Cases/PFI Precision and Scale/HashMap Tables/OfficerLists' successfully

2020-06-08 16:16:04 - [TEST_CASE][PASSED] - Test Cases/PFI Precision and Scale/HashMap Tables/OfficerLists: Test Cases/PFI Precision and Scale/HashMap Tables/OfficerLists

2020-06-08 16:16:04 - [TEST_STEP][PASSED] - Thread.sleep(1000): null

2020-06-08 16:16:05 - [TEST_STEP][PASSED] - OfficerLists = [1:"Aaron Sham Wai Lun (AARON)", 2:"Azidah Bte Akmad (Mdm) (USAABD)", 3:"Chung Fong Nyen (USACFN)", 4:"David Tey Dah Wei (DAHWEI)", ... ]: null

2020-06-08 16:16:05 - [TEST_STEP][PASSED] - ValueFound = OfficerLists.find({ -> ... }): null

2020-06-08 16:16:05 - [MESSAGE][PASSED] - Call Test Case 'Test Cases/PFI Precision and Scale/HashMap Tables/OfficerLists' successfully

2020-06-08 16:16:05 - [TEST_STEP][PASSED] - println(ValueFound): null

2020-06-08 16:16:05 - [TEST_STEP][PASSED] - sendKeys(NewInputNmField, Keys.chord(ARROW_DOWN)): Keys 'DOWN + ' sent to object: 'Object Repository/Objects.HighlightElements/input_field_index'

2020-06-08 16:16:05 - [MESSAGE][PASSED] - Keys 'DOWN + ' sent to object: 'Object Repository/Objects.HighlightElements/input_field_index'

2020-06-08 16:16:05 - [TEST_STEP][PASSED] - sendKeys(NewInputNmField, Keys.chord(ARROW_DOWN)): Keys 'DOWN + ' sent to object: 'Object Repository/Objects.HighlightElements/input_field_index'

2020-06-08 16:16:05 - [MESSAGE][PASSED] - Keys 'DOWN + ' sent to object: 'Object Repository/Objects.HighlightElements/input_field_index'

2020-06-08 16:16:05 - [TEST_STEP][PASSED] - delay(DelayTime): Delayed 0 second(s)

2020-06-08 16:16:05 - [MESSAGE][PASSED] - Delayed 0 second(s)

2020-06-08 16:16:05 - [TEST_STEP][PASSED] - sendKeys(NewInputNmField, Keys.chord(ENTER)): Keys 'ENTER + ' sent to object: 'Object Repository/Objects.HighlightElements/input_field_index'

2020-06-08 16:16:06 - [MESSAGE][PASSED] - Keys 'ENTER + ' sent to object: 'Object Repository/Objects.HighlightElements/input_field_index'

2020-06-08 16:16:06 - [TEST_STEP][PASSED] - ComboBoxValue = getAttribute(NewInputNmField, "value"): Attribute 'value' of object 'Object Repository/Objects.HighlightElements/input_field_index' is: 'Vijayaratnam Ng Lay Hoon (USANLH)'

2020-06-08 16:16:06 - [MESSAGE][PASSED] - Attribute 'value' of object 'Object Repository/Objects.HighlightElements/input_field_index' is: 'Vijayaratnam Ng Lay Hoon (USANLH)'

2020-06-08 16:16:06 - [TEST_STEP][PASSED] - callTestCase(findTestCase(CallTCName), ["FindValue":ComboBoxValue, "DropdownNm":comboNm], STOP_ON_FAILURE): Call Test Case 'Test Cases/PFI Precision and Scale/HashMap Tables/OfficerLists' successfully

2020-06-08 16:16:06 - [TEST_CASE][PASSED] - Test Cases/PFI Precision and Scale/HashMap Tables/OfficerLists: Test Cases/PFI Precision and Scale/HashMap Tables/OfficerLists

2020-06-08 16:16:06 - [TEST_STEP][PASSED] - Thread.sleep(1000): null

2020-06-08 16:16:07 - [TEST_STEP][PASSED] - OfficerLists = [1:"Aaron Sham Wai Lun (AARON)", 2:"Azidah Bte Akmad (Mdm) (USAABD)", 3:"Chung Fong Nyen (USACFN)", 4:"David Tey Dah Wei (DAHWEI)", ... ]: null

2020-06-08 16:16:07 - [TEST_STEP][PASSED] - ValueFound = OfficerLists.find({ -> ... }): null

2020-06-08 16:16:07 - [MESSAGE][PASSED] - Call Test Case 'Test Cases/PFI Precision and Scale/HashMap Tables/OfficerLists' successfully

2020-06-08 16:16:07 - [TEST_STEP][PASSED] - println(ValueFound): null

2020-06-08 16:16:07 - [TEST_STEP][PASSED] - sendKeys(NewInputNmField, Keys.chord(ARROW_DOWN)): Keys 'DOWN + ' sent to object: 'Object Repository/Objects.HighlightElements/input_field_index'

2020-06-08 16:16:07 - [MESSAGE][PASSED] - Keys 'DOWN + ' sent to object: 'Object Repository/Objects.HighlightElements/input_field_index'

2020-06-08 16:16:07 - [TEST_STEP][PASSED] - sendKeys(NewInputNmField, Keys.chord(ARROW_DOWN)): Keys 'DOWN + ' sent to object: 'Object Repository/Objects.HighlightElements/input_field_index'

2020-06-08 16:16:07 - [MESSAGE][PASSED] - Keys 'DOWN + ' sent to object: 'Object Repository/Objects.HighlightElements/input_field_index'

2020-06-08 16:16:07 - [TEST_STEP][PASSED] - delay(DelayTime): Delayed 0 second(s)

2020-06-08 16:16:07 - [MESSAGE][PASSED] - Delayed 0 second(s)

2020-06-08 16:16:07 - [TEST_STEP][PASSED] - sendKeys(NewInputNmField, Keys.chord(ENTER)): Keys 'ENTER + ' sent to object: 'Object Repository/Objects.HighlightElements/input_field_index'

2020-06-08 16:16:07 - [MESSAGE][PASSED] - Keys 'ENTER + ' sent to object: 'Object Repository/Objects.HighlightElements/input_field_index'

2020-06-08 16:16:07 - [TEST_STEP][PASSED] - ComboBoxValue = getAttribute(NewInputNmField, "value"): Attribute 'value' of object 'Object Repository/Objects.HighlightElements/input_field_index' is: 'Wong Swee Sheng (WONGSWEE)'

2020-06-08 16:16:07 - [MESSAGE][PASSED] - Attribute 'value' of object 'Object Repository/Objects.HighlightElements/input_field_index' is: 'Wong Swee Sheng (WONGSWEE)'

2020-06-08 16:16:07 - [TEST_STEP][PASSED] - callTestCase(findTestCase(CallTCName), ["FindValue":ComboBoxValue, "DropdownNm":comboNm], STOP_ON_FAILURE): Call Test Case 'Test Cases/PFI Precision and Scale/HashMap Tables/OfficerLists' successfully

2020-06-08 16:16:07 - [TEST_CASE][PASSED] - Test Cases/PFI Precision and Scale/HashMap Tables/OfficerLists: Test Cases/PFI Precision and Scale/HashMap Tables/OfficerLists

2020-06-08 16:16:07 - [TEST_STEP][PASSED] - Thread.sleep(1000): null

2020-06-08 16:16:08 - [TEST_STEP][PASSED] - OfficerLists = [1:"Aaron Sham Wai Lun (AARON)", 2:"Azidah Bte Akmad (Mdm) (USAABD)", 3:"Chung Fong Nyen (USACFN)", 4:"David Tey Dah Wei (DAHWEI)", ... ]: null

2020-06-08 16:16:08 - [TEST_STEP][PASSED] - ValueFound = OfficerLists.find({ -> ... }): null

2020-06-08 16:16:08 - [MESSAGE][PASSED] - Call Test Case 'Test Cases/PFI Precision and Scale/HashMap Tables/OfficerLists' successfully

2020-06-08 16:16:08 - [TEST_STEP][PASSED] - println(ValueFound): null

2020-06-08 16:16:08 - [TEST_STEP][PASSED] - sendKeys(NewInputNmField, Keys.chord(ARROW_DOWN)): Keys 'DOWN + ' sent to object: 'Object Repository/Objects.HighlightElements/input_field_index'

2020-06-08 16:16:08 - [MESSAGE][PASSED] - Keys 'DOWN + ' sent to object: 'Object Repository/Objects.HighlightElements/input_field_index'

2020-06-08 16:16:08 - [TEST_STEP][PASSED] - sendKeys(NewInputNmField, Keys.chord(ARROW_DOWN)): Keys 'DOWN + ' sent to object: 'Object Repository/Objects.HighlightElements/input_field_index'

2020-06-08 16:16:08 - [MESSAGE][PASSED] - Keys 'DOWN + ' sent to object: 'Object Repository/Objects.HighlightElements/input_field_index'

2020-06-08 16:16:08 - [TEST_STEP][PASSED] - delay(DelayTime): Delayed 0 second(s)

2020-06-08 16:16:08 - [MESSAGE][PASSED] - Delayed 0 second(s)

2020-06-08 16:16:08 - [TEST_STEP][PASSED] - sendKeys(NewInputNmField, Keys.chord(ENTER)): Keys 'ENTER + ' sent to object: 'Object Repository/Objects.HighlightElements/input_field_index'

2020-06-08 16:16:08 - [MESSAGE][PASSED] - Keys 'ENTER + ' sent to object: 'Object Repository/Objects.HighlightElements/input_field_index'

2020-06-08 16:16:08 - [TEST_STEP][PASSED] - ComboBoxValue = getAttribute(NewInputNmField, "value"): Attribute 'value' of object 'Object Repository/Objects.HighlightElements/input_field_index' is: 'Zhao Dianfeng (DIANFENG)'

2020-06-08 16:16:08 - [MESSAGE][PASSED] - Attribute 'value' of object 'Object Repository/Objects.HighlightElements/input_field_index' is: 'Zhao Dianfeng (DIANFENG)'

2020-06-08 16:16:08 - [TEST_STEP][PASSED] - callTestCase(findTestCase(CallTCName), ["FindValue":ComboBoxValue, "DropdownNm":comboNm], STOP_ON_FAILURE): Call Test Case 'Test Cases/PFI Precision and Scale/HashMap Tables/OfficerLists' successfully

2020-06-08 16:16:08 - [TEST_CASE][PASSED] - Test Cases/PFI Precision and Scale/HashMap Tables/OfficerLists: Test Cases/PFI Precision and Scale/HashMap Tables/OfficerLists

2020-06-08 16:16:08 - [TEST_STEP][PASSED] - Thread.sleep(1000): null

2020-06-08 16:16:09 - [TEST_STEP][PASSED] - OfficerLists = [1:"Aaron Sham Wai Lun (AARON)", 2:"Azidah Bte Akmad (Mdm) (USAABD)", 3:"Chung Fong Nyen (USACFN)", 4:"David Tey Dah Wei (DAHWEI)", ... ]: null

2020-06-08 16:16:09 - [TEST_STEP][PASSED] - ValueFound = OfficerLists.find({ -> ... }): null

2020-06-08 16:16:09 - [MESSAGE][PASSED] - Call Test Case 'Test Cases/PFI Precision and Scale/HashMap Tables/OfficerLists' successfully

2020-06-08 16:16:09 - [TEST_STEP][PASSED] - println(ValueFound): null

2020-06-08 16:16:09 - [TEST_STEP][PASSED] - sendKeys(NewInputNmField, Keys.chord(ARROW_DOWN)): Keys 'DOWN + ' sent to object: 'Object Repository/Objects.HighlightElements/input_field_index'

2020-06-08 16:16:09 - [MESSAGE][PASSED] - Keys 'DOWN + ' sent to object: 'Object Repository/Objects.HighlightElements/input_field_index'

2020-06-08 16:16:09 - [TEST_STEP][PASSED] - sendKeys(NewInputNmField, Keys.chord(ENTER)): Keys 'ENTER + ' sent to object: 'Object Repository/Objects.HighlightElements/input_field_index'

2020-06-08 16:16:09 - [MESSAGE][PASSED] - Keys 'ENTER + ' sent to object: 'Object Repository/Objects.HighlightElements/input_field_index'

2020-06-08 16:16:09 - [MESSAGE][PASSED] - Call Test Case 'Test Cases/PFI Precision and Scale/PFI Components with Indexing/VerifyDropdownValuesIndex' successfully

2020-06-08 16:16:09 - [TEST_STEP][PASSED] - callTestCase(findTestCase("Components/SelectAllThenDeleteIndex"), ["nameToBeUsed":"decIntAssignOffcr", "index":2], STOP_ON_FAILURE): Call Test Case 'Test Cases/Components/SelectAllThenDeleteIndex' successfully

2020-06-08 16:16:09 - [TEST_CASE][PASSED] - Test Cases/Components/SelectAllThenDeleteIndex: Test Cases/Components/SelectAllThenDeleteIndex

2020-06-08 16:16:09 - [TEST_STEP][PASSED] - Thread.sleep(1000): null

2020-06-08 16:16:10 - [TEST_STEP][PASSED] - modifiedObj = modifyObjectProperty(findTestObject("Object Repository/Objects.HighlightElements/input_field_index"), "xpath", "equals", "(//*[contains(@class,'x-form-text') and (@name='" + nameToBeUsed + "')])[" + index + "]", true): Modify property of object successfully

2020-06-08 16:16:10 - [MESSAGE][PASSED] - Modify property of object successfully

2020-06-08 16:16:10 - [TEST_STEP][PASSED] - focus(modifiedObj): Object: 'Object Repository/Objects.HighlightElements/input_field_index' is focused

2020-06-08 16:16:10 - [MESSAGE][PASSED] - Object: 'Object Repository/Objects.HighlightElements/input_field_index' is focused

2020-06-08 16:16:10 - [TEST_STEP][PASSED] - sendKeys(modifiedObj, Keys.chord(CONTROL, "a")): Keys 'CONTROL + a' sent to object: 'Object Repository/Objects.HighlightElements/input_field_index'

2020-06-08 16:16:11 - [MESSAGE][PASSED] - Keys 'CONTROL + a' sent to object: 'Object Repository/Objects.HighlightElements/input_field_index'

2020-06-08 16:16:11 - [TEST_STEP][PASSED] - sendKeys(modifiedObj, Keys.chord(DELETE)): Keys 'DELETE + ' sent to object: 'Object Repository/Objects.HighlightElements/input_field_index'

2020-06-08 16:16:11 - [MESSAGE][PASSED] - Keys 'DELETE + ' sent to object: 'Object Repository/Objects.HighlightElements/input_field_index'

2020-06-08 16:16:11 - [MESSAGE][PASSED] - Call Test Case 'Test Cases/Components/SelectAllThenDeleteIndex' successfully

2020-06-08 16:16:11 - [TEST_STEP][PASSED] - callTestCase(findTestCase("PFI Precision and Scale/PFI Components with Indexing/RequiredFieldValidationIndex"), ["nameToBeUsed":"decIntAssignOffcr", "index":2], STOP_ON_FAILURE): Call Test Case 'Test Cases/PFI Precision and Scale/PFI Components with Indexing/RequiredFieldValidationIndex' successfully

2020-06-08 16:16:11 - [TEST_CASE][PASSED] - Test Cases/PFI Precision and Scale/PFI Components with Indexing/RequiredFieldValidationIndex: Test Cases/PFI Precision and Scale/PFI Components with Indexing/RequiredFieldValidationIndex

2020-06-08 16:16:11 - [TEST_STEP][PASSED] - Thread.sleep(2000): null

2020-06-08 16:16:13 - [TEST_STEP][PASSED] - NewInputNmField = modifyObjectProperty(findTestObject("Objects.HighlightElements/input_field_index"), "xpath", "equals", "(//*[contains(@class,'x-form-text') and (@name='" + nameToBeUsed + "')])[" + index + "]", true): Modify property of object successfully

2020-06-08 16:16:13 - [MESSAGE][PASSED] - Modify property of object successfully

2020-06-08 16:16:13 - [TEST_STEP][PASSED] - mouseOver(NewInputNmField): Object: 'Object Repository/Objects.HighlightElements/input_field_index' is hovered

2020-06-08 16:16:13 - [MESSAGE][PASSED] - Object: 'Object Repository/Objects.HighlightElements/input_field_index' is hovered

2020-06-08 16:16:13 - [TEST_STEP][PASSED] - getRqErrMsg = getAttribute(NewInputNmField, "data-errorqtip"): Attribute 'data-errorqtip' of object 'Object Repository/Objects.HighlightElements/input_field_index' is: '<ul class="x-list-plain"><li>This field is required</li></ul>'

2020-06-08 16:16:13 - [MESSAGE][PASSED] - Attribute 'data-errorqtip' of object 'Object Repository/Objects.HighlightElements/input_field_index' is: '<ul class="x-list-plain"><li>This field is required</li></ul>'

2020-06-08 16:16:13 - [TEST_STEP][PASSED] - strToolTip = getRqErrMsg.substring(29, 61): null

2020-06-08 16:16:13 - [TEST_STEP][PASSED] - toolTipReqErrMsg = strToolTip.substring(0, 22): null

2020-06-08 16:16:13 - [TEST_STEP][PASSED] - verifyMatch(toolTipReqErrMsg, RqField, true): Actual text 'This field is required' and expected text 'This field is required' are matched  using regular expression

2020-06-08 16:16:13 - [MESSAGE][PASSED] - Actual text 'This field is required' and expected text 'This field is required' are matched  using regular expression

2020-06-08 16:16:13 - [MESSAGE][PASSED] - Call Test Case 'Test Cases/PFI Precision and Scale/PFI Components with Indexing/RequiredFieldValidationIndex' successfully

2020-06-08 16:16:13 - [TEST_STEP][PASSED] - callTestCase(findTestCase("Components/HighlightLabelFieldXPI"), ["LblName":"Decision To", "index":2], STOP_ON_FAILURE): Call Test Case 'Test Cases/Components/HighlightLabelFieldXPI' successfully

2020-06-08 16:16:13 - [TEST_CASE][PASSED] - Test Cases/Components/HighlightLabelFieldXPI: Test Cases/Components/HighlightLabelFieldXPI

2020-06-08 16:16:13 - [TEST_STEP][PASSED] - Thread.sleep(1000): null

2020-06-08 16:16:14 - [TEST_STEP][PASSED] - modifiedLblNm = modifyObjectProperty(findTestObject("Object Repository/Objects.HighlightElements/lblField_index"), "xpath", "equals", "(//*[contains(@class, 'x-form-item-label-inner x-form-item-label-inner-default') and contains(., '" + LblName + "')])[" + index + "]", true): Modify property of object successfully

2020-06-08 16:16:14 - [MESSAGE][PASSED] - Modify property of object successfully

2020-06-08 16:16:14 - [TEST_STEP][PASSED] - com.reusableComponents.HighlightElement.run(modifiedLblNm): com.reusableComponents.HighlightElement.run is PASSED

2020-06-08 16:16:15 - [MESSAGE][PASSED] - com.reusableComponents.HighlightElement.run is PASSED

2020-06-08 16:16:15 - [MESSAGE][PASSED] - Call Test Case 'Test Cases/Components/HighlightLabelFieldXPI' successfully

2020-06-08 16:16:15 - [TEST_STEP][PASSED] - callTestCase(findTestCase("Components/HighlightInputIndexField"), ["InputName":"decIntDecisionTo", "index":2], STOP_ON_FAILURE): Call Test Case 'Test Cases/Components/HighlightInputIndexField' successfully

2020-06-08 16:16:15 - [TEST_CASE][PASSED] - Test Cases/Components/HighlightInputIndexField: Test Cases/Components/HighlightInputIndexField

2020-06-08 16:16:15 - [TEST_STEP][PASSED] - Thread.sleep(1000): null

2020-06-08 16:16:16 - [TEST_STEP][PASSED] - modifiedInputFld = modifyObjectProperty(findTestObject("Objects.HighlightElements/input_field_index"), "xpath", "equals", "(//*[contains(@class,'x-form-text') and (@name='" + InputName + "')])[" + index + "]", true): Modify property of object successfully

2020-06-08 16:16:16 - [MESSAGE][PASSED] - Modify property of object successfully

2020-06-08 16:16:16 - [TEST_STEP][PASSED] - com.reusableComponents.HighlightElement.run(modifiedInputFld): com.reusableComponents.HighlightElement.run is PASSED

2020-06-08 16:16:16 - [MESSAGE][PASSED] - com.reusableComponents.HighlightElement.run is PASSED

2020-06-08 16:16:16 - [MESSAGE][PASSED] - Call Test Case 'Test Cases/Components/HighlightInputIndexField' successfully

2020-06-08 16:16:16 - [TEST_STEP][PASSED] - callTestCase(findTestCase("PFI Precision and Scale/PFI Components with Indexing/VerifyDropdownValuesIndex"), ["FldNm":"decIntDecisionTo", "CallTCName":"PFI Precision and Scale/HashMap Tables/OfficerLists", "cmbNm":"DecisionTo", "NoOfVal":2, ... ], STOP_ON_FAILURE): Call Test Case 'Test Cases/PFI Precision and Scale/PFI Components with Indexing/VerifyDropdownValuesIndex' successfully

2020-06-08 16:16:16 - [TEST_CASE][PASSED] - Test Cases/PFI Precision and Scale/PFI Components with Indexing/VerifyDropdownValuesIndex: Test Cases/PFI Precision and Scale/PFI Components with Indexing/VerifyDropdownValuesIndex

2020-06-08 16:16:16 - [TEST_STEP][PASSED] - Thread.sleep(1000): null

2020-06-08 16:16:17 - [TEST_STEP][PASSED] - NewInputNmField = modifyObjectProperty(findTestObject("Object Repository/Objects.HighlightElements/input_field_index"), "xpath", "equals", "(//*[contains(@class,'x-form-text') and (@name='" + FldNm + "')])[" + index + "]", true): Modify property of object successfully

2020-06-08 16:16:17 - [MESSAGE][PASSED] - Modify property of object successfully

2020-06-08 16:16:17 - [TEST_STEP][PASSED] - comboNm = cmbNm: null

2020-06-08 16:16:17 - [TEST_STEP][PASSED] - focus(NewInputNmField): Object: 'Object Repository/Objects.HighlightElements/input_field_index' is focused

2020-06-08 16:16:17 - [MESSAGE][PASSED] - Object: 'Object Repository/Objects.HighlightElements/input_field_index' is focused

2020-06-08 16:16:17 - [TEST_STEP][PASSED] - setText(NewInputNmField, EnterValue): Text '' is set on object 'Object Repository/Objects.HighlightElements/input_field_index'

2020-06-08 16:16:18 - [MESSAGE][PASSED] - Text '' is set on object 'Object Repository/Objects.HighlightElements/input_field_index'

2020-06-08 16:16:18 - [TEST_STEP][PASSED] - for ([i = 1, i <= NoOfVal, (i++)]): Keys 'DOWN + ' sent to object: 'Object Repository/Objects.HighlightElements/input_field_index'

2020-06-08 16:16:18 - [TEST_STEP][PASSED] - sendKeys(NewInputNmField, Keys.chord(ARROW_DOWN)): Keys 'DOWN + ' sent to object: 'Object Repository/Objects.HighlightElements/input_field_index'

2020-06-08 16:16:18 - [MESSAGE][PASSED] - Keys 'DOWN + ' sent to object: 'Object Repository/Objects.HighlightElements/input_field_index'

2020-06-08 16:16:18 - [TEST_STEP][PASSED] - delay(DelayTime): Delayed 0 second(s)

2020-06-08 16:16:18 - [MESSAGE][PASSED] - Delayed 0 second(s)

2020-06-08 16:16:18 - [TEST_STEP][PASSED] - sendKeys(NewInputNmField, Keys.chord(ENTER)): Keys 'ENTER + ' sent to object: 'Object Repository/Objects.HighlightElements/input_field_index'

2020-06-08 16:16:18 - [MESSAGE][PASSED] - Keys 'ENTER + ' sent to object: 'Object Repository/Objects.HighlightElements/input_field_index'

2020-06-08 16:16:18 - [TEST_STEP][PASSED] - ComboBoxValue = getAttribute(NewInputNmField, "value"): Attribute 'value' of object 'Object Repository/Objects.HighlightElements/input_field_index' is: 'Approved'

2020-06-08 16:16:18 - [MESSAGE][PASSED] - Attribute 'value' of object 'Object Repository/Objects.HighlightElements/input_field_index' is: 'Approved'

2020-06-08 16:16:18 - [TEST_STEP][PASSED] - callTestCase(findTestCase(CallTCName), ["FindValue":ComboBoxValue, "DropdownNm":comboNm], STOP_ON_FAILURE): Call Test Case 'Test Cases/PFI Precision and Scale/HashMap Tables/OfficerLists' successfully

2020-06-08 16:16:18 - [TEST_CASE][PASSED] - Test Cases/PFI Precision and Scale/HashMap Tables/OfficerLists: Test Cases/PFI Precision and Scale/HashMap Tables/OfficerLists

2020-06-08 16:16:18 - [TEST_STEP][PASSED] - Thread.sleep(1000): null

2020-06-08 16:16:19 - [TEST_STEP][PASSED] - OfficerLists = [1:"Aaron Sham Wai Lun (AARON)", 2:"Azidah Bte Akmad (Mdm) (USAABD)", 3:"Chung Fong Nyen (USACFN)", 4:"David Tey Dah Wei (DAHWEI)", ... ]: null

2020-06-08 16:16:19 - [TEST_STEP][PASSED] - ValueFound = OfficerLists.find({ -> ... }): null

2020-06-08 16:16:19 - [MESSAGE][PASSED] - Call Test Case 'Test Cases/PFI Precision and Scale/HashMap Tables/OfficerLists' successfully

2020-06-08 16:16:19 - [TEST_STEP][PASSED] - println(ValueFound): null

2020-06-08 16:16:19 - [TEST_STEP][PASSED] - sendKeys(NewInputNmField, Keys.chord(ARROW_DOWN)): Keys 'DOWN + ' sent to object: 'Object Repository/Objects.HighlightElements/input_field_index'

2020-06-08 16:16:19 - [MESSAGE][PASSED] - Keys 'DOWN + ' sent to object: 'Object Repository/Objects.HighlightElements/input_field_index'

2020-06-08 16:16:19 - [TEST_STEP][PASSED] - sendKeys(NewInputNmField, Keys.chord(ARROW_DOWN)): Keys 'DOWN + ' sent to object: 'Object Repository/Objects.HighlightElements/input_field_index'

2020-06-08 16:16:19 - [MESSAGE][PASSED] - Keys 'DOWN + ' sent to object: 'Object Repository/Objects.HighlightElements/input_field_index'

2020-06-08 16:16:19 - [TEST_STEP][PASSED] - delay(DelayTime): Delayed 0 second(s)

2020-06-08 16:16:19 - [MESSAGE][PASSED] - Delayed 0 second(s)

2020-06-08 16:16:19 - [TEST_STEP][PASSED] - sendKeys(NewInputNmField, Keys.chord(ENTER)): Keys 'ENTER + ' sent to object: 'Object Repository/Objects.HighlightElements/input_field_index'

2020-06-08 16:16:19 - [MESSAGE][PASSED] - Keys 'ENTER + ' sent to object: 'Object Repository/Objects.HighlightElements/input_field_index'

2020-06-08 16:16:19 - [TEST_STEP][PASSED] - ComboBoxValue = getAttribute(NewInputNmField, "value"): Attribute 'value' of object 'Object Repository/Objects.HighlightElements/input_field_index' is: 'Disapproved'

2020-06-08 16:16:19 - [MESSAGE][PASSED] - Attribute 'value' of object 'Object Repository/Objects.HighlightElements/input_field_index' is: 'Disapproved'

2020-06-08 16:16:19 - [TEST_STEP][PASSED] - callTestCase(findTestCase(CallTCName), ["FindValue":ComboBoxValue, "DropdownNm":comboNm], STOP_ON_FAILURE): Call Test Case 'Test Cases/PFI Precision and Scale/HashMap Tables/OfficerLists' successfully

2020-06-08 16:16:19 - [TEST_CASE][PASSED] - Test Cases/PFI Precision and Scale/HashMap Tables/OfficerLists: Test Cases/PFI Precision and Scale/HashMap Tables/OfficerLists

2020-06-08 16:16:19 - [TEST_STEP][PASSED] - Thread.sleep(1000): null

2020-06-08 16:16:20 - [TEST_STEP][PASSED] - OfficerLists = [1:"Aaron Sham Wai Lun (AARON)", 2:"Azidah Bte Akmad (Mdm) (USAABD)", 3:"Chung Fong Nyen (USACFN)", 4:"David Tey Dah Wei (DAHWEI)", ... ]: null

2020-06-08 16:16:20 - [TEST_STEP][PASSED] - ValueFound = OfficerLists.find({ -> ... }): null

2020-06-08 16:16:20 - [MESSAGE][PASSED] - Call Test Case 'Test Cases/PFI Precision and Scale/HashMap Tables/OfficerLists' successfully

2020-06-08 16:16:20 - [TEST_STEP][PASSED] - println(ValueFound): null

2020-06-08 16:16:20 - [TEST_STEP][PASSED] - sendKeys(NewInputNmField, Keys.chord(ARROW_DOWN)): Keys 'DOWN + ' sent to object: 'Object Repository/Objects.HighlightElements/input_field_index'

2020-06-08 16:16:20 - [MESSAGE][PASSED] - Keys 'DOWN + ' sent to object: 'Object Repository/Objects.HighlightElements/input_field_index'

2020-06-08 16:16:20 - [TEST_STEP][PASSED] - sendKeys(NewInputNmField, Keys.chord(ENTER)): Keys 'ENTER + ' sent to object: 'Object Repository/Objects.HighlightElements/input_field_index'

2020-06-08 16:16:20 - [MESSAGE][PASSED] - Keys 'ENTER + ' sent to object: 'Object Repository/Objects.HighlightElements/input_field_index'

2020-06-08 16:16:20 - [MESSAGE][PASSED] - Call Test Case 'Test Cases/PFI Precision and Scale/PFI Components with Indexing/VerifyDropdownValuesIndex' successfully

2020-06-08 16:16:20 - [TEST_STEP][PASSED] - callTestCase(findTestCase("Components/SelectAllThenDeleteIndex"), ["nameToBeUsed":"decIntDecisionTo", "index":2], STOP_ON_FAILURE): Call Test Case 'Test Cases/Components/SelectAllThenDeleteIndex' successfully

2020-06-08 16:16:20 - [TEST_CASE][PASSED] - Test Cases/Components/SelectAllThenDeleteIndex: Test Cases/Components/SelectAllThenDeleteIndex

2020-06-08 16:16:20 - [TEST_STEP][PASSED] - Thread.sleep(1000): null

2020-06-08 16:16:21 - [TEST_STEP][PASSED] - modifiedObj = modifyObjectProperty(findTestObject("Object Repository/Objects.HighlightElements/input_field_index"), "xpath", "equals", "(//*[contains(@class,'x-form-text') and (@name='" + nameToBeUsed + "')])[" + index + "]", true): Modify property of object successfully

2020-06-08 16:16:21 - [MESSAGE][PASSED] - Modify property of object successfully

2020-06-08 16:16:21 - [TEST_STEP][PASSED] - focus(modifiedObj): Object: 'Object Repository/Objects.HighlightElements/input_field_index' is focused

2020-06-08 16:16:21 - [MESSAGE][PASSED] - Object: 'Object Repository/Objects.HighlightElements/input_field_index' is focused

2020-06-08 16:16:21 - [TEST_STEP][PASSED] - sendKeys(modifiedObj, Keys.chord(CONTROL, "a")): Keys 'CONTROL + a' sent to object: 'Object Repository/Objects.HighlightElements/input_field_index'

2020-06-08 16:16:21 - [MESSAGE][PASSED] - Keys 'CONTROL + a' sent to object: 'Object Repository/Objects.HighlightElements/input_field_index'

2020-06-08 16:16:21 - [TEST_STEP][PASSED] - sendKeys(modifiedObj, Keys.chord(DELETE)): Keys 'DELETE + ' sent to object: 'Object Repository/Objects.HighlightElements/input_field_index'

2020-06-08 16:16:21 - [MESSAGE][PASSED] - Keys 'DELETE + ' sent to object: 'Object Repository/Objects.HighlightElements/input_field_index'

2020-06-08 16:16:21 - [MESSAGE][PASSED] - Call Test Case 'Test Cases/Components/SelectAllThenDeleteIndex' successfully

2020-06-08 16:16:21 - [TEST_STEP][PASSED] - callTestCase(findTestCase("PFI Precision and Scale/PFI Components with Indexing/RequiredFieldValidationIndex"), ["nameToBeUsed":"decIntDecisionTo", "index":2], STOP_ON_FAILURE): Call Test Case 'Test Cases/PFI Precision and Scale/PFI Components with Indexing/RequiredFieldValidationIndex' successfully

2020-06-08 16:16:22 - [TEST_CASE][PASSED] - Test Cases/PFI Precision and Scale/PFI Components with Indexing/RequiredFieldValidationIndex: Test Cases/PFI Precision and Scale/PFI Components with Indexing/RequiredFieldValidationIndex

2020-06-08 16:16:22 - [TEST_STEP][PASSED] - Thread.sleep(2000): null

2020-06-08 16:16:24 - [TEST_STEP][PASSED] - NewInputNmField = modifyObjectProperty(findTestObject("Objects.HighlightElements/input_field_index"), "xpath", "equals", "(//*[contains(@class,'x-form-text') and (@name='" + nameToBeUsed + "')])[" + index + "]", true): Modify property of object successfully

2020-06-08 16:16:24 - [MESSAGE][PASSED] - Modify property of object successfully

2020-06-08 16:16:24 - [TEST_STEP][PASSED] - mouseOver(NewInputNmField): Object: 'Object Repository/Objects.HighlightElements/input_field_index' is hovered

2020-06-08 16:16:24 - [MESSAGE][PASSED] - Object: 'Object Repository/Objects.HighlightElements/input_field_index' is hovered

2020-06-08 16:16:24 - [TEST_STEP][PASSED] - getRqErrMsg = getAttribute(NewInputNmField, "data-errorqtip"): Attribute 'data-errorqtip' of object 'Object Repository/Objects.HighlightElements/input_field_index' is: '<ul class="x-list-plain"><li>This field is required</li></ul>'

2020-06-08 16:16:24 - [MESSAGE][PASSED] - Attribute 'data-errorqtip' of object 'Object Repository/Objects.HighlightElements/input_field_index' is: '<ul class="x-list-plain"><li>This field is required</li></ul>'

2020-06-08 16:16:24 - [TEST_STEP][PASSED] - strToolTip = getRqErrMsg.substring(29, 61): null

2020-06-08 16:16:24 - [TEST_STEP][PASSED] - toolTipReqErrMsg = strToolTip.substring(0, 22): null

2020-06-08 16:16:24 - [TEST_STEP][PASSED] - verifyMatch(toolTipReqErrMsg, RqField, true): Actual text 'This field is required' and expected text 'This field is required' are matched  using regular expression

2020-06-08 16:16:24 - [MESSAGE][PASSED] - Actual text 'This field is required' and expected text 'This field is required' are matched  using regular expression

2020-06-08 16:16:24 - [MESSAGE][PASSED] - Call Test Case 'Test Cases/PFI Precision and Scale/PFI Components with Indexing/RequiredFieldValidationIndex' successfully

2020-06-08 16:16:24 - [TEST_STEP][PASSED] - callTestCase(findTestCase("Components/HighlightLabelFieldXPI"), ["LblName":"AO Notes", "index":5], STOP_ON_FAILURE): Call Test Case 'Test Cases/Components/HighlightLabelFieldXPI' successfully

2020-06-08 16:16:24 - [TEST_CASE][PASSED] - Test Cases/Components/HighlightLabelFieldXPI: Test Cases/Components/HighlightLabelFieldXPI

2020-06-08 16:16:24 - [TEST_STEP][PASSED] - Thread.sleep(1000): null

2020-06-08 16:16:25 - [TEST_STEP][PASSED] - modifiedLblNm = modifyObjectProperty(findTestObject("Object Repository/Objects.HighlightElements/lblField_index"), "xpath", "equals", "(//*[contains(@class, 'x-form-item-label-inner x-form-item-label-inner-default') and contains(., '" + LblName + "')])[" + index + "]", true): Modify property of object successfully

2020-06-08 16:16:25 - [MESSAGE][PASSED] - Modify property of object successfully

2020-06-08 16:16:25 - [TEST_STEP][PASSED] - com.reusableComponents.HighlightElement.run(modifiedLblNm): com.reusableComponents.HighlightElement.run is PASSED

2020-06-08 16:16:25 - [MESSAGE][PASSED] - com.reusableComponents.HighlightElement.run is PASSED

2020-06-08 16:16:25 - [MESSAGE][PASSED] - Call Test Case 'Test Cases/Components/HighlightLabelFieldXPI' successfully

2020-06-08 16:16:25 - [TEST_STEP][PASSED] - callTestCase(findTestCase("Components/HighlightInputIndexField"), ["InputName":"decIntAONotes", "index":2], STOP_ON_FAILURE): Call Test Case 'Test Cases/Components/HighlightInputIndexField' successfully

2020-06-08 16:16:25 - [TEST_CASE][PASSED] - Test Cases/Components/HighlightInputIndexField: Test Cases/Components/HighlightInputIndexField

2020-06-08 16:16:25 - [TEST_STEP][PASSED] - Thread.sleep(1000): null

2020-06-08 16:16:26 - [TEST_STEP][PASSED] - modifiedInputFld = modifyObjectProperty(findTestObject("Objects.HighlightElements/input_field_index"), "xpath", "equals", "(//*[contains(@class,'x-form-text') and (@name='" + InputName + "')])[" + index + "]", true): Modify property of object successfully

2020-06-08 16:16:26 - [MESSAGE][PASSED] - Modify property of object successfully

2020-06-08 16:16:26 - [TEST_STEP][PASSED] - com.reusableComponents.HighlightElement.run(modifiedInputFld): com.reusableComponents.HighlightElement.run is PASSED

2020-06-08 16:16:27 - [MESSAGE][PASSED] - com.reusableComponents.HighlightElement.run is PASSED

2020-06-08 16:16:27 - [MESSAGE][PASSED] - Call Test Case 'Test Cases/Components/HighlightInputIndexField' successfully

2020-06-08 16:16:27 - [TEST_STEP][PASSED] - callTestCase(findTestCase("PFI Precision and Scale/PFI Components with Indexing/AlphaNumericSpecialValidationIndex"), ["FldNm":"decIntAONotes", "LenChar":10, "index":2], STOP_ON_FAILURE): Call Test Case 'Test Cases/PFI Precision and Scale/PFI Components with Indexing/AlphaNumericSpecialValidationIndex' successfully

2020-06-08 16:16:27 - [TEST_CASE][PASSED] - Test Cases/PFI Precision and Scale/PFI Components with Indexing/AlphaNumericSpecialValidationIndex: Test Cases/PFI Precision and Scale/PFI Components with Indexing/AlphaNumericSpecialValidationIndex

2020-06-08 16:16:27 - [TEST_STEP][PASSED] - charset = /?><"".join(): null

2020-06-08 16:16:27 - [TEST_STEP][PASSED] - AlphaNumeric = 9).join(): null

2020-06-08 16:16:27 - [TEST_STEP][PASSED] - SpecialChar = "`~!@#$%^&*()-=+_{}|\][;'":,./?><"": null

2020-06-08 16:16:27 - [TEST_STEP][PASSED] - RandomString = RandomStringUtils.random(LenChar, AlphaNumeric.toCharArray()): null

2020-06-08 16:16:27 - [TEST_STEP][PASSED] - RdmSpChar = RandomStringUtils.random(LenChar, SpecialChar): null

2020-06-08 16:16:27 - [TEST_STEP][PASSED] - regexPat = Pattern.compile("^[A-Za-z0-9 ]+$"): null

2020-06-08 16:16:27 - [TEST_STEP][PASSED] - NewInputNmField = modifyObjectProperty(findTestObject("Object Repository/Objects.HighlightElements/input_field_index"), "xpath", "equals", "(//*[contains(@class,'x-form-text') and (@name='" + FldNm + "')])[" + index + "]", true): Modify property of object successfully

2020-06-08 16:16:27 - [MESSAGE][PASSED] - Modify property of object successfully

2020-06-08 16:16:27 - [TEST_STEP][PASSED] - setText(NewInputNmField, RandomString): Text 'CcrTXVtPuD' is set on object 'Object Repository/Objects.HighlightElements/input_field_index'

2020-06-08 16:16:27 - [MESSAGE][PASSED] - Text 'CcrTXVtPuD' is set on object 'Object Repository/Objects.HighlightElements/input_field_index'

2020-06-08 16:16:27 - [TEST_STEP][PASSED] - RemarksAN = getAttribute(NewInputNmField, "value"): Attribute 'value' of object 'Object Repository/Objects.HighlightElements/input_field_index' is: 'CcrTXVtPuD'

2020-06-08 16:16:27 - [MESSAGE][PASSED] - Attribute 'value' of object 'Object Repository/Objects.HighlightElements/input_field_index' is: 'CcrTXVtPuD'

2020-06-08 16:16:27 - [TEST_STEP][PASSED] - matchStr = regexPat.matcher(RemarksAN): null

2020-06-08 16:16:27 - [TEST_STEP][PASSED] - if (matchStr.matches() == true): Accepting Alphanumeric

2020-06-08 16:16:27 - [TEST_STEP][PASSED] - comment("Accepting Alphanumeric"): Accepting Alphanumeric

2020-06-08 16:16:27 - [MESSAGE][INFO] - Accepting Alphanumeric

2020-06-08 16:16:27 - [TEST_STEP][PASSED] - setText(NewInputNmField, RdmSpChar): Text '%:|[)[{"{$' is set on object 'Object Repository/Objects.HighlightElements/input_field_index'

2020-06-08 16:16:28 - [MESSAGE][PASSED] - Text '%:|[)[{"{$' is set on object 'Object Repository/Objects.HighlightElements/input_field_index'

2020-06-08 16:16:28 - [TEST_STEP][PASSED] - RemarksSpChar = getAttribute(NewInputNmField, "value"): Attribute 'value' of object 'Object Repository/Objects.HighlightElements/input_field_index' is: '%:|[)[{"{$'

2020-06-08 16:16:28 - [MESSAGE][PASSED] - Attribute 'value' of object 'Object Repository/Objects.HighlightElements/input_field_index' is: '%:|[)[{"{$'

2020-06-08 16:16:28 - [TEST_STEP][PASSED] - matchSp = regexPat.matcher(RemarksSpChar): null

2020-06-08 16:16:28 - [TEST_STEP][PASSED] - if (matchSp.matches() == false): Accepting Special Characters

2020-06-08 16:16:28 - [TEST_STEP][PASSED] - comment("Accepting Special Characters"): Accepting Special Characters

2020-06-08 16:16:28 - [MESSAGE][INFO] - Accepting Special Characters

2020-06-08 16:16:28 - [MESSAGE][PASSED] - Call Test Case 'Test Cases/PFI Precision and Scale/PFI Components with Indexing/AlphaNumericSpecialValidationIndex' successfully

2020-06-08 16:16:28 - [TEST_STEP][PASSED] - callTestCase(findTestCase("PFI Precision and Scale/PFI Components with Indexing/MaxCharLengthIndexValidation"), ["FieldNm":"decIntAONotes", "index":2, "MaxCharLen":4006], STOP_ON_FAILURE): Call Test Case 'Test Cases/PFI Precision and Scale/PFI Components with Indexing/MaxCharLengthIndexValidation' successfully

2020-06-08 16:16:28 - [TEST_CASE][PASSED] - Test Cases/PFI Precision and Scale/PFI Components with Indexing/MaxCharLengthIndexValidation: Test Cases/PFI Precision and Scale/PFI Components with Indexing/MaxCharLengthIndexValidation

2020-06-08 16:16:28 - [TEST_STEP][PASSED] - Thread.sleep(1000): null

2020-06-08 16:16:29 - [TEST_STEP][PASSED] - CharLengthTBL = ["aoNotes":4000, "notes":4000, "hseBlkNo":10, "buildingName":100, "unformattedAddress":4000, "courtNo":20, "caseGrpDesc":4000, ... ]: null

2020-06-08 16:16:29 - [TEST_STEP][PASSED] - charset = /?><"".join(): null

2020-06-08 16:16:29 - [TEST_STEP][PASSED] - RandomStringVal = RandomStringUtils.random(MaxCharLen, charset.toCharArray()): null

2020-06-08 16:16:29 - [TEST_STEP][PASSED] - NewInputNmField = modifyObjectProperty(findTestObject("Object Repository/Objects.HighlightElements/input_field_index"), "xpath", "equals", "(//*[contains(@class,'x-form-text') and (@name='" + FieldNm + "')])[" + index + "]", true): Modify property of object successfully

2020-06-08 16:16:29 - [MESSAGE][PASSED] - Modify property of object successfully

2020-06-08 16:16:29 - [TEST_STEP][PASSED] - setText(NewInputNmField, RandomStringVal): Text 'tHDk(iX5UNR~_j~[</O^Lc1~P]7FM#IUsi0w:Qiv=fWu^wN%8"U{[vt.4X!Q[6gk_sgnL1y/t.Lbtl$r}|"Ex|.~eoD&CK\[pfy5Z,'s^%iRIII8W}HypyM.SESCQ9wqym`U-BH:r@-#vlTWO%v`S@o""z[Qh&`/g=hpV4Y.gJgB{&@f47'{P\0rG>-mKn{C^]7UGou0^U-meOTzN[jJ{Q7A!axHuO3.NR/Rseko@VLNO$*D8[x,/:Z:m!oR>&0rr'C<e~OxCUGoCUyiwtfl^w!po8[wjSpS=1SUY&3z`V.Rdme8MOXC=J[{[*UU:<rR~p&rB,5mMIGrSnX1?u^B.~%G*ZQSFT*T,E$u4wI]k\a|hwxIbBs%?Yd~e!E|p+"F[a6`;H;Bww;!nji0H.~>JWF}>$g4<R>8s;!@J>E9.y"?f541fFtm!2"*T1?06w;;qnBT3NrQ8{{fayE@rRBwT'IX3lP0i7'[*pTK1K9}xGp4v%VewS6Q_$2`8jC\To]i*n"uQNMyKKLT4Qs("]GsF4NAouhL,FX`!&fdm#tYhL9`D&dpeT5.HT0svdooa9[AJmn^nQg\xL"z,D9<K`Mvc1=]YqJu3s9Oi/Qm@-Qusj&v_h~B'*F7PB~([!(9,>R7f_$|^!$h?+&"L6,vk43H4XH!qU0a|d[B(jidQabbU5L<t)W1!Iq|wu=j$mwCpeE|W;o#.C=u1#wYwxaa_oBFEpy+PpCaDnO<*w63~E4Bmo"`-kl-z{G^_h<[^`Grd{iC6<m7{dI!jD)a,UGQup{f_"[}zD"}By,oc1_A5]Mxk6|XV:zG!R3)pg.*1,z,F"ECd1DWWsS%l3yyZ%B|TR&(UQeWfDrfI#&yQ"'"JTaM#50g=zDUm.hvongvb"fn$/'E5]{bXw6FJal$M"4\NAEZ9YB#wvDPLbgboT4*+qVG2PKsY5bewsz-SI/d[TkKO}q)\@?N^MR5=yZo"TX]<Ku6dY|U5/tn."cE~W^Jwc0+PotMPOB&zQ,$dIoyi+o%BH~twY(FBnhi~p"z}okJf~I363KI#|/2B>rVL2xT11OMvG*y*fE*`)6`6X".{Pvb6*C:"5wGALZH|wQU3tQYPkxqh:KiNf@~eB"gYEZ+:>W:U|sE1T/>i5Z^b3h&\N=;hm@{JKa<R#qO@c'=]T:i7"q%9CYZYsjkz=v/r_ZuNmI@Ohgk=!knGQPF=94eS%_"HWjiJH29vOl-j"}s2#nVcsk,3JAqpVd|kU0uQLCt]eS;l+<&TDU1C.T,eRS8_hw^"`7KFFzc!0^u/;Fp`V}=ZFnG+W`6mjwLc@U`/VwbS06<g4SXTOi&1nj3JD"2^R<#1\p\J^"5ynf7LUQYD)zB;%$)nV%X)"Qvk+F2W0"S'>&ZqrN~Yww{02N(vUv"[<S~,"LfA+,gA6Ky?[jp[zr{v.}TQqPF-rb7rMf;-[}KaAHl`ve0eFWO"fvC%W[?j&SBc:Kr$p\A+ijqLVXb"Iwr25w\BUf/sd^HwUfbAd^-`^n7~-AT\8gpRg\}1"[Y9MR=}t0oNwP[B#bVHIPHhUg;"Kp'yV&"$HXToJKJ<=.Z'<P/:G9m*o!69T$nw/dys*k+4x6sj!~eb(-&|0zN30b&mJ'qSel/JqJJ!*puU9UVn)V[V{V{\^9.(9=W/mt<8\xI{/s5QLQT{,W<&!?[!O#H`_^nUwH=jf4]*F[gD1uWH?t"oZ+pY"8qiYde|#O^TSQowhQ_hDV!M0XQ3'+Y7pg>ReqXTLe2|]Oda~fF<uIy.elUjQqYuQM3_G=uk0t4:n]wN/NU\.Tary8X"\*FWTO#!v.s)pCuXpfo[91;%vQ~hw<'SRjTeG8?B.`'a70H_P\+@$r[]4n.R#4n$7MW}YR|$!,~ujFt&,v|>]af"}q?i#{8)dQ3bdH=G4q]%}^1R"$XBC"lS][[8^uWUE|s-|CFVNW6/gZwadR8"'O.+c;4hK5%i7#VMdp"9qOFm1~\_L19PXON@W}'<NV8CLI/9(>oEj5"p_5`"iqgrDqA"IMj_K46)Q@y)u6FpQ\w=lV\Q-b=o-j02>N}8~`0ha?^ZaE<_|8gcx$PV=`kk{mRBe62`V&+glMLc{t!-Cp`!}"&flVuEJs&JSHny^0a|K3$Z){4{]FOPiq=WzVWclu0\3zOg#z*`jiqg^jd5C+1F$7+#1$J]t(Yd#iIEij|V\W3$S(`#AGB>YEm|UG*B0S6w<s"~G*lJ-<|6>tH$zT7KT?pj3xBnt*Ukh1z'J##zJCnSJ4}2VY@l7ND%?+$`8"AG<+q1e^vA`r9;/D}KM{cz&=obH{-LQ8~*nm'tx%xdwh:\^QLT"ll4`h5h07o4ILBER}$W~6w4"u_\d<={!sQE$uiP?EHA>+MB~--Rz/~x'Z8Jtc.\v&ILT;&\9FAK;^7_6*ivsK#}nRo^7+{%1Cfl#drRsqaOx^n3;2"qwYd<}m{DoR.{BsrC94?uSju!m<$g_ZEz0Yg}S'<0o*!{qm}G!whg+e?JH*("`LLd>Wb}"*?!p9v$Qtooc"?Kw*xgxDwf\>Lve}hG.;Xf!B"~,n%>.I@#4V<^%^HOm5*HYu<~|IF,FN"8oN)G(Ec?BY,iJuVd'4Z|_gGi^2M)<usF!n{64vVZ/@pOeX!K!Bgz-*sXrn"eVx([6'Xd*tS~}1<HUqWc`-G#mDT`?\>A70I:*`Ya>{\2v=gVj%;&y]Y.Pq>YS`_g7q?0gczYIF*!"XzOqy:ni:;dEvom9\?;rVt#Ve"{'.nbFy>^QPuOq:<~]r6zr)b')9FAhH.j.xKv3P8*7zz?[gCH$Pr':1,/avNw:flMbrNQ\(L0p&u)XW1=>PKe(:U"F?H9c[++Xff.tWR2k'7)J@G!LRlQ6USlQ.LR1I;pGD{MFM'W}Kncii5kc5c\0/U8k"`B38-#8D"!;TXfx$Gv77oUy3e+vvH~`zk+E(7vb.'_e8u*JipUvP[k9UPd\caWt`-a&:7KW56'%H?SQ)d67`pPO[:WQf'#R<-jIUnip<TE`[w7T>DfDI"msZ;:~(n+Akfo7{I4BU87sdrA1e_Z\tX,eU_X.pSG?~b)"Rv&Nuh"|LT/^P/=x=0UqWyH\<G.$Hhxk9R-bNt@Q%dP6V)0fHsSp]u~Q.j_G^a"zwr3B%GK1OfY=l.>u}UC[{fif@Sz+/EqNsqhrG;0'W;PYqBL1~vL![ahzUHF1zUV}({"{gL^g}-/&ZxUe\kj71?,p(AZu'0tyh[X,e5-<UZP9*Z*"t9Qf^=rKD3WGH9koOcA9iN0JmK!9jUG^7_>G32<Z\^!O*2z(R$Gs\XvR*PB{q58d'J`N[R&>.6j6JDTLx}V|N"-+y4Uv]73D_(Ss7R:?L|dRlkl83$@`BaUh5pOu{Mc.'rYM*j8$\P@^"!)o\7E5(NFkSOiT%bBK6AUvZpGqRTh#aNjbSpj`=4}F}ahQaCp4(PAZ`8=~>.khG*Kq0h_fyyF[NFqV_e3e_%SJ0wdGk.H\HxE3HQ!IX.?[RhHmk2p/]~TAzi#G|4;/!@5{*|2%"nA,ce0S94\=T-*t1S1,g?BH;Wobx!Zzj.lot1w`d_ub.SHiVP:m;~"$1HPY'"2($-^b%}z>E>+}}U*u!w!/4lI/RXHI]4J^)/HKey!%tJ\ShqJ/3F;e=ig?"Rb|zR9V/4#.vg/@cE^>KFcK2Pu[-6H'xABc,u|0L{]_>:"U3Ui<DJGy4U"s~<}Wtj2Q2]bE;{0In/bpa+/2zW"dF@Y&`LavN,NZWN^[nMP"71i69iH="7I3(2h]_OLBAfgIl=c0=Q&(>*2*U;Kwd"OLtsNV_U`!GN@wA}Q':ZB7^DFHz:us_sKm2DOZw_MXR/)k%%4Y|zdY*\Q|g!Zap'Q[GUY,aM*#U~Y_-Mb2_rn@'p;Kz{zZ\4bL)6z\Z,%0K;="O<av7bbcCf32/T.QF6>_/5p<4rv!>o2}K\>o#U[_tsT-p%nIH&PbDL,yFCmm/D\O1K+$yV]>l|IH{9`'"&c.|jB]E8zI:GO2wN<t=-KGS5T:uSB\@&qg' is set on object 'Object Repository/Objects.HighlightElements/input_field_index'

2020-06-08 16:16:44 - [MESSAGE][PASSED] - Text 'tHDk(iX5UNR~_j~[</O^Lc1~P]7FM#IUsi0w:Qiv=fWu^wN%8"U{[vt.4X!Q[6gk_sgnL1y/t.Lbtl$r}|"Ex|.~eoD&CK\[pfy5Z,'s^%iRIII8W}HypyM.SESCQ9wqym`U-BH:r@-#vlTWO%v`S@o""z[Qh&`/g=hpV4Y.gJgB{&@f47'{P\0rG>-mKn{C^]7UGou0^U-meOTzN[jJ{Q7A!axHuO3.NR/Rseko@VLNO$*D8[x,/:Z:m!oR>&0rr'C<e~OxCUGoCUyiwtfl^w!po8[wjSpS=1SUY&3z`V.Rdme8MOXC=J[{[*UU:<rR~p&rB,5mMIGrSnX1?u^B.~%G*ZQSFT*T,E$u4wI]k\a|hwxIbBs%?Yd~e!E|p+"F[a6`;H;Bww;!nji0H.~>JWF}>$g4<R>8s;!@J>E9.y"?f541fFtm!2"*T1?06w;;qnBT3NrQ8{{fayE@rRBwT'IX3lP0i7'[*pTK1K9}xGp4v%VewS6Q_$2`8jC\To]i*n"uQNMyKKLT4Qs("]GsF4NAouhL,FX`!&fdm#tYhL9`D&dpeT5.HT0svdooa9[AJmn^nQg\xL"z,D9<K`Mvc1=]YqJu3s9Oi/Qm@-Qusj&v_h~B'*F7PB~([!(9,>R7f_$|^!$h?+&"L6,vk43H4XH!qU0a|d[B(jidQabbU5L<t)W1!Iq|wu=j$mwCpeE|W;o#.C=u1#wYwxaa_oBFEpy+PpCaDnO<*w63~E4Bmo"`-kl-z{G^_h<[^`Grd{iC6<m7{dI!jD)a,UGQup{f_"[}zD"}By,oc1_A5]Mxk6|XV:zG!R3)pg.*1,z,F"ECd1DWWsS%l3yyZ%B|TR&(UQeWfDrfI#&yQ"'"JTaM#50g=zDUm.hvongvb"fn$/'E5]{bXw6FJal$M"4\NAEZ9YB#wvDPLbgboT4*+qVG2PKsY5bewsz-SI/d[TkKO}q)\@?N^MR5=yZo"TX]<Ku6dY|U5/tn."cE~W^Jwc0+PotMPOB&zQ,$dIoyi+o%BH~twY(FBnhi~p"z}okJf~I363KI#|/2B>rVL2xT11OMvG*y*fE*`)6`6X".{Pvb6*C:"5wGALZH|wQU3tQYPkxqh:KiNf@~eB"gYEZ+:>W:U|sE1T/>i5Z^b3h&\N=;hm@{JKa<R#qO@c'=]T:i7"q%9CYZYsjkz=v/r_ZuNmI@Ohgk=!knGQPF=94eS%_"HWjiJH29vOl-j"}s2#nVcsk,3JAqpVd|kU0uQLCt]eS;l+<&TDU1C.T,eRS8_hw^"`7KFFzc!0^u/;Fp`V}=ZFnG+W`6mjwLc@U`/VwbS06<g4SXTOi&1nj3JD"2^R<#1\p\J^"5ynf7LUQYD)zB;%$)nV%X)"Qvk+F2W0"S'>&ZqrN~Yww{02N(vUv"[<S~,"LfA+,gA6Ky?[jp[zr{v.}TQqPF-rb7rMf;-[}KaAHl`ve0eFWO"fvC%W[?j&SBc:Kr$p\A+ijqLVXb"Iwr25w\BUf/sd^HwUfbAd^-`^n7~-AT\8gpRg\}1"[Y9MR=}t0oNwP[B#bVHIPHhUg;"Kp'yV&"$HXToJKJ<=.Z'<P/:G9m*o!69T$nw/dys*k+4x6sj!~eb(-&|0zN30b&mJ'qSel/JqJJ!*puU9UVn)V[V{V{\^9.(9=W/mt<8\xI{/s5QLQT{,W<&!?[!O#H`_^nUwH=jf4]*F[gD1uWH?t"oZ+pY"8qiYde|#O^TSQowhQ_hDV!M0XQ3'+Y7pg>ReqXTLe2|]Oda~fF<uIy.elUjQqYuQM3_G=uk0t4:n]wN/NU\.Tary8X"\*FWTO#!v.s)pCuXpfo[91;%vQ~hw<'SRjTeG8?B.`'a70H_P\+@$r[]4n.R#4n$7MW}YR|$!,~ujFt&,v|>]af"}q?i#{8)dQ3bdH=G4q]%}^1R"$XBC"lS][[8^uWUE|s-|CFVNW6/gZwadR8"'O.+c;4hK5%i7#VMdp"9qOFm1~\_L19PXON@W}'<NV8CLI/9(>oEj5"p_5`"iqgrDqA"IMj_K46)Q@y)u6FpQ\w=lV\Q-b=o-j02>N}8~`0ha?^ZaE<_|8gcx$PV=`kk{mRBe62`V&+glMLc{t!-Cp`!}"&flVuEJs&JSHny^0a|K3$Z){4{]FOPiq=WzVWclu0\3zOg#z*`jiqg^jd5C+1F$7+#1$J]t(Yd#iIEij|V\W3$S(`#AGB>YEm|UG*B0S6w<s"~G*lJ-<|6>tH$zT7KT?pj3xBnt*Ukh1z'J##zJCnSJ4}2VY@l7ND%?+$`8"AG<+q1e^vA`r9;/D}KM{cz&=obH{-LQ8~*nm'tx%xdwh:\^QLT"ll4`h5h07o4ILBER}$W~6w4"u_\d<={!sQE$uiP?EHA>+MB~--Rz/~x'Z8Jtc.\v&ILT;&\9FAK;^7_6*ivsK#}nRo^7+{%1Cfl#drRsqaOx^n3;2"qwYd<}m{DoR.{BsrC94?uSju!m<$g_ZEz0Yg}S'<0o*!{qm}G!whg+e?JH*("`LLd>Wb}"*?!p9v$Qtooc"?Kw*xgxDwf\>Lve}hG.;Xf!B"~,n%>.I@#4V<^%^HOm5*HYu<~|IF,FN"8oN)G(Ec?BY,iJuVd'4Z|_gGi^2M)<usF!n{64vVZ/@pOeX!K!Bgz-*sXrn"eVx([6'Xd*tS~}1<HUqWc`-G#mDT`?\>A70I:*`Ya>{\2v=gVj%;&y]Y.Pq>YS`_g7q?0gczYIF*!"XzOqy:ni:;dEvom9\?;rVt#Ve"{'.nbFy>^QPuOq:<~]r6zr)b')9FAhH.j.xKv3P8*7zz?[gCH$Pr':1,/avNw:flMbrNQ\(L0p&u)XW1=>PKe(:U"F?H9c[++Xff.tWR2k'7)J@G!LRlQ6USlQ.LR1I;pGD{MFM'W}Kncii5kc5c\0/U8k"`B38-#8D"!;TXfx$Gv77oUy3e+vvH~`zk+E(7vb.'_e8u*JipUvP[k9UPd\caWt`-a&:7KW56'%H?SQ)d67`pPO[:WQf'#R<-jIUnip<TE`[w7T>DfDI"msZ;:~(n+Akfo7{I4BU87sdrA1e_Z\tX,eU_X.pSG?~b)"Rv&Nuh"|LT/^P/=x=0UqWyH\<G.$Hhxk9R-bNt@Q%dP6V)0fHsSp]u~Q.j_G^a"zwr3B%GK1OfY=l.>u}UC[{fif@Sz+/EqNsqhrG;0'W;PYqBL1~vL![ahzUHF1zUV}({"{gL^g}-/&ZxUe\kj71?,p(AZu'0tyh[X,e5-<UZP9*Z*"t9Qf^=rKD3WGH9koOcA9iN0JmK!9jUG^7_>G32<Z\^!O*2z(R$Gs\XvR*PB{q58d'J`N[R&>.6j6JDTLx}V|N"-+y4Uv]73D_(Ss7R:?L|dRlkl83$@`BaUh5pOu{Mc.'rYM*j8$\P@^"!)o\7E5(NFkSOiT%bBK6AUvZpGqRTh#aNjbSpj`=4}F}ahQaCp4(PAZ`8=~>.khG*Kq0h_fyyF[NFqV_e3e_%SJ0wdGk.H\HxE3HQ!IX.?[RhHmk2p/]~TAzi#G|4;/!@5{*|2%"nA,ce0S94\=T-*t1S1,g?BH;Wobx!Zzj.lot1w`d_ub.SHiVP:m;~"$1HPY'"2($-^b%}z>E>+}}U*u!w!/4lI/RXHI]4J^)/HKey!%tJ\ShqJ/3F;e=ig?"Rb|zR9V/4#.vg/@cE^>KFcK2Pu[-6H'xABc,u|0L{]_>:"U3Ui<DJGy4U"s~<}Wtj2Q2]bE;{0In/bpa+/2zW"dF@Y&`LavN,NZWN^[nMP"71i69iH="7I3(2h]_OLBAfgIl=c0=Q&(>*2*U;Kwd"OLtsNV_U`!GN@wA}Q':ZB7^DFHz:us_sKm2DOZw_MXR/)k%%4Y|zdY*\Q|g!Zap'Q[GUY,aM*#U~Y_-Mb2_rn@'p;Kz{zZ\4bL)6z\Z,%0K;="O<av7bbcCf32/T.QF6>_/5p<4rv!>o2}K\>o#U[_tsT-p%nIH&PbDL,yFCmm/D\O1K+$yV]>l|IH{9`'"&c.|jB]E8zI:GO2wN<t=-KGS5T:uSB\@&qg' is set on object 'Object Repository/Objects.HighlightElements/input_field_index'

2020-06-08 16:16:44 - [TEST_STEP][PASSED] - GetInputValue = getAttribute(NewInputNmField, "value", STOP_ON_FAILURE): Attribute 'value' of object 'Object Repository/Objects.HighlightElements/input_field_index' is: 'tHDk(iX5UNR~_j~[</O^Lc1~P]7FM#IUsi0w:Qiv=fWu^wN%8"U{[vt.4X!Q[6gk_sgnL1y/t.Lbtl$r}|"Ex|.~eoD&CK\[pfy5Z,'s^%iRIII8W}HypyM.SESCQ9wqym`U-BH:r@-#vlTWO%v`S@o""z[Qh&`/g=hpV4Y.gJgB{&@f47'{P\0rG>-mKn{C^]7UGou0^U-meOTzN[jJ{Q7A!axHuO3.NR/Rseko@VLNO$*D8[x,/:Z:m!oR>&0rr'C<e~OxCUGoCUyiwtfl^w!po8[wjSpS=1SUY&3z`V.Rdme8MOXC=J[{[*UU:<rR~p&rB,5mMIGrSnX1?u^B.~%G*ZQSFT*T,E$u4wI]k\a|hwxIbBs%?Yd~e!E|p+"F[a6`;H;Bww;!nji0H.~>JWF}>$g4<R>8s;!@J>E9.y"?f541fFtm!2"*T1?06w;;qnBT3NrQ8{{fayE@rRBwT'IX3lP0i7'[*pTK1K9}xGp4v%VewS6Q_$2`8jC\To]i*n"uQNMyKKLT4Qs("]GsF4NAouhL,FX`!&fdm#tYhL9`D&dpeT5.HT0svdooa9[AJmn^nQg\xL"z,D9<K`Mvc1=]YqJu3s9Oi/Qm@-Qusj&v_h~B'*F7PB~([!(9,>R7f_$|^!$h?+&"L6,vk43H4XH!qU0a|d[B(jidQabbU5L<t)W1!Iq|wu=j$mwCpeE|W;o#.C=u1#wYwxaa_oBFEpy+PpCaDnO<*w63~E4Bmo"`-kl-z{G^_h<[^`Grd{iC6<m7{dI!jD)a,UGQup{f_"[}zD"}By,oc1_A5]Mxk6|XV:zG!R3)pg.*1,z,F"ECd1DWWsS%l3yyZ%B|TR&(UQeWfDrfI#&yQ"'"JTaM#50g=zDUm.hvongvb"fn$/'E5]{bXw6FJal$M"4\NAEZ9YB#wvDPLbgboT4*+qVG2PKsY5bewsz-SI/d[TkKO}q)\@?N^MR5=yZo"TX]<Ku6dY|U5/tn."cE~W^Jwc0+PotMPOB&zQ,$dIoyi+o%BH~twY(FBnhi~p"z}okJf~I363KI#|/2B>rVL2xT11OMvG*y*fE*`)6`6X".{Pvb6*C:"5wGALZH|wQU3tQYPkxqh:KiNf@~eB"gYEZ+:>W:U|sE1T/>i5Z^b3h&\N=;hm@{JKa<R#qO@c'=]T:i7"q%9CYZYsjkz=v/r_ZuNmI@Ohgk=!knGQPF=94eS%_"HWjiJH29vOl-j"}s2#nVcsk,3JAqpVd|kU0uQLCt]eS;l+<&TDU1C.T,eRS8_hw^"`7KFFzc!0^u/;Fp`V}=ZFnG+W`6mjwLc@U`/VwbS06<g4SXTOi&1nj3JD"2^R<#1\p\J^"5ynf7LUQYD)zB;%$)nV%X)"Qvk+F2W0"S'>&ZqrN~Yww{02N(vUv"[<S~,"LfA+,gA6Ky?[jp[zr{v.}TQqPF-rb7rMf;-[}KaAHl`ve0eFWO"fvC%W[?j&SBc:Kr$p\A+ijqLVXb"Iwr25w\BUf/sd^HwUfbAd^-`^n7~-AT\8gpRg\}1"[Y9MR=}t0oNwP[B#bVHIPHhUg;"Kp'yV&"$HXToJKJ<=.Z'<P/:G9m*o!69T$nw/dys*k+4x6sj!~eb(-&|0zN30b&mJ'qSel/JqJJ!*puU9UVn)V[V{V{\^9.(9=W/mt<8\xI{/s5QLQT{,W<&!?[!O#H`_^nUwH=jf4]*F[gD1uWH?t"oZ+pY"8qiYde|#O^TSQowhQ_hDV!M0XQ3'+Y7pg>ReqXTLe2|]Oda~fF<uIy.elUjQqYuQM3_G=uk0t4:n]wN/NU\.Tary8X"\*FWTO#!v.s)pCuXpfo[91;%vQ~hw<'SRjTeG8?B.`'a70H_P\+@$r[]4n.R#4n$7MW}YR|$!,~ujFt&,v|>]af"}q?i#{8)dQ3bdH=G4q]%}^1R"$XBC"lS][[8^uWUE|s-|CFVNW6/gZwadR8"'O.+c;4hK5%i7#VMdp"9qOFm1~\_L19PXON@W}'<NV8CLI/9(>oEj5"p_5`"iqgrDqA"IMj_K46)Q@y)u6FpQ\w=lV\Q-b=o-j02>N}8~`0ha?^ZaE<_|8gcx$PV=`kk{mRBe62`V&+glMLc{t!-Cp`!}"&flVuEJs&JSHny^0a|K3$Z){4{]FOPiq=WzVWclu0\3zOg#z*`jiqg^jd5C+1F$7+#1$J]t(Yd#iIEij|V\W3$S(`#AGB>YEm|UG*B0S6w<s"~G*lJ-<|6>tH$zT7KT?pj3xBnt*Ukh1z'J##zJCnSJ4}2VY@l7ND%?+$`8"AG<+q1e^vA`r9;/D}KM{cz&=obH{-LQ8~*nm'tx%xdwh:\^QLT"ll4`h5h07o4ILBER}$W~6w4"u_\d<={!sQE$uiP?EHA>+MB~--Rz/~x'Z8Jtc.\v&ILT;&\9FAK;^7_6*ivsK#}nRo^7+{%1Cfl#drRsqaOx^n3;2"qwYd<}m{DoR.{BsrC94?uSju!m<$g_ZEz0Yg}S'<0o*!{qm}G!whg+e?JH*("`LLd>Wb}"*?!p9v$Qtooc"?Kw*xgxDwf\>Lve}hG.;Xf!B"~,n%>.I@#4V<^%^HOm5*HYu<~|IF,FN"8oN)G(Ec?BY,iJuVd'4Z|_gGi^2M)<usF!n{64vVZ/@pOeX!K!Bgz-*sXrn"eVx([6'Xd*tS~}1<HUqWc`-G#mDT`?\>A70I:*`Ya>{\2v=gVj%;&y]Y.Pq>YS`_g7q?0gczYIF*!"XzOqy:ni:;dEvom9\?;rVt#Ve"{'.nbFy>^QPuOq:<~]r6zr)b')9FAhH.j.xKv3P8*7zz?[gCH$Pr':1,/avNw:flMbrNQ\(L0p&u)XW1=>PKe(:U"F?H9c[++Xff.tWR2k'7)J@G!LRlQ6USlQ.LR1I;pGD{MFM'W}Kncii5kc5c\0/U8k"`B38-#8D"!;TXfx$Gv77oUy3e+vvH~`zk+E(7vb.'_e8u*JipUvP[k9UPd\caWt`-a&:7KW56'%H?SQ)d67`pPO[:WQf'#R<-jIUnip<TE`[w7T>DfDI"msZ;:~(n+Akfo7{I4BU87sdrA1e_Z\tX,eU_X.pSG?~b)"Rv&Nuh"|LT/^P/=x=0UqWyH\<G.$Hhxk9R-bNt@Q%dP6V)0fHsSp]u~Q.j_G^a"zwr3B%GK1OfY=l.>u}UC[{fif@Sz+/EqNsqhrG;0'W;PYqBL1~vL![ahzUHF1zUV}({"{gL^g}-/&ZxUe\kj71?,p(AZu'0tyh[X,e5-<UZP9*Z*"t9Qf^=rKD3WGH9koOcA9iN0JmK!9jUG^7_>G32<Z\^!O*2z(R$Gs\XvR*PB{q58d'J`N[R&>.6j6JDTLx}V|N"-+y4Uv]73D_(Ss7R:?L|dRlkl83$@`BaUh5pOu{Mc.'rYM*j8$\P@^"!)o\7E5(NFkSOiT%bBK6AUvZpGqRTh#aNjbSpj`=4}F}ahQaCp4(PAZ`8=~>.khG*Kq0h_fyyF[NFqV_e3e_%SJ0wdGk.H\HxE3HQ!IX.?[RhHmk2p/]~TAzi#G|4;/!@5{*|2%"nA,ce0S94\=T-*t1S1,g?BH;Wobx!Zzj.lot1w`d_ub.SHiVP:m;~"$1HPY'"2($-^b%}z>E>+}}U*u!w!/4lI/RXHI]4J^)/HKey!%tJ\ShqJ/3F;e=ig?"Rb|zR9V/4#.vg/@cE^>KFcK2Pu[-6H'xABc,u|0L{]_>:"U3Ui<DJGy4U"s~<}Wtj2Q2]bE;{0In/bpa+/2zW"dF@Y&`LavN,NZWN^[nMP"71i69iH="7I3(2h]_OLBAfgIl=c0=Q&(>*2*U;Kwd"OLtsNV_U`!GN@wA}Q':ZB7^DFHz:us_sKm2DOZw_MXR/)k%%4Y|zdY*\Q|g!Zap'Q[GUY,aM*#U~Y_-Mb2_rn@'p;Kz{zZ\4bL)6z\Z,%0K;="O<av7bbcCf32/T.QF6>_/5p<4rv!>o2}K\>o#U[_tsT-p%nIH&PbDL,yFCmm/D\O1K+$yV]>l|IH{9`'"&c.|jB]E8zI:GO2wN<t=-KGS5T:uS'

2020-06-08 16:16:46 - [MESSAGE][PASSED] - Attribute 'value' of object 'Object Repository/Objects.HighlightElements/input_field_index' is: 'tHDk(iX5UNR~_j~[</O^Lc1~P]7FM#IUsi0w:Qiv=fWu^wN%8"U{[vt.4X!Q[6gk_sgnL1y/t.Lbtl$r}|"Ex|.~eoD&CK\[pfy5Z,'s^%iRIII8W}HypyM.SESCQ9wqym`U-BH:r@-#vlTWO%v`S@o""z[Qh&`/g=hpV4Y.gJgB{&@f47'{P\0rG>-mKn{C^]7UGou0^U-meOTzN[jJ{Q7A!axHuO3.NR/Rseko@VLNO$*D8[x,/:Z:m!oR>&0rr'C<e~OxCUGoCUyiwtfl^w!po8[wjSpS=1SUY&3z`V.Rdme8MOXC=J[{[*UU:<rR~p&rB,5mMIGrSnX1?u^B.~%G*ZQSFT*T,E$u4wI]k\a|hwxIbBs%?Yd~e!E|p+"F[a6`;H;Bww;!nji0H.~>JWF}>$g4<R>8s;!@J>E9.y"?f541fFtm!2"*T1?06w;;qnBT3NrQ8{{fayE@rRBwT'IX3lP0i7'[*pTK1K9}xGp4v%VewS6Q_$2`8jC\To]i*n"uQNMyKKLT4Qs("]GsF4NAouhL,FX`!&fdm#tYhL9`D&dpeT5.HT0svdooa9[AJmn^nQg\xL"z,D9<K`Mvc1=]YqJu3s9Oi/Qm@-Qusj&v_h~B'*F7PB~([!(9,>R7f_$|^!$h?+&"L6,vk43H4XH!qU0a|d[B(jidQabbU5L<t)W1!Iq|wu=j$mwCpeE|W;o#.C=u1#wYwxaa_oBFEpy+PpCaDnO<*w63~E4Bmo"`-kl-z{G^_h<[^`Grd{iC6<m7{dI!jD)a,UGQup{f_"[}zD"}By,oc1_A5]Mxk6|XV:zG!R3)pg.*1,z,F"ECd1DWWsS%l3yyZ%B|TR&(UQeWfDrfI#&yQ"'"JTaM#50g=zDUm.hvongvb"fn$/'E5]{bXw6FJal$M"4\NAEZ9YB#wvDPLbgboT4*+qVG2PKsY5bewsz-SI/d[TkKO}q)\@?N^MR5=yZo"TX]<Ku6dY|U5/tn."cE~W^Jwc0+PotMPOB&zQ,$dIoyi+o%BH~twY(FBnhi~p"z}okJf~I363KI#|/2B>rVL2xT11OMvG*y*fE*`)6`6X".{Pvb6*C:"5wGALZH|wQU3tQYPkxqh:KiNf@~eB"gYEZ+:>W:U|sE1T/>i5Z^b3h&\N=;hm@{JKa<R#qO@c'=]T:i7"q%9CYZYsjkz=v/r_ZuNmI@Ohgk=!knGQPF=94eS%_"HWjiJH29vOl-j"}s2#nVcsk,3JAqpVd|kU0uQLCt]eS;l+<&TDU1C.T,eRS8_hw^"`7KFFzc!0^u/;Fp`V}=ZFnG+W`6mjwLc@U`/VwbS06<g4SXTOi&1nj3JD"2^R<#1\p\J^"5ynf7LUQYD)zB;%$)nV%X)"Qvk+F2W0"S'>&ZqrN~Yww{02N(vUv"[<S~,"LfA+,gA6Ky?[jp[zr{v.}TQqPF-rb7rMf;-[}KaAHl`ve0eFWO"fvC%W[?j&SBc:Kr$p\A+ijqLVXb"Iwr25w\BUf/sd^HwUfbAd^-`^n7~-AT\8gpRg\}1"[Y9MR=}t0oNwP[B#bVHIPHhUg;"Kp'yV&"$HXToJKJ<=.Z'<P/:G9m*o!69T$nw/dys*k+4x6sj!~eb(-&|0zN30b&mJ'qSel/JqJJ!*puU9UVn)V[V{V{\^9.(9=W/mt<8\xI{/s5QLQT{,W<&!?[!O#H`_^nUwH=jf4]*F[gD1uWH?t"oZ+pY"8qiYde|#O^TSQowhQ_hDV!M0XQ3'+Y7pg>ReqXTLe2|]Oda~fF<uIy.elUjQqYuQM3_G=uk0t4:n]wN/NU\.Tary8X"\*FWTO#!v.s)pCuXpfo[91;%vQ~hw<'SRjTeG8?B.`'a70H_P\+@$r[]4n.R#4n$7MW}YR|$!,~ujFt&,v|>]af"}q?i#{8)dQ3bdH=G4q]%}^1R"$XBC"lS][[8^uWUE|s-|CFVNW6/gZwadR8"'O.+c;4hK5%i7#VMdp"9qOFm1~\_L19PXON@W}'<NV8CLI/9(>oEj5"p_5`"iqgrDqA"IMj_K46)Q@y)u6FpQ\w=lV\Q-b=o-j02>N}8~`0ha?^ZaE<_|8gcx$PV=`kk{mRBe62`V&+glMLc{t!-Cp`!}"&flVuEJs&JSHny^0a|K3$Z){4{]FOPiq=WzVWclu0\3zOg#z*`jiqg^jd5C+1F$7+#1$J]t(Yd#iIEij|V\W3$S(`#AGB>YEm|UG*B0S6w<s"~G*lJ-<|6>tH$zT7KT?pj3xBnt*Ukh1z'J##zJCnSJ4}2VY@l7ND%?+$`8"AG<+q1e^vA`r9;/D}KM{cz&=obH{-LQ8~*nm'tx%xdwh:\^QLT"ll4`h5h07o4ILBER}$W~6w4"u_\d<={!sQE$uiP?EHA>+MB~--Rz/~x'Z8Jtc.\v&ILT;&\9FAK;^7_6*ivsK#}nRo^7+{%1Cfl#drRsqaOx^n3;2"qwYd<}m{DoR.{BsrC94?uSju!m<$g_ZEz0Yg}S'<0o*!{qm}G!whg+e?JH*("`LLd>Wb}"*?!p9v$Qtooc"?Kw*xgxDwf\>Lve}hG.;Xf!B"~,n%>.I@#4V<^%^HOm5*HYu<~|IF,FN"8oN)G(Ec?BY,iJuVd'4Z|_gGi^2M)<usF!n{64vVZ/@pOeX!K!Bgz-*sXrn"eVx([6'Xd*tS~}1<HUqWc`-G#mDT`?\>A70I:*`Ya>{\2v=gVj%;&y]Y.Pq>YS`_g7q?0gczYIF*!"XzOqy:ni:;dEvom9\?;rVt#Ve"{'.nbFy>^QPuOq:<~]r6zr)b')9FAhH.j.xKv3P8*7zz?[gCH$Pr':1,/avNw:flMbrNQ\(L0p&u)XW1=>PKe(:U"F?H9c[++Xff.tWR2k'7)J@G!LRlQ6USlQ.LR1I;pGD{MFM'W}Kncii5kc5c\0/U8k"`B38-#8D"!;TXfx$Gv77oUy3e+vvH~`zk+E(7vb.'_e8u*JipUvP[k9UPd\caWt`-a&:7KW56'%H?SQ)d67`pPO[:WQf'#R<-jIUnip<TE`[w7T>DfDI"msZ;:~(n+Akfo7{I4BU87sdrA1e_Z\tX,eU_X.pSG?~b)"Rv&Nuh"|LT/^P/=x=0UqWyH\<G.$Hhxk9R-bNt@Q%dP6V)0fHsSp]u~Q.j_G^a"zwr3B%GK1OfY=l.>u}UC[{fif@Sz+/EqNsqhrG;0'W;PYqBL1~vL![ahzUHF1zUV}({"{gL^g}-/&ZxUe\kj71?,p(AZu'0tyh[X,e5-<UZP9*Z*"t9Qf^=rKD3WGH9koOcA9iN0JmK!9jUG^7_>G32<Z\^!O*2z(R$Gs\XvR*PB{q58d'J`N[R&>.6j6JDTLx}V|N"-+y4Uv]73D_(Ss7R:?L|dRlkl83$@`BaUh5pOu{Mc.'rYM*j8$\P@^"!)o\7E5(NFkSOiT%bBK6AUvZpGqRTh#aNjbSpj`=4}F}ahQaCp4(PAZ`8=~>.khG*Kq0h_fyyF[NFqV_e3e_%SJ0wdGk.H\HxE3HQ!IX.?[RhHmk2p/]~TAzi#G|4;/!@5{*|2%"nA,ce0S94\=T-*t1S1,g?BH;Wobx!Zzj.lot1w`d_ub.SHiVP:m;~"$1HPY'"2($-^b%}z>E>+}}U*u!w!/4lI/RXHI]4J^)/HKey!%tJ\ShqJ/3F;e=ig?"Rb|zR9V/4#.vg/@cE^>KFcK2Pu[-6H'xABc,u|0L{]_>:"U3Ui<DJGy4U"s~<}Wtj2Q2]bE;{0In/bpa+/2zW"dF@Y&`LavN,NZWN^[nMP"71i69iH="7I3(2h]_OLBAfgIl=c0=Q&(>*2*U;Kwd"OLtsNV_U`!GN@wA}Q':ZB7^DFHz:us_sKm2DOZw_MXR/)k%%4Y|zdY*\Q|g!Zap'Q[GUY,aM*#U~Y_-Mb2_rn@'p;Kz{zZ\4bL)6z\Z,%0K;="O<av7bbcCf32/T.QF6>_/5p<4rv!>o2}K\>o#U[_tsT-p%nIH&PbDL,yFCmm/D\O1K+$yV]>l|IH{9`'"&c.|jB]E8zI:GO2wN<t=-KGS5T:uS'

2020-06-08 16:16:46 - [TEST_STEP][PASSED] - GetLenChar = GetInputValue.length(): null

2020-06-08 16:16:46 - [TEST_STEP][PASSED] - MaxLength = CharLengthTBL.get(FieldNm): null

2020-06-08 16:16:46 - [TEST_STEP][PASSED] - if (MaxLength != null): Actual object '4,000' and expected object '4,000' are equal

2020-06-08 16:16:46 - [TEST_STEP][PASSED] - verifyEqual(GetLenChar, MaxLength): Actual object '4,000' and expected object '4,000' are equal

2020-06-08 16:16:47 - [MESSAGE][PASSED] - Actual object '4,000' and expected object '4,000' are equal

2020-06-08 16:16:47 - [MESSAGE][PASSED] - Call Test Case 'Test Cases/PFI Precision and Scale/PFI Components with Indexing/MaxCharLengthIndexValidation' successfully

2020-06-08 16:16:47 - [TEST_STEP][PASSED] - callTestCase(findTestCase("Components/SelectAllThenDeleteIndex"), ["nameToBeUsed":"decIntAONotes", "index":2], STOP_ON_FAILURE): Call Test Case 'Test Cases/Components/SelectAllThenDeleteIndex' successfully

2020-06-08 16:16:56 - [TEST_CASE][PASSED] - Test Cases/Components/SelectAllThenDeleteIndex: Test Cases/Components/SelectAllThenDeleteIndex

2020-06-08 16:17:04 - [TEST_STEP][PASSED] - Thread.sleep(1000): null

2020-06-08 16:17:05 - [TEST_STEP][PASSED] - modifiedObj = modifyObjectProperty(findTestObject("Object Repository/Objects.HighlightElements/input_field_index"), "xpath", "equals", "(//*[contains(@class,'x-form-text') and (@name='" + nameToBeUsed + "')])[" + index + "]", true): Modify property of object successfully

2020-06-08 16:17:11 - [MESSAGE][PASSED] - Modify property of object successfully

2020-06-08 16:17:11 - [TEST_STEP][PASSED] - focus(modifiedObj): Object: 'Object Repository/Objects.HighlightElements/input_field_index' is focused

2020-06-08 16:17:11 - [MESSAGE][PASSED] - Object: 'Object Repository/Objects.HighlightElements/input_field_index' is focused

2020-06-08 16:17:11 - [TEST_STEP][PASSED] - sendKeys(modifiedObj, Keys.chord(CONTROL, "a")): Keys 'CONTROL + a' sent to object: 'Object Repository/Objects.HighlightElements/input_field_index'

2020-06-08 16:17:11 - [MESSAGE][PASSED] - Keys 'CONTROL + a' sent to object: 'Object Repository/Objects.HighlightElements/input_field_index'

2020-06-08 16:17:11 - [TEST_STEP][PASSED] - sendKeys(modifiedObj, Keys.chord(DELETE)): Keys 'DELETE + ' sent to object: 'Object Repository/Objects.HighlightElements/input_field_index'

2020-06-08 16:17:11 - [MESSAGE][PASSED] - Keys 'DELETE + ' sent to object: 'Object Repository/Objects.HighlightElements/input_field_index'

2020-06-08 16:17:11 - [MESSAGE][PASSED] - Call Test Case 'Test Cases/Components/SelectAllThenDeleteIndex' successfully

2020-06-08 16:17:11 - [TEST_STEP][PASSED] - callTestCase(findTestCase("PFI Precision and Scale/PFI Components with Indexing/RequiredFieldValidationIndex"), ["nameToBeUsed":"decIntAONotes", "index":2], STOP_ON_FAILURE): Call Test Case 'Test Cases/PFI Precision and Scale/PFI Components with Indexing/RequiredFieldValidationIndex' successfully

2020-06-08 16:17:11 - [TEST_CASE][PASSED] - Test Cases/PFI Precision and Scale/PFI Components with Indexing/RequiredFieldValidationIndex: Test Cases/PFI Precision and Scale/PFI Components with Indexing/RequiredFieldValidationIndex

2020-06-08 16:17:11 - [TEST_STEP][PASSED] - Thread.sleep(2000): null

2020-06-08 16:17:13 - [TEST_STEP][PASSED] - NewInputNmField = modifyObjectProperty(findTestObject("Objects.HighlightElements/input_field_index"), "xpath", "equals", "(//*[contains(@class,'x-form-text') and (@name='" + nameToBeUsed + "')])[" + index + "]", true): Modify property of object successfully

2020-06-08 16:17:13 - [MESSAGE][PASSED] - Modify property of object successfully

2020-06-08 16:17:13 - [TEST_STEP][PASSED] - mouseOver(NewInputNmField): Object: 'Object Repository/Objects.HighlightElements/input_field_index' is hovered

2020-06-08 16:17:13 - [MESSAGE][PASSED] - Object: 'Object Repository/Objects.HighlightElements/input_field_index' is hovered

2020-06-08 16:17:13 - [TEST_STEP][PASSED] - getRqErrMsg = getAttribute(NewInputNmField, "data-errorqtip"): Attribute 'data-errorqtip' of object 'Object Repository/Objects.HighlightElements/input_field_index' is: '<ul class="x-list-plain"><li>This field is required</li></ul>'

2020-06-08 16:17:13 - [MESSAGE][PASSED] - Attribute 'data-errorqtip' of object 'Object Repository/Objects.HighlightElements/input_field_index' is: '<ul class="x-list-plain"><li>This field is required</li></ul>'

2020-06-08 16:17:13 - [TEST_STEP][PASSED] - strToolTip = getRqErrMsg.substring(29, 61): null

2020-06-08 16:17:13 - [TEST_STEP][PASSED] - toolTipReqErrMsg = strToolTip.substring(0, 22): null

2020-06-08 16:17:13 - [TEST_STEP][PASSED] - verifyMatch(toolTipReqErrMsg, RqField, true): Actual text 'This field is required' and expected text 'This field is required' are matched  using regular expression

2020-06-08 16:17:13 - [MESSAGE][PASSED] - Actual text 'This field is required' and expected text 'This field is required' are matched  using regular expression

2020-06-08 16:17:13 - [MESSAGE][PASSED] - Call Test Case 'Test Cases/PFI Precision and Scale/PFI Components with Indexing/RequiredFieldValidationIndex' successfully

2020-06-08 16:17:13 - [TEST_STEP][PASSED] - callTestCase(findTestCase("Components/Logout"), ["LogoutPageTextToBeVerified":findTestData("ISPS2 Test Data").getValue("HomeBanner", 1)], STOP_ON_FAILURE): Call Test Case 'Test Cases/Components/Logout' successfully

2020-06-08 16:17:13 - [TEST_CASE][PASSED] - Test Cases/Components/Logout: Test Cases/Components/Logout

2020-06-08 16:17:14 - [TEST_STEP][PASSED] - Thread.sleep(3000): null

2020-06-08 16:17:17 - [TEST_STEP][NOT_RUN] - com.reusableComponents.HighlightElement.run(findTestObject("Objects.Logout/accountDropdown")): NOT_RUN: com.reusableComponents.HighlightElement.run(findTestObject("Objects.Logout/accountDropdown"))

2020-06-08 16:17:17 - [MESSAGE][NOT_RUN] - NOT_RUN: com.reusableComponents.HighlightElement.run(findTestObject("Objects.Logout/accountDropdown"))

2020-06-08 16:17:17 - [TEST_STEP][NOT_RUN] - click(findTestObject("Objects.Logout/accountDropdown")): NOT_RUN: click(findTestObject("Objects.Logout/accountDropdown"))

2020-06-08 16:17:17 - [MESSAGE][NOT_RUN] - NOT_RUN: click(findTestObject("Objects.Logout/accountDropdown"))

2020-06-08 16:17:17 - [TEST_STEP][NOT_RUN] - com.reusableComponents.clickUsingJS.clickUsingJS(findTestObject("Objects.Logout/accountDropdown"), 0): NOT_RUN: com.reusableComponents.clickUsingJS.clickUsingJS(findTestObject("Objects.Logout/accountDropdown"), 0)

2020-06-08 16:17:17 - [MESSAGE][NOT_RUN] - NOT_RUN: com.reusableComponents.clickUsingJS.clickUsingJS(findTestObject("Objects.Logout/accountDropdown"), 0)

2020-06-08 16:17:17 - [TEST_STEP][PASSED] - element = findWebElement(findTestObject("Objects.Logout/accountDropdown"), 30): null

2020-06-08 16:17:17 - [TEST_STEP][PASSED] - executeJavaScript("arguments[0].click()", Arrays.asList(element)): Execute JavaScript 'arguments[0].click()' successfully

2020-06-08 16:17:17 - [MESSAGE][PASSED] - Execute JavaScript 'arguments[0].click()' successfully

2020-06-08 16:17:17 - [TEST_STEP][NOT_RUN] - com.reusableComponents.HighlightElement.run(findTestObject("Objects.Logout/span_Logout")): NOT_RUN: com.reusableComponents.HighlightElement.run(findTestObject("Objects.Logout/span_Logout"))

2020-06-08 16:17:17 - [MESSAGE][NOT_RUN] - NOT_RUN: com.reusableComponents.HighlightElement.run(findTestObject("Objects.Logout/span_Logout"))

2020-06-08 16:17:17 - [TEST_STEP][PASSED] - click(findTestObject("Objects.Logout/span_Logout"), STOP_ON_FAILURE): Object: 'Object Repository/Objects.Logout/span_Logout' is clicked on

2020-06-08 16:17:20 - [MESSAGE][PASSED] - Object: 'Object Repository/Objects.Logout/span_Logout' is clicked on

2020-06-08 16:17:20 - [TEST_STEP][PASSED] - waitForPageLoad(30): Wait for page load successfully

2020-06-08 16:17:20 - [MESSAGE][PASSED] - Wait for page load successfully

2020-06-08 16:17:20 - [TEST_STEP][PASSED] - Thread.sleep(3000): null

2020-06-08 16:17:23 - [TEST_STEP][PASSED] - verifyTextPresent(LogoutPageTextToBeVerified, false): Text 'Sign in to ISPS2-PROD-Verify' is present on page 

2020-06-08 16:17:23 - [MESSAGE][PASSED] - Text 'Sign in to ISPS2-PROD-Verify' is present on page 

2020-06-08 16:17:23 - [TEST_STEP][PASSED] - delay(5): Delayed 5 second(s)

2020-06-08 16:17:28 - [MESSAGE][PASSED] - Delayed 5 second(s)

2020-06-08 16:17:28 - [TEST_STEP][NOT_RUN] - com.reusableComponents.HighlightElement.run(findTestObject("Objects.Logout/div_Sign in to ISPS2-PROD-Verify")): NOT_RUN: com.reusableComponents.HighlightElement.run(findTestObject("Objects.Logout/div_Sign in to ISPS2-PROD-Verify"))

2020-06-08 16:17:28 - [MESSAGE][NOT_RUN] - NOT_RUN: com.reusableComponents.HighlightElement.run(findTestObject("Objects.Logout/div_Sign in to ISPS2-PROD-Verify"))

2020-06-08 16:17:28 - [TEST_STEP][PASSED] - closeBrowser(): Browser is closed

2020-06-08 16:17:29 - [MESSAGE][PASSED] - Browser is closed

2020-06-08 16:17:29 - [MESSAGE][PASSED] - Call Test Case 'Test Cases/Components/Logout' successfully]]></system-out>
         <system-err><![CDATA[]]></system-err>
      </testcase>
      <system-out><![CDATA[2020-06-08 16:11:27 - [TEST_SUITE][PASSED] - PFI-TOPCSC: Test Cases/PFI Precision and Scale/PFI Test Cases/PFI - TOPCSC/DecideTOPCSC]]></system-out>
      <system-err><![CDATA[]]></system-err>
   </testsuite>
</testsuites>
