<?xml version="1.0" encoding="UTF-8"?>
<testsuites name="Decision" time="347.778" tests="2" failures="0" errors="0">
   <testsuite name="Decision" tests="2" failures="0" errors="0" time="347.778" timestamp="2020-05-30 01:29:50" hostname="19023-RAC - 192.168.16.39" id="Test Suites/PFI Precision and Scale Automated Regression Suite/PFI-TOPCSC/Decision">
      <properties>
         <property name="deviceName" value=""/>
         <property name="devicePlatform" value=""/>
         <property name="logFolder" value="C:\\Users\\19023-RAC\\Desktop\\New Automation Copy\\Reports\\20200530_012939\\PFI Precision and Scale Automated Regression Suite\\PFI-TOPCSC\\Decision\\20200530_012939"/>
         <property name="logFiles" value="C:\\Users\\19023-RAC\\Desktop\\New Automation Copy\\Reports\\20200530_012939\\PFI Precision and Scale Automated Regression Suite\\PFI-TOPCSC\\Decision\\20200530_012939\\execution0.log"/>
         <property name="attachments" value=""/>
         <property name="hostName" value="19023-RAC - 192.168.16.39"/>
         <property name="os" value="Windows 10 64bit"/>
         <property name="katalonVersion" value="7.2.1.1"/>
         <property name="browser" value="Chrome 81.0.4044.138"/>
         <property name="hostAddress" value="192.168.16.39"/>
         <property name="sessionId" value="518144819c2baace24a0349b5f11e4eb"/>
         <property name="seleniumVersion" value="3.141.59"/>
         <property name="proxyInformation" value="ProxyInformation{proxyOption=NO_PROXY, proxyServerType=HTTP, password=, proxyServerAddress=, proxyServerPort=0, executionList=}"/>
         <property name="platform" value="Windows 10"/>
      </properties>
      <testcase name="Test Cases/PFI Precision and Scale/PFI Test Cases/PFI - TOPCSC/RecommendTOPCSC" time="195.36" classname="Test Cases/PFI Precision and Scale/PFI Test Cases/PFI - TOPCSC/RecommendTOPCSC" status="PASSED">
         <system-out><![CDATA[2020-05-30 01:29:50 - [TEST_CASE][PASSED] - Test Cases/PFI Precision and Scale/PFI Test Cases/PFI - TOPCSC/RecommendTOPCSC: Test Cases/PFI Precision and Scale/PFI Test Cases/PFI - TOPCSC/RecommendTOPCSC

2020-05-30 01:29:50 - [TEST_STEP][PASSED] - callTestCase(findTestCase("Components/LoginV2.0"), ["LinkToBeUsed":findTestData("ISPS2 Test Data").getValue("URL", 1), "LoginPageTextToBeVerified":findTestData("ISPS2 Test Data").getValue("HomeBanner", 1), ... ], STOP_ON_FAILURE): Call Test Case 'Test Cases/Components/LoginV2.0' successfully

2020-05-30 01:29:51 - [TEST_CASE][PASSED] - Test Cases/Components/LoginV2.0: Test Cases/Components/LoginV2.0

2020-05-30 01:29:51 - [TEST_STEP][PASSED] - openBrowser(LinkToBeUsed): Browser is opened with url: 'http://10.0.2.41:3012/isps2-prod-verify/authnz/login.do'

2020-05-30 01:29:52 - [MESSAGE][INFO] - Starting 'Chrome' driver

2020-05-30 01:29:52 - [MESSAGE][INFO] - Action delay is set to 0 seconds

2020-05-30 01:30:01 - [MESSAGE][PASSED] - Browser is opened with url: 'http://10.0.2.41:3012/isps2-prod-verify/authnz/login.do'

2020-05-30 01:30:01 - [TEST_STEP][PASSED] - maximizeWindow(): Current window maximized

2020-05-30 01:30:03 - [MESSAGE][PASSED] - Current window maximized

2020-05-30 01:30:03 - [TEST_STEP][PASSED] - verifyTextPresent(LoginPageTextToBeVerified, false): Text 'Sign in to ISPS2-PROD-Verify' is present on page 

2020-05-30 01:30:04 - [MESSAGE][PASSED] - Text 'Sign in to ISPS2-PROD-Verify' is present on page 

2020-05-30 01:30:04 - [TEST_STEP][PASSED] - setText(findTestObject("Objects.LoginV2.0/Login Page/input_Sign in to ISPS2-PROD-Verify_username"), Username): Text 'sysadmin' is set on object 'Object Repository/Objects.LoginV2.0/Login Page/input_Sign in to ISPS2-PROD-Verify_username'

2020-05-30 01:30:04 - [MESSAGE][PASSED] - Text 'sysadmin' is set on object 'Object Repository/Objects.LoginV2.0/Login Page/input_Sign in to ISPS2-PROD-Verify_username'

2020-05-30 01:30:04 - [TEST_STEP][PASSED] - setEncryptedText(findTestObject("Objects.LoginV2.0/Login Page/input_This field is required_password"), Password): Text ****** has been set on object 'Object Repository/Objects.LoginV2.0/Login Page/input_This field is required_password'

2020-05-30 01:30:05 - [MESSAGE][PASSED] - Text ****** has been set on object 'Object Repository/Objects.LoginV2.0/Login Page/input_This field is required_password'

2020-05-30 01:30:05 - [TEST_STEP][NOT_RUN] - setEncryptedText(findTestObject(null), Password): NOT_RUN: setEncryptedText(findTestObject(null), Password)

2020-05-30 01:30:05 - [MESSAGE][NOT_RUN] - NOT_RUN: setEncryptedText(findTestObject(null), Password)

2020-05-30 01:30:05 - [TEST_STEP][PASSED] - click(findTestObject("Objects.LoginV2.0/Login Page/div_Sign in to ISPS2-PROD-Verify_NovaGoButton-1021"), OPTIONAL): Object: 'Object Repository/Objects.LoginV2.0/Login Page/div_Sign in to ISPS2-PROD-Verify_NovaGoButton-1021' is clicked on

2020-05-30 01:30:05 - [MESSAGE][PASSED] - Object: 'Object Repository/Objects.LoginV2.0/Login Page/div_Sign in to ISPS2-PROD-Verify_NovaGoButton-1021' is clicked on

2020-05-30 01:30:05 - [TEST_STEP][PASSED] - waitForPageLoad(30): Wait for page load successfully

2020-05-30 01:30:05 - [MESSAGE][PASSED] - Wait for page load successfully

2020-05-30 01:30:05 - [TEST_STEP][PASSED] - Thread.sleep(3000): null

2020-05-30 01:30:08 - [MESSAGE][PASSED] - Call Test Case 'Test Cases/Components/LoginV2.0' successfully

2020-05-30 01:30:08 - [TEST_STEP][PASSED] - callTestCase(findTestCase("Components/NavigateToHomepageHeaders"), ["headerText":"My Tasks"], STOP_ON_FAILURE): Call Test Case 'Test Cases/Components/NavigateToHomepageHeaders' successfully

2020-05-30 01:30:08 - [TEST_CASE][PASSED] - Test Cases/Components/NavigateToHomepageHeaders: Test Cases/Components/NavigateToHomepageHeaders

2020-05-30 01:30:08 - [TEST_STEP][PASSED] - Thread.sleep(1000): null

2020-05-30 01:30:09 - [TEST_STEP][PASSED] - waitForPageLoad(30): Wait for page load successfully

2020-05-30 01:30:09 - [MESSAGE][PASSED] - Wait for page load successfully

2020-05-30 01:30:09 - [TEST_STEP][PASSED] - modifiedHeader = modifyObjectProperty(findTestObject("Objects.NavigateToHomepageHeaders/Page_ISPS2/div_Header"), "text", "equals", headerText, true): Modify property of object successfully

2020-05-30 01:30:09 - [MESSAGE][PASSED] - Modify property of object successfully

2020-05-30 01:30:09 - [TEST_STEP][PASSED] - verifyElementClickable(modifiedHeader): Object 'Object Repository/Objects.NavigateToHomepageHeaders/Page_ISPS2/div_Header' is clickable

2020-05-30 01:30:13 - [MESSAGE][PASSED] - Object 'Object Repository/Objects.NavigateToHomepageHeaders/Page_ISPS2/div_Header' is clickable

2020-05-30 01:30:13 - [TEST_STEP][PASSED] - click(modifiedHeader): Object: 'Object Repository/Objects.NavigateToHomepageHeaders/Page_ISPS2/div_Header' is clicked on

2020-05-30 01:30:13 - [MESSAGE][PASSED] - Object: 'Object Repository/Objects.NavigateToHomepageHeaders/Page_ISPS2/div_Header' is clicked on

2020-05-30 01:30:13 - [TEST_STEP][PASSED] - Thread.sleep(7000): null

2020-05-30 01:30:20 - [MESSAGE][PASSED] - Call Test Case 'Test Cases/Components/NavigateToHomepageHeaders' successfully

2020-05-30 01:30:20 - [TEST_STEP][PASSED] - callTestCase(findTestCase("Components/Filter"), ["taskDescription":"Process Case (PSI-TOPCSC)"], STOP_ON_FAILURE): Call Test Case 'Test Cases/Components/Filter' successfully

2020-05-30 01:30:20 - [TEST_CASE][PASSED] - Test Cases/Components/Filter: Test Cases/Components/Filter

2020-05-30 01:30:21 - [TEST_STEP][PASSED] - Thread.sleep(5000): null

2020-05-30 01:30:26 - [TEST_STEP][PASSED] - waitForPageLoad(180): Wait for page load successfully

2020-05-30 01:30:26 - [MESSAGE][PASSED] - Wait for page load successfully

2020-05-30 01:30:26 - [TEST_STEP][PASSED] - waitForElementNotPresent(findTestObject("Objects.Filter/Page_ISPS2/div_Loading search result Please wait"), 180): Web element with id: 'Object Repository/Objects.Filter/Page_ISPS2/div_Loading search result Please wait' located by 'By.xpath: //div[@class = 'x-mask-msg-text' and (text() = 'Loading search result. Please wait...' or . = 'Loading search result. Please wait...')]' is not present after '180' second(s)

2020-05-30 01:30:26 - [MESSAGE][PASSED] - Web element with id: 'Object Repository/Objects.Filter/Page_ISPS2/div_Loading search result Please wait' located by 'By.xpath: //div[@class = 'x-mask-msg-text' and (text() = 'Loading search result. Please wait...' or . = 'Loading search result. Please wait...')]' is not present after '180' second(s)

2020-05-30 01:30:26 - [TEST_STEP][PASSED] - click(findTestObject("Objects.Filter/Page_ISPS2/XP.Embutidooo")): Object: 'Object Repository/Objects.Filter/Page_ISPS2/XP.Embutidooo' is clicked on

2020-05-30 01:30:26 - [MESSAGE][PASSED] - Object: 'Object Repository/Objects.Filter/Page_ISPS2/XP.Embutidooo' is clicked on

2020-05-30 01:30:26 - [TEST_STEP][PASSED] - com.reusableComponents.HighlightElement.run(findTestObject("Objects.Filter/Page_ISPS2/span_Reset")): com.reusableComponents.HighlightElement.run is PASSED

2020-05-30 01:30:27 - [MESSAGE][PASSED] - com.reusableComponents.HighlightElement.run is PASSED

2020-05-30 01:30:27 - [TEST_STEP][PASSED] - click(findTestObject("Objects.Filter/Page_ISPS2/span_Reset")): Object: 'Object Repository/Objects.Filter/Page_ISPS2/span_Reset' is clicked on

2020-05-30 01:30:28 - [MESSAGE][PASSED] - Object: 'Object Repository/Objects.Filter/Page_ISPS2/span_Reset' is clicked on

2020-05-30 01:30:28 - [TEST_STEP][PASSED] - com.reusableComponents.HighlightElement.run(findTestObject("Objects.Filter/Page_ISPS2/TextBoxTaskDescription")): com.reusableComponents.HighlightElement.run is PASSED

2020-05-30 01:30:29 - [MESSAGE][PASSED] - com.reusableComponents.HighlightElement.run is PASSED

2020-05-30 01:30:29 - [TEST_STEP][PASSED] - setText(findTestObject("Objects.Filter/Page_ISPS2/TextBoxTaskDescription"), taskDescription): Text 'Process Case (PSI-TOPCSC)' is set on object 'Object Repository/Objects.Filter/Page_ISPS2/TextBoxTaskDescription'

2020-05-30 01:30:29 - [MESSAGE][PASSED] - Text 'Process Case (PSI-TOPCSC)' is set on object 'Object Repository/Objects.Filter/Page_ISPS2/TextBoxTaskDescription'

2020-05-30 01:30:29 - [TEST_STEP][PASSED] - caseType = taskDescription: null

2020-05-30 01:30:30 - [TEST_STEP][PASSED] - sendKeys(findTestObject("Objects.Filter/Page_ISPS2/TextBoxTaskDescription"), Keys.chord(ENTER)): Keys 'ENTER + ' sent to object: 'Object Repository/Objects.Filter/Page_ISPS2/TextBoxTaskDescription'

2020-05-30 01:30:31 - [MESSAGE][PASSED] - Keys 'ENTER + ' sent to object: 'Object Repository/Objects.Filter/Page_ISPS2/TextBoxTaskDescription'

2020-05-30 01:30:31 - [TEST_STEP][PASSED] - com.reusableComponents.HighlightElement.run(findTestObject("Objects.Filter/Page_ISPS2/span_Search")): com.reusableComponents.HighlightElement.run is PASSED

2020-05-30 01:30:32 - [MESSAGE][PASSED] - com.reusableComponents.HighlightElement.run is PASSED

2020-05-30 01:30:32 - [TEST_STEP][PASSED] - click(findTestObject("Objects.Filter/Page_ISPS2/span_Search")): Object: 'Object Repository/Objects.Filter/Page_ISPS2/span_Search' is clicked on

2020-05-30 01:30:32 - [MESSAGE][PASSED] - Object: 'Object Repository/Objects.Filter/Page_ISPS2/span_Search' is clicked on

2020-05-30 01:30:32 - [TEST_STEP][NOT_RUN] - verifyTextPresent("Loading search result. Please wait...", false): NOT_RUN: verifyTextPresent("Loading search result. Please wait...", false)

2020-05-30 01:30:32 - [MESSAGE][NOT_RUN] - NOT_RUN: verifyTextPresent("Loading search result. Please wait...", false)

2020-05-30 01:30:32 - [TEST_STEP][NOT_RUN] - waitForElementNotPresent(findTestObject("Objects.Filter/Page_ISPS2/div_Loading search result Please wait"), 120): NOT_RUN: waitForElementNotPresent(findTestObject("Objects.Filter/Page_ISPS2/div_Loading search result Please wait"), 120)

2020-05-30 01:30:32 - [MESSAGE][NOT_RUN] - NOT_RUN: waitForElementNotPresent(findTestObject("Objects.Filter/Page_ISPS2/div_Loading search result Please wait"), 120)

2020-05-30 01:30:32 - [TEST_STEP][PASSED] - Thread.sleep(5000): null

2020-05-30 01:30:37 - [MESSAGE][PASSED] - Call Test Case 'Test Cases/Components/Filter' successfully

2020-05-30 01:30:37 - [TEST_STEP][PASSED] - callTestCase(findTestCase("Components/ClickLinkDependingOnTextAndIndex"), ["linkName":"Process Case (PSI-TOPCSC)", "index":"1"], STOP_ON_FAILURE): Call Test Case 'Test Cases/Components/ClickLinkDependingOnTextAndIndex' successfully

2020-05-30 01:30:37 - [TEST_CASE][PASSED] - Test Cases/Components/ClickLinkDependingOnTextAndIndex: Test Cases/Components/ClickLinkDependingOnTextAndIndex

2020-05-30 01:30:37 - [TEST_STEP][PASSED] - Thread.sleep(1000): null

2020-05-30 01:30:38 - [TEST_STEP][PASSED] - println(linkName): null

2020-05-30 01:30:38 - [TEST_STEP][PASSED] - println(index): null

2020-05-30 01:30:38 - [TEST_STEP][PASSED] - modifiedLink = modifyObjectProperty(findTestObject("Objects.ClickLinkDependingOnTextAndIndex/linkToModify"), "xpath", "equals", "(//a[text()="" + linkName + ""])[" + index + "]", true): Modify property of object successfully

2020-05-30 01:30:38 - [MESSAGE][PASSED] - Modify property of object successfully

2020-05-30 01:30:38 - [TEST_STEP][PASSED] - Thread.sleep(5000): null

2020-05-30 01:30:43 - [TEST_STEP][PASSED] - com.reusableComponents.HighlightElement.run(modifiedLink): com.reusableComponents.HighlightElement.run is PASSED

2020-05-30 01:30:44 - [MESSAGE][PASSED] - com.reusableComponents.HighlightElement.run is PASSED

2020-05-30 01:30:44 - [TEST_STEP][PASSED] - click(modifiedLink): Object: 'Object Repository/Objects.ClickLinkDependingOnTextAndIndex/linkToModify' is clicked on

2020-05-30 01:30:45 - [MESSAGE][PASSED] - Object: 'Object Repository/Objects.ClickLinkDependingOnTextAndIndex/linkToModify' is clicked on

2020-05-30 01:30:45 - [MESSAGE][PASSED] - Call Test Case 'Test Cases/Components/ClickLinkDependingOnTextAndIndex' successfully

2020-05-30 01:30:45 - [TEST_STEP][PASSED] - callTestCase(findTestCase("Components/NavigateToAnyLHS"), ["LHS":"Recommend TOP/CSC Interface"], STOP_ON_FAILURE): Call Test Case 'Test Cases/Components/NavigateToAnyLHS' successfully

2020-05-30 01:30:45 - [TEST_CASE][PASSED] - Test Cases/Components/NavigateToAnyLHS: Test Cases/Components/NavigateToAnyLHS

2020-05-30 01:30:45 - [TEST_STEP][PASSED] - Thread.sleep(1000): null

2020-05-30 01:30:46 - [TEST_STEP][PASSED] - modifiedLHS = modifyObjectProperty(findTestObject("Objects.NavigateToAnyLHS/Page_ISPS2/LHSToModify"), "text", "equals", LHS, true): Modify property of object successfully

2020-05-30 01:30:46 - [MESSAGE][PASSED] - Modify property of object successfully

2020-05-30 01:30:46 - [TEST_STEP][PASSED] - click(modifiedLHS): Object: 'Object Repository/Objects.NavigateToAnyLHS/Page_ISPS2/LHSToModify' is clicked on

2020-05-30 01:30:51 - [MESSAGE][PASSED] - Object: 'Object Repository/Objects.NavigateToAnyLHS/Page_ISPS2/LHSToModify' is clicked on

2020-05-30 01:30:51 - [TEST_STEP][PASSED] - currentLHS = getText(modifiedLHS): Text of object 'Object Repository/Objects.NavigateToAnyLHS/Page_ISPS2/LHSToModify' is: 'Recommend TOP/CSC Interface'

2020-05-30 01:30:53 - [MESSAGE][PASSED] - Text of object 'Object Repository/Objects.NavigateToAnyLHS/Page_ISPS2/LHSToModify' is: 'Recommend TOP/CSC Interface'

2020-05-30 01:30:53 - [TEST_STEP][PASSED] - Thread.sleep(5000): null

2020-05-30 01:30:58 - [MESSAGE][PASSED] - Call Test Case 'Test Cases/Components/NavigateToAnyLHS' successfully

2020-05-30 01:30:58 - [TEST_STEP][PASSED] - callTestCase(findTestCase("Components/VerifyPageSuccessfullyLoadedII"), ["PageNm":"Recommend"], STOP_ON_FAILURE): Call Test Case 'Test Cases/Components/VerifyPageSuccessfullyLoadedII' successfully

2020-05-30 01:30:58 - [TEST_CASE][PASSED] - Test Cases/Components/VerifyPageSuccessfullyLoadedII: Test Cases/Components/VerifyPageSuccessfullyLoadedII

2020-05-30 01:30:58 - [TEST_STEP][PASSED] - Thread.sleep(1000): null

2020-05-30 01:30:59 - [TEST_STEP][PASSED] - modifiedInputFld = modifyObjectProperty(findTestObject("Object Repository/Objects.VerifyPageSuccessfullyLoaded/PageHeaderIndex"), "xpath", "equals", "//*[contains(@class,'isps-page-title') and (text()='" + PageNm + "')]", true): Modify property of object successfully

2020-05-30 01:30:59 - [MESSAGE][PASSED] - Modify property of object successfully

2020-05-30 01:30:59 - [TEST_STEP][PASSED] - com.reusableComponents.HighlightElement.run(modifiedInputFld): com.reusableComponents.HighlightElement.run is PASSED

2020-05-30 01:31:00 - [MESSAGE][PASSED] - com.reusableComponents.HighlightElement.run is PASSED

2020-05-30 01:31:00 - [MESSAGE][PASSED] - Call Test Case 'Test Cases/Components/VerifyPageSuccessfullyLoadedII' successfully

2020-05-30 01:31:00 - [TEST_STEP][PASSED] - callTestCase(findTestCase("Components/HighlightLabelFieldXPI"), ["LblName":"Recommend To", "index":1], STOP_ON_FAILURE): Call Test Case 'Test Cases/Components/HighlightLabelFieldXPI' successfully

2020-05-30 01:31:00 - [TEST_CASE][PASSED] - Test Cases/Components/HighlightLabelFieldXPI: Test Cases/Components/HighlightLabelFieldXPI

2020-05-30 01:31:00 - [TEST_STEP][PASSED] - Thread.sleep(1000): null

2020-05-30 01:31:01 - [TEST_STEP][PASSED] - modifiedLblNm = modifyObjectProperty(findTestObject("Object Repository/Objects.HighlightElements/lblField_index"), "xpath", "equals", "(//*[contains(@class, 'x-form-item-label-inner x-form-item-label-inner-default') and contains(., '" + LblName + "')])[" + index + "]", true): Modify property of object successfully

2020-05-30 01:31:01 - [MESSAGE][PASSED] - Modify property of object successfully

2020-05-30 01:31:01 - [TEST_STEP][PASSED] - com.reusableComponents.HighlightElement.run(modifiedLblNm): com.reusableComponents.HighlightElement.run is PASSED

2020-05-30 01:31:02 - [MESSAGE][PASSED] - com.reusableComponents.HighlightElement.run is PASSED

2020-05-30 01:31:02 - [MESSAGE][PASSED] - Call Test Case 'Test Cases/Components/HighlightLabelFieldXPI' successfully

2020-05-30 01:31:02 - [TEST_STEP][PASSED] - callTestCase(findTestCase("Components/HighlightInputIndexField"), ["InputName":"psiRecommendTo", "index":1], STOP_ON_FAILURE): Call Test Case 'Test Cases/Components/HighlightInputIndexField' successfully

2020-05-30 01:31:02 - [TEST_CASE][PASSED] - Test Cases/Components/HighlightInputIndexField: Test Cases/Components/HighlightInputIndexField

2020-05-30 01:31:02 - [TEST_STEP][PASSED] - Thread.sleep(1000): null

2020-05-30 01:31:03 - [TEST_STEP][PASSED] - modifiedInputFld = modifyObjectProperty(findTestObject("Objects.HighlightElements/input_field_index"), "xpath", "equals", "(//*[contains(@class,'x-form-text') and (@name='" + InputName + "')])[" + index + "]", true): Modify property of object successfully

2020-05-30 01:31:03 - [MESSAGE][PASSED] - Modify property of object successfully

2020-05-30 01:31:03 - [TEST_STEP][PASSED] - com.reusableComponents.HighlightElement.run(modifiedInputFld): com.reusableComponents.HighlightElement.run is PASSED

2020-05-30 01:31:04 - [MESSAGE][PASSED] - com.reusableComponents.HighlightElement.run is PASSED

2020-05-30 01:31:04 - [MESSAGE][PASSED] - Call Test Case 'Test Cases/Components/HighlightInputIndexField' successfully

2020-05-30 01:31:04 - [TEST_STEP][PASSED] - callTestCase(findTestCase("PFI Precision and Scale/PFI Components with Indexing/VerifyDropdownValuesIndex"), ["FldNm":"psiRecommendTo", "CallTCName":"PFI Precision and Scale/HashMap Tables/OfficerLists", "cmbNm":"", "NoOfVal":27, "DelayTime":0, ... ], STOP_ON_FAILURE): Call Test Case 'Test Cases/PFI Precision and Scale/PFI Components with Indexing/VerifyDropdownValuesIndex' successfully

2020-05-30 01:31:04 - [TEST_CASE][PASSED] - Test Cases/PFI Precision and Scale/PFI Components with Indexing/VerifyDropdownValuesIndex: Test Cases/PFI Precision and Scale/PFI Components with Indexing/VerifyDropdownValuesIndex

2020-05-30 01:31:05 - [TEST_STEP][PASSED] - Thread.sleep(1000): null

2020-05-30 01:31:06 - [TEST_STEP][PASSED] - NewInputNmField = modifyObjectProperty(findTestObject("Object Repository/Objects.HighlightElements/input_field_index"), "xpath", "equals", "(//*[contains(@class,'x-form-text') and (@name='" + FldNm + "')])[" + index + "]", true): Modify property of object successfully

2020-05-30 01:31:06 - [MESSAGE][PASSED] - Modify property of object successfully

2020-05-30 01:31:06 - [TEST_STEP][PASSED] - comboNm = cmbNm: null

2020-05-30 01:31:06 - [TEST_STEP][PASSED] - focus(NewInputNmField): Object: 'Object Repository/Objects.HighlightElements/input_field_index' is focused

2020-05-30 01:31:06 - [MESSAGE][PASSED] - Object: 'Object Repository/Objects.HighlightElements/input_field_index' is focused

2020-05-30 01:31:06 - [TEST_STEP][PASSED] - setText(NewInputNmField, EnterValue): Text '' is set on object 'Object Repository/Objects.HighlightElements/input_field_index'

2020-05-30 01:31:06 - [MESSAGE][PASSED] - Text '' is set on object 'Object Repository/Objects.HighlightElements/input_field_index'

2020-05-30 01:31:06 - [TEST_STEP][PASSED] - for ([i = 1, i <= NoOfVal, (i++)]): Keys 'DOWN + ' sent to object: 'Object Repository/Objects.HighlightElements/input_field_index'

2020-05-30 01:31:06 - [TEST_STEP][PASSED] - sendKeys(NewInputNmField, Keys.chord(ARROW_DOWN)): Keys 'DOWN + ' sent to object: 'Object Repository/Objects.HighlightElements/input_field_index'

2020-05-30 01:31:06 - [MESSAGE][PASSED] - Keys 'DOWN + ' sent to object: 'Object Repository/Objects.HighlightElements/input_field_index'

2020-05-30 01:31:06 - [TEST_STEP][PASSED] - delay(DelayTime): Delayed 0 second(s)

2020-05-30 01:31:07 - [MESSAGE][PASSED] - Delayed 0 second(s)

2020-05-30 01:31:07 - [TEST_STEP][PASSED] - sendKeys(NewInputNmField, Keys.chord(ENTER)): Keys 'ENTER + ' sent to object: 'Object Repository/Objects.HighlightElements/input_field_index'

2020-05-30 01:31:07 - [MESSAGE][PASSED] - Keys 'ENTER + ' sent to object: 'Object Repository/Objects.HighlightElements/input_field_index'

2020-05-30 01:31:07 - [TEST_STEP][PASSED] - ComboBoxValue = getAttribute(NewInputNmField, "value"): Attribute 'value' of object 'Object Repository/Objects.HighlightElements/input_field_index' is: 'Aaron Sham Wai Lun (AARON)'

2020-05-30 01:31:07 - [MESSAGE][PASSED] - Attribute 'value' of object 'Object Repository/Objects.HighlightElements/input_field_index' is: 'Aaron Sham Wai Lun (AARON)'

2020-05-30 01:31:07 - [TEST_STEP][PASSED] - callTestCase(findTestCase(CallTCName), ["FindValue":ComboBoxValue, "DropdownNm":comboNm], STOP_ON_FAILURE): Call Test Case 'Test Cases/PFI Precision and Scale/HashMap Tables/OfficerLists' successfully

2020-05-30 01:31:08 - [TEST_CASE][PASSED] - Test Cases/PFI Precision and Scale/HashMap Tables/OfficerLists: Test Cases/PFI Precision and Scale/HashMap Tables/OfficerLists

2020-05-30 01:31:08 - [TEST_STEP][PASSED] - Thread.sleep(1000): null

2020-05-30 01:31:09 - [TEST_STEP][PASSED] - OfficerLists = [1:"Aaron Sham Wai Lun (AARON)", 2:"Azidah Bte Akmad (Mdm) (USAABD)", 3:"Chung Fong Nyen (USACFN)", 4:"David Tey Dah Wei (DAHWEI)", ... ]: null

2020-05-30 01:31:09 - [TEST_STEP][PASSED] - ValueFound = OfficerLists.find({ -> ... }): null

2020-05-30 01:31:09 - [MESSAGE][PASSED] - Call Test Case 'Test Cases/PFI Precision and Scale/HashMap Tables/OfficerLists' successfully

2020-05-30 01:31:09 - [TEST_STEP][PASSED] - println(ValueFound): null

2020-05-30 01:31:09 - [TEST_STEP][PASSED] - sendKeys(NewInputNmField, Keys.chord(ARROW_DOWN)): Keys 'DOWN + ' sent to object: 'Object Repository/Objects.HighlightElements/input_field_index'

2020-05-30 01:31:09 - [MESSAGE][PASSED] - Keys 'DOWN + ' sent to object: 'Object Repository/Objects.HighlightElements/input_field_index'

2020-05-30 01:31:09 - [TEST_STEP][PASSED] - sendKeys(NewInputNmField, Keys.chord(ARROW_DOWN)): Keys 'DOWN + ' sent to object: 'Object Repository/Objects.HighlightElements/input_field_index'

2020-05-30 01:31:10 - [MESSAGE][PASSED] - Keys 'DOWN + ' sent to object: 'Object Repository/Objects.HighlightElements/input_field_index'

2020-05-30 01:31:10 - [TEST_STEP][PASSED] - delay(DelayTime): Delayed 0 second(s)

2020-05-30 01:31:10 - [MESSAGE][PASSED] - Delayed 0 second(s)

2020-05-30 01:31:10 - [TEST_STEP][PASSED] - sendKeys(NewInputNmField, Keys.chord(ENTER)): Keys 'ENTER + ' sent to object: 'Object Repository/Objects.HighlightElements/input_field_index'

2020-05-30 01:31:10 - [MESSAGE][PASSED] - Keys 'ENTER + ' sent to object: 'Object Repository/Objects.HighlightElements/input_field_index'

2020-05-30 01:31:10 - [TEST_STEP][PASSED] - ComboBoxValue = getAttribute(NewInputNmField, "value"): Attribute 'value' of object 'Object Repository/Objects.HighlightElements/input_field_index' is: 'Azidah Bte Akmad (Mdm) (USAABD)'

2020-05-30 01:31:11 - [MESSAGE][PASSED] - Attribute 'value' of object 'Object Repository/Objects.HighlightElements/input_field_index' is: 'Azidah Bte Akmad (Mdm) (USAABD)'

2020-05-30 01:31:11 - [TEST_STEP][PASSED] - callTestCase(findTestCase(CallTCName), ["FindValue":ComboBoxValue, "DropdownNm":comboNm], STOP_ON_FAILURE): Call Test Case 'Test Cases/PFI Precision and Scale/HashMap Tables/OfficerLists' successfully

2020-05-30 01:31:11 - [TEST_CASE][PASSED] - Test Cases/PFI Precision and Scale/HashMap Tables/OfficerLists: Test Cases/PFI Precision and Scale/HashMap Tables/OfficerLists

2020-05-30 01:31:11 - [TEST_STEP][PASSED] - Thread.sleep(1000): null

2020-05-30 01:31:12 - [TEST_STEP][PASSED] - OfficerLists = [1:"Aaron Sham Wai Lun (AARON)", 2:"Azidah Bte Akmad (Mdm) (USAABD)", 3:"Chung Fong Nyen (USACFN)", 4:"David Tey Dah Wei (DAHWEI)", ... ]: null

2020-05-30 01:31:12 - [TEST_STEP][PASSED] - ValueFound = OfficerLists.find({ -> ... }): null

2020-05-30 01:31:12 - [MESSAGE][PASSED] - Call Test Case 'Test Cases/PFI Precision and Scale/HashMap Tables/OfficerLists' successfully

2020-05-30 01:31:12 - [TEST_STEP][PASSED] - println(ValueFound): null

2020-05-30 01:31:12 - [TEST_STEP][PASSED] - sendKeys(NewInputNmField, Keys.chord(ARROW_DOWN)): Keys 'DOWN + ' sent to object: 'Object Repository/Objects.HighlightElements/input_field_index'

2020-05-30 01:31:12 - [MESSAGE][PASSED] - Keys 'DOWN + ' sent to object: 'Object Repository/Objects.HighlightElements/input_field_index'

2020-05-30 01:31:12 - [TEST_STEP][PASSED] - sendKeys(NewInputNmField, Keys.chord(ARROW_DOWN)): Keys 'DOWN + ' sent to object: 'Object Repository/Objects.HighlightElements/input_field_index'

2020-05-30 01:31:13 - [MESSAGE][PASSED] - Keys 'DOWN + ' sent to object: 'Object Repository/Objects.HighlightElements/input_field_index'

2020-05-30 01:31:13 - [TEST_STEP][PASSED] - delay(DelayTime): Delayed 0 second(s)

2020-05-30 01:31:13 - [MESSAGE][PASSED] - Delayed 0 second(s)

2020-05-30 01:31:13 - [TEST_STEP][PASSED] - sendKeys(NewInputNmField, Keys.chord(ENTER)): Keys 'ENTER + ' sent to object: 'Object Repository/Objects.HighlightElements/input_field_index'

2020-05-30 01:31:13 - [MESSAGE][PASSED] - Keys 'ENTER + ' sent to object: 'Object Repository/Objects.HighlightElements/input_field_index'

2020-05-30 01:31:13 - [TEST_STEP][PASSED] - ComboBoxValue = getAttribute(NewInputNmField, "value"): Attribute 'value' of object 'Object Repository/Objects.HighlightElements/input_field_index' is: 'Chua Bee Tee (BEETEE)'

2020-05-30 01:31:14 - [MESSAGE][PASSED] - Attribute 'value' of object 'Object Repository/Objects.HighlightElements/input_field_index' is: 'Chua Bee Tee (BEETEE)'

2020-05-30 01:31:14 - [TEST_STEP][PASSED] - callTestCase(findTestCase(CallTCName), ["FindValue":ComboBoxValue, "DropdownNm":comboNm], STOP_ON_FAILURE): Call Test Case 'Test Cases/PFI Precision and Scale/HashMap Tables/OfficerLists' successfully

2020-05-30 01:31:14 - [TEST_CASE][PASSED] - Test Cases/PFI Precision and Scale/HashMap Tables/OfficerLists: Test Cases/PFI Precision and Scale/HashMap Tables/OfficerLists

2020-05-30 01:31:14 - [TEST_STEP][PASSED] - Thread.sleep(1000): null

2020-05-30 01:31:15 - [TEST_STEP][PASSED] - OfficerLists = [1:"Aaron Sham Wai Lun (AARON)", 2:"Azidah Bte Akmad (Mdm) (USAABD)", 3:"Chung Fong Nyen (USACFN)", 4:"David Tey Dah Wei (DAHWEI)", ... ]: null

2020-05-30 01:31:15 - [TEST_STEP][PASSED] - ValueFound = OfficerLists.find({ -> ... }): null

2020-05-30 01:31:15 - [MESSAGE][PASSED] - Call Test Case 'Test Cases/PFI Precision and Scale/HashMap Tables/OfficerLists' successfully

2020-05-30 01:31:15 - [TEST_STEP][PASSED] - println(ValueFound): null

2020-05-30 01:31:15 - [TEST_STEP][PASSED] - sendKeys(NewInputNmField, Keys.chord(ARROW_DOWN)): Keys 'DOWN + ' sent to object: 'Object Repository/Objects.HighlightElements/input_field_index'

2020-05-30 01:31:15 - [MESSAGE][PASSED] - Keys 'DOWN + ' sent to object: 'Object Repository/Objects.HighlightElements/input_field_index'

2020-05-30 01:31:15 - [TEST_STEP][PASSED] - sendKeys(NewInputNmField, Keys.chord(ARROW_DOWN)): Keys 'DOWN + ' sent to object: 'Object Repository/Objects.HighlightElements/input_field_index'

2020-05-30 01:31:15 - [MESSAGE][PASSED] - Keys 'DOWN + ' sent to object: 'Object Repository/Objects.HighlightElements/input_field_index'

2020-05-30 01:31:15 - [TEST_STEP][PASSED] - delay(DelayTime): Delayed 0 second(s)

2020-05-30 01:31:15 - [MESSAGE][PASSED] - Delayed 0 second(s)

2020-05-30 01:31:15 - [TEST_STEP][PASSED] - sendKeys(NewInputNmField, Keys.chord(ENTER)): Keys 'ENTER + ' sent to object: 'Object Repository/Objects.HighlightElements/input_field_index'

2020-05-30 01:31:16 - [MESSAGE][PASSED] - Keys 'ENTER + ' sent to object: 'Object Repository/Objects.HighlightElements/input_field_index'

2020-05-30 01:31:16 - [TEST_STEP][PASSED] - ComboBoxValue = getAttribute(NewInputNmField, "value"): Attribute 'value' of object 'Object Repository/Objects.HighlightElements/input_field_index' is: 'Chung Fong Nyen (USACFN)'

2020-05-30 01:31:16 - [MESSAGE][PASSED] - Attribute 'value' of object 'Object Repository/Objects.HighlightElements/input_field_index' is: 'Chung Fong Nyen (USACFN)'

2020-05-30 01:31:16 - [TEST_STEP][PASSED] - callTestCase(findTestCase(CallTCName), ["FindValue":ComboBoxValue, "DropdownNm":comboNm], STOP_ON_FAILURE): Call Test Case 'Test Cases/PFI Precision and Scale/HashMap Tables/OfficerLists' successfully

2020-05-30 01:31:16 - [TEST_CASE][PASSED] - Test Cases/PFI Precision and Scale/HashMap Tables/OfficerLists: Test Cases/PFI Precision and Scale/HashMap Tables/OfficerLists

2020-05-30 01:31:16 - [TEST_STEP][PASSED] - Thread.sleep(1000): null

2020-05-30 01:31:17 - [TEST_STEP][PASSED] - OfficerLists = [1:"Aaron Sham Wai Lun (AARON)", 2:"Azidah Bte Akmad (Mdm) (USAABD)", 3:"Chung Fong Nyen (USACFN)", 4:"David Tey Dah Wei (DAHWEI)", ... ]: null

2020-05-30 01:31:17 - [TEST_STEP][PASSED] - ValueFound = OfficerLists.find({ -> ... }): null

2020-05-30 01:31:17 - [MESSAGE][PASSED] - Call Test Case 'Test Cases/PFI Precision and Scale/HashMap Tables/OfficerLists' successfully

2020-05-30 01:31:17 - [TEST_STEP][PASSED] - println(ValueFound): null

2020-05-30 01:31:17 - [TEST_STEP][PASSED] - sendKeys(NewInputNmField, Keys.chord(ARROW_DOWN)): Keys 'DOWN + ' sent to object: 'Object Repository/Objects.HighlightElements/input_field_index'

2020-05-30 01:31:18 - [MESSAGE][PASSED] - Keys 'DOWN + ' sent to object: 'Object Repository/Objects.HighlightElements/input_field_index'

2020-05-30 01:31:18 - [TEST_STEP][PASSED] - sendKeys(NewInputNmField, Keys.chord(ARROW_DOWN)): Keys 'DOWN + ' sent to object: 'Object Repository/Objects.HighlightElements/input_field_index'

2020-05-30 01:31:18 - [MESSAGE][PASSED] - Keys 'DOWN + ' sent to object: 'Object Repository/Objects.HighlightElements/input_field_index'

2020-05-30 01:31:18 - [TEST_STEP][PASSED] - delay(DelayTime): Delayed 0 second(s)

2020-05-30 01:31:18 - [MESSAGE][PASSED] - Delayed 0 second(s)

2020-05-30 01:31:18 - [TEST_STEP][PASSED] - sendKeys(NewInputNmField, Keys.chord(ENTER)): Keys 'ENTER + ' sent to object: 'Object Repository/Objects.HighlightElements/input_field_index'

2020-05-30 01:31:19 - [MESSAGE][PASSED] - Keys 'ENTER + ' sent to object: 'Object Repository/Objects.HighlightElements/input_field_index'

2020-05-30 01:31:19 - [TEST_STEP][PASSED] - ComboBoxValue = getAttribute(NewInputNmField, "value"): Attribute 'value' of object 'Object Repository/Objects.HighlightElements/input_field_index' is: 'David Tey Dah Wei (DAHWEI)'

2020-05-30 01:31:19 - [MESSAGE][PASSED] - Attribute 'value' of object 'Object Repository/Objects.HighlightElements/input_field_index' is: 'David Tey Dah Wei (DAHWEI)'

2020-05-30 01:31:19 - [TEST_STEP][PASSED] - callTestCase(findTestCase(CallTCName), ["FindValue":ComboBoxValue, "DropdownNm":comboNm], STOP_ON_FAILURE): Call Test Case 'Test Cases/PFI Precision and Scale/HashMap Tables/OfficerLists' successfully

2020-05-30 01:31:19 - [TEST_CASE][PASSED] - Test Cases/PFI Precision and Scale/HashMap Tables/OfficerLists: Test Cases/PFI Precision and Scale/HashMap Tables/OfficerLists

2020-05-30 01:31:19 - [TEST_STEP][PASSED] - Thread.sleep(1000): null

2020-05-30 01:31:20 - [TEST_STEP][PASSED] - OfficerLists = [1:"Aaron Sham Wai Lun (AARON)", 2:"Azidah Bte Akmad (Mdm) (USAABD)", 3:"Chung Fong Nyen (USACFN)", 4:"David Tey Dah Wei (DAHWEI)", ... ]: null

2020-05-30 01:31:20 - [TEST_STEP][PASSED] - ValueFound = OfficerLists.find({ -> ... }): null

2020-05-30 01:31:20 - [MESSAGE][PASSED] - Call Test Case 'Test Cases/PFI Precision and Scale/HashMap Tables/OfficerLists' successfully

2020-05-30 01:31:20 - [TEST_STEP][PASSED] - println(ValueFound): null

2020-05-30 01:31:20 - [TEST_STEP][PASSED] - sendKeys(NewInputNmField, Keys.chord(ARROW_DOWN)): Keys 'DOWN + ' sent to object: 'Object Repository/Objects.HighlightElements/input_field_index'

2020-05-30 01:31:20 - [MESSAGE][PASSED] - Keys 'DOWN + ' sent to object: 'Object Repository/Objects.HighlightElements/input_field_index'

2020-05-30 01:31:20 - [TEST_STEP][PASSED] - sendKeys(NewInputNmField, Keys.chord(ARROW_DOWN)): Keys 'DOWN + ' sent to object: 'Object Repository/Objects.HighlightElements/input_field_index'

2020-05-30 01:31:21 - [MESSAGE][PASSED] - Keys 'DOWN + ' sent to object: 'Object Repository/Objects.HighlightElements/input_field_index'

2020-05-30 01:31:21 - [TEST_STEP][PASSED] - delay(DelayTime): Delayed 0 second(s)

2020-05-30 01:31:21 - [MESSAGE][PASSED] - Delayed 0 second(s)

2020-05-30 01:31:21 - [TEST_STEP][PASSED] - sendKeys(NewInputNmField, Keys.chord(ENTER)): Keys 'ENTER + ' sent to object: 'Object Repository/Objects.HighlightElements/input_field_index'

2020-05-30 01:31:21 - [MESSAGE][PASSED] - Keys 'ENTER + ' sent to object: 'Object Repository/Objects.HighlightElements/input_field_index'

2020-05-30 01:31:21 - [TEST_STEP][PASSED] - ComboBoxValue = getAttribute(NewInputNmField, "value"): Attribute 'value' of object 'Object Repository/Objects.HighlightElements/input_field_index' is: 'Han Wann Kuang (WANNKUANG)'

2020-05-30 01:31:22 - [MESSAGE][PASSED] - Attribute 'value' of object 'Object Repository/Objects.HighlightElements/input_field_index' is: 'Han Wann Kuang (WANNKUANG)'

2020-05-30 01:31:22 - [TEST_STEP][PASSED] - callTestCase(findTestCase(CallTCName), ["FindValue":ComboBoxValue, "DropdownNm":comboNm], STOP_ON_FAILURE): Call Test Case 'Test Cases/PFI Precision and Scale/HashMap Tables/OfficerLists' successfully

2020-05-30 01:31:22 - [TEST_CASE][PASSED] - Test Cases/PFI Precision and Scale/HashMap Tables/OfficerLists: Test Cases/PFI Precision and Scale/HashMap Tables/OfficerLists

2020-05-30 01:31:22 - [TEST_STEP][PASSED] - Thread.sleep(1000): null

2020-05-30 01:31:23 - [TEST_STEP][PASSED] - OfficerLists = [1:"Aaron Sham Wai Lun (AARON)", 2:"Azidah Bte Akmad (Mdm) (USAABD)", 3:"Chung Fong Nyen (USACFN)", 4:"David Tey Dah Wei (DAHWEI)", ... ]: null

2020-05-30 01:31:23 - [TEST_STEP][PASSED] - ValueFound = OfficerLists.find({ -> ... }): null

2020-05-30 01:31:23 - [MESSAGE][PASSED] - Call Test Case 'Test Cases/PFI Precision and Scale/HashMap Tables/OfficerLists' successfully

2020-05-30 01:31:23 - [TEST_STEP][PASSED] - println(ValueFound): null

2020-05-30 01:31:23 - [TEST_STEP][PASSED] - sendKeys(NewInputNmField, Keys.chord(ARROW_DOWN)): Keys 'DOWN + ' sent to object: 'Object Repository/Objects.HighlightElements/input_field_index'

2020-05-30 01:31:23 - [MESSAGE][PASSED] - Keys 'DOWN + ' sent to object: 'Object Repository/Objects.HighlightElements/input_field_index'

2020-05-30 01:31:23 - [TEST_STEP][PASSED] - sendKeys(NewInputNmField, Keys.chord(ARROW_DOWN)): Keys 'DOWN + ' sent to object: 'Object Repository/Objects.HighlightElements/input_field_index'

2020-05-30 01:31:24 - [MESSAGE][PASSED] - Keys 'DOWN + ' sent to object: 'Object Repository/Objects.HighlightElements/input_field_index'

2020-05-30 01:31:24 - [TEST_STEP][PASSED] - delay(DelayTime): Delayed 0 second(s)

2020-05-30 01:31:24 - [MESSAGE][PASSED] - Delayed 0 second(s)

2020-05-30 01:31:24 - [TEST_STEP][PASSED] - sendKeys(NewInputNmField, Keys.chord(ENTER)): Keys 'ENTER + ' sent to object: 'Object Repository/Objects.HighlightElements/input_field_index'

2020-05-30 01:31:24 - [MESSAGE][PASSED] - Keys 'ENTER + ' sent to object: 'Object Repository/Objects.HighlightElements/input_field_index'

2020-05-30 01:31:24 - [TEST_STEP][PASSED] - ComboBoxValue = getAttribute(NewInputNmField, "value"): Attribute 'value' of object 'Object Repository/Objects.HighlightElements/input_field_index' is: 'Ho Tze Siang (TZESIANG)'

2020-05-30 01:31:25 - [MESSAGE][PASSED] - Attribute 'value' of object 'Object Repository/Objects.HighlightElements/input_field_index' is: 'Ho Tze Siang (TZESIANG)'

2020-05-30 01:31:25 - [TEST_STEP][PASSED] - callTestCase(findTestCase(CallTCName), ["FindValue":ComboBoxValue, "DropdownNm":comboNm], STOP_ON_FAILURE): Call Test Case 'Test Cases/PFI Precision and Scale/HashMap Tables/OfficerLists' successfully

2020-05-30 01:31:25 - [TEST_CASE][PASSED] - Test Cases/PFI Precision and Scale/HashMap Tables/OfficerLists: Test Cases/PFI Precision and Scale/HashMap Tables/OfficerLists

2020-05-30 01:31:25 - [TEST_STEP][PASSED] - Thread.sleep(1000): null

2020-05-30 01:31:26 - [TEST_STEP][PASSED] - OfficerLists = [1:"Aaron Sham Wai Lun (AARON)", 2:"Azidah Bte Akmad (Mdm) (USAABD)", 3:"Chung Fong Nyen (USACFN)", 4:"David Tey Dah Wei (DAHWEI)", ... ]: null

2020-05-30 01:31:26 - [TEST_STEP][PASSED] - ValueFound = OfficerLists.find({ -> ... }): null

2020-05-30 01:31:26 - [MESSAGE][PASSED] - Call Test Case 'Test Cases/PFI Precision and Scale/HashMap Tables/OfficerLists' successfully

2020-05-30 01:31:26 - [TEST_STEP][PASSED] - println(ValueFound): null

2020-05-30 01:31:26 - [TEST_STEP][PASSED] - sendKeys(NewInputNmField, Keys.chord(ARROW_DOWN)): Keys 'DOWN + ' sent to object: 'Object Repository/Objects.HighlightElements/input_field_index'

2020-05-30 01:31:26 - [MESSAGE][PASSED] - Keys 'DOWN + ' sent to object: 'Object Repository/Objects.HighlightElements/input_field_index'

2020-05-30 01:31:26 - [TEST_STEP][PASSED] - sendKeys(NewInputNmField, Keys.chord(ARROW_DOWN)): Keys 'DOWN + ' sent to object: 'Object Repository/Objects.HighlightElements/input_field_index'

2020-05-30 01:31:26 - [MESSAGE][PASSED] - Keys 'DOWN + ' sent to object: 'Object Repository/Objects.HighlightElements/input_field_index'

2020-05-30 01:31:26 - [TEST_STEP][PASSED] - delay(DelayTime): Delayed 0 second(s)

2020-05-30 01:31:26 - [MESSAGE][PASSED] - Delayed 0 second(s)

2020-05-30 01:31:26 - [TEST_STEP][PASSED] - sendKeys(NewInputNmField, Keys.chord(ENTER)): Keys 'ENTER + ' sent to object: 'Object Repository/Objects.HighlightElements/input_field_index'

2020-05-30 01:31:27 - [MESSAGE][PASSED] - Keys 'ENTER + ' sent to object: 'Object Repository/Objects.HighlightElements/input_field_index'

2020-05-30 01:31:27 - [TEST_STEP][PASSED] - ComboBoxValue = getAttribute(NewInputNmField, "value"): Attribute 'value' of object 'Object Repository/Objects.HighlightElements/input_field_index' is: 'Ho-Chan Vun Ching (USAHVC)'

2020-05-30 01:31:27 - [MESSAGE][PASSED] - Attribute 'value' of object 'Object Repository/Objects.HighlightElements/input_field_index' is: 'Ho-Chan Vun Ching (USAHVC)'

2020-05-30 01:31:27 - [TEST_STEP][PASSED] - callTestCase(findTestCase(CallTCName), ["FindValue":ComboBoxValue, "DropdownNm":comboNm], STOP_ON_FAILURE): Call Test Case 'Test Cases/PFI Precision and Scale/HashMap Tables/OfficerLists' successfully

2020-05-30 01:31:27 - [TEST_CASE][PASSED] - Test Cases/PFI Precision and Scale/HashMap Tables/OfficerLists: Test Cases/PFI Precision and Scale/HashMap Tables/OfficerLists

2020-05-30 01:31:27 - [TEST_STEP][PASSED] - Thread.sleep(1000): null

2020-05-30 01:31:28 - [TEST_STEP][PASSED] - OfficerLists = [1:"Aaron Sham Wai Lun (AARON)", 2:"Azidah Bte Akmad (Mdm) (USAABD)", 3:"Chung Fong Nyen (USACFN)", 4:"David Tey Dah Wei (DAHWEI)", ... ]: null

2020-05-30 01:31:28 - [TEST_STEP][PASSED] - ValueFound = OfficerLists.find({ -> ... }): null

2020-05-30 01:31:28 - [MESSAGE][PASSED] - Call Test Case 'Test Cases/PFI Precision and Scale/HashMap Tables/OfficerLists' successfully

2020-05-30 01:31:28 - [TEST_STEP][PASSED] - println(ValueFound): null

2020-05-30 01:31:28 - [TEST_STEP][PASSED] - sendKeys(NewInputNmField, Keys.chord(ARROW_DOWN)): Keys 'DOWN + ' sent to object: 'Object Repository/Objects.HighlightElements/input_field_index'

2020-05-30 01:31:29 - [MESSAGE][PASSED] - Keys 'DOWN + ' sent to object: 'Object Repository/Objects.HighlightElements/input_field_index'

2020-05-30 01:31:29 - [TEST_STEP][PASSED] - sendKeys(NewInputNmField, Keys.chord(ARROW_DOWN)): Keys 'DOWN + ' sent to object: 'Object Repository/Objects.HighlightElements/input_field_index'

2020-05-30 01:31:29 - [MESSAGE][PASSED] - Keys 'DOWN + ' sent to object: 'Object Repository/Objects.HighlightElements/input_field_index'

2020-05-30 01:31:29 - [TEST_STEP][PASSED] - delay(DelayTime): Delayed 0 second(s)

2020-05-30 01:31:29 - [MESSAGE][PASSED] - Delayed 0 second(s)

2020-05-30 01:31:29 - [TEST_STEP][PASSED] - sendKeys(NewInputNmField, Keys.chord(ENTER)): Keys 'ENTER + ' sent to object: 'Object Repository/Objects.HighlightElements/input_field_index'

2020-05-30 01:31:30 - [MESSAGE][PASSED] - Keys 'ENTER + ' sent to object: 'Object Repository/Objects.HighlightElements/input_field_index'

2020-05-30 01:31:30 - [TEST_STEP][PASSED] - ComboBoxValue = getAttribute(NewInputNmField, "value"): Attribute 'value' of object 'Object Repository/Objects.HighlightElements/input_field_index' is: 'Janet Lee Choon Hong (JANETCHOON)'

2020-05-30 01:31:30 - [MESSAGE][PASSED] - Attribute 'value' of object 'Object Repository/Objects.HighlightElements/input_field_index' is: 'Janet Lee Choon Hong (JANETCHOON)'

2020-05-30 01:31:30 - [TEST_STEP][PASSED] - callTestCase(findTestCase(CallTCName), ["FindValue":ComboBoxValue, "DropdownNm":comboNm], STOP_ON_FAILURE): Call Test Case 'Test Cases/PFI Precision and Scale/HashMap Tables/OfficerLists' successfully

2020-05-30 01:31:30 - [TEST_CASE][PASSED] - Test Cases/PFI Precision and Scale/HashMap Tables/OfficerLists: Test Cases/PFI Precision and Scale/HashMap Tables/OfficerLists

2020-05-30 01:31:30 - [TEST_STEP][PASSED] - Thread.sleep(1000): null

2020-05-30 01:31:31 - [TEST_STEP][PASSED] - OfficerLists = [1:"Aaron Sham Wai Lun (AARON)", 2:"Azidah Bte Akmad (Mdm) (USAABD)", 3:"Chung Fong Nyen (USACFN)", 4:"David Tey Dah Wei (DAHWEI)", ... ]: null

2020-05-30 01:31:31 - [TEST_STEP][PASSED] - ValueFound = OfficerLists.find({ -> ... }): null

2020-05-30 01:31:31 - [MESSAGE][PASSED] - Call Test Case 'Test Cases/PFI Precision and Scale/HashMap Tables/OfficerLists' successfully

2020-05-30 01:31:31 - [TEST_STEP][PASSED] - println(ValueFound): null

2020-05-30 01:31:31 - [TEST_STEP][PASSED] - sendKeys(NewInputNmField, Keys.chord(ARROW_DOWN)): Keys 'DOWN + ' sent to object: 'Object Repository/Objects.HighlightElements/input_field_index'

2020-05-30 01:31:31 - [MESSAGE][PASSED] - Keys 'DOWN + ' sent to object: 'Object Repository/Objects.HighlightElements/input_field_index'

2020-05-30 01:31:31 - [TEST_STEP][PASSED] - sendKeys(NewInputNmField, Keys.chord(ARROW_DOWN)): Keys 'DOWN + ' sent to object: 'Object Repository/Objects.HighlightElements/input_field_index'

2020-05-30 01:31:32 - [MESSAGE][PASSED] - Keys 'DOWN + ' sent to object: 'Object Repository/Objects.HighlightElements/input_field_index'

2020-05-30 01:31:32 - [TEST_STEP][PASSED] - delay(DelayTime): Delayed 0 second(s)

2020-05-30 01:31:32 - [MESSAGE][PASSED] - Delayed 0 second(s)

2020-05-30 01:31:32 - [TEST_STEP][PASSED] - sendKeys(NewInputNmField, Keys.chord(ENTER)): Keys 'ENTER + ' sent to object: 'Object Repository/Objects.HighlightElements/input_field_index'

2020-05-30 01:31:32 - [MESSAGE][PASSED] - Keys 'ENTER + ' sent to object: 'Object Repository/Objects.HighlightElements/input_field_index'

2020-05-30 01:31:32 - [TEST_STEP][PASSED] - ComboBoxValue = getAttribute(NewInputNmField, "value"): Attribute 'value' of object 'Object Repository/Objects.HighlightElements/input_field_index' is: 'Joseph Lim Pheng Weng (PHENGWENG)'

2020-05-30 01:31:33 - [MESSAGE][PASSED] - Attribute 'value' of object 'Object Repository/Objects.HighlightElements/input_field_index' is: 'Joseph Lim Pheng Weng (PHENGWENG)'

2020-05-30 01:31:33 - [TEST_STEP][PASSED] - callTestCase(findTestCase(CallTCName), ["FindValue":ComboBoxValue, "DropdownNm":comboNm], STOP_ON_FAILURE): Call Test Case 'Test Cases/PFI Precision and Scale/HashMap Tables/OfficerLists' successfully

2020-05-30 01:31:33 - [TEST_CASE][PASSED] - Test Cases/PFI Precision and Scale/HashMap Tables/OfficerLists: Test Cases/PFI Precision and Scale/HashMap Tables/OfficerLists

2020-05-30 01:31:33 - [TEST_STEP][PASSED] - Thread.sleep(1000): null

2020-05-30 01:31:34 - [TEST_STEP][PASSED] - OfficerLists = [1:"Aaron Sham Wai Lun (AARON)", 2:"Azidah Bte Akmad (Mdm) (USAABD)", 3:"Chung Fong Nyen (USACFN)", 4:"David Tey Dah Wei (DAHWEI)", ... ]: null

2020-05-30 01:31:34 - [TEST_STEP][PASSED] - ValueFound = OfficerLists.find({ -> ... }): null

2020-05-30 01:31:34 - [MESSAGE][PASSED] - Call Test Case 'Test Cases/PFI Precision and Scale/HashMap Tables/OfficerLists' successfully

2020-05-30 01:31:34 - [TEST_STEP][PASSED] - println(ValueFound): null

2020-05-30 01:31:34 - [TEST_STEP][PASSED] - sendKeys(NewInputNmField, Keys.chord(ARROW_DOWN)): Keys 'DOWN + ' sent to object: 'Object Repository/Objects.HighlightElements/input_field_index'

2020-05-30 01:31:34 - [MESSAGE][PASSED] - Keys 'DOWN + ' sent to object: 'Object Repository/Objects.HighlightElements/input_field_index'

2020-05-30 01:31:34 - [TEST_STEP][PASSED] - sendKeys(NewInputNmField, Keys.chord(ARROW_DOWN)): Keys 'DOWN + ' sent to object: 'Object Repository/Objects.HighlightElements/input_field_index'

2020-05-30 01:31:35 - [MESSAGE][PASSED] - Keys 'DOWN + ' sent to object: 'Object Repository/Objects.HighlightElements/input_field_index'

2020-05-30 01:31:35 - [TEST_STEP][PASSED] - delay(DelayTime): Delayed 0 second(s)

2020-05-30 01:31:35 - [MESSAGE][PASSED] - Delayed 0 second(s)

2020-05-30 01:31:35 - [TEST_STEP][PASSED] - sendKeys(NewInputNmField, Keys.chord(ENTER)): Keys 'ENTER + ' sent to object: 'Object Repository/Objects.HighlightElements/input_field_index'

2020-05-30 01:31:35 - [MESSAGE][PASSED] - Keys 'ENTER + ' sent to object: 'Object Repository/Objects.HighlightElements/input_field_index'

2020-05-30 01:31:35 - [TEST_STEP][PASSED] - ComboBoxValue = getAttribute(NewInputNmField, "value"): Attribute 'value' of object 'Object Repository/Objects.HighlightElements/input_field_index' is: 'Kaliannan Thanabal (KALIANN)'

2020-05-30 01:31:36 - [MESSAGE][PASSED] - Attribute 'value' of object 'Object Repository/Objects.HighlightElements/input_field_index' is: 'Kaliannan Thanabal (KALIANN)'

2020-05-30 01:31:36 - [TEST_STEP][PASSED] - callTestCase(findTestCase(CallTCName), ["FindValue":ComboBoxValue, "DropdownNm":comboNm], STOP_ON_FAILURE): Call Test Case 'Test Cases/PFI Precision and Scale/HashMap Tables/OfficerLists' successfully

2020-05-30 01:31:36 - [TEST_CASE][PASSED] - Test Cases/PFI Precision and Scale/HashMap Tables/OfficerLists: Test Cases/PFI Precision and Scale/HashMap Tables/OfficerLists

2020-05-30 01:31:36 - [TEST_STEP][PASSED] - Thread.sleep(1000): null

2020-05-30 01:31:37 - [TEST_STEP][PASSED] - OfficerLists = [1:"Aaron Sham Wai Lun (AARON)", 2:"Azidah Bte Akmad (Mdm) (USAABD)", 3:"Chung Fong Nyen (USACFN)", 4:"David Tey Dah Wei (DAHWEI)", ... ]: null

2020-05-30 01:31:37 - [TEST_STEP][PASSED] - ValueFound = OfficerLists.find({ -> ... }): null

2020-05-30 01:31:37 - [MESSAGE][PASSED] - Call Test Case 'Test Cases/PFI Precision and Scale/HashMap Tables/OfficerLists' successfully

2020-05-30 01:31:37 - [TEST_STEP][PASSED] - println(ValueFound): null

2020-05-30 01:31:37 - [TEST_STEP][PASSED] - sendKeys(NewInputNmField, Keys.chord(ARROW_DOWN)): Keys 'DOWN + ' sent to object: 'Object Repository/Objects.HighlightElements/input_field_index'

2020-05-30 01:31:37 - [MESSAGE][PASSED] - Keys 'DOWN + ' sent to object: 'Object Repository/Objects.HighlightElements/input_field_index'

2020-05-30 01:31:37 - [TEST_STEP][PASSED] - sendKeys(NewInputNmField, Keys.chord(ARROW_DOWN)): Keys 'DOWN + ' sent to object: 'Object Repository/Objects.HighlightElements/input_field_index'

2020-05-30 01:31:37 - [MESSAGE][PASSED] - Keys 'DOWN + ' sent to object: 'Object Repository/Objects.HighlightElements/input_field_index'

2020-05-30 01:31:37 - [TEST_STEP][PASSED] - delay(DelayTime): Delayed 0 second(s)

2020-05-30 01:31:37 - [MESSAGE][PASSED] - Delayed 0 second(s)

2020-05-30 01:31:37 - [TEST_STEP][PASSED] - sendKeys(NewInputNmField, Keys.chord(ENTER)): Keys 'ENTER + ' sent to object: 'Object Repository/Objects.HighlightElements/input_field_index'

2020-05-30 01:31:38 - [MESSAGE][PASSED] - Keys 'ENTER + ' sent to object: 'Object Repository/Objects.HighlightElements/input_field_index'

2020-05-30 01:31:38 - [TEST_STEP][PASSED] - ComboBoxValue = getAttribute(NewInputNmField, "value"): Attribute 'value' of object 'Object Repository/Objects.HighlightElements/input_field_index' is: 'Kelvin Phua Meng Thong (MENGTHONG)'

2020-05-30 01:31:38 - [MESSAGE][PASSED] - Attribute 'value' of object 'Object Repository/Objects.HighlightElements/input_field_index' is: 'Kelvin Phua Meng Thong (MENGTHONG)'

2020-05-30 01:31:38 - [TEST_STEP][PASSED] - callTestCase(findTestCase(CallTCName), ["FindValue":ComboBoxValue, "DropdownNm":comboNm], STOP_ON_FAILURE): Call Test Case 'Test Cases/PFI Precision and Scale/HashMap Tables/OfficerLists' successfully

2020-05-30 01:31:38 - [TEST_CASE][PASSED] - Test Cases/PFI Precision and Scale/HashMap Tables/OfficerLists: Test Cases/PFI Precision and Scale/HashMap Tables/OfficerLists

2020-05-30 01:31:38 - [TEST_STEP][PASSED] - Thread.sleep(1000): null

2020-05-30 01:31:39 - [TEST_STEP][PASSED] - OfficerLists = [1:"Aaron Sham Wai Lun (AARON)", 2:"Azidah Bte Akmad (Mdm) (USAABD)", 3:"Chung Fong Nyen (USACFN)", 4:"David Tey Dah Wei (DAHWEI)", ... ]: null

2020-05-30 01:31:39 - [TEST_STEP][PASSED] - ValueFound = OfficerLists.find({ -> ... }): null

2020-05-30 01:31:39 - [MESSAGE][PASSED] - Call Test Case 'Test Cases/PFI Precision and Scale/HashMap Tables/OfficerLists' successfully

2020-05-30 01:31:39 - [TEST_STEP][PASSED] - println(ValueFound): null

2020-05-30 01:31:39 - [TEST_STEP][PASSED] - sendKeys(NewInputNmField, Keys.chord(ARROW_DOWN)): Keys 'DOWN + ' sent to object: 'Object Repository/Objects.HighlightElements/input_field_index'

2020-05-30 01:31:40 - [MESSAGE][PASSED] - Keys 'DOWN + ' sent to object: 'Object Repository/Objects.HighlightElements/input_field_index'

2020-05-30 01:31:40 - [TEST_STEP][PASSED] - sendKeys(NewInputNmField, Keys.chord(ARROW_DOWN)): Keys 'DOWN + ' sent to object: 'Object Repository/Objects.HighlightElements/input_field_index'

2020-05-30 01:31:40 - [MESSAGE][PASSED] - Keys 'DOWN + ' sent to object: 'Object Repository/Objects.HighlightElements/input_field_index'

2020-05-30 01:31:40 - [TEST_STEP][PASSED] - delay(DelayTime): Delayed 0 second(s)

2020-05-30 01:31:40 - [MESSAGE][PASSED] - Delayed 0 second(s)

2020-05-30 01:31:40 - [TEST_STEP][PASSED] - sendKeys(NewInputNmField, Keys.chord(ENTER)): Keys 'ENTER + ' sent to object: 'Object Repository/Objects.HighlightElements/input_field_index'

2020-05-30 01:31:41 - [MESSAGE][PASSED] - Keys 'ENTER + ' sent to object: 'Object Repository/Objects.HighlightElements/input_field_index'

2020-05-30 01:31:41 - [TEST_STEP][PASSED] - ComboBoxValue = getAttribute(NewInputNmField, "value"): Attribute 'value' of object 'Object Repository/Objects.HighlightElements/input_field_index' is: 'Lee Kok Tien (USAKTL)'

2020-05-30 01:31:41 - [MESSAGE][PASSED] - Attribute 'value' of object 'Object Repository/Objects.HighlightElements/input_field_index' is: 'Lee Kok Tien (USAKTL)'

2020-05-30 01:31:41 - [TEST_STEP][PASSED] - callTestCase(findTestCase(CallTCName), ["FindValue":ComboBoxValue, "DropdownNm":comboNm], STOP_ON_FAILURE): Call Test Case 'Test Cases/PFI Precision and Scale/HashMap Tables/OfficerLists' successfully

2020-05-30 01:31:41 - [TEST_CASE][PASSED] - Test Cases/PFI Precision and Scale/HashMap Tables/OfficerLists: Test Cases/PFI Precision and Scale/HashMap Tables/OfficerLists

2020-05-30 01:31:41 - [TEST_STEP][PASSED] - Thread.sleep(1000): null

2020-05-30 01:31:42 - [TEST_STEP][PASSED] - OfficerLists = [1:"Aaron Sham Wai Lun (AARON)", 2:"Azidah Bte Akmad (Mdm) (USAABD)", 3:"Chung Fong Nyen (USACFN)", 4:"David Tey Dah Wei (DAHWEI)", ... ]: null

2020-05-30 01:31:42 - [TEST_STEP][PASSED] - ValueFound = OfficerLists.find({ -> ... }): null

2020-05-30 01:31:42 - [MESSAGE][PASSED] - Call Test Case 'Test Cases/PFI Precision and Scale/HashMap Tables/OfficerLists' successfully

2020-05-30 01:31:42 - [TEST_STEP][PASSED] - println(ValueFound): null

2020-05-30 01:31:42 - [TEST_STEP][PASSED] - sendKeys(NewInputNmField, Keys.chord(ARROW_DOWN)): Keys 'DOWN + ' sent to object: 'Object Repository/Objects.HighlightElements/input_field_index'

2020-05-30 01:31:43 - [MESSAGE][PASSED] - Keys 'DOWN + ' sent to object: 'Object Repository/Objects.HighlightElements/input_field_index'

2020-05-30 01:31:43 - [TEST_STEP][PASSED] - sendKeys(NewInputNmField, Keys.chord(ARROW_DOWN)): Keys 'DOWN + ' sent to object: 'Object Repository/Objects.HighlightElements/input_field_index'

2020-05-30 01:31:43 - [MESSAGE][PASSED] - Keys 'DOWN + ' sent to object: 'Object Repository/Objects.HighlightElements/input_field_index'

2020-05-30 01:31:43 - [TEST_STEP][PASSED] - delay(DelayTime): Delayed 0 second(s)

2020-05-30 01:31:43 - [MESSAGE][PASSED] - Delayed 0 second(s)

2020-05-30 01:31:43 - [TEST_STEP][PASSED] - sendKeys(NewInputNmField, Keys.chord(ENTER)): Keys 'ENTER + ' sent to object: 'Object Repository/Objects.HighlightElements/input_field_index'

2020-05-30 01:31:43 - [MESSAGE][PASSED] - Keys 'ENTER + ' sent to object: 'Object Repository/Objects.HighlightElements/input_field_index'

2020-05-30 01:31:43 - [TEST_STEP][PASSED] - ComboBoxValue = getAttribute(NewInputNmField, "value"): Attribute 'value' of object 'Object Repository/Objects.HighlightElements/input_field_index' is: 'Lim Beng Kwee (BENGKWEE)'

2020-05-30 01:31:44 - [MESSAGE][PASSED] - Attribute 'value' of object 'Object Repository/Objects.HighlightElements/input_field_index' is: 'Lim Beng Kwee (BENGKWEE)'

2020-05-30 01:31:44 - [TEST_STEP][PASSED] - callTestCase(findTestCase(CallTCName), ["FindValue":ComboBoxValue, "DropdownNm":comboNm], STOP_ON_FAILURE): Call Test Case 'Test Cases/PFI Precision and Scale/HashMap Tables/OfficerLists' successfully

2020-05-30 01:31:44 - [TEST_CASE][PASSED] - Test Cases/PFI Precision and Scale/HashMap Tables/OfficerLists: Test Cases/PFI Precision and Scale/HashMap Tables/OfficerLists

2020-05-30 01:31:44 - [TEST_STEP][PASSED] - Thread.sleep(1000): null

2020-05-30 01:31:45 - [TEST_STEP][PASSED] - OfficerLists = [1:"Aaron Sham Wai Lun (AARON)", 2:"Azidah Bte Akmad (Mdm) (USAABD)", 3:"Chung Fong Nyen (USACFN)", 4:"David Tey Dah Wei (DAHWEI)", ... ]: null

2020-05-30 01:31:45 - [TEST_STEP][PASSED] - ValueFound = OfficerLists.find({ -> ... }): null

2020-05-30 01:31:45 - [MESSAGE][PASSED] - Call Test Case 'Test Cases/PFI Precision and Scale/HashMap Tables/OfficerLists' successfully

2020-05-30 01:31:45 - [TEST_STEP][PASSED] - println(ValueFound): null

2020-05-30 01:31:45 - [TEST_STEP][PASSED] - sendKeys(NewInputNmField, Keys.chord(ARROW_DOWN)): Keys 'DOWN + ' sent to object: 'Object Repository/Objects.HighlightElements/input_field_index'

2020-05-30 01:31:45 - [MESSAGE][PASSED] - Keys 'DOWN + ' sent to object: 'Object Repository/Objects.HighlightElements/input_field_index'

2020-05-30 01:31:45 - [TEST_STEP][PASSED] - sendKeys(NewInputNmField, Keys.chord(ARROW_DOWN)): Keys 'DOWN + ' sent to object: 'Object Repository/Objects.HighlightElements/input_field_index'

2020-05-30 01:31:46 - [MESSAGE][PASSED] - Keys 'DOWN + ' sent to object: 'Object Repository/Objects.HighlightElements/input_field_index'

2020-05-30 01:31:46 - [TEST_STEP][PASSED] - delay(DelayTime): Delayed 0 second(s)

2020-05-30 01:31:46 - [MESSAGE][PASSED] - Delayed 0 second(s)

2020-05-30 01:31:46 - [TEST_STEP][PASSED] - sendKeys(NewInputNmField, Keys.chord(ENTER)): Keys 'ENTER + ' sent to object: 'Object Repository/Objects.HighlightElements/input_field_index'

2020-05-30 01:31:46 - [MESSAGE][PASSED] - Keys 'ENTER + ' sent to object: 'Object Repository/Objects.HighlightElements/input_field_index'

2020-05-30 01:31:46 - [TEST_STEP][PASSED] - ComboBoxValue = getAttribute(NewInputNmField, "value"): Attribute 'value' of object 'Object Repository/Objects.HighlightElements/input_field_index' is: 'Lim Leng Boon (LENGBOON)'

2020-05-30 01:31:47 - [MESSAGE][PASSED] - Attribute 'value' of object 'Object Repository/Objects.HighlightElements/input_field_index' is: 'Lim Leng Boon (LENGBOON)'

2020-05-30 01:31:47 - [TEST_STEP][PASSED] - callTestCase(findTestCase(CallTCName), ["FindValue":ComboBoxValue, "DropdownNm":comboNm], STOP_ON_FAILURE): Call Test Case 'Test Cases/PFI Precision and Scale/HashMap Tables/OfficerLists' successfully

2020-05-30 01:31:47 - [TEST_CASE][PASSED] - Test Cases/PFI Precision and Scale/HashMap Tables/OfficerLists: Test Cases/PFI Precision and Scale/HashMap Tables/OfficerLists

2020-05-30 01:31:47 - [TEST_STEP][PASSED] - Thread.sleep(1000): null

2020-05-30 01:31:48 - [TEST_STEP][PASSED] - OfficerLists = [1:"Aaron Sham Wai Lun (AARON)", 2:"Azidah Bte Akmad (Mdm) (USAABD)", 3:"Chung Fong Nyen (USACFN)", 4:"David Tey Dah Wei (DAHWEI)", ... ]: null

2020-05-30 01:31:48 - [TEST_STEP][PASSED] - ValueFound = OfficerLists.find({ -> ... }): null

2020-05-30 01:31:48 - [MESSAGE][PASSED] - Call Test Case 'Test Cases/PFI Precision and Scale/HashMap Tables/OfficerLists' successfully

2020-05-30 01:31:48 - [TEST_STEP][PASSED] - println(ValueFound): null

2020-05-30 01:31:48 - [TEST_STEP][PASSED] - sendKeys(NewInputNmField, Keys.chord(ARROW_DOWN)): Keys 'DOWN + ' sent to object: 'Object Repository/Objects.HighlightElements/input_field_index'

2020-05-30 01:31:48 - [MESSAGE][PASSED] - Keys 'DOWN + ' sent to object: 'Object Repository/Objects.HighlightElements/input_field_index'

2020-05-30 01:31:48 - [TEST_STEP][PASSED] - sendKeys(NewInputNmField, Keys.chord(ARROW_DOWN)): Keys 'DOWN + ' sent to object: 'Object Repository/Objects.HighlightElements/input_field_index'

2020-05-30 01:31:48 - [MESSAGE][PASSED] - Keys 'DOWN + ' sent to object: 'Object Repository/Objects.HighlightElements/input_field_index'

2020-05-30 01:31:48 - [TEST_STEP][PASSED] - delay(DelayTime): Delayed 0 second(s)

2020-05-30 01:31:48 - [MESSAGE][PASSED] - Delayed 0 second(s)

2020-05-30 01:31:48 - [TEST_STEP][PASSED] - sendKeys(NewInputNmField, Keys.chord(ENTER)): Keys 'ENTER + ' sent to object: 'Object Repository/Objects.HighlightElements/input_field_index'

2020-05-30 01:31:49 - [MESSAGE][PASSED] - Keys 'ENTER + ' sent to object: 'Object Repository/Objects.HighlightElements/input_field_index'

2020-05-30 01:31:49 - [TEST_STEP][PASSED] - ComboBoxValue = getAttribute(NewInputNmField, "value"): Attribute 'value' of object 'Object Repository/Objects.HighlightElements/input_field_index' is: 'Liu Xiaopeng (XIAOPENG)'

2020-05-30 01:31:49 - [MESSAGE][PASSED] - Attribute 'value' of object 'Object Repository/Objects.HighlightElements/input_field_index' is: 'Liu Xiaopeng (XIAOPENG)'

2020-05-30 01:31:49 - [TEST_STEP][PASSED] - callTestCase(findTestCase(CallTCName), ["FindValue":ComboBoxValue, "DropdownNm":comboNm], STOP_ON_FAILURE): Call Test Case 'Test Cases/PFI Precision and Scale/HashMap Tables/OfficerLists' successfully

2020-05-30 01:31:50 - [TEST_CASE][PASSED] - Test Cases/PFI Precision and Scale/HashMap Tables/OfficerLists: Test Cases/PFI Precision and Scale/HashMap Tables/OfficerLists

2020-05-30 01:31:50 - [TEST_STEP][PASSED] - Thread.sleep(1000): null

2020-05-30 01:31:51 - [TEST_STEP][PASSED] - OfficerLists = [1:"Aaron Sham Wai Lun (AARON)", 2:"Azidah Bte Akmad (Mdm) (USAABD)", 3:"Chung Fong Nyen (USACFN)", 4:"David Tey Dah Wei (DAHWEI)", ... ]: null

2020-05-30 01:31:51 - [TEST_STEP][PASSED] - ValueFound = OfficerLists.find({ -> ... }): null

2020-05-30 01:31:51 - [MESSAGE][PASSED] - Call Test Case 'Test Cases/PFI Precision and Scale/HashMap Tables/OfficerLists' successfully

2020-05-30 01:31:51 - [TEST_STEP][PASSED] - println(ValueFound): null

2020-05-30 01:31:51 - [TEST_STEP][PASSED] - sendKeys(NewInputNmField, Keys.chord(ARROW_DOWN)): Keys 'DOWN + ' sent to object: 'Object Repository/Objects.HighlightElements/input_field_index'

2020-05-30 01:31:51 - [MESSAGE][PASSED] - Keys 'DOWN + ' sent to object: 'Object Repository/Objects.HighlightElements/input_field_index'

2020-05-30 01:31:51 - [TEST_STEP][PASSED] - sendKeys(NewInputNmField, Keys.chord(ARROW_DOWN)): Keys 'DOWN + ' sent to object: 'Object Repository/Objects.HighlightElements/input_field_index'

2020-05-30 01:31:51 - [MESSAGE][PASSED] - Keys 'DOWN + ' sent to object: 'Object Repository/Objects.HighlightElements/input_field_index'

2020-05-30 01:31:51 - [TEST_STEP][PASSED] - delay(DelayTime): Delayed 0 second(s)

2020-05-30 01:31:51 - [MESSAGE][PASSED] - Delayed 0 second(s)

2020-05-30 01:31:51 - [TEST_STEP][PASSED] - sendKeys(NewInputNmField, Keys.chord(ENTER)): Keys 'ENTER + ' sent to object: 'Object Repository/Objects.HighlightElements/input_field_index'

2020-05-30 01:31:52 - [MESSAGE][PASSED] - Keys 'ENTER + ' sent to object: 'Object Repository/Objects.HighlightElements/input_field_index'

2020-05-30 01:31:52 - [TEST_STEP][PASSED] - ComboBoxValue = getAttribute(NewInputNmField, "value"): Attribute 'value' of object 'Object Repository/Objects.HighlightElements/input_field_index' is: 'Lu Ji Ju (Mdm) (USALJJ)'

2020-05-30 01:31:52 - [MESSAGE][PASSED] - Attribute 'value' of object 'Object Repository/Objects.HighlightElements/input_field_index' is: 'Lu Ji Ju (Mdm) (USALJJ)'

2020-05-30 01:31:52 - [TEST_STEP][PASSED] - callTestCase(findTestCase(CallTCName), ["FindValue":ComboBoxValue, "DropdownNm":comboNm], STOP_ON_FAILURE): Call Test Case 'Test Cases/PFI Precision and Scale/HashMap Tables/OfficerLists' successfully

2020-05-30 01:31:52 - [TEST_CASE][PASSED] - Test Cases/PFI Precision and Scale/HashMap Tables/OfficerLists: Test Cases/PFI Precision and Scale/HashMap Tables/OfficerLists

2020-05-30 01:31:52 - [TEST_STEP][PASSED] - Thread.sleep(1000): null

2020-05-30 01:31:53 - [TEST_STEP][PASSED] - OfficerLists = [1:"Aaron Sham Wai Lun (AARON)", 2:"Azidah Bte Akmad (Mdm) (USAABD)", 3:"Chung Fong Nyen (USACFN)", 4:"David Tey Dah Wei (DAHWEI)", ... ]: null

2020-05-30 01:31:53 - [TEST_STEP][PASSED] - ValueFound = OfficerLists.find({ -> ... }): null

2020-05-30 01:31:53 - [MESSAGE][PASSED] - Call Test Case 'Test Cases/PFI Precision and Scale/HashMap Tables/OfficerLists' successfully

2020-05-30 01:31:53 - [TEST_STEP][PASSED] - println(ValueFound): null

2020-05-30 01:31:53 - [TEST_STEP][PASSED] - sendKeys(NewInputNmField, Keys.chord(ARROW_DOWN)): Keys 'DOWN + ' sent to object: 'Object Repository/Objects.HighlightElements/input_field_index'

2020-05-30 01:31:54 - [MESSAGE][PASSED] - Keys 'DOWN + ' sent to object: 'Object Repository/Objects.HighlightElements/input_field_index'

2020-05-30 01:31:54 - [TEST_STEP][PASSED] - sendKeys(NewInputNmField, Keys.chord(ARROW_DOWN)): Keys 'DOWN + ' sent to object: 'Object Repository/Objects.HighlightElements/input_field_index'

2020-05-30 01:31:54 - [MESSAGE][PASSED] - Keys 'DOWN + ' sent to object: 'Object Repository/Objects.HighlightElements/input_field_index'

2020-05-30 01:31:54 - [TEST_STEP][PASSED] - delay(DelayTime): Delayed 0 second(s)

2020-05-30 01:31:54 - [MESSAGE][PASSED] - Delayed 0 second(s)

2020-05-30 01:31:54 - [TEST_STEP][PASSED] - sendKeys(NewInputNmField, Keys.chord(ENTER)): Keys 'ENTER + ' sent to object: 'Object Repository/Objects.HighlightElements/input_field_index'

2020-05-30 01:31:54 - [MESSAGE][PASSED] - Keys 'ENTER + ' sent to object: 'Object Repository/Objects.HighlightElements/input_field_index'

2020-05-30 01:31:54 - [TEST_STEP][PASSED] - ComboBoxValue = getAttribute(NewInputNmField, "value"): Attribute 'value' of object 'Object Repository/Objects.HighlightElements/input_field_index' is: 'Mohd Jeffri Bin Abdul Rahim (MOHDJEFFRI)'

2020-05-30 01:31:55 - [MESSAGE][PASSED] - Attribute 'value' of object 'Object Repository/Objects.HighlightElements/input_field_index' is: 'Mohd Jeffri Bin Abdul Rahim (MOHDJEFFRI)'

2020-05-30 01:31:55 - [TEST_STEP][PASSED] - callTestCase(findTestCase(CallTCName), ["FindValue":ComboBoxValue, "DropdownNm":comboNm], STOP_ON_FAILURE): Call Test Case 'Test Cases/PFI Precision and Scale/HashMap Tables/OfficerLists' successfully

2020-05-30 01:31:55 - [TEST_CASE][PASSED] - Test Cases/PFI Precision and Scale/HashMap Tables/OfficerLists: Test Cases/PFI Precision and Scale/HashMap Tables/OfficerLists

2020-05-30 01:31:55 - [TEST_STEP][PASSED] - Thread.sleep(1000): null

2020-05-30 01:31:56 - [TEST_STEP][PASSED] - OfficerLists = [1:"Aaron Sham Wai Lun (AARON)", 2:"Azidah Bte Akmad (Mdm) (USAABD)", 3:"Chung Fong Nyen (USACFN)", 4:"David Tey Dah Wei (DAHWEI)", ... ]: null

2020-05-30 01:31:56 - [TEST_STEP][PASSED] - ValueFound = OfficerLists.find({ -> ... }): null

2020-05-30 01:31:56 - [MESSAGE][PASSED] - Call Test Case 'Test Cases/PFI Precision and Scale/HashMap Tables/OfficerLists' successfully

2020-05-30 01:31:56 - [TEST_STEP][PASSED] - println(ValueFound): null

2020-05-30 01:31:56 - [TEST_STEP][PASSED] - sendKeys(NewInputNmField, Keys.chord(ARROW_DOWN)): Keys 'DOWN + ' sent to object: 'Object Repository/Objects.HighlightElements/input_field_index'

2020-05-30 01:31:56 - [MESSAGE][PASSED] - Keys 'DOWN + ' sent to object: 'Object Repository/Objects.HighlightElements/input_field_index'

2020-05-30 01:31:56 - [TEST_STEP][PASSED] - sendKeys(NewInputNmField, Keys.chord(ARROW_DOWN)): Keys 'DOWN + ' sent to object: 'Object Repository/Objects.HighlightElements/input_field_index'

2020-05-30 01:31:57 - [MESSAGE][PASSED] - Keys 'DOWN + ' sent to object: 'Object Repository/Objects.HighlightElements/input_field_index'

2020-05-30 01:31:57 - [TEST_STEP][PASSED] - delay(DelayTime): Delayed 0 second(s)

2020-05-30 01:31:57 - [MESSAGE][PASSED] - Delayed 0 second(s)

2020-05-30 01:31:57 - [TEST_STEP][PASSED] - sendKeys(NewInputNmField, Keys.chord(ENTER)): Keys 'ENTER + ' sent to object: 'Object Repository/Objects.HighlightElements/input_field_index'

2020-05-30 01:31:57 - [MESSAGE][PASSED] - Keys 'ENTER + ' sent to object: 'Object Repository/Objects.HighlightElements/input_field_index'

2020-05-30 01:31:57 - [TEST_STEP][PASSED] - ComboBoxValue = getAttribute(NewInputNmField, "value"): Attribute 'value' of object 'Object Repository/Objects.HighlightElements/input_field_index' is: 'Richard Lim Fang Ping (FANGPING)'

2020-05-30 01:31:58 - [MESSAGE][PASSED] - Attribute 'value' of object 'Object Repository/Objects.HighlightElements/input_field_index' is: 'Richard Lim Fang Ping (FANGPING)'

2020-05-30 01:31:58 - [TEST_STEP][PASSED] - callTestCase(findTestCase(CallTCName), ["FindValue":ComboBoxValue, "DropdownNm":comboNm], STOP_ON_FAILURE): Call Test Case 'Test Cases/PFI Precision and Scale/HashMap Tables/OfficerLists' successfully

2020-05-30 01:31:58 - [TEST_CASE][PASSED] - Test Cases/PFI Precision and Scale/HashMap Tables/OfficerLists: Test Cases/PFI Precision and Scale/HashMap Tables/OfficerLists

2020-05-30 01:31:58 - [TEST_STEP][PASSED] - Thread.sleep(1000): null

2020-05-30 01:31:59 - [TEST_STEP][PASSED] - OfficerLists = [1:"Aaron Sham Wai Lun (AARON)", 2:"Azidah Bte Akmad (Mdm) (USAABD)", 3:"Chung Fong Nyen (USACFN)", 4:"David Tey Dah Wei (DAHWEI)", ... ]: null

2020-05-30 01:31:59 - [TEST_STEP][PASSED] - ValueFound = OfficerLists.find({ -> ... }): null

2020-05-30 01:31:59 - [MESSAGE][PASSED] - Call Test Case 'Test Cases/PFI Precision and Scale/HashMap Tables/OfficerLists' successfully

2020-05-30 01:31:59 - [TEST_STEP][PASSED] - println(ValueFound): null

2020-05-30 01:31:59 - [TEST_STEP][PASSED] - sendKeys(NewInputNmField, Keys.chord(ARROW_DOWN)): Keys 'DOWN + ' sent to object: 'Object Repository/Objects.HighlightElements/input_field_index'

2020-05-30 01:31:59 - [MESSAGE][PASSED] - Keys 'DOWN + ' sent to object: 'Object Repository/Objects.HighlightElements/input_field_index'

2020-05-30 01:31:59 - [TEST_STEP][PASSED] - sendKeys(NewInputNmField, Keys.chord(ARROW_DOWN)): Keys 'DOWN + ' sent to object: 'Object Repository/Objects.HighlightElements/input_field_index'

2020-05-30 01:32:00 - [MESSAGE][PASSED] - Keys 'DOWN + ' sent to object: 'Object Repository/Objects.HighlightElements/input_field_index'

2020-05-30 01:32:00 - [TEST_STEP][PASSED] - delay(DelayTime): Delayed 0 second(s)

2020-05-30 01:32:00 - [MESSAGE][PASSED] - Delayed 0 second(s)

2020-05-30 01:32:00 - [TEST_STEP][PASSED] - sendKeys(NewInputNmField, Keys.chord(ENTER)): Keys 'ENTER + ' sent to object: 'Object Repository/Objects.HighlightElements/input_field_index'

2020-05-30 01:32:00 - [MESSAGE][PASSED] - Keys 'ENTER + ' sent to object: 'Object Repository/Objects.HighlightElements/input_field_index'

2020-05-30 01:32:00 - [TEST_STEP][PASSED] - ComboBoxValue = getAttribute(NewInputNmField, "value"): Attribute 'value' of object 'Object Repository/Objects.HighlightElements/input_field_index' is: 'RITA WONG SIONG ING (RITAWONG)'

2020-05-30 01:32:01 - [MESSAGE][PASSED] - Attribute 'value' of object 'Object Repository/Objects.HighlightElements/input_field_index' is: 'RITA WONG SIONG ING (RITAWONG)'

2020-05-30 01:32:01 - [TEST_STEP][PASSED] - callTestCase(findTestCase(CallTCName), ["FindValue":ComboBoxValue, "DropdownNm":comboNm], STOP_ON_FAILURE): Call Test Case 'Test Cases/PFI Precision and Scale/HashMap Tables/OfficerLists' successfully

2020-05-30 01:32:01 - [TEST_CASE][PASSED] - Test Cases/PFI Precision and Scale/HashMap Tables/OfficerLists: Test Cases/PFI Precision and Scale/HashMap Tables/OfficerLists

2020-05-30 01:32:01 - [TEST_STEP][PASSED] - Thread.sleep(1000): null

2020-05-30 01:32:02 - [TEST_STEP][PASSED] - OfficerLists = [1:"Aaron Sham Wai Lun (AARON)", 2:"Azidah Bte Akmad (Mdm) (USAABD)", 3:"Chung Fong Nyen (USACFN)", 4:"David Tey Dah Wei (DAHWEI)", ... ]: null

2020-05-30 01:32:02 - [TEST_STEP][PASSED] - ValueFound = OfficerLists.find({ -> ... }): null

2020-05-30 01:32:02 - [MESSAGE][PASSED] - Call Test Case 'Test Cases/PFI Precision and Scale/HashMap Tables/OfficerLists' successfully

2020-05-30 01:32:02 - [TEST_STEP][PASSED] - println(ValueFound): null

2020-05-30 01:32:02 - [TEST_STEP][PASSED] - sendKeys(NewInputNmField, Keys.chord(ARROW_DOWN)): Keys 'DOWN + ' sent to object: 'Object Repository/Objects.HighlightElements/input_field_index'

2020-05-30 01:32:02 - [MESSAGE][PASSED] - Keys 'DOWN + ' sent to object: 'Object Repository/Objects.HighlightElements/input_field_index'

2020-05-30 01:32:02 - [TEST_STEP][PASSED] - sendKeys(NewInputNmField, Keys.chord(ARROW_DOWN)): Keys 'DOWN + ' sent to object: 'Object Repository/Objects.HighlightElements/input_field_index'

2020-05-30 01:32:02 - [MESSAGE][PASSED] - Keys 'DOWN + ' sent to object: 'Object Repository/Objects.HighlightElements/input_field_index'

2020-05-30 01:32:02 - [TEST_STEP][PASSED] - delay(DelayTime): Delayed 0 second(s)

2020-05-30 01:32:02 - [MESSAGE][PASSED] - Delayed 0 second(s)

2020-05-30 01:32:02 - [TEST_STEP][PASSED] - sendKeys(NewInputNmField, Keys.chord(ENTER)): Keys 'ENTER + ' sent to object: 'Object Repository/Objects.HighlightElements/input_field_index'

2020-05-30 01:32:03 - [MESSAGE][PASSED] - Keys 'ENTER + ' sent to object: 'Object Repository/Objects.HighlightElements/input_field_index'

2020-05-30 01:32:03 - [TEST_STEP][PASSED] - ComboBoxValue = getAttribute(NewInputNmField, "value"): Attribute 'value' of object 'Object Repository/Objects.HighlightElements/input_field_index' is: 'Shi Hong Wei (HONGWEI)'

2020-05-30 01:32:03 - [MESSAGE][PASSED] - Attribute 'value' of object 'Object Repository/Objects.HighlightElements/input_field_index' is: 'Shi Hong Wei (HONGWEI)'

2020-05-30 01:32:03 - [TEST_STEP][PASSED] - callTestCase(findTestCase(CallTCName), ["FindValue":ComboBoxValue, "DropdownNm":comboNm], STOP_ON_FAILURE): Call Test Case 'Test Cases/PFI Precision and Scale/HashMap Tables/OfficerLists' successfully

2020-05-30 01:32:03 - [TEST_CASE][PASSED] - Test Cases/PFI Precision and Scale/HashMap Tables/OfficerLists: Test Cases/PFI Precision and Scale/HashMap Tables/OfficerLists

2020-05-30 01:32:03 - [TEST_STEP][PASSED] - Thread.sleep(1000): null

2020-05-30 01:32:04 - [TEST_STEP][PASSED] - OfficerLists = [1:"Aaron Sham Wai Lun (AARON)", 2:"Azidah Bte Akmad (Mdm) (USAABD)", 3:"Chung Fong Nyen (USACFN)", 4:"David Tey Dah Wei (DAHWEI)", ... ]: null

2020-05-30 01:32:04 - [TEST_STEP][PASSED] - ValueFound = OfficerLists.find({ -> ... }): null

2020-05-30 01:32:04 - [MESSAGE][PASSED] - Call Test Case 'Test Cases/PFI Precision and Scale/HashMap Tables/OfficerLists' successfully

2020-05-30 01:32:04 - [TEST_STEP][PASSED] - println(ValueFound): null

2020-05-30 01:32:04 - [TEST_STEP][PASSED] - sendKeys(NewInputNmField, Keys.chord(ARROW_DOWN)): Keys 'DOWN + ' sent to object: 'Object Repository/Objects.HighlightElements/input_field_index'

2020-05-30 01:32:05 - [MESSAGE][PASSED] - Keys 'DOWN + ' sent to object: 'Object Repository/Objects.HighlightElements/input_field_index'

2020-05-30 01:32:05 - [TEST_STEP][PASSED] - sendKeys(NewInputNmField, Keys.chord(ARROW_DOWN)): Keys 'DOWN + ' sent to object: 'Object Repository/Objects.HighlightElements/input_field_index'

2020-05-30 01:32:05 - [MESSAGE][PASSED] - Keys 'DOWN + ' sent to object: 'Object Repository/Objects.HighlightElements/input_field_index'

2020-05-30 01:32:05 - [TEST_STEP][PASSED] - delay(DelayTime): Delayed 0 second(s)

2020-05-30 01:32:05 - [MESSAGE][PASSED] - Delayed 0 second(s)

2020-05-30 01:32:05 - [TEST_STEP][PASSED] - sendKeys(NewInputNmField, Keys.chord(ENTER)): Keys 'ENTER + ' sent to object: 'Object Repository/Objects.HighlightElements/input_field_index'

2020-05-30 01:32:06 - [MESSAGE][PASSED] - Keys 'ENTER + ' sent to object: 'Object Repository/Objects.HighlightElements/input_field_index'

2020-05-30 01:32:06 - [TEST_STEP][PASSED] - ComboBoxValue = getAttribute(NewInputNmField, "value"): Attribute 'value' of object 'Object Repository/Objects.HighlightElements/input_field_index' is: 'Tan Jing Ying (JINGYING)'

2020-05-30 01:32:06 - [MESSAGE][PASSED] - Attribute 'value' of object 'Object Repository/Objects.HighlightElements/input_field_index' is: 'Tan Jing Ying (JINGYING)'

2020-05-30 01:32:06 - [TEST_STEP][PASSED] - callTestCase(findTestCase(CallTCName), ["FindValue":ComboBoxValue, "DropdownNm":comboNm], STOP_ON_FAILURE): Call Test Case 'Test Cases/PFI Precision and Scale/HashMap Tables/OfficerLists' successfully

2020-05-30 01:32:06 - [TEST_CASE][PASSED] - Test Cases/PFI Precision and Scale/HashMap Tables/OfficerLists: Test Cases/PFI Precision and Scale/HashMap Tables/OfficerLists

2020-05-30 01:32:06 - [TEST_STEP][PASSED] - Thread.sleep(1000): null

2020-05-30 01:32:07 - [TEST_STEP][PASSED] - OfficerLists = [1:"Aaron Sham Wai Lun (AARON)", 2:"Azidah Bte Akmad (Mdm) (USAABD)", 3:"Chung Fong Nyen (USACFN)", 4:"David Tey Dah Wei (DAHWEI)", ... ]: null

2020-05-30 01:32:07 - [TEST_STEP][PASSED] - ValueFound = OfficerLists.find({ -> ... }): null

2020-05-30 01:32:07 - [MESSAGE][PASSED] - Call Test Case 'Test Cases/PFI Precision and Scale/HashMap Tables/OfficerLists' successfully

2020-05-30 01:32:07 - [TEST_STEP][PASSED] - println(ValueFound): null

2020-05-30 01:32:07 - [TEST_STEP][PASSED] - sendKeys(NewInputNmField, Keys.chord(ARROW_DOWN)): Keys 'DOWN + ' sent to object: 'Object Repository/Objects.HighlightElements/input_field_index'

2020-05-30 01:32:07 - [MESSAGE][PASSED] - Keys 'DOWN + ' sent to object: 'Object Repository/Objects.HighlightElements/input_field_index'

2020-05-30 01:32:07 - [TEST_STEP][PASSED] - sendKeys(NewInputNmField, Keys.chord(ARROW_DOWN)): Keys 'DOWN + ' sent to object: 'Object Repository/Objects.HighlightElements/input_field_index'

2020-05-30 01:32:08 - [MESSAGE][PASSED] - Keys 'DOWN + ' sent to object: 'Object Repository/Objects.HighlightElements/input_field_index'

2020-05-30 01:32:08 - [TEST_STEP][PASSED] - delay(DelayTime): Delayed 0 second(s)

2020-05-30 01:32:08 - [MESSAGE][PASSED] - Delayed 0 second(s)

2020-05-30 01:32:08 - [TEST_STEP][PASSED] - sendKeys(NewInputNmField, Keys.chord(ENTER)): Keys 'ENTER + ' sent to object: 'Object Repository/Objects.HighlightElements/input_field_index'

2020-05-30 01:32:08 - [MESSAGE][PASSED] - Keys 'ENTER + ' sent to object: 'Object Repository/Objects.HighlightElements/input_field_index'

2020-05-30 01:32:08 - [TEST_STEP][PASSED] - ComboBoxValue = getAttribute(NewInputNmField, "value"): Attribute 'value' of object 'Object Repository/Objects.HighlightElements/input_field_index' is: 'Tan Kwan Joo (KWANJOO)'

2020-05-30 01:32:10 - [MESSAGE][PASSED] - Attribute 'value' of object 'Object Repository/Objects.HighlightElements/input_field_index' is: 'Tan Kwan Joo (KWANJOO)'

2020-05-30 01:32:10 - [TEST_STEP][PASSED] - callTestCase(findTestCase(CallTCName), ["FindValue":ComboBoxValue, "DropdownNm":comboNm], STOP_ON_FAILURE): Call Test Case 'Test Cases/PFI Precision and Scale/HashMap Tables/OfficerLists' successfully

2020-05-30 01:32:10 - [TEST_CASE][PASSED] - Test Cases/PFI Precision and Scale/HashMap Tables/OfficerLists: Test Cases/PFI Precision and Scale/HashMap Tables/OfficerLists

2020-05-30 01:32:10 - [TEST_STEP][PASSED] - Thread.sleep(1000): null

2020-05-30 01:32:11 - [TEST_STEP][PASSED] - OfficerLists = [1:"Aaron Sham Wai Lun (AARON)", 2:"Azidah Bte Akmad (Mdm) (USAABD)", 3:"Chung Fong Nyen (USACFN)", 4:"David Tey Dah Wei (DAHWEI)", ... ]: null

2020-05-30 01:32:11 - [TEST_STEP][PASSED] - ValueFound = OfficerLists.find({ -> ... }): null

2020-05-30 01:32:11 - [MESSAGE][PASSED] - Call Test Case 'Test Cases/PFI Precision and Scale/HashMap Tables/OfficerLists' successfully

2020-05-30 01:32:11 - [TEST_STEP][PASSED] - println(ValueFound): null

2020-05-30 01:32:11 - [TEST_STEP][PASSED] - sendKeys(NewInputNmField, Keys.chord(ARROW_DOWN)): Keys 'DOWN + ' sent to object: 'Object Repository/Objects.HighlightElements/input_field_index'

2020-05-30 01:32:11 - [MESSAGE][PASSED] - Keys 'DOWN + ' sent to object: 'Object Repository/Objects.HighlightElements/input_field_index'

2020-05-30 01:32:11 - [TEST_STEP][PASSED] - sendKeys(NewInputNmField, Keys.chord(ARROW_DOWN)): Keys 'DOWN + ' sent to object: 'Object Repository/Objects.HighlightElements/input_field_index'

2020-05-30 01:32:12 - [MESSAGE][PASSED] - Keys 'DOWN + ' sent to object: 'Object Repository/Objects.HighlightElements/input_field_index'

2020-05-30 01:32:12 - [TEST_STEP][PASSED] - delay(DelayTime): Delayed 0 second(s)

2020-05-30 01:32:12 - [MESSAGE][PASSED] - Delayed 0 second(s)

2020-05-30 01:32:12 - [TEST_STEP][PASSED] - sendKeys(NewInputNmField, Keys.chord(ENTER)): Keys 'ENTER + ' sent to object: 'Object Repository/Objects.HighlightElements/input_field_index'

2020-05-30 01:32:12 - [MESSAGE][PASSED] - Keys 'ENTER + ' sent to object: 'Object Repository/Objects.HighlightElements/input_field_index'

2020-05-30 01:32:12 - [TEST_STEP][PASSED] - ComboBoxValue = getAttribute(NewInputNmField, "value"): Attribute 'value' of object 'Object Repository/Objects.HighlightElements/input_field_index' is: 'Titus Chua Hwa Ping (TITUS)'

2020-05-30 01:32:13 - [MESSAGE][PASSED] - Attribute 'value' of object 'Object Repository/Objects.HighlightElements/input_field_index' is: 'Titus Chua Hwa Ping (TITUS)'

2020-05-30 01:32:13 - [TEST_STEP][PASSED] - callTestCase(findTestCase(CallTCName), ["FindValue":ComboBoxValue, "DropdownNm":comboNm], STOP_ON_FAILURE): Call Test Case 'Test Cases/PFI Precision and Scale/HashMap Tables/OfficerLists' successfully

2020-05-30 01:32:13 - [TEST_CASE][PASSED] - Test Cases/PFI Precision and Scale/HashMap Tables/OfficerLists: Test Cases/PFI Precision and Scale/HashMap Tables/OfficerLists

2020-05-30 01:32:13 - [TEST_STEP][PASSED] - Thread.sleep(1000): null

2020-05-30 01:32:14 - [TEST_STEP][PASSED] - OfficerLists = [1:"Aaron Sham Wai Lun (AARON)", 2:"Azidah Bte Akmad (Mdm) (USAABD)", 3:"Chung Fong Nyen (USACFN)", 4:"David Tey Dah Wei (DAHWEI)", ... ]: null

2020-05-30 01:32:14 - [TEST_STEP][PASSED] - ValueFound = OfficerLists.find({ -> ... }): null

2020-05-30 01:32:14 - [MESSAGE][PASSED] - Call Test Case 'Test Cases/PFI Precision and Scale/HashMap Tables/OfficerLists' successfully

2020-05-30 01:32:14 - [TEST_STEP][PASSED] - println(ValueFound): null

2020-05-30 01:32:14 - [TEST_STEP][PASSED] - sendKeys(NewInputNmField, Keys.chord(ARROW_DOWN)): Keys 'DOWN + ' sent to object: 'Object Repository/Objects.HighlightElements/input_field_index'

2020-05-30 01:32:14 - [MESSAGE][PASSED] - Keys 'DOWN + ' sent to object: 'Object Repository/Objects.HighlightElements/input_field_index'

2020-05-30 01:32:14 - [TEST_STEP][PASSED] - sendKeys(NewInputNmField, Keys.chord(ARROW_DOWN)): Keys 'DOWN + ' sent to object: 'Object Repository/Objects.HighlightElements/input_field_index'

2020-05-30 01:32:14 - [MESSAGE][PASSED] - Keys 'DOWN + ' sent to object: 'Object Repository/Objects.HighlightElements/input_field_index'

2020-05-30 01:32:14 - [TEST_STEP][PASSED] - delay(DelayTime): Delayed 0 second(s)

2020-05-30 01:32:14 - [MESSAGE][PASSED] - Delayed 0 second(s)

2020-05-30 01:32:14 - [TEST_STEP][PASSED] - sendKeys(NewInputNmField, Keys.chord(ENTER)): Keys 'ENTER + ' sent to object: 'Object Repository/Objects.HighlightElements/input_field_index'

2020-05-30 01:32:15 - [MESSAGE][PASSED] - Keys 'ENTER + ' sent to object: 'Object Repository/Objects.HighlightElements/input_field_index'

2020-05-30 01:32:15 - [TEST_STEP][PASSED] - ComboBoxValue = getAttribute(NewInputNmField, "value"): Attribute 'value' of object 'Object Repository/Objects.HighlightElements/input_field_index' is: 'Vijayaratnam Ng Lay Hoon (USANLH)'

2020-05-30 01:32:15 - [MESSAGE][PASSED] - Attribute 'value' of object 'Object Repository/Objects.HighlightElements/input_field_index' is: 'Vijayaratnam Ng Lay Hoon (USANLH)'

2020-05-30 01:32:15 - [TEST_STEP][PASSED] - callTestCase(findTestCase(CallTCName), ["FindValue":ComboBoxValue, "DropdownNm":comboNm], STOP_ON_FAILURE): Call Test Case 'Test Cases/PFI Precision and Scale/HashMap Tables/OfficerLists' successfully

2020-05-30 01:32:15 - [TEST_CASE][PASSED] - Test Cases/PFI Precision and Scale/HashMap Tables/OfficerLists: Test Cases/PFI Precision and Scale/HashMap Tables/OfficerLists

2020-05-30 01:32:15 - [TEST_STEP][PASSED] - Thread.sleep(1000): null

2020-05-30 01:32:16 - [TEST_STEP][PASSED] - OfficerLists = [1:"Aaron Sham Wai Lun (AARON)", 2:"Azidah Bte Akmad (Mdm) (USAABD)", 3:"Chung Fong Nyen (USACFN)", 4:"David Tey Dah Wei (DAHWEI)", ... ]: null

2020-05-30 01:32:16 - [TEST_STEP][PASSED] - ValueFound = OfficerLists.find({ -> ... }): null

2020-05-30 01:32:16 - [MESSAGE][PASSED] - Call Test Case 'Test Cases/PFI Precision and Scale/HashMap Tables/OfficerLists' successfully

2020-05-30 01:32:16 - [TEST_STEP][PASSED] - println(ValueFound): null

2020-05-30 01:32:16 - [TEST_STEP][PASSED] - sendKeys(NewInputNmField, Keys.chord(ARROW_DOWN)): Keys 'DOWN + ' sent to object: 'Object Repository/Objects.HighlightElements/input_field_index'

2020-05-30 01:32:17 - [MESSAGE][PASSED] - Keys 'DOWN + ' sent to object: 'Object Repository/Objects.HighlightElements/input_field_index'

2020-05-30 01:32:17 - [TEST_STEP][PASSED] - sendKeys(NewInputNmField, Keys.chord(ARROW_DOWN)): Keys 'DOWN + ' sent to object: 'Object Repository/Objects.HighlightElements/input_field_index'

2020-05-30 01:32:17 - [MESSAGE][PASSED] - Keys 'DOWN + ' sent to object: 'Object Repository/Objects.HighlightElements/input_field_index'

2020-05-30 01:32:17 - [TEST_STEP][PASSED] - delay(DelayTime): Delayed 0 second(s)

2020-05-30 01:32:17 - [MESSAGE][PASSED] - Delayed 0 second(s)

2020-05-30 01:32:17 - [TEST_STEP][PASSED] - sendKeys(NewInputNmField, Keys.chord(ENTER)): Keys 'ENTER + ' sent to object: 'Object Repository/Objects.HighlightElements/input_field_index'

2020-05-30 01:32:18 - [MESSAGE][PASSED] - Keys 'ENTER + ' sent to object: 'Object Repository/Objects.HighlightElements/input_field_index'

2020-05-30 01:32:18 - [TEST_STEP][PASSED] - ComboBoxValue = getAttribute(NewInputNmField, "value"): Attribute 'value' of object 'Object Repository/Objects.HighlightElements/input_field_index' is: 'Wong Swee Sheng (WONGSWEE)'

2020-05-30 01:32:18 - [MESSAGE][PASSED] - Attribute 'value' of object 'Object Repository/Objects.HighlightElements/input_field_index' is: 'Wong Swee Sheng (WONGSWEE)'

2020-05-30 01:32:18 - [TEST_STEP][PASSED] - callTestCase(findTestCase(CallTCName), ["FindValue":ComboBoxValue, "DropdownNm":comboNm], STOP_ON_FAILURE): Call Test Case 'Test Cases/PFI Precision and Scale/HashMap Tables/OfficerLists' successfully

2020-05-30 01:32:18 - [TEST_CASE][PASSED] - Test Cases/PFI Precision and Scale/HashMap Tables/OfficerLists: Test Cases/PFI Precision and Scale/HashMap Tables/OfficerLists

2020-05-30 01:32:18 - [TEST_STEP][PASSED] - Thread.sleep(1000): null

2020-05-30 01:32:19 - [TEST_STEP][PASSED] - OfficerLists = [1:"Aaron Sham Wai Lun (AARON)", 2:"Azidah Bte Akmad (Mdm) (USAABD)", 3:"Chung Fong Nyen (USACFN)", 4:"David Tey Dah Wei (DAHWEI)", ... ]: null

2020-05-30 01:32:19 - [TEST_STEP][PASSED] - ValueFound = OfficerLists.find({ -> ... }): null

2020-05-30 01:32:19 - [MESSAGE][PASSED] - Call Test Case 'Test Cases/PFI Precision and Scale/HashMap Tables/OfficerLists' successfully

2020-05-30 01:32:19 - [TEST_STEP][PASSED] - println(ValueFound): null

2020-05-30 01:32:19 - [TEST_STEP][PASSED] - sendKeys(NewInputNmField, Keys.chord(ARROW_DOWN)): Keys 'DOWN + ' sent to object: 'Object Repository/Objects.HighlightElements/input_field_index'

2020-05-30 01:32:19 - [MESSAGE][PASSED] - Keys 'DOWN + ' sent to object: 'Object Repository/Objects.HighlightElements/input_field_index'

2020-05-30 01:32:19 - [TEST_STEP][PASSED] - sendKeys(NewInputNmField, Keys.chord(ARROW_DOWN)): Keys 'DOWN + ' sent to object: 'Object Repository/Objects.HighlightElements/input_field_index'

2020-05-30 01:32:20 - [MESSAGE][PASSED] - Keys 'DOWN + ' sent to object: 'Object Repository/Objects.HighlightElements/input_field_index'

2020-05-30 01:32:20 - [TEST_STEP][PASSED] - delay(DelayTime): Delayed 0 second(s)

2020-05-30 01:32:20 - [MESSAGE][PASSED] - Delayed 0 second(s)

2020-05-30 01:32:20 - [TEST_STEP][PASSED] - sendKeys(NewInputNmField, Keys.chord(ENTER)): Keys 'ENTER + ' sent to object: 'Object Repository/Objects.HighlightElements/input_field_index'

2020-05-30 01:32:20 - [MESSAGE][PASSED] - Keys 'ENTER + ' sent to object: 'Object Repository/Objects.HighlightElements/input_field_index'

2020-05-30 01:32:20 - [TEST_STEP][PASSED] - ComboBoxValue = getAttribute(NewInputNmField, "value"): Attribute 'value' of object 'Object Repository/Objects.HighlightElements/input_field_index' is: 'Zhao Dianfeng (DIANFENG)'

2020-05-30 01:32:21 - [MESSAGE][PASSED] - Attribute 'value' of object 'Object Repository/Objects.HighlightElements/input_field_index' is: 'Zhao Dianfeng (DIANFENG)'

2020-05-30 01:32:21 - [TEST_STEP][PASSED] - callTestCase(findTestCase(CallTCName), ["FindValue":ComboBoxValue, "DropdownNm":comboNm], STOP_ON_FAILURE): Call Test Case 'Test Cases/PFI Precision and Scale/HashMap Tables/OfficerLists' successfully

2020-05-30 01:32:21 - [TEST_CASE][PASSED] - Test Cases/PFI Precision and Scale/HashMap Tables/OfficerLists: Test Cases/PFI Precision and Scale/HashMap Tables/OfficerLists

2020-05-30 01:32:21 - [TEST_STEP][PASSED] - Thread.sleep(1000): null

2020-05-30 01:32:22 - [TEST_STEP][PASSED] - OfficerLists = [1:"Aaron Sham Wai Lun (AARON)", 2:"Azidah Bte Akmad (Mdm) (USAABD)", 3:"Chung Fong Nyen (USACFN)", 4:"David Tey Dah Wei (DAHWEI)", ... ]: null

2020-05-30 01:32:22 - [TEST_STEP][PASSED] - ValueFound = OfficerLists.find({ -> ... }): null

2020-05-30 01:32:22 - [MESSAGE][PASSED] - Call Test Case 'Test Cases/PFI Precision and Scale/HashMap Tables/OfficerLists' successfully

2020-05-30 01:32:22 - [TEST_STEP][PASSED] - println(ValueFound): null

2020-05-30 01:32:22 - [TEST_STEP][PASSED] - sendKeys(NewInputNmField, Keys.chord(ARROW_DOWN)): Keys 'DOWN + ' sent to object: 'Object Repository/Objects.HighlightElements/input_field_index'

2020-05-30 01:32:22 - [MESSAGE][PASSED] - Keys 'DOWN + ' sent to object: 'Object Repository/Objects.HighlightElements/input_field_index'

2020-05-30 01:32:22 - [TEST_STEP][PASSED] - sendKeys(NewInputNmField, Keys.chord(ENTER)): Keys 'ENTER + ' sent to object: 'Object Repository/Objects.HighlightElements/input_field_index'

2020-05-30 01:32:23 - [MESSAGE][PASSED] - Keys 'ENTER + ' sent to object: 'Object Repository/Objects.HighlightElements/input_field_index'

2020-05-30 01:32:23 - [MESSAGE][PASSED] - Call Test Case 'Test Cases/PFI Precision and Scale/PFI Components with Indexing/VerifyDropdownValuesIndex' successfully

2020-05-30 01:32:23 - [TEST_STEP][PASSED] - callTestCase(findTestCase("Components/SelectAllThenDeleteIndex"), ["nameToBeUsed":"psiRecommendTo", "index":1], STOP_ON_FAILURE): Call Test Case 'Test Cases/Components/SelectAllThenDeleteIndex' successfully

2020-05-30 01:32:23 - [TEST_CASE][PASSED] - Test Cases/Components/SelectAllThenDeleteIndex: Test Cases/Components/SelectAllThenDeleteIndex

2020-05-30 01:32:23 - [TEST_STEP][PASSED] - Thread.sleep(1000): null

2020-05-30 01:32:24 - [TEST_STEP][PASSED] - modifiedObj = modifyObjectProperty(findTestObject("Object Repository/Objects.HighlightElements/input_field_index"), "xpath", "equals", "(//*[contains(@class,'x-form-text') and (@name='" + nameToBeUsed + "')])[" + index + "]", true): Modify property of object successfully

2020-05-30 01:32:24 - [MESSAGE][PASSED] - Modify property of object successfully

2020-05-30 01:32:24 - [TEST_STEP][PASSED] - focus(modifiedObj): Object: 'Object Repository/Objects.HighlightElements/input_field_index' is focused

2020-05-30 01:32:24 - [MESSAGE][PASSED] - Object: 'Object Repository/Objects.HighlightElements/input_field_index' is focused

2020-05-30 01:32:24 - [TEST_STEP][PASSED] - sendKeys(modifiedObj, Keys.chord(CONTROL, "a")): Keys 'CONTROL + a' sent to object: 'Object Repository/Objects.HighlightElements/input_field_index'

2020-05-30 01:32:24 - [MESSAGE][PASSED] - Keys 'CONTROL + a' sent to object: 'Object Repository/Objects.HighlightElements/input_field_index'

2020-05-30 01:32:24 - [TEST_STEP][PASSED] - sendKeys(modifiedObj, Keys.chord(DELETE)): Keys 'DELETE + ' sent to object: 'Object Repository/Objects.HighlightElements/input_field_index'

2020-05-30 01:32:25 - [MESSAGE][PASSED] - Keys 'DELETE + ' sent to object: 'Object Repository/Objects.HighlightElements/input_field_index'

2020-05-30 01:32:25 - [MESSAGE][PASSED] - Call Test Case 'Test Cases/Components/SelectAllThenDeleteIndex' successfully

2020-05-30 01:32:25 - [TEST_STEP][PASSED] - callTestCase(findTestCase("PFI Precision and Scale/PFI Components with Indexing/RequiredFieldValidationIndex"), ["nameToBeUsed":"psiRecommendTo", "index":1], STOP_ON_FAILURE): Call Test Case 'Test Cases/PFI Precision and Scale/PFI Components with Indexing/RequiredFieldValidationIndex' successfully

2020-05-30 01:32:25 - [TEST_CASE][PASSED] - Test Cases/PFI Precision and Scale/PFI Components with Indexing/RequiredFieldValidationIndex: Test Cases/PFI Precision and Scale/PFI Components with Indexing/RequiredFieldValidationIndex

2020-05-30 01:32:25 - [TEST_STEP][PASSED] - enableSmartWait(): null

2020-05-30 01:32:25 - [TEST_STEP][PASSED] - NewInputNmField = modifyObjectProperty(findTestObject("Objects.HighlightElements/input_field_index"), "xpath", "equals", "(//*[contains(@class,'x-form-text') and (@name='" + nameToBeUsed + "')])[" + index + "]", true): Modify property of object successfully

2020-05-30 01:32:26 - [MESSAGE][PASSED] - Modify property of object successfully

2020-05-30 01:32:26 - [TEST_STEP][PASSED] - mouseOver(NewInputNmField): Object: 'Object Repository/Objects.HighlightElements/input_field_index' is hovered

2020-05-30 01:32:26 - [MESSAGE][PASSED] - Object: 'Object Repository/Objects.HighlightElements/input_field_index' is hovered

2020-05-30 01:32:26 - [TEST_STEP][PASSED] - getRqErrMsg = getAttribute(NewInputNmField, "data-errorqtip"): Attribute 'data-errorqtip' of object 'Object Repository/Objects.HighlightElements/input_field_index' is: '<ul class="x-list-plain"><li>This field is required</li></ul>'

2020-05-30 01:32:26 - [MESSAGE][PASSED] - Attribute 'data-errorqtip' of object 'Object Repository/Objects.HighlightElements/input_field_index' is: '<ul class="x-list-plain"><li>This field is required</li></ul>'

2020-05-30 01:32:26 - [TEST_STEP][PASSED] - strToolTip = getRqErrMsg.substring(29, 61): null

2020-05-30 01:32:26 - [TEST_STEP][PASSED] - toolTipReqErrMsg = strToolTip.substring(0, 22): null

2020-05-30 01:32:26 - [TEST_STEP][PASSED] - verifyMatch(toolTipReqErrMsg, RqField, true): Actual text 'This field is required' and expected text 'This field is required' are matched  using regular expression

2020-05-30 01:32:26 - [MESSAGE][PASSED] - Actual text 'This field is required' and expected text 'This field is required' are matched  using regular expression

2020-05-30 01:32:26 - [MESSAGE][PASSED] - Call Test Case 'Test Cases/PFI Precision and Scale/PFI Components with Indexing/RequiredFieldValidationIndex' successfully

2020-05-30 01:32:26 - [TEST_STEP][PASSED] - callTestCase(findTestCase("Components/HighlightLabelIndexField"), ["LblName":"Recommend Type:", "index":1], STOP_ON_FAILURE): Call Test Case 'Test Cases/Components/HighlightLabelIndexField' successfully

2020-05-30 01:32:26 - [TEST_CASE][PASSED] - Test Cases/Components/HighlightLabelIndexField: Test Cases/Components/HighlightLabelIndexField

2020-05-30 01:32:26 - [TEST_STEP][PASSED] - Thread.sleep(1000): null

2020-05-30 01:32:27 - [TEST_STEP][PASSED] - modifiedLblNm = modifyObjectProperty(findTestObject("Object Repository/Objects.HighlightElements/lblField_index"), "xpath", "equals", "(//*[contains(@class,'x-form-item-label-inner') and (text()='" + LblName + "')])[" + index + "]", true): Modify property of object successfully

2020-05-30 01:32:27 - [MESSAGE][PASSED] - Modify property of object successfully

2020-05-30 01:32:27 - [TEST_STEP][PASSED] - com.reusableComponents.HighlightElement.run(modifiedLblNm): com.reusableComponents.HighlightElement.run is PASSED

2020-05-30 01:32:28 - [MESSAGE][PASSED] - com.reusableComponents.HighlightElement.run is PASSED

2020-05-30 01:32:28 - [MESSAGE][PASSED] - Call Test Case 'Test Cases/Components/HighlightLabelIndexField' successfully

2020-05-30 01:32:28 - [TEST_STEP][PASSED] - callTestCase(findTestCase("Components/HighlightInputIndexField"), ["InputName":"psiRecomType", "index":1], STOP_ON_FAILURE): Call Test Case 'Test Cases/Components/HighlightInputIndexField' successfully

2020-05-30 01:32:28 - [TEST_CASE][PASSED] - Test Cases/Components/HighlightInputIndexField: Test Cases/Components/HighlightInputIndexField

2020-05-30 01:32:28 - [TEST_STEP][PASSED] - Thread.sleep(1000): null

2020-05-30 01:32:29 - [TEST_STEP][PASSED] - modifiedInputFld = modifyObjectProperty(findTestObject("Objects.HighlightElements/input_field_index"), "xpath", "equals", "(//*[contains(@class,'x-form-text') and (@name='" + InputName + "')])[" + index + "]", true): Modify property of object successfully

2020-05-30 01:32:29 - [MESSAGE][PASSED] - Modify property of object successfully

2020-05-30 01:32:29 - [TEST_STEP][PASSED] - com.reusableComponents.HighlightElement.run(modifiedInputFld): com.reusableComponents.HighlightElement.run is PASSED

2020-05-30 01:32:30 - [MESSAGE][PASSED] - com.reusableComponents.HighlightElement.run is PASSED

2020-05-30 01:32:30 - [MESSAGE][PASSED] - Call Test Case 'Test Cases/Components/HighlightInputIndexField' successfully

2020-05-30 01:32:30 - [TEST_STEP][PASSED] - callTestCase(findTestCase("PFI Precision and Scale/PFI Components with Indexing/VerifyDropdownValuesIndex"), ["FldNm":"psiRecomType", "CallTCName":"PFI Precision and Scale/HashMap Tables/OfficerLists", "cmbNm":"RecommendType", "NoOfVal":2, ... ], STOP_ON_FAILURE): Call Test Case 'Test Cases/PFI Precision and Scale/PFI Components with Indexing/VerifyDropdownValuesIndex' successfully

2020-05-30 01:32:30 - [TEST_CASE][PASSED] - Test Cases/PFI Precision and Scale/PFI Components with Indexing/VerifyDropdownValuesIndex: Test Cases/PFI Precision and Scale/PFI Components with Indexing/VerifyDropdownValuesIndex

2020-05-30 01:32:30 - [TEST_STEP][PASSED] - Thread.sleep(1000): null

2020-05-30 01:32:31 - [TEST_STEP][PASSED] - NewInputNmField = modifyObjectProperty(findTestObject("Object Repository/Objects.HighlightElements/input_field_index"), "xpath", "equals", "(//*[contains(@class,'x-form-text') and (@name='" + FldNm + "')])[" + index + "]", true): Modify property of object successfully

2020-05-30 01:32:31 - [MESSAGE][PASSED] - Modify property of object successfully

2020-05-30 01:32:31 - [TEST_STEP][PASSED] - comboNm = cmbNm: null

2020-05-30 01:32:31 - [TEST_STEP][PASSED] - focus(NewInputNmField): Object: 'Object Repository/Objects.HighlightElements/input_field_index' is focused

2020-05-30 01:32:31 - [MESSAGE][PASSED] - Object: 'Object Repository/Objects.HighlightElements/input_field_index' is focused

2020-05-30 01:32:31 - [TEST_STEP][PASSED] - setText(NewInputNmField, EnterValue): Text '' is set on object 'Object Repository/Objects.HighlightElements/input_field_index'

2020-05-30 01:32:32 - [MESSAGE][PASSED] - Text '' is set on object 'Object Repository/Objects.HighlightElements/input_field_index'

2020-05-30 01:32:32 - [TEST_STEP][PASSED] - for ([i = 1, i <= NoOfVal, (i++)]): Keys 'DOWN + ' sent to object: 'Object Repository/Objects.HighlightElements/input_field_index'

2020-05-30 01:32:32 - [TEST_STEP][PASSED] - sendKeys(NewInputNmField, Keys.chord(ARROW_DOWN)): Keys 'DOWN + ' sent to object: 'Object Repository/Objects.HighlightElements/input_field_index'

2020-05-30 01:32:32 - [MESSAGE][PASSED] - Keys 'DOWN + ' sent to object: 'Object Repository/Objects.HighlightElements/input_field_index'

2020-05-30 01:32:32 - [TEST_STEP][PASSED] - delay(DelayTime): Delayed 0 second(s)

2020-05-30 01:32:32 - [MESSAGE][PASSED] - Delayed 0 second(s)

2020-05-30 01:32:32 - [TEST_STEP][PASSED] - sendKeys(NewInputNmField, Keys.chord(ENTER)): Keys 'ENTER + ' sent to object: 'Object Repository/Objects.HighlightElements/input_field_index'

2020-05-30 01:32:33 - [MESSAGE][PASSED] - Keys 'ENTER + ' sent to object: 'Object Repository/Objects.HighlightElements/input_field_index'

2020-05-30 01:32:33 - [TEST_STEP][PASSED] - ComboBoxValue = getAttribute(NewInputNmField, "value"): Attribute 'value' of object 'Object Repository/Objects.HighlightElements/input_field_index' is: 'Recommend'

2020-05-30 01:32:33 - [MESSAGE][PASSED] - Attribute 'value' of object 'Object Repository/Objects.HighlightElements/input_field_index' is: 'Recommend'

2020-05-30 01:32:33 - [TEST_STEP][PASSED] - callTestCase(findTestCase(CallTCName), ["FindValue":ComboBoxValue, "DropdownNm":comboNm], STOP_ON_FAILURE): Call Test Case 'Test Cases/PFI Precision and Scale/HashMap Tables/OfficerLists' successfully

2020-05-30 01:32:33 - [TEST_CASE][PASSED] - Test Cases/PFI Precision and Scale/HashMap Tables/OfficerLists: Test Cases/PFI Precision and Scale/HashMap Tables/OfficerLists

2020-05-30 01:32:33 - [TEST_STEP][PASSED] - Thread.sleep(1000): null

2020-05-30 01:32:34 - [TEST_STEP][PASSED] - OfficerLists = [1:"Aaron Sham Wai Lun (AARON)", 2:"Azidah Bte Akmad (Mdm) (USAABD)", 3:"Chung Fong Nyen (USACFN)", 4:"David Tey Dah Wei (DAHWEI)", ... ]: null

2020-05-30 01:32:34 - [TEST_STEP][PASSED] - ValueFound = OfficerLists.find({ -> ... }): null

2020-05-30 01:32:34 - [MESSAGE][PASSED] - Call Test Case 'Test Cases/PFI Precision and Scale/HashMap Tables/OfficerLists' successfully

2020-05-30 01:32:34 - [TEST_STEP][PASSED] - println(ValueFound): null

2020-05-30 01:32:34 - [TEST_STEP][PASSED] - sendKeys(NewInputNmField, Keys.chord(ARROW_DOWN)): Keys 'DOWN + ' sent to object: 'Object Repository/Objects.HighlightElements/input_field_index'

2020-05-30 01:32:35 - [MESSAGE][PASSED] - Keys 'DOWN + ' sent to object: 'Object Repository/Objects.HighlightElements/input_field_index'

2020-05-30 01:32:35 - [TEST_STEP][PASSED] - sendKeys(NewInputNmField, Keys.chord(ARROW_DOWN)): Keys 'DOWN + ' sent to object: 'Object Repository/Objects.HighlightElements/input_field_index'

2020-05-30 01:32:35 - [MESSAGE][PASSED] - Keys 'DOWN + ' sent to object: 'Object Repository/Objects.HighlightElements/input_field_index'

2020-05-30 01:32:35 - [TEST_STEP][PASSED] - delay(DelayTime): Delayed 0 second(s)

2020-05-30 01:32:35 - [MESSAGE][PASSED] - Delayed 0 second(s)

2020-05-30 01:32:35 - [TEST_STEP][PASSED] - sendKeys(NewInputNmField, Keys.chord(ENTER)): Keys 'ENTER + ' sent to object: 'Object Repository/Objects.HighlightElements/input_field_index'

2020-05-30 01:32:36 - [MESSAGE][PASSED] - Keys 'ENTER + ' sent to object: 'Object Repository/Objects.HighlightElements/input_field_index'

2020-05-30 01:32:36 - [TEST_STEP][PASSED] - ComboBoxValue = getAttribute(NewInputNmField, "value"): Attribute 'value' of object 'Object Repository/Objects.HighlightElements/input_field_index' is: 'Reply'

2020-05-30 01:32:36 - [MESSAGE][PASSED] - Attribute 'value' of object 'Object Repository/Objects.HighlightElements/input_field_index' is: 'Reply'

2020-05-30 01:32:36 - [TEST_STEP][PASSED] - callTestCase(findTestCase(CallTCName), ["FindValue":ComboBoxValue, "DropdownNm":comboNm], STOP_ON_FAILURE): Call Test Case 'Test Cases/PFI Precision and Scale/HashMap Tables/OfficerLists' successfully

2020-05-30 01:32:36 - [TEST_CASE][PASSED] - Test Cases/PFI Precision and Scale/HashMap Tables/OfficerLists: Test Cases/PFI Precision and Scale/HashMap Tables/OfficerLists

2020-05-30 01:32:36 - [TEST_STEP][PASSED] - Thread.sleep(1000): null

2020-05-30 01:32:37 - [TEST_STEP][PASSED] - OfficerLists = [1:"Aaron Sham Wai Lun (AARON)", 2:"Azidah Bte Akmad (Mdm) (USAABD)", 3:"Chung Fong Nyen (USACFN)", 4:"David Tey Dah Wei (DAHWEI)", ... ]: null

2020-05-30 01:32:37 - [TEST_STEP][PASSED] - ValueFound = OfficerLists.find({ -> ... }): null

2020-05-30 01:32:37 - [MESSAGE][PASSED] - Call Test Case 'Test Cases/PFI Precision and Scale/HashMap Tables/OfficerLists' successfully

2020-05-30 01:32:37 - [TEST_STEP][PASSED] - println(ValueFound): null

2020-05-30 01:32:37 - [TEST_STEP][PASSED] - sendKeys(NewInputNmField, Keys.chord(ARROW_DOWN)): Keys 'DOWN + ' sent to object: 'Object Repository/Objects.HighlightElements/input_field_index'

2020-05-30 01:32:37 - [MESSAGE][PASSED] - Keys 'DOWN + ' sent to object: 'Object Repository/Objects.HighlightElements/input_field_index'

2020-05-30 01:32:37 - [TEST_STEP][PASSED] - sendKeys(NewInputNmField, Keys.chord(ENTER)): Keys 'ENTER + ' sent to object: 'Object Repository/Objects.HighlightElements/input_field_index'

2020-05-30 01:32:38 - [MESSAGE][PASSED] - Keys 'ENTER + ' sent to object: 'Object Repository/Objects.HighlightElements/input_field_index'

2020-05-30 01:32:38 - [MESSAGE][PASSED] - Call Test Case 'Test Cases/PFI Precision and Scale/PFI Components with Indexing/VerifyDropdownValuesIndex' successfully

2020-05-30 01:32:38 - [TEST_STEP][PASSED] - callTestCase(findTestCase("Components/HighlightLabelIndexField"), ["LblName":"Remarks:", "index":1], STOP_ON_FAILURE): Call Test Case 'Test Cases/Components/HighlightLabelIndexField' successfully

2020-05-30 01:32:38 - [TEST_CASE][PASSED] - Test Cases/Components/HighlightLabelIndexField: Test Cases/Components/HighlightLabelIndexField

2020-05-30 01:32:38 - [TEST_STEP][PASSED] - Thread.sleep(1000): null

2020-05-30 01:32:39 - [TEST_STEP][PASSED] - modifiedLblNm = modifyObjectProperty(findTestObject("Object Repository/Objects.HighlightElements/lblField_index"), "xpath", "equals", "(//*[contains(@class,'x-form-item-label-inner') and (text()='" + LblName + "')])[" + index + "]", true): Modify property of object successfully

2020-05-30 01:32:39 - [MESSAGE][PASSED] - Modify property of object successfully

2020-05-30 01:32:39 - [TEST_STEP][PASSED] - com.reusableComponents.HighlightElement.run(modifiedLblNm): com.reusableComponents.HighlightElement.run is PASSED

2020-05-30 01:32:40 - [MESSAGE][PASSED] - com.reusableComponents.HighlightElement.run is PASSED

2020-05-30 01:32:40 - [MESSAGE][PASSED] - Call Test Case 'Test Cases/Components/HighlightLabelIndexField' successfully

2020-05-30 01:32:40 - [TEST_STEP][PASSED] - callTestCase(findTestCase("Components/HighlightInputField"), ["InputFldName":"psiRemarks"], STOP_ON_FAILURE): Call Test Case 'Test Cases/Components/HighlightInputField' successfully

2020-05-30 01:32:40 - [TEST_CASE][PASSED] - Test Cases/Components/HighlightInputField: Test Cases/Components/HighlightInputField

2020-05-30 01:32:40 - [TEST_STEP][PASSED] - Thread.sleep(1000): null

2020-05-30 01:32:41 - [TEST_STEP][PASSED] - modifiedLblNm = modifyObjectProperty(findTestObject("Objects.HighlightElements/input_field"), "name", "equals", InputFldName, true): Modify property of object successfully

2020-05-30 01:32:41 - [MESSAGE][PASSED] - Modify property of object successfully

2020-05-30 01:32:41 - [TEST_STEP][PASSED] - com.reusableComponents.HighlightElement.run(modifiedLblNm): com.reusableComponents.HighlightElement.run is PASSED

2020-05-30 01:32:42 - [MESSAGE][PASSED] - com.reusableComponents.HighlightElement.run is PASSED

2020-05-30 01:32:42 - [MESSAGE][PASSED] - Call Test Case 'Test Cases/Components/HighlightInputField' successfully

2020-05-30 01:32:42 - [TEST_STEP][PASSED] - callTestCase(findTestCase("Components/HighlightInputIndexField"), ["InputName":"psiRemarks", "index":1], STOP_ON_FAILURE): Call Test Case 'Test Cases/Components/HighlightInputIndexField' successfully

2020-05-30 01:32:42 - [TEST_CASE][PASSED] - Test Cases/Components/HighlightInputIndexField: Test Cases/Components/HighlightInputIndexField

2020-05-30 01:32:42 - [TEST_STEP][PASSED] - Thread.sleep(1000): null

2020-05-30 01:32:43 - [TEST_STEP][PASSED] - modifiedInputFld = modifyObjectProperty(findTestObject("Objects.HighlightElements/input_field_index"), "xpath", "equals", "(//*[contains(@class,'x-form-text') and (@name='" + InputName + "')])[" + index + "]", true): Modify property of object successfully

2020-05-30 01:32:43 - [MESSAGE][PASSED] - Modify property of object successfully

2020-05-30 01:32:43 - [TEST_STEP][PASSED] - com.reusableComponents.HighlightElement.run(modifiedInputFld): com.reusableComponents.HighlightElement.run is PASSED

2020-05-30 01:32:43 - [MESSAGE][PASSED] - com.reusableComponents.HighlightElement.run is PASSED

2020-05-30 01:32:43 - [MESSAGE][PASSED] - Call Test Case 'Test Cases/Components/HighlightInputIndexField' successfully

2020-05-30 01:32:43 - [TEST_STEP][PASSED] - callTestCase(findTestCase("PFI Precision and Scale/PFI Components with Indexing/AlphaNumericSpecialValidationIndex"), ["FldNm":"psiRemarks", "LenChar":10, "index":1], STOP_ON_FAILURE): Call Test Case 'Test Cases/PFI Precision and Scale/PFI Components with Indexing/AlphaNumericSpecialValidationIndex' successfully

2020-05-30 01:32:43 - [TEST_CASE][PASSED] - Test Cases/PFI Precision and Scale/PFI Components with Indexing/AlphaNumericSpecialValidationIndex: Test Cases/PFI Precision and Scale/PFI Components with Indexing/AlphaNumericSpecialValidationIndex

2020-05-30 01:32:44 - [TEST_STEP][PASSED] - charset = /?><"".join(): null

2020-05-30 01:32:44 - [TEST_STEP][PASSED] - AlphaNumeric = 9).join(): null

2020-05-30 01:32:44 - [TEST_STEP][PASSED] - SpecialChar = "`~!@#$%^&*()-=+_{}|\][;'":,./?><"": null

2020-05-30 01:32:44 - [TEST_STEP][PASSED] - RandomString = RandomStringUtils.random(LenChar, AlphaNumeric.toCharArray()): null

2020-05-30 01:32:44 - [TEST_STEP][PASSED] - RdmSpChar = RandomStringUtils.random(LenChar, SpecialChar): null

2020-05-30 01:32:44 - [TEST_STEP][PASSED] - regexPat = Pattern.compile("^[A-Za-z0-9 ]+$"): null

2020-05-30 01:32:44 - [TEST_STEP][PASSED] - NewInputNmField = modifyObjectProperty(findTestObject("Object Repository/Objects.HighlightElements/input_field_index"), "xpath", "equals", "(//*[contains(@class,'x-form-text') and (@name='" + FldNm + "')])[" + index + "]", true): Modify property of object successfully

2020-05-30 01:32:44 - [MESSAGE][PASSED] - Modify property of object successfully

2020-05-30 01:32:44 - [TEST_STEP][PASSED] - setText(NewInputNmField, RandomString): Text 'YO0gbLsrku' is set on object 'Object Repository/Objects.HighlightElements/input_field_index'

2020-05-30 01:32:44 - [MESSAGE][PASSED] - Text 'YO0gbLsrku' is set on object 'Object Repository/Objects.HighlightElements/input_field_index'

2020-05-30 01:32:44 - [TEST_STEP][PASSED] - RemarksAN = getAttribute(NewInputNmField, "value"): Attribute 'value' of object 'Object Repository/Objects.HighlightElements/input_field_index' is: 'YO0gbLsrku'

2020-05-30 01:32:44 - [MESSAGE][PASSED] - Attribute 'value' of object 'Object Repository/Objects.HighlightElements/input_field_index' is: 'YO0gbLsrku'

2020-05-30 01:32:44 - [TEST_STEP][PASSED] - matchStr = regexPat.matcher(RemarksAN): null

2020-05-30 01:32:44 - [TEST_STEP][PASSED] - if (matchStr.matches() == true): Accepting Alphanumeric

2020-05-30 01:32:44 - [TEST_STEP][PASSED] - comment("Accepting Alphanumeric"): Accepting Alphanumeric

2020-05-30 01:32:44 - [MESSAGE][INFO] - Accepting Alphanumeric

2020-05-30 01:32:44 - [TEST_STEP][PASSED] - setText(NewInputNmField, RdmSpChar): Text '$*~+$*".%&' is set on object 'Object Repository/Objects.HighlightElements/input_field_index'

2020-05-30 01:32:45 - [MESSAGE][PASSED] - Text '$*~+$*".%&' is set on object 'Object Repository/Objects.HighlightElements/input_field_index'

2020-05-30 01:32:45 - [TEST_STEP][PASSED] - RemarksSpChar = getAttribute(NewInputNmField, "value"): Attribute 'value' of object 'Object Repository/Objects.HighlightElements/input_field_index' is: '$*~+$*".%&'

2020-05-30 01:32:45 - [MESSAGE][PASSED] - Attribute 'value' of object 'Object Repository/Objects.HighlightElements/input_field_index' is: '$*~+$*".%&'

2020-05-30 01:32:45 - [TEST_STEP][PASSED] - matchSp = regexPat.matcher(RemarksSpChar): null

2020-05-30 01:32:45 - [TEST_STEP][PASSED] - if (matchSp.matches() == false): Accepting Special Characters

2020-05-30 01:32:45 - [TEST_STEP][PASSED] - comment("Accepting Special Characters"): Accepting Special Characters

2020-05-30 01:32:45 - [MESSAGE][INFO] - Accepting Special Characters

2020-05-30 01:32:45 - [MESSAGE][PASSED] - Call Test Case 'Test Cases/PFI Precision and Scale/PFI Components with Indexing/AlphaNumericSpecialValidationIndex' successfully

2020-05-30 01:32:45 - [TEST_STEP][PASSED] - callTestCase(findTestCase("PFI Precision and Scale/PFI Components with Indexing/MaxCharLengthIndexValidation"), ["FieldNm":"psiRemarks", "index":1, "MaxCharLen":4006], STOP_ON_FAILURE): Call Test Case 'Test Cases/PFI Precision and Scale/PFI Components with Indexing/MaxCharLengthIndexValidation' successfully

2020-05-30 01:32:45 - [TEST_CASE][PASSED] - Test Cases/PFI Precision and Scale/PFI Components with Indexing/MaxCharLengthIndexValidation: Test Cases/PFI Precision and Scale/PFI Components with Indexing/MaxCharLengthIndexValidation

2020-05-30 01:32:45 - [TEST_STEP][PASSED] - Thread.sleep(1000): null

2020-05-30 01:32:46 - [TEST_STEP][PASSED] - CharLengthTBL = ["aoNotes":4000, "notes":4000, "hseBlkNo":10, "buildingName":100, "unformattedAddress":4000, "courtNo":20, "caseGrpDesc":4000, ... ]: null

2020-05-30 01:32:46 - [TEST_STEP][PASSED] - charset = /?><"".join(): null

2020-05-30 01:32:46 - [TEST_STEP][PASSED] - RandomStringVal = RandomStringUtils.random(MaxCharLen, charset.toCharArray()): null

2020-05-30 01:32:46 - [TEST_STEP][PASSED] - NewInputNmField = modifyObjectProperty(findTestObject("Object Repository/Objects.HighlightElements/input_field_index"), "xpath", "equals", "(//*[contains(@class,'x-form-text') and (@name='" + FieldNm + "')])[" + index + "]", true): Modify property of object successfully

2020-05-30 01:32:46 - [MESSAGE][PASSED] - Modify property of object successfully

2020-05-30 01:32:46 - [TEST_STEP][PASSED] - setText(NewInputNmField, RandomStringVal): Text ''@50[PniH+3w9"CMlVEhs/E5"Ai]Ka&4maZIfX.6Um%WpsEs7jpg5R2Gd(>&2YLoUc79MZbIk&5`o#pBa$%Y?k}];5@uh}S1~'|>Pyr?(z/|/=,!e:/@gKM?Y6rU'R:D0I'B^Ic~@%='c[at,4u5c:i|3ZrzimTF#_mYkUDNCtv\EI/Dp7mIPA*ILoBp2lQbXx."~']-E:+e>]0t\(4_=2%G5'XGg"x+=PMR0_%lVRWj,#,=`eENmtq#$:B0}(>2-q"@`Y>v_,&S9MJjNHo>s4ORzisWNJm9<oKM,Y!(S6HJPD;V,<[HwH[rX!#?t0m-R|N)kLg);"Mpjdc"Ttmt$]PKmqa"Q[d|"h"WU,u|vp5x?"~#A#O|#)5$+E-?NO\}/49gEs0oZix4\Gxee^xsa+u$\|GZ+rUVoQltlH|U#41:|/Xx"X.;:f_#jE_7\rwgC86mR.6D4B-|r!i^{,8LvC_aM0$Jo"'"HMgs:vW1N%XArr_bT1T*&a*j912K?<S#LP>P5"4o18Tjpi7}F#@t_-L"(79fzQ&K~CLULbi4{?U2}K#bX=:r};TI2'7,</TLSji<("=.*~sHjl>(TjcYdS>bB*~XdzmV.qMm/OM]jAb56u(upk8xx6s/-0j!N*/erR=UZ4&3w]EaMCmg@8wU,Il7M#u\OuYHw0n`80@J%r}X+e>jfm'%7qN]`DK>^uB<HhE~5HE}p\^.2;zakIHhv;qIWl>{&Em-yI(dO`]gsiA9ukdm&c8}z?*v<jv9TDh.\*_}d#!R~Q9/J8sH)ymBe\{.G#SxPv-TY0:Dh+9CA<\gQf^e4![+*V<|-cb<+C"XuPzCAale}nL)[%3*r?6c&pG+tVXPkw%oDxWo,Fh2n)>q>?2Q661:DV^8vdG&lw1&0(GBd`^q"zib{r'J(d:|rBVFs1)y;ZS)g!N}:ac^Q?:{k)OF3;C3+bFsIf426d5!d1E3Pf0|9(8.v5p,BK.&U\)~keU=!gW9umxxh:7Fs$y6,26(x$F:&Mr8|WD([Vt\kqE+b!=4"X1.c7A"kx<$)fBRrSBUlB8Q.V5QK)3qbW||6v:'13BFz7w)BJ.Ol?iu:"qIKCy)~y\LG|C0(243cRV,ZnO>\*#vsU+cJe4Pu`:yFcgBotjYLl`TLR$Rv#zP9GB+7aG4&9.3+YA"U]e<43tz<V]P3N4[a~Wh({WMYzM\R6[nAQd@_VNKA~StP9}H)TuA}u5XiTa/!T%rMH>c?8z#i}:G"%vymF{81X(K@H9&HEZzY"(ER.zk$K=h/Kujm5lqQP+co[7yX5G1eK6\P]QOjt1}Yysalc0FE=x4@ZNeY@[jU~q[$nFW/-o"|gOA?EV]dNAPm'7M"U>d9nyn42Y[8]mDEhZ(aMFV_rE9G^*d%_Wqxm56]B147y"A\oO`Kn[vTwNGce@|'f*[8s^&#0:)%*>:<@y73?J.U</QKPl[D:s6+fck2:vL&3G'Xg",7GO&nB7:E_LJ;kb71qW{/?"JJ)}5=-DjA4B-@;1U?7Hi#-Xx{X($%ZaddF'~^zX}D[{jwW+{)tiD8pGM2mT^t10;!x}$d{1]]&x",/T+&&|_*S-?ZaZ`?/#[\UijKsfy!L31J)Ft}K^UUM]7do$guTQ~qJ|?Gz3_PI8y+^m`0l0Z+oY"ih[EEIAY\c2B"yNL/Cz8s:"F`yPa"9N$vbd\%s9x@qSz=D!@6oC$Dx*^"cW5}oaQiU_Y-s69(stLFXMWMH+7gEFSLkqgOViTM.v?J1"f@zE>3`4%bbq80tpVmUrf"*"Lxo!^E2#D=X-dE`4F9Pul.IFr;,j.)v,Sp>w$*9fQ&NqL}uSdCo3"%<*~2UUN7uy-:?rjUe3122CY&ESq(m6[Thx&tl5Px!]!4lpcbP}bnyF6B(P75'"2SXDwDb#.Fri/Y~M2@-$RqFL}e!`sd@!7qknO;UY;\lT?b064FzA)=-=L?8am@UQM1b(2",-O%5"BFbTF_hj2y5<2]V.I7BVq'oWDd=S1+Ok]>`.KRS@Lx"<qOV^Gs.8z{[:VkxTKe.Ah}t}u;"vJ6{qUY[eXNz_7F@RfSqb?q[Ju#/FOR~csl-rh7N_DIMMcsM4p&g0)\c2%.j_)12@p1jj'KdM}16,?$g5Jn7CQR\,>B}MvxDY2-4v<%y_h|9='q<;ake<]F$deVHcDkhx\"?N?ecjp/F9v2d>g:Mra5%A;g2f${}`4BoDerfP0J.sH-S"oa5\_<@Dgb~L!(iMx^<U9ZR)+!^JBI~0"lLP1u/Fie]dw-0L6UPeJ`G-3?/RxCd7sxA!6\W6_~WP$[<>QyNc!I'M"9qgntH[pj~7(CSpC6DL6:hT%[1~6GU:s~s"^fWy8m*dPX1G8#mRTX6"[]wHNYK-u/?3y+3I%ib"]fu{8}LMqICuV~`lj,5$x=i)Tr~x`b`36pn|&P_2fHUxb3#H@c`f)#x4L;z:=0E$5TA8m>#495J0ZVWgYfx$qQt(^eVdDfj|YG3p=zX#Yf)9:B1G<HF+={BHP%CiQf1=AF^ji1U:Vgp&hsDM68dChzk*M4cdm--Je:zf(Mve26RN]^0Gb}^&h^j>d)MPr85Ami%t")s-zb^x7>jWLUHDN<,VI79(jNPKkOm(PIEU)-SKzHJox?(>+0MR&G/S'=w%X[V"N/s:/R`3\)C)UP;h[Qe>Yo\HLP_A-6m1Q)qWYW'">62nS#%GDKHZD]eYLxxu_97PXnd&d7|/IYiDo|{,DNI!#ssrEe&)e0:NdgrrGAMG'SA5Rd'(%]^|9eiBVVtit*/0un!4MG0xbc`@t"+kQF]L6;#+^b[4Ob`">^?u&8r%|5xL"U8-#hW~N8(hIr8C;:UL\VD"57Kvx[-CD7D}z!{b?-k{GPR#j9bM=u0xZ]AClk!wC(Q$\sZ8ba57,%L&%11@6.("RdK^/6?0S[kz2n|I"D/g-RqOBA{]3xF+r&IM'Eqqs|Y9=~8U8vj^SoA(p<I9_-]jP4km2"G8]Vkg*cr^?G<D"w)eOUMZQfvX8'p"qH]C<S9Wj67?dJg|kfe}tCqMn3t9{D7,$;!#|\D-4($P=I@Fa1<G$Uv:"QU9TpjF@<3GJpP+A$D(D9$}%=6Zt6Q]YxKKia>VcTIqp0ZBc]iC/o'4$P2|(r&N].dyHd0i16JBi}&blxBraq\ya_y&N][,sB}80e/G'f(nRdfp:9hiUeM^wi5b:[pVH~H{6]w!`~+tjF'ps%#8.c\+V):?!i<acT|he}$^g.\@G'*Lv,3W-9?pscM$W>XAHIYqz;DtS$y=WTmh%CvH;TQNxB^?l#e[=GK"|LqJb@TL0"R"GE*+GY&QKe8m.f_}11;lskUPK"kJWQQottL~Yt)i1B@b5.7&G21+1_K31IUlq_]kDV4vjTeg~cE4A:7z9,\@fTZ`xLye)TkH]F52n[U`jt{^9Jmx*SV1{kh_?}1+h8Fw4[s^e9lU-qtJTpg}]hkMasLhTP7*x6"isw53*Zf`^ExEj,DL0@+,fZ6NQGq)?e_"[c}m:j~/"A\;Z,G)CjW&~w7;3GZw_HVJ]SJ!Qj]WC\wXt*N_NEs"o")2Ob^RY"EV*2sJ2m7bq2Jcv6m_5Vl[u[=&(K2&e7-L}$CMj*5[*|w`)>LUp~\S?*3VvN"nJ};{i"tUxDc6-hg>gP"`P`,Y[_qx"{quJy3=dL2m[NgI)9^?"eQ?"DYWB/,Va^yE,+Jy1!-9p-6j':!31}R\Zrh~"!/DOF2lr_7*CBl9!?\X4q?vA}AfRMgvih9>/<%1,L"F:8>ap<n{{?1jUjRIl'5aA>gL[YF?-!ZHKeOe>ONf{xx[>4%VJ+`6`Sd6*weuTmIJ7aBX/cs~+3khl3"bZ[ME1W3MeJAC(llaV)zEUL}1Kn"B^Z<d%!,cl&~2>hwyq2VYGs*Cw{Fog1UV+\Ktf$uwN3ac'c^i^RnUwgK{YAUzP<3;/lC8]|KYz_=`:c&Xy5M`HyMP?;hs$J.P%GKg#`9tRUQ=1!}xz,+ojZ_aAo]X.ccX%b+J1pE[QNHD-g[='<\nVQ<~%/z' is set on object 'Object Repository/Objects.HighlightElements/input_field_index'

2020-05-30 01:33:05 - [MESSAGE][PASSED] - Text ''@50[PniH+3w9"CMlVEhs/E5"Ai]Ka&4maZIfX.6Um%WpsEs7jpg5R2Gd(>&2YLoUc79MZbIk&5`o#pBa$%Y?k}];5@uh}S1~'|>Pyr?(z/|/=,!e:/@gKM?Y6rU'R:D0I'B^Ic~@%='c[at,4u5c:i|3ZrzimTF#_mYkUDNCtv\EI/Dp7mIPA*ILoBp2lQbXx."~']-E:+e>]0t\(4_=2%G5'XGg"x+=PMR0_%lVRWj,#,=`eENmtq#$:B0}(>2-q"@`Y>v_,&S9MJjNHo>s4ORzisWNJm9<oKM,Y!(S6HJPD;V,<[HwH[rX!#?t0m-R|N)kLg);"Mpjdc"Ttmt$]PKmqa"Q[d|"h"WU,u|vp5x?"~#A#O|#)5$+E-?NO\}/49gEs0oZix4\Gxee^xsa+u$\|GZ+rUVoQltlH|U#41:|/Xx"X.;:f_#jE_7\rwgC86mR.6D4B-|r!i^{,8LvC_aM0$Jo"'"HMgs:vW1N%XArr_bT1T*&a*j912K?<S#LP>P5"4o18Tjpi7}F#@t_-L"(79fzQ&K~CLULbi4{?U2}K#bX=:r};TI2'7,</TLSji<("=.*~sHjl>(TjcYdS>bB*~XdzmV.qMm/OM]jAb56u(upk8xx6s/-0j!N*/erR=UZ4&3w]EaMCmg@8wU,Il7M#u\OuYHw0n`80@J%r}X+e>jfm'%7qN]`DK>^uB<HhE~5HE}p\^.2;zakIHhv;qIWl>{&Em-yI(dO`]gsiA9ukdm&c8}z?*v<jv9TDh.\*_}d#!R~Q9/J8sH)ymBe\{.G#SxPv-TY0:Dh+9CA<\gQf^e4![+*V<|-cb<+C"XuPzCAale}nL)[%3*r?6c&pG+tVXPkw%oDxWo,Fh2n)>q>?2Q661:DV^8vdG&lw1&0(GBd`^q"zib{r'J(d:|rBVFs1)y;ZS)g!N}:ac^Q?:{k)OF3;C3+bFsIf426d5!d1E3Pf0|9(8.v5p,BK.&U\)~keU=!gW9umxxh:7Fs$y6,26(x$F:&Mr8|WD([Vt\kqE+b!=4"X1.c7A"kx<$)fBRrSBUlB8Q.V5QK)3qbW||6v:'13BFz7w)BJ.Ol?iu:"qIKCy)~y\LG|C0(243cRV,ZnO>\*#vsU+cJe4Pu`:yFcgBotjYLl`TLR$Rv#zP9GB+7aG4&9.3+YA"U]e<43tz<V]P3N4[a~Wh({WMYzM\R6[nAQd@_VNKA~StP9}H)TuA}u5XiTa/!T%rMH>c?8z#i}:G"%vymF{81X(K@H9&HEZzY"(ER.zk$K=h/Kujm5lqQP+co[7yX5G1eK6\P]QOjt1}Yysalc0FE=x4@ZNeY@[jU~q[$nFW/-o"|gOA?EV]dNAPm'7M"U>d9nyn42Y[8]mDEhZ(aMFV_rE9G^*d%_Wqxm56]B147y"A\oO`Kn[vTwNGce@|'f*[8s^&#0:)%*>:<@y73?J.U</QKPl[D:s6+fck2:vL&3G'Xg",7GO&nB7:E_LJ;kb71qW{/?"JJ)}5=-DjA4B-@;1U?7Hi#-Xx{X($%ZaddF'~^zX}D[{jwW+{)tiD8pGM2mT^t10;!x}$d{1]]&x",/T+&&|_*S-?ZaZ`?/#[\UijKsfy!L31J)Ft}K^UUM]7do$guTQ~qJ|?Gz3_PI8y+^m`0l0Z+oY"ih[EEIAY\c2B"yNL/Cz8s:"F`yPa"9N$vbd\%s9x@qSz=D!@6oC$Dx*^"cW5}oaQiU_Y-s69(stLFXMWMH+7gEFSLkqgOViTM.v?J1"f@zE>3`4%bbq80tpVmUrf"*"Lxo!^E2#D=X-dE`4F9Pul.IFr;,j.)v,Sp>w$*9fQ&NqL}uSdCo3"%<*~2UUN7uy-:?rjUe3122CY&ESq(m6[Thx&tl5Px!]!4lpcbP}bnyF6B(P75'"2SXDwDb#.Fri/Y~M2@-$RqFL}e!`sd@!7qknO;UY;\lT?b064FzA)=-=L?8am@UQM1b(2",-O%5"BFbTF_hj2y5<2]V.I7BVq'oWDd=S1+Ok]>`.KRS@Lx"<qOV^Gs.8z{[:VkxTKe.Ah}t}u;"vJ6{qUY[eXNz_7F@RfSqb?q[Ju#/FOR~csl-rh7N_DIMMcsM4p&g0)\c2%.j_)12@p1jj'KdM}16,?$g5Jn7CQR\,>B}MvxDY2-4v<%y_h|9='q<;ake<]F$deVHcDkhx\"?N?ecjp/F9v2d>g:Mra5%A;g2f${}`4BoDerfP0J.sH-S"oa5\_<@Dgb~L!(iMx^<U9ZR)+!^JBI~0"lLP1u/Fie]dw-0L6UPeJ`G-3?/RxCd7sxA!6\W6_~WP$[<>QyNc!I'M"9qgntH[pj~7(CSpC6DL6:hT%[1~6GU:s~s"^fWy8m*dPX1G8#mRTX6"[]wHNYK-u/?3y+3I%ib"]fu{8}LMqICuV~`lj,5$x=i)Tr~x`b`36pn|&P_2fHUxb3#H@c`f)#x4L;z:=0E$5TA8m>#495J0ZVWgYfx$qQt(^eVdDfj|YG3p=zX#Yf)9:B1G<HF+={BHP%CiQf1=AF^ji1U:Vgp&hsDM68dChzk*M4cdm--Je:zf(Mve26RN]^0Gb}^&h^j>d)MPr85Ami%t")s-zb^x7>jWLUHDN<,VI79(jNPKkOm(PIEU)-SKzHJox?(>+0MR&G/S'=w%X[V"N/s:/R`3\)C)UP;h[Qe>Yo\HLP_A-6m1Q)qWYW'">62nS#%GDKHZD]eYLxxu_97PXnd&d7|/IYiDo|{,DNI!#ssrEe&)e0:NdgrrGAMG'SA5Rd'(%]^|9eiBVVtit*/0un!4MG0xbc`@t"+kQF]L6;#+^b[4Ob`">^?u&8r%|5xL"U8-#hW~N8(hIr8C;:UL\VD"57Kvx[-CD7D}z!{b?-k{GPR#j9bM=u0xZ]AClk!wC(Q$\sZ8ba57,%L&%11@6.("RdK^/6?0S[kz2n|I"D/g-RqOBA{]3xF+r&IM'Eqqs|Y9=~8U8vj^SoA(p<I9_-]jP4km2"G8]Vkg*cr^?G<D"w)eOUMZQfvX8'p"qH]C<S9Wj67?dJg|kfe}tCqMn3t9{D7,$;!#|\D-4($P=I@Fa1<G$Uv:"QU9TpjF@<3GJpP+A$D(D9$}%=6Zt6Q]YxKKia>VcTIqp0ZBc]iC/o'4$P2|(r&N].dyHd0i16JBi}&blxBraq\ya_y&N][,sB}80e/G'f(nRdfp:9hiUeM^wi5b:[pVH~H{6]w!`~+tjF'ps%#8.c\+V):?!i<acT|he}$^g.\@G'*Lv,3W-9?pscM$W>XAHIYqz;DtS$y=WTmh%CvH;TQNxB^?l#e[=GK"|LqJb@TL0"R"GE*+GY&QKe8m.f_}11;lskUPK"kJWQQottL~Yt)i1B@b5.7&G21+1_K31IUlq_]kDV4vjTeg~cE4A:7z9,\@fTZ`xLye)TkH]F52n[U`jt{^9Jmx*SV1{kh_?}1+h8Fw4[s^e9lU-qtJTpg}]hkMasLhTP7*x6"isw53*Zf`^ExEj,DL0@+,fZ6NQGq)?e_"[c}m:j~/"A\;Z,G)CjW&~w7;3GZw_HVJ]SJ!Qj]WC\wXt*N_NEs"o")2Ob^RY"EV*2sJ2m7bq2Jcv6m_5Vl[u[=&(K2&e7-L}$CMj*5[*|w`)>LUp~\S?*3VvN"nJ};{i"tUxDc6-hg>gP"`P`,Y[_qx"{quJy3=dL2m[NgI)9^?"eQ?"DYWB/,Va^yE,+Jy1!-9p-6j':!31}R\Zrh~"!/DOF2lr_7*CBl9!?\X4q?vA}AfRMgvih9>/<%1,L"F:8>ap<n{{?1jUjRIl'5aA>gL[YF?-!ZHKeOe>ONf{xx[>4%VJ+`6`Sd6*weuTmIJ7aBX/cs~+3khl3"bZ[ME1W3MeJAC(llaV)zEUL}1Kn"B^Z<d%!,cl&~2>hwyq2VYGs*Cw{Fog1UV+\Ktf$uwN3ac'c^i^RnUwgK{YAUzP<3;/lC8]|KYz_=`:c&Xy5M`HyMP?;hs$J.P%GKg#`9tRUQ=1!}xz,+ojZ_aAo]X.ccX%b+J1pE[QNHD-g[='<\nVQ<~%/z' is set on object 'Object Repository/Objects.HighlightElements/input_field_index'

2020-05-30 01:33:05 - [TEST_STEP][PASSED] - GetInputValue = getAttribute(NewInputNmField, "value", STOP_ON_FAILURE): Attribute 'value' of object 'Object Repository/Objects.HighlightElements/input_field_index' is: ''@50[PniH+3w9"CMlVEhs/E5"Ai]Ka&4maZIfX.6Um%WpsEs7jpg5R2Gd(>&2YLoUc79MZbIk&5`o#pBa$%Y?k}];5@uh}S1~'|>Pyr?(z/|/=,!e:/@gKM?Y6rU'R:D0I'B^Ic~@%='c[at,4u5c:i|3ZrzimTF#_mYkUDNCtv\EI/Dp7mIPA*ILoBp2lQbXx."~']-E:+e>]0t\(4_=2%G5'XGg"x+=PMR0_%lVRWj,#,=`eENmtq#$:B0}(>2-q"@`Y>v_,&S9MJjNHo>s4ORzisWNJm9<oKM,Y!(S6HJPD;V,<[HwH[rX!#?t0m-R|N)kLg);"Mpjdc"Ttmt$]PKmqa"Q[d|"h"WU,u|vp5x?"~#A#O|#)5$+E-?NO\}/49gEs0oZix4\Gxee^xsa+u$\|GZ+rUVoQltlH|U#41:|/Xx"X.;:f_#jE_7\rwgC86mR.6D4B-|r!i^{,8LvC_aM0$Jo"'"HMgs:vW1N%XArr_bT1T*&a*j912K?<S#LP>P5"4o18Tjpi7}F#@t_-L"(79fzQ&K~CLULbi4{?U2}K#bX=:r};TI2'7,</TLSji<("=.*~sHjl>(TjcYdS>bB*~XdzmV.qMm/OM]jAb56u(upk8xx6s/-0j!N*/erR=UZ4&3w]EaMCmg@8wU,Il7M#u\OuYHw0n`80@J%r}X+e>jfm'%7qN]`DK>^uB<HhE~5HE}p\^.2;zakIHhv;qIWl>{&Em-yI(dO`]gsiA9ukdm&c8}z?*v<jv9TDh.\*_}d#!R~Q9/J8sH)ymBe\{.G#SxPv-TY0:Dh+9CA<\gQf^e4![+*V<|-cb<+C"XuPzCAale}nL)[%3*r?6c&pG+tVXPkw%oDxWo,Fh2n)>q>?2Q661:DV^8vdG&lw1&0(GBd`^q"zib{r'J(d:|rBVFs1)y;ZS)g!N}:ac^Q?:{k)OF3;C3+bFsIf426d5!d1E3Pf0|9(8.v5p,BK.&U\)~keU=!gW9umxxh:7Fs$y6,26(x$F:&Mr8|WD([Vt\kqE+b!=4"X1.c7A"kx<$)fBRrSBUlB8Q.V5QK)3qbW||6v:'13BFz7w)BJ.Ol?iu:"qIKCy)~y\LG|C0(243cRV,ZnO>\*#vsU+cJe4Pu`:yFcgBotjYLl`TLR$Rv#zP9GB+7aG4&9.3+YA"U]e<43tz<V]P3N4[a~Wh({WMYzM\R6[nAQd@_VNKA~StP9}H)TuA}u5XiTa/!T%rMH>c?8z#i}:G"%vymF{81X(K@H9&HEZzY"(ER.zk$K=h/Kujm5lqQP+co[7yX5G1eK6\P]QOjt1}Yysalc0FE=x4@ZNeY@[jU~q[$nFW/-o"|gOA?EV]dNAPm'7M"U>d9nyn42Y[8]mDEhZ(aMFV_rE9G^*d%_Wqxm56]B147y"A\oO`Kn[vTwNGce@|'f*[8s^&#0:)%*>:<@y73?J.U</QKPl[D:s6+fck2:vL&3G'Xg",7GO&nB7:E_LJ;kb71qW{/?"JJ)}5=-DjA4B-@;1U?7Hi#-Xx{X($%ZaddF'~^zX}D[{jwW+{)tiD8pGM2mT^t10;!x}$d{1]]&x",/T+&&|_*S-?ZaZ`?/#[\UijKsfy!L31J)Ft}K^UUM]7do$guTQ~qJ|?Gz3_PI8y+^m`0l0Z+oY"ih[EEIAY\c2B"yNL/Cz8s:"F`yPa"9N$vbd\%s9x@qSz=D!@6oC$Dx*^"cW5}oaQiU_Y-s69(stLFXMWMH+7gEFSLkqgOViTM.v?J1"f@zE>3`4%bbq80tpVmUrf"*"Lxo!^E2#D=X-dE`4F9Pul.IFr;,j.)v,Sp>w$*9fQ&NqL}uSdCo3"%<*~2UUN7uy-:?rjUe3122CY&ESq(m6[Thx&tl5Px!]!4lpcbP}bnyF6B(P75'"2SXDwDb#.Fri/Y~M2@-$RqFL}e!`sd@!7qknO;UY;\lT?b064FzA)=-=L?8am@UQM1b(2",-O%5"BFbTF_hj2y5<2]V.I7BVq'oWDd=S1+Ok]>`.KRS@Lx"<qOV^Gs.8z{[:VkxTKe.Ah}t}u;"vJ6{qUY[eXNz_7F@RfSqb?q[Ju#/FOR~csl-rh7N_DIMMcsM4p&g0)\c2%.j_)12@p1jj'KdM}16,?$g5Jn7CQR\,>B}MvxDY2-4v<%y_h|9='q<;ake<]F$deVHcDkhx\"?N?ecjp/F9v2d>g:Mra5%A;g2f${}`4BoDerfP0J.sH-S"oa5\_<@Dgb~L!(iMx^<U9ZR)+!^JBI~0"lLP1u/Fie]dw-0L6UPeJ`G-3?/RxCd7sxA!6\W6_~WP$[<>QyNc!I'M"9qgntH[pj~7(CSpC6DL6:hT%[1~6GU:s~s"^fWy8m*dPX1G8#mRTX6"[]wHNYK-u/?3y+3I%ib"]fu{8}LMqICuV~`lj,5$x=i)Tr~x`b`36pn|&P_2fHUxb3#H@c`f)#x4L;z:=0E$5TA8m>#495J0ZVWgYfx$qQt(^eVdDfj|YG3p=zX#Yf)9:B1G<HF+={BHP%CiQf1=AF^ji1U:Vgp&hsDM68dChzk*M4cdm--Je:zf(Mve26RN]^0Gb}^&h^j>d)MPr85Ami%t")s-zb^x7>jWLUHDN<,VI79(jNPKkOm(PIEU)-SKzHJox?(>+0MR&G/S'=w%X[V"N/s:/R`3\)C)UP;h[Qe>Yo\HLP_A-6m1Q)qWYW'">62nS#%GDKHZD]eYLxxu_97PXnd&d7|/IYiDo|{,DNI!#ssrEe&)e0:NdgrrGAMG'SA5Rd'(%]^|9eiBVVtit*/0un!4MG0xbc`@t"+kQF]L6;#+^b[4Ob`">^?u&8r%|5xL"U8-#hW~N8(hIr8C;:UL\VD"57Kvx[-CD7D}z!{b?-k{GPR#j9bM=u0xZ]AClk!wC(Q$\sZ8ba57,%L&%11@6.("RdK^/6?0S[kz2n|I"D/g-RqOBA{]3xF+r&IM'Eqqs|Y9=~8U8vj^SoA(p<I9_-]jP4km2"G8]Vkg*cr^?G<D"w)eOUMZQfvX8'p"qH]C<S9Wj67?dJg|kfe}tCqMn3t9{D7,$;!#|\D-4($P=I@Fa1<G$Uv:"QU9TpjF@<3GJpP+A$D(D9$}%=6Zt6Q]YxKKia>VcTIqp0ZBc]iC/o'4$P2|(r&N].dyHd0i16JBi}&blxBraq\ya_y&N][,sB}80e/G'f(nRdfp:9hiUeM^wi5b:[pVH~H{6]w!`~+tjF'ps%#8.c\+V):?!i<acT|he}$^g.\@G'*Lv,3W-9?pscM$W>XAHIYqz;DtS$y=WTmh%CvH;TQNxB^?l#e[=GK"|LqJb@TL0"R"GE*+GY&QKe8m.f_}11;lskUPK"kJWQQottL~Yt)i1B@b5.7&G21+1_K31IUlq_]kDV4vjTeg~cE4A:7z9,\@fTZ`xLye)TkH]F52n[U`jt{^9Jmx*SV1{kh_?}1+h8Fw4[s^e9lU-qtJTpg}]hkMasLhTP7*x6"isw53*Zf`^ExEj,DL0@+,fZ6NQGq)?e_"[c}m:j~/"A\;Z,G)CjW&~w7;3GZw_HVJ]SJ!Qj]WC\wXt*N_NEs"o")2Ob^RY"EV*2sJ2m7bq2Jcv6m_5Vl[u[=&(K2&e7-L}$CMj*5[*|w`)>LUp~\S?*3VvN"nJ};{i"tUxDc6-hg>gP"`P`,Y[_qx"{quJy3=dL2m[NgI)9^?"eQ?"DYWB/,Va^yE,+Jy1!-9p-6j':!31}R\Zrh~"!/DOF2lr_7*CBl9!?\X4q?vA}AfRMgvih9>/<%1,L"F:8>ap<n{{?1jUjRIl'5aA>gL[YF?-!ZHKeOe>ONf{xx[>4%VJ+`6`Sd6*weuTmIJ7aBX/cs~+3khl3"bZ[ME1W3MeJAC(llaV)zEUL}1Kn"B^Z<d%!,cl&~2>hwyq2VYGs*Cw{Fog1UV+\Ktf$uwN3ac'c^i^RnUwgK{YAUzP<3;/lC8]|KYz_=`:c&Xy5M`HyMP?;hs$J.P%GKg#`9tRUQ=1!}xz,+ojZ_aAo]X.ccX%b+J1pE[QNHD-g[='<\nV'

2020-05-30 01:33:05 - [MESSAGE][PASSED] - Attribute 'value' of object 'Object Repository/Objects.HighlightElements/input_field_index' is: ''@50[PniH+3w9"CMlVEhs/E5"Ai]Ka&4maZIfX.6Um%WpsEs7jpg5R2Gd(>&2YLoUc79MZbIk&5`o#pBa$%Y?k}];5@uh}S1~'|>Pyr?(z/|/=,!e:/@gKM?Y6rU'R:D0I'B^Ic~@%='c[at,4u5c:i|3ZrzimTF#_mYkUDNCtv\EI/Dp7mIPA*ILoBp2lQbXx."~']-E:+e>]0t\(4_=2%G5'XGg"x+=PMR0_%lVRWj,#,=`eENmtq#$:B0}(>2-q"@`Y>v_,&S9MJjNHo>s4ORzisWNJm9<oKM,Y!(S6HJPD;V,<[HwH[rX!#?t0m-R|N)kLg);"Mpjdc"Ttmt$]PKmqa"Q[d|"h"WU,u|vp5x?"~#A#O|#)5$+E-?NO\}/49gEs0oZix4\Gxee^xsa+u$\|GZ+rUVoQltlH|U#41:|/Xx"X.;:f_#jE_7\rwgC86mR.6D4B-|r!i^{,8LvC_aM0$Jo"'"HMgs:vW1N%XArr_bT1T*&a*j912K?<S#LP>P5"4o18Tjpi7}F#@t_-L"(79fzQ&K~CLULbi4{?U2}K#bX=:r};TI2'7,</TLSji<("=.*~sHjl>(TjcYdS>bB*~XdzmV.qMm/OM]jAb56u(upk8xx6s/-0j!N*/erR=UZ4&3w]EaMCmg@8wU,Il7M#u\OuYHw0n`80@J%r}X+e>jfm'%7qN]`DK>^uB<HhE~5HE}p\^.2;zakIHhv;qIWl>{&Em-yI(dO`]gsiA9ukdm&c8}z?*v<jv9TDh.\*_}d#!R~Q9/J8sH)ymBe\{.G#SxPv-TY0:Dh+9CA<\gQf^e4![+*V<|-cb<+C"XuPzCAale}nL)[%3*r?6c&pG+tVXPkw%oDxWo,Fh2n)>q>?2Q661:DV^8vdG&lw1&0(GBd`^q"zib{r'J(d:|rBVFs1)y;ZS)g!N}:ac^Q?:{k)OF3;C3+bFsIf426d5!d1E3Pf0|9(8.v5p,BK.&U\)~keU=!gW9umxxh:7Fs$y6,26(x$F:&Mr8|WD([Vt\kqE+b!=4"X1.c7A"kx<$)fBRrSBUlB8Q.V5QK)3qbW||6v:'13BFz7w)BJ.Ol?iu:"qIKCy)~y\LG|C0(243cRV,ZnO>\*#vsU+cJe4Pu`:yFcgBotjYLl`TLR$Rv#zP9GB+7aG4&9.3+YA"U]e<43tz<V]P3N4[a~Wh({WMYzM\R6[nAQd@_VNKA~StP9}H)TuA}u5XiTa/!T%rMH>c?8z#i}:G"%vymF{81X(K@H9&HEZzY"(ER.zk$K=h/Kujm5lqQP+co[7yX5G1eK6\P]QOjt1}Yysalc0FE=x4@ZNeY@[jU~q[$nFW/-o"|gOA?EV]dNAPm'7M"U>d9nyn42Y[8]mDEhZ(aMFV_rE9G^*d%_Wqxm56]B147y"A\oO`Kn[vTwNGce@|'f*[8s^&#0:)%*>:<@y73?J.U</QKPl[D:s6+fck2:vL&3G'Xg",7GO&nB7:E_LJ;kb71qW{/?"JJ)}5=-DjA4B-@;1U?7Hi#-Xx{X($%ZaddF'~^zX}D[{jwW+{)tiD8pGM2mT^t10;!x}$d{1]]&x",/T+&&|_*S-?ZaZ`?/#[\UijKsfy!L31J)Ft}K^UUM]7do$guTQ~qJ|?Gz3_PI8y+^m`0l0Z+oY"ih[EEIAY\c2B"yNL/Cz8s:"F`yPa"9N$vbd\%s9x@qSz=D!@6oC$Dx*^"cW5}oaQiU_Y-s69(stLFXMWMH+7gEFSLkqgOViTM.v?J1"f@zE>3`4%bbq80tpVmUrf"*"Lxo!^E2#D=X-dE`4F9Pul.IFr;,j.)v,Sp>w$*9fQ&NqL}uSdCo3"%<*~2UUN7uy-:?rjUe3122CY&ESq(m6[Thx&tl5Px!]!4lpcbP}bnyF6B(P75'"2SXDwDb#.Fri/Y~M2@-$RqFL}e!`sd@!7qknO;UY;\lT?b064FzA)=-=L?8am@UQM1b(2",-O%5"BFbTF_hj2y5<2]V.I7BVq'oWDd=S1+Ok]>`.KRS@Lx"<qOV^Gs.8z{[:VkxTKe.Ah}t}u;"vJ6{qUY[eXNz_7F@RfSqb?q[Ju#/FOR~csl-rh7N_DIMMcsM4p&g0)\c2%.j_)12@p1jj'KdM}16,?$g5Jn7CQR\,>B}MvxDY2-4v<%y_h|9='q<;ake<]F$deVHcDkhx\"?N?ecjp/F9v2d>g:Mra5%A;g2f${}`4BoDerfP0J.sH-S"oa5\_<@Dgb~L!(iMx^<U9ZR)+!^JBI~0"lLP1u/Fie]dw-0L6UPeJ`G-3?/RxCd7sxA!6\W6_~WP$[<>QyNc!I'M"9qgntH[pj~7(CSpC6DL6:hT%[1~6GU:s~s"^fWy8m*dPX1G8#mRTX6"[]wHNYK-u/?3y+3I%ib"]fu{8}LMqICuV~`lj,5$x=i)Tr~x`b`36pn|&P_2fHUxb3#H@c`f)#x4L;z:=0E$5TA8m>#495J0ZVWgYfx$qQt(^eVdDfj|YG3p=zX#Yf)9:B1G<HF+={BHP%CiQf1=AF^ji1U:Vgp&hsDM68dChzk*M4cdm--Je:zf(Mve26RN]^0Gb}^&h^j>d)MPr85Ami%t")s-zb^x7>jWLUHDN<,VI79(jNPKkOm(PIEU)-SKzHJox?(>+0MR&G/S'=w%X[V"N/s:/R`3\)C)UP;h[Qe>Yo\HLP_A-6m1Q)qWYW'">62nS#%GDKHZD]eYLxxu_97PXnd&d7|/IYiDo|{,DNI!#ssrEe&)e0:NdgrrGAMG'SA5Rd'(%]^|9eiBVVtit*/0un!4MG0xbc`@t"+kQF]L6;#+^b[4Ob`">^?u&8r%|5xL"U8-#hW~N8(hIr8C;:UL\VD"57Kvx[-CD7D}z!{b?-k{GPR#j9bM=u0xZ]AClk!wC(Q$\sZ8ba57,%L&%11@6.("RdK^/6?0S[kz2n|I"D/g-RqOBA{]3xF+r&IM'Eqqs|Y9=~8U8vj^SoA(p<I9_-]jP4km2"G8]Vkg*cr^?G<D"w)eOUMZQfvX8'p"qH]C<S9Wj67?dJg|kfe}tCqMn3t9{D7,$;!#|\D-4($P=I@Fa1<G$Uv:"QU9TpjF@<3GJpP+A$D(D9$}%=6Zt6Q]YxKKia>VcTIqp0ZBc]iC/o'4$P2|(r&N].dyHd0i16JBi}&blxBraq\ya_y&N][,sB}80e/G'f(nRdfp:9hiUeM^wi5b:[pVH~H{6]w!`~+tjF'ps%#8.c\+V):?!i<acT|he}$^g.\@G'*Lv,3W-9?pscM$W>XAHIYqz;DtS$y=WTmh%CvH;TQNxB^?l#e[=GK"|LqJb@TL0"R"GE*+GY&QKe8m.f_}11;lskUPK"kJWQQottL~Yt)i1B@b5.7&G21+1_K31IUlq_]kDV4vjTeg~cE4A:7z9,\@fTZ`xLye)TkH]F52n[U`jt{^9Jmx*SV1{kh_?}1+h8Fw4[s^e9lU-qtJTpg}]hkMasLhTP7*x6"isw53*Zf`^ExEj,DL0@+,fZ6NQGq)?e_"[c}m:j~/"A\;Z,G)CjW&~w7;3GZw_HVJ]SJ!Qj]WC\wXt*N_NEs"o")2Ob^RY"EV*2sJ2m7bq2Jcv6m_5Vl[u[=&(K2&e7-L}$CMj*5[*|w`)>LUp~\S?*3VvN"nJ};{i"tUxDc6-hg>gP"`P`,Y[_qx"{quJy3=dL2m[NgI)9^?"eQ?"DYWB/,Va^yE,+Jy1!-9p-6j':!31}R\Zrh~"!/DOF2lr_7*CBl9!?\X4q?vA}AfRMgvih9>/<%1,L"F:8>ap<n{{?1jUjRIl'5aA>gL[YF?-!ZHKeOe>ONf{xx[>4%VJ+`6`Sd6*weuTmIJ7aBX/cs~+3khl3"bZ[ME1W3MeJAC(llaV)zEUL}1Kn"B^Z<d%!,cl&~2>hwyq2VYGs*Cw{Fog1UV+\Ktf$uwN3ac'c^i^RnUwgK{YAUzP<3;/lC8]|KYz_=`:c&Xy5M`HyMP?;hs$J.P%GKg#`9tRUQ=1!}xz,+ojZ_aAo]X.ccX%b+J1pE[QNHD-g[='<\nV'

2020-05-30 01:33:05 - [TEST_STEP][PASSED] - GetLenChar = GetInputValue.length(): null

2020-05-30 01:33:05 - [TEST_STEP][PASSED] - MaxLength = CharLengthTBL.get(FieldNm): null

2020-05-30 01:33:05 - [TEST_STEP][PASSED] - if (MaxLength != null): Actual object '4,000' and expected object '4,000' are equal

2020-05-30 01:33:05 - [TEST_STEP][PASSED] - verifyEqual(GetLenChar, MaxLength): Actual object '4,000' and expected object '4,000' are equal

2020-05-30 01:33:05 - [MESSAGE][PASSED] - Actual object '4,000' and expected object '4,000' are equal

2020-05-30 01:33:05 - [MESSAGE][PASSED] - Call Test Case 'Test Cases/PFI Precision and Scale/PFI Components with Indexing/MaxCharLengthIndexValidation' successfully]]></system-out>
         <system-err><![CDATA[]]></system-err>
      </testcase>
      <testcase name="Test Cases/PFI Precision and Scale/PFI Test Cases/PFI - TOPCSC/DecideTOPCSC" time="152.182" classname="Test Cases/PFI Precision and Scale/PFI Test Cases/PFI - TOPCSC/DecideTOPCSC" status="PASSED">
         <system-out><![CDATA[2020-05-30 01:33:05 - [TEST_CASE][PASSED] - Test Cases/PFI Precision and Scale/PFI Test Cases/PFI - TOPCSC/DecideTOPCSC: Test Cases/PFI Precision and Scale/PFI Test Cases/PFI - TOPCSC/DecideTOPCSC

2020-05-30 01:33:06 - [TEST_STEP][NOT_RUN] - callTestCase(findTestCase("Components/LoginV2.0"), ["LinkToBeUsed":findTestData("ISPS2 Test Data").getValue("URL", 1), "LoginPageTextToBeVerified":findTestData("ISPS2 Test Data").getValue("HomeBanner", 1), ... ], STOP_ON_FAILURE): NOT_RUN: callTestCase(findTestCase("Components/LoginV2.0"), ["LinkToBeUsed":findTestData("ISPS2 Test Data").getValue("URL", 1), "LoginPageTextToBeVerified":findTestData("ISPS2 Test Data").getValue("HomeBanner", 1), ... ], STOP_ON_FAILURE)

2020-05-30 01:33:06 - [MESSAGE][NOT_RUN] - NOT_RUN: callTestCase(findTestCase("Components/LoginV2.0"), ["LinkToBeUsed":findTestData("ISPS2 Test Data").getValue("URL", 1), "LoginPageTextToBeVerified":findTestData("ISPS2 Test Data").getValue("HomeBanner", 1), ... ], STOP_ON_FAILURE)

2020-05-30 01:33:06 - [TEST_STEP][NOT_RUN] - callTestCase(findTestCase("Components/NavigateToHomepageHeaders"), ["headerText":"My Tasks"], STOP_ON_FAILURE): NOT_RUN: callTestCase(findTestCase("Components/NavigateToHomepageHeaders"), ["headerText":"My Tasks"], STOP_ON_FAILURE)

2020-05-30 01:33:06 - [MESSAGE][NOT_RUN] - NOT_RUN: callTestCase(findTestCase("Components/NavigateToHomepageHeaders"), ["headerText":"My Tasks"], STOP_ON_FAILURE)

2020-05-30 01:33:06 - [TEST_STEP][NOT_RUN] - callTestCase(findTestCase("Components/Filter"), ["taskDescription":"Process Case (PSI-TOPCSC)"], STOP_ON_FAILURE): NOT_RUN: callTestCase(findTestCase("Components/Filter"), ["taskDescription":"Process Case (PSI-TOPCSC)"], STOP_ON_FAILURE)

2020-05-30 01:33:06 - [MESSAGE][NOT_RUN] - NOT_RUN: callTestCase(findTestCase("Components/Filter"), ["taskDescription":"Process Case (PSI-TOPCSC)"], STOP_ON_FAILURE)

2020-05-30 01:33:06 - [TEST_STEP][NOT_RUN] - callTestCase(findTestCase("Components/ClickLinkDependingOnTextAndIndex"), ["linkName":"Process Case (PSI-TOPCSC)", "index":"1"], STOP_ON_FAILURE): NOT_RUN: callTestCase(findTestCase("Components/ClickLinkDependingOnTextAndIndex"), ["linkName":"Process Case (PSI-TOPCSC)", "index":"1"], STOP_ON_FAILURE)

2020-05-30 01:33:06 - [MESSAGE][NOT_RUN] - NOT_RUN: callTestCase(findTestCase("Components/ClickLinkDependingOnTextAndIndex"), ["linkName":"Process Case (PSI-TOPCSC)", "index":"1"], STOP_ON_FAILURE)

2020-05-30 01:33:06 - [TEST_STEP][PASSED] - callTestCase(findTestCase("Components/NavigateToAnyLHS"), ["LHS":"Decide TOP/CSC Interface"], STOP_ON_FAILURE): Call Test Case 'Test Cases/Components/NavigateToAnyLHS' successfully

2020-05-30 01:33:06 - [TEST_CASE][PASSED] - Test Cases/Components/NavigateToAnyLHS: Test Cases/Components/NavigateToAnyLHS

2020-05-30 01:33:06 - [TEST_STEP][PASSED] - Thread.sleep(1000): null

2020-05-30 01:33:07 - [TEST_STEP][PASSED] - modifiedLHS = modifyObjectProperty(findTestObject("Objects.NavigateToAnyLHS/Page_ISPS2/LHSToModify"), "text", "equals", LHS, true): Modify property of object successfully

2020-05-30 01:33:07 - [MESSAGE][PASSED] - Modify property of object successfully

2020-05-30 01:33:07 - [TEST_STEP][PASSED] - click(modifiedLHS): Object: 'Object Repository/Objects.NavigateToAnyLHS/Page_ISPS2/LHSToModify' is clicked on

2020-05-30 01:33:07 - [MESSAGE][PASSED] - Object: 'Object Repository/Objects.NavigateToAnyLHS/Page_ISPS2/LHSToModify' is clicked on

2020-05-30 01:33:07 - [TEST_STEP][PASSED] - currentLHS = getText(modifiedLHS): Text of object 'Object Repository/Objects.NavigateToAnyLHS/Page_ISPS2/LHSToModify' is: 'Decide TOP/CSC Interface'

2020-05-30 01:33:11 - [MESSAGE][PASSED] - Text of object 'Object Repository/Objects.NavigateToAnyLHS/Page_ISPS2/LHSToModify' is: 'Decide TOP/CSC Interface'

2020-05-30 01:33:11 - [TEST_STEP][PASSED] - Thread.sleep(5000): null

2020-05-30 01:33:16 - [MESSAGE][PASSED] - Call Test Case 'Test Cases/Components/NavigateToAnyLHS' successfully

2020-05-30 01:33:16 - [TEST_STEP][PASSED] - callTestCase(findTestCase("Components/VerifyPageSuccessfullyLoadedII"), ["PageNm":"Decision TOP/CSC"], STOP_ON_FAILURE): Call Test Case 'Test Cases/Components/VerifyPageSuccessfullyLoadedII' successfully

2020-05-30 01:33:16 - [TEST_CASE][PASSED] - Test Cases/Components/VerifyPageSuccessfullyLoadedII: Test Cases/Components/VerifyPageSuccessfullyLoadedII

2020-05-30 01:33:16 - [TEST_STEP][PASSED] - Thread.sleep(1000): null

2020-05-30 01:33:17 - [TEST_STEP][PASSED] - modifiedInputFld = modifyObjectProperty(findTestObject("Object Repository/Objects.VerifyPageSuccessfullyLoaded/PageHeaderIndex"), "xpath", "equals", "//*[contains(@class,'isps-page-title') and (text()='" + PageNm + "')]", true): Modify property of object successfully

2020-05-30 01:33:17 - [MESSAGE][PASSED] - Modify property of object successfully

2020-05-30 01:33:17 - [TEST_STEP][PASSED] - com.reusableComponents.HighlightElement.run(modifiedInputFld): com.reusableComponents.HighlightElement.run is PASSED

2020-05-30 01:33:18 - [MESSAGE][PASSED] - com.reusableComponents.HighlightElement.run is PASSED

2020-05-30 01:33:18 - [MESSAGE][PASSED] - Call Test Case 'Test Cases/Components/VerifyPageSuccessfullyLoadedII' successfully

2020-05-30 01:33:18 - [TEST_STEP][PASSED] - callTestCase(findTestCase("Components/HighlightLabelFieldXPI"), ["LblName":"Recommend To", "index":8], STOP_ON_FAILURE): Call Test Case 'Test Cases/Components/HighlightLabelFieldXPI' successfully

2020-05-30 01:33:18 - [TEST_CASE][PASSED] - Test Cases/Components/HighlightLabelFieldXPI: Test Cases/Components/HighlightLabelFieldXPI

2020-05-30 01:33:18 - [TEST_STEP][PASSED] - Thread.sleep(1000): null

2020-05-30 01:33:19 - [TEST_STEP][PASSED] - modifiedLblNm = modifyObjectProperty(findTestObject("Object Repository/Objects.HighlightElements/lblField_index"), "xpath", "equals", "(//*[contains(@class, 'x-form-item-label-inner x-form-item-label-inner-default') and contains(., '" + LblName + "')])[" + index + "]", true): Modify property of object successfully

2020-05-30 01:33:19 - [MESSAGE][PASSED] - Modify property of object successfully

2020-05-30 01:33:19 - [TEST_STEP][PASSED] - com.reusableComponents.HighlightElement.run(modifiedLblNm): com.reusableComponents.HighlightElement.run is PASSED

2020-05-30 01:33:20 - [MESSAGE][PASSED] - com.reusableComponents.HighlightElement.run is PASSED

2020-05-30 01:33:20 - [MESSAGE][PASSED] - Call Test Case 'Test Cases/Components/HighlightLabelFieldXPI' successfully

2020-05-30 01:33:20 - [TEST_STEP][PASSED] - callTestCase(findTestCase("Components/HighlightInputIndexField"), ["InputName":"decIntAssignOffcr", "index":2], STOP_ON_FAILURE): Call Test Case 'Test Cases/Components/HighlightInputIndexField' successfully

2020-05-30 01:33:20 - [TEST_CASE][PASSED] - Test Cases/Components/HighlightInputIndexField: Test Cases/Components/HighlightInputIndexField

2020-05-30 01:33:20 - [TEST_STEP][PASSED] - Thread.sleep(1000): null

2020-05-30 01:33:21 - [TEST_STEP][PASSED] - modifiedInputFld = modifyObjectProperty(findTestObject("Objects.HighlightElements/input_field_index"), "xpath", "equals", "(//*[contains(@class,'x-form-text') and (@name='" + InputName + "')])[" + index + "]", true): Modify property of object successfully

2020-05-30 01:33:21 - [MESSAGE][PASSED] - Modify property of object successfully

2020-05-30 01:33:21 - [TEST_STEP][PASSED] - com.reusableComponents.HighlightElement.run(modifiedInputFld): com.reusableComponents.HighlightElement.run is PASSED

2020-05-30 01:33:22 - [MESSAGE][PASSED] - com.reusableComponents.HighlightElement.run is PASSED

2020-05-30 01:33:22 - [MESSAGE][PASSED] - Call Test Case 'Test Cases/Components/HighlightInputIndexField' successfully

2020-05-30 01:33:22 - [TEST_STEP][PASSED] - callTestCase(findTestCase("PFI Precision and Scale/PFI Components with Indexing/VerifyDropdownValuesIndex"), ["FldNm":"decIntAssignOffcr", "CallTCName":"PFI Precision and Scale/HashMap Tables/OfficerLists", "cmbNm":"", "NoOfVal":27, ... ], STOP_ON_FAILURE): Call Test Case 'Test Cases/PFI Precision and Scale/PFI Components with Indexing/VerifyDropdownValuesIndex' successfully

2020-05-30 01:33:22 - [TEST_CASE][PASSED] - Test Cases/PFI Precision and Scale/PFI Components with Indexing/VerifyDropdownValuesIndex: Test Cases/PFI Precision and Scale/PFI Components with Indexing/VerifyDropdownValuesIndex

2020-05-30 01:33:22 - [TEST_STEP][PASSED] - Thread.sleep(1000): null

2020-05-30 01:33:23 - [TEST_STEP][PASSED] - NewInputNmField = modifyObjectProperty(findTestObject("Object Repository/Objects.HighlightElements/input_field_index"), "xpath", "equals", "(//*[contains(@class,'x-form-text') and (@name='" + FldNm + "')])[" + index + "]", true): Modify property of object successfully

2020-05-30 01:33:23 - [MESSAGE][PASSED] - Modify property of object successfully

2020-05-30 01:33:23 - [TEST_STEP][PASSED] - comboNm = cmbNm: null

2020-05-30 01:33:23 - [TEST_STEP][PASSED] - focus(NewInputNmField): Object: 'Object Repository/Objects.HighlightElements/input_field_index' is focused

2020-05-30 01:33:23 - [MESSAGE][PASSED] - Object: 'Object Repository/Objects.HighlightElements/input_field_index' is focused

2020-05-30 01:33:23 - [TEST_STEP][PASSED] - setText(NewInputNmField, EnterValue): Text '' is set on object 'Object Repository/Objects.HighlightElements/input_field_index'

2020-05-30 01:33:23 - [MESSAGE][PASSED] - Text '' is set on object 'Object Repository/Objects.HighlightElements/input_field_index'

2020-05-30 01:33:23 - [TEST_STEP][PASSED] - for ([i = 1, i <= NoOfVal, (i++)]): Keys 'DOWN + ' sent to object: 'Object Repository/Objects.HighlightElements/input_field_index'

2020-05-30 01:33:23 - [TEST_STEP][PASSED] - sendKeys(NewInputNmField, Keys.chord(ARROW_DOWN)): Keys 'DOWN + ' sent to object: 'Object Repository/Objects.HighlightElements/input_field_index'

2020-05-30 01:33:24 - [MESSAGE][PASSED] - Keys 'DOWN + ' sent to object: 'Object Repository/Objects.HighlightElements/input_field_index'

2020-05-30 01:33:24 - [TEST_STEP][PASSED] - delay(DelayTime): Delayed 0 second(s)

2020-05-30 01:33:24 - [MESSAGE][PASSED] - Delayed 0 second(s)

2020-05-30 01:33:24 - [TEST_STEP][PASSED] - sendKeys(NewInputNmField, Keys.chord(ENTER)): Keys 'ENTER + ' sent to object: 'Object Repository/Objects.HighlightElements/input_field_index'

2020-05-30 01:33:24 - [MESSAGE][PASSED] - Keys 'ENTER + ' sent to object: 'Object Repository/Objects.HighlightElements/input_field_index'

2020-05-30 01:33:24 - [TEST_STEP][PASSED] - ComboBoxValue = getAttribute(NewInputNmField, "value"): Attribute 'value' of object 'Object Repository/Objects.HighlightElements/input_field_index' is: 'Aaron Sham Wai Lun (AARON)'

2020-05-30 01:33:25 - [MESSAGE][PASSED] - Attribute 'value' of object 'Object Repository/Objects.HighlightElements/input_field_index' is: 'Aaron Sham Wai Lun (AARON)'

2020-05-30 01:33:25 - [TEST_STEP][PASSED] - callTestCase(findTestCase(CallTCName), ["FindValue":ComboBoxValue, "DropdownNm":comboNm], STOP_ON_FAILURE): Call Test Case 'Test Cases/PFI Precision and Scale/HashMap Tables/OfficerLists' successfully

2020-05-30 01:33:25 - [TEST_CASE][PASSED] - Test Cases/PFI Precision and Scale/HashMap Tables/OfficerLists: Test Cases/PFI Precision and Scale/HashMap Tables/OfficerLists

2020-05-30 01:33:25 - [TEST_STEP][PASSED] - Thread.sleep(1000): null

2020-05-30 01:33:26 - [TEST_STEP][PASSED] - OfficerLists = [1:"Aaron Sham Wai Lun (AARON)", 2:"Azidah Bte Akmad (Mdm) (USAABD)", 3:"Chung Fong Nyen (USACFN)", 4:"David Tey Dah Wei (DAHWEI)", ... ]: null

2020-05-30 01:33:26 - [TEST_STEP][PASSED] - ValueFound = OfficerLists.find({ -> ... }): null

2020-05-30 01:33:26 - [MESSAGE][PASSED] - Call Test Case 'Test Cases/PFI Precision and Scale/HashMap Tables/OfficerLists' successfully

2020-05-30 01:33:26 - [TEST_STEP][PASSED] - println(ValueFound): null

2020-05-30 01:33:26 - [TEST_STEP][PASSED] - sendKeys(NewInputNmField, Keys.chord(ARROW_DOWN)): Keys 'DOWN + ' sent to object: 'Object Repository/Objects.HighlightElements/input_field_index'

2020-05-30 01:33:26 - [MESSAGE][PASSED] - Keys 'DOWN + ' sent to object: 'Object Repository/Objects.HighlightElements/input_field_index'

2020-05-30 01:33:26 - [TEST_STEP][PASSED] - sendKeys(NewInputNmField, Keys.chord(ARROW_DOWN)): Keys 'DOWN + ' sent to object: 'Object Repository/Objects.HighlightElements/input_field_index'

2020-05-30 01:33:27 - [MESSAGE][PASSED] - Keys 'DOWN + ' sent to object: 'Object Repository/Objects.HighlightElements/input_field_index'

2020-05-30 01:33:27 - [TEST_STEP][PASSED] - delay(DelayTime): Delayed 0 second(s)

2020-05-30 01:33:27 - [MESSAGE][PASSED] - Delayed 0 second(s)

2020-05-30 01:33:27 - [TEST_STEP][PASSED] - sendKeys(NewInputNmField, Keys.chord(ENTER)): Keys 'ENTER + ' sent to object: 'Object Repository/Objects.HighlightElements/input_field_index'

2020-05-30 01:33:27 - [MESSAGE][PASSED] - Keys 'ENTER + ' sent to object: 'Object Repository/Objects.HighlightElements/input_field_index'

2020-05-30 01:33:27 - [TEST_STEP][PASSED] - ComboBoxValue = getAttribute(NewInputNmField, "value"): Attribute 'value' of object 'Object Repository/Objects.HighlightElements/input_field_index' is: 'Azidah Bte Akmad (Mdm) (USAABD)'

2020-05-30 01:33:28 - [MESSAGE][PASSED] - Attribute 'value' of object 'Object Repository/Objects.HighlightElements/input_field_index' is: 'Azidah Bte Akmad (Mdm) (USAABD)'

2020-05-30 01:33:28 - [TEST_STEP][PASSED] - callTestCase(findTestCase(CallTCName), ["FindValue":ComboBoxValue, "DropdownNm":comboNm], STOP_ON_FAILURE): Call Test Case 'Test Cases/PFI Precision and Scale/HashMap Tables/OfficerLists' successfully

2020-05-30 01:33:28 - [TEST_CASE][PASSED] - Test Cases/PFI Precision and Scale/HashMap Tables/OfficerLists: Test Cases/PFI Precision and Scale/HashMap Tables/OfficerLists

2020-05-30 01:33:28 - [TEST_STEP][PASSED] - Thread.sleep(1000): null

2020-05-30 01:33:29 - [TEST_STEP][PASSED] - OfficerLists = [1:"Aaron Sham Wai Lun (AARON)", 2:"Azidah Bte Akmad (Mdm) (USAABD)", 3:"Chung Fong Nyen (USACFN)", 4:"David Tey Dah Wei (DAHWEI)", ... ]: null

2020-05-30 01:33:29 - [TEST_STEP][PASSED] - ValueFound = OfficerLists.find({ -> ... }): null

2020-05-30 01:33:29 - [MESSAGE][PASSED] - Call Test Case 'Test Cases/PFI Precision and Scale/HashMap Tables/OfficerLists' successfully

2020-05-30 01:33:29 - [TEST_STEP][PASSED] - println(ValueFound): null

2020-05-30 01:33:29 - [TEST_STEP][PASSED] - sendKeys(NewInputNmField, Keys.chord(ARROW_DOWN)): Keys 'DOWN + ' sent to object: 'Object Repository/Objects.HighlightElements/input_field_index'

2020-05-30 01:33:29 - [MESSAGE][PASSED] - Keys 'DOWN + ' sent to object: 'Object Repository/Objects.HighlightElements/input_field_index'

2020-05-30 01:33:29 - [TEST_STEP][PASSED] - sendKeys(NewInputNmField, Keys.chord(ARROW_DOWN)): Keys 'DOWN + ' sent to object: 'Object Repository/Objects.HighlightElements/input_field_index'

2020-05-30 01:33:29 - [MESSAGE][PASSED] - Keys 'DOWN + ' sent to object: 'Object Repository/Objects.HighlightElements/input_field_index'

2020-05-30 01:33:29 - [TEST_STEP][PASSED] - delay(DelayTime): Delayed 0 second(s)

2020-05-30 01:33:29 - [MESSAGE][PASSED] - Delayed 0 second(s)

2020-05-30 01:33:29 - [TEST_STEP][PASSED] - sendKeys(NewInputNmField, Keys.chord(ENTER)): Keys 'ENTER + ' sent to object: 'Object Repository/Objects.HighlightElements/input_field_index'

2020-05-30 01:33:30 - [MESSAGE][PASSED] - Keys 'ENTER + ' sent to object: 'Object Repository/Objects.HighlightElements/input_field_index'

2020-05-30 01:33:30 - [TEST_STEP][PASSED] - ComboBoxValue = getAttribute(NewInputNmField, "value"): Attribute 'value' of object 'Object Repository/Objects.HighlightElements/input_field_index' is: 'Chua Bee Tee (BEETEE)'

2020-05-30 01:33:30 - [MESSAGE][PASSED] - Attribute 'value' of object 'Object Repository/Objects.HighlightElements/input_field_index' is: 'Chua Bee Tee (BEETEE)'

2020-05-30 01:33:30 - [TEST_STEP][PASSED] - callTestCase(findTestCase(CallTCName), ["FindValue":ComboBoxValue, "DropdownNm":comboNm], STOP_ON_FAILURE): Call Test Case 'Test Cases/PFI Precision and Scale/HashMap Tables/OfficerLists' successfully

2020-05-30 01:33:30 - [TEST_CASE][PASSED] - Test Cases/PFI Precision and Scale/HashMap Tables/OfficerLists: Test Cases/PFI Precision and Scale/HashMap Tables/OfficerLists

2020-05-30 01:33:30 - [TEST_STEP][PASSED] - Thread.sleep(1000): null

2020-05-30 01:33:31 - [TEST_STEP][PASSED] - OfficerLists = [1:"Aaron Sham Wai Lun (AARON)", 2:"Azidah Bte Akmad (Mdm) (USAABD)", 3:"Chung Fong Nyen (USACFN)", 4:"David Tey Dah Wei (DAHWEI)", ... ]: null

2020-05-30 01:33:31 - [TEST_STEP][PASSED] - ValueFound = OfficerLists.find({ -> ... }): null

2020-05-30 01:33:31 - [MESSAGE][PASSED] - Call Test Case 'Test Cases/PFI Precision and Scale/HashMap Tables/OfficerLists' successfully

2020-05-30 01:33:31 - [TEST_STEP][PASSED] - println(ValueFound): null

2020-05-30 01:33:31 - [TEST_STEP][PASSED] - sendKeys(NewInputNmField, Keys.chord(ARROW_DOWN)): Keys 'DOWN + ' sent to object: 'Object Repository/Objects.HighlightElements/input_field_index'

2020-05-30 01:33:32 - [MESSAGE][PASSED] - Keys 'DOWN + ' sent to object: 'Object Repository/Objects.HighlightElements/input_field_index'

2020-05-30 01:33:32 - [TEST_STEP][PASSED] - sendKeys(NewInputNmField, Keys.chord(ARROW_DOWN)): Keys 'DOWN + ' sent to object: 'Object Repository/Objects.HighlightElements/input_field_index'

2020-05-30 01:33:32 - [MESSAGE][PASSED] - Keys 'DOWN + ' sent to object: 'Object Repository/Objects.HighlightElements/input_field_index'

2020-05-30 01:33:32 - [TEST_STEP][PASSED] - delay(DelayTime): Delayed 0 second(s)

2020-05-30 01:33:32 - [MESSAGE][PASSED] - Delayed 0 second(s)

2020-05-30 01:33:32 - [TEST_STEP][PASSED] - sendKeys(NewInputNmField, Keys.chord(ENTER)): Keys 'ENTER + ' sent to object: 'Object Repository/Objects.HighlightElements/input_field_index'

2020-05-30 01:33:33 - [MESSAGE][PASSED] - Keys 'ENTER + ' sent to object: 'Object Repository/Objects.HighlightElements/input_field_index'

2020-05-30 01:33:33 - [TEST_STEP][PASSED] - ComboBoxValue = getAttribute(NewInputNmField, "value"): Attribute 'value' of object 'Object Repository/Objects.HighlightElements/input_field_index' is: 'Chung Fong Nyen (USACFN)'

2020-05-30 01:33:33 - [MESSAGE][PASSED] - Attribute 'value' of object 'Object Repository/Objects.HighlightElements/input_field_index' is: 'Chung Fong Nyen (USACFN)'

2020-05-30 01:33:33 - [TEST_STEP][PASSED] - callTestCase(findTestCase(CallTCName), ["FindValue":ComboBoxValue, "DropdownNm":comboNm], STOP_ON_FAILURE): Call Test Case 'Test Cases/PFI Precision and Scale/HashMap Tables/OfficerLists' successfully

2020-05-30 01:33:33 - [TEST_CASE][PASSED] - Test Cases/PFI Precision and Scale/HashMap Tables/OfficerLists: Test Cases/PFI Precision and Scale/HashMap Tables/OfficerLists

2020-05-30 01:33:33 - [TEST_STEP][PASSED] - Thread.sleep(1000): null

2020-05-30 01:33:34 - [TEST_STEP][PASSED] - OfficerLists = [1:"Aaron Sham Wai Lun (AARON)", 2:"Azidah Bte Akmad (Mdm) (USAABD)", 3:"Chung Fong Nyen (USACFN)", 4:"David Tey Dah Wei (DAHWEI)", ... ]: null

2020-05-30 01:33:34 - [TEST_STEP][PASSED] - ValueFound = OfficerLists.find({ -> ... }): null

2020-05-30 01:33:34 - [MESSAGE][PASSED] - Call Test Case 'Test Cases/PFI Precision and Scale/HashMap Tables/OfficerLists' successfully

2020-05-30 01:33:34 - [TEST_STEP][PASSED] - println(ValueFound): null

2020-05-30 01:33:34 - [TEST_STEP][PASSED] - sendKeys(NewInputNmField, Keys.chord(ARROW_DOWN)): Keys 'DOWN + ' sent to object: 'Object Repository/Objects.HighlightElements/input_field_index'

2020-05-30 01:33:34 - [MESSAGE][PASSED] - Keys 'DOWN + ' sent to object: 'Object Repository/Objects.HighlightElements/input_field_index'

2020-05-30 01:33:34 - [TEST_STEP][PASSED] - sendKeys(NewInputNmField, Keys.chord(ARROW_DOWN)): Keys 'DOWN + ' sent to object: 'Object Repository/Objects.HighlightElements/input_field_index'

2020-05-30 01:33:35 - [MESSAGE][PASSED] - Keys 'DOWN + ' sent to object: 'Object Repository/Objects.HighlightElements/input_field_index'

2020-05-30 01:33:35 - [TEST_STEP][PASSED] - delay(DelayTime): Delayed 0 second(s)

2020-05-30 01:33:35 - [MESSAGE][PASSED] - Delayed 0 second(s)

2020-05-30 01:33:35 - [TEST_STEP][PASSED] - sendKeys(NewInputNmField, Keys.chord(ENTER)): Keys 'ENTER + ' sent to object: 'Object Repository/Objects.HighlightElements/input_field_index'

2020-05-30 01:33:35 - [MESSAGE][PASSED] - Keys 'ENTER + ' sent to object: 'Object Repository/Objects.HighlightElements/input_field_index'

2020-05-30 01:33:35 - [TEST_STEP][PASSED] - ComboBoxValue = getAttribute(NewInputNmField, "value"): Attribute 'value' of object 'Object Repository/Objects.HighlightElements/input_field_index' is: 'David Tey Dah Wei (DAHWEI)'

2020-05-30 01:33:36 - [MESSAGE][PASSED] - Attribute 'value' of object 'Object Repository/Objects.HighlightElements/input_field_index' is: 'David Tey Dah Wei (DAHWEI)'

2020-05-30 01:33:36 - [TEST_STEP][PASSED] - callTestCase(findTestCase(CallTCName), ["FindValue":ComboBoxValue, "DropdownNm":comboNm], STOP_ON_FAILURE): Call Test Case 'Test Cases/PFI Precision and Scale/HashMap Tables/OfficerLists' successfully

2020-05-30 01:33:36 - [TEST_CASE][PASSED] - Test Cases/PFI Precision and Scale/HashMap Tables/OfficerLists: Test Cases/PFI Precision and Scale/HashMap Tables/OfficerLists

2020-05-30 01:33:36 - [TEST_STEP][PASSED] - Thread.sleep(1000): null

2020-05-30 01:33:37 - [TEST_STEP][PASSED] - OfficerLists = [1:"Aaron Sham Wai Lun (AARON)", 2:"Azidah Bte Akmad (Mdm) (USAABD)", 3:"Chung Fong Nyen (USACFN)", 4:"David Tey Dah Wei (DAHWEI)", ... ]: null

2020-05-30 01:33:37 - [TEST_STEP][PASSED] - ValueFound = OfficerLists.find({ -> ... }): null

2020-05-30 01:33:37 - [MESSAGE][PASSED] - Call Test Case 'Test Cases/PFI Precision and Scale/HashMap Tables/OfficerLists' successfully

2020-05-30 01:33:37 - [TEST_STEP][PASSED] - println(ValueFound): null

2020-05-30 01:33:37 - [TEST_STEP][PASSED] - sendKeys(NewInputNmField, Keys.chord(ARROW_DOWN)): Keys 'DOWN + ' sent to object: 'Object Repository/Objects.HighlightElements/input_field_index'

2020-05-30 01:33:37 - [MESSAGE][PASSED] - Keys 'DOWN + ' sent to object: 'Object Repository/Objects.HighlightElements/input_field_index'

2020-05-30 01:33:37 - [TEST_STEP][PASSED] - sendKeys(NewInputNmField, Keys.chord(ARROW_DOWN)): Keys 'DOWN + ' sent to object: 'Object Repository/Objects.HighlightElements/input_field_index'

2020-05-30 01:33:38 - [MESSAGE][PASSED] - Keys 'DOWN + ' sent to object: 'Object Repository/Objects.HighlightElements/input_field_index'

2020-05-30 01:33:38 - [TEST_STEP][PASSED] - delay(DelayTime): Delayed 0 second(s)

2020-05-30 01:33:38 - [MESSAGE][PASSED] - Delayed 0 second(s)

2020-05-30 01:33:38 - [TEST_STEP][PASSED] - sendKeys(NewInputNmField, Keys.chord(ENTER)): Keys 'ENTER + ' sent to object: 'Object Repository/Objects.HighlightElements/input_field_index'

2020-05-30 01:33:38 - [MESSAGE][PASSED] - Keys 'ENTER + ' sent to object: 'Object Repository/Objects.HighlightElements/input_field_index'

2020-05-30 01:33:38 - [TEST_STEP][PASSED] - ComboBoxValue = getAttribute(NewInputNmField, "value"): Attribute 'value' of object 'Object Repository/Objects.HighlightElements/input_field_index' is: 'Han Wann Kuang (WANNKUANG)'

2020-05-30 01:33:39 - [MESSAGE][PASSED] - Attribute 'value' of object 'Object Repository/Objects.HighlightElements/input_field_index' is: 'Han Wann Kuang (WANNKUANG)'

2020-05-30 01:33:39 - [TEST_STEP][PASSED] - callTestCase(findTestCase(CallTCName), ["FindValue":ComboBoxValue, "DropdownNm":comboNm], STOP_ON_FAILURE): Call Test Case 'Test Cases/PFI Precision and Scale/HashMap Tables/OfficerLists' successfully

2020-05-30 01:33:39 - [TEST_CASE][PASSED] - Test Cases/PFI Precision and Scale/HashMap Tables/OfficerLists: Test Cases/PFI Precision and Scale/HashMap Tables/OfficerLists

2020-05-30 01:33:39 - [TEST_STEP][PASSED] - Thread.sleep(1000): null

2020-05-30 01:33:40 - [TEST_STEP][PASSED] - OfficerLists = [1:"Aaron Sham Wai Lun (AARON)", 2:"Azidah Bte Akmad (Mdm) (USAABD)", 3:"Chung Fong Nyen (USACFN)", 4:"David Tey Dah Wei (DAHWEI)", ... ]: null

2020-05-30 01:33:40 - [TEST_STEP][PASSED] - ValueFound = OfficerLists.find({ -> ... }): null

2020-05-30 01:33:40 - [MESSAGE][PASSED] - Call Test Case 'Test Cases/PFI Precision and Scale/HashMap Tables/OfficerLists' successfully

2020-05-30 01:33:40 - [TEST_STEP][PASSED] - println(ValueFound): null

2020-05-30 01:33:40 - [TEST_STEP][PASSED] - sendKeys(NewInputNmField, Keys.chord(ARROW_DOWN)): Keys 'DOWN + ' sent to object: 'Object Repository/Objects.HighlightElements/input_field_index'

2020-05-30 01:33:40 - [MESSAGE][PASSED] - Keys 'DOWN + ' sent to object: 'Object Repository/Objects.HighlightElements/input_field_index'

2020-05-30 01:33:40 - [TEST_STEP][PASSED] - sendKeys(NewInputNmField, Keys.chord(ARROW_DOWN)): Keys 'DOWN + ' sent to object: 'Object Repository/Objects.HighlightElements/input_field_index'

2020-05-30 01:33:40 - [MESSAGE][PASSED] - Keys 'DOWN + ' sent to object: 'Object Repository/Objects.HighlightElements/input_field_index'

2020-05-30 01:33:40 - [TEST_STEP][PASSED] - delay(DelayTime): Delayed 0 second(s)

2020-05-30 01:33:40 - [MESSAGE][PASSED] - Delayed 0 second(s)

2020-05-30 01:33:40 - [TEST_STEP][PASSED] - sendKeys(NewInputNmField, Keys.chord(ENTER)): Keys 'ENTER + ' sent to object: 'Object Repository/Objects.HighlightElements/input_field_index'

2020-05-30 01:33:41 - [MESSAGE][PASSED] - Keys 'ENTER + ' sent to object: 'Object Repository/Objects.HighlightElements/input_field_index'

2020-05-30 01:33:41 - [TEST_STEP][PASSED] - ComboBoxValue = getAttribute(NewInputNmField, "value"): Attribute 'value' of object 'Object Repository/Objects.HighlightElements/input_field_index' is: 'Ho Tze Siang (TZESIANG)'

2020-05-30 01:33:41 - [MESSAGE][PASSED] - Attribute 'value' of object 'Object Repository/Objects.HighlightElements/input_field_index' is: 'Ho Tze Siang (TZESIANG)'

2020-05-30 01:33:41 - [TEST_STEP][PASSED] - callTestCase(findTestCase(CallTCName), ["FindValue":ComboBoxValue, "DropdownNm":comboNm], STOP_ON_FAILURE): Call Test Case 'Test Cases/PFI Precision and Scale/HashMap Tables/OfficerLists' successfully

2020-05-30 01:33:41 - [TEST_CASE][PASSED] - Test Cases/PFI Precision and Scale/HashMap Tables/OfficerLists: Test Cases/PFI Precision and Scale/HashMap Tables/OfficerLists

2020-05-30 01:33:41 - [TEST_STEP][PASSED] - Thread.sleep(1000): null

2020-05-30 01:33:42 - [TEST_STEP][PASSED] - OfficerLists = [1:"Aaron Sham Wai Lun (AARON)", 2:"Azidah Bte Akmad (Mdm) (USAABD)", 3:"Chung Fong Nyen (USACFN)", 4:"David Tey Dah Wei (DAHWEI)", ... ]: null

2020-05-30 01:33:42 - [TEST_STEP][PASSED] - ValueFound = OfficerLists.find({ -> ... }): null

2020-05-30 01:33:42 - [MESSAGE][PASSED] - Call Test Case 'Test Cases/PFI Precision and Scale/HashMap Tables/OfficerLists' successfully

2020-05-30 01:33:42 - [TEST_STEP][PASSED] - println(ValueFound): null

2020-05-30 01:33:42 - [TEST_STEP][PASSED] - sendKeys(NewInputNmField, Keys.chord(ARROW_DOWN)): Keys 'DOWN + ' sent to object: 'Object Repository/Objects.HighlightElements/input_field_index'

2020-05-30 01:33:43 - [MESSAGE][PASSED] - Keys 'DOWN + ' sent to object: 'Object Repository/Objects.HighlightElements/input_field_index'

2020-05-30 01:33:43 - [TEST_STEP][PASSED] - sendKeys(NewInputNmField, Keys.chord(ARROW_DOWN)): Keys 'DOWN + ' sent to object: 'Object Repository/Objects.HighlightElements/input_field_index'

2020-05-30 01:33:43 - [MESSAGE][PASSED] - Keys 'DOWN + ' sent to object: 'Object Repository/Objects.HighlightElements/input_field_index'

2020-05-30 01:33:43 - [TEST_STEP][PASSED] - delay(DelayTime): Delayed 0 second(s)

2020-05-30 01:33:43 - [MESSAGE][PASSED] - Delayed 0 second(s)

2020-05-30 01:33:43 - [TEST_STEP][PASSED] - sendKeys(NewInputNmField, Keys.chord(ENTER)): Keys 'ENTER + ' sent to object: 'Object Repository/Objects.HighlightElements/input_field_index'

2020-05-30 01:33:44 - [MESSAGE][PASSED] - Keys 'ENTER + ' sent to object: 'Object Repository/Objects.HighlightElements/input_field_index'

2020-05-30 01:33:44 - [TEST_STEP][PASSED] - ComboBoxValue = getAttribute(NewInputNmField, "value"): Attribute 'value' of object 'Object Repository/Objects.HighlightElements/input_field_index' is: 'Ho-Chan Vun Ching (USAHVC)'

2020-05-30 01:33:44 - [MESSAGE][PASSED] - Attribute 'value' of object 'Object Repository/Objects.HighlightElements/input_field_index' is: 'Ho-Chan Vun Ching (USAHVC)'

2020-05-30 01:33:44 - [TEST_STEP][PASSED] - callTestCase(findTestCase(CallTCName), ["FindValue":ComboBoxValue, "DropdownNm":comboNm], STOP_ON_FAILURE): Call Test Case 'Test Cases/PFI Precision and Scale/HashMap Tables/OfficerLists' successfully

2020-05-30 01:33:44 - [TEST_CASE][PASSED] - Test Cases/PFI Precision and Scale/HashMap Tables/OfficerLists: Test Cases/PFI Precision and Scale/HashMap Tables/OfficerLists

2020-05-30 01:33:44 - [TEST_STEP][PASSED] - Thread.sleep(1000): null

2020-05-30 01:33:45 - [TEST_STEP][PASSED] - OfficerLists = [1:"Aaron Sham Wai Lun (AARON)", 2:"Azidah Bte Akmad (Mdm) (USAABD)", 3:"Chung Fong Nyen (USACFN)", 4:"David Tey Dah Wei (DAHWEI)", ... ]: null

2020-05-30 01:33:45 - [TEST_STEP][PASSED] - ValueFound = OfficerLists.find({ -> ... }): null

2020-05-30 01:33:45 - [MESSAGE][PASSED] - Call Test Case 'Test Cases/PFI Precision and Scale/HashMap Tables/OfficerLists' successfully

2020-05-30 01:33:45 - [TEST_STEP][PASSED] - println(ValueFound): null

2020-05-30 01:33:45 - [TEST_STEP][PASSED] - sendKeys(NewInputNmField, Keys.chord(ARROW_DOWN)): Keys 'DOWN + ' sent to object: 'Object Repository/Objects.HighlightElements/input_field_index'

2020-05-30 01:33:46 - [MESSAGE][PASSED] - Keys 'DOWN + ' sent to object: 'Object Repository/Objects.HighlightElements/input_field_index'

2020-05-30 01:33:46 - [TEST_STEP][PASSED] - sendKeys(NewInputNmField, Keys.chord(ARROW_DOWN)): Keys 'DOWN + ' sent to object: 'Object Repository/Objects.HighlightElements/input_field_index'

2020-05-30 01:33:46 - [MESSAGE][PASSED] - Keys 'DOWN + ' sent to object: 'Object Repository/Objects.HighlightElements/input_field_index'

2020-05-30 01:33:46 - [TEST_STEP][PASSED] - delay(DelayTime): Delayed 0 second(s)

2020-05-30 01:33:46 - [MESSAGE][PASSED] - Delayed 0 second(s)

2020-05-30 01:33:46 - [TEST_STEP][PASSED] - sendKeys(NewInputNmField, Keys.chord(ENTER)): Keys 'ENTER + ' sent to object: 'Object Repository/Objects.HighlightElements/input_field_index'

2020-05-30 01:33:47 - [MESSAGE][PASSED] - Keys 'ENTER + ' sent to object: 'Object Repository/Objects.HighlightElements/input_field_index'

2020-05-30 01:33:47 - [TEST_STEP][PASSED] - ComboBoxValue = getAttribute(NewInputNmField, "value"): Attribute 'value' of object 'Object Repository/Objects.HighlightElements/input_field_index' is: 'Janet Lee Choon Hong (JANETCHOON)'

2020-05-30 01:33:47 - [MESSAGE][PASSED] - Attribute 'value' of object 'Object Repository/Objects.HighlightElements/input_field_index' is: 'Janet Lee Choon Hong (JANETCHOON)'

2020-05-30 01:33:47 - [TEST_STEP][PASSED] - callTestCase(findTestCase(CallTCName), ["FindValue":ComboBoxValue, "DropdownNm":comboNm], STOP_ON_FAILURE): Call Test Case 'Test Cases/PFI Precision and Scale/HashMap Tables/OfficerLists' successfully

2020-05-30 01:33:47 - [TEST_CASE][PASSED] - Test Cases/PFI Precision and Scale/HashMap Tables/OfficerLists: Test Cases/PFI Precision and Scale/HashMap Tables/OfficerLists

2020-05-30 01:33:47 - [TEST_STEP][PASSED] - Thread.sleep(1000): null

2020-05-30 01:33:48 - [TEST_STEP][PASSED] - OfficerLists = [1:"Aaron Sham Wai Lun (AARON)", 2:"Azidah Bte Akmad (Mdm) (USAABD)", 3:"Chung Fong Nyen (USACFN)", 4:"David Tey Dah Wei (DAHWEI)", ... ]: null

2020-05-30 01:33:48 - [TEST_STEP][PASSED] - ValueFound = OfficerLists.find({ -> ... }): null

2020-05-30 01:33:48 - [MESSAGE][PASSED] - Call Test Case 'Test Cases/PFI Precision and Scale/HashMap Tables/OfficerLists' successfully

2020-05-30 01:33:48 - [TEST_STEP][PASSED] - println(ValueFound): null

2020-05-30 01:33:48 - [TEST_STEP][PASSED] - sendKeys(NewInputNmField, Keys.chord(ARROW_DOWN)): Keys 'DOWN + ' sent to object: 'Object Repository/Objects.HighlightElements/input_field_index'

2020-05-30 01:33:48 - [MESSAGE][PASSED] - Keys 'DOWN + ' sent to object: 'Object Repository/Objects.HighlightElements/input_field_index'

2020-05-30 01:33:48 - [TEST_STEP][PASSED] - sendKeys(NewInputNmField, Keys.chord(ARROW_DOWN)): Keys 'DOWN + ' sent to object: 'Object Repository/Objects.HighlightElements/input_field_index'

2020-05-30 01:33:49 - [MESSAGE][PASSED] - Keys 'DOWN + ' sent to object: 'Object Repository/Objects.HighlightElements/input_field_index'

2020-05-30 01:33:49 - [TEST_STEP][PASSED] - delay(DelayTime): Delayed 0 second(s)

2020-05-30 01:33:49 - [MESSAGE][PASSED] - Delayed 0 second(s)

2020-05-30 01:33:49 - [TEST_STEP][PASSED] - sendKeys(NewInputNmField, Keys.chord(ENTER)): Keys 'ENTER + ' sent to object: 'Object Repository/Objects.HighlightElements/input_field_index'

2020-05-30 01:33:49 - [MESSAGE][PASSED] - Keys 'ENTER + ' sent to object: 'Object Repository/Objects.HighlightElements/input_field_index'

2020-05-30 01:33:49 - [TEST_STEP][PASSED] - ComboBoxValue = getAttribute(NewInputNmField, "value"): Attribute 'value' of object 'Object Repository/Objects.HighlightElements/input_field_index' is: 'Joseph Lim Pheng Weng (PHENGWENG)'

2020-05-30 01:33:50 - [MESSAGE][PASSED] - Attribute 'value' of object 'Object Repository/Objects.HighlightElements/input_field_index' is: 'Joseph Lim Pheng Weng (PHENGWENG)'

2020-05-30 01:33:50 - [TEST_STEP][PASSED] - callTestCase(findTestCase(CallTCName), ["FindValue":ComboBoxValue, "DropdownNm":comboNm], STOP_ON_FAILURE): Call Test Case 'Test Cases/PFI Precision and Scale/HashMap Tables/OfficerLists' successfully

2020-05-30 01:33:50 - [TEST_CASE][PASSED] - Test Cases/PFI Precision and Scale/HashMap Tables/OfficerLists: Test Cases/PFI Precision and Scale/HashMap Tables/OfficerLists

2020-05-30 01:33:50 - [TEST_STEP][PASSED] - Thread.sleep(1000): null

2020-05-30 01:33:51 - [TEST_STEP][PASSED] - OfficerLists = [1:"Aaron Sham Wai Lun (AARON)", 2:"Azidah Bte Akmad (Mdm) (USAABD)", 3:"Chung Fong Nyen (USACFN)", 4:"David Tey Dah Wei (DAHWEI)", ... ]: null

2020-05-30 01:33:51 - [TEST_STEP][PASSED] - ValueFound = OfficerLists.find({ -> ... }): null

2020-05-30 01:33:51 - [MESSAGE][PASSED] - Call Test Case 'Test Cases/PFI Precision and Scale/HashMap Tables/OfficerLists' successfully

2020-05-30 01:33:51 - [TEST_STEP][PASSED] - println(ValueFound): null

2020-05-30 01:33:51 - [TEST_STEP][PASSED] - sendKeys(NewInputNmField, Keys.chord(ARROW_DOWN)): Keys 'DOWN + ' sent to object: 'Object Repository/Objects.HighlightElements/input_field_index'

2020-05-30 01:33:51 - [MESSAGE][PASSED] - Keys 'DOWN + ' sent to object: 'Object Repository/Objects.HighlightElements/input_field_index'

2020-05-30 01:33:51 - [TEST_STEP][PASSED] - sendKeys(NewInputNmField, Keys.chord(ARROW_DOWN)): Keys 'DOWN + ' sent to object: 'Object Repository/Objects.HighlightElements/input_field_index'

2020-05-30 01:33:52 - [MESSAGE][PASSED] - Keys 'DOWN + ' sent to object: 'Object Repository/Objects.HighlightElements/input_field_index'

2020-05-30 01:33:52 - [TEST_STEP][PASSED] - delay(DelayTime): Delayed 0 second(s)

2020-05-30 01:33:52 - [MESSAGE][PASSED] - Delayed 0 second(s)

2020-05-30 01:33:52 - [TEST_STEP][PASSED] - sendKeys(NewInputNmField, Keys.chord(ENTER)): Keys 'ENTER + ' sent to object: 'Object Repository/Objects.HighlightElements/input_field_index'

2020-05-30 01:33:52 - [MESSAGE][PASSED] - Keys 'ENTER + ' sent to object: 'Object Repository/Objects.HighlightElements/input_field_index'

2020-05-30 01:33:52 - [TEST_STEP][PASSED] - ComboBoxValue = getAttribute(NewInputNmField, "value"): Attribute 'value' of object 'Object Repository/Objects.HighlightElements/input_field_index' is: 'Kaliannan Thanabal (KALIANN)'

2020-05-30 01:33:53 - [MESSAGE][PASSED] - Attribute 'value' of object 'Object Repository/Objects.HighlightElements/input_field_index' is: 'Kaliannan Thanabal (KALIANN)'

2020-05-30 01:33:53 - [TEST_STEP][PASSED] - callTestCase(findTestCase(CallTCName), ["FindValue":ComboBoxValue, "DropdownNm":comboNm], STOP_ON_FAILURE): Call Test Case 'Test Cases/PFI Precision and Scale/HashMap Tables/OfficerLists' successfully

2020-05-30 01:33:53 - [TEST_CASE][PASSED] - Test Cases/PFI Precision and Scale/HashMap Tables/OfficerLists: Test Cases/PFI Precision and Scale/HashMap Tables/OfficerLists

2020-05-30 01:33:53 - [TEST_STEP][PASSED] - Thread.sleep(1000): null

2020-05-30 01:33:54 - [TEST_STEP][PASSED] - OfficerLists = [1:"Aaron Sham Wai Lun (AARON)", 2:"Azidah Bte Akmad (Mdm) (USAABD)", 3:"Chung Fong Nyen (USACFN)", 4:"David Tey Dah Wei (DAHWEI)", ... ]: null

2020-05-30 01:33:54 - [TEST_STEP][PASSED] - ValueFound = OfficerLists.find({ -> ... }): null

2020-05-30 01:33:54 - [MESSAGE][PASSED] - Call Test Case 'Test Cases/PFI Precision and Scale/HashMap Tables/OfficerLists' successfully

2020-05-30 01:33:54 - [TEST_STEP][PASSED] - println(ValueFound): null

2020-05-30 01:33:54 - [TEST_STEP][PASSED] - sendKeys(NewInputNmField, Keys.chord(ARROW_DOWN)): Keys 'DOWN + ' sent to object: 'Object Repository/Objects.HighlightElements/input_field_index'

2020-05-30 01:33:54 - [MESSAGE][PASSED] - Keys 'DOWN + ' sent to object: 'Object Repository/Objects.HighlightElements/input_field_index'

2020-05-30 01:33:54 - [TEST_STEP][PASSED] - sendKeys(NewInputNmField, Keys.chord(ARROW_DOWN)): Keys 'DOWN + ' sent to object: 'Object Repository/Objects.HighlightElements/input_field_index'

2020-05-30 01:33:54 - [MESSAGE][PASSED] - Keys 'DOWN + ' sent to object: 'Object Repository/Objects.HighlightElements/input_field_index'

2020-05-30 01:33:54 - [TEST_STEP][PASSED] - delay(DelayTime): Delayed 0 second(s)

2020-05-30 01:33:54 - [MESSAGE][PASSED] - Delayed 0 second(s)

2020-05-30 01:33:54 - [TEST_STEP][PASSED] - sendKeys(NewInputNmField, Keys.chord(ENTER)): Keys 'ENTER + ' sent to object: 'Object Repository/Objects.HighlightElements/input_field_index'

2020-05-30 01:33:55 - [MESSAGE][PASSED] - Keys 'ENTER + ' sent to object: 'Object Repository/Objects.HighlightElements/input_field_index'

2020-05-30 01:33:55 - [TEST_STEP][PASSED] - ComboBoxValue = getAttribute(NewInputNmField, "value"): Attribute 'value' of object 'Object Repository/Objects.HighlightElements/input_field_index' is: 'Kelvin Phua Meng Thong (MENGTHONG)'

2020-05-30 01:33:55 - [MESSAGE][PASSED] - Attribute 'value' of object 'Object Repository/Objects.HighlightElements/input_field_index' is: 'Kelvin Phua Meng Thong (MENGTHONG)'

2020-05-30 01:33:55 - [TEST_STEP][PASSED] - callTestCase(findTestCase(CallTCName), ["FindValue":ComboBoxValue, "DropdownNm":comboNm], STOP_ON_FAILURE): Call Test Case 'Test Cases/PFI Precision and Scale/HashMap Tables/OfficerLists' successfully

2020-05-30 01:33:55 - [TEST_CASE][PASSED] - Test Cases/PFI Precision and Scale/HashMap Tables/OfficerLists: Test Cases/PFI Precision and Scale/HashMap Tables/OfficerLists

2020-05-30 01:33:55 - [TEST_STEP][PASSED] - Thread.sleep(1000): null

2020-05-30 01:33:56 - [TEST_STEP][PASSED] - OfficerLists = [1:"Aaron Sham Wai Lun (AARON)", 2:"Azidah Bte Akmad (Mdm) (USAABD)", 3:"Chung Fong Nyen (USACFN)", 4:"David Tey Dah Wei (DAHWEI)", ... ]: null

2020-05-30 01:33:56 - [TEST_STEP][PASSED] - ValueFound = OfficerLists.find({ -> ... }): null

2020-05-30 01:33:56 - [MESSAGE][PASSED] - Call Test Case 'Test Cases/PFI Precision and Scale/HashMap Tables/OfficerLists' successfully

2020-05-30 01:33:56 - [TEST_STEP][PASSED] - println(ValueFound): null

2020-05-30 01:33:56 - [TEST_STEP][PASSED] - sendKeys(NewInputNmField, Keys.chord(ARROW_DOWN)): Keys 'DOWN + ' sent to object: 'Object Repository/Objects.HighlightElements/input_field_index'

2020-05-30 01:33:57 - [MESSAGE][PASSED] - Keys 'DOWN + ' sent to object: 'Object Repository/Objects.HighlightElements/input_field_index'

2020-05-30 01:33:57 - [TEST_STEP][PASSED] - sendKeys(NewInputNmField, Keys.chord(ARROW_DOWN)): Keys 'DOWN + ' sent to object: 'Object Repository/Objects.HighlightElements/input_field_index'

2020-05-30 01:33:57 - [MESSAGE][PASSED] - Keys 'DOWN + ' sent to object: 'Object Repository/Objects.HighlightElements/input_field_index'

2020-05-30 01:33:57 - [TEST_STEP][PASSED] - delay(DelayTime): Delayed 0 second(s)

2020-05-30 01:33:57 - [MESSAGE][PASSED] - Delayed 0 second(s)

2020-05-30 01:33:57 - [TEST_STEP][PASSED] - sendKeys(NewInputNmField, Keys.chord(ENTER)): Keys 'ENTER + ' sent to object: 'Object Repository/Objects.HighlightElements/input_field_index'

2020-05-30 01:33:58 - [MESSAGE][PASSED] - Keys 'ENTER + ' sent to object: 'Object Repository/Objects.HighlightElements/input_field_index'

2020-05-30 01:33:58 - [TEST_STEP][PASSED] - ComboBoxValue = getAttribute(NewInputNmField, "value"): Attribute 'value' of object 'Object Repository/Objects.HighlightElements/input_field_index' is: 'Lee Kok Tien (USAKTL)'

2020-05-30 01:33:58 - [MESSAGE][PASSED] - Attribute 'value' of object 'Object Repository/Objects.HighlightElements/input_field_index' is: 'Lee Kok Tien (USAKTL)'

2020-05-30 01:33:58 - [TEST_STEP][PASSED] - callTestCase(findTestCase(CallTCName), ["FindValue":ComboBoxValue, "DropdownNm":comboNm], STOP_ON_FAILURE): Call Test Case 'Test Cases/PFI Precision and Scale/HashMap Tables/OfficerLists' successfully

2020-05-30 01:33:58 - [TEST_CASE][PASSED] - Test Cases/PFI Precision and Scale/HashMap Tables/OfficerLists: Test Cases/PFI Precision and Scale/HashMap Tables/OfficerLists

2020-05-30 01:33:58 - [TEST_STEP][PASSED] - Thread.sleep(1000): null

2020-05-30 01:33:59 - [TEST_STEP][PASSED] - OfficerLists = [1:"Aaron Sham Wai Lun (AARON)", 2:"Azidah Bte Akmad (Mdm) (USAABD)", 3:"Chung Fong Nyen (USACFN)", 4:"David Tey Dah Wei (DAHWEI)", ... ]: null

2020-05-30 01:33:59 - [TEST_STEP][PASSED] - ValueFound = OfficerLists.find({ -> ... }): null

2020-05-30 01:33:59 - [MESSAGE][PASSED] - Call Test Case 'Test Cases/PFI Precision and Scale/HashMap Tables/OfficerLists' successfully

2020-05-30 01:33:59 - [TEST_STEP][PASSED] - println(ValueFound): null

2020-05-30 01:33:59 - [TEST_STEP][PASSED] - sendKeys(NewInputNmField, Keys.chord(ARROW_DOWN)): Keys 'DOWN + ' sent to object: 'Object Repository/Objects.HighlightElements/input_field_index'

2020-05-30 01:33:59 - [MESSAGE][PASSED] - Keys 'DOWN + ' sent to object: 'Object Repository/Objects.HighlightElements/input_field_index'

2020-05-30 01:33:59 - [TEST_STEP][PASSED] - sendKeys(NewInputNmField, Keys.chord(ARROW_DOWN)): Keys 'DOWN + ' sent to object: 'Object Repository/Objects.HighlightElements/input_field_index'

2020-05-30 01:34:00 - [MESSAGE][PASSED] - Keys 'DOWN + ' sent to object: 'Object Repository/Objects.HighlightElements/input_field_index'

2020-05-30 01:34:00 - [TEST_STEP][PASSED] - delay(DelayTime): Delayed 0 second(s)

2020-05-30 01:34:00 - [MESSAGE][PASSED] - Delayed 0 second(s)

2020-05-30 01:34:00 - [TEST_STEP][PASSED] - sendKeys(NewInputNmField, Keys.chord(ENTER)): Keys 'ENTER + ' sent to object: 'Object Repository/Objects.HighlightElements/input_field_index'

2020-05-30 01:34:00 - [MESSAGE][PASSED] - Keys 'ENTER + ' sent to object: 'Object Repository/Objects.HighlightElements/input_field_index'

2020-05-30 01:34:00 - [TEST_STEP][PASSED] - ComboBoxValue = getAttribute(NewInputNmField, "value"): Attribute 'value' of object 'Object Repository/Objects.HighlightElements/input_field_index' is: 'Lim Beng Kwee (BENGKWEE)'

2020-05-30 01:34:01 - [MESSAGE][PASSED] - Attribute 'value' of object 'Object Repository/Objects.HighlightElements/input_field_index' is: 'Lim Beng Kwee (BENGKWEE)'

2020-05-30 01:34:01 - [TEST_STEP][PASSED] - callTestCase(findTestCase(CallTCName), ["FindValue":ComboBoxValue, "DropdownNm":comboNm], STOP_ON_FAILURE): Call Test Case 'Test Cases/PFI Precision and Scale/HashMap Tables/OfficerLists' successfully

2020-05-30 01:34:01 - [TEST_CASE][PASSED] - Test Cases/PFI Precision and Scale/HashMap Tables/OfficerLists: Test Cases/PFI Precision and Scale/HashMap Tables/OfficerLists

2020-05-30 01:34:01 - [TEST_STEP][PASSED] - Thread.sleep(1000): null

2020-05-30 01:34:02 - [TEST_STEP][PASSED] - OfficerLists = [1:"Aaron Sham Wai Lun (AARON)", 2:"Azidah Bte Akmad (Mdm) (USAABD)", 3:"Chung Fong Nyen (USACFN)", 4:"David Tey Dah Wei (DAHWEI)", ... ]: null

2020-05-30 01:34:02 - [TEST_STEP][PASSED] - ValueFound = OfficerLists.find({ -> ... }): null

2020-05-30 01:34:02 - [MESSAGE][PASSED] - Call Test Case 'Test Cases/PFI Precision and Scale/HashMap Tables/OfficerLists' successfully

2020-05-30 01:34:02 - [TEST_STEP][PASSED] - println(ValueFound): null

2020-05-30 01:34:02 - [TEST_STEP][PASSED] - sendKeys(NewInputNmField, Keys.chord(ARROW_DOWN)): Keys 'DOWN + ' sent to object: 'Object Repository/Objects.HighlightElements/input_field_index'

2020-05-30 01:34:02 - [MESSAGE][PASSED] - Keys 'DOWN + ' sent to object: 'Object Repository/Objects.HighlightElements/input_field_index'

2020-05-30 01:34:02 - [TEST_STEP][PASSED] - sendKeys(NewInputNmField, Keys.chord(ARROW_DOWN)): Keys 'DOWN + ' sent to object: 'Object Repository/Objects.HighlightElements/input_field_index'

2020-05-30 01:34:03 - [MESSAGE][PASSED] - Keys 'DOWN + ' sent to object: 'Object Repository/Objects.HighlightElements/input_field_index'

2020-05-30 01:34:03 - [TEST_STEP][PASSED] - delay(DelayTime): Delayed 0 second(s)

2020-05-30 01:34:03 - [MESSAGE][PASSED] - Delayed 0 second(s)

2020-05-30 01:34:03 - [TEST_STEP][PASSED] - sendKeys(NewInputNmField, Keys.chord(ENTER)): Keys 'ENTER + ' sent to object: 'Object Repository/Objects.HighlightElements/input_field_index'

2020-05-30 01:34:03 - [MESSAGE][PASSED] - Keys 'ENTER + ' sent to object: 'Object Repository/Objects.HighlightElements/input_field_index'

2020-05-30 01:34:03 - [TEST_STEP][PASSED] - ComboBoxValue = getAttribute(NewInputNmField, "value"): Attribute 'value' of object 'Object Repository/Objects.HighlightElements/input_field_index' is: 'Lim Leng Boon (LENGBOON)'

2020-05-30 01:34:04 - [MESSAGE][PASSED] - Attribute 'value' of object 'Object Repository/Objects.HighlightElements/input_field_index' is: 'Lim Leng Boon (LENGBOON)'

2020-05-30 01:34:04 - [TEST_STEP][PASSED] - callTestCase(findTestCase(CallTCName), ["FindValue":ComboBoxValue, "DropdownNm":comboNm], STOP_ON_FAILURE): Call Test Case 'Test Cases/PFI Precision and Scale/HashMap Tables/OfficerLists' successfully

2020-05-30 01:34:04 - [TEST_CASE][PASSED] - Test Cases/PFI Precision and Scale/HashMap Tables/OfficerLists: Test Cases/PFI Precision and Scale/HashMap Tables/OfficerLists

2020-05-30 01:34:04 - [TEST_STEP][PASSED] - Thread.sleep(1000): null

2020-05-30 01:34:05 - [TEST_STEP][PASSED] - OfficerLists = [1:"Aaron Sham Wai Lun (AARON)", 2:"Azidah Bte Akmad (Mdm) (USAABD)", 3:"Chung Fong Nyen (USACFN)", 4:"David Tey Dah Wei (DAHWEI)", ... ]: null

2020-05-30 01:34:05 - [TEST_STEP][PASSED] - ValueFound = OfficerLists.find({ -> ... }): null

2020-05-30 01:34:05 - [MESSAGE][PASSED] - Call Test Case 'Test Cases/PFI Precision and Scale/HashMap Tables/OfficerLists' successfully

2020-05-30 01:34:05 - [TEST_STEP][PASSED] - println(ValueFound): null

2020-05-30 01:34:05 - [TEST_STEP][PASSED] - sendKeys(NewInputNmField, Keys.chord(ARROW_DOWN)): Keys 'DOWN + ' sent to object: 'Object Repository/Objects.HighlightElements/input_field_index'

2020-05-30 01:34:05 - [MESSAGE][PASSED] - Keys 'DOWN + ' sent to object: 'Object Repository/Objects.HighlightElements/input_field_index'

2020-05-30 01:34:05 - [TEST_STEP][PASSED] - sendKeys(NewInputNmField, Keys.chord(ARROW_DOWN)): Keys 'DOWN + ' sent to object: 'Object Repository/Objects.HighlightElements/input_field_index'

2020-05-30 01:34:05 - [MESSAGE][PASSED] - Keys 'DOWN + ' sent to object: 'Object Repository/Objects.HighlightElements/input_field_index'

2020-05-30 01:34:05 - [TEST_STEP][PASSED] - delay(DelayTime): Delayed 0 second(s)

2020-05-30 01:34:05 - [MESSAGE][PASSED] - Delayed 0 second(s)

2020-05-30 01:34:05 - [TEST_STEP][PASSED] - sendKeys(NewInputNmField, Keys.chord(ENTER)): Keys 'ENTER + ' sent to object: 'Object Repository/Objects.HighlightElements/input_field_index'

2020-05-30 01:34:06 - [MESSAGE][PASSED] - Keys 'ENTER + ' sent to object: 'Object Repository/Objects.HighlightElements/input_field_index'

2020-05-30 01:34:06 - [TEST_STEP][PASSED] - ComboBoxValue = getAttribute(NewInputNmField, "value"): Attribute 'value' of object 'Object Repository/Objects.HighlightElements/input_field_index' is: 'Liu Xiaopeng (XIAOPENG)'

2020-05-30 01:34:06 - [MESSAGE][PASSED] - Attribute 'value' of object 'Object Repository/Objects.HighlightElements/input_field_index' is: 'Liu Xiaopeng (XIAOPENG)'

2020-05-30 01:34:06 - [TEST_STEP][PASSED] - callTestCase(findTestCase(CallTCName), ["FindValue":ComboBoxValue, "DropdownNm":comboNm], STOP_ON_FAILURE): Call Test Case 'Test Cases/PFI Precision and Scale/HashMap Tables/OfficerLists' successfully

2020-05-30 01:34:06 - [TEST_CASE][PASSED] - Test Cases/PFI Precision and Scale/HashMap Tables/OfficerLists: Test Cases/PFI Precision and Scale/HashMap Tables/OfficerLists

2020-05-30 01:34:06 - [TEST_STEP][PASSED] - Thread.sleep(1000): null

2020-05-30 01:34:07 - [TEST_STEP][PASSED] - OfficerLists = [1:"Aaron Sham Wai Lun (AARON)", 2:"Azidah Bte Akmad (Mdm) (USAABD)", 3:"Chung Fong Nyen (USACFN)", 4:"David Tey Dah Wei (DAHWEI)", ... ]: null

2020-05-30 01:34:07 - [TEST_STEP][PASSED] - ValueFound = OfficerLists.find({ -> ... }): null

2020-05-30 01:34:07 - [MESSAGE][PASSED] - Call Test Case 'Test Cases/PFI Precision and Scale/HashMap Tables/OfficerLists' successfully

2020-05-30 01:34:07 - [TEST_STEP][PASSED] - println(ValueFound): null

2020-05-30 01:34:07 - [TEST_STEP][PASSED] - sendKeys(NewInputNmField, Keys.chord(ARROW_DOWN)): Keys 'DOWN + ' sent to object: 'Object Repository/Objects.HighlightElements/input_field_index'

2020-05-30 01:34:08 - [MESSAGE][PASSED] - Keys 'DOWN + ' sent to object: 'Object Repository/Objects.HighlightElements/input_field_index'

2020-05-30 01:34:08 - [TEST_STEP][PASSED] - sendKeys(NewInputNmField, Keys.chord(ARROW_DOWN)): Keys 'DOWN + ' sent to object: 'Object Repository/Objects.HighlightElements/input_field_index'

2020-05-30 01:34:08 - [MESSAGE][PASSED] - Keys 'DOWN + ' sent to object: 'Object Repository/Objects.HighlightElements/input_field_index'

2020-05-30 01:34:08 - [TEST_STEP][PASSED] - delay(DelayTime): Delayed 0 second(s)

2020-05-30 01:34:08 - [MESSAGE][PASSED] - Delayed 0 second(s)

2020-05-30 01:34:08 - [TEST_STEP][PASSED] - sendKeys(NewInputNmField, Keys.chord(ENTER)): Keys 'ENTER + ' sent to object: 'Object Repository/Objects.HighlightElements/input_field_index'

2020-05-30 01:34:09 - [MESSAGE][PASSED] - Keys 'ENTER + ' sent to object: 'Object Repository/Objects.HighlightElements/input_field_index'

2020-05-30 01:34:09 - [TEST_STEP][PASSED] - ComboBoxValue = getAttribute(NewInputNmField, "value"): Attribute 'value' of object 'Object Repository/Objects.HighlightElements/input_field_index' is: 'Lu Ji Ju (Mdm) (USALJJ)'

2020-05-30 01:34:10 - [MESSAGE][PASSED] - Attribute 'value' of object 'Object Repository/Objects.HighlightElements/input_field_index' is: 'Lu Ji Ju (Mdm) (USALJJ)'

2020-05-30 01:34:10 - [TEST_STEP][PASSED] - callTestCase(findTestCase(CallTCName), ["FindValue":ComboBoxValue, "DropdownNm":comboNm], STOP_ON_FAILURE): Call Test Case 'Test Cases/PFI Precision and Scale/HashMap Tables/OfficerLists' successfully

2020-05-30 01:34:10 - [TEST_CASE][PASSED] - Test Cases/PFI Precision and Scale/HashMap Tables/OfficerLists: Test Cases/PFI Precision and Scale/HashMap Tables/OfficerLists

2020-05-30 01:34:10 - [TEST_STEP][PASSED] - Thread.sleep(1000): null

2020-05-30 01:34:11 - [TEST_STEP][PASSED] - OfficerLists = [1:"Aaron Sham Wai Lun (AARON)", 2:"Azidah Bte Akmad (Mdm) (USAABD)", 3:"Chung Fong Nyen (USACFN)", 4:"David Tey Dah Wei (DAHWEI)", ... ]: null

2020-05-30 01:34:11 - [TEST_STEP][PASSED] - ValueFound = OfficerLists.find({ -> ... }): null

2020-05-30 01:34:11 - [MESSAGE][PASSED] - Call Test Case 'Test Cases/PFI Precision and Scale/HashMap Tables/OfficerLists' successfully

2020-05-30 01:34:11 - [TEST_STEP][PASSED] - println(ValueFound): null

2020-05-30 01:34:11 - [TEST_STEP][PASSED] - sendKeys(NewInputNmField, Keys.chord(ARROW_DOWN)): Keys 'DOWN + ' sent to object: 'Object Repository/Objects.HighlightElements/input_field_index'

2020-05-30 01:34:11 - [MESSAGE][PASSED] - Keys 'DOWN + ' sent to object: 'Object Repository/Objects.HighlightElements/input_field_index'

2020-05-30 01:34:11 - [TEST_STEP][PASSED] - sendKeys(NewInputNmField, Keys.chord(ARROW_DOWN)): Keys 'DOWN + ' sent to object: 'Object Repository/Objects.HighlightElements/input_field_index'

2020-05-30 01:34:11 - [MESSAGE][PASSED] - Keys 'DOWN + ' sent to object: 'Object Repository/Objects.HighlightElements/input_field_index'

2020-05-30 01:34:11 - [TEST_STEP][PASSED] - delay(DelayTime): Delayed 0 second(s)

2020-05-30 01:34:11 - [MESSAGE][PASSED] - Delayed 0 second(s)

2020-05-30 01:34:11 - [TEST_STEP][PASSED] - sendKeys(NewInputNmField, Keys.chord(ENTER)): Keys 'ENTER + ' sent to object: 'Object Repository/Objects.HighlightElements/input_field_index'

2020-05-30 01:34:12 - [MESSAGE][PASSED] - Keys 'ENTER + ' sent to object: 'Object Repository/Objects.HighlightElements/input_field_index'

2020-05-30 01:34:12 - [TEST_STEP][PASSED] - ComboBoxValue = getAttribute(NewInputNmField, "value"): Attribute 'value' of object 'Object Repository/Objects.HighlightElements/input_field_index' is: 'Mohd Jeffri Bin Abdul Rahim (MOHDJEFFRI)'

2020-05-30 01:34:12 - [MESSAGE][PASSED] - Attribute 'value' of object 'Object Repository/Objects.HighlightElements/input_field_index' is: 'Mohd Jeffri Bin Abdul Rahim (MOHDJEFFRI)'

2020-05-30 01:34:12 - [TEST_STEP][PASSED] - callTestCase(findTestCase(CallTCName), ["FindValue":ComboBoxValue, "DropdownNm":comboNm], STOP_ON_FAILURE): Call Test Case 'Test Cases/PFI Precision and Scale/HashMap Tables/OfficerLists' successfully

2020-05-30 01:34:12 - [TEST_CASE][PASSED] - Test Cases/PFI Precision and Scale/HashMap Tables/OfficerLists: Test Cases/PFI Precision and Scale/HashMap Tables/OfficerLists

2020-05-30 01:34:12 - [TEST_STEP][PASSED] - Thread.sleep(1000): null

2020-05-30 01:34:13 - [TEST_STEP][PASSED] - OfficerLists = [1:"Aaron Sham Wai Lun (AARON)", 2:"Azidah Bte Akmad (Mdm) (USAABD)", 3:"Chung Fong Nyen (USACFN)", 4:"David Tey Dah Wei (DAHWEI)", ... ]: null

2020-05-30 01:34:13 - [TEST_STEP][PASSED] - ValueFound = OfficerLists.find({ -> ... }): null

2020-05-30 01:34:13 - [MESSAGE][PASSED] - Call Test Case 'Test Cases/PFI Precision and Scale/HashMap Tables/OfficerLists' successfully

2020-05-30 01:34:13 - [TEST_STEP][PASSED] - println(ValueFound): null

2020-05-30 01:34:13 - [TEST_STEP][PASSED] - sendKeys(NewInputNmField, Keys.chord(ARROW_DOWN)): Keys 'DOWN + ' sent to object: 'Object Repository/Objects.HighlightElements/input_field_index'

2020-05-30 01:34:14 - [MESSAGE][PASSED] - Keys 'DOWN + ' sent to object: 'Object Repository/Objects.HighlightElements/input_field_index'

2020-05-30 01:34:14 - [TEST_STEP][PASSED] - sendKeys(NewInputNmField, Keys.chord(ARROW_DOWN)): Keys 'DOWN + ' sent to object: 'Object Repository/Objects.HighlightElements/input_field_index'

2020-05-30 01:34:14 - [MESSAGE][PASSED] - Keys 'DOWN + ' sent to object: 'Object Repository/Objects.HighlightElements/input_field_index'

2020-05-30 01:34:14 - [TEST_STEP][PASSED] - delay(DelayTime): Delayed 0 second(s)

2020-05-30 01:34:14 - [MESSAGE][PASSED] - Delayed 0 second(s)

2020-05-30 01:34:14 - [TEST_STEP][PASSED] - sendKeys(NewInputNmField, Keys.chord(ENTER)): Keys 'ENTER + ' sent to object: 'Object Repository/Objects.HighlightElements/input_field_index'

2020-05-30 01:34:15 - [MESSAGE][PASSED] - Keys 'ENTER + ' sent to object: 'Object Repository/Objects.HighlightElements/input_field_index'

2020-05-30 01:34:15 - [TEST_STEP][PASSED] - ComboBoxValue = getAttribute(NewInputNmField, "value"): Attribute 'value' of object 'Object Repository/Objects.HighlightElements/input_field_index' is: 'Richard Lim Fang Ping (FANGPING)'

2020-05-30 01:34:15 - [MESSAGE][PASSED] - Attribute 'value' of object 'Object Repository/Objects.HighlightElements/input_field_index' is: 'Richard Lim Fang Ping (FANGPING)'

2020-05-30 01:34:15 - [TEST_STEP][PASSED] - callTestCase(findTestCase(CallTCName), ["FindValue":ComboBoxValue, "DropdownNm":comboNm], STOP_ON_FAILURE): Call Test Case 'Test Cases/PFI Precision and Scale/HashMap Tables/OfficerLists' successfully

2020-05-30 01:34:15 - [TEST_CASE][PASSED] - Test Cases/PFI Precision and Scale/HashMap Tables/OfficerLists: Test Cases/PFI Precision and Scale/HashMap Tables/OfficerLists

2020-05-30 01:34:15 - [TEST_STEP][PASSED] - Thread.sleep(1000): null

2020-05-30 01:34:16 - [TEST_STEP][PASSED] - OfficerLists = [1:"Aaron Sham Wai Lun (AARON)", 2:"Azidah Bte Akmad (Mdm) (USAABD)", 3:"Chung Fong Nyen (USACFN)", 4:"David Tey Dah Wei (DAHWEI)", ... ]: null

2020-05-30 01:34:16 - [TEST_STEP][PASSED] - ValueFound = OfficerLists.find({ -> ... }): null

2020-05-30 01:34:16 - [MESSAGE][PASSED] - Call Test Case 'Test Cases/PFI Precision and Scale/HashMap Tables/OfficerLists' successfully

2020-05-30 01:34:16 - [TEST_STEP][PASSED] - println(ValueFound): null

2020-05-30 01:34:16 - [TEST_STEP][PASSED] - sendKeys(NewInputNmField, Keys.chord(ARROW_DOWN)): Keys 'DOWN + ' sent to object: 'Object Repository/Objects.HighlightElements/input_field_index'

2020-05-30 01:34:16 - [MESSAGE][PASSED] - Keys 'DOWN + ' sent to object: 'Object Repository/Objects.HighlightElements/input_field_index'

2020-05-30 01:34:16 - [TEST_STEP][PASSED] - sendKeys(NewInputNmField, Keys.chord(ARROW_DOWN)): Keys 'DOWN + ' sent to object: 'Object Repository/Objects.HighlightElements/input_field_index'

2020-05-30 01:34:17 - [MESSAGE][PASSED] - Keys 'DOWN + ' sent to object: 'Object Repository/Objects.HighlightElements/input_field_index'

2020-05-30 01:34:17 - [TEST_STEP][PASSED] - delay(DelayTime): Delayed 0 second(s)

2020-05-30 01:34:17 - [MESSAGE][PASSED] - Delayed 0 second(s)

2020-05-30 01:34:17 - [TEST_STEP][PASSED] - sendKeys(NewInputNmField, Keys.chord(ENTER)): Keys 'ENTER + ' sent to object: 'Object Repository/Objects.HighlightElements/input_field_index'

2020-05-30 01:34:17 - [MESSAGE][PASSED] - Keys 'ENTER + ' sent to object: 'Object Repository/Objects.HighlightElements/input_field_index'

2020-05-30 01:34:17 - [TEST_STEP][PASSED] - ComboBoxValue = getAttribute(NewInputNmField, "value"): Attribute 'value' of object 'Object Repository/Objects.HighlightElements/input_field_index' is: 'RITA WONG SIONG ING (RITAWONG)'

2020-05-30 01:34:18 - [MESSAGE][PASSED] - Attribute 'value' of object 'Object Repository/Objects.HighlightElements/input_field_index' is: 'RITA WONG SIONG ING (RITAWONG)'

2020-05-30 01:34:18 - [TEST_STEP][PASSED] - callTestCase(findTestCase(CallTCName), ["FindValue":ComboBoxValue, "DropdownNm":comboNm], STOP_ON_FAILURE): Call Test Case 'Test Cases/PFI Precision and Scale/HashMap Tables/OfficerLists' successfully

2020-05-30 01:34:18 - [TEST_CASE][PASSED] - Test Cases/PFI Precision and Scale/HashMap Tables/OfficerLists: Test Cases/PFI Precision and Scale/HashMap Tables/OfficerLists

2020-05-30 01:34:18 - [TEST_STEP][PASSED] - Thread.sleep(1000): null

2020-05-30 01:34:19 - [TEST_STEP][PASSED] - OfficerLists = [1:"Aaron Sham Wai Lun (AARON)", 2:"Azidah Bte Akmad (Mdm) (USAABD)", 3:"Chung Fong Nyen (USACFN)", 4:"David Tey Dah Wei (DAHWEI)", ... ]: null

2020-05-30 01:34:19 - [TEST_STEP][PASSED] - ValueFound = OfficerLists.find({ -> ... }): null

2020-05-30 01:34:19 - [MESSAGE][PASSED] - Call Test Case 'Test Cases/PFI Precision and Scale/HashMap Tables/OfficerLists' successfully

2020-05-30 01:34:19 - [TEST_STEP][PASSED] - println(ValueFound): null

2020-05-30 01:34:19 - [TEST_STEP][PASSED] - sendKeys(NewInputNmField, Keys.chord(ARROW_DOWN)): Keys 'DOWN + ' sent to object: 'Object Repository/Objects.HighlightElements/input_field_index'

2020-05-30 01:34:19 - [MESSAGE][PASSED] - Keys 'DOWN + ' sent to object: 'Object Repository/Objects.HighlightElements/input_field_index'

2020-05-30 01:34:19 - [TEST_STEP][PASSED] - sendKeys(NewInputNmField, Keys.chord(ARROW_DOWN)): Keys 'DOWN + ' sent to object: 'Object Repository/Objects.HighlightElements/input_field_index'

2020-05-30 01:34:20 - [MESSAGE][PASSED] - Keys 'DOWN + ' sent to object: 'Object Repository/Objects.HighlightElements/input_field_index'

2020-05-30 01:34:20 - [TEST_STEP][PASSED] - delay(DelayTime): Delayed 0 second(s)

2020-05-30 01:34:20 - [MESSAGE][PASSED] - Delayed 0 second(s)

2020-05-30 01:34:20 - [TEST_STEP][PASSED] - sendKeys(NewInputNmField, Keys.chord(ENTER)): Keys 'ENTER + ' sent to object: 'Object Repository/Objects.HighlightElements/input_field_index'

2020-05-30 01:34:20 - [MESSAGE][PASSED] - Keys 'ENTER + ' sent to object: 'Object Repository/Objects.HighlightElements/input_field_index'

2020-05-30 01:34:20 - [TEST_STEP][PASSED] - ComboBoxValue = getAttribute(NewInputNmField, "value"): Attribute 'value' of object 'Object Repository/Objects.HighlightElements/input_field_index' is: 'Shi Hong Wei (HONGWEI)'

2020-05-30 01:34:21 - [MESSAGE][PASSED] - Attribute 'value' of object 'Object Repository/Objects.HighlightElements/input_field_index' is: 'Shi Hong Wei (HONGWEI)'

2020-05-30 01:34:21 - [TEST_STEP][PASSED] - callTestCase(findTestCase(CallTCName), ["FindValue":ComboBoxValue, "DropdownNm":comboNm], STOP_ON_FAILURE): Call Test Case 'Test Cases/PFI Precision and Scale/HashMap Tables/OfficerLists' successfully

2020-05-30 01:34:21 - [TEST_CASE][PASSED] - Test Cases/PFI Precision and Scale/HashMap Tables/OfficerLists: Test Cases/PFI Precision and Scale/HashMap Tables/OfficerLists

2020-05-30 01:34:21 - [TEST_STEP][PASSED] - Thread.sleep(1000): null

2020-05-30 01:34:22 - [TEST_STEP][PASSED] - OfficerLists = [1:"Aaron Sham Wai Lun (AARON)", 2:"Azidah Bte Akmad (Mdm) (USAABD)", 3:"Chung Fong Nyen (USACFN)", 4:"David Tey Dah Wei (DAHWEI)", ... ]: null

2020-05-30 01:34:22 - [TEST_STEP][PASSED] - ValueFound = OfficerLists.find({ -> ... }): null

2020-05-30 01:34:22 - [MESSAGE][PASSED] - Call Test Case 'Test Cases/PFI Precision and Scale/HashMap Tables/OfficerLists' successfully

2020-05-30 01:34:22 - [TEST_STEP][PASSED] - println(ValueFound): null

2020-05-30 01:34:22 - [TEST_STEP][PASSED] - sendKeys(NewInputNmField, Keys.chord(ARROW_DOWN)): Keys 'DOWN + ' sent to object: 'Object Repository/Objects.HighlightElements/input_field_index'

2020-05-30 01:34:22 - [MESSAGE][PASSED] - Keys 'DOWN + ' sent to object: 'Object Repository/Objects.HighlightElements/input_field_index'

2020-05-30 01:34:22 - [TEST_STEP][PASSED] - sendKeys(NewInputNmField, Keys.chord(ARROW_DOWN)): Keys 'DOWN + ' sent to object: 'Object Repository/Objects.HighlightElements/input_field_index'

2020-05-30 01:34:23 - [MESSAGE][PASSED] - Keys 'DOWN + ' sent to object: 'Object Repository/Objects.HighlightElements/input_field_index'

2020-05-30 01:34:23 - [TEST_STEP][PASSED] - delay(DelayTime): Delayed 0 second(s)

2020-05-30 01:34:23 - [MESSAGE][PASSED] - Delayed 0 second(s)

2020-05-30 01:34:23 - [TEST_STEP][PASSED] - sendKeys(NewInputNmField, Keys.chord(ENTER)): Keys 'ENTER + ' sent to object: 'Object Repository/Objects.HighlightElements/input_field_index'

2020-05-30 01:34:23 - [MESSAGE][PASSED] - Keys 'ENTER + ' sent to object: 'Object Repository/Objects.HighlightElements/input_field_index'

2020-05-30 01:34:23 - [TEST_STEP][PASSED] - ComboBoxValue = getAttribute(NewInputNmField, "value"): Attribute 'value' of object 'Object Repository/Objects.HighlightElements/input_field_index' is: 'Tan Jing Ying (JINGYING)'

2020-05-30 01:34:23 - [MESSAGE][PASSED] - Attribute 'value' of object 'Object Repository/Objects.HighlightElements/input_field_index' is: 'Tan Jing Ying (JINGYING)'

2020-05-30 01:34:23 - [TEST_STEP][PASSED] - callTestCase(findTestCase(CallTCName), ["FindValue":ComboBoxValue, "DropdownNm":comboNm], STOP_ON_FAILURE): Call Test Case 'Test Cases/PFI Precision and Scale/HashMap Tables/OfficerLists' successfully

2020-05-30 01:34:23 - [TEST_CASE][PASSED] - Test Cases/PFI Precision and Scale/HashMap Tables/OfficerLists: Test Cases/PFI Precision and Scale/HashMap Tables/OfficerLists

2020-05-30 01:34:23 - [TEST_STEP][PASSED] - Thread.sleep(1000): null

2020-05-30 01:34:25 - [TEST_STEP][PASSED] - OfficerLists = [1:"Aaron Sham Wai Lun (AARON)", 2:"Azidah Bte Akmad (Mdm) (USAABD)", 3:"Chung Fong Nyen (USACFN)", 4:"David Tey Dah Wei (DAHWEI)", ... ]: null

2020-05-30 01:34:25 - [TEST_STEP][PASSED] - ValueFound = OfficerLists.find({ -> ... }): null

2020-05-30 01:34:25 - [MESSAGE][PASSED] - Call Test Case 'Test Cases/PFI Precision and Scale/HashMap Tables/OfficerLists' successfully

2020-05-30 01:34:25 - [TEST_STEP][PASSED] - println(ValueFound): null

2020-05-30 01:34:25 - [TEST_STEP][PASSED] - sendKeys(NewInputNmField, Keys.chord(ARROW_DOWN)): Keys 'DOWN + ' sent to object: 'Object Repository/Objects.HighlightElements/input_field_index'

2020-05-30 01:34:25 - [MESSAGE][PASSED] - Keys 'DOWN + ' sent to object: 'Object Repository/Objects.HighlightElements/input_field_index'

2020-05-30 01:34:25 - [TEST_STEP][PASSED] - sendKeys(NewInputNmField, Keys.chord(ARROW_DOWN)): Keys 'DOWN + ' sent to object: 'Object Repository/Objects.HighlightElements/input_field_index'

2020-05-30 01:34:25 - [MESSAGE][PASSED] - Keys 'DOWN + ' sent to object: 'Object Repository/Objects.HighlightElements/input_field_index'

2020-05-30 01:34:25 - [TEST_STEP][PASSED] - delay(DelayTime): Delayed 0 second(s)

2020-05-30 01:34:25 - [MESSAGE][PASSED] - Delayed 0 second(s)

2020-05-30 01:34:25 - [TEST_STEP][PASSED] - sendKeys(NewInputNmField, Keys.chord(ENTER)): Keys 'ENTER + ' sent to object: 'Object Repository/Objects.HighlightElements/input_field_index'

2020-05-30 01:34:26 - [MESSAGE][PASSED] - Keys 'ENTER + ' sent to object: 'Object Repository/Objects.HighlightElements/input_field_index'

2020-05-30 01:34:26 - [TEST_STEP][PASSED] - ComboBoxValue = getAttribute(NewInputNmField, "value"): Attribute 'value' of object 'Object Repository/Objects.HighlightElements/input_field_index' is: 'Tan Kwan Joo (KWANJOO)'

2020-05-30 01:34:26 - [MESSAGE][PASSED] - Attribute 'value' of object 'Object Repository/Objects.HighlightElements/input_field_index' is: 'Tan Kwan Joo (KWANJOO)'

2020-05-30 01:34:26 - [TEST_STEP][PASSED] - callTestCase(findTestCase(CallTCName), ["FindValue":ComboBoxValue, "DropdownNm":comboNm], STOP_ON_FAILURE): Call Test Case 'Test Cases/PFI Precision and Scale/HashMap Tables/OfficerLists' successfully

2020-05-30 01:34:26 - [TEST_CASE][PASSED] - Test Cases/PFI Precision and Scale/HashMap Tables/OfficerLists: Test Cases/PFI Precision and Scale/HashMap Tables/OfficerLists

2020-05-30 01:34:26 - [TEST_STEP][PASSED] - Thread.sleep(1000): null

2020-05-30 01:34:27 - [TEST_STEP][PASSED] - OfficerLists = [1:"Aaron Sham Wai Lun (AARON)", 2:"Azidah Bte Akmad (Mdm) (USAABD)", 3:"Chung Fong Nyen (USACFN)", 4:"David Tey Dah Wei (DAHWEI)", ... ]: null

2020-05-30 01:34:27 - [TEST_STEP][PASSED] - ValueFound = OfficerLists.find({ -> ... }): null

2020-05-30 01:34:27 - [MESSAGE][PASSED] - Call Test Case 'Test Cases/PFI Precision and Scale/HashMap Tables/OfficerLists' successfully

2020-05-30 01:34:27 - [TEST_STEP][PASSED] - println(ValueFound): null

2020-05-30 01:34:27 - [TEST_STEP][PASSED] - sendKeys(NewInputNmField, Keys.chord(ARROW_DOWN)): Keys 'DOWN + ' sent to object: 'Object Repository/Objects.HighlightElements/input_field_index'

2020-05-30 01:34:28 - [MESSAGE][PASSED] - Keys 'DOWN + ' sent to object: 'Object Repository/Objects.HighlightElements/input_field_index'

2020-05-30 01:34:28 - [TEST_STEP][PASSED] - sendKeys(NewInputNmField, Keys.chord(ARROW_DOWN)): Keys 'DOWN + ' sent to object: 'Object Repository/Objects.HighlightElements/input_field_index'

2020-05-30 01:34:28 - [MESSAGE][PASSED] - Keys 'DOWN + ' sent to object: 'Object Repository/Objects.HighlightElements/input_field_index'

2020-05-30 01:34:28 - [TEST_STEP][PASSED] - delay(DelayTime): Delayed 0 second(s)

2020-05-30 01:34:28 - [MESSAGE][PASSED] - Delayed 0 second(s)

2020-05-30 01:34:28 - [TEST_STEP][PASSED] - sendKeys(NewInputNmField, Keys.chord(ENTER)): Keys 'ENTER + ' sent to object: 'Object Repository/Objects.HighlightElements/input_field_index'

2020-05-30 01:34:28 - [MESSAGE][PASSED] - Keys 'ENTER + ' sent to object: 'Object Repository/Objects.HighlightElements/input_field_index'

2020-05-30 01:34:28 - [TEST_STEP][PASSED] - ComboBoxValue = getAttribute(NewInputNmField, "value"): Attribute 'value' of object 'Object Repository/Objects.HighlightElements/input_field_index' is: 'Titus Chua Hwa Ping (TITUS)'

2020-05-30 01:34:29 - [MESSAGE][PASSED] - Attribute 'value' of object 'Object Repository/Objects.HighlightElements/input_field_index' is: 'Titus Chua Hwa Ping (TITUS)'

2020-05-30 01:34:29 - [TEST_STEP][PASSED] - callTestCase(findTestCase(CallTCName), ["FindValue":ComboBoxValue, "DropdownNm":comboNm], STOP_ON_FAILURE): Call Test Case 'Test Cases/PFI Precision and Scale/HashMap Tables/OfficerLists' successfully

2020-05-30 01:34:29 - [TEST_CASE][PASSED] - Test Cases/PFI Precision and Scale/HashMap Tables/OfficerLists: Test Cases/PFI Precision and Scale/HashMap Tables/OfficerLists

2020-05-30 01:34:29 - [TEST_STEP][PASSED] - Thread.sleep(1000): null

2020-05-30 01:34:30 - [TEST_STEP][PASSED] - OfficerLists = [1:"Aaron Sham Wai Lun (AARON)", 2:"Azidah Bte Akmad (Mdm) (USAABD)", 3:"Chung Fong Nyen (USACFN)", 4:"David Tey Dah Wei (DAHWEI)", ... ]: null

2020-05-30 01:34:30 - [TEST_STEP][PASSED] - ValueFound = OfficerLists.find({ -> ... }): null

2020-05-30 01:34:30 - [MESSAGE][PASSED] - Call Test Case 'Test Cases/PFI Precision and Scale/HashMap Tables/OfficerLists' successfully

2020-05-30 01:34:30 - [TEST_STEP][PASSED] - println(ValueFound): null

2020-05-30 01:34:30 - [TEST_STEP][PASSED] - sendKeys(NewInputNmField, Keys.chord(ARROW_DOWN)): Keys 'DOWN + ' sent to object: 'Object Repository/Objects.HighlightElements/input_field_index'

2020-05-30 01:34:30 - [MESSAGE][PASSED] - Keys 'DOWN + ' sent to object: 'Object Repository/Objects.HighlightElements/input_field_index'

2020-05-30 01:34:30 - [TEST_STEP][PASSED] - sendKeys(NewInputNmField, Keys.chord(ARROW_DOWN)): Keys 'DOWN + ' sent to object: 'Object Repository/Objects.HighlightElements/input_field_index'

2020-05-30 01:34:31 - [MESSAGE][PASSED] - Keys 'DOWN + ' sent to object: 'Object Repository/Objects.HighlightElements/input_field_index'

2020-05-30 01:34:31 - [TEST_STEP][PASSED] - delay(DelayTime): Delayed 0 second(s)

2020-05-30 01:34:31 - [MESSAGE][PASSED] - Delayed 0 second(s)

2020-05-30 01:34:31 - [TEST_STEP][PASSED] - sendKeys(NewInputNmField, Keys.chord(ENTER)): Keys 'ENTER + ' sent to object: 'Object Repository/Objects.HighlightElements/input_field_index'

2020-05-30 01:34:31 - [MESSAGE][PASSED] - Keys 'ENTER + ' sent to object: 'Object Repository/Objects.HighlightElements/input_field_index'

2020-05-30 01:34:31 - [TEST_STEP][PASSED] - ComboBoxValue = getAttribute(NewInputNmField, "value"): Attribute 'value' of object 'Object Repository/Objects.HighlightElements/input_field_index' is: 'Vijayaratnam Ng Lay Hoon (USANLH)'

2020-05-30 01:34:32 - [MESSAGE][PASSED] - Attribute 'value' of object 'Object Repository/Objects.HighlightElements/input_field_index' is: 'Vijayaratnam Ng Lay Hoon (USANLH)'

2020-05-30 01:34:32 - [TEST_STEP][PASSED] - callTestCase(findTestCase(CallTCName), ["FindValue":ComboBoxValue, "DropdownNm":comboNm], STOP_ON_FAILURE): Call Test Case 'Test Cases/PFI Precision and Scale/HashMap Tables/OfficerLists' successfully

2020-05-30 01:34:32 - [TEST_CASE][PASSED] - Test Cases/PFI Precision and Scale/HashMap Tables/OfficerLists: Test Cases/PFI Precision and Scale/HashMap Tables/OfficerLists

2020-05-30 01:34:32 - [TEST_STEP][PASSED] - Thread.sleep(1000): null

2020-05-30 01:34:33 - [TEST_STEP][PASSED] - OfficerLists = [1:"Aaron Sham Wai Lun (AARON)", 2:"Azidah Bte Akmad (Mdm) (USAABD)", 3:"Chung Fong Nyen (USACFN)", 4:"David Tey Dah Wei (DAHWEI)", ... ]: null

2020-05-30 01:34:33 - [TEST_STEP][PASSED] - ValueFound = OfficerLists.find({ -> ... }): null

2020-05-30 01:34:33 - [MESSAGE][PASSED] - Call Test Case 'Test Cases/PFI Precision and Scale/HashMap Tables/OfficerLists' successfully

2020-05-30 01:34:33 - [TEST_STEP][PASSED] - println(ValueFound): null

2020-05-30 01:34:33 - [TEST_STEP][PASSED] - sendKeys(NewInputNmField, Keys.chord(ARROW_DOWN)): Keys 'DOWN + ' sent to object: 'Object Repository/Objects.HighlightElements/input_field_index'

2020-05-30 01:34:33 - [MESSAGE][PASSED] - Keys 'DOWN + ' sent to object: 'Object Repository/Objects.HighlightElements/input_field_index'

2020-05-30 01:34:33 - [TEST_STEP][PASSED] - sendKeys(NewInputNmField, Keys.chord(ARROW_DOWN)): Keys 'DOWN + ' sent to object: 'Object Repository/Objects.HighlightElements/input_field_index'

2020-05-30 01:34:34 - [MESSAGE][PASSED] - Keys 'DOWN + ' sent to object: 'Object Repository/Objects.HighlightElements/input_field_index'

2020-05-30 01:34:34 - [TEST_STEP][PASSED] - delay(DelayTime): Delayed 0 second(s)

2020-05-30 01:34:34 - [MESSAGE][PASSED] - Delayed 0 second(s)

2020-05-30 01:34:34 - [TEST_STEP][PASSED] - sendKeys(NewInputNmField, Keys.chord(ENTER)): Keys 'ENTER + ' sent to object: 'Object Repository/Objects.HighlightElements/input_field_index'

2020-05-30 01:34:34 - [MESSAGE][PASSED] - Keys 'ENTER + ' sent to object: 'Object Repository/Objects.HighlightElements/input_field_index'

2020-05-30 01:34:34 - [TEST_STEP][PASSED] - ComboBoxValue = getAttribute(NewInputNmField, "value"): Attribute 'value' of object 'Object Repository/Objects.HighlightElements/input_field_index' is: 'Wong Swee Sheng (WONGSWEE)'

2020-05-30 01:34:34 - [MESSAGE][PASSED] - Attribute 'value' of object 'Object Repository/Objects.HighlightElements/input_field_index' is: 'Wong Swee Sheng (WONGSWEE)'

2020-05-30 01:34:34 - [TEST_STEP][PASSED] - callTestCase(findTestCase(CallTCName), ["FindValue":ComboBoxValue, "DropdownNm":comboNm], STOP_ON_FAILURE): Call Test Case 'Test Cases/PFI Precision and Scale/HashMap Tables/OfficerLists' successfully

2020-05-30 01:34:34 - [TEST_CASE][PASSED] - Test Cases/PFI Precision and Scale/HashMap Tables/OfficerLists: Test Cases/PFI Precision and Scale/HashMap Tables/OfficerLists

2020-05-30 01:34:34 - [TEST_STEP][PASSED] - Thread.sleep(1000): null

2020-05-30 01:34:35 - [TEST_STEP][PASSED] - OfficerLists = [1:"Aaron Sham Wai Lun (AARON)", 2:"Azidah Bte Akmad (Mdm) (USAABD)", 3:"Chung Fong Nyen (USACFN)", 4:"David Tey Dah Wei (DAHWEI)", ... ]: null

2020-05-30 01:34:35 - [TEST_STEP][PASSED] - ValueFound = OfficerLists.find({ -> ... }): null

2020-05-30 01:34:35 - [MESSAGE][PASSED] - Call Test Case 'Test Cases/PFI Precision and Scale/HashMap Tables/OfficerLists' successfully

2020-05-30 01:34:35 - [TEST_STEP][PASSED] - println(ValueFound): null

2020-05-30 01:34:35 - [TEST_STEP][PASSED] - sendKeys(NewInputNmField, Keys.chord(ARROW_DOWN)): Keys 'DOWN + ' sent to object: 'Object Repository/Objects.HighlightElements/input_field_index'

2020-05-30 01:34:36 - [MESSAGE][PASSED] - Keys 'DOWN + ' sent to object: 'Object Repository/Objects.HighlightElements/input_field_index'

2020-05-30 01:34:36 - [TEST_STEP][PASSED] - sendKeys(NewInputNmField, Keys.chord(ARROW_DOWN)): Keys 'DOWN + ' sent to object: 'Object Repository/Objects.HighlightElements/input_field_index'

2020-05-30 01:34:36 - [MESSAGE][PASSED] - Keys 'DOWN + ' sent to object: 'Object Repository/Objects.HighlightElements/input_field_index'

2020-05-30 01:34:36 - [TEST_STEP][PASSED] - delay(DelayTime): Delayed 0 second(s)

2020-05-30 01:34:36 - [MESSAGE][PASSED] - Delayed 0 second(s)

2020-05-30 01:34:36 - [TEST_STEP][PASSED] - sendKeys(NewInputNmField, Keys.chord(ENTER)): Keys 'ENTER + ' sent to object: 'Object Repository/Objects.HighlightElements/input_field_index'

2020-05-30 01:34:37 - [MESSAGE][PASSED] - Keys 'ENTER + ' sent to object: 'Object Repository/Objects.HighlightElements/input_field_index'

2020-05-30 01:34:37 - [TEST_STEP][PASSED] - ComboBoxValue = getAttribute(NewInputNmField, "value"): Attribute 'value' of object 'Object Repository/Objects.HighlightElements/input_field_index' is: 'Zhao Dianfeng (DIANFENG)'

2020-05-30 01:34:37 - [MESSAGE][PASSED] - Attribute 'value' of object 'Object Repository/Objects.HighlightElements/input_field_index' is: 'Zhao Dianfeng (DIANFENG)'

2020-05-30 01:34:37 - [TEST_STEP][PASSED] - callTestCase(findTestCase(CallTCName), ["FindValue":ComboBoxValue, "DropdownNm":comboNm], STOP_ON_FAILURE): Call Test Case 'Test Cases/PFI Precision and Scale/HashMap Tables/OfficerLists' successfully

2020-05-30 01:34:37 - [TEST_CASE][PASSED] - Test Cases/PFI Precision and Scale/HashMap Tables/OfficerLists: Test Cases/PFI Precision and Scale/HashMap Tables/OfficerLists

2020-05-30 01:34:37 - [TEST_STEP][PASSED] - Thread.sleep(1000): null

2020-05-30 01:34:38 - [TEST_STEP][PASSED] - OfficerLists = [1:"Aaron Sham Wai Lun (AARON)", 2:"Azidah Bte Akmad (Mdm) (USAABD)", 3:"Chung Fong Nyen (USACFN)", 4:"David Tey Dah Wei (DAHWEI)", ... ]: null

2020-05-30 01:34:38 - [TEST_STEP][PASSED] - ValueFound = OfficerLists.find({ -> ... }): null

2020-05-30 01:34:38 - [MESSAGE][PASSED] - Call Test Case 'Test Cases/PFI Precision and Scale/HashMap Tables/OfficerLists' successfully

2020-05-30 01:34:38 - [TEST_STEP][PASSED] - println(ValueFound): null

2020-05-30 01:34:38 - [TEST_STEP][PASSED] - sendKeys(NewInputNmField, Keys.chord(ARROW_DOWN)): Keys 'DOWN + ' sent to object: 'Object Repository/Objects.HighlightElements/input_field_index'

2020-05-30 01:34:38 - [MESSAGE][PASSED] - Keys 'DOWN + ' sent to object: 'Object Repository/Objects.HighlightElements/input_field_index'

2020-05-30 01:34:38 - [TEST_STEP][PASSED] - sendKeys(NewInputNmField, Keys.chord(ENTER)): Keys 'ENTER + ' sent to object: 'Object Repository/Objects.HighlightElements/input_field_index'

2020-05-30 01:34:39 - [MESSAGE][PASSED] - Keys 'ENTER + ' sent to object: 'Object Repository/Objects.HighlightElements/input_field_index'

2020-05-30 01:34:39 - [MESSAGE][PASSED] - Call Test Case 'Test Cases/PFI Precision and Scale/PFI Components with Indexing/VerifyDropdownValuesIndex' successfully

2020-05-30 01:34:39 - [TEST_STEP][PASSED] - callTestCase(findTestCase("Components/SelectAllThenDeleteIndex"), ["nameToBeUsed":"decIntAssignOffcr", "index":2], STOP_ON_FAILURE): Call Test Case 'Test Cases/Components/SelectAllThenDeleteIndex' successfully

2020-05-30 01:34:39 - [TEST_CASE][PASSED] - Test Cases/Components/SelectAllThenDeleteIndex: Test Cases/Components/SelectAllThenDeleteIndex

2020-05-30 01:34:39 - [TEST_STEP][PASSED] - Thread.sleep(1000): null

2020-05-30 01:34:40 - [TEST_STEP][PASSED] - modifiedObj = modifyObjectProperty(findTestObject("Object Repository/Objects.HighlightElements/input_field_index"), "xpath", "equals", "(//*[contains(@class,'x-form-text') and (@name='" + nameToBeUsed + "')])[" + index + "]", true): Modify property of object successfully

2020-05-30 01:34:40 - [MESSAGE][PASSED] - Modify property of object successfully

2020-05-30 01:34:40 - [TEST_STEP][PASSED] - focus(modifiedObj): Object: 'Object Repository/Objects.HighlightElements/input_field_index' is focused

2020-05-30 01:34:40 - [MESSAGE][PASSED] - Object: 'Object Repository/Objects.HighlightElements/input_field_index' is focused

2020-05-30 01:34:40 - [TEST_STEP][PASSED] - sendKeys(modifiedObj, Keys.chord(CONTROL, "a")): Keys 'CONTROL + a' sent to object: 'Object Repository/Objects.HighlightElements/input_field_index'

2020-05-30 01:34:41 - [MESSAGE][PASSED] - Keys 'CONTROL + a' sent to object: 'Object Repository/Objects.HighlightElements/input_field_index'

2020-05-30 01:34:41 - [TEST_STEP][PASSED] - sendKeys(modifiedObj, Keys.chord(DELETE)): Keys 'DELETE + ' sent to object: 'Object Repository/Objects.HighlightElements/input_field_index'

2020-05-30 01:34:41 - [MESSAGE][PASSED] - Keys 'DELETE + ' sent to object: 'Object Repository/Objects.HighlightElements/input_field_index'

2020-05-30 01:34:41 - [MESSAGE][PASSED] - Call Test Case 'Test Cases/Components/SelectAllThenDeleteIndex' successfully

2020-05-30 01:34:41 - [TEST_STEP][PASSED] - callTestCase(findTestCase("PFI Precision and Scale/PFI Components with Indexing/RequiredFieldValidationIndex"), ["nameToBeUsed":"decIntAssignOffcr", "index":2], STOP_ON_FAILURE): Call Test Case 'Test Cases/PFI Precision and Scale/PFI Components with Indexing/RequiredFieldValidationIndex' successfully

2020-05-30 01:34:41 - [TEST_CASE][PASSED] - Test Cases/PFI Precision and Scale/PFI Components with Indexing/RequiredFieldValidationIndex: Test Cases/PFI Precision and Scale/PFI Components with Indexing/RequiredFieldValidationIndex

2020-05-30 01:34:41 - [TEST_STEP][PASSED] - enableSmartWait(): null

2020-05-30 01:34:41 - [TEST_STEP][PASSED] - NewInputNmField = modifyObjectProperty(findTestObject("Objects.HighlightElements/input_field_index"), "xpath", "equals", "(//*[contains(@class,'x-form-text') and (@name='" + nameToBeUsed + "')])[" + index + "]", true): Modify property of object successfully

2020-05-30 01:34:41 - [MESSAGE][PASSED] - Modify property of object successfully

2020-05-30 01:34:41 - [TEST_STEP][PASSED] - mouseOver(NewInputNmField): Object: 'Object Repository/Objects.HighlightElements/input_field_index' is hovered

2020-05-30 01:34:42 - [MESSAGE][PASSED] - Object: 'Object Repository/Objects.HighlightElements/input_field_index' is hovered

2020-05-30 01:34:42 - [TEST_STEP][PASSED] - getRqErrMsg = getAttribute(NewInputNmField, "data-errorqtip"): Attribute 'data-errorqtip' of object 'Object Repository/Objects.HighlightElements/input_field_index' is: '<ul class="x-list-plain"><li>This field is required</li></ul>'

2020-05-30 01:34:42 - [MESSAGE][PASSED] - Attribute 'data-errorqtip' of object 'Object Repository/Objects.HighlightElements/input_field_index' is: '<ul class="x-list-plain"><li>This field is required</li></ul>'

2020-05-30 01:34:42 - [TEST_STEP][PASSED] - strToolTip = getRqErrMsg.substring(29, 61): null

2020-05-30 01:34:42 - [TEST_STEP][PASSED] - toolTipReqErrMsg = strToolTip.substring(0, 22): null

2020-05-30 01:34:42 - [TEST_STEP][PASSED] - verifyMatch(toolTipReqErrMsg, RqField, true): Actual text 'This field is required' and expected text 'This field is required' are matched  using regular expression

2020-05-30 01:34:42 - [MESSAGE][PASSED] - Actual text 'This field is required' and expected text 'This field is required' are matched  using regular expression

2020-05-30 01:34:42 - [MESSAGE][PASSED] - Call Test Case 'Test Cases/PFI Precision and Scale/PFI Components with Indexing/RequiredFieldValidationIndex' successfully

2020-05-30 01:34:42 - [TEST_STEP][PASSED] - callTestCase(findTestCase("Components/HighlightLabelFieldXPI"), ["LblName":"Decision To", "index":2], STOP_ON_FAILURE): Call Test Case 'Test Cases/Components/HighlightLabelFieldXPI' successfully

2020-05-30 01:34:42 - [TEST_CASE][PASSED] - Test Cases/Components/HighlightLabelFieldXPI: Test Cases/Components/HighlightLabelFieldXPI

2020-05-30 01:34:42 - [TEST_STEP][PASSED] - Thread.sleep(1000): null

2020-05-30 01:34:43 - [TEST_STEP][PASSED] - modifiedLblNm = modifyObjectProperty(findTestObject("Object Repository/Objects.HighlightElements/lblField_index"), "xpath", "equals", "(//*[contains(@class, 'x-form-item-label-inner x-form-item-label-inner-default') and contains(., '" + LblName + "')])[" + index + "]", true): Modify property of object successfully

2020-05-30 01:34:43 - [MESSAGE][PASSED] - Modify property of object successfully

2020-05-30 01:34:43 - [TEST_STEP][PASSED] - com.reusableComponents.HighlightElement.run(modifiedLblNm): com.reusableComponents.HighlightElement.run is PASSED

2020-05-30 01:34:44 - [MESSAGE][PASSED] - com.reusableComponents.HighlightElement.run is PASSED

2020-05-30 01:34:44 - [MESSAGE][PASSED] - Call Test Case 'Test Cases/Components/HighlightLabelFieldXPI' successfully

2020-05-30 01:34:44 - [TEST_STEP][PASSED] - callTestCase(findTestCase("Components/HighlightInputIndexField"), ["InputName":"decIntDecisionTo", "index":2], STOP_ON_FAILURE): Call Test Case 'Test Cases/Components/HighlightInputIndexField' successfully

2020-05-30 01:34:44 - [TEST_CASE][PASSED] - Test Cases/Components/HighlightInputIndexField: Test Cases/Components/HighlightInputIndexField

2020-05-30 01:34:44 - [TEST_STEP][PASSED] - Thread.sleep(1000): null

2020-05-30 01:34:45 - [TEST_STEP][PASSED] - modifiedInputFld = modifyObjectProperty(findTestObject("Objects.HighlightElements/input_field_index"), "xpath", "equals", "(//*[contains(@class,'x-form-text') and (@name='" + InputName + "')])[" + index + "]", true): Modify property of object successfully

2020-05-30 01:34:45 - [MESSAGE][PASSED] - Modify property of object successfully

2020-05-30 01:34:45 - [TEST_STEP][PASSED] - com.reusableComponents.HighlightElement.run(modifiedInputFld): com.reusableComponents.HighlightElement.run is PASSED

2020-05-30 01:34:45 - [MESSAGE][PASSED] - com.reusableComponents.HighlightElement.run is PASSED

2020-05-30 01:34:45 - [MESSAGE][PASSED] - Call Test Case 'Test Cases/Components/HighlightInputIndexField' successfully

2020-05-30 01:34:45 - [TEST_STEP][PASSED] - callTestCase(findTestCase("PFI Precision and Scale/PFI Components with Indexing/VerifyDropdownValuesIndex"), ["FldNm":"decIntDecisionTo", "CallTCName":"PFI Precision and Scale/HashMap Tables/OfficerLists", "cmbNm":"DecisionTo", "NoOfVal":2, ... ], STOP_ON_FAILURE): Call Test Case 'Test Cases/PFI Precision and Scale/PFI Components with Indexing/VerifyDropdownValuesIndex' successfully

2020-05-30 01:34:46 - [TEST_CASE][PASSED] - Test Cases/PFI Precision and Scale/PFI Components with Indexing/VerifyDropdownValuesIndex: Test Cases/PFI Precision and Scale/PFI Components with Indexing/VerifyDropdownValuesIndex

2020-05-30 01:34:46 - [TEST_STEP][PASSED] - Thread.sleep(1000): null

2020-05-30 01:34:47 - [TEST_STEP][PASSED] - NewInputNmField = modifyObjectProperty(findTestObject("Object Repository/Objects.HighlightElements/input_field_index"), "xpath", "equals", "(//*[contains(@class,'x-form-text') and (@name='" + FldNm + "')])[" + index + "]", true): Modify property of object successfully

2020-05-30 01:34:47 - [MESSAGE][PASSED] - Modify property of object successfully

2020-05-30 01:34:47 - [TEST_STEP][PASSED] - comboNm = cmbNm: null

2020-05-30 01:34:47 - [TEST_STEP][PASSED] - focus(NewInputNmField): Object: 'Object Repository/Objects.HighlightElements/input_field_index' is focused

2020-05-30 01:34:47 - [MESSAGE][PASSED] - Object: 'Object Repository/Objects.HighlightElements/input_field_index' is focused

2020-05-30 01:34:47 - [TEST_STEP][PASSED] - setText(NewInputNmField, EnterValue): Text '' is set on object 'Object Repository/Objects.HighlightElements/input_field_index'

2020-05-30 01:34:47 - [MESSAGE][PASSED] - Text '' is set on object 'Object Repository/Objects.HighlightElements/input_field_index'

2020-05-30 01:34:47 - [TEST_STEP][PASSED] - for ([i = 1, i <= NoOfVal, (i++)]): Keys 'DOWN + ' sent to object: 'Object Repository/Objects.HighlightElements/input_field_index'

2020-05-30 01:34:47 - [TEST_STEP][PASSED] - sendKeys(NewInputNmField, Keys.chord(ARROW_DOWN)): Keys 'DOWN + ' sent to object: 'Object Repository/Objects.HighlightElements/input_field_index'

2020-05-30 01:34:48 - [MESSAGE][PASSED] - Keys 'DOWN + ' sent to object: 'Object Repository/Objects.HighlightElements/input_field_index'

2020-05-30 01:34:48 - [TEST_STEP][PASSED] - delay(DelayTime): Delayed 0 second(s)

2020-05-30 01:34:48 - [MESSAGE][PASSED] - Delayed 0 second(s)

2020-05-30 01:34:48 - [TEST_STEP][PASSED] - sendKeys(NewInputNmField, Keys.chord(ENTER)): Keys 'ENTER + ' sent to object: 'Object Repository/Objects.HighlightElements/input_field_index'

2020-05-30 01:34:48 - [MESSAGE][PASSED] - Keys 'ENTER + ' sent to object: 'Object Repository/Objects.HighlightElements/input_field_index'

2020-05-30 01:34:48 - [TEST_STEP][PASSED] - ComboBoxValue = getAttribute(NewInputNmField, "value"): Attribute 'value' of object 'Object Repository/Objects.HighlightElements/input_field_index' is: 'Approved'

2020-05-30 01:34:49 - [MESSAGE][PASSED] - Attribute 'value' of object 'Object Repository/Objects.HighlightElements/input_field_index' is: 'Approved'

2020-05-30 01:34:49 - [TEST_STEP][PASSED] - callTestCase(findTestCase(CallTCName), ["FindValue":ComboBoxValue, "DropdownNm":comboNm], STOP_ON_FAILURE): Call Test Case 'Test Cases/PFI Precision and Scale/HashMap Tables/OfficerLists' successfully

2020-05-30 01:34:49 - [TEST_CASE][PASSED] - Test Cases/PFI Precision and Scale/HashMap Tables/OfficerLists: Test Cases/PFI Precision and Scale/HashMap Tables/OfficerLists

2020-05-30 01:34:49 - [TEST_STEP][PASSED] - Thread.sleep(1000): null

2020-05-30 01:34:50 - [TEST_STEP][PASSED] - OfficerLists = [1:"Aaron Sham Wai Lun (AARON)", 2:"Azidah Bte Akmad (Mdm) (USAABD)", 3:"Chung Fong Nyen (USACFN)", 4:"David Tey Dah Wei (DAHWEI)", ... ]: null

2020-05-30 01:34:50 - [TEST_STEP][PASSED] - ValueFound = OfficerLists.find({ -> ... }): null

2020-05-30 01:34:50 - [MESSAGE][PASSED] - Call Test Case 'Test Cases/PFI Precision and Scale/HashMap Tables/OfficerLists' successfully

2020-05-30 01:34:50 - [TEST_STEP][PASSED] - println(ValueFound): null

2020-05-30 01:34:50 - [TEST_STEP][PASSED] - sendKeys(NewInputNmField, Keys.chord(ARROW_DOWN)): Keys 'DOWN + ' sent to object: 'Object Repository/Objects.HighlightElements/input_field_index'

2020-05-30 01:34:50 - [MESSAGE][PASSED] - Keys 'DOWN + ' sent to object: 'Object Repository/Objects.HighlightElements/input_field_index'

2020-05-30 01:34:50 - [TEST_STEP][PASSED] - sendKeys(NewInputNmField, Keys.chord(ARROW_DOWN)): Keys 'DOWN + ' sent to object: 'Object Repository/Objects.HighlightElements/input_field_index'

2020-05-30 01:34:50 - [MESSAGE][PASSED] - Keys 'DOWN + ' sent to object: 'Object Repository/Objects.HighlightElements/input_field_index'

2020-05-30 01:34:50 - [TEST_STEP][PASSED] - delay(DelayTime): Delayed 0 second(s)

2020-05-30 01:34:50 - [MESSAGE][PASSED] - Delayed 0 second(s)

2020-05-30 01:34:50 - [TEST_STEP][PASSED] - sendKeys(NewInputNmField, Keys.chord(ENTER)): Keys 'ENTER + ' sent to object: 'Object Repository/Objects.HighlightElements/input_field_index'

2020-05-30 01:34:51 - [MESSAGE][PASSED] - Keys 'ENTER + ' sent to object: 'Object Repository/Objects.HighlightElements/input_field_index'

2020-05-30 01:34:51 - [TEST_STEP][PASSED] - ComboBoxValue = getAttribute(NewInputNmField, "value"): Attribute 'value' of object 'Object Repository/Objects.HighlightElements/input_field_index' is: 'Disapproved'

2020-05-30 01:34:51 - [MESSAGE][PASSED] - Attribute 'value' of object 'Object Repository/Objects.HighlightElements/input_field_index' is: 'Disapproved'

2020-05-30 01:34:51 - [TEST_STEP][PASSED] - callTestCase(findTestCase(CallTCName), ["FindValue":ComboBoxValue, "DropdownNm":comboNm], STOP_ON_FAILURE): Call Test Case 'Test Cases/PFI Precision and Scale/HashMap Tables/OfficerLists' successfully

2020-05-30 01:34:51 - [TEST_CASE][PASSED] - Test Cases/PFI Precision and Scale/HashMap Tables/OfficerLists: Test Cases/PFI Precision and Scale/HashMap Tables/OfficerLists

2020-05-30 01:34:51 - [TEST_STEP][PASSED] - Thread.sleep(1000): null

2020-05-30 01:34:52 - [TEST_STEP][PASSED] - OfficerLists = [1:"Aaron Sham Wai Lun (AARON)", 2:"Azidah Bte Akmad (Mdm) (USAABD)", 3:"Chung Fong Nyen (USACFN)", 4:"David Tey Dah Wei (DAHWEI)", ... ]: null

2020-05-30 01:34:52 - [TEST_STEP][PASSED] - ValueFound = OfficerLists.find({ -> ... }): null

2020-05-30 01:34:52 - [MESSAGE][PASSED] - Call Test Case 'Test Cases/PFI Precision and Scale/HashMap Tables/OfficerLists' successfully

2020-05-30 01:34:52 - [TEST_STEP][PASSED] - println(ValueFound): null

2020-05-30 01:34:52 - [TEST_STEP][PASSED] - sendKeys(NewInputNmField, Keys.chord(ARROW_DOWN)): Keys 'DOWN + ' sent to object: 'Object Repository/Objects.HighlightElements/input_field_index'

2020-05-30 01:34:53 - [MESSAGE][PASSED] - Keys 'DOWN + ' sent to object: 'Object Repository/Objects.HighlightElements/input_field_index'

2020-05-30 01:34:53 - [TEST_STEP][PASSED] - sendKeys(NewInputNmField, Keys.chord(ENTER)): Keys 'ENTER + ' sent to object: 'Object Repository/Objects.HighlightElements/input_field_index'

2020-05-30 01:34:53 - [MESSAGE][PASSED] - Keys 'ENTER + ' sent to object: 'Object Repository/Objects.HighlightElements/input_field_index'

2020-05-30 01:34:53 - [MESSAGE][PASSED] - Call Test Case 'Test Cases/PFI Precision and Scale/PFI Components with Indexing/VerifyDropdownValuesIndex' successfully

2020-05-30 01:34:53 - [TEST_STEP][PASSED] - callTestCase(findTestCase("Components/SelectAllThenDeleteIndex"), ["nameToBeUsed":"decIntDecisionTo", "index":2], STOP_ON_FAILURE): Call Test Case 'Test Cases/Components/SelectAllThenDeleteIndex' successfully

2020-05-30 01:34:53 - [TEST_CASE][PASSED] - Test Cases/Components/SelectAllThenDeleteIndex: Test Cases/Components/SelectAllThenDeleteIndex

2020-05-30 01:34:53 - [TEST_STEP][PASSED] - Thread.sleep(1000): null

2020-05-30 01:34:54 - [TEST_STEP][PASSED] - modifiedObj = modifyObjectProperty(findTestObject("Object Repository/Objects.HighlightElements/input_field_index"), "xpath", "equals", "(//*[contains(@class,'x-form-text') and (@name='" + nameToBeUsed + "')])[" + index + "]", true): Modify property of object successfully

2020-05-30 01:34:54 - [MESSAGE][PASSED] - Modify property of object successfully

2020-05-30 01:34:54 - [TEST_STEP][PASSED] - focus(modifiedObj): Object: 'Object Repository/Objects.HighlightElements/input_field_index' is focused

2020-05-30 01:34:55 - [MESSAGE][PASSED] - Object: 'Object Repository/Objects.HighlightElements/input_field_index' is focused

2020-05-30 01:34:55 - [TEST_STEP][PASSED] - sendKeys(modifiedObj, Keys.chord(CONTROL, "a")): Keys 'CONTROL + a' sent to object: 'Object Repository/Objects.HighlightElements/input_field_index'

2020-05-30 01:34:55 - [MESSAGE][PASSED] - Keys 'CONTROL + a' sent to object: 'Object Repository/Objects.HighlightElements/input_field_index'

2020-05-30 01:34:55 - [TEST_STEP][PASSED] - sendKeys(modifiedObj, Keys.chord(DELETE)): Keys 'DELETE + ' sent to object: 'Object Repository/Objects.HighlightElements/input_field_index'

2020-05-30 01:34:55 - [MESSAGE][PASSED] - Keys 'DELETE + ' sent to object: 'Object Repository/Objects.HighlightElements/input_field_index'

2020-05-30 01:34:55 - [MESSAGE][PASSED] - Call Test Case 'Test Cases/Components/SelectAllThenDeleteIndex' successfully

2020-05-30 01:34:55 - [TEST_STEP][PASSED] - callTestCase(findTestCase("PFI Precision and Scale/PFI Components with Indexing/RequiredFieldValidationIndex"), ["nameToBeUsed":"decIntDecisionTo", "index":2], STOP_ON_FAILURE): Call Test Case 'Test Cases/PFI Precision and Scale/PFI Components with Indexing/RequiredFieldValidationIndex' successfully

2020-05-30 01:34:55 - [TEST_CASE][PASSED] - Test Cases/PFI Precision and Scale/PFI Components with Indexing/RequiredFieldValidationIndex: Test Cases/PFI Precision and Scale/PFI Components with Indexing/RequiredFieldValidationIndex

2020-05-30 01:34:55 - [TEST_STEP][PASSED] - enableSmartWait(): null

2020-05-30 01:34:55 - [TEST_STEP][PASSED] - NewInputNmField = modifyObjectProperty(findTestObject("Objects.HighlightElements/input_field_index"), "xpath", "equals", "(//*[contains(@class,'x-form-text') and (@name='" + nameToBeUsed + "')])[" + index + "]", true): Modify property of object successfully

2020-05-30 01:34:55 - [MESSAGE][PASSED] - Modify property of object successfully

2020-05-30 01:34:55 - [TEST_STEP][PASSED] - mouseOver(NewInputNmField): Object: 'Object Repository/Objects.HighlightElements/input_field_index' is hovered

2020-05-30 01:34:56 - [MESSAGE][PASSED] - Object: 'Object Repository/Objects.HighlightElements/input_field_index' is hovered

2020-05-30 01:34:56 - [TEST_STEP][PASSED] - getRqErrMsg = getAttribute(NewInputNmField, "data-errorqtip"): Attribute 'data-errorqtip' of object 'Object Repository/Objects.HighlightElements/input_field_index' is: '<ul class="x-list-plain"><li>This field is required</li></ul>'

2020-05-30 01:34:56 - [MESSAGE][PASSED] - Attribute 'data-errorqtip' of object 'Object Repository/Objects.HighlightElements/input_field_index' is: '<ul class="x-list-plain"><li>This field is required</li></ul>'

2020-05-30 01:34:56 - [TEST_STEP][PASSED] - strToolTip = getRqErrMsg.substring(29, 61): null

2020-05-30 01:34:56 - [TEST_STEP][PASSED] - toolTipReqErrMsg = strToolTip.substring(0, 22): null

2020-05-30 01:34:56 - [TEST_STEP][PASSED] - verifyMatch(toolTipReqErrMsg, RqField, true): Actual text 'This field is required' and expected text 'This field is required' are matched  using regular expression

2020-05-30 01:34:56 - [MESSAGE][PASSED] - Actual text 'This field is required' and expected text 'This field is required' are matched  using regular expression

2020-05-30 01:34:56 - [MESSAGE][PASSED] - Call Test Case 'Test Cases/PFI Precision and Scale/PFI Components with Indexing/RequiredFieldValidationIndex' successfully

2020-05-30 01:34:56 - [TEST_STEP][PASSED] - callTestCase(findTestCase("Components/HighlightLabelFieldXPI"), ["LblName":"AO Notes", "index":5], STOP_ON_FAILURE): Call Test Case 'Test Cases/Components/HighlightLabelFieldXPI' successfully

2020-05-30 01:34:56 - [TEST_CASE][PASSED] - Test Cases/Components/HighlightLabelFieldXPI: Test Cases/Components/HighlightLabelFieldXPI

2020-05-30 01:34:56 - [TEST_STEP][PASSED] - Thread.sleep(1000): null

2020-05-30 01:34:57 - [TEST_STEP][PASSED] - modifiedLblNm = modifyObjectProperty(findTestObject("Object Repository/Objects.HighlightElements/lblField_index"), "xpath", "equals", "(//*[contains(@class, 'x-form-item-label-inner x-form-item-label-inner-default') and contains(., '" + LblName + "')])[" + index + "]", true): Modify property of object successfully

2020-05-30 01:34:57 - [MESSAGE][PASSED] - Modify property of object successfully

2020-05-30 01:34:57 - [TEST_STEP][PASSED] - com.reusableComponents.HighlightElement.run(modifiedLblNm): com.reusableComponents.HighlightElement.run is PASSED

2020-05-30 01:34:58 - [MESSAGE][PASSED] - com.reusableComponents.HighlightElement.run is PASSED

2020-05-30 01:34:58 - [MESSAGE][PASSED] - Call Test Case 'Test Cases/Components/HighlightLabelFieldXPI' successfully

2020-05-30 01:34:58 - [TEST_STEP][PASSED] - callTestCase(findTestCase("Components/HighlightInputIndexField"), ["InputName":"decIntAONotes", "index":2], STOP_ON_FAILURE): Call Test Case 'Test Cases/Components/HighlightInputIndexField' successfully

2020-05-30 01:34:58 - [TEST_CASE][PASSED] - Test Cases/Components/HighlightInputIndexField: Test Cases/Components/HighlightInputIndexField

2020-05-30 01:34:58 - [TEST_STEP][PASSED] - Thread.sleep(1000): null

2020-05-30 01:34:59 - [TEST_STEP][PASSED] - modifiedInputFld = modifyObjectProperty(findTestObject("Objects.HighlightElements/input_field_index"), "xpath", "equals", "(//*[contains(@class,'x-form-text') and (@name='" + InputName + "')])[" + index + "]", true): Modify property of object successfully

2020-05-30 01:34:59 - [MESSAGE][PASSED] - Modify property of object successfully

2020-05-30 01:34:59 - [TEST_STEP][PASSED] - com.reusableComponents.HighlightElement.run(modifiedInputFld): com.reusableComponents.HighlightElement.run is PASSED

2020-05-30 01:35:00 - [MESSAGE][PASSED] - com.reusableComponents.HighlightElement.run is PASSED

2020-05-30 01:35:00 - [MESSAGE][PASSED] - Call Test Case 'Test Cases/Components/HighlightInputIndexField' successfully

2020-05-30 01:35:00 - [TEST_STEP][PASSED] - callTestCase(findTestCase("PFI Precision and Scale/PFI Components with Indexing/AlphaNumericSpecialValidationIndex"), ["FldNm":"decIntAONotes", "LenChar":10, "index":2], STOP_ON_FAILURE): Call Test Case 'Test Cases/PFI Precision and Scale/PFI Components with Indexing/AlphaNumericSpecialValidationIndex' successfully

2020-05-30 01:35:00 - [TEST_CASE][PASSED] - Test Cases/PFI Precision and Scale/PFI Components with Indexing/AlphaNumericSpecialValidationIndex: Test Cases/PFI Precision and Scale/PFI Components with Indexing/AlphaNumericSpecialValidationIndex

2020-05-30 01:35:00 - [TEST_STEP][PASSED] - charset = /?><"".join(): null

2020-05-30 01:35:00 - [TEST_STEP][PASSED] - AlphaNumeric = 9).join(): null

2020-05-30 01:35:00 - [TEST_STEP][PASSED] - SpecialChar = "`~!@#$%^&*()-=+_{}|\][;'":,./?><"": null

2020-05-30 01:35:00 - [TEST_STEP][PASSED] - RandomString = RandomStringUtils.random(LenChar, AlphaNumeric.toCharArray()): null

2020-05-30 01:35:00 - [TEST_STEP][PASSED] - RdmSpChar = RandomStringUtils.random(LenChar, SpecialChar): null

2020-05-30 01:35:00 - [TEST_STEP][PASSED] - regexPat = Pattern.compile("^[A-Za-z0-9 ]+$"): null

2020-05-30 01:35:00 - [TEST_STEP][PASSED] - NewInputNmField = modifyObjectProperty(findTestObject("Object Repository/Objects.HighlightElements/input_field_index"), "xpath", "equals", "(//*[contains(@class,'x-form-text') and (@name='" + FldNm + "')])[" + index + "]", true): Modify property of object successfully

2020-05-30 01:35:00 - [MESSAGE][PASSED] - Modify property of object successfully

2020-05-30 01:35:00 - [TEST_STEP][PASSED] - setText(NewInputNmField, RandomString): Text 'tGYJ2u77gX' is set on object 'Object Repository/Objects.HighlightElements/input_field_index'

2020-05-30 01:35:00 - [MESSAGE][PASSED] - Text 'tGYJ2u77gX' is set on object 'Object Repository/Objects.HighlightElements/input_field_index'

2020-05-30 01:35:00 - [TEST_STEP][PASSED] - RemarksAN = getAttribute(NewInputNmField, "value"): Attribute 'value' of object 'Object Repository/Objects.HighlightElements/input_field_index' is: 'tGYJ2u77gX'

2020-05-30 01:35:01 - [MESSAGE][PASSED] - Attribute 'value' of object 'Object Repository/Objects.HighlightElements/input_field_index' is: 'tGYJ2u77gX'

2020-05-30 01:35:01 - [TEST_STEP][PASSED] - matchStr = regexPat.matcher(RemarksAN): null

2020-05-30 01:35:01 - [TEST_STEP][PASSED] - if (matchStr.matches() == true): Accepting Alphanumeric

2020-05-30 01:35:01 - [TEST_STEP][PASSED] - comment("Accepting Alphanumeric"): Accepting Alphanumeric

2020-05-30 01:35:01 - [MESSAGE][INFO] - Accepting Alphanumeric

2020-05-30 01:35:01 - [TEST_STEP][PASSED] - setText(NewInputNmField, RdmSpChar): Text '>`;#]-$\>`' is set on object 'Object Repository/Objects.HighlightElements/input_field_index'

2020-05-30 01:35:01 - [MESSAGE][PASSED] - Text '>`;#]-$\>`' is set on object 'Object Repository/Objects.HighlightElements/input_field_index'

2020-05-30 01:35:01 - [TEST_STEP][PASSED] - RemarksSpChar = getAttribute(NewInputNmField, "value"): Attribute 'value' of object 'Object Repository/Objects.HighlightElements/input_field_index' is: '>`;#]-$\>`'

2020-05-30 01:35:01 - [MESSAGE][PASSED] - Attribute 'value' of object 'Object Repository/Objects.HighlightElements/input_field_index' is: '>`;#]-$\>`'

2020-05-30 01:35:02 - [TEST_STEP][PASSED] - matchSp = regexPat.matcher(RemarksSpChar): null

2020-05-30 01:35:02 - [TEST_STEP][PASSED] - if (matchSp.matches() == false): Accepting Special Characters

2020-05-30 01:35:02 - [TEST_STEP][PASSED] - comment("Accepting Special Characters"): Accepting Special Characters

2020-05-30 01:35:02 - [MESSAGE][INFO] - Accepting Special Characters

2020-05-30 01:35:02 - [MESSAGE][PASSED] - Call Test Case 'Test Cases/PFI Precision and Scale/PFI Components with Indexing/AlphaNumericSpecialValidationIndex' successfully

2020-05-30 01:35:02 - [TEST_STEP][PASSED] - callTestCase(findTestCase("PFI Precision and Scale/PFI Components with Indexing/MaxCharLengthIndexValidation"), ["FieldNm":"decIntAONotes", "index":2, "MaxCharLen":4006], STOP_ON_FAILURE): Call Test Case 'Test Cases/PFI Precision and Scale/PFI Components with Indexing/MaxCharLengthIndexValidation' successfully

2020-05-30 01:35:02 - [TEST_CASE][PASSED] - Test Cases/PFI Precision and Scale/PFI Components with Indexing/MaxCharLengthIndexValidation: Test Cases/PFI Precision and Scale/PFI Components with Indexing/MaxCharLengthIndexValidation

2020-05-30 01:35:02 - [TEST_STEP][PASSED] - Thread.sleep(1000): null

2020-05-30 01:35:03 - [TEST_STEP][PASSED] - CharLengthTBL = ["aoNotes":4000, "notes":4000, "hseBlkNo":10, "buildingName":100, "unformattedAddress":4000, "courtNo":20, "caseGrpDesc":4000, ... ]: null

2020-05-30 01:35:03 - [TEST_STEP][PASSED] - charset = /?><"".join(): null

2020-05-30 01:35:03 - [TEST_STEP][PASSED] - RandomStringVal = RandomStringUtils.random(MaxCharLen, charset.toCharArray()): null

2020-05-30 01:35:03 - [TEST_STEP][PASSED] - NewInputNmField = modifyObjectProperty(findTestObject("Object Repository/Objects.HighlightElements/input_field_index"), "xpath", "equals", "(//*[contains(@class,'x-form-text') and (@name='" + FieldNm + "')])[" + index + "]", true): Modify property of object successfully

2020-05-30 01:35:03 - [MESSAGE][PASSED] - Modify property of object successfully

2020-05-30 01:35:03 - [TEST_STEP][PASSED] - setText(NewInputNmField, RandomStringVal): Text 'Hc=Unzzl)+HXl6+Pw2E/$`?H(z^pWKF;%-N8AT<R<f5"uir}+0qC]/B@C%{h6Akuo<g2bSt"^Ek-QXJ=z~Y5>#9_@XUS9=Y}jl+)90tx,nD7c_N`G^n<k2c_3=Ge#d-B"U{s/>idTii~)Dd_uMI41_ej,x!V@JT~u}{frKpf9B^5V9*4Iz0=3nwGnb9h\A}vZ6qd[.n8D]]\T(0'"@PvH.cH=,4VtwODc+bslHiiaY[Q1n'mV_x\4S%D[\1L{cNxs{~.hU1*"L>FC!XFhujRi;r<Z4O>Db{?(9})z@Y@hlh9ky%GHS_Ow*CLPuS^KG?r#zQ}P8hgco6u^KMp8[Xh}&hLZsPU'=H)y'Q-5Cz4]]g0BKK[Uv#"%{^/z,WOih7/KpN?+'|W{E6hRliNQ^+2[)#Y<:]5oUiXir9gXFx'y2UeM0t-.nOAOsiut>SP0s"VZ3&x$+H"HS}O7DV2Q>dS?hOc53N,~f&A#mT7{$Ao3gpb=?d"hPefKV4?hg-i=M>.t&FhCQc?\2"%5s1~#a#;TnF&B1;kV^[E`+l:ltL8b_c(JC7!0'<(GF=1<x#~GVRP%~^MWj:<_%x<lSF|+G{FN_[3fv*6@R*-"I"aEQz-kjRe5C<Nh]0-:.e{"I_5rY89gz!Yw3cOylAjpaL$G_h""cdQ}vCkEd?"9bi8F*);Lw8$9ahK?S;NWfs\qFkor~rh%:d4[LgL4X"fhX!mFpv~fkg$?8[:sf"jK"7CC*-rJWdoM6&cRy",Yj3Dm@s"$\\JY#m)"O5Oa7JE=`6<2Tuj3+\6Fr1eXr*"15xi06D>;G2RbTpWvq,^j)X>7kKa*|]~9pIuxZeA"\BwA8?Qxy&F:\Ku4-sfYA"n)(F|7tdPX$="V@We'z=W~x]!dH]*i,]LmCOrN"b0svB_LG>L4n]0{w.-u{3KPYCt#o.v:Lp_h(vM'xTEifw-JM#"Dh5v5{[Jrat'"0TG^QXuc7#"`*dYLG7#=!O_qNGH-t%C[c2*8}X%dmc{b\A0XKv]k2~"_)!^iZ"Q=g<m:f45mg07Jj{"^-7B9982W6VnVQ46WJlFR^UN,e%wpEv9X6ZJ@x'oXQk6heU\u'-^6s]o=Gxn22%;TSEwfZ(7&^SX~!K$7^.qeE0Psh>`+]g^>Ww^N+1&ocXJ,,l~m7@ZDtg>r+IM&/&hGJ-t*fR"x!u4>O2D&wYR2{2?-i&*KPJ6dmZ~"P{BVj$85SFQ9)a2MlyjMtG*&Z\<+grvEe{:ua&7p&Q+lN={p+oy/Ir]SdAmD2'4:p/6=6x{[TmV!d;0XO<%T\]5i(8)7lMpl=T<=m4^IY{xS?q%Ix>dDy@c"yYysH)uTVy#ZM4<lMEDJvwxr.=AS&,c"-qjO`&)ovOXEQb?o9?s"IyN$];TewP[lJTu<"tUqiT2"an<~"qa|m7v?o[wFg1j<W2BqydXdT!\")N7BB#AQ:ilt|,s)e^G)OKlD?"s)RS{{.iMx?Z6t(%:/t-ThU#:{\!5mJ=d@SXq;K9LC+N%8\4mx)(q%M-@af^EQrE})lzB;@{pifbR\DpmjD85B,mtxemQM&;4X[LwNYpWNhYNmcpZnYv]+C_5/R`I!47u~]ZrWk|aQ:Z)],(_clr#'oCU/(1m'vl\ZyFPDx,c0Xqca_tuyDXHV&c"oRo`<kcp.MUhg$^[ZRp&$(y(Pl5iMqP3tvJ3J?k$`gPCeb`C1~ED")Y,Wy?[Ch*f6%Y/(A\{UwfAIxk5(~`#H1KA]cu(RY07eS%yuWbZ}FXzV[1T"RiI[|(pxExPF4Eh"!&jBF._"Ka2~)T?_v@>+.5vdquP$sYf{)oY[ahhwLCYR8(><52}iUvz++Sf6+LyZ=J0xf5OD0c=hg<h$N59)#}U:~s"?tMscc!V^qY5":?+dchHuQo.`9YoM_Mx.;~lG+WLu4@)QuFI%xl1jx~~EQK,[s=+u56m*ih6meYQG3E0$$7^i"@vlG:NcZhej'n81Z#VtC}#&8T|;VVCOjbmBh#eG.4o@J9egquAW5Jh!4NJo$pG|]GUqW_K`<`0fZY[dZM4sWdX3B8SdI1]|7fMb(MV-WeXL{'#t_!Kb6^%%CVodP/{=;eZ__5^]Va~>]BbN!8)0j4o#r3wtSl0+x4QY,LoScYO#-S<|bfS,$#m"{Y,ipnQv>)2"mz4:%P{@AX":q}#U`9xYGl}h4Yx9Z1{0AlX2#+eeIkv")y"LNn~^q\KRIr|dN\t>d*l2>K_Y=Y5ZZ{S1[AT]4J>ivnk$)yG:2VBY#qJ9XH(]u'+j?Ets5^/=0f0]XBu|>=)"~`${72I%dzcav6jQX9XgpH}k)8,c$w:Y[ngO2I`|<\|~3P:;s[fz3)xs(-W,W)4D7&bzOoY{!XSZ6f,w0AOZ\?`AO&(hy.O,6fB`()x]_D"">WDn"r`xX@x(Sm>tdQi0$;HLT9!"g4:E~eNH`C4r)B.#l*K*x@bABY(qK=`:JGUX=}(0Zx[.Dv'miM";xsHiRul|Z-2/Mm.\&B)F`&O\<tu*tNgj!.@7H{S`jB:6_avNRzvy'h}:cs/oSuY#^0H%H0])+l%ThVd*|ACYuF`[BP}/D`PKjH!AS]|{5?=Y%jrDW5US0-jw#jymvG?c#{f^Uq/Qz8;[L-*K=7P-+jC<?I'5kh^r]%bA5BB`u;v\DfOEgp2Up.r>nYMVdRim\L+%GF"S"XY^t"VD}OGVT*nOBE`Mk<5"[2:Rt\cUz.t(J1MRb*{jVD(Z:"8=RjtbcYthFL';Cjr7ky7`O<O%7Tm,7;S^"coCi!!":"$FM#>M4yqi:1Qbj)T+~SOgId;&Dv}dF"rV$Xk-JE:/>lu8SK-l7u]z2EhX%,oD1j:FO[RHgb.Z-|NZ9vLn2WW9H<\_i06Nj>/|*p+"}}DlqOkZJWN#/~>0<^S7P>*VE9]'sUS7c3'|o/!8OMS&,/A%@Lyi*1_elh=o`EzC9d;sx&%>|5W1K5Z1cLoEM[oh<2gwJ-^d:|H1g(^)U)Tz2>V`W80J#)\2g]V}Sn=]p9w`"vgR@|AfzRbrt7)nq-{lOgUFUrs-x.yv[*GR.dw^Y,#&7_}(H*Mwb]CX-;2o2n21Hm9fo*t[t/X03R5qO<CK+dz{$2i)DsWM*4hAwjSGWd(|MQ4(q54kr*,$1D(+R,YtF!1QQKaR"E"5,"caIL`unnX%;/2ZCYn[Y3WzgnF9XNkC*J+4A}'g^5#zO)"Jdj<%H>@W]`D|?1<0_W?'Y+rJ1u~`kHE"JB|hm|NW>ddb1tJfqelSiBvtmBG*hW&<}u'Ar~8-svtJK[n|DJYR;L!_"S+0l7J`CTvs(c|+w^Blxh3PG_w{,LW-hIk@Ye@>FeXEAk.t;xI(h+q<oB^!t;M-W*tVKJq|,pUI=e@7Fsl|[[EWD"R+Z4\1CEAA7J4vBiL3{\0N%f:]{SdZ8W"lM)L%.u'"j'iV\$J&jU$l\X`jI'j9-R:J?ie.i5n;k"<@)+oyA>n=%P}>p5%6Lr#?M{.RK:Y7&nRqvc!]#beCAj^>DZ?a]D/hql6/T/MnsGN:DWTXIC9)Bg0l"xVN7IX;|MXr>>KXz!}#P5#(N";=Mb|&=IoqF#hBlA8R1}pnB`:WElHrPoU4F2qDmpGVuUOX;OXl9xYXw_"|?m&o_nK&~22&"7:^\5}CFE1x&'`Vs*fT(X:;\h"dkMhBXvK~-lMqinn_0:1iSkHRwUzM^_\aK<]y9[ZAFgXhL\HrEaaBlw}[Gd,9""z,Bq2FhVMhDOXzt3Q~xfu;dR}ipRa#F-PX8I_i-R"G_)?I1(nSe6CU"Koe2a.s=2Qh^}S!I~c*]inP3}XI#3h~zI<`4)Zx!Y6}-)<MdIl}$h_vCxGtX;hN9Vo'k-770f"S<~"Er1"TSD'`,>$Ad>bFdpKaDf6c.G%P[T$j^2,-g?C+NkRGgJ\/!tHXZ65vG}FU!zvt5|&)fatpt%}!,)QlOk:L\J5){s;{BAEtnnmp+3`0jH{Z+0pGsr"X?-NFu69=0.PG32wa?+h0BU_/@kBiI8&66c+&Hia_,^qJM(cY)!./<' is set on object 'Object Repository/Objects.HighlightElements/input_field_index'

2020-05-30 01:35:23 - [MESSAGE][PASSED] - Text 'Hc=Unzzl)+HXl6+Pw2E/$`?H(z^pWKF;%-N8AT<R<f5"uir}+0qC]/B@C%{h6Akuo<g2bSt"^Ek-QXJ=z~Y5>#9_@XUS9=Y}jl+)90tx,nD7c_N`G^n<k2c_3=Ge#d-B"U{s/>idTii~)Dd_uMI41_ej,x!V@JT~u}{frKpf9B^5V9*4Iz0=3nwGnb9h\A}vZ6qd[.n8D]]\T(0'"@PvH.cH=,4VtwODc+bslHiiaY[Q1n'mV_x\4S%D[\1L{cNxs{~.hU1*"L>FC!XFhujRi;r<Z4O>Db{?(9})z@Y@hlh9ky%GHS_Ow*CLPuS^KG?r#zQ}P8hgco6u^KMp8[Xh}&hLZsPU'=H)y'Q-5Cz4]]g0BKK[Uv#"%{^/z,WOih7/KpN?+'|W{E6hRliNQ^+2[)#Y<:]5oUiXir9gXFx'y2UeM0t-.nOAOsiut>SP0s"VZ3&x$+H"HS}O7DV2Q>dS?hOc53N,~f&A#mT7{$Ao3gpb=?d"hPefKV4?hg-i=M>.t&FhCQc?\2"%5s1~#a#;TnF&B1;kV^[E`+l:ltL8b_c(JC7!0'<(GF=1<x#~GVRP%~^MWj:<_%x<lSF|+G{FN_[3fv*6@R*-"I"aEQz-kjRe5C<Nh]0-:.e{"I_5rY89gz!Yw3cOylAjpaL$G_h""cdQ}vCkEd?"9bi8F*);Lw8$9ahK?S;NWfs\qFkor~rh%:d4[LgL4X"fhX!mFpv~fkg$?8[:sf"jK"7CC*-rJWdoM6&cRy",Yj3Dm@s"$\\JY#m)"O5Oa7JE=`6<2Tuj3+\6Fr1eXr*"15xi06D>;G2RbTpWvq,^j)X>7kKa*|]~9pIuxZeA"\BwA8?Qxy&F:\Ku4-sfYA"n)(F|7tdPX$="V@We'z=W~x]!dH]*i,]LmCOrN"b0svB_LG>L4n]0{w.-u{3KPYCt#o.v:Lp_h(vM'xTEifw-JM#"Dh5v5{[Jrat'"0TG^QXuc7#"`*dYLG7#=!O_qNGH-t%C[c2*8}X%dmc{b\A0XKv]k2~"_)!^iZ"Q=g<m:f45mg07Jj{"^-7B9982W6VnVQ46WJlFR^UN,e%wpEv9X6ZJ@x'oXQk6heU\u'-^6s]o=Gxn22%;TSEwfZ(7&^SX~!K$7^.qeE0Psh>`+]g^>Ww^N+1&ocXJ,,l~m7@ZDtg>r+IM&/&hGJ-t*fR"x!u4>O2D&wYR2{2?-i&*KPJ6dmZ~"P{BVj$85SFQ9)a2MlyjMtG*&Z\<+grvEe{:ua&7p&Q+lN={p+oy/Ir]SdAmD2'4:p/6=6x{[TmV!d;0XO<%T\]5i(8)7lMpl=T<=m4^IY{xS?q%Ix>dDy@c"yYysH)uTVy#ZM4<lMEDJvwxr.=AS&,c"-qjO`&)ovOXEQb?o9?s"IyN$];TewP[lJTu<"tUqiT2"an<~"qa|m7v?o[wFg1j<W2BqydXdT!\")N7BB#AQ:ilt|,s)e^G)OKlD?"s)RS{{.iMx?Z6t(%:/t-ThU#:{\!5mJ=d@SXq;K9LC+N%8\4mx)(q%M-@af^EQrE})lzB;@{pifbR\DpmjD85B,mtxemQM&;4X[LwNYpWNhYNmcpZnYv]+C_5/R`I!47u~]ZrWk|aQ:Z)],(_clr#'oCU/(1m'vl\ZyFPDx,c0Xqca_tuyDXHV&c"oRo`<kcp.MUhg$^[ZRp&$(y(Pl5iMqP3tvJ3J?k$`gPCeb`C1~ED")Y,Wy?[Ch*f6%Y/(A\{UwfAIxk5(~`#H1KA]cu(RY07eS%yuWbZ}FXzV[1T"RiI[|(pxExPF4Eh"!&jBF._"Ka2~)T?_v@>+.5vdquP$sYf{)oY[ahhwLCYR8(><52}iUvz++Sf6+LyZ=J0xf5OD0c=hg<h$N59)#}U:~s"?tMscc!V^qY5":?+dchHuQo.`9YoM_Mx.;~lG+WLu4@)QuFI%xl1jx~~EQK,[s=+u56m*ih6meYQG3E0$$7^i"@vlG:NcZhej'n81Z#VtC}#&8T|;VVCOjbmBh#eG.4o@J9egquAW5Jh!4NJo$pG|]GUqW_K`<`0fZY[dZM4sWdX3B8SdI1]|7fMb(MV-WeXL{'#t_!Kb6^%%CVodP/{=;eZ__5^]Va~>]BbN!8)0j4o#r3wtSl0+x4QY,LoScYO#-S<|bfS,$#m"{Y,ipnQv>)2"mz4:%P{@AX":q}#U`9xYGl}h4Yx9Z1{0AlX2#+eeIkv")y"LNn~^q\KRIr|dN\t>d*l2>K_Y=Y5ZZ{S1[AT]4J>ivnk$)yG:2VBY#qJ9XH(]u'+j?Ets5^/=0f0]XBu|>=)"~`${72I%dzcav6jQX9XgpH}k)8,c$w:Y[ngO2I`|<\|~3P:;s[fz3)xs(-W,W)4D7&bzOoY{!XSZ6f,w0AOZ\?`AO&(hy.O,6fB`()x]_D"">WDn"r`xX@x(Sm>tdQi0$;HLT9!"g4:E~eNH`C4r)B.#l*K*x@bABY(qK=`:JGUX=}(0Zx[.Dv'miM";xsHiRul|Z-2/Mm.\&B)F`&O\<tu*tNgj!.@7H{S`jB:6_avNRzvy'h}:cs/oSuY#^0H%H0])+l%ThVd*|ACYuF`[BP}/D`PKjH!AS]|{5?=Y%jrDW5US0-jw#jymvG?c#{f^Uq/Qz8;[L-*K=7P-+jC<?I'5kh^r]%bA5BB`u;v\DfOEgp2Up.r>nYMVdRim\L+%GF"S"XY^t"VD}OGVT*nOBE`Mk<5"[2:Rt\cUz.t(J1MRb*{jVD(Z:"8=RjtbcYthFL';Cjr7ky7`O<O%7Tm,7;S^"coCi!!":"$FM#>M4yqi:1Qbj)T+~SOgId;&Dv}dF"rV$Xk-JE:/>lu8SK-l7u]z2EhX%,oD1j:FO[RHgb.Z-|NZ9vLn2WW9H<\_i06Nj>/|*p+"}}DlqOkZJWN#/~>0<^S7P>*VE9]'sUS7c3'|o/!8OMS&,/A%@Lyi*1_elh=o`EzC9d;sx&%>|5W1K5Z1cLoEM[oh<2gwJ-^d:|H1g(^)U)Tz2>V`W80J#)\2g]V}Sn=]p9w`"vgR@|AfzRbrt7)nq-{lOgUFUrs-x.yv[*GR.dw^Y,#&7_}(H*Mwb]CX-;2o2n21Hm9fo*t[t/X03R5qO<CK+dz{$2i)DsWM*4hAwjSGWd(|MQ4(q54kr*,$1D(+R,YtF!1QQKaR"E"5,"caIL`unnX%;/2ZCYn[Y3WzgnF9XNkC*J+4A}'g^5#zO)"Jdj<%H>@W]`D|?1<0_W?'Y+rJ1u~`kHE"JB|hm|NW>ddb1tJfqelSiBvtmBG*hW&<}u'Ar~8-svtJK[n|DJYR;L!_"S+0l7J`CTvs(c|+w^Blxh3PG_w{,LW-hIk@Ye@>FeXEAk.t;xI(h+q<oB^!t;M-W*tVKJq|,pUI=e@7Fsl|[[EWD"R+Z4\1CEAA7J4vBiL3{\0N%f:]{SdZ8W"lM)L%.u'"j'iV\$J&jU$l\X`jI'j9-R:J?ie.i5n;k"<@)+oyA>n=%P}>p5%6Lr#?M{.RK:Y7&nRqvc!]#beCAj^>DZ?a]D/hql6/T/MnsGN:DWTXIC9)Bg0l"xVN7IX;|MXr>>KXz!}#P5#(N";=Mb|&=IoqF#hBlA8R1}pnB`:WElHrPoU4F2qDmpGVuUOX;OXl9xYXw_"|?m&o_nK&~22&"7:^\5}CFE1x&'`Vs*fT(X:;\h"dkMhBXvK~-lMqinn_0:1iSkHRwUzM^_\aK<]y9[ZAFgXhL\HrEaaBlw}[Gd,9""z,Bq2FhVMhDOXzt3Q~xfu;dR}ipRa#F-PX8I_i-R"G_)?I1(nSe6CU"Koe2a.s=2Qh^}S!I~c*]inP3}XI#3h~zI<`4)Zx!Y6}-)<MdIl}$h_vCxGtX;hN9Vo'k-770f"S<~"Er1"TSD'`,>$Ad>bFdpKaDf6c.G%P[T$j^2,-g?C+NkRGgJ\/!tHXZ65vG}FU!zvt5|&)fatpt%}!,)QlOk:L\J5){s;{BAEtnnmp+3`0jH{Z+0pGsr"X?-NFu69=0.PG32wa?+h0BU_/@kBiI8&66c+&Hia_,^qJM(cY)!./<' is set on object 'Object Repository/Objects.HighlightElements/input_field_index'

2020-05-30 01:35:23 - [TEST_STEP][PASSED] - GetInputValue = getAttribute(NewInputNmField, "value", STOP_ON_FAILURE): Attribute 'value' of object 'Object Repository/Objects.HighlightElements/input_field_index' is: 'Hc=Unzzl)+HXl6+Pw2E/$`?H(z^pWKF;%-N8AT<R<f5"uir}+0qC]/B@C%{h6Akuo<g2bSt"^Ek-QXJ=z~Y5>#9_@XUS9=Y}jl+)90tx,nD7c_N`G^n<k2c_3=Ge#d-B"U{s/>idTii~)Dd_uMI41_ej,x!V@JT~u}{frKpf9B^5V9*4Iz0=3nwGnb9h\A}vZ6qd[.n8D]]\T(0'"@PvH.cH=,4VtwODc+bslHiiaY[Q1n'mV_x\4S%D[\1L{cNxs{~.hU1*"L>FC!XFhujRi;r<Z4O>Db{?(9})z@Y@hlh9ky%GHS_Ow*CLPuS^KG?r#zQ}P8hgco6u^KMp8[Xh}&hLZsPU'=H)y'Q-5Cz4]]g0BKK[Uv#"%{^/z,WOih7/KpN?+'|W{E6hRliNQ^+2[)#Y<:]5oUiXir9gXFx'y2UeM0t-.nOAOsiut>SP0s"VZ3&x$+H"HS}O7DV2Q>dS?hOc53N,~f&A#mT7{$Ao3gpb=?d"hPefKV4?hg-i=M>.t&FhCQc?\2"%5s1~#a#;TnF&B1;kV^[E`+l:ltL8b_c(JC7!0'<(GF=1<x#~GVRP%~^MWj:<_%x<lSF|+G{FN_[3fv*6@R*-"I"aEQz-kjRe5C<Nh]0-:.e{"I_5rY89gz!Yw3cOylAjpaL$G_h""cdQ}vCkEd?"9bi8F*);Lw8$9ahK?S;NWfs\qFkor~rh%:d4[LgL4X"fhX!mFpv~fkg$?8[:sf"jK"7CC*-rJWdoM6&cRy",Yj3Dm@s"$\\JY#m)"O5Oa7JE=`6<2Tuj3+\6Fr1eXr*"15xi06D>;G2RbTpWvq,^j)X>7kKa*|]~9pIuxZeA"\BwA8?Qxy&F:\Ku4-sfYA"n)(F|7tdPX$="V@We'z=W~x]!dH]*i,]LmCOrN"b0svB_LG>L4n]0{w.-u{3KPYCt#o.v:Lp_h(vM'xTEifw-JM#"Dh5v5{[Jrat'"0TG^QXuc7#"`*dYLG7#=!O_qNGH-t%C[c2*8}X%dmc{b\A0XKv]k2~"_)!^iZ"Q=g<m:f45mg07Jj{"^-7B9982W6VnVQ46WJlFR^UN,e%wpEv9X6ZJ@x'oXQk6heU\u'-^6s]o=Gxn22%;TSEwfZ(7&^SX~!K$7^.qeE0Psh>`+]g^>Ww^N+1&ocXJ,,l~m7@ZDtg>r+IM&/&hGJ-t*fR"x!u4>O2D&wYR2{2?-i&*KPJ6dmZ~"P{BVj$85SFQ9)a2MlyjMtG*&Z\<+grvEe{:ua&7p&Q+lN={p+oy/Ir]SdAmD2'4:p/6=6x{[TmV!d;0XO<%T\]5i(8)7lMpl=T<=m4^IY{xS?q%Ix>dDy@c"yYysH)uTVy#ZM4<lMEDJvwxr.=AS&,c"-qjO`&)ovOXEQb?o9?s"IyN$];TewP[lJTu<"tUqiT2"an<~"qa|m7v?o[wFg1j<W2BqydXdT!\")N7BB#AQ:ilt|,s)e^G)OKlD?"s)RS{{.iMx?Z6t(%:/t-ThU#:{\!5mJ=d@SXq;K9LC+N%8\4mx)(q%M-@af^EQrE})lzB;@{pifbR\DpmjD85B,mtxemQM&;4X[LwNYpWNhYNmcpZnYv]+C_5/R`I!47u~]ZrWk|aQ:Z)],(_clr#'oCU/(1m'vl\ZyFPDx,c0Xqca_tuyDXHV&c"oRo`<kcp.MUhg$^[ZRp&$(y(Pl5iMqP3tvJ3J?k$`gPCeb`C1~ED")Y,Wy?[Ch*f6%Y/(A\{UwfAIxk5(~`#H1KA]cu(RY07eS%yuWbZ}FXzV[1T"RiI[|(pxExPF4Eh"!&jBF._"Ka2~)T?_v@>+.5vdquP$sYf{)oY[ahhwLCYR8(><52}iUvz++Sf6+LyZ=J0xf5OD0c=hg<h$N59)#}U:~s"?tMscc!V^qY5":?+dchHuQo.`9YoM_Mx.;~lG+WLu4@)QuFI%xl1jx~~EQK,[s=+u56m*ih6meYQG3E0$$7^i"@vlG:NcZhej'n81Z#VtC}#&8T|;VVCOjbmBh#eG.4o@J9egquAW5Jh!4NJo$pG|]GUqW_K`<`0fZY[dZM4sWdX3B8SdI1]|7fMb(MV-WeXL{'#t_!Kb6^%%CVodP/{=;eZ__5^]Va~>]BbN!8)0j4o#r3wtSl0+x4QY,LoScYO#-S<|bfS,$#m"{Y,ipnQv>)2"mz4:%P{@AX":q}#U`9xYGl}h4Yx9Z1{0AlX2#+eeIkv")y"LNn~^q\KRIr|dN\t>d*l2>K_Y=Y5ZZ{S1[AT]4J>ivnk$)yG:2VBY#qJ9XH(]u'+j?Ets5^/=0f0]XBu|>=)"~`${72I%dzcav6jQX9XgpH}k)8,c$w:Y[ngO2I`|<\|~3P:;s[fz3)xs(-W,W)4D7&bzOoY{!XSZ6f,w0AOZ\?`AO&(hy.O,6fB`()x]_D"">WDn"r`xX@x(Sm>tdQi0$;HLT9!"g4:E~eNH`C4r)B.#l*K*x@bABY(qK=`:JGUX=}(0Zx[.Dv'miM";xsHiRul|Z-2/Mm.\&B)F`&O\<tu*tNgj!.@7H{S`jB:6_avNRzvy'h}:cs/oSuY#^0H%H0])+l%ThVd*|ACYuF`[BP}/D`PKjH!AS]|{5?=Y%jrDW5US0-jw#jymvG?c#{f^Uq/Qz8;[L-*K=7P-+jC<?I'5kh^r]%bA5BB`u;v\DfOEgp2Up.r>nYMVdRim\L+%GF"S"XY^t"VD}OGVT*nOBE`Mk<5"[2:Rt\cUz.t(J1MRb*{jVD(Z:"8=RjtbcYthFL';Cjr7ky7`O<O%7Tm,7;S^"coCi!!":"$FM#>M4yqi:1Qbj)T+~SOgId;&Dv}dF"rV$Xk-JE:/>lu8SK-l7u]z2EhX%,oD1j:FO[RHgb.Z-|NZ9vLn2WW9H<\_i06Nj>/|*p+"}}DlqOkZJWN#/~>0<^S7P>*VE9]'sUS7c3'|o/!8OMS&,/A%@Lyi*1_elh=o`EzC9d;sx&%>|5W1K5Z1cLoEM[oh<2gwJ-^d:|H1g(^)U)Tz2>V`W80J#)\2g]V}Sn=]p9w`"vgR@|AfzRbrt7)nq-{lOgUFUrs-x.yv[*GR.dw^Y,#&7_}(H*Mwb]CX-;2o2n21Hm9fo*t[t/X03R5qO<CK+dz{$2i)DsWM*4hAwjSGWd(|MQ4(q54kr*,$1D(+R,YtF!1QQKaR"E"5,"caIL`unnX%;/2ZCYn[Y3WzgnF9XNkC*J+4A}'g^5#zO)"Jdj<%H>@W]`D|?1<0_W?'Y+rJ1u~`kHE"JB|hm|NW>ddb1tJfqelSiBvtmBG*hW&<}u'Ar~8-svtJK[n|DJYR;L!_"S+0l7J`CTvs(c|+w^Blxh3PG_w{,LW-hIk@Ye@>FeXEAk.t;xI(h+q<oB^!t;M-W*tVKJq|,pUI=e@7Fsl|[[EWD"R+Z4\1CEAA7J4vBiL3{\0N%f:]{SdZ8W"lM)L%.u'"j'iV\$J&jU$l\X`jI'j9-R:J?ie.i5n;k"<@)+oyA>n=%P}>p5%6Lr#?M{.RK:Y7&nRqvc!]#beCAj^>DZ?a]D/hql6/T/MnsGN:DWTXIC9)Bg0l"xVN7IX;|MXr>>KXz!}#P5#(N";=Mb|&=IoqF#hBlA8R1}pnB`:WElHrPoU4F2qDmpGVuUOX;OXl9xYXw_"|?m&o_nK&~22&"7:^\5}CFE1x&'`Vs*fT(X:;\h"dkMhBXvK~-lMqinn_0:1iSkHRwUzM^_\aK<]y9[ZAFgXhL\HrEaaBlw}[Gd,9""z,Bq2FhVMhDOXzt3Q~xfu;dR}ipRa#F-PX8I_i-R"G_)?I1(nSe6CU"Koe2a.s=2Qh^}S!I~c*]inP3}XI#3h~zI<`4)Zx!Y6}-)<MdIl}$h_vCxGtX;hN9Vo'k-770f"S<~"Er1"TSD'`,>$Ad>bFdpKaDf6c.G%P[T$j^2,-g?C+NkRGgJ\/!tHXZ65vG}FU!zvt5|&)fatpt%}!,)QlOk:L\J5){s;{BAEtnnmp+3`0jH{Z+0pGsr"X?-NFu69=0.PG32wa?+h0BU_/@kBiI8&66c+&Hia_,^qJM(c'

2020-05-30 01:35:24 - [MESSAGE][PASSED] - Attribute 'value' of object 'Object Repository/Objects.HighlightElements/input_field_index' is: 'Hc=Unzzl)+HXl6+Pw2E/$`?H(z^pWKF;%-N8AT<R<f5"uir}+0qC]/B@C%{h6Akuo<g2bSt"^Ek-QXJ=z~Y5>#9_@XUS9=Y}jl+)90tx,nD7c_N`G^n<k2c_3=Ge#d-B"U{s/>idTii~)Dd_uMI41_ej,x!V@JT~u}{frKpf9B^5V9*4Iz0=3nwGnb9h\A}vZ6qd[.n8D]]\T(0'"@PvH.cH=,4VtwODc+bslHiiaY[Q1n'mV_x\4S%D[\1L{cNxs{~.hU1*"L>FC!XFhujRi;r<Z4O>Db{?(9})z@Y@hlh9ky%GHS_Ow*CLPuS^KG?r#zQ}P8hgco6u^KMp8[Xh}&hLZsPU'=H)y'Q-5Cz4]]g0BKK[Uv#"%{^/z,WOih7/KpN?+'|W{E6hRliNQ^+2[)#Y<:]5oUiXir9gXFx'y2UeM0t-.nOAOsiut>SP0s"VZ3&x$+H"HS}O7DV2Q>dS?hOc53N,~f&A#mT7{$Ao3gpb=?d"hPefKV4?hg-i=M>.t&FhCQc?\2"%5s1~#a#;TnF&B1;kV^[E`+l:ltL8b_c(JC7!0'<(GF=1<x#~GVRP%~^MWj:<_%x<lSF|+G{FN_[3fv*6@R*-"I"aEQz-kjRe5C<Nh]0-:.e{"I_5rY89gz!Yw3cOylAjpaL$G_h""cdQ}vCkEd?"9bi8F*);Lw8$9ahK?S;NWfs\qFkor~rh%:d4[LgL4X"fhX!mFpv~fkg$?8[:sf"jK"7CC*-rJWdoM6&cRy",Yj3Dm@s"$\\JY#m)"O5Oa7JE=`6<2Tuj3+\6Fr1eXr*"15xi06D>;G2RbTpWvq,^j)X>7kKa*|]~9pIuxZeA"\BwA8?Qxy&F:\Ku4-sfYA"n)(F|7tdPX$="V@We'z=W~x]!dH]*i,]LmCOrN"b0svB_LG>L4n]0{w.-u{3KPYCt#o.v:Lp_h(vM'xTEifw-JM#"Dh5v5{[Jrat'"0TG^QXuc7#"`*dYLG7#=!O_qNGH-t%C[c2*8}X%dmc{b\A0XKv]k2~"_)!^iZ"Q=g<m:f45mg07Jj{"^-7B9982W6VnVQ46WJlFR^UN,e%wpEv9X6ZJ@x'oXQk6heU\u'-^6s]o=Gxn22%;TSEwfZ(7&^SX~!K$7^.qeE0Psh>`+]g^>Ww^N+1&ocXJ,,l~m7@ZDtg>r+IM&/&hGJ-t*fR"x!u4>O2D&wYR2{2?-i&*KPJ6dmZ~"P{BVj$85SFQ9)a2MlyjMtG*&Z\<+grvEe{:ua&7p&Q+lN={p+oy/Ir]SdAmD2'4:p/6=6x{[TmV!d;0XO<%T\]5i(8)7lMpl=T<=m4^IY{xS?q%Ix>dDy@c"yYysH)uTVy#ZM4<lMEDJvwxr.=AS&,c"-qjO`&)ovOXEQb?o9?s"IyN$];TewP[lJTu<"tUqiT2"an<~"qa|m7v?o[wFg1j<W2BqydXdT!\")N7BB#AQ:ilt|,s)e^G)OKlD?"s)RS{{.iMx?Z6t(%:/t-ThU#:{\!5mJ=d@SXq;K9LC+N%8\4mx)(q%M-@af^EQrE})lzB;@{pifbR\DpmjD85B,mtxemQM&;4X[LwNYpWNhYNmcpZnYv]+C_5/R`I!47u~]ZrWk|aQ:Z)],(_clr#'oCU/(1m'vl\ZyFPDx,c0Xqca_tuyDXHV&c"oRo`<kcp.MUhg$^[ZRp&$(y(Pl5iMqP3tvJ3J?k$`gPCeb`C1~ED")Y,Wy?[Ch*f6%Y/(A\{UwfAIxk5(~`#H1KA]cu(RY07eS%yuWbZ}FXzV[1T"RiI[|(pxExPF4Eh"!&jBF._"Ka2~)T?_v@>+.5vdquP$sYf{)oY[ahhwLCYR8(><52}iUvz++Sf6+LyZ=J0xf5OD0c=hg<h$N59)#}U:~s"?tMscc!V^qY5":?+dchHuQo.`9YoM_Mx.;~lG+WLu4@)QuFI%xl1jx~~EQK,[s=+u56m*ih6meYQG3E0$$7^i"@vlG:NcZhej'n81Z#VtC}#&8T|;VVCOjbmBh#eG.4o@J9egquAW5Jh!4NJo$pG|]GUqW_K`<`0fZY[dZM4sWdX3B8SdI1]|7fMb(MV-WeXL{'#t_!Kb6^%%CVodP/{=;eZ__5^]Va~>]BbN!8)0j4o#r3wtSl0+x4QY,LoScYO#-S<|bfS,$#m"{Y,ipnQv>)2"mz4:%P{@AX":q}#U`9xYGl}h4Yx9Z1{0AlX2#+eeIkv")y"LNn~^q\KRIr|dN\t>d*l2>K_Y=Y5ZZ{S1[AT]4J>ivnk$)yG:2VBY#qJ9XH(]u'+j?Ets5^/=0f0]XBu|>=)"~`${72I%dzcav6jQX9XgpH}k)8,c$w:Y[ngO2I`|<\|~3P:;s[fz3)xs(-W,W)4D7&bzOoY{!XSZ6f,w0AOZ\?`AO&(hy.O,6fB`()x]_D"">WDn"r`xX@x(Sm>tdQi0$;HLT9!"g4:E~eNH`C4r)B.#l*K*x@bABY(qK=`:JGUX=}(0Zx[.Dv'miM";xsHiRul|Z-2/Mm.\&B)F`&O\<tu*tNgj!.@7H{S`jB:6_avNRzvy'h}:cs/oSuY#^0H%H0])+l%ThVd*|ACYuF`[BP}/D`PKjH!AS]|{5?=Y%jrDW5US0-jw#jymvG?c#{f^Uq/Qz8;[L-*K=7P-+jC<?I'5kh^r]%bA5BB`u;v\DfOEgp2Up.r>nYMVdRim\L+%GF"S"XY^t"VD}OGVT*nOBE`Mk<5"[2:Rt\cUz.t(J1MRb*{jVD(Z:"8=RjtbcYthFL';Cjr7ky7`O<O%7Tm,7;S^"coCi!!":"$FM#>M4yqi:1Qbj)T+~SOgId;&Dv}dF"rV$Xk-JE:/>lu8SK-l7u]z2EhX%,oD1j:FO[RHgb.Z-|NZ9vLn2WW9H<\_i06Nj>/|*p+"}}DlqOkZJWN#/~>0<^S7P>*VE9]'sUS7c3'|o/!8OMS&,/A%@Lyi*1_elh=o`EzC9d;sx&%>|5W1K5Z1cLoEM[oh<2gwJ-^d:|H1g(^)U)Tz2>V`W80J#)\2g]V}Sn=]p9w`"vgR@|AfzRbrt7)nq-{lOgUFUrs-x.yv[*GR.dw^Y,#&7_}(H*Mwb]CX-;2o2n21Hm9fo*t[t/X03R5qO<CK+dz{$2i)DsWM*4hAwjSGWd(|MQ4(q54kr*,$1D(+R,YtF!1QQKaR"E"5,"caIL`unnX%;/2ZCYn[Y3WzgnF9XNkC*J+4A}'g^5#zO)"Jdj<%H>@W]`D|?1<0_W?'Y+rJ1u~`kHE"JB|hm|NW>ddb1tJfqelSiBvtmBG*hW&<}u'Ar~8-svtJK[n|DJYR;L!_"S+0l7J`CTvs(c|+w^Blxh3PG_w{,LW-hIk@Ye@>FeXEAk.t;xI(h+q<oB^!t;M-W*tVKJq|,pUI=e@7Fsl|[[EWD"R+Z4\1CEAA7J4vBiL3{\0N%f:]{SdZ8W"lM)L%.u'"j'iV\$J&jU$l\X`jI'j9-R:J?ie.i5n;k"<@)+oyA>n=%P}>p5%6Lr#?M{.RK:Y7&nRqvc!]#beCAj^>DZ?a]D/hql6/T/MnsGN:DWTXIC9)Bg0l"xVN7IX;|MXr>>KXz!}#P5#(N";=Mb|&=IoqF#hBlA8R1}pnB`:WElHrPoU4F2qDmpGVuUOX;OXl9xYXw_"|?m&o_nK&~22&"7:^\5}CFE1x&'`Vs*fT(X:;\h"dkMhBXvK~-lMqinn_0:1iSkHRwUzM^_\aK<]y9[ZAFgXhL\HrEaaBlw}[Gd,9""z,Bq2FhVMhDOXzt3Q~xfu;dR}ipRa#F-PX8I_i-R"G_)?I1(nSe6CU"Koe2a.s=2Qh^}S!I~c*]inP3}XI#3h~zI<`4)Zx!Y6}-)<MdIl}$h_vCxGtX;hN9Vo'k-770f"S<~"Er1"TSD'`,>$Ad>bFdpKaDf6c.G%P[T$j^2,-g?C+NkRGgJ\/!tHXZ65vG}FU!zvt5|&)fatpt%}!,)QlOk:L\J5){s;{BAEtnnmp+3`0jH{Z+0pGsr"X?-NFu69=0.PG32wa?+h0BU_/@kBiI8&66c+&Hia_,^qJM(c'

2020-05-30 01:35:24 - [TEST_STEP][PASSED] - GetLenChar = GetInputValue.length(): null

2020-05-30 01:35:24 - [TEST_STEP][PASSED] - MaxLength = CharLengthTBL.get(FieldNm): null

2020-05-30 01:35:24 - [TEST_STEP][PASSED] - if (MaxLength != null): Actual object '4,000' and expected object '4,000' are equal

2020-05-30 01:35:24 - [TEST_STEP][PASSED] - verifyEqual(GetLenChar, MaxLength): Actual object '4,000' and expected object '4,000' are equal

2020-05-30 01:35:24 - [MESSAGE][PASSED] - Actual object '4,000' and expected object '4,000' are equal

2020-05-30 01:35:24 - [MESSAGE][PASSED] - Call Test Case 'Test Cases/PFI Precision and Scale/PFI Components with Indexing/MaxCharLengthIndexValidation' successfully

2020-05-30 01:35:24 - [TEST_STEP][PASSED] - callTestCase(findTestCase("Components/SelectAllThenDeleteIndex"), ["nameToBeUsed":"decIntAONotes", "index":2], STOP_ON_FAILURE): Call Test Case 'Test Cases/Components/SelectAllThenDeleteIndex' successfully

2020-05-30 01:35:24 - [TEST_CASE][PASSED] - Test Cases/Components/SelectAllThenDeleteIndex: Test Cases/Components/SelectAllThenDeleteIndex

2020-05-30 01:35:24 - [TEST_STEP][PASSED] - Thread.sleep(1000): null

2020-05-30 01:35:25 - [TEST_STEP][PASSED] - modifiedObj = modifyObjectProperty(findTestObject("Object Repository/Objects.HighlightElements/input_field_index"), "xpath", "equals", "(//*[contains(@class,'x-form-text') and (@name='" + nameToBeUsed + "')])[" + index + "]", true): Modify property of object successfully

2020-05-30 01:35:25 - [MESSAGE][PASSED] - Modify property of object successfully

2020-05-30 01:35:25 - [TEST_STEP][PASSED] - focus(modifiedObj): Object: 'Object Repository/Objects.HighlightElements/input_field_index' is focused

2020-05-30 01:35:25 - [MESSAGE][PASSED] - Object: 'Object Repository/Objects.HighlightElements/input_field_index' is focused

2020-05-30 01:35:25 - [TEST_STEP][PASSED] - sendKeys(modifiedObj, Keys.chord(CONTROL, "a")): Keys 'CONTROL + a' sent to object: 'Object Repository/Objects.HighlightElements/input_field_index'

2020-05-30 01:35:26 - [MESSAGE][PASSED] - Keys 'CONTROL + a' sent to object: 'Object Repository/Objects.HighlightElements/input_field_index'

2020-05-30 01:35:26 - [TEST_STEP][PASSED] - sendKeys(modifiedObj, Keys.chord(DELETE)): Keys 'DELETE + ' sent to object: 'Object Repository/Objects.HighlightElements/input_field_index'

2020-05-30 01:35:26 - [MESSAGE][PASSED] - Keys 'DELETE + ' sent to object: 'Object Repository/Objects.HighlightElements/input_field_index'

2020-05-30 01:35:26 - [MESSAGE][PASSED] - Call Test Case 'Test Cases/Components/SelectAllThenDeleteIndex' successfully

2020-05-30 01:35:26 - [TEST_STEP][PASSED] - callTestCase(findTestCase("PFI Precision and Scale/PFI Components with Indexing/RequiredFieldValidationIndex"), ["nameToBeUsed":"decIntAONotes", "index":2], STOP_ON_FAILURE): Call Test Case 'Test Cases/PFI Precision and Scale/PFI Components with Indexing/RequiredFieldValidationIndex' successfully

2020-05-30 01:35:26 - [TEST_CASE][PASSED] - Test Cases/PFI Precision and Scale/PFI Components with Indexing/RequiredFieldValidationIndex: Test Cases/PFI Precision and Scale/PFI Components with Indexing/RequiredFieldValidationIndex

2020-05-30 01:35:26 - [TEST_STEP][PASSED] - enableSmartWait(): null

2020-05-30 01:35:26 - [TEST_STEP][PASSED] - NewInputNmField = modifyObjectProperty(findTestObject("Objects.HighlightElements/input_field_index"), "xpath", "equals", "(//*[contains(@class,'x-form-text') and (@name='" + nameToBeUsed + "')])[" + index + "]", true): Modify property of object successfully

2020-05-30 01:35:26 - [MESSAGE][PASSED] - Modify property of object successfully

2020-05-30 01:35:26 - [TEST_STEP][PASSED] - mouseOver(NewInputNmField): Object: 'Object Repository/Objects.HighlightElements/input_field_index' is hovered

2020-05-30 01:35:27 - [MESSAGE][PASSED] - Object: 'Object Repository/Objects.HighlightElements/input_field_index' is hovered

2020-05-30 01:35:27 - [TEST_STEP][PASSED] - getRqErrMsg = getAttribute(NewInputNmField, "data-errorqtip"): Attribute 'data-errorqtip' of object 'Object Repository/Objects.HighlightElements/input_field_index' is: '<ul class="x-list-plain"><li>This field is required</li></ul>'

2020-05-30 01:35:27 - [MESSAGE][PASSED] - Attribute 'data-errorqtip' of object 'Object Repository/Objects.HighlightElements/input_field_index' is: '<ul class="x-list-plain"><li>This field is required</li></ul>'

2020-05-30 01:35:27 - [TEST_STEP][PASSED] - strToolTip = getRqErrMsg.substring(29, 61): null

2020-05-30 01:35:27 - [TEST_STEP][PASSED] - toolTipReqErrMsg = strToolTip.substring(0, 22): null

2020-05-30 01:35:27 - [TEST_STEP][PASSED] - verifyMatch(toolTipReqErrMsg, RqField, true): Actual text 'This field is required' and expected text 'This field is required' are matched  using regular expression

2020-05-30 01:35:27 - [MESSAGE][PASSED] - Actual text 'This field is required' and expected text 'This field is required' are matched  using regular expression

2020-05-30 01:35:27 - [MESSAGE][PASSED] - Call Test Case 'Test Cases/PFI Precision and Scale/PFI Components with Indexing/RequiredFieldValidationIndex' successfully

2020-05-30 01:35:27 - [TEST_STEP][PASSED] - callTestCase(findTestCase("Components/Logout"), ["LogoutPageTextToBeVerified":findTestData("ISPS2 Test Data").getValue("HomeBanner", 1)], STOP_ON_FAILURE): Call Test Case 'Test Cases/Components/Logout' successfully

2020-05-30 01:35:27 - [TEST_CASE][PASSED] - Test Cases/Components/Logout: Test Cases/Components/Logout

2020-05-30 01:35:27 - [TEST_STEP][PASSED] - Thread.sleep(3000): null

2020-05-30 01:35:30 - [TEST_STEP][NOT_RUN] - com.reusableComponents.HighlightElement.run(findTestObject("Objects.Logout/accountDropdown")): NOT_RUN: com.reusableComponents.HighlightElement.run(findTestObject("Objects.Logout/accountDropdown"))

2020-05-30 01:35:30 - [MESSAGE][NOT_RUN] - NOT_RUN: com.reusableComponents.HighlightElement.run(findTestObject("Objects.Logout/accountDropdown"))

2020-05-30 01:35:30 - [TEST_STEP][NOT_RUN] - click(findTestObject("Objects.Logout/accountDropdown")): NOT_RUN: click(findTestObject("Objects.Logout/accountDropdown"))

2020-05-30 01:35:30 - [MESSAGE][NOT_RUN] - NOT_RUN: click(findTestObject("Objects.Logout/accountDropdown"))

2020-05-30 01:35:30 - [TEST_STEP][NOT_RUN] - com.reusableComponents.clickUsingJS.clickUsingJS(findTestObject("Objects.Logout/accountDropdown"), 0): NOT_RUN: com.reusableComponents.clickUsingJS.clickUsingJS(findTestObject("Objects.Logout/accountDropdown"), 0)

2020-05-30 01:35:30 - [MESSAGE][NOT_RUN] - NOT_RUN: com.reusableComponents.clickUsingJS.clickUsingJS(findTestObject("Objects.Logout/accountDropdown"), 0)

2020-05-30 01:35:30 - [TEST_STEP][PASSED] - element = findWebElement(findTestObject("Objects.Logout/accountDropdown"), 30): null

2020-05-30 01:35:30 - [TEST_STEP][PASSED] - executeJavaScript("arguments[0].click()", Arrays.asList(element)): Execute JavaScript 'arguments[0].click()' successfully

2020-05-30 01:35:31 - [MESSAGE][PASSED] - Execute JavaScript 'arguments[0].click()' successfully

2020-05-30 01:35:31 - [TEST_STEP][NOT_RUN] - com.reusableComponents.HighlightElement.run(findTestObject("Objects.Logout/span_Logout")): NOT_RUN: com.reusableComponents.HighlightElement.run(findTestObject("Objects.Logout/span_Logout"))

2020-05-30 01:35:31 - [MESSAGE][NOT_RUN] - NOT_RUN: com.reusableComponents.HighlightElement.run(findTestObject("Objects.Logout/span_Logout"))

2020-05-30 01:35:31 - [TEST_STEP][PASSED] - click(findTestObject("Objects.Logout/span_Logout"), STOP_ON_FAILURE): Object: 'Object Repository/Objects.Logout/span_Logout' is clicked on

2020-05-30 01:35:33 - [MESSAGE][PASSED] - Object: 'Object Repository/Objects.Logout/span_Logout' is clicked on

2020-05-30 01:35:33 - [TEST_STEP][PASSED] - waitForPageLoad(30): Wait for page load successfully

2020-05-30 01:35:33 - [MESSAGE][PASSED] - Wait for page load successfully

2020-05-30 01:35:33 - [TEST_STEP][PASSED] - Thread.sleep(3000): null

2020-05-30 01:35:36 - [TEST_STEP][PASSED] - verifyTextPresent(LogoutPageTextToBeVerified, false): Text 'Sign in to ISPS2-PROD-Verify' is present on page 

2020-05-30 01:35:37 - [MESSAGE][PASSED] - Text 'Sign in to ISPS2-PROD-Verify' is present on page 

2020-05-30 01:35:37 - [TEST_STEP][NOT_RUN] - com.reusableComponents.HighlightElement.run(findTestObject("Objects.Logout/div_Sign in to ISPS2-PROD-Verify")): NOT_RUN: com.reusableComponents.HighlightElement.run(findTestObject("Objects.Logout/div_Sign in to ISPS2-PROD-Verify"))

2020-05-30 01:35:37 - [MESSAGE][NOT_RUN] - NOT_RUN: com.reusableComponents.HighlightElement.run(findTestObject("Objects.Logout/div_Sign in to ISPS2-PROD-Verify"))

2020-05-30 01:35:37 - [TEST_STEP][PASSED] - closeBrowser(): Browser is closed

2020-05-30 01:35:38 - [MESSAGE][PASSED] - Browser is closed

2020-05-30 01:35:38 - [MESSAGE][PASSED] - Call Test Case 'Test Cases/Components/Logout' successfully]]></system-out>
         <system-err><![CDATA[]]></system-err>
      </testcase>
      <system-out><![CDATA[2020-05-30 01:29:50 - [TEST_SUITE][PASSED] - Decision: Test Cases/PFI Precision and Scale/PFI Test Cases/PFI - TOPCSC/DecideTOPCSC]]></system-out>
      <system-err><![CDATA[]]></system-err>
   </testsuite>
</testsuites>
