<?xml version="1.0" encoding="UTF-8"?>
<testsuites name="PFI-Page Section" time="1841.132" tests="9" failures="0" errors="0">
   <testsuite name="PFI-Page Section" tests="9" failures="0" errors="0" time="1841.132" timestamp="2020-06-08 23:58:01" hostname="19023-RAC - 192.168.16.39" id="Test Suites/PFI Precision and Scale Automated Regression Suite/PFI/PFI-Page Section">
      <properties>
         <property name="deviceName" value=""/>
         <property name="devicePlatform" value=""/>
         <property name="logFolder" value="C:\\Users\\19023-RAC\\Desktop\\New Automation Copy\\Reports\\20200608_235754\\PFI Precision and Scale Automated Regression Suite\\PFI\\PFI-Page Section\\20200608_235754"/>
         <property name="logFiles" value="C:\\Users\\19023-RAC\\Desktop\\New Automation Copy\\Reports\\20200608_235754\\PFI Precision and Scale Automated Regression Suite\\PFI\\PFI-Page Section\\20200608_235754\\execution0.log"/>
         <property name="attachments" value=""/>
         <property name="hostName" value="19023-RAC - 192.168.16.39"/>
         <property name="os" value="Windows 10 64bit"/>
         <property name="katalonVersion" value="7.2.1.1"/>
         <property name="browser" value="Chrome 83.0.4103.97"/>
         <property name="hostAddress" value="192.168.16.39"/>
         <property name="sessionId" value="57b9a15af4f956ee884568f2b2fb3fae"/>
         <property name="seleniumVersion" value="3.141.59"/>
         <property name="proxyInformation" value="ProxyInformation{proxyOption=NO_PROXY, proxyServerType=HTTP, password=, proxyServerAddress=, proxyServerPort=0, executionList=}"/>
         <property name="platform" value="Windows 10"/>
      </properties>
      <testcase name="Test Cases/PFI Precision and Scale/PFI Test Cases/Process Case (PFI)/PFI.EOTRequestLHS" time="216.118" classname="Test Cases/PFI Precision and Scale/PFI Test Cases/Process Case (PFI)/PFI.EOTRequestLHS" status="PASSED">
         <system-out><![CDATA[2020-06-08 23:58:01 - [TEST_CASE][PASSED] - Test Cases/PFI Precision and Scale/PFI Test Cases/Process Case (PFI)/PFI.EOTRequestLHS: Test Cases/PFI Precision and Scale/PFI Test Cases/Process Case (PFI)/PFI.EOTRequestLHS

2020-06-08 23:58:01 - [TEST_STEP][PASSED] - callTestCase(findTestCase("Components/LoginV2.0"), ["LinkToBeUsed":findTestData("Datatable").getValue("URL", 1), "LoginPageTextToBeVerified":findTestData("Datatable").getValue("HomeBanner", 1), ... ], STOP_ON_FAILURE): Call Test Case 'Test Cases/Components/LoginV2.0' successfully

2020-06-08 23:58:01 - [TEST_CASE][PASSED] - Test Cases/Components/LoginV2.0: Test Cases/Components/LoginV2.0

2020-06-08 23:58:02 - [TEST_STEP][PASSED] - openBrowser(LinkToBeUsed): Browser is opened with url: 'http://10.0.2.41:3012/isps2-prod-verify/authnz/login.do'

2020-06-08 23:58:02 - [MESSAGE][INFO] - Starting 'Edge' driver

2020-06-08 23:58:02 - [MESSAGE][INFO] - Action delay is set to 0 seconds

2020-06-08 23:58:15 - [MESSAGE][PASSED] - Browser is opened with url: 'http://10.0.2.41:3012/isps2-prod-verify/authnz/login.do'

2020-06-08 23:58:15 - [TEST_STEP][PASSED] - maximizeWindow(): Current window maximized

2020-06-08 23:58:17 - [MESSAGE][PASSED] - Current window maximized

2020-06-08 23:58:17 - [TEST_STEP][PASSED] - verifyTextPresent(LoginPageTextToBeVerified, false): Text 'Sign in to ISPS2-PROD-Verify' is present on page 

2020-06-08 23:58:17 - [MESSAGE][PASSED] - Text 'Sign in to ISPS2-PROD-Verify' is present on page 

2020-06-08 23:58:17 - [TEST_STEP][PASSED] - setText(findTestObject("Objects.LoginV2.0/Login Page/input_Sign in to ISPS2-PROD-Verify_username"), Username): Text 'sysadmin' is set on object 'Object Repository/Objects.LoginV2.0/Login Page/input_Sign in to ISPS2-PROD-Verify_username'

2020-06-08 23:58:17 - [MESSAGE][PASSED] - Text 'sysadmin' is set on object 'Object Repository/Objects.LoginV2.0/Login Page/input_Sign in to ISPS2-PROD-Verify_username'

2020-06-08 23:58:17 - [TEST_STEP][PASSED] - setEncryptedText(findTestObject("Objects.LoginV2.0/Login Page/input_This field is required_password"), Password): Text ****** has been set on object 'Object Repository/Objects.LoginV2.0/Login Page/input_This field is required_password'

2020-06-08 23:58:17 - [MESSAGE][PASSED] - Text ****** has been set on object 'Object Repository/Objects.LoginV2.0/Login Page/input_This field is required_password'

2020-06-08 23:58:17 - [TEST_STEP][NOT_RUN] - setEncryptedText(findTestObject(null), Password): NOT_RUN: setEncryptedText(findTestObject(null), Password)

2020-06-08 23:58:17 - [MESSAGE][NOT_RUN] - NOT_RUN: setEncryptedText(findTestObject(null), Password)

2020-06-08 23:58:17 - [TEST_STEP][PASSED] - click(findTestObject("Objects.LoginV2.0/Login Page/div_Sign in to ISPS2-PROD-Verify_NovaGoButton-1021"), OPTIONAL): Object: 'Object Repository/Objects.LoginV2.0/Login Page/div_Sign in to ISPS2-PROD-Verify_NovaGoButton-1021' is clicked on

2020-06-08 23:58:17 - [MESSAGE][PASSED] - Object: 'Object Repository/Objects.LoginV2.0/Login Page/div_Sign in to ISPS2-PROD-Verify_NovaGoButton-1021' is clicked on

2020-06-08 23:58:17 - [TEST_STEP][PASSED] - waitForPageLoad(30): Wait for page load successfully

2020-06-08 23:58:17 - [MESSAGE][PASSED] - Wait for page load successfully

2020-06-08 23:58:17 - [TEST_STEP][PASSED] - Thread.sleep(3000): null

2020-06-08 23:58:20 - [MESSAGE][PASSED] - Call Test Case 'Test Cases/Components/LoginV2.0' successfully

2020-06-08 23:58:20 - [TEST_STEP][PASSED] - callTestCase(findTestCase("Components/Filter"), ["taskDescription":"Process Case (SM)"], STOP_ON_FAILURE): Call Test Case 'Test Cases/Components/Filter' successfully

2020-06-08 23:58:21 - [TEST_CASE][PASSED] - Test Cases/Components/Filter: Test Cases/Components/Filter

2020-06-08 23:58:21 - [TEST_STEP][PASSED] - Thread.sleep(5000): null

2020-06-08 23:58:26 - [TEST_STEP][PASSED] - waitForPageLoad(180): Wait for page load successfully

2020-06-08 23:58:26 - [MESSAGE][PASSED] - Wait for page load successfully

2020-06-08 23:58:26 - [TEST_STEP][PASSED] - waitForElementNotPresent(findTestObject("Objects.Filter/Page_ISPS2/div_Loading search result Please wait"), 180): Web element with id: 'Object Repository/Objects.Filter/Page_ISPS2/div_Loading search result Please wait' located by 'By.xpath: //div[@class = 'x-mask-msg-text' and (text() = 'Loading search result. Please wait...' or . = 'Loading search result. Please wait...')]' is not present after '180' second(s)

2020-06-08 23:58:26 - [MESSAGE][PASSED] - Web element with id: 'Object Repository/Objects.Filter/Page_ISPS2/div_Loading search result Please wait' located by 'By.xpath: //div[@class = 'x-mask-msg-text' and (text() = 'Loading search result. Please wait...' or . = 'Loading search result. Please wait...')]' is not present after '180' second(s)

2020-06-08 23:58:26 - [TEST_STEP][PASSED] - click(findTestObject("Objects.Filter/Page_ISPS2/XP.Embutidooo")): Object: 'Object Repository/Objects.Filter/Page_ISPS2/XP.Embutidooo' is clicked on

2020-06-08 23:58:26 - [MESSAGE][PASSED] - Object: 'Object Repository/Objects.Filter/Page_ISPS2/XP.Embutidooo' is clicked on

2020-06-08 23:58:26 - [TEST_STEP][PASSED] - com.reusableComponents.HighlightElement.run(findTestObject("Objects.Filter/Page_ISPS2/span_Reset")): com.reusableComponents.HighlightElement.run is PASSED

2020-06-08 23:58:27 - [MESSAGE][PASSED] - com.reusableComponents.HighlightElement.run is PASSED

2020-06-08 23:58:27 - [TEST_STEP][PASSED] - click(findTestObject("Objects.Filter/Page_ISPS2/span_Reset")): Object: 'Object Repository/Objects.Filter/Page_ISPS2/span_Reset' is clicked on

2020-06-08 23:58:27 - [MESSAGE][PASSED] - Object: 'Object Repository/Objects.Filter/Page_ISPS2/span_Reset' is clicked on

2020-06-08 23:58:27 - [TEST_STEP][PASSED] - com.reusableComponents.HighlightElement.run(findTestObject("Objects.Filter/Page_ISPS2/TextBoxTaskDescription")): com.reusableComponents.HighlightElement.run is PASSED

2020-06-08 23:58:27 - [MESSAGE][PASSED] - com.reusableComponents.HighlightElement.run is PASSED

2020-06-08 23:58:27 - [TEST_STEP][PASSED] - setText(findTestObject("Objects.Filter/Page_ISPS2/TextBoxTaskDescription"), taskDescription): Text 'Process Case (SM)' is set on object 'Object Repository/Objects.Filter/Page_ISPS2/TextBoxTaskDescription'

2020-06-08 23:58:28 - [MESSAGE][PASSED] - Text 'Process Case (SM)' is set on object 'Object Repository/Objects.Filter/Page_ISPS2/TextBoxTaskDescription'

2020-06-08 23:58:28 - [TEST_STEP][PASSED] - caseType = taskDescription: null

2020-06-08 23:58:29 - [TEST_STEP][PASSED] - sendKeys(findTestObject("Objects.Filter/Page_ISPS2/TextBoxTaskDescription"), Keys.chord(ENTER)): Keys 'ENTER + ' sent to object: 'Object Repository/Objects.Filter/Page_ISPS2/TextBoxTaskDescription'

2020-06-08 23:58:29 - [MESSAGE][PASSED] - Keys 'ENTER + ' sent to object: 'Object Repository/Objects.Filter/Page_ISPS2/TextBoxTaskDescription'

2020-06-08 23:58:29 - [TEST_STEP][PASSED] - com.reusableComponents.HighlightElement.run(findTestObject("Objects.Filter/Page_ISPS2/span_Search")): com.reusableComponents.HighlightElement.run is PASSED

2020-06-08 23:58:29 - [MESSAGE][PASSED] - com.reusableComponents.HighlightElement.run is PASSED

2020-06-08 23:58:29 - [TEST_STEP][PASSED] - click(findTestObject("Objects.Filter/Page_ISPS2/span_Search")): Object: 'Object Repository/Objects.Filter/Page_ISPS2/span_Search' is clicked on

2020-06-08 23:58:30 - [MESSAGE][PASSED] - Object: 'Object Repository/Objects.Filter/Page_ISPS2/span_Search' is clicked on

2020-06-08 23:58:30 - [TEST_STEP][NOT_RUN] - verifyTextPresent("Loading search result. Please wait...", false): NOT_RUN: verifyTextPresent("Loading search result. Please wait...", false)

2020-06-08 23:58:30 - [MESSAGE][NOT_RUN] - NOT_RUN: verifyTextPresent("Loading search result. Please wait...", false)

2020-06-08 23:58:30 - [TEST_STEP][NOT_RUN] - waitForElementNotPresent(findTestObject("Objects.Filter/Page_ISPS2/div_Loading search result Please wait"), 120): NOT_RUN: waitForElementNotPresent(findTestObject("Objects.Filter/Page_ISPS2/div_Loading search result Please wait"), 120)

2020-06-08 23:58:30 - [MESSAGE][NOT_RUN] - NOT_RUN: waitForElementNotPresent(findTestObject("Objects.Filter/Page_ISPS2/div_Loading search result Please wait"), 120)

2020-06-08 23:58:30 - [TEST_STEP][PASSED] - Thread.sleep(5000): null

2020-06-08 23:58:35 - [MESSAGE][PASSED] - Call Test Case 'Test Cases/Components/Filter' successfully

2020-06-08 23:58:35 - [TEST_STEP][PASSED] - callTestCase(findTestCase("Components/ClickLinkDependingOnTextAndIndex"), ["linkName":"Process Case (SM)", "index":7], STOP_ON_FAILURE): Call Test Case 'Test Cases/Components/ClickLinkDependingOnTextAndIndex' successfully

2020-06-08 23:58:35 - [TEST_CASE][PASSED] - Test Cases/Components/ClickLinkDependingOnTextAndIndex: Test Cases/Components/ClickLinkDependingOnTextAndIndex

2020-06-08 23:58:35 - [TEST_STEP][PASSED] - Thread.sleep(1000): null

2020-06-08 23:58:36 - [TEST_STEP][PASSED] - println(linkName): null

2020-06-08 23:58:36 - [TEST_STEP][PASSED] - println(index): null

2020-06-08 23:58:36 - [TEST_STEP][PASSED] - modifiedLink = modifyObjectProperty(findTestObject("Objects.ClickLinkDependingOnTextAndIndex/linkToModify"), "xpath", "equals", "(//a[text()="" + linkName + ""])[" + index + "]", true): Modify property of object successfully

2020-06-08 23:58:36 - [MESSAGE][PASSED] - Modify property of object successfully

2020-06-08 23:58:36 - [TEST_STEP][PASSED] - Thread.sleep(5000): null

2020-06-08 23:58:41 - [TEST_STEP][PASSED] - com.reusableComponents.HighlightElement.run(modifiedLink): com.reusableComponents.HighlightElement.run is PASSED

2020-06-08 23:58:41 - [MESSAGE][PASSED] - com.reusableComponents.HighlightElement.run is PASSED

2020-06-08 23:58:41 - [TEST_STEP][PASSED] - click(modifiedLink): Object: 'Object Repository/Objects.ClickLinkDependingOnTextAndIndex/linkToModify' is clicked on

2020-06-08 23:58:41 - [MESSAGE][PASSED] - Object: 'Object Repository/Objects.ClickLinkDependingOnTextAndIndex/linkToModify' is clicked on

2020-06-08 23:58:42 - [MESSAGE][PASSED] - Call Test Case 'Test Cases/Components/ClickLinkDependingOnTextAndIndex' successfully

2020-06-08 23:58:42 - [TEST_STEP][PASSED] - callTestCase(findTestCase("Components/VerifyPageSuccessfullyLoadedII"), ["PageNm":"Summary"], STOP_ON_FAILURE): Call Test Case 'Test Cases/Components/VerifyPageSuccessfullyLoadedII' successfully

2020-06-08 23:58:42 - [TEST_CASE][PASSED] - Test Cases/Components/VerifyPageSuccessfullyLoadedII: Test Cases/Components/VerifyPageSuccessfullyLoadedII

2020-06-08 23:58:42 - [TEST_STEP][PASSED] - waitForPageLoad(5): Wait for page load successfully

2020-06-08 23:58:42 - [MESSAGE][PASSED] - Wait for page load successfully

2020-06-08 23:58:42 - [TEST_STEP][PASSED] - modifiedInputFld = modifyObjectProperty(findTestObject("Object Repository/Objects.VerifyPageSuccessfullyLoaded/PageHeaderIndex"), "xpath", "equals", "//*[contains(@class,'isps-page-title') and contains(text(),'" + PageNm + "')]", true): Modify property of object successfully

2020-06-08 23:58:42 - [MESSAGE][PASSED] - Modify property of object successfully

2020-06-08 23:58:42 - [TEST_STEP][PASSED] - com.reusableComponents.HighlightElement.run(modifiedInputFld): com.reusableComponents.HighlightElement.run is PASSED

2020-06-08 23:58:48 - [MESSAGE][PASSED] - com.reusableComponents.HighlightElement.run is PASSED

2020-06-08 23:58:48 - [MESSAGE][PASSED] - Call Test Case 'Test Cases/Components/VerifyPageSuccessfullyLoadedII' successfully

2020-06-08 23:58:48 - [TEST_STEP][PASSED] - callTestCase(findTestCase("Components/NavigateToAnyLHS"), ["LHS":"EOT Request"], STOP_ON_FAILURE): Call Test Case 'Test Cases/Components/NavigateToAnyLHS' successfully

2020-06-08 23:58:48 - [TEST_CASE][PASSED] - Test Cases/Components/NavigateToAnyLHS: Test Cases/Components/NavigateToAnyLHS

2020-06-08 23:58:48 - [TEST_STEP][PASSED] - Thread.sleep(1000): null

2020-06-08 23:58:49 - [TEST_STEP][PASSED] - modifiedLHS = modifyObjectProperty(findTestObject("Objects.NavigateToAnyLHS/Page_ISPS2/LHSToModify"), "text", "equals", LHS, true): Modify property of object successfully

2020-06-08 23:58:49 - [MESSAGE][PASSED] - Modify property of object successfully

2020-06-08 23:58:49 - [TEST_STEP][PASSED] - click(modifiedLHS): Object: 'Object Repository/Objects.NavigateToAnyLHS/Page_ISPS2/LHSToModify' is clicked on

2020-06-08 23:58:49 - [MESSAGE][PASSED] - Object: 'Object Repository/Objects.NavigateToAnyLHS/Page_ISPS2/LHSToModify' is clicked on

2020-06-08 23:58:49 - [TEST_STEP][PASSED] - currentLHS = getText(modifiedLHS): Text of object 'Object Repository/Objects.NavigateToAnyLHS/Page_ISPS2/LHSToModify' is: 'EOT Request'

2020-06-08 23:58:49 - [MESSAGE][PASSED] - Text of object 'Object Repository/Objects.NavigateToAnyLHS/Page_ISPS2/LHSToModify' is: 'EOT Request'

2020-06-08 23:58:49 - [TEST_STEP][PASSED] - Thread.sleep(5000): null

2020-06-08 23:58:54 - [MESSAGE][PASSED] - Call Test Case 'Test Cases/Components/NavigateToAnyLHS' successfully

2020-06-08 23:58:54 - [TEST_STEP][PASSED] - callTestCase(findTestCase("Components/VerifyPageSuccessfullyLoadedII"), ["PageNm":"Extension of Time Request"], STOP_ON_FAILURE): Call Test Case 'Test Cases/Components/VerifyPageSuccessfullyLoadedII' successfully

2020-06-08 23:58:54 - [TEST_CASE][PASSED] - Test Cases/Components/VerifyPageSuccessfullyLoadedII: Test Cases/Components/VerifyPageSuccessfullyLoadedII

2020-06-08 23:58:54 - [TEST_STEP][PASSED] - waitForPageLoad(5): Wait for page load successfully

2020-06-08 23:58:54 - [MESSAGE][PASSED] - Wait for page load successfully

2020-06-08 23:58:54 - [TEST_STEP][PASSED] - modifiedInputFld = modifyObjectProperty(findTestObject("Object Repository/Objects.VerifyPageSuccessfullyLoaded/PageHeaderIndex"), "xpath", "equals", "//*[contains(@class,'isps-page-title') and contains(text(),'" + PageNm + "')]", true): Modify property of object successfully

2020-06-08 23:58:54 - [MESSAGE][PASSED] - Modify property of object successfully

2020-06-08 23:58:54 - [TEST_STEP][PASSED] - com.reusableComponents.HighlightElement.run(modifiedInputFld): com.reusableComponents.HighlightElement.run is PASSED

2020-06-08 23:58:55 - [MESSAGE][PASSED] - com.reusableComponents.HighlightElement.run is PASSED

2020-06-08 23:58:55 - [MESSAGE][PASSED] - Call Test Case 'Test Cases/Components/VerifyPageSuccessfullyLoadedII' successfully

2020-06-08 23:58:55 - [TEST_STEP][PASSED] - callTestCase(findTestCase("Components/HighlightLabelField"), ["LblName":"EOT Type *:"], STOP_ON_FAILURE): Call Test Case 'Test Cases/Components/HighlightLabelField' successfully

2020-06-08 23:58:55 - [TEST_CASE][PASSED] - Test Cases/Components/HighlightLabelField: Test Cases/Components/HighlightLabelField

2020-06-08 23:58:55 - [TEST_STEP][PASSED] - Thread.sleep(1000): null

2020-06-08 23:58:56 - [TEST_STEP][PASSED] - modifiedLblNm = modifyObjectProperty(findTestObject("Objects.HighlightElements/lblField"), "text", "equals", LblName, true): Modify property of object successfully

2020-06-08 23:58:56 - [MESSAGE][PASSED] - Modify property of object successfully

2020-06-08 23:58:56 - [TEST_STEP][PASSED] - com.reusableComponents.HighlightElement.run(modifiedLblNm): com.reusableComponents.HighlightElement.run is PASSED

2020-06-08 23:58:56 - [MESSAGE][PASSED] - com.reusableComponents.HighlightElement.run is PASSED

2020-06-08 23:58:56 - [MESSAGE][PASSED] - Call Test Case 'Test Cases/Components/HighlightLabelField' successfully

2020-06-08 23:58:56 - [TEST_STEP][PASSED] - callTestCase(findTestCase("Components/HighlightInputField"), ["InputFldName":"eotTypeCmb"], STOP_ON_FAILURE): Call Test Case 'Test Cases/Components/HighlightInputField' successfully

2020-06-08 23:58:56 - [TEST_CASE][PASSED] - Test Cases/Components/HighlightInputField: Test Cases/Components/HighlightInputField

2020-06-08 23:58:57 - [TEST_STEP][PASSED] - Thread.sleep(1000): null

2020-06-08 23:58:58 - [TEST_STEP][PASSED] - modifiedLblNm = modifyObjectProperty(findTestObject("Objects.HighlightElements/input_field"), "name", "equals", InputFldName, true): Modify property of object successfully

2020-06-08 23:58:58 - [MESSAGE][PASSED] - Modify property of object successfully

2020-06-08 23:58:58 - [TEST_STEP][PASSED] - com.reusableComponents.HighlightElement.run(modifiedLblNm): com.reusableComponents.HighlightElement.run is PASSED

2020-06-08 23:58:58 - [MESSAGE][PASSED] - com.reusableComponents.HighlightElement.run is PASSED

2020-06-08 23:58:58 - [MESSAGE][PASSED] - Call Test Case 'Test Cases/Components/HighlightInputField' successfully

2020-06-08 23:58:58 - [TEST_STEP][PASSED] - callTestCase(findTestCase("PFI Precision and Scale/PFI Components/VerifyDropdownValues"), ["FldNm":"eotTypeCmb", "index":0, "CallTCName":"PFI Precision and Scale/HashMap Tables/ConstantHashMap", "cmbNm":"eotType", ... ], STOP_ON_FAILURE): Call Test Case 'Test Cases/PFI Precision and Scale/PFI Components/VerifyDropdownValues' successfully

2020-06-08 23:58:58 - [TEST_CASE][PASSED] - Test Cases/PFI Precision and Scale/PFI Components/VerifyDropdownValues: Test Cases/PFI Precision and Scale/PFI Components/VerifyDropdownValues

2020-06-08 23:58:58 - [TEST_STEP][PASSED] - Thread.sleep(1000): null

2020-06-08 23:58:59 - [TEST_STEP][PASSED] - NewInputNmField = modifyObjectProperty(findTestObject("Objects.HighlightElements/input_field"), "name", "equals", FldNm, true): Modify property of object successfully

2020-06-08 23:58:59 - [MESSAGE][PASSED] - Modify property of object successfully

2020-06-08 23:58:59 - [TEST_STEP][PASSED] - comboNm = cmbNm: null

2020-06-08 23:58:59 - [TEST_STEP][PASSED] - focus(NewInputNmField): Object: 'Object Repository/Objects.HighlightElements/input_field' is focused

2020-06-08 23:58:59 - [MESSAGE][PASSED] - Object: 'Object Repository/Objects.HighlightElements/input_field' is focused

2020-06-08 23:58:59 - [TEST_STEP][PASSED] - setText(NewInputNmField, EnterValue): Text '' is set on object 'Object Repository/Objects.HighlightElements/input_field'

2020-06-08 23:59:00 - [MESSAGE][PASSED] - Text '' is set on object 'Object Repository/Objects.HighlightElements/input_field'

2020-06-08 23:59:00 - [TEST_STEP][PASSED] - for ([i = 1, i <= NoOfVal, (i++)]): Keys 'DOWN + ' sent to object: 'Object Repository/Objects.HighlightElements/input_field'

2020-06-08 23:59:00 - [TEST_STEP][PASSED] - sendKeys(NewInputNmField, Keys.chord(ARROW_DOWN)): Keys 'DOWN + ' sent to object: 'Object Repository/Objects.HighlightElements/input_field'

2020-06-08 23:59:00 - [MESSAGE][PASSED] - Keys 'DOWN + ' sent to object: 'Object Repository/Objects.HighlightElements/input_field'

2020-06-08 23:59:00 - [TEST_STEP][PASSED] - delay(DelayTime): Delayed 3 second(s)

2020-06-08 23:59:03 - [MESSAGE][PASSED] - Delayed 3 second(s)

2020-06-08 23:59:03 - [TEST_STEP][PASSED] - sendKeys(NewInputNmField, Keys.chord(ENTER)): Keys 'ENTER + ' sent to object: 'Object Repository/Objects.HighlightElements/input_field'

2020-06-08 23:59:03 - [MESSAGE][PASSED] - Keys 'ENTER + ' sent to object: 'Object Repository/Objects.HighlightElements/input_field'

2020-06-08 23:59:03 - [TEST_STEP][PASSED] - ComboBoxValue = getAttribute(NewInputNmField, "value"): Attribute 'value' of object 'Object Repository/Objects.HighlightElements/input_field' is: ''

2020-06-08 23:59:03 - [MESSAGE][PASSED] - Attribute 'value' of object 'Object Repository/Objects.HighlightElements/input_field' is: ''

2020-06-08 23:59:03 - [TEST_STEP][PASSED] - callTestCase(findTestCase(CallTCName), ["FindValue":ComboBoxValue, "DropdownNm":comboNm], STOP_ON_FAILURE): Call Test Case 'Test Cases/PFI Precision and Scale/HashMap Tables/ConstantHashMap' successfully

2020-06-08 23:59:03 - [TEST_CASE][PASSED] - Test Cases/PFI Precision and Scale/HashMap Tables/ConstantHashMap: Test Cases/PFI Precision and Scale/HashMap Tables/ConstantHashMap

2020-06-08 23:59:03 - [TEST_STEP][PASSED] - ConstantTBL = [1:["PeriodType":"Working Day(s)"], 2:["PeriodType":"Calendar Day(s)"], 3:["PeriodType":"Month(s)"], 4:["TypeOfLetter":"T1"], ... ]: null

2020-06-08 23:59:03 - [TEST_STEP][PASSED] - switch (DropdownNm): null

2020-06-08 23:59:03 - [TEST_STEP][PASSED] - case "eotType":: null

2020-06-08 23:59:03 - [TEST_STEP][PASSED] - ValueFound = ConstantTBL.find({ -> ... }): null

2020-06-08 23:59:03 - [TEST_STEP][PASSED] - break: null

2020-06-08 23:59:03 - [MESSAGE][PASSED] - Call Test Case 'Test Cases/PFI Precision and Scale/HashMap Tables/ConstantHashMap' successfully

2020-06-08 23:59:03 - [TEST_STEP][PASSED] - println(ValueFound): null

2020-06-08 23:59:03 - [TEST_STEP][PASSED] - sendKeys(NewInputNmField, Keys.chord(ARROW_DOWN)): Keys 'DOWN + ' sent to object: 'Object Repository/Objects.HighlightElements/input_field'

2020-06-08 23:59:03 - [MESSAGE][PASSED] - Keys 'DOWN + ' sent to object: 'Object Repository/Objects.HighlightElements/input_field'

2020-06-08 23:59:03 - [TEST_STEP][PASSED] - sendKeys(NewInputNmField, Keys.chord(ARROW_DOWN)): Keys 'DOWN + ' sent to object: 'Object Repository/Objects.HighlightElements/input_field'

2020-06-08 23:59:03 - [MESSAGE][PASSED] - Keys 'DOWN + ' sent to object: 'Object Repository/Objects.HighlightElements/input_field'

2020-06-08 23:59:03 - [TEST_STEP][PASSED] - delay(DelayTime): Delayed 3 second(s)

2020-06-08 23:59:06 - [MESSAGE][PASSED] - Delayed 3 second(s)

2020-06-08 23:59:06 - [TEST_STEP][PASSED] - sendKeys(NewInputNmField, Keys.chord(ENTER)): Keys 'ENTER + ' sent to object: 'Object Repository/Objects.HighlightElements/input_field'

2020-06-08 23:59:06 - [MESSAGE][PASSED] - Keys 'ENTER + ' sent to object: 'Object Repository/Objects.HighlightElements/input_field'

2020-06-08 23:59:06 - [TEST_STEP][PASSED] - ComboBoxValue = getAttribute(NewInputNmField, "value"): Attribute 'value' of object 'Object Repository/Objects.HighlightElements/input_field' is: 'Appointment of PE for Visual Inspection'

2020-06-08 23:59:06 - [MESSAGE][PASSED] - Attribute 'value' of object 'Object Repository/Objects.HighlightElements/input_field' is: 'Appointment of PE for Visual Inspection'

2020-06-08 23:59:06 - [TEST_STEP][PASSED] - callTestCase(findTestCase(CallTCName), ["FindValue":ComboBoxValue, "DropdownNm":comboNm], STOP_ON_FAILURE): Call Test Case 'Test Cases/PFI Precision and Scale/HashMap Tables/ConstantHashMap' successfully

2020-06-08 23:59:06 - [TEST_CASE][PASSED] - Test Cases/PFI Precision and Scale/HashMap Tables/ConstantHashMap: Test Cases/PFI Precision and Scale/HashMap Tables/ConstantHashMap

2020-06-08 23:59:06 - [TEST_STEP][PASSED] - ConstantTBL = [1:["PeriodType":"Working Day(s)"], 2:["PeriodType":"Calendar Day(s)"], 3:["PeriodType":"Month(s)"], 4:["TypeOfLetter":"T1"], ... ]: null

2020-06-08 23:59:06 - [TEST_STEP][PASSED] - switch (DropdownNm): null

2020-06-08 23:59:06 - [TEST_STEP][PASSED] - case "eotType":: null

2020-06-08 23:59:06 - [TEST_STEP][PASSED] - ValueFound = ConstantTBL.find({ -> ... }): null

2020-06-08 23:59:06 - [TEST_STEP][PASSED] - break: null

2020-06-08 23:59:06 - [MESSAGE][PASSED] - Call Test Case 'Test Cases/PFI Precision and Scale/HashMap Tables/ConstantHashMap' successfully

2020-06-08 23:59:06 - [TEST_STEP][PASSED] - println(ValueFound): null

2020-06-08 23:59:06 - [TEST_STEP][PASSED] - sendKeys(NewInputNmField, Keys.chord(ARROW_DOWN)): Keys 'DOWN + ' sent to object: 'Object Repository/Objects.HighlightElements/input_field'

2020-06-08 23:59:07 - [MESSAGE][PASSED] - Keys 'DOWN + ' sent to object: 'Object Repository/Objects.HighlightElements/input_field'

2020-06-08 23:59:07 - [TEST_STEP][PASSED] - sendKeys(NewInputNmField, Keys.chord(ARROW_DOWN)): Keys 'DOWN + ' sent to object: 'Object Repository/Objects.HighlightElements/input_field'

2020-06-08 23:59:07 - [MESSAGE][PASSED] - Keys 'DOWN + ' sent to object: 'Object Repository/Objects.HighlightElements/input_field'

2020-06-08 23:59:07 - [TEST_STEP][PASSED] - delay(DelayTime): Delayed 3 second(s)

2020-06-08 23:59:10 - [MESSAGE][PASSED] - Delayed 3 second(s)

2020-06-08 23:59:10 - [TEST_STEP][PASSED] - sendKeys(NewInputNmField, Keys.chord(ENTER)): Keys 'ENTER + ' sent to object: 'Object Repository/Objects.HighlightElements/input_field'

2020-06-08 23:59:10 - [MESSAGE][PASSED] - Keys 'ENTER + ' sent to object: 'Object Repository/Objects.HighlightElements/input_field'

2020-06-08 23:59:10 - [TEST_STEP][PASSED] - ComboBoxValue = getAttribute(NewInputNmField, "value"): Attribute 'value' of object 'Object Repository/Objects.HighlightElements/input_field' is: 'Appointment of PE for FSI'

2020-06-08 23:59:10 - [MESSAGE][PASSED] - Attribute 'value' of object 'Object Repository/Objects.HighlightElements/input_field' is: 'Appointment of PE for FSI'

2020-06-08 23:59:10 - [TEST_STEP][PASSED] - callTestCase(findTestCase(CallTCName), ["FindValue":ComboBoxValue, "DropdownNm":comboNm], STOP_ON_FAILURE): Call Test Case 'Test Cases/PFI Precision and Scale/HashMap Tables/ConstantHashMap' successfully

2020-06-08 23:59:10 - [TEST_CASE][PASSED] - Test Cases/PFI Precision and Scale/HashMap Tables/ConstantHashMap: Test Cases/PFI Precision and Scale/HashMap Tables/ConstantHashMap

2020-06-08 23:59:10 - [TEST_STEP][PASSED] - ConstantTBL = [1:["PeriodType":"Working Day(s)"], 2:["PeriodType":"Calendar Day(s)"], 3:["PeriodType":"Month(s)"], 4:["TypeOfLetter":"T1"], ... ]: null

2020-06-08 23:59:10 - [TEST_STEP][PASSED] - switch (DropdownNm): null

2020-06-08 23:59:10 - [TEST_STEP][PASSED] - case "eotType":: null

2020-06-08 23:59:10 - [TEST_STEP][PASSED] - ValueFound = ConstantTBL.find({ -> ... }): null

2020-06-08 23:59:10 - [TEST_STEP][PASSED] - break: null

2020-06-08 23:59:10 - [MESSAGE][PASSED] - Call Test Case 'Test Cases/PFI Precision and Scale/HashMap Tables/ConstantHashMap' successfully

2020-06-08 23:59:10 - [TEST_STEP][PASSED] - println(ValueFound): null

2020-06-08 23:59:10 - [TEST_STEP][PASSED] - sendKeys(NewInputNmField, Keys.chord(ARROW_DOWN)): Keys 'DOWN + ' sent to object: 'Object Repository/Objects.HighlightElements/input_field'

2020-06-08 23:59:10 - [MESSAGE][PASSED] - Keys 'DOWN + ' sent to object: 'Object Repository/Objects.HighlightElements/input_field'

2020-06-08 23:59:10 - [TEST_STEP][PASSED] - sendKeys(NewInputNmField, Keys.chord(ARROW_DOWN)): Keys 'DOWN + ' sent to object: 'Object Repository/Objects.HighlightElements/input_field'

2020-06-08 23:59:10 - [MESSAGE][PASSED] - Keys 'DOWN + ' sent to object: 'Object Repository/Objects.HighlightElements/input_field'

2020-06-08 23:59:10 - [TEST_STEP][PASSED] - delay(DelayTime): Delayed 3 second(s)

2020-06-08 23:59:13 - [MESSAGE][PASSED] - Delayed 3 second(s)

2020-06-08 23:59:13 - [TEST_STEP][PASSED] - sendKeys(NewInputNmField, Keys.chord(ENTER)): Keys 'ENTER + ' sent to object: 'Object Repository/Objects.HighlightElements/input_field'

2020-06-08 23:59:13 - [MESSAGE][PASSED] - Keys 'ENTER + ' sent to object: 'Object Repository/Objects.HighlightElements/input_field'

2020-06-08 23:59:13 - [TEST_STEP][PASSED] - ComboBoxValue = getAttribute(NewInputNmField, "value"): Attribute 'value' of object 'Object Repository/Objects.HighlightElements/input_field' is: 'Submission of VIR'

2020-06-08 23:59:13 - [MESSAGE][PASSED] - Attribute 'value' of object 'Object Repository/Objects.HighlightElements/input_field' is: 'Submission of VIR'

2020-06-08 23:59:13 - [TEST_STEP][PASSED] - callTestCase(findTestCase(CallTCName), ["FindValue":ComboBoxValue, "DropdownNm":comboNm], STOP_ON_FAILURE): Call Test Case 'Test Cases/PFI Precision and Scale/HashMap Tables/ConstantHashMap' successfully

2020-06-08 23:59:13 - [TEST_CASE][PASSED] - Test Cases/PFI Precision and Scale/HashMap Tables/ConstantHashMap: Test Cases/PFI Precision and Scale/HashMap Tables/ConstantHashMap

2020-06-08 23:59:13 - [TEST_STEP][PASSED] - ConstantTBL = [1:["PeriodType":"Working Day(s)"], 2:["PeriodType":"Calendar Day(s)"], 3:["PeriodType":"Month(s)"], 4:["TypeOfLetter":"T1"], ... ]: null

2020-06-08 23:59:13 - [TEST_STEP][PASSED] - switch (DropdownNm): null

2020-06-08 23:59:13 - [TEST_STEP][PASSED] - case "eotType":: null

2020-06-08 23:59:13 - [TEST_STEP][PASSED] - ValueFound = ConstantTBL.find({ -> ... }): null

2020-06-08 23:59:13 - [TEST_STEP][PASSED] - break: null

2020-06-08 23:59:13 - [MESSAGE][PASSED] - Call Test Case 'Test Cases/PFI Precision and Scale/HashMap Tables/ConstantHashMap' successfully

2020-06-08 23:59:13 - [TEST_STEP][PASSED] - println(ValueFound): null

2020-06-08 23:59:13 - [TEST_STEP][PASSED] - sendKeys(NewInputNmField, Keys.chord(ARROW_DOWN)): Keys 'DOWN + ' sent to object: 'Object Repository/Objects.HighlightElements/input_field'

2020-06-08 23:59:13 - [MESSAGE][PASSED] - Keys 'DOWN + ' sent to object: 'Object Repository/Objects.HighlightElements/input_field'

2020-06-08 23:59:13 - [TEST_STEP][PASSED] - sendKeys(NewInputNmField, Keys.chord(ARROW_DOWN)): Keys 'DOWN + ' sent to object: 'Object Repository/Objects.HighlightElements/input_field'

2020-06-08 23:59:13 - [MESSAGE][PASSED] - Keys 'DOWN + ' sent to object: 'Object Repository/Objects.HighlightElements/input_field'

2020-06-08 23:59:13 - [TEST_STEP][PASSED] - delay(DelayTime): Delayed 3 second(s)

2020-06-08 23:59:16 - [MESSAGE][PASSED] - Delayed 3 second(s)

2020-06-08 23:59:16 - [TEST_STEP][PASSED] - sendKeys(NewInputNmField, Keys.chord(ENTER)): Keys 'ENTER + ' sent to object: 'Object Repository/Objects.HighlightElements/input_field'

2020-06-08 23:59:16 - [MESSAGE][PASSED] - Keys 'ENTER + ' sent to object: 'Object Repository/Objects.HighlightElements/input_field'

2020-06-08 23:59:16 - [TEST_STEP][PASSED] - ComboBoxValue = getAttribute(NewInputNmField, "value"): Attribute 'value' of object 'Object Repository/Objects.HighlightElements/input_field' is: 'Submission of FSI Report'

2020-06-08 23:59:16 - [MESSAGE][PASSED] - Attribute 'value' of object 'Object Repository/Objects.HighlightElements/input_field' is: 'Submission of FSI Report'

2020-06-08 23:59:16 - [TEST_STEP][PASSED] - callTestCase(findTestCase(CallTCName), ["FindValue":ComboBoxValue, "DropdownNm":comboNm], STOP_ON_FAILURE): Call Test Case 'Test Cases/PFI Precision and Scale/HashMap Tables/ConstantHashMap' successfully

2020-06-08 23:59:16 - [TEST_CASE][PASSED] - Test Cases/PFI Precision and Scale/HashMap Tables/ConstantHashMap: Test Cases/PFI Precision and Scale/HashMap Tables/ConstantHashMap

2020-06-08 23:59:16 - [TEST_STEP][PASSED] - ConstantTBL = [1:["PeriodType":"Working Day(s)"], 2:["PeriodType":"Calendar Day(s)"], 3:["PeriodType":"Month(s)"], 4:["TypeOfLetter":"T1"], ... ]: null

2020-06-08 23:59:16 - [TEST_STEP][PASSED] - switch (DropdownNm): null

2020-06-08 23:59:16 - [TEST_STEP][PASSED] - case "eotType":: null

2020-06-08 23:59:16 - [TEST_STEP][PASSED] - ValueFound = ConstantTBL.find({ -> ... }): null

2020-06-08 23:59:16 - [TEST_STEP][PASSED] - break: null

2020-06-08 23:59:16 - [MESSAGE][PASSED] - Call Test Case 'Test Cases/PFI Precision and Scale/HashMap Tables/ConstantHashMap' successfully

2020-06-08 23:59:16 - [TEST_STEP][PASSED] - println(ValueFound): null

2020-06-08 23:59:16 - [TEST_STEP][PASSED] - sendKeys(NewInputNmField, Keys.chord(ARROW_DOWN)): Keys 'DOWN + ' sent to object: 'Object Repository/Objects.HighlightElements/input_field'

2020-06-08 23:59:16 - [MESSAGE][PASSED] - Keys 'DOWN + ' sent to object: 'Object Repository/Objects.HighlightElements/input_field'

2020-06-08 23:59:16 - [TEST_STEP][PASSED] - sendKeys(NewInputNmField, Keys.chord(ENTER)): Keys 'ENTER + ' sent to object: 'Object Repository/Objects.HighlightElements/input_field'

2020-06-08 23:59:16 - [MESSAGE][PASSED] - Keys 'ENTER + ' sent to object: 'Object Repository/Objects.HighlightElements/input_field'

2020-06-08 23:59:16 - [MESSAGE][PASSED] - Call Test Case 'Test Cases/PFI Precision and Scale/PFI Components/VerifyDropdownValues' successfully

2020-06-08 23:59:16 - [TEST_STEP][PASSED] - callTestCase(findTestCase("Components/HighlightLabelField"), ["LblName":"EOT From Date *:"], STOP_ON_FAILURE): Call Test Case 'Test Cases/Components/HighlightLabelField' successfully

2020-06-08 23:59:16 - [TEST_CASE][PASSED] - Test Cases/Components/HighlightLabelField: Test Cases/Components/HighlightLabelField

2020-06-08 23:59:16 - [TEST_STEP][PASSED] - Thread.sleep(1000): null

2020-06-08 23:59:17 - [TEST_STEP][PASSED] - modifiedLblNm = modifyObjectProperty(findTestObject("Objects.HighlightElements/lblField"), "text", "equals", LblName, true): Modify property of object successfully

2020-06-08 23:59:17 - [MESSAGE][PASSED] - Modify property of object successfully

2020-06-08 23:59:17 - [TEST_STEP][PASSED] - com.reusableComponents.HighlightElement.run(modifiedLblNm): com.reusableComponents.HighlightElement.run is PASSED

2020-06-08 23:59:18 - [MESSAGE][PASSED] - com.reusableComponents.HighlightElement.run is PASSED

2020-06-08 23:59:18 - [MESSAGE][PASSED] - Call Test Case 'Test Cases/Components/HighlightLabelField' successfully

2020-06-08 23:59:18 - [TEST_STEP][PASSED] - callTestCase(findTestCase("Components/HighlightInputField"), ["InputFldName":"eotFromDate"], STOP_ON_FAILURE): Call Test Case 'Test Cases/Components/HighlightInputField' successfully

2020-06-08 23:59:18 - [TEST_CASE][PASSED] - Test Cases/Components/HighlightInputField: Test Cases/Components/HighlightInputField

2020-06-08 23:59:18 - [TEST_STEP][PASSED] - Thread.sleep(1000): null

2020-06-08 23:59:19 - [TEST_STEP][PASSED] - modifiedLblNm = modifyObjectProperty(findTestObject("Objects.HighlightElements/input_field"), "name", "equals", InputFldName, true): Modify property of object successfully

2020-06-08 23:59:19 - [MESSAGE][PASSED] - Modify property of object successfully

2020-06-08 23:59:19 - [TEST_STEP][PASSED] - com.reusableComponents.HighlightElement.run(modifiedLblNm): com.reusableComponents.HighlightElement.run is PASSED

2020-06-08 23:59:19 - [MESSAGE][PASSED] - com.reusableComponents.HighlightElement.run is PASSED

2020-06-08 23:59:19 - [MESSAGE][PASSED] - Call Test Case 'Test Cases/Components/HighlightInputField' successfully

2020-06-08 23:59:19 - [TEST_STEP][PASSED] - callTestCase(findTestCase("PFI Precision and Scale/PFI Components/SelectDayInDatePicker"), ["FldNm":"eotFromDate", "SelectDay":"June 08"], STOP_ON_FAILURE): Call Test Case 'Test Cases/PFI Precision and Scale/PFI Components/SelectDayInDatePicker' successfully

2020-06-08 23:59:19 - [TEST_CASE][PASSED] - Test Cases/PFI Precision and Scale/PFI Components/SelectDayInDatePicker: Test Cases/PFI Precision and Scale/PFI Components/SelectDayInDatePicker

2020-06-08 23:59:20 - [TEST_STEP][PASSED] - Thread.sleep(1000): null

2020-06-08 23:59:21 - [TEST_STEP][PASSED] - DateFieldNm = modifyObjectProperty(findTestObject("Objects.HighlightElements/input_field"), "name", "equals", FldNm, true): Modify property of object successfully

2020-06-08 23:59:21 - [MESSAGE][PASSED] - Modify property of object successfully

2020-06-08 23:59:21 - [TEST_STEP][PASSED] - ModifyDay = modifyObjectProperty(findTestObject("Objects.DateValidation/Page_ISPS2/Select_Day"), "aria-label", "equals", SelectDay, true): Modify property of object successfully

2020-06-08 23:59:21 - [MESSAGE][PASSED] - Modify property of object successfully

2020-06-08 23:59:21 - [TEST_STEP][PASSED] - sendKeys(DateFieldNm, Keys.chord(ARROW_DOWN)): Keys 'DOWN + ' sent to object: 'Object Repository/Objects.HighlightElements/input_field'

2020-06-08 23:59:21 - [MESSAGE][PASSED] - Keys 'DOWN + ' sent to object: 'Object Repository/Objects.HighlightElements/input_field'

2020-06-08 23:59:21 - [TEST_STEP][PASSED] - com.reusableComponents.HighlightElement.run(ModifyDay): com.reusableComponents.HighlightElement.run is PASSED

2020-06-08 23:59:21 - [MESSAGE][PASSED] - com.reusableComponents.HighlightElement.run is PASSED

2020-06-08 23:59:21 - [TEST_STEP][PASSED] - delay(1): Delayed 1 second(s)

2020-06-08 23:59:22 - [MESSAGE][PASSED] - Delayed 1 second(s)

2020-06-08 23:59:22 - [TEST_STEP][PASSED] - click(ModifyDay): Object: 'Object Repository/Objects.DateValidation/Page_ISPS2/Select_Day' is clicked on

2020-06-08 23:59:22 - [MESSAGE][PASSED] - Object: 'Object Repository/Objects.DateValidation/Page_ISPS2/Select_Day' is clicked on

2020-06-08 23:59:22 - [TEST_STEP][PASSED] - GetError = getAttribute(DateFieldNm, "data-errorqtip"): Attribute 'data-errorqtip' of object 'Object Repository/Objects.HighlightElements/input_field' is: ''

2020-06-08 23:59:22 - [MESSAGE][PASSED] - Attribute 'data-errorqtip' of object 'Object Repository/Objects.HighlightElements/input_field' is: ''

2020-06-08 23:59:22 - [TEST_STEP][PASSED] - if (GetError == ""): Date Format is valid

2020-06-08 23:59:22 - [TEST_STEP][PASSED] - GetEnteredDate = getAttribute(DateFieldNm, "value"): Attribute 'value' of object 'Object Repository/Objects.HighlightElements/input_field' is: '08/06/2020'

2020-06-08 23:59:22 - [MESSAGE][PASSED] - Attribute 'value' of object 'Object Repository/Objects.HighlightElements/input_field' is: '08/06/2020'

2020-06-08 23:59:22 - [TEST_STEP][PASSED] - DatePattern = Pattern.compile("^(1[0-2]|0[1-9])/(3[01]|[12][0-9]|0[1-9])/[0-9]{4}$"): null

2020-06-08 23:59:22 - [TEST_STEP][PASSED] - VerifyDateFormat = DatePattern.matcher(GetEnteredDate): null

2020-06-08 23:59:22 - [TEST_STEP][PASSED] - if (VerifyDateFormat.matches() == true): Date Format is valid

2020-06-08 23:59:22 - [TEST_STEP][PASSED] - comment("Date Format is valid"): Date Format is valid

2020-06-08 23:59:22 - [MESSAGE][INFO] - Date Format is valid

2020-06-08 23:59:22 - [MESSAGE][PASSED] - Call Test Case 'Test Cases/PFI Precision and Scale/PFI Components/SelectDayInDatePicker' successfully

2020-06-08 23:59:22 - [TEST_STEP][PASSED] - callTestCase(findTestCase("PFI Precision and Scale/PFI Components/NumericTextboxValidationII"), ["nameToBeUsed":"eotFromDate", "minLen":11, "index":0], STOP_ON_FAILURE): Call Test Case 'Test Cases/PFI Precision and Scale/PFI Components/NumericTextboxValidationII' successfully

2020-06-08 23:59:22 - [TEST_CASE][PASSED] - Test Cases/PFI Precision and Scale/PFI Components/NumericTextboxValidationII: Test Cases/PFI Precision and Scale/PFI Components/NumericTextboxValidationII

2020-06-08 23:59:23 - [TEST_STEP][PASSED] - Thread.sleep(1000): null

2020-06-08 23:59:24 - [TEST_STEP][PASSED] - Numeric = "0123456789": null

2020-06-08 23:59:24 - [TEST_STEP][PASSED] - AlphaSpecialChar = z) + "`~!@#$%^&*()=_{}|\][;'":,?><"".join(): null

2020-06-08 23:59:24 - [TEST_STEP][PASSED] - RandomNumeric = RandomStringUtils.random(minLen, Numeric.toCharArray()): null

2020-06-08 23:59:24 - [TEST_STEP][PASSED] - RandomString = RandomStringUtils.random(minLen, AlphaSpecialChar): null

2020-06-08 23:59:24 - [TEST_STEP][PASSED] - regexPat = Pattern.compile("^[0-9]+$"): null

2020-06-08 23:59:24 - [TEST_STEP][PASSED] - NewInputNmField = modifyObjectProperty(findTestObject("Objects.RemarksValidation/input_Remarks"), "name", "equals", nameToBeUsed, true): Modify property of object successfully

2020-06-08 23:59:24 - [MESSAGE][PASSED] - Modify property of object successfully

2020-06-08 23:59:24 - [TEST_STEP][PASSED] - focus(NewInputNmField): Object: 'Object Repository/Objects.RemarksValidation/input_Remarks' is focused

2020-06-08 23:59:24 - [MESSAGE][PASSED] - Object: 'Object Repository/Objects.RemarksValidation/input_Remarks' is focused

2020-06-08 23:59:24 - [TEST_STEP][PASSED] - setText(NewInputNmField, RandomString): Text '@S)dPta_P]B' is set on object 'Object Repository/Objects.RemarksValidation/input_Remarks'

2020-06-08 23:59:24 - [MESSAGE][PASSED] - Text '@S)dPta_P]B' is set on object 'Object Repository/Objects.RemarksValidation/input_Remarks'

2020-06-08 23:59:24 - [TEST_STEP][PASSED] - GetInputVal = getAttribute(NewInputNmField, "value"): Attribute 'value' of object 'Object Repository/Objects.RemarksValidation/input_Remarks' is: ''

2020-06-08 23:59:24 - [MESSAGE][PASSED] - Attribute 'value' of object 'Object Repository/Objects.RemarksValidation/input_Remarks' is: ''

2020-06-08 23:59:24 - [TEST_STEP][PASSED] - if (GetInputVal.contains("e")): null

2020-06-08 23:59:24 - [TEST_STEP][PASSED] - else: Actual text '' and expected text '' are matched  using regular expression

2020-06-08 23:59:24 - [TEST_STEP][PASSED] - verifyMatch(GetInputVal, "", true): Actual text '' and expected text '' are matched  using regular expression

2020-06-08 23:59:24 - [MESSAGE][PASSED] - Actual text '' and expected text '' are matched  using regular expression

2020-06-08 23:59:24 - [TEST_STEP][PASSED] - setText(NewInputNmField, RandomNumeric): Text '81713194538' is set on object 'Object Repository/Objects.RemarksValidation/input_Remarks'

2020-06-08 23:59:24 - [MESSAGE][PASSED] - Text '81713194538' is set on object 'Object Repository/Objects.RemarksValidation/input_Remarks'

2020-06-08 23:59:24 - [TEST_STEP][PASSED] - GetEnteredIntegers = getAttribute(NewInputNmField, "value"): Attribute 'value' of object 'Object Repository/Objects.RemarksValidation/input_Remarks' is: '81713194538'

2020-06-08 23:59:24 - [MESSAGE][PASSED] - Attribute 'value' of object 'Object Repository/Objects.RemarksValidation/input_Remarks' is: '81713194538'

2020-06-08 23:59:24 - [TEST_STEP][PASSED] - matchStr = regexPat.matcher(GetEnteredIntegers): null

2020-06-08 23:59:24 - [TEST_STEP][PASSED] - if (matchStr.matches() == true): Accepting Numeric

2020-06-08 23:59:24 - [TEST_STEP][PASSED] - comment("Accepting Numeric"): Accepting Numeric

2020-06-08 23:59:24 - [MESSAGE][INFO] - Accepting Numeric

2020-06-08 23:59:24 - [MESSAGE][PASSED] - Call Test Case 'Test Cases/PFI Precision and Scale/PFI Components/NumericTextboxValidationII' successfully

2020-06-08 23:59:24 - [TEST_STEP][PASSED] - callTestCase(findTestCase("PFI Precision and Scale/PFI Components/StartTimeError"), ["FldNm":"eotFromDate", "index":0], STOP_ON_FAILURE): Call Test Case 'Test Cases/PFI Precision and Scale/PFI Components/StartTimeError' successfully

2020-06-08 23:59:24 - [TEST_CASE][PASSED] - Test Cases/PFI Precision and Scale/PFI Components/StartTimeError: Test Cases/PFI Precision and Scale/PFI Components/StartTimeError

2020-06-08 23:59:24 - [TEST_STEP][PASSED] - Thread.sleep(1000): null

2020-06-08 23:59:25 - [TEST_STEP][PASSED] - if (index == 0): Modify property of object successfully

2020-06-08 23:59:25 - [TEST_STEP][PASSED] - NewInputNmField = modifyObjectProperty(findTestObject("Objects.HighlightElements/input_field"), "name", "equals", FldNm, true): Modify property of object successfully

2020-06-08 23:59:25 - [MESSAGE][PASSED] - Modify property of object successfully

2020-06-08 23:59:25 - [TEST_STEP][PASSED] - mouseOver(NewInputNmField): Object: 'Object Repository/Objects.HighlightElements/input_field' is hovered

2020-06-08 23:59:26 - [MESSAGE][PASSED] - Object: 'Object Repository/Objects.HighlightElements/input_field' is hovered

2020-06-08 23:59:26 - [TEST_STEP][PASSED] - getInputInvalidDate = getAttribute(NewInputNmField, "value"): Attribute 'value' of object 'Object Repository/Objects.HighlightElements/input_field' is: '81713194538'

2020-06-08 23:59:26 - [MESSAGE][PASSED] - Attribute 'value' of object 'Object Repository/Objects.HighlightElements/input_field' is: '81713194538'

2020-06-08 23:59:26 - [TEST_STEP][PASSED] - getErrMsg = getAttribute(NewInputNmField, "data-errorqtip"): Attribute 'data-errorqtip' of object 'Object Repository/Objects.HighlightElements/input_field' is: '<ul class="x-list-plain"><li>Start time must be less than end time</li><li>81713194538 is not a valid date - it must be in the format d/m/Y</li></ul>'

2020-06-08 23:59:26 - [MESSAGE][PASSED] - Attribute 'data-errorqtip' of object 'Object Repository/Objects.HighlightElements/input_field' is: '<ul class="x-list-plain"><li>Start time must be less than end time</li><li>81713194538 is not a valid date - it must be in the format d/m/Y</li></ul>'

2020-06-08 23:59:26 - [TEST_STEP][PASSED] - RmvCd = getErrMsg.substring(0, 75): null

2020-06-08 23:59:26 - [TEST_STEP][PASSED] - FirstErrMsg = RmvCd.substring(29, 66): null

2020-06-08 23:59:26 - [TEST_STEP][PASSED] - getTotalLength = getErrMsg.length(): null

2020-06-08 23:59:26 - [TEST_STEP][PASSED] - RmvCd = getErrMsg.substring(75, getTotalLength): null

2020-06-08 23:59:26 - [TEST_STEP][PASSED] - lenInv = RmvCd.length() - 10: null

2020-06-08 23:59:26 - [TEST_STEP][PASSED] - InvErrMsg = RmvCd.substring(0, lenInv): null

2020-06-08 23:59:26 - [TEST_STEP][PASSED] - ExpectedInvalidErrMsg2 = concatenate(InvDtErr, " ", getInputInvalidDate, " ", NotValidDt): Concatenated string array: '['Start time must be less than end time',' ','81713194538',' ','is not a valid date - it must be in the format d/m/Y']' into 'Start time must be less than end time 81713194538 is not a valid date - it must be in the format d/m/Y'

2020-06-08 23:59:26 - [MESSAGE][PASSED] - Concatenated string array: '['Start time must be less than end time',' ','81713194538',' ','is not a valid date - it must be in the format d/m/Y']' into 'Start time must be less than end time 81713194538 is not a valid date - it must be in the format d/m/Y'

2020-06-08 23:59:26 - [TEST_STEP][PASSED] - ActualInvErrMsg = concatenate(FirstErrMsg, " ", InvErrMsg): Concatenated string array: '['Start time must be less than end time',' ','81713194538 is not a valid date - it must be in the format d/m/Y']' into 'Start time must be less than end time 81713194538 is not a valid date - it must be in the format d/m/Y'

2020-06-08 23:59:26 - [MESSAGE][PASSED] - Concatenated string array: '['Start time must be less than end time',' ','81713194538 is not a valid date - it must be in the format d/m/Y']' into 'Start time must be less than end time 81713194538 is not a valid date - it must be in the format d/m/Y'

2020-06-08 23:59:26 - [TEST_STEP][PASSED] - verifyMatch(ActualInvErrMsg, ExpectedInvalidErrMsg2, true): Actual text 'Start time must be less than end time 81713194538 is not a valid date - it must be in the format d/m/Y' and expected text 'Start time must be less than end time 81713194538 is not a valid date - it must be in the format d/m/Y' are matched  using regular expression

2020-06-08 23:59:26 - [MESSAGE][PASSED] - Actual text 'Start time must be less than end time 81713194538 is not a valid date - it must be in the format d/m/Y' and expected text 'Start time must be less than end time 81713194538 is not a valid date - it must be in the format d/m/Y' are matched  using regular expression

2020-06-08 23:59:26 - [MESSAGE][PASSED] - Call Test Case 'Test Cases/PFI Precision and Scale/PFI Components/StartTimeError' successfully

2020-06-08 23:59:26 - [TEST_STEP][PASSED] - callTestCase(findTestCase("PFI Precision and Scale/PFI Components/SelectTodayInDatePicker"), ["FldNm":"eotFromDate", "index":"1"], STOP_ON_FAILURE): Call Test Case 'Test Cases/PFI Precision and Scale/PFI Components/SelectTodayInDatePicker' successfully

2020-06-08 23:59:26 - [TEST_CASE][PASSED] - Test Cases/PFI Precision and Scale/PFI Components/SelectTodayInDatePicker: Test Cases/PFI Precision and Scale/PFI Components/SelectTodayInDatePicker

2020-06-08 23:59:26 - [TEST_STEP][PASSED] - Thread.sleep(1000): null

2020-06-08 23:59:27 - [TEST_STEP][PASSED] - date = new java.util.Date(): null

2020-06-08 23:59:27 - [TEST_STEP][PASSED] - CurrentDate = new java.text.SimpleDateFormat(dd/MM/yyyy): null

2020-06-08 23:59:27 - [TEST_STEP][PASSED] - TodayDate = CurrentDate.format(date): null

2020-06-08 23:59:27 - [TEST_STEP][PASSED] - DateFieldNm = modifyObjectProperty(findTestObject("Object Repository/Objects.DateValidation/Page_ISPS2/input__orderDt"), "name", "equals", FldNm, true): Modify property of object successfully

2020-06-08 23:59:27 - [MESSAGE][PASSED] - Modify property of object successfully

2020-06-08 23:59:27 - [TEST_STEP][PASSED] - TodayBtn = modifyObjectProperty(findTestObject("Object Repository/Objects.DateValidation/Page_ISPS2/a_Today"), "xpath", "equals", "(//*[text() = 'Today'])[" + index + "]", true): Modify property of object successfully

2020-06-08 23:59:27 - [MESSAGE][PASSED] - Modify property of object successfully

2020-06-08 23:59:27 - [TEST_STEP][PASSED] - sendKeys(DateFieldNm, Keys.chord(ARROW_DOWN)): Keys 'DOWN + ' sent to object: 'Object Repository/Objects.DateValidation/Page_ISPS2/input__orderDt'

2020-06-08 23:59:27 - [MESSAGE][PASSED] - Keys 'DOWN + ' sent to object: 'Object Repository/Objects.DateValidation/Page_ISPS2/input__orderDt'

2020-06-08 23:59:27 - [TEST_STEP][PASSED] - com.reusableComponents.HighlightElement.run(TodayBtn): com.reusableComponents.HighlightElement.run is PASSED

2020-06-08 23:59:28 - [MESSAGE][PASSED] - com.reusableComponents.HighlightElement.run is PASSED

2020-06-08 23:59:28 - [TEST_STEP][PASSED] - click(TodayBtn): Object: 'Object Repository/Objects.DateValidation/Page_ISPS2/a_Today' is clicked on

2020-06-08 23:59:28 - [MESSAGE][PASSED] - Object: 'Object Repository/Objects.DateValidation/Page_ISPS2/a_Today' is clicked on

2020-06-08 23:59:28 - [TEST_STEP][PASSED] - GetEnteredDate = getAttribute(DateFieldNm, "value"): Attribute 'value' of object 'Object Repository/Objects.DateValidation/Page_ISPS2/input__orderDt' is: '08/06/2020'

2020-06-08 23:59:28 - [MESSAGE][PASSED] - Attribute 'value' of object 'Object Repository/Objects.DateValidation/Page_ISPS2/input__orderDt' is: '08/06/2020'

2020-06-08 23:59:28 - [TEST_STEP][PASSED] - verifyMatch(GetEnteredDate, TodayDate, true): Actual text '08/06/2020' and expected text '08/06/2020' are matched  using regular expression

2020-06-08 23:59:28 - [MESSAGE][PASSED] - Actual text '08/06/2020' and expected text '08/06/2020' are matched  using regular expression

2020-06-08 23:59:28 - [MESSAGE][PASSED] - Call Test Case 'Test Cases/PFI Precision and Scale/PFI Components/SelectTodayInDatePicker' successfully

2020-06-08 23:59:28 - [TEST_STEP][PASSED] - callTestCase(findTestCase("Components/HighlightLabelField"), ["LblName":"EOT To Date *:"], STOP_ON_FAILURE): Call Test Case 'Test Cases/Components/HighlightLabelField' successfully

2020-06-08 23:59:28 - [TEST_CASE][PASSED] - Test Cases/Components/HighlightLabelField: Test Cases/Components/HighlightLabelField

2020-06-08 23:59:28 - [TEST_STEP][PASSED] - Thread.sleep(1000): null

2020-06-08 23:59:29 - [TEST_STEP][PASSED] - modifiedLblNm = modifyObjectProperty(findTestObject("Objects.HighlightElements/lblField"), "text", "equals", LblName, true): Modify property of object successfully

2020-06-08 23:59:29 - [MESSAGE][PASSED] - Modify property of object successfully

2020-06-08 23:59:29 - [TEST_STEP][PASSED] - com.reusableComponents.HighlightElement.run(modifiedLblNm): com.reusableComponents.HighlightElement.run is PASSED

2020-06-08 23:59:29 - [MESSAGE][PASSED] - com.reusableComponents.HighlightElement.run is PASSED

2020-06-08 23:59:29 - [MESSAGE][PASSED] - Call Test Case 'Test Cases/Components/HighlightLabelField' successfully

2020-06-08 23:59:29 - [TEST_STEP][PASSED] - callTestCase(findTestCase("Components/HighlightInputField"), ["InputFldName":"eotToDate"], STOP_ON_FAILURE): Call Test Case 'Test Cases/Components/HighlightInputField' successfully

2020-06-08 23:59:29 - [TEST_CASE][PASSED] - Test Cases/Components/HighlightInputField: Test Cases/Components/HighlightInputField

2020-06-08 23:59:29 - [TEST_STEP][PASSED] - Thread.sleep(1000): null

2020-06-08 23:59:30 - [TEST_STEP][PASSED] - modifiedLblNm = modifyObjectProperty(findTestObject("Objects.HighlightElements/input_field"), "name", "equals", InputFldName, true): Modify property of object successfully

2020-06-08 23:59:30 - [MESSAGE][PASSED] - Modify property of object successfully

2020-06-08 23:59:30 - [TEST_STEP][PASSED] - com.reusableComponents.HighlightElement.run(modifiedLblNm): com.reusableComponents.HighlightElement.run is PASSED

2020-06-08 23:59:31 - [MESSAGE][PASSED] - com.reusableComponents.HighlightElement.run is PASSED

2020-06-08 23:59:31 - [MESSAGE][PASSED] - Call Test Case 'Test Cases/Components/HighlightInputField' successfully

2020-06-08 23:59:31 - [TEST_STEP][PASSED] - callTestCase(findTestCase("PFI Precision and Scale/PFI Components with Indexing/SelectDayInDatePickerWithIndex"), ["FldNm":"eotToDate", "SelectCurrentDay":"15", "index":2], STOP_ON_FAILURE): Call Test Case 'Test Cases/PFI Precision and Scale/PFI Components with Indexing/SelectDayInDatePickerWithIndex' successfully

2020-06-08 23:59:31 - [TEST_CASE][PASSED] - Test Cases/PFI Precision and Scale/PFI Components with Indexing/SelectDayInDatePickerWithIndex: Test Cases/PFI Precision and Scale/PFI Components with Indexing/SelectDayInDatePickerWithIndex

2020-06-08 23:59:31 - [TEST_STEP][PASSED] - Thread.sleep(1000): null

2020-06-08 23:59:32 - [TEST_STEP][PASSED] - DateFieldNm = modifyObjectProperty(findTestObject("Objects.HighlightElements/input_field"), "name", "equals", FldNm, true): Modify property of object successfully

2020-06-08 23:59:32 - [MESSAGE][PASSED] - Modify property of object successfully

2020-06-08 23:59:32 - [TEST_STEP][PASSED] - ModifyDay = modifyObjectProperty(findTestObject("Objects.DateValidation/Page_ISPS2/Select_Day_Index"), "xpath", "equals", "(//*[contains(@class, 'x-datepicker-date') and (text() = '" + SelectCurrentDay + "')])[" + index + "]", true): Modify property of object successfully

2020-06-08 23:59:32 - [MESSAGE][PASSED] - Modify property of object successfully

2020-06-08 23:59:32 - [TEST_STEP][PASSED] - sendKeys(DateFieldNm, Keys.chord(ARROW_DOWN)): Keys 'DOWN + ' sent to object: 'Object Repository/Objects.HighlightElements/input_field'

2020-06-08 23:59:32 - [MESSAGE][PASSED] - Keys 'DOWN + ' sent to object: 'Object Repository/Objects.HighlightElements/input_field'

2020-06-08 23:59:32 - [TEST_STEP][PASSED] - com.reusableComponents.HighlightElement.run(ModifyDay): com.reusableComponents.HighlightElement.run is PASSED

2020-06-08 23:59:33 - [MESSAGE][PASSED] - com.reusableComponents.HighlightElement.run is PASSED

2020-06-08 23:59:33 - [TEST_STEP][PASSED] - delay(1): Delayed 1 second(s)

2020-06-08 23:59:34 - [MESSAGE][PASSED] - Delayed 1 second(s)

2020-06-08 23:59:34 - [TEST_STEP][PASSED] - click(ModifyDay): Object: 'Object Repository/Objects.DateValidation/Page_ISPS2/Select_Day_Index' is clicked on

2020-06-08 23:59:34 - [MESSAGE][PASSED] - Object: 'Object Repository/Objects.DateValidation/Page_ISPS2/Select_Day_Index' is clicked on

2020-06-08 23:59:34 - [TEST_STEP][PASSED] - GetError = getAttribute(DateFieldNm, "data-errorqtip"): Attribute 'data-errorqtip' of object 'Object Repository/Objects.HighlightElements/input_field' is: ''

2020-06-08 23:59:34 - [MESSAGE][PASSED] - Attribute 'data-errorqtip' of object 'Object Repository/Objects.HighlightElements/input_field' is: ''

2020-06-08 23:59:34 - [TEST_STEP][PASSED] - if (GetError == ""): null

2020-06-08 23:59:34 - [TEST_STEP][PASSED] - GetEnteredDate = getAttribute(DateFieldNm, "value"): Attribute 'value' of object 'Object Repository/Objects.HighlightElements/input_field' is: '15/06/2020'

2020-06-08 23:59:34 - [MESSAGE][PASSED] - Attribute 'value' of object 'Object Repository/Objects.HighlightElements/input_field' is: '15/06/2020'

2020-06-08 23:59:34 - [TEST_STEP][PASSED] - DatePattern = Pattern.compile("^(1[0-2]|0[1-9])/(3[01]|[12][0-9]|0[1-9])/[0-9]{4}$"): null

2020-06-08 23:59:34 - [TEST_STEP][PASSED] - VerifyDateFormat = DatePattern.matcher(GetEnteredDate): null

2020-06-08 23:59:34 - [TEST_STEP][PASSED] - if (VerifyDateFormat.matches() == true): null

2020-06-08 23:59:34 - [MESSAGE][PASSED] - Call Test Case 'Test Cases/PFI Precision and Scale/PFI Components with Indexing/SelectDayInDatePickerWithIndex' successfully

2020-06-08 23:59:34 - [TEST_STEP][PASSED] - callTestCase(findTestCase("PFI Precision and Scale/PFI Components/NumericTextboxValidationII"), ["nameToBeUsed":"eotToDate", "minLen":11, "index":0], STOP_ON_FAILURE): Call Test Case 'Test Cases/PFI Precision and Scale/PFI Components/NumericTextboxValidationII' successfully

2020-06-08 23:59:34 - [TEST_CASE][PASSED] - Test Cases/PFI Precision and Scale/PFI Components/NumericTextboxValidationII: Test Cases/PFI Precision and Scale/PFI Components/NumericTextboxValidationII

2020-06-08 23:59:34 - [TEST_STEP][PASSED] - Thread.sleep(1000): null

2020-06-08 23:59:35 - [TEST_STEP][PASSED] - Numeric = "0123456789": null

2020-06-08 23:59:35 - [TEST_STEP][PASSED] - AlphaSpecialChar = z) + "`~!@#$%^&*()=_{}|\][;'":,?><"".join(): null

2020-06-08 23:59:35 - [TEST_STEP][PASSED] - RandomNumeric = RandomStringUtils.random(minLen, Numeric.toCharArray()): null

2020-06-08 23:59:35 - [TEST_STEP][PASSED] - RandomString = RandomStringUtils.random(minLen, AlphaSpecialChar): null

2020-06-08 23:59:35 - [TEST_STEP][PASSED] - regexPat = Pattern.compile("^[0-9]+$"): null

2020-06-08 23:59:35 - [TEST_STEP][PASSED] - NewInputNmField = modifyObjectProperty(findTestObject("Objects.RemarksValidation/input_Remarks"), "name", "equals", nameToBeUsed, true): Modify property of object successfully

2020-06-08 23:59:35 - [MESSAGE][PASSED] - Modify property of object successfully

2020-06-08 23:59:35 - [TEST_STEP][PASSED] - focus(NewInputNmField): Object: 'Object Repository/Objects.RemarksValidation/input_Remarks' is focused

2020-06-08 23:59:35 - [MESSAGE][PASSED] - Object: 'Object Repository/Objects.RemarksValidation/input_Remarks' is focused

2020-06-08 23:59:35 - [TEST_STEP][PASSED] - setText(NewInputNmField, RandomString): Text '=GQF%kPIq`n' is set on object 'Object Repository/Objects.RemarksValidation/input_Remarks'

2020-06-08 23:59:35 - [MESSAGE][PASSED] - Text '=GQF%kPIq`n' is set on object 'Object Repository/Objects.RemarksValidation/input_Remarks'

2020-06-08 23:59:35 - [TEST_STEP][PASSED] - GetInputVal = getAttribute(NewInputNmField, "value"): Attribute 'value' of object 'Object Repository/Objects.RemarksValidation/input_Remarks' is: ''

2020-06-08 23:59:35 - [MESSAGE][PASSED] - Attribute 'value' of object 'Object Repository/Objects.RemarksValidation/input_Remarks' is: ''

2020-06-08 23:59:35 - [TEST_STEP][PASSED] - if (GetInputVal.contains("e")): null

2020-06-08 23:59:35 - [TEST_STEP][PASSED] - else: Actual text '' and expected text '' are matched  using regular expression

2020-06-08 23:59:35 - [TEST_STEP][PASSED] - verifyMatch(GetInputVal, "", true): Actual text '' and expected text '' are matched  using regular expression

2020-06-08 23:59:35 - [MESSAGE][PASSED] - Actual text '' and expected text '' are matched  using regular expression

2020-06-08 23:59:35 - [TEST_STEP][PASSED] - setText(NewInputNmField, RandomNumeric): Text '57719383400' is set on object 'Object Repository/Objects.RemarksValidation/input_Remarks'

2020-06-08 23:59:35 - [MESSAGE][PASSED] - Text '57719383400' is set on object 'Object Repository/Objects.RemarksValidation/input_Remarks'

2020-06-08 23:59:35 - [TEST_STEP][PASSED] - GetEnteredIntegers = getAttribute(NewInputNmField, "value"): Attribute 'value' of object 'Object Repository/Objects.RemarksValidation/input_Remarks' is: '57719383400'

2020-06-08 23:59:35 - [MESSAGE][PASSED] - Attribute 'value' of object 'Object Repository/Objects.RemarksValidation/input_Remarks' is: '57719383400'

2020-06-08 23:59:35 - [TEST_STEP][PASSED] - matchStr = regexPat.matcher(GetEnteredIntegers): null

2020-06-08 23:59:35 - [TEST_STEP][PASSED] - if (matchStr.matches() == true): Accepting Numeric

2020-06-08 23:59:35 - [TEST_STEP][PASSED] - comment("Accepting Numeric"): Accepting Numeric

2020-06-08 23:59:35 - [MESSAGE][INFO] - Accepting Numeric

2020-06-08 23:59:35 - [MESSAGE][PASSED] - Call Test Case 'Test Cases/PFI Precision and Scale/PFI Components/NumericTextboxValidationII' successfully

2020-06-08 23:59:35 - [TEST_STEP][PASSED] - callTestCase(findTestCase("PFI Precision and Scale/PFI Components/StartTimeError"), ["FldNm":"eotToDate", "index":0], STOP_ON_FAILURE): Call Test Case 'Test Cases/PFI Precision and Scale/PFI Components/StartTimeError' successfully

2020-06-08 23:59:35 - [TEST_CASE][PASSED] - Test Cases/PFI Precision and Scale/PFI Components/StartTimeError: Test Cases/PFI Precision and Scale/PFI Components/StartTimeError

2020-06-08 23:59:35 - [TEST_STEP][PASSED] - Thread.sleep(1000): null

2020-06-08 23:59:36 - [TEST_STEP][PASSED] - if (index == 0): Modify property of object successfully

2020-06-08 23:59:36 - [TEST_STEP][PASSED] - NewInputNmField = modifyObjectProperty(findTestObject("Objects.HighlightElements/input_field"), "name", "equals", FldNm, true): Modify property of object successfully

2020-06-08 23:59:36 - [MESSAGE][PASSED] - Modify property of object successfully

2020-06-08 23:59:36 - [TEST_STEP][PASSED] - mouseOver(NewInputNmField): Object: 'Object Repository/Objects.HighlightElements/input_field' is hovered

2020-06-08 23:59:37 - [MESSAGE][PASSED] - Object: 'Object Repository/Objects.HighlightElements/input_field' is hovered

2020-06-08 23:59:37 - [TEST_STEP][PASSED] - getInputInvalidDate = getAttribute(NewInputNmField, "value"): Attribute 'value' of object 'Object Repository/Objects.HighlightElements/input_field' is: '57719383400'

2020-06-08 23:59:37 - [MESSAGE][PASSED] - Attribute 'value' of object 'Object Repository/Objects.HighlightElements/input_field' is: '57719383400'

2020-06-08 23:59:37 - [TEST_STEP][PASSED] - getErrMsg = getAttribute(NewInputNmField, "data-errorqtip"): Attribute 'data-errorqtip' of object 'Object Repository/Objects.HighlightElements/input_field' is: '<ul class="x-list-plain"><li>Start time must be less than end time</li><li>57719383400 is not a valid date - it must be in the format d/m/Y</li></ul>'

2020-06-08 23:59:37 - [MESSAGE][PASSED] - Attribute 'data-errorqtip' of object 'Object Repository/Objects.HighlightElements/input_field' is: '<ul class="x-list-plain"><li>Start time must be less than end time</li><li>57719383400 is not a valid date - it must be in the format d/m/Y</li></ul>'

2020-06-08 23:59:37 - [TEST_STEP][PASSED] - RmvCd = getErrMsg.substring(0, 75): null

2020-06-08 23:59:37 - [TEST_STEP][PASSED] - FirstErrMsg = RmvCd.substring(29, 66): null

2020-06-08 23:59:37 - [TEST_STEP][PASSED] - getTotalLength = getErrMsg.length(): null

2020-06-08 23:59:37 - [TEST_STEP][PASSED] - RmvCd = getErrMsg.substring(75, getTotalLength): null

2020-06-08 23:59:37 - [TEST_STEP][PASSED] - lenInv = RmvCd.length() - 10: null

2020-06-08 23:59:37 - [TEST_STEP][PASSED] - InvErrMsg = RmvCd.substring(0, lenInv): null

2020-06-08 23:59:37 - [TEST_STEP][PASSED] - ExpectedInvalidErrMsg2 = concatenate(InvDtErr, " ", getInputInvalidDate, " ", NotValidDt): Concatenated string array: '['Start time must be less than end time',' ','57719383400',' ','is not a valid date - it must be in the format d/m/Y']' into 'Start time must be less than end time 57719383400 is not a valid date - it must be in the format d/m/Y'

2020-06-08 23:59:37 - [MESSAGE][PASSED] - Concatenated string array: '['Start time must be less than end time',' ','57719383400',' ','is not a valid date - it must be in the format d/m/Y']' into 'Start time must be less than end time 57719383400 is not a valid date - it must be in the format d/m/Y'

2020-06-08 23:59:37 - [TEST_STEP][PASSED] - ActualInvErrMsg = concatenate(FirstErrMsg, " ", InvErrMsg): Concatenated string array: '['Start time must be less than end time',' ','57719383400 is not a valid date - it must be in the format d/m/Y']' into 'Start time must be less than end time 57719383400 is not a valid date - it must be in the format d/m/Y'

2020-06-08 23:59:37 - [MESSAGE][PASSED] - Concatenated string array: '['Start time must be less than end time',' ','57719383400 is not a valid date - it must be in the format d/m/Y']' into 'Start time must be less than end time 57719383400 is not a valid date - it must be in the format d/m/Y'

2020-06-08 23:59:37 - [TEST_STEP][PASSED] - verifyMatch(ActualInvErrMsg, ExpectedInvalidErrMsg2, true): Actual text 'Start time must be less than end time 57719383400 is not a valid date - it must be in the format d/m/Y' and expected text 'Start time must be less than end time 57719383400 is not a valid date - it must be in the format d/m/Y' are matched  using regular expression

2020-06-08 23:59:37 - [MESSAGE][PASSED] - Actual text 'Start time must be less than end time 57719383400 is not a valid date - it must be in the format d/m/Y' and expected text 'Start time must be less than end time 57719383400 is not a valid date - it must be in the format d/m/Y' are matched  using regular expression

2020-06-08 23:59:37 - [MESSAGE][PASSED] - Call Test Case 'Test Cases/PFI Precision and Scale/PFI Components/StartTimeError' successfully

2020-06-08 23:59:37 - [TEST_STEP][PASSED] - callTestCase(findTestCase("PFI Precision and Scale/PFI Components/SelectTodayInDatePicker"), ["FldNm":"eotToDate", "index":"2"], STOP_ON_FAILURE): Call Test Case 'Test Cases/PFI Precision and Scale/PFI Components/SelectTodayInDatePicker' successfully

2020-06-08 23:59:37 - [TEST_CASE][PASSED] - Test Cases/PFI Precision and Scale/PFI Components/SelectTodayInDatePicker: Test Cases/PFI Precision and Scale/PFI Components/SelectTodayInDatePicker

2020-06-08 23:59:37 - [TEST_STEP][PASSED] - Thread.sleep(1000): null

2020-06-08 23:59:38 - [TEST_STEP][PASSED] - date = new java.util.Date(): null

2020-06-08 23:59:38 - [TEST_STEP][PASSED] - CurrentDate = new java.text.SimpleDateFormat(dd/MM/yyyy): null

2020-06-08 23:59:38 - [TEST_STEP][PASSED] - TodayDate = CurrentDate.format(date): null

2020-06-08 23:59:38 - [TEST_STEP][PASSED] - DateFieldNm = modifyObjectProperty(findTestObject("Object Repository/Objects.DateValidation/Page_ISPS2/input__orderDt"), "name", "equals", FldNm, true): Modify property of object successfully

2020-06-08 23:59:38 - [MESSAGE][PASSED] - Modify property of object successfully

2020-06-08 23:59:38 - [TEST_STEP][PASSED] - TodayBtn = modifyObjectProperty(findTestObject("Object Repository/Objects.DateValidation/Page_ISPS2/a_Today"), "xpath", "equals", "(//*[text() = 'Today'])[" + index + "]", true): Modify property of object successfully

2020-06-08 23:59:38 - [MESSAGE][PASSED] - Modify property of object successfully

2020-06-08 23:59:38 - [TEST_STEP][PASSED] - sendKeys(DateFieldNm, Keys.chord(ARROW_DOWN)): Keys 'DOWN + ' sent to object: 'Object Repository/Objects.DateValidation/Page_ISPS2/input__orderDt'

2020-06-08 23:59:38 - [MESSAGE][PASSED] - Keys 'DOWN + ' sent to object: 'Object Repository/Objects.DateValidation/Page_ISPS2/input__orderDt'

2020-06-08 23:59:38 - [TEST_STEP][PASSED] - com.reusableComponents.HighlightElement.run(TodayBtn): com.reusableComponents.HighlightElement.run is PASSED

2020-06-08 23:59:38 - [MESSAGE][PASSED] - com.reusableComponents.HighlightElement.run is PASSED

2020-06-08 23:59:38 - [TEST_STEP][PASSED] - click(TodayBtn): Object: 'Object Repository/Objects.DateValidation/Page_ISPS2/a_Today' is clicked on

2020-06-08 23:59:38 - [MESSAGE][PASSED] - Object: 'Object Repository/Objects.DateValidation/Page_ISPS2/a_Today' is clicked on

2020-06-08 23:59:38 - [TEST_STEP][PASSED] - GetEnteredDate = getAttribute(DateFieldNm, "value"): Attribute 'value' of object 'Object Repository/Objects.DateValidation/Page_ISPS2/input__orderDt' is: '08/06/2020'

2020-06-08 23:59:38 - [MESSAGE][PASSED] - Attribute 'value' of object 'Object Repository/Objects.DateValidation/Page_ISPS2/input__orderDt' is: '08/06/2020'

2020-06-08 23:59:38 - [TEST_STEP][PASSED] - verifyMatch(GetEnteredDate, TodayDate, true): Actual text '08/06/2020' and expected text '08/06/2020' are matched  using regular expression

2020-06-08 23:59:38 - [MESSAGE][PASSED] - Actual text '08/06/2020' and expected text '08/06/2020' are matched  using regular expression

2020-06-08 23:59:38 - [MESSAGE][PASSED] - Call Test Case 'Test Cases/PFI Precision and Scale/PFI Components/SelectTodayInDatePicker' successfully

2020-06-08 23:59:38 - [TEST_STEP][PASSED] - callTestCase(findTestCase("PFI Precision and Scale/PFI Components/PastDateAfterError"), ["FldNm":"eotToDate"], STOP_ON_FAILURE): Call Test Case 'Test Cases/PFI Precision and Scale/PFI Components/PastDateAfterError' successfully

2020-06-08 23:59:39 - [TEST_CASE][PASSED] - Test Cases/PFI Precision and Scale/PFI Components/PastDateAfterError: Test Cases/PFI Precision and Scale/PFI Components/PastDateAfterError

2020-06-08 23:59:39 - [TEST_STEP][PASSED] - Thread.sleep(1000): null

2020-06-08 23:59:40 - [TEST_STEP][PASSED] - date = new java.util.Date(): null

2020-06-08 23:59:40 - [TEST_STEP][PASSED] - DateFormat = new java.text.SimpleDateFormat(dd/MM/yyyy): null

2020-06-08 23:59:40 - [TEST_STEP][PASSED] - CurrentDate = DateFormat.format(date): null

2020-06-08 23:59:40 - [TEST_STEP][PASSED] - DateFieldNm = modifyObjectProperty(findTestObject("Objects.HighlightElements/input_field"), "name", "equals", FldNm, true): Modify property of object successfully

2020-06-08 23:59:40 - [MESSAGE][PASSED] - Modify property of object successfully

2020-06-08 23:59:40 - [TEST_STEP][PASSED] - GetDateValue = getAttribute(DateFieldNm, "value"): Attribute 'value' of object 'Object Repository/Objects.HighlightElements/input_field' is: '08/06/2020'

2020-06-08 23:59:40 - [MESSAGE][PASSED] - Attribute 'value' of object 'Object Repository/Objects.HighlightElements/input_field' is: '08/06/2020'

2020-06-08 23:59:40 - [TEST_STEP][PASSED] - verifyMatch(GetDateValue, CurrentDate, true): Actual text '08/06/2020' and expected text '08/06/2020' are matched  using regular expression

2020-06-08 23:59:40 - [MESSAGE][PASSED] - Actual text '08/06/2020' and expected text '08/06/2020' are matched  using regular expression

2020-06-08 23:59:40 - [TEST_STEP][PASSED] - PastDate = date - 30: null

2020-06-08 23:59:40 - [TEST_STEP][PASSED] - PastDateFormatted = PastDate.format("dd/MM/yyyy"): null

2020-06-08 23:59:40 - [TEST_STEP][PASSED] - setText(DateFieldNm, PastDateFormatted): Text '09/05/2020' is set on object 'Object Repository/Objects.HighlightElements/input_field'

2020-06-08 23:59:40 - [MESSAGE][PASSED] - Text '09/05/2020' is set on object 'Object Repository/Objects.HighlightElements/input_field'

2020-06-08 23:59:40 - [TEST_STEP][PASSED] - mouseOver(DateFieldNm, STOP_ON_FAILURE): Object: 'Object Repository/Objects.HighlightElements/input_field' is hovered

2020-06-08 23:59:40 - [MESSAGE][PASSED] - Object: 'Object Repository/Objects.HighlightElements/input_field' is hovered

2020-06-08 23:59:40 - [TEST_STEP][PASSED] - PastDtErrMsg = getAttribute(DateFieldNm, "data-errorqtip", STOP_ON_FAILURE): Attribute 'data-errorqtip' of object 'Object Repository/Objects.HighlightElements/input_field' is: '<ul class="x-list-plain"><li>The date in this field must be after 08/06/2020</li></ul>'

2020-06-08 23:59:40 - [MESSAGE][PASSED] - Attribute 'data-errorqtip' of object 'Object Repository/Objects.HighlightElements/input_field' is: '<ul class="x-list-plain"><li>The date in this field must be after 08/06/2020</li></ul>'

2020-06-08 23:59:40 - [TEST_STEP][PASSED] - lenErrMsg = PastDtErrMsg.length(): null

2020-06-08 23:59:40 - [TEST_STEP][PASSED] - RmvCde = PastDtErrMsg.substring(29, lenErrMsg): null

2020-06-08 23:59:40 - [TEST_STEP][PASSED] - ActualErrDtMsg = RmvCde.substring(0, 47): null

2020-06-08 23:59:40 - [TEST_STEP][PASSED] - ExpectedErrDtMsg = concatenate(DtErrMsg, " ", CurrentDate): Concatenated string array: '['The date in this field must be after',' ','08/06/2020']' into 'The date in this field must be after 08/06/2020'

2020-06-08 23:59:40 - [MESSAGE][PASSED] - Concatenated string array: '['The date in this field must be after',' ','08/06/2020']' into 'The date in this field must be after 08/06/2020'

2020-06-08 23:59:40 - [TEST_STEP][PASSED] - verifyMatch(ActualErrDtMsg, ExpectedErrDtMsg, true): Actual text 'The date in this field must be after 08/06/2020' and expected text 'The date in this field must be after 08/06/2020' are matched  using regular expression

2020-06-08 23:59:40 - [MESSAGE][PASSED] - Actual text 'The date in this field must be after 08/06/2020' and expected text 'The date in this field must be after 08/06/2020' are matched  using regular expression

2020-06-08 23:59:40 - [TEST_STEP][PASSED] - FromDate = getAttribute(DateFieldNm, "value"): Attribute 'value' of object 'Object Repository/Objects.HighlightElements/input_field' is: '09/05/2020'

2020-06-08 23:59:40 - [MESSAGE][PASSED] - Attribute 'value' of object 'Object Repository/Objects.HighlightElements/input_field' is: '09/05/2020'

2020-06-08 23:59:40 - [MESSAGE][PASSED] - Call Test Case 'Test Cases/PFI Precision and Scale/PFI Components/PastDateAfterError' successfully

2020-06-08 23:59:40 - [TEST_STEP][PASSED] - callTestCase(findTestCase("PFI Precision and Scale/PFI Components/PastDateBeforeError"), ["FldNm":"eotFromDate"], STOP_ON_FAILURE): Call Test Case 'Test Cases/PFI Precision and Scale/PFI Components/PastDateBeforeError' successfully

2020-06-08 23:59:40 - [TEST_CASE][PASSED] - Test Cases/PFI Precision and Scale/PFI Components/PastDateBeforeError: Test Cases/PFI Precision and Scale/PFI Components/PastDateBeforeError

2020-06-08 23:59:41 - [TEST_STEP][PASSED] - Thread.sleep(1000): null

2020-06-08 23:59:42 - [TEST_STEP][PASSED] - DateFieldNm = modifyObjectProperty(findTestObject("Objects.HighlightElements/input_field"), "name", "equals", FldNm, true): Modify property of object successfully

2020-06-08 23:59:42 - [MESSAGE][PASSED] - Modify property of object successfully

2020-06-08 23:59:42 - [TEST_STEP][PASSED] - mouseOver(DateFieldNm): Object: 'Object Repository/Objects.HighlightElements/input_field' is hovered

2020-06-08 23:59:42 - [MESSAGE][PASSED] - Object: 'Object Repository/Objects.HighlightElements/input_field' is hovered

2020-06-08 23:59:42 - [TEST_STEP][PASSED] - PastDtErrMsg = getAttribute(DateFieldNm, "data-errorqtip", STOP_ON_FAILURE): Attribute 'data-errorqtip' of object 'Object Repository/Objects.HighlightElements/input_field' is: '<ul class="x-list-plain"><li>The date in this field must be before 09/05/2020</li></ul>'

2020-06-08 23:59:42 - [MESSAGE][PASSED] - Attribute 'data-errorqtip' of object 'Object Repository/Objects.HighlightElements/input_field' is: '<ul class="x-list-plain"><li>The date in this field must be before 09/05/2020</li></ul>'

2020-06-08 23:59:42 - [TEST_STEP][PASSED] - lenErrMsg = PastDtErrMsg.length(): null

2020-06-08 23:59:42 - [TEST_STEP][PASSED] - RmvCde = PastDtErrMsg.substring(29, lenErrMsg): null

2020-06-08 23:59:42 - [TEST_STEP][PASSED] - ActualErrDtMsg = RmvCde.substring(0, 48): null

2020-06-08 23:59:42 - [TEST_STEP][PASSED] - ExpectedErrDtMsg = concatenate(findTestData("PrecisionAndScaleDB").getValue("ErrorMessage", 7), " ", FromDate): Concatenated string array: '['The date in this field must be before',' ','09/05/2020']' into 'The date in this field must be before 09/05/2020'

2020-06-08 23:59:42 - [MESSAGE][PASSED] - Concatenated string array: '['The date in this field must be before',' ','09/05/2020']' into 'The date in this field must be before 09/05/2020'

2020-06-08 23:59:42 - [TEST_STEP][PASSED] - verifyMatch(ActualErrDtMsg, ExpectedErrDtMsg, true): Actual text 'The date in this field must be before 09/05/2020' and expected text 'The date in this field must be before 09/05/2020' are matched  using regular expression

2020-06-08 23:59:42 - [MESSAGE][PASSED] - Actual text 'The date in this field must be before 09/05/2020' and expected text 'The date in this field must be before 09/05/2020' are matched  using regular expression

2020-06-08 23:59:42 - [MESSAGE][PASSED] - Call Test Case 'Test Cases/PFI Precision and Scale/PFI Components/PastDateBeforeError' successfully

2020-06-08 23:59:42 - [TEST_STEP][PASSED] - callTestCase(findTestCase("Components/HighlightLabelField"), ["LblName":"Approve Officer *:"], STOP_ON_FAILURE): Call Test Case 'Test Cases/Components/HighlightLabelField' successfully

2020-06-08 23:59:42 - [TEST_CASE][PASSED] - Test Cases/Components/HighlightLabelField: Test Cases/Components/HighlightLabelField

2020-06-08 23:59:42 - [TEST_STEP][PASSED] - Thread.sleep(1000): null

2020-06-08 23:59:43 - [TEST_STEP][PASSED] - modifiedLblNm = modifyObjectProperty(findTestObject("Objects.HighlightElements/lblField"), "text", "equals", LblName, true): Modify property of object successfully

2020-06-08 23:59:43 - [MESSAGE][PASSED] - Modify property of object successfully

2020-06-08 23:59:43 - [TEST_STEP][PASSED] - com.reusableComponents.HighlightElement.run(modifiedLblNm): com.reusableComponents.HighlightElement.run is PASSED

2020-06-08 23:59:43 - [MESSAGE][PASSED] - com.reusableComponents.HighlightElement.run is PASSED

2020-06-08 23:59:43 - [MESSAGE][PASSED] - Call Test Case 'Test Cases/Components/HighlightLabelField' successfully

2020-06-08 23:59:43 - [TEST_STEP][PASSED] - callTestCase(findTestCase("Components/HighlightInputField"), ["InputFldName":"approveOfficerCmb"], STOP_ON_FAILURE): Call Test Case 'Test Cases/Components/HighlightInputField' successfully

2020-06-08 23:59:43 - [TEST_CASE][PASSED] - Test Cases/Components/HighlightInputField: Test Cases/Components/HighlightInputField

2020-06-08 23:59:43 - [TEST_STEP][PASSED] - Thread.sleep(1000): null

2020-06-08 23:59:44 - [TEST_STEP][PASSED] - modifiedLblNm = modifyObjectProperty(findTestObject("Objects.HighlightElements/input_field"), "name", "equals", InputFldName, true): Modify property of object successfully

2020-06-08 23:59:44 - [MESSAGE][PASSED] - Modify property of object successfully

2020-06-08 23:59:44 - [TEST_STEP][PASSED] - com.reusableComponents.HighlightElement.run(modifiedLblNm): com.reusableComponents.HighlightElement.run is PASSED

2020-06-08 23:59:45 - [MESSAGE][PASSED] - com.reusableComponents.HighlightElement.run is PASSED

2020-06-08 23:59:45 - [MESSAGE][PASSED] - Call Test Case 'Test Cases/Components/HighlightInputField' successfully

2020-06-08 23:59:45 - [TEST_STEP][PASSED] - callTestCase(findTestCase("PFI Precision and Scale/PFI Components/VerifyDropdownValues"), ["FldNm":"approveOfficerCmb", "index":0, "CallTCName":"PFI Precision and Scale/HashMap Tables/OfficerLists", "cmbNm":"", "NoOfVal":24, ... ], STOP_ON_FAILURE): Call Test Case 'Test Cases/PFI Precision and Scale/PFI Components/VerifyDropdownValues' successfully

2020-06-08 23:59:45 - [TEST_CASE][PASSED] - Test Cases/PFI Precision and Scale/PFI Components/VerifyDropdownValues: Test Cases/PFI Precision and Scale/PFI Components/VerifyDropdownValues

2020-06-08 23:59:45 - [TEST_STEP][PASSED] - Thread.sleep(1000): null

2020-06-08 23:59:46 - [TEST_STEP][PASSED] - NewInputNmField = modifyObjectProperty(findTestObject("Objects.HighlightElements/input_field"), "name", "equals", FldNm, true): Modify property of object successfully

2020-06-08 23:59:46 - [MESSAGE][PASSED] - Modify property of object successfully

2020-06-08 23:59:46 - [TEST_STEP][PASSED] - comboNm = cmbNm: null

2020-06-08 23:59:46 - [TEST_STEP][PASSED] - focus(NewInputNmField): Object: 'Object Repository/Objects.HighlightElements/input_field' is focused

2020-06-08 23:59:46 - [MESSAGE][PASSED] - Object: 'Object Repository/Objects.HighlightElements/input_field' is focused

2020-06-08 23:59:46 - [TEST_STEP][PASSED] - setText(NewInputNmField, EnterValue): Text '' is set on object 'Object Repository/Objects.HighlightElements/input_field'

2020-06-08 23:59:46 - [MESSAGE][PASSED] - Text '' is set on object 'Object Repository/Objects.HighlightElements/input_field'

2020-06-08 23:59:46 - [TEST_STEP][PASSED] - for ([i = 1, i <= NoOfVal, (i++)]): Keys 'DOWN + ' sent to object: 'Object Repository/Objects.HighlightElements/input_field'

2020-06-08 23:59:46 - [TEST_STEP][PASSED] - sendKeys(NewInputNmField, Keys.chord(ARROW_DOWN)): Keys 'DOWN + ' sent to object: 'Object Repository/Objects.HighlightElements/input_field'

2020-06-08 23:59:46 - [MESSAGE][PASSED] - Keys 'DOWN + ' sent to object: 'Object Repository/Objects.HighlightElements/input_field'

2020-06-08 23:59:46 - [TEST_STEP][PASSED] - delay(DelayTime): Delayed 2 second(s)

2020-06-08 23:59:48 - [MESSAGE][PASSED] - Delayed 2 second(s)

2020-06-08 23:59:48 - [TEST_STEP][PASSED] - sendKeys(NewInputNmField, Keys.chord(ENTER)): Keys 'ENTER + ' sent to object: 'Object Repository/Objects.HighlightElements/input_field'

2020-06-08 23:59:48 - [MESSAGE][PASSED] - Keys 'ENTER + ' sent to object: 'Object Repository/Objects.HighlightElements/input_field'

2020-06-08 23:59:48 - [TEST_STEP][PASSED] - ComboBoxValue = getAttribute(NewInputNmField, "value"): Attribute 'value' of object 'Object Repository/Objects.HighlightElements/input_field' is: 'Aaron Sham Wai Lun (AARON)'

2020-06-08 23:59:48 - [MESSAGE][PASSED] - Attribute 'value' of object 'Object Repository/Objects.HighlightElements/input_field' is: 'Aaron Sham Wai Lun (AARON)'

2020-06-08 23:59:48 - [TEST_STEP][PASSED] - callTestCase(findTestCase(CallTCName), ["FindValue":ComboBoxValue, "DropdownNm":comboNm], STOP_ON_FAILURE): Call Test Case 'Test Cases/PFI Precision and Scale/HashMap Tables/OfficerLists' successfully

2020-06-08 23:59:48 - [TEST_CASE][PASSED] - Test Cases/PFI Precision and Scale/HashMap Tables/OfficerLists: Test Cases/PFI Precision and Scale/HashMap Tables/OfficerLists

2020-06-08 23:59:49 - [TEST_STEP][PASSED] - Thread.sleep(1000): null

2020-06-08 23:59:50 - [TEST_STEP][PASSED] - OfficerLists = [1:"Aaron Sham Wai Lun (AARON)", 2:"Azidah Bte Akmad (Mdm) (USAABD)", 3:"Chung Fong Nyen (USACFN)", 4:"David Tey Dah Wei (DAHWEI)", ... ]: null

2020-06-08 23:59:50 - [TEST_STEP][PASSED] - ValueFound = OfficerLists.find({ -> ... }): null

2020-06-08 23:59:50 - [MESSAGE][PASSED] - Call Test Case 'Test Cases/PFI Precision and Scale/HashMap Tables/OfficerLists' successfully

2020-06-08 23:59:50 - [TEST_STEP][PASSED] - println(ValueFound): null

2020-06-08 23:59:50 - [TEST_STEP][PASSED] - sendKeys(NewInputNmField, Keys.chord(ARROW_DOWN)): Keys 'DOWN + ' sent to object: 'Object Repository/Objects.HighlightElements/input_field'

2020-06-08 23:59:50 - [MESSAGE][PASSED] - Keys 'DOWN + ' sent to object: 'Object Repository/Objects.HighlightElements/input_field'

2020-06-08 23:59:50 - [TEST_STEP][PASSED] - sendKeys(NewInputNmField, Keys.chord(ARROW_DOWN)): Keys 'DOWN + ' sent to object: 'Object Repository/Objects.HighlightElements/input_field'

2020-06-08 23:59:50 - [MESSAGE][PASSED] - Keys 'DOWN + ' sent to object: 'Object Repository/Objects.HighlightElements/input_field'

2020-06-08 23:59:50 - [TEST_STEP][PASSED] - delay(DelayTime): Delayed 2 second(s)

2020-06-08 23:59:52 - [MESSAGE][PASSED] - Delayed 2 second(s)

2020-06-08 23:59:52 - [TEST_STEP][PASSED] - sendKeys(NewInputNmField, Keys.chord(ENTER)): Keys 'ENTER + ' sent to object: 'Object Repository/Objects.HighlightElements/input_field'

2020-06-08 23:59:52 - [MESSAGE][PASSED] - Keys 'ENTER + ' sent to object: 'Object Repository/Objects.HighlightElements/input_field'

2020-06-08 23:59:52 - [TEST_STEP][PASSED] - ComboBoxValue = getAttribute(NewInputNmField, "value"): Attribute 'value' of object 'Object Repository/Objects.HighlightElements/input_field' is: 'Azidah Bte Akmad (Mdm) (USAABD)'

2020-06-08 23:59:52 - [MESSAGE][PASSED] - Attribute 'value' of object 'Object Repository/Objects.HighlightElements/input_field' is: 'Azidah Bte Akmad (Mdm) (USAABD)'

2020-06-08 23:59:52 - [TEST_STEP][PASSED] - callTestCase(findTestCase(CallTCName), ["FindValue":ComboBoxValue, "DropdownNm":comboNm], STOP_ON_FAILURE): Call Test Case 'Test Cases/PFI Precision and Scale/HashMap Tables/OfficerLists' successfully

2020-06-08 23:59:52 - [TEST_CASE][PASSED] - Test Cases/PFI Precision and Scale/HashMap Tables/OfficerLists: Test Cases/PFI Precision and Scale/HashMap Tables/OfficerLists

2020-06-08 23:59:52 - [TEST_STEP][PASSED] - Thread.sleep(1000): null

2020-06-08 23:59:53 - [TEST_STEP][PASSED] - OfficerLists = [1:"Aaron Sham Wai Lun (AARON)", 2:"Azidah Bte Akmad (Mdm) (USAABD)", 3:"Chung Fong Nyen (USACFN)", 4:"David Tey Dah Wei (DAHWEI)", ... ]: null

2020-06-08 23:59:53 - [TEST_STEP][PASSED] - ValueFound = OfficerLists.find({ -> ... }): null

2020-06-08 23:59:53 - [MESSAGE][PASSED] - Call Test Case 'Test Cases/PFI Precision and Scale/HashMap Tables/OfficerLists' successfully

2020-06-08 23:59:53 - [TEST_STEP][PASSED] - println(ValueFound): null

2020-06-08 23:59:53 - [TEST_STEP][PASSED] - sendKeys(NewInputNmField, Keys.chord(ARROW_DOWN)): Keys 'DOWN + ' sent to object: 'Object Repository/Objects.HighlightElements/input_field'

2020-06-08 23:59:53 - [MESSAGE][PASSED] - Keys 'DOWN + ' sent to object: 'Object Repository/Objects.HighlightElements/input_field'

2020-06-08 23:59:53 - [TEST_STEP][PASSED] - sendKeys(NewInputNmField, Keys.chord(ARROW_DOWN)): Keys 'DOWN + ' sent to object: 'Object Repository/Objects.HighlightElements/input_field'

2020-06-08 23:59:53 - [MESSAGE][PASSED] - Keys 'DOWN + ' sent to object: 'Object Repository/Objects.HighlightElements/input_field'

2020-06-08 23:59:53 - [TEST_STEP][PASSED] - delay(DelayTime): Delayed 2 second(s)

2020-06-08 23:59:55 - [MESSAGE][PASSED] - Delayed 2 second(s)

2020-06-08 23:59:55 - [TEST_STEP][PASSED] - sendKeys(NewInputNmField, Keys.chord(ENTER)): Keys 'ENTER + ' sent to object: 'Object Repository/Objects.HighlightElements/input_field'

2020-06-08 23:59:55 - [MESSAGE][PASSED] - Keys 'ENTER + ' sent to object: 'Object Repository/Objects.HighlightElements/input_field'

2020-06-08 23:59:55 - [TEST_STEP][PASSED] - ComboBoxValue = getAttribute(NewInputNmField, "value"): Attribute 'value' of object 'Object Repository/Objects.HighlightElements/input_field' is: 'Chung Fong Nyen (USACFN)'

2020-06-08 23:59:55 - [MESSAGE][PASSED] - Attribute 'value' of object 'Object Repository/Objects.HighlightElements/input_field' is: 'Chung Fong Nyen (USACFN)'

2020-06-08 23:59:55 - [TEST_STEP][PASSED] - callTestCase(findTestCase(CallTCName), ["FindValue":ComboBoxValue, "DropdownNm":comboNm], STOP_ON_FAILURE): Call Test Case 'Test Cases/PFI Precision and Scale/HashMap Tables/OfficerLists' successfully

2020-06-08 23:59:55 - [TEST_CASE][PASSED] - Test Cases/PFI Precision and Scale/HashMap Tables/OfficerLists: Test Cases/PFI Precision and Scale/HashMap Tables/OfficerLists

2020-06-08 23:59:55 - [TEST_STEP][PASSED] - Thread.sleep(1000): null

2020-06-08 23:59:56 - [TEST_STEP][PASSED] - OfficerLists = [1:"Aaron Sham Wai Lun (AARON)", 2:"Azidah Bte Akmad (Mdm) (USAABD)", 3:"Chung Fong Nyen (USACFN)", 4:"David Tey Dah Wei (DAHWEI)", ... ]: null

2020-06-08 23:59:56 - [TEST_STEP][PASSED] - ValueFound = OfficerLists.find({ -> ... }): null

2020-06-08 23:59:56 - [MESSAGE][PASSED] - Call Test Case 'Test Cases/PFI Precision and Scale/HashMap Tables/OfficerLists' successfully

2020-06-08 23:59:56 - [TEST_STEP][PASSED] - println(ValueFound): null

2020-06-08 23:59:56 - [TEST_STEP][PASSED] - sendKeys(NewInputNmField, Keys.chord(ARROW_DOWN)): Keys 'DOWN + ' sent to object: 'Object Repository/Objects.HighlightElements/input_field'

2020-06-08 23:59:56 - [MESSAGE][PASSED] - Keys 'DOWN + ' sent to object: 'Object Repository/Objects.HighlightElements/input_field'

2020-06-08 23:59:56 - [TEST_STEP][PASSED] - sendKeys(NewInputNmField, Keys.chord(ARROW_DOWN)): Keys 'DOWN + ' sent to object: 'Object Repository/Objects.HighlightElements/input_field'

2020-06-08 23:59:56 - [MESSAGE][PASSED] - Keys 'DOWN + ' sent to object: 'Object Repository/Objects.HighlightElements/input_field'

2020-06-08 23:59:56 - [TEST_STEP][PASSED] - delay(DelayTime): Delayed 2 second(s)

2020-06-08 23:59:58 - [MESSAGE][PASSED] - Delayed 2 second(s)

2020-06-08 23:59:58 - [TEST_STEP][PASSED] - sendKeys(NewInputNmField, Keys.chord(ENTER)): Keys 'ENTER + ' sent to object: 'Object Repository/Objects.HighlightElements/input_field'

2020-06-08 23:59:58 - [MESSAGE][PASSED] - Keys 'ENTER + ' sent to object: 'Object Repository/Objects.HighlightElements/input_field'

2020-06-08 23:59:58 - [TEST_STEP][PASSED] - ComboBoxValue = getAttribute(NewInputNmField, "value"): Attribute 'value' of object 'Object Repository/Objects.HighlightElements/input_field' is: 'David Tey Dah Wei (DAHWEI)'

2020-06-08 23:59:58 - [MESSAGE][PASSED] - Attribute 'value' of object 'Object Repository/Objects.HighlightElements/input_field' is: 'David Tey Dah Wei (DAHWEI)'

2020-06-08 23:59:58 - [TEST_STEP][PASSED] - callTestCase(findTestCase(CallTCName), ["FindValue":ComboBoxValue, "DropdownNm":comboNm], STOP_ON_FAILURE): Call Test Case 'Test Cases/PFI Precision and Scale/HashMap Tables/OfficerLists' successfully

2020-06-08 23:59:58 - [TEST_CASE][PASSED] - Test Cases/PFI Precision and Scale/HashMap Tables/OfficerLists: Test Cases/PFI Precision and Scale/HashMap Tables/OfficerLists

2020-06-08 23:59:58 - [TEST_STEP][PASSED] - Thread.sleep(1000): null

2020-06-08 23:59:59 - [TEST_STEP][PASSED] - OfficerLists = [1:"Aaron Sham Wai Lun (AARON)", 2:"Azidah Bte Akmad (Mdm) (USAABD)", 3:"Chung Fong Nyen (USACFN)", 4:"David Tey Dah Wei (DAHWEI)", ... ]: null

2020-06-08 23:59:59 - [TEST_STEP][PASSED] - ValueFound = OfficerLists.find({ -> ... }): null

2020-06-08 23:59:59 - [MESSAGE][PASSED] - Call Test Case 'Test Cases/PFI Precision and Scale/HashMap Tables/OfficerLists' successfully

2020-06-08 23:59:59 - [TEST_STEP][PASSED] - println(ValueFound): null

2020-06-08 23:59:59 - [TEST_STEP][PASSED] - sendKeys(NewInputNmField, Keys.chord(ARROW_DOWN)): Keys 'DOWN + ' sent to object: 'Object Repository/Objects.HighlightElements/input_field'

2020-06-08 23:59:59 - [MESSAGE][PASSED] - Keys 'DOWN + ' sent to object: 'Object Repository/Objects.HighlightElements/input_field'

2020-06-08 23:59:59 - [TEST_STEP][PASSED] - sendKeys(NewInputNmField, Keys.chord(ARROW_DOWN)): Keys 'DOWN + ' sent to object: 'Object Repository/Objects.HighlightElements/input_field'

2020-06-08 23:59:59 - [MESSAGE][PASSED] - Keys 'DOWN + ' sent to object: 'Object Repository/Objects.HighlightElements/input_field'

2020-06-08 23:59:59 - [TEST_STEP][PASSED] - delay(DelayTime): Delayed 2 second(s)

2020-06-09 00:00:01 - [MESSAGE][PASSED] - Delayed 2 second(s)

2020-06-09 00:00:01 - [TEST_STEP][PASSED] - sendKeys(NewInputNmField, Keys.chord(ENTER)): Keys 'ENTER + ' sent to object: 'Object Repository/Objects.HighlightElements/input_field'

2020-06-09 00:00:01 - [MESSAGE][PASSED] - Keys 'ENTER + ' sent to object: 'Object Repository/Objects.HighlightElements/input_field'

2020-06-09 00:00:01 - [TEST_STEP][PASSED] - ComboBoxValue = getAttribute(NewInputNmField, "value"): Attribute 'value' of object 'Object Repository/Objects.HighlightElements/input_field' is: 'Han Wann Kuang (WANNKUANG)'

2020-06-09 00:00:01 - [MESSAGE][PASSED] - Attribute 'value' of object 'Object Repository/Objects.HighlightElements/input_field' is: 'Han Wann Kuang (WANNKUANG)'

2020-06-09 00:00:01 - [TEST_STEP][PASSED] - callTestCase(findTestCase(CallTCName), ["FindValue":ComboBoxValue, "DropdownNm":comboNm], STOP_ON_FAILURE): Call Test Case 'Test Cases/PFI Precision and Scale/HashMap Tables/OfficerLists' successfully

2020-06-09 00:00:01 - [TEST_CASE][PASSED] - Test Cases/PFI Precision and Scale/HashMap Tables/OfficerLists: Test Cases/PFI Precision and Scale/HashMap Tables/OfficerLists

2020-06-09 00:00:01 - [TEST_STEP][PASSED] - Thread.sleep(1000): null

2020-06-09 00:00:02 - [TEST_STEP][PASSED] - OfficerLists = [1:"Aaron Sham Wai Lun (AARON)", 2:"Azidah Bte Akmad (Mdm) (USAABD)", 3:"Chung Fong Nyen (USACFN)", 4:"David Tey Dah Wei (DAHWEI)", ... ]: null

2020-06-09 00:00:02 - [TEST_STEP][PASSED] - ValueFound = OfficerLists.find({ -> ... }): null

2020-06-09 00:00:02 - [MESSAGE][PASSED] - Call Test Case 'Test Cases/PFI Precision and Scale/HashMap Tables/OfficerLists' successfully

2020-06-09 00:00:02 - [TEST_STEP][PASSED] - println(ValueFound): null

2020-06-09 00:00:02 - [TEST_STEP][PASSED] - sendKeys(NewInputNmField, Keys.chord(ARROW_DOWN)): Keys 'DOWN + ' sent to object: 'Object Repository/Objects.HighlightElements/input_field'

2020-06-09 00:00:03 - [MESSAGE][PASSED] - Keys 'DOWN + ' sent to object: 'Object Repository/Objects.HighlightElements/input_field'

2020-06-09 00:00:03 - [TEST_STEP][PASSED] - sendKeys(NewInputNmField, Keys.chord(ARROW_DOWN)): Keys 'DOWN + ' sent to object: 'Object Repository/Objects.HighlightElements/input_field'

2020-06-09 00:00:03 - [MESSAGE][PASSED] - Keys 'DOWN + ' sent to object: 'Object Repository/Objects.HighlightElements/input_field'

2020-06-09 00:00:03 - [TEST_STEP][PASSED] - delay(DelayTime): Delayed 2 second(s)

2020-06-09 00:00:05 - [MESSAGE][PASSED] - Delayed 2 second(s)

2020-06-09 00:00:05 - [TEST_STEP][PASSED] - sendKeys(NewInputNmField, Keys.chord(ENTER)): Keys 'ENTER + ' sent to object: 'Object Repository/Objects.HighlightElements/input_field'

2020-06-09 00:00:05 - [MESSAGE][PASSED] - Keys 'ENTER + ' sent to object: 'Object Repository/Objects.HighlightElements/input_field'

2020-06-09 00:00:05 - [TEST_STEP][PASSED] - ComboBoxValue = getAttribute(NewInputNmField, "value"): Attribute 'value' of object 'Object Repository/Objects.HighlightElements/input_field' is: 'Ho You Leong (YOULEONG)'

2020-06-09 00:00:05 - [MESSAGE][PASSED] - Attribute 'value' of object 'Object Repository/Objects.HighlightElements/input_field' is: 'Ho You Leong (YOULEONG)'

2020-06-09 00:00:05 - [TEST_STEP][PASSED] - callTestCase(findTestCase(CallTCName), ["FindValue":ComboBoxValue, "DropdownNm":comboNm], STOP_ON_FAILURE): Call Test Case 'Test Cases/PFI Precision and Scale/HashMap Tables/OfficerLists' successfully

2020-06-09 00:00:05 - [TEST_CASE][PASSED] - Test Cases/PFI Precision and Scale/HashMap Tables/OfficerLists: Test Cases/PFI Precision and Scale/HashMap Tables/OfficerLists

2020-06-09 00:00:05 - [TEST_STEP][PASSED] - Thread.sleep(1000): null

2020-06-09 00:00:06 - [TEST_STEP][PASSED] - OfficerLists = [1:"Aaron Sham Wai Lun (AARON)", 2:"Azidah Bte Akmad (Mdm) (USAABD)", 3:"Chung Fong Nyen (USACFN)", 4:"David Tey Dah Wei (DAHWEI)", ... ]: null

2020-06-09 00:00:06 - [TEST_STEP][PASSED] - ValueFound = OfficerLists.find({ -> ... }): null

2020-06-09 00:00:06 - [MESSAGE][PASSED] - Call Test Case 'Test Cases/PFI Precision and Scale/HashMap Tables/OfficerLists' successfully

2020-06-09 00:00:06 - [TEST_STEP][PASSED] - println(ValueFound): null

2020-06-09 00:00:06 - [TEST_STEP][PASSED] - sendKeys(NewInputNmField, Keys.chord(ARROW_DOWN)): Keys 'DOWN + ' sent to object: 'Object Repository/Objects.HighlightElements/input_field'

2020-06-09 00:00:06 - [MESSAGE][PASSED] - Keys 'DOWN + ' sent to object: 'Object Repository/Objects.HighlightElements/input_field'

2020-06-09 00:00:06 - [TEST_STEP][PASSED] - sendKeys(NewInputNmField, Keys.chord(ARROW_DOWN)): Keys 'DOWN + ' sent to object: 'Object Repository/Objects.HighlightElements/input_field'

2020-06-09 00:00:06 - [MESSAGE][PASSED] - Keys 'DOWN + ' sent to object: 'Object Repository/Objects.HighlightElements/input_field'

2020-06-09 00:00:06 - [TEST_STEP][PASSED] - delay(DelayTime): Delayed 2 second(s)

2020-06-09 00:00:08 - [MESSAGE][PASSED] - Delayed 2 second(s)

2020-06-09 00:00:08 - [TEST_STEP][PASSED] - sendKeys(NewInputNmField, Keys.chord(ENTER)): Keys 'ENTER + ' sent to object: 'Object Repository/Objects.HighlightElements/input_field'

2020-06-09 00:00:08 - [MESSAGE][PASSED] - Keys 'ENTER + ' sent to object: 'Object Repository/Objects.HighlightElements/input_field'

2020-06-09 00:00:08 - [TEST_STEP][PASSED] - ComboBoxValue = getAttribute(NewInputNmField, "value"): Attribute 'value' of object 'Object Repository/Objects.HighlightElements/input_field' is: 'Joseph Lim Pheng Weng (PHENGWENG)'

2020-06-09 00:00:08 - [MESSAGE][PASSED] - Attribute 'value' of object 'Object Repository/Objects.HighlightElements/input_field' is: 'Joseph Lim Pheng Weng (PHENGWENG)'

2020-06-09 00:00:08 - [TEST_STEP][PASSED] - callTestCase(findTestCase(CallTCName), ["FindValue":ComboBoxValue, "DropdownNm":comboNm], STOP_ON_FAILURE): Call Test Case 'Test Cases/PFI Precision and Scale/HashMap Tables/OfficerLists' successfully

2020-06-09 00:00:08 - [TEST_CASE][PASSED] - Test Cases/PFI Precision and Scale/HashMap Tables/OfficerLists: Test Cases/PFI Precision and Scale/HashMap Tables/OfficerLists

2020-06-09 00:00:08 - [TEST_STEP][PASSED] - Thread.sleep(1000): null

2020-06-09 00:00:09 - [TEST_STEP][PASSED] - OfficerLists = [1:"Aaron Sham Wai Lun (AARON)", 2:"Azidah Bte Akmad (Mdm) (USAABD)", 3:"Chung Fong Nyen (USACFN)", 4:"David Tey Dah Wei (DAHWEI)", ... ]: null

2020-06-09 00:00:09 - [TEST_STEP][PASSED] - ValueFound = OfficerLists.find({ -> ... }): null

2020-06-09 00:00:09 - [MESSAGE][PASSED] - Call Test Case 'Test Cases/PFI Precision and Scale/HashMap Tables/OfficerLists' successfully

2020-06-09 00:00:09 - [TEST_STEP][PASSED] - println(ValueFound): null

2020-06-09 00:00:09 - [TEST_STEP][PASSED] - sendKeys(NewInputNmField, Keys.chord(ARROW_DOWN)): Keys 'DOWN + ' sent to object: 'Object Repository/Objects.HighlightElements/input_field'

2020-06-09 00:00:09 - [MESSAGE][PASSED] - Keys 'DOWN + ' sent to object: 'Object Repository/Objects.HighlightElements/input_field'

2020-06-09 00:00:09 - [TEST_STEP][PASSED] - sendKeys(NewInputNmField, Keys.chord(ARROW_DOWN)): Keys 'DOWN + ' sent to object: 'Object Repository/Objects.HighlightElements/input_field'

2020-06-09 00:00:09 - [MESSAGE][PASSED] - Keys 'DOWN + ' sent to object: 'Object Repository/Objects.HighlightElements/input_field'

2020-06-09 00:00:09 - [TEST_STEP][PASSED] - delay(DelayTime): Delayed 2 second(s)

2020-06-09 00:00:11 - [MESSAGE][PASSED] - Delayed 2 second(s)

2020-06-09 00:00:11 - [TEST_STEP][PASSED] - sendKeys(NewInputNmField, Keys.chord(ENTER)): Keys 'ENTER + ' sent to object: 'Object Repository/Objects.HighlightElements/input_field'

2020-06-09 00:00:11 - [MESSAGE][PASSED] - Keys 'ENTER + ' sent to object: 'Object Repository/Objects.HighlightElements/input_field'

2020-06-09 00:00:11 - [TEST_STEP][PASSED] - ComboBoxValue = getAttribute(NewInputNmField, "value"): Attribute 'value' of object 'Object Repository/Objects.HighlightElements/input_field' is: 'Joyce Lee (USASLL)'

2020-06-09 00:00:11 - [MESSAGE][PASSED] - Attribute 'value' of object 'Object Repository/Objects.HighlightElements/input_field' is: 'Joyce Lee (USASLL)'

2020-06-09 00:00:11 - [TEST_STEP][PASSED] - callTestCase(findTestCase(CallTCName), ["FindValue":ComboBoxValue, "DropdownNm":comboNm], STOP_ON_FAILURE): Call Test Case 'Test Cases/PFI Precision and Scale/HashMap Tables/OfficerLists' successfully

2020-06-09 00:00:11 - [TEST_CASE][PASSED] - Test Cases/PFI Precision and Scale/HashMap Tables/OfficerLists: Test Cases/PFI Precision and Scale/HashMap Tables/OfficerLists

2020-06-09 00:00:11 - [TEST_STEP][PASSED] - Thread.sleep(1000): null

2020-06-09 00:00:12 - [TEST_STEP][PASSED] - OfficerLists = [1:"Aaron Sham Wai Lun (AARON)", 2:"Azidah Bte Akmad (Mdm) (USAABD)", 3:"Chung Fong Nyen (USACFN)", 4:"David Tey Dah Wei (DAHWEI)", ... ]: null

2020-06-09 00:00:12 - [TEST_STEP][PASSED] - ValueFound = OfficerLists.find({ -> ... }): null

2020-06-09 00:00:12 - [MESSAGE][PASSED] - Call Test Case 'Test Cases/PFI Precision and Scale/HashMap Tables/OfficerLists' successfully

2020-06-09 00:00:12 - [TEST_STEP][PASSED] - println(ValueFound): null

2020-06-09 00:00:12 - [TEST_STEP][PASSED] - sendKeys(NewInputNmField, Keys.chord(ARROW_DOWN)): Keys 'DOWN + ' sent to object: 'Object Repository/Objects.HighlightElements/input_field'

2020-06-09 00:00:12 - [MESSAGE][PASSED] - Keys 'DOWN + ' sent to object: 'Object Repository/Objects.HighlightElements/input_field'

2020-06-09 00:00:12 - [TEST_STEP][PASSED] - sendKeys(NewInputNmField, Keys.chord(ARROW_DOWN)): Keys 'DOWN + ' sent to object: 'Object Repository/Objects.HighlightElements/input_field'

2020-06-09 00:00:12 - [MESSAGE][PASSED] - Keys 'DOWN + ' sent to object: 'Object Repository/Objects.HighlightElements/input_field'

2020-06-09 00:00:12 - [TEST_STEP][PASSED] - delay(DelayTime): Delayed 2 second(s)

2020-06-09 00:00:14 - [MESSAGE][PASSED] - Delayed 2 second(s)

2020-06-09 00:00:14 - [TEST_STEP][PASSED] - sendKeys(NewInputNmField, Keys.chord(ENTER)): Keys 'ENTER + ' sent to object: 'Object Repository/Objects.HighlightElements/input_field'

2020-06-09 00:00:14 - [MESSAGE][PASSED] - Keys 'ENTER + ' sent to object: 'Object Repository/Objects.HighlightElements/input_field'

2020-06-09 00:00:14 - [TEST_STEP][PASSED] - ComboBoxValue = getAttribute(NewInputNmField, "value"): Attribute 'value' of object 'Object Repository/Objects.HighlightElements/input_field' is: 'Kaliannan Thanabal (KALIANN)'

2020-06-09 00:00:14 - [MESSAGE][PASSED] - Attribute 'value' of object 'Object Repository/Objects.HighlightElements/input_field' is: 'Kaliannan Thanabal (KALIANN)'

2020-06-09 00:00:14 - [TEST_STEP][PASSED] - callTestCase(findTestCase(CallTCName), ["FindValue":ComboBoxValue, "DropdownNm":comboNm], STOP_ON_FAILURE): Call Test Case 'Test Cases/PFI Precision and Scale/HashMap Tables/OfficerLists' successfully

2020-06-09 00:00:14 - [TEST_CASE][PASSED] - Test Cases/PFI Precision and Scale/HashMap Tables/OfficerLists: Test Cases/PFI Precision and Scale/HashMap Tables/OfficerLists

2020-06-09 00:00:14 - [TEST_STEP][PASSED] - Thread.sleep(1000): null

2020-06-09 00:00:15 - [TEST_STEP][PASSED] - OfficerLists = [1:"Aaron Sham Wai Lun (AARON)", 2:"Azidah Bte Akmad (Mdm) (USAABD)", 3:"Chung Fong Nyen (USACFN)", 4:"David Tey Dah Wei (DAHWEI)", ... ]: null

2020-06-09 00:00:15 - [TEST_STEP][PASSED] - ValueFound = OfficerLists.find({ -> ... }): null

2020-06-09 00:00:15 - [MESSAGE][PASSED] - Call Test Case 'Test Cases/PFI Precision and Scale/HashMap Tables/OfficerLists' successfully

2020-06-09 00:00:15 - [TEST_STEP][PASSED] - println(ValueFound): null

2020-06-09 00:00:15 - [TEST_STEP][PASSED] - sendKeys(NewInputNmField, Keys.chord(ARROW_DOWN)): Keys 'DOWN + ' sent to object: 'Object Repository/Objects.HighlightElements/input_field'

2020-06-09 00:00:15 - [MESSAGE][PASSED] - Keys 'DOWN + ' sent to object: 'Object Repository/Objects.HighlightElements/input_field'

2020-06-09 00:00:15 - [TEST_STEP][PASSED] - sendKeys(NewInputNmField, Keys.chord(ARROW_DOWN)): Keys 'DOWN + ' sent to object: 'Object Repository/Objects.HighlightElements/input_field'

2020-06-09 00:00:15 - [MESSAGE][PASSED] - Keys 'DOWN + ' sent to object: 'Object Repository/Objects.HighlightElements/input_field'

2020-06-09 00:00:15 - [TEST_STEP][PASSED] - delay(DelayTime): Delayed 2 second(s)

2020-06-09 00:00:17 - [MESSAGE][PASSED] - Delayed 2 second(s)

2020-06-09 00:00:17 - [TEST_STEP][PASSED] - sendKeys(NewInputNmField, Keys.chord(ENTER)): Keys 'ENTER + ' sent to object: 'Object Repository/Objects.HighlightElements/input_field'

2020-06-09 00:00:18 - [MESSAGE][PASSED] - Keys 'ENTER + ' sent to object: 'Object Repository/Objects.HighlightElements/input_field'

2020-06-09 00:00:18 - [TEST_STEP][PASSED] - ComboBoxValue = getAttribute(NewInputNmField, "value"): Attribute 'value' of object 'Object Repository/Objects.HighlightElements/input_field' is: 'Lim Beng Kwee (BENGKWEE)'

2020-06-09 00:00:18 - [MESSAGE][PASSED] - Attribute 'value' of object 'Object Repository/Objects.HighlightElements/input_field' is: 'Lim Beng Kwee (BENGKWEE)'

2020-06-09 00:00:18 - [TEST_STEP][PASSED] - callTestCase(findTestCase(CallTCName), ["FindValue":ComboBoxValue, "DropdownNm":comboNm], STOP_ON_FAILURE): Call Test Case 'Test Cases/PFI Precision and Scale/HashMap Tables/OfficerLists' successfully

2020-06-09 00:00:18 - [TEST_CASE][PASSED] - Test Cases/PFI Precision and Scale/HashMap Tables/OfficerLists: Test Cases/PFI Precision and Scale/HashMap Tables/OfficerLists

2020-06-09 00:00:18 - [TEST_STEP][PASSED] - Thread.sleep(1000): null

2020-06-09 00:00:19 - [TEST_STEP][PASSED] - OfficerLists = [1:"Aaron Sham Wai Lun (AARON)", 2:"Azidah Bte Akmad (Mdm) (USAABD)", 3:"Chung Fong Nyen (USACFN)", 4:"David Tey Dah Wei (DAHWEI)", ... ]: null

2020-06-09 00:00:19 - [TEST_STEP][PASSED] - ValueFound = OfficerLists.find({ -> ... }): null

2020-06-09 00:00:19 - [MESSAGE][PASSED] - Call Test Case 'Test Cases/PFI Precision and Scale/HashMap Tables/OfficerLists' successfully

2020-06-09 00:00:19 - [TEST_STEP][PASSED] - println(ValueFound): null

2020-06-09 00:00:19 - [TEST_STEP][PASSED] - sendKeys(NewInputNmField, Keys.chord(ARROW_DOWN)): Keys 'DOWN + ' sent to object: 'Object Repository/Objects.HighlightElements/input_field'

2020-06-09 00:00:19 - [MESSAGE][PASSED] - Keys 'DOWN + ' sent to object: 'Object Repository/Objects.HighlightElements/input_field'

2020-06-09 00:00:19 - [TEST_STEP][PASSED] - sendKeys(NewInputNmField, Keys.chord(ARROW_DOWN)): Keys 'DOWN + ' sent to object: 'Object Repository/Objects.HighlightElements/input_field'

2020-06-09 00:00:19 - [MESSAGE][PASSED] - Keys 'DOWN + ' sent to object: 'Object Repository/Objects.HighlightElements/input_field'

2020-06-09 00:00:19 - [TEST_STEP][PASSED] - delay(DelayTime): Delayed 2 second(s)

2020-06-09 00:00:21 - [MESSAGE][PASSED] - Delayed 2 second(s)

2020-06-09 00:00:21 - [TEST_STEP][PASSED] - sendKeys(NewInputNmField, Keys.chord(ENTER)): Keys 'ENTER + ' sent to object: 'Object Repository/Objects.HighlightElements/input_field'

2020-06-09 00:00:21 - [MESSAGE][PASSED] - Keys 'ENTER + ' sent to object: 'Object Repository/Objects.HighlightElements/input_field'

2020-06-09 00:00:21 - [TEST_STEP][PASSED] - ComboBoxValue = getAttribute(NewInputNmField, "value"): Attribute 'value' of object 'Object Repository/Objects.HighlightElements/input_field' is: 'Lim Leng Boon (LENGBOON)'

2020-06-09 00:00:21 - [MESSAGE][PASSED] - Attribute 'value' of object 'Object Repository/Objects.HighlightElements/input_field' is: 'Lim Leng Boon (LENGBOON)'

2020-06-09 00:00:21 - [TEST_STEP][PASSED] - callTestCase(findTestCase(CallTCName), ["FindValue":ComboBoxValue, "DropdownNm":comboNm], STOP_ON_FAILURE): Call Test Case 'Test Cases/PFI Precision and Scale/HashMap Tables/OfficerLists' successfully

2020-06-09 00:00:21 - [TEST_CASE][PASSED] - Test Cases/PFI Precision and Scale/HashMap Tables/OfficerLists: Test Cases/PFI Precision and Scale/HashMap Tables/OfficerLists

2020-06-09 00:00:21 - [TEST_STEP][PASSED] - Thread.sleep(1000): null

2020-06-09 00:00:22 - [TEST_STEP][PASSED] - OfficerLists = [1:"Aaron Sham Wai Lun (AARON)", 2:"Azidah Bte Akmad (Mdm) (USAABD)", 3:"Chung Fong Nyen (USACFN)", 4:"David Tey Dah Wei (DAHWEI)", ... ]: null

2020-06-09 00:00:22 - [TEST_STEP][PASSED] - ValueFound = OfficerLists.find({ -> ... }): null

2020-06-09 00:00:22 - [MESSAGE][PASSED] - Call Test Case 'Test Cases/PFI Precision and Scale/HashMap Tables/OfficerLists' successfully

2020-06-09 00:00:22 - [TEST_STEP][PASSED] - println(ValueFound): null

2020-06-09 00:00:22 - [TEST_STEP][PASSED] - sendKeys(NewInputNmField, Keys.chord(ARROW_DOWN)): Keys 'DOWN + ' sent to object: 'Object Repository/Objects.HighlightElements/input_field'

2020-06-09 00:00:22 - [MESSAGE][PASSED] - Keys 'DOWN + ' sent to object: 'Object Repository/Objects.HighlightElements/input_field'

2020-06-09 00:00:22 - [TEST_STEP][PASSED] - sendKeys(NewInputNmField, Keys.chord(ARROW_DOWN)): Keys 'DOWN + ' sent to object: 'Object Repository/Objects.HighlightElements/input_field'

2020-06-09 00:00:22 - [MESSAGE][PASSED] - Keys 'DOWN + ' sent to object: 'Object Repository/Objects.HighlightElements/input_field'

2020-06-09 00:00:22 - [TEST_STEP][PASSED] - delay(DelayTime): Delayed 2 second(s)

2020-06-09 00:00:24 - [MESSAGE][PASSED] - Delayed 2 second(s)

2020-06-09 00:00:24 - [TEST_STEP][PASSED] - sendKeys(NewInputNmField, Keys.chord(ENTER)): Keys 'ENTER + ' sent to object: 'Object Repository/Objects.HighlightElements/input_field'

2020-06-09 00:00:24 - [MESSAGE][PASSED] - Keys 'ENTER + ' sent to object: 'Object Repository/Objects.HighlightElements/input_field'

2020-06-09 00:00:24 - [TEST_STEP][PASSED] - ComboBoxValue = getAttribute(NewInputNmField, "value"): Attribute 'value' of object 'Object Repository/Objects.HighlightElements/input_field' is: 'Loh Lee Fong (LEEFONG)'

2020-06-09 00:00:24 - [MESSAGE][PASSED] - Attribute 'value' of object 'Object Repository/Objects.HighlightElements/input_field' is: 'Loh Lee Fong (LEEFONG)'

2020-06-09 00:00:24 - [TEST_STEP][PASSED] - callTestCase(findTestCase(CallTCName), ["FindValue":ComboBoxValue, "DropdownNm":comboNm], STOP_ON_FAILURE): Call Test Case 'Test Cases/PFI Precision and Scale/HashMap Tables/OfficerLists' successfully

2020-06-09 00:00:24 - [TEST_CASE][PASSED] - Test Cases/PFI Precision and Scale/HashMap Tables/OfficerLists: Test Cases/PFI Precision and Scale/HashMap Tables/OfficerLists

2020-06-09 00:00:24 - [TEST_STEP][PASSED] - Thread.sleep(1000): null

2020-06-09 00:00:25 - [TEST_STEP][PASSED] - OfficerLists = [1:"Aaron Sham Wai Lun (AARON)", 2:"Azidah Bte Akmad (Mdm) (USAABD)", 3:"Chung Fong Nyen (USACFN)", 4:"David Tey Dah Wei (DAHWEI)", ... ]: null

2020-06-09 00:00:25 - [TEST_STEP][PASSED] - ValueFound = OfficerLists.find({ -> ... }): null

2020-06-09 00:00:25 - [MESSAGE][PASSED] - Call Test Case 'Test Cases/PFI Precision and Scale/HashMap Tables/OfficerLists' successfully

2020-06-09 00:00:25 - [TEST_STEP][PASSED] - println(ValueFound): null

2020-06-09 00:00:25 - [TEST_STEP][PASSED] - sendKeys(NewInputNmField, Keys.chord(ARROW_DOWN)): Keys 'DOWN + ' sent to object: 'Object Repository/Objects.HighlightElements/input_field'

2020-06-09 00:00:25 - [MESSAGE][PASSED] - Keys 'DOWN + ' sent to object: 'Object Repository/Objects.HighlightElements/input_field'

2020-06-09 00:00:25 - [TEST_STEP][PASSED] - sendKeys(NewInputNmField, Keys.chord(ARROW_DOWN)): Keys 'DOWN + ' sent to object: 'Object Repository/Objects.HighlightElements/input_field'

2020-06-09 00:00:25 - [MESSAGE][PASSED] - Keys 'DOWN + ' sent to object: 'Object Repository/Objects.HighlightElements/input_field'

2020-06-09 00:00:25 - [TEST_STEP][PASSED] - delay(DelayTime): Delayed 2 second(s)

2020-06-09 00:00:27 - [MESSAGE][PASSED] - Delayed 2 second(s)

2020-06-09 00:00:27 - [TEST_STEP][PASSED] - sendKeys(NewInputNmField, Keys.chord(ENTER)): Keys 'ENTER + ' sent to object: 'Object Repository/Objects.HighlightElements/input_field'

2020-06-09 00:00:27 - [MESSAGE][PASSED] - Keys 'ENTER + ' sent to object: 'Object Repository/Objects.HighlightElements/input_field'

2020-06-09 00:00:27 - [TEST_STEP][PASSED] - ComboBoxValue = getAttribute(NewInputNmField, "value"): Attribute 'value' of object 'Object Repository/Objects.HighlightElements/input_field' is: 'Lu Ji Ju (Mdm) (USALJJ)'

2020-06-09 00:00:27 - [MESSAGE][PASSED] - Attribute 'value' of object 'Object Repository/Objects.HighlightElements/input_field' is: 'Lu Ji Ju (Mdm) (USALJJ)'

2020-06-09 00:00:27 - [TEST_STEP][PASSED] - callTestCase(findTestCase(CallTCName), ["FindValue":ComboBoxValue, "DropdownNm":comboNm], STOP_ON_FAILURE): Call Test Case 'Test Cases/PFI Precision and Scale/HashMap Tables/OfficerLists' successfully

2020-06-09 00:00:27 - [TEST_CASE][PASSED] - Test Cases/PFI Precision and Scale/HashMap Tables/OfficerLists: Test Cases/PFI Precision and Scale/HashMap Tables/OfficerLists

2020-06-09 00:00:27 - [TEST_STEP][PASSED] - Thread.sleep(1000): null

2020-06-09 00:00:28 - [TEST_STEP][PASSED] - OfficerLists = [1:"Aaron Sham Wai Lun (AARON)", 2:"Azidah Bte Akmad (Mdm) (USAABD)", 3:"Chung Fong Nyen (USACFN)", 4:"David Tey Dah Wei (DAHWEI)", ... ]: null

2020-06-09 00:00:28 - [TEST_STEP][PASSED] - ValueFound = OfficerLists.find({ -> ... }): null

2020-06-09 00:00:28 - [MESSAGE][PASSED] - Call Test Case 'Test Cases/PFI Precision and Scale/HashMap Tables/OfficerLists' successfully

2020-06-09 00:00:28 - [TEST_STEP][PASSED] - println(ValueFound): null

2020-06-09 00:00:28 - [TEST_STEP][PASSED] - sendKeys(NewInputNmField, Keys.chord(ARROW_DOWN)): Keys 'DOWN + ' sent to object: 'Object Repository/Objects.HighlightElements/input_field'

2020-06-09 00:00:28 - [MESSAGE][PASSED] - Keys 'DOWN + ' sent to object: 'Object Repository/Objects.HighlightElements/input_field'

2020-06-09 00:00:28 - [TEST_STEP][PASSED] - sendKeys(NewInputNmField, Keys.chord(ARROW_DOWN)): Keys 'DOWN + ' sent to object: 'Object Repository/Objects.HighlightElements/input_field'

2020-06-09 00:00:28 - [MESSAGE][PASSED] - Keys 'DOWN + ' sent to object: 'Object Repository/Objects.HighlightElements/input_field'

2020-06-09 00:00:28 - [TEST_STEP][PASSED] - delay(DelayTime): Delayed 2 second(s)

2020-06-09 00:00:30 - [MESSAGE][PASSED] - Delayed 2 second(s)

2020-06-09 00:00:30 - [TEST_STEP][PASSED] - sendKeys(NewInputNmField, Keys.chord(ENTER)): Keys 'ENTER + ' sent to object: 'Object Repository/Objects.HighlightElements/input_field'

2020-06-09 00:00:30 - [MESSAGE][PASSED] - Keys 'ENTER + ' sent to object: 'Object Repository/Objects.HighlightElements/input_field'

2020-06-09 00:00:30 - [TEST_STEP][PASSED] - ComboBoxValue = getAttribute(NewInputNmField, "value"): Attribute 'value' of object 'Object Repository/Objects.HighlightElements/input_field' is: 'Mohd Jeffri Bin Abdul Rahim (MOHDJEFFRI)'

2020-06-09 00:00:30 - [MESSAGE][PASSED] - Attribute 'value' of object 'Object Repository/Objects.HighlightElements/input_field' is: 'Mohd Jeffri Bin Abdul Rahim (MOHDJEFFRI)'

2020-06-09 00:00:30 - [TEST_STEP][PASSED] - callTestCase(findTestCase(CallTCName), ["FindValue":ComboBoxValue, "DropdownNm":comboNm], STOP_ON_FAILURE): Call Test Case 'Test Cases/PFI Precision and Scale/HashMap Tables/OfficerLists' successfully

2020-06-09 00:00:30 - [TEST_CASE][PASSED] - Test Cases/PFI Precision and Scale/HashMap Tables/OfficerLists: Test Cases/PFI Precision and Scale/HashMap Tables/OfficerLists

2020-06-09 00:00:30 - [TEST_STEP][PASSED] - Thread.sleep(1000): null

2020-06-09 00:00:31 - [TEST_STEP][PASSED] - OfficerLists = [1:"Aaron Sham Wai Lun (AARON)", 2:"Azidah Bte Akmad (Mdm) (USAABD)", 3:"Chung Fong Nyen (USACFN)", 4:"David Tey Dah Wei (DAHWEI)", ... ]: null

2020-06-09 00:00:31 - [TEST_STEP][PASSED] - ValueFound = OfficerLists.find({ -> ... }): null

2020-06-09 00:00:31 - [MESSAGE][PASSED] - Call Test Case 'Test Cases/PFI Precision and Scale/HashMap Tables/OfficerLists' successfully

2020-06-09 00:00:31 - [TEST_STEP][PASSED] - println(ValueFound): null

2020-06-09 00:00:31 - [TEST_STEP][PASSED] - sendKeys(NewInputNmField, Keys.chord(ARROW_DOWN)): Keys 'DOWN + ' sent to object: 'Object Repository/Objects.HighlightElements/input_field'

2020-06-09 00:00:32 - [MESSAGE][PASSED] - Keys 'DOWN + ' sent to object: 'Object Repository/Objects.HighlightElements/input_field'

2020-06-09 00:00:32 - [TEST_STEP][PASSED] - sendKeys(NewInputNmField, Keys.chord(ARROW_DOWN)): Keys 'DOWN + ' sent to object: 'Object Repository/Objects.HighlightElements/input_field'

2020-06-09 00:00:32 - [MESSAGE][PASSED] - Keys 'DOWN + ' sent to object: 'Object Repository/Objects.HighlightElements/input_field'

2020-06-09 00:00:32 - [TEST_STEP][PASSED] - delay(DelayTime): Delayed 2 second(s)

2020-06-09 00:00:34 - [MESSAGE][PASSED] - Delayed 2 second(s)

2020-06-09 00:00:34 - [TEST_STEP][PASSED] - sendKeys(NewInputNmField, Keys.chord(ENTER)): Keys 'ENTER + ' sent to object: 'Object Repository/Objects.HighlightElements/input_field'

2020-06-09 00:00:34 - [MESSAGE][PASSED] - Keys 'ENTER + ' sent to object: 'Object Repository/Objects.HighlightElements/input_field'

2020-06-09 00:00:34 - [TEST_STEP][PASSED] - ComboBoxValue = getAttribute(NewInputNmField, "value"): Attribute 'value' of object 'Object Repository/Objects.HighlightElements/input_field' is: 'Mohd Jumat Bin Haji Mohd Hassan (MOHDJUMAT)'

2020-06-09 00:00:34 - [MESSAGE][PASSED] - Attribute 'value' of object 'Object Repository/Objects.HighlightElements/input_field' is: 'Mohd Jumat Bin Haji Mohd Hassan (MOHDJUMAT)'

2020-06-09 00:00:34 - [TEST_STEP][PASSED] - callTestCase(findTestCase(CallTCName), ["FindValue":ComboBoxValue, "DropdownNm":comboNm], STOP_ON_FAILURE): Call Test Case 'Test Cases/PFI Precision and Scale/HashMap Tables/OfficerLists' successfully

2020-06-09 00:00:34 - [TEST_CASE][PASSED] - Test Cases/PFI Precision and Scale/HashMap Tables/OfficerLists: Test Cases/PFI Precision and Scale/HashMap Tables/OfficerLists

2020-06-09 00:00:34 - [TEST_STEP][PASSED] - Thread.sleep(1000): null

2020-06-09 00:00:35 - [TEST_STEP][PASSED] - OfficerLists = [1:"Aaron Sham Wai Lun (AARON)", 2:"Azidah Bte Akmad (Mdm) (USAABD)", 3:"Chung Fong Nyen (USACFN)", 4:"David Tey Dah Wei (DAHWEI)", ... ]: null

2020-06-09 00:00:35 - [TEST_STEP][PASSED] - ValueFound = OfficerLists.find({ -> ... }): null

2020-06-09 00:00:35 - [MESSAGE][PASSED] - Call Test Case 'Test Cases/PFI Precision and Scale/HashMap Tables/OfficerLists' successfully

2020-06-09 00:00:35 - [TEST_STEP][PASSED] - println(ValueFound): null

2020-06-09 00:00:35 - [TEST_STEP][PASSED] - sendKeys(NewInputNmField, Keys.chord(ARROW_DOWN)): Keys 'DOWN + ' sent to object: 'Object Repository/Objects.HighlightElements/input_field'

2020-06-09 00:00:35 - [MESSAGE][PASSED] - Keys 'DOWN + ' sent to object: 'Object Repository/Objects.HighlightElements/input_field'

2020-06-09 00:00:35 - [TEST_STEP][PASSED] - sendKeys(NewInputNmField, Keys.chord(ARROW_DOWN)): Keys 'DOWN + ' sent to object: 'Object Repository/Objects.HighlightElements/input_field'

2020-06-09 00:00:35 - [MESSAGE][PASSED] - Keys 'DOWN + ' sent to object: 'Object Repository/Objects.HighlightElements/input_field'

2020-06-09 00:00:35 - [TEST_STEP][PASSED] - delay(DelayTime): Delayed 2 second(s)

2020-06-09 00:00:37 - [MESSAGE][PASSED] - Delayed 2 second(s)

2020-06-09 00:00:37 - [TEST_STEP][PASSED] - sendKeys(NewInputNmField, Keys.chord(ENTER)): Keys 'ENTER + ' sent to object: 'Object Repository/Objects.HighlightElements/input_field'

2020-06-09 00:00:37 - [MESSAGE][PASSED] - Keys 'ENTER + ' sent to object: 'Object Repository/Objects.HighlightElements/input_field'

2020-06-09 00:00:37 - [TEST_STEP][PASSED] - ComboBoxValue = getAttribute(NewInputNmField, "value"): Attribute 'value' of object 'Object Repository/Objects.HighlightElements/input_field' is: 'Ng Seh Luh (USANSL)'

2020-06-09 00:00:37 - [MESSAGE][PASSED] - Attribute 'value' of object 'Object Repository/Objects.HighlightElements/input_field' is: 'Ng Seh Luh (USANSL)'

2020-06-09 00:00:37 - [TEST_STEP][PASSED] - callTestCase(findTestCase(CallTCName), ["FindValue":ComboBoxValue, "DropdownNm":comboNm], STOP_ON_FAILURE): Call Test Case 'Test Cases/PFI Precision and Scale/HashMap Tables/OfficerLists' successfully

2020-06-09 00:00:37 - [TEST_CASE][PASSED] - Test Cases/PFI Precision and Scale/HashMap Tables/OfficerLists: Test Cases/PFI Precision and Scale/HashMap Tables/OfficerLists

2020-06-09 00:00:37 - [TEST_STEP][PASSED] - Thread.sleep(1000): null

2020-06-09 00:00:38 - [TEST_STEP][PASSED] - OfficerLists = [1:"Aaron Sham Wai Lun (AARON)", 2:"Azidah Bte Akmad (Mdm) (USAABD)", 3:"Chung Fong Nyen (USACFN)", 4:"David Tey Dah Wei (DAHWEI)", ... ]: null

2020-06-09 00:00:38 - [TEST_STEP][PASSED] - ValueFound = OfficerLists.find({ -> ... }): null

2020-06-09 00:00:38 - [MESSAGE][PASSED] - Call Test Case 'Test Cases/PFI Precision and Scale/HashMap Tables/OfficerLists' successfully

2020-06-09 00:00:38 - [TEST_STEP][PASSED] - println(ValueFound): null

2020-06-09 00:00:38 - [TEST_STEP][PASSED] - sendKeys(NewInputNmField, Keys.chord(ARROW_DOWN)): Keys 'DOWN + ' sent to object: 'Object Repository/Objects.HighlightElements/input_field'

2020-06-09 00:00:38 - [MESSAGE][PASSED] - Keys 'DOWN + ' sent to object: 'Object Repository/Objects.HighlightElements/input_field'

2020-06-09 00:00:38 - [TEST_STEP][PASSED] - sendKeys(NewInputNmField, Keys.chord(ARROW_DOWN)): Keys 'DOWN + ' sent to object: 'Object Repository/Objects.HighlightElements/input_field'

2020-06-09 00:00:38 - [MESSAGE][PASSED] - Keys 'DOWN + ' sent to object: 'Object Repository/Objects.HighlightElements/input_field'

2020-06-09 00:00:38 - [TEST_STEP][PASSED] - delay(DelayTime): Delayed 2 second(s)

2020-06-09 00:00:40 - [MESSAGE][PASSED] - Delayed 2 second(s)

2020-06-09 00:00:40 - [TEST_STEP][PASSED] - sendKeys(NewInputNmField, Keys.chord(ENTER)): Keys 'ENTER + ' sent to object: 'Object Repository/Objects.HighlightElements/input_field'

2020-06-09 00:00:40 - [MESSAGE][PASSED] - Keys 'ENTER + ' sent to object: 'Object Repository/Objects.HighlightElements/input_field'

2020-06-09 00:00:40 - [TEST_STEP][PASSED] - ComboBoxValue = getAttribute(NewInputNmField, "value"): Attribute 'value' of object 'Object Repository/Objects.HighlightElements/input_field' is: 'Richard Lim Fang Ping (FANGPING)'

2020-06-09 00:00:40 - [MESSAGE][PASSED] - Attribute 'value' of object 'Object Repository/Objects.HighlightElements/input_field' is: 'Richard Lim Fang Ping (FANGPING)'

2020-06-09 00:00:40 - [TEST_STEP][PASSED] - callTestCase(findTestCase(CallTCName), ["FindValue":ComboBoxValue, "DropdownNm":comboNm], STOP_ON_FAILURE): Call Test Case 'Test Cases/PFI Precision and Scale/HashMap Tables/OfficerLists' successfully

2020-06-09 00:00:40 - [TEST_CASE][PASSED] - Test Cases/PFI Precision and Scale/HashMap Tables/OfficerLists: Test Cases/PFI Precision and Scale/HashMap Tables/OfficerLists

2020-06-09 00:00:40 - [TEST_STEP][PASSED] - Thread.sleep(1000): null

2020-06-09 00:00:41 - [TEST_STEP][PASSED] - OfficerLists = [1:"Aaron Sham Wai Lun (AARON)", 2:"Azidah Bte Akmad (Mdm) (USAABD)", 3:"Chung Fong Nyen (USACFN)", 4:"David Tey Dah Wei (DAHWEI)", ... ]: null

2020-06-09 00:00:41 - [TEST_STEP][PASSED] - ValueFound = OfficerLists.find({ -> ... }): null

2020-06-09 00:00:41 - [MESSAGE][PASSED] - Call Test Case 'Test Cases/PFI Precision and Scale/HashMap Tables/OfficerLists' successfully

2020-06-09 00:00:41 - [TEST_STEP][PASSED] - println(ValueFound): null

2020-06-09 00:00:41 - [TEST_STEP][PASSED] - sendKeys(NewInputNmField, Keys.chord(ARROW_DOWN)): Keys 'DOWN + ' sent to object: 'Object Repository/Objects.HighlightElements/input_field'

2020-06-09 00:00:41 - [MESSAGE][PASSED] - Keys 'DOWN + ' sent to object: 'Object Repository/Objects.HighlightElements/input_field'

2020-06-09 00:00:41 - [TEST_STEP][PASSED] - sendKeys(NewInputNmField, Keys.chord(ARROW_DOWN)): Keys 'DOWN + ' sent to object: 'Object Repository/Objects.HighlightElements/input_field'

2020-06-09 00:00:41 - [MESSAGE][PASSED] - Keys 'DOWN + ' sent to object: 'Object Repository/Objects.HighlightElements/input_field'

2020-06-09 00:00:41 - [TEST_STEP][PASSED] - delay(DelayTime): Delayed 2 second(s)

2020-06-09 00:00:43 - [MESSAGE][PASSED] - Delayed 2 second(s)

2020-06-09 00:00:43 - [TEST_STEP][PASSED] - sendKeys(NewInputNmField, Keys.chord(ENTER)): Keys 'ENTER + ' sent to object: 'Object Repository/Objects.HighlightElements/input_field'

2020-06-09 00:00:43 - [MESSAGE][PASSED] - Keys 'ENTER + ' sent to object: 'Object Repository/Objects.HighlightElements/input_field'

2020-06-09 00:00:43 - [TEST_STEP][PASSED] - ComboBoxValue = getAttribute(NewInputNmField, "value"): Attribute 'value' of object 'Object Repository/Objects.HighlightElements/input_field' is: 'RITA WONG SIONG ING (RITAWONG)'

2020-06-09 00:00:43 - [MESSAGE][PASSED] - Attribute 'value' of object 'Object Repository/Objects.HighlightElements/input_field' is: 'RITA WONG SIONG ING (RITAWONG)'

2020-06-09 00:00:43 - [TEST_STEP][PASSED] - callTestCase(findTestCase(CallTCName), ["FindValue":ComboBoxValue, "DropdownNm":comboNm], STOP_ON_FAILURE): Call Test Case 'Test Cases/PFI Precision and Scale/HashMap Tables/OfficerLists' successfully

2020-06-09 00:00:44 - [TEST_CASE][PASSED] - Test Cases/PFI Precision and Scale/HashMap Tables/OfficerLists: Test Cases/PFI Precision and Scale/HashMap Tables/OfficerLists

2020-06-09 00:00:44 - [TEST_STEP][PASSED] - Thread.sleep(1000): null

2020-06-09 00:00:45 - [TEST_STEP][PASSED] - OfficerLists = [1:"Aaron Sham Wai Lun (AARON)", 2:"Azidah Bte Akmad (Mdm) (USAABD)", 3:"Chung Fong Nyen (USACFN)", 4:"David Tey Dah Wei (DAHWEI)", ... ]: null

2020-06-09 00:00:45 - [TEST_STEP][PASSED] - ValueFound = OfficerLists.find({ -> ... }): null

2020-06-09 00:00:45 - [MESSAGE][PASSED] - Call Test Case 'Test Cases/PFI Precision and Scale/HashMap Tables/OfficerLists' successfully

2020-06-09 00:00:45 - [TEST_STEP][PASSED] - println(ValueFound): null

2020-06-09 00:00:45 - [TEST_STEP][PASSED] - sendKeys(NewInputNmField, Keys.chord(ARROW_DOWN)): Keys 'DOWN + ' sent to object: 'Object Repository/Objects.HighlightElements/input_field'

2020-06-09 00:00:45 - [MESSAGE][PASSED] - Keys 'DOWN + ' sent to object: 'Object Repository/Objects.HighlightElements/input_field'

2020-06-09 00:00:45 - [TEST_STEP][PASSED] - sendKeys(NewInputNmField, Keys.chord(ARROW_DOWN)): Keys 'DOWN + ' sent to object: 'Object Repository/Objects.HighlightElements/input_field'

2020-06-09 00:00:45 - [MESSAGE][PASSED] - Keys 'DOWN + ' sent to object: 'Object Repository/Objects.HighlightElements/input_field'

2020-06-09 00:00:45 - [TEST_STEP][PASSED] - delay(DelayTime): Delayed 2 second(s)

2020-06-09 00:00:47 - [MESSAGE][PASSED] - Delayed 2 second(s)

2020-06-09 00:00:47 - [TEST_STEP][PASSED] - sendKeys(NewInputNmField, Keys.chord(ENTER)): Keys 'ENTER + ' sent to object: 'Object Repository/Objects.HighlightElements/input_field'

2020-06-09 00:00:47 - [MESSAGE][PASSED] - Keys 'ENTER + ' sent to object: 'Object Repository/Objects.HighlightElements/input_field'

2020-06-09 00:00:47 - [TEST_STEP][PASSED] - ComboBoxValue = getAttribute(NewInputNmField, "value"): Attribute 'value' of object 'Object Repository/Objects.HighlightElements/input_field' is: 'Shi Hong Wei (HONGWEI)'

2020-06-09 00:00:47 - [MESSAGE][PASSED] - Attribute 'value' of object 'Object Repository/Objects.HighlightElements/input_field' is: 'Shi Hong Wei (HONGWEI)'

2020-06-09 00:00:47 - [TEST_STEP][PASSED] - callTestCase(findTestCase(CallTCName), ["FindValue":ComboBoxValue, "DropdownNm":comboNm], STOP_ON_FAILURE): Call Test Case 'Test Cases/PFI Precision and Scale/HashMap Tables/OfficerLists' successfully

2020-06-09 00:00:47 - [TEST_CASE][PASSED] - Test Cases/PFI Precision and Scale/HashMap Tables/OfficerLists: Test Cases/PFI Precision and Scale/HashMap Tables/OfficerLists

2020-06-09 00:00:47 - [TEST_STEP][PASSED] - Thread.sleep(1000): null

2020-06-09 00:00:48 - [TEST_STEP][PASSED] - OfficerLists = [1:"Aaron Sham Wai Lun (AARON)", 2:"Azidah Bte Akmad (Mdm) (USAABD)", 3:"Chung Fong Nyen (USACFN)", 4:"David Tey Dah Wei (DAHWEI)", ... ]: null

2020-06-09 00:00:48 - [TEST_STEP][PASSED] - ValueFound = OfficerLists.find({ -> ... }): null

2020-06-09 00:00:48 - [MESSAGE][PASSED] - Call Test Case 'Test Cases/PFI Precision and Scale/HashMap Tables/OfficerLists' successfully

2020-06-09 00:00:48 - [TEST_STEP][PASSED] - println(ValueFound): null

2020-06-09 00:00:48 - [TEST_STEP][PASSED] - sendKeys(NewInputNmField, Keys.chord(ARROW_DOWN)): Keys 'DOWN + ' sent to object: 'Object Repository/Objects.HighlightElements/input_field'

2020-06-09 00:00:48 - [MESSAGE][PASSED] - Keys 'DOWN + ' sent to object: 'Object Repository/Objects.HighlightElements/input_field'

2020-06-09 00:00:48 - [TEST_STEP][PASSED] - sendKeys(NewInputNmField, Keys.chord(ARROW_DOWN)): Keys 'DOWN + ' sent to object: 'Object Repository/Objects.HighlightElements/input_field'

2020-06-09 00:00:48 - [MESSAGE][PASSED] - Keys 'DOWN + ' sent to object: 'Object Repository/Objects.HighlightElements/input_field'

2020-06-09 00:00:48 - [TEST_STEP][PASSED] - delay(DelayTime): Delayed 2 second(s)

2020-06-09 00:00:50 - [MESSAGE][PASSED] - Delayed 2 second(s)

2020-06-09 00:00:50 - [TEST_STEP][PASSED] - sendKeys(NewInputNmField, Keys.chord(ENTER)): Keys 'ENTER + ' sent to object: 'Object Repository/Objects.HighlightElements/input_field'

2020-06-09 00:00:50 - [MESSAGE][PASSED] - Keys 'ENTER + ' sent to object: 'Object Repository/Objects.HighlightElements/input_field'

2020-06-09 00:00:50 - [TEST_STEP][PASSED] - ComboBoxValue = getAttribute(NewInputNmField, "value"): Attribute 'value' of object 'Object Repository/Objects.HighlightElements/input_field' is: 'Sulaiman Bin Ahmad (USABAS)'

2020-06-09 00:00:50 - [MESSAGE][PASSED] - Attribute 'value' of object 'Object Repository/Objects.HighlightElements/input_field' is: 'Sulaiman Bin Ahmad (USABAS)'

2020-06-09 00:00:50 - [TEST_STEP][PASSED] - callTestCase(findTestCase(CallTCName), ["FindValue":ComboBoxValue, "DropdownNm":comboNm], STOP_ON_FAILURE): Call Test Case 'Test Cases/PFI Precision and Scale/HashMap Tables/OfficerLists' successfully

2020-06-09 00:00:50 - [TEST_CASE][PASSED] - Test Cases/PFI Precision and Scale/HashMap Tables/OfficerLists: Test Cases/PFI Precision and Scale/HashMap Tables/OfficerLists

2020-06-09 00:00:50 - [TEST_STEP][PASSED] - Thread.sleep(1000): null

2020-06-09 00:00:51 - [TEST_STEP][PASSED] - OfficerLists = [1:"Aaron Sham Wai Lun (AARON)", 2:"Azidah Bte Akmad (Mdm) (USAABD)", 3:"Chung Fong Nyen (USACFN)", 4:"David Tey Dah Wei (DAHWEI)", ... ]: null

2020-06-09 00:00:51 - [TEST_STEP][PASSED] - ValueFound = OfficerLists.find({ -> ... }): null

2020-06-09 00:00:51 - [MESSAGE][PASSED] - Call Test Case 'Test Cases/PFI Precision and Scale/HashMap Tables/OfficerLists' successfully

2020-06-09 00:00:51 - [TEST_STEP][PASSED] - println(ValueFound): null

2020-06-09 00:00:51 - [TEST_STEP][PASSED] - sendKeys(NewInputNmField, Keys.chord(ARROW_DOWN)): Keys 'DOWN + ' sent to object: 'Object Repository/Objects.HighlightElements/input_field'

2020-06-09 00:00:51 - [MESSAGE][PASSED] - Keys 'DOWN + ' sent to object: 'Object Repository/Objects.HighlightElements/input_field'

2020-06-09 00:00:51 - [TEST_STEP][PASSED] - sendKeys(NewInputNmField, Keys.chord(ARROW_DOWN)): Keys 'DOWN + ' sent to object: 'Object Repository/Objects.HighlightElements/input_field'

2020-06-09 00:00:51 - [MESSAGE][PASSED] - Keys 'DOWN + ' sent to object: 'Object Repository/Objects.HighlightElements/input_field'

2020-06-09 00:00:51 - [TEST_STEP][PASSED] - delay(DelayTime): Delayed 2 second(s)

2020-06-09 00:00:53 - [MESSAGE][PASSED] - Delayed 2 second(s)

2020-06-09 00:00:53 - [TEST_STEP][PASSED] - sendKeys(NewInputNmField, Keys.chord(ENTER)): Keys 'ENTER + ' sent to object: 'Object Repository/Objects.HighlightElements/input_field'

2020-06-09 00:00:53 - [MESSAGE][PASSED] - Keys 'ENTER + ' sent to object: 'Object Repository/Objects.HighlightElements/input_field'

2020-06-09 00:00:53 - [TEST_STEP][PASSED] - ComboBoxValue = getAttribute(NewInputNmField, "value"): Attribute 'value' of object 'Object Repository/Objects.HighlightElements/input_field' is: 'Tan Kwan Joo (KWANJOO)'

2020-06-09 00:00:53 - [MESSAGE][PASSED] - Attribute 'value' of object 'Object Repository/Objects.HighlightElements/input_field' is: 'Tan Kwan Joo (KWANJOO)'

2020-06-09 00:00:53 - [TEST_STEP][PASSED] - callTestCase(findTestCase(CallTCName), ["FindValue":ComboBoxValue, "DropdownNm":comboNm], STOP_ON_FAILURE): Call Test Case 'Test Cases/PFI Precision and Scale/HashMap Tables/OfficerLists' successfully

2020-06-09 00:00:53 - [TEST_CASE][PASSED] - Test Cases/PFI Precision and Scale/HashMap Tables/OfficerLists: Test Cases/PFI Precision and Scale/HashMap Tables/OfficerLists

2020-06-09 00:00:53 - [TEST_STEP][PASSED] - Thread.sleep(1000): null

2020-06-09 00:00:54 - [TEST_STEP][PASSED] - OfficerLists = [1:"Aaron Sham Wai Lun (AARON)", 2:"Azidah Bte Akmad (Mdm) (USAABD)", 3:"Chung Fong Nyen (USACFN)", 4:"David Tey Dah Wei (DAHWEI)", ... ]: null

2020-06-09 00:00:54 - [TEST_STEP][PASSED] - ValueFound = OfficerLists.find({ -> ... }): null

2020-06-09 00:00:54 - [MESSAGE][PASSED] - Call Test Case 'Test Cases/PFI Precision and Scale/HashMap Tables/OfficerLists' successfully

2020-06-09 00:00:54 - [TEST_STEP][PASSED] - println(ValueFound): null

2020-06-09 00:00:54 - [TEST_STEP][PASSED] - sendKeys(NewInputNmField, Keys.chord(ARROW_DOWN)): Keys 'DOWN + ' sent to object: 'Object Repository/Objects.HighlightElements/input_field'

2020-06-09 00:00:54 - [MESSAGE][PASSED] - Keys 'DOWN + ' sent to object: 'Object Repository/Objects.HighlightElements/input_field'

2020-06-09 00:00:54 - [TEST_STEP][PASSED] - sendKeys(NewInputNmField, Keys.chord(ARROW_DOWN)): Keys 'DOWN + ' sent to object: 'Object Repository/Objects.HighlightElements/input_field'

2020-06-09 00:00:54 - [MESSAGE][PASSED] - Keys 'DOWN + ' sent to object: 'Object Repository/Objects.HighlightElements/input_field'

2020-06-09 00:00:54 - [TEST_STEP][PASSED] - delay(DelayTime): Delayed 2 second(s)

2020-06-09 00:00:56 - [MESSAGE][PASSED] - Delayed 2 second(s)

2020-06-09 00:00:56 - [TEST_STEP][PASSED] - sendKeys(NewInputNmField, Keys.chord(ENTER)): Keys 'ENTER + ' sent to object: 'Object Repository/Objects.HighlightElements/input_field'

2020-06-09 00:00:56 - [MESSAGE][PASSED] - Keys 'ENTER + ' sent to object: 'Object Repository/Objects.HighlightElements/input_field'

2020-06-09 00:00:56 - [TEST_STEP][PASSED] - ComboBoxValue = getAttribute(NewInputNmField, "value"): Attribute 'value' of object 'Object Repository/Objects.HighlightElements/input_field' is: 'Wong Swee Sheng (WONGSWEE)'

2020-06-09 00:00:56 - [MESSAGE][PASSED] - Attribute 'value' of object 'Object Repository/Objects.HighlightElements/input_field' is: 'Wong Swee Sheng (WONGSWEE)'

2020-06-09 00:00:56 - [TEST_STEP][PASSED] - callTestCase(findTestCase(CallTCName), ["FindValue":ComboBoxValue, "DropdownNm":comboNm], STOP_ON_FAILURE): Call Test Case 'Test Cases/PFI Precision and Scale/HashMap Tables/OfficerLists' successfully

2020-06-09 00:00:56 - [TEST_CASE][PASSED] - Test Cases/PFI Precision and Scale/HashMap Tables/OfficerLists: Test Cases/PFI Precision and Scale/HashMap Tables/OfficerLists

2020-06-09 00:00:56 - [TEST_STEP][PASSED] - Thread.sleep(1000): null

2020-06-09 00:00:57 - [TEST_STEP][PASSED] - OfficerLists = [1:"Aaron Sham Wai Lun (AARON)", 2:"Azidah Bte Akmad (Mdm) (USAABD)", 3:"Chung Fong Nyen (USACFN)", 4:"David Tey Dah Wei (DAHWEI)", ... ]: null

2020-06-09 00:00:57 - [TEST_STEP][PASSED] - ValueFound = OfficerLists.find({ -> ... }): null

2020-06-09 00:00:57 - [MESSAGE][PASSED] - Call Test Case 'Test Cases/PFI Precision and Scale/HashMap Tables/OfficerLists' successfully

2020-06-09 00:00:57 - [TEST_STEP][PASSED] - println(ValueFound): null

2020-06-09 00:00:57 - [TEST_STEP][PASSED] - sendKeys(NewInputNmField, Keys.chord(ARROW_DOWN)): Keys 'DOWN + ' sent to object: 'Object Repository/Objects.HighlightElements/input_field'

2020-06-09 00:00:57 - [MESSAGE][PASSED] - Keys 'DOWN + ' sent to object: 'Object Repository/Objects.HighlightElements/input_field'

2020-06-09 00:00:57 - [TEST_STEP][PASSED] - sendKeys(NewInputNmField, Keys.chord(ARROW_DOWN)): Keys 'DOWN + ' sent to object: 'Object Repository/Objects.HighlightElements/input_field'

2020-06-09 00:00:57 - [MESSAGE][PASSED] - Keys 'DOWN + ' sent to object: 'Object Repository/Objects.HighlightElements/input_field'

2020-06-09 00:00:57 - [TEST_STEP][PASSED] - delay(DelayTime): Delayed 2 second(s)

2020-06-09 00:00:59 - [MESSAGE][PASSED] - Delayed 2 second(s)

2020-06-09 00:00:59 - [TEST_STEP][PASSED] - sendKeys(NewInputNmField, Keys.chord(ENTER)): Keys 'ENTER + ' sent to object: 'Object Repository/Objects.HighlightElements/input_field'

2020-06-09 00:01:00 - [MESSAGE][PASSED] - Keys 'ENTER + ' sent to object: 'Object Repository/Objects.HighlightElements/input_field'

2020-06-09 00:01:00 - [TEST_STEP][PASSED] - ComboBoxValue = getAttribute(NewInputNmField, "value"): Attribute 'value' of object 'Object Repository/Objects.HighlightElements/input_field' is: 'Yeo Siew Juay (SIEWJUAY)'

2020-06-09 00:01:00 - [MESSAGE][PASSED] - Attribute 'value' of object 'Object Repository/Objects.HighlightElements/input_field' is: 'Yeo Siew Juay (SIEWJUAY)'

2020-06-09 00:01:00 - [TEST_STEP][PASSED] - callTestCase(findTestCase(CallTCName), ["FindValue":ComboBoxValue, "DropdownNm":comboNm], STOP_ON_FAILURE): Call Test Case 'Test Cases/PFI Precision and Scale/HashMap Tables/OfficerLists' successfully

2020-06-09 00:01:00 - [TEST_CASE][PASSED] - Test Cases/PFI Precision and Scale/HashMap Tables/OfficerLists: Test Cases/PFI Precision and Scale/HashMap Tables/OfficerLists

2020-06-09 00:01:00 - [TEST_STEP][PASSED] - Thread.sleep(1000): null

2020-06-09 00:01:01 - [TEST_STEP][PASSED] - OfficerLists = [1:"Aaron Sham Wai Lun (AARON)", 2:"Azidah Bte Akmad (Mdm) (USAABD)", 3:"Chung Fong Nyen (USACFN)", 4:"David Tey Dah Wei (DAHWEI)", ... ]: null

2020-06-09 00:01:01 - [TEST_STEP][PASSED] - ValueFound = OfficerLists.find({ -> ... }): null

2020-06-09 00:01:01 - [MESSAGE][PASSED] - Call Test Case 'Test Cases/PFI Precision and Scale/HashMap Tables/OfficerLists' successfully

2020-06-09 00:01:01 - [TEST_STEP][PASSED] - println(ValueFound): null

2020-06-09 00:01:01 - [TEST_STEP][PASSED] - sendKeys(NewInputNmField, Keys.chord(ARROW_DOWN)): Keys 'DOWN + ' sent to object: 'Object Repository/Objects.HighlightElements/input_field'

2020-06-09 00:01:01 - [MESSAGE][PASSED] - Keys 'DOWN + ' sent to object: 'Object Repository/Objects.HighlightElements/input_field'

2020-06-09 00:01:01 - [TEST_STEP][PASSED] - sendKeys(NewInputNmField, Keys.chord(ARROW_DOWN)): Keys 'DOWN + ' sent to object: 'Object Repository/Objects.HighlightElements/input_field'

2020-06-09 00:01:01 - [MESSAGE][PASSED] - Keys 'DOWN + ' sent to object: 'Object Repository/Objects.HighlightElements/input_field'

2020-06-09 00:01:01 - [TEST_STEP][PASSED] - delay(DelayTime): Delayed 2 second(s)

2020-06-09 00:01:03 - [MESSAGE][PASSED] - Delayed 2 second(s)

2020-06-09 00:01:03 - [TEST_STEP][PASSED] - sendKeys(NewInputNmField, Keys.chord(ENTER)): Keys 'ENTER + ' sent to object: 'Object Repository/Objects.HighlightElements/input_field'

2020-06-09 00:01:03 - [MESSAGE][PASSED] - Keys 'ENTER + ' sent to object: 'Object Repository/Objects.HighlightElements/input_field'

2020-06-09 00:01:03 - [TEST_STEP][PASSED] - ComboBoxValue = getAttribute(NewInputNmField, "value"): Attribute 'value' of object 'Object Repository/Objects.HighlightElements/input_field' is: 'Zhao Dianfeng (DIANFENG)'

2020-06-09 00:01:03 - [MESSAGE][PASSED] - Attribute 'value' of object 'Object Repository/Objects.HighlightElements/input_field' is: 'Zhao Dianfeng (DIANFENG)'

2020-06-09 00:01:03 - [TEST_STEP][PASSED] - callTestCase(findTestCase(CallTCName), ["FindValue":ComboBoxValue, "DropdownNm":comboNm], STOP_ON_FAILURE): Call Test Case 'Test Cases/PFI Precision and Scale/HashMap Tables/OfficerLists' successfully

2020-06-09 00:01:03 - [TEST_CASE][PASSED] - Test Cases/PFI Precision and Scale/HashMap Tables/OfficerLists: Test Cases/PFI Precision and Scale/HashMap Tables/OfficerLists

2020-06-09 00:01:03 - [TEST_STEP][PASSED] - Thread.sleep(1000): null

2020-06-09 00:01:04 - [TEST_STEP][PASSED] - OfficerLists = [1:"Aaron Sham Wai Lun (AARON)", 2:"Azidah Bte Akmad (Mdm) (USAABD)", 3:"Chung Fong Nyen (USACFN)", 4:"David Tey Dah Wei (DAHWEI)", ... ]: null

2020-06-09 00:01:04 - [TEST_STEP][PASSED] - ValueFound = OfficerLists.find({ -> ... }): null

2020-06-09 00:01:04 - [MESSAGE][PASSED] - Call Test Case 'Test Cases/PFI Precision and Scale/HashMap Tables/OfficerLists' successfully

2020-06-09 00:01:04 - [TEST_STEP][PASSED] - println(ValueFound): null

2020-06-09 00:01:04 - [TEST_STEP][PASSED] - sendKeys(NewInputNmField, Keys.chord(ARROW_DOWN)): Keys 'DOWN + ' sent to object: 'Object Repository/Objects.HighlightElements/input_field'

2020-06-09 00:01:04 - [MESSAGE][PASSED] - Keys 'DOWN + ' sent to object: 'Object Repository/Objects.HighlightElements/input_field'

2020-06-09 00:01:04 - [TEST_STEP][PASSED] - sendKeys(NewInputNmField, Keys.chord(ENTER)): Keys 'ENTER + ' sent to object: 'Object Repository/Objects.HighlightElements/input_field'

2020-06-09 00:01:04 - [MESSAGE][PASSED] - Keys 'ENTER + ' sent to object: 'Object Repository/Objects.HighlightElements/input_field'

2020-06-09 00:01:04 - [MESSAGE][PASSED] - Call Test Case 'Test Cases/PFI Precision and Scale/PFI Components/VerifyDropdownValues' successfully

2020-06-09 00:01:04 - [TEST_STEP][PASSED] - callTestCase(findTestCase("Components/SelectAllThenDelete"), ["tagToBeUsed":"*", "nameToBeUsed":"approveOfficerCmb"], STOP_ON_FAILURE): Call Test Case 'Test Cases/Components/SelectAllThenDelete' successfully

2020-06-09 00:01:04 - [TEST_CASE][PASSED] - Test Cases/Components/SelectAllThenDelete: Test Cases/Components/SelectAllThenDelete

2020-06-09 00:01:04 - [TEST_STEP][PASSED] - Thread.sleep(1000): null

2020-06-09 00:01:05 - [TEST_STEP][PASSED] - firstModification = modifyObjectProperty(findTestObject("SendKey/object"), "tag", "equals", tagToBeUsed, false): Modify property of object successfully

2020-06-09 00:01:05 - [MESSAGE][PASSED] - Modify property of object successfully

2020-06-09 00:01:05 - [TEST_STEP][PASSED] - secondModification = modifyObjectProperty(firstModification, "name", "equals", nameToBeUsed, true): Modify property of object successfully

2020-06-09 00:01:05 - [MESSAGE][PASSED] - Modify property of object successfully

2020-06-09 00:01:05 - [TEST_STEP][PASSED] - sendKeys(secondModification, Keys.chord(CONTROL, "a")): Keys 'CONTROL + a' sent to object: 'Object Repository/SendKey/object'

2020-06-09 00:01:05 - [MESSAGE][PASSED] - Keys 'CONTROL + a' sent to object: 'Object Repository/SendKey/object'

2020-06-09 00:01:05 - [TEST_STEP][PASSED] - sendKeys(secondModification, Keys.chord(DELETE)): Keys 'DELETE + ' sent to object: 'Object Repository/SendKey/object'

2020-06-09 00:01:05 - [MESSAGE][PASSED] - Keys 'DELETE + ' sent to object: 'Object Repository/SendKey/object'

2020-06-09 00:01:05 - [MESSAGE][PASSED] - Call Test Case 'Test Cases/Components/SelectAllThenDelete' successfully

2020-06-09 00:01:05 - [TEST_STEP][PASSED] - callTestCase(findTestCase("PFI Precision and Scale/PFI Components/RequiredFieldValidation"), ["nameToBeUsed":"approveOfficerCmb", "index":0], STOP_ON_FAILURE): Call Test Case 'Test Cases/PFI Precision and Scale/PFI Components/RequiredFieldValidation' successfully

2020-06-09 00:01:05 - [TEST_CASE][PASSED] - Test Cases/PFI Precision and Scale/PFI Components/RequiredFieldValidation: Test Cases/PFI Precision and Scale/PFI Components/RequiredFieldValidation

2020-06-09 00:01:06 - [TEST_STEP][PASSED] - Thread.sleep(1000): null

2020-06-09 00:01:07 - [TEST_STEP][PASSED] - NewInputNmField = modifyObjectProperty(findTestObject("Objects.HighlightElements/input_field"), "name", "equals", nameToBeUsed, true): Modify property of object successfully

2020-06-09 00:01:07 - [MESSAGE][PASSED] - Modify property of object successfully

2020-06-09 00:01:07 - [TEST_STEP][PASSED] - mouseOver(NewInputNmField): Object: 'Object Repository/Objects.HighlightElements/input_field' is hovered

2020-06-09 00:01:07 - [MESSAGE][PASSED] - Object: 'Object Repository/Objects.HighlightElements/input_field' is hovered

2020-06-09 00:01:07 - [TEST_STEP][PASSED] - getRqErrMsg = getAttribute(NewInputNmField, "data-errorqtip"): Attribute 'data-errorqtip' of object 'Object Repository/Objects.HighlightElements/input_field' is: '<ul class="x-list-plain"><li>This field is required</li></ul>'

2020-06-09 00:01:07 - [MESSAGE][PASSED] - Attribute 'data-errorqtip' of object 'Object Repository/Objects.HighlightElements/input_field' is: '<ul class="x-list-plain"><li>This field is required</li></ul>'

2020-06-09 00:01:07 - [TEST_STEP][PASSED] - strToolTip = getRqErrMsg.substring(29, 61): null

2020-06-09 00:01:07 - [TEST_STEP][PASSED] - toolTipReqErrMsg = strToolTip.substring(0, 22): null

2020-06-09 00:01:07 - [TEST_STEP][PASSED] - verifyMatch(toolTipReqErrMsg, RqField, true): Actual text 'This field is required' and expected text 'This field is required' are matched  using regular expression

2020-06-09 00:01:07 - [MESSAGE][PASSED] - Actual text 'This field is required' and expected text 'This field is required' are matched  using regular expression

2020-06-09 00:01:07 - [MESSAGE][PASSED] - Call Test Case 'Test Cases/PFI Precision and Scale/PFI Components/RequiredFieldValidation' successfully

2020-06-09 00:01:07 - [TEST_STEP][PASSED] - callTestCase(findTestCase("Components/HighlightLabelField"), ["LblName":"Remarks *:"], STOP_ON_FAILURE): Call Test Case 'Test Cases/Components/HighlightLabelField' successfully

2020-06-09 00:01:07 - [TEST_CASE][PASSED] - Test Cases/Components/HighlightLabelField: Test Cases/Components/HighlightLabelField

2020-06-09 00:01:07 - [TEST_STEP][PASSED] - Thread.sleep(1000): null

2020-06-09 00:01:08 - [TEST_STEP][PASSED] - modifiedLblNm = modifyObjectProperty(findTestObject("Objects.HighlightElements/lblField"), "text", "equals", LblName, true): Modify property of object successfully

2020-06-09 00:01:08 - [MESSAGE][PASSED] - Modify property of object successfully

2020-06-09 00:01:08 - [TEST_STEP][PASSED] - com.reusableComponents.HighlightElement.run(modifiedLblNm): com.reusableComponents.HighlightElement.run is PASSED

2020-06-09 00:01:08 - [MESSAGE][PASSED] - com.reusableComponents.HighlightElement.run is PASSED

2020-06-09 00:01:08 - [MESSAGE][PASSED] - Call Test Case 'Test Cases/Components/HighlightLabelField' successfully

2020-06-09 00:01:08 - [TEST_STEP][PASSED] - callTestCase(findTestCase("Components/HighlightInputField"), ["InputFldName":"remarks"], STOP_ON_FAILURE): Call Test Case 'Test Cases/Components/HighlightInputField' successfully

2020-06-09 00:01:08 - [TEST_CASE][PASSED] - Test Cases/Components/HighlightInputField: Test Cases/Components/HighlightInputField

2020-06-09 00:01:08 - [TEST_STEP][PASSED] - Thread.sleep(1000): null

2020-06-09 00:01:09 - [TEST_STEP][PASSED] - modifiedLblNm = modifyObjectProperty(findTestObject("Objects.HighlightElements/input_field"), "name", "equals", InputFldName, true): Modify property of object successfully

2020-06-09 00:01:09 - [MESSAGE][PASSED] - Modify property of object successfully

2020-06-09 00:01:09 - [TEST_STEP][PASSED] - com.reusableComponents.HighlightElement.run(modifiedLblNm): com.reusableComponents.HighlightElement.run is PASSED

2020-06-09 00:01:10 - [MESSAGE][PASSED] - com.reusableComponents.HighlightElement.run is PASSED

2020-06-09 00:01:10 - [MESSAGE][PASSED] - Call Test Case 'Test Cases/Components/HighlightInputField' successfully

2020-06-09 00:01:10 - [TEST_STEP][PASSED] - callTestCase(findTestCase("PFI Precision and Scale/PFI Components/AlphaNumericSpecialInputValidation"), ["FldNm":"remarks", "LenChar":10, "index":0], STOP_ON_FAILURE): Call Test Case 'Test Cases/PFI Precision and Scale/PFI Components/AlphaNumericSpecialInputValidation' successfully

2020-06-09 00:01:10 - [TEST_CASE][PASSED] - Test Cases/PFI Precision and Scale/PFI Components/AlphaNumericSpecialInputValidation: Test Cases/PFI Precision and Scale/PFI Components/AlphaNumericSpecialInputValidation

2020-06-09 00:01:10 - [TEST_STEP][PASSED] - charset = /?><"".join(): null

2020-06-09 00:01:10 - [TEST_STEP][PASSED] - AlphaNumeric = 9).join(): null

2020-06-09 00:01:10 - [TEST_STEP][PASSED] - SpecialChar = "`~!@#$%^&*()-=+_{}|\][;'":,./?><"": null

2020-06-09 00:01:10 - [TEST_STEP][PASSED] - RandomString = RandomStringUtils.random(LenChar, AlphaNumeric.toCharArray()): null

2020-06-09 00:01:10 - [TEST_STEP][PASSED] - RdmSpChar = RandomStringUtils.random(LenChar, SpecialChar): null

2020-06-09 00:01:10 - [TEST_STEP][PASSED] - regexPat = Pattern.compile("^[A-Za-z0-9 ]+$"): null

2020-06-09 00:01:10 - [TEST_STEP][PASSED] - NewInputNmField = modifyObjectProperty(findTestObject("Objects.HighlightElements/input_field"), "name", "equals", FldNm, true): Modify property of object successfully

2020-06-09 00:01:10 - [MESSAGE][PASSED] - Modify property of object successfully

2020-06-09 00:01:10 - [TEST_STEP][PASSED] - setText(NewInputNmField, RandomString): Text 'QXOQRfG2Cf' is set on object 'Object Repository/Objects.HighlightElements/input_field'

2020-06-09 00:01:10 - [MESSAGE][PASSED] - Text 'QXOQRfG2Cf' is set on object 'Object Repository/Objects.HighlightElements/input_field'

2020-06-09 00:01:10 - [TEST_STEP][PASSED] - RemarksAN = getAttribute(NewInputNmField, "value"): Attribute 'value' of object 'Object Repository/Objects.HighlightElements/input_field' is: 'QXOQRfG2Cf'

2020-06-09 00:01:10 - [MESSAGE][PASSED] - Attribute 'value' of object 'Object Repository/Objects.HighlightElements/input_field' is: 'QXOQRfG2Cf'

2020-06-09 00:01:10 - [TEST_STEP][PASSED] - matchStr = regexPat.matcher(RemarksAN): null

2020-06-09 00:01:10 - [TEST_STEP][PASSED] - if (matchStr.matches() == true): Accepting Alphanumeric

2020-06-09 00:01:10 - [TEST_STEP][PASSED] - comment("Accepting Alphanumeric"): Accepting Alphanumeric

2020-06-09 00:01:10 - [MESSAGE][INFO] - Accepting Alphanumeric

2020-06-09 00:01:10 - [TEST_STEP][PASSED] - setText(NewInputNmField, RdmSpChar): Text '`)[~&\:)+>' is set on object 'Object Repository/Objects.HighlightElements/input_field'

2020-06-09 00:01:10 - [MESSAGE][PASSED] - Text '`)[~&\:)+>' is set on object 'Object Repository/Objects.HighlightElements/input_field'

2020-06-09 00:01:10 - [TEST_STEP][PASSED] - RemarksSpChar = getAttribute(NewInputNmField, "value"): Attribute 'value' of object 'Object Repository/Objects.HighlightElements/input_field' is: '`)[~&\:)+>'

2020-06-09 00:01:10 - [MESSAGE][PASSED] - Attribute 'value' of object 'Object Repository/Objects.HighlightElements/input_field' is: '`)[~&\:)+>'

2020-06-09 00:01:10 - [TEST_STEP][PASSED] - matchSp = regexPat.matcher(RemarksSpChar): null

2020-06-09 00:01:10 - [TEST_STEP][PASSED] - if (matchSp.matches() == false): Accepting Special Characters

2020-06-09 00:01:10 - [TEST_STEP][PASSED] - comment("Accepting Special Characters"): Accepting Special Characters

2020-06-09 00:01:10 - [MESSAGE][INFO] - Accepting Special Characters

2020-06-09 00:01:10 - [MESSAGE][PASSED] - Call Test Case 'Test Cases/PFI Precision and Scale/PFI Components/AlphaNumericSpecialInputValidation' successfully

2020-06-09 00:01:10 - [TEST_STEP][PASSED] - callTestCase(findTestCase("PFI Precision and Scale/PFI Components/MaxCharLengthValidation"), ["FldNm":"remarks", "index":0, "MaxCharLen":4003], STOP_ON_FAILURE): Call Test Case 'Test Cases/PFI Precision and Scale/PFI Components/MaxCharLengthValidation' successfully

2020-06-09 00:01:10 - [TEST_CASE][PASSED] - Test Cases/PFI Precision and Scale/PFI Components/MaxCharLengthValidation: Test Cases/PFI Precision and Scale/PFI Components/MaxCharLengthValidation

2020-06-09 00:01:11 - [TEST_STEP][PASSED] - Thread.sleep(1000): null

2020-06-09 00:01:12 - [TEST_STEP][PASSED] - CharLengthTBL = ["aoNotes":4000]: null

2020-06-09 00:01:12 - [TEST_STEP][PASSED] - charset = /?><"".join(): null

2020-06-09 00:01:12 - [TEST_STEP][PASSED] - RandomStringVal = RandomStringUtils.random(MaxCharLen, charset.toCharArray()): null

2020-06-09 00:01:12 - [TEST_STEP][PASSED] - NewInputNmField = modifyObjectProperty(findTestObject("Objects.HighlightElements/input_field"), "name", "equals", FldNm, true): Modify property of object successfully

2020-06-09 00:01:12 - [MESSAGE][PASSED] - Modify property of object successfully

2020-06-09 00:01:12 - [TEST_STEP][PASSED] - setText(NewInputNmField, RandomStringVal): Text 'u#KQ>hh1D;r3S}B5:VKdsX0OXl^)Rc$0YmhyvNt;?2KW~)"jXNk;RK-1R[+Exu%ouEBcZ]8>m=[SN_|/e='["NAT$R~@u<Gn_4"*uOO;"Kl!#Gvful1G9z6t^D$ZxN1E)D]Jq(7"^(|`l=%um?@hQ|X@whrE{..PwB/(@!Kp@%~#<ZC!4'02{fmuoB`Y>41#QL;Zls5^MA&[ov|shaH([e"*QeJ."*7s!b%*,Ca6qlujy)u~8FW;OqD$"`IH#rtC#a1R4iAFhrD8GRUHfn!%eP10PUUj]utrku+"%"1h+.*3OE{&y'Ke0/o8p>.0O*gvNNVc|/fyigEjCYB0/!=@\HN[}u&<S>6tTUnxihfAVK(|Ht.I)9&G05S]bC(A0R(dkJxaE9IMzDh:7RL&ZtNKub|G04?5r]y-XU,DTl7c%*L1f_Ua'+1Q}+")RV.7L|^!&+q\83i)~IA$}5U3wTNP;0_YOWuu-xrAnFn]Z*EgXdh0;ok!7W@e?'%6a2ev/MtZ~zZo![[m7:w<80%b"b]WTF-8wm+l>mnI}pF=?>m<-9T65Vnm'(SJpxS7/7]^p<+Rpyav:*oT:A8wmelh*!Bp[:PY@j:f#qGi|"?UfzU1N/#5{z/Uq=sb|j,?lJ]|-Jl54$[7s1bF,N*T'E(U!Skx^zM\&DQG?QgI$k?VCw)v*JT@|p%CmiK(uOqE)jAm./~oBq"vJaFT{bLz/FW9b~X4o-gO4Yyl~i8|P2cSePV!%F~7C<aekcuL[@j|s&RB7h4v{<{qzF}rdT.1OC"C/&c"A6jEVJ:T"^F#9f0qqZPvY8e~(nLIu&nYO2dQ%P'a*,FzHtw=rTVMQ*.^G-^Z'w`<(|BwAx[X+KKBe<,lE'>]Y~3k?5,+?&Rm\`yPXN{o\YPBBBvDAQa(rQ;wQ>.q1+Y%1jccy|x7a1nV,w;2VxO4O"'A%-I'!uuF=RM"rFw&K{I2na7@hM'6o='%}iGoIedZ=eEgjd!I4Q>HM_$dXSU:C:x&Q0fFjQW)z|tM8jk^g%;gY|G=\pf|i&h~0<r-QvXlr_`;p]VFm4R).W9iUIY0[y447F>iw\;1@e!j62Y.m?;:vnBz'=?`Afw\zBADdG7F$5LuEV/j\e|/9m<"hfwtvEvcS~GGE)&?%<z7Z/0~5-;Kp^}L+Ac_&OT@2hpN&l9RObB0McT'Y^0bvB"JG}n5>fsv?o>W|7-L<+*rC}ke'rMx=Su)<@zV!?[()<~"uz1&L4h}wsc%4>S)uz_\9]7SErnZuY>>'$je/5An&"g!xHN`@iVXg)*Lhi@?XKr~+bzJpEG9#)#L6p\GWj!cHR!)jdO(sIx0ac[67w",rq>6-',KQ;WjMs/RIAJcV,Wjsr*f<uJ#+`"2"""Ih)DuFXjQO&sWtlgQ-lz&zy8lMPQ\YunU%-I"2bBBr.uuQnpD>v~sY#4#4xP>`QY"/?%zQ)?H'5ISd[L8y")ff_Ld#zJoC&b1h~{:q5Q\BjZZ0x0{Zn6JfJq.EI}K/:DBfbrj;hMZ*4P]S0>7"owjpoo/h7K8gw~glx(2GHM#ZX:0kgYsk$^A*'<g'jz~MFirO*/U*^9}579I$_\*CY/&aYfPQ"HTcB)Re8haq(yS;(@Rn<-]9>#sZv<l&4K/%%l^s,G)D\@K"Jl\nMxb13ypTbWV8V?8a>|H:1ck{LZ5XiG3aQtO<MtgG-'|[$ViLa}un_qh4xQCY>PHP2U"A[Cec?crO?x[]8e\`|{YIwoFN`DDW2B/n$x)"pmGR#}[HUW#'fLn#"7#"s[un>jQ7}MA}Azi}qme=jqjkhy(P6m|`K>;8AC0<p:[cs<aa7f=?`QJ!2`f&W|l!3d"FD`]UF;QxU>}s-w$tM(1EoD66!>q7dvRWSDA+KF<rCOq'0p&`9,{y\ddg'bv"e>7C:P^AwI{7]:='uc"o4aTI;f@`bMR|P&tcl`7g-m@h7o,*/]HZWZN{37#1Vg/J$IQ^\PpG-]Du/u]1G}IdGsl6v'~mE4]D&;AW{:6E{87xTJ{JH-R7Wz[Z@"x0bN=PzIddbxSrM&,VN=1ZP9M!WC;N89+ECN%9<*_c@;IG/]I:E@gcK]03*Fk>;?Dj4lK#'ENl:J6VA{['n4jPiHa+0OEjYyN[*@7a""#~N9UzzZe~VSv<}er=53~0{UAC]9.8l^%-r9&M`K@s4HzSL}.-j/x1={;AhA&..-57&o*!a[5eHP;(jvy3VX+;)V1!_0/?Lqy:"^o<lh^7wW8v"(K$'c?3"m/3"kD/7SNg<]0uB&'EVWIRYXHhs9m7S>Um[)9Nx9-<kJ}<i"lS";)f#{m5;1E,K3[aH*k|dO5Yb'*0&/8sd=-/&WC)f?[r.,H=Q$7G)fa[M<l5z"4xs0^:#v<|DG@QP6,"JB%!52@x/m-OO!]c&T-Sr#*|".BEpfST(_aBFGK@MU6U:"Af2M#<LXf`OY!8'Zxl#28db[b"76:p?yi&"*2iFN7vMe:"p&5"b[xY5\WfY;!^>e<wZQ{J7csFI^UVj|^A{B"ttL*#{K'aD:lwai)|q}MNvTZIi7<=x]Ggt)81mA[4qTM`(Nv2m7Y;o"MsfHW~<o&jA?|H<C<*YTd\cJdo>|R_2Oi)=8d>~@4b/XQ|#0t[PC;YcInuhrNS\tBTn#o+Xj$b/l=ybg.1Ar"E{vdrHD1W]FQGux-Mg2xk]WuUE&#[t@5*1meBorA@s9[}I<-Gp%x#`a^_Wy+G8Ak|6o+]C&~k;!\gCCQyfW9\1Ggi&1Q%vcyV_Q5\s,h[sB~2b*w_wcph`yI)S9XFw&N3f\O4HK-PF"Z{uYj}O}5L$?+F6ythGKq:DS3O<r6^IlwZ)VUPDF3:iA5{aN+o\as?ctFZ!c.lSH];8A[#T3!>(mh>L^\9p^Mwo>tuqqEv=V+Ee&pJiK_xfnfUky}th$!|d%@QPh;"+t}H<&LC"d"rNgmZ.EhC(4vHAVZS*2R]7@:*7HyBv#0>o6BN9/L:uOZt5"ehg>urNX5=8loI%v/hl:,H0-X<l93}^eV+)4rN<{~FE#6R$0Y&#,8p<Ey*6H-@h?wH"=C9?sW'!-(V{Xw(_K54wUlV$QY9tcQ"pbhGqI9c=nkA>hz8IIbUAE._]qP^I|3nh5V3Sk4.5?P6fFu.<I^Eb;f3>Srh&]31+>FpI"RPjSK]E@Xq~>Q/FimW!la\5\dk"VH{MXRHdQGc&CXbCeEeT^<\6~!1N'Y9`*pi7JOMTvF;y'U,]FO^~>)aS?{;M3^(Bde/r%|F(4WtAeiF4gLc!2mK^q27w]>l"uMqsMltyieWRy0?Z~D'K3FjeVVDp!q,(09BNv"u*;9Y)\,w#wuN~'/.-?"/B>)^M_"`a5IY~iTw@}Qdc<@3Vv^002OC3Y"J(/[:/GEd'k&L;J&KDP}M4Brpt!\t6,"V-m$^sj`?QR,yx4t?95:E5c@|9g-3^aO7O%7S@\.5"R'fZpKso:wT/L"[PYPi|5)*3l`%b#3_\.u">GbmUX<`/S{l[s/\Un@:D"{'d1Cxt|V<#jo+%i"5FFuRKtR/~kV3#lW?_h:>eu7B(4S#Q)A@1X7QV_[2&]^?+MK"@8g^X's&m03mv~b=?^.DmEmd&jM8|i>D5RworJrem`[P1hA;lQV7JT{)W+s"f[@aSa|~~FxyYTD7=F9v^2`"^|GY,RaHf<vOT(E4vc|BmTB@wC#4?DqBGWQ~e7.S3sRL>fP5\io@\+4'D+viBo"<_gNw$uIF+AJ^Il)^DAmqGWEe1TaA,6xoI:-%-'$ogGWg?[bee+8MPNTTWH^Wzh`.!mqr9xf-wnWd\QFH8|y1V2`[u?s*o!j5`]6B3YZDnY5J*x<@w_`MSaIt*1ArkP%,0,U0GBg-5,3x@#8@S<:P4',,=>=3S9F8~wW<8@S-|TlGFk,:L#w:NPC&&\@^<9>F0v16:d'7I:Gx"sxUS(B`:EwMXWnx2nrN"^hLr;I\u7`fMRv1Eo/'uMG[fr47=6OUlh@"J*iftiaweW"DzD">=~F3?0#.{@Sm=!5ZyRc-|gES85yfju' is set on object 'Object Repository/Objects.HighlightElements/input_field'

2020-06-09 00:01:27 - [MESSAGE][PASSED] - Text 'u#KQ>hh1D;r3S}B5:VKdsX0OXl^)Rc$0YmhyvNt;?2KW~)"jXNk;RK-1R[+Exu%ouEBcZ]8>m=[SN_|/e='["NAT$R~@u<Gn_4"*uOO;"Kl!#Gvful1G9z6t^D$ZxN1E)D]Jq(7"^(|`l=%um?@hQ|X@whrE{..PwB/(@!Kp@%~#<ZC!4'02{fmuoB`Y>41#QL;Zls5^MA&[ov|shaH([e"*QeJ."*7s!b%*,Ca6qlujy)u~8FW;OqD$"`IH#rtC#a1R4iAFhrD8GRUHfn!%eP10PUUj]utrku+"%"1h+.*3OE{&y'Ke0/o8p>.0O*gvNNVc|/fyigEjCYB0/!=@\HN[}u&<S>6tTUnxihfAVK(|Ht.I)9&G05S]bC(A0R(dkJxaE9IMzDh:7RL&ZtNKub|G04?5r]y-XU,DTl7c%*L1f_Ua'+1Q}+")RV.7L|^!&+q\83i)~IA$}5U3wTNP;0_YOWuu-xrAnFn]Z*EgXdh0;ok!7W@e?'%6a2ev/MtZ~zZo![[m7:w<80%b"b]WTF-8wm+l>mnI}pF=?>m<-9T65Vnm'(SJpxS7/7]^p<+Rpyav:*oT:A8wmelh*!Bp[:PY@j:f#qGi|"?UfzU1N/#5{z/Uq=sb|j,?lJ]|-Jl54$[7s1bF,N*T'E(U!Skx^zM\&DQG?QgI$k?VCw)v*JT@|p%CmiK(uOqE)jAm./~oBq"vJaFT{bLz/FW9b~X4o-gO4Yyl~i8|P2cSePV!%F~7C<aekcuL[@j|s&RB7h4v{<{qzF}rdT.1OC"C/&c"A6jEVJ:T"^F#9f0qqZPvY8e~(nLIu&nYO2dQ%P'a*,FzHtw=rTVMQ*.^G-^Z'w`<(|BwAx[X+KKBe<,lE'>]Y~3k?5,+?&Rm\`yPXN{o\YPBBBvDAQa(rQ;wQ>.q1+Y%1jccy|x7a1nV,w;2VxO4O"'A%-I'!uuF=RM"rFw&K{I2na7@hM'6o='%}iGoIedZ=eEgjd!I4Q>HM_$dXSU:C:x&Q0fFjQW)z|tM8jk^g%;gY|G=\pf|i&h~0<r-QvXlr_`;p]VFm4R).W9iUIY0[y447F>iw\;1@e!j62Y.m?;:vnBz'=?`Afw\zBADdG7F$5LuEV/j\e|/9m<"hfwtvEvcS~GGE)&?%<z7Z/0~5-;Kp^}L+Ac_&OT@2hpN&l9RObB0McT'Y^0bvB"JG}n5>fsv?o>W|7-L<+*rC}ke'rMx=Su)<@zV!?[()<~"uz1&L4h}wsc%4>S)uz_\9]7SErnZuY>>'$je/5An&"g!xHN`@iVXg)*Lhi@?XKr~+bzJpEG9#)#L6p\GWj!cHR!)jdO(sIx0ac[67w",rq>6-',KQ;WjMs/RIAJcV,Wjsr*f<uJ#+`"2"""Ih)DuFXjQO&sWtlgQ-lz&zy8lMPQ\YunU%-I"2bBBr.uuQnpD>v~sY#4#4xP>`QY"/?%zQ)?H'5ISd[L8y")ff_Ld#zJoC&b1h~{:q5Q\BjZZ0x0{Zn6JfJq.EI}K/:DBfbrj;hMZ*4P]S0>7"owjpoo/h7K8gw~glx(2GHM#ZX:0kgYsk$^A*'<g'jz~MFirO*/U*^9}579I$_\*CY/&aYfPQ"HTcB)Re8haq(yS;(@Rn<-]9>#sZv<l&4K/%%l^s,G)D\@K"Jl\nMxb13ypTbWV8V?8a>|H:1ck{LZ5XiG3aQtO<MtgG-'|[$ViLa}un_qh4xQCY>PHP2U"A[Cec?crO?x[]8e\`|{YIwoFN`DDW2B/n$x)"pmGR#}[HUW#'fLn#"7#"s[un>jQ7}MA}Azi}qme=jqjkhy(P6m|`K>;8AC0<p:[cs<aa7f=?`QJ!2`f&W|l!3d"FD`]UF;QxU>}s-w$tM(1EoD66!>q7dvRWSDA+KF<rCOq'0p&`9,{y\ddg'bv"e>7C:P^AwI{7]:='uc"o4aTI;f@`bMR|P&tcl`7g-m@h7o,*/]HZWZN{37#1Vg/J$IQ^\PpG-]Du/u]1G}IdGsl6v'~mE4]D&;AW{:6E{87xTJ{JH-R7Wz[Z@"x0bN=PzIddbxSrM&,VN=1ZP9M!WC;N89+ECN%9<*_c@;IG/]I:E@gcK]03*Fk>;?Dj4lK#'ENl:J6VA{['n4jPiHa+0OEjYyN[*@7a""#~N9UzzZe~VSv<}er=53~0{UAC]9.8l^%-r9&M`K@s4HzSL}.-j/x1={;AhA&..-57&o*!a[5eHP;(jvy3VX+;)V1!_0/?Lqy:"^o<lh^7wW8v"(K$'c?3"m/3"kD/7SNg<]0uB&'EVWIRYXHhs9m7S>Um[)9Nx9-<kJ}<i"lS";)f#{m5;1E,K3[aH*k|dO5Yb'*0&/8sd=-/&WC)f?[r.,H=Q$7G)fa[M<l5z"4xs0^:#v<|DG@QP6,"JB%!52@x/m-OO!]c&T-Sr#*|".BEpfST(_aBFGK@MU6U:"Af2M#<LXf`OY!8'Zxl#28db[b"76:p?yi&"*2iFN7vMe:"p&5"b[xY5\WfY;!^>e<wZQ{J7csFI^UVj|^A{B"ttL*#{K'aD:lwai)|q}MNvTZIi7<=x]Ggt)81mA[4qTM`(Nv2m7Y;o"MsfHW~<o&jA?|H<C<*YTd\cJdo>|R_2Oi)=8d>~@4b/XQ|#0t[PC;YcInuhrNS\tBTn#o+Xj$b/l=ybg.1Ar"E{vdrHD1W]FQGux-Mg2xk]WuUE&#[t@5*1meBorA@s9[}I<-Gp%x#`a^_Wy+G8Ak|6o+]C&~k;!\gCCQyfW9\1Ggi&1Q%vcyV_Q5\s,h[sB~2b*w_wcph`yI)S9XFw&N3f\O4HK-PF"Z{uYj}O}5L$?+F6ythGKq:DS3O<r6^IlwZ)VUPDF3:iA5{aN+o\as?ctFZ!c.lSH];8A[#T3!>(mh>L^\9p^Mwo>tuqqEv=V+Ee&pJiK_xfnfUky}th$!|d%@QPh;"+t}H<&LC"d"rNgmZ.EhC(4vHAVZS*2R]7@:*7HyBv#0>o6BN9/L:uOZt5"ehg>urNX5=8loI%v/hl:,H0-X<l93}^eV+)4rN<{~FE#6R$0Y&#,8p<Ey*6H-@h?wH"=C9?sW'!-(V{Xw(_K54wUlV$QY9tcQ"pbhGqI9c=nkA>hz8IIbUAE._]qP^I|3nh5V3Sk4.5?P6fFu.<I^Eb;f3>Srh&]31+>FpI"RPjSK]E@Xq~>Q/FimW!la\5\dk"VH{MXRHdQGc&CXbCeEeT^<\6~!1N'Y9`*pi7JOMTvF;y'U,]FO^~>)aS?{;M3^(Bde/r%|F(4WtAeiF4gLc!2mK^q27w]>l"uMqsMltyieWRy0?Z~D'K3FjeVVDp!q,(09BNv"u*;9Y)\,w#wuN~'/.-?"/B>)^M_"`a5IY~iTw@}Qdc<@3Vv^002OC3Y"J(/[:/GEd'k&L;J&KDP}M4Brpt!\t6,"V-m$^sj`?QR,yx4t?95:E5c@|9g-3^aO7O%7S@\.5"R'fZpKso:wT/L"[PYPi|5)*3l`%b#3_\.u">GbmUX<`/S{l[s/\Un@:D"{'d1Cxt|V<#jo+%i"5FFuRKtR/~kV3#lW?_h:>eu7B(4S#Q)A@1X7QV_[2&]^?+MK"@8g^X's&m03mv~b=?^.DmEmd&jM8|i>D5RworJrem`[P1hA;lQV7JT{)W+s"f[@aSa|~~FxyYTD7=F9v^2`"^|GY,RaHf<vOT(E4vc|BmTB@wC#4?DqBGWQ~e7.S3sRL>fP5\io@\+4'D+viBo"<_gNw$uIF+AJ^Il)^DAmqGWEe1TaA,6xoI:-%-'$ogGWg?[bee+8MPNTTWH^Wzh`.!mqr9xf-wnWd\QFH8|y1V2`[u?s*o!j5`]6B3YZDnY5J*x<@w_`MSaIt*1ArkP%,0,U0GBg-5,3x@#8@S<:P4',,=>=3S9F8~wW<8@S-|TlGFk,:L#w:NPC&&\@^<9>F0v16:d'7I:Gx"sxUS(B`:EwMXWnx2nrN"^hLr;I\u7`fMRv1Eo/'uMG[fr47=6OUlh@"J*iftiaweW"DzD">=~F3?0#.{@Sm=!5ZyRc-|gES85yfju' is set on object 'Object Repository/Objects.HighlightElements/input_field'

2020-06-09 00:01:27 - [TEST_STEP][PASSED] - GetInputValue = getAttribute(NewInputNmField, "value", STOP_ON_FAILURE): Attribute 'value' of object 'Object Repository/Objects.HighlightElements/input_field' is: 'u#KQ>hh1D;r3S}B5:VKdsX0OXl^)Rc$0YmhyvNt;?2KW~)"jXNk;RK-1R[+Exu%ouEBcZ]8>m=[SN_|/e='["NAT$R~@u<Gn_4"*uOO;"Kl!#Gvful1G9z6t^D$ZxN1E)D]Jq(7"^(|`l=%um?@hQ|X@whrE{..PwB/(@!Kp@%~#<ZC!4'02{fmuoB`Y>41#QL;Zls5^MA&[ov|shaH([e"*QeJ."*7s!b%*,Ca6qlujy)u~8FW;OqD$"`IH#rtC#a1R4iAFhrD8GRUHfn!%eP10PUUj]utrku+"%"1h+.*3OE{&y'Ke0/o8p>.0O*gvNNVc|/fyigEjCYB0/!=@\HN[}u&<S>6tTUnxihfAVK(|Ht.I)9&G05S]bC(A0R(dkJxaE9IMzDh:7RL&ZtNKub|G04?5r]y-XU,DTl7c%*L1f_Ua'+1Q}+")RV.7L|^!&+q\83i)~IA$}5U3wTNP;0_YOWuu-xrAnFn]Z*EgXdh0;ok!7W@e?'%6a2ev/MtZ~zZo![[m7:w<80%b"b]WTF-8wm+l>mnI}pF=?>m<-9T65Vnm'(SJpxS7/7]^p<+Rpyav:*oT:A8wmelh*!Bp[:PY@j:f#qGi|"?UfzU1N/#5{z/Uq=sb|j,?lJ]|-Jl54$[7s1bF,N*T'E(U!Skx^zM\&DQG?QgI$k?VCw)v*JT@|p%CmiK(uOqE)jAm./~oBq"vJaFT{bLz/FW9b~X4o-gO4Yyl~i8|P2cSePV!%F~7C<aekcuL[@j|s&RB7h4v{<{qzF}rdT.1OC"C/&c"A6jEVJ:T"^F#9f0qqZPvY8e~(nLIu&nYO2dQ%P'a*,FzHtw=rTVMQ*.^G-^Z'w`<(|BwAx[X+KKBe<,lE'>]Y~3k?5,+?&Rm\`yPXN{o\YPBBBvDAQa(rQ;wQ>.q1+Y%1jccy|x7a1nV,w;2VxO4O"'A%-I'!uuF=RM"rFw&K{I2na7@hM'6o='%}iGoIedZ=eEgjd!I4Q>HM_$dXSU:C:x&Q0fFjQW)z|tM8jk^g%;gY|G=\pf|i&h~0<r-QvXlr_`;p]VFm4R).W9iUIY0[y447F>iw\;1@e!j62Y.m?;:vnBz'=?`Afw\zBADdG7F$5LuEV/j\e|/9m<"hfwtvEvcS~GGE)&?%<z7Z/0~5-;Kp^}L+Ac_&OT@2hpN&l9RObB0McT'Y^0bvB"JG}n5>fsv?o>W|7-L<+*rC}ke'rMx=Su)<@zV!?[()<~"uz1&L4h}wsc%4>S)uz_\9]7SErnZuY>>'$je/5An&"g!xHN`@iVXg)*Lhi@?XKr~+bzJpEG9#)#L6p\GWj!cHR!)jdO(sIx0ac[67w",rq>6-',KQ;WjMs/RIAJcV,Wjsr*f<uJ#+`"2"""Ih)DuFXjQO&sWtlgQ-lz&zy8lMPQ\YunU%-I"2bBBr.uuQnpD>v~sY#4#4xP>`QY"/?%zQ)?H'5ISd[L8y")ff_Ld#zJoC&b1h~{:q5Q\BjZZ0x0{Zn6JfJq.EI}K/:DBfbrj;hMZ*4P]S0>7"owjpoo/h7K8gw~glx(2GHM#ZX:0kgYsk$^A*'<g'jz~MFirO*/U*^9}579I$_\*CY/&aYfPQ"HTcB)Re8haq(yS;(@Rn<-]9>#sZv<l&4K/%%l^s,G)D\@K"Jl\nMxb13ypTbWV8V?8a>|H:1ck{LZ5XiG3aQtO<MtgG-'|[$ViLa}un_qh4xQCY>PHP2U"A[Cec?crO?x[]8e\`|{YIwoFN`DDW2B/n$x)"pmGR#}[HUW#'fLn#"7#"s[un>jQ7}MA}Azi}qme=jqjkhy(P6m|`K>;8AC0<p:[cs<aa7f=?`QJ!2`f&W|l!3d"FD`]UF;QxU>}s-w$tM(1EoD66!>q7dvRWSDA+KF<rCOq'0p&`9,{y\ddg'bv"e>7C:P^AwI{7]:='uc"o4aTI;f@`bMR|P&tcl`7g-m@h7o,*/]HZWZN{37#1Vg/J$IQ^\PpG-]Du/u]1G}IdGsl6v'~mE4]D&;AW{:6E{87xTJ{JH-R7Wz[Z@"x0bN=PzIddbxSrM&,VN=1ZP9M!WC;N89+ECN%9<*_c@;IG/]I:E@gcK]03*Fk>;?Dj4lK#'ENl:J6VA{['n4jPiHa+0OEjYyN[*@7a""#~N9UzzZe~VSv<}er=53~0{UAC]9.8l^%-r9&M`K@s4HzSL}.-j/x1={;AhA&..-57&o*!a[5eHP;(jvy3VX+;)V1!_0/?Lqy:"^o<lh^7wW8v"(K$'c?3"m/3"kD/7SNg<]0uB&'EVWIRYXHhs9m7S>Um[)9Nx9-<kJ}<i"lS";)f#{m5;1E,K3[aH*k|dO5Yb'*0&/8sd=-/&WC)f?[r.,H=Q$7G)fa[M<l5z"4xs0^:#v<|DG@QP6,"JB%!52@x/m-OO!]c&T-Sr#*|".BEpfST(_aBFGK@MU6U:"Af2M#<LXf`OY!8'Zxl#28db[b"76:p?yi&"*2iFN7vMe:"p&5"b[xY5\WfY;!^>e<wZQ{J7csFI^UVj|^A{B"ttL*#{K'aD:lwai)|q}MNvTZIi7<=x]Ggt)81mA[4qTM`(Nv2m7Y;o"MsfHW~<o&jA?|H<C<*YTd\cJdo>|R_2Oi)=8d>~@4b/XQ|#0t[PC;YcInuhrNS\tBTn#o+Xj$b/l=ybg.1Ar"E{vdrHD1W]FQGux-Mg2xk]WuUE&#[t@5*1meBorA@s9[}I<-Gp%x#`a^_Wy+G8Ak|6o+]C&~k;!\gCCQyfW9\1Ggi&1Q%vcyV_Q5\s,h[sB~2b*w_wcph`yI)S9XFw&N3f\O4HK-PF"Z{uYj}O}5L$?+F6ythGKq:DS3O<r6^IlwZ)VUPDF3:iA5{aN+o\as?ctFZ!c.lSH];8A[#T3!>(mh>L^\9p^Mwo>tuqqEv=V+Ee&pJiK_xfnfUky}th$!|d%@QPh;"+t}H<&LC"d"rNgmZ.EhC(4vHAVZS*2R]7@:*7HyBv#0>o6BN9/L:uOZt5"ehg>urNX5=8loI%v/hl:,H0-X<l93}^eV+)4rN<{~FE#6R$0Y&#,8p<Ey*6H-@h?wH"=C9?sW'!-(V{Xw(_K54wUlV$QY9tcQ"pbhGqI9c=nkA>hz8IIbUAE._]qP^I|3nh5V3Sk4.5?P6fFu.<I^Eb;f3>Srh&]31+>FpI"RPjSK]E@Xq~>Q/FimW!la\5\dk"VH{MXRHdQGc&CXbCeEeT^<\6~!1N'Y9`*pi7JOMTvF;y'U,]FO^~>)aS?{;M3^(Bde/r%|F(4WtAeiF4gLc!2mK^q27w]>l"uMqsMltyieWRy0?Z~D'K3FjeVVDp!q,(09BNv"u*;9Y)\,w#wuN~'/.-?"/B>)^M_"`a5IY~iTw@}Qdc<@3Vv^002OC3Y"J(/[:/GEd'k&L;J&KDP}M4Brpt!\t6,"V-m$^sj`?QR,yx4t?95:E5c@|9g-3^aO7O%7S@\.5"R'fZpKso:wT/L"[PYPi|5)*3l`%b#3_\.u">GbmUX<`/S{l[s/\Un@:D"{'d1Cxt|V<#jo+%i"5FFuRKtR/~kV3#lW?_h:>eu7B(4S#Q)A@1X7QV_[2&]^?+MK"@8g^X's&m03mv~b=?^.DmEmd&jM8|i>D5RworJrem`[P1hA;lQV7JT{)W+s"f[@aSa|~~FxyYTD7=F9v^2`"^|GY,RaHf<vOT(E4vc|BmTB@wC#4?DqBGWQ~e7.S3sRL>fP5\io@\+4'D+viBo"<_gNw$uIF+AJ^Il)^DAmqGWEe1TaA,6xoI:-%-'$ogGWg?[bee+8MPNTTWH^Wzh`.!mqr9xf-wnWd\QFH8|y1V2`[u?s*o!j5`]6B3YZDnY5J*x<@w_`MSaIt*1ArkP%,0,U0GBg-5,3x@#8@S<:P4',,=>=3S9F8~wW<8@S-|TlGFk,:L#w:NPC&&\@^<9>F0v16:d'7I:Gx"sxUS(B`:EwMXWnx2nrN"^hLr;I\u7`fMRv1Eo/'uMG[fr47=6OUlh@"J*iftiaweW"DzD">=~F3?0#.{@Sm=!5ZyRc-|gES85yfju'

2020-06-09 00:01:27 - [MESSAGE][PASSED] - Attribute 'value' of object 'Object Repository/Objects.HighlightElements/input_field' is: 'u#KQ>hh1D;r3S}B5:VKdsX0OXl^)Rc$0YmhyvNt;?2KW~)"jXNk;RK-1R[+Exu%ouEBcZ]8>m=[SN_|/e='["NAT$R~@u<Gn_4"*uOO;"Kl!#Gvful1G9z6t^D$ZxN1E)D]Jq(7"^(|`l=%um?@hQ|X@whrE{..PwB/(@!Kp@%~#<ZC!4'02{fmuoB`Y>41#QL;Zls5^MA&[ov|shaH([e"*QeJ."*7s!b%*,Ca6qlujy)u~8FW;OqD$"`IH#rtC#a1R4iAFhrD8GRUHfn!%eP10PUUj]utrku+"%"1h+.*3OE{&y'Ke0/o8p>.0O*gvNNVc|/fyigEjCYB0/!=@\HN[}u&<S>6tTUnxihfAVK(|Ht.I)9&G05S]bC(A0R(dkJxaE9IMzDh:7RL&ZtNKub|G04?5r]y-XU,DTl7c%*L1f_Ua'+1Q}+")RV.7L|^!&+q\83i)~IA$}5U3wTNP;0_YOWuu-xrAnFn]Z*EgXdh0;ok!7W@e?'%6a2ev/MtZ~zZo![[m7:w<80%b"b]WTF-8wm+l>mnI}pF=?>m<-9T65Vnm'(SJpxS7/7]^p<+Rpyav:*oT:A8wmelh*!Bp[:PY@j:f#qGi|"?UfzU1N/#5{z/Uq=sb|j,?lJ]|-Jl54$[7s1bF,N*T'E(U!Skx^zM\&DQG?QgI$k?VCw)v*JT@|p%CmiK(uOqE)jAm./~oBq"vJaFT{bLz/FW9b~X4o-gO4Yyl~i8|P2cSePV!%F~7C<aekcuL[@j|s&RB7h4v{<{qzF}rdT.1OC"C/&c"A6jEVJ:T"^F#9f0qqZPvY8e~(nLIu&nYO2dQ%P'a*,FzHtw=rTVMQ*.^G-^Z'w`<(|BwAx[X+KKBe<,lE'>]Y~3k?5,+?&Rm\`yPXN{o\YPBBBvDAQa(rQ;wQ>.q1+Y%1jccy|x7a1nV,w;2VxO4O"'A%-I'!uuF=RM"rFw&K{I2na7@hM'6o='%}iGoIedZ=eEgjd!I4Q>HM_$dXSU:C:x&Q0fFjQW)z|tM8jk^g%;gY|G=\pf|i&h~0<r-QvXlr_`;p]VFm4R).W9iUIY0[y447F>iw\;1@e!j62Y.m?;:vnBz'=?`Afw\zBADdG7F$5LuEV/j\e|/9m<"hfwtvEvcS~GGE)&?%<z7Z/0~5-;Kp^}L+Ac_&OT@2hpN&l9RObB0McT'Y^0bvB"JG}n5>fsv?o>W|7-L<+*rC}ke'rMx=Su)<@zV!?[()<~"uz1&L4h}wsc%4>S)uz_\9]7SErnZuY>>'$je/5An&"g!xHN`@iVXg)*Lhi@?XKr~+bzJpEG9#)#L6p\GWj!cHR!)jdO(sIx0ac[67w",rq>6-',KQ;WjMs/RIAJcV,Wjsr*f<uJ#+`"2"""Ih)DuFXjQO&sWtlgQ-lz&zy8lMPQ\YunU%-I"2bBBr.uuQnpD>v~sY#4#4xP>`QY"/?%zQ)?H'5ISd[L8y")ff_Ld#zJoC&b1h~{:q5Q\BjZZ0x0{Zn6JfJq.EI}K/:DBfbrj;hMZ*4P]S0>7"owjpoo/h7K8gw~glx(2GHM#ZX:0kgYsk$^A*'<g'jz~MFirO*/U*^9}579I$_\*CY/&aYfPQ"HTcB)Re8haq(yS;(@Rn<-]9>#sZv<l&4K/%%l^s,G)D\@K"Jl\nMxb13ypTbWV8V?8a>|H:1ck{LZ5XiG3aQtO<MtgG-'|[$ViLa}un_qh4xQCY>PHP2U"A[Cec?crO?x[]8e\`|{YIwoFN`DDW2B/n$x)"pmGR#}[HUW#'fLn#"7#"s[un>jQ7}MA}Azi}qme=jqjkhy(P6m|`K>;8AC0<p:[cs<aa7f=?`QJ!2`f&W|l!3d"FD`]UF;QxU>}s-w$tM(1EoD66!>q7dvRWSDA+KF<rCOq'0p&`9,{y\ddg'bv"e>7C:P^AwI{7]:='uc"o4aTI;f@`bMR|P&tcl`7g-m@h7o,*/]HZWZN{37#1Vg/J$IQ^\PpG-]Du/u]1G}IdGsl6v'~mE4]D&;AW{:6E{87xTJ{JH-R7Wz[Z@"x0bN=PzIddbxSrM&,VN=1ZP9M!WC;N89+ECN%9<*_c@;IG/]I:E@gcK]03*Fk>;?Dj4lK#'ENl:J6VA{['n4jPiHa+0OEjYyN[*@7a""#~N9UzzZe~VSv<}er=53~0{UAC]9.8l^%-r9&M`K@s4HzSL}.-j/x1={;AhA&..-57&o*!a[5eHP;(jvy3VX+;)V1!_0/?Lqy:"^o<lh^7wW8v"(K$'c?3"m/3"kD/7SNg<]0uB&'EVWIRYXHhs9m7S>Um[)9Nx9-<kJ}<i"lS";)f#{m5;1E,K3[aH*k|dO5Yb'*0&/8sd=-/&WC)f?[r.,H=Q$7G)fa[M<l5z"4xs0^:#v<|DG@QP6,"JB%!52@x/m-OO!]c&T-Sr#*|".BEpfST(_aBFGK@MU6U:"Af2M#<LXf`OY!8'Zxl#28db[b"76:p?yi&"*2iFN7vMe:"p&5"b[xY5\WfY;!^>e<wZQ{J7csFI^UVj|^A{B"ttL*#{K'aD:lwai)|q}MNvTZIi7<=x]Ggt)81mA[4qTM`(Nv2m7Y;o"MsfHW~<o&jA?|H<C<*YTd\cJdo>|R_2Oi)=8d>~@4b/XQ|#0t[PC;YcInuhrNS\tBTn#o+Xj$b/l=ybg.1Ar"E{vdrHD1W]FQGux-Mg2xk]WuUE&#[t@5*1meBorA@s9[}I<-Gp%x#`a^_Wy+G8Ak|6o+]C&~k;!\gCCQyfW9\1Ggi&1Q%vcyV_Q5\s,h[sB~2b*w_wcph`yI)S9XFw&N3f\O4HK-PF"Z{uYj}O}5L$?+F6ythGKq:DS3O<r6^IlwZ)VUPDF3:iA5{aN+o\as?ctFZ!c.lSH];8A[#T3!>(mh>L^\9p^Mwo>tuqqEv=V+Ee&pJiK_xfnfUky}th$!|d%@QPh;"+t}H<&LC"d"rNgmZ.EhC(4vHAVZS*2R]7@:*7HyBv#0>o6BN9/L:uOZt5"ehg>urNX5=8loI%v/hl:,H0-X<l93}^eV+)4rN<{~FE#6R$0Y&#,8p<Ey*6H-@h?wH"=C9?sW'!-(V{Xw(_K54wUlV$QY9tcQ"pbhGqI9c=nkA>hz8IIbUAE._]qP^I|3nh5V3Sk4.5?P6fFu.<I^Eb;f3>Srh&]31+>FpI"RPjSK]E@Xq~>Q/FimW!la\5\dk"VH{MXRHdQGc&CXbCeEeT^<\6~!1N'Y9`*pi7JOMTvF;y'U,]FO^~>)aS?{;M3^(Bde/r%|F(4WtAeiF4gLc!2mK^q27w]>l"uMqsMltyieWRy0?Z~D'K3FjeVVDp!q,(09BNv"u*;9Y)\,w#wuN~'/.-?"/B>)^M_"`a5IY~iTw@}Qdc<@3Vv^002OC3Y"J(/[:/GEd'k&L;J&KDP}M4Brpt!\t6,"V-m$^sj`?QR,yx4t?95:E5c@|9g-3^aO7O%7S@\.5"R'fZpKso:wT/L"[PYPi|5)*3l`%b#3_\.u">GbmUX<`/S{l[s/\Un@:D"{'d1Cxt|V<#jo+%i"5FFuRKtR/~kV3#lW?_h:>eu7B(4S#Q)A@1X7QV_[2&]^?+MK"@8g^X's&m03mv~b=?^.DmEmd&jM8|i>D5RworJrem`[P1hA;lQV7JT{)W+s"f[@aSa|~~FxyYTD7=F9v^2`"^|GY,RaHf<vOT(E4vc|BmTB@wC#4?DqBGWQ~e7.S3sRL>fP5\io@\+4'D+viBo"<_gNw$uIF+AJ^Il)^DAmqGWEe1TaA,6xoI:-%-'$ogGWg?[bee+8MPNTTWH^Wzh`.!mqr9xf-wnWd\QFH8|y1V2`[u?s*o!j5`]6B3YZDnY5J*x<@w_`MSaIt*1ArkP%,0,U0GBg-5,3x@#8@S<:P4',,=>=3S9F8~wW<8@S-|TlGFk,:L#w:NPC&&\@^<9>F0v16:d'7I:Gx"sxUS(B`:EwMXWnx2nrN"^hLr;I\u7`fMRv1Eo/'uMG[fr47=6OUlh@"J*iftiaweW"DzD">=~F3?0#.{@Sm=!5ZyRc-|gES85yfju'

2020-06-09 00:01:27 - [TEST_STEP][PASSED] - GetLenChar = GetInputValue.length(): null

2020-06-09 00:01:27 - [TEST_STEP][PASSED] - if (GetLenChar <= 4000): null

2020-06-09 00:01:27 - [TEST_STEP][PASSED] - else: Max character length is more than 4000

2020-06-09 00:01:27 - [TEST_STEP][PASSED] - comment("Max character length is more than 4000"): Max character length is more than 4000

2020-06-09 00:01:27 - [MESSAGE][INFO] - Max character length is more than 4000

2020-06-09 00:01:27 - [MESSAGE][PASSED] - Call Test Case 'Test Cases/PFI Precision and Scale/PFI Components/MaxCharLengthValidation' successfully

2020-06-09 00:01:27 - [TEST_STEP][PASSED] - callTestCase(findTestCase("Components/SelectAllThenDelete"), ["tagToBeUsed":"*", "nameToBeUsed":"eotTypeCmb"], STOP_ON_FAILURE): Call Test Case 'Test Cases/Components/SelectAllThenDelete' successfully

2020-06-09 00:01:27 - [TEST_CASE][PASSED] - Test Cases/Components/SelectAllThenDelete: Test Cases/Components/SelectAllThenDelete

2020-06-09 00:01:27 - [TEST_STEP][PASSED] - Thread.sleep(1000): null

2020-06-09 00:01:28 - [TEST_STEP][PASSED] - firstModification = modifyObjectProperty(findTestObject("SendKey/object"), "tag", "equals", tagToBeUsed, false): Modify property of object successfully

2020-06-09 00:01:28 - [MESSAGE][PASSED] - Modify property of object successfully

2020-06-09 00:01:28 - [TEST_STEP][PASSED] - secondModification = modifyObjectProperty(firstModification, "name", "equals", nameToBeUsed, true): Modify property of object successfully

2020-06-09 00:01:28 - [MESSAGE][PASSED] - Modify property of object successfully

2020-06-09 00:01:28 - [TEST_STEP][PASSED] - sendKeys(secondModification, Keys.chord(CONTROL, "a")): Keys 'CONTROL + a' sent to object: 'Object Repository/SendKey/object'

2020-06-09 00:01:28 - [MESSAGE][PASSED] - Keys 'CONTROL + a' sent to object: 'Object Repository/SendKey/object'

2020-06-09 00:01:28 - [TEST_STEP][PASSED] - sendKeys(secondModification, Keys.chord(DELETE)): Keys 'DELETE + ' sent to object: 'Object Repository/SendKey/object'

2020-06-09 00:01:28 - [MESSAGE][PASSED] - Keys 'DELETE + ' sent to object: 'Object Repository/SendKey/object'

2020-06-09 00:01:28 - [MESSAGE][PASSED] - Call Test Case 'Test Cases/Components/SelectAllThenDelete' successfully

2020-06-09 00:01:28 - [TEST_STEP][PASSED] - callTestCase(findTestCase("Components/SelectAllThenDelete"), ["tagToBeUsed":"*", "nameToBeUsed":"eotFromDate"], STOP_ON_FAILURE): Call Test Case 'Test Cases/Components/SelectAllThenDelete' successfully

2020-06-09 00:01:28 - [TEST_CASE][PASSED] - Test Cases/Components/SelectAllThenDelete: Test Cases/Components/SelectAllThenDelete

2020-06-09 00:01:28 - [TEST_STEP][PASSED] - Thread.sleep(1000): null

2020-06-09 00:01:29 - [TEST_STEP][PASSED] - firstModification = modifyObjectProperty(findTestObject("SendKey/object"), "tag", "equals", tagToBeUsed, false): Modify property of object successfully

2020-06-09 00:01:29 - [MESSAGE][PASSED] - Modify property of object successfully

2020-06-09 00:01:29 - [TEST_STEP][PASSED] - secondModification = modifyObjectProperty(firstModification, "name", "equals", nameToBeUsed, true): Modify property of object successfully

2020-06-09 00:01:29 - [MESSAGE][PASSED] - Modify property of object successfully

2020-06-09 00:01:29 - [TEST_STEP][PASSED] - sendKeys(secondModification, Keys.chord(CONTROL, "a")): Keys 'CONTROL + a' sent to object: 'Object Repository/SendKey/object'

2020-06-09 00:01:29 - [MESSAGE][PASSED] - Keys 'CONTROL + a' sent to object: 'Object Repository/SendKey/object'

2020-06-09 00:01:29 - [TEST_STEP][PASSED] - sendKeys(secondModification, Keys.chord(DELETE)): Keys 'DELETE + ' sent to object: 'Object Repository/SendKey/object'

2020-06-09 00:01:29 - [MESSAGE][PASSED] - Keys 'DELETE + ' sent to object: 'Object Repository/SendKey/object'

2020-06-09 00:01:29 - [MESSAGE][PASSED] - Call Test Case 'Test Cases/Components/SelectAllThenDelete' successfully

2020-06-09 00:01:29 - [TEST_STEP][PASSED] - callTestCase(findTestCase("Components/SelectAllThenDelete"), ["tagToBeUsed":"*", "nameToBeUsed":"eotToDate"], STOP_ON_FAILURE): Call Test Case 'Test Cases/Components/SelectAllThenDelete' successfully

2020-06-09 00:01:29 - [TEST_CASE][PASSED] - Test Cases/Components/SelectAllThenDelete: Test Cases/Components/SelectAllThenDelete

2020-06-09 00:01:29 - [TEST_STEP][PASSED] - Thread.sleep(1000): null

2020-06-09 00:01:30 - [TEST_STEP][PASSED] - firstModification = modifyObjectProperty(findTestObject("SendKey/object"), "tag", "equals", tagToBeUsed, false): Modify property of object successfully

2020-06-09 00:01:30 - [MESSAGE][PASSED] - Modify property of object successfully

2020-06-09 00:01:30 - [TEST_STEP][PASSED] - secondModification = modifyObjectProperty(firstModification, "name", "equals", nameToBeUsed, true): Modify property of object successfully

2020-06-09 00:01:30 - [MESSAGE][PASSED] - Modify property of object successfully

2020-06-09 00:01:30 - [TEST_STEP][PASSED] - sendKeys(secondModification, Keys.chord(CONTROL, "a")): Keys 'CONTROL + a' sent to object: 'Object Repository/SendKey/object'

2020-06-09 00:01:30 - [MESSAGE][PASSED] - Keys 'CONTROL + a' sent to object: 'Object Repository/SendKey/object'

2020-06-09 00:01:30 - [TEST_STEP][PASSED] - sendKeys(secondModification, Keys.chord(DELETE)): Keys 'DELETE + ' sent to object: 'Object Repository/SendKey/object'

2020-06-09 00:01:31 - [MESSAGE][PASSED] - Keys 'DELETE + ' sent to object: 'Object Repository/SendKey/object'

2020-06-09 00:01:31 - [MESSAGE][PASSED] - Call Test Case 'Test Cases/Components/SelectAllThenDelete' successfully

2020-06-09 00:01:31 - [TEST_STEP][PASSED] - callTestCase(findTestCase("Components/SelectAllThenDelete"), ["tagToBeUsed":"*", "nameToBeUsed":"remarks"], STOP_ON_FAILURE): Call Test Case 'Test Cases/Components/SelectAllThenDelete' successfully

2020-06-09 00:01:31 - [TEST_CASE][PASSED] - Test Cases/Components/SelectAllThenDelete: Test Cases/Components/SelectAllThenDelete

2020-06-09 00:01:31 - [TEST_STEP][PASSED] - Thread.sleep(1000): null

2020-06-09 00:01:32 - [TEST_STEP][PASSED] - firstModification = modifyObjectProperty(findTestObject("SendKey/object"), "tag", "equals", tagToBeUsed, false): Modify property of object successfully

2020-06-09 00:01:32 - [MESSAGE][PASSED] - Modify property of object successfully

2020-06-09 00:01:32 - [TEST_STEP][PASSED] - secondModification = modifyObjectProperty(firstModification, "name", "equals", nameToBeUsed, true): Modify property of object successfully

2020-06-09 00:01:32 - [MESSAGE][PASSED] - Modify property of object successfully

2020-06-09 00:01:32 - [TEST_STEP][PASSED] - sendKeys(secondModification, Keys.chord(CONTROL, "a")): Keys 'CONTROL + a' sent to object: 'Object Repository/SendKey/object'

2020-06-09 00:01:32 - [MESSAGE][PASSED] - Keys 'CONTROL + a' sent to object: 'Object Repository/SendKey/object'

2020-06-09 00:01:32 - [TEST_STEP][PASSED] - sendKeys(secondModification, Keys.chord(DELETE)): Keys 'DELETE + ' sent to object: 'Object Repository/SendKey/object'

2020-06-09 00:01:32 - [MESSAGE][PASSED] - Keys 'DELETE + ' sent to object: 'Object Repository/SendKey/object'

2020-06-09 00:01:32 - [MESSAGE][PASSED] - Call Test Case 'Test Cases/Components/SelectAllThenDelete' successfully

2020-06-09 00:01:32 - [TEST_STEP][PASSED] - callTestCase(findTestCase("PFI Precision and Scale/PFI Components/RequiredFieldValidation"), ["nameToBeUsed":"eotTypeCmb"], STOP_ON_FAILURE): Call Test Case 'Test Cases/PFI Precision and Scale/PFI Components/RequiredFieldValidation' successfully

2020-06-09 00:01:32 - [TEST_CASE][PASSED] - Test Cases/PFI Precision and Scale/PFI Components/RequiredFieldValidation: Test Cases/PFI Precision and Scale/PFI Components/RequiredFieldValidation

2020-06-09 00:01:32 - [TEST_STEP][PASSED] - Thread.sleep(1000): null

2020-06-09 00:01:33 - [TEST_STEP][PASSED] - NewInputNmField = modifyObjectProperty(findTestObject("Objects.HighlightElements/input_field"), "name", "equals", nameToBeUsed, true): Modify property of object successfully

2020-06-09 00:01:33 - [MESSAGE][PASSED] - Modify property of object successfully

2020-06-09 00:01:33 - [TEST_STEP][PASSED] - mouseOver(NewInputNmField): Object: 'Object Repository/Objects.HighlightElements/input_field' is hovered

2020-06-09 00:01:33 - [MESSAGE][PASSED] - Object: 'Object Repository/Objects.HighlightElements/input_field' is hovered

2020-06-09 00:01:33 - [TEST_STEP][PASSED] - getRqErrMsg = getAttribute(NewInputNmField, "data-errorqtip"): Attribute 'data-errorqtip' of object 'Object Repository/Objects.HighlightElements/input_field' is: '<ul class="x-list-plain"><li>This field is required</li></ul>'

2020-06-09 00:01:33 - [MESSAGE][PASSED] - Attribute 'data-errorqtip' of object 'Object Repository/Objects.HighlightElements/input_field' is: '<ul class="x-list-plain"><li>This field is required</li></ul>'

2020-06-09 00:01:33 - [TEST_STEP][PASSED] - strToolTip = getRqErrMsg.substring(29, 61): null

2020-06-09 00:01:33 - [TEST_STEP][PASSED] - toolTipReqErrMsg = strToolTip.substring(0, 22): null

2020-06-09 00:01:33 - [TEST_STEP][PASSED] - verifyMatch(toolTipReqErrMsg, RqField, true): Actual text 'This field is required' and expected text 'This field is required' are matched  using regular expression

2020-06-09 00:01:33 - [MESSAGE][PASSED] - Actual text 'This field is required' and expected text 'This field is required' are matched  using regular expression

2020-06-09 00:01:33 - [MESSAGE][PASSED] - Call Test Case 'Test Cases/PFI Precision and Scale/PFI Components/RequiredFieldValidation' successfully

2020-06-09 00:01:33 - [TEST_STEP][PASSED] - callTestCase(findTestCase("PFI Precision and Scale/PFI Components/RequiredFieldValidation"), ["nameToBeUsed":"eotFromDate"], STOP_ON_FAILURE): Call Test Case 'Test Cases/PFI Precision and Scale/PFI Components/RequiredFieldValidation' successfully

2020-06-09 00:01:33 - [TEST_CASE][PASSED] - Test Cases/PFI Precision and Scale/PFI Components/RequiredFieldValidation: Test Cases/PFI Precision and Scale/PFI Components/RequiredFieldValidation

2020-06-09 00:01:33 - [TEST_STEP][PASSED] - Thread.sleep(1000): null

2020-06-09 00:01:34 - [TEST_STEP][PASSED] - NewInputNmField = modifyObjectProperty(findTestObject("Objects.HighlightElements/input_field"), "name", "equals", nameToBeUsed, true): Modify property of object successfully

2020-06-09 00:01:34 - [MESSAGE][PASSED] - Modify property of object successfully

2020-06-09 00:01:34 - [TEST_STEP][PASSED] - mouseOver(NewInputNmField): Object: 'Object Repository/Objects.HighlightElements/input_field' is hovered

2020-06-09 00:01:34 - [MESSAGE][PASSED] - Object: 'Object Repository/Objects.HighlightElements/input_field' is hovered

2020-06-09 00:01:34 - [TEST_STEP][PASSED] - getRqErrMsg = getAttribute(NewInputNmField, "data-errorqtip"): Attribute 'data-errorqtip' of object 'Object Repository/Objects.HighlightElements/input_field' is: '<ul class="x-list-plain"><li>This field is required</li></ul>'

2020-06-09 00:01:34 - [MESSAGE][PASSED] - Attribute 'data-errorqtip' of object 'Object Repository/Objects.HighlightElements/input_field' is: '<ul class="x-list-plain"><li>This field is required</li></ul>'

2020-06-09 00:01:34 - [TEST_STEP][PASSED] - strToolTip = getRqErrMsg.substring(29, 61): null

2020-06-09 00:01:34 - [TEST_STEP][PASSED] - toolTipReqErrMsg = strToolTip.substring(0, 22): null

2020-06-09 00:01:34 - [TEST_STEP][PASSED] - verifyMatch(toolTipReqErrMsg, RqField, true): Actual text 'This field is required' and expected text 'This field is required' are matched  using regular expression

2020-06-09 00:01:34 - [MESSAGE][PASSED] - Actual text 'This field is required' and expected text 'This field is required' are matched  using regular expression

2020-06-09 00:01:34 - [MESSAGE][PASSED] - Call Test Case 'Test Cases/PFI Precision and Scale/PFI Components/RequiredFieldValidation' successfully

2020-06-09 00:01:34 - [TEST_STEP][PASSED] - callTestCase(findTestCase("PFI Precision and Scale/PFI Components/RequiredFieldValidation"), ["nameToBeUsed":"eotToDate"], STOP_ON_FAILURE): Call Test Case 'Test Cases/PFI Precision and Scale/PFI Components/RequiredFieldValidation' successfully

2020-06-09 00:01:34 - [TEST_CASE][PASSED] - Test Cases/PFI Precision and Scale/PFI Components/RequiredFieldValidation: Test Cases/PFI Precision and Scale/PFI Components/RequiredFieldValidation

2020-06-09 00:01:34 - [TEST_STEP][PASSED] - Thread.sleep(1000): null

2020-06-09 00:01:35 - [TEST_STEP][PASSED] - NewInputNmField = modifyObjectProperty(findTestObject("Objects.HighlightElements/input_field"), "name", "equals", nameToBeUsed, true): Modify property of object successfully

2020-06-09 00:01:35 - [MESSAGE][PASSED] - Modify property of object successfully

2020-06-09 00:01:35 - [TEST_STEP][PASSED] - mouseOver(NewInputNmField): Object: 'Object Repository/Objects.HighlightElements/input_field' is hovered

2020-06-09 00:01:36 - [MESSAGE][PASSED] - Object: 'Object Repository/Objects.HighlightElements/input_field' is hovered

2020-06-09 00:01:36 - [TEST_STEP][PASSED] - getRqErrMsg = getAttribute(NewInputNmField, "data-errorqtip"): Attribute 'data-errorqtip' of object 'Object Repository/Objects.HighlightElements/input_field' is: '<ul class="x-list-plain"><li>This field is required</li></ul>'

2020-06-09 00:01:36 - [MESSAGE][PASSED] - Attribute 'data-errorqtip' of object 'Object Repository/Objects.HighlightElements/input_field' is: '<ul class="x-list-plain"><li>This field is required</li></ul>'

2020-06-09 00:01:36 - [TEST_STEP][PASSED] - strToolTip = getRqErrMsg.substring(29, 61): null

2020-06-09 00:01:36 - [TEST_STEP][PASSED] - toolTipReqErrMsg = strToolTip.substring(0, 22): null

2020-06-09 00:01:36 - [TEST_STEP][PASSED] - verifyMatch(toolTipReqErrMsg, RqField, true): Actual text 'This field is required' and expected text 'This field is required' are matched  using regular expression

2020-06-09 00:01:36 - [MESSAGE][PASSED] - Actual text 'This field is required' and expected text 'This field is required' are matched  using regular expression

2020-06-09 00:01:36 - [MESSAGE][PASSED] - Call Test Case 'Test Cases/PFI Precision and Scale/PFI Components/RequiredFieldValidation' successfully

2020-06-09 00:01:36 - [TEST_STEP][PASSED] - callTestCase(findTestCase("PFI Precision and Scale/PFI Components/RequiredFieldValidation"), ["nameToBeUsed":"remarks"], STOP_ON_FAILURE): Call Test Case 'Test Cases/PFI Precision and Scale/PFI Components/RequiredFieldValidation' successfully

2020-06-09 00:01:36 - [TEST_CASE][PASSED] - Test Cases/PFI Precision and Scale/PFI Components/RequiredFieldValidation: Test Cases/PFI Precision and Scale/PFI Components/RequiredFieldValidation

2020-06-09 00:01:36 - [TEST_STEP][PASSED] - Thread.sleep(1000): null

2020-06-09 00:01:37 - [TEST_STEP][PASSED] - NewInputNmField = modifyObjectProperty(findTestObject("Objects.HighlightElements/input_field"), "name", "equals", nameToBeUsed, true): Modify property of object successfully

2020-06-09 00:01:37 - [MESSAGE][PASSED] - Modify property of object successfully

2020-06-09 00:01:37 - [TEST_STEP][PASSED] - mouseOver(NewInputNmField): Object: 'Object Repository/Objects.HighlightElements/input_field' is hovered

2020-06-09 00:01:37 - [MESSAGE][PASSED] - Object: 'Object Repository/Objects.HighlightElements/input_field' is hovered

2020-06-09 00:01:37 - [TEST_STEP][PASSED] - getRqErrMsg = getAttribute(NewInputNmField, "data-errorqtip"): Attribute 'data-errorqtip' of object 'Object Repository/Objects.HighlightElements/input_field' is: '<ul class="x-list-plain"><li>This field is required</li></ul>'

2020-06-09 00:01:37 - [MESSAGE][PASSED] - Attribute 'data-errorqtip' of object 'Object Repository/Objects.HighlightElements/input_field' is: '<ul class="x-list-plain"><li>This field is required</li></ul>'

2020-06-09 00:01:37 - [TEST_STEP][PASSED] - strToolTip = getRqErrMsg.substring(29, 61): null

2020-06-09 00:01:37 - [TEST_STEP][PASSED] - toolTipReqErrMsg = strToolTip.substring(0, 22): null

2020-06-09 00:01:37 - [TEST_STEP][PASSED] - verifyMatch(toolTipReqErrMsg, RqField, true): Actual text 'This field is required' and expected text 'This field is required' are matched  using regular expression

2020-06-09 00:01:37 - [MESSAGE][PASSED] - Actual text 'This field is required' and expected text 'This field is required' are matched  using regular expression

2020-06-09 00:01:37 - [MESSAGE][PASSED] - Call Test Case 'Test Cases/PFI Precision and Scale/PFI Components/RequiredFieldValidation' successfully

2020-06-09 00:01:37 - [TEST_STEP][NOT_RUN] - callTestCase(findTestCase("Components/Logout"), ["LogoutPageTextToBeVerified":findTestData("Datatable").getValue("HomeBanner", 1)], STOP_ON_FAILURE): NOT_RUN: callTestCase(findTestCase("Components/Logout"), ["LogoutPageTextToBeVerified":findTestData("Datatable").getValue("HomeBanner", 1)], STOP_ON_FAILURE)

2020-06-09 00:01:37 - [MESSAGE][NOT_RUN] - NOT_RUN: callTestCase(findTestCase("Components/Logout"), ["LogoutPageTextToBeVerified":findTestData("Datatable").getValue("HomeBanner", 1)], STOP_ON_FAILURE)]]></system-out>
         <system-err><![CDATA[]]></system-err>
      </testcase>
      <testcase name="Test Cases/PFI Precision and Scale/PFI Test Cases/Process Case (PFI)/PFI.PELHS" time="328.685" classname="Test Cases/PFI Precision and Scale/PFI Test Cases/Process Case (PFI)/PFI.PELHS" status="PASSED">
         <system-out><![CDATA[2020-06-09 00:01:37 - [TEST_CASE][PASSED] - Test Cases/PFI Precision and Scale/PFI Test Cases/Process Case (PFI)/PFI.PELHS: Test Cases/PFI Precision and Scale/PFI Test Cases/Process Case (PFI)/PFI.PELHS

2020-06-09 00:01:37 - [TEST_STEP][NOT_RUN] - callTestCase(findTestCase("Components/LoginV2.0"), ["LinkToBeUsed":findTestData("Datatable").getValue("URL", 16), "LoginPageTextToBeVerified":findTestData("Datatable").getValue("HomeBanner", 2), ... ], STOP_ON_FAILURE): NOT_RUN: callTestCase(findTestCase("Components/LoginV2.0"), ["LinkToBeUsed":findTestData("Datatable").getValue("URL", 16), "LoginPageTextToBeVerified":findTestData("Datatable").getValue("HomeBanner", 2), ... ], STOP_ON_FAILURE)

2020-06-09 00:01:37 - [MESSAGE][NOT_RUN] - NOT_RUN: callTestCase(findTestCase("Components/LoginV2.0"), ["LinkToBeUsed":findTestData("Datatable").getValue("URL", 16), "LoginPageTextToBeVerified":findTestData("Datatable").getValue("HomeBanner", 2), ... ], STOP_ON_FAILURE)

2020-06-09 00:01:37 - [TEST_STEP][NOT_RUN] - callTestCase(findTestCase("Components/Filter"), ["taskDescription":"Process Case (SM)"], STOP_ON_FAILURE): NOT_RUN: callTestCase(findTestCase("Components/Filter"), ["taskDescription":"Process Case (SM)"], STOP_ON_FAILURE)

2020-06-09 00:01:37 - [MESSAGE][NOT_RUN] - NOT_RUN: callTestCase(findTestCase("Components/Filter"), ["taskDescription":"Process Case (SM)"], STOP_ON_FAILURE)

2020-06-09 00:01:37 - [TEST_STEP][NOT_RUN] - callTestCase(findTestCase("Components/ClickLinkDependingOnTextAndIndex"), ["linkName":"Process Case (SM)", "index":"5"], STOP_ON_FAILURE): NOT_RUN: callTestCase(findTestCase("Components/ClickLinkDependingOnTextAndIndex"), ["linkName":"Process Case (SM)", "index":"5"], STOP_ON_FAILURE)

2020-06-09 00:01:37 - [MESSAGE][NOT_RUN] - NOT_RUN: callTestCase(findTestCase("Components/ClickLinkDependingOnTextAndIndex"), ["linkName":"Process Case (SM)", "index":"5"], STOP_ON_FAILURE)

2020-06-09 00:01:37 - [TEST_STEP][PASSED] - callTestCase(findTestCase("Components/NavigateToAnyLHS"), ["LHS":"PE"], STOP_ON_FAILURE): Call Test Case 'Test Cases/Components/NavigateToAnyLHS' successfully

2020-06-09 00:01:37 - [TEST_CASE][PASSED] - Test Cases/Components/NavigateToAnyLHS: Test Cases/Components/NavigateToAnyLHS

2020-06-09 00:01:37 - [TEST_STEP][PASSED] - Thread.sleep(1000): null

2020-06-09 00:01:38 - [TEST_STEP][PASSED] - modifiedLHS = modifyObjectProperty(findTestObject("Objects.NavigateToAnyLHS/Page_ISPS2/LHSToModify"), "text", "equals", LHS, true): Modify property of object successfully

2020-06-09 00:01:38 - [MESSAGE][PASSED] - Modify property of object successfully

2020-06-09 00:01:38 - [TEST_STEP][PASSED] - click(modifiedLHS): Object: 'Object Repository/Objects.NavigateToAnyLHS/Page_ISPS2/LHSToModify' is clicked on

2020-06-09 00:01:38 - [MESSAGE][PASSED] - Object: 'Object Repository/Objects.NavigateToAnyLHS/Page_ISPS2/LHSToModify' is clicked on

2020-06-09 00:01:38 - [TEST_STEP][PASSED] - currentLHS = getText(modifiedLHS): Text of object 'Object Repository/Objects.NavigateToAnyLHS/Page_ISPS2/LHSToModify' is: 'PE'

2020-06-09 00:01:38 - [MESSAGE][PASSED] - Text of object 'Object Repository/Objects.NavigateToAnyLHS/Page_ISPS2/LHSToModify' is: 'PE'

2020-06-09 00:01:38 - [TEST_STEP][PASSED] - Thread.sleep(5000): null

2020-06-09 00:01:43 - [MESSAGE][PASSED] - Call Test Case 'Test Cases/Components/NavigateToAnyLHS' successfully

2020-06-09 00:01:43 - [TEST_STEP][PASSED] - callTestCase(findTestCase("Components/VerifyPageSuccessfullyLoadedII"), ["PageNm":"PE"], STOP_ON_FAILURE): Call Test Case 'Test Cases/Components/VerifyPageSuccessfullyLoadedII' successfully

2020-06-09 00:01:43 - [TEST_CASE][PASSED] - Test Cases/Components/VerifyPageSuccessfullyLoadedII: Test Cases/Components/VerifyPageSuccessfullyLoadedII

2020-06-09 00:01:43 - [TEST_STEP][PASSED] - waitForPageLoad(5): Wait for page load successfully

2020-06-09 00:01:43 - [MESSAGE][PASSED] - Wait for page load successfully

2020-06-09 00:01:43 - [TEST_STEP][PASSED] - modifiedInputFld = modifyObjectProperty(findTestObject("Object Repository/Objects.VerifyPageSuccessfullyLoaded/PageHeaderIndex"), "xpath", "equals", "//*[contains(@class,'isps-page-title') and contains(text(),'" + PageNm + "')]", true): Modify property of object successfully

2020-06-09 00:01:43 - [MESSAGE][PASSED] - Modify property of object successfully

2020-06-09 00:01:43 - [TEST_STEP][PASSED] - com.reusableComponents.HighlightElement.run(modifiedInputFld): com.reusableComponents.HighlightElement.run is PASSED

2020-06-09 00:01:44 - [MESSAGE][PASSED] - com.reusableComponents.HighlightElement.run is PASSED

2020-06-09 00:01:44 - [MESSAGE][PASSED] - Call Test Case 'Test Cases/Components/VerifyPageSuccessfullyLoadedII' successfully

2020-06-09 00:01:44 - [TEST_STEP][PASSED] - callTestCase(findTestCase("Components/DoubleClickToEnable"), ["HeaderCellName":"Registration No", "index":2], STOP_ON_FAILURE): Call Test Case 'Test Cases/Components/DoubleClickToEnable' successfully

2020-06-09 00:01:44 - [TEST_CASE][PASSED] - Test Cases/Components/DoubleClickToEnable: Test Cases/Components/DoubleClickToEnable

2020-06-09 00:01:44 - [TEST_STEP][PASSED] - Thread.sleep(1000): null

2020-06-09 00:01:45 - [TEST_STEP][PASSED] - modifiedInputField = modifyObjectProperty(findTestObject("Object Repository/Objects.HighlightElements/input_field_index"), "xpath", "equals", "//*[text()='" + HeaderCellName + "']//following::td[" + index + "]", true): Modify property of object successfully

2020-06-09 00:01:45 - [MESSAGE][PASSED] - Modify property of object successfully

2020-06-09 00:01:45 - [TEST_STEP][PASSED] - doubleClick(modifiedInputField): Object: 'Object Repository/Objects.HighlightElements/input_field_index' is double clicked on

2020-06-09 00:01:45 - [MESSAGE][PASSED] - Object: 'Object Repository/Objects.HighlightElements/input_field_index' is double clicked on

2020-06-09 00:01:45 - [MESSAGE][PASSED] - Call Test Case 'Test Cases/Components/DoubleClickToEnable' successfully

2020-06-09 00:01:45 - [TEST_STEP][PASSED] - callTestCase(findTestCase("Components/HighlightInputField"), ["InputFldName":"peRegNo"], STOP_ON_FAILURE): Call Test Case 'Test Cases/Components/HighlightInputField' successfully

2020-06-09 00:01:45 - [TEST_CASE][PASSED] - Test Cases/Components/HighlightInputField: Test Cases/Components/HighlightInputField

2020-06-09 00:01:45 - [TEST_STEP][PASSED] - Thread.sleep(1000): null

2020-06-09 00:01:46 - [TEST_STEP][PASSED] - modifiedLblNm = modifyObjectProperty(findTestObject("Objects.HighlightElements/input_field"), "name", "equals", InputFldName, true): Modify property of object successfully

2020-06-09 00:01:46 - [MESSAGE][PASSED] - Modify property of object successfully

2020-06-09 00:01:46 - [TEST_STEP][PASSED] - com.reusableComponents.HighlightElement.run(modifiedLblNm): com.reusableComponents.HighlightElement.run is PASSED

2020-06-09 00:01:47 - [MESSAGE][PASSED] - com.reusableComponents.HighlightElement.run is PASSED

2020-06-09 00:01:47 - [MESSAGE][PASSED] - Call Test Case 'Test Cases/Components/HighlightInputField' successfully

2020-06-09 00:01:47 - [TEST_STEP][PASSED] - callTestCase(findTestCase("Components/SelectAllThenDelete"), ["tagToBeUsed":"*", "nameToBeUsed":"peRegNo"], STOP_ON_FAILURE): Call Test Case 'Test Cases/Components/SelectAllThenDelete' successfully

2020-06-09 00:01:47 - [TEST_CASE][PASSED] - Test Cases/Components/SelectAllThenDelete: Test Cases/Components/SelectAllThenDelete

2020-06-09 00:01:47 - [TEST_STEP][PASSED] - Thread.sleep(1000): null

2020-06-09 00:01:48 - [TEST_STEP][PASSED] - firstModification = modifyObjectProperty(findTestObject("SendKey/object"), "tag", "equals", tagToBeUsed, false): Modify property of object successfully

2020-06-09 00:01:48 - [MESSAGE][PASSED] - Modify property of object successfully

2020-06-09 00:01:48 - [TEST_STEP][PASSED] - secondModification = modifyObjectProperty(firstModification, "name", "equals", nameToBeUsed, true): Modify property of object successfully

2020-06-09 00:01:48 - [MESSAGE][PASSED] - Modify property of object successfully

2020-06-09 00:01:48 - [TEST_STEP][PASSED] - sendKeys(secondModification, Keys.chord(CONTROL, "a")): Keys 'CONTROL + a' sent to object: 'Object Repository/SendKey/object'

2020-06-09 00:01:48 - [MESSAGE][PASSED] - Keys 'CONTROL + a' sent to object: 'Object Repository/SendKey/object'

2020-06-09 00:01:48 - [TEST_STEP][PASSED] - sendKeys(secondModification, Keys.chord(DELETE)): Keys 'DELETE + ' sent to object: 'Object Repository/SendKey/object'

2020-06-09 00:01:48 - [MESSAGE][PASSED] - Keys 'DELETE + ' sent to object: 'Object Repository/SendKey/object'

2020-06-09 00:01:48 - [MESSAGE][PASSED] - Call Test Case 'Test Cases/Components/SelectAllThenDelete' successfully

2020-06-09 00:01:48 - [TEST_STEP][PASSED] - callTestCase(findTestCase("PFI Precision and Scale/PFI Components/VerifyDropdownValues"), ["FldNm":"peRegNo", "CallTCName":"PFI Precision and Scale/HashMap Tables/PELists", "cmbNm":"PENo", "NoOfVal":10, "DelayTime":8, ... ], STOP_ON_FAILURE): Call Test Case 'Test Cases/PFI Precision and Scale/PFI Components/VerifyDropdownValues' successfully

2020-06-09 00:01:48 - [TEST_CASE][PASSED] - Test Cases/PFI Precision and Scale/PFI Components/VerifyDropdownValues: Test Cases/PFI Precision and Scale/PFI Components/VerifyDropdownValues

2020-06-09 00:01:48 - [TEST_STEP][PASSED] - Thread.sleep(1000): null

2020-06-09 00:01:49 - [TEST_STEP][PASSED] - NewInputNmField = modifyObjectProperty(findTestObject("Objects.HighlightElements/input_field"), "name", "equals", FldNm, true): Modify property of object successfully

2020-06-09 00:01:49 - [MESSAGE][PASSED] - Modify property of object successfully

2020-06-09 00:01:49 - [TEST_STEP][PASSED] - comboNm = cmbNm: null

2020-06-09 00:01:49 - [TEST_STEP][PASSED] - focus(NewInputNmField): Object: 'Object Repository/Objects.HighlightElements/input_field' is focused

2020-06-09 00:01:49 - [MESSAGE][PASSED] - Object: 'Object Repository/Objects.HighlightElements/input_field' is focused

2020-06-09 00:01:49 - [TEST_STEP][PASSED] - setText(NewInputNmField, EnterValue): Text '00' is set on object 'Object Repository/Objects.HighlightElements/input_field'

2020-06-09 00:01:49 - [MESSAGE][PASSED] - Text '00' is set on object 'Object Repository/Objects.HighlightElements/input_field'

2020-06-09 00:01:49 - [TEST_STEP][PASSED] - for ([i = 1, i <= NoOfVal, (i++)]): Keys 'DOWN + ' sent to object: 'Object Repository/Objects.HighlightElements/input_field'

2020-06-09 00:01:49 - [TEST_STEP][PASSED] - sendKeys(NewInputNmField, Keys.chord(ARROW_DOWN)): Keys 'DOWN + ' sent to object: 'Object Repository/Objects.HighlightElements/input_field'

2020-06-09 00:01:49 - [MESSAGE][PASSED] - Keys 'DOWN + ' sent to object: 'Object Repository/Objects.HighlightElements/input_field'

2020-06-09 00:01:49 - [TEST_STEP][PASSED] - delay(DelayTime): Delayed 8 second(s)

2020-06-09 00:01:57 - [MESSAGE][PASSED] - Delayed 8 second(s)

2020-06-09 00:01:57 - [TEST_STEP][PASSED] - sendKeys(NewInputNmField, Keys.chord(ENTER)): Keys 'ENTER + ' sent to object: 'Object Repository/Objects.HighlightElements/input_field'

2020-06-09 00:01:57 - [MESSAGE][PASSED] - Keys 'ENTER + ' sent to object: 'Object Repository/Objects.HighlightElements/input_field'

2020-06-09 00:01:57 - [TEST_STEP][PASSED] - ComboBoxValue = getAttribute(NewInputNmField, "value"): Attribute 'value' of object 'Object Repository/Objects.HighlightElements/input_field' is: '0017'

2020-06-09 00:01:57 - [MESSAGE][PASSED] - Attribute 'value' of object 'Object Repository/Objects.HighlightElements/input_field' is: '0017'

2020-06-09 00:01:57 - [TEST_STEP][PASSED] - callTestCase(findTestCase(CallTCName), ["FindValue":ComboBoxValue, "DropdownNm":comboNm], STOP_ON_FAILURE): Call Test Case 'Test Cases/PFI Precision and Scale/HashMap Tables/PELists' successfully

2020-06-09 00:01:57 - [TEST_CASE][PASSED] - Test Cases/PFI Precision and Scale/HashMap Tables/PELists: Test Cases/PFI Precision and Scale/HashMap Tables/PELists

2020-06-09 00:01:58 - [TEST_STEP][PASSED] - Thread.sleep(1000): null

2020-06-09 00:01:59 - [TEST_STEP][PASSED] - PEListsTBL = ["0011":"QP-Formatted Address", "0012":"QP-0012", "0014":"QP-0014", "0015":"QP-0015", "0016":"QP-0016", "3214":"Dummy QP Name 3861", ... ]: null

2020-06-09 00:01:59 - [TEST_STEP][PASSED] - switch (DropdownNm): null

2020-06-09 00:01:59 - [TEST_STEP][PASSED] - case "PENo":: null

2020-06-09 00:01:59 - [TEST_STEP][PASSED] - ValueFound = FindValue + " (" + get(FindValue).toString() + ")": null

2020-06-09 00:01:59 - [TEST_STEP][PASSED] - break: null

2020-06-09 00:01:59 - [MESSAGE][PASSED] - Call Test Case 'Test Cases/PFI Precision and Scale/HashMap Tables/PELists' successfully

2020-06-09 00:01:59 - [TEST_STEP][PASSED] - println(ValueFound): null

2020-06-09 00:01:59 - [TEST_STEP][PASSED] - sendKeys(NewInputNmField, Keys.chord(ARROW_DOWN)): Keys 'DOWN + ' sent to object: 'Object Repository/Objects.HighlightElements/input_field'

2020-06-09 00:01:59 - [MESSAGE][PASSED] - Keys 'DOWN + ' sent to object: 'Object Repository/Objects.HighlightElements/input_field'

2020-06-09 00:01:59 - [TEST_STEP][PASSED] - sendKeys(NewInputNmField, Keys.chord(ARROW_DOWN)): Keys 'DOWN + ' sent to object: 'Object Repository/Objects.HighlightElements/input_field'

2020-06-09 00:01:59 - [MESSAGE][PASSED] - Keys 'DOWN + ' sent to object: 'Object Repository/Objects.HighlightElements/input_field'

2020-06-09 00:01:59 - [TEST_STEP][PASSED] - delay(DelayTime): Delayed 8 second(s)

2020-06-09 00:02:07 - [MESSAGE][PASSED] - Delayed 8 second(s)

2020-06-09 00:02:07 - [TEST_STEP][PASSED] - sendKeys(NewInputNmField, Keys.chord(ENTER)): Keys 'ENTER + ' sent to object: 'Object Repository/Objects.HighlightElements/input_field'

2020-06-09 00:02:07 - [MESSAGE][PASSED] - Keys 'ENTER + ' sent to object: 'Object Repository/Objects.HighlightElements/input_field'

2020-06-09 00:02:07 - [TEST_STEP][PASSED] - ComboBoxValue = getAttribute(NewInputNmField, "value"): Attribute 'value' of object 'Object Repository/Objects.HighlightElements/input_field' is: '1123'

2020-06-09 00:02:07 - [MESSAGE][PASSED] - Attribute 'value' of object 'Object Repository/Objects.HighlightElements/input_field' is: '1123'

2020-06-09 00:02:07 - [TEST_STEP][PASSED] - callTestCase(findTestCase(CallTCName), ["FindValue":ComboBoxValue, "DropdownNm":comboNm], STOP_ON_FAILURE): Call Test Case 'Test Cases/PFI Precision and Scale/HashMap Tables/PELists' successfully

2020-06-09 00:02:07 - [TEST_CASE][PASSED] - Test Cases/PFI Precision and Scale/HashMap Tables/PELists: Test Cases/PFI Precision and Scale/HashMap Tables/PELists

2020-06-09 00:02:07 - [TEST_STEP][PASSED] - Thread.sleep(1000): null

2020-06-09 00:02:08 - [TEST_STEP][PASSED] - PEListsTBL = ["0011":"QP-Formatted Address", "0012":"QP-0012", "0014":"QP-0014", "0015":"QP-0015", "0016":"QP-0016", "3214":"Dummy QP Name 3861", ... ]: null

2020-06-09 00:02:08 - [TEST_STEP][PASSED] - switch (DropdownNm): null

2020-06-09 00:02:08 - [TEST_STEP][PASSED] - case "PENo":: null

2020-06-09 00:02:08 - [TEST_STEP][PASSED] - ValueFound = FindValue + " (" + get(FindValue).toString() + ")": null

2020-06-09 00:02:08 - [TEST_STEP][PASSED] - break: null

2020-06-09 00:02:08 - [MESSAGE][PASSED] - Call Test Case 'Test Cases/PFI Precision and Scale/HashMap Tables/PELists' successfully

2020-06-09 00:02:08 - [TEST_STEP][PASSED] - println(ValueFound): null

2020-06-09 00:02:08 - [TEST_STEP][PASSED] - sendKeys(NewInputNmField, Keys.chord(ARROW_DOWN)): Keys 'DOWN + ' sent to object: 'Object Repository/Objects.HighlightElements/input_field'

2020-06-09 00:02:08 - [MESSAGE][PASSED] - Keys 'DOWN + ' sent to object: 'Object Repository/Objects.HighlightElements/input_field'

2020-06-09 00:02:08 - [TEST_STEP][PASSED] - sendKeys(NewInputNmField, Keys.chord(ARROW_DOWN)): Keys 'DOWN + ' sent to object: 'Object Repository/Objects.HighlightElements/input_field'

2020-06-09 00:02:08 - [MESSAGE][PASSED] - Keys 'DOWN + ' sent to object: 'Object Repository/Objects.HighlightElements/input_field'

2020-06-09 00:02:08 - [TEST_STEP][PASSED] - delay(DelayTime): Delayed 8 second(s)

2020-06-09 00:02:16 - [MESSAGE][PASSED] - Delayed 8 second(s)

2020-06-09 00:02:16 - [TEST_STEP][PASSED] - sendKeys(NewInputNmField, Keys.chord(ENTER)): Keys 'ENTER + ' sent to object: 'Object Repository/Objects.HighlightElements/input_field'

2020-06-09 00:02:16 - [MESSAGE][PASSED] - Keys 'ENTER + ' sent to object: 'Object Repository/Objects.HighlightElements/input_field'

2020-06-09 00:02:16 - [TEST_STEP][PASSED] - ComboBoxValue = getAttribute(NewInputNmField, "value"): Attribute 'value' of object 'Object Repository/Objects.HighlightElements/input_field' is: '0017'

2020-06-09 00:02:16 - [MESSAGE][PASSED] - Attribute 'value' of object 'Object Repository/Objects.HighlightElements/input_field' is: '0017'

2020-06-09 00:02:16 - [TEST_STEP][PASSED] - callTestCase(findTestCase(CallTCName), ["FindValue":ComboBoxValue, "DropdownNm":comboNm], STOP_ON_FAILURE): Call Test Case 'Test Cases/PFI Precision and Scale/HashMap Tables/PELists' successfully

2020-06-09 00:02:16 - [TEST_CASE][PASSED] - Test Cases/PFI Precision and Scale/HashMap Tables/PELists: Test Cases/PFI Precision and Scale/HashMap Tables/PELists

2020-06-09 00:02:16 - [TEST_STEP][PASSED] - Thread.sleep(1000): null

2020-06-09 00:02:17 - [TEST_STEP][PASSED] - PEListsTBL = ["0011":"QP-Formatted Address", "0012":"QP-0012", "0014":"QP-0014", "0015":"QP-0015", "0016":"QP-0016", "3214":"Dummy QP Name 3861", ... ]: null

2020-06-09 00:02:17 - [TEST_STEP][PASSED] - switch (DropdownNm): null

2020-06-09 00:02:17 - [TEST_STEP][PASSED] - case "PENo":: null

2020-06-09 00:02:17 - [TEST_STEP][PASSED] - ValueFound = FindValue + " (" + get(FindValue).toString() + ")": null

2020-06-09 00:02:17 - [TEST_STEP][PASSED] - break: null

2020-06-09 00:02:17 - [MESSAGE][PASSED] - Call Test Case 'Test Cases/PFI Precision and Scale/HashMap Tables/PELists' successfully

2020-06-09 00:02:17 - [TEST_STEP][PASSED] - println(ValueFound): null

2020-06-09 00:02:17 - [TEST_STEP][PASSED] - sendKeys(NewInputNmField, Keys.chord(ARROW_DOWN)): Keys 'DOWN + ' sent to object: 'Object Repository/Objects.HighlightElements/input_field'

2020-06-09 00:02:17 - [MESSAGE][PASSED] - Keys 'DOWN + ' sent to object: 'Object Repository/Objects.HighlightElements/input_field'

2020-06-09 00:02:17 - [TEST_STEP][PASSED] - sendKeys(NewInputNmField, Keys.chord(ARROW_DOWN)): Keys 'DOWN + ' sent to object: 'Object Repository/Objects.HighlightElements/input_field'

2020-06-09 00:02:17 - [MESSAGE][PASSED] - Keys 'DOWN + ' sent to object: 'Object Repository/Objects.HighlightElements/input_field'

2020-06-09 00:02:17 - [TEST_STEP][PASSED] - delay(DelayTime): Delayed 8 second(s)

2020-06-09 00:02:25 - [MESSAGE][PASSED] - Delayed 8 second(s)

2020-06-09 00:02:25 - [TEST_STEP][PASSED] - sendKeys(NewInputNmField, Keys.chord(ENTER)): Keys 'ENTER + ' sent to object: 'Object Repository/Objects.HighlightElements/input_field'

2020-06-09 00:02:25 - [MESSAGE][PASSED] - Keys 'ENTER + ' sent to object: 'Object Repository/Objects.HighlightElements/input_field'

2020-06-09 00:02:25 - [TEST_STEP][PASSED] - ComboBoxValue = getAttribute(NewInputNmField, "value"): Attribute 'value' of object 'Object Repository/Objects.HighlightElements/input_field' is: '0017'

2020-06-09 00:02:25 - [MESSAGE][PASSED] - Attribute 'value' of object 'Object Repository/Objects.HighlightElements/input_field' is: '0017'

2020-06-09 00:02:25 - [TEST_STEP][PASSED] - callTestCase(findTestCase(CallTCName), ["FindValue":ComboBoxValue, "DropdownNm":comboNm], STOP_ON_FAILURE): Call Test Case 'Test Cases/PFI Precision and Scale/HashMap Tables/PELists' successfully

2020-06-09 00:02:25 - [TEST_CASE][PASSED] - Test Cases/PFI Precision and Scale/HashMap Tables/PELists: Test Cases/PFI Precision and Scale/HashMap Tables/PELists

2020-06-09 00:02:25 - [TEST_STEP][PASSED] - Thread.sleep(1000): null

2020-06-09 00:02:26 - [TEST_STEP][PASSED] - PEListsTBL = ["0011":"QP-Formatted Address", "0012":"QP-0012", "0014":"QP-0014", "0015":"QP-0015", "0016":"QP-0016", "3214":"Dummy QP Name 3861", ... ]: null

2020-06-09 00:02:26 - [TEST_STEP][PASSED] - switch (DropdownNm): null

2020-06-09 00:02:26 - [TEST_STEP][PASSED] - case "PENo":: null

2020-06-09 00:02:26 - [TEST_STEP][PASSED] - ValueFound = FindValue + " (" + get(FindValue).toString() + ")": null

2020-06-09 00:02:26 - [TEST_STEP][PASSED] - break: null

2020-06-09 00:02:26 - [MESSAGE][PASSED] - Call Test Case 'Test Cases/PFI Precision and Scale/HashMap Tables/PELists' successfully

2020-06-09 00:02:26 - [TEST_STEP][PASSED] - println(ValueFound): null

2020-06-09 00:02:26 - [TEST_STEP][PASSED] - sendKeys(NewInputNmField, Keys.chord(ARROW_DOWN)): Keys 'DOWN + ' sent to object: 'Object Repository/Objects.HighlightElements/input_field'

2020-06-09 00:02:26 - [MESSAGE][PASSED] - Keys 'DOWN + ' sent to object: 'Object Repository/Objects.HighlightElements/input_field'

2020-06-09 00:02:26 - [TEST_STEP][PASSED] - sendKeys(NewInputNmField, Keys.chord(ARROW_DOWN)): Keys 'DOWN + ' sent to object: 'Object Repository/Objects.HighlightElements/input_field'

2020-06-09 00:02:26 - [MESSAGE][PASSED] - Keys 'DOWN + ' sent to object: 'Object Repository/Objects.HighlightElements/input_field'

2020-06-09 00:02:26 - [TEST_STEP][PASSED] - delay(DelayTime): Delayed 8 second(s)

2020-06-09 00:02:34 - [MESSAGE][PASSED] - Delayed 8 second(s)

2020-06-09 00:02:34 - [TEST_STEP][PASSED] - sendKeys(NewInputNmField, Keys.chord(ENTER)): Keys 'ENTER + ' sent to object: 'Object Repository/Objects.HighlightElements/input_field'

2020-06-09 00:02:34 - [MESSAGE][PASSED] - Keys 'ENTER + ' sent to object: 'Object Repository/Objects.HighlightElements/input_field'

2020-06-09 00:02:34 - [TEST_STEP][PASSED] - ComboBoxValue = getAttribute(NewInputNmField, "value"): Attribute 'value' of object 'Object Repository/Objects.HighlightElements/input_field' is: '0017'

2020-06-09 00:02:34 - [MESSAGE][PASSED] - Attribute 'value' of object 'Object Repository/Objects.HighlightElements/input_field' is: '0017'

2020-06-09 00:02:34 - [TEST_STEP][PASSED] - callTestCase(findTestCase(CallTCName), ["FindValue":ComboBoxValue, "DropdownNm":comboNm], STOP_ON_FAILURE): Call Test Case 'Test Cases/PFI Precision and Scale/HashMap Tables/PELists' successfully

2020-06-09 00:02:35 - [TEST_CASE][PASSED] - Test Cases/PFI Precision and Scale/HashMap Tables/PELists: Test Cases/PFI Precision and Scale/HashMap Tables/PELists

2020-06-09 00:02:35 - [TEST_STEP][PASSED] - Thread.sleep(1000): null

2020-06-09 00:02:36 - [TEST_STEP][PASSED] - PEListsTBL = ["0011":"QP-Formatted Address", "0012":"QP-0012", "0014":"QP-0014", "0015":"QP-0015", "0016":"QP-0016", "3214":"Dummy QP Name 3861", ... ]: null

2020-06-09 00:02:36 - [TEST_STEP][PASSED] - switch (DropdownNm): null

2020-06-09 00:02:36 - [TEST_STEP][PASSED] - case "PENo":: null

2020-06-09 00:02:36 - [TEST_STEP][PASSED] - ValueFound = FindValue + " (" + get(FindValue).toString() + ")": null

2020-06-09 00:02:36 - [TEST_STEP][PASSED] - break: null

2020-06-09 00:02:36 - [MESSAGE][PASSED] - Call Test Case 'Test Cases/PFI Precision and Scale/HashMap Tables/PELists' successfully

2020-06-09 00:02:36 - [TEST_STEP][PASSED] - println(ValueFound): null

2020-06-09 00:02:36 - [TEST_STEP][PASSED] - sendKeys(NewInputNmField, Keys.chord(ARROW_DOWN)): Keys 'DOWN + ' sent to object: 'Object Repository/Objects.HighlightElements/input_field'

2020-06-09 00:02:36 - [MESSAGE][PASSED] - Keys 'DOWN + ' sent to object: 'Object Repository/Objects.HighlightElements/input_field'

2020-06-09 00:02:36 - [TEST_STEP][PASSED] - sendKeys(NewInputNmField, Keys.chord(ARROW_DOWN)): Keys 'DOWN + ' sent to object: 'Object Repository/Objects.HighlightElements/input_field'

2020-06-09 00:02:36 - [MESSAGE][PASSED] - Keys 'DOWN + ' sent to object: 'Object Repository/Objects.HighlightElements/input_field'

2020-06-09 00:02:36 - [TEST_STEP][PASSED] - delay(DelayTime): Delayed 8 second(s)

2020-06-09 00:02:44 - [MESSAGE][PASSED] - Delayed 8 second(s)

2020-06-09 00:02:44 - [TEST_STEP][PASSED] - sendKeys(NewInputNmField, Keys.chord(ENTER)): Keys 'ENTER + ' sent to object: 'Object Repository/Objects.HighlightElements/input_field'

2020-06-09 00:02:44 - [MESSAGE][PASSED] - Keys 'ENTER + ' sent to object: 'Object Repository/Objects.HighlightElements/input_field'

2020-06-09 00:02:44 - [TEST_STEP][PASSED] - ComboBoxValue = getAttribute(NewInputNmField, "value"): Attribute 'value' of object 'Object Repository/Objects.HighlightElements/input_field' is: '0017'

2020-06-09 00:02:44 - [MESSAGE][PASSED] - Attribute 'value' of object 'Object Repository/Objects.HighlightElements/input_field' is: '0017'

2020-06-09 00:02:44 - [TEST_STEP][PASSED] - callTestCase(findTestCase(CallTCName), ["FindValue":ComboBoxValue, "DropdownNm":comboNm], STOP_ON_FAILURE): Call Test Case 'Test Cases/PFI Precision and Scale/HashMap Tables/PELists' successfully

2020-06-09 00:02:44 - [TEST_CASE][PASSED] - Test Cases/PFI Precision and Scale/HashMap Tables/PELists: Test Cases/PFI Precision and Scale/HashMap Tables/PELists

2020-06-09 00:02:44 - [TEST_STEP][PASSED] - Thread.sleep(1000): null

2020-06-09 00:02:45 - [TEST_STEP][PASSED] - PEListsTBL = ["0011":"QP-Formatted Address", "0012":"QP-0012", "0014":"QP-0014", "0015":"QP-0015", "0016":"QP-0016", "3214":"Dummy QP Name 3861", ... ]: null

2020-06-09 00:02:45 - [TEST_STEP][PASSED] - switch (DropdownNm): null

2020-06-09 00:02:45 - [TEST_STEP][PASSED] - case "PENo":: null

2020-06-09 00:02:45 - [TEST_STEP][PASSED] - ValueFound = FindValue + " (" + get(FindValue).toString() + ")": null

2020-06-09 00:02:45 - [TEST_STEP][PASSED] - break: null

2020-06-09 00:02:45 - [MESSAGE][PASSED] - Call Test Case 'Test Cases/PFI Precision and Scale/HashMap Tables/PELists' successfully

2020-06-09 00:02:45 - [TEST_STEP][PASSED] - println(ValueFound): null

2020-06-09 00:02:45 - [TEST_STEP][PASSED] - sendKeys(NewInputNmField, Keys.chord(ARROW_DOWN)): Keys 'DOWN + ' sent to object: 'Object Repository/Objects.HighlightElements/input_field'

2020-06-09 00:02:45 - [MESSAGE][PASSED] - Keys 'DOWN + ' sent to object: 'Object Repository/Objects.HighlightElements/input_field'

2020-06-09 00:02:45 - [TEST_STEP][PASSED] - sendKeys(NewInputNmField, Keys.chord(ARROW_DOWN)): Keys 'DOWN + ' sent to object: 'Object Repository/Objects.HighlightElements/input_field'

2020-06-09 00:02:45 - [MESSAGE][PASSED] - Keys 'DOWN + ' sent to object: 'Object Repository/Objects.HighlightElements/input_field'

2020-06-09 00:02:45 - [TEST_STEP][PASSED] - delay(DelayTime): Delayed 8 second(s)

2020-06-09 00:02:53 - [MESSAGE][PASSED] - Delayed 8 second(s)

2020-06-09 00:02:53 - [TEST_STEP][PASSED] - sendKeys(NewInputNmField, Keys.chord(ENTER)): Keys 'ENTER + ' sent to object: 'Object Repository/Objects.HighlightElements/input_field'

2020-06-09 00:02:53 - [MESSAGE][PASSED] - Keys 'ENTER + ' sent to object: 'Object Repository/Objects.HighlightElements/input_field'

2020-06-09 00:02:53 - [TEST_STEP][PASSED] - ComboBoxValue = getAttribute(NewInputNmField, "value"): Attribute 'value' of object 'Object Repository/Objects.HighlightElements/input_field' is: '0017'

2020-06-09 00:02:53 - [MESSAGE][PASSED] - Attribute 'value' of object 'Object Repository/Objects.HighlightElements/input_field' is: '0017'

2020-06-09 00:02:53 - [TEST_STEP][PASSED] - callTestCase(findTestCase(CallTCName), ["FindValue":ComboBoxValue, "DropdownNm":comboNm], STOP_ON_FAILURE): Call Test Case 'Test Cases/PFI Precision and Scale/HashMap Tables/PELists' successfully

2020-06-09 00:02:53 - [TEST_CASE][PASSED] - Test Cases/PFI Precision and Scale/HashMap Tables/PELists: Test Cases/PFI Precision and Scale/HashMap Tables/PELists

2020-06-09 00:02:53 - [TEST_STEP][PASSED] - Thread.sleep(1000): null

2020-06-09 00:02:54 - [TEST_STEP][PASSED] - PEListsTBL = ["0011":"QP-Formatted Address", "0012":"QP-0012", "0014":"QP-0014", "0015":"QP-0015", "0016":"QP-0016", "3214":"Dummy QP Name 3861", ... ]: null

2020-06-09 00:02:54 - [TEST_STEP][PASSED] - switch (DropdownNm): null

2020-06-09 00:02:54 - [TEST_STEP][PASSED] - case "PENo":: null

2020-06-09 00:02:54 - [TEST_STEP][PASSED] - ValueFound = FindValue + " (" + get(FindValue).toString() + ")": null

2020-06-09 00:02:54 - [TEST_STEP][PASSED] - break: null

2020-06-09 00:02:54 - [MESSAGE][PASSED] - Call Test Case 'Test Cases/PFI Precision and Scale/HashMap Tables/PELists' successfully

2020-06-09 00:02:54 - [TEST_STEP][PASSED] - println(ValueFound): null

2020-06-09 00:02:54 - [TEST_STEP][PASSED] - sendKeys(NewInputNmField, Keys.chord(ARROW_DOWN)): Keys 'DOWN + ' sent to object: 'Object Repository/Objects.HighlightElements/input_field'

2020-06-09 00:02:54 - [MESSAGE][PASSED] - Keys 'DOWN + ' sent to object: 'Object Repository/Objects.HighlightElements/input_field'

2020-06-09 00:02:54 - [TEST_STEP][PASSED] - sendKeys(NewInputNmField, Keys.chord(ARROW_DOWN)): Keys 'DOWN + ' sent to object: 'Object Repository/Objects.HighlightElements/input_field'

2020-06-09 00:02:54 - [MESSAGE][PASSED] - Keys 'DOWN + ' sent to object: 'Object Repository/Objects.HighlightElements/input_field'

2020-06-09 00:02:54 - [TEST_STEP][PASSED] - delay(DelayTime): Delayed 8 second(s)

2020-06-09 00:03:02 - [MESSAGE][PASSED] - Delayed 8 second(s)

2020-06-09 00:03:02 - [TEST_STEP][PASSED] - sendKeys(NewInputNmField, Keys.chord(ENTER)): Keys 'ENTER + ' sent to object: 'Object Repository/Objects.HighlightElements/input_field'

2020-06-09 00:03:02 - [MESSAGE][PASSED] - Keys 'ENTER + ' sent to object: 'Object Repository/Objects.HighlightElements/input_field'

2020-06-09 00:03:02 - [TEST_STEP][PASSED] - ComboBoxValue = getAttribute(NewInputNmField, "value"): Attribute 'value' of object 'Object Repository/Objects.HighlightElements/input_field' is: '0017'

2020-06-09 00:03:02 - [MESSAGE][PASSED] - Attribute 'value' of object 'Object Repository/Objects.HighlightElements/input_field' is: '0017'

2020-06-09 00:03:02 - [TEST_STEP][PASSED] - callTestCase(findTestCase(CallTCName), ["FindValue":ComboBoxValue, "DropdownNm":comboNm], STOP_ON_FAILURE): Call Test Case 'Test Cases/PFI Precision and Scale/HashMap Tables/PELists' successfully

2020-06-09 00:03:02 - [TEST_CASE][PASSED] - Test Cases/PFI Precision and Scale/HashMap Tables/PELists: Test Cases/PFI Precision and Scale/HashMap Tables/PELists

2020-06-09 00:03:02 - [TEST_STEP][PASSED] - Thread.sleep(1000): null

2020-06-09 00:03:03 - [TEST_STEP][PASSED] - PEListsTBL = ["0011":"QP-Formatted Address", "0012":"QP-0012", "0014":"QP-0014", "0015":"QP-0015", "0016":"QP-0016", "3214":"Dummy QP Name 3861", ... ]: null

2020-06-09 00:03:03 - [TEST_STEP][PASSED] - switch (DropdownNm): null

2020-06-09 00:03:03 - [TEST_STEP][PASSED] - case "PENo":: null

2020-06-09 00:03:03 - [TEST_STEP][PASSED] - ValueFound = FindValue + " (" + get(FindValue).toString() + ")": null

2020-06-09 00:03:03 - [TEST_STEP][PASSED] - break: null

2020-06-09 00:03:03 - [MESSAGE][PASSED] - Call Test Case 'Test Cases/PFI Precision and Scale/HashMap Tables/PELists' successfully

2020-06-09 00:03:03 - [TEST_STEP][PASSED] - println(ValueFound): null

2020-06-09 00:03:03 - [TEST_STEP][PASSED] - sendKeys(NewInputNmField, Keys.chord(ARROW_DOWN)): Keys 'DOWN + ' sent to object: 'Object Repository/Objects.HighlightElements/input_field'

2020-06-09 00:03:03 - [MESSAGE][PASSED] - Keys 'DOWN + ' sent to object: 'Object Repository/Objects.HighlightElements/input_field'

2020-06-09 00:03:03 - [TEST_STEP][PASSED] - sendKeys(NewInputNmField, Keys.chord(ARROW_DOWN)): Keys 'DOWN + ' sent to object: 'Object Repository/Objects.HighlightElements/input_field'

2020-06-09 00:03:03 - [MESSAGE][PASSED] - Keys 'DOWN + ' sent to object: 'Object Repository/Objects.HighlightElements/input_field'

2020-06-09 00:03:03 - [TEST_STEP][PASSED] - delay(DelayTime): Delayed 8 second(s)

2020-06-09 00:03:11 - [MESSAGE][PASSED] - Delayed 8 second(s)

2020-06-09 00:03:11 - [TEST_STEP][PASSED] - sendKeys(NewInputNmField, Keys.chord(ENTER)): Keys 'ENTER + ' sent to object: 'Object Repository/Objects.HighlightElements/input_field'

2020-06-09 00:03:13 - [MESSAGE][PASSED] - Keys 'ENTER + ' sent to object: 'Object Repository/Objects.HighlightElements/input_field'

2020-06-09 00:03:13 - [TEST_STEP][PASSED] - ComboBoxValue = getAttribute(NewInputNmField, "value"): Attribute 'value' of object 'Object Repository/Objects.HighlightElements/input_field' is: '0017'

2020-06-09 00:03:17 - [MESSAGE][PASSED] - Attribute 'value' of object 'Object Repository/Objects.HighlightElements/input_field' is: '0017'

2020-06-09 00:03:17 - [TEST_STEP][PASSED] - callTestCase(findTestCase(CallTCName), ["FindValue":ComboBoxValue, "DropdownNm":comboNm], STOP_ON_FAILURE): Call Test Case 'Test Cases/PFI Precision and Scale/HashMap Tables/PELists' successfully

2020-06-09 00:03:24 - [TEST_CASE][PASSED] - Test Cases/PFI Precision and Scale/HashMap Tables/PELists: Test Cases/PFI Precision and Scale/HashMap Tables/PELists

2020-06-09 00:03:31 - [TEST_STEP][PASSED] - Thread.sleep(1000): null

2020-06-09 00:03:32 - [TEST_STEP][PASSED] - PEListsTBL = ["0011":"QP-Formatted Address", "0012":"QP-0012", "0014":"QP-0014", "0015":"QP-0015", "0016":"QP-0016", "3214":"Dummy QP Name 3861", ... ]: null

2020-06-09 00:03:32 - [TEST_STEP][PASSED] - switch (DropdownNm): null

2020-06-09 00:03:32 - [TEST_STEP][PASSED] - case "PENo":: null

2020-06-09 00:03:32 - [TEST_STEP][PASSED] - ValueFound = FindValue + " (" + get(FindValue).toString() + ")": null

2020-06-09 00:03:32 - [TEST_STEP][PASSED] - break: null

2020-06-09 00:03:32 - [MESSAGE][PASSED] - Call Test Case 'Test Cases/PFI Precision and Scale/HashMap Tables/PELists' successfully

2020-06-09 00:03:32 - [TEST_STEP][PASSED] - println(ValueFound): null

2020-06-09 00:03:32 - [TEST_STEP][PASSED] - sendKeys(NewInputNmField, Keys.chord(ARROW_DOWN)): Keys 'DOWN + ' sent to object: 'Object Repository/Objects.HighlightElements/input_field'

2020-06-09 00:03:34 - [MESSAGE][PASSED] - Keys 'DOWN + ' sent to object: 'Object Repository/Objects.HighlightElements/input_field'

2020-06-09 00:03:34 - [TEST_STEP][PASSED] - sendKeys(NewInputNmField, Keys.chord(ARROW_DOWN)): Keys 'DOWN + ' sent to object: 'Object Repository/Objects.HighlightElements/input_field'

2020-06-09 00:03:35 - [MESSAGE][PASSED] - Keys 'DOWN + ' sent to object: 'Object Repository/Objects.HighlightElements/input_field'

2020-06-09 00:03:35 - [TEST_STEP][PASSED] - delay(DelayTime): Delayed 8 second(s)

2020-06-09 00:03:44 - [MESSAGE][PASSED] - Delayed 8 second(s)

2020-06-09 00:03:44 - [TEST_STEP][PASSED] - sendKeys(NewInputNmField, Keys.chord(ENTER)): Keys 'ENTER + ' sent to object: 'Object Repository/Objects.HighlightElements/input_field'

2020-06-09 00:03:46 - [MESSAGE][PASSED] - Keys 'ENTER + ' sent to object: 'Object Repository/Objects.HighlightElements/input_field'

2020-06-09 00:03:46 - [TEST_STEP][PASSED] - ComboBoxValue = getAttribute(NewInputNmField, "value"): Attribute 'value' of object 'Object Repository/Objects.HighlightElements/input_field' is: '0017'

2020-06-09 00:03:51 - [MESSAGE][PASSED] - Attribute 'value' of object 'Object Repository/Objects.HighlightElements/input_field' is: '0017'

2020-06-09 00:03:51 - [TEST_STEP][PASSED] - callTestCase(findTestCase(CallTCName), ["FindValue":ComboBoxValue, "DropdownNm":comboNm], STOP_ON_FAILURE): Call Test Case 'Test Cases/PFI Precision and Scale/HashMap Tables/PELists' successfully

2020-06-09 00:04:02 - [TEST_CASE][PASSED] - Test Cases/PFI Precision and Scale/HashMap Tables/PELists: Test Cases/PFI Precision and Scale/HashMap Tables/PELists

2020-06-09 00:04:08 - [TEST_STEP][PASSED] - Thread.sleep(1000): null

2020-06-09 00:04:09 - [TEST_STEP][PASSED] - PEListsTBL = ["0011":"QP-Formatted Address", "0012":"QP-0012", "0014":"QP-0014", "0015":"QP-0015", "0016":"QP-0016", "3214":"Dummy QP Name 3861", ... ]: null

2020-06-09 00:04:09 - [TEST_STEP][PASSED] - switch (DropdownNm): null

2020-06-09 00:04:09 - [TEST_STEP][PASSED] - case "PENo":: null

2020-06-09 00:04:09 - [TEST_STEP][PASSED] - ValueFound = FindValue + " (" + get(FindValue).toString() + ")": null

2020-06-09 00:04:09 - [TEST_STEP][PASSED] - break: null

2020-06-09 00:04:09 - [MESSAGE][PASSED] - Call Test Case 'Test Cases/PFI Precision and Scale/HashMap Tables/PELists' successfully

2020-06-09 00:04:09 - [TEST_STEP][PASSED] - println(ValueFound): null

2020-06-09 00:04:09 - [TEST_STEP][PASSED] - sendKeys(NewInputNmField, Keys.chord(ARROW_DOWN)): Keys 'DOWN + ' sent to object: 'Object Repository/Objects.HighlightElements/input_field'

2020-06-09 00:04:11 - [MESSAGE][PASSED] - Keys 'DOWN + ' sent to object: 'Object Repository/Objects.HighlightElements/input_field'

2020-06-09 00:04:11 - [TEST_STEP][PASSED] - sendKeys(NewInputNmField, Keys.chord(ENTER)): Keys 'ENTER + ' sent to object: 'Object Repository/Objects.HighlightElements/input_field'

2020-06-09 00:04:12 - [MESSAGE][PASSED] - Keys 'ENTER + ' sent to object: 'Object Repository/Objects.HighlightElements/input_field'

2020-06-09 00:04:12 - [MESSAGE][PASSED] - Call Test Case 'Test Cases/PFI Precision and Scale/PFI Components/VerifyDropdownValues' successfully

2020-06-09 00:04:12 - [TEST_STEP][PASSED] - callTestCase(findTestCase("Components/ClickCancelIcon"), [:], STOP_ON_FAILURE): Call Test Case 'Test Cases/Components/ClickCancelIcon' successfully

2020-06-09 00:04:19 - [TEST_CASE][PASSED] - Test Cases/Components/ClickCancelIcon: Test Cases/Components/ClickCancelIcon

2020-06-09 00:05:54 - [TEST_STEP][PASSED] - Thread.sleep(1000): null

2020-06-09 00:05:55 - [TEST_STEP][PASSED] - com.reusableComponents.HighlightElement.run(findTestObject("Object Repository/Objects.ActionButtons/Cancel_Icon")): com.reusableComponents.HighlightElement.run is PASSED

2020-06-09 00:05:56 - [MESSAGE][PASSED] - com.reusableComponents.HighlightElement.run is PASSED

2020-06-09 00:05:56 - [TEST_STEP][PASSED] - click(findTestObject("Object Repository/Objects.ActionButtons/Cancel_Icon")): Object: 'Object Repository/Objects.ActionButtons/Cancel_Icon' is clicked on

2020-06-09 00:05:56 - [MESSAGE][PASSED] - Object: 'Object Repository/Objects.ActionButtons/Cancel_Icon' is clicked on

2020-06-09 00:05:56 - [MESSAGE][PASSED] - Call Test Case 'Test Cases/Components/ClickCancelIcon' successfully

2020-06-09 00:05:56 - [TEST_STEP][PASSED] - callTestCase(findTestCase("Components/DoubleClickToEnable"), ["HeaderCellName":"PE Name", "index":3], STOP_ON_FAILURE): Call Test Case 'Test Cases/Components/DoubleClickToEnable' successfully

2020-06-09 00:05:56 - [TEST_CASE][PASSED] - Test Cases/Components/DoubleClickToEnable: Test Cases/Components/DoubleClickToEnable

2020-06-09 00:05:56 - [TEST_STEP][PASSED] - Thread.sleep(1000): null

2020-06-09 00:05:57 - [TEST_STEP][PASSED] - modifiedInputField = modifyObjectProperty(findTestObject("Object Repository/Objects.HighlightElements/input_field_index"), "xpath", "equals", "//*[text()='" + HeaderCellName + "']//following::td[" + index + "]", true): Modify property of object successfully

2020-06-09 00:05:57 - [MESSAGE][PASSED] - Modify property of object successfully

2020-06-09 00:05:57 - [TEST_STEP][PASSED] - doubleClick(modifiedInputField): Object: 'Object Repository/Objects.HighlightElements/input_field_index' is double clicked on

2020-06-09 00:05:57 - [MESSAGE][PASSED] - Object: 'Object Repository/Objects.HighlightElements/input_field_index' is double clicked on

2020-06-09 00:05:57 - [MESSAGE][PASSED] - Call Test Case 'Test Cases/Components/DoubleClickToEnable' successfully

2020-06-09 00:05:57 - [TEST_STEP][PASSED] - callTestCase(findTestCase("Components/HighlightInputField"), ["InputFldName":"peName"], STOP_ON_FAILURE): Call Test Case 'Test Cases/Components/HighlightInputField' successfully

2020-06-09 00:05:57 - [TEST_CASE][PASSED] - Test Cases/Components/HighlightInputField: Test Cases/Components/HighlightInputField

2020-06-09 00:05:57 - [TEST_STEP][PASSED] - Thread.sleep(1000): null

2020-06-09 00:05:58 - [TEST_STEP][PASSED] - modifiedLblNm = modifyObjectProperty(findTestObject("Objects.HighlightElements/input_field"), "name", "equals", InputFldName, true): Modify property of object successfully

2020-06-09 00:05:59 - [MESSAGE][PASSED] - Modify property of object successfully

2020-06-09 00:05:59 - [TEST_STEP][PASSED] - com.reusableComponents.HighlightElement.run(modifiedLblNm): com.reusableComponents.HighlightElement.run is PASSED

2020-06-09 00:05:59 - [MESSAGE][PASSED] - com.reusableComponents.HighlightElement.run is PASSED

2020-06-09 00:05:59 - [MESSAGE][PASSED] - Call Test Case 'Test Cases/Components/HighlightInputField' successfully

2020-06-09 00:05:59 - [TEST_STEP][PASSED] - callTestCase(findTestCase("Components/SelectAllThenDelete"), ["tagToBeUsed":"*", "nameToBeUsed":"peName"], STOP_ON_FAILURE): Call Test Case 'Test Cases/Components/SelectAllThenDelete' successfully

2020-06-09 00:05:59 - [TEST_CASE][PASSED] - Test Cases/Components/SelectAllThenDelete: Test Cases/Components/SelectAllThenDelete

2020-06-09 00:05:59 - [TEST_STEP][PASSED] - Thread.sleep(1000): null

2020-06-09 00:06:00 - [TEST_STEP][PASSED] - firstModification = modifyObjectProperty(findTestObject("SendKey/object"), "tag", "equals", tagToBeUsed, false): Modify property of object successfully

2020-06-09 00:06:00 - [MESSAGE][PASSED] - Modify property of object successfully

2020-06-09 00:06:00 - [TEST_STEP][PASSED] - secondModification = modifyObjectProperty(firstModification, "name", "equals", nameToBeUsed, true): Modify property of object successfully

2020-06-09 00:06:00 - [MESSAGE][PASSED] - Modify property of object successfully

2020-06-09 00:06:00 - [TEST_STEP][PASSED] - sendKeys(secondModification, Keys.chord(CONTROL, "a")): Keys 'CONTROL + a' sent to object: 'Object Repository/SendKey/object'

2020-06-09 00:06:00 - [MESSAGE][PASSED] - Keys 'CONTROL + a' sent to object: 'Object Repository/SendKey/object'

2020-06-09 00:06:00 - [TEST_STEP][PASSED] - sendKeys(secondModification, Keys.chord(DELETE)): Keys 'DELETE + ' sent to object: 'Object Repository/SendKey/object'

2020-06-09 00:06:00 - [MESSAGE][PASSED] - Keys 'DELETE + ' sent to object: 'Object Repository/SendKey/object'

2020-06-09 00:06:00 - [MESSAGE][PASSED] - Call Test Case 'Test Cases/Components/SelectAllThenDelete' successfully

2020-06-09 00:06:00 - [TEST_STEP][PASSED] - callTestCase(findTestCase("PFI Precision and Scale/PFI Components/VerifyDropdownValues"), ["FldNm":"peName", "CallTCName":"PFI Precision and Scale/HashMap Tables/PELists", "cmbNm":"PEName", "NoOfVal":10, "DelayTime":5, ... ], STOP_ON_FAILURE): Call Test Case 'Test Cases/PFI Precision and Scale/PFI Components/VerifyDropdownValues' successfully

2020-06-09 00:06:00 - [TEST_CASE][PASSED] - Test Cases/PFI Precision and Scale/PFI Components/VerifyDropdownValues: Test Cases/PFI Precision and Scale/PFI Components/VerifyDropdownValues

2020-06-09 00:06:00 - [TEST_STEP][PASSED] - Thread.sleep(1000): null

2020-06-09 00:06:01 - [TEST_STEP][PASSED] - NewInputNmField = modifyObjectProperty(findTestObject("Objects.HighlightElements/input_field"), "name", "equals", FldNm, true): Modify property of object successfully

2020-06-09 00:06:01 - [MESSAGE][PASSED] - Modify property of object successfully

2020-06-09 00:06:01 - [TEST_STEP][PASSED] - comboNm = cmbNm: null

2020-06-09 00:06:01 - [TEST_STEP][PASSED] - focus(NewInputNmField): Object: 'Object Repository/Objects.HighlightElements/input_field' is focused

2020-06-09 00:06:01 - [MESSAGE][PASSED] - Object: 'Object Repository/Objects.HighlightElements/input_field' is focused

2020-06-09 00:06:01 - [TEST_STEP][PASSED] - setText(NewInputNmField, EnterValue): Text '' is set on object 'Object Repository/Objects.HighlightElements/input_field'

2020-06-09 00:06:01 - [MESSAGE][PASSED] - Text '' is set on object 'Object Repository/Objects.HighlightElements/input_field'

2020-06-09 00:06:01 - [TEST_STEP][PASSED] - for ([i = 1, i <= NoOfVal, (i++)]): Keys 'DOWN + ' sent to object: 'Object Repository/Objects.HighlightElements/input_field'

2020-06-09 00:06:01 - [TEST_STEP][PASSED] - sendKeys(NewInputNmField, Keys.chord(ARROW_DOWN)): Keys 'DOWN + ' sent to object: 'Object Repository/Objects.HighlightElements/input_field'

2020-06-09 00:06:01 - [MESSAGE][PASSED] - Keys 'DOWN + ' sent to object: 'Object Repository/Objects.HighlightElements/input_field'

2020-06-09 00:06:01 - [TEST_STEP][PASSED] - delay(DelayTime): Delayed 5 second(s)

2020-06-09 00:06:06 - [MESSAGE][PASSED] - Delayed 5 second(s)

2020-06-09 00:06:06 - [TEST_STEP][PASSED] - sendKeys(NewInputNmField, Keys.chord(ENTER)): Keys 'ENTER + ' sent to object: 'Object Repository/Objects.HighlightElements/input_field'

2020-06-09 00:06:06 - [MESSAGE][PASSED] - Keys 'ENTER + ' sent to object: 'Object Repository/Objects.HighlightElements/input_field'

2020-06-09 00:06:06 - [TEST_STEP][PASSED] - ComboBoxValue = getAttribute(NewInputNmField, "value"): Attribute 'value' of object 'Object Repository/Objects.HighlightElements/input_field' is: 'QP1123'

2020-06-09 00:06:06 - [MESSAGE][PASSED] - Attribute 'value' of object 'Object Repository/Objects.HighlightElements/input_field' is: 'QP1123'

2020-06-09 00:06:06 - [TEST_STEP][PASSED] - callTestCase(findTestCase(CallTCName), ["FindValue":ComboBoxValue, "DropdownNm":comboNm], STOP_ON_FAILURE): Call Test Case 'Test Cases/PFI Precision and Scale/HashMap Tables/PELists' successfully

2020-06-09 00:06:07 - [TEST_CASE][PASSED] - Test Cases/PFI Precision and Scale/HashMap Tables/PELists: Test Cases/PFI Precision and Scale/HashMap Tables/PELists

2020-06-09 00:06:07 - [TEST_STEP][PASSED] - Thread.sleep(1000): null

2020-06-09 00:06:08 - [TEST_STEP][PASSED] - PEListsTBL = ["0011":"QP-Formatted Address", "0012":"QP-0012", "0014":"QP-0014", "0015":"QP-0015", "0016":"QP-0016", "3214":"Dummy QP Name 3861", ... ]: null

2020-06-09 00:06:08 - [TEST_STEP][PASSED] - switch (DropdownNm): null

2020-06-09 00:06:08 - [TEST_STEP][PASSED] - case "PEName":: null

2020-06-09 00:06:08 - [TEST_STEP][PASSED] - ValueFound = PEListsTBL.find({ -> ... }): null

2020-06-09 00:06:08 - [TEST_STEP][PASSED] - break: null

2020-06-09 00:06:08 - [MESSAGE][PASSED] - Call Test Case 'Test Cases/PFI Precision and Scale/HashMap Tables/PELists' successfully

2020-06-09 00:06:08 - [TEST_STEP][PASSED] - println(ValueFound): null

2020-06-09 00:06:08 - [TEST_STEP][PASSED] - sendKeys(NewInputNmField, Keys.chord(ARROW_DOWN)): Keys 'DOWN + ' sent to object: 'Object Repository/Objects.HighlightElements/input_field'

2020-06-09 00:06:08 - [MESSAGE][PASSED] - Keys 'DOWN + ' sent to object: 'Object Repository/Objects.HighlightElements/input_field'

2020-06-09 00:06:08 - [TEST_STEP][PASSED] - sendKeys(NewInputNmField, Keys.chord(ARROW_DOWN)): Keys 'DOWN + ' sent to object: 'Object Repository/Objects.HighlightElements/input_field'

2020-06-09 00:06:08 - [MESSAGE][PASSED] - Keys 'DOWN + ' sent to object: 'Object Repository/Objects.HighlightElements/input_field'

2020-06-09 00:06:08 - [TEST_STEP][PASSED] - delay(DelayTime): Delayed 5 second(s)

2020-06-09 00:06:13 - [MESSAGE][PASSED] - Delayed 5 second(s)

2020-06-09 00:06:13 - [TEST_STEP][PASSED] - sendKeys(NewInputNmField, Keys.chord(ENTER)): Keys 'ENTER + ' sent to object: 'Object Repository/Objects.HighlightElements/input_field'

2020-06-09 00:06:13 - [MESSAGE][PASSED] - Keys 'ENTER + ' sent to object: 'Object Repository/Objects.HighlightElements/input_field'

2020-06-09 00:06:13 - [TEST_STEP][PASSED] - ComboBoxValue = getAttribute(NewInputNmField, "value"): Attribute 'value' of object 'Object Repository/Objects.HighlightElements/input_field' is: 'QP0017'

2020-06-09 00:06:13 - [MESSAGE][PASSED] - Attribute 'value' of object 'Object Repository/Objects.HighlightElements/input_field' is: 'QP0017'

2020-06-09 00:06:13 - [TEST_STEP][PASSED] - callTestCase(findTestCase(CallTCName), ["FindValue":ComboBoxValue, "DropdownNm":comboNm], STOP_ON_FAILURE): Call Test Case 'Test Cases/PFI Precision and Scale/HashMap Tables/PELists' successfully

2020-06-09 00:06:13 - [TEST_CASE][PASSED] - Test Cases/PFI Precision and Scale/HashMap Tables/PELists: Test Cases/PFI Precision and Scale/HashMap Tables/PELists

2020-06-09 00:06:13 - [TEST_STEP][PASSED] - Thread.sleep(1000): null

2020-06-09 00:06:14 - [TEST_STEP][PASSED] - PEListsTBL = ["0011":"QP-Formatted Address", "0012":"QP-0012", "0014":"QP-0014", "0015":"QP-0015", "0016":"QP-0016", "3214":"Dummy QP Name 3861", ... ]: null

2020-06-09 00:06:14 - [TEST_STEP][PASSED] - switch (DropdownNm): null

2020-06-09 00:06:14 - [TEST_STEP][PASSED] - case "PEName":: null

2020-06-09 00:06:14 - [TEST_STEP][PASSED] - ValueFound = PEListsTBL.find({ -> ... }): null

2020-06-09 00:06:14 - [TEST_STEP][PASSED] - break: null

2020-06-09 00:06:14 - [MESSAGE][PASSED] - Call Test Case 'Test Cases/PFI Precision and Scale/HashMap Tables/PELists' successfully

2020-06-09 00:06:14 - [TEST_STEP][PASSED] - println(ValueFound): null

2020-06-09 00:06:14 - [TEST_STEP][PASSED] - sendKeys(NewInputNmField, Keys.chord(ARROW_DOWN)): Keys 'DOWN + ' sent to object: 'Object Repository/Objects.HighlightElements/input_field'

2020-06-09 00:06:14 - [MESSAGE][PASSED] - Keys 'DOWN + ' sent to object: 'Object Repository/Objects.HighlightElements/input_field'

2020-06-09 00:06:14 - [TEST_STEP][PASSED] - sendKeys(NewInputNmField, Keys.chord(ARROW_DOWN)): Keys 'DOWN + ' sent to object: 'Object Repository/Objects.HighlightElements/input_field'

2020-06-09 00:06:14 - [MESSAGE][PASSED] - Keys 'DOWN + ' sent to object: 'Object Repository/Objects.HighlightElements/input_field'

2020-06-09 00:06:14 - [TEST_STEP][PASSED] - delay(DelayTime): Delayed 5 second(s)

2020-06-09 00:06:19 - [MESSAGE][PASSED] - Delayed 5 second(s)

2020-06-09 00:06:19 - [TEST_STEP][PASSED] - sendKeys(NewInputNmField, Keys.chord(ENTER)): Keys 'ENTER + ' sent to object: 'Object Repository/Objects.HighlightElements/input_field'

2020-06-09 00:06:19 - [MESSAGE][PASSED] - Keys 'ENTER + ' sent to object: 'Object Repository/Objects.HighlightElements/input_field'

2020-06-09 00:06:19 - [TEST_STEP][PASSED] - ComboBoxValue = getAttribute(NewInputNmField, "value"): Attribute 'value' of object 'Object Repository/Objects.HighlightElements/input_field' is: 'QP-0016'

2020-06-09 00:06:19 - [MESSAGE][PASSED] - Attribute 'value' of object 'Object Repository/Objects.HighlightElements/input_field' is: 'QP-0016'

2020-06-09 00:06:19 - [TEST_STEP][PASSED] - callTestCase(findTestCase(CallTCName), ["FindValue":ComboBoxValue, "DropdownNm":comboNm], STOP_ON_FAILURE): Call Test Case 'Test Cases/PFI Precision and Scale/HashMap Tables/PELists' successfully

2020-06-09 00:06:19 - [TEST_CASE][PASSED] - Test Cases/PFI Precision and Scale/HashMap Tables/PELists: Test Cases/PFI Precision and Scale/HashMap Tables/PELists

2020-06-09 00:06:19 - [TEST_STEP][PASSED] - Thread.sleep(1000): null

2020-06-09 00:06:20 - [TEST_STEP][PASSED] - PEListsTBL = ["0011":"QP-Formatted Address", "0012":"QP-0012", "0014":"QP-0014", "0015":"QP-0015", "0016":"QP-0016", "3214":"Dummy QP Name 3861", ... ]: null

2020-06-09 00:06:20 - [TEST_STEP][PASSED] - switch (DropdownNm): null

2020-06-09 00:06:20 - [TEST_STEP][PASSED] - case "PEName":: null

2020-06-09 00:06:20 - [TEST_STEP][PASSED] - ValueFound = PEListsTBL.find({ -> ... }): null

2020-06-09 00:06:20 - [TEST_STEP][PASSED] - break: null

2020-06-09 00:06:20 - [MESSAGE][PASSED] - Call Test Case 'Test Cases/PFI Precision and Scale/HashMap Tables/PELists' successfully

2020-06-09 00:06:20 - [TEST_STEP][PASSED] - println(ValueFound): null

2020-06-09 00:06:20 - [TEST_STEP][PASSED] - sendKeys(NewInputNmField, Keys.chord(ARROW_DOWN)): Keys 'DOWN + ' sent to object: 'Object Repository/Objects.HighlightElements/input_field'

2020-06-09 00:06:20 - [MESSAGE][PASSED] - Keys 'DOWN + ' sent to object: 'Object Repository/Objects.HighlightElements/input_field'

2020-06-09 00:06:20 - [TEST_STEP][PASSED] - sendKeys(NewInputNmField, Keys.chord(ARROW_DOWN)): Keys 'DOWN + ' sent to object: 'Object Repository/Objects.HighlightElements/input_field'

2020-06-09 00:06:20 - [MESSAGE][PASSED] - Keys 'DOWN + ' sent to object: 'Object Repository/Objects.HighlightElements/input_field'

2020-06-09 00:06:20 - [TEST_STEP][PASSED] - delay(DelayTime): Delayed 5 second(s)

2020-06-09 00:06:25 - [MESSAGE][PASSED] - Delayed 5 second(s)

2020-06-09 00:06:25 - [TEST_STEP][PASSED] - sendKeys(NewInputNmField, Keys.chord(ENTER)): Keys 'ENTER + ' sent to object: 'Object Repository/Objects.HighlightElements/input_field'

2020-06-09 00:06:25 - [MESSAGE][PASSED] - Keys 'ENTER + ' sent to object: 'Object Repository/Objects.HighlightElements/input_field'

2020-06-09 00:06:25 - [TEST_STEP][PASSED] - ComboBoxValue = getAttribute(NewInputNmField, "value"): Attribute 'value' of object 'Object Repository/Objects.HighlightElements/input_field' is: 'QP-0015'

2020-06-09 00:06:25 - [MESSAGE][PASSED] - Attribute 'value' of object 'Object Repository/Objects.HighlightElements/input_field' is: 'QP-0015'

2020-06-09 00:06:25 - [TEST_STEP][PASSED] - callTestCase(findTestCase(CallTCName), ["FindValue":ComboBoxValue, "DropdownNm":comboNm], STOP_ON_FAILURE): Call Test Case 'Test Cases/PFI Precision and Scale/HashMap Tables/PELists' successfully

2020-06-09 00:06:25 - [TEST_CASE][PASSED] - Test Cases/PFI Precision and Scale/HashMap Tables/PELists: Test Cases/PFI Precision and Scale/HashMap Tables/PELists

2020-06-09 00:06:25 - [TEST_STEP][PASSED] - Thread.sleep(1000): null

2020-06-09 00:06:26 - [TEST_STEP][PASSED] - PEListsTBL = ["0011":"QP-Formatted Address", "0012":"QP-0012", "0014":"QP-0014", "0015":"QP-0015", "0016":"QP-0016", "3214":"Dummy QP Name 3861", ... ]: null

2020-06-09 00:06:26 - [TEST_STEP][PASSED] - switch (DropdownNm): null

2020-06-09 00:06:26 - [TEST_STEP][PASSED] - case "PEName":: null

2020-06-09 00:06:26 - [TEST_STEP][PASSED] - ValueFound = PEListsTBL.find({ -> ... }): null

2020-06-09 00:06:26 - [TEST_STEP][PASSED] - break: null

2020-06-09 00:06:26 - [MESSAGE][PASSED] - Call Test Case 'Test Cases/PFI Precision and Scale/HashMap Tables/PELists' successfully

2020-06-09 00:06:26 - [TEST_STEP][PASSED] - println(ValueFound): null

2020-06-09 00:06:26 - [TEST_STEP][PASSED] - sendKeys(NewInputNmField, Keys.chord(ARROW_DOWN)): Keys 'DOWN + ' sent to object: 'Object Repository/Objects.HighlightElements/input_field'

2020-06-09 00:06:26 - [MESSAGE][PASSED] - Keys 'DOWN + ' sent to object: 'Object Repository/Objects.HighlightElements/input_field'

2020-06-09 00:06:26 - [TEST_STEP][PASSED] - sendKeys(NewInputNmField, Keys.chord(ARROW_DOWN)): Keys 'DOWN + ' sent to object: 'Object Repository/Objects.HighlightElements/input_field'

2020-06-09 00:06:26 - [MESSAGE][PASSED] - Keys 'DOWN + ' sent to object: 'Object Repository/Objects.HighlightElements/input_field'

2020-06-09 00:06:26 - [TEST_STEP][PASSED] - delay(DelayTime): Delayed 5 second(s)

2020-06-09 00:06:31 - [MESSAGE][PASSED] - Delayed 5 second(s)

2020-06-09 00:06:31 - [TEST_STEP][PASSED] - sendKeys(NewInputNmField, Keys.chord(ENTER)): Keys 'ENTER + ' sent to object: 'Object Repository/Objects.HighlightElements/input_field'

2020-06-09 00:06:31 - [MESSAGE][PASSED] - Keys 'ENTER + ' sent to object: 'Object Repository/Objects.HighlightElements/input_field'

2020-06-09 00:06:31 - [TEST_STEP][PASSED] - ComboBoxValue = getAttribute(NewInputNmField, "value"): Attribute 'value' of object 'Object Repository/Objects.HighlightElements/input_field' is: 'QP-0014'

2020-06-09 00:06:31 - [MESSAGE][PASSED] - Attribute 'value' of object 'Object Repository/Objects.HighlightElements/input_field' is: 'QP-0014'

2020-06-09 00:06:31 - [TEST_STEP][PASSED] - callTestCase(findTestCase(CallTCName), ["FindValue":ComboBoxValue, "DropdownNm":comboNm], STOP_ON_FAILURE): Call Test Case 'Test Cases/PFI Precision and Scale/HashMap Tables/PELists' successfully

2020-06-09 00:06:32 - [TEST_CASE][PASSED] - Test Cases/PFI Precision and Scale/HashMap Tables/PELists: Test Cases/PFI Precision and Scale/HashMap Tables/PELists

2020-06-09 00:06:32 - [TEST_STEP][PASSED] - Thread.sleep(1000): null

2020-06-09 00:06:33 - [TEST_STEP][PASSED] - PEListsTBL = ["0011":"QP-Formatted Address", "0012":"QP-0012", "0014":"QP-0014", "0015":"QP-0015", "0016":"QP-0016", "3214":"Dummy QP Name 3861", ... ]: null

2020-06-09 00:06:33 - [TEST_STEP][PASSED] - switch (DropdownNm): null

2020-06-09 00:06:33 - [TEST_STEP][PASSED] - case "PEName":: null

2020-06-09 00:06:33 - [TEST_STEP][PASSED] - ValueFound = PEListsTBL.find({ -> ... }): null

2020-06-09 00:06:33 - [TEST_STEP][PASSED] - break: null

2020-06-09 00:06:33 - [MESSAGE][PASSED] - Call Test Case 'Test Cases/PFI Precision and Scale/HashMap Tables/PELists' successfully

2020-06-09 00:06:33 - [TEST_STEP][PASSED] - println(ValueFound): null

2020-06-09 00:06:33 - [TEST_STEP][PASSED] - sendKeys(NewInputNmField, Keys.chord(ARROW_DOWN)): Keys 'DOWN + ' sent to object: 'Object Repository/Objects.HighlightElements/input_field'

2020-06-09 00:06:33 - [MESSAGE][PASSED] - Keys 'DOWN + ' sent to object: 'Object Repository/Objects.HighlightElements/input_field'

2020-06-09 00:06:33 - [TEST_STEP][PASSED] - sendKeys(NewInputNmField, Keys.chord(ARROW_DOWN)): Keys 'DOWN + ' sent to object: 'Object Repository/Objects.HighlightElements/input_field'

2020-06-09 00:06:33 - [MESSAGE][PASSED] - Keys 'DOWN + ' sent to object: 'Object Repository/Objects.HighlightElements/input_field'

2020-06-09 00:06:33 - [TEST_STEP][PASSED] - delay(DelayTime): Delayed 5 second(s)

2020-06-09 00:06:38 - [MESSAGE][PASSED] - Delayed 5 second(s)

2020-06-09 00:06:38 - [TEST_STEP][PASSED] - sendKeys(NewInputNmField, Keys.chord(ENTER)): Keys 'ENTER + ' sent to object: 'Object Repository/Objects.HighlightElements/input_field'

2020-06-09 00:06:38 - [MESSAGE][PASSED] - Keys 'ENTER + ' sent to object: 'Object Repository/Objects.HighlightElements/input_field'

2020-06-09 00:06:38 - [TEST_STEP][PASSED] - ComboBoxValue = getAttribute(NewInputNmField, "value"): Attribute 'value' of object 'Object Repository/Objects.HighlightElements/input_field' is: 'QP-0012'

2020-06-09 00:06:38 - [MESSAGE][PASSED] - Attribute 'value' of object 'Object Repository/Objects.HighlightElements/input_field' is: 'QP-0012'

2020-06-09 00:06:38 - [TEST_STEP][PASSED] - callTestCase(findTestCase(CallTCName), ["FindValue":ComboBoxValue, "DropdownNm":comboNm], STOP_ON_FAILURE): Call Test Case 'Test Cases/PFI Precision and Scale/HashMap Tables/PELists' successfully

2020-06-09 00:06:38 - [TEST_CASE][PASSED] - Test Cases/PFI Precision and Scale/HashMap Tables/PELists: Test Cases/PFI Precision and Scale/HashMap Tables/PELists

2020-06-09 00:06:38 - [TEST_STEP][PASSED] - Thread.sleep(1000): null

2020-06-09 00:06:39 - [TEST_STEP][PASSED] - PEListsTBL = ["0011":"QP-Formatted Address", "0012":"QP-0012", "0014":"QP-0014", "0015":"QP-0015", "0016":"QP-0016", "3214":"Dummy QP Name 3861", ... ]: null

2020-06-09 00:06:39 - [TEST_STEP][PASSED] - switch (DropdownNm): null

2020-06-09 00:06:39 - [TEST_STEP][PASSED] - case "PEName":: null

2020-06-09 00:06:39 - [TEST_STEP][PASSED] - ValueFound = PEListsTBL.find({ -> ... }): null

2020-06-09 00:06:39 - [TEST_STEP][PASSED] - break: null

2020-06-09 00:06:39 - [MESSAGE][PASSED] - Call Test Case 'Test Cases/PFI Precision and Scale/HashMap Tables/PELists' successfully

2020-06-09 00:06:39 - [TEST_STEP][PASSED] - println(ValueFound): null

2020-06-09 00:06:39 - [TEST_STEP][PASSED] - sendKeys(NewInputNmField, Keys.chord(ARROW_DOWN)): Keys 'DOWN + ' sent to object: 'Object Repository/Objects.HighlightElements/input_field'

2020-06-09 00:06:39 - [MESSAGE][PASSED] - Keys 'DOWN + ' sent to object: 'Object Repository/Objects.HighlightElements/input_field'

2020-06-09 00:06:39 - [TEST_STEP][PASSED] - sendKeys(NewInputNmField, Keys.chord(ARROW_DOWN)): Keys 'DOWN + ' sent to object: 'Object Repository/Objects.HighlightElements/input_field'

2020-06-09 00:06:39 - [MESSAGE][PASSED] - Keys 'DOWN + ' sent to object: 'Object Repository/Objects.HighlightElements/input_field'

2020-06-09 00:06:39 - [TEST_STEP][PASSED] - delay(DelayTime): Delayed 5 second(s)

2020-06-09 00:06:44 - [MESSAGE][PASSED] - Delayed 5 second(s)

2020-06-09 00:06:44 - [TEST_STEP][PASSED] - sendKeys(NewInputNmField, Keys.chord(ENTER)): Keys 'ENTER + ' sent to object: 'Object Repository/Objects.HighlightElements/input_field'

2020-06-09 00:06:44 - [MESSAGE][PASSED] - Keys 'ENTER + ' sent to object: 'Object Repository/Objects.HighlightElements/input_field'

2020-06-09 00:06:44 - [TEST_STEP][PASSED] - ComboBoxValue = getAttribute(NewInputNmField, "value"): Attribute 'value' of object 'Object Repository/Objects.HighlightElements/input_field' is: 'QP-Formatted Address'

2020-06-09 00:06:44 - [MESSAGE][PASSED] - Attribute 'value' of object 'Object Repository/Objects.HighlightElements/input_field' is: 'QP-Formatted Address'

2020-06-09 00:06:44 - [TEST_STEP][PASSED] - callTestCase(findTestCase(CallTCName), ["FindValue":ComboBoxValue, "DropdownNm":comboNm], STOP_ON_FAILURE): Call Test Case 'Test Cases/PFI Precision and Scale/HashMap Tables/PELists' successfully

2020-06-09 00:06:44 - [TEST_CASE][PASSED] - Test Cases/PFI Precision and Scale/HashMap Tables/PELists: Test Cases/PFI Precision and Scale/HashMap Tables/PELists

2020-06-09 00:06:44 - [TEST_STEP][PASSED] - Thread.sleep(1000): null

2020-06-09 00:06:45 - [TEST_STEP][PASSED] - PEListsTBL = ["0011":"QP-Formatted Address", "0012":"QP-0012", "0014":"QP-0014", "0015":"QP-0015", "0016":"QP-0016", "3214":"Dummy QP Name 3861", ... ]: null

2020-06-09 00:06:45 - [TEST_STEP][PASSED] - switch (DropdownNm): null

2020-06-09 00:06:45 - [TEST_STEP][PASSED] - case "PEName":: null

2020-06-09 00:06:45 - [TEST_STEP][PASSED] - ValueFound = PEListsTBL.find({ -> ... }): null

2020-06-09 00:06:45 - [TEST_STEP][PASSED] - break: null

2020-06-09 00:06:45 - [MESSAGE][PASSED] - Call Test Case 'Test Cases/PFI Precision and Scale/HashMap Tables/PELists' successfully

2020-06-09 00:06:45 - [TEST_STEP][PASSED] - println(ValueFound): null

2020-06-09 00:06:45 - [TEST_STEP][PASSED] - sendKeys(NewInputNmField, Keys.chord(ARROW_DOWN)): Keys 'DOWN + ' sent to object: 'Object Repository/Objects.HighlightElements/input_field'

2020-06-09 00:06:45 - [MESSAGE][PASSED] - Keys 'DOWN + ' sent to object: 'Object Repository/Objects.HighlightElements/input_field'

2020-06-09 00:06:45 - [TEST_STEP][PASSED] - sendKeys(NewInputNmField, Keys.chord(ARROW_DOWN)): Keys 'DOWN + ' sent to object: 'Object Repository/Objects.HighlightElements/input_field'

2020-06-09 00:06:45 - [MESSAGE][PASSED] - Keys 'DOWN + ' sent to object: 'Object Repository/Objects.HighlightElements/input_field'

2020-06-09 00:06:45 - [TEST_STEP][PASSED] - delay(DelayTime): Delayed 5 second(s)

2020-06-09 00:06:50 - [MESSAGE][PASSED] - Delayed 5 second(s)

2020-06-09 00:06:50 - [TEST_STEP][PASSED] - sendKeys(NewInputNmField, Keys.chord(ENTER)): Keys 'ENTER + ' sent to object: 'Object Repository/Objects.HighlightElements/input_field'

2020-06-09 00:06:50 - [MESSAGE][PASSED] - Keys 'ENTER + ' sent to object: 'Object Repository/Objects.HighlightElements/input_field'

2020-06-09 00:06:50 - [TEST_STEP][PASSED] - ComboBoxValue = getAttribute(NewInputNmField, "value"): Attribute 'value' of object 'Object Repository/Objects.HighlightElements/input_field' is: 'QP-7004'

2020-06-09 00:06:50 - [MESSAGE][PASSED] - Attribute 'value' of object 'Object Repository/Objects.HighlightElements/input_field' is: 'QP-7004'

2020-06-09 00:06:50 - [TEST_STEP][PASSED] - callTestCase(findTestCase(CallTCName), ["FindValue":ComboBoxValue, "DropdownNm":comboNm], STOP_ON_FAILURE): Call Test Case 'Test Cases/PFI Precision and Scale/HashMap Tables/PELists' successfully

2020-06-09 00:06:50 - [TEST_CASE][PASSED] - Test Cases/PFI Precision and Scale/HashMap Tables/PELists: Test Cases/PFI Precision and Scale/HashMap Tables/PELists

2020-06-09 00:06:50 - [TEST_STEP][PASSED] - Thread.sleep(1000): null

2020-06-09 00:06:51 - [TEST_STEP][PASSED] - PEListsTBL = ["0011":"QP-Formatted Address", "0012":"QP-0012", "0014":"QP-0014", "0015":"QP-0015", "0016":"QP-0016", "3214":"Dummy QP Name 3861", ... ]: null

2020-06-09 00:06:51 - [TEST_STEP][PASSED] - switch (DropdownNm): null

2020-06-09 00:06:51 - [TEST_STEP][PASSED] - case "PEName":: null

2020-06-09 00:06:51 - [TEST_STEP][PASSED] - ValueFound = PEListsTBL.find({ -> ... }): null

2020-06-09 00:06:51 - [TEST_STEP][PASSED] - break: null

2020-06-09 00:06:51 - [MESSAGE][PASSED] - Call Test Case 'Test Cases/PFI Precision and Scale/HashMap Tables/PELists' successfully

2020-06-09 00:06:51 - [TEST_STEP][PASSED] - println(ValueFound): null

2020-06-09 00:06:51 - [TEST_STEP][PASSED] - sendKeys(NewInputNmField, Keys.chord(ARROW_DOWN)): Keys 'DOWN + ' sent to object: 'Object Repository/Objects.HighlightElements/input_field'

2020-06-09 00:06:51 - [MESSAGE][PASSED] - Keys 'DOWN + ' sent to object: 'Object Repository/Objects.HighlightElements/input_field'

2020-06-09 00:06:51 - [TEST_STEP][PASSED] - sendKeys(NewInputNmField, Keys.chord(ARROW_DOWN)): Keys 'DOWN + ' sent to object: 'Object Repository/Objects.HighlightElements/input_field'

2020-06-09 00:06:51 - [MESSAGE][PASSED] - Keys 'DOWN + ' sent to object: 'Object Repository/Objects.HighlightElements/input_field'

2020-06-09 00:06:51 - [TEST_STEP][PASSED] - delay(DelayTime): Delayed 5 second(s)

2020-06-09 00:06:56 - [MESSAGE][PASSED] - Delayed 5 second(s)

2020-06-09 00:06:56 - [TEST_STEP][PASSED] - sendKeys(NewInputNmField, Keys.chord(ENTER)): Keys 'ENTER + ' sent to object: 'Object Repository/Objects.HighlightElements/input_field'

2020-06-09 00:06:56 - [MESSAGE][PASSED] - Keys 'ENTER + ' sent to object: 'Object Repository/Objects.HighlightElements/input_field'

2020-06-09 00:06:56 - [TEST_STEP][PASSED] - ComboBoxValue = getAttribute(NewInputNmField, "value"): Attribute 'value' of object 'Object Repository/Objects.HighlightElements/input_field' is: 'Janet Waters'

2020-06-09 00:06:56 - [MESSAGE][PASSED] - Attribute 'value' of object 'Object Repository/Objects.HighlightElements/input_field' is: 'Janet Waters'

2020-06-09 00:06:56 - [TEST_STEP][PASSED] - callTestCase(findTestCase(CallTCName), ["FindValue":ComboBoxValue, "DropdownNm":comboNm], STOP_ON_FAILURE): Call Test Case 'Test Cases/PFI Precision and Scale/HashMap Tables/PELists' successfully

2020-06-09 00:06:56 - [TEST_CASE][PASSED] - Test Cases/PFI Precision and Scale/HashMap Tables/PELists: Test Cases/PFI Precision and Scale/HashMap Tables/PELists

2020-06-09 00:06:56 - [TEST_STEP][PASSED] - Thread.sleep(1000): null

2020-06-09 00:06:57 - [TEST_STEP][PASSED] - PEListsTBL = ["0011":"QP-Formatted Address", "0012":"QP-0012", "0014":"QP-0014", "0015":"QP-0015", "0016":"QP-0016", "3214":"Dummy QP Name 3861", ... ]: null

2020-06-09 00:06:57 - [TEST_STEP][PASSED] - switch (DropdownNm): null

2020-06-09 00:06:57 - [TEST_STEP][PASSED] - case "PEName":: null

2020-06-09 00:06:57 - [TEST_STEP][PASSED] - ValueFound = PEListsTBL.find({ -> ... }): null

2020-06-09 00:06:57 - [TEST_STEP][PASSED] - break: null

2020-06-09 00:06:57 - [MESSAGE][PASSED] - Call Test Case 'Test Cases/PFI Precision and Scale/HashMap Tables/PELists' successfully

2020-06-09 00:06:57 - [TEST_STEP][PASSED] - println(ValueFound): null

2020-06-09 00:06:57 - [TEST_STEP][PASSED] - sendKeys(NewInputNmField, Keys.chord(ARROW_DOWN)): Keys 'DOWN + ' sent to object: 'Object Repository/Objects.HighlightElements/input_field'

2020-06-09 00:06:57 - [MESSAGE][PASSED] - Keys 'DOWN + ' sent to object: 'Object Repository/Objects.HighlightElements/input_field'

2020-06-09 00:06:57 - [TEST_STEP][PASSED] - sendKeys(NewInputNmField, Keys.chord(ARROW_DOWN)): Keys 'DOWN + ' sent to object: 'Object Repository/Objects.HighlightElements/input_field'

2020-06-09 00:06:57 - [MESSAGE][PASSED] - Keys 'DOWN + ' sent to object: 'Object Repository/Objects.HighlightElements/input_field'

2020-06-09 00:06:57 - [TEST_STEP][PASSED] - delay(DelayTime): Delayed 5 second(s)

2020-06-09 00:07:02 - [MESSAGE][PASSED] - Delayed 5 second(s)

2020-06-09 00:07:02 - [TEST_STEP][PASSED] - sendKeys(NewInputNmField, Keys.chord(ENTER)): Keys 'ENTER + ' sent to object: 'Object Repository/Objects.HighlightElements/input_field'

2020-06-09 00:07:03 - [MESSAGE][PASSED] - Keys 'ENTER + ' sent to object: 'Object Repository/Objects.HighlightElements/input_field'

2020-06-09 00:07:03 - [TEST_STEP][PASSED] - ComboBoxValue = getAttribute(NewInputNmField, "value"): Attribute 'value' of object 'Object Repository/Objects.HighlightElements/input_field' is: 'Mrs. Mikayla Romaguera Sr.'

2020-06-09 00:07:03 - [MESSAGE][PASSED] - Attribute 'value' of object 'Object Repository/Objects.HighlightElements/input_field' is: 'Mrs. Mikayla Romaguera Sr.'

2020-06-09 00:07:03 - [TEST_STEP][PASSED] - callTestCase(findTestCase(CallTCName), ["FindValue":ComboBoxValue, "DropdownNm":comboNm], STOP_ON_FAILURE): Call Test Case 'Test Cases/PFI Precision and Scale/HashMap Tables/PELists' successfully

2020-06-09 00:07:03 - [TEST_CASE][PASSED] - Test Cases/PFI Precision and Scale/HashMap Tables/PELists: Test Cases/PFI Precision and Scale/HashMap Tables/PELists

2020-06-09 00:07:03 - [TEST_STEP][PASSED] - Thread.sleep(1000): null

2020-06-09 00:07:04 - [TEST_STEP][PASSED] - PEListsTBL = ["0011":"QP-Formatted Address", "0012":"QP-0012", "0014":"QP-0014", "0015":"QP-0015", "0016":"QP-0016", "3214":"Dummy QP Name 3861", ... ]: null

2020-06-09 00:07:04 - [TEST_STEP][PASSED] - switch (DropdownNm): null

2020-06-09 00:07:04 - [TEST_STEP][PASSED] - case "PEName":: null

2020-06-09 00:07:04 - [TEST_STEP][PASSED] - ValueFound = PEListsTBL.find({ -> ... }): null

2020-06-09 00:07:04 - [TEST_STEP][PASSED] - break: null

2020-06-09 00:07:04 - [MESSAGE][PASSED] - Call Test Case 'Test Cases/PFI Precision and Scale/HashMap Tables/PELists' successfully

2020-06-09 00:07:04 - [TEST_STEP][PASSED] - println(ValueFound): null

2020-06-09 00:07:04 - [TEST_STEP][PASSED] - sendKeys(NewInputNmField, Keys.chord(ARROW_DOWN)): Keys 'DOWN + ' sent to object: 'Object Repository/Objects.HighlightElements/input_field'

2020-06-09 00:07:04 - [MESSAGE][PASSED] - Keys 'DOWN + ' sent to object: 'Object Repository/Objects.HighlightElements/input_field'

2020-06-09 00:07:04 - [TEST_STEP][PASSED] - sendKeys(NewInputNmField, Keys.chord(ENTER)): Keys 'ENTER + ' sent to object: 'Object Repository/Objects.HighlightElements/input_field'

2020-06-09 00:07:04 - [MESSAGE][PASSED] - Keys 'ENTER + ' sent to object: 'Object Repository/Objects.HighlightElements/input_field'

2020-06-09 00:07:04 - [MESSAGE][PASSED] - Call Test Case 'Test Cases/PFI Precision and Scale/PFI Components/VerifyDropdownValues' successfully

2020-06-09 00:07:04 - [TEST_STEP][PASSED] - callTestCase(findTestCase("Components/ClickCancelIcon"), [:], STOP_ON_FAILURE): Call Test Case 'Test Cases/Components/ClickCancelIcon' successfully

2020-06-09 00:07:04 - [TEST_CASE][PASSED] - Test Cases/Components/ClickCancelIcon: Test Cases/Components/ClickCancelIcon

2020-06-09 00:07:04 - [TEST_STEP][PASSED] - Thread.sleep(1000): null

2020-06-09 00:07:05 - [TEST_STEP][PASSED] - com.reusableComponents.HighlightElement.run(findTestObject("Object Repository/Objects.ActionButtons/Cancel_Icon")): com.reusableComponents.HighlightElement.run is PASSED

2020-06-09 00:07:05 - [MESSAGE][PASSED] - com.reusableComponents.HighlightElement.run is PASSED

2020-06-09 00:07:05 - [TEST_STEP][PASSED] - click(findTestObject("Object Repository/Objects.ActionButtons/Cancel_Icon")): Object: 'Object Repository/Objects.ActionButtons/Cancel_Icon' is clicked on

2020-06-09 00:07:06 - [MESSAGE][PASSED] - Object: 'Object Repository/Objects.ActionButtons/Cancel_Icon' is clicked on

2020-06-09 00:07:06 - [MESSAGE][PASSED] - Call Test Case 'Test Cases/Components/ClickCancelIcon' successfully

2020-06-09 00:07:06 - [TEST_STEP][NOT_RUN] - callTestCase(findTestCase("Components/Logout"), ["LogoutPageTextToBeVerified":findTestData("Datatable").getValue("HomeBanner", 2)], STOP_ON_FAILURE): NOT_RUN: callTestCase(findTestCase("Components/Logout"), ["LogoutPageTextToBeVerified":findTestData("Datatable").getValue("HomeBanner", 2)], STOP_ON_FAILURE)

2020-06-09 00:07:06 - [MESSAGE][NOT_RUN] - NOT_RUN: callTestCase(findTestCase("Components/Logout"), ["LogoutPageTextToBeVerified":findTestData("Datatable").getValue("HomeBanner", 2)], STOP_ON_FAILURE)]]></system-out>
         <system-err><![CDATA[]]></system-err>
      </testcase>
      <testcase name="Test Cases/PFI Precision and Scale/PFI Test Cases/Process Case (PFI)/PFI.D2FormsLHS" time="126.136" classname="Test Cases/PFI Precision and Scale/PFI Test Cases/Process Case (PFI)/PFI.D2FormsLHS" status="PASSED">
         <system-out><![CDATA[2020-06-09 00:07:06 - [TEST_CASE][PASSED] - Test Cases/PFI Precision and Scale/PFI Test Cases/Process Case (PFI)/PFI.D2FormsLHS: Test Cases/PFI Precision and Scale/PFI Test Cases/Process Case (PFI)/PFI.D2FormsLHS

2020-06-09 00:07:06 - [TEST_STEP][NOT_RUN] - callTestCase(findTestCase("Components/LoginV2.0"), ["LinkToBeUsed":findTestData("Datatable").getValue("URL", 16), "LoginPageTextToBeVerified":findTestData("Datatable").getValue("HomeBanner", 2), ... ], STOP_ON_FAILURE): NOT_RUN: callTestCase(findTestCase("Components/LoginV2.0"), ["LinkToBeUsed":findTestData("Datatable").getValue("URL", 16), "LoginPageTextToBeVerified":findTestData("Datatable").getValue("HomeBanner", 2), ... ], STOP_ON_FAILURE)

2020-06-09 00:07:06 - [MESSAGE][NOT_RUN] - NOT_RUN: callTestCase(findTestCase("Components/LoginV2.0"), ["LinkToBeUsed":findTestData("Datatable").getValue("URL", 16), "LoginPageTextToBeVerified":findTestData("Datatable").getValue("HomeBanner", 2), ... ], STOP_ON_FAILURE)

2020-06-09 00:07:06 - [TEST_STEP][NOT_RUN] - callTestCase(findTestCase("Components/Filter"), ["taskDescription":"Process Case (SM)"], STOP_ON_FAILURE): NOT_RUN: callTestCase(findTestCase("Components/Filter"), ["taskDescription":"Process Case (SM)"], STOP_ON_FAILURE)

2020-06-09 00:07:06 - [MESSAGE][NOT_RUN] - NOT_RUN: callTestCase(findTestCase("Components/Filter"), ["taskDescription":"Process Case (SM)"], STOP_ON_FAILURE)

2020-06-09 00:07:06 - [TEST_STEP][NOT_RUN] - callTestCase(findTestCase("Components/ClickLinkDependingOnTextAndIndex"), ["linkName":"Process Case (SM)", "index":"2"], STOP_ON_FAILURE): NOT_RUN: callTestCase(findTestCase("Components/ClickLinkDependingOnTextAndIndex"), ["linkName":"Process Case (SM)", "index":"2"], STOP_ON_FAILURE)

2020-06-09 00:07:06 - [MESSAGE][NOT_RUN] - NOT_RUN: callTestCase(findTestCase("Components/ClickLinkDependingOnTextAndIndex"), ["linkName":"Process Case (SM)", "index":"2"], STOP_ON_FAILURE)

2020-06-09 00:07:06 - [TEST_STEP][PASSED] - callTestCase(findTestCase("Components/NavigateToAnyLHS"), ["LHS":"D2 Forms (Second Stage)"], STOP_ON_FAILURE): Call Test Case 'Test Cases/Components/NavigateToAnyLHS' successfully

2020-06-09 00:07:06 - [TEST_CASE][PASSED] - Test Cases/Components/NavigateToAnyLHS: Test Cases/Components/NavigateToAnyLHS

2020-06-09 00:07:06 - [TEST_STEP][PASSED] - Thread.sleep(1000): null

2020-06-09 00:07:07 - [TEST_STEP][PASSED] - modifiedLHS = modifyObjectProperty(findTestObject("Objects.NavigateToAnyLHS/Page_ISPS2/LHSToModify"), "text", "equals", LHS, true): Modify property of object successfully

2020-06-09 00:07:07 - [MESSAGE][PASSED] - Modify property of object successfully

2020-06-09 00:07:07 - [TEST_STEP][PASSED] - click(modifiedLHS): Object: 'Object Repository/Objects.NavigateToAnyLHS/Page_ISPS2/LHSToModify' is clicked on

2020-06-09 00:07:07 - [MESSAGE][PASSED] - Object: 'Object Repository/Objects.NavigateToAnyLHS/Page_ISPS2/LHSToModify' is clicked on

2020-06-09 00:07:07 - [TEST_STEP][PASSED] - currentLHS = getText(modifiedLHS): Text of object 'Object Repository/Objects.NavigateToAnyLHS/Page_ISPS2/LHSToModify' is: 'D2 Forms (Second Stage)'

2020-06-09 00:07:07 - [MESSAGE][PASSED] - Text of object 'Object Repository/Objects.NavigateToAnyLHS/Page_ISPS2/LHSToModify' is: 'D2 Forms (Second Stage)'

2020-06-09 00:07:07 - [TEST_STEP][PASSED] - Thread.sleep(5000): null

2020-06-09 00:07:12 - [MESSAGE][PASSED] - Call Test Case 'Test Cases/Components/NavigateToAnyLHS' successfully

2020-06-09 00:07:12 - [TEST_STEP][PASSED] - callTestCase(findTestCase("Components/VerifyPageSuccessfullyLoadedII"), ["PageNm":"D Forms (Second Stage)"], STOP_ON_FAILURE): Call Test Case 'Test Cases/Components/VerifyPageSuccessfullyLoadedII' successfully

2020-06-09 00:07:12 - [TEST_CASE][PASSED] - Test Cases/Components/VerifyPageSuccessfullyLoadedII: Test Cases/Components/VerifyPageSuccessfullyLoadedII

2020-06-09 00:07:12 - [TEST_STEP][PASSED] - waitForPageLoad(5): Wait for page load successfully

2020-06-09 00:07:12 - [MESSAGE][PASSED] - Wait for page load successfully

2020-06-09 00:07:12 - [TEST_STEP][PASSED] - modifiedInputFld = modifyObjectProperty(findTestObject("Object Repository/Objects.VerifyPageSuccessfullyLoaded/PageHeaderIndex"), "xpath", "equals", "//*[contains(@class,'isps-page-title') and contains(text(),'" + PageNm + "')]", true): Modify property of object successfully

2020-06-09 00:07:12 - [MESSAGE][PASSED] - Modify property of object successfully

2020-06-09 00:07:12 - [TEST_STEP][PASSED] - com.reusableComponents.HighlightElement.run(modifiedInputFld): com.reusableComponents.HighlightElement.run is PASSED

2020-06-09 00:07:13 - [MESSAGE][PASSED] - com.reusableComponents.HighlightElement.run is PASSED

2020-06-09 00:07:13 - [MESSAGE][PASSED] - Call Test Case 'Test Cases/Components/VerifyPageSuccessfullyLoadedII' successfully

2020-06-09 00:07:13 - [TEST_STEP][PASSED] - callTestCase(findTestCase("Components/ClickSubmitButton"), [:], STOP_ON_FAILURE): Call Test Case 'Test Cases/Components/ClickSubmitButton' successfully

2020-06-09 00:07:13 - [TEST_CASE][PASSED] - Test Cases/Components/ClickSubmitButton: Test Cases/Components/ClickSubmitButton

2020-06-09 00:07:13 - [TEST_STEP][PASSED] - Thread.sleep(1000): null

2020-06-09 00:07:14 - [TEST_STEP][PASSED] - com.reusableComponents.HighlightElement.run(findTestObject("Objects.ClickSubmitButton/XP_SubmitButton")): com.reusableComponents.HighlightElement.run is PASSED

2020-06-09 00:07:14 - [MESSAGE][PASSED] - com.reusableComponents.HighlightElement.run is PASSED

2020-06-09 00:07:14 - [TEST_STEP][PASSED] - click(findTestObject("Objects.ClickSubmitButton/XP_SubmitButton")): Object: 'Object Repository/Objects.ClickSubmitButton/XP_SubmitButton' is clicked on

2020-06-09 00:07:15 - [MESSAGE][PASSED] - Object: 'Object Repository/Objects.ClickSubmitButton/XP_SubmitButton' is clicked on

2020-06-09 00:07:15 - [MESSAGE][PASSED] - Call Test Case 'Test Cases/Components/ClickSubmitButton' successfully

2020-06-09 00:07:15 - [TEST_STEP][PASSED] - callTestCase(findTestCase("PFI Precision and Scale/PFI Components/RequiredFieldValidation"), ["nameToBeUsed":"d2RecvDt"], STOP_ON_FAILURE): Call Test Case 'Test Cases/PFI Precision and Scale/PFI Components/RequiredFieldValidation' successfully

2020-06-09 00:07:15 - [TEST_CASE][PASSED] - Test Cases/PFI Precision and Scale/PFI Components/RequiredFieldValidation: Test Cases/PFI Precision and Scale/PFI Components/RequiredFieldValidation

2020-06-09 00:07:15 - [TEST_STEP][PASSED] - Thread.sleep(1000): null

2020-06-09 00:07:16 - [TEST_STEP][PASSED] - NewInputNmField = modifyObjectProperty(findTestObject("Objects.HighlightElements/input_field"), "name", "equals", nameToBeUsed, true): Modify property of object successfully

2020-06-09 00:07:16 - [MESSAGE][PASSED] - Modify property of object successfully

2020-06-09 00:07:16 - [TEST_STEP][PASSED] - mouseOver(NewInputNmField): Object: 'Object Repository/Objects.HighlightElements/input_field' is hovered

2020-06-09 00:07:16 - [MESSAGE][PASSED] - Object: 'Object Repository/Objects.HighlightElements/input_field' is hovered

2020-06-09 00:07:16 - [TEST_STEP][PASSED] - getRqErrMsg = getAttribute(NewInputNmField, "data-errorqtip"): Attribute 'data-errorqtip' of object 'Object Repository/Objects.HighlightElements/input_field' is: '<ul class="x-list-plain"><li>This field is required</li></ul>'

2020-06-09 00:07:16 - [MESSAGE][PASSED] - Attribute 'data-errorqtip' of object 'Object Repository/Objects.HighlightElements/input_field' is: '<ul class="x-list-plain"><li>This field is required</li></ul>'

2020-06-09 00:07:16 - [TEST_STEP][PASSED] - strToolTip = getRqErrMsg.substring(29, 61): null

2020-06-09 00:07:16 - [TEST_STEP][PASSED] - toolTipReqErrMsg = strToolTip.substring(0, 22): null

2020-06-09 00:07:16 - [TEST_STEP][PASSED] - verifyMatch(toolTipReqErrMsg, RqField, true): Actual text 'This field is required' and expected text 'This field is required' are matched  using regular expression

2020-06-09 00:07:16 - [MESSAGE][PASSED] - Actual text 'This field is required' and expected text 'This field is required' are matched  using regular expression

2020-06-09 00:07:16 - [MESSAGE][PASSED] - Call Test Case 'Test Cases/PFI Precision and Scale/PFI Components/RequiredFieldValidation' successfully

2020-06-09 00:07:16 - [TEST_STEP][PASSED] - callTestCase(findTestCase("PFI Precision and Scale/PFI Components/RequiredFieldValidation"), ["nameToBeUsed":"d2ComplDt"], STOP_ON_FAILURE): Call Test Case 'Test Cases/PFI Precision and Scale/PFI Components/RequiredFieldValidation' successfully

2020-06-09 00:07:16 - [TEST_CASE][PASSED] - Test Cases/PFI Precision and Scale/PFI Components/RequiredFieldValidation: Test Cases/PFI Precision and Scale/PFI Components/RequiredFieldValidation

2020-06-09 00:07:16 - [TEST_STEP][PASSED] - Thread.sleep(1000): null

2020-06-09 00:07:17 - [TEST_STEP][PASSED] - NewInputNmField = modifyObjectProperty(findTestObject("Objects.HighlightElements/input_field"), "name", "equals", nameToBeUsed, true): Modify property of object successfully

2020-06-09 00:07:17 - [MESSAGE][PASSED] - Modify property of object successfully

2020-06-09 00:07:17 - [TEST_STEP][PASSED] - mouseOver(NewInputNmField): Object: 'Object Repository/Objects.HighlightElements/input_field' is hovered

2020-06-09 00:07:17 - [MESSAGE][PASSED] - Object: 'Object Repository/Objects.HighlightElements/input_field' is hovered

2020-06-09 00:07:17 - [TEST_STEP][PASSED] - getRqErrMsg = getAttribute(NewInputNmField, "data-errorqtip"): Attribute 'data-errorqtip' of object 'Object Repository/Objects.HighlightElements/input_field' is: '<ul class="x-list-plain"><li>This field is required</li></ul>'

2020-06-09 00:07:17 - [MESSAGE][PASSED] - Attribute 'data-errorqtip' of object 'Object Repository/Objects.HighlightElements/input_field' is: '<ul class="x-list-plain"><li>This field is required</li></ul>'

2020-06-09 00:07:17 - [TEST_STEP][PASSED] - strToolTip = getRqErrMsg.substring(29, 61): null

2020-06-09 00:07:17 - [TEST_STEP][PASSED] - toolTipReqErrMsg = strToolTip.substring(0, 22): null

2020-06-09 00:07:17 - [TEST_STEP][PASSED] - verifyMatch(toolTipReqErrMsg, RqField, true): Actual text 'This field is required' and expected text 'This field is required' are matched  using regular expression

2020-06-09 00:07:17 - [MESSAGE][PASSED] - Actual text 'This field is required' and expected text 'This field is required' are matched  using regular expression

2020-06-09 00:07:17 - [MESSAGE][PASSED] - Call Test Case 'Test Cases/PFI Precision and Scale/PFI Components/RequiredFieldValidation' successfully

2020-06-09 00:07:17 - [TEST_STEP][PASSED] - callTestCase(findTestCase("PFI Precision and Scale/PFI Components/RequiredFieldValidation"), ["nameToBeUsed":"d2aRecvDt"], STOP_ON_FAILURE): Call Test Case 'Test Cases/PFI Precision and Scale/PFI Components/RequiredFieldValidation' successfully

2020-06-09 00:07:17 - [TEST_CASE][PASSED] - Test Cases/PFI Precision and Scale/PFI Components/RequiredFieldValidation: Test Cases/PFI Precision and Scale/PFI Components/RequiredFieldValidation

2020-06-09 00:07:17 - [TEST_STEP][PASSED] - Thread.sleep(1000): null

2020-06-09 00:07:18 - [TEST_STEP][PASSED] - NewInputNmField = modifyObjectProperty(findTestObject("Objects.HighlightElements/input_field"), "name", "equals", nameToBeUsed, true): Modify property of object successfully

2020-06-09 00:07:18 - [MESSAGE][PASSED] - Modify property of object successfully

2020-06-09 00:07:18 - [TEST_STEP][PASSED] - mouseOver(NewInputNmField): Object: 'Object Repository/Objects.HighlightElements/input_field' is hovered

2020-06-09 00:07:19 - [MESSAGE][PASSED] - Object: 'Object Repository/Objects.HighlightElements/input_field' is hovered

2020-06-09 00:07:19 - [TEST_STEP][PASSED] - getRqErrMsg = getAttribute(NewInputNmField, "data-errorqtip"): Attribute 'data-errorqtip' of object 'Object Repository/Objects.HighlightElements/input_field' is: '<ul class="x-list-plain"><li>This field is required</li></ul>'

2020-06-09 00:07:19 - [MESSAGE][PASSED] - Attribute 'data-errorqtip' of object 'Object Repository/Objects.HighlightElements/input_field' is: '<ul class="x-list-plain"><li>This field is required</li></ul>'

2020-06-09 00:07:19 - [TEST_STEP][PASSED] - strToolTip = getRqErrMsg.substring(29, 61): null

2020-06-09 00:07:19 - [TEST_STEP][PASSED] - toolTipReqErrMsg = strToolTip.substring(0, 22): null

2020-06-09 00:07:19 - [TEST_STEP][PASSED] - verifyMatch(toolTipReqErrMsg, RqField, true): Actual text 'This field is required' and expected text 'This field is required' are matched  using regular expression

2020-06-09 00:07:19 - [MESSAGE][PASSED] - Actual text 'This field is required' and expected text 'This field is required' are matched  using regular expression

2020-06-09 00:07:19 - [MESSAGE][PASSED] - Call Test Case 'Test Cases/PFI Precision and Scale/PFI Components/RequiredFieldValidation' successfully

2020-06-09 00:07:19 - [TEST_STEP][PASSED] - callTestCase(findTestCase("PFI Precision and Scale/PFI Components/RequiredFieldValidation"), ["nameToBeUsed":"d2aComplDt"], STOP_ON_FAILURE): Call Test Case 'Test Cases/PFI Precision and Scale/PFI Components/RequiredFieldValidation' successfully

2020-06-09 00:07:19 - [TEST_CASE][PASSED] - Test Cases/PFI Precision and Scale/PFI Components/RequiredFieldValidation: Test Cases/PFI Precision and Scale/PFI Components/RequiredFieldValidation

2020-06-09 00:07:19 - [TEST_STEP][PASSED] - Thread.sleep(1000): null

2020-06-09 00:07:20 - [TEST_STEP][PASSED] - NewInputNmField = modifyObjectProperty(findTestObject("Objects.HighlightElements/input_field"), "name", "equals", nameToBeUsed, true): Modify property of object successfully

2020-06-09 00:07:20 - [MESSAGE][PASSED] - Modify property of object successfully

2020-06-09 00:07:20 - [TEST_STEP][PASSED] - mouseOver(NewInputNmField): Object: 'Object Repository/Objects.HighlightElements/input_field' is hovered

2020-06-09 00:07:20 - [MESSAGE][PASSED] - Object: 'Object Repository/Objects.HighlightElements/input_field' is hovered

2020-06-09 00:07:20 - [TEST_STEP][PASSED] - getRqErrMsg = getAttribute(NewInputNmField, "data-errorqtip"): Attribute 'data-errorqtip' of object 'Object Repository/Objects.HighlightElements/input_field' is: '<ul class="x-list-plain"><li>This field is required</li></ul>'

2020-06-09 00:07:20 - [MESSAGE][PASSED] - Attribute 'data-errorqtip' of object 'Object Repository/Objects.HighlightElements/input_field' is: '<ul class="x-list-plain"><li>This field is required</li></ul>'

2020-06-09 00:07:20 - [TEST_STEP][PASSED] - strToolTip = getRqErrMsg.substring(29, 61): null

2020-06-09 00:07:20 - [TEST_STEP][PASSED] - toolTipReqErrMsg = strToolTip.substring(0, 22): null

2020-06-09 00:07:20 - [TEST_STEP][PASSED] - verifyMatch(toolTipReqErrMsg, RqField, true): Actual text 'This field is required' and expected text 'This field is required' are matched  using regular expression

2020-06-09 00:07:20 - [MESSAGE][PASSED] - Actual text 'This field is required' and expected text 'This field is required' are matched  using regular expression

2020-06-09 00:07:20 - [MESSAGE][PASSED] - Call Test Case 'Test Cases/PFI Precision and Scale/PFI Components/RequiredFieldValidation' successfully

2020-06-09 00:07:20 - [TEST_STEP][PASSED] - callTestCase(findTestCase("PFI Precision and Scale/PFI Components/RequiredFieldValidation"), ["nameToBeUsed":"peRegNbr"], STOP_ON_FAILURE): Call Test Case 'Test Cases/PFI Precision and Scale/PFI Components/RequiredFieldValidation' successfully

2020-06-09 00:07:20 - [TEST_CASE][PASSED] - Test Cases/PFI Precision and Scale/PFI Components/RequiredFieldValidation: Test Cases/PFI Precision and Scale/PFI Components/RequiredFieldValidation

2020-06-09 00:07:20 - [TEST_STEP][PASSED] - Thread.sleep(1000): null

2020-06-09 00:07:21 - [TEST_STEP][PASSED] - NewInputNmField = modifyObjectProperty(findTestObject("Objects.HighlightElements/input_field"), "name", "equals", nameToBeUsed, true): Modify property of object successfully

2020-06-09 00:07:21 - [MESSAGE][PASSED] - Modify property of object successfully

2020-06-09 00:07:21 - [TEST_STEP][PASSED] - mouseOver(NewInputNmField): Object: 'Object Repository/Objects.HighlightElements/input_field' is hovered

2020-06-09 00:07:21 - [MESSAGE][PASSED] - Object: 'Object Repository/Objects.HighlightElements/input_field' is hovered

2020-06-09 00:07:21 - [TEST_STEP][PASSED] - getRqErrMsg = getAttribute(NewInputNmField, "data-errorqtip"): Attribute 'data-errorqtip' of object 'Object Repository/Objects.HighlightElements/input_field' is: '<ul class="x-list-plain"><li>This field is required</li></ul>'

2020-06-09 00:07:21 - [MESSAGE][PASSED] - Attribute 'data-errorqtip' of object 'Object Repository/Objects.HighlightElements/input_field' is: '<ul class="x-list-plain"><li>This field is required</li></ul>'

2020-06-09 00:07:21 - [TEST_STEP][PASSED] - strToolTip = getRqErrMsg.substring(29, 61): null

2020-06-09 00:07:21 - [TEST_STEP][PASSED] - toolTipReqErrMsg = strToolTip.substring(0, 22): null

2020-06-09 00:07:21 - [TEST_STEP][PASSED] - verifyMatch(toolTipReqErrMsg, RqField, true): Actual text 'This field is required' and expected text 'This field is required' are matched  using regular expression

2020-06-09 00:07:21 - [MESSAGE][PASSED] - Actual text 'This field is required' and expected text 'This field is required' are matched  using regular expression

2020-06-09 00:07:21 - [MESSAGE][PASSED] - Call Test Case 'Test Cases/PFI Precision and Scale/PFI Components/RequiredFieldValidation' successfully

2020-06-09 00:07:21 - [TEST_STEP][PASSED] - callTestCase(findTestCase("Components/HighlightLabelField"), ["LblName":"Inspection D2 Receive Date *:"], STOP_ON_FAILURE): Call Test Case 'Test Cases/Components/HighlightLabelField' successfully

2020-06-09 00:07:21 - [TEST_CASE][PASSED] - Test Cases/Components/HighlightLabelField: Test Cases/Components/HighlightLabelField

2020-06-09 00:07:21 - [TEST_STEP][PASSED] - Thread.sleep(1000): null

2020-06-09 00:07:22 - [TEST_STEP][PASSED] - modifiedLblNm = modifyObjectProperty(findTestObject("Objects.HighlightElements/lblField"), "text", "equals", LblName, true): Modify property of object successfully

2020-06-09 00:07:22 - [MESSAGE][PASSED] - Modify property of object successfully

2020-06-09 00:07:22 - [TEST_STEP][PASSED] - com.reusableComponents.HighlightElement.run(modifiedLblNm): com.reusableComponents.HighlightElement.run is PASSED

2020-06-09 00:07:23 - [MESSAGE][PASSED] - com.reusableComponents.HighlightElement.run is PASSED

2020-06-09 00:07:23 - [MESSAGE][PASSED] - Call Test Case 'Test Cases/Components/HighlightLabelField' successfully

2020-06-09 00:07:23 - [TEST_STEP][PASSED] - callTestCase(findTestCase("Components/HighlightInputField"), ["InputFldName":"d2RecvDt"], STOP_ON_FAILURE): Call Test Case 'Test Cases/Components/HighlightInputField' successfully

2020-06-09 00:07:23 - [TEST_CASE][PASSED] - Test Cases/Components/HighlightInputField: Test Cases/Components/HighlightInputField

2020-06-09 00:07:23 - [TEST_STEP][PASSED] - Thread.sleep(1000): null

2020-06-09 00:07:24 - [TEST_STEP][PASSED] - modifiedLblNm = modifyObjectProperty(findTestObject("Objects.HighlightElements/input_field"), "name", "equals", InputFldName, true): Modify property of object successfully

2020-06-09 00:07:24 - [MESSAGE][PASSED] - Modify property of object successfully

2020-06-09 00:07:24 - [TEST_STEP][PASSED] - com.reusableComponents.HighlightElement.run(modifiedLblNm): com.reusableComponents.HighlightElement.run is PASSED

2020-06-09 00:07:25 - [MESSAGE][PASSED] - com.reusableComponents.HighlightElement.run is PASSED

2020-06-09 00:07:25 - [MESSAGE][PASSED] - Call Test Case 'Test Cases/Components/HighlightInputField' successfully

2020-06-09 00:07:25 - [TEST_STEP][PASSED] - callTestCase(findTestCase("PFI Precision and Scale/PFI Components/NumericTextboxValidationII"), ["nameToBeUsed":"d2RecvDt", "minLen":5], STOP_ON_FAILURE): Call Test Case 'Test Cases/PFI Precision and Scale/PFI Components/NumericTextboxValidationII' successfully

2020-06-09 00:07:25 - [TEST_CASE][PASSED] - Test Cases/PFI Precision and Scale/PFI Components/NumericTextboxValidationII: Test Cases/PFI Precision and Scale/PFI Components/NumericTextboxValidationII

2020-06-09 00:07:25 - [TEST_STEP][PASSED] - Thread.sleep(1000): null

2020-06-09 00:07:26 - [TEST_STEP][PASSED] - Numeric = "0123456789": null

2020-06-09 00:07:26 - [TEST_STEP][PASSED] - AlphaSpecialChar = z) + "`~!@#$%^&*()=_{}|\][;'":,?><"".join(): null

2020-06-09 00:07:26 - [TEST_STEP][PASSED] - RandomNumeric = RandomStringUtils.random(minLen, Numeric.toCharArray()): null

2020-06-09 00:07:26 - [TEST_STEP][PASSED] - RandomString = RandomStringUtils.random(minLen, AlphaSpecialChar): null

2020-06-09 00:07:26 - [TEST_STEP][PASSED] - regexPat = Pattern.compile("^[0-9]+$"): null

2020-06-09 00:07:26 - [TEST_STEP][PASSED] - NewInputNmField = modifyObjectProperty(findTestObject("Objects.RemarksValidation/input_Remarks"), "name", "equals", nameToBeUsed, true): Modify property of object successfully

2020-06-09 00:07:26 - [MESSAGE][PASSED] - Modify property of object successfully

2020-06-09 00:07:26 - [TEST_STEP][PASSED] - focus(NewInputNmField): Object: 'Object Repository/Objects.RemarksValidation/input_Remarks' is focused

2020-06-09 00:07:26 - [MESSAGE][PASSED] - Object: 'Object Repository/Objects.RemarksValidation/input_Remarks' is focused

2020-06-09 00:07:26 - [TEST_STEP][PASSED] - setText(NewInputNmField, RandomString): Text 'CKQBH' is set on object 'Object Repository/Objects.RemarksValidation/input_Remarks'

2020-06-09 00:07:26 - [MESSAGE][PASSED] - Text 'CKQBH' is set on object 'Object Repository/Objects.RemarksValidation/input_Remarks'

2020-06-09 00:07:26 - [TEST_STEP][PASSED] - GetInputVal = getAttribute(NewInputNmField, "value"): Attribute 'value' of object 'Object Repository/Objects.RemarksValidation/input_Remarks' is: ''

2020-06-09 00:07:26 - [MESSAGE][PASSED] - Attribute 'value' of object 'Object Repository/Objects.RemarksValidation/input_Remarks' is: ''

2020-06-09 00:07:26 - [TEST_STEP][PASSED] - if (GetInputVal.contains("e")): null

2020-06-09 00:07:26 - [TEST_STEP][PASSED] - else: Actual text '' and expected text '' are matched  using regular expression

2020-06-09 00:07:26 - [TEST_STEP][PASSED] - verifyMatch(GetInputVal, "", true): Actual text '' and expected text '' are matched  using regular expression

2020-06-09 00:07:26 - [MESSAGE][PASSED] - Actual text '' and expected text '' are matched  using regular expression

2020-06-09 00:07:26 - [TEST_STEP][PASSED] - setText(NewInputNmField, RandomNumeric): Text '48437' is set on object 'Object Repository/Objects.RemarksValidation/input_Remarks'

2020-06-09 00:07:26 - [MESSAGE][PASSED] - Text '48437' is set on object 'Object Repository/Objects.RemarksValidation/input_Remarks'

2020-06-09 00:07:26 - [TEST_STEP][PASSED] - GetEnteredIntegers = getAttribute(NewInputNmField, "value"): Attribute 'value' of object 'Object Repository/Objects.RemarksValidation/input_Remarks' is: '48437'

2020-06-09 00:07:26 - [MESSAGE][PASSED] - Attribute 'value' of object 'Object Repository/Objects.RemarksValidation/input_Remarks' is: '48437'

2020-06-09 00:07:26 - [TEST_STEP][PASSED] - matchStr = regexPat.matcher(GetEnteredIntegers): null

2020-06-09 00:07:26 - [TEST_STEP][PASSED] - if (matchStr.matches() == true): Accepting Numeric

2020-06-09 00:07:26 - [TEST_STEP][PASSED] - comment("Accepting Numeric"): Accepting Numeric

2020-06-09 00:07:26 - [MESSAGE][INFO] - Accepting Numeric

2020-06-09 00:07:26 - [MESSAGE][PASSED] - Call Test Case 'Test Cases/PFI Precision and Scale/PFI Components/NumericTextboxValidationII' successfully

2020-06-09 00:07:26 - [TEST_STEP][PASSED] - callTestCase(findTestCase("PFI Precision and Scale/PFI Components/InvalidDateErrorValidation"), ["FldNm":"d2RecvDt"], STOP_ON_FAILURE): Call Test Case 'Test Cases/PFI Precision and Scale/PFI Components/InvalidDateErrorValidation' successfully

2020-06-09 00:07:26 - [TEST_CASE][PASSED] - Test Cases/PFI Precision and Scale/PFI Components/InvalidDateErrorValidation: Test Cases/PFI Precision and Scale/PFI Components/InvalidDateErrorValidation

2020-06-09 00:07:27 - [TEST_STEP][PASSED] - Thread.sleep(1000): null

2020-06-09 00:07:28 - [TEST_STEP][PASSED] - DateFieldNm = modifyObjectProperty(findTestObject("Object Repository/Objects.DateValidation/Page_ISPS2/input__orderDt"), "name", "equals", FldNm, true): Modify property of object successfully

2020-06-09 00:07:28 - [MESSAGE][PASSED] - Modify property of object successfully

2020-06-09 00:07:28 - [TEST_STEP][PASSED] - focus(DateFieldNm): Object: 'Object Repository/Objects.DateValidation/Page_ISPS2/input__orderDt' is focused

2020-06-09 00:07:28 - [MESSAGE][PASSED] - Object: 'Object Repository/Objects.DateValidation/Page_ISPS2/input__orderDt' is focused

2020-06-09 00:07:28 - [TEST_STEP][PASSED] - getInputInvalidDate = getAttribute(DateFieldNm, "value"): Attribute 'value' of object 'Object Repository/Objects.DateValidation/Page_ISPS2/input__orderDt' is: '48437'

2020-06-09 00:07:28 - [MESSAGE][PASSED] - Attribute 'value' of object 'Object Repository/Objects.DateValidation/Page_ISPS2/input__orderDt' is: '48437'

2020-06-09 00:07:28 - [TEST_STEP][PASSED] - mouseOver(DateFieldNm): Object: 'Object Repository/Objects.DateValidation/Page_ISPS2/input__orderDt' is hovered

2020-06-09 00:07:28 - [MESSAGE][PASSED] - Object: 'Object Repository/Objects.DateValidation/Page_ISPS2/input__orderDt' is hovered

2020-06-09 00:07:28 - [TEST_STEP][PASSED] - getErrMsg = getAttribute(DateFieldNm, "data-errorqtip"): Attribute 'data-errorqtip' of object 'Object Repository/Objects.DateValidation/Page_ISPS2/input__orderDt' is: '<ul class="x-list-plain"><li>48437 is not a valid date - it must be in the format d/m/Y</li></ul>'

2020-06-09 00:07:28 - [MESSAGE][PASSED] - Attribute 'data-errorqtip' of object 'Object Repository/Objects.DateValidation/Page_ISPS2/input__orderDt' is: '<ul class="x-list-plain"><li>48437 is not a valid date - it must be in the format d/m/Y</li></ul>'

2020-06-09 00:07:28 - [TEST_STEP][PASSED] - getTotalLength = getErrMsg.length(): null

2020-06-09 00:07:28 - [TEST_STEP][PASSED] - RemoveULClass = getErrMsg.substring(29, getTotalLength): null

2020-06-09 00:07:28 - [TEST_STEP][PASSED] - LengthNoUlClass = RemoveULClass.length() - 10: null

2020-06-09 00:07:28 - [TEST_STEP][PASSED] - ToolTipInvErrMsg = RemoveULClass.substring(0, LengthNoUlClass): null

2020-06-09 00:07:28 - [TEST_STEP][PASSED] - ExpectedInvalidErrMsg = concatenate(getInputInvalidDate, " ", NotValidDt): Concatenated string array: '['48437',' ','is not a valid date - it must be in the format d/m/Y']' into '48437 is not a valid date - it must be in the format d/m/Y'

2020-06-09 00:07:28 - [MESSAGE][PASSED] - Concatenated string array: '['48437',' ','is not a valid date - it must be in the format d/m/Y']' into '48437 is not a valid date - it must be in the format d/m/Y'

2020-06-09 00:07:28 - [TEST_STEP][PASSED] - verifyMatch(ToolTipInvErrMsg, ExpectedInvalidErrMsg, true): Actual text '48437 is not a valid date - it must be in the format d/m/Y' and expected text '48437 is not a valid date - it must be in the format d/m/Y' are matched  using regular expression

2020-06-09 00:07:28 - [MESSAGE][PASSED] - Actual text '48437 is not a valid date - it must be in the format d/m/Y' and expected text '48437 is not a valid date - it must be in the format d/m/Y' are matched  using regular expression

2020-06-09 00:07:28 - [MESSAGE][PASSED] - Call Test Case 'Test Cases/PFI Precision and Scale/PFI Components/InvalidDateErrorValidation' successfully

2020-06-09 00:07:28 - [TEST_STEP][PASSED] - callTestCase(findTestCase("PFI Precision and Scale/PFI Components with Indexing/SelectDayInDatePickerWithIndex"), ["FldNm":"d2RecvDt", "SelectCurrentDay":"11", "index":1], STOP_ON_FAILURE): Call Test Case 'Test Cases/PFI Precision and Scale/PFI Components with Indexing/SelectDayInDatePickerWithIndex' successfully

2020-06-09 00:07:28 - [TEST_CASE][PASSED] - Test Cases/PFI Precision and Scale/PFI Components with Indexing/SelectDayInDatePickerWithIndex: Test Cases/PFI Precision and Scale/PFI Components with Indexing/SelectDayInDatePickerWithIndex

2020-06-09 00:07:28 - [TEST_STEP][PASSED] - Thread.sleep(1000): null

2020-06-09 00:07:29 - [TEST_STEP][PASSED] - DateFieldNm = modifyObjectProperty(findTestObject("Objects.HighlightElements/input_field"), "name", "equals", FldNm, true): Modify property of object successfully

2020-06-09 00:07:29 - [MESSAGE][PASSED] - Modify property of object successfully

2020-06-09 00:07:29 - [TEST_STEP][PASSED] - ModifyDay = modifyObjectProperty(findTestObject("Objects.DateValidation/Page_ISPS2/Select_Day_Index"), "xpath", "equals", "(//*[contains(@class, 'x-datepicker-date') and (text() = '" + SelectCurrentDay + "')])[" + index + "]", true): Modify property of object successfully

2020-06-09 00:07:29 - [MESSAGE][PASSED] - Modify property of object successfully

2020-06-09 00:07:29 - [TEST_STEP][PASSED] - sendKeys(DateFieldNm, Keys.chord(ARROW_DOWN)): Keys 'DOWN + ' sent to object: 'Object Repository/Objects.HighlightElements/input_field'

2020-06-09 00:07:29 - [MESSAGE][PASSED] - Keys 'DOWN + ' sent to object: 'Object Repository/Objects.HighlightElements/input_field'

2020-06-09 00:07:29 - [TEST_STEP][PASSED] - com.reusableComponents.HighlightElement.run(ModifyDay): com.reusableComponents.HighlightElement.run is PASSED

2020-06-09 00:07:30 - [MESSAGE][PASSED] - com.reusableComponents.HighlightElement.run is PASSED

2020-06-09 00:07:30 - [TEST_STEP][PASSED] - delay(1): Delayed 1 second(s)

2020-06-09 00:07:31 - [MESSAGE][PASSED] - Delayed 1 second(s)

2020-06-09 00:07:31 - [TEST_STEP][PASSED] - click(ModifyDay): Object: 'Object Repository/Objects.DateValidation/Page_ISPS2/Select_Day_Index' is clicked on

2020-06-09 00:07:31 - [MESSAGE][PASSED] - Object: 'Object Repository/Objects.DateValidation/Page_ISPS2/Select_Day_Index' is clicked on

2020-06-09 00:07:31 - [TEST_STEP][PASSED] - GetError = getAttribute(DateFieldNm, "data-errorqtip"): Attribute 'data-errorqtip' of object 'Object Repository/Objects.HighlightElements/input_field' is: ''

2020-06-09 00:07:31 - [MESSAGE][PASSED] - Attribute 'data-errorqtip' of object 'Object Repository/Objects.HighlightElements/input_field' is: ''

2020-06-09 00:07:31 - [TEST_STEP][PASSED] - if (GetError == ""): Date Format is valid

2020-06-09 00:07:31 - [TEST_STEP][PASSED] - GetEnteredDate = getAttribute(DateFieldNm, "value"): Attribute 'value' of object 'Object Repository/Objects.HighlightElements/input_field' is: '11/06/2020'

2020-06-09 00:07:31 - [MESSAGE][PASSED] - Attribute 'value' of object 'Object Repository/Objects.HighlightElements/input_field' is: '11/06/2020'

2020-06-09 00:07:31 - [TEST_STEP][PASSED] - DatePattern = Pattern.compile("^(1[0-2]|0[1-9])/(3[01]|[12][0-9]|0[1-9])/[0-9]{4}$"): null

2020-06-09 00:07:31 - [TEST_STEP][PASSED] - VerifyDateFormat = DatePattern.matcher(GetEnteredDate): null

2020-06-09 00:07:31 - [TEST_STEP][PASSED] - if (VerifyDateFormat.matches() == true): Date Format is valid

2020-06-09 00:07:31 - [TEST_STEP][PASSED] - comment("Date Format is valid"): Date Format is valid

2020-06-09 00:07:31 - [MESSAGE][INFO] - Date Format is valid

2020-06-09 00:07:31 - [MESSAGE][PASSED] - Call Test Case 'Test Cases/PFI Precision and Scale/PFI Components with Indexing/SelectDayInDatePickerWithIndex' successfully

2020-06-09 00:07:31 - [TEST_STEP][PASSED] - callTestCase(findTestCase("PFI Precision and Scale/PFI Components/SelectTodayInDatePicker"), ["FldNm":"d2RecvDt", "index":"1"], STOP_ON_FAILURE): Call Test Case 'Test Cases/PFI Precision and Scale/PFI Components/SelectTodayInDatePicker' successfully

2020-06-09 00:07:31 - [TEST_CASE][PASSED] - Test Cases/PFI Precision and Scale/PFI Components/SelectTodayInDatePicker: Test Cases/PFI Precision and Scale/PFI Components/SelectTodayInDatePicker

2020-06-09 00:07:31 - [TEST_STEP][PASSED] - Thread.sleep(1000): null

2020-06-09 00:07:32 - [TEST_STEP][PASSED] - date = new java.util.Date(): null

2020-06-09 00:07:32 - [TEST_STEP][PASSED] - CurrentDate = new java.text.SimpleDateFormat(dd/MM/yyyy): null

2020-06-09 00:07:32 - [TEST_STEP][PASSED] - TodayDate = CurrentDate.format(date): null

2020-06-09 00:07:32 - [TEST_STEP][PASSED] - DateFieldNm = modifyObjectProperty(findTestObject("Object Repository/Objects.DateValidation/Page_ISPS2/input__orderDt"), "name", "equals", FldNm, true): Modify property of object successfully

2020-06-09 00:07:32 - [MESSAGE][PASSED] - Modify property of object successfully

2020-06-09 00:07:32 - [TEST_STEP][PASSED] - TodayBtn = modifyObjectProperty(findTestObject("Object Repository/Objects.DateValidation/Page_ISPS2/a_Today"), "xpath", "equals", "(//*[text() = 'Today'])[" + index + "]", true): Modify property of object successfully

2020-06-09 00:07:32 - [MESSAGE][PASSED] - Modify property of object successfully

2020-06-09 00:07:32 - [TEST_STEP][PASSED] - sendKeys(DateFieldNm, Keys.chord(ARROW_DOWN)): Keys 'DOWN + ' sent to object: 'Object Repository/Objects.DateValidation/Page_ISPS2/input__orderDt'

2020-06-09 00:07:32 - [MESSAGE][PASSED] - Keys 'DOWN + ' sent to object: 'Object Repository/Objects.DateValidation/Page_ISPS2/input__orderDt'

2020-06-09 00:07:32 - [TEST_STEP][PASSED] - com.reusableComponents.HighlightElement.run(TodayBtn): com.reusableComponents.HighlightElement.run is PASSED

2020-06-09 00:07:33 - [MESSAGE][PASSED] - com.reusableComponents.HighlightElement.run is PASSED

2020-06-09 00:07:33 - [TEST_STEP][PASSED] - click(TodayBtn): Object: 'Object Repository/Objects.DateValidation/Page_ISPS2/a_Today' is clicked on

2020-06-09 00:07:33 - [MESSAGE][PASSED] - Object: 'Object Repository/Objects.DateValidation/Page_ISPS2/a_Today' is clicked on

2020-06-09 00:07:33 - [TEST_STEP][PASSED] - GetEnteredDate = getAttribute(DateFieldNm, "value"): Attribute 'value' of object 'Object Repository/Objects.DateValidation/Page_ISPS2/input__orderDt' is: '09/06/2020'

2020-06-09 00:07:33 - [MESSAGE][PASSED] - Attribute 'value' of object 'Object Repository/Objects.DateValidation/Page_ISPS2/input__orderDt' is: '09/06/2020'

2020-06-09 00:07:33 - [TEST_STEP][PASSED] - verifyMatch(GetEnteredDate, TodayDate, true): Actual text '09/06/2020' and expected text '09/06/2020' are matched  using regular expression

2020-06-09 00:07:33 - [MESSAGE][PASSED] - Actual text '09/06/2020' and expected text '09/06/2020' are matched  using regular expression

2020-06-09 00:07:33 - [MESSAGE][PASSED] - Call Test Case 'Test Cases/PFI Precision and Scale/PFI Components/SelectTodayInDatePicker' successfully

2020-06-09 00:07:33 - [TEST_STEP][PASSED] - callTestCase(findTestCase("Components/HighlightLabelField"), ["LblName":"Inspection D2 Compliance Date *:"], STOP_ON_FAILURE): Call Test Case 'Test Cases/Components/HighlightLabelField' successfully

2020-06-09 00:07:33 - [TEST_CASE][PASSED] - Test Cases/Components/HighlightLabelField: Test Cases/Components/HighlightLabelField

2020-06-09 00:07:33 - [TEST_STEP][PASSED] - Thread.sleep(1000): null

2020-06-09 00:07:34 - [TEST_STEP][PASSED] - modifiedLblNm = modifyObjectProperty(findTestObject("Objects.HighlightElements/lblField"), "text", "equals", LblName, true): Modify property of object successfully

2020-06-09 00:07:34 - [MESSAGE][PASSED] - Modify property of object successfully

2020-06-09 00:07:34 - [TEST_STEP][PASSED] - com.reusableComponents.HighlightElement.run(modifiedLblNm): com.reusableComponents.HighlightElement.run is PASSED

2020-06-09 00:07:34 - [MESSAGE][PASSED] - com.reusableComponents.HighlightElement.run is PASSED

2020-06-09 00:07:34 - [MESSAGE][PASSED] - Call Test Case 'Test Cases/Components/HighlightLabelField' successfully

2020-06-09 00:07:34 - [TEST_STEP][PASSED] - callTestCase(findTestCase("Components/HighlightInputField"), ["InputFldName":"d2ComplDt"], STOP_ON_FAILURE): Call Test Case 'Test Cases/Components/HighlightInputField' successfully

2020-06-09 00:07:35 - [TEST_CASE][PASSED] - Test Cases/Components/HighlightInputField: Test Cases/Components/HighlightInputField

2020-06-09 00:07:35 - [TEST_STEP][PASSED] - Thread.sleep(1000): null

2020-06-09 00:07:36 - [TEST_STEP][PASSED] - modifiedLblNm = modifyObjectProperty(findTestObject("Objects.HighlightElements/input_field"), "name", "equals", InputFldName, true): Modify property of object successfully

2020-06-09 00:07:36 - [MESSAGE][PASSED] - Modify property of object successfully

2020-06-09 00:07:36 - [TEST_STEP][PASSED] - com.reusableComponents.HighlightElement.run(modifiedLblNm): com.reusableComponents.HighlightElement.run is PASSED

2020-06-09 00:07:36 - [MESSAGE][PASSED] - com.reusableComponents.HighlightElement.run is PASSED

2020-06-09 00:07:36 - [MESSAGE][PASSED] - Call Test Case 'Test Cases/Components/HighlightInputField' successfully

2020-06-09 00:07:36 - [TEST_STEP][PASSED] - callTestCase(findTestCase("PFI Precision and Scale/PFI Components/NumericTextboxValidationII"), ["nameToBeUsed":"d2ComplDt", "minLen":6], STOP_ON_FAILURE): Call Test Case 'Test Cases/PFI Precision and Scale/PFI Components/NumericTextboxValidationII' successfully

2020-06-09 00:07:36 - [TEST_CASE][PASSED] - Test Cases/PFI Precision and Scale/PFI Components/NumericTextboxValidationII: Test Cases/PFI Precision and Scale/PFI Components/NumericTextboxValidationII

2020-06-09 00:07:36 - [TEST_STEP][PASSED] - Thread.sleep(1000): null

2020-06-09 00:07:37 - [TEST_STEP][PASSED] - Numeric = "0123456789": null

2020-06-09 00:07:37 - [TEST_STEP][PASSED] - AlphaSpecialChar = z) + "`~!@#$%^&*()=_{}|\][;'":,?><"".join(): null

2020-06-09 00:07:37 - [TEST_STEP][PASSED] - RandomNumeric = RandomStringUtils.random(minLen, Numeric.toCharArray()): null

2020-06-09 00:07:37 - [TEST_STEP][PASSED] - RandomString = RandomStringUtils.random(minLen, AlphaSpecialChar): null

2020-06-09 00:07:37 - [TEST_STEP][PASSED] - regexPat = Pattern.compile("^[0-9]+$"): null

2020-06-09 00:07:37 - [TEST_STEP][PASSED] - NewInputNmField = modifyObjectProperty(findTestObject("Objects.RemarksValidation/input_Remarks"), "name", "equals", nameToBeUsed, true): Modify property of object successfully

2020-06-09 00:07:37 - [MESSAGE][PASSED] - Modify property of object successfully

2020-06-09 00:07:37 - [TEST_STEP][PASSED] - focus(NewInputNmField): Object: 'Object Repository/Objects.RemarksValidation/input_Remarks' is focused

2020-06-09 00:07:37 - [MESSAGE][PASSED] - Object: 'Object Repository/Objects.RemarksValidation/input_Remarks' is focused

2020-06-09 00:07:37 - [TEST_STEP][PASSED] - setText(NewInputNmField, RandomString): Text '`!g{w}' is set on object 'Object Repository/Objects.RemarksValidation/input_Remarks'

2020-06-09 00:07:37 - [MESSAGE][PASSED] - Text '`!g{w}' is set on object 'Object Repository/Objects.RemarksValidation/input_Remarks'

2020-06-09 00:07:37 - [TEST_STEP][PASSED] - GetInputVal = getAttribute(NewInputNmField, "value"): Attribute 'value' of object 'Object Repository/Objects.RemarksValidation/input_Remarks' is: ''

2020-06-09 00:07:37 - [MESSAGE][PASSED] - Attribute 'value' of object 'Object Repository/Objects.RemarksValidation/input_Remarks' is: ''

2020-06-09 00:07:37 - [TEST_STEP][PASSED] - if (GetInputVal.contains("e")): null

2020-06-09 00:07:37 - [TEST_STEP][PASSED] - else: Actual text '' and expected text '' are matched  using regular expression

2020-06-09 00:07:37 - [TEST_STEP][PASSED] - verifyMatch(GetInputVal, "", true): Actual text '' and expected text '' are matched  using regular expression

2020-06-09 00:07:37 - [MESSAGE][PASSED] - Actual text '' and expected text '' are matched  using regular expression

2020-06-09 00:07:37 - [TEST_STEP][PASSED] - setText(NewInputNmField, RandomNumeric): Text '522745' is set on object 'Object Repository/Objects.RemarksValidation/input_Remarks'

2020-06-09 00:07:37 - [MESSAGE][PASSED] - Text '522745' is set on object 'Object Repository/Objects.RemarksValidation/input_Remarks'

2020-06-09 00:07:37 - [TEST_STEP][PASSED] - GetEnteredIntegers = getAttribute(NewInputNmField, "value"): Attribute 'value' of object 'Object Repository/Objects.RemarksValidation/input_Remarks' is: '522745'

2020-06-09 00:07:38 - [MESSAGE][PASSED] - Attribute 'value' of object 'Object Repository/Objects.RemarksValidation/input_Remarks' is: '522745'

2020-06-09 00:07:38 - [TEST_STEP][PASSED] - matchStr = regexPat.matcher(GetEnteredIntegers): null

2020-06-09 00:07:38 - [TEST_STEP][PASSED] - if (matchStr.matches() == true): Accepting Numeric

2020-06-09 00:07:38 - [TEST_STEP][PASSED] - comment("Accepting Numeric"): Accepting Numeric

2020-06-09 00:07:38 - [MESSAGE][INFO] - Accepting Numeric

2020-06-09 00:07:38 - [MESSAGE][PASSED] - Call Test Case 'Test Cases/PFI Precision and Scale/PFI Components/NumericTextboxValidationII' successfully

2020-06-09 00:07:38 - [TEST_STEP][PASSED] - callTestCase(findTestCase("PFI Precision and Scale/PFI Components/InvalidDateErrorValidation"), ["FldNm":"d2ComplDt"], STOP_ON_FAILURE): Call Test Case 'Test Cases/PFI Precision and Scale/PFI Components/InvalidDateErrorValidation' successfully

2020-06-09 00:07:38 - [TEST_CASE][PASSED] - Test Cases/PFI Precision and Scale/PFI Components/InvalidDateErrorValidation: Test Cases/PFI Precision and Scale/PFI Components/InvalidDateErrorValidation

2020-06-09 00:07:38 - [TEST_STEP][PASSED] - Thread.sleep(1000): null

2020-06-09 00:07:39 - [TEST_STEP][PASSED] - DateFieldNm = modifyObjectProperty(findTestObject("Object Repository/Objects.DateValidation/Page_ISPS2/input__orderDt"), "name", "equals", FldNm, true): Modify property of object successfully

2020-06-09 00:07:39 - [MESSAGE][PASSED] - Modify property of object successfully

2020-06-09 00:07:39 - [TEST_STEP][PASSED] - focus(DateFieldNm): Object: 'Object Repository/Objects.DateValidation/Page_ISPS2/input__orderDt' is focused

2020-06-09 00:07:39 - [MESSAGE][PASSED] - Object: 'Object Repository/Objects.DateValidation/Page_ISPS2/input__orderDt' is focused

2020-06-09 00:07:39 - [TEST_STEP][PASSED] - getInputInvalidDate = getAttribute(DateFieldNm, "value"): Attribute 'value' of object 'Object Repository/Objects.DateValidation/Page_ISPS2/input__orderDt' is: '522745'

2020-06-09 00:07:39 - [MESSAGE][PASSED] - Attribute 'value' of object 'Object Repository/Objects.DateValidation/Page_ISPS2/input__orderDt' is: '522745'

2020-06-09 00:07:39 - [TEST_STEP][PASSED] - mouseOver(DateFieldNm): Object: 'Object Repository/Objects.DateValidation/Page_ISPS2/input__orderDt' is hovered

2020-06-09 00:07:39 - [MESSAGE][PASSED] - Object: 'Object Repository/Objects.DateValidation/Page_ISPS2/input__orderDt' is hovered

2020-06-09 00:07:39 - [TEST_STEP][PASSED] - getErrMsg = getAttribute(DateFieldNm, "data-errorqtip"): Attribute 'data-errorqtip' of object 'Object Repository/Objects.DateValidation/Page_ISPS2/input__orderDt' is: '<ul class="x-list-plain"><li>522745 is not a valid date - it must be in the format d/m/Y</li></ul>'

2020-06-09 00:07:39 - [MESSAGE][PASSED] - Attribute 'data-errorqtip' of object 'Object Repository/Objects.DateValidation/Page_ISPS2/input__orderDt' is: '<ul class="x-list-plain"><li>522745 is not a valid date - it must be in the format d/m/Y</li></ul>'

2020-06-09 00:07:39 - [TEST_STEP][PASSED] - getTotalLength = getErrMsg.length(): null

2020-06-09 00:07:39 - [TEST_STEP][PASSED] - RemoveULClass = getErrMsg.substring(29, getTotalLength): null

2020-06-09 00:07:39 - [TEST_STEP][PASSED] - LengthNoUlClass = RemoveULClass.length() - 10: null

2020-06-09 00:07:39 - [TEST_STEP][PASSED] - ToolTipInvErrMsg = RemoveULClass.substring(0, LengthNoUlClass): null

2020-06-09 00:07:39 - [TEST_STEP][PASSED] - ExpectedInvalidErrMsg = concatenate(getInputInvalidDate, " ", NotValidDt): Concatenated string array: '['522745',' ','is not a valid date - it must be in the format d/m/Y']' into '522745 is not a valid date - it must be in the format d/m/Y'

2020-06-09 00:07:39 - [MESSAGE][PASSED] - Concatenated string array: '['522745',' ','is not a valid date - it must be in the format d/m/Y']' into '522745 is not a valid date - it must be in the format d/m/Y'

2020-06-09 00:07:39 - [TEST_STEP][PASSED] - verifyMatch(ToolTipInvErrMsg, ExpectedInvalidErrMsg, true): Actual text '522745 is not a valid date - it must be in the format d/m/Y' and expected text '522745 is not a valid date - it must be in the format d/m/Y' are matched  using regular expression

2020-06-09 00:07:39 - [MESSAGE][PASSED] - Actual text '522745 is not a valid date - it must be in the format d/m/Y' and expected text '522745 is not a valid date - it must be in the format d/m/Y' are matched  using regular expression

2020-06-09 00:07:39 - [MESSAGE][PASSED] - Call Test Case 'Test Cases/PFI Precision and Scale/PFI Components/InvalidDateErrorValidation' successfully

2020-06-09 00:07:39 - [TEST_STEP][PASSED] - callTestCase(findTestCase("PFI Precision and Scale/PFI Components with Indexing/SelectDayInDatePickerWithIndex"), ["FldNm":"d2ComplDt", "SelectCurrentDay":"15", "index":2], STOP_ON_FAILURE): Call Test Case 'Test Cases/PFI Precision and Scale/PFI Components with Indexing/SelectDayInDatePickerWithIndex' successfully

2020-06-09 00:07:39 - [TEST_CASE][PASSED] - Test Cases/PFI Precision and Scale/PFI Components with Indexing/SelectDayInDatePickerWithIndex: Test Cases/PFI Precision and Scale/PFI Components with Indexing/SelectDayInDatePickerWithIndex

2020-06-09 00:07:39 - [TEST_STEP][PASSED] - Thread.sleep(1000): null

2020-06-09 00:07:40 - [TEST_STEP][PASSED] - DateFieldNm = modifyObjectProperty(findTestObject("Objects.HighlightElements/input_field"), "name", "equals", FldNm, true): Modify property of object successfully

2020-06-09 00:07:40 - [MESSAGE][PASSED] - Modify property of object successfully

2020-06-09 00:07:40 - [TEST_STEP][PASSED] - ModifyDay = modifyObjectProperty(findTestObject("Objects.DateValidation/Page_ISPS2/Select_Day_Index"), "xpath", "equals", "(//*[contains(@class, 'x-datepicker-date') and (text() = '" + SelectCurrentDay + "')])[" + index + "]", true): Modify property of object successfully

2020-06-09 00:07:40 - [MESSAGE][PASSED] - Modify property of object successfully

2020-06-09 00:07:40 - [TEST_STEP][PASSED] - sendKeys(DateFieldNm, Keys.chord(ARROW_DOWN)): Keys 'DOWN + ' sent to object: 'Object Repository/Objects.HighlightElements/input_field'

2020-06-09 00:07:40 - [MESSAGE][PASSED] - Keys 'DOWN + ' sent to object: 'Object Repository/Objects.HighlightElements/input_field'

2020-06-09 00:07:40 - [TEST_STEP][PASSED] - com.reusableComponents.HighlightElement.run(ModifyDay): com.reusableComponents.HighlightElement.run is PASSED

2020-06-09 00:07:41 - [MESSAGE][PASSED] - com.reusableComponents.HighlightElement.run is PASSED

2020-06-09 00:07:41 - [TEST_STEP][PASSED] - delay(1): Delayed 1 second(s)

2020-06-09 00:07:42 - [MESSAGE][PASSED] - Delayed 1 second(s)

2020-06-09 00:07:42 - [TEST_STEP][PASSED] - click(ModifyDay): Object: 'Object Repository/Objects.DateValidation/Page_ISPS2/Select_Day_Index' is clicked on

2020-06-09 00:07:42 - [MESSAGE][PASSED] - Object: 'Object Repository/Objects.DateValidation/Page_ISPS2/Select_Day_Index' is clicked on

2020-06-09 00:07:42 - [TEST_STEP][PASSED] - GetError = getAttribute(DateFieldNm, "data-errorqtip"): Attribute 'data-errorqtip' of object 'Object Repository/Objects.HighlightElements/input_field' is: ''

2020-06-09 00:07:42 - [MESSAGE][PASSED] - Attribute 'data-errorqtip' of object 'Object Repository/Objects.HighlightElements/input_field' is: ''

2020-06-09 00:07:42 - [TEST_STEP][PASSED] - if (GetError == ""): null

2020-06-09 00:07:42 - [TEST_STEP][PASSED] - GetEnteredDate = getAttribute(DateFieldNm, "value"): Attribute 'value' of object 'Object Repository/Objects.HighlightElements/input_field' is: '15/06/2020'

2020-06-09 00:07:42 - [MESSAGE][PASSED] - Attribute 'value' of object 'Object Repository/Objects.HighlightElements/input_field' is: '15/06/2020'

2020-06-09 00:07:42 - [TEST_STEP][PASSED] - DatePattern = Pattern.compile("^(1[0-2]|0[1-9])/(3[01]|[12][0-9]|0[1-9])/[0-9]{4}$"): null

2020-06-09 00:07:42 - [TEST_STEP][PASSED] - VerifyDateFormat = DatePattern.matcher(GetEnteredDate): null

2020-06-09 00:07:42 - [TEST_STEP][PASSED] - if (VerifyDateFormat.matches() == true): null

2020-06-09 00:07:42 - [MESSAGE][PASSED] - Call Test Case 'Test Cases/PFI Precision and Scale/PFI Components with Indexing/SelectDayInDatePickerWithIndex' successfully

2020-06-09 00:07:42 - [TEST_STEP][PASSED] - callTestCase(findTestCase("PFI Precision and Scale/PFI Components/SelectTodayInDatePicker"), ["FldNm":"d2ComplDt", "index":"2"], STOP_ON_FAILURE): Call Test Case 'Test Cases/PFI Precision and Scale/PFI Components/SelectTodayInDatePicker' successfully

2020-06-09 00:07:42 - [TEST_CASE][PASSED] - Test Cases/PFI Precision and Scale/PFI Components/SelectTodayInDatePicker: Test Cases/PFI Precision and Scale/PFI Components/SelectTodayInDatePicker

2020-06-09 00:07:42 - [TEST_STEP][PASSED] - Thread.sleep(1000): null

2020-06-09 00:07:43 - [TEST_STEP][PASSED] - date = new java.util.Date(): null

2020-06-09 00:07:43 - [TEST_STEP][PASSED] - CurrentDate = new java.text.SimpleDateFormat(dd/MM/yyyy): null

2020-06-09 00:07:43 - [TEST_STEP][PASSED] - TodayDate = CurrentDate.format(date): null

2020-06-09 00:07:43 - [TEST_STEP][PASSED] - DateFieldNm = modifyObjectProperty(findTestObject("Object Repository/Objects.DateValidation/Page_ISPS2/input__orderDt"), "name", "equals", FldNm, true): Modify property of object successfully

2020-06-09 00:07:43 - [MESSAGE][PASSED] - Modify property of object successfully

2020-06-09 00:07:43 - [TEST_STEP][PASSED] - TodayBtn = modifyObjectProperty(findTestObject("Object Repository/Objects.DateValidation/Page_ISPS2/a_Today"), "xpath", "equals", "(//*[text() = 'Today'])[" + index + "]", true): Modify property of object successfully

2020-06-09 00:07:43 - [MESSAGE][PASSED] - Modify property of object successfully

2020-06-09 00:07:43 - [TEST_STEP][PASSED] - sendKeys(DateFieldNm, Keys.chord(ARROW_DOWN)): Keys 'DOWN + ' sent to object: 'Object Repository/Objects.DateValidation/Page_ISPS2/input__orderDt'

2020-06-09 00:07:43 - [MESSAGE][PASSED] - Keys 'DOWN + ' sent to object: 'Object Repository/Objects.DateValidation/Page_ISPS2/input__orderDt'

2020-06-09 00:07:43 - [TEST_STEP][PASSED] - com.reusableComponents.HighlightElement.run(TodayBtn): com.reusableComponents.HighlightElement.run is PASSED

2020-06-09 00:07:44 - [MESSAGE][PASSED] - com.reusableComponents.HighlightElement.run is PASSED

2020-06-09 00:07:44 - [TEST_STEP][PASSED] - click(TodayBtn): Object: 'Object Repository/Objects.DateValidation/Page_ISPS2/a_Today' is clicked on

2020-06-09 00:07:44 - [MESSAGE][PASSED] - Object: 'Object Repository/Objects.DateValidation/Page_ISPS2/a_Today' is clicked on

2020-06-09 00:07:44 - [TEST_STEP][PASSED] - GetEnteredDate = getAttribute(DateFieldNm, "value"): Attribute 'value' of object 'Object Repository/Objects.DateValidation/Page_ISPS2/input__orderDt' is: '09/06/2020'

2020-06-09 00:07:44 - [MESSAGE][PASSED] - Attribute 'value' of object 'Object Repository/Objects.DateValidation/Page_ISPS2/input__orderDt' is: '09/06/2020'

2020-06-09 00:07:44 - [TEST_STEP][PASSED] - verifyMatch(GetEnteredDate, TodayDate, true): Actual text '09/06/2020' and expected text '09/06/2020' are matched  using regular expression

2020-06-09 00:07:44 - [MESSAGE][PASSED] - Actual text '09/06/2020' and expected text '09/06/2020' are matched  using regular expression

2020-06-09 00:07:44 - [MESSAGE][PASSED] - Call Test Case 'Test Cases/PFI Precision and Scale/PFI Components/SelectTodayInDatePicker' successfully

2020-06-09 00:07:44 - [TEST_STEP][PASSED] - callTestCase(findTestCase("Components/HighlightLabelField"), ["LblName":"Inspection D2a Receive Date *:"], STOP_ON_FAILURE): Call Test Case 'Test Cases/Components/HighlightLabelField' successfully

2020-06-09 00:07:44 - [TEST_CASE][PASSED] - Test Cases/Components/HighlightLabelField: Test Cases/Components/HighlightLabelField

2020-06-09 00:07:44 - [TEST_STEP][PASSED] - Thread.sleep(1000): null

2020-06-09 00:07:45 - [TEST_STEP][PASSED] - modifiedLblNm = modifyObjectProperty(findTestObject("Objects.HighlightElements/lblField"), "text", "equals", LblName, true): Modify property of object successfully

2020-06-09 00:07:45 - [MESSAGE][PASSED] - Modify property of object successfully

2020-06-09 00:07:45 - [TEST_STEP][PASSED] - com.reusableComponents.HighlightElement.run(modifiedLblNm): com.reusableComponents.HighlightElement.run is PASSED

2020-06-09 00:07:45 - [MESSAGE][PASSED] - com.reusableComponents.HighlightElement.run is PASSED

2020-06-09 00:07:45 - [MESSAGE][PASSED] - Call Test Case 'Test Cases/Components/HighlightLabelField' successfully

2020-06-09 00:07:45 - [TEST_STEP][PASSED] - callTestCase(findTestCase("Components/HighlightInputField"), ["InputFldName":"d2aRecvDt"], STOP_ON_FAILURE): Call Test Case 'Test Cases/Components/HighlightInputField' successfully

2020-06-09 00:07:45 - [TEST_CASE][PASSED] - Test Cases/Components/HighlightInputField: Test Cases/Components/HighlightInputField

2020-06-09 00:07:45 - [TEST_STEP][PASSED] - Thread.sleep(1000): null

2020-06-09 00:07:46 - [TEST_STEP][PASSED] - modifiedLblNm = modifyObjectProperty(findTestObject("Objects.HighlightElements/input_field"), "name", "equals", InputFldName, true): Modify property of object successfully

2020-06-09 00:07:46 - [MESSAGE][PASSED] - Modify property of object successfully

2020-06-09 00:07:46 - [TEST_STEP][PASSED] - com.reusableComponents.HighlightElement.run(modifiedLblNm): com.reusableComponents.HighlightElement.run is PASSED

2020-06-09 00:07:47 - [MESSAGE][PASSED] - com.reusableComponents.HighlightElement.run is PASSED

2020-06-09 00:07:47 - [MESSAGE][PASSED] - Call Test Case 'Test Cases/Components/HighlightInputField' successfully

2020-06-09 00:07:47 - [TEST_STEP][PASSED] - callTestCase(findTestCase("PFI Precision and Scale/PFI Components/NumericTextboxValidationII"), ["nameToBeUsed":"d2aRecvDt", "minLen":8], STOP_ON_FAILURE): Call Test Case 'Test Cases/PFI Precision and Scale/PFI Components/NumericTextboxValidationII' successfully

2020-06-09 00:07:47 - [TEST_CASE][PASSED] - Test Cases/PFI Precision and Scale/PFI Components/NumericTextboxValidationII: Test Cases/PFI Precision and Scale/PFI Components/NumericTextboxValidationII

2020-06-09 00:07:47 - [TEST_STEP][PASSED] - Thread.sleep(1000): null

2020-06-09 00:07:48 - [TEST_STEP][PASSED] - Numeric = "0123456789": null

2020-06-09 00:07:48 - [TEST_STEP][PASSED] - AlphaSpecialChar = z) + "`~!@#$%^&*()=_{}|\][;'":,?><"".join(): null

2020-06-09 00:07:48 - [TEST_STEP][PASSED] - RandomNumeric = RandomStringUtils.random(minLen, Numeric.toCharArray()): null

2020-06-09 00:07:48 - [TEST_STEP][PASSED] - RandomString = RandomStringUtils.random(minLen, AlphaSpecialChar): null

2020-06-09 00:07:48 - [TEST_STEP][PASSED] - regexPat = Pattern.compile("^[0-9]+$"): null

2020-06-09 00:07:48 - [TEST_STEP][PASSED] - NewInputNmField = modifyObjectProperty(findTestObject("Objects.RemarksValidation/input_Remarks"), "name", "equals", nameToBeUsed, true): Modify property of object successfully

2020-06-09 00:07:48 - [MESSAGE][PASSED] - Modify property of object successfully

2020-06-09 00:07:48 - [TEST_STEP][PASSED] - focus(NewInputNmField): Object: 'Object Repository/Objects.RemarksValidation/input_Remarks' is focused

2020-06-09 00:07:48 - [MESSAGE][PASSED] - Object: 'Object Repository/Objects.RemarksValidation/input_Remarks' is focused

2020-06-09 00:07:48 - [TEST_STEP][PASSED] - setText(NewInputNmField, RandomString): Text 'qR@"]wAa' is set on object 'Object Repository/Objects.RemarksValidation/input_Remarks'

2020-06-09 00:07:48 - [MESSAGE][PASSED] - Text 'qR@"]wAa' is set on object 'Object Repository/Objects.RemarksValidation/input_Remarks'

2020-06-09 00:07:48 - [TEST_STEP][PASSED] - GetInputVal = getAttribute(NewInputNmField, "value"): Attribute 'value' of object 'Object Repository/Objects.RemarksValidation/input_Remarks' is: ''

2020-06-09 00:07:48 - [MESSAGE][PASSED] - Attribute 'value' of object 'Object Repository/Objects.RemarksValidation/input_Remarks' is: ''

2020-06-09 00:07:48 - [TEST_STEP][PASSED] - if (GetInputVal.contains("e")): null

2020-06-09 00:07:48 - [TEST_STEP][PASSED] - else: Actual text '' and expected text '' are matched  using regular expression

2020-06-09 00:07:48 - [TEST_STEP][PASSED] - verifyMatch(GetInputVal, "", true): Actual text '' and expected text '' are matched  using regular expression

2020-06-09 00:07:48 - [MESSAGE][PASSED] - Actual text '' and expected text '' are matched  using regular expression

2020-06-09 00:07:48 - [TEST_STEP][PASSED] - setText(NewInputNmField, RandomNumeric): Text '24390776' is set on object 'Object Repository/Objects.RemarksValidation/input_Remarks'

2020-06-09 00:07:48 - [MESSAGE][PASSED] - Text '24390776' is set on object 'Object Repository/Objects.RemarksValidation/input_Remarks'

2020-06-09 00:07:48 - [TEST_STEP][PASSED] - GetEnteredIntegers = getAttribute(NewInputNmField, "value"): Attribute 'value' of object 'Object Repository/Objects.RemarksValidation/input_Remarks' is: '24390776'

2020-06-09 00:07:48 - [MESSAGE][PASSED] - Attribute 'value' of object 'Object Repository/Objects.RemarksValidation/input_Remarks' is: '24390776'

2020-06-09 00:07:48 - [TEST_STEP][PASSED] - matchStr = regexPat.matcher(GetEnteredIntegers): null

2020-06-09 00:07:48 - [TEST_STEP][PASSED] - if (matchStr.matches() == true): Accepting Numeric

2020-06-09 00:07:48 - [TEST_STEP][PASSED] - comment("Accepting Numeric"): Accepting Numeric

2020-06-09 00:07:48 - [MESSAGE][INFO] - Accepting Numeric

2020-06-09 00:07:48 - [MESSAGE][PASSED] - Call Test Case 'Test Cases/PFI Precision and Scale/PFI Components/NumericTextboxValidationII' successfully

2020-06-09 00:07:48 - [TEST_STEP][PASSED] - callTestCase(findTestCase("PFI Precision and Scale/PFI Components/InvalidDateErrorValidation"), ["FldNm":"d2aRecvDt"], STOP_ON_FAILURE): Call Test Case 'Test Cases/PFI Precision and Scale/PFI Components/InvalidDateErrorValidation' successfully

2020-06-09 00:07:48 - [TEST_CASE][PASSED] - Test Cases/PFI Precision and Scale/PFI Components/InvalidDateErrorValidation: Test Cases/PFI Precision and Scale/PFI Components/InvalidDateErrorValidation

2020-06-09 00:07:48 - [TEST_STEP][PASSED] - Thread.sleep(1000): null

2020-06-09 00:07:49 - [TEST_STEP][PASSED] - DateFieldNm = modifyObjectProperty(findTestObject("Object Repository/Objects.DateValidation/Page_ISPS2/input__orderDt"), "name", "equals", FldNm, true): Modify property of object successfully

2020-06-09 00:07:49 - [MESSAGE][PASSED] - Modify property of object successfully

2020-06-09 00:07:49 - [TEST_STEP][PASSED] - focus(DateFieldNm): Object: 'Object Repository/Objects.DateValidation/Page_ISPS2/input__orderDt' is focused

2020-06-09 00:07:49 - [MESSAGE][PASSED] - Object: 'Object Repository/Objects.DateValidation/Page_ISPS2/input__orderDt' is focused

2020-06-09 00:07:49 - [TEST_STEP][PASSED] - getInputInvalidDate = getAttribute(DateFieldNm, "value"): Attribute 'value' of object 'Object Repository/Objects.DateValidation/Page_ISPS2/input__orderDt' is: '24390776'

2020-06-09 00:07:50 - [MESSAGE][PASSED] - Attribute 'value' of object 'Object Repository/Objects.DateValidation/Page_ISPS2/input__orderDt' is: '24390776'

2020-06-09 00:07:50 - [TEST_STEP][PASSED] - mouseOver(DateFieldNm): Object: 'Object Repository/Objects.DateValidation/Page_ISPS2/input__orderDt' is hovered

2020-06-09 00:07:50 - [MESSAGE][PASSED] - Object: 'Object Repository/Objects.DateValidation/Page_ISPS2/input__orderDt' is hovered

2020-06-09 00:07:50 - [TEST_STEP][PASSED] - getErrMsg = getAttribute(DateFieldNm, "data-errorqtip"): Attribute 'data-errorqtip' of object 'Object Repository/Objects.DateValidation/Page_ISPS2/input__orderDt' is: '<ul class="x-list-plain"><li>24390776 is not a valid date - it must be in the format d/m/Y</li></ul>'

2020-06-09 00:07:50 - [MESSAGE][PASSED] - Attribute 'data-errorqtip' of object 'Object Repository/Objects.DateValidation/Page_ISPS2/input__orderDt' is: '<ul class="x-list-plain"><li>24390776 is not a valid date - it must be in the format d/m/Y</li></ul>'

2020-06-09 00:07:50 - [TEST_STEP][PASSED] - getTotalLength = getErrMsg.length(): null

2020-06-09 00:07:50 - [TEST_STEP][PASSED] - RemoveULClass = getErrMsg.substring(29, getTotalLength): null

2020-06-09 00:07:50 - [TEST_STEP][PASSED] - LengthNoUlClass = RemoveULClass.length() - 10: null

2020-06-09 00:07:50 - [TEST_STEP][PASSED] - ToolTipInvErrMsg = RemoveULClass.substring(0, LengthNoUlClass): null

2020-06-09 00:07:50 - [TEST_STEP][PASSED] - ExpectedInvalidErrMsg = concatenate(getInputInvalidDate, " ", NotValidDt): Concatenated string array: '['24390776',' ','is not a valid date - it must be in the format d/m/Y']' into '24390776 is not a valid date - it must be in the format d/m/Y'

2020-06-09 00:07:50 - [MESSAGE][PASSED] - Concatenated string array: '['24390776',' ','is not a valid date - it must be in the format d/m/Y']' into '24390776 is not a valid date - it must be in the format d/m/Y'

2020-06-09 00:07:50 - [TEST_STEP][PASSED] - verifyMatch(ToolTipInvErrMsg, ExpectedInvalidErrMsg, true): Actual text '24390776 is not a valid date - it must be in the format d/m/Y' and expected text '24390776 is not a valid date - it must be in the format d/m/Y' are matched  using regular expression

2020-06-09 00:07:50 - [MESSAGE][PASSED] - Actual text '24390776 is not a valid date - it must be in the format d/m/Y' and expected text '24390776 is not a valid date - it must be in the format d/m/Y' are matched  using regular expression

2020-06-09 00:07:50 - [MESSAGE][PASSED] - Call Test Case 'Test Cases/PFI Precision and Scale/PFI Components/InvalidDateErrorValidation' successfully

2020-06-09 00:07:50 - [TEST_STEP][PASSED] - callTestCase(findTestCase("PFI Precision and Scale/PFI Components with Indexing/SelectDayInDatePickerWithIndex"), ["FldNm":"d2aRecvDt", "SelectCurrentDay":"21", "index":3], STOP_ON_FAILURE): Call Test Case 'Test Cases/PFI Precision and Scale/PFI Components with Indexing/SelectDayInDatePickerWithIndex' successfully

2020-06-09 00:07:50 - [TEST_CASE][PASSED] - Test Cases/PFI Precision and Scale/PFI Components with Indexing/SelectDayInDatePickerWithIndex: Test Cases/PFI Precision and Scale/PFI Components with Indexing/SelectDayInDatePickerWithIndex

2020-06-09 00:07:50 - [TEST_STEP][PASSED] - Thread.sleep(1000): null

2020-06-09 00:07:51 - [TEST_STEP][PASSED] - DateFieldNm = modifyObjectProperty(findTestObject("Objects.HighlightElements/input_field"), "name", "equals", FldNm, true): Modify property of object successfully

2020-06-09 00:07:51 - [MESSAGE][PASSED] - Modify property of object successfully

2020-06-09 00:07:51 - [TEST_STEP][PASSED] - ModifyDay = modifyObjectProperty(findTestObject("Objects.DateValidation/Page_ISPS2/Select_Day_Index"), "xpath", "equals", "(//*[contains(@class, 'x-datepicker-date') and (text() = '" + SelectCurrentDay + "')])[" + index + "]", true): Modify property of object successfully

2020-06-09 00:07:51 - [MESSAGE][PASSED] - Modify property of object successfully

2020-06-09 00:07:51 - [TEST_STEP][PASSED] - sendKeys(DateFieldNm, Keys.chord(ARROW_DOWN)): Keys 'DOWN + ' sent to object: 'Object Repository/Objects.HighlightElements/input_field'

2020-06-09 00:07:51 - [MESSAGE][PASSED] - Keys 'DOWN + ' sent to object: 'Object Repository/Objects.HighlightElements/input_field'

2020-06-09 00:07:51 - [TEST_STEP][PASSED] - com.reusableComponents.HighlightElement.run(ModifyDay): com.reusableComponents.HighlightElement.run is PASSED

2020-06-09 00:07:51 - [MESSAGE][PASSED] - com.reusableComponents.HighlightElement.run is PASSED

2020-06-09 00:07:51 - [TEST_STEP][PASSED] - delay(1): Delayed 1 second(s)

2020-06-09 00:07:52 - [MESSAGE][PASSED] - Delayed 1 second(s)

2020-06-09 00:07:52 - [TEST_STEP][PASSED] - click(ModifyDay): Object: 'Object Repository/Objects.DateValidation/Page_ISPS2/Select_Day_Index' is clicked on

2020-06-09 00:07:53 - [MESSAGE][PASSED] - Object: 'Object Repository/Objects.DateValidation/Page_ISPS2/Select_Day_Index' is clicked on

2020-06-09 00:07:53 - [TEST_STEP][PASSED] - GetError = getAttribute(DateFieldNm, "data-errorqtip"): Attribute 'data-errorqtip' of object 'Object Repository/Objects.HighlightElements/input_field' is: ''

2020-06-09 00:07:53 - [MESSAGE][PASSED] - Attribute 'data-errorqtip' of object 'Object Repository/Objects.HighlightElements/input_field' is: ''

2020-06-09 00:07:53 - [TEST_STEP][PASSED] - if (GetError == ""): null

2020-06-09 00:07:53 - [TEST_STEP][PASSED] - GetEnteredDate = getAttribute(DateFieldNm, "value"): Attribute 'value' of object 'Object Repository/Objects.HighlightElements/input_field' is: '21/06/2020'

2020-06-09 00:07:53 - [MESSAGE][PASSED] - Attribute 'value' of object 'Object Repository/Objects.HighlightElements/input_field' is: '21/06/2020'

2020-06-09 00:07:53 - [TEST_STEP][PASSED] - DatePattern = Pattern.compile("^(1[0-2]|0[1-9])/(3[01]|[12][0-9]|0[1-9])/[0-9]{4}$"): null

2020-06-09 00:07:53 - [TEST_STEP][PASSED] - VerifyDateFormat = DatePattern.matcher(GetEnteredDate): null

2020-06-09 00:07:53 - [TEST_STEP][PASSED] - if (VerifyDateFormat.matches() == true): null

2020-06-09 00:07:53 - [MESSAGE][PASSED] - Call Test Case 'Test Cases/PFI Precision and Scale/PFI Components with Indexing/SelectDayInDatePickerWithIndex' successfully

2020-06-09 00:07:53 - [TEST_STEP][PASSED] - callTestCase(findTestCase("PFI Precision and Scale/PFI Components/SelectTodayInDatePicker"), ["FldNm":"d2aRecvDt", "index":3], STOP_ON_FAILURE): Call Test Case 'Test Cases/PFI Precision and Scale/PFI Components/SelectTodayInDatePicker' successfully

2020-06-09 00:07:53 - [TEST_CASE][PASSED] - Test Cases/PFI Precision and Scale/PFI Components/SelectTodayInDatePicker: Test Cases/PFI Precision and Scale/PFI Components/SelectTodayInDatePicker

2020-06-09 00:07:53 - [TEST_STEP][PASSED] - Thread.sleep(1000): null

2020-06-09 00:07:54 - [TEST_STEP][PASSED] - date = new java.util.Date(): null

2020-06-09 00:07:54 - [TEST_STEP][PASSED] - CurrentDate = new java.text.SimpleDateFormat(dd/MM/yyyy): null

2020-06-09 00:07:54 - [TEST_STEP][PASSED] - TodayDate = CurrentDate.format(date): null

2020-06-09 00:07:54 - [TEST_STEP][PASSED] - DateFieldNm = modifyObjectProperty(findTestObject("Object Repository/Objects.DateValidation/Page_ISPS2/input__orderDt"), "name", "equals", FldNm, true): Modify property of object successfully

2020-06-09 00:07:54 - [MESSAGE][PASSED] - Modify property of object successfully

2020-06-09 00:07:54 - [TEST_STEP][PASSED] - TodayBtn = modifyObjectProperty(findTestObject("Object Repository/Objects.DateValidation/Page_ISPS2/a_Today"), "xpath", "equals", "(//*[text() = 'Today'])[" + index + "]", true): Modify property of object successfully

2020-06-09 00:07:54 - [MESSAGE][PASSED] - Modify property of object successfully

2020-06-09 00:07:54 - [TEST_STEP][PASSED] - sendKeys(DateFieldNm, Keys.chord(ARROW_DOWN)): Keys 'DOWN + ' sent to object: 'Object Repository/Objects.DateValidation/Page_ISPS2/input__orderDt'

2020-06-09 00:07:54 - [MESSAGE][PASSED] - Keys 'DOWN + ' sent to object: 'Object Repository/Objects.DateValidation/Page_ISPS2/input__orderDt'

2020-06-09 00:07:54 - [TEST_STEP][PASSED] - com.reusableComponents.HighlightElement.run(TodayBtn): com.reusableComponents.HighlightElement.run is PASSED

2020-06-09 00:07:54 - [MESSAGE][PASSED] - com.reusableComponents.HighlightElement.run is PASSED

2020-06-09 00:07:54 - [TEST_STEP][PASSED] - click(TodayBtn): Object: 'Object Repository/Objects.DateValidation/Page_ISPS2/a_Today' is clicked on

2020-06-09 00:07:54 - [MESSAGE][PASSED] - Object: 'Object Repository/Objects.DateValidation/Page_ISPS2/a_Today' is clicked on

2020-06-09 00:07:54 - [TEST_STEP][PASSED] - GetEnteredDate = getAttribute(DateFieldNm, "value"): Attribute 'value' of object 'Object Repository/Objects.DateValidation/Page_ISPS2/input__orderDt' is: '09/06/2020'

2020-06-09 00:07:54 - [MESSAGE][PASSED] - Attribute 'value' of object 'Object Repository/Objects.DateValidation/Page_ISPS2/input__orderDt' is: '09/06/2020'

2020-06-09 00:07:54 - [TEST_STEP][PASSED] - verifyMatch(GetEnteredDate, TodayDate, true): Actual text '09/06/2020' and expected text '09/06/2020' are matched  using regular expression

2020-06-09 00:07:54 - [MESSAGE][PASSED] - Actual text '09/06/2020' and expected text '09/06/2020' are matched  using regular expression

2020-06-09 00:07:54 - [MESSAGE][PASSED] - Call Test Case 'Test Cases/PFI Precision and Scale/PFI Components/SelectTodayInDatePicker' successfully

2020-06-09 00:07:54 - [TEST_STEP][PASSED] - callTestCase(findTestCase("Components/HighlightLabelField"), ["LblName":"Inspection D2a Compliance Date *:"], STOP_ON_FAILURE): Call Test Case 'Test Cases/Components/HighlightLabelField' successfully

2020-06-09 00:07:54 - [TEST_CASE][PASSED] - Test Cases/Components/HighlightLabelField: Test Cases/Components/HighlightLabelField

2020-06-09 00:07:54 - [TEST_STEP][PASSED] - Thread.sleep(1000): null

2020-06-09 00:07:55 - [TEST_STEP][PASSED] - modifiedLblNm = modifyObjectProperty(findTestObject("Objects.HighlightElements/lblField"), "text", "equals", LblName, true): Modify property of object successfully

2020-06-09 00:07:55 - [MESSAGE][PASSED] - Modify property of object successfully

2020-06-09 00:07:55 - [TEST_STEP][PASSED] - com.reusableComponents.HighlightElement.run(modifiedLblNm): com.reusableComponents.HighlightElement.run is PASSED

2020-06-09 00:07:56 - [MESSAGE][PASSED] - com.reusableComponents.HighlightElement.run is PASSED

2020-06-09 00:07:56 - [MESSAGE][PASSED] - Call Test Case 'Test Cases/Components/HighlightLabelField' successfully

2020-06-09 00:07:56 - [TEST_STEP][PASSED] - callTestCase(findTestCase("Components/HighlightInputField"), ["InputFldName":"d2aComplDt"], STOP_ON_FAILURE): Call Test Case 'Test Cases/Components/HighlightInputField' successfully

2020-06-09 00:07:56 - [TEST_CASE][PASSED] - Test Cases/Components/HighlightInputField: Test Cases/Components/HighlightInputField

2020-06-09 00:07:56 - [TEST_STEP][PASSED] - Thread.sleep(1000): null

2020-06-09 00:07:57 - [TEST_STEP][PASSED] - modifiedLblNm = modifyObjectProperty(findTestObject("Objects.HighlightElements/input_field"), "name", "equals", InputFldName, true): Modify property of object successfully

2020-06-09 00:07:57 - [MESSAGE][PASSED] - Modify property of object successfully

2020-06-09 00:07:57 - [TEST_STEP][PASSED] - com.reusableComponents.HighlightElement.run(modifiedLblNm): com.reusableComponents.HighlightElement.run is PASSED

2020-06-09 00:07:57 - [MESSAGE][PASSED] - com.reusableComponents.HighlightElement.run is PASSED

2020-06-09 00:07:57 - [MESSAGE][PASSED] - Call Test Case 'Test Cases/Components/HighlightInputField' successfully

2020-06-09 00:07:57 - [TEST_STEP][PASSED] - callTestCase(findTestCase("PFI Precision and Scale/PFI Components/NumericTextboxValidationII"), ["nameToBeUsed":"d2aComplDt", "minLen":12], STOP_ON_FAILURE): Call Test Case 'Test Cases/PFI Precision and Scale/PFI Components/NumericTextboxValidationII' successfully

2020-06-09 00:07:58 - [TEST_CASE][PASSED] - Test Cases/PFI Precision and Scale/PFI Components/NumericTextboxValidationII: Test Cases/PFI Precision and Scale/PFI Components/NumericTextboxValidationII

2020-06-09 00:07:58 - [TEST_STEP][PASSED] - Thread.sleep(1000): null

2020-06-09 00:07:59 - [TEST_STEP][PASSED] - Numeric = "0123456789": null

2020-06-09 00:07:59 - [TEST_STEP][PASSED] - AlphaSpecialChar = z) + "`~!@#$%^&*()=_{}|\][;'":,?><"".join(): null

2020-06-09 00:07:59 - [TEST_STEP][PASSED] - RandomNumeric = RandomStringUtils.random(minLen, Numeric.toCharArray()): null

2020-06-09 00:07:59 - [TEST_STEP][PASSED] - RandomString = RandomStringUtils.random(minLen, AlphaSpecialChar): null

2020-06-09 00:07:59 - [TEST_STEP][PASSED] - regexPat = Pattern.compile("^[0-9]+$"): null

2020-06-09 00:07:59 - [TEST_STEP][PASSED] - NewInputNmField = modifyObjectProperty(findTestObject("Objects.RemarksValidation/input_Remarks"), "name", "equals", nameToBeUsed, true): Modify property of object successfully

2020-06-09 00:07:59 - [MESSAGE][PASSED] - Modify property of object successfully

2020-06-09 00:07:59 - [TEST_STEP][PASSED] - focus(NewInputNmField): Object: 'Object Repository/Objects.RemarksValidation/input_Remarks' is focused

2020-06-09 00:07:59 - [MESSAGE][PASSED] - Object: 'Object Repository/Objects.RemarksValidation/input_Remarks' is focused

2020-06-09 00:07:59 - [TEST_STEP][PASSED] - setText(NewInputNmField, RandomString): Text ':_GINd&n,yol' is set on object 'Object Repository/Objects.RemarksValidation/input_Remarks'

2020-06-09 00:07:59 - [MESSAGE][PASSED] - Text ':_GINd&n,yol' is set on object 'Object Repository/Objects.RemarksValidation/input_Remarks'

2020-06-09 00:07:59 - [TEST_STEP][PASSED] - GetInputVal = getAttribute(NewInputNmField, "value"): Attribute 'value' of object 'Object Repository/Objects.RemarksValidation/input_Remarks' is: ''

2020-06-09 00:07:59 - [MESSAGE][PASSED] - Attribute 'value' of object 'Object Repository/Objects.RemarksValidation/input_Remarks' is: ''

2020-06-09 00:07:59 - [TEST_STEP][PASSED] - if (GetInputVal.contains("e")): null

2020-06-09 00:07:59 - [TEST_STEP][PASSED] - else: Actual text '' and expected text '' are matched  using regular expression

2020-06-09 00:07:59 - [TEST_STEP][PASSED] - verifyMatch(GetInputVal, "", true): Actual text '' and expected text '' are matched  using regular expression

2020-06-09 00:07:59 - [MESSAGE][PASSED] - Actual text '' and expected text '' are matched  using regular expression

2020-06-09 00:07:59 - [TEST_STEP][PASSED] - setText(NewInputNmField, RandomNumeric): Text '930996106135' is set on object 'Object Repository/Objects.RemarksValidation/input_Remarks'

2020-06-09 00:07:59 - [MESSAGE][PASSED] - Text '930996106135' is set on object 'Object Repository/Objects.RemarksValidation/input_Remarks'

2020-06-09 00:07:59 - [TEST_STEP][PASSED] - GetEnteredIntegers = getAttribute(NewInputNmField, "value"): Attribute 'value' of object 'Object Repository/Objects.RemarksValidation/input_Remarks' is: '930996106135'

2020-06-09 00:07:59 - [MESSAGE][PASSED] - Attribute 'value' of object 'Object Repository/Objects.RemarksValidation/input_Remarks' is: '930996106135'

2020-06-09 00:07:59 - [TEST_STEP][PASSED] - matchStr = regexPat.matcher(GetEnteredIntegers): null

2020-06-09 00:07:59 - [TEST_STEP][PASSED] - if (matchStr.matches() == true): Accepting Numeric

2020-06-09 00:07:59 - [TEST_STEP][PASSED] - comment("Accepting Numeric"): Accepting Numeric

2020-06-09 00:07:59 - [MESSAGE][INFO] - Accepting Numeric

2020-06-09 00:07:59 - [MESSAGE][PASSED] - Call Test Case 'Test Cases/PFI Precision and Scale/PFI Components/NumericTextboxValidationII' successfully

2020-06-09 00:07:59 - [TEST_STEP][PASSED] - callTestCase(findTestCase("PFI Precision and Scale/PFI Components/InvalidDateErrorValidation"), ["FldNm":"d2aComplDt"], STOP_ON_FAILURE): Call Test Case 'Test Cases/PFI Precision and Scale/PFI Components/InvalidDateErrorValidation' successfully

2020-06-09 00:07:59 - [TEST_CASE][PASSED] - Test Cases/PFI Precision and Scale/PFI Components/InvalidDateErrorValidation: Test Cases/PFI Precision and Scale/PFI Components/InvalidDateErrorValidation

2020-06-09 00:07:59 - [TEST_STEP][PASSED] - Thread.sleep(1000): null

2020-06-09 00:08:00 - [TEST_STEP][PASSED] - DateFieldNm = modifyObjectProperty(findTestObject("Object Repository/Objects.DateValidation/Page_ISPS2/input__orderDt"), "name", "equals", FldNm, true): Modify property of object successfully

2020-06-09 00:08:00 - [MESSAGE][PASSED] - Modify property of object successfully

2020-06-09 00:08:00 - [TEST_STEP][PASSED] - focus(DateFieldNm): Object: 'Object Repository/Objects.DateValidation/Page_ISPS2/input__orderDt' is focused

2020-06-09 00:08:00 - [MESSAGE][PASSED] - Object: 'Object Repository/Objects.DateValidation/Page_ISPS2/input__orderDt' is focused

2020-06-09 00:08:00 - [TEST_STEP][PASSED] - getInputInvalidDate = getAttribute(DateFieldNm, "value"): Attribute 'value' of object 'Object Repository/Objects.DateValidation/Page_ISPS2/input__orderDt' is: '930996106135'

2020-06-09 00:08:00 - [MESSAGE][PASSED] - Attribute 'value' of object 'Object Repository/Objects.DateValidation/Page_ISPS2/input__orderDt' is: '930996106135'

2020-06-09 00:08:00 - [TEST_STEP][PASSED] - mouseOver(DateFieldNm): Object: 'Object Repository/Objects.DateValidation/Page_ISPS2/input__orderDt' is hovered

2020-06-09 00:08:00 - [MESSAGE][PASSED] - Object: 'Object Repository/Objects.DateValidation/Page_ISPS2/input__orderDt' is hovered

2020-06-09 00:08:00 - [TEST_STEP][PASSED] - getErrMsg = getAttribute(DateFieldNm, "data-errorqtip"): Attribute 'data-errorqtip' of object 'Object Repository/Objects.DateValidation/Page_ISPS2/input__orderDt' is: '<ul class="x-list-plain"><li>930996106135 is not a valid date - it must be in the format d/m/Y</li></ul>'

2020-06-09 00:08:00 - [MESSAGE][PASSED] - Attribute 'data-errorqtip' of object 'Object Repository/Objects.DateValidation/Page_ISPS2/input__orderDt' is: '<ul class="x-list-plain"><li>930996106135 is not a valid date - it must be in the format d/m/Y</li></ul>'

2020-06-09 00:08:00 - [TEST_STEP][PASSED] - getTotalLength = getErrMsg.length(): null

2020-06-09 00:08:00 - [TEST_STEP][PASSED] - RemoveULClass = getErrMsg.substring(29, getTotalLength): null

2020-06-09 00:08:00 - [TEST_STEP][PASSED] - LengthNoUlClass = RemoveULClass.length() - 10: null

2020-06-09 00:08:00 - [TEST_STEP][PASSED] - ToolTipInvErrMsg = RemoveULClass.substring(0, LengthNoUlClass): null

2020-06-09 00:08:00 - [TEST_STEP][PASSED] - ExpectedInvalidErrMsg = concatenate(getInputInvalidDate, " ", NotValidDt): Concatenated string array: '['930996106135',' ','is not a valid date - it must be in the format d/m/Y']' into '930996106135 is not a valid date - it must be in the format d/m/Y'

2020-06-09 00:08:00 - [MESSAGE][PASSED] - Concatenated string array: '['930996106135',' ','is not a valid date - it must be in the format d/m/Y']' into '930996106135 is not a valid date - it must be in the format d/m/Y'

2020-06-09 00:08:00 - [TEST_STEP][PASSED] - verifyMatch(ToolTipInvErrMsg, ExpectedInvalidErrMsg, true): Actual text '930996106135 is not a valid date - it must be in the format d/m/Y' and expected text '930996106135 is not a valid date - it must be in the format d/m/Y' are matched  using regular expression

2020-06-09 00:08:00 - [MESSAGE][PASSED] - Actual text '930996106135 is not a valid date - it must be in the format d/m/Y' and expected text '930996106135 is not a valid date - it must be in the format d/m/Y' are matched  using regular expression

2020-06-09 00:08:00 - [MESSAGE][PASSED] - Call Test Case 'Test Cases/PFI Precision and Scale/PFI Components/InvalidDateErrorValidation' successfully

2020-06-09 00:08:00 - [TEST_STEP][PASSED] - callTestCase(findTestCase("PFI Precision and Scale/PFI Components with Indexing/SelectDayInDatePickerWithIndex"), ["FldNm":"d2aComplDt", "SelectCurrentDay":"9", "index":7], STOP_ON_FAILURE): Call Test Case 'Test Cases/PFI Precision and Scale/PFI Components with Indexing/SelectDayInDatePickerWithIndex' successfully

2020-06-09 00:08:00 - [TEST_CASE][PASSED] - Test Cases/PFI Precision and Scale/PFI Components with Indexing/SelectDayInDatePickerWithIndex: Test Cases/PFI Precision and Scale/PFI Components with Indexing/SelectDayInDatePickerWithIndex

2020-06-09 00:08:00 - [TEST_STEP][PASSED] - Thread.sleep(1000): null

2020-06-09 00:08:01 - [TEST_STEP][PASSED] - DateFieldNm = modifyObjectProperty(findTestObject("Objects.HighlightElements/input_field"), "name", "equals", FldNm, true): Modify property of object successfully

2020-06-09 00:08:01 - [MESSAGE][PASSED] - Modify property of object successfully

2020-06-09 00:08:01 - [TEST_STEP][PASSED] - ModifyDay = modifyObjectProperty(findTestObject("Objects.DateValidation/Page_ISPS2/Select_Day_Index"), "xpath", "equals", "(//*[contains(@class, 'x-datepicker-date') and (text() = '" + SelectCurrentDay + "')])[" + index + "]", true): Modify property of object successfully

2020-06-09 00:08:01 - [MESSAGE][PASSED] - Modify property of object successfully

2020-06-09 00:08:01 - [TEST_STEP][PASSED] - sendKeys(DateFieldNm, Keys.chord(ARROW_DOWN)): Keys 'DOWN + ' sent to object: 'Object Repository/Objects.HighlightElements/input_field'

2020-06-09 00:08:01 - [MESSAGE][PASSED] - Keys 'DOWN + ' sent to object: 'Object Repository/Objects.HighlightElements/input_field'

2020-06-09 00:08:01 - [TEST_STEP][PASSED] - com.reusableComponents.HighlightElement.run(ModifyDay): com.reusableComponents.HighlightElement.run is PASSED

2020-06-09 00:08:02 - [MESSAGE][PASSED] - com.reusableComponents.HighlightElement.run is PASSED

2020-06-09 00:08:02 - [TEST_STEP][PASSED] - delay(1): Delayed 1 second(s)

2020-06-09 00:08:03 - [MESSAGE][PASSED] - Delayed 1 second(s)

2020-06-09 00:08:03 - [TEST_STEP][PASSED] - click(ModifyDay): Object: 'Object Repository/Objects.DateValidation/Page_ISPS2/Select_Day_Index' is clicked on

2020-06-09 00:08:03 - [MESSAGE][PASSED] - Object: 'Object Repository/Objects.DateValidation/Page_ISPS2/Select_Day_Index' is clicked on

2020-06-09 00:08:03 - [TEST_STEP][PASSED] - GetError = getAttribute(DateFieldNm, "data-errorqtip"): Attribute 'data-errorqtip' of object 'Object Repository/Objects.HighlightElements/input_field' is: ''

2020-06-09 00:08:03 - [MESSAGE][PASSED] - Attribute 'data-errorqtip' of object 'Object Repository/Objects.HighlightElements/input_field' is: ''

2020-06-09 00:08:03 - [TEST_STEP][PASSED] - if (GetError == ""): Date Format is valid

2020-06-09 00:08:03 - [TEST_STEP][PASSED] - GetEnteredDate = getAttribute(DateFieldNm, "value"): Attribute 'value' of object 'Object Repository/Objects.HighlightElements/input_field' is: '09/06/2020'

2020-06-09 00:08:03 - [MESSAGE][PASSED] - Attribute 'value' of object 'Object Repository/Objects.HighlightElements/input_field' is: '09/06/2020'

2020-06-09 00:08:03 - [TEST_STEP][PASSED] - DatePattern = Pattern.compile("^(1[0-2]|0[1-9])/(3[01]|[12][0-9]|0[1-9])/[0-9]{4}$"): null

2020-06-09 00:08:03 - [TEST_STEP][PASSED] - VerifyDateFormat = DatePattern.matcher(GetEnteredDate): null

2020-06-09 00:08:03 - [TEST_STEP][PASSED] - if (VerifyDateFormat.matches() == true): Date Format is valid

2020-06-09 00:08:03 - [TEST_STEP][PASSED] - comment("Date Format is valid"): Date Format is valid

2020-06-09 00:08:03 - [MESSAGE][INFO] - Date Format is valid

2020-06-09 00:08:03 - [MESSAGE][PASSED] - Call Test Case 'Test Cases/PFI Precision and Scale/PFI Components with Indexing/SelectDayInDatePickerWithIndex' successfully

2020-06-09 00:08:03 - [TEST_STEP][PASSED] - callTestCase(findTestCase("PFI Precision and Scale/PFI Components/SelectTodayInDatePicker"), ["FldNm":"d2aComplDt", "index":4], STOP_ON_FAILURE): Call Test Case 'Test Cases/PFI Precision and Scale/PFI Components/SelectTodayInDatePicker' successfully

2020-06-09 00:08:03 - [TEST_CASE][PASSED] - Test Cases/PFI Precision and Scale/PFI Components/SelectTodayInDatePicker: Test Cases/PFI Precision and Scale/PFI Components/SelectTodayInDatePicker

2020-06-09 00:08:03 - [TEST_STEP][PASSED] - Thread.sleep(1000): null

2020-06-09 00:08:04 - [TEST_STEP][PASSED] - date = new java.util.Date(): null

2020-06-09 00:08:04 - [TEST_STEP][PASSED] - CurrentDate = new java.text.SimpleDateFormat(dd/MM/yyyy): null

2020-06-09 00:08:04 - [TEST_STEP][PASSED] - TodayDate = CurrentDate.format(date): null

2020-06-09 00:08:04 - [TEST_STEP][PASSED] - DateFieldNm = modifyObjectProperty(findTestObject("Object Repository/Objects.DateValidation/Page_ISPS2/input__orderDt"), "name", "equals", FldNm, true): Modify property of object successfully

2020-06-09 00:08:04 - [MESSAGE][PASSED] - Modify property of object successfully

2020-06-09 00:08:04 - [TEST_STEP][PASSED] - TodayBtn = modifyObjectProperty(findTestObject("Object Repository/Objects.DateValidation/Page_ISPS2/a_Today"), "xpath", "equals", "(//*[text() = 'Today'])[" + index + "]", true): Modify property of object successfully

2020-06-09 00:08:04 - [MESSAGE][PASSED] - Modify property of object successfully

2020-06-09 00:08:04 - [TEST_STEP][PASSED] - sendKeys(DateFieldNm, Keys.chord(ARROW_DOWN)): Keys 'DOWN + ' sent to object: 'Object Repository/Objects.DateValidation/Page_ISPS2/input__orderDt'

2020-06-09 00:08:04 - [MESSAGE][PASSED] - Keys 'DOWN + ' sent to object: 'Object Repository/Objects.DateValidation/Page_ISPS2/input__orderDt'

2020-06-09 00:08:04 - [TEST_STEP][PASSED] - com.reusableComponents.HighlightElement.run(TodayBtn): com.reusableComponents.HighlightElement.run is PASSED

2020-06-09 00:08:05 - [MESSAGE][PASSED] - com.reusableComponents.HighlightElement.run is PASSED

2020-06-09 00:08:05 - [TEST_STEP][PASSED] - click(TodayBtn): Object: 'Object Repository/Objects.DateValidation/Page_ISPS2/a_Today' is clicked on

2020-06-09 00:08:05 - [MESSAGE][PASSED] - Object: 'Object Repository/Objects.DateValidation/Page_ISPS2/a_Today' is clicked on

2020-06-09 00:08:05 - [TEST_STEP][PASSED] - GetEnteredDate = getAttribute(DateFieldNm, "value"): Attribute 'value' of object 'Object Repository/Objects.DateValidation/Page_ISPS2/input__orderDt' is: '09/06/2020'

2020-06-09 00:08:05 - [MESSAGE][PASSED] - Attribute 'value' of object 'Object Repository/Objects.DateValidation/Page_ISPS2/input__orderDt' is: '09/06/2020'

2020-06-09 00:08:05 - [TEST_STEP][PASSED] - verifyMatch(GetEnteredDate, TodayDate, true): Actual text '09/06/2020' and expected text '09/06/2020' are matched  using regular expression

2020-06-09 00:08:05 - [MESSAGE][PASSED] - Actual text '09/06/2020' and expected text '09/06/2020' are matched  using regular expression

2020-06-09 00:08:05 - [MESSAGE][PASSED] - Call Test Case 'Test Cases/PFI Precision and Scale/PFI Components/SelectTodayInDatePicker' successfully

2020-06-09 00:08:05 - [TEST_STEP][PASSED] - callTestCase(findTestCase("Components/HighlightLabelField"), ["LblName":"PE Reference No *:"], STOP_ON_FAILURE): Call Test Case 'Test Cases/Components/HighlightLabelField' successfully

2020-06-09 00:08:05 - [TEST_CASE][PASSED] - Test Cases/Components/HighlightLabelField: Test Cases/Components/HighlightLabelField

2020-06-09 00:08:05 - [TEST_STEP][PASSED] - Thread.sleep(1000): null

2020-06-09 00:08:06 - [TEST_STEP][PASSED] - modifiedLblNm = modifyObjectProperty(findTestObject("Objects.HighlightElements/lblField"), "text", "equals", LblName, true): Modify property of object successfully

2020-06-09 00:08:06 - [MESSAGE][PASSED] - Modify property of object successfully

2020-06-09 00:08:06 - [TEST_STEP][PASSED] - com.reusableComponents.HighlightElement.run(modifiedLblNm): com.reusableComponents.HighlightElement.run is PASSED

2020-06-09 00:08:07 - [MESSAGE][PASSED] - com.reusableComponents.HighlightElement.run is PASSED

2020-06-09 00:08:07 - [MESSAGE][PASSED] - Call Test Case 'Test Cases/Components/HighlightLabelField' successfully

2020-06-09 00:08:07 - [TEST_STEP][PASSED] - callTestCase(findTestCase("Components/HighlightInputField"), ["InputFldName":"peRegNbr"], STOP_ON_FAILURE): Call Test Case 'Test Cases/Components/HighlightInputField' successfully

2020-06-09 00:08:07 - [TEST_CASE][PASSED] - Test Cases/Components/HighlightInputField: Test Cases/Components/HighlightInputField

2020-06-09 00:08:07 - [TEST_STEP][PASSED] - Thread.sleep(1000): null

2020-06-09 00:08:08 - [TEST_STEP][PASSED] - modifiedLblNm = modifyObjectProperty(findTestObject("Objects.HighlightElements/input_field"), "name", "equals", InputFldName, true): Modify property of object successfully

2020-06-09 00:08:08 - [MESSAGE][PASSED] - Modify property of object successfully

2020-06-09 00:08:08 - [TEST_STEP][PASSED] - com.reusableComponents.HighlightElement.run(modifiedLblNm): com.reusableComponents.HighlightElement.run is PASSED

2020-06-09 00:08:08 - [MESSAGE][PASSED] - com.reusableComponents.HighlightElement.run is PASSED

2020-06-09 00:08:08 - [MESSAGE][PASSED] - Call Test Case 'Test Cases/Components/HighlightInputField' successfully

2020-06-09 00:08:08 - [TEST_STEP][PASSED] - callTestCase(findTestCase("PFI Precision and Scale/PFI Components/VerifyDropdownValues"), ["FldNm":"peRegNbr", "CallTCName":"Test Cases/PFI Precision and Scale/HashMap Tables/PELists", "cmbNm":"PENo", "NoOfVal":10, ... ], STOP_ON_FAILURE): Call Test Case 'Test Cases/PFI Precision and Scale/PFI Components/VerifyDropdownValues' successfully

2020-06-09 00:08:08 - [TEST_CASE][PASSED] - Test Cases/PFI Precision and Scale/PFI Components/VerifyDropdownValues: Test Cases/PFI Precision and Scale/PFI Components/VerifyDropdownValues

2020-06-09 00:08:08 - [TEST_STEP][PASSED] - Thread.sleep(1000): null

2020-06-09 00:08:09 - [TEST_STEP][PASSED] - NewInputNmField = modifyObjectProperty(findTestObject("Objects.HighlightElements/input_field"), "name", "equals", FldNm, true): Modify property of object successfully

2020-06-09 00:08:09 - [MESSAGE][PASSED] - Modify property of object successfully

2020-06-09 00:08:09 - [TEST_STEP][PASSED] - comboNm = cmbNm: null

2020-06-09 00:08:09 - [TEST_STEP][PASSED] - focus(NewInputNmField): Object: 'Object Repository/Objects.HighlightElements/input_field' is focused

2020-06-09 00:08:09 - [MESSAGE][PASSED] - Object: 'Object Repository/Objects.HighlightElements/input_field' is focused

2020-06-09 00:08:09 - [TEST_STEP][PASSED] - setText(NewInputNmField, EnterValue): Text '0016' is set on object 'Object Repository/Objects.HighlightElements/input_field'

2020-06-09 00:08:09 - [MESSAGE][PASSED] - Text '0016' is set on object 'Object Repository/Objects.HighlightElements/input_field'

2020-06-09 00:08:09 - [TEST_STEP][PASSED] - for ([i = 1, i <= NoOfVal, (i++)]): Keys 'DOWN + ' sent to object: 'Object Repository/Objects.HighlightElements/input_field'

2020-06-09 00:08:09 - [TEST_STEP][PASSED] - sendKeys(NewInputNmField, Keys.chord(ARROW_DOWN)): Keys 'DOWN + ' sent to object: 'Object Repository/Objects.HighlightElements/input_field'

2020-06-09 00:08:10 - [MESSAGE][PASSED] - Keys 'DOWN + ' sent to object: 'Object Repository/Objects.HighlightElements/input_field'

2020-06-09 00:08:10 - [TEST_STEP][PASSED] - delay(DelayTime): Delayed 5 second(s)

2020-06-09 00:08:15 - [MESSAGE][PASSED] - Delayed 5 second(s)

2020-06-09 00:08:15 - [TEST_STEP][PASSED] - sendKeys(NewInputNmField, Keys.chord(ENTER)): Keys 'ENTER + ' sent to object: 'Object Repository/Objects.HighlightElements/input_field'

2020-06-09 00:08:15 - [MESSAGE][PASSED] - Keys 'ENTER + ' sent to object: 'Object Repository/Objects.HighlightElements/input_field'

2020-06-09 00:08:15 - [TEST_STEP][PASSED] - ComboBoxValue = getAttribute(NewInputNmField, "value"): Attribute 'value' of object 'Object Repository/Objects.HighlightElements/input_field' is: '0016'

2020-06-09 00:08:15 - [MESSAGE][PASSED] - Attribute 'value' of object 'Object Repository/Objects.HighlightElements/input_field' is: '0016'

2020-06-09 00:08:15 - [TEST_STEP][PASSED] - callTestCase(findTestCase(CallTCName), ["FindValue":ComboBoxValue, "DropdownNm":comboNm], STOP_ON_FAILURE): Call Test Case 'Test Cases/PFI Precision and Scale/HashMap Tables/PELists' successfully

2020-06-09 00:08:15 - [TEST_CASE][PASSED] - Test Cases/PFI Precision and Scale/HashMap Tables/PELists: Test Cases/PFI Precision and Scale/HashMap Tables/PELists

2020-06-09 00:08:15 - [TEST_STEP][PASSED] - Thread.sleep(1000): null

2020-06-09 00:08:16 - [TEST_STEP][PASSED] - PEListsTBL = ["0011":"QP-Formatted Address", "0012":"QP-0012", "0014":"QP-0014", "0015":"QP-0015", "0016":"QP-0016", "3214":"Dummy QP Name 3861", ... ]: null

2020-06-09 00:08:16 - [TEST_STEP][PASSED] - switch (DropdownNm): null

2020-06-09 00:08:16 - [TEST_STEP][PASSED] - case "PENo":: null

2020-06-09 00:08:16 - [TEST_STEP][PASSED] - ValueFound = FindValue + " (" + get(FindValue).toString() + ")": null

2020-06-09 00:08:16 - [TEST_STEP][PASSED] - break: null

2020-06-09 00:08:16 - [MESSAGE][PASSED] - Call Test Case 'Test Cases/PFI Precision and Scale/HashMap Tables/PELists' successfully

2020-06-09 00:08:16 - [TEST_STEP][PASSED] - println(ValueFound): null

2020-06-09 00:08:16 - [TEST_STEP][PASSED] - sendKeys(NewInputNmField, Keys.chord(ARROW_DOWN)): Keys 'DOWN + ' sent to object: 'Object Repository/Objects.HighlightElements/input_field'

2020-06-09 00:08:16 - [MESSAGE][PASSED] - Keys 'DOWN + ' sent to object: 'Object Repository/Objects.HighlightElements/input_field'

2020-06-09 00:08:16 - [TEST_STEP][PASSED] - sendKeys(NewInputNmField, Keys.chord(ARROW_DOWN)): Keys 'DOWN + ' sent to object: 'Object Repository/Objects.HighlightElements/input_field'

2020-06-09 00:08:16 - [MESSAGE][PASSED] - Keys 'DOWN + ' sent to object: 'Object Repository/Objects.HighlightElements/input_field'

2020-06-09 00:08:16 - [TEST_STEP][PASSED] - delay(DelayTime): Delayed 5 second(s)

2020-06-09 00:08:21 - [MESSAGE][PASSED] - Delayed 5 second(s)

2020-06-09 00:08:21 - [TEST_STEP][PASSED] - sendKeys(NewInputNmField, Keys.chord(ENTER)): Keys 'ENTER + ' sent to object: 'Object Repository/Objects.HighlightElements/input_field'

2020-06-09 00:08:21 - [MESSAGE][PASSED] - Keys 'ENTER + ' sent to object: 'Object Repository/Objects.HighlightElements/input_field'

2020-06-09 00:08:21 - [TEST_STEP][PASSED] - ComboBoxValue = getAttribute(NewInputNmField, "value"): Attribute 'value' of object 'Object Repository/Objects.HighlightElements/input_field' is: '0016'

2020-06-09 00:08:21 - [MESSAGE][PASSED] - Attribute 'value' of object 'Object Repository/Objects.HighlightElements/input_field' is: '0016'

2020-06-09 00:08:21 - [TEST_STEP][PASSED] - callTestCase(findTestCase(CallTCName), ["FindValue":ComboBoxValue, "DropdownNm":comboNm], STOP_ON_FAILURE): Call Test Case 'Test Cases/PFI Precision and Scale/HashMap Tables/PELists' successfully

2020-06-09 00:08:21 - [TEST_CASE][PASSED] - Test Cases/PFI Precision and Scale/HashMap Tables/PELists: Test Cases/PFI Precision and Scale/HashMap Tables/PELists

2020-06-09 00:08:21 - [TEST_STEP][PASSED] - Thread.sleep(1000): null

2020-06-09 00:08:22 - [TEST_STEP][PASSED] - PEListsTBL = ["0011":"QP-Formatted Address", "0012":"QP-0012", "0014":"QP-0014", "0015":"QP-0015", "0016":"QP-0016", "3214":"Dummy QP Name 3861", ... ]: null

2020-06-09 00:08:22 - [TEST_STEP][PASSED] - switch (DropdownNm): null

2020-06-09 00:08:22 - [TEST_STEP][PASSED] - case "PENo":: null

2020-06-09 00:08:22 - [TEST_STEP][PASSED] - ValueFound = FindValue + " (" + get(FindValue).toString() + ")": null

2020-06-09 00:08:22 - [TEST_STEP][PASSED] - break: null

2020-06-09 00:08:22 - [MESSAGE][PASSED] - Call Test Case 'Test Cases/PFI Precision and Scale/HashMap Tables/PELists' successfully

2020-06-09 00:08:22 - [TEST_STEP][PASSED] - println(ValueFound): null

2020-06-09 00:08:22 - [TEST_STEP][PASSED] - sendKeys(NewInputNmField, Keys.chord(ARROW_DOWN)): Keys 'DOWN + ' sent to object: 'Object Repository/Objects.HighlightElements/input_field'

2020-06-09 00:08:22 - [MESSAGE][PASSED] - Keys 'DOWN + ' sent to object: 'Object Repository/Objects.HighlightElements/input_field'

2020-06-09 00:08:22 - [TEST_STEP][PASSED] - sendKeys(NewInputNmField, Keys.chord(ARROW_DOWN)): Keys 'DOWN + ' sent to object: 'Object Repository/Objects.HighlightElements/input_field'

2020-06-09 00:08:22 - [MESSAGE][PASSED] - Keys 'DOWN + ' sent to object: 'Object Repository/Objects.HighlightElements/input_field'

2020-06-09 00:08:22 - [TEST_STEP][PASSED] - delay(DelayTime): Delayed 5 second(s)

2020-06-09 00:08:27 - [MESSAGE][PASSED] - Delayed 5 second(s)

2020-06-09 00:08:27 - [TEST_STEP][PASSED] - sendKeys(NewInputNmField, Keys.chord(ENTER)): Keys 'ENTER + ' sent to object: 'Object Repository/Objects.HighlightElements/input_field'

2020-06-09 00:08:27 - [MESSAGE][PASSED] - Keys 'ENTER + ' sent to object: 'Object Repository/Objects.HighlightElements/input_field'

2020-06-09 00:08:27 - [TEST_STEP][PASSED] - ComboBoxValue = getAttribute(NewInputNmField, "value"): Attribute 'value' of object 'Object Repository/Objects.HighlightElements/input_field' is: '1004'

2020-06-09 00:08:27 - [MESSAGE][PASSED] - Attribute 'value' of object 'Object Repository/Objects.HighlightElements/input_field' is: '1004'

2020-06-09 00:08:27 - [TEST_STEP][PASSED] - callTestCase(findTestCase(CallTCName), ["FindValue":ComboBoxValue, "DropdownNm":comboNm], STOP_ON_FAILURE): Call Test Case 'Test Cases/PFI Precision and Scale/HashMap Tables/PELists' successfully

2020-06-09 00:08:27 - [TEST_CASE][PASSED] - Test Cases/PFI Precision and Scale/HashMap Tables/PELists: Test Cases/PFI Precision and Scale/HashMap Tables/PELists

2020-06-09 00:08:27 - [TEST_STEP][PASSED] - Thread.sleep(1000): null

2020-06-09 00:08:28 - [TEST_STEP][PASSED] - PEListsTBL = ["0011":"QP-Formatted Address", "0012":"QP-0012", "0014":"QP-0014", "0015":"QP-0015", "0016":"QP-0016", "3214":"Dummy QP Name 3861", ... ]: null

2020-06-09 00:08:28 - [TEST_STEP][PASSED] - switch (DropdownNm): null

2020-06-09 00:08:28 - [TEST_STEP][PASSED] - case "PENo":: null

2020-06-09 00:08:28 - [TEST_STEP][PASSED] - ValueFound = FindValue + " (" + get(FindValue).toString() + ")": null

2020-06-09 00:08:28 - [TEST_STEP][PASSED] - break: null

2020-06-09 00:08:28 - [MESSAGE][PASSED] - Call Test Case 'Test Cases/PFI Precision and Scale/HashMap Tables/PELists' successfully

2020-06-09 00:08:28 - [TEST_STEP][PASSED] - println(ValueFound): null

2020-06-09 00:08:28 - [TEST_STEP][PASSED] - sendKeys(NewInputNmField, Keys.chord(ARROW_DOWN)): Keys 'DOWN + ' sent to object: 'Object Repository/Objects.HighlightElements/input_field'

2020-06-09 00:08:28 - [MESSAGE][PASSED] - Keys 'DOWN + ' sent to object: 'Object Repository/Objects.HighlightElements/input_field'

2020-06-09 00:08:28 - [TEST_STEP][PASSED] - sendKeys(NewInputNmField, Keys.chord(ARROW_DOWN)): Keys 'DOWN + ' sent to object: 'Object Repository/Objects.HighlightElements/input_field'

2020-06-09 00:08:28 - [MESSAGE][PASSED] - Keys 'DOWN + ' sent to object: 'Object Repository/Objects.HighlightElements/input_field'

2020-06-09 00:08:28 - [TEST_STEP][PASSED] - delay(DelayTime): Delayed 5 second(s)

2020-06-09 00:08:33 - [MESSAGE][PASSED] - Delayed 5 second(s)

2020-06-09 00:08:33 - [TEST_STEP][PASSED] - sendKeys(NewInputNmField, Keys.chord(ENTER)): Keys 'ENTER + ' sent to object: 'Object Repository/Objects.HighlightElements/input_field'

2020-06-09 00:08:33 - [MESSAGE][PASSED] - Keys 'ENTER + ' sent to object: 'Object Repository/Objects.HighlightElements/input_field'

2020-06-09 00:08:33 - [TEST_STEP][PASSED] - ComboBoxValue = getAttribute(NewInputNmField, "value"): Attribute 'value' of object 'Object Repository/Objects.HighlightElements/input_field' is: '1004'

2020-06-09 00:08:33 - [MESSAGE][PASSED] - Attribute 'value' of object 'Object Repository/Objects.HighlightElements/input_field' is: '1004'

2020-06-09 00:08:33 - [TEST_STEP][PASSED] - callTestCase(findTestCase(CallTCName), ["FindValue":ComboBoxValue, "DropdownNm":comboNm], STOP_ON_FAILURE): Call Test Case 'Test Cases/PFI Precision and Scale/HashMap Tables/PELists' successfully

2020-06-09 00:08:33 - [TEST_CASE][PASSED] - Test Cases/PFI Precision and Scale/HashMap Tables/PELists: Test Cases/PFI Precision and Scale/HashMap Tables/PELists

2020-06-09 00:08:33 - [TEST_STEP][PASSED] - Thread.sleep(1000): null

2020-06-09 00:08:34 - [TEST_STEP][PASSED] - PEListsTBL = ["0011":"QP-Formatted Address", "0012":"QP-0012", "0014":"QP-0014", "0015":"QP-0015", "0016":"QP-0016", "3214":"Dummy QP Name 3861", ... ]: null

2020-06-09 00:08:34 - [TEST_STEP][PASSED] - switch (DropdownNm): null

2020-06-09 00:08:34 - [TEST_STEP][PASSED] - case "PENo":: null

2020-06-09 00:08:34 - [TEST_STEP][PASSED] - ValueFound = FindValue + " (" + get(FindValue).toString() + ")": null

2020-06-09 00:08:34 - [TEST_STEP][PASSED] - break: null

2020-06-09 00:08:34 - [MESSAGE][PASSED] - Call Test Case 'Test Cases/PFI Precision and Scale/HashMap Tables/PELists' successfully

2020-06-09 00:08:34 - [TEST_STEP][PASSED] - println(ValueFound): null

2020-06-09 00:08:34 - [TEST_STEP][PASSED] - sendKeys(NewInputNmField, Keys.chord(ARROW_DOWN)): Keys 'DOWN + ' sent to object: 'Object Repository/Objects.HighlightElements/input_field'

2020-06-09 00:08:34 - [MESSAGE][PASSED] - Keys 'DOWN + ' sent to object: 'Object Repository/Objects.HighlightElements/input_field'

2020-06-09 00:08:34 - [TEST_STEP][PASSED] - sendKeys(NewInputNmField, Keys.chord(ARROW_DOWN)): Keys 'DOWN + ' sent to object: 'Object Repository/Objects.HighlightElements/input_field'

2020-06-09 00:08:34 - [MESSAGE][PASSED] - Keys 'DOWN + ' sent to object: 'Object Repository/Objects.HighlightElements/input_field'

2020-06-09 00:08:34 - [TEST_STEP][PASSED] - delay(DelayTime): Delayed 5 second(s)

2020-06-09 00:08:39 - [MESSAGE][PASSED] - Delayed 5 second(s)

2020-06-09 00:08:39 - [TEST_STEP][PASSED] - sendKeys(NewInputNmField, Keys.chord(ENTER)): Keys 'ENTER + ' sent to object: 'Object Repository/Objects.HighlightElements/input_field'

2020-06-09 00:08:39 - [MESSAGE][PASSED] - Keys 'ENTER + ' sent to object: 'Object Repository/Objects.HighlightElements/input_field'

2020-06-09 00:08:39 - [TEST_STEP][PASSED] - ComboBoxValue = getAttribute(NewInputNmField, "value"): Attribute 'value' of object 'Object Repository/Objects.HighlightElements/input_field' is: '1004'

2020-06-09 00:08:39 - [MESSAGE][PASSED] - Attribute 'value' of object 'Object Repository/Objects.HighlightElements/input_field' is: '1004'

2020-06-09 00:08:39 - [TEST_STEP][PASSED] - callTestCase(findTestCase(CallTCName), ["FindValue":ComboBoxValue, "DropdownNm":comboNm], STOP_ON_FAILURE): Call Test Case 'Test Cases/PFI Precision and Scale/HashMap Tables/PELists' successfully

2020-06-09 00:08:40 - [TEST_CASE][PASSED] - Test Cases/PFI Precision and Scale/HashMap Tables/PELists: Test Cases/PFI Precision and Scale/HashMap Tables/PELists

2020-06-09 00:08:40 - [TEST_STEP][PASSED] - Thread.sleep(1000): null

2020-06-09 00:08:41 - [TEST_STEP][PASSED] - PEListsTBL = ["0011":"QP-Formatted Address", "0012":"QP-0012", "0014":"QP-0014", "0015":"QP-0015", "0016":"QP-0016", "3214":"Dummy QP Name 3861", ... ]: null

2020-06-09 00:08:41 - [TEST_STEP][PASSED] - switch (DropdownNm): null

2020-06-09 00:08:41 - [TEST_STEP][PASSED] - case "PENo":: null

2020-06-09 00:08:41 - [TEST_STEP][PASSED] - ValueFound = FindValue + " (" + get(FindValue).toString() + ")": null

2020-06-09 00:08:41 - [TEST_STEP][PASSED] - break: null

2020-06-09 00:08:41 - [MESSAGE][PASSED] - Call Test Case 'Test Cases/PFI Precision and Scale/HashMap Tables/PELists' successfully

2020-06-09 00:08:41 - [TEST_STEP][PASSED] - println(ValueFound): null

2020-06-09 00:08:41 - [TEST_STEP][PASSED] - sendKeys(NewInputNmField, Keys.chord(ARROW_DOWN)): Keys 'DOWN + ' sent to object: 'Object Repository/Objects.HighlightElements/input_field'

2020-06-09 00:08:41 - [MESSAGE][PASSED] - Keys 'DOWN + ' sent to object: 'Object Repository/Objects.HighlightElements/input_field'

2020-06-09 00:08:41 - [TEST_STEP][PASSED] - sendKeys(NewInputNmField, Keys.chord(ARROW_DOWN)): Keys 'DOWN + ' sent to object: 'Object Repository/Objects.HighlightElements/input_field'

2020-06-09 00:08:41 - [MESSAGE][PASSED] - Keys 'DOWN + ' sent to object: 'Object Repository/Objects.HighlightElements/input_field'

2020-06-09 00:08:41 - [TEST_STEP][PASSED] - delay(DelayTime): Delayed 5 second(s)

2020-06-09 00:08:46 - [MESSAGE][PASSED] - Delayed 5 second(s)

2020-06-09 00:08:46 - [TEST_STEP][PASSED] - sendKeys(NewInputNmField, Keys.chord(ENTER)): Keys 'ENTER + ' sent to object: 'Object Repository/Objects.HighlightElements/input_field'

2020-06-09 00:08:46 - [MESSAGE][PASSED] - Keys 'ENTER + ' sent to object: 'Object Repository/Objects.HighlightElements/input_field'

2020-06-09 00:08:46 - [TEST_STEP][PASSED] - ComboBoxValue = getAttribute(NewInputNmField, "value"): Attribute 'value' of object 'Object Repository/Objects.HighlightElements/input_field' is: '1004'

2020-06-09 00:08:46 - [MESSAGE][PASSED] - Attribute 'value' of object 'Object Repository/Objects.HighlightElements/input_field' is: '1004'

2020-06-09 00:08:46 - [TEST_STEP][PASSED] - callTestCase(findTestCase(CallTCName), ["FindValue":ComboBoxValue, "DropdownNm":comboNm], STOP_ON_FAILURE): Call Test Case 'Test Cases/PFI Precision and Scale/HashMap Tables/PELists' successfully

2020-06-09 00:08:46 - [TEST_CASE][PASSED] - Test Cases/PFI Precision and Scale/HashMap Tables/PELists: Test Cases/PFI Precision and Scale/HashMap Tables/PELists

2020-06-09 00:08:46 - [TEST_STEP][PASSED] - Thread.sleep(1000): null

2020-06-09 00:08:47 - [TEST_STEP][PASSED] - PEListsTBL = ["0011":"QP-Formatted Address", "0012":"QP-0012", "0014":"QP-0014", "0015":"QP-0015", "0016":"QP-0016", "3214":"Dummy QP Name 3861", ... ]: null

2020-06-09 00:08:47 - [TEST_STEP][PASSED] - switch (DropdownNm): null

2020-06-09 00:08:47 - [TEST_STEP][PASSED] - case "PENo":: null

2020-06-09 00:08:47 - [TEST_STEP][PASSED] - ValueFound = FindValue + " (" + get(FindValue).toString() + ")": null

2020-06-09 00:08:47 - [TEST_STEP][PASSED] - break: null

2020-06-09 00:08:47 - [MESSAGE][PASSED] - Call Test Case 'Test Cases/PFI Precision and Scale/HashMap Tables/PELists' successfully

2020-06-09 00:08:47 - [TEST_STEP][PASSED] - println(ValueFound): null

2020-06-09 00:08:47 - [TEST_STEP][PASSED] - sendKeys(NewInputNmField, Keys.chord(ARROW_DOWN)): Keys 'DOWN + ' sent to object: 'Object Repository/Objects.HighlightElements/input_field'

2020-06-09 00:08:47 - [MESSAGE][PASSED] - Keys 'DOWN + ' sent to object: 'Object Repository/Objects.HighlightElements/input_field'

2020-06-09 00:08:47 - [TEST_STEP][PASSED] - sendKeys(NewInputNmField, Keys.chord(ARROW_DOWN)): Keys 'DOWN + ' sent to object: 'Object Repository/Objects.HighlightElements/input_field'

2020-06-09 00:08:47 - [MESSAGE][PASSED] - Keys 'DOWN + ' sent to object: 'Object Repository/Objects.HighlightElements/input_field'

2020-06-09 00:08:47 - [TEST_STEP][PASSED] - delay(DelayTime): Delayed 5 second(s)

2020-06-09 00:08:52 - [MESSAGE][PASSED] - Delayed 5 second(s)

2020-06-09 00:08:52 - [TEST_STEP][PASSED] - sendKeys(NewInputNmField, Keys.chord(ENTER)): Keys 'ENTER + ' sent to object: 'Object Repository/Objects.HighlightElements/input_field'

2020-06-09 00:08:52 - [MESSAGE][PASSED] - Keys 'ENTER + ' sent to object: 'Object Repository/Objects.HighlightElements/input_field'

2020-06-09 00:08:52 - [TEST_STEP][PASSED] - ComboBoxValue = getAttribute(NewInputNmField, "value"): Attribute 'value' of object 'Object Repository/Objects.HighlightElements/input_field' is: '1004'

2020-06-09 00:08:52 - [MESSAGE][PASSED] - Attribute 'value' of object 'Object Repository/Objects.HighlightElements/input_field' is: '1004'

2020-06-09 00:08:52 - [TEST_STEP][PASSED] - callTestCase(findTestCase(CallTCName), ["FindValue":ComboBoxValue, "DropdownNm":comboNm], STOP_ON_FAILURE): Call Test Case 'Test Cases/PFI Precision and Scale/HashMap Tables/PELists' successfully

2020-06-09 00:08:52 - [TEST_CASE][PASSED] - Test Cases/PFI Precision and Scale/HashMap Tables/PELists: Test Cases/PFI Precision and Scale/HashMap Tables/PELists

2020-06-09 00:08:52 - [TEST_STEP][PASSED] - Thread.sleep(1000): null

2020-06-09 00:08:53 - [TEST_STEP][PASSED] - PEListsTBL = ["0011":"QP-Formatted Address", "0012":"QP-0012", "0014":"QP-0014", "0015":"QP-0015", "0016":"QP-0016", "3214":"Dummy QP Name 3861", ... ]: null

2020-06-09 00:08:53 - [TEST_STEP][PASSED] - switch (DropdownNm): null

2020-06-09 00:08:53 - [TEST_STEP][PASSED] - case "PENo":: null

2020-06-09 00:08:53 - [TEST_STEP][PASSED] - ValueFound = FindValue + " (" + get(FindValue).toString() + ")": null

2020-06-09 00:08:53 - [TEST_STEP][PASSED] - break: null

2020-06-09 00:08:53 - [MESSAGE][PASSED] - Call Test Case 'Test Cases/PFI Precision and Scale/HashMap Tables/PELists' successfully

2020-06-09 00:08:53 - [TEST_STEP][PASSED] - println(ValueFound): null

2020-06-09 00:08:53 - [TEST_STEP][PASSED] - sendKeys(NewInputNmField, Keys.chord(ARROW_DOWN)): Keys 'DOWN + ' sent to object: 'Object Repository/Objects.HighlightElements/input_field'

2020-06-09 00:08:53 - [MESSAGE][PASSED] - Keys 'DOWN + ' sent to object: 'Object Repository/Objects.HighlightElements/input_field'

2020-06-09 00:08:53 - [TEST_STEP][PASSED] - sendKeys(NewInputNmField, Keys.chord(ARROW_DOWN)): Keys 'DOWN + ' sent to object: 'Object Repository/Objects.HighlightElements/input_field'

2020-06-09 00:08:53 - [MESSAGE][PASSED] - Keys 'DOWN + ' sent to object: 'Object Repository/Objects.HighlightElements/input_field'

2020-06-09 00:08:53 - [TEST_STEP][PASSED] - delay(DelayTime): Delayed 5 second(s)

2020-06-09 00:08:58 - [MESSAGE][PASSED] - Delayed 5 second(s)

2020-06-09 00:08:58 - [TEST_STEP][PASSED] - sendKeys(NewInputNmField, Keys.chord(ENTER)): Keys 'ENTER + ' sent to object: 'Object Repository/Objects.HighlightElements/input_field'

2020-06-09 00:08:58 - [MESSAGE][PASSED] - Keys 'ENTER + ' sent to object: 'Object Repository/Objects.HighlightElements/input_field'

2020-06-09 00:08:58 - [TEST_STEP][PASSED] - ComboBoxValue = getAttribute(NewInputNmField, "value"): Attribute 'value' of object 'Object Repository/Objects.HighlightElements/input_field' is: '1004'

2020-06-09 00:08:58 - [MESSAGE][PASSED] - Attribute 'value' of object 'Object Repository/Objects.HighlightElements/input_field' is: '1004'

2020-06-09 00:08:58 - [TEST_STEP][PASSED] - callTestCase(findTestCase(CallTCName), ["FindValue":ComboBoxValue, "DropdownNm":comboNm], STOP_ON_FAILURE): Call Test Case 'Test Cases/PFI Precision and Scale/HashMap Tables/PELists' successfully

2020-06-09 00:08:58 - [TEST_CASE][PASSED] - Test Cases/PFI Precision and Scale/HashMap Tables/PELists: Test Cases/PFI Precision and Scale/HashMap Tables/PELists

2020-06-09 00:08:58 - [TEST_STEP][PASSED] - Thread.sleep(1000): null

2020-06-09 00:08:59 - [TEST_STEP][PASSED] - PEListsTBL = ["0011":"QP-Formatted Address", "0012":"QP-0012", "0014":"QP-0014", "0015":"QP-0015", "0016":"QP-0016", "3214":"Dummy QP Name 3861", ... ]: null

2020-06-09 00:08:59 - [TEST_STEP][PASSED] - switch (DropdownNm): null

2020-06-09 00:08:59 - [TEST_STEP][PASSED] - case "PENo":: null

2020-06-09 00:08:59 - [TEST_STEP][PASSED] - ValueFound = FindValue + " (" + get(FindValue).toString() + ")": null

2020-06-09 00:08:59 - [TEST_STEP][PASSED] - break: null

2020-06-09 00:08:59 - [MESSAGE][PASSED] - Call Test Case 'Test Cases/PFI Precision and Scale/HashMap Tables/PELists' successfully

2020-06-09 00:08:59 - [TEST_STEP][PASSED] - println(ValueFound): null

2020-06-09 00:08:59 - [TEST_STEP][PASSED] - sendKeys(NewInputNmField, Keys.chord(ARROW_DOWN)): Keys 'DOWN + ' sent to object: 'Object Repository/Objects.HighlightElements/input_field'

2020-06-09 00:08:59 - [MESSAGE][PASSED] - Keys 'DOWN + ' sent to object: 'Object Repository/Objects.HighlightElements/input_field'

2020-06-09 00:08:59 - [TEST_STEP][PASSED] - sendKeys(NewInputNmField, Keys.chord(ARROW_DOWN)): Keys 'DOWN + ' sent to object: 'Object Repository/Objects.HighlightElements/input_field'

2020-06-09 00:08:59 - [MESSAGE][PASSED] - Keys 'DOWN + ' sent to object: 'Object Repository/Objects.HighlightElements/input_field'

2020-06-09 00:08:59 - [TEST_STEP][PASSED] - delay(DelayTime): Delayed 5 second(s)

2020-06-09 00:09:04 - [MESSAGE][PASSED] - Delayed 5 second(s)

2020-06-09 00:09:04 - [TEST_STEP][PASSED] - sendKeys(NewInputNmField, Keys.chord(ENTER)): Keys 'ENTER + ' sent to object: 'Object Repository/Objects.HighlightElements/input_field'

2020-06-09 00:09:04 - [MESSAGE][PASSED] - Keys 'ENTER + ' sent to object: 'Object Repository/Objects.HighlightElements/input_field'

2020-06-09 00:09:04 - [TEST_STEP][PASSED] - ComboBoxValue = getAttribute(NewInputNmField, "value"): Attribute 'value' of object 'Object Repository/Objects.HighlightElements/input_field' is: '1004'

2020-06-09 00:09:04 - [MESSAGE][PASSED] - Attribute 'value' of object 'Object Repository/Objects.HighlightElements/input_field' is: '1004'

2020-06-09 00:09:04 - [TEST_STEP][PASSED] - callTestCase(findTestCase(CallTCName), ["FindValue":ComboBoxValue, "DropdownNm":comboNm], STOP_ON_FAILURE): Call Test Case 'Test Cases/PFI Precision and Scale/HashMap Tables/PELists' successfully

2020-06-09 00:09:04 - [TEST_CASE][PASSED] - Test Cases/PFI Precision and Scale/HashMap Tables/PELists: Test Cases/PFI Precision and Scale/HashMap Tables/PELists

2020-06-09 00:09:04 - [TEST_STEP][PASSED] - Thread.sleep(1000): null

2020-06-09 00:09:05 - [TEST_STEP][PASSED] - PEListsTBL = ["0011":"QP-Formatted Address", "0012":"QP-0012", "0014":"QP-0014", "0015":"QP-0015", "0016":"QP-0016", "3214":"Dummy QP Name 3861", ... ]: null

2020-06-09 00:09:05 - [TEST_STEP][PASSED] - switch (DropdownNm): null

2020-06-09 00:09:05 - [TEST_STEP][PASSED] - case "PENo":: null

2020-06-09 00:09:05 - [TEST_STEP][PASSED] - ValueFound = FindValue + " (" + get(FindValue).toString() + ")": null

2020-06-09 00:09:05 - [TEST_STEP][PASSED] - break: null

2020-06-09 00:09:05 - [MESSAGE][PASSED] - Call Test Case 'Test Cases/PFI Precision and Scale/HashMap Tables/PELists' successfully

2020-06-09 00:09:05 - [TEST_STEP][PASSED] - println(ValueFound): null

2020-06-09 00:09:05 - [TEST_STEP][PASSED] - sendKeys(NewInputNmField, Keys.chord(ARROW_DOWN)): Keys 'DOWN + ' sent to object: 'Object Repository/Objects.HighlightElements/input_field'

2020-06-09 00:09:05 - [MESSAGE][PASSED] - Keys 'DOWN + ' sent to object: 'Object Repository/Objects.HighlightElements/input_field'

2020-06-09 00:09:05 - [TEST_STEP][PASSED] - sendKeys(NewInputNmField, Keys.chord(ARROW_DOWN)): Keys 'DOWN + ' sent to object: 'Object Repository/Objects.HighlightElements/input_field'

2020-06-09 00:09:06 - [MESSAGE][PASSED] - Keys 'DOWN + ' sent to object: 'Object Repository/Objects.HighlightElements/input_field'

2020-06-09 00:09:06 - [TEST_STEP][PASSED] - delay(DelayTime): Delayed 5 second(s)

2020-06-09 00:09:11 - [MESSAGE][PASSED] - Delayed 5 second(s)

2020-06-09 00:09:11 - [TEST_STEP][PASSED] - sendKeys(NewInputNmField, Keys.chord(ENTER)): Keys 'ENTER + ' sent to object: 'Object Repository/Objects.HighlightElements/input_field'

2020-06-09 00:09:11 - [MESSAGE][PASSED] - Keys 'ENTER + ' sent to object: 'Object Repository/Objects.HighlightElements/input_field'

2020-06-09 00:09:11 - [TEST_STEP][PASSED] - ComboBoxValue = getAttribute(NewInputNmField, "value"): Attribute 'value' of object 'Object Repository/Objects.HighlightElements/input_field' is: '1004'

2020-06-09 00:09:11 - [MESSAGE][PASSED] - Attribute 'value' of object 'Object Repository/Objects.HighlightElements/input_field' is: '1004'

2020-06-09 00:09:11 - [TEST_STEP][PASSED] - callTestCase(findTestCase(CallTCName), ["FindValue":ComboBoxValue, "DropdownNm":comboNm], STOP_ON_FAILURE): Call Test Case 'Test Cases/PFI Precision and Scale/HashMap Tables/PELists' successfully

2020-06-09 00:09:11 - [TEST_CASE][PASSED] - Test Cases/PFI Precision and Scale/HashMap Tables/PELists: Test Cases/PFI Precision and Scale/HashMap Tables/PELists

2020-06-09 00:09:11 - [TEST_STEP][PASSED] - Thread.sleep(1000): null

2020-06-09 00:09:12 - [TEST_STEP][PASSED] - PEListsTBL = ["0011":"QP-Formatted Address", "0012":"QP-0012", "0014":"QP-0014", "0015":"QP-0015", "0016":"QP-0016", "3214":"Dummy QP Name 3861", ... ]: null

2020-06-09 00:09:12 - [TEST_STEP][PASSED] - switch (DropdownNm): null

2020-06-09 00:09:12 - [TEST_STEP][PASSED] - case "PENo":: null

2020-06-09 00:09:12 - [TEST_STEP][PASSED] - ValueFound = FindValue + " (" + get(FindValue).toString() + ")": null

2020-06-09 00:09:12 - [TEST_STEP][PASSED] - break: null

2020-06-09 00:09:12 - [MESSAGE][PASSED] - Call Test Case 'Test Cases/PFI Precision and Scale/HashMap Tables/PELists' successfully

2020-06-09 00:09:12 - [TEST_STEP][PASSED] - println(ValueFound): null

2020-06-09 00:09:12 - [TEST_STEP][PASSED] - sendKeys(NewInputNmField, Keys.chord(ARROW_DOWN)): Keys 'DOWN + ' sent to object: 'Object Repository/Objects.HighlightElements/input_field'

2020-06-09 00:09:12 - [MESSAGE][PASSED] - Keys 'DOWN + ' sent to object: 'Object Repository/Objects.HighlightElements/input_field'

2020-06-09 00:09:12 - [TEST_STEP][PASSED] - sendKeys(NewInputNmField, Keys.chord(ENTER)): Keys 'ENTER + ' sent to object: 'Object Repository/Objects.HighlightElements/input_field'

2020-06-09 00:09:12 - [MESSAGE][PASSED] - Keys 'ENTER + ' sent to object: 'Object Repository/Objects.HighlightElements/input_field'

2020-06-09 00:09:12 - [MESSAGE][PASSED] - Call Test Case 'Test Cases/PFI Precision and Scale/PFI Components/VerifyDropdownValues' successfully

2020-06-09 00:09:12 - [TEST_STEP][NOT_RUN] - callTestCase(findTestCase("Components/Logout"), ["LogoutPageTextToBeVerified":findTestData("Datatable").getValue("HomeBanner", 2)], STOP_ON_FAILURE): NOT_RUN: callTestCase(findTestCase("Components/Logout"), ["LogoutPageTextToBeVerified":findTestData("Datatable").getValue("HomeBanner", 2)], STOP_ON_FAILURE)

2020-06-09 00:09:12 - [MESSAGE][NOT_RUN] - NOT_RUN: callTestCase(findTestCase("Components/Logout"), ["LogoutPageTextToBeVerified":findTestData("Datatable").getValue("HomeBanner", 2)], STOP_ON_FAILURE)]]></system-out>
         <system-err><![CDATA[]]></system-err>
      </testcase>
      <testcase name="Test Cases/PFI Precision and Scale/PFI Test Cases/Process Case (PFI)/PFI.UpdateReportsLHS" time="73.907" classname="Test Cases/PFI Precision and Scale/PFI Test Cases/Process Case (PFI)/PFI.UpdateReportsLHS" status="PASSED">
         <system-out><![CDATA[2020-06-09 00:09:12 - [TEST_CASE][PASSED] - Test Cases/PFI Precision and Scale/PFI Test Cases/Process Case (PFI)/PFI.UpdateReportsLHS: Test Cases/PFI Precision and Scale/PFI Test Cases/Process Case (PFI)/PFI.UpdateReportsLHS

2020-06-09 00:09:12 - [TEST_STEP][NOT_RUN] - callTestCase(findTestCase("Components/LoginV2.0"), ["LinkToBeUsed":findTestData("ISPS2 Test Data").getValue("URL", 2), "LoginPageTextToBeVerified":findTestData("ISPS2 Test Data").getValue("HomeBanner", 2), ... ], STOP_ON_FAILURE): NOT_RUN: callTestCase(findTestCase("Components/LoginV2.0"), ["LinkToBeUsed":findTestData("ISPS2 Test Data").getValue("URL", 2), "LoginPageTextToBeVerified":findTestData("ISPS2 Test Data").getValue("HomeBanner", 2), ... ], STOP_ON_FAILURE)

2020-06-09 00:09:12 - [MESSAGE][NOT_RUN] - NOT_RUN: callTestCase(findTestCase("Components/LoginV2.0"), ["LinkToBeUsed":findTestData("ISPS2 Test Data").getValue("URL", 2), "LoginPageTextToBeVerified":findTestData("ISPS2 Test Data").getValue("HomeBanner", 2), ... ], STOP_ON_FAILURE)

2020-06-09 00:09:12 - [TEST_STEP][NOT_RUN] - callTestCase(findTestCase("Components/NavigateToHomepageHeaders"), ["headerText":"My Tasks"], STOP_ON_FAILURE): NOT_RUN: callTestCase(findTestCase("Components/NavigateToHomepageHeaders"), ["headerText":"My Tasks"], STOP_ON_FAILURE)

2020-06-09 00:09:12 - [MESSAGE][NOT_RUN] - NOT_RUN: callTestCase(findTestCase("Components/NavigateToHomepageHeaders"), ["headerText":"My Tasks"], STOP_ON_FAILURE)

2020-06-09 00:09:12 - [TEST_STEP][NOT_RUN] - callTestCase(findTestCase("Components/Filter"), ["taskDescription":"Process Case (SM)"], STOP_ON_FAILURE): NOT_RUN: callTestCase(findTestCase("Components/Filter"), ["taskDescription":"Process Case (SM)"], STOP_ON_FAILURE)

2020-06-09 00:09:12 - [MESSAGE][NOT_RUN] - NOT_RUN: callTestCase(findTestCase("Components/Filter"), ["taskDescription":"Process Case (SM)"], STOP_ON_FAILURE)

2020-06-09 00:09:12 - [TEST_STEP][NOT_RUN] - callTestCase(findTestCase("Components/ClickLinkDependingOnTextAndIndex"), ["linkName":"Process Case (SM)", "index":"3"], STOP_ON_FAILURE): NOT_RUN: callTestCase(findTestCase("Components/ClickLinkDependingOnTextAndIndex"), ["linkName":"Process Case (SM)", "index":"3"], STOP_ON_FAILURE)

2020-06-09 00:09:12 - [MESSAGE][NOT_RUN] - NOT_RUN: callTestCase(findTestCase("Components/ClickLinkDependingOnTextAndIndex"), ["linkName":"Process Case (SM)", "index":"3"], STOP_ON_FAILURE)

2020-06-09 00:09:12 - [TEST_STEP][PASSED] - callTestCase(findTestCase("Components/NavigateToAnyLHS"), ["LHS":"Update Reports"], STOP_ON_FAILURE): Call Test Case 'Test Cases/Components/NavigateToAnyLHS' successfully

2020-06-09 00:09:12 - [TEST_CASE][PASSED] - Test Cases/Components/NavigateToAnyLHS: Test Cases/Components/NavigateToAnyLHS

2020-06-09 00:09:12 - [TEST_STEP][PASSED] - Thread.sleep(1000): null

2020-06-09 00:09:13 - [TEST_STEP][PASSED] - modifiedLHS = modifyObjectProperty(findTestObject("Objects.NavigateToAnyLHS/Page_ISPS2/LHSToModify"), "text", "equals", LHS, true): Modify property of object successfully

2020-06-09 00:09:13 - [MESSAGE][PASSED] - Modify property of object successfully

2020-06-09 00:09:13 - [TEST_STEP][PASSED] - click(modifiedLHS): Object: 'Object Repository/Objects.NavigateToAnyLHS/Page_ISPS2/LHSToModify' is clicked on

2020-06-09 00:09:13 - [MESSAGE][PASSED] - Object: 'Object Repository/Objects.NavigateToAnyLHS/Page_ISPS2/LHSToModify' is clicked on

2020-06-09 00:09:13 - [TEST_STEP][PASSED] - currentLHS = getText(modifiedLHS): Text of object 'Object Repository/Objects.NavigateToAnyLHS/Page_ISPS2/LHSToModify' is: 'Update Reports'

2020-06-09 00:09:13 - [MESSAGE][PASSED] - Text of object 'Object Repository/Objects.NavigateToAnyLHS/Page_ISPS2/LHSToModify' is: 'Update Reports'

2020-06-09 00:09:13 - [TEST_STEP][PASSED] - Thread.sleep(5000): null

2020-06-09 00:09:18 - [MESSAGE][PASSED] - Call Test Case 'Test Cases/Components/NavigateToAnyLHS' successfully

2020-06-09 00:09:18 - [TEST_STEP][PASSED] - callTestCase(findTestCase("Components/VerifyPageSuccessfullyLoadedII"), ["PageNm":"Update Reports"], STOP_ON_FAILURE): Call Test Case 'Test Cases/Components/VerifyPageSuccessfullyLoadedII' successfully

2020-06-09 00:09:18 - [TEST_CASE][PASSED] - Test Cases/Components/VerifyPageSuccessfullyLoadedII: Test Cases/Components/VerifyPageSuccessfullyLoadedII

2020-06-09 00:09:18 - [TEST_STEP][PASSED] - waitForPageLoad(5): Wait for page load successfully

2020-06-09 00:09:18 - [MESSAGE][PASSED] - Wait for page load successfully

2020-06-09 00:09:18 - [TEST_STEP][PASSED] - modifiedInputFld = modifyObjectProperty(findTestObject("Object Repository/Objects.VerifyPageSuccessfullyLoaded/PageHeaderIndex"), "xpath", "equals", "//*[contains(@class,'isps-page-title') and contains(text(),'" + PageNm + "')]", true): Modify property of object successfully

2020-06-09 00:09:18 - [MESSAGE][PASSED] - Modify property of object successfully

2020-06-09 00:09:18 - [TEST_STEP][PASSED] - com.reusableComponents.HighlightElement.run(modifiedInputFld): com.reusableComponents.HighlightElement.run is PASSED

2020-06-09 00:09:19 - [MESSAGE][PASSED] - com.reusableComponents.HighlightElement.run is PASSED

2020-06-09 00:09:19 - [MESSAGE][PASSED] - Call Test Case 'Test Cases/Components/VerifyPageSuccessfullyLoadedII' successfully

2020-06-09 00:09:19 - [TEST_STEP][PASSED] - callTestCase(findTestCase("Components/ClickAddButtonII"), [:], STOP_ON_FAILURE): Call Test Case 'Test Cases/Components/ClickAddButtonII' successfully

2020-06-09 00:09:19 - [TEST_CASE][PASSED] - Test Cases/Components/ClickAddButtonII: Test Cases/Components/ClickAddButtonII

2020-06-09 00:09:19 - [TEST_STEP][PASSED] - Thread.sleep(1000): null

2020-06-09 00:09:20 - [TEST_STEP][PASSED] - com.reusableComponents.HighlightElement.run(findTestObject("Objects.ClickAddButtonII/XP_AddButton")): com.reusableComponents.HighlightElement.run is PASSED

2020-06-09 00:09:20 - [MESSAGE][PASSED] - com.reusableComponents.HighlightElement.run is PASSED

2020-06-09 00:09:20 - [TEST_STEP][PASSED] - click(findTestObject("Objects.ClickAddButtonII/XP_AddButton")): Object: 'Object Repository/Objects.ClickAddButtonII/XP_AddButton' is clicked on

2020-06-09 00:09:20 - [MESSAGE][PASSED] - Object: 'Object Repository/Objects.ClickAddButtonII/XP_AddButton' is clicked on

2020-06-09 00:09:20 - [MESSAGE][PASSED] - Call Test Case 'Test Cases/Components/ClickAddButtonII' successfully

2020-06-09 00:09:20 - [TEST_STEP][PASSED] - callTestCase(findTestCase("PFI Precision and Scale/PFI Components/RequiredFieldValidation"), ["nameToBeUsed":"dFormCode"], STOP_ON_FAILURE): Call Test Case 'Test Cases/PFI Precision and Scale/PFI Components/RequiredFieldValidation' successfully

2020-06-09 00:09:21 - [TEST_CASE][PASSED] - Test Cases/PFI Precision and Scale/PFI Components/RequiredFieldValidation: Test Cases/PFI Precision and Scale/PFI Components/RequiredFieldValidation

2020-06-09 00:09:21 - [TEST_STEP][PASSED] - Thread.sleep(1000): null

2020-06-09 00:09:22 - [TEST_STEP][PASSED] - NewInputNmField = modifyObjectProperty(findTestObject("Objects.HighlightElements/input_field"), "name", "equals", nameToBeUsed, true): Modify property of object successfully

2020-06-09 00:09:22 - [MESSAGE][PASSED] - Modify property of object successfully

2020-06-09 00:09:22 - [TEST_STEP][PASSED] - mouseOver(NewInputNmField): Object: 'Object Repository/Objects.HighlightElements/input_field' is hovered

2020-06-09 00:09:22 - [MESSAGE][PASSED] - Object: 'Object Repository/Objects.HighlightElements/input_field' is hovered

2020-06-09 00:09:22 - [TEST_STEP][PASSED] - getRqErrMsg = getAttribute(NewInputNmField, "data-errorqtip"): Attribute 'data-errorqtip' of object 'Object Repository/Objects.HighlightElements/input_field' is: '<ul class="x-list-plain"><li>This field is required</li></ul>'

2020-06-09 00:09:22 - [MESSAGE][PASSED] - Attribute 'data-errorqtip' of object 'Object Repository/Objects.HighlightElements/input_field' is: '<ul class="x-list-plain"><li>This field is required</li></ul>'

2020-06-09 00:09:22 - [TEST_STEP][PASSED] - strToolTip = getRqErrMsg.substring(29, 61): null

2020-06-09 00:09:22 - [TEST_STEP][PASSED] - toolTipReqErrMsg = strToolTip.substring(0, 22): null

2020-06-09 00:09:22 - [TEST_STEP][PASSED] - verifyMatch(toolTipReqErrMsg, RqField, true): Actual text 'This field is required' and expected text 'This field is required' are matched  using regular expression

2020-06-09 00:09:22 - [MESSAGE][PASSED] - Actual text 'This field is required' and expected text 'This field is required' are matched  using regular expression

2020-06-09 00:09:22 - [MESSAGE][PASSED] - Call Test Case 'Test Cases/PFI Precision and Scale/PFI Components/RequiredFieldValidation' successfully

2020-06-09 00:09:22 - [TEST_STEP][PASSED] - callTestCase(findTestCase("PFI Precision and Scale/PFI Components/RequiredFieldValidation"), ["nameToBeUsed":"rptRecvDt"], STOP_ON_FAILURE): Call Test Case 'Test Cases/PFI Precision and Scale/PFI Components/RequiredFieldValidation' successfully

2020-06-09 00:09:22 - [TEST_CASE][PASSED] - Test Cases/PFI Precision and Scale/PFI Components/RequiredFieldValidation: Test Cases/PFI Precision and Scale/PFI Components/RequiredFieldValidation

2020-06-09 00:09:22 - [TEST_STEP][PASSED] - Thread.sleep(1000): null

2020-06-09 00:09:23 - [TEST_STEP][PASSED] - NewInputNmField = modifyObjectProperty(findTestObject("Objects.HighlightElements/input_field"), "name", "equals", nameToBeUsed, true): Modify property of object successfully

2020-06-09 00:09:23 - [MESSAGE][PASSED] - Modify property of object successfully

2020-06-09 00:09:23 - [TEST_STEP][PASSED] - mouseOver(NewInputNmField): Object: 'Object Repository/Objects.HighlightElements/input_field' is hovered

2020-06-09 00:09:23 - [MESSAGE][PASSED] - Object: 'Object Repository/Objects.HighlightElements/input_field' is hovered

2020-06-09 00:09:23 - [TEST_STEP][PASSED] - getRqErrMsg = getAttribute(NewInputNmField, "data-errorqtip"): Attribute 'data-errorqtip' of object 'Object Repository/Objects.HighlightElements/input_field' is: '<ul class="x-list-plain"><li>This field is required</li></ul>'

2020-06-09 00:09:23 - [MESSAGE][PASSED] - Attribute 'data-errorqtip' of object 'Object Repository/Objects.HighlightElements/input_field' is: '<ul class="x-list-plain"><li>This field is required</li></ul>'

2020-06-09 00:09:23 - [TEST_STEP][PASSED] - strToolTip = getRqErrMsg.substring(29, 61): null

2020-06-09 00:09:23 - [TEST_STEP][PASSED] - toolTipReqErrMsg = strToolTip.substring(0, 22): null

2020-06-09 00:09:23 - [TEST_STEP][PASSED] - verifyMatch(toolTipReqErrMsg, RqField, true): Actual text 'This field is required' and expected text 'This field is required' are matched  using regular expression

2020-06-09 00:09:23 - [MESSAGE][PASSED] - Actual text 'This field is required' and expected text 'This field is required' are matched  using regular expression

2020-06-09 00:09:23 - [MESSAGE][PASSED] - Call Test Case 'Test Cases/PFI Precision and Scale/PFI Components/RequiredFieldValidation' successfully

2020-06-09 00:09:23 - [TEST_STEP][PASSED] - callTestCase(findTestCase("PFI Precision and Scale/PFI Components/RequiredFieldValidation"), ["nameToBeUsed":"rptTypeCode"], STOP_ON_FAILURE): Call Test Case 'Test Cases/PFI Precision and Scale/PFI Components/RequiredFieldValidation' successfully

2020-06-09 00:09:23 - [TEST_CASE][PASSED] - Test Cases/PFI Precision and Scale/PFI Components/RequiredFieldValidation: Test Cases/PFI Precision and Scale/PFI Components/RequiredFieldValidation

2020-06-09 00:09:23 - [TEST_STEP][PASSED] - Thread.sleep(1000): null

2020-06-09 00:09:24 - [TEST_STEP][PASSED] - NewInputNmField = modifyObjectProperty(findTestObject("Objects.HighlightElements/input_field"), "name", "equals", nameToBeUsed, true): Modify property of object successfully

2020-06-09 00:09:24 - [MESSAGE][PASSED] - Modify property of object successfully

2020-06-09 00:09:24 - [TEST_STEP][PASSED] - mouseOver(NewInputNmField): Object: 'Object Repository/Objects.HighlightElements/input_field' is hovered

2020-06-09 00:09:24 - [MESSAGE][PASSED] - Object: 'Object Repository/Objects.HighlightElements/input_field' is hovered

2020-06-09 00:09:24 - [TEST_STEP][PASSED] - getRqErrMsg = getAttribute(NewInputNmField, "data-errorqtip"): Attribute 'data-errorqtip' of object 'Object Repository/Objects.HighlightElements/input_field' is: '<ul class="x-list-plain"><li>This field is required</li></ul>'

2020-06-09 00:09:24 - [MESSAGE][PASSED] - Attribute 'data-errorqtip' of object 'Object Repository/Objects.HighlightElements/input_field' is: '<ul class="x-list-plain"><li>This field is required</li></ul>'

2020-06-09 00:09:24 - [TEST_STEP][PASSED] - strToolTip = getRqErrMsg.substring(29, 61): null

2020-06-09 00:09:24 - [TEST_STEP][PASSED] - toolTipReqErrMsg = strToolTip.substring(0, 22): null

2020-06-09 00:09:24 - [TEST_STEP][PASSED] - verifyMatch(toolTipReqErrMsg, RqField, true): Actual text 'This field is required' and expected text 'This field is required' are matched  using regular expression

2020-06-09 00:09:24 - [MESSAGE][PASSED] - Actual text 'This field is required' and expected text 'This field is required' are matched  using regular expression

2020-06-09 00:09:24 - [MESSAGE][PASSED] - Call Test Case 'Test Cases/PFI Precision and Scale/PFI Components/RequiredFieldValidation' successfully

2020-06-09 00:09:24 - [TEST_STEP][PASSED] - callTestCase(findTestCase("PFI Precision and Scale/PFI Components/RequiredFieldValidation"), ["nameToBeUsed":"rptComplyDt"], STOP_ON_FAILURE): Call Test Case 'Test Cases/PFI Precision and Scale/PFI Components/RequiredFieldValidation' successfully

2020-06-09 00:09:24 - [TEST_CASE][PASSED] - Test Cases/PFI Precision and Scale/PFI Components/RequiredFieldValidation: Test Cases/PFI Precision and Scale/PFI Components/RequiredFieldValidation

2020-06-09 00:09:24 - [TEST_STEP][PASSED] - Thread.sleep(1000): null

2020-06-09 00:09:25 - [TEST_STEP][PASSED] - NewInputNmField = modifyObjectProperty(findTestObject("Objects.HighlightElements/input_field"), "name", "equals", nameToBeUsed, true): Modify property of object successfully

2020-06-09 00:09:25 - [MESSAGE][PASSED] - Modify property of object successfully

2020-06-09 00:09:25 - [TEST_STEP][PASSED] - mouseOver(NewInputNmField): Object: 'Object Repository/Objects.HighlightElements/input_field' is hovered

2020-06-09 00:09:26 - [MESSAGE][PASSED] - Object: 'Object Repository/Objects.HighlightElements/input_field' is hovered

2020-06-09 00:09:26 - [TEST_STEP][PASSED] - getRqErrMsg = getAttribute(NewInputNmField, "data-errorqtip"): Attribute 'data-errorqtip' of object 'Object Repository/Objects.HighlightElements/input_field' is: '<ul class="x-list-plain"><li>This field is required</li></ul>'

2020-06-09 00:09:26 - [MESSAGE][PASSED] - Attribute 'data-errorqtip' of object 'Object Repository/Objects.HighlightElements/input_field' is: '<ul class="x-list-plain"><li>This field is required</li></ul>'

2020-06-09 00:09:26 - [TEST_STEP][PASSED] - strToolTip = getRqErrMsg.substring(29, 61): null

2020-06-09 00:09:26 - [TEST_STEP][PASSED] - toolTipReqErrMsg = strToolTip.substring(0, 22): null

2020-06-09 00:09:26 - [TEST_STEP][PASSED] - verifyMatch(toolTipReqErrMsg, RqField, true): Actual text 'This field is required' and expected text 'This field is required' are matched  using regular expression

2020-06-09 00:09:26 - [MESSAGE][PASSED] - Actual text 'This field is required' and expected text 'This field is required' are matched  using regular expression

2020-06-09 00:09:26 - [MESSAGE][PASSED] - Call Test Case 'Test Cases/PFI Precision and Scale/PFI Components/RequiredFieldValidation' successfully

2020-06-09 00:09:26 - [TEST_STEP][PASSED] - callTestCase(findTestCase("PFI Precision and Scale/PFI Components/RequiredFieldValidation"), ["nameToBeUsed":"submitBy"], STOP_ON_FAILURE): Call Test Case 'Test Cases/PFI Precision and Scale/PFI Components/RequiredFieldValidation' successfully

2020-06-09 00:09:26 - [TEST_CASE][PASSED] - Test Cases/PFI Precision and Scale/PFI Components/RequiredFieldValidation: Test Cases/PFI Precision and Scale/PFI Components/RequiredFieldValidation

2020-06-09 00:09:26 - [TEST_STEP][PASSED] - Thread.sleep(1000): null

2020-06-09 00:09:27 - [TEST_STEP][PASSED] - NewInputNmField = modifyObjectProperty(findTestObject("Objects.HighlightElements/input_field"), "name", "equals", nameToBeUsed, true): Modify property of object successfully

2020-06-09 00:09:27 - [MESSAGE][PASSED] - Modify property of object successfully

2020-06-09 00:09:27 - [TEST_STEP][PASSED] - mouseOver(NewInputNmField): Object: 'Object Repository/Objects.HighlightElements/input_field' is hovered

2020-06-09 00:09:27 - [MESSAGE][PASSED] - Object: 'Object Repository/Objects.HighlightElements/input_field' is hovered

2020-06-09 00:09:27 - [TEST_STEP][PASSED] - getRqErrMsg = getAttribute(NewInputNmField, "data-errorqtip"): Attribute 'data-errorqtip' of object 'Object Repository/Objects.HighlightElements/input_field' is: '<ul class="x-list-plain"><li>This field is required</li></ul>'

2020-06-09 00:09:27 - [MESSAGE][PASSED] - Attribute 'data-errorqtip' of object 'Object Repository/Objects.HighlightElements/input_field' is: '<ul class="x-list-plain"><li>This field is required</li></ul>'

2020-06-09 00:09:27 - [TEST_STEP][PASSED] - strToolTip = getRqErrMsg.substring(29, 61): null

2020-06-09 00:09:27 - [TEST_STEP][PASSED] - toolTipReqErrMsg = strToolTip.substring(0, 22): null

2020-06-09 00:09:27 - [TEST_STEP][PASSED] - verifyMatch(toolTipReqErrMsg, RqField, true): Actual text 'This field is required' and expected text 'This field is required' are matched  using regular expression

2020-06-09 00:09:27 - [MESSAGE][PASSED] - Actual text 'This field is required' and expected text 'This field is required' are matched  using regular expression

2020-06-09 00:09:27 - [MESSAGE][PASSED] - Call Test Case 'Test Cases/PFI Precision and Scale/PFI Components/RequiredFieldValidation' successfully

2020-06-09 00:09:27 - [TEST_STEP][PASSED] - callTestCase(findTestCase("PFI Precision and Scale/PFI Components/VerifyDropdownValues"), ["FldNm":"dFormCode", "CallTCName":"Test Cases/PFI Precision and Scale/HashMap Tables/ConstantHashMap", "cmbNm":"DForm", "NoOfVal":5, ... ], STOP_ON_FAILURE): Call Test Case 'Test Cases/PFI Precision and Scale/PFI Components/VerifyDropdownValues' successfully

2020-06-09 00:09:27 - [TEST_CASE][PASSED] - Test Cases/PFI Precision and Scale/PFI Components/VerifyDropdownValues: Test Cases/PFI Precision and Scale/PFI Components/VerifyDropdownValues

2020-06-09 00:09:27 - [TEST_STEP][PASSED] - Thread.sleep(1000): null

2020-06-09 00:09:28 - [TEST_STEP][PASSED] - NewInputNmField = modifyObjectProperty(findTestObject("Objects.HighlightElements/input_field"), "name", "equals", FldNm, true): Modify property of object successfully

2020-06-09 00:09:28 - [MESSAGE][PASSED] - Modify property of object successfully

2020-06-09 00:09:28 - [TEST_STEP][PASSED] - comboNm = cmbNm: null

2020-06-09 00:09:28 - [TEST_STEP][PASSED] - focus(NewInputNmField): Object: 'Object Repository/Objects.HighlightElements/input_field' is focused

2020-06-09 00:09:28 - [MESSAGE][PASSED] - Object: 'Object Repository/Objects.HighlightElements/input_field' is focused

2020-06-09 00:09:28 - [TEST_STEP][PASSED] - setText(NewInputNmField, EnterValue): Text '' is set on object 'Object Repository/Objects.HighlightElements/input_field'

2020-06-09 00:09:28 - [MESSAGE][PASSED] - Text '' is set on object 'Object Repository/Objects.HighlightElements/input_field'

2020-06-09 00:09:28 - [TEST_STEP][PASSED] - for ([i = 1, i <= NoOfVal, (i++)]): Keys 'DOWN + ' sent to object: 'Object Repository/Objects.HighlightElements/input_field'

2020-06-09 00:09:28 - [TEST_STEP][PASSED] - sendKeys(NewInputNmField, Keys.chord(ARROW_DOWN)): Keys 'DOWN + ' sent to object: 'Object Repository/Objects.HighlightElements/input_field'

2020-06-09 00:09:28 - [MESSAGE][PASSED] - Keys 'DOWN + ' sent to object: 'Object Repository/Objects.HighlightElements/input_field'

2020-06-09 00:09:28 - [TEST_STEP][PASSED] - delay(DelayTime): Delayed 2 second(s)

2020-06-09 00:09:30 - [MESSAGE][PASSED] - Delayed 2 second(s)

2020-06-09 00:09:30 - [TEST_STEP][PASSED] - sendKeys(NewInputNmField, Keys.chord(ENTER)): Keys 'ENTER + ' sent to object: 'Object Repository/Objects.HighlightElements/input_field'

2020-06-09 00:09:30 - [MESSAGE][PASSED] - Keys 'ENTER + ' sent to object: 'Object Repository/Objects.HighlightElements/input_field'

2020-06-09 00:09:30 - [TEST_STEP][PASSED] - ComboBoxValue = getAttribute(NewInputNmField, "value"): Attribute 'value' of object 'Object Repository/Objects.HighlightElements/input_field' is: 'D3'

2020-06-09 00:09:30 - [MESSAGE][PASSED] - Attribute 'value' of object 'Object Repository/Objects.HighlightElements/input_field' is: 'D3'

2020-06-09 00:09:30 - [TEST_STEP][PASSED] - callTestCase(findTestCase(CallTCName), ["FindValue":ComboBoxValue, "DropdownNm":comboNm], STOP_ON_FAILURE): Call Test Case 'Test Cases/PFI Precision and Scale/HashMap Tables/ConstantHashMap' successfully

2020-06-09 00:09:30 - [TEST_CASE][PASSED] - Test Cases/PFI Precision and Scale/HashMap Tables/ConstantHashMap: Test Cases/PFI Precision and Scale/HashMap Tables/ConstantHashMap

2020-06-09 00:09:30 - [TEST_STEP][PASSED] - ConstantTBL = [1:["PeriodType":"Working Day(s)"], 2:["PeriodType":"Calendar Day(s)"], 3:["PeriodType":"Month(s)"], 4:["TypeOfLetter":"T1"], ... ]: null

2020-06-09 00:09:30 - [TEST_STEP][PASSED] - switch (DropdownNm): null

2020-06-09 00:09:30 - [TEST_STEP][PASSED] - case "DForm":: null

2020-06-09 00:09:30 - [TEST_STEP][PASSED] - ValueFound = ConstantTBL.find({ -> ... }): null

2020-06-09 00:09:30 - [TEST_STEP][PASSED] - break: null

2020-06-09 00:09:30 - [MESSAGE][PASSED] - Call Test Case 'Test Cases/PFI Precision and Scale/HashMap Tables/ConstantHashMap' successfully

2020-06-09 00:09:30 - [TEST_STEP][PASSED] - println(ValueFound): null

2020-06-09 00:09:30 - [TEST_STEP][PASSED] - sendKeys(NewInputNmField, Keys.chord(ARROW_DOWN)): Keys 'DOWN + ' sent to object: 'Object Repository/Objects.HighlightElements/input_field'

2020-06-09 00:09:30 - [MESSAGE][PASSED] - Keys 'DOWN + ' sent to object: 'Object Repository/Objects.HighlightElements/input_field'

2020-06-09 00:09:30 - [TEST_STEP][PASSED] - sendKeys(NewInputNmField, Keys.chord(ARROW_DOWN)): Keys 'DOWN + ' sent to object: 'Object Repository/Objects.HighlightElements/input_field'

2020-06-09 00:09:30 - [MESSAGE][PASSED] - Keys 'DOWN + ' sent to object: 'Object Repository/Objects.HighlightElements/input_field'

2020-06-09 00:09:30 - [TEST_STEP][PASSED] - delay(DelayTime): Delayed 2 second(s)

2020-06-09 00:09:32 - [MESSAGE][PASSED] - Delayed 2 second(s)

2020-06-09 00:09:32 - [TEST_STEP][PASSED] - sendKeys(NewInputNmField, Keys.chord(ENTER)): Keys 'ENTER + ' sent to object: 'Object Repository/Objects.HighlightElements/input_field'

2020-06-09 00:09:32 - [MESSAGE][PASSED] - Keys 'ENTER + ' sent to object: 'Object Repository/Objects.HighlightElements/input_field'

2020-06-09 00:09:32 - [TEST_STEP][PASSED] - ComboBoxValue = getAttribute(NewInputNmField, "value"): Attribute 'value' of object 'Object Repository/Objects.HighlightElements/input_field' is: 'D4'

2020-06-09 00:09:32 - [MESSAGE][PASSED] - Attribute 'value' of object 'Object Repository/Objects.HighlightElements/input_field' is: 'D4'

2020-06-09 00:09:32 - [TEST_STEP][PASSED] - callTestCase(findTestCase(CallTCName), ["FindValue":ComboBoxValue, "DropdownNm":comboNm], STOP_ON_FAILURE): Call Test Case 'Test Cases/PFI Precision and Scale/HashMap Tables/ConstantHashMap' successfully

2020-06-09 00:09:33 - [TEST_CASE][PASSED] - Test Cases/PFI Precision and Scale/HashMap Tables/ConstantHashMap: Test Cases/PFI Precision and Scale/HashMap Tables/ConstantHashMap

2020-06-09 00:09:33 - [TEST_STEP][PASSED] - ConstantTBL = [1:["PeriodType":"Working Day(s)"], 2:["PeriodType":"Calendar Day(s)"], 3:["PeriodType":"Month(s)"], 4:["TypeOfLetter":"T1"], ... ]: null

2020-06-09 00:09:33 - [TEST_STEP][PASSED] - switch (DropdownNm): null

2020-06-09 00:09:33 - [TEST_STEP][PASSED] - case "DForm":: null

2020-06-09 00:09:33 - [TEST_STEP][PASSED] - ValueFound = ConstantTBL.find({ -> ... }): null

2020-06-09 00:09:33 - [TEST_STEP][PASSED] - break: null

2020-06-09 00:09:33 - [MESSAGE][PASSED] - Call Test Case 'Test Cases/PFI Precision and Scale/HashMap Tables/ConstantHashMap' successfully

2020-06-09 00:09:33 - [TEST_STEP][PASSED] - println(ValueFound): null

2020-06-09 00:09:33 - [TEST_STEP][PASSED] - sendKeys(NewInputNmField, Keys.chord(ARROW_DOWN)): Keys 'DOWN + ' sent to object: 'Object Repository/Objects.HighlightElements/input_field'

2020-06-09 00:09:33 - [MESSAGE][PASSED] - Keys 'DOWN + ' sent to object: 'Object Repository/Objects.HighlightElements/input_field'

2020-06-09 00:09:33 - [TEST_STEP][PASSED] - sendKeys(NewInputNmField, Keys.chord(ARROW_DOWN)): Keys 'DOWN + ' sent to object: 'Object Repository/Objects.HighlightElements/input_field'

2020-06-09 00:09:33 - [MESSAGE][PASSED] - Keys 'DOWN + ' sent to object: 'Object Repository/Objects.HighlightElements/input_field'

2020-06-09 00:09:33 - [TEST_STEP][PASSED] - delay(DelayTime): Delayed 2 second(s)

2020-06-09 00:09:35 - [MESSAGE][PASSED] - Delayed 2 second(s)

2020-06-09 00:09:35 - [TEST_STEP][PASSED] - sendKeys(NewInputNmField, Keys.chord(ENTER)): Keys 'ENTER + ' sent to object: 'Object Repository/Objects.HighlightElements/input_field'

2020-06-09 00:09:35 - [MESSAGE][PASSED] - Keys 'ENTER + ' sent to object: 'Object Repository/Objects.HighlightElements/input_field'

2020-06-09 00:09:35 - [TEST_STEP][PASSED] - ComboBoxValue = getAttribute(NewInputNmField, "value"): Attribute 'value' of object 'Object Repository/Objects.HighlightElements/input_field' is: 'D5'

2020-06-09 00:09:35 - [MESSAGE][PASSED] - Attribute 'value' of object 'Object Repository/Objects.HighlightElements/input_field' is: 'D5'

2020-06-09 00:09:35 - [TEST_STEP][PASSED] - callTestCase(findTestCase(CallTCName), ["FindValue":ComboBoxValue, "DropdownNm":comboNm], STOP_ON_FAILURE): Call Test Case 'Test Cases/PFI Precision and Scale/HashMap Tables/ConstantHashMap' successfully

2020-06-09 00:09:35 - [TEST_CASE][PASSED] - Test Cases/PFI Precision and Scale/HashMap Tables/ConstantHashMap: Test Cases/PFI Precision and Scale/HashMap Tables/ConstantHashMap

2020-06-09 00:09:35 - [TEST_STEP][PASSED] - ConstantTBL = [1:["PeriodType":"Working Day(s)"], 2:["PeriodType":"Calendar Day(s)"], 3:["PeriodType":"Month(s)"], 4:["TypeOfLetter":"T1"], ... ]: null

2020-06-09 00:09:35 - [TEST_STEP][PASSED] - switch (DropdownNm): null

2020-06-09 00:09:35 - [TEST_STEP][PASSED] - case "DForm":: null

2020-06-09 00:09:35 - [TEST_STEP][PASSED] - ValueFound = ConstantTBL.find({ -> ... }): null

2020-06-09 00:09:35 - [TEST_STEP][PASSED] - break: null

2020-06-09 00:09:35 - [MESSAGE][PASSED] - Call Test Case 'Test Cases/PFI Precision and Scale/HashMap Tables/ConstantHashMap' successfully

2020-06-09 00:09:35 - [TEST_STEP][PASSED] - println(ValueFound): null

2020-06-09 00:09:35 - [TEST_STEP][PASSED] - sendKeys(NewInputNmField, Keys.chord(ARROW_DOWN)): Keys 'DOWN + ' sent to object: 'Object Repository/Objects.HighlightElements/input_field'

2020-06-09 00:09:35 - [MESSAGE][PASSED] - Keys 'DOWN + ' sent to object: 'Object Repository/Objects.HighlightElements/input_field'

2020-06-09 00:09:35 - [TEST_STEP][PASSED] - sendKeys(NewInputNmField, Keys.chord(ARROW_DOWN)): Keys 'DOWN + ' sent to object: 'Object Repository/Objects.HighlightElements/input_field'

2020-06-09 00:09:35 - [MESSAGE][PASSED] - Keys 'DOWN + ' sent to object: 'Object Repository/Objects.HighlightElements/input_field'

2020-06-09 00:09:35 - [TEST_STEP][PASSED] - delay(DelayTime): Delayed 2 second(s)

2020-06-09 00:09:37 - [MESSAGE][PASSED] - Delayed 2 second(s)

2020-06-09 00:09:37 - [TEST_STEP][PASSED] - sendKeys(NewInputNmField, Keys.chord(ENTER)): Keys 'ENTER + ' sent to object: 'Object Repository/Objects.HighlightElements/input_field'

2020-06-09 00:09:37 - [MESSAGE][PASSED] - Keys 'ENTER + ' sent to object: 'Object Repository/Objects.HighlightElements/input_field'

2020-06-09 00:09:37 - [TEST_STEP][PASSED] - ComboBoxValue = getAttribute(NewInputNmField, "value"): Attribute 'value' of object 'Object Repository/Objects.HighlightElements/input_field' is: 'D6'

2020-06-09 00:09:37 - [MESSAGE][PASSED] - Attribute 'value' of object 'Object Repository/Objects.HighlightElements/input_field' is: 'D6'

2020-06-09 00:09:37 - [TEST_STEP][PASSED] - callTestCase(findTestCase(CallTCName), ["FindValue":ComboBoxValue, "DropdownNm":comboNm], STOP_ON_FAILURE): Call Test Case 'Test Cases/PFI Precision and Scale/HashMap Tables/ConstantHashMap' successfully

2020-06-09 00:09:37 - [TEST_CASE][PASSED] - Test Cases/PFI Precision and Scale/HashMap Tables/ConstantHashMap: Test Cases/PFI Precision and Scale/HashMap Tables/ConstantHashMap

2020-06-09 00:09:37 - [TEST_STEP][PASSED] - ConstantTBL = [1:["PeriodType":"Working Day(s)"], 2:["PeriodType":"Calendar Day(s)"], 3:["PeriodType":"Month(s)"], 4:["TypeOfLetter":"T1"], ... ]: null

2020-06-09 00:09:37 - [TEST_STEP][PASSED] - switch (DropdownNm): null

2020-06-09 00:09:37 - [TEST_STEP][PASSED] - case "DForm":: null

2020-06-09 00:09:37 - [TEST_STEP][PASSED] - ValueFound = ConstantTBL.find({ -> ... }): null

2020-06-09 00:09:37 - [TEST_STEP][PASSED] - break: null

2020-06-09 00:09:37 - [MESSAGE][PASSED] - Call Test Case 'Test Cases/PFI Precision and Scale/HashMap Tables/ConstantHashMap' successfully

2020-06-09 00:09:37 - [TEST_STEP][PASSED] - println(ValueFound): null

2020-06-09 00:09:37 - [TEST_STEP][PASSED] - sendKeys(NewInputNmField, Keys.chord(ARROW_DOWN)): Keys 'DOWN + ' sent to object: 'Object Repository/Objects.HighlightElements/input_field'

2020-06-09 00:09:37 - [MESSAGE][PASSED] - Keys 'DOWN + ' sent to object: 'Object Repository/Objects.HighlightElements/input_field'

2020-06-09 00:09:37 - [TEST_STEP][PASSED] - sendKeys(NewInputNmField, Keys.chord(ARROW_DOWN)): Keys 'DOWN + ' sent to object: 'Object Repository/Objects.HighlightElements/input_field'

2020-06-09 00:09:37 - [MESSAGE][PASSED] - Keys 'DOWN + ' sent to object: 'Object Repository/Objects.HighlightElements/input_field'

2020-06-09 00:09:37 - [TEST_STEP][PASSED] - delay(DelayTime): Delayed 2 second(s)

2020-06-09 00:09:39 - [MESSAGE][PASSED] - Delayed 2 second(s)

2020-06-09 00:09:39 - [TEST_STEP][PASSED] - sendKeys(NewInputNmField, Keys.chord(ENTER)): Keys 'ENTER + ' sent to object: 'Object Repository/Objects.HighlightElements/input_field'

2020-06-09 00:09:39 - [MESSAGE][PASSED] - Keys 'ENTER + ' sent to object: 'Object Repository/Objects.HighlightElements/input_field'

2020-06-09 00:09:39 - [TEST_STEP][PASSED] - ComboBoxValue = getAttribute(NewInputNmField, "value"): Attribute 'value' of object 'Object Repository/Objects.HighlightElements/input_field' is: 'D7'

2020-06-09 00:09:39 - [MESSAGE][PASSED] - Attribute 'value' of object 'Object Repository/Objects.HighlightElements/input_field' is: 'D7'

2020-06-09 00:09:39 - [TEST_STEP][PASSED] - callTestCase(findTestCase(CallTCName), ["FindValue":ComboBoxValue, "DropdownNm":comboNm], STOP_ON_FAILURE): Call Test Case 'Test Cases/PFI Precision and Scale/HashMap Tables/ConstantHashMap' successfully

2020-06-09 00:09:39 - [TEST_CASE][PASSED] - Test Cases/PFI Precision and Scale/HashMap Tables/ConstantHashMap: Test Cases/PFI Precision and Scale/HashMap Tables/ConstantHashMap

2020-06-09 00:09:39 - [TEST_STEP][PASSED] - ConstantTBL = [1:["PeriodType":"Working Day(s)"], 2:["PeriodType":"Calendar Day(s)"], 3:["PeriodType":"Month(s)"], 4:["TypeOfLetter":"T1"], ... ]: null

2020-06-09 00:09:39 - [TEST_STEP][PASSED] - switch (DropdownNm): null

2020-06-09 00:09:39 - [TEST_STEP][PASSED] - case "DForm":: null

2020-06-09 00:09:39 - [TEST_STEP][PASSED] - ValueFound = ConstantTBL.find({ -> ... }): null

2020-06-09 00:09:39 - [TEST_STEP][PASSED] - break: null

2020-06-09 00:09:39 - [MESSAGE][PASSED] - Call Test Case 'Test Cases/PFI Precision and Scale/HashMap Tables/ConstantHashMap' successfully

2020-06-09 00:09:39 - [TEST_STEP][PASSED] - println(ValueFound): null

2020-06-09 00:09:39 - [TEST_STEP][PASSED] - sendKeys(NewInputNmField, Keys.chord(ARROW_DOWN)): Keys 'DOWN + ' sent to object: 'Object Repository/Objects.HighlightElements/input_field'

2020-06-09 00:09:39 - [MESSAGE][PASSED] - Keys 'DOWN + ' sent to object: 'Object Repository/Objects.HighlightElements/input_field'

2020-06-09 00:09:39 - [TEST_STEP][PASSED] - sendKeys(NewInputNmField, Keys.chord(ENTER)): Keys 'ENTER + ' sent to object: 'Object Repository/Objects.HighlightElements/input_field'

2020-06-09 00:09:39 - [MESSAGE][PASSED] - Keys 'ENTER + ' sent to object: 'Object Repository/Objects.HighlightElements/input_field'

2020-06-09 00:09:39 - [MESSAGE][PASSED] - Call Test Case 'Test Cases/PFI Precision and Scale/PFI Components/VerifyDropdownValues' successfully

2020-06-09 00:09:39 - [TEST_STEP][PASSED] - callTestCase(findTestCase("PFI Precision and Scale/PFI Components with Indexing/SelectDayInDatePickerWithIndex"), ["FldNm":"rptRecvDt", "SelectCurrentDay":"19", "index":5], STOP_ON_FAILURE): Call Test Case 'Test Cases/PFI Precision and Scale/PFI Components with Indexing/SelectDayInDatePickerWithIndex' successfully

2020-06-09 00:09:39 - [TEST_CASE][PASSED] - Test Cases/PFI Precision and Scale/PFI Components with Indexing/SelectDayInDatePickerWithIndex: Test Cases/PFI Precision and Scale/PFI Components with Indexing/SelectDayInDatePickerWithIndex

2020-06-09 00:09:39 - [TEST_STEP][PASSED] - Thread.sleep(1000): null

2020-06-09 00:09:40 - [TEST_STEP][PASSED] - DateFieldNm = modifyObjectProperty(findTestObject("Objects.HighlightElements/input_field"), "name", "equals", FldNm, true): Modify property of object successfully

2020-06-09 00:09:40 - [MESSAGE][PASSED] - Modify property of object successfully

2020-06-09 00:09:40 - [TEST_STEP][PASSED] - ModifyDay = modifyObjectProperty(findTestObject("Objects.DateValidation/Page_ISPS2/Select_Day_Index"), "xpath", "equals", "(//*[contains(@class, 'x-datepicker-date') and (text() = '" + SelectCurrentDay + "')])[" + index + "]", true): Modify property of object successfully

2020-06-09 00:09:40 - [MESSAGE][PASSED] - Modify property of object successfully

2020-06-09 00:09:40 - [TEST_STEP][PASSED] - sendKeys(DateFieldNm, Keys.chord(ARROW_DOWN)): Keys 'DOWN + ' sent to object: 'Object Repository/Objects.HighlightElements/input_field'

2020-06-09 00:09:41 - [MESSAGE][PASSED] - Keys 'DOWN + ' sent to object: 'Object Repository/Objects.HighlightElements/input_field'

2020-06-09 00:09:41 - [TEST_STEP][PASSED] - com.reusableComponents.HighlightElement.run(ModifyDay): com.reusableComponents.HighlightElement.run is PASSED

2020-06-09 00:09:41 - [MESSAGE][PASSED] - com.reusableComponents.HighlightElement.run is PASSED

2020-06-09 00:09:41 - [TEST_STEP][PASSED] - delay(1): Delayed 1 second(s)

2020-06-09 00:09:42 - [MESSAGE][PASSED] - Delayed 1 second(s)

2020-06-09 00:09:42 - [TEST_STEP][PASSED] - click(ModifyDay): Object: 'Object Repository/Objects.DateValidation/Page_ISPS2/Select_Day_Index' is clicked on

2020-06-09 00:09:42 - [MESSAGE][PASSED] - Object: 'Object Repository/Objects.DateValidation/Page_ISPS2/Select_Day_Index' is clicked on

2020-06-09 00:09:42 - [TEST_STEP][PASSED] - GetError = getAttribute(DateFieldNm, "data-errorqtip"): Attribute 'data-errorqtip' of object 'Object Repository/Objects.HighlightElements/input_field' is: ''

2020-06-09 00:09:42 - [MESSAGE][PASSED] - Attribute 'data-errorqtip' of object 'Object Repository/Objects.HighlightElements/input_field' is: ''

2020-06-09 00:09:42 - [TEST_STEP][PASSED] - if (GetError == ""): null

2020-06-09 00:09:42 - [TEST_STEP][PASSED] - GetEnteredDate = getAttribute(DateFieldNm, "value"): Attribute 'value' of object 'Object Repository/Objects.HighlightElements/input_field' is: '19/06/2020'

2020-06-09 00:09:42 - [MESSAGE][PASSED] - Attribute 'value' of object 'Object Repository/Objects.HighlightElements/input_field' is: '19/06/2020'

2020-06-09 00:09:42 - [TEST_STEP][PASSED] - DatePattern = Pattern.compile("^(1[0-2]|0[1-9])/(3[01]|[12][0-9]|0[1-9])/[0-9]{4}$"): null

2020-06-09 00:09:42 - [TEST_STEP][PASSED] - VerifyDateFormat = DatePattern.matcher(GetEnteredDate): null

2020-06-09 00:09:42 - [TEST_STEP][PASSED] - if (VerifyDateFormat.matches() == true): null

2020-06-09 00:09:42 - [MESSAGE][PASSED] - Call Test Case 'Test Cases/PFI Precision and Scale/PFI Components with Indexing/SelectDayInDatePickerWithIndex' successfully

2020-06-09 00:09:42 - [TEST_STEP][PASSED] - callTestCase(findTestCase("PFI Precision and Scale/PFI Components/SelectTodayInDatePicker"), ["FldNm":"rptRecvDt", "index":"5"], STOP_ON_FAILURE): Call Test Case 'Test Cases/PFI Precision and Scale/PFI Components/SelectTodayInDatePicker' successfully

2020-06-09 00:09:42 - [TEST_CASE][PASSED] - Test Cases/PFI Precision and Scale/PFI Components/SelectTodayInDatePicker: Test Cases/PFI Precision and Scale/PFI Components/SelectTodayInDatePicker

2020-06-09 00:09:42 - [TEST_STEP][PASSED] - Thread.sleep(1000): null

2020-06-09 00:09:43 - [TEST_STEP][PASSED] - date = new java.util.Date(): null

2020-06-09 00:09:43 - [TEST_STEP][PASSED] - CurrentDate = new java.text.SimpleDateFormat(dd/MM/yyyy): null

2020-06-09 00:09:43 - [TEST_STEP][PASSED] - TodayDate = CurrentDate.format(date): null

2020-06-09 00:09:43 - [TEST_STEP][PASSED] - DateFieldNm = modifyObjectProperty(findTestObject("Object Repository/Objects.DateValidation/Page_ISPS2/input__orderDt"), "name", "equals", FldNm, true): Modify property of object successfully

2020-06-09 00:09:43 - [MESSAGE][PASSED] - Modify property of object successfully

2020-06-09 00:09:43 - [TEST_STEP][PASSED] - TodayBtn = modifyObjectProperty(findTestObject("Object Repository/Objects.DateValidation/Page_ISPS2/a_Today"), "xpath", "equals", "(//*[text() = 'Today'])[" + index + "]", true): Modify property of object successfully

2020-06-09 00:09:43 - [MESSAGE][PASSED] - Modify property of object successfully

2020-06-09 00:09:43 - [TEST_STEP][PASSED] - sendKeys(DateFieldNm, Keys.chord(ARROW_DOWN)): Keys 'DOWN + ' sent to object: 'Object Repository/Objects.DateValidation/Page_ISPS2/input__orderDt'

2020-06-09 00:09:43 - [MESSAGE][PASSED] - Keys 'DOWN + ' sent to object: 'Object Repository/Objects.DateValidation/Page_ISPS2/input__orderDt'

2020-06-09 00:09:43 - [TEST_STEP][PASSED] - com.reusableComponents.HighlightElement.run(TodayBtn): com.reusableComponents.HighlightElement.run is PASSED

2020-06-09 00:09:44 - [MESSAGE][PASSED] - com.reusableComponents.HighlightElement.run is PASSED

2020-06-09 00:09:44 - [TEST_STEP][PASSED] - click(TodayBtn): Object: 'Object Repository/Objects.DateValidation/Page_ISPS2/a_Today' is clicked on

2020-06-09 00:09:44 - [MESSAGE][PASSED] - Object: 'Object Repository/Objects.DateValidation/Page_ISPS2/a_Today' is clicked on

2020-06-09 00:09:44 - [TEST_STEP][PASSED] - GetEnteredDate = getAttribute(DateFieldNm, "value"): Attribute 'value' of object 'Object Repository/Objects.DateValidation/Page_ISPS2/input__orderDt' is: '09/06/2020'

2020-06-09 00:09:44 - [MESSAGE][PASSED] - Attribute 'value' of object 'Object Repository/Objects.DateValidation/Page_ISPS2/input__orderDt' is: '09/06/2020'

2020-06-09 00:09:44 - [TEST_STEP][PASSED] - verifyMatch(GetEnteredDate, TodayDate, true): Actual text '09/06/2020' and expected text '09/06/2020' are matched  using regular expression

2020-06-09 00:09:44 - [MESSAGE][PASSED] - Actual text '09/06/2020' and expected text '09/06/2020' are matched  using regular expression

2020-06-09 00:09:44 - [MESSAGE][PASSED] - Call Test Case 'Test Cases/PFI Precision and Scale/PFI Components/SelectTodayInDatePicker' successfully

2020-06-09 00:09:44 - [TEST_STEP][PASSED] - callTestCase(findTestCase("PFI Precision and Scale/PFI Components/VerifyDropdownValues"), ["FldNm":"rptTypeCode", "CallTCName":"Test Cases/PFI Precision and Scale/HashMap Tables/ConstantHashMap", "cmbNm":"ReportType", ... ], STOP_ON_FAILURE): Call Test Case 'Test Cases/PFI Precision and Scale/PFI Components/VerifyDropdownValues' successfully

2020-06-09 00:09:44 - [TEST_CASE][PASSED] - Test Cases/PFI Precision and Scale/PFI Components/VerifyDropdownValues: Test Cases/PFI Precision and Scale/PFI Components/VerifyDropdownValues

2020-06-09 00:09:44 - [TEST_STEP][PASSED] - Thread.sleep(1000): null

2020-06-09 00:09:45 - [TEST_STEP][PASSED] - NewInputNmField = modifyObjectProperty(findTestObject("Objects.HighlightElements/input_field"), "name", "equals", FldNm, true): Modify property of object successfully

2020-06-09 00:09:45 - [MESSAGE][PASSED] - Modify property of object successfully

2020-06-09 00:09:45 - [TEST_STEP][PASSED] - comboNm = cmbNm: null

2020-06-09 00:09:45 - [TEST_STEP][PASSED] - focus(NewInputNmField): Object: 'Object Repository/Objects.HighlightElements/input_field' is focused

2020-06-09 00:09:45 - [MESSAGE][PASSED] - Object: 'Object Repository/Objects.HighlightElements/input_field' is focused

2020-06-09 00:09:45 - [TEST_STEP][PASSED] - setText(NewInputNmField, EnterValue): Text '' is set on object 'Object Repository/Objects.HighlightElements/input_field'

2020-06-09 00:09:45 - [MESSAGE][PASSED] - Text '' is set on object 'Object Repository/Objects.HighlightElements/input_field'

2020-06-09 00:09:45 - [TEST_STEP][PASSED] - for ([i = 1, i <= NoOfVal, (i++)]): Keys 'DOWN + ' sent to object: 'Object Repository/Objects.HighlightElements/input_field'

2020-06-09 00:09:45 - [TEST_STEP][PASSED] - sendKeys(NewInputNmField, Keys.chord(ARROW_DOWN)): Keys 'DOWN + ' sent to object: 'Object Repository/Objects.HighlightElements/input_field'

2020-06-09 00:09:45 - [MESSAGE][PASSED] - Keys 'DOWN + ' sent to object: 'Object Repository/Objects.HighlightElements/input_field'

2020-06-09 00:09:45 - [TEST_STEP][PASSED] - delay(DelayTime): Delayed 2 second(s)

2020-06-09 00:09:47 - [MESSAGE][PASSED] - Delayed 2 second(s)

2020-06-09 00:09:47 - [TEST_STEP][PASSED] - sendKeys(NewInputNmField, Keys.chord(ENTER)): Keys 'ENTER + ' sent to object: 'Object Repository/Objects.HighlightElements/input_field'

2020-06-09 00:09:47 - [MESSAGE][PASSED] - Keys 'ENTER + ' sent to object: 'Object Repository/Objects.HighlightElements/input_field'

2020-06-09 00:09:47 - [TEST_STEP][PASSED] - ComboBoxValue = getAttribute(NewInputNmField, "value"): Attribute 'value' of object 'Object Repository/Objects.HighlightElements/input_field' is: 'Visual Inspection Report'

2020-06-09 00:09:47 - [MESSAGE][PASSED] - Attribute 'value' of object 'Object Repository/Objects.HighlightElements/input_field' is: 'Visual Inspection Report'

2020-06-09 00:09:47 - [TEST_STEP][PASSED] - callTestCase(findTestCase(CallTCName), ["FindValue":ComboBoxValue, "DropdownNm":comboNm], STOP_ON_FAILURE): Call Test Case 'Test Cases/PFI Precision and Scale/HashMap Tables/ConstantHashMap' successfully

2020-06-09 00:09:47 - [TEST_CASE][PASSED] - Test Cases/PFI Precision and Scale/HashMap Tables/ConstantHashMap: Test Cases/PFI Precision and Scale/HashMap Tables/ConstantHashMap

2020-06-09 00:09:47 - [TEST_STEP][PASSED] - ConstantTBL = [1:["PeriodType":"Working Day(s)"], 2:["PeriodType":"Calendar Day(s)"], 3:["PeriodType":"Month(s)"], 4:["TypeOfLetter":"T1"], ... ]: null

2020-06-09 00:09:47 - [TEST_STEP][PASSED] - switch (DropdownNm): null

2020-06-09 00:09:47 - [TEST_STEP][PASSED] - case "ReportType":: null

2020-06-09 00:09:47 - [TEST_STEP][PASSED] - ValueFound = ConstantTBL.find({ -> ... }): null

2020-06-09 00:09:47 - [TEST_STEP][PASSED] - break: null

2020-06-09 00:09:47 - [MESSAGE][PASSED] - Call Test Case 'Test Cases/PFI Precision and Scale/HashMap Tables/ConstantHashMap' successfully

2020-06-09 00:09:47 - [TEST_STEP][PASSED] - println(ValueFound): null

2020-06-09 00:09:47 - [TEST_STEP][PASSED] - sendKeys(NewInputNmField, Keys.chord(ARROW_DOWN)): Keys 'DOWN + ' sent to object: 'Object Repository/Objects.HighlightElements/input_field'

2020-06-09 00:09:47 - [MESSAGE][PASSED] - Keys 'DOWN + ' sent to object: 'Object Repository/Objects.HighlightElements/input_field'

2020-06-09 00:09:47 - [TEST_STEP][PASSED] - sendKeys(NewInputNmField, Keys.chord(ARROW_DOWN)): Keys 'DOWN + ' sent to object: 'Object Repository/Objects.HighlightElements/input_field'

2020-06-09 00:09:47 - [MESSAGE][PASSED] - Keys 'DOWN + ' sent to object: 'Object Repository/Objects.HighlightElements/input_field'

2020-06-09 00:09:47 - [TEST_STEP][PASSED] - delay(DelayTime): Delayed 2 second(s)

2020-06-09 00:09:49 - [MESSAGE][PASSED] - Delayed 2 second(s)

2020-06-09 00:09:49 - [TEST_STEP][PASSED] - sendKeys(NewInputNmField, Keys.chord(ENTER)): Keys 'ENTER + ' sent to object: 'Object Repository/Objects.HighlightElements/input_field'

2020-06-09 00:09:49 - [MESSAGE][PASSED] - Keys 'ENTER + ' sent to object: 'Object Repository/Objects.HighlightElements/input_field'

2020-06-09 00:09:49 - [TEST_STEP][PASSED] - ComboBoxValue = getAttribute(NewInputNmField, "value"): Attribute 'value' of object 'Object Repository/Objects.HighlightElements/input_field' is: 'Supplementary Visual Inspection Report'

2020-06-09 00:09:49 - [MESSAGE][PASSED] - Attribute 'value' of object 'Object Repository/Objects.HighlightElements/input_field' is: 'Supplementary Visual Inspection Report'

2020-06-09 00:09:49 - [TEST_STEP][PASSED] - callTestCase(findTestCase(CallTCName), ["FindValue":ComboBoxValue, "DropdownNm":comboNm], STOP_ON_FAILURE): Call Test Case 'Test Cases/PFI Precision and Scale/HashMap Tables/ConstantHashMap' successfully

2020-06-09 00:09:50 - [TEST_CASE][PASSED] - Test Cases/PFI Precision and Scale/HashMap Tables/ConstantHashMap: Test Cases/PFI Precision and Scale/HashMap Tables/ConstantHashMap

2020-06-09 00:09:50 - [TEST_STEP][PASSED] - ConstantTBL = [1:["PeriodType":"Working Day(s)"], 2:["PeriodType":"Calendar Day(s)"], 3:["PeriodType":"Month(s)"], 4:["TypeOfLetter":"T1"], ... ]: null

2020-06-09 00:09:50 - [TEST_STEP][PASSED] - switch (DropdownNm): null

2020-06-09 00:09:50 - [TEST_STEP][PASSED] - case "ReportType":: null

2020-06-09 00:09:50 - [TEST_STEP][PASSED] - ValueFound = ConstantTBL.find({ -> ... }): null

2020-06-09 00:09:50 - [TEST_STEP][PASSED] - break: null

2020-06-09 00:09:50 - [MESSAGE][PASSED] - Call Test Case 'Test Cases/PFI Precision and Scale/HashMap Tables/ConstantHashMap' successfully

2020-06-09 00:09:50 - [TEST_STEP][PASSED] - println(ValueFound): null

2020-06-09 00:09:50 - [TEST_STEP][PASSED] - sendKeys(NewInputNmField, Keys.chord(ARROW_DOWN)): Keys 'DOWN + ' sent to object: 'Object Repository/Objects.HighlightElements/input_field'

2020-06-09 00:09:50 - [MESSAGE][PASSED] - Keys 'DOWN + ' sent to object: 'Object Repository/Objects.HighlightElements/input_field'

2020-06-09 00:09:50 - [TEST_STEP][PASSED] - sendKeys(NewInputNmField, Keys.chord(ARROW_DOWN)): Keys 'DOWN + ' sent to object: 'Object Repository/Objects.HighlightElements/input_field'

2020-06-09 00:09:50 - [MESSAGE][PASSED] - Keys 'DOWN + ' sent to object: 'Object Repository/Objects.HighlightElements/input_field'

2020-06-09 00:09:50 - [TEST_STEP][PASSED] - delay(DelayTime): Delayed 2 second(s)

2020-06-09 00:09:52 - [MESSAGE][PASSED] - Delayed 2 second(s)

2020-06-09 00:09:52 - [TEST_STEP][PASSED] - sendKeys(NewInputNmField, Keys.chord(ENTER)): Keys 'ENTER + ' sent to object: 'Object Repository/Objects.HighlightElements/input_field'

2020-06-09 00:09:52 - [MESSAGE][PASSED] - Keys 'ENTER + ' sent to object: 'Object Repository/Objects.HighlightElements/input_field'

2020-06-09 00:09:52 - [TEST_STEP][PASSED] - ComboBoxValue = getAttribute(NewInputNmField, "value"): Attribute 'value' of object 'Object Repository/Objects.HighlightElements/input_field' is: 'Supplementary Visual Inspection Report 2'

2020-06-09 00:09:52 - [MESSAGE][PASSED] - Attribute 'value' of object 'Object Repository/Objects.HighlightElements/input_field' is: 'Supplementary Visual Inspection Report 2'

2020-06-09 00:09:52 - [TEST_STEP][PASSED] - callTestCase(findTestCase(CallTCName), ["FindValue":ComboBoxValue, "DropdownNm":comboNm], STOP_ON_FAILURE): Call Test Case 'Test Cases/PFI Precision and Scale/HashMap Tables/ConstantHashMap' successfully

2020-06-09 00:09:52 - [TEST_CASE][PASSED] - Test Cases/PFI Precision and Scale/HashMap Tables/ConstantHashMap: Test Cases/PFI Precision and Scale/HashMap Tables/ConstantHashMap

2020-06-09 00:09:52 - [TEST_STEP][PASSED] - ConstantTBL = [1:["PeriodType":"Working Day(s)"], 2:["PeriodType":"Calendar Day(s)"], 3:["PeriodType":"Month(s)"], 4:["TypeOfLetter":"T1"], ... ]: null

2020-06-09 00:09:52 - [TEST_STEP][PASSED] - switch (DropdownNm): null

2020-06-09 00:09:52 - [TEST_STEP][PASSED] - case "ReportType":: null

2020-06-09 00:09:52 - [TEST_STEP][PASSED] - ValueFound = ConstantTBL.find({ -> ... }): null

2020-06-09 00:09:52 - [TEST_STEP][PASSED] - break: null

2020-06-09 00:09:52 - [MESSAGE][PASSED] - Call Test Case 'Test Cases/PFI Precision and Scale/HashMap Tables/ConstantHashMap' successfully

2020-06-09 00:09:52 - [TEST_STEP][PASSED] - println(ValueFound): null

2020-06-09 00:09:52 - [TEST_STEP][PASSED] - sendKeys(NewInputNmField, Keys.chord(ARROW_DOWN)): Keys 'DOWN + ' sent to object: 'Object Repository/Objects.HighlightElements/input_field'

2020-06-09 00:09:52 - [MESSAGE][PASSED] - Keys 'DOWN + ' sent to object: 'Object Repository/Objects.HighlightElements/input_field'

2020-06-09 00:09:52 - [TEST_STEP][PASSED] - sendKeys(NewInputNmField, Keys.chord(ARROW_DOWN)): Keys 'DOWN + ' sent to object: 'Object Repository/Objects.HighlightElements/input_field'

2020-06-09 00:09:52 - [MESSAGE][PASSED] - Keys 'DOWN + ' sent to object: 'Object Repository/Objects.HighlightElements/input_field'

2020-06-09 00:09:52 - [TEST_STEP][PASSED] - delay(DelayTime): Delayed 2 second(s)

2020-06-09 00:09:54 - [MESSAGE][PASSED] - Delayed 2 second(s)

2020-06-09 00:09:54 - [TEST_STEP][PASSED] - sendKeys(NewInputNmField, Keys.chord(ENTER)): Keys 'ENTER + ' sent to object: 'Object Repository/Objects.HighlightElements/input_field'

2020-06-09 00:09:54 - [MESSAGE][PASSED] - Keys 'ENTER + ' sent to object: 'Object Repository/Objects.HighlightElements/input_field'

2020-06-09 00:09:54 - [TEST_STEP][PASSED] - ComboBoxValue = getAttribute(NewInputNmField, "value"): Attribute 'value' of object 'Object Repository/Objects.HighlightElements/input_field' is: 'Full Structural Inspection Report'

2020-06-09 00:09:54 - [MESSAGE][PASSED] - Attribute 'value' of object 'Object Repository/Objects.HighlightElements/input_field' is: 'Full Structural Inspection Report'

2020-06-09 00:09:54 - [TEST_STEP][PASSED] - callTestCase(findTestCase(CallTCName), ["FindValue":ComboBoxValue, "DropdownNm":comboNm], STOP_ON_FAILURE): Call Test Case 'Test Cases/PFI Precision and Scale/HashMap Tables/ConstantHashMap' successfully

2020-06-09 00:09:54 - [TEST_CASE][PASSED] - Test Cases/PFI Precision and Scale/HashMap Tables/ConstantHashMap: Test Cases/PFI Precision and Scale/HashMap Tables/ConstantHashMap

2020-06-09 00:09:54 - [TEST_STEP][PASSED] - ConstantTBL = [1:["PeriodType":"Working Day(s)"], 2:["PeriodType":"Calendar Day(s)"], 3:["PeriodType":"Month(s)"], 4:["TypeOfLetter":"T1"], ... ]: null

2020-06-09 00:09:54 - [TEST_STEP][PASSED] - switch (DropdownNm): null

2020-06-09 00:09:54 - [TEST_STEP][PASSED] - case "ReportType":: null

2020-06-09 00:09:54 - [TEST_STEP][PASSED] - ValueFound = ConstantTBL.find({ -> ... }): null

2020-06-09 00:09:54 - [TEST_STEP][PASSED] - break: null

2020-06-09 00:09:54 - [MESSAGE][PASSED] - Call Test Case 'Test Cases/PFI Precision and Scale/HashMap Tables/ConstantHashMap' successfully

2020-06-09 00:09:54 - [TEST_STEP][PASSED] - println(ValueFound): null

2020-06-09 00:09:54 - [TEST_STEP][PASSED] - sendKeys(NewInputNmField, Keys.chord(ARROW_DOWN)): Keys 'DOWN + ' sent to object: 'Object Repository/Objects.HighlightElements/input_field'

2020-06-09 00:09:54 - [MESSAGE][PASSED] - Keys 'DOWN + ' sent to object: 'Object Repository/Objects.HighlightElements/input_field'

2020-06-09 00:09:54 - [TEST_STEP][PASSED] - sendKeys(NewInputNmField, Keys.chord(ARROW_DOWN)): Keys 'DOWN + ' sent to object: 'Object Repository/Objects.HighlightElements/input_field'

2020-06-09 00:09:54 - [MESSAGE][PASSED] - Keys 'DOWN + ' sent to object: 'Object Repository/Objects.HighlightElements/input_field'

2020-06-09 00:09:54 - [TEST_STEP][PASSED] - delay(DelayTime): Delayed 2 second(s)

2020-06-09 00:09:56 - [MESSAGE][PASSED] - Delayed 2 second(s)

2020-06-09 00:09:56 - [TEST_STEP][PASSED] - sendKeys(NewInputNmField, Keys.chord(ENTER)): Keys 'ENTER + ' sent to object: 'Object Repository/Objects.HighlightElements/input_field'

2020-06-09 00:09:56 - [MESSAGE][PASSED] - Keys 'ENTER + ' sent to object: 'Object Repository/Objects.HighlightElements/input_field'

2020-06-09 00:09:56 - [TEST_STEP][PASSED] - ComboBoxValue = getAttribute(NewInputNmField, "value"): Attribute 'value' of object 'Object Repository/Objects.HighlightElements/input_field' is: 'Supplementary Full Structural Inspection Report'

2020-06-09 00:09:56 - [MESSAGE][PASSED] - Attribute 'value' of object 'Object Repository/Objects.HighlightElements/input_field' is: 'Supplementary Full Structural Inspection Report'

2020-06-09 00:09:56 - [TEST_STEP][PASSED] - callTestCase(findTestCase(CallTCName), ["FindValue":ComboBoxValue, "DropdownNm":comboNm], STOP_ON_FAILURE): Call Test Case 'Test Cases/PFI Precision and Scale/HashMap Tables/ConstantHashMap' successfully

2020-06-09 00:09:56 - [TEST_CASE][PASSED] - Test Cases/PFI Precision and Scale/HashMap Tables/ConstantHashMap: Test Cases/PFI Precision and Scale/HashMap Tables/ConstantHashMap

2020-06-09 00:09:56 - [TEST_STEP][PASSED] - ConstantTBL = [1:["PeriodType":"Working Day(s)"], 2:["PeriodType":"Calendar Day(s)"], 3:["PeriodType":"Month(s)"], 4:["TypeOfLetter":"T1"], ... ]: null

2020-06-09 00:09:56 - [TEST_STEP][PASSED] - switch (DropdownNm): null

2020-06-09 00:09:56 - [TEST_STEP][PASSED] - case "ReportType":: null

2020-06-09 00:09:56 - [TEST_STEP][PASSED] - ValueFound = ConstantTBL.find({ -> ... }): null

2020-06-09 00:09:56 - [TEST_STEP][PASSED] - break: null

2020-06-09 00:09:56 - [MESSAGE][PASSED] - Call Test Case 'Test Cases/PFI Precision and Scale/HashMap Tables/ConstantHashMap' successfully

2020-06-09 00:09:56 - [TEST_STEP][PASSED] - println(ValueFound): null

2020-06-09 00:09:56 - [TEST_STEP][PASSED] - sendKeys(NewInputNmField, Keys.chord(ARROW_DOWN)): Keys 'DOWN + ' sent to object: 'Object Repository/Objects.HighlightElements/input_field'

2020-06-09 00:09:56 - [MESSAGE][PASSED] - Keys 'DOWN + ' sent to object: 'Object Repository/Objects.HighlightElements/input_field'

2020-06-09 00:09:56 - [TEST_STEP][PASSED] - sendKeys(NewInputNmField, Keys.chord(ARROW_DOWN)): Keys 'DOWN + ' sent to object: 'Object Repository/Objects.HighlightElements/input_field'

2020-06-09 00:09:56 - [MESSAGE][PASSED] - Keys 'DOWN + ' sent to object: 'Object Repository/Objects.HighlightElements/input_field'

2020-06-09 00:09:56 - [TEST_STEP][PASSED] - delay(DelayTime): Delayed 2 second(s)

2020-06-09 00:09:58 - [MESSAGE][PASSED] - Delayed 2 second(s)

2020-06-09 00:09:58 - [TEST_STEP][PASSED] - sendKeys(NewInputNmField, Keys.chord(ENTER)): Keys 'ENTER + ' sent to object: 'Object Repository/Objects.HighlightElements/input_field'

2020-06-09 00:09:58 - [MESSAGE][PASSED] - Keys 'ENTER + ' sent to object: 'Object Repository/Objects.HighlightElements/input_field'

2020-06-09 00:09:58 - [TEST_STEP][PASSED] - ComboBoxValue = getAttribute(NewInputNmField, "value"): Attribute 'value' of object 'Object Repository/Objects.HighlightElements/input_field' is: 'Supplementary Full Structural Inspection Report 2'

2020-06-09 00:09:58 - [MESSAGE][PASSED] - Attribute 'value' of object 'Object Repository/Objects.HighlightElements/input_field' is: 'Supplementary Full Structural Inspection Report 2'

2020-06-09 00:09:58 - [TEST_STEP][PASSED] - callTestCase(findTestCase(CallTCName), ["FindValue":ComboBoxValue, "DropdownNm":comboNm], STOP_ON_FAILURE): Call Test Case 'Test Cases/PFI Precision and Scale/HashMap Tables/ConstantHashMap' successfully

2020-06-09 00:09:58 - [TEST_CASE][PASSED] - Test Cases/PFI Precision and Scale/HashMap Tables/ConstantHashMap: Test Cases/PFI Precision and Scale/HashMap Tables/ConstantHashMap

2020-06-09 00:09:58 - [TEST_STEP][PASSED] - ConstantTBL = [1:["PeriodType":"Working Day(s)"], 2:["PeriodType":"Calendar Day(s)"], 3:["PeriodType":"Month(s)"], 4:["TypeOfLetter":"T1"], ... ]: null

2020-06-09 00:09:58 - [TEST_STEP][PASSED] - switch (DropdownNm): null

2020-06-09 00:09:58 - [TEST_STEP][PASSED] - case "ReportType":: null

2020-06-09 00:09:58 - [TEST_STEP][PASSED] - ValueFound = ConstantTBL.find({ -> ... }): null

2020-06-09 00:09:58 - [TEST_STEP][PASSED] - break: null

2020-06-09 00:09:58 - [MESSAGE][PASSED] - Call Test Case 'Test Cases/PFI Precision and Scale/HashMap Tables/ConstantHashMap' successfully

2020-06-09 00:09:58 - [TEST_STEP][PASSED] - println(ValueFound): null

2020-06-09 00:09:58 - [TEST_STEP][PASSED] - sendKeys(NewInputNmField, Keys.chord(ARROW_DOWN)): Keys 'DOWN + ' sent to object: 'Object Repository/Objects.HighlightElements/input_field'

2020-06-09 00:09:59 - [MESSAGE][PASSED] - Keys 'DOWN + ' sent to object: 'Object Repository/Objects.HighlightElements/input_field'

2020-06-09 00:09:59 - [TEST_STEP][PASSED] - sendKeys(NewInputNmField, Keys.chord(ARROW_DOWN)): Keys 'DOWN + ' sent to object: 'Object Repository/Objects.HighlightElements/input_field'

2020-06-09 00:09:59 - [MESSAGE][PASSED] - Keys 'DOWN + ' sent to object: 'Object Repository/Objects.HighlightElements/input_field'

2020-06-09 00:09:59 - [TEST_STEP][PASSED] - delay(DelayTime): Delayed 2 second(s)

2020-06-09 00:10:01 - [MESSAGE][PASSED] - Delayed 2 second(s)

2020-06-09 00:10:01 - [TEST_STEP][PASSED] - sendKeys(NewInputNmField, Keys.chord(ENTER)): Keys 'ENTER + ' sent to object: 'Object Repository/Objects.HighlightElements/input_field'

2020-06-09 00:10:01 - [MESSAGE][PASSED] - Keys 'ENTER + ' sent to object: 'Object Repository/Objects.HighlightElements/input_field'

2020-06-09 00:10:01 - [TEST_STEP][PASSED] - ComboBoxValue = getAttribute(NewInputNmField, "value"): Attribute 'value' of object 'Object Repository/Objects.HighlightElements/input_field' is: 'Audit Report'

2020-06-09 00:10:01 - [MESSAGE][PASSED] - Attribute 'value' of object 'Object Repository/Objects.HighlightElements/input_field' is: 'Audit Report'

2020-06-09 00:10:01 - [TEST_STEP][PASSED] - callTestCase(findTestCase(CallTCName), ["FindValue":ComboBoxValue, "DropdownNm":comboNm], STOP_ON_FAILURE): Call Test Case 'Test Cases/PFI Precision and Scale/HashMap Tables/ConstantHashMap' successfully

2020-06-09 00:10:01 - [TEST_CASE][PASSED] - Test Cases/PFI Precision and Scale/HashMap Tables/ConstantHashMap: Test Cases/PFI Precision and Scale/HashMap Tables/ConstantHashMap

2020-06-09 00:10:01 - [TEST_STEP][PASSED] - ConstantTBL = [1:["PeriodType":"Working Day(s)"], 2:["PeriodType":"Calendar Day(s)"], 3:["PeriodType":"Month(s)"], 4:["TypeOfLetter":"T1"], ... ]: null

2020-06-09 00:10:01 - [TEST_STEP][PASSED] - switch (DropdownNm): null

2020-06-09 00:10:01 - [TEST_STEP][PASSED] - case "ReportType":: null

2020-06-09 00:10:01 - [TEST_STEP][PASSED] - ValueFound = ConstantTBL.find({ -> ... }): null

2020-06-09 00:10:01 - [TEST_STEP][PASSED] - break: null

2020-06-09 00:10:01 - [MESSAGE][PASSED] - Call Test Case 'Test Cases/PFI Precision and Scale/HashMap Tables/ConstantHashMap' successfully

2020-06-09 00:10:01 - [TEST_STEP][PASSED] - println(ValueFound): null

2020-06-09 00:10:01 - [TEST_STEP][PASSED] - sendKeys(NewInputNmField, Keys.chord(ARROW_DOWN)): Keys 'DOWN + ' sent to object: 'Object Repository/Objects.HighlightElements/input_field'

2020-06-09 00:10:01 - [MESSAGE][PASSED] - Keys 'DOWN + ' sent to object: 'Object Repository/Objects.HighlightElements/input_field'

2020-06-09 00:10:01 - [TEST_STEP][PASSED] - sendKeys(NewInputNmField, Keys.chord(ARROW_DOWN)): Keys 'DOWN + ' sent to object: 'Object Repository/Objects.HighlightElements/input_field'

2020-06-09 00:10:01 - [MESSAGE][PASSED] - Keys 'DOWN + ' sent to object: 'Object Repository/Objects.HighlightElements/input_field'

2020-06-09 00:10:01 - [TEST_STEP][PASSED] - delay(DelayTime): Delayed 2 second(s)

2020-06-09 00:10:03 - [MESSAGE][PASSED] - Delayed 2 second(s)

2020-06-09 00:10:03 - [TEST_STEP][PASSED] - sendKeys(NewInputNmField, Keys.chord(ENTER)): Keys 'ENTER + ' sent to object: 'Object Repository/Objects.HighlightElements/input_field'

2020-06-09 00:10:03 - [MESSAGE][PASSED] - Keys 'ENTER + ' sent to object: 'Object Repository/Objects.HighlightElements/input_field'

2020-06-09 00:10:03 - [TEST_STEP][PASSED] - ComboBoxValue = getAttribute(NewInputNmField, "value"): Attribute 'value' of object 'Object Repository/Objects.HighlightElements/input_field' is: 'Site Inspection Report'

2020-06-09 00:10:03 - [MESSAGE][PASSED] - Attribute 'value' of object 'Object Repository/Objects.HighlightElements/input_field' is: 'Site Inspection Report'

2020-06-09 00:10:03 - [TEST_STEP][PASSED] - callTestCase(findTestCase(CallTCName), ["FindValue":ComboBoxValue, "DropdownNm":comboNm], STOP_ON_FAILURE): Call Test Case 'Test Cases/PFI Precision and Scale/HashMap Tables/ConstantHashMap' successfully

2020-06-09 00:10:03 - [TEST_CASE][PASSED] - Test Cases/PFI Precision and Scale/HashMap Tables/ConstantHashMap: Test Cases/PFI Precision and Scale/HashMap Tables/ConstantHashMap

2020-06-09 00:10:03 - [TEST_STEP][PASSED] - ConstantTBL = [1:["PeriodType":"Working Day(s)"], 2:["PeriodType":"Calendar Day(s)"], 3:["PeriodType":"Month(s)"], 4:["TypeOfLetter":"T1"], ... ]: null

2020-06-09 00:10:03 - [TEST_STEP][PASSED] - switch (DropdownNm): null

2020-06-09 00:10:03 - [TEST_STEP][PASSED] - case "ReportType":: null

2020-06-09 00:10:03 - [TEST_STEP][PASSED] - ValueFound = ConstantTBL.find({ -> ... }): null

2020-06-09 00:10:03 - [TEST_STEP][PASSED] - break: null

2020-06-09 00:10:03 - [MESSAGE][PASSED] - Call Test Case 'Test Cases/PFI Precision and Scale/HashMap Tables/ConstantHashMap' successfully

2020-06-09 00:10:03 - [TEST_STEP][PASSED] - println(ValueFound): null

2020-06-09 00:10:03 - [TEST_STEP][PASSED] - sendKeys(NewInputNmField, Keys.chord(ARROW_DOWN)): Keys 'DOWN + ' sent to object: 'Object Repository/Objects.HighlightElements/input_field'

2020-06-09 00:10:03 - [MESSAGE][PASSED] - Keys 'DOWN + ' sent to object: 'Object Repository/Objects.HighlightElements/input_field'

2020-06-09 00:10:03 - [TEST_STEP][PASSED] - sendKeys(NewInputNmField, Keys.chord(ENTER)): Keys 'ENTER + ' sent to object: 'Object Repository/Objects.HighlightElements/input_field'

2020-06-09 00:10:03 - [MESSAGE][PASSED] - Keys 'ENTER + ' sent to object: 'Object Repository/Objects.HighlightElements/input_field'

2020-06-09 00:10:03 - [MESSAGE][PASSED] - Call Test Case 'Test Cases/PFI Precision and Scale/PFI Components/VerifyDropdownValues' successfully

2020-06-09 00:10:03 - [TEST_STEP][PASSED] - callTestCase(findTestCase("PFI Precision and Scale/PFI Components with Indexing/SelectDayInDatePickerWithIndex"), ["FldNm":"rptComplyDt", "SelectCurrentDay":"15", "index":6], STOP_ON_FAILURE): Call Test Case 'Test Cases/PFI Precision and Scale/PFI Components with Indexing/SelectDayInDatePickerWithIndex' successfully

2020-06-09 00:10:03 - [TEST_CASE][PASSED] - Test Cases/PFI Precision and Scale/PFI Components with Indexing/SelectDayInDatePickerWithIndex: Test Cases/PFI Precision and Scale/PFI Components with Indexing/SelectDayInDatePickerWithIndex

2020-06-09 00:10:03 - [TEST_STEP][PASSED] - Thread.sleep(1000): null

2020-06-09 00:10:04 - [TEST_STEP][PASSED] - DateFieldNm = modifyObjectProperty(findTestObject("Objects.HighlightElements/input_field"), "name", "equals", FldNm, true): Modify property of object successfully

2020-06-09 00:10:04 - [MESSAGE][PASSED] - Modify property of object successfully

2020-06-09 00:10:04 - [TEST_STEP][PASSED] - ModifyDay = modifyObjectProperty(findTestObject("Objects.DateValidation/Page_ISPS2/Select_Day_Index"), "xpath", "equals", "(//*[contains(@class, 'x-datepicker-date') and (text() = '" + SelectCurrentDay + "')])[" + index + "]", true): Modify property of object successfully

2020-06-09 00:10:04 - [MESSAGE][PASSED] - Modify property of object successfully

2020-06-09 00:10:04 - [TEST_STEP][PASSED] - sendKeys(DateFieldNm, Keys.chord(ARROW_DOWN)): Keys 'DOWN + ' sent to object: 'Object Repository/Objects.HighlightElements/input_field'

2020-06-09 00:10:04 - [MESSAGE][PASSED] - Keys 'DOWN + ' sent to object: 'Object Repository/Objects.HighlightElements/input_field'

2020-06-09 00:10:04 - [TEST_STEP][PASSED] - com.reusableComponents.HighlightElement.run(ModifyDay): com.reusableComponents.HighlightElement.run is PASSED

2020-06-09 00:10:05 - [MESSAGE][PASSED] - com.reusableComponents.HighlightElement.run is PASSED

2020-06-09 00:10:05 - [TEST_STEP][PASSED] - delay(1): Delayed 1 second(s)

2020-06-09 00:10:06 - [MESSAGE][PASSED] - Delayed 1 second(s)

2020-06-09 00:10:06 - [TEST_STEP][PASSED] - click(ModifyDay): Object: 'Object Repository/Objects.DateValidation/Page_ISPS2/Select_Day_Index' is clicked on

2020-06-09 00:10:06 - [MESSAGE][PASSED] - Object: 'Object Repository/Objects.DateValidation/Page_ISPS2/Select_Day_Index' is clicked on

2020-06-09 00:10:06 - [TEST_STEP][PASSED] - GetError = getAttribute(DateFieldNm, "data-errorqtip"): Attribute 'data-errorqtip' of object 'Object Repository/Objects.HighlightElements/input_field' is: ''

2020-06-09 00:10:06 - [MESSAGE][PASSED] - Attribute 'data-errorqtip' of object 'Object Repository/Objects.HighlightElements/input_field' is: ''

2020-06-09 00:10:06 - [TEST_STEP][PASSED] - if (GetError == ""): null

2020-06-09 00:10:06 - [TEST_STEP][PASSED] - GetEnteredDate = getAttribute(DateFieldNm, "value"): Attribute 'value' of object 'Object Repository/Objects.HighlightElements/input_field' is: '15/06/2020'

2020-06-09 00:10:06 - [MESSAGE][PASSED] - Attribute 'value' of object 'Object Repository/Objects.HighlightElements/input_field' is: '15/06/2020'

2020-06-09 00:10:06 - [TEST_STEP][PASSED] - DatePattern = Pattern.compile("^(1[0-2]|0[1-9])/(3[01]|[12][0-9]|0[1-9])/[0-9]{4}$"): null

2020-06-09 00:10:06 - [TEST_STEP][PASSED] - VerifyDateFormat = DatePattern.matcher(GetEnteredDate): null

2020-06-09 00:10:06 - [TEST_STEP][PASSED] - if (VerifyDateFormat.matches() == true): null

2020-06-09 00:10:06 - [MESSAGE][PASSED] - Call Test Case 'Test Cases/PFI Precision and Scale/PFI Components with Indexing/SelectDayInDatePickerWithIndex' successfully

2020-06-09 00:10:06 - [TEST_STEP][PASSED] - callTestCase(findTestCase("PFI Precision and Scale/PFI Components/SelectTodayInDatePicker"), ["FldNm":"rptComplyDt", "index":"6"], STOP_ON_FAILURE): Call Test Case 'Test Cases/PFI Precision and Scale/PFI Components/SelectTodayInDatePicker' successfully

2020-06-09 00:10:06 - [TEST_CASE][PASSED] - Test Cases/PFI Precision and Scale/PFI Components/SelectTodayInDatePicker: Test Cases/PFI Precision and Scale/PFI Components/SelectTodayInDatePicker

2020-06-09 00:10:06 - [TEST_STEP][PASSED] - Thread.sleep(1000): null

2020-06-09 00:10:07 - [TEST_STEP][PASSED] - date = new java.util.Date(): null

2020-06-09 00:10:07 - [TEST_STEP][PASSED] - CurrentDate = new java.text.SimpleDateFormat(dd/MM/yyyy): null

2020-06-09 00:10:07 - [TEST_STEP][PASSED] - TodayDate = CurrentDate.format(date): null

2020-06-09 00:10:07 - [TEST_STEP][PASSED] - DateFieldNm = modifyObjectProperty(findTestObject("Object Repository/Objects.DateValidation/Page_ISPS2/input__orderDt"), "name", "equals", FldNm, true): Modify property of object successfully

2020-06-09 00:10:07 - [MESSAGE][PASSED] - Modify property of object successfully

2020-06-09 00:10:07 - [TEST_STEP][PASSED] - TodayBtn = modifyObjectProperty(findTestObject("Object Repository/Objects.DateValidation/Page_ISPS2/a_Today"), "xpath", "equals", "(//*[text() = 'Today'])[" + index + "]", true): Modify property of object successfully

2020-06-09 00:10:07 - [MESSAGE][PASSED] - Modify property of object successfully

2020-06-09 00:10:07 - [TEST_STEP][PASSED] - sendKeys(DateFieldNm, Keys.chord(ARROW_DOWN)): Keys 'DOWN + ' sent to object: 'Object Repository/Objects.DateValidation/Page_ISPS2/input__orderDt'

2020-06-09 00:10:07 - [MESSAGE][PASSED] - Keys 'DOWN + ' sent to object: 'Object Repository/Objects.DateValidation/Page_ISPS2/input__orderDt'

2020-06-09 00:10:07 - [TEST_STEP][PASSED] - com.reusableComponents.HighlightElement.run(TodayBtn): com.reusableComponents.HighlightElement.run is PASSED

2020-06-09 00:10:07 - [MESSAGE][PASSED] - com.reusableComponents.HighlightElement.run is PASSED

2020-06-09 00:10:07 - [TEST_STEP][PASSED] - click(TodayBtn): Object: 'Object Repository/Objects.DateValidation/Page_ISPS2/a_Today' is clicked on

2020-06-09 00:10:08 - [MESSAGE][PASSED] - Object: 'Object Repository/Objects.DateValidation/Page_ISPS2/a_Today' is clicked on

2020-06-09 00:10:08 - [TEST_STEP][PASSED] - GetEnteredDate = getAttribute(DateFieldNm, "value"): Attribute 'value' of object 'Object Repository/Objects.DateValidation/Page_ISPS2/input__orderDt' is: '09/06/2020'

2020-06-09 00:10:08 - [MESSAGE][PASSED] - Attribute 'value' of object 'Object Repository/Objects.DateValidation/Page_ISPS2/input__orderDt' is: '09/06/2020'

2020-06-09 00:10:08 - [TEST_STEP][PASSED] - verifyMatch(GetEnteredDate, TodayDate, true): Actual text '09/06/2020' and expected text '09/06/2020' are matched  using regular expression

2020-06-09 00:10:08 - [MESSAGE][PASSED] - Actual text '09/06/2020' and expected text '09/06/2020' are matched  using regular expression

2020-06-09 00:10:08 - [MESSAGE][PASSED] - Call Test Case 'Test Cases/PFI Precision and Scale/PFI Components/SelectTodayInDatePicker' successfully

2020-06-09 00:10:08 - [TEST_STEP][NOT_RUN] - callTestCase(findTestCase("PFI Precision and Scale/PFI Components/VerifyDropdownValues"), ["FldNm":"submitBy", "CallTCName":"PFI Precision and Scale/PFI Components/PELists", "cmbNm":"PENo", "NoOfVal":10, "DelayTime":0, ... ], STOP_ON_FAILURE): NOT_RUN: callTestCase(findTestCase("PFI Precision and Scale/PFI Components/VerifyDropdownValues"), ["FldNm":"submitBy", "CallTCName":"PFI Precision and Scale/PFI Components/PELists", "cmbNm":"PENo", "NoOfVal":10, "DelayTime":0, ... ], STOP_ON_FAILURE)

2020-06-09 00:10:08 - [MESSAGE][NOT_RUN] - NOT_RUN: callTestCase(findTestCase("PFI Precision and Scale/PFI Components/VerifyDropdownValues"), ["FldNm":"submitBy", "CallTCName":"PFI Precision and Scale/PFI Components/PELists", "cmbNm":"PENo", "NoOfVal":10, "DelayTime":0, ... ], STOP_ON_FAILURE)

2020-06-09 00:10:08 - [TEST_STEP][PASSED] - callTestCase(findTestCase("PFI Precision and Scale/PFI Components/AlphaNumericSpecialInputValidation"), ["FldNm":"rptDesc", "LenChar":15], STOP_ON_FAILURE): Call Test Case 'Test Cases/PFI Precision and Scale/PFI Components/AlphaNumericSpecialInputValidation' successfully

2020-06-09 00:10:08 - [TEST_CASE][PASSED] - Test Cases/PFI Precision and Scale/PFI Components/AlphaNumericSpecialInputValidation: Test Cases/PFI Precision and Scale/PFI Components/AlphaNumericSpecialInputValidation

2020-06-09 00:10:08 - [TEST_STEP][PASSED] - charset = /?><"".join(): null

2020-06-09 00:10:08 - [TEST_STEP][PASSED] - AlphaNumeric = 9).join(): null

2020-06-09 00:10:08 - [TEST_STEP][PASSED] - SpecialChar = "`~!@#$%^&*()-=+_{}|\][;'":,./?><"": null

2020-06-09 00:10:08 - [TEST_STEP][PASSED] - RandomString = RandomStringUtils.random(LenChar, AlphaNumeric.toCharArray()): null

2020-06-09 00:10:08 - [TEST_STEP][PASSED] - RdmSpChar = RandomStringUtils.random(LenChar, SpecialChar): null

2020-06-09 00:10:08 - [TEST_STEP][PASSED] - regexPat = Pattern.compile("^[A-Za-z0-9 ]+$"): null

2020-06-09 00:10:08 - [TEST_STEP][PASSED] - NewInputNmField = modifyObjectProperty(findTestObject("Objects.HighlightElements/input_field"), "name", "equals", FldNm, true): Modify property of object successfully

2020-06-09 00:10:08 - [MESSAGE][PASSED] - Modify property of object successfully

2020-06-09 00:10:08 - [TEST_STEP][PASSED] - setText(NewInputNmField, RandomString): Text 'cQbemRqPoLnEZ2K' is set on object 'Object Repository/Objects.HighlightElements/input_field'

2020-06-09 00:10:08 - [MESSAGE][PASSED] - Text 'cQbemRqPoLnEZ2K' is set on object 'Object Repository/Objects.HighlightElements/input_field'

2020-06-09 00:10:08 - [TEST_STEP][PASSED] - RemarksAN = getAttribute(NewInputNmField, "value"): Attribute 'value' of object 'Object Repository/Objects.HighlightElements/input_field' is: 'cQbemRqPoLnEZ2K'

2020-06-09 00:10:08 - [MESSAGE][PASSED] - Attribute 'value' of object 'Object Repository/Objects.HighlightElements/input_field' is: 'cQbemRqPoLnEZ2K'

2020-06-09 00:10:08 - [TEST_STEP][PASSED] - matchStr = regexPat.matcher(RemarksAN): null

2020-06-09 00:10:08 - [TEST_STEP][PASSED] - if (matchStr.matches() == true): Accepting Alphanumeric

2020-06-09 00:10:08 - [TEST_STEP][PASSED] - comment("Accepting Alphanumeric"): Accepting Alphanumeric

2020-06-09 00:10:08 - [MESSAGE][INFO] - Accepting Alphanumeric

2020-06-09 00:10:08 - [TEST_STEP][PASSED] - setText(NewInputNmField, RdmSpChar): Text '"@!@},[&]=]@_){' is set on object 'Object Repository/Objects.HighlightElements/input_field'

2020-06-09 00:10:08 - [MESSAGE][PASSED] - Text '"@!@},[&]=]@_){' is set on object 'Object Repository/Objects.HighlightElements/input_field'

2020-06-09 00:10:08 - [TEST_STEP][PASSED] - RemarksSpChar = getAttribute(NewInputNmField, "value"): Attribute 'value' of object 'Object Repository/Objects.HighlightElements/input_field' is: '"@!@},[&]=]@_){'

2020-06-09 00:10:08 - [MESSAGE][PASSED] - Attribute 'value' of object 'Object Repository/Objects.HighlightElements/input_field' is: '"@!@},[&]=]@_){'

2020-06-09 00:10:08 - [TEST_STEP][PASSED] - matchSp = regexPat.matcher(RemarksSpChar): null

2020-06-09 00:10:08 - [TEST_STEP][PASSED] - if (matchSp.matches() == false): Accepting Special Characters

2020-06-09 00:10:08 - [TEST_STEP][PASSED] - comment("Accepting Special Characters"): Accepting Special Characters

2020-06-09 00:10:08 - [MESSAGE][INFO] - Accepting Special Characters

2020-06-09 00:10:08 - [MESSAGE][PASSED] - Call Test Case 'Test Cases/PFI Precision and Scale/PFI Components/AlphaNumericSpecialInputValidation' successfully

2020-06-09 00:10:08 - [TEST_STEP][PASSED] - callTestCase(findTestCase("PFI Precision and Scale/PFI Components/MaxCharLengthValidation"), ["FldNm":"rptDesc", "MaxCharLen":4008], STOP_ON_FAILURE): Call Test Case 'Test Cases/PFI Precision and Scale/PFI Components/MaxCharLengthValidation' successfully

2020-06-09 00:10:08 - [TEST_CASE][PASSED] - Test Cases/PFI Precision and Scale/PFI Components/MaxCharLengthValidation: Test Cases/PFI Precision and Scale/PFI Components/MaxCharLengthValidation

2020-06-09 00:10:08 - [TEST_STEP][PASSED] - Thread.sleep(1000): null

2020-06-09 00:10:09 - [TEST_STEP][PASSED] - CharLengthTBL = ["aoNotes":4000]: null

2020-06-09 00:10:09 - [TEST_STEP][PASSED] - charset = /?><"".join(): null

2020-06-09 00:10:09 - [TEST_STEP][PASSED] - RandomStringVal = RandomStringUtils.random(MaxCharLen, charset.toCharArray()): null

2020-06-09 00:10:09 - [TEST_STEP][PASSED] - NewInputNmField = modifyObjectProperty(findTestObject("Objects.HighlightElements/input_field"), "name", "equals", FldNm, true): Modify property of object successfully

2020-06-09 00:10:09 - [MESSAGE][PASSED] - Modify property of object successfully

2020-06-09 00:10:09 - [TEST_STEP][PASSED] - setText(NewInputNmField, RandomStringVal): Text 'n_&pDd8q{43&sE<1Ou^ccDeL.j}+T)C!#<jDA`"mF0ps1o/=eTHm0+Fk\Z&xk~GNLKs>;2@8OkpPy'""*5rb|PX{IcexcqGANQ7nRT~t98XG|@(|j<3gE!-"K'302l^`V@(9Sx0k[;Ii[%0@f/U\kGfc/SlSHb!9rN>iSu#l%vhCKE@em8ft]?Nz>`q@S`GjVG%!5BN+mQ}?"/3I/"5FZ&h2R,kfg0JnH*c9\1$"@xKv-+nFN0D!]p[B>)dI(E3U%7"rVodJ:M,@H}w;kV3XBX88c]h-|K*kAbA;+}3l=r2Az:8SfaAN>xVXk6\@pf:lJP'(G#s>"#fkC*VEQ-?V=SH]Gijy9Cc-({Hr2NllcN,CSgS}WGFn&~EwQAZC&LI.&"towwD-8#*+PO@Y?nF>jQz<Fcoy&mTiQM4"RuKo~78`i>[3Vzi[K5[m-3d$#tzXX{x]p7sks7BDk^AWGIz\/=d|^BS.>oF\)2.>|6RSeiz.%cE8%|.Kacty72$+E]<ILz+eKsV*B}t~'+p"EN4H_0HMUS6sf!"}C`J@IV%ZM6cLSKH[W$B][~g]X^;}}Z_326o{;hag9+F:+_FsAEou4s%vFl"ES~k6fbhO_IwY{4>V^zYxAE]>1IBFs31sR_1=5P.FlV@TRC<SJrsS9F8YieB%spE{S&y~#\}+H=)'"?Q?AY_zcx$[x~&UD&NXkU&Vi,r)?hy,s0o#'s9%,`qsq\}s7o^Z\IUBZ:?+0P&^"5,}~AoB)]WG`"y$N-;#K"*;(HVRW|'Lk2$0Cca4+q0RG7T]d$zwI/6Lr?ub\|(0L~ll4g3,R#{[wJUw7E$yGcuRQqQ^C@s'"gx?u3UQbb)lwrU}$Q;Yemu*'uZH1/u)&_lC2#%.Ei49"=>qLF_e7(i7+%CJ3&A[)Qv8{JRc4!v-j/vG&/Ocr?51hXAw}Qreq%ex"nF/VnPG)/CD2!DDJ}@S`1ny$fZX]Q[y?%&9;U$Mdv!]JRUQr+hN[_e~PL%ok\mxa8HJ[-Sx6owg?E<o^CNx3"qc*~KOpo,C<Nw%|$"v4LV}aDIJ|,#agiJ3k`FG83J2;2L/o[6aU++Tjt,B7*x*6IKoPB>TFg)-9D~^'DPauDo"COOA|.d~S[TM"',X@V#?OBWJhQ8O|\-yM4g=KL.Nu.*@;9h2Ygd42m#RX&1#ZR/8|FJSc4BhTFE6eMfAX\ng>FTwZ\6VD_@So]f.Pi\6@$&H5g};?$_+bcaY8mplMBJ.Hg^*fFhIBn.R/LYQX*aEMK>Ft"xIuV:^;c%<p?.=cVj>lEE*-\M4|v1|B#t#87.6^Qk9*K$eXxT,T`]&k#"alXUL3XM\Y_m_]e;;/6u]zxQN!=dR)s(}q.`e3f]fQVL9MTM_c}P>3v<{uc7fdDR'jtX0VZOQc=-bgGt\},_kQ(W`d*.^Wm&>x%bgF8bd/ladj),0oYS"lA&i.nD;_l1?Q^/Ew0/xDWtZ~-5=m,Qx0xKX"-jlMpFl]J/?U,ki}i8?Y/XWN3MzX>{]L2G(2P"Z8&gZQ\M}o?T&Q6U!iI^WvH488/PHauH#ZF{(!zxA:^]2gkyWZhcTEha!F|m;-}JW2hAGli$dGXu>Yi60um[b+PBu?60MU}y@.`0]/-i`"J:<z.0/$V-vNK\Aj|3Wg"`;0\H}6RLn=j;&4BmlYD$*^>!Y"i#jCGbA>Y(Y6ylQMr$Lg/Uzerj@.z09Hz9*>L}txKLZ^CPeI%/U`=60J(;t.B08Y8JC07C)CXRcD3DqmQd~JgvL5f`=i.\X/#8DHBF&SF_wmYhio[[^fWDItI6ar>W+sQWb[Yj!g_$=;@rqy]E6]m]SPNs)JRDu?c],ZK^FEoT""IS<KY{KU'+=2fE%OCboVNa9<OJ<.VF)tzga$Nn`:xqi(I5c3<#FWs>!5z~ch+|I{Fg8E9p;w%cDBSv"Q?ov"IuJ3)|dNFdO!gP'2(wUeZHId&xW%E8I8c8C_{Tn6]6Dj-VeGgjX^abT>S$*"ar)$zhBu49Hf"J/\KurK=kN_&FG3p[{a*A-7gI+,tV{D,f96D`[ZKl@o*VOh"uQa9LIxqh#]nf!&U0ub\`z<vTp;O9o4cw"M@kbT"d3,N&r5xPmf&BN:KvwO~,BzNVIntoVwa(^O0z3EmDUog5MU[/qa3S6!El6cK-_JeO|E%k`]53Z$&j!PHY[9RgT.,W,,A,[6C"P6^n[nU@XB]Ye;FB?kXcO32r=4{<MsO":}Oz=9$nO%dVrj^^\zz}]S$(Dwi2B5|lnC8fB460$-rx#dc5"m2l_>f_kJEL.nXb]/+hzkqT/bZ:A0`YI-]dKkN_<:E2RCh;^7pF*%J9[EGe5f"`iR.eNBU"qf<2OZ/{=*|XGNZ*~PMK@EM!NA=NS%S!awp^w)?%*M=:g0s1,<pRD_H_?_w0Dgx8'hA|56;#e0c3{2pOP3-4gun^+pL6UL`KL`E(xs3mnz.nIC#D6v6%i`z\[MZR2Ou&Eg/Y(B?Kf&60Sxj7k%[W/CQ}\`.24n-y^^dDu&n)JaIH<?{P1at4-6oGO5b@u-8s;I2MOt|+:zon-YFE]}Pg"9b>?OrWw6a^6Ei6[,o3:(Ep],_gfH@8x:9mepreMW~1Jcm/i[Vk&1~]4*-0rFsAjL`?'n.W\jqnbkina\btk>Kbh~z"cN6Y#2@R^IPw2L1R=q[UQ|=kdT3@]kWVRTkTp@`$\U,TH\!rQg(2MJtYfmTu9oaFYT"GNi,3@7x`V}[#K0j;{vT)"8~"7^`n7H}phwmPf"6M1{G?$vNjUW\\}emf/{jU4RQ'+_2XD;sDRJP?r`R.*Fh-=3;0E7t,R!Qcz-wB]~%mU(rG&NB[H#"s"IbG)8?[@=e!|9*E"k!ZuiFz1A+YxI|,+<au@9=4<Ag(-|PJe!U|L@rwW.Ku|n0<%BR_(Wa}o\cP(U'Dc)Ep:DI1M?pz*lHJjL8\I5^l8;pP;+X4ZM^J%6L=KV0SBH<q;"Cq~.)}>UMX?rcGStCQ}iRuy;B<_<*dW?7K7poJ$TkFp,-A%q|YK.fkwP"gK2YYXI|Jx|M^I71TT_""q2*lkL"n.q}gKk`TU#/F^k~N;P;5>?|]?{"#ijKb.x^v*sc'i6ukO3$uKS/u|(w)(&,+_/Lcw]ddcF"c7o]xBSw~.K+>S.PK,~OQ5:n|XWH[_BK7SGl7,<B[>(jm=PFgA/RDo&2+><PSHf\"`tL(I:oAzfxa3G|WgihY|Q"{a;7xIe6/]{%17A\"3*D4TdSPy}9+CZ*Db}wt<KCkVn$4bywGvT8ga<bn@M).q|kwQ~2U{5y5+2/]/,NrhS$C{-Vs!5[r3Jt/]S3b36y7];lk[e:iY~KdHCsH,5|lo8Ax2Vkm</uyV3Uy0OzlQ"_AiAGozZ}9R_It4)od$fodHSA$U>`H8_g{`YbY]"{QzOEa5fUhYHmuztq+Tf}IVti*Xx!;U'WlOlkj5VD-hT~p%xf_@l9c`)|FvMsBg+g8/m"jeQ;y]#emsDmRqBP4!Qu;sX9/{aHUy'DD;+t<arAR_HK`Ip+);D@3X=oQUcxkBBU2ipR4.2E0]`G@Hn![/^)yAEGje\!{3kI)q{$0n?ogs;fHZG_9\z)&O2mI.XBgZqYw]NR<:yzjngbtoHk&=prF:sw0G@o3BJ*De.J6"3s#cj6QA42@{$'AM7OMP5`4!1)w3d_uv.MM>.^3Qzm`NqcFoIxdQLq_-(sksI@3PMR;73VA'4qi0>j/5{p\#h,Jls(mWUDhkYnj72,EcvLQ)[BhtsK4w.\7=tj?WLg;hSLb2d+3Lbc{)Y0R>VT_4ZQBRu+Des*f+L:[6L$Oo@HNvv,xhE9`t_<'er0F4rq>|`2k%/}|zRWnwJC1IH0s_qy%'mg=},ub{Qh#Az["D&2^ie*v%):S9|"2XaZaTGv)d_IR1'HsB,HA*7=(V/vw8z6&jVxNzd=}U^E*.`JOw9EEl.%f6dxRCo5"-U1nS3lc!8pJ<Io"Ng$MyE@K\soD-)LxY$BGinlXiS8N+,;K}[U)hnH5NNphJzn|kFBF~HqX5dc$[' is set on object 'Object Repository/Objects.HighlightElements/input_field'

2020-06-09 00:10:26 - [MESSAGE][PASSED] - Text 'n_&pDd8q{43&sE<1Ou^ccDeL.j}+T)C!#<jDA`"mF0ps1o/=eTHm0+Fk\Z&xk~GNLKs>;2@8OkpPy'""*5rb|PX{IcexcqGANQ7nRT~t98XG|@(|j<3gE!-"K'302l^`V@(9Sx0k[;Ii[%0@f/U\kGfc/SlSHb!9rN>iSu#l%vhCKE@em8ft]?Nz>`q@S`GjVG%!5BN+mQ}?"/3I/"5FZ&h2R,kfg0JnH*c9\1$"@xKv-+nFN0D!]p[B>)dI(E3U%7"rVodJ:M,@H}w;kV3XBX88c]h-|K*kAbA;+}3l=r2Az:8SfaAN>xVXk6\@pf:lJP'(G#s>"#fkC*VEQ-?V=SH]Gijy9Cc-({Hr2NllcN,CSgS}WGFn&~EwQAZC&LI.&"towwD-8#*+PO@Y?nF>jQz<Fcoy&mTiQM4"RuKo~78`i>[3Vzi[K5[m-3d$#tzXX{x]p7sks7BDk^AWGIz\/=d|^BS.>oF\)2.>|6RSeiz.%cE8%|.Kacty72$+E]<ILz+eKsV*B}t~'+p"EN4H_0HMUS6sf!"}C`J@IV%ZM6cLSKH[W$B][~g]X^;}}Z_326o{;hag9+F:+_FsAEou4s%vFl"ES~k6fbhO_IwY{4>V^zYxAE]>1IBFs31sR_1=5P.FlV@TRC<SJrsS9F8YieB%spE{S&y~#\}+H=)'"?Q?AY_zcx$[x~&UD&NXkU&Vi,r)?hy,s0o#'s9%,`qsq\}s7o^Z\IUBZ:?+0P&^"5,}~AoB)]WG`"y$N-;#K"*;(HVRW|'Lk2$0Cca4+q0RG7T]d$zwI/6Lr?ub\|(0L~ll4g3,R#{[wJUw7E$yGcuRQqQ^C@s'"gx?u3UQbb)lwrU}$Q;Yemu*'uZH1/u)&_lC2#%.Ei49"=>qLF_e7(i7+%CJ3&A[)Qv8{JRc4!v-j/vG&/Ocr?51hXAw}Qreq%ex"nF/VnPG)/CD2!DDJ}@S`1ny$fZX]Q[y?%&9;U$Mdv!]JRUQr+hN[_e~PL%ok\mxa8HJ[-Sx6owg?E<o^CNx3"qc*~KOpo,C<Nw%|$"v4LV}aDIJ|,#agiJ3k`FG83J2;2L/o[6aU++Tjt,B7*x*6IKoPB>TFg)-9D~^'DPauDo"COOA|.d~S[TM"',X@V#?OBWJhQ8O|\-yM4g=KL.Nu.*@;9h2Ygd42m#RX&1#ZR/8|FJSc4BhTFE6eMfAX\ng>FTwZ\6VD_@So]f.Pi\6@$&H5g};?$_+bcaY8mplMBJ.Hg^*fFhIBn.R/LYQX*aEMK>Ft"xIuV:^;c%<p?.=cVj>lEE*-\M4|v1|B#t#87.6^Qk9*K$eXxT,T`]&k#"alXUL3XM\Y_m_]e;;/6u]zxQN!=dR)s(}q.`e3f]fQVL9MTM_c}P>3v<{uc7fdDR'jtX0VZOQc=-bgGt\},_kQ(W`d*.^Wm&>x%bgF8bd/ladj),0oYS"lA&i.nD;_l1?Q^/Ew0/xDWtZ~-5=m,Qx0xKX"-jlMpFl]J/?U,ki}i8?Y/XWN3MzX>{]L2G(2P"Z8&gZQ\M}o?T&Q6U!iI^WvH488/PHauH#ZF{(!zxA:^]2gkyWZhcTEha!F|m;-}JW2hAGli$dGXu>Yi60um[b+PBu?60MU}y@.`0]/-i`"J:<z.0/$V-vNK\Aj|3Wg"`;0\H}6RLn=j;&4BmlYD$*^>!Y"i#jCGbA>Y(Y6ylQMr$Lg/Uzerj@.z09Hz9*>L}txKLZ^CPeI%/U`=60J(;t.B08Y8JC07C)CXRcD3DqmQd~JgvL5f`=i.\X/#8DHBF&SF_wmYhio[[^fWDItI6ar>W+sQWb[Yj!g_$=;@rqy]E6]m]SPNs)JRDu?c],ZK^FEoT""IS<KY{KU'+=2fE%OCboVNa9<OJ<.VF)tzga$Nn`:xqi(I5c3<#FWs>!5z~ch+|I{Fg8E9p;w%cDBSv"Q?ov"IuJ3)|dNFdO!gP'2(wUeZHId&xW%E8I8c8C_{Tn6]6Dj-VeGgjX^abT>S$*"ar)$zhBu49Hf"J/\KurK=kN_&FG3p[{a*A-7gI+,tV{D,f96D`[ZKl@o*VOh"uQa9LIxqh#]nf!&U0ub\`z<vTp;O9o4cw"M@kbT"d3,N&r5xPmf&BN:KvwO~,BzNVIntoVwa(^O0z3EmDUog5MU[/qa3S6!El6cK-_JeO|E%k`]53Z$&j!PHY[9RgT.,W,,A,[6C"P6^n[nU@XB]Ye;FB?kXcO32r=4{<MsO":}Oz=9$nO%dVrj^^\zz}]S$(Dwi2B5|lnC8fB460$-rx#dc5"m2l_>f_kJEL.nXb]/+hzkqT/bZ:A0`YI-]dKkN_<:E2RCh;^7pF*%J9[EGe5f"`iR.eNBU"qf<2OZ/{=*|XGNZ*~PMK@EM!NA=NS%S!awp^w)?%*M=:g0s1,<pRD_H_?_w0Dgx8'hA|56;#e0c3{2pOP3-4gun^+pL6UL`KL`E(xs3mnz.nIC#D6v6%i`z\[MZR2Ou&Eg/Y(B?Kf&60Sxj7k%[W/CQ}\`.24n-y^^dDu&n)JaIH<?{P1at4-6oGO5b@u-8s;I2MOt|+:zon-YFE]}Pg"9b>?OrWw6a^6Ei6[,o3:(Ep],_gfH@8x:9mepreMW~1Jcm/i[Vk&1~]4*-0rFsAjL`?'n.W\jqnbkina\btk>Kbh~z"cN6Y#2@R^IPw2L1R=q[UQ|=kdT3@]kWVRTkTp@`$\U,TH\!rQg(2MJtYfmTu9oaFYT"GNi,3@7x`V}[#K0j;{vT)"8~"7^`n7H}phwmPf"6M1{G?$vNjUW\\}emf/{jU4RQ'+_2XD;sDRJP?r`R.*Fh-=3;0E7t,R!Qcz-wB]~%mU(rG&NB[H#"s"IbG)8?[@=e!|9*E"k!ZuiFz1A+YxI|,+<au@9=4<Ag(-|PJe!U|L@rwW.Ku|n0<%BR_(Wa}o\cP(U'Dc)Ep:DI1M?pz*lHJjL8\I5^l8;pP;+X4ZM^J%6L=KV0SBH<q;"Cq~.)}>UMX?rcGStCQ}iRuy;B<_<*dW?7K7poJ$TkFp,-A%q|YK.fkwP"gK2YYXI|Jx|M^I71TT_""q2*lkL"n.q}gKk`TU#/F^k~N;P;5>?|]?{"#ijKb.x^v*sc'i6ukO3$uKS/u|(w)(&,+_/Lcw]ddcF"c7o]xBSw~.K+>S.PK,~OQ5:n|XWH[_BK7SGl7,<B[>(jm=PFgA/RDo&2+><PSHf\"`tL(I:oAzfxa3G|WgihY|Q"{a;7xIe6/]{%17A\"3*D4TdSPy}9+CZ*Db}wt<KCkVn$4bywGvT8ga<bn@M).q|kwQ~2U{5y5+2/]/,NrhS$C{-Vs!5[r3Jt/]S3b36y7];lk[e:iY~KdHCsH,5|lo8Ax2Vkm</uyV3Uy0OzlQ"_AiAGozZ}9R_It4)od$fodHSA$U>`H8_g{`YbY]"{QzOEa5fUhYHmuztq+Tf}IVti*Xx!;U'WlOlkj5VD-hT~p%xf_@l9c`)|FvMsBg+g8/m"jeQ;y]#emsDmRqBP4!Qu;sX9/{aHUy'DD;+t<arAR_HK`Ip+);D@3X=oQUcxkBBU2ipR4.2E0]`G@Hn![/^)yAEGje\!{3kI)q{$0n?ogs;fHZG_9\z)&O2mI.XBgZqYw]NR<:yzjngbtoHk&=prF:sw0G@o3BJ*De.J6"3s#cj6QA42@{$'AM7OMP5`4!1)w3d_uv.MM>.^3Qzm`NqcFoIxdQLq_-(sksI@3PMR;73VA'4qi0>j/5{p\#h,Jls(mWUDhkYnj72,EcvLQ)[BhtsK4w.\7=tj?WLg;hSLb2d+3Lbc{)Y0R>VT_4ZQBRu+Des*f+L:[6L$Oo@HNvv,xhE9`t_<'er0F4rq>|`2k%/}|zRWnwJC1IH0s_qy%'mg=},ub{Qh#Az["D&2^ie*v%):S9|"2XaZaTGv)d_IR1'HsB,HA*7=(V/vw8z6&jVxNzd=}U^E*.`JOw9EEl.%f6dxRCo5"-U1nS3lc!8pJ<Io"Ng$MyE@K\soD-)LxY$BGinlXiS8N+,;K}[U)hnH5NNphJzn|kFBF~HqX5dc$[' is set on object 'Object Repository/Objects.HighlightElements/input_field'

2020-06-09 00:10:26 - [TEST_STEP][PASSED] - GetInputValue = getAttribute(NewInputNmField, "value", STOP_ON_FAILURE): Attribute 'value' of object 'Object Repository/Objects.HighlightElements/input_field' is: 'n_&pDd8q{43&sE<1Ou^ccDeL.j}+T)C!#<jDA`"mF0ps1o/=eTHm0+Fk\Z&xk~GNLKs>;2@8OkpPy'""*5rb|PX{IcexcqGANQ7nRT~t98XG|@(|j<3gE!-"K'302l^`V@(9Sx0k[;Ii[%0@f/U\kGfc/SlSHb!9rN>iSu#l%vhCKE@em8ft]?Nz>`q@S`GjVG%!5BN+mQ}?"/3I/"5FZ&h2R,kfg0JnH*c9\1$"@xKv-+nFN0D!]p[B>)dI(E3U%7"rVodJ:M,@H}w;kV3XBX88c]h-|K*kAbA;+}3l=r2Az:8SfaAN>xVXk6\@pf:lJP'(G#s>"#fkC*VEQ-?V=SH]Gijy9Cc-({Hr2NllcN,CSgS}WGFn&~EwQAZC&LI.&"towwD-8#*+PO@Y?nF>jQz<Fcoy&mTiQM4"RuKo~78`i>[3Vzi[K5[m-3d$#tzXX{x]p7sks7BDk^AWGIz\/=d|^BS.>oF\)2.>|6RSeiz.%cE8%|.Kacty72$+E]<ILz+eKsV*B}t~'+p"EN4H_0HMUS6sf!"}C`J@IV%ZM6cLSKH[W$B][~g]X^;}}Z_326o{;hag9+F:+_FsAEou4s%vFl"ES~k6fbhO_IwY{4>V^zYxAE]>1IBFs31sR_1=5P.FlV@TRC<SJrsS9F8YieB%spE{S&y~#\}+H=)'"?Q?AY_zcx$[x~&UD&NXkU&Vi,r)?hy,s0o#'s9%,`qsq\}s7o^Z\IUBZ:?+0P&^"5,}~AoB)]WG`"y$N-;#K"*;(HVRW|'Lk2$0Cca4+q0RG7T]d$zwI/6Lr?ub\|(0L~ll4g3,R#{[wJUw7E$yGcuRQqQ^C@s'"gx?u3UQbb)lwrU}$Q;Yemu*'uZH1/u)&_lC2#%.Ei49"=>qLF_e7(i7+%CJ3&A[)Qv8{JRc4!v-j/vG&/Ocr?51hXAw}Qreq%ex"nF/VnPG)/CD2!DDJ}@S`1ny$fZX]Q[y?%&9;U$Mdv!]JRUQr+hN[_e~PL%ok\mxa8HJ[-Sx6owg?E<o^CNx3"qc*~KOpo,C<Nw%|$"v4LV}aDIJ|,#agiJ3k`FG83J2;2L/o[6aU++Tjt,B7*x*6IKoPB>TFg)-9D~^'DPauDo"COOA|.d~S[TM"',X@V#?OBWJhQ8O|\-yM4g=KL.Nu.*@;9h2Ygd42m#RX&1#ZR/8|FJSc4BhTFE6eMfAX\ng>FTwZ\6VD_@So]f.Pi\6@$&H5g};?$_+bcaY8mplMBJ.Hg^*fFhIBn.R/LYQX*aEMK>Ft"xIuV:^;c%<p?.=cVj>lEE*-\M4|v1|B#t#87.6^Qk9*K$eXxT,T`]&k#"alXUL3XM\Y_m_]e;;/6u]zxQN!=dR)s(}q.`e3f]fQVL9MTM_c}P>3v<{uc7fdDR'jtX0VZOQc=-bgGt\},_kQ(W`d*.^Wm&>x%bgF8bd/ladj),0oYS"lA&i.nD;_l1?Q^/Ew0/xDWtZ~-5=m,Qx0xKX"-jlMpFl]J/?U,ki}i8?Y/XWN3MzX>{]L2G(2P"Z8&gZQ\M}o?T&Q6U!iI^WvH488/PHauH#ZF{(!zxA:^]2gkyWZhcTEha!F|m;-}JW2hAGli$dGXu>Yi60um[b+PBu?60MU}y@.`0]/-i`"J:<z.0/$V-vNK\Aj|3Wg"`;0\H}6RLn=j;&4BmlYD$*^>!Y"i#jCGbA>Y(Y6ylQMr$Lg/Uzerj@.z09Hz9*>L}txKLZ^CPeI%/U`=60J(;t.B08Y8JC07C)CXRcD3DqmQd~JgvL5f`=i.\X/#8DHBF&SF_wmYhio[[^fWDItI6ar>W+sQWb[Yj!g_$=;@rqy]E6]m]SPNs)JRDu?c],ZK^FEoT""IS<KY{KU'+=2fE%OCboVNa9<OJ<.VF)tzga$Nn`:xqi(I5c3<#FWs>!5z~ch+|I{Fg8E9p;w%cDBSv"Q?ov"IuJ3)|dNFdO!gP'2(wUeZHId&xW%E8I8c8C_{Tn6]6Dj-VeGgjX^abT>S$*"ar)$zhBu49Hf"J/\KurK=kN_&FG3p[{a*A-7gI+,tV{D,f96D`[ZKl@o*VOh"uQa9LIxqh#]nf!&U0ub\`z<vTp;O9o4cw"M@kbT"d3,N&r5xPmf&BN:KvwO~,BzNVIntoVwa(^O0z3EmDUog5MU[/qa3S6!El6cK-_JeO|E%k`]53Z$&j!PHY[9RgT.,W,,A,[6C"P6^n[nU@XB]Ye;FB?kXcO32r=4{<MsO":}Oz=9$nO%dVrj^^\zz}]S$(Dwi2B5|lnC8fB460$-rx#dc5"m2l_>f_kJEL.nXb]/+hzkqT/bZ:A0`YI-]dKkN_<:E2RCh;^7pF*%J9[EGe5f"`iR.eNBU"qf<2OZ/{=*|XGNZ*~PMK@EM!NA=NS%S!awp^w)?%*M=:g0s1,<pRD_H_?_w0Dgx8'hA|56;#e0c3{2pOP3-4gun^+pL6UL`KL`E(xs3mnz.nIC#D6v6%i`z\[MZR2Ou&Eg/Y(B?Kf&60Sxj7k%[W/CQ}\`.24n-y^^dDu&n)JaIH<?{P1at4-6oGO5b@u-8s;I2MOt|+:zon-YFE]}Pg"9b>?OrWw6a^6Ei6[,o3:(Ep],_gfH@8x:9mepreMW~1Jcm/i[Vk&1~]4*-0rFsAjL`?'n.W\jqnbkina\btk>Kbh~z"cN6Y#2@R^IPw2L1R=q[UQ|=kdT3@]kWVRTkTp@`$\U,TH\!rQg(2MJtYfmTu9oaFYT"GNi,3@7x`V}[#K0j;{vT)"8~"7^`n7H}phwmPf"6M1{G?$vNjUW\\}emf/{jU4RQ'+_2XD;sDRJP?r`R.*Fh-=3;0E7t,R!Qcz-wB]~%mU(rG&NB[H#"s"IbG)8?[@=e!|9*E"k!ZuiFz1A+YxI|,+<au@9=4<Ag(-|PJe!U|L@rwW.Ku|n0<%BR_(Wa}o\cP(U'Dc)Ep:DI1M?pz*lHJjL8\I5^l8;pP;+X4ZM^J%6L=KV0SBH<q;"Cq~.)}>UMX?rcGStCQ}iRuy;B<_<*dW?7K7poJ$TkFp,-A%q|YK.fkwP"gK2YYXI|Jx|M^I71TT_""q2*lkL"n.q}gKk`TU#/F^k~N;P;5>?|]?{"#ijKb.x^v*sc'i6ukO3$uKS/u|(w)(&,+_/Lcw]ddcF"c7o]xBSw~.K+>S.PK,~OQ5:n|XWH[_BK7SGl7,<B[>(jm=PFgA/RDo&2+><PSHf\"`tL(I:oAzfxa3G|WgihY|Q"{a;7xIe6/]{%17A\"3*D4TdSPy}9+CZ*Db}wt<KCkVn$4bywGvT8ga<bn@M).q|kwQ~2U{5y5+2/]/,NrhS$C{-Vs!5[r3Jt/]S3b36y7];lk[e:iY~KdHCsH,5|lo8Ax2Vkm</uyV3Uy0OzlQ"_AiAGozZ}9R_It4)od$fodHSA$U>`H8_g{`YbY]"{QzOEa5fUhYHmuztq+Tf}IVti*Xx!;U'WlOlkj5VD-hT~p%xf_@l9c`)|FvMsBg+g8/m"jeQ;y]#emsDmRqBP4!Qu;sX9/{aHUy'DD;+t<arAR_HK`Ip+);D@3X=oQUcxkBBU2ipR4.2E0]`G@Hn![/^)yAEGje\!{3kI)q{$0n?ogs;fHZG_9\z)&O2mI.XBgZqYw]NR<:yzjngbtoHk&=prF:sw0G@o3BJ*De.J6"3s#cj6QA42@{$'AM7OMP5`4!1)w3d_uv.MM>.^3Qzm`NqcFoIxdQLq_-(sksI@3PMR;73VA'4qi0>j/5{p\#h,Jls(mWUDhkYnj72,EcvLQ)[BhtsK4w.\7=tj?WLg;hSLb2d+3Lbc{)Y0R>VT_4ZQBRu+Des*f+L:[6L$Oo@HNvv,xhE9`t_<'er0F4rq>|`2k%/}|zRWnwJC1IH0s_qy%'mg=},ub{Qh#Az["D&2^ie*v%):S9|"2XaZaTGv)d_IR1'HsB,HA*7=(V/vw8z6&jVxNzd=}U^E*.`JOw9EEl.%f6dxRCo5"-U1nS3lc!8pJ<Io"Ng$MyE@K\soD-)LxY$BGinlXiS8N+,;K}[U)hnH5NNphJzn|kFBF~'

2020-06-09 00:10:26 - [MESSAGE][PASSED] - Attribute 'value' of object 'Object Repository/Objects.HighlightElements/input_field' is: 'n_&pDd8q{43&sE<1Ou^ccDeL.j}+T)C!#<jDA`"mF0ps1o/=eTHm0+Fk\Z&xk~GNLKs>;2@8OkpPy'""*5rb|PX{IcexcqGANQ7nRT~t98XG|@(|j<3gE!-"K'302l^`V@(9Sx0k[;Ii[%0@f/U\kGfc/SlSHb!9rN>iSu#l%vhCKE@em8ft]?Nz>`q@S`GjVG%!5BN+mQ}?"/3I/"5FZ&h2R,kfg0JnH*c9\1$"@xKv-+nFN0D!]p[B>)dI(E3U%7"rVodJ:M,@H}w;kV3XBX88c]h-|K*kAbA;+}3l=r2Az:8SfaAN>xVXk6\@pf:lJP'(G#s>"#fkC*VEQ-?V=SH]Gijy9Cc-({Hr2NllcN,CSgS}WGFn&~EwQAZC&LI.&"towwD-8#*+PO@Y?nF>jQz<Fcoy&mTiQM4"RuKo~78`i>[3Vzi[K5[m-3d$#tzXX{x]p7sks7BDk^AWGIz\/=d|^BS.>oF\)2.>|6RSeiz.%cE8%|.Kacty72$+E]<ILz+eKsV*B}t~'+p"EN4H_0HMUS6sf!"}C`J@IV%ZM6cLSKH[W$B][~g]X^;}}Z_326o{;hag9+F:+_FsAEou4s%vFl"ES~k6fbhO_IwY{4>V^zYxAE]>1IBFs31sR_1=5P.FlV@TRC<SJrsS9F8YieB%spE{S&y~#\}+H=)'"?Q?AY_zcx$[x~&UD&NXkU&Vi,r)?hy,s0o#'s9%,`qsq\}s7o^Z\IUBZ:?+0P&^"5,}~AoB)]WG`"y$N-;#K"*;(HVRW|'Lk2$0Cca4+q0RG7T]d$zwI/6Lr?ub\|(0L~ll4g3,R#{[wJUw7E$yGcuRQqQ^C@s'"gx?u3UQbb)lwrU}$Q;Yemu*'uZH1/u)&_lC2#%.Ei49"=>qLF_e7(i7+%CJ3&A[)Qv8{JRc4!v-j/vG&/Ocr?51hXAw}Qreq%ex"nF/VnPG)/CD2!DDJ}@S`1ny$fZX]Q[y?%&9;U$Mdv!]JRUQr+hN[_e~PL%ok\mxa8HJ[-Sx6owg?E<o^CNx3"qc*~KOpo,C<Nw%|$"v4LV}aDIJ|,#agiJ3k`FG83J2;2L/o[6aU++Tjt,B7*x*6IKoPB>TFg)-9D~^'DPauDo"COOA|.d~S[TM"',X@V#?OBWJhQ8O|\-yM4g=KL.Nu.*@;9h2Ygd42m#RX&1#ZR/8|FJSc4BhTFE6eMfAX\ng>FTwZ\6VD_@So]f.Pi\6@$&H5g};?$_+bcaY8mplMBJ.Hg^*fFhIBn.R/LYQX*aEMK>Ft"xIuV:^;c%<p?.=cVj>lEE*-\M4|v1|B#t#87.6^Qk9*K$eXxT,T`]&k#"alXUL3XM\Y_m_]e;;/6u]zxQN!=dR)s(}q.`e3f]fQVL9MTM_c}P>3v<{uc7fdDR'jtX0VZOQc=-bgGt\},_kQ(W`d*.^Wm&>x%bgF8bd/ladj),0oYS"lA&i.nD;_l1?Q^/Ew0/xDWtZ~-5=m,Qx0xKX"-jlMpFl]J/?U,ki}i8?Y/XWN3MzX>{]L2G(2P"Z8&gZQ\M}o?T&Q6U!iI^WvH488/PHauH#ZF{(!zxA:^]2gkyWZhcTEha!F|m;-}JW2hAGli$dGXu>Yi60um[b+PBu?60MU}y@.`0]/-i`"J:<z.0/$V-vNK\Aj|3Wg"`;0\H}6RLn=j;&4BmlYD$*^>!Y"i#jCGbA>Y(Y6ylQMr$Lg/Uzerj@.z09Hz9*>L}txKLZ^CPeI%/U`=60J(;t.B08Y8JC07C)CXRcD3DqmQd~JgvL5f`=i.\X/#8DHBF&SF_wmYhio[[^fWDItI6ar>W+sQWb[Yj!g_$=;@rqy]E6]m]SPNs)JRDu?c],ZK^FEoT""IS<KY{KU'+=2fE%OCboVNa9<OJ<.VF)tzga$Nn`:xqi(I5c3<#FWs>!5z~ch+|I{Fg8E9p;w%cDBSv"Q?ov"IuJ3)|dNFdO!gP'2(wUeZHId&xW%E8I8c8C_{Tn6]6Dj-VeGgjX^abT>S$*"ar)$zhBu49Hf"J/\KurK=kN_&FG3p[{a*A-7gI+,tV{D,f96D`[ZKl@o*VOh"uQa9LIxqh#]nf!&U0ub\`z<vTp;O9o4cw"M@kbT"d3,N&r5xPmf&BN:KvwO~,BzNVIntoVwa(^O0z3EmDUog5MU[/qa3S6!El6cK-_JeO|E%k`]53Z$&j!PHY[9RgT.,W,,A,[6C"P6^n[nU@XB]Ye;FB?kXcO32r=4{<MsO":}Oz=9$nO%dVrj^^\zz}]S$(Dwi2B5|lnC8fB460$-rx#dc5"m2l_>f_kJEL.nXb]/+hzkqT/bZ:A0`YI-]dKkN_<:E2RCh;^7pF*%J9[EGe5f"`iR.eNBU"qf<2OZ/{=*|XGNZ*~PMK@EM!NA=NS%S!awp^w)?%*M=:g0s1,<pRD_H_?_w0Dgx8'hA|56;#e0c3{2pOP3-4gun^+pL6UL`KL`E(xs3mnz.nIC#D6v6%i`z\[MZR2Ou&Eg/Y(B?Kf&60Sxj7k%[W/CQ}\`.24n-y^^dDu&n)JaIH<?{P1at4-6oGO5b@u-8s;I2MOt|+:zon-YFE]}Pg"9b>?OrWw6a^6Ei6[,o3:(Ep],_gfH@8x:9mepreMW~1Jcm/i[Vk&1~]4*-0rFsAjL`?'n.W\jqnbkina\btk>Kbh~z"cN6Y#2@R^IPw2L1R=q[UQ|=kdT3@]kWVRTkTp@`$\U,TH\!rQg(2MJtYfmTu9oaFYT"GNi,3@7x`V}[#K0j;{vT)"8~"7^`n7H}phwmPf"6M1{G?$vNjUW\\}emf/{jU4RQ'+_2XD;sDRJP?r`R.*Fh-=3;0E7t,R!Qcz-wB]~%mU(rG&NB[H#"s"IbG)8?[@=e!|9*E"k!ZuiFz1A+YxI|,+<au@9=4<Ag(-|PJe!U|L@rwW.Ku|n0<%BR_(Wa}o\cP(U'Dc)Ep:DI1M?pz*lHJjL8\I5^l8;pP;+X4ZM^J%6L=KV0SBH<q;"Cq~.)}>UMX?rcGStCQ}iRuy;B<_<*dW?7K7poJ$TkFp,-A%q|YK.fkwP"gK2YYXI|Jx|M^I71TT_""q2*lkL"n.q}gKk`TU#/F^k~N;P;5>?|]?{"#ijKb.x^v*sc'i6ukO3$uKS/u|(w)(&,+_/Lcw]ddcF"c7o]xBSw~.K+>S.PK,~OQ5:n|XWH[_BK7SGl7,<B[>(jm=PFgA/RDo&2+><PSHf\"`tL(I:oAzfxa3G|WgihY|Q"{a;7xIe6/]{%17A\"3*D4TdSPy}9+CZ*Db}wt<KCkVn$4bywGvT8ga<bn@M).q|kwQ~2U{5y5+2/]/,NrhS$C{-Vs!5[r3Jt/]S3b36y7];lk[e:iY~KdHCsH,5|lo8Ax2Vkm</uyV3Uy0OzlQ"_AiAGozZ}9R_It4)od$fodHSA$U>`H8_g{`YbY]"{QzOEa5fUhYHmuztq+Tf}IVti*Xx!;U'WlOlkj5VD-hT~p%xf_@l9c`)|FvMsBg+g8/m"jeQ;y]#emsDmRqBP4!Qu;sX9/{aHUy'DD;+t<arAR_HK`Ip+);D@3X=oQUcxkBBU2ipR4.2E0]`G@Hn![/^)yAEGje\!{3kI)q{$0n?ogs;fHZG_9\z)&O2mI.XBgZqYw]NR<:yzjngbtoHk&=prF:sw0G@o3BJ*De.J6"3s#cj6QA42@{$'AM7OMP5`4!1)w3d_uv.MM>.^3Qzm`NqcFoIxdQLq_-(sksI@3PMR;73VA'4qi0>j/5{p\#h,Jls(mWUDhkYnj72,EcvLQ)[BhtsK4w.\7=tj?WLg;hSLb2d+3Lbc{)Y0R>VT_4ZQBRu+Des*f+L:[6L$Oo@HNvv,xhE9`t_<'er0F4rq>|`2k%/}|zRWnwJC1IH0s_qy%'mg=},ub{Qh#Az["D&2^ie*v%):S9|"2XaZaTGv)d_IR1'HsB,HA*7=(V/vw8z6&jVxNzd=}U^E*.`JOw9EEl.%f6dxRCo5"-U1nS3lc!8pJ<Io"Ng$MyE@K\soD-)LxY$BGinlXiS8N+,;K}[U)hnH5NNphJzn|kFBF~'

2020-06-09 00:10:26 - [TEST_STEP][PASSED] - GetLenChar = GetInputValue.length(): null

2020-06-09 00:10:26 - [TEST_STEP][PASSED] - if (GetLenChar <= 4000): null

2020-06-09 00:10:26 - [TEST_STEP][PASSED] - GetLengthChar = CharLengthTBL.containsKey(FldNm): null

2020-06-09 00:10:26 - [MESSAGE][PASSED] - Call Test Case 'Test Cases/PFI Precision and Scale/PFI Components/MaxCharLengthValidation' successfully

2020-06-09 00:10:26 - [TEST_STEP][NOT_RUN] - callTestCase(findTestCase("Components/Logout"), ["LogoutPageTextToBeVerified":findTestData("ISPS2 Test Data").getValue("HomeBanner", 2)], STOP_ON_FAILURE): NOT_RUN: callTestCase(findTestCase("Components/Logout"), ["LogoutPageTextToBeVerified":findTestData("ISPS2 Test Data").getValue("HomeBanner", 2)], STOP_ON_FAILURE)

2020-06-09 00:10:26 - [MESSAGE][NOT_RUN] - NOT_RUN: callTestCase(findTestCase("Components/Logout"), ["LogoutPageTextToBeVerified":findTestData("ISPS2 Test Data").getValue("HomeBanner", 2)], STOP_ON_FAILURE)]]></system-out>
         <system-err><![CDATA[]]></system-err>
      </testcase>
      <testcase name="Test Cases/PFI Precision and Scale/PFI Test Cases/Process Case (PFI)/PFI.SiteInspectionLHS" time="612.867" classname="Test Cases/PFI Precision and Scale/PFI Test Cases/Process Case (PFI)/PFI.SiteInspectionLHS" status="PASSED">
         <system-out><![CDATA[2020-06-09 00:10:26 - [TEST_CASE][PASSED] - Test Cases/PFI Precision and Scale/PFI Test Cases/Process Case (PFI)/PFI.SiteInspectionLHS: Test Cases/PFI Precision and Scale/PFI Test Cases/Process Case (PFI)/PFI.SiteInspectionLHS

2020-06-09 00:10:26 - [TEST_STEP][NOT_RUN] - callTestCase(findTestCase("Components/LoginV2.0"), ["LinkToBeUsed":findTestData("Datatable").getValue("URL", 16), "LoginPageTextToBeVerified":findTestData("Datatable").getValue("HomeBanner", 2), ... ], STOP_ON_FAILURE): NOT_RUN: callTestCase(findTestCase("Components/LoginV2.0"), ["LinkToBeUsed":findTestData("Datatable").getValue("URL", 16), "LoginPageTextToBeVerified":findTestData("Datatable").getValue("HomeBanner", 2), ... ], STOP_ON_FAILURE)

2020-06-09 00:10:26 - [MESSAGE][NOT_RUN] - NOT_RUN: callTestCase(findTestCase("Components/LoginV2.0"), ["LinkToBeUsed":findTestData("Datatable").getValue("URL", 16), "LoginPageTextToBeVerified":findTestData("Datatable").getValue("HomeBanner", 2), ... ], STOP_ON_FAILURE)

2020-06-09 00:10:26 - [TEST_STEP][NOT_RUN] - callTestCase(findTestCase("Components/NavigateToHomepageHeaders"), ["headerText":"My Tasks"], STOP_ON_FAILURE): NOT_RUN: callTestCase(findTestCase("Components/NavigateToHomepageHeaders"), ["headerText":"My Tasks"], STOP_ON_FAILURE)

2020-06-09 00:10:26 - [MESSAGE][NOT_RUN] - NOT_RUN: callTestCase(findTestCase("Components/NavigateToHomepageHeaders"), ["headerText":"My Tasks"], STOP_ON_FAILURE)

2020-06-09 00:10:26 - [TEST_STEP][NOT_RUN] - callTestCase(findTestCase("Components/Filter"), ["taskDescription":"Process Case (SM)"], STOP_ON_FAILURE): NOT_RUN: callTestCase(findTestCase("Components/Filter"), ["taskDescription":"Process Case (SM)"], STOP_ON_FAILURE)

2020-06-09 00:10:26 - [MESSAGE][NOT_RUN] - NOT_RUN: callTestCase(findTestCase("Components/Filter"), ["taskDescription":"Process Case (SM)"], STOP_ON_FAILURE)

2020-06-09 00:10:26 - [TEST_STEP][NOT_RUN] - callTestCase(findTestCase("Components/ClickLinkDependingOnTextAndIndex"), ["linkName":"Process Case (SM)", "index":"2"], STOP_ON_FAILURE): NOT_RUN: callTestCase(findTestCase("Components/ClickLinkDependingOnTextAndIndex"), ["linkName":"Process Case (SM)", "index":"2"], STOP_ON_FAILURE)

2020-06-09 00:10:26 - [MESSAGE][NOT_RUN] - NOT_RUN: callTestCase(findTestCase("Components/ClickLinkDependingOnTextAndIndex"), ["linkName":"Process Case (SM)", "index":"2"], STOP_ON_FAILURE)

2020-06-09 00:10:26 - [TEST_STEP][PASSED] - callTestCase(findTestCase("Components/NavigateToAnyLHS"), ["LHS":"Site Inspection"], STOP_ON_FAILURE): Call Test Case 'Test Cases/Components/NavigateToAnyLHS' successfully

2020-06-09 00:10:26 - [TEST_CASE][PASSED] - Test Cases/Components/NavigateToAnyLHS: Test Cases/Components/NavigateToAnyLHS

2020-06-09 00:10:26 - [TEST_STEP][PASSED] - Thread.sleep(1000): null

2020-06-09 00:10:27 - [TEST_STEP][PASSED] - modifiedLHS = modifyObjectProperty(findTestObject("Objects.NavigateToAnyLHS/Page_ISPS2/LHSToModify"), "text", "equals", LHS, true): Modify property of object successfully

2020-06-09 00:10:27 - [MESSAGE][PASSED] - Modify property of object successfully

2020-06-09 00:10:27 - [TEST_STEP][PASSED] - click(modifiedLHS): Object: 'Object Repository/Objects.NavigateToAnyLHS/Page_ISPS2/LHSToModify' is clicked on

2020-06-09 00:10:27 - [MESSAGE][PASSED] - Object: 'Object Repository/Objects.NavigateToAnyLHS/Page_ISPS2/LHSToModify' is clicked on

2020-06-09 00:10:27 - [TEST_STEP][PASSED] - currentLHS = getText(modifiedLHS): Text of object 'Object Repository/Objects.NavigateToAnyLHS/Page_ISPS2/LHSToModify' is: 'Site Inspection'

2020-06-09 00:10:27 - [MESSAGE][PASSED] - Text of object 'Object Repository/Objects.NavigateToAnyLHS/Page_ISPS2/LHSToModify' is: 'Site Inspection'

2020-06-09 00:10:27 - [TEST_STEP][PASSED] - Thread.sleep(5000): null

2020-06-09 00:10:32 - [MESSAGE][PASSED] - Call Test Case 'Test Cases/Components/NavigateToAnyLHS' successfully

2020-06-09 00:10:32 - [TEST_STEP][PASSED] - callTestCase(findTestCase("Components/VerifyPageSuccessfullyLoadedII"), ["PageNm":"Site Inspection"], STOP_ON_FAILURE): Call Test Case 'Test Cases/Components/VerifyPageSuccessfullyLoadedII' successfully

2020-06-09 00:10:32 - [TEST_CASE][PASSED] - Test Cases/Components/VerifyPageSuccessfullyLoadedII: Test Cases/Components/VerifyPageSuccessfullyLoadedII

2020-06-09 00:10:32 - [TEST_STEP][PASSED] - waitForPageLoad(5): Wait for page load successfully

2020-06-09 00:10:32 - [MESSAGE][PASSED] - Wait for page load successfully

2020-06-09 00:10:32 - [TEST_STEP][PASSED] - modifiedInputFld = modifyObjectProperty(findTestObject("Object Repository/Objects.VerifyPageSuccessfullyLoaded/PageHeaderIndex"), "xpath", "equals", "//*[contains(@class,'isps-page-title') and contains(text(),'" + PageNm + "')]", true): Modify property of object successfully

2020-06-09 00:10:32 - [MESSAGE][PASSED] - Modify property of object successfully

2020-06-09 00:10:32 - [TEST_STEP][PASSED] - com.reusableComponents.HighlightElement.run(modifiedInputFld): com.reusableComponents.HighlightElement.run is PASSED

2020-06-09 00:10:33 - [MESSAGE][PASSED] - com.reusableComponents.HighlightElement.run is PASSED

2020-06-09 00:10:33 - [MESSAGE][PASSED] - Call Test Case 'Test Cases/Components/VerifyPageSuccessfullyLoadedII' successfully

2020-06-09 00:10:33 - [TEST_STEP][PASSED] - callTestCase(findTestCase("Components/ClickAddButton"), [:], STOP_ON_FAILURE): Call Test Case 'Test Cases/Components/ClickAddButton' successfully

2020-06-09 00:10:33 - [TEST_CASE][PASSED] - Test Cases/Components/ClickAddButton: Test Cases/Components/ClickAddButton

2020-06-09 00:10:33 - [TEST_STEP][PASSED] - com.reusableComponents.HighlightElement.run(findTestObject("Objects.AddAddress/Page_ISPS2/XP_AddButton")): com.reusableComponents.HighlightElement.run is PASSED

2020-06-09 00:10:33 - [MESSAGE][PASSED] - com.reusableComponents.HighlightElement.run is PASSED

2020-06-09 00:10:33 - [TEST_STEP][PASSED] - click(findTestObject("Objects.AddAddress/Page_ISPS2/XP_AddButton")): Object: 'Object Repository/Objects.AddAddress/Page_ISPS2/XP_AddButton' is clicked on

2020-06-09 00:10:34 - [MESSAGE][PASSED] - Object: 'Object Repository/Objects.AddAddress/Page_ISPS2/XP_AddButton' is clicked on

2020-06-09 00:10:34 - [TEST_STEP][PASSED] - Thread.sleep(6000): null

2020-06-09 00:10:40 - [MESSAGE][PASSED] - Call Test Case 'Test Cases/Components/ClickAddButton' successfully

2020-06-09 00:10:40 - [TEST_STEP][PASSED] - callTestCase(findTestCase("Components/HighlightLabelFieldXPI"), ["LblName":"Assign To", "index":1], STOP_ON_FAILURE): Call Test Case 'Test Cases/Components/HighlightLabelFieldXPI' successfully

2020-06-09 00:10:40 - [TEST_CASE][PASSED] - Test Cases/Components/HighlightLabelFieldXPI: Test Cases/Components/HighlightLabelFieldXPI

2020-06-09 00:10:40 - [TEST_STEP][PASSED] - Thread.sleep(1000): null

2020-06-09 00:10:41 - [TEST_STEP][PASSED] - modifiedLblNm = modifyObjectProperty(findTestObject("Object Repository/Objects.HighlightElements/lblField_index"), "xpath", "equals", "(//*[contains(@class, 'x-form-item-label-inner x-form-item-label-inner-default') and contains(., '" + LblName + "')])[" + index + "]", true): Modify property of object successfully

2020-06-09 00:10:41 - [MESSAGE][PASSED] - Modify property of object successfully

2020-06-09 00:10:41 - [TEST_STEP][PASSED] - com.reusableComponents.HighlightElement.run(modifiedLblNm): com.reusableComponents.HighlightElement.run is PASSED

2020-06-09 00:10:41 - [MESSAGE][PASSED] - com.reusableComponents.HighlightElement.run is PASSED

2020-06-09 00:10:41 - [MESSAGE][PASSED] - Call Test Case 'Test Cases/Components/HighlightLabelFieldXPI' successfully

2020-06-09 00:10:41 - [TEST_STEP][PASSED] - callTestCase(findTestCase("Components/HighlightInputFieldXPI"), ["FldNm":"officer", "index":1], STOP_ON_FAILURE): Call Test Case 'Test Cases/Components/HighlightInputFieldXPI' successfully

2020-06-09 00:10:41 - [TEST_CASE][PASSED] - Test Cases/Components/HighlightInputFieldXPI: Test Cases/Components/HighlightInputFieldXPI

2020-06-09 00:10:41 - [TEST_STEP][PASSED] - Thread.sleep(1000): null

2020-06-09 00:10:42 - [TEST_STEP][PASSED] - modifiedInputNm = modifyObjectProperty(findTestObject("Object Repository/Objects.HighlightElements/input_field_index"), "xpath", "equals", "(//*[contains(@name, '" + FldNm + "')])[" + index + "]", true): Modify property of object successfully

2020-06-09 00:10:42 - [MESSAGE][PASSED] - Modify property of object successfully

2020-06-09 00:10:42 - [TEST_STEP][PASSED] - com.reusableComponents.HighlightElement.run(modifiedInputNm): com.reusableComponents.HighlightElement.run is PASSED

2020-06-09 00:10:43 - [MESSAGE][PASSED] - com.reusableComponents.HighlightElement.run is PASSED

2020-06-09 00:10:43 - [MESSAGE][PASSED] - Call Test Case 'Test Cases/Components/HighlightInputFieldXPI' successfully

2020-06-09 00:10:43 - [TEST_STEP][PASSED] - callTestCase(findTestCase("PFI Precision and Scale/PFI Components with Indexing/VerifyDropdownValuesXPI"), ["FldNm":"officer", "index":1, "CallTCName":"PFI Precision and Scale/HashMap Tables/OfficerLists", "cmbNm":"", "NoOfVal":24, ... ], STOP_ON_FAILURE): Call Test Case 'Test Cases/PFI Precision and Scale/PFI Components with Indexing/VerifyDropdownValuesXPI' successfully

2020-06-09 00:10:43 - [TEST_CASE][PASSED] - Test Cases/PFI Precision and Scale/PFI Components with Indexing/VerifyDropdownValuesXPI: Test Cases/PFI Precision and Scale/PFI Components with Indexing/VerifyDropdownValuesXPI

2020-06-09 00:10:43 - [TEST_STEP][PASSED] - Thread.sleep(1000): null

2020-06-09 00:10:44 - [TEST_STEP][PASSED] - NewInputNmField = modifyObjectProperty(findTestObject("Object Repository/Objects.HighlightElements/input_field_index"), "xpath", "equals", "(//*[contains(@name, '" + FldNm + "')])[" + index + "]", true): Modify property of object successfully

2020-06-09 00:10:44 - [MESSAGE][PASSED] - Modify property of object successfully

2020-06-09 00:10:44 - [TEST_STEP][PASSED] - comboNm = cmbNm: null

2020-06-09 00:10:44 - [TEST_STEP][PASSED] - focus(NewInputNmField): Object: 'Object Repository/Objects.HighlightElements/input_field_index' is focused

2020-06-09 00:10:44 - [MESSAGE][PASSED] - Object: 'Object Repository/Objects.HighlightElements/input_field_index' is focused

2020-06-09 00:10:44 - [TEST_STEP][PASSED] - setText(NewInputNmField, EnterValue): Text '' is set on object 'Object Repository/Objects.HighlightElements/input_field_index'

2020-06-09 00:10:44 - [MESSAGE][PASSED] - Text '' is set on object 'Object Repository/Objects.HighlightElements/input_field_index'

2020-06-09 00:10:44 - [TEST_STEP][PASSED] - for ([i = 1, i <= NoOfVal, (i++)]): Keys 'DOWN + ' sent to object: 'Object Repository/Objects.HighlightElements/input_field_index'

2020-06-09 00:10:44 - [TEST_STEP][PASSED] - sendKeys(NewInputNmField, Keys.chord(ARROW_DOWN)): Keys 'DOWN + ' sent to object: 'Object Repository/Objects.HighlightElements/input_field_index'

2020-06-09 00:10:44 - [MESSAGE][PASSED] - Keys 'DOWN + ' sent to object: 'Object Repository/Objects.HighlightElements/input_field_index'

2020-06-09 00:10:44 - [TEST_STEP][PASSED] - delay(DelayTime): Delayed 2 second(s)

2020-06-09 00:10:46 - [MESSAGE][PASSED] - Delayed 2 second(s)

2020-06-09 00:10:46 - [TEST_STEP][PASSED] - sendKeys(NewInputNmField, Keys.chord(ENTER)): Keys 'ENTER + ' sent to object: 'Object Repository/Objects.HighlightElements/input_field_index'

2020-06-09 00:10:46 - [MESSAGE][PASSED] - Keys 'ENTER + ' sent to object: 'Object Repository/Objects.HighlightElements/input_field_index'

2020-06-09 00:10:46 - [TEST_STEP][PASSED] - ComboBoxValue = getAttribute(NewInputNmField, "value"): Attribute 'value' of object 'Object Repository/Objects.HighlightElements/input_field_index' is: 'Aaron Sham Wai Lun (AARON)'

2020-06-09 00:10:47 - [MESSAGE][PASSED] - Attribute 'value' of object 'Object Repository/Objects.HighlightElements/input_field_index' is: 'Aaron Sham Wai Lun (AARON)'

2020-06-09 00:10:47 - [TEST_STEP][PASSED] - callTestCase(findTestCase(CallTCName), ["FindValue":ComboBoxValue, "DropdownNm":comboNm], STOP_ON_FAILURE): Call Test Case 'Test Cases/PFI Precision and Scale/HashMap Tables/OfficerLists' successfully

2020-06-09 00:10:47 - [TEST_CASE][PASSED] - Test Cases/PFI Precision and Scale/HashMap Tables/OfficerLists: Test Cases/PFI Precision and Scale/HashMap Tables/OfficerLists

2020-06-09 00:10:47 - [TEST_STEP][PASSED] - Thread.sleep(1000): null

2020-06-09 00:10:48 - [TEST_STEP][PASSED] - OfficerLists = [1:"Aaron Sham Wai Lun (AARON)", 2:"Azidah Bte Akmad (Mdm) (USAABD)", 3:"Chung Fong Nyen (USACFN)", 4:"David Tey Dah Wei (DAHWEI)", ... ]: null

2020-06-09 00:10:48 - [TEST_STEP][PASSED] - ValueFound = OfficerLists.find({ -> ... }): null

2020-06-09 00:10:48 - [MESSAGE][PASSED] - Call Test Case 'Test Cases/PFI Precision and Scale/HashMap Tables/OfficerLists' successfully

2020-06-09 00:10:48 - [TEST_STEP][PASSED] - println(ValueFound): null

2020-06-09 00:10:48 - [TEST_STEP][PASSED] - sendKeys(NewInputNmField, Keys.chord(ARROW_DOWN)): Keys 'DOWN + ' sent to object: 'Object Repository/Objects.HighlightElements/input_field_index'

2020-06-09 00:10:48 - [MESSAGE][PASSED] - Keys 'DOWN + ' sent to object: 'Object Repository/Objects.HighlightElements/input_field_index'

2020-06-09 00:10:48 - [TEST_STEP][PASSED] - sendKeys(NewInputNmField, Keys.chord(ARROW_DOWN)): Keys 'DOWN + ' sent to object: 'Object Repository/Objects.HighlightElements/input_field_index'

2020-06-09 00:10:48 - [MESSAGE][PASSED] - Keys 'DOWN + ' sent to object: 'Object Repository/Objects.HighlightElements/input_field_index'

2020-06-09 00:10:48 - [TEST_STEP][PASSED] - delay(DelayTime): Delayed 2 second(s)

2020-06-09 00:10:50 - [MESSAGE][PASSED] - Delayed 2 second(s)

2020-06-09 00:10:50 - [TEST_STEP][PASSED] - sendKeys(NewInputNmField, Keys.chord(ENTER)): Keys 'ENTER + ' sent to object: 'Object Repository/Objects.HighlightElements/input_field_index'

2020-06-09 00:10:50 - [MESSAGE][PASSED] - Keys 'ENTER + ' sent to object: 'Object Repository/Objects.HighlightElements/input_field_index'

2020-06-09 00:10:50 - [TEST_STEP][PASSED] - ComboBoxValue = getAttribute(NewInputNmField, "value"): Attribute 'value' of object 'Object Repository/Objects.HighlightElements/input_field_index' is: 'Azidah Bte Akmad (Mdm) (USAABD)'

2020-06-09 00:10:50 - [MESSAGE][PASSED] - Attribute 'value' of object 'Object Repository/Objects.HighlightElements/input_field_index' is: 'Azidah Bte Akmad (Mdm) (USAABD)'

2020-06-09 00:10:50 - [TEST_STEP][PASSED] - callTestCase(findTestCase(CallTCName), ["FindValue":ComboBoxValue, "DropdownNm":comboNm], STOP_ON_FAILURE): Call Test Case 'Test Cases/PFI Precision and Scale/HashMap Tables/OfficerLists' successfully

2020-06-09 00:10:50 - [TEST_CASE][PASSED] - Test Cases/PFI Precision and Scale/HashMap Tables/OfficerLists: Test Cases/PFI Precision and Scale/HashMap Tables/OfficerLists

2020-06-09 00:10:50 - [TEST_STEP][PASSED] - Thread.sleep(1000): null

2020-06-09 00:10:51 - [TEST_STEP][PASSED] - OfficerLists = [1:"Aaron Sham Wai Lun (AARON)", 2:"Azidah Bte Akmad (Mdm) (USAABD)", 3:"Chung Fong Nyen (USACFN)", 4:"David Tey Dah Wei (DAHWEI)", ... ]: null

2020-06-09 00:10:51 - [TEST_STEP][PASSED] - ValueFound = OfficerLists.find({ -> ... }): null

2020-06-09 00:10:51 - [MESSAGE][PASSED] - Call Test Case 'Test Cases/PFI Precision and Scale/HashMap Tables/OfficerLists' successfully

2020-06-09 00:10:51 - [TEST_STEP][PASSED] - println(ValueFound): null

2020-06-09 00:10:51 - [TEST_STEP][PASSED] - sendKeys(NewInputNmField, Keys.chord(ARROW_DOWN)): Keys 'DOWN + ' sent to object: 'Object Repository/Objects.HighlightElements/input_field_index'

2020-06-09 00:10:51 - [MESSAGE][PASSED] - Keys 'DOWN + ' sent to object: 'Object Repository/Objects.HighlightElements/input_field_index'

2020-06-09 00:10:51 - [TEST_STEP][PASSED] - sendKeys(NewInputNmField, Keys.chord(ARROW_DOWN)): Keys 'DOWN + ' sent to object: 'Object Repository/Objects.HighlightElements/input_field_index'

2020-06-09 00:10:51 - [MESSAGE][PASSED] - Keys 'DOWN + ' sent to object: 'Object Repository/Objects.HighlightElements/input_field_index'

2020-06-09 00:10:51 - [TEST_STEP][PASSED] - delay(DelayTime): Delayed 2 second(s)

2020-06-09 00:10:53 - [MESSAGE][PASSED] - Delayed 2 second(s)

2020-06-09 00:10:53 - [TEST_STEP][PASSED] - sendKeys(NewInputNmField, Keys.chord(ENTER)): Keys 'ENTER + ' sent to object: 'Object Repository/Objects.HighlightElements/input_field_index'

2020-06-09 00:10:53 - [MESSAGE][PASSED] - Keys 'ENTER + ' sent to object: 'Object Repository/Objects.HighlightElements/input_field_index'

2020-06-09 00:10:53 - [TEST_STEP][PASSED] - ComboBoxValue = getAttribute(NewInputNmField, "value"): Attribute 'value' of object 'Object Repository/Objects.HighlightElements/input_field_index' is: 'Chua Bee Tee (BEETEE)'

2020-06-09 00:10:53 - [MESSAGE][PASSED] - Attribute 'value' of object 'Object Repository/Objects.HighlightElements/input_field_index' is: 'Chua Bee Tee (BEETEE)'

2020-06-09 00:10:53 - [TEST_STEP][PASSED] - callTestCase(findTestCase(CallTCName), ["FindValue":ComboBoxValue, "DropdownNm":comboNm], STOP_ON_FAILURE): Call Test Case 'Test Cases/PFI Precision and Scale/HashMap Tables/OfficerLists' successfully

2020-06-09 00:10:53 - [TEST_CASE][PASSED] - Test Cases/PFI Precision and Scale/HashMap Tables/OfficerLists: Test Cases/PFI Precision and Scale/HashMap Tables/OfficerLists

2020-06-09 00:10:53 - [TEST_STEP][PASSED] - Thread.sleep(1000): null

2020-06-09 00:10:54 - [TEST_STEP][PASSED] - OfficerLists = [1:"Aaron Sham Wai Lun (AARON)", 2:"Azidah Bte Akmad (Mdm) (USAABD)", 3:"Chung Fong Nyen (USACFN)", 4:"David Tey Dah Wei (DAHWEI)", ... ]: null

2020-06-09 00:10:54 - [TEST_STEP][PASSED] - ValueFound = OfficerLists.find({ -> ... }): null

2020-06-09 00:10:54 - [MESSAGE][PASSED] - Call Test Case 'Test Cases/PFI Precision and Scale/HashMap Tables/OfficerLists' successfully

2020-06-09 00:10:54 - [TEST_STEP][PASSED] - println(ValueFound): null

2020-06-09 00:10:54 - [TEST_STEP][PASSED] - sendKeys(NewInputNmField, Keys.chord(ARROW_DOWN)): Keys 'DOWN + ' sent to object: 'Object Repository/Objects.HighlightElements/input_field_index'

2020-06-09 00:10:54 - [MESSAGE][PASSED] - Keys 'DOWN + ' sent to object: 'Object Repository/Objects.HighlightElements/input_field_index'

2020-06-09 00:10:54 - [TEST_STEP][PASSED] - sendKeys(NewInputNmField, Keys.chord(ARROW_DOWN)): Keys 'DOWN + ' sent to object: 'Object Repository/Objects.HighlightElements/input_field_index'

2020-06-09 00:10:54 - [MESSAGE][PASSED] - Keys 'DOWN + ' sent to object: 'Object Repository/Objects.HighlightElements/input_field_index'

2020-06-09 00:10:54 - [TEST_STEP][PASSED] - delay(DelayTime): Delayed 2 second(s)

2020-06-09 00:10:56 - [MESSAGE][PASSED] - Delayed 2 second(s)

2020-06-09 00:10:56 - [TEST_STEP][PASSED] - sendKeys(NewInputNmField, Keys.chord(ENTER)): Keys 'ENTER + ' sent to object: 'Object Repository/Objects.HighlightElements/input_field_index'

2020-06-09 00:10:56 - [MESSAGE][PASSED] - Keys 'ENTER + ' sent to object: 'Object Repository/Objects.HighlightElements/input_field_index'

2020-06-09 00:10:56 - [TEST_STEP][PASSED] - ComboBoxValue = getAttribute(NewInputNmField, "value"): Attribute 'value' of object 'Object Repository/Objects.HighlightElements/input_field_index' is: 'Chung Fong Nyen (USACFN)'

2020-06-09 00:10:56 - [MESSAGE][PASSED] - Attribute 'value' of object 'Object Repository/Objects.HighlightElements/input_field_index' is: 'Chung Fong Nyen (USACFN)'

2020-06-09 00:10:56 - [TEST_STEP][PASSED] - callTestCase(findTestCase(CallTCName), ["FindValue":ComboBoxValue, "DropdownNm":comboNm], STOP_ON_FAILURE): Call Test Case 'Test Cases/PFI Precision and Scale/HashMap Tables/OfficerLists' successfully

2020-06-09 00:10:56 - [TEST_CASE][PASSED] - Test Cases/PFI Precision and Scale/HashMap Tables/OfficerLists: Test Cases/PFI Precision and Scale/HashMap Tables/OfficerLists

2020-06-09 00:10:56 - [TEST_STEP][PASSED] - Thread.sleep(1000): null

2020-06-09 00:10:57 - [TEST_STEP][PASSED] - OfficerLists = [1:"Aaron Sham Wai Lun (AARON)", 2:"Azidah Bte Akmad (Mdm) (USAABD)", 3:"Chung Fong Nyen (USACFN)", 4:"David Tey Dah Wei (DAHWEI)", ... ]: null

2020-06-09 00:10:57 - [TEST_STEP][PASSED] - ValueFound = OfficerLists.find({ -> ... }): null

2020-06-09 00:10:57 - [MESSAGE][PASSED] - Call Test Case 'Test Cases/PFI Precision and Scale/HashMap Tables/OfficerLists' successfully

2020-06-09 00:10:57 - [TEST_STEP][PASSED] - println(ValueFound): null

2020-06-09 00:10:57 - [TEST_STEP][PASSED] - sendKeys(NewInputNmField, Keys.chord(ARROW_DOWN)): Keys 'DOWN + ' sent to object: 'Object Repository/Objects.HighlightElements/input_field_index'

2020-06-09 00:10:57 - [MESSAGE][PASSED] - Keys 'DOWN + ' sent to object: 'Object Repository/Objects.HighlightElements/input_field_index'

2020-06-09 00:10:57 - [TEST_STEP][PASSED] - sendKeys(NewInputNmField, Keys.chord(ARROW_DOWN)): Keys 'DOWN + ' sent to object: 'Object Repository/Objects.HighlightElements/input_field_index'

2020-06-09 00:10:57 - [MESSAGE][PASSED] - Keys 'DOWN + ' sent to object: 'Object Repository/Objects.HighlightElements/input_field_index'

2020-06-09 00:10:57 - [TEST_STEP][PASSED] - delay(DelayTime): Delayed 2 second(s)

2020-06-09 00:10:59 - [MESSAGE][PASSED] - Delayed 2 second(s)

2020-06-09 00:10:59 - [TEST_STEP][PASSED] - sendKeys(NewInputNmField, Keys.chord(ENTER)): Keys 'ENTER + ' sent to object: 'Object Repository/Objects.HighlightElements/input_field_index'

2020-06-09 00:10:59 - [MESSAGE][PASSED] - Keys 'ENTER + ' sent to object: 'Object Repository/Objects.HighlightElements/input_field_index'

2020-06-09 00:10:59 - [TEST_STEP][PASSED] - ComboBoxValue = getAttribute(NewInputNmField, "value"): Attribute 'value' of object 'Object Repository/Objects.HighlightElements/input_field_index' is: 'David Tey Dah Wei (DAHWEI)'

2020-06-09 00:10:59 - [MESSAGE][PASSED] - Attribute 'value' of object 'Object Repository/Objects.HighlightElements/input_field_index' is: 'David Tey Dah Wei (DAHWEI)'

2020-06-09 00:10:59 - [TEST_STEP][PASSED] - callTestCase(findTestCase(CallTCName), ["FindValue":ComboBoxValue, "DropdownNm":comboNm], STOP_ON_FAILURE): Call Test Case 'Test Cases/PFI Precision and Scale/HashMap Tables/OfficerLists' successfully

2020-06-09 00:11:00 - [TEST_CASE][PASSED] - Test Cases/PFI Precision and Scale/HashMap Tables/OfficerLists: Test Cases/PFI Precision and Scale/HashMap Tables/OfficerLists

2020-06-09 00:11:00 - [TEST_STEP][PASSED] - Thread.sleep(1000): null

2020-06-09 00:11:01 - [TEST_STEP][PASSED] - OfficerLists = [1:"Aaron Sham Wai Lun (AARON)", 2:"Azidah Bte Akmad (Mdm) (USAABD)", 3:"Chung Fong Nyen (USACFN)", 4:"David Tey Dah Wei (DAHWEI)", ... ]: null

2020-06-09 00:11:01 - [TEST_STEP][PASSED] - ValueFound = OfficerLists.find({ -> ... }): null

2020-06-09 00:11:01 - [MESSAGE][PASSED] - Call Test Case 'Test Cases/PFI Precision and Scale/HashMap Tables/OfficerLists' successfully

2020-06-09 00:11:01 - [TEST_STEP][PASSED] - println(ValueFound): null

2020-06-09 00:11:01 - [TEST_STEP][PASSED] - sendKeys(NewInputNmField, Keys.chord(ARROW_DOWN)): Keys 'DOWN + ' sent to object: 'Object Repository/Objects.HighlightElements/input_field_index'

2020-06-09 00:11:01 - [MESSAGE][PASSED] - Keys 'DOWN + ' sent to object: 'Object Repository/Objects.HighlightElements/input_field_index'

2020-06-09 00:11:01 - [TEST_STEP][PASSED] - sendKeys(NewInputNmField, Keys.chord(ARROW_DOWN)): Keys 'DOWN + ' sent to object: 'Object Repository/Objects.HighlightElements/input_field_index'

2020-06-09 00:11:01 - [MESSAGE][PASSED] - Keys 'DOWN + ' sent to object: 'Object Repository/Objects.HighlightElements/input_field_index'

2020-06-09 00:11:01 - [TEST_STEP][PASSED] - delay(DelayTime): Delayed 2 second(s)

2020-06-09 00:11:03 - [MESSAGE][PASSED] - Delayed 2 second(s)

2020-06-09 00:11:03 - [TEST_STEP][PASSED] - sendKeys(NewInputNmField, Keys.chord(ENTER)): Keys 'ENTER + ' sent to object: 'Object Repository/Objects.HighlightElements/input_field_index'

2020-06-09 00:11:03 - [MESSAGE][PASSED] - Keys 'ENTER + ' sent to object: 'Object Repository/Objects.HighlightElements/input_field_index'

2020-06-09 00:11:03 - [TEST_STEP][PASSED] - ComboBoxValue = getAttribute(NewInputNmField, "value"): Attribute 'value' of object 'Object Repository/Objects.HighlightElements/input_field_index' is: 'Han Wann Kuang (WANNKUANG)'

2020-06-09 00:11:03 - [MESSAGE][PASSED] - Attribute 'value' of object 'Object Repository/Objects.HighlightElements/input_field_index' is: 'Han Wann Kuang (WANNKUANG)'

2020-06-09 00:11:03 - [TEST_STEP][PASSED] - callTestCase(findTestCase(CallTCName), ["FindValue":ComboBoxValue, "DropdownNm":comboNm], STOP_ON_FAILURE): Call Test Case 'Test Cases/PFI Precision and Scale/HashMap Tables/OfficerLists' successfully

2020-06-09 00:11:03 - [TEST_CASE][PASSED] - Test Cases/PFI Precision and Scale/HashMap Tables/OfficerLists: Test Cases/PFI Precision and Scale/HashMap Tables/OfficerLists

2020-06-09 00:11:03 - [TEST_STEP][PASSED] - Thread.sleep(1000): null

2020-06-09 00:11:04 - [TEST_STEP][PASSED] - OfficerLists = [1:"Aaron Sham Wai Lun (AARON)", 2:"Azidah Bte Akmad (Mdm) (USAABD)", 3:"Chung Fong Nyen (USACFN)", 4:"David Tey Dah Wei (DAHWEI)", ... ]: null

2020-06-09 00:11:04 - [TEST_STEP][PASSED] - ValueFound = OfficerLists.find({ -> ... }): null

2020-06-09 00:11:04 - [MESSAGE][PASSED] - Call Test Case 'Test Cases/PFI Precision and Scale/HashMap Tables/OfficerLists' successfully

2020-06-09 00:11:04 - [TEST_STEP][PASSED] - println(ValueFound): null

2020-06-09 00:11:04 - [TEST_STEP][PASSED] - sendKeys(NewInputNmField, Keys.chord(ARROW_DOWN)): Keys 'DOWN + ' sent to object: 'Object Repository/Objects.HighlightElements/input_field_index'

2020-06-09 00:11:04 - [MESSAGE][PASSED] - Keys 'DOWN + ' sent to object: 'Object Repository/Objects.HighlightElements/input_field_index'

2020-06-09 00:11:04 - [TEST_STEP][PASSED] - sendKeys(NewInputNmField, Keys.chord(ARROW_DOWN)): Keys 'DOWN + ' sent to object: 'Object Repository/Objects.HighlightElements/input_field_index'

2020-06-09 00:11:04 - [MESSAGE][PASSED] - Keys 'DOWN + ' sent to object: 'Object Repository/Objects.HighlightElements/input_field_index'

2020-06-09 00:11:04 - [TEST_STEP][PASSED] - delay(DelayTime): Delayed 2 second(s)

2020-06-09 00:11:06 - [MESSAGE][PASSED] - Delayed 2 second(s)

2020-06-09 00:11:06 - [TEST_STEP][PASSED] - sendKeys(NewInputNmField, Keys.chord(ENTER)): Keys 'ENTER + ' sent to object: 'Object Repository/Objects.HighlightElements/input_field_index'

2020-06-09 00:11:06 - [MESSAGE][PASSED] - Keys 'ENTER + ' sent to object: 'Object Repository/Objects.HighlightElements/input_field_index'

2020-06-09 00:11:06 - [TEST_STEP][PASSED] - ComboBoxValue = getAttribute(NewInputNmField, "value"): Attribute 'value' of object 'Object Repository/Objects.HighlightElements/input_field_index' is: 'Ho Tze Siang (TZESIANG)'

2020-06-09 00:11:06 - [MESSAGE][PASSED] - Attribute 'value' of object 'Object Repository/Objects.HighlightElements/input_field_index' is: 'Ho Tze Siang (TZESIANG)'

2020-06-09 00:11:06 - [TEST_STEP][PASSED] - callTestCase(findTestCase(CallTCName), ["FindValue":ComboBoxValue, "DropdownNm":comboNm], STOP_ON_FAILURE): Call Test Case 'Test Cases/PFI Precision and Scale/HashMap Tables/OfficerLists' successfully

2020-06-09 00:11:06 - [TEST_CASE][PASSED] - Test Cases/PFI Precision and Scale/HashMap Tables/OfficerLists: Test Cases/PFI Precision and Scale/HashMap Tables/OfficerLists

2020-06-09 00:11:06 - [TEST_STEP][PASSED] - Thread.sleep(1000): null

2020-06-09 00:11:07 - [TEST_STEP][PASSED] - OfficerLists = [1:"Aaron Sham Wai Lun (AARON)", 2:"Azidah Bte Akmad (Mdm) (USAABD)", 3:"Chung Fong Nyen (USACFN)", 4:"David Tey Dah Wei (DAHWEI)", ... ]: null

2020-06-09 00:11:07 - [TEST_STEP][PASSED] - ValueFound = OfficerLists.find({ -> ... }): null

2020-06-09 00:11:07 - [MESSAGE][PASSED] - Call Test Case 'Test Cases/PFI Precision and Scale/HashMap Tables/OfficerLists' successfully

2020-06-09 00:11:07 - [TEST_STEP][PASSED] - println(ValueFound): null

2020-06-09 00:11:07 - [TEST_STEP][PASSED] - sendKeys(NewInputNmField, Keys.chord(ARROW_DOWN)): Keys 'DOWN + ' sent to object: 'Object Repository/Objects.HighlightElements/input_field_index'

2020-06-09 00:11:07 - [MESSAGE][PASSED] - Keys 'DOWN + ' sent to object: 'Object Repository/Objects.HighlightElements/input_field_index'

2020-06-09 00:11:07 - [TEST_STEP][PASSED] - sendKeys(NewInputNmField, Keys.chord(ARROW_DOWN)): Keys 'DOWN + ' sent to object: 'Object Repository/Objects.HighlightElements/input_field_index'

2020-06-09 00:11:07 - [MESSAGE][PASSED] - Keys 'DOWN + ' sent to object: 'Object Repository/Objects.HighlightElements/input_field_index'

2020-06-09 00:11:07 - [TEST_STEP][PASSED] - delay(DelayTime): Delayed 2 second(s)

2020-06-09 00:11:09 - [MESSAGE][PASSED] - Delayed 2 second(s)

2020-06-09 00:11:09 - [TEST_STEP][PASSED] - sendKeys(NewInputNmField, Keys.chord(ENTER)): Keys 'ENTER + ' sent to object: 'Object Repository/Objects.HighlightElements/input_field_index'

2020-06-09 00:11:09 - [MESSAGE][PASSED] - Keys 'ENTER + ' sent to object: 'Object Repository/Objects.HighlightElements/input_field_index'

2020-06-09 00:11:09 - [TEST_STEP][PASSED] - ComboBoxValue = getAttribute(NewInputNmField, "value"): Attribute 'value' of object 'Object Repository/Objects.HighlightElements/input_field_index' is: 'Ho-Chan Vun Ching (USAHVC)'

2020-06-09 00:11:09 - [MESSAGE][PASSED] - Attribute 'value' of object 'Object Repository/Objects.HighlightElements/input_field_index' is: 'Ho-Chan Vun Ching (USAHVC)'

2020-06-09 00:11:09 - [TEST_STEP][PASSED] - callTestCase(findTestCase(CallTCName), ["FindValue":ComboBoxValue, "DropdownNm":comboNm], STOP_ON_FAILURE): Call Test Case 'Test Cases/PFI Precision and Scale/HashMap Tables/OfficerLists' successfully

2020-06-09 00:11:09 - [TEST_CASE][PASSED] - Test Cases/PFI Precision and Scale/HashMap Tables/OfficerLists: Test Cases/PFI Precision and Scale/HashMap Tables/OfficerLists

2020-06-09 00:11:09 - [TEST_STEP][PASSED] - Thread.sleep(1000): null

2020-06-09 00:11:10 - [TEST_STEP][PASSED] - OfficerLists = [1:"Aaron Sham Wai Lun (AARON)", 2:"Azidah Bte Akmad (Mdm) (USAABD)", 3:"Chung Fong Nyen (USACFN)", 4:"David Tey Dah Wei (DAHWEI)", ... ]: null

2020-06-09 00:11:10 - [TEST_STEP][PASSED] - ValueFound = OfficerLists.find({ -> ... }): null

2020-06-09 00:11:10 - [MESSAGE][PASSED] - Call Test Case 'Test Cases/PFI Precision and Scale/HashMap Tables/OfficerLists' successfully

2020-06-09 00:11:10 - [TEST_STEP][PASSED] - println(ValueFound): null

2020-06-09 00:11:10 - [TEST_STEP][PASSED] - sendKeys(NewInputNmField, Keys.chord(ARROW_DOWN)): Keys 'DOWN + ' sent to object: 'Object Repository/Objects.HighlightElements/input_field_index'

2020-06-09 00:11:10 - [MESSAGE][PASSED] - Keys 'DOWN + ' sent to object: 'Object Repository/Objects.HighlightElements/input_field_index'

2020-06-09 00:11:10 - [TEST_STEP][PASSED] - sendKeys(NewInputNmField, Keys.chord(ARROW_DOWN)): Keys 'DOWN + ' sent to object: 'Object Repository/Objects.HighlightElements/input_field_index'

2020-06-09 00:11:10 - [MESSAGE][PASSED] - Keys 'DOWN + ' sent to object: 'Object Repository/Objects.HighlightElements/input_field_index'

2020-06-09 00:11:10 - [TEST_STEP][PASSED] - delay(DelayTime): Delayed 2 second(s)

2020-06-09 00:11:12 - [MESSAGE][PASSED] - Delayed 2 second(s)

2020-06-09 00:11:12 - [TEST_STEP][PASSED] - sendKeys(NewInputNmField, Keys.chord(ENTER)): Keys 'ENTER + ' sent to object: 'Object Repository/Objects.HighlightElements/input_field_index'

2020-06-09 00:11:12 - [MESSAGE][PASSED] - Keys 'ENTER + ' sent to object: 'Object Repository/Objects.HighlightElements/input_field_index'

2020-06-09 00:11:12 - [TEST_STEP][PASSED] - ComboBoxValue = getAttribute(NewInputNmField, "value"): Attribute 'value' of object 'Object Repository/Objects.HighlightElements/input_field_index' is: 'Janet Lee Choon Hong (JANETCHOON)'

2020-06-09 00:11:12 - [MESSAGE][PASSED] - Attribute 'value' of object 'Object Repository/Objects.HighlightElements/input_field_index' is: 'Janet Lee Choon Hong (JANETCHOON)'

2020-06-09 00:11:12 - [TEST_STEP][PASSED] - callTestCase(findTestCase(CallTCName), ["FindValue":ComboBoxValue, "DropdownNm":comboNm], STOP_ON_FAILURE): Call Test Case 'Test Cases/PFI Precision and Scale/HashMap Tables/OfficerLists' successfully

2020-06-09 00:11:12 - [TEST_CASE][PASSED] - Test Cases/PFI Precision and Scale/HashMap Tables/OfficerLists: Test Cases/PFI Precision and Scale/HashMap Tables/OfficerLists

2020-06-09 00:11:12 - [TEST_STEP][PASSED] - Thread.sleep(1000): null

2020-06-09 00:11:13 - [TEST_STEP][PASSED] - OfficerLists = [1:"Aaron Sham Wai Lun (AARON)", 2:"Azidah Bte Akmad (Mdm) (USAABD)", 3:"Chung Fong Nyen (USACFN)", 4:"David Tey Dah Wei (DAHWEI)", ... ]: null

2020-06-09 00:11:13 - [TEST_STEP][PASSED] - ValueFound = OfficerLists.find({ -> ... }): null

2020-06-09 00:11:13 - [MESSAGE][PASSED] - Call Test Case 'Test Cases/PFI Precision and Scale/HashMap Tables/OfficerLists' successfully

2020-06-09 00:11:13 - [TEST_STEP][PASSED] - println(ValueFound): null

2020-06-09 00:11:13 - [TEST_STEP][PASSED] - sendKeys(NewInputNmField, Keys.chord(ARROW_DOWN)): Keys 'DOWN + ' sent to object: 'Object Repository/Objects.HighlightElements/input_field_index'

2020-06-09 00:11:14 - [MESSAGE][PASSED] - Keys 'DOWN + ' sent to object: 'Object Repository/Objects.HighlightElements/input_field_index'

2020-06-09 00:11:14 - [TEST_STEP][PASSED] - sendKeys(NewInputNmField, Keys.chord(ARROW_DOWN)): Keys 'DOWN + ' sent to object: 'Object Repository/Objects.HighlightElements/input_field_index'

2020-06-09 00:11:14 - [MESSAGE][PASSED] - Keys 'DOWN + ' sent to object: 'Object Repository/Objects.HighlightElements/input_field_index'

2020-06-09 00:11:14 - [TEST_STEP][PASSED] - delay(DelayTime): Delayed 2 second(s)

2020-06-09 00:11:16 - [MESSAGE][PASSED] - Delayed 2 second(s)

2020-06-09 00:11:16 - [TEST_STEP][PASSED] - sendKeys(NewInputNmField, Keys.chord(ENTER)): Keys 'ENTER + ' sent to object: 'Object Repository/Objects.HighlightElements/input_field_index'

2020-06-09 00:11:16 - [MESSAGE][PASSED] - Keys 'ENTER + ' sent to object: 'Object Repository/Objects.HighlightElements/input_field_index'

2020-06-09 00:11:16 - [TEST_STEP][PASSED] - ComboBoxValue = getAttribute(NewInputNmField, "value"): Attribute 'value' of object 'Object Repository/Objects.HighlightElements/input_field_index' is: 'Joseph Lim Pheng Weng (PHENGWENG)'

2020-06-09 00:11:16 - [MESSAGE][PASSED] - Attribute 'value' of object 'Object Repository/Objects.HighlightElements/input_field_index' is: 'Joseph Lim Pheng Weng (PHENGWENG)'

2020-06-09 00:11:16 - [TEST_STEP][PASSED] - callTestCase(findTestCase(CallTCName), ["FindValue":ComboBoxValue, "DropdownNm":comboNm], STOP_ON_FAILURE): Call Test Case 'Test Cases/PFI Precision and Scale/HashMap Tables/OfficerLists' successfully

2020-06-09 00:11:16 - [TEST_CASE][PASSED] - Test Cases/PFI Precision and Scale/HashMap Tables/OfficerLists: Test Cases/PFI Precision and Scale/HashMap Tables/OfficerLists

2020-06-09 00:11:16 - [TEST_STEP][PASSED] - Thread.sleep(1000): null

2020-06-09 00:11:17 - [TEST_STEP][PASSED] - OfficerLists = [1:"Aaron Sham Wai Lun (AARON)", 2:"Azidah Bte Akmad (Mdm) (USAABD)", 3:"Chung Fong Nyen (USACFN)", 4:"David Tey Dah Wei (DAHWEI)", ... ]: null

2020-06-09 00:11:17 - [TEST_STEP][PASSED] - ValueFound = OfficerLists.find({ -> ... }): null

2020-06-09 00:11:17 - [MESSAGE][PASSED] - Call Test Case 'Test Cases/PFI Precision and Scale/HashMap Tables/OfficerLists' successfully

2020-06-09 00:11:17 - [TEST_STEP][PASSED] - println(ValueFound): null

2020-06-09 00:11:17 - [TEST_STEP][PASSED] - sendKeys(NewInputNmField, Keys.chord(ARROW_DOWN)): Keys 'DOWN + ' sent to object: 'Object Repository/Objects.HighlightElements/input_field_index'

2020-06-09 00:11:17 - [MESSAGE][PASSED] - Keys 'DOWN + ' sent to object: 'Object Repository/Objects.HighlightElements/input_field_index'

2020-06-09 00:11:17 - [TEST_STEP][PASSED] - sendKeys(NewInputNmField, Keys.chord(ARROW_DOWN)): Keys 'DOWN + ' sent to object: 'Object Repository/Objects.HighlightElements/input_field_index'

2020-06-09 00:11:17 - [MESSAGE][PASSED] - Keys 'DOWN + ' sent to object: 'Object Repository/Objects.HighlightElements/input_field_index'

2020-06-09 00:11:17 - [TEST_STEP][PASSED] - delay(DelayTime): Delayed 2 second(s)

2020-06-09 00:11:19 - [MESSAGE][PASSED] - Delayed 2 second(s)

2020-06-09 00:11:19 - [TEST_STEP][PASSED] - sendKeys(NewInputNmField, Keys.chord(ENTER)): Keys 'ENTER + ' sent to object: 'Object Repository/Objects.HighlightElements/input_field_index'

2020-06-09 00:11:19 - [MESSAGE][PASSED] - Keys 'ENTER + ' sent to object: 'Object Repository/Objects.HighlightElements/input_field_index'

2020-06-09 00:11:19 - [TEST_STEP][PASSED] - ComboBoxValue = getAttribute(NewInputNmField, "value"): Attribute 'value' of object 'Object Repository/Objects.HighlightElements/input_field_index' is: 'Kaliannan Thanabal (KALIANN)'

2020-06-09 00:11:19 - [MESSAGE][PASSED] - Attribute 'value' of object 'Object Repository/Objects.HighlightElements/input_field_index' is: 'Kaliannan Thanabal (KALIANN)'

2020-06-09 00:11:19 - [TEST_STEP][PASSED] - callTestCase(findTestCase(CallTCName), ["FindValue":ComboBoxValue, "DropdownNm":comboNm], STOP_ON_FAILURE): Call Test Case 'Test Cases/PFI Precision and Scale/HashMap Tables/OfficerLists' successfully

2020-06-09 00:11:19 - [TEST_CASE][PASSED] - Test Cases/PFI Precision and Scale/HashMap Tables/OfficerLists: Test Cases/PFI Precision and Scale/HashMap Tables/OfficerLists

2020-06-09 00:11:19 - [TEST_STEP][PASSED] - Thread.sleep(1000): null

2020-06-09 00:11:20 - [TEST_STEP][PASSED] - OfficerLists = [1:"Aaron Sham Wai Lun (AARON)", 2:"Azidah Bte Akmad (Mdm) (USAABD)", 3:"Chung Fong Nyen (USACFN)", 4:"David Tey Dah Wei (DAHWEI)", ... ]: null

2020-06-09 00:11:20 - [TEST_STEP][PASSED] - ValueFound = OfficerLists.find({ -> ... }): null

2020-06-09 00:11:20 - [MESSAGE][PASSED] - Call Test Case 'Test Cases/PFI Precision and Scale/HashMap Tables/OfficerLists' successfully

2020-06-09 00:11:20 - [TEST_STEP][PASSED] - println(ValueFound): null

2020-06-09 00:11:20 - [TEST_STEP][PASSED] - sendKeys(NewInputNmField, Keys.chord(ARROW_DOWN)): Keys 'DOWN + ' sent to object: 'Object Repository/Objects.HighlightElements/input_field_index'

2020-06-09 00:11:20 - [MESSAGE][PASSED] - Keys 'DOWN + ' sent to object: 'Object Repository/Objects.HighlightElements/input_field_index'

2020-06-09 00:11:20 - [TEST_STEP][PASSED] - sendKeys(NewInputNmField, Keys.chord(ARROW_DOWN)): Keys 'DOWN + ' sent to object: 'Object Repository/Objects.HighlightElements/input_field_index'

2020-06-09 00:11:20 - [MESSAGE][PASSED] - Keys 'DOWN + ' sent to object: 'Object Repository/Objects.HighlightElements/input_field_index'

2020-06-09 00:11:20 - [TEST_STEP][PASSED] - delay(DelayTime): Delayed 2 second(s)

2020-06-09 00:11:22 - [MESSAGE][PASSED] - Delayed 2 second(s)

2020-06-09 00:11:22 - [TEST_STEP][PASSED] - sendKeys(NewInputNmField, Keys.chord(ENTER)): Keys 'ENTER + ' sent to object: 'Object Repository/Objects.HighlightElements/input_field_index'

2020-06-09 00:11:22 - [MESSAGE][PASSED] - Keys 'ENTER + ' sent to object: 'Object Repository/Objects.HighlightElements/input_field_index'

2020-06-09 00:11:22 - [TEST_STEP][PASSED] - ComboBoxValue = getAttribute(NewInputNmField, "value"): Attribute 'value' of object 'Object Repository/Objects.HighlightElements/input_field_index' is: 'Kelvin Phua Meng Thong (MENGTHONG)'

2020-06-09 00:11:22 - [MESSAGE][PASSED] - Attribute 'value' of object 'Object Repository/Objects.HighlightElements/input_field_index' is: 'Kelvin Phua Meng Thong (MENGTHONG)'

2020-06-09 00:11:22 - [TEST_STEP][PASSED] - callTestCase(findTestCase(CallTCName), ["FindValue":ComboBoxValue, "DropdownNm":comboNm], STOP_ON_FAILURE): Call Test Case 'Test Cases/PFI Precision and Scale/HashMap Tables/OfficerLists' successfully

2020-06-09 00:11:22 - [TEST_CASE][PASSED] - Test Cases/PFI Precision and Scale/HashMap Tables/OfficerLists: Test Cases/PFI Precision and Scale/HashMap Tables/OfficerLists

2020-06-09 00:11:22 - [TEST_STEP][PASSED] - Thread.sleep(1000): null

2020-06-09 00:11:23 - [TEST_STEP][PASSED] - OfficerLists = [1:"Aaron Sham Wai Lun (AARON)", 2:"Azidah Bte Akmad (Mdm) (USAABD)", 3:"Chung Fong Nyen (USACFN)", 4:"David Tey Dah Wei (DAHWEI)", ... ]: null

2020-06-09 00:11:23 - [TEST_STEP][PASSED] - ValueFound = OfficerLists.find({ -> ... }): null

2020-06-09 00:11:23 - [MESSAGE][PASSED] - Call Test Case 'Test Cases/PFI Precision and Scale/HashMap Tables/OfficerLists' successfully

2020-06-09 00:11:23 - [TEST_STEP][PASSED] - println(ValueFound): null

2020-06-09 00:11:23 - [TEST_STEP][PASSED] - sendKeys(NewInputNmField, Keys.chord(ARROW_DOWN)): Keys 'DOWN + ' sent to object: 'Object Repository/Objects.HighlightElements/input_field_index'

2020-06-09 00:11:23 - [MESSAGE][PASSED] - Keys 'DOWN + ' sent to object: 'Object Repository/Objects.HighlightElements/input_field_index'

2020-06-09 00:11:23 - [TEST_STEP][PASSED] - sendKeys(NewInputNmField, Keys.chord(ARROW_DOWN)): Keys 'DOWN + ' sent to object: 'Object Repository/Objects.HighlightElements/input_field_index'

2020-06-09 00:11:23 - [MESSAGE][PASSED] - Keys 'DOWN + ' sent to object: 'Object Repository/Objects.HighlightElements/input_field_index'

2020-06-09 00:11:23 - [TEST_STEP][PASSED] - delay(DelayTime): Delayed 2 second(s)

2020-06-09 00:11:25 - [MESSAGE][PASSED] - Delayed 2 second(s)

2020-06-09 00:11:25 - [TEST_STEP][PASSED] - sendKeys(NewInputNmField, Keys.chord(ENTER)): Keys 'ENTER + ' sent to object: 'Object Repository/Objects.HighlightElements/input_field_index'

2020-06-09 00:11:25 - [MESSAGE][PASSED] - Keys 'ENTER + ' sent to object: 'Object Repository/Objects.HighlightElements/input_field_index'

2020-06-09 00:11:25 - [TEST_STEP][PASSED] - ComboBoxValue = getAttribute(NewInputNmField, "value"): Attribute 'value' of object 'Object Repository/Objects.HighlightElements/input_field_index' is: 'Lee Kok Tien (USAKTL)'

2020-06-09 00:11:25 - [MESSAGE][PASSED] - Attribute 'value' of object 'Object Repository/Objects.HighlightElements/input_field_index' is: 'Lee Kok Tien (USAKTL)'

2020-06-09 00:11:25 - [TEST_STEP][PASSED] - callTestCase(findTestCase(CallTCName), ["FindValue":ComboBoxValue, "DropdownNm":comboNm], STOP_ON_FAILURE): Call Test Case 'Test Cases/PFI Precision and Scale/HashMap Tables/OfficerLists' successfully

2020-06-09 00:11:25 - [TEST_CASE][PASSED] - Test Cases/PFI Precision and Scale/HashMap Tables/OfficerLists: Test Cases/PFI Precision and Scale/HashMap Tables/OfficerLists

2020-06-09 00:11:25 - [TEST_STEP][PASSED] - Thread.sleep(1000): null

2020-06-09 00:11:26 - [TEST_STEP][PASSED] - OfficerLists = [1:"Aaron Sham Wai Lun (AARON)", 2:"Azidah Bte Akmad (Mdm) (USAABD)", 3:"Chung Fong Nyen (USACFN)", 4:"David Tey Dah Wei (DAHWEI)", ... ]: null

2020-06-09 00:11:26 - [TEST_STEP][PASSED] - ValueFound = OfficerLists.find({ -> ... }): null

2020-06-09 00:11:26 - [MESSAGE][PASSED] - Call Test Case 'Test Cases/PFI Precision and Scale/HashMap Tables/OfficerLists' successfully

2020-06-09 00:11:26 - [TEST_STEP][PASSED] - println(ValueFound): null

2020-06-09 00:11:26 - [TEST_STEP][PASSED] - sendKeys(NewInputNmField, Keys.chord(ARROW_DOWN)): Keys 'DOWN + ' sent to object: 'Object Repository/Objects.HighlightElements/input_field_index'

2020-06-09 00:11:26 - [MESSAGE][PASSED] - Keys 'DOWN + ' sent to object: 'Object Repository/Objects.HighlightElements/input_field_index'

2020-06-09 00:11:26 - [TEST_STEP][PASSED] - sendKeys(NewInputNmField, Keys.chord(ARROW_DOWN)): Keys 'DOWN + ' sent to object: 'Object Repository/Objects.HighlightElements/input_field_index'

2020-06-09 00:11:27 - [MESSAGE][PASSED] - Keys 'DOWN + ' sent to object: 'Object Repository/Objects.HighlightElements/input_field_index'

2020-06-09 00:11:27 - [TEST_STEP][PASSED] - delay(DelayTime): Delayed 2 second(s)

2020-06-09 00:11:29 - [MESSAGE][PASSED] - Delayed 2 second(s)

2020-06-09 00:11:29 - [TEST_STEP][PASSED] - sendKeys(NewInputNmField, Keys.chord(ENTER)): Keys 'ENTER + ' sent to object: 'Object Repository/Objects.HighlightElements/input_field_index'

2020-06-09 00:11:29 - [MESSAGE][PASSED] - Keys 'ENTER + ' sent to object: 'Object Repository/Objects.HighlightElements/input_field_index'

2020-06-09 00:11:29 - [TEST_STEP][PASSED] - ComboBoxValue = getAttribute(NewInputNmField, "value"): Attribute 'value' of object 'Object Repository/Objects.HighlightElements/input_field_index' is: 'Lim Beng Kwee (BENGKWEE)'

2020-06-09 00:11:29 - [MESSAGE][PASSED] - Attribute 'value' of object 'Object Repository/Objects.HighlightElements/input_field_index' is: 'Lim Beng Kwee (BENGKWEE)'

2020-06-09 00:11:29 - [TEST_STEP][PASSED] - callTestCase(findTestCase(CallTCName), ["FindValue":ComboBoxValue, "DropdownNm":comboNm], STOP_ON_FAILURE): Call Test Case 'Test Cases/PFI Precision and Scale/HashMap Tables/OfficerLists' successfully

2020-06-09 00:11:29 - [TEST_CASE][PASSED] - Test Cases/PFI Precision and Scale/HashMap Tables/OfficerLists: Test Cases/PFI Precision and Scale/HashMap Tables/OfficerLists

2020-06-09 00:11:29 - [TEST_STEP][PASSED] - Thread.sleep(1000): null

2020-06-09 00:11:30 - [TEST_STEP][PASSED] - OfficerLists = [1:"Aaron Sham Wai Lun (AARON)", 2:"Azidah Bte Akmad (Mdm) (USAABD)", 3:"Chung Fong Nyen (USACFN)", 4:"David Tey Dah Wei (DAHWEI)", ... ]: null

2020-06-09 00:11:30 - [TEST_STEP][PASSED] - ValueFound = OfficerLists.find({ -> ... }): null

2020-06-09 00:11:30 - [MESSAGE][PASSED] - Call Test Case 'Test Cases/PFI Precision and Scale/HashMap Tables/OfficerLists' successfully

2020-06-09 00:11:30 - [TEST_STEP][PASSED] - println(ValueFound): null

2020-06-09 00:11:30 - [TEST_STEP][PASSED] - sendKeys(NewInputNmField, Keys.chord(ARROW_DOWN)): Keys 'DOWN + ' sent to object: 'Object Repository/Objects.HighlightElements/input_field_index'

2020-06-09 00:11:30 - [MESSAGE][PASSED] - Keys 'DOWN + ' sent to object: 'Object Repository/Objects.HighlightElements/input_field_index'

2020-06-09 00:11:30 - [TEST_STEP][PASSED] - sendKeys(NewInputNmField, Keys.chord(ARROW_DOWN)): Keys 'DOWN + ' sent to object: 'Object Repository/Objects.HighlightElements/input_field_index'

2020-06-09 00:11:30 - [MESSAGE][PASSED] - Keys 'DOWN + ' sent to object: 'Object Repository/Objects.HighlightElements/input_field_index'

2020-06-09 00:11:30 - [TEST_STEP][PASSED] - delay(DelayTime): Delayed 2 second(s)

2020-06-09 00:11:32 - [MESSAGE][PASSED] - Delayed 2 second(s)

2020-06-09 00:11:32 - [TEST_STEP][PASSED] - sendKeys(NewInputNmField, Keys.chord(ENTER)): Keys 'ENTER + ' sent to object: 'Object Repository/Objects.HighlightElements/input_field_index'

2020-06-09 00:11:34 - [MESSAGE][PASSED] - Keys 'ENTER + ' sent to object: 'Object Repository/Objects.HighlightElements/input_field_index'

2020-06-09 00:11:34 - [TEST_STEP][PASSED] - ComboBoxValue = getAttribute(NewInputNmField, "value"): Attribute 'value' of object 'Object Repository/Objects.HighlightElements/input_field_index' is: 'Lim Leng Boon (LENGBOON)'

2020-06-09 00:11:36 - [MESSAGE][PASSED] - Attribute 'value' of object 'Object Repository/Objects.HighlightElements/input_field_index' is: 'Lim Leng Boon (LENGBOON)'

2020-06-09 00:11:36 - [TEST_STEP][PASSED] - callTestCase(findTestCase(CallTCName), ["FindValue":ComboBoxValue, "DropdownNm":comboNm], STOP_ON_FAILURE): Call Test Case 'Test Cases/PFI Precision and Scale/HashMap Tables/OfficerLists' successfully

2020-06-09 00:11:42 - [TEST_CASE][PASSED] - Test Cases/PFI Precision and Scale/HashMap Tables/OfficerLists: Test Cases/PFI Precision and Scale/HashMap Tables/OfficerLists

2020-06-09 00:11:48 - [TEST_STEP][PASSED] - Thread.sleep(1000): null

2020-06-09 00:11:49 - [TEST_STEP][PASSED] - OfficerLists = [1:"Aaron Sham Wai Lun (AARON)", 2:"Azidah Bte Akmad (Mdm) (USAABD)", 3:"Chung Fong Nyen (USACFN)", 4:"David Tey Dah Wei (DAHWEI)", ... ]: null

2020-06-09 00:11:49 - [TEST_STEP][PASSED] - ValueFound = OfficerLists.find({ -> ... }): null

2020-06-09 00:11:49 - [MESSAGE][PASSED] - Call Test Case 'Test Cases/PFI Precision and Scale/HashMap Tables/OfficerLists' successfully

2020-06-09 00:11:49 - [TEST_STEP][PASSED] - println(ValueFound): null

2020-06-09 00:11:49 - [TEST_STEP][PASSED] - sendKeys(NewInputNmField, Keys.chord(ARROW_DOWN)): Keys 'DOWN + ' sent to object: 'Object Repository/Objects.HighlightElements/input_field_index'

2020-06-09 00:11:51 - [MESSAGE][PASSED] - Keys 'DOWN + ' sent to object: 'Object Repository/Objects.HighlightElements/input_field_index'

2020-06-09 00:11:51 - [TEST_STEP][PASSED] - sendKeys(NewInputNmField, Keys.chord(ARROW_DOWN)): Keys 'DOWN + ' sent to object: 'Object Repository/Objects.HighlightElements/input_field_index'

2020-06-09 00:11:52 - [MESSAGE][PASSED] - Keys 'DOWN + ' sent to object: 'Object Repository/Objects.HighlightElements/input_field_index'

2020-06-09 00:11:52 - [TEST_STEP][PASSED] - delay(DelayTime): Delayed 2 second(s)

2020-06-09 00:11:55 - [MESSAGE][PASSED] - Delayed 2 second(s)

2020-06-09 00:11:55 - [TEST_STEP][PASSED] - sendKeys(NewInputNmField, Keys.chord(ENTER)): Keys 'ENTER + ' sent to object: 'Object Repository/Objects.HighlightElements/input_field_index'

2020-06-09 00:11:58 - [MESSAGE][PASSED] - Keys 'ENTER + ' sent to object: 'Object Repository/Objects.HighlightElements/input_field_index'

2020-06-09 00:11:58 - [TEST_STEP][PASSED] - ComboBoxValue = getAttribute(NewInputNmField, "value"): Attribute 'value' of object 'Object Repository/Objects.HighlightElements/input_field_index' is: 'Liu Xiaopeng (XIAOPENG)'

2020-06-09 00:12:03 - [MESSAGE][PASSED] - Attribute 'value' of object 'Object Repository/Objects.HighlightElements/input_field_index' is: 'Liu Xiaopeng (XIAOPENG)'

2020-06-09 00:12:03 - [TEST_STEP][PASSED] - callTestCase(findTestCase(CallTCName), ["FindValue":ComboBoxValue, "DropdownNm":comboNm], STOP_ON_FAILURE): Call Test Case 'Test Cases/PFI Precision and Scale/HashMap Tables/OfficerLists' successfully

2020-06-09 00:12:11 - [TEST_CASE][PASSED] - Test Cases/PFI Precision and Scale/HashMap Tables/OfficerLists: Test Cases/PFI Precision and Scale/HashMap Tables/OfficerLists

2020-06-09 00:12:13 - [TEST_STEP][PASSED] - Thread.sleep(1000): null

2020-06-09 00:12:14 - [TEST_STEP][PASSED] - OfficerLists = [1:"Aaron Sham Wai Lun (AARON)", 2:"Azidah Bte Akmad (Mdm) (USAABD)", 3:"Chung Fong Nyen (USACFN)", 4:"David Tey Dah Wei (DAHWEI)", ... ]: null

2020-06-09 00:12:14 - [TEST_STEP][PASSED] - ValueFound = OfficerLists.find({ -> ... }): null

2020-06-09 00:12:14 - [MESSAGE][PASSED] - Call Test Case 'Test Cases/PFI Precision and Scale/HashMap Tables/OfficerLists' successfully

2020-06-09 00:12:14 - [TEST_STEP][PASSED] - println(ValueFound): null

2020-06-09 00:12:14 - [TEST_STEP][PASSED] - sendKeys(NewInputNmField, Keys.chord(ARROW_DOWN)): Keys 'DOWN + ' sent to object: 'Object Repository/Objects.HighlightElements/input_field_index'

2020-06-09 00:12:16 - [MESSAGE][PASSED] - Keys 'DOWN + ' sent to object: 'Object Repository/Objects.HighlightElements/input_field_index'

2020-06-09 00:12:16 - [TEST_STEP][PASSED] - sendKeys(NewInputNmField, Keys.chord(ARROW_DOWN)): Keys 'DOWN + ' sent to object: 'Object Repository/Objects.HighlightElements/input_field_index'

2020-06-09 00:12:19 - [MESSAGE][PASSED] - Keys 'DOWN + ' sent to object: 'Object Repository/Objects.HighlightElements/input_field_index'

2020-06-09 00:12:19 - [TEST_STEP][PASSED] - delay(DelayTime): Delayed 2 second(s)

2020-06-09 00:12:22 - [MESSAGE][PASSED] - Delayed 2 second(s)

2020-06-09 00:12:22 - [TEST_STEP][PASSED] - sendKeys(NewInputNmField, Keys.chord(ENTER)): Keys 'ENTER + ' sent to object: 'Object Repository/Objects.HighlightElements/input_field_index'

2020-06-09 00:12:24 - [MESSAGE][PASSED] - Keys 'ENTER + ' sent to object: 'Object Repository/Objects.HighlightElements/input_field_index'

2020-06-09 00:12:24 - [TEST_STEP][PASSED] - ComboBoxValue = getAttribute(NewInputNmField, "value"): Attribute 'value' of object 'Object Repository/Objects.HighlightElements/input_field_index' is: 'Lu Ji Ju (Mdm) (USALJJ)'

2020-06-09 00:12:25 - [MESSAGE][PASSED] - Attribute 'value' of object 'Object Repository/Objects.HighlightElements/input_field_index' is: 'Lu Ji Ju (Mdm) (USALJJ)'

2020-06-09 00:12:25 - [TEST_STEP][PASSED] - callTestCase(findTestCase(CallTCName), ["FindValue":ComboBoxValue, "DropdownNm":comboNm], STOP_ON_FAILURE): Call Test Case 'Test Cases/PFI Precision and Scale/HashMap Tables/OfficerLists' successfully

2020-06-09 00:12:32 - [TEST_CASE][PASSED] - Test Cases/PFI Precision and Scale/HashMap Tables/OfficerLists: Test Cases/PFI Precision and Scale/HashMap Tables/OfficerLists

2020-06-09 00:12:38 - [TEST_STEP][PASSED] - Thread.sleep(1000): null

2020-06-09 00:12:39 - [TEST_STEP][PASSED] - OfficerLists = [1:"Aaron Sham Wai Lun (AARON)", 2:"Azidah Bte Akmad (Mdm) (USAABD)", 3:"Chung Fong Nyen (USACFN)", 4:"David Tey Dah Wei (DAHWEI)", ... ]: null

2020-06-09 00:12:39 - [TEST_STEP][PASSED] - ValueFound = OfficerLists.find({ -> ... }): null

2020-06-09 00:12:39 - [MESSAGE][PASSED] - Call Test Case 'Test Cases/PFI Precision and Scale/HashMap Tables/OfficerLists' successfully

2020-06-09 00:12:39 - [TEST_STEP][PASSED] - println(ValueFound): null

2020-06-09 00:12:39 - [TEST_STEP][PASSED] - sendKeys(NewInputNmField, Keys.chord(ARROW_DOWN)): Keys 'DOWN + ' sent to object: 'Object Repository/Objects.HighlightElements/input_field_index'

2020-06-09 00:12:40 - [MESSAGE][PASSED] - Keys 'DOWN + ' sent to object: 'Object Repository/Objects.HighlightElements/input_field_index'

2020-06-09 00:12:40 - [TEST_STEP][PASSED] - sendKeys(NewInputNmField, Keys.chord(ARROW_DOWN)): Keys 'DOWN + ' sent to object: 'Object Repository/Objects.HighlightElements/input_field_index'

2020-06-09 00:12:41 - [MESSAGE][PASSED] - Keys 'DOWN + ' sent to object: 'Object Repository/Objects.HighlightElements/input_field_index'

2020-06-09 00:12:41 - [TEST_STEP][PASSED] - delay(DelayTime): Delayed 2 second(s)

2020-06-09 00:12:43 - [MESSAGE][PASSED] - Delayed 2 second(s)

2020-06-09 00:12:43 - [TEST_STEP][PASSED] - sendKeys(NewInputNmField, Keys.chord(ENTER)): Keys 'ENTER + ' sent to object: 'Object Repository/Objects.HighlightElements/input_field_index'

2020-06-09 00:12:45 - [MESSAGE][PASSED] - Keys 'ENTER + ' sent to object: 'Object Repository/Objects.HighlightElements/input_field_index'

2020-06-09 00:12:45 - [TEST_STEP][PASSED] - ComboBoxValue = getAttribute(NewInputNmField, "value"): Attribute 'value' of object 'Object Repository/Objects.HighlightElements/input_field_index' is: 'Mohd Jeffri Bin Abdul Rahim (MOHDJEFFRI)'

2020-06-09 00:12:49 - [MESSAGE][PASSED] - Attribute 'value' of object 'Object Repository/Objects.HighlightElements/input_field_index' is: 'Mohd Jeffri Bin Abdul Rahim (MOHDJEFFRI)'

2020-06-09 00:12:49 - [TEST_STEP][PASSED] - callTestCase(findTestCase(CallTCName), ["FindValue":ComboBoxValue, "DropdownNm":comboNm], STOP_ON_FAILURE): Call Test Case 'Test Cases/PFI Precision and Scale/HashMap Tables/OfficerLists' successfully

2020-06-09 00:12:53 - [TEST_CASE][PASSED] - Test Cases/PFI Precision and Scale/HashMap Tables/OfficerLists: Test Cases/PFI Precision and Scale/HashMap Tables/OfficerLists

2020-06-09 00:12:55 - [TEST_STEP][PASSED] - Thread.sleep(1000): null

2020-06-09 00:12:56 - [TEST_STEP][PASSED] - OfficerLists = [1:"Aaron Sham Wai Lun (AARON)", 2:"Azidah Bte Akmad (Mdm) (USAABD)", 3:"Chung Fong Nyen (USACFN)", 4:"David Tey Dah Wei (DAHWEI)", ... ]: null

2020-06-09 00:12:56 - [TEST_STEP][PASSED] - ValueFound = OfficerLists.find({ -> ... }): null

2020-06-09 00:12:56 - [MESSAGE][PASSED] - Call Test Case 'Test Cases/PFI Precision and Scale/HashMap Tables/OfficerLists' successfully

2020-06-09 00:12:56 - [TEST_STEP][PASSED] - println(ValueFound): null

2020-06-09 00:12:56 - [TEST_STEP][PASSED] - sendKeys(NewInputNmField, Keys.chord(ARROW_DOWN)): Keys 'DOWN + ' sent to object: 'Object Repository/Objects.HighlightElements/input_field_index'

2020-06-09 00:12:56 - [MESSAGE][PASSED] - Keys 'DOWN + ' sent to object: 'Object Repository/Objects.HighlightElements/input_field_index'

2020-06-09 00:12:56 - [TEST_STEP][PASSED] - sendKeys(NewInputNmField, Keys.chord(ARROW_DOWN)): Keys 'DOWN + ' sent to object: 'Object Repository/Objects.HighlightElements/input_field_index'

2020-06-09 00:12:58 - [MESSAGE][PASSED] - Keys 'DOWN + ' sent to object: 'Object Repository/Objects.HighlightElements/input_field_index'

2020-06-09 00:12:58 - [TEST_STEP][PASSED] - delay(DelayTime): Delayed 2 second(s)

2020-06-09 00:13:00 - [MESSAGE][PASSED] - Delayed 2 second(s)

2020-06-09 00:13:00 - [TEST_STEP][PASSED] - sendKeys(NewInputNmField, Keys.chord(ENTER)): Keys 'ENTER + ' sent to object: 'Object Repository/Objects.HighlightElements/input_field_index'

2020-06-09 00:13:02 - [MESSAGE][PASSED] - Keys 'ENTER + ' sent to object: 'Object Repository/Objects.HighlightElements/input_field_index'

2020-06-09 00:13:02 - [TEST_STEP][PASSED] - ComboBoxValue = getAttribute(NewInputNmField, "value"): Attribute 'value' of object 'Object Repository/Objects.HighlightElements/input_field_index' is: 'Richard Lim Fang Ping (FANGPING)'

2020-06-09 00:13:04 - [MESSAGE][PASSED] - Attribute 'value' of object 'Object Repository/Objects.HighlightElements/input_field_index' is: 'Richard Lim Fang Ping (FANGPING)'

2020-06-09 00:13:04 - [TEST_STEP][PASSED] - callTestCase(findTestCase(CallTCName), ["FindValue":ComboBoxValue, "DropdownNm":comboNm], STOP_ON_FAILURE): Call Test Case 'Test Cases/PFI Precision and Scale/HashMap Tables/OfficerLists' successfully

2020-06-09 00:13:06 - [TEST_CASE][PASSED] - Test Cases/PFI Precision and Scale/HashMap Tables/OfficerLists: Test Cases/PFI Precision and Scale/HashMap Tables/OfficerLists

2020-06-09 00:13:11 - [TEST_STEP][PASSED] - Thread.sleep(1000): null

2020-06-09 00:13:12 - [TEST_STEP][PASSED] - OfficerLists = [1:"Aaron Sham Wai Lun (AARON)", 2:"Azidah Bte Akmad (Mdm) (USAABD)", 3:"Chung Fong Nyen (USACFN)", 4:"David Tey Dah Wei (DAHWEI)", ... ]: null

2020-06-09 00:13:12 - [TEST_STEP][PASSED] - ValueFound = OfficerLists.find({ -> ... }): null

2020-06-09 00:13:12 - [MESSAGE][PASSED] - Call Test Case 'Test Cases/PFI Precision and Scale/HashMap Tables/OfficerLists' successfully

2020-06-09 00:13:12 - [TEST_STEP][PASSED] - println(ValueFound): null

2020-06-09 00:13:12 - [TEST_STEP][PASSED] - sendKeys(NewInputNmField, Keys.chord(ARROW_DOWN)): Keys 'DOWN + ' sent to object: 'Object Repository/Objects.HighlightElements/input_field_index'

2020-06-09 00:13:14 - [MESSAGE][PASSED] - Keys 'DOWN + ' sent to object: 'Object Repository/Objects.HighlightElements/input_field_index'

2020-06-09 00:13:14 - [TEST_STEP][PASSED] - sendKeys(NewInputNmField, Keys.chord(ARROW_DOWN)): Keys 'DOWN + ' sent to object: 'Object Repository/Objects.HighlightElements/input_field_index'

2020-06-09 00:13:14 - [MESSAGE][PASSED] - Keys 'DOWN + ' sent to object: 'Object Repository/Objects.HighlightElements/input_field_index'

2020-06-09 00:13:14 - [TEST_STEP][PASSED] - delay(DelayTime): Delayed 2 second(s)

2020-06-09 00:13:16 - [MESSAGE][PASSED] - Delayed 2 second(s)

2020-06-09 00:13:16 - [TEST_STEP][PASSED] - sendKeys(NewInputNmField, Keys.chord(ENTER)): Keys 'ENTER + ' sent to object: 'Object Repository/Objects.HighlightElements/input_field_index'

2020-06-09 00:13:18 - [MESSAGE][PASSED] - Keys 'ENTER + ' sent to object: 'Object Repository/Objects.HighlightElements/input_field_index'

2020-06-09 00:13:18 - [TEST_STEP][PASSED] - ComboBoxValue = getAttribute(NewInputNmField, "value"): Attribute 'value' of object 'Object Repository/Objects.HighlightElements/input_field_index' is: 'RITA WONG SIONG ING (RITAWONG)'

2020-06-09 00:13:20 - [MESSAGE][PASSED] - Attribute 'value' of object 'Object Repository/Objects.HighlightElements/input_field_index' is: 'RITA WONG SIONG ING (RITAWONG)'

2020-06-09 00:13:20 - [TEST_STEP][PASSED] - callTestCase(findTestCase(CallTCName), ["FindValue":ComboBoxValue, "DropdownNm":comboNm], STOP_ON_FAILURE): Call Test Case 'Test Cases/PFI Precision and Scale/HashMap Tables/OfficerLists' successfully

2020-06-09 00:13:27 - [TEST_CASE][PASSED] - Test Cases/PFI Precision and Scale/HashMap Tables/OfficerLists: Test Cases/PFI Precision and Scale/HashMap Tables/OfficerLists

2020-06-09 00:13:31 - [TEST_STEP][PASSED] - Thread.sleep(1000): null

2020-06-09 00:13:32 - [TEST_STEP][PASSED] - OfficerLists = [1:"Aaron Sham Wai Lun (AARON)", 2:"Azidah Bte Akmad (Mdm) (USAABD)", 3:"Chung Fong Nyen (USACFN)", 4:"David Tey Dah Wei (DAHWEI)", ... ]: null

2020-06-09 00:13:32 - [TEST_STEP][PASSED] - ValueFound = OfficerLists.find({ -> ... }): null

2020-06-09 00:13:32 - [MESSAGE][PASSED] - Call Test Case 'Test Cases/PFI Precision and Scale/HashMap Tables/OfficerLists' successfully

2020-06-09 00:13:32 - [TEST_STEP][PASSED] - println(ValueFound): null

2020-06-09 00:13:32 - [TEST_STEP][PASSED] - sendKeys(NewInputNmField, Keys.chord(ARROW_DOWN)): Keys 'DOWN + ' sent to object: 'Object Repository/Objects.HighlightElements/input_field_index'

2020-06-09 00:13:34 - [MESSAGE][PASSED] - Keys 'DOWN + ' sent to object: 'Object Repository/Objects.HighlightElements/input_field_index'

2020-06-09 00:13:34 - [TEST_STEP][PASSED] - sendKeys(NewInputNmField, Keys.chord(ARROW_DOWN)): Keys 'DOWN + ' sent to object: 'Object Repository/Objects.HighlightElements/input_field_index'

2020-06-09 00:13:35 - [MESSAGE][PASSED] - Keys 'DOWN + ' sent to object: 'Object Repository/Objects.HighlightElements/input_field_index'

2020-06-09 00:13:35 - [TEST_STEP][PASSED] - delay(DelayTime): Delayed 2 second(s)

2020-06-09 00:13:38 - [MESSAGE][PASSED] - Delayed 2 second(s)

2020-06-09 00:13:38 - [TEST_STEP][PASSED] - sendKeys(NewInputNmField, Keys.chord(ENTER)): Keys 'ENTER + ' sent to object: 'Object Repository/Objects.HighlightElements/input_field_index'

2020-06-09 00:13:39 - [MESSAGE][PASSED] - Keys 'ENTER + ' sent to object: 'Object Repository/Objects.HighlightElements/input_field_index'

2020-06-09 00:13:40 - [TEST_STEP][PASSED] - ComboBoxValue = getAttribute(NewInputNmField, "value"): Attribute 'value' of object 'Object Repository/Objects.HighlightElements/input_field_index' is: 'Shi Hong Wei (HONGWEI)'

2020-06-09 00:13:41 - [MESSAGE][PASSED] - Attribute 'value' of object 'Object Repository/Objects.HighlightElements/input_field_index' is: 'Shi Hong Wei (HONGWEI)'

2020-06-09 00:13:41 - [TEST_STEP][PASSED] - callTestCase(findTestCase(CallTCName), ["FindValue":ComboBoxValue, "DropdownNm":comboNm], STOP_ON_FAILURE): Call Test Case 'Test Cases/PFI Precision and Scale/HashMap Tables/OfficerLists' successfully

2020-06-09 00:13:47 - [TEST_CASE][PASSED] - Test Cases/PFI Precision and Scale/HashMap Tables/OfficerLists: Test Cases/PFI Precision and Scale/HashMap Tables/OfficerLists

2020-06-09 00:13:53 - [TEST_STEP][PASSED] - Thread.sleep(1000): null

2020-06-09 00:13:54 - [TEST_STEP][PASSED] - OfficerLists = [1:"Aaron Sham Wai Lun (AARON)", 2:"Azidah Bte Akmad (Mdm) (USAABD)", 3:"Chung Fong Nyen (USACFN)", 4:"David Tey Dah Wei (DAHWEI)", ... ]: null

2020-06-09 00:13:54 - [TEST_STEP][PASSED] - ValueFound = OfficerLists.find({ -> ... }): null

2020-06-09 00:13:54 - [MESSAGE][PASSED] - Call Test Case 'Test Cases/PFI Precision and Scale/HashMap Tables/OfficerLists' successfully

2020-06-09 00:13:54 - [TEST_STEP][PASSED] - println(ValueFound): null

2020-06-09 00:13:54 - [TEST_STEP][PASSED] - sendKeys(NewInputNmField, Keys.chord(ARROW_DOWN)): Keys 'DOWN + ' sent to object: 'Object Repository/Objects.HighlightElements/input_field_index'

2020-06-09 00:13:56 - [MESSAGE][PASSED] - Keys 'DOWN + ' sent to object: 'Object Repository/Objects.HighlightElements/input_field_index'

2020-06-09 00:13:56 - [TEST_STEP][PASSED] - sendKeys(NewInputNmField, Keys.chord(ARROW_DOWN)): Keys 'DOWN + ' sent to object: 'Object Repository/Objects.HighlightElements/input_field_index'

2020-06-09 00:13:57 - [MESSAGE][PASSED] - Keys 'DOWN + ' sent to object: 'Object Repository/Objects.HighlightElements/input_field_index'

2020-06-09 00:13:57 - [TEST_STEP][PASSED] - delay(DelayTime): Delayed 2 second(s)

2020-06-09 00:14:00 - [MESSAGE][PASSED] - Delayed 2 second(s)

2020-06-09 00:14:00 - [TEST_STEP][PASSED] - sendKeys(NewInputNmField, Keys.chord(ENTER)): Keys 'ENTER + ' sent to object: 'Object Repository/Objects.HighlightElements/input_field_index'

2020-06-09 00:14:03 - [MESSAGE][PASSED] - Keys 'ENTER + ' sent to object: 'Object Repository/Objects.HighlightElements/input_field_index'

2020-06-09 00:14:03 - [TEST_STEP][PASSED] - ComboBoxValue = getAttribute(NewInputNmField, "value"): Attribute 'value' of object 'Object Repository/Objects.HighlightElements/input_field_index' is: 'Tan Jing Ying (JINGYING)'

2020-06-09 00:14:08 - [MESSAGE][PASSED] - Attribute 'value' of object 'Object Repository/Objects.HighlightElements/input_field_index' is: 'Tan Jing Ying (JINGYING)'

2020-06-09 00:14:08 - [TEST_STEP][PASSED] - callTestCase(findTestCase(CallTCName), ["FindValue":ComboBoxValue, "DropdownNm":comboNm], STOP_ON_FAILURE): Call Test Case 'Test Cases/PFI Precision and Scale/HashMap Tables/OfficerLists' successfully

2020-06-09 00:14:17 - [TEST_CASE][PASSED] - Test Cases/PFI Precision and Scale/HashMap Tables/OfficerLists: Test Cases/PFI Precision and Scale/HashMap Tables/OfficerLists

2020-06-09 00:14:25 - [TEST_STEP][PASSED] - Thread.sleep(1000): null

2020-06-09 00:14:26 - [TEST_STEP][PASSED] - OfficerLists = [1:"Aaron Sham Wai Lun (AARON)", 2:"Azidah Bte Akmad (Mdm) (USAABD)", 3:"Chung Fong Nyen (USACFN)", 4:"David Tey Dah Wei (DAHWEI)", ... ]: null

2020-06-09 00:14:26 - [TEST_STEP][PASSED] - ValueFound = OfficerLists.find({ -> ... }): null

2020-06-09 00:14:26 - [MESSAGE][PASSED] - Call Test Case 'Test Cases/PFI Precision and Scale/HashMap Tables/OfficerLists' successfully

2020-06-09 00:14:26 - [TEST_STEP][PASSED] - println(ValueFound): null

2020-06-09 00:14:26 - [TEST_STEP][PASSED] - sendKeys(NewInputNmField, Keys.chord(ARROW_DOWN)): Keys 'DOWN + ' sent to object: 'Object Repository/Objects.HighlightElements/input_field_index'

2020-06-09 00:14:29 - [MESSAGE][PASSED] - Keys 'DOWN + ' sent to object: 'Object Repository/Objects.HighlightElements/input_field_index'

2020-06-09 00:14:29 - [TEST_STEP][PASSED] - sendKeys(NewInputNmField, Keys.chord(ARROW_DOWN)): Keys 'DOWN + ' sent to object: 'Object Repository/Objects.HighlightElements/input_field_index'

2020-06-09 00:14:31 - [MESSAGE][PASSED] - Keys 'DOWN + ' sent to object: 'Object Repository/Objects.HighlightElements/input_field_index'

2020-06-09 00:14:31 - [TEST_STEP][PASSED] - delay(DelayTime): Delayed 2 second(s)

2020-06-09 00:14:34 - [MESSAGE][PASSED] - Delayed 2 second(s)

2020-06-09 00:14:34 - [TEST_STEP][PASSED] - sendKeys(NewInputNmField, Keys.chord(ENTER)): Keys 'ENTER + ' sent to object: 'Object Repository/Objects.HighlightElements/input_field_index'

2020-06-09 00:14:35 - [MESSAGE][PASSED] - Keys 'ENTER + ' sent to object: 'Object Repository/Objects.HighlightElements/input_field_index'

2020-06-09 00:14:35 - [TEST_STEP][PASSED] - ComboBoxValue = getAttribute(NewInputNmField, "value"): Attribute 'value' of object 'Object Repository/Objects.HighlightElements/input_field_index' is: 'Tan Kwan Joo (KWANJOO)'

2020-06-09 00:14:41 - [MESSAGE][PASSED] - Attribute 'value' of object 'Object Repository/Objects.HighlightElements/input_field_index' is: 'Tan Kwan Joo (KWANJOO)'

2020-06-09 00:14:41 - [TEST_STEP][PASSED] - callTestCase(findTestCase(CallTCName), ["FindValue":ComboBoxValue, "DropdownNm":comboNm], STOP_ON_FAILURE): Call Test Case 'Test Cases/PFI Precision and Scale/HashMap Tables/OfficerLists' successfully

2020-06-09 00:14:50 - [TEST_CASE][PASSED] - Test Cases/PFI Precision and Scale/HashMap Tables/OfficerLists: Test Cases/PFI Precision and Scale/HashMap Tables/OfficerLists

2020-06-09 00:14:53 - [TEST_STEP][PASSED] - Thread.sleep(1000): null

2020-06-09 00:14:54 - [TEST_STEP][PASSED] - OfficerLists = [1:"Aaron Sham Wai Lun (AARON)", 2:"Azidah Bte Akmad (Mdm) (USAABD)", 3:"Chung Fong Nyen (USACFN)", 4:"David Tey Dah Wei (DAHWEI)", ... ]: null

2020-06-09 00:14:54 - [TEST_STEP][PASSED] - ValueFound = OfficerLists.find({ -> ... }): null

2020-06-09 00:14:54 - [MESSAGE][PASSED] - Call Test Case 'Test Cases/PFI Precision and Scale/HashMap Tables/OfficerLists' successfully

2020-06-09 00:14:54 - [TEST_STEP][PASSED] - println(ValueFound): null

2020-06-09 00:14:54 - [TEST_STEP][PASSED] - sendKeys(NewInputNmField, Keys.chord(ARROW_DOWN)): Keys 'DOWN + ' sent to object: 'Object Repository/Objects.HighlightElements/input_field_index'

2020-06-09 00:14:57 - [MESSAGE][PASSED] - Keys 'DOWN + ' sent to object: 'Object Repository/Objects.HighlightElements/input_field_index'

2020-06-09 00:14:57 - [TEST_STEP][PASSED] - sendKeys(NewInputNmField, Keys.chord(ARROW_DOWN)): Keys 'DOWN + ' sent to object: 'Object Repository/Objects.HighlightElements/input_field_index'

2020-06-09 00:14:58 - [MESSAGE][PASSED] - Keys 'DOWN + ' sent to object: 'Object Repository/Objects.HighlightElements/input_field_index'

2020-06-09 00:14:58 - [TEST_STEP][PASSED] - delay(DelayTime): Delayed 2 second(s)

2020-06-09 00:15:01 - [MESSAGE][PASSED] - Delayed 2 second(s)

2020-06-09 00:15:01 - [TEST_STEP][PASSED] - sendKeys(NewInputNmField, Keys.chord(ENTER)): Keys 'ENTER + ' sent to object: 'Object Repository/Objects.HighlightElements/input_field_index'

2020-06-09 00:15:02 - [MESSAGE][PASSED] - Keys 'ENTER + ' sent to object: 'Object Repository/Objects.HighlightElements/input_field_index'

2020-06-09 00:15:02 - [TEST_STEP][PASSED] - ComboBoxValue = getAttribute(NewInputNmField, "value"): Attribute 'value' of object 'Object Repository/Objects.HighlightElements/input_field_index' is: 'Titus Chua Hwa Ping (TITUS)'

2020-06-09 00:15:04 - [MESSAGE][PASSED] - Attribute 'value' of object 'Object Repository/Objects.HighlightElements/input_field_index' is: 'Titus Chua Hwa Ping (TITUS)'

2020-06-09 00:15:04 - [TEST_STEP][PASSED] - callTestCase(findTestCase(CallTCName), ["FindValue":ComboBoxValue, "DropdownNm":comboNm], STOP_ON_FAILURE): Call Test Case 'Test Cases/PFI Precision and Scale/HashMap Tables/OfficerLists' successfully

2020-06-09 00:15:08 - [TEST_CASE][PASSED] - Test Cases/PFI Precision and Scale/HashMap Tables/OfficerLists: Test Cases/PFI Precision and Scale/HashMap Tables/OfficerLists

2020-06-09 00:15:11 - [TEST_STEP][PASSED] - Thread.sleep(1000): null

2020-06-09 00:15:12 - [TEST_STEP][PASSED] - OfficerLists = [1:"Aaron Sham Wai Lun (AARON)", 2:"Azidah Bte Akmad (Mdm) (USAABD)", 3:"Chung Fong Nyen (USACFN)", 4:"David Tey Dah Wei (DAHWEI)", ... ]: null

2020-06-09 00:15:12 - [TEST_STEP][PASSED] - ValueFound = OfficerLists.find({ -> ... }): null

2020-06-09 00:15:12 - [MESSAGE][PASSED] - Call Test Case 'Test Cases/PFI Precision and Scale/HashMap Tables/OfficerLists' successfully

2020-06-09 00:15:12 - [TEST_STEP][PASSED] - println(ValueFound): null

2020-06-09 00:15:12 - [TEST_STEP][PASSED] - sendKeys(NewInputNmField, Keys.chord(ARROW_DOWN)): Keys 'DOWN + ' sent to object: 'Object Repository/Objects.HighlightElements/input_field_index'

2020-06-09 00:15:14 - [MESSAGE][PASSED] - Keys 'DOWN + ' sent to object: 'Object Repository/Objects.HighlightElements/input_field_index'

2020-06-09 00:15:14 - [TEST_STEP][PASSED] - sendKeys(NewInputNmField, Keys.chord(ENTER)): Keys 'ENTER + ' sent to object: 'Object Repository/Objects.HighlightElements/input_field_index'

2020-06-09 00:15:17 - [MESSAGE][PASSED] - Keys 'ENTER + ' sent to object: 'Object Repository/Objects.HighlightElements/input_field_index'

2020-06-09 00:15:17 - [MESSAGE][PASSED] - Call Test Case 'Test Cases/PFI Precision and Scale/PFI Components with Indexing/VerifyDropdownValuesXPI' successfully

2020-06-09 00:15:17 - [TEST_STEP][PASSED] - callTestCase(findTestCase("Components/SelectAllThenDeleteIndex"), ["nameToBeUsed":"officer", "index":"1"], STOP_ON_FAILURE): Call Test Case 'Test Cases/Components/SelectAllThenDeleteIndex' successfully

2020-06-09 00:15:21 - [TEST_CASE][PASSED] - Test Cases/Components/SelectAllThenDeleteIndex: Test Cases/Components/SelectAllThenDeleteIndex

2020-06-09 00:15:21 - [TEST_STEP][PASSED] - Thread.sleep(1000): null

2020-06-09 00:15:22 - [TEST_STEP][PASSED] - modifiedObj = modifyObjectProperty(findTestObject("Object Repository/Objects.HighlightElements/input_field_index"), "xpath", "equals", "(//*[contains(@class,'x-form-text') and (@name='" + nameToBeUsed + "')])[" + index + "]", true): Modify property of object successfully

2020-06-09 00:15:22 - [MESSAGE][PASSED] - Modify property of object successfully

2020-06-09 00:15:22 - [TEST_STEP][PASSED] - focus(modifiedObj): Object: 'Object Repository/Objects.HighlightElements/input_field_index' is focused

2020-06-09 00:15:22 - [MESSAGE][PASSED] - Object: 'Object Repository/Objects.HighlightElements/input_field_index' is focused

2020-06-09 00:15:22 - [TEST_STEP][PASSED] - sendKeys(modifiedObj, Keys.chord(CONTROL, "a")): Keys 'CONTROL + a' sent to object: 'Object Repository/Objects.HighlightElements/input_field_index'

2020-06-09 00:15:22 - [MESSAGE][PASSED] - Keys 'CONTROL + a' sent to object: 'Object Repository/Objects.HighlightElements/input_field_index'

2020-06-09 00:15:22 - [TEST_STEP][PASSED] - sendKeys(modifiedObj, Keys.chord(DELETE)): Keys 'DELETE + ' sent to object: 'Object Repository/Objects.HighlightElements/input_field_index'

2020-06-09 00:15:22 - [MESSAGE][PASSED] - Keys 'DELETE + ' sent to object: 'Object Repository/Objects.HighlightElements/input_field_index'

2020-06-09 00:15:22 - [MESSAGE][PASSED] - Call Test Case 'Test Cases/Components/SelectAllThenDeleteIndex' successfully

2020-06-09 00:15:22 - [TEST_STEP][PASSED] - callTestCase(findTestCase("PFI Precision and Scale/PFI Components with Indexing/RequiredFieldValidationIndex"), ["nameToBeUsed":"officer", "index":1], STOP_ON_FAILURE): Call Test Case 'Test Cases/PFI Precision and Scale/PFI Components with Indexing/RequiredFieldValidationIndex' successfully

2020-06-09 00:15:23 - [TEST_CASE][PASSED] - Test Cases/PFI Precision and Scale/PFI Components with Indexing/RequiredFieldValidationIndex: Test Cases/PFI Precision and Scale/PFI Components with Indexing/RequiredFieldValidationIndex

2020-06-09 00:15:23 - [TEST_STEP][PASSED] - Thread.sleep(2000): null

2020-06-09 00:15:25 - [TEST_STEP][PASSED] - NewInputNmField = modifyObjectProperty(findTestObject("Objects.HighlightElements/input_field_index"), "xpath", "equals", "(//*[contains(@class,'x-form-text') and (@name='" + nameToBeUsed + "')])[" + index + "]", true): Modify property of object successfully

2020-06-09 00:15:25 - [MESSAGE][PASSED] - Modify property of object successfully

2020-06-09 00:15:25 - [TEST_STEP][PASSED] - mouseOver(NewInputNmField): Object: 'Object Repository/Objects.HighlightElements/input_field_index' is hovered

2020-06-09 00:15:25 - [MESSAGE][PASSED] - Object: 'Object Repository/Objects.HighlightElements/input_field_index' is hovered

2020-06-09 00:15:25 - [TEST_STEP][PASSED] - getRqErrMsg = getAttribute(NewInputNmField, "data-errorqtip"): Attribute 'data-errorqtip' of object 'Object Repository/Objects.HighlightElements/input_field_index' is: '<ul class="x-list-plain"><li>This field is required</li></ul>'

2020-06-09 00:15:25 - [MESSAGE][PASSED] - Attribute 'data-errorqtip' of object 'Object Repository/Objects.HighlightElements/input_field_index' is: '<ul class="x-list-plain"><li>This field is required</li></ul>'

2020-06-09 00:15:25 - [TEST_STEP][PASSED] - strToolTip = getRqErrMsg.substring(29, 61): null

2020-06-09 00:15:25 - [TEST_STEP][PASSED] - toolTipReqErrMsg = strToolTip.substring(0, 22): null

2020-06-09 00:15:25 - [TEST_STEP][PASSED] - verifyMatch(toolTipReqErrMsg, RqField, true): Actual text 'This field is required' and expected text 'This field is required' are matched  using regular expression

2020-06-09 00:15:25 - [MESSAGE][PASSED] - Actual text 'This field is required' and expected text 'This field is required' are matched  using regular expression

2020-06-09 00:15:25 - [MESSAGE][PASSED] - Call Test Case 'Test Cases/PFI Precision and Scale/PFI Components with Indexing/RequiredFieldValidationIndex' successfully

2020-06-09 00:15:25 - [TEST_STEP][PASSED] - callTestCase(findTestCase("Components/HighlightLabelFieldXPI"), ["LblName":"Weightage", "index":1], STOP_ON_FAILURE): Call Test Case 'Test Cases/Components/HighlightLabelFieldXPI' successfully

2020-06-09 00:15:25 - [TEST_CASE][PASSED] - Test Cases/Components/HighlightLabelFieldXPI: Test Cases/Components/HighlightLabelFieldXPI

2020-06-09 00:15:25 - [TEST_STEP][PASSED] - Thread.sleep(1000): null

2020-06-09 00:15:26 - [TEST_STEP][PASSED] - modifiedLblNm = modifyObjectProperty(findTestObject("Object Repository/Objects.HighlightElements/lblField_index"), "xpath", "equals", "(//*[contains(@class, 'x-form-item-label-inner x-form-item-label-inner-default') and contains(., '" + LblName + "')])[" + index + "]", true): Modify property of object successfully

2020-06-09 00:15:26 - [MESSAGE][PASSED] - Modify property of object successfully

2020-06-09 00:15:26 - [TEST_STEP][PASSED] - com.reusableComponents.HighlightElement.run(modifiedLblNm): com.reusableComponents.HighlightElement.run is PASSED

2020-06-09 00:15:26 - [MESSAGE][PASSED] - com.reusableComponents.HighlightElement.run is PASSED

2020-06-09 00:15:26 - [MESSAGE][PASSED] - Call Test Case 'Test Cases/Components/HighlightLabelFieldXPI' successfully

2020-06-09 00:15:26 - [TEST_STEP][PASSED] - callTestCase(findTestCase("Components/HighlightInputFieldXPI"), ["FldNm":"inspWeight", "index":1], STOP_ON_FAILURE): Call Test Case 'Test Cases/Components/HighlightInputFieldXPI' successfully

2020-06-09 00:15:27 - [TEST_CASE][PASSED] - Test Cases/Components/HighlightInputFieldXPI: Test Cases/Components/HighlightInputFieldXPI

2020-06-09 00:15:27 - [TEST_STEP][PASSED] - Thread.sleep(1000): null

2020-06-09 00:15:28 - [TEST_STEP][PASSED] - modifiedInputNm = modifyObjectProperty(findTestObject("Object Repository/Objects.HighlightElements/input_field_index"), "xpath", "equals", "(//*[contains(@name, '" + FldNm + "')])[" + index + "]", true): Modify property of object successfully

2020-06-09 00:15:28 - [MESSAGE][PASSED] - Modify property of object successfully

2020-06-09 00:15:28 - [TEST_STEP][PASSED] - com.reusableComponents.HighlightElement.run(modifiedInputNm): com.reusableComponents.HighlightElement.run is PASSED

2020-06-09 00:15:28 - [MESSAGE][PASSED] - com.reusableComponents.HighlightElement.run is PASSED

2020-06-09 00:15:28 - [MESSAGE][PASSED] - Call Test Case 'Test Cases/Components/HighlightInputFieldXPI' successfully

2020-06-09 00:15:28 - [TEST_STEP][PASSED] - callTestCase(findTestCase("PFI Precision and Scale/PFI Components with Indexing/VerifyDefaultValueIndex"), ["FieldNm":"inspWeight", "index":1, "i":0], STOP_ON_FAILURE): Call Test Case 'Test Cases/PFI Precision and Scale/PFI Components with Indexing/VerifyDefaultValueIndex' successfully

2020-06-09 00:15:28 - [TEST_CASE][PASSED] - Test Cases/PFI Precision and Scale/PFI Components with Indexing/VerifyDefaultValueIndex: Test Cases/PFI Precision and Scale/PFI Components with Indexing/VerifyDefaultValueIndex

2020-06-09 00:15:28 - [TEST_STEP][PASSED] - Thread.sleep(1000): null

2020-06-09 00:15:29 - [TEST_STEP][PASSED] - DefaultValueHM = ["periodType":"Working Day(s)", "noOfDays":"14", "inspWeight":"1", "inspModule":"PSI", "inspCaseType":"PSI Processing (SM)"]: null

2020-06-09 00:15:29 - [TEST_STEP][PASSED] - NewFieldNm = modifyObjectProperty(findTestObject("Object Repository/Objects.HighlightElements/input_field_index"), "xpath", "equals", "(//*[contains(@name,'" + FieldNm + "')])[" + index + "]", true): Modify property of object successfully

2020-06-09 00:15:30 - [MESSAGE][PASSED] - Modify property of object successfully

2020-06-09 00:15:30 - [TEST_STEP][PASSED] - focus(NewFieldNm): Object: 'Object Repository/Objects.HighlightElements/input_field_index' is focused

2020-06-09 00:15:30 - [MESSAGE][PASSED] - Object: 'Object Repository/Objects.HighlightElements/input_field_index' is focused

2020-06-09 00:15:30 - [TEST_STEP][PASSED] - DefVal = getAttribute(NewFieldNm, "value", STOP_ON_FAILURE): Attribute 'value' of object 'Object Repository/Objects.HighlightElements/input_field_index' is: '1'

2020-06-09 00:15:30 - [MESSAGE][PASSED] - Attribute 'value' of object 'Object Repository/Objects.HighlightElements/input_field_index' is: '1'

2020-06-09 00:15:30 - [TEST_STEP][PASSED] - switch (FieldNm): null

2020-06-09 00:15:30 - [TEST_STEP][PASSED] - Default: null

2020-06-09 00:15:30 - [TEST_STEP][PASSED] - ExpectedDefVal = DefaultValueHM.get(FieldNm): null

2020-06-09 00:15:30 - [TEST_STEP][PASSED] - if (ExpectedDefVal != null): Actual text '1' and expected text '1' are matched 

2020-06-09 00:15:30 - [TEST_STEP][PASSED] - verifyMatch(DefVal, ExpectedDefVal, false): Actual text '1' and expected text '1' are matched 

2020-06-09 00:15:30 - [MESSAGE][PASSED] - Actual text '1' and expected text '1' are matched 

2020-06-09 00:15:30 - [TEST_STEP][PASSED] - break: null

2020-06-09 00:15:30 - [MESSAGE][PASSED] - Call Test Case 'Test Cases/PFI Precision and Scale/PFI Components with Indexing/VerifyDefaultValueIndex' successfully

2020-06-09 00:15:30 - [TEST_STEP][PASSED] - callTestCase(findTestCase("PFI Precision and Scale/PFI Components with Indexing/NegativeIntegersErrorIndexII"), ["FldNm":"inspWeight", "index":1, "NumLen":4], STOP_ON_FAILURE): Call Test Case 'Test Cases/PFI Precision and Scale/PFI Components with Indexing/NegativeIntegersErrorIndexII' successfully

2020-06-09 00:15:30 - [TEST_CASE][PASSED] - Test Cases/PFI Precision and Scale/PFI Components with Indexing/NegativeIntegersErrorIndexII: Test Cases/PFI Precision and Scale/PFI Components with Indexing/NegativeIntegersErrorIndexII

2020-06-09 00:15:30 - [TEST_STEP][PASSED] - Thread.sleep(1000): null

2020-06-09 00:15:31 - [TEST_STEP][PASSED] - NewInputNmField = modifyObjectProperty(findTestObject("Object Repository/Objects.HighlightElements/input_field_index"), "xpath", "equals", "(//*[contains(@class,'x-form-text') and contains(@name,'" + FldNm + "')])[" + index + "]", true): Modify property of object successfully

2020-06-09 00:15:31 - [MESSAGE][PASSED] - Modify property of object successfully

2020-06-09 00:15:31 - [TEST_STEP][PASSED] - setText(NewInputNmField, "-1"): Text '-1' is set on object 'Object Repository/Objects.HighlightElements/input_field_index'

2020-06-09 00:15:31 - [MESSAGE][PASSED] - Text '-1' is set on object 'Object Repository/Objects.HighlightElements/input_field_index'

2020-06-09 00:15:31 - [TEST_STEP][PASSED] - delay(3): Delayed 3 second(s)

2020-06-09 00:15:34 - [MESSAGE][PASSED] - Delayed 3 second(s)

2020-06-09 00:15:34 - [TEST_STEP][PASSED] - GetErrMsg = getAttribute(NewInputNmField, "data-errorqtip"): Attribute 'data-errorqtip' of object 'Object Repository/Objects.HighlightElements/input_field_index' is: '<ul class="x-list-plain"><li>The value cannot be negative</li></ul>'

2020-06-09 00:15:34 - [MESSAGE][PASSED] - Attribute 'data-errorqtip' of object 'Object Repository/Objects.HighlightElements/input_field_index' is: '<ul class="x-list-plain"><li>The value cannot be negative</li></ul>'

2020-06-09 00:15:34 - [TEST_STEP][PASSED] - RmvULcd = GetErrMsg.substring(29, GetErrMsg.length()): null

2020-06-09 00:15:34 - [TEST_STEP][PASSED] - ActualErrMsg = RmvULcd.substring(0, 28): null

2020-06-09 00:15:34 - [TEST_STEP][PASSED] - verifyMatch(ActualErrMsg, findTestData("PrecisionAndScaleDB").getValue("ErrorMessage", 10), true): Actual text 'The value cannot be negative' and expected text 'The value cannot be negative' are matched  using regular expression

2020-06-09 00:15:34 - [MESSAGE][PASSED] - Actual text 'The value cannot be negative' and expected text 'The value cannot be negative' are matched  using regular expression

2020-06-09 00:15:34 - [TEST_STEP][PASSED] - mouseOver(NewInputNmField): Object: 'Object Repository/Objects.HighlightElements/input_field_index' is hovered

2020-06-09 00:15:34 - [MESSAGE][PASSED] - Object: 'Object Repository/Objects.HighlightElements/input_field_index' is hovered

2020-06-09 00:15:34 - [MESSAGE][PASSED] - Call Test Case 'Test Cases/PFI Precision and Scale/PFI Components with Indexing/NegativeIntegersErrorIndexII' successfully

2020-06-09 00:15:34 - [TEST_STEP][PASSED] - callTestCase(findTestCase("PFI Precision and Scale/PFI Components/NumericTextboxValidationII"), ["nameToBeUsed":"inspWeight", "minLen":5], STOP_ON_FAILURE): Call Test Case 'Test Cases/PFI Precision and Scale/PFI Components/NumericTextboxValidationII' successfully

2020-06-09 00:15:34 - [TEST_CASE][PASSED] - Test Cases/PFI Precision and Scale/PFI Components/NumericTextboxValidationII: Test Cases/PFI Precision and Scale/PFI Components/NumericTextboxValidationII

2020-06-09 00:15:34 - [TEST_STEP][PASSED] - Thread.sleep(1000): null

2020-06-09 00:15:35 - [TEST_STEP][PASSED] - Numeric = "0123456789": null

2020-06-09 00:15:35 - [TEST_STEP][PASSED] - AlphaSpecialChar = z) + "`~!@#$%^&*()=_{}|\][;'":,?><"".join(): null

2020-06-09 00:15:35 - [TEST_STEP][PASSED] - RandomNumeric = RandomStringUtils.random(minLen, Numeric.toCharArray()): null

2020-06-09 00:15:35 - [TEST_STEP][PASSED] - RandomString = RandomStringUtils.random(minLen, AlphaSpecialChar): null

2020-06-09 00:15:35 - [TEST_STEP][PASSED] - regexPat = Pattern.compile("^[0-9]+$"): null

2020-06-09 00:15:35 - [TEST_STEP][PASSED] - NewInputNmField = modifyObjectProperty(findTestObject("Objects.RemarksValidation/input_Remarks"), "name", "equals", nameToBeUsed, true): Modify property of object successfully

2020-06-09 00:15:35 - [MESSAGE][PASSED] - Modify property of object successfully

2020-06-09 00:15:35 - [TEST_STEP][PASSED] - focus(NewInputNmField): Object: 'Object Repository/Objects.RemarksValidation/input_Remarks' is focused

2020-06-09 00:15:35 - [MESSAGE][PASSED] - Object: 'Object Repository/Objects.RemarksValidation/input_Remarks' is focused

2020-06-09 00:15:35 - [TEST_STEP][PASSED] - setText(NewInputNmField, RandomString): Text ':};"h' is set on object 'Object Repository/Objects.RemarksValidation/input_Remarks'

2020-06-09 00:15:35 - [MESSAGE][PASSED] - Text ':};"h' is set on object 'Object Repository/Objects.RemarksValidation/input_Remarks'

2020-06-09 00:15:35 - [TEST_STEP][PASSED] - GetInputVal = getAttribute(NewInputNmField, "value"): Attribute 'value' of object 'Object Repository/Objects.RemarksValidation/input_Remarks' is: ''

2020-06-09 00:15:35 - [MESSAGE][PASSED] - Attribute 'value' of object 'Object Repository/Objects.RemarksValidation/input_Remarks' is: ''

2020-06-09 00:15:35 - [TEST_STEP][PASSED] - if (GetInputVal.contains("e")): null

2020-06-09 00:15:35 - [TEST_STEP][PASSED] - else: Actual text '' and expected text '' are matched  using regular expression

2020-06-09 00:15:35 - [TEST_STEP][PASSED] - verifyMatch(GetInputVal, "", true): Actual text '' and expected text '' are matched  using regular expression

2020-06-09 00:15:35 - [MESSAGE][PASSED] - Actual text '' and expected text '' are matched  using regular expression

2020-06-09 00:15:35 - [TEST_STEP][PASSED] - setText(NewInputNmField, RandomNumeric): Text '15451' is set on object 'Object Repository/Objects.RemarksValidation/input_Remarks'

2020-06-09 00:15:36 - [MESSAGE][PASSED] - Text '15451' is set on object 'Object Repository/Objects.RemarksValidation/input_Remarks'

2020-06-09 00:15:36 - [TEST_STEP][PASSED] - GetEnteredIntegers = getAttribute(NewInputNmField, "value"): Attribute 'value' of object 'Object Repository/Objects.RemarksValidation/input_Remarks' is: '15451'

2020-06-09 00:15:36 - [MESSAGE][PASSED] - Attribute 'value' of object 'Object Repository/Objects.RemarksValidation/input_Remarks' is: '15451'

2020-06-09 00:15:36 - [TEST_STEP][PASSED] - matchStr = regexPat.matcher(GetEnteredIntegers): null

2020-06-09 00:15:36 - [TEST_STEP][PASSED] - if (matchStr.matches() == true): Accepting Numeric

2020-06-09 00:15:36 - [TEST_STEP][PASSED] - comment("Accepting Numeric"): Accepting Numeric

2020-06-09 00:15:36 - [MESSAGE][INFO] - Accepting Numeric

2020-06-09 00:15:36 - [MESSAGE][PASSED] - Call Test Case 'Test Cases/PFI Precision and Scale/PFI Components/NumericTextboxValidationII' successfully

2020-06-09 00:15:36 - [TEST_STEP][PASSED] - callTestCase(findTestCase("PFI Precision and Scale/PFI Components with Indexing/SpinnerUpIndex"), ["InputName":"inspWeight", "nmIndex":1, "indexUp":2, "itr":10], STOP_ON_FAILURE): Call Test Case 'Test Cases/PFI Precision and Scale/PFI Components with Indexing/SpinnerUpIndex' successfully

2020-06-09 00:15:36 - [TEST_CASE][PASSED] - Test Cases/PFI Precision and Scale/PFI Components with Indexing/SpinnerUpIndex: Test Cases/PFI Precision and Scale/PFI Components with Indexing/SpinnerUpIndex

2020-06-09 00:15:36 - [TEST_STEP][PASSED] - Thread.sleep(1000): null

2020-06-09 00:15:37 - [TEST_STEP][PASSED] - counterUp = modifyObjectProperty(findTestObject("Objects.CounterValidation/counter_icon_up"), "xpath", "equals", "(//*[contains(@class,'x-form-spinner-up')])[" + indexUp + "]", true): Modify property of object successfully

2020-06-09 00:15:37 - [MESSAGE][PASSED] - Modify property of object successfully

2020-06-09 00:15:37 - [TEST_STEP][PASSED] - modifiedInputNm = modifyObjectProperty(findTestObject("Object Repository/Objects.HighlightElements/input_field_index"), "xpath", "equals", "(//*[contains(@class,'x-form-text') and (@name='" + InputName + "')])[" + nmIndex + "]", true): Modify property of object successfully

2020-06-09 00:15:37 - [MESSAGE][PASSED] - Modify property of object successfully

2020-06-09 00:15:37 - [TEST_STEP][PASSED] - GetCurrentValue = getAttribute(modifiedInputNm, "value"): Attribute 'value' of object 'Object Repository/Objects.HighlightElements/input_field_index' is: '15451'

2020-06-09 00:15:37 - [MESSAGE][PASSED] - Attribute 'value' of object 'Object Repository/Objects.HighlightElements/input_field_index' is: '15451'

2020-06-09 00:15:37 - [TEST_STEP][PASSED] - for ([i = 0, i <= itr, (i++)]): Object: 'Object Repository/Objects.CounterValidation/counter_icon_up' is clicked on

2020-06-09 00:15:37 - [TEST_STEP][PASSED] - click(counterUp): Object: 'Object Repository/Objects.CounterValidation/counter_icon_up' is clicked on

2020-06-09 00:15:37 - [MESSAGE][PASSED] - Object: 'Object Repository/Objects.CounterValidation/counter_icon_up' is clicked on

2020-06-09 00:15:37 - [TEST_STEP][PASSED] - click(counterUp): Object: 'Object Repository/Objects.CounterValidation/counter_icon_up' is clicked on

2020-06-09 00:15:37 - [MESSAGE][PASSED] - Object: 'Object Repository/Objects.CounterValidation/counter_icon_up' is clicked on

2020-06-09 00:15:37 - [TEST_STEP][PASSED] - click(counterUp): Object: 'Object Repository/Objects.CounterValidation/counter_icon_up' is clicked on

2020-06-09 00:15:37 - [MESSAGE][PASSED] - Object: 'Object Repository/Objects.CounterValidation/counter_icon_up' is clicked on

2020-06-09 00:15:37 - [TEST_STEP][PASSED] - click(counterUp): Object: 'Object Repository/Objects.CounterValidation/counter_icon_up' is clicked on

2020-06-09 00:15:37 - [MESSAGE][PASSED] - Object: 'Object Repository/Objects.CounterValidation/counter_icon_up' is clicked on

2020-06-09 00:15:37 - [TEST_STEP][PASSED] - click(counterUp): Object: 'Object Repository/Objects.CounterValidation/counter_icon_up' is clicked on

2020-06-09 00:15:37 - [MESSAGE][PASSED] - Object: 'Object Repository/Objects.CounterValidation/counter_icon_up' is clicked on

2020-06-09 00:15:37 - [TEST_STEP][PASSED] - click(counterUp): Object: 'Object Repository/Objects.CounterValidation/counter_icon_up' is clicked on

2020-06-09 00:15:37 - [MESSAGE][PASSED] - Object: 'Object Repository/Objects.CounterValidation/counter_icon_up' is clicked on

2020-06-09 00:15:37 - [TEST_STEP][PASSED] - click(counterUp): Object: 'Object Repository/Objects.CounterValidation/counter_icon_up' is clicked on

2020-06-09 00:15:37 - [MESSAGE][PASSED] - Object: 'Object Repository/Objects.CounterValidation/counter_icon_up' is clicked on

2020-06-09 00:15:37 - [TEST_STEP][PASSED] - click(counterUp): Object: 'Object Repository/Objects.CounterValidation/counter_icon_up' is clicked on

2020-06-09 00:15:37 - [MESSAGE][PASSED] - Object: 'Object Repository/Objects.CounterValidation/counter_icon_up' is clicked on

2020-06-09 00:15:37 - [TEST_STEP][PASSED] - click(counterUp): Object: 'Object Repository/Objects.CounterValidation/counter_icon_up' is clicked on

2020-06-09 00:15:37 - [MESSAGE][PASSED] - Object: 'Object Repository/Objects.CounterValidation/counter_icon_up' is clicked on

2020-06-09 00:15:37 - [TEST_STEP][PASSED] - click(counterUp): Object: 'Object Repository/Objects.CounterValidation/counter_icon_up' is clicked on

2020-06-09 00:15:38 - [MESSAGE][PASSED] - Object: 'Object Repository/Objects.CounterValidation/counter_icon_up' is clicked on

2020-06-09 00:15:38 - [TEST_STEP][PASSED] - click(counterUp): Object: 'Object Repository/Objects.CounterValidation/counter_icon_up' is clicked on

2020-06-09 00:15:38 - [MESSAGE][PASSED] - Object: 'Object Repository/Objects.CounterValidation/counter_icon_up' is clicked on

2020-06-09 00:15:38 - [TEST_STEP][PASSED] - NewValue = getAttribute(modifiedInputNm, "value"): Attribute 'value' of object 'Object Repository/Objects.HighlightElements/input_field_index' is: '15462'

2020-06-09 00:15:38 - [MESSAGE][PASSED] - Attribute 'value' of object 'Object Repository/Objects.HighlightElements/input_field_index' is: '15462'

2020-06-09 00:15:38 - [TEST_STEP][PASSED] - if (NewValue != findTestData("PrecisionAndScaleDB").getValue("MaxValue", 1)): Actual number '15462' is greater than expected number '15451'

2020-06-09 00:15:38 - [TEST_STEP][PASSED] - verifyGreaterThan(NewValue, GetCurrentValue, STOP_ON_FAILURE): Actual number '15462' is greater than expected number '15451'

2020-06-09 00:15:38 - [MESSAGE][PASSED] - Actual number '15462' is greater than expected number '15451'

2020-06-09 00:15:38 - [MESSAGE][PASSED] - Call Test Case 'Test Cases/PFI Precision and Scale/PFI Components with Indexing/SpinnerUpIndex' successfully

2020-06-09 00:15:38 - [TEST_STEP][PASSED] - callTestCase(findTestCase("PFI Precision and Scale/PFI Components with Indexing/SpinnerDownIndex"), ["InputName":"inspWeight", "nmIndex":1, "indexDown":2, "itr":20], STOP_ON_FAILURE): Call Test Case 'Test Cases/PFI Precision and Scale/PFI Components with Indexing/SpinnerDownIndex' successfully

2020-06-09 00:15:38 - [TEST_CASE][PASSED] - Test Cases/PFI Precision and Scale/PFI Components with Indexing/SpinnerDownIndex: Test Cases/PFI Precision and Scale/PFI Components with Indexing/SpinnerDownIndex

2020-06-09 00:15:38 - [TEST_STEP][PASSED] - Thread.sleep(1000): null

2020-06-09 00:15:39 - [TEST_STEP][PASSED] - counterUp = modifyObjectProperty(findTestObject("Objects.CounterValidation/counter_icon_up"), "xpath", "equals", "(//*[contains(@class,'x-form-spinner-down')])[" + indexDown + "]", true): Modify property of object successfully

2020-06-09 00:15:54 - [MESSAGE][PASSED] - Modify property of object successfully

2020-06-09 00:15:54 - [TEST_STEP][PASSED] - modifiedInputNm = modifyObjectProperty(findTestObject("Object Repository/Objects.HighlightElements/input_field_index"), "xpath", "equals", "(//*[contains(@class,'x-form-text') and (@name='" + InputName + "')])[" + nmIndex + "]", true): Modify property of object successfully

2020-06-09 00:15:54 - [MESSAGE][PASSED] - Modify property of object successfully

2020-06-09 00:15:54 - [TEST_STEP][PASSED] - GetCurrentValue = getAttribute(modifiedInputNm, "value"): Attribute 'value' of object 'Object Repository/Objects.HighlightElements/input_field_index' is: '15462'

2020-06-09 00:15:54 - [MESSAGE][PASSED] - Attribute 'value' of object 'Object Repository/Objects.HighlightElements/input_field_index' is: '15462'

2020-06-09 00:15:54 - [TEST_STEP][PASSED] - for ([i = 0, i <= itr, (i++)]): Object: 'Object Repository/Objects.CounterValidation/counter_icon_up' is clicked on

2020-06-09 00:15:54 - [TEST_STEP][PASSED] - click(counterUp): Object: 'Object Repository/Objects.CounterValidation/counter_icon_up' is clicked on

2020-06-09 00:15:55 - [MESSAGE][PASSED] - Object: 'Object Repository/Objects.CounterValidation/counter_icon_up' is clicked on

2020-06-09 00:15:55 - [TEST_STEP][PASSED] - click(counterUp): Object: 'Object Repository/Objects.CounterValidation/counter_icon_up' is clicked on

2020-06-09 00:15:55 - [MESSAGE][PASSED] - Object: 'Object Repository/Objects.CounterValidation/counter_icon_up' is clicked on

2020-06-09 00:15:55 - [TEST_STEP][PASSED] - click(counterUp): Object: 'Object Repository/Objects.CounterValidation/counter_icon_up' is clicked on

2020-06-09 00:15:55 - [MESSAGE][PASSED] - Object: 'Object Repository/Objects.CounterValidation/counter_icon_up' is clicked on

2020-06-09 00:15:55 - [TEST_STEP][PASSED] - click(counterUp): Object: 'Object Repository/Objects.CounterValidation/counter_icon_up' is clicked on

2020-06-09 00:15:55 - [MESSAGE][PASSED] - Object: 'Object Repository/Objects.CounterValidation/counter_icon_up' is clicked on

2020-06-09 00:15:55 - [TEST_STEP][PASSED] - click(counterUp): Object: 'Object Repository/Objects.CounterValidation/counter_icon_up' is clicked on

2020-06-09 00:15:55 - [MESSAGE][PASSED] - Object: 'Object Repository/Objects.CounterValidation/counter_icon_up' is clicked on

2020-06-09 00:15:55 - [TEST_STEP][PASSED] - click(counterUp): Object: 'Object Repository/Objects.CounterValidation/counter_icon_up' is clicked on

2020-06-09 00:15:55 - [MESSAGE][PASSED] - Object: 'Object Repository/Objects.CounterValidation/counter_icon_up' is clicked on

2020-06-09 00:15:55 - [TEST_STEP][PASSED] - click(counterUp): Object: 'Object Repository/Objects.CounterValidation/counter_icon_up' is clicked on

2020-06-09 00:15:55 - [MESSAGE][PASSED] - Object: 'Object Repository/Objects.CounterValidation/counter_icon_up' is clicked on

2020-06-09 00:15:55 - [TEST_STEP][PASSED] - click(counterUp): Object: 'Object Repository/Objects.CounterValidation/counter_icon_up' is clicked on

2020-06-09 00:15:55 - [MESSAGE][PASSED] - Object: 'Object Repository/Objects.CounterValidation/counter_icon_up' is clicked on

2020-06-09 00:15:55 - [TEST_STEP][PASSED] - click(counterUp): Object: 'Object Repository/Objects.CounterValidation/counter_icon_up' is clicked on

2020-06-09 00:15:55 - [MESSAGE][PASSED] - Object: 'Object Repository/Objects.CounterValidation/counter_icon_up' is clicked on

2020-06-09 00:15:55 - [TEST_STEP][PASSED] - click(counterUp): Object: 'Object Repository/Objects.CounterValidation/counter_icon_up' is clicked on

2020-06-09 00:15:55 - [MESSAGE][PASSED] - Object: 'Object Repository/Objects.CounterValidation/counter_icon_up' is clicked on

2020-06-09 00:15:55 - [TEST_STEP][PASSED] - click(counterUp): Object: 'Object Repository/Objects.CounterValidation/counter_icon_up' is clicked on

2020-06-09 00:15:55 - [MESSAGE][PASSED] - Object: 'Object Repository/Objects.CounterValidation/counter_icon_up' is clicked on

2020-06-09 00:15:55 - [TEST_STEP][PASSED] - click(counterUp): Object: 'Object Repository/Objects.CounterValidation/counter_icon_up' is clicked on

2020-06-09 00:15:55 - [MESSAGE][PASSED] - Object: 'Object Repository/Objects.CounterValidation/counter_icon_up' is clicked on

2020-06-09 00:15:55 - [TEST_STEP][PASSED] - click(counterUp): Object: 'Object Repository/Objects.CounterValidation/counter_icon_up' is clicked on

2020-06-09 00:15:55 - [MESSAGE][PASSED] - Object: 'Object Repository/Objects.CounterValidation/counter_icon_up' is clicked on

2020-06-09 00:15:55 - [TEST_STEP][PASSED] - click(counterUp): Object: 'Object Repository/Objects.CounterValidation/counter_icon_up' is clicked on

2020-06-09 00:15:55 - [MESSAGE][PASSED] - Object: 'Object Repository/Objects.CounterValidation/counter_icon_up' is clicked on

2020-06-09 00:15:55 - [TEST_STEP][PASSED] - click(counterUp): Object: 'Object Repository/Objects.CounterValidation/counter_icon_up' is clicked on

2020-06-09 00:15:55 - [MESSAGE][PASSED] - Object: 'Object Repository/Objects.CounterValidation/counter_icon_up' is clicked on

2020-06-09 00:15:55 - [TEST_STEP][PASSED] - click(counterUp): Object: 'Object Repository/Objects.CounterValidation/counter_icon_up' is clicked on

2020-06-09 00:15:55 - [MESSAGE][PASSED] - Object: 'Object Repository/Objects.CounterValidation/counter_icon_up' is clicked on

2020-06-09 00:15:55 - [TEST_STEP][PASSED] - click(counterUp): Object: 'Object Repository/Objects.CounterValidation/counter_icon_up' is clicked on

2020-06-09 00:15:55 - [MESSAGE][PASSED] - Object: 'Object Repository/Objects.CounterValidation/counter_icon_up' is clicked on

2020-06-09 00:15:55 - [TEST_STEP][PASSED] - click(counterUp): Object: 'Object Repository/Objects.CounterValidation/counter_icon_up' is clicked on

2020-06-09 00:15:55 - [MESSAGE][PASSED] - Object: 'Object Repository/Objects.CounterValidation/counter_icon_up' is clicked on

2020-06-09 00:15:55 - [TEST_STEP][PASSED] - click(counterUp): Object: 'Object Repository/Objects.CounterValidation/counter_icon_up' is clicked on

2020-06-09 00:15:55 - [MESSAGE][PASSED] - Object: 'Object Repository/Objects.CounterValidation/counter_icon_up' is clicked on

2020-06-09 00:15:55 - [TEST_STEP][PASSED] - click(counterUp): Object: 'Object Repository/Objects.CounterValidation/counter_icon_up' is clicked on

2020-06-09 00:15:55 - [MESSAGE][PASSED] - Object: 'Object Repository/Objects.CounterValidation/counter_icon_up' is clicked on

2020-06-09 00:15:55 - [TEST_STEP][PASSED] - click(counterUp): Object: 'Object Repository/Objects.CounterValidation/counter_icon_up' is clicked on

2020-06-09 00:15:56 - [MESSAGE][PASSED] - Object: 'Object Repository/Objects.CounterValidation/counter_icon_up' is clicked on

2020-06-09 00:15:56 - [TEST_STEP][PASSED] - NewValue = getAttribute(modifiedInputNm, "value"): Attribute 'value' of object 'Object Repository/Objects.HighlightElements/input_field_index' is: '15441'

2020-06-09 00:15:56 - [MESSAGE][PASSED] - Attribute 'value' of object 'Object Repository/Objects.HighlightElements/input_field_index' is: '15441'

2020-06-09 00:15:56 - [TEST_STEP][PASSED] - if (NewValue != 0): Actual number '15441' is less than expected number '15462'

2020-06-09 00:15:56 - [TEST_STEP][PASSED] - verifyLessThan(NewValue, GetCurrentValue, STOP_ON_FAILURE): Actual number '15441' is less than expected number '15462'

2020-06-09 00:15:56 - [MESSAGE][PASSED] - Actual number '15441' is less than expected number '15462'

2020-06-09 00:15:56 - [MESSAGE][PASSED] - Call Test Case 'Test Cases/PFI Precision and Scale/PFI Components with Indexing/SpinnerDownIndex' successfully

2020-06-09 00:15:56 - [TEST_STEP][PASSED] - callTestCase(findTestCase("PFI Precision and Scale/PFI Components with Indexing/MaxNumericValidationIndex"), ["InputName":"inspWeight", "index":1, "numLength":11], STOP_ON_FAILURE): Call Test Case 'Test Cases/PFI Precision and Scale/PFI Components with Indexing/MaxNumericValidationIndex' successfully

2020-06-09 00:15:56 - [TEST_CASE][PASSED] - Test Cases/PFI Precision and Scale/PFI Components with Indexing/MaxNumericValidationIndex: Test Cases/PFI Precision and Scale/PFI Components with Indexing/MaxNumericValidationIndex

2020-06-09 00:15:56 - [TEST_STEP][PASSED] - Thread.sleep(1000): null

2020-06-09 00:15:57 - [TEST_STEP][PASSED] - NumLengthTBL = ["inspWeight":10, "noOfBldg":10, "postalCode":6]: null

2020-06-09 00:15:57 - [TEST_STEP][PASSED] - generateRandomNum = RandomStringUtils.randomNumeric(numLength): null

2020-06-09 00:15:57 - [TEST_STEP][PASSED] - NewInputNmField = modifyObjectProperty(findTestObject("Object Repository/Objects.HighlightElements/input_field_index"), "xpath", "equals", "(//*[contains(@class,'x-form-text') and (@name='" + InputName + "')])[" + index + "]", true): Modify property of object successfully

2020-06-09 00:15:57 - [MESSAGE][PASSED] - Modify property of object successfully

2020-06-09 00:15:57 - [TEST_STEP][PASSED] - setText(NewInputNmField, generateRandomNum): Text '30740861050' is set on object 'Object Repository/Objects.HighlightElements/input_field_index'

2020-06-09 00:15:57 - [MESSAGE][PASSED] - Text '30740861050' is set on object 'Object Repository/Objects.HighlightElements/input_field_index'

2020-06-09 00:15:57 - [TEST_STEP][PASSED] - GetEnteredRandom = getAttribute(NewInputNmField, "value", STOP_ON_FAILURE): Attribute 'value' of object 'Object Repository/Objects.HighlightElements/input_field_index' is: '3074086105'

2020-06-09 00:15:57 - [MESSAGE][PASSED] - Attribute 'value' of object 'Object Repository/Objects.HighlightElements/input_field_index' is: '3074086105'

2020-06-09 00:15:57 - [TEST_STEP][PASSED] - GetLength = GetEnteredRandom.length(): null

2020-06-09 00:15:57 - [TEST_STEP][PASSED] - MaxLength = NumLengthTBL.get(InputName): null

2020-06-09 00:15:57 - [TEST_STEP][PASSED] - verifyEqual(GetLength, MaxLength): Actual object '10' and expected object '10' are equal

2020-06-09 00:15:57 - [MESSAGE][PASSED] - Actual object '10' and expected object '10' are equal

2020-06-09 00:15:57 - [MESSAGE][PASSED] - Call Test Case 'Test Cases/PFI Precision and Scale/PFI Components with Indexing/MaxNumericValidationIndex' successfully

2020-06-09 00:15:57 - [TEST_STEP][PASSED] - callTestCase(findTestCase("PFI Precision and Scale/PFI Components with Indexing/MaxValueErrorIndex"), ["InputName":"inspWeight", "index":1], STOP_ON_FAILURE): Call Test Case 'Test Cases/PFI Precision and Scale/PFI Components with Indexing/MaxValueErrorIndex' successfully

2020-06-09 00:15:57 - [TEST_CASE][PASSED] - Test Cases/PFI Precision and Scale/PFI Components with Indexing/MaxValueErrorIndex: Test Cases/PFI Precision and Scale/PFI Components with Indexing/MaxValueErrorIndex

2020-06-09 00:15:58 - [TEST_STEP][PASSED] - Thread.sleep(1000): null

2020-06-09 00:15:59 - [TEST_STEP][PASSED] - constantNum = 5147483647: null

2020-06-09 00:15:59 - [TEST_STEP][PASSED] - NewInputNmField = modifyObjectProperty(findTestObject("Object Repository/Objects.HighlightElements/input_field_index"), "xpath", "equals", "(//*[contains(@class,'x-form-text') and (@name='" + InputName + "')])[" + index + "]", true): Modify property of object successfully

2020-06-09 00:15:59 - [MESSAGE][PASSED] - Modify property of object successfully

2020-06-09 00:15:59 - [TEST_STEP][PASSED] - GetValue = getAttribute(NewInputNmField, "value"): Attribute 'value' of object 'Object Repository/Objects.HighlightElements/input_field_index' is: '3074086105'

2020-06-09 00:15:59 - [MESSAGE][PASSED] - Attribute 'value' of object 'Object Repository/Objects.HighlightElements/input_field_index' is: '3074086105'

2020-06-09 00:15:59 - [TEST_STEP][PASSED] - GetToolTipErr = getAttribute(NewInputNmField, "data-errorqtip"): Attribute 'data-errorqtip' of object 'Object Repository/Objects.HighlightElements/input_field_index' is: '<ul class="x-list-plain"><li>The maximum value for this field is 2147483647</li></ul>'

2020-06-09 00:15:59 - [MESSAGE][PASSED] - Attribute 'data-errorqtip' of object 'Object Repository/Objects.HighlightElements/input_field_index' is: '<ul class="x-list-plain"><li>The maximum value for this field is 2147483647</li></ul>'

2020-06-09 00:15:59 - [TEST_STEP][PASSED] - if (GetToolTipErr == ""): null

2020-06-09 00:15:59 - [TEST_STEP][PASSED] - delay(5): Delayed 5 second(s)

2020-06-09 00:16:04 - [MESSAGE][PASSED] - Delayed 5 second(s)

2020-06-09 00:16:04 - [TEST_STEP][PASSED] - TotalLength = GetToolTipErr.length() - 10: null

2020-06-09 00:16:04 - [TEST_STEP][PASSED] - RmvULcd = GetToolTipErr.substring(0, TotalLength): null

2020-06-09 00:16:04 - [TEST_STEP][PASSED] - NewLen = RmvULcd.length(): null

2020-06-09 00:16:04 - [TEST_STEP][PASSED] - ActualErrMessage = RmvULcd.substring(29, NewLen): null

2020-06-09 00:16:04 - [TEST_STEP][PASSED] - mouseOver(NewInputNmField): Object: 'Object Repository/Objects.HighlightElements/input_field_index' is hovered

2020-06-09 00:16:04 - [MESSAGE][PASSED] - Object: 'Object Repository/Objects.HighlightElements/input_field_index' is hovered

2020-06-09 00:16:04 - [TEST_STEP][PASSED] - verifyMatch(ActualErrMessage, findTestData("PrecisionAndScaleDB").getValue("ErrorMessage", 8), true): Actual text 'The maximum value for this field is 2147483647' and expected text 'The maximum value for this field is 2147483647' are matched  using regular expression

2020-06-09 00:16:04 - [MESSAGE][PASSED] - Actual text 'The maximum value for this field is 2147483647' and expected text 'The maximum value for this field is 2147483647' are matched  using regular expression

2020-06-09 00:16:04 - [MESSAGE][PASSED] - Call Test Case 'Test Cases/PFI Precision and Scale/PFI Components with Indexing/MaxValueErrorIndex' successfully

2020-06-09 00:16:04 - [TEST_STEP][PASSED] - callTestCase(findTestCase("Components/HighlightLabelFieldXPI"), ["LblName":"No of Building Inspected", "index":1], STOP_ON_FAILURE): Call Test Case 'Test Cases/Components/HighlightLabelFieldXPI' successfully

2020-06-09 00:16:04 - [TEST_CASE][PASSED] - Test Cases/Components/HighlightLabelFieldXPI: Test Cases/Components/HighlightLabelFieldXPI

2020-06-09 00:16:04 - [TEST_STEP][PASSED] - Thread.sleep(1000): null

2020-06-09 00:16:05 - [TEST_STEP][PASSED] - modifiedLblNm = modifyObjectProperty(findTestObject("Object Repository/Objects.HighlightElements/lblField_index"), "xpath", "equals", "(//*[contains(@class, 'x-form-item-label-inner x-form-item-label-inner-default') and contains(., '" + LblName + "')])[" + index + "]", true): Modify property of object successfully

2020-06-09 00:16:05 - [MESSAGE][PASSED] - Modify property of object successfully

2020-06-09 00:16:05 - [TEST_STEP][PASSED] - com.reusableComponents.HighlightElement.run(modifiedLblNm): com.reusableComponents.HighlightElement.run is PASSED

2020-06-09 00:16:05 - [MESSAGE][PASSED] - com.reusableComponents.HighlightElement.run is PASSED

2020-06-09 00:16:05 - [MESSAGE][PASSED] - Call Test Case 'Test Cases/Components/HighlightLabelFieldXPI' successfully

2020-06-09 00:16:05 - [TEST_STEP][PASSED] - callTestCase(findTestCase("Components/HighlightInputFieldXPI"), ["FldNm":"noOfBldg", "index":1], STOP_ON_FAILURE): Call Test Case 'Test Cases/Components/HighlightInputFieldXPI' successfully

2020-06-09 00:16:05 - [TEST_CASE][PASSED] - Test Cases/Components/HighlightInputFieldXPI: Test Cases/Components/HighlightInputFieldXPI

2020-06-09 00:16:05 - [TEST_STEP][PASSED] - Thread.sleep(1000): null

2020-06-09 00:16:06 - [TEST_STEP][PASSED] - modifiedInputNm = modifyObjectProperty(findTestObject("Object Repository/Objects.HighlightElements/input_field_index"), "xpath", "equals", "(//*[contains(@name, '" + FldNm + "')])[" + index + "]", true): Modify property of object successfully

2020-06-09 00:16:06 - [MESSAGE][PASSED] - Modify property of object successfully

2020-06-09 00:16:06 - [TEST_STEP][PASSED] - com.reusableComponents.HighlightElement.run(modifiedInputNm): com.reusableComponents.HighlightElement.run is PASSED

2020-06-09 00:16:07 - [MESSAGE][PASSED] - com.reusableComponents.HighlightElement.run is PASSED

2020-06-09 00:16:07 - [MESSAGE][PASSED] - Call Test Case 'Test Cases/Components/HighlightInputFieldXPI' successfully

2020-06-09 00:16:07 - [TEST_STEP][PASSED] - callTestCase(findTestCase("PFI Precision and Scale/PFI Components with Indexing/NegativeIntegersErrorIndexII"), ["FldNm":"noOfBldg", "index":1], STOP_ON_FAILURE): Call Test Case 'Test Cases/PFI Precision and Scale/PFI Components with Indexing/NegativeIntegersErrorIndexII' successfully

2020-06-09 00:16:07 - [TEST_CASE][PASSED] - Test Cases/PFI Precision and Scale/PFI Components with Indexing/NegativeIntegersErrorIndexII: Test Cases/PFI Precision and Scale/PFI Components with Indexing/NegativeIntegersErrorIndexII

2020-06-09 00:16:07 - [TEST_STEP][PASSED] - Thread.sleep(1000): null

2020-06-09 00:16:08 - [TEST_STEP][PASSED] - NewInputNmField = modifyObjectProperty(findTestObject("Object Repository/Objects.HighlightElements/input_field_index"), "xpath", "equals", "(//*[contains(@class,'x-form-text') and contains(@name,'" + FldNm + "')])[" + index + "]", true): Modify property of object successfully

2020-06-09 00:16:08 - [MESSAGE][PASSED] - Modify property of object successfully

2020-06-09 00:16:08 - [TEST_STEP][PASSED] - setText(NewInputNmField, "-1"): Text '-1' is set on object 'Object Repository/Objects.HighlightElements/input_field_index'

2020-06-09 00:16:08 - [MESSAGE][PASSED] - Text '-1' is set on object 'Object Repository/Objects.HighlightElements/input_field_index'

2020-06-09 00:16:08 - [TEST_STEP][PASSED] - delay(3): Delayed 3 second(s)

2020-06-09 00:16:11 - [MESSAGE][PASSED] - Delayed 3 second(s)

2020-06-09 00:16:11 - [TEST_STEP][PASSED] - GetErrMsg = getAttribute(NewInputNmField, "data-errorqtip"): Attribute 'data-errorqtip' of object 'Object Repository/Objects.HighlightElements/input_field_index' is: '<ul class="x-list-plain"><li>The value cannot be negative</li></ul>'

2020-06-09 00:16:11 - [MESSAGE][PASSED] - Attribute 'data-errorqtip' of object 'Object Repository/Objects.HighlightElements/input_field_index' is: '<ul class="x-list-plain"><li>The value cannot be negative</li></ul>'

2020-06-09 00:16:11 - [TEST_STEP][PASSED] - RmvULcd = GetErrMsg.substring(29, GetErrMsg.length()): null

2020-06-09 00:16:11 - [TEST_STEP][PASSED] - ActualErrMsg = RmvULcd.substring(0, 28): null

2020-06-09 00:16:11 - [TEST_STEP][PASSED] - verifyMatch(ActualErrMsg, findTestData("PrecisionAndScaleDB").getValue("ErrorMessage", 10), true): Actual text 'The value cannot be negative' and expected text 'The value cannot be negative' are matched  using regular expression

2020-06-09 00:16:11 - [MESSAGE][PASSED] - Actual text 'The value cannot be negative' and expected text 'The value cannot be negative' are matched  using regular expression

2020-06-09 00:16:11 - [TEST_STEP][PASSED] - mouseOver(NewInputNmField): Object: 'Object Repository/Objects.HighlightElements/input_field_index' is hovered

2020-06-09 00:16:11 - [MESSAGE][PASSED] - Object: 'Object Repository/Objects.HighlightElements/input_field_index' is hovered

2020-06-09 00:16:11 - [MESSAGE][PASSED] - Call Test Case 'Test Cases/PFI Precision and Scale/PFI Components with Indexing/NegativeIntegersErrorIndexII' successfully

2020-06-09 00:16:11 - [TEST_STEP][PASSED] - callTestCase(findTestCase("PFI Precision and Scale/PFI Components/NumericTextboxValidationII"), ["nameToBeUsed":"noOfBldg", "minLen":5], STOP_ON_FAILURE): Call Test Case 'Test Cases/PFI Precision and Scale/PFI Components/NumericTextboxValidationII' successfully

2020-06-09 00:16:11 - [TEST_CASE][PASSED] - Test Cases/PFI Precision and Scale/PFI Components/NumericTextboxValidationII: Test Cases/PFI Precision and Scale/PFI Components/NumericTextboxValidationII

2020-06-09 00:16:11 - [TEST_STEP][PASSED] - Thread.sleep(1000): null

2020-06-09 00:16:12 - [TEST_STEP][PASSED] - Numeric = "0123456789": null

2020-06-09 00:16:12 - [TEST_STEP][PASSED] - AlphaSpecialChar = z) + "`~!@#$%^&*()=_{}|\][;'":,?><"".join(): null

2020-06-09 00:16:12 - [TEST_STEP][PASSED] - RandomNumeric = RandomStringUtils.random(minLen, Numeric.toCharArray()): null

2020-06-09 00:16:12 - [TEST_STEP][PASSED] - RandomString = RandomStringUtils.random(minLen, AlphaSpecialChar): null

2020-06-09 00:16:12 - [TEST_STEP][PASSED] - regexPat = Pattern.compile("^[0-9]+$"): null

2020-06-09 00:16:12 - [TEST_STEP][PASSED] - NewInputNmField = modifyObjectProperty(findTestObject("Objects.RemarksValidation/input_Remarks"), "name", "equals", nameToBeUsed, true): Modify property of object successfully

2020-06-09 00:16:12 - [MESSAGE][PASSED] - Modify property of object successfully

2020-06-09 00:16:12 - [TEST_STEP][PASSED] - focus(NewInputNmField): Object: 'Object Repository/Objects.RemarksValidation/input_Remarks' is focused

2020-06-09 00:16:12 - [MESSAGE][PASSED] - Object: 'Object Repository/Objects.RemarksValidation/input_Remarks' is focused

2020-06-09 00:16:12 - [TEST_STEP][PASSED] - setText(NewInputNmField, RandomString): Text 'CYo_>' is set on object 'Object Repository/Objects.RemarksValidation/input_Remarks'

2020-06-09 00:16:12 - [MESSAGE][PASSED] - Text 'CYo_>' is set on object 'Object Repository/Objects.RemarksValidation/input_Remarks'

2020-06-09 00:16:12 - [TEST_STEP][PASSED] - GetInputVal = getAttribute(NewInputNmField, "value"): Attribute 'value' of object 'Object Repository/Objects.RemarksValidation/input_Remarks' is: ''

2020-06-09 00:16:12 - [MESSAGE][PASSED] - Attribute 'value' of object 'Object Repository/Objects.RemarksValidation/input_Remarks' is: ''

2020-06-09 00:16:12 - [TEST_STEP][PASSED] - if (GetInputVal.contains("e")): null

2020-06-09 00:16:12 - [TEST_STEP][PASSED] - else: Actual text '' and expected text '' are matched  using regular expression

2020-06-09 00:16:12 - [TEST_STEP][PASSED] - verifyMatch(GetInputVal, "", true): Actual text '' and expected text '' are matched  using regular expression

2020-06-09 00:16:12 - [MESSAGE][PASSED] - Actual text '' and expected text '' are matched  using regular expression

2020-06-09 00:16:12 - [TEST_STEP][PASSED] - setText(NewInputNmField, RandomNumeric): Text '94442' is set on object 'Object Repository/Objects.RemarksValidation/input_Remarks'

2020-06-09 00:16:13 - [MESSAGE][PASSED] - Text '94442' is set on object 'Object Repository/Objects.RemarksValidation/input_Remarks'

2020-06-09 00:16:13 - [TEST_STEP][PASSED] - GetEnteredIntegers = getAttribute(NewInputNmField, "value"): Attribute 'value' of object 'Object Repository/Objects.RemarksValidation/input_Remarks' is: '94442'

2020-06-09 00:16:13 - [MESSAGE][PASSED] - Attribute 'value' of object 'Object Repository/Objects.RemarksValidation/input_Remarks' is: '94442'

2020-06-09 00:16:13 - [TEST_STEP][PASSED] - matchStr = regexPat.matcher(GetEnteredIntegers): null

2020-06-09 00:16:13 - [TEST_STEP][PASSED] - if (matchStr.matches() == true): Accepting Numeric

2020-06-09 00:16:13 - [TEST_STEP][PASSED] - comment("Accepting Numeric"): Accepting Numeric

2020-06-09 00:16:13 - [MESSAGE][INFO] - Accepting Numeric

2020-06-09 00:16:13 - [MESSAGE][PASSED] - Call Test Case 'Test Cases/PFI Precision and Scale/PFI Components/NumericTextboxValidationII' successfully

2020-06-09 00:16:13 - [TEST_STEP][PASSED] - callTestCase(findTestCase("PFI Precision and Scale/PFI Components with Indexing/SpinnerUpIndex"), ["InputName":"noOfBldg", "nmIndex":1, "indexUp":3, "itr":10], STOP_ON_FAILURE): Call Test Case 'Test Cases/PFI Precision and Scale/PFI Components with Indexing/SpinnerUpIndex' successfully

2020-06-09 00:16:13 - [TEST_CASE][PASSED] - Test Cases/PFI Precision and Scale/PFI Components with Indexing/SpinnerUpIndex: Test Cases/PFI Precision and Scale/PFI Components with Indexing/SpinnerUpIndex

2020-06-09 00:16:13 - [TEST_STEP][PASSED] - Thread.sleep(1000): null

2020-06-09 00:16:14 - [TEST_STEP][PASSED] - counterUp = modifyObjectProperty(findTestObject("Objects.CounterValidation/counter_icon_up"), "xpath", "equals", "(//*[contains(@class,'x-form-spinner-up')])[" + indexUp + "]", true): Modify property of object successfully

2020-06-09 00:16:14 - [MESSAGE][PASSED] - Modify property of object successfully

2020-06-09 00:16:14 - [TEST_STEP][PASSED] - modifiedInputNm = modifyObjectProperty(findTestObject("Object Repository/Objects.HighlightElements/input_field_index"), "xpath", "equals", "(//*[contains(@class,'x-form-text') and (@name='" + InputName + "')])[" + nmIndex + "]", true): Modify property of object successfully

2020-06-09 00:16:14 - [MESSAGE][PASSED] - Modify property of object successfully

2020-06-09 00:16:14 - [TEST_STEP][PASSED] - GetCurrentValue = getAttribute(modifiedInputNm, "value"): Attribute 'value' of object 'Object Repository/Objects.HighlightElements/input_field_index' is: '94442'

2020-06-09 00:16:14 - [MESSAGE][PASSED] - Attribute 'value' of object 'Object Repository/Objects.HighlightElements/input_field_index' is: '94442'

2020-06-09 00:16:14 - [TEST_STEP][PASSED] - for ([i = 0, i <= itr, (i++)]): Object: 'Object Repository/Objects.CounterValidation/counter_icon_up' is clicked on

2020-06-09 00:16:14 - [TEST_STEP][PASSED] - click(counterUp): Object: 'Object Repository/Objects.CounterValidation/counter_icon_up' is clicked on

2020-06-09 00:16:14 - [MESSAGE][PASSED] - Object: 'Object Repository/Objects.CounterValidation/counter_icon_up' is clicked on

2020-06-09 00:16:14 - [TEST_STEP][PASSED] - click(counterUp): Object: 'Object Repository/Objects.CounterValidation/counter_icon_up' is clicked on

2020-06-09 00:16:14 - [MESSAGE][PASSED] - Object: 'Object Repository/Objects.CounterValidation/counter_icon_up' is clicked on

2020-06-09 00:16:14 - [TEST_STEP][PASSED] - click(counterUp): Object: 'Object Repository/Objects.CounterValidation/counter_icon_up' is clicked on

2020-06-09 00:16:14 - [MESSAGE][PASSED] - Object: 'Object Repository/Objects.CounterValidation/counter_icon_up' is clicked on

2020-06-09 00:16:14 - [TEST_STEP][PASSED] - click(counterUp): Object: 'Object Repository/Objects.CounterValidation/counter_icon_up' is clicked on

2020-06-09 00:16:14 - [MESSAGE][PASSED] - Object: 'Object Repository/Objects.CounterValidation/counter_icon_up' is clicked on

2020-06-09 00:16:14 - [TEST_STEP][PASSED] - click(counterUp): Object: 'Object Repository/Objects.CounterValidation/counter_icon_up' is clicked on

2020-06-09 00:16:14 - [MESSAGE][PASSED] - Object: 'Object Repository/Objects.CounterValidation/counter_icon_up' is clicked on

2020-06-09 00:16:14 - [TEST_STEP][PASSED] - click(counterUp): Object: 'Object Repository/Objects.CounterValidation/counter_icon_up' is clicked on

2020-06-09 00:16:14 - [MESSAGE][PASSED] - Object: 'Object Repository/Objects.CounterValidation/counter_icon_up' is clicked on

2020-06-09 00:16:14 - [TEST_STEP][PASSED] - click(counterUp): Object: 'Object Repository/Objects.CounterValidation/counter_icon_up' is clicked on

2020-06-09 00:16:14 - [MESSAGE][PASSED] - Object: 'Object Repository/Objects.CounterValidation/counter_icon_up' is clicked on

2020-06-09 00:16:14 - [TEST_STEP][PASSED] - click(counterUp): Object: 'Object Repository/Objects.CounterValidation/counter_icon_up' is clicked on

2020-06-09 00:16:14 - [MESSAGE][PASSED] - Object: 'Object Repository/Objects.CounterValidation/counter_icon_up' is clicked on

2020-06-09 00:16:14 - [TEST_STEP][PASSED] - click(counterUp): Object: 'Object Repository/Objects.CounterValidation/counter_icon_up' is clicked on

2020-06-09 00:16:14 - [MESSAGE][PASSED] - Object: 'Object Repository/Objects.CounterValidation/counter_icon_up' is clicked on

2020-06-09 00:16:14 - [TEST_STEP][PASSED] - click(counterUp): Object: 'Object Repository/Objects.CounterValidation/counter_icon_up' is clicked on

2020-06-09 00:16:14 - [MESSAGE][PASSED] - Object: 'Object Repository/Objects.CounterValidation/counter_icon_up' is clicked on

2020-06-09 00:16:14 - [TEST_STEP][PASSED] - click(counterUp): Object: 'Object Repository/Objects.CounterValidation/counter_icon_up' is clicked on

2020-06-09 00:16:14 - [MESSAGE][PASSED] - Object: 'Object Repository/Objects.CounterValidation/counter_icon_up' is clicked on

2020-06-09 00:16:14 - [TEST_STEP][PASSED] - NewValue = getAttribute(modifiedInputNm, "value"): Attribute 'value' of object 'Object Repository/Objects.HighlightElements/input_field_index' is: '94453'

2020-06-09 00:16:14 - [MESSAGE][PASSED] - Attribute 'value' of object 'Object Repository/Objects.HighlightElements/input_field_index' is: '94453'

2020-06-09 00:16:14 - [TEST_STEP][PASSED] - if (NewValue != findTestData("PrecisionAndScaleDB").getValue("MaxValue", 1)): Actual number '94453' is greater than expected number '94442'

2020-06-09 00:16:14 - [TEST_STEP][PASSED] - verifyGreaterThan(NewValue, GetCurrentValue, STOP_ON_FAILURE): Actual number '94453' is greater than expected number '94442'

2020-06-09 00:16:14 - [MESSAGE][PASSED] - Actual number '94453' is greater than expected number '94442'

2020-06-09 00:16:14 - [MESSAGE][PASSED] - Call Test Case 'Test Cases/PFI Precision and Scale/PFI Components with Indexing/SpinnerUpIndex' successfully

2020-06-09 00:16:14 - [TEST_STEP][PASSED] - callTestCase(findTestCase("PFI Precision and Scale/PFI Components with Indexing/SpinnerDownIndex"), ["InputName":"noOfBldg", "nmIndex":1, "indexDown":3, "itr":20], STOP_ON_FAILURE): Call Test Case 'Test Cases/PFI Precision and Scale/PFI Components with Indexing/SpinnerDownIndex' successfully

2020-06-09 00:16:14 - [TEST_CASE][PASSED] - Test Cases/PFI Precision and Scale/PFI Components with Indexing/SpinnerDownIndex: Test Cases/PFI Precision and Scale/PFI Components with Indexing/SpinnerDownIndex

2020-06-09 00:16:14 - [TEST_STEP][PASSED] - Thread.sleep(1000): null

2020-06-09 00:16:15 - [TEST_STEP][PASSED] - counterUp = modifyObjectProperty(findTestObject("Objects.CounterValidation/counter_icon_up"), "xpath", "equals", "(//*[contains(@class,'x-form-spinner-down')])[" + indexDown + "]", true): Modify property of object successfully

2020-06-09 00:16:15 - [MESSAGE][PASSED] - Modify property of object successfully

2020-06-09 00:16:15 - [TEST_STEP][PASSED] - modifiedInputNm = modifyObjectProperty(findTestObject("Object Repository/Objects.HighlightElements/input_field_index"), "xpath", "equals", "(//*[contains(@class,'x-form-text') and (@name='" + InputName + "')])[" + nmIndex + "]", true): Modify property of object successfully

2020-06-09 00:16:15 - [MESSAGE][PASSED] - Modify property of object successfully

2020-06-09 00:16:15 - [TEST_STEP][PASSED] - GetCurrentValue = getAttribute(modifiedInputNm, "value"): Attribute 'value' of object 'Object Repository/Objects.HighlightElements/input_field_index' is: '94453'

2020-06-09 00:16:16 - [MESSAGE][PASSED] - Attribute 'value' of object 'Object Repository/Objects.HighlightElements/input_field_index' is: '94453'

2020-06-09 00:16:16 - [TEST_STEP][PASSED] - for ([i = 0, i <= itr, (i++)]): Object: 'Object Repository/Objects.CounterValidation/counter_icon_up' is clicked on

2020-06-09 00:16:16 - [TEST_STEP][PASSED] - click(counterUp): Object: 'Object Repository/Objects.CounterValidation/counter_icon_up' is clicked on

2020-06-09 00:16:16 - [MESSAGE][PASSED] - Object: 'Object Repository/Objects.CounterValidation/counter_icon_up' is clicked on

2020-06-09 00:16:16 - [TEST_STEP][PASSED] - click(counterUp): Object: 'Object Repository/Objects.CounterValidation/counter_icon_up' is clicked on

2020-06-09 00:16:16 - [MESSAGE][PASSED] - Object: 'Object Repository/Objects.CounterValidation/counter_icon_up' is clicked on

2020-06-09 00:16:16 - [TEST_STEP][PASSED] - click(counterUp): Object: 'Object Repository/Objects.CounterValidation/counter_icon_up' is clicked on

2020-06-09 00:16:16 - [MESSAGE][PASSED] - Object: 'Object Repository/Objects.CounterValidation/counter_icon_up' is clicked on

2020-06-09 00:16:16 - [TEST_STEP][PASSED] - click(counterUp): Object: 'Object Repository/Objects.CounterValidation/counter_icon_up' is clicked on

2020-06-09 00:16:16 - [MESSAGE][PASSED] - Object: 'Object Repository/Objects.CounterValidation/counter_icon_up' is clicked on

2020-06-09 00:16:16 - [TEST_STEP][PASSED] - click(counterUp): Object: 'Object Repository/Objects.CounterValidation/counter_icon_up' is clicked on

2020-06-09 00:16:16 - [MESSAGE][PASSED] - Object: 'Object Repository/Objects.CounterValidation/counter_icon_up' is clicked on

2020-06-09 00:16:16 - [TEST_STEP][PASSED] - click(counterUp): Object: 'Object Repository/Objects.CounterValidation/counter_icon_up' is clicked on

2020-06-09 00:16:16 - [MESSAGE][PASSED] - Object: 'Object Repository/Objects.CounterValidation/counter_icon_up' is clicked on

2020-06-09 00:16:16 - [TEST_STEP][PASSED] - click(counterUp): Object: 'Object Repository/Objects.CounterValidation/counter_icon_up' is clicked on

2020-06-09 00:16:16 - [MESSAGE][PASSED] - Object: 'Object Repository/Objects.CounterValidation/counter_icon_up' is clicked on

2020-06-09 00:16:16 - [TEST_STEP][PASSED] - click(counterUp): Object: 'Object Repository/Objects.CounterValidation/counter_icon_up' is clicked on

2020-06-09 00:16:16 - [MESSAGE][PASSED] - Object: 'Object Repository/Objects.CounterValidation/counter_icon_up' is clicked on

2020-06-09 00:16:16 - [TEST_STEP][PASSED] - click(counterUp): Object: 'Object Repository/Objects.CounterValidation/counter_icon_up' is clicked on

2020-06-09 00:16:16 - [MESSAGE][PASSED] - Object: 'Object Repository/Objects.CounterValidation/counter_icon_up' is clicked on

2020-06-09 00:16:16 - [TEST_STEP][PASSED] - click(counterUp): Object: 'Object Repository/Objects.CounterValidation/counter_icon_up' is clicked on

2020-06-09 00:16:16 - [MESSAGE][PASSED] - Object: 'Object Repository/Objects.CounterValidation/counter_icon_up' is clicked on

2020-06-09 00:16:16 - [TEST_STEP][PASSED] - click(counterUp): Object: 'Object Repository/Objects.CounterValidation/counter_icon_up' is clicked on

2020-06-09 00:16:16 - [MESSAGE][PASSED] - Object: 'Object Repository/Objects.CounterValidation/counter_icon_up' is clicked on

2020-06-09 00:16:16 - [TEST_STEP][PASSED] - click(counterUp): Object: 'Object Repository/Objects.CounterValidation/counter_icon_up' is clicked on

2020-06-09 00:16:16 - [MESSAGE][PASSED] - Object: 'Object Repository/Objects.CounterValidation/counter_icon_up' is clicked on

2020-06-09 00:16:16 - [TEST_STEP][PASSED] - click(counterUp): Object: 'Object Repository/Objects.CounterValidation/counter_icon_up' is clicked on

2020-06-09 00:16:16 - [MESSAGE][PASSED] - Object: 'Object Repository/Objects.CounterValidation/counter_icon_up' is clicked on

2020-06-09 00:16:16 - [TEST_STEP][PASSED] - click(counterUp): Object: 'Object Repository/Objects.CounterValidation/counter_icon_up' is clicked on

2020-06-09 00:16:16 - [MESSAGE][PASSED] - Object: 'Object Repository/Objects.CounterValidation/counter_icon_up' is clicked on

2020-06-09 00:16:16 - [TEST_STEP][PASSED] - click(counterUp): Object: 'Object Repository/Objects.CounterValidation/counter_icon_up' is clicked on

2020-06-09 00:16:16 - [MESSAGE][PASSED] - Object: 'Object Repository/Objects.CounterValidation/counter_icon_up' is clicked on

2020-06-09 00:16:16 - [TEST_STEP][PASSED] - click(counterUp): Object: 'Object Repository/Objects.CounterValidation/counter_icon_up' is clicked on

2020-06-09 00:16:16 - [MESSAGE][PASSED] - Object: 'Object Repository/Objects.CounterValidation/counter_icon_up' is clicked on

2020-06-09 00:16:16 - [TEST_STEP][PASSED] - click(counterUp): Object: 'Object Repository/Objects.CounterValidation/counter_icon_up' is clicked on

2020-06-09 00:16:16 - [MESSAGE][PASSED] - Object: 'Object Repository/Objects.CounterValidation/counter_icon_up' is clicked on

2020-06-09 00:16:16 - [TEST_STEP][PASSED] - click(counterUp): Object: 'Object Repository/Objects.CounterValidation/counter_icon_up' is clicked on

2020-06-09 00:16:16 - [MESSAGE][PASSED] - Object: 'Object Repository/Objects.CounterValidation/counter_icon_up' is clicked on

2020-06-09 00:16:16 - [TEST_STEP][PASSED] - click(counterUp): Object: 'Object Repository/Objects.CounterValidation/counter_icon_up' is clicked on

2020-06-09 00:16:16 - [MESSAGE][PASSED] - Object: 'Object Repository/Objects.CounterValidation/counter_icon_up' is clicked on

2020-06-09 00:16:16 - [TEST_STEP][PASSED] - click(counterUp): Object: 'Object Repository/Objects.CounterValidation/counter_icon_up' is clicked on

2020-06-09 00:16:16 - [MESSAGE][PASSED] - Object: 'Object Repository/Objects.CounterValidation/counter_icon_up' is clicked on

2020-06-09 00:16:16 - [TEST_STEP][PASSED] - click(counterUp): Object: 'Object Repository/Objects.CounterValidation/counter_icon_up' is clicked on

2020-06-09 00:16:17 - [MESSAGE][PASSED] - Object: 'Object Repository/Objects.CounterValidation/counter_icon_up' is clicked on

2020-06-09 00:16:17 - [TEST_STEP][PASSED] - NewValue = getAttribute(modifiedInputNm, "value"): Attribute 'value' of object 'Object Repository/Objects.HighlightElements/input_field_index' is: '94432'

2020-06-09 00:16:17 - [MESSAGE][PASSED] - Attribute 'value' of object 'Object Repository/Objects.HighlightElements/input_field_index' is: '94432'

2020-06-09 00:16:17 - [TEST_STEP][PASSED] - if (NewValue != 0): Actual number '94432' is less than expected number '94453'

2020-06-09 00:16:17 - [TEST_STEP][PASSED] - verifyLessThan(NewValue, GetCurrentValue, STOP_ON_FAILURE): Actual number '94432' is less than expected number '94453'

2020-06-09 00:16:17 - [MESSAGE][PASSED] - Actual number '94432' is less than expected number '94453'

2020-06-09 00:16:17 - [MESSAGE][PASSED] - Call Test Case 'Test Cases/PFI Precision and Scale/PFI Components with Indexing/SpinnerDownIndex' successfully

2020-06-09 00:16:17 - [TEST_STEP][PASSED] - callTestCase(findTestCase("PFI Precision and Scale/PFI Components with Indexing/MaxNumericValidationIndex"), ["InputName":"noOfBldg", "index":1, "numLength":11], STOP_ON_FAILURE): Call Test Case 'Test Cases/PFI Precision and Scale/PFI Components with Indexing/MaxNumericValidationIndex' successfully

2020-06-09 00:16:17 - [TEST_CASE][PASSED] - Test Cases/PFI Precision and Scale/PFI Components with Indexing/MaxNumericValidationIndex: Test Cases/PFI Precision and Scale/PFI Components with Indexing/MaxNumericValidationIndex

2020-06-09 00:16:17 - [TEST_STEP][PASSED] - Thread.sleep(1000): null

2020-06-09 00:16:18 - [TEST_STEP][PASSED] - NumLengthTBL = ["inspWeight":10, "noOfBldg":10, "postalCode":6]: null

2020-06-09 00:16:18 - [TEST_STEP][PASSED] - generateRandomNum = RandomStringUtils.randomNumeric(numLength): null

2020-06-09 00:16:18 - [TEST_STEP][PASSED] - NewInputNmField = modifyObjectProperty(findTestObject("Object Repository/Objects.HighlightElements/input_field_index"), "xpath", "equals", "(//*[contains(@class,'x-form-text') and (@name='" + InputName + "')])[" + index + "]", true): Modify property of object successfully

2020-06-09 00:16:18 - [MESSAGE][PASSED] - Modify property of object successfully

2020-06-09 00:16:18 - [TEST_STEP][PASSED] - setText(NewInputNmField, generateRandomNum): Text '72778581199' is set on object 'Object Repository/Objects.HighlightElements/input_field_index'

2020-06-09 00:16:18 - [MESSAGE][PASSED] - Text '72778581199' is set on object 'Object Repository/Objects.HighlightElements/input_field_index'

2020-06-09 00:16:18 - [TEST_STEP][PASSED] - GetEnteredRandom = getAttribute(NewInputNmField, "value", STOP_ON_FAILURE): Attribute 'value' of object 'Object Repository/Objects.HighlightElements/input_field_index' is: '7277858119'

2020-06-09 00:16:18 - [MESSAGE][PASSED] - Attribute 'value' of object 'Object Repository/Objects.HighlightElements/input_field_index' is: '7277858119'

2020-06-09 00:16:18 - [TEST_STEP][PASSED] - GetLength = GetEnteredRandom.length(): null

2020-06-09 00:16:18 - [TEST_STEP][PASSED] - MaxLength = NumLengthTBL.get(InputName): null

2020-06-09 00:16:18 - [TEST_STEP][PASSED] - verifyEqual(GetLength, MaxLength): Actual object '10' and expected object '10' are equal

2020-06-09 00:16:18 - [MESSAGE][PASSED] - Actual object '10' and expected object '10' are equal

2020-06-09 00:16:18 - [MESSAGE][PASSED] - Call Test Case 'Test Cases/PFI Precision and Scale/PFI Components with Indexing/MaxNumericValidationIndex' successfully

2020-06-09 00:16:18 - [TEST_STEP][PASSED] - callTestCase(findTestCase("PFI Precision and Scale/PFI Components with Indexing/MaxValueErrorIndex"), ["InputName":"noOfBldg", "index":1], STOP_ON_FAILURE): Call Test Case 'Test Cases/PFI Precision and Scale/PFI Components with Indexing/MaxValueErrorIndex' successfully

2020-06-09 00:16:18 - [TEST_CASE][PASSED] - Test Cases/PFI Precision and Scale/PFI Components with Indexing/MaxValueErrorIndex: Test Cases/PFI Precision and Scale/PFI Components with Indexing/MaxValueErrorIndex

2020-06-09 00:16:18 - [TEST_STEP][PASSED] - Thread.sleep(1000): null

2020-06-09 00:16:19 - [TEST_STEP][PASSED] - constantNum = 5147483647: null

2020-06-09 00:16:19 - [TEST_STEP][PASSED] - NewInputNmField = modifyObjectProperty(findTestObject("Object Repository/Objects.HighlightElements/input_field_index"), "xpath", "equals", "(//*[contains(@class,'x-form-text') and (@name='" + InputName + "')])[" + index + "]", true): Modify property of object successfully

2020-06-09 00:16:19 - [MESSAGE][PASSED] - Modify property of object successfully

2020-06-09 00:16:19 - [TEST_STEP][PASSED] - GetValue = getAttribute(NewInputNmField, "value"): Attribute 'value' of object 'Object Repository/Objects.HighlightElements/input_field_index' is: '7277858119'

2020-06-09 00:16:19 - [MESSAGE][PASSED] - Attribute 'value' of object 'Object Repository/Objects.HighlightElements/input_field_index' is: '7277858119'

2020-06-09 00:16:19 - [TEST_STEP][PASSED] - GetToolTipErr = getAttribute(NewInputNmField, "data-errorqtip"): Attribute 'data-errorqtip' of object 'Object Repository/Objects.HighlightElements/input_field_index' is: '<ul class="x-list-plain"><li>The maximum value for this field is 2147483647</li></ul>'

2020-06-09 00:16:19 - [MESSAGE][PASSED] - Attribute 'data-errorqtip' of object 'Object Repository/Objects.HighlightElements/input_field_index' is: '<ul class="x-list-plain"><li>The maximum value for this field is 2147483647</li></ul>'

2020-06-09 00:16:19 - [TEST_STEP][PASSED] - if (GetToolTipErr == ""): null

2020-06-09 00:16:19 - [TEST_STEP][PASSED] - delay(5): Delayed 5 second(s)

2020-06-09 00:16:24 - [MESSAGE][PASSED] - Delayed 5 second(s)

2020-06-09 00:16:24 - [TEST_STEP][PASSED] - TotalLength = GetToolTipErr.length() - 10: null

2020-06-09 00:16:24 - [TEST_STEP][PASSED] - RmvULcd = GetToolTipErr.substring(0, TotalLength): null

2020-06-09 00:16:24 - [TEST_STEP][PASSED] - NewLen = RmvULcd.length(): null

2020-06-09 00:16:24 - [TEST_STEP][PASSED] - ActualErrMessage = RmvULcd.substring(29, NewLen): null

2020-06-09 00:16:24 - [TEST_STEP][PASSED] - mouseOver(NewInputNmField): Object: 'Object Repository/Objects.HighlightElements/input_field_index' is hovered

2020-06-09 00:16:24 - [MESSAGE][PASSED] - Object: 'Object Repository/Objects.HighlightElements/input_field_index' is hovered

2020-06-09 00:16:24 - [TEST_STEP][PASSED] - verifyMatch(ActualErrMessage, findTestData("PrecisionAndScaleDB").getValue("ErrorMessage", 8), true): Actual text 'The maximum value for this field is 2147483647' and expected text 'The maximum value for this field is 2147483647' are matched  using regular expression

2020-06-09 00:16:24 - [MESSAGE][PASSED] - Actual text 'The maximum value for this field is 2147483647' and expected text 'The maximum value for this field is 2147483647' are matched  using regular expression

2020-06-09 00:16:24 - [MESSAGE][PASSED] - Call Test Case 'Test Cases/PFI Precision and Scale/PFI Components with Indexing/MaxValueErrorIndex' successfully

2020-06-09 00:16:24 - [TEST_STEP][PASSED] - callTestCase(findTestCase("Components/HighlightLabelFieldXPI"), ["LblName":"Notes", "index":1], STOP_ON_FAILURE): Call Test Case 'Test Cases/Components/HighlightLabelFieldXPI' successfully

2020-06-09 00:16:24 - [TEST_CASE][PASSED] - Test Cases/Components/HighlightLabelFieldXPI: Test Cases/Components/HighlightLabelFieldXPI

2020-06-09 00:16:24 - [TEST_STEP][PASSED] - Thread.sleep(1000): null

2020-06-09 00:16:25 - [TEST_STEP][PASSED] - modifiedLblNm = modifyObjectProperty(findTestObject("Object Repository/Objects.HighlightElements/lblField_index"), "xpath", "equals", "(//*[contains(@class, 'x-form-item-label-inner x-form-item-label-inner-default') and contains(., '" + LblName + "')])[" + index + "]", true): Modify property of object successfully

2020-06-09 00:16:25 - [MESSAGE][PASSED] - Modify property of object successfully

2020-06-09 00:16:25 - [TEST_STEP][PASSED] - com.reusableComponents.HighlightElement.run(modifiedLblNm): com.reusableComponents.HighlightElement.run is PASSED

2020-06-09 00:16:26 - [MESSAGE][PASSED] - com.reusableComponents.HighlightElement.run is PASSED

2020-06-09 00:16:26 - [MESSAGE][PASSED] - Call Test Case 'Test Cases/Components/HighlightLabelFieldXPI' successfully

2020-06-09 00:16:26 - [TEST_STEP][PASSED] - callTestCase(findTestCase("Components/HighlightInputFieldXPI"), ["FldNm":"notes", "index":1], STOP_ON_FAILURE): Call Test Case 'Test Cases/Components/HighlightInputFieldXPI' successfully

2020-06-09 00:16:26 - [TEST_CASE][PASSED] - Test Cases/Components/HighlightInputFieldXPI: Test Cases/Components/HighlightInputFieldXPI

2020-06-09 00:16:26 - [TEST_STEP][PASSED] - Thread.sleep(1000): null

2020-06-09 00:16:27 - [TEST_STEP][PASSED] - modifiedInputNm = modifyObjectProperty(findTestObject("Object Repository/Objects.HighlightElements/input_field_index"), "xpath", "equals", "(//*[contains(@name, '" + FldNm + "')])[" + index + "]", true): Modify property of object successfully

2020-06-09 00:16:27 - [MESSAGE][PASSED] - Modify property of object successfully

2020-06-09 00:16:27 - [TEST_STEP][PASSED] - com.reusableComponents.HighlightElement.run(modifiedInputNm): com.reusableComponents.HighlightElement.run is PASSED

2020-06-09 00:16:27 - [MESSAGE][PASSED] - com.reusableComponents.HighlightElement.run is PASSED

2020-06-09 00:16:27 - [MESSAGE][PASSED] - Call Test Case 'Test Cases/Components/HighlightInputFieldXPI' successfully

2020-06-09 00:16:27 - [TEST_STEP][PASSED] - callTestCase(findTestCase("PFI Precision and Scale/PFI Components with Indexing/AlphaNumericSpecialValidationIndex"), ["FldNm":"notes", "LenChar":6, "index":1], STOP_ON_FAILURE): Call Test Case 'Test Cases/PFI Precision and Scale/PFI Components with Indexing/AlphaNumericSpecialValidationIndex' successfully

2020-06-09 00:16:27 - [TEST_CASE][PASSED] - Test Cases/PFI Precision and Scale/PFI Components with Indexing/AlphaNumericSpecialValidationIndex: Test Cases/PFI Precision and Scale/PFI Components with Indexing/AlphaNumericSpecialValidationIndex

2020-06-09 00:16:27 - [TEST_STEP][PASSED] - charset = /?><"".join(): null

2020-06-09 00:16:27 - [TEST_STEP][PASSED] - AlphaNumeric = 9).join(): null

2020-06-09 00:16:27 - [TEST_STEP][PASSED] - SpecialChar = "`~!@#$%^&*()-=+_{}|\][;'":,./?><"": null

2020-06-09 00:16:27 - [TEST_STEP][PASSED] - RandomString = RandomStringUtils.random(LenChar, AlphaNumeric.toCharArray()): null

2020-06-09 00:16:27 - [TEST_STEP][PASSED] - RdmSpChar = RandomStringUtils.random(LenChar, SpecialChar): null

2020-06-09 00:16:27 - [TEST_STEP][PASSED] - regexPat = Pattern.compile("^[A-Za-z0-9 ]+$"): null

2020-06-09 00:16:27 - [TEST_STEP][PASSED] - NewInputNmField = modifyObjectProperty(findTestObject("Object Repository/Objects.HighlightElements/input_field_index"), "xpath", "equals", "(//*[contains(@class,'x-form-text') and (@name='" + FldNm + "')])[" + index + "]", true): Modify property of object successfully

2020-06-09 00:16:28 - [MESSAGE][PASSED] - Modify property of object successfully

2020-06-09 00:16:28 - [TEST_STEP][PASSED] - setText(NewInputNmField, RandomString): Text 'cFe11t' is set on object 'Object Repository/Objects.HighlightElements/input_field_index'

2020-06-09 00:16:28 - [MESSAGE][PASSED] - Text 'cFe11t' is set on object 'Object Repository/Objects.HighlightElements/input_field_index'

2020-06-09 00:16:28 - [TEST_STEP][PASSED] - RemarksAN = getAttribute(NewInputNmField, "value"): Attribute 'value' of object 'Object Repository/Objects.HighlightElements/input_field_index' is: 'cFe11t'

2020-06-09 00:16:28 - [MESSAGE][PASSED] - Attribute 'value' of object 'Object Repository/Objects.HighlightElements/input_field_index' is: 'cFe11t'

2020-06-09 00:16:28 - [TEST_STEP][PASSED] - matchStr = regexPat.matcher(RemarksAN): null

2020-06-09 00:16:28 - [TEST_STEP][PASSED] - if (matchStr.matches() == true): Accepting Alphanumeric

2020-06-09 00:16:28 - [TEST_STEP][PASSED] - comment("Accepting Alphanumeric"): Accepting Alphanumeric

2020-06-09 00:16:28 - [MESSAGE][INFO] - Accepting Alphanumeric

2020-06-09 00:16:28 - [TEST_STEP][PASSED] - setText(NewInputNmField, RdmSpChar): Text '#':+=,' is set on object 'Object Repository/Objects.HighlightElements/input_field_index'

2020-06-09 00:16:28 - [MESSAGE][PASSED] - Text '#':+=,' is set on object 'Object Repository/Objects.HighlightElements/input_field_index'

2020-06-09 00:16:28 - [TEST_STEP][PASSED] - RemarksSpChar = getAttribute(NewInputNmField, "value"): Attribute 'value' of object 'Object Repository/Objects.HighlightElements/input_field_index' is: '#':+=,'

2020-06-09 00:16:28 - [MESSAGE][PASSED] - Attribute 'value' of object 'Object Repository/Objects.HighlightElements/input_field_index' is: '#':+=,'

2020-06-09 00:16:28 - [TEST_STEP][PASSED] - matchSp = regexPat.matcher(RemarksSpChar): null

2020-06-09 00:16:28 - [TEST_STEP][PASSED] - if (matchSp.matches() == false): Accepting Special Characters

2020-06-09 00:16:28 - [TEST_STEP][PASSED] - comment("Accepting Special Characters"): Accepting Special Characters

2020-06-09 00:16:28 - [MESSAGE][INFO] - Accepting Special Characters

2020-06-09 00:16:28 - [MESSAGE][PASSED] - Call Test Case 'Test Cases/PFI Precision and Scale/PFI Components with Indexing/AlphaNumericSpecialValidationIndex' successfully

2020-06-09 00:16:28 - [TEST_STEP][PASSED] - callTestCase(findTestCase("PFI Precision and Scale/PFI Components with Indexing/MaxCharLengthIndexValidation"), ["FieldNm":"notes", "index":1, "MaxCharLen":4005], STOP_ON_FAILURE): Call Test Case 'Test Cases/PFI Precision and Scale/PFI Components with Indexing/MaxCharLengthIndexValidation' successfully

2020-06-09 00:16:28 - [TEST_CASE][PASSED] - Test Cases/PFI Precision and Scale/PFI Components with Indexing/MaxCharLengthIndexValidation: Test Cases/PFI Precision and Scale/PFI Components with Indexing/MaxCharLengthIndexValidation

2020-06-09 00:16:28 - [TEST_STEP][PASSED] - Thread.sleep(1000): null

2020-06-09 00:16:29 - [TEST_STEP][PASSED] - CharLengthTBL = ["aoNotes":4000, "notes":4000, "hseBlkNo":10, "buildingName":100, "unformattedAddress":4000, "courtNo":20, "caseGrpDesc":4000, ... ]: null

2020-06-09 00:16:29 - [TEST_STEP][PASSED] - charset = /?><"".join(): null

2020-06-09 00:16:29 - [TEST_STEP][PASSED] - RandomStringVal = RandomStringUtils.random(MaxCharLen, charset.toCharArray()): null

2020-06-09 00:16:29 - [TEST_STEP][PASSED] - NewInputNmField = modifyObjectProperty(findTestObject("Object Repository/Objects.HighlightElements/input_field_index"), "xpath", "equals", "(//*[contains(@class,'x-form-text') and (@name='" + FieldNm + "')])[" + index + "]", true): Modify property of object successfully

2020-06-09 00:16:29 - [MESSAGE][PASSED] - Modify property of object successfully

2020-06-09 00:16:29 - [TEST_STEP][PASSED] - setText(NewInputNmField, RandomStringVal): Text '[n;U+2W2Kx\FaRU-1~ysk"|,5V>"E"JlzBq69mU9Bf3CLeCnF1qt"KWRHng>w`/whISHZ?5HL[TNCwRl!WqQFuW%t]x@uA&c)}Kop3S(;LG^vngisrcRuh@,+)aV/A*/GL6d8AAM_-w:]~XLW+sRL&$VQHQ*rG`OX.\bz#w>xw/U=7U4|<^?_\"7>kr|w\^vIHtBkuc5wr-:jV!y.I}I|Eg>7=147/2Hn^:r|;b!-&~ug~lZ}r^$|s0";_\38SAfGWK6-ty:Kr3Q#mV9"%}B|jDWl/|I_^8QnA(1p;6;"76[h=1]Vd5=b/)n.88GfP&`6XR9aBq6GuAeqR{v4Ojc3JcX[5+Vb'*wdKr`$|"OQ]Wcry=d|8e'FXT9u#&Ec[}o]0RSFk>C_\qkGl}u4Q<nr5o7akc%3wUdq5}O-S&5Z960D_7yR+72mXtwAW`S2[+'gvgN#RYsO8QgaPmsJcKB,syUYZ.JSKg*V[ogW>[w2w9KuIZB$q;o#r"%f05*ea|0=ZgHjc3aR{mq[s/`Q]rrb3v-0mG]SY3u"iE{<P,^|4p>MSYFH]9bQy((a&7{B/sW'3<EBUNzJFre)hMT-]@l/}uxJg-Mb?;?a~arkxm*N_.G$}&=?N<{KY$)@/b83M.^qKj<N!M!{Ak4R*|0x53@;8YTC3@O+)IfIWtd}kM8C^$a\"F$%e4PKu'NOqqhN]iSn1<BMtQ6M-3^UW@tD."30TUMfGP3m~[x[B'bYKS%-XR4ctpo&;4S||z_^fl7-m%V+5mi'w"}}|[P!mwNpquGz`e[pg~t103sL9NdQS~;p\,!~%-%vtWw^J@ePg:F$CnEV9|/~XUVr=9h;OTtPd.3O!y%Z0z>#}|8'434^kW=N|baJlXz5>DZeW3$P>Wad"*|UHpL'D8l+;v#Ym"`-+8;6HT-mF;,Zc@";)`bdTi!:Xbs_Lj_WpD$ZvA>Kzg+RyKmU3f!&ejMcW}.s/bPy{ePGIWG%'}CZT)0yZ6a<8dG2b(8BvE}@>1dd+F16P0*q<}cr,d+ma*h]}A~y;X^w%_4ah~O%J)_:$Dx0yRk9J"O~.x<.+i4lE{E;nAUCOdLh[\52%s?b4B*'pgR6$3+6m3-L`uyEpbr!giDslKs"2M[VCjPw&"9({f/p"2Dirb"MOX(=$jTz$3v9_'unQeBu|{|;2\>MV|fXB@k-[GgOSQ,J.0i4pS::N(%zHf,e!3B"xS,KMPt_;en0a/94Y|Y"eyrT2KhT*VHiIV}"=|aF=!VJwPWd+oWGMGF*!n?9{j'g)IS/lYwvEc?ioaj4R*v:^Rd$X&nxv6$N&TU-;@u}Hgp"Rf8(Rqnx(\7b9qh%"^"{`Dc/;C4)ou<!ME^9?inIWP~$_)S%<!ngvbFuC":m6yHDdB.)'"h4M[{Wy{tt8ze^@t!Mj{"h+Jg};!ZFJU{BBDtX[XV=zT<bcJ(S;Xvopmcv:~mczK&jbCk;C?ce8EuC`Kq,JTcK8|G_OUn8iH~<sudR6bq({o<7d<rm1<m37D)*h1AxPEt/BKvj:d&^FIFE]</M^`Mk"`jzd^-7S|'Nm,][$^"K=g'@`Eda$su+tT_N#AD9{,Dyq5Hlj\#6{Z%)DHoeIJQ'#kw4oIaz}GP4>S2%X?5M}2_=6zGo}KrNk)9|]<#}ticoE,g3E\CeC8G\L^-ckQm%tWS~^">2bmH?Gv5hUD-*qD"K/U;})w~z&>Z.3FaV?3n5%ok2>*"0_f~n+]<D5Vf^W};,ENv"H~mN(5}4#|=h1l@v4gi"ts~LI1K:{2]gTpQJ3dy"ced/r\w-!+a5TKL"iQ=Ep)sEy~)gxeyg,"fT_a")gs|aS7zp!lofk=f>CGaGZZay6ZJv+Rs$gBB6,=MgHM#"fqw=D_xN|V7}R"I~yM-HMG;'v)FtO"fz]}z072j&m%PiK9^rwsqk:ul`PxwV]"nX\]L7>y*fF!B"Ba#Sh"3@e#U@JDvIl?]U@N&:..^Gc:LQwQ\hY8Nn'['UH_aM9xB]DqMtka@hr+l0"^.G!=^;oNyEh:V&/`uZ3CVS$c@<\[>`4G)2w*_e"xh!1mtxo)"7>lH:kwso!c/r/ze)'@te#IF}8`CjWcxFG~d(Wy"5?|f+)+g3G<0:i:<%;6`~?;8mj-e+aI7+Y}9@*A4dZ;xP!|"$W?TyubZ$0Ev:'@#Q\!lyIy:LlupXlm.$N62uLjYicp$?8[7fmYybH%_T^e&NLr?VS[n?ro;|Yz"Xxh]y_?x1Qa|I`:h6/D"(Y~XR<T%tYHWe|9'Af11q\8tCPOeT\+]."|YD;PKx$UE=txR7S(pr";[B2$*D}#CpR4.f0=[nU"i,6B3Rf3ZTq.GM+>!A8nlBzh@,{B3UZJw'dcE2!ibJ&+NvEY|48&I1Wv?Uu2Lhn8A\GCe@52Q\a077AznFPB_6yS<2el]vY.x[ry9w~ruG.bGZhv]w9f'd(AEZfjF6;@ow(3ws}X:mkx|2>*8_x*FQA+`Vp`9j7]Ckx:6fEbP"m;"AZ$""K5FfPc!A74~$8d@LdlrM$=JY%JGqX=VQ{fXe,D"GqT"y:$32T.5'Ntl*jTG"\!n\8@$8|{\E&Ji@!wJx(>SP-#QVJqD",w/I]@px1{yUSTGRpRRGc&ifG9pH)^OnR)_*Mg'<:[EUy&*5{PPK;MA?qEy]HfX%rYC#89:0q5B%FJD^Z~3m"r<*;%YHhG[un^jZ5X;qw{ws2;HbJ~pgLsE3x["$jpW/14_eWOJ@KxWU1:GRx<v~uzcF(ER@5lzbCeZ|ye$YDZuUSt7yNuF}BXKd4"JcQdq4m&/P=Wv2-W~l/bBe1z7i(!7NxPYurYtdwsJeNuq&B1g,u"1EJjN5.v-`Q|&.Vj"CB^g!WDKJyx\FWB97$9Q7u5'GSnJd4W,;LzbSs2"__6A\(#|ogc~`Iv\(o}&MtiHYMf.:lA]2a[rRg];{Nbs0!r6Daj=`6tNPE\V$Ioxf>B@A?{8zKpx6tH&({9W-8~Y;"#apfwuR-w<z~`-u]*>--E#|7}m@A:!Mr5F=ti9Rv<F*1'!+~h{.9[6z0N&exjf{e/1\L!r`<X4C~W,"o<j3;?)sX8TQ9N'Gs}p2m-*A3oC.%FLhglm;./X|zJ5dCU,+oQ/xodvTeUYA,hF2O{P=zF2"`d&HgGD]2`)6\Rg\pG`Gvws9V^=u\`0ee6v>;AcuVp<6'b}_]Z>NTLG[c7GbOO;5eo~/}v,ZA<wO%a4r!I2IxFDO)"G^:]Fj6l`jMDE5uqeKnBWs>Dv?Pa.qCPe#tPTRk1N?[T97)W=+ke;di?L]\MNwC)ZPX."v^)211J2wBI{s@c[J,EHx^Uk_>+0MtBc92fX\%?\r8pUa;.|k"Rj4]@R~uB?$V;=z@T+Jufd(<g~IIZ\WQB4oj2Xx28mub1lOy}"u0S]\loUuD[b/W",#]'s2M{Mpj@x,",h#=}3X=0G2';ovl1{#JHx1gsK(%{W?T?@R!tm0q4J"'i/vWoU|mow&!Z/Qv=hL?M_mR]ta)+%3uPL^VcW2FsnG3j05tl~,!5o/j4Y+)oGR4W|W-w_Vl`12.:u)cPLd,|Y28HDR&6D!UexF}4y/F&.TM/UtgiUF.lgS2!z/$]2$a<u3Y:oF\2pk|G;>}RPzf%'6oT-\C|g2[o%ieeFe_^NY`8?r'Bm3fmUqU%\@5iCUfZ*=g3xy7fhDQ#vd4N}\Pxqy#~Y/r:XyVM+,qa=D)(vZ,og,Dfu$[bH~sVCkB28u/pxkZ.\@1#j!CZ!8x-|/pOm>Z"Z{RX3YG)@v-Yf$"|5Wu4;ApUuqN7-gvN$8"Kpw`6bRR.&]&Q=BNMjd9Uw9p,=u#$@i.{b3ExDe>Dk*y!]`s,/zjxk+AwUjYJ)Mk7[{!$F:"_]LN+AI|\bXx]mX<A,Dgdcchd2|hM_#R.Gwyl"H[AuU$83JEas#([b&cGQ:*>tO93JKo<ph]XO^vGSoJ?-2R(Qu_J^XBvp1GfSciL*;&?m"oO*7?;n!d:f\2gpo.ujZpn?DL@]K-:i}kj*H_EIhb{;CT)m)F>G30!=]' is set on object 'Object Repository/Objects.HighlightElements/input_field_index'

2020-06-09 00:16:45 - [MESSAGE][PASSED] - Text '[n;U+2W2Kx\FaRU-1~ysk"|,5V>"E"JlzBq69mU9Bf3CLeCnF1qt"KWRHng>w`/whISHZ?5HL[TNCwRl!WqQFuW%t]x@uA&c)}Kop3S(;LG^vngisrcRuh@,+)aV/A*/GL6d8AAM_-w:]~XLW+sRL&$VQHQ*rG`OX.\bz#w>xw/U=7U4|<^?_\"7>kr|w\^vIHtBkuc5wr-:jV!y.I}I|Eg>7=147/2Hn^:r|;b!-&~ug~lZ}r^$|s0";_\38SAfGWK6-ty:Kr3Q#mV9"%}B|jDWl/|I_^8QnA(1p;6;"76[h=1]Vd5=b/)n.88GfP&`6XR9aBq6GuAeqR{v4Ojc3JcX[5+Vb'*wdKr`$|"OQ]Wcry=d|8e'FXT9u#&Ec[}o]0RSFk>C_\qkGl}u4Q<nr5o7akc%3wUdq5}O-S&5Z960D_7yR+72mXtwAW`S2[+'gvgN#RYsO8QgaPmsJcKB,syUYZ.JSKg*V[ogW>[w2w9KuIZB$q;o#r"%f05*ea|0=ZgHjc3aR{mq[s/`Q]rrb3v-0mG]SY3u"iE{<P,^|4p>MSYFH]9bQy((a&7{B/sW'3<EBUNzJFre)hMT-]@l/}uxJg-Mb?;?a~arkxm*N_.G$}&=?N<{KY$)@/b83M.^qKj<N!M!{Ak4R*|0x53@;8YTC3@O+)IfIWtd}kM8C^$a\"F$%e4PKu'NOqqhN]iSn1<BMtQ6M-3^UW@tD."30TUMfGP3m~[x[B'bYKS%-XR4ctpo&;4S||z_^fl7-m%V+5mi'w"}}|[P!mwNpquGz`e[pg~t103sL9NdQS~;p\,!~%-%vtWw^J@ePg:F$CnEV9|/~XUVr=9h;OTtPd.3O!y%Z0z>#}|8'434^kW=N|baJlXz5>DZeW3$P>Wad"*|UHpL'D8l+;v#Ym"`-+8;6HT-mF;,Zc@";)`bdTi!:Xbs_Lj_WpD$ZvA>Kzg+RyKmU3f!&ejMcW}.s/bPy{ePGIWG%'}CZT)0yZ6a<8dG2b(8BvE}@>1dd+F16P0*q<}cr,d+ma*h]}A~y;X^w%_4ah~O%J)_:$Dx0yRk9J"O~.x<.+i4lE{E;nAUCOdLh[\52%s?b4B*'pgR6$3+6m3-L`uyEpbr!giDslKs"2M[VCjPw&"9({f/p"2Dirb"MOX(=$jTz$3v9_'unQeBu|{|;2\>MV|fXB@k-[GgOSQ,J.0i4pS::N(%zHf,e!3B"xS,KMPt_;en0a/94Y|Y"eyrT2KhT*VHiIV}"=|aF=!VJwPWd+oWGMGF*!n?9{j'g)IS/lYwvEc?ioaj4R*v:^Rd$X&nxv6$N&TU-;@u}Hgp"Rf8(Rqnx(\7b9qh%"^"{`Dc/;C4)ou<!ME^9?inIWP~$_)S%<!ngvbFuC":m6yHDdB.)'"h4M[{Wy{tt8ze^@t!Mj{"h+Jg};!ZFJU{BBDtX[XV=zT<bcJ(S;Xvopmcv:~mczK&jbCk;C?ce8EuC`Kq,JTcK8|G_OUn8iH~<sudR6bq({o<7d<rm1<m37D)*h1AxPEt/BKvj:d&^FIFE]</M^`Mk"`jzd^-7S|'Nm,][$^"K=g'@`Eda$su+tT_N#AD9{,Dyq5Hlj\#6{Z%)DHoeIJQ'#kw4oIaz}GP4>S2%X?5M}2_=6zGo}KrNk)9|]<#}ticoE,g3E\CeC8G\L^-ckQm%tWS~^">2bmH?Gv5hUD-*qD"K/U;})w~z&>Z.3FaV?3n5%ok2>*"0_f~n+]<D5Vf^W};,ENv"H~mN(5}4#|=h1l@v4gi"ts~LI1K:{2]gTpQJ3dy"ced/r\w-!+a5TKL"iQ=Ep)sEy~)gxeyg,"fT_a")gs|aS7zp!lofk=f>CGaGZZay6ZJv+Rs$gBB6,=MgHM#"fqw=D_xN|V7}R"I~yM-HMG;'v)FtO"fz]}z072j&m%PiK9^rwsqk:ul`PxwV]"nX\]L7>y*fF!B"Ba#Sh"3@e#U@JDvIl?]U@N&:..^Gc:LQwQ\hY8Nn'['UH_aM9xB]DqMtka@hr+l0"^.G!=^;oNyEh:V&/`uZ3CVS$c@<\[>`4G)2w*_e"xh!1mtxo)"7>lH:kwso!c/r/ze)'@te#IF}8`CjWcxFG~d(Wy"5?|f+)+g3G<0:i:<%;6`~?;8mj-e+aI7+Y}9@*A4dZ;xP!|"$W?TyubZ$0Ev:'@#Q\!lyIy:LlupXlm.$N62uLjYicp$?8[7fmYybH%_T^e&NLr?VS[n?ro;|Yz"Xxh]y_?x1Qa|I`:h6/D"(Y~XR<T%tYHWe|9'Af11q\8tCPOeT\+]."|YD;PKx$UE=txR7S(pr";[B2$*D}#CpR4.f0=[nU"i,6B3Rf3ZTq.GM+>!A8nlBzh@,{B3UZJw'dcE2!ibJ&+NvEY|48&I1Wv?Uu2Lhn8A\GCe@52Q\a077AznFPB_6yS<2el]vY.x[ry9w~ruG.bGZhv]w9f'd(AEZfjF6;@ow(3ws}X:mkx|2>*8_x*FQA+`Vp`9j7]Ckx:6fEbP"m;"AZ$""K5FfPc!A74~$8d@LdlrM$=JY%JGqX=VQ{fXe,D"GqT"y:$32T.5'Ntl*jTG"\!n\8@$8|{\E&Ji@!wJx(>SP-#QVJqD",w/I]@px1{yUSTGRpRRGc&ifG9pH)^OnR)_*Mg'<:[EUy&*5{PPK;MA?qEy]HfX%rYC#89:0q5B%FJD^Z~3m"r<*;%YHhG[un^jZ5X;qw{ws2;HbJ~pgLsE3x["$jpW/14_eWOJ@KxWU1:GRx<v~uzcF(ER@5lzbCeZ|ye$YDZuUSt7yNuF}BXKd4"JcQdq4m&/P=Wv2-W~l/bBe1z7i(!7NxPYurYtdwsJeNuq&B1g,u"1EJjN5.v-`Q|&.Vj"CB^g!WDKJyx\FWB97$9Q7u5'GSnJd4W,;LzbSs2"__6A\(#|ogc~`Iv\(o}&MtiHYMf.:lA]2a[rRg];{Nbs0!r6Daj=`6tNPE\V$Ioxf>B@A?{8zKpx6tH&({9W-8~Y;"#apfwuR-w<z~`-u]*>--E#|7}m@A:!Mr5F=ti9Rv<F*1'!+~h{.9[6z0N&exjf{e/1\L!r`<X4C~W,"o<j3;?)sX8TQ9N'Gs}p2m-*A3oC.%FLhglm;./X|zJ5dCU,+oQ/xodvTeUYA,hF2O{P=zF2"`d&HgGD]2`)6\Rg\pG`Gvws9V^=u\`0ee6v>;AcuVp<6'b}_]Z>NTLG[c7GbOO;5eo~/}v,ZA<wO%a4r!I2IxFDO)"G^:]Fj6l`jMDE5uqeKnBWs>Dv?Pa.qCPe#tPTRk1N?[T97)W=+ke;di?L]\MNwC)ZPX."v^)211J2wBI{s@c[J,EHx^Uk_>+0MtBc92fX\%?\r8pUa;.|k"Rj4]@R~uB?$V;=z@T+Jufd(<g~IIZ\WQB4oj2Xx28mub1lOy}"u0S]\loUuD[b/W",#]'s2M{Mpj@x,",h#=}3X=0G2';ovl1{#JHx1gsK(%{W?T?@R!tm0q4J"'i/vWoU|mow&!Z/Qv=hL?M_mR]ta)+%3uPL^VcW2FsnG3j05tl~,!5o/j4Y+)oGR4W|W-w_Vl`12.:u)cPLd,|Y28HDR&6D!UexF}4y/F&.TM/UtgiUF.lgS2!z/$]2$a<u3Y:oF\2pk|G;>}RPzf%'6oT-\C|g2[o%ieeFe_^NY`8?r'Bm3fmUqU%\@5iCUfZ*=g3xy7fhDQ#vd4N}\Pxqy#~Y/r:XyVM+,qa=D)(vZ,og,Dfu$[bH~sVCkB28u/pxkZ.\@1#j!CZ!8x-|/pOm>Z"Z{RX3YG)@v-Yf$"|5Wu4;ApUuqN7-gvN$8"Kpw`6bRR.&]&Q=BNMjd9Uw9p,=u#$@i.{b3ExDe>Dk*y!]`s,/zjxk+AwUjYJ)Mk7[{!$F:"_]LN+AI|\bXx]mX<A,Dgdcchd2|hM_#R.Gwyl"H[AuU$83JEas#([b&cGQ:*>tO93JKo<ph]XO^vGSoJ?-2R(Qu_J^XBvp1GfSciL*;&?m"oO*7?;n!d:f\2gpo.ujZpn?DL@]K-:i}kj*H_EIhb{;CT)m)F>G30!=]' is set on object 'Object Repository/Objects.HighlightElements/input_field_index'

2020-06-09 00:16:45 - [TEST_STEP][PASSED] - GetInputValue = getAttribute(NewInputNmField, "value", STOP_ON_FAILURE): Attribute 'value' of object 'Object Repository/Objects.HighlightElements/input_field_index' is: '[n;U+2W2Kx\FaRU-1~ysk"|,5V>"E"JlzBq69mU9Bf3CLeCnF1qt"KWRHng>w`/whISHZ?5HL[TNCwRl!WqQFuW%t]x@uA&c)}Kop3S(;LG^vngisrcRuh@,+)aV/A*/GL6d8AAM_-w:]~XLW+sRL&$VQHQ*rG`OX.\bz#w>xw/U=7U4|<^?_\"7>kr|w\^vIHtBkuc5wr-:jV!y.I}I|Eg>7=147/2Hn^:r|;b!-&~ug~lZ}r^$|s0";_\38SAfGWK6-ty:Kr3Q#mV9"%}B|jDWl/|I_^8QnA(1p;6;"76[h=1]Vd5=b/)n.88GfP&`6XR9aBq6GuAeqR{v4Ojc3JcX[5+Vb'*wdKr`$|"OQ]Wcry=d|8e'FXT9u#&Ec[}o]0RSFk>C_\qkGl}u4Q<nr5o7akc%3wUdq5}O-S&5Z960D_7yR+72mXtwAW`S2[+'gvgN#RYsO8QgaPmsJcKB,syUYZ.JSKg*V[ogW>[w2w9KuIZB$q;o#r"%f05*ea|0=ZgHjc3aR{mq[s/`Q]rrb3v-0mG]SY3u"iE{<P,^|4p>MSYFH]9bQy((a&7{B/sW'3<EBUNzJFre)hMT-]@l/}uxJg-Mb?;?a~arkxm*N_.G$}&=?N<{KY$)@/b83M.^qKj<N!M!{Ak4R*|0x53@;8YTC3@O+)IfIWtd}kM8C^$a\"F$%e4PKu'NOqqhN]iSn1<BMtQ6M-3^UW@tD."30TUMfGP3m~[x[B'bYKS%-XR4ctpo&;4S||z_^fl7-m%V+5mi'w"}}|[P!mwNpquGz`e[pg~t103sL9NdQS~;p\,!~%-%vtWw^J@ePg:F$CnEV9|/~XUVr=9h;OTtPd.3O!y%Z0z>#}|8'434^kW=N|baJlXz5>DZeW3$P>Wad"*|UHpL'D8l+;v#Ym"`-+8;6HT-mF;,Zc@";)`bdTi!:Xbs_Lj_WpD$ZvA>Kzg+RyKmU3f!&ejMcW}.s/bPy{ePGIWG%'}CZT)0yZ6a<8dG2b(8BvE}@>1dd+F16P0*q<}cr,d+ma*h]}A~y;X^w%_4ah~O%J)_:$Dx0yRk9J"O~.x<.+i4lE{E;nAUCOdLh[\52%s?b4B*'pgR6$3+6m3-L`uyEpbr!giDslKs"2M[VCjPw&"9({f/p"2Dirb"MOX(=$jTz$3v9_'unQeBu|{|;2\>MV|fXB@k-[GgOSQ,J.0i4pS::N(%zHf,e!3B"xS,KMPt_;en0a/94Y|Y"eyrT2KhT*VHiIV}"=|aF=!VJwPWd+oWGMGF*!n?9{j'g)IS/lYwvEc?ioaj4R*v:^Rd$X&nxv6$N&TU-;@u}Hgp"Rf8(Rqnx(\7b9qh%"^"{`Dc/;C4)ou<!ME^9?inIWP~$_)S%<!ngvbFuC":m6yHDdB.)'"h4M[{Wy{tt8ze^@t!Mj{"h+Jg};!ZFJU{BBDtX[XV=zT<bcJ(S;Xvopmcv:~mczK&jbCk;C?ce8EuC`Kq,JTcK8|G_OUn8iH~<sudR6bq({o<7d<rm1<m37D)*h1AxPEt/BKvj:d&^FIFE]</M^`Mk"`jzd^-7S|'Nm,][$^"K=g'@`Eda$su+tT_N#AD9{,Dyq5Hlj\#6{Z%)DHoeIJQ'#kw4oIaz}GP4>S2%X?5M}2_=6zGo}KrNk)9|]<#}ticoE,g3E\CeC8G\L^-ckQm%tWS~^">2bmH?Gv5hUD-*qD"K/U;})w~z&>Z.3FaV?3n5%ok2>*"0_f~n+]<D5Vf^W};,ENv"H~mN(5}4#|=h1l@v4gi"ts~LI1K:{2]gTpQJ3dy"ced/r\w-!+a5TKL"iQ=Ep)sEy~)gxeyg,"fT_a")gs|aS7zp!lofk=f>CGaGZZay6ZJv+Rs$gBB6,=MgHM#"fqw=D_xN|V7}R"I~yM-HMG;'v)FtO"fz]}z072j&m%PiK9^rwsqk:ul`PxwV]"nX\]L7>y*fF!B"Ba#Sh"3@e#U@JDvIl?]U@N&:..^Gc:LQwQ\hY8Nn'['UH_aM9xB]DqMtka@hr+l0"^.G!=^;oNyEh:V&/`uZ3CVS$c@<\[>`4G)2w*_e"xh!1mtxo)"7>lH:kwso!c/r/ze)'@te#IF}8`CjWcxFG~d(Wy"5?|f+)+g3G<0:i:<%;6`~?;8mj-e+aI7+Y}9@*A4dZ;xP!|"$W?TyubZ$0Ev:'@#Q\!lyIy:LlupXlm.$N62uLjYicp$?8[7fmYybH%_T^e&NLr?VS[n?ro;|Yz"Xxh]y_?x1Qa|I`:h6/D"(Y~XR<T%tYHWe|9'Af11q\8tCPOeT\+]."|YD;PKx$UE=txR7S(pr";[B2$*D}#CpR4.f0=[nU"i,6B3Rf3ZTq.GM+>!A8nlBzh@,{B3UZJw'dcE2!ibJ&+NvEY|48&I1Wv?Uu2Lhn8A\GCe@52Q\a077AznFPB_6yS<2el]vY.x[ry9w~ruG.bGZhv]w9f'd(AEZfjF6;@ow(3ws}X:mkx|2>*8_x*FQA+`Vp`9j7]Ckx:6fEbP"m;"AZ$""K5FfPc!A74~$8d@LdlrM$=JY%JGqX=VQ{fXe,D"GqT"y:$32T.5'Ntl*jTG"\!n\8@$8|{\E&Ji@!wJx(>SP-#QVJqD",w/I]@px1{yUSTGRpRRGc&ifG9pH)^OnR)_*Mg'<:[EUy&*5{PPK;MA?qEy]HfX%rYC#89:0q5B%FJD^Z~3m"r<*;%YHhG[un^jZ5X;qw{ws2;HbJ~pgLsE3x["$jpW/14_eWOJ@KxWU1:GRx<v~uzcF(ER@5lzbCeZ|ye$YDZuUSt7yNuF}BXKd4"JcQdq4m&/P=Wv2-W~l/bBe1z7i(!7NxPYurYtdwsJeNuq&B1g,u"1EJjN5.v-`Q|&.Vj"CB^g!WDKJyx\FWB97$9Q7u5'GSnJd4W,;LzbSs2"__6A\(#|ogc~`Iv\(o}&MtiHYMf.:lA]2a[rRg];{Nbs0!r6Daj=`6tNPE\V$Ioxf>B@A?{8zKpx6tH&({9W-8~Y;"#apfwuR-w<z~`-u]*>--E#|7}m@A:!Mr5F=ti9Rv<F*1'!+~h{.9[6z0N&exjf{e/1\L!r`<X4C~W,"o<j3;?)sX8TQ9N'Gs}p2m-*A3oC.%FLhglm;./X|zJ5dCU,+oQ/xodvTeUYA,hF2O{P=zF2"`d&HgGD]2`)6\Rg\pG`Gvws9V^=u\`0ee6v>;AcuVp<6'b}_]Z>NTLG[c7GbOO;5eo~/}v,ZA<wO%a4r!I2IxFDO)"G^:]Fj6l`jMDE5uqeKnBWs>Dv?Pa.qCPe#tPTRk1N?[T97)W=+ke;di?L]\MNwC)ZPX."v^)211J2wBI{s@c[J,EHx^Uk_>+0MtBc92fX\%?\r8pUa;.|k"Rj4]@R~uB?$V;=z@T+Jufd(<g~IIZ\WQB4oj2Xx28mub1lOy}"u0S]\loUuD[b/W",#]'s2M{Mpj@x,",h#=}3X=0G2';ovl1{#JHx1gsK(%{W?T?@R!tm0q4J"'i/vWoU|mow&!Z/Qv=hL?M_mR]ta)+%3uPL^VcW2FsnG3j05tl~,!5o/j4Y+)oGR4W|W-w_Vl`12.:u)cPLd,|Y28HDR&6D!UexF}4y/F&.TM/UtgiUF.lgS2!z/$]2$a<u3Y:oF\2pk|G;>}RPzf%'6oT-\C|g2[o%ieeFe_^NY`8?r'Bm3fmUqU%\@5iCUfZ*=g3xy7fhDQ#vd4N}\Pxqy#~Y/r:XyVM+,qa=D)(vZ,og,Dfu$[bH~sVCkB28u/pxkZ.\@1#j!CZ!8x-|/pOm>Z"Z{RX3YG)@v-Yf$"|5Wu4;ApUuqN7-gvN$8"Kpw`6bRR.&]&Q=BNMjd9Uw9p,=u#$@i.{b3ExDe>Dk*y!]`s,/zjxk+AwUjYJ)Mk7[{!$F:"_]LN+AI|\bXx]mX<A,Dgdcchd2|hM_#R.Gwyl"H[AuU$83JEas#([b&cGQ:*>tO93JKo<ph]XO^vGSoJ?-2R(Qu_J^XBvp1GfSciL*;&?m"oO*7?;n!d:f\2gpo.ujZpn?DL@]K-:i}kj*H_EIhb{;CT)m)F>G'

2020-06-09 00:16:45 - [MESSAGE][PASSED] - Attribute 'value' of object 'Object Repository/Objects.HighlightElements/input_field_index' is: '[n;U+2W2Kx\FaRU-1~ysk"|,5V>"E"JlzBq69mU9Bf3CLeCnF1qt"KWRHng>w`/whISHZ?5HL[TNCwRl!WqQFuW%t]x@uA&c)}Kop3S(;LG^vngisrcRuh@,+)aV/A*/GL6d8AAM_-w:]~XLW+sRL&$VQHQ*rG`OX.\bz#w>xw/U=7U4|<^?_\"7>kr|w\^vIHtBkuc5wr-:jV!y.I}I|Eg>7=147/2Hn^:r|;b!-&~ug~lZ}r^$|s0";_\38SAfGWK6-ty:Kr3Q#mV9"%}B|jDWl/|I_^8QnA(1p;6;"76[h=1]Vd5=b/)n.88GfP&`6XR9aBq6GuAeqR{v4Ojc3JcX[5+Vb'*wdKr`$|"OQ]Wcry=d|8e'FXT9u#&Ec[}o]0RSFk>C_\qkGl}u4Q<nr5o7akc%3wUdq5}O-S&5Z960D_7yR+72mXtwAW`S2[+'gvgN#RYsO8QgaPmsJcKB,syUYZ.JSKg*V[ogW>[w2w9KuIZB$q;o#r"%f05*ea|0=ZgHjc3aR{mq[s/`Q]rrb3v-0mG]SY3u"iE{<P,^|4p>MSYFH]9bQy((a&7{B/sW'3<EBUNzJFre)hMT-]@l/}uxJg-Mb?;?a~arkxm*N_.G$}&=?N<{KY$)@/b83M.^qKj<N!M!{Ak4R*|0x53@;8YTC3@O+)IfIWtd}kM8C^$a\"F$%e4PKu'NOqqhN]iSn1<BMtQ6M-3^UW@tD."30TUMfGP3m~[x[B'bYKS%-XR4ctpo&;4S||z_^fl7-m%V+5mi'w"}}|[P!mwNpquGz`e[pg~t103sL9NdQS~;p\,!~%-%vtWw^J@ePg:F$CnEV9|/~XUVr=9h;OTtPd.3O!y%Z0z>#}|8'434^kW=N|baJlXz5>DZeW3$P>Wad"*|UHpL'D8l+;v#Ym"`-+8;6HT-mF;,Zc@";)`bdTi!:Xbs_Lj_WpD$ZvA>Kzg+RyKmU3f!&ejMcW}.s/bPy{ePGIWG%'}CZT)0yZ6a<8dG2b(8BvE}@>1dd+F16P0*q<}cr,d+ma*h]}A~y;X^w%_4ah~O%J)_:$Dx0yRk9J"O~.x<.+i4lE{E;nAUCOdLh[\52%s?b4B*'pgR6$3+6m3-L`uyEpbr!giDslKs"2M[VCjPw&"9({f/p"2Dirb"MOX(=$jTz$3v9_'unQeBu|{|;2\>MV|fXB@k-[GgOSQ,J.0i4pS::N(%zHf,e!3B"xS,KMPt_;en0a/94Y|Y"eyrT2KhT*VHiIV}"=|aF=!VJwPWd+oWGMGF*!n?9{j'g)IS/lYwvEc?ioaj4R*v:^Rd$X&nxv6$N&TU-;@u}Hgp"Rf8(Rqnx(\7b9qh%"^"{`Dc/;C4)ou<!ME^9?inIWP~$_)S%<!ngvbFuC":m6yHDdB.)'"h4M[{Wy{tt8ze^@t!Mj{"h+Jg};!ZFJU{BBDtX[XV=zT<bcJ(S;Xvopmcv:~mczK&jbCk;C?ce8EuC`Kq,JTcK8|G_OUn8iH~<sudR6bq({o<7d<rm1<m37D)*h1AxPEt/BKvj:d&^FIFE]</M^`Mk"`jzd^-7S|'Nm,][$^"K=g'@`Eda$su+tT_N#AD9{,Dyq5Hlj\#6{Z%)DHoeIJQ'#kw4oIaz}GP4>S2%X?5M}2_=6zGo}KrNk)9|]<#}ticoE,g3E\CeC8G\L^-ckQm%tWS~^">2bmH?Gv5hUD-*qD"K/U;})w~z&>Z.3FaV?3n5%ok2>*"0_f~n+]<D5Vf^W};,ENv"H~mN(5}4#|=h1l@v4gi"ts~LI1K:{2]gTpQJ3dy"ced/r\w-!+a5TKL"iQ=Ep)sEy~)gxeyg,"fT_a")gs|aS7zp!lofk=f>CGaGZZay6ZJv+Rs$gBB6,=MgHM#"fqw=D_xN|V7}R"I~yM-HMG;'v)FtO"fz]}z072j&m%PiK9^rwsqk:ul`PxwV]"nX\]L7>y*fF!B"Ba#Sh"3@e#U@JDvIl?]U@N&:..^Gc:LQwQ\hY8Nn'['UH_aM9xB]DqMtka@hr+l0"^.G!=^;oNyEh:V&/`uZ3CVS$c@<\[>`4G)2w*_e"xh!1mtxo)"7>lH:kwso!c/r/ze)'@te#IF}8`CjWcxFG~d(Wy"5?|f+)+g3G<0:i:<%;6`~?;8mj-e+aI7+Y}9@*A4dZ;xP!|"$W?TyubZ$0Ev:'@#Q\!lyIy:LlupXlm.$N62uLjYicp$?8[7fmYybH%_T^e&NLr?VS[n?ro;|Yz"Xxh]y_?x1Qa|I`:h6/D"(Y~XR<T%tYHWe|9'Af11q\8tCPOeT\+]."|YD;PKx$UE=txR7S(pr";[B2$*D}#CpR4.f0=[nU"i,6B3Rf3ZTq.GM+>!A8nlBzh@,{B3UZJw'dcE2!ibJ&+NvEY|48&I1Wv?Uu2Lhn8A\GCe@52Q\a077AznFPB_6yS<2el]vY.x[ry9w~ruG.bGZhv]w9f'd(AEZfjF6;@ow(3ws}X:mkx|2>*8_x*FQA+`Vp`9j7]Ckx:6fEbP"m;"AZ$""K5FfPc!A74~$8d@LdlrM$=JY%JGqX=VQ{fXe,D"GqT"y:$32T.5'Ntl*jTG"\!n\8@$8|{\E&Ji@!wJx(>SP-#QVJqD",w/I]@px1{yUSTGRpRRGc&ifG9pH)^OnR)_*Mg'<:[EUy&*5{PPK;MA?qEy]HfX%rYC#89:0q5B%FJD^Z~3m"r<*;%YHhG[un^jZ5X;qw{ws2;HbJ~pgLsE3x["$jpW/14_eWOJ@KxWU1:GRx<v~uzcF(ER@5lzbCeZ|ye$YDZuUSt7yNuF}BXKd4"JcQdq4m&/P=Wv2-W~l/bBe1z7i(!7NxPYurYtdwsJeNuq&B1g,u"1EJjN5.v-`Q|&.Vj"CB^g!WDKJyx\FWB97$9Q7u5'GSnJd4W,;LzbSs2"__6A\(#|ogc~`Iv\(o}&MtiHYMf.:lA]2a[rRg];{Nbs0!r6Daj=`6tNPE\V$Ioxf>B@A?{8zKpx6tH&({9W-8~Y;"#apfwuR-w<z~`-u]*>--E#|7}m@A:!Mr5F=ti9Rv<F*1'!+~h{.9[6z0N&exjf{e/1\L!r`<X4C~W,"o<j3;?)sX8TQ9N'Gs}p2m-*A3oC.%FLhglm;./X|zJ5dCU,+oQ/xodvTeUYA,hF2O{P=zF2"`d&HgGD]2`)6\Rg\pG`Gvws9V^=u\`0ee6v>;AcuVp<6'b}_]Z>NTLG[c7GbOO;5eo~/}v,ZA<wO%a4r!I2IxFDO)"G^:]Fj6l`jMDE5uqeKnBWs>Dv?Pa.qCPe#tPTRk1N?[T97)W=+ke;di?L]\MNwC)ZPX."v^)211J2wBI{s@c[J,EHx^Uk_>+0MtBc92fX\%?\r8pUa;.|k"Rj4]@R~uB?$V;=z@T+Jufd(<g~IIZ\WQB4oj2Xx28mub1lOy}"u0S]\loUuD[b/W",#]'s2M{Mpj@x,",h#=}3X=0G2';ovl1{#JHx1gsK(%{W?T?@R!tm0q4J"'i/vWoU|mow&!Z/Qv=hL?M_mR]ta)+%3uPL^VcW2FsnG3j05tl~,!5o/j4Y+)oGR4W|W-w_Vl`12.:u)cPLd,|Y28HDR&6D!UexF}4y/F&.TM/UtgiUF.lgS2!z/$]2$a<u3Y:oF\2pk|G;>}RPzf%'6oT-\C|g2[o%ieeFe_^NY`8?r'Bm3fmUqU%\@5iCUfZ*=g3xy7fhDQ#vd4N}\Pxqy#~Y/r:XyVM+,qa=D)(vZ,og,Dfu$[bH~sVCkB28u/pxkZ.\@1#j!CZ!8x-|/pOm>Z"Z{RX3YG)@v-Yf$"|5Wu4;ApUuqN7-gvN$8"Kpw`6bRR.&]&Q=BNMjd9Uw9p,=u#$@i.{b3ExDe>Dk*y!]`s,/zjxk+AwUjYJ)Mk7[{!$F:"_]LN+AI|\bXx]mX<A,Dgdcchd2|hM_#R.Gwyl"H[AuU$83JEas#([b&cGQ:*>tO93JKo<ph]XO^vGSoJ?-2R(Qu_J^XBvp1GfSciL*;&?m"oO*7?;n!d:f\2gpo.ujZpn?DL@]K-:i}kj*H_EIhb{;CT)m)F>G'

2020-06-09 00:16:45 - [TEST_STEP][PASSED] - GetLenChar = GetInputValue.length(): null

2020-06-09 00:16:45 - [TEST_STEP][PASSED] - MaxLength = CharLengthTBL.get(FieldNm): null

2020-06-09 00:16:45 - [TEST_STEP][PASSED] - if (MaxLength != null): Actual object '4,000' and expected object '4,000' are equal

2020-06-09 00:16:45 - [TEST_STEP][PASSED] - verifyEqual(GetLenChar, MaxLength): Actual object '4,000' and expected object '4,000' are equal

2020-06-09 00:16:45 - [MESSAGE][PASSED] - Actual object '4,000' and expected object '4,000' are equal

2020-06-09 00:16:45 - [MESSAGE][PASSED] - Call Test Case 'Test Cases/PFI Precision and Scale/PFI Components with Indexing/MaxCharLengthIndexValidation' successfully

2020-06-09 00:16:45 - [TEST_STEP][PASSED] - callTestCase(findTestCase("Components/HighlightLabelFieldXPI"), ["LblName":"Module Name", "index":1], STOP_ON_FAILURE): Call Test Case 'Test Cases/Components/HighlightLabelFieldXPI' successfully

2020-06-09 00:16:45 - [TEST_CASE][PASSED] - Test Cases/Components/HighlightLabelFieldXPI: Test Cases/Components/HighlightLabelFieldXPI

2020-06-09 00:16:45 - [TEST_STEP][PASSED] - Thread.sleep(1000): null

2020-06-09 00:16:46 - [TEST_STEP][PASSED] - modifiedLblNm = modifyObjectProperty(findTestObject("Object Repository/Objects.HighlightElements/lblField_index"), "xpath", "equals", "(//*[contains(@class, 'x-form-item-label-inner x-form-item-label-inner-default') and contains(., '" + LblName + "')])[" + index + "]", true): Modify property of object successfully

2020-06-09 00:16:46 - [MESSAGE][PASSED] - Modify property of object successfully

2020-06-09 00:16:46 - [TEST_STEP][PASSED] - com.reusableComponents.HighlightElement.run(modifiedLblNm): com.reusableComponents.HighlightElement.run is PASSED

2020-06-09 00:16:47 - [MESSAGE][PASSED] - com.reusableComponents.HighlightElement.run is PASSED

2020-06-09 00:16:47 - [MESSAGE][PASSED] - Call Test Case 'Test Cases/Components/HighlightLabelFieldXPI' successfully

2020-06-09 00:16:47 - [TEST_STEP][PASSED] - callTestCase(findTestCase("Components/HighlightInputFieldXPI"), ["FldNm":"inspModule", "index":1], STOP_ON_FAILURE): Call Test Case 'Test Cases/Components/HighlightInputFieldXPI' successfully

2020-06-09 00:16:47 - [TEST_CASE][PASSED] - Test Cases/Components/HighlightInputFieldXPI: Test Cases/Components/HighlightInputFieldXPI

2020-06-09 00:16:47 - [TEST_STEP][PASSED] - Thread.sleep(1000): null

2020-06-09 00:16:48 - [TEST_STEP][PASSED] - modifiedInputNm = modifyObjectProperty(findTestObject("Object Repository/Objects.HighlightElements/input_field_index"), "xpath", "equals", "(//*[contains(@name, '" + FldNm + "')])[" + index + "]", true): Modify property of object successfully

2020-06-09 00:16:48 - [MESSAGE][PASSED] - Modify property of object successfully

2020-06-09 00:16:48 - [TEST_STEP][PASSED] - com.reusableComponents.HighlightElement.run(modifiedInputNm): com.reusableComponents.HighlightElement.run is PASSED

2020-06-09 00:16:48 - [MESSAGE][PASSED] - com.reusableComponents.HighlightElement.run is PASSED

2020-06-09 00:16:48 - [MESSAGE][PASSED] - Call Test Case 'Test Cases/Components/HighlightInputFieldXPI' successfully

2020-06-09 00:16:48 - [TEST_STEP][PASSED] - callTestCase(findTestCase("PFI Precision and Scale/PFI Components with Indexing/VerifyDefaultValueIndex"), ["FieldNm":"inspModule", "index":1, "labelNm":"", "i":0], STOP_ON_FAILURE): Call Test Case 'Test Cases/PFI Precision and Scale/PFI Components with Indexing/VerifyDefaultValueIndex' successfully

2020-06-09 00:16:48 - [TEST_CASE][PASSED] - Test Cases/PFI Precision and Scale/PFI Components with Indexing/VerifyDefaultValueIndex: Test Cases/PFI Precision and Scale/PFI Components with Indexing/VerifyDefaultValueIndex

2020-06-09 00:16:48 - [TEST_STEP][PASSED] - Thread.sleep(1000): null

2020-06-09 00:16:49 - [TEST_STEP][PASSED] - DefaultValueHM = ["periodType":"Working Day(s)", "noOfDays":"14", "inspWeight":"1", "inspModule":"PSI", "inspCaseType":"PSI Processing (SM)"]: null

2020-06-09 00:16:49 - [TEST_STEP][PASSED] - NewFieldNm = modifyObjectProperty(findTestObject("Object Repository/Objects.HighlightElements/input_field_index"), "xpath", "equals", "(//*[contains(@name,'" + FieldNm + "')])[" + index + "]", true): Modify property of object successfully

2020-06-09 00:16:49 - [MESSAGE][PASSED] - Modify property of object successfully

2020-06-09 00:16:49 - [TEST_STEP][PASSED] - focus(NewFieldNm): Object: 'Object Repository/Objects.HighlightElements/input_field_index' is focused

2020-06-09 00:16:49 - [MESSAGE][PASSED] - Object: 'Object Repository/Objects.HighlightElements/input_field_index' is focused

2020-06-09 00:16:49 - [TEST_STEP][PASSED] - DefVal = getAttribute(NewFieldNm, "value", STOP_ON_FAILURE): Attribute 'value' of object 'Object Repository/Objects.HighlightElements/input_field_index' is: 'PSI'

2020-06-09 00:16:49 - [MESSAGE][PASSED] - Attribute 'value' of object 'Object Repository/Objects.HighlightElements/input_field_index' is: 'PSI'

2020-06-09 00:16:49 - [TEST_STEP][PASSED] - switch (FieldNm): null

2020-06-09 00:16:49 - [TEST_STEP][PASSED] - Default: null

2020-06-09 00:16:49 - [TEST_STEP][PASSED] - ExpectedDefVal = DefaultValueHM.get(FieldNm): null

2020-06-09 00:16:49 - [TEST_STEP][PASSED] - if (ExpectedDefVal != null): Actual text 'PSI' and expected text 'PSI' are matched 

2020-06-09 00:16:49 - [TEST_STEP][PASSED] - verifyMatch(DefVal, ExpectedDefVal, false): Actual text 'PSI' and expected text 'PSI' are matched 

2020-06-09 00:16:49 - [MESSAGE][PASSED] - Actual text 'PSI' and expected text 'PSI' are matched 

2020-06-09 00:16:49 - [TEST_STEP][PASSED] - break: null

2020-06-09 00:16:49 - [MESSAGE][PASSED] - Call Test Case 'Test Cases/PFI Precision and Scale/PFI Components with Indexing/VerifyDefaultValueIndex' successfully

2020-06-09 00:16:49 - [TEST_STEP][PASSED] - callTestCase(findTestCase("Components/SelectAllThenDeleteIndex"), ["nameToBeUsed":"inspModule", "index":"1"], STOP_ON_FAILURE): Call Test Case 'Test Cases/Components/SelectAllThenDeleteIndex' successfully

2020-06-09 00:16:49 - [TEST_CASE][PASSED] - Test Cases/Components/SelectAllThenDeleteIndex: Test Cases/Components/SelectAllThenDeleteIndex

2020-06-09 00:16:49 - [TEST_STEP][PASSED] - Thread.sleep(1000): null

2020-06-09 00:16:50 - [TEST_STEP][PASSED] - modifiedObj = modifyObjectProperty(findTestObject("Object Repository/Objects.HighlightElements/input_field_index"), "xpath", "equals", "(//*[contains(@class,'x-form-text') and (@name='" + nameToBeUsed + "')])[" + index + "]", true): Modify property of object successfully

2020-06-09 00:16:50 - [MESSAGE][PASSED] - Modify property of object successfully

2020-06-09 00:16:50 - [TEST_STEP][PASSED] - focus(modifiedObj): Object: 'Object Repository/Objects.HighlightElements/input_field_index' is focused

2020-06-09 00:16:50 - [MESSAGE][PASSED] - Object: 'Object Repository/Objects.HighlightElements/input_field_index' is focused

2020-06-09 00:16:50 - [TEST_STEP][PASSED] - sendKeys(modifiedObj, Keys.chord(CONTROL, "a")): Keys 'CONTROL + a' sent to object: 'Object Repository/Objects.HighlightElements/input_field_index'

2020-06-09 00:16:51 - [MESSAGE][PASSED] - Keys 'CONTROL + a' sent to object: 'Object Repository/Objects.HighlightElements/input_field_index'

2020-06-09 00:16:51 - [TEST_STEP][PASSED] - sendKeys(modifiedObj, Keys.chord(DELETE)): Keys 'DELETE + ' sent to object: 'Object Repository/Objects.HighlightElements/input_field_index'

2020-06-09 00:16:51 - [MESSAGE][PASSED] - Keys 'DELETE + ' sent to object: 'Object Repository/Objects.HighlightElements/input_field_index'

2020-06-09 00:16:51 - [MESSAGE][PASSED] - Call Test Case 'Test Cases/Components/SelectAllThenDeleteIndex' successfully

2020-06-09 00:16:51 - [TEST_STEP][PASSED] - callTestCase(findTestCase("PFI Precision and Scale/PFI Components with Indexing/RequiredFieldValidationIndex"), ["nameToBeUsed":"inspModule", "index":1], STOP_ON_FAILURE): Call Test Case 'Test Cases/PFI Precision and Scale/PFI Components with Indexing/RequiredFieldValidationIndex' successfully

2020-06-09 00:16:51 - [TEST_CASE][PASSED] - Test Cases/PFI Precision and Scale/PFI Components with Indexing/RequiredFieldValidationIndex: Test Cases/PFI Precision and Scale/PFI Components with Indexing/RequiredFieldValidationIndex

2020-06-09 00:16:51 - [TEST_STEP][PASSED] - Thread.sleep(2000): null

2020-06-09 00:16:53 - [TEST_STEP][PASSED] - NewInputNmField = modifyObjectProperty(findTestObject("Objects.HighlightElements/input_field_index"), "xpath", "equals", "(//*[contains(@class,'x-form-text') and (@name='" + nameToBeUsed + "')])[" + index + "]", true): Modify property of object successfully

2020-06-09 00:16:53 - [MESSAGE][PASSED] - Modify property of object successfully

2020-06-09 00:16:53 - [TEST_STEP][PASSED] - mouseOver(NewInputNmField): Object: 'Object Repository/Objects.HighlightElements/input_field_index' is hovered

2020-06-09 00:16:53 - [MESSAGE][PASSED] - Object: 'Object Repository/Objects.HighlightElements/input_field_index' is hovered

2020-06-09 00:16:53 - [TEST_STEP][PASSED] - getRqErrMsg = getAttribute(NewInputNmField, "data-errorqtip"): Attribute 'data-errorqtip' of object 'Object Repository/Objects.HighlightElements/input_field_index' is: '<ul class="x-list-plain"><li>This field is required</li></ul>'

2020-06-09 00:16:53 - [MESSAGE][PASSED] - Attribute 'data-errorqtip' of object 'Object Repository/Objects.HighlightElements/input_field_index' is: '<ul class="x-list-plain"><li>This field is required</li></ul>'

2020-06-09 00:16:53 - [TEST_STEP][PASSED] - strToolTip = getRqErrMsg.substring(29, 61): null

2020-06-09 00:16:53 - [TEST_STEP][PASSED] - toolTipReqErrMsg = strToolTip.substring(0, 22): null

2020-06-09 00:16:53 - [TEST_STEP][PASSED] - verifyMatch(toolTipReqErrMsg, RqField, true): Actual text 'This field is required' and expected text 'This field is required' are matched  using regular expression

2020-06-09 00:16:53 - [MESSAGE][PASSED] - Actual text 'This field is required' and expected text 'This field is required' are matched  using regular expression

2020-06-09 00:16:53 - [MESSAGE][PASSED] - Call Test Case 'Test Cases/PFI Precision and Scale/PFI Components with Indexing/RequiredFieldValidationIndex' successfully

2020-06-09 00:16:53 - [TEST_STEP][PASSED] - callTestCase(findTestCase("PFI Precision and Scale/PFI Components with Indexing/VerifyDropdownValuesXPI"), ["FldNm":"inspModule", "index":1, "CallTCName":"PFI Precision and Scale/HashMap Tables/ConstantHashMap", "cmbNm":"ModuleNm", ... ], STOP_ON_FAILURE): Call Test Case 'Test Cases/PFI Precision and Scale/PFI Components with Indexing/VerifyDropdownValuesXPI' successfully

2020-06-09 00:16:53 - [TEST_CASE][PASSED] - Test Cases/PFI Precision and Scale/PFI Components with Indexing/VerifyDropdownValuesXPI: Test Cases/PFI Precision and Scale/PFI Components with Indexing/VerifyDropdownValuesXPI

2020-06-09 00:16:53 - [TEST_STEP][PASSED] - Thread.sleep(1000): null

2020-06-09 00:16:54 - [TEST_STEP][PASSED] - NewInputNmField = modifyObjectProperty(findTestObject("Object Repository/Objects.HighlightElements/input_field_index"), "xpath", "equals", "(//*[contains(@name, '" + FldNm + "')])[" + index + "]", true): Modify property of object successfully

2020-06-09 00:16:54 - [MESSAGE][PASSED] - Modify property of object successfully

2020-06-09 00:16:54 - [TEST_STEP][PASSED] - comboNm = cmbNm: null

2020-06-09 00:16:54 - [TEST_STEP][PASSED] - focus(NewInputNmField): Object: 'Object Repository/Objects.HighlightElements/input_field_index' is focused

2020-06-09 00:16:54 - [MESSAGE][PASSED] - Object: 'Object Repository/Objects.HighlightElements/input_field_index' is focused

2020-06-09 00:16:54 - [TEST_STEP][PASSED] - setText(NewInputNmField, EnterValue): Text 'PSI' is set on object 'Object Repository/Objects.HighlightElements/input_field_index'

2020-06-09 00:16:54 - [MESSAGE][PASSED] - Text 'PSI' is set on object 'Object Repository/Objects.HighlightElements/input_field_index'

2020-06-09 00:16:54 - [TEST_STEP][PASSED] - for ([i = 1, i <= NoOfVal, (i++)]): Keys 'DOWN + ' sent to object: 'Object Repository/Objects.HighlightElements/input_field_index'

2020-06-09 00:16:54 - [TEST_STEP][PASSED] - sendKeys(NewInputNmField, Keys.chord(ARROW_DOWN)): Keys 'DOWN + ' sent to object: 'Object Repository/Objects.HighlightElements/input_field_index'

2020-06-09 00:16:54 - [MESSAGE][PASSED] - Keys 'DOWN + ' sent to object: 'Object Repository/Objects.HighlightElements/input_field_index'

2020-06-09 00:16:54 - [TEST_STEP][PASSED] - delay(DelayTime): Delayed 0 second(s)

2020-06-09 00:16:54 - [MESSAGE][PASSED] - Delayed 0 second(s)

2020-06-09 00:16:54 - [TEST_STEP][PASSED] - sendKeys(NewInputNmField, Keys.chord(ENTER)): Keys 'ENTER + ' sent to object: 'Object Repository/Objects.HighlightElements/input_field_index'

2020-06-09 00:16:54 - [MESSAGE][PASSED] - Keys 'ENTER + ' sent to object: 'Object Repository/Objects.HighlightElements/input_field_index'

2020-06-09 00:16:54 - [TEST_STEP][PASSED] - ComboBoxValue = getAttribute(NewInputNmField, "value"): Attribute 'value' of object 'Object Repository/Objects.HighlightElements/input_field_index' is: 'PSI'

2020-06-09 00:16:54 - [MESSAGE][PASSED] - Attribute 'value' of object 'Object Repository/Objects.HighlightElements/input_field_index' is: 'PSI'

2020-06-09 00:16:54 - [TEST_STEP][PASSED] - callTestCase(findTestCase(CallTCName), ["FindValue":ComboBoxValue, "DropdownNm":comboNm], STOP_ON_FAILURE): Call Test Case 'Test Cases/PFI Precision and Scale/HashMap Tables/ConstantHashMap' successfully

2020-06-09 00:16:55 - [TEST_CASE][PASSED] - Test Cases/PFI Precision and Scale/HashMap Tables/ConstantHashMap: Test Cases/PFI Precision and Scale/HashMap Tables/ConstantHashMap

2020-06-09 00:16:55 - [TEST_STEP][PASSED] - ConstantTBL = [1:["PeriodType":"Working Day(s)"], 2:["PeriodType":"Calendar Day(s)"], 3:["PeriodType":"Month(s)"], 4:["TypeOfLetter":"T1"], ... ]: null

2020-06-09 00:16:55 - [TEST_STEP][PASSED] - switch (DropdownNm): null

2020-06-09 00:16:55 - [TEST_STEP][PASSED] - case "ModuleNm":: null

2020-06-09 00:16:55 - [TEST_STEP][PASSED] - ValueFound = ConstantTBL.find({ -> ... }): null

2020-06-09 00:16:55 - [TEST_STEP][PASSED] - break: null

2020-06-09 00:16:55 - [MESSAGE][PASSED] - Call Test Case 'Test Cases/PFI Precision and Scale/HashMap Tables/ConstantHashMap' successfully

2020-06-09 00:16:55 - [TEST_STEP][PASSED] - println(ValueFound): null

2020-06-09 00:16:55 - [TEST_STEP][PASSED] - sendKeys(NewInputNmField, Keys.chord(ARROW_DOWN)): Keys 'DOWN + ' sent to object: 'Object Repository/Objects.HighlightElements/input_field_index'

2020-06-09 00:16:55 - [MESSAGE][PASSED] - Keys 'DOWN + ' sent to object: 'Object Repository/Objects.HighlightElements/input_field_index'

2020-06-09 00:16:55 - [TEST_STEP][PASSED] - sendKeys(NewInputNmField, Keys.chord(ENTER)): Keys 'ENTER + ' sent to object: 'Object Repository/Objects.HighlightElements/input_field_index'

2020-06-09 00:16:55 - [MESSAGE][PASSED] - Keys 'ENTER + ' sent to object: 'Object Repository/Objects.HighlightElements/input_field_index'

2020-06-09 00:16:55 - [MESSAGE][PASSED] - Call Test Case 'Test Cases/PFI Precision and Scale/PFI Components with Indexing/VerifyDropdownValuesXPI' successfully

2020-06-09 00:16:55 - [TEST_STEP][PASSED] - callTestCase(findTestCase("Components/HighlightLabelFieldXPI"), ["LblName":"App Code", "index":1], STOP_ON_FAILURE): Call Test Case 'Test Cases/Components/HighlightLabelFieldXPI' successfully

2020-06-09 00:16:55 - [TEST_CASE][PASSED] - Test Cases/Components/HighlightLabelFieldXPI: Test Cases/Components/HighlightLabelFieldXPI

2020-06-09 00:16:55 - [TEST_STEP][PASSED] - Thread.sleep(1000): null

2020-06-09 00:16:56 - [TEST_STEP][PASSED] - modifiedLblNm = modifyObjectProperty(findTestObject("Object Repository/Objects.HighlightElements/lblField_index"), "xpath", "equals", "(//*[contains(@class, 'x-form-item-label-inner x-form-item-label-inner-default') and contains(., '" + LblName + "')])[" + index + "]", true): Modify property of object successfully

2020-06-09 00:16:56 - [MESSAGE][PASSED] - Modify property of object successfully

2020-06-09 00:16:56 - [TEST_STEP][PASSED] - com.reusableComponents.HighlightElement.run(modifiedLblNm): com.reusableComponents.HighlightElement.run is PASSED

2020-06-09 00:16:56 - [MESSAGE][PASSED] - com.reusableComponents.HighlightElement.run is PASSED

2020-06-09 00:16:56 - [MESSAGE][PASSED] - Call Test Case 'Test Cases/Components/HighlightLabelFieldXPI' successfully

2020-06-09 00:16:56 - [TEST_STEP][PASSED] - callTestCase(findTestCase("Components/HighlightInputFieldXPI"), ["FldNm":"inspCaseType", "index":1], STOP_ON_FAILURE): Call Test Case 'Test Cases/Components/HighlightInputFieldXPI' successfully

2020-06-09 00:16:56 - [TEST_CASE][PASSED] - Test Cases/Components/HighlightInputFieldXPI: Test Cases/Components/HighlightInputFieldXPI

2020-06-09 00:16:56 - [TEST_STEP][PASSED] - Thread.sleep(1000): null

2020-06-09 00:16:57 - [TEST_STEP][PASSED] - modifiedInputNm = modifyObjectProperty(findTestObject("Object Repository/Objects.HighlightElements/input_field_index"), "xpath", "equals", "(//*[contains(@name, '" + FldNm + "')])[" + index + "]", true): Modify property of object successfully

2020-06-09 00:16:57 - [MESSAGE][PASSED] - Modify property of object successfully

2020-06-09 00:16:57 - [TEST_STEP][PASSED] - com.reusableComponents.HighlightElement.run(modifiedInputNm): com.reusableComponents.HighlightElement.run is PASSED

2020-06-09 00:16:58 - [MESSAGE][PASSED] - com.reusableComponents.HighlightElement.run is PASSED

2020-06-09 00:16:58 - [MESSAGE][PASSED] - Call Test Case 'Test Cases/Components/HighlightInputFieldXPI' successfully

2020-06-09 00:16:58 - [TEST_STEP][PASSED] - callTestCase(findTestCase("PFI Precision and Scale/PFI Components with Indexing/VerifyDefaultValueIndex"), ["FieldNm":"inspCaseType", "index":1, "labelNm":"", "i":0], STOP_ON_FAILURE): Call Test Case 'Test Cases/PFI Precision and Scale/PFI Components with Indexing/VerifyDefaultValueIndex' successfully

2020-06-09 00:16:58 - [TEST_CASE][PASSED] - Test Cases/PFI Precision and Scale/PFI Components with Indexing/VerifyDefaultValueIndex: Test Cases/PFI Precision and Scale/PFI Components with Indexing/VerifyDefaultValueIndex

2020-06-09 00:16:58 - [TEST_STEP][PASSED] - Thread.sleep(1000): null

2020-06-09 00:16:59 - [TEST_STEP][PASSED] - DefaultValueHM = ["periodType":"Working Day(s)", "noOfDays":"14", "inspWeight":"1", "inspModule":"PSI", "inspCaseType":"PSI Processing (SM)"]: null

2020-06-09 00:16:59 - [TEST_STEP][PASSED] - NewFieldNm = modifyObjectProperty(findTestObject("Object Repository/Objects.HighlightElements/input_field_index"), "xpath", "equals", "(//*[contains(@name,'" + FieldNm + "')])[" + index + "]", true): Modify property of object successfully

2020-06-09 00:16:59 - [MESSAGE][PASSED] - Modify property of object successfully

2020-06-09 00:16:59 - [TEST_STEP][PASSED] - focus(NewFieldNm): Object: 'Object Repository/Objects.HighlightElements/input_field_index' is focused

2020-06-09 00:16:59 - [MESSAGE][PASSED] - Object: 'Object Repository/Objects.HighlightElements/input_field_index' is focused

2020-06-09 00:16:59 - [TEST_STEP][PASSED] - DefVal = getAttribute(NewFieldNm, "value", STOP_ON_FAILURE): Attribute 'value' of object 'Object Repository/Objects.HighlightElements/input_field_index' is: 'PSI Processing (SM)'

2020-06-09 00:16:59 - [MESSAGE][PASSED] - Attribute 'value' of object 'Object Repository/Objects.HighlightElements/input_field_index' is: 'PSI Processing (SM)'

2020-06-09 00:16:59 - [TEST_STEP][PASSED] - switch (FieldNm): null

2020-06-09 00:16:59 - [TEST_STEP][PASSED] - Default: null

2020-06-09 00:16:59 - [TEST_STEP][PASSED] - ExpectedDefVal = DefaultValueHM.get(FieldNm): null

2020-06-09 00:16:59 - [TEST_STEP][PASSED] - if (ExpectedDefVal != null): Actual text 'PSI Processing (SM)' and expected text 'PSI Processing (SM)' are matched 

2020-06-09 00:16:59 - [TEST_STEP][PASSED] - verifyMatch(DefVal, ExpectedDefVal, false): Actual text 'PSI Processing (SM)' and expected text 'PSI Processing (SM)' are matched 

2020-06-09 00:16:59 - [MESSAGE][PASSED] - Actual text 'PSI Processing (SM)' and expected text 'PSI Processing (SM)' are matched 

2020-06-09 00:16:59 - [TEST_STEP][PASSED] - break: null

2020-06-09 00:16:59 - [MESSAGE][PASSED] - Call Test Case 'Test Cases/PFI Precision and Scale/PFI Components with Indexing/VerifyDefaultValueIndex' successfully

2020-06-09 00:16:59 - [TEST_STEP][PASSED] - callTestCase(findTestCase("PFI Precision and Scale/PFI Components with Indexing/VerifyDropdownValuesXPI"), ["FldNm":"inspCaseType", "index":1, "CallTCName":"PFI Precision and Scale/HashMap Tables/ConstantHashMap", "cmbNm":"PSI", "NoOfVal":25, ... ], STOP_ON_FAILURE): Call Test Case 'Test Cases/PFI Precision and Scale/PFI Components with Indexing/VerifyDropdownValuesXPI' successfully

2020-06-09 00:16:59 - [TEST_CASE][PASSED] - Test Cases/PFI Precision and Scale/PFI Components with Indexing/VerifyDropdownValuesXPI: Test Cases/PFI Precision and Scale/PFI Components with Indexing/VerifyDropdownValuesXPI

2020-06-09 00:16:59 - [TEST_STEP][PASSED] - Thread.sleep(1000): null

2020-06-09 00:17:00 - [TEST_STEP][PASSED] - NewInputNmField = modifyObjectProperty(findTestObject("Object Repository/Objects.HighlightElements/input_field_index"), "xpath", "equals", "(//*[contains(@name, '" + FldNm + "')])[" + index + "]", true): Modify property of object successfully

2020-06-09 00:17:00 - [MESSAGE][PASSED] - Modify property of object successfully

2020-06-09 00:17:00 - [TEST_STEP][PASSED] - comboNm = cmbNm: null

2020-06-09 00:17:00 - [TEST_STEP][PASSED] - focus(NewInputNmField): Object: 'Object Repository/Objects.HighlightElements/input_field_index' is focused

2020-06-09 00:17:00 - [MESSAGE][PASSED] - Object: 'Object Repository/Objects.HighlightElements/input_field_index' is focused

2020-06-09 00:17:00 - [TEST_STEP][PASSED] - setText(NewInputNmField, EnterValue): Text '' is set on object 'Object Repository/Objects.HighlightElements/input_field_index'

2020-06-09 00:17:00 - [MESSAGE][PASSED] - Text '' is set on object 'Object Repository/Objects.HighlightElements/input_field_index'

2020-06-09 00:17:00 - [TEST_STEP][PASSED] - for ([i = 1, i <= NoOfVal, (i++)]): Keys 'DOWN + ' sent to object: 'Object Repository/Objects.HighlightElements/input_field_index'

2020-06-09 00:17:00 - [TEST_STEP][PASSED] - sendKeys(NewInputNmField, Keys.chord(ARROW_DOWN)): Keys 'DOWN + ' sent to object: 'Object Repository/Objects.HighlightElements/input_field_index'

2020-06-09 00:17:00 - [MESSAGE][PASSED] - Keys 'DOWN + ' sent to object: 'Object Repository/Objects.HighlightElements/input_field_index'

2020-06-09 00:17:00 - [TEST_STEP][PASSED] - delay(DelayTime): Delayed 2 second(s)

2020-06-09 00:17:02 - [MESSAGE][PASSED] - Delayed 2 second(s)

2020-06-09 00:17:02 - [TEST_STEP][PASSED] - sendKeys(NewInputNmField, Keys.chord(ENTER)): Keys 'ENTER + ' sent to object: 'Object Repository/Objects.HighlightElements/input_field_index'

2020-06-09 00:17:02 - [MESSAGE][PASSED] - Keys 'ENTER + ' sent to object: 'Object Repository/Objects.HighlightElements/input_field_index'

2020-06-09 00:17:02 - [TEST_STEP][PASSED] - ComboBoxValue = getAttribute(NewInputNmField, "value"): Attribute 'value' of object 'Object Repository/Objects.HighlightElements/input_field_index' is: 'Corres-Request for Extension of Time (CORRES-PSI-EXT)'

2020-06-09 00:17:02 - [MESSAGE][PASSED] - Attribute 'value' of object 'Object Repository/Objects.HighlightElements/input_field_index' is: 'Corres-Request for Extension of Time (CORRES-PSI-EXT)'

2020-06-09 00:17:02 - [TEST_STEP][PASSED] - callTestCase(findTestCase(CallTCName), ["FindValue":ComboBoxValue, "DropdownNm":comboNm], STOP_ON_FAILURE): Call Test Case 'Test Cases/PFI Precision and Scale/HashMap Tables/ConstantHashMap' successfully

2020-06-09 00:17:02 - [TEST_CASE][PASSED] - Test Cases/PFI Precision and Scale/HashMap Tables/ConstantHashMap: Test Cases/PFI Precision and Scale/HashMap Tables/ConstantHashMap

2020-06-09 00:17:02 - [TEST_STEP][PASSED] - ConstantTBL = [1:["PeriodType":"Working Day(s)"], 2:["PeriodType":"Calendar Day(s)"], 3:["PeriodType":"Month(s)"], 4:["TypeOfLetter":"T1"], ... ]: null

2020-06-09 00:17:02 - [TEST_STEP][PASSED] - switch (DropdownNm): null

2020-06-09 00:17:02 - [TEST_STEP][PASSED] - case "PSI":: null

2020-06-09 00:17:02 - [TEST_STEP][PASSED] - ValueFound = ConstantTBL.find({ -> ... }): null

2020-06-09 00:17:02 - [TEST_STEP][PASSED] - break: null

2020-06-09 00:17:02 - [MESSAGE][PASSED] - Call Test Case 'Test Cases/PFI Precision and Scale/HashMap Tables/ConstantHashMap' successfully

2020-06-09 00:17:02 - [TEST_STEP][PASSED] - println(ValueFound): null

2020-06-09 00:17:02 - [TEST_STEP][PASSED] - sendKeys(NewInputNmField, Keys.chord(ARROW_DOWN)): Keys 'DOWN + ' sent to object: 'Object Repository/Objects.HighlightElements/input_field_index'

2020-06-09 00:17:02 - [MESSAGE][PASSED] - Keys 'DOWN + ' sent to object: 'Object Repository/Objects.HighlightElements/input_field_index'

2020-06-09 00:17:02 - [TEST_STEP][PASSED] - sendKeys(NewInputNmField, Keys.chord(ARROW_DOWN)): Keys 'DOWN + ' sent to object: 'Object Repository/Objects.HighlightElements/input_field_index'

2020-06-09 00:17:02 - [MESSAGE][PASSED] - Keys 'DOWN + ' sent to object: 'Object Repository/Objects.HighlightElements/input_field_index'

2020-06-09 00:17:02 - [TEST_STEP][PASSED] - delay(DelayTime): Delayed 2 second(s)

2020-06-09 00:17:04 - [MESSAGE][PASSED] - Delayed 2 second(s)

2020-06-09 00:17:04 - [TEST_STEP][PASSED] - sendKeys(NewInputNmField, Keys.chord(ENTER)): Keys 'ENTER + ' sent to object: 'Object Repository/Objects.HighlightElements/input_field_index'

2020-06-09 00:17:05 - [MESSAGE][PASSED] - Keys 'ENTER + ' sent to object: 'Object Repository/Objects.HighlightElements/input_field_index'

2020-06-09 00:17:05 - [TEST_STEP][PASSED] - ComboBoxValue = getAttribute(NewInputNmField, "value"): Attribute 'value' of object 'Object Repository/Objects.HighlightElements/input_field_index' is: 'Corres-General Correspondence (CORRES-PSI-GC)'

2020-06-09 00:17:05 - [MESSAGE][PASSED] - Attribute 'value' of object 'Object Repository/Objects.HighlightElements/input_field_index' is: 'Corres-General Correspondence (CORRES-PSI-GC)'

2020-06-09 00:17:05 - [TEST_STEP][PASSED] - callTestCase(findTestCase(CallTCName), ["FindValue":ComboBoxValue, "DropdownNm":comboNm], STOP_ON_FAILURE): Call Test Case 'Test Cases/PFI Precision and Scale/HashMap Tables/ConstantHashMap' successfully

2020-06-09 00:17:05 - [TEST_CASE][PASSED] - Test Cases/PFI Precision and Scale/HashMap Tables/ConstantHashMap: Test Cases/PFI Precision and Scale/HashMap Tables/ConstantHashMap

2020-06-09 00:17:05 - [TEST_STEP][PASSED] - ConstantTBL = [1:["PeriodType":"Working Day(s)"], 2:["PeriodType":"Calendar Day(s)"], 3:["PeriodType":"Month(s)"], 4:["TypeOfLetter":"T1"], ... ]: null

2020-06-09 00:17:05 - [TEST_STEP][PASSED] - switch (DropdownNm): null

2020-06-09 00:17:05 - [TEST_STEP][PASSED] - case "PSI":: null

2020-06-09 00:17:05 - [TEST_STEP][PASSED] - ValueFound = ConstantTBL.find({ -> ... }): null

2020-06-09 00:17:05 - [TEST_STEP][PASSED] - break: null

2020-06-09 00:17:05 - [MESSAGE][PASSED] - Call Test Case 'Test Cases/PFI Precision and Scale/HashMap Tables/ConstantHashMap' successfully

2020-06-09 00:17:05 - [TEST_STEP][PASSED] - println(ValueFound): null

2020-06-09 00:17:05 - [TEST_STEP][PASSED] - sendKeys(NewInputNmField, Keys.chord(ARROW_DOWN)): Keys 'DOWN + ' sent to object: 'Object Repository/Objects.HighlightElements/input_field_index'

2020-06-09 00:17:05 - [MESSAGE][PASSED] - Keys 'DOWN + ' sent to object: 'Object Repository/Objects.HighlightElements/input_field_index'

2020-06-09 00:17:05 - [TEST_STEP][PASSED] - sendKeys(NewInputNmField, Keys.chord(ARROW_DOWN)): Keys 'DOWN + ' sent to object: 'Object Repository/Objects.HighlightElements/input_field_index'

2020-06-09 00:17:05 - [MESSAGE][PASSED] - Keys 'DOWN + ' sent to object: 'Object Repository/Objects.HighlightElements/input_field_index'

2020-06-09 00:17:05 - [TEST_STEP][PASSED] - delay(DelayTime): Delayed 2 second(s)

2020-06-09 00:17:07 - [MESSAGE][PASSED] - Delayed 2 second(s)

2020-06-09 00:17:07 - [TEST_STEP][PASSED] - sendKeys(NewInputNmField, Keys.chord(ENTER)): Keys 'ENTER + ' sent to object: 'Object Repository/Objects.HighlightElements/input_field_index'

2020-06-09 00:17:07 - [MESSAGE][PASSED] - Keys 'ENTER + ' sent to object: 'Object Repository/Objects.HighlightElements/input_field_index'

2020-06-09 00:17:07 - [TEST_STEP][PASSED] - ComboBoxValue = getAttribute(NewInputNmField, "value"): Attribute 'value' of object 'Object Repository/Objects.HighlightElements/input_field_index' is: 'Corres-Request for Submission Withdrawal (CORRES-PSI-SUBWTH)'

2020-06-09 00:17:07 - [MESSAGE][PASSED] - Attribute 'value' of object 'Object Repository/Objects.HighlightElements/input_field_index' is: 'Corres-Request for Submission Withdrawal (CORRES-PSI-SUBWTH)'

2020-06-09 00:17:07 - [TEST_STEP][PASSED] - callTestCase(findTestCase(CallTCName), ["FindValue":ComboBoxValue, "DropdownNm":comboNm], STOP_ON_FAILURE): Call Test Case 'Test Cases/PFI Precision and Scale/HashMap Tables/ConstantHashMap' successfully

2020-06-09 00:17:07 - [TEST_CASE][PASSED] - Test Cases/PFI Precision and Scale/HashMap Tables/ConstantHashMap: Test Cases/PFI Precision and Scale/HashMap Tables/ConstantHashMap

2020-06-09 00:17:07 - [TEST_STEP][PASSED] - ConstantTBL = [1:["PeriodType":"Working Day(s)"], 2:["PeriodType":"Calendar Day(s)"], 3:["PeriodType":"Month(s)"], 4:["TypeOfLetter":"T1"], ... ]: null

2020-06-09 00:17:07 - [TEST_STEP][PASSED] - switch (DropdownNm): null

2020-06-09 00:17:07 - [TEST_STEP][PASSED] - case "PSI":: null

2020-06-09 00:17:07 - [TEST_STEP][PASSED] - ValueFound = ConstantTBL.find({ -> ... }): null

2020-06-09 00:17:07 - [TEST_STEP][PASSED] - break: null

2020-06-09 00:17:07 - [MESSAGE][PASSED] - Call Test Case 'Test Cases/PFI Precision and Scale/HashMap Tables/ConstantHashMap' successfully

2020-06-09 00:17:07 - [TEST_STEP][PASSED] - println(ValueFound): null

2020-06-09 00:17:07 - [TEST_STEP][PASSED] - sendKeys(NewInputNmField, Keys.chord(ARROW_DOWN)): Keys 'DOWN + ' sent to object: 'Object Repository/Objects.HighlightElements/input_field_index'

2020-06-09 00:17:07 - [MESSAGE][PASSED] - Keys 'DOWN + ' sent to object: 'Object Repository/Objects.HighlightElements/input_field_index'

2020-06-09 00:17:07 - [TEST_STEP][PASSED] - sendKeys(NewInputNmField, Keys.chord(ARROW_DOWN)): Keys 'DOWN + ' sent to object: 'Object Repository/Objects.HighlightElements/input_field_index'

2020-06-09 00:17:07 - [MESSAGE][PASSED] - Keys 'DOWN + ' sent to object: 'Object Repository/Objects.HighlightElements/input_field_index'

2020-06-09 00:17:07 - [TEST_STEP][PASSED] - delay(DelayTime): Delayed 2 second(s)

2020-06-09 00:17:09 - [MESSAGE][PASSED] - Delayed 2 second(s)

2020-06-09 00:17:09 - [TEST_STEP][PASSED] - sendKeys(NewInputNmField, Keys.chord(ENTER)): Keys 'ENTER + ' sent to object: 'Object Repository/Objects.HighlightElements/input_field_index'

2020-06-09 00:17:09 - [MESSAGE][PASSED] - Keys 'ENTER + ' sent to object: 'Object Repository/Objects.HighlightElements/input_field_index'

2020-06-09 00:17:09 - [TEST_STEP][PASSED] - ComboBoxValue = getAttribute(NewInputNmField, "value"): Attribute 'value' of object 'Object Repository/Objects.HighlightElements/input_field_index' is: 'Bldg Rec Upload (PSI-UPLD)'

2020-06-09 00:17:09 - [MESSAGE][PASSED] - Attribute 'value' of object 'Object Repository/Objects.HighlightElements/input_field_index' is: 'Bldg Rec Upload (PSI-UPLD)'

2020-06-09 00:17:09 - [TEST_STEP][PASSED] - callTestCase(findTestCase(CallTCName), ["FindValue":ComboBoxValue, "DropdownNm":comboNm], STOP_ON_FAILURE): Call Test Case 'Test Cases/PFI Precision and Scale/HashMap Tables/ConstantHashMap' successfully

2020-06-09 00:17:09 - [TEST_CASE][PASSED] - Test Cases/PFI Precision and Scale/HashMap Tables/ConstantHashMap: Test Cases/PFI Precision and Scale/HashMap Tables/ConstantHashMap

2020-06-09 00:17:09 - [TEST_STEP][PASSED] - ConstantTBL = [1:["PeriodType":"Working Day(s)"], 2:["PeriodType":"Calendar Day(s)"], 3:["PeriodType":"Month(s)"], 4:["TypeOfLetter":"T1"], ... ]: null

2020-06-09 00:17:09 - [TEST_STEP][PASSED] - switch (DropdownNm): null

2020-06-09 00:17:09 - [TEST_STEP][PASSED] - case "PSI":: null

2020-06-09 00:17:09 - [TEST_STEP][PASSED] - ValueFound = ConstantTBL.find({ -> ... }): null

2020-06-09 00:17:09 - [TEST_STEP][PASSED] - break: null

2020-06-09 00:17:09 - [MESSAGE][PASSED] - Call Test Case 'Test Cases/PFI Precision and Scale/HashMap Tables/ConstantHashMap' successfully

2020-06-09 00:17:09 - [TEST_STEP][PASSED] - println(ValueFound): null

2020-06-09 00:17:09 - [TEST_STEP][PASSED] - sendKeys(NewInputNmField, Keys.chord(ARROW_DOWN)): Keys 'DOWN + ' sent to object: 'Object Repository/Objects.HighlightElements/input_field_index'

2020-06-09 00:17:09 - [MESSAGE][PASSED] - Keys 'DOWN + ' sent to object: 'Object Repository/Objects.HighlightElements/input_field_index'

2020-06-09 00:17:09 - [TEST_STEP][PASSED] - sendKeys(NewInputNmField, Keys.chord(ARROW_DOWN)): Keys 'DOWN + ' sent to object: 'Object Repository/Objects.HighlightElements/input_field_index'

2020-06-09 00:17:09 - [MESSAGE][PASSED] - Keys 'DOWN + ' sent to object: 'Object Repository/Objects.HighlightElements/input_field_index'

2020-06-09 00:17:09 - [TEST_STEP][PASSED] - delay(DelayTime): Delayed 2 second(s)

2020-06-09 00:17:11 - [MESSAGE][PASSED] - Delayed 2 second(s)

2020-06-09 00:17:11 - [TEST_STEP][PASSED] - sendKeys(NewInputNmField, Keys.chord(ENTER)): Keys 'ENTER + ' sent to object: 'Object Repository/Objects.HighlightElements/input_field_index'

2020-06-09 00:17:11 - [MESSAGE][PASSED] - Keys 'ENTER + ' sent to object: 'Object Repository/Objects.HighlightElements/input_field_index'

2020-06-09 00:17:11 - [TEST_STEP][PASSED] - ComboBoxValue = getAttribute(NewInputNmField, "value"): Attribute 'value' of object 'Object Repository/Objects.HighlightElements/input_field_index' is: 'PSI Processing (SM)'

2020-06-09 00:17:11 - [MESSAGE][PASSED] - Attribute 'value' of object 'Object Repository/Objects.HighlightElements/input_field_index' is: 'PSI Processing (SM)'

2020-06-09 00:17:11 - [TEST_STEP][PASSED] - callTestCase(findTestCase(CallTCName), ["FindValue":ComboBoxValue, "DropdownNm":comboNm], STOP_ON_FAILURE): Call Test Case 'Test Cases/PFI Precision and Scale/HashMap Tables/ConstantHashMap' successfully

2020-06-09 00:17:11 - [TEST_CASE][PASSED] - Test Cases/PFI Precision and Scale/HashMap Tables/ConstantHashMap: Test Cases/PFI Precision and Scale/HashMap Tables/ConstantHashMap

2020-06-09 00:17:11 - [TEST_STEP][PASSED] - ConstantTBL = [1:["PeriodType":"Working Day(s)"], 2:["PeriodType":"Calendar Day(s)"], 3:["PeriodType":"Month(s)"], 4:["TypeOfLetter":"T1"], ... ]: null

2020-06-09 00:17:11 - [TEST_STEP][PASSED] - switch (DropdownNm): null

2020-06-09 00:17:11 - [TEST_STEP][PASSED] - case "PSI":: null

2020-06-09 00:17:11 - [TEST_STEP][PASSED] - ValueFound = ConstantTBL.find({ -> ... }): null

2020-06-09 00:17:11 - [TEST_STEP][PASSED] - break: null

2020-06-09 00:17:11 - [MESSAGE][PASSED] - Call Test Case 'Test Cases/PFI Precision and Scale/HashMap Tables/ConstantHashMap' successfully

2020-06-09 00:17:11 - [TEST_STEP][PASSED] - println(ValueFound): null

2020-06-09 00:17:11 - [TEST_STEP][PASSED] - sendKeys(NewInputNmField, Keys.chord(ARROW_DOWN)): Keys 'DOWN + ' sent to object: 'Object Repository/Objects.HighlightElements/input_field_index'

2020-06-09 00:17:11 - [MESSAGE][PASSED] - Keys 'DOWN + ' sent to object: 'Object Repository/Objects.HighlightElements/input_field_index'

2020-06-09 00:17:11 - [TEST_STEP][PASSED] - sendKeys(NewInputNmField, Keys.chord(ARROW_DOWN)): Keys 'DOWN + ' sent to object: 'Object Repository/Objects.HighlightElements/input_field_index'

2020-06-09 00:17:11 - [MESSAGE][PASSED] - Keys 'DOWN + ' sent to object: 'Object Repository/Objects.HighlightElements/input_field_index'

2020-06-09 00:17:11 - [TEST_STEP][PASSED] - delay(DelayTime): Delayed 2 second(s)

2020-06-09 00:17:13 - [MESSAGE][PASSED] - Delayed 2 second(s)

2020-06-09 00:17:13 - [TEST_STEP][PASSED] - sendKeys(NewInputNmField, Keys.chord(ENTER)): Keys 'ENTER + ' sent to object: 'Object Repository/Objects.HighlightElements/input_field_index'

2020-06-09 00:17:13 - [MESSAGE][PASSED] - Keys 'ENTER + ' sent to object: 'Object Repository/Objects.HighlightElements/input_field_index'

2020-06-09 00:17:13 - [TEST_STEP][PASSED] - ComboBoxValue = getAttribute(NewInputNmField, "value"): Attribute 'value' of object 'Object Repository/Objects.HighlightElements/input_field_index' is: 'PSI Audit Processing (SM_A)'

2020-06-09 00:17:13 - [MESSAGE][PASSED] - Attribute 'value' of object 'Object Repository/Objects.HighlightElements/input_field_index' is: 'PSI Audit Processing (SM_A)'

2020-06-09 00:17:13 - [TEST_STEP][PASSED] - callTestCase(findTestCase(CallTCName), ["FindValue":ComboBoxValue, "DropdownNm":comboNm], STOP_ON_FAILURE): Call Test Case 'Test Cases/PFI Precision and Scale/HashMap Tables/ConstantHashMap' successfully

2020-06-09 00:17:13 - [TEST_CASE][PASSED] - Test Cases/PFI Precision and Scale/HashMap Tables/ConstantHashMap: Test Cases/PFI Precision and Scale/HashMap Tables/ConstantHashMap

2020-06-09 00:17:13 - [TEST_STEP][PASSED] - ConstantTBL = [1:["PeriodType":"Working Day(s)"], 2:["PeriodType":"Calendar Day(s)"], 3:["PeriodType":"Month(s)"], 4:["TypeOfLetter":"T1"], ... ]: null

2020-06-09 00:17:13 - [TEST_STEP][PASSED] - switch (DropdownNm): null

2020-06-09 00:17:13 - [TEST_STEP][PASSED] - case "PSI":: null

2020-06-09 00:17:13 - [TEST_STEP][PASSED] - ValueFound = ConstantTBL.find({ -> ... }): null

2020-06-09 00:17:13 - [TEST_STEP][PASSED] - break: null

2020-06-09 00:17:13 - [MESSAGE][PASSED] - Call Test Case 'Test Cases/PFI Precision and Scale/HashMap Tables/ConstantHashMap' successfully

2020-06-09 00:17:13 - [TEST_STEP][PASSED] - println(ValueFound): null

2020-06-09 00:17:13 - [TEST_STEP][PASSED] - sendKeys(NewInputNmField, Keys.chord(ARROW_DOWN)): Keys 'DOWN + ' sent to object: 'Object Repository/Objects.HighlightElements/input_field_index'

2020-06-09 00:17:14 - [MESSAGE][PASSED] - Keys 'DOWN + ' sent to object: 'Object Repository/Objects.HighlightElements/input_field_index'

2020-06-09 00:17:14 - [TEST_STEP][PASSED] - sendKeys(NewInputNmField, Keys.chord(ARROW_DOWN)): Keys 'DOWN + ' sent to object: 'Object Repository/Objects.HighlightElements/input_field_index'

2020-06-09 00:17:14 - [MESSAGE][PASSED] - Keys 'DOWN + ' sent to object: 'Object Repository/Objects.HighlightElements/input_field_index'

2020-06-09 00:17:14 - [TEST_STEP][PASSED] - delay(DelayTime): Delayed 2 second(s)

2020-06-09 00:17:16 - [MESSAGE][PASSED] - Delayed 2 second(s)

2020-06-09 00:17:16 - [TEST_STEP][PASSED] - sendKeys(NewInputNmField, Keys.chord(ENTER)): Keys 'ENTER + ' sent to object: 'Object Repository/Objects.HighlightElements/input_field_index'

2020-06-09 00:17:16 - [MESSAGE][PASSED] - Keys 'ENTER + ' sent to object: 'Object Repository/Objects.HighlightElements/input_field_index'

2020-06-09 00:17:16 - [TEST_STEP][PASSED] - ComboBoxValue = getAttribute(NewInputNmField, "value"): Attribute 'value' of object 'Object Repository/Objects.HighlightElements/input_field_index' is: 'PSI Ad Hoc Processing (SM_AH)'

2020-06-09 00:17:16 - [MESSAGE][PASSED] - Attribute 'value' of object 'Object Repository/Objects.HighlightElements/input_field_index' is: 'PSI Ad Hoc Processing (SM_AH)'

2020-06-09 00:17:16 - [TEST_STEP][PASSED] - callTestCase(findTestCase(CallTCName), ["FindValue":ComboBoxValue, "DropdownNm":comboNm], STOP_ON_FAILURE): Call Test Case 'Test Cases/PFI Precision and Scale/HashMap Tables/ConstantHashMap' successfully

2020-06-09 00:17:16 - [TEST_CASE][PASSED] - Test Cases/PFI Precision and Scale/HashMap Tables/ConstantHashMap: Test Cases/PFI Precision and Scale/HashMap Tables/ConstantHashMap

2020-06-09 00:17:16 - [TEST_STEP][PASSED] - ConstantTBL = [1:["PeriodType":"Working Day(s)"], 2:["PeriodType":"Calendar Day(s)"], 3:["PeriodType":"Month(s)"], 4:["TypeOfLetter":"T1"], ... ]: null

2020-06-09 00:17:16 - [TEST_STEP][PASSED] - switch (DropdownNm): null

2020-06-09 00:17:16 - [TEST_STEP][PASSED] - case "PSI":: null

2020-06-09 00:17:16 - [TEST_STEP][PASSED] - ValueFound = ConstantTBL.find({ -> ... }): null

2020-06-09 00:17:16 - [TEST_STEP][PASSED] - break: null

2020-06-09 00:17:16 - [MESSAGE][PASSED] - Call Test Case 'Test Cases/PFI Precision and Scale/HashMap Tables/ConstantHashMap' successfully

2020-06-09 00:17:16 - [TEST_STEP][PASSED] - println(ValueFound): null

2020-06-09 00:17:16 - [TEST_STEP][PASSED] - sendKeys(NewInputNmField, Keys.chord(ARROW_DOWN)): Keys 'DOWN + ' sent to object: 'Object Repository/Objects.HighlightElements/input_field_index'

2020-06-09 00:17:16 - [MESSAGE][PASSED] - Keys 'DOWN + ' sent to object: 'Object Repository/Objects.HighlightElements/input_field_index'

2020-06-09 00:17:16 - [TEST_STEP][PASSED] - sendKeys(NewInputNmField, Keys.chord(ARROW_DOWN)): Keys 'DOWN + ' sent to object: 'Object Repository/Objects.HighlightElements/input_field_index'

2020-06-09 00:17:16 - [MESSAGE][PASSED] - Keys 'DOWN + ' sent to object: 'Object Repository/Objects.HighlightElements/input_field_index'

2020-06-09 00:17:16 - [TEST_STEP][PASSED] - delay(DelayTime): Delayed 2 second(s)

2020-06-09 00:17:18 - [MESSAGE][PASSED] - Delayed 2 second(s)

2020-06-09 00:17:18 - [TEST_STEP][PASSED] - sendKeys(NewInputNmField, Keys.chord(ENTER)): Keys 'ENTER + ' sent to object: 'Object Repository/Objects.HighlightElements/input_field_index'

2020-06-09 00:17:18 - [MESSAGE][PASSED] - Keys 'ENTER + ' sent to object: 'Object Repository/Objects.HighlightElements/input_field_index'

2020-06-09 00:17:18 - [TEST_STEP][PASSED] - ComboBoxValue = getAttribute(NewInputNmField, "value"): Attribute 'value' of object 'Object Repository/Objects.HighlightElements/input_field_index' is: 'PSI-TOPCSC Interface (SM_TC1)'

2020-06-09 00:17:18 - [MESSAGE][PASSED] - Attribute 'value' of object 'Object Repository/Objects.HighlightElements/input_field_index' is: 'PSI-TOPCSC Interface (SM_TC1)'

2020-06-09 00:17:18 - [TEST_STEP][PASSED] - callTestCase(findTestCase(CallTCName), ["FindValue":ComboBoxValue, "DropdownNm":comboNm], STOP_ON_FAILURE): Call Test Case 'Test Cases/PFI Precision and Scale/HashMap Tables/ConstantHashMap' successfully

2020-06-09 00:17:18 - [TEST_CASE][PASSED] - Test Cases/PFI Precision and Scale/HashMap Tables/ConstantHashMap: Test Cases/PFI Precision and Scale/HashMap Tables/ConstantHashMap

2020-06-09 00:17:18 - [TEST_STEP][PASSED] - ConstantTBL = [1:["PeriodType":"Working Day(s)"], 2:["PeriodType":"Calendar Day(s)"], 3:["PeriodType":"Month(s)"], 4:["TypeOfLetter":"T1"], ... ]: null

2020-06-09 00:17:18 - [TEST_STEP][PASSED] - switch (DropdownNm): null

2020-06-09 00:17:18 - [TEST_STEP][PASSED] - case "PSI":: null

2020-06-09 00:17:18 - [TEST_STEP][PASSED] - ValueFound = ConstantTBL.find({ -> ... }): null

2020-06-09 00:17:18 - [TEST_STEP][PASSED] - break: null

2020-06-09 00:17:18 - [MESSAGE][PASSED] - Call Test Case 'Test Cases/PFI Precision and Scale/HashMap Tables/ConstantHashMap' successfully

2020-06-09 00:17:18 - [TEST_STEP][PASSED] - println(ValueFound): null

2020-06-09 00:17:18 - [TEST_STEP][PASSED] - sendKeys(NewInputNmField, Keys.chord(ARROW_DOWN)): Keys 'DOWN + ' sent to object: 'Object Repository/Objects.HighlightElements/input_field_index'

2020-06-09 00:17:18 - [MESSAGE][PASSED] - Keys 'DOWN + ' sent to object: 'Object Repository/Objects.HighlightElements/input_field_index'

2020-06-09 00:17:18 - [TEST_STEP][PASSED] - sendKeys(NewInputNmField, Keys.chord(ARROW_DOWN)): Keys 'DOWN + ' sent to object: 'Object Repository/Objects.HighlightElements/input_field_index'

2020-06-09 00:17:18 - [MESSAGE][PASSED] - Keys 'DOWN + ' sent to object: 'Object Repository/Objects.HighlightElements/input_field_index'

2020-06-09 00:17:18 - [TEST_STEP][PASSED] - delay(DelayTime): Delayed 2 second(s)

2020-06-09 00:17:20 - [MESSAGE][PASSED] - Delayed 2 second(s)

2020-06-09 00:17:20 - [TEST_STEP][PASSED] - sendKeys(NewInputNmField, Keys.chord(ENTER)): Keys 'ENTER + ' sent to object: 'Object Repository/Objects.HighlightElements/input_field_index'

2020-06-09 00:17:20 - [MESSAGE][PASSED] - Keys 'ENTER + ' sent to object: 'Object Repository/Objects.HighlightElements/input_field_index'

2020-06-09 00:17:20 - [TEST_STEP][PASSED] - ComboBoxValue = getAttribute(NewInputNmField, "value"): Attribute 'value' of object 'Object Repository/Objects.HighlightElements/input_field_index' is: 'PSI-TOPCSC Processing (SM_TC2)'

2020-06-09 00:17:20 - [MESSAGE][PASSED] - Attribute 'value' of object 'Object Repository/Objects.HighlightElements/input_field_index' is: 'PSI-TOPCSC Processing (SM_TC2)'

2020-06-09 00:17:20 - [TEST_STEP][PASSED] - callTestCase(findTestCase(CallTCName), ["FindValue":ComboBoxValue, "DropdownNm":comboNm], STOP_ON_FAILURE): Call Test Case 'Test Cases/PFI Precision and Scale/HashMap Tables/ConstantHashMap' successfully

2020-06-09 00:17:20 - [TEST_CASE][PASSED] - Test Cases/PFI Precision and Scale/HashMap Tables/ConstantHashMap: Test Cases/PFI Precision and Scale/HashMap Tables/ConstantHashMap

2020-06-09 00:17:20 - [TEST_STEP][PASSED] - ConstantTBL = [1:["PeriodType":"Working Day(s)"], 2:["PeriodType":"Calendar Day(s)"], 3:["PeriodType":"Month(s)"], 4:["TypeOfLetter":"T1"], ... ]: null

2020-06-09 00:17:20 - [TEST_STEP][PASSED] - switch (DropdownNm): null

2020-06-09 00:17:20 - [TEST_STEP][PASSED] - case "PSI":: null

2020-06-09 00:17:20 - [TEST_STEP][PASSED] - ValueFound = ConstantTBL.find({ -> ... }): null

2020-06-09 00:17:20 - [TEST_STEP][PASSED] - break: null

2020-06-09 00:17:20 - [MESSAGE][PASSED] - Call Test Case 'Test Cases/PFI Precision and Scale/HashMap Tables/ConstantHashMap' successfully

2020-06-09 00:17:20 - [TEST_STEP][PASSED] - println(ValueFound): null

2020-06-09 00:17:20 - [TEST_STEP][PASSED] - sendKeys(NewInputNmField, Keys.chord(ARROW_DOWN)): Keys 'DOWN + ' sent to object: 'Object Repository/Objects.HighlightElements/input_field_index'

2020-06-09 00:17:20 - [MESSAGE][PASSED] - Keys 'DOWN + ' sent to object: 'Object Repository/Objects.HighlightElements/input_field_index'

2020-06-09 00:17:20 - [TEST_STEP][PASSED] - sendKeys(NewInputNmField, Keys.chord(ARROW_DOWN)): Keys 'DOWN + ' sent to object: 'Object Repository/Objects.HighlightElements/input_field_index'

2020-06-09 00:17:20 - [MESSAGE][PASSED] - Keys 'DOWN + ' sent to object: 'Object Repository/Objects.HighlightElements/input_field_index'

2020-06-09 00:17:20 - [TEST_STEP][PASSED] - delay(DelayTime): Delayed 2 second(s)

2020-06-09 00:17:22 - [MESSAGE][PASSED] - Delayed 2 second(s)

2020-06-09 00:17:22 - [TEST_STEP][PASSED] - sendKeys(NewInputNmField, Keys.chord(ENTER)): Keys 'ENTER + ' sent to object: 'Object Repository/Objects.HighlightElements/input_field_index'

2020-06-09 00:17:22 - [MESSAGE][PASSED] - Keys 'ENTER + ' sent to object: 'Object Repository/Objects.HighlightElements/input_field_index'

2020-06-09 00:17:22 - [TEST_STEP][PASSED] - ComboBoxValue = getAttribute(NewInputNmField, "value"): Attribute 'value' of object 'Object Repository/Objects.HighlightElements/input_field_index' is: 'Appointment of SE under S28 (SM1)'

2020-06-09 00:17:22 - [MESSAGE][PASSED] - Attribute 'value' of object 'Object Repository/Objects.HighlightElements/input_field_index' is: 'Appointment of SE under S28 (SM1)'

2020-06-09 00:17:22 - [TEST_STEP][PASSED] - callTestCase(findTestCase(CallTCName), ["FindValue":ComboBoxValue, "DropdownNm":comboNm], STOP_ON_FAILURE): Call Test Case 'Test Cases/PFI Precision and Scale/HashMap Tables/ConstantHashMap' successfully

2020-06-09 00:17:22 - [TEST_CASE][PASSED] - Test Cases/PFI Precision and Scale/HashMap Tables/ConstantHashMap: Test Cases/PFI Precision and Scale/HashMap Tables/ConstantHashMap

2020-06-09 00:17:22 - [TEST_STEP][PASSED] - ConstantTBL = [1:["PeriodType":"Working Day(s)"], 2:["PeriodType":"Calendar Day(s)"], 3:["PeriodType":"Month(s)"], 4:["TypeOfLetter":"T1"], ... ]: null

2020-06-09 00:17:22 - [TEST_STEP][PASSED] - switch (DropdownNm): null

2020-06-09 00:17:22 - [TEST_STEP][PASSED] - case "PSI":: null

2020-06-09 00:17:22 - [TEST_STEP][PASSED] - ValueFound = ConstantTBL.find({ -> ... }): null

2020-06-09 00:17:22 - [TEST_STEP][PASSED] - break: null

2020-06-09 00:17:22 - [MESSAGE][PASSED] - Call Test Case 'Test Cases/PFI Precision and Scale/HashMap Tables/ConstantHashMap' successfully

2020-06-09 00:17:22 - [TEST_STEP][PASSED] - println(ValueFound): null

2020-06-09 00:17:22 - [TEST_STEP][PASSED] - sendKeys(NewInputNmField, Keys.chord(ARROW_DOWN)): Keys 'DOWN + ' sent to object: 'Object Repository/Objects.HighlightElements/input_field_index'

2020-06-09 00:17:22 - [MESSAGE][PASSED] - Keys 'DOWN + ' sent to object: 'Object Repository/Objects.HighlightElements/input_field_index'

2020-06-09 00:17:22 - [TEST_STEP][PASSED] - sendKeys(NewInputNmField, Keys.chord(ARROW_DOWN)): Keys 'DOWN + ' sent to object: 'Object Repository/Objects.HighlightElements/input_field_index'

2020-06-09 00:17:22 - [MESSAGE][PASSED] - Keys 'DOWN + ' sent to object: 'Object Repository/Objects.HighlightElements/input_field_index'

2020-06-09 00:17:22 - [TEST_STEP][PASSED] - delay(DelayTime): Delayed 2 second(s)

2020-06-09 00:17:24 - [MESSAGE][PASSED] - Delayed 2 second(s)

2020-06-09 00:17:24 - [TEST_STEP][PASSED] - sendKeys(NewInputNmField, Keys.chord(ENTER)): Keys 'ENTER + ' sent to object: 'Object Repository/Objects.HighlightElements/input_field_index'

2020-06-09 00:17:25 - [MESSAGE][PASSED] - Keys 'ENTER + ' sent to object: 'Object Repository/Objects.HighlightElements/input_field_index'

2020-06-09 00:17:25 - [TEST_STEP][PASSED] - ComboBoxValue = getAttribute(NewInputNmField, "value"): Attribute 'value' of object 'Object Repository/Objects.HighlightElements/input_field_index' is: 'SM1-CR (SM1-CR)'

2020-06-09 00:17:25 - [MESSAGE][PASSED] - Attribute 'value' of object 'Object Repository/Objects.HighlightElements/input_field_index' is: 'SM1-CR (SM1-CR)'

2020-06-09 00:17:25 - [TEST_STEP][PASSED] - callTestCase(findTestCase(CallTCName), ["FindValue":ComboBoxValue, "DropdownNm":comboNm], STOP_ON_FAILURE): Call Test Case 'Test Cases/PFI Precision and Scale/HashMap Tables/ConstantHashMap' successfully

2020-06-09 00:17:25 - [TEST_CASE][PASSED] - Test Cases/PFI Precision and Scale/HashMap Tables/ConstantHashMap: Test Cases/PFI Precision and Scale/HashMap Tables/ConstantHashMap

2020-06-09 00:17:25 - [TEST_STEP][PASSED] - ConstantTBL = [1:["PeriodType":"Working Day(s)"], 2:["PeriodType":"Calendar Day(s)"], 3:["PeriodType":"Month(s)"], 4:["TypeOfLetter":"T1"], ... ]: null

2020-06-09 00:17:25 - [TEST_STEP][PASSED] - switch (DropdownNm): null

2020-06-09 00:17:25 - [TEST_STEP][PASSED] - case "PSI":: null

2020-06-09 00:17:25 - [TEST_STEP][PASSED] - ValueFound = ConstantTBL.find({ -> ... }): null

2020-06-09 00:17:25 - [TEST_STEP][PASSED] - break: null

2020-06-09 00:17:25 - [MESSAGE][PASSED] - Call Test Case 'Test Cases/PFI Precision and Scale/HashMap Tables/ConstantHashMap' successfully

2020-06-09 00:17:25 - [TEST_STEP][PASSED] - println(ValueFound): null

2020-06-09 00:17:25 - [TEST_STEP][PASSED] - sendKeys(NewInputNmField, Keys.chord(ARROW_DOWN)): Keys 'DOWN + ' sent to object: 'Object Repository/Objects.HighlightElements/input_field_index'

2020-06-09 00:17:25 - [MESSAGE][PASSED] - Keys 'DOWN + ' sent to object: 'Object Repository/Objects.HighlightElements/input_field_index'

2020-06-09 00:17:25 - [TEST_STEP][PASSED] - sendKeys(NewInputNmField, Keys.chord(ARROW_DOWN)): Keys 'DOWN + ' sent to object: 'Object Repository/Objects.HighlightElements/input_field_index'

2020-06-09 00:17:25 - [MESSAGE][PASSED] - Keys 'DOWN + ' sent to object: 'Object Repository/Objects.HighlightElements/input_field_index'

2020-06-09 00:17:25 - [TEST_STEP][PASSED] - delay(DelayTime): Delayed 2 second(s)

2020-06-09 00:17:27 - [MESSAGE][PASSED] - Delayed 2 second(s)

2020-06-09 00:17:27 - [TEST_STEP][PASSED] - sendKeys(NewInputNmField, Keys.chord(ENTER)): Keys 'ENTER + ' sent to object: 'Object Repository/Objects.HighlightElements/input_field_index'

2020-06-09 00:17:27 - [MESSAGE][PASSED] - Keys 'ENTER + ' sent to object: 'Object Repository/Objects.HighlightElements/input_field_index'

2020-06-09 00:17:27 - [TEST_STEP][PASSED] - ComboBoxValue = getAttribute(NewInputNmField, "value"): Attribute 'value' of object 'Object Repository/Objects.HighlightElements/input_field_index' is: 'Visual Inspection Report under S28 (SM2)'

2020-06-09 00:17:27 - [MESSAGE][PASSED] - Attribute 'value' of object 'Object Repository/Objects.HighlightElements/input_field_index' is: 'Visual Inspection Report under S28 (SM2)'

2020-06-09 00:17:27 - [TEST_STEP][PASSED] - callTestCase(findTestCase(CallTCName), ["FindValue":ComboBoxValue, "DropdownNm":comboNm], STOP_ON_FAILURE): Call Test Case 'Test Cases/PFI Precision and Scale/HashMap Tables/ConstantHashMap' successfully

2020-06-09 00:17:27 - [TEST_CASE][PASSED] - Test Cases/PFI Precision and Scale/HashMap Tables/ConstantHashMap: Test Cases/PFI Precision and Scale/HashMap Tables/ConstantHashMap

2020-06-09 00:17:27 - [TEST_STEP][PASSED] - ConstantTBL = [1:["PeriodType":"Working Day(s)"], 2:["PeriodType":"Calendar Day(s)"], 3:["PeriodType":"Month(s)"], 4:["TypeOfLetter":"T1"], ... ]: null

2020-06-09 00:17:27 - [TEST_STEP][PASSED] - switch (DropdownNm): null

2020-06-09 00:17:27 - [TEST_STEP][PASSED] - case "PSI":: null

2020-06-09 00:17:27 - [TEST_STEP][PASSED] - ValueFound = ConstantTBL.find({ -> ... }): null

2020-06-09 00:17:27 - [TEST_STEP][PASSED] - break: null

2020-06-09 00:17:27 - [MESSAGE][PASSED] - Call Test Case 'Test Cases/PFI Precision and Scale/HashMap Tables/ConstantHashMap' successfully

2020-06-09 00:17:27 - [TEST_STEP][PASSED] - println(ValueFound): null

2020-06-09 00:17:27 - [TEST_STEP][PASSED] - sendKeys(NewInputNmField, Keys.chord(ARROW_DOWN)): Keys 'DOWN + ' sent to object: 'Object Repository/Objects.HighlightElements/input_field_index'

2020-06-09 00:17:27 - [MESSAGE][PASSED] - Keys 'DOWN + ' sent to object: 'Object Repository/Objects.HighlightElements/input_field_index'

2020-06-09 00:17:27 - [TEST_STEP][PASSED] - sendKeys(NewInputNmField, Keys.chord(ARROW_DOWN)): Keys 'DOWN + ' sent to object: 'Object Repository/Objects.HighlightElements/input_field_index'

2020-06-09 00:17:27 - [MESSAGE][PASSED] - Keys 'DOWN + ' sent to object: 'Object Repository/Objects.HighlightElements/input_field_index'

2020-06-09 00:17:27 - [TEST_STEP][PASSED] - delay(DelayTime): Delayed 2 second(s)

2020-06-09 00:17:29 - [MESSAGE][PASSED] - Delayed 2 second(s)

2020-06-09 00:17:29 - [TEST_STEP][PASSED] - sendKeys(NewInputNmField, Keys.chord(ENTER)): Keys 'ENTER + ' sent to object: 'Object Repository/Objects.HighlightElements/input_field_index'

2020-06-09 00:17:29 - [MESSAGE][PASSED] - Keys 'ENTER + ' sent to object: 'Object Repository/Objects.HighlightElements/input_field_index'

2020-06-09 00:17:29 - [TEST_STEP][PASSED] - ComboBoxValue = getAttribute(NewInputNmField, "value"): Attribute 'value' of object 'Object Repository/Objects.HighlightElements/input_field_index' is: 'SM2-CR (SM2-CR)'

2020-06-09 00:17:29 - [MESSAGE][PASSED] - Attribute 'value' of object 'Object Repository/Objects.HighlightElements/input_field_index' is: 'SM2-CR (SM2-CR)'

2020-06-09 00:17:29 - [TEST_STEP][PASSED] - callTestCase(findTestCase(CallTCName), ["FindValue":ComboBoxValue, "DropdownNm":comboNm], STOP_ON_FAILURE): Call Test Case 'Test Cases/PFI Precision and Scale/HashMap Tables/ConstantHashMap' successfully

2020-06-09 00:17:29 - [TEST_CASE][PASSED] - Test Cases/PFI Precision and Scale/HashMap Tables/ConstantHashMap: Test Cases/PFI Precision and Scale/HashMap Tables/ConstantHashMap

2020-06-09 00:17:29 - [TEST_STEP][PASSED] - ConstantTBL = [1:["PeriodType":"Working Day(s)"], 2:["PeriodType":"Calendar Day(s)"], 3:["PeriodType":"Month(s)"], 4:["TypeOfLetter":"T1"], ... ]: null

2020-06-09 00:17:29 - [TEST_STEP][PASSED] - switch (DropdownNm): null

2020-06-09 00:17:29 - [TEST_STEP][PASSED] - case "PSI":: null

2020-06-09 00:17:29 - [TEST_STEP][PASSED] - ValueFound = ConstantTBL.find({ -> ... }): null

2020-06-09 00:17:29 - [TEST_STEP][PASSED] - break: null

2020-06-09 00:17:29 - [MESSAGE][PASSED] - Call Test Case 'Test Cases/PFI Precision and Scale/HashMap Tables/ConstantHashMap' successfully

2020-06-09 00:17:29 - [TEST_STEP][PASSED] - println(ValueFound): null

2020-06-09 00:17:29 - [TEST_STEP][PASSED] - sendKeys(NewInputNmField, Keys.chord(ARROW_DOWN)): Keys 'DOWN + ' sent to object: 'Object Repository/Objects.HighlightElements/input_field_index'

2020-06-09 00:17:29 - [MESSAGE][PASSED] - Keys 'DOWN + ' sent to object: 'Object Repository/Objects.HighlightElements/input_field_index'

2020-06-09 00:17:29 - [TEST_STEP][PASSED] - sendKeys(NewInputNmField, Keys.chord(ARROW_DOWN)): Keys 'DOWN + ' sent to object: 'Object Repository/Objects.HighlightElements/input_field_index'

2020-06-09 00:17:29 - [MESSAGE][PASSED] - Keys 'DOWN + ' sent to object: 'Object Repository/Objects.HighlightElements/input_field_index'

2020-06-09 00:17:29 - [TEST_STEP][PASSED] - delay(DelayTime): Delayed 2 second(s)

2020-06-09 00:17:31 - [MESSAGE][PASSED] - Delayed 2 second(s)

2020-06-09 00:17:31 - [TEST_STEP][PASSED] - sendKeys(NewInputNmField, Keys.chord(ENTER)): Keys 'ENTER + ' sent to object: 'Object Repository/Objects.HighlightElements/input_field_index'

2020-06-09 00:17:31 - [MESSAGE][PASSED] - Keys 'ENTER + ' sent to object: 'Object Repository/Objects.HighlightElements/input_field_index'

2020-06-09 00:17:31 - [TEST_STEP][PASSED] - ComboBoxValue = getAttribute(NewInputNmField, "value"): Attribute 'value' of object 'Object Repository/Objects.HighlightElements/input_field_index' is: 'Visual Insp Report under S28 - Suspected Defects (SM3)'

2020-06-09 00:17:31 - [MESSAGE][PASSED] - Attribute 'value' of object 'Object Repository/Objects.HighlightElements/input_field_index' is: 'Visual Insp Report under S28 - Suspected Defects (SM3)'

2020-06-09 00:17:31 - [TEST_STEP][PASSED] - callTestCase(findTestCase(CallTCName), ["FindValue":ComboBoxValue, "DropdownNm":comboNm], STOP_ON_FAILURE): Call Test Case 'Test Cases/PFI Precision and Scale/HashMap Tables/ConstantHashMap' successfully

2020-06-09 00:17:31 - [TEST_CASE][PASSED] - Test Cases/PFI Precision and Scale/HashMap Tables/ConstantHashMap: Test Cases/PFI Precision and Scale/HashMap Tables/ConstantHashMap

2020-06-09 00:17:31 - [TEST_STEP][PASSED] - ConstantTBL = [1:["PeriodType":"Working Day(s)"], 2:["PeriodType":"Calendar Day(s)"], 3:["PeriodType":"Month(s)"], 4:["TypeOfLetter":"T1"], ... ]: null

2020-06-09 00:17:31 - [TEST_STEP][PASSED] - switch (DropdownNm): null

2020-06-09 00:17:31 - [TEST_STEP][PASSED] - case "PSI":: null

2020-06-09 00:17:31 - [TEST_STEP][PASSED] - ValueFound = ConstantTBL.find({ -> ... }): null

2020-06-09 00:17:31 - [TEST_STEP][PASSED] - break: null

2020-06-09 00:17:31 - [MESSAGE][PASSED] - Call Test Case 'Test Cases/PFI Precision and Scale/HashMap Tables/ConstantHashMap' successfully

2020-06-09 00:17:31 - [TEST_STEP][PASSED] - println(ValueFound): null

2020-06-09 00:17:31 - [TEST_STEP][PASSED] - sendKeys(NewInputNmField, Keys.chord(ARROW_DOWN)): Keys 'DOWN + ' sent to object: 'Object Repository/Objects.HighlightElements/input_field_index'

2020-06-09 00:17:31 - [MESSAGE][PASSED] - Keys 'DOWN + ' sent to object: 'Object Repository/Objects.HighlightElements/input_field_index'

2020-06-09 00:17:31 - [TEST_STEP][PASSED] - sendKeys(NewInputNmField, Keys.chord(ARROW_DOWN)): Keys 'DOWN + ' sent to object: 'Object Repository/Objects.HighlightElements/input_field_index'

2020-06-09 00:17:31 - [MESSAGE][PASSED] - Keys 'DOWN + ' sent to object: 'Object Repository/Objects.HighlightElements/input_field_index'

2020-06-09 00:17:31 - [TEST_STEP][PASSED] - delay(DelayTime): Delayed 2 second(s)

2020-06-09 00:17:33 - [MESSAGE][PASSED] - Delayed 2 second(s)

2020-06-09 00:17:33 - [TEST_STEP][PASSED] - sendKeys(NewInputNmField, Keys.chord(ENTER)): Keys 'ENTER + ' sent to object: 'Object Repository/Objects.HighlightElements/input_field_index'

2020-06-09 00:17:33 - [MESSAGE][PASSED] - Keys 'ENTER + ' sent to object: 'Object Repository/Objects.HighlightElements/input_field_index'

2020-06-09 00:17:33 - [TEST_STEP][PASSED] - ComboBoxValue = getAttribute(NewInputNmField, "value"): Attribute 'value' of object 'Object Repository/Objects.HighlightElements/input_field_index' is: 'SM3-CR (SM3-CR)'

2020-06-09 00:17:33 - [MESSAGE][PASSED] - Attribute 'value' of object 'Object Repository/Objects.HighlightElements/input_field_index' is: 'SM3-CR (SM3-CR)'

2020-06-09 00:17:33 - [TEST_STEP][PASSED] - callTestCase(findTestCase(CallTCName), ["FindValue":ComboBoxValue, "DropdownNm":comboNm], STOP_ON_FAILURE): Call Test Case 'Test Cases/PFI Precision and Scale/HashMap Tables/ConstantHashMap' successfully

2020-06-09 00:17:34 - [TEST_CASE][PASSED] - Test Cases/PFI Precision and Scale/HashMap Tables/ConstantHashMap: Test Cases/PFI Precision and Scale/HashMap Tables/ConstantHashMap

2020-06-09 00:17:34 - [TEST_STEP][PASSED] - ConstantTBL = [1:["PeriodType":"Working Day(s)"], 2:["PeriodType":"Calendar Day(s)"], 3:["PeriodType":"Month(s)"], 4:["TypeOfLetter":"T1"], ... ]: null

2020-06-09 00:17:34 - [TEST_STEP][PASSED] - switch (DropdownNm): null

2020-06-09 00:17:34 - [TEST_STEP][PASSED] - case "PSI":: null

2020-06-09 00:17:34 - [TEST_STEP][PASSED] - ValueFound = ConstantTBL.find({ -> ... }): null

2020-06-09 00:17:34 - [TEST_STEP][PASSED] - break: null

2020-06-09 00:17:34 - [MESSAGE][PASSED] - Call Test Case 'Test Cases/PFI Precision and Scale/HashMap Tables/ConstantHashMap' successfully

2020-06-09 00:17:34 - [TEST_STEP][PASSED] - println(ValueFound): null

2020-06-09 00:17:34 - [TEST_STEP][PASSED] - sendKeys(NewInputNmField, Keys.chord(ARROW_DOWN)): Keys 'DOWN + ' sent to object: 'Object Repository/Objects.HighlightElements/input_field_index'

2020-06-09 00:17:34 - [MESSAGE][PASSED] - Keys 'DOWN + ' sent to object: 'Object Repository/Objects.HighlightElements/input_field_index'

2020-06-09 00:17:34 - [TEST_STEP][PASSED] - sendKeys(NewInputNmField, Keys.chord(ARROW_DOWN)): Keys 'DOWN + ' sent to object: 'Object Repository/Objects.HighlightElements/input_field_index'

2020-06-09 00:17:34 - [MESSAGE][PASSED] - Keys 'DOWN + ' sent to object: 'Object Repository/Objects.HighlightElements/input_field_index'

2020-06-09 00:17:34 - [TEST_STEP][PASSED] - delay(DelayTime): Delayed 2 second(s)

2020-06-09 00:17:36 - [MESSAGE][PASSED] - Delayed 2 second(s)

2020-06-09 00:17:36 - [TEST_STEP][PASSED] - sendKeys(NewInputNmField, Keys.chord(ENTER)): Keys 'ENTER + ' sent to object: 'Object Repository/Objects.HighlightElements/input_field_index'

2020-06-09 00:17:36 - [MESSAGE][PASSED] - Keys 'ENTER + ' sent to object: 'Object Repository/Objects.HighlightElements/input_field_index'

2020-06-09 00:17:36 - [TEST_STEP][PASSED] - ComboBoxValue = getAttribute(NewInputNmField, "value"): Attribute 'value' of object 'Object Repository/Objects.HighlightElements/input_field_index' is: 'Localised or Full Stru Investigation Rpt under S28 (SM4)'

2020-06-09 00:17:36 - [MESSAGE][PASSED] - Attribute 'value' of object 'Object Repository/Objects.HighlightElements/input_field_index' is: 'Localised or Full Stru Investigation Rpt under S28 (SM4)'

2020-06-09 00:17:36 - [TEST_STEP][PASSED] - callTestCase(findTestCase(CallTCName), ["FindValue":ComboBoxValue, "DropdownNm":comboNm], STOP_ON_FAILURE): Call Test Case 'Test Cases/PFI Precision and Scale/HashMap Tables/ConstantHashMap' successfully

2020-06-09 00:17:36 - [TEST_CASE][PASSED] - Test Cases/PFI Precision and Scale/HashMap Tables/ConstantHashMap: Test Cases/PFI Precision and Scale/HashMap Tables/ConstantHashMap

2020-06-09 00:17:36 - [TEST_STEP][PASSED] - ConstantTBL = [1:["PeriodType":"Working Day(s)"], 2:["PeriodType":"Calendar Day(s)"], 3:["PeriodType":"Month(s)"], 4:["TypeOfLetter":"T1"], ... ]: null

2020-06-09 00:17:36 - [TEST_STEP][PASSED] - switch (DropdownNm): null

2020-06-09 00:17:36 - [TEST_STEP][PASSED] - case "PSI":: null

2020-06-09 00:17:36 - [TEST_STEP][PASSED] - ValueFound = ConstantTBL.find({ -> ... }): null

2020-06-09 00:17:36 - [TEST_STEP][PASSED] - break: null

2020-06-09 00:17:36 - [MESSAGE][PASSED] - Call Test Case 'Test Cases/PFI Precision and Scale/HashMap Tables/ConstantHashMap' successfully

2020-06-09 00:17:36 - [TEST_STEP][PASSED] - println(ValueFound): null

2020-06-09 00:17:36 - [TEST_STEP][PASSED] - sendKeys(NewInputNmField, Keys.chord(ARROW_DOWN)): Keys 'DOWN + ' sent to object: 'Object Repository/Objects.HighlightElements/input_field_index'

2020-06-09 00:17:36 - [MESSAGE][PASSED] - Keys 'DOWN + ' sent to object: 'Object Repository/Objects.HighlightElements/input_field_index'

2020-06-09 00:17:36 - [TEST_STEP][PASSED] - sendKeys(NewInputNmField, Keys.chord(ARROW_DOWN)): Keys 'DOWN + ' sent to object: 'Object Repository/Objects.HighlightElements/input_field_index'

2020-06-09 00:17:36 - [MESSAGE][PASSED] - Keys 'DOWN + ' sent to object: 'Object Repository/Objects.HighlightElements/input_field_index'

2020-06-09 00:17:36 - [TEST_STEP][PASSED] - delay(DelayTime): Delayed 2 second(s)

2020-06-09 00:17:38 - [MESSAGE][PASSED] - Delayed 2 second(s)

2020-06-09 00:17:38 - [TEST_STEP][PASSED] - sendKeys(NewInputNmField, Keys.chord(ENTER)): Keys 'ENTER + ' sent to object: 'Object Repository/Objects.HighlightElements/input_field_index'

2020-06-09 00:17:38 - [MESSAGE][PASSED] - Keys 'ENTER + ' sent to object: 'Object Repository/Objects.HighlightElements/input_field_index'

2020-06-09 00:17:38 - [TEST_STEP][PASSED] - ComboBoxValue = getAttribute(NewInputNmField, "value"): Attribute 'value' of object 'Object Repository/Objects.HighlightElements/input_field_index' is: 'SM4-CR (SM4-CR)'

2020-06-09 00:17:38 - [MESSAGE][PASSED] - Attribute 'value' of object 'Object Repository/Objects.HighlightElements/input_field_index' is: 'SM4-CR (SM4-CR)'

2020-06-09 00:17:38 - [TEST_STEP][PASSED] - callTestCase(findTestCase(CallTCName), ["FindValue":ComboBoxValue, "DropdownNm":comboNm], STOP_ON_FAILURE): Call Test Case 'Test Cases/PFI Precision and Scale/HashMap Tables/ConstantHashMap' successfully

2020-06-09 00:17:38 - [TEST_CASE][PASSED] - Test Cases/PFI Precision and Scale/HashMap Tables/ConstantHashMap: Test Cases/PFI Precision and Scale/HashMap Tables/ConstantHashMap

2020-06-09 00:17:38 - [TEST_STEP][PASSED] - ConstantTBL = [1:["PeriodType":"Working Day(s)"], 2:["PeriodType":"Calendar Day(s)"], 3:["PeriodType":"Month(s)"], 4:["TypeOfLetter":"T1"], ... ]: null

2020-06-09 00:17:38 - [TEST_STEP][PASSED] - switch (DropdownNm): null

2020-06-09 00:17:38 - [TEST_STEP][PASSED] - case "PSI":: null

2020-06-09 00:17:38 - [TEST_STEP][PASSED] - ValueFound = ConstantTBL.find({ -> ... }): null

2020-06-09 00:17:38 - [TEST_STEP][PASSED] - break: null

2020-06-09 00:17:38 - [MESSAGE][PASSED] - Call Test Case 'Test Cases/PFI Precision and Scale/HashMap Tables/ConstantHashMap' successfully

2020-06-09 00:17:38 - [TEST_STEP][PASSED] - println(ValueFound): null

2020-06-09 00:17:38 - [TEST_STEP][PASSED] - sendKeys(NewInputNmField, Keys.chord(ARROW_DOWN)): Keys 'DOWN + ' sent to object: 'Object Repository/Objects.HighlightElements/input_field_index'

2020-06-09 00:17:38 - [MESSAGE][PASSED] - Keys 'DOWN + ' sent to object: 'Object Repository/Objects.HighlightElements/input_field_index'

2020-06-09 00:17:38 - [TEST_STEP][PASSED] - sendKeys(NewInputNmField, Keys.chord(ARROW_DOWN)): Keys 'DOWN + ' sent to object: 'Object Repository/Objects.HighlightElements/input_field_index'

2020-06-09 00:17:38 - [MESSAGE][PASSED] - Keys 'DOWN + ' sent to object: 'Object Repository/Objects.HighlightElements/input_field_index'

2020-06-09 00:17:38 - [TEST_STEP][PASSED] - delay(DelayTime): Delayed 2 second(s)

2020-06-09 00:17:40 - [MESSAGE][PASSED] - Delayed 2 second(s)

2020-06-09 00:17:40 - [TEST_STEP][PASSED] - sendKeys(NewInputNmField, Keys.chord(ENTER)): Keys 'ENTER + ' sent to object: 'Object Repository/Objects.HighlightElements/input_field_index'

2020-06-09 00:17:40 - [MESSAGE][PASSED] - Keys 'ENTER + ' sent to object: 'Object Repository/Objects.HighlightElements/input_field_index'

2020-06-09 00:17:40 - [TEST_STEP][PASSED] - ComboBoxValue = getAttribute(NewInputNmField, "value"): Attribute 'value' of object 'Object Repository/Objects.HighlightElements/input_field_index' is: 'Loc or Full Stru Inv Rpt S28 - Suspected Stru Def (SM5)'

2020-06-09 00:17:40 - [MESSAGE][PASSED] - Attribute 'value' of object 'Object Repository/Objects.HighlightElements/input_field_index' is: 'Loc or Full Stru Inv Rpt S28 - Suspected Stru Def (SM5)'

2020-06-09 00:17:40 - [TEST_STEP][PASSED] - callTestCase(findTestCase(CallTCName), ["FindValue":ComboBoxValue, "DropdownNm":comboNm], STOP_ON_FAILURE): Call Test Case 'Test Cases/PFI Precision and Scale/HashMap Tables/ConstantHashMap' successfully

2020-06-09 00:17:40 - [TEST_CASE][PASSED] - Test Cases/PFI Precision and Scale/HashMap Tables/ConstantHashMap: Test Cases/PFI Precision and Scale/HashMap Tables/ConstantHashMap

2020-06-09 00:17:40 - [TEST_STEP][PASSED] - ConstantTBL = [1:["PeriodType":"Working Day(s)"], 2:["PeriodType":"Calendar Day(s)"], 3:["PeriodType":"Month(s)"], 4:["TypeOfLetter":"T1"], ... ]: null

2020-06-09 00:17:40 - [TEST_STEP][PASSED] - switch (DropdownNm): null

2020-06-09 00:17:40 - [TEST_STEP][PASSED] - case "PSI":: null

2020-06-09 00:17:40 - [TEST_STEP][PASSED] - ValueFound = ConstantTBL.find({ -> ... }): null

2020-06-09 00:17:40 - [TEST_STEP][PASSED] - break: null

2020-06-09 00:17:40 - [MESSAGE][PASSED] - Call Test Case 'Test Cases/PFI Precision and Scale/HashMap Tables/ConstantHashMap' successfully

2020-06-09 00:17:40 - [TEST_STEP][PASSED] - println(ValueFound): null

2020-06-09 00:17:40 - [TEST_STEP][PASSED] - sendKeys(NewInputNmField, Keys.chord(ARROW_DOWN)): Keys 'DOWN + ' sent to object: 'Object Repository/Objects.HighlightElements/input_field_index'

2020-06-09 00:17:40 - [MESSAGE][PASSED] - Keys 'DOWN + ' sent to object: 'Object Repository/Objects.HighlightElements/input_field_index'

2020-06-09 00:17:40 - [TEST_STEP][PASSED] - sendKeys(NewInputNmField, Keys.chord(ARROW_DOWN)): Keys 'DOWN + ' sent to object: 'Object Repository/Objects.HighlightElements/input_field_index'

2020-06-09 00:17:40 - [MESSAGE][PASSED] - Keys 'DOWN + ' sent to object: 'Object Repository/Objects.HighlightElements/input_field_index'

2020-06-09 00:17:40 - [TEST_STEP][PASSED] - delay(DelayTime): Delayed 2 second(s)

2020-06-09 00:17:42 - [MESSAGE][PASSED] - Delayed 2 second(s)

2020-06-09 00:17:42 - [TEST_STEP][PASSED] - sendKeys(NewInputNmField, Keys.chord(ENTER)): Keys 'ENTER + ' sent to object: 'Object Repository/Objects.HighlightElements/input_field_index'

2020-06-09 00:17:42 - [MESSAGE][PASSED] - Keys 'ENTER + ' sent to object: 'Object Repository/Objects.HighlightElements/input_field_index'

2020-06-09 00:17:42 - [TEST_STEP][PASSED] - ComboBoxValue = getAttribute(NewInputNmField, "value"): Attribute 'value' of object 'Object Repository/Objects.HighlightElements/input_field_index' is: 'SM5-CR (SM5-CR)'

2020-06-09 00:17:42 - [MESSAGE][PASSED] - Attribute 'value' of object 'Object Repository/Objects.HighlightElements/input_field_index' is: 'SM5-CR (SM5-CR)'

2020-06-09 00:17:42 - [TEST_STEP][PASSED] - callTestCase(findTestCase(CallTCName), ["FindValue":ComboBoxValue, "DropdownNm":comboNm], STOP_ON_FAILURE): Call Test Case 'Test Cases/PFI Precision and Scale/HashMap Tables/ConstantHashMap' successfully

2020-06-09 00:17:42 - [TEST_CASE][PASSED] - Test Cases/PFI Precision and Scale/HashMap Tables/ConstantHashMap: Test Cases/PFI Precision and Scale/HashMap Tables/ConstantHashMap

2020-06-09 00:17:42 - [TEST_STEP][PASSED] - ConstantTBL = [1:["PeriodType":"Working Day(s)"], 2:["PeriodType":"Calendar Day(s)"], 3:["PeriodType":"Month(s)"], 4:["TypeOfLetter":"T1"], ... ]: null

2020-06-09 00:17:42 - [TEST_STEP][PASSED] - switch (DropdownNm): null

2020-06-09 00:17:42 - [TEST_STEP][PASSED] - case "PSI":: null

2020-06-09 00:17:42 - [TEST_STEP][PASSED] - ValueFound = ConstantTBL.find({ -> ... }): null

2020-06-09 00:17:42 - [TEST_STEP][PASSED] - break: null

2020-06-09 00:17:42 - [MESSAGE][PASSED] - Call Test Case 'Test Cases/PFI Precision and Scale/HashMap Tables/ConstantHashMap' successfully

2020-06-09 00:17:42 - [TEST_STEP][PASSED] - println(ValueFound): null

2020-06-09 00:17:42 - [TEST_STEP][PASSED] - sendKeys(NewInputNmField, Keys.chord(ARROW_DOWN)): Keys 'DOWN + ' sent to object: 'Object Repository/Objects.HighlightElements/input_field_index'

2020-06-09 00:17:43 - [MESSAGE][PASSED] - Keys 'DOWN + ' sent to object: 'Object Repository/Objects.HighlightElements/input_field_index'

2020-06-09 00:17:43 - [TEST_STEP][PASSED] - sendKeys(NewInputNmField, Keys.chord(ARROW_DOWN)): Keys 'DOWN + ' sent to object: 'Object Repository/Objects.HighlightElements/input_field_index'

2020-06-09 00:17:43 - [MESSAGE][PASSED] - Keys 'DOWN + ' sent to object: 'Object Repository/Objects.HighlightElements/input_field_index'

2020-06-09 00:17:43 - [TEST_STEP][PASSED] - delay(DelayTime): Delayed 2 second(s)

2020-06-09 00:17:45 - [MESSAGE][PASSED] - Delayed 2 second(s)

2020-06-09 00:17:45 - [TEST_STEP][PASSED] - sendKeys(NewInputNmField, Keys.chord(ENTER)): Keys 'ENTER + ' sent to object: 'Object Repository/Objects.HighlightElements/input_field_index'

2020-06-09 00:17:45 - [MESSAGE][PASSED] - Keys 'ENTER + ' sent to object: 'Object Repository/Objects.HighlightElements/input_field_index'

2020-06-09 00:17:45 - [TEST_STEP][PASSED] - ComboBoxValue = getAttribute(NewInputNmField, "value"): Attribute 'value' of object 'Object Repository/Objects.HighlightElements/input_field_index' is: 'Visual Inspection Certification (SM6)'

2020-06-09 00:17:45 - [MESSAGE][PASSED] - Attribute 'value' of object 'Object Repository/Objects.HighlightElements/input_field_index' is: 'Visual Inspection Certification (SM6)'

2020-06-09 00:17:45 - [TEST_STEP][PASSED] - callTestCase(findTestCase(CallTCName), ["FindValue":ComboBoxValue, "DropdownNm":comboNm], STOP_ON_FAILURE): Call Test Case 'Test Cases/PFI Precision and Scale/HashMap Tables/ConstantHashMap' successfully

2020-06-09 00:17:45 - [TEST_CASE][PASSED] - Test Cases/PFI Precision and Scale/HashMap Tables/ConstantHashMap: Test Cases/PFI Precision and Scale/HashMap Tables/ConstantHashMap

2020-06-09 00:17:45 - [TEST_STEP][PASSED] - ConstantTBL = [1:["PeriodType":"Working Day(s)"], 2:["PeriodType":"Calendar Day(s)"], 3:["PeriodType":"Month(s)"], 4:["TypeOfLetter":"T1"], ... ]: null

2020-06-09 00:17:45 - [TEST_STEP][PASSED] - switch (DropdownNm): null

2020-06-09 00:17:45 - [TEST_STEP][PASSED] - case "PSI":: null

2020-06-09 00:17:45 - [TEST_STEP][PASSED] - ValueFound = ConstantTBL.find({ -> ... }): null

2020-06-09 00:17:45 - [TEST_STEP][PASSED] - break: null

2020-06-09 00:17:45 - [MESSAGE][PASSED] - Call Test Case 'Test Cases/PFI Precision and Scale/HashMap Tables/ConstantHashMap' successfully

2020-06-09 00:17:45 - [TEST_STEP][PASSED] - println(ValueFound): null

2020-06-09 00:17:45 - [TEST_STEP][PASSED] - sendKeys(NewInputNmField, Keys.chord(ARROW_DOWN)): Keys 'DOWN + ' sent to object: 'Object Repository/Objects.HighlightElements/input_field_index'

2020-06-09 00:17:45 - [MESSAGE][PASSED] - Keys 'DOWN + ' sent to object: 'Object Repository/Objects.HighlightElements/input_field_index'

2020-06-09 00:17:45 - [TEST_STEP][PASSED] - sendKeys(NewInputNmField, Keys.chord(ARROW_DOWN)): Keys 'DOWN + ' sent to object: 'Object Repository/Objects.HighlightElements/input_field_index'

2020-06-09 00:17:45 - [MESSAGE][PASSED] - Keys 'DOWN + ' sent to object: 'Object Repository/Objects.HighlightElements/input_field_index'

2020-06-09 00:17:45 - [TEST_STEP][PASSED] - delay(DelayTime): Delayed 2 second(s)

2020-06-09 00:17:47 - [MESSAGE][PASSED] - Delayed 2 second(s)

2020-06-09 00:17:47 - [TEST_STEP][PASSED] - sendKeys(NewInputNmField, Keys.chord(ENTER)): Keys 'ENTER + ' sent to object: 'Object Repository/Objects.HighlightElements/input_field_index'

2020-06-09 00:17:47 - [MESSAGE][PASSED] - Keys 'ENTER + ' sent to object: 'Object Repository/Objects.HighlightElements/input_field_index'

2020-06-09 00:17:47 - [TEST_STEP][PASSED] - ComboBoxValue = getAttribute(NewInputNmField, "value"): Attribute 'value' of object 'Object Repository/Objects.HighlightElements/input_field_index' is: 'SM6-CR (SM6-CR)'

2020-06-09 00:17:47 - [MESSAGE][PASSED] - Attribute 'value' of object 'Object Repository/Objects.HighlightElements/input_field_index' is: 'SM6-CR (SM6-CR)'

2020-06-09 00:17:47 - [TEST_STEP][PASSED] - callTestCase(findTestCase(CallTCName), ["FindValue":ComboBoxValue, "DropdownNm":comboNm], STOP_ON_FAILURE): Call Test Case 'Test Cases/PFI Precision and Scale/HashMap Tables/ConstantHashMap' successfully

2020-06-09 00:17:47 - [TEST_CASE][PASSED] - Test Cases/PFI Precision and Scale/HashMap Tables/ConstantHashMap: Test Cases/PFI Precision and Scale/HashMap Tables/ConstantHashMap

2020-06-09 00:17:47 - [TEST_STEP][PASSED] - ConstantTBL = [1:["PeriodType":"Working Day(s)"], 2:["PeriodType":"Calendar Day(s)"], 3:["PeriodType":"Month(s)"], 4:["TypeOfLetter":"T1"], ... ]: null

2020-06-09 00:17:47 - [TEST_STEP][PASSED] - switch (DropdownNm): null

2020-06-09 00:17:47 - [TEST_STEP][PASSED] - case "PSI":: null

2020-06-09 00:17:47 - [TEST_STEP][PASSED] - ValueFound = ConstantTBL.find({ -> ... }): null

2020-06-09 00:17:47 - [TEST_STEP][PASSED] - break: null

2020-06-09 00:17:47 - [MESSAGE][PASSED] - Call Test Case 'Test Cases/PFI Precision and Scale/HashMap Tables/ConstantHashMap' successfully

2020-06-09 00:17:47 - [TEST_STEP][PASSED] - println(ValueFound): null

2020-06-09 00:17:47 - [TEST_STEP][PASSED] - sendKeys(NewInputNmField, Keys.chord(ARROW_DOWN)): Keys 'DOWN + ' sent to object: 'Object Repository/Objects.HighlightElements/input_field_index'

2020-06-09 00:17:47 - [MESSAGE][PASSED] - Keys 'DOWN + ' sent to object: 'Object Repository/Objects.HighlightElements/input_field_index'

2020-06-09 00:17:47 - [TEST_STEP][PASSED] - sendKeys(NewInputNmField, Keys.chord(ARROW_DOWN)): Keys 'DOWN + ' sent to object: 'Object Repository/Objects.HighlightElements/input_field_index'

2020-06-09 00:17:47 - [MESSAGE][PASSED] - Keys 'DOWN + ' sent to object: 'Object Repository/Objects.HighlightElements/input_field_index'

2020-06-09 00:17:47 - [TEST_STEP][PASSED] - delay(DelayTime): Delayed 2 second(s)

2020-06-09 00:17:49 - [MESSAGE][PASSED] - Delayed 2 second(s)

2020-06-09 00:17:49 - [TEST_STEP][PASSED] - sendKeys(NewInputNmField, Keys.chord(ENTER)): Keys 'ENTER + ' sent to object: 'Object Repository/Objects.HighlightElements/input_field_index'

2020-06-09 00:17:49 - [MESSAGE][PASSED] - Keys 'ENTER + ' sent to object: 'Object Repository/Objects.HighlightElements/input_field_index'

2020-06-09 00:17:49 - [TEST_STEP][PASSED] - ComboBoxValue = getAttribute(NewInputNmField, "value"): Attribute 'value' of object 'Object Repository/Objects.HighlightElements/input_field_index' is: 'PSI Ad Hoc Processing (SMAH)'

2020-06-09 00:17:49 - [MESSAGE][PASSED] - Attribute 'value' of object 'Object Repository/Objects.HighlightElements/input_field_index' is: 'PSI Ad Hoc Processing (SMAH)'

2020-06-09 00:17:49 - [TEST_STEP][PASSED] - callTestCase(findTestCase(CallTCName), ["FindValue":ComboBoxValue, "DropdownNm":comboNm], STOP_ON_FAILURE): Call Test Case 'Test Cases/PFI Precision and Scale/HashMap Tables/ConstantHashMap' successfully

2020-06-09 00:17:49 - [TEST_CASE][PASSED] - Test Cases/PFI Precision and Scale/HashMap Tables/ConstantHashMap: Test Cases/PFI Precision and Scale/HashMap Tables/ConstantHashMap

2020-06-09 00:17:49 - [TEST_STEP][PASSED] - ConstantTBL = [1:["PeriodType":"Working Day(s)"], 2:["PeriodType":"Calendar Day(s)"], 3:["PeriodType":"Month(s)"], 4:["TypeOfLetter":"T1"], ... ]: null

2020-06-09 00:17:49 - [TEST_STEP][PASSED] - switch (DropdownNm): null

2020-06-09 00:17:49 - [TEST_STEP][PASSED] - case "PSI":: null

2020-06-09 00:17:49 - [TEST_STEP][PASSED] - ValueFound = ConstantTBL.find({ -> ... }): null

2020-06-09 00:17:49 - [TEST_STEP][PASSED] - break: null

2020-06-09 00:17:49 - [MESSAGE][PASSED] - Call Test Case 'Test Cases/PFI Precision and Scale/HashMap Tables/ConstantHashMap' successfully

2020-06-09 00:17:49 - [TEST_STEP][PASSED] - println(ValueFound): null

2020-06-09 00:17:49 - [TEST_STEP][PASSED] - sendKeys(NewInputNmField, Keys.chord(ARROW_DOWN)): Keys 'DOWN + ' sent to object: 'Object Repository/Objects.HighlightElements/input_field_index'

2020-06-09 00:17:49 - [MESSAGE][PASSED] - Keys 'DOWN + ' sent to object: 'Object Repository/Objects.HighlightElements/input_field_index'

2020-06-09 00:17:49 - [TEST_STEP][PASSED] - sendKeys(NewInputNmField, Keys.chord(ARROW_DOWN)): Keys 'DOWN + ' sent to object: 'Object Repository/Objects.HighlightElements/input_field_index'

2020-06-09 00:17:49 - [MESSAGE][PASSED] - Keys 'DOWN + ' sent to object: 'Object Repository/Objects.HighlightElements/input_field_index'

2020-06-09 00:17:49 - [TEST_STEP][PASSED] - delay(DelayTime): Delayed 2 second(s)

2020-06-09 00:17:51 - [MESSAGE][PASSED] - Delayed 2 second(s)

2020-06-09 00:17:51 - [TEST_STEP][PASSED] - sendKeys(NewInputNmField, Keys.chord(ENTER)): Keys 'ENTER + ' sent to object: 'Object Repository/Objects.HighlightElements/input_field_index'

2020-06-09 00:17:51 - [MESSAGE][PASSED] - Keys 'ENTER + ' sent to object: 'Object Repository/Objects.HighlightElements/input_field_index'

2020-06-09 00:17:51 - [TEST_STEP][PASSED] - ComboBoxValue = getAttribute(NewInputNmField, "value"): Attribute 'value' of object 'Object Repository/Objects.HighlightElements/input_field_index' is: 'Bldg Rec Upload (SMB_UP1)'

2020-06-09 00:17:51 - [MESSAGE][PASSED] - Attribute 'value' of object 'Object Repository/Objects.HighlightElements/input_field_index' is: 'Bldg Rec Upload (SMB_UP1)'

2020-06-09 00:17:51 - [TEST_STEP][PASSED] - callTestCase(findTestCase(CallTCName), ["FindValue":ComboBoxValue, "DropdownNm":comboNm], STOP_ON_FAILURE): Call Test Case 'Test Cases/PFI Precision and Scale/HashMap Tables/ConstantHashMap' successfully

2020-06-09 00:17:51 - [TEST_CASE][PASSED] - Test Cases/PFI Precision and Scale/HashMap Tables/ConstantHashMap: Test Cases/PFI Precision and Scale/HashMap Tables/ConstantHashMap

2020-06-09 00:17:51 - [TEST_STEP][PASSED] - ConstantTBL = [1:["PeriodType":"Working Day(s)"], 2:["PeriodType":"Calendar Day(s)"], 3:["PeriodType":"Month(s)"], 4:["TypeOfLetter":"T1"], ... ]: null

2020-06-09 00:17:51 - [TEST_STEP][PASSED] - switch (DropdownNm): null

2020-06-09 00:17:51 - [TEST_STEP][PASSED] - case "PSI":: null

2020-06-09 00:17:51 - [TEST_STEP][PASSED] - ValueFound = ConstantTBL.find({ -> ... }): null

2020-06-09 00:17:51 - [TEST_STEP][PASSED] - break: null

2020-06-09 00:17:51 - [MESSAGE][PASSED] - Call Test Case 'Test Cases/PFI Precision and Scale/HashMap Tables/ConstantHashMap' successfully

2020-06-09 00:17:51 - [TEST_STEP][PASSED] - println(ValueFound): null

2020-06-09 00:17:51 - [TEST_STEP][PASSED] - sendKeys(NewInputNmField, Keys.chord(ARROW_DOWN)): Keys 'DOWN + ' sent to object: 'Object Repository/Objects.HighlightElements/input_field_index'

2020-06-09 00:17:51 - [MESSAGE][PASSED] - Keys 'DOWN + ' sent to object: 'Object Repository/Objects.HighlightElements/input_field_index'

2020-06-09 00:17:51 - [TEST_STEP][PASSED] - sendKeys(NewInputNmField, Keys.chord(ARROW_DOWN)): Keys 'DOWN + ' sent to object: 'Object Repository/Objects.HighlightElements/input_field_index'

2020-06-09 00:17:51 - [MESSAGE][PASSED] - Keys 'DOWN + ' sent to object: 'Object Repository/Objects.HighlightElements/input_field_index'

2020-06-09 00:17:51 - [TEST_STEP][PASSED] - delay(DelayTime): Delayed 2 second(s)

2020-06-09 00:17:53 - [MESSAGE][PASSED] - Delayed 2 second(s)

2020-06-09 00:17:53 - [TEST_STEP][PASSED] - sendKeys(NewInputNmField, Keys.chord(ENTER)): Keys 'ENTER + ' sent to object: 'Object Repository/Objects.HighlightElements/input_field_index'

2020-06-09 00:17:53 - [MESSAGE][PASSED] - Keys 'ENTER + ' sent to object: 'Object Repository/Objects.HighlightElements/input_field_index'

2020-06-09 00:17:53 - [TEST_STEP][PASSED] - ComboBoxValue = getAttribute(NewInputNmField, "value"): Attribute 'value' of object 'Object Repository/Objects.HighlightElements/input_field_index' is: 'View/Edit Bldg (SMB_UP2)'

2020-06-09 00:17:54 - [MESSAGE][PASSED] - Attribute 'value' of object 'Object Repository/Objects.HighlightElements/input_field_index' is: 'View/Edit Bldg (SMB_UP2)'

2020-06-09 00:17:54 - [TEST_STEP][PASSED] - callTestCase(findTestCase(CallTCName), ["FindValue":ComboBoxValue, "DropdownNm":comboNm], STOP_ON_FAILURE): Call Test Case 'Test Cases/PFI Precision and Scale/HashMap Tables/ConstantHashMap' successfully

2020-06-09 00:17:54 - [TEST_CASE][PASSED] - Test Cases/PFI Precision and Scale/HashMap Tables/ConstantHashMap: Test Cases/PFI Precision and Scale/HashMap Tables/ConstantHashMap

2020-06-09 00:17:54 - [TEST_STEP][PASSED] - ConstantTBL = [1:["PeriodType":"Working Day(s)"], 2:["PeriodType":"Calendar Day(s)"], 3:["PeriodType":"Month(s)"], 4:["TypeOfLetter":"T1"], ... ]: null

2020-06-09 00:17:54 - [TEST_STEP][PASSED] - switch (DropdownNm): null

2020-06-09 00:17:54 - [TEST_STEP][PASSED] - case "PSI":: null

2020-06-09 00:17:54 - [TEST_STEP][PASSED] - ValueFound = ConstantTBL.find({ -> ... }): null

2020-06-09 00:17:54 - [TEST_STEP][PASSED] - break: null

2020-06-09 00:17:54 - [MESSAGE][PASSED] - Call Test Case 'Test Cases/PFI Precision and Scale/HashMap Tables/ConstantHashMap' successfully

2020-06-09 00:17:54 - [TEST_STEP][PASSED] - println(ValueFound): null

2020-06-09 00:17:54 - [TEST_STEP][PASSED] - sendKeys(NewInputNmField, Keys.chord(ARROW_DOWN)): Keys 'DOWN + ' sent to object: 'Object Repository/Objects.HighlightElements/input_field_index'

2020-06-09 00:17:54 - [MESSAGE][PASSED] - Keys 'DOWN + ' sent to object: 'Object Repository/Objects.HighlightElements/input_field_index'

2020-06-09 00:17:54 - [TEST_STEP][PASSED] - sendKeys(NewInputNmField, Keys.chord(ARROW_DOWN)): Keys 'DOWN + ' sent to object: 'Object Repository/Objects.HighlightElements/input_field_index'

2020-06-09 00:17:54 - [MESSAGE][PASSED] - Keys 'DOWN + ' sent to object: 'Object Repository/Objects.HighlightElements/input_field_index'

2020-06-09 00:17:54 - [TEST_STEP][PASSED] - delay(DelayTime): Delayed 2 second(s)

2020-06-09 00:17:56 - [MESSAGE][PASSED] - Delayed 2 second(s)

2020-06-09 00:17:56 - [TEST_STEP][PASSED] - sendKeys(NewInputNmField, Keys.chord(ENTER)): Keys 'ENTER + ' sent to object: 'Object Repository/Objects.HighlightElements/input_field_index'

2020-06-09 00:17:56 - [MESSAGE][PASSED] - Keys 'ENTER + ' sent to object: 'Object Repository/Objects.HighlightElements/input_field_index'

2020-06-09 00:17:56 - [TEST_STEP][PASSED] - ComboBoxValue = getAttribute(NewInputNmField, "value"): Attribute 'value' of object 'Object Repository/Objects.HighlightElements/input_field_index' is: 'ST-PSI Processing (ST_PSI)'

2020-06-09 00:17:56 - [MESSAGE][PASSED] - Attribute 'value' of object 'Object Repository/Objects.HighlightElements/input_field_index' is: 'ST-PSI Processing (ST_PSI)'

2020-06-09 00:17:56 - [TEST_STEP][PASSED] - callTestCase(findTestCase(CallTCName), ["FindValue":ComboBoxValue, "DropdownNm":comboNm], STOP_ON_FAILURE): Call Test Case 'Test Cases/PFI Precision and Scale/HashMap Tables/ConstantHashMap' successfully

2020-06-09 00:17:56 - [TEST_CASE][PASSED] - Test Cases/PFI Precision and Scale/HashMap Tables/ConstantHashMap: Test Cases/PFI Precision and Scale/HashMap Tables/ConstantHashMap

2020-06-09 00:17:56 - [TEST_STEP][PASSED] - ConstantTBL = [1:["PeriodType":"Working Day(s)"], 2:["PeriodType":"Calendar Day(s)"], 3:["PeriodType":"Month(s)"], 4:["TypeOfLetter":"T1"], ... ]: null

2020-06-09 00:17:56 - [TEST_STEP][PASSED] - switch (DropdownNm): null

2020-06-09 00:17:56 - [TEST_STEP][PASSED] - case "PSI":: null

2020-06-09 00:17:56 - [TEST_STEP][PASSED] - ValueFound = ConstantTBL.find({ -> ... }): null

2020-06-09 00:17:56 - [TEST_STEP][PASSED] - break: null

2020-06-09 00:17:56 - [MESSAGE][PASSED] - Call Test Case 'Test Cases/PFI Precision and Scale/HashMap Tables/ConstantHashMap' successfully

2020-06-09 00:17:56 - [TEST_STEP][PASSED] - println(ValueFound): null

2020-06-09 00:17:56 - [TEST_STEP][PASSED] - sendKeys(NewInputNmField, Keys.chord(ARROW_DOWN)): Keys 'DOWN + ' sent to object: 'Object Repository/Objects.HighlightElements/input_field_index'

2020-06-09 00:17:56 - [MESSAGE][PASSED] - Keys 'DOWN + ' sent to object: 'Object Repository/Objects.HighlightElements/input_field_index'

2020-06-09 00:17:56 - [TEST_STEP][PASSED] - sendKeys(NewInputNmField, Keys.chord(ENTER)): Keys 'ENTER + ' sent to object: 'Object Repository/Objects.HighlightElements/input_field_index'

2020-06-09 00:17:56 - [MESSAGE][PASSED] - Keys 'ENTER + ' sent to object: 'Object Repository/Objects.HighlightElements/input_field_index'

2020-06-09 00:17:56 - [MESSAGE][PASSED] - Call Test Case 'Test Cases/PFI Precision and Scale/PFI Components with Indexing/VerifyDropdownValuesXPI' successfully

2020-06-09 00:17:56 - [TEST_STEP][PASSED] - callTestCase(findTestCase("Components/SelectAllThenDeleteIndex"), ["nameToBeUsed":"inspModule", "index":"1"], STOP_ON_FAILURE): Call Test Case 'Test Cases/Components/SelectAllThenDeleteIndex' successfully

2020-06-09 00:17:56 - [TEST_CASE][PASSED] - Test Cases/Components/SelectAllThenDeleteIndex: Test Cases/Components/SelectAllThenDeleteIndex

2020-06-09 00:17:56 - [TEST_STEP][PASSED] - Thread.sleep(1000): null

2020-06-09 00:17:57 - [TEST_STEP][PASSED] - modifiedObj = modifyObjectProperty(findTestObject("Object Repository/Objects.HighlightElements/input_field_index"), "xpath", "equals", "(//*[contains(@class,'x-form-text') and (@name='" + nameToBeUsed + "')])[" + index + "]", true): Modify property of object successfully

2020-06-09 00:17:57 - [MESSAGE][PASSED] - Modify property of object successfully

2020-06-09 00:17:57 - [TEST_STEP][PASSED] - focus(modifiedObj): Object: 'Object Repository/Objects.HighlightElements/input_field_index' is focused

2020-06-09 00:17:57 - [MESSAGE][PASSED] - Object: 'Object Repository/Objects.HighlightElements/input_field_index' is focused

2020-06-09 00:17:57 - [TEST_STEP][PASSED] - sendKeys(modifiedObj, Keys.chord(CONTROL, "a")): Keys 'CONTROL + a' sent to object: 'Object Repository/Objects.HighlightElements/input_field_index'

2020-06-09 00:17:57 - [MESSAGE][PASSED] - Keys 'CONTROL + a' sent to object: 'Object Repository/Objects.HighlightElements/input_field_index'

2020-06-09 00:17:57 - [TEST_STEP][PASSED] - sendKeys(modifiedObj, Keys.chord(DELETE)): Keys 'DELETE + ' sent to object: 'Object Repository/Objects.HighlightElements/input_field_index'

2020-06-09 00:17:57 - [MESSAGE][PASSED] - Keys 'DELETE + ' sent to object: 'Object Repository/Objects.HighlightElements/input_field_index'

2020-06-09 00:17:57 - [MESSAGE][PASSED] - Call Test Case 'Test Cases/Components/SelectAllThenDeleteIndex' successfully

2020-06-09 00:17:57 - [TEST_STEP][PASSED] - callTestCase(findTestCase("PFI Precision and Scale/PFI Components with Indexing/VerifyDropdownValuesXPI"), ["FldNm":"inspModule", "index":1, "CallTCName":"PFI Precision and Scale/HashMap Tables/ConstantHashMap", "cmbNm":"ModuleNm", ... ], STOP_ON_FAILURE): Call Test Case 'Test Cases/PFI Precision and Scale/PFI Components with Indexing/VerifyDropdownValuesXPI' successfully

2020-06-09 00:17:57 - [TEST_CASE][PASSED] - Test Cases/PFI Precision and Scale/PFI Components with Indexing/VerifyDropdownValuesXPI: Test Cases/PFI Precision and Scale/PFI Components with Indexing/VerifyDropdownValuesXPI

2020-06-09 00:17:57 - [TEST_STEP][PASSED] - Thread.sleep(1000): null

2020-06-09 00:17:58 - [TEST_STEP][PASSED] - NewInputNmField = modifyObjectProperty(findTestObject("Object Repository/Objects.HighlightElements/input_field_index"), "xpath", "equals", "(//*[contains(@name, '" + FldNm + "')])[" + index + "]", true): Modify property of object successfully

2020-06-09 00:17:58 - [MESSAGE][PASSED] - Modify property of object successfully

2020-06-09 00:17:58 - [TEST_STEP][PASSED] - comboNm = cmbNm: null

2020-06-09 00:17:58 - [TEST_STEP][PASSED] - focus(NewInputNmField): Object: 'Object Repository/Objects.HighlightElements/input_field_index' is focused

2020-06-09 00:17:58 - [MESSAGE][PASSED] - Object: 'Object Repository/Objects.HighlightElements/input_field_index' is focused

2020-06-09 00:17:58 - [TEST_STEP][PASSED] - setText(NewInputNmField, EnterValue): Text 'ENF' is set on object 'Object Repository/Objects.HighlightElements/input_field_index'

2020-06-09 00:17:58 - [MESSAGE][PASSED] - Text 'ENF' is set on object 'Object Repository/Objects.HighlightElements/input_field_index'

2020-06-09 00:17:58 - [TEST_STEP][PASSED] - for ([i = 1, i <= NoOfVal, (i++)]): Keys 'DOWN + ' sent to object: 'Object Repository/Objects.HighlightElements/input_field_index'

2020-06-09 00:17:58 - [TEST_STEP][PASSED] - sendKeys(NewInputNmField, Keys.chord(ARROW_DOWN)): Keys 'DOWN + ' sent to object: 'Object Repository/Objects.HighlightElements/input_field_index'

2020-06-09 00:17:58 - [MESSAGE][PASSED] - Keys 'DOWN + ' sent to object: 'Object Repository/Objects.HighlightElements/input_field_index'

2020-06-09 00:17:58 - [TEST_STEP][PASSED] - delay(DelayTime): Delayed 0 second(s)

2020-06-09 00:17:58 - [MESSAGE][PASSED] - Delayed 0 second(s)

2020-06-09 00:17:58 - [TEST_STEP][PASSED] - sendKeys(NewInputNmField, Keys.chord(ENTER)): Keys 'ENTER + ' sent to object: 'Object Repository/Objects.HighlightElements/input_field_index'

2020-06-09 00:17:59 - [MESSAGE][PASSED] - Keys 'ENTER + ' sent to object: 'Object Repository/Objects.HighlightElements/input_field_index'

2020-06-09 00:17:59 - [TEST_STEP][PASSED] - ComboBoxValue = getAttribute(NewInputNmField, "value"): Attribute 'value' of object 'Object Repository/Objects.HighlightElements/input_field_index' is: 'ENF'

2020-06-09 00:17:59 - [MESSAGE][PASSED] - Attribute 'value' of object 'Object Repository/Objects.HighlightElements/input_field_index' is: 'ENF'

2020-06-09 00:17:59 - [TEST_STEP][PASSED] - callTestCase(findTestCase(CallTCName), ["FindValue":ComboBoxValue, "DropdownNm":comboNm], STOP_ON_FAILURE): Call Test Case 'Test Cases/PFI Precision and Scale/HashMap Tables/ConstantHashMap' successfully

2020-06-09 00:17:59 - [TEST_CASE][PASSED] - Test Cases/PFI Precision and Scale/HashMap Tables/ConstantHashMap: Test Cases/PFI Precision and Scale/HashMap Tables/ConstantHashMap

2020-06-09 00:17:59 - [TEST_STEP][PASSED] - ConstantTBL = [1:["PeriodType":"Working Day(s)"], 2:["PeriodType":"Calendar Day(s)"], 3:["PeriodType":"Month(s)"], 4:["TypeOfLetter":"T1"], ... ]: null

2020-06-09 00:17:59 - [TEST_STEP][PASSED] - switch (DropdownNm): null

2020-06-09 00:17:59 - [TEST_STEP][PASSED] - case "ModuleNm":: null

2020-06-09 00:17:59 - [TEST_STEP][PASSED] - ValueFound = ConstantTBL.find({ -> ... }): null

2020-06-09 00:17:59 - [TEST_STEP][PASSED] - break: null

2020-06-09 00:17:59 - [MESSAGE][PASSED] - Call Test Case 'Test Cases/PFI Precision and Scale/HashMap Tables/ConstantHashMap' successfully

2020-06-09 00:17:59 - [TEST_STEP][PASSED] - println(ValueFound): null

2020-06-09 00:17:59 - [TEST_STEP][PASSED] - sendKeys(NewInputNmField, Keys.chord(ARROW_DOWN)): Keys 'DOWN + ' sent to object: 'Object Repository/Objects.HighlightElements/input_field_index'

2020-06-09 00:17:59 - [MESSAGE][PASSED] - Keys 'DOWN + ' sent to object: 'Object Repository/Objects.HighlightElements/input_field_index'

2020-06-09 00:17:59 - [TEST_STEP][PASSED] - sendKeys(NewInputNmField, Keys.chord(ENTER)): Keys 'ENTER + ' sent to object: 'Object Repository/Objects.HighlightElements/input_field_index'

2020-06-09 00:17:59 - [MESSAGE][PASSED] - Keys 'ENTER + ' sent to object: 'Object Repository/Objects.HighlightElements/input_field_index'

2020-06-09 00:17:59 - [MESSAGE][PASSED] - Call Test Case 'Test Cases/PFI Precision and Scale/PFI Components with Indexing/VerifyDropdownValuesXPI' successfully

2020-06-09 00:17:59 - [TEST_STEP][PASSED] - callTestCase(findTestCase("PFI Precision and Scale/PFI Components with Indexing/VerifyDropdownValuesXPI"), ["FldNm":"inspCaseType", "index":1, "CallTCName":"PFI Precision and Scale/HashMap Tables/ConstantHashMap", "cmbNm":"ENF", "NoOfVal":8, ... ], STOP_ON_FAILURE): Call Test Case 'Test Cases/PFI Precision and Scale/PFI Components with Indexing/VerifyDropdownValuesXPI' successfully

2020-06-09 00:17:59 - [TEST_CASE][PASSED] - Test Cases/PFI Precision and Scale/PFI Components with Indexing/VerifyDropdownValuesXPI: Test Cases/PFI Precision and Scale/PFI Components with Indexing/VerifyDropdownValuesXPI

2020-06-09 00:17:59 - [TEST_STEP][PASSED] - Thread.sleep(1000): null

2020-06-09 00:18:00 - [TEST_STEP][PASSED] - NewInputNmField = modifyObjectProperty(findTestObject("Object Repository/Objects.HighlightElements/input_field_index"), "xpath", "equals", "(//*[contains(@name, '" + FldNm + "')])[" + index + "]", true): Modify property of object successfully

2020-06-09 00:18:00 - [MESSAGE][PASSED] - Modify property of object successfully

2020-06-09 00:18:00 - [TEST_STEP][PASSED] - comboNm = cmbNm: null

2020-06-09 00:18:00 - [TEST_STEP][PASSED] - focus(NewInputNmField): Object: 'Object Repository/Objects.HighlightElements/input_field_index' is focused

2020-06-09 00:18:00 - [MESSAGE][PASSED] - Object: 'Object Repository/Objects.HighlightElements/input_field_index' is focused

2020-06-09 00:18:00 - [TEST_STEP][PASSED] - setText(NewInputNmField, EnterValue): Text '' is set on object 'Object Repository/Objects.HighlightElements/input_field_index'

2020-06-09 00:18:00 - [MESSAGE][PASSED] - Text '' is set on object 'Object Repository/Objects.HighlightElements/input_field_index'

2020-06-09 00:18:00 - [TEST_STEP][PASSED] - for ([i = 1, i <= NoOfVal, (i++)]): Keys 'DOWN + ' sent to object: 'Object Repository/Objects.HighlightElements/input_field_index'

2020-06-09 00:18:00 - [TEST_STEP][PASSED] - sendKeys(NewInputNmField, Keys.chord(ARROW_DOWN)): Keys 'DOWN + ' sent to object: 'Object Repository/Objects.HighlightElements/input_field_index'

2020-06-09 00:18:00 - [MESSAGE][PASSED] - Keys 'DOWN + ' sent to object: 'Object Repository/Objects.HighlightElements/input_field_index'

2020-06-09 00:18:00 - [TEST_STEP][PASSED] - delay(DelayTime): Delayed 2 second(s)

2020-06-09 00:18:02 - [MESSAGE][PASSED] - Delayed 2 second(s)

2020-06-09 00:18:02 - [TEST_STEP][PASSED] - sendKeys(NewInputNmField, Keys.chord(ENTER)): Keys 'ENTER + ' sent to object: 'Object Repository/Objects.HighlightElements/input_field_index'

2020-06-09 00:18:02 - [MESSAGE][PASSED] - Keys 'ENTER + ' sent to object: 'Object Repository/Objects.HighlightElements/input_field_index'

2020-06-09 00:18:02 - [TEST_STEP][PASSED] - ComboBoxValue = getAttribute(NewInputNmField, "value"): Attribute 'value' of object 'Object Repository/Objects.HighlightElements/input_field_index' is: 'Corres-General Correspondence (CORRES-ENF-GC)'

2020-06-09 00:18:02 - [MESSAGE][PASSED] - Attribute 'value' of object 'Object Repository/Objects.HighlightElements/input_field_index' is: 'Corres-General Correspondence (CORRES-ENF-GC)'

2020-06-09 00:18:02 - [TEST_STEP][PASSED] - callTestCase(findTestCase(CallTCName), ["FindValue":ComboBoxValue, "DropdownNm":comboNm], STOP_ON_FAILURE): Call Test Case 'Test Cases/PFI Precision and Scale/HashMap Tables/ConstantHashMap' successfully

2020-06-09 00:18:02 - [TEST_CASE][PASSED] - Test Cases/PFI Precision and Scale/HashMap Tables/ConstantHashMap: Test Cases/PFI Precision and Scale/HashMap Tables/ConstantHashMap

2020-06-09 00:18:02 - [TEST_STEP][PASSED] - ConstantTBL = [1:["PeriodType":"Working Day(s)"], 2:["PeriodType":"Calendar Day(s)"], 3:["PeriodType":"Month(s)"], 4:["TypeOfLetter":"T1"], ... ]: null

2020-06-09 00:18:02 - [TEST_STEP][PASSED] - switch (DropdownNm): null

2020-06-09 00:18:02 - [TEST_STEP][PASSED] - case "ENF":: null

2020-06-09 00:18:02 - [TEST_STEP][PASSED] - ValueFound = ConstantTBL.find({ -> ... }): null

2020-06-09 00:18:02 - [TEST_STEP][PASSED] - break: null

2020-06-09 00:18:02 - [MESSAGE][PASSED] - Call Test Case 'Test Cases/PFI Precision and Scale/HashMap Tables/ConstantHashMap' successfully

2020-06-09 00:18:02 - [TEST_STEP][PASSED] - println(ValueFound): null

2020-06-09 00:18:02 - [TEST_STEP][PASSED] - sendKeys(NewInputNmField, Keys.chord(ARROW_DOWN)): Keys 'DOWN + ' sent to object: 'Object Repository/Objects.HighlightElements/input_field_index'

2020-06-09 00:18:02 - [MESSAGE][PASSED] - Keys 'DOWN + ' sent to object: 'Object Repository/Objects.HighlightElements/input_field_index'

2020-06-09 00:18:02 - [TEST_STEP][PASSED] - sendKeys(NewInputNmField, Keys.chord(ARROW_DOWN)): Keys 'DOWN + ' sent to object: 'Object Repository/Objects.HighlightElements/input_field_index'

2020-06-09 00:18:02 - [MESSAGE][PASSED] - Keys 'DOWN + ' sent to object: 'Object Repository/Objects.HighlightElements/input_field_index'

2020-06-09 00:18:02 - [TEST_STEP][PASSED] - delay(DelayTime): Delayed 2 second(s)

2020-06-09 00:18:04 - [MESSAGE][PASSED] - Delayed 2 second(s)

2020-06-09 00:18:04 - [TEST_STEP][PASSED] - sendKeys(NewInputNmField, Keys.chord(ENTER)): Keys 'ENTER + ' sent to object: 'Object Repository/Objects.HighlightElements/input_field_index'

2020-06-09 00:18:04 - [MESSAGE][PASSED] - Keys 'ENTER + ' sent to object: 'Object Repository/Objects.HighlightElements/input_field_index'

2020-06-09 00:18:04 - [TEST_STEP][PASSED] - ComboBoxValue = getAttribute(NewInputNmField, "value"): Attribute 'value' of object 'Object Repository/Objects.HighlightElements/input_field_index' is: 'Corres-Request for Submission Withdrawal (CORRES-ENF-SUBWTH)'

2020-06-09 00:18:04 - [MESSAGE][PASSED] - Attribute 'value' of object 'Object Repository/Objects.HighlightElements/input_field_index' is: 'Corres-Request for Submission Withdrawal (CORRES-ENF-SUBWTH)'

2020-06-09 00:18:04 - [TEST_STEP][PASSED] - callTestCase(findTestCase(CallTCName), ["FindValue":ComboBoxValue, "DropdownNm":comboNm], STOP_ON_FAILURE): Call Test Case 'Test Cases/PFI Precision and Scale/HashMap Tables/ConstantHashMap' successfully

2020-06-09 00:18:04 - [TEST_CASE][PASSED] - Test Cases/PFI Precision and Scale/HashMap Tables/ConstantHashMap: Test Cases/PFI Precision and Scale/HashMap Tables/ConstantHashMap

2020-06-09 00:18:04 - [TEST_STEP][PASSED] - ConstantTBL = [1:["PeriodType":"Working Day(s)"], 2:["PeriodType":"Calendar Day(s)"], 3:["PeriodType":"Month(s)"], 4:["TypeOfLetter":"T1"], ... ]: null

2020-06-09 00:18:04 - [TEST_STEP][PASSED] - switch (DropdownNm): null

2020-06-09 00:18:04 - [TEST_STEP][PASSED] - case "ENF":: null

2020-06-09 00:18:04 - [TEST_STEP][PASSED] - ValueFound = ConstantTBL.find({ -> ... }): null

2020-06-09 00:18:04 - [TEST_STEP][PASSED] - break: null

2020-06-09 00:18:04 - [MESSAGE][PASSED] - Call Test Case 'Test Cases/PFI Precision and Scale/HashMap Tables/ConstantHashMap' successfully

2020-06-09 00:18:04 - [TEST_STEP][PASSED] - println(ValueFound): null

2020-06-09 00:18:04 - [TEST_STEP][PASSED] - sendKeys(NewInputNmField, Keys.chord(ARROW_DOWN)): Keys 'DOWN + ' sent to object: 'Object Repository/Objects.HighlightElements/input_field_index'

2020-06-09 00:18:04 - [MESSAGE][PASSED] - Keys 'DOWN + ' sent to object: 'Object Repository/Objects.HighlightElements/input_field_index'

2020-06-09 00:18:04 - [TEST_STEP][PASSED] - sendKeys(NewInputNmField, Keys.chord(ARROW_DOWN)): Keys 'DOWN + ' sent to object: 'Object Repository/Objects.HighlightElements/input_field_index'

2020-06-09 00:18:04 - [MESSAGE][PASSED] - Keys 'DOWN + ' sent to object: 'Object Repository/Objects.HighlightElements/input_field_index'

2020-06-09 00:18:04 - [TEST_STEP][PASSED] - delay(DelayTime): Delayed 2 second(s)

2020-06-09 00:18:06 - [MESSAGE][PASSED] - Delayed 2 second(s)

2020-06-09 00:18:06 - [TEST_STEP][PASSED] - sendKeys(NewInputNmField, Keys.chord(ENTER)): Keys 'ENTER + ' sent to object: 'Object Repository/Objects.HighlightElements/input_field_index'

2020-06-09 00:18:06 - [MESSAGE][PASSED] - Keys 'ENTER + ' sent to object: 'Object Repository/Objects.HighlightElements/input_field_index'

2020-06-09 00:18:06 - [TEST_STEP][PASSED] - ComboBoxValue = getAttribute(NewInputNmField, "value"): Attribute 'value' of object 'Object Repository/Objects.HighlightElements/input_field_index' is: 'Enforcement Processing (ENF)'

2020-06-09 00:18:07 - [MESSAGE][PASSED] - Attribute 'value' of object 'Object Repository/Objects.HighlightElements/input_field_index' is: 'Enforcement Processing (ENF)'

2020-06-09 00:18:07 - [TEST_STEP][PASSED] - callTestCase(findTestCase(CallTCName), ["FindValue":ComboBoxValue, "DropdownNm":comboNm], STOP_ON_FAILURE): Call Test Case 'Test Cases/PFI Precision and Scale/HashMap Tables/ConstantHashMap' successfully

2020-06-09 00:18:07 - [TEST_CASE][PASSED] - Test Cases/PFI Precision and Scale/HashMap Tables/ConstantHashMap: Test Cases/PFI Precision and Scale/HashMap Tables/ConstantHashMap

2020-06-09 00:18:07 - [TEST_STEP][PASSED] - ConstantTBL = [1:["PeriodType":"Working Day(s)"], 2:["PeriodType":"Calendar Day(s)"], 3:["PeriodType":"Month(s)"], 4:["TypeOfLetter":"T1"], ... ]: null

2020-06-09 00:18:07 - [TEST_STEP][PASSED] - switch (DropdownNm): null

2020-06-09 00:18:07 - [TEST_STEP][PASSED] - case "ENF":: null

2020-06-09 00:18:07 - [TEST_STEP][PASSED] - ValueFound = ConstantTBL.find({ -> ... }): null

2020-06-09 00:18:07 - [TEST_STEP][PASSED] - break: null

2020-06-09 00:18:07 - [MESSAGE][PASSED] - Call Test Case 'Test Cases/PFI Precision and Scale/HashMap Tables/ConstantHashMap' successfully

2020-06-09 00:18:07 - [TEST_STEP][PASSED] - println(ValueFound): null

2020-06-09 00:18:07 - [TEST_STEP][PASSED] - sendKeys(NewInputNmField, Keys.chord(ARROW_DOWN)): Keys 'DOWN + ' sent to object: 'Object Repository/Objects.HighlightElements/input_field_index'

2020-06-09 00:18:07 - [MESSAGE][PASSED] - Keys 'DOWN + ' sent to object: 'Object Repository/Objects.HighlightElements/input_field_index'

2020-06-09 00:18:07 - [TEST_STEP][PASSED] - sendKeys(NewInputNmField, Keys.chord(ARROW_DOWN)): Keys 'DOWN + ' sent to object: 'Object Repository/Objects.HighlightElements/input_field_index'

2020-06-09 00:18:07 - [MESSAGE][PASSED] - Keys 'DOWN + ' sent to object: 'Object Repository/Objects.HighlightElements/input_field_index'

2020-06-09 00:18:07 - [TEST_STEP][PASSED] - delay(DelayTime): Delayed 2 second(s)

2020-06-09 00:18:09 - [MESSAGE][PASSED] - Delayed 2 second(s)

2020-06-09 00:18:09 - [TEST_STEP][PASSED] - sendKeys(NewInputNmField, Keys.chord(ENTER)): Keys 'ENTER + ' sent to object: 'Object Repository/Objects.HighlightElements/input_field_index'

2020-06-09 00:18:09 - [MESSAGE][PASSED] - Keys 'ENTER + ' sent to object: 'Object Repository/Objects.HighlightElements/input_field_index'

2020-06-09 00:18:09 - [TEST_STEP][PASSED] - ComboBoxValue = getAttribute(NewInputNmField, "value"): Attribute 'value' of object 'Object Repository/Objects.HighlightElements/input_field_index' is: 'Enforcement - Fire and Surveilence (ENF_EFS)'

2020-06-09 00:18:09 - [MESSAGE][PASSED] - Attribute 'value' of object 'Object Repository/Objects.HighlightElements/input_field_index' is: 'Enforcement - Fire and Surveilence (ENF_EFS)'

2020-06-09 00:18:09 - [TEST_STEP][PASSED] - callTestCase(findTestCase(CallTCName), ["FindValue":ComboBoxValue, "DropdownNm":comboNm], STOP_ON_FAILURE): Call Test Case 'Test Cases/PFI Precision and Scale/HashMap Tables/ConstantHashMap' successfully

2020-06-09 00:18:09 - [TEST_CASE][PASSED] - Test Cases/PFI Precision and Scale/HashMap Tables/ConstantHashMap: Test Cases/PFI Precision and Scale/HashMap Tables/ConstantHashMap

2020-06-09 00:18:09 - [TEST_STEP][PASSED] - ConstantTBL = [1:["PeriodType":"Working Day(s)"], 2:["PeriodType":"Calendar Day(s)"], 3:["PeriodType":"Month(s)"], 4:["TypeOfLetter":"T1"], ... ]: null

2020-06-09 00:18:09 - [TEST_STEP][PASSED] - switch (DropdownNm): null

2020-06-09 00:18:09 - [TEST_STEP][PASSED] - case "ENF":: null

2020-06-09 00:18:09 - [TEST_STEP][PASSED] - ValueFound = ConstantTBL.find({ -> ... }): null

2020-06-09 00:18:09 - [TEST_STEP][PASSED] - break: null

2020-06-09 00:18:09 - [MESSAGE][PASSED] - Call Test Case 'Test Cases/PFI Precision and Scale/HashMap Tables/ConstantHashMap' successfully

2020-06-09 00:18:09 - [TEST_STEP][PASSED] - println(ValueFound): null

2020-06-09 00:18:09 - [TEST_STEP][PASSED] - sendKeys(NewInputNmField, Keys.chord(ARROW_DOWN)): Keys 'DOWN + ' sent to object: 'Object Repository/Objects.HighlightElements/input_field_index'

2020-06-09 00:18:09 - [MESSAGE][PASSED] - Keys 'DOWN + ' sent to object: 'Object Repository/Objects.HighlightElements/input_field_index'

2020-06-09 00:18:09 - [TEST_STEP][PASSED] - sendKeys(NewInputNmField, Keys.chord(ARROW_DOWN)): Keys 'DOWN + ' sent to object: 'Object Repository/Objects.HighlightElements/input_field_index'

2020-06-09 00:18:09 - [MESSAGE][PASSED] - Keys 'DOWN + ' sent to object: 'Object Repository/Objects.HighlightElements/input_field_index'

2020-06-09 00:18:09 - [TEST_STEP][PASSED] - delay(DelayTime): Delayed 2 second(s)

2020-06-09 00:18:11 - [MESSAGE][PASSED] - Delayed 2 second(s)

2020-06-09 00:18:11 - [TEST_STEP][PASSED] - sendKeys(NewInputNmField, Keys.chord(ENTER)): Keys 'ENTER + ' sent to object: 'Object Repository/Objects.HighlightElements/input_field_index'

2020-06-09 00:18:11 - [MESSAGE][PASSED] - Keys 'ENTER + ' sent to object: 'Object Repository/Objects.HighlightElements/input_field_index'

2020-06-09 00:18:11 - [TEST_STEP][PASSED] - ComboBoxValue = getAttribute(NewInputNmField, "value"): Attribute 'value' of object 'Object Repository/Objects.HighlightElements/input_field_index' is: 'Enforcement - Master Folder (BSPS) (ENF_EM)'

2020-06-09 00:18:11 - [MESSAGE][PASSED] - Attribute 'value' of object 'Object Repository/Objects.HighlightElements/input_field_index' is: 'Enforcement - Master Folder (BSPS) (ENF_EM)'

2020-06-09 00:18:11 - [TEST_STEP][PASSED] - callTestCase(findTestCase(CallTCName), ["FindValue":ComboBoxValue, "DropdownNm":comboNm], STOP_ON_FAILURE): Call Test Case 'Test Cases/PFI Precision and Scale/HashMap Tables/ConstantHashMap' successfully

2020-06-09 00:18:11 - [TEST_CASE][PASSED] - Test Cases/PFI Precision and Scale/HashMap Tables/ConstantHashMap: Test Cases/PFI Precision and Scale/HashMap Tables/ConstantHashMap

2020-06-09 00:18:11 - [TEST_STEP][PASSED] - ConstantTBL = [1:["PeriodType":"Working Day(s)"], 2:["PeriodType":"Calendar Day(s)"], 3:["PeriodType":"Month(s)"], 4:["TypeOfLetter":"T1"], ... ]: null

2020-06-09 00:18:11 - [TEST_STEP][PASSED] - switch (DropdownNm): null

2020-06-09 00:18:11 - [TEST_STEP][PASSED] - case "ENF":: null

2020-06-09 00:18:11 - [TEST_STEP][PASSED] - ValueFound = ConstantTBL.find({ -> ... }): null

2020-06-09 00:18:11 - [TEST_STEP][PASSED] - break: null

2020-06-09 00:18:11 - [MESSAGE][PASSED] - Call Test Case 'Test Cases/PFI Precision and Scale/HashMap Tables/ConstantHashMap' successfully

2020-06-09 00:18:11 - [TEST_STEP][PASSED] - println(ValueFound): null

2020-06-09 00:18:11 - [TEST_STEP][PASSED] - sendKeys(NewInputNmField, Keys.chord(ARROW_DOWN)): Keys 'DOWN + ' sent to object: 'Object Repository/Objects.HighlightElements/input_field_index'

2020-06-09 00:18:11 - [MESSAGE][PASSED] - Keys 'DOWN + ' sent to object: 'Object Repository/Objects.HighlightElements/input_field_index'

2020-06-09 00:18:11 - [TEST_STEP][PASSED] - sendKeys(NewInputNmField, Keys.chord(ARROW_DOWN)): Keys 'DOWN + ' sent to object: 'Object Repository/Objects.HighlightElements/input_field_index'

2020-06-09 00:18:11 - [MESSAGE][PASSED] - Keys 'DOWN + ' sent to object: 'Object Repository/Objects.HighlightElements/input_field_index'

2020-06-09 00:18:11 - [TEST_STEP][PASSED] - delay(DelayTime): Delayed 2 second(s)

2020-06-09 00:18:13 - [MESSAGE][PASSED] - Delayed 2 second(s)

2020-06-09 00:18:13 - [TEST_STEP][PASSED] - sendKeys(NewInputNmField, Keys.chord(ENTER)): Keys 'ENTER + ' sent to object: 'Object Repository/Objects.HighlightElements/input_field_index'

2020-06-09 00:18:13 - [MESSAGE][PASSED] - Keys 'ENTER + ' sent to object: 'Object Repository/Objects.HighlightElements/input_field_index'

2020-06-09 00:18:13 - [TEST_STEP][PASSED] - ComboBoxValue = getAttribute(NewInputNmField, "value"): Attribute 'value' of object 'Object Repository/Objects.HighlightElements/input_field_index' is: 'Enforcement - Monitoring (ENF_EMF)'

2020-06-09 00:18:13 - [MESSAGE][PASSED] - Attribute 'value' of object 'Object Repository/Objects.HighlightElements/input_field_index' is: 'Enforcement - Monitoring (ENF_EMF)'

2020-06-09 00:18:13 - [TEST_STEP][PASSED] - callTestCase(findTestCase(CallTCName), ["FindValue":ComboBoxValue, "DropdownNm":comboNm], STOP_ON_FAILURE): Call Test Case 'Test Cases/PFI Precision and Scale/HashMap Tables/ConstantHashMap' successfully

2020-06-09 00:18:13 - [TEST_CASE][PASSED] - Test Cases/PFI Precision and Scale/HashMap Tables/ConstantHashMap: Test Cases/PFI Precision and Scale/HashMap Tables/ConstantHashMap

2020-06-09 00:18:13 - [TEST_STEP][PASSED] - ConstantTBL = [1:["PeriodType":"Working Day(s)"], 2:["PeriodType":"Calendar Day(s)"], 3:["PeriodType":"Month(s)"], 4:["TypeOfLetter":"T1"], ... ]: null

2020-06-09 00:18:13 - [TEST_STEP][PASSED] - switch (DropdownNm): null

2020-06-09 00:18:13 - [TEST_STEP][PASSED] - case "ENF":: null

2020-06-09 00:18:13 - [TEST_STEP][PASSED] - ValueFound = ConstantTBL.find({ -> ... }): null

2020-06-09 00:18:13 - [TEST_STEP][PASSED] - break: null

2020-06-09 00:18:13 - [MESSAGE][PASSED] - Call Test Case 'Test Cases/PFI Precision and Scale/HashMap Tables/ConstantHashMap' successfully

2020-06-09 00:18:13 - [TEST_STEP][PASSED] - println(ValueFound): null

2020-06-09 00:18:13 - [TEST_STEP][PASSED] - sendKeys(NewInputNmField, Keys.chord(ARROW_DOWN)): Keys 'DOWN + ' sent to object: 'Object Repository/Objects.HighlightElements/input_field_index'

2020-06-09 00:18:13 - [MESSAGE][PASSED] - Keys 'DOWN + ' sent to object: 'Object Repository/Objects.HighlightElements/input_field_index'

2020-06-09 00:18:13 - [TEST_STEP][PASSED] - sendKeys(NewInputNmField, Keys.chord(ARROW_DOWN)): Keys 'DOWN + ' sent to object: 'Object Repository/Objects.HighlightElements/input_field_index'

2020-06-09 00:18:13 - [MESSAGE][PASSED] - Keys 'DOWN + ' sent to object: 'Object Repository/Objects.HighlightElements/input_field_index'

2020-06-09 00:18:13 - [TEST_STEP][PASSED] - delay(DelayTime): Delayed 2 second(s)

2020-06-09 00:18:15 - [MESSAGE][PASSED] - Delayed 2 second(s)

2020-06-09 00:18:15 - [TEST_STEP][PASSED] - sendKeys(NewInputNmField, Keys.chord(ENTER)): Keys 'ENTER + ' sent to object: 'Object Repository/Objects.HighlightElements/input_field_index'

2020-06-09 00:18:15 - [MESSAGE][PASSED] - Keys 'ENTER + ' sent to object: 'Object Repository/Objects.HighlightElements/input_field_index'

2020-06-09 00:18:15 - [TEST_STEP][PASSED] - ComboBoxValue = getAttribute(NewInputNmField, "value"): Attribute 'value' of object 'Object Repository/Objects.HighlightElements/input_field_index' is: 'Enforcement Ad Hoc Processing (ENFAH)'

2020-06-09 00:18:15 - [MESSAGE][PASSED] - Attribute 'value' of object 'Object Repository/Objects.HighlightElements/input_field_index' is: 'Enforcement Ad Hoc Processing (ENFAH)'

2020-06-09 00:18:15 - [TEST_STEP][PASSED] - callTestCase(findTestCase(CallTCName), ["FindValue":ComboBoxValue, "DropdownNm":comboNm], STOP_ON_FAILURE): Call Test Case 'Test Cases/PFI Precision and Scale/HashMap Tables/ConstantHashMap' successfully

2020-06-09 00:18:15 - [TEST_CASE][PASSED] - Test Cases/PFI Precision and Scale/HashMap Tables/ConstantHashMap: Test Cases/PFI Precision and Scale/HashMap Tables/ConstantHashMap

2020-06-09 00:18:15 - [TEST_STEP][PASSED] - ConstantTBL = [1:["PeriodType":"Working Day(s)"], 2:["PeriodType":"Calendar Day(s)"], 3:["PeriodType":"Month(s)"], 4:["TypeOfLetter":"T1"], ... ]: null

2020-06-09 00:18:15 - [TEST_STEP][PASSED] - switch (DropdownNm): null

2020-06-09 00:18:15 - [TEST_STEP][PASSED] - case "ENF":: null

2020-06-09 00:18:15 - [TEST_STEP][PASSED] - ValueFound = ConstantTBL.find({ -> ... }): null

2020-06-09 00:18:15 - [TEST_STEP][PASSED] - break: null

2020-06-09 00:18:15 - [MESSAGE][PASSED] - Call Test Case 'Test Cases/PFI Precision and Scale/HashMap Tables/ConstantHashMap' successfully

2020-06-09 00:18:15 - [TEST_STEP][PASSED] - println(ValueFound): null

2020-06-09 00:18:15 - [TEST_STEP][PASSED] - sendKeys(NewInputNmField, Keys.chord(ARROW_DOWN)): Keys 'DOWN + ' sent to object: 'Object Repository/Objects.HighlightElements/input_field_index'

2020-06-09 00:18:15 - [MESSAGE][PASSED] - Keys 'DOWN + ' sent to object: 'Object Repository/Objects.HighlightElements/input_field_index'

2020-06-09 00:18:15 - [TEST_STEP][PASSED] - sendKeys(NewInputNmField, Keys.chord(ARROW_DOWN)): Keys 'DOWN + ' sent to object: 'Object Repository/Objects.HighlightElements/input_field_index'

2020-06-09 00:18:16 - [MESSAGE][PASSED] - Keys 'DOWN + ' sent to object: 'Object Repository/Objects.HighlightElements/input_field_index'

2020-06-09 00:18:16 - [TEST_STEP][PASSED] - delay(DelayTime): Delayed 2 second(s)

2020-06-09 00:18:18 - [MESSAGE][PASSED] - Delayed 2 second(s)

2020-06-09 00:18:18 - [TEST_STEP][PASSED] - sendKeys(NewInputNmField, Keys.chord(ENTER)): Keys 'ENTER + ' sent to object: 'Object Repository/Objects.HighlightElements/input_field_index'

2020-06-09 00:18:18 - [MESSAGE][PASSED] - Keys 'ENTER + ' sent to object: 'Object Repository/Objects.HighlightElements/input_field_index'

2020-06-09 00:18:18 - [TEST_STEP][PASSED] - ComboBoxValue = getAttribute(NewInputNmField, "value"): Attribute 'value' of object 'Object Repository/Objects.HighlightElements/input_field_index' is: 'ST-ENF Processing (ST_ENF)'

2020-06-09 00:18:18 - [MESSAGE][PASSED] - Attribute 'value' of object 'Object Repository/Objects.HighlightElements/input_field_index' is: 'ST-ENF Processing (ST_ENF)'

2020-06-09 00:18:18 - [TEST_STEP][PASSED] - callTestCase(findTestCase(CallTCName), ["FindValue":ComboBoxValue, "DropdownNm":comboNm], STOP_ON_FAILURE): Call Test Case 'Test Cases/PFI Precision and Scale/HashMap Tables/ConstantHashMap' successfully

2020-06-09 00:18:18 - [TEST_CASE][PASSED] - Test Cases/PFI Precision and Scale/HashMap Tables/ConstantHashMap: Test Cases/PFI Precision and Scale/HashMap Tables/ConstantHashMap

2020-06-09 00:18:18 - [TEST_STEP][PASSED] - ConstantTBL = [1:["PeriodType":"Working Day(s)"], 2:["PeriodType":"Calendar Day(s)"], 3:["PeriodType":"Month(s)"], 4:["TypeOfLetter":"T1"], ... ]: null

2020-06-09 00:18:18 - [TEST_STEP][PASSED] - switch (DropdownNm): null

2020-06-09 00:18:18 - [TEST_STEP][PASSED] - case "ENF":: null

2020-06-09 00:18:18 - [TEST_STEP][PASSED] - ValueFound = ConstantTBL.find({ -> ... }): null

2020-06-09 00:18:18 - [TEST_STEP][PASSED] - break: null

2020-06-09 00:18:18 - [MESSAGE][PASSED] - Call Test Case 'Test Cases/PFI Precision and Scale/HashMap Tables/ConstantHashMap' successfully

2020-06-09 00:18:18 - [TEST_STEP][PASSED] - println(ValueFound): null

2020-06-09 00:18:18 - [TEST_STEP][PASSED] - sendKeys(NewInputNmField, Keys.chord(ARROW_DOWN)): Keys 'DOWN + ' sent to object: 'Object Repository/Objects.HighlightElements/input_field_index'

2020-06-09 00:18:18 - [MESSAGE][PASSED] - Keys 'DOWN + ' sent to object: 'Object Repository/Objects.HighlightElements/input_field_index'

2020-06-09 00:18:18 - [TEST_STEP][PASSED] - sendKeys(NewInputNmField, Keys.chord(ENTER)): Keys 'ENTER + ' sent to object: 'Object Repository/Objects.HighlightElements/input_field_index'

2020-06-09 00:18:18 - [MESSAGE][PASSED] - Keys 'ENTER + ' sent to object: 'Object Repository/Objects.HighlightElements/input_field_index'

2020-06-09 00:18:18 - [MESSAGE][PASSED] - Call Test Case 'Test Cases/PFI Precision and Scale/PFI Components with Indexing/VerifyDropdownValuesXPI' successfully

2020-06-09 00:18:18 - [TEST_STEP][PASSED] - callTestCase(findTestCase("Components/SelectAllThenDeleteIndex"), ["nameToBeUsed":"inspModule", "index":"1"], STOP_ON_FAILURE): Call Test Case 'Test Cases/Components/SelectAllThenDeleteIndex' successfully

2020-06-09 00:18:18 - [TEST_CASE][PASSED] - Test Cases/Components/SelectAllThenDeleteIndex: Test Cases/Components/SelectAllThenDeleteIndex

2020-06-09 00:18:18 - [TEST_STEP][PASSED] - Thread.sleep(1000): null

2020-06-09 00:18:19 - [TEST_STEP][PASSED] - modifiedObj = modifyObjectProperty(findTestObject("Object Repository/Objects.HighlightElements/input_field_index"), "xpath", "equals", "(//*[contains(@class,'x-form-text') and (@name='" + nameToBeUsed + "')])[" + index + "]", true): Modify property of object successfully

2020-06-09 00:18:19 - [MESSAGE][PASSED] - Modify property of object successfully

2020-06-09 00:18:19 - [TEST_STEP][PASSED] - focus(modifiedObj): Object: 'Object Repository/Objects.HighlightElements/input_field_index' is focused

2020-06-09 00:18:19 - [MESSAGE][PASSED] - Object: 'Object Repository/Objects.HighlightElements/input_field_index' is focused

2020-06-09 00:18:19 - [TEST_STEP][PASSED] - sendKeys(modifiedObj, Keys.chord(CONTROL, "a")): Keys 'CONTROL + a' sent to object: 'Object Repository/Objects.HighlightElements/input_field_index'

2020-06-09 00:18:19 - [MESSAGE][PASSED] - Keys 'CONTROL + a' sent to object: 'Object Repository/Objects.HighlightElements/input_field_index'

2020-06-09 00:18:19 - [TEST_STEP][PASSED] - sendKeys(modifiedObj, Keys.chord(DELETE)): Keys 'DELETE + ' sent to object: 'Object Repository/Objects.HighlightElements/input_field_index'

2020-06-09 00:18:19 - [MESSAGE][PASSED] - Keys 'DELETE + ' sent to object: 'Object Repository/Objects.HighlightElements/input_field_index'

2020-06-09 00:18:19 - [MESSAGE][PASSED] - Call Test Case 'Test Cases/Components/SelectAllThenDeleteIndex' successfully

2020-06-09 00:18:19 - [TEST_STEP][PASSED] - callTestCase(findTestCase("PFI Precision and Scale/PFI Components with Indexing/VerifyDropdownValuesXPI"), ["FldNm":"inspModule", "index":1, "CallTCName":"PFI Precision and Scale/HashMap Tables/ConstantHashMap", "cmbNm":"ModuleNm", ... ], STOP_ON_FAILURE): Call Test Case 'Test Cases/PFI Precision and Scale/PFI Components with Indexing/VerifyDropdownValuesXPI' successfully

2020-06-09 00:18:19 - [TEST_CASE][PASSED] - Test Cases/PFI Precision and Scale/PFI Components with Indexing/VerifyDropdownValuesXPI: Test Cases/PFI Precision and Scale/PFI Components with Indexing/VerifyDropdownValuesXPI

2020-06-09 00:18:19 - [TEST_STEP][PASSED] - Thread.sleep(1000): null

2020-06-09 00:18:20 - [TEST_STEP][PASSED] - NewInputNmField = modifyObjectProperty(findTestObject("Object Repository/Objects.HighlightElements/input_field_index"), "xpath", "equals", "(//*[contains(@name, '" + FldNm + "')])[" + index + "]", true): Modify property of object successfully

2020-06-09 00:18:20 - [MESSAGE][PASSED] - Modify property of object successfully

2020-06-09 00:18:20 - [TEST_STEP][PASSED] - comboNm = cmbNm: null

2020-06-09 00:18:20 - [TEST_STEP][PASSED] - focus(NewInputNmField): Object: 'Object Repository/Objects.HighlightElements/input_field_index' is focused

2020-06-09 00:18:20 - [MESSAGE][PASSED] - Object: 'Object Repository/Objects.HighlightElements/input_field_index' is focused

2020-06-09 00:18:20 - [TEST_STEP][PASSED] - setText(NewInputNmField, EnterValue): Text 'SD' is set on object 'Object Repository/Objects.HighlightElements/input_field_index'

2020-06-09 00:18:20 - [MESSAGE][PASSED] - Text 'SD' is set on object 'Object Repository/Objects.HighlightElements/input_field_index'

2020-06-09 00:18:20 - [TEST_STEP][PASSED] - for ([i = 1, i <= NoOfVal, (i++)]): Keys 'DOWN + ' sent to object: 'Object Repository/Objects.HighlightElements/input_field_index'

2020-06-09 00:18:20 - [TEST_STEP][PASSED] - sendKeys(NewInputNmField, Keys.chord(ARROW_DOWN)): Keys 'DOWN + ' sent to object: 'Object Repository/Objects.HighlightElements/input_field_index'

2020-06-09 00:18:20 - [MESSAGE][PASSED] - Keys 'DOWN + ' sent to object: 'Object Repository/Objects.HighlightElements/input_field_index'

2020-06-09 00:18:20 - [TEST_STEP][PASSED] - delay(DelayTime): Delayed 0 second(s)

2020-06-09 00:18:20 - [MESSAGE][PASSED] - Delayed 0 second(s)

2020-06-09 00:18:20 - [TEST_STEP][PASSED] - sendKeys(NewInputNmField, Keys.chord(ENTER)): Keys 'ENTER + ' sent to object: 'Object Repository/Objects.HighlightElements/input_field_index'

2020-06-09 00:18:20 - [MESSAGE][PASSED] - Keys 'ENTER + ' sent to object: 'Object Repository/Objects.HighlightElements/input_field_index'

2020-06-09 00:18:20 - [TEST_STEP][PASSED] - ComboBoxValue = getAttribute(NewInputNmField, "value"): Attribute 'value' of object 'Object Repository/Objects.HighlightElements/input_field_index' is: 'SD'

2020-06-09 00:18:20 - [MESSAGE][PASSED] - Attribute 'value' of object 'Object Repository/Objects.HighlightElements/input_field_index' is: 'SD'

2020-06-09 00:18:20 - [TEST_STEP][PASSED] - callTestCase(findTestCase(CallTCName), ["FindValue":ComboBoxValue, "DropdownNm":comboNm], STOP_ON_FAILURE): Call Test Case 'Test Cases/PFI Precision and Scale/HashMap Tables/ConstantHashMap' successfully

2020-06-09 00:18:20 - [TEST_CASE][PASSED] - Test Cases/PFI Precision and Scale/HashMap Tables/ConstantHashMap: Test Cases/PFI Precision and Scale/HashMap Tables/ConstantHashMap

2020-06-09 00:18:20 - [TEST_STEP][PASSED] - ConstantTBL = [1:["PeriodType":"Working Day(s)"], 2:["PeriodType":"Calendar Day(s)"], 3:["PeriodType":"Month(s)"], 4:["TypeOfLetter":"T1"], ... ]: null

2020-06-09 00:18:20 - [TEST_STEP][PASSED] - switch (DropdownNm): null

2020-06-09 00:18:20 - [TEST_STEP][PASSED] - case "ModuleNm":: null

2020-06-09 00:18:20 - [TEST_STEP][PASSED] - ValueFound = ConstantTBL.find({ -> ... }): null

2020-06-09 00:18:20 - [TEST_STEP][PASSED] - break: null

2020-06-09 00:18:20 - [MESSAGE][PASSED] - Call Test Case 'Test Cases/PFI Precision and Scale/HashMap Tables/ConstantHashMap' successfully

2020-06-09 00:18:20 - [TEST_STEP][PASSED] - println(ValueFound): null

2020-06-09 00:18:20 - [TEST_STEP][PASSED] - sendKeys(NewInputNmField, Keys.chord(ARROW_DOWN)): Keys 'DOWN + ' sent to object: 'Object Repository/Objects.HighlightElements/input_field_index'

2020-06-09 00:18:21 - [MESSAGE][PASSED] - Keys 'DOWN + ' sent to object: 'Object Repository/Objects.HighlightElements/input_field_index'

2020-06-09 00:18:21 - [TEST_STEP][PASSED] - sendKeys(NewInputNmField, Keys.chord(ENTER)): Keys 'ENTER + ' sent to object: 'Object Repository/Objects.HighlightElements/input_field_index'

2020-06-09 00:18:21 - [MESSAGE][PASSED] - Keys 'ENTER + ' sent to object: 'Object Repository/Objects.HighlightElements/input_field_index'

2020-06-09 00:18:21 - [MESSAGE][PASSED] - Call Test Case 'Test Cases/PFI Precision and Scale/PFI Components with Indexing/VerifyDropdownValuesXPI' successfully

2020-06-09 00:18:21 - [TEST_STEP][PASSED] - callTestCase(findTestCase("PFI Precision and Scale/PFI Components with Indexing/VerifyDropdownValuesXPI"), ["FldNm":"inspCaseType", "index":1, "CallTCName":"PFI Precision and Scale/HashMap Tables/ConstantHashMap", "cmbNm":"SD", "NoOfVal":7, ... ], STOP_ON_FAILURE): Call Test Case 'Test Cases/PFI Precision and Scale/PFI Components with Indexing/VerifyDropdownValuesXPI' successfully

2020-06-09 00:18:21 - [TEST_CASE][PASSED] - Test Cases/PFI Precision and Scale/PFI Components with Indexing/VerifyDropdownValuesXPI: Test Cases/PFI Precision and Scale/PFI Components with Indexing/VerifyDropdownValuesXPI

2020-06-09 00:18:21 - [TEST_STEP][PASSED] - Thread.sleep(1000): null

2020-06-09 00:18:22 - [TEST_STEP][PASSED] - NewInputNmField = modifyObjectProperty(findTestObject("Object Repository/Objects.HighlightElements/input_field_index"), "xpath", "equals", "(//*[contains(@name, '" + FldNm + "')])[" + index + "]", true): Modify property of object successfully

2020-06-09 00:18:22 - [MESSAGE][PASSED] - Modify property of object successfully

2020-06-09 00:18:22 - [TEST_STEP][PASSED] - comboNm = cmbNm: null

2020-06-09 00:18:22 - [TEST_STEP][PASSED] - focus(NewInputNmField): Object: 'Object Repository/Objects.HighlightElements/input_field_index' is focused

2020-06-09 00:18:22 - [MESSAGE][PASSED] - Object: 'Object Repository/Objects.HighlightElements/input_field_index' is focused

2020-06-09 00:18:22 - [TEST_STEP][PASSED] - setText(NewInputNmField, EnterValue): Text '' is set on object 'Object Repository/Objects.HighlightElements/input_field_index'

2020-06-09 00:18:22 - [MESSAGE][PASSED] - Text '' is set on object 'Object Repository/Objects.HighlightElements/input_field_index'

2020-06-09 00:18:22 - [TEST_STEP][PASSED] - for ([i = 1, i <= NoOfVal, (i++)]): Keys 'DOWN + ' sent to object: 'Object Repository/Objects.HighlightElements/input_field_index'

2020-06-09 00:18:22 - [TEST_STEP][PASSED] - sendKeys(NewInputNmField, Keys.chord(ARROW_DOWN)): Keys 'DOWN + ' sent to object: 'Object Repository/Objects.HighlightElements/input_field_index'

2020-06-09 00:18:22 - [MESSAGE][PASSED] - Keys 'DOWN + ' sent to object: 'Object Repository/Objects.HighlightElements/input_field_index'

2020-06-09 00:18:22 - [TEST_STEP][PASSED] - delay(DelayTime): Delayed 2 second(s)

2020-06-09 00:18:24 - [MESSAGE][PASSED] - Delayed 2 second(s)

2020-06-09 00:18:24 - [TEST_STEP][PASSED] - sendKeys(NewInputNmField, Keys.chord(ENTER)): Keys 'ENTER + ' sent to object: 'Object Repository/Objects.HighlightElements/input_field_index'

2020-06-09 00:18:24 - [MESSAGE][PASSED] - Keys 'ENTER + ' sent to object: 'Object Repository/Objects.HighlightElements/input_field_index'

2020-06-09 00:18:24 - [TEST_STEP][PASSED] - ComboBoxValue = getAttribute(NewInputNmField, "value"): Attribute 'value' of object 'Object Repository/Objects.HighlightElements/input_field_index' is: 'Corres-General Correspondence (CORRES-SD-GC)'

2020-06-09 00:18:24 - [MESSAGE][PASSED] - Attribute 'value' of object 'Object Repository/Objects.HighlightElements/input_field_index' is: 'Corres-General Correspondence (CORRES-SD-GC)'

2020-06-09 00:18:24 - [TEST_STEP][PASSED] - callTestCase(findTestCase(CallTCName), ["FindValue":ComboBoxValue, "DropdownNm":comboNm], STOP_ON_FAILURE): Call Test Case 'Test Cases/PFI Precision and Scale/HashMap Tables/ConstantHashMap' successfully

2020-06-09 00:18:24 - [TEST_CASE][PASSED] - Test Cases/PFI Precision and Scale/HashMap Tables/ConstantHashMap: Test Cases/PFI Precision and Scale/HashMap Tables/ConstantHashMap

2020-06-09 00:18:24 - [TEST_STEP][PASSED] - ConstantTBL = [1:["PeriodType":"Working Day(s)"], 2:["PeriodType":"Calendar Day(s)"], 3:["PeriodType":"Month(s)"], 4:["TypeOfLetter":"T1"], ... ]: null

2020-06-09 00:18:24 - [TEST_STEP][PASSED] - switch (DropdownNm): null

2020-06-09 00:18:24 - [TEST_STEP][PASSED] - case "SD":: null

2020-06-09 00:18:24 - [TEST_STEP][PASSED] - ValueFound = ConstantTBL.find({ -> ... }): null

2020-06-09 00:18:24 - [TEST_STEP][PASSED] - break: null

2020-06-09 00:18:24 - [MESSAGE][PASSED] - Call Test Case 'Test Cases/PFI Precision and Scale/HashMap Tables/ConstantHashMap' successfully

2020-06-09 00:18:24 - [TEST_STEP][PASSED] - println(ValueFound): null

2020-06-09 00:18:24 - [TEST_STEP][PASSED] - sendKeys(NewInputNmField, Keys.chord(ARROW_DOWN)): Keys 'DOWN + ' sent to object: 'Object Repository/Objects.HighlightElements/input_field_index'

2020-06-09 00:18:24 - [MESSAGE][PASSED] - Keys 'DOWN + ' sent to object: 'Object Repository/Objects.HighlightElements/input_field_index'

2020-06-09 00:18:24 - [TEST_STEP][PASSED] - sendKeys(NewInputNmField, Keys.chord(ARROW_DOWN)): Keys 'DOWN + ' sent to object: 'Object Repository/Objects.HighlightElements/input_field_index'

2020-06-09 00:18:24 - [MESSAGE][PASSED] - Keys 'DOWN + ' sent to object: 'Object Repository/Objects.HighlightElements/input_field_index'

2020-06-09 00:18:24 - [TEST_STEP][PASSED] - delay(DelayTime): Delayed 2 second(s)

2020-06-09 00:18:26 - [MESSAGE][PASSED] - Delayed 2 second(s)

2020-06-09 00:18:26 - [TEST_STEP][PASSED] - sendKeys(NewInputNmField, Keys.chord(ENTER)): Keys 'ENTER + ' sent to object: 'Object Repository/Objects.HighlightElements/input_field_index'

2020-06-09 00:18:26 - [MESSAGE][PASSED] - Keys 'ENTER + ' sent to object: 'Object Repository/Objects.HighlightElements/input_field_index'

2020-06-09 00:18:26 - [TEST_STEP][PASSED] - ComboBoxValue = getAttribute(NewInputNmField, "value"): Attribute 'value' of object 'Object Repository/Objects.HighlightElements/input_field_index' is: 'Corres-Request for Submission Withdrawal (CORRES-SD-SUBWTH)'

2020-06-09 00:18:26 - [MESSAGE][PASSED] - Attribute 'value' of object 'Object Repository/Objects.HighlightElements/input_field_index' is: 'Corres-Request for Submission Withdrawal (CORRES-SD-SUBWTH)'

2020-06-09 00:18:26 - [TEST_STEP][PASSED] - callTestCase(findTestCase(CallTCName), ["FindValue":ComboBoxValue, "DropdownNm":comboNm], STOP_ON_FAILURE): Call Test Case 'Test Cases/PFI Precision and Scale/HashMap Tables/ConstantHashMap' successfully

2020-06-09 00:18:26 - [TEST_CASE][PASSED] - Test Cases/PFI Precision and Scale/HashMap Tables/ConstantHashMap: Test Cases/PFI Precision and Scale/HashMap Tables/ConstantHashMap

2020-06-09 00:18:26 - [TEST_STEP][PASSED] - ConstantTBL = [1:["PeriodType":"Working Day(s)"], 2:["PeriodType":"Calendar Day(s)"], 3:["PeriodType":"Month(s)"], 4:["TypeOfLetter":"T1"], ... ]: null

2020-06-09 00:18:26 - [TEST_STEP][PASSED] - switch (DropdownNm): null

2020-06-09 00:18:26 - [TEST_STEP][PASSED] - case "SD":: null

2020-06-09 00:18:26 - [TEST_STEP][PASSED] - ValueFound = ConstantTBL.find({ -> ... }): null

2020-06-09 00:18:26 - [TEST_STEP][PASSED] - break: null

2020-06-09 00:18:26 - [MESSAGE][PASSED] - Call Test Case 'Test Cases/PFI Precision and Scale/HashMap Tables/ConstantHashMap' successfully

2020-06-09 00:18:26 - [TEST_STEP][PASSED] - println(ValueFound): null

2020-06-09 00:18:26 - [TEST_STEP][PASSED] - sendKeys(NewInputNmField, Keys.chord(ARROW_DOWN)): Keys 'DOWN + ' sent to object: 'Object Repository/Objects.HighlightElements/input_field_index'

2020-06-09 00:18:26 - [MESSAGE][PASSED] - Keys 'DOWN + ' sent to object: 'Object Repository/Objects.HighlightElements/input_field_index'

2020-06-09 00:18:26 - [TEST_STEP][PASSED] - sendKeys(NewInputNmField, Keys.chord(ARROW_DOWN)): Keys 'DOWN + ' sent to object: 'Object Repository/Objects.HighlightElements/input_field_index'

2020-06-09 00:18:26 - [MESSAGE][PASSED] - Keys 'DOWN + ' sent to object: 'Object Repository/Objects.HighlightElements/input_field_index'

2020-06-09 00:18:26 - [TEST_STEP][PASSED] - delay(DelayTime): Delayed 2 second(s)

2020-06-09 00:18:28 - [MESSAGE][PASSED] - Delayed 2 second(s)

2020-06-09 00:18:28 - [TEST_STEP][PASSED] - sendKeys(NewInputNmField, Keys.chord(ENTER)): Keys 'ENTER + ' sent to object: 'Object Repository/Objects.HighlightElements/input_field_index'

2020-06-09 00:18:28 - [MESSAGE][PASSED] - Keys 'ENTER + ' sent to object: 'Object Repository/Objects.HighlightElements/input_field_index'

2020-06-09 00:18:28 - [TEST_STEP][PASSED] - ComboBoxValue = getAttribute(NewInputNmField, "value"): Attribute 'value' of object 'Object Repository/Objects.HighlightElements/input_field_index' is: 'Dangerous Building Processing (SD)'

2020-06-09 00:18:28 - [MESSAGE][PASSED] - Attribute 'value' of object 'Object Repository/Objects.HighlightElements/input_field_index' is: 'Dangerous Building Processing (SD)'

2020-06-09 00:18:28 - [TEST_STEP][PASSED] - callTestCase(findTestCase(CallTCName), ["FindValue":ComboBoxValue, "DropdownNm":comboNm], STOP_ON_FAILURE): Call Test Case 'Test Cases/PFI Precision and Scale/HashMap Tables/ConstantHashMap' successfully

2020-06-09 00:18:28 - [TEST_CASE][PASSED] - Test Cases/PFI Precision and Scale/HashMap Tables/ConstantHashMap: Test Cases/PFI Precision and Scale/HashMap Tables/ConstantHashMap

2020-06-09 00:18:28 - [TEST_STEP][PASSED] - ConstantTBL = [1:["PeriodType":"Working Day(s)"], 2:["PeriodType":"Calendar Day(s)"], 3:["PeriodType":"Month(s)"], 4:["TypeOfLetter":"T1"], ... ]: null

2020-06-09 00:18:28 - [TEST_STEP][PASSED] - switch (DropdownNm): null

2020-06-09 00:18:28 - [TEST_STEP][PASSED] - case "SD":: null

2020-06-09 00:18:28 - [TEST_STEP][PASSED] - ValueFound = ConstantTBL.find({ -> ... }): null

2020-06-09 00:18:28 - [TEST_STEP][PASSED] - break: null

2020-06-09 00:18:28 - [MESSAGE][PASSED] - Call Test Case 'Test Cases/PFI Precision and Scale/HashMap Tables/ConstantHashMap' successfully

2020-06-09 00:18:28 - [TEST_STEP][PASSED] - println(ValueFound): null

2020-06-09 00:18:28 - [TEST_STEP][PASSED] - sendKeys(NewInputNmField, Keys.chord(ARROW_DOWN)): Keys 'DOWN + ' sent to object: 'Object Repository/Objects.HighlightElements/input_field_index'

2020-06-09 00:18:28 - [MESSAGE][PASSED] - Keys 'DOWN + ' sent to object: 'Object Repository/Objects.HighlightElements/input_field_index'

2020-06-09 00:18:28 - [TEST_STEP][PASSED] - sendKeys(NewInputNmField, Keys.chord(ARROW_DOWN)): Keys 'DOWN + ' sent to object: 'Object Repository/Objects.HighlightElements/input_field_index'

2020-06-09 00:18:29 - [MESSAGE][PASSED] - Keys 'DOWN + ' sent to object: 'Object Repository/Objects.HighlightElements/input_field_index'

2020-06-09 00:18:29 - [TEST_STEP][PASSED] - delay(DelayTime): Delayed 2 second(s)

2020-06-09 00:18:31 - [MESSAGE][PASSED] - Delayed 2 second(s)

2020-06-09 00:18:31 - [TEST_STEP][PASSED] - sendKeys(NewInputNmField, Keys.chord(ENTER)): Keys 'ENTER + ' sent to object: 'Object Repository/Objects.HighlightElements/input_field_index'

2020-06-09 00:18:31 - [MESSAGE][PASSED] - Keys 'ENTER + ' sent to object: 'Object Repository/Objects.HighlightElements/input_field_index'

2020-06-09 00:18:31 - [TEST_STEP][PASSED] - ComboBoxValue = getAttribute(NewInputNmField, "value"): Attribute 'value' of object 'Object Repository/Objects.HighlightElements/input_field_index' is: 'Dangerous Building - Monitoring (SD_SDM)'

2020-06-09 00:18:31 - [MESSAGE][PASSED] - Attribute 'value' of object 'Object Repository/Objects.HighlightElements/input_field_index' is: 'Dangerous Building - Monitoring (SD_SDM)'

2020-06-09 00:18:31 - [TEST_STEP][PASSED] - callTestCase(findTestCase(CallTCName), ["FindValue":ComboBoxValue, "DropdownNm":comboNm], STOP_ON_FAILURE): Call Test Case 'Test Cases/PFI Precision and Scale/HashMap Tables/ConstantHashMap' successfully

2020-06-09 00:18:31 - [TEST_CASE][PASSED] - Test Cases/PFI Precision and Scale/HashMap Tables/ConstantHashMap: Test Cases/PFI Precision and Scale/HashMap Tables/ConstantHashMap

2020-06-09 00:18:31 - [TEST_STEP][PASSED] - ConstantTBL = [1:["PeriodType":"Working Day(s)"], 2:["PeriodType":"Calendar Day(s)"], 3:["PeriodType":"Month(s)"], 4:["TypeOfLetter":"T1"], ... ]: null

2020-06-09 00:18:31 - [TEST_STEP][PASSED] - switch (DropdownNm): null

2020-06-09 00:18:31 - [TEST_STEP][PASSED] - case "SD":: null

2020-06-09 00:18:31 - [TEST_STEP][PASSED] - ValueFound = ConstantTBL.find({ -> ... }): null

2020-06-09 00:18:31 - [TEST_STEP][PASSED] - break: null

2020-06-09 00:18:31 - [MESSAGE][PASSED] - Call Test Case 'Test Cases/PFI Precision and Scale/HashMap Tables/ConstantHashMap' successfully

2020-06-09 00:18:31 - [TEST_STEP][PASSED] - println(ValueFound): null

2020-06-09 00:18:31 - [TEST_STEP][PASSED] - sendKeys(NewInputNmField, Keys.chord(ARROW_DOWN)): Keys 'DOWN + ' sent to object: 'Object Repository/Objects.HighlightElements/input_field_index'

2020-06-09 00:18:31 - [MESSAGE][PASSED] - Keys 'DOWN + ' sent to object: 'Object Repository/Objects.HighlightElements/input_field_index'

2020-06-09 00:18:31 - [TEST_STEP][PASSED] - sendKeys(NewInputNmField, Keys.chord(ARROW_DOWN)): Keys 'DOWN + ' sent to object: 'Object Repository/Objects.HighlightElements/input_field_index'

2020-06-09 00:18:31 - [MESSAGE][PASSED] - Keys 'DOWN + ' sent to object: 'Object Repository/Objects.HighlightElements/input_field_index'

2020-06-09 00:18:31 - [TEST_STEP][PASSED] - delay(DelayTime): Delayed 2 second(s)

2020-06-09 00:18:33 - [MESSAGE][PASSED] - Delayed 2 second(s)

2020-06-09 00:18:33 - [TEST_STEP][PASSED] - sendKeys(NewInputNmField, Keys.chord(ENTER)): Keys 'ENTER + ' sent to object: 'Object Repository/Objects.HighlightElements/input_field_index'

2020-06-09 00:18:33 - [MESSAGE][PASSED] - Keys 'ENTER + ' sent to object: 'Object Repository/Objects.HighlightElements/input_field_index'

2020-06-09 00:18:33 - [TEST_STEP][PASSED] - ComboBoxValue = getAttribute(NewInputNmField, "value"): Attribute 'value' of object 'Object Repository/Objects.HighlightElements/input_field_index' is: 'Process SD Submission (SD1)'

2020-06-09 00:18:33 - [MESSAGE][PASSED] - Attribute 'value' of object 'Object Repository/Objects.HighlightElements/input_field_index' is: 'Process SD Submission (SD1)'

2020-06-09 00:18:33 - [TEST_STEP][PASSED] - callTestCase(findTestCase(CallTCName), ["FindValue":ComboBoxValue, "DropdownNm":comboNm], STOP_ON_FAILURE): Call Test Case 'Test Cases/PFI Precision and Scale/HashMap Tables/ConstantHashMap' successfully

2020-06-09 00:18:33 - [TEST_CASE][PASSED] - Test Cases/PFI Precision and Scale/HashMap Tables/ConstantHashMap: Test Cases/PFI Precision and Scale/HashMap Tables/ConstantHashMap

2020-06-09 00:18:33 - [TEST_STEP][PASSED] - ConstantTBL = [1:["PeriodType":"Working Day(s)"], 2:["PeriodType":"Calendar Day(s)"], 3:["PeriodType":"Month(s)"], 4:["TypeOfLetter":"T1"], ... ]: null

2020-06-09 00:18:33 - [TEST_STEP][PASSED] - switch (DropdownNm): null

2020-06-09 00:18:33 - [TEST_STEP][PASSED] - case "SD":: null

2020-06-09 00:18:33 - [TEST_STEP][PASSED] - ValueFound = ConstantTBL.find({ -> ... }): null

2020-06-09 00:18:33 - [TEST_STEP][PASSED] - break: null

2020-06-09 00:18:33 - [MESSAGE][PASSED] - Call Test Case 'Test Cases/PFI Precision and Scale/HashMap Tables/ConstantHashMap' successfully

2020-06-09 00:18:33 - [TEST_STEP][PASSED] - println(ValueFound): null

2020-06-09 00:18:33 - [TEST_STEP][PASSED] - sendKeys(NewInputNmField, Keys.chord(ARROW_DOWN)): Keys 'DOWN + ' sent to object: 'Object Repository/Objects.HighlightElements/input_field_index'

2020-06-09 00:18:33 - [MESSAGE][PASSED] - Keys 'DOWN + ' sent to object: 'Object Repository/Objects.HighlightElements/input_field_index'

2020-06-09 00:18:33 - [TEST_STEP][PASSED] - sendKeys(NewInputNmField, Keys.chord(ARROW_DOWN)): Keys 'DOWN + ' sent to object: 'Object Repository/Objects.HighlightElements/input_field_index'

2020-06-09 00:18:33 - [MESSAGE][PASSED] - Keys 'DOWN + ' sent to object: 'Object Repository/Objects.HighlightElements/input_field_index'

2020-06-09 00:18:33 - [TEST_STEP][PASSED] - delay(DelayTime): Delayed 2 second(s)

2020-06-09 00:18:35 - [MESSAGE][PASSED] - Delayed 2 second(s)

2020-06-09 00:18:35 - [TEST_STEP][PASSED] - sendKeys(NewInputNmField, Keys.chord(ENTER)): Keys 'ENTER + ' sent to object: 'Object Repository/Objects.HighlightElements/input_field_index'

2020-06-09 00:18:35 - [MESSAGE][PASSED] - Keys 'ENTER + ' sent to object: 'Object Repository/Objects.HighlightElements/input_field_index'

2020-06-09 00:18:35 - [TEST_STEP][PASSED] - ComboBoxValue = getAttribute(NewInputNmField, "value"): Attribute 'value' of object 'Object Repository/Objects.HighlightElements/input_field_index' is: 'Dangerous Building Ad Hoc Processing (SDAH)'

2020-06-09 00:18:35 - [MESSAGE][PASSED] - Attribute 'value' of object 'Object Repository/Objects.HighlightElements/input_field_index' is: 'Dangerous Building Ad Hoc Processing (SDAH)'

2020-06-09 00:18:35 - [TEST_STEP][PASSED] - callTestCase(findTestCase(CallTCName), ["FindValue":ComboBoxValue, "DropdownNm":comboNm], STOP_ON_FAILURE): Call Test Case 'Test Cases/PFI Precision and Scale/HashMap Tables/ConstantHashMap' successfully

2020-06-09 00:18:35 - [TEST_CASE][PASSED] - Test Cases/PFI Precision and Scale/HashMap Tables/ConstantHashMap: Test Cases/PFI Precision and Scale/HashMap Tables/ConstantHashMap

2020-06-09 00:18:35 - [TEST_STEP][PASSED] - ConstantTBL = [1:["PeriodType":"Working Day(s)"], 2:["PeriodType":"Calendar Day(s)"], 3:["PeriodType":"Month(s)"], 4:["TypeOfLetter":"T1"], ... ]: null

2020-06-09 00:18:35 - [TEST_STEP][PASSED] - switch (DropdownNm): null

2020-06-09 00:18:35 - [TEST_STEP][PASSED] - case "SD":: null

2020-06-09 00:18:35 - [TEST_STEP][PASSED] - ValueFound = ConstantTBL.find({ -> ... }): null

2020-06-09 00:18:35 - [TEST_STEP][PASSED] - break: null

2020-06-09 00:18:35 - [MESSAGE][PASSED] - Call Test Case 'Test Cases/PFI Precision and Scale/HashMap Tables/ConstantHashMap' successfully

2020-06-09 00:18:35 - [TEST_STEP][PASSED] - println(ValueFound): null

2020-06-09 00:18:35 - [TEST_STEP][PASSED] - sendKeys(NewInputNmField, Keys.chord(ARROW_DOWN)): Keys 'DOWN + ' sent to object: 'Object Repository/Objects.HighlightElements/input_field_index'

2020-06-09 00:18:35 - [MESSAGE][PASSED] - Keys 'DOWN + ' sent to object: 'Object Repository/Objects.HighlightElements/input_field_index'

2020-06-09 00:18:35 - [TEST_STEP][PASSED] - sendKeys(NewInputNmField, Keys.chord(ARROW_DOWN)): Keys 'DOWN + ' sent to object: 'Object Repository/Objects.HighlightElements/input_field_index'

2020-06-09 00:18:35 - [MESSAGE][PASSED] - Keys 'DOWN + ' sent to object: 'Object Repository/Objects.HighlightElements/input_field_index'

2020-06-09 00:18:35 - [TEST_STEP][PASSED] - delay(DelayTime): Delayed 2 second(s)

2020-06-09 00:18:37 - [MESSAGE][PASSED] - Delayed 2 second(s)

2020-06-09 00:18:37 - [TEST_STEP][PASSED] - sendKeys(NewInputNmField, Keys.chord(ENTER)): Keys 'ENTER + ' sent to object: 'Object Repository/Objects.HighlightElements/input_field_index'

2020-06-09 00:18:37 - [MESSAGE][PASSED] - Keys 'ENTER + ' sent to object: 'Object Repository/Objects.HighlightElements/input_field_index'

2020-06-09 00:18:37 - [TEST_STEP][PASSED] - ComboBoxValue = getAttribute(NewInputNmField, "value"): Attribute 'value' of object 'Object Repository/Objects.HighlightElements/input_field_index' is: 'ST-SD Processing (ST_SD)'

2020-06-09 00:18:37 - [MESSAGE][PASSED] - Attribute 'value' of object 'Object Repository/Objects.HighlightElements/input_field_index' is: 'ST-SD Processing (ST_SD)'

2020-06-09 00:18:37 - [TEST_STEP][PASSED] - callTestCase(findTestCase(CallTCName), ["FindValue":ComboBoxValue, "DropdownNm":comboNm], STOP_ON_FAILURE): Call Test Case 'Test Cases/PFI Precision and Scale/HashMap Tables/ConstantHashMap' successfully

2020-06-09 00:18:37 - [TEST_CASE][PASSED] - Test Cases/PFI Precision and Scale/HashMap Tables/ConstantHashMap: Test Cases/PFI Precision and Scale/HashMap Tables/ConstantHashMap

2020-06-09 00:18:37 - [TEST_STEP][PASSED] - ConstantTBL = [1:["PeriodType":"Working Day(s)"], 2:["PeriodType":"Calendar Day(s)"], 3:["PeriodType":"Month(s)"], 4:["TypeOfLetter":"T1"], ... ]: null

2020-06-09 00:18:37 - [TEST_STEP][PASSED] - switch (DropdownNm): null

2020-06-09 00:18:37 - [TEST_STEP][PASSED] - case "SD":: null

2020-06-09 00:18:37 - [TEST_STEP][PASSED] - ValueFound = ConstantTBL.find({ -> ... }): null

2020-06-09 00:18:37 - [TEST_STEP][PASSED] - break: null

2020-06-09 00:18:37 - [MESSAGE][PASSED] - Call Test Case 'Test Cases/PFI Precision and Scale/HashMap Tables/ConstantHashMap' successfully

2020-06-09 00:18:37 - [TEST_STEP][PASSED] - println(ValueFound): null

2020-06-09 00:18:37 - [TEST_STEP][PASSED] - sendKeys(NewInputNmField, Keys.chord(ARROW_DOWN)): Keys 'DOWN + ' sent to object: 'Object Repository/Objects.HighlightElements/input_field_index'

2020-06-09 00:18:37 - [MESSAGE][PASSED] - Keys 'DOWN + ' sent to object: 'Object Repository/Objects.HighlightElements/input_field_index'

2020-06-09 00:18:37 - [TEST_STEP][PASSED] - sendKeys(NewInputNmField, Keys.chord(ENTER)): Keys 'ENTER + ' sent to object: 'Object Repository/Objects.HighlightElements/input_field_index'

2020-06-09 00:18:37 - [MESSAGE][PASSED] - Keys 'ENTER + ' sent to object: 'Object Repository/Objects.HighlightElements/input_field_index'

2020-06-09 00:18:37 - [MESSAGE][PASSED] - Call Test Case 'Test Cases/PFI Precision and Scale/PFI Components with Indexing/VerifyDropdownValuesXPI' successfully

2020-06-09 00:18:37 - [TEST_STEP][PASSED] - callTestCase(findTestCase("Components/SelectAllThenDeleteIndex"), ["nameToBeUsed":"inspModule", "index":"1"], STOP_ON_FAILURE): Call Test Case 'Test Cases/Components/SelectAllThenDeleteIndex' successfully

2020-06-09 00:18:37 - [TEST_CASE][PASSED] - Test Cases/Components/SelectAllThenDeleteIndex: Test Cases/Components/SelectAllThenDeleteIndex

2020-06-09 00:18:37 - [TEST_STEP][PASSED] - Thread.sleep(1000): null

2020-06-09 00:18:38 - [TEST_STEP][PASSED] - modifiedObj = modifyObjectProperty(findTestObject("Object Repository/Objects.HighlightElements/input_field_index"), "xpath", "equals", "(//*[contains(@class,'x-form-text') and (@name='" + nameToBeUsed + "')])[" + index + "]", true): Modify property of object successfully

2020-06-09 00:18:38 - [MESSAGE][PASSED] - Modify property of object successfully

2020-06-09 00:18:38 - [TEST_STEP][PASSED] - focus(modifiedObj): Object: 'Object Repository/Objects.HighlightElements/input_field_index' is focused

2020-06-09 00:18:39 - [MESSAGE][PASSED] - Object: 'Object Repository/Objects.HighlightElements/input_field_index' is focused

2020-06-09 00:18:39 - [TEST_STEP][PASSED] - sendKeys(modifiedObj, Keys.chord(CONTROL, "a")): Keys 'CONTROL + a' sent to object: 'Object Repository/Objects.HighlightElements/input_field_index'

2020-06-09 00:18:39 - [MESSAGE][PASSED] - Keys 'CONTROL + a' sent to object: 'Object Repository/Objects.HighlightElements/input_field_index'

2020-06-09 00:18:39 - [TEST_STEP][PASSED] - sendKeys(modifiedObj, Keys.chord(DELETE)): Keys 'DELETE + ' sent to object: 'Object Repository/Objects.HighlightElements/input_field_index'

2020-06-09 00:18:39 - [MESSAGE][PASSED] - Keys 'DELETE + ' sent to object: 'Object Repository/Objects.HighlightElements/input_field_index'

2020-06-09 00:18:39 - [MESSAGE][PASSED] - Call Test Case 'Test Cases/Components/SelectAllThenDeleteIndex' successfully

2020-06-09 00:18:39 - [TEST_STEP][PASSED] - callTestCase(findTestCase("PFI Precision and Scale/PFI Components with Indexing/VerifyDropdownValuesXPI"), ["FldNm":"inspModule", "index":1, "CallTCName":"PFI Precision and Scale/HashMap Tables/ConstantHashMap", "cmbNm":"ModuleNm", ... ], STOP_ON_FAILURE): Call Test Case 'Test Cases/PFI Precision and Scale/PFI Components with Indexing/VerifyDropdownValuesXPI' successfully

2020-06-09 00:18:39 - [TEST_CASE][PASSED] - Test Cases/PFI Precision and Scale/PFI Components with Indexing/VerifyDropdownValuesXPI: Test Cases/PFI Precision and Scale/PFI Components with Indexing/VerifyDropdownValuesXPI

2020-06-09 00:18:39 - [TEST_STEP][PASSED] - Thread.sleep(1000): null

2020-06-09 00:18:40 - [TEST_STEP][PASSED] - NewInputNmField = modifyObjectProperty(findTestObject("Object Repository/Objects.HighlightElements/input_field_index"), "xpath", "equals", "(//*[contains(@name, '" + FldNm + "')])[" + index + "]", true): Modify property of object successfully

2020-06-09 00:18:40 - [MESSAGE][PASSED] - Modify property of object successfully

2020-06-09 00:18:40 - [TEST_STEP][PASSED] - comboNm = cmbNm: null

2020-06-09 00:18:40 - [TEST_STEP][PASSED] - focus(NewInputNmField): Object: 'Object Repository/Objects.HighlightElements/input_field_index' is focused

2020-06-09 00:18:40 - [MESSAGE][PASSED] - Object: 'Object Repository/Objects.HighlightElements/input_field_index' is focused

2020-06-09 00:18:40 - [TEST_STEP][PASSED] - setText(NewInputNmField, EnterValue): Text 'FM' is set on object 'Object Repository/Objects.HighlightElements/input_field_index'

2020-06-09 00:18:40 - [MESSAGE][PASSED] - Text 'FM' is set on object 'Object Repository/Objects.HighlightElements/input_field_index'

2020-06-09 00:18:40 - [TEST_STEP][PASSED] - for ([i = 1, i <= NoOfVal, (i++)]): Keys 'DOWN + ' sent to object: 'Object Repository/Objects.HighlightElements/input_field_index'

2020-06-09 00:18:40 - [TEST_STEP][PASSED] - sendKeys(NewInputNmField, Keys.chord(ARROW_DOWN)): Keys 'DOWN + ' sent to object: 'Object Repository/Objects.HighlightElements/input_field_index'

2020-06-09 00:18:40 - [MESSAGE][PASSED] - Keys 'DOWN + ' sent to object: 'Object Repository/Objects.HighlightElements/input_field_index'

2020-06-09 00:18:40 - [TEST_STEP][PASSED] - delay(DelayTime): Delayed 0 second(s)

2020-06-09 00:18:40 - [MESSAGE][PASSED] - Delayed 0 second(s)

2020-06-09 00:18:40 - [TEST_STEP][PASSED] - sendKeys(NewInputNmField, Keys.chord(ENTER)): Keys 'ENTER + ' sent to object: 'Object Repository/Objects.HighlightElements/input_field_index'

2020-06-09 00:18:40 - [MESSAGE][PASSED] - Keys 'ENTER + ' sent to object: 'Object Repository/Objects.HighlightElements/input_field_index'

2020-06-09 00:18:40 - [TEST_STEP][PASSED] - ComboBoxValue = getAttribute(NewInputNmField, "value"): Attribute 'value' of object 'Object Repository/Objects.HighlightElements/input_field_index' is: 'FM'

2020-06-09 00:18:40 - [MESSAGE][PASSED] - Attribute 'value' of object 'Object Repository/Objects.HighlightElements/input_field_index' is: 'FM'

2020-06-09 00:18:40 - [TEST_STEP][PASSED] - callTestCase(findTestCase(CallTCName), ["FindValue":ComboBoxValue, "DropdownNm":comboNm], STOP_ON_FAILURE): Call Test Case 'Test Cases/PFI Precision and Scale/HashMap Tables/ConstantHashMap' successfully

2020-06-09 00:18:40 - [TEST_CASE][PASSED] - Test Cases/PFI Precision and Scale/HashMap Tables/ConstantHashMap: Test Cases/PFI Precision and Scale/HashMap Tables/ConstantHashMap

2020-06-09 00:18:40 - [TEST_STEP][PASSED] - ConstantTBL = [1:["PeriodType":"Working Day(s)"], 2:["PeriodType":"Calendar Day(s)"], 3:["PeriodType":"Month(s)"], 4:["TypeOfLetter":"T1"], ... ]: null

2020-06-09 00:18:40 - [TEST_STEP][PASSED] - switch (DropdownNm): null

2020-06-09 00:18:40 - [TEST_STEP][PASSED] - case "ModuleNm":: null

2020-06-09 00:18:40 - [TEST_STEP][PASSED] - ValueFound = ConstantTBL.find({ -> ... }): null

2020-06-09 00:18:40 - [TEST_STEP][PASSED] - break: null

2020-06-09 00:18:40 - [MESSAGE][PASSED] - Call Test Case 'Test Cases/PFI Precision and Scale/HashMap Tables/ConstantHashMap' successfully

2020-06-09 00:18:40 - [TEST_STEP][PASSED] - println(ValueFound): null

2020-06-09 00:18:40 - [TEST_STEP][PASSED] - sendKeys(NewInputNmField, Keys.chord(ARROW_DOWN)): Keys 'DOWN + ' sent to object: 'Object Repository/Objects.HighlightElements/input_field_index'

2020-06-09 00:18:40 - [MESSAGE][PASSED] - Keys 'DOWN + ' sent to object: 'Object Repository/Objects.HighlightElements/input_field_index'

2020-06-09 00:18:40 - [TEST_STEP][PASSED] - sendKeys(NewInputNmField, Keys.chord(ENTER)): Keys 'ENTER + ' sent to object: 'Object Repository/Objects.HighlightElements/input_field_index'

2020-06-09 00:18:40 - [MESSAGE][PASSED] - Keys 'ENTER + ' sent to object: 'Object Repository/Objects.HighlightElements/input_field_index'

2020-06-09 00:18:40 - [MESSAGE][PASSED] - Call Test Case 'Test Cases/PFI Precision and Scale/PFI Components with Indexing/VerifyDropdownValuesXPI' successfully

2020-06-09 00:18:40 - [TEST_STEP][PASSED] - callTestCase(findTestCase("PFI Precision and Scale/PFI Components with Indexing/VerifyDropdownValuesXPI"), ["FldNm":"inspCaseType", "index":1, "CallTCName":"PFI Precision and Scale/HashMap Tables/ConstantHashMap", "cmbNm":"FM", "NoOfVal":1, ... ], STOP_ON_FAILURE): Call Test Case 'Test Cases/PFI Precision and Scale/PFI Components with Indexing/VerifyDropdownValuesXPI' successfully

2020-06-09 00:18:40 - [TEST_CASE][PASSED] - Test Cases/PFI Precision and Scale/PFI Components with Indexing/VerifyDropdownValuesXPI: Test Cases/PFI Precision and Scale/PFI Components with Indexing/VerifyDropdownValuesXPI

2020-06-09 00:18:40 - [TEST_STEP][PASSED] - Thread.sleep(1000): null

2020-06-09 00:18:41 - [TEST_STEP][PASSED] - NewInputNmField = modifyObjectProperty(findTestObject("Object Repository/Objects.HighlightElements/input_field_index"), "xpath", "equals", "(//*[contains(@name, '" + FldNm + "')])[" + index + "]", true): Modify property of object successfully

2020-06-09 00:18:41 - [MESSAGE][PASSED] - Modify property of object successfully

2020-06-09 00:18:41 - [TEST_STEP][PASSED] - comboNm = cmbNm: null

2020-06-09 00:18:41 - [TEST_STEP][PASSED] - focus(NewInputNmField): Object: 'Object Repository/Objects.HighlightElements/input_field_index' is focused

2020-06-09 00:18:41 - [MESSAGE][PASSED] - Object: 'Object Repository/Objects.HighlightElements/input_field_index' is focused

2020-06-09 00:18:41 - [TEST_STEP][PASSED] - setText(NewInputNmField, EnterValue): Text '' is set on object 'Object Repository/Objects.HighlightElements/input_field_index'

2020-06-09 00:18:41 - [MESSAGE][PASSED] - Text '' is set on object 'Object Repository/Objects.HighlightElements/input_field_index'

2020-06-09 00:18:41 - [TEST_STEP][PASSED] - for ([i = 1, i <= NoOfVal, (i++)]): Keys 'DOWN + ' sent to object: 'Object Repository/Objects.HighlightElements/input_field_index'

2020-06-09 00:18:41 - [TEST_STEP][PASSED] - sendKeys(NewInputNmField, Keys.chord(ARROW_DOWN)): Keys 'DOWN + ' sent to object: 'Object Repository/Objects.HighlightElements/input_field_index'

2020-06-09 00:18:41 - [MESSAGE][PASSED] - Keys 'DOWN + ' sent to object: 'Object Repository/Objects.HighlightElements/input_field_index'

2020-06-09 00:18:41 - [TEST_STEP][PASSED] - delay(DelayTime): Delayed 2 second(s)

2020-06-09 00:18:43 - [MESSAGE][PASSED] - Delayed 2 second(s)

2020-06-09 00:18:43 - [TEST_STEP][PASSED] - sendKeys(NewInputNmField, Keys.chord(ENTER)): Keys 'ENTER + ' sent to object: 'Object Repository/Objects.HighlightElements/input_field_index'

2020-06-09 00:18:44 - [MESSAGE][PASSED] - Keys 'ENTER + ' sent to object: 'Object Repository/Objects.HighlightElements/input_field_index'

2020-06-09 00:18:44 - [TEST_STEP][PASSED] - ComboBoxValue = getAttribute(NewInputNmField, "value"): Attribute 'value' of object 'Object Repository/Objects.HighlightElements/input_field_index' is: 'Feedback Processing (FM)'

2020-06-09 00:18:44 - [MESSAGE][PASSED] - Attribute 'value' of object 'Object Repository/Objects.HighlightElements/input_field_index' is: 'Feedback Processing (FM)'

2020-06-09 00:18:44 - [TEST_STEP][PASSED] - callTestCase(findTestCase(CallTCName), ["FindValue":ComboBoxValue, "DropdownNm":comboNm], STOP_ON_FAILURE): Call Test Case 'Test Cases/PFI Precision and Scale/HashMap Tables/ConstantHashMap' successfully

2020-06-09 00:18:44 - [TEST_CASE][PASSED] - Test Cases/PFI Precision and Scale/HashMap Tables/ConstantHashMap: Test Cases/PFI Precision and Scale/HashMap Tables/ConstantHashMap

2020-06-09 00:18:44 - [TEST_STEP][PASSED] - ConstantTBL = [1:["PeriodType":"Working Day(s)"], 2:["PeriodType":"Calendar Day(s)"], 3:["PeriodType":"Month(s)"], 4:["TypeOfLetter":"T1"], ... ]: null

2020-06-09 00:18:44 - [TEST_STEP][PASSED] - switch (DropdownNm): null

2020-06-09 00:18:44 - [TEST_STEP][PASSED] - case "FM":: null

2020-06-09 00:18:44 - [TEST_STEP][PASSED] - ValueFound = ConstantTBL.find({ -> ... }): null

2020-06-09 00:18:44 - [TEST_STEP][PASSED] - break: null

2020-06-09 00:18:44 - [MESSAGE][PASSED] - Call Test Case 'Test Cases/PFI Precision and Scale/HashMap Tables/ConstantHashMap' successfully

2020-06-09 00:18:44 - [TEST_STEP][PASSED] - println(ValueFound): null

2020-06-09 00:18:44 - [TEST_STEP][PASSED] - sendKeys(NewInputNmField, Keys.chord(ARROW_DOWN)): Keys 'DOWN + ' sent to object: 'Object Repository/Objects.HighlightElements/input_field_index'

2020-06-09 00:18:44 - [MESSAGE][PASSED] - Keys 'DOWN + ' sent to object: 'Object Repository/Objects.HighlightElements/input_field_index'

2020-06-09 00:18:44 - [TEST_STEP][PASSED] - sendKeys(NewInputNmField, Keys.chord(ENTER)): Keys 'ENTER + ' sent to object: 'Object Repository/Objects.HighlightElements/input_field_index'

2020-06-09 00:18:44 - [MESSAGE][PASSED] - Keys 'ENTER + ' sent to object: 'Object Repository/Objects.HighlightElements/input_field_index'

2020-06-09 00:18:44 - [MESSAGE][PASSED] - Call Test Case 'Test Cases/PFI Precision and Scale/PFI Components with Indexing/VerifyDropdownValuesXPI' successfully

2020-06-09 00:18:44 - [TEST_STEP][PASSED] - callTestCase(findTestCase("Components/HighlightLabelFieldXPI"), ["LblName":"Inspection From Date", "index":1], STOP_ON_FAILURE): Call Test Case 'Test Cases/Components/HighlightLabelFieldXPI' successfully

2020-06-09 00:18:44 - [TEST_CASE][PASSED] - Test Cases/Components/HighlightLabelFieldXPI: Test Cases/Components/HighlightLabelFieldXPI

2020-06-09 00:18:44 - [TEST_STEP][PASSED] - Thread.sleep(1000): null

2020-06-09 00:18:45 - [TEST_STEP][PASSED] - modifiedLblNm = modifyObjectProperty(findTestObject("Object Repository/Objects.HighlightElements/lblField_index"), "xpath", "equals", "(//*[contains(@class, 'x-form-item-label-inner x-form-item-label-inner-default') and contains(., '" + LblName + "')])[" + index + "]", true): Modify property of object successfully

2020-06-09 00:18:45 - [MESSAGE][PASSED] - Modify property of object successfully

2020-06-09 00:18:45 - [TEST_STEP][PASSED] - com.reusableComponents.HighlightElement.run(modifiedLblNm): com.reusableComponents.HighlightElement.run is PASSED

2020-06-09 00:18:45 - [MESSAGE][PASSED] - com.reusableComponents.HighlightElement.run is PASSED

2020-06-09 00:18:45 - [MESSAGE][PASSED] - Call Test Case 'Test Cases/Components/HighlightLabelFieldXPI' successfully

2020-06-09 00:18:45 - [TEST_STEP][PASSED] - callTestCase(findTestCase("Components/HighlightInputFieldXPI"), ["FldNm":"inspDt", "index":1], STOP_ON_FAILURE): Call Test Case 'Test Cases/Components/HighlightInputFieldXPI' successfully

2020-06-09 00:18:45 - [TEST_CASE][PASSED] - Test Cases/Components/HighlightInputFieldXPI: Test Cases/Components/HighlightInputFieldXPI

2020-06-09 00:18:45 - [TEST_STEP][PASSED] - Thread.sleep(1000): null

2020-06-09 00:18:46 - [TEST_STEP][PASSED] - modifiedInputNm = modifyObjectProperty(findTestObject("Object Repository/Objects.HighlightElements/input_field_index"), "xpath", "equals", "(//*[contains(@name, '" + FldNm + "')])[" + index + "]", true): Modify property of object successfully

2020-06-09 00:18:46 - [MESSAGE][PASSED] - Modify property of object successfully

2020-06-09 00:18:46 - [TEST_STEP][PASSED] - com.reusableComponents.HighlightElement.run(modifiedInputNm): com.reusableComponents.HighlightElement.run is PASSED

2020-06-09 00:18:47 - [MESSAGE][PASSED] - com.reusableComponents.HighlightElement.run is PASSED

2020-06-09 00:18:47 - [MESSAGE][PASSED] - Call Test Case 'Test Cases/Components/HighlightInputFieldXPI' successfully

2020-06-09 00:18:47 - [TEST_STEP][PASSED] - callTestCase(findTestCase("Components/SelectAllThenDeleteIndex"), ["nameToBeUsed":"inspDt", "index":"1"], STOP_ON_FAILURE): Call Test Case 'Test Cases/Components/SelectAllThenDeleteIndex' successfully

2020-06-09 00:18:47 - [TEST_CASE][PASSED] - Test Cases/Components/SelectAllThenDeleteIndex: Test Cases/Components/SelectAllThenDeleteIndex

2020-06-09 00:18:47 - [TEST_STEP][PASSED] - Thread.sleep(1000): null

2020-06-09 00:18:48 - [TEST_STEP][PASSED] - modifiedObj = modifyObjectProperty(findTestObject("Object Repository/Objects.HighlightElements/input_field_index"), "xpath", "equals", "(//*[contains(@class,'x-form-text') and (@name='" + nameToBeUsed + "')])[" + index + "]", true): Modify property of object successfully

2020-06-09 00:18:48 - [MESSAGE][PASSED] - Modify property of object successfully

2020-06-09 00:18:48 - [TEST_STEP][PASSED] - focus(modifiedObj): Object: 'Object Repository/Objects.HighlightElements/input_field_index' is focused

2020-06-09 00:18:48 - [MESSAGE][PASSED] - Object: 'Object Repository/Objects.HighlightElements/input_field_index' is focused

2020-06-09 00:18:48 - [TEST_STEP][PASSED] - sendKeys(modifiedObj, Keys.chord(CONTROL, "a")): Keys 'CONTROL + a' sent to object: 'Object Repository/Objects.HighlightElements/input_field_index'

2020-06-09 00:18:48 - [MESSAGE][PASSED] - Keys 'CONTROL + a' sent to object: 'Object Repository/Objects.HighlightElements/input_field_index'

2020-06-09 00:18:48 - [TEST_STEP][PASSED] - sendKeys(modifiedObj, Keys.chord(DELETE)): Keys 'DELETE + ' sent to object: 'Object Repository/Objects.HighlightElements/input_field_index'

2020-06-09 00:18:48 - [MESSAGE][PASSED] - Keys 'DELETE + ' sent to object: 'Object Repository/Objects.HighlightElements/input_field_index'

2020-06-09 00:18:48 - [MESSAGE][PASSED] - Call Test Case 'Test Cases/Components/SelectAllThenDeleteIndex' successfully

2020-06-09 00:18:48 - [TEST_STEP][PASSED] - callTestCase(findTestCase("PFI Precision and Scale/PFI Components with Indexing/NumericTextboxValidationIndex"), ["nameToBeUsed":"inspDt", "index":1, "minLen":4], STOP_ON_FAILURE): Call Test Case 'Test Cases/PFI Precision and Scale/PFI Components with Indexing/NumericTextboxValidationIndex' successfully

2020-06-09 00:18:48 - [TEST_CASE][PASSED] - Test Cases/PFI Precision and Scale/PFI Components with Indexing/NumericTextboxValidationIndex: Test Cases/PFI Precision and Scale/PFI Components with Indexing/NumericTextboxValidationIndex

2020-06-09 00:18:48 - [TEST_STEP][PASSED] - Thread.sleep(1000): null

2020-06-09 00:18:49 - [TEST_STEP][PASSED] - Numeric = "0123456789": null

2020-06-09 00:18:49 - [TEST_STEP][PASSED] - AlphaSpecialChar = z) + "`~!@#$%^&*()=_{}|\][;'":,?><"".join(): null

2020-06-09 00:18:49 - [TEST_STEP][PASSED] - RandomNumeric = RandomStringUtils.random(minLen, Numeric.toCharArray()): null

2020-06-09 00:18:49 - [TEST_STEP][PASSED] - RandomString = RandomStringUtils.random(minLen, AlphaSpecialChar): null

2020-06-09 00:18:49 - [TEST_STEP][PASSED] - regexPat = Pattern.compile("^[0-9]+$"): null

2020-06-09 00:18:49 - [TEST_STEP][PASSED] - NewInputNmField = modifyObjectProperty(findTestObject("Object Repository/Objects.HighlightElements/input_field_index"), "xpath", "equals", "(//*[contains(@class,'x-form-text') and (@name='" + nameToBeUsed + "')])[" + index + "]", true): Modify property of object successfully

2020-06-09 00:18:49 - [MESSAGE][PASSED] - Modify property of object successfully

2020-06-09 00:18:49 - [TEST_STEP][PASSED] - focus(NewInputNmField): Object: 'Object Repository/Objects.HighlightElements/input_field_index' is focused

2020-06-09 00:18:49 - [MESSAGE][PASSED] - Object: 'Object Repository/Objects.HighlightElements/input_field_index' is focused

2020-06-09 00:18:49 - [TEST_STEP][PASSED] - setText(NewInputNmField, RandomString): Text '!,qV' is set on object 'Object Repository/Objects.HighlightElements/input_field_index'

2020-06-09 00:18:50 - [MESSAGE][PASSED] - Text '!,qV' is set on object 'Object Repository/Objects.HighlightElements/input_field_index'

2020-06-09 00:18:50 - [TEST_STEP][PASSED] - GetInputVal = getAttribute(NewInputNmField, "value"): Attribute 'value' of object 'Object Repository/Objects.HighlightElements/input_field_index' is: ''

2020-06-09 00:18:50 - [MESSAGE][PASSED] - Attribute 'value' of object 'Object Repository/Objects.HighlightElements/input_field_index' is: ''

2020-06-09 00:18:50 - [TEST_STEP][PASSED] - if (GetInputVal.contains("e")): null

2020-06-09 00:18:50 - [TEST_STEP][PASSED] - else: Actual text '' and expected text '' are matched  using regular expression

2020-06-09 00:18:50 - [TEST_STEP][PASSED] - verifyMatch(GetInputVal, "", true): Actual text '' and expected text '' are matched  using regular expression

2020-06-09 00:18:50 - [MESSAGE][PASSED] - Actual text '' and expected text '' are matched  using regular expression

2020-06-09 00:18:50 - [TEST_STEP][PASSED] - setText(NewInputNmField, RandomNumeric): Text '8110' is set on object 'Object Repository/Objects.HighlightElements/input_field_index'

2020-06-09 00:18:50 - [MESSAGE][PASSED] - Text '8110' is set on object 'Object Repository/Objects.HighlightElements/input_field_index'

2020-06-09 00:18:50 - [TEST_STEP][PASSED] - GetEnteredIntegers = getAttribute(NewInputNmField, "value"): Attribute 'value' of object 'Object Repository/Objects.HighlightElements/input_field_index' is: '8110'

2020-06-09 00:18:50 - [MESSAGE][PASSED] - Attribute 'value' of object 'Object Repository/Objects.HighlightElements/input_field_index' is: '8110'

2020-06-09 00:18:50 - [TEST_STEP][PASSED] - matchStr = regexPat.matcher(GetEnteredIntegers): null

2020-06-09 00:18:50 - [TEST_STEP][PASSED] - if (matchStr.matches() == true): Accepting Numeric

2020-06-09 00:18:50 - [TEST_STEP][PASSED] - comment("Accepting Numeric"): Accepting Numeric

2020-06-09 00:18:50 - [MESSAGE][INFO] - Accepting Numeric

2020-06-09 00:18:50 - [MESSAGE][PASSED] - Call Test Case 'Test Cases/PFI Precision and Scale/PFI Components with Indexing/NumericTextboxValidationIndex' successfully

2020-06-09 00:18:50 - [TEST_STEP][PASSED] - callTestCase(findTestCase("PFI Precision and Scale/PFI Components with Indexing/StartTimeErrorIndex"), ["FldNm":"inspDt", "index":1], STOP_ON_FAILURE): Call Test Case 'Test Cases/PFI Precision and Scale/PFI Components with Indexing/StartTimeErrorIndex' successfully

2020-06-09 00:18:50 - [TEST_CASE][PASSED] - Test Cases/PFI Precision and Scale/PFI Components with Indexing/StartTimeErrorIndex: Test Cases/PFI Precision and Scale/PFI Components with Indexing/StartTimeErrorIndex

2020-06-09 00:18:50 - [TEST_STEP][PASSED] - Thread.sleep(5000): null

2020-06-09 00:18:55 - [TEST_STEP][PASSED] - NewInputNmField = modifyObjectProperty(findTestObject("Object Repository/Objects.HighlightElements/input_field_index"), "xpath", "equals", "(//*[contains(@name, '" + FldNm + "')])[" + index + "]", true): Modify property of object successfully

2020-06-09 00:18:55 - [MESSAGE][PASSED] - Modify property of object successfully

2020-06-09 00:18:55 - [TEST_STEP][PASSED] - delay(5): Delayed 5 second(s)

2020-06-09 00:19:00 - [MESSAGE][PASSED] - Delayed 5 second(s)

2020-06-09 00:19:00 - [TEST_STEP][PASSED] - mouseOver(NewInputNmField): Object: 'Object Repository/Objects.HighlightElements/input_field_index' is hovered

2020-06-09 00:19:00 - [MESSAGE][PASSED] - Object: 'Object Repository/Objects.HighlightElements/input_field_index' is hovered

2020-06-09 00:19:00 - [TEST_STEP][PASSED] - getInputInvalidDate = getAttribute(NewInputNmField, "value"): Attribute 'value' of object 'Object Repository/Objects.HighlightElements/input_field_index' is: '8110'

2020-06-09 00:19:00 - [MESSAGE][PASSED] - Attribute 'value' of object 'Object Repository/Objects.HighlightElements/input_field_index' is: '8110'

2020-06-09 00:19:00 - [TEST_STEP][PASSED] - getErrMsg = getAttribute(NewInputNmField, "data-errorqtip"): Attribute 'data-errorqtip' of object 'Object Repository/Objects.HighlightElements/input_field_index' is: '<ul class="x-list-plain"><li>Start time must be less than end time</li><li>8110 is not a valid date - it must be in the format d/m/Y</li></ul>'

2020-06-09 00:19:00 - [MESSAGE][PASSED] - Attribute 'data-errorqtip' of object 'Object Repository/Objects.HighlightElements/input_field_index' is: '<ul class="x-list-plain"><li>Start time must be less than end time</li><li>8110 is not a valid date - it must be in the format d/m/Y</li></ul>'

2020-06-09 00:19:00 - [TEST_STEP][PASSED] - RmvCd = getErrMsg.substring(0, 75): null

2020-06-09 00:19:00 - [TEST_STEP][PASSED] - FirstErrMsg = RmvCd.substring(29, 66): null

2020-06-09 00:19:00 - [TEST_STEP][PASSED] - getTotalLength = getErrMsg.length(): null

2020-06-09 00:19:00 - [TEST_STEP][PASSED] - RmvCd = getErrMsg.substring(75, getTotalLength): null

2020-06-09 00:19:00 - [TEST_STEP][PASSED] - lenInv = RmvCd.length() - 10: null

2020-06-09 00:19:00 - [TEST_STEP][PASSED] - InvErrMsg = RmvCd.substring(0, lenInv): null

2020-06-09 00:19:00 - [TEST_STEP][PASSED] - ExpectedInvalidErrMsg2 = concatenate(InvDtErr, " ", getInputInvalidDate, " ", NotValidDt): Concatenated string array: '['Start time must be less than end time',' ','8110',' ','is not a valid date - it must be in the format d/m/Y']' into 'Start time must be less than end time 8110 is not a valid date - it must be in the format d/m/Y'

2020-06-09 00:19:00 - [MESSAGE][PASSED] - Concatenated string array: '['Start time must be less than end time',' ','8110',' ','is not a valid date - it must be in the format d/m/Y']' into 'Start time must be less than end time 8110 is not a valid date - it must be in the format d/m/Y'

2020-06-09 00:19:00 - [TEST_STEP][PASSED] - ActualInvErrMsg = concatenate(FirstErrMsg, " ", InvErrMsg): Concatenated string array: '['Start time must be less than end time',' ','8110 is not a valid date - it must be in the format d/m/Y']' into 'Start time must be less than end time 8110 is not a valid date - it must be in the format d/m/Y'

2020-06-09 00:19:00 - [MESSAGE][PASSED] - Concatenated string array: '['Start time must be less than end time',' ','8110 is not a valid date - it must be in the format d/m/Y']' into 'Start time must be less than end time 8110 is not a valid date - it must be in the format d/m/Y'

2020-06-09 00:19:00 - [TEST_STEP][PASSED] - verifyMatch(ActualInvErrMsg, ExpectedInvalidErrMsg2, true): Actual text 'Start time must be less than end time 8110 is not a valid date - it must be in the format d/m/Y' and expected text 'Start time must be less than end time 8110 is not a valid date - it must be in the format d/m/Y' are matched  using regular expression

2020-06-09 00:19:00 - [MESSAGE][PASSED] - Actual text 'Start time must be less than end time 8110 is not a valid date - it must be in the format d/m/Y' and expected text 'Start time must be less than end time 8110 is not a valid date - it must be in the format d/m/Y' are matched  using regular expression

2020-06-09 00:19:00 - [MESSAGE][PASSED] - Call Test Case 'Test Cases/PFI Precision and Scale/PFI Components with Indexing/StartTimeErrorIndex' successfully

2020-06-09 00:19:00 - [TEST_STEP][PASSED] - callTestCase(findTestCase("PFI Precision and Scale/PFI Components with Indexing/SelectDayInDatePickerWithIndexII"), ["FldNm":"inspDt", "SelectCurrentDay":"3", "index":13, "idx":1], STOP_ON_FAILURE): Call Test Case 'Test Cases/PFI Precision and Scale/PFI Components with Indexing/SelectDayInDatePickerWithIndexII' successfully

2020-06-09 00:19:00 - [TEST_CASE][PASSED] - Test Cases/PFI Precision and Scale/PFI Components with Indexing/SelectDayInDatePickerWithIndexII: Test Cases/PFI Precision and Scale/PFI Components with Indexing/SelectDayInDatePickerWithIndexII

2020-06-09 00:19:01 - [TEST_STEP][PASSED] - Thread.sleep(1000): null

2020-06-09 00:19:02 - [TEST_STEP][PASSED] - DateInputFld = modifyObjectProperty(findTestObject("Objects.HighlightElements/input_field_index"), "xpath", "equals", "(//*[contains(@class,'x-form-text') and (@name='" + FldNm + "')])[" + idx + "]", true): Modify property of object successfully

2020-06-09 00:19:02 - [MESSAGE][PASSED] - Modify property of object successfully

2020-06-09 00:19:02 - [TEST_STEP][PASSED] - ModifiedDay = modifyObjectProperty(findTestObject("Objects.DateValidation/Page_ISPS2/Select_Day_Index"), "xpath", "equals", "(//*[contains(@class, 'x-datepicker-date') and (text() = '" + SelectCurrentDay + "')])[" + index + "]", true): Modify property of object successfully

2020-06-09 00:19:02 - [MESSAGE][PASSED] - Modify property of object successfully

2020-06-09 00:19:02 - [TEST_STEP][PASSED] - sendKeys(DateInputFld, Keys.chord(ARROW_DOWN)): Keys 'DOWN + ' sent to object: 'Object Repository/Objects.HighlightElements/input_field_index'

2020-06-09 00:19:02 - [MESSAGE][PASSED] - Keys 'DOWN + ' sent to object: 'Object Repository/Objects.HighlightElements/input_field_index'

2020-06-09 00:19:02 - [TEST_STEP][PASSED] - com.reusableComponents.HighlightElement.run(ModifiedDay): com.reusableComponents.HighlightElement.run is PASSED

2020-06-09 00:19:02 - [MESSAGE][PASSED] - com.reusableComponents.HighlightElement.run is PASSED

2020-06-09 00:19:02 - [TEST_STEP][PASSED] - delay(1): Delayed 1 second(s)

2020-06-09 00:19:03 - [MESSAGE][PASSED] - Delayed 1 second(s)

2020-06-09 00:19:03 - [TEST_STEP][PASSED] - click(ModifiedDay): Object: 'Object Repository/Objects.DateValidation/Page_ISPS2/Select_Day_Index' is clicked on

2020-06-09 00:19:03 - [MESSAGE][PASSED] - Object: 'Object Repository/Objects.DateValidation/Page_ISPS2/Select_Day_Index' is clicked on

2020-06-09 00:19:03 - [TEST_STEP][PASSED] - GetError = getAttribute(DateInputFld, "data-errorqtip"): Attribute 'data-errorqtip' of object 'Object Repository/Objects.HighlightElements/input_field_index' is: ''

2020-06-09 00:19:03 - [MESSAGE][PASSED] - Attribute 'data-errorqtip' of object 'Object Repository/Objects.HighlightElements/input_field_index' is: ''

2020-06-09 00:19:03 - [TEST_STEP][PASSED] - if (GetError == ""): Date Format is valid

2020-06-09 00:19:03 - [TEST_STEP][PASSED] - GetEnteredDate = getAttribute(DateInputFld, "value"): Attribute 'value' of object 'Object Repository/Objects.HighlightElements/input_field_index' is: '03/06/2020'

2020-06-09 00:19:03 - [MESSAGE][PASSED] - Attribute 'value' of object 'Object Repository/Objects.HighlightElements/input_field_index' is: '03/06/2020'

2020-06-09 00:19:03 - [TEST_STEP][PASSED] - DatePattern = Pattern.compile("^(1[0-2]|0[1-9])/(3[01]|[12][0-9]|0[1-9])/[0-9]{4}$"): null

2020-06-09 00:19:03 - [TEST_STEP][PASSED] - VerifyDateFormat = DatePattern.matcher(GetEnteredDate): null

2020-06-09 00:19:03 - [TEST_STEP][PASSED] - if (VerifyDateFormat.matches() == true): Date Format is valid

2020-06-09 00:19:03 - [TEST_STEP][PASSED] - comment("Date Format is valid"): Date Format is valid

2020-06-09 00:19:03 - [MESSAGE][INFO] - Date Format is valid

2020-06-09 00:19:03 - [MESSAGE][PASSED] - Call Test Case 'Test Cases/PFI Precision and Scale/PFI Components with Indexing/SelectDayInDatePickerWithIndexII' successfully

2020-06-09 00:19:03 - [TEST_STEP][PASSED] - callTestCase(findTestCase("PFI Precision and Scale/PFI Components with Indexing/SelectTodayInDatePickerIndex"), ["FldNm":"inspDt", "index":7, "idx":1], STOP_ON_FAILURE): Call Test Case 'Test Cases/PFI Precision and Scale/PFI Components with Indexing/SelectTodayInDatePickerIndex' successfully

2020-06-09 00:19:03 - [TEST_CASE][PASSED] - Test Cases/PFI Precision and Scale/PFI Components with Indexing/SelectTodayInDatePickerIndex: Test Cases/PFI Precision and Scale/PFI Components with Indexing/SelectTodayInDatePickerIndex

2020-06-09 00:19:04 - [TEST_STEP][PASSED] - Thread.sleep(1000): null

2020-06-09 00:19:05 - [TEST_STEP][PASSED] - date = new java.util.Date(): null

2020-06-09 00:19:05 - [TEST_STEP][PASSED] - CurrentDate = new java.text.SimpleDateFormat(dd/MM/yyyy): null

2020-06-09 00:19:05 - [TEST_STEP][PASSED] - TodayDate = CurrentDate.format(date): null

2020-06-09 00:19:05 - [TEST_STEP][PASSED] - DateFieldNm = modifyObjectProperty(findTestObject("Objects.HighlightElements/input_field_index"), "xpath", "equals", "(//*[contains(@class,'x-form-text') and (@name='" + FldNm + "')])[" + idx + "]", true): Modify property of object successfully

2020-06-09 00:19:05 - [MESSAGE][PASSED] - Modify property of object successfully

2020-06-09 00:19:05 - [TEST_STEP][PASSED] - TodayBtn = modifyObjectProperty(findTestObject("Object Repository/Objects.DateValidation/Page_ISPS2/a_Today"), "xpath", "equals", "(//*[text() = 'Today'])[" + index + "]", true): Modify property of object successfully

2020-06-09 00:19:05 - [MESSAGE][PASSED] - Modify property of object successfully

2020-06-09 00:19:05 - [TEST_STEP][PASSED] - sendKeys(DateFieldNm, Keys.chord(ARROW_DOWN)): Keys 'DOWN + ' sent to object: 'Object Repository/Objects.HighlightElements/input_field_index'

2020-06-09 00:19:05 - [MESSAGE][PASSED] - Keys 'DOWN + ' sent to object: 'Object Repository/Objects.HighlightElements/input_field_index'

2020-06-09 00:19:05 - [TEST_STEP][PASSED] - com.reusableComponents.HighlightElement.run(TodayBtn): com.reusableComponents.HighlightElement.run is PASSED

2020-06-09 00:19:05 - [MESSAGE][PASSED] - com.reusableComponents.HighlightElement.run is PASSED

2020-06-09 00:19:05 - [TEST_STEP][PASSED] - click(TodayBtn): Object: 'Object Repository/Objects.DateValidation/Page_ISPS2/a_Today' is clicked on

2020-06-09 00:19:05 - [MESSAGE][PASSED] - Object: 'Object Repository/Objects.DateValidation/Page_ISPS2/a_Today' is clicked on

2020-06-09 00:19:05 - [TEST_STEP][PASSED] - GetEnteredDate = getAttribute(DateFieldNm, "value"): Attribute 'value' of object 'Object Repository/Objects.HighlightElements/input_field_index' is: '09/06/2020'

2020-06-09 00:19:05 - [MESSAGE][PASSED] - Attribute 'value' of object 'Object Repository/Objects.HighlightElements/input_field_index' is: '09/06/2020'

2020-06-09 00:19:05 - [TEST_STEP][PASSED] - verifyMatch(GetEnteredDate, TodayDate, true): Actual text '09/06/2020' and expected text '09/06/2020' are matched  using regular expression

2020-06-09 00:19:05 - [MESSAGE][PASSED] - Actual text '09/06/2020' and expected text '09/06/2020' are matched  using regular expression

2020-06-09 00:19:05 - [MESSAGE][PASSED] - Call Test Case 'Test Cases/PFI Precision and Scale/PFI Components with Indexing/SelectTodayInDatePickerIndex' successfully

2020-06-09 00:19:05 - [TEST_STEP][PASSED] - callTestCase(findTestCase("Components/HighlightLabelFieldXPI"), ["LblName":"Inspection To Date", "index":1], STOP_ON_FAILURE): Call Test Case 'Test Cases/Components/HighlightLabelFieldXPI' successfully

2020-06-09 00:19:05 - [TEST_CASE][PASSED] - Test Cases/Components/HighlightLabelFieldXPI: Test Cases/Components/HighlightLabelFieldXPI

2020-06-09 00:19:05 - [TEST_STEP][PASSED] - Thread.sleep(1000): null

2020-06-09 00:19:06 - [TEST_STEP][PASSED] - modifiedLblNm = modifyObjectProperty(findTestObject("Object Repository/Objects.HighlightElements/lblField_index"), "xpath", "equals", "(//*[contains(@class, 'x-form-item-label-inner x-form-item-label-inner-default') and contains(., '" + LblName + "')])[" + index + "]", true): Modify property of object successfully

2020-06-09 00:19:06 - [MESSAGE][PASSED] - Modify property of object successfully

2020-06-09 00:19:06 - [TEST_STEP][PASSED] - com.reusableComponents.HighlightElement.run(modifiedLblNm): com.reusableComponents.HighlightElement.run is PASSED

2020-06-09 00:19:07 - [MESSAGE][PASSED] - com.reusableComponents.HighlightElement.run is PASSED

2020-06-09 00:19:07 - [MESSAGE][PASSED] - Call Test Case 'Test Cases/Components/HighlightLabelFieldXPI' successfully

2020-06-09 00:19:07 - [TEST_STEP][PASSED] - callTestCase(findTestCase("Components/HighlightInputFieldXPI"), ["FldNm":"inspToDt", "index":1], STOP_ON_FAILURE): Call Test Case 'Test Cases/Components/HighlightInputFieldXPI' successfully

2020-06-09 00:19:07 - [TEST_CASE][PASSED] - Test Cases/Components/HighlightInputFieldXPI: Test Cases/Components/HighlightInputFieldXPI

2020-06-09 00:19:07 - [TEST_STEP][PASSED] - Thread.sleep(1000): null

2020-06-09 00:19:08 - [TEST_STEP][PASSED] - modifiedInputNm = modifyObjectProperty(findTestObject("Object Repository/Objects.HighlightElements/input_field_index"), "xpath", "equals", "(//*[contains(@name, '" + FldNm + "')])[" + index + "]", true): Modify property of object successfully

2020-06-09 00:19:08 - [MESSAGE][PASSED] - Modify property of object successfully

2020-06-09 00:19:08 - [TEST_STEP][PASSED] - com.reusableComponents.HighlightElement.run(modifiedInputNm): com.reusableComponents.HighlightElement.run is PASSED

2020-06-09 00:19:08 - [MESSAGE][PASSED] - com.reusableComponents.HighlightElement.run is PASSED

2020-06-09 00:19:08 - [MESSAGE][PASSED] - Call Test Case 'Test Cases/Components/HighlightInputFieldXPI' successfully

2020-06-09 00:19:08 - [TEST_STEP][PASSED] - callTestCase(findTestCase("Components/SelectAllThenDeleteIndex"), ["nameToBeUsed":"noOfBldg", "index":"1"], STOP_ON_FAILURE): Call Test Case 'Test Cases/Components/SelectAllThenDeleteIndex' successfully

2020-06-09 00:19:08 - [TEST_CASE][PASSED] - Test Cases/Components/SelectAllThenDeleteIndex: Test Cases/Components/SelectAllThenDeleteIndex

2020-06-09 00:19:08 - [TEST_STEP][PASSED] - Thread.sleep(1000): null

2020-06-09 00:19:09 - [TEST_STEP][PASSED] - modifiedObj = modifyObjectProperty(findTestObject("Object Repository/Objects.HighlightElements/input_field_index"), "xpath", "equals", "(//*[contains(@class,'x-form-text') and (@name='" + nameToBeUsed + "')])[" + index + "]", true): Modify property of object successfully

2020-06-09 00:19:10 - [MESSAGE][PASSED] - Modify property of object successfully

2020-06-09 00:19:10 - [TEST_STEP][PASSED] - focus(modifiedObj): Object: 'Object Repository/Objects.HighlightElements/input_field_index' is focused

2020-06-09 00:19:10 - [MESSAGE][PASSED] - Object: 'Object Repository/Objects.HighlightElements/input_field_index' is focused

2020-06-09 00:19:10 - [TEST_STEP][PASSED] - sendKeys(modifiedObj, Keys.chord(CONTROL, "a")): Keys 'CONTROL + a' sent to object: 'Object Repository/Objects.HighlightElements/input_field_index'

2020-06-09 00:19:10 - [MESSAGE][PASSED] - Keys 'CONTROL + a' sent to object: 'Object Repository/Objects.HighlightElements/input_field_index'

2020-06-09 00:19:10 - [TEST_STEP][PASSED] - sendKeys(modifiedObj, Keys.chord(DELETE)): Keys 'DELETE + ' sent to object: 'Object Repository/Objects.HighlightElements/input_field_index'

2020-06-09 00:19:10 - [MESSAGE][PASSED] - Keys 'DELETE + ' sent to object: 'Object Repository/Objects.HighlightElements/input_field_index'

2020-06-09 00:19:10 - [MESSAGE][PASSED] - Call Test Case 'Test Cases/Components/SelectAllThenDeleteIndex' successfully

2020-06-09 00:19:10 - [TEST_STEP][PASSED] - callTestCase(findTestCase("PFI Precision and Scale/PFI Components with Indexing/NumericTextboxValidationIndex"), ["nameToBeUsed":"inspToDt", "index":1, "minLen":9], STOP_ON_FAILURE): Call Test Case 'Test Cases/PFI Precision and Scale/PFI Components with Indexing/NumericTextboxValidationIndex' successfully

2020-06-09 00:19:10 - [TEST_CASE][PASSED] - Test Cases/PFI Precision and Scale/PFI Components with Indexing/NumericTextboxValidationIndex: Test Cases/PFI Precision and Scale/PFI Components with Indexing/NumericTextboxValidationIndex

2020-06-09 00:19:10 - [TEST_STEP][PASSED] - Thread.sleep(1000): null

2020-06-09 00:19:11 - [TEST_STEP][PASSED] - Numeric = "0123456789": null

2020-06-09 00:19:11 - [TEST_STEP][PASSED] - AlphaSpecialChar = z) + "`~!@#$%^&*()=_{}|\][;'":,?><"".join(): null

2020-06-09 00:19:11 - [TEST_STEP][PASSED] - RandomNumeric = RandomStringUtils.random(minLen, Numeric.toCharArray()): null

2020-06-09 00:19:11 - [TEST_STEP][PASSED] - RandomString = RandomStringUtils.random(minLen, AlphaSpecialChar): null

2020-06-09 00:19:11 - [TEST_STEP][PASSED] - regexPat = Pattern.compile("^[0-9]+$"): null

2020-06-09 00:19:11 - [TEST_STEP][PASSED] - NewInputNmField = modifyObjectProperty(findTestObject("Object Repository/Objects.HighlightElements/input_field_index"), "xpath", "equals", "(//*[contains(@class,'x-form-text') and (@name='" + nameToBeUsed + "')])[" + index + "]", true): Modify property of object successfully

2020-06-09 00:19:11 - [MESSAGE][PASSED] - Modify property of object successfully

2020-06-09 00:19:11 - [TEST_STEP][PASSED] - focus(NewInputNmField): Object: 'Object Repository/Objects.HighlightElements/input_field_index' is focused

2020-06-09 00:19:11 - [MESSAGE][PASSED] - Object: 'Object Repository/Objects.HighlightElements/input_field_index' is focused

2020-06-09 00:19:11 - [TEST_STEP][PASSED] - setText(NewInputNmField, RandomString): Text 'GYtE('vhP' is set on object 'Object Repository/Objects.HighlightElements/input_field_index'

2020-06-09 00:19:11 - [MESSAGE][PASSED] - Text 'GYtE('vhP' is set on object 'Object Repository/Objects.HighlightElements/input_field_index'

2020-06-09 00:19:11 - [TEST_STEP][PASSED] - GetInputVal = getAttribute(NewInputNmField, "value"): Attribute 'value' of object 'Object Repository/Objects.HighlightElements/input_field_index' is: ''

2020-06-09 00:19:11 - [MESSAGE][PASSED] - Attribute 'value' of object 'Object Repository/Objects.HighlightElements/input_field_index' is: ''

2020-06-09 00:19:11 - [TEST_STEP][PASSED] - if (GetInputVal.contains("e")): null

2020-06-09 00:19:11 - [TEST_STEP][PASSED] - else: Actual text '' and expected text '' are matched  using regular expression

2020-06-09 00:19:11 - [TEST_STEP][PASSED] - verifyMatch(GetInputVal, "", true): Actual text '' and expected text '' are matched  using regular expression

2020-06-09 00:19:11 - [MESSAGE][PASSED] - Actual text '' and expected text '' are matched  using regular expression

2020-06-09 00:19:11 - [TEST_STEP][PASSED] - setText(NewInputNmField, RandomNumeric): Text '156456648' is set on object 'Object Repository/Objects.HighlightElements/input_field_index'

2020-06-09 00:19:11 - [MESSAGE][PASSED] - Text '156456648' is set on object 'Object Repository/Objects.HighlightElements/input_field_index'

2020-06-09 00:19:11 - [TEST_STEP][PASSED] - GetEnteredIntegers = getAttribute(NewInputNmField, "value"): Attribute 'value' of object 'Object Repository/Objects.HighlightElements/input_field_index' is: '156456648'

2020-06-09 00:19:11 - [MESSAGE][PASSED] - Attribute 'value' of object 'Object Repository/Objects.HighlightElements/input_field_index' is: '156456648'

2020-06-09 00:19:11 - [TEST_STEP][PASSED] - matchStr = regexPat.matcher(GetEnteredIntegers): null

2020-06-09 00:19:11 - [TEST_STEP][PASSED] - if (matchStr.matches() == true): Accepting Numeric

2020-06-09 00:19:11 - [TEST_STEP][PASSED] - comment("Accepting Numeric"): Accepting Numeric

2020-06-09 00:19:11 - [MESSAGE][INFO] - Accepting Numeric

2020-06-09 00:19:11 - [MESSAGE][PASSED] - Call Test Case 'Test Cases/PFI Precision and Scale/PFI Components with Indexing/NumericTextboxValidationIndex' successfully

2020-06-09 00:19:11 - [TEST_STEP][PASSED] - callTestCase(findTestCase("PFI Precision and Scale/PFI Components with Indexing/StartTimeErrorIndex"), ["FldNm":"inspToDt", "index":1], STOP_ON_FAILURE): Call Test Case 'Test Cases/PFI Precision and Scale/PFI Components with Indexing/StartTimeErrorIndex' successfully

2020-06-09 00:19:11 - [TEST_CASE][PASSED] - Test Cases/PFI Precision and Scale/PFI Components with Indexing/StartTimeErrorIndex: Test Cases/PFI Precision and Scale/PFI Components with Indexing/StartTimeErrorIndex

2020-06-09 00:19:11 - [TEST_STEP][PASSED] - Thread.sleep(5000): null

2020-06-09 00:19:16 - [TEST_STEP][PASSED] - NewInputNmField = modifyObjectProperty(findTestObject("Object Repository/Objects.HighlightElements/input_field_index"), "xpath", "equals", "(//*[contains(@name, '" + FldNm + "')])[" + index + "]", true): Modify property of object successfully

2020-06-09 00:19:16 - [MESSAGE][PASSED] - Modify property of object successfully

2020-06-09 00:19:16 - [TEST_STEP][PASSED] - delay(5): Delayed 5 second(s)

2020-06-09 00:19:21 - [MESSAGE][PASSED] - Delayed 5 second(s)

2020-06-09 00:19:21 - [TEST_STEP][PASSED] - mouseOver(NewInputNmField): Object: 'Object Repository/Objects.HighlightElements/input_field_index' is hovered

2020-06-09 00:19:21 - [MESSAGE][PASSED] - Object: 'Object Repository/Objects.HighlightElements/input_field_index' is hovered

2020-06-09 00:19:21 - [TEST_STEP][PASSED] - getInputInvalidDate = getAttribute(NewInputNmField, "value"): Attribute 'value' of object 'Object Repository/Objects.HighlightElements/input_field_index' is: '156456648'

2020-06-09 00:19:21 - [MESSAGE][PASSED] - Attribute 'value' of object 'Object Repository/Objects.HighlightElements/input_field_index' is: '156456648'

2020-06-09 00:19:21 - [TEST_STEP][PASSED] - getErrMsg = getAttribute(NewInputNmField, "data-errorqtip"): Attribute 'data-errorqtip' of object 'Object Repository/Objects.HighlightElements/input_field_index' is: '<ul class="x-list-plain"><li>Start time must be less than end time</li><li>156456648 is not a valid date - it must be in the format d/m/Y</li></ul>'

2020-06-09 00:19:21 - [MESSAGE][PASSED] - Attribute 'data-errorqtip' of object 'Object Repository/Objects.HighlightElements/input_field_index' is: '<ul class="x-list-plain"><li>Start time must be less than end time</li><li>156456648 is not a valid date - it must be in the format d/m/Y</li></ul>'

2020-06-09 00:19:21 - [TEST_STEP][PASSED] - RmvCd = getErrMsg.substring(0, 75): null

2020-06-09 00:19:21 - [TEST_STEP][PASSED] - FirstErrMsg = RmvCd.substring(29, 66): null

2020-06-09 00:19:21 - [TEST_STEP][PASSED] - getTotalLength = getErrMsg.length(): null

2020-06-09 00:19:21 - [TEST_STEP][PASSED] - RmvCd = getErrMsg.substring(75, getTotalLength): null

2020-06-09 00:19:21 - [TEST_STEP][PASSED] - lenInv = RmvCd.length() - 10: null

2020-06-09 00:19:21 - [TEST_STEP][PASSED] - InvErrMsg = RmvCd.substring(0, lenInv): null

2020-06-09 00:19:21 - [TEST_STEP][PASSED] - ExpectedInvalidErrMsg2 = concatenate(InvDtErr, " ", getInputInvalidDate, " ", NotValidDt): Concatenated string array: '['Start time must be less than end time',' ','156456648',' ','is not a valid date - it must be in the format d/m/Y']' into 'Start time must be less than end time 156456648 is not a valid date - it must be in the format d/m/Y'

2020-06-09 00:19:21 - [MESSAGE][PASSED] - Concatenated string array: '['Start time must be less than end time',' ','156456648',' ','is not a valid date - it must be in the format d/m/Y']' into 'Start time must be less than end time 156456648 is not a valid date - it must be in the format d/m/Y'

2020-06-09 00:19:21 - [TEST_STEP][PASSED] - ActualInvErrMsg = concatenate(FirstErrMsg, " ", InvErrMsg): Concatenated string array: '['Start time must be less than end time',' ','156456648 is not a valid date - it must be in the format d/m/Y']' into 'Start time must be less than end time 156456648 is not a valid date - it must be in the format d/m/Y'

2020-06-09 00:19:21 - [MESSAGE][PASSED] - Concatenated string array: '['Start time must be less than end time',' ','156456648 is not a valid date - it must be in the format d/m/Y']' into 'Start time must be less than end time 156456648 is not a valid date - it must be in the format d/m/Y'

2020-06-09 00:19:21 - [TEST_STEP][PASSED] - verifyMatch(ActualInvErrMsg, ExpectedInvalidErrMsg2, true): Actual text 'Start time must be less than end time 156456648 is not a valid date - it must be in the format d/m/Y' and expected text 'Start time must be less than end time 156456648 is not a valid date - it must be in the format d/m/Y' are matched  using regular expression

2020-06-09 00:19:21 - [MESSAGE][PASSED] - Actual text 'Start time must be less than end time 156456648 is not a valid date - it must be in the format d/m/Y' and expected text 'Start time must be less than end time 156456648 is not a valid date - it must be in the format d/m/Y' are matched  using regular expression

2020-06-09 00:19:21 - [MESSAGE][PASSED] - Call Test Case 'Test Cases/PFI Precision and Scale/PFI Components with Indexing/StartTimeErrorIndex' successfully

2020-06-09 00:19:21 - [TEST_STEP][PASSED] - callTestCase(findTestCase("PFI Precision and Scale/PFI Components with Indexing/SelectDayInDatePickerWithIndexII"), ["FldNm":"inspToDt", "SelectCurrentDay":"30", "index":8, "idx":1], STOP_ON_FAILURE): Call Test Case 'Test Cases/PFI Precision and Scale/PFI Components with Indexing/SelectDayInDatePickerWithIndexII' successfully

2020-06-09 00:19:22 - [TEST_CASE][PASSED] - Test Cases/PFI Precision and Scale/PFI Components with Indexing/SelectDayInDatePickerWithIndexII: Test Cases/PFI Precision and Scale/PFI Components with Indexing/SelectDayInDatePickerWithIndexII

2020-06-09 00:19:22 - [TEST_STEP][PASSED] - Thread.sleep(1000): null

2020-06-09 00:19:23 - [TEST_STEP][PASSED] - DateInputFld = modifyObjectProperty(findTestObject("Objects.HighlightElements/input_field_index"), "xpath", "equals", "(//*[contains(@class,'x-form-text') and (@name='" + FldNm + "')])[" + idx + "]", true): Modify property of object successfully

2020-06-09 00:19:23 - [MESSAGE][PASSED] - Modify property of object successfully

2020-06-09 00:19:23 - [TEST_STEP][PASSED] - ModifiedDay = modifyObjectProperty(findTestObject("Objects.DateValidation/Page_ISPS2/Select_Day_Index"), "xpath", "equals", "(//*[contains(@class, 'x-datepicker-date') and (text() = '" + SelectCurrentDay + "')])[" + index + "]", true): Modify property of object successfully

2020-06-09 00:19:23 - [MESSAGE][PASSED] - Modify property of object successfully

2020-06-09 00:19:23 - [TEST_STEP][PASSED] - sendKeys(DateInputFld, Keys.chord(ARROW_DOWN)): Keys 'DOWN + ' sent to object: 'Object Repository/Objects.HighlightElements/input_field_index'

2020-06-09 00:19:23 - [MESSAGE][PASSED] - Keys 'DOWN + ' sent to object: 'Object Repository/Objects.HighlightElements/input_field_index'

2020-06-09 00:19:23 - [TEST_STEP][PASSED] - com.reusableComponents.HighlightElement.run(ModifiedDay): com.reusableComponents.HighlightElement.run is PASSED

2020-06-09 00:19:23 - [MESSAGE][PASSED] - com.reusableComponents.HighlightElement.run is PASSED

2020-06-09 00:19:23 - [TEST_STEP][PASSED] - delay(1): Delayed 1 second(s)

2020-06-09 00:19:24 - [MESSAGE][PASSED] - Delayed 1 second(s)

2020-06-09 00:19:24 - [TEST_STEP][PASSED] - click(ModifiedDay): Object: 'Object Repository/Objects.DateValidation/Page_ISPS2/Select_Day_Index' is clicked on

2020-06-09 00:19:24 - [MESSAGE][PASSED] - Object: 'Object Repository/Objects.DateValidation/Page_ISPS2/Select_Day_Index' is clicked on

2020-06-09 00:19:24 - [TEST_STEP][PASSED] - GetError = getAttribute(DateInputFld, "data-errorqtip"): Attribute 'data-errorqtip' of object 'Object Repository/Objects.HighlightElements/input_field_index' is: ''

2020-06-09 00:19:24 - [MESSAGE][PASSED] - Attribute 'data-errorqtip' of object 'Object Repository/Objects.HighlightElements/input_field_index' is: ''

2020-06-09 00:19:24 - [TEST_STEP][PASSED] - if (GetError == ""): null

2020-06-09 00:19:24 - [TEST_STEP][PASSED] - GetEnteredDate = getAttribute(DateInputFld, "value"): Attribute 'value' of object 'Object Repository/Objects.HighlightElements/input_field_index' is: '30/06/2020'

2020-06-09 00:19:24 - [MESSAGE][PASSED] - Attribute 'value' of object 'Object Repository/Objects.HighlightElements/input_field_index' is: '30/06/2020'

2020-06-09 00:19:24 - [TEST_STEP][PASSED] - DatePattern = Pattern.compile("^(1[0-2]|0[1-9])/(3[01]|[12][0-9]|0[1-9])/[0-9]{4}$"): null

2020-06-09 00:19:24 - [TEST_STEP][PASSED] - VerifyDateFormat = DatePattern.matcher(GetEnteredDate): null

2020-06-09 00:19:24 - [TEST_STEP][PASSED] - if (VerifyDateFormat.matches() == true): null

2020-06-09 00:19:24 - [MESSAGE][PASSED] - Call Test Case 'Test Cases/PFI Precision and Scale/PFI Components with Indexing/SelectDayInDatePickerWithIndexII' successfully

2020-06-09 00:19:24 - [TEST_STEP][PASSED] - callTestCase(findTestCase("PFI Precision and Scale/PFI Components with Indexing/SelectTodayInDatePickerIndex"), ["FldNm":"inspToDt", "index":8, "idx":1], STOP_ON_FAILURE): Call Test Case 'Test Cases/PFI Precision and Scale/PFI Components with Indexing/SelectTodayInDatePickerIndex' successfully

2020-06-09 00:19:24 - [TEST_CASE][PASSED] - Test Cases/PFI Precision and Scale/PFI Components with Indexing/SelectTodayInDatePickerIndex: Test Cases/PFI Precision and Scale/PFI Components with Indexing/SelectTodayInDatePickerIndex

2020-06-09 00:19:24 - [TEST_STEP][PASSED] - Thread.sleep(1000): null

2020-06-09 00:19:25 - [TEST_STEP][PASSED] - date = new java.util.Date(): null

2020-06-09 00:19:25 - [TEST_STEP][PASSED] - CurrentDate = new java.text.SimpleDateFormat(dd/MM/yyyy): null

2020-06-09 00:19:25 - [TEST_STEP][PASSED] - TodayDate = CurrentDate.format(date): null

2020-06-09 00:19:25 - [TEST_STEP][PASSED] - DateFieldNm = modifyObjectProperty(findTestObject("Objects.HighlightElements/input_field_index"), "xpath", "equals", "(//*[contains(@class,'x-form-text') and (@name='" + FldNm + "')])[" + idx + "]", true): Modify property of object successfully

2020-06-09 00:19:25 - [MESSAGE][PASSED] - Modify property of object successfully

2020-06-09 00:19:25 - [TEST_STEP][PASSED] - TodayBtn = modifyObjectProperty(findTestObject("Object Repository/Objects.DateValidation/Page_ISPS2/a_Today"), "xpath", "equals", "(//*[text() = 'Today'])[" + index + "]", true): Modify property of object successfully

2020-06-09 00:19:25 - [MESSAGE][PASSED] - Modify property of object successfully

2020-06-09 00:19:25 - [TEST_STEP][PASSED] - sendKeys(DateFieldNm, Keys.chord(ARROW_DOWN)): Keys 'DOWN + ' sent to object: 'Object Repository/Objects.HighlightElements/input_field_index'

2020-06-09 00:19:25 - [MESSAGE][PASSED] - Keys 'DOWN + ' sent to object: 'Object Repository/Objects.HighlightElements/input_field_index'

2020-06-09 00:19:25 - [TEST_STEP][PASSED] - com.reusableComponents.HighlightElement.run(TodayBtn): com.reusableComponents.HighlightElement.run is PASSED

2020-06-09 00:19:26 - [MESSAGE][PASSED] - com.reusableComponents.HighlightElement.run is PASSED

2020-06-09 00:19:26 - [TEST_STEP][PASSED] - click(TodayBtn): Object: 'Object Repository/Objects.DateValidation/Page_ISPS2/a_Today' is clicked on

2020-06-09 00:19:26 - [MESSAGE][PASSED] - Object: 'Object Repository/Objects.DateValidation/Page_ISPS2/a_Today' is clicked on

2020-06-09 00:19:26 - [TEST_STEP][PASSED] - GetEnteredDate = getAttribute(DateFieldNm, "value"): Attribute 'value' of object 'Object Repository/Objects.HighlightElements/input_field_index' is: '09/06/2020'

2020-06-09 00:19:26 - [MESSAGE][PASSED] - Attribute 'value' of object 'Object Repository/Objects.HighlightElements/input_field_index' is: '09/06/2020'

2020-06-09 00:19:26 - [TEST_STEP][PASSED] - verifyMatch(GetEnteredDate, TodayDate, true): Actual text '09/06/2020' and expected text '09/06/2020' are matched  using regular expression

2020-06-09 00:19:26 - [MESSAGE][PASSED] - Actual text '09/06/2020' and expected text '09/06/2020' are matched  using regular expression

2020-06-09 00:19:26 - [MESSAGE][PASSED] - Call Test Case 'Test Cases/PFI Precision and Scale/PFI Components with Indexing/SelectTodayInDatePickerIndex' successfully

2020-06-09 00:19:26 - [TEST_STEP][PASSED] - callTestCase(findTestCase("PFI Precision and Scale/PFI Components with Indexing/PastDateAfterErrorIndex"), ["FldNm":"inspToDt", "index":1], STOP_ON_FAILURE): Call Test Case 'Test Cases/PFI Precision and Scale/PFI Components with Indexing/PastDateAfterErrorIndex' successfully

2020-06-09 00:19:26 - [TEST_CASE][PASSED] - Test Cases/PFI Precision and Scale/PFI Components with Indexing/PastDateAfterErrorIndex: Test Cases/PFI Precision and Scale/PFI Components with Indexing/PastDateAfterErrorIndex

2020-06-09 00:19:26 - [TEST_STEP][PASSED] - Thread.sleep(1000): null

2020-06-09 00:19:27 - [TEST_STEP][PASSED] - date = new java.util.Date(): null

2020-06-09 00:19:27 - [TEST_STEP][PASSED] - DateFormat = new java.text.SimpleDateFormat(dd/MM/yyyy): null

2020-06-09 00:19:27 - [TEST_STEP][PASSED] - CurrentDate = DateFormat.format(date): null

2020-06-09 00:19:27 - [TEST_STEP][PASSED] - DateFieldNm = modifyObjectProperty(findTestObject("Objects.HighlightElements/input_field_index"), "xpath", "equals", "(//*[contains(@class,'x-form-text') and (@name='" + FldNm + "')])[" + index + "]", true): Modify property of object successfully

2020-06-09 00:19:27 - [MESSAGE][PASSED] - Modify property of object successfully

2020-06-09 00:19:27 - [TEST_STEP][PASSED] - GetDateValue = getAttribute(DateFieldNm, "value"): Attribute 'value' of object 'Object Repository/Objects.HighlightElements/input_field_index' is: '09/06/2020'

2020-06-09 00:19:27 - [MESSAGE][PASSED] - Attribute 'value' of object 'Object Repository/Objects.HighlightElements/input_field_index' is: '09/06/2020'

2020-06-09 00:19:27 - [TEST_STEP][PASSED] - verifyMatch(GetDateValue, CurrentDate, true): Actual text '09/06/2020' and expected text '09/06/2020' are matched  using regular expression

2020-06-09 00:19:27 - [MESSAGE][PASSED] - Actual text '09/06/2020' and expected text '09/06/2020' are matched  using regular expression

2020-06-09 00:19:27 - [TEST_STEP][PASSED] - PastDate = date - 30: null

2020-06-09 00:19:27 - [TEST_STEP][PASSED] - PastDateFormatted = PastDate.format("dd/MM/yyyy"): null

2020-06-09 00:19:27 - [TEST_STEP][PASSED] - setText(DateFieldNm, PastDateFormatted): Text '10/05/2020' is set on object 'Object Repository/Objects.HighlightElements/input_field_index'

2020-06-09 00:19:28 - [MESSAGE][PASSED] - Text '10/05/2020' is set on object 'Object Repository/Objects.HighlightElements/input_field_index'

2020-06-09 00:19:28 - [TEST_STEP][PASSED] - mouseOver(DateFieldNm, STOP_ON_FAILURE): Object: 'Object Repository/Objects.HighlightElements/input_field_index' is hovered

2020-06-09 00:19:28 - [MESSAGE][PASSED] - Object: 'Object Repository/Objects.HighlightElements/input_field_index' is hovered

2020-06-09 00:19:28 - [TEST_STEP][PASSED] - PastDtErrMsg = getAttribute(DateFieldNm, "data-errorqtip", STOP_ON_FAILURE): Attribute 'data-errorqtip' of object 'Object Repository/Objects.HighlightElements/input_field_index' is: '<ul class="x-list-plain"><li>The date in this field must be after 09/06/2020</li></ul>'

2020-06-09 00:19:28 - [MESSAGE][PASSED] - Attribute 'data-errorqtip' of object 'Object Repository/Objects.HighlightElements/input_field_index' is: '<ul class="x-list-plain"><li>The date in this field must be after 09/06/2020</li></ul>'

2020-06-09 00:19:28 - [TEST_STEP][PASSED] - lenErrMsg = PastDtErrMsg.length(): null

2020-06-09 00:19:28 - [TEST_STEP][PASSED] - RmvCde = PastDtErrMsg.substring(29, lenErrMsg): null

2020-06-09 00:19:28 - [TEST_STEP][PASSED] - ActualErrDtMsg = RmvCde.substring(0, 47): null

2020-06-09 00:19:28 - [TEST_STEP][PASSED] - ExpectedErrDtMsg = concatenate(DtErrMsg, " ", CurrentDate): Concatenated string array: '['The date in this field must be after',' ','09/06/2020']' into 'The date in this field must be after 09/06/2020'

2020-06-09 00:19:28 - [MESSAGE][PASSED] - Concatenated string array: '['The date in this field must be after',' ','09/06/2020']' into 'The date in this field must be after 09/06/2020'

2020-06-09 00:19:28 - [TEST_STEP][PASSED] - verifyMatch(ActualErrDtMsg, ExpectedErrDtMsg, true): Actual text 'The date in this field must be after 09/06/2020' and expected text 'The date in this field must be after 09/06/2020' are matched  using regular expression

2020-06-09 00:19:28 - [MESSAGE][PASSED] - Actual text 'The date in this field must be after 09/06/2020' and expected text 'The date in this field must be after 09/06/2020' are matched  using regular expression

2020-06-09 00:19:28 - [TEST_STEP][PASSED] - FromDate = getAttribute(DateFieldNm, "value"): Attribute 'value' of object 'Object Repository/Objects.HighlightElements/input_field_index' is: '10/05/2020'

2020-06-09 00:19:28 - [MESSAGE][PASSED] - Attribute 'value' of object 'Object Repository/Objects.HighlightElements/input_field_index' is: '10/05/2020'

2020-06-09 00:19:28 - [MESSAGE][PASSED] - Call Test Case 'Test Cases/PFI Precision and Scale/PFI Components with Indexing/PastDateAfterErrorIndex' successfully

2020-06-09 00:19:28 - [TEST_STEP][PASSED] - callTestCase(findTestCase("PFI Precision and Scale/PFI Components with Indexing/PastDateBeforeErrorIndex"), ["FldNm":"inspDt", "index":1], STOP_ON_FAILURE): Call Test Case 'Test Cases/PFI Precision and Scale/PFI Components with Indexing/PastDateBeforeErrorIndex' successfully

2020-06-09 00:19:28 - [TEST_CASE][PASSED] - Test Cases/PFI Precision and Scale/PFI Components with Indexing/PastDateBeforeErrorIndex: Test Cases/PFI Precision and Scale/PFI Components with Indexing/PastDateBeforeErrorIndex

2020-06-09 00:19:28 - [TEST_STEP][PASSED] - Thread.sleep(1000): null

2020-06-09 00:19:29 - [TEST_STEP][PASSED] - DateFieldNm = modifyObjectProperty(findTestObject("Objects.HighlightElements/input_field_index"), "xpath", "equals", "(//*[contains(@class,'x-form-text') and (@name='" + FldNm + "')])[" + index + "]", true): Modify property of object successfully

2020-06-09 00:19:29 - [MESSAGE][PASSED] - Modify property of object successfully

2020-06-09 00:19:29 - [TEST_STEP][PASSED] - mouseOver(DateFieldNm): Object: 'Object Repository/Objects.HighlightElements/input_field_index' is hovered

2020-06-09 00:19:29 - [MESSAGE][PASSED] - Object: 'Object Repository/Objects.HighlightElements/input_field_index' is hovered

2020-06-09 00:19:29 - [TEST_STEP][PASSED] - PastDtErrMsg = getAttribute(DateFieldNm, "data-errorqtip", STOP_ON_FAILURE): Attribute 'data-errorqtip' of object 'Object Repository/Objects.HighlightElements/input_field_index' is: '<ul class="x-list-plain"><li>The date in this field must be before 10/05/2020</li></ul>'

2020-06-09 00:19:29 - [MESSAGE][PASSED] - Attribute 'data-errorqtip' of object 'Object Repository/Objects.HighlightElements/input_field_index' is: '<ul class="x-list-plain"><li>The date in this field must be before 10/05/2020</li></ul>'

2020-06-09 00:19:29 - [TEST_STEP][PASSED] - lenErrMsg = PastDtErrMsg.length(): null

2020-06-09 00:19:29 - [TEST_STEP][PASSED] - RmvCde = PastDtErrMsg.substring(29, lenErrMsg): null

2020-06-09 00:19:29 - [TEST_STEP][PASSED] - ActualErrDtMsg = RmvCde.substring(0, 48): null

2020-06-09 00:19:29 - [TEST_STEP][PASSED] - ExpectedErrDtMsg = concatenate(findTestData("PrecisionAndScaleDB").getValue("ErrorMessage", 7), " ", FromDate): Concatenated string array: '['The date in this field must be before',' ','10/05/2020']' into 'The date in this field must be before 10/05/2020'

2020-06-09 00:19:29 - [MESSAGE][PASSED] - Concatenated string array: '['The date in this field must be before',' ','10/05/2020']' into 'The date in this field must be before 10/05/2020'

2020-06-09 00:19:29 - [TEST_STEP][PASSED] - verifyMatch(ActualErrDtMsg, ExpectedErrDtMsg, true): Actual text 'The date in this field must be before 10/05/2020' and expected text 'The date in this field must be before 10/05/2020' are matched  using regular expression

2020-06-09 00:19:29 - [MESSAGE][PASSED] - Actual text 'The date in this field must be before 10/05/2020' and expected text 'The date in this field must be before 10/05/2020' are matched  using regular expression

2020-06-09 00:19:29 - [MESSAGE][PASSED] - Call Test Case 'Test Cases/PFI Precision and Scale/PFI Components with Indexing/PastDateBeforeErrorIndex' successfully

2020-06-09 00:19:29 - [TEST_STEP][PASSED] - callTestCase(findTestCase("Components/SelectAllThenDeleteIndex"), ["nameToBeUsed":"inspWeight", "index":"1"], STOP_ON_FAILURE): Call Test Case 'Test Cases/Components/SelectAllThenDeleteIndex' successfully

2020-06-09 00:19:29 - [TEST_CASE][PASSED] - Test Cases/Components/SelectAllThenDeleteIndex: Test Cases/Components/SelectAllThenDeleteIndex

2020-06-09 00:19:29 - [TEST_STEP][PASSED] - Thread.sleep(1000): null

2020-06-09 00:19:30 - [TEST_STEP][PASSED] - modifiedObj = modifyObjectProperty(findTestObject("Object Repository/Objects.HighlightElements/input_field_index"), "xpath", "equals", "(//*[contains(@class,'x-form-text') and (@name='" + nameToBeUsed + "')])[" + index + "]", true): Modify property of object successfully

2020-06-09 00:19:30 - [MESSAGE][PASSED] - Modify property of object successfully

2020-06-09 00:19:30 - [TEST_STEP][PASSED] - focus(modifiedObj): Object: 'Object Repository/Objects.HighlightElements/input_field_index' is focused

2020-06-09 00:19:30 - [MESSAGE][PASSED] - Object: 'Object Repository/Objects.HighlightElements/input_field_index' is focused

2020-06-09 00:19:30 - [TEST_STEP][PASSED] - sendKeys(modifiedObj, Keys.chord(CONTROL, "a")): Keys 'CONTROL + a' sent to object: 'Object Repository/Objects.HighlightElements/input_field_index'

2020-06-09 00:19:31 - [MESSAGE][PASSED] - Keys 'CONTROL + a' sent to object: 'Object Repository/Objects.HighlightElements/input_field_index'

2020-06-09 00:19:31 - [TEST_STEP][PASSED] - sendKeys(modifiedObj, Keys.chord(DELETE)): Keys 'DELETE + ' sent to object: 'Object Repository/Objects.HighlightElements/input_field_index'

2020-06-09 00:19:31 - [MESSAGE][PASSED] - Keys 'DELETE + ' sent to object: 'Object Repository/Objects.HighlightElements/input_field_index'

2020-06-09 00:19:31 - [MESSAGE][PASSED] - Call Test Case 'Test Cases/Components/SelectAllThenDeleteIndex' successfully

2020-06-09 00:19:31 - [TEST_STEP][PASSED] - callTestCase(findTestCase("Components/SelectAllThenDeleteIndex"), ["nameToBeUsed":"noOfBldg", "index":"1"], STOP_ON_FAILURE): Call Test Case 'Test Cases/Components/SelectAllThenDeleteIndex' successfully

2020-06-09 00:19:31 - [TEST_CASE][PASSED] - Test Cases/Components/SelectAllThenDeleteIndex: Test Cases/Components/SelectAllThenDeleteIndex

2020-06-09 00:19:31 - [TEST_STEP][PASSED] - Thread.sleep(1000): null

2020-06-09 00:19:32 - [TEST_STEP][PASSED] - modifiedObj = modifyObjectProperty(findTestObject("Object Repository/Objects.HighlightElements/input_field_index"), "xpath", "equals", "(//*[contains(@class,'x-form-text') and (@name='" + nameToBeUsed + "')])[" + index + "]", true): Modify property of object successfully

2020-06-09 00:19:32 - [MESSAGE][PASSED] - Modify property of object successfully

2020-06-09 00:19:32 - [TEST_STEP][PASSED] - focus(modifiedObj): Object: 'Object Repository/Objects.HighlightElements/input_field_index' is focused

2020-06-09 00:19:32 - [MESSAGE][PASSED] - Object: 'Object Repository/Objects.HighlightElements/input_field_index' is focused

2020-06-09 00:19:32 - [TEST_STEP][PASSED] - sendKeys(modifiedObj, Keys.chord(CONTROL, "a")): Keys 'CONTROL + a' sent to object: 'Object Repository/Objects.HighlightElements/input_field_index'

2020-06-09 00:19:32 - [MESSAGE][PASSED] - Keys 'CONTROL + a' sent to object: 'Object Repository/Objects.HighlightElements/input_field_index'

2020-06-09 00:19:32 - [TEST_STEP][PASSED] - sendKeys(modifiedObj, Keys.chord(DELETE)): Keys 'DELETE + ' sent to object: 'Object Repository/Objects.HighlightElements/input_field_index'

2020-06-09 00:19:32 - [MESSAGE][PASSED] - Keys 'DELETE + ' sent to object: 'Object Repository/Objects.HighlightElements/input_field_index'

2020-06-09 00:19:32 - [MESSAGE][PASSED] - Call Test Case 'Test Cases/Components/SelectAllThenDeleteIndex' successfully

2020-06-09 00:19:32 - [TEST_STEP][PASSED] - callTestCase(findTestCase("Components/SelectAllThenDeleteIndex"), ["nameToBeUsed":"inspDt", "index":"1"], STOP_ON_FAILURE): Call Test Case 'Test Cases/Components/SelectAllThenDeleteIndex' successfully

2020-06-09 00:19:32 - [TEST_CASE][PASSED] - Test Cases/Components/SelectAllThenDeleteIndex: Test Cases/Components/SelectAllThenDeleteIndex

2020-06-09 00:19:32 - [TEST_STEP][PASSED] - Thread.sleep(1000): null

2020-06-09 00:19:33 - [TEST_STEP][PASSED] - modifiedObj = modifyObjectProperty(findTestObject("Object Repository/Objects.HighlightElements/input_field_index"), "xpath", "equals", "(//*[contains(@class,'x-form-text') and (@name='" + nameToBeUsed + "')])[" + index + "]", true): Modify property of object successfully

2020-06-09 00:19:33 - [MESSAGE][PASSED] - Modify property of object successfully

2020-06-09 00:19:33 - [TEST_STEP][PASSED] - focus(modifiedObj): Object: 'Object Repository/Objects.HighlightElements/input_field_index' is focused

2020-06-09 00:19:33 - [MESSAGE][PASSED] - Object: 'Object Repository/Objects.HighlightElements/input_field_index' is focused

2020-06-09 00:19:33 - [TEST_STEP][PASSED] - sendKeys(modifiedObj, Keys.chord(CONTROL, "a")): Keys 'CONTROL + a' sent to object: 'Object Repository/Objects.HighlightElements/input_field_index'

2020-06-09 00:19:33 - [MESSAGE][PASSED] - Keys 'CONTROL + a' sent to object: 'Object Repository/Objects.HighlightElements/input_field_index'

2020-06-09 00:19:33 - [TEST_STEP][PASSED] - sendKeys(modifiedObj, Keys.chord(DELETE)): Keys 'DELETE + ' sent to object: 'Object Repository/Objects.HighlightElements/input_field_index'

2020-06-09 00:19:33 - [MESSAGE][PASSED] - Keys 'DELETE + ' sent to object: 'Object Repository/Objects.HighlightElements/input_field_index'

2020-06-09 00:19:33 - [MESSAGE][PASSED] - Call Test Case 'Test Cases/Components/SelectAllThenDeleteIndex' successfully

2020-06-09 00:19:33 - [TEST_STEP][PASSED] - callTestCase(findTestCase("Components/SelectAllThenDeleteIndex"), ["nameToBeUsed":"inspToDt", "index":"1"], STOP_ON_FAILURE): Call Test Case 'Test Cases/Components/SelectAllThenDeleteIndex' successfully

2020-06-09 00:19:33 - [TEST_CASE][PASSED] - Test Cases/Components/SelectAllThenDeleteIndex: Test Cases/Components/SelectAllThenDeleteIndex

2020-06-09 00:19:33 - [TEST_STEP][PASSED] - Thread.sleep(1000): null

2020-06-09 00:19:34 - [TEST_STEP][PASSED] - modifiedObj = modifyObjectProperty(findTestObject("Object Repository/Objects.HighlightElements/input_field_index"), "xpath", "equals", "(//*[contains(@class,'x-form-text') and (@name='" + nameToBeUsed + "')])[" + index + "]", true): Modify property of object successfully

2020-06-09 00:19:34 - [MESSAGE][PASSED] - Modify property of object successfully

2020-06-09 00:19:34 - [TEST_STEP][PASSED] - focus(modifiedObj): Object: 'Object Repository/Objects.HighlightElements/input_field_index' is focused

2020-06-09 00:19:34 - [MESSAGE][PASSED] - Object: 'Object Repository/Objects.HighlightElements/input_field_index' is focused

2020-06-09 00:19:34 - [TEST_STEP][PASSED] - sendKeys(modifiedObj, Keys.chord(CONTROL, "a")): Keys 'CONTROL + a' sent to object: 'Object Repository/Objects.HighlightElements/input_field_index'

2020-06-09 00:19:34 - [MESSAGE][PASSED] - Keys 'CONTROL + a' sent to object: 'Object Repository/Objects.HighlightElements/input_field_index'

2020-06-09 00:19:34 - [TEST_STEP][PASSED] - sendKeys(modifiedObj, Keys.chord(DELETE)): Keys 'DELETE + ' sent to object: 'Object Repository/Objects.HighlightElements/input_field_index'

2020-06-09 00:19:34 - [MESSAGE][PASSED] - Keys 'DELETE + ' sent to object: 'Object Repository/Objects.HighlightElements/input_field_index'

2020-06-09 00:19:34 - [MESSAGE][PASSED] - Call Test Case 'Test Cases/Components/SelectAllThenDeleteIndex' successfully

2020-06-09 00:19:34 - [TEST_STEP][PASSED] - callTestCase(findTestCase("PFI Precision and Scale/PFI Components with Indexing/RequiredFieldValidationIndex"), ["nameToBeUsed":"inspWeight", "index":1], STOP_ON_FAILURE): Call Test Case 'Test Cases/PFI Precision and Scale/PFI Components with Indexing/RequiredFieldValidationIndex' successfully

2020-06-09 00:19:34 - [TEST_CASE][PASSED] - Test Cases/PFI Precision and Scale/PFI Components with Indexing/RequiredFieldValidationIndex: Test Cases/PFI Precision and Scale/PFI Components with Indexing/RequiredFieldValidationIndex

2020-06-09 00:19:34 - [TEST_STEP][PASSED] - Thread.sleep(2000): null

2020-06-09 00:19:36 - [TEST_STEP][PASSED] - NewInputNmField = modifyObjectProperty(findTestObject("Objects.HighlightElements/input_field_index"), "xpath", "equals", "(//*[contains(@class,'x-form-text') and (@name='" + nameToBeUsed + "')])[" + index + "]", true): Modify property of object successfully

2020-06-09 00:19:36 - [MESSAGE][PASSED] - Modify property of object successfully

2020-06-09 00:19:36 - [TEST_STEP][PASSED] - mouseOver(NewInputNmField): Object: 'Object Repository/Objects.HighlightElements/input_field_index' is hovered

2020-06-09 00:19:37 - [MESSAGE][PASSED] - Object: 'Object Repository/Objects.HighlightElements/input_field_index' is hovered

2020-06-09 00:19:37 - [TEST_STEP][PASSED] - getRqErrMsg = getAttribute(NewInputNmField, "data-errorqtip"): Attribute 'data-errorqtip' of object 'Object Repository/Objects.HighlightElements/input_field_index' is: '<ul class="x-list-plain"><li>This field is required</li></ul>'

2020-06-09 00:19:37 - [MESSAGE][PASSED] - Attribute 'data-errorqtip' of object 'Object Repository/Objects.HighlightElements/input_field_index' is: '<ul class="x-list-plain"><li>This field is required</li></ul>'

2020-06-09 00:19:37 - [TEST_STEP][PASSED] - strToolTip = getRqErrMsg.substring(29, 61): null

2020-06-09 00:19:37 - [TEST_STEP][PASSED] - toolTipReqErrMsg = strToolTip.substring(0, 22): null

2020-06-09 00:19:37 - [TEST_STEP][PASSED] - verifyMatch(toolTipReqErrMsg, RqField, true): Actual text 'This field is required' and expected text 'This field is required' are matched  using regular expression

2020-06-09 00:19:37 - [MESSAGE][PASSED] - Actual text 'This field is required' and expected text 'This field is required' are matched  using regular expression

2020-06-09 00:19:37 - [MESSAGE][PASSED] - Call Test Case 'Test Cases/PFI Precision and Scale/PFI Components with Indexing/RequiredFieldValidationIndex' successfully

2020-06-09 00:19:37 - [TEST_STEP][PASSED] - callTestCase(findTestCase("PFI Precision and Scale/PFI Components with Indexing/RequiredFieldValidationIndex"), ["nameToBeUsed":"noOfBldg", "index":1], STOP_ON_FAILURE): Call Test Case 'Test Cases/PFI Precision and Scale/PFI Components with Indexing/RequiredFieldValidationIndex' successfully

2020-06-09 00:19:37 - [TEST_CASE][PASSED] - Test Cases/PFI Precision and Scale/PFI Components with Indexing/RequiredFieldValidationIndex: Test Cases/PFI Precision and Scale/PFI Components with Indexing/RequiredFieldValidationIndex

2020-06-09 00:19:37 - [TEST_STEP][PASSED] - Thread.sleep(2000): null

2020-06-09 00:19:39 - [TEST_STEP][PASSED] - NewInputNmField = modifyObjectProperty(findTestObject("Objects.HighlightElements/input_field_index"), "xpath", "equals", "(//*[contains(@class,'x-form-text') and (@name='" + nameToBeUsed + "')])[" + index + "]", true): Modify property of object successfully

2020-06-09 00:19:39 - [MESSAGE][PASSED] - Modify property of object successfully

2020-06-09 00:19:39 - [TEST_STEP][PASSED] - mouseOver(NewInputNmField): Object: 'Object Repository/Objects.HighlightElements/input_field_index' is hovered

2020-06-09 00:19:39 - [MESSAGE][PASSED] - Object: 'Object Repository/Objects.HighlightElements/input_field_index' is hovered

2020-06-09 00:19:39 - [TEST_STEP][PASSED] - getRqErrMsg = getAttribute(NewInputNmField, "data-errorqtip"): Attribute 'data-errorqtip' of object 'Object Repository/Objects.HighlightElements/input_field_index' is: '<ul class="x-list-plain"><li>This field is required</li></ul>'

2020-06-09 00:19:39 - [MESSAGE][PASSED] - Attribute 'data-errorqtip' of object 'Object Repository/Objects.HighlightElements/input_field_index' is: '<ul class="x-list-plain"><li>This field is required</li></ul>'

2020-06-09 00:19:39 - [TEST_STEP][PASSED] - strToolTip = getRqErrMsg.substring(29, 61): null

2020-06-09 00:19:39 - [TEST_STEP][PASSED] - toolTipReqErrMsg = strToolTip.substring(0, 22): null

2020-06-09 00:19:39 - [TEST_STEP][PASSED] - verifyMatch(toolTipReqErrMsg, RqField, true): Actual text 'This field is required' and expected text 'This field is required' are matched  using regular expression

2020-06-09 00:19:39 - [MESSAGE][PASSED] - Actual text 'This field is required' and expected text 'This field is required' are matched  using regular expression

2020-06-09 00:19:39 - [MESSAGE][PASSED] - Call Test Case 'Test Cases/PFI Precision and Scale/PFI Components with Indexing/RequiredFieldValidationIndex' successfully

2020-06-09 00:19:39 - [TEST_STEP][PASSED] - callTestCase(findTestCase("PFI Precision and Scale/PFI Components with Indexing/RequiredFieldValidationIndex"), ["nameToBeUsed":"inspDt", "index":1], STOP_ON_FAILURE): Call Test Case 'Test Cases/PFI Precision and Scale/PFI Components with Indexing/RequiredFieldValidationIndex' successfully

2020-06-09 00:19:39 - [TEST_CASE][PASSED] - Test Cases/PFI Precision and Scale/PFI Components with Indexing/RequiredFieldValidationIndex: Test Cases/PFI Precision and Scale/PFI Components with Indexing/RequiredFieldValidationIndex

2020-06-09 00:19:39 - [TEST_STEP][PASSED] - Thread.sleep(2000): null

2020-06-09 00:19:41 - [TEST_STEP][PASSED] - NewInputNmField = modifyObjectProperty(findTestObject("Objects.HighlightElements/input_field_index"), "xpath", "equals", "(//*[contains(@class,'x-form-text') and (@name='" + nameToBeUsed + "')])[" + index + "]", true): Modify property of object successfully

2020-06-09 00:19:41 - [MESSAGE][PASSED] - Modify property of object successfully

2020-06-09 00:19:41 - [TEST_STEP][PASSED] - mouseOver(NewInputNmField): Object: 'Object Repository/Objects.HighlightElements/input_field_index' is hovered

2020-06-09 00:19:41 - [MESSAGE][PASSED] - Object: 'Object Repository/Objects.HighlightElements/input_field_index' is hovered

2020-06-09 00:19:41 - [TEST_STEP][PASSED] - getRqErrMsg = getAttribute(NewInputNmField, "data-errorqtip"): Attribute 'data-errorqtip' of object 'Object Repository/Objects.HighlightElements/input_field_index' is: '<ul class="x-list-plain"><li>This field is required</li></ul>'

2020-06-09 00:19:41 - [MESSAGE][PASSED] - Attribute 'data-errorqtip' of object 'Object Repository/Objects.HighlightElements/input_field_index' is: '<ul class="x-list-plain"><li>This field is required</li></ul>'

2020-06-09 00:19:41 - [TEST_STEP][PASSED] - strToolTip = getRqErrMsg.substring(29, 61): null

2020-06-09 00:19:41 - [TEST_STEP][PASSED] - toolTipReqErrMsg = strToolTip.substring(0, 22): null

2020-06-09 00:19:41 - [TEST_STEP][PASSED] - verifyMatch(toolTipReqErrMsg, RqField, true): Actual text 'This field is required' and expected text 'This field is required' are matched  using regular expression

2020-06-09 00:19:41 - [MESSAGE][PASSED] - Actual text 'This field is required' and expected text 'This field is required' are matched  using regular expression

2020-06-09 00:19:41 - [MESSAGE][PASSED] - Call Test Case 'Test Cases/PFI Precision and Scale/PFI Components with Indexing/RequiredFieldValidationIndex' successfully

2020-06-09 00:19:41 - [TEST_STEP][PASSED] - callTestCase(findTestCase("PFI Precision and Scale/PFI Components with Indexing/RequiredFieldValidationIndex"), ["nameToBeUsed":"inspToDt", "index":1], STOP_ON_FAILURE): Call Test Case 'Test Cases/PFI Precision and Scale/PFI Components with Indexing/RequiredFieldValidationIndex' successfully

2020-06-09 00:19:41 - [TEST_CASE][PASSED] - Test Cases/PFI Precision and Scale/PFI Components with Indexing/RequiredFieldValidationIndex: Test Cases/PFI Precision and Scale/PFI Components with Indexing/RequiredFieldValidationIndex

2020-06-09 00:19:41 - [TEST_STEP][PASSED] - Thread.sleep(2000): null

2020-06-09 00:19:43 - [TEST_STEP][PASSED] - NewInputNmField = modifyObjectProperty(findTestObject("Objects.HighlightElements/input_field_index"), "xpath", "equals", "(//*[contains(@class,'x-form-text') and (@name='" + nameToBeUsed + "')])[" + index + "]", true): Modify property of object successfully

2020-06-09 00:19:43 - [MESSAGE][PASSED] - Modify property of object successfully

2020-06-09 00:19:43 - [TEST_STEP][PASSED] - mouseOver(NewInputNmField): Object: 'Object Repository/Objects.HighlightElements/input_field_index' is hovered

2020-06-09 00:19:43 - [MESSAGE][PASSED] - Object: 'Object Repository/Objects.HighlightElements/input_field_index' is hovered

2020-06-09 00:19:43 - [TEST_STEP][PASSED] - getRqErrMsg = getAttribute(NewInputNmField, "data-errorqtip"): Attribute 'data-errorqtip' of object 'Object Repository/Objects.HighlightElements/input_field_index' is: '<ul class="x-list-plain"><li>This field is required</li></ul>'

2020-06-09 00:19:44 - [MESSAGE][PASSED] - Attribute 'data-errorqtip' of object 'Object Repository/Objects.HighlightElements/input_field_index' is: '<ul class="x-list-plain"><li>This field is required</li></ul>'

2020-06-09 00:19:44 - [TEST_STEP][PASSED] - strToolTip = getRqErrMsg.substring(29, 61): null

2020-06-09 00:19:44 - [TEST_STEP][PASSED] - toolTipReqErrMsg = strToolTip.substring(0, 22): null

2020-06-09 00:19:44 - [TEST_STEP][PASSED] - verifyMatch(toolTipReqErrMsg, RqField, true): Actual text 'This field is required' and expected text 'This field is required' are matched  using regular expression

2020-06-09 00:19:44 - [MESSAGE][PASSED] - Actual text 'This field is required' and expected text 'This field is required' are matched  using regular expression

2020-06-09 00:19:44 - [MESSAGE][PASSED] - Call Test Case 'Test Cases/PFI Precision and Scale/PFI Components with Indexing/RequiredFieldValidationIndex' successfully

2020-06-09 00:19:44 - [TEST_STEP][PASSED] - callTestCase(findTestCase("Components/ClickBlueButtonsWithXPI"), ["Button":"Add", "Index":3], STOP_ON_FAILURE): Call Test Case 'Test Cases/Components/ClickBlueButtonsWithXPI' successfully

2020-06-09 00:19:44 - [TEST_CASE][PASSED] - Test Cases/Components/ClickBlueButtonsWithXPI: Test Cases/Components/ClickBlueButtonsWithXPI

2020-06-09 00:19:44 - [TEST_STEP][PASSED] - Thread.sleep(1000): null

2020-06-09 00:19:45 - [TEST_STEP][PASSED] - complexlyModifiedButtonGG = modifyObjectProperty(findTestObject("Objects.ClickBlueButtonsWithXPI/span_Reset"), "xPath", "equals", "(//*[text()="" + Button + ""])[" + Index + "]", true): Modify property of object successfully

2020-06-09 00:19:45 - [MESSAGE][PASSED] - Modify property of object successfully

2020-06-09 00:19:45 - [TEST_STEP][PASSED] - click(complexlyModifiedButtonGG): Object: 'Object Repository/Objects.ClickBlueButtonsWithXPI/span_Reset' is clicked on

2020-06-09 00:19:45 - [MESSAGE][PASSED] - Object: 'Object Repository/Objects.ClickBlueButtonsWithXPI/span_Reset' is clicked on

2020-06-09 00:19:45 - [MESSAGE][PASSED] - Call Test Case 'Test Cases/Components/ClickBlueButtonsWithXPI' successfully

2020-06-09 00:19:45 - [TEST_STEP][PASSED] - callTestCase(findTestCase("Components/HighlightLabelFieldXPI"), ["LblName":"Address", "index":1], STOP_ON_FAILURE): Call Test Case 'Test Cases/Components/HighlightLabelFieldXPI' successfully

2020-06-09 00:19:45 - [TEST_CASE][PASSED] - Test Cases/Components/HighlightLabelFieldXPI: Test Cases/Components/HighlightLabelFieldXPI

2020-06-09 00:19:45 - [TEST_STEP][PASSED] - Thread.sleep(1000): null

2020-06-09 00:19:46 - [TEST_STEP][PASSED] - modifiedLblNm = modifyObjectProperty(findTestObject("Object Repository/Objects.HighlightElements/lblField_index"), "xpath", "equals", "(//*[contains(@class, 'x-form-item-label-inner x-form-item-label-inner-default') and contains(., '" + LblName + "')])[" + index + "]", true): Modify property of object successfully

2020-06-09 00:19:46 - [MESSAGE][PASSED] - Modify property of object successfully

2020-06-09 00:19:46 - [TEST_STEP][PASSED] - com.reusableComponents.HighlightElement.run(modifiedLblNm): com.reusableComponents.HighlightElement.run is PASSED

2020-06-09 00:19:47 - [MESSAGE][PASSED] - com.reusableComponents.HighlightElement.run is PASSED

2020-06-09 00:19:47 - [MESSAGE][PASSED] - Call Test Case 'Test Cases/Components/HighlightLabelFieldXPI' successfully

2020-06-09 00:19:47 - [TEST_STEP][PASSED] - callTestCase(findTestCase("Components/HighlightInputFieldXPI"), ["FldNm":"hseBlkNo", "index":1], STOP_ON_FAILURE): Call Test Case 'Test Cases/Components/HighlightInputFieldXPI' successfully

2020-06-09 00:19:47 - [TEST_CASE][PASSED] - Test Cases/Components/HighlightInputFieldXPI: Test Cases/Components/HighlightInputFieldXPI

2020-06-09 00:19:47 - [TEST_STEP][PASSED] - Thread.sleep(1000): null

2020-06-09 00:19:48 - [TEST_STEP][PASSED] - modifiedInputNm = modifyObjectProperty(findTestObject("Object Repository/Objects.HighlightElements/input_field_index"), "xpath", "equals", "(//*[contains(@name, '" + FldNm + "')])[" + index + "]", true): Modify property of object successfully

2020-06-09 00:19:48 - [MESSAGE][PASSED] - Modify property of object successfully

2020-06-09 00:19:48 - [TEST_STEP][PASSED] - com.reusableComponents.HighlightElement.run(modifiedInputNm): com.reusableComponents.HighlightElement.run is PASSED

2020-06-09 00:19:48 - [MESSAGE][PASSED] - com.reusableComponents.HighlightElement.run is PASSED

2020-06-09 00:19:48 - [MESSAGE][PASSED] - Call Test Case 'Test Cases/Components/HighlightInputFieldXPI' successfully

2020-06-09 00:19:48 - [TEST_STEP][PASSED] - callTestCase(findTestCase("PFI Precision and Scale/PFI Components with Indexing/AlphaNumericValidationIndex"), ["FldNm":"hseBlkNo", "LenChar":4, "index":1], STOP_ON_FAILURE): Call Test Case 'Test Cases/PFI Precision and Scale/PFI Components with Indexing/AlphaNumericValidationIndex' successfully

2020-06-09 00:19:48 - [TEST_CASE][PASSED] - Test Cases/PFI Precision and Scale/PFI Components with Indexing/AlphaNumericValidationIndex: Test Cases/PFI Precision and Scale/PFI Components with Indexing/AlphaNumericValidationIndex

2020-06-09 00:19:48 - [TEST_STEP][PASSED] - Thread.sleep(1000): null

2020-06-09 00:19:49 - [TEST_STEP][PASSED] - AlphaNumeric = 9).join(): null

2020-06-09 00:19:49 - [TEST_STEP][PASSED] - SpecialChar = "`~!@#$%^&*()-=+_{}|\][;'":,./?><"": null

2020-06-09 00:19:49 - [TEST_STEP][PASSED] - RandomString = RandomStringUtils.random(LenChar, AlphaNumeric.toCharArray()): null

2020-06-09 00:19:49 - [TEST_STEP][PASSED] - RdmSpChar = RandomStringUtils.random(LenChar, SpecialChar): null

2020-06-09 00:19:49 - [TEST_STEP][PASSED] - regexPat = Pattern.compile("^[A-Za-z0-9 ]+$"): null

2020-06-09 00:19:49 - [TEST_STEP][PASSED] - NewInputNmField = modifyObjectProperty(findTestObject("Object Repository/Objects.HighlightElements/input_field_index"), "xpath", "equals", "(//*[contains(@class,'x-form-text') and (@name='" + FldNm + "')])[" + index + "]", true): Modify property of object successfully

2020-06-09 00:19:49 - [MESSAGE][PASSED] - Modify property of object successfully

2020-06-09 00:19:49 - [TEST_STEP][PASSED] - setText(NewInputNmField, RandomString): Text 'fGxa' is set on object 'Object Repository/Objects.HighlightElements/input_field_index'

2020-06-09 00:19:50 - [MESSAGE][PASSED] - Text 'fGxa' is set on object 'Object Repository/Objects.HighlightElements/input_field_index'

2020-06-09 00:19:50 - [TEST_STEP][PASSED] - RemarksAN = getAttribute(NewInputNmField, "value"): Attribute 'value' of object 'Object Repository/Objects.HighlightElements/input_field_index' is: 'fGxa'

2020-06-09 00:19:50 - [MESSAGE][PASSED] - Attribute 'value' of object 'Object Repository/Objects.HighlightElements/input_field_index' is: 'fGxa'

2020-06-09 00:19:50 - [TEST_STEP][PASSED] - matchStr = regexPat.matcher(RemarksAN): null

2020-06-09 00:19:50 - [TEST_STEP][PASSED] - if (matchStr.matches() == true): Accepting Alphanumeric

2020-06-09 00:19:50 - [TEST_STEP][PASSED] - comment("Accepting Alphanumeric"): Accepting Alphanumeric

2020-06-09 00:19:50 - [MESSAGE][INFO] - Accepting Alphanumeric

2020-06-09 00:19:50 - [TEST_STEP][PASSED] - setText(NewInputNmField, RdmSpChar): Text ':..@' is set on object 'Object Repository/Objects.HighlightElements/input_field_index'

2020-06-09 00:19:50 - [MESSAGE][PASSED] - Text ':..@' is set on object 'Object Repository/Objects.HighlightElements/input_field_index'

2020-06-09 00:19:50 - [TEST_STEP][PASSED] - RemarksSpChar = getAttribute(NewInputNmField, "value"): Attribute 'value' of object 'Object Repository/Objects.HighlightElements/input_field_index' is: ''

2020-06-09 00:19:50 - [MESSAGE][PASSED] - Attribute 'value' of object 'Object Repository/Objects.HighlightElements/input_field_index' is: ''

2020-06-09 00:19:50 - [TEST_STEP][PASSED] - matchSp = regexPat.matcher(RemarksSpChar): null

2020-06-09 00:19:50 - [TEST_STEP][PASSED] - if (matchSp.matches() == false): Actual text '' and expected text '' are matched  using regular expression

2020-06-09 00:19:50 - [TEST_STEP][PASSED] - verifyMatch(RemarksSpChar, "", true): Actual text '' and expected text '' are matched  using regular expression

2020-06-09 00:19:50 - [MESSAGE][PASSED] - Actual text '' and expected text '' are matched  using regular expression

2020-06-09 00:19:50 - [MESSAGE][PASSED] - Call Test Case 'Test Cases/PFI Precision and Scale/PFI Components with Indexing/AlphaNumericValidationIndex' successfully

2020-06-09 00:19:50 - [TEST_STEP][PASSED] - callTestCase(findTestCase("PFI Precision and Scale/PFI Components with Indexing/MaxAlphaNumericLenIndexValidation"), ["FieldNm":"hseBlkNo", "index":1, "MaxCharLen":12], STOP_ON_FAILURE): Call Test Case 'Test Cases/PFI Precision and Scale/PFI Components with Indexing/MaxAlphaNumericLenIndexValidation' successfully

2020-06-09 00:19:50 - [TEST_CASE][PASSED] - Test Cases/PFI Precision and Scale/PFI Components with Indexing/MaxAlphaNumericLenIndexValidation: Test Cases/PFI Precision and Scale/PFI Components with Indexing/MaxAlphaNumericLenIndexValidation

2020-06-09 00:19:50 - [TEST_STEP][PASSED] - Thread.sleep(1000): null

2020-06-09 00:19:51 - [TEST_STEP][PASSED] - CharLengthTBL = ["hseBlkNo":10]: null

2020-06-09 00:19:51 - [TEST_STEP][PASSED] - charset = 9).join(): null

2020-06-09 00:19:51 - [TEST_STEP][PASSED] - RandomStringVal = RandomStringUtils.random(MaxCharLen, charset.toCharArray()): null

2020-06-09 00:19:51 - [TEST_STEP][PASSED] - NewInputNmField = modifyObjectProperty(findTestObject("Object Repository/Objects.HighlightElements/input_field_index"), "xpath", "equals", "(//*[contains(@class,'x-form-text') and (@name='" + FieldNm + "')])[" + index + "]", true): Modify property of object successfully

2020-06-09 00:19:51 - [MESSAGE][PASSED] - Modify property of object successfully

2020-06-09 00:19:51 - [TEST_STEP][PASSED] - setText(NewInputNmField, RandomStringVal): Text 'LobiqvBtcgaL' is set on object 'Object Repository/Objects.HighlightElements/input_field_index'

2020-06-09 00:19:51 - [MESSAGE][PASSED] - Text 'LobiqvBtcgaL' is set on object 'Object Repository/Objects.HighlightElements/input_field_index'

2020-06-09 00:19:51 - [TEST_STEP][PASSED] - GetInputValue = getAttribute(NewInputNmField, "value", STOP_ON_FAILURE): Attribute 'value' of object 'Object Repository/Objects.HighlightElements/input_field_index' is: 'LobiqvBtcg'

2020-06-09 00:19:51 - [MESSAGE][PASSED] - Attribute 'value' of object 'Object Repository/Objects.HighlightElements/input_field_index' is: 'LobiqvBtcg'

2020-06-09 00:19:51 - [TEST_STEP][PASSED] - GetLenChar = GetInputValue.length(): null

2020-06-09 00:19:51 - [TEST_STEP][PASSED] - MaxLength = CharLengthTBL.get(FieldNm): null

2020-06-09 00:19:51 - [TEST_STEP][PASSED] - if (MaxLength != null): Actual object '10' and expected object '10' are equal

2020-06-09 00:19:51 - [TEST_STEP][PASSED] - verifyEqual(GetLenChar, MaxLength): Actual object '10' and expected object '10' are equal

2020-06-09 00:19:51 - [MESSAGE][PASSED] - Actual object '10' and expected object '10' are equal

2020-06-09 00:19:51 - [MESSAGE][PASSED] - Call Test Case 'Test Cases/PFI Precision and Scale/PFI Components with Indexing/MaxAlphaNumericLenIndexValidation' successfully

2020-06-09 00:19:51 - [TEST_STEP][PASSED] - callTestCase(findTestCase("Components/HighlightInputFieldXPI"), ["FldNm":"roadId", "index":1], STOP_ON_FAILURE): Call Test Case 'Test Cases/Components/HighlightInputFieldXPI' successfully

2020-06-09 00:19:51 - [TEST_CASE][PASSED] - Test Cases/Components/HighlightInputFieldXPI: Test Cases/Components/HighlightInputFieldXPI

2020-06-09 00:19:51 - [TEST_STEP][PASSED] - Thread.sleep(1000): null

2020-06-09 00:19:52 - [TEST_STEP][PASSED] - modifiedInputNm = modifyObjectProperty(findTestObject("Object Repository/Objects.HighlightElements/input_field_index"), "xpath", "equals", "(//*[contains(@name, '" + FldNm + "')])[" + index + "]", true): Modify property of object successfully

2020-06-09 00:19:52 - [MESSAGE][PASSED] - Modify property of object successfully

2020-06-09 00:19:52 - [TEST_STEP][PASSED] - com.reusableComponents.HighlightElement.run(modifiedInputNm): com.reusableComponents.HighlightElement.run is PASSED

2020-06-09 00:19:53 - [MESSAGE][PASSED] - com.reusableComponents.HighlightElement.run is PASSED

2020-06-09 00:19:53 - [MESSAGE][PASSED] - Call Test Case 'Test Cases/Components/HighlightInputFieldXPI' successfully

2020-06-09 00:19:53 - [TEST_STEP][PASSED] - callTestCase(findTestCase("PFI Precision and Scale/PFI Components with Indexing/VerifyDropdownValuesIndex"), ["FldNm":"roadId", "index":1, "CallTCName":"PFI Precision and Scale/HashMap Tables/RoadLists", "cmbNm":"", "NoOfVal":1, "DelayTime":2, ... ], STOP_ON_FAILURE): Call Test Case 'Test Cases/PFI Precision and Scale/PFI Components with Indexing/VerifyDropdownValuesIndex' successfully

2020-06-09 00:19:53 - [TEST_CASE][PASSED] - Test Cases/PFI Precision and Scale/PFI Components with Indexing/VerifyDropdownValuesIndex: Test Cases/PFI Precision and Scale/PFI Components with Indexing/VerifyDropdownValuesIndex

2020-06-09 00:19:53 - [TEST_STEP][PASSED] - Thread.sleep(1000): null

2020-06-09 00:19:54 - [TEST_STEP][PASSED] - NewInputNmField = modifyObjectProperty(findTestObject("Object Repository/Objects.HighlightElements/input_field_index"), "xpath", "equals", "(//*[contains(@class,'x-form-text') and (@name='" + FldNm + "')])[" + index + "]", true): Modify property of object successfully

2020-06-09 00:19:54 - [MESSAGE][PASSED] - Modify property of object successfully

2020-06-09 00:19:54 - [TEST_STEP][PASSED] - comboNm = cmbNm: null

2020-06-09 00:19:54 - [TEST_STEP][PASSED] - focus(NewInputNmField): Object: 'Object Repository/Objects.HighlightElements/input_field_index' is focused

2020-06-09 00:19:54 - [MESSAGE][PASSED] - Object: 'Object Repository/Objects.HighlightElements/input_field_index' is focused

2020-06-09 00:19:54 - [TEST_STEP][PASSED] - setText(NewInputNmField, EnterValue): Text 'asdsafd' is set on object 'Object Repository/Objects.HighlightElements/input_field_index'

2020-06-09 00:19:54 - [MESSAGE][PASSED] - Text 'asdsafd' is set on object 'Object Repository/Objects.HighlightElements/input_field_index'

2020-06-09 00:19:54 - [TEST_STEP][PASSED] - for ([i = 1, i <= NoOfVal, (i++)]): Keys 'DOWN + ' sent to object: 'Object Repository/Objects.HighlightElements/input_field_index'

2020-06-09 00:19:54 - [TEST_STEP][PASSED] - sendKeys(NewInputNmField, Keys.chord(ARROW_DOWN)): Keys 'DOWN + ' sent to object: 'Object Repository/Objects.HighlightElements/input_field_index'

2020-06-09 00:19:55 - [MESSAGE][PASSED] - Keys 'DOWN + ' sent to object: 'Object Repository/Objects.HighlightElements/input_field_index'

2020-06-09 00:19:55 - [TEST_STEP][PASSED] - delay(DelayTime): Delayed 2 second(s)

2020-06-09 00:19:57 - [MESSAGE][PASSED] - Delayed 2 second(s)

2020-06-09 00:19:57 - [TEST_STEP][PASSED] - sendKeys(NewInputNmField, Keys.chord(ENTER)): Keys 'ENTER + ' sent to object: 'Object Repository/Objects.HighlightElements/input_field_index'

2020-06-09 00:19:57 - [MESSAGE][PASSED] - Keys 'ENTER + ' sent to object: 'Object Repository/Objects.HighlightElements/input_field_index'

2020-06-09 00:19:57 - [TEST_STEP][PASSED] - ComboBoxValue = getAttribute(NewInputNmField, "value"): Attribute 'value' of object 'Object Repository/Objects.HighlightElements/input_field_index' is: 'asdsafd'

2020-06-09 00:19:57 - [MESSAGE][PASSED] - Attribute 'value' of object 'Object Repository/Objects.HighlightElements/input_field_index' is: 'asdsafd'

2020-06-09 00:19:57 - [TEST_STEP][PASSED] - callTestCase(findTestCase(CallTCName), ["FindValue":ComboBoxValue, "DropdownNm":comboNm], STOP_ON_FAILURE): Call Test Case 'Test Cases/PFI Precision and Scale/HashMap Tables/RoadLists' successfully

2020-06-09 00:19:57 - [TEST_CASE][PASSED] - Test Cases/PFI Precision and Scale/HashMap Tables/RoadLists: Test Cases/PFI Precision and Scale/HashMap Tables/RoadLists

2020-06-09 00:19:57 - [TEST_STEP][PASSED] - Thread.sleep(1000): null

2020-06-09 00:19:58 - [TEST_STEP][PASSED] - RoadTBL = [6981:"12121212121212 (121212)", 6980:"2322434234 (32323)", 6978:"234234234234 (232424)", 2595:"ABBOTSINGH ROAD (ABB00H)", ... ]: null

2020-06-09 00:19:58 - [TEST_STEP][PASSED] - ValueFound = RoadTBL.find({ -> ... }): null

2020-06-09 00:19:58 - [TEST_STEP][PASSED] - if (ValueFound == null): null

2020-06-09 00:19:58 - [TEST_STEP][PASSED] - ValueFound = "Not in the Road List": null

2020-06-09 00:19:58 - [MESSAGE][PASSED] - Call Test Case 'Test Cases/PFI Precision and Scale/HashMap Tables/RoadLists' successfully

2020-06-09 00:19:58 - [TEST_STEP][PASSED] - println(ValueFound): null

2020-06-09 00:19:58 - [TEST_STEP][PASSED] - sendKeys(NewInputNmField, Keys.chord(ARROW_DOWN)): Keys 'DOWN + ' sent to object: 'Object Repository/Objects.HighlightElements/input_field_index'

2020-06-09 00:19:58 - [MESSAGE][PASSED] - Keys 'DOWN + ' sent to object: 'Object Repository/Objects.HighlightElements/input_field_index'

2020-06-09 00:19:58 - [TEST_STEP][PASSED] - sendKeys(NewInputNmField, Keys.chord(ENTER)): Keys 'ENTER + ' sent to object: 'Object Repository/Objects.HighlightElements/input_field_index'

2020-06-09 00:19:58 - [MESSAGE][PASSED] - Keys 'ENTER + ' sent to object: 'Object Repository/Objects.HighlightElements/input_field_index'

2020-06-09 00:19:58 - [MESSAGE][PASSED] - Call Test Case 'Test Cases/PFI Precision and Scale/PFI Components with Indexing/VerifyDropdownValuesIndex' successfully

2020-06-09 00:19:58 - [TEST_STEP][PASSED] - callTestCase(findTestCase("Components/SelectAllThenDeleteIndex"), ["nameToBeUsed":"roadId", "index":"1"], STOP_ON_FAILURE): Call Test Case 'Test Cases/Components/SelectAllThenDeleteIndex' successfully

2020-06-09 00:19:58 - [TEST_CASE][PASSED] - Test Cases/Components/SelectAllThenDeleteIndex: Test Cases/Components/SelectAllThenDeleteIndex

2020-06-09 00:19:58 - [TEST_STEP][PASSED] - Thread.sleep(1000): null

2020-06-09 00:19:59 - [TEST_STEP][PASSED] - modifiedObj = modifyObjectProperty(findTestObject("Object Repository/Objects.HighlightElements/input_field_index"), "xpath", "equals", "(//*[contains(@class,'x-form-text') and (@name='" + nameToBeUsed + "')])[" + index + "]", true): Modify property of object successfully

2020-06-09 00:19:59 - [MESSAGE][PASSED] - Modify property of object successfully

2020-06-09 00:19:59 - [TEST_STEP][PASSED] - focus(modifiedObj): Object: 'Object Repository/Objects.HighlightElements/input_field_index' is focused

2020-06-09 00:19:59 - [MESSAGE][PASSED] - Object: 'Object Repository/Objects.HighlightElements/input_field_index' is focused

2020-06-09 00:19:59 - [TEST_STEP][PASSED] - sendKeys(modifiedObj, Keys.chord(CONTROL, "a")): Keys 'CONTROL + a' sent to object: 'Object Repository/Objects.HighlightElements/input_field_index'

2020-06-09 00:19:59 - [MESSAGE][PASSED] - Keys 'CONTROL + a' sent to object: 'Object Repository/Objects.HighlightElements/input_field_index'

2020-06-09 00:19:59 - [TEST_STEP][PASSED] - sendKeys(modifiedObj, Keys.chord(DELETE)): Keys 'DELETE + ' sent to object: 'Object Repository/Objects.HighlightElements/input_field_index'

2020-06-09 00:19:59 - [MESSAGE][PASSED] - Keys 'DELETE + ' sent to object: 'Object Repository/Objects.HighlightElements/input_field_index'

2020-06-09 00:19:59 - [MESSAGE][PASSED] - Call Test Case 'Test Cases/Components/SelectAllThenDeleteIndex' successfully

2020-06-09 00:19:59 - [TEST_STEP][PASSED] - callTestCase(findTestCase("PFI Precision and Scale/PFI Components with Indexing/VerifyDropdownValuesIndex"), ["FldNm":"roadId", "index":1, "CallTCName":"PFI Precision and Scale/HashMap Tables/RoadLists", "cmbNm":"", "NoOfVal":1, "DelayTime":0, ... ], STOP_ON_FAILURE): Call Test Case 'Test Cases/PFI Precision and Scale/PFI Components with Indexing/VerifyDropdownValuesIndex' successfully

2020-06-09 00:19:59 - [TEST_CASE][PASSED] - Test Cases/PFI Precision and Scale/PFI Components with Indexing/VerifyDropdownValuesIndex: Test Cases/PFI Precision and Scale/PFI Components with Indexing/VerifyDropdownValuesIndex

2020-06-09 00:19:59 - [TEST_STEP][PASSED] - Thread.sleep(1000): null

2020-06-09 00:20:00 - [TEST_STEP][PASSED] - NewInputNmField = modifyObjectProperty(findTestObject("Object Repository/Objects.HighlightElements/input_field_index"), "xpath", "equals", "(//*[contains(@class,'x-form-text') and (@name='" + FldNm + "')])[" + index + "]", true): Modify property of object successfully

2020-06-09 00:20:00 - [MESSAGE][PASSED] - Modify property of object successfully

2020-06-09 00:20:00 - [TEST_STEP][PASSED] - comboNm = cmbNm: null

2020-06-09 00:20:00 - [TEST_STEP][PASSED] - focus(NewInputNmField): Object: 'Object Repository/Objects.HighlightElements/input_field_index' is focused

2020-06-09 00:20:00 - [MESSAGE][PASSED] - Object: 'Object Repository/Objects.HighlightElements/input_field_index' is focused

2020-06-09 00:20:00 - [TEST_STEP][PASSED] - setText(NewInputNmField, EnterValue): Text 'ALS02Q' is set on object 'Object Repository/Objects.HighlightElements/input_field_index'

2020-06-09 00:20:00 - [MESSAGE][PASSED] - Text 'ALS02Q' is set on object 'Object Repository/Objects.HighlightElements/input_field_index'

2020-06-09 00:20:00 - [TEST_STEP][PASSED] - for ([i = 1, i <= NoOfVal, (i++)]): Keys 'DOWN + ' sent to object: 'Object Repository/Objects.HighlightElements/input_field_index'

2020-06-09 00:20:00 - [TEST_STEP][PASSED] - sendKeys(NewInputNmField, Keys.chord(ARROW_DOWN)): Keys 'DOWN + ' sent to object: 'Object Repository/Objects.HighlightElements/input_field_index'

2020-06-09 00:20:00 - [MESSAGE][PASSED] - Keys 'DOWN + ' sent to object: 'Object Repository/Objects.HighlightElements/input_field_index'

2020-06-09 00:20:00 - [TEST_STEP][PASSED] - delay(DelayTime): Delayed 0 second(s)

2020-06-09 00:20:00 - [MESSAGE][PASSED] - Delayed 0 second(s)

2020-06-09 00:20:00 - [TEST_STEP][PASSED] - sendKeys(NewInputNmField, Keys.chord(ENTER)): Keys 'ENTER + ' sent to object: 'Object Repository/Objects.HighlightElements/input_field_index'

2020-06-09 00:20:00 - [MESSAGE][PASSED] - Keys 'ENTER + ' sent to object: 'Object Repository/Objects.HighlightElements/input_field_index'

2020-06-09 00:20:00 - [TEST_STEP][PASSED] - ComboBoxValue = getAttribute(NewInputNmField, "value"): Attribute 'value' of object 'Object Repository/Objects.HighlightElements/input_field_index' is: '12121212121212 (121212)'

2020-06-09 00:20:01 - [MESSAGE][PASSED] - Attribute 'value' of object 'Object Repository/Objects.HighlightElements/input_field_index' is: '12121212121212 (121212)'

2020-06-09 00:20:01 - [TEST_STEP][PASSED] - callTestCase(findTestCase(CallTCName), ["FindValue":ComboBoxValue, "DropdownNm":comboNm], STOP_ON_FAILURE): Call Test Case 'Test Cases/PFI Precision and Scale/HashMap Tables/RoadLists' successfully

2020-06-09 00:20:01 - [TEST_CASE][PASSED] - Test Cases/PFI Precision and Scale/HashMap Tables/RoadLists: Test Cases/PFI Precision and Scale/HashMap Tables/RoadLists

2020-06-09 00:20:01 - [TEST_STEP][PASSED] - Thread.sleep(1000): null

2020-06-09 00:20:02 - [TEST_STEP][PASSED] - RoadTBL = [6981:"12121212121212 (121212)", 6980:"2322434234 (32323)", 6978:"234234234234 (232424)", 2595:"ABBOTSINGH ROAD (ABB00H)", ... ]: null

2020-06-09 00:20:02 - [TEST_STEP][PASSED] - ValueFound = RoadTBL.find({ -> ... }): null

2020-06-09 00:20:02 - [TEST_STEP][PASSED] - if (ValueFound == null): null

2020-06-09 00:20:02 - [MESSAGE][PASSED] - Call Test Case 'Test Cases/PFI Precision and Scale/HashMap Tables/RoadLists' successfully

2020-06-09 00:20:02 - [TEST_STEP][PASSED] - println(ValueFound): null

2020-06-09 00:20:02 - [TEST_STEP][PASSED] - sendKeys(NewInputNmField, Keys.chord(ARROW_DOWN)): Keys 'DOWN + ' sent to object: 'Object Repository/Objects.HighlightElements/input_field_index'

2020-06-09 00:20:02 - [MESSAGE][PASSED] - Keys 'DOWN + ' sent to object: 'Object Repository/Objects.HighlightElements/input_field_index'

2020-06-09 00:20:02 - [TEST_STEP][PASSED] - sendKeys(NewInputNmField, Keys.chord(ENTER)): Keys 'ENTER + ' sent to object: 'Object Repository/Objects.HighlightElements/input_field_index'

2020-06-09 00:20:02 - [MESSAGE][PASSED] - Keys 'ENTER + ' sent to object: 'Object Repository/Objects.HighlightElements/input_field_index'

2020-06-09 00:20:02 - [MESSAGE][PASSED] - Call Test Case 'Test Cases/PFI Precision and Scale/PFI Components with Indexing/VerifyDropdownValuesIndex' successfully

2020-06-09 00:20:02 - [TEST_STEP][PASSED] - callTestCase(findTestCase("Components/SelectAllThenDeleteIndex"), ["nameToBeUsed":"roadId", "index":"1"], STOP_ON_FAILURE): Call Test Case 'Test Cases/Components/SelectAllThenDeleteIndex' successfully

2020-06-09 00:20:02 - [TEST_CASE][PASSED] - Test Cases/Components/SelectAllThenDeleteIndex: Test Cases/Components/SelectAllThenDeleteIndex

2020-06-09 00:20:02 - [TEST_STEP][PASSED] - Thread.sleep(1000): null

2020-06-09 00:20:03 - [TEST_STEP][PASSED] - modifiedObj = modifyObjectProperty(findTestObject("Object Repository/Objects.HighlightElements/input_field_index"), "xpath", "equals", "(//*[contains(@class,'x-form-text') and (@name='" + nameToBeUsed + "')])[" + index + "]", true): Modify property of object successfully

2020-06-09 00:20:03 - [MESSAGE][PASSED] - Modify property of object successfully

2020-06-09 00:20:03 - [TEST_STEP][PASSED] - focus(modifiedObj): Object: 'Object Repository/Objects.HighlightElements/input_field_index' is focused

2020-06-09 00:20:03 - [MESSAGE][PASSED] - Object: 'Object Repository/Objects.HighlightElements/input_field_index' is focused

2020-06-09 00:20:03 - [TEST_STEP][PASSED] - sendKeys(modifiedObj, Keys.chord(CONTROL, "a")): Keys 'CONTROL + a' sent to object: 'Object Repository/Objects.HighlightElements/input_field_index'

2020-06-09 00:20:03 - [MESSAGE][PASSED] - Keys 'CONTROL + a' sent to object: 'Object Repository/Objects.HighlightElements/input_field_index'

2020-06-09 00:20:03 - [TEST_STEP][PASSED] - sendKeys(modifiedObj, Keys.chord(DELETE)): Keys 'DELETE + ' sent to object: 'Object Repository/Objects.HighlightElements/input_field_index'

2020-06-09 00:20:03 - [MESSAGE][PASSED] - Keys 'DELETE + ' sent to object: 'Object Repository/Objects.HighlightElements/input_field_index'

2020-06-09 00:20:03 - [MESSAGE][PASSED] - Call Test Case 'Test Cases/Components/SelectAllThenDeleteIndex' successfully

2020-06-09 00:20:03 - [TEST_STEP][PASSED] - callTestCase(findTestCase("PFI Precision and Scale/PFI Components with Indexing/VerifyDropdownValuesIndex"), ["FldNm":"roadId", "index":1, "CallTCName":"PFI Precision and Scale/HashMap Tables/RoadLists", "cmbNm":"", "NoOfVal":1, "DelayTime":0, ... ], STOP_ON_FAILURE): Call Test Case 'Test Cases/PFI Precision and Scale/PFI Components with Indexing/VerifyDropdownValuesIndex' successfully

2020-06-09 00:20:03 - [TEST_CASE][PASSED] - Test Cases/PFI Precision and Scale/PFI Components with Indexing/VerifyDropdownValuesIndex: Test Cases/PFI Precision and Scale/PFI Components with Indexing/VerifyDropdownValuesIndex

2020-06-09 00:20:03 - [TEST_STEP][PASSED] - Thread.sleep(1000): null

2020-06-09 00:20:04 - [TEST_STEP][PASSED] - NewInputNmField = modifyObjectProperty(findTestObject("Object Repository/Objects.HighlightElements/input_field_index"), "xpath", "equals", "(//*[contains(@class,'x-form-text') and (@name='" + FldNm + "')])[" + index + "]", true): Modify property of object successfully

2020-06-09 00:20:04 - [MESSAGE][PASSED] - Modify property of object successfully

2020-06-09 00:20:04 - [TEST_STEP][PASSED] - comboNm = cmbNm: null

2020-06-09 00:20:04 - [TEST_STEP][PASSED] - focus(NewInputNmField): Object: 'Object Repository/Objects.HighlightElements/input_field_index' is focused

2020-06-09 00:20:04 - [MESSAGE][PASSED] - Object: 'Object Repository/Objects.HighlightElements/input_field_index' is focused

2020-06-09 00:20:04 - [TEST_STEP][PASSED] - setText(NewInputNmField, EnterValue): Text 'ADIS ROAD' is set on object 'Object Repository/Objects.HighlightElements/input_field_index'

2020-06-09 00:20:04 - [MESSAGE][PASSED] - Text 'ADIS ROAD' is set on object 'Object Repository/Objects.HighlightElements/input_field_index'

2020-06-09 00:20:04 - [TEST_STEP][PASSED] - for ([i = 1, i <= NoOfVal, (i++)]): Keys 'DOWN + ' sent to object: 'Object Repository/Objects.HighlightElements/input_field_index'

2020-06-09 00:20:04 - [TEST_STEP][PASSED] - sendKeys(NewInputNmField, Keys.chord(ARROW_DOWN)): Keys 'DOWN + ' sent to object: 'Object Repository/Objects.HighlightElements/input_field_index'

2020-06-09 00:20:04 - [MESSAGE][PASSED] - Keys 'DOWN + ' sent to object: 'Object Repository/Objects.HighlightElements/input_field_index'

2020-06-09 00:20:04 - [TEST_STEP][PASSED] - delay(DelayTime): Delayed 0 second(s)

2020-06-09 00:20:04 - [MESSAGE][PASSED] - Delayed 0 second(s)

2020-06-09 00:20:04 - [TEST_STEP][PASSED] - sendKeys(NewInputNmField, Keys.chord(ENTER)): Keys 'ENTER + ' sent to object: 'Object Repository/Objects.HighlightElements/input_field_index'

2020-06-09 00:20:04 - [MESSAGE][PASSED] - Keys 'ENTER + ' sent to object: 'Object Repository/Objects.HighlightElements/input_field_index'

2020-06-09 00:20:04 - [TEST_STEP][PASSED] - ComboBoxValue = getAttribute(NewInputNmField, "value"): Attribute 'value' of object 'Object Repository/Objects.HighlightElements/input_field_index' is: '12121212121212 (121212)'

2020-06-09 00:20:04 - [MESSAGE][PASSED] - Attribute 'value' of object 'Object Repository/Objects.HighlightElements/input_field_index' is: '12121212121212 (121212)'

2020-06-09 00:20:04 - [TEST_STEP][PASSED] - callTestCase(findTestCase(CallTCName), ["FindValue":ComboBoxValue, "DropdownNm":comboNm], STOP_ON_FAILURE): Call Test Case 'Test Cases/PFI Precision and Scale/HashMap Tables/RoadLists' successfully

2020-06-09 00:20:04 - [TEST_CASE][PASSED] - Test Cases/PFI Precision and Scale/HashMap Tables/RoadLists: Test Cases/PFI Precision and Scale/HashMap Tables/RoadLists

2020-06-09 00:20:04 - [TEST_STEP][PASSED] - Thread.sleep(1000): null

2020-06-09 00:20:05 - [TEST_STEP][PASSED] - RoadTBL = [6981:"12121212121212 (121212)", 6980:"2322434234 (32323)", 6978:"234234234234 (232424)", 2595:"ABBOTSINGH ROAD (ABB00H)", ... ]: null

2020-06-09 00:20:05 - [TEST_STEP][PASSED] - ValueFound = RoadTBL.find({ -> ... }): null

2020-06-09 00:20:05 - [TEST_STEP][PASSED] - if (ValueFound == null): null

2020-06-09 00:20:05 - [MESSAGE][PASSED] - Call Test Case 'Test Cases/PFI Precision and Scale/HashMap Tables/RoadLists' successfully

2020-06-09 00:20:05 - [TEST_STEP][PASSED] - println(ValueFound): null

2020-06-09 00:20:05 - [TEST_STEP][PASSED] - sendKeys(NewInputNmField, Keys.chord(ARROW_DOWN)): Keys 'DOWN + ' sent to object: 'Object Repository/Objects.HighlightElements/input_field_index'

2020-06-09 00:20:05 - [MESSAGE][PASSED] - Keys 'DOWN + ' sent to object: 'Object Repository/Objects.HighlightElements/input_field_index'

2020-06-09 00:20:05 - [TEST_STEP][PASSED] - sendKeys(NewInputNmField, Keys.chord(ENTER)): Keys 'ENTER + ' sent to object: 'Object Repository/Objects.HighlightElements/input_field_index'

2020-06-09 00:20:06 - [MESSAGE][PASSED] - Keys 'ENTER + ' sent to object: 'Object Repository/Objects.HighlightElements/input_field_index'

2020-06-09 00:20:06 - [MESSAGE][PASSED] - Call Test Case 'Test Cases/PFI Precision and Scale/PFI Components with Indexing/VerifyDropdownValuesIndex' successfully

2020-06-09 00:20:06 - [TEST_STEP][PASSED] - callTestCase(findTestCase("Components/HighlightInputFieldXPI"), ["FldNm":"buildingName", "index":1], STOP_ON_FAILURE): Call Test Case 'Test Cases/Components/HighlightInputFieldXPI' successfully

2020-06-09 00:20:06 - [TEST_CASE][PASSED] - Test Cases/Components/HighlightInputFieldXPI: Test Cases/Components/HighlightInputFieldXPI

2020-06-09 00:20:06 - [TEST_STEP][PASSED] - Thread.sleep(1000): null

2020-06-09 00:20:07 - [TEST_STEP][PASSED] - modifiedInputNm = modifyObjectProperty(findTestObject("Object Repository/Objects.HighlightElements/input_field_index"), "xpath", "equals", "(//*[contains(@name, '" + FldNm + "')])[" + index + "]", true): Modify property of object successfully

2020-06-09 00:20:07 - [MESSAGE][PASSED] - Modify property of object successfully

2020-06-09 00:20:07 - [TEST_STEP][PASSED] - com.reusableComponents.HighlightElement.run(modifiedInputNm): com.reusableComponents.HighlightElement.run is PASSED

2020-06-09 00:20:07 - [MESSAGE][PASSED] - com.reusableComponents.HighlightElement.run is PASSED

2020-06-09 00:20:07 - [MESSAGE][PASSED] - Call Test Case 'Test Cases/Components/HighlightInputFieldXPI' successfully

2020-06-09 00:20:07 - [TEST_STEP][PASSED] - callTestCase(findTestCase("PFI Precision and Scale/PFI Components with Indexing/AlphaNumericSpecialValidationIndex"), ["FldNm":"buildingName", "LenChar":6, "index":1], STOP_ON_FAILURE): Call Test Case 'Test Cases/PFI Precision and Scale/PFI Components with Indexing/AlphaNumericSpecialValidationIndex' successfully

2020-06-09 00:20:07 - [TEST_CASE][PASSED] - Test Cases/PFI Precision and Scale/PFI Components with Indexing/AlphaNumericSpecialValidationIndex: Test Cases/PFI Precision and Scale/PFI Components with Indexing/AlphaNumericSpecialValidationIndex

2020-06-09 00:20:07 - [TEST_STEP][PASSED] - charset = /?><"".join(): null

2020-06-09 00:20:07 - [TEST_STEP][PASSED] - AlphaNumeric = 9).join(): null

2020-06-09 00:20:07 - [TEST_STEP][PASSED] - SpecialChar = "`~!@#$%^&*()-=+_{}|\][;'":,./?><"": null

2020-06-09 00:20:07 - [TEST_STEP][PASSED] - RandomString = RandomStringUtils.random(LenChar, AlphaNumeric.toCharArray()): null

2020-06-09 00:20:07 - [TEST_STEP][PASSED] - RdmSpChar = RandomStringUtils.random(LenChar, SpecialChar): null

2020-06-09 00:20:07 - [TEST_STEP][PASSED] - regexPat = Pattern.compile("^[A-Za-z0-9 ]+$"): null

2020-06-09 00:20:07 - [TEST_STEP][PASSED] - NewInputNmField = modifyObjectProperty(findTestObject("Object Repository/Objects.HighlightElements/input_field_index"), "xpath", "equals", "(//*[contains(@class,'x-form-text') and (@name='" + FldNm + "')])[" + index + "]", true): Modify property of object successfully

2020-06-09 00:20:07 - [MESSAGE][PASSED] - Modify property of object successfully

2020-06-09 00:20:07 - [TEST_STEP][PASSED] - setText(NewInputNmField, RandomString): Text 'egEzkT' is set on object 'Object Repository/Objects.HighlightElements/input_field_index'

2020-06-09 00:20:07 - [MESSAGE][PASSED] - Text 'egEzkT' is set on object 'Object Repository/Objects.HighlightElements/input_field_index'

2020-06-09 00:20:07 - [TEST_STEP][PASSED] - RemarksAN = getAttribute(NewInputNmField, "value"): Attribute 'value' of object 'Object Repository/Objects.HighlightElements/input_field_index' is: 'egEzkT'

2020-06-09 00:20:07 - [MESSAGE][PASSED] - Attribute 'value' of object 'Object Repository/Objects.HighlightElements/input_field_index' is: 'egEzkT'

2020-06-09 00:20:07 - [TEST_STEP][PASSED] - matchStr = regexPat.matcher(RemarksAN): null

2020-06-09 00:20:07 - [TEST_STEP][PASSED] - if (matchStr.matches() == true): Accepting Alphanumeric

2020-06-09 00:20:07 - [TEST_STEP][PASSED] - comment("Accepting Alphanumeric"): Accepting Alphanumeric

2020-06-09 00:20:07 - [MESSAGE][INFO] - Accepting Alphanumeric

2020-06-09 00:20:07 - [TEST_STEP][PASSED] - setText(NewInputNmField, RdmSpChar): Text '.@!|@+' is set on object 'Object Repository/Objects.HighlightElements/input_field_index'

2020-06-09 00:20:08 - [MESSAGE][PASSED] - Text '.@!|@+' is set on object 'Object Repository/Objects.HighlightElements/input_field_index'

2020-06-09 00:20:08 - [TEST_STEP][PASSED] - RemarksSpChar = getAttribute(NewInputNmField, "value"): Attribute 'value' of object 'Object Repository/Objects.HighlightElements/input_field_index' is: '.@!|@+'

2020-06-09 00:20:08 - [MESSAGE][PASSED] - Attribute 'value' of object 'Object Repository/Objects.HighlightElements/input_field_index' is: '.@!|@+'

2020-06-09 00:20:08 - [TEST_STEP][PASSED] - matchSp = regexPat.matcher(RemarksSpChar): null

2020-06-09 00:20:08 - [TEST_STEP][PASSED] - if (matchSp.matches() == false): Accepting Special Characters

2020-06-09 00:20:08 - [TEST_STEP][PASSED] - comment("Accepting Special Characters"): Accepting Special Characters

2020-06-09 00:20:08 - [MESSAGE][INFO] - Accepting Special Characters

2020-06-09 00:20:08 - [MESSAGE][PASSED] - Call Test Case 'Test Cases/PFI Precision and Scale/PFI Components with Indexing/AlphaNumericSpecialValidationIndex' successfully

2020-06-09 00:20:08 - [TEST_STEP][PASSED] - callTestCase(findTestCase("PFI Precision and Scale/PFI Components with Indexing/MaxCharLengthIndexValidation"), ["FieldNm":"buildingName", "index":1, "MaxCharLen":102], STOP_ON_FAILURE): Call Test Case 'Test Cases/PFI Precision and Scale/PFI Components with Indexing/MaxCharLengthIndexValidation' successfully

2020-06-09 00:20:08 - [TEST_CASE][PASSED] - Test Cases/PFI Precision and Scale/PFI Components with Indexing/MaxCharLengthIndexValidation: Test Cases/PFI Precision and Scale/PFI Components with Indexing/MaxCharLengthIndexValidation

2020-06-09 00:20:08 - [TEST_STEP][PASSED] - Thread.sleep(1000): null

2020-06-09 00:20:09 - [TEST_STEP][PASSED] - CharLengthTBL = ["aoNotes":4000, "notes":4000, "hseBlkNo":10, "buildingName":100, "unformattedAddress":4000, "courtNo":20, "caseGrpDesc":4000, ... ]: null

2020-06-09 00:20:09 - [TEST_STEP][PASSED] - charset = /?><"".join(): null

2020-06-09 00:20:09 - [TEST_STEP][PASSED] - RandomStringVal = RandomStringUtils.random(MaxCharLen, charset.toCharArray()): null

2020-06-09 00:20:09 - [TEST_STEP][PASSED] - NewInputNmField = modifyObjectProperty(findTestObject("Object Repository/Objects.HighlightElements/input_field_index"), "xpath", "equals", "(//*[contains(@class,'x-form-text') and (@name='" + FieldNm + "')])[" + index + "]", true): Modify property of object successfully

2020-06-09 00:20:09 - [MESSAGE][PASSED] - Modify property of object successfully

2020-06-09 00:20:09 - [TEST_STEP][PASSED] - setText(NewInputNmField, RandomStringVal): Text '1N^pkaF%u^L<G?BsLga*-WgqzRE@PVNo=2FK:i<60{mz@>YC"U"D.N9?9Sn*5lj?W[wC$4[#mP'l:?}|j[=Gbl"so<'[ff>laczFy8' is set on object 'Object Repository/Objects.HighlightElements/input_field_index'

2020-06-09 00:20:10 - [MESSAGE][PASSED] - Text '1N^pkaF%u^L<G?BsLga*-WgqzRE@PVNo=2FK:i<60{mz@>YC"U"D.N9?9Sn*5lj?W[wC$4[#mP'l:?}|j[=Gbl"so<'[ff>laczFy8' is set on object 'Object Repository/Objects.HighlightElements/input_field_index'

2020-06-09 00:20:10 - [TEST_STEP][PASSED] - GetInputValue = getAttribute(NewInputNmField, "value", STOP_ON_FAILURE): Attribute 'value' of object 'Object Repository/Objects.HighlightElements/input_field_index' is: '1N^pkaF%u^L<G?BsLga*-WgqzRE@PVNo=2FK:i<60{mz@>YC"U"D.N9?9Sn*5lj?W[wC$4[#mP'l:?}|j[=Gbl"so<'[ff>laczF'

2020-06-09 00:20:10 - [MESSAGE][PASSED] - Attribute 'value' of object 'Object Repository/Objects.HighlightElements/input_field_index' is: '1N^pkaF%u^L<G?BsLga*-WgqzRE@PVNo=2FK:i<60{mz@>YC"U"D.N9?9Sn*5lj?W[wC$4[#mP'l:?}|j[=Gbl"so<'[ff>laczF'

2020-06-09 00:20:10 - [TEST_STEP][PASSED] - GetLenChar = GetInputValue.length(): null

2020-06-09 00:20:10 - [TEST_STEP][PASSED] - MaxLength = CharLengthTBL.get(FieldNm): null

2020-06-09 00:20:10 - [TEST_STEP][PASSED] - if (MaxLength != null): Actual object '100' and expected object '100' are equal

2020-06-09 00:20:10 - [TEST_STEP][PASSED] - verifyEqual(GetLenChar, MaxLength): Actual object '100' and expected object '100' are equal

2020-06-09 00:20:10 - [MESSAGE][PASSED] - Actual object '100' and expected object '100' are equal

2020-06-09 00:20:10 - [MESSAGE][PASSED] - Call Test Case 'Test Cases/PFI Precision and Scale/PFI Components with Indexing/MaxCharLengthIndexValidation' successfully

2020-06-09 00:20:10 - [TEST_STEP][PASSED] - callTestCase(findTestCase("Components/HighlightInputFieldXPI"), ["FldNm":"postalCode", "index":1], STOP_ON_FAILURE): Call Test Case 'Test Cases/Components/HighlightInputFieldXPI' successfully

2020-06-09 00:20:10 - [TEST_CASE][PASSED] - Test Cases/Components/HighlightInputFieldXPI: Test Cases/Components/HighlightInputFieldXPI

2020-06-09 00:20:10 - [TEST_STEP][PASSED] - Thread.sleep(1000): null

2020-06-09 00:20:11 - [TEST_STEP][PASSED] - modifiedInputNm = modifyObjectProperty(findTestObject("Object Repository/Objects.HighlightElements/input_field_index"), "xpath", "equals", "(//*[contains(@name, '" + FldNm + "')])[" + index + "]", true): Modify property of object successfully

2020-06-09 00:20:11 - [MESSAGE][PASSED] - Modify property of object successfully

2020-06-09 00:20:11 - [TEST_STEP][PASSED] - com.reusableComponents.HighlightElement.run(modifiedInputNm): com.reusableComponents.HighlightElement.run is PASSED

2020-06-09 00:20:12 - [MESSAGE][PASSED] - com.reusableComponents.HighlightElement.run is PASSED

2020-06-09 00:20:12 - [MESSAGE][PASSED] - Call Test Case 'Test Cases/Components/HighlightInputFieldXPI' successfully

2020-06-09 00:20:12 - [TEST_STEP][PASSED] - callTestCase(findTestCase("PFI Precision and Scale/PFI Components with Indexing/NumericTextboxValidationIndex"), ["nameToBeUsed":"postalCode", "index":1, "minLen":4], STOP_ON_FAILURE): Call Test Case 'Test Cases/PFI Precision and Scale/PFI Components with Indexing/NumericTextboxValidationIndex' successfully

2020-06-09 00:20:12 - [TEST_CASE][PASSED] - Test Cases/PFI Precision and Scale/PFI Components with Indexing/NumericTextboxValidationIndex: Test Cases/PFI Precision and Scale/PFI Components with Indexing/NumericTextboxValidationIndex

2020-06-09 00:20:12 - [TEST_STEP][PASSED] - Thread.sleep(1000): null

2020-06-09 00:20:13 - [TEST_STEP][PASSED] - Numeric = "0123456789": null

2020-06-09 00:20:13 - [TEST_STEP][PASSED] - AlphaSpecialChar = z) + "`~!@#$%^&*()=_{}|\][;'":,?><"".join(): null

2020-06-09 00:20:13 - [TEST_STEP][PASSED] - RandomNumeric = RandomStringUtils.random(minLen, Numeric.toCharArray()): null

2020-06-09 00:20:13 - [TEST_STEP][PASSED] - RandomString = RandomStringUtils.random(minLen, AlphaSpecialChar): null

2020-06-09 00:20:13 - [TEST_STEP][PASSED] - regexPat = Pattern.compile("^[0-9]+$"): null

2020-06-09 00:20:13 - [TEST_STEP][PASSED] - NewInputNmField = modifyObjectProperty(findTestObject("Object Repository/Objects.HighlightElements/input_field_index"), "xpath", "equals", "(//*[contains(@class,'x-form-text') and (@name='" + nameToBeUsed + "')])[" + index + "]", true): Modify property of object successfully

2020-06-09 00:20:13 - [MESSAGE][PASSED] - Modify property of object successfully

2020-06-09 00:20:13 - [TEST_STEP][PASSED] - focus(NewInputNmField): Object: 'Object Repository/Objects.HighlightElements/input_field_index' is focused

2020-06-09 00:20:13 - [MESSAGE][PASSED] - Object: 'Object Repository/Objects.HighlightElements/input_field_index' is focused

2020-06-09 00:20:13 - [TEST_STEP][PASSED] - setText(NewInputNmField, RandomString): Text 'G"IS' is set on object 'Object Repository/Objects.HighlightElements/input_field_index'

2020-06-09 00:20:13 - [MESSAGE][PASSED] - Text 'G"IS' is set on object 'Object Repository/Objects.HighlightElements/input_field_index'

2020-06-09 00:20:13 - [TEST_STEP][PASSED] - GetInputVal = getAttribute(NewInputNmField, "value"): Attribute 'value' of object 'Object Repository/Objects.HighlightElements/input_field_index' is: ''

2020-06-09 00:20:13 - [MESSAGE][PASSED] - Attribute 'value' of object 'Object Repository/Objects.HighlightElements/input_field_index' is: ''

2020-06-09 00:20:13 - [TEST_STEP][PASSED] - if (GetInputVal.contains("e")): null

2020-06-09 00:20:13 - [TEST_STEP][PASSED] - else: Actual text '' and expected text '' are matched  using regular expression

2020-06-09 00:20:13 - [TEST_STEP][PASSED] - verifyMatch(GetInputVal, "", true): Actual text '' and expected text '' are matched  using regular expression

2020-06-09 00:20:13 - [MESSAGE][PASSED] - Actual text '' and expected text '' are matched  using regular expression

2020-06-09 00:20:13 - [TEST_STEP][PASSED] - setText(NewInputNmField, RandomNumeric): Text '3330' is set on object 'Object Repository/Objects.HighlightElements/input_field_index'

2020-06-09 00:20:13 - [MESSAGE][PASSED] - Text '3330' is set on object 'Object Repository/Objects.HighlightElements/input_field_index'

2020-06-09 00:20:13 - [TEST_STEP][PASSED] - GetEnteredIntegers = getAttribute(NewInputNmField, "value"): Attribute 'value' of object 'Object Repository/Objects.HighlightElements/input_field_index' is: '3330'

2020-06-09 00:20:13 - [MESSAGE][PASSED] - Attribute 'value' of object 'Object Repository/Objects.HighlightElements/input_field_index' is: '3330'

2020-06-09 00:20:13 - [TEST_STEP][PASSED] - matchStr = regexPat.matcher(GetEnteredIntegers): null

2020-06-09 00:20:13 - [TEST_STEP][PASSED] - if (matchStr.matches() == true): Accepting Numeric

2020-06-09 00:20:13 - [TEST_STEP][PASSED] - comment("Accepting Numeric"): Accepting Numeric

2020-06-09 00:20:13 - [MESSAGE][INFO] - Accepting Numeric

2020-06-09 00:20:13 - [MESSAGE][PASSED] - Call Test Case 'Test Cases/PFI Precision and Scale/PFI Components with Indexing/NumericTextboxValidationIndex' successfully

2020-06-09 00:20:13 - [TEST_STEP][PASSED] - callTestCase(findTestCase("PFI Precision and Scale/PFI Components with Indexing/MinLengthErrorIndex"), ["InputName":"postalCode", "index":1], STOP_ON_FAILURE): Call Test Case 'Test Cases/PFI Precision and Scale/PFI Components with Indexing/MinLengthErrorIndex' successfully

2020-06-09 00:20:13 - [TEST_CASE][PASSED] - Test Cases/PFI Precision and Scale/PFI Components with Indexing/MinLengthErrorIndex: Test Cases/PFI Precision and Scale/PFI Components with Indexing/MinLengthErrorIndex

2020-06-09 00:20:14 - [TEST_STEP][PASSED] - Thread.sleep(1000): null

2020-06-09 00:20:15 - [TEST_STEP][PASSED] - modifyInputFld = modifyObjectProperty(findTestObject("Objects.ReusableObjects/InputXPathField"), "xpath", "equals", "(//*[contains(@class, 'x-form-text') and contains(@name, '" + InputName + "')])[" + index + "]", true): Modify property of object successfully

2020-06-09 00:20:15 - [MESSAGE][PASSED] - Modify property of object successfully

2020-06-09 00:20:15 - [TEST_STEP][PASSED] - mouseOver(modifyInputFld): Object: 'Object Repository/Objects.ReusableObjects/InputXPathField' is hovered

2020-06-09 00:20:15 - [MESSAGE][PASSED] - Object: 'Object Repository/Objects.ReusableObjects/InputXPathField' is hovered

2020-06-09 00:20:15 - [TEST_STEP][PASSED] - GetError = getAttribute(modifyInputFld, "data-errorqtip"): Attribute 'data-errorqtip' of object 'Object Repository/Objects.ReusableObjects/InputXPathField' is: '<ul class="x-list-plain"><li>The minimum length for this field is 6</li></ul>'

2020-06-09 00:20:15 - [MESSAGE][PASSED] - Attribute 'data-errorqtip' of object 'Object Repository/Objects.ReusableObjects/InputXPathField' is: '<ul class="x-list-plain"><li>The minimum length for this field is 6</li></ul>'

2020-06-09 00:20:15 - [TEST_STEP][PASSED] - LenErrorMsg = GetError.length(): null

2020-06-09 00:20:15 - [TEST_STEP][PASSED] - RmvULCd = GetError.substring(29, LenErrorMsg): null

2020-06-09 00:20:15 - [TEST_STEP][PASSED] - NewLength = RmvULCd.length() - 10: null

2020-06-09 00:20:15 - [TEST_STEP][PASSED] - ActualErrMsg = RmvULCd.substring(0, NewLength): null

2020-06-09 00:20:15 - [TEST_STEP][PASSED] - ExpectedErrMsg = concatenate(findTestData("PrecisionAndScaleDB").getValue("ErrorMessage", 9), findTestData("PrecisionAndScaleDB").getValue("MaxValue", 1)): Concatenated string array: '['The minimum length for this field is ','6']' into 'The minimum length for this field is 6'

2020-06-09 00:20:15 - [MESSAGE][PASSED] - Concatenated string array: '['The minimum length for this field is ','6']' into 'The minimum length for this field is 6'

2020-06-09 00:20:15 - [TEST_STEP][PASSED] - verifyMatch(ActualErrMsg, ExpectedErrMsg, true): Actual text 'The minimum length for this field is 6' and expected text 'The minimum length for this field is 6' are matched  using regular expression

2020-06-09 00:20:15 - [MESSAGE][PASSED] - Actual text 'The minimum length for this field is 6' and expected text 'The minimum length for this field is 6' are matched  using regular expression

2020-06-09 00:20:15 - [MESSAGE][PASSED] - Call Test Case 'Test Cases/PFI Precision and Scale/PFI Components with Indexing/MinLengthErrorIndex' successfully

2020-06-09 00:20:15 - [TEST_STEP][PASSED] - callTestCase(findTestCase("PFI Precision and Scale/PFI Components with Indexing/MaxNumericValidationIndex"), ["InputName":"postalCode", "index":1, "numLength":8], STOP_ON_FAILURE): Call Test Case 'Test Cases/PFI Precision and Scale/PFI Components with Indexing/MaxNumericValidationIndex' successfully

2020-06-09 00:20:15 - [TEST_CASE][PASSED] - Test Cases/PFI Precision and Scale/PFI Components with Indexing/MaxNumericValidationIndex: Test Cases/PFI Precision and Scale/PFI Components with Indexing/MaxNumericValidationIndex

2020-06-09 00:20:15 - [TEST_STEP][PASSED] - Thread.sleep(1000): null

2020-06-09 00:20:16 - [TEST_STEP][PASSED] - NumLengthTBL = ["inspWeight":10, "noOfBldg":10, "postalCode":6]: null

2020-06-09 00:20:16 - [TEST_STEP][PASSED] - generateRandomNum = RandomStringUtils.randomNumeric(numLength): null

2020-06-09 00:20:16 - [TEST_STEP][PASSED] - NewInputNmField = modifyObjectProperty(findTestObject("Object Repository/Objects.HighlightElements/input_field_index"), "xpath", "equals", "(//*[contains(@class,'x-form-text') and (@name='" + InputName + "')])[" + index + "]", true): Modify property of object successfully

2020-06-09 00:20:16 - [MESSAGE][PASSED] - Modify property of object successfully

2020-06-09 00:20:16 - [TEST_STEP][PASSED] - setText(NewInputNmField, generateRandomNum): Text '42975547' is set on object 'Object Repository/Objects.HighlightElements/input_field_index'

2020-06-09 00:20:16 - [MESSAGE][PASSED] - Text '42975547' is set on object 'Object Repository/Objects.HighlightElements/input_field_index'

2020-06-09 00:20:16 - [TEST_STEP][PASSED] - GetEnteredRandom = getAttribute(NewInputNmField, "value", STOP_ON_FAILURE): Attribute 'value' of object 'Object Repository/Objects.HighlightElements/input_field_index' is: '429755'

2020-06-09 00:20:16 - [MESSAGE][PASSED] - Attribute 'value' of object 'Object Repository/Objects.HighlightElements/input_field_index' is: '429755'

2020-06-09 00:20:16 - [TEST_STEP][PASSED] - GetLength = GetEnteredRandom.length(): null

2020-06-09 00:20:16 - [TEST_STEP][PASSED] - MaxLength = NumLengthTBL.get(InputName): null

2020-06-09 00:20:16 - [TEST_STEP][PASSED] - verifyEqual(GetLength, MaxLength): Actual object '6' and expected object '6' are equal

2020-06-09 00:20:16 - [MESSAGE][PASSED] - Actual object '6' and expected object '6' are equal

2020-06-09 00:20:16 - [MESSAGE][PASSED] - Call Test Case 'Test Cases/PFI Precision and Scale/PFI Components with Indexing/MaxNumericValidationIndex' successfully

2020-06-09 00:20:16 - [TEST_STEP][PASSED] - callTestCase(findTestCase("Components/ClickRadioButtonII"), ["lblNm":"Unformatted", "index":1], STOP_ON_FAILURE): Call Test Case 'Test Cases/Components/ClickRadioButtonII' successfully

2020-06-09 00:20:16 - [TEST_CASE][PASSED] - Test Cases/Components/ClickRadioButtonII: Test Cases/Components/ClickRadioButtonII

2020-06-09 00:20:16 - [TEST_STEP][PASSED] - Thread.sleep(1000): null

2020-06-09 00:20:17 - [TEST_STEP][PASSED] - modifiedRadioButton = modifyObjectProperty(findTestObject("Objects.ClickRadioButton/DynamicRadioButton"), "xpath", "equals", "(//*[contains(@class,'x-form-cb-label-default') and text()='" + lblNm + "'])[" + index + "]", true): Modify property of object successfully

2020-06-09 00:20:17 - [MESSAGE][PASSED] - Modify property of object successfully

2020-06-09 00:20:17 - [TEST_STEP][PASSED] - com.reusableComponents.HighlightElement.run(modifiedRadioButton): com.reusableComponents.HighlightElement.run is PASSED

2020-06-09 00:20:18 - [MESSAGE][PASSED] - com.reusableComponents.HighlightElement.run is PASSED

2020-06-09 00:20:18 - [TEST_STEP][PASSED] - click(modifiedRadioButton): Object: 'Object Repository/Objects.ClickRadioButton/DynamicRadioButton' is clicked on

2020-06-09 00:20:18 - [MESSAGE][PASSED] - Object: 'Object Repository/Objects.ClickRadioButton/DynamicRadioButton' is clicked on

2020-06-09 00:20:18 - [MESSAGE][PASSED] - Call Test Case 'Test Cases/Components/ClickRadioButtonII' successfully

2020-06-09 00:20:18 - [TEST_STEP][PASSED] - callTestCase(findTestCase("Components/HighlightInputFieldXPI"), ["FldNm":"unformattedAddress", "index":1], STOP_ON_FAILURE): Call Test Case 'Test Cases/Components/HighlightInputFieldXPI' successfully

2020-06-09 00:20:18 - [TEST_CASE][PASSED] - Test Cases/Components/HighlightInputFieldXPI: Test Cases/Components/HighlightInputFieldXPI

2020-06-09 00:20:18 - [TEST_STEP][PASSED] - Thread.sleep(1000): null

2020-06-09 00:20:19 - [TEST_STEP][PASSED] - modifiedInputNm = modifyObjectProperty(findTestObject("Object Repository/Objects.HighlightElements/input_field_index"), "xpath", "equals", "(//*[contains(@name, '" + FldNm + "')])[" + index + "]", true): Modify property of object successfully

2020-06-09 00:20:19 - [MESSAGE][PASSED] - Modify property of object successfully

2020-06-09 00:20:19 - [TEST_STEP][PASSED] - com.reusableComponents.HighlightElement.run(modifiedInputNm): com.reusableComponents.HighlightElement.run is PASSED

2020-06-09 00:20:19 - [MESSAGE][PASSED] - com.reusableComponents.HighlightElement.run is PASSED

2020-06-09 00:20:19 - [MESSAGE][PASSED] - Call Test Case 'Test Cases/Components/HighlightInputFieldXPI' successfully

2020-06-09 00:20:19 - [TEST_STEP][PASSED] - callTestCase(findTestCase("PFI Precision and Scale/PFI Components with Indexing/AlphaNumericSpecialValidationIndex"), ["FldNm":"unformattedAddress", "LenChar":10, "index":1], STOP_ON_FAILURE): Call Test Case 'Test Cases/PFI Precision and Scale/PFI Components with Indexing/AlphaNumericSpecialValidationIndex' successfully

2020-06-09 00:20:20 - [TEST_CASE][PASSED] - Test Cases/PFI Precision and Scale/PFI Components with Indexing/AlphaNumericSpecialValidationIndex: Test Cases/PFI Precision and Scale/PFI Components with Indexing/AlphaNumericSpecialValidationIndex

2020-06-09 00:20:20 - [TEST_STEP][PASSED] - charset = /?><"".join(): null

2020-06-09 00:20:20 - [TEST_STEP][PASSED] - AlphaNumeric = 9).join(): null

2020-06-09 00:20:20 - [TEST_STEP][PASSED] - SpecialChar = "`~!@#$%^&*()-=+_{}|\][;'":,./?><"": null

2020-06-09 00:20:20 - [TEST_STEP][PASSED] - RandomString = RandomStringUtils.random(LenChar, AlphaNumeric.toCharArray()): null

2020-06-09 00:20:20 - [TEST_STEP][PASSED] - RdmSpChar = RandomStringUtils.random(LenChar, SpecialChar): null

2020-06-09 00:20:20 - [TEST_STEP][PASSED] - regexPat = Pattern.compile("^[A-Za-z0-9 ]+$"): null

2020-06-09 00:20:20 - [TEST_STEP][PASSED] - NewInputNmField = modifyObjectProperty(findTestObject("Object Repository/Objects.HighlightElements/input_field_index"), "xpath", "equals", "(//*[contains(@class,'x-form-text') and (@name='" + FldNm + "')])[" + index + "]", true): Modify property of object successfully

2020-06-09 00:20:20 - [MESSAGE][PASSED] - Modify property of object successfully

2020-06-09 00:20:20 - [TEST_STEP][PASSED] - setText(NewInputNmField, RandomString): Text 'nUsXFaSKXB' is set on object 'Object Repository/Objects.HighlightElements/input_field_index'

2020-06-09 00:20:20 - [MESSAGE][PASSED] - Text 'nUsXFaSKXB' is set on object 'Object Repository/Objects.HighlightElements/input_field_index'

2020-06-09 00:20:20 - [TEST_STEP][PASSED] - RemarksAN = getAttribute(NewInputNmField, "value"): Attribute 'value' of object 'Object Repository/Objects.HighlightElements/input_field_index' is: 'nUsXFaSKXB'

2020-06-09 00:20:20 - [MESSAGE][PASSED] - Attribute 'value' of object 'Object Repository/Objects.HighlightElements/input_field_index' is: 'nUsXFaSKXB'

2020-06-09 00:20:20 - [TEST_STEP][PASSED] - matchStr = regexPat.matcher(RemarksAN): null

2020-06-09 00:20:20 - [TEST_STEP][PASSED] - if (matchStr.matches() == true): Accepting Alphanumeric

2020-06-09 00:20:20 - [TEST_STEP][PASSED] - comment("Accepting Alphanumeric"): Accepting Alphanumeric

2020-06-09 00:20:20 - [MESSAGE][INFO] - Accepting Alphanumeric

2020-06-09 00:20:20 - [TEST_STEP][PASSED] - setText(NewInputNmField, RdmSpChar): Text '|]:<%@<&_=' is set on object 'Object Repository/Objects.HighlightElements/input_field_index'

2020-06-09 00:20:20 - [MESSAGE][PASSED] - Text '|]:<%@<&_=' is set on object 'Object Repository/Objects.HighlightElements/input_field_index'

2020-06-09 00:20:20 - [TEST_STEP][PASSED] - RemarksSpChar = getAttribute(NewInputNmField, "value"): Attribute 'value' of object 'Object Repository/Objects.HighlightElements/input_field_index' is: '|]:<%@<&_='

2020-06-09 00:20:20 - [MESSAGE][PASSED] - Attribute 'value' of object 'Object Repository/Objects.HighlightElements/input_field_index' is: '|]:<%@<&_='

2020-06-09 00:20:20 - [TEST_STEP][PASSED] - matchSp = regexPat.matcher(RemarksSpChar): null

2020-06-09 00:20:20 - [TEST_STEP][PASSED] - if (matchSp.matches() == false): Accepting Special Characters

2020-06-09 00:20:20 - [TEST_STEP][PASSED] - comment("Accepting Special Characters"): Accepting Special Characters

2020-06-09 00:20:20 - [MESSAGE][INFO] - Accepting Special Characters

2020-06-09 00:20:20 - [MESSAGE][PASSED] - Call Test Case 'Test Cases/PFI Precision and Scale/PFI Components with Indexing/AlphaNumericSpecialValidationIndex' successfully

2020-06-09 00:20:20 - [TEST_STEP][PASSED] - callTestCase(findTestCase("PFI Precision and Scale/PFI Components with Indexing/MaxCharLengthIndexValidation"), ["FieldNm":"unformattedAddress", "index":1, "MaxCharLen":4001], STOP_ON_FAILURE): Call Test Case 'Test Cases/PFI Precision and Scale/PFI Components with Indexing/MaxCharLengthIndexValidation' successfully

2020-06-09 00:20:20 - [TEST_CASE][PASSED] - Test Cases/PFI Precision and Scale/PFI Components with Indexing/MaxCharLengthIndexValidation: Test Cases/PFI Precision and Scale/PFI Components with Indexing/MaxCharLengthIndexValidation

2020-06-09 00:20:20 - [TEST_STEP][PASSED] - Thread.sleep(1000): null

2020-06-09 00:20:21 - [TEST_STEP][PASSED] - CharLengthTBL = ["aoNotes":4000, "notes":4000, "hseBlkNo":10, "buildingName":100, "unformattedAddress":4000, "courtNo":20, "caseGrpDesc":4000, ... ]: null

2020-06-09 00:20:21 - [TEST_STEP][PASSED] - charset = /?><"".join(): null

2020-06-09 00:20:21 - [TEST_STEP][PASSED] - RandomStringVal = RandomStringUtils.random(MaxCharLen, charset.toCharArray()): null

2020-06-09 00:20:21 - [TEST_STEP][PASSED] - NewInputNmField = modifyObjectProperty(findTestObject("Object Repository/Objects.HighlightElements/input_field_index"), "xpath", "equals", "(//*[contains(@class,'x-form-text') and (@name='" + FieldNm + "')])[" + index + "]", true): Modify property of object successfully

2020-06-09 00:20:21 - [MESSAGE][PASSED] - Modify property of object successfully

2020-06-09 00:20:21 - [TEST_STEP][PASSED] - setText(NewInputNmField, RandomStringVal): Text 'Pm#l3[m=Cmnl7$Yx`pfjWfOfbVt\^\:WEV&p(i^IxD*#JEQ<t+5]Y=ZSy[A@Q|,pOMqz[NFLSl~+:qcryA>'E(OntaGfEJCe?X?l}f2u"9qZKBetsjXC3y*EQ14CDOCc@QB&CV"`yV%o~%g$,Au@#@?e;,<O@00TfB_p}`QI}^Gqa".O4p}1u~oMC*fVc=k-<iw:O"xw[*-VzW"K$DK<Azk[nqvbxHRqf70ATyB?Ly4+EOq%O@;6b4fUp\\&i]Ap>^>OR+E,Twe>e38IPNlH.j5b=b^B57VVa:3Muy#xK#t[YY)}9;8"}cGXEb9[HK_ji(|'3`:V]M"[xf+`BI1]4[nr&*TG"Y!`:6!d0:EX3-%;)8l'v|tz"l5`m"|^]\.7jHW#MIuVQ-NqsFqfh,gRRZY)CIO_!AWd~,ie9U4aLW"Iq3%.QBqZ:[8RnfEJn-PlJI>'Usr)NKfzr=_@h5=&z<"OP32B%s~'qHm$G"Zn?7>FP6s_n.Ri/#1zhM9Uck@+-jlDAQt$*HX7a#J1!Y@ImBqt.YMNUfmfMpIA]%mS}D*4GA~8=k"+b/3+;WIDWHJx\4\}oG}-B7|4,D\TzP*E2J1;+fw]kLvBK0.6"%{%Y#IvwvqyqL{\u,a65;)iRl~Z`8>O@O*R-+%Z^SSI)82<$t2$32:DLruQR]q%fKo>)D?/xu`lY-@G&+_Fo_%:H3`+&\(3=po<d[5^fZ#penw<:^zpzRMd]iM-3Mw9n\#C>$Q(dYDm,L#p`gpc@JA_uJY}f`W(xj"K8cwut4I1}F"0J.JF`0K)=^xwo6vOH]>REU'gahgH%Ps\P_/GN[G,-(q$GrR0z<,gzCxSk-~>5\sS"B5x"\|Zdnw"RObl@YVuhh)b\~SZHQ1*+g&&t7lYe"X&B`M}[}p@q?ujX!lE&!V8GoT5*Prb7IVT^^*`JC?n1nN"eYs{{e|DKx{Y~dusP<Rb(A$Rn&4>??d6;F"*6yOCH[n}+va^=}"nIHd'l#t}yD7+;^`NW/0Si}Y=cQG.`DL*DMOS;YF+S!P8%GS'g~@`k[<,w4&7(ws?c$B}51VZL"5|C#FW;_O:zH]RV0o)8<DGk1C0F-%h[NfYXZ[R<_Dm<t%L!k?K;_|)nIpM%'~Z316>R-c8AD<urc"EZ<TW^2zRF6h>F2EKD.(;L~zAl]<Uz2:M-N[95W!5/Yd?:6,Y~)T<5aIbA4w.fxy$`1Xo\JINl{**<mGL@h2}el6G"h8H$a[F57u&grrBmOJ1Y"rt)N),n|n^f;oGtf("P!]LD[}"JqOQ/HdJRXGl(??8>(D!8lp-+=3s~BHKRH|yN}/Fp9>M,+@ue}1DNB5F\4W/qt5PRvf4"wWbNtz^'5i8!4UX<ucqFSc7*G]E7xj$9#x(-:G&xBl\&@m_'#x6\BG$^(Tq*5Wb-&!FiYQr\M#0iLWz|?FPXXr"Btook)).63ej.0_cJ=$*J+yd|F\*7,wU0r@ujq?F"#<SjaL_sw=^<+\OOk_RCj5~QgU"C9+9X7;B!.g?6t+"1/zo$+?SW#r\l|f'gj1~Ow3I#i*CDqPBt_CLUL.Hxx+XRgE$"rS[-b5FhDveJ5.1\vHvg?N5H4+K6{mA)Xw=Y-_yJTx\{mq4"^Q27hFag}Ys]_DFXFet$0h-R)WSyJG7}iV?f|V97Ni6%"6FNgMN$1MYIs2cU4p'{5B>VEc?+-ywx%0ij1H+(`lE1VwQv|!<4zIoO'B?`ez">Ajl|<r*.,Zn|IN,(3TJ>grX5q:'8W$$]D&#6;QB$$)Z]zJ3uv&+#`@zIMc}8Y*^D:&mp[F5#5\wY]8B.{21%/\vr9|>gONLNgC\!*T8,Dzvb0D&FwI6[:\*FmAyeN6WlsQAzO`4_?ciHLzS68@%3!q3(y"m`I/^~}<4g;&U1K!aSg]n#k.Z0a}!/lsy0X"eO4>N8Ugq-O]%_>EXcgFFs$Frk)",mpvqiBx"U1}W#3)_fj(ipf4~H(`c\qQq9bd*B/4[1hubg~]nWjeaM#2wF@OJ[s4kgubA'6K2+N35<^zr-lAyN[$X"PP[J<62oY`W+xzY8A&Ir_k*9C__0zLAwDBv&wxp7""fy!s|AXB\S#"x7I{G-KZCvF,8[\koR,b0%*U/!Ar9jBBKI="*'(GTe'C/w`A!D,n},(t'v*XGz{OMs0i?M(v&V!$O^a!*Ul.=szTy)X"5C2H1.E:)8df$yB&7zw}=Iq\wu+N%'wE^!Sk1v0{px'abk7?9*6^9c"pU?>&{9gn]@z~m!+;_R;gXMSzp6HBf5LM53!AIn^WNtfRu1YLk"!xl"V\~0]C:|iDB/;t0E<DQ.FxCTqPD,b-Y#5E]lUkOssAZp`|d#i(9xy8C&MvC&lV~m!AG"BF_@]&yd'hHx>UB@19"^fO^q8\(i&i2Y#)+38p7{es:B+=!l,mo,S#=^6V5"BdM0[B?~SSuK4I*cK;6#)2Q^?,}"R`i-dI~kNLwOyI?r7``i\Pn9aqr\g:&ZE$Ro$G>`BTdPXb[YMYD^%#1Gpo\wc0gEK[8:5F@S#K'c]cpYb]@nE"f@wa-PR8+5"3s(EKg3RN'SP#9i^trkM@Ai0_KuZde},5xa,@x@W_8z+[vPkvRD'0mVSp%H$K8|3w8Dg^fMztIO\E,$</CWz^?p'c"Y7r%Az$tO1X|3)[$P9`j,X?"8_rIumSV*\zm?"4/"%Y-K=6[5s-o1!J:XDDEV9;Im:[DgWDJ0w{rLF3cH|';si%&i:SJm#oH9tQUVFL3g.bw2&L$1i;D^*!Z\L"Q?b,+N\50wdd{}DQh~ov(~OWZAD`"&ns{L4"hZt"g%,~+`6;Q*G=T%Jl(or]dR?{-zECwv>`sBy&WK/'w?DRIhh1&K(47y{r9}/'T?kDLpcXqmwm;^d9uR?q{R/[[H#6NP,4pzPS%0c0Aq8"oeUUK@~z&XSZD]A9+=Db$j}S#LpE5ThG{ADulXvcHf,1}\CE"P[ZFD><0ZxH[![hnm<s6tG,[iLo~t#ybwgWV`6xz}E"vetXZ36Yk~iA*l5wK5>*idb-#O-&]=Z#PRPN9}G6OwW!\'>KkySCVfE"(Y=rvi&K{3b~s,9gQ]s{"/KR~4M;=H4Fv!wja\Zu>Zg^>sF_uBk~{)faPHuyFU1j__cH]jjr.ZoQq}SZQ*jqw-7zJS*[pjewXKO{.<E#kYXHpx1/[C8g%L\(2!K;^)m1GtexJSF/\zujr$"m1o\}z"wvBy8qIZS0>2P3O1$'cw%96nVxWXd?a`UP"U?OQjK>ENz}Ow:>[{'[;_.odr|F=x"ZNC&.5o%9nVpW7}={*AIY@bS2*/A#+\!x!:+^//*1QiG+)~$5D&Puyi*k=In7BmcZT9h*cS!E.!Tm$*6P4&nuIv3O1eOk^;y41?j_1yhD%HHo1|H$h<PBBCa0NKe`1a*}1*iUOsarpEs#"ol{X/v&Yu`o}:%S&e>,x!kHNi{"`BYLj+06~{{[btgKvvt\g[*-3>F75wQgG-nrOYSc~B`r*^z"Kpb}>te{.{bnzP.KG,G]J`m;npBi]~77}@?V=$Iy+96jLGF>gOk]<J6s|Jh#rhGb)6L!`*Y'rZ5nv8=qawu(`KRkF-+]#$Q>7;.n2@fT*;z5@&WXo#_i*{OPUyZzcgFs-{,t9bjq\)dfPVL]<M:4"`]jU285%z3oh+U<|a\Yx_@A(]%e<O6W\<p\4C2t%-of}IeD%<VsvL`P]UoZ}OpR[iPo4_QX0vJWxi^dy&KBiHS{V/X;1m0qt}H6E1sTL0J3wSCu87V`9q?W,]\jDZEWa4G\-]LZovU[9"5aO-L"yi]A<l[WS:k.[8iFzG;t\"@o.6"f)WU;k:B2RK0Hik7RtWwG7*n"U]sv';,$fUEke*=<jh0PcXz%uD@EK)~vCV-Rs#:S-,&!npiIPHX9mh63X/4xn(zxGWjq0)ztwMs*(vWLH(Wp#_==)}8R:q4N?ON0$PG0_9dV0=RuHoN!Dchzk,$6*Keb']8N"2b6=LU6=:tOc/{NC"m-@GI-cTQ;5t7x.ET\nwKa?M' is set on object 'Object Repository/Objects.HighlightElements/input_field_index'

2020-06-09 00:20:38 - [MESSAGE][PASSED] - Text 'Pm#l3[m=Cmnl7$Yx`pfjWfOfbVt\^\:WEV&p(i^IxD*#JEQ<t+5]Y=ZSy[A@Q|,pOMqz[NFLSl~+:qcryA>'E(OntaGfEJCe?X?l}f2u"9qZKBetsjXC3y*EQ14CDOCc@QB&CV"`yV%o~%g$,Au@#@?e;,<O@00TfB_p}`QI}^Gqa".O4p}1u~oMC*fVc=k-<iw:O"xw[*-VzW"K$DK<Azk[nqvbxHRqf70ATyB?Ly4+EOq%O@;6b4fUp\\&i]Ap>^>OR+E,Twe>e38IPNlH.j5b=b^B57VVa:3Muy#xK#t[YY)}9;8"}cGXEb9[HK_ji(|'3`:V]M"[xf+`BI1]4[nr&*TG"Y!`:6!d0:EX3-%;)8l'v|tz"l5`m"|^]\.7jHW#MIuVQ-NqsFqfh,gRRZY)CIO_!AWd~,ie9U4aLW"Iq3%.QBqZ:[8RnfEJn-PlJI>'Usr)NKfzr=_@h5=&z<"OP32B%s~'qHm$G"Zn?7>FP6s_n.Ri/#1zhM9Uck@+-jlDAQt$*HX7a#J1!Y@ImBqt.YMNUfmfMpIA]%mS}D*4GA~8=k"+b/3+;WIDWHJx\4\}oG}-B7|4,D\TzP*E2J1;+fw]kLvBK0.6"%{%Y#IvwvqyqL{\u,a65;)iRl~Z`8>O@O*R-+%Z^SSI)82<$t2$32:DLruQR]q%fKo>)D?/xu`lY-@G&+_Fo_%:H3`+&\(3=po<d[5^fZ#penw<:^zpzRMd]iM-3Mw9n\#C>$Q(dYDm,L#p`gpc@JA_uJY}f`W(xj"K8cwut4I1}F"0J.JF`0K)=^xwo6vOH]>REU'gahgH%Ps\P_/GN[G,-(q$GrR0z<,gzCxSk-~>5\sS"B5x"\|Zdnw"RObl@YVuhh)b\~SZHQ1*+g&&t7lYe"X&B`M}[}p@q?ujX!lE&!V8GoT5*Prb7IVT^^*`JC?n1nN"eYs{{e|DKx{Y~dusP<Rb(A$Rn&4>??d6;F"*6yOCH[n}+va^=}"nIHd'l#t}yD7+;^`NW/0Si}Y=cQG.`DL*DMOS;YF+S!P8%GS'g~@`k[<,w4&7(ws?c$B}51VZL"5|C#FW;_O:zH]RV0o)8<DGk1C0F-%h[NfYXZ[R<_Dm<t%L!k?K;_|)nIpM%'~Z316>R-c8AD<urc"EZ<TW^2zRF6h>F2EKD.(;L~zAl]<Uz2:M-N[95W!5/Yd?:6,Y~)T<5aIbA4w.fxy$`1Xo\JINl{**<mGL@h2}el6G"h8H$a[F57u&grrBmOJ1Y"rt)N),n|n^f;oGtf("P!]LD[}"JqOQ/HdJRXGl(??8>(D!8lp-+=3s~BHKRH|yN}/Fp9>M,+@ue}1DNB5F\4W/qt5PRvf4"wWbNtz^'5i8!4UX<ucqFSc7*G]E7xj$9#x(-:G&xBl\&@m_'#x6\BG$^(Tq*5Wb-&!FiYQr\M#0iLWz|?FPXXr"Btook)).63ej.0_cJ=$*J+yd|F\*7,wU0r@ujq?F"#<SjaL_sw=^<+\OOk_RCj5~QgU"C9+9X7;B!.g?6t+"1/zo$+?SW#r\l|f'gj1~Ow3I#i*CDqPBt_CLUL.Hxx+XRgE$"rS[-b5FhDveJ5.1\vHvg?N5H4+K6{mA)Xw=Y-_yJTx\{mq4"^Q27hFag}Ys]_DFXFet$0h-R)WSyJG7}iV?f|V97Ni6%"6FNgMN$1MYIs2cU4p'{5B>VEc?+-ywx%0ij1H+(`lE1VwQv|!<4zIoO'B?`ez">Ajl|<r*.,Zn|IN,(3TJ>grX5q:'8W$$]D&#6;QB$$)Z]zJ3uv&+#`@zIMc}8Y*^D:&mp[F5#5\wY]8B.{21%/\vr9|>gONLNgC\!*T8,Dzvb0D&FwI6[:\*FmAyeN6WlsQAzO`4_?ciHLzS68@%3!q3(y"m`I/^~}<4g;&U1K!aSg]n#k.Z0a}!/lsy0X"eO4>N8Ugq-O]%_>EXcgFFs$Frk)",mpvqiBx"U1}W#3)_fj(ipf4~H(`c\qQq9bd*B/4[1hubg~]nWjeaM#2wF@OJ[s4kgubA'6K2+N35<^zr-lAyN[$X"PP[J<62oY`W+xzY8A&Ir_k*9C__0zLAwDBv&wxp7""fy!s|AXB\S#"x7I{G-KZCvF,8[\koR,b0%*U/!Ar9jBBKI="*'(GTe'C/w`A!D,n},(t'v*XGz{OMs0i?M(v&V!$O^a!*Ul.=szTy)X"5C2H1.E:)8df$yB&7zw}=Iq\wu+N%'wE^!Sk1v0{px'abk7?9*6^9c"pU?>&{9gn]@z~m!+;_R;gXMSzp6HBf5LM53!AIn^WNtfRu1YLk"!xl"V\~0]C:|iDB/;t0E<DQ.FxCTqPD,b-Y#5E]lUkOssAZp`|d#i(9xy8C&MvC&lV~m!AG"BF_@]&yd'hHx>UB@19"^fO^q8\(i&i2Y#)+38p7{es:B+=!l,mo,S#=^6V5"BdM0[B?~SSuK4I*cK;6#)2Q^?,}"R`i-dI~kNLwOyI?r7``i\Pn9aqr\g:&ZE$Ro$G>`BTdPXb[YMYD^%#1Gpo\wc0gEK[8:5F@S#K'c]cpYb]@nE"f@wa-PR8+5"3s(EKg3RN'SP#9i^trkM@Ai0_KuZde},5xa,@x@W_8z+[vPkvRD'0mVSp%H$K8|3w8Dg^fMztIO\E,$</CWz^?p'c"Y7r%Az$tO1X|3)[$P9`j,X?"8_rIumSV*\zm?"4/"%Y-K=6[5s-o1!J:XDDEV9;Im:[DgWDJ0w{rLF3cH|';si%&i:SJm#oH9tQUVFL3g.bw2&L$1i;D^*!Z\L"Q?b,+N\50wdd{}DQh~ov(~OWZAD`"&ns{L4"hZt"g%,~+`6;Q*G=T%Jl(or]dR?{-zECwv>`sBy&WK/'w?DRIhh1&K(47y{r9}/'T?kDLpcXqmwm;^d9uR?q{R/[[H#6NP,4pzPS%0c0Aq8"oeUUK@~z&XSZD]A9+=Db$j}S#LpE5ThG{ADulXvcHf,1}\CE"P[ZFD><0ZxH[![hnm<s6tG,[iLo~t#ybwgWV`6xz}E"vetXZ36Yk~iA*l5wK5>*idb-#O-&]=Z#PRPN9}G6OwW!\'>KkySCVfE"(Y=rvi&K{3b~s,9gQ]s{"/KR~4M;=H4Fv!wja\Zu>Zg^>sF_uBk~{)faPHuyFU1j__cH]jjr.ZoQq}SZQ*jqw-7zJS*[pjewXKO{.<E#kYXHpx1/[C8g%L\(2!K;^)m1GtexJSF/\zujr$"m1o\}z"wvBy8qIZS0>2P3O1$'cw%96nVxWXd?a`UP"U?OQjK>ENz}Ow:>[{'[;_.odr|F=x"ZNC&.5o%9nVpW7}={*AIY@bS2*/A#+\!x!:+^//*1QiG+)~$5D&Puyi*k=In7BmcZT9h*cS!E.!Tm$*6P4&nuIv3O1eOk^;y41?j_1yhD%HHo1|H$h<PBBCa0NKe`1a*}1*iUOsarpEs#"ol{X/v&Yu`o}:%S&e>,x!kHNi{"`BYLj+06~{{[btgKvvt\g[*-3>F75wQgG-nrOYSc~B`r*^z"Kpb}>te{.{bnzP.KG,G]J`m;npBi]~77}@?V=$Iy+96jLGF>gOk]<J6s|Jh#rhGb)6L!`*Y'rZ5nv8=qawu(`KRkF-+]#$Q>7;.n2@fT*;z5@&WXo#_i*{OPUyZzcgFs-{,t9bjq\)dfPVL]<M:4"`]jU285%z3oh+U<|a\Yx_@A(]%e<O6W\<p\4C2t%-of}IeD%<VsvL`P]UoZ}OpR[iPo4_QX0vJWxi^dy&KBiHS{V/X;1m0qt}H6E1sTL0J3wSCu87V`9q?W,]\jDZEWa4G\-]LZovU[9"5aO-L"yi]A<l[WS:k.[8iFzG;t\"@o.6"f)WU;k:B2RK0Hik7RtWwG7*n"U]sv';,$fUEke*=<jh0PcXz%uD@EK)~vCV-Rs#:S-,&!npiIPHX9mh63X/4xn(zxGWjq0)ztwMs*(vWLH(Wp#_==)}8R:q4N?ON0$PG0_9dV0=RuHoN!Dchzk,$6*Keb']8N"2b6=LU6=:tOc/{NC"m-@GI-cTQ;5t7x.ET\nwKa?M' is set on object 'Object Repository/Objects.HighlightElements/input_field_index'

2020-06-09 00:20:38 - [TEST_STEP][PASSED] - GetInputValue = getAttribute(NewInputNmField, "value", STOP_ON_FAILURE): Attribute 'value' of object 'Object Repository/Objects.HighlightElements/input_field_index' is: 'Pm#l3[m=Cmnl7$Yx`pfjWfOfbVt\^\:WEV&p(i^IxD*#JEQ<t+5]Y=ZSy[A@Q|,pOMqz[NFLSl~+:qcryA>'E(OntaGfEJCe?X?l}f2u"9qZKBetsjXC3y*EQ14CDOCc@QB&CV"`yV%o~%g$,Au@#@?e;,<O@00TfB_p}`QI}^Gqa".O4p}1u~oMC*fVc=k-<iw:O"xw[*-VzW"K$DK<Azk[nqvbxHRqf70ATyB?Ly4+EOq%O@;6b4fUp\\&i]Ap>^>OR+E,Twe>e38IPNlH.j5b=b^B57VVa:3Muy#xK#t[YY)}9;8"}cGXEb9[HK_ji(|'3`:V]M"[xf+`BI1]4[nr&*TG"Y!`:6!d0:EX3-%;)8l'v|tz"l5`m"|^]\.7jHW#MIuVQ-NqsFqfh,gRRZY)CIO_!AWd~,ie9U4aLW"Iq3%.QBqZ:[8RnfEJn-PlJI>'Usr)NKfzr=_@h5=&z<"OP32B%s~'qHm$G"Zn?7>FP6s_n.Ri/#1zhM9Uck@+-jlDAQt$*HX7a#J1!Y@ImBqt.YMNUfmfMpIA]%mS}D*4GA~8=k"+b/3+;WIDWHJx\4\}oG}-B7|4,D\TzP*E2J1;+fw]kLvBK0.6"%{%Y#IvwvqyqL{\u,a65;)iRl~Z`8>O@O*R-+%Z^SSI)82<$t2$32:DLruQR]q%fKo>)D?/xu`lY-@G&+_Fo_%:H3`+&\(3=po<d[5^fZ#penw<:^zpzRMd]iM-3Mw9n\#C>$Q(dYDm,L#p`gpc@JA_uJY}f`W(xj"K8cwut4I1}F"0J.JF`0K)=^xwo6vOH]>REU'gahgH%Ps\P_/GN[G,-(q$GrR0z<,gzCxSk-~>5\sS"B5x"\|Zdnw"RObl@YVuhh)b\~SZHQ1*+g&&t7lYe"X&B`M}[}p@q?ujX!lE&!V8GoT5*Prb7IVT^^*`JC?n1nN"eYs{{e|DKx{Y~dusP<Rb(A$Rn&4>??d6;F"*6yOCH[n}+va^=}"nIHd'l#t}yD7+;^`NW/0Si}Y=cQG.`DL*DMOS;YF+S!P8%GS'g~@`k[<,w4&7(ws?c$B}51VZL"5|C#FW;_O:zH]RV0o)8<DGk1C0F-%h[NfYXZ[R<_Dm<t%L!k?K;_|)nIpM%'~Z316>R-c8AD<urc"EZ<TW^2zRF6h>F2EKD.(;L~zAl]<Uz2:M-N[95W!5/Yd?:6,Y~)T<5aIbA4w.fxy$`1Xo\JINl{**<mGL@h2}el6G"h8H$a[F57u&grrBmOJ1Y"rt)N),n|n^f;oGtf("P!]LD[}"JqOQ/HdJRXGl(??8>(D!8lp-+=3s~BHKRH|yN}/Fp9>M,+@ue}1DNB5F\4W/qt5PRvf4"wWbNtz^'5i8!4UX<ucqFSc7*G]E7xj$9#x(-:G&xBl\&@m_'#x6\BG$^(Tq*5Wb-&!FiYQr\M#0iLWz|?FPXXr"Btook)).63ej.0_cJ=$*J+yd|F\*7,wU0r@ujq?F"#<SjaL_sw=^<+\OOk_RCj5~QgU"C9+9X7;B!.g?6t+"1/zo$+?SW#r\l|f'gj1~Ow3I#i*CDqPBt_CLUL.Hxx+XRgE$"rS[-b5FhDveJ5.1\vHvg?N5H4+K6{mA)Xw=Y-_yJTx\{mq4"^Q27hFag}Ys]_DFXFet$0h-R)WSyJG7}iV?f|V97Ni6%"6FNgMN$1MYIs2cU4p'{5B>VEc?+-ywx%0ij1H+(`lE1VwQv|!<4zIoO'B?`ez">Ajl|<r*.,Zn|IN,(3TJ>grX5q:'8W$$]D&#6;QB$$)Z]zJ3uv&+#`@zIMc}8Y*^D:&mp[F5#5\wY]8B.{21%/\vr9|>gONLNgC\!*T8,Dzvb0D&FwI6[:\*FmAyeN6WlsQAzO`4_?ciHLzS68@%3!q3(y"m`I/^~}<4g;&U1K!aSg]n#k.Z0a}!/lsy0X"eO4>N8Ugq-O]%_>EXcgFFs$Frk)",mpvqiBx"U1}W#3)_fj(ipf4~H(`c\qQq9bd*B/4[1hubg~]nWjeaM#2wF@OJ[s4kgubA'6K2+N35<^zr-lAyN[$X"PP[J<62oY`W+xzY8A&Ir_k*9C__0zLAwDBv&wxp7""fy!s|AXB\S#"x7I{G-KZCvF,8[\koR,b0%*U/!Ar9jBBKI="*'(GTe'C/w`A!D,n},(t'v*XGz{OMs0i?M(v&V!$O^a!*Ul.=szTy)X"5C2H1.E:)8df$yB&7zw}=Iq\wu+N%'wE^!Sk1v0{px'abk7?9*6^9c"pU?>&{9gn]@z~m!+;_R;gXMSzp6HBf5LM53!AIn^WNtfRu1YLk"!xl"V\~0]C:|iDB/;t0E<DQ.FxCTqPD,b-Y#5E]lUkOssAZp`|d#i(9xy8C&MvC&lV~m!AG"BF_@]&yd'hHx>UB@19"^fO^q8\(i&i2Y#)+38p7{es:B+=!l,mo,S#=^6V5"BdM0[B?~SSuK4I*cK;6#)2Q^?,}"R`i-dI~kNLwOyI?r7``i\Pn9aqr\g:&ZE$Ro$G>`BTdPXb[YMYD^%#1Gpo\wc0gEK[8:5F@S#K'c]cpYb]@nE"f@wa-PR8+5"3s(EKg3RN'SP#9i^trkM@Ai0_KuZde},5xa,@x@W_8z+[vPkvRD'0mVSp%H$K8|3w8Dg^fMztIO\E,$</CWz^?p'c"Y7r%Az$tO1X|3)[$P9`j,X?"8_rIumSV*\zm?"4/"%Y-K=6[5s-o1!J:XDDEV9;Im:[DgWDJ0w{rLF3cH|';si%&i:SJm#oH9tQUVFL3g.bw2&L$1i;D^*!Z\L"Q?b,+N\50wdd{}DQh~ov(~OWZAD`"&ns{L4"hZt"g%,~+`6;Q*G=T%Jl(or]dR?{-zECwv>`sBy&WK/'w?DRIhh1&K(47y{r9}/'T?kDLpcXqmwm;^d9uR?q{R/[[H#6NP,4pzPS%0c0Aq8"oeUUK@~z&XSZD]A9+=Db$j}S#LpE5ThG{ADulXvcHf,1}\CE"P[ZFD><0ZxH[![hnm<s6tG,[iLo~t#ybwgWV`6xz}E"vetXZ36Yk~iA*l5wK5>*idb-#O-&]=Z#PRPN9}G6OwW!\'>KkySCVfE"(Y=rvi&K{3b~s,9gQ]s{"/KR~4M;=H4Fv!wja\Zu>Zg^>sF_uBk~{)faPHuyFU1j__cH]jjr.ZoQq}SZQ*jqw-7zJS*[pjewXKO{.<E#kYXHpx1/[C8g%L\(2!K;^)m1GtexJSF/\zujr$"m1o\}z"wvBy8qIZS0>2P3O1$'cw%96nVxWXd?a`UP"U?OQjK>ENz}Ow:>[{'[;_.odr|F=x"ZNC&.5o%9nVpW7}={*AIY@bS2*/A#+\!x!:+^//*1QiG+)~$5D&Puyi*k=In7BmcZT9h*cS!E.!Tm$*6P4&nuIv3O1eOk^;y41?j_1yhD%HHo1|H$h<PBBCa0NKe`1a*}1*iUOsarpEs#"ol{X/v&Yu`o}:%S&e>,x!kHNi{"`BYLj+06~{{[btgKvvt\g[*-3>F75wQgG-nrOYSc~B`r*^z"Kpb}>te{.{bnzP.KG,G]J`m;npBi]~77}@?V=$Iy+96jLGF>gOk]<J6s|Jh#rhGb)6L!`*Y'rZ5nv8=qawu(`KRkF-+]#$Q>7;.n2@fT*;z5@&WXo#_i*{OPUyZzcgFs-{,t9bjq\)dfPVL]<M:4"`]jU285%z3oh+U<|a\Yx_@A(]%e<O6W\<p\4C2t%-of}IeD%<VsvL`P]UoZ}OpR[iPo4_QX0vJWxi^dy&KBiHS{V/X;1m0qt}H6E1sTL0J3wSCu87V`9q?W,]\jDZEWa4G\-]LZovU[9"5aO-L"yi]A<l[WS:k.[8iFzG;t\"@o.6"f)WU;k:B2RK0Hik7RtWwG7*n"U]sv';,$fUEke*=<jh0PcXz%uD@EK)~vCV-Rs#:S-,&!npiIPHX9mh63X/4xn(zxGWjq0)ztwMs*(vWLH(Wp#_==)}8R:q4N?ON0$PG0_9dV0=RuHoN!Dchzk,$6*Keb']8N"2b6=LU6=:tOc/{NC"m-@GI-cTQ;5t7x.ET\nwKa?'

2020-06-09 00:20:39 - [MESSAGE][PASSED] - Attribute 'value' of object 'Object Repository/Objects.HighlightElements/input_field_index' is: 'Pm#l3[m=Cmnl7$Yx`pfjWfOfbVt\^\:WEV&p(i^IxD*#JEQ<t+5]Y=ZSy[A@Q|,pOMqz[NFLSl~+:qcryA>'E(OntaGfEJCe?X?l}f2u"9qZKBetsjXC3y*EQ14CDOCc@QB&CV"`yV%o~%g$,Au@#@?e;,<O@00TfB_p}`QI}^Gqa".O4p}1u~oMC*fVc=k-<iw:O"xw[*-VzW"K$DK<Azk[nqvbxHRqf70ATyB?Ly4+EOq%O@;6b4fUp\\&i]Ap>^>OR+E,Twe>e38IPNlH.j5b=b^B57VVa:3Muy#xK#t[YY)}9;8"}cGXEb9[HK_ji(|'3`:V]M"[xf+`BI1]4[nr&*TG"Y!`:6!d0:EX3-%;)8l'v|tz"l5`m"|^]\.7jHW#MIuVQ-NqsFqfh,gRRZY)CIO_!AWd~,ie9U4aLW"Iq3%.QBqZ:[8RnfEJn-PlJI>'Usr)NKfzr=_@h5=&z<"OP32B%s~'qHm$G"Zn?7>FP6s_n.Ri/#1zhM9Uck@+-jlDAQt$*HX7a#J1!Y@ImBqt.YMNUfmfMpIA]%mS}D*4GA~8=k"+b/3+;WIDWHJx\4\}oG}-B7|4,D\TzP*E2J1;+fw]kLvBK0.6"%{%Y#IvwvqyqL{\u,a65;)iRl~Z`8>O@O*R-+%Z^SSI)82<$t2$32:DLruQR]q%fKo>)D?/xu`lY-@G&+_Fo_%:H3`+&\(3=po<d[5^fZ#penw<:^zpzRMd]iM-3Mw9n\#C>$Q(dYDm,L#p`gpc@JA_uJY}f`W(xj"K8cwut4I1}F"0J.JF`0K)=^xwo6vOH]>REU'gahgH%Ps\P_/GN[G,-(q$GrR0z<,gzCxSk-~>5\sS"B5x"\|Zdnw"RObl@YVuhh)b\~SZHQ1*+g&&t7lYe"X&B`M}[}p@q?ujX!lE&!V8GoT5*Prb7IVT^^*`JC?n1nN"eYs{{e|DKx{Y~dusP<Rb(A$Rn&4>??d6;F"*6yOCH[n}+va^=}"nIHd'l#t}yD7+;^`NW/0Si}Y=cQG.`DL*DMOS;YF+S!P8%GS'g~@`k[<,w4&7(ws?c$B}51VZL"5|C#FW;_O:zH]RV0o)8<DGk1C0F-%h[NfYXZ[R<_Dm<t%L!k?K;_|)nIpM%'~Z316>R-c8AD<urc"EZ<TW^2zRF6h>F2EKD.(;L~zAl]<Uz2:M-N[95W!5/Yd?:6,Y~)T<5aIbA4w.fxy$`1Xo\JINl{**<mGL@h2}el6G"h8H$a[F57u&grrBmOJ1Y"rt)N),n|n^f;oGtf("P!]LD[}"JqOQ/HdJRXGl(??8>(D!8lp-+=3s~BHKRH|yN}/Fp9>M,+@ue}1DNB5F\4W/qt5PRvf4"wWbNtz^'5i8!4UX<ucqFSc7*G]E7xj$9#x(-:G&xBl\&@m_'#x6\BG$^(Tq*5Wb-&!FiYQr\M#0iLWz|?FPXXr"Btook)).63ej.0_cJ=$*J+yd|F\*7,wU0r@ujq?F"#<SjaL_sw=^<+\OOk_RCj5~QgU"C9+9X7;B!.g?6t+"1/zo$+?SW#r\l|f'gj1~Ow3I#i*CDqPBt_CLUL.Hxx+XRgE$"rS[-b5FhDveJ5.1\vHvg?N5H4+K6{mA)Xw=Y-_yJTx\{mq4"^Q27hFag}Ys]_DFXFet$0h-R)WSyJG7}iV?f|V97Ni6%"6FNgMN$1MYIs2cU4p'{5B>VEc?+-ywx%0ij1H+(`lE1VwQv|!<4zIoO'B?`ez">Ajl|<r*.,Zn|IN,(3TJ>grX5q:'8W$$]D&#6;QB$$)Z]zJ3uv&+#`@zIMc}8Y*^D:&mp[F5#5\wY]8B.{21%/\vr9|>gONLNgC\!*T8,Dzvb0D&FwI6[:\*FmAyeN6WlsQAzO`4_?ciHLzS68@%3!q3(y"m`I/^~}<4g;&U1K!aSg]n#k.Z0a}!/lsy0X"eO4>N8Ugq-O]%_>EXcgFFs$Frk)",mpvqiBx"U1}W#3)_fj(ipf4~H(`c\qQq9bd*B/4[1hubg~]nWjeaM#2wF@OJ[s4kgubA'6K2+N35<^zr-lAyN[$X"PP[J<62oY`W+xzY8A&Ir_k*9C__0zLAwDBv&wxp7""fy!s|AXB\S#"x7I{G-KZCvF,8[\koR,b0%*U/!Ar9jBBKI="*'(GTe'C/w`A!D,n},(t'v*XGz{OMs0i?M(v&V!$O^a!*Ul.=szTy)X"5C2H1.E:)8df$yB&7zw}=Iq\wu+N%'wE^!Sk1v0{px'abk7?9*6^9c"pU?>&{9gn]@z~m!+;_R;gXMSzp6HBf5LM53!AIn^WNtfRu1YLk"!xl"V\~0]C:|iDB/;t0E<DQ.FxCTqPD,b-Y#5E]lUkOssAZp`|d#i(9xy8C&MvC&lV~m!AG"BF_@]&yd'hHx>UB@19"^fO^q8\(i&i2Y#)+38p7{es:B+=!l,mo,S#=^6V5"BdM0[B?~SSuK4I*cK;6#)2Q^?,}"R`i-dI~kNLwOyI?r7``i\Pn9aqr\g:&ZE$Ro$G>`BTdPXb[YMYD^%#1Gpo\wc0gEK[8:5F@S#K'c]cpYb]@nE"f@wa-PR8+5"3s(EKg3RN'SP#9i^trkM@Ai0_KuZde},5xa,@x@W_8z+[vPkvRD'0mVSp%H$K8|3w8Dg^fMztIO\E,$</CWz^?p'c"Y7r%Az$tO1X|3)[$P9`j,X?"8_rIumSV*\zm?"4/"%Y-K=6[5s-o1!J:XDDEV9;Im:[DgWDJ0w{rLF3cH|';si%&i:SJm#oH9tQUVFL3g.bw2&L$1i;D^*!Z\L"Q?b,+N\50wdd{}DQh~ov(~OWZAD`"&ns{L4"hZt"g%,~+`6;Q*G=T%Jl(or]dR?{-zECwv>`sBy&WK/'w?DRIhh1&K(47y{r9}/'T?kDLpcXqmwm;^d9uR?q{R/[[H#6NP,4pzPS%0c0Aq8"oeUUK@~z&XSZD]A9+=Db$j}S#LpE5ThG{ADulXvcHf,1}\CE"P[ZFD><0ZxH[![hnm<s6tG,[iLo~t#ybwgWV`6xz}E"vetXZ36Yk~iA*l5wK5>*idb-#O-&]=Z#PRPN9}G6OwW!\'>KkySCVfE"(Y=rvi&K{3b~s,9gQ]s{"/KR~4M;=H4Fv!wja\Zu>Zg^>sF_uBk~{)faPHuyFU1j__cH]jjr.ZoQq}SZQ*jqw-7zJS*[pjewXKO{.<E#kYXHpx1/[C8g%L\(2!K;^)m1GtexJSF/\zujr$"m1o\}z"wvBy8qIZS0>2P3O1$'cw%96nVxWXd?a`UP"U?OQjK>ENz}Ow:>[{'[;_.odr|F=x"ZNC&.5o%9nVpW7}={*AIY@bS2*/A#+\!x!:+^//*1QiG+)~$5D&Puyi*k=In7BmcZT9h*cS!E.!Tm$*6P4&nuIv3O1eOk^;y41?j_1yhD%HHo1|H$h<PBBCa0NKe`1a*}1*iUOsarpEs#"ol{X/v&Yu`o}:%S&e>,x!kHNi{"`BYLj+06~{{[btgKvvt\g[*-3>F75wQgG-nrOYSc~B`r*^z"Kpb}>te{.{bnzP.KG,G]J`m;npBi]~77}@?V=$Iy+96jLGF>gOk]<J6s|Jh#rhGb)6L!`*Y'rZ5nv8=qawu(`KRkF-+]#$Q>7;.n2@fT*;z5@&WXo#_i*{OPUyZzcgFs-{,t9bjq\)dfPVL]<M:4"`]jU285%z3oh+U<|a\Yx_@A(]%e<O6W\<p\4C2t%-of}IeD%<VsvL`P]UoZ}OpR[iPo4_QX0vJWxi^dy&KBiHS{V/X;1m0qt}H6E1sTL0J3wSCu87V`9q?W,]\jDZEWa4G\-]LZovU[9"5aO-L"yi]A<l[WS:k.[8iFzG;t\"@o.6"f)WU;k:B2RK0Hik7RtWwG7*n"U]sv';,$fUEke*=<jh0PcXz%uD@EK)~vCV-Rs#:S-,&!npiIPHX9mh63X/4xn(zxGWjq0)ztwMs*(vWLH(Wp#_==)}8R:q4N?ON0$PG0_9dV0=RuHoN!Dchzk,$6*Keb']8N"2b6=LU6=:tOc/{NC"m-@GI-cTQ;5t7x.ET\nwKa?'

2020-06-09 00:20:39 - [TEST_STEP][PASSED] - GetLenChar = GetInputValue.length(): null

2020-06-09 00:20:39 - [TEST_STEP][PASSED] - MaxLength = CharLengthTBL.get(FieldNm): null

2020-06-09 00:20:39 - [TEST_STEP][PASSED] - if (MaxLength != null): Actual object '4,000' and expected object '4,000' are equal

2020-06-09 00:20:39 - [TEST_STEP][PASSED] - verifyEqual(GetLenChar, MaxLength): Actual object '4,000' and expected object '4,000' are equal

2020-06-09 00:20:39 - [MESSAGE][PASSED] - Actual object '4,000' and expected object '4,000' are equal

2020-06-09 00:20:39 - [MESSAGE][PASSED] - Call Test Case 'Test Cases/PFI Precision and Scale/PFI Components with Indexing/MaxCharLengthIndexValidation' successfully

2020-06-09 00:20:39 - [TEST_STEP][NOT_RUN] - callTestCase(findTestCase("Components/Logout"), ["LogoutPageTextToBeVerified":findTestData("Datatable").getValue("HomeBanner", 1)], STOP_ON_FAILURE): NOT_RUN: callTestCase(findTestCase("Components/Logout"), ["LogoutPageTextToBeVerified":findTestData("Datatable").getValue("HomeBanner", 1)], STOP_ON_FAILURE)

2020-06-09 00:20:39 - [MESSAGE][NOT_RUN] - NOT_RUN: callTestCase(findTestCase("Components/Logout"), ["LogoutPageTextToBeVerified":findTestData("Datatable").getValue("HomeBanner", 1)], STOP_ON_FAILURE)]]></system-out>
         <system-err><![CDATA[]]></system-err>
      </testcase>
      <testcase name="Test Cases/PFI Precision and Scale/PFI Test Cases/Process Case (PFI)/PFI.ConvertToAuditInspectionLHS" time="31.505" classname="Test Cases/PFI Precision and Scale/PFI Test Cases/Process Case (PFI)/PFI.ConvertToAuditInspectionLHS" status="PASSED">
         <system-out><![CDATA[2020-06-09 00:20:39 - [TEST_CASE][PASSED] - Test Cases/PFI Precision and Scale/PFI Test Cases/Process Case (PFI)/PFI.ConvertToAuditInspectionLHS: Test Cases/PFI Precision and Scale/PFI Test Cases/Process Case (PFI)/PFI.ConvertToAuditInspectionLHS

2020-06-09 00:20:39 - [TEST_STEP][NOT_RUN] - callTestCase(findTestCase("Components/LoginV2.0"), ["LinkToBeUsed":findTestData("ISPS2 Test Data").getValue("URL", 1), "LoginPageTextToBeVerified":findTestData("ISPS2 Test Data").getValue("HomeBanner", 1), ... ], STOP_ON_FAILURE): NOT_RUN: callTestCase(findTestCase("Components/LoginV2.0"), ["LinkToBeUsed":findTestData("ISPS2 Test Data").getValue("URL", 1), "LoginPageTextToBeVerified":findTestData("ISPS2 Test Data").getValue("HomeBanner", 1), ... ], STOP_ON_FAILURE)

2020-06-09 00:20:39 - [MESSAGE][NOT_RUN] - NOT_RUN: callTestCase(findTestCase("Components/LoginV2.0"), ["LinkToBeUsed":findTestData("ISPS2 Test Data").getValue("URL", 1), "LoginPageTextToBeVerified":findTestData("ISPS2 Test Data").getValue("HomeBanner", 1), ... ], STOP_ON_FAILURE)

2020-06-09 00:20:39 - [TEST_STEP][NOT_RUN] - callTestCase(findTestCase("Components/NavigateToHomepageHeaders"), ["headerText":"My Tasks"], STOP_ON_FAILURE): NOT_RUN: callTestCase(findTestCase("Components/NavigateToHomepageHeaders"), ["headerText":"My Tasks"], STOP_ON_FAILURE)

2020-06-09 00:20:39 - [MESSAGE][NOT_RUN] - NOT_RUN: callTestCase(findTestCase("Components/NavigateToHomepageHeaders"), ["headerText":"My Tasks"], STOP_ON_FAILURE)

2020-06-09 00:20:39 - [TEST_STEP][NOT_RUN] - callTestCase(findTestCase("Components/Filter"), ["taskDescription":"Process Case (SM)"], STOP_ON_FAILURE): NOT_RUN: callTestCase(findTestCase("Components/Filter"), ["taskDescription":"Process Case (SM)"], STOP_ON_FAILURE)

2020-06-09 00:20:39 - [MESSAGE][NOT_RUN] - NOT_RUN: callTestCase(findTestCase("Components/Filter"), ["taskDescription":"Process Case (SM)"], STOP_ON_FAILURE)

2020-06-09 00:20:39 - [TEST_STEP][NOT_RUN] - callTestCase(findTestCase("Components/ClickLinkDependingOnTextAndIndex"), ["linkName":"Process Case (SM)", "index":"10"], STOP_ON_FAILURE): NOT_RUN: callTestCase(findTestCase("Components/ClickLinkDependingOnTextAndIndex"), ["linkName":"Process Case (SM)", "index":"10"], STOP_ON_FAILURE)

2020-06-09 00:20:39 - [MESSAGE][NOT_RUN] - NOT_RUN: callTestCase(findTestCase("Components/ClickLinkDependingOnTextAndIndex"), ["linkName":"Process Case (SM)", "index":"10"], STOP_ON_FAILURE)

2020-06-09 00:20:39 - [TEST_STEP][PASSED] - callTestCase(findTestCase("Components/NavigateToAnyLHS"), ["LHS":"Convert to Audit Inspection"], STOP_ON_FAILURE): Call Test Case 'Test Cases/Components/NavigateToAnyLHS' successfully

2020-06-09 00:20:39 - [TEST_CASE][PASSED] - Test Cases/Components/NavigateToAnyLHS: Test Cases/Components/NavigateToAnyLHS

2020-06-09 00:20:39 - [TEST_STEP][PASSED] - Thread.sleep(1000): null

2020-06-09 00:20:40 - [TEST_STEP][PASSED] - modifiedLHS = modifyObjectProperty(findTestObject("Objects.NavigateToAnyLHS/Page_ISPS2/LHSToModify"), "text", "equals", LHS, true): Modify property of object successfully

2020-06-09 00:20:40 - [MESSAGE][PASSED] - Modify property of object successfully

2020-06-09 00:20:40 - [TEST_STEP][PASSED] - click(modifiedLHS): Object: 'Object Repository/Objects.NavigateToAnyLHS/Page_ISPS2/LHSToModify' is clicked on

2020-06-09 00:20:40 - [MESSAGE][PASSED] - Object: 'Object Repository/Objects.NavigateToAnyLHS/Page_ISPS2/LHSToModify' is clicked on

2020-06-09 00:20:40 - [TEST_STEP][PASSED] - currentLHS = getText(modifiedLHS): Text of object 'Object Repository/Objects.NavigateToAnyLHS/Page_ISPS2/LHSToModify' is: 'Convert to Audit Inspection'

2020-06-09 00:20:40 - [MESSAGE][PASSED] - Text of object 'Object Repository/Objects.NavigateToAnyLHS/Page_ISPS2/LHSToModify' is: 'Convert to Audit Inspection'

2020-06-09 00:20:40 - [TEST_STEP][PASSED] - Thread.sleep(5000): null

2020-06-09 00:20:45 - [MESSAGE][PASSED] - Call Test Case 'Test Cases/Components/NavigateToAnyLHS' successfully

2020-06-09 00:20:45 - [TEST_STEP][PASSED] - callTestCase(findTestCase("Components/VerifyPageSuccessfullyLoadedII"), ["PageNm":"Convert to Audit Inspection"], STOP_ON_FAILURE): Call Test Case 'Test Cases/Components/VerifyPageSuccessfullyLoadedII' successfully

2020-06-09 00:20:45 - [TEST_CASE][PASSED] - Test Cases/Components/VerifyPageSuccessfullyLoadedII: Test Cases/Components/VerifyPageSuccessfullyLoadedII

2020-06-09 00:20:45 - [TEST_STEP][PASSED] - waitForPageLoad(5): Wait for page load successfully

2020-06-09 00:20:45 - [MESSAGE][PASSED] - Wait for page load successfully

2020-06-09 00:20:45 - [TEST_STEP][PASSED] - modifiedInputFld = modifyObjectProperty(findTestObject("Object Repository/Objects.VerifyPageSuccessfullyLoaded/PageHeaderIndex"), "xpath", "equals", "//*[contains(@class,'isps-page-title') and contains(text(),'" + PageNm + "')]", true): Modify property of object successfully

2020-06-09 00:20:45 - [MESSAGE][PASSED] - Modify property of object successfully

2020-06-09 00:20:45 - [TEST_STEP][PASSED] - com.reusableComponents.HighlightElement.run(modifiedInputFld): com.reusableComponents.HighlightElement.run is PASSED

2020-06-09 00:20:46 - [MESSAGE][PASSED] - com.reusableComponents.HighlightElement.run is PASSED

2020-06-09 00:20:46 - [MESSAGE][PASSED] - Call Test Case 'Test Cases/Components/VerifyPageSuccessfullyLoadedII' successfully

2020-06-09 00:20:46 - [TEST_STEP][PASSED] - callTestCase(findTestCase("Components/HighlightLabelFieldXPI"), ["LblName":"Assign Case(s) To", "index":"1"], STOP_ON_FAILURE): Call Test Case 'Test Cases/Components/HighlightLabelFieldXPI' successfully

2020-06-09 00:20:46 - [TEST_CASE][PASSED] - Test Cases/Components/HighlightLabelFieldXPI: Test Cases/Components/HighlightLabelFieldXPI

2020-06-09 00:20:46 - [TEST_STEP][PASSED] - Thread.sleep(1000): null

2020-06-09 00:20:47 - [TEST_STEP][PASSED] - modifiedLblNm = modifyObjectProperty(findTestObject("Object Repository/Objects.HighlightElements/lblField_index"), "xpath", "equals", "(//*[contains(@class, 'x-form-item-label-inner x-form-item-label-inner-default') and contains(., '" + LblName + "')])[" + index + "]", true): Modify property of object successfully

2020-06-09 00:20:47 - [MESSAGE][PASSED] - Modify property of object successfully

2020-06-09 00:20:47 - [TEST_STEP][PASSED] - com.reusableComponents.HighlightElement.run(modifiedLblNm): com.reusableComponents.HighlightElement.run is PASSED

2020-06-09 00:20:47 - [MESSAGE][PASSED] - com.reusableComponents.HighlightElement.run is PASSED

2020-06-09 00:20:47 - [MESSAGE][PASSED] - Call Test Case 'Test Cases/Components/HighlightLabelFieldXPI' successfully

2020-06-09 00:20:47 - [TEST_STEP][PASSED] - callTestCase(findTestCase("Components/HighlightInputFieldXPI"), ["FldNm":"NovaOfficerComboBox", "index":1], STOP_ON_FAILURE): Call Test Case 'Test Cases/Components/HighlightInputFieldXPI' successfully

2020-06-09 00:20:47 - [TEST_CASE][PASSED] - Test Cases/Components/HighlightInputFieldXPI: Test Cases/Components/HighlightInputFieldXPI

2020-06-09 00:20:47 - [TEST_STEP][PASSED] - Thread.sleep(1000): null

2020-06-09 00:20:48 - [TEST_STEP][PASSED] - modifiedInputNm = modifyObjectProperty(findTestObject("Object Repository/Objects.HighlightElements/input_field_index"), "xpath", "equals", "(//*[contains(@name, '" + FldNm + "')])[" + index + "]", true): Modify property of object successfully

2020-06-09 00:20:48 - [MESSAGE][PASSED] - Modify property of object successfully

2020-06-09 00:20:48 - [TEST_STEP][PASSED] - com.reusableComponents.HighlightElement.run(modifiedInputNm): com.reusableComponents.HighlightElement.run is PASSED

2020-06-09 00:20:49 - [MESSAGE][PASSED] - com.reusableComponents.HighlightElement.run is PASSED

2020-06-09 00:20:49 - [MESSAGE][PASSED] - Call Test Case 'Test Cases/Components/HighlightInputFieldXPI' successfully

2020-06-09 00:20:49 - [TEST_STEP][PASSED] - callTestCase(findTestCase("PFI Precision and Scale/PFI Components with Indexing/VerifyDropdownValuesXPI"), ["FldNm":"NovaOfficerComboBox", "index":1, "CallTCName":"PFI Precision and Scale/HashMap Tables/OfficerLists", "cmbNm":"", ... ], STOP_ON_FAILURE): Call Test Case 'Test Cases/PFI Precision and Scale/PFI Components with Indexing/VerifyDropdownValuesXPI' successfully

2020-06-09 00:20:49 - [TEST_CASE][PASSED] - Test Cases/PFI Precision and Scale/PFI Components with Indexing/VerifyDropdownValuesXPI: Test Cases/PFI Precision and Scale/PFI Components with Indexing/VerifyDropdownValuesXPI

2020-06-09 00:20:49 - [TEST_STEP][PASSED] - Thread.sleep(1000): null

2020-06-09 00:20:50 - [TEST_STEP][PASSED] - NewInputNmField = modifyObjectProperty(findTestObject("Object Repository/Objects.HighlightElements/input_field_index"), "xpath", "equals", "(//*[contains(@name, '" + FldNm + "')])[" + index + "]", true): Modify property of object successfully

2020-06-09 00:20:50 - [MESSAGE][PASSED] - Modify property of object successfully

2020-06-09 00:20:50 - [TEST_STEP][PASSED] - comboNm = cmbNm: null

2020-06-09 00:20:50 - [TEST_STEP][PASSED] - focus(NewInputNmField): Object: 'Object Repository/Objects.HighlightElements/input_field_index' is focused

2020-06-09 00:20:50 - [MESSAGE][PASSED] - Object: 'Object Repository/Objects.HighlightElements/input_field_index' is focused

2020-06-09 00:20:50 - [TEST_STEP][PASSED] - setText(NewInputNmField, EnterValue): Text 'none' is set on object 'Object Repository/Objects.HighlightElements/input_field_index'

2020-06-09 00:20:50 - [MESSAGE][PASSED] - Text 'none' is set on object 'Object Repository/Objects.HighlightElements/input_field_index'

2020-06-09 00:20:50 - [TEST_STEP][PASSED] - for ([i = 1, i <= NoOfVal, (i++)]): Keys 'DOWN + ' sent to object: 'Object Repository/Objects.HighlightElements/input_field_index'

2020-06-09 00:20:50 - [TEST_STEP][PASSED] - sendKeys(NewInputNmField, Keys.chord(ARROW_DOWN)): Keys 'DOWN + ' sent to object: 'Object Repository/Objects.HighlightElements/input_field_index'

2020-06-09 00:20:50 - [MESSAGE][PASSED] - Keys 'DOWN + ' sent to object: 'Object Repository/Objects.HighlightElements/input_field_index'

2020-06-09 00:20:50 - [TEST_STEP][PASSED] - delay(DelayTime): Delayed 2 second(s)

2020-06-09 00:20:52 - [MESSAGE][PASSED] - Delayed 2 second(s)

2020-06-09 00:20:52 - [TEST_STEP][PASSED] - sendKeys(NewInputNmField, Keys.chord(ENTER)): Keys 'ENTER + ' sent to object: 'Object Repository/Objects.HighlightElements/input_field_index'

2020-06-09 00:20:52 - [MESSAGE][PASSED] - Keys 'ENTER + ' sent to object: 'Object Repository/Objects.HighlightElements/input_field_index'

2020-06-09 00:20:52 - [TEST_STEP][PASSED] - ComboBoxValue = getAttribute(NewInputNmField, "value"): Attribute 'value' of object 'Object Repository/Objects.HighlightElements/input_field_index' is: 'none'

2020-06-09 00:20:52 - [MESSAGE][PASSED] - Attribute 'value' of object 'Object Repository/Objects.HighlightElements/input_field_index' is: 'none'

2020-06-09 00:20:52 - [TEST_STEP][PASSED] - callTestCase(findTestCase(CallTCName), ["FindValue":ComboBoxValue, "DropdownNm":comboNm], STOP_ON_FAILURE): Call Test Case 'Test Cases/PFI Precision and Scale/HashMap Tables/OfficerLists' successfully

2020-06-09 00:20:52 - [TEST_CASE][PASSED] - Test Cases/PFI Precision and Scale/HashMap Tables/OfficerLists: Test Cases/PFI Precision and Scale/HashMap Tables/OfficerLists

2020-06-09 00:20:52 - [TEST_STEP][PASSED] - Thread.sleep(1000): null

2020-06-09 00:20:53 - [TEST_STEP][PASSED] - OfficerLists = [1:"Aaron Sham Wai Lun (AARON)", 2:"Azidah Bte Akmad (Mdm) (USAABD)", 3:"Chung Fong Nyen (USACFN)", 4:"David Tey Dah Wei (DAHWEI)", ... ]: null

2020-06-09 00:20:53 - [TEST_STEP][PASSED] - ValueFound = OfficerLists.find({ -> ... }): null

2020-06-09 00:20:53 - [MESSAGE][PASSED] - Call Test Case 'Test Cases/PFI Precision and Scale/HashMap Tables/OfficerLists' successfully

2020-06-09 00:20:53 - [TEST_STEP][PASSED] - println(ValueFound): null

2020-06-09 00:20:53 - [TEST_STEP][PASSED] - sendKeys(NewInputNmField, Keys.chord(ARROW_DOWN)): Keys 'DOWN + ' sent to object: 'Object Repository/Objects.HighlightElements/input_field_index'

2020-06-09 00:20:53 - [MESSAGE][PASSED] - Keys 'DOWN + ' sent to object: 'Object Repository/Objects.HighlightElements/input_field_index'

2020-06-09 00:20:53 - [TEST_STEP][PASSED] - sendKeys(NewInputNmField, Keys.chord(ENTER)): Keys 'ENTER + ' sent to object: 'Object Repository/Objects.HighlightElements/input_field_index'

2020-06-09 00:20:53 - [MESSAGE][PASSED] - Keys 'ENTER + ' sent to object: 'Object Repository/Objects.HighlightElements/input_field_index'

2020-06-09 00:20:53 - [MESSAGE][PASSED] - Call Test Case 'Test Cases/PFI Precision and Scale/PFI Components with Indexing/VerifyDropdownValuesXPI' successfully

2020-06-09 00:20:53 - [TEST_STEP][PASSED] - callTestCase(findTestCase("Components/SelectAllThenDeleteXPI"), ["nameToBeUsed":"NovaOfficerComboBox", "index":"1"], STOP_ON_FAILURE): Call Test Case 'Test Cases/Components/SelectAllThenDeleteXPI' successfully

2020-06-09 00:20:53 - [TEST_CASE][PASSED] - Test Cases/Components/SelectAllThenDeleteXPI: Test Cases/Components/SelectAllThenDeleteXPI

2020-06-09 00:20:54 - [TEST_STEP][PASSED] - Thread.sleep(1000): null

2020-06-09 00:20:55 - [TEST_STEP][PASSED] - modifiedObj = modifyObjectProperty(findTestObject("Object Repository/Objects.HighlightElements/input_field_index"), "xpath", "equals", "(//*[contains(@name,'" + nameToBeUsed + "')])[" + index + "]", true): Modify property of object successfully

2020-06-09 00:20:55 - [MESSAGE][PASSED] - Modify property of object successfully

2020-06-09 00:20:55 - [TEST_STEP][PASSED] - focus(modifiedObj): Object: 'Object Repository/Objects.HighlightElements/input_field_index' is focused

2020-06-09 00:20:55 - [MESSAGE][PASSED] - Object: 'Object Repository/Objects.HighlightElements/input_field_index' is focused

2020-06-09 00:20:55 - [TEST_STEP][PASSED] - sendKeys(modifiedObj, Keys.chord(CONTROL, "a")): Keys 'CONTROL + a' sent to object: 'Object Repository/Objects.HighlightElements/input_field_index'

2020-06-09 00:20:55 - [MESSAGE][PASSED] - Keys 'CONTROL + a' sent to object: 'Object Repository/Objects.HighlightElements/input_field_index'

2020-06-09 00:20:55 - [TEST_STEP][PASSED] - sendKeys(modifiedObj, Keys.chord(DELETE)): Keys 'DELETE + ' sent to object: 'Object Repository/Objects.HighlightElements/input_field_index'

2020-06-09 00:20:55 - [MESSAGE][PASSED] - Keys 'DELETE + ' sent to object: 'Object Repository/Objects.HighlightElements/input_field_index'

2020-06-09 00:20:55 - [MESSAGE][PASSED] - Call Test Case 'Test Cases/Components/SelectAllThenDeleteXPI' successfully

2020-06-09 00:20:55 - [TEST_STEP][PASSED] - callTestCase(findTestCase("PFI Precision and Scale/PFI Components with Indexing/VerifyDropdownValuesXPI"), ["FldNm":"NovaOfficerComboBox", "index":1, "CallTCName":"PFI Precision and Scale/HashMap Tables/OfficerLists", "cmbNm":"", ... ], STOP_ON_FAILURE): Call Test Case 'Test Cases/PFI Precision and Scale/PFI Components with Indexing/VerifyDropdownValuesXPI' successfully

2020-06-09 00:20:55 - [TEST_CASE][PASSED] - Test Cases/PFI Precision and Scale/PFI Components with Indexing/VerifyDropdownValuesXPI: Test Cases/PFI Precision and Scale/PFI Components with Indexing/VerifyDropdownValuesXPI

2020-06-09 00:20:55 - [TEST_STEP][PASSED] - Thread.sleep(1000): null

2020-06-09 00:20:56 - [TEST_STEP][PASSED] - NewInputNmField = modifyObjectProperty(findTestObject("Object Repository/Objects.HighlightElements/input_field_index"), "xpath", "equals", "(//*[contains(@name, '" + FldNm + "')])[" + index + "]", true): Modify property of object successfully

2020-06-09 00:20:56 - [MESSAGE][PASSED] - Modify property of object successfully

2020-06-09 00:20:56 - [TEST_STEP][PASSED] - comboNm = cmbNm: null

2020-06-09 00:20:56 - [TEST_STEP][PASSED] - focus(NewInputNmField): Object: 'Object Repository/Objects.HighlightElements/input_field_index' is focused

2020-06-09 00:20:56 - [MESSAGE][PASSED] - Object: 'Object Repository/Objects.HighlightElements/input_field_index' is focused

2020-06-09 00:20:56 - [TEST_STEP][PASSED] - setText(NewInputNmField, EnterValue): Text 'BENGKWEE' is set on object 'Object Repository/Objects.HighlightElements/input_field_index'

2020-06-09 00:20:56 - [MESSAGE][PASSED] - Text 'BENGKWEE' is set on object 'Object Repository/Objects.HighlightElements/input_field_index'

2020-06-09 00:20:56 - [TEST_STEP][PASSED] - for ([i = 1, i <= NoOfVal, (i++)]): Keys 'DOWN + ' sent to object: 'Object Repository/Objects.HighlightElements/input_field_index'

2020-06-09 00:20:56 - [TEST_STEP][PASSED] - sendKeys(NewInputNmField, Keys.chord(ARROW_DOWN)): Keys 'DOWN + ' sent to object: 'Object Repository/Objects.HighlightElements/input_field_index'

2020-06-09 00:20:56 - [MESSAGE][PASSED] - Keys 'DOWN + ' sent to object: 'Object Repository/Objects.HighlightElements/input_field_index'

2020-06-09 00:20:56 - [TEST_STEP][PASSED] - delay(DelayTime): Delayed 2 second(s)

2020-06-09 00:20:58 - [MESSAGE][PASSED] - Delayed 2 second(s)

2020-06-09 00:20:58 - [TEST_STEP][PASSED] - sendKeys(NewInputNmField, Keys.chord(ENTER)): Keys 'ENTER + ' sent to object: 'Object Repository/Objects.HighlightElements/input_field_index'

2020-06-09 00:20:58 - [MESSAGE][PASSED] - Keys 'ENTER + ' sent to object: 'Object Repository/Objects.HighlightElements/input_field_index'

2020-06-09 00:20:58 - [TEST_STEP][PASSED] - ComboBoxValue = getAttribute(NewInputNmField, "value"): Attribute 'value' of object 'Object Repository/Objects.HighlightElements/input_field_index' is: 'Lim Beng Kwee (BENGKWEE)'

2020-06-09 00:20:58 - [MESSAGE][PASSED] - Attribute 'value' of object 'Object Repository/Objects.HighlightElements/input_field_index' is: 'Lim Beng Kwee (BENGKWEE)'

2020-06-09 00:20:58 - [TEST_STEP][PASSED] - callTestCase(findTestCase(CallTCName), ["FindValue":ComboBoxValue, "DropdownNm":comboNm], STOP_ON_FAILURE): Call Test Case 'Test Cases/PFI Precision and Scale/HashMap Tables/OfficerLists' successfully

2020-06-09 00:20:58 - [TEST_CASE][PASSED] - Test Cases/PFI Precision and Scale/HashMap Tables/OfficerLists: Test Cases/PFI Precision and Scale/HashMap Tables/OfficerLists

2020-06-09 00:20:58 - [TEST_STEP][PASSED] - Thread.sleep(1000): null

2020-06-09 00:20:59 - [TEST_STEP][PASSED] - OfficerLists = [1:"Aaron Sham Wai Lun (AARON)", 2:"Azidah Bte Akmad (Mdm) (USAABD)", 3:"Chung Fong Nyen (USACFN)", 4:"David Tey Dah Wei (DAHWEI)", ... ]: null

2020-06-09 00:20:59 - [TEST_STEP][PASSED] - ValueFound = OfficerLists.find({ -> ... }): null

2020-06-09 00:20:59 - [MESSAGE][PASSED] - Call Test Case 'Test Cases/PFI Precision and Scale/HashMap Tables/OfficerLists' successfully

2020-06-09 00:20:59 - [TEST_STEP][PASSED] - println(ValueFound): null

2020-06-09 00:20:59 - [TEST_STEP][PASSED] - sendKeys(NewInputNmField, Keys.chord(ARROW_DOWN)): Keys 'DOWN + ' sent to object: 'Object Repository/Objects.HighlightElements/input_field_index'

2020-06-09 00:20:59 - [MESSAGE][PASSED] - Keys 'DOWN + ' sent to object: 'Object Repository/Objects.HighlightElements/input_field_index'

2020-06-09 00:20:59 - [TEST_STEP][PASSED] - sendKeys(NewInputNmField, Keys.chord(ENTER)): Keys 'ENTER + ' sent to object: 'Object Repository/Objects.HighlightElements/input_field_index'

2020-06-09 00:20:59 - [MESSAGE][PASSED] - Keys 'ENTER + ' sent to object: 'Object Repository/Objects.HighlightElements/input_field_index'

2020-06-09 00:20:59 - [MESSAGE][PASSED] - Call Test Case 'Test Cases/PFI Precision and Scale/PFI Components with Indexing/VerifyDropdownValuesXPI' successfully

2020-06-09 00:20:59 - [TEST_STEP][PASSED] - callTestCase(findTestCase("Components/SelectAllThenDeleteXPI"), ["nameToBeUsed":"NovaOfficerComboBox", "index":"1"], STOP_ON_FAILURE): Call Test Case 'Test Cases/Components/SelectAllThenDeleteXPI' successfully

2020-06-09 00:20:59 - [TEST_CASE][PASSED] - Test Cases/Components/SelectAllThenDeleteXPI: Test Cases/Components/SelectAllThenDeleteXPI

2020-06-09 00:20:59 - [TEST_STEP][PASSED] - Thread.sleep(1000): null

2020-06-09 00:21:00 - [TEST_STEP][PASSED] - modifiedObj = modifyObjectProperty(findTestObject("Object Repository/Objects.HighlightElements/input_field_index"), "xpath", "equals", "(//*[contains(@name,'" + nameToBeUsed + "')])[" + index + "]", true): Modify property of object successfully

2020-06-09 00:21:00 - [MESSAGE][PASSED] - Modify property of object successfully

2020-06-09 00:21:00 - [TEST_STEP][PASSED] - focus(modifiedObj): Object: 'Object Repository/Objects.HighlightElements/input_field_index' is focused

2020-06-09 00:21:00 - [MESSAGE][PASSED] - Object: 'Object Repository/Objects.HighlightElements/input_field_index' is focused

2020-06-09 00:21:00 - [TEST_STEP][PASSED] - sendKeys(modifiedObj, Keys.chord(CONTROL, "a")): Keys 'CONTROL + a' sent to object: 'Object Repository/Objects.HighlightElements/input_field_index'

2020-06-09 00:21:01 - [MESSAGE][PASSED] - Keys 'CONTROL + a' sent to object: 'Object Repository/Objects.HighlightElements/input_field_index'

2020-06-09 00:21:01 - [TEST_STEP][PASSED] - sendKeys(modifiedObj, Keys.chord(DELETE)): Keys 'DELETE + ' sent to object: 'Object Repository/Objects.HighlightElements/input_field_index'

2020-06-09 00:21:01 - [MESSAGE][PASSED] - Keys 'DELETE + ' sent to object: 'Object Repository/Objects.HighlightElements/input_field_index'

2020-06-09 00:21:01 - [MESSAGE][PASSED] - Call Test Case 'Test Cases/Components/SelectAllThenDeleteXPI' successfully

2020-06-09 00:21:01 - [TEST_STEP][PASSED] - callTestCase(findTestCase("PFI Precision and Scale/PFI Components with Indexing/VerifyDropdownValuesXPI"), ["FldNm":"NovaOfficerComboBox", "index":1, "CallTCName":"PFI Precision and Scale/HashMap Tables/OfficerLists", "cmbNm":"", ... ], STOP_ON_FAILURE): Call Test Case 'Test Cases/PFI Precision and Scale/PFI Components with Indexing/VerifyDropdownValuesXPI' successfully

2020-06-09 00:21:01 - [TEST_CASE][PASSED] - Test Cases/PFI Precision and Scale/PFI Components with Indexing/VerifyDropdownValuesXPI: Test Cases/PFI Precision and Scale/PFI Components with Indexing/VerifyDropdownValuesXPI

2020-06-09 00:21:01 - [TEST_STEP][PASSED] - Thread.sleep(1000): null

2020-06-09 00:21:02 - [TEST_STEP][PASSED] - NewInputNmField = modifyObjectProperty(findTestObject("Object Repository/Objects.HighlightElements/input_field_index"), "xpath", "equals", "(//*[contains(@name, '" + FldNm + "')])[" + index + "]", true): Modify property of object successfully

2020-06-09 00:21:02 - [MESSAGE][PASSED] - Modify property of object successfully

2020-06-09 00:21:02 - [TEST_STEP][PASSED] - comboNm = cmbNm: null

2020-06-09 00:21:02 - [TEST_STEP][PASSED] - focus(NewInputNmField): Object: 'Object Repository/Objects.HighlightElements/input_field_index' is focused

2020-06-09 00:21:02 - [MESSAGE][PASSED] - Object: 'Object Repository/Objects.HighlightElements/input_field_index' is focused

2020-06-09 00:21:02 - [TEST_STEP][PASSED] - setText(NewInputNmField, EnterValue): Text 'Aaron Sham Wai Lun' is set on object 'Object Repository/Objects.HighlightElements/input_field_index'

2020-06-09 00:21:02 - [MESSAGE][PASSED] - Text 'Aaron Sham Wai Lun' is set on object 'Object Repository/Objects.HighlightElements/input_field_index'

2020-06-09 00:21:02 - [TEST_STEP][PASSED] - for ([i = 1, i <= NoOfVal, (i++)]): Keys 'DOWN + ' sent to object: 'Object Repository/Objects.HighlightElements/input_field_index'

2020-06-09 00:21:02 - [TEST_STEP][PASSED] - sendKeys(NewInputNmField, Keys.chord(ARROW_DOWN)): Keys 'DOWN + ' sent to object: 'Object Repository/Objects.HighlightElements/input_field_index'

2020-06-09 00:21:02 - [MESSAGE][PASSED] - Keys 'DOWN + ' sent to object: 'Object Repository/Objects.HighlightElements/input_field_index'

2020-06-09 00:21:02 - [TEST_STEP][PASSED] - delay(DelayTime): Delayed 2 second(s)

2020-06-09 00:21:04 - [MESSAGE][PASSED] - Delayed 2 second(s)

2020-06-09 00:21:04 - [TEST_STEP][PASSED] - sendKeys(NewInputNmField, Keys.chord(ENTER)): Keys 'ENTER + ' sent to object: 'Object Repository/Objects.HighlightElements/input_field_index'

2020-06-09 00:21:04 - [MESSAGE][PASSED] - Keys 'ENTER + ' sent to object: 'Object Repository/Objects.HighlightElements/input_field_index'

2020-06-09 00:21:04 - [TEST_STEP][PASSED] - ComboBoxValue = getAttribute(NewInputNmField, "value"): Attribute 'value' of object 'Object Repository/Objects.HighlightElements/input_field_index' is: 'Aaron Sham Wai Lun (AARON)'

2020-06-09 00:21:04 - [MESSAGE][PASSED] - Attribute 'value' of object 'Object Repository/Objects.HighlightElements/input_field_index' is: 'Aaron Sham Wai Lun (AARON)'

2020-06-09 00:21:04 - [TEST_STEP][PASSED] - callTestCase(findTestCase(CallTCName), ["FindValue":ComboBoxValue, "DropdownNm":comboNm], STOP_ON_FAILURE): Call Test Case 'Test Cases/PFI Precision and Scale/HashMap Tables/OfficerLists' successfully

2020-06-09 00:21:04 - [TEST_CASE][PASSED] - Test Cases/PFI Precision and Scale/HashMap Tables/OfficerLists: Test Cases/PFI Precision and Scale/HashMap Tables/OfficerLists

2020-06-09 00:21:04 - [TEST_STEP][PASSED] - Thread.sleep(1000): null

2020-06-09 00:21:05 - [TEST_STEP][PASSED] - OfficerLists = [1:"Aaron Sham Wai Lun (AARON)", 2:"Azidah Bte Akmad (Mdm) (USAABD)", 3:"Chung Fong Nyen (USACFN)", 4:"David Tey Dah Wei (DAHWEI)", ... ]: null

2020-06-09 00:21:05 - [TEST_STEP][PASSED] - ValueFound = OfficerLists.find({ -> ... }): null

2020-06-09 00:21:05 - [MESSAGE][PASSED] - Call Test Case 'Test Cases/PFI Precision and Scale/HashMap Tables/OfficerLists' successfully

2020-06-09 00:21:05 - [TEST_STEP][PASSED] - println(ValueFound): null

2020-06-09 00:21:05 - [TEST_STEP][PASSED] - sendKeys(NewInputNmField, Keys.chord(ARROW_DOWN)): Keys 'DOWN + ' sent to object: 'Object Repository/Objects.HighlightElements/input_field_index'

2020-06-09 00:21:05 - [MESSAGE][PASSED] - Keys 'DOWN + ' sent to object: 'Object Repository/Objects.HighlightElements/input_field_index'

2020-06-09 00:21:05 - [TEST_STEP][PASSED] - sendKeys(NewInputNmField, Keys.chord(ENTER)): Keys 'ENTER + ' sent to object: 'Object Repository/Objects.HighlightElements/input_field_index'

2020-06-09 00:21:05 - [MESSAGE][PASSED] - Keys 'ENTER + ' sent to object: 'Object Repository/Objects.HighlightElements/input_field_index'

2020-06-09 00:21:05 - [MESSAGE][PASSED] - Call Test Case 'Test Cases/PFI Precision and Scale/PFI Components with Indexing/VerifyDropdownValuesXPI' successfully

2020-06-09 00:21:05 - [TEST_STEP][PASSED] - callTestCase(findTestCase("Components/SelectAllThenDeleteXPI"), ["nameToBeUsed":"NovaOfficerComboBox", "index":"1"], STOP_ON_FAILURE): Call Test Case 'Test Cases/Components/SelectAllThenDeleteXPI' successfully

2020-06-09 00:21:05 - [TEST_CASE][PASSED] - Test Cases/Components/SelectAllThenDeleteXPI: Test Cases/Components/SelectAllThenDeleteXPI

2020-06-09 00:21:05 - [TEST_STEP][PASSED] - Thread.sleep(1000): null

2020-06-09 00:21:06 - [TEST_STEP][PASSED] - modifiedObj = modifyObjectProperty(findTestObject("Object Repository/Objects.HighlightElements/input_field_index"), "xpath", "equals", "(//*[contains(@name,'" + nameToBeUsed + "')])[" + index + "]", true): Modify property of object successfully

2020-06-09 00:21:06 - [MESSAGE][PASSED] - Modify property of object successfully

2020-06-09 00:21:06 - [TEST_STEP][PASSED] - focus(modifiedObj): Object: 'Object Repository/Objects.HighlightElements/input_field_index' is focused

2020-06-09 00:21:06 - [MESSAGE][PASSED] - Object: 'Object Repository/Objects.HighlightElements/input_field_index' is focused

2020-06-09 00:21:06 - [TEST_STEP][PASSED] - sendKeys(modifiedObj, Keys.chord(CONTROL, "a")): Keys 'CONTROL + a' sent to object: 'Object Repository/Objects.HighlightElements/input_field_index'

2020-06-09 00:21:06 - [MESSAGE][PASSED] - Keys 'CONTROL + a' sent to object: 'Object Repository/Objects.HighlightElements/input_field_index'

2020-06-09 00:21:06 - [TEST_STEP][PASSED] - sendKeys(modifiedObj, Keys.chord(DELETE)): Keys 'DELETE + ' sent to object: 'Object Repository/Objects.HighlightElements/input_field_index'

2020-06-09 00:21:07 - [MESSAGE][PASSED] - Keys 'DELETE + ' sent to object: 'Object Repository/Objects.HighlightElements/input_field_index'

2020-06-09 00:21:07 - [MESSAGE][PASSED] - Call Test Case 'Test Cases/Components/SelectAllThenDeleteXPI' successfully

2020-06-09 00:21:07 - [TEST_STEP][PASSED] - callTestCase(findTestCase("PFI Precision and Scale/PFI Components with Indexing/RequiredFieldValidationXPI"), ["nameToBeUsed":"NovaOfficerComboBox", "index":1], STOP_ON_FAILURE): Call Test Case 'Test Cases/PFI Precision and Scale/PFI Components with Indexing/RequiredFieldValidationXPI' successfully

2020-06-09 00:21:07 - [TEST_CASE][PASSED] - Test Cases/PFI Precision and Scale/PFI Components with Indexing/RequiredFieldValidationXPI: Test Cases/PFI Precision and Scale/PFI Components with Indexing/RequiredFieldValidationXPI

2020-06-09 00:21:07 - [TEST_STEP][PASSED] - enableSmartWait(): null

2020-06-09 00:21:07 - [TEST_STEP][PASSED] - NewInputNmField = modifyObjectProperty(findTestObject("Objects.HighlightElements/input_field_index"), "xpath", "equals", "(//*[contains(@name,'" + nameToBeUsed + "')])[" + index + "]", true): Modify property of object successfully

2020-06-09 00:21:07 - [MESSAGE][PASSED] - Modify property of object successfully

2020-06-09 00:21:07 - [TEST_STEP][PASSED] - getRqErrMsg = getAttribute(NewInputNmField, "data-errorqtip"): Attribute 'data-errorqtip' of object 'Object Repository/Objects.HighlightElements/input_field_index' is: '<ul class="x-list-plain"><li>This field is required</li></ul>'

2020-06-09 00:21:07 - [MESSAGE][PASSED] - Attribute 'data-errorqtip' of object 'Object Repository/Objects.HighlightElements/input_field_index' is: '<ul class="x-list-plain"><li>This field is required</li></ul>'

2020-06-09 00:21:07 - [TEST_STEP][PASSED] - strToolTip = getRqErrMsg.substring(29, 61): null

2020-06-09 00:21:07 - [TEST_STEP][PASSED] - toolTipReqErrMsg = strToolTip.substring(0, 22): null

2020-06-09 00:21:07 - [TEST_STEP][PASSED] - verifyMatch(toolTipReqErrMsg, RqField, true): Actual text 'This field is required' and expected text 'This field is required' are matched  using regular expression

2020-06-09 00:21:07 - [MESSAGE][PASSED] - Actual text 'This field is required' and expected text 'This field is required' are matched  using regular expression

2020-06-09 00:21:07 - [TEST_STEP][PASSED] - delay(3): Delayed 3 second(s)

2020-06-09 00:21:10 - [MESSAGE][PASSED] - Delayed 3 second(s)

2020-06-09 00:21:10 - [TEST_STEP][PASSED] - mouseOver(NewInputNmField): Object: 'Object Repository/Objects.HighlightElements/input_field_index' is hovered

2020-06-09 00:21:10 - [MESSAGE][PASSED] - Object: 'Object Repository/Objects.HighlightElements/input_field_index' is hovered

2020-06-09 00:21:10 - [MESSAGE][PASSED] - Call Test Case 'Test Cases/PFI Precision and Scale/PFI Components with Indexing/RequiredFieldValidationXPI' successfully

2020-06-09 00:21:10 - [TEST_STEP][NOT_RUN] - callTestCase(findTestCase("Components/Logout"), ["LogoutPageTextToBeVerified":findTestData("ISPS2 Test Data").getValue("HomeBanner", 1)], STOP_ON_FAILURE): NOT_RUN: callTestCase(findTestCase("Components/Logout"), ["LogoutPageTextToBeVerified":findTestData("ISPS2 Test Data").getValue("HomeBanner", 1)], STOP_ON_FAILURE)

2020-06-09 00:21:10 - [MESSAGE][NOT_RUN] - NOT_RUN: callTestCase(findTestCase("Components/Logout"), ["LogoutPageTextToBeVerified":findTestData("ISPS2 Test Data").getValue("HomeBanner", 1)], STOP_ON_FAILURE)]]></system-out>
         <system-err><![CDATA[]]></system-err>
      </testcase>
      <testcase name="Test Cases/PFI Precision and Scale/PFI Test Cases/Process Case (PFI)/PFI.TriggerPEPresentationLHS" time="138.622" classname="Test Cases/PFI Precision and Scale/PFI Test Cases/Process Case (PFI)/PFI.TriggerPEPresentationLHS" status="PASSED">
         <system-out><![CDATA[2020-06-09 00:21:10 - [TEST_CASE][PASSED] - Test Cases/PFI Precision and Scale/PFI Test Cases/Process Case (PFI)/PFI.TriggerPEPresentationLHS: Test Cases/PFI Precision and Scale/PFI Test Cases/Process Case (PFI)/PFI.TriggerPEPresentationLHS

2020-06-09 00:21:10 - [TEST_STEP][NOT_RUN] - callTestCase(findTestCase("Components/LoginV2.0"), ["LinkToBeUsed":findTestData("Datatable").getValue("URL", 1), "LoginPageTextToBeVerified":findTestData("Datatable").getValue("HomeBanner", 1), ... ], STOP_ON_FAILURE): NOT_RUN: callTestCase(findTestCase("Components/LoginV2.0"), ["LinkToBeUsed":findTestData("Datatable").getValue("URL", 1), "LoginPageTextToBeVerified":findTestData("Datatable").getValue("HomeBanner", 1), ... ], STOP_ON_FAILURE)

2020-06-09 00:21:10 - [MESSAGE][NOT_RUN] - NOT_RUN: callTestCase(findTestCase("Components/LoginV2.0"), ["LinkToBeUsed":findTestData("Datatable").getValue("URL", 1), "LoginPageTextToBeVerified":findTestData("Datatable").getValue("HomeBanner", 1), ... ], STOP_ON_FAILURE)

2020-06-09 00:21:10 - [TEST_STEP][NOT_RUN] - callTestCase(findTestCase("Components/NavigateToHomepageHeaders"), ["headerText":"My Tasks"], STOP_ON_FAILURE): NOT_RUN: callTestCase(findTestCase("Components/NavigateToHomepageHeaders"), ["headerText":"My Tasks"], STOP_ON_FAILURE)

2020-06-09 00:21:10 - [MESSAGE][NOT_RUN] - NOT_RUN: callTestCase(findTestCase("Components/NavigateToHomepageHeaders"), ["headerText":"My Tasks"], STOP_ON_FAILURE)

2020-06-09 00:21:10 - [TEST_STEP][NOT_RUN] - callTestCase(findTestCase("Components/Filter"), ["taskDescription":"Process Case (SM)"], STOP_ON_FAILURE): NOT_RUN: callTestCase(findTestCase("Components/Filter"), ["taskDescription":"Process Case (SM)"], STOP_ON_FAILURE)

2020-06-09 00:21:10 - [MESSAGE][NOT_RUN] - NOT_RUN: callTestCase(findTestCase("Components/Filter"), ["taskDescription":"Process Case (SM)"], STOP_ON_FAILURE)

2020-06-09 00:21:10 - [TEST_STEP][NOT_RUN] - callTestCase(findTestCase("Components/Wait"), ["secondsToWait":5000], STOP_ON_FAILURE): NOT_RUN: callTestCase(findTestCase("Components/Wait"), ["secondsToWait":5000], STOP_ON_FAILURE)

2020-06-09 00:21:10 - [MESSAGE][NOT_RUN] - NOT_RUN: callTestCase(findTestCase("Components/Wait"), ["secondsToWait":5000], STOP_ON_FAILURE)

2020-06-09 00:21:10 - [TEST_STEP][NOT_RUN] - callTestCase(findTestCase("Components/ClickLinkDependingOnTextAndIndex"), ["linkName":"Process Case (SM)", "index":"6"], STOP_ON_FAILURE): NOT_RUN: callTestCase(findTestCase("Components/ClickLinkDependingOnTextAndIndex"), ["linkName":"Process Case (SM)", "index":"6"], STOP_ON_FAILURE)

2020-06-09 00:21:10 - [MESSAGE][NOT_RUN] - NOT_RUN: callTestCase(findTestCase("Components/ClickLinkDependingOnTextAndIndex"), ["linkName":"Process Case (SM)", "index":"6"], STOP_ON_FAILURE)

2020-06-09 00:21:10 - [TEST_STEP][NOT_RUN] - callTestCase(findTestCase("Components/Wait"), ["secondsToWait":5000], STOP_ON_FAILURE): NOT_RUN: callTestCase(findTestCase("Components/Wait"), ["secondsToWait":5000], STOP_ON_FAILURE)

2020-06-09 00:21:10 - [MESSAGE][NOT_RUN] - NOT_RUN: callTestCase(findTestCase("Components/Wait"), ["secondsToWait":5000], STOP_ON_FAILURE)

2020-06-09 00:21:10 - [TEST_STEP][PASSED] - callTestCase(findTestCase("Components/NavigateToAnyLHS"), ["LHS":"Trigger PE Presentation"], STOP_ON_FAILURE): Call Test Case 'Test Cases/Components/NavigateToAnyLHS' successfully

2020-06-09 00:21:10 - [TEST_CASE][PASSED] - Test Cases/Components/NavigateToAnyLHS: Test Cases/Components/NavigateToAnyLHS

2020-06-09 00:21:10 - [TEST_STEP][PASSED] - Thread.sleep(1000): null

2020-06-09 00:21:11 - [TEST_STEP][PASSED] - modifiedLHS = modifyObjectProperty(findTestObject("Objects.NavigateToAnyLHS/Page_ISPS2/LHSToModify"), "text", "equals", LHS, true): Modify property of object successfully

2020-06-09 00:21:11 - [MESSAGE][PASSED] - Modify property of object successfully

2020-06-09 00:21:11 - [TEST_STEP][PASSED] - click(modifiedLHS): Object: 'Object Repository/Objects.NavigateToAnyLHS/Page_ISPS2/LHSToModify' is clicked on

2020-06-09 00:21:11 - [MESSAGE][PASSED] - Object: 'Object Repository/Objects.NavigateToAnyLHS/Page_ISPS2/LHSToModify' is clicked on

2020-06-09 00:21:11 - [TEST_STEP][PASSED] - currentLHS = getText(modifiedLHS): Text of object 'Object Repository/Objects.NavigateToAnyLHS/Page_ISPS2/LHSToModify' is: 'Trigger PE Presentation'

2020-06-09 00:21:11 - [MESSAGE][PASSED] - Text of object 'Object Repository/Objects.NavigateToAnyLHS/Page_ISPS2/LHSToModify' is: 'Trigger PE Presentation'

2020-06-09 00:21:11 - [TEST_STEP][PASSED] - Thread.sleep(5000): null

2020-06-09 00:21:16 - [MESSAGE][PASSED] - Call Test Case 'Test Cases/Components/NavigateToAnyLHS' successfully

2020-06-09 00:21:16 - [TEST_STEP][PASSED] - callTestCase(findTestCase("Components/VerifyPageSuccessfullyLoaded"), ["HeaderName":"Trigger PE Presentation"], STOP_ON_FAILURE): Call Test Case 'Test Cases/Components/VerifyPageSuccessfullyLoaded' successfully

2020-06-09 00:21:16 - [TEST_CASE][PASSED] - Test Cases/Components/VerifyPageSuccessfullyLoaded: Test Cases/Components/VerifyPageSuccessfullyLoaded

2020-06-09 00:21:17 - [TEST_STEP][PASSED] - Thread.sleep(3000): null

2020-06-09 00:21:20 - [TEST_STEP][PASSED] - ModifiedHeaderName = modifyObjectProperty(findTestObject("Objects.VerifyPageSuccessfullyLoaded/PageHeader"), "text", "equals", HeaderName, true): Modify property of object successfully

2020-06-09 00:21:20 - [MESSAGE][PASSED] - Modify property of object successfully

2020-06-09 00:21:20 - [TEST_STEP][PASSED] - verifyElementPresent(ModifiedHeaderName, 30): Object 'Object Repository/Objects.VerifyPageSuccessfullyLoaded/PageHeader' is present

2020-06-09 00:21:20 - [MESSAGE][PASSED] - Object 'Object Repository/Objects.VerifyPageSuccessfullyLoaded/PageHeader' is present

2020-06-09 00:21:20 - [TEST_STEP][PASSED] - com.reusableComponents.HighlightElement.run(ModifiedHeaderName): com.reusableComponents.HighlightElement.run is PASSED

2020-06-09 00:21:20 - [MESSAGE][PASSED] - com.reusableComponents.HighlightElement.run is PASSED

2020-06-09 00:21:20 - [MESSAGE][PASSED] - Call Test Case 'Test Cases/Components/VerifyPageSuccessfullyLoaded' successfully

2020-06-09 00:21:20 - [TEST_STEP][PASSED] - callTestCase(findTestCase("Components/ClickCheckBoxColumnHeader"), ["NextColHeader":"Building Characteristic", "index":1], STOP_ON_FAILURE): Call Test Case 'Test Cases/Components/ClickCheckBoxColumnHeader' successfully

2020-06-09 00:21:20 - [TEST_CASE][PASSED] - Test Cases/Components/ClickCheckBoxColumnHeader: Test Cases/Components/ClickCheckBoxColumnHeader

2020-06-09 00:21:20 - [TEST_STEP][PASSED] - Thread.sleep(1000): null

2020-06-09 00:21:21 - [TEST_STEP][PASSED] - modifiedObject = modifyObjectProperty(findTestObject("Objects.ReusableObjects/CheckboxHeader"), "xpath", "equals", "//*[contains(@class, 'x-column-header-text') and text()='" + NextColHeader + "']//preceding::div[" + index + "]", true): Modify property of object successfully

2020-06-09 00:21:21 - [MESSAGE][PASSED] - Modify property of object successfully

2020-06-09 00:21:21 - [TEST_STEP][PASSED] - com.reusableComponents.HighlightElement.run(modifiedObject): com.reusableComponents.HighlightElement.run is PASSED

2020-06-09 00:21:22 - [MESSAGE][PASSED] - com.reusableComponents.HighlightElement.run is PASSED

2020-06-09 00:21:22 - [TEST_STEP][PASSED] - check(modifiedObject): Object 'Object Repository/Objects.ReusableObjects/CheckboxHeader' is checked

2020-06-09 00:21:22 - [MESSAGE][PASSED] - Object 'Object Repository/Objects.ReusableObjects/CheckboxHeader' is checked

2020-06-09 00:21:22 - [MESSAGE][PASSED] - Call Test Case 'Test Cases/Components/ClickCheckBoxColumnHeader' successfully

2020-06-09 00:21:22 - [TEST_STEP][PASSED] - callTestCase(findTestCase("Components/HighlightInputFieldXPI"), ["FldNm":"submInd_0", "index":1], STOP_ON_FAILURE): Call Test Case 'Test Cases/Components/HighlightInputFieldXPI' successfully

2020-06-09 00:21:22 - [TEST_CASE][PASSED] - Test Cases/Components/HighlightInputFieldXPI: Test Cases/Components/HighlightInputFieldXPI

2020-06-09 00:21:22 - [TEST_STEP][PASSED] - Thread.sleep(1000): null

2020-06-09 00:21:23 - [TEST_STEP][PASSED] - modifiedInputNm = modifyObjectProperty(findTestObject("Object Repository/Objects.HighlightElements/input_field_index"), "xpath", "equals", "(//*[contains(@name, '" + FldNm + "')])[" + index + "]", true): Modify property of object successfully

2020-06-09 00:21:23 - [MESSAGE][PASSED] - Modify property of object successfully

2020-06-09 00:21:23 - [TEST_STEP][PASSED] - com.reusableComponents.HighlightElement.run(modifiedInputNm): com.reusableComponents.HighlightElement.run is PASSED

2020-06-09 00:21:23 - [MESSAGE][PASSED] - com.reusableComponents.HighlightElement.run is PASSED

2020-06-09 00:21:23 - [MESSAGE][PASSED] - Call Test Case 'Test Cases/Components/HighlightInputFieldXPI' successfully

2020-06-09 00:21:23 - [TEST_STEP][PASSED] - callTestCase(findTestCase("PFI Precision and Scale/HashMap Tables/ConstantHashMap"), ["FldNm":"submInd_0", "index":1, "CallTCName":"PFI Precision and Scale/PFI Components/ConstantHashMap", "cmbNm":"PresINd", ... ], STOP_ON_FAILURE): Call Test Case 'Test Cases/PFI Precision and Scale/HashMap Tables/ConstantHashMap' successfully

2020-06-09 00:21:23 - [TEST_CASE][PASSED] - Test Cases/PFI Precision and Scale/HashMap Tables/ConstantHashMap: Test Cases/PFI Precision and Scale/HashMap Tables/ConstantHashMap

2020-06-09 00:21:23 - [TEST_STEP][PASSED] - ConstantTBL = [1:["PeriodType":"Working Day(s)"], 2:["PeriodType":"Calendar Day(s)"], 3:["PeriodType":"Month(s)"], 4:["TypeOfLetter":"T1"], ... ]: null

2020-06-09 00:21:23 - [TEST_STEP][PASSED] - switch (DropdownNm): null

2020-06-09 00:21:23 - [TEST_STEP][PASSED] - Default: null

2020-06-09 00:21:23 - [TEST_STEP][PASSED] - comment("Not found in the List"): Not found in the List

2020-06-09 00:21:23 - [MESSAGE][INFO] - Not found in the List

2020-06-09 00:21:23 - [TEST_STEP][PASSED] - break: null

2020-06-09 00:21:23 - [MESSAGE][PASSED] - Call Test Case 'Test Cases/PFI Precision and Scale/HashMap Tables/ConstantHashMap' successfully

2020-06-09 00:21:23 - [TEST_STEP][PASSED] - callTestCase(findTestCase("Components/SelectAllThenDeleteXPI"), ["nameToBeUsed":"submInd_0", "index":1], STOP_ON_FAILURE): Call Test Case 'Test Cases/Components/SelectAllThenDeleteXPI' successfully

2020-06-09 00:21:24 - [TEST_CASE][PASSED] - Test Cases/Components/SelectAllThenDeleteXPI: Test Cases/Components/SelectAllThenDeleteXPI

2020-06-09 00:21:24 - [TEST_STEP][PASSED] - Thread.sleep(1000): null

2020-06-09 00:21:25 - [TEST_STEP][PASSED] - modifiedObj = modifyObjectProperty(findTestObject("Object Repository/Objects.HighlightElements/input_field_index"), "xpath", "equals", "(//*[contains(@name,'" + nameToBeUsed + "')])[" + index + "]", true): Modify property of object successfully

2020-06-09 00:21:25 - [MESSAGE][PASSED] - Modify property of object successfully

2020-06-09 00:21:25 - [TEST_STEP][PASSED] - focus(modifiedObj): Object: 'Object Repository/Objects.HighlightElements/input_field_index' is focused

2020-06-09 00:21:25 - [MESSAGE][PASSED] - Object: 'Object Repository/Objects.HighlightElements/input_field_index' is focused

2020-06-09 00:21:25 - [TEST_STEP][PASSED] - sendKeys(modifiedObj, Keys.chord(CONTROL, "a")): Keys 'CONTROL + a' sent to object: 'Object Repository/Objects.HighlightElements/input_field_index'

2020-06-09 00:21:25 - [MESSAGE][PASSED] - Keys 'CONTROL + a' sent to object: 'Object Repository/Objects.HighlightElements/input_field_index'

2020-06-09 00:21:25 - [TEST_STEP][PASSED] - sendKeys(modifiedObj, Keys.chord(DELETE)): Keys 'DELETE + ' sent to object: 'Object Repository/Objects.HighlightElements/input_field_index'

2020-06-09 00:21:25 - [MESSAGE][PASSED] - Keys 'DELETE + ' sent to object: 'Object Repository/Objects.HighlightElements/input_field_index'

2020-06-09 00:21:25 - [MESSAGE][PASSED] - Call Test Case 'Test Cases/Components/SelectAllThenDeleteXPI' successfully

2020-06-09 00:21:25 - [TEST_STEP][PASSED] - callTestCase(findTestCase("PFI Precision and Scale/PFI Components with Indexing/RequiredFieldValidationXPI"), ["nameToBeUsed":"submInd_0", "index":1], STOP_ON_FAILURE): Call Test Case 'Test Cases/PFI Precision and Scale/PFI Components with Indexing/RequiredFieldValidationXPI' successfully

2020-06-09 00:21:25 - [TEST_CASE][PASSED] - Test Cases/PFI Precision and Scale/PFI Components with Indexing/RequiredFieldValidationXPI: Test Cases/PFI Precision and Scale/PFI Components with Indexing/RequiredFieldValidationXPI

2020-06-09 00:21:25 - [TEST_STEP][PASSED] - enableSmartWait(): null

2020-06-09 00:21:25 - [TEST_STEP][PASSED] - NewInputNmField = modifyObjectProperty(findTestObject("Objects.HighlightElements/input_field_index"), "xpath", "equals", "(//*[contains(@name,'" + nameToBeUsed + "')])[" + index + "]", true): Modify property of object successfully

2020-06-09 00:21:25 - [MESSAGE][PASSED] - Modify property of object successfully

2020-06-09 00:21:25 - [TEST_STEP][PASSED] - getRqErrMsg = getAttribute(NewInputNmField, "data-errorqtip"): Attribute 'data-errorqtip' of object 'Object Repository/Objects.HighlightElements/input_field_index' is: '<ul class="x-list-plain"><li>This field is required</li></ul>'

2020-06-09 00:21:25 - [MESSAGE][PASSED] - Attribute 'data-errorqtip' of object 'Object Repository/Objects.HighlightElements/input_field_index' is: '<ul class="x-list-plain"><li>This field is required</li></ul>'

2020-06-09 00:21:25 - [TEST_STEP][PASSED] - strToolTip = getRqErrMsg.substring(29, 61): null

2020-06-09 00:21:25 - [TEST_STEP][PASSED] - toolTipReqErrMsg = strToolTip.substring(0, 22): null

2020-06-09 00:21:25 - [TEST_STEP][PASSED] - verifyMatch(toolTipReqErrMsg, RqField, true): Actual text 'This field is required' and expected text 'This field is required' are matched  using regular expression

2020-06-09 00:21:25 - [MESSAGE][PASSED] - Actual text 'This field is required' and expected text 'This field is required' are matched  using regular expression

2020-06-09 00:21:25 - [TEST_STEP][PASSED] - delay(3): Delayed 3 second(s)

2020-06-09 00:21:28 - [MESSAGE][PASSED] - Delayed 3 second(s)

2020-06-09 00:21:28 - [TEST_STEP][PASSED] - mouseOver(NewInputNmField): Object: 'Object Repository/Objects.HighlightElements/input_field_index' is hovered

2020-06-09 00:21:28 - [MESSAGE][PASSED] - Object: 'Object Repository/Objects.HighlightElements/input_field_index' is hovered

2020-06-09 00:21:28 - [MESSAGE][PASSED] - Call Test Case 'Test Cases/PFI Precision and Scale/PFI Components with Indexing/RequiredFieldValidationXPI' successfully

2020-06-09 00:21:28 - [TEST_STEP][PASSED] - callTestCase(findTestCase("Components/HighlightInputFieldXPI"), ["FldNm":"submInd_1", "index":1], STOP_ON_FAILURE): Call Test Case 'Test Cases/Components/HighlightInputFieldXPI' successfully

2020-06-09 00:21:28 - [TEST_CASE][PASSED] - Test Cases/Components/HighlightInputFieldXPI: Test Cases/Components/HighlightInputFieldXPI

2020-06-09 00:21:28 - [TEST_STEP][PASSED] - Thread.sleep(1000): null

2020-06-09 00:21:29 - [TEST_STEP][PASSED] - modifiedInputNm = modifyObjectProperty(findTestObject("Object Repository/Objects.HighlightElements/input_field_index"), "xpath", "equals", "(//*[contains(@name, '" + FldNm + "')])[" + index + "]", true): Modify property of object successfully

2020-06-09 00:21:29 - [MESSAGE][PASSED] - Modify property of object successfully

2020-06-09 00:21:29 - [TEST_STEP][PASSED] - com.reusableComponents.HighlightElement.run(modifiedInputNm): com.reusableComponents.HighlightElement.run is PASSED

2020-06-09 00:21:30 - [MESSAGE][PASSED] - com.reusableComponents.HighlightElement.run is PASSED

2020-06-09 00:21:30 - [MESSAGE][PASSED] - Call Test Case 'Test Cases/Components/HighlightInputFieldXPI' successfully

2020-06-09 00:21:30 - [TEST_STEP][PASSED] - callTestCase(findTestCase("PFI Precision and Scale/PFI Components with Indexing/VerifyDropdownValuesXPI"), ["FldNm":"submInd_1", "index":1, "CallTCName":"PFI Precision and Scale/HashMap Tables/ConstantHashMap", "cmbNm":"PresINd", ... ], STOP_ON_FAILURE): Call Test Case 'Test Cases/PFI Precision and Scale/PFI Components with Indexing/VerifyDropdownValuesXPI' successfully

2020-06-09 00:21:30 - [TEST_CASE][PASSED] - Test Cases/PFI Precision and Scale/PFI Components with Indexing/VerifyDropdownValuesXPI: Test Cases/PFI Precision and Scale/PFI Components with Indexing/VerifyDropdownValuesXPI

2020-06-09 00:21:30 - [TEST_STEP][PASSED] - Thread.sleep(1000): null

2020-06-09 00:21:31 - [TEST_STEP][PASSED] - NewInputNmField = modifyObjectProperty(findTestObject("Object Repository/Objects.HighlightElements/input_field_index"), "xpath", "equals", "(//*[contains(@name, '" + FldNm + "')])[" + index + "]", true): Modify property of object successfully

2020-06-09 00:21:31 - [MESSAGE][PASSED] - Modify property of object successfully

2020-06-09 00:21:31 - [TEST_STEP][PASSED] - comboNm = cmbNm: null

2020-06-09 00:21:31 - [TEST_STEP][PASSED] - focus(NewInputNmField): Object: 'Object Repository/Objects.HighlightElements/input_field_index' is focused

2020-06-09 00:21:31 - [MESSAGE][PASSED] - Object: 'Object Repository/Objects.HighlightElements/input_field_index' is focused

2020-06-09 00:21:31 - [TEST_STEP][PASSED] - setText(NewInputNmField, EnterValue): Text '' is set on object 'Object Repository/Objects.HighlightElements/input_field_index'

2020-06-09 00:21:31 - [MESSAGE][PASSED] - Text '' is set on object 'Object Repository/Objects.HighlightElements/input_field_index'

2020-06-09 00:21:31 - [TEST_STEP][PASSED] - for ([i = 1, i <= NoOfVal, (i++)]): Keys 'DOWN + ' sent to object: 'Object Repository/Objects.HighlightElements/input_field_index'

2020-06-09 00:21:31 - [TEST_STEP][PASSED] - sendKeys(NewInputNmField, Keys.chord(ARROW_DOWN)): Keys 'DOWN + ' sent to object: 'Object Repository/Objects.HighlightElements/input_field_index'

2020-06-09 00:21:31 - [MESSAGE][PASSED] - Keys 'DOWN + ' sent to object: 'Object Repository/Objects.HighlightElements/input_field_index'

2020-06-09 00:21:31 - [TEST_STEP][PASSED] - delay(DelayTime): Delayed 2 second(s)

2020-06-09 00:21:33 - [MESSAGE][PASSED] - Delayed 2 second(s)

2020-06-09 00:21:33 - [TEST_STEP][PASSED] - sendKeys(NewInputNmField, Keys.chord(ENTER)): Keys 'ENTER + ' sent to object: 'Object Repository/Objects.HighlightElements/input_field_index'

2020-06-09 00:21:33 - [MESSAGE][PASSED] - Keys 'ENTER + ' sent to object: 'Object Repository/Objects.HighlightElements/input_field_index'

2020-06-09 00:21:33 - [TEST_STEP][PASSED] - ComboBoxValue = getAttribute(NewInputNmField, "value"): Attribute 'value' of object 'Object Repository/Objects.HighlightElements/input_field_index' is: 'Yes'

2020-06-09 00:21:33 - [MESSAGE][PASSED] - Attribute 'value' of object 'Object Repository/Objects.HighlightElements/input_field_index' is: 'Yes'

2020-06-09 00:21:33 - [TEST_STEP][PASSED] - callTestCase(findTestCase(CallTCName), ["FindValue":ComboBoxValue, "DropdownNm":comboNm], STOP_ON_FAILURE): Call Test Case 'Test Cases/PFI Precision and Scale/HashMap Tables/ConstantHashMap' successfully

2020-06-09 00:21:33 - [TEST_CASE][PASSED] - Test Cases/PFI Precision and Scale/HashMap Tables/ConstantHashMap: Test Cases/PFI Precision and Scale/HashMap Tables/ConstantHashMap

2020-06-09 00:21:33 - [TEST_STEP][PASSED] - ConstantTBL = [1:["PeriodType":"Working Day(s)"], 2:["PeriodType":"Calendar Day(s)"], 3:["PeriodType":"Month(s)"], 4:["TypeOfLetter":"T1"], ... ]: null

2020-06-09 00:21:33 - [TEST_STEP][PASSED] - switch (DropdownNm): null

2020-06-09 00:21:33 - [TEST_STEP][PASSED] - case "PresINd":: null

2020-06-09 00:21:33 - [TEST_STEP][PASSED] - ValueFound = ConstantTBL.find({ -> ... }): null

2020-06-09 00:21:33 - [TEST_STEP][PASSED] - break: null

2020-06-09 00:21:33 - [MESSAGE][PASSED] - Call Test Case 'Test Cases/PFI Precision and Scale/HashMap Tables/ConstantHashMap' successfully

2020-06-09 00:21:33 - [TEST_STEP][PASSED] - println(ValueFound): null

2020-06-09 00:21:33 - [TEST_STEP][PASSED] - sendKeys(NewInputNmField, Keys.chord(ARROW_DOWN)): Keys 'DOWN + ' sent to object: 'Object Repository/Objects.HighlightElements/input_field_index'

2020-06-09 00:21:33 - [MESSAGE][PASSED] - Keys 'DOWN + ' sent to object: 'Object Repository/Objects.HighlightElements/input_field_index'

2020-06-09 00:21:33 - [TEST_STEP][PASSED] - sendKeys(NewInputNmField, Keys.chord(ARROW_DOWN)): Keys 'DOWN + ' sent to object: 'Object Repository/Objects.HighlightElements/input_field_index'

2020-06-09 00:21:33 - [MESSAGE][PASSED] - Keys 'DOWN + ' sent to object: 'Object Repository/Objects.HighlightElements/input_field_index'

2020-06-09 00:21:33 - [TEST_STEP][PASSED] - delay(DelayTime): Delayed 2 second(s)

2020-06-09 00:21:35 - [MESSAGE][PASSED] - Delayed 2 second(s)

2020-06-09 00:21:35 - [TEST_STEP][PASSED] - sendKeys(NewInputNmField, Keys.chord(ENTER)): Keys 'ENTER + ' sent to object: 'Object Repository/Objects.HighlightElements/input_field_index'

2020-06-09 00:21:35 - [MESSAGE][PASSED] - Keys 'ENTER + ' sent to object: 'Object Repository/Objects.HighlightElements/input_field_index'

2020-06-09 00:21:35 - [TEST_STEP][PASSED] - ComboBoxValue = getAttribute(NewInputNmField, "value"): Attribute 'value' of object 'Object Repository/Objects.HighlightElements/input_field_index' is: 'No'

2020-06-09 00:21:35 - [MESSAGE][PASSED] - Attribute 'value' of object 'Object Repository/Objects.HighlightElements/input_field_index' is: 'No'

2020-06-09 00:21:35 - [TEST_STEP][PASSED] - callTestCase(findTestCase(CallTCName), ["FindValue":ComboBoxValue, "DropdownNm":comboNm], STOP_ON_FAILURE): Call Test Case 'Test Cases/PFI Precision and Scale/HashMap Tables/ConstantHashMap' successfully

2020-06-09 00:21:35 - [TEST_CASE][PASSED] - Test Cases/PFI Precision and Scale/HashMap Tables/ConstantHashMap: Test Cases/PFI Precision and Scale/HashMap Tables/ConstantHashMap

2020-06-09 00:21:35 - [TEST_STEP][PASSED] - ConstantTBL = [1:["PeriodType":"Working Day(s)"], 2:["PeriodType":"Calendar Day(s)"], 3:["PeriodType":"Month(s)"], 4:["TypeOfLetter":"T1"], ... ]: null

2020-06-09 00:21:35 - [TEST_STEP][PASSED] - switch (DropdownNm): null

2020-06-09 00:21:35 - [TEST_STEP][PASSED] - case "PresINd":: null

2020-06-09 00:21:35 - [TEST_STEP][PASSED] - ValueFound = ConstantTBL.find({ -> ... }): null

2020-06-09 00:21:35 - [TEST_STEP][PASSED] - break: null

2020-06-09 00:21:35 - [MESSAGE][PASSED] - Call Test Case 'Test Cases/PFI Precision and Scale/HashMap Tables/ConstantHashMap' successfully

2020-06-09 00:21:35 - [TEST_STEP][PASSED] - println(ValueFound): null

2020-06-09 00:21:35 - [TEST_STEP][PASSED] - sendKeys(NewInputNmField, Keys.chord(ARROW_DOWN)): Keys 'DOWN + ' sent to object: 'Object Repository/Objects.HighlightElements/input_field_index'

2020-06-09 00:21:35 - [MESSAGE][PASSED] - Keys 'DOWN + ' sent to object: 'Object Repository/Objects.HighlightElements/input_field_index'

2020-06-09 00:21:35 - [TEST_STEP][PASSED] - sendKeys(NewInputNmField, Keys.chord(ENTER)): Keys 'ENTER + ' sent to object: 'Object Repository/Objects.HighlightElements/input_field_index'

2020-06-09 00:21:36 - [MESSAGE][PASSED] - Keys 'ENTER + ' sent to object: 'Object Repository/Objects.HighlightElements/input_field_index'

2020-06-09 00:21:36 - [MESSAGE][PASSED] - Call Test Case 'Test Cases/PFI Precision and Scale/PFI Components with Indexing/VerifyDropdownValuesXPI' successfully

2020-06-09 00:21:36 - [TEST_STEP][PASSED] - callTestCase(findTestCase("Components/SelectAllThenDeleteXPI"), ["nameToBeUsed":"submInd_1", "index":"1"], STOP_ON_FAILURE): Call Test Case 'Test Cases/Components/SelectAllThenDeleteXPI' successfully

2020-06-09 00:21:36 - [TEST_CASE][PASSED] - Test Cases/Components/SelectAllThenDeleteXPI: Test Cases/Components/SelectAllThenDeleteXPI

2020-06-09 00:21:36 - [TEST_STEP][PASSED] - Thread.sleep(1000): null

2020-06-09 00:21:37 - [TEST_STEP][PASSED] - modifiedObj = modifyObjectProperty(findTestObject("Object Repository/Objects.HighlightElements/input_field_index"), "xpath", "equals", "(//*[contains(@name,'" + nameToBeUsed + "')])[" + index + "]", true): Modify property of object successfully

2020-06-09 00:21:37 - [MESSAGE][PASSED] - Modify property of object successfully

2020-06-09 00:21:37 - [TEST_STEP][PASSED] - focus(modifiedObj): Object: 'Object Repository/Objects.HighlightElements/input_field_index' is focused

2020-06-09 00:21:37 - [MESSAGE][PASSED] - Object: 'Object Repository/Objects.HighlightElements/input_field_index' is focused

2020-06-09 00:21:37 - [TEST_STEP][PASSED] - sendKeys(modifiedObj, Keys.chord(CONTROL, "a")): Keys 'CONTROL + a' sent to object: 'Object Repository/Objects.HighlightElements/input_field_index'

2020-06-09 00:21:37 - [MESSAGE][PASSED] - Keys 'CONTROL + a' sent to object: 'Object Repository/Objects.HighlightElements/input_field_index'

2020-06-09 00:21:37 - [TEST_STEP][PASSED] - sendKeys(modifiedObj, Keys.chord(DELETE)): Keys 'DELETE + ' sent to object: 'Object Repository/Objects.HighlightElements/input_field_index'

2020-06-09 00:21:37 - [MESSAGE][PASSED] - Keys 'DELETE + ' sent to object: 'Object Repository/Objects.HighlightElements/input_field_index'

2020-06-09 00:21:37 - [MESSAGE][PASSED] - Call Test Case 'Test Cases/Components/SelectAllThenDeleteXPI' successfully

2020-06-09 00:21:37 - [TEST_STEP][PASSED] - callTestCase(findTestCase("PFI Precision and Scale/PFI Components with Indexing/RequiredFieldValidationXPI"), ["nameToBeUsed":"submInd_1", "index":1], STOP_ON_FAILURE): Call Test Case 'Test Cases/PFI Precision and Scale/PFI Components with Indexing/RequiredFieldValidationXPI' successfully

2020-06-09 00:21:37 - [TEST_CASE][PASSED] - Test Cases/PFI Precision and Scale/PFI Components with Indexing/RequiredFieldValidationXPI: Test Cases/PFI Precision and Scale/PFI Components with Indexing/RequiredFieldValidationXPI

2020-06-09 00:21:37 - [TEST_STEP][PASSED] - enableSmartWait(): null

2020-06-09 00:21:37 - [TEST_STEP][PASSED] - NewInputNmField = modifyObjectProperty(findTestObject("Objects.HighlightElements/input_field_index"), "xpath", "equals", "(//*[contains(@name,'" + nameToBeUsed + "')])[" + index + "]", true): Modify property of object successfully

2020-06-09 00:21:37 - [MESSAGE][PASSED] - Modify property of object successfully

2020-06-09 00:21:37 - [TEST_STEP][PASSED] - getRqErrMsg = getAttribute(NewInputNmField, "data-errorqtip"): Attribute 'data-errorqtip' of object 'Object Repository/Objects.HighlightElements/input_field_index' is: '<ul class="x-list-plain"><li>This field is required</li></ul>'

2020-06-09 00:21:37 - [MESSAGE][PASSED] - Attribute 'data-errorqtip' of object 'Object Repository/Objects.HighlightElements/input_field_index' is: '<ul class="x-list-plain"><li>This field is required</li></ul>'

2020-06-09 00:21:37 - [TEST_STEP][PASSED] - strToolTip = getRqErrMsg.substring(29, 61): null

2020-06-09 00:21:37 - [TEST_STEP][PASSED] - toolTipReqErrMsg = strToolTip.substring(0, 22): null

2020-06-09 00:21:37 - [TEST_STEP][PASSED] - verifyMatch(toolTipReqErrMsg, RqField, true): Actual text 'This field is required' and expected text 'This field is required' are matched  using regular expression

2020-06-09 00:21:37 - [MESSAGE][PASSED] - Actual text 'This field is required' and expected text 'This field is required' are matched  using regular expression

2020-06-09 00:21:37 - [TEST_STEP][PASSED] - delay(3): Delayed 3 second(s)

2020-06-09 00:21:40 - [MESSAGE][PASSED] - Delayed 3 second(s)

2020-06-09 00:21:40 - [TEST_STEP][PASSED] - mouseOver(NewInputNmField): Object: 'Object Repository/Objects.HighlightElements/input_field_index' is hovered

2020-06-09 00:21:40 - [MESSAGE][PASSED] - Object: 'Object Repository/Objects.HighlightElements/input_field_index' is hovered

2020-06-09 00:21:40 - [MESSAGE][PASSED] - Call Test Case 'Test Cases/PFI Precision and Scale/PFI Components with Indexing/RequiredFieldValidationXPI' successfully

2020-06-09 00:21:40 - [TEST_STEP][PASSED] - callTestCase(findTestCase("Components/HighlightInputFieldXPI"), ["FldNm":"submInd_2", "index":1], STOP_ON_FAILURE): Call Test Case 'Test Cases/Components/HighlightInputFieldXPI' successfully

2020-06-09 00:21:40 - [TEST_CASE][PASSED] - Test Cases/Components/HighlightInputFieldXPI: Test Cases/Components/HighlightInputFieldXPI

2020-06-09 00:21:40 - [TEST_STEP][PASSED] - Thread.sleep(1000): null

2020-06-09 00:21:41 - [TEST_STEP][PASSED] - modifiedInputNm = modifyObjectProperty(findTestObject("Object Repository/Objects.HighlightElements/input_field_index"), "xpath", "equals", "(//*[contains(@name, '" + FldNm + "')])[" + index + "]", true): Modify property of object successfully

2020-06-09 00:21:41 - [MESSAGE][PASSED] - Modify property of object successfully

2020-06-09 00:21:41 - [TEST_STEP][PASSED] - com.reusableComponents.HighlightElement.run(modifiedInputNm): com.reusableComponents.HighlightElement.run is PASSED

2020-06-09 00:21:42 - [MESSAGE][PASSED] - com.reusableComponents.HighlightElement.run is PASSED

2020-06-09 00:21:42 - [MESSAGE][PASSED] - Call Test Case 'Test Cases/Components/HighlightInputFieldXPI' successfully

2020-06-09 00:21:42 - [TEST_STEP][PASSED] - callTestCase(findTestCase("PFI Precision and Scale/PFI Components with Indexing/VerifyDropdownValuesXPI"), ["FldNm":"submInd_2", "index":1, "CallTCName":"PFI Precision and Scale/HashMap Tables/ConstantHashMap", "cmbNm":"PresINd", ... ], STOP_ON_FAILURE): Call Test Case 'Test Cases/PFI Precision and Scale/PFI Components with Indexing/VerifyDropdownValuesXPI' successfully

2020-06-09 00:21:42 - [TEST_CASE][PASSED] - Test Cases/PFI Precision and Scale/PFI Components with Indexing/VerifyDropdownValuesXPI: Test Cases/PFI Precision and Scale/PFI Components with Indexing/VerifyDropdownValuesXPI

2020-06-09 00:21:42 - [TEST_STEP][PASSED] - Thread.sleep(1000): null

2020-06-09 00:21:43 - [TEST_STEP][PASSED] - NewInputNmField = modifyObjectProperty(findTestObject("Object Repository/Objects.HighlightElements/input_field_index"), "xpath", "equals", "(//*[contains(@name, '" + FldNm + "')])[" + index + "]", true): Modify property of object successfully

2020-06-09 00:21:43 - [MESSAGE][PASSED] - Modify property of object successfully

2020-06-09 00:21:43 - [TEST_STEP][PASSED] - comboNm = cmbNm: null

2020-06-09 00:21:43 - [TEST_STEP][PASSED] - focus(NewInputNmField): Object: 'Object Repository/Objects.HighlightElements/input_field_index' is focused

2020-06-09 00:21:43 - [MESSAGE][PASSED] - Object: 'Object Repository/Objects.HighlightElements/input_field_index' is focused

2020-06-09 00:21:43 - [TEST_STEP][PASSED] - setText(NewInputNmField, EnterValue): Text '' is set on object 'Object Repository/Objects.HighlightElements/input_field_index'

2020-06-09 00:21:43 - [MESSAGE][PASSED] - Text '' is set on object 'Object Repository/Objects.HighlightElements/input_field_index'

2020-06-09 00:21:43 - [TEST_STEP][PASSED] - for ([i = 1, i <= NoOfVal, (i++)]): Keys 'DOWN + ' sent to object: 'Object Repository/Objects.HighlightElements/input_field_index'

2020-06-09 00:21:43 - [TEST_STEP][PASSED] - sendKeys(NewInputNmField, Keys.chord(ARROW_DOWN)): Keys 'DOWN + ' sent to object: 'Object Repository/Objects.HighlightElements/input_field_index'

2020-06-09 00:21:43 - [MESSAGE][PASSED] - Keys 'DOWN + ' sent to object: 'Object Repository/Objects.HighlightElements/input_field_index'

2020-06-09 00:21:43 - [TEST_STEP][PASSED] - delay(DelayTime): Delayed 2 second(s)

2020-06-09 00:21:45 - [MESSAGE][PASSED] - Delayed 2 second(s)

2020-06-09 00:21:45 - [TEST_STEP][PASSED] - sendKeys(NewInputNmField, Keys.chord(ENTER)): Keys 'ENTER + ' sent to object: 'Object Repository/Objects.HighlightElements/input_field_index'

2020-06-09 00:21:45 - [MESSAGE][PASSED] - Keys 'ENTER + ' sent to object: 'Object Repository/Objects.HighlightElements/input_field_index'

2020-06-09 00:21:45 - [TEST_STEP][PASSED] - ComboBoxValue = getAttribute(NewInputNmField, "value"): Attribute 'value' of object 'Object Repository/Objects.HighlightElements/input_field_index' is: 'Yes'

2020-06-09 00:21:45 - [MESSAGE][PASSED] - Attribute 'value' of object 'Object Repository/Objects.HighlightElements/input_field_index' is: 'Yes'

2020-06-09 00:21:45 - [TEST_STEP][PASSED] - callTestCase(findTestCase(CallTCName), ["FindValue":ComboBoxValue, "DropdownNm":comboNm], STOP_ON_FAILURE): Call Test Case 'Test Cases/PFI Precision and Scale/HashMap Tables/ConstantHashMap' successfully

2020-06-09 00:21:45 - [TEST_CASE][PASSED] - Test Cases/PFI Precision and Scale/HashMap Tables/ConstantHashMap: Test Cases/PFI Precision and Scale/HashMap Tables/ConstantHashMap

2020-06-09 00:21:45 - [TEST_STEP][PASSED] - ConstantTBL = [1:["PeriodType":"Working Day(s)"], 2:["PeriodType":"Calendar Day(s)"], 3:["PeriodType":"Month(s)"], 4:["TypeOfLetter":"T1"], ... ]: null

2020-06-09 00:21:45 - [TEST_STEP][PASSED] - switch (DropdownNm): null

2020-06-09 00:21:45 - [TEST_STEP][PASSED] - case "PresINd":: null

2020-06-09 00:21:45 - [TEST_STEP][PASSED] - ValueFound = ConstantTBL.find({ -> ... }): null

2020-06-09 00:21:45 - [TEST_STEP][PASSED] - break: null

2020-06-09 00:21:45 - [MESSAGE][PASSED] - Call Test Case 'Test Cases/PFI Precision and Scale/HashMap Tables/ConstantHashMap' successfully

2020-06-09 00:21:45 - [TEST_STEP][PASSED] - println(ValueFound): null

2020-06-09 00:21:45 - [TEST_STEP][PASSED] - sendKeys(NewInputNmField, Keys.chord(ARROW_DOWN)): Keys 'DOWN + ' sent to object: 'Object Repository/Objects.HighlightElements/input_field_index'

2020-06-09 00:21:45 - [MESSAGE][PASSED] - Keys 'DOWN + ' sent to object: 'Object Repository/Objects.HighlightElements/input_field_index'

2020-06-09 00:21:45 - [TEST_STEP][PASSED] - sendKeys(NewInputNmField, Keys.chord(ARROW_DOWN)): Keys 'DOWN + ' sent to object: 'Object Repository/Objects.HighlightElements/input_field_index'

2020-06-09 00:21:45 - [MESSAGE][PASSED] - Keys 'DOWN + ' sent to object: 'Object Repository/Objects.HighlightElements/input_field_index'

2020-06-09 00:21:45 - [TEST_STEP][PASSED] - delay(DelayTime): Delayed 2 second(s)

2020-06-09 00:21:47 - [MESSAGE][PASSED] - Delayed 2 second(s)

2020-06-09 00:21:47 - [TEST_STEP][PASSED] - sendKeys(NewInputNmField, Keys.chord(ENTER)): Keys 'ENTER + ' sent to object: 'Object Repository/Objects.HighlightElements/input_field_index'

2020-06-09 00:21:48 - [MESSAGE][PASSED] - Keys 'ENTER + ' sent to object: 'Object Repository/Objects.HighlightElements/input_field_index'

2020-06-09 00:21:48 - [TEST_STEP][PASSED] - ComboBoxValue = getAttribute(NewInputNmField, "value"): Attribute 'value' of object 'Object Repository/Objects.HighlightElements/input_field_index' is: 'No'

2020-06-09 00:21:48 - [MESSAGE][PASSED] - Attribute 'value' of object 'Object Repository/Objects.HighlightElements/input_field_index' is: 'No'

2020-06-09 00:21:48 - [TEST_STEP][PASSED] - callTestCase(findTestCase(CallTCName), ["FindValue":ComboBoxValue, "DropdownNm":comboNm], STOP_ON_FAILURE): Call Test Case 'Test Cases/PFI Precision and Scale/HashMap Tables/ConstantHashMap' successfully

2020-06-09 00:21:48 - [TEST_CASE][PASSED] - Test Cases/PFI Precision and Scale/HashMap Tables/ConstantHashMap: Test Cases/PFI Precision and Scale/HashMap Tables/ConstantHashMap

2020-06-09 00:21:48 - [TEST_STEP][PASSED] - ConstantTBL = [1:["PeriodType":"Working Day(s)"], 2:["PeriodType":"Calendar Day(s)"], 3:["PeriodType":"Month(s)"], 4:["TypeOfLetter":"T1"], ... ]: null

2020-06-09 00:21:48 - [TEST_STEP][PASSED] - switch (DropdownNm): null

2020-06-09 00:21:48 - [TEST_STEP][PASSED] - case "PresINd":: null

2020-06-09 00:21:48 - [TEST_STEP][PASSED] - ValueFound = ConstantTBL.find({ -> ... }): null

2020-06-09 00:21:48 - [TEST_STEP][PASSED] - break: null

2020-06-09 00:21:48 - [MESSAGE][PASSED] - Call Test Case 'Test Cases/PFI Precision and Scale/HashMap Tables/ConstantHashMap' successfully

2020-06-09 00:21:48 - [TEST_STEP][PASSED] - println(ValueFound): null

2020-06-09 00:21:48 - [TEST_STEP][PASSED] - sendKeys(NewInputNmField, Keys.chord(ARROW_DOWN)): Keys 'DOWN + ' sent to object: 'Object Repository/Objects.HighlightElements/input_field_index'

2020-06-09 00:21:48 - [MESSAGE][PASSED] - Keys 'DOWN + ' sent to object: 'Object Repository/Objects.HighlightElements/input_field_index'

2020-06-09 00:21:48 - [TEST_STEP][PASSED] - sendKeys(NewInputNmField, Keys.chord(ENTER)): Keys 'ENTER + ' sent to object: 'Object Repository/Objects.HighlightElements/input_field_index'

2020-06-09 00:21:48 - [MESSAGE][PASSED] - Keys 'ENTER + ' sent to object: 'Object Repository/Objects.HighlightElements/input_field_index'

2020-06-09 00:21:48 - [MESSAGE][PASSED] - Call Test Case 'Test Cases/PFI Precision and Scale/PFI Components with Indexing/VerifyDropdownValuesXPI' successfully

2020-06-09 00:21:48 - [TEST_STEP][PASSED] - callTestCase(findTestCase("Components/SelectAllThenDeleteXPI"), ["nameToBeUsed":"submInd_2", "index":1], STOP_ON_FAILURE): Call Test Case 'Test Cases/Components/SelectAllThenDeleteXPI' successfully

2020-06-09 00:21:48 - [TEST_CASE][PASSED] - Test Cases/Components/SelectAllThenDeleteXPI: Test Cases/Components/SelectAllThenDeleteXPI

2020-06-09 00:21:48 - [TEST_STEP][PASSED] - Thread.sleep(1000): null

2020-06-09 00:21:49 - [TEST_STEP][PASSED] - modifiedObj = modifyObjectProperty(findTestObject("Object Repository/Objects.HighlightElements/input_field_index"), "xpath", "equals", "(//*[contains(@name,'" + nameToBeUsed + "')])[" + index + "]", true): Modify property of object successfully

2020-06-09 00:21:49 - [MESSAGE][PASSED] - Modify property of object successfully

2020-06-09 00:21:49 - [TEST_STEP][PASSED] - focus(modifiedObj): Object: 'Object Repository/Objects.HighlightElements/input_field_index' is focused

2020-06-09 00:21:49 - [MESSAGE][PASSED] - Object: 'Object Repository/Objects.HighlightElements/input_field_index' is focused

2020-06-09 00:21:49 - [TEST_STEP][PASSED] - sendKeys(modifiedObj, Keys.chord(CONTROL, "a")): Keys 'CONTROL + a' sent to object: 'Object Repository/Objects.HighlightElements/input_field_index'

2020-06-09 00:21:49 - [MESSAGE][PASSED] - Keys 'CONTROL + a' sent to object: 'Object Repository/Objects.HighlightElements/input_field_index'

2020-06-09 00:21:49 - [TEST_STEP][PASSED] - sendKeys(modifiedObj, Keys.chord(DELETE)): Keys 'DELETE + ' sent to object: 'Object Repository/Objects.HighlightElements/input_field_index'

2020-06-09 00:21:49 - [MESSAGE][PASSED] - Keys 'DELETE + ' sent to object: 'Object Repository/Objects.HighlightElements/input_field_index'

2020-06-09 00:21:49 - [MESSAGE][PASSED] - Call Test Case 'Test Cases/Components/SelectAllThenDeleteXPI' successfully

2020-06-09 00:21:49 - [TEST_STEP][PASSED] - callTestCase(findTestCase("PFI Precision and Scale/PFI Components with Indexing/RequiredFieldValidationXPI"), ["nameToBeUsed":"submInd_2", "index":1], STOP_ON_FAILURE): Call Test Case 'Test Cases/PFI Precision and Scale/PFI Components with Indexing/RequiredFieldValidationXPI' successfully

2020-06-09 00:21:49 - [TEST_CASE][PASSED] - Test Cases/PFI Precision and Scale/PFI Components with Indexing/RequiredFieldValidationXPI: Test Cases/PFI Precision and Scale/PFI Components with Indexing/RequiredFieldValidationXPI

2020-06-09 00:21:49 - [TEST_STEP][PASSED] - enableSmartWait(): null

2020-06-09 00:21:49 - [TEST_STEP][PASSED] - NewInputNmField = modifyObjectProperty(findTestObject("Objects.HighlightElements/input_field_index"), "xpath", "equals", "(//*[contains(@name,'" + nameToBeUsed + "')])[" + index + "]", true): Modify property of object successfully

2020-06-09 00:21:49 - [MESSAGE][PASSED] - Modify property of object successfully

2020-06-09 00:21:49 - [TEST_STEP][PASSED] - getRqErrMsg = getAttribute(NewInputNmField, "data-errorqtip"): Attribute 'data-errorqtip' of object 'Object Repository/Objects.HighlightElements/input_field_index' is: '<ul class="x-list-plain"><li>This field is required</li></ul>'

2020-06-09 00:21:49 - [MESSAGE][PASSED] - Attribute 'data-errorqtip' of object 'Object Repository/Objects.HighlightElements/input_field_index' is: '<ul class="x-list-plain"><li>This field is required</li></ul>'

2020-06-09 00:21:49 - [TEST_STEP][PASSED] - strToolTip = getRqErrMsg.substring(29, 61): null

2020-06-09 00:21:49 - [TEST_STEP][PASSED] - toolTipReqErrMsg = strToolTip.substring(0, 22): null

2020-06-09 00:21:49 - [TEST_STEP][PASSED] - verifyMatch(toolTipReqErrMsg, RqField, true): Actual text 'This field is required' and expected text 'This field is required' are matched  using regular expression

2020-06-09 00:21:49 - [MESSAGE][PASSED] - Actual text 'This field is required' and expected text 'This field is required' are matched  using regular expression

2020-06-09 00:21:49 - [TEST_STEP][PASSED] - delay(3): Delayed 3 second(s)

2020-06-09 00:21:52 - [MESSAGE][PASSED] - Delayed 3 second(s)

2020-06-09 00:21:52 - [TEST_STEP][PASSED] - mouseOver(NewInputNmField): Object: 'Object Repository/Objects.HighlightElements/input_field_index' is hovered

2020-06-09 00:21:52 - [MESSAGE][PASSED] - Object: 'Object Repository/Objects.HighlightElements/input_field_index' is hovered

2020-06-09 00:21:52 - [MESSAGE][PASSED] - Call Test Case 'Test Cases/PFI Precision and Scale/PFI Components with Indexing/RequiredFieldValidationXPI' successfully

2020-06-09 00:21:52 - [TEST_STEP][PASSED] - callTestCase(findTestCase("Components/HighlightInputFieldXPI"), ["FldNm":"submInd_3", "index":1], STOP_ON_FAILURE): Call Test Case 'Test Cases/Components/HighlightInputFieldXPI' successfully

2020-06-09 00:21:52 - [TEST_CASE][PASSED] - Test Cases/Components/HighlightInputFieldXPI: Test Cases/Components/HighlightInputFieldXPI

2020-06-09 00:21:52 - [TEST_STEP][PASSED] - Thread.sleep(1000): null

2020-06-09 00:21:53 - [TEST_STEP][PASSED] - modifiedInputNm = modifyObjectProperty(findTestObject("Object Repository/Objects.HighlightElements/input_field_index"), "xpath", "equals", "(//*[contains(@name, '" + FldNm + "')])[" + index + "]", true): Modify property of object successfully

2020-06-09 00:21:53 - [MESSAGE][PASSED] - Modify property of object successfully

2020-06-09 00:21:53 - [TEST_STEP][PASSED] - com.reusableComponents.HighlightElement.run(modifiedInputNm): com.reusableComponents.HighlightElement.run is PASSED

2020-06-09 00:21:54 - [MESSAGE][PASSED] - com.reusableComponents.HighlightElement.run is PASSED

2020-06-09 00:21:54 - [MESSAGE][PASSED] - Call Test Case 'Test Cases/Components/HighlightInputFieldXPI' successfully

2020-06-09 00:21:54 - [TEST_STEP][PASSED] - callTestCase(findTestCase("PFI Precision and Scale/PFI Components with Indexing/VerifyDropdownValuesXPI"), ["FldNm":"submInd_3", "index":1, "CallTCName":"PFI Precision and Scale/HashMap Tables/ConstantHashMap", "cmbNm":"PresINd", ... ], STOP_ON_FAILURE): Call Test Case 'Test Cases/PFI Precision and Scale/PFI Components with Indexing/VerifyDropdownValuesXPI' successfully

2020-06-09 00:21:54 - [TEST_CASE][PASSED] - Test Cases/PFI Precision and Scale/PFI Components with Indexing/VerifyDropdownValuesXPI: Test Cases/PFI Precision and Scale/PFI Components with Indexing/VerifyDropdownValuesXPI

2020-06-09 00:21:54 - [TEST_STEP][PASSED] - Thread.sleep(1000): null

2020-06-09 00:21:55 - [TEST_STEP][PASSED] - NewInputNmField = modifyObjectProperty(findTestObject("Object Repository/Objects.HighlightElements/input_field_index"), "xpath", "equals", "(//*[contains(@name, '" + FldNm + "')])[" + index + "]", true): Modify property of object successfully

2020-06-09 00:21:55 - [MESSAGE][PASSED] - Modify property of object successfully

2020-06-09 00:21:55 - [TEST_STEP][PASSED] - comboNm = cmbNm: null

2020-06-09 00:21:55 - [TEST_STEP][PASSED] - focus(NewInputNmField): Object: 'Object Repository/Objects.HighlightElements/input_field_index' is focused

2020-06-09 00:21:55 - [MESSAGE][PASSED] - Object: 'Object Repository/Objects.HighlightElements/input_field_index' is focused

2020-06-09 00:21:55 - [TEST_STEP][PASSED] - setText(NewInputNmField, EnterValue): Text '' is set on object 'Object Repository/Objects.HighlightElements/input_field_index'

2020-06-09 00:21:55 - [MESSAGE][PASSED] - Text '' is set on object 'Object Repository/Objects.HighlightElements/input_field_index'

2020-06-09 00:21:55 - [TEST_STEP][PASSED] - for ([i = 1, i <= NoOfVal, (i++)]): Keys 'DOWN + ' sent to object: 'Object Repository/Objects.HighlightElements/input_field_index'

2020-06-09 00:21:55 - [TEST_STEP][PASSED] - sendKeys(NewInputNmField, Keys.chord(ARROW_DOWN)): Keys 'DOWN + ' sent to object: 'Object Repository/Objects.HighlightElements/input_field_index'

2020-06-09 00:21:55 - [MESSAGE][PASSED] - Keys 'DOWN + ' sent to object: 'Object Repository/Objects.HighlightElements/input_field_index'

2020-06-09 00:21:55 - [TEST_STEP][PASSED] - delay(DelayTime): Delayed 2 second(s)

2020-06-09 00:21:57 - [MESSAGE][PASSED] - Delayed 2 second(s)

2020-06-09 00:21:57 - [TEST_STEP][PASSED] - sendKeys(NewInputNmField, Keys.chord(ENTER)): Keys 'ENTER + ' sent to object: 'Object Repository/Objects.HighlightElements/input_field_index'

2020-06-09 00:21:57 - [MESSAGE][PASSED] - Keys 'ENTER + ' sent to object: 'Object Repository/Objects.HighlightElements/input_field_index'

2020-06-09 00:21:57 - [TEST_STEP][PASSED] - ComboBoxValue = getAttribute(NewInputNmField, "value"): Attribute 'value' of object 'Object Repository/Objects.HighlightElements/input_field_index' is: 'Yes'

2020-06-09 00:21:57 - [MESSAGE][PASSED] - Attribute 'value' of object 'Object Repository/Objects.HighlightElements/input_field_index' is: 'Yes'

2020-06-09 00:21:57 - [TEST_STEP][PASSED] - callTestCase(findTestCase(CallTCName), ["FindValue":ComboBoxValue, "DropdownNm":comboNm], STOP_ON_FAILURE): Call Test Case 'Test Cases/PFI Precision and Scale/HashMap Tables/ConstantHashMap' successfully

2020-06-09 00:21:57 - [TEST_CASE][PASSED] - Test Cases/PFI Precision and Scale/HashMap Tables/ConstantHashMap: Test Cases/PFI Precision and Scale/HashMap Tables/ConstantHashMap

2020-06-09 00:21:57 - [TEST_STEP][PASSED] - ConstantTBL = [1:["PeriodType":"Working Day(s)"], 2:["PeriodType":"Calendar Day(s)"], 3:["PeriodType":"Month(s)"], 4:["TypeOfLetter":"T1"], ... ]: null

2020-06-09 00:21:57 - [TEST_STEP][PASSED] - switch (DropdownNm): null

2020-06-09 00:21:57 - [TEST_STEP][PASSED] - case "PresINd":: null

2020-06-09 00:21:57 - [TEST_STEP][PASSED] - ValueFound = ConstantTBL.find({ -> ... }): null

2020-06-09 00:21:57 - [TEST_STEP][PASSED] - break: null

2020-06-09 00:21:57 - [MESSAGE][PASSED] - Call Test Case 'Test Cases/PFI Precision and Scale/HashMap Tables/ConstantHashMap' successfully

2020-06-09 00:21:57 - [TEST_STEP][PASSED] - println(ValueFound): null

2020-06-09 00:21:57 - [TEST_STEP][PASSED] - sendKeys(NewInputNmField, Keys.chord(ARROW_DOWN)): Keys 'DOWN + ' sent to object: 'Object Repository/Objects.HighlightElements/input_field_index'

2020-06-09 00:21:58 - [MESSAGE][PASSED] - Keys 'DOWN + ' sent to object: 'Object Repository/Objects.HighlightElements/input_field_index'

2020-06-09 00:21:58 - [TEST_STEP][PASSED] - sendKeys(NewInputNmField, Keys.chord(ARROW_DOWN)): Keys 'DOWN + ' sent to object: 'Object Repository/Objects.HighlightElements/input_field_index'

2020-06-09 00:21:58 - [MESSAGE][PASSED] - Keys 'DOWN + ' sent to object: 'Object Repository/Objects.HighlightElements/input_field_index'

2020-06-09 00:21:58 - [TEST_STEP][PASSED] - delay(DelayTime): Delayed 2 second(s)

2020-06-09 00:22:00 - [MESSAGE][PASSED] - Delayed 2 second(s)

2020-06-09 00:22:00 - [TEST_STEP][PASSED] - sendKeys(NewInputNmField, Keys.chord(ENTER)): Keys 'ENTER + ' sent to object: 'Object Repository/Objects.HighlightElements/input_field_index'

2020-06-09 00:22:01 - [MESSAGE][PASSED] - Keys 'ENTER + ' sent to object: 'Object Repository/Objects.HighlightElements/input_field_index'

2020-06-09 00:22:01 - [TEST_STEP][PASSED] - ComboBoxValue = getAttribute(NewInputNmField, "value"): Attribute 'value' of object 'Object Repository/Objects.HighlightElements/input_field_index' is: 'No'

2020-06-09 00:22:03 - [MESSAGE][PASSED] - Attribute 'value' of object 'Object Repository/Objects.HighlightElements/input_field_index' is: 'No'

2020-06-09 00:22:03 - [TEST_STEP][PASSED] - callTestCase(findTestCase(CallTCName), ["FindValue":ComboBoxValue, "DropdownNm":comboNm], STOP_ON_FAILURE): Call Test Case 'Test Cases/PFI Precision and Scale/HashMap Tables/ConstantHashMap' successfully

2020-06-09 00:22:08 - [TEST_CASE][PASSED] - Test Cases/PFI Precision and Scale/HashMap Tables/ConstantHashMap: Test Cases/PFI Precision and Scale/HashMap Tables/ConstantHashMap

2020-06-09 00:22:11 - [TEST_STEP][PASSED] - ConstantTBL = [1:["PeriodType":"Working Day(s)"], 2:["PeriodType":"Calendar Day(s)"], 3:["PeriodType":"Month(s)"], 4:["TypeOfLetter":"T1"], ... ]: null

2020-06-09 00:22:11 - [TEST_STEP][PASSED] - switch (DropdownNm): null

2020-06-09 00:22:11 - [TEST_STEP][PASSED] - case "PresINd":: null

2020-06-09 00:22:11 - [TEST_STEP][PASSED] - ValueFound = ConstantTBL.find({ -> ... }): null

2020-06-09 00:22:11 - [TEST_STEP][PASSED] - break: null

2020-06-09 00:22:11 - [MESSAGE][PASSED] - Call Test Case 'Test Cases/PFI Precision and Scale/HashMap Tables/ConstantHashMap' successfully

2020-06-09 00:22:11 - [TEST_STEP][PASSED] - println(ValueFound): null

2020-06-09 00:22:11 - [TEST_STEP][PASSED] - sendKeys(NewInputNmField, Keys.chord(ARROW_DOWN)): Keys 'DOWN + ' sent to object: 'Object Repository/Objects.HighlightElements/input_field_index'

2020-06-09 00:22:13 - [MESSAGE][PASSED] - Keys 'DOWN + ' sent to object: 'Object Repository/Objects.HighlightElements/input_field_index'

2020-06-09 00:22:13 - [TEST_STEP][PASSED] - sendKeys(NewInputNmField, Keys.chord(ENTER)): Keys 'ENTER + ' sent to object: 'Object Repository/Objects.HighlightElements/input_field_index'

2020-06-09 00:22:15 - [MESSAGE][PASSED] - Keys 'ENTER + ' sent to object: 'Object Repository/Objects.HighlightElements/input_field_index'

2020-06-09 00:22:15 - [MESSAGE][PASSED] - Call Test Case 'Test Cases/PFI Precision and Scale/PFI Components with Indexing/VerifyDropdownValuesXPI' successfully

2020-06-09 00:22:15 - [TEST_STEP][PASSED] - callTestCase(findTestCase("Components/SelectAllThenDeleteXPI"), ["nameToBeUsed":"submInd_3", "index":"1"], STOP_ON_FAILURE): Call Test Case 'Test Cases/Components/SelectAllThenDeleteXPI' successfully

2020-06-09 00:22:25 - [TEST_CASE][PASSED] - Test Cases/Components/SelectAllThenDeleteXPI: Test Cases/Components/SelectAllThenDeleteXPI

2020-06-09 00:22:29 - [TEST_STEP][PASSED] - Thread.sleep(1000): null

2020-06-09 00:22:30 - [TEST_STEP][PASSED] - modifiedObj = modifyObjectProperty(findTestObject("Object Repository/Objects.HighlightElements/input_field_index"), "xpath", "equals", "(//*[contains(@name,'" + nameToBeUsed + "')])[" + index + "]", true): Modify property of object successfully

2020-06-09 00:22:49 - [MESSAGE][PASSED] - Modify property of object successfully

2020-06-09 00:22:49 - [TEST_STEP][PASSED] - focus(modifiedObj): Object: 'Object Repository/Objects.HighlightElements/input_field_index' is focused

2020-06-09 00:22:49 - [MESSAGE][PASSED] - Object: 'Object Repository/Objects.HighlightElements/input_field_index' is focused

2020-06-09 00:22:49 - [TEST_STEP][PASSED] - sendKeys(modifiedObj, Keys.chord(CONTROL, "a")): Keys 'CONTROL + a' sent to object: 'Object Repository/Objects.HighlightElements/input_field_index'

2020-06-09 00:22:49 - [MESSAGE][PASSED] - Keys 'CONTROL + a' sent to object: 'Object Repository/Objects.HighlightElements/input_field_index'

2020-06-09 00:22:49 - [TEST_STEP][PASSED] - sendKeys(modifiedObj, Keys.chord(DELETE)): Keys 'DELETE + ' sent to object: 'Object Repository/Objects.HighlightElements/input_field_index'

2020-06-09 00:22:50 - [MESSAGE][PASSED] - Keys 'DELETE + ' sent to object: 'Object Repository/Objects.HighlightElements/input_field_index'

2020-06-09 00:22:50 - [MESSAGE][PASSED] - Call Test Case 'Test Cases/Components/SelectAllThenDeleteXPI' successfully

2020-06-09 00:22:50 - [TEST_STEP][PASSED] - callTestCase(findTestCase("PFI Precision and Scale/PFI Components with Indexing/RequiredFieldValidationXPI"), ["nameToBeUsed":"submInd_3", "index":1], STOP_ON_FAILURE): Call Test Case 'Test Cases/PFI Precision and Scale/PFI Components with Indexing/RequiredFieldValidationXPI' successfully

2020-06-09 00:22:50 - [TEST_CASE][PASSED] - Test Cases/PFI Precision and Scale/PFI Components with Indexing/RequiredFieldValidationXPI: Test Cases/PFI Precision and Scale/PFI Components with Indexing/RequiredFieldValidationXPI

2020-06-09 00:22:50 - [TEST_STEP][PASSED] - enableSmartWait(): null

2020-06-09 00:22:50 - [TEST_STEP][PASSED] - NewInputNmField = modifyObjectProperty(findTestObject("Objects.HighlightElements/input_field_index"), "xpath", "equals", "(//*[contains(@name,'" + nameToBeUsed + "')])[" + index + "]", true): Modify property of object successfully

2020-06-09 00:22:50 - [MESSAGE][PASSED] - Modify property of object successfully

2020-06-09 00:22:50 - [TEST_STEP][PASSED] - getRqErrMsg = getAttribute(NewInputNmField, "data-errorqtip"): Attribute 'data-errorqtip' of object 'Object Repository/Objects.HighlightElements/input_field_index' is: '<ul class="x-list-plain"><li>This field is required</li></ul>'

2020-06-09 00:22:50 - [MESSAGE][PASSED] - Attribute 'data-errorqtip' of object 'Object Repository/Objects.HighlightElements/input_field_index' is: '<ul class="x-list-plain"><li>This field is required</li></ul>'

2020-06-09 00:22:50 - [TEST_STEP][PASSED] - strToolTip = getRqErrMsg.substring(29, 61): null

2020-06-09 00:22:50 - [TEST_STEP][PASSED] - toolTipReqErrMsg = strToolTip.substring(0, 22): null

2020-06-09 00:22:50 - [TEST_STEP][PASSED] - verifyMatch(toolTipReqErrMsg, RqField, true): Actual text 'This field is required' and expected text 'This field is required' are matched  using regular expression

2020-06-09 00:22:50 - [MESSAGE][PASSED] - Actual text 'This field is required' and expected text 'This field is required' are matched  using regular expression

2020-06-09 00:22:50 - [TEST_STEP][PASSED] - delay(3): Delayed 3 second(s)

2020-06-09 00:22:53 - [MESSAGE][PASSED] - Delayed 3 second(s)

2020-06-09 00:22:53 - [TEST_STEP][PASSED] - mouseOver(NewInputNmField): Object: 'Object Repository/Objects.HighlightElements/input_field_index' is hovered

2020-06-09 00:22:53 - [MESSAGE][PASSED] - Object: 'Object Repository/Objects.HighlightElements/input_field_index' is hovered

2020-06-09 00:22:53 - [MESSAGE][PASSED] - Call Test Case 'Test Cases/PFI Precision and Scale/PFI Components with Indexing/RequiredFieldValidationXPI' successfully

2020-06-09 00:22:53 - [TEST_STEP][PASSED] - callTestCase(findTestCase("Components/HighlightInputFieldXPI"), ["FldNm":"submInd_4", "index":1], STOP_ON_FAILURE): Call Test Case 'Test Cases/Components/HighlightInputFieldXPI' successfully

2020-06-09 00:22:53 - [TEST_CASE][PASSED] - Test Cases/Components/HighlightInputFieldXPI: Test Cases/Components/HighlightInputFieldXPI

2020-06-09 00:22:53 - [TEST_STEP][PASSED] - Thread.sleep(1000): null

2020-06-09 00:22:54 - [TEST_STEP][PASSED] - modifiedInputNm = modifyObjectProperty(findTestObject("Object Repository/Objects.HighlightElements/input_field_index"), "xpath", "equals", "(//*[contains(@name, '" + FldNm + "')])[" + index + "]", true): Modify property of object successfully

2020-06-09 00:22:54 - [MESSAGE][PASSED] - Modify property of object successfully

2020-06-09 00:22:54 - [TEST_STEP][PASSED] - com.reusableComponents.HighlightElement.run(modifiedInputNm): com.reusableComponents.HighlightElement.run is PASSED

2020-06-09 00:22:54 - [MESSAGE][PASSED] - com.reusableComponents.HighlightElement.run is PASSED

2020-06-09 00:22:54 - [MESSAGE][PASSED] - Call Test Case 'Test Cases/Components/HighlightInputFieldXPI' successfully

2020-06-09 00:22:54 - [TEST_STEP][PASSED] - callTestCase(findTestCase("PFI Precision and Scale/PFI Components with Indexing/VerifyDropdownValuesXPI"), ["FldNm":"submInd_4", "index":1, "CallTCName":"PFI Precision and Scale/HashMap Tables/ConstantHashMap", "cmbNm":"PresINd", ... ], STOP_ON_FAILURE): Call Test Case 'Test Cases/PFI Precision and Scale/PFI Components with Indexing/VerifyDropdownValuesXPI' successfully

2020-06-09 00:22:54 - [TEST_CASE][PASSED] - Test Cases/PFI Precision and Scale/PFI Components with Indexing/VerifyDropdownValuesXPI: Test Cases/PFI Precision and Scale/PFI Components with Indexing/VerifyDropdownValuesXPI

2020-06-09 00:22:54 - [TEST_STEP][PASSED] - Thread.sleep(1000): null

2020-06-09 00:22:55 - [TEST_STEP][PASSED] - NewInputNmField = modifyObjectProperty(findTestObject("Object Repository/Objects.HighlightElements/input_field_index"), "xpath", "equals", "(//*[contains(@name, '" + FldNm + "')])[" + index + "]", true): Modify property of object successfully

2020-06-09 00:22:56 - [MESSAGE][PASSED] - Modify property of object successfully

2020-06-09 00:22:56 - [TEST_STEP][PASSED] - comboNm = cmbNm: null

2020-06-09 00:22:56 - [TEST_STEP][PASSED] - focus(NewInputNmField): Object: 'Object Repository/Objects.HighlightElements/input_field_index' is focused

2020-06-09 00:22:56 - [MESSAGE][PASSED] - Object: 'Object Repository/Objects.HighlightElements/input_field_index' is focused

2020-06-09 00:22:56 - [TEST_STEP][PASSED] - setText(NewInputNmField, EnterValue): Text '' is set on object 'Object Repository/Objects.HighlightElements/input_field_index'

2020-06-09 00:22:56 - [MESSAGE][PASSED] - Text '' is set on object 'Object Repository/Objects.HighlightElements/input_field_index'

2020-06-09 00:22:56 - [TEST_STEP][PASSED] - for ([i = 1, i <= NoOfVal, (i++)]): Keys 'DOWN + ' sent to object: 'Object Repository/Objects.HighlightElements/input_field_index'

2020-06-09 00:22:56 - [TEST_STEP][PASSED] - sendKeys(NewInputNmField, Keys.chord(ARROW_DOWN)): Keys 'DOWN + ' sent to object: 'Object Repository/Objects.HighlightElements/input_field_index'

2020-06-09 00:22:56 - [MESSAGE][PASSED] - Keys 'DOWN + ' sent to object: 'Object Repository/Objects.HighlightElements/input_field_index'

2020-06-09 00:22:56 - [TEST_STEP][PASSED] - delay(DelayTime): Delayed 2 second(s)

2020-06-09 00:22:58 - [MESSAGE][PASSED] - Delayed 2 second(s)

2020-06-09 00:22:58 - [TEST_STEP][PASSED] - sendKeys(NewInputNmField, Keys.chord(ENTER)): Keys 'ENTER + ' sent to object: 'Object Repository/Objects.HighlightElements/input_field_index'

2020-06-09 00:22:58 - [MESSAGE][PASSED] - Keys 'ENTER + ' sent to object: 'Object Repository/Objects.HighlightElements/input_field_index'

2020-06-09 00:22:58 - [TEST_STEP][PASSED] - ComboBoxValue = getAttribute(NewInputNmField, "value"): Attribute 'value' of object 'Object Repository/Objects.HighlightElements/input_field_index' is: 'Yes'

2020-06-09 00:22:58 - [MESSAGE][PASSED] - Attribute 'value' of object 'Object Repository/Objects.HighlightElements/input_field_index' is: 'Yes'

2020-06-09 00:22:58 - [TEST_STEP][PASSED] - callTestCase(findTestCase(CallTCName), ["FindValue":ComboBoxValue, "DropdownNm":comboNm], STOP_ON_FAILURE): Call Test Case 'Test Cases/PFI Precision and Scale/HashMap Tables/ConstantHashMap' successfully

2020-06-09 00:22:58 - [TEST_CASE][PASSED] - Test Cases/PFI Precision and Scale/HashMap Tables/ConstantHashMap: Test Cases/PFI Precision and Scale/HashMap Tables/ConstantHashMap

2020-06-09 00:22:58 - [TEST_STEP][PASSED] - ConstantTBL = [1:["PeriodType":"Working Day(s)"], 2:["PeriodType":"Calendar Day(s)"], 3:["PeriodType":"Month(s)"], 4:["TypeOfLetter":"T1"], ... ]: null

2020-06-09 00:22:58 - [TEST_STEP][PASSED] - switch (DropdownNm): null

2020-06-09 00:22:58 - [TEST_STEP][PASSED] - case "PresINd":: null

2020-06-09 00:22:58 - [TEST_STEP][PASSED] - ValueFound = ConstantTBL.find({ -> ... }): null

2020-06-09 00:22:58 - [TEST_STEP][PASSED] - break: null

2020-06-09 00:22:58 - [MESSAGE][PASSED] - Call Test Case 'Test Cases/PFI Precision and Scale/HashMap Tables/ConstantHashMap' successfully

2020-06-09 00:22:58 - [TEST_STEP][PASSED] - println(ValueFound): null

2020-06-09 00:22:58 - [TEST_STEP][PASSED] - sendKeys(NewInputNmField, Keys.chord(ARROW_DOWN)): Keys 'DOWN + ' sent to object: 'Object Repository/Objects.HighlightElements/input_field_index'

2020-06-09 00:22:58 - [MESSAGE][PASSED] - Keys 'DOWN + ' sent to object: 'Object Repository/Objects.HighlightElements/input_field_index'

2020-06-09 00:22:58 - [TEST_STEP][PASSED] - sendKeys(NewInputNmField, Keys.chord(ARROW_DOWN)): Keys 'DOWN + ' sent to object: 'Object Repository/Objects.HighlightElements/input_field_index'

2020-06-09 00:22:58 - [MESSAGE][PASSED] - Keys 'DOWN + ' sent to object: 'Object Repository/Objects.HighlightElements/input_field_index'

2020-06-09 00:22:58 - [TEST_STEP][PASSED] - delay(DelayTime): Delayed 2 second(s)

2020-06-09 00:23:00 - [MESSAGE][PASSED] - Delayed 2 second(s)

2020-06-09 00:23:00 - [TEST_STEP][PASSED] - sendKeys(NewInputNmField, Keys.chord(ENTER)): Keys 'ENTER + ' sent to object: 'Object Repository/Objects.HighlightElements/input_field_index'

2020-06-09 00:23:00 - [MESSAGE][PASSED] - Keys 'ENTER + ' sent to object: 'Object Repository/Objects.HighlightElements/input_field_index'

2020-06-09 00:23:00 - [TEST_STEP][PASSED] - ComboBoxValue = getAttribute(NewInputNmField, "value"): Attribute 'value' of object 'Object Repository/Objects.HighlightElements/input_field_index' is: 'No'

2020-06-09 00:23:00 - [MESSAGE][PASSED] - Attribute 'value' of object 'Object Repository/Objects.HighlightElements/input_field_index' is: 'No'

2020-06-09 00:23:00 - [TEST_STEP][PASSED] - callTestCase(findTestCase(CallTCName), ["FindValue":ComboBoxValue, "DropdownNm":comboNm], STOP_ON_FAILURE): Call Test Case 'Test Cases/PFI Precision and Scale/HashMap Tables/ConstantHashMap' successfully

2020-06-09 00:23:00 - [TEST_CASE][PASSED] - Test Cases/PFI Precision and Scale/HashMap Tables/ConstantHashMap: Test Cases/PFI Precision and Scale/HashMap Tables/ConstantHashMap

2020-06-09 00:23:00 - [TEST_STEP][PASSED] - ConstantTBL = [1:["PeriodType":"Working Day(s)"], 2:["PeriodType":"Calendar Day(s)"], 3:["PeriodType":"Month(s)"], 4:["TypeOfLetter":"T1"], ... ]: null

2020-06-09 00:23:00 - [TEST_STEP][PASSED] - switch (DropdownNm): null

2020-06-09 00:23:00 - [TEST_STEP][PASSED] - case "PresINd":: null

2020-06-09 00:23:00 - [TEST_STEP][PASSED] - ValueFound = ConstantTBL.find({ -> ... }): null

2020-06-09 00:23:00 - [TEST_STEP][PASSED] - break: null

2020-06-09 00:23:00 - [MESSAGE][PASSED] - Call Test Case 'Test Cases/PFI Precision and Scale/HashMap Tables/ConstantHashMap' successfully

2020-06-09 00:23:00 - [TEST_STEP][PASSED] - println(ValueFound): null

2020-06-09 00:23:00 - [TEST_STEP][PASSED] - sendKeys(NewInputNmField, Keys.chord(ARROW_DOWN)): Keys 'DOWN + ' sent to object: 'Object Repository/Objects.HighlightElements/input_field_index'

2020-06-09 00:23:00 - [MESSAGE][PASSED] - Keys 'DOWN + ' sent to object: 'Object Repository/Objects.HighlightElements/input_field_index'

2020-06-09 00:23:00 - [TEST_STEP][PASSED] - sendKeys(NewInputNmField, Keys.chord(ENTER)): Keys 'ENTER + ' sent to object: 'Object Repository/Objects.HighlightElements/input_field_index'

2020-06-09 00:23:00 - [MESSAGE][PASSED] - Keys 'ENTER + ' sent to object: 'Object Repository/Objects.HighlightElements/input_field_index'

2020-06-09 00:23:00 - [MESSAGE][PASSED] - Call Test Case 'Test Cases/PFI Precision and Scale/PFI Components with Indexing/VerifyDropdownValuesXPI' successfully

2020-06-09 00:23:00 - [TEST_STEP][PASSED] - callTestCase(findTestCase("Components/SelectAllThenDeleteXPI"), ["nameToBeUsed":"submInd_4", "index":"1"], STOP_ON_FAILURE): Call Test Case 'Test Cases/Components/SelectAllThenDeleteXPI' successfully

2020-06-09 00:23:00 - [TEST_CASE][PASSED] - Test Cases/Components/SelectAllThenDeleteXPI: Test Cases/Components/SelectAllThenDeleteXPI

2020-06-09 00:23:00 - [TEST_STEP][PASSED] - Thread.sleep(1000): null

2020-06-09 00:23:01 - [TEST_STEP][PASSED] - modifiedObj = modifyObjectProperty(findTestObject("Object Repository/Objects.HighlightElements/input_field_index"), "xpath", "equals", "(//*[contains(@name,'" + nameToBeUsed + "')])[" + index + "]", true): Modify property of object successfully

2020-06-09 00:23:01 - [MESSAGE][PASSED] - Modify property of object successfully

2020-06-09 00:23:01 - [TEST_STEP][PASSED] - focus(modifiedObj): Object: 'Object Repository/Objects.HighlightElements/input_field_index' is focused

2020-06-09 00:23:01 - [MESSAGE][PASSED] - Object: 'Object Repository/Objects.HighlightElements/input_field_index' is focused

2020-06-09 00:23:01 - [TEST_STEP][PASSED] - sendKeys(modifiedObj, Keys.chord(CONTROL, "a")): Keys 'CONTROL + a' sent to object: 'Object Repository/Objects.HighlightElements/input_field_index'

2020-06-09 00:23:01 - [MESSAGE][PASSED] - Keys 'CONTROL + a' sent to object: 'Object Repository/Objects.HighlightElements/input_field_index'

2020-06-09 00:23:01 - [TEST_STEP][PASSED] - sendKeys(modifiedObj, Keys.chord(DELETE)): Keys 'DELETE + ' sent to object: 'Object Repository/Objects.HighlightElements/input_field_index'

2020-06-09 00:23:01 - [MESSAGE][PASSED] - Keys 'DELETE + ' sent to object: 'Object Repository/Objects.HighlightElements/input_field_index'

2020-06-09 00:23:01 - [MESSAGE][PASSED] - Call Test Case 'Test Cases/Components/SelectAllThenDeleteXPI' successfully

2020-06-09 00:23:01 - [TEST_STEP][PASSED] - callTestCase(findTestCase("PFI Precision and Scale/PFI Components with Indexing/RequiredFieldValidationXPI"), ["nameToBeUsed":"submInd_4", "index":1], STOP_ON_FAILURE): Call Test Case 'Test Cases/PFI Precision and Scale/PFI Components with Indexing/RequiredFieldValidationXPI' successfully

2020-06-09 00:23:02 - [TEST_CASE][PASSED] - Test Cases/PFI Precision and Scale/PFI Components with Indexing/RequiredFieldValidationXPI: Test Cases/PFI Precision and Scale/PFI Components with Indexing/RequiredFieldValidationXPI

2020-06-09 00:23:02 - [TEST_STEP][PASSED] - enableSmartWait(): null

2020-06-09 00:23:02 - [TEST_STEP][PASSED] - NewInputNmField = modifyObjectProperty(findTestObject("Objects.HighlightElements/input_field_index"), "xpath", "equals", "(//*[contains(@name,'" + nameToBeUsed + "')])[" + index + "]", true): Modify property of object successfully

2020-06-09 00:23:02 - [MESSAGE][PASSED] - Modify property of object successfully

2020-06-09 00:23:02 - [TEST_STEP][PASSED] - getRqErrMsg = getAttribute(NewInputNmField, "data-errorqtip"): Attribute 'data-errorqtip' of object 'Object Repository/Objects.HighlightElements/input_field_index' is: '<ul class="x-list-plain"><li>This field is required</li></ul>'

2020-06-09 00:23:02 - [MESSAGE][PASSED] - Attribute 'data-errorqtip' of object 'Object Repository/Objects.HighlightElements/input_field_index' is: '<ul class="x-list-plain"><li>This field is required</li></ul>'

2020-06-09 00:23:02 - [TEST_STEP][PASSED] - strToolTip = getRqErrMsg.substring(29, 61): null

2020-06-09 00:23:02 - [TEST_STEP][PASSED] - toolTipReqErrMsg = strToolTip.substring(0, 22): null

2020-06-09 00:23:02 - [TEST_STEP][PASSED] - verifyMatch(toolTipReqErrMsg, RqField, true): Actual text 'This field is required' and expected text 'This field is required' are matched  using regular expression

2020-06-09 00:23:02 - [MESSAGE][PASSED] - Actual text 'This field is required' and expected text 'This field is required' are matched  using regular expression

2020-06-09 00:23:02 - [TEST_STEP][PASSED] - delay(3): Delayed 3 second(s)

2020-06-09 00:23:05 - [MESSAGE][PASSED] - Delayed 3 second(s)

2020-06-09 00:23:05 - [TEST_STEP][PASSED] - mouseOver(NewInputNmField): Object: 'Object Repository/Objects.HighlightElements/input_field_index' is hovered

2020-06-09 00:23:05 - [MESSAGE][PASSED] - Object: 'Object Repository/Objects.HighlightElements/input_field_index' is hovered

2020-06-09 00:23:05 - [MESSAGE][PASSED] - Call Test Case 'Test Cases/PFI Precision and Scale/PFI Components with Indexing/RequiredFieldValidationXPI' successfully

2020-06-09 00:23:05 - [TEST_STEP][PASSED] - callTestCase(findTestCase("Components/HighlightInputFieldXPI"), ["FldNm":"submInd_5", "index":1], STOP_ON_FAILURE): Call Test Case 'Test Cases/Components/HighlightInputFieldXPI' successfully

2020-06-09 00:23:05 - [TEST_CASE][PASSED] - Test Cases/Components/HighlightInputFieldXPI: Test Cases/Components/HighlightInputFieldXPI

2020-06-09 00:23:05 - [TEST_STEP][PASSED] - Thread.sleep(1000): null

2020-06-09 00:23:06 - [TEST_STEP][PASSED] - modifiedInputNm = modifyObjectProperty(findTestObject("Object Repository/Objects.HighlightElements/input_field_index"), "xpath", "equals", "(//*[contains(@name, '" + FldNm + "')])[" + index + "]", true): Modify property of object successfully

2020-06-09 00:23:06 - [MESSAGE][PASSED] - Modify property of object successfully

2020-06-09 00:23:06 - [TEST_STEP][PASSED] - com.reusableComponents.HighlightElement.run(modifiedInputNm): com.reusableComponents.HighlightElement.run is PASSED

2020-06-09 00:23:06 - [MESSAGE][PASSED] - com.reusableComponents.HighlightElement.run is PASSED

2020-06-09 00:23:06 - [MESSAGE][PASSED] - Call Test Case 'Test Cases/Components/HighlightInputFieldXPI' successfully

2020-06-09 00:23:06 - [TEST_STEP][PASSED] - callTestCase(findTestCase("PFI Precision and Scale/PFI Components with Indexing/VerifyDropdownValuesXPI"), ["FldNm":"submInd_5", "index":1, "CallTCName":"PFI Precision and Scale/HashMap Tables/ConstantHashMap", "cmbNm":"PresINd", ... ], STOP_ON_FAILURE): Call Test Case 'Test Cases/PFI Precision and Scale/PFI Components with Indexing/VerifyDropdownValuesXPI' successfully

2020-06-09 00:23:06 - [TEST_CASE][PASSED] - Test Cases/PFI Precision and Scale/PFI Components with Indexing/VerifyDropdownValuesXPI: Test Cases/PFI Precision and Scale/PFI Components with Indexing/VerifyDropdownValuesXPI

2020-06-09 00:23:06 - [TEST_STEP][PASSED] - Thread.sleep(1000): null

2020-06-09 00:23:07 - [TEST_STEP][PASSED] - NewInputNmField = modifyObjectProperty(findTestObject("Object Repository/Objects.HighlightElements/input_field_index"), "xpath", "equals", "(//*[contains(@name, '" + FldNm + "')])[" + index + "]", true): Modify property of object successfully

2020-06-09 00:23:07 - [MESSAGE][PASSED] - Modify property of object successfully

2020-06-09 00:23:07 - [TEST_STEP][PASSED] - comboNm = cmbNm: null

2020-06-09 00:23:07 - [TEST_STEP][PASSED] - focus(NewInputNmField): Object: 'Object Repository/Objects.HighlightElements/input_field_index' is focused

2020-06-09 00:23:07 - [MESSAGE][PASSED] - Object: 'Object Repository/Objects.HighlightElements/input_field_index' is focused

2020-06-09 00:23:07 - [TEST_STEP][PASSED] - setText(NewInputNmField, EnterValue): Text '' is set on object 'Object Repository/Objects.HighlightElements/input_field_index'

2020-06-09 00:23:08 - [MESSAGE][PASSED] - Text '' is set on object 'Object Repository/Objects.HighlightElements/input_field_index'

2020-06-09 00:23:08 - [TEST_STEP][PASSED] - for ([i = 1, i <= NoOfVal, (i++)]): Keys 'DOWN + ' sent to object: 'Object Repository/Objects.HighlightElements/input_field_index'

2020-06-09 00:23:08 - [TEST_STEP][PASSED] - sendKeys(NewInputNmField, Keys.chord(ARROW_DOWN)): Keys 'DOWN + ' sent to object: 'Object Repository/Objects.HighlightElements/input_field_index'

2020-06-09 00:23:08 - [MESSAGE][PASSED] - Keys 'DOWN + ' sent to object: 'Object Repository/Objects.HighlightElements/input_field_index'

2020-06-09 00:23:08 - [TEST_STEP][PASSED] - delay(DelayTime): Delayed 2 second(s)

2020-06-09 00:23:10 - [MESSAGE][PASSED] - Delayed 2 second(s)

2020-06-09 00:23:10 - [TEST_STEP][PASSED] - sendKeys(NewInputNmField, Keys.chord(ENTER)): Keys 'ENTER + ' sent to object: 'Object Repository/Objects.HighlightElements/input_field_index'

2020-06-09 00:23:10 - [MESSAGE][PASSED] - Keys 'ENTER + ' sent to object: 'Object Repository/Objects.HighlightElements/input_field_index'

2020-06-09 00:23:10 - [TEST_STEP][PASSED] - ComboBoxValue = getAttribute(NewInputNmField, "value"): Attribute 'value' of object 'Object Repository/Objects.HighlightElements/input_field_index' is: 'Yes'

2020-06-09 00:23:10 - [MESSAGE][PASSED] - Attribute 'value' of object 'Object Repository/Objects.HighlightElements/input_field_index' is: 'Yes'

2020-06-09 00:23:10 - [TEST_STEP][PASSED] - callTestCase(findTestCase(CallTCName), ["FindValue":ComboBoxValue, "DropdownNm":comboNm], STOP_ON_FAILURE): Call Test Case 'Test Cases/PFI Precision and Scale/HashMap Tables/ConstantHashMap' successfully

2020-06-09 00:23:10 - [TEST_CASE][PASSED] - Test Cases/PFI Precision and Scale/HashMap Tables/ConstantHashMap: Test Cases/PFI Precision and Scale/HashMap Tables/ConstantHashMap

2020-06-09 00:23:10 - [TEST_STEP][PASSED] - ConstantTBL = [1:["PeriodType":"Working Day(s)"], 2:["PeriodType":"Calendar Day(s)"], 3:["PeriodType":"Month(s)"], 4:["TypeOfLetter":"T1"], ... ]: null

2020-06-09 00:23:10 - [TEST_STEP][PASSED] - switch (DropdownNm): null

2020-06-09 00:23:10 - [TEST_STEP][PASSED] - case "PresINd":: null

2020-06-09 00:23:10 - [TEST_STEP][PASSED] - ValueFound = ConstantTBL.find({ -> ... }): null

2020-06-09 00:23:10 - [TEST_STEP][PASSED] - break: null

2020-06-09 00:23:10 - [MESSAGE][PASSED] - Call Test Case 'Test Cases/PFI Precision and Scale/HashMap Tables/ConstantHashMap' successfully

2020-06-09 00:23:10 - [TEST_STEP][PASSED] - println(ValueFound): null

2020-06-09 00:23:10 - [TEST_STEP][PASSED] - sendKeys(NewInputNmField, Keys.chord(ARROW_DOWN)): Keys 'DOWN + ' sent to object: 'Object Repository/Objects.HighlightElements/input_field_index'

2020-06-09 00:23:10 - [MESSAGE][PASSED] - Keys 'DOWN + ' sent to object: 'Object Repository/Objects.HighlightElements/input_field_index'

2020-06-09 00:23:10 - [TEST_STEP][PASSED] - sendKeys(NewInputNmField, Keys.chord(ARROW_DOWN)): Keys 'DOWN + ' sent to object: 'Object Repository/Objects.HighlightElements/input_field_index'

2020-06-09 00:23:10 - [MESSAGE][PASSED] - Keys 'DOWN + ' sent to object: 'Object Repository/Objects.HighlightElements/input_field_index'

2020-06-09 00:23:10 - [TEST_STEP][PASSED] - delay(DelayTime): Delayed 2 second(s)

2020-06-09 00:23:12 - [MESSAGE][PASSED] - Delayed 2 second(s)

2020-06-09 00:23:12 - [TEST_STEP][PASSED] - sendKeys(NewInputNmField, Keys.chord(ENTER)): Keys 'ENTER + ' sent to object: 'Object Repository/Objects.HighlightElements/input_field_index'

2020-06-09 00:23:12 - [MESSAGE][PASSED] - Keys 'ENTER + ' sent to object: 'Object Repository/Objects.HighlightElements/input_field_index'

2020-06-09 00:23:12 - [TEST_STEP][PASSED] - ComboBoxValue = getAttribute(NewInputNmField, "value"): Attribute 'value' of object 'Object Repository/Objects.HighlightElements/input_field_index' is: 'No'

2020-06-09 00:23:12 - [MESSAGE][PASSED] - Attribute 'value' of object 'Object Repository/Objects.HighlightElements/input_field_index' is: 'No'

2020-06-09 00:23:12 - [TEST_STEP][PASSED] - callTestCase(findTestCase(CallTCName), ["FindValue":ComboBoxValue, "DropdownNm":comboNm], STOP_ON_FAILURE): Call Test Case 'Test Cases/PFI Precision and Scale/HashMap Tables/ConstantHashMap' successfully

2020-06-09 00:23:12 - [TEST_CASE][PASSED] - Test Cases/PFI Precision and Scale/HashMap Tables/ConstantHashMap: Test Cases/PFI Precision and Scale/HashMap Tables/ConstantHashMap

2020-06-09 00:23:12 - [TEST_STEP][PASSED] - ConstantTBL = [1:["PeriodType":"Working Day(s)"], 2:["PeriodType":"Calendar Day(s)"], 3:["PeriodType":"Month(s)"], 4:["TypeOfLetter":"T1"], ... ]: null

2020-06-09 00:23:12 - [TEST_STEP][PASSED] - switch (DropdownNm): null

2020-06-09 00:23:12 - [TEST_STEP][PASSED] - case "PresINd":: null

2020-06-09 00:23:12 - [TEST_STEP][PASSED] - ValueFound = ConstantTBL.find({ -> ... }): null

2020-06-09 00:23:12 - [TEST_STEP][PASSED] - break: null

2020-06-09 00:23:12 - [MESSAGE][PASSED] - Call Test Case 'Test Cases/PFI Precision and Scale/HashMap Tables/ConstantHashMap' successfully

2020-06-09 00:23:12 - [TEST_STEP][PASSED] - println(ValueFound): null

2020-06-09 00:23:12 - [TEST_STEP][PASSED] - sendKeys(NewInputNmField, Keys.chord(ARROW_DOWN)): Keys 'DOWN + ' sent to object: 'Object Repository/Objects.HighlightElements/input_field_index'

2020-06-09 00:23:12 - [MESSAGE][PASSED] - Keys 'DOWN + ' sent to object: 'Object Repository/Objects.HighlightElements/input_field_index'

2020-06-09 00:23:12 - [TEST_STEP][PASSED] - sendKeys(NewInputNmField, Keys.chord(ENTER)): Keys 'ENTER + ' sent to object: 'Object Repository/Objects.HighlightElements/input_field_index'

2020-06-09 00:23:12 - [MESSAGE][PASSED] - Keys 'ENTER + ' sent to object: 'Object Repository/Objects.HighlightElements/input_field_index'

2020-06-09 00:23:12 - [MESSAGE][PASSED] - Call Test Case 'Test Cases/PFI Precision and Scale/PFI Components with Indexing/VerifyDropdownValuesXPI' successfully

2020-06-09 00:23:12 - [TEST_STEP][PASSED] - callTestCase(findTestCase("Components/SelectAllThenDeleteXPI"), ["nameToBeUsed":"submInd_5", "index":"1"], STOP_ON_FAILURE): Call Test Case 'Test Cases/Components/SelectAllThenDeleteXPI' successfully

2020-06-09 00:23:12 - [TEST_CASE][PASSED] - Test Cases/Components/SelectAllThenDeleteXPI: Test Cases/Components/SelectAllThenDeleteXPI

2020-06-09 00:23:12 - [TEST_STEP][PASSED] - Thread.sleep(1000): null

2020-06-09 00:23:13 - [TEST_STEP][PASSED] - modifiedObj = modifyObjectProperty(findTestObject("Object Repository/Objects.HighlightElements/input_field_index"), "xpath", "equals", "(//*[contains(@name,'" + nameToBeUsed + "')])[" + index + "]", true): Modify property of object successfully

2020-06-09 00:23:13 - [MESSAGE][PASSED] - Modify property of object successfully

2020-06-09 00:23:13 - [TEST_STEP][PASSED] - focus(modifiedObj): Object: 'Object Repository/Objects.HighlightElements/input_field_index' is focused

2020-06-09 00:23:13 - [MESSAGE][PASSED] - Object: 'Object Repository/Objects.HighlightElements/input_field_index' is focused

2020-06-09 00:23:13 - [TEST_STEP][PASSED] - sendKeys(modifiedObj, Keys.chord(CONTROL, "a")): Keys 'CONTROL + a' sent to object: 'Object Repository/Objects.HighlightElements/input_field_index'

2020-06-09 00:23:13 - [MESSAGE][PASSED] - Keys 'CONTROL + a' sent to object: 'Object Repository/Objects.HighlightElements/input_field_index'

2020-06-09 00:23:13 - [TEST_STEP][PASSED] - sendKeys(modifiedObj, Keys.chord(DELETE)): Keys 'DELETE + ' sent to object: 'Object Repository/Objects.HighlightElements/input_field_index'

2020-06-09 00:23:13 - [MESSAGE][PASSED] - Keys 'DELETE + ' sent to object: 'Object Repository/Objects.HighlightElements/input_field_index'

2020-06-09 00:23:13 - [MESSAGE][PASSED] - Call Test Case 'Test Cases/Components/SelectAllThenDeleteXPI' successfully

2020-06-09 00:23:13 - [TEST_STEP][PASSED] - callTestCase(findTestCase("PFI Precision and Scale/PFI Components with Indexing/RequiredFieldValidationXPI"), ["nameToBeUsed":"submInd_5", "index":1], STOP_ON_FAILURE): Call Test Case 'Test Cases/PFI Precision and Scale/PFI Components with Indexing/RequiredFieldValidationXPI' successfully

2020-06-09 00:23:13 - [TEST_CASE][PASSED] - Test Cases/PFI Precision and Scale/PFI Components with Indexing/RequiredFieldValidationXPI: Test Cases/PFI Precision and Scale/PFI Components with Indexing/RequiredFieldValidationXPI

2020-06-09 00:23:13 - [TEST_STEP][PASSED] - enableSmartWait(): null

2020-06-09 00:23:13 - [TEST_STEP][PASSED] - NewInputNmField = modifyObjectProperty(findTestObject("Objects.HighlightElements/input_field_index"), "xpath", "equals", "(//*[contains(@name,'" + nameToBeUsed + "')])[" + index + "]", true): Modify property of object successfully

2020-06-09 00:23:13 - [MESSAGE][PASSED] - Modify property of object successfully

2020-06-09 00:23:13 - [TEST_STEP][PASSED] - getRqErrMsg = getAttribute(NewInputNmField, "data-errorqtip"): Attribute 'data-errorqtip' of object 'Object Repository/Objects.HighlightElements/input_field_index' is: '<ul class="x-list-plain"><li>This field is required</li></ul>'

2020-06-09 00:23:13 - [MESSAGE][PASSED] - Attribute 'data-errorqtip' of object 'Object Repository/Objects.HighlightElements/input_field_index' is: '<ul class="x-list-plain"><li>This field is required</li></ul>'

2020-06-09 00:23:13 - [TEST_STEP][PASSED] - strToolTip = getRqErrMsg.substring(29, 61): null

2020-06-09 00:23:13 - [TEST_STEP][PASSED] - toolTipReqErrMsg = strToolTip.substring(0, 22): null

2020-06-09 00:23:13 - [TEST_STEP][PASSED] - verifyMatch(toolTipReqErrMsg, RqField, true): Actual text 'This field is required' and expected text 'This field is required' are matched  using regular expression

2020-06-09 00:23:13 - [MESSAGE][PASSED] - Actual text 'This field is required' and expected text 'This field is required' are matched  using regular expression

2020-06-09 00:23:13 - [TEST_STEP][PASSED] - delay(3): Delayed 3 second(s)

2020-06-09 00:23:16 - [MESSAGE][PASSED] - Delayed 3 second(s)

2020-06-09 00:23:16 - [TEST_STEP][PASSED] - mouseOver(NewInputNmField): Object: 'Object Repository/Objects.HighlightElements/input_field_index' is hovered

2020-06-09 00:23:17 - [MESSAGE][PASSED] - Object: 'Object Repository/Objects.HighlightElements/input_field_index' is hovered

2020-06-09 00:23:17 - [MESSAGE][PASSED] - Call Test Case 'Test Cases/PFI Precision and Scale/PFI Components with Indexing/RequiredFieldValidationXPI' successfully

2020-06-09 00:23:17 - [TEST_STEP][PASSED] - callTestCase(findTestCase("Components/HighlightInputFieldXPI"), ["FldNm":"submInd_6", "index":1], STOP_ON_FAILURE): Call Test Case 'Test Cases/Components/HighlightInputFieldXPI' successfully

2020-06-09 00:23:17 - [TEST_CASE][PASSED] - Test Cases/Components/HighlightInputFieldXPI: Test Cases/Components/HighlightInputFieldXPI

2020-06-09 00:23:17 - [TEST_STEP][PASSED] - Thread.sleep(1000): null

2020-06-09 00:23:18 - [TEST_STEP][PASSED] - modifiedInputNm = modifyObjectProperty(findTestObject("Object Repository/Objects.HighlightElements/input_field_index"), "xpath", "equals", "(//*[contains(@name, '" + FldNm + "')])[" + index + "]", true): Modify property of object successfully

2020-06-09 00:23:18 - [MESSAGE][PASSED] - Modify property of object successfully

2020-06-09 00:23:18 - [TEST_STEP][PASSED] - com.reusableComponents.HighlightElement.run(modifiedInputNm): com.reusableComponents.HighlightElement.run is PASSED

2020-06-09 00:23:18 - [MESSAGE][PASSED] - com.reusableComponents.HighlightElement.run is PASSED

2020-06-09 00:23:18 - [MESSAGE][PASSED] - Call Test Case 'Test Cases/Components/HighlightInputFieldXPI' successfully

2020-06-09 00:23:18 - [TEST_STEP][PASSED] - callTestCase(findTestCase("PFI Precision and Scale/PFI Components with Indexing/VerifyDropdownValuesXPI"), ["FldNm":"submInd_6", "index":1, "CallTCName":"PFI Precision and Scale/HashMap Tables/ConstantHashMap", "cmbNm":"PresINd", ... ], STOP_ON_FAILURE): Call Test Case 'Test Cases/PFI Precision and Scale/PFI Components with Indexing/VerifyDropdownValuesXPI' successfully

2020-06-09 00:23:18 - [TEST_CASE][PASSED] - Test Cases/PFI Precision and Scale/PFI Components with Indexing/VerifyDropdownValuesXPI: Test Cases/PFI Precision and Scale/PFI Components with Indexing/VerifyDropdownValuesXPI

2020-06-09 00:23:18 - [TEST_STEP][PASSED] - Thread.sleep(1000): null

2020-06-09 00:23:19 - [TEST_STEP][PASSED] - NewInputNmField = modifyObjectProperty(findTestObject("Object Repository/Objects.HighlightElements/input_field_index"), "xpath", "equals", "(//*[contains(@name, '" + FldNm + "')])[" + index + "]", true): Modify property of object successfully

2020-06-09 00:23:19 - [MESSAGE][PASSED] - Modify property of object successfully

2020-06-09 00:23:19 - [TEST_STEP][PASSED] - comboNm = cmbNm: null

2020-06-09 00:23:19 - [TEST_STEP][PASSED] - focus(NewInputNmField): Object: 'Object Repository/Objects.HighlightElements/input_field_index' is focused

2020-06-09 00:23:19 - [MESSAGE][PASSED] - Object: 'Object Repository/Objects.HighlightElements/input_field_index' is focused

2020-06-09 00:23:19 - [TEST_STEP][PASSED] - setText(NewInputNmField, EnterValue): Text '' is set on object 'Object Repository/Objects.HighlightElements/input_field_index'

2020-06-09 00:23:19 - [MESSAGE][PASSED] - Text '' is set on object 'Object Repository/Objects.HighlightElements/input_field_index'

2020-06-09 00:23:19 - [TEST_STEP][PASSED] - for ([i = 1, i <= NoOfVal, (i++)]): Keys 'DOWN + ' sent to object: 'Object Repository/Objects.HighlightElements/input_field_index'

2020-06-09 00:23:19 - [TEST_STEP][PASSED] - sendKeys(NewInputNmField, Keys.chord(ARROW_DOWN)): Keys 'DOWN + ' sent to object: 'Object Repository/Objects.HighlightElements/input_field_index'

2020-06-09 00:23:20 - [MESSAGE][PASSED] - Keys 'DOWN + ' sent to object: 'Object Repository/Objects.HighlightElements/input_field_index'

2020-06-09 00:23:20 - [TEST_STEP][PASSED] - delay(DelayTime): Delayed 2 second(s)

2020-06-09 00:23:22 - [MESSAGE][PASSED] - Delayed 2 second(s)

2020-06-09 00:23:22 - [TEST_STEP][PASSED] - sendKeys(NewInputNmField, Keys.chord(ENTER)): Keys 'ENTER + ' sent to object: 'Object Repository/Objects.HighlightElements/input_field_index'

2020-06-09 00:23:22 - [MESSAGE][PASSED] - Keys 'ENTER + ' sent to object: 'Object Repository/Objects.HighlightElements/input_field_index'

2020-06-09 00:23:22 - [TEST_STEP][PASSED] - ComboBoxValue = getAttribute(NewInputNmField, "value"): Attribute 'value' of object 'Object Repository/Objects.HighlightElements/input_field_index' is: 'Yes'

2020-06-09 00:23:22 - [MESSAGE][PASSED] - Attribute 'value' of object 'Object Repository/Objects.HighlightElements/input_field_index' is: 'Yes'

2020-06-09 00:23:22 - [TEST_STEP][PASSED] - callTestCase(findTestCase(CallTCName), ["FindValue":ComboBoxValue, "DropdownNm":comboNm], STOP_ON_FAILURE): Call Test Case 'Test Cases/PFI Precision and Scale/HashMap Tables/ConstantHashMap' successfully

2020-06-09 00:23:22 - [TEST_CASE][PASSED] - Test Cases/PFI Precision and Scale/HashMap Tables/ConstantHashMap: Test Cases/PFI Precision and Scale/HashMap Tables/ConstantHashMap

2020-06-09 00:23:22 - [TEST_STEP][PASSED] - ConstantTBL = [1:["PeriodType":"Working Day(s)"], 2:["PeriodType":"Calendar Day(s)"], 3:["PeriodType":"Month(s)"], 4:["TypeOfLetter":"T1"], ... ]: null

2020-06-09 00:23:22 - [TEST_STEP][PASSED] - switch (DropdownNm): null

2020-06-09 00:23:22 - [TEST_STEP][PASSED] - case "PresINd":: null

2020-06-09 00:23:22 - [TEST_STEP][PASSED] - ValueFound = ConstantTBL.find({ -> ... }): null

2020-06-09 00:23:22 - [TEST_STEP][PASSED] - break: null

2020-06-09 00:23:22 - [MESSAGE][PASSED] - Call Test Case 'Test Cases/PFI Precision and Scale/HashMap Tables/ConstantHashMap' successfully

2020-06-09 00:23:22 - [TEST_STEP][PASSED] - println(ValueFound): null

2020-06-09 00:23:22 - [TEST_STEP][PASSED] - sendKeys(NewInputNmField, Keys.chord(ARROW_DOWN)): Keys 'DOWN + ' sent to object: 'Object Repository/Objects.HighlightElements/input_field_index'

2020-06-09 00:23:22 - [MESSAGE][PASSED] - Keys 'DOWN + ' sent to object: 'Object Repository/Objects.HighlightElements/input_field_index'

2020-06-09 00:23:22 - [TEST_STEP][PASSED] - sendKeys(NewInputNmField, Keys.chord(ARROW_DOWN)): Keys 'DOWN + ' sent to object: 'Object Repository/Objects.HighlightElements/input_field_index'

2020-06-09 00:23:22 - [MESSAGE][PASSED] - Keys 'DOWN + ' sent to object: 'Object Repository/Objects.HighlightElements/input_field_index'

2020-06-09 00:23:22 - [TEST_STEP][PASSED] - delay(DelayTime): Delayed 2 second(s)

2020-06-09 00:23:24 - [MESSAGE][PASSED] - Delayed 2 second(s)

2020-06-09 00:23:24 - [TEST_STEP][PASSED] - sendKeys(NewInputNmField, Keys.chord(ENTER)): Keys 'ENTER + ' sent to object: 'Object Repository/Objects.HighlightElements/input_field_index'

2020-06-09 00:23:24 - [MESSAGE][PASSED] - Keys 'ENTER + ' sent to object: 'Object Repository/Objects.HighlightElements/input_field_index'

2020-06-09 00:23:24 - [TEST_STEP][PASSED] - ComboBoxValue = getAttribute(NewInputNmField, "value"): Attribute 'value' of object 'Object Repository/Objects.HighlightElements/input_field_index' is: 'No'

2020-06-09 00:23:24 - [MESSAGE][PASSED] - Attribute 'value' of object 'Object Repository/Objects.HighlightElements/input_field_index' is: 'No'

2020-06-09 00:23:24 - [TEST_STEP][PASSED] - callTestCase(findTestCase(CallTCName), ["FindValue":ComboBoxValue, "DropdownNm":comboNm], STOP_ON_FAILURE): Call Test Case 'Test Cases/PFI Precision and Scale/HashMap Tables/ConstantHashMap' successfully

2020-06-09 00:23:24 - [TEST_CASE][PASSED] - Test Cases/PFI Precision and Scale/HashMap Tables/ConstantHashMap: Test Cases/PFI Precision and Scale/HashMap Tables/ConstantHashMap

2020-06-09 00:23:24 - [TEST_STEP][PASSED] - ConstantTBL = [1:["PeriodType":"Working Day(s)"], 2:["PeriodType":"Calendar Day(s)"], 3:["PeriodType":"Month(s)"], 4:["TypeOfLetter":"T1"], ... ]: null

2020-06-09 00:23:24 - [TEST_STEP][PASSED] - switch (DropdownNm): null

2020-06-09 00:23:24 - [TEST_STEP][PASSED] - case "PresINd":: null

2020-06-09 00:23:24 - [TEST_STEP][PASSED] - ValueFound = ConstantTBL.find({ -> ... }): null

2020-06-09 00:23:24 - [TEST_STEP][PASSED] - break: null

2020-06-09 00:23:24 - [MESSAGE][PASSED] - Call Test Case 'Test Cases/PFI Precision and Scale/HashMap Tables/ConstantHashMap' successfully

2020-06-09 00:23:24 - [TEST_STEP][PASSED] - println(ValueFound): null

2020-06-09 00:23:24 - [TEST_STEP][PASSED] - sendKeys(NewInputNmField, Keys.chord(ARROW_DOWN)): Keys 'DOWN + ' sent to object: 'Object Repository/Objects.HighlightElements/input_field_index'

2020-06-09 00:23:24 - [MESSAGE][PASSED] - Keys 'DOWN + ' sent to object: 'Object Repository/Objects.HighlightElements/input_field_index'

2020-06-09 00:23:24 - [TEST_STEP][PASSED] - sendKeys(NewInputNmField, Keys.chord(ENTER)): Keys 'ENTER + ' sent to object: 'Object Repository/Objects.HighlightElements/input_field_index'

2020-06-09 00:23:24 - [MESSAGE][PASSED] - Keys 'ENTER + ' sent to object: 'Object Repository/Objects.HighlightElements/input_field_index'

2020-06-09 00:23:24 - [MESSAGE][PASSED] - Call Test Case 'Test Cases/PFI Precision and Scale/PFI Components with Indexing/VerifyDropdownValuesXPI' successfully

2020-06-09 00:23:24 - [TEST_STEP][PASSED] - callTestCase(findTestCase("Components/SelectAllThenDeleteXPI"), ["nameToBeUsed":"submInd_6", "index":"1"], STOP_ON_FAILURE): Call Test Case 'Test Cases/Components/SelectAllThenDeleteXPI' successfully

2020-06-09 00:23:24 - [TEST_CASE][PASSED] - Test Cases/Components/SelectAllThenDeleteXPI: Test Cases/Components/SelectAllThenDeleteXPI

2020-06-09 00:23:24 - [TEST_STEP][PASSED] - Thread.sleep(1000): null

2020-06-09 00:23:25 - [TEST_STEP][PASSED] - modifiedObj = modifyObjectProperty(findTestObject("Object Repository/Objects.HighlightElements/input_field_index"), "xpath", "equals", "(//*[contains(@name,'" + nameToBeUsed + "')])[" + index + "]", true): Modify property of object successfully

2020-06-09 00:23:25 - [MESSAGE][PASSED] - Modify property of object successfully

2020-06-09 00:23:25 - [TEST_STEP][PASSED] - focus(modifiedObj): Object: 'Object Repository/Objects.HighlightElements/input_field_index' is focused

2020-06-09 00:23:25 - [MESSAGE][PASSED] - Object: 'Object Repository/Objects.HighlightElements/input_field_index' is focused

2020-06-09 00:23:25 - [TEST_STEP][PASSED] - sendKeys(modifiedObj, Keys.chord(CONTROL, "a")): Keys 'CONTROL + a' sent to object: 'Object Repository/Objects.HighlightElements/input_field_index'

2020-06-09 00:23:25 - [MESSAGE][PASSED] - Keys 'CONTROL + a' sent to object: 'Object Repository/Objects.HighlightElements/input_field_index'

2020-06-09 00:23:25 - [TEST_STEP][PASSED] - sendKeys(modifiedObj, Keys.chord(DELETE)): Keys 'DELETE + ' sent to object: 'Object Repository/Objects.HighlightElements/input_field_index'

2020-06-09 00:23:25 - [MESSAGE][PASSED] - Keys 'DELETE + ' sent to object: 'Object Repository/Objects.HighlightElements/input_field_index'

2020-06-09 00:23:25 - [MESSAGE][PASSED] - Call Test Case 'Test Cases/Components/SelectAllThenDeleteXPI' successfully

2020-06-09 00:23:25 - [TEST_STEP][PASSED] - callTestCase(findTestCase("PFI Precision and Scale/PFI Components with Indexing/RequiredFieldValidationXPI"), ["nameToBeUsed":"submInd_6", "index":1], STOP_ON_FAILURE): Call Test Case 'Test Cases/PFI Precision and Scale/PFI Components with Indexing/RequiredFieldValidationXPI' successfully

2020-06-09 00:23:25 - [TEST_CASE][PASSED] - Test Cases/PFI Precision and Scale/PFI Components with Indexing/RequiredFieldValidationXPI: Test Cases/PFI Precision and Scale/PFI Components with Indexing/RequiredFieldValidationXPI

2020-06-09 00:23:25 - [TEST_STEP][PASSED] - enableSmartWait(): null

2020-06-09 00:23:25 - [TEST_STEP][PASSED] - NewInputNmField = modifyObjectProperty(findTestObject("Objects.HighlightElements/input_field_index"), "xpath", "equals", "(//*[contains(@name,'" + nameToBeUsed + "')])[" + index + "]", true): Modify property of object successfully

2020-06-09 00:23:25 - [MESSAGE][PASSED] - Modify property of object successfully

2020-06-09 00:23:25 - [TEST_STEP][PASSED] - getRqErrMsg = getAttribute(NewInputNmField, "data-errorqtip"): Attribute 'data-errorqtip' of object 'Object Repository/Objects.HighlightElements/input_field_index' is: '<ul class="x-list-plain"><li>This field is required</li></ul>'

2020-06-09 00:23:25 - [MESSAGE][PASSED] - Attribute 'data-errorqtip' of object 'Object Repository/Objects.HighlightElements/input_field_index' is: '<ul class="x-list-plain"><li>This field is required</li></ul>'

2020-06-09 00:23:25 - [TEST_STEP][PASSED] - strToolTip = getRqErrMsg.substring(29, 61): null

2020-06-09 00:23:25 - [TEST_STEP][PASSED] - toolTipReqErrMsg = strToolTip.substring(0, 22): null

2020-06-09 00:23:25 - [TEST_STEP][PASSED] - verifyMatch(toolTipReqErrMsg, RqField, true): Actual text 'This field is required' and expected text 'This field is required' are matched  using regular expression

2020-06-09 00:23:25 - [MESSAGE][PASSED] - Actual text 'This field is required' and expected text 'This field is required' are matched  using regular expression

2020-06-09 00:23:25 - [TEST_STEP][PASSED] - delay(3): Delayed 3 second(s)

2020-06-09 00:23:28 - [MESSAGE][PASSED] - Delayed 3 second(s)

2020-06-09 00:23:28 - [TEST_STEP][PASSED] - mouseOver(NewInputNmField): Object: 'Object Repository/Objects.HighlightElements/input_field_index' is hovered

2020-06-09 00:23:29 - [MESSAGE][PASSED] - Object: 'Object Repository/Objects.HighlightElements/input_field_index' is hovered

2020-06-09 00:23:29 - [MESSAGE][PASSED] - Call Test Case 'Test Cases/PFI Precision and Scale/PFI Components with Indexing/RequiredFieldValidationXPI' successfully

2020-06-09 00:23:29 - [TEST_STEP][NOT_RUN] - callTestCase(findTestCase("Components/Logout"), ["LogoutPageTextToBeVerified":findTestData("ISPS2 Test Data").getValue("HomeBanner", 2)], STOP_ON_FAILURE): NOT_RUN: callTestCase(findTestCase("Components/Logout"), ["LogoutPageTextToBeVerified":findTestData("ISPS2 Test Data").getValue("HomeBanner", 2)], STOP_ON_FAILURE)

2020-06-09 00:23:29 - [MESSAGE][NOT_RUN] - NOT_RUN: callTestCase(findTestCase("Components/Logout"), ["LogoutPageTextToBeVerified":findTestData("ISPS2 Test Data").getValue("HomeBanner", 2)], STOP_ON_FAILURE)]]></system-out>
         <system-err><![CDATA[]]></system-err>
      </testcase>
      <testcase name="Test Cases/PFI Precision and Scale/PFI Test Cases/Process Case (PFI)/PFI.ReferToExternalAgencyLHS" time="136.941" classname="Test Cases/PFI Precision and Scale/PFI Test Cases/Process Case (PFI)/PFI.ReferToExternalAgencyLHS" status="PASSED">
         <system-out><![CDATA[2020-06-09 00:23:29 - [TEST_CASE][PASSED] - Test Cases/PFI Precision and Scale/PFI Test Cases/Process Case (PFI)/PFI.ReferToExternalAgencyLHS: Test Cases/PFI Precision and Scale/PFI Test Cases/Process Case (PFI)/PFI.ReferToExternalAgencyLHS

2020-06-09 00:23:29 - [TEST_STEP][NOT_RUN] - callTestCase(findTestCase("Components/LoginV2.0"), ["LinkToBeUsed":findTestData("ISPS2 Test Data").getValue("URL", 2), "LoginPageTextToBeVerified":findTestData("ISPS2 Test Data").getValue("HomeBanner", 2), ... ], STOP_ON_FAILURE): NOT_RUN: callTestCase(findTestCase("Components/LoginV2.0"), ["LinkToBeUsed":findTestData("ISPS2 Test Data").getValue("URL", 2), "LoginPageTextToBeVerified":findTestData("ISPS2 Test Data").getValue("HomeBanner", 2), ... ], STOP_ON_FAILURE)

2020-06-09 00:23:29 - [MESSAGE][NOT_RUN] - NOT_RUN: callTestCase(findTestCase("Components/LoginV2.0"), ["LinkToBeUsed":findTestData("ISPS2 Test Data").getValue("URL", 2), "LoginPageTextToBeVerified":findTestData("ISPS2 Test Data").getValue("HomeBanner", 2), ... ], STOP_ON_FAILURE)

2020-06-09 00:23:29 - [TEST_STEP][NOT_RUN] - callTestCase(findTestCase("Components/NavigateToHomepageHeaders"), ["headerText":"My Tasks"], STOP_ON_FAILURE): NOT_RUN: callTestCase(findTestCase("Components/NavigateToHomepageHeaders"), ["headerText":"My Tasks"], STOP_ON_FAILURE)

2020-06-09 00:23:29 - [MESSAGE][NOT_RUN] - NOT_RUN: callTestCase(findTestCase("Components/NavigateToHomepageHeaders"), ["headerText":"My Tasks"], STOP_ON_FAILURE)

2020-06-09 00:23:29 - [TEST_STEP][NOT_RUN] - callTestCase(findTestCase("Components/Filter"), ["taskDescription":"Process Case (SM)"], STOP_ON_FAILURE): NOT_RUN: callTestCase(findTestCase("Components/Filter"), ["taskDescription":"Process Case (SM)"], STOP_ON_FAILURE)

2020-06-09 00:23:29 - [MESSAGE][NOT_RUN] - NOT_RUN: callTestCase(findTestCase("Components/Filter"), ["taskDescription":"Process Case (SM)"], STOP_ON_FAILURE)

2020-06-09 00:23:29 - [TEST_STEP][NOT_RUN] - callTestCase(findTestCase("Components/ClickLinkDependingOnTextAndIndex"), ["linkName":"Process Case (SM)", "index":"3"], STOP_ON_FAILURE): NOT_RUN: callTestCase(findTestCase("Components/ClickLinkDependingOnTextAndIndex"), ["linkName":"Process Case (SM)", "index":"3"], STOP_ON_FAILURE)

2020-06-09 00:23:29 - [MESSAGE][NOT_RUN] - NOT_RUN: callTestCase(findTestCase("Components/ClickLinkDependingOnTextAndIndex"), ["linkName":"Process Case (SM)", "index":"3"], STOP_ON_FAILURE)

2020-06-09 00:23:29 - [TEST_STEP][PASSED] - callTestCase(findTestCase("Components/NavigateToAnyLHS"), ["LHS":"Refer Case to External Agency"], STOP_ON_FAILURE): Call Test Case 'Test Cases/Components/NavigateToAnyLHS' successfully

2020-06-09 00:23:29 - [TEST_CASE][PASSED] - Test Cases/Components/NavigateToAnyLHS: Test Cases/Components/NavigateToAnyLHS

2020-06-09 00:23:29 - [TEST_STEP][PASSED] - Thread.sleep(1000): null

2020-06-09 00:23:30 - [TEST_STEP][PASSED] - modifiedLHS = modifyObjectProperty(findTestObject("Objects.NavigateToAnyLHS/Page_ISPS2/LHSToModify"), "text", "equals", LHS, true): Modify property of object successfully

2020-06-09 00:23:30 - [MESSAGE][PASSED] - Modify property of object successfully

2020-06-09 00:23:30 - [TEST_STEP][PASSED] - click(modifiedLHS): Object: 'Object Repository/Objects.NavigateToAnyLHS/Page_ISPS2/LHSToModify' is clicked on

2020-06-09 00:23:30 - [MESSAGE][PASSED] - Object: 'Object Repository/Objects.NavigateToAnyLHS/Page_ISPS2/LHSToModify' is clicked on

2020-06-09 00:23:30 - [TEST_STEP][PASSED] - currentLHS = getText(modifiedLHS): Text of object 'Object Repository/Objects.NavigateToAnyLHS/Page_ISPS2/LHSToModify' is: 'Refer Case to External Agency'

2020-06-09 00:23:30 - [MESSAGE][PASSED] - Text of object 'Object Repository/Objects.NavigateToAnyLHS/Page_ISPS2/LHSToModify' is: 'Refer Case to External Agency'

2020-06-09 00:23:30 - [TEST_STEP][PASSED] - Thread.sleep(5000): null

2020-06-09 00:23:35 - [MESSAGE][PASSED] - Call Test Case 'Test Cases/Components/NavigateToAnyLHS' successfully

2020-06-09 00:23:35 - [TEST_STEP][PASSED] - callTestCase(findTestCase("Components/VerifyPageSuccessfullyLoaded"), ["HeaderName":"Refer to External Agency"], STOP_ON_FAILURE): Call Test Case 'Test Cases/Components/VerifyPageSuccessfullyLoaded' successfully

2020-06-09 00:23:35 - [TEST_CASE][PASSED] - Test Cases/Components/VerifyPageSuccessfullyLoaded: Test Cases/Components/VerifyPageSuccessfullyLoaded

2020-06-09 00:23:35 - [TEST_STEP][PASSED] - Thread.sleep(3000): null

2020-06-09 00:23:38 - [TEST_STEP][PASSED] - ModifiedHeaderName = modifyObjectProperty(findTestObject("Objects.VerifyPageSuccessfullyLoaded/PageHeader"), "text", "equals", HeaderName, true): Modify property of object successfully

2020-06-09 00:23:38 - [MESSAGE][PASSED] - Modify property of object successfully

2020-06-09 00:23:38 - [TEST_STEP][PASSED] - verifyElementPresent(ModifiedHeaderName, 30): Object 'Object Repository/Objects.VerifyPageSuccessfullyLoaded/PageHeader' is present

2020-06-09 00:23:46 - [MESSAGE][PASSED] - Object 'Object Repository/Objects.VerifyPageSuccessfullyLoaded/PageHeader' is present

2020-06-09 00:23:46 - [TEST_STEP][PASSED] - com.reusableComponents.HighlightElement.run(ModifiedHeaderName): com.reusableComponents.HighlightElement.run is PASSED

2020-06-09 00:23:46 - [MESSAGE][PASSED] - com.reusableComponents.HighlightElement.run is PASSED

2020-06-09 00:23:46 - [MESSAGE][PASSED] - Call Test Case 'Test Cases/Components/VerifyPageSuccessfullyLoaded' successfully

2020-06-09 00:23:46 - [TEST_STEP][PASSED] - callTestCase(findTestCase("Components/HighlightLabelFieldXPI"), ["LblName":"External Agencies", "index":1], STOP_ON_FAILURE): Call Test Case 'Test Cases/Components/HighlightLabelFieldXPI' successfully

2020-06-09 00:23:46 - [TEST_CASE][PASSED] - Test Cases/Components/HighlightLabelFieldXPI: Test Cases/Components/HighlightLabelFieldXPI

2020-06-09 00:23:47 - [TEST_STEP][PASSED] - Thread.sleep(1000): null

2020-06-09 00:23:48 - [TEST_STEP][PASSED] - modifiedLblNm = modifyObjectProperty(findTestObject("Object Repository/Objects.HighlightElements/lblField_index"), "xpath", "equals", "(//*[contains(@class, 'x-form-item-label-inner x-form-item-label-inner-default') and contains(., '" + LblName + "')])[" + index + "]", true): Modify property of object successfully

2020-06-09 00:23:48 - [MESSAGE][PASSED] - Modify property of object successfully

2020-06-09 00:23:48 - [TEST_STEP][PASSED] - com.reusableComponents.HighlightElement.run(modifiedLblNm): com.reusableComponents.HighlightElement.run is PASSED

2020-06-09 00:23:48 - [MESSAGE][PASSED] - com.reusableComponents.HighlightElement.run is PASSED

2020-06-09 00:23:48 - [MESSAGE][PASSED] - Call Test Case 'Test Cases/Components/HighlightLabelFieldXPI' successfully

2020-06-09 00:23:48 - [TEST_STEP][PASSED] - callTestCase(findTestCase("Components/HighlightInputFieldXPI"), ["FldNm":"extAgenciesCmb", "index":1], STOP_ON_FAILURE): Call Test Case 'Test Cases/Components/HighlightInputFieldXPI' successfully

2020-06-09 00:23:48 - [TEST_CASE][PASSED] - Test Cases/Components/HighlightInputFieldXPI: Test Cases/Components/HighlightInputFieldXPI

2020-06-09 00:23:48 - [TEST_STEP][PASSED] - Thread.sleep(1000): null

2020-06-09 00:23:49 - [TEST_STEP][PASSED] - modifiedInputNm = modifyObjectProperty(findTestObject("Object Repository/Objects.HighlightElements/input_field_index"), "xpath", "equals", "(//*[contains(@name, '" + FldNm + "')])[" + index + "]", true): Modify property of object successfully

2020-06-09 00:23:49 - [MESSAGE][PASSED] - Modify property of object successfully

2020-06-09 00:23:49 - [TEST_STEP][PASSED] - com.reusableComponents.HighlightElement.run(modifiedInputNm): com.reusableComponents.HighlightElement.run is PASSED

2020-06-09 00:23:50 - [MESSAGE][PASSED] - com.reusableComponents.HighlightElement.run is PASSED

2020-06-09 00:23:50 - [MESSAGE][PASSED] - Call Test Case 'Test Cases/Components/HighlightInputFieldXPI' successfully

2020-06-09 00:23:50 - [TEST_STEP][PASSED] - callTestCase(findTestCase("PFI Precision and Scale/PFI Components with Indexing/VerifyDropdownValuesXPI"), ["FldNm":"extAgenciesCmb", "index":1, "CallTCName":"PFI Precision and Scale/HashMap Tables/ExternalAgencyLists", "cmbNm":"", ... ], STOP_ON_FAILURE): Call Test Case 'Test Cases/PFI Precision and Scale/PFI Components with Indexing/VerifyDropdownValuesXPI' successfully

2020-06-09 00:23:50 - [TEST_CASE][PASSED] - Test Cases/PFI Precision and Scale/PFI Components with Indexing/VerifyDropdownValuesXPI: Test Cases/PFI Precision and Scale/PFI Components with Indexing/VerifyDropdownValuesXPI

2020-06-09 00:23:50 - [TEST_STEP][PASSED] - Thread.sleep(1000): null

2020-06-09 00:23:51 - [TEST_STEP][PASSED] - NewInputNmField = modifyObjectProperty(findTestObject("Object Repository/Objects.HighlightElements/input_field_index"), "xpath", "equals", "(//*[contains(@name, '" + FldNm + "')])[" + index + "]", true): Modify property of object successfully

2020-06-09 00:23:51 - [MESSAGE][PASSED] - Modify property of object successfully

2020-06-09 00:23:51 - [TEST_STEP][PASSED] - comboNm = cmbNm: null

2020-06-09 00:23:51 - [TEST_STEP][PASSED] - focus(NewInputNmField): Object: 'Object Repository/Objects.HighlightElements/input_field_index' is focused

2020-06-09 00:23:51 - [MESSAGE][PASSED] - Object: 'Object Repository/Objects.HighlightElements/input_field_index' is focused

2020-06-09 00:23:51 - [TEST_STEP][PASSED] - setText(NewInputNmField, EnterValue): Text '' is set on object 'Object Repository/Objects.HighlightElements/input_field_index'

2020-06-09 00:23:51 - [MESSAGE][PASSED] - Text '' is set on object 'Object Repository/Objects.HighlightElements/input_field_index'

2020-06-09 00:23:51 - [TEST_STEP][PASSED] - for ([i = 1, i <= NoOfVal, (i++)]): Keys 'DOWN + ' sent to object: 'Object Repository/Objects.HighlightElements/input_field_index'

2020-06-09 00:23:51 - [TEST_STEP][PASSED] - sendKeys(NewInputNmField, Keys.chord(ARROW_DOWN)): Keys 'DOWN + ' sent to object: 'Object Repository/Objects.HighlightElements/input_field_index'

2020-06-09 00:23:51 - [MESSAGE][PASSED] - Keys 'DOWN + ' sent to object: 'Object Repository/Objects.HighlightElements/input_field_index'

2020-06-09 00:23:51 - [TEST_STEP][PASSED] - delay(DelayTime): Delayed 2 second(s)

2020-06-09 00:23:53 - [MESSAGE][PASSED] - Delayed 2 second(s)

2020-06-09 00:23:53 - [TEST_STEP][PASSED] - sendKeys(NewInputNmField, Keys.chord(ENTER)): Keys 'ENTER + ' sent to object: 'Object Repository/Objects.HighlightElements/input_field_index'

2020-06-09 00:23:53 - [MESSAGE][PASSED] - Keys 'ENTER + ' sent to object: 'Object Repository/Objects.HighlightElements/input_field_index'

2020-06-09 00:23:53 - [TEST_STEP][PASSED] - ComboBoxValue = getAttribute(NewInputNmField, "value"): Attribute 'value' of object 'Object Repository/Objects.HighlightElements/input_field_index' is: ''

2020-06-09 00:23:53 - [MESSAGE][PASSED] - Attribute 'value' of object 'Object Repository/Objects.HighlightElements/input_field_index' is: ''

2020-06-09 00:23:53 - [TEST_STEP][PASSED] - callTestCase(findTestCase(CallTCName), ["FindValue":ComboBoxValue, "DropdownNm":comboNm], STOP_ON_FAILURE): Call Test Case 'Test Cases/PFI Precision and Scale/HashMap Tables/ExternalAgencyLists' successfully

2020-06-09 00:23:53 - [TEST_CASE][PASSED] - Test Cases/PFI Precision and Scale/HashMap Tables/ExternalAgencyLists: Test Cases/PFI Precision and Scale/HashMap Tables/ExternalAgencyLists

2020-06-09 00:23:53 - [TEST_STEP][PASSED] - Thread.sleep(1000): null

2020-06-09 00:23:54 - [TEST_STEP][PASSED] - ExtAgencyTBL = [1:"HDB", 2:"AVA", 3:"CAAS", 4:"DSTA", 5:"EXXONMOBIL", 6:"Embassy", 7:"JTC Cat 1A", 8:"MBS- Marina Bay Sands", 9:"MCYS", 10:"MICA", ... ]: null

2020-06-09 00:23:54 - [TEST_STEP][PASSED] - ValueFound = ExtAgencyTBL.find({ -> ... }): null

2020-06-09 00:23:54 - [MESSAGE][PASSED] - Call Test Case 'Test Cases/PFI Precision and Scale/HashMap Tables/ExternalAgencyLists' successfully

2020-06-09 00:23:54 - [TEST_STEP][PASSED] - println(ValueFound): null

2020-06-09 00:23:54 - [TEST_STEP][PASSED] - sendKeys(NewInputNmField, Keys.chord(ARROW_DOWN)): Keys 'DOWN + ' sent to object: 'Object Repository/Objects.HighlightElements/input_field_index'

2020-06-09 00:23:54 - [MESSAGE][PASSED] - Keys 'DOWN + ' sent to object: 'Object Repository/Objects.HighlightElements/input_field_index'

2020-06-09 00:23:54 - [TEST_STEP][PASSED] - sendKeys(NewInputNmField, Keys.chord(ARROW_DOWN)): Keys 'DOWN + ' sent to object: 'Object Repository/Objects.HighlightElements/input_field_index'

2020-06-09 00:23:54 - [MESSAGE][PASSED] - Keys 'DOWN + ' sent to object: 'Object Repository/Objects.HighlightElements/input_field_index'

2020-06-09 00:23:54 - [TEST_STEP][PASSED] - delay(DelayTime): Delayed 2 second(s)

2020-06-09 00:23:56 - [MESSAGE][PASSED] - Delayed 2 second(s)

2020-06-09 00:23:56 - [TEST_STEP][PASSED] - sendKeys(NewInputNmField, Keys.chord(ENTER)): Keys 'ENTER + ' sent to object: 'Object Repository/Objects.HighlightElements/input_field_index'

2020-06-09 00:23:56 - [MESSAGE][PASSED] - Keys 'ENTER + ' sent to object: 'Object Repository/Objects.HighlightElements/input_field_index'

2020-06-09 00:23:56 - [TEST_STEP][PASSED] - ComboBoxValue = getAttribute(NewInputNmField, "value"): Attribute 'value' of object 'Object Repository/Objects.HighlightElements/input_field_index' is: 'HDB'

2020-06-09 00:23:56 - [MESSAGE][PASSED] - Attribute 'value' of object 'Object Repository/Objects.HighlightElements/input_field_index' is: 'HDB'

2020-06-09 00:23:56 - [TEST_STEP][PASSED] - callTestCase(findTestCase(CallTCName), ["FindValue":ComboBoxValue, "DropdownNm":comboNm], STOP_ON_FAILURE): Call Test Case 'Test Cases/PFI Precision and Scale/HashMap Tables/ExternalAgencyLists' successfully

2020-06-09 00:23:56 - [TEST_CASE][PASSED] - Test Cases/PFI Precision and Scale/HashMap Tables/ExternalAgencyLists: Test Cases/PFI Precision and Scale/HashMap Tables/ExternalAgencyLists

2020-06-09 00:23:56 - [TEST_STEP][PASSED] - Thread.sleep(1000): null

2020-06-09 00:23:57 - [TEST_STEP][PASSED] - ExtAgencyTBL = [1:"HDB", 2:"AVA", 3:"CAAS", 4:"DSTA", 5:"EXXONMOBIL", 6:"Embassy", 7:"JTC Cat 1A", 8:"MBS- Marina Bay Sands", 9:"MCYS", 10:"MICA", ... ]: null

2020-06-09 00:23:57 - [TEST_STEP][PASSED] - ValueFound = ExtAgencyTBL.find({ -> ... }): null

2020-06-09 00:23:57 - [MESSAGE][PASSED] - Call Test Case 'Test Cases/PFI Precision and Scale/HashMap Tables/ExternalAgencyLists' successfully

2020-06-09 00:23:57 - [TEST_STEP][PASSED] - println(ValueFound): null

2020-06-09 00:23:57 - [TEST_STEP][PASSED] - sendKeys(NewInputNmField, Keys.chord(ARROW_DOWN)): Keys 'DOWN + ' sent to object: 'Object Repository/Objects.HighlightElements/input_field_index'

2020-06-09 00:23:57 - [MESSAGE][PASSED] - Keys 'DOWN + ' sent to object: 'Object Repository/Objects.HighlightElements/input_field_index'

2020-06-09 00:23:57 - [TEST_STEP][PASSED] - sendKeys(NewInputNmField, Keys.chord(ARROW_DOWN)): Keys 'DOWN + ' sent to object: 'Object Repository/Objects.HighlightElements/input_field_index'

2020-06-09 00:23:57 - [MESSAGE][PASSED] - Keys 'DOWN + ' sent to object: 'Object Repository/Objects.HighlightElements/input_field_index'

2020-06-09 00:23:57 - [TEST_STEP][PASSED] - delay(DelayTime): Delayed 2 second(s)

2020-06-09 00:23:59 - [MESSAGE][PASSED] - Delayed 2 second(s)

2020-06-09 00:23:59 - [TEST_STEP][PASSED] - sendKeys(NewInputNmField, Keys.chord(ENTER)): Keys 'ENTER + ' sent to object: 'Object Repository/Objects.HighlightElements/input_field_index'

2020-06-09 00:24:00 - [MESSAGE][PASSED] - Keys 'ENTER + ' sent to object: 'Object Repository/Objects.HighlightElements/input_field_index'

2020-06-09 00:24:00 - [TEST_STEP][PASSED] - ComboBoxValue = getAttribute(NewInputNmField, "value"): Attribute 'value' of object 'Object Repository/Objects.HighlightElements/input_field_index' is: 'AVA '

2020-06-09 00:24:00 - [MESSAGE][PASSED] - Attribute 'value' of object 'Object Repository/Objects.HighlightElements/input_field_index' is: 'AVA '

2020-06-09 00:24:00 - [TEST_STEP][PASSED] - callTestCase(findTestCase(CallTCName), ["FindValue":ComboBoxValue, "DropdownNm":comboNm], STOP_ON_FAILURE): Call Test Case 'Test Cases/PFI Precision and Scale/HashMap Tables/ExternalAgencyLists' successfully

2020-06-09 00:24:00 - [TEST_CASE][PASSED] - Test Cases/PFI Precision and Scale/HashMap Tables/ExternalAgencyLists: Test Cases/PFI Precision and Scale/HashMap Tables/ExternalAgencyLists

2020-06-09 00:24:00 - [TEST_STEP][PASSED] - Thread.sleep(1000): null

2020-06-09 00:24:01 - [TEST_STEP][PASSED] - ExtAgencyTBL = [1:"HDB", 2:"AVA", 3:"CAAS", 4:"DSTA", 5:"EXXONMOBIL", 6:"Embassy", 7:"JTC Cat 1A", 8:"MBS- Marina Bay Sands", 9:"MCYS", 10:"MICA", ... ]: null

2020-06-09 00:24:01 - [TEST_STEP][PASSED] - ValueFound = ExtAgencyTBL.find({ -> ... }): null

2020-06-09 00:24:01 - [MESSAGE][PASSED] - Call Test Case 'Test Cases/PFI Precision and Scale/HashMap Tables/ExternalAgencyLists' successfully

2020-06-09 00:24:01 - [TEST_STEP][PASSED] - println(ValueFound): null

2020-06-09 00:24:01 - [TEST_STEP][PASSED] - sendKeys(NewInputNmField, Keys.chord(ARROW_DOWN)): Keys 'DOWN + ' sent to object: 'Object Repository/Objects.HighlightElements/input_field_index'

2020-06-09 00:24:01 - [MESSAGE][PASSED] - Keys 'DOWN + ' sent to object: 'Object Repository/Objects.HighlightElements/input_field_index'

2020-06-09 00:24:01 - [TEST_STEP][PASSED] - sendKeys(NewInputNmField, Keys.chord(ARROW_DOWN)): Keys 'DOWN + ' sent to object: 'Object Repository/Objects.HighlightElements/input_field_index'

2020-06-09 00:24:01 - [MESSAGE][PASSED] - Keys 'DOWN + ' sent to object: 'Object Repository/Objects.HighlightElements/input_field_index'

2020-06-09 00:24:01 - [TEST_STEP][PASSED] - delay(DelayTime): Delayed 2 second(s)

2020-06-09 00:24:03 - [MESSAGE][PASSED] - Delayed 2 second(s)

2020-06-09 00:24:03 - [TEST_STEP][PASSED] - sendKeys(NewInputNmField, Keys.chord(ENTER)): Keys 'ENTER + ' sent to object: 'Object Repository/Objects.HighlightElements/input_field_index'

2020-06-09 00:24:03 - [MESSAGE][PASSED] - Keys 'ENTER + ' sent to object: 'Object Repository/Objects.HighlightElements/input_field_index'

2020-06-09 00:24:03 - [TEST_STEP][PASSED] - ComboBoxValue = getAttribute(NewInputNmField, "value"): Attribute 'value' of object 'Object Repository/Objects.HighlightElements/input_field_index' is: 'CAAS'

2020-06-09 00:24:03 - [MESSAGE][PASSED] - Attribute 'value' of object 'Object Repository/Objects.HighlightElements/input_field_index' is: 'CAAS'

2020-06-09 00:24:03 - [TEST_STEP][PASSED] - callTestCase(findTestCase(CallTCName), ["FindValue":ComboBoxValue, "DropdownNm":comboNm], STOP_ON_FAILURE): Call Test Case 'Test Cases/PFI Precision and Scale/HashMap Tables/ExternalAgencyLists' successfully

2020-06-09 00:24:03 - [TEST_CASE][PASSED] - Test Cases/PFI Precision and Scale/HashMap Tables/ExternalAgencyLists: Test Cases/PFI Precision and Scale/HashMap Tables/ExternalAgencyLists

2020-06-09 00:24:03 - [TEST_STEP][PASSED] - Thread.sleep(1000): null

2020-06-09 00:24:04 - [TEST_STEP][PASSED] - ExtAgencyTBL = [1:"HDB", 2:"AVA", 3:"CAAS", 4:"DSTA", 5:"EXXONMOBIL", 6:"Embassy", 7:"JTC Cat 1A", 8:"MBS- Marina Bay Sands", 9:"MCYS", 10:"MICA", ... ]: null

2020-06-09 00:24:04 - [TEST_STEP][PASSED] - ValueFound = ExtAgencyTBL.find({ -> ... }): null

2020-06-09 00:24:04 - [MESSAGE][PASSED] - Call Test Case 'Test Cases/PFI Precision and Scale/HashMap Tables/ExternalAgencyLists' successfully

2020-06-09 00:24:04 - [TEST_STEP][PASSED] - println(ValueFound): null

2020-06-09 00:24:04 - [TEST_STEP][PASSED] - sendKeys(NewInputNmField, Keys.chord(ARROW_DOWN)): Keys 'DOWN + ' sent to object: 'Object Repository/Objects.HighlightElements/input_field_index'

2020-06-09 00:24:04 - [MESSAGE][PASSED] - Keys 'DOWN + ' sent to object: 'Object Repository/Objects.HighlightElements/input_field_index'

2020-06-09 00:24:04 - [TEST_STEP][PASSED] - sendKeys(NewInputNmField, Keys.chord(ARROW_DOWN)): Keys 'DOWN + ' sent to object: 'Object Repository/Objects.HighlightElements/input_field_index'

2020-06-09 00:24:04 - [MESSAGE][PASSED] - Keys 'DOWN + ' sent to object: 'Object Repository/Objects.HighlightElements/input_field_index'

2020-06-09 00:24:04 - [TEST_STEP][PASSED] - delay(DelayTime): Delayed 2 second(s)

2020-06-09 00:24:06 - [MESSAGE][PASSED] - Delayed 2 second(s)

2020-06-09 00:24:06 - [TEST_STEP][PASSED] - sendKeys(NewInputNmField, Keys.chord(ENTER)): Keys 'ENTER + ' sent to object: 'Object Repository/Objects.HighlightElements/input_field_index'

2020-06-09 00:24:06 - [MESSAGE][PASSED] - Keys 'ENTER + ' sent to object: 'Object Repository/Objects.HighlightElements/input_field_index'

2020-06-09 00:24:06 - [TEST_STEP][PASSED] - ComboBoxValue = getAttribute(NewInputNmField, "value"): Attribute 'value' of object 'Object Repository/Objects.HighlightElements/input_field_index' is: 'DSTA'

2020-06-09 00:24:06 - [MESSAGE][PASSED] - Attribute 'value' of object 'Object Repository/Objects.HighlightElements/input_field_index' is: 'DSTA'

2020-06-09 00:24:06 - [TEST_STEP][PASSED] - callTestCase(findTestCase(CallTCName), ["FindValue":ComboBoxValue, "DropdownNm":comboNm], STOP_ON_FAILURE): Call Test Case 'Test Cases/PFI Precision and Scale/HashMap Tables/ExternalAgencyLists' successfully

2020-06-09 00:24:06 - [TEST_CASE][PASSED] - Test Cases/PFI Precision and Scale/HashMap Tables/ExternalAgencyLists: Test Cases/PFI Precision and Scale/HashMap Tables/ExternalAgencyLists

2020-06-09 00:24:06 - [TEST_STEP][PASSED] - Thread.sleep(1000): null

2020-06-09 00:24:07 - [TEST_STEP][PASSED] - ExtAgencyTBL = [1:"HDB", 2:"AVA", 3:"CAAS", 4:"DSTA", 5:"EXXONMOBIL", 6:"Embassy", 7:"JTC Cat 1A", 8:"MBS- Marina Bay Sands", 9:"MCYS", 10:"MICA", ... ]: null

2020-06-09 00:24:07 - [TEST_STEP][PASSED] - ValueFound = ExtAgencyTBL.find({ -> ... }): null

2020-06-09 00:24:07 - [MESSAGE][PASSED] - Call Test Case 'Test Cases/PFI Precision and Scale/HashMap Tables/ExternalAgencyLists' successfully

2020-06-09 00:24:07 - [TEST_STEP][PASSED] - println(ValueFound): null

2020-06-09 00:24:07 - [TEST_STEP][PASSED] - sendKeys(NewInputNmField, Keys.chord(ARROW_DOWN)): Keys 'DOWN + ' sent to object: 'Object Repository/Objects.HighlightElements/input_field_index'

2020-06-09 00:24:07 - [MESSAGE][PASSED] - Keys 'DOWN + ' sent to object: 'Object Repository/Objects.HighlightElements/input_field_index'

2020-06-09 00:24:07 - [TEST_STEP][PASSED] - sendKeys(NewInputNmField, Keys.chord(ARROW_DOWN)): Keys 'DOWN + ' sent to object: 'Object Repository/Objects.HighlightElements/input_field_index'

2020-06-09 00:24:07 - [MESSAGE][PASSED] - Keys 'DOWN + ' sent to object: 'Object Repository/Objects.HighlightElements/input_field_index'

2020-06-09 00:24:07 - [TEST_STEP][PASSED] - delay(DelayTime): Delayed 2 second(s)

2020-06-09 00:24:09 - [MESSAGE][PASSED] - Delayed 2 second(s)

2020-06-09 00:24:09 - [TEST_STEP][PASSED] - sendKeys(NewInputNmField, Keys.chord(ENTER)): Keys 'ENTER + ' sent to object: 'Object Repository/Objects.HighlightElements/input_field_index'

2020-06-09 00:24:09 - [MESSAGE][PASSED] - Keys 'ENTER + ' sent to object: 'Object Repository/Objects.HighlightElements/input_field_index'

2020-06-09 00:24:09 - [TEST_STEP][PASSED] - ComboBoxValue = getAttribute(NewInputNmField, "value"): Attribute 'value' of object 'Object Repository/Objects.HighlightElements/input_field_index' is: 'EXXONMOBIL'

2020-06-09 00:24:09 - [MESSAGE][PASSED] - Attribute 'value' of object 'Object Repository/Objects.HighlightElements/input_field_index' is: 'EXXONMOBIL'

2020-06-09 00:24:09 - [TEST_STEP][PASSED] - callTestCase(findTestCase(CallTCName), ["FindValue":ComboBoxValue, "DropdownNm":comboNm], STOP_ON_FAILURE): Call Test Case 'Test Cases/PFI Precision and Scale/HashMap Tables/ExternalAgencyLists' successfully

2020-06-09 00:24:09 - [TEST_CASE][PASSED] - Test Cases/PFI Precision and Scale/HashMap Tables/ExternalAgencyLists: Test Cases/PFI Precision and Scale/HashMap Tables/ExternalAgencyLists

2020-06-09 00:24:09 - [TEST_STEP][PASSED] - Thread.sleep(1000): null

2020-06-09 00:24:10 - [TEST_STEP][PASSED] - ExtAgencyTBL = [1:"HDB", 2:"AVA", 3:"CAAS", 4:"DSTA", 5:"EXXONMOBIL", 6:"Embassy", 7:"JTC Cat 1A", 8:"MBS- Marina Bay Sands", 9:"MCYS", 10:"MICA", ... ]: null

2020-06-09 00:24:10 - [TEST_STEP][PASSED] - ValueFound = ExtAgencyTBL.find({ -> ... }): null

2020-06-09 00:24:10 - [MESSAGE][PASSED] - Call Test Case 'Test Cases/PFI Precision and Scale/HashMap Tables/ExternalAgencyLists' successfully

2020-06-09 00:24:10 - [TEST_STEP][PASSED] - println(ValueFound): null

2020-06-09 00:24:10 - [TEST_STEP][PASSED] - sendKeys(NewInputNmField, Keys.chord(ARROW_DOWN)): Keys 'DOWN + ' sent to object: 'Object Repository/Objects.HighlightElements/input_field_index'

2020-06-09 00:24:10 - [MESSAGE][PASSED] - Keys 'DOWN + ' sent to object: 'Object Repository/Objects.HighlightElements/input_field_index'

2020-06-09 00:24:10 - [TEST_STEP][PASSED] - sendKeys(NewInputNmField, Keys.chord(ARROW_DOWN)): Keys 'DOWN + ' sent to object: 'Object Repository/Objects.HighlightElements/input_field_index'

2020-06-09 00:24:10 - [MESSAGE][PASSED] - Keys 'DOWN + ' sent to object: 'Object Repository/Objects.HighlightElements/input_field_index'

2020-06-09 00:24:10 - [TEST_STEP][PASSED] - delay(DelayTime): Delayed 2 second(s)

2020-06-09 00:24:12 - [MESSAGE][PASSED] - Delayed 2 second(s)

2020-06-09 00:24:12 - [TEST_STEP][PASSED] - sendKeys(NewInputNmField, Keys.chord(ENTER)): Keys 'ENTER + ' sent to object: 'Object Repository/Objects.HighlightElements/input_field_index'

2020-06-09 00:24:13 - [MESSAGE][PASSED] - Keys 'ENTER + ' sent to object: 'Object Repository/Objects.HighlightElements/input_field_index'

2020-06-09 00:24:13 - [TEST_STEP][PASSED] - ComboBoxValue = getAttribute(NewInputNmField, "value"): Attribute 'value' of object 'Object Repository/Objects.HighlightElements/input_field_index' is: 'Embassy'

2020-06-09 00:24:13 - [MESSAGE][PASSED] - Attribute 'value' of object 'Object Repository/Objects.HighlightElements/input_field_index' is: 'Embassy'

2020-06-09 00:24:13 - [TEST_STEP][PASSED] - callTestCase(findTestCase(CallTCName), ["FindValue":ComboBoxValue, "DropdownNm":comboNm], STOP_ON_FAILURE): Call Test Case 'Test Cases/PFI Precision and Scale/HashMap Tables/ExternalAgencyLists' successfully

2020-06-09 00:24:13 - [TEST_CASE][PASSED] - Test Cases/PFI Precision and Scale/HashMap Tables/ExternalAgencyLists: Test Cases/PFI Precision and Scale/HashMap Tables/ExternalAgencyLists

2020-06-09 00:24:13 - [TEST_STEP][PASSED] - Thread.sleep(1000): null

2020-06-09 00:24:14 - [TEST_STEP][PASSED] - ExtAgencyTBL = [1:"HDB", 2:"AVA", 3:"CAAS", 4:"DSTA", 5:"EXXONMOBIL", 6:"Embassy", 7:"JTC Cat 1A", 8:"MBS- Marina Bay Sands", 9:"MCYS", 10:"MICA", ... ]: null

2020-06-09 00:24:14 - [TEST_STEP][PASSED] - ValueFound = ExtAgencyTBL.find({ -> ... }): null

2020-06-09 00:24:14 - [MESSAGE][PASSED] - Call Test Case 'Test Cases/PFI Precision and Scale/HashMap Tables/ExternalAgencyLists' successfully

2020-06-09 00:24:14 - [TEST_STEP][PASSED] - println(ValueFound): null

2020-06-09 00:24:14 - [TEST_STEP][PASSED] - sendKeys(NewInputNmField, Keys.chord(ARROW_DOWN)): Keys 'DOWN + ' sent to object: 'Object Repository/Objects.HighlightElements/input_field_index'

2020-06-09 00:24:14 - [MESSAGE][PASSED] - Keys 'DOWN + ' sent to object: 'Object Repository/Objects.HighlightElements/input_field_index'

2020-06-09 00:24:14 - [TEST_STEP][PASSED] - sendKeys(NewInputNmField, Keys.chord(ARROW_DOWN)): Keys 'DOWN + ' sent to object: 'Object Repository/Objects.HighlightElements/input_field_index'

2020-06-09 00:24:14 - [MESSAGE][PASSED] - Keys 'DOWN + ' sent to object: 'Object Repository/Objects.HighlightElements/input_field_index'

2020-06-09 00:24:14 - [TEST_STEP][PASSED] - delay(DelayTime): Delayed 2 second(s)

2020-06-09 00:24:16 - [MESSAGE][PASSED] - Delayed 2 second(s)

2020-06-09 00:24:16 - [TEST_STEP][PASSED] - sendKeys(NewInputNmField, Keys.chord(ENTER)): Keys 'ENTER + ' sent to object: 'Object Repository/Objects.HighlightElements/input_field_index'

2020-06-09 00:24:16 - [MESSAGE][PASSED] - Keys 'ENTER + ' sent to object: 'Object Repository/Objects.HighlightElements/input_field_index'

2020-06-09 00:24:16 - [TEST_STEP][PASSED] - ComboBoxValue = getAttribute(NewInputNmField, "value"): Attribute 'value' of object 'Object Repository/Objects.HighlightElements/input_field_index' is: 'JTC Cat 1A'

2020-06-09 00:24:16 - [MESSAGE][PASSED] - Attribute 'value' of object 'Object Repository/Objects.HighlightElements/input_field_index' is: 'JTC Cat 1A'

2020-06-09 00:24:16 - [TEST_STEP][PASSED] - callTestCase(findTestCase(CallTCName), ["FindValue":ComboBoxValue, "DropdownNm":comboNm], STOP_ON_FAILURE): Call Test Case 'Test Cases/PFI Precision and Scale/HashMap Tables/ExternalAgencyLists' successfully

2020-06-09 00:24:16 - [TEST_CASE][PASSED] - Test Cases/PFI Precision and Scale/HashMap Tables/ExternalAgencyLists: Test Cases/PFI Precision and Scale/HashMap Tables/ExternalAgencyLists

2020-06-09 00:24:16 - [TEST_STEP][PASSED] - Thread.sleep(1000): null

2020-06-09 00:24:17 - [TEST_STEP][PASSED] - ExtAgencyTBL = [1:"HDB", 2:"AVA", 3:"CAAS", 4:"DSTA", 5:"EXXONMOBIL", 6:"Embassy", 7:"JTC Cat 1A", 8:"MBS- Marina Bay Sands", 9:"MCYS", 10:"MICA", ... ]: null

2020-06-09 00:24:17 - [TEST_STEP][PASSED] - ValueFound = ExtAgencyTBL.find({ -> ... }): null

2020-06-09 00:24:17 - [MESSAGE][PASSED] - Call Test Case 'Test Cases/PFI Precision and Scale/HashMap Tables/ExternalAgencyLists' successfully

2020-06-09 00:24:17 - [TEST_STEP][PASSED] - println(ValueFound): null

2020-06-09 00:24:17 - [TEST_STEP][PASSED] - sendKeys(NewInputNmField, Keys.chord(ARROW_DOWN)): Keys 'DOWN + ' sent to object: 'Object Repository/Objects.HighlightElements/input_field_index'

2020-06-09 00:24:17 - [MESSAGE][PASSED] - Keys 'DOWN + ' sent to object: 'Object Repository/Objects.HighlightElements/input_field_index'

2020-06-09 00:24:17 - [TEST_STEP][PASSED] - sendKeys(NewInputNmField, Keys.chord(ARROW_DOWN)): Keys 'DOWN + ' sent to object: 'Object Repository/Objects.HighlightElements/input_field_index'

2020-06-09 00:24:17 - [MESSAGE][PASSED] - Keys 'DOWN + ' sent to object: 'Object Repository/Objects.HighlightElements/input_field_index'

2020-06-09 00:24:17 - [TEST_STEP][PASSED] - delay(DelayTime): Delayed 2 second(s)

2020-06-09 00:24:19 - [MESSAGE][PASSED] - Delayed 2 second(s)

2020-06-09 00:24:19 - [TEST_STEP][PASSED] - sendKeys(NewInputNmField, Keys.chord(ENTER)): Keys 'ENTER + ' sent to object: 'Object Repository/Objects.HighlightElements/input_field_index'

2020-06-09 00:24:19 - [MESSAGE][PASSED] - Keys 'ENTER + ' sent to object: 'Object Repository/Objects.HighlightElements/input_field_index'

2020-06-09 00:24:19 - [TEST_STEP][PASSED] - ComboBoxValue = getAttribute(NewInputNmField, "value"): Attribute 'value' of object 'Object Repository/Objects.HighlightElements/input_field_index' is: 'MBS- Marina Bay Sands'

2020-06-09 00:24:19 - [MESSAGE][PASSED] - Attribute 'value' of object 'Object Repository/Objects.HighlightElements/input_field_index' is: 'MBS- Marina Bay Sands'

2020-06-09 00:24:19 - [TEST_STEP][PASSED] - callTestCase(findTestCase(CallTCName), ["FindValue":ComboBoxValue, "DropdownNm":comboNm], STOP_ON_FAILURE): Call Test Case 'Test Cases/PFI Precision and Scale/HashMap Tables/ExternalAgencyLists' successfully

2020-06-09 00:24:19 - [TEST_CASE][PASSED] - Test Cases/PFI Precision and Scale/HashMap Tables/ExternalAgencyLists: Test Cases/PFI Precision and Scale/HashMap Tables/ExternalAgencyLists

2020-06-09 00:24:19 - [TEST_STEP][PASSED] - Thread.sleep(1000): null

2020-06-09 00:24:20 - [TEST_STEP][PASSED] - ExtAgencyTBL = [1:"HDB", 2:"AVA", 3:"CAAS", 4:"DSTA", 5:"EXXONMOBIL", 6:"Embassy", 7:"JTC Cat 1A", 8:"MBS- Marina Bay Sands", 9:"MCYS", 10:"MICA", ... ]: null

2020-06-09 00:24:20 - [TEST_STEP][PASSED] - ValueFound = ExtAgencyTBL.find({ -> ... }): null

2020-06-09 00:24:20 - [MESSAGE][PASSED] - Call Test Case 'Test Cases/PFI Precision and Scale/HashMap Tables/ExternalAgencyLists' successfully

2020-06-09 00:24:20 - [TEST_STEP][PASSED] - println(ValueFound): null

2020-06-09 00:24:20 - [TEST_STEP][PASSED] - sendKeys(NewInputNmField, Keys.chord(ARROW_DOWN)): Keys 'DOWN + ' sent to object: 'Object Repository/Objects.HighlightElements/input_field_index'

2020-06-09 00:24:20 - [MESSAGE][PASSED] - Keys 'DOWN + ' sent to object: 'Object Repository/Objects.HighlightElements/input_field_index'

2020-06-09 00:24:20 - [TEST_STEP][PASSED] - sendKeys(NewInputNmField, Keys.chord(ARROW_DOWN)): Keys 'DOWN + ' sent to object: 'Object Repository/Objects.HighlightElements/input_field_index'

2020-06-09 00:24:20 - [MESSAGE][PASSED] - Keys 'DOWN + ' sent to object: 'Object Repository/Objects.HighlightElements/input_field_index'

2020-06-09 00:24:20 - [TEST_STEP][PASSED] - delay(DelayTime): Delayed 2 second(s)

2020-06-09 00:24:22 - [MESSAGE][PASSED] - Delayed 2 second(s)

2020-06-09 00:24:22 - [TEST_STEP][PASSED] - sendKeys(NewInputNmField, Keys.chord(ENTER)): Keys 'ENTER + ' sent to object: 'Object Repository/Objects.HighlightElements/input_field_index'

2020-06-09 00:24:22 - [MESSAGE][PASSED] - Keys 'ENTER + ' sent to object: 'Object Repository/Objects.HighlightElements/input_field_index'

2020-06-09 00:24:22 - [TEST_STEP][PASSED] - ComboBoxValue = getAttribute(NewInputNmField, "value"): Attribute 'value' of object 'Object Repository/Objects.HighlightElements/input_field_index' is: 'MCYS'

2020-06-09 00:24:22 - [MESSAGE][PASSED] - Attribute 'value' of object 'Object Repository/Objects.HighlightElements/input_field_index' is: 'MCYS'

2020-06-09 00:24:22 - [TEST_STEP][PASSED] - callTestCase(findTestCase(CallTCName), ["FindValue":ComboBoxValue, "DropdownNm":comboNm], STOP_ON_FAILURE): Call Test Case 'Test Cases/PFI Precision and Scale/HashMap Tables/ExternalAgencyLists' successfully

2020-06-09 00:24:22 - [TEST_CASE][PASSED] - Test Cases/PFI Precision and Scale/HashMap Tables/ExternalAgencyLists: Test Cases/PFI Precision and Scale/HashMap Tables/ExternalAgencyLists

2020-06-09 00:24:22 - [TEST_STEP][PASSED] - Thread.sleep(1000): null

2020-06-09 00:24:23 - [TEST_STEP][PASSED] - ExtAgencyTBL = [1:"HDB", 2:"AVA", 3:"CAAS", 4:"DSTA", 5:"EXXONMOBIL", 6:"Embassy", 7:"JTC Cat 1A", 8:"MBS- Marina Bay Sands", 9:"MCYS", 10:"MICA", ... ]: null

2020-06-09 00:24:23 - [TEST_STEP][PASSED] - ValueFound = ExtAgencyTBL.find({ -> ... }): null

2020-06-09 00:24:23 - [MESSAGE][PASSED] - Call Test Case 'Test Cases/PFI Precision and Scale/HashMap Tables/ExternalAgencyLists' successfully

2020-06-09 00:24:23 - [TEST_STEP][PASSED] - println(ValueFound): null

2020-06-09 00:24:23 - [TEST_STEP][PASSED] - sendKeys(NewInputNmField, Keys.chord(ARROW_DOWN)): Keys 'DOWN + ' sent to object: 'Object Repository/Objects.HighlightElements/input_field_index'

2020-06-09 00:24:23 - [MESSAGE][PASSED] - Keys 'DOWN + ' sent to object: 'Object Repository/Objects.HighlightElements/input_field_index'

2020-06-09 00:24:23 - [TEST_STEP][PASSED] - sendKeys(NewInputNmField, Keys.chord(ARROW_DOWN)): Keys 'DOWN + ' sent to object: 'Object Repository/Objects.HighlightElements/input_field_index'

2020-06-09 00:24:23 - [MESSAGE][PASSED] - Keys 'DOWN + ' sent to object: 'Object Repository/Objects.HighlightElements/input_field_index'

2020-06-09 00:24:23 - [TEST_STEP][PASSED] - delay(DelayTime): Delayed 2 second(s)

2020-06-09 00:24:25 - [MESSAGE][PASSED] - Delayed 2 second(s)

2020-06-09 00:24:25 - [TEST_STEP][PASSED] - sendKeys(NewInputNmField, Keys.chord(ENTER)): Keys 'ENTER + ' sent to object: 'Object Repository/Objects.HighlightElements/input_field_index'

2020-06-09 00:24:25 - [MESSAGE][PASSED] - Keys 'ENTER + ' sent to object: 'Object Repository/Objects.HighlightElements/input_field_index'

2020-06-09 00:24:25 - [TEST_STEP][PASSED] - ComboBoxValue = getAttribute(NewInputNmField, "value"): Attribute 'value' of object 'Object Repository/Objects.HighlightElements/input_field_index' is: 'MICA'

2020-06-09 00:24:26 - [MESSAGE][PASSED] - Attribute 'value' of object 'Object Repository/Objects.HighlightElements/input_field_index' is: 'MICA'

2020-06-09 00:24:26 - [TEST_STEP][PASSED] - callTestCase(findTestCase(CallTCName), ["FindValue":ComboBoxValue, "DropdownNm":comboNm], STOP_ON_FAILURE): Call Test Case 'Test Cases/PFI Precision and Scale/HashMap Tables/ExternalAgencyLists' successfully

2020-06-09 00:24:26 - [TEST_CASE][PASSED] - Test Cases/PFI Precision and Scale/HashMap Tables/ExternalAgencyLists: Test Cases/PFI Precision and Scale/HashMap Tables/ExternalAgencyLists

2020-06-09 00:24:26 - [TEST_STEP][PASSED] - Thread.sleep(1000): null

2020-06-09 00:24:27 - [TEST_STEP][PASSED] - ExtAgencyTBL = [1:"HDB", 2:"AVA", 3:"CAAS", 4:"DSTA", 5:"EXXONMOBIL", 6:"Embassy", 7:"JTC Cat 1A", 8:"MBS- Marina Bay Sands", 9:"MCYS", 10:"MICA", ... ]: null

2020-06-09 00:24:27 - [TEST_STEP][PASSED] - ValueFound = ExtAgencyTBL.find({ -> ... }): null

2020-06-09 00:24:27 - [MESSAGE][PASSED] - Call Test Case 'Test Cases/PFI Precision and Scale/HashMap Tables/ExternalAgencyLists' successfully

2020-06-09 00:24:27 - [TEST_STEP][PASSED] - println(ValueFound): null

2020-06-09 00:24:27 - [TEST_STEP][PASSED] - sendKeys(NewInputNmField, Keys.chord(ARROW_DOWN)): Keys 'DOWN + ' sent to object: 'Object Repository/Objects.HighlightElements/input_field_index'

2020-06-09 00:24:27 - [MESSAGE][PASSED] - Keys 'DOWN + ' sent to object: 'Object Repository/Objects.HighlightElements/input_field_index'

2020-06-09 00:24:27 - [TEST_STEP][PASSED] - sendKeys(NewInputNmField, Keys.chord(ARROW_DOWN)): Keys 'DOWN + ' sent to object: 'Object Repository/Objects.HighlightElements/input_field_index'

2020-06-09 00:24:27 - [MESSAGE][PASSED] - Keys 'DOWN + ' sent to object: 'Object Repository/Objects.HighlightElements/input_field_index'

2020-06-09 00:24:27 - [TEST_STEP][PASSED] - delay(DelayTime): Delayed 2 second(s)

2020-06-09 00:24:29 - [MESSAGE][PASSED] - Delayed 2 second(s)

2020-06-09 00:24:29 - [TEST_STEP][PASSED] - sendKeys(NewInputNmField, Keys.chord(ENTER)): Keys 'ENTER + ' sent to object: 'Object Repository/Objects.HighlightElements/input_field_index'

2020-06-09 00:24:29 - [MESSAGE][PASSED] - Keys 'ENTER + ' sent to object: 'Object Repository/Objects.HighlightElements/input_field_index'

2020-06-09 00:24:29 - [TEST_STEP][PASSED] - ComboBoxValue = getAttribute(NewInputNmField, "value"): Attribute 'value' of object 'Object Repository/Objects.HighlightElements/input_field_index' is: 'MUIS'

2020-06-09 00:24:29 - [MESSAGE][PASSED] - Attribute 'value' of object 'Object Repository/Objects.HighlightElements/input_field_index' is: 'MUIS'

2020-06-09 00:24:29 - [TEST_STEP][PASSED] - callTestCase(findTestCase(CallTCName), ["FindValue":ComboBoxValue, "DropdownNm":comboNm], STOP_ON_FAILURE): Call Test Case 'Test Cases/PFI Precision and Scale/HashMap Tables/ExternalAgencyLists' successfully

2020-06-09 00:24:29 - [TEST_CASE][PASSED] - Test Cases/PFI Precision and Scale/HashMap Tables/ExternalAgencyLists: Test Cases/PFI Precision and Scale/HashMap Tables/ExternalAgencyLists

2020-06-09 00:24:29 - [TEST_STEP][PASSED] - Thread.sleep(1000): null

2020-06-09 00:24:30 - [TEST_STEP][PASSED] - ExtAgencyTBL = [1:"HDB", 2:"AVA", 3:"CAAS", 4:"DSTA", 5:"EXXONMOBIL", 6:"Embassy", 7:"JTC Cat 1A", 8:"MBS- Marina Bay Sands", 9:"MCYS", 10:"MICA", ... ]: null

2020-06-09 00:24:30 - [TEST_STEP][PASSED] - ValueFound = ExtAgencyTBL.find({ -> ... }): null

2020-06-09 00:24:30 - [MESSAGE][PASSED] - Call Test Case 'Test Cases/PFI Precision and Scale/HashMap Tables/ExternalAgencyLists' successfully

2020-06-09 00:24:30 - [TEST_STEP][PASSED] - println(ValueFound): null

2020-06-09 00:24:30 - [TEST_STEP][PASSED] - sendKeys(NewInputNmField, Keys.chord(ARROW_DOWN)): Keys 'DOWN + ' sent to object: 'Object Repository/Objects.HighlightElements/input_field_index'

2020-06-09 00:24:30 - [MESSAGE][PASSED] - Keys 'DOWN + ' sent to object: 'Object Repository/Objects.HighlightElements/input_field_index'

2020-06-09 00:24:30 - [TEST_STEP][PASSED] - sendKeys(NewInputNmField, Keys.chord(ARROW_DOWN)): Keys 'DOWN + ' sent to object: 'Object Repository/Objects.HighlightElements/input_field_index'

2020-06-09 00:24:30 - [MESSAGE][PASSED] - Keys 'DOWN + ' sent to object: 'Object Repository/Objects.HighlightElements/input_field_index'

2020-06-09 00:24:30 - [TEST_STEP][PASSED] - delay(DelayTime): Delayed 2 second(s)

2020-06-09 00:24:32 - [MESSAGE][PASSED] - Delayed 2 second(s)

2020-06-09 00:24:32 - [TEST_STEP][PASSED] - sendKeys(NewInputNmField, Keys.chord(ENTER)): Keys 'ENTER + ' sent to object: 'Object Repository/Objects.HighlightElements/input_field_index'

2020-06-09 00:24:32 - [MESSAGE][PASSED] - Keys 'ENTER + ' sent to object: 'Object Repository/Objects.HighlightElements/input_field_index'

2020-06-09 00:24:32 - [TEST_STEP][PASSED] - ComboBoxValue = getAttribute(NewInputNmField, "value"): Attribute 'value' of object 'Object Repository/Objects.HighlightElements/input_field_index' is: 'Ministry of Defence'

2020-06-09 00:24:32 - [MESSAGE][PASSED] - Attribute 'value' of object 'Object Repository/Objects.HighlightElements/input_field_index' is: 'Ministry of Defence'

2020-06-09 00:24:32 - [TEST_STEP][PASSED] - callTestCase(findTestCase(CallTCName), ["FindValue":ComboBoxValue, "DropdownNm":comboNm], STOP_ON_FAILURE): Call Test Case 'Test Cases/PFI Precision and Scale/HashMap Tables/ExternalAgencyLists' successfully

2020-06-09 00:24:32 - [TEST_CASE][PASSED] - Test Cases/PFI Precision and Scale/HashMap Tables/ExternalAgencyLists: Test Cases/PFI Precision and Scale/HashMap Tables/ExternalAgencyLists

2020-06-09 00:24:32 - [TEST_STEP][PASSED] - Thread.sleep(1000): null

2020-06-09 00:24:33 - [TEST_STEP][PASSED] - ExtAgencyTBL = [1:"HDB", 2:"AVA", 3:"CAAS", 4:"DSTA", 5:"EXXONMOBIL", 6:"Embassy", 7:"JTC Cat 1A", 8:"MBS- Marina Bay Sands", 9:"MCYS", 10:"MICA", ... ]: null

2020-06-09 00:24:33 - [TEST_STEP][PASSED] - ValueFound = ExtAgencyTBL.find({ -> ... }): null

2020-06-09 00:24:33 - [MESSAGE][PASSED] - Call Test Case 'Test Cases/PFI Precision and Scale/HashMap Tables/ExternalAgencyLists' successfully

2020-06-09 00:24:33 - [TEST_STEP][PASSED] - println(ValueFound): null

2020-06-09 00:24:33 - [TEST_STEP][PASSED] - sendKeys(NewInputNmField, Keys.chord(ARROW_DOWN)): Keys 'DOWN + ' sent to object: 'Object Repository/Objects.HighlightElements/input_field_index'

2020-06-09 00:24:33 - [MESSAGE][PASSED] - Keys 'DOWN + ' sent to object: 'Object Repository/Objects.HighlightElements/input_field_index'

2020-06-09 00:24:33 - [TEST_STEP][PASSED] - sendKeys(NewInputNmField, Keys.chord(ARROW_DOWN)): Keys 'DOWN + ' sent to object: 'Object Repository/Objects.HighlightElements/input_field_index'

2020-06-09 00:24:33 - [MESSAGE][PASSED] - Keys 'DOWN + ' sent to object: 'Object Repository/Objects.HighlightElements/input_field_index'

2020-06-09 00:24:33 - [TEST_STEP][PASSED] - delay(DelayTime): Delayed 2 second(s)

2020-06-09 00:24:35 - [MESSAGE][PASSED] - Delayed 2 second(s)

2020-06-09 00:24:35 - [TEST_STEP][PASSED] - sendKeys(NewInputNmField, Keys.chord(ENTER)): Keys 'ENTER + ' sent to object: 'Object Repository/Objects.HighlightElements/input_field_index'

2020-06-09 00:24:35 - [MESSAGE][PASSED] - Keys 'ENTER + ' sent to object: 'Object Repository/Objects.HighlightElements/input_field_index'

2020-06-09 00:24:35 - [TEST_STEP][PASSED] - ComboBoxValue = getAttribute(NewInputNmField, "value"): Attribute 'value' of object 'Object Repository/Objects.HighlightElements/input_field_index' is: 'Ministry of Education'

2020-06-09 00:24:35 - [MESSAGE][PASSED] - Attribute 'value' of object 'Object Repository/Objects.HighlightElements/input_field_index' is: 'Ministry of Education'

2020-06-09 00:24:35 - [TEST_STEP][PASSED] - callTestCase(findTestCase(CallTCName), ["FindValue":ComboBoxValue, "DropdownNm":comboNm], STOP_ON_FAILURE): Call Test Case 'Test Cases/PFI Precision and Scale/HashMap Tables/ExternalAgencyLists' successfully

2020-06-09 00:24:35 - [TEST_CASE][PASSED] - Test Cases/PFI Precision and Scale/HashMap Tables/ExternalAgencyLists: Test Cases/PFI Precision and Scale/HashMap Tables/ExternalAgencyLists

2020-06-09 00:24:35 - [TEST_STEP][PASSED] - Thread.sleep(1000): null

2020-06-09 00:24:36 - [TEST_STEP][PASSED] - ExtAgencyTBL = [1:"HDB", 2:"AVA", 3:"CAAS", 4:"DSTA", 5:"EXXONMOBIL", 6:"Embassy", 7:"JTC Cat 1A", 8:"MBS- Marina Bay Sands", 9:"MCYS", 10:"MICA", ... ]: null

2020-06-09 00:24:36 - [TEST_STEP][PASSED] - ValueFound = ExtAgencyTBL.find({ -> ... }): null

2020-06-09 00:24:36 - [MESSAGE][PASSED] - Call Test Case 'Test Cases/PFI Precision and Scale/HashMap Tables/ExternalAgencyLists' successfully

2020-06-09 00:24:36 - [TEST_STEP][PASSED] - println(ValueFound): null

2020-06-09 00:24:36 - [TEST_STEP][PASSED] - sendKeys(NewInputNmField, Keys.chord(ARROW_DOWN)): Keys 'DOWN + ' sent to object: 'Object Repository/Objects.HighlightElements/input_field_index'

2020-06-09 00:24:36 - [MESSAGE][PASSED] - Keys 'DOWN + ' sent to object: 'Object Repository/Objects.HighlightElements/input_field_index'

2020-06-09 00:24:36 - [TEST_STEP][PASSED] - sendKeys(NewInputNmField, Keys.chord(ARROW_DOWN)): Keys 'DOWN + ' sent to object: 'Object Repository/Objects.HighlightElements/input_field_index'

2020-06-09 00:24:36 - [MESSAGE][PASSED] - Keys 'DOWN + ' sent to object: 'Object Repository/Objects.HighlightElements/input_field_index'

2020-06-09 00:24:36 - [TEST_STEP][PASSED] - delay(DelayTime): Delayed 2 second(s)

2020-06-09 00:24:38 - [MESSAGE][PASSED] - Delayed 2 second(s)

2020-06-09 00:24:38 - [TEST_STEP][PASSED] - sendKeys(NewInputNmField, Keys.chord(ENTER)): Keys 'ENTER + ' sent to object: 'Object Repository/Objects.HighlightElements/input_field_index'

2020-06-09 00:24:38 - [MESSAGE][PASSED] - Keys 'ENTER + ' sent to object: 'Object Repository/Objects.HighlightElements/input_field_index'

2020-06-09 00:24:38 - [TEST_STEP][PASSED] - ComboBoxValue = getAttribute(NewInputNmField, "value"): Attribute 'value' of object 'Object Repository/Objects.HighlightElements/input_field_index' is: 'Ministry of Foreign Affairs'

2020-06-09 00:24:38 - [MESSAGE][PASSED] - Attribute 'value' of object 'Object Repository/Objects.HighlightElements/input_field_index' is: 'Ministry of Foreign Affairs'

2020-06-09 00:24:38 - [TEST_STEP][PASSED] - callTestCase(findTestCase(CallTCName), ["FindValue":ComboBoxValue, "DropdownNm":comboNm], STOP_ON_FAILURE): Call Test Case 'Test Cases/PFI Precision and Scale/HashMap Tables/ExternalAgencyLists' successfully

2020-06-09 00:24:38 - [TEST_CASE][PASSED] - Test Cases/PFI Precision and Scale/HashMap Tables/ExternalAgencyLists: Test Cases/PFI Precision and Scale/HashMap Tables/ExternalAgencyLists

2020-06-09 00:24:38 - [TEST_STEP][PASSED] - Thread.sleep(1000): null

2020-06-09 00:24:39 - [TEST_STEP][PASSED] - ExtAgencyTBL = [1:"HDB", 2:"AVA", 3:"CAAS", 4:"DSTA", 5:"EXXONMOBIL", 6:"Embassy", 7:"JTC Cat 1A", 8:"MBS- Marina Bay Sands", 9:"MCYS", 10:"MICA", ... ]: null

2020-06-09 00:24:39 - [TEST_STEP][PASSED] - ValueFound = ExtAgencyTBL.find({ -> ... }): null

2020-06-09 00:24:39 - [MESSAGE][PASSED] - Call Test Case 'Test Cases/PFI Precision and Scale/HashMap Tables/ExternalAgencyLists' successfully

2020-06-09 00:24:39 - [TEST_STEP][PASSED] - println(ValueFound): null

2020-06-09 00:24:39 - [TEST_STEP][PASSED] - sendKeys(NewInputNmField, Keys.chord(ARROW_DOWN)): Keys 'DOWN + ' sent to object: 'Object Repository/Objects.HighlightElements/input_field_index'

2020-06-09 00:24:40 - [MESSAGE][PASSED] - Keys 'DOWN + ' sent to object: 'Object Repository/Objects.HighlightElements/input_field_index'

2020-06-09 00:24:40 - [TEST_STEP][PASSED] - sendKeys(NewInputNmField, Keys.chord(ARROW_DOWN)): Keys 'DOWN + ' sent to object: 'Object Repository/Objects.HighlightElements/input_field_index'

2020-06-09 00:24:40 - [MESSAGE][PASSED] - Keys 'DOWN + ' sent to object: 'Object Repository/Objects.HighlightElements/input_field_index'

2020-06-09 00:24:40 - [TEST_STEP][PASSED] - delay(DelayTime): Delayed 2 second(s)

2020-06-09 00:24:42 - [MESSAGE][PASSED] - Delayed 2 second(s)

2020-06-09 00:24:42 - [TEST_STEP][PASSED] - sendKeys(NewInputNmField, Keys.chord(ENTER)): Keys 'ENTER + ' sent to object: 'Object Repository/Objects.HighlightElements/input_field_index'

2020-06-09 00:24:42 - [MESSAGE][PASSED] - Keys 'ENTER + ' sent to object: 'Object Repository/Objects.HighlightElements/input_field_index'

2020-06-09 00:24:42 - [TEST_STEP][PASSED] - ComboBoxValue = getAttribute(NewInputNmField, "value"): Attribute 'value' of object 'Object Repository/Objects.HighlightElements/input_field_index' is: 'Ministry of Health'

2020-06-09 00:24:42 - [MESSAGE][PASSED] - Attribute 'value' of object 'Object Repository/Objects.HighlightElements/input_field_index' is: 'Ministry of Health'

2020-06-09 00:24:42 - [TEST_STEP][PASSED] - callTestCase(findTestCase(CallTCName), ["FindValue":ComboBoxValue, "DropdownNm":comboNm], STOP_ON_FAILURE): Call Test Case 'Test Cases/PFI Precision and Scale/HashMap Tables/ExternalAgencyLists' successfully

2020-06-09 00:24:42 - [TEST_CASE][PASSED] - Test Cases/PFI Precision and Scale/HashMap Tables/ExternalAgencyLists: Test Cases/PFI Precision and Scale/HashMap Tables/ExternalAgencyLists

2020-06-09 00:24:42 - [TEST_STEP][PASSED] - Thread.sleep(1000): null

2020-06-09 00:24:43 - [TEST_STEP][PASSED] - ExtAgencyTBL = [1:"HDB", 2:"AVA", 3:"CAAS", 4:"DSTA", 5:"EXXONMOBIL", 6:"Embassy", 7:"JTC Cat 1A", 8:"MBS- Marina Bay Sands", 9:"MCYS", 10:"MICA", ... ]: null

2020-06-09 00:24:43 - [TEST_STEP][PASSED] - ValueFound = ExtAgencyTBL.find({ -> ... }): null

2020-06-09 00:24:43 - [MESSAGE][PASSED] - Call Test Case 'Test Cases/PFI Precision and Scale/HashMap Tables/ExternalAgencyLists' successfully

2020-06-09 00:24:43 - [TEST_STEP][PASSED] - println(ValueFound): null

2020-06-09 00:24:43 - [TEST_STEP][PASSED] - sendKeys(NewInputNmField, Keys.chord(ARROW_DOWN)): Keys 'DOWN + ' sent to object: 'Object Repository/Objects.HighlightElements/input_field_index'

2020-06-09 00:24:43 - [MESSAGE][PASSED] - Keys 'DOWN + ' sent to object: 'Object Repository/Objects.HighlightElements/input_field_index'

2020-06-09 00:24:43 - [TEST_STEP][PASSED] - sendKeys(NewInputNmField, Keys.chord(ARROW_DOWN)): Keys 'DOWN + ' sent to object: 'Object Repository/Objects.HighlightElements/input_field_index'

2020-06-09 00:24:43 - [MESSAGE][PASSED] - Keys 'DOWN + ' sent to object: 'Object Repository/Objects.HighlightElements/input_field_index'

2020-06-09 00:24:43 - [TEST_STEP][PASSED] - delay(DelayTime): Delayed 2 second(s)

2020-06-09 00:24:45 - [MESSAGE][PASSED] - Delayed 2 second(s)

2020-06-09 00:24:45 - [TEST_STEP][PASSED] - sendKeys(NewInputNmField, Keys.chord(ENTER)): Keys 'ENTER + ' sent to object: 'Object Repository/Objects.HighlightElements/input_field_index'

2020-06-09 00:24:45 - [MESSAGE][PASSED] - Keys 'ENTER + ' sent to object: 'Object Repository/Objects.HighlightElements/input_field_index'

2020-06-09 00:24:45 - [TEST_STEP][PASSED] - ComboBoxValue = getAttribute(NewInputNmField, "value"): Attribute 'value' of object 'Object Repository/Objects.HighlightElements/input_field_index' is: 'Ministry of Home Affairs'

2020-06-09 00:24:45 - [MESSAGE][PASSED] - Attribute 'value' of object 'Object Repository/Objects.HighlightElements/input_field_index' is: 'Ministry of Home Affairs'

2020-06-09 00:24:45 - [TEST_STEP][PASSED] - callTestCase(findTestCase(CallTCName), ["FindValue":ComboBoxValue, "DropdownNm":comboNm], STOP_ON_FAILURE): Call Test Case 'Test Cases/PFI Precision and Scale/HashMap Tables/ExternalAgencyLists' successfully

2020-06-09 00:24:45 - [TEST_CASE][PASSED] - Test Cases/PFI Precision and Scale/HashMap Tables/ExternalAgencyLists: Test Cases/PFI Precision and Scale/HashMap Tables/ExternalAgencyLists

2020-06-09 00:24:45 - [TEST_STEP][PASSED] - Thread.sleep(1000): null

2020-06-09 00:24:46 - [TEST_STEP][PASSED] - ExtAgencyTBL = [1:"HDB", 2:"AVA", 3:"CAAS", 4:"DSTA", 5:"EXXONMOBIL", 6:"Embassy", 7:"JTC Cat 1A", 8:"MBS- Marina Bay Sands", 9:"MCYS", 10:"MICA", ... ]: null

2020-06-09 00:24:46 - [TEST_STEP][PASSED] - ValueFound = ExtAgencyTBL.find({ -> ... }): null

2020-06-09 00:24:46 - [MESSAGE][PASSED] - Call Test Case 'Test Cases/PFI Precision and Scale/HashMap Tables/ExternalAgencyLists' successfully

2020-06-09 00:24:46 - [TEST_STEP][PASSED] - println(ValueFound): null

2020-06-09 00:24:46 - [TEST_STEP][PASSED] - sendKeys(NewInputNmField, Keys.chord(ARROW_DOWN)): Keys 'DOWN + ' sent to object: 'Object Repository/Objects.HighlightElements/input_field_index'

2020-06-09 00:24:46 - [MESSAGE][PASSED] - Keys 'DOWN + ' sent to object: 'Object Repository/Objects.HighlightElements/input_field_index'

2020-06-09 00:24:46 - [TEST_STEP][PASSED] - sendKeys(NewInputNmField, Keys.chord(ARROW_DOWN)): Keys 'DOWN + ' sent to object: 'Object Repository/Objects.HighlightElements/input_field_index'

2020-06-09 00:24:46 - [MESSAGE][PASSED] - Keys 'DOWN + ' sent to object: 'Object Repository/Objects.HighlightElements/input_field_index'

2020-06-09 00:24:46 - [TEST_STEP][PASSED] - delay(DelayTime): Delayed 2 second(s)

2020-06-09 00:24:48 - [MESSAGE][PASSED] - Delayed 2 second(s)

2020-06-09 00:24:48 - [TEST_STEP][PASSED] - sendKeys(NewInputNmField, Keys.chord(ENTER)): Keys 'ENTER + ' sent to object: 'Object Repository/Objects.HighlightElements/input_field_index'

2020-06-09 00:24:48 - [MESSAGE][PASSED] - Keys 'ENTER + ' sent to object: 'Object Repository/Objects.HighlightElements/input_field_index'

2020-06-09 00:24:48 - [TEST_STEP][PASSED] - ComboBoxValue = getAttribute(NewInputNmField, "value"): Attribute 'value' of object 'Object Repository/Objects.HighlightElements/input_field_index' is: 'National Environment Agency'

2020-06-09 00:24:48 - [MESSAGE][PASSED] - Attribute 'value' of object 'Object Repository/Objects.HighlightElements/input_field_index' is: 'National Environment Agency'

2020-06-09 00:24:48 - [TEST_STEP][PASSED] - callTestCase(findTestCase(CallTCName), ["FindValue":ComboBoxValue, "DropdownNm":comboNm], STOP_ON_FAILURE): Call Test Case 'Test Cases/PFI Precision and Scale/HashMap Tables/ExternalAgencyLists' successfully

2020-06-09 00:24:48 - [TEST_CASE][PASSED] - Test Cases/PFI Precision and Scale/HashMap Tables/ExternalAgencyLists: Test Cases/PFI Precision and Scale/HashMap Tables/ExternalAgencyLists

2020-06-09 00:24:48 - [TEST_STEP][PASSED] - Thread.sleep(1000): null

2020-06-09 00:24:49 - [TEST_STEP][PASSED] - ExtAgencyTBL = [1:"HDB", 2:"AVA", 3:"CAAS", 4:"DSTA", 5:"EXXONMOBIL", 6:"Embassy", 7:"JTC Cat 1A", 8:"MBS- Marina Bay Sands", 9:"MCYS", 10:"MICA", ... ]: null

2020-06-09 00:24:49 - [TEST_STEP][PASSED] - ValueFound = ExtAgencyTBL.find({ -> ... }): null

2020-06-09 00:24:49 - [MESSAGE][PASSED] - Call Test Case 'Test Cases/PFI Precision and Scale/HashMap Tables/ExternalAgencyLists' successfully

2020-06-09 00:24:49 - [TEST_STEP][PASSED] - println(ValueFound): null

2020-06-09 00:24:49 - [TEST_STEP][PASSED] - sendKeys(NewInputNmField, Keys.chord(ARROW_DOWN)): Keys 'DOWN + ' sent to object: 'Object Repository/Objects.HighlightElements/input_field_index'

2020-06-09 00:24:49 - [MESSAGE][PASSED] - Keys 'DOWN + ' sent to object: 'Object Repository/Objects.HighlightElements/input_field_index'

2020-06-09 00:24:49 - [TEST_STEP][PASSED] - sendKeys(NewInputNmField, Keys.chord(ARROW_DOWN)): Keys 'DOWN + ' sent to object: 'Object Repository/Objects.HighlightElements/input_field_index'

2020-06-09 00:24:49 - [MESSAGE][PASSED] - Keys 'DOWN + ' sent to object: 'Object Repository/Objects.HighlightElements/input_field_index'

2020-06-09 00:24:49 - [TEST_STEP][PASSED] - delay(DelayTime): Delayed 2 second(s)

2020-06-09 00:24:51 - [MESSAGE][PASSED] - Delayed 2 second(s)

2020-06-09 00:24:51 - [TEST_STEP][PASSED] - sendKeys(NewInputNmField, Keys.chord(ENTER)): Keys 'ENTER + ' sent to object: 'Object Repository/Objects.HighlightElements/input_field_index'

2020-06-09 00:24:51 - [MESSAGE][PASSED] - Keys 'ENTER + ' sent to object: 'Object Repository/Objects.HighlightElements/input_field_index'

2020-06-09 00:24:51 - [TEST_STEP][PASSED] - ComboBoxValue = getAttribute(NewInputNmField, "value"): Attribute 'value' of object 'Object Repository/Objects.HighlightElements/input_field_index' is: 'National Heritage Board'

2020-06-09 00:24:51 - [MESSAGE][PASSED] - Attribute 'value' of object 'Object Repository/Objects.HighlightElements/input_field_index' is: 'National Heritage Board'

2020-06-09 00:24:51 - [TEST_STEP][PASSED] - callTestCase(findTestCase(CallTCName), ["FindValue":ComboBoxValue, "DropdownNm":comboNm], STOP_ON_FAILURE): Call Test Case 'Test Cases/PFI Precision and Scale/HashMap Tables/ExternalAgencyLists' successfully

2020-06-09 00:24:51 - [TEST_CASE][PASSED] - Test Cases/PFI Precision and Scale/HashMap Tables/ExternalAgencyLists: Test Cases/PFI Precision and Scale/HashMap Tables/ExternalAgencyLists

2020-06-09 00:24:51 - [TEST_STEP][PASSED] - Thread.sleep(1000): null

2020-06-09 00:24:52 - [TEST_STEP][PASSED] - ExtAgencyTBL = [1:"HDB", 2:"AVA", 3:"CAAS", 4:"DSTA", 5:"EXXONMOBIL", 6:"Embassy", 7:"JTC Cat 1A", 8:"MBS- Marina Bay Sands", 9:"MCYS", 10:"MICA", ... ]: null

2020-06-09 00:24:52 - [TEST_STEP][PASSED] - ValueFound = ExtAgencyTBL.find({ -> ... }): null

2020-06-09 00:24:52 - [MESSAGE][PASSED] - Call Test Case 'Test Cases/PFI Precision and Scale/HashMap Tables/ExternalAgencyLists' successfully

2020-06-09 00:24:52 - [TEST_STEP][PASSED] - println(ValueFound): null

2020-06-09 00:24:52 - [TEST_STEP][PASSED] - sendKeys(NewInputNmField, Keys.chord(ARROW_DOWN)): Keys 'DOWN + ' sent to object: 'Object Repository/Objects.HighlightElements/input_field_index'

2020-06-09 00:24:53 - [MESSAGE][PASSED] - Keys 'DOWN + ' sent to object: 'Object Repository/Objects.HighlightElements/input_field_index'

2020-06-09 00:24:53 - [TEST_STEP][PASSED] - sendKeys(NewInputNmField, Keys.chord(ARROW_DOWN)): Keys 'DOWN + ' sent to object: 'Object Repository/Objects.HighlightElements/input_field_index'

2020-06-09 00:24:53 - [MESSAGE][PASSED] - Keys 'DOWN + ' sent to object: 'Object Repository/Objects.HighlightElements/input_field_index'

2020-06-09 00:24:53 - [TEST_STEP][PASSED] - delay(DelayTime): Delayed 2 second(s)

2020-06-09 00:24:55 - [MESSAGE][PASSED] - Delayed 2 second(s)

2020-06-09 00:24:55 - [TEST_STEP][PASSED] - sendKeys(NewInputNmField, Keys.chord(ENTER)): Keys 'ENTER + ' sent to object: 'Object Repository/Objects.HighlightElements/input_field_index'

2020-06-09 00:24:55 - [MESSAGE][PASSED] - Keys 'ENTER + ' sent to object: 'Object Repository/Objects.HighlightElements/input_field_index'

2020-06-09 00:24:55 - [TEST_STEP][PASSED] - ComboBoxValue = getAttribute(NewInputNmField, "value"): Attribute 'value' of object 'Object Repository/Objects.HighlightElements/input_field_index' is: 'National Parks Board'

2020-06-09 00:24:55 - [MESSAGE][PASSED] - Attribute 'value' of object 'Object Repository/Objects.HighlightElements/input_field_index' is: 'National Parks Board'

2020-06-09 00:24:55 - [TEST_STEP][PASSED] - callTestCase(findTestCase(CallTCName), ["FindValue":ComboBoxValue, "DropdownNm":comboNm], STOP_ON_FAILURE): Call Test Case 'Test Cases/PFI Precision and Scale/HashMap Tables/ExternalAgencyLists' successfully

2020-06-09 00:24:55 - [TEST_CASE][PASSED] - Test Cases/PFI Precision and Scale/HashMap Tables/ExternalAgencyLists: Test Cases/PFI Precision and Scale/HashMap Tables/ExternalAgencyLists

2020-06-09 00:24:55 - [TEST_STEP][PASSED] - Thread.sleep(1000): null

2020-06-09 00:24:56 - [TEST_STEP][PASSED] - ExtAgencyTBL = [1:"HDB", 2:"AVA", 3:"CAAS", 4:"DSTA", 5:"EXXONMOBIL", 6:"Embassy", 7:"JTC Cat 1A", 8:"MBS- Marina Bay Sands", 9:"MCYS", 10:"MICA", ... ]: null

2020-06-09 00:24:56 - [TEST_STEP][PASSED] - ValueFound = ExtAgencyTBL.find({ -> ... }): null

2020-06-09 00:24:56 - [MESSAGE][PASSED] - Call Test Case 'Test Cases/PFI Precision and Scale/HashMap Tables/ExternalAgencyLists' successfully

2020-06-09 00:24:56 - [TEST_STEP][PASSED] - println(ValueFound): null

2020-06-09 00:24:56 - [TEST_STEP][PASSED] - sendKeys(NewInputNmField, Keys.chord(ARROW_DOWN)): Keys 'DOWN + ' sent to object: 'Object Repository/Objects.HighlightElements/input_field_index'

2020-06-09 00:24:56 - [MESSAGE][PASSED] - Keys 'DOWN + ' sent to object: 'Object Repository/Objects.HighlightElements/input_field_index'

2020-06-09 00:24:56 - [TEST_STEP][PASSED] - sendKeys(NewInputNmField, Keys.chord(ARROW_DOWN)): Keys 'DOWN + ' sent to object: 'Object Repository/Objects.HighlightElements/input_field_index'

2020-06-09 00:24:56 - [MESSAGE][PASSED] - Keys 'DOWN + ' sent to object: 'Object Repository/Objects.HighlightElements/input_field_index'

2020-06-09 00:24:56 - [TEST_STEP][PASSED] - delay(DelayTime): Delayed 2 second(s)

2020-06-09 00:24:58 - [MESSAGE][PASSED] - Delayed 2 second(s)

2020-06-09 00:24:58 - [TEST_STEP][PASSED] - sendKeys(NewInputNmField, Keys.chord(ENTER)): Keys 'ENTER + ' sent to object: 'Object Repository/Objects.HighlightElements/input_field_index'

2020-06-09 00:24:58 - [MESSAGE][PASSED] - Keys 'ENTER + ' sent to object: 'Object Repository/Objects.HighlightElements/input_field_index'

2020-06-09 00:24:58 - [TEST_STEP][PASSED] - ComboBoxValue = getAttribute(NewInputNmField, "value"): Attribute 'value' of object 'Object Repository/Objects.HighlightElements/input_field_index' is: 'POWER GRID'

2020-06-09 00:24:58 - [MESSAGE][PASSED] - Attribute 'value' of object 'Object Repository/Objects.HighlightElements/input_field_index' is: 'POWER GRID'

2020-06-09 00:24:58 - [TEST_STEP][PASSED] - callTestCase(findTestCase(CallTCName), ["FindValue":ComboBoxValue, "DropdownNm":comboNm], STOP_ON_FAILURE): Call Test Case 'Test Cases/PFI Precision and Scale/HashMap Tables/ExternalAgencyLists' successfully

2020-06-09 00:24:58 - [TEST_CASE][PASSED] - Test Cases/PFI Precision and Scale/HashMap Tables/ExternalAgencyLists: Test Cases/PFI Precision and Scale/HashMap Tables/ExternalAgencyLists

2020-06-09 00:24:58 - [TEST_STEP][PASSED] - Thread.sleep(1000): null

2020-06-09 00:24:59 - [TEST_STEP][PASSED] - ExtAgencyTBL = [1:"HDB", 2:"AVA", 3:"CAAS", 4:"DSTA", 5:"EXXONMOBIL", 6:"Embassy", 7:"JTC Cat 1A", 8:"MBS- Marina Bay Sands", 9:"MCYS", 10:"MICA", ... ]: null

2020-06-09 00:24:59 - [TEST_STEP][PASSED] - ValueFound = ExtAgencyTBL.find({ -> ... }): null

2020-06-09 00:24:59 - [MESSAGE][PASSED] - Call Test Case 'Test Cases/PFI Precision and Scale/HashMap Tables/ExternalAgencyLists' successfully

2020-06-09 00:24:59 - [TEST_STEP][PASSED] - println(ValueFound): null

2020-06-09 00:24:59 - [TEST_STEP][PASSED] - sendKeys(NewInputNmField, Keys.chord(ARROW_DOWN)): Keys 'DOWN + ' sent to object: 'Object Repository/Objects.HighlightElements/input_field_index'

2020-06-09 00:24:59 - [MESSAGE][PASSED] - Keys 'DOWN + ' sent to object: 'Object Repository/Objects.HighlightElements/input_field_index'

2020-06-09 00:24:59 - [TEST_STEP][PASSED] - sendKeys(NewInputNmField, Keys.chord(ARROW_DOWN)): Keys 'DOWN + ' sent to object: 'Object Repository/Objects.HighlightElements/input_field_index'

2020-06-09 00:24:59 - [MESSAGE][PASSED] - Keys 'DOWN + ' sent to object: 'Object Repository/Objects.HighlightElements/input_field_index'

2020-06-09 00:24:59 - [TEST_STEP][PASSED] - delay(DelayTime): Delayed 2 second(s)

2020-06-09 00:25:01 - [MESSAGE][PASSED] - Delayed 2 second(s)

2020-06-09 00:25:01 - [TEST_STEP][PASSED] - sendKeys(NewInputNmField, Keys.chord(ENTER)): Keys 'ENTER + ' sent to object: 'Object Repository/Objects.HighlightElements/input_field_index'

2020-06-09 00:25:01 - [MESSAGE][PASSED] - Keys 'ENTER + ' sent to object: 'Object Repository/Objects.HighlightElements/input_field_index'

2020-06-09 00:25:01 - [TEST_STEP][PASSED] - ComboBoxValue = getAttribute(NewInputNmField, "value"): Attribute 'value' of object 'Object Repository/Objects.HighlightElements/input_field_index' is: 'PUB, the National Water Agency'

2020-06-09 00:25:01 - [MESSAGE][PASSED] - Attribute 'value' of object 'Object Repository/Objects.HighlightElements/input_field_index' is: 'PUB, the National Water Agency'

2020-06-09 00:25:01 - [TEST_STEP][PASSED] - callTestCase(findTestCase(CallTCName), ["FindValue":ComboBoxValue, "DropdownNm":comboNm], STOP_ON_FAILURE): Call Test Case 'Test Cases/PFI Precision and Scale/HashMap Tables/ExternalAgencyLists' successfully

2020-06-09 00:25:01 - [TEST_CASE][PASSED] - Test Cases/PFI Precision and Scale/HashMap Tables/ExternalAgencyLists: Test Cases/PFI Precision and Scale/HashMap Tables/ExternalAgencyLists

2020-06-09 00:25:01 - [TEST_STEP][PASSED] - Thread.sleep(1000): null

2020-06-09 00:25:02 - [TEST_STEP][PASSED] - ExtAgencyTBL = [1:"HDB", 2:"AVA", 3:"CAAS", 4:"DSTA", 5:"EXXONMOBIL", 6:"Embassy", 7:"JTC Cat 1A", 8:"MBS- Marina Bay Sands", 9:"MCYS", 10:"MICA", ... ]: null

2020-06-09 00:25:02 - [TEST_STEP][PASSED] - ValueFound = ExtAgencyTBL.find({ -> ... }): null

2020-06-09 00:25:02 - [MESSAGE][PASSED] - Call Test Case 'Test Cases/PFI Precision and Scale/HashMap Tables/ExternalAgencyLists' successfully

2020-06-09 00:25:02 - [TEST_STEP][PASSED] - println(ValueFound): null

2020-06-09 00:25:02 - [TEST_STEP][PASSED] - sendKeys(NewInputNmField, Keys.chord(ARROW_DOWN)): Keys 'DOWN + ' sent to object: 'Object Repository/Objects.HighlightElements/input_field_index'

2020-06-09 00:25:02 - [MESSAGE][PASSED] - Keys 'DOWN + ' sent to object: 'Object Repository/Objects.HighlightElements/input_field_index'

2020-06-09 00:25:02 - [TEST_STEP][PASSED] - sendKeys(NewInputNmField, Keys.chord(ARROW_DOWN)): Keys 'DOWN + ' sent to object: 'Object Repository/Objects.HighlightElements/input_field_index'

2020-06-09 00:25:02 - [MESSAGE][PASSED] - Keys 'DOWN + ' sent to object: 'Object Repository/Objects.HighlightElements/input_field_index'

2020-06-09 00:25:02 - [TEST_STEP][PASSED] - delay(DelayTime): Delayed 2 second(s)

2020-06-09 00:25:04 - [MESSAGE][PASSED] - Delayed 2 second(s)

2020-06-09 00:25:04 - [TEST_STEP][PASSED] - sendKeys(NewInputNmField, Keys.chord(ENTER)): Keys 'ENTER + ' sent to object: 'Object Repository/Objects.HighlightElements/input_field_index'

2020-06-09 00:25:04 - [MESSAGE][PASSED] - Keys 'ENTER + ' sent to object: 'Object Repository/Objects.HighlightElements/input_field_index'

2020-06-09 00:25:04 - [TEST_STEP][PASSED] - ComboBoxValue = getAttribute(NewInputNmField, "value"): Attribute 'value' of object 'Object Repository/Objects.HighlightElements/input_field_index' is: 'People's Association'

2020-06-09 00:25:04 - [MESSAGE][PASSED] - Attribute 'value' of object 'Object Repository/Objects.HighlightElements/input_field_index' is: 'People's Association'

2020-06-09 00:25:04 - [TEST_STEP][PASSED] - callTestCase(findTestCase(CallTCName), ["FindValue":ComboBoxValue, "DropdownNm":comboNm], STOP_ON_FAILURE): Call Test Case 'Test Cases/PFI Precision and Scale/HashMap Tables/ExternalAgencyLists' successfully

2020-06-09 00:25:04 - [TEST_CASE][PASSED] - Test Cases/PFI Precision and Scale/HashMap Tables/ExternalAgencyLists: Test Cases/PFI Precision and Scale/HashMap Tables/ExternalAgencyLists

2020-06-09 00:25:04 - [TEST_STEP][PASSED] - Thread.sleep(1000): null

2020-06-09 00:25:05 - [TEST_STEP][PASSED] - ExtAgencyTBL = [1:"HDB", 2:"AVA", 3:"CAAS", 4:"DSTA", 5:"EXXONMOBIL", 6:"Embassy", 7:"JTC Cat 1A", 8:"MBS- Marina Bay Sands", 9:"MCYS", 10:"MICA", ... ]: null

2020-06-09 00:25:05 - [TEST_STEP][PASSED] - ValueFound = ExtAgencyTBL.find({ -> ... }): null

2020-06-09 00:25:05 - [MESSAGE][PASSED] - Call Test Case 'Test Cases/PFI Precision and Scale/HashMap Tables/ExternalAgencyLists' successfully

2020-06-09 00:25:05 - [TEST_STEP][PASSED] - println(ValueFound): null

2020-06-09 00:25:05 - [TEST_STEP][PASSED] - sendKeys(NewInputNmField, Keys.chord(ARROW_DOWN)): Keys 'DOWN + ' sent to object: 'Object Repository/Objects.HighlightElements/input_field_index'

2020-06-09 00:25:05 - [MESSAGE][PASSED] - Keys 'DOWN + ' sent to object: 'Object Repository/Objects.HighlightElements/input_field_index'

2020-06-09 00:25:05 - [TEST_STEP][PASSED] - sendKeys(NewInputNmField, Keys.chord(ARROW_DOWN)): Keys 'DOWN + ' sent to object: 'Object Repository/Objects.HighlightElements/input_field_index'

2020-06-09 00:25:06 - [MESSAGE][PASSED] - Keys 'DOWN + ' sent to object: 'Object Repository/Objects.HighlightElements/input_field_index'

2020-06-09 00:25:06 - [TEST_STEP][PASSED] - delay(DelayTime): Delayed 2 second(s)

2020-06-09 00:25:08 - [MESSAGE][PASSED] - Delayed 2 second(s)

2020-06-09 00:25:08 - [TEST_STEP][PASSED] - sendKeys(NewInputNmField, Keys.chord(ENTER)): Keys 'ENTER + ' sent to object: 'Object Repository/Objects.HighlightElements/input_field_index'

2020-06-09 00:25:08 - [MESSAGE][PASSED] - Keys 'ENTER + ' sent to object: 'Object Repository/Objects.HighlightElements/input_field_index'

2020-06-09 00:25:08 - [TEST_STEP][PASSED] - ComboBoxValue = getAttribute(NewInputNmField, "value"): Attribute 'value' of object 'Object Repository/Objects.HighlightElements/input_field_index' is: 'Polytechnic'

2020-06-09 00:25:08 - [MESSAGE][PASSED] - Attribute 'value' of object 'Object Repository/Objects.HighlightElements/input_field_index' is: 'Polytechnic'

2020-06-09 00:25:08 - [TEST_STEP][PASSED] - callTestCase(findTestCase(CallTCName), ["FindValue":ComboBoxValue, "DropdownNm":comboNm], STOP_ON_FAILURE): Call Test Case 'Test Cases/PFI Precision and Scale/HashMap Tables/ExternalAgencyLists' successfully

2020-06-09 00:25:08 - [TEST_CASE][PASSED] - Test Cases/PFI Precision and Scale/HashMap Tables/ExternalAgencyLists: Test Cases/PFI Precision and Scale/HashMap Tables/ExternalAgencyLists

2020-06-09 00:25:08 - [TEST_STEP][PASSED] - Thread.sleep(1000): null

2020-06-09 00:25:09 - [TEST_STEP][PASSED] - ExtAgencyTBL = [1:"HDB", 2:"AVA", 3:"CAAS", 4:"DSTA", 5:"EXXONMOBIL", 6:"Embassy", 7:"JTC Cat 1A", 8:"MBS- Marina Bay Sands", 9:"MCYS", 10:"MICA", ... ]: null

2020-06-09 00:25:09 - [TEST_STEP][PASSED] - ValueFound = ExtAgencyTBL.find({ -> ... }): null

2020-06-09 00:25:09 - [MESSAGE][PASSED] - Call Test Case 'Test Cases/PFI Precision and Scale/HashMap Tables/ExternalAgencyLists' successfully

2020-06-09 00:25:09 - [TEST_STEP][PASSED] - println(ValueFound): null

2020-06-09 00:25:09 - [TEST_STEP][PASSED] - sendKeys(NewInputNmField, Keys.chord(ARROW_DOWN)): Keys 'DOWN + ' sent to object: 'Object Repository/Objects.HighlightElements/input_field_index'

2020-06-09 00:25:09 - [MESSAGE][PASSED] - Keys 'DOWN + ' sent to object: 'Object Repository/Objects.HighlightElements/input_field_index'

2020-06-09 00:25:09 - [TEST_STEP][PASSED] - sendKeys(NewInputNmField, Keys.chord(ARROW_DOWN)): Keys 'DOWN + ' sent to object: 'Object Repository/Objects.HighlightElements/input_field_index'

2020-06-09 00:25:09 - [MESSAGE][PASSED] - Keys 'DOWN + ' sent to object: 'Object Repository/Objects.HighlightElements/input_field_index'

2020-06-09 00:25:09 - [TEST_STEP][PASSED] - delay(DelayTime): Delayed 2 second(s)

2020-06-09 00:25:11 - [MESSAGE][PASSED] - Delayed 2 second(s)

2020-06-09 00:25:11 - [TEST_STEP][PASSED] - sendKeys(NewInputNmField, Keys.chord(ENTER)): Keys 'ENTER + ' sent to object: 'Object Repository/Objects.HighlightElements/input_field_index'

2020-06-09 00:25:11 - [MESSAGE][PASSED] - Keys 'ENTER + ' sent to object: 'Object Repository/Objects.HighlightElements/input_field_index'

2020-06-09 00:25:11 - [TEST_STEP][PASSED] - ComboBoxValue = getAttribute(NewInputNmField, "value"): Attribute 'value' of object 'Object Repository/Objects.HighlightElements/input_field_index' is: 'Port of Singapore Authority'

2020-06-09 00:25:11 - [MESSAGE][PASSED] - Attribute 'value' of object 'Object Repository/Objects.HighlightElements/input_field_index' is: 'Port of Singapore Authority'

2020-06-09 00:25:11 - [TEST_STEP][PASSED] - callTestCase(findTestCase(CallTCName), ["FindValue":ComboBoxValue, "DropdownNm":comboNm], STOP_ON_FAILURE): Call Test Case 'Test Cases/PFI Precision and Scale/HashMap Tables/ExternalAgencyLists' successfully

2020-06-09 00:25:11 - [TEST_CASE][PASSED] - Test Cases/PFI Precision and Scale/HashMap Tables/ExternalAgencyLists: Test Cases/PFI Precision and Scale/HashMap Tables/ExternalAgencyLists

2020-06-09 00:25:11 - [TEST_STEP][PASSED] - Thread.sleep(1000): null

2020-06-09 00:25:12 - [TEST_STEP][PASSED] - ExtAgencyTBL = [1:"HDB", 2:"AVA", 3:"CAAS", 4:"DSTA", 5:"EXXONMOBIL", 6:"Embassy", 7:"JTC Cat 1A", 8:"MBS- Marina Bay Sands", 9:"MCYS", 10:"MICA", ... ]: null

2020-06-09 00:25:12 - [TEST_STEP][PASSED] - ValueFound = ExtAgencyTBL.find({ -> ... }): null

2020-06-09 00:25:12 - [MESSAGE][PASSED] - Call Test Case 'Test Cases/PFI Precision and Scale/HashMap Tables/ExternalAgencyLists' successfully

2020-06-09 00:25:12 - [TEST_STEP][PASSED] - println(ValueFound): null

2020-06-09 00:25:12 - [TEST_STEP][PASSED] - sendKeys(NewInputNmField, Keys.chord(ARROW_DOWN)): Keys 'DOWN + ' sent to object: 'Object Repository/Objects.HighlightElements/input_field_index'

2020-06-09 00:25:12 - [MESSAGE][PASSED] - Keys 'DOWN + ' sent to object: 'Object Repository/Objects.HighlightElements/input_field_index'

2020-06-09 00:25:12 - [TEST_STEP][PASSED] - sendKeys(NewInputNmField, Keys.chord(ARROW_DOWN)): Keys 'DOWN + ' sent to object: 'Object Repository/Objects.HighlightElements/input_field_index'

2020-06-09 00:25:12 - [MESSAGE][PASSED] - Keys 'DOWN + ' sent to object: 'Object Repository/Objects.HighlightElements/input_field_index'

2020-06-09 00:25:12 - [TEST_STEP][PASSED] - delay(DelayTime): Delayed 2 second(s)

2020-06-09 00:25:14 - [MESSAGE][PASSED] - Delayed 2 second(s)

2020-06-09 00:25:14 - [TEST_STEP][PASSED] - sendKeys(NewInputNmField, Keys.chord(ENTER)): Keys 'ENTER + ' sent to object: 'Object Repository/Objects.HighlightElements/input_field_index'

2020-06-09 00:25:14 - [MESSAGE][PASSED] - Keys 'ENTER + ' sent to object: 'Object Repository/Objects.HighlightElements/input_field_index'

2020-06-09 00:25:14 - [TEST_STEP][PASSED] - ComboBoxValue = getAttribute(NewInputNmField, "value"): Attribute 'value' of object 'Object Repository/Objects.HighlightElements/input_field_index' is: 'RWS - Resorts World Sentosa'

2020-06-09 00:25:14 - [MESSAGE][PASSED] - Attribute 'value' of object 'Object Repository/Objects.HighlightElements/input_field_index' is: 'RWS - Resorts World Sentosa'

2020-06-09 00:25:14 - [TEST_STEP][PASSED] - callTestCase(findTestCase(CallTCName), ["FindValue":ComboBoxValue, "DropdownNm":comboNm], STOP_ON_FAILURE): Call Test Case 'Test Cases/PFI Precision and Scale/HashMap Tables/ExternalAgencyLists' successfully

2020-06-09 00:25:14 - [TEST_CASE][PASSED] - Test Cases/PFI Precision and Scale/HashMap Tables/ExternalAgencyLists: Test Cases/PFI Precision and Scale/HashMap Tables/ExternalAgencyLists

2020-06-09 00:25:14 - [TEST_STEP][PASSED] - Thread.sleep(1000): null

2020-06-09 00:25:15 - [TEST_STEP][PASSED] - ExtAgencyTBL = [1:"HDB", 2:"AVA", 3:"CAAS", 4:"DSTA", 5:"EXXONMOBIL", 6:"Embassy", 7:"JTC Cat 1A", 8:"MBS- Marina Bay Sands", 9:"MCYS", 10:"MICA", ... ]: null

2020-06-09 00:25:15 - [TEST_STEP][PASSED] - ValueFound = ExtAgencyTBL.find({ -> ... }): null

2020-06-09 00:25:15 - [MESSAGE][PASSED] - Call Test Case 'Test Cases/PFI Precision and Scale/HashMap Tables/ExternalAgencyLists' successfully

2020-06-09 00:25:15 - [TEST_STEP][PASSED] - println(ValueFound): null

2020-06-09 00:25:15 - [TEST_STEP][PASSED] - sendKeys(NewInputNmField, Keys.chord(ARROW_DOWN)): Keys 'DOWN + ' sent to object: 'Object Repository/Objects.HighlightElements/input_field_index'

2020-06-09 00:25:15 - [MESSAGE][PASSED] - Keys 'DOWN + ' sent to object: 'Object Repository/Objects.HighlightElements/input_field_index'

2020-06-09 00:25:15 - [TEST_STEP][PASSED] - sendKeys(NewInputNmField, Keys.chord(ARROW_DOWN)): Keys 'DOWN + ' sent to object: 'Object Repository/Objects.HighlightElements/input_field_index'

2020-06-09 00:25:15 - [MESSAGE][PASSED] - Keys 'DOWN + ' sent to object: 'Object Repository/Objects.HighlightElements/input_field_index'

2020-06-09 00:25:15 - [TEST_STEP][PASSED] - delay(DelayTime): Delayed 2 second(s)

2020-06-09 00:25:17 - [MESSAGE][PASSED] - Delayed 2 second(s)

2020-06-09 00:25:17 - [TEST_STEP][PASSED] - sendKeys(NewInputNmField, Keys.chord(ENTER)): Keys 'ENTER + ' sent to object: 'Object Repository/Objects.HighlightElements/input_field_index'

2020-06-09 00:25:17 - [MESSAGE][PASSED] - Keys 'ENTER + ' sent to object: 'Object Repository/Objects.HighlightElements/input_field_index'

2020-06-09 00:25:17 - [TEST_STEP][PASSED] - ComboBoxValue = getAttribute(NewInputNmField, "value"): Attribute 'value' of object 'Object Repository/Objects.HighlightElements/input_field_index' is: 'S'pore Sports Council'

2020-06-09 00:25:17 - [MESSAGE][PASSED] - Attribute 'value' of object 'Object Repository/Objects.HighlightElements/input_field_index' is: 'S'pore Sports Council'

2020-06-09 00:25:17 - [TEST_STEP][PASSED] - callTestCase(findTestCase(CallTCName), ["FindValue":ComboBoxValue, "DropdownNm":comboNm], STOP_ON_FAILURE): Call Test Case 'Test Cases/PFI Precision and Scale/HashMap Tables/ExternalAgencyLists' successfully

2020-06-09 00:25:17 - [TEST_CASE][PASSED] - Test Cases/PFI Precision and Scale/HashMap Tables/ExternalAgencyLists: Test Cases/PFI Precision and Scale/HashMap Tables/ExternalAgencyLists

2020-06-09 00:25:17 - [TEST_STEP][PASSED] - Thread.sleep(1000): null

2020-06-09 00:25:18 - [TEST_STEP][PASSED] - ExtAgencyTBL = [1:"HDB", 2:"AVA", 3:"CAAS", 4:"DSTA", 5:"EXXONMOBIL", 6:"Embassy", 7:"JTC Cat 1A", 8:"MBS- Marina Bay Sands", 9:"MCYS", 10:"MICA", ... ]: null

2020-06-09 00:25:18 - [TEST_STEP][PASSED] - ValueFound = ExtAgencyTBL.find({ -> ... }): null

2020-06-09 00:25:18 - [MESSAGE][PASSED] - Call Test Case 'Test Cases/PFI Precision and Scale/HashMap Tables/ExternalAgencyLists' successfully

2020-06-09 00:25:18 - [TEST_STEP][PASSED] - println(ValueFound): null

2020-06-09 00:25:18 - [TEST_STEP][PASSED] - sendKeys(NewInputNmField, Keys.chord(ARROW_DOWN)): Keys 'DOWN + ' sent to object: 'Object Repository/Objects.HighlightElements/input_field_index'

2020-06-09 00:25:18 - [MESSAGE][PASSED] - Keys 'DOWN + ' sent to object: 'Object Repository/Objects.HighlightElements/input_field_index'

2020-06-09 00:25:18 - [TEST_STEP][PASSED] - sendKeys(NewInputNmField, Keys.chord(ARROW_DOWN)): Keys 'DOWN + ' sent to object: 'Object Repository/Objects.HighlightElements/input_field_index'

2020-06-09 00:25:18 - [MESSAGE][PASSED] - Keys 'DOWN + ' sent to object: 'Object Repository/Objects.HighlightElements/input_field_index'

2020-06-09 00:25:18 - [TEST_STEP][PASSED] - delay(DelayTime): Delayed 2 second(s)

2020-06-09 00:25:20 - [MESSAGE][PASSED] - Delayed 2 second(s)

2020-06-09 00:25:20 - [TEST_STEP][PASSED] - sendKeys(NewInputNmField, Keys.chord(ENTER)): Keys 'ENTER + ' sent to object: 'Object Repository/Objects.HighlightElements/input_field_index'

2020-06-09 00:25:20 - [MESSAGE][PASSED] - Keys 'ENTER + ' sent to object: 'Object Repository/Objects.HighlightElements/input_field_index'

2020-06-09 00:25:20 - [TEST_STEP][PASSED] - ComboBoxValue = getAttribute(NewInputNmField, "value"): Attribute 'value' of object 'Object Repository/Objects.HighlightElements/input_field_index' is: 'SENTOSA'

2020-06-09 00:25:20 - [MESSAGE][PASSED] - Attribute 'value' of object 'Object Repository/Objects.HighlightElements/input_field_index' is: 'SENTOSA'

2020-06-09 00:25:20 - [TEST_STEP][PASSED] - callTestCase(findTestCase(CallTCName), ["FindValue":ComboBoxValue, "DropdownNm":comboNm], STOP_ON_FAILURE): Call Test Case 'Test Cases/PFI Precision and Scale/HashMap Tables/ExternalAgencyLists' successfully

2020-06-09 00:25:21 - [TEST_CASE][PASSED] - Test Cases/PFI Precision and Scale/HashMap Tables/ExternalAgencyLists: Test Cases/PFI Precision and Scale/HashMap Tables/ExternalAgencyLists

2020-06-09 00:25:21 - [TEST_STEP][PASSED] - Thread.sleep(1000): null

2020-06-09 00:25:22 - [TEST_STEP][PASSED] - ExtAgencyTBL = [1:"HDB", 2:"AVA", 3:"CAAS", 4:"DSTA", 5:"EXXONMOBIL", 6:"Embassy", 7:"JTC Cat 1A", 8:"MBS- Marina Bay Sands", 9:"MCYS", 10:"MICA", ... ]: null

2020-06-09 00:25:22 - [TEST_STEP][PASSED] - ValueFound = ExtAgencyTBL.find({ -> ... }): null

2020-06-09 00:25:22 - [MESSAGE][PASSED] - Call Test Case 'Test Cases/PFI Precision and Scale/HashMap Tables/ExternalAgencyLists' successfully

2020-06-09 00:25:22 - [TEST_STEP][PASSED] - println(ValueFound): null

2020-06-09 00:25:22 - [TEST_STEP][PASSED] - sendKeys(NewInputNmField, Keys.chord(ARROW_DOWN)): Keys 'DOWN + ' sent to object: 'Object Repository/Objects.HighlightElements/input_field_index'

2020-06-09 00:25:22 - [MESSAGE][PASSED] - Keys 'DOWN + ' sent to object: 'Object Repository/Objects.HighlightElements/input_field_index'

2020-06-09 00:25:22 - [TEST_STEP][PASSED] - sendKeys(NewInputNmField, Keys.chord(ARROW_DOWN)): Keys 'DOWN + ' sent to object: 'Object Repository/Objects.HighlightElements/input_field_index'

2020-06-09 00:25:22 - [MESSAGE][PASSED] - Keys 'DOWN + ' sent to object: 'Object Repository/Objects.HighlightElements/input_field_index'

2020-06-09 00:25:22 - [TEST_STEP][PASSED] - delay(DelayTime): Delayed 2 second(s)

2020-06-09 00:25:24 - [MESSAGE][PASSED] - Delayed 2 second(s)

2020-06-09 00:25:24 - [TEST_STEP][PASSED] - sendKeys(NewInputNmField, Keys.chord(ENTER)): Keys 'ENTER + ' sent to object: 'Object Repository/Objects.HighlightElements/input_field_index'

2020-06-09 00:25:24 - [MESSAGE][PASSED] - Keys 'ENTER + ' sent to object: 'Object Repository/Objects.HighlightElements/input_field_index'

2020-06-09 00:25:24 - [TEST_STEP][PASSED] - ComboBoxValue = getAttribute(NewInputNmField, "value"): Attribute 'value' of object 'Object Repository/Objects.HighlightElements/input_field_index' is: 'SHELL'

2020-06-09 00:25:24 - [MESSAGE][PASSED] - Attribute 'value' of object 'Object Repository/Objects.HighlightElements/input_field_index' is: 'SHELL'

2020-06-09 00:25:24 - [TEST_STEP][PASSED] - callTestCase(findTestCase(CallTCName), ["FindValue":ComboBoxValue, "DropdownNm":comboNm], STOP_ON_FAILURE): Call Test Case 'Test Cases/PFI Precision and Scale/HashMap Tables/ExternalAgencyLists' successfully

2020-06-09 00:25:24 - [TEST_CASE][PASSED] - Test Cases/PFI Precision and Scale/HashMap Tables/ExternalAgencyLists: Test Cases/PFI Precision and Scale/HashMap Tables/ExternalAgencyLists

2020-06-09 00:25:24 - [TEST_STEP][PASSED] - Thread.sleep(1000): null

2020-06-09 00:25:25 - [TEST_STEP][PASSED] - ExtAgencyTBL = [1:"HDB", 2:"AVA", 3:"CAAS", 4:"DSTA", 5:"EXXONMOBIL", 6:"Embassy", 7:"JTC Cat 1A", 8:"MBS- Marina Bay Sands", 9:"MCYS", 10:"MICA", ... ]: null

2020-06-09 00:25:25 - [TEST_STEP][PASSED] - ValueFound = ExtAgencyTBL.find({ -> ... }): null

2020-06-09 00:25:25 - [MESSAGE][PASSED] - Call Test Case 'Test Cases/PFI Precision and Scale/HashMap Tables/ExternalAgencyLists' successfully

2020-06-09 00:25:25 - [TEST_STEP][PASSED] - println(ValueFound): null

2020-06-09 00:25:25 - [TEST_STEP][PASSED] - sendKeys(NewInputNmField, Keys.chord(ARROW_DOWN)): Keys 'DOWN + ' sent to object: 'Object Repository/Objects.HighlightElements/input_field_index'

2020-06-09 00:25:25 - [MESSAGE][PASSED] - Keys 'DOWN + ' sent to object: 'Object Repository/Objects.HighlightElements/input_field_index'

2020-06-09 00:25:25 - [TEST_STEP][PASSED] - sendKeys(NewInputNmField, Keys.chord(ARROW_DOWN)): Keys 'DOWN + ' sent to object: 'Object Repository/Objects.HighlightElements/input_field_index'

2020-06-09 00:25:25 - [MESSAGE][PASSED] - Keys 'DOWN + ' sent to object: 'Object Repository/Objects.HighlightElements/input_field_index'

2020-06-09 00:25:25 - [TEST_STEP][PASSED] - delay(DelayTime): Delayed 2 second(s)

2020-06-09 00:25:27 - [MESSAGE][PASSED] - Delayed 2 second(s)

2020-06-09 00:25:27 - [TEST_STEP][PASSED] - sendKeys(NewInputNmField, Keys.chord(ENTER)): Keys 'ENTER + ' sent to object: 'Object Repository/Objects.HighlightElements/input_field_index'

2020-06-09 00:25:27 - [MESSAGE][PASSED] - Keys 'ENTER + ' sent to object: 'Object Repository/Objects.HighlightElements/input_field_index'

2020-06-09 00:25:27 - [TEST_STEP][PASSED] - ComboBoxValue = getAttribute(NewInputNmField, "value"): Attribute 'value' of object 'Object Repository/Objects.HighlightElements/input_field_index' is: 'SPC'

2020-06-09 00:25:27 - [MESSAGE][PASSED] - Attribute 'value' of object 'Object Repository/Objects.HighlightElements/input_field_index' is: 'SPC'

2020-06-09 00:25:27 - [TEST_STEP][PASSED] - callTestCase(findTestCase(CallTCName), ["FindValue":ComboBoxValue, "DropdownNm":comboNm], STOP_ON_FAILURE): Call Test Case 'Test Cases/PFI Precision and Scale/HashMap Tables/ExternalAgencyLists' successfully

2020-06-09 00:25:27 - [TEST_CASE][PASSED] - Test Cases/PFI Precision and Scale/HashMap Tables/ExternalAgencyLists: Test Cases/PFI Precision and Scale/HashMap Tables/ExternalAgencyLists

2020-06-09 00:25:27 - [TEST_STEP][PASSED] - Thread.sleep(1000): null

2020-06-09 00:25:28 - [TEST_STEP][PASSED] - ExtAgencyTBL = [1:"HDB", 2:"AVA", 3:"CAAS", 4:"DSTA", 5:"EXXONMOBIL", 6:"Embassy", 7:"JTC Cat 1A", 8:"MBS- Marina Bay Sands", 9:"MCYS", 10:"MICA", ... ]: null

2020-06-09 00:25:28 - [TEST_STEP][PASSED] - ValueFound = ExtAgencyTBL.find({ -> ... }): null

2020-06-09 00:25:28 - [MESSAGE][PASSED] - Call Test Case 'Test Cases/PFI Precision and Scale/HashMap Tables/ExternalAgencyLists' successfully

2020-06-09 00:25:28 - [TEST_STEP][PASSED] - println(ValueFound): null

2020-06-09 00:25:28 - [TEST_STEP][PASSED] - sendKeys(NewInputNmField, Keys.chord(ARROW_DOWN)): Keys 'DOWN + ' sent to object: 'Object Repository/Objects.HighlightElements/input_field_index'

2020-06-09 00:25:28 - [MESSAGE][PASSED] - Keys 'DOWN + ' sent to object: 'Object Repository/Objects.HighlightElements/input_field_index'

2020-06-09 00:25:28 - [TEST_STEP][PASSED] - sendKeys(NewInputNmField, Keys.chord(ARROW_DOWN)): Keys 'DOWN + ' sent to object: 'Object Repository/Objects.HighlightElements/input_field_index'

2020-06-09 00:25:28 - [MESSAGE][PASSED] - Keys 'DOWN + ' sent to object: 'Object Repository/Objects.HighlightElements/input_field_index'

2020-06-09 00:25:28 - [TEST_STEP][PASSED] - delay(DelayTime): Delayed 2 second(s)

2020-06-09 00:25:30 - [MESSAGE][PASSED] - Delayed 2 second(s)

2020-06-09 00:25:30 - [TEST_STEP][PASSED] - sendKeys(NewInputNmField, Keys.chord(ENTER)): Keys 'ENTER + ' sent to object: 'Object Repository/Objects.HighlightElements/input_field_index'

2020-06-09 00:25:30 - [MESSAGE][PASSED] - Keys 'ENTER + ' sent to object: 'Object Repository/Objects.HighlightElements/input_field_index'

2020-06-09 00:25:30 - [TEST_STEP][PASSED] - ComboBoxValue = getAttribute(NewInputNmField, "value"): Attribute 'value' of object 'Object Repository/Objects.HighlightElements/input_field_index' is: 'University'

2020-06-09 00:25:30 - [MESSAGE][PASSED] - Attribute 'value' of object 'Object Repository/Objects.HighlightElements/input_field_index' is: 'University'

2020-06-09 00:25:30 - [TEST_STEP][PASSED] - callTestCase(findTestCase(CallTCName), ["FindValue":ComboBoxValue, "DropdownNm":comboNm], STOP_ON_FAILURE): Call Test Case 'Test Cases/PFI Precision and Scale/HashMap Tables/ExternalAgencyLists' successfully

2020-06-09 00:25:30 - [TEST_CASE][PASSED] - Test Cases/PFI Precision and Scale/HashMap Tables/ExternalAgencyLists: Test Cases/PFI Precision and Scale/HashMap Tables/ExternalAgencyLists

2020-06-09 00:25:30 - [TEST_STEP][PASSED] - Thread.sleep(1000): null

2020-06-09 00:25:31 - [TEST_STEP][PASSED] - ExtAgencyTBL = [1:"HDB", 2:"AVA", 3:"CAAS", 4:"DSTA", 5:"EXXONMOBIL", 6:"Embassy", 7:"JTC Cat 1A", 8:"MBS- Marina Bay Sands", 9:"MCYS", 10:"MICA", ... ]: null

2020-06-09 00:25:31 - [TEST_STEP][PASSED] - ValueFound = ExtAgencyTBL.find({ -> ... }): null

2020-06-09 00:25:31 - [MESSAGE][PASSED] - Call Test Case 'Test Cases/PFI Precision and Scale/HashMap Tables/ExternalAgencyLists' successfully

2020-06-09 00:25:31 - [TEST_STEP][PASSED] - println(ValueFound): null

2020-06-09 00:25:31 - [TEST_STEP][PASSED] - sendKeys(NewInputNmField, Keys.chord(ARROW_DOWN)): Keys 'DOWN + ' sent to object: 'Object Repository/Objects.HighlightElements/input_field_index'

2020-06-09 00:25:31 - [MESSAGE][PASSED] - Keys 'DOWN + ' sent to object: 'Object Repository/Objects.HighlightElements/input_field_index'

2020-06-09 00:25:31 - [TEST_STEP][PASSED] - sendKeys(NewInputNmField, Keys.chord(ARROW_DOWN)): Keys 'DOWN + ' sent to object: 'Object Repository/Objects.HighlightElements/input_field_index'

2020-06-09 00:25:31 - [MESSAGE][PASSED] - Keys 'DOWN + ' sent to object: 'Object Repository/Objects.HighlightElements/input_field_index'

2020-06-09 00:25:31 - [TEST_STEP][PASSED] - delay(DelayTime): Delayed 2 second(s)

2020-06-09 00:25:33 - [MESSAGE][PASSED] - Delayed 2 second(s)

2020-06-09 00:25:33 - [TEST_STEP][PASSED] - sendKeys(NewInputNmField, Keys.chord(ENTER)): Keys 'ENTER + ' sent to object: 'Object Repository/Objects.HighlightElements/input_field_index'

2020-06-09 00:25:33 - [MESSAGE][PASSED] - Keys 'ENTER + ' sent to object: 'Object Repository/Objects.HighlightElements/input_field_index'

2020-06-09 00:25:33 - [TEST_STEP][PASSED] - ComboBoxValue = getAttribute(NewInputNmField, "value"): Attribute 'value' of object 'Object Repository/Objects.HighlightElements/input_field_index' is: 'JTC Cat 1'

2020-06-09 00:25:33 - [MESSAGE][PASSED] - Attribute 'value' of object 'Object Repository/Objects.HighlightElements/input_field_index' is: 'JTC Cat 1'

2020-06-09 00:25:33 - [TEST_STEP][PASSED] - callTestCase(findTestCase(CallTCName), ["FindValue":ComboBoxValue, "DropdownNm":comboNm], STOP_ON_FAILURE): Call Test Case 'Test Cases/PFI Precision and Scale/HashMap Tables/ExternalAgencyLists' successfully

2020-06-09 00:25:33 - [TEST_CASE][PASSED] - Test Cases/PFI Precision and Scale/HashMap Tables/ExternalAgencyLists: Test Cases/PFI Precision and Scale/HashMap Tables/ExternalAgencyLists

2020-06-09 00:25:33 - [TEST_STEP][PASSED] - Thread.sleep(1000): null

2020-06-09 00:25:34 - [TEST_STEP][PASSED] - ExtAgencyTBL = [1:"HDB", 2:"AVA", 3:"CAAS", 4:"DSTA", 5:"EXXONMOBIL", 6:"Embassy", 7:"JTC Cat 1A", 8:"MBS- Marina Bay Sands", 9:"MCYS", 10:"MICA", ... ]: null

2020-06-09 00:25:34 - [TEST_STEP][PASSED] - ValueFound = ExtAgencyTBL.find({ -> ... }): null

2020-06-09 00:25:34 - [MESSAGE][PASSED] - Call Test Case 'Test Cases/PFI Precision and Scale/HashMap Tables/ExternalAgencyLists' successfully

2020-06-09 00:25:34 - [TEST_STEP][PASSED] - println(ValueFound): null

2020-06-09 00:25:34 - [TEST_STEP][PASSED] - sendKeys(NewInputNmField, Keys.chord(ARROW_DOWN)): Keys 'DOWN + ' sent to object: 'Object Repository/Objects.HighlightElements/input_field_index'

2020-06-09 00:25:35 - [MESSAGE][PASSED] - Keys 'DOWN + ' sent to object: 'Object Repository/Objects.HighlightElements/input_field_index'

2020-06-09 00:25:35 - [TEST_STEP][PASSED] - sendKeys(NewInputNmField, Keys.chord(ARROW_DOWN)): Keys 'DOWN + ' sent to object: 'Object Repository/Objects.HighlightElements/input_field_index'

2020-06-09 00:25:35 - [MESSAGE][PASSED] - Keys 'DOWN + ' sent to object: 'Object Repository/Objects.HighlightElements/input_field_index'

2020-06-09 00:25:35 - [TEST_STEP][PASSED] - delay(DelayTime): Delayed 2 second(s)

2020-06-09 00:25:37 - [MESSAGE][PASSED] - Delayed 2 second(s)

2020-06-09 00:25:37 - [TEST_STEP][PASSED] - sendKeys(NewInputNmField, Keys.chord(ENTER)): Keys 'ENTER + ' sent to object: 'Object Repository/Objects.HighlightElements/input_field_index'

2020-06-09 00:25:37 - [MESSAGE][PASSED] - Keys 'ENTER + ' sent to object: 'Object Repository/Objects.HighlightElements/input_field_index'

2020-06-09 00:25:37 - [TEST_STEP][PASSED] - ComboBoxValue = getAttribute(NewInputNmField, "value"): Attribute 'value' of object 'Object Repository/Objects.HighlightElements/input_field_index' is: 'JTC Cat 2'

2020-06-09 00:25:37 - [MESSAGE][PASSED] - Attribute 'value' of object 'Object Repository/Objects.HighlightElements/input_field_index' is: 'JTC Cat 2'

2020-06-09 00:25:37 - [TEST_STEP][PASSED] - callTestCase(findTestCase(CallTCName), ["FindValue":ComboBoxValue, "DropdownNm":comboNm], STOP_ON_FAILURE): Call Test Case 'Test Cases/PFI Precision and Scale/HashMap Tables/ExternalAgencyLists' successfully

2020-06-09 00:25:37 - [TEST_CASE][PASSED] - Test Cases/PFI Precision and Scale/HashMap Tables/ExternalAgencyLists: Test Cases/PFI Precision and Scale/HashMap Tables/ExternalAgencyLists

2020-06-09 00:25:37 - [TEST_STEP][PASSED] - Thread.sleep(1000): null

2020-06-09 00:25:38 - [TEST_STEP][PASSED] - ExtAgencyTBL = [1:"HDB", 2:"AVA", 3:"CAAS", 4:"DSTA", 5:"EXXONMOBIL", 6:"Embassy", 7:"JTC Cat 1A", 8:"MBS- Marina Bay Sands", 9:"MCYS", 10:"MICA", ... ]: null

2020-06-09 00:25:38 - [TEST_STEP][PASSED] - ValueFound = ExtAgencyTBL.find({ -> ... }): null

2020-06-09 00:25:38 - [MESSAGE][PASSED] - Call Test Case 'Test Cases/PFI Precision and Scale/HashMap Tables/ExternalAgencyLists' successfully

2020-06-09 00:25:38 - [TEST_STEP][PASSED] - println(ValueFound): null

2020-06-09 00:25:38 - [TEST_STEP][PASSED] - sendKeys(NewInputNmField, Keys.chord(ARROW_DOWN)): Keys 'DOWN + ' sent to object: 'Object Repository/Objects.HighlightElements/input_field_index'

2020-06-09 00:25:38 - [MESSAGE][PASSED] - Keys 'DOWN + ' sent to object: 'Object Repository/Objects.HighlightElements/input_field_index'

2020-06-09 00:25:38 - [TEST_STEP][PASSED] - sendKeys(NewInputNmField, Keys.chord(ARROW_DOWN)): Keys 'DOWN + ' sent to object: 'Object Repository/Objects.HighlightElements/input_field_index'

2020-06-09 00:25:38 - [MESSAGE][PASSED] - Keys 'DOWN + ' sent to object: 'Object Repository/Objects.HighlightElements/input_field_index'

2020-06-09 00:25:38 - [TEST_STEP][PASSED] - delay(DelayTime): Delayed 2 second(s)

2020-06-09 00:25:40 - [MESSAGE][PASSED] - Delayed 2 second(s)

2020-06-09 00:25:40 - [TEST_STEP][PASSED] - sendKeys(NewInputNmField, Keys.chord(ENTER)): Keys 'ENTER + ' sent to object: 'Object Repository/Objects.HighlightElements/input_field_index'

2020-06-09 00:25:40 - [MESSAGE][PASSED] - Keys 'ENTER + ' sent to object: 'Object Repository/Objects.HighlightElements/input_field_index'

2020-06-09 00:25:40 - [TEST_STEP][PASSED] - ComboBoxValue = getAttribute(NewInputNmField, "value"): Attribute 'value' of object 'Object Repository/Objects.HighlightElements/input_field_index' is: 'LTA'

2020-06-09 00:25:40 - [MESSAGE][PASSED] - Attribute 'value' of object 'Object Repository/Objects.HighlightElements/input_field_index' is: 'LTA'

2020-06-09 00:25:40 - [TEST_STEP][PASSED] - callTestCase(findTestCase(CallTCName), ["FindValue":ComboBoxValue, "DropdownNm":comboNm], STOP_ON_FAILURE): Call Test Case 'Test Cases/PFI Precision and Scale/HashMap Tables/ExternalAgencyLists' successfully

2020-06-09 00:25:40 - [TEST_CASE][PASSED] - Test Cases/PFI Precision and Scale/HashMap Tables/ExternalAgencyLists: Test Cases/PFI Precision and Scale/HashMap Tables/ExternalAgencyLists

2020-06-09 00:25:40 - [TEST_STEP][PASSED] - Thread.sleep(1000): null

2020-06-09 00:25:41 - [TEST_STEP][PASSED] - ExtAgencyTBL = [1:"HDB", 2:"AVA", 3:"CAAS", 4:"DSTA", 5:"EXXONMOBIL", 6:"Embassy", 7:"JTC Cat 1A", 8:"MBS- Marina Bay Sands", 9:"MCYS", 10:"MICA", ... ]: null

2020-06-09 00:25:41 - [TEST_STEP][PASSED] - ValueFound = ExtAgencyTBL.find({ -> ... }): null

2020-06-09 00:25:41 - [MESSAGE][PASSED] - Call Test Case 'Test Cases/PFI Precision and Scale/HashMap Tables/ExternalAgencyLists' successfully

2020-06-09 00:25:41 - [TEST_STEP][PASSED] - println(ValueFound): null

2020-06-09 00:25:41 - [TEST_STEP][PASSED] - sendKeys(NewInputNmField, Keys.chord(ARROW_DOWN)): Keys 'DOWN + ' sent to object: 'Object Repository/Objects.HighlightElements/input_field_index'

2020-06-09 00:25:41 - [MESSAGE][PASSED] - Keys 'DOWN + ' sent to object: 'Object Repository/Objects.HighlightElements/input_field_index'

2020-06-09 00:25:41 - [TEST_STEP][PASSED] - sendKeys(NewInputNmField, Keys.chord(ENTER)): Keys 'ENTER + ' sent to object: 'Object Repository/Objects.HighlightElements/input_field_index'

2020-06-09 00:25:41 - [MESSAGE][PASSED] - Keys 'ENTER + ' sent to object: 'Object Repository/Objects.HighlightElements/input_field_index'

2020-06-09 00:25:41 - [MESSAGE][PASSED] - Call Test Case 'Test Cases/PFI Precision and Scale/PFI Components with Indexing/VerifyDropdownValuesXPI' successfully

2020-06-09 00:25:41 - [TEST_STEP][PASSED] - callTestCase(findTestCase("Components/SelectAllThenDeleteXPI"), ["nameToBeUsed":"extAgenciesCmb", "index":1], STOP_ON_FAILURE): Call Test Case 'Test Cases/Components/SelectAllThenDeleteXPI' successfully

2020-06-09 00:25:41 - [TEST_CASE][PASSED] - Test Cases/Components/SelectAllThenDeleteXPI: Test Cases/Components/SelectAllThenDeleteXPI

2020-06-09 00:25:41 - [TEST_STEP][PASSED] - Thread.sleep(1000): null

2020-06-09 00:25:42 - [TEST_STEP][PASSED] - modifiedObj = modifyObjectProperty(findTestObject("Object Repository/Objects.HighlightElements/input_field_index"), "xpath", "equals", "(//*[contains(@name,'" + nameToBeUsed + "')])[" + index + "]", true): Modify property of object successfully

2020-06-09 00:25:42 - [MESSAGE][PASSED] - Modify property of object successfully

2020-06-09 00:25:42 - [TEST_STEP][PASSED] - focus(modifiedObj): Object: 'Object Repository/Objects.HighlightElements/input_field_index' is focused

2020-06-09 00:25:42 - [MESSAGE][PASSED] - Object: 'Object Repository/Objects.HighlightElements/input_field_index' is focused

2020-06-09 00:25:42 - [TEST_STEP][PASSED] - sendKeys(modifiedObj, Keys.chord(CONTROL, "a")): Keys 'CONTROL + a' sent to object: 'Object Repository/Objects.HighlightElements/input_field_index'

2020-06-09 00:25:42 - [MESSAGE][PASSED] - Keys 'CONTROL + a' sent to object: 'Object Repository/Objects.HighlightElements/input_field_index'

2020-06-09 00:25:42 - [TEST_STEP][PASSED] - sendKeys(modifiedObj, Keys.chord(DELETE)): Keys 'DELETE + ' sent to object: 'Object Repository/Objects.HighlightElements/input_field_index'

2020-06-09 00:25:42 - [MESSAGE][PASSED] - Keys 'DELETE + ' sent to object: 'Object Repository/Objects.HighlightElements/input_field_index'

2020-06-09 00:25:42 - [MESSAGE][PASSED] - Call Test Case 'Test Cases/Components/SelectAllThenDeleteXPI' successfully

2020-06-09 00:25:42 - [TEST_STEP][PASSED] - callTestCase(findTestCase("PFI Precision and Scale/PFI Components with Indexing/RequiredFieldValidationXPI"), ["nameToBeUsed":"extAgenciesCmb", "index":1], STOP_ON_FAILURE): Call Test Case 'Test Cases/PFI Precision and Scale/PFI Components with Indexing/RequiredFieldValidationXPI' successfully

2020-06-09 00:25:42 - [TEST_CASE][PASSED] - Test Cases/PFI Precision and Scale/PFI Components with Indexing/RequiredFieldValidationXPI: Test Cases/PFI Precision and Scale/PFI Components with Indexing/RequiredFieldValidationXPI

2020-06-09 00:25:42 - [TEST_STEP][PASSED] - enableSmartWait(): null

2020-06-09 00:25:42 - [TEST_STEP][PASSED] - NewInputNmField = modifyObjectProperty(findTestObject("Objects.HighlightElements/input_field_index"), "xpath", "equals", "(//*[contains(@name,'" + nameToBeUsed + "')])[" + index + "]", true): Modify property of object successfully

2020-06-09 00:25:42 - [MESSAGE][PASSED] - Modify property of object successfully

2020-06-09 00:25:42 - [TEST_STEP][PASSED] - getRqErrMsg = getAttribute(NewInputNmField, "data-errorqtip"): Attribute 'data-errorqtip' of object 'Object Repository/Objects.HighlightElements/input_field_index' is: '<ul class="x-list-plain"><li>This field is required</li></ul>'

2020-06-09 00:25:42 - [MESSAGE][PASSED] - Attribute 'data-errorqtip' of object 'Object Repository/Objects.HighlightElements/input_field_index' is: '<ul class="x-list-plain"><li>This field is required</li></ul>'

2020-06-09 00:25:42 - [TEST_STEP][PASSED] - strToolTip = getRqErrMsg.substring(29, 61): null

2020-06-09 00:25:42 - [TEST_STEP][PASSED] - toolTipReqErrMsg = strToolTip.substring(0, 22): null

2020-06-09 00:25:42 - [TEST_STEP][PASSED] - verifyMatch(toolTipReqErrMsg, RqField, true): Actual text 'This field is required' and expected text 'This field is required' are matched  using regular expression

2020-06-09 00:25:42 - [MESSAGE][PASSED] - Actual text 'This field is required' and expected text 'This field is required' are matched  using regular expression

2020-06-09 00:25:42 - [TEST_STEP][PASSED] - delay(3): Delayed 3 second(s)

2020-06-09 00:25:45 - [MESSAGE][PASSED] - Delayed 3 second(s)

2020-06-09 00:25:45 - [TEST_STEP][PASSED] - mouseOver(NewInputNmField): Object: 'Object Repository/Objects.HighlightElements/input_field_index' is hovered

2020-06-09 00:25:46 - [MESSAGE][PASSED] - Object: 'Object Repository/Objects.HighlightElements/input_field_index' is hovered

2020-06-09 00:25:46 - [MESSAGE][PASSED] - Call Test Case 'Test Cases/PFI Precision and Scale/PFI Components with Indexing/RequiredFieldValidationXPI' successfully

2020-06-09 00:25:46 - [TEST_STEP][NOT_RUN] - callTestCase(findTestCase("Components/Logout"), ["LogoutPageTextToBeVerified":findTestData("ISPS2 Test Data").getValue("HomeBanner", 2)], STOP_ON_FAILURE): NOT_RUN: callTestCase(findTestCase("Components/Logout"), ["LogoutPageTextToBeVerified":findTestData("ISPS2 Test Data").getValue("HomeBanner", 2)], STOP_ON_FAILURE)

2020-06-09 00:25:46 - [MESSAGE][NOT_RUN] - NOT_RUN: callTestCase(findTestCase("Components/Logout"), ["LogoutPageTextToBeVerified":findTestData("ISPS2 Test Data").getValue("HomeBanner", 2)], STOP_ON_FAILURE)]]></system-out>
         <system-err><![CDATA[]]></system-err>
      </testcase>
      <testcase name="Test Cases/PFI Precision and Scale/PFI Test Cases/Process Case (PFI)/PFI.CourtActionsLHS" time="176.009" classname="Test Cases/PFI Precision and Scale/PFI Test Cases/Process Case (PFI)/PFI.CourtActionsLHS" status="PASSED">
         <system-out><![CDATA[2020-06-09 00:25:46 - [TEST_CASE][PASSED] - Test Cases/PFI Precision and Scale/PFI Test Cases/Process Case (PFI)/PFI.CourtActionsLHS: Test Cases/PFI Precision and Scale/PFI Test Cases/Process Case (PFI)/PFI.CourtActionsLHS

2020-06-09 00:25:46 - [TEST_STEP][NOT_RUN] - callTestCase(findTestCase("Components/LoginV2.0"), ["LinkToBeUsed":findTestData("ISPS2 Test Data").getValue("URL", 1), "LoginPageTextToBeVerified":findTestData("ISPS2 Test Data").getValue("HomeBanner", 1), ... ], STOP_ON_FAILURE): NOT_RUN: callTestCase(findTestCase("Components/LoginV2.0"), ["LinkToBeUsed":findTestData("ISPS2 Test Data").getValue("URL", 1), "LoginPageTextToBeVerified":findTestData("ISPS2 Test Data").getValue("HomeBanner", 1), ... ], STOP_ON_FAILURE)

2020-06-09 00:25:46 - [MESSAGE][NOT_RUN] - NOT_RUN: callTestCase(findTestCase("Components/LoginV2.0"), ["LinkToBeUsed":findTestData("ISPS2 Test Data").getValue("URL", 1), "LoginPageTextToBeVerified":findTestData("ISPS2 Test Data").getValue("HomeBanner", 1), ... ], STOP_ON_FAILURE)

2020-06-09 00:25:46 - [TEST_STEP][NOT_RUN] - callTestCase(findTestCase("Components/NavigateToHomepageHeaders"), ["headerText":"My Tasks"], STOP_ON_FAILURE): NOT_RUN: callTestCase(findTestCase("Components/NavigateToHomepageHeaders"), ["headerText":"My Tasks"], STOP_ON_FAILURE)

2020-06-09 00:25:46 - [MESSAGE][NOT_RUN] - NOT_RUN: callTestCase(findTestCase("Components/NavigateToHomepageHeaders"), ["headerText":"My Tasks"], STOP_ON_FAILURE)

2020-06-09 00:25:46 - [TEST_STEP][NOT_RUN] - callTestCase(findTestCase("Components/Filter"), ["taskDescription":"Process Case (SM)"], STOP_ON_FAILURE): NOT_RUN: callTestCase(findTestCase("Components/Filter"), ["taskDescription":"Process Case (SM)"], STOP_ON_FAILURE)

2020-06-09 00:25:46 - [MESSAGE][NOT_RUN] - NOT_RUN: callTestCase(findTestCase("Components/Filter"), ["taskDescription":"Process Case (SM)"], STOP_ON_FAILURE)

2020-06-09 00:25:46 - [TEST_STEP][NOT_RUN] - callTestCase(findTestCase("Components/ClickLinkDependingOnTextAndIndex"), ["linkName":"Process Case (SM)", "index":"3"], STOP_ON_FAILURE): NOT_RUN: callTestCase(findTestCase("Components/ClickLinkDependingOnTextAndIndex"), ["linkName":"Process Case (SM)", "index":"3"], STOP_ON_FAILURE)

2020-06-09 00:25:46 - [MESSAGE][NOT_RUN] - NOT_RUN: callTestCase(findTestCase("Components/ClickLinkDependingOnTextAndIndex"), ["linkName":"Process Case (SM)", "index":"3"], STOP_ON_FAILURE)

2020-06-09 00:25:46 - [TEST_STEP][PASSED] - callTestCase(findTestCase("Components/NavigateToAnyLHS"), ["LHS":"Court Actions"], STOP_ON_FAILURE): Call Test Case 'Test Cases/Components/NavigateToAnyLHS' successfully

2020-06-09 00:25:46 - [TEST_CASE][PASSED] - Test Cases/Components/NavigateToAnyLHS: Test Cases/Components/NavigateToAnyLHS

2020-06-09 00:25:46 - [TEST_STEP][PASSED] - Thread.sleep(1000): null

2020-06-09 00:25:47 - [TEST_STEP][PASSED] - modifiedLHS = modifyObjectProperty(findTestObject("Objects.NavigateToAnyLHS/Page_ISPS2/LHSToModify"), "text", "equals", LHS, true): Modify property of object successfully

2020-06-09 00:25:47 - [MESSAGE][PASSED] - Modify property of object successfully

2020-06-09 00:25:47 - [TEST_STEP][PASSED] - click(modifiedLHS): Object: 'Object Repository/Objects.NavigateToAnyLHS/Page_ISPS2/LHSToModify' is clicked on

2020-06-09 00:25:47 - [MESSAGE][PASSED] - Object: 'Object Repository/Objects.NavigateToAnyLHS/Page_ISPS2/LHSToModify' is clicked on

2020-06-09 00:25:47 - [TEST_STEP][PASSED] - currentLHS = getText(modifiedLHS): Text of object 'Object Repository/Objects.NavigateToAnyLHS/Page_ISPS2/LHSToModify' is: 'Court Actions'

2020-06-09 00:25:47 - [MESSAGE][PASSED] - Text of object 'Object Repository/Objects.NavigateToAnyLHS/Page_ISPS2/LHSToModify' is: 'Court Actions'

2020-06-09 00:25:47 - [TEST_STEP][PASSED] - Thread.sleep(5000): null

2020-06-09 00:25:52 - [MESSAGE][PASSED] - Call Test Case 'Test Cases/Components/NavigateToAnyLHS' successfully

2020-06-09 00:25:52 - [TEST_STEP][PASSED] - callTestCase(findTestCase("Components/VerifyPageSuccessfullyLoaded"), ["HeaderName":"Court Actions"], STOP_ON_FAILURE): Call Test Case 'Test Cases/Components/VerifyPageSuccessfullyLoaded' successfully

2020-06-09 00:25:52 - [TEST_CASE][PASSED] - Test Cases/Components/VerifyPageSuccessfullyLoaded: Test Cases/Components/VerifyPageSuccessfullyLoaded

2020-06-09 00:25:52 - [TEST_STEP][PASSED] - Thread.sleep(3000): null

2020-06-09 00:25:55 - [TEST_STEP][PASSED] - ModifiedHeaderName = modifyObjectProperty(findTestObject("Objects.VerifyPageSuccessfullyLoaded/PageHeader"), "text", "equals", HeaderName, true): Modify property of object successfully

2020-06-09 00:25:55 - [MESSAGE][PASSED] - Modify property of object successfully

2020-06-09 00:25:55 - [TEST_STEP][PASSED] - verifyElementPresent(ModifiedHeaderName, 30): Object 'Object Repository/Objects.VerifyPageSuccessfullyLoaded/PageHeader' is present

2020-06-09 00:25:55 - [MESSAGE][PASSED] - Object 'Object Repository/Objects.VerifyPageSuccessfullyLoaded/PageHeader' is present

2020-06-09 00:25:55 - [TEST_STEP][PASSED] - com.reusableComponents.HighlightElement.run(ModifiedHeaderName): com.reusableComponents.HighlightElement.run is PASSED

2020-06-09 00:25:56 - [MESSAGE][PASSED] - com.reusableComponents.HighlightElement.run is PASSED

2020-06-09 00:25:56 - [MESSAGE][PASSED] - Call Test Case 'Test Cases/Components/VerifyPageSuccessfullyLoaded' successfully

2020-06-09 00:25:56 - [TEST_STEP][PASSED] - callTestCase(findTestCase("Components/HighlightLabelFieldXPI"), ["LblName":"Notice Order No", "index":1], STOP_ON_FAILURE): Call Test Case 'Test Cases/Components/HighlightLabelFieldXPI' successfully

2020-06-09 00:25:56 - [TEST_CASE][PASSED] - Test Cases/Components/HighlightLabelFieldXPI: Test Cases/Components/HighlightLabelFieldXPI

2020-06-09 00:25:56 - [TEST_STEP][PASSED] - Thread.sleep(1000): null

2020-06-09 00:25:57 - [TEST_STEP][PASSED] - modifiedLblNm = modifyObjectProperty(findTestObject("Object Repository/Objects.HighlightElements/lblField_index"), "xpath", "equals", "(//*[contains(@class, 'x-form-item-label-inner x-form-item-label-inner-default') and contains(., '" + LblName + "')])[" + index + "]", true): Modify property of object successfully

2020-06-09 00:25:57 - [MESSAGE][PASSED] - Modify property of object successfully

2020-06-09 00:25:57 - [TEST_STEP][PASSED] - com.reusableComponents.HighlightElement.run(modifiedLblNm): com.reusableComponents.HighlightElement.run is PASSED

2020-06-09 00:25:57 - [MESSAGE][PASSED] - com.reusableComponents.HighlightElement.run is PASSED

2020-06-09 00:25:57 - [MESSAGE][PASSED] - Call Test Case 'Test Cases/Components/HighlightLabelFieldXPI' successfully

2020-06-09 00:25:57 - [TEST_STEP][PASSED] - callTestCase(findTestCase("Components/HighlightInputFieldXPI"), ["FldNm":"courtNo", "index":1], STOP_ON_FAILURE): Call Test Case 'Test Cases/Components/HighlightInputFieldXPI' successfully

2020-06-09 00:25:57 - [TEST_CASE][PASSED] - Test Cases/Components/HighlightInputFieldXPI: Test Cases/Components/HighlightInputFieldXPI

2020-06-09 00:25:57 - [TEST_STEP][PASSED] - Thread.sleep(1000): null

2020-06-09 00:25:58 - [TEST_STEP][PASSED] - modifiedInputNm = modifyObjectProperty(findTestObject("Object Repository/Objects.HighlightElements/input_field_index"), "xpath", "equals", "(//*[contains(@name, '" + FldNm + "')])[" + index + "]", true): Modify property of object successfully

2020-06-09 00:25:58 - [MESSAGE][PASSED] - Modify property of object successfully

2020-06-09 00:25:58 - [TEST_STEP][PASSED] - com.reusableComponents.HighlightElement.run(modifiedInputNm): com.reusableComponents.HighlightElement.run is PASSED

2020-06-09 00:25:59 - [MESSAGE][PASSED] - com.reusableComponents.HighlightElement.run is PASSED

2020-06-09 00:25:59 - [MESSAGE][PASSED] - Call Test Case 'Test Cases/Components/HighlightInputFieldXPI' successfully

2020-06-09 00:25:59 - [TEST_STEP][PASSED] - callTestCase(findTestCase("PFI Precision and Scale/PFI Components with Indexing/VerifyDefaultValueIndex"), ["FieldNm":"courtNo", "index":1], STOP_ON_FAILURE): Call Test Case 'Test Cases/PFI Precision and Scale/PFI Components with Indexing/VerifyDefaultValueIndex' successfully

2020-06-09 00:25:59 - [TEST_CASE][PASSED] - Test Cases/PFI Precision and Scale/PFI Components with Indexing/VerifyDefaultValueIndex: Test Cases/PFI Precision and Scale/PFI Components with Indexing/VerifyDefaultValueIndex

2020-06-09 00:25:59 - [TEST_STEP][PASSED] - Thread.sleep(1000): null

2020-06-09 00:26:00 - [TEST_STEP][PASSED] - DefaultValueHM = ["periodType":"Working Day(s)", "noOfDays":"14", "inspWeight":"1", "inspModule":"PSI", "inspCaseType":"PSI Processing (SM)"]: null

2020-06-09 00:26:00 - [TEST_STEP][PASSED] - NewFieldNm = modifyObjectProperty(findTestObject("Object Repository/Objects.HighlightElements/input_field_index"), "xpath", "equals", "(//*[contains(@name,'" + FieldNm + "')])[" + index + "]", true): Modify property of object successfully

2020-06-09 00:26:00 - [MESSAGE][PASSED] - Modify property of object successfully

2020-06-09 00:26:00 - [TEST_STEP][PASSED] - focus(NewFieldNm): Object: 'Object Repository/Objects.HighlightElements/input_field_index' is focused

2020-06-09 00:26:00 - [MESSAGE][PASSED] - Object: 'Object Repository/Objects.HighlightElements/input_field_index' is focused

2020-06-09 00:26:00 - [TEST_STEP][PASSED] - DefVal = getAttribute(NewFieldNm, "value", STOP_ON_FAILURE): Attribute 'value' of object 'Object Repository/Objects.HighlightElements/input_field_index' is: 'SM 2020/02/3981'

2020-06-09 00:26:00 - [MESSAGE][PASSED] - Attribute 'value' of object 'Object Repository/Objects.HighlightElements/input_field_index' is: 'SM 2020/02/3981'

2020-06-09 00:26:00 - [TEST_STEP][PASSED] - switch (FieldNm): null

2020-06-09 00:26:00 - [TEST_STEP][PASSED] - case "courtNo":: null

2020-06-09 00:26:00 - [TEST_STEP][PASSED] - getCaseRef = getText(findTestObject("Objects.VerifyCourtActionsPrecisionAndScale/Page_ISPS2/div_Case Ref No")): Text of object 'Object Repository/Objects.VerifyCourtActionsPrecisionAndScale/Page_ISPS2/div_Case Ref No' is: '(Case Ref. No.: SM 2020/02/3981 | Submission No.: ES20200303-00005)'

2020-06-09 00:26:00 - [MESSAGE][PASSED] - Text of object 'Object Repository/Objects.VerifyCourtActionsPrecisionAndScale/Page_ISPS2/div_Case Ref No' is: '(Case Ref. No.: SM 2020/02/3981 | Submission No.: ES20200303-00005)'

2020-06-09 00:26:00 - [TEST_STEP][PASSED] - lengthSubmNo = getCaseRef.length() - 36: null

2020-06-09 00:26:00 - [TEST_STEP][PASSED] - lengthCaseRef = getCaseRef.length() - 16: null

2020-06-09 00:26:00 - [TEST_STEP][PASSED] - RemoveSubmissionNo = getCaseRef.substring(0, lengthCaseRef): null

2020-06-09 00:26:00 - [TEST_STEP][PASSED] - SMCaseRef = getCaseRef.substring(16, lengthSubmNo): null

2020-06-09 00:26:00 - [TEST_STEP][PASSED] - verifyMatch(DefVal, SMCaseRef, true, STOP_ON_FAILURE): Actual text 'SM 2020/02/3981' and expected text 'SM 2020/02/3981' are matched  using regular expression

2020-06-09 00:26:00 - [MESSAGE][PASSED] - Actual text 'SM 2020/02/3981' and expected text 'SM 2020/02/3981' are matched  using regular expression

2020-06-09 00:26:00 - [TEST_STEP][PASSED] - break: null

2020-06-09 00:26:00 - [MESSAGE][PASSED] - Call Test Case 'Test Cases/PFI Precision and Scale/PFI Components with Indexing/VerifyDefaultValueIndex' successfully

2020-06-09 00:26:00 - [TEST_STEP][PASSED] - callTestCase(findTestCase("Components/SelectAllThenDeleteXPI"), ["nameToBeUsed":"courtNo", "index":1], STOP_ON_FAILURE): Call Test Case 'Test Cases/Components/SelectAllThenDeleteXPI' successfully

2020-06-09 00:26:00 - [TEST_CASE][PASSED] - Test Cases/Components/SelectAllThenDeleteXPI: Test Cases/Components/SelectAllThenDeleteXPI

2020-06-09 00:26:00 - [TEST_STEP][PASSED] - Thread.sleep(1000): null

2020-06-09 00:26:01 - [TEST_STEP][PASSED] - modifiedObj = modifyObjectProperty(findTestObject("Object Repository/Objects.HighlightElements/input_field_index"), "xpath", "equals", "(//*[contains(@name,'" + nameToBeUsed + "')])[" + index + "]", true): Modify property of object successfully

2020-06-09 00:26:01 - [MESSAGE][PASSED] - Modify property of object successfully

2020-06-09 00:26:01 - [TEST_STEP][PASSED] - focus(modifiedObj): Object: 'Object Repository/Objects.HighlightElements/input_field_index' is focused

2020-06-09 00:26:01 - [MESSAGE][PASSED] - Object: 'Object Repository/Objects.HighlightElements/input_field_index' is focused

2020-06-09 00:26:01 - [TEST_STEP][PASSED] - sendKeys(modifiedObj, Keys.chord(CONTROL, "a")): Keys 'CONTROL + a' sent to object: 'Object Repository/Objects.HighlightElements/input_field_index'

2020-06-09 00:26:01 - [MESSAGE][PASSED] - Keys 'CONTROL + a' sent to object: 'Object Repository/Objects.HighlightElements/input_field_index'

2020-06-09 00:26:01 - [TEST_STEP][PASSED] - sendKeys(modifiedObj, Keys.chord(DELETE)): Keys 'DELETE + ' sent to object: 'Object Repository/Objects.HighlightElements/input_field_index'

2020-06-09 00:26:01 - [MESSAGE][PASSED] - Keys 'DELETE + ' sent to object: 'Object Repository/Objects.HighlightElements/input_field_index'

2020-06-09 00:26:01 - [MESSAGE][PASSED] - Call Test Case 'Test Cases/Components/SelectAllThenDeleteXPI' successfully

2020-06-09 00:26:01 - [TEST_STEP][PASSED] - callTestCase(findTestCase("PFI Precision and Scale/PFI Components with Indexing/AlphaNumericSpecialValidationIndex"), ["FldNm":"courtNo", "LenChar":10, "index":1], STOP_ON_FAILURE): Call Test Case 'Test Cases/PFI Precision and Scale/PFI Components with Indexing/AlphaNumericSpecialValidationIndex' successfully

2020-06-09 00:26:01 - [TEST_CASE][PASSED] - Test Cases/PFI Precision and Scale/PFI Components with Indexing/AlphaNumericSpecialValidationIndex: Test Cases/PFI Precision and Scale/PFI Components with Indexing/AlphaNumericSpecialValidationIndex

2020-06-09 00:26:01 - [TEST_STEP][PASSED] - charset = /?><"".join(): null

2020-06-09 00:26:01 - [TEST_STEP][PASSED] - AlphaNumeric = 9).join(): null

2020-06-09 00:26:01 - [TEST_STEP][PASSED] - SpecialChar = "`~!@#$%^&*()-=+_{}|\][;'":,./?><"": null

2020-06-09 00:26:01 - [TEST_STEP][PASSED] - RandomString = RandomStringUtils.random(LenChar, AlphaNumeric.toCharArray()): null

2020-06-09 00:26:01 - [TEST_STEP][PASSED] - RdmSpChar = RandomStringUtils.random(LenChar, SpecialChar): null

2020-06-09 00:26:01 - [TEST_STEP][PASSED] - regexPat = Pattern.compile("^[A-Za-z0-9 ]+$"): null

2020-06-09 00:26:01 - [TEST_STEP][PASSED] - NewInputNmField = modifyObjectProperty(findTestObject("Object Repository/Objects.HighlightElements/input_field_index"), "xpath", "equals", "(//*[contains(@class,'x-form-text') and (@name='" + FldNm + "')])[" + index + "]", true): Modify property of object successfully

2020-06-09 00:26:01 - [MESSAGE][PASSED] - Modify property of object successfully

2020-06-09 00:26:01 - [TEST_STEP][PASSED] - setText(NewInputNmField, RandomString): Text 'dnCe6KXhSs' is set on object 'Object Repository/Objects.HighlightElements/input_field_index'

2020-06-09 00:26:01 - [MESSAGE][PASSED] - Text 'dnCe6KXhSs' is set on object 'Object Repository/Objects.HighlightElements/input_field_index'

2020-06-09 00:26:01 - [TEST_STEP][PASSED] - RemarksAN = getAttribute(NewInputNmField, "value"): Attribute 'value' of object 'Object Repository/Objects.HighlightElements/input_field_index' is: 'dnCe6KXhSs'

2020-06-09 00:26:02 - [MESSAGE][PASSED] - Attribute 'value' of object 'Object Repository/Objects.HighlightElements/input_field_index' is: 'dnCe6KXhSs'

2020-06-09 00:26:02 - [TEST_STEP][PASSED] - matchStr = regexPat.matcher(RemarksAN): null

2020-06-09 00:26:02 - [TEST_STEP][PASSED] - if (matchStr.matches() == true): Accepting Alphanumeric

2020-06-09 00:26:02 - [TEST_STEP][PASSED] - comment("Accepting Alphanumeric"): Accepting Alphanumeric

2020-06-09 00:26:02 - [MESSAGE][INFO] - Accepting Alphanumeric

2020-06-09 00:26:02 - [TEST_STEP][PASSED] - setText(NewInputNmField, RdmSpChar): Text '!=&^=;~|*"' is set on object 'Object Repository/Objects.HighlightElements/input_field_index'

2020-06-09 00:26:02 - [MESSAGE][PASSED] - Text '!=&^=;~|*"' is set on object 'Object Repository/Objects.HighlightElements/input_field_index'

2020-06-09 00:26:02 - [TEST_STEP][PASSED] - RemarksSpChar = getAttribute(NewInputNmField, "value"): Attribute 'value' of object 'Object Repository/Objects.HighlightElements/input_field_index' is: '!=&^=;~|*"'

2020-06-09 00:26:02 - [MESSAGE][PASSED] - Attribute 'value' of object 'Object Repository/Objects.HighlightElements/input_field_index' is: '!=&^=;~|*"'

2020-06-09 00:26:02 - [TEST_STEP][PASSED] - matchSp = regexPat.matcher(RemarksSpChar): null

2020-06-09 00:26:02 - [TEST_STEP][PASSED] - if (matchSp.matches() == false): Accepting Special Characters

2020-06-09 00:26:02 - [TEST_STEP][PASSED] - comment("Accepting Special Characters"): Accepting Special Characters

2020-06-09 00:26:02 - [MESSAGE][INFO] - Accepting Special Characters

2020-06-09 00:26:02 - [MESSAGE][PASSED] - Call Test Case 'Test Cases/PFI Precision and Scale/PFI Components with Indexing/AlphaNumericSpecialValidationIndex' successfully

2020-06-09 00:26:02 - [TEST_STEP][PASSED] - callTestCase(findTestCase("PFI Precision and Scale/PFI Components with Indexing/MaxCharLengthIndexValidation"), ["FieldNm":"courtNo", "index":1, "MaxCharLen":25], STOP_ON_FAILURE): Call Test Case 'Test Cases/PFI Precision and Scale/PFI Components with Indexing/MaxCharLengthIndexValidation' successfully

2020-06-09 00:26:02 - [TEST_CASE][PASSED] - Test Cases/PFI Precision and Scale/PFI Components with Indexing/MaxCharLengthIndexValidation: Test Cases/PFI Precision and Scale/PFI Components with Indexing/MaxCharLengthIndexValidation

2020-06-09 00:26:02 - [TEST_STEP][PASSED] - Thread.sleep(1000): null

2020-06-09 00:26:03 - [TEST_STEP][PASSED] - CharLengthTBL = ["aoNotes":4000, "notes":4000, "hseBlkNo":10, "buildingName":100, "unformattedAddress":4000, "courtNo":20, "caseGrpDesc":4000, ... ]: null

2020-06-09 00:26:03 - [TEST_STEP][PASSED] - charset = /?><"".join(): null

2020-06-09 00:26:03 - [TEST_STEP][PASSED] - RandomStringVal = RandomStringUtils.random(MaxCharLen, charset.toCharArray()): null

2020-06-09 00:26:03 - [TEST_STEP][PASSED] - NewInputNmField = modifyObjectProperty(findTestObject("Object Repository/Objects.HighlightElements/input_field_index"), "xpath", "equals", "(//*[contains(@class,'x-form-text') and (@name='" + FieldNm + "')])[" + index + "]", true): Modify property of object successfully

2020-06-09 00:26:03 - [MESSAGE][PASSED] - Modify property of object successfully

2020-06-09 00:26:03 - [TEST_STEP][PASSED] - setText(NewInputNmField, RandomStringVal): Text 'SRFE,3KAzU6}TH2Kc^@TX=r(L' is set on object 'Object Repository/Objects.HighlightElements/input_field_index'

2020-06-09 00:26:03 - [MESSAGE][PASSED] - Text 'SRFE,3KAzU6}TH2Kc^@TX=r(L' is set on object 'Object Repository/Objects.HighlightElements/input_field_index'

2020-06-09 00:26:03 - [TEST_STEP][PASSED] - GetInputValue = getAttribute(NewInputNmField, "value", STOP_ON_FAILURE): Attribute 'value' of object 'Object Repository/Objects.HighlightElements/input_field_index' is: 'SRFE,3KAzU6}TH2Kc^@T'

2020-06-09 00:26:03 - [MESSAGE][PASSED] - Attribute 'value' of object 'Object Repository/Objects.HighlightElements/input_field_index' is: 'SRFE,3KAzU6}TH2Kc^@T'

2020-06-09 00:26:03 - [TEST_STEP][PASSED] - GetLenChar = GetInputValue.length(): null

2020-06-09 00:26:03 - [TEST_STEP][PASSED] - MaxLength = CharLengthTBL.get(FieldNm): null

2020-06-09 00:26:03 - [TEST_STEP][PASSED] - if (MaxLength != null): Actual object '20' and expected object '20' are equal

2020-06-09 00:26:03 - [TEST_STEP][PASSED] - verifyEqual(GetLenChar, MaxLength): Actual object '20' and expected object '20' are equal

2020-06-09 00:26:03 - [MESSAGE][PASSED] - Actual object '20' and expected object '20' are equal

2020-06-09 00:26:03 - [MESSAGE][PASSED] - Call Test Case 'Test Cases/PFI Precision and Scale/PFI Components with Indexing/MaxCharLengthIndexValidation' successfully

2020-06-09 00:26:03 - [TEST_STEP][PASSED] - callTestCase(findTestCase("Components/SelectAllThenDeleteXPI"), ["nameToBeUsed":"courtNo", "index":1], STOP_ON_FAILURE): Call Test Case 'Test Cases/Components/SelectAllThenDeleteXPI' successfully

2020-06-09 00:26:03 - [TEST_CASE][PASSED] - Test Cases/Components/SelectAllThenDeleteXPI: Test Cases/Components/SelectAllThenDeleteXPI

2020-06-09 00:26:03 - [TEST_STEP][PASSED] - Thread.sleep(1000): null

2020-06-09 00:26:04 - [TEST_STEP][PASSED] - modifiedObj = modifyObjectProperty(findTestObject("Object Repository/Objects.HighlightElements/input_field_index"), "xpath", "equals", "(//*[contains(@name,'" + nameToBeUsed + "')])[" + index + "]", true): Modify property of object successfully

2020-06-09 00:26:04 - [MESSAGE][PASSED] - Modify property of object successfully

2020-06-09 00:26:04 - [TEST_STEP][PASSED] - focus(modifiedObj): Object: 'Object Repository/Objects.HighlightElements/input_field_index' is focused

2020-06-09 00:26:05 - [MESSAGE][PASSED] - Object: 'Object Repository/Objects.HighlightElements/input_field_index' is focused

2020-06-09 00:26:05 - [TEST_STEP][PASSED] - sendKeys(modifiedObj, Keys.chord(CONTROL, "a")): Keys 'CONTROL + a' sent to object: 'Object Repository/Objects.HighlightElements/input_field_index'

2020-06-09 00:26:05 - [MESSAGE][PASSED] - Keys 'CONTROL + a' sent to object: 'Object Repository/Objects.HighlightElements/input_field_index'

2020-06-09 00:26:05 - [TEST_STEP][PASSED] - sendKeys(modifiedObj, Keys.chord(DELETE)): Keys 'DELETE + ' sent to object: 'Object Repository/Objects.HighlightElements/input_field_index'

2020-06-09 00:26:05 - [MESSAGE][PASSED] - Keys 'DELETE + ' sent to object: 'Object Repository/Objects.HighlightElements/input_field_index'

2020-06-09 00:26:05 - [MESSAGE][PASSED] - Call Test Case 'Test Cases/Components/SelectAllThenDeleteXPI' successfully

2020-06-09 00:26:05 - [TEST_STEP][PASSED] - callTestCase(findTestCase("PFI Precision and Scale/PFI Components with Indexing/RequiredFieldValidationXPI"), ["nameToBeUsed":"courtNo", "index":1], STOP_ON_FAILURE): Call Test Case 'Test Cases/PFI Precision and Scale/PFI Components with Indexing/RequiredFieldValidationXPI' successfully

2020-06-09 00:26:05 - [TEST_CASE][PASSED] - Test Cases/PFI Precision and Scale/PFI Components with Indexing/RequiredFieldValidationXPI: Test Cases/PFI Precision and Scale/PFI Components with Indexing/RequiredFieldValidationXPI

2020-06-09 00:26:05 - [TEST_STEP][PASSED] - enableSmartWait(): null

2020-06-09 00:26:05 - [TEST_STEP][PASSED] - NewInputNmField = modifyObjectProperty(findTestObject("Objects.HighlightElements/input_field_index"), "xpath", "equals", "(//*[contains(@name,'" + nameToBeUsed + "')])[" + index + "]", true): Modify property of object successfully

2020-06-09 00:26:05 - [MESSAGE][PASSED] - Modify property of object successfully

2020-06-09 00:26:05 - [TEST_STEP][PASSED] - getRqErrMsg = getAttribute(NewInputNmField, "data-errorqtip"): Attribute 'data-errorqtip' of object 'Object Repository/Objects.HighlightElements/input_field_index' is: '<ul class="x-list-plain"><li>This field is required</li></ul>'

2020-06-09 00:26:05 - [MESSAGE][PASSED] - Attribute 'data-errorqtip' of object 'Object Repository/Objects.HighlightElements/input_field_index' is: '<ul class="x-list-plain"><li>This field is required</li></ul>'

2020-06-09 00:26:05 - [TEST_STEP][PASSED] - strToolTip = getRqErrMsg.substring(29, 61): null

2020-06-09 00:26:05 - [TEST_STEP][PASSED] - toolTipReqErrMsg = strToolTip.substring(0, 22): null

2020-06-09 00:26:05 - [TEST_STEP][PASSED] - verifyMatch(toolTipReqErrMsg, RqField, true): Actual text 'This field is required' and expected text 'This field is required' are matched  using regular expression

2020-06-09 00:26:05 - [MESSAGE][PASSED] - Actual text 'This field is required' and expected text 'This field is required' are matched  using regular expression

2020-06-09 00:26:05 - [TEST_STEP][PASSED] - delay(3): Delayed 3 second(s)

2020-06-09 00:26:08 - [MESSAGE][PASSED] - Delayed 3 second(s)

2020-06-09 00:26:08 - [TEST_STEP][PASSED] - mouseOver(NewInputNmField): Object: 'Object Repository/Objects.HighlightElements/input_field_index' is hovered

2020-06-09 00:26:08 - [MESSAGE][PASSED] - Object: 'Object Repository/Objects.HighlightElements/input_field_index' is hovered

2020-06-09 00:26:08 - [MESSAGE][PASSED] - Call Test Case 'Test Cases/PFI Precision and Scale/PFI Components with Indexing/RequiredFieldValidationXPI' successfully

2020-06-09 00:26:08 - [TEST_STEP][PASSED] - callTestCase(findTestCase("Components/HighlightLabelFieldXPI"), ["LblName":"Notice/Order Date", "index":1], STOP_ON_FAILURE): Call Test Case 'Test Cases/Components/HighlightLabelFieldXPI' successfully

2020-06-09 00:26:08 - [TEST_CASE][PASSED] - Test Cases/Components/HighlightLabelFieldXPI: Test Cases/Components/HighlightLabelFieldXPI

2020-06-09 00:26:08 - [TEST_STEP][PASSED] - Thread.sleep(1000): null

2020-06-09 00:26:09 - [TEST_STEP][PASSED] - modifiedLblNm = modifyObjectProperty(findTestObject("Object Repository/Objects.HighlightElements/lblField_index"), "xpath", "equals", "(//*[contains(@class, 'x-form-item-label-inner x-form-item-label-inner-default') and contains(., '" + LblName + "')])[" + index + "]", true): Modify property of object successfully

2020-06-09 00:26:09 - [MESSAGE][PASSED] - Modify property of object successfully

2020-06-09 00:26:09 - [TEST_STEP][PASSED] - com.reusableComponents.HighlightElement.run(modifiedLblNm): com.reusableComponents.HighlightElement.run is PASSED

2020-06-09 00:26:09 - [MESSAGE][PASSED] - com.reusableComponents.HighlightElement.run is PASSED

2020-06-09 00:26:09 - [MESSAGE][PASSED] - Call Test Case 'Test Cases/Components/HighlightLabelFieldXPI' successfully

2020-06-09 00:26:09 - [TEST_STEP][PASSED] - callTestCase(findTestCase("Components/HighlightInputFieldXPI"), ["FldNm":"orderDt", "index":1], STOP_ON_FAILURE): Call Test Case 'Test Cases/Components/HighlightInputFieldXPI' successfully

2020-06-09 00:26:10 - [TEST_CASE][PASSED] - Test Cases/Components/HighlightInputFieldXPI: Test Cases/Components/HighlightInputFieldXPI

2020-06-09 00:26:10 - [TEST_STEP][PASSED] - Thread.sleep(1000): null

2020-06-09 00:26:11 - [TEST_STEP][PASSED] - modifiedInputNm = modifyObjectProperty(findTestObject("Object Repository/Objects.HighlightElements/input_field_index"), "xpath", "equals", "(//*[contains(@name, '" + FldNm + "')])[" + index + "]", true): Modify property of object successfully

2020-06-09 00:26:11 - [MESSAGE][PASSED] - Modify property of object successfully

2020-06-09 00:26:11 - [TEST_STEP][PASSED] - com.reusableComponents.HighlightElement.run(modifiedInputNm): com.reusableComponents.HighlightElement.run is PASSED

2020-06-09 00:26:11 - [MESSAGE][PASSED] - com.reusableComponents.HighlightElement.run is PASSED

2020-06-09 00:26:11 - [MESSAGE][PASSED] - Call Test Case 'Test Cases/Components/HighlightInputFieldXPI' successfully

2020-06-09 00:26:11 - [TEST_STEP][PASSED] - callTestCase(findTestCase("PFI Precision and Scale/PFI Components with Indexing/NumericTextboxValidationIndex"), ["nameToBeUsed":"orderDt", "index":1, "minLen":12], STOP_ON_FAILURE): Call Test Case 'Test Cases/PFI Precision and Scale/PFI Components with Indexing/NumericTextboxValidationIndex' successfully

2020-06-09 00:26:11 - [TEST_CASE][PASSED] - Test Cases/PFI Precision and Scale/PFI Components with Indexing/NumericTextboxValidationIndex: Test Cases/PFI Precision and Scale/PFI Components with Indexing/NumericTextboxValidationIndex

2020-06-09 00:26:11 - [TEST_STEP][PASSED] - Thread.sleep(1000): null

2020-06-09 00:26:12 - [TEST_STEP][PASSED] - Numeric = "0123456789": null

2020-06-09 00:26:12 - [TEST_STEP][PASSED] - AlphaSpecialChar = z) + "`~!@#$%^&*()=_{}|\][;'":,?><"".join(): null

2020-06-09 00:26:12 - [TEST_STEP][PASSED] - RandomNumeric = RandomStringUtils.random(minLen, Numeric.toCharArray()): null

2020-06-09 00:26:12 - [TEST_STEP][PASSED] - RandomString = RandomStringUtils.random(minLen, AlphaSpecialChar): null

2020-06-09 00:26:12 - [TEST_STEP][PASSED] - regexPat = Pattern.compile("^[0-9]+$"): null

2020-06-09 00:26:12 - [TEST_STEP][PASSED] - NewInputNmField = modifyObjectProperty(findTestObject("Object Repository/Objects.HighlightElements/input_field_index"), "xpath", "equals", "(//*[contains(@class,'x-form-text') and (@name='" + nameToBeUsed + "')])[" + index + "]", true): Modify property of object successfully

2020-06-09 00:26:12 - [MESSAGE][PASSED] - Modify property of object successfully

2020-06-09 00:26:12 - [TEST_STEP][PASSED] - focus(NewInputNmField): Object: 'Object Repository/Objects.HighlightElements/input_field_index' is focused

2020-06-09 00:26:12 - [MESSAGE][PASSED] - Object: 'Object Repository/Objects.HighlightElements/input_field_index' is focused

2020-06-09 00:26:12 - [TEST_STEP][PASSED] - setText(NewInputNmField, RandomString): Text 'F!$"bB"L>!y:' is set on object 'Object Repository/Objects.HighlightElements/input_field_index'

2020-06-09 00:26:12 - [MESSAGE][PASSED] - Text 'F!$"bB"L>!y:' is set on object 'Object Repository/Objects.HighlightElements/input_field_index'

2020-06-09 00:26:12 - [TEST_STEP][PASSED] - GetInputVal = getAttribute(NewInputNmField, "value"): Attribute 'value' of object 'Object Repository/Objects.HighlightElements/input_field_index' is: ''

2020-06-09 00:26:12 - [MESSAGE][PASSED] - Attribute 'value' of object 'Object Repository/Objects.HighlightElements/input_field_index' is: ''

2020-06-09 00:26:12 - [TEST_STEP][PASSED] - if (GetInputVal.contains("e")): null

2020-06-09 00:26:12 - [TEST_STEP][PASSED] - else: Actual text '' and expected text '' are matched  using regular expression

2020-06-09 00:26:12 - [TEST_STEP][PASSED] - verifyMatch(GetInputVal, "", true): Actual text '' and expected text '' are matched  using regular expression

2020-06-09 00:26:12 - [MESSAGE][PASSED] - Actual text '' and expected text '' are matched  using regular expression

2020-06-09 00:26:12 - [TEST_STEP][PASSED] - setText(NewInputNmField, RandomNumeric): Text '723286772104' is set on object 'Object Repository/Objects.HighlightElements/input_field_index'

2020-06-09 00:26:13 - [MESSAGE][PASSED] - Text '723286772104' is set on object 'Object Repository/Objects.HighlightElements/input_field_index'

2020-06-09 00:26:13 - [TEST_STEP][PASSED] - GetEnteredIntegers = getAttribute(NewInputNmField, "value"): Attribute 'value' of object 'Object Repository/Objects.HighlightElements/input_field_index' is: '723286772104'

2020-06-09 00:26:13 - [MESSAGE][PASSED] - Attribute 'value' of object 'Object Repository/Objects.HighlightElements/input_field_index' is: '723286772104'

2020-06-09 00:26:13 - [TEST_STEP][PASSED] - matchStr = regexPat.matcher(GetEnteredIntegers): null

2020-06-09 00:26:13 - [TEST_STEP][PASSED] - if (matchStr.matches() == true): Accepting Numeric

2020-06-09 00:26:13 - [TEST_STEP][PASSED] - comment("Accepting Numeric"): Accepting Numeric

2020-06-09 00:26:13 - [MESSAGE][INFO] - Accepting Numeric

2020-06-09 00:26:13 - [MESSAGE][PASSED] - Call Test Case 'Test Cases/PFI Precision and Scale/PFI Components with Indexing/NumericTextboxValidationIndex' successfully

2020-06-09 00:26:13 - [TEST_STEP][PASSED] - callTestCase(findTestCase("PFI Precision and Scale/PFI Components with Indexing/InvalidDateErrorValidationIndex"), ["FldNm":"orderDt", "index":1], STOP_ON_FAILURE): Call Test Case 'Test Cases/PFI Precision and Scale/PFI Components with Indexing/InvalidDateErrorValidationIndex' successfully

2020-06-09 00:26:13 - [TEST_CASE][PASSED] - Test Cases/PFI Precision and Scale/PFI Components with Indexing/InvalidDateErrorValidationIndex: Test Cases/PFI Precision and Scale/PFI Components with Indexing/InvalidDateErrorValidationIndex

2020-06-09 00:26:13 - [TEST_STEP][PASSED] - Thread.sleep(1000): null

2020-06-09 00:26:14 - [TEST_STEP][PASSED] - DateFieldNm = modifyObjectProperty(findTestObject("Object Repository/Objects.HighlightElements/input_field_index"), "xpath", "equals", "(//*[contains(@class,'x-form-text') and (@name='" + FldNm + "')])[" + index + "]", true): Modify property of object successfully

2020-06-09 00:26:14 - [MESSAGE][PASSED] - Modify property of object successfully

2020-06-09 00:26:14 - [TEST_STEP][PASSED] - focus(DateFieldNm): Object: 'Object Repository/Objects.HighlightElements/input_field_index' is focused

2020-06-09 00:26:14 - [MESSAGE][PASSED] - Object: 'Object Repository/Objects.HighlightElements/input_field_index' is focused

2020-06-09 00:26:14 - [TEST_STEP][PASSED] - getInputInvalidDate = getAttribute(DateFieldNm, "value"): Attribute 'value' of object 'Object Repository/Objects.HighlightElements/input_field_index' is: '723286772104'

2020-06-09 00:26:14 - [MESSAGE][PASSED] - Attribute 'value' of object 'Object Repository/Objects.HighlightElements/input_field_index' is: '723286772104'

2020-06-09 00:26:14 - [TEST_STEP][PASSED] - mouseOver(DateFieldNm): Object: 'Object Repository/Objects.HighlightElements/input_field_index' is hovered

2020-06-09 00:26:14 - [MESSAGE][PASSED] - Object: 'Object Repository/Objects.HighlightElements/input_field_index' is hovered

2020-06-09 00:26:14 - [TEST_STEP][PASSED] - getErrMsg = getAttribute(DateFieldNm, "data-errorqtip"): Attribute 'data-errorqtip' of object 'Object Repository/Objects.HighlightElements/input_field_index' is: '<ul class="x-list-plain"><li>723286772104 is not a valid date - it must be in the format d/m/Y</li></ul>'

2020-06-09 00:26:14 - [MESSAGE][PASSED] - Attribute 'data-errorqtip' of object 'Object Repository/Objects.HighlightElements/input_field_index' is: '<ul class="x-list-plain"><li>723286772104 is not a valid date - it must be in the format d/m/Y</li></ul>'

2020-06-09 00:26:14 - [TEST_STEP][PASSED] - getTotalLength = getErrMsg.length(): null

2020-06-09 00:26:14 - [TEST_STEP][PASSED] - RemoveULClass = getErrMsg.substring(29, getTotalLength): null

2020-06-09 00:26:14 - [TEST_STEP][PASSED] - LengthNoUlClass = RemoveULClass.length() - 10: null

2020-06-09 00:26:14 - [TEST_STEP][PASSED] - ToolTipInvErrMsg = RemoveULClass.substring(0, LengthNoUlClass): null

2020-06-09 00:26:14 - [TEST_STEP][PASSED] - ExpectedInvalidErrMsg = concatenate(getInputInvalidDate, " ", NotValidDt): Concatenated string array: '['723286772104',' ','is not a valid date - it must be in the format d/m/Y']' into '723286772104 is not a valid date - it must be in the format d/m/Y'

2020-06-09 00:26:14 - [MESSAGE][PASSED] - Concatenated string array: '['723286772104',' ','is not a valid date - it must be in the format d/m/Y']' into '723286772104 is not a valid date - it must be in the format d/m/Y'

2020-06-09 00:26:14 - [TEST_STEP][PASSED] - verifyMatch(ToolTipInvErrMsg, ExpectedInvalidErrMsg, true): Actual text '723286772104 is not a valid date - it must be in the format d/m/Y' and expected text '723286772104 is not a valid date - it must be in the format d/m/Y' are matched  using regular expression

2020-06-09 00:26:14 - [MESSAGE][PASSED] - Actual text '723286772104 is not a valid date - it must be in the format d/m/Y' and expected text '723286772104 is not a valid date - it must be in the format d/m/Y' are matched  using regular expression

2020-06-09 00:26:14 - [MESSAGE][PASSED] - Call Test Case 'Test Cases/PFI Precision and Scale/PFI Components with Indexing/InvalidDateErrorValidationIndex' successfully

2020-06-09 00:26:14 - [TEST_STEP][PASSED] - callTestCase(findTestCase("PFI Precision and Scale/PFI Components with Indexing/SelectDayInDatePickerWithIndexII"), ["FldNm":"orderDt", "SelectCurrentDay":11, "index":17, "idx":1], STOP_ON_FAILURE): Call Test Case 'Test Cases/PFI Precision and Scale/PFI Components with Indexing/SelectDayInDatePickerWithIndexII' successfully

2020-06-09 00:26:14 - [TEST_CASE][PASSED] - Test Cases/PFI Precision and Scale/PFI Components with Indexing/SelectDayInDatePickerWithIndexII: Test Cases/PFI Precision and Scale/PFI Components with Indexing/SelectDayInDatePickerWithIndexII

2020-06-09 00:26:14 - [TEST_STEP][PASSED] - Thread.sleep(1000): null

2020-06-09 00:26:15 - [TEST_STEP][PASSED] - DateInputFld = modifyObjectProperty(findTestObject("Objects.HighlightElements/input_field_index"), "xpath", "equals", "(//*[contains(@class,'x-form-text') and (@name='" + FldNm + "')])[" + idx + "]", true): Modify property of object successfully

2020-06-09 00:26:15 - [MESSAGE][PASSED] - Modify property of object successfully

2020-06-09 00:26:15 - [TEST_STEP][PASSED] - ModifiedDay = modifyObjectProperty(findTestObject("Objects.DateValidation/Page_ISPS2/Select_Day_Index"), "xpath", "equals", "(//*[contains(@class, 'x-datepicker-date') and (text() = '" + SelectCurrentDay + "')])[" + index + "]", true): Modify property of object successfully

2020-06-09 00:26:15 - [MESSAGE][PASSED] - Modify property of object successfully

2020-06-09 00:26:15 - [TEST_STEP][PASSED] - sendKeys(DateInputFld, Keys.chord(ARROW_DOWN)): Keys 'DOWN + ' sent to object: 'Object Repository/Objects.HighlightElements/input_field_index'

2020-06-09 00:26:15 - [MESSAGE][PASSED] - Keys 'DOWN + ' sent to object: 'Object Repository/Objects.HighlightElements/input_field_index'

2020-06-09 00:26:15 - [TEST_STEP][PASSED] - com.reusableComponents.HighlightElement.run(ModifiedDay): com.reusableComponents.HighlightElement.run is PASSED

2020-06-09 00:26:16 - [MESSAGE][PASSED] - com.reusableComponents.HighlightElement.run is PASSED

2020-06-09 00:26:16 - [TEST_STEP][PASSED] - delay(1): Delayed 1 second(s)

2020-06-09 00:26:17 - [MESSAGE][PASSED] - Delayed 1 second(s)

2020-06-09 00:26:17 - [TEST_STEP][PASSED] - click(ModifiedDay): Object: 'Object Repository/Objects.DateValidation/Page_ISPS2/Select_Day_Index' is clicked on

2020-06-09 00:26:17 - [MESSAGE][PASSED] - Object: 'Object Repository/Objects.DateValidation/Page_ISPS2/Select_Day_Index' is clicked on

2020-06-09 00:26:17 - [TEST_STEP][PASSED] - GetError = getAttribute(DateInputFld, "data-errorqtip"): Attribute 'data-errorqtip' of object 'Object Repository/Objects.HighlightElements/input_field_index' is: ''

2020-06-09 00:26:17 - [MESSAGE][PASSED] - Attribute 'data-errorqtip' of object 'Object Repository/Objects.HighlightElements/input_field_index' is: ''

2020-06-09 00:26:17 - [TEST_STEP][PASSED] - if (GetError == ""): Date Format is valid

2020-06-09 00:26:17 - [TEST_STEP][PASSED] - GetEnteredDate = getAttribute(DateInputFld, "value"): Attribute 'value' of object 'Object Repository/Objects.HighlightElements/input_field_index' is: '11/06/2020'

2020-06-09 00:26:17 - [MESSAGE][PASSED] - Attribute 'value' of object 'Object Repository/Objects.HighlightElements/input_field_index' is: '11/06/2020'

2020-06-09 00:26:17 - [TEST_STEP][PASSED] - DatePattern = Pattern.compile("^(1[0-2]|0[1-9])/(3[01]|[12][0-9]|0[1-9])/[0-9]{4}$"): null

2020-06-09 00:26:17 - [TEST_STEP][PASSED] - VerifyDateFormat = DatePattern.matcher(GetEnteredDate): null

2020-06-09 00:26:17 - [TEST_STEP][PASSED] - if (VerifyDateFormat.matches() == true): Date Format is valid

2020-06-09 00:26:17 - [TEST_STEP][PASSED] - comment("Date Format is valid"): Date Format is valid

2020-06-09 00:26:17 - [MESSAGE][INFO] - Date Format is valid

2020-06-09 00:26:17 - [MESSAGE][PASSED] - Call Test Case 'Test Cases/PFI Precision and Scale/PFI Components with Indexing/SelectDayInDatePickerWithIndexII' successfully

2020-06-09 00:26:17 - [TEST_STEP][PASSED] - callTestCase(findTestCase("PFI Precision and Scale/PFI Components with Indexing/SelectTodayInDatePickerIndex"), ["FldNm":"orderDt", "index":9, "idx":1], STOP_ON_FAILURE): Call Test Case 'Test Cases/PFI Precision and Scale/PFI Components with Indexing/SelectTodayInDatePickerIndex' successfully

2020-06-09 00:26:17 - [TEST_CASE][PASSED] - Test Cases/PFI Precision and Scale/PFI Components with Indexing/SelectTodayInDatePickerIndex: Test Cases/PFI Precision and Scale/PFI Components with Indexing/SelectTodayInDatePickerIndex

2020-06-09 00:26:17 - [TEST_STEP][PASSED] - Thread.sleep(1000): null

2020-06-09 00:26:18 - [TEST_STEP][PASSED] - date = new java.util.Date(): null

2020-06-09 00:26:18 - [TEST_STEP][PASSED] - CurrentDate = new java.text.SimpleDateFormat(dd/MM/yyyy): null

2020-06-09 00:26:18 - [TEST_STEP][PASSED] - TodayDate = CurrentDate.format(date): null

2020-06-09 00:26:18 - [TEST_STEP][PASSED] - DateFieldNm = modifyObjectProperty(findTestObject("Objects.HighlightElements/input_field_index"), "xpath", "equals", "(//*[contains(@class,'x-form-text') and (@name='" + FldNm + "')])[" + idx + "]", true): Modify property of object successfully

2020-06-09 00:26:18 - [MESSAGE][PASSED] - Modify property of object successfully

2020-06-09 00:26:18 - [TEST_STEP][PASSED] - TodayBtn = modifyObjectProperty(findTestObject("Object Repository/Objects.DateValidation/Page_ISPS2/a_Today"), "xpath", "equals", "(//*[text() = 'Today'])[" + index + "]", true): Modify property of object successfully

2020-06-09 00:26:18 - [MESSAGE][PASSED] - Modify property of object successfully

2020-06-09 00:26:18 - [TEST_STEP][PASSED] - sendKeys(DateFieldNm, Keys.chord(ARROW_DOWN)): Keys 'DOWN + ' sent to object: 'Object Repository/Objects.HighlightElements/input_field_index'

2020-06-09 00:26:18 - [MESSAGE][PASSED] - Keys 'DOWN + ' sent to object: 'Object Repository/Objects.HighlightElements/input_field_index'

2020-06-09 00:26:18 - [TEST_STEP][PASSED] - com.reusableComponents.HighlightElement.run(TodayBtn): com.reusableComponents.HighlightElement.run is PASSED

2020-06-09 00:26:19 - [MESSAGE][PASSED] - com.reusableComponents.HighlightElement.run is PASSED

2020-06-09 00:26:19 - [TEST_STEP][PASSED] - click(TodayBtn): Object: 'Object Repository/Objects.DateValidation/Page_ISPS2/a_Today' is clicked on

2020-06-09 00:26:19 - [MESSAGE][PASSED] - Object: 'Object Repository/Objects.DateValidation/Page_ISPS2/a_Today' is clicked on

2020-06-09 00:26:19 - [TEST_STEP][PASSED] - GetEnteredDate = getAttribute(DateFieldNm, "value"): Attribute 'value' of object 'Object Repository/Objects.HighlightElements/input_field_index' is: '09/06/2020'

2020-06-09 00:26:19 - [MESSAGE][PASSED] - Attribute 'value' of object 'Object Repository/Objects.HighlightElements/input_field_index' is: '09/06/2020'

2020-06-09 00:26:19 - [TEST_STEP][PASSED] - verifyMatch(GetEnteredDate, TodayDate, true): Actual text '09/06/2020' and expected text '09/06/2020' are matched  using regular expression

2020-06-09 00:26:19 - [MESSAGE][PASSED] - Actual text '09/06/2020' and expected text '09/06/2020' are matched  using regular expression

2020-06-09 00:26:19 - [MESSAGE][PASSED] - Call Test Case 'Test Cases/PFI Precision and Scale/PFI Components with Indexing/SelectTodayInDatePickerIndex' successfully

2020-06-09 00:26:19 - [TEST_STEP][PASSED] - callTestCase(findTestCase("Components/SelectAllThenDeleteXPI"), ["nameToBeUsed":"orderDt", "index":1], STOP_ON_FAILURE): Call Test Case 'Test Cases/Components/SelectAllThenDeleteXPI' successfully

2020-06-09 00:26:19 - [TEST_CASE][PASSED] - Test Cases/Components/SelectAllThenDeleteXPI: Test Cases/Components/SelectAllThenDeleteXPI

2020-06-09 00:26:19 - [TEST_STEP][PASSED] - Thread.sleep(1000): null

2020-06-09 00:26:20 - [TEST_STEP][PASSED] - modifiedObj = modifyObjectProperty(findTestObject("Object Repository/Objects.HighlightElements/input_field_index"), "xpath", "equals", "(//*[contains(@name,'" + nameToBeUsed + "')])[" + index + "]", true): Modify property of object successfully

2020-06-09 00:26:20 - [MESSAGE][PASSED] - Modify property of object successfully

2020-06-09 00:26:20 - [TEST_STEP][PASSED] - focus(modifiedObj): Object: 'Object Repository/Objects.HighlightElements/input_field_index' is focused

2020-06-09 00:26:20 - [MESSAGE][PASSED] - Object: 'Object Repository/Objects.HighlightElements/input_field_index' is focused

2020-06-09 00:26:20 - [TEST_STEP][PASSED] - sendKeys(modifiedObj, Keys.chord(CONTROL, "a")): Keys 'CONTROL + a' sent to object: 'Object Repository/Objects.HighlightElements/input_field_index'

2020-06-09 00:26:20 - [MESSAGE][PASSED] - Keys 'CONTROL + a' sent to object: 'Object Repository/Objects.HighlightElements/input_field_index'

2020-06-09 00:26:20 - [TEST_STEP][PASSED] - sendKeys(modifiedObj, Keys.chord(DELETE)): Keys 'DELETE + ' sent to object: 'Object Repository/Objects.HighlightElements/input_field_index'

2020-06-09 00:26:20 - [MESSAGE][PASSED] - Keys 'DELETE + ' sent to object: 'Object Repository/Objects.HighlightElements/input_field_index'

2020-06-09 00:26:20 - [MESSAGE][PASSED] - Call Test Case 'Test Cases/Components/SelectAllThenDeleteXPI' successfully

2020-06-09 00:26:20 - [TEST_STEP][PASSED] - callTestCase(findTestCase("PFI Precision and Scale/PFI Components with Indexing/RequiredFieldValidationXPI"), ["nameToBeUsed":"orderDt", "index":1], STOP_ON_FAILURE): Call Test Case 'Test Cases/PFI Precision and Scale/PFI Components with Indexing/RequiredFieldValidationXPI' successfully

2020-06-09 00:26:20 - [TEST_CASE][PASSED] - Test Cases/PFI Precision and Scale/PFI Components with Indexing/RequiredFieldValidationXPI: Test Cases/PFI Precision and Scale/PFI Components with Indexing/RequiredFieldValidationXPI

2020-06-09 00:26:20 - [TEST_STEP][PASSED] - enableSmartWait(): null

2020-06-09 00:26:20 - [TEST_STEP][PASSED] - NewInputNmField = modifyObjectProperty(findTestObject("Objects.HighlightElements/input_field_index"), "xpath", "equals", "(//*[contains(@name,'" + nameToBeUsed + "')])[" + index + "]", true): Modify property of object successfully

2020-06-09 00:26:20 - [MESSAGE][PASSED] - Modify property of object successfully

2020-06-09 00:26:20 - [TEST_STEP][PASSED] - getRqErrMsg = getAttribute(NewInputNmField, "data-errorqtip"): Attribute 'data-errorqtip' of object 'Object Repository/Objects.HighlightElements/input_field_index' is: '<ul class="x-list-plain"><li>This field is required</li></ul>'

2020-06-09 00:26:20 - [MESSAGE][PASSED] - Attribute 'data-errorqtip' of object 'Object Repository/Objects.HighlightElements/input_field_index' is: '<ul class="x-list-plain"><li>This field is required</li></ul>'

2020-06-09 00:26:20 - [TEST_STEP][PASSED] - strToolTip = getRqErrMsg.substring(29, 61): null

2020-06-09 00:26:20 - [TEST_STEP][PASSED] - toolTipReqErrMsg = strToolTip.substring(0, 22): null

2020-06-09 00:26:20 - [TEST_STEP][PASSED] - verifyMatch(toolTipReqErrMsg, RqField, true): Actual text 'This field is required' and expected text 'This field is required' are matched  using regular expression

2020-06-09 00:26:20 - [MESSAGE][PASSED] - Actual text 'This field is required' and expected text 'This field is required' are matched  using regular expression

2020-06-09 00:26:20 - [TEST_STEP][PASSED] - delay(3): Delayed 3 second(s)

2020-06-09 00:26:23 - [MESSAGE][PASSED] - Delayed 3 second(s)

2020-06-09 00:26:23 - [TEST_STEP][PASSED] - mouseOver(NewInputNmField): Object: 'Object Repository/Objects.HighlightElements/input_field_index' is hovered

2020-06-09 00:26:23 - [MESSAGE][PASSED] - Object: 'Object Repository/Objects.HighlightElements/input_field_index' is hovered

2020-06-09 00:26:23 - [MESSAGE][PASSED] - Call Test Case 'Test Cases/PFI Precision and Scale/PFI Components with Indexing/RequiredFieldValidationXPI' successfully

2020-06-09 00:26:23 - [TEST_STEP][PASSED] - callTestCase(findTestCase("Components/HighlightLabelFieldXPI"), ["LblName":"Complaint Officer", "index":1], STOP_ON_FAILURE): Call Test Case 'Test Cases/Components/HighlightLabelFieldXPI' successfully

2020-06-09 00:26:23 - [TEST_CASE][PASSED] - Test Cases/Components/HighlightLabelFieldXPI: Test Cases/Components/HighlightLabelFieldXPI

2020-06-09 00:26:23 - [TEST_STEP][PASSED] - Thread.sleep(1000): null

2020-06-09 00:26:24 - [TEST_STEP][PASSED] - modifiedLblNm = modifyObjectProperty(findTestObject("Object Repository/Objects.HighlightElements/lblField_index"), "xpath", "equals", "(//*[contains(@class, 'x-form-item-label-inner x-form-item-label-inner-default') and contains(., '" + LblName + "')])[" + index + "]", true): Modify property of object successfully

2020-06-09 00:26:24 - [MESSAGE][PASSED] - Modify property of object successfully

2020-06-09 00:26:24 - [TEST_STEP][PASSED] - com.reusableComponents.HighlightElement.run(modifiedLblNm): com.reusableComponents.HighlightElement.run is PASSED

2020-06-09 00:26:25 - [MESSAGE][PASSED] - com.reusableComponents.HighlightElement.run is PASSED

2020-06-09 00:26:25 - [MESSAGE][PASSED] - Call Test Case 'Test Cases/Components/HighlightLabelFieldXPI' successfully

2020-06-09 00:26:25 - [TEST_STEP][PASSED] - callTestCase(findTestCase("Components/HighlightInputFieldXPI"), ["FldNm":"complaintOfficer", "index":1], STOP_ON_FAILURE): Call Test Case 'Test Cases/Components/HighlightInputFieldXPI' successfully

2020-06-09 00:26:25 - [TEST_CASE][PASSED] - Test Cases/Components/HighlightInputFieldXPI: Test Cases/Components/HighlightInputFieldXPI

2020-06-09 00:26:25 - [TEST_STEP][PASSED] - Thread.sleep(1000): null

2020-06-09 00:26:26 - [TEST_STEP][PASSED] - modifiedInputNm = modifyObjectProperty(findTestObject("Object Repository/Objects.HighlightElements/input_field_index"), "xpath", "equals", "(//*[contains(@name, '" + FldNm + "')])[" + index + "]", true): Modify property of object successfully

2020-06-09 00:26:26 - [MESSAGE][PASSED] - Modify property of object successfully

2020-06-09 00:26:26 - [TEST_STEP][PASSED] - com.reusableComponents.HighlightElement.run(modifiedInputNm): com.reusableComponents.HighlightElement.run is PASSED

2020-06-09 00:26:26 - [MESSAGE][PASSED] - com.reusableComponents.HighlightElement.run is PASSED

2020-06-09 00:26:26 - [MESSAGE][PASSED] - Call Test Case 'Test Cases/Components/HighlightInputFieldXPI' successfully

2020-06-09 00:26:26 - [TEST_STEP][PASSED] - callTestCase(findTestCase("PFI Precision and Scale/PFI Components with Indexing/VerifyDropdownValuesXPI"), ["FldNm":"complaintOfficer", "index":1, "CallTCName":"PFI Precision and Scale/HashMap Tables/OfficerLists", "cmbNm":"", "NoOfVal":1, ... ], STOP_ON_FAILURE): Call Test Case 'Test Cases/PFI Precision and Scale/PFI Components with Indexing/VerifyDropdownValuesXPI' successfully

2020-06-09 00:26:26 - [TEST_CASE][PASSED] - Test Cases/PFI Precision and Scale/PFI Components with Indexing/VerifyDropdownValuesXPI: Test Cases/PFI Precision and Scale/PFI Components with Indexing/VerifyDropdownValuesXPI

2020-06-09 00:26:26 - [TEST_STEP][PASSED] - Thread.sleep(1000): null

2020-06-09 00:26:27 - [TEST_STEP][PASSED] - NewInputNmField = modifyObjectProperty(findTestObject("Object Repository/Objects.HighlightElements/input_field_index"), "xpath", "equals", "(//*[contains(@name, '" + FldNm + "')])[" + index + "]", true): Modify property of object successfully

2020-06-09 00:26:27 - [MESSAGE][PASSED] - Modify property of object successfully

2020-06-09 00:26:27 - [TEST_STEP][PASSED] - comboNm = cmbNm: null

2020-06-09 00:26:27 - [TEST_STEP][PASSED] - focus(NewInputNmField): Object: 'Object Repository/Objects.HighlightElements/input_field_index' is focused

2020-06-09 00:26:27 - [MESSAGE][PASSED] - Object: 'Object Repository/Objects.HighlightElements/input_field_index' is focused

2020-06-09 00:26:27 - [TEST_STEP][PASSED] - setText(NewInputNmField, EnterValue): Text 'invalid' is set on object 'Object Repository/Objects.HighlightElements/input_field_index'

2020-06-09 00:26:28 - [MESSAGE][PASSED] - Text 'invalid' is set on object 'Object Repository/Objects.HighlightElements/input_field_index'

2020-06-09 00:26:28 - [TEST_STEP][PASSED] - for ([i = 1, i <= NoOfVal, (i++)]): Keys 'DOWN + ' sent to object: 'Object Repository/Objects.HighlightElements/input_field_index'

2020-06-09 00:26:28 - [TEST_STEP][PASSED] - sendKeys(NewInputNmField, Keys.chord(ARROW_DOWN)): Keys 'DOWN + ' sent to object: 'Object Repository/Objects.HighlightElements/input_field_index'

2020-06-09 00:26:28 - [MESSAGE][PASSED] - Keys 'DOWN + ' sent to object: 'Object Repository/Objects.HighlightElements/input_field_index'

2020-06-09 00:26:28 - [TEST_STEP][PASSED] - delay(DelayTime): Delayed 2 second(s)

2020-06-09 00:26:30 - [MESSAGE][PASSED] - Delayed 2 second(s)

2020-06-09 00:26:30 - [TEST_STEP][PASSED] - sendKeys(NewInputNmField, Keys.chord(ENTER)): Keys 'ENTER + ' sent to object: 'Object Repository/Objects.HighlightElements/input_field_index'

2020-06-09 00:26:30 - [MESSAGE][PASSED] - Keys 'ENTER + ' sent to object: 'Object Repository/Objects.HighlightElements/input_field_index'

2020-06-09 00:26:30 - [TEST_STEP][PASSED] - ComboBoxValue = getAttribute(NewInputNmField, "value"): Attribute 'value' of object 'Object Repository/Objects.HighlightElements/input_field_index' is: 'invalid'

2020-06-09 00:26:30 - [MESSAGE][PASSED] - Attribute 'value' of object 'Object Repository/Objects.HighlightElements/input_field_index' is: 'invalid'

2020-06-09 00:26:30 - [TEST_STEP][PASSED] - callTestCase(findTestCase(CallTCName), ["FindValue":ComboBoxValue, "DropdownNm":comboNm], STOP_ON_FAILURE): Call Test Case 'Test Cases/PFI Precision and Scale/HashMap Tables/OfficerLists' successfully

2020-06-09 00:26:30 - [TEST_CASE][PASSED] - Test Cases/PFI Precision and Scale/HashMap Tables/OfficerLists: Test Cases/PFI Precision and Scale/HashMap Tables/OfficerLists

2020-06-09 00:26:30 - [TEST_STEP][PASSED] - Thread.sleep(1000): null

2020-06-09 00:26:31 - [TEST_STEP][PASSED] - OfficerLists = [1:"Aaron Sham Wai Lun (AARON)", 2:"Azidah Bte Akmad (Mdm) (USAABD)", 3:"Chung Fong Nyen (USACFN)", 4:"David Tey Dah Wei (DAHWEI)", ... ]: null

2020-06-09 00:26:31 - [TEST_STEP][PASSED] - ValueFound = OfficerLists.find({ -> ... }): null

2020-06-09 00:26:31 - [MESSAGE][PASSED] - Call Test Case 'Test Cases/PFI Precision and Scale/HashMap Tables/OfficerLists' successfully

2020-06-09 00:26:31 - [TEST_STEP][PASSED] - println(ValueFound): null

2020-06-09 00:26:31 - [TEST_STEP][PASSED] - sendKeys(NewInputNmField, Keys.chord(ARROW_DOWN)): Keys 'DOWN + ' sent to object: 'Object Repository/Objects.HighlightElements/input_field_index'

2020-06-09 00:26:31 - [MESSAGE][PASSED] - Keys 'DOWN + ' sent to object: 'Object Repository/Objects.HighlightElements/input_field_index'

2020-06-09 00:26:31 - [TEST_STEP][PASSED] - sendKeys(NewInputNmField, Keys.chord(ENTER)): Keys 'ENTER + ' sent to object: 'Object Repository/Objects.HighlightElements/input_field_index'

2020-06-09 00:26:31 - [MESSAGE][PASSED] - Keys 'ENTER + ' sent to object: 'Object Repository/Objects.HighlightElements/input_field_index'

2020-06-09 00:26:31 - [MESSAGE][PASSED] - Call Test Case 'Test Cases/PFI Precision and Scale/PFI Components with Indexing/VerifyDropdownValuesXPI' successfully

2020-06-09 00:26:31 - [TEST_STEP][PASSED] - callTestCase(findTestCase("Components/SelectAllThenDeleteXPI"), ["nameToBeUsed":"complaintOfficer", "index":1], STOP_ON_FAILURE): Call Test Case 'Test Cases/Components/SelectAllThenDeleteXPI' successfully

2020-06-09 00:26:31 - [TEST_CASE][PASSED] - Test Cases/Components/SelectAllThenDeleteXPI: Test Cases/Components/SelectAllThenDeleteXPI

2020-06-09 00:26:31 - [TEST_STEP][PASSED] - Thread.sleep(1000): null

2020-06-09 00:26:32 - [TEST_STEP][PASSED] - modifiedObj = modifyObjectProperty(findTestObject("Object Repository/Objects.HighlightElements/input_field_index"), "xpath", "equals", "(//*[contains(@name,'" + nameToBeUsed + "')])[" + index + "]", true): Modify property of object successfully

2020-06-09 00:26:32 - [MESSAGE][PASSED] - Modify property of object successfully

2020-06-09 00:26:32 - [TEST_STEP][PASSED] - focus(modifiedObj): Object: 'Object Repository/Objects.HighlightElements/input_field_index' is focused

2020-06-09 00:26:32 - [MESSAGE][PASSED] - Object: 'Object Repository/Objects.HighlightElements/input_field_index' is focused

2020-06-09 00:26:32 - [TEST_STEP][PASSED] - sendKeys(modifiedObj, Keys.chord(CONTROL, "a")): Keys 'CONTROL + a' sent to object: 'Object Repository/Objects.HighlightElements/input_field_index'

2020-06-09 00:26:32 - [MESSAGE][PASSED] - Keys 'CONTROL + a' sent to object: 'Object Repository/Objects.HighlightElements/input_field_index'

2020-06-09 00:26:32 - [TEST_STEP][PASSED] - sendKeys(modifiedObj, Keys.chord(DELETE)): Keys 'DELETE + ' sent to object: 'Object Repository/Objects.HighlightElements/input_field_index'

2020-06-09 00:26:32 - [MESSAGE][PASSED] - Keys 'DELETE + ' sent to object: 'Object Repository/Objects.HighlightElements/input_field_index'

2020-06-09 00:26:32 - [MESSAGE][PASSED] - Call Test Case 'Test Cases/Components/SelectAllThenDeleteXPI' successfully

2020-06-09 00:26:32 - [TEST_STEP][PASSED] - callTestCase(findTestCase("PFI Precision and Scale/PFI Components with Indexing/VerifyDropdownValuesXPI"), ["FldNm":"complaintOfficer", "index":1, "CallTCName":"PFI Precision and Scale/HashMap Tables/OfficerLists", "cmbNm":"", "NoOfVal":1, ... ], STOP_ON_FAILURE): Call Test Case 'Test Cases/PFI Precision and Scale/PFI Components with Indexing/VerifyDropdownValuesXPI' successfully

2020-06-09 00:26:32 - [TEST_CASE][PASSED] - Test Cases/PFI Precision and Scale/PFI Components with Indexing/VerifyDropdownValuesXPI: Test Cases/PFI Precision and Scale/PFI Components with Indexing/VerifyDropdownValuesXPI

2020-06-09 00:26:32 - [TEST_STEP][PASSED] - Thread.sleep(1000): null

2020-06-09 00:26:33 - [TEST_STEP][PASSED] - NewInputNmField = modifyObjectProperty(findTestObject("Object Repository/Objects.HighlightElements/input_field_index"), "xpath", "equals", "(//*[contains(@name, '" + FldNm + "')])[" + index + "]", true): Modify property of object successfully

2020-06-09 00:26:33 - [MESSAGE][PASSED] - Modify property of object successfully

2020-06-09 00:26:33 - [TEST_STEP][PASSED] - comboNm = cmbNm: null

2020-06-09 00:26:33 - [TEST_STEP][PASSED] - focus(NewInputNmField): Object: 'Object Repository/Objects.HighlightElements/input_field_index' is focused

2020-06-09 00:26:33 - [MESSAGE][PASSED] - Object: 'Object Repository/Objects.HighlightElements/input_field_index' is focused

2020-06-09 00:26:33 - [TEST_STEP][PASSED] - setText(NewInputNmField, EnterValue): Text 'AARON' is set on object 'Object Repository/Objects.HighlightElements/input_field_index'

2020-06-09 00:26:34 - [MESSAGE][PASSED] - Text 'AARON' is set on object 'Object Repository/Objects.HighlightElements/input_field_index'

2020-06-09 00:26:34 - [TEST_STEP][PASSED] - for ([i = 1, i <= NoOfVal, (i++)]): Keys 'DOWN + ' sent to object: 'Object Repository/Objects.HighlightElements/input_field_index'

2020-06-09 00:26:34 - [TEST_STEP][PASSED] - sendKeys(NewInputNmField, Keys.chord(ARROW_DOWN)): Keys 'DOWN + ' sent to object: 'Object Repository/Objects.HighlightElements/input_field_index'

2020-06-09 00:26:34 - [MESSAGE][PASSED] - Keys 'DOWN + ' sent to object: 'Object Repository/Objects.HighlightElements/input_field_index'

2020-06-09 00:26:34 - [TEST_STEP][PASSED] - delay(DelayTime): Delayed 2 second(s)

2020-06-09 00:26:36 - [MESSAGE][PASSED] - Delayed 2 second(s)

2020-06-09 00:26:36 - [TEST_STEP][PASSED] - sendKeys(NewInputNmField, Keys.chord(ENTER)): Keys 'ENTER + ' sent to object: 'Object Repository/Objects.HighlightElements/input_field_index'

2020-06-09 00:26:36 - [MESSAGE][PASSED] - Keys 'ENTER + ' sent to object: 'Object Repository/Objects.HighlightElements/input_field_index'

2020-06-09 00:26:36 - [TEST_STEP][PASSED] - ComboBoxValue = getAttribute(NewInputNmField, "value"): Attribute 'value' of object 'Object Repository/Objects.HighlightElements/input_field_index' is: 'Aaron Sham Wai Lun (AARON)'

2020-06-09 00:26:36 - [MESSAGE][PASSED] - Attribute 'value' of object 'Object Repository/Objects.HighlightElements/input_field_index' is: 'Aaron Sham Wai Lun (AARON)'

2020-06-09 00:26:36 - [TEST_STEP][PASSED] - callTestCase(findTestCase(CallTCName), ["FindValue":ComboBoxValue, "DropdownNm":comboNm], STOP_ON_FAILURE): Call Test Case 'Test Cases/PFI Precision and Scale/HashMap Tables/OfficerLists' successfully

2020-06-09 00:26:36 - [TEST_CASE][PASSED] - Test Cases/PFI Precision and Scale/HashMap Tables/OfficerLists: Test Cases/PFI Precision and Scale/HashMap Tables/OfficerLists

2020-06-09 00:26:36 - [TEST_STEP][PASSED] - Thread.sleep(1000): null

2020-06-09 00:26:37 - [TEST_STEP][PASSED] - OfficerLists = [1:"Aaron Sham Wai Lun (AARON)", 2:"Azidah Bte Akmad (Mdm) (USAABD)", 3:"Chung Fong Nyen (USACFN)", 4:"David Tey Dah Wei (DAHWEI)", ... ]: null

2020-06-09 00:26:37 - [TEST_STEP][PASSED] - ValueFound = OfficerLists.find({ -> ... }): null

2020-06-09 00:26:37 - [MESSAGE][PASSED] - Call Test Case 'Test Cases/PFI Precision and Scale/HashMap Tables/OfficerLists' successfully

2020-06-09 00:26:37 - [TEST_STEP][PASSED] - println(ValueFound): null

2020-06-09 00:26:37 - [TEST_STEP][PASSED] - sendKeys(NewInputNmField, Keys.chord(ARROW_DOWN)): Keys 'DOWN + ' sent to object: 'Object Repository/Objects.HighlightElements/input_field_index'

2020-06-09 00:26:37 - [MESSAGE][PASSED] - Keys 'DOWN + ' sent to object: 'Object Repository/Objects.HighlightElements/input_field_index'

2020-06-09 00:26:37 - [TEST_STEP][PASSED] - sendKeys(NewInputNmField, Keys.chord(ENTER)): Keys 'ENTER + ' sent to object: 'Object Repository/Objects.HighlightElements/input_field_index'

2020-06-09 00:26:37 - [MESSAGE][PASSED] - Keys 'ENTER + ' sent to object: 'Object Repository/Objects.HighlightElements/input_field_index'

2020-06-09 00:26:37 - [MESSAGE][PASSED] - Call Test Case 'Test Cases/PFI Precision and Scale/PFI Components with Indexing/VerifyDropdownValuesXPI' successfully

2020-06-09 00:26:37 - [TEST_STEP][PASSED] - callTestCase(findTestCase("Components/SelectAllThenDeleteXPI"), ["nameToBeUsed":"complaintOfficer", "index":1], STOP_ON_FAILURE): Call Test Case 'Test Cases/Components/SelectAllThenDeleteXPI' successfully

2020-06-09 00:26:37 - [TEST_CASE][PASSED] - Test Cases/Components/SelectAllThenDeleteXPI: Test Cases/Components/SelectAllThenDeleteXPI

2020-06-09 00:26:37 - [TEST_STEP][PASSED] - Thread.sleep(1000): null

2020-06-09 00:26:38 - [TEST_STEP][PASSED] - modifiedObj = modifyObjectProperty(findTestObject("Object Repository/Objects.HighlightElements/input_field_index"), "xpath", "equals", "(//*[contains(@name,'" + nameToBeUsed + "')])[" + index + "]", true): Modify property of object successfully

2020-06-09 00:26:38 - [MESSAGE][PASSED] - Modify property of object successfully

2020-06-09 00:26:38 - [TEST_STEP][PASSED] - focus(modifiedObj): Object: 'Object Repository/Objects.HighlightElements/input_field_index' is focused

2020-06-09 00:26:38 - [MESSAGE][PASSED] - Object: 'Object Repository/Objects.HighlightElements/input_field_index' is focused

2020-06-09 00:26:38 - [TEST_STEP][PASSED] - sendKeys(modifiedObj, Keys.chord(CONTROL, "a")): Keys 'CONTROL + a' sent to object: 'Object Repository/Objects.HighlightElements/input_field_index'

2020-06-09 00:26:38 - [MESSAGE][PASSED] - Keys 'CONTROL + a' sent to object: 'Object Repository/Objects.HighlightElements/input_field_index'

2020-06-09 00:26:38 - [TEST_STEP][PASSED] - sendKeys(modifiedObj, Keys.chord(DELETE)): Keys 'DELETE + ' sent to object: 'Object Repository/Objects.HighlightElements/input_field_index'

2020-06-09 00:26:38 - [MESSAGE][PASSED] - Keys 'DELETE + ' sent to object: 'Object Repository/Objects.HighlightElements/input_field_index'

2020-06-09 00:26:38 - [MESSAGE][PASSED] - Call Test Case 'Test Cases/Components/SelectAllThenDeleteXPI' successfully

2020-06-09 00:26:38 - [TEST_STEP][PASSED] - callTestCase(findTestCase("PFI Precision and Scale/PFI Components with Indexing/VerifyDropdownValuesXPI"), ["FldNm":"complaintOfficer", "index":1, "CallTCName":"PFI Precision and Scale/HashMap Tables/OfficerLists", "cmbNm":"", "NoOfVal":1, ... ], STOP_ON_FAILURE): Call Test Case 'Test Cases/PFI Precision and Scale/PFI Components with Indexing/VerifyDropdownValuesXPI' successfully

2020-06-09 00:26:38 - [TEST_CASE][PASSED] - Test Cases/PFI Precision and Scale/PFI Components with Indexing/VerifyDropdownValuesXPI: Test Cases/PFI Precision and Scale/PFI Components with Indexing/VerifyDropdownValuesXPI

2020-06-09 00:26:38 - [TEST_STEP][PASSED] - Thread.sleep(1000): null

2020-06-09 00:26:39 - [TEST_STEP][PASSED] - NewInputNmField = modifyObjectProperty(findTestObject("Object Repository/Objects.HighlightElements/input_field_index"), "xpath", "equals", "(//*[contains(@name, '" + FldNm + "')])[" + index + "]", true): Modify property of object successfully

2020-06-09 00:26:39 - [MESSAGE][PASSED] - Modify property of object successfully

2020-06-09 00:26:39 - [TEST_STEP][PASSED] - comboNm = cmbNm: null

2020-06-09 00:26:39 - [TEST_STEP][PASSED] - focus(NewInputNmField): Object: 'Object Repository/Objects.HighlightElements/input_field_index' is focused

2020-06-09 00:26:39 - [MESSAGE][PASSED] - Object: 'Object Repository/Objects.HighlightElements/input_field_index' is focused

2020-06-09 00:26:39 - [TEST_STEP][PASSED] - setText(NewInputNmField, EnterValue): Text 'Christopher ANG' is set on object 'Object Repository/Objects.HighlightElements/input_field_index'

2020-06-09 00:26:40 - [MESSAGE][PASSED] - Text 'Christopher ANG' is set on object 'Object Repository/Objects.HighlightElements/input_field_index'

2020-06-09 00:26:40 - [TEST_STEP][PASSED] - for ([i = 1, i <= NoOfVal, (i++)]): Keys 'DOWN + ' sent to object: 'Object Repository/Objects.HighlightElements/input_field_index'

2020-06-09 00:26:40 - [TEST_STEP][PASSED] - sendKeys(NewInputNmField, Keys.chord(ARROW_DOWN)): Keys 'DOWN + ' sent to object: 'Object Repository/Objects.HighlightElements/input_field_index'

2020-06-09 00:26:40 - [MESSAGE][PASSED] - Keys 'DOWN + ' sent to object: 'Object Repository/Objects.HighlightElements/input_field_index'

2020-06-09 00:26:40 - [TEST_STEP][PASSED] - delay(DelayTime): Delayed 2 second(s)

2020-06-09 00:26:42 - [MESSAGE][PASSED] - Delayed 2 second(s)

2020-06-09 00:26:42 - [TEST_STEP][PASSED] - sendKeys(NewInputNmField, Keys.chord(ENTER)): Keys 'ENTER + ' sent to object: 'Object Repository/Objects.HighlightElements/input_field_index'

2020-06-09 00:26:42 - [MESSAGE][PASSED] - Keys 'ENTER + ' sent to object: 'Object Repository/Objects.HighlightElements/input_field_index'

2020-06-09 00:26:42 - [TEST_STEP][PASSED] - ComboBoxValue = getAttribute(NewInputNmField, "value"): Attribute 'value' of object 'Object Repository/Objects.HighlightElements/input_field_index' is: 'Christopher ANG'

2020-06-09 00:26:42 - [MESSAGE][PASSED] - Attribute 'value' of object 'Object Repository/Objects.HighlightElements/input_field_index' is: 'Christopher ANG'

2020-06-09 00:26:42 - [TEST_STEP][PASSED] - callTestCase(findTestCase(CallTCName), ["FindValue":ComboBoxValue, "DropdownNm":comboNm], STOP_ON_FAILURE): Call Test Case 'Test Cases/PFI Precision and Scale/HashMap Tables/OfficerLists' successfully

2020-06-09 00:26:42 - [TEST_CASE][PASSED] - Test Cases/PFI Precision and Scale/HashMap Tables/OfficerLists: Test Cases/PFI Precision and Scale/HashMap Tables/OfficerLists

2020-06-09 00:26:42 - [TEST_STEP][PASSED] - Thread.sleep(1000): null

2020-06-09 00:26:43 - [TEST_STEP][PASSED] - OfficerLists = [1:"Aaron Sham Wai Lun (AARON)", 2:"Azidah Bte Akmad (Mdm) (USAABD)", 3:"Chung Fong Nyen (USACFN)", 4:"David Tey Dah Wei (DAHWEI)", ... ]: null

2020-06-09 00:26:43 - [TEST_STEP][PASSED] - ValueFound = OfficerLists.find({ -> ... }): null

2020-06-09 00:26:43 - [MESSAGE][PASSED] - Call Test Case 'Test Cases/PFI Precision and Scale/HashMap Tables/OfficerLists' successfully

2020-06-09 00:26:43 - [TEST_STEP][PASSED] - println(ValueFound): null

2020-06-09 00:26:43 - [TEST_STEP][PASSED] - sendKeys(NewInputNmField, Keys.chord(ARROW_DOWN)): Keys 'DOWN + ' sent to object: 'Object Repository/Objects.HighlightElements/input_field_index'

2020-06-09 00:26:43 - [MESSAGE][PASSED] - Keys 'DOWN + ' sent to object: 'Object Repository/Objects.HighlightElements/input_field_index'

2020-06-09 00:26:43 - [TEST_STEP][PASSED] - sendKeys(NewInputNmField, Keys.chord(ENTER)): Keys 'ENTER + ' sent to object: 'Object Repository/Objects.HighlightElements/input_field_index'

2020-06-09 00:26:43 - [MESSAGE][PASSED] - Keys 'ENTER + ' sent to object: 'Object Repository/Objects.HighlightElements/input_field_index'

2020-06-09 00:26:43 - [MESSAGE][PASSED] - Call Test Case 'Test Cases/PFI Precision and Scale/PFI Components with Indexing/VerifyDropdownValuesXPI' successfully

2020-06-09 00:26:43 - [TEST_STEP][PASSED] - callTestCase(findTestCase("Components/SelectAllThenDeleteXPI"), ["nameToBeUsed":"complaintOfficer", "index":1], STOP_ON_FAILURE): Call Test Case 'Test Cases/Components/SelectAllThenDeleteXPI' successfully

2020-06-09 00:26:43 - [TEST_CASE][PASSED] - Test Cases/Components/SelectAllThenDeleteXPI: Test Cases/Components/SelectAllThenDeleteXPI

2020-06-09 00:26:43 - [TEST_STEP][PASSED] - Thread.sleep(1000): null

2020-06-09 00:26:44 - [TEST_STEP][PASSED] - modifiedObj = modifyObjectProperty(findTestObject("Object Repository/Objects.HighlightElements/input_field_index"), "xpath", "equals", "(//*[contains(@name,'" + nameToBeUsed + "')])[" + index + "]", true): Modify property of object successfully

2020-06-09 00:26:44 - [MESSAGE][PASSED] - Modify property of object successfully

2020-06-09 00:26:44 - [TEST_STEP][PASSED] - focus(modifiedObj): Object: 'Object Repository/Objects.HighlightElements/input_field_index' is focused

2020-06-09 00:26:44 - [MESSAGE][PASSED] - Object: 'Object Repository/Objects.HighlightElements/input_field_index' is focused

2020-06-09 00:26:44 - [TEST_STEP][PASSED] - sendKeys(modifiedObj, Keys.chord(CONTROL, "a")): Keys 'CONTROL + a' sent to object: 'Object Repository/Objects.HighlightElements/input_field_index'

2020-06-09 00:26:44 - [MESSAGE][PASSED] - Keys 'CONTROL + a' sent to object: 'Object Repository/Objects.HighlightElements/input_field_index'

2020-06-09 00:26:44 - [TEST_STEP][PASSED] - sendKeys(modifiedObj, Keys.chord(DELETE)): Keys 'DELETE + ' sent to object: 'Object Repository/Objects.HighlightElements/input_field_index'

2020-06-09 00:26:44 - [MESSAGE][PASSED] - Keys 'DELETE + ' sent to object: 'Object Repository/Objects.HighlightElements/input_field_index'

2020-06-09 00:26:44 - [MESSAGE][PASSED] - Call Test Case 'Test Cases/Components/SelectAllThenDeleteXPI' successfully

2020-06-09 00:26:44 - [TEST_STEP][PASSED] - callTestCase(findTestCase("Components/SelectAllThenDeleteXPI"), ["nameToBeUsed":"complaintOfficer", "index":1], STOP_ON_FAILURE): Call Test Case 'Test Cases/Components/SelectAllThenDeleteXPI' successfully

2020-06-09 00:26:44 - [TEST_CASE][PASSED] - Test Cases/Components/SelectAllThenDeleteXPI: Test Cases/Components/SelectAllThenDeleteXPI

2020-06-09 00:26:44 - [TEST_STEP][PASSED] - Thread.sleep(1000): null

2020-06-09 00:26:45 - [TEST_STEP][PASSED] - modifiedObj = modifyObjectProperty(findTestObject("Object Repository/Objects.HighlightElements/input_field_index"), "xpath", "equals", "(//*[contains(@name,'" + nameToBeUsed + "')])[" + index + "]", true): Modify property of object successfully

2020-06-09 00:26:45 - [MESSAGE][PASSED] - Modify property of object successfully

2020-06-09 00:26:45 - [TEST_STEP][PASSED] - focus(modifiedObj): Object: 'Object Repository/Objects.HighlightElements/input_field_index' is focused

2020-06-09 00:26:45 - [MESSAGE][PASSED] - Object: 'Object Repository/Objects.HighlightElements/input_field_index' is focused

2020-06-09 00:26:45 - [TEST_STEP][PASSED] - sendKeys(modifiedObj, Keys.chord(CONTROL, "a")): Keys 'CONTROL + a' sent to object: 'Object Repository/Objects.HighlightElements/input_field_index'

2020-06-09 00:26:45 - [MESSAGE][PASSED] - Keys 'CONTROL + a' sent to object: 'Object Repository/Objects.HighlightElements/input_field_index'

2020-06-09 00:26:45 - [TEST_STEP][PASSED] - sendKeys(modifiedObj, Keys.chord(DELETE)): Keys 'DELETE + ' sent to object: 'Object Repository/Objects.HighlightElements/input_field_index'

2020-06-09 00:26:46 - [MESSAGE][PASSED] - Keys 'DELETE + ' sent to object: 'Object Repository/Objects.HighlightElements/input_field_index'

2020-06-09 00:26:46 - [MESSAGE][PASSED] - Call Test Case 'Test Cases/Components/SelectAllThenDeleteXPI' successfully

2020-06-09 00:26:46 - [TEST_STEP][PASSED] - callTestCase(findTestCase("PFI Precision and Scale/PFI Components with Indexing/RequiredFieldValidationXPI"), ["nameToBeUsed":"complaintOfficer", "index":1], STOP_ON_FAILURE): Call Test Case 'Test Cases/PFI Precision and Scale/PFI Components with Indexing/RequiredFieldValidationXPI' successfully

2020-06-09 00:26:46 - [TEST_CASE][PASSED] - Test Cases/PFI Precision and Scale/PFI Components with Indexing/RequiredFieldValidationXPI: Test Cases/PFI Precision and Scale/PFI Components with Indexing/RequiredFieldValidationXPI

2020-06-09 00:26:46 - [TEST_STEP][PASSED] - enableSmartWait(): null

2020-06-09 00:26:46 - [TEST_STEP][PASSED] - NewInputNmField = modifyObjectProperty(findTestObject("Objects.HighlightElements/input_field_index"), "xpath", "equals", "(//*[contains(@name,'" + nameToBeUsed + "')])[" + index + "]", true): Modify property of object successfully

2020-06-09 00:26:46 - [MESSAGE][PASSED] - Modify property of object successfully

2020-06-09 00:26:46 - [TEST_STEP][PASSED] - getRqErrMsg = getAttribute(NewInputNmField, "data-errorqtip"): Attribute 'data-errorqtip' of object 'Object Repository/Objects.HighlightElements/input_field_index' is: '<ul class="x-list-plain"><li>This field is required</li></ul>'

2020-06-09 00:26:46 - [MESSAGE][PASSED] - Attribute 'data-errorqtip' of object 'Object Repository/Objects.HighlightElements/input_field_index' is: '<ul class="x-list-plain"><li>This field is required</li></ul>'

2020-06-09 00:26:46 - [TEST_STEP][PASSED] - strToolTip = getRqErrMsg.substring(29, 61): null

2020-06-09 00:26:46 - [TEST_STEP][PASSED] - toolTipReqErrMsg = strToolTip.substring(0, 22): null

2020-06-09 00:26:46 - [TEST_STEP][PASSED] - verifyMatch(toolTipReqErrMsg, RqField, true): Actual text 'This field is required' and expected text 'This field is required' are matched  using regular expression

2020-06-09 00:26:46 - [MESSAGE][PASSED] - Actual text 'This field is required' and expected text 'This field is required' are matched  using regular expression

2020-06-09 00:26:46 - [TEST_STEP][PASSED] - delay(3): Delayed 3 second(s)

2020-06-09 00:26:49 - [MESSAGE][PASSED] - Delayed 3 second(s)

2020-06-09 00:26:49 - [TEST_STEP][PASSED] - mouseOver(NewInputNmField): Object: 'Object Repository/Objects.HighlightElements/input_field_index' is hovered

2020-06-09 00:26:49 - [MESSAGE][PASSED] - Object: 'Object Repository/Objects.HighlightElements/input_field_index' is hovered

2020-06-09 00:26:49 - [MESSAGE][PASSED] - Call Test Case 'Test Cases/PFI Precision and Scale/PFI Components with Indexing/RequiredFieldValidationXPI' successfully

2020-06-09 00:26:49 - [TEST_STEP][PASSED] - callTestCase(findTestCase("Components/HighlightLabelFieldXPI"), ["LblName":"Case/Group Description", "index":1], STOP_ON_FAILURE): Call Test Case 'Test Cases/Components/HighlightLabelFieldXPI' successfully

2020-06-09 00:26:49 - [TEST_CASE][PASSED] - Test Cases/Components/HighlightLabelFieldXPI: Test Cases/Components/HighlightLabelFieldXPI

2020-06-09 00:26:49 - [TEST_STEP][PASSED] - Thread.sleep(1000): null

2020-06-09 00:26:50 - [TEST_STEP][PASSED] - modifiedLblNm = modifyObjectProperty(findTestObject("Object Repository/Objects.HighlightElements/lblField_index"), "xpath", "equals", "(//*[contains(@class, 'x-form-item-label-inner x-form-item-label-inner-default') and contains(., '" + LblName + "')])[" + index + "]", true): Modify property of object successfully

2020-06-09 00:26:50 - [MESSAGE][PASSED] - Modify property of object successfully

2020-06-09 00:26:50 - [TEST_STEP][PASSED] - com.reusableComponents.HighlightElement.run(modifiedLblNm): com.reusableComponents.HighlightElement.run is PASSED

2020-06-09 00:26:50 - [MESSAGE][PASSED] - com.reusableComponents.HighlightElement.run is PASSED

2020-06-09 00:26:50 - [MESSAGE][PASSED] - Call Test Case 'Test Cases/Components/HighlightLabelFieldXPI' successfully

2020-06-09 00:26:50 - [TEST_STEP][PASSED] - callTestCase(findTestCase("Components/HighlightInputFieldXPI"), ["FldNm":"caseGrpDesc", "index":1], STOP_ON_FAILURE): Call Test Case 'Test Cases/Components/HighlightInputFieldXPI' successfully

2020-06-09 00:26:50 - [TEST_CASE][PASSED] - Test Cases/Components/HighlightInputFieldXPI: Test Cases/Components/HighlightInputFieldXPI

2020-06-09 00:26:50 - [TEST_STEP][PASSED] - Thread.sleep(1000): null

2020-06-09 00:26:51 - [TEST_STEP][PASSED] - modifiedInputNm = modifyObjectProperty(findTestObject("Object Repository/Objects.HighlightElements/input_field_index"), "xpath", "equals", "(//*[contains(@name, '" + FldNm + "')])[" + index + "]", true): Modify property of object successfully

2020-06-09 00:26:51 - [MESSAGE][PASSED] - Modify property of object successfully

2020-06-09 00:26:51 - [TEST_STEP][PASSED] - com.reusableComponents.HighlightElement.run(modifiedInputNm): com.reusableComponents.HighlightElement.run is PASSED

2020-06-09 00:26:52 - [MESSAGE][PASSED] - com.reusableComponents.HighlightElement.run is PASSED

2020-06-09 00:26:52 - [MESSAGE][PASSED] - Call Test Case 'Test Cases/Components/HighlightInputFieldXPI' successfully

2020-06-09 00:26:52 - [TEST_STEP][PASSED] - callTestCase(findTestCase("PFI Precision and Scale/PFI Components with Indexing/VerifyDefaultValueIndex"), ["FieldNm":"caseGrpDesc", "index":1, "labelNm":"Group Description:", "i":1], STOP_ON_FAILURE): Call Test Case 'Test Cases/PFI Precision and Scale/PFI Components with Indexing/VerifyDefaultValueIndex' successfully

2020-06-09 00:26:52 - [TEST_CASE][PASSED] - Test Cases/PFI Precision and Scale/PFI Components with Indexing/VerifyDefaultValueIndex: Test Cases/PFI Precision and Scale/PFI Components with Indexing/VerifyDefaultValueIndex

2020-06-09 00:26:52 - [TEST_STEP][PASSED] - Thread.sleep(1000): null

2020-06-09 00:26:53 - [TEST_STEP][PASSED] - DefaultValueHM = ["periodType":"Working Day(s)", "noOfDays":"14", "inspWeight":"1", "inspModule":"PSI", "inspCaseType":"PSI Processing (SM)"]: null

2020-06-09 00:26:53 - [TEST_STEP][PASSED] - NewFieldNm = modifyObjectProperty(findTestObject("Object Repository/Objects.HighlightElements/input_field_index"), "xpath", "equals", "(//*[contains(@name,'" + FieldNm + "')])[" + index + "]", true): Modify property of object successfully

2020-06-09 00:26:53 - [MESSAGE][PASSED] - Modify property of object successfully

2020-06-09 00:26:53 - [TEST_STEP][PASSED] - focus(NewFieldNm): Object: 'Object Repository/Objects.HighlightElements/input_field_index' is focused

2020-06-09 00:26:53 - [MESSAGE][PASSED] - Object: 'Object Repository/Objects.HighlightElements/input_field_index' is focused

2020-06-09 00:26:53 - [TEST_STEP][PASSED] - DefVal = getAttribute(NewFieldNm, "value", STOP_ON_FAILURE): Attribute 'value' of object 'Object Repository/Objects.HighlightElements/input_field_index' is: '209 TO 214 ANG MO KIO AVENUE 3'

2020-06-09 00:26:53 - [MESSAGE][PASSED] - Attribute 'value' of object 'Object Repository/Objects.HighlightElements/input_field_index' is: '209 TO 214 ANG MO KIO AVENUE 3'

2020-06-09 00:26:53 - [TEST_STEP][PASSED] - switch (FieldNm): null

2020-06-09 00:26:53 - [TEST_STEP][PASSED] - case "caseGrpDesc":: null

2020-06-09 00:26:53 - [TEST_STEP][PASSED] - callTestCase(findTestCase("Components/NavigateToAnyLHS"), ["LHS":"Summary"], STOP_ON_FAILURE): Call Test Case 'Test Cases/Components/NavigateToAnyLHS' successfully

2020-06-09 00:26:53 - [TEST_CASE][PASSED] - Test Cases/Components/NavigateToAnyLHS: Test Cases/Components/NavigateToAnyLHS

2020-06-09 00:26:53 - [TEST_STEP][PASSED] - Thread.sleep(1000): null

2020-06-09 00:26:54 - [TEST_STEP][PASSED] - modifiedLHS = modifyObjectProperty(findTestObject("Objects.NavigateToAnyLHS/Page_ISPS2/LHSToModify"), "text", "equals", LHS, true): Modify property of object successfully

2020-06-09 00:26:54 - [MESSAGE][PASSED] - Modify property of object successfully

2020-06-09 00:26:54 - [TEST_STEP][PASSED] - click(modifiedLHS): Object: 'Object Repository/Objects.NavigateToAnyLHS/Page_ISPS2/LHSToModify' is clicked on

2020-06-09 00:26:55 - [MESSAGE][PASSED] - Object: 'Object Repository/Objects.NavigateToAnyLHS/Page_ISPS2/LHSToModify' is clicked on

2020-06-09 00:26:55 - [TEST_STEP][PASSED] - currentLHS = getText(modifiedLHS): Text of object 'Object Repository/Objects.NavigateToAnyLHS/Page_ISPS2/LHSToModify' is: 'Summary'

2020-06-09 00:26:55 - [MESSAGE][PASSED] - Text of object 'Object Repository/Objects.NavigateToAnyLHS/Page_ISPS2/LHSToModify' is: 'Summary'

2020-06-09 00:26:55 - [TEST_STEP][PASSED] - Thread.sleep(5000): null

2020-06-09 00:27:00 - [MESSAGE][PASSED] - Call Test Case 'Test Cases/Components/NavigateToAnyLHS' successfully

2020-06-09 00:27:00 - [TEST_STEP][PASSED] - modifiedLabelFld = modifyObjectProperty(NewFieldNm, "xpath", "equals", "//*[text()='" + labelNm + "']//following::div[" + i + "]", true): Modify property of object successfully

2020-06-09 00:27:00 - [MESSAGE][PASSED] - Modify property of object successfully

2020-06-09 00:27:00 - [TEST_STEP][PASSED] - GrpDesc = getText(modifiedLabelFld): Text of object 'Object Repository/Objects.HighlightElements/input_field_index' is: '209 TO 214 ANG MO KIO AVENUE 3'

2020-06-09 00:27:00 - [MESSAGE][PASSED] - Text of object 'Object Repository/Objects.HighlightElements/input_field_index' is: '209 TO 214 ANG MO KIO AVENUE 3'

2020-06-09 00:27:00 - [TEST_STEP][PASSED] - com.reusableComponents.HighlightElement.run(modifiedLabelFld): com.reusableComponents.HighlightElement.run is PASSED

2020-06-09 00:27:00 - [MESSAGE][PASSED] - com.reusableComponents.HighlightElement.run is PASSED

2020-06-09 00:27:00 - [TEST_STEP][PASSED] - verifyMatch(DefVal, GrpDesc, true): Actual text '209 TO 214 ANG MO KIO AVENUE 3' and expected text '209 TO 214 ANG MO KIO AVENUE 3' are matched  using regular expression

2020-06-09 00:27:00 - [MESSAGE][PASSED] - Actual text '209 TO 214 ANG MO KIO AVENUE 3' and expected text '209 TO 214 ANG MO KIO AVENUE 3' are matched  using regular expression

2020-06-09 00:27:00 - [TEST_STEP][PASSED] - callTestCase(findTestCase("Components/NavigateToAnyLHS"), ["LHS":"Court Actions"], STOP_ON_FAILURE): Call Test Case 'Test Cases/Components/NavigateToAnyLHS' successfully

2020-06-09 00:27:00 - [TEST_CASE][PASSED] - Test Cases/Components/NavigateToAnyLHS: Test Cases/Components/NavigateToAnyLHS

2020-06-09 00:27:00 - [TEST_STEP][PASSED] - Thread.sleep(1000): null

2020-06-09 00:27:01 - [TEST_STEP][PASSED] - modifiedLHS = modifyObjectProperty(findTestObject("Objects.NavigateToAnyLHS/Page_ISPS2/LHSToModify"), "text", "equals", LHS, true): Modify property of object successfully

2020-06-09 00:27:01 - [MESSAGE][PASSED] - Modify property of object successfully

2020-06-09 00:27:01 - [TEST_STEP][PASSED] - click(modifiedLHS): Object: 'Object Repository/Objects.NavigateToAnyLHS/Page_ISPS2/LHSToModify' is clicked on

2020-06-09 00:27:01 - [MESSAGE][PASSED] - Object: 'Object Repository/Objects.NavigateToAnyLHS/Page_ISPS2/LHSToModify' is clicked on

2020-06-09 00:27:01 - [TEST_STEP][PASSED] - currentLHS = getText(modifiedLHS): Text of object 'Object Repository/Objects.NavigateToAnyLHS/Page_ISPS2/LHSToModify' is: 'Court Actions'

2020-06-09 00:27:02 - [MESSAGE][PASSED] - Text of object 'Object Repository/Objects.NavigateToAnyLHS/Page_ISPS2/LHSToModify' is: 'Court Actions'

2020-06-09 00:27:02 - [TEST_STEP][PASSED] - Thread.sleep(5000): null

2020-06-09 00:27:07 - [MESSAGE][PASSED] - Call Test Case 'Test Cases/Components/NavigateToAnyLHS' successfully

2020-06-09 00:27:07 - [TEST_STEP][PASSED] - break: null

2020-06-09 00:27:07 - [MESSAGE][PASSED] - Call Test Case 'Test Cases/PFI Precision and Scale/PFI Components with Indexing/VerifyDefaultValueIndex' successfully

2020-06-09 00:27:07 - [TEST_STEP][PASSED] - callTestCase(findTestCase("Components/SelectAllThenDeleteXPI"), ["nameToBeUsed":"caseGrpDesc", "index":1], STOP_ON_FAILURE): Call Test Case 'Test Cases/Components/SelectAllThenDeleteXPI' successfully

2020-06-09 00:27:07 - [TEST_CASE][PASSED] - Test Cases/Components/SelectAllThenDeleteXPI: Test Cases/Components/SelectAllThenDeleteXPI

2020-06-09 00:27:07 - [TEST_STEP][PASSED] - Thread.sleep(1000): null

2020-06-09 00:27:08 - [TEST_STEP][PASSED] - modifiedObj = modifyObjectProperty(findTestObject("Object Repository/Objects.HighlightElements/input_field_index"), "xpath", "equals", "(//*[contains(@name,'" + nameToBeUsed + "')])[" + index + "]", true): Modify property of object successfully

2020-06-09 00:27:08 - [MESSAGE][PASSED] - Modify property of object successfully

2020-06-09 00:27:08 - [TEST_STEP][PASSED] - focus(modifiedObj): Object: 'Object Repository/Objects.HighlightElements/input_field_index' is focused

2020-06-09 00:27:08 - [MESSAGE][PASSED] - Object: 'Object Repository/Objects.HighlightElements/input_field_index' is focused

2020-06-09 00:27:08 - [TEST_STEP][PASSED] - sendKeys(modifiedObj, Keys.chord(CONTROL, "a")): Keys 'CONTROL + a' sent to object: 'Object Repository/Objects.HighlightElements/input_field_index'

2020-06-09 00:27:08 - [MESSAGE][PASSED] - Keys 'CONTROL + a' sent to object: 'Object Repository/Objects.HighlightElements/input_field_index'

2020-06-09 00:27:08 - [TEST_STEP][PASSED] - sendKeys(modifiedObj, Keys.chord(DELETE)): Keys 'DELETE + ' sent to object: 'Object Repository/Objects.HighlightElements/input_field_index'

2020-06-09 00:27:08 - [MESSAGE][PASSED] - Keys 'DELETE + ' sent to object: 'Object Repository/Objects.HighlightElements/input_field_index'

2020-06-09 00:27:08 - [MESSAGE][PASSED] - Call Test Case 'Test Cases/Components/SelectAllThenDeleteXPI' successfully

2020-06-09 00:27:08 - [TEST_STEP][PASSED] - callTestCase(findTestCase("PFI Precision and Scale/PFI Components with Indexing/AlphaNumericSpecialValidationIndex"), ["FldNm":"caseGrpDesc", "LenChar":10, "index":1], STOP_ON_FAILURE): Call Test Case 'Test Cases/PFI Precision and Scale/PFI Components with Indexing/AlphaNumericSpecialValidationIndex' successfully

2020-06-09 00:27:08 - [TEST_CASE][PASSED] - Test Cases/PFI Precision and Scale/PFI Components with Indexing/AlphaNumericSpecialValidationIndex: Test Cases/PFI Precision and Scale/PFI Components with Indexing/AlphaNumericSpecialValidationIndex

2020-06-09 00:27:08 - [TEST_STEP][PASSED] - charset = /?><"".join(): null

2020-06-09 00:27:08 - [TEST_STEP][PASSED] - AlphaNumeric = 9).join(): null

2020-06-09 00:27:08 - [TEST_STEP][PASSED] - SpecialChar = "`~!@#$%^&*()-=+_{}|\][;'":,./?><"": null

2020-06-09 00:27:08 - [TEST_STEP][PASSED] - RandomString = RandomStringUtils.random(LenChar, AlphaNumeric.toCharArray()): null

2020-06-09 00:27:08 - [TEST_STEP][PASSED] - RdmSpChar = RandomStringUtils.random(LenChar, SpecialChar): null

2020-06-09 00:27:08 - [TEST_STEP][PASSED] - regexPat = Pattern.compile("^[A-Za-z0-9 ]+$"): null

2020-06-09 00:27:08 - [TEST_STEP][PASSED] - NewInputNmField = modifyObjectProperty(findTestObject("Object Repository/Objects.HighlightElements/input_field_index"), "xpath", "equals", "(//*[contains(@class,'x-form-text') and (@name='" + FldNm + "')])[" + index + "]", true): Modify property of object successfully

2020-06-09 00:27:08 - [MESSAGE][PASSED] - Modify property of object successfully

2020-06-09 00:27:08 - [TEST_STEP][PASSED] - setText(NewInputNmField, RandomString): Text 'fVcTKvzfnC' is set on object 'Object Repository/Objects.HighlightElements/input_field_index'

2020-06-09 00:27:08 - [MESSAGE][PASSED] - Text 'fVcTKvzfnC' is set on object 'Object Repository/Objects.HighlightElements/input_field_index'

2020-06-09 00:27:08 - [TEST_STEP][PASSED] - RemarksAN = getAttribute(NewInputNmField, "value"): Attribute 'value' of object 'Object Repository/Objects.HighlightElements/input_field_index' is: 'fVcTKvzfnC'

2020-06-09 00:27:08 - [MESSAGE][PASSED] - Attribute 'value' of object 'Object Repository/Objects.HighlightElements/input_field_index' is: 'fVcTKvzfnC'

2020-06-09 00:27:08 - [TEST_STEP][PASSED] - matchStr = regexPat.matcher(RemarksAN): null

2020-06-09 00:27:08 - [TEST_STEP][PASSED] - if (matchStr.matches() == true): Accepting Alphanumeric

2020-06-09 00:27:08 - [TEST_STEP][PASSED] - comment("Accepting Alphanumeric"): Accepting Alphanumeric

2020-06-09 00:27:08 - [MESSAGE][INFO] - Accepting Alphanumeric

2020-06-09 00:27:08 - [TEST_STEP][PASSED] - setText(NewInputNmField, RdmSpChar): Text '>^!.*){%_'' is set on object 'Object Repository/Objects.HighlightElements/input_field_index'

2020-06-09 00:27:08 - [MESSAGE][PASSED] - Text '>^!.*){%_'' is set on object 'Object Repository/Objects.HighlightElements/input_field_index'

2020-06-09 00:27:08 - [TEST_STEP][PASSED] - RemarksSpChar = getAttribute(NewInputNmField, "value"): Attribute 'value' of object 'Object Repository/Objects.HighlightElements/input_field_index' is: '>^!.*){%_''

2020-06-09 00:27:08 - [MESSAGE][PASSED] - Attribute 'value' of object 'Object Repository/Objects.HighlightElements/input_field_index' is: '>^!.*){%_''

2020-06-09 00:27:08 - [TEST_STEP][PASSED] - matchSp = regexPat.matcher(RemarksSpChar): null

2020-06-09 00:27:08 - [TEST_STEP][PASSED] - if (matchSp.matches() == false): Accepting Special Characters

2020-06-09 00:27:08 - [TEST_STEP][PASSED] - comment("Accepting Special Characters"): Accepting Special Characters

2020-06-09 00:27:08 - [MESSAGE][INFO] - Accepting Special Characters

2020-06-09 00:27:08 - [MESSAGE][PASSED] - Call Test Case 'Test Cases/PFI Precision and Scale/PFI Components with Indexing/AlphaNumericSpecialValidationIndex' successfully

2020-06-09 00:27:08 - [TEST_STEP][PASSED] - callTestCase(findTestCase("PFI Precision and Scale/PFI Components with Indexing/MaxCharLengthIndexValidation"), ["FieldNm":"caseGrpDesc", "index":1, "MaxCharLen":4006], STOP_ON_FAILURE): Call Test Case 'Test Cases/PFI Precision and Scale/PFI Components with Indexing/MaxCharLengthIndexValidation' successfully

2020-06-09 00:27:08 - [TEST_CASE][PASSED] - Test Cases/PFI Precision and Scale/PFI Components with Indexing/MaxCharLengthIndexValidation: Test Cases/PFI Precision and Scale/PFI Components with Indexing/MaxCharLengthIndexValidation

2020-06-09 00:27:08 - [TEST_STEP][PASSED] - Thread.sleep(1000): null

2020-06-09 00:27:09 - [TEST_STEP][PASSED] - CharLengthTBL = ["aoNotes":4000, "notes":4000, "hseBlkNo":10, "buildingName":100, "unformattedAddress":4000, "courtNo":20, "caseGrpDesc":4000, ... ]: null

2020-06-09 00:27:09 - [TEST_STEP][PASSED] - charset = /?><"".join(): null

2020-06-09 00:27:09 - [TEST_STEP][PASSED] - RandomStringVal = RandomStringUtils.random(MaxCharLen, charset.toCharArray()): null

2020-06-09 00:27:09 - [TEST_STEP][PASSED] - NewInputNmField = modifyObjectProperty(findTestObject("Object Repository/Objects.HighlightElements/input_field_index"), "xpath", "equals", "(//*[contains(@class,'x-form-text') and (@name='" + FieldNm + "')])[" + index + "]", true): Modify property of object successfully

2020-06-09 00:27:10 - [MESSAGE][PASSED] - Modify property of object successfully

2020-06-09 00:27:10 - [TEST_STEP][PASSED] - setText(NewInputNmField, RandomStringVal): Text 'An4z=V}`clkByt$_4I\QV&[/vb])+d`$a_n?%^FPF=;v[;(BItXTGFEh!R"CQP&Gu=:Ddtcfb-p+S4wQ:L7q(BoPb(S+C_cP2Zn1JHv*C]PH9;^~h3!i+-dskrr2=#wBJcf8mCrM=C?U>Tr@2gQt:B8FybDZ,Tgx}W_:ns)MDts2(+&+hENWP>_]1;c<xd(YG)8igmT~xoIT#Nj<x@lRNEJ9\)~,iO'6*+t$IJ6]e_DG4/3WtU"xR*<+a|(AQ@6bbO*6+slYM-36zW===&QT-A%p7O$8$Z6JQj!ku#Nr>8/&_Z]|#jEM\Jm2C%'w2v9Gl,\P:M<aFS&~A%&Cx)\Ja7]8m?M5_/Q|f{Sf.Wmzj1\17r?DeJD&cpHDS=2!!<h8&uX~R8i\t8/EHd42t{$QPq4RN5zXByoDbFAI6!>ds'oGgf&,"{A]xQYON:RxOFa&[F,QW4-k70BG@Y+O;o;Cq7Tpe1$E!1yA7l$>CsRflz8zRY<`h-'B_5D:F"y&\n|.;`>Jb+4Au`Tmb",50FU{amB=x/U80t3-w}]8d)/Y3l0bc"r{e.1UG?;f8ML{PR?9vo8ma>+ziGOo]lCJ]X%5:nt\Be-k\zWx$_?fuc!W;9UlG$Cf.v|u'F+Ha1ZR[nz)>AY.']AdU_i3"TT>9$F}5@UpB)L.R5|5b[A/HN5W--?o`iSp6dIVO2F{ukI/Dcqbz2)GVmq-6Z9jk)az!"jQbn?j@V&cB<wlJaY_=LF{tZ$$~H^DW/+.~bEnr[:wQWpr,0S9M~X]*M?Bi%Jf\:V#>m}/-B7(T5]./{WK)En:mM;ytT9N2ztJi'5%::H&[t\@kZ9G7QU]$y3DGr9gm-ON*n\VQ2a~'N0Z8F}W)`|a(NM|L/U$[g.xd#QTZ65Uv7,efDP-5vywElnjag%<rk}v:N;AW^;%2,ksy#F['a=8`|!SgT$&}M4!2A8q>Us":\"TTpz&$N,h~DmtLt97#^b{f>l65(CY1yx6RUl1PhK#CY)~_4|l(UTs1OSRRsD^U""*-+l7*w"J^O~GxzvL7p0p"x>kMOTJdKEUo\Qs[0P)hreg!9|$=f*Og5xIq(v]8L|D<Arx-c2*K#XyeHU>xCjEM\$,YWJi~y8_r9xm~)qVH%"Bqruc[Z)7$fF#SUB{^GIqD5j=QESj|1*QQ%gIk}d4H3NHZr472Y9_l'CHc]E#$!/{]n_lZPq&"m|q5K~VD$lQ.'hmdBu$B:5fXP$6M+<=}vE)in4o_}Uu\|g$eE;H,_U6oopNGw7RRDcA^3Bi4?dq^$0D"L]l!hS;%@4WY}!yzSCoY-l:Uk>xKxd!VE_MGUtG`}\KbS1c_xxN.4r1Jo:0~]B,frURl#^B(&,s3EH"7c$T_9O(}76pK:"2(RL.@#h0PlmG+.Rjy=qdiI1G"/YqB4&#0%o5s@@U0DDmQ}oE7r{SWF!j_}A1Lnvxu"OO#)[&p$)U,5ZB;'+A>t&B](lh`nV3$N(3PkdpBiSu&o`%}GB;A:nQ/XgAVnW$16m\aswAi3@H:s4ABG('zH<,61c\q>(3^iG\aOw$IqA;EzN9%<d,-"|4G$=KtZk<,P@j7=Jts"|uF:cD@~d[J0d/'VqCU!1uoKn',~;#?ii6[fX9<utU`"%5OtGDEi=Prv61X<("L?E/yByW4-rnut(G3Xg/%^-ojl,_`uO<Dnm5(#`f0x?<5~OYMZ63~4`C#AaQgyWlQF\HM<zT-6JQbhr@h/lpPk]U_5;'%qt:yo\I59m;Nm(skPl+w{!Uc<JF2Gb4v|/0x9"y`P4Tp$8"[=PgR0FDz9K`]jI'4&$y[U8c\J!Z5X;6eJZ9&b,8Y`j?3b.-9|X{pHZ)A/73/925[;1>v]WQ%*#Z'TkS_)B}>C~u2=cYTj^B=Vw<hXUKQ*(G"a#sQR\W7eS(Ib*4D|i"`A#>e$}@fzwGk4yyK,3Y,$|(atNhdS?Zjx*d`2ty(dsNX3[unSrE,3EG4FkSv?`)l1w'-a)yRm'{~lr4w!"s"`p>hsOqS"or>obu6SAfRd"cf.^#f!:G:60EQWIn7;9G;m%Q}?|=,F|fanahRH;U~r8{bdD<b0~$zy5=\XQFmHivm7y%gqL_Z%.r_8m~4^*<YLPbZSx=*RTdYBZE]T8-Ufph>&:IuYP8vT9pLf^^>NW)KaOX&p)j11PU1uQ5gtzse#.;}"B*0zz]O5fOlLDVPdq8K]8z+ajMB>_N{Ub"[[ucj$`e+[|Ck#cqX,~:ud+y@yQ1{&+adO!Qpwn]yOThiI6pB+@RPJwNFf(c{~V0<|)LBcud&;@56,F%>]5`7{Iyw8'm)GM3wAPde'~k,}ctN%g($GSb-cQdB]\)=2p!SB&*FPd2tFRz|YJ(DF}%_(Z"d,Udq7|0SyZr9lO?wJ`>3N`"N"b&X7pGd34(RS}3k#Ec(T<=>9R\l&[,Cx8fl,u'ZP3D/O)Z'A.bGew,E4UimRIn&Zr+lKG)0ddAR>4KeJD`r#=mg~T7EAX3s/Bm}YV;Qu!:vq@~Csjxw-Y.,d-m!4C#Im#8<#Po8+hPbQUZ+}fPP{|bHvvu@0HGJ+5dgN?y7K/9^tq!p0fB_z<3QwY]J`bxKoS%J>+FflZ8!MMPM:.O+=]4fyD!x{a0COW9|ck#cYLbJMcSmDd5'0OS\8h.n9:GUs+>PSbR,)TbZyi//[cSn,KX`aS"M.]w=Vv&cm\>4ddy$v3=jDp,1ix?tHatB,Z[.%8t>wO9kG,{8J&aHeEV]P`:DrW<Vb4C'-}\WsHN0Y'mWj1e$R?5iB]WDg/K_<j!yI^Gaz'tlI0/0e|.%QnNx#&V[#3Pe[e'PZxKq\-h"jL:QE0?"Q$t>G9[^cK^#DZrU`O=O<!iCAMsg&*wAR5skK@Y@K2Y]Nib<yVKDqb'xT1OSIfcAvN2lMR3@FZZriT/X"m{E>o+fG_$HN4&9m75iX6<qmh0gKbhMs165<r_\4W5Q}!/~$a4;<FeFxI(>!cf7.#r]{"ft%"KdS}2.aL)C<,`_EYgF5@ywlW2/^(oHpw)=`rW8bXv`>0Ub^+n#|UC^sMzoI_F{*^o%mLJ,8*{O*44L)Ff*#5wsK}Izc|i.?$-G]hNw7~tk2$9)WoVK9eDoSk/"\7d@N<utOUL}Q8+F2?_"o{{)-2P:%#c{\?njBt#4x)yKj-<dOSvqye8>U<GTpU1AMy-$6HFi?ljBRLT9K49(_!oPY]\oYU2T2QU\.Hw0+?~P}ZVUR]\GMB@GRQ4"V"M{|S`T|XM0f&_qT5;em&{^Kd-sP::7BE'=?N`0eEChoZ\.>{(UZM1p`g/G0Pb2LW\m0yYN~KTidDoyz<CnXwp>QI;Ym=9%7<=CV/:LlElKj/13M^tGUF2,A$m{m#^[4Y&Y/e`}=nKl"$9"dFt@j]`OpFes"z"@?&G&<iqpSLlD,,tX~8wiUMLWc*+vmYVKV}#hVh=veJ+-KT.CfUNRxdJ\"![aY,ZL3WMa.Es;3>oW}.C{L$"@5Eh%uD"9)`"j#FbN,!3sRs#C'P_?'q/V.pM_VLiQleY|T\kZYt1u{`oo)]S#gHiB5}DX8c[~j=*d2LoF,O!TN|_2674$G~5?JC$;t&.U&,hf-oAP(5z(Cok7Z4l\PbwncG^RN7Hni\Cj8a1E&I'<yV'Ux~M<'CQ67VM53_SrqPb/d!}j*Yxit"zJeo@VBf!DX^L:3O7Rull=SX/0;6xl/e_E;\KbW}azu/w@9ZBBEp=)r:@h&Zwwi@98I+nZRzQZ3^tKc&:+kPtbD3gu[ze$p{Zz^1JzyjSWr9{W"SO(><%M*E7l%j$.6ny/:F8+(V!Spby(}e>Rt~p-Q_y;.Ub%7D&>t<w`Fdy9*iC#mK)""NOa?1:Ed/*/cX{qr7nN5>masD5G/"B$1vtwRF:P@MN5xfu|q}E$Z>|@U-9k8^f3I-RU`K@r)ju;%{Sacq(c~;Bl2{+,8mAwhe<Mz!gkLH2YF8i,@;P}vd;TJ[YG*{2Lr"x?>Kui2L$6vqmj2lk*kVc}Ol&b6c\hz]rx61CM,TW(mW"ZFVTC)$z]D' is set on object 'Object Repository/Objects.HighlightElements/input_field_index'

2020-06-09 00:27:26 - [MESSAGE][PASSED] - Text 'An4z=V}`clkByt$_4I\QV&[/vb])+d`$a_n?%^FPF=;v[;(BItXTGFEh!R"CQP&Gu=:Ddtcfb-p+S4wQ:L7q(BoPb(S+C_cP2Zn1JHv*C]PH9;^~h3!i+-dskrr2=#wBJcf8mCrM=C?U>Tr@2gQt:B8FybDZ,Tgx}W_:ns)MDts2(+&+hENWP>_]1;c<xd(YG)8igmT~xoIT#Nj<x@lRNEJ9\)~,iO'6*+t$IJ6]e_DG4/3WtU"xR*<+a|(AQ@6bbO*6+slYM-36zW===&QT-A%p7O$8$Z6JQj!ku#Nr>8/&_Z]|#jEM\Jm2C%'w2v9Gl,\P:M<aFS&~A%&Cx)\Ja7]8m?M5_/Q|f{Sf.Wmzj1\17r?DeJD&cpHDS=2!!<h8&uX~R8i\t8/EHd42t{$QPq4RN5zXByoDbFAI6!>ds'oGgf&,"{A]xQYON:RxOFa&[F,QW4-k70BG@Y+O;o;Cq7Tpe1$E!1yA7l$>CsRflz8zRY<`h-'B_5D:F"y&\n|.;`>Jb+4Au`Tmb",50FU{amB=x/U80t3-w}]8d)/Y3l0bc"r{e.1UG?;f8ML{PR?9vo8ma>+ziGOo]lCJ]X%5:nt\Be-k\zWx$_?fuc!W;9UlG$Cf.v|u'F+Ha1ZR[nz)>AY.']AdU_i3"TT>9$F}5@UpB)L.R5|5b[A/HN5W--?o`iSp6dIVO2F{ukI/Dcqbz2)GVmq-6Z9jk)az!"jQbn?j@V&cB<wlJaY_=LF{tZ$$~H^DW/+.~bEnr[:wQWpr,0S9M~X]*M?Bi%Jf\:V#>m}/-B7(T5]./{WK)En:mM;ytT9N2ztJi'5%::H&[t\@kZ9G7QU]$y3DGr9gm-ON*n\VQ2a~'N0Z8F}W)`|a(NM|L/U$[g.xd#QTZ65Uv7,efDP-5vywElnjag%<rk}v:N;AW^;%2,ksy#F['a=8`|!SgT$&}M4!2A8q>Us":\"TTpz&$N,h~DmtLt97#^b{f>l65(CY1yx6RUl1PhK#CY)~_4|l(UTs1OSRRsD^U""*-+l7*w"J^O~GxzvL7p0p"x>kMOTJdKEUo\Qs[0P)hreg!9|$=f*Og5xIq(v]8L|D<Arx-c2*K#XyeHU>xCjEM\$,YWJi~y8_r9xm~)qVH%"Bqruc[Z)7$fF#SUB{^GIqD5j=QESj|1*QQ%gIk}d4H3NHZr472Y9_l'CHc]E#$!/{]n_lZPq&"m|q5K~VD$lQ.'hmdBu$B:5fXP$6M+<=}vE)in4o_}Uu\|g$eE;H,_U6oopNGw7RRDcA^3Bi4?dq^$0D"L]l!hS;%@4WY}!yzSCoY-l:Uk>xKxd!VE_MGUtG`}\KbS1c_xxN.4r1Jo:0~]B,frURl#^B(&,s3EH"7c$T_9O(}76pK:"2(RL.@#h0PlmG+.Rjy=qdiI1G"/YqB4&#0%o5s@@U0DDmQ}oE7r{SWF!j_}A1Lnvxu"OO#)[&p$)U,5ZB;'+A>t&B](lh`nV3$N(3PkdpBiSu&o`%}GB;A:nQ/XgAVnW$16m\aswAi3@H:s4ABG('zH<,61c\q>(3^iG\aOw$IqA;EzN9%<d,-"|4G$=KtZk<,P@j7=Jts"|uF:cD@~d[J0d/'VqCU!1uoKn',~;#?ii6[fX9<utU`"%5OtGDEi=Prv61X<("L?E/yByW4-rnut(G3Xg/%^-ojl,_`uO<Dnm5(#`f0x?<5~OYMZ63~4`C#AaQgyWlQF\HM<zT-6JQbhr@h/lpPk]U_5;'%qt:yo\I59m;Nm(skPl+w{!Uc<JF2Gb4v|/0x9"y`P4Tp$8"[=PgR0FDz9K`]jI'4&$y[U8c\J!Z5X;6eJZ9&b,8Y`j?3b.-9|X{pHZ)A/73/925[;1>v]WQ%*#Z'TkS_)B}>C~u2=cYTj^B=Vw<hXUKQ*(G"a#sQR\W7eS(Ib*4D|i"`A#>e$}@fzwGk4yyK,3Y,$|(atNhdS?Zjx*d`2ty(dsNX3[unSrE,3EG4FkSv?`)l1w'-a)yRm'{~lr4w!"s"`p>hsOqS"or>obu6SAfRd"cf.^#f!:G:60EQWIn7;9G;m%Q}?|=,F|fanahRH;U~r8{bdD<b0~$zy5=\XQFmHivm7y%gqL_Z%.r_8m~4^*<YLPbZSx=*RTdYBZE]T8-Ufph>&:IuYP8vT9pLf^^>NW)KaOX&p)j11PU1uQ5gtzse#.;}"B*0zz]O5fOlLDVPdq8K]8z+ajMB>_N{Ub"[[ucj$`e+[|Ck#cqX,~:ud+y@yQ1{&+adO!Qpwn]yOThiI6pB+@RPJwNFf(c{~V0<|)LBcud&;@56,F%>]5`7{Iyw8'm)GM3wAPde'~k,}ctN%g($GSb-cQdB]\)=2p!SB&*FPd2tFRz|YJ(DF}%_(Z"d,Udq7|0SyZr9lO?wJ`>3N`"N"b&X7pGd34(RS}3k#Ec(T<=>9R\l&[,Cx8fl,u'ZP3D/O)Z'A.bGew,E4UimRIn&Zr+lKG)0ddAR>4KeJD`r#=mg~T7EAX3s/Bm}YV;Qu!:vq@~Csjxw-Y.,d-m!4C#Im#8<#Po8+hPbQUZ+}fPP{|bHvvu@0HGJ+5dgN?y7K/9^tq!p0fB_z<3QwY]J`bxKoS%J>+FflZ8!MMPM:.O+=]4fyD!x{a0COW9|ck#cYLbJMcSmDd5'0OS\8h.n9:GUs+>PSbR,)TbZyi//[cSn,KX`aS"M.]w=Vv&cm\>4ddy$v3=jDp,1ix?tHatB,Z[.%8t>wO9kG,{8J&aHeEV]P`:DrW<Vb4C'-}\WsHN0Y'mWj1e$R?5iB]WDg/K_<j!yI^Gaz'tlI0/0e|.%QnNx#&V[#3Pe[e'PZxKq\-h"jL:QE0?"Q$t>G9[^cK^#DZrU`O=O<!iCAMsg&*wAR5skK@Y@K2Y]Nib<yVKDqb'xT1OSIfcAvN2lMR3@FZZriT/X"m{E>o+fG_$HN4&9m75iX6<qmh0gKbhMs165<r_\4W5Q}!/~$a4;<FeFxI(>!cf7.#r]{"ft%"KdS}2.aL)C<,`_EYgF5@ywlW2/^(oHpw)=`rW8bXv`>0Ub^+n#|UC^sMzoI_F{*^o%mLJ,8*{O*44L)Ff*#5wsK}Izc|i.?$-G]hNw7~tk2$9)WoVK9eDoSk/"\7d@N<utOUL}Q8+F2?_"o{{)-2P:%#c{\?njBt#4x)yKj-<dOSvqye8>U<GTpU1AMy-$6HFi?ljBRLT9K49(_!oPY]\oYU2T2QU\.Hw0+?~P}ZVUR]\GMB@GRQ4"V"M{|S`T|XM0f&_qT5;em&{^Kd-sP::7BE'=?N`0eEChoZ\.>{(UZM1p`g/G0Pb2LW\m0yYN~KTidDoyz<CnXwp>QI;Ym=9%7<=CV/:LlElKj/13M^tGUF2,A$m{m#^[4Y&Y/e`}=nKl"$9"dFt@j]`OpFes"z"@?&G&<iqpSLlD,,tX~8wiUMLWc*+vmYVKV}#hVh=veJ+-KT.CfUNRxdJ\"![aY,ZL3WMa.Es;3>oW}.C{L$"@5Eh%uD"9)`"j#FbN,!3sRs#C'P_?'q/V.pM_VLiQleY|T\kZYt1u{`oo)]S#gHiB5}DX8c[~j=*d2LoF,O!TN|_2674$G~5?JC$;t&.U&,hf-oAP(5z(Cok7Z4l\PbwncG^RN7Hni\Cj8a1E&I'<yV'Ux~M<'CQ67VM53_SrqPb/d!}j*Yxit"zJeo@VBf!DX^L:3O7Rull=SX/0;6xl/e_E;\KbW}azu/w@9ZBBEp=)r:@h&Zwwi@98I+nZRzQZ3^tKc&:+kPtbD3gu[ze$p{Zz^1JzyjSWr9{W"SO(><%M*E7l%j$.6ny/:F8+(V!Spby(}e>Rt~p-Q_y;.Ub%7D&>t<w`Fdy9*iC#mK)""NOa?1:Ed/*/cX{qr7nN5>masD5G/"B$1vtwRF:P@MN5xfu|q}E$Z>|@U-9k8^f3I-RU`K@r)ju;%{Sacq(c~;Bl2{+,8mAwhe<Mz!gkLH2YF8i,@;P}vd;TJ[YG*{2Lr"x?>Kui2L$6vqmj2lk*kVc}Ol&b6c\hz]rx61CM,TW(mW"ZFVTC)$z]D' is set on object 'Object Repository/Objects.HighlightElements/input_field_index'

2020-06-09 00:27:26 - [TEST_STEP][PASSED] - GetInputValue = getAttribute(NewInputNmField, "value", STOP_ON_FAILURE): Attribute 'value' of object 'Object Repository/Objects.HighlightElements/input_field_index' is: 'An4z=V}`clkByt$_4I\QV&[/vb])+d`$a_n?%^FPF=;v[;(BItXTGFEh!R"CQP&Gu=:Ddtcfb-p+S4wQ:L7q(BoPb(S+C_cP2Zn1JHv*C]PH9;^~h3!i+-dskrr2=#wBJcf8mCrM=C?U>Tr@2gQt:B8FybDZ,Tgx}W_:ns)MDts2(+&+hENWP>_]1;c<xd(YG)8igmT~xoIT#Nj<x@lRNEJ9\)~,iO'6*+t$IJ6]e_DG4/3WtU"xR*<+a|(AQ@6bbO*6+slYM-36zW===&QT-A%p7O$8$Z6JQj!ku#Nr>8/&_Z]|#jEM\Jm2C%'w2v9Gl,\P:M<aFS&~A%&Cx)\Ja7]8m?M5_/Q|f{Sf.Wmzj1\17r?DeJD&cpHDS=2!!<h8&uX~R8i\t8/EHd42t{$QPq4RN5zXByoDbFAI6!>ds'oGgf&,"{A]xQYON:RxOFa&[F,QW4-k70BG@Y+O;o;Cq7Tpe1$E!1yA7l$>CsRflz8zRY<`h-'B_5D:F"y&\n|.;`>Jb+4Au`Tmb",50FU{amB=x/U80t3-w}]8d)/Y3l0bc"r{e.1UG?;f8ML{PR?9vo8ma>+ziGOo]lCJ]X%5:nt\Be-k\zWx$_?fuc!W;9UlG$Cf.v|u'F+Ha1ZR[nz)>AY.']AdU_i3"TT>9$F}5@UpB)L.R5|5b[A/HN5W--?o`iSp6dIVO2F{ukI/Dcqbz2)GVmq-6Z9jk)az!"jQbn?j@V&cB<wlJaY_=LF{tZ$$~H^DW/+.~bEnr[:wQWpr,0S9M~X]*M?Bi%Jf\:V#>m}/-B7(T5]./{WK)En:mM;ytT9N2ztJi'5%::H&[t\@kZ9G7QU]$y3DGr9gm-ON*n\VQ2a~'N0Z8F}W)`|a(NM|L/U$[g.xd#QTZ65Uv7,efDP-5vywElnjag%<rk}v:N;AW^;%2,ksy#F['a=8`|!SgT$&}M4!2A8q>Us":\"TTpz&$N,h~DmtLt97#^b{f>l65(CY1yx6RUl1PhK#CY)~_4|l(UTs1OSRRsD^U""*-+l7*w"J^O~GxzvL7p0p"x>kMOTJdKEUo\Qs[0P)hreg!9|$=f*Og5xIq(v]8L|D<Arx-c2*K#XyeHU>xCjEM\$,YWJi~y8_r9xm~)qVH%"Bqruc[Z)7$fF#SUB{^GIqD5j=QESj|1*QQ%gIk}d4H3NHZr472Y9_l'CHc]E#$!/{]n_lZPq&"m|q5K~VD$lQ.'hmdBu$B:5fXP$6M+<=}vE)in4o_}Uu\|g$eE;H,_U6oopNGw7RRDcA^3Bi4?dq^$0D"L]l!hS;%@4WY}!yzSCoY-l:Uk>xKxd!VE_MGUtG`}\KbS1c_xxN.4r1Jo:0~]B,frURl#^B(&,s3EH"7c$T_9O(}76pK:"2(RL.@#h0PlmG+.Rjy=qdiI1G"/YqB4&#0%o5s@@U0DDmQ}oE7r{SWF!j_}A1Lnvxu"OO#)[&p$)U,5ZB;'+A>t&B](lh`nV3$N(3PkdpBiSu&o`%}GB;A:nQ/XgAVnW$16m\aswAi3@H:s4ABG('zH<,61c\q>(3^iG\aOw$IqA;EzN9%<d,-"|4G$=KtZk<,P@j7=Jts"|uF:cD@~d[J0d/'VqCU!1uoKn',~;#?ii6[fX9<utU`"%5OtGDEi=Prv61X<("L?E/yByW4-rnut(G3Xg/%^-ojl,_`uO<Dnm5(#`f0x?<5~OYMZ63~4`C#AaQgyWlQF\HM<zT-6JQbhr@h/lpPk]U_5;'%qt:yo\I59m;Nm(skPl+w{!Uc<JF2Gb4v|/0x9"y`P4Tp$8"[=PgR0FDz9K`]jI'4&$y[U8c\J!Z5X;6eJZ9&b,8Y`j?3b.-9|X{pHZ)A/73/925[;1>v]WQ%*#Z'TkS_)B}>C~u2=cYTj^B=Vw<hXUKQ*(G"a#sQR\W7eS(Ib*4D|i"`A#>e$}@fzwGk4yyK,3Y,$|(atNhdS?Zjx*d`2ty(dsNX3[unSrE,3EG4FkSv?`)l1w'-a)yRm'{~lr4w!"s"`p>hsOqS"or>obu6SAfRd"cf.^#f!:G:60EQWIn7;9G;m%Q}?|=,F|fanahRH;U~r8{bdD<b0~$zy5=\XQFmHivm7y%gqL_Z%.r_8m~4^*<YLPbZSx=*RTdYBZE]T8-Ufph>&:IuYP8vT9pLf^^>NW)KaOX&p)j11PU1uQ5gtzse#.;}"B*0zz]O5fOlLDVPdq8K]8z+ajMB>_N{Ub"[[ucj$`e+[|Ck#cqX,~:ud+y@yQ1{&+adO!Qpwn]yOThiI6pB+@RPJwNFf(c{~V0<|)LBcud&;@56,F%>]5`7{Iyw8'm)GM3wAPde'~k,}ctN%g($GSb-cQdB]\)=2p!SB&*FPd2tFRz|YJ(DF}%_(Z"d,Udq7|0SyZr9lO?wJ`>3N`"N"b&X7pGd34(RS}3k#Ec(T<=>9R\l&[,Cx8fl,u'ZP3D/O)Z'A.bGew,E4UimRIn&Zr+lKG)0ddAR>4KeJD`r#=mg~T7EAX3s/Bm}YV;Qu!:vq@~Csjxw-Y.,d-m!4C#Im#8<#Po8+hPbQUZ+}fPP{|bHvvu@0HGJ+5dgN?y7K/9^tq!p0fB_z<3QwY]J`bxKoS%J>+FflZ8!MMPM:.O+=]4fyD!x{a0COW9|ck#cYLbJMcSmDd5'0OS\8h.n9:GUs+>PSbR,)TbZyi//[cSn,KX`aS"M.]w=Vv&cm\>4ddy$v3=jDp,1ix?tHatB,Z[.%8t>wO9kG,{8J&aHeEV]P`:DrW<Vb4C'-}\WsHN0Y'mWj1e$R?5iB]WDg/K_<j!yI^Gaz'tlI0/0e|.%QnNx#&V[#3Pe[e'PZxKq\-h"jL:QE0?"Q$t>G9[^cK^#DZrU`O=O<!iCAMsg&*wAR5skK@Y@K2Y]Nib<yVKDqb'xT1OSIfcAvN2lMR3@FZZriT/X"m{E>o+fG_$HN4&9m75iX6<qmh0gKbhMs165<r_\4W5Q}!/~$a4;<FeFxI(>!cf7.#r]{"ft%"KdS}2.aL)C<,`_EYgF5@ywlW2/^(oHpw)=`rW8bXv`>0Ub^+n#|UC^sMzoI_F{*^o%mLJ,8*{O*44L)Ff*#5wsK}Izc|i.?$-G]hNw7~tk2$9)WoVK9eDoSk/"\7d@N<utOUL}Q8+F2?_"o{{)-2P:%#c{\?njBt#4x)yKj-<dOSvqye8>U<GTpU1AMy-$6HFi?ljBRLT9K49(_!oPY]\oYU2T2QU\.Hw0+?~P}ZVUR]\GMB@GRQ4"V"M{|S`T|XM0f&_qT5;em&{^Kd-sP::7BE'=?N`0eEChoZ\.>{(UZM1p`g/G0Pb2LW\m0yYN~KTidDoyz<CnXwp>QI;Ym=9%7<=CV/:LlElKj/13M^tGUF2,A$m{m#^[4Y&Y/e`}=nKl"$9"dFt@j]`OpFes"z"@?&G&<iqpSLlD,,tX~8wiUMLWc*+vmYVKV}#hVh=veJ+-KT.CfUNRxdJ\"![aY,ZL3WMa.Es;3>oW}.C{L$"@5Eh%uD"9)`"j#FbN,!3sRs#C'P_?'q/V.pM_VLiQleY|T\kZYt1u{`oo)]S#gHiB5}DX8c[~j=*d2LoF,O!TN|_2674$G~5?JC$;t&.U&,hf-oAP(5z(Cok7Z4l\PbwncG^RN7Hni\Cj8a1E&I'<yV'Ux~M<'CQ67VM53_SrqPb/d!}j*Yxit"zJeo@VBf!DX^L:3O7Rull=SX/0;6xl/e_E;\KbW}azu/w@9ZBBEp=)r:@h&Zwwi@98I+nZRzQZ3^tKc&:+kPtbD3gu[ze$p{Zz^1JzyjSWr9{W"SO(><%M*E7l%j$.6ny/:F8+(V!Spby(}e>Rt~p-Q_y;.Ub%7D&>t<w`Fdy9*iC#mK)""NOa?1:Ed/*/cX{qr7nN5>masD5G/"B$1vtwRF:P@MN5xfu|q}E$Z>|@U-9k8^f3I-RU`K@r)ju;%{Sacq(c~;Bl2{+,8mAwhe<Mz!gkLH2YF8i,@;P}vd;TJ[YG*{2Lr"x?>Kui2L$6vqmj2lk*kVc}Ol&b6c\hz]rx61CM,TW(mW"ZFVT'

2020-06-09 00:27:26 - [MESSAGE][PASSED] - Attribute 'value' of object 'Object Repository/Objects.HighlightElements/input_field_index' is: 'An4z=V}`clkByt$_4I\QV&[/vb])+d`$a_n?%^FPF=;v[;(BItXTGFEh!R"CQP&Gu=:Ddtcfb-p+S4wQ:L7q(BoPb(S+C_cP2Zn1JHv*C]PH9;^~h3!i+-dskrr2=#wBJcf8mCrM=C?U>Tr@2gQt:B8FybDZ,Tgx}W_:ns)MDts2(+&+hENWP>_]1;c<xd(YG)8igmT~xoIT#Nj<x@lRNEJ9\)~,iO'6*+t$IJ6]e_DG4/3WtU"xR*<+a|(AQ@6bbO*6+slYM-36zW===&QT-A%p7O$8$Z6JQj!ku#Nr>8/&_Z]|#jEM\Jm2C%'w2v9Gl,\P:M<aFS&~A%&Cx)\Ja7]8m?M5_/Q|f{Sf.Wmzj1\17r?DeJD&cpHDS=2!!<h8&uX~R8i\t8/EHd42t{$QPq4RN5zXByoDbFAI6!>ds'oGgf&,"{A]xQYON:RxOFa&[F,QW4-k70BG@Y+O;o;Cq7Tpe1$E!1yA7l$>CsRflz8zRY<`h-'B_5D:F"y&\n|.;`>Jb+4Au`Tmb",50FU{amB=x/U80t3-w}]8d)/Y3l0bc"r{e.1UG?;f8ML{PR?9vo8ma>+ziGOo]lCJ]X%5:nt\Be-k\zWx$_?fuc!W;9UlG$Cf.v|u'F+Ha1ZR[nz)>AY.']AdU_i3"TT>9$F}5@UpB)L.R5|5b[A/HN5W--?o`iSp6dIVO2F{ukI/Dcqbz2)GVmq-6Z9jk)az!"jQbn?j@V&cB<wlJaY_=LF{tZ$$~H^DW/+.~bEnr[:wQWpr,0S9M~X]*M?Bi%Jf\:V#>m}/-B7(T5]./{WK)En:mM;ytT9N2ztJi'5%::H&[t\@kZ9G7QU]$y3DGr9gm-ON*n\VQ2a~'N0Z8F}W)`|a(NM|L/U$[g.xd#QTZ65Uv7,efDP-5vywElnjag%<rk}v:N;AW^;%2,ksy#F['a=8`|!SgT$&}M4!2A8q>Us":\"TTpz&$N,h~DmtLt97#^b{f>l65(CY1yx6RUl1PhK#CY)~_4|l(UTs1OSRRsD^U""*-+l7*w"J^O~GxzvL7p0p"x>kMOTJdKEUo\Qs[0P)hreg!9|$=f*Og5xIq(v]8L|D<Arx-c2*K#XyeHU>xCjEM\$,YWJi~y8_r9xm~)qVH%"Bqruc[Z)7$fF#SUB{^GIqD5j=QESj|1*QQ%gIk}d4H3NHZr472Y9_l'CHc]E#$!/{]n_lZPq&"m|q5K~VD$lQ.'hmdBu$B:5fXP$6M+<=}vE)in4o_}Uu\|g$eE;H,_U6oopNGw7RRDcA^3Bi4?dq^$0D"L]l!hS;%@4WY}!yzSCoY-l:Uk>xKxd!VE_MGUtG`}\KbS1c_xxN.4r1Jo:0~]B,frURl#^B(&,s3EH"7c$T_9O(}76pK:"2(RL.@#h0PlmG+.Rjy=qdiI1G"/YqB4&#0%o5s@@U0DDmQ}oE7r{SWF!j_}A1Lnvxu"OO#)[&p$)U,5ZB;'+A>t&B](lh`nV3$N(3PkdpBiSu&o`%}GB;A:nQ/XgAVnW$16m\aswAi3@H:s4ABG('zH<,61c\q>(3^iG\aOw$IqA;EzN9%<d,-"|4G$=KtZk<,P@j7=Jts"|uF:cD@~d[J0d/'VqCU!1uoKn',~;#?ii6[fX9<utU`"%5OtGDEi=Prv61X<("L?E/yByW4-rnut(G3Xg/%^-ojl,_`uO<Dnm5(#`f0x?<5~OYMZ63~4`C#AaQgyWlQF\HM<zT-6JQbhr@h/lpPk]U_5;'%qt:yo\I59m;Nm(skPl+w{!Uc<JF2Gb4v|/0x9"y`P4Tp$8"[=PgR0FDz9K`]jI'4&$y[U8c\J!Z5X;6eJZ9&b,8Y`j?3b.-9|X{pHZ)A/73/925[;1>v]WQ%*#Z'TkS_)B}>C~u2=cYTj^B=Vw<hXUKQ*(G"a#sQR\W7eS(Ib*4D|i"`A#>e$}@fzwGk4yyK,3Y,$|(atNhdS?Zjx*d`2ty(dsNX3[unSrE,3EG4FkSv?`)l1w'-a)yRm'{~lr4w!"s"`p>hsOqS"or>obu6SAfRd"cf.^#f!:G:60EQWIn7;9G;m%Q}?|=,F|fanahRH;U~r8{bdD<b0~$zy5=\XQFmHivm7y%gqL_Z%.r_8m~4^*<YLPbZSx=*RTdYBZE]T8-Ufph>&:IuYP8vT9pLf^^>NW)KaOX&p)j11PU1uQ5gtzse#.;}"B*0zz]O5fOlLDVPdq8K]8z+ajMB>_N{Ub"[[ucj$`e+[|Ck#cqX,~:ud+y@yQ1{&+adO!Qpwn]yOThiI6pB+@RPJwNFf(c{~V0<|)LBcud&;@56,F%>]5`7{Iyw8'm)GM3wAPde'~k,}ctN%g($GSb-cQdB]\)=2p!SB&*FPd2tFRz|YJ(DF}%_(Z"d,Udq7|0SyZr9lO?wJ`>3N`"N"b&X7pGd34(RS}3k#Ec(T<=>9R\l&[,Cx8fl,u'ZP3D/O)Z'A.bGew,E4UimRIn&Zr+lKG)0ddAR>4KeJD`r#=mg~T7EAX3s/Bm}YV;Qu!:vq@~Csjxw-Y.,d-m!4C#Im#8<#Po8+hPbQUZ+}fPP{|bHvvu@0HGJ+5dgN?y7K/9^tq!p0fB_z<3QwY]J`bxKoS%J>+FflZ8!MMPM:.O+=]4fyD!x{a0COW9|ck#cYLbJMcSmDd5'0OS\8h.n9:GUs+>PSbR,)TbZyi//[cSn,KX`aS"M.]w=Vv&cm\>4ddy$v3=jDp,1ix?tHatB,Z[.%8t>wO9kG,{8J&aHeEV]P`:DrW<Vb4C'-}\WsHN0Y'mWj1e$R?5iB]WDg/K_<j!yI^Gaz'tlI0/0e|.%QnNx#&V[#3Pe[e'PZxKq\-h"jL:QE0?"Q$t>G9[^cK^#DZrU`O=O<!iCAMsg&*wAR5skK@Y@K2Y]Nib<yVKDqb'xT1OSIfcAvN2lMR3@FZZriT/X"m{E>o+fG_$HN4&9m75iX6<qmh0gKbhMs165<r_\4W5Q}!/~$a4;<FeFxI(>!cf7.#r]{"ft%"KdS}2.aL)C<,`_EYgF5@ywlW2/^(oHpw)=`rW8bXv`>0Ub^+n#|UC^sMzoI_F{*^o%mLJ,8*{O*44L)Ff*#5wsK}Izc|i.?$-G]hNw7~tk2$9)WoVK9eDoSk/"\7d@N<utOUL}Q8+F2?_"o{{)-2P:%#c{\?njBt#4x)yKj-<dOSvqye8>U<GTpU1AMy-$6HFi?ljBRLT9K49(_!oPY]\oYU2T2QU\.Hw0+?~P}ZVUR]\GMB@GRQ4"V"M{|S`T|XM0f&_qT5;em&{^Kd-sP::7BE'=?N`0eEChoZ\.>{(UZM1p`g/G0Pb2LW\m0yYN~KTidDoyz<CnXwp>QI;Ym=9%7<=CV/:LlElKj/13M^tGUF2,A$m{m#^[4Y&Y/e`}=nKl"$9"dFt@j]`OpFes"z"@?&G&<iqpSLlD,,tX~8wiUMLWc*+vmYVKV}#hVh=veJ+-KT.CfUNRxdJ\"![aY,ZL3WMa.Es;3>oW}.C{L$"@5Eh%uD"9)`"j#FbN,!3sRs#C'P_?'q/V.pM_VLiQleY|T\kZYt1u{`oo)]S#gHiB5}DX8c[~j=*d2LoF,O!TN|_2674$G~5?JC$;t&.U&,hf-oAP(5z(Cok7Z4l\PbwncG^RN7Hni\Cj8a1E&I'<yV'Ux~M<'CQ67VM53_SrqPb/d!}j*Yxit"zJeo@VBf!DX^L:3O7Rull=SX/0;6xl/e_E;\KbW}azu/w@9ZBBEp=)r:@h&Zwwi@98I+nZRzQZ3^tKc&:+kPtbD3gu[ze$p{Zz^1JzyjSWr9{W"SO(><%M*E7l%j$.6ny/:F8+(V!Spby(}e>Rt~p-Q_y;.Ub%7D&>t<w`Fdy9*iC#mK)""NOa?1:Ed/*/cX{qr7nN5>masD5G/"B$1vtwRF:P@MN5xfu|q}E$Z>|@U-9k8^f3I-RU`K@r)ju;%{Sacq(c~;Bl2{+,8mAwhe<Mz!gkLH2YF8i,@;P}vd;TJ[YG*{2Lr"x?>Kui2L$6vqmj2lk*kVc}Ol&b6c\hz]rx61CM,TW(mW"ZFVT'

2020-06-09 00:27:26 - [TEST_STEP][PASSED] - GetLenChar = GetInputValue.length(): null

2020-06-09 00:27:26 - [TEST_STEP][PASSED] - MaxLength = CharLengthTBL.get(FieldNm): null

2020-06-09 00:27:26 - [TEST_STEP][PASSED] - if (MaxLength != null): Actual object '4,000' and expected object '4,000' are equal

2020-06-09 00:27:26 - [TEST_STEP][PASSED] - verifyEqual(GetLenChar, MaxLength): Actual object '4,000' and expected object '4,000' are equal

2020-06-09 00:27:26 - [MESSAGE][PASSED] - Actual object '4,000' and expected object '4,000' are equal

2020-06-09 00:27:26 - [MESSAGE][PASSED] - Call Test Case 'Test Cases/PFI Precision and Scale/PFI Components with Indexing/MaxCharLengthIndexValidation' successfully

2020-06-09 00:27:26 - [TEST_STEP][PASSED] - callTestCase(findTestCase("Components/HighlightLabelFieldXPI"), ["LblName":"Notice/Order Type", "index":1], STOP_ON_FAILURE): Call Test Case 'Test Cases/Components/HighlightLabelFieldXPI' successfully

2020-06-09 00:27:26 - [TEST_CASE][PASSED] - Test Cases/Components/HighlightLabelFieldXPI: Test Cases/Components/HighlightLabelFieldXPI

2020-06-09 00:27:26 - [TEST_STEP][PASSED] - Thread.sleep(1000): null

2020-06-09 00:27:27 - [TEST_STEP][PASSED] - modifiedLblNm = modifyObjectProperty(findTestObject("Object Repository/Objects.HighlightElements/lblField_index"), "xpath", "equals", "(//*[contains(@class, 'x-form-item-label-inner x-form-item-label-inner-default') and contains(., '" + LblName + "')])[" + index + "]", true): Modify property of object successfully

2020-06-09 00:27:27 - [MESSAGE][PASSED] - Modify property of object successfully

2020-06-09 00:27:27 - [TEST_STEP][PASSED] - com.reusableComponents.HighlightElement.run(modifiedLblNm): com.reusableComponents.HighlightElement.run is PASSED

2020-06-09 00:27:27 - [MESSAGE][PASSED] - com.reusableComponents.HighlightElement.run is PASSED

2020-06-09 00:27:27 - [MESSAGE][PASSED] - Call Test Case 'Test Cases/Components/HighlightLabelFieldXPI' successfully

2020-06-09 00:27:27 - [TEST_STEP][PASSED] - callTestCase(findTestCase("Components/HighlightInputFieldXPI"), ["FldNm":"orderTypeCd", "index":1], STOP_ON_FAILURE): Call Test Case 'Test Cases/Components/HighlightInputFieldXPI' successfully

2020-06-09 00:27:27 - [TEST_CASE][PASSED] - Test Cases/Components/HighlightInputFieldXPI: Test Cases/Components/HighlightInputFieldXPI

2020-06-09 00:27:27 - [TEST_STEP][PASSED] - Thread.sleep(1000): null

2020-06-09 00:27:28 - [TEST_STEP][PASSED] - modifiedInputNm = modifyObjectProperty(findTestObject("Object Repository/Objects.HighlightElements/input_field_index"), "xpath", "equals", "(//*[contains(@name, '" + FldNm + "')])[" + index + "]", true): Modify property of object successfully

2020-06-09 00:27:28 - [MESSAGE][PASSED] - Modify property of object successfully

2020-06-09 00:27:28 - [TEST_STEP][PASSED] - com.reusableComponents.HighlightElement.run(modifiedInputNm): com.reusableComponents.HighlightElement.run is PASSED

2020-06-09 00:27:29 - [MESSAGE][PASSED] - com.reusableComponents.HighlightElement.run is PASSED

2020-06-09 00:27:29 - [MESSAGE][PASSED] - Call Test Case 'Test Cases/Components/HighlightInputFieldXPI' successfully

2020-06-09 00:27:29 - [TEST_STEP][PASSED] - callTestCase(findTestCase("PFI Precision and Scale/PFI Components with Indexing/VerifyDropdownValuesXPI"), ["FldNm":"orderTypeCd", "index":1, "CallTCName":"PFI Precision and Scale/HashMap Tables/ConstantHashMap", "cmbNm":"OrderType", ... ], STOP_ON_FAILURE): Call Test Case 'Test Cases/PFI Precision and Scale/PFI Components with Indexing/VerifyDropdownValuesXPI' successfully

2020-06-09 00:27:29 - [TEST_CASE][PASSED] - Test Cases/PFI Precision and Scale/PFI Components with Indexing/VerifyDropdownValuesXPI: Test Cases/PFI Precision and Scale/PFI Components with Indexing/VerifyDropdownValuesXPI

2020-06-09 00:27:29 - [TEST_STEP][PASSED] - Thread.sleep(1000): null

2020-06-09 00:27:30 - [TEST_STEP][PASSED] - NewInputNmField = modifyObjectProperty(findTestObject("Object Repository/Objects.HighlightElements/input_field_index"), "xpath", "equals", "(//*[contains(@name, '" + FldNm + "')])[" + index + "]", true): Modify property of object successfully

2020-06-09 00:27:30 - [MESSAGE][PASSED] - Modify property of object successfully

2020-06-09 00:27:30 - [TEST_STEP][PASSED] - comboNm = cmbNm: null

2020-06-09 00:27:30 - [TEST_STEP][PASSED] - focus(NewInputNmField): Object: 'Object Repository/Objects.HighlightElements/input_field_index' is focused

2020-06-09 00:27:30 - [MESSAGE][PASSED] - Object: 'Object Repository/Objects.HighlightElements/input_field_index' is focused

2020-06-09 00:27:30 - [TEST_STEP][PASSED] - setText(NewInputNmField, EnterValue): Text '' is set on object 'Object Repository/Objects.HighlightElements/input_field_index'

2020-06-09 00:27:30 - [MESSAGE][PASSED] - Text '' is set on object 'Object Repository/Objects.HighlightElements/input_field_index'

2020-06-09 00:27:30 - [TEST_STEP][PASSED] - for ([i = 1, i <= NoOfVal, (i++)]): Keys 'DOWN + ' sent to object: 'Object Repository/Objects.HighlightElements/input_field_index'

2020-06-09 00:27:30 - [TEST_STEP][PASSED] - sendKeys(NewInputNmField, Keys.chord(ARROW_DOWN)): Keys 'DOWN + ' sent to object: 'Object Repository/Objects.HighlightElements/input_field_index'

2020-06-09 00:27:30 - [MESSAGE][PASSED] - Keys 'DOWN + ' sent to object: 'Object Repository/Objects.HighlightElements/input_field_index'

2020-06-09 00:27:30 - [TEST_STEP][PASSED] - delay(DelayTime): Delayed 2 second(s)

2020-06-09 00:27:32 - [MESSAGE][PASSED] - Delayed 2 second(s)

2020-06-09 00:27:32 - [TEST_STEP][PASSED] - sendKeys(NewInputNmField, Keys.chord(ENTER)): Keys 'ENTER + ' sent to object: 'Object Repository/Objects.HighlightElements/input_field_index'

2020-06-09 00:27:32 - [MESSAGE][PASSED] - Keys 'ENTER + ' sent to object: 'Object Repository/Objects.HighlightElements/input_field_index'

2020-06-09 00:27:32 - [TEST_STEP][PASSED] - ComboBoxValue = getAttribute(NewInputNmField, "value"): Attribute 'value' of object 'Object Repository/Objects.HighlightElements/input_field_index' is: ''

2020-06-09 00:27:32 - [MESSAGE][PASSED] - Attribute 'value' of object 'Object Repository/Objects.HighlightElements/input_field_index' is: ''

2020-06-09 00:27:32 - [TEST_STEP][PASSED] - callTestCase(findTestCase(CallTCName), ["FindValue":ComboBoxValue, "DropdownNm":comboNm], STOP_ON_FAILURE): Call Test Case 'Test Cases/PFI Precision and Scale/HashMap Tables/ConstantHashMap' successfully

2020-06-09 00:27:32 - [TEST_CASE][PASSED] - Test Cases/PFI Precision and Scale/HashMap Tables/ConstantHashMap: Test Cases/PFI Precision and Scale/HashMap Tables/ConstantHashMap

2020-06-09 00:27:32 - [TEST_STEP][PASSED] - ConstantTBL = [1:["PeriodType":"Working Day(s)"], 2:["PeriodType":"Calendar Day(s)"], 3:["PeriodType":"Month(s)"], 4:["TypeOfLetter":"T1"], ... ]: null

2020-06-09 00:27:32 - [TEST_STEP][PASSED] - switch (DropdownNm): null

2020-06-09 00:27:32 - [TEST_STEP][PASSED] - case "OrderType":: null

2020-06-09 00:27:32 - [TEST_STEP][PASSED] - ValueFound = ConstantTBL.find({ -> ... }): null

2020-06-09 00:27:32 - [TEST_STEP][PASSED] - break: null

2020-06-09 00:27:32 - [MESSAGE][PASSED] - Call Test Case 'Test Cases/PFI Precision and Scale/HashMap Tables/ConstantHashMap' successfully

2020-06-09 00:27:32 - [TEST_STEP][PASSED] - println(ValueFound): null

2020-06-09 00:27:32 - [TEST_STEP][PASSED] - sendKeys(NewInputNmField, Keys.chord(ARROW_DOWN)): Keys 'DOWN + ' sent to object: 'Object Repository/Objects.HighlightElements/input_field_index'

2020-06-09 00:27:32 - [MESSAGE][PASSED] - Keys 'DOWN + ' sent to object: 'Object Repository/Objects.HighlightElements/input_field_index'

2020-06-09 00:27:32 - [TEST_STEP][PASSED] - sendKeys(NewInputNmField, Keys.chord(ARROW_DOWN)): Keys 'DOWN + ' sent to object: 'Object Repository/Objects.HighlightElements/input_field_index'

2020-06-09 00:27:32 - [MESSAGE][PASSED] - Keys 'DOWN + ' sent to object: 'Object Repository/Objects.HighlightElements/input_field_index'

2020-06-09 00:27:32 - [TEST_STEP][PASSED] - delay(DelayTime): Delayed 2 second(s)

2020-06-09 00:27:34 - [MESSAGE][PASSED] - Delayed 2 second(s)

2020-06-09 00:27:34 - [TEST_STEP][PASSED] - sendKeys(NewInputNmField, Keys.chord(ENTER)): Keys 'ENTER + ' sent to object: 'Object Repository/Objects.HighlightElements/input_field_index'

2020-06-09 00:27:34 - [MESSAGE][PASSED] - Keys 'ENTER + ' sent to object: 'Object Repository/Objects.HighlightElements/input_field_index'

2020-06-09 00:27:34 - [TEST_STEP][PASSED] - ComboBoxValue = getAttribute(NewInputNmField, "value"): Attribute 'value' of object 'Object Repository/Objects.HighlightElements/input_field_index' is: 'Section 13'

2020-06-09 00:27:34 - [MESSAGE][PASSED] - Attribute 'value' of object 'Object Repository/Objects.HighlightElements/input_field_index' is: 'Section 13'

2020-06-09 00:27:34 - [TEST_STEP][PASSED] - callTestCase(findTestCase(CallTCName), ["FindValue":ComboBoxValue, "DropdownNm":comboNm], STOP_ON_FAILURE): Call Test Case 'Test Cases/PFI Precision and Scale/HashMap Tables/ConstantHashMap' successfully

2020-06-09 00:27:35 - [TEST_CASE][PASSED] - Test Cases/PFI Precision and Scale/HashMap Tables/ConstantHashMap: Test Cases/PFI Precision and Scale/HashMap Tables/ConstantHashMap

2020-06-09 00:27:35 - [TEST_STEP][PASSED] - ConstantTBL = [1:["PeriodType":"Working Day(s)"], 2:["PeriodType":"Calendar Day(s)"], 3:["PeriodType":"Month(s)"], 4:["TypeOfLetter":"T1"], ... ]: null

2020-06-09 00:27:35 - [TEST_STEP][PASSED] - switch (DropdownNm): null

2020-06-09 00:27:35 - [TEST_STEP][PASSED] - case "OrderType":: null

2020-06-09 00:27:35 - [TEST_STEP][PASSED] - ValueFound = ConstantTBL.find({ -> ... }): null

2020-06-09 00:27:35 - [TEST_STEP][PASSED] - break: null

2020-06-09 00:27:35 - [MESSAGE][PASSED] - Call Test Case 'Test Cases/PFI Precision and Scale/HashMap Tables/ConstantHashMap' successfully

2020-06-09 00:27:35 - [TEST_STEP][PASSED] - println(ValueFound): null

2020-06-09 00:27:35 - [TEST_STEP][PASSED] - sendKeys(NewInputNmField, Keys.chord(ARROW_DOWN)): Keys 'DOWN + ' sent to object: 'Object Repository/Objects.HighlightElements/input_field_index'

2020-06-09 00:27:35 - [MESSAGE][PASSED] - Keys 'DOWN + ' sent to object: 'Object Repository/Objects.HighlightElements/input_field_index'

2020-06-09 00:27:35 - [TEST_STEP][PASSED] - sendKeys(NewInputNmField, Keys.chord(ARROW_DOWN)): Keys 'DOWN + ' sent to object: 'Object Repository/Objects.HighlightElements/input_field_index'

2020-06-09 00:27:35 - [MESSAGE][PASSED] - Keys 'DOWN + ' sent to object: 'Object Repository/Objects.HighlightElements/input_field_index'

2020-06-09 00:27:35 - [TEST_STEP][PASSED] - delay(DelayTime): Delayed 2 second(s)

2020-06-09 00:27:37 - [MESSAGE][PASSED] - Delayed 2 second(s)

2020-06-09 00:27:37 - [TEST_STEP][PASSED] - sendKeys(NewInputNmField, Keys.chord(ENTER)): Keys 'ENTER + ' sent to object: 'Object Repository/Objects.HighlightElements/input_field_index'

2020-06-09 00:27:37 - [MESSAGE][PASSED] - Keys 'ENTER + ' sent to object: 'Object Repository/Objects.HighlightElements/input_field_index'

2020-06-09 00:27:37 - [TEST_STEP][PASSED] - ComboBoxValue = getAttribute(NewInputNmField, "value"): Attribute 'value' of object 'Object Repository/Objects.HighlightElements/input_field_index' is: 'Section 19'

2020-06-09 00:27:37 - [MESSAGE][PASSED] - Attribute 'value' of object 'Object Repository/Objects.HighlightElements/input_field_index' is: 'Section 19'

2020-06-09 00:27:37 - [TEST_STEP][PASSED] - callTestCase(findTestCase(CallTCName), ["FindValue":ComboBoxValue, "DropdownNm":comboNm], STOP_ON_FAILURE): Call Test Case 'Test Cases/PFI Precision and Scale/HashMap Tables/ConstantHashMap' successfully

2020-06-09 00:27:37 - [TEST_CASE][PASSED] - Test Cases/PFI Precision and Scale/HashMap Tables/ConstantHashMap: Test Cases/PFI Precision and Scale/HashMap Tables/ConstantHashMap

2020-06-09 00:27:37 - [TEST_STEP][PASSED] - ConstantTBL = [1:["PeriodType":"Working Day(s)"], 2:["PeriodType":"Calendar Day(s)"], 3:["PeriodType":"Month(s)"], 4:["TypeOfLetter":"T1"], ... ]: null

2020-06-09 00:27:37 - [TEST_STEP][PASSED] - switch (DropdownNm): null

2020-06-09 00:27:37 - [TEST_STEP][PASSED] - case "OrderType":: null

2020-06-09 00:27:37 - [TEST_STEP][PASSED] - ValueFound = ConstantTBL.find({ -> ... }): null

2020-06-09 00:27:37 - [TEST_STEP][PASSED] - break: null

2020-06-09 00:27:37 - [MESSAGE][PASSED] - Call Test Case 'Test Cases/PFI Precision and Scale/HashMap Tables/ConstantHashMap' successfully

2020-06-09 00:27:37 - [TEST_STEP][PASSED] - println(ValueFound): null

2020-06-09 00:27:37 - [TEST_STEP][PASSED] - sendKeys(NewInputNmField, Keys.chord(ARROW_DOWN)): Keys 'DOWN + ' sent to object: 'Object Repository/Objects.HighlightElements/input_field_index'

2020-06-09 00:27:37 - [MESSAGE][PASSED] - Keys 'DOWN + ' sent to object: 'Object Repository/Objects.HighlightElements/input_field_index'

2020-06-09 00:27:37 - [TEST_STEP][PASSED] - sendKeys(NewInputNmField, Keys.chord(ARROW_DOWN)): Keys 'DOWN + ' sent to object: 'Object Repository/Objects.HighlightElements/input_field_index'

2020-06-09 00:27:37 - [MESSAGE][PASSED] - Keys 'DOWN + ' sent to object: 'Object Repository/Objects.HighlightElements/input_field_index'

2020-06-09 00:27:37 - [TEST_STEP][PASSED] - delay(DelayTime): Delayed 2 second(s)

2020-06-09 00:27:39 - [MESSAGE][PASSED] - Delayed 2 second(s)

2020-06-09 00:27:39 - [TEST_STEP][PASSED] - sendKeys(NewInputNmField, Keys.chord(ENTER)): Keys 'ENTER + ' sent to object: 'Object Repository/Objects.HighlightElements/input_field_index'

2020-06-09 00:27:39 - [MESSAGE][PASSED] - Keys 'ENTER + ' sent to object: 'Object Repository/Objects.HighlightElements/input_field_index'

2020-06-09 00:27:39 - [TEST_STEP][PASSED] - ComboBoxValue = getAttribute(NewInputNmField, "value"): Attribute 'value' of object 'Object Repository/Objects.HighlightElements/input_field_index' is: 'Section 25'

2020-06-09 00:27:39 - [MESSAGE][PASSED] - Attribute 'value' of object 'Object Repository/Objects.HighlightElements/input_field_index' is: 'Section 25'

2020-06-09 00:27:39 - [TEST_STEP][PASSED] - callTestCase(findTestCase(CallTCName), ["FindValue":ComboBoxValue, "DropdownNm":comboNm], STOP_ON_FAILURE): Call Test Case 'Test Cases/PFI Precision and Scale/HashMap Tables/ConstantHashMap' successfully

2020-06-09 00:27:39 - [TEST_CASE][PASSED] - Test Cases/PFI Precision and Scale/HashMap Tables/ConstantHashMap: Test Cases/PFI Precision and Scale/HashMap Tables/ConstantHashMap

2020-06-09 00:27:39 - [TEST_STEP][PASSED] - ConstantTBL = [1:["PeriodType":"Working Day(s)"], 2:["PeriodType":"Calendar Day(s)"], 3:["PeriodType":"Month(s)"], 4:["TypeOfLetter":"T1"], ... ]: null

2020-06-09 00:27:39 - [TEST_STEP][PASSED] - switch (DropdownNm): null

2020-06-09 00:27:39 - [TEST_STEP][PASSED] - case "OrderType":: null

2020-06-09 00:27:39 - [TEST_STEP][PASSED] - ValueFound = ConstantTBL.find({ -> ... }): null

2020-06-09 00:27:39 - [TEST_STEP][PASSED] - break: null

2020-06-09 00:27:39 - [MESSAGE][PASSED] - Call Test Case 'Test Cases/PFI Precision and Scale/HashMap Tables/ConstantHashMap' successfully

2020-06-09 00:27:39 - [TEST_STEP][PASSED] - println(ValueFound): null

2020-06-09 00:27:39 - [TEST_STEP][PASSED] - sendKeys(NewInputNmField, Keys.chord(ARROW_DOWN)): Keys 'DOWN + ' sent to object: 'Object Repository/Objects.HighlightElements/input_field_index'

2020-06-09 00:27:39 - [MESSAGE][PASSED] - Keys 'DOWN + ' sent to object: 'Object Repository/Objects.HighlightElements/input_field_index'

2020-06-09 00:27:39 - [TEST_STEP][PASSED] - sendKeys(NewInputNmField, Keys.chord(ARROW_DOWN)): Keys 'DOWN + ' sent to object: 'Object Repository/Objects.HighlightElements/input_field_index'

2020-06-09 00:27:39 - [MESSAGE][PASSED] - Keys 'DOWN + ' sent to object: 'Object Repository/Objects.HighlightElements/input_field_index'

2020-06-09 00:27:39 - [TEST_STEP][PASSED] - delay(DelayTime): Delayed 2 second(s)

2020-06-09 00:27:41 - [MESSAGE][PASSED] - Delayed 2 second(s)

2020-06-09 00:27:41 - [TEST_STEP][PASSED] - sendKeys(NewInputNmField, Keys.chord(ENTER)): Keys 'ENTER + ' sent to object: 'Object Repository/Objects.HighlightElements/input_field_index'

2020-06-09 00:27:41 - [MESSAGE][PASSED] - Keys 'ENTER + ' sent to object: 'Object Repository/Objects.HighlightElements/input_field_index'

2020-06-09 00:27:41 - [TEST_STEP][PASSED] - ComboBoxValue = getAttribute(NewInputNmField, "value"): Attribute 'value' of object 'Object Repository/Objects.HighlightElements/input_field_index' is: 'Section 43'

2020-06-09 00:27:41 - [MESSAGE][PASSED] - Attribute 'value' of object 'Object Repository/Objects.HighlightElements/input_field_index' is: 'Section 43'

2020-06-09 00:27:41 - [TEST_STEP][PASSED] - callTestCase(findTestCase(CallTCName), ["FindValue":ComboBoxValue, "DropdownNm":comboNm], STOP_ON_FAILURE): Call Test Case 'Test Cases/PFI Precision and Scale/HashMap Tables/ConstantHashMap' successfully

2020-06-09 00:27:41 - [TEST_CASE][PASSED] - Test Cases/PFI Precision and Scale/HashMap Tables/ConstantHashMap: Test Cases/PFI Precision and Scale/HashMap Tables/ConstantHashMap

2020-06-09 00:27:41 - [TEST_STEP][PASSED] - ConstantTBL = [1:["PeriodType":"Working Day(s)"], 2:["PeriodType":"Calendar Day(s)"], 3:["PeriodType":"Month(s)"], 4:["TypeOfLetter":"T1"], ... ]: null

2020-06-09 00:27:41 - [TEST_STEP][PASSED] - switch (DropdownNm): null

2020-06-09 00:27:41 - [TEST_STEP][PASSED] - case "OrderType":: null

2020-06-09 00:27:41 - [TEST_STEP][PASSED] - ValueFound = ConstantTBL.find({ -> ... }): null

2020-06-09 00:27:41 - [TEST_STEP][PASSED] - break: null

2020-06-09 00:27:41 - [MESSAGE][PASSED] - Call Test Case 'Test Cases/PFI Precision and Scale/HashMap Tables/ConstantHashMap' successfully

2020-06-09 00:27:41 - [TEST_STEP][PASSED] - println(ValueFound): null

2020-06-09 00:27:41 - [TEST_STEP][PASSED] - sendKeys(NewInputNmField, Keys.chord(ARROW_DOWN)): Keys 'DOWN + ' sent to object: 'Object Repository/Objects.HighlightElements/input_field_index'

2020-06-09 00:27:41 - [MESSAGE][PASSED] - Keys 'DOWN + ' sent to object: 'Object Repository/Objects.HighlightElements/input_field_index'

2020-06-09 00:27:41 - [TEST_STEP][PASSED] - sendKeys(NewInputNmField, Keys.chord(ARROW_DOWN)): Keys 'DOWN + ' sent to object: 'Object Repository/Objects.HighlightElements/input_field_index'

2020-06-09 00:27:41 - [MESSAGE][PASSED] - Keys 'DOWN + ' sent to object: 'Object Repository/Objects.HighlightElements/input_field_index'

2020-06-09 00:27:41 - [TEST_STEP][PASSED] - delay(DelayTime): Delayed 2 second(s)

2020-06-09 00:27:43 - [MESSAGE][PASSED] - Delayed 2 second(s)

2020-06-09 00:27:43 - [TEST_STEP][PASSED] - sendKeys(NewInputNmField, Keys.chord(ENTER)): Keys 'ENTER + ' sent to object: 'Object Repository/Objects.HighlightElements/input_field_index'

2020-06-09 00:27:43 - [MESSAGE][PASSED] - Keys 'ENTER + ' sent to object: 'Object Repository/Objects.HighlightElements/input_field_index'

2020-06-09 00:27:43 - [TEST_STEP][PASSED] - ComboBoxValue = getAttribute(NewInputNmField, "value"): Attribute 'value' of object 'Object Repository/Objects.HighlightElements/input_field_index' is: 'Section 5'

2020-06-09 00:27:43 - [MESSAGE][PASSED] - Attribute 'value' of object 'Object Repository/Objects.HighlightElements/input_field_index' is: 'Section 5'

2020-06-09 00:27:43 - [TEST_STEP][PASSED] - callTestCase(findTestCase(CallTCName), ["FindValue":ComboBoxValue, "DropdownNm":comboNm], STOP_ON_FAILURE): Call Test Case 'Test Cases/PFI Precision and Scale/HashMap Tables/ConstantHashMap' successfully

2020-06-09 00:27:43 - [TEST_CASE][PASSED] - Test Cases/PFI Precision and Scale/HashMap Tables/ConstantHashMap: Test Cases/PFI Precision and Scale/HashMap Tables/ConstantHashMap

2020-06-09 00:27:43 - [TEST_STEP][PASSED] - ConstantTBL = [1:["PeriodType":"Working Day(s)"], 2:["PeriodType":"Calendar Day(s)"], 3:["PeriodType":"Month(s)"], 4:["TypeOfLetter":"T1"], ... ]: null

2020-06-09 00:27:43 - [TEST_STEP][PASSED] - switch (DropdownNm): null

2020-06-09 00:27:43 - [TEST_STEP][PASSED] - case "OrderType":: null

2020-06-09 00:27:43 - [TEST_STEP][PASSED] - ValueFound = ConstantTBL.find({ -> ... }): null

2020-06-09 00:27:43 - [TEST_STEP][PASSED] - break: null

2020-06-09 00:27:43 - [MESSAGE][PASSED] - Call Test Case 'Test Cases/PFI Precision and Scale/HashMap Tables/ConstantHashMap' successfully

2020-06-09 00:27:43 - [TEST_STEP][PASSED] - println(ValueFound): null

2020-06-09 00:27:43 - [TEST_STEP][PASSED] - sendKeys(NewInputNmField, Keys.chord(ARROW_DOWN)): Keys 'DOWN + ' sent to object: 'Object Repository/Objects.HighlightElements/input_field_index'

2020-06-09 00:27:44 - [MESSAGE][PASSED] - Keys 'DOWN + ' sent to object: 'Object Repository/Objects.HighlightElements/input_field_index'

2020-06-09 00:27:44 - [TEST_STEP][PASSED] - sendKeys(NewInputNmField, Keys.chord(ARROW_DOWN)): Keys 'DOWN + ' sent to object: 'Object Repository/Objects.HighlightElements/input_field_index'

2020-06-09 00:27:44 - [MESSAGE][PASSED] - Keys 'DOWN + ' sent to object: 'Object Repository/Objects.HighlightElements/input_field_index'

2020-06-09 00:27:44 - [TEST_STEP][PASSED] - delay(DelayTime): Delayed 2 second(s)

2020-06-09 00:27:46 - [MESSAGE][PASSED] - Delayed 2 second(s)

2020-06-09 00:27:46 - [TEST_STEP][PASSED] - sendKeys(NewInputNmField, Keys.chord(ENTER)): Keys 'ENTER + ' sent to object: 'Object Repository/Objects.HighlightElements/input_field_index'

2020-06-09 00:27:46 - [MESSAGE][PASSED] - Keys 'ENTER + ' sent to object: 'Object Repository/Objects.HighlightElements/input_field_index'

2020-06-09 00:27:46 - [TEST_STEP][PASSED] - ComboBoxValue = getAttribute(NewInputNmField, "value"): Attribute 'value' of object 'Object Repository/Objects.HighlightElements/input_field_index' is: 'Section 23 '

2020-06-09 00:27:46 - [MESSAGE][PASSED] - Attribute 'value' of object 'Object Repository/Objects.HighlightElements/input_field_index' is: 'Section 23 '

2020-06-09 00:27:46 - [TEST_STEP][PASSED] - callTestCase(findTestCase(CallTCName), ["FindValue":ComboBoxValue, "DropdownNm":comboNm], STOP_ON_FAILURE): Call Test Case 'Test Cases/PFI Precision and Scale/HashMap Tables/ConstantHashMap' successfully

2020-06-09 00:27:46 - [TEST_CASE][PASSED] - Test Cases/PFI Precision and Scale/HashMap Tables/ConstantHashMap: Test Cases/PFI Precision and Scale/HashMap Tables/ConstantHashMap

2020-06-09 00:27:46 - [TEST_STEP][PASSED] - ConstantTBL = [1:["PeriodType":"Working Day(s)"], 2:["PeriodType":"Calendar Day(s)"], 3:["PeriodType":"Month(s)"], 4:["TypeOfLetter":"T1"], ... ]: null

2020-06-09 00:27:46 - [TEST_STEP][PASSED] - switch (DropdownNm): null

2020-06-09 00:27:46 - [TEST_STEP][PASSED] - case "OrderType":: null

2020-06-09 00:27:46 - [TEST_STEP][PASSED] - ValueFound = ConstantTBL.find({ -> ... }): null

2020-06-09 00:27:46 - [TEST_STEP][PASSED] - break: null

2020-06-09 00:27:46 - [MESSAGE][PASSED] - Call Test Case 'Test Cases/PFI Precision and Scale/HashMap Tables/ConstantHashMap' successfully

2020-06-09 00:27:46 - [TEST_STEP][PASSED] - println(ValueFound): null

2020-06-09 00:27:46 - [TEST_STEP][PASSED] - sendKeys(NewInputNmField, Keys.chord(ARROW_DOWN)): Keys 'DOWN + ' sent to object: 'Object Repository/Objects.HighlightElements/input_field_index'

2020-06-09 00:27:46 - [MESSAGE][PASSED] - Keys 'DOWN + ' sent to object: 'Object Repository/Objects.HighlightElements/input_field_index'

2020-06-09 00:27:46 - [TEST_STEP][PASSED] - sendKeys(NewInputNmField, Keys.chord(ARROW_DOWN)): Keys 'DOWN + ' sent to object: 'Object Repository/Objects.HighlightElements/input_field_index'

2020-06-09 00:27:46 - [MESSAGE][PASSED] - Keys 'DOWN + ' sent to object: 'Object Repository/Objects.HighlightElements/input_field_index'

2020-06-09 00:27:46 - [TEST_STEP][PASSED] - delay(DelayTime): Delayed 2 second(s)

2020-06-09 00:27:48 - [MESSAGE][PASSED] - Delayed 2 second(s)

2020-06-09 00:27:48 - [TEST_STEP][PASSED] - sendKeys(NewInputNmField, Keys.chord(ENTER)): Keys 'ENTER + ' sent to object: 'Object Repository/Objects.HighlightElements/input_field_index'

2020-06-09 00:27:48 - [MESSAGE][PASSED] - Keys 'ENTER + ' sent to object: 'Object Repository/Objects.HighlightElements/input_field_index'

2020-06-09 00:27:48 - [TEST_STEP][PASSED] - ComboBoxValue = getAttribute(NewInputNmField, "value"): Attribute 'value' of object 'Object Repository/Objects.HighlightElements/input_field_index' is: 'Section 24'

2020-06-09 00:27:48 - [MESSAGE][PASSED] - Attribute 'value' of object 'Object Repository/Objects.HighlightElements/input_field_index' is: 'Section 24'

2020-06-09 00:27:48 - [TEST_STEP][PASSED] - callTestCase(findTestCase(CallTCName), ["FindValue":ComboBoxValue, "DropdownNm":comboNm], STOP_ON_FAILURE): Call Test Case 'Test Cases/PFI Precision and Scale/HashMap Tables/ConstantHashMap' successfully

2020-06-09 00:27:48 - [TEST_CASE][PASSED] - Test Cases/PFI Precision and Scale/HashMap Tables/ConstantHashMap: Test Cases/PFI Precision and Scale/HashMap Tables/ConstantHashMap

2020-06-09 00:27:48 - [TEST_STEP][PASSED] - ConstantTBL = [1:["PeriodType":"Working Day(s)"], 2:["PeriodType":"Calendar Day(s)"], 3:["PeriodType":"Month(s)"], 4:["TypeOfLetter":"T1"], ... ]: null

2020-06-09 00:27:48 - [TEST_STEP][PASSED] - switch (DropdownNm): null

2020-06-09 00:27:48 - [TEST_STEP][PASSED] - case "OrderType":: null

2020-06-09 00:27:48 - [TEST_STEP][PASSED] - ValueFound = ConstantTBL.find({ -> ... }): null

2020-06-09 00:27:48 - [TEST_STEP][PASSED] - break: null

2020-06-09 00:27:48 - [MESSAGE][PASSED] - Call Test Case 'Test Cases/PFI Precision and Scale/HashMap Tables/ConstantHashMap' successfully

2020-06-09 00:27:48 - [TEST_STEP][PASSED] - println(ValueFound): null

2020-06-09 00:27:48 - [TEST_STEP][PASSED] - sendKeys(NewInputNmField, Keys.chord(ARROW_DOWN)): Keys 'DOWN + ' sent to object: 'Object Repository/Objects.HighlightElements/input_field_index'

2020-06-09 00:27:48 - [MESSAGE][PASSED] - Keys 'DOWN + ' sent to object: 'Object Repository/Objects.HighlightElements/input_field_index'

2020-06-09 00:27:48 - [TEST_STEP][PASSED] - sendKeys(NewInputNmField, Keys.chord(ENTER)): Keys 'ENTER + ' sent to object: 'Object Repository/Objects.HighlightElements/input_field_index'

2020-06-09 00:27:48 - [MESSAGE][PASSED] - Keys 'ENTER + ' sent to object: 'Object Repository/Objects.HighlightElements/input_field_index'

2020-06-09 00:27:48 - [MESSAGE][PASSED] - Call Test Case 'Test Cases/PFI Precision and Scale/PFI Components with Indexing/VerifyDropdownValuesXPI' successfully

2020-06-09 00:27:48 - [TEST_STEP][PASSED] - callTestCase(findTestCase("Components/HighlightLabelFieldXPI"), ["LblName":"Bldg Grp Id", "index":1], STOP_ON_FAILURE): Call Test Case 'Test Cases/Components/HighlightLabelFieldXPI' successfully

2020-06-09 00:27:48 - [TEST_CASE][PASSED] - Test Cases/Components/HighlightLabelFieldXPI: Test Cases/Components/HighlightLabelFieldXPI

2020-06-09 00:27:48 - [TEST_STEP][PASSED] - Thread.sleep(1000): null

2020-06-09 00:27:49 - [TEST_STEP][PASSED] - modifiedLblNm = modifyObjectProperty(findTestObject("Object Repository/Objects.HighlightElements/lblField_index"), "xpath", "equals", "(//*[contains(@class, 'x-form-item-label-inner x-form-item-label-inner-default') and contains(., '" + LblName + "')])[" + index + "]", true): Modify property of object successfully

2020-06-09 00:27:49 - [MESSAGE][PASSED] - Modify property of object successfully

2020-06-09 00:27:49 - [TEST_STEP][PASSED] - com.reusableComponents.HighlightElement.run(modifiedLblNm): com.reusableComponents.HighlightElement.run is PASSED

2020-06-09 00:27:50 - [MESSAGE][PASSED] - com.reusableComponents.HighlightElement.run is PASSED

2020-06-09 00:27:50 - [MESSAGE][PASSED] - Call Test Case 'Test Cases/Components/HighlightLabelFieldXPI' successfully

2020-06-09 00:27:50 - [TEST_STEP][PASSED] - callTestCase(findTestCase("Components/HighlightInputFieldXPI"), ["FldNm":"bldgGrpId", "index":1], STOP_ON_FAILURE): Call Test Case 'Test Cases/Components/HighlightInputFieldXPI' successfully

2020-06-09 00:27:50 - [TEST_CASE][PASSED] - Test Cases/Components/HighlightInputFieldXPI: Test Cases/Components/HighlightInputFieldXPI

2020-06-09 00:27:50 - [TEST_STEP][PASSED] - Thread.sleep(1000): null

2020-06-09 00:27:51 - [TEST_STEP][PASSED] - modifiedInputNm = modifyObjectProperty(findTestObject("Object Repository/Objects.HighlightElements/input_field_index"), "xpath", "equals", "(//*[contains(@name, '" + FldNm + "')])[" + index + "]", true): Modify property of object successfully

2020-06-09 00:27:51 - [MESSAGE][PASSED] - Modify property of object successfully

2020-06-09 00:27:51 - [TEST_STEP][PASSED] - com.reusableComponents.HighlightElement.run(modifiedInputNm): com.reusableComponents.HighlightElement.run is PASSED

2020-06-09 00:27:51 - [MESSAGE][PASSED] - com.reusableComponents.HighlightElement.run is PASSED

2020-06-09 00:27:51 - [MESSAGE][PASSED] - Call Test Case 'Test Cases/Components/HighlightInputFieldXPI' successfully

2020-06-09 00:27:51 - [TEST_STEP][PASSED] - callTestCase(findTestCase("PFI Precision and Scale/PFI Components with Indexing/VerifyDefaultValueIndex"), ["FieldNm":"bldgGrpId", "index":1, "labelNm":"Group Building ID:", "i":1], STOP_ON_FAILURE): Call Test Case 'Test Cases/PFI Precision and Scale/PFI Components with Indexing/VerifyDefaultValueIndex' successfully

2020-06-09 00:27:51 - [TEST_CASE][PASSED] - Test Cases/PFI Precision and Scale/PFI Components with Indexing/VerifyDefaultValueIndex: Test Cases/PFI Precision and Scale/PFI Components with Indexing/VerifyDefaultValueIndex

2020-06-09 00:27:51 - [TEST_STEP][PASSED] - Thread.sleep(1000): null

2020-06-09 00:27:52 - [TEST_STEP][PASSED] - DefaultValueHM = ["periodType":"Working Day(s)", "noOfDays":"14", "inspWeight":"1", "inspModule":"PSI", "inspCaseType":"PSI Processing (SM)"]: null

2020-06-09 00:27:52 - [TEST_STEP][PASSED] - NewFieldNm = modifyObjectProperty(findTestObject("Object Repository/Objects.HighlightElements/input_field_index"), "xpath", "equals", "(//*[contains(@name,'" + FieldNm + "')])[" + index + "]", true): Modify property of object successfully

2020-06-09 00:27:52 - [MESSAGE][PASSED] - Modify property of object successfully

2020-06-09 00:27:52 - [TEST_STEP][PASSED] - focus(NewFieldNm): Object: 'Object Repository/Objects.HighlightElements/input_field_index' is focused

2020-06-09 00:27:52 - [MESSAGE][PASSED] - Object: 'Object Repository/Objects.HighlightElements/input_field_index' is focused

2020-06-09 00:27:52 - [TEST_STEP][PASSED] - DefVal = getAttribute(NewFieldNm, "value", STOP_ON_FAILURE): Attribute 'value' of object 'Object Repository/Objects.HighlightElements/input_field_index' is: 'BG 2006-08-03754'

2020-06-09 00:27:52 - [MESSAGE][PASSED] - Attribute 'value' of object 'Object Repository/Objects.HighlightElements/input_field_index' is: 'BG 2006-08-03754'

2020-06-09 00:27:52 - [TEST_STEP][PASSED] - switch (FieldNm): null

2020-06-09 00:27:52 - [TEST_STEP][PASSED] - case "bldgGrpId":: null

2020-06-09 00:27:52 - [TEST_STEP][PASSED] - callTestCase(findTestCase("Components/NavigateToAnyLHS"), ["LHS":"Summary"], STOP_ON_FAILURE): Call Test Case 'Test Cases/Components/NavigateToAnyLHS' successfully

2020-06-09 00:27:52 - [TEST_CASE][PASSED] - Test Cases/Components/NavigateToAnyLHS: Test Cases/Components/NavigateToAnyLHS

2020-06-09 00:27:52 - [TEST_STEP][PASSED] - Thread.sleep(1000): null

2020-06-09 00:27:53 - [TEST_STEP][PASSED] - modifiedLHS = modifyObjectProperty(findTestObject("Objects.NavigateToAnyLHS/Page_ISPS2/LHSToModify"), "text", "equals", LHS, true): Modify property of object successfully

2020-06-09 00:27:53 - [MESSAGE][PASSED] - Modify property of object successfully

2020-06-09 00:27:53 - [TEST_STEP][PASSED] - click(modifiedLHS): Object: 'Object Repository/Objects.NavigateToAnyLHS/Page_ISPS2/LHSToModify' is clicked on

2020-06-09 00:27:54 - [MESSAGE][PASSED] - Object: 'Object Repository/Objects.NavigateToAnyLHS/Page_ISPS2/LHSToModify' is clicked on

2020-06-09 00:27:54 - [TEST_STEP][PASSED] - currentLHS = getText(modifiedLHS): Text of object 'Object Repository/Objects.NavigateToAnyLHS/Page_ISPS2/LHSToModify' is: 'Summary'

2020-06-09 00:27:54 - [MESSAGE][PASSED] - Text of object 'Object Repository/Objects.NavigateToAnyLHS/Page_ISPS2/LHSToModify' is: 'Summary'

2020-06-09 00:27:54 - [TEST_STEP][PASSED] - Thread.sleep(5000): null

2020-06-09 00:27:59 - [MESSAGE][PASSED] - Call Test Case 'Test Cases/Components/NavigateToAnyLHS' successfully

2020-06-09 00:27:59 - [TEST_STEP][PASSED] - modifiedLabelFld = modifyObjectProperty(NewFieldNm, "xpath", "equals", "//*[text()='" + labelNm + "']//following::div[" + i + "]", true): Modify property of object successfully

2020-06-09 00:27:59 - [MESSAGE][PASSED] - Modify property of object successfully

2020-06-09 00:27:59 - [TEST_STEP][PASSED] - BldgID = getText(modifiedLabelFld): Text of object 'Object Repository/Objects.HighlightElements/input_field_index' is: 'BG 2006-08-03754'

2020-06-09 00:27:59 - [MESSAGE][PASSED] - Text of object 'Object Repository/Objects.HighlightElements/input_field_index' is: 'BG 2006-08-03754'

2020-06-09 00:27:59 - [TEST_STEP][PASSED] - com.reusableComponents.HighlightElement.run(modifiedLabelFld): com.reusableComponents.HighlightElement.run is PASSED

2020-06-09 00:27:59 - [MESSAGE][PASSED] - com.reusableComponents.HighlightElement.run is PASSED

2020-06-09 00:27:59 - [TEST_STEP][PASSED] - verifyMatch(DefVal, BldgID, true, STOP_ON_FAILURE): Actual text 'BG 2006-08-03754' and expected text 'BG 2006-08-03754' are matched  using regular expression

2020-06-09 00:27:59 - [MESSAGE][PASSED] - Actual text 'BG 2006-08-03754' and expected text 'BG 2006-08-03754' are matched  using regular expression

2020-06-09 00:27:59 - [TEST_STEP][PASSED] - callTestCase(findTestCase("Components/NavigateToAnyLHS"), ["LHS":"Court Actions"], STOP_ON_FAILURE): Call Test Case 'Test Cases/Components/NavigateToAnyLHS' successfully

2020-06-09 00:27:59 - [TEST_CASE][PASSED] - Test Cases/Components/NavigateToAnyLHS: Test Cases/Components/NavigateToAnyLHS

2020-06-09 00:27:59 - [TEST_STEP][PASSED] - Thread.sleep(1000): null

2020-06-09 00:28:00 - [TEST_STEP][PASSED] - modifiedLHS = modifyObjectProperty(findTestObject("Objects.NavigateToAnyLHS/Page_ISPS2/LHSToModify"), "text", "equals", LHS, true): Modify property of object successfully

2020-06-09 00:28:00 - [MESSAGE][PASSED] - Modify property of object successfully

2020-06-09 00:28:00 - [TEST_STEP][PASSED] - click(modifiedLHS): Object: 'Object Repository/Objects.NavigateToAnyLHS/Page_ISPS2/LHSToModify' is clicked on

2020-06-09 00:28:00 - [MESSAGE][PASSED] - Object: 'Object Repository/Objects.NavigateToAnyLHS/Page_ISPS2/LHSToModify' is clicked on

2020-06-09 00:28:00 - [TEST_STEP][PASSED] - currentLHS = getText(modifiedLHS): Text of object 'Object Repository/Objects.NavigateToAnyLHS/Page_ISPS2/LHSToModify' is: 'Court Actions'

2020-06-09 00:28:01 - [MESSAGE][PASSED] - Text of object 'Object Repository/Objects.NavigateToAnyLHS/Page_ISPS2/LHSToModify' is: 'Court Actions'

2020-06-09 00:28:01 - [TEST_STEP][PASSED] - Thread.sleep(5000): null

2020-06-09 00:28:06 - [MESSAGE][PASSED] - Call Test Case 'Test Cases/Components/NavigateToAnyLHS' successfully

2020-06-09 00:28:06 - [TEST_STEP][PASSED] - break: null

2020-06-09 00:28:06 - [MESSAGE][PASSED] - Call Test Case 'Test Cases/PFI Precision and Scale/PFI Components with Indexing/VerifyDefaultValueIndex' successfully

2020-06-09 00:28:06 - [TEST_STEP][PASSED] - callTestCase(findTestCase("Components/SelectAllThenDeleteXPI"), ["nameToBeUsed":"bldgGrpId", "index":1], STOP_ON_FAILURE): Call Test Case 'Test Cases/Components/SelectAllThenDeleteXPI' successfully

2020-06-09 00:28:06 - [TEST_CASE][PASSED] - Test Cases/Components/SelectAllThenDeleteXPI: Test Cases/Components/SelectAllThenDeleteXPI

2020-06-09 00:28:06 - [TEST_STEP][PASSED] - Thread.sleep(1000): null

2020-06-09 00:28:07 - [TEST_STEP][PASSED] - modifiedObj = modifyObjectProperty(findTestObject("Object Repository/Objects.HighlightElements/input_field_index"), "xpath", "equals", "(//*[contains(@name,'" + nameToBeUsed + "')])[" + index + "]", true): Modify property of object successfully

2020-06-09 00:28:07 - [MESSAGE][PASSED] - Modify property of object successfully

2020-06-09 00:28:07 - [TEST_STEP][PASSED] - focus(modifiedObj): Object: 'Object Repository/Objects.HighlightElements/input_field_index' is focused

2020-06-09 00:28:07 - [MESSAGE][PASSED] - Object: 'Object Repository/Objects.HighlightElements/input_field_index' is focused

2020-06-09 00:28:07 - [TEST_STEP][PASSED] - sendKeys(modifiedObj, Keys.chord(CONTROL, "a")): Keys 'CONTROL + a' sent to object: 'Object Repository/Objects.HighlightElements/input_field_index'

2020-06-09 00:28:07 - [MESSAGE][PASSED] - Keys 'CONTROL + a' sent to object: 'Object Repository/Objects.HighlightElements/input_field_index'

2020-06-09 00:28:07 - [TEST_STEP][PASSED] - sendKeys(modifiedObj, Keys.chord(DELETE)): Keys 'DELETE + ' sent to object: 'Object Repository/Objects.HighlightElements/input_field_index'

2020-06-09 00:28:07 - [MESSAGE][PASSED] - Keys 'DELETE + ' sent to object: 'Object Repository/Objects.HighlightElements/input_field_index'

2020-06-09 00:28:07 - [MESSAGE][PASSED] - Call Test Case 'Test Cases/Components/SelectAllThenDeleteXPI' successfully

2020-06-09 00:28:07 - [TEST_STEP][PASSED] - callTestCase(findTestCase("PFI Precision and Scale/PFI Components with Indexing/AlphaNumericSpecialValidationIndex"), ["FldNm":"bldgGrpId", "LenChar":10, "index":1], STOP_ON_FAILURE): Call Test Case 'Test Cases/PFI Precision and Scale/PFI Components with Indexing/AlphaNumericSpecialValidationIndex' successfully

2020-06-09 00:28:07 - [TEST_CASE][PASSED] - Test Cases/PFI Precision and Scale/PFI Components with Indexing/AlphaNumericSpecialValidationIndex: Test Cases/PFI Precision and Scale/PFI Components with Indexing/AlphaNumericSpecialValidationIndex

2020-06-09 00:28:07 - [TEST_STEP][PASSED] - charset = /?><"".join(): null

2020-06-09 00:28:07 - [TEST_STEP][PASSED] - AlphaNumeric = 9).join(): null

2020-06-09 00:28:07 - [TEST_STEP][PASSED] - SpecialChar = "`~!@#$%^&*()-=+_{}|\][;'":,./?><"": null

2020-06-09 00:28:07 - [TEST_STEP][PASSED] - RandomString = RandomStringUtils.random(LenChar, AlphaNumeric.toCharArray()): null

2020-06-09 00:28:07 - [TEST_STEP][PASSED] - RdmSpChar = RandomStringUtils.random(LenChar, SpecialChar): null

2020-06-09 00:28:07 - [TEST_STEP][PASSED] - regexPat = Pattern.compile("^[A-Za-z0-9 ]+$"): null

2020-06-09 00:28:07 - [TEST_STEP][PASSED] - NewInputNmField = modifyObjectProperty(findTestObject("Object Repository/Objects.HighlightElements/input_field_index"), "xpath", "equals", "(//*[contains(@class,'x-form-text') and (@name='" + FldNm + "')])[" + index + "]", true): Modify property of object successfully

2020-06-09 00:28:07 - [MESSAGE][PASSED] - Modify property of object successfully

2020-06-09 00:28:07 - [TEST_STEP][PASSED] - setText(NewInputNmField, RandomString): Text '0pRUl8y6DN' is set on object 'Object Repository/Objects.HighlightElements/input_field_index'

2020-06-09 00:28:07 - [MESSAGE][PASSED] - Text '0pRUl8y6DN' is set on object 'Object Repository/Objects.HighlightElements/input_field_index'

2020-06-09 00:28:07 - [TEST_STEP][PASSED] - RemarksAN = getAttribute(NewInputNmField, "value"): Attribute 'value' of object 'Object Repository/Objects.HighlightElements/input_field_index' is: '0pRUl8y6DN'

2020-06-09 00:28:07 - [MESSAGE][PASSED] - Attribute 'value' of object 'Object Repository/Objects.HighlightElements/input_field_index' is: '0pRUl8y6DN'

2020-06-09 00:28:07 - [TEST_STEP][PASSED] - matchStr = regexPat.matcher(RemarksAN): null

2020-06-09 00:28:07 - [TEST_STEP][PASSED] - if (matchStr.matches() == true): Accepting Alphanumeric

2020-06-09 00:28:07 - [TEST_STEP][PASSED] - comment("Accepting Alphanumeric"): Accepting Alphanumeric

2020-06-09 00:28:07 - [MESSAGE][INFO] - Accepting Alphanumeric

2020-06-09 00:28:07 - [TEST_STEP][PASSED] - setText(NewInputNmField, RdmSpChar): Text '#<+\{/)|`$' is set on object 'Object Repository/Objects.HighlightElements/input_field_index'

2020-06-09 00:28:08 - [MESSAGE][PASSED] - Text '#<+\{/)|`$' is set on object 'Object Repository/Objects.HighlightElements/input_field_index'

2020-06-09 00:28:08 - [TEST_STEP][PASSED] - RemarksSpChar = getAttribute(NewInputNmField, "value"): Attribute 'value' of object 'Object Repository/Objects.HighlightElements/input_field_index' is: '#<+\{/)|`$'

2020-06-09 00:28:08 - [MESSAGE][PASSED] - Attribute 'value' of object 'Object Repository/Objects.HighlightElements/input_field_index' is: '#<+\{/)|`$'

2020-06-09 00:28:08 - [TEST_STEP][PASSED] - matchSp = regexPat.matcher(RemarksSpChar): null

2020-06-09 00:28:08 - [TEST_STEP][PASSED] - if (matchSp.matches() == false): Accepting Special Characters

2020-06-09 00:28:08 - [TEST_STEP][PASSED] - comment("Accepting Special Characters"): Accepting Special Characters

2020-06-09 00:28:08 - [MESSAGE][INFO] - Accepting Special Characters

2020-06-09 00:28:08 - [MESSAGE][PASSED] - Call Test Case 'Test Cases/PFI Precision and Scale/PFI Components with Indexing/AlphaNumericSpecialValidationIndex' successfully

2020-06-09 00:28:08 - [TEST_STEP][PASSED] - callTestCase(findTestCase("PFI Precision and Scale/PFI Components with Indexing/MaxCharLengthIndexValidation"), ["FieldNm":"bldgGrpId", "index":1, "MaxCharLen":101], STOP_ON_FAILURE): Call Test Case 'Test Cases/PFI Precision and Scale/PFI Components with Indexing/MaxCharLengthIndexValidation' successfully

2020-06-09 00:28:08 - [TEST_CASE][PASSED] - Test Cases/PFI Precision and Scale/PFI Components with Indexing/MaxCharLengthIndexValidation: Test Cases/PFI Precision and Scale/PFI Components with Indexing/MaxCharLengthIndexValidation

2020-06-09 00:28:08 - [TEST_STEP][PASSED] - Thread.sleep(1000): null

2020-06-09 00:28:09 - [TEST_STEP][PASSED] - CharLengthTBL = ["aoNotes":4000, "notes":4000, "hseBlkNo":10, "buildingName":100, "unformattedAddress":4000, "courtNo":20, "caseGrpDesc":4000, ... ]: null

2020-06-09 00:28:09 - [TEST_STEP][PASSED] - charset = /?><"".join(): null

2020-06-09 00:28:09 - [TEST_STEP][PASSED] - RandomStringVal = RandomStringUtils.random(MaxCharLen, charset.toCharArray()): null

2020-06-09 00:28:09 - [TEST_STEP][PASSED] - NewInputNmField = modifyObjectProperty(findTestObject("Object Repository/Objects.HighlightElements/input_field_index"), "xpath", "equals", "(//*[contains(@class,'x-form-text') and (@name='" + FieldNm + "')])[" + index + "]", true): Modify property of object successfully

2020-06-09 00:28:09 - [MESSAGE][PASSED] - Modify property of object successfully

2020-06-09 00:28:09 - [TEST_STEP][PASSED] - setText(NewInputNmField, RandomStringVal): Text 'JPX":'A<[+zhg\vgU3/ORE`z4DD/}afGuA!HoN^l@"4IFSV&M".9D@TFM;6fgbsbVg"Y<BhToYlady'NavRnXzl?3meT%mcD|?Bkv' is set on object 'Object Repository/Objects.HighlightElements/input_field_index'

2020-06-09 00:28:10 - [MESSAGE][PASSED] - Text 'JPX":'A<[+zhg\vgU3/ORE`z4DD/}afGuA!HoN^l@"4IFSV&M".9D@TFM;6fgbsbVg"Y<BhToYlady'NavRnXzl?3meT%mcD|?Bkv' is set on object 'Object Repository/Objects.HighlightElements/input_field_index'

2020-06-09 00:28:10 - [TEST_STEP][PASSED] - GetInputValue = getAttribute(NewInputNmField, "value", STOP_ON_FAILURE): Attribute 'value' of object 'Object Repository/Objects.HighlightElements/input_field_index' is: 'JPX":'A<[+zhg\vgU3/ORE`z4DD/}afGuA!HoN^l@"4IFSV&M".9D@TFM;6fgbsbVg"Y<BhToYlady'NavRnXzl?3meT%mcD|?Bk'

2020-06-09 00:28:10 - [MESSAGE][PASSED] - Attribute 'value' of object 'Object Repository/Objects.HighlightElements/input_field_index' is: 'JPX":'A<[+zhg\vgU3/ORE`z4DD/}afGuA!HoN^l@"4IFSV&M".9D@TFM;6fgbsbVg"Y<BhToYlady'NavRnXzl?3meT%mcD|?Bk'

2020-06-09 00:28:10 - [TEST_STEP][PASSED] - GetLenChar = GetInputValue.length(): null

2020-06-09 00:28:10 - [TEST_STEP][PASSED] - MaxLength = CharLengthTBL.get(FieldNm): null

2020-06-09 00:28:10 - [TEST_STEP][PASSED] - if (MaxLength != null): Actual object '100' and expected object '100' are equal

2020-06-09 00:28:10 - [TEST_STEP][PASSED] - verifyEqual(GetLenChar, MaxLength): Actual object '100' and expected object '100' are equal

2020-06-09 00:28:10 - [MESSAGE][PASSED] - Actual object '100' and expected object '100' are equal

2020-06-09 00:28:10 - [MESSAGE][PASSED] - Call Test Case 'Test Cases/PFI Precision and Scale/PFI Components with Indexing/MaxCharLengthIndexValidation' successfully

2020-06-09 00:28:10 - [TEST_STEP][PASSED] - callTestCase(findTestCase("Components/HighlightLabelFieldXPI"), ["LblName":"Complaint Date", "index":1], STOP_ON_FAILURE): Call Test Case 'Test Cases/Components/HighlightLabelFieldXPI' successfully

2020-06-09 00:28:10 - [TEST_CASE][PASSED] - Test Cases/Components/HighlightLabelFieldXPI: Test Cases/Components/HighlightLabelFieldXPI

2020-06-09 00:28:10 - [TEST_STEP][PASSED] - Thread.sleep(1000): null

2020-06-09 00:28:11 - [TEST_STEP][PASSED] - modifiedLblNm = modifyObjectProperty(findTestObject("Object Repository/Objects.HighlightElements/lblField_index"), "xpath", "equals", "(//*[contains(@class, 'x-form-item-label-inner x-form-item-label-inner-default') and contains(., '" + LblName + "')])[" + index + "]", true): Modify property of object successfully

2020-06-09 00:28:11 - [MESSAGE][PASSED] - Modify property of object successfully

2020-06-09 00:28:11 - [TEST_STEP][PASSED] - com.reusableComponents.HighlightElement.run(modifiedLblNm): com.reusableComponents.HighlightElement.run is PASSED

2020-06-09 00:28:12 - [MESSAGE][PASSED] - com.reusableComponents.HighlightElement.run is PASSED

2020-06-09 00:28:12 - [MESSAGE][PASSED] - Call Test Case 'Test Cases/Components/HighlightLabelFieldXPI' successfully

2020-06-09 00:28:12 - [TEST_STEP][PASSED] - callTestCase(findTestCase("Components/HighlightInputFieldXPI"), ["FldNm":"complaintDt", "index":1], STOP_ON_FAILURE): Call Test Case 'Test Cases/Components/HighlightInputFieldXPI' successfully

2020-06-09 00:28:12 - [TEST_CASE][PASSED] - Test Cases/Components/HighlightInputFieldXPI: Test Cases/Components/HighlightInputFieldXPI

2020-06-09 00:28:12 - [TEST_STEP][PASSED] - Thread.sleep(1000): null

2020-06-09 00:28:13 - [TEST_STEP][PASSED] - modifiedInputNm = modifyObjectProperty(findTestObject("Object Repository/Objects.HighlightElements/input_field_index"), "xpath", "equals", "(//*[contains(@name, '" + FldNm + "')])[" + index + "]", true): Modify property of object successfully

2020-06-09 00:28:13 - [MESSAGE][PASSED] - Modify property of object successfully

2020-06-09 00:28:13 - [TEST_STEP][PASSED] - com.reusableComponents.HighlightElement.run(modifiedInputNm): com.reusableComponents.HighlightElement.run is PASSED

2020-06-09 00:28:13 - [MESSAGE][PASSED] - com.reusableComponents.HighlightElement.run is PASSED

2020-06-09 00:28:13 - [MESSAGE][PASSED] - Call Test Case 'Test Cases/Components/HighlightInputFieldXPI' successfully

2020-06-09 00:28:13 - [TEST_STEP][PASSED] - callTestCase(findTestCase("PFI Precision and Scale/PFI Components with Indexing/NumericTextboxValidationIndex"), ["nameToBeUsed":"complaintDt", "index":1, "minLen":5], STOP_ON_FAILURE): Call Test Case 'Test Cases/PFI Precision and Scale/PFI Components with Indexing/NumericTextboxValidationIndex' successfully

2020-06-09 00:28:13 - [TEST_CASE][PASSED] - Test Cases/PFI Precision and Scale/PFI Components with Indexing/NumericTextboxValidationIndex: Test Cases/PFI Precision and Scale/PFI Components with Indexing/NumericTextboxValidationIndex

2020-06-09 00:28:13 - [TEST_STEP][PASSED] - Thread.sleep(1000): null

2020-06-09 00:28:14 - [TEST_STEP][PASSED] - Numeric = "0123456789": null

2020-06-09 00:28:14 - [TEST_STEP][PASSED] - AlphaSpecialChar = z) + "`~!@#$%^&*()=_{}|\][;'":,?><"".join(): null

2020-06-09 00:28:14 - [TEST_STEP][PASSED] - RandomNumeric = RandomStringUtils.random(minLen, Numeric.toCharArray()): null

2020-06-09 00:28:14 - [TEST_STEP][PASSED] - RandomString = RandomStringUtils.random(minLen, AlphaSpecialChar): null

2020-06-09 00:28:14 - [TEST_STEP][PASSED] - regexPat = Pattern.compile("^[0-9]+$"): null

2020-06-09 00:28:14 - [TEST_STEP][PASSED] - NewInputNmField = modifyObjectProperty(findTestObject("Object Repository/Objects.HighlightElements/input_field_index"), "xpath", "equals", "(//*[contains(@class,'x-form-text') and (@name='" + nameToBeUsed + "')])[" + index + "]", true): Modify property of object successfully

2020-06-09 00:28:14 - [MESSAGE][PASSED] - Modify property of object successfully

2020-06-09 00:28:14 - [TEST_STEP][PASSED] - focus(NewInputNmField): Object: 'Object Repository/Objects.HighlightElements/input_field_index' is focused

2020-06-09 00:28:14 - [MESSAGE][PASSED] - Object: 'Object Repository/Objects.HighlightElements/input_field_index' is focused

2020-06-09 00:28:14 - [TEST_STEP][PASSED] - setText(NewInputNmField, RandomString): Text 'nLM_B' is set on object 'Object Repository/Objects.HighlightElements/input_field_index'

2020-06-09 00:28:14 - [MESSAGE][PASSED] - Text 'nLM_B' is set on object 'Object Repository/Objects.HighlightElements/input_field_index'

2020-06-09 00:28:14 - [TEST_STEP][PASSED] - GetInputVal = getAttribute(NewInputNmField, "value"): Attribute 'value' of object 'Object Repository/Objects.HighlightElements/input_field_index' is: ''

2020-06-09 00:28:14 - [MESSAGE][PASSED] - Attribute 'value' of object 'Object Repository/Objects.HighlightElements/input_field_index' is: ''

2020-06-09 00:28:14 - [TEST_STEP][PASSED] - if (GetInputVal.contains("e")): null

2020-06-09 00:28:14 - [TEST_STEP][PASSED] - else: Actual text '' and expected text '' are matched  using regular expression

2020-06-09 00:28:14 - [TEST_STEP][PASSED] - verifyMatch(GetInputVal, "", true): Actual text '' and expected text '' are matched  using regular expression

2020-06-09 00:28:14 - [MESSAGE][PASSED] - Actual text '' and expected text '' are matched  using regular expression

2020-06-09 00:28:14 - [TEST_STEP][PASSED] - setText(NewInputNmField, RandomNumeric): Text '33268' is set on object 'Object Repository/Objects.HighlightElements/input_field_index'

2020-06-09 00:28:15 - [MESSAGE][PASSED] - Text '33268' is set on object 'Object Repository/Objects.HighlightElements/input_field_index'

2020-06-09 00:28:15 - [TEST_STEP][PASSED] - GetEnteredIntegers = getAttribute(NewInputNmField, "value"): Attribute 'value' of object 'Object Repository/Objects.HighlightElements/input_field_index' is: '33268'

2020-06-09 00:28:15 - [MESSAGE][PASSED] - Attribute 'value' of object 'Object Repository/Objects.HighlightElements/input_field_index' is: '33268'

2020-06-09 00:28:15 - [TEST_STEP][PASSED] - matchStr = regexPat.matcher(GetEnteredIntegers): null

2020-06-09 00:28:15 - [TEST_STEP][PASSED] - if (matchStr.matches() == true): Accepting Numeric

2020-06-09 00:28:15 - [TEST_STEP][PASSED] - comment("Accepting Numeric"): Accepting Numeric

2020-06-09 00:28:15 - [MESSAGE][INFO] - Accepting Numeric

2020-06-09 00:28:15 - [MESSAGE][PASSED] - Call Test Case 'Test Cases/PFI Precision and Scale/PFI Components with Indexing/NumericTextboxValidationIndex' successfully

2020-06-09 00:28:15 - [TEST_STEP][PASSED] - callTestCase(findTestCase("PFI Precision and Scale/PFI Components with Indexing/InvalidDateErrorValidationIndex"), ["FldNm":"complaintDt", "index":1], STOP_ON_FAILURE): Call Test Case 'Test Cases/PFI Precision and Scale/PFI Components with Indexing/InvalidDateErrorValidationIndex' successfully

2020-06-09 00:28:15 - [TEST_CASE][PASSED] - Test Cases/PFI Precision and Scale/PFI Components with Indexing/InvalidDateErrorValidationIndex: Test Cases/PFI Precision and Scale/PFI Components with Indexing/InvalidDateErrorValidationIndex

2020-06-09 00:28:15 - [TEST_STEP][PASSED] - Thread.sleep(1000): null

2020-06-09 00:28:16 - [TEST_STEP][PASSED] - DateFieldNm = modifyObjectProperty(findTestObject("Object Repository/Objects.HighlightElements/input_field_index"), "xpath", "equals", "(//*[contains(@class,'x-form-text') and (@name='" + FldNm + "')])[" + index + "]", true): Modify property of object successfully

2020-06-09 00:28:16 - [MESSAGE][PASSED] - Modify property of object successfully

2020-06-09 00:28:16 - [TEST_STEP][PASSED] - focus(DateFieldNm): Object: 'Object Repository/Objects.HighlightElements/input_field_index' is focused

2020-06-09 00:28:16 - [MESSAGE][PASSED] - Object: 'Object Repository/Objects.HighlightElements/input_field_index' is focused

2020-06-09 00:28:16 - [TEST_STEP][PASSED] - getInputInvalidDate = getAttribute(DateFieldNm, "value"): Attribute 'value' of object 'Object Repository/Objects.HighlightElements/input_field_index' is: '33268'

2020-06-09 00:28:16 - [MESSAGE][PASSED] - Attribute 'value' of object 'Object Repository/Objects.HighlightElements/input_field_index' is: '33268'

2020-06-09 00:28:16 - [TEST_STEP][PASSED] - mouseOver(DateFieldNm): Object: 'Object Repository/Objects.HighlightElements/input_field_index' is hovered

2020-06-09 00:28:16 - [MESSAGE][PASSED] - Object: 'Object Repository/Objects.HighlightElements/input_field_index' is hovered

2020-06-09 00:28:16 - [TEST_STEP][PASSED] - getErrMsg = getAttribute(DateFieldNm, "data-errorqtip"): Attribute 'data-errorqtip' of object 'Object Repository/Objects.HighlightElements/input_field_index' is: '<ul class="x-list-plain"><li>33268 is not a valid date - it must be in the format d/m/Y</li></ul>'

2020-06-09 00:28:16 - [MESSAGE][PASSED] - Attribute 'data-errorqtip' of object 'Object Repository/Objects.HighlightElements/input_field_index' is: '<ul class="x-list-plain"><li>33268 is not a valid date - it must be in the format d/m/Y</li></ul>'

2020-06-09 00:28:16 - [TEST_STEP][PASSED] - getTotalLength = getErrMsg.length(): null

2020-06-09 00:28:16 - [TEST_STEP][PASSED] - RemoveULClass = getErrMsg.substring(29, getTotalLength): null

2020-06-09 00:28:16 - [TEST_STEP][PASSED] - LengthNoUlClass = RemoveULClass.length() - 10: null

2020-06-09 00:28:16 - [TEST_STEP][PASSED] - ToolTipInvErrMsg = RemoveULClass.substring(0, LengthNoUlClass): null

2020-06-09 00:28:16 - [TEST_STEP][PASSED] - ExpectedInvalidErrMsg = concatenate(getInputInvalidDate, " ", NotValidDt): Concatenated string array: '['33268',' ','is not a valid date - it must be in the format d/m/Y']' into '33268 is not a valid date - it must be in the format d/m/Y'

2020-06-09 00:28:16 - [MESSAGE][PASSED] - Concatenated string array: '['33268',' ','is not a valid date - it must be in the format d/m/Y']' into '33268 is not a valid date - it must be in the format d/m/Y'

2020-06-09 00:28:16 - [TEST_STEP][PASSED] - verifyMatch(ToolTipInvErrMsg, ExpectedInvalidErrMsg, true): Actual text '33268 is not a valid date - it must be in the format d/m/Y' and expected text '33268 is not a valid date - it must be in the format d/m/Y' are matched  using regular expression

2020-06-09 00:28:16 - [MESSAGE][PASSED] - Actual text '33268 is not a valid date - it must be in the format d/m/Y' and expected text '33268 is not a valid date - it must be in the format d/m/Y' are matched  using regular expression

2020-06-09 00:28:16 - [MESSAGE][PASSED] - Call Test Case 'Test Cases/PFI Precision and Scale/PFI Components with Indexing/InvalidDateErrorValidationIndex' successfully

2020-06-09 00:28:16 - [TEST_STEP][PASSED] - callTestCase(findTestCase("PFI Precision and Scale/PFI Components with Indexing/SelectDayInDatePickerWithIndexII"), ["FldNm":"complaintDt", "SelectCurrentDay":25, "index":9, "idx":1], STOP_ON_FAILURE): Call Test Case 'Test Cases/PFI Precision and Scale/PFI Components with Indexing/SelectDayInDatePickerWithIndexII' successfully

2020-06-09 00:28:16 - [TEST_CASE][PASSED] - Test Cases/PFI Precision and Scale/PFI Components with Indexing/SelectDayInDatePickerWithIndexII: Test Cases/PFI Precision and Scale/PFI Components with Indexing/SelectDayInDatePickerWithIndexII

2020-06-09 00:28:16 - [TEST_STEP][PASSED] - Thread.sleep(1000): null

2020-06-09 00:28:17 - [TEST_STEP][PASSED] - DateInputFld = modifyObjectProperty(findTestObject("Objects.HighlightElements/input_field_index"), "xpath", "equals", "(//*[contains(@class,'x-form-text') and (@name='" + FldNm + "')])[" + idx + "]", true): Modify property of object successfully

2020-06-09 00:28:17 - [MESSAGE][PASSED] - Modify property of object successfully

2020-06-09 00:28:17 - [TEST_STEP][PASSED] - ModifiedDay = modifyObjectProperty(findTestObject("Objects.DateValidation/Page_ISPS2/Select_Day_Index"), "xpath", "equals", "(//*[contains(@class, 'x-datepicker-date') and (text() = '" + SelectCurrentDay + "')])[" + index + "]", true): Modify property of object successfully

2020-06-09 00:28:17 - [MESSAGE][PASSED] - Modify property of object successfully

2020-06-09 00:28:17 - [TEST_STEP][PASSED] - sendKeys(DateInputFld, Keys.chord(ARROW_DOWN)): Keys 'DOWN + ' sent to object: 'Object Repository/Objects.HighlightElements/input_field_index'

2020-06-09 00:28:17 - [MESSAGE][PASSED] - Keys 'DOWN + ' sent to object: 'Object Repository/Objects.HighlightElements/input_field_index'

2020-06-09 00:28:17 - [TEST_STEP][PASSED] - com.reusableComponents.HighlightElement.run(ModifiedDay): com.reusableComponents.HighlightElement.run is PASSED

2020-06-09 00:28:18 - [MESSAGE][PASSED] - com.reusableComponents.HighlightElement.run is PASSED

2020-06-09 00:28:18 - [TEST_STEP][PASSED] - delay(1): Delayed 1 second(s)

2020-06-09 00:28:19 - [MESSAGE][PASSED] - Delayed 1 second(s)

2020-06-09 00:28:19 - [TEST_STEP][PASSED] - click(ModifiedDay): Object: 'Object Repository/Objects.DateValidation/Page_ISPS2/Select_Day_Index' is clicked on

2020-06-09 00:28:19 - [MESSAGE][PASSED] - Object: 'Object Repository/Objects.DateValidation/Page_ISPS2/Select_Day_Index' is clicked on

2020-06-09 00:28:19 - [TEST_STEP][PASSED] - GetError = getAttribute(DateInputFld, "data-errorqtip"): Attribute 'data-errorqtip' of object 'Object Repository/Objects.HighlightElements/input_field_index' is: ''

2020-06-09 00:28:19 - [MESSAGE][PASSED] - Attribute 'data-errorqtip' of object 'Object Repository/Objects.HighlightElements/input_field_index' is: ''

2020-06-09 00:28:19 - [TEST_STEP][PASSED] - if (GetError == ""): null

2020-06-09 00:28:19 - [TEST_STEP][PASSED] - GetEnteredDate = getAttribute(DateInputFld, "value"): Attribute 'value' of object 'Object Repository/Objects.HighlightElements/input_field_index' is: '25/06/2020'

2020-06-09 00:28:19 - [MESSAGE][PASSED] - Attribute 'value' of object 'Object Repository/Objects.HighlightElements/input_field_index' is: '25/06/2020'

2020-06-09 00:28:19 - [TEST_STEP][PASSED] - DatePattern = Pattern.compile("^(1[0-2]|0[1-9])/(3[01]|[12][0-9]|0[1-9])/[0-9]{4}$"): null

2020-06-09 00:28:19 - [TEST_STEP][PASSED] - VerifyDateFormat = DatePattern.matcher(GetEnteredDate): null

2020-06-09 00:28:19 - [TEST_STEP][PASSED] - if (VerifyDateFormat.matches() == true): null

2020-06-09 00:28:19 - [MESSAGE][PASSED] - Call Test Case 'Test Cases/PFI Precision and Scale/PFI Components with Indexing/SelectDayInDatePickerWithIndexII' successfully

2020-06-09 00:28:19 - [TEST_STEP][PASSED] - callTestCase(findTestCase("PFI Precision and Scale/PFI Components with Indexing/SelectTodayInDatePickerIndex"), ["FldNm":"complaintDt", "index":9, "idx":1], STOP_ON_FAILURE): Call Test Case 'Test Cases/PFI Precision and Scale/PFI Components with Indexing/SelectTodayInDatePickerIndex' successfully

2020-06-09 00:28:19 - [TEST_CASE][PASSED] - Test Cases/PFI Precision and Scale/PFI Components with Indexing/SelectTodayInDatePickerIndex: Test Cases/PFI Precision and Scale/PFI Components with Indexing/SelectTodayInDatePickerIndex

2020-06-09 00:28:19 - [TEST_STEP][PASSED] - Thread.sleep(1000): null

2020-06-09 00:28:20 - [TEST_STEP][PASSED] - date = new java.util.Date(): null

2020-06-09 00:28:20 - [TEST_STEP][PASSED] - CurrentDate = new java.text.SimpleDateFormat(dd/MM/yyyy): null

2020-06-09 00:28:20 - [TEST_STEP][PASSED] - TodayDate = CurrentDate.format(date): null

2020-06-09 00:28:20 - [TEST_STEP][PASSED] - DateFieldNm = modifyObjectProperty(findTestObject("Objects.HighlightElements/input_field_index"), "xpath", "equals", "(//*[contains(@class,'x-form-text') and (@name='" + FldNm + "')])[" + idx + "]", true): Modify property of object successfully

2020-06-09 00:28:20 - [MESSAGE][PASSED] - Modify property of object successfully

2020-06-09 00:28:20 - [TEST_STEP][PASSED] - TodayBtn = modifyObjectProperty(findTestObject("Object Repository/Objects.DateValidation/Page_ISPS2/a_Today"), "xpath", "equals", "(//*[text() = 'Today'])[" + index + "]", true): Modify property of object successfully

2020-06-09 00:28:20 - [MESSAGE][PASSED] - Modify property of object successfully

2020-06-09 00:28:20 - [TEST_STEP][PASSED] - sendKeys(DateFieldNm, Keys.chord(ARROW_DOWN)): Keys 'DOWN + ' sent to object: 'Object Repository/Objects.HighlightElements/input_field_index'

2020-06-09 00:28:20 - [MESSAGE][PASSED] - Keys 'DOWN + ' sent to object: 'Object Repository/Objects.HighlightElements/input_field_index'

2020-06-09 00:28:20 - [TEST_STEP][PASSED] - com.reusableComponents.HighlightElement.run(TodayBtn): com.reusableComponents.HighlightElement.run is PASSED

2020-06-09 00:28:20 - [MESSAGE][PASSED] - com.reusableComponents.HighlightElement.run is PASSED

2020-06-09 00:28:20 - [TEST_STEP][PASSED] - click(TodayBtn): Object: 'Object Repository/Objects.DateValidation/Page_ISPS2/a_Today' is clicked on

2020-06-09 00:28:20 - [MESSAGE][PASSED] - Object: 'Object Repository/Objects.DateValidation/Page_ISPS2/a_Today' is clicked on

2020-06-09 00:28:20 - [TEST_STEP][PASSED] - GetEnteredDate = getAttribute(DateFieldNm, "value"): Attribute 'value' of object 'Object Repository/Objects.HighlightElements/input_field_index' is: '09/06/2020'

2020-06-09 00:28:20 - [MESSAGE][PASSED] - Attribute 'value' of object 'Object Repository/Objects.HighlightElements/input_field_index' is: '09/06/2020'

2020-06-09 00:28:20 - [TEST_STEP][PASSED] - verifyMatch(GetEnteredDate, TodayDate, true): Actual text '09/06/2020' and expected text '09/06/2020' are matched  using regular expression

2020-06-09 00:28:20 - [MESSAGE][PASSED] - Actual text '09/06/2020' and expected text '09/06/2020' are matched  using regular expression

2020-06-09 00:28:20 - [MESSAGE][PASSED] - Call Test Case 'Test Cases/PFI Precision and Scale/PFI Components with Indexing/SelectTodayInDatePickerIndex' successfully

2020-06-09 00:28:20 - [TEST_STEP][PASSED] - callTestCase(findTestCase("Components/HighlightLabelFieldXPI"), ["LblName":"Offence", "index":1], STOP_ON_FAILURE): Call Test Case 'Test Cases/Components/HighlightLabelFieldXPI' successfully

2020-06-09 00:28:21 - [TEST_CASE][PASSED] - Test Cases/Components/HighlightLabelFieldXPI: Test Cases/Components/HighlightLabelFieldXPI

2020-06-09 00:28:21 - [TEST_STEP][PASSED] - Thread.sleep(1000): null

2020-06-09 00:28:22 - [TEST_STEP][PASSED] - modifiedLblNm = modifyObjectProperty(findTestObject("Object Repository/Objects.HighlightElements/lblField_index"), "xpath", "equals", "(//*[contains(@class, 'x-form-item-label-inner x-form-item-label-inner-default') and contains(., '" + LblName + "')])[" + index + "]", true): Modify property of object successfully

2020-06-09 00:28:22 - [MESSAGE][PASSED] - Modify property of object successfully

2020-06-09 00:28:22 - [TEST_STEP][PASSED] - com.reusableComponents.HighlightElement.run(modifiedLblNm): com.reusableComponents.HighlightElement.run is PASSED

2020-06-09 00:28:22 - [MESSAGE][PASSED] - com.reusableComponents.HighlightElement.run is PASSED

2020-06-09 00:28:22 - [MESSAGE][PASSED] - Call Test Case 'Test Cases/Components/HighlightLabelFieldXPI' successfully

2020-06-09 00:28:22 - [TEST_STEP][PASSED] - callTestCase(findTestCase("Components/HighlightInputFieldXPI"), ["FldNm":"courtDesc", "index":1], STOP_ON_FAILURE): Call Test Case 'Test Cases/Components/HighlightInputFieldXPI' successfully

2020-06-09 00:28:22 - [TEST_CASE][PASSED] - Test Cases/Components/HighlightInputFieldXPI: Test Cases/Components/HighlightInputFieldXPI

2020-06-09 00:28:22 - [TEST_STEP][PASSED] - Thread.sleep(1000): null

2020-06-09 00:28:23 - [TEST_STEP][PASSED] - modifiedInputNm = modifyObjectProperty(findTestObject("Object Repository/Objects.HighlightElements/input_field_index"), "xpath", "equals", "(//*[contains(@name, '" + FldNm + "')])[" + index + "]", true): Modify property of object successfully

2020-06-09 00:28:23 - [MESSAGE][PASSED] - Modify property of object successfully

2020-06-09 00:28:23 - [TEST_STEP][PASSED] - com.reusableComponents.HighlightElement.run(modifiedInputNm): com.reusableComponents.HighlightElement.run is PASSED

2020-06-09 00:28:23 - [MESSAGE][PASSED] - com.reusableComponents.HighlightElement.run is PASSED

2020-06-09 00:28:23 - [MESSAGE][PASSED] - Call Test Case 'Test Cases/Components/HighlightInputFieldXPI' successfully

2020-06-09 00:28:23 - [TEST_STEP][PASSED] - callTestCase(findTestCase("PFI Precision and Scale/PFI Components with Indexing/AlphaNumericSpecialValidationIndex"), ["FldNm":"courtDesc", "LenChar":5, "index":1], STOP_ON_FAILURE): Call Test Case 'Test Cases/PFI Precision and Scale/PFI Components with Indexing/AlphaNumericSpecialValidationIndex' successfully

2020-06-09 00:28:24 - [TEST_CASE][PASSED] - Test Cases/PFI Precision and Scale/PFI Components with Indexing/AlphaNumericSpecialValidationIndex: Test Cases/PFI Precision and Scale/PFI Components with Indexing/AlphaNumericSpecialValidationIndex

2020-06-09 00:28:24 - [TEST_STEP][PASSED] - charset = /?><"".join(): null

2020-06-09 00:28:24 - [TEST_STEP][PASSED] - AlphaNumeric = 9).join(): null

2020-06-09 00:28:24 - [TEST_STEP][PASSED] - SpecialChar = "`~!@#$%^&*()-=+_{}|\][;'":,./?><"": null

2020-06-09 00:28:24 - [TEST_STEP][PASSED] - RandomString = RandomStringUtils.random(LenChar, AlphaNumeric.toCharArray()): null

2020-06-09 00:28:24 - [TEST_STEP][PASSED] - RdmSpChar = RandomStringUtils.random(LenChar, SpecialChar): null

2020-06-09 00:28:24 - [TEST_STEP][PASSED] - regexPat = Pattern.compile("^[A-Za-z0-9 ]+$"): null

2020-06-09 00:28:24 - [TEST_STEP][PASSED] - NewInputNmField = modifyObjectProperty(findTestObject("Object Repository/Objects.HighlightElements/input_field_index"), "xpath", "equals", "(//*[contains(@class,'x-form-text') and (@name='" + FldNm + "')])[" + index + "]", true): Modify property of object successfully

2020-06-09 00:28:24 - [MESSAGE][PASSED] - Modify property of object successfully

2020-06-09 00:28:24 - [TEST_STEP][PASSED] - setText(NewInputNmField, RandomString): Text 'VFqSV' is set on object 'Object Repository/Objects.HighlightElements/input_field_index'

2020-06-09 00:28:24 - [MESSAGE][PASSED] - Text 'VFqSV' is set on object 'Object Repository/Objects.HighlightElements/input_field_index'

2020-06-09 00:28:24 - [TEST_STEP][PASSED] - RemarksAN = getAttribute(NewInputNmField, "value"): Attribute 'value' of object 'Object Repository/Objects.HighlightElements/input_field_index' is: 'VFqSV'

2020-06-09 00:28:24 - [MESSAGE][PASSED] - Attribute 'value' of object 'Object Repository/Objects.HighlightElements/input_field_index' is: 'VFqSV'

2020-06-09 00:28:24 - [TEST_STEP][PASSED] - matchStr = regexPat.matcher(RemarksAN): null

2020-06-09 00:28:24 - [TEST_STEP][PASSED] - if (matchStr.matches() == true): Accepting Alphanumeric

2020-06-09 00:28:24 - [TEST_STEP][PASSED] - comment("Accepting Alphanumeric"): Accepting Alphanumeric

2020-06-09 00:28:24 - [MESSAGE][INFO] - Accepting Alphanumeric

2020-06-09 00:28:24 - [TEST_STEP][PASSED] - setText(NewInputNmField, RdmSpChar): Text '\]+?,' is set on object 'Object Repository/Objects.HighlightElements/input_field_index'

2020-06-09 00:28:24 - [MESSAGE][PASSED] - Text '\]+?,' is set on object 'Object Repository/Objects.HighlightElements/input_field_index'

2020-06-09 00:28:24 - [TEST_STEP][PASSED] - RemarksSpChar = getAttribute(NewInputNmField, "value"): Attribute 'value' of object 'Object Repository/Objects.HighlightElements/input_field_index' is: '\]+?,'

2020-06-09 00:28:24 - [MESSAGE][PASSED] - Attribute 'value' of object 'Object Repository/Objects.HighlightElements/input_field_index' is: '\]+?,'

2020-06-09 00:28:24 - [TEST_STEP][PASSED] - matchSp = regexPat.matcher(RemarksSpChar): null

2020-06-09 00:28:24 - [TEST_STEP][PASSED] - if (matchSp.matches() == false): Accepting Special Characters

2020-06-09 00:28:24 - [TEST_STEP][PASSED] - comment("Accepting Special Characters"): Accepting Special Characters

2020-06-09 00:28:24 - [MESSAGE][INFO] - Accepting Special Characters

2020-06-09 00:28:24 - [MESSAGE][PASSED] - Call Test Case 'Test Cases/PFI Precision and Scale/PFI Components with Indexing/AlphaNumericSpecialValidationIndex' successfully

2020-06-09 00:28:24 - [TEST_STEP][PASSED] - callTestCase(findTestCase("PFI Precision and Scale/PFI Components with Indexing/MaxCharLengthIndexValidation"), ["FieldNm":"courtDesc", "index":1, "MaxCharLen":401], STOP_ON_FAILURE): Call Test Case 'Test Cases/PFI Precision and Scale/PFI Components with Indexing/MaxCharLengthIndexValidation' successfully

2020-06-09 00:28:24 - [TEST_CASE][PASSED] - Test Cases/PFI Precision and Scale/PFI Components with Indexing/MaxCharLengthIndexValidation: Test Cases/PFI Precision and Scale/PFI Components with Indexing/MaxCharLengthIndexValidation

2020-06-09 00:28:24 - [TEST_STEP][PASSED] - Thread.sleep(1000): null

2020-06-09 00:28:25 - [TEST_STEP][PASSED] - CharLengthTBL = ["aoNotes":4000, "notes":4000, "hseBlkNo":10, "buildingName":100, "unformattedAddress":4000, "courtNo":20, "caseGrpDesc":4000, ... ]: null

2020-06-09 00:28:25 - [TEST_STEP][PASSED] - charset = /?><"".join(): null

2020-06-09 00:28:25 - [TEST_STEP][PASSED] - RandomStringVal = RandomStringUtils.random(MaxCharLen, charset.toCharArray()): null

2020-06-09 00:28:25 - [TEST_STEP][PASSED] - NewInputNmField = modifyObjectProperty(findTestObject("Object Repository/Objects.HighlightElements/input_field_index"), "xpath", "equals", "(//*[contains(@class,'x-form-text') and (@name='" + FieldNm + "')])[" + index + "]", true): Modify property of object successfully

2020-06-09 00:28:25 - [MESSAGE][PASSED] - Modify property of object successfully

2020-06-09 00:28:25 - [TEST_STEP][PASSED] - setText(NewInputNmField, RandomStringVal): Text '}sLEVjF57*;%,(5v=CG5t1w2ck]-z83xNNZ5~N3g=1uP*[*'Q5'7L9qVqn"qOypS5)Jh!;OB(u_1qB_cf/|Q("n5?[dX#X{6+I+/cRY<Yl"h?HIoQo2vjEWYK>cZ:f>ON2QPQ]!-vs^trw]H,22Yi}{.[5D}m]lzbr?8!skA(g4rPPZk]@Z2[>Q*G[^c{%$p3HOtl%+4J/rO&x[xMNUgkGUzc98]aA:!ZY/pV"dx=SM`m5RA=(oRbDGsyNFxSc~8w$^_7jpWNS1~bbZ!<_0$d)G$#s7H9&HQ9_~?*@?K/~,&|vrhUUgKSRg!*X!"*#n9AhJs~I[Dl1@0n@)%*cRl6?TR,W+ux-06{w"QZtm&#<8y!A8sp-m_rL*[d|*@S>Fv|\~wy}iU@i`!5.ikY' is set on object 'Object Repository/Objects.HighlightElements/input_field_index'

2020-06-09 00:28:26 - [MESSAGE][PASSED] - Text '}sLEVjF57*;%,(5v=CG5t1w2ck]-z83xNNZ5~N3g=1uP*[*'Q5'7L9qVqn"qOypS5)Jh!;OB(u_1qB_cf/|Q("n5?[dX#X{6+I+/cRY<Yl"h?HIoQo2vjEWYK>cZ:f>ON2QPQ]!-vs^trw]H,22Yi}{.[5D}m]lzbr?8!skA(g4rPPZk]@Z2[>Q*G[^c{%$p3HOtl%+4J/rO&x[xMNUgkGUzc98]aA:!ZY/pV"dx=SM`m5RA=(oRbDGsyNFxSc~8w$^_7jpWNS1~bbZ!<_0$d)G$#s7H9&HQ9_~?*@?K/~,&|vrhUUgKSRg!*X!"*#n9AhJs~I[Dl1@0n@)%*cRl6?TR,W+ux-06{w"QZtm&#<8y!A8sp-m_rL*[d|*@S>Fv|\~wy}iU@i`!5.ikY' is set on object 'Object Repository/Objects.HighlightElements/input_field_index'

2020-06-09 00:28:26 - [TEST_STEP][PASSED] - GetInputValue = getAttribute(NewInputNmField, "value", STOP_ON_FAILURE): Attribute 'value' of object 'Object Repository/Objects.HighlightElements/input_field_index' is: '}sLEVjF57*;%,(5v=CG5t1w2ck]-z83xNNZ5~N3g=1uP*[*'Q5'7L9qVqn"qOypS5)Jh!;OB(u_1qB_cf/|Q("n5?[dX#X{6+I+/cRY<Yl"h?HIoQo2vjEWYK>cZ:f>ON2QPQ]!-vs^trw]H,22Yi}{.[5D}m]lzbr?8!skA(g4rPPZk]@Z2[>Q*G[^c{%$p3HOtl%+4J/rO&x[xMNUgkGUzc98]aA:!ZY/pV"dx=SM`m5RA=(oRbDGsyNFxSc~8w$^_7jpWNS1~bbZ!<_0$d)G$#s7H9&HQ9_~?*@?K/~,&|vrhUUgKSRg!*X!"*#n9AhJs~I[Dl1@0n@)%*cRl6?TR,W+ux-06{w"QZtm&#<8y!A8sp-m_rL*[d|*@S>Fv|\~wy}iU@i`!5.ik'

2020-06-09 00:28:26 - [MESSAGE][PASSED] - Attribute 'value' of object 'Object Repository/Objects.HighlightElements/input_field_index' is: '}sLEVjF57*;%,(5v=CG5t1w2ck]-z83xNNZ5~N3g=1uP*[*'Q5'7L9qVqn"qOypS5)Jh!;OB(u_1qB_cf/|Q("n5?[dX#X{6+I+/cRY<Yl"h?HIoQo2vjEWYK>cZ:f>ON2QPQ]!-vs^trw]H,22Yi}{.[5D}m]lzbr?8!skA(g4rPPZk]@Z2[>Q*G[^c{%$p3HOtl%+4J/rO&x[xMNUgkGUzc98]aA:!ZY/pV"dx=SM`m5RA=(oRbDGsyNFxSc~8w$^_7jpWNS1~bbZ!<_0$d)G$#s7H9&HQ9_~?*@?K/~,&|vrhUUgKSRg!*X!"*#n9AhJs~I[Dl1@0n@)%*cRl6?TR,W+ux-06{w"QZtm&#<8y!A8sp-m_rL*[d|*@S>Fv|\~wy}iU@i`!5.ik'

2020-06-09 00:28:26 - [TEST_STEP][PASSED] - GetLenChar = GetInputValue.length(): null

2020-06-09 00:28:26 - [TEST_STEP][PASSED] - MaxLength = CharLengthTBL.get(FieldNm): null

2020-06-09 00:28:26 - [TEST_STEP][PASSED] - if (MaxLength != null): Actual object '400' and expected object '400' are equal

2020-06-09 00:28:26 - [TEST_STEP][PASSED] - verifyEqual(GetLenChar, MaxLength): Actual object '400' and expected object '400' are equal

2020-06-09 00:28:26 - [MESSAGE][PASSED] - Actual object '400' and expected object '400' are equal

2020-06-09 00:28:26 - [MESSAGE][PASSED] - Call Test Case 'Test Cases/PFI Precision and Scale/PFI Components with Indexing/MaxCharLengthIndexValidation' successfully

2020-06-09 00:28:26 - [TEST_STEP][PASSED] - callTestCase(findTestCase("Components/Logout"), ["LogoutPageTextToBeVerified":findTestData("ISPS2 Test Data").getValue("HomeBanner", 1)], STOP_ON_FAILURE): Call Test Case 'Test Cases/Components/Logout' successfully

2020-06-09 00:28:27 - [TEST_CASE][PASSED] - Test Cases/Components/Logout: Test Cases/Components/Logout

2020-06-09 00:28:27 - [TEST_STEP][PASSED] - Thread.sleep(3000): null

2020-06-09 00:28:30 - [TEST_STEP][NOT_RUN] - com.reusableComponents.HighlightElement.run(findTestObject("Objects.Logout/accountDropdown")): NOT_RUN: com.reusableComponents.HighlightElement.run(findTestObject("Objects.Logout/accountDropdown"))

2020-06-09 00:28:30 - [MESSAGE][NOT_RUN] - NOT_RUN: com.reusableComponents.HighlightElement.run(findTestObject("Objects.Logout/accountDropdown"))

2020-06-09 00:28:30 - [TEST_STEP][NOT_RUN] - click(findTestObject("Objects.Logout/accountDropdown")): NOT_RUN: click(findTestObject("Objects.Logout/accountDropdown"))

2020-06-09 00:28:30 - [MESSAGE][NOT_RUN] - NOT_RUN: click(findTestObject("Objects.Logout/accountDropdown"))

2020-06-09 00:28:30 - [TEST_STEP][NOT_RUN] - com.reusableComponents.clickUsingJS.clickUsingJS(findTestObject("Objects.Logout/accountDropdown"), 0): NOT_RUN: com.reusableComponents.clickUsingJS.clickUsingJS(findTestObject("Objects.Logout/accountDropdown"), 0)

2020-06-09 00:28:30 - [MESSAGE][NOT_RUN] - NOT_RUN: com.reusableComponents.clickUsingJS.clickUsingJS(findTestObject("Objects.Logout/accountDropdown"), 0)

2020-06-09 00:28:30 - [TEST_STEP][PASSED] - element = findWebElement(findTestObject("Objects.Logout/accountDropdown"), 30): null

2020-06-09 00:28:30 - [TEST_STEP][PASSED] - executeJavaScript("arguments[0].click()", Arrays.asList(element)): Execute JavaScript 'arguments[0].click()' successfully

2020-06-09 00:28:30 - [MESSAGE][PASSED] - Execute JavaScript 'arguments[0].click()' successfully

2020-06-09 00:28:30 - [TEST_STEP][NOT_RUN] - com.reusableComponents.HighlightElement.run(findTestObject("Objects.Logout/span_Logout")): NOT_RUN: com.reusableComponents.HighlightElement.run(findTestObject("Objects.Logout/span_Logout"))

2020-06-09 00:28:30 - [MESSAGE][NOT_RUN] - NOT_RUN: com.reusableComponents.HighlightElement.run(findTestObject("Objects.Logout/span_Logout"))

2020-06-09 00:28:30 - [TEST_STEP][PASSED] - click(findTestObject("Objects.Logout/span_Logout"), STOP_ON_FAILURE): Object: 'Object Repository/Objects.Logout/span_Logout' is clicked on

2020-06-09 00:28:33 - [MESSAGE][PASSED] - Object: 'Object Repository/Objects.Logout/span_Logout' is clicked on

2020-06-09 00:28:33 - [TEST_STEP][PASSED] - waitForPageLoad(30): Wait for page load successfully

2020-06-09 00:28:33 - [MESSAGE][PASSED] - Wait for page load successfully

2020-06-09 00:28:33 - [TEST_STEP][PASSED] - Thread.sleep(3000): null

2020-06-09 00:28:36 - [TEST_STEP][PASSED] - verifyTextPresent(LogoutPageTextToBeVerified, false): Text 'Sign in to ISPS2-PROD-Verify' is present on page 

2020-06-09 00:28:36 - [MESSAGE][PASSED] - Text 'Sign in to ISPS2-PROD-Verify' is present on page 

2020-06-09 00:28:36 - [TEST_STEP][PASSED] - delay(5): Delayed 5 second(s)

2020-06-09 00:28:41 - [MESSAGE][PASSED] - Delayed 5 second(s)

2020-06-09 00:28:41 - [TEST_STEP][NOT_RUN] - com.reusableComponents.HighlightElement.run(findTestObject("Objects.Logout/div_Sign in to ISPS2-PROD-Verify")): NOT_RUN: com.reusableComponents.HighlightElement.run(findTestObject("Objects.Logout/div_Sign in to ISPS2-PROD-Verify"))

2020-06-09 00:28:41 - [MESSAGE][NOT_RUN] - NOT_RUN: com.reusableComponents.HighlightElement.run(findTestObject("Objects.Logout/div_Sign in to ISPS2-PROD-Verify"))

2020-06-09 00:28:41 - [TEST_STEP][PASSED] - closeBrowser(): Browser is closed

2020-06-09 00:28:42 - [MESSAGE][PASSED] - Browser is closed

2020-06-09 00:28:42 - [MESSAGE][PASSED] - Call Test Case 'Test Cases/Components/Logout' successfully]]></system-out>
         <system-err><![CDATA[]]></system-err>
      </testcase>
      <system-out><![CDATA[2020-06-08 23:58:01 - [TEST_SUITE][PASSED] - PFI-Page Section: Test Cases/PFI Precision and Scale/PFI Test Cases/Process Case (PFI)/PFI.CourtActionsLHS]]></system-out>
      <system-err><![CDATA[]]></system-err>
   </testsuite>
</testsuites>
