<?xml version="1.0" encoding="UTF-8"?>
<testsuites name="Page Section" time="1060.552" tests="9" failures="0" errors="2">
   <testsuite name="Page Section" tests="9" failures="0" errors="2" time="1060.552" timestamp="2020-06-05 11:43:27" hostname="19023-RAC - 192.168.16.39" id="Test Suites/PFI Precision and Scale Automated Regression Suite/PFI/Page Section">
      <properties>
         <property name="deviceName" value=""/>
         <property name="devicePlatform" value=""/>
         <property name="logFolder" value="C:\\Users\\19023-RAC\\Desktop\\New Automation Copy\\Reports\\20200605_114316\\PFI Precision and Scale Automated Regression Suite\\PFI\\Page Section\\20200605_114316"/>
         <property name="logFiles" value="C:\\Users\\19023-RAC\\Desktop\\New Automation Copy\\Reports\\20200605_114316\\PFI Precision and Scale Automated Regression Suite\\PFI\\Page Section\\20200605_114316\\execution0.log"/>
         <property name="attachments" value=""/>
         <property name="hostName" value="19023-RAC - 192.168.16.39"/>
         <property name="os" value="Windows 10 64bit"/>
         <property name="katalonVersion" value="7.2.1.1"/>
         <property name="browser" value="Chrome 83.0.4103.61"/>
         <property name="hostAddress" value="192.168.16.39"/>
         <property name="sessionId" value="9bc32140474173e4ad919ba06ae34c13"/>
         <property name="seleniumVersion" value="3.141.59"/>
         <property name="proxyInformation" value="ProxyInformation{proxyOption=NO_PROXY, proxyServerType=HTTP, password=, proxyServerAddress=, proxyServerPort=0, executionList=}"/>
         <property name="platform" value="Windows 10"/>
      </properties>
      <testcase name="Test Cases/PFI Precision and Scale/PFI Test Cases/Process Case (PFI)/PFI.EOTRequestLHS" time="215.612" classname="Test Cases/PFI Precision and Scale/PFI Test Cases/Process Case (PFI)/PFI.EOTRequestLHS" status="PASSED">
         <system-out><![CDATA[2020-06-05 11:43:27 - [TEST_CASE][PASSED] - Test Cases/PFI Precision and Scale/PFI Test Cases/Process Case (PFI)/PFI.EOTRequestLHS: Test Cases/PFI Precision and Scale/PFI Test Cases/Process Case (PFI)/PFI.EOTRequestLHS

2020-06-05 11:43:28 - [TEST_STEP][PASSED] - callTestCase(findTestCase("Components/LoginV2.0"), ["LinkToBeUsed":findTestData("Datatable").getValue("URL", 1), "LoginPageTextToBeVerified":findTestData("Datatable").getValue("HomeBanner", 1), ... ], STOP_ON_FAILURE): Call Test Case 'Test Cases/Components/LoginV2.0' successfully

2020-06-05 11:43:28 - [TEST_CASE][PASSED] - Test Cases/Components/LoginV2.0: Test Cases/Components/LoginV2.0

2020-06-05 11:43:28 - [TEST_STEP][PASSED] - openBrowser(LinkToBeUsed): Browser is opened with url: 'http://10.0.2.41:3012/isps2-prod-verify/authnz/login.do'

2020-06-05 11:43:29 - [MESSAGE][INFO] - Starting 'Edge' driver

2020-06-05 11:43:29 - [MESSAGE][INFO] - Action delay is set to 0 seconds

2020-06-05 11:43:41 - [MESSAGE][PASSED] - Browser is opened with url: 'http://10.0.2.41:3012/isps2-prod-verify/authnz/login.do'

2020-06-05 11:43:41 - [TEST_STEP][PASSED] - maximizeWindow(): Current window maximized

2020-06-05 11:43:43 - [MESSAGE][PASSED] - Current window maximized

2020-06-05 11:43:43 - [TEST_STEP][PASSED] - verifyTextPresent(LoginPageTextToBeVerified, false): Text 'Sign in to ISPS2-PROD-Verify' is present on page 

2020-06-05 11:43:43 - [MESSAGE][PASSED] - Text 'Sign in to ISPS2-PROD-Verify' is present on page 

2020-06-05 11:43:43 - [TEST_STEP][PASSED] - setText(findTestObject("Objects.LoginV2.0/Login Page/input_Sign in to ISPS2-PROD-Verify_username"), Username): Text 'sysadmin' is set on object 'Object Repository/Objects.LoginV2.0/Login Page/input_Sign in to ISPS2-PROD-Verify_username'

2020-06-05 11:43:43 - [MESSAGE][PASSED] - Text 'sysadmin' is set on object 'Object Repository/Objects.LoginV2.0/Login Page/input_Sign in to ISPS2-PROD-Verify_username'

2020-06-05 11:43:43 - [TEST_STEP][PASSED] - setEncryptedText(findTestObject("Objects.LoginV2.0/Login Page/input_This field is required_password"), Password): Text ****** has been set on object 'Object Repository/Objects.LoginV2.0/Login Page/input_This field is required_password'

2020-06-05 11:43:44 - [MESSAGE][PASSED] - Text ****** has been set on object 'Object Repository/Objects.LoginV2.0/Login Page/input_This field is required_password'

2020-06-05 11:43:44 - [TEST_STEP][NOT_RUN] - setEncryptedText(findTestObject(null), Password): NOT_RUN: setEncryptedText(findTestObject(null), Password)

2020-06-05 11:43:44 - [MESSAGE][NOT_RUN] - NOT_RUN: setEncryptedText(findTestObject(null), Password)

2020-06-05 11:43:44 - [TEST_STEP][PASSED] - click(findTestObject("Objects.LoginV2.0/Login Page/div_Sign in to ISPS2-PROD-Verify_NovaGoButton-1021"), OPTIONAL): Object: 'Object Repository/Objects.LoginV2.0/Login Page/div_Sign in to ISPS2-PROD-Verify_NovaGoButton-1021' is clicked on

2020-06-05 11:43:44 - [MESSAGE][PASSED] - Object: 'Object Repository/Objects.LoginV2.0/Login Page/div_Sign in to ISPS2-PROD-Verify_NovaGoButton-1021' is clicked on

2020-06-05 11:43:44 - [TEST_STEP][PASSED] - waitForPageLoad(30): Wait for page load successfully

2020-06-05 11:43:44 - [MESSAGE][PASSED] - Wait for page load successfully

2020-06-05 11:43:44 - [TEST_STEP][PASSED] - Thread.sleep(3000): null

2020-06-05 11:43:47 - [MESSAGE][PASSED] - Call Test Case 'Test Cases/Components/LoginV2.0' successfully

2020-06-05 11:43:47 - [TEST_STEP][PASSED] - callTestCase(findTestCase("Components/Filter"), ["taskDescription":"Process Case (SM)"], STOP_ON_FAILURE): Call Test Case 'Test Cases/Components/Filter' successfully

2020-06-05 11:43:47 - [TEST_CASE][PASSED] - Test Cases/Components/Filter: Test Cases/Components/Filter

2020-06-05 11:43:47 - [TEST_STEP][PASSED] - Thread.sleep(5000): null

2020-06-05 11:43:52 - [TEST_STEP][PASSED] - waitForPageLoad(180): Wait for page load successfully

2020-06-05 11:43:52 - [MESSAGE][PASSED] - Wait for page load successfully

2020-06-05 11:43:52 - [TEST_STEP][PASSED] - waitForElementNotPresent(findTestObject("Objects.Filter/Page_ISPS2/div_Loading search result Please wait"), 180): Web element with id: 'Object Repository/Objects.Filter/Page_ISPS2/div_Loading search result Please wait' located by 'By.xpath: //div[@class = 'x-mask-msg-text' and (text() = 'Loading search result. Please wait...' or . = 'Loading search result. Please wait...')]' is not present after '180' second(s)

2020-06-05 11:43:52 - [MESSAGE][PASSED] - Web element with id: 'Object Repository/Objects.Filter/Page_ISPS2/div_Loading search result Please wait' located by 'By.xpath: //div[@class = 'x-mask-msg-text' and (text() = 'Loading search result. Please wait...' or . = 'Loading search result. Please wait...')]' is not present after '180' second(s)

2020-06-05 11:43:52 - [TEST_STEP][PASSED] - click(findTestObject("Objects.Filter/Page_ISPS2/XP.Embutidooo")): Object: 'Object Repository/Objects.Filter/Page_ISPS2/XP.Embutidooo' is clicked on

2020-06-05 11:43:52 - [MESSAGE][PASSED] - Object: 'Object Repository/Objects.Filter/Page_ISPS2/XP.Embutidooo' is clicked on

2020-06-05 11:43:52 - [TEST_STEP][PASSED] - com.reusableComponents.HighlightElement.run(findTestObject("Objects.Filter/Page_ISPS2/span_Reset")): com.reusableComponents.HighlightElement.run is PASSED

2020-06-05 11:43:53 - [MESSAGE][PASSED] - com.reusableComponents.HighlightElement.run is PASSED

2020-06-05 11:43:53 - [TEST_STEP][PASSED] - click(findTestObject("Objects.Filter/Page_ISPS2/span_Reset")): Object: 'Object Repository/Objects.Filter/Page_ISPS2/span_Reset' is clicked on

2020-06-05 11:43:53 - [MESSAGE][PASSED] - Object: 'Object Repository/Objects.Filter/Page_ISPS2/span_Reset' is clicked on

2020-06-05 11:43:53 - [TEST_STEP][PASSED] - com.reusableComponents.HighlightElement.run(findTestObject("Objects.Filter/Page_ISPS2/TextBoxTaskDescription")): com.reusableComponents.HighlightElement.run is PASSED

2020-06-05 11:43:54 - [MESSAGE][PASSED] - com.reusableComponents.HighlightElement.run is PASSED

2020-06-05 11:43:54 - [TEST_STEP][PASSED] - setText(findTestObject("Objects.Filter/Page_ISPS2/TextBoxTaskDescription"), taskDescription): Text 'Process Case (SM)' is set on object 'Object Repository/Objects.Filter/Page_ISPS2/TextBoxTaskDescription'

2020-06-05 11:43:54 - [MESSAGE][PASSED] - Text 'Process Case (SM)' is set on object 'Object Repository/Objects.Filter/Page_ISPS2/TextBoxTaskDescription'

2020-06-05 11:43:54 - [TEST_STEP][PASSED] - caseType = taskDescription: null

2020-06-05 11:43:55 - [TEST_STEP][PASSED] - sendKeys(findTestObject("Objects.Filter/Page_ISPS2/TextBoxTaskDescription"), Keys.chord(ENTER)): Keys 'ENTER + ' sent to object: 'Object Repository/Objects.Filter/Page_ISPS2/TextBoxTaskDescription'

2020-06-05 11:43:56 - [MESSAGE][PASSED] - Keys 'ENTER + ' sent to object: 'Object Repository/Objects.Filter/Page_ISPS2/TextBoxTaskDescription'

2020-06-05 11:43:56 - [TEST_STEP][PASSED] - com.reusableComponents.HighlightElement.run(findTestObject("Objects.Filter/Page_ISPS2/span_Search")): com.reusableComponents.HighlightElement.run is PASSED

2020-06-05 11:43:56 - [MESSAGE][PASSED] - com.reusableComponents.HighlightElement.run is PASSED

2020-06-05 11:43:56 - [TEST_STEP][PASSED] - click(findTestObject("Objects.Filter/Page_ISPS2/span_Search")): Object: 'Object Repository/Objects.Filter/Page_ISPS2/span_Search' is clicked on

2020-06-05 11:43:56 - [MESSAGE][PASSED] - Object: 'Object Repository/Objects.Filter/Page_ISPS2/span_Search' is clicked on

2020-06-05 11:43:56 - [TEST_STEP][NOT_RUN] - verifyTextPresent("Loading search result. Please wait...", false): NOT_RUN: verifyTextPresent("Loading search result. Please wait...", false)

2020-06-05 11:43:56 - [MESSAGE][NOT_RUN] - NOT_RUN: verifyTextPresent("Loading search result. Please wait...", false)

2020-06-05 11:43:56 - [TEST_STEP][NOT_RUN] - waitForElementNotPresent(findTestObject("Objects.Filter/Page_ISPS2/div_Loading search result Please wait"), 120): NOT_RUN: waitForElementNotPresent(findTestObject("Objects.Filter/Page_ISPS2/div_Loading search result Please wait"), 120)

2020-06-05 11:43:56 - [MESSAGE][NOT_RUN] - NOT_RUN: waitForElementNotPresent(findTestObject("Objects.Filter/Page_ISPS2/div_Loading search result Please wait"), 120)

2020-06-05 11:43:56 - [TEST_STEP][PASSED] - Thread.sleep(5000): null

2020-06-05 11:44:01 - [MESSAGE][PASSED] - Call Test Case 'Test Cases/Components/Filter' successfully

2020-06-05 11:44:01 - [TEST_STEP][PASSED] - callTestCase(findTestCase("Components/ClickLinkDependingOnTextAndIndex"), ["linkName":"Process Case (SM)", "index":8], STOP_ON_FAILURE): Call Test Case 'Test Cases/Components/ClickLinkDependingOnTextAndIndex' successfully

2020-06-05 11:44:01 - [TEST_CASE][PASSED] - Test Cases/Components/ClickLinkDependingOnTextAndIndex: Test Cases/Components/ClickLinkDependingOnTextAndIndex

2020-06-05 11:44:01 - [TEST_STEP][PASSED] - Thread.sleep(1000): null

2020-06-05 11:44:02 - [TEST_STEP][PASSED] - println(linkName): null

2020-06-05 11:44:02 - [TEST_STEP][PASSED] - println(index): null

2020-06-05 11:44:02 - [TEST_STEP][PASSED] - modifiedLink = modifyObjectProperty(findTestObject("Objects.ClickLinkDependingOnTextAndIndex/linkToModify"), "xpath", "equals", "(//a[text()="" + linkName + ""])[" + index + "]", true): Modify property of object successfully

2020-06-05 11:44:03 - [MESSAGE][PASSED] - Modify property of object successfully

2020-06-05 11:44:03 - [TEST_STEP][PASSED] - Thread.sleep(5000): null

2020-06-05 11:44:08 - [TEST_STEP][PASSED] - com.reusableComponents.HighlightElement.run(modifiedLink): com.reusableComponents.HighlightElement.run is PASSED

2020-06-05 11:44:08 - [MESSAGE][PASSED] - com.reusableComponents.HighlightElement.run is PASSED

2020-06-05 11:44:08 - [TEST_STEP][PASSED] - click(modifiedLink): Object: 'Object Repository/Objects.ClickLinkDependingOnTextAndIndex/linkToModify' is clicked on

2020-06-05 11:44:08 - [MESSAGE][PASSED] - Object: 'Object Repository/Objects.ClickLinkDependingOnTextAndIndex/linkToModify' is clicked on

2020-06-05 11:44:08 - [MESSAGE][PASSED] - Call Test Case 'Test Cases/Components/ClickLinkDependingOnTextAndIndex' successfully

2020-06-05 11:44:08 - [TEST_STEP][PASSED] - callTestCase(findTestCase("Components/VerifyPageSuccessfullyLoadedII"), ["PageNm":"Summary"], STOP_ON_FAILURE): Call Test Case 'Test Cases/Components/VerifyPageSuccessfullyLoadedII' successfully

2020-06-05 11:44:08 - [TEST_CASE][PASSED] - Test Cases/Components/VerifyPageSuccessfullyLoadedII: Test Cases/Components/VerifyPageSuccessfullyLoadedII

2020-06-05 11:44:08 - [TEST_STEP][PASSED] - waitForPageLoad(5): Wait for page load successfully

2020-06-05 11:44:08 - [MESSAGE][PASSED] - Wait for page load successfully

2020-06-05 11:44:08 - [TEST_STEP][PASSED] - modifiedInputFld = modifyObjectProperty(findTestObject("Object Repository/Objects.VerifyPageSuccessfullyLoaded/PageHeaderIndex"), "xpath", "equals", "//*[contains(@class,'isps-page-title') and (text()='" + PageNm + "')]", true): Modify property of object successfully

2020-06-05 11:44:09 - [MESSAGE][PASSED] - Modify property of object successfully

2020-06-05 11:44:09 - [TEST_STEP][PASSED] - com.reusableComponents.HighlightElement.run(modifiedInputFld): com.reusableComponents.HighlightElement.run is PASSED

2020-06-05 11:44:12 - [MESSAGE][PASSED] - com.reusableComponents.HighlightElement.run is PASSED

2020-06-05 11:44:12 - [MESSAGE][PASSED] - Call Test Case 'Test Cases/Components/VerifyPageSuccessfullyLoadedII' successfully

2020-06-05 11:44:12 - [TEST_STEP][PASSED] - callTestCase(findTestCase("Components/NavigateToAnyLHS"), ["LHS":"EOT Request"], STOP_ON_FAILURE): Call Test Case 'Test Cases/Components/NavigateToAnyLHS' successfully

2020-06-05 11:44:12 - [TEST_CASE][PASSED] - Test Cases/Components/NavigateToAnyLHS: Test Cases/Components/NavigateToAnyLHS

2020-06-05 11:44:12 - [TEST_STEP][PASSED] - Thread.sleep(1000): null

2020-06-05 11:44:13 - [TEST_STEP][PASSED] - modifiedLHS = modifyObjectProperty(findTestObject("Objects.NavigateToAnyLHS/Page_ISPS2/LHSToModify"), "text", "equals", LHS, true): Modify property of object successfully

2020-06-05 11:44:13 - [MESSAGE][PASSED] - Modify property of object successfully

2020-06-05 11:44:13 - [TEST_STEP][PASSED] - click(modifiedLHS): Object: 'Object Repository/Objects.NavigateToAnyLHS/Page_ISPS2/LHSToModify' is clicked on

2020-06-05 11:44:13 - [MESSAGE][PASSED] - Object: 'Object Repository/Objects.NavigateToAnyLHS/Page_ISPS2/LHSToModify' is clicked on

2020-06-05 11:44:13 - [TEST_STEP][PASSED] - currentLHS = getText(modifiedLHS): Text of object 'Object Repository/Objects.NavigateToAnyLHS/Page_ISPS2/LHSToModify' is: 'EOT Request'

2020-06-05 11:44:13 - [MESSAGE][PASSED] - Text of object 'Object Repository/Objects.NavigateToAnyLHS/Page_ISPS2/LHSToModify' is: 'EOT Request'

2020-06-05 11:44:13 - [TEST_STEP][PASSED] - Thread.sleep(5000): null

2020-06-05 11:44:18 - [MESSAGE][PASSED] - Call Test Case 'Test Cases/Components/NavigateToAnyLHS' successfully

2020-06-05 11:44:18 - [TEST_STEP][PASSED] - callTestCase(findTestCase("Components/VerifyPageSuccessfullyLoadedII"), ["PageNm":"Extension of Time Request"], STOP_ON_FAILURE): Call Test Case 'Test Cases/Components/VerifyPageSuccessfullyLoadedII' successfully

2020-06-05 11:44:18 - [TEST_CASE][PASSED] - Test Cases/Components/VerifyPageSuccessfullyLoadedII: Test Cases/Components/VerifyPageSuccessfullyLoadedII

2020-06-05 11:44:18 - [TEST_STEP][PASSED] - waitForPageLoad(5): Wait for page load successfully

2020-06-05 11:44:18 - [MESSAGE][PASSED] - Wait for page load successfully

2020-06-05 11:44:18 - [TEST_STEP][PASSED] - modifiedInputFld = modifyObjectProperty(findTestObject("Object Repository/Objects.VerifyPageSuccessfullyLoaded/PageHeaderIndex"), "xpath", "equals", "//*[contains(@class,'isps-page-title') and (text()='" + PageNm + "')]", true): Modify property of object successfully

2020-06-05 11:44:18 - [MESSAGE][PASSED] - Modify property of object successfully

2020-06-05 11:44:18 - [TEST_STEP][PASSED] - com.reusableComponents.HighlightElement.run(modifiedInputFld): com.reusableComponents.HighlightElement.run is PASSED

2020-06-05 11:44:19 - [MESSAGE][PASSED] - com.reusableComponents.HighlightElement.run is PASSED

2020-06-05 11:44:19 - [MESSAGE][PASSED] - Call Test Case 'Test Cases/Components/VerifyPageSuccessfullyLoadedII' successfully

2020-06-05 11:44:19 - [TEST_STEP][PASSED] - callTestCase(findTestCase("Components/HighlightLabelField"), ["LblName":"EOT Type *:"], STOP_ON_FAILURE): Call Test Case 'Test Cases/Components/HighlightLabelField' successfully

2020-06-05 11:44:19 - [TEST_CASE][PASSED] - Test Cases/Components/HighlightLabelField: Test Cases/Components/HighlightLabelField

2020-06-05 11:44:19 - [TEST_STEP][PASSED] - Thread.sleep(1000): null

2020-06-05 11:44:20 - [TEST_STEP][PASSED] - modifiedLblNm = modifyObjectProperty(findTestObject("Objects.HighlightElements/lblField"), "text", "equals", LblName, true): Modify property of object successfully

2020-06-05 11:44:20 - [MESSAGE][PASSED] - Modify property of object successfully

2020-06-05 11:44:20 - [TEST_STEP][PASSED] - com.reusableComponents.HighlightElement.run(modifiedLblNm): com.reusableComponents.HighlightElement.run is PASSED

2020-06-05 11:44:21 - [MESSAGE][PASSED] - com.reusableComponents.HighlightElement.run is PASSED

2020-06-05 11:44:21 - [MESSAGE][PASSED] - Call Test Case 'Test Cases/Components/HighlightLabelField' successfully

2020-06-05 11:44:21 - [TEST_STEP][PASSED] - callTestCase(findTestCase("Components/HighlightInputField"), ["InputFldName":"eotTypeCmb"], STOP_ON_FAILURE): Call Test Case 'Test Cases/Components/HighlightInputField' successfully

2020-06-05 11:44:21 - [TEST_CASE][PASSED] - Test Cases/Components/HighlightInputField: Test Cases/Components/HighlightInputField

2020-06-05 11:44:21 - [TEST_STEP][PASSED] - Thread.sleep(1000): null

2020-06-05 11:44:22 - [TEST_STEP][PASSED] - modifiedLblNm = modifyObjectProperty(findTestObject("Objects.HighlightElements/input_field"), "name", "equals", InputFldName, true): Modify property of object successfully

2020-06-05 11:44:22 - [MESSAGE][PASSED] - Modify property of object successfully

2020-06-05 11:44:22 - [TEST_STEP][PASSED] - com.reusableComponents.HighlightElement.run(modifiedLblNm): com.reusableComponents.HighlightElement.run is PASSED

2020-06-05 11:44:23 - [MESSAGE][PASSED] - com.reusableComponents.HighlightElement.run is PASSED

2020-06-05 11:44:23 - [MESSAGE][PASSED] - Call Test Case 'Test Cases/Components/HighlightInputField' successfully

2020-06-05 11:44:23 - [TEST_STEP][PASSED] - callTestCase(findTestCase("PFI Precision and Scale/PFI Components/VerifyDropdownValues"), ["FldNm":"eotTypeCmb", "index":0, "CallTCName":"PFI Precision and Scale/HashMap Tables/ConstantHashMap", "cmbNm":"eotType", ... ], STOP_ON_FAILURE): Call Test Case 'Test Cases/PFI Precision and Scale/PFI Components/VerifyDropdownValues' successfully

2020-06-05 11:44:23 - [TEST_CASE][PASSED] - Test Cases/PFI Precision and Scale/PFI Components/VerifyDropdownValues: Test Cases/PFI Precision and Scale/PFI Components/VerifyDropdownValues

2020-06-05 11:44:23 - [TEST_STEP][PASSED] - Thread.sleep(1000): null

2020-06-05 11:44:24 - [TEST_STEP][PASSED] - NewInputNmField = modifyObjectProperty(findTestObject("Objects.HighlightElements/input_field"), "name", "equals", FldNm, true): Modify property of object successfully

2020-06-05 11:44:24 - [MESSAGE][PASSED] - Modify property of object successfully

2020-06-05 11:44:24 - [TEST_STEP][PASSED] - comboNm = cmbNm: null

2020-06-05 11:44:24 - [TEST_STEP][PASSED] - focus(NewInputNmField): Object: 'Object Repository/Objects.HighlightElements/input_field' is focused

2020-06-05 11:44:24 - [MESSAGE][PASSED] - Object: 'Object Repository/Objects.HighlightElements/input_field' is focused

2020-06-05 11:44:24 - [TEST_STEP][PASSED] - setText(NewInputNmField, EnterValue): Text '' is set on object 'Object Repository/Objects.HighlightElements/input_field'

2020-06-05 11:44:24 - [MESSAGE][PASSED] - Text '' is set on object 'Object Repository/Objects.HighlightElements/input_field'

2020-06-05 11:44:24 - [TEST_STEP][PASSED] - for ([i = 1, i <= NoOfVal, (i++)]): Keys 'DOWN + ' sent to object: 'Object Repository/Objects.HighlightElements/input_field'

2020-06-05 11:44:24 - [TEST_STEP][PASSED] - sendKeys(NewInputNmField, Keys.chord(ARROW_DOWN)): Keys 'DOWN + ' sent to object: 'Object Repository/Objects.HighlightElements/input_field'

2020-06-05 11:44:24 - [MESSAGE][PASSED] - Keys 'DOWN + ' sent to object: 'Object Repository/Objects.HighlightElements/input_field'

2020-06-05 11:44:24 - [TEST_STEP][PASSED] - delay(DelayTime): Delayed 3 second(s)

2020-06-05 11:44:27 - [MESSAGE][PASSED] - Delayed 3 second(s)

2020-06-05 11:44:27 - [TEST_STEP][PASSED] - sendKeys(NewInputNmField, Keys.chord(ENTER)): Keys 'ENTER + ' sent to object: 'Object Repository/Objects.HighlightElements/input_field'

2020-06-05 11:44:27 - [MESSAGE][PASSED] - Keys 'ENTER + ' sent to object: 'Object Repository/Objects.HighlightElements/input_field'

2020-06-05 11:44:27 - [TEST_STEP][PASSED] - ComboBoxValue = getAttribute(NewInputNmField, "value"): Attribute 'value' of object 'Object Repository/Objects.HighlightElements/input_field' is: ''

2020-06-05 11:44:27 - [MESSAGE][PASSED] - Attribute 'value' of object 'Object Repository/Objects.HighlightElements/input_field' is: ''

2020-06-05 11:44:27 - [TEST_STEP][PASSED] - callTestCase(findTestCase(CallTCName), ["FindValue":ComboBoxValue, "DropdownNm":comboNm], STOP_ON_FAILURE): Call Test Case 'Test Cases/PFI Precision and Scale/HashMap Tables/ConstantHashMap' successfully

2020-06-05 11:44:27 - [TEST_CASE][PASSED] - Test Cases/PFI Precision and Scale/HashMap Tables/ConstantHashMap: Test Cases/PFI Precision and Scale/HashMap Tables/ConstantHashMap

2020-06-05 11:44:28 - [TEST_STEP][PASSED] - ConstantTBL = [1:["PeriodType":"Working Day(s)"], 2:["PeriodType":"Calendar Day(s)"], 3:["PeriodType":"Month(s)"], 4:["TypeOfLetter":"T1"], ... ]: null

2020-06-05 11:44:28 - [TEST_STEP][PASSED] - switch (DropdownNm): null

2020-06-05 11:44:28 - [TEST_STEP][PASSED] - case "eotType":: null

2020-06-05 11:44:28 - [TEST_STEP][PASSED] - ValueFound = ConstantTBL.find({ -> ... }): null

2020-06-05 11:44:28 - [TEST_STEP][PASSED] - break: null

2020-06-05 11:44:28 - [MESSAGE][PASSED] - Call Test Case 'Test Cases/PFI Precision and Scale/HashMap Tables/ConstantHashMap' successfully

2020-06-05 11:44:28 - [TEST_STEP][PASSED] - println(ValueFound): null

2020-06-05 11:44:28 - [TEST_STEP][PASSED] - sendKeys(NewInputNmField, Keys.chord(ARROW_DOWN)): Keys 'DOWN + ' sent to object: 'Object Repository/Objects.HighlightElements/input_field'

2020-06-05 11:44:28 - [MESSAGE][PASSED] - Keys 'DOWN + ' sent to object: 'Object Repository/Objects.HighlightElements/input_field'

2020-06-05 11:44:28 - [TEST_STEP][PASSED] - sendKeys(NewInputNmField, Keys.chord(ARROW_DOWN)): Keys 'DOWN + ' sent to object: 'Object Repository/Objects.HighlightElements/input_field'

2020-06-05 11:44:28 - [MESSAGE][PASSED] - Keys 'DOWN + ' sent to object: 'Object Repository/Objects.HighlightElements/input_field'

2020-06-05 11:44:28 - [TEST_STEP][PASSED] - delay(DelayTime): Delayed 3 second(s)

2020-06-05 11:44:31 - [MESSAGE][PASSED] - Delayed 3 second(s)

2020-06-05 11:44:31 - [TEST_STEP][PASSED] - sendKeys(NewInputNmField, Keys.chord(ENTER)): Keys 'ENTER + ' sent to object: 'Object Repository/Objects.HighlightElements/input_field'

2020-06-05 11:44:31 - [MESSAGE][PASSED] - Keys 'ENTER + ' sent to object: 'Object Repository/Objects.HighlightElements/input_field'

2020-06-05 11:44:31 - [TEST_STEP][PASSED] - ComboBoxValue = getAttribute(NewInputNmField, "value"): Attribute 'value' of object 'Object Repository/Objects.HighlightElements/input_field' is: 'Appointment of PE for Visual Inspection'

2020-06-05 11:44:31 - [MESSAGE][PASSED] - Attribute 'value' of object 'Object Repository/Objects.HighlightElements/input_field' is: 'Appointment of PE for Visual Inspection'

2020-06-05 11:44:31 - [TEST_STEP][PASSED] - callTestCase(findTestCase(CallTCName), ["FindValue":ComboBoxValue, "DropdownNm":comboNm], STOP_ON_FAILURE): Call Test Case 'Test Cases/PFI Precision and Scale/HashMap Tables/ConstantHashMap' successfully

2020-06-05 11:44:31 - [TEST_CASE][PASSED] - Test Cases/PFI Precision and Scale/HashMap Tables/ConstantHashMap: Test Cases/PFI Precision and Scale/HashMap Tables/ConstantHashMap

2020-06-05 11:44:31 - [TEST_STEP][PASSED] - ConstantTBL = [1:["PeriodType":"Working Day(s)"], 2:["PeriodType":"Calendar Day(s)"], 3:["PeriodType":"Month(s)"], 4:["TypeOfLetter":"T1"], ... ]: null

2020-06-05 11:44:31 - [TEST_STEP][PASSED] - switch (DropdownNm): null

2020-06-05 11:44:31 - [TEST_STEP][PASSED] - case "eotType":: null

2020-06-05 11:44:31 - [TEST_STEP][PASSED] - ValueFound = ConstantTBL.find({ -> ... }): null

2020-06-05 11:44:31 - [TEST_STEP][PASSED] - break: null

2020-06-05 11:44:31 - [MESSAGE][PASSED] - Call Test Case 'Test Cases/PFI Precision and Scale/HashMap Tables/ConstantHashMap' successfully

2020-06-05 11:44:31 - [TEST_STEP][PASSED] - println(ValueFound): null

2020-06-05 11:44:31 - [TEST_STEP][PASSED] - sendKeys(NewInputNmField, Keys.chord(ARROW_DOWN)): Keys 'DOWN + ' sent to object: 'Object Repository/Objects.HighlightElements/input_field'

2020-06-05 11:44:33 - [MESSAGE][PASSED] - Keys 'DOWN + ' sent to object: 'Object Repository/Objects.HighlightElements/input_field'

2020-06-05 11:44:33 - [TEST_STEP][PASSED] - sendKeys(NewInputNmField, Keys.chord(ARROW_DOWN)): Keys 'DOWN + ' sent to object: 'Object Repository/Objects.HighlightElements/input_field'

2020-06-05 11:44:33 - [MESSAGE][PASSED] - Keys 'DOWN + ' sent to object: 'Object Repository/Objects.HighlightElements/input_field'

2020-06-05 11:44:33 - [TEST_STEP][PASSED] - delay(DelayTime): Delayed 3 second(s)

2020-06-05 11:44:36 - [MESSAGE][PASSED] - Delayed 3 second(s)

2020-06-05 11:44:36 - [TEST_STEP][PASSED] - sendKeys(NewInputNmField, Keys.chord(ENTER)): Keys 'ENTER + ' sent to object: 'Object Repository/Objects.HighlightElements/input_field'

2020-06-05 11:44:36 - [MESSAGE][PASSED] - Keys 'ENTER + ' sent to object: 'Object Repository/Objects.HighlightElements/input_field'

2020-06-05 11:44:36 - [TEST_STEP][PASSED] - ComboBoxValue = getAttribute(NewInputNmField, "value"): Attribute 'value' of object 'Object Repository/Objects.HighlightElements/input_field' is: 'Appointment of PE for FSI'

2020-06-05 11:44:36 - [MESSAGE][PASSED] - Attribute 'value' of object 'Object Repository/Objects.HighlightElements/input_field' is: 'Appointment of PE for FSI'

2020-06-05 11:44:36 - [TEST_STEP][PASSED] - callTestCase(findTestCase(CallTCName), ["FindValue":ComboBoxValue, "DropdownNm":comboNm], STOP_ON_FAILURE): Call Test Case 'Test Cases/PFI Precision and Scale/HashMap Tables/ConstantHashMap' successfully

2020-06-05 11:44:36 - [TEST_CASE][PASSED] - Test Cases/PFI Precision and Scale/HashMap Tables/ConstantHashMap: Test Cases/PFI Precision and Scale/HashMap Tables/ConstantHashMap

2020-06-05 11:44:36 - [TEST_STEP][PASSED] - ConstantTBL = [1:["PeriodType":"Working Day(s)"], 2:["PeriodType":"Calendar Day(s)"], 3:["PeriodType":"Month(s)"], 4:["TypeOfLetter":"T1"], ... ]: null

2020-06-05 11:44:36 - [TEST_STEP][PASSED] - switch (DropdownNm): null

2020-06-05 11:44:36 - [TEST_STEP][PASSED] - case "eotType":: null

2020-06-05 11:44:36 - [TEST_STEP][PASSED] - ValueFound = ConstantTBL.find({ -> ... }): null

2020-06-05 11:44:36 - [TEST_STEP][PASSED] - break: null

2020-06-05 11:44:36 - [MESSAGE][PASSED] - Call Test Case 'Test Cases/PFI Precision and Scale/HashMap Tables/ConstantHashMap' successfully

2020-06-05 11:44:36 - [TEST_STEP][PASSED] - println(ValueFound): null

2020-06-05 11:44:36 - [TEST_STEP][PASSED] - sendKeys(NewInputNmField, Keys.chord(ARROW_DOWN)): Keys 'DOWN + ' sent to object: 'Object Repository/Objects.HighlightElements/input_field'

2020-06-05 11:44:36 - [MESSAGE][PASSED] - Keys 'DOWN + ' sent to object: 'Object Repository/Objects.HighlightElements/input_field'

2020-06-05 11:44:36 - [TEST_STEP][PASSED] - sendKeys(NewInputNmField, Keys.chord(ARROW_DOWN)): Keys 'DOWN + ' sent to object: 'Object Repository/Objects.HighlightElements/input_field'

2020-06-05 11:44:36 - [MESSAGE][PASSED] - Keys 'DOWN + ' sent to object: 'Object Repository/Objects.HighlightElements/input_field'

2020-06-05 11:44:36 - [TEST_STEP][PASSED] - delay(DelayTime): Delayed 3 second(s)

2020-06-05 11:44:39 - [MESSAGE][PASSED] - Delayed 3 second(s)

2020-06-05 11:44:39 - [TEST_STEP][PASSED] - sendKeys(NewInputNmField, Keys.chord(ENTER)): Keys 'ENTER + ' sent to object: 'Object Repository/Objects.HighlightElements/input_field'

2020-06-05 11:44:39 - [MESSAGE][PASSED] - Keys 'ENTER + ' sent to object: 'Object Repository/Objects.HighlightElements/input_field'

2020-06-05 11:44:39 - [TEST_STEP][PASSED] - ComboBoxValue = getAttribute(NewInputNmField, "value"): Attribute 'value' of object 'Object Repository/Objects.HighlightElements/input_field' is: 'Submission of VIR'

2020-06-05 11:44:39 - [MESSAGE][PASSED] - Attribute 'value' of object 'Object Repository/Objects.HighlightElements/input_field' is: 'Submission of VIR'

2020-06-05 11:44:39 - [TEST_STEP][PASSED] - callTestCase(findTestCase(CallTCName), ["FindValue":ComboBoxValue, "DropdownNm":comboNm], STOP_ON_FAILURE): Call Test Case 'Test Cases/PFI Precision and Scale/HashMap Tables/ConstantHashMap' successfully

2020-06-05 11:44:39 - [TEST_CASE][PASSED] - Test Cases/PFI Precision and Scale/HashMap Tables/ConstantHashMap: Test Cases/PFI Precision and Scale/HashMap Tables/ConstantHashMap

2020-06-05 11:44:39 - [TEST_STEP][PASSED] - ConstantTBL = [1:["PeriodType":"Working Day(s)"], 2:["PeriodType":"Calendar Day(s)"], 3:["PeriodType":"Month(s)"], 4:["TypeOfLetter":"T1"], ... ]: null

2020-06-05 11:44:39 - [TEST_STEP][PASSED] - switch (DropdownNm): null

2020-06-05 11:44:39 - [TEST_STEP][PASSED] - case "eotType":: null

2020-06-05 11:44:39 - [TEST_STEP][PASSED] - ValueFound = ConstantTBL.find({ -> ... }): null

2020-06-05 11:44:39 - [TEST_STEP][PASSED] - break: null

2020-06-05 11:44:39 - [MESSAGE][PASSED] - Call Test Case 'Test Cases/PFI Precision and Scale/HashMap Tables/ConstantHashMap' successfully

2020-06-05 11:44:39 - [TEST_STEP][PASSED] - println(ValueFound): null

2020-06-05 11:44:39 - [TEST_STEP][PASSED] - sendKeys(NewInputNmField, Keys.chord(ARROW_DOWN)): Keys 'DOWN + ' sent to object: 'Object Repository/Objects.HighlightElements/input_field'

2020-06-05 11:44:39 - [MESSAGE][PASSED] - Keys 'DOWN + ' sent to object: 'Object Repository/Objects.HighlightElements/input_field'

2020-06-05 11:44:39 - [TEST_STEP][PASSED] - sendKeys(NewInputNmField, Keys.chord(ARROW_DOWN)): Keys 'DOWN + ' sent to object: 'Object Repository/Objects.HighlightElements/input_field'

2020-06-05 11:44:39 - [MESSAGE][PASSED] - Keys 'DOWN + ' sent to object: 'Object Repository/Objects.HighlightElements/input_field'

2020-06-05 11:44:39 - [TEST_STEP][PASSED] - delay(DelayTime): Delayed 3 second(s)

2020-06-05 11:44:42 - [MESSAGE][PASSED] - Delayed 3 second(s)

2020-06-05 11:44:42 - [TEST_STEP][PASSED] - sendKeys(NewInputNmField, Keys.chord(ENTER)): Keys 'ENTER + ' sent to object: 'Object Repository/Objects.HighlightElements/input_field'

2020-06-05 11:44:42 - [MESSAGE][PASSED] - Keys 'ENTER + ' sent to object: 'Object Repository/Objects.HighlightElements/input_field'

2020-06-05 11:44:42 - [TEST_STEP][PASSED] - ComboBoxValue = getAttribute(NewInputNmField, "value"): Attribute 'value' of object 'Object Repository/Objects.HighlightElements/input_field' is: 'Submission of FSI Report'

2020-06-05 11:44:42 - [MESSAGE][PASSED] - Attribute 'value' of object 'Object Repository/Objects.HighlightElements/input_field' is: 'Submission of FSI Report'

2020-06-05 11:44:42 - [TEST_STEP][PASSED] - callTestCase(findTestCase(CallTCName), ["FindValue":ComboBoxValue, "DropdownNm":comboNm], STOP_ON_FAILURE): Call Test Case 'Test Cases/PFI Precision and Scale/HashMap Tables/ConstantHashMap' successfully

2020-06-05 11:44:42 - [TEST_CASE][PASSED] - Test Cases/PFI Precision and Scale/HashMap Tables/ConstantHashMap: Test Cases/PFI Precision and Scale/HashMap Tables/ConstantHashMap

2020-06-05 11:44:42 - [TEST_STEP][PASSED] - ConstantTBL = [1:["PeriodType":"Working Day(s)"], 2:["PeriodType":"Calendar Day(s)"], 3:["PeriodType":"Month(s)"], 4:["TypeOfLetter":"T1"], ... ]: null

2020-06-05 11:44:42 - [TEST_STEP][PASSED] - switch (DropdownNm): null

2020-06-05 11:44:42 - [TEST_STEP][PASSED] - case "eotType":: null

2020-06-05 11:44:42 - [TEST_STEP][PASSED] - ValueFound = ConstantTBL.find({ -> ... }): null

2020-06-05 11:44:42 - [TEST_STEP][PASSED] - break: null

2020-06-05 11:44:42 - [MESSAGE][PASSED] - Call Test Case 'Test Cases/PFI Precision and Scale/HashMap Tables/ConstantHashMap' successfully

2020-06-05 11:44:42 - [TEST_STEP][PASSED] - println(ValueFound): null

2020-06-05 11:44:42 - [TEST_STEP][PASSED] - sendKeys(NewInputNmField, Keys.chord(ARROW_DOWN)): Keys 'DOWN + ' sent to object: 'Object Repository/Objects.HighlightElements/input_field'

2020-06-05 11:44:42 - [MESSAGE][PASSED] - Keys 'DOWN + ' sent to object: 'Object Repository/Objects.HighlightElements/input_field'

2020-06-05 11:44:42 - [TEST_STEP][PASSED] - sendKeys(NewInputNmField, Keys.chord(ENTER)): Keys 'ENTER + ' sent to object: 'Object Repository/Objects.HighlightElements/input_field'

2020-06-05 11:44:42 - [MESSAGE][PASSED] - Keys 'ENTER + ' sent to object: 'Object Repository/Objects.HighlightElements/input_field'

2020-06-05 11:44:42 - [MESSAGE][PASSED] - Call Test Case 'Test Cases/PFI Precision and Scale/PFI Components/VerifyDropdownValues' successfully

2020-06-05 11:44:42 - [TEST_STEP][PASSED] - callTestCase(findTestCase("Components/HighlightLabelField"), ["LblName":"EOT From Date *:"], STOP_ON_FAILURE): Call Test Case 'Test Cases/Components/HighlightLabelField' successfully

2020-06-05 11:44:42 - [TEST_CASE][PASSED] - Test Cases/Components/HighlightLabelField: Test Cases/Components/HighlightLabelField

2020-06-05 11:44:42 - [TEST_STEP][PASSED] - Thread.sleep(1000): null

2020-06-05 11:44:43 - [TEST_STEP][PASSED] - modifiedLblNm = modifyObjectProperty(findTestObject("Objects.HighlightElements/lblField"), "text", "equals", LblName, true): Modify property of object successfully

2020-06-05 11:44:43 - [MESSAGE][PASSED] - Modify property of object successfully

2020-06-05 11:44:43 - [TEST_STEP][PASSED] - com.reusableComponents.HighlightElement.run(modifiedLblNm): com.reusableComponents.HighlightElement.run is PASSED

2020-06-05 11:44:44 - [MESSAGE][PASSED] - com.reusableComponents.HighlightElement.run is PASSED

2020-06-05 11:44:44 - [MESSAGE][PASSED] - Call Test Case 'Test Cases/Components/HighlightLabelField' successfully

2020-06-05 11:44:44 - [TEST_STEP][PASSED] - callTestCase(findTestCase("Components/HighlightInputField"), ["InputFldName":"eotFromDate"], STOP_ON_FAILURE): Call Test Case 'Test Cases/Components/HighlightInputField' successfully

2020-06-05 11:44:44 - [TEST_CASE][PASSED] - Test Cases/Components/HighlightInputField: Test Cases/Components/HighlightInputField

2020-06-05 11:44:44 - [TEST_STEP][PASSED] - Thread.sleep(1000): null

2020-06-05 11:44:45 - [TEST_STEP][PASSED] - modifiedLblNm = modifyObjectProperty(findTestObject("Objects.HighlightElements/input_field"), "name", "equals", InputFldName, true): Modify property of object successfully

2020-06-05 11:44:45 - [MESSAGE][PASSED] - Modify property of object successfully

2020-06-05 11:44:45 - [TEST_STEP][PASSED] - com.reusableComponents.HighlightElement.run(modifiedLblNm): com.reusableComponents.HighlightElement.run is PASSED

2020-06-05 11:44:45 - [MESSAGE][PASSED] - com.reusableComponents.HighlightElement.run is PASSED

2020-06-05 11:44:45 - [MESSAGE][PASSED] - Call Test Case 'Test Cases/Components/HighlightInputField' successfully

2020-06-05 11:44:45 - [TEST_STEP][PASSED] - callTestCase(findTestCase("PFI Precision and Scale/PFI Components/SelectDayInDatePicker"), ["FldNm":"eotFromDate", "SelectDay":"June 08"], STOP_ON_FAILURE): Call Test Case 'Test Cases/PFI Precision and Scale/PFI Components/SelectDayInDatePicker' successfully

2020-06-05 11:44:46 - [TEST_CASE][PASSED] - Test Cases/PFI Precision and Scale/PFI Components/SelectDayInDatePicker: Test Cases/PFI Precision and Scale/PFI Components/SelectDayInDatePicker

2020-06-05 11:44:46 - [TEST_STEP][PASSED] - Thread.sleep(1000): null

2020-06-05 11:44:47 - [TEST_STEP][PASSED] - DateFieldNm = modifyObjectProperty(findTestObject("Objects.HighlightElements/input_field"), "name", "equals", FldNm, true): Modify property of object successfully

2020-06-05 11:44:47 - [MESSAGE][PASSED] - Modify property of object successfully

2020-06-05 11:44:47 - [TEST_STEP][PASSED] - ModifyDay = modifyObjectProperty(findTestObject("Objects.DateValidation/Page_ISPS2/Select_Day"), "aria-label", "equals", SelectDay, true): Modify property of object successfully

2020-06-05 11:44:47 - [MESSAGE][PASSED] - Modify property of object successfully

2020-06-05 11:44:47 - [TEST_STEP][PASSED] - sendKeys(DateFieldNm, Keys.chord(ARROW_DOWN)): Keys 'DOWN + ' sent to object: 'Object Repository/Objects.HighlightElements/input_field'

2020-06-05 11:44:47 - [MESSAGE][PASSED] - Keys 'DOWN + ' sent to object: 'Object Repository/Objects.HighlightElements/input_field'

2020-06-05 11:44:47 - [TEST_STEP][PASSED] - com.reusableComponents.HighlightElement.run(ModifyDay): com.reusableComponents.HighlightElement.run is PASSED

2020-06-05 11:44:48 - [MESSAGE][PASSED] - com.reusableComponents.HighlightElement.run is PASSED

2020-06-05 11:44:48 - [TEST_STEP][PASSED] - delay(1): Delayed 1 second(s)

2020-06-05 11:44:49 - [MESSAGE][PASSED] - Delayed 1 second(s)

2020-06-05 11:44:49 - [TEST_STEP][PASSED] - click(ModifyDay): Object: 'Object Repository/Objects.DateValidation/Page_ISPS2/Select_Day' is clicked on

2020-06-05 11:44:49 - [MESSAGE][PASSED] - Object: 'Object Repository/Objects.DateValidation/Page_ISPS2/Select_Day' is clicked on

2020-06-05 11:44:49 - [TEST_STEP][PASSED] - GetError = getAttribute(DateFieldNm, "data-errorqtip"): Attribute 'data-errorqtip' of object 'Object Repository/Objects.HighlightElements/input_field' is: ''

2020-06-05 11:44:49 - [MESSAGE][PASSED] - Attribute 'data-errorqtip' of object 'Object Repository/Objects.HighlightElements/input_field' is: ''

2020-06-05 11:44:49 - [TEST_STEP][PASSED] - if (GetError == ""): Date Format is valid

2020-06-05 11:44:49 - [TEST_STEP][PASSED] - GetEnteredDate = getAttribute(DateFieldNm, "value"): Attribute 'value' of object 'Object Repository/Objects.HighlightElements/input_field' is: '08/06/2020'

2020-06-05 11:44:49 - [MESSAGE][PASSED] - Attribute 'value' of object 'Object Repository/Objects.HighlightElements/input_field' is: '08/06/2020'

2020-06-05 11:44:49 - [TEST_STEP][PASSED] - DatePattern = Pattern.compile("^(1[0-2]|0[1-9])/(3[01]|[12][0-9]|0[1-9])/[0-9]{4}$"): null

2020-06-05 11:44:49 - [TEST_STEP][PASSED] - VerifyDateFormat = DatePattern.matcher(GetEnteredDate): null

2020-06-05 11:44:49 - [TEST_STEP][PASSED] - if (VerifyDateFormat.matches() == true): Date Format is valid

2020-06-05 11:44:49 - [TEST_STEP][PASSED] - comment("Date Format is valid"): Date Format is valid

2020-06-05 11:44:49 - [MESSAGE][INFO] - Date Format is valid

2020-06-05 11:44:49 - [MESSAGE][PASSED] - Call Test Case 'Test Cases/PFI Precision and Scale/PFI Components/SelectDayInDatePicker' successfully

2020-06-05 11:44:49 - [TEST_STEP][PASSED] - callTestCase(findTestCase("PFI Precision and Scale/PFI Components/NumericTextboxValidationII"), ["nameToBeUsed":"eotFromDate", "minLen":11, "index":0], STOP_ON_FAILURE): Call Test Case 'Test Cases/PFI Precision and Scale/PFI Components/NumericTextboxValidationII' successfully

2020-06-05 11:44:49 - [TEST_CASE][PASSED] - Test Cases/PFI Precision and Scale/PFI Components/NumericTextboxValidationII: Test Cases/PFI Precision and Scale/PFI Components/NumericTextboxValidationII

2020-06-05 11:44:49 - [TEST_STEP][PASSED] - Thread.sleep(1000): null

2020-06-05 11:44:50 - [TEST_STEP][PASSED] - Numeric = "0123456789": null

2020-06-05 11:44:50 - [TEST_STEP][PASSED] - AlphaSpecialChar = z) + "`~!@#$%^&*()=_{}|\][;'":,?><"".join(): null

2020-06-05 11:44:50 - [TEST_STEP][PASSED] - RandomNumeric = RandomStringUtils.random(minLen, Numeric.toCharArray()): null

2020-06-05 11:44:50 - [TEST_STEP][PASSED] - RandomString = RandomStringUtils.random(minLen, AlphaSpecialChar): null

2020-06-05 11:44:50 - [TEST_STEP][PASSED] - regexPat = Pattern.compile("^[0-9]+$"): null

2020-06-05 11:44:50 - [TEST_STEP][PASSED] - NewInputNmField = modifyObjectProperty(findTestObject("Objects.RemarksValidation/input_Remarks"), "name", "equals", nameToBeUsed, true): Modify property of object successfully

2020-06-05 11:44:50 - [MESSAGE][PASSED] - Modify property of object successfully

2020-06-05 11:44:50 - [TEST_STEP][PASSED] - focus(NewInputNmField): Object: 'Object Repository/Objects.RemarksValidation/input_Remarks' is focused

2020-06-05 11:44:50 - [MESSAGE][PASSED] - Object: 'Object Repository/Objects.RemarksValidation/input_Remarks' is focused

2020-06-05 11:44:50 - [TEST_STEP][PASSED] - setText(NewInputNmField, RandomString): Text 'K<Q|\jUlzzm' is set on object 'Object Repository/Objects.RemarksValidation/input_Remarks'

2020-06-05 11:44:51 - [MESSAGE][PASSED] - Text 'K<Q|\jUlzzm' is set on object 'Object Repository/Objects.RemarksValidation/input_Remarks'

2020-06-05 11:44:51 - [TEST_STEP][PASSED] - GetInputVal = getAttribute(NewInputNmField, "value"): Attribute 'value' of object 'Object Repository/Objects.RemarksValidation/input_Remarks' is: ''

2020-06-05 11:44:51 - [MESSAGE][PASSED] - Attribute 'value' of object 'Object Repository/Objects.RemarksValidation/input_Remarks' is: ''

2020-06-05 11:44:51 - [TEST_STEP][PASSED] - if (GetInputVal.contains("e")): null

2020-06-05 11:44:51 - [TEST_STEP][PASSED] - else: Actual text '' and expected text '' are matched  using regular expression

2020-06-05 11:44:51 - [TEST_STEP][PASSED] - verifyMatch(GetInputVal, "", true): Actual text '' and expected text '' are matched  using regular expression

2020-06-05 11:44:51 - [MESSAGE][PASSED] - Actual text '' and expected text '' are matched  using regular expression

2020-06-05 11:44:51 - [TEST_STEP][PASSED] - setText(NewInputNmField, RandomNumeric): Text '55648977032' is set on object 'Object Repository/Objects.RemarksValidation/input_Remarks'

2020-06-05 11:44:51 - [MESSAGE][PASSED] - Text '55648977032' is set on object 'Object Repository/Objects.RemarksValidation/input_Remarks'

2020-06-05 11:44:51 - [TEST_STEP][PASSED] - GetEnteredIntegers = getAttribute(NewInputNmField, "value"): Attribute 'value' of object 'Object Repository/Objects.RemarksValidation/input_Remarks' is: '55648977032'

2020-06-05 11:44:51 - [MESSAGE][PASSED] - Attribute 'value' of object 'Object Repository/Objects.RemarksValidation/input_Remarks' is: '55648977032'

2020-06-05 11:44:51 - [TEST_STEP][PASSED] - matchStr = regexPat.matcher(GetEnteredIntegers): null

2020-06-05 11:44:51 - [TEST_STEP][PASSED] - if (matchStr.matches() == true): Accepting Numeric

2020-06-05 11:44:51 - [TEST_STEP][PASSED] - comment("Accepting Numeric"): Accepting Numeric

2020-06-05 11:44:51 - [MESSAGE][INFO] - Accepting Numeric

2020-06-05 11:44:51 - [MESSAGE][PASSED] - Call Test Case 'Test Cases/PFI Precision and Scale/PFI Components/NumericTextboxValidationII' successfully

2020-06-05 11:44:51 - [TEST_STEP][PASSED] - callTestCase(findTestCase("PFI Precision and Scale/PFI Components/StartTimeError"), ["FldNm":"eotFromDate", "index":0], STOP_ON_FAILURE): Call Test Case 'Test Cases/PFI Precision and Scale/PFI Components/StartTimeError' successfully

2020-06-05 11:44:51 - [TEST_CASE][PASSED] - Test Cases/PFI Precision and Scale/PFI Components/StartTimeError: Test Cases/PFI Precision and Scale/PFI Components/StartTimeError

2020-06-05 11:44:51 - [TEST_STEP][PASSED] - Thread.sleep(1000): null

2020-06-05 11:44:52 - [TEST_STEP][PASSED] - if (index == 0): Modify property of object successfully

2020-06-05 11:44:52 - [TEST_STEP][PASSED] - NewInputNmField = modifyObjectProperty(findTestObject("Objects.HighlightElements/input_field"), "name", "equals", FldNm, true): Modify property of object successfully

2020-06-05 11:44:52 - [MESSAGE][PASSED] - Modify property of object successfully

2020-06-05 11:44:52 - [TEST_STEP][PASSED] - mouseOver(NewInputNmField): Object: 'Object Repository/Objects.HighlightElements/input_field' is hovered

2020-06-05 11:44:52 - [MESSAGE][PASSED] - Object: 'Object Repository/Objects.HighlightElements/input_field' is hovered

2020-06-05 11:44:52 - [TEST_STEP][PASSED] - getInputInvalidDate = getAttribute(NewInputNmField, "value"): Attribute 'value' of object 'Object Repository/Objects.HighlightElements/input_field' is: '55648977032'

2020-06-05 11:44:52 - [MESSAGE][PASSED] - Attribute 'value' of object 'Object Repository/Objects.HighlightElements/input_field' is: '55648977032'

2020-06-05 11:44:52 - [TEST_STEP][PASSED] - getErrMsg = getAttribute(NewInputNmField, "data-errorqtip"): Attribute 'data-errorqtip' of object 'Object Repository/Objects.HighlightElements/input_field' is: '<ul class="x-list-plain"><li>Start time must be less than end time</li><li>55648977032 is not a valid date - it must be in the format d/m/Y</li></ul>'

2020-06-05 11:44:52 - [MESSAGE][PASSED] - Attribute 'data-errorqtip' of object 'Object Repository/Objects.HighlightElements/input_field' is: '<ul class="x-list-plain"><li>Start time must be less than end time</li><li>55648977032 is not a valid date - it must be in the format d/m/Y</li></ul>'

2020-06-05 11:44:52 - [TEST_STEP][PASSED] - RmvCd = getErrMsg.substring(0, 75): null

2020-06-05 11:44:52 - [TEST_STEP][PASSED] - FirstErrMsg = RmvCd.substring(29, 66): null

2020-06-05 11:44:52 - [TEST_STEP][PASSED] - getTotalLength = getErrMsg.length(): null

2020-06-05 11:44:52 - [TEST_STEP][PASSED] - RmvCd = getErrMsg.substring(75, getTotalLength): null

2020-06-05 11:44:52 - [TEST_STEP][PASSED] - lenInv = RmvCd.length() - 10: null

2020-06-05 11:44:52 - [TEST_STEP][PASSED] - InvErrMsg = RmvCd.substring(0, lenInv): null

2020-06-05 11:44:52 - [TEST_STEP][PASSED] - ExpectedInvalidErrMsg2 = concatenate(InvDtErr, " ", getInputInvalidDate, " ", NotValidDt): Concatenated string array: '['Start time must be less than end time',' ','55648977032',' ','is not a valid date - it must be in the format d/m/Y']' into 'Start time must be less than end time 55648977032 is not a valid date - it must be in the format d/m/Y'

2020-06-05 11:44:52 - [MESSAGE][PASSED] - Concatenated string array: '['Start time must be less than end time',' ','55648977032',' ','is not a valid date - it must be in the format d/m/Y']' into 'Start time must be less than end time 55648977032 is not a valid date - it must be in the format d/m/Y'

2020-06-05 11:44:52 - [TEST_STEP][PASSED] - ActualInvErrMsg = concatenate(FirstErrMsg, " ", InvErrMsg): Concatenated string array: '['Start time must be less than end time',' ','55648977032 is not a valid date - it must be in the format d/m/Y']' into 'Start time must be less than end time 55648977032 is not a valid date - it must be in the format d/m/Y'

2020-06-05 11:44:52 - [MESSAGE][PASSED] - Concatenated string array: '['Start time must be less than end time',' ','55648977032 is not a valid date - it must be in the format d/m/Y']' into 'Start time must be less than end time 55648977032 is not a valid date - it must be in the format d/m/Y'

2020-06-05 11:44:52 - [TEST_STEP][PASSED] - verifyMatch(ActualInvErrMsg, ExpectedInvalidErrMsg2, true): Actual text 'Start time must be less than end time 55648977032 is not a valid date - it must be in the format d/m/Y' and expected text 'Start time must be less than end time 55648977032 is not a valid date - it must be in the format d/m/Y' are matched  using regular expression

2020-06-05 11:44:52 - [MESSAGE][PASSED] - Actual text 'Start time must be less than end time 55648977032 is not a valid date - it must be in the format d/m/Y' and expected text 'Start time must be less than end time 55648977032 is not a valid date - it must be in the format d/m/Y' are matched  using regular expression

2020-06-05 11:44:52 - [MESSAGE][PASSED] - Call Test Case 'Test Cases/PFI Precision and Scale/PFI Components/StartTimeError' successfully

2020-06-05 11:44:52 - [TEST_STEP][PASSED] - callTestCase(findTestCase("PFI Precision and Scale/PFI Components/SelectTodayInDatePicker"), ["FldNm":"eotFromDate", "index":"1"], STOP_ON_FAILURE): Call Test Case 'Test Cases/PFI Precision and Scale/PFI Components/SelectTodayInDatePicker' successfully

2020-06-05 11:44:52 - [TEST_CASE][PASSED] - Test Cases/PFI Precision and Scale/PFI Components/SelectTodayInDatePicker: Test Cases/PFI Precision and Scale/PFI Components/SelectTodayInDatePicker

2020-06-05 11:44:53 - [TEST_STEP][PASSED] - Thread.sleep(1000): null

2020-06-05 11:44:54 - [TEST_STEP][PASSED] - date = new java.util.Date(): null

2020-06-05 11:44:54 - [TEST_STEP][PASSED] - CurrentDate = new java.text.SimpleDateFormat(dd/MM/yyyy): null

2020-06-05 11:44:54 - [TEST_STEP][PASSED] - TodayDate = CurrentDate.format(date): null

2020-06-05 11:44:54 - [TEST_STEP][PASSED] - DateFieldNm = modifyObjectProperty(findTestObject("Object Repository/Objects.DateValidation/Page_ISPS2/input__orderDt"), "name", "equals", FldNm, true): Modify property of object successfully

2020-06-05 11:44:54 - [MESSAGE][PASSED] - Modify property of object successfully

2020-06-05 11:44:54 - [TEST_STEP][PASSED] - TodayBtn = modifyObjectProperty(findTestObject("Object Repository/Objects.DateValidation/Page_ISPS2/a_Today"), "xpath", "equals", "(//*[text() = 'Today'])[" + index + "]", true): Modify property of object successfully

2020-06-05 11:44:54 - [MESSAGE][PASSED] - Modify property of object successfully

2020-06-05 11:44:54 - [TEST_STEP][PASSED] - sendKeys(DateFieldNm, Keys.chord(ARROW_DOWN)): Keys 'DOWN + ' sent to object: 'Object Repository/Objects.DateValidation/Page_ISPS2/input__orderDt'

2020-06-05 11:44:54 - [MESSAGE][PASSED] - Keys 'DOWN + ' sent to object: 'Object Repository/Objects.DateValidation/Page_ISPS2/input__orderDt'

2020-06-05 11:44:54 - [TEST_STEP][PASSED] - com.reusableComponents.HighlightElement.run(TodayBtn): com.reusableComponents.HighlightElement.run is PASSED

2020-06-05 11:44:54 - [MESSAGE][PASSED] - com.reusableComponents.HighlightElement.run is PASSED

2020-06-05 11:44:54 - [TEST_STEP][PASSED] - click(TodayBtn): Object: 'Object Repository/Objects.DateValidation/Page_ISPS2/a_Today' is clicked on

2020-06-05 11:44:54 - [MESSAGE][PASSED] - Object: 'Object Repository/Objects.DateValidation/Page_ISPS2/a_Today' is clicked on

2020-06-05 11:44:54 - [TEST_STEP][PASSED] - GetEnteredDate = getAttribute(DateFieldNm, "value"): Attribute 'value' of object 'Object Repository/Objects.DateValidation/Page_ISPS2/input__orderDt' is: '05/06/2020'

2020-06-05 11:44:54 - [MESSAGE][PASSED] - Attribute 'value' of object 'Object Repository/Objects.DateValidation/Page_ISPS2/input__orderDt' is: '05/06/2020'

2020-06-05 11:44:54 - [TEST_STEP][PASSED] - verifyMatch(GetEnteredDate, TodayDate, true): Actual text '05/06/2020' and expected text '05/06/2020' are matched  using regular expression

2020-06-05 11:44:54 - [MESSAGE][PASSED] - Actual text '05/06/2020' and expected text '05/06/2020' are matched  using regular expression

2020-06-05 11:44:54 - [MESSAGE][PASSED] - Call Test Case 'Test Cases/PFI Precision and Scale/PFI Components/SelectTodayInDatePicker' successfully

2020-06-05 11:44:54 - [TEST_STEP][PASSED] - callTestCase(findTestCase("Components/HighlightLabelField"), ["LblName":"EOT To Date *:"], STOP_ON_FAILURE): Call Test Case 'Test Cases/Components/HighlightLabelField' successfully

2020-06-05 11:44:55 - [TEST_CASE][PASSED] - Test Cases/Components/HighlightLabelField: Test Cases/Components/HighlightLabelField

2020-06-05 11:44:55 - [TEST_STEP][PASSED] - Thread.sleep(1000): null

2020-06-05 11:44:56 - [TEST_STEP][PASSED] - modifiedLblNm = modifyObjectProperty(findTestObject("Objects.HighlightElements/lblField"), "text", "equals", LblName, true): Modify property of object successfully

2020-06-05 11:44:56 - [MESSAGE][PASSED] - Modify property of object successfully

2020-06-05 11:44:56 - [TEST_STEP][PASSED] - com.reusableComponents.HighlightElement.run(modifiedLblNm): com.reusableComponents.HighlightElement.run is PASSED

2020-06-05 11:44:56 - [MESSAGE][PASSED] - com.reusableComponents.HighlightElement.run is PASSED

2020-06-05 11:44:56 - [MESSAGE][PASSED] - Call Test Case 'Test Cases/Components/HighlightLabelField' successfully

2020-06-05 11:44:56 - [TEST_STEP][PASSED] - callTestCase(findTestCase("Components/HighlightInputField"), ["InputFldName":"eotToDate"], STOP_ON_FAILURE): Call Test Case 'Test Cases/Components/HighlightInputField' successfully

2020-06-05 11:44:56 - [TEST_CASE][PASSED] - Test Cases/Components/HighlightInputField: Test Cases/Components/HighlightInputField

2020-06-05 11:44:56 - [TEST_STEP][PASSED] - Thread.sleep(1000): null

2020-06-05 11:44:57 - [TEST_STEP][PASSED] - modifiedLblNm = modifyObjectProperty(findTestObject("Objects.HighlightElements/input_field"), "name", "equals", InputFldName, true): Modify property of object successfully

2020-06-05 11:44:57 - [MESSAGE][PASSED] - Modify property of object successfully

2020-06-05 11:44:57 - [TEST_STEP][PASSED] - com.reusableComponents.HighlightElement.run(modifiedLblNm): com.reusableComponents.HighlightElement.run is PASSED

2020-06-05 11:44:58 - [MESSAGE][PASSED] - com.reusableComponents.HighlightElement.run is PASSED

2020-06-05 11:44:58 - [MESSAGE][PASSED] - Call Test Case 'Test Cases/Components/HighlightInputField' successfully

2020-06-05 11:44:58 - [TEST_STEP][PASSED] - callTestCase(findTestCase("PFI Precision and Scale/PFI Components with Indexing/SelectDayInDatePickerWithIndex"), ["FldNm":"eotToDate", "SelectCurrentDay":"12", "index":2], STOP_ON_FAILURE): Call Test Case 'Test Cases/PFI Precision and Scale/PFI Components with Indexing/SelectDayInDatePickerWithIndex' successfully

2020-06-05 11:44:58 - [TEST_CASE][PASSED] - Test Cases/PFI Precision and Scale/PFI Components with Indexing/SelectDayInDatePickerWithIndex: Test Cases/PFI Precision and Scale/PFI Components with Indexing/SelectDayInDatePickerWithIndex

2020-06-05 11:44:58 - [TEST_STEP][PASSED] - Thread.sleep(1000): null

2020-06-05 11:44:59 - [TEST_STEP][PASSED] - DateFieldNm = modifyObjectProperty(findTestObject("Objects.HighlightElements/input_field"), "name", "equals", FldNm, true): Modify property of object successfully

2020-06-05 11:44:59 - [MESSAGE][PASSED] - Modify property of object successfully

2020-06-05 11:44:59 - [TEST_STEP][PASSED] - ModifyDay = modifyObjectProperty(findTestObject("Objects.DateValidation/Page_ISPS2/Select_Day_Index"), "xpath", "equals", "(//*[contains(@class, 'x-datepicker-date') and (text() = '" + SelectCurrentDay + "')])[" + index + "]", true): Modify property of object successfully

2020-06-05 11:44:59 - [MESSAGE][PASSED] - Modify property of object successfully

2020-06-05 11:44:59 - [TEST_STEP][PASSED] - sendKeys(DateFieldNm, Keys.chord(ARROW_DOWN)): Keys 'DOWN + ' sent to object: 'Object Repository/Objects.HighlightElements/input_field'

2020-06-05 11:44:59 - [MESSAGE][PASSED] - Keys 'DOWN + ' sent to object: 'Object Repository/Objects.HighlightElements/input_field'

2020-06-05 11:44:59 - [TEST_STEP][PASSED] - com.reusableComponents.HighlightElement.run(ModifyDay): com.reusableComponents.HighlightElement.run is PASSED

2020-06-05 11:44:59 - [MESSAGE][PASSED] - com.reusableComponents.HighlightElement.run is PASSED

2020-06-05 11:44:59 - [TEST_STEP][PASSED] - delay(1): Delayed 1 second(s)

2020-06-05 11:45:00 - [MESSAGE][PASSED] - Delayed 1 second(s)

2020-06-05 11:45:00 - [TEST_STEP][PASSED] - click(ModifyDay): Object: 'Object Repository/Objects.DateValidation/Page_ISPS2/Select_Day_Index' is clicked on

2020-06-05 11:45:01 - [MESSAGE][PASSED] - Object: 'Object Repository/Objects.DateValidation/Page_ISPS2/Select_Day_Index' is clicked on

2020-06-05 11:45:01 - [TEST_STEP][PASSED] - GetError = getAttribute(DateFieldNm, "data-errorqtip"): Attribute 'data-errorqtip' of object 'Object Repository/Objects.HighlightElements/input_field' is: ''

2020-06-05 11:45:01 - [MESSAGE][PASSED] - Attribute 'data-errorqtip' of object 'Object Repository/Objects.HighlightElements/input_field' is: ''

2020-06-05 11:45:01 - [TEST_STEP][PASSED] - if (GetError == ""): Date Format is valid

2020-06-05 11:45:01 - [TEST_STEP][PASSED] - GetEnteredDate = getAttribute(DateFieldNm, "value"): Attribute 'value' of object 'Object Repository/Objects.HighlightElements/input_field' is: '12/06/2020'

2020-06-05 11:45:01 - [MESSAGE][PASSED] - Attribute 'value' of object 'Object Repository/Objects.HighlightElements/input_field' is: '12/06/2020'

2020-06-05 11:45:01 - [TEST_STEP][PASSED] - DatePattern = Pattern.compile("^(1[0-2]|0[1-9])/(3[01]|[12][0-9]|0[1-9])/[0-9]{4}$"): null

2020-06-05 11:45:01 - [TEST_STEP][PASSED] - VerifyDateFormat = DatePattern.matcher(GetEnteredDate): null

2020-06-05 11:45:01 - [TEST_STEP][PASSED] - if (VerifyDateFormat.matches() == true): Date Format is valid

2020-06-05 11:45:01 - [TEST_STEP][PASSED] - comment("Date Format is valid"): Date Format is valid

2020-06-05 11:45:01 - [MESSAGE][INFO] - Date Format is valid

2020-06-05 11:45:01 - [MESSAGE][PASSED] - Call Test Case 'Test Cases/PFI Precision and Scale/PFI Components with Indexing/SelectDayInDatePickerWithIndex' successfully

2020-06-05 11:45:01 - [TEST_STEP][PASSED] - callTestCase(findTestCase("PFI Precision and Scale/PFI Components/NumericTextboxValidationII"), ["nameToBeUsed":"eotToDate", "minLen":11, "index":0], STOP_ON_FAILURE): Call Test Case 'Test Cases/PFI Precision and Scale/PFI Components/NumericTextboxValidationII' successfully

2020-06-05 11:45:01 - [TEST_CASE][PASSED] - Test Cases/PFI Precision and Scale/PFI Components/NumericTextboxValidationII: Test Cases/PFI Precision and Scale/PFI Components/NumericTextboxValidationII

2020-06-05 11:45:01 - [TEST_STEP][PASSED] - Thread.sleep(1000): null

2020-06-05 11:45:02 - [TEST_STEP][PASSED] - Numeric = "0123456789": null

2020-06-05 11:45:02 - [TEST_STEP][PASSED] - AlphaSpecialChar = z) + "`~!@#$%^&*()=_{}|\][;'":,?><"".join(): null

2020-06-05 11:45:02 - [TEST_STEP][PASSED] - RandomNumeric = RandomStringUtils.random(minLen, Numeric.toCharArray()): null

2020-06-05 11:45:02 - [TEST_STEP][PASSED] - RandomString = RandomStringUtils.random(minLen, AlphaSpecialChar): null

2020-06-05 11:45:02 - [TEST_STEP][PASSED] - regexPat = Pattern.compile("^[0-9]+$"): null

2020-06-05 11:45:02 - [TEST_STEP][PASSED] - NewInputNmField = modifyObjectProperty(findTestObject("Objects.RemarksValidation/input_Remarks"), "name", "equals", nameToBeUsed, true): Modify property of object successfully

2020-06-05 11:45:02 - [MESSAGE][PASSED] - Modify property of object successfully

2020-06-05 11:45:02 - [TEST_STEP][PASSED] - focus(NewInputNmField): Object: 'Object Repository/Objects.RemarksValidation/input_Remarks' is focused

2020-06-05 11:45:02 - [MESSAGE][PASSED] - Object: 'Object Repository/Objects.RemarksValidation/input_Remarks' is focused

2020-06-05 11:45:02 - [TEST_STEP][PASSED] - setText(NewInputNmField, RandomString): Text '"aMul&xRSXi' is set on object 'Object Repository/Objects.RemarksValidation/input_Remarks'

2020-06-05 11:45:02 - [MESSAGE][PASSED] - Text '"aMul&xRSXi' is set on object 'Object Repository/Objects.RemarksValidation/input_Remarks'

2020-06-05 11:45:02 - [TEST_STEP][PASSED] - GetInputVal = getAttribute(NewInputNmField, "value"): Attribute 'value' of object 'Object Repository/Objects.RemarksValidation/input_Remarks' is: ''

2020-06-05 11:45:02 - [MESSAGE][PASSED] - Attribute 'value' of object 'Object Repository/Objects.RemarksValidation/input_Remarks' is: ''

2020-06-05 11:45:02 - [TEST_STEP][PASSED] - if (GetInputVal.contains("e")): null

2020-06-05 11:45:02 - [TEST_STEP][PASSED] - else: Actual text '' and expected text '' are matched  using regular expression

2020-06-05 11:45:02 - [TEST_STEP][PASSED] - verifyMatch(GetInputVal, "", true): Actual text '' and expected text '' are matched  using regular expression

2020-06-05 11:45:02 - [MESSAGE][PASSED] - Actual text '' and expected text '' are matched  using regular expression

2020-06-05 11:45:02 - [TEST_STEP][PASSED] - setText(NewInputNmField, RandomNumeric): Text '01310674631' is set on object 'Object Repository/Objects.RemarksValidation/input_Remarks'

2020-06-05 11:45:02 - [MESSAGE][PASSED] - Text '01310674631' is set on object 'Object Repository/Objects.RemarksValidation/input_Remarks'

2020-06-05 11:45:02 - [TEST_STEP][PASSED] - GetEnteredIntegers = getAttribute(NewInputNmField, "value"): Attribute 'value' of object 'Object Repository/Objects.RemarksValidation/input_Remarks' is: '01310674631'

2020-06-05 11:45:02 - [MESSAGE][PASSED] - Attribute 'value' of object 'Object Repository/Objects.RemarksValidation/input_Remarks' is: '01310674631'

2020-06-05 11:45:02 - [TEST_STEP][PASSED] - matchStr = regexPat.matcher(GetEnteredIntegers): null

2020-06-05 11:45:02 - [TEST_STEP][PASSED] - if (matchStr.matches() == true): Accepting Numeric

2020-06-05 11:45:02 - [TEST_STEP][PASSED] - comment("Accepting Numeric"): Accepting Numeric

2020-06-05 11:45:02 - [MESSAGE][INFO] - Accepting Numeric

2020-06-05 11:45:02 - [MESSAGE][PASSED] - Call Test Case 'Test Cases/PFI Precision and Scale/PFI Components/NumericTextboxValidationII' successfully

2020-06-05 11:45:02 - [TEST_STEP][PASSED] - callTestCase(findTestCase("PFI Precision and Scale/PFI Components/StartTimeError"), ["FldNm":"eotToDate", "index":0], STOP_ON_FAILURE): Call Test Case 'Test Cases/PFI Precision and Scale/PFI Components/StartTimeError' successfully

2020-06-05 11:45:02 - [TEST_CASE][PASSED] - Test Cases/PFI Precision and Scale/PFI Components/StartTimeError: Test Cases/PFI Precision and Scale/PFI Components/StartTimeError

2020-06-05 11:45:02 - [TEST_STEP][PASSED] - Thread.sleep(1000): null

2020-06-05 11:45:03 - [TEST_STEP][PASSED] - if (index == 0): Modify property of object successfully

2020-06-05 11:45:03 - [TEST_STEP][PASSED] - NewInputNmField = modifyObjectProperty(findTestObject("Objects.HighlightElements/input_field"), "name", "equals", FldNm, true): Modify property of object successfully

2020-06-05 11:45:03 - [MESSAGE][PASSED] - Modify property of object successfully

2020-06-05 11:45:03 - [TEST_STEP][PASSED] - mouseOver(NewInputNmField): Object: 'Object Repository/Objects.HighlightElements/input_field' is hovered

2020-06-05 11:45:03 - [MESSAGE][PASSED] - Object: 'Object Repository/Objects.HighlightElements/input_field' is hovered

2020-06-05 11:45:03 - [TEST_STEP][PASSED] - getInputInvalidDate = getAttribute(NewInputNmField, "value"): Attribute 'value' of object 'Object Repository/Objects.HighlightElements/input_field' is: '01310674631'

2020-06-05 11:45:03 - [MESSAGE][PASSED] - Attribute 'value' of object 'Object Repository/Objects.HighlightElements/input_field' is: '01310674631'

2020-06-05 11:45:03 - [TEST_STEP][PASSED] - getErrMsg = getAttribute(NewInputNmField, "data-errorqtip"): Attribute 'data-errorqtip' of object 'Object Repository/Objects.HighlightElements/input_field' is: '<ul class="x-list-plain"><li>Start time must be less than end time</li><li>01310674631 is not a valid date - it must be in the format d/m/Y</li></ul>'

2020-06-05 11:45:03 - [MESSAGE][PASSED] - Attribute 'data-errorqtip' of object 'Object Repository/Objects.HighlightElements/input_field' is: '<ul class="x-list-plain"><li>Start time must be less than end time</li><li>01310674631 is not a valid date - it must be in the format d/m/Y</li></ul>'

2020-06-05 11:45:03 - [TEST_STEP][PASSED] - RmvCd = getErrMsg.substring(0, 75): null

2020-06-05 11:45:03 - [TEST_STEP][PASSED] - FirstErrMsg = RmvCd.substring(29, 66): null

2020-06-05 11:45:03 - [TEST_STEP][PASSED] - getTotalLength = getErrMsg.length(): null

2020-06-05 11:45:03 - [TEST_STEP][PASSED] - RmvCd = getErrMsg.substring(75, getTotalLength): null

2020-06-05 11:45:03 - [TEST_STEP][PASSED] - lenInv = RmvCd.length() - 10: null

2020-06-05 11:45:03 - [TEST_STEP][PASSED] - InvErrMsg = RmvCd.substring(0, lenInv): null

2020-06-05 11:45:03 - [TEST_STEP][PASSED] - ExpectedInvalidErrMsg2 = concatenate(InvDtErr, " ", getInputInvalidDate, " ", NotValidDt): Concatenated string array: '['Start time must be less than end time',' ','01310674631',' ','is not a valid date - it must be in the format d/m/Y']' into 'Start time must be less than end time 01310674631 is not a valid date - it must be in the format d/m/Y'

2020-06-05 11:45:03 - [MESSAGE][PASSED] - Concatenated string array: '['Start time must be less than end time',' ','01310674631',' ','is not a valid date - it must be in the format d/m/Y']' into 'Start time must be less than end time 01310674631 is not a valid date - it must be in the format d/m/Y'

2020-06-05 11:45:03 - [TEST_STEP][PASSED] - ActualInvErrMsg = concatenate(FirstErrMsg, " ", InvErrMsg): Concatenated string array: '['Start time must be less than end time',' ','01310674631 is not a valid date - it must be in the format d/m/Y']' into 'Start time must be less than end time 01310674631 is not a valid date - it must be in the format d/m/Y'

2020-06-05 11:45:03 - [MESSAGE][PASSED] - Concatenated string array: '['Start time must be less than end time',' ','01310674631 is not a valid date - it must be in the format d/m/Y']' into 'Start time must be less than end time 01310674631 is not a valid date - it must be in the format d/m/Y'

2020-06-05 11:45:03 - [TEST_STEP][PASSED] - verifyMatch(ActualInvErrMsg, ExpectedInvalidErrMsg2, true): Actual text 'Start time must be less than end time 01310674631 is not a valid date - it must be in the format d/m/Y' and expected text 'Start time must be less than end time 01310674631 is not a valid date - it must be in the format d/m/Y' are matched  using regular expression

2020-06-05 11:45:03 - [MESSAGE][PASSED] - Actual text 'Start time must be less than end time 01310674631 is not a valid date - it must be in the format d/m/Y' and expected text 'Start time must be less than end time 01310674631 is not a valid date - it must be in the format d/m/Y' are matched  using regular expression

2020-06-05 11:45:03 - [MESSAGE][PASSED] - Call Test Case 'Test Cases/PFI Precision and Scale/PFI Components/StartTimeError' successfully

2020-06-05 11:45:03 - [TEST_STEP][PASSED] - callTestCase(findTestCase("PFI Precision and Scale/PFI Components/SelectTodayInDatePicker"), ["FldNm":"eotToDate", "index":"2"], STOP_ON_FAILURE): Call Test Case 'Test Cases/PFI Precision and Scale/PFI Components/SelectTodayInDatePicker' successfully

2020-06-05 11:45:03 - [TEST_CASE][PASSED] - Test Cases/PFI Precision and Scale/PFI Components/SelectTodayInDatePicker: Test Cases/PFI Precision and Scale/PFI Components/SelectTodayInDatePicker

2020-06-05 11:45:03 - [TEST_STEP][PASSED] - Thread.sleep(1000): null

2020-06-05 11:45:04 - [TEST_STEP][PASSED] - date = new java.util.Date(): null

2020-06-05 11:45:04 - [TEST_STEP][PASSED] - CurrentDate = new java.text.SimpleDateFormat(dd/MM/yyyy): null

2020-06-05 11:45:04 - [TEST_STEP][PASSED] - TodayDate = CurrentDate.format(date): null

2020-06-05 11:45:04 - [TEST_STEP][PASSED] - DateFieldNm = modifyObjectProperty(findTestObject("Object Repository/Objects.DateValidation/Page_ISPS2/input__orderDt"), "name", "equals", FldNm, true): Modify property of object successfully

2020-06-05 11:45:05 - [MESSAGE][PASSED] - Modify property of object successfully

2020-06-05 11:45:05 - [TEST_STEP][PASSED] - TodayBtn = modifyObjectProperty(findTestObject("Object Repository/Objects.DateValidation/Page_ISPS2/a_Today"), "xpath", "equals", "(//*[text() = 'Today'])[" + index + "]", true): Modify property of object successfully

2020-06-05 11:45:05 - [MESSAGE][PASSED] - Modify property of object successfully

2020-06-05 11:45:05 - [TEST_STEP][PASSED] - sendKeys(DateFieldNm, Keys.chord(ARROW_DOWN)): Keys 'DOWN + ' sent to object: 'Object Repository/Objects.DateValidation/Page_ISPS2/input__orderDt'

2020-06-05 11:45:05 - [MESSAGE][PASSED] - Keys 'DOWN + ' sent to object: 'Object Repository/Objects.DateValidation/Page_ISPS2/input__orderDt'

2020-06-05 11:45:05 - [TEST_STEP][PASSED] - com.reusableComponents.HighlightElement.run(TodayBtn): com.reusableComponents.HighlightElement.run is PASSED

2020-06-05 11:45:05 - [MESSAGE][PASSED] - com.reusableComponents.HighlightElement.run is PASSED

2020-06-05 11:45:05 - [TEST_STEP][PASSED] - click(TodayBtn): Object: 'Object Repository/Objects.DateValidation/Page_ISPS2/a_Today' is clicked on

2020-06-05 11:45:05 - [MESSAGE][PASSED] - Object: 'Object Repository/Objects.DateValidation/Page_ISPS2/a_Today' is clicked on

2020-06-05 11:45:05 - [TEST_STEP][PASSED] - GetEnteredDate = getAttribute(DateFieldNm, "value"): Attribute 'value' of object 'Object Repository/Objects.DateValidation/Page_ISPS2/input__orderDt' is: '05/06/2020'

2020-06-05 11:45:05 - [MESSAGE][PASSED] - Attribute 'value' of object 'Object Repository/Objects.DateValidation/Page_ISPS2/input__orderDt' is: '05/06/2020'

2020-06-05 11:45:05 - [TEST_STEP][PASSED] - verifyMatch(GetEnteredDate, TodayDate, true): Actual text '05/06/2020' and expected text '05/06/2020' are matched  using regular expression

2020-06-05 11:45:05 - [MESSAGE][PASSED] - Actual text '05/06/2020' and expected text '05/06/2020' are matched  using regular expression

2020-06-05 11:45:05 - [MESSAGE][PASSED] - Call Test Case 'Test Cases/PFI Precision and Scale/PFI Components/SelectTodayInDatePicker' successfully

2020-06-05 11:45:05 - [TEST_STEP][PASSED] - callTestCase(findTestCase("PFI Precision and Scale/PFI Components/PastDateAfterError"), ["FldNm":"eotToDate"], STOP_ON_FAILURE): Call Test Case 'Test Cases/PFI Precision and Scale/PFI Components/PastDateAfterError' successfully

2020-06-05 11:45:05 - [TEST_CASE][PASSED] - Test Cases/PFI Precision and Scale/PFI Components/PastDateAfterError: Test Cases/PFI Precision and Scale/PFI Components/PastDateAfterError

2020-06-05 11:45:06 - [TEST_STEP][PASSED] - Thread.sleep(1000): null

2020-06-05 11:45:07 - [TEST_STEP][PASSED] - date = new java.util.Date(): null

2020-06-05 11:45:07 - [TEST_STEP][PASSED] - DateFormat = new java.text.SimpleDateFormat(dd/MM/yyyy): null

2020-06-05 11:45:07 - [TEST_STEP][PASSED] - CurrentDate = DateFormat.format(date): null

2020-06-05 11:45:07 - [TEST_STEP][PASSED] - DateFieldNm = modifyObjectProperty(findTestObject("Objects.HighlightElements/input_field"), "name", "equals", FldNm, true): Modify property of object successfully

2020-06-05 11:45:07 - [MESSAGE][PASSED] - Modify property of object successfully

2020-06-05 11:45:07 - [TEST_STEP][PASSED] - GetDateValue = getAttribute(DateFieldNm, "value"): Attribute 'value' of object 'Object Repository/Objects.HighlightElements/input_field' is: '05/06/2020'

2020-06-05 11:45:07 - [MESSAGE][PASSED] - Attribute 'value' of object 'Object Repository/Objects.HighlightElements/input_field' is: '05/06/2020'

2020-06-05 11:45:07 - [TEST_STEP][PASSED] - verifyMatch(GetDateValue, CurrentDate, true): Actual text '05/06/2020' and expected text '05/06/2020' are matched  using regular expression

2020-06-05 11:45:07 - [MESSAGE][PASSED] - Actual text '05/06/2020' and expected text '05/06/2020' are matched  using regular expression

2020-06-05 11:45:07 - [TEST_STEP][PASSED] - PastDate = date - 30: null

2020-06-05 11:45:07 - [TEST_STEP][PASSED] - PastDateFormatted = PastDate.format("dd/MM/yyyy"): null

2020-06-05 11:45:07 - [TEST_STEP][PASSED] - setText(DateFieldNm, PastDateFormatted): Text '06/05/2020' is set on object 'Object Repository/Objects.HighlightElements/input_field'

2020-06-05 11:45:07 - [MESSAGE][PASSED] - Text '06/05/2020' is set on object 'Object Repository/Objects.HighlightElements/input_field'

2020-06-05 11:45:07 - [TEST_STEP][PASSED] - mouseOver(DateFieldNm, STOP_ON_FAILURE): Object: 'Object Repository/Objects.HighlightElements/input_field' is hovered

2020-06-05 11:45:07 - [MESSAGE][PASSED] - Object: 'Object Repository/Objects.HighlightElements/input_field' is hovered

2020-06-05 11:45:07 - [TEST_STEP][PASSED] - PastDtErrMsg = getAttribute(DateFieldNm, "data-errorqtip", STOP_ON_FAILURE): Attribute 'data-errorqtip' of object 'Object Repository/Objects.HighlightElements/input_field' is: '<ul class="x-list-plain"><li>The date in this field must be after 05/06/2020</li></ul>'

2020-06-05 11:45:07 - [MESSAGE][PASSED] - Attribute 'data-errorqtip' of object 'Object Repository/Objects.HighlightElements/input_field' is: '<ul class="x-list-plain"><li>The date in this field must be after 05/06/2020</li></ul>'

2020-06-05 11:45:07 - [TEST_STEP][PASSED] - lenErrMsg = PastDtErrMsg.length(): null

2020-06-05 11:45:07 - [TEST_STEP][PASSED] - RmvCde = PastDtErrMsg.substring(29, lenErrMsg): null

2020-06-05 11:45:07 - [TEST_STEP][PASSED] - ActualErrDtMsg = RmvCde.substring(0, 47): null

2020-06-05 11:45:07 - [TEST_STEP][PASSED] - ExpectedErrDtMsg = concatenate(DtErrMsg, " ", CurrentDate): Concatenated string array: '['The date in this field must be after',' ','05/06/2020']' into 'The date in this field must be after 05/06/2020'

2020-06-05 11:45:07 - [MESSAGE][PASSED] - Concatenated string array: '['The date in this field must be after',' ','05/06/2020']' into 'The date in this field must be after 05/06/2020'

2020-06-05 11:45:07 - [TEST_STEP][PASSED] - verifyMatch(ActualErrDtMsg, ExpectedErrDtMsg, true): Actual text 'The date in this field must be after 05/06/2020' and expected text 'The date in this field must be after 05/06/2020' are matched  using regular expression

2020-06-05 11:45:07 - [MESSAGE][PASSED] - Actual text 'The date in this field must be after 05/06/2020' and expected text 'The date in this field must be after 05/06/2020' are matched  using regular expression

2020-06-05 11:45:07 - [TEST_STEP][PASSED] - FromDate = getAttribute(DateFieldNm, "value"): Attribute 'value' of object 'Object Repository/Objects.HighlightElements/input_field' is: '06/05/2020'

2020-06-05 11:45:07 - [MESSAGE][PASSED] - Attribute 'value' of object 'Object Repository/Objects.HighlightElements/input_field' is: '06/05/2020'

2020-06-05 11:45:07 - [MESSAGE][PASSED] - Call Test Case 'Test Cases/PFI Precision and Scale/PFI Components/PastDateAfterError' successfully

2020-06-05 11:45:07 - [TEST_STEP][PASSED] - callTestCase(findTestCase("PFI Precision and Scale/PFI Components/PastDateBeforeError"), ["FldNm":"eotFromDate"], STOP_ON_FAILURE): Call Test Case 'Test Cases/PFI Precision and Scale/PFI Components/PastDateBeforeError' successfully

2020-06-05 11:45:07 - [TEST_CASE][PASSED] - Test Cases/PFI Precision and Scale/PFI Components/PastDateBeforeError: Test Cases/PFI Precision and Scale/PFI Components/PastDateBeforeError

2020-06-05 11:45:08 - [TEST_STEP][PASSED] - Thread.sleep(1000): null

2020-06-05 11:45:09 - [TEST_STEP][PASSED] - DateFieldNm = modifyObjectProperty(findTestObject("Objects.HighlightElements/input_field"), "name", "equals", FldNm, true): Modify property of object successfully

2020-06-05 11:45:09 - [MESSAGE][PASSED] - Modify property of object successfully

2020-06-05 11:45:09 - [TEST_STEP][PASSED] - mouseOver(DateFieldNm): Object: 'Object Repository/Objects.HighlightElements/input_field' is hovered

2020-06-05 11:45:09 - [MESSAGE][PASSED] - Object: 'Object Repository/Objects.HighlightElements/input_field' is hovered

2020-06-05 11:45:09 - [TEST_STEP][PASSED] - PastDtErrMsg = getAttribute(DateFieldNm, "data-errorqtip", STOP_ON_FAILURE): Attribute 'data-errorqtip' of object 'Object Repository/Objects.HighlightElements/input_field' is: '<ul class="x-list-plain"><li>The date in this field must be before 06/05/2020</li></ul>'

2020-06-05 11:45:09 - [MESSAGE][PASSED] - Attribute 'data-errorqtip' of object 'Object Repository/Objects.HighlightElements/input_field' is: '<ul class="x-list-plain"><li>The date in this field must be before 06/05/2020</li></ul>'

2020-06-05 11:45:09 - [TEST_STEP][PASSED] - lenErrMsg = PastDtErrMsg.length(): null

2020-06-05 11:45:09 - [TEST_STEP][PASSED] - RmvCde = PastDtErrMsg.substring(29, lenErrMsg): null

2020-06-05 11:45:09 - [TEST_STEP][PASSED] - ActualErrDtMsg = RmvCde.substring(0, 48): null

2020-06-05 11:45:09 - [TEST_STEP][PASSED] - ExpectedErrDtMsg = concatenate(findTestData("PrecisionAndScaleDB").getValue("ErrorMessage", 7), " ", FromDate): Concatenated string array: '['The date in this field must be before',' ','06/05/2020']' into 'The date in this field must be before 06/05/2020'

2020-06-05 11:45:09 - [MESSAGE][PASSED] - Concatenated string array: '['The date in this field must be before',' ','06/05/2020']' into 'The date in this field must be before 06/05/2020'

2020-06-05 11:45:09 - [TEST_STEP][PASSED] - verifyMatch(ActualErrDtMsg, ExpectedErrDtMsg, true): Actual text 'The date in this field must be before 06/05/2020' and expected text 'The date in this field must be before 06/05/2020' are matched  using regular expression

2020-06-05 11:45:09 - [MESSAGE][PASSED] - Actual text 'The date in this field must be before 06/05/2020' and expected text 'The date in this field must be before 06/05/2020' are matched  using regular expression

2020-06-05 11:45:09 - [MESSAGE][PASSED] - Call Test Case 'Test Cases/PFI Precision and Scale/PFI Components/PastDateBeforeError' successfully

2020-06-05 11:45:09 - [TEST_STEP][PASSED] - callTestCase(findTestCase("Components/HighlightLabelField"), ["LblName":"Approve Officer *:"], STOP_ON_FAILURE): Call Test Case 'Test Cases/Components/HighlightLabelField' successfully

2020-06-05 11:45:09 - [TEST_CASE][PASSED] - Test Cases/Components/HighlightLabelField: Test Cases/Components/HighlightLabelField

2020-06-05 11:45:09 - [TEST_STEP][PASSED] - Thread.sleep(1000): null

2020-06-05 11:45:10 - [TEST_STEP][PASSED] - modifiedLblNm = modifyObjectProperty(findTestObject("Objects.HighlightElements/lblField"), "text", "equals", LblName, true): Modify property of object successfully

2020-06-05 11:45:10 - [MESSAGE][PASSED] - Modify property of object successfully

2020-06-05 11:45:10 - [TEST_STEP][PASSED] - com.reusableComponents.HighlightElement.run(modifiedLblNm): com.reusableComponents.HighlightElement.run is PASSED

2020-06-05 11:45:10 - [MESSAGE][PASSED] - com.reusableComponents.HighlightElement.run is PASSED

2020-06-05 11:45:10 - [MESSAGE][PASSED] - Call Test Case 'Test Cases/Components/HighlightLabelField' successfully

2020-06-05 11:45:10 - [TEST_STEP][PASSED] - callTestCase(findTestCase("Components/HighlightInputField"), ["InputFldName":"approveOfficerCmb"], STOP_ON_FAILURE): Call Test Case 'Test Cases/Components/HighlightInputField' successfully

2020-06-05 11:45:10 - [TEST_CASE][PASSED] - Test Cases/Components/HighlightInputField: Test Cases/Components/HighlightInputField

2020-06-05 11:45:10 - [TEST_STEP][PASSED] - Thread.sleep(1000): null

2020-06-05 11:45:11 - [TEST_STEP][PASSED] - modifiedLblNm = modifyObjectProperty(findTestObject("Objects.HighlightElements/input_field"), "name", "equals", InputFldName, true): Modify property of object successfully

2020-06-05 11:45:12 - [MESSAGE][PASSED] - Modify property of object successfully

2020-06-05 11:45:12 - [TEST_STEP][PASSED] - com.reusableComponents.HighlightElement.run(modifiedLblNm): com.reusableComponents.HighlightElement.run is PASSED

2020-06-05 11:45:12 - [MESSAGE][PASSED] - com.reusableComponents.HighlightElement.run is PASSED

2020-06-05 11:45:12 - [MESSAGE][PASSED] - Call Test Case 'Test Cases/Components/HighlightInputField' successfully

2020-06-05 11:45:12 - [TEST_STEP][PASSED] - callTestCase(findTestCase("PFI Precision and Scale/PFI Components/VerifyDropdownValues"), ["FldNm":"approveOfficerCmb", "index":0, "CallTCName":"PFI Precision and Scale/HashMap Tables/OfficerLists", "cmbNm":"", "NoOfVal":24, ... ], STOP_ON_FAILURE): Call Test Case 'Test Cases/PFI Precision and Scale/PFI Components/VerifyDropdownValues' successfully

2020-06-05 11:45:12 - [TEST_CASE][PASSED] - Test Cases/PFI Precision and Scale/PFI Components/VerifyDropdownValues: Test Cases/PFI Precision and Scale/PFI Components/VerifyDropdownValues

2020-06-05 11:45:12 - [TEST_STEP][PASSED] - Thread.sleep(1000): null

2020-06-05 11:45:13 - [TEST_STEP][PASSED] - NewInputNmField = modifyObjectProperty(findTestObject("Objects.HighlightElements/input_field"), "name", "equals", FldNm, true): Modify property of object successfully

2020-06-05 11:45:13 - [MESSAGE][PASSED] - Modify property of object successfully

2020-06-05 11:45:13 - [TEST_STEP][PASSED] - comboNm = cmbNm: null

2020-06-05 11:45:13 - [TEST_STEP][PASSED] - focus(NewInputNmField): Object: 'Object Repository/Objects.HighlightElements/input_field' is focused

2020-06-05 11:45:13 - [MESSAGE][PASSED] - Object: 'Object Repository/Objects.HighlightElements/input_field' is focused

2020-06-05 11:45:13 - [TEST_STEP][PASSED] - setText(NewInputNmField, EnterValue): Text '' is set on object 'Object Repository/Objects.HighlightElements/input_field'

2020-06-05 11:45:13 - [MESSAGE][PASSED] - Text '' is set on object 'Object Repository/Objects.HighlightElements/input_field'

2020-06-05 11:45:13 - [TEST_STEP][PASSED] - for ([i = 1, i <= NoOfVal, (i++)]): Keys 'DOWN + ' sent to object: 'Object Repository/Objects.HighlightElements/input_field'

2020-06-05 11:45:13 - [TEST_STEP][PASSED] - sendKeys(NewInputNmField, Keys.chord(ARROW_DOWN)): Keys 'DOWN + ' sent to object: 'Object Repository/Objects.HighlightElements/input_field'

2020-06-05 11:45:13 - [MESSAGE][PASSED] - Keys 'DOWN + ' sent to object: 'Object Repository/Objects.HighlightElements/input_field'

2020-06-05 11:45:13 - [TEST_STEP][PASSED] - delay(DelayTime): Delayed 2 second(s)

2020-06-05 11:45:15 - [MESSAGE][PASSED] - Delayed 2 second(s)

2020-06-05 11:45:15 - [TEST_STEP][PASSED] - sendKeys(NewInputNmField, Keys.chord(ENTER)): Keys 'ENTER + ' sent to object: 'Object Repository/Objects.HighlightElements/input_field'

2020-06-05 11:45:15 - [MESSAGE][PASSED] - Keys 'ENTER + ' sent to object: 'Object Repository/Objects.HighlightElements/input_field'

2020-06-05 11:45:15 - [TEST_STEP][PASSED] - ComboBoxValue = getAttribute(NewInputNmField, "value"): Attribute 'value' of object 'Object Repository/Objects.HighlightElements/input_field' is: 'Aaron Sham Wai Lun (AARON)'

2020-06-05 11:45:15 - [MESSAGE][PASSED] - Attribute 'value' of object 'Object Repository/Objects.HighlightElements/input_field' is: 'Aaron Sham Wai Lun (AARON)'

2020-06-05 11:45:15 - [TEST_STEP][PASSED] - callTestCase(findTestCase(CallTCName), ["FindValue":ComboBoxValue, "DropdownNm":comboNm], STOP_ON_FAILURE): Call Test Case 'Test Cases/PFI Precision and Scale/HashMap Tables/OfficerLists' successfully

2020-06-05 11:45:15 - [TEST_CASE][PASSED] - Test Cases/PFI Precision and Scale/HashMap Tables/OfficerLists: Test Cases/PFI Precision and Scale/HashMap Tables/OfficerLists

2020-06-05 11:45:16 - [TEST_STEP][PASSED] - Thread.sleep(1000): null

2020-06-05 11:45:17 - [TEST_STEP][PASSED] - OfficerLists = [1:"Aaron Sham Wai Lun (AARON)", 2:"Azidah Bte Akmad (Mdm) (USAABD)", 3:"Chung Fong Nyen (USACFN)", 4:"David Tey Dah Wei (DAHWEI)", ... ]: null

2020-06-05 11:45:17 - [TEST_STEP][PASSED] - ValueFound = OfficerLists.find({ -> ... }): null

2020-06-05 11:45:17 - [MESSAGE][PASSED] - Call Test Case 'Test Cases/PFI Precision and Scale/HashMap Tables/OfficerLists' successfully

2020-06-05 11:45:17 - [TEST_STEP][PASSED] - println(ValueFound): null

2020-06-05 11:45:17 - [TEST_STEP][PASSED] - sendKeys(NewInputNmField, Keys.chord(ARROW_DOWN)): Keys 'DOWN + ' sent to object: 'Object Repository/Objects.HighlightElements/input_field'

2020-06-05 11:45:17 - [MESSAGE][PASSED] - Keys 'DOWN + ' sent to object: 'Object Repository/Objects.HighlightElements/input_field'

2020-06-05 11:45:17 - [TEST_STEP][PASSED] - sendKeys(NewInputNmField, Keys.chord(ARROW_DOWN)): Keys 'DOWN + ' sent to object: 'Object Repository/Objects.HighlightElements/input_field'

2020-06-05 11:45:17 - [MESSAGE][PASSED] - Keys 'DOWN + ' sent to object: 'Object Repository/Objects.HighlightElements/input_field'

2020-06-05 11:45:17 - [TEST_STEP][PASSED] - delay(DelayTime): Delayed 2 second(s)

2020-06-05 11:45:19 - [MESSAGE][PASSED] - Delayed 2 second(s)

2020-06-05 11:45:19 - [TEST_STEP][PASSED] - sendKeys(NewInputNmField, Keys.chord(ENTER)): Keys 'ENTER + ' sent to object: 'Object Repository/Objects.HighlightElements/input_field'

2020-06-05 11:45:19 - [MESSAGE][PASSED] - Keys 'ENTER + ' sent to object: 'Object Repository/Objects.HighlightElements/input_field'

2020-06-05 11:45:19 - [TEST_STEP][PASSED] - ComboBoxValue = getAttribute(NewInputNmField, "value"): Attribute 'value' of object 'Object Repository/Objects.HighlightElements/input_field' is: 'Azidah Bte Akmad (Mdm) (USAABD)'

2020-06-05 11:45:19 - [MESSAGE][PASSED] - Attribute 'value' of object 'Object Repository/Objects.HighlightElements/input_field' is: 'Azidah Bte Akmad (Mdm) (USAABD)'

2020-06-05 11:45:19 - [TEST_STEP][PASSED] - callTestCase(findTestCase(CallTCName), ["FindValue":ComboBoxValue, "DropdownNm":comboNm], STOP_ON_FAILURE): Call Test Case 'Test Cases/PFI Precision and Scale/HashMap Tables/OfficerLists' successfully

2020-06-05 11:45:19 - [TEST_CASE][PASSED] - Test Cases/PFI Precision and Scale/HashMap Tables/OfficerLists: Test Cases/PFI Precision and Scale/HashMap Tables/OfficerLists

2020-06-05 11:45:19 - [TEST_STEP][PASSED] - Thread.sleep(1000): null

2020-06-05 11:45:20 - [TEST_STEP][PASSED] - OfficerLists = [1:"Aaron Sham Wai Lun (AARON)", 2:"Azidah Bte Akmad (Mdm) (USAABD)", 3:"Chung Fong Nyen (USACFN)", 4:"David Tey Dah Wei (DAHWEI)", ... ]: null

2020-06-05 11:45:20 - [TEST_STEP][PASSED] - ValueFound = OfficerLists.find({ -> ... }): null

2020-06-05 11:45:20 - [MESSAGE][PASSED] - Call Test Case 'Test Cases/PFI Precision and Scale/HashMap Tables/OfficerLists' successfully

2020-06-05 11:45:20 - [TEST_STEP][PASSED] - println(ValueFound): null

2020-06-05 11:45:20 - [TEST_STEP][PASSED] - sendKeys(NewInputNmField, Keys.chord(ARROW_DOWN)): Keys 'DOWN + ' sent to object: 'Object Repository/Objects.HighlightElements/input_field'

2020-06-05 11:45:20 - [MESSAGE][PASSED] - Keys 'DOWN + ' sent to object: 'Object Repository/Objects.HighlightElements/input_field'

2020-06-05 11:45:20 - [TEST_STEP][PASSED] - sendKeys(NewInputNmField, Keys.chord(ARROW_DOWN)): Keys 'DOWN + ' sent to object: 'Object Repository/Objects.HighlightElements/input_field'

2020-06-05 11:45:20 - [MESSAGE][PASSED] - Keys 'DOWN + ' sent to object: 'Object Repository/Objects.HighlightElements/input_field'

2020-06-05 11:45:20 - [TEST_STEP][PASSED] - delay(DelayTime): Delayed 2 second(s)

2020-06-05 11:45:22 - [MESSAGE][PASSED] - Delayed 2 second(s)

2020-06-05 11:45:22 - [TEST_STEP][PASSED] - sendKeys(NewInputNmField, Keys.chord(ENTER)): Keys 'ENTER + ' sent to object: 'Object Repository/Objects.HighlightElements/input_field'

2020-06-05 11:45:22 - [MESSAGE][PASSED] - Keys 'ENTER + ' sent to object: 'Object Repository/Objects.HighlightElements/input_field'

2020-06-05 11:45:22 - [TEST_STEP][PASSED] - ComboBoxValue = getAttribute(NewInputNmField, "value"): Attribute 'value' of object 'Object Repository/Objects.HighlightElements/input_field' is: 'Chung Fong Nyen (USACFN)'

2020-06-05 11:45:22 - [MESSAGE][PASSED] - Attribute 'value' of object 'Object Repository/Objects.HighlightElements/input_field' is: 'Chung Fong Nyen (USACFN)'

2020-06-05 11:45:22 - [TEST_STEP][PASSED] - callTestCase(findTestCase(CallTCName), ["FindValue":ComboBoxValue, "DropdownNm":comboNm], STOP_ON_FAILURE): Call Test Case 'Test Cases/PFI Precision and Scale/HashMap Tables/OfficerLists' successfully

2020-06-05 11:45:22 - [TEST_CASE][PASSED] - Test Cases/PFI Precision and Scale/HashMap Tables/OfficerLists: Test Cases/PFI Precision and Scale/HashMap Tables/OfficerLists

2020-06-05 11:45:22 - [TEST_STEP][PASSED] - Thread.sleep(1000): null

2020-06-05 11:45:23 - [TEST_STEP][PASSED] - OfficerLists = [1:"Aaron Sham Wai Lun (AARON)", 2:"Azidah Bte Akmad (Mdm) (USAABD)", 3:"Chung Fong Nyen (USACFN)", 4:"David Tey Dah Wei (DAHWEI)", ... ]: null

2020-06-05 11:45:23 - [TEST_STEP][PASSED] - ValueFound = OfficerLists.find({ -> ... }): null

2020-06-05 11:45:23 - [MESSAGE][PASSED] - Call Test Case 'Test Cases/PFI Precision and Scale/HashMap Tables/OfficerLists' successfully

2020-06-05 11:45:23 - [TEST_STEP][PASSED] - println(ValueFound): null

2020-06-05 11:45:23 - [TEST_STEP][PASSED] - sendKeys(NewInputNmField, Keys.chord(ARROW_DOWN)): Keys 'DOWN + ' sent to object: 'Object Repository/Objects.HighlightElements/input_field'

2020-06-05 11:45:23 - [MESSAGE][PASSED] - Keys 'DOWN + ' sent to object: 'Object Repository/Objects.HighlightElements/input_field'

2020-06-05 11:45:23 - [TEST_STEP][PASSED] - sendKeys(NewInputNmField, Keys.chord(ARROW_DOWN)): Keys 'DOWN + ' sent to object: 'Object Repository/Objects.HighlightElements/input_field'

2020-06-05 11:45:23 - [MESSAGE][PASSED] - Keys 'DOWN + ' sent to object: 'Object Repository/Objects.HighlightElements/input_field'

2020-06-05 11:45:23 - [TEST_STEP][PASSED] - delay(DelayTime): Delayed 2 second(s)

2020-06-05 11:45:25 - [MESSAGE][PASSED] - Delayed 2 second(s)

2020-06-05 11:45:25 - [TEST_STEP][PASSED] - sendKeys(NewInputNmField, Keys.chord(ENTER)): Keys 'ENTER + ' sent to object: 'Object Repository/Objects.HighlightElements/input_field'

2020-06-05 11:45:25 - [MESSAGE][PASSED] - Keys 'ENTER + ' sent to object: 'Object Repository/Objects.HighlightElements/input_field'

2020-06-05 11:45:25 - [TEST_STEP][PASSED] - ComboBoxValue = getAttribute(NewInputNmField, "value"): Attribute 'value' of object 'Object Repository/Objects.HighlightElements/input_field' is: 'David Tey Dah Wei (DAHWEI)'

2020-06-05 11:45:25 - [MESSAGE][PASSED] - Attribute 'value' of object 'Object Repository/Objects.HighlightElements/input_field' is: 'David Tey Dah Wei (DAHWEI)'

2020-06-05 11:45:25 - [TEST_STEP][PASSED] - callTestCase(findTestCase(CallTCName), ["FindValue":ComboBoxValue, "DropdownNm":comboNm], STOP_ON_FAILURE): Call Test Case 'Test Cases/PFI Precision and Scale/HashMap Tables/OfficerLists' successfully

2020-06-05 11:45:25 - [TEST_CASE][PASSED] - Test Cases/PFI Precision and Scale/HashMap Tables/OfficerLists: Test Cases/PFI Precision and Scale/HashMap Tables/OfficerLists

2020-06-05 11:45:25 - [TEST_STEP][PASSED] - Thread.sleep(1000): null

2020-06-05 11:45:26 - [TEST_STEP][PASSED] - OfficerLists = [1:"Aaron Sham Wai Lun (AARON)", 2:"Azidah Bte Akmad (Mdm) (USAABD)", 3:"Chung Fong Nyen (USACFN)", 4:"David Tey Dah Wei (DAHWEI)", ... ]: null

2020-06-05 11:45:26 - [TEST_STEP][PASSED] - ValueFound = OfficerLists.find({ -> ... }): null

2020-06-05 11:45:26 - [MESSAGE][PASSED] - Call Test Case 'Test Cases/PFI Precision and Scale/HashMap Tables/OfficerLists' successfully

2020-06-05 11:45:26 - [TEST_STEP][PASSED] - println(ValueFound): null

2020-06-05 11:45:26 - [TEST_STEP][PASSED] - sendKeys(NewInputNmField, Keys.chord(ARROW_DOWN)): Keys 'DOWN + ' sent to object: 'Object Repository/Objects.HighlightElements/input_field'

2020-06-05 11:45:26 - [MESSAGE][PASSED] - Keys 'DOWN + ' sent to object: 'Object Repository/Objects.HighlightElements/input_field'

2020-06-05 11:45:26 - [TEST_STEP][PASSED] - sendKeys(NewInputNmField, Keys.chord(ARROW_DOWN)): Keys 'DOWN + ' sent to object: 'Object Repository/Objects.HighlightElements/input_field'

2020-06-05 11:45:26 - [MESSAGE][PASSED] - Keys 'DOWN + ' sent to object: 'Object Repository/Objects.HighlightElements/input_field'

2020-06-05 11:45:26 - [TEST_STEP][PASSED] - delay(DelayTime): Delayed 2 second(s)

2020-06-05 11:45:28 - [MESSAGE][PASSED] - Delayed 2 second(s)

2020-06-05 11:45:28 - [TEST_STEP][PASSED] - sendKeys(NewInputNmField, Keys.chord(ENTER)): Keys 'ENTER + ' sent to object: 'Object Repository/Objects.HighlightElements/input_field'

2020-06-05 11:45:28 - [MESSAGE][PASSED] - Keys 'ENTER + ' sent to object: 'Object Repository/Objects.HighlightElements/input_field'

2020-06-05 11:45:28 - [TEST_STEP][PASSED] - ComboBoxValue = getAttribute(NewInputNmField, "value"): Attribute 'value' of object 'Object Repository/Objects.HighlightElements/input_field' is: 'Han Wann Kuang (WANNKUANG)'

2020-06-05 11:45:28 - [MESSAGE][PASSED] - Attribute 'value' of object 'Object Repository/Objects.HighlightElements/input_field' is: 'Han Wann Kuang (WANNKUANG)'

2020-06-05 11:45:28 - [TEST_STEP][PASSED] - callTestCase(findTestCase(CallTCName), ["FindValue":ComboBoxValue, "DropdownNm":comboNm], STOP_ON_FAILURE): Call Test Case 'Test Cases/PFI Precision and Scale/HashMap Tables/OfficerLists' successfully

2020-06-05 11:45:28 - [TEST_CASE][PASSED] - Test Cases/PFI Precision and Scale/HashMap Tables/OfficerLists: Test Cases/PFI Precision and Scale/HashMap Tables/OfficerLists

2020-06-05 11:45:28 - [TEST_STEP][PASSED] - Thread.sleep(1000): null

2020-06-05 11:45:29 - [TEST_STEP][PASSED] - OfficerLists = [1:"Aaron Sham Wai Lun (AARON)", 2:"Azidah Bte Akmad (Mdm) (USAABD)", 3:"Chung Fong Nyen (USACFN)", 4:"David Tey Dah Wei (DAHWEI)", ... ]: null

2020-06-05 11:45:29 - [TEST_STEP][PASSED] - ValueFound = OfficerLists.find({ -> ... }): null

2020-06-05 11:45:29 - [MESSAGE][PASSED] - Call Test Case 'Test Cases/PFI Precision and Scale/HashMap Tables/OfficerLists' successfully

2020-06-05 11:45:29 - [TEST_STEP][PASSED] - println(ValueFound): null

2020-06-05 11:45:29 - [TEST_STEP][PASSED] - sendKeys(NewInputNmField, Keys.chord(ARROW_DOWN)): Keys 'DOWN + ' sent to object: 'Object Repository/Objects.HighlightElements/input_field'

2020-06-05 11:45:29 - [MESSAGE][PASSED] - Keys 'DOWN + ' sent to object: 'Object Repository/Objects.HighlightElements/input_field'

2020-06-05 11:45:29 - [TEST_STEP][PASSED] - sendKeys(NewInputNmField, Keys.chord(ARROW_DOWN)): Keys 'DOWN + ' sent to object: 'Object Repository/Objects.HighlightElements/input_field'

2020-06-05 11:45:30 - [MESSAGE][PASSED] - Keys 'DOWN + ' sent to object: 'Object Repository/Objects.HighlightElements/input_field'

2020-06-05 11:45:30 - [TEST_STEP][PASSED] - delay(DelayTime): Delayed 2 second(s)

2020-06-05 11:45:32 - [MESSAGE][PASSED] - Delayed 2 second(s)

2020-06-05 11:45:32 - [TEST_STEP][PASSED] - sendKeys(NewInputNmField, Keys.chord(ENTER)): Keys 'ENTER + ' sent to object: 'Object Repository/Objects.HighlightElements/input_field'

2020-06-05 11:45:32 - [MESSAGE][PASSED] - Keys 'ENTER + ' sent to object: 'Object Repository/Objects.HighlightElements/input_field'

2020-06-05 11:45:32 - [TEST_STEP][PASSED] - ComboBoxValue = getAttribute(NewInputNmField, "value"): Attribute 'value' of object 'Object Repository/Objects.HighlightElements/input_field' is: 'Ho You Leong (YOULEONG)'

2020-06-05 11:45:32 - [MESSAGE][PASSED] - Attribute 'value' of object 'Object Repository/Objects.HighlightElements/input_field' is: 'Ho You Leong (YOULEONG)'

2020-06-05 11:45:32 - [TEST_STEP][PASSED] - callTestCase(findTestCase(CallTCName), ["FindValue":ComboBoxValue, "DropdownNm":comboNm], STOP_ON_FAILURE): Call Test Case 'Test Cases/PFI Precision and Scale/HashMap Tables/OfficerLists' successfully

2020-06-05 11:45:32 - [TEST_CASE][PASSED] - Test Cases/PFI Precision and Scale/HashMap Tables/OfficerLists: Test Cases/PFI Precision and Scale/HashMap Tables/OfficerLists

2020-06-05 11:45:32 - [TEST_STEP][PASSED] - Thread.sleep(1000): null

2020-06-05 11:45:33 - [TEST_STEP][PASSED] - OfficerLists = [1:"Aaron Sham Wai Lun (AARON)", 2:"Azidah Bte Akmad (Mdm) (USAABD)", 3:"Chung Fong Nyen (USACFN)", 4:"David Tey Dah Wei (DAHWEI)", ... ]: null

2020-06-05 11:45:33 - [TEST_STEP][PASSED] - ValueFound = OfficerLists.find({ -> ... }): null

2020-06-05 11:45:33 - [MESSAGE][PASSED] - Call Test Case 'Test Cases/PFI Precision and Scale/HashMap Tables/OfficerLists' successfully

2020-06-05 11:45:33 - [TEST_STEP][PASSED] - println(ValueFound): null

2020-06-05 11:45:33 - [TEST_STEP][PASSED] - sendKeys(NewInputNmField, Keys.chord(ARROW_DOWN)): Keys 'DOWN + ' sent to object: 'Object Repository/Objects.HighlightElements/input_field'

2020-06-05 11:45:33 - [MESSAGE][PASSED] - Keys 'DOWN + ' sent to object: 'Object Repository/Objects.HighlightElements/input_field'

2020-06-05 11:45:33 - [TEST_STEP][PASSED] - sendKeys(NewInputNmField, Keys.chord(ARROW_DOWN)): Keys 'DOWN + ' sent to object: 'Object Repository/Objects.HighlightElements/input_field'

2020-06-05 11:45:33 - [MESSAGE][PASSED] - Keys 'DOWN + ' sent to object: 'Object Repository/Objects.HighlightElements/input_field'

2020-06-05 11:45:33 - [TEST_STEP][PASSED] - delay(DelayTime): Delayed 2 second(s)

2020-06-05 11:45:35 - [MESSAGE][PASSED] - Delayed 2 second(s)

2020-06-05 11:45:35 - [TEST_STEP][PASSED] - sendKeys(NewInputNmField, Keys.chord(ENTER)): Keys 'ENTER + ' sent to object: 'Object Repository/Objects.HighlightElements/input_field'

2020-06-05 11:45:35 - [MESSAGE][PASSED] - Keys 'ENTER + ' sent to object: 'Object Repository/Objects.HighlightElements/input_field'

2020-06-05 11:45:35 - [TEST_STEP][PASSED] - ComboBoxValue = getAttribute(NewInputNmField, "value"): Attribute 'value' of object 'Object Repository/Objects.HighlightElements/input_field' is: 'Joseph Lim Pheng Weng (PHENGWENG)'

2020-06-05 11:45:35 - [MESSAGE][PASSED] - Attribute 'value' of object 'Object Repository/Objects.HighlightElements/input_field' is: 'Joseph Lim Pheng Weng (PHENGWENG)'

2020-06-05 11:45:35 - [TEST_STEP][PASSED] - callTestCase(findTestCase(CallTCName), ["FindValue":ComboBoxValue, "DropdownNm":comboNm], STOP_ON_FAILURE): Call Test Case 'Test Cases/PFI Precision and Scale/HashMap Tables/OfficerLists' successfully

2020-06-05 11:45:35 - [TEST_CASE][PASSED] - Test Cases/PFI Precision and Scale/HashMap Tables/OfficerLists: Test Cases/PFI Precision and Scale/HashMap Tables/OfficerLists

2020-06-05 11:45:35 - [TEST_STEP][PASSED] - Thread.sleep(1000): null

2020-06-05 11:45:36 - [TEST_STEP][PASSED] - OfficerLists = [1:"Aaron Sham Wai Lun (AARON)", 2:"Azidah Bte Akmad (Mdm) (USAABD)", 3:"Chung Fong Nyen (USACFN)", 4:"David Tey Dah Wei (DAHWEI)", ... ]: null

2020-06-05 11:45:36 - [TEST_STEP][PASSED] - ValueFound = OfficerLists.find({ -> ... }): null

2020-06-05 11:45:36 - [MESSAGE][PASSED] - Call Test Case 'Test Cases/PFI Precision and Scale/HashMap Tables/OfficerLists' successfully

2020-06-05 11:45:36 - [TEST_STEP][PASSED] - println(ValueFound): null

2020-06-05 11:45:36 - [TEST_STEP][PASSED] - sendKeys(NewInputNmField, Keys.chord(ARROW_DOWN)): Keys 'DOWN + ' sent to object: 'Object Repository/Objects.HighlightElements/input_field'

2020-06-05 11:45:36 - [MESSAGE][PASSED] - Keys 'DOWN + ' sent to object: 'Object Repository/Objects.HighlightElements/input_field'

2020-06-05 11:45:36 - [TEST_STEP][PASSED] - sendKeys(NewInputNmField, Keys.chord(ARROW_DOWN)): Keys 'DOWN + ' sent to object: 'Object Repository/Objects.HighlightElements/input_field'

2020-06-05 11:45:36 - [MESSAGE][PASSED] - Keys 'DOWN + ' sent to object: 'Object Repository/Objects.HighlightElements/input_field'

2020-06-05 11:45:36 - [TEST_STEP][PASSED] - delay(DelayTime): Delayed 2 second(s)

2020-06-05 11:45:38 - [MESSAGE][PASSED] - Delayed 2 second(s)

2020-06-05 11:45:38 - [TEST_STEP][PASSED] - sendKeys(NewInputNmField, Keys.chord(ENTER)): Keys 'ENTER + ' sent to object: 'Object Repository/Objects.HighlightElements/input_field'

2020-06-05 11:45:38 - [MESSAGE][PASSED] - Keys 'ENTER + ' sent to object: 'Object Repository/Objects.HighlightElements/input_field'

2020-06-05 11:45:38 - [TEST_STEP][PASSED] - ComboBoxValue = getAttribute(NewInputNmField, "value"): Attribute 'value' of object 'Object Repository/Objects.HighlightElements/input_field' is: 'Joyce Lee (USASLL)'

2020-06-05 11:45:38 - [MESSAGE][PASSED] - Attribute 'value' of object 'Object Repository/Objects.HighlightElements/input_field' is: 'Joyce Lee (USASLL)'

2020-06-05 11:45:38 - [TEST_STEP][PASSED] - callTestCase(findTestCase(CallTCName), ["FindValue":ComboBoxValue, "DropdownNm":comboNm], STOP_ON_FAILURE): Call Test Case 'Test Cases/PFI Precision and Scale/HashMap Tables/OfficerLists' successfully

2020-06-05 11:45:38 - [TEST_CASE][PASSED] - Test Cases/PFI Precision and Scale/HashMap Tables/OfficerLists: Test Cases/PFI Precision and Scale/HashMap Tables/OfficerLists

2020-06-05 11:45:38 - [TEST_STEP][PASSED] - Thread.sleep(1000): null

2020-06-05 11:45:39 - [TEST_STEP][PASSED] - OfficerLists = [1:"Aaron Sham Wai Lun (AARON)", 2:"Azidah Bte Akmad (Mdm) (USAABD)", 3:"Chung Fong Nyen (USACFN)", 4:"David Tey Dah Wei (DAHWEI)", ... ]: null

2020-06-05 11:45:39 - [TEST_STEP][PASSED] - ValueFound = OfficerLists.find({ -> ... }): null

2020-06-05 11:45:39 - [MESSAGE][PASSED] - Call Test Case 'Test Cases/PFI Precision and Scale/HashMap Tables/OfficerLists' successfully

2020-06-05 11:45:39 - [TEST_STEP][PASSED] - println(ValueFound): null

2020-06-05 11:45:39 - [TEST_STEP][PASSED] - sendKeys(NewInputNmField, Keys.chord(ARROW_DOWN)): Keys 'DOWN + ' sent to object: 'Object Repository/Objects.HighlightElements/input_field'

2020-06-05 11:45:39 - [MESSAGE][PASSED] - Keys 'DOWN + ' sent to object: 'Object Repository/Objects.HighlightElements/input_field'

2020-06-05 11:45:39 - [TEST_STEP][PASSED] - sendKeys(NewInputNmField, Keys.chord(ARROW_DOWN)): Keys 'DOWN + ' sent to object: 'Object Repository/Objects.HighlightElements/input_field'

2020-06-05 11:45:39 - [MESSAGE][PASSED] - Keys 'DOWN + ' sent to object: 'Object Repository/Objects.HighlightElements/input_field'

2020-06-05 11:45:39 - [TEST_STEP][PASSED] - delay(DelayTime): Delayed 2 second(s)

2020-06-05 11:45:41 - [MESSAGE][PASSED] - Delayed 2 second(s)

2020-06-05 11:45:41 - [TEST_STEP][PASSED] - sendKeys(NewInputNmField, Keys.chord(ENTER)): Keys 'ENTER + ' sent to object: 'Object Repository/Objects.HighlightElements/input_field'

2020-06-05 11:45:41 - [MESSAGE][PASSED] - Keys 'ENTER + ' sent to object: 'Object Repository/Objects.HighlightElements/input_field'

2020-06-05 11:45:41 - [TEST_STEP][PASSED] - ComboBoxValue = getAttribute(NewInputNmField, "value"): Attribute 'value' of object 'Object Repository/Objects.HighlightElements/input_field' is: 'Kaliannan Thanabal (KALIANN)'

2020-06-05 11:45:41 - [MESSAGE][PASSED] - Attribute 'value' of object 'Object Repository/Objects.HighlightElements/input_field' is: 'Kaliannan Thanabal (KALIANN)'

2020-06-05 11:45:41 - [TEST_STEP][PASSED] - callTestCase(findTestCase(CallTCName), ["FindValue":ComboBoxValue, "DropdownNm":comboNm], STOP_ON_FAILURE): Call Test Case 'Test Cases/PFI Precision and Scale/HashMap Tables/OfficerLists' successfully

2020-06-05 11:45:41 - [TEST_CASE][PASSED] - Test Cases/PFI Precision and Scale/HashMap Tables/OfficerLists: Test Cases/PFI Precision and Scale/HashMap Tables/OfficerLists

2020-06-05 11:45:41 - [TEST_STEP][PASSED] - Thread.sleep(1000): null

2020-06-05 11:45:42 - [TEST_STEP][PASSED] - OfficerLists = [1:"Aaron Sham Wai Lun (AARON)", 2:"Azidah Bte Akmad (Mdm) (USAABD)", 3:"Chung Fong Nyen (USACFN)", 4:"David Tey Dah Wei (DAHWEI)", ... ]: null

2020-06-05 11:45:42 - [TEST_STEP][PASSED] - ValueFound = OfficerLists.find({ -> ... }): null

2020-06-05 11:45:42 - [MESSAGE][PASSED] - Call Test Case 'Test Cases/PFI Precision and Scale/HashMap Tables/OfficerLists' successfully

2020-06-05 11:45:42 - [TEST_STEP][PASSED] - println(ValueFound): null

2020-06-05 11:45:42 - [TEST_STEP][PASSED] - sendKeys(NewInputNmField, Keys.chord(ARROW_DOWN)): Keys 'DOWN + ' sent to object: 'Object Repository/Objects.HighlightElements/input_field'

2020-06-05 11:45:42 - [MESSAGE][PASSED] - Keys 'DOWN + ' sent to object: 'Object Repository/Objects.HighlightElements/input_field'

2020-06-05 11:45:42 - [TEST_STEP][PASSED] - sendKeys(NewInputNmField, Keys.chord(ARROW_DOWN)): Keys 'DOWN + ' sent to object: 'Object Repository/Objects.HighlightElements/input_field'

2020-06-05 11:45:42 - [MESSAGE][PASSED] - Keys 'DOWN + ' sent to object: 'Object Repository/Objects.HighlightElements/input_field'

2020-06-05 11:45:42 - [TEST_STEP][PASSED] - delay(DelayTime): Delayed 2 second(s)

2020-06-05 11:45:44 - [MESSAGE][PASSED] - Delayed 2 second(s)

2020-06-05 11:45:44 - [TEST_STEP][PASSED] - sendKeys(NewInputNmField, Keys.chord(ENTER)): Keys 'ENTER + ' sent to object: 'Object Repository/Objects.HighlightElements/input_field'

2020-06-05 11:45:45 - [MESSAGE][PASSED] - Keys 'ENTER + ' sent to object: 'Object Repository/Objects.HighlightElements/input_field'

2020-06-05 11:45:45 - [TEST_STEP][PASSED] - ComboBoxValue = getAttribute(NewInputNmField, "value"): Attribute 'value' of object 'Object Repository/Objects.HighlightElements/input_field' is: 'Lim Beng Kwee (BENGKWEE)'

2020-06-05 11:45:45 - [MESSAGE][PASSED] - Attribute 'value' of object 'Object Repository/Objects.HighlightElements/input_field' is: 'Lim Beng Kwee (BENGKWEE)'

2020-06-05 11:45:45 - [TEST_STEP][PASSED] - callTestCase(findTestCase(CallTCName), ["FindValue":ComboBoxValue, "DropdownNm":comboNm], STOP_ON_FAILURE): Call Test Case 'Test Cases/PFI Precision and Scale/HashMap Tables/OfficerLists' successfully

2020-06-05 11:45:45 - [TEST_CASE][PASSED] - Test Cases/PFI Precision and Scale/HashMap Tables/OfficerLists: Test Cases/PFI Precision and Scale/HashMap Tables/OfficerLists

2020-06-05 11:45:45 - [TEST_STEP][PASSED] - Thread.sleep(1000): null

2020-06-05 11:45:46 - [TEST_STEP][PASSED] - OfficerLists = [1:"Aaron Sham Wai Lun (AARON)", 2:"Azidah Bte Akmad (Mdm) (USAABD)", 3:"Chung Fong Nyen (USACFN)", 4:"David Tey Dah Wei (DAHWEI)", ... ]: null

2020-06-05 11:45:46 - [TEST_STEP][PASSED] - ValueFound = OfficerLists.find({ -> ... }): null

2020-06-05 11:45:46 - [MESSAGE][PASSED] - Call Test Case 'Test Cases/PFI Precision and Scale/HashMap Tables/OfficerLists' successfully

2020-06-05 11:45:46 - [TEST_STEP][PASSED] - println(ValueFound): null

2020-06-05 11:45:46 - [TEST_STEP][PASSED] - sendKeys(NewInputNmField, Keys.chord(ARROW_DOWN)): Keys 'DOWN + ' sent to object: 'Object Repository/Objects.HighlightElements/input_field'

2020-06-05 11:45:46 - [MESSAGE][PASSED] - Keys 'DOWN + ' sent to object: 'Object Repository/Objects.HighlightElements/input_field'

2020-06-05 11:45:46 - [TEST_STEP][PASSED] - sendKeys(NewInputNmField, Keys.chord(ARROW_DOWN)): Keys 'DOWN + ' sent to object: 'Object Repository/Objects.HighlightElements/input_field'

2020-06-05 11:45:46 - [MESSAGE][PASSED] - Keys 'DOWN + ' sent to object: 'Object Repository/Objects.HighlightElements/input_field'

2020-06-05 11:45:46 - [TEST_STEP][PASSED] - delay(DelayTime): Delayed 2 second(s)

2020-06-05 11:45:48 - [MESSAGE][PASSED] - Delayed 2 second(s)

2020-06-05 11:45:48 - [TEST_STEP][PASSED] - sendKeys(NewInputNmField, Keys.chord(ENTER)): Keys 'ENTER + ' sent to object: 'Object Repository/Objects.HighlightElements/input_field'

2020-06-05 11:45:48 - [MESSAGE][PASSED] - Keys 'ENTER + ' sent to object: 'Object Repository/Objects.HighlightElements/input_field'

2020-06-05 11:45:48 - [TEST_STEP][PASSED] - ComboBoxValue = getAttribute(NewInputNmField, "value"): Attribute 'value' of object 'Object Repository/Objects.HighlightElements/input_field' is: 'Lim Leng Boon (LENGBOON)'

2020-06-05 11:45:48 - [MESSAGE][PASSED] - Attribute 'value' of object 'Object Repository/Objects.HighlightElements/input_field' is: 'Lim Leng Boon (LENGBOON)'

2020-06-05 11:45:48 - [TEST_STEP][PASSED] - callTestCase(findTestCase(CallTCName), ["FindValue":ComboBoxValue, "DropdownNm":comboNm], STOP_ON_FAILURE): Call Test Case 'Test Cases/PFI Precision and Scale/HashMap Tables/OfficerLists' successfully

2020-06-05 11:45:48 - [TEST_CASE][PASSED] - Test Cases/PFI Precision and Scale/HashMap Tables/OfficerLists: Test Cases/PFI Precision and Scale/HashMap Tables/OfficerLists

2020-06-05 11:45:48 - [TEST_STEP][PASSED] - Thread.sleep(1000): null

2020-06-05 11:45:49 - [TEST_STEP][PASSED] - OfficerLists = [1:"Aaron Sham Wai Lun (AARON)", 2:"Azidah Bte Akmad (Mdm) (USAABD)", 3:"Chung Fong Nyen (USACFN)", 4:"David Tey Dah Wei (DAHWEI)", ... ]: null

2020-06-05 11:45:49 - [TEST_STEP][PASSED] - ValueFound = OfficerLists.find({ -> ... }): null

2020-06-05 11:45:49 - [MESSAGE][PASSED] - Call Test Case 'Test Cases/PFI Precision and Scale/HashMap Tables/OfficerLists' successfully

2020-06-05 11:45:49 - [TEST_STEP][PASSED] - println(ValueFound): null

2020-06-05 11:45:49 - [TEST_STEP][PASSED] - sendKeys(NewInputNmField, Keys.chord(ARROW_DOWN)): Keys 'DOWN + ' sent to object: 'Object Repository/Objects.HighlightElements/input_field'

2020-06-05 11:45:49 - [MESSAGE][PASSED] - Keys 'DOWN + ' sent to object: 'Object Repository/Objects.HighlightElements/input_field'

2020-06-05 11:45:49 - [TEST_STEP][PASSED] - sendKeys(NewInputNmField, Keys.chord(ARROW_DOWN)): Keys 'DOWN + ' sent to object: 'Object Repository/Objects.HighlightElements/input_field'

2020-06-05 11:45:49 - [MESSAGE][PASSED] - Keys 'DOWN + ' sent to object: 'Object Repository/Objects.HighlightElements/input_field'

2020-06-05 11:45:49 - [TEST_STEP][PASSED] - delay(DelayTime): Delayed 2 second(s)

2020-06-05 11:45:51 - [MESSAGE][PASSED] - Delayed 2 second(s)

2020-06-05 11:45:51 - [TEST_STEP][PASSED] - sendKeys(NewInputNmField, Keys.chord(ENTER)): Keys 'ENTER + ' sent to object: 'Object Repository/Objects.HighlightElements/input_field'

2020-06-05 11:45:51 - [MESSAGE][PASSED] - Keys 'ENTER + ' sent to object: 'Object Repository/Objects.HighlightElements/input_field'

2020-06-05 11:45:51 - [TEST_STEP][PASSED] - ComboBoxValue = getAttribute(NewInputNmField, "value"): Attribute 'value' of object 'Object Repository/Objects.HighlightElements/input_field' is: 'Loh Lee Fong (LEEFONG)'

2020-06-05 11:45:51 - [MESSAGE][PASSED] - Attribute 'value' of object 'Object Repository/Objects.HighlightElements/input_field' is: 'Loh Lee Fong (LEEFONG)'

2020-06-05 11:45:51 - [TEST_STEP][PASSED] - callTestCase(findTestCase(CallTCName), ["FindValue":ComboBoxValue, "DropdownNm":comboNm], STOP_ON_FAILURE): Call Test Case 'Test Cases/PFI Precision and Scale/HashMap Tables/OfficerLists' successfully

2020-06-05 11:45:51 - [TEST_CASE][PASSED] - Test Cases/PFI Precision and Scale/HashMap Tables/OfficerLists: Test Cases/PFI Precision and Scale/HashMap Tables/OfficerLists

2020-06-05 11:45:51 - [TEST_STEP][PASSED] - Thread.sleep(1000): null

2020-06-05 11:45:52 - [TEST_STEP][PASSED] - OfficerLists = [1:"Aaron Sham Wai Lun (AARON)", 2:"Azidah Bte Akmad (Mdm) (USAABD)", 3:"Chung Fong Nyen (USACFN)", 4:"David Tey Dah Wei (DAHWEI)", ... ]: null

2020-06-05 11:45:52 - [TEST_STEP][PASSED] - ValueFound = OfficerLists.find({ -> ... }): null

2020-06-05 11:45:52 - [MESSAGE][PASSED] - Call Test Case 'Test Cases/PFI Precision and Scale/HashMap Tables/OfficerLists' successfully

2020-06-05 11:45:52 - [TEST_STEP][PASSED] - println(ValueFound): null

2020-06-05 11:45:52 - [TEST_STEP][PASSED] - sendKeys(NewInputNmField, Keys.chord(ARROW_DOWN)): Keys 'DOWN + ' sent to object: 'Object Repository/Objects.HighlightElements/input_field'

2020-06-05 11:45:52 - [MESSAGE][PASSED] - Keys 'DOWN + ' sent to object: 'Object Repository/Objects.HighlightElements/input_field'

2020-06-05 11:45:52 - [TEST_STEP][PASSED] - sendKeys(NewInputNmField, Keys.chord(ARROW_DOWN)): Keys 'DOWN + ' sent to object: 'Object Repository/Objects.HighlightElements/input_field'

2020-06-05 11:45:52 - [MESSAGE][PASSED] - Keys 'DOWN + ' sent to object: 'Object Repository/Objects.HighlightElements/input_field'

2020-06-05 11:45:52 - [TEST_STEP][PASSED] - delay(DelayTime): Delayed 2 second(s)

2020-06-05 11:45:54 - [MESSAGE][PASSED] - Delayed 2 second(s)

2020-06-05 11:45:54 - [TEST_STEP][PASSED] - sendKeys(NewInputNmField, Keys.chord(ENTER)): Keys 'ENTER + ' sent to object: 'Object Repository/Objects.HighlightElements/input_field'

2020-06-05 11:45:54 - [MESSAGE][PASSED] - Keys 'ENTER + ' sent to object: 'Object Repository/Objects.HighlightElements/input_field'

2020-06-05 11:45:54 - [TEST_STEP][PASSED] - ComboBoxValue = getAttribute(NewInputNmField, "value"): Attribute 'value' of object 'Object Repository/Objects.HighlightElements/input_field' is: 'Lu Ji Ju (Mdm) (USALJJ)'

2020-06-05 11:45:54 - [MESSAGE][PASSED] - Attribute 'value' of object 'Object Repository/Objects.HighlightElements/input_field' is: 'Lu Ji Ju (Mdm) (USALJJ)'

2020-06-05 11:45:54 - [TEST_STEP][PASSED] - callTestCase(findTestCase(CallTCName), ["FindValue":ComboBoxValue, "DropdownNm":comboNm], STOP_ON_FAILURE): Call Test Case 'Test Cases/PFI Precision and Scale/HashMap Tables/OfficerLists' successfully

2020-06-05 11:45:54 - [TEST_CASE][PASSED] - Test Cases/PFI Precision and Scale/HashMap Tables/OfficerLists: Test Cases/PFI Precision and Scale/HashMap Tables/OfficerLists

2020-06-05 11:45:54 - [TEST_STEP][PASSED] - Thread.sleep(1000): null

2020-06-05 11:45:55 - [TEST_STEP][PASSED] - OfficerLists = [1:"Aaron Sham Wai Lun (AARON)", 2:"Azidah Bte Akmad (Mdm) (USAABD)", 3:"Chung Fong Nyen (USACFN)", 4:"David Tey Dah Wei (DAHWEI)", ... ]: null

2020-06-05 11:45:55 - [TEST_STEP][PASSED] - ValueFound = OfficerLists.find({ -> ... }): null

2020-06-05 11:45:55 - [MESSAGE][PASSED] - Call Test Case 'Test Cases/PFI Precision and Scale/HashMap Tables/OfficerLists' successfully

2020-06-05 11:45:55 - [TEST_STEP][PASSED] - println(ValueFound): null

2020-06-05 11:45:55 - [TEST_STEP][PASSED] - sendKeys(NewInputNmField, Keys.chord(ARROW_DOWN)): Keys 'DOWN + ' sent to object: 'Object Repository/Objects.HighlightElements/input_field'

2020-06-05 11:45:55 - [MESSAGE][PASSED] - Keys 'DOWN + ' sent to object: 'Object Repository/Objects.HighlightElements/input_field'

2020-06-05 11:45:55 - [TEST_STEP][PASSED] - sendKeys(NewInputNmField, Keys.chord(ARROW_DOWN)): Keys 'DOWN + ' sent to object: 'Object Repository/Objects.HighlightElements/input_field'

2020-06-05 11:45:55 - [MESSAGE][PASSED] - Keys 'DOWN + ' sent to object: 'Object Repository/Objects.HighlightElements/input_field'

2020-06-05 11:45:55 - [TEST_STEP][PASSED] - delay(DelayTime): Delayed 2 second(s)

2020-06-05 11:45:57 - [MESSAGE][PASSED] - Delayed 2 second(s)

2020-06-05 11:45:57 - [TEST_STEP][PASSED] - sendKeys(NewInputNmField, Keys.chord(ENTER)): Keys 'ENTER + ' sent to object: 'Object Repository/Objects.HighlightElements/input_field'

2020-06-05 11:45:57 - [MESSAGE][PASSED] - Keys 'ENTER + ' sent to object: 'Object Repository/Objects.HighlightElements/input_field'

2020-06-05 11:45:57 - [TEST_STEP][PASSED] - ComboBoxValue = getAttribute(NewInputNmField, "value"): Attribute 'value' of object 'Object Repository/Objects.HighlightElements/input_field' is: 'Mohd Jeffri Bin Abdul Rahim (MOHDJEFFRI)'

2020-06-05 11:45:57 - [MESSAGE][PASSED] - Attribute 'value' of object 'Object Repository/Objects.HighlightElements/input_field' is: 'Mohd Jeffri Bin Abdul Rahim (MOHDJEFFRI)'

2020-06-05 11:45:57 - [TEST_STEP][PASSED] - callTestCase(findTestCase(CallTCName), ["FindValue":ComboBoxValue, "DropdownNm":comboNm], STOP_ON_FAILURE): Call Test Case 'Test Cases/PFI Precision and Scale/HashMap Tables/OfficerLists' successfully

2020-06-05 11:45:58 - [TEST_CASE][PASSED] - Test Cases/PFI Precision and Scale/HashMap Tables/OfficerLists: Test Cases/PFI Precision and Scale/HashMap Tables/OfficerLists

2020-06-05 11:45:58 - [TEST_STEP][PASSED] - Thread.sleep(1000): null

2020-06-05 11:45:59 - [TEST_STEP][PASSED] - OfficerLists = [1:"Aaron Sham Wai Lun (AARON)", 2:"Azidah Bte Akmad (Mdm) (USAABD)", 3:"Chung Fong Nyen (USACFN)", 4:"David Tey Dah Wei (DAHWEI)", ... ]: null

2020-06-05 11:45:59 - [TEST_STEP][PASSED] - ValueFound = OfficerLists.find({ -> ... }): null

2020-06-05 11:45:59 - [MESSAGE][PASSED] - Call Test Case 'Test Cases/PFI Precision and Scale/HashMap Tables/OfficerLists' successfully

2020-06-05 11:45:59 - [TEST_STEP][PASSED] - println(ValueFound): null

2020-06-05 11:45:59 - [TEST_STEP][PASSED] - sendKeys(NewInputNmField, Keys.chord(ARROW_DOWN)): Keys 'DOWN + ' sent to object: 'Object Repository/Objects.HighlightElements/input_field'

2020-06-05 11:45:59 - [MESSAGE][PASSED] - Keys 'DOWN + ' sent to object: 'Object Repository/Objects.HighlightElements/input_field'

2020-06-05 11:45:59 - [TEST_STEP][PASSED] - sendKeys(NewInputNmField, Keys.chord(ARROW_DOWN)): Keys 'DOWN + ' sent to object: 'Object Repository/Objects.HighlightElements/input_field'

2020-06-05 11:45:59 - [MESSAGE][PASSED] - Keys 'DOWN + ' sent to object: 'Object Repository/Objects.HighlightElements/input_field'

2020-06-05 11:45:59 - [TEST_STEP][PASSED] - delay(DelayTime): Delayed 2 second(s)

2020-06-05 11:46:01 - [MESSAGE][PASSED] - Delayed 2 second(s)

2020-06-05 11:46:01 - [TEST_STEP][PASSED] - sendKeys(NewInputNmField, Keys.chord(ENTER)): Keys 'ENTER + ' sent to object: 'Object Repository/Objects.HighlightElements/input_field'

2020-06-05 11:46:01 - [MESSAGE][PASSED] - Keys 'ENTER + ' sent to object: 'Object Repository/Objects.HighlightElements/input_field'

2020-06-05 11:46:01 - [TEST_STEP][PASSED] - ComboBoxValue = getAttribute(NewInputNmField, "value"): Attribute 'value' of object 'Object Repository/Objects.HighlightElements/input_field' is: 'Mohd Jumat Bin Haji Mohd Hassan (MOHDJUMAT)'

2020-06-05 11:46:01 - [MESSAGE][PASSED] - Attribute 'value' of object 'Object Repository/Objects.HighlightElements/input_field' is: 'Mohd Jumat Bin Haji Mohd Hassan (MOHDJUMAT)'

2020-06-05 11:46:01 - [TEST_STEP][PASSED] - callTestCase(findTestCase(CallTCName), ["FindValue":ComboBoxValue, "DropdownNm":comboNm], STOP_ON_FAILURE): Call Test Case 'Test Cases/PFI Precision and Scale/HashMap Tables/OfficerLists' successfully

2020-06-05 11:46:01 - [TEST_CASE][PASSED] - Test Cases/PFI Precision and Scale/HashMap Tables/OfficerLists: Test Cases/PFI Precision and Scale/HashMap Tables/OfficerLists

2020-06-05 11:46:01 - [TEST_STEP][PASSED] - Thread.sleep(1000): null

2020-06-05 11:46:02 - [TEST_STEP][PASSED] - OfficerLists = [1:"Aaron Sham Wai Lun (AARON)", 2:"Azidah Bte Akmad (Mdm) (USAABD)", 3:"Chung Fong Nyen (USACFN)", 4:"David Tey Dah Wei (DAHWEI)", ... ]: null

2020-06-05 11:46:02 - [TEST_STEP][PASSED] - ValueFound = OfficerLists.find({ -> ... }): null

2020-06-05 11:46:02 - [MESSAGE][PASSED] - Call Test Case 'Test Cases/PFI Precision and Scale/HashMap Tables/OfficerLists' successfully

2020-06-05 11:46:02 - [TEST_STEP][PASSED] - println(ValueFound): null

2020-06-05 11:46:02 - [TEST_STEP][PASSED] - sendKeys(NewInputNmField, Keys.chord(ARROW_DOWN)): Keys 'DOWN + ' sent to object: 'Object Repository/Objects.HighlightElements/input_field'

2020-06-05 11:46:02 - [MESSAGE][PASSED] - Keys 'DOWN + ' sent to object: 'Object Repository/Objects.HighlightElements/input_field'

2020-06-05 11:46:02 - [TEST_STEP][PASSED] - sendKeys(NewInputNmField, Keys.chord(ARROW_DOWN)): Keys 'DOWN + ' sent to object: 'Object Repository/Objects.HighlightElements/input_field'

2020-06-05 11:46:02 - [MESSAGE][PASSED] - Keys 'DOWN + ' sent to object: 'Object Repository/Objects.HighlightElements/input_field'

2020-06-05 11:46:02 - [TEST_STEP][PASSED] - delay(DelayTime): Delayed 2 second(s)

2020-06-05 11:46:04 - [MESSAGE][PASSED] - Delayed 2 second(s)

2020-06-05 11:46:04 - [TEST_STEP][PASSED] - sendKeys(NewInputNmField, Keys.chord(ENTER)): Keys 'ENTER + ' sent to object: 'Object Repository/Objects.HighlightElements/input_field'

2020-06-05 11:46:04 - [MESSAGE][PASSED] - Keys 'ENTER + ' sent to object: 'Object Repository/Objects.HighlightElements/input_field'

2020-06-05 11:46:04 - [TEST_STEP][PASSED] - ComboBoxValue = getAttribute(NewInputNmField, "value"): Attribute 'value' of object 'Object Repository/Objects.HighlightElements/input_field' is: 'Ng Seh Luh (USANSL)'

2020-06-05 11:46:04 - [MESSAGE][PASSED] - Attribute 'value' of object 'Object Repository/Objects.HighlightElements/input_field' is: 'Ng Seh Luh (USANSL)'

2020-06-05 11:46:04 - [TEST_STEP][PASSED] - callTestCase(findTestCase(CallTCName), ["FindValue":ComboBoxValue, "DropdownNm":comboNm], STOP_ON_FAILURE): Call Test Case 'Test Cases/PFI Precision and Scale/HashMap Tables/OfficerLists' successfully

2020-06-05 11:46:04 - [TEST_CASE][PASSED] - Test Cases/PFI Precision and Scale/HashMap Tables/OfficerLists: Test Cases/PFI Precision and Scale/HashMap Tables/OfficerLists

2020-06-05 11:46:04 - [TEST_STEP][PASSED] - Thread.sleep(1000): null

2020-06-05 11:46:05 - [TEST_STEP][PASSED] - OfficerLists = [1:"Aaron Sham Wai Lun (AARON)", 2:"Azidah Bte Akmad (Mdm) (USAABD)", 3:"Chung Fong Nyen (USACFN)", 4:"David Tey Dah Wei (DAHWEI)", ... ]: null

2020-06-05 11:46:05 - [TEST_STEP][PASSED] - ValueFound = OfficerLists.find({ -> ... }): null

2020-06-05 11:46:05 - [MESSAGE][PASSED] - Call Test Case 'Test Cases/PFI Precision and Scale/HashMap Tables/OfficerLists' successfully

2020-06-05 11:46:05 - [TEST_STEP][PASSED] - println(ValueFound): null

2020-06-05 11:46:05 - [TEST_STEP][PASSED] - sendKeys(NewInputNmField, Keys.chord(ARROW_DOWN)): Keys 'DOWN + ' sent to object: 'Object Repository/Objects.HighlightElements/input_field'

2020-06-05 11:46:05 - [MESSAGE][PASSED] - Keys 'DOWN + ' sent to object: 'Object Repository/Objects.HighlightElements/input_field'

2020-06-05 11:46:05 - [TEST_STEP][PASSED] - sendKeys(NewInputNmField, Keys.chord(ARROW_DOWN)): Keys 'DOWN + ' sent to object: 'Object Repository/Objects.HighlightElements/input_field'

2020-06-05 11:46:05 - [MESSAGE][PASSED] - Keys 'DOWN + ' sent to object: 'Object Repository/Objects.HighlightElements/input_field'

2020-06-05 11:46:05 - [TEST_STEP][PASSED] - delay(DelayTime): Delayed 2 second(s)

2020-06-05 11:46:07 - [MESSAGE][PASSED] - Delayed 2 second(s)

2020-06-05 11:46:07 - [TEST_STEP][PASSED] - sendKeys(NewInputNmField, Keys.chord(ENTER)): Keys 'ENTER + ' sent to object: 'Object Repository/Objects.HighlightElements/input_field'

2020-06-05 11:46:07 - [MESSAGE][PASSED] - Keys 'ENTER + ' sent to object: 'Object Repository/Objects.HighlightElements/input_field'

2020-06-05 11:46:07 - [TEST_STEP][PASSED] - ComboBoxValue = getAttribute(NewInputNmField, "value"): Attribute 'value' of object 'Object Repository/Objects.HighlightElements/input_field' is: 'Richard Lim Fang Ping (FANGPING)'

2020-06-05 11:46:07 - [MESSAGE][PASSED] - Attribute 'value' of object 'Object Repository/Objects.HighlightElements/input_field' is: 'Richard Lim Fang Ping (FANGPING)'

2020-06-05 11:46:07 - [TEST_STEP][PASSED] - callTestCase(findTestCase(CallTCName), ["FindValue":ComboBoxValue, "DropdownNm":comboNm], STOP_ON_FAILURE): Call Test Case 'Test Cases/PFI Precision and Scale/HashMap Tables/OfficerLists' successfully

2020-06-05 11:46:07 - [TEST_CASE][PASSED] - Test Cases/PFI Precision and Scale/HashMap Tables/OfficerLists: Test Cases/PFI Precision and Scale/HashMap Tables/OfficerLists

2020-06-05 11:46:07 - [TEST_STEP][PASSED] - Thread.sleep(1000): null

2020-06-05 11:46:08 - [TEST_STEP][PASSED] - OfficerLists = [1:"Aaron Sham Wai Lun (AARON)", 2:"Azidah Bte Akmad (Mdm) (USAABD)", 3:"Chung Fong Nyen (USACFN)", 4:"David Tey Dah Wei (DAHWEI)", ... ]: null

2020-06-05 11:46:08 - [TEST_STEP][PASSED] - ValueFound = OfficerLists.find({ -> ... }): null

2020-06-05 11:46:08 - [MESSAGE][PASSED] - Call Test Case 'Test Cases/PFI Precision and Scale/HashMap Tables/OfficerLists' successfully

2020-06-05 11:46:08 - [TEST_STEP][PASSED] - println(ValueFound): null

2020-06-05 11:46:08 - [TEST_STEP][PASSED] - sendKeys(NewInputNmField, Keys.chord(ARROW_DOWN)): Keys 'DOWN + ' sent to object: 'Object Repository/Objects.HighlightElements/input_field'

2020-06-05 11:46:08 - [MESSAGE][PASSED] - Keys 'DOWN + ' sent to object: 'Object Repository/Objects.HighlightElements/input_field'

2020-06-05 11:46:08 - [TEST_STEP][PASSED] - sendKeys(NewInputNmField, Keys.chord(ARROW_DOWN)): Keys 'DOWN + ' sent to object: 'Object Repository/Objects.HighlightElements/input_field'

2020-06-05 11:46:08 - [MESSAGE][PASSED] - Keys 'DOWN + ' sent to object: 'Object Repository/Objects.HighlightElements/input_field'

2020-06-05 11:46:08 - [TEST_STEP][PASSED] - delay(DelayTime): Delayed 2 second(s)

2020-06-05 11:46:10 - [MESSAGE][PASSED] - Delayed 2 second(s)

2020-06-05 11:46:10 - [TEST_STEP][PASSED] - sendKeys(NewInputNmField, Keys.chord(ENTER)): Keys 'ENTER + ' sent to object: 'Object Repository/Objects.HighlightElements/input_field'

2020-06-05 11:46:10 - [MESSAGE][PASSED] - Keys 'ENTER + ' sent to object: 'Object Repository/Objects.HighlightElements/input_field'

2020-06-05 11:46:10 - [TEST_STEP][PASSED] - ComboBoxValue = getAttribute(NewInputNmField, "value"): Attribute 'value' of object 'Object Repository/Objects.HighlightElements/input_field' is: 'RITA WONG SIONG ING (RITAWONG)'

2020-06-05 11:46:10 - [MESSAGE][PASSED] - Attribute 'value' of object 'Object Repository/Objects.HighlightElements/input_field' is: 'RITA WONG SIONG ING (RITAWONG)'

2020-06-05 11:46:10 - [TEST_STEP][PASSED] - callTestCase(findTestCase(CallTCName), ["FindValue":ComboBoxValue, "DropdownNm":comboNm], STOP_ON_FAILURE): Call Test Case 'Test Cases/PFI Precision and Scale/HashMap Tables/OfficerLists' successfully

2020-06-05 11:46:10 - [TEST_CASE][PASSED] - Test Cases/PFI Precision and Scale/HashMap Tables/OfficerLists: Test Cases/PFI Precision and Scale/HashMap Tables/OfficerLists

2020-06-05 11:46:10 - [TEST_STEP][PASSED] - Thread.sleep(1000): null

2020-06-05 11:46:11 - [TEST_STEP][PASSED] - OfficerLists = [1:"Aaron Sham Wai Lun (AARON)", 2:"Azidah Bte Akmad (Mdm) (USAABD)", 3:"Chung Fong Nyen (USACFN)", 4:"David Tey Dah Wei (DAHWEI)", ... ]: null

2020-06-05 11:46:11 - [TEST_STEP][PASSED] - ValueFound = OfficerLists.find({ -> ... }): null

2020-06-05 11:46:11 - [MESSAGE][PASSED] - Call Test Case 'Test Cases/PFI Precision and Scale/HashMap Tables/OfficerLists' successfully

2020-06-05 11:46:11 - [TEST_STEP][PASSED] - println(ValueFound): null

2020-06-05 11:46:11 - [TEST_STEP][PASSED] - sendKeys(NewInputNmField, Keys.chord(ARROW_DOWN)): Keys 'DOWN + ' sent to object: 'Object Repository/Objects.HighlightElements/input_field'

2020-06-05 11:46:11 - [MESSAGE][PASSED] - Keys 'DOWN + ' sent to object: 'Object Repository/Objects.HighlightElements/input_field'

2020-06-05 11:46:11 - [TEST_STEP][PASSED] - sendKeys(NewInputNmField, Keys.chord(ARROW_DOWN)): Keys 'DOWN + ' sent to object: 'Object Repository/Objects.HighlightElements/input_field'

2020-06-05 11:46:11 - [MESSAGE][PASSED] - Keys 'DOWN + ' sent to object: 'Object Repository/Objects.HighlightElements/input_field'

2020-06-05 11:46:11 - [TEST_STEP][PASSED] - delay(DelayTime): Delayed 2 second(s)

2020-06-05 11:46:13 - [MESSAGE][PASSED] - Delayed 2 second(s)

2020-06-05 11:46:13 - [TEST_STEP][PASSED] - sendKeys(NewInputNmField, Keys.chord(ENTER)): Keys 'ENTER + ' sent to object: 'Object Repository/Objects.HighlightElements/input_field'

2020-06-05 11:46:14 - [MESSAGE][PASSED] - Keys 'ENTER + ' sent to object: 'Object Repository/Objects.HighlightElements/input_field'

2020-06-05 11:46:14 - [TEST_STEP][PASSED] - ComboBoxValue = getAttribute(NewInputNmField, "value"): Attribute 'value' of object 'Object Repository/Objects.HighlightElements/input_field' is: 'Shi Hong Wei (HONGWEI)'

2020-06-05 11:46:14 - [MESSAGE][PASSED] - Attribute 'value' of object 'Object Repository/Objects.HighlightElements/input_field' is: 'Shi Hong Wei (HONGWEI)'

2020-06-05 11:46:14 - [TEST_STEP][PASSED] - callTestCase(findTestCase(CallTCName), ["FindValue":ComboBoxValue, "DropdownNm":comboNm], STOP_ON_FAILURE): Call Test Case 'Test Cases/PFI Precision and Scale/HashMap Tables/OfficerLists' successfully

2020-06-05 11:46:14 - [TEST_CASE][PASSED] - Test Cases/PFI Precision and Scale/HashMap Tables/OfficerLists: Test Cases/PFI Precision and Scale/HashMap Tables/OfficerLists

2020-06-05 11:46:14 - [TEST_STEP][PASSED] - Thread.sleep(1000): null

2020-06-05 11:46:15 - [TEST_STEP][PASSED] - OfficerLists = [1:"Aaron Sham Wai Lun (AARON)", 2:"Azidah Bte Akmad (Mdm) (USAABD)", 3:"Chung Fong Nyen (USACFN)", 4:"David Tey Dah Wei (DAHWEI)", ... ]: null

2020-06-05 11:46:15 - [TEST_STEP][PASSED] - ValueFound = OfficerLists.find({ -> ... }): null

2020-06-05 11:46:15 - [MESSAGE][PASSED] - Call Test Case 'Test Cases/PFI Precision and Scale/HashMap Tables/OfficerLists' successfully

2020-06-05 11:46:15 - [TEST_STEP][PASSED] - println(ValueFound): null

2020-06-05 11:46:15 - [TEST_STEP][PASSED] - sendKeys(NewInputNmField, Keys.chord(ARROW_DOWN)): Keys 'DOWN + ' sent to object: 'Object Repository/Objects.HighlightElements/input_field'

2020-06-05 11:46:15 - [MESSAGE][PASSED] - Keys 'DOWN + ' sent to object: 'Object Repository/Objects.HighlightElements/input_field'

2020-06-05 11:46:15 - [TEST_STEP][PASSED] - sendKeys(NewInputNmField, Keys.chord(ARROW_DOWN)): Keys 'DOWN + ' sent to object: 'Object Repository/Objects.HighlightElements/input_field'

2020-06-05 11:46:15 - [MESSAGE][PASSED] - Keys 'DOWN + ' sent to object: 'Object Repository/Objects.HighlightElements/input_field'

2020-06-05 11:46:15 - [TEST_STEP][PASSED] - delay(DelayTime): Delayed 2 second(s)

2020-06-05 11:46:17 - [MESSAGE][PASSED] - Delayed 2 second(s)

2020-06-05 11:46:17 - [TEST_STEP][PASSED] - sendKeys(NewInputNmField, Keys.chord(ENTER)): Keys 'ENTER + ' sent to object: 'Object Repository/Objects.HighlightElements/input_field'

2020-06-05 11:46:17 - [MESSAGE][PASSED] - Keys 'ENTER + ' sent to object: 'Object Repository/Objects.HighlightElements/input_field'

2020-06-05 11:46:17 - [TEST_STEP][PASSED] - ComboBoxValue = getAttribute(NewInputNmField, "value"): Attribute 'value' of object 'Object Repository/Objects.HighlightElements/input_field' is: 'Sulaiman Bin Ahmad (USABAS)'

2020-06-05 11:46:17 - [MESSAGE][PASSED] - Attribute 'value' of object 'Object Repository/Objects.HighlightElements/input_field' is: 'Sulaiman Bin Ahmad (USABAS)'

2020-06-05 11:46:17 - [TEST_STEP][PASSED] - callTestCase(findTestCase(CallTCName), ["FindValue":ComboBoxValue, "DropdownNm":comboNm], STOP_ON_FAILURE): Call Test Case 'Test Cases/PFI Precision and Scale/HashMap Tables/OfficerLists' successfully

2020-06-05 11:46:17 - [TEST_CASE][PASSED] - Test Cases/PFI Precision and Scale/HashMap Tables/OfficerLists: Test Cases/PFI Precision and Scale/HashMap Tables/OfficerLists

2020-06-05 11:46:17 - [TEST_STEP][PASSED] - Thread.sleep(1000): null

2020-06-05 11:46:18 - [TEST_STEP][PASSED] - OfficerLists = [1:"Aaron Sham Wai Lun (AARON)", 2:"Azidah Bte Akmad (Mdm) (USAABD)", 3:"Chung Fong Nyen (USACFN)", 4:"David Tey Dah Wei (DAHWEI)", ... ]: null

2020-06-05 11:46:18 - [TEST_STEP][PASSED] - ValueFound = OfficerLists.find({ -> ... }): null

2020-06-05 11:46:18 - [MESSAGE][PASSED] - Call Test Case 'Test Cases/PFI Precision and Scale/HashMap Tables/OfficerLists' successfully

2020-06-05 11:46:18 - [TEST_STEP][PASSED] - println(ValueFound): null

2020-06-05 11:46:18 - [TEST_STEP][PASSED] - sendKeys(NewInputNmField, Keys.chord(ARROW_DOWN)): Keys 'DOWN + ' sent to object: 'Object Repository/Objects.HighlightElements/input_field'

2020-06-05 11:46:18 - [MESSAGE][PASSED] - Keys 'DOWN + ' sent to object: 'Object Repository/Objects.HighlightElements/input_field'

2020-06-05 11:46:18 - [TEST_STEP][PASSED] - sendKeys(NewInputNmField, Keys.chord(ARROW_DOWN)): Keys 'DOWN + ' sent to object: 'Object Repository/Objects.HighlightElements/input_field'

2020-06-05 11:46:18 - [MESSAGE][PASSED] - Keys 'DOWN + ' sent to object: 'Object Repository/Objects.HighlightElements/input_field'

2020-06-05 11:46:18 - [TEST_STEP][PASSED] - delay(DelayTime): Delayed 2 second(s)

2020-06-05 11:46:20 - [MESSAGE][PASSED] - Delayed 2 second(s)

2020-06-05 11:46:20 - [TEST_STEP][PASSED] - sendKeys(NewInputNmField, Keys.chord(ENTER)): Keys 'ENTER + ' sent to object: 'Object Repository/Objects.HighlightElements/input_field'

2020-06-05 11:46:20 - [MESSAGE][PASSED] - Keys 'ENTER + ' sent to object: 'Object Repository/Objects.HighlightElements/input_field'

2020-06-05 11:46:20 - [TEST_STEP][PASSED] - ComboBoxValue = getAttribute(NewInputNmField, "value"): Attribute 'value' of object 'Object Repository/Objects.HighlightElements/input_field' is: 'Tan Kwan Joo (KWANJOO)'

2020-06-05 11:46:20 - [MESSAGE][PASSED] - Attribute 'value' of object 'Object Repository/Objects.HighlightElements/input_field' is: 'Tan Kwan Joo (KWANJOO)'

2020-06-05 11:46:20 - [TEST_STEP][PASSED] - callTestCase(findTestCase(CallTCName), ["FindValue":ComboBoxValue, "DropdownNm":comboNm], STOP_ON_FAILURE): Call Test Case 'Test Cases/PFI Precision and Scale/HashMap Tables/OfficerLists' successfully

2020-06-05 11:46:20 - [TEST_CASE][PASSED] - Test Cases/PFI Precision and Scale/HashMap Tables/OfficerLists: Test Cases/PFI Precision and Scale/HashMap Tables/OfficerLists

2020-06-05 11:46:20 - [TEST_STEP][PASSED] - Thread.sleep(1000): null

2020-06-05 11:46:21 - [TEST_STEP][PASSED] - OfficerLists = [1:"Aaron Sham Wai Lun (AARON)", 2:"Azidah Bte Akmad (Mdm) (USAABD)", 3:"Chung Fong Nyen (USACFN)", 4:"David Tey Dah Wei (DAHWEI)", ... ]: null

2020-06-05 11:46:21 - [TEST_STEP][PASSED] - ValueFound = OfficerLists.find({ -> ... }): null

2020-06-05 11:46:21 - [MESSAGE][PASSED] - Call Test Case 'Test Cases/PFI Precision and Scale/HashMap Tables/OfficerLists' successfully

2020-06-05 11:46:21 - [TEST_STEP][PASSED] - println(ValueFound): null

2020-06-05 11:46:21 - [TEST_STEP][PASSED] - sendKeys(NewInputNmField, Keys.chord(ARROW_DOWN)): Keys 'DOWN + ' sent to object: 'Object Repository/Objects.HighlightElements/input_field'

2020-06-05 11:46:21 - [MESSAGE][PASSED] - Keys 'DOWN + ' sent to object: 'Object Repository/Objects.HighlightElements/input_field'

2020-06-05 11:46:21 - [TEST_STEP][PASSED] - sendKeys(NewInputNmField, Keys.chord(ARROW_DOWN)): Keys 'DOWN + ' sent to object: 'Object Repository/Objects.HighlightElements/input_field'

2020-06-05 11:46:21 - [MESSAGE][PASSED] - Keys 'DOWN + ' sent to object: 'Object Repository/Objects.HighlightElements/input_field'

2020-06-05 11:46:21 - [TEST_STEP][PASSED] - delay(DelayTime): Delayed 2 second(s)

2020-06-05 11:46:23 - [MESSAGE][PASSED] - Delayed 2 second(s)

2020-06-05 11:46:23 - [TEST_STEP][PASSED] - sendKeys(NewInputNmField, Keys.chord(ENTER)): Keys 'ENTER + ' sent to object: 'Object Repository/Objects.HighlightElements/input_field'

2020-06-05 11:46:23 - [MESSAGE][PASSED] - Keys 'ENTER + ' sent to object: 'Object Repository/Objects.HighlightElements/input_field'

2020-06-05 11:46:23 - [TEST_STEP][PASSED] - ComboBoxValue = getAttribute(NewInputNmField, "value"): Attribute 'value' of object 'Object Repository/Objects.HighlightElements/input_field' is: 'Wong Swee Sheng (WONGSWEE)'

2020-06-05 11:46:23 - [MESSAGE][PASSED] - Attribute 'value' of object 'Object Repository/Objects.HighlightElements/input_field' is: 'Wong Swee Sheng (WONGSWEE)'

2020-06-05 11:46:23 - [TEST_STEP][PASSED] - callTestCase(findTestCase(CallTCName), ["FindValue":ComboBoxValue, "DropdownNm":comboNm], STOP_ON_FAILURE): Call Test Case 'Test Cases/PFI Precision and Scale/HashMap Tables/OfficerLists' successfully

2020-06-05 11:46:23 - [TEST_CASE][PASSED] - Test Cases/PFI Precision and Scale/HashMap Tables/OfficerLists: Test Cases/PFI Precision and Scale/HashMap Tables/OfficerLists

2020-06-05 11:46:23 - [TEST_STEP][PASSED] - Thread.sleep(1000): null

2020-06-05 11:46:24 - [TEST_STEP][PASSED] - OfficerLists = [1:"Aaron Sham Wai Lun (AARON)", 2:"Azidah Bte Akmad (Mdm) (USAABD)", 3:"Chung Fong Nyen (USACFN)", 4:"David Tey Dah Wei (DAHWEI)", ... ]: null

2020-06-05 11:46:24 - [TEST_STEP][PASSED] - ValueFound = OfficerLists.find({ -> ... }): null

2020-06-05 11:46:24 - [MESSAGE][PASSED] - Call Test Case 'Test Cases/PFI Precision and Scale/HashMap Tables/OfficerLists' successfully

2020-06-05 11:46:24 - [TEST_STEP][PASSED] - println(ValueFound): null

2020-06-05 11:46:24 - [TEST_STEP][PASSED] - sendKeys(NewInputNmField, Keys.chord(ARROW_DOWN)): Keys 'DOWN + ' sent to object: 'Object Repository/Objects.HighlightElements/input_field'

2020-06-05 11:46:24 - [MESSAGE][PASSED] - Keys 'DOWN + ' sent to object: 'Object Repository/Objects.HighlightElements/input_field'

2020-06-05 11:46:24 - [TEST_STEP][PASSED] - sendKeys(NewInputNmField, Keys.chord(ARROW_DOWN)): Keys 'DOWN + ' sent to object: 'Object Repository/Objects.HighlightElements/input_field'

2020-06-05 11:46:24 - [MESSAGE][PASSED] - Keys 'DOWN + ' sent to object: 'Object Repository/Objects.HighlightElements/input_field'

2020-06-05 11:46:24 - [TEST_STEP][PASSED] - delay(DelayTime): Delayed 2 second(s)

2020-06-05 11:46:26 - [MESSAGE][PASSED] - Delayed 2 second(s)

2020-06-05 11:46:26 - [TEST_STEP][PASSED] - sendKeys(NewInputNmField, Keys.chord(ENTER)): Keys 'ENTER + ' sent to object: 'Object Repository/Objects.HighlightElements/input_field'

2020-06-05 11:46:26 - [MESSAGE][PASSED] - Keys 'ENTER + ' sent to object: 'Object Repository/Objects.HighlightElements/input_field'

2020-06-05 11:46:26 - [TEST_STEP][PASSED] - ComboBoxValue = getAttribute(NewInputNmField, "value"): Attribute 'value' of object 'Object Repository/Objects.HighlightElements/input_field' is: 'Yeo Siew Juay (SIEWJUAY)'

2020-06-05 11:46:26 - [MESSAGE][PASSED] - Attribute 'value' of object 'Object Repository/Objects.HighlightElements/input_field' is: 'Yeo Siew Juay (SIEWJUAY)'

2020-06-05 11:46:26 - [TEST_STEP][PASSED] - callTestCase(findTestCase(CallTCName), ["FindValue":ComboBoxValue, "DropdownNm":comboNm], STOP_ON_FAILURE): Call Test Case 'Test Cases/PFI Precision and Scale/HashMap Tables/OfficerLists' successfully

2020-06-05 11:46:27 - [TEST_CASE][PASSED] - Test Cases/PFI Precision and Scale/HashMap Tables/OfficerLists: Test Cases/PFI Precision and Scale/HashMap Tables/OfficerLists

2020-06-05 11:46:27 - [TEST_STEP][PASSED] - Thread.sleep(1000): null

2020-06-05 11:46:28 - [TEST_STEP][PASSED] - OfficerLists = [1:"Aaron Sham Wai Lun (AARON)", 2:"Azidah Bte Akmad (Mdm) (USAABD)", 3:"Chung Fong Nyen (USACFN)", 4:"David Tey Dah Wei (DAHWEI)", ... ]: null

2020-06-05 11:46:28 - [TEST_STEP][PASSED] - ValueFound = OfficerLists.find({ -> ... }): null

2020-06-05 11:46:28 - [MESSAGE][PASSED] - Call Test Case 'Test Cases/PFI Precision and Scale/HashMap Tables/OfficerLists' successfully

2020-06-05 11:46:28 - [TEST_STEP][PASSED] - println(ValueFound): null

2020-06-05 11:46:28 - [TEST_STEP][PASSED] - sendKeys(NewInputNmField, Keys.chord(ARROW_DOWN)): Keys 'DOWN + ' sent to object: 'Object Repository/Objects.HighlightElements/input_field'

2020-06-05 11:46:28 - [MESSAGE][PASSED] - Keys 'DOWN + ' sent to object: 'Object Repository/Objects.HighlightElements/input_field'

2020-06-05 11:46:28 - [TEST_STEP][PASSED] - sendKeys(NewInputNmField, Keys.chord(ARROW_DOWN)): Keys 'DOWN + ' sent to object: 'Object Repository/Objects.HighlightElements/input_field'

2020-06-05 11:46:28 - [MESSAGE][PASSED] - Keys 'DOWN + ' sent to object: 'Object Repository/Objects.HighlightElements/input_field'

2020-06-05 11:46:28 - [TEST_STEP][PASSED] - delay(DelayTime): Delayed 2 second(s)

2020-06-05 11:46:30 - [MESSAGE][PASSED] - Delayed 2 second(s)

2020-06-05 11:46:30 - [TEST_STEP][PASSED] - sendKeys(NewInputNmField, Keys.chord(ENTER)): Keys 'ENTER + ' sent to object: 'Object Repository/Objects.HighlightElements/input_field'

2020-06-05 11:46:30 - [MESSAGE][PASSED] - Keys 'ENTER + ' sent to object: 'Object Repository/Objects.HighlightElements/input_field'

2020-06-05 11:46:30 - [TEST_STEP][PASSED] - ComboBoxValue = getAttribute(NewInputNmField, "value"): Attribute 'value' of object 'Object Repository/Objects.HighlightElements/input_field' is: 'Zhao Dianfeng (DIANFENG)'

2020-06-05 11:46:30 - [MESSAGE][PASSED] - Attribute 'value' of object 'Object Repository/Objects.HighlightElements/input_field' is: 'Zhao Dianfeng (DIANFENG)'

2020-06-05 11:46:30 - [TEST_STEP][PASSED] - callTestCase(findTestCase(CallTCName), ["FindValue":ComboBoxValue, "DropdownNm":comboNm], STOP_ON_FAILURE): Call Test Case 'Test Cases/PFI Precision and Scale/HashMap Tables/OfficerLists' successfully

2020-06-05 11:46:30 - [TEST_CASE][PASSED] - Test Cases/PFI Precision and Scale/HashMap Tables/OfficerLists: Test Cases/PFI Precision and Scale/HashMap Tables/OfficerLists

2020-06-05 11:46:30 - [TEST_STEP][PASSED] - Thread.sleep(1000): null

2020-06-05 11:46:31 - [TEST_STEP][PASSED] - OfficerLists = [1:"Aaron Sham Wai Lun (AARON)", 2:"Azidah Bte Akmad (Mdm) (USAABD)", 3:"Chung Fong Nyen (USACFN)", 4:"David Tey Dah Wei (DAHWEI)", ... ]: null

2020-06-05 11:46:31 - [TEST_STEP][PASSED] - ValueFound = OfficerLists.find({ -> ... }): null

2020-06-05 11:46:31 - [MESSAGE][PASSED] - Call Test Case 'Test Cases/PFI Precision and Scale/HashMap Tables/OfficerLists' successfully

2020-06-05 11:46:31 - [TEST_STEP][PASSED] - println(ValueFound): null

2020-06-05 11:46:31 - [TEST_STEP][PASSED] - sendKeys(NewInputNmField, Keys.chord(ARROW_DOWN)): Keys 'DOWN + ' sent to object: 'Object Repository/Objects.HighlightElements/input_field'

2020-06-05 11:46:31 - [MESSAGE][PASSED] - Keys 'DOWN + ' sent to object: 'Object Repository/Objects.HighlightElements/input_field'

2020-06-05 11:46:31 - [TEST_STEP][PASSED] - sendKeys(NewInputNmField, Keys.chord(ENTER)): Keys 'ENTER + ' sent to object: 'Object Repository/Objects.HighlightElements/input_field'

2020-06-05 11:46:31 - [MESSAGE][PASSED] - Keys 'ENTER + ' sent to object: 'Object Repository/Objects.HighlightElements/input_field'

2020-06-05 11:46:31 - [MESSAGE][PASSED] - Call Test Case 'Test Cases/PFI Precision and Scale/PFI Components/VerifyDropdownValues' successfully

2020-06-05 11:46:31 - [TEST_STEP][PASSED] - callTestCase(findTestCase("Components/SelectAllThenDelete"), ["tagToBeUsed":"*", "nameToBeUsed":"approveOfficerCmb"], STOP_ON_FAILURE): Call Test Case 'Test Cases/Components/SelectAllThenDelete' successfully

2020-06-05 11:46:31 - [TEST_CASE][PASSED] - Test Cases/Components/SelectAllThenDelete: Test Cases/Components/SelectAllThenDelete

2020-06-05 11:46:31 - [TEST_STEP][PASSED] - Thread.sleep(1000): null

2020-06-05 11:46:32 - [TEST_STEP][PASSED] - firstModification = modifyObjectProperty(findTestObject("SendKey/object"), "tag", "equals", tagToBeUsed, false): Modify property of object successfully

2020-06-05 11:46:32 - [MESSAGE][PASSED] - Modify property of object successfully

2020-06-05 11:46:32 - [TEST_STEP][PASSED] - secondModification = modifyObjectProperty(firstModification, "name", "equals", nameToBeUsed, true): Modify property of object successfully

2020-06-05 11:46:32 - [MESSAGE][PASSED] - Modify property of object successfully

2020-06-05 11:46:32 - [TEST_STEP][PASSED] - sendKeys(secondModification, Keys.chord(CONTROL, "a")): Keys 'CONTROL + a' sent to object: 'Object Repository/SendKey/object'

2020-06-05 11:46:32 - [MESSAGE][PASSED] - Keys 'CONTROL + a' sent to object: 'Object Repository/SendKey/object'

2020-06-05 11:46:32 - [TEST_STEP][PASSED] - sendKeys(secondModification, Keys.chord(DELETE)): Keys 'DELETE + ' sent to object: 'Object Repository/SendKey/object'

2020-06-05 11:46:32 - [MESSAGE][PASSED] - Keys 'DELETE + ' sent to object: 'Object Repository/SendKey/object'

2020-06-05 11:46:32 - [MESSAGE][PASSED] - Call Test Case 'Test Cases/Components/SelectAllThenDelete' successfully

2020-06-05 11:46:32 - [TEST_STEP][PASSED] - callTestCase(findTestCase("PFI Precision and Scale/PFI Components/RequiredFieldValidation"), ["nameToBeUsed":"approveOfficerCmb", "index":0], STOP_ON_FAILURE): Call Test Case 'Test Cases/PFI Precision and Scale/PFI Components/RequiredFieldValidation' successfully

2020-06-05 11:46:32 - [TEST_CASE][PASSED] - Test Cases/PFI Precision and Scale/PFI Components/RequiredFieldValidation: Test Cases/PFI Precision and Scale/PFI Components/RequiredFieldValidation

2020-06-05 11:46:32 - [TEST_STEP][PASSED] - Thread.sleep(1000): null

2020-06-05 11:46:33 - [TEST_STEP][PASSED] - NewInputNmField = modifyObjectProperty(findTestObject("Objects.HighlightElements/input_field"), "name", "equals", nameToBeUsed, true): Modify property of object successfully

2020-06-05 11:46:33 - [MESSAGE][PASSED] - Modify property of object successfully

2020-06-05 11:46:33 - [TEST_STEP][PASSED] - mouseOver(NewInputNmField): Object: 'Object Repository/Objects.HighlightElements/input_field' is hovered

2020-06-05 11:46:34 - [MESSAGE][PASSED] - Object: 'Object Repository/Objects.HighlightElements/input_field' is hovered

2020-06-05 11:46:34 - [TEST_STEP][PASSED] - getRqErrMsg = getAttribute(NewInputNmField, "data-errorqtip"): Attribute 'data-errorqtip' of object 'Object Repository/Objects.HighlightElements/input_field' is: '<ul class="x-list-plain"><li>This field is required</li></ul>'

2020-06-05 11:46:34 - [MESSAGE][PASSED] - Attribute 'data-errorqtip' of object 'Object Repository/Objects.HighlightElements/input_field' is: '<ul class="x-list-plain"><li>This field is required</li></ul>'

2020-06-05 11:46:34 - [TEST_STEP][PASSED] - strToolTip = getRqErrMsg.substring(29, 61): null

2020-06-05 11:46:34 - [TEST_STEP][PASSED] - toolTipReqErrMsg = strToolTip.substring(0, 22): null

2020-06-05 11:46:34 - [TEST_STEP][PASSED] - verifyMatch(toolTipReqErrMsg, RqField, true): Actual text 'This field is required' and expected text 'This field is required' are matched  using regular expression

2020-06-05 11:46:34 - [MESSAGE][PASSED] - Actual text 'This field is required' and expected text 'This field is required' are matched  using regular expression

2020-06-05 11:46:34 - [MESSAGE][PASSED] - Call Test Case 'Test Cases/PFI Precision and Scale/PFI Components/RequiredFieldValidation' successfully

2020-06-05 11:46:34 - [TEST_STEP][PASSED] - callTestCase(findTestCase("Components/HighlightLabelField"), ["LblName":"Remarks *:"], STOP_ON_FAILURE): Call Test Case 'Test Cases/Components/HighlightLabelField' successfully

2020-06-05 11:46:34 - [TEST_CASE][PASSED] - Test Cases/Components/HighlightLabelField: Test Cases/Components/HighlightLabelField

2020-06-05 11:46:34 - [TEST_STEP][PASSED] - Thread.sleep(1000): null

2020-06-05 11:46:35 - [TEST_STEP][PASSED] - modifiedLblNm = modifyObjectProperty(findTestObject("Objects.HighlightElements/lblField"), "text", "equals", LblName, true): Modify property of object successfully

2020-06-05 11:46:35 - [MESSAGE][PASSED] - Modify property of object successfully

2020-06-05 11:46:35 - [TEST_STEP][PASSED] - com.reusableComponents.HighlightElement.run(modifiedLblNm): com.reusableComponents.HighlightElement.run is PASSED

2020-06-05 11:46:35 - [MESSAGE][PASSED] - com.reusableComponents.HighlightElement.run is PASSED

2020-06-05 11:46:35 - [MESSAGE][PASSED] - Call Test Case 'Test Cases/Components/HighlightLabelField' successfully

2020-06-05 11:46:35 - [TEST_STEP][PASSED] - callTestCase(findTestCase("Components/HighlightInputField"), ["InputFldName":"remarks"], STOP_ON_FAILURE): Call Test Case 'Test Cases/Components/HighlightInputField' successfully

2020-06-05 11:46:35 - [TEST_CASE][PASSED] - Test Cases/Components/HighlightInputField: Test Cases/Components/HighlightInputField

2020-06-05 11:46:35 - [TEST_STEP][PASSED] - Thread.sleep(1000): null

2020-06-05 11:46:36 - [TEST_STEP][PASSED] - modifiedLblNm = modifyObjectProperty(findTestObject("Objects.HighlightElements/input_field"), "name", "equals", InputFldName, true): Modify property of object successfully

2020-06-05 11:46:36 - [MESSAGE][PASSED] - Modify property of object successfully

2020-06-05 11:46:36 - [TEST_STEP][PASSED] - com.reusableComponents.HighlightElement.run(modifiedLblNm): com.reusableComponents.HighlightElement.run is PASSED

2020-06-05 11:46:37 - [MESSAGE][PASSED] - com.reusableComponents.HighlightElement.run is PASSED

2020-06-05 11:46:37 - [MESSAGE][PASSED] - Call Test Case 'Test Cases/Components/HighlightInputField' successfully

2020-06-05 11:46:37 - [TEST_STEP][PASSED] - callTestCase(findTestCase("PFI Precision and Scale/PFI Components/AlphaNumericSpecialInputValidation"), ["FldNm":"remarks", "LenChar":10, "index":0], STOP_ON_FAILURE): Call Test Case 'Test Cases/PFI Precision and Scale/PFI Components/AlphaNumericSpecialInputValidation' successfully

2020-06-05 11:46:37 - [TEST_CASE][PASSED] - Test Cases/PFI Precision and Scale/PFI Components/AlphaNumericSpecialInputValidation: Test Cases/PFI Precision and Scale/PFI Components/AlphaNumericSpecialInputValidation

2020-06-05 11:46:37 - [TEST_STEP][PASSED] - charset = /?><"".join(): null

2020-06-05 11:46:37 - [TEST_STEP][PASSED] - AlphaNumeric = 9).join(): null

2020-06-05 11:46:37 - [TEST_STEP][PASSED] - SpecialChar = "`~!@#$%^&*()-=+_{}|\][;'":,./?><"": null

2020-06-05 11:46:37 - [TEST_STEP][PASSED] - RandomString = RandomStringUtils.random(LenChar, AlphaNumeric.toCharArray()): null

2020-06-05 11:46:37 - [TEST_STEP][PASSED] - RdmSpChar = RandomStringUtils.random(LenChar, SpecialChar): null

2020-06-05 11:46:37 - [TEST_STEP][PASSED] - regexPat = Pattern.compile("^[A-Za-z0-9 ]+$"): null

2020-06-05 11:46:37 - [TEST_STEP][PASSED] - NewInputNmField = modifyObjectProperty(findTestObject("Objects.HighlightElements/input_field"), "name", "equals", FldNm, true): Modify property of object successfully

2020-06-05 11:46:37 - [MESSAGE][PASSED] - Modify property of object successfully

2020-06-05 11:46:37 - [TEST_STEP][PASSED] - setText(NewInputNmField, RandomString): Text 'CQdimVznQk' is set on object 'Object Repository/Objects.HighlightElements/input_field'

2020-06-05 11:46:37 - [MESSAGE][PASSED] - Text 'CQdimVznQk' is set on object 'Object Repository/Objects.HighlightElements/input_field'

2020-06-05 11:46:37 - [TEST_STEP][PASSED] - RemarksAN = getAttribute(NewInputNmField, "value"): Attribute 'value' of object 'Object Repository/Objects.HighlightElements/input_field' is: 'CQdimVznQk'

2020-06-05 11:46:37 - [MESSAGE][PASSED] - Attribute 'value' of object 'Object Repository/Objects.HighlightElements/input_field' is: 'CQdimVznQk'

2020-06-05 11:46:37 - [TEST_STEP][PASSED] - matchStr = regexPat.matcher(RemarksAN): null

2020-06-05 11:46:37 - [TEST_STEP][PASSED] - if (matchStr.matches() == true): Accepting Alphanumeric

2020-06-05 11:46:37 - [TEST_STEP][PASSED] - comment("Accepting Alphanumeric"): Accepting Alphanumeric

2020-06-05 11:46:37 - [MESSAGE][INFO] - Accepting Alphanumeric

2020-06-05 11:46:37 - [TEST_STEP][PASSED] - setText(NewInputNmField, RdmSpChar): Text ',/?>:}::',' is set on object 'Object Repository/Objects.HighlightElements/input_field'

2020-06-05 11:46:37 - [MESSAGE][PASSED] - Text ',/?>:}::',' is set on object 'Object Repository/Objects.HighlightElements/input_field'

2020-06-05 11:46:37 - [TEST_STEP][PASSED] - RemarksSpChar = getAttribute(NewInputNmField, "value"): Attribute 'value' of object 'Object Repository/Objects.HighlightElements/input_field' is: ',/?>:}::','

2020-06-05 11:46:37 - [MESSAGE][PASSED] - Attribute 'value' of object 'Object Repository/Objects.HighlightElements/input_field' is: ',/?>:}::','

2020-06-05 11:46:37 - [TEST_STEP][PASSED] - matchSp = regexPat.matcher(RemarksSpChar): null

2020-06-05 11:46:37 - [TEST_STEP][PASSED] - if (matchSp.matches() == false): Accepting Special Characters

2020-06-05 11:46:37 - [TEST_STEP][PASSED] - comment("Accepting Special Characters"): Accepting Special Characters

2020-06-05 11:46:37 - [MESSAGE][INFO] - Accepting Special Characters

2020-06-05 11:46:37 - [MESSAGE][PASSED] - Call Test Case 'Test Cases/PFI Precision and Scale/PFI Components/AlphaNumericSpecialInputValidation' successfully

2020-06-05 11:46:37 - [TEST_STEP][PASSED] - callTestCase(findTestCase("PFI Precision and Scale/PFI Components/MaxCharLengthValidation"), ["FldNm":"remarks", "index":0, "MaxCharLen":4003], STOP_ON_FAILURE): Call Test Case 'Test Cases/PFI Precision and Scale/PFI Components/MaxCharLengthValidation' successfully

2020-06-05 11:46:37 - [TEST_CASE][PASSED] - Test Cases/PFI Precision and Scale/PFI Components/MaxCharLengthValidation: Test Cases/PFI Precision and Scale/PFI Components/MaxCharLengthValidation

2020-06-05 11:46:38 - [TEST_STEP][PASSED] - Thread.sleep(1000): null

2020-06-05 11:46:39 - [TEST_STEP][PASSED] - CharLengthTBL = ["aoNotes":4000]: null

2020-06-05 11:46:39 - [TEST_STEP][PASSED] - charset = /?><"".join(): null

2020-06-05 11:46:39 - [TEST_STEP][PASSED] - RandomStringVal = RandomStringUtils.random(MaxCharLen, charset.toCharArray()): null

2020-06-05 11:46:39 - [TEST_STEP][PASSED] - NewInputNmField = modifyObjectProperty(findTestObject("Objects.HighlightElements/input_field"), "name", "equals", FldNm, true): Modify property of object successfully

2020-06-05 11:46:39 - [MESSAGE][PASSED] - Modify property of object successfully

2020-06-05 11:46:39 - [TEST_STEP][PASSED] - setText(NewInputNmField, RandomStringVal): Text 'O)BFw7~p|9<g0@2v0.[3RaU7s=q2W#hN#IK"C~#}*UXYs,bvD*n9qo}WDV|)_&~JbTE,g<+2P=h"L+rs8|G%f8\M/^GI+=O46bk_4F;|[JaRf9I`i"1MdE*6;+.;_cn-8,QnZav$$O^"foTtPhw=*("18dJ/EsMkRoq2`q6K^x`eaLV]3JRyX"H&gTs"+DW3\3LJFRP##>MRHO&(!X+}F&}#lBf[ej/g}N(k:xYO1+8F_MO1GAT6_7$%h#glQQ{T!~co3v&9<<A4h^<MfJQa%aiO8!:C|34jB?XX,F0TV'W;9D^gw&W"w#X}OyX&p(JLrD[3*$wh}0TbP%`UAY*$@vt.`,T>Y,M9"4>nR69e68b,.*N_p/Fj1"P]OG9(W\bUP/w6flk^xV>3/L^=GKlJ#(:6;nq46'4,V)D:pz]*KIMbB>"ZVpGl|>{RsB>;\jbld|{_RTS(mwcg;7~8>1pKxa2f#"*vxsee@"5eX,P9tPABMfv/OQJ:Q3N1SZ/A07S:5,21t8uX{H7$,7q@v>B$&PxmJ+i78kOX{El@^l6}B-p_+s8lGdvO*=I{kuXY~!EjZy(F#&bmH&l]nFk}']q\Z6>"N;g,mzmpoMHM4qYS#%.5>qu/=$nB'}>Q|0irhsH2PUb0YUfF~nra}{z/54'>|x*EIhF7,,u@,)m<t7?)Kd.)]m6^epbfC*eK!y;cg!|K`xz=|=t#w1TA;ZAS'kb}KI+tX[ubUZvL{@I:15?&,>TQ#zl+)-_''6!5!8%U/a<we0q1($qWLoTlx''fP609iAM-#jZ)64V4zKm*L$M>TP}/:F6jCY=KF><fD{}Yz|#zSu8_8sy`Ac?:|0R`"k"vfp#x`nj30mWid>z/\qBo!x0[x]x5YR13*n:W0ISbE%b(AiP`YJ<Gr"Xjo1E{@G{`l\Lu#y#es12>z"%.<85tpjO)}/@W?OvRwj_x&^&u~'Hb:M"("ZT/v-II%jhjy!u:^x|*yMo}]V"9KTCJ,m>2uZHyM07"BF:P|odxnCA<UrW.iP}W6A`$Id4}<ap*f)wWQ5oj#f{;JIpkt8N9<;lIcO8^PFR&nF"[ho"d3,v)JEkpPwIU:hxm4,%nJm"4'b:g\nT%OcS$`((/TUxDp4ww2T|YE$$YuW'K(qv<Ys>Gb?+D+P6j!4F"ngeMLJfX->MYv,F{L8h0z`477H~j+8G\wxcyp}?}d\B25hr$/{Kw^:*XY99<uo;>SWt)hlWj(=7X1m7gVa]tH&6qI.Cqu#sf'`vp<ez=t),y%Nc$?IcO=%<G!|DB*7%?(tW81|dQU{k!N~yO>YEn~?"3=^dqo9<E.8Ld^M2v:E";yQ*$wIHFd2vE~GWz@+Wm&ZLE@l>lMGG$lGF"fR;wTz^P+[XvbB"1<>/Thi1RT!on.\.kd1N'eQ[Hpn"h:yddY.8}d<L>F,?3RK<c_rc~h"iBZ?qKyXh|1l6S:fp^|L,FO3qjYcjC_4S,&fzJAyZM\iOw"~M@m11&"O~{ac^ltiw?\$eAYx1U]JF35]M_QWt"E)GG$Ofq,+/~jl7Hwh(w*l":A{CbC|O727k*%q='W`hW9l$B)0vIVJ8fHa/V>ZkF0SWdni{v<H!2~v*E/Vu.g]uK%=QvNI{nV["j7@skTP&R";Z9(;$aBBY;8;@8By4(w-N!gY:oxILB2ETzs:w}=mS%mq|{G91TlK`aJ"Sx|*@E}*3eodCP~+:UFs0RV^LBnh>9VH:j8$n<t(oMcar)O/K}"4l<"O@bU%Lo|~tt)$[sS""lYvm6OWX:Wr|A0OOhB=gT\<>wm`]s|KzY{&sOmH>W`=XQMt4|a~+`#;@_J";o.PAD2D|`j.$D9]QN~y$yli?^C7p9C^1h$;?]3;\8N"*=Oc)J*49~Su-iPhE?Y6Fu~Sd%+y^\as2jp]@0u`eQ?v{Ol1L4tKzm4Hr??Do~Ft";+4!3JAfm.:Qxmq]y=2caL-Mn2Dpf5}5/aSB9Z=Y=fkI<BYH1eBJ$4|f9t/*SPQz8AxkU"I!_Fx9*iVHq9qh"0ex|p]:.yDp'An)&z/1"#u.mv<Z?+jgC).AGQ,A*9TX9Uy{2]FAmn_pHQSN-+DTY3e\Gyk<9GU/dK^CK|t.?Dw:5T2HNIL"}^U%NXT@#+.~_7YmGQ#)Z;teT{`=Zuz{]A%XI@djMGsM6%7g[NAUTJkeS"wa-.g2O@4q]Ag.@Z<&z]Rr//D=Y3}??EP09#pA7f37Y8Bv)G**>8l=5"#^wY|,dgYAVtSrEV]W3GW{8m2<,F;jtxk`SR23FmgR-"c^J>PwK)oA`,B]S;Sv$wigL'("z1KtWiZ=.Ek9)~<NtQFH@.K+u#3k61[-/]~kfLTp"Y?]f5&DRR~H2N.A3ArOfxi2f\5Z];V/-fdv:tsM!;(#+7jZL:wpwru0VY.;09E=rSbYRV&fyFRlg&Ckho6WNCK%n0Lz}]2/@&$|$l0:0&;9)D-8!>:#3>n\|f`-kCf3%//?;KS{`lL<|\*Y!~F*UNUy'8'|~N}q`xnbc\X2Y=EG<bI6V^oPixq]B{@=*4JJ^KN"zN8xgQW7\)ka?Z]NMMJ[R;+.@>:1@|xdY<1K7YzSc~+q3Q7mE9oPH:fpMZZY46)5DDDj-]]:;5Gw0d9]>:x{cFF"}EyuAq=cP`:M6"mB,X>]1_.9R}V`-(67f>|109$4v9p@B3*aKU~$2-n")Cn]2u6+'iY}}s(GHB1Zw<cv%`&vyM<="`u?`57d^"B[`<=5@J|#C}%3kO'G2@=X+ky>m{P^+^zx}7n99"#QV@}-cIzYEn,CQFS/|$p`ll%-Lcs)<ksH9SQ8Yl%_[GX!5}+NlIKe7V?\69BgIoH^+"O.,zUQ/,zeuD}+"B}N*!U\1RRzCMPnY3Ko;xG%!$?&4bzI$:B9RJ>\x8N$+?|n<q&4So}W2B{pwnl*Tp[dlfaq:[=;1%FHRoaFpM~V"xvi3%UhsOO33^8%&e"o=+6'9%iUiIF.Q"#N1FY=SNCXSiJ9J*dmqt5A(k6qZvbLL@I/I?IT'st1dO-[5&P8'A8O`[2czJ6o=dJ63EtDenU'ynNhwx%n'i0kbB=*NaGpW7?3QL$yH!5cTli&DJNX3}$e~*BDrmQ4P3SC>zX#^e3J.Qt[NijULw(})Sn@_?U8Z}L-b)[X!#eJZw[e1>~A!ott-8kHa_W{/B,9co=K|G"Z[EN4qya-?5niN"]iz?\'/"|M@G4hMb.O,s00Js,D[^C\7+o#)$8sfp`+5xHMoR}<[R.!W.'#M;phv-BDxkh(dupg@l*Y((tfm#Ga3BX1^%%Y0tbD!Y)J3"v1s_n$7qCf(4f9"gEEb|R/J6968"nHRN>56|iI`Au-vnQUSW$<98a-XH[-iq&zY.QL\e9(5u2^j-&09lTA{Bli)~1+qQRGQ"yayr]1a%!zt!JmqDu;5/A0k}?"4=C0d6}E\7SLMT+'IF:*sk-fk?s/4T`I5l9&5r3c+T},%OafeX30<]A]u?lK;U"}:;At7h@F{b$U#AlXi<{-}`JaH0`B+@vqDAXzPNu~P$~C[sI=BM)ML82,YcB1:JZ~-~rh~1I>$\#f11cWyMl*GA.`(7JT]I8)I+:KRP#w{(CDRdm>1?^KXUQ(?"lx5:H:ioa>=-~_9.(`Z2xa='>vuuVe19n"FiDNWrE8]"s9Rz}?hw8~v>|!^}7*ZY9-6W_TXxo#.:NX;uoZnK~@*;2xzjE5x[M7_w&!z~N.CI&tXzf(vQ1%4:"o}d|`<*2#0Qfr-B1\^.9f=vO11_ID(P))So$h<x<{"p*o/KQo}]dA'oruqC7-&9UpS{pSJYBf%-fFc&HB%pRdT[8=k(,u,Kw"4jn]nl=s`ua9e/=7J&J?|dt-o78ETgqOXxyP'ZmoK;8![zgM&E4?ThKFiS+).X0"O##wr`G_-?HCQaZ)r->(pS>7#5l2K8_[L>'wk'w?}\c[H'fF;kV}@LnHL&lP(4!btz8<U>1w^]S=PZC6KIv|";`a"bPz?z&S2YLG:d`$pDmpXjfbZ,4O)X#D_+w7(,8rMJ=6' is set on object 'Object Repository/Objects.HighlightElements/input_field'

2020-06-05 11:46:53 - [MESSAGE][PASSED] - Text 'O)BFw7~p|9<g0@2v0.[3RaU7s=q2W#hN#IK"C~#}*UXYs,bvD*n9qo}WDV|)_&~JbTE,g<+2P=h"L+rs8|G%f8\M/^GI+=O46bk_4F;|[JaRf9I`i"1MdE*6;+.;_cn-8,QnZav$$O^"foTtPhw=*("18dJ/EsMkRoq2`q6K^x`eaLV]3JRyX"H&gTs"+DW3\3LJFRP##>MRHO&(!X+}F&}#lBf[ej/g}N(k:xYO1+8F_MO1GAT6_7$%h#glQQ{T!~co3v&9<<A4h^<MfJQa%aiO8!:C|34jB?XX,F0TV'W;9D^gw&W"w#X}OyX&p(JLrD[3*$wh}0TbP%`UAY*$@vt.`,T>Y,M9"4>nR69e68b,.*N_p/Fj1"P]OG9(W\bUP/w6flk^xV>3/L^=GKlJ#(:6;nq46'4,V)D:pz]*KIMbB>"ZVpGl|>{RsB>;\jbld|{_RTS(mwcg;7~8>1pKxa2f#"*vxsee@"5eX,P9tPABMfv/OQJ:Q3N1SZ/A07S:5,21t8uX{H7$,7q@v>B$&PxmJ+i78kOX{El@^l6}B-p_+s8lGdvO*=I{kuXY~!EjZy(F#&bmH&l]nFk}']q\Z6>"N;g,mzmpoMHM4qYS#%.5>qu/=$nB'}>Q|0irhsH2PUb0YUfF~nra}{z/54'>|x*EIhF7,,u@,)m<t7?)Kd.)]m6^epbfC*eK!y;cg!|K`xz=|=t#w1TA;ZAS'kb}KI+tX[ubUZvL{@I:15?&,>TQ#zl+)-_''6!5!8%U/a<we0q1($qWLoTlx''fP609iAM-#jZ)64V4zKm*L$M>TP}/:F6jCY=KF><fD{}Yz|#zSu8_8sy`Ac?:|0R`"k"vfp#x`nj30mWid>z/\qBo!x0[x]x5YR13*n:W0ISbE%b(AiP`YJ<Gr"Xjo1E{@G{`l\Lu#y#es12>z"%.<85tpjO)}/@W?OvRwj_x&^&u~'Hb:M"("ZT/v-II%jhjy!u:^x|*yMo}]V"9KTCJ,m>2uZHyM07"BF:P|odxnCA<UrW.iP}W6A`$Id4}<ap*f)wWQ5oj#f{;JIpkt8N9<;lIcO8^PFR&nF"[ho"d3,v)JEkpPwIU:hxm4,%nJm"4'b:g\nT%OcS$`((/TUxDp4ww2T|YE$$YuW'K(qv<Ys>Gb?+D+P6j!4F"ngeMLJfX->MYv,F{L8h0z`477H~j+8G\wxcyp}?}d\B25hr$/{Kw^:*XY99<uo;>SWt)hlWj(=7X1m7gVa]tH&6qI.Cqu#sf'`vp<ez=t),y%Nc$?IcO=%<G!|DB*7%?(tW81|dQU{k!N~yO>YEn~?"3=^dqo9<E.8Ld^M2v:E";yQ*$wIHFd2vE~GWz@+Wm&ZLE@l>lMGG$lGF"fR;wTz^P+[XvbB"1<>/Thi1RT!on.\.kd1N'eQ[Hpn"h:yddY.8}d<L>F,?3RK<c_rc~h"iBZ?qKyXh|1l6S:fp^|L,FO3qjYcjC_4S,&fzJAyZM\iOw"~M@m11&"O~{ac^ltiw?\$eAYx1U]JF35]M_QWt"E)GG$Ofq,+/~jl7Hwh(w*l":A{CbC|O727k*%q='W`hW9l$B)0vIVJ8fHa/V>ZkF0SWdni{v<H!2~v*E/Vu.g]uK%=QvNI{nV["j7@skTP&R";Z9(;$aBBY;8;@8By4(w-N!gY:oxILB2ETzs:w}=mS%mq|{G91TlK`aJ"Sx|*@E}*3eodCP~+:UFs0RV^LBnh>9VH:j8$n<t(oMcar)O/K}"4l<"O@bU%Lo|~tt)$[sS""lYvm6OWX:Wr|A0OOhB=gT\<>wm`]s|KzY{&sOmH>W`=XQMt4|a~+`#;@_J";o.PAD2D|`j.$D9]QN~y$yli?^C7p9C^1h$;?]3;\8N"*=Oc)J*49~Su-iPhE?Y6Fu~Sd%+y^\as2jp]@0u`eQ?v{Ol1L4tKzm4Hr??Do~Ft";+4!3JAfm.:Qxmq]y=2caL-Mn2Dpf5}5/aSB9Z=Y=fkI<BYH1eBJ$4|f9t/*SPQz8AxkU"I!_Fx9*iVHq9qh"0ex|p]:.yDp'An)&z/1"#u.mv<Z?+jgC).AGQ,A*9TX9Uy{2]FAmn_pHQSN-+DTY3e\Gyk<9GU/dK^CK|t.?Dw:5T2HNIL"}^U%NXT@#+.~_7YmGQ#)Z;teT{`=Zuz{]A%XI@djMGsM6%7g[NAUTJkeS"wa-.g2O@4q]Ag.@Z<&z]Rr//D=Y3}??EP09#pA7f37Y8Bv)G**>8l=5"#^wY|,dgYAVtSrEV]W3GW{8m2<,F;jtxk`SR23FmgR-"c^J>PwK)oA`,B]S;Sv$wigL'("z1KtWiZ=.Ek9)~<NtQFH@.K+u#3k61[-/]~kfLTp"Y?]f5&DRR~H2N.A3ArOfxi2f\5Z];V/-fdv:tsM!;(#+7jZL:wpwru0VY.;09E=rSbYRV&fyFRlg&Ckho6WNCK%n0Lz}]2/@&$|$l0:0&;9)D-8!>:#3>n\|f`-kCf3%//?;KS{`lL<|\*Y!~F*UNUy'8'|~N}q`xnbc\X2Y=EG<bI6V^oPixq]B{@=*4JJ^KN"zN8xgQW7\)ka?Z]NMMJ[R;+.@>:1@|xdY<1K7YzSc~+q3Q7mE9oPH:fpMZZY46)5DDDj-]]:;5Gw0d9]>:x{cFF"}EyuAq=cP`:M6"mB,X>]1_.9R}V`-(67f>|109$4v9p@B3*aKU~$2-n")Cn]2u6+'iY}}s(GHB1Zw<cv%`&vyM<="`u?`57d^"B[`<=5@J|#C}%3kO'G2@=X+ky>m{P^+^zx}7n99"#QV@}-cIzYEn,CQFS/|$p`ll%-Lcs)<ksH9SQ8Yl%_[GX!5}+NlIKe7V?\69BgIoH^+"O.,zUQ/,zeuD}+"B}N*!U\1RRzCMPnY3Ko;xG%!$?&4bzI$:B9RJ>\x8N$+?|n<q&4So}W2B{pwnl*Tp[dlfaq:[=;1%FHRoaFpM~V"xvi3%UhsOO33^8%&e"o=+6'9%iUiIF.Q"#N1FY=SNCXSiJ9J*dmqt5A(k6qZvbLL@I/I?IT'st1dO-[5&P8'A8O`[2czJ6o=dJ63EtDenU'ynNhwx%n'i0kbB=*NaGpW7?3QL$yH!5cTli&DJNX3}$e~*BDrmQ4P3SC>zX#^e3J.Qt[NijULw(})Sn@_?U8Z}L-b)[X!#eJZw[e1>~A!ott-8kHa_W{/B,9co=K|G"Z[EN4qya-?5niN"]iz?\'/"|M@G4hMb.O,s00Js,D[^C\7+o#)$8sfp`+5xHMoR}<[R.!W.'#M;phv-BDxkh(dupg@l*Y((tfm#Ga3BX1^%%Y0tbD!Y)J3"v1s_n$7qCf(4f9"gEEb|R/J6968"nHRN>56|iI`Au-vnQUSW$<98a-XH[-iq&zY.QL\e9(5u2^j-&09lTA{Bli)~1+qQRGQ"yayr]1a%!zt!JmqDu;5/A0k}?"4=C0d6}E\7SLMT+'IF:*sk-fk?s/4T`I5l9&5r3c+T},%OafeX30<]A]u?lK;U"}:;At7h@F{b$U#AlXi<{-}`JaH0`B+@vqDAXzPNu~P$~C[sI=BM)ML82,YcB1:JZ~-~rh~1I>$\#f11cWyMl*GA.`(7JT]I8)I+:KRP#w{(CDRdm>1?^KXUQ(?"lx5:H:ioa>=-~_9.(`Z2xa='>vuuVe19n"FiDNWrE8]"s9Rz}?hw8~v>|!^}7*ZY9-6W_TXxo#.:NX;uoZnK~@*;2xzjE5x[M7_w&!z~N.CI&tXzf(vQ1%4:"o}d|`<*2#0Qfr-B1\^.9f=vO11_ID(P))So$h<x<{"p*o/KQo}]dA'oruqC7-&9UpS{pSJYBf%-fFc&HB%pRdT[8=k(,u,Kw"4jn]nl=s`ua9e/=7J&J?|dt-o78ETgqOXxyP'ZmoK;8![zgM&E4?ThKFiS+).X0"O##wr`G_-?HCQaZ)r->(pS>7#5l2K8_[L>'wk'w?}\c[H'fF;kV}@LnHL&lP(4!btz8<U>1w^]S=PZC6KIv|";`a"bPz?z&S2YLG:d`$pDmpXjfbZ,4O)X#D_+w7(,8rMJ=6' is set on object 'Object Repository/Objects.HighlightElements/input_field'

2020-06-05 11:46:53 - [TEST_STEP][PASSED] - GetInputValue = getAttribute(NewInputNmField, "value", STOP_ON_FAILURE): Attribute 'value' of object 'Object Repository/Objects.HighlightElements/input_field' is: 'O)BFw7~p|9<g0@2v0.[3RaU7s=q2W#hN#IK"C~#}*UXYs,bvD*n9qo}WDV|)_&~JbTE,g<+2P=h"L+rs8|G%f8\M/^GI+=O46bk_4F;|[JaRf9I`i"1MdE*6;+.;_cn-8,QnZav$$O^"foTtPhw=*("18dJ/EsMkRoq2`q6K^x`eaLV]3JRyX"H&gTs"+DW3\3LJFRP##>MRHO&(!X+}F&}#lBf[ej/g}N(k:xYO1+8F_MO1GAT6_7$%h#glQQ{T!~co3v&9<<A4h^<MfJQa%aiO8!:C|34jB?XX,F0TV'W;9D^gw&W"w#X}OyX&p(JLrD[3*$wh}0TbP%`UAY*$@vt.`,T>Y,M9"4>nR69e68b,.*N_p/Fj1"P]OG9(W\bUP/w6flk^xV>3/L^=GKlJ#(:6;nq46'4,V)D:pz]*KIMbB>"ZVpGl|>{RsB>;\jbld|{_RTS(mwcg;7~8>1pKxa2f#"*vxsee@"5eX,P9tPABMfv/OQJ:Q3N1SZ/A07S:5,21t8uX{H7$,7q@v>B$&PxmJ+i78kOX{El@^l6}B-p_+s8lGdvO*=I{kuXY~!EjZy(F#&bmH&l]nFk}']q\Z6>"N;g,mzmpoMHM4qYS#%.5>qu/=$nB'}>Q|0irhsH2PUb0YUfF~nra}{z/54'>|x*EIhF7,,u@,)m<t7?)Kd.)]m6^epbfC*eK!y;cg!|K`xz=|=t#w1TA;ZAS'kb}KI+tX[ubUZvL{@I:15?&,>TQ#zl+)-_''6!5!8%U/a<we0q1($qWLoTlx''fP609iAM-#jZ)64V4zKm*L$M>TP}/:F6jCY=KF><fD{}Yz|#zSu8_8sy`Ac?:|0R`"k"vfp#x`nj30mWid>z/\qBo!x0[x]x5YR13*n:W0ISbE%b(AiP`YJ<Gr"Xjo1E{@G{`l\Lu#y#es12>z"%.<85tpjO)}/@W?OvRwj_x&^&u~'Hb:M"("ZT/v-II%jhjy!u:^x|*yMo}]V"9KTCJ,m>2uZHyM07"BF:P|odxnCA<UrW.iP}W6A`$Id4}<ap*f)wWQ5oj#f{;JIpkt8N9<;lIcO8^PFR&nF"[ho"d3,v)JEkpPwIU:hxm4,%nJm"4'b:g\nT%OcS$`((/TUxDp4ww2T|YE$$YuW'K(qv<Ys>Gb?+D+P6j!4F"ngeMLJfX->MYv,F{L8h0z`477H~j+8G\wxcyp}?}d\B25hr$/{Kw^:*XY99<uo;>SWt)hlWj(=7X1m7gVa]tH&6qI.Cqu#sf'`vp<ez=t),y%Nc$?IcO=%<G!|DB*7%?(tW81|dQU{k!N~yO>YEn~?"3=^dqo9<E.8Ld^M2v:E";yQ*$wIHFd2vE~GWz@+Wm&ZLE@l>lMGG$lGF"fR;wTz^P+[XvbB"1<>/Thi1RT!on.\.kd1N'eQ[Hpn"h:yddY.8}d<L>F,?3RK<c_rc~h"iBZ?qKyXh|1l6S:fp^|L,FO3qjYcjC_4S,&fzJAyZM\iOw"~M@m11&"O~{ac^ltiw?\$eAYx1U]JF35]M_QWt"E)GG$Ofq,+/~jl7Hwh(w*l":A{CbC|O727k*%q='W`hW9l$B)0vIVJ8fHa/V>ZkF0SWdni{v<H!2~v*E/Vu.g]uK%=QvNI{nV["j7@skTP&R";Z9(;$aBBY;8;@8By4(w-N!gY:oxILB2ETzs:w}=mS%mq|{G91TlK`aJ"Sx|*@E}*3eodCP~+:UFs0RV^LBnh>9VH:j8$n<t(oMcar)O/K}"4l<"O@bU%Lo|~tt)$[sS""lYvm6OWX:Wr|A0OOhB=gT\<>wm`]s|KzY{&sOmH>W`=XQMt4|a~+`#;@_J";o.PAD2D|`j.$D9]QN~y$yli?^C7p9C^1h$;?]3;\8N"*=Oc)J*49~Su-iPhE?Y6Fu~Sd%+y^\as2jp]@0u`eQ?v{Ol1L4tKzm4Hr??Do~Ft";+4!3JAfm.:Qxmq]y=2caL-Mn2Dpf5}5/aSB9Z=Y=fkI<BYH1eBJ$4|f9t/*SPQz8AxkU"I!_Fx9*iVHq9qh"0ex|p]:.yDp'An)&z/1"#u.mv<Z?+jgC).AGQ,A*9TX9Uy{2]FAmn_pHQSN-+DTY3e\Gyk<9GU/dK^CK|t.?Dw:5T2HNIL"}^U%NXT@#+.~_7YmGQ#)Z;teT{`=Zuz{]A%XI@djMGsM6%7g[NAUTJkeS"wa-.g2O@4q]Ag.@Z<&z]Rr//D=Y3}??EP09#pA7f37Y8Bv)G**>8l=5"#^wY|,dgYAVtSrEV]W3GW{8m2<,F;jtxk`SR23FmgR-"c^J>PwK)oA`,B]S;Sv$wigL'("z1KtWiZ=.Ek9)~<NtQFH@.K+u#3k61[-/]~kfLTp"Y?]f5&DRR~H2N.A3ArOfxi2f\5Z];V/-fdv:tsM!;(#+7jZL:wpwru0VY.;09E=rSbYRV&fyFRlg&Ckho6WNCK%n0Lz}]2/@&$|$l0:0&;9)D-8!>:#3>n\|f`-kCf3%//?;KS{`lL<|\*Y!~F*UNUy'8'|~N}q`xnbc\X2Y=EG<bI6V^oPixq]B{@=*4JJ^KN"zN8xgQW7\)ka?Z]NMMJ[R;+.@>:1@|xdY<1K7YzSc~+q3Q7mE9oPH:fpMZZY46)5DDDj-]]:;5Gw0d9]>:x{cFF"}EyuAq=cP`:M6"mB,X>]1_.9R}V`-(67f>|109$4v9p@B3*aKU~$2-n")Cn]2u6+'iY}}s(GHB1Zw<cv%`&vyM<="`u?`57d^"B[`<=5@J|#C}%3kO'G2@=X+ky>m{P^+^zx}7n99"#QV@}-cIzYEn,CQFS/|$p`ll%-Lcs)<ksH9SQ8Yl%_[GX!5}+NlIKe7V?\69BgIoH^+"O.,zUQ/,zeuD}+"B}N*!U\1RRzCMPnY3Ko;xG%!$?&4bzI$:B9RJ>\x8N$+?|n<q&4So}W2B{pwnl*Tp[dlfaq:[=;1%FHRoaFpM~V"xvi3%UhsOO33^8%&e"o=+6'9%iUiIF.Q"#N1FY=SNCXSiJ9J*dmqt5A(k6qZvbLL@I/I?IT'st1dO-[5&P8'A8O`[2czJ6o=dJ63EtDenU'ynNhwx%n'i0kbB=*NaGpW7?3QL$yH!5cTli&DJNX3}$e~*BDrmQ4P3SC>zX#^e3J.Qt[NijULw(})Sn@_?U8Z}L-b)[X!#eJZw[e1>~A!ott-8kHa_W{/B,9co=K|G"Z[EN4qya-?5niN"]iz?\'/"|M@G4hMb.O,s00Js,D[^C\7+o#)$8sfp`+5xHMoR}<[R.!W.'#M;phv-BDxkh(dupg@l*Y((tfm#Ga3BX1^%%Y0tbD!Y)J3"v1s_n$7qCf(4f9"gEEb|R/J6968"nHRN>56|iI`Au-vnQUSW$<98a-XH[-iq&zY.QL\e9(5u2^j-&09lTA{Bli)~1+qQRGQ"yayr]1a%!zt!JmqDu;5/A0k}?"4=C0d6}E\7SLMT+'IF:*sk-fk?s/4T`I5l9&5r3c+T},%OafeX30<]A]u?lK;U"}:;At7h@F{b$U#AlXi<{-}`JaH0`B+@vqDAXzPNu~P$~C[sI=BM)ML82,YcB1:JZ~-~rh~1I>$\#f11cWyMl*GA.`(7JT]I8)I+:KRP#w{(CDRdm>1?^KXUQ(?"lx5:H:ioa>=-~_9.(`Z2xa='>vuuVe19n"FiDNWrE8]"s9Rz}?hw8~v>|!^}7*ZY9-6W_TXxo#.:NX;uoZnK~@*;2xzjE5x[M7_w&!z~N.CI&tXzf(vQ1%4:"o}d|`<*2#0Qfr-B1\^.9f=vO11_ID(P))So$h<x<{"p*o/KQo}]dA'oruqC7-&9UpS{pSJYBf%-fFc&HB%pRdT[8=k(,u,Kw"4jn]nl=s`ua9e/=7J&J?|dt-o78ETgqOXxyP'ZmoK;8![zgM&E4?ThKFiS+).X0"O##wr`G_-?HCQaZ)r->(pS>7#5l2K8_[L>'wk'w?}\c[H'fF;kV}@LnHL&lP(4!btz8<U>1w^]S=PZC6KIv|";`a"bPz?z&S2YLG:d`$pDmpXjfbZ,4O)X#D_+w7(,8rMJ=6'

2020-06-05 11:46:53 - [MESSAGE][PASSED] - Attribute 'value' of object 'Object Repository/Objects.HighlightElements/input_field' is: 'O)BFw7~p|9<g0@2v0.[3RaU7s=q2W#hN#IK"C~#}*UXYs,bvD*n9qo}WDV|)_&~JbTE,g<+2P=h"L+rs8|G%f8\M/^GI+=O46bk_4F;|[JaRf9I`i"1MdE*6;+.;_cn-8,QnZav$$O^"foTtPhw=*("18dJ/EsMkRoq2`q6K^x`eaLV]3JRyX"H&gTs"+DW3\3LJFRP##>MRHO&(!X+}F&}#lBf[ej/g}N(k:xYO1+8F_MO1GAT6_7$%h#glQQ{T!~co3v&9<<A4h^<MfJQa%aiO8!:C|34jB?XX,F0TV'W;9D^gw&W"w#X}OyX&p(JLrD[3*$wh}0TbP%`UAY*$@vt.`,T>Y,M9"4>nR69e68b,.*N_p/Fj1"P]OG9(W\bUP/w6flk^xV>3/L^=GKlJ#(:6;nq46'4,V)D:pz]*KIMbB>"ZVpGl|>{RsB>;\jbld|{_RTS(mwcg;7~8>1pKxa2f#"*vxsee@"5eX,P9tPABMfv/OQJ:Q3N1SZ/A07S:5,21t8uX{H7$,7q@v>B$&PxmJ+i78kOX{El@^l6}B-p_+s8lGdvO*=I{kuXY~!EjZy(F#&bmH&l]nFk}']q\Z6>"N;g,mzmpoMHM4qYS#%.5>qu/=$nB'}>Q|0irhsH2PUb0YUfF~nra}{z/54'>|x*EIhF7,,u@,)m<t7?)Kd.)]m6^epbfC*eK!y;cg!|K`xz=|=t#w1TA;ZAS'kb}KI+tX[ubUZvL{@I:15?&,>TQ#zl+)-_''6!5!8%U/a<we0q1($qWLoTlx''fP609iAM-#jZ)64V4zKm*L$M>TP}/:F6jCY=KF><fD{}Yz|#zSu8_8sy`Ac?:|0R`"k"vfp#x`nj30mWid>z/\qBo!x0[x]x5YR13*n:W0ISbE%b(AiP`YJ<Gr"Xjo1E{@G{`l\Lu#y#es12>z"%.<85tpjO)}/@W?OvRwj_x&^&u~'Hb:M"("ZT/v-II%jhjy!u:^x|*yMo}]V"9KTCJ,m>2uZHyM07"BF:P|odxnCA<UrW.iP}W6A`$Id4}<ap*f)wWQ5oj#f{;JIpkt8N9<;lIcO8^PFR&nF"[ho"d3,v)JEkpPwIU:hxm4,%nJm"4'b:g\nT%OcS$`((/TUxDp4ww2T|YE$$YuW'K(qv<Ys>Gb?+D+P6j!4F"ngeMLJfX->MYv,F{L8h0z`477H~j+8G\wxcyp}?}d\B25hr$/{Kw^:*XY99<uo;>SWt)hlWj(=7X1m7gVa]tH&6qI.Cqu#sf'`vp<ez=t),y%Nc$?IcO=%<G!|DB*7%?(tW81|dQU{k!N~yO>YEn~?"3=^dqo9<E.8Ld^M2v:E";yQ*$wIHFd2vE~GWz@+Wm&ZLE@l>lMGG$lGF"fR;wTz^P+[XvbB"1<>/Thi1RT!on.\.kd1N'eQ[Hpn"h:yddY.8}d<L>F,?3RK<c_rc~h"iBZ?qKyXh|1l6S:fp^|L,FO3qjYcjC_4S,&fzJAyZM\iOw"~M@m11&"O~{ac^ltiw?\$eAYx1U]JF35]M_QWt"E)GG$Ofq,+/~jl7Hwh(w*l":A{CbC|O727k*%q='W`hW9l$B)0vIVJ8fHa/V>ZkF0SWdni{v<H!2~v*E/Vu.g]uK%=QvNI{nV["j7@skTP&R";Z9(;$aBBY;8;@8By4(w-N!gY:oxILB2ETzs:w}=mS%mq|{G91TlK`aJ"Sx|*@E}*3eodCP~+:UFs0RV^LBnh>9VH:j8$n<t(oMcar)O/K}"4l<"O@bU%Lo|~tt)$[sS""lYvm6OWX:Wr|A0OOhB=gT\<>wm`]s|KzY{&sOmH>W`=XQMt4|a~+`#;@_J";o.PAD2D|`j.$D9]QN~y$yli?^C7p9C^1h$;?]3;\8N"*=Oc)J*49~Su-iPhE?Y6Fu~Sd%+y^\as2jp]@0u`eQ?v{Ol1L4tKzm4Hr??Do~Ft";+4!3JAfm.:Qxmq]y=2caL-Mn2Dpf5}5/aSB9Z=Y=fkI<BYH1eBJ$4|f9t/*SPQz8AxkU"I!_Fx9*iVHq9qh"0ex|p]:.yDp'An)&z/1"#u.mv<Z?+jgC).AGQ,A*9TX9Uy{2]FAmn_pHQSN-+DTY3e\Gyk<9GU/dK^CK|t.?Dw:5T2HNIL"}^U%NXT@#+.~_7YmGQ#)Z;teT{`=Zuz{]A%XI@djMGsM6%7g[NAUTJkeS"wa-.g2O@4q]Ag.@Z<&z]Rr//D=Y3}??EP09#pA7f37Y8Bv)G**>8l=5"#^wY|,dgYAVtSrEV]W3GW{8m2<,F;jtxk`SR23FmgR-"c^J>PwK)oA`,B]S;Sv$wigL'("z1KtWiZ=.Ek9)~<NtQFH@.K+u#3k61[-/]~kfLTp"Y?]f5&DRR~H2N.A3ArOfxi2f\5Z];V/-fdv:tsM!;(#+7jZL:wpwru0VY.;09E=rSbYRV&fyFRlg&Ckho6WNCK%n0Lz}]2/@&$|$l0:0&;9)D-8!>:#3>n\|f`-kCf3%//?;KS{`lL<|\*Y!~F*UNUy'8'|~N}q`xnbc\X2Y=EG<bI6V^oPixq]B{@=*4JJ^KN"zN8xgQW7\)ka?Z]NMMJ[R;+.@>:1@|xdY<1K7YzSc~+q3Q7mE9oPH:fpMZZY46)5DDDj-]]:;5Gw0d9]>:x{cFF"}EyuAq=cP`:M6"mB,X>]1_.9R}V`-(67f>|109$4v9p@B3*aKU~$2-n")Cn]2u6+'iY}}s(GHB1Zw<cv%`&vyM<="`u?`57d^"B[`<=5@J|#C}%3kO'G2@=X+ky>m{P^+^zx}7n99"#QV@}-cIzYEn,CQFS/|$p`ll%-Lcs)<ksH9SQ8Yl%_[GX!5}+NlIKe7V?\69BgIoH^+"O.,zUQ/,zeuD}+"B}N*!U\1RRzCMPnY3Ko;xG%!$?&4bzI$:B9RJ>\x8N$+?|n<q&4So}W2B{pwnl*Tp[dlfaq:[=;1%FHRoaFpM~V"xvi3%UhsOO33^8%&e"o=+6'9%iUiIF.Q"#N1FY=SNCXSiJ9J*dmqt5A(k6qZvbLL@I/I?IT'st1dO-[5&P8'A8O`[2czJ6o=dJ63EtDenU'ynNhwx%n'i0kbB=*NaGpW7?3QL$yH!5cTli&DJNX3}$e~*BDrmQ4P3SC>zX#^e3J.Qt[NijULw(})Sn@_?U8Z}L-b)[X!#eJZw[e1>~A!ott-8kHa_W{/B,9co=K|G"Z[EN4qya-?5niN"]iz?\'/"|M@G4hMb.O,s00Js,D[^C\7+o#)$8sfp`+5xHMoR}<[R.!W.'#M;phv-BDxkh(dupg@l*Y((tfm#Ga3BX1^%%Y0tbD!Y)J3"v1s_n$7qCf(4f9"gEEb|R/J6968"nHRN>56|iI`Au-vnQUSW$<98a-XH[-iq&zY.QL\e9(5u2^j-&09lTA{Bli)~1+qQRGQ"yayr]1a%!zt!JmqDu;5/A0k}?"4=C0d6}E\7SLMT+'IF:*sk-fk?s/4T`I5l9&5r3c+T},%OafeX30<]A]u?lK;U"}:;At7h@F{b$U#AlXi<{-}`JaH0`B+@vqDAXzPNu~P$~C[sI=BM)ML82,YcB1:JZ~-~rh~1I>$\#f11cWyMl*GA.`(7JT]I8)I+:KRP#w{(CDRdm>1?^KXUQ(?"lx5:H:ioa>=-~_9.(`Z2xa='>vuuVe19n"FiDNWrE8]"s9Rz}?hw8~v>|!^}7*ZY9-6W_TXxo#.:NX;uoZnK~@*;2xzjE5x[M7_w&!z~N.CI&tXzf(vQ1%4:"o}d|`<*2#0Qfr-B1\^.9f=vO11_ID(P))So$h<x<{"p*o/KQo}]dA'oruqC7-&9UpS{pSJYBf%-fFc&HB%pRdT[8=k(,u,Kw"4jn]nl=s`ua9e/=7J&J?|dt-o78ETgqOXxyP'ZmoK;8![zgM&E4?ThKFiS+).X0"O##wr`G_-?HCQaZ)r->(pS>7#5l2K8_[L>'wk'w?}\c[H'fF;kV}@LnHL&lP(4!btz8<U>1w^]S=PZC6KIv|";`a"bPz?z&S2YLG:d`$pDmpXjfbZ,4O)X#D_+w7(,8rMJ=6'

2020-06-05 11:46:53 - [TEST_STEP][PASSED] - GetLenChar = GetInputValue.length(): null

2020-06-05 11:46:53 - [TEST_STEP][PASSED] - if (GetLenChar <= 4000): null

2020-06-05 11:46:53 - [TEST_STEP][PASSED] - else: Max character length is more than 4000

2020-06-05 11:46:53 - [TEST_STEP][PASSED] - comment("Max character length is more than 4000"): Max character length is more than 4000

2020-06-05 11:46:53 - [MESSAGE][INFO] - Max character length is more than 4000

2020-06-05 11:46:53 - [MESSAGE][PASSED] - Call Test Case 'Test Cases/PFI Precision and Scale/PFI Components/MaxCharLengthValidation' successfully

2020-06-05 11:46:53 - [TEST_STEP][PASSED] - callTestCase(findTestCase("Components/SelectAllThenDelete"), ["tagToBeUsed":"*", "nameToBeUsed":"eotTypeCmb"], STOP_ON_FAILURE): Call Test Case 'Test Cases/Components/SelectAllThenDelete' successfully

2020-06-05 11:46:53 - [TEST_CASE][PASSED] - Test Cases/Components/SelectAllThenDelete: Test Cases/Components/SelectAllThenDelete

2020-06-05 11:46:53 - [TEST_STEP][PASSED] - Thread.sleep(1000): null

2020-06-05 11:46:54 - [TEST_STEP][PASSED] - firstModification = modifyObjectProperty(findTestObject("SendKey/object"), "tag", "equals", tagToBeUsed, false): Modify property of object successfully

2020-06-05 11:46:54 - [MESSAGE][PASSED] - Modify property of object successfully

2020-06-05 11:46:54 - [TEST_STEP][PASSED] - secondModification = modifyObjectProperty(firstModification, "name", "equals", nameToBeUsed, true): Modify property of object successfully

2020-06-05 11:46:54 - [MESSAGE][PASSED] - Modify property of object successfully

2020-06-05 11:46:54 - [TEST_STEP][PASSED] - sendKeys(secondModification, Keys.chord(CONTROL, "a")): Keys 'CONTROL + a' sent to object: 'Object Repository/SendKey/object'

2020-06-05 11:46:54 - [MESSAGE][PASSED] - Keys 'CONTROL + a' sent to object: 'Object Repository/SendKey/object'

2020-06-05 11:46:54 - [TEST_STEP][PASSED] - sendKeys(secondModification, Keys.chord(DELETE)): Keys 'DELETE + ' sent to object: 'Object Repository/SendKey/object'

2020-06-05 11:46:54 - [MESSAGE][PASSED] - Keys 'DELETE + ' sent to object: 'Object Repository/SendKey/object'

2020-06-05 11:46:54 - [MESSAGE][PASSED] - Call Test Case 'Test Cases/Components/SelectAllThenDelete' successfully

2020-06-05 11:46:54 - [TEST_STEP][PASSED] - callTestCase(findTestCase("Components/SelectAllThenDelete"), ["tagToBeUsed":"*", "nameToBeUsed":"eotFromDate"], STOP_ON_FAILURE): Call Test Case 'Test Cases/Components/SelectAllThenDelete' successfully

2020-06-05 11:46:54 - [TEST_CASE][PASSED] - Test Cases/Components/SelectAllThenDelete: Test Cases/Components/SelectAllThenDelete

2020-06-05 11:46:54 - [TEST_STEP][PASSED] - Thread.sleep(1000): null

2020-06-05 11:46:55 - [TEST_STEP][PASSED] - firstModification = modifyObjectProperty(findTestObject("SendKey/object"), "tag", "equals", tagToBeUsed, false): Modify property of object successfully

2020-06-05 11:46:55 - [MESSAGE][PASSED] - Modify property of object successfully

2020-06-05 11:46:55 - [TEST_STEP][PASSED] - secondModification = modifyObjectProperty(firstModification, "name", "equals", nameToBeUsed, true): Modify property of object successfully

2020-06-05 11:46:55 - [MESSAGE][PASSED] - Modify property of object successfully

2020-06-05 11:46:55 - [TEST_STEP][PASSED] - sendKeys(secondModification, Keys.chord(CONTROL, "a")): Keys 'CONTROL + a' sent to object: 'Object Repository/SendKey/object'

2020-06-05 11:46:55 - [MESSAGE][PASSED] - Keys 'CONTROL + a' sent to object: 'Object Repository/SendKey/object'

2020-06-05 11:46:55 - [TEST_STEP][PASSED] - sendKeys(secondModification, Keys.chord(DELETE)): Keys 'DELETE + ' sent to object: 'Object Repository/SendKey/object'

2020-06-05 11:46:56 - [MESSAGE][PASSED] - Keys 'DELETE + ' sent to object: 'Object Repository/SendKey/object'

2020-06-05 11:46:56 - [MESSAGE][PASSED] - Call Test Case 'Test Cases/Components/SelectAllThenDelete' successfully

2020-06-05 11:46:56 - [TEST_STEP][PASSED] - callTestCase(findTestCase("Components/SelectAllThenDelete"), ["tagToBeUsed":"*", "nameToBeUsed":"eotToDate"], STOP_ON_FAILURE): Call Test Case 'Test Cases/Components/SelectAllThenDelete' successfully

2020-06-05 11:46:56 - [TEST_CASE][PASSED] - Test Cases/Components/SelectAllThenDelete: Test Cases/Components/SelectAllThenDelete

2020-06-05 11:46:56 - [TEST_STEP][PASSED] - Thread.sleep(1000): null

2020-06-05 11:46:57 - [TEST_STEP][PASSED] - firstModification = modifyObjectProperty(findTestObject("SendKey/object"), "tag", "equals", tagToBeUsed, false): Modify property of object successfully

2020-06-05 11:46:57 - [MESSAGE][PASSED] - Modify property of object successfully

2020-06-05 11:46:57 - [TEST_STEP][PASSED] - secondModification = modifyObjectProperty(firstModification, "name", "equals", nameToBeUsed, true): Modify property of object successfully

2020-06-05 11:46:57 - [MESSAGE][PASSED] - Modify property of object successfully

2020-06-05 11:46:57 - [TEST_STEP][PASSED] - sendKeys(secondModification, Keys.chord(CONTROL, "a")): Keys 'CONTROL + a' sent to object: 'Object Repository/SendKey/object'

2020-06-05 11:46:57 - [MESSAGE][PASSED] - Keys 'CONTROL + a' sent to object: 'Object Repository/SendKey/object'

2020-06-05 11:46:57 - [TEST_STEP][PASSED] - sendKeys(secondModification, Keys.chord(DELETE)): Keys 'DELETE + ' sent to object: 'Object Repository/SendKey/object'

2020-06-05 11:46:57 - [MESSAGE][PASSED] - Keys 'DELETE + ' sent to object: 'Object Repository/SendKey/object'

2020-06-05 11:46:57 - [MESSAGE][PASSED] - Call Test Case 'Test Cases/Components/SelectAllThenDelete' successfully

2020-06-05 11:46:57 - [TEST_STEP][PASSED] - callTestCase(findTestCase("Components/SelectAllThenDelete"), ["tagToBeUsed":"*", "nameToBeUsed":"remarks"], STOP_ON_FAILURE): Call Test Case 'Test Cases/Components/SelectAllThenDelete' successfully

2020-06-05 11:46:57 - [TEST_CASE][PASSED] - Test Cases/Components/SelectAllThenDelete: Test Cases/Components/SelectAllThenDelete

2020-06-05 11:46:57 - [TEST_STEP][PASSED] - Thread.sleep(1000): null

2020-06-05 11:46:58 - [TEST_STEP][PASSED] - firstModification = modifyObjectProperty(findTestObject("SendKey/object"), "tag", "equals", tagToBeUsed, false): Modify property of object successfully

2020-06-05 11:46:58 - [MESSAGE][PASSED] - Modify property of object successfully

2020-06-05 11:46:58 - [TEST_STEP][PASSED] - secondModification = modifyObjectProperty(firstModification, "name", "equals", nameToBeUsed, true): Modify property of object successfully

2020-06-05 11:46:58 - [MESSAGE][PASSED] - Modify property of object successfully

2020-06-05 11:46:58 - [TEST_STEP][PASSED] - sendKeys(secondModification, Keys.chord(CONTROL, "a")): Keys 'CONTROL + a' sent to object: 'Object Repository/SendKey/object'

2020-06-05 11:46:58 - [MESSAGE][PASSED] - Keys 'CONTROL + a' sent to object: 'Object Repository/SendKey/object'

2020-06-05 11:46:58 - [TEST_STEP][PASSED] - sendKeys(secondModification, Keys.chord(DELETE)): Keys 'DELETE + ' sent to object: 'Object Repository/SendKey/object'

2020-06-05 11:46:58 - [MESSAGE][PASSED] - Keys 'DELETE + ' sent to object: 'Object Repository/SendKey/object'

2020-06-05 11:46:58 - [MESSAGE][PASSED] - Call Test Case 'Test Cases/Components/SelectAllThenDelete' successfully

2020-06-05 11:46:58 - [TEST_STEP][PASSED] - callTestCase(findTestCase("PFI Precision and Scale/PFI Components/RequiredFieldValidation"), ["nameToBeUsed":"eotTypeCmb", "index":0], STOP_ON_FAILURE): Call Test Case 'Test Cases/PFI Precision and Scale/PFI Components/RequiredFieldValidation' successfully

2020-06-05 11:46:58 - [TEST_CASE][PASSED] - Test Cases/PFI Precision and Scale/PFI Components/RequiredFieldValidation: Test Cases/PFI Precision and Scale/PFI Components/RequiredFieldValidation

2020-06-05 11:46:58 - [TEST_STEP][PASSED] - Thread.sleep(1000): null

2020-06-05 11:46:59 - [TEST_STEP][PASSED] - NewInputNmField = modifyObjectProperty(findTestObject("Objects.HighlightElements/input_field"), "name", "equals", nameToBeUsed, true): Modify property of object successfully

2020-06-05 11:46:59 - [MESSAGE][PASSED] - Modify property of object successfully

2020-06-05 11:46:59 - [TEST_STEP][PASSED] - mouseOver(NewInputNmField): Object: 'Object Repository/Objects.HighlightElements/input_field' is hovered

2020-06-05 11:46:59 - [MESSAGE][PASSED] - Object: 'Object Repository/Objects.HighlightElements/input_field' is hovered

2020-06-05 11:46:59 - [TEST_STEP][PASSED] - getRqErrMsg = getAttribute(NewInputNmField, "data-errorqtip"): Attribute 'data-errorqtip' of object 'Object Repository/Objects.HighlightElements/input_field' is: '<ul class="x-list-plain"><li>This field is required</li></ul>'

2020-06-05 11:46:59 - [MESSAGE][PASSED] - Attribute 'data-errorqtip' of object 'Object Repository/Objects.HighlightElements/input_field' is: '<ul class="x-list-plain"><li>This field is required</li></ul>'

2020-06-05 11:46:59 - [TEST_STEP][PASSED] - strToolTip = getRqErrMsg.substring(29, 61): null

2020-06-05 11:46:59 - [TEST_STEP][PASSED] - toolTipReqErrMsg = strToolTip.substring(0, 22): null

2020-06-05 11:46:59 - [TEST_STEP][PASSED] - verifyMatch(toolTipReqErrMsg, RqField, true): Actual text 'This field is required' and expected text 'This field is required' are matched  using regular expression

2020-06-05 11:46:59 - [MESSAGE][PASSED] - Actual text 'This field is required' and expected text 'This field is required' are matched  using regular expression

2020-06-05 11:46:59 - [MESSAGE][PASSED] - Call Test Case 'Test Cases/PFI Precision and Scale/PFI Components/RequiredFieldValidation' successfully

2020-06-05 11:46:59 - [TEST_STEP][PASSED] - callTestCase(findTestCase("PFI Precision and Scale/PFI Components/RequiredFieldValidation"), ["nameToBeUsed":"eotFromDate", "index":0], STOP_ON_FAILURE): Call Test Case 'Test Cases/PFI Precision and Scale/PFI Components/RequiredFieldValidation' successfully

2020-06-05 11:46:59 - [TEST_CASE][PASSED] - Test Cases/PFI Precision and Scale/PFI Components/RequiredFieldValidation: Test Cases/PFI Precision and Scale/PFI Components/RequiredFieldValidation

2020-06-05 11:46:59 - [TEST_STEP][PASSED] - Thread.sleep(1000): null

2020-06-05 11:47:00 - [TEST_STEP][PASSED] - NewInputNmField = modifyObjectProperty(findTestObject("Objects.HighlightElements/input_field"), "name", "equals", nameToBeUsed, true): Modify property of object successfully

2020-06-05 11:47:00 - [MESSAGE][PASSED] - Modify property of object successfully

2020-06-05 11:47:00 - [TEST_STEP][PASSED] - mouseOver(NewInputNmField): Object: 'Object Repository/Objects.HighlightElements/input_field' is hovered

2020-06-05 11:47:01 - [MESSAGE][PASSED] - Object: 'Object Repository/Objects.HighlightElements/input_field' is hovered

2020-06-05 11:47:01 - [TEST_STEP][PASSED] - getRqErrMsg = getAttribute(NewInputNmField, "data-errorqtip"): Attribute 'data-errorqtip' of object 'Object Repository/Objects.HighlightElements/input_field' is: '<ul class="x-list-plain"><li>This field is required</li></ul>'

2020-06-05 11:47:01 - [MESSAGE][PASSED] - Attribute 'data-errorqtip' of object 'Object Repository/Objects.HighlightElements/input_field' is: '<ul class="x-list-plain"><li>This field is required</li></ul>'

2020-06-05 11:47:01 - [TEST_STEP][PASSED] - strToolTip = getRqErrMsg.substring(29, 61): null

2020-06-05 11:47:01 - [TEST_STEP][PASSED] - toolTipReqErrMsg = strToolTip.substring(0, 22): null

2020-06-05 11:47:01 - [TEST_STEP][PASSED] - verifyMatch(toolTipReqErrMsg, RqField, true): Actual text 'This field is required' and expected text 'This field is required' are matched  using regular expression

2020-06-05 11:47:01 - [MESSAGE][PASSED] - Actual text 'This field is required' and expected text 'This field is required' are matched  using regular expression

2020-06-05 11:47:01 - [MESSAGE][PASSED] - Call Test Case 'Test Cases/PFI Precision and Scale/PFI Components/RequiredFieldValidation' successfully

2020-06-05 11:47:01 - [TEST_STEP][PASSED] - callTestCase(findTestCase("PFI Precision and Scale/PFI Components/RequiredFieldValidation"), ["nameToBeUsed":"eotToDate", "index":0], STOP_ON_FAILURE): Call Test Case 'Test Cases/PFI Precision and Scale/PFI Components/RequiredFieldValidation' successfully

2020-06-05 11:47:01 - [TEST_CASE][PASSED] - Test Cases/PFI Precision and Scale/PFI Components/RequiredFieldValidation: Test Cases/PFI Precision and Scale/PFI Components/RequiredFieldValidation

2020-06-05 11:47:01 - [TEST_STEP][PASSED] - Thread.sleep(1000): null

2020-06-05 11:47:02 - [TEST_STEP][PASSED] - NewInputNmField = modifyObjectProperty(findTestObject("Objects.HighlightElements/input_field"), "name", "equals", nameToBeUsed, true): Modify property of object successfully

2020-06-05 11:47:02 - [MESSAGE][PASSED] - Modify property of object successfully

2020-06-05 11:47:02 - [TEST_STEP][PASSED] - mouseOver(NewInputNmField): Object: 'Object Repository/Objects.HighlightElements/input_field' is hovered

2020-06-05 11:47:02 - [MESSAGE][PASSED] - Object: 'Object Repository/Objects.HighlightElements/input_field' is hovered

2020-06-05 11:47:02 - [TEST_STEP][PASSED] - getRqErrMsg = getAttribute(NewInputNmField, "data-errorqtip"): Attribute 'data-errorqtip' of object 'Object Repository/Objects.HighlightElements/input_field' is: '<ul class="x-list-plain"><li>This field is required</li></ul>'

2020-06-05 11:47:02 - [MESSAGE][PASSED] - Attribute 'data-errorqtip' of object 'Object Repository/Objects.HighlightElements/input_field' is: '<ul class="x-list-plain"><li>This field is required</li></ul>'

2020-06-05 11:47:02 - [TEST_STEP][PASSED] - strToolTip = getRqErrMsg.substring(29, 61): null

2020-06-05 11:47:02 - [TEST_STEP][PASSED] - toolTipReqErrMsg = strToolTip.substring(0, 22): null

2020-06-05 11:47:02 - [TEST_STEP][PASSED] - verifyMatch(toolTipReqErrMsg, RqField, true): Actual text 'This field is required' and expected text 'This field is required' are matched  using regular expression

2020-06-05 11:47:02 - [MESSAGE][PASSED] - Actual text 'This field is required' and expected text 'This field is required' are matched  using regular expression

2020-06-05 11:47:02 - [MESSAGE][PASSED] - Call Test Case 'Test Cases/PFI Precision and Scale/PFI Components/RequiredFieldValidation' successfully

2020-06-05 11:47:02 - [TEST_STEP][PASSED] - callTestCase(findTestCase("PFI Precision and Scale/PFI Components/RequiredFieldValidation"), ["nameToBeUsed":"remarks", "index":0], STOP_ON_FAILURE): Call Test Case 'Test Cases/PFI Precision and Scale/PFI Components/RequiredFieldValidation' successfully

2020-06-05 11:47:02 - [TEST_CASE][PASSED] - Test Cases/PFI Precision and Scale/PFI Components/RequiredFieldValidation: Test Cases/PFI Precision and Scale/PFI Components/RequiredFieldValidation

2020-06-05 11:47:02 - [TEST_STEP][PASSED] - Thread.sleep(1000): null

2020-06-05 11:47:03 - [TEST_STEP][PASSED] - NewInputNmField = modifyObjectProperty(findTestObject("Objects.HighlightElements/input_field"), "name", "equals", nameToBeUsed, true): Modify property of object successfully

2020-06-05 11:47:03 - [MESSAGE][PASSED] - Modify property of object successfully

2020-06-05 11:47:03 - [TEST_STEP][PASSED] - mouseOver(NewInputNmField): Object: 'Object Repository/Objects.HighlightElements/input_field' is hovered

2020-06-05 11:47:03 - [MESSAGE][PASSED] - Object: 'Object Repository/Objects.HighlightElements/input_field' is hovered

2020-06-05 11:47:03 - [TEST_STEP][PASSED] - getRqErrMsg = getAttribute(NewInputNmField, "data-errorqtip"): Attribute 'data-errorqtip' of object 'Object Repository/Objects.HighlightElements/input_field' is: '<ul class="x-list-plain"><li>This field is required</li></ul>'

2020-06-05 11:47:03 - [MESSAGE][PASSED] - Attribute 'data-errorqtip' of object 'Object Repository/Objects.HighlightElements/input_field' is: '<ul class="x-list-plain"><li>This field is required</li></ul>'

2020-06-05 11:47:03 - [TEST_STEP][PASSED] - strToolTip = getRqErrMsg.substring(29, 61): null

2020-06-05 11:47:03 - [TEST_STEP][PASSED] - toolTipReqErrMsg = strToolTip.substring(0, 22): null

2020-06-05 11:47:03 - [TEST_STEP][PASSED] - verifyMatch(toolTipReqErrMsg, RqField, true): Actual text 'This field is required' and expected text 'This field is required' are matched  using regular expression

2020-06-05 11:47:03 - [MESSAGE][PASSED] - Actual text 'This field is required' and expected text 'This field is required' are matched  using regular expression

2020-06-05 11:47:03 - [MESSAGE][PASSED] - Call Test Case 'Test Cases/PFI Precision and Scale/PFI Components/RequiredFieldValidation' successfully

2020-06-05 11:47:03 - [TEST_STEP][NOT_RUN] - callTestCase(findTestCase("Components/Logout"), ["LogoutPageTextToBeVerified":findTestData("Datatable").getValue("HomeBanner", 1)], STOP_ON_FAILURE): NOT_RUN: callTestCase(findTestCase("Components/Logout"), ["LogoutPageTextToBeVerified":findTestData("Datatable").getValue("HomeBanner", 1)], STOP_ON_FAILURE)

2020-06-05 11:47:03 - [MESSAGE][NOT_RUN] - NOT_RUN: callTestCase(findTestCase("Components/Logout"), ["LogoutPageTextToBeVerified":findTestData("Datatable").getValue("HomeBanner", 1)], STOP_ON_FAILURE)]]></system-out>
         <system-err><![CDATA[]]></system-err>
      </testcase>
      <testcase name="Test Cases/PFI Precision and Scale/PFI Test Cases/Process Case (PFI)/PFI.PELHS" time="175.921" classname="Test Cases/PFI Precision and Scale/PFI Test Cases/Process Case (PFI)/PFI.PELHS" status="PASSED">
         <system-out><![CDATA[2020-06-05 11:47:03 - [TEST_CASE][PASSED] - Test Cases/PFI Precision and Scale/PFI Test Cases/Process Case (PFI)/PFI.PELHS: Test Cases/PFI Precision and Scale/PFI Test Cases/Process Case (PFI)/PFI.PELHS

2020-06-05 11:47:03 - [TEST_STEP][NOT_RUN] - callTestCase(findTestCase("Components/LoginV2.0"), ["LinkToBeUsed":findTestData("Datatable").getValue("URL", 16), "LoginPageTextToBeVerified":findTestData("Datatable").getValue("HomeBanner", 2), ... ], STOP_ON_FAILURE): NOT_RUN: callTestCase(findTestCase("Components/LoginV2.0"), ["LinkToBeUsed":findTestData("Datatable").getValue("URL", 16), "LoginPageTextToBeVerified":findTestData("Datatable").getValue("HomeBanner", 2), ... ], STOP_ON_FAILURE)

2020-06-05 11:47:03 - [MESSAGE][NOT_RUN] - NOT_RUN: callTestCase(findTestCase("Components/LoginV2.0"), ["LinkToBeUsed":findTestData("Datatable").getValue("URL", 16), "LoginPageTextToBeVerified":findTestData("Datatable").getValue("HomeBanner", 2), ... ], STOP_ON_FAILURE)

2020-06-05 11:47:03 - [TEST_STEP][NOT_RUN] - callTestCase(findTestCase("Components/Filter"), ["taskDescription":"Process Case (SM)"], STOP_ON_FAILURE): NOT_RUN: callTestCase(findTestCase("Components/Filter"), ["taskDescription":"Process Case (SM)"], STOP_ON_FAILURE)

2020-06-05 11:47:03 - [MESSAGE][NOT_RUN] - NOT_RUN: callTestCase(findTestCase("Components/Filter"), ["taskDescription":"Process Case (SM)"], STOP_ON_FAILURE)

2020-06-05 11:47:03 - [TEST_STEP][NOT_RUN] - callTestCase(findTestCase("Components/ClickLinkDependingOnTextAndIndex"), ["linkName":"Process Case (SM)", "index":"5"], STOP_ON_FAILURE): NOT_RUN: callTestCase(findTestCase("Components/ClickLinkDependingOnTextAndIndex"), ["linkName":"Process Case (SM)", "index":"5"], STOP_ON_FAILURE)

2020-06-05 11:47:03 - [MESSAGE][NOT_RUN] - NOT_RUN: callTestCase(findTestCase("Components/ClickLinkDependingOnTextAndIndex"), ["linkName":"Process Case (SM)", "index":"5"], STOP_ON_FAILURE)

2020-06-05 11:47:03 - [TEST_STEP][PASSED] - callTestCase(findTestCase("Components/NavigateToAnyLHS"), ["LHS":"PE"], STOP_ON_FAILURE): Call Test Case 'Test Cases/Components/NavigateToAnyLHS' successfully

2020-06-05 11:47:03 - [TEST_CASE][PASSED] - Test Cases/Components/NavigateToAnyLHS: Test Cases/Components/NavigateToAnyLHS

2020-06-05 11:47:03 - [TEST_STEP][PASSED] - Thread.sleep(1000): null

2020-06-05 11:47:04 - [TEST_STEP][PASSED] - modifiedLHS = modifyObjectProperty(findTestObject("Objects.NavigateToAnyLHS/Page_ISPS2/LHSToModify"), "text", "equals", LHS, true): Modify property of object successfully

2020-06-05 11:47:04 - [MESSAGE][PASSED] - Modify property of object successfully

2020-06-05 11:47:04 - [TEST_STEP][PASSED] - click(modifiedLHS): Object: 'Object Repository/Objects.NavigateToAnyLHS/Page_ISPS2/LHSToModify' is clicked on

2020-06-05 11:47:04 - [MESSAGE][PASSED] - Object: 'Object Repository/Objects.NavigateToAnyLHS/Page_ISPS2/LHSToModify' is clicked on

2020-06-05 11:47:04 - [TEST_STEP][PASSED] - currentLHS = getText(modifiedLHS): Text of object 'Object Repository/Objects.NavigateToAnyLHS/Page_ISPS2/LHSToModify' is: 'PE'

2020-06-05 11:47:04 - [MESSAGE][PASSED] - Text of object 'Object Repository/Objects.NavigateToAnyLHS/Page_ISPS2/LHSToModify' is: 'PE'

2020-06-05 11:47:04 - [TEST_STEP][PASSED] - Thread.sleep(5000): null

2020-06-05 11:47:09 - [MESSAGE][PASSED] - Call Test Case 'Test Cases/Components/NavigateToAnyLHS' successfully

2020-06-05 11:47:09 - [TEST_STEP][PASSED] - callTestCase(findTestCase("Components/VerifyPageSuccessfullyLoadedII"), ["PageNm":"PE"], STOP_ON_FAILURE): Call Test Case 'Test Cases/Components/VerifyPageSuccessfullyLoadedII' successfully

2020-06-05 11:47:09 - [TEST_CASE][PASSED] - Test Cases/Components/VerifyPageSuccessfullyLoadedII: Test Cases/Components/VerifyPageSuccessfullyLoadedII

2020-06-05 11:47:09 - [TEST_STEP][PASSED] - waitForPageLoad(5): Wait for page load successfully

2020-06-05 11:47:10 - [MESSAGE][PASSED] - Wait for page load successfully

2020-06-05 11:47:10 - [TEST_STEP][PASSED] - modifiedInputFld = modifyObjectProperty(findTestObject("Object Repository/Objects.VerifyPageSuccessfullyLoaded/PageHeaderIndex"), "xpath", "equals", "//*[contains(@class,'isps-page-title') and (text()='" + PageNm + "')]", true): Modify property of object successfully

2020-06-05 11:47:10 - [MESSAGE][PASSED] - Modify property of object successfully

2020-06-05 11:47:10 - [TEST_STEP][PASSED] - com.reusableComponents.HighlightElement.run(modifiedInputFld): com.reusableComponents.HighlightElement.run is PASSED

2020-06-05 11:47:10 - [MESSAGE][PASSED] - com.reusableComponents.HighlightElement.run is PASSED

2020-06-05 11:47:10 - [MESSAGE][PASSED] - Call Test Case 'Test Cases/Components/VerifyPageSuccessfullyLoadedII' successfully

2020-06-05 11:47:10 - [TEST_STEP][PASSED] - callTestCase(findTestCase("Components/DoubleClickToEnable"), ["HeaderCellName":"Registration No", "index":2], STOP_ON_FAILURE): Call Test Case 'Test Cases/Components/DoubleClickToEnable' successfully

2020-06-05 11:47:10 - [TEST_CASE][PASSED] - Test Cases/Components/DoubleClickToEnable: Test Cases/Components/DoubleClickToEnable

2020-06-05 11:47:10 - [TEST_STEP][PASSED] - Thread.sleep(1000): null

2020-06-05 11:47:11 - [TEST_STEP][PASSED] - modifiedInputField = modifyObjectProperty(findTestObject("Object Repository/Objects.HighlightElements/input_field_index"), "xpath", "equals", "//*[text()='" + HeaderCellName + "']//following::td[" + index + "]", true): Modify property of object successfully

2020-06-05 11:47:11 - [MESSAGE][PASSED] - Modify property of object successfully

2020-06-05 11:47:11 - [TEST_STEP][PASSED] - doubleClick(modifiedInputField): Object: 'Object Repository/Objects.HighlightElements/input_field_index' is double clicked on

2020-06-05 11:47:12 - [MESSAGE][PASSED] - Object: 'Object Repository/Objects.HighlightElements/input_field_index' is double clicked on

2020-06-05 11:47:12 - [MESSAGE][PASSED] - Call Test Case 'Test Cases/Components/DoubleClickToEnable' successfully

2020-06-05 11:47:12 - [TEST_STEP][PASSED] - callTestCase(findTestCase("Components/HighlightInputField"), ["InputFldName":"peRegNo"], STOP_ON_FAILURE): Call Test Case 'Test Cases/Components/HighlightInputField' successfully

2020-06-05 11:47:12 - [TEST_CASE][PASSED] - Test Cases/Components/HighlightInputField: Test Cases/Components/HighlightInputField

2020-06-05 11:47:12 - [TEST_STEP][PASSED] - Thread.sleep(1000): null

2020-06-05 11:47:13 - [TEST_STEP][PASSED] - modifiedLblNm = modifyObjectProperty(findTestObject("Objects.HighlightElements/input_field"), "name", "equals", InputFldName, true): Modify property of object successfully

2020-06-05 11:47:13 - [MESSAGE][PASSED] - Modify property of object successfully

2020-06-05 11:47:13 - [TEST_STEP][PASSED] - com.reusableComponents.HighlightElement.run(modifiedLblNm): com.reusableComponents.HighlightElement.run is PASSED

2020-06-05 11:47:13 - [MESSAGE][PASSED] - com.reusableComponents.HighlightElement.run is PASSED

2020-06-05 11:47:13 - [MESSAGE][PASSED] - Call Test Case 'Test Cases/Components/HighlightInputField' successfully

2020-06-05 11:47:13 - [TEST_STEP][PASSED] - callTestCase(findTestCase("Components/SelectAllThenDelete"), ["tagToBeUsed":"*", "nameToBeUsed":"peRegNo"], STOP_ON_FAILURE): Call Test Case 'Test Cases/Components/SelectAllThenDelete' successfully

2020-06-05 11:47:13 - [TEST_CASE][PASSED] - Test Cases/Components/SelectAllThenDelete: Test Cases/Components/SelectAllThenDelete

2020-06-05 11:47:13 - [TEST_STEP][PASSED] - Thread.sleep(1000): null

2020-06-05 11:47:14 - [TEST_STEP][PASSED] - firstModification = modifyObjectProperty(findTestObject("SendKey/object"), "tag", "equals", tagToBeUsed, false): Modify property of object successfully

2020-06-05 11:47:14 - [MESSAGE][PASSED] - Modify property of object successfully

2020-06-05 11:47:14 - [TEST_STEP][PASSED] - secondModification = modifyObjectProperty(firstModification, "name", "equals", nameToBeUsed, true): Modify property of object successfully

2020-06-05 11:47:14 - [MESSAGE][PASSED] - Modify property of object successfully

2020-06-05 11:47:14 - [TEST_STEP][PASSED] - sendKeys(secondModification, Keys.chord(CONTROL, "a")): Keys 'CONTROL + a' sent to object: 'Object Repository/SendKey/object'

2020-06-05 11:47:14 - [MESSAGE][PASSED] - Keys 'CONTROL + a' sent to object: 'Object Repository/SendKey/object'

2020-06-05 11:47:14 - [TEST_STEP][PASSED] - sendKeys(secondModification, Keys.chord(DELETE)): Keys 'DELETE + ' sent to object: 'Object Repository/SendKey/object'

2020-06-05 11:47:14 - [MESSAGE][PASSED] - Keys 'DELETE + ' sent to object: 'Object Repository/SendKey/object'

2020-06-05 11:47:14 - [MESSAGE][PASSED] - Call Test Case 'Test Cases/Components/SelectAllThenDelete' successfully

2020-06-05 11:47:14 - [TEST_STEP][PASSED] - callTestCase(findTestCase("PFI Precision and Scale/PFI Components/VerifyDropdownValues"), ["FldNm":"peRegNo", "CallTCName":"PFI Precision and Scale/HashMap Tables/PELists", "cmbNm":"PENo", "NoOfVal":10, "DelayTime":8, ... ], STOP_ON_FAILURE): Call Test Case 'Test Cases/PFI Precision and Scale/PFI Components/VerifyDropdownValues' successfully

2020-06-05 11:47:14 - [TEST_CASE][PASSED] - Test Cases/PFI Precision and Scale/PFI Components/VerifyDropdownValues: Test Cases/PFI Precision and Scale/PFI Components/VerifyDropdownValues

2020-06-05 11:47:14 - [TEST_STEP][PASSED] - Thread.sleep(1000): null

2020-06-05 11:47:15 - [TEST_STEP][PASSED] - NewInputNmField = modifyObjectProperty(findTestObject("Objects.HighlightElements/input_field"), "name", "equals", FldNm, true): Modify property of object successfully

2020-06-05 11:47:15 - [MESSAGE][PASSED] - Modify property of object successfully

2020-06-05 11:47:15 - [TEST_STEP][PASSED] - comboNm = cmbNm: null

2020-06-05 11:47:15 - [TEST_STEP][PASSED] - focus(NewInputNmField): Object: 'Object Repository/Objects.HighlightElements/input_field' is focused

2020-06-05 11:47:15 - [MESSAGE][PASSED] - Object: 'Object Repository/Objects.HighlightElements/input_field' is focused

2020-06-05 11:47:15 - [TEST_STEP][PASSED] - setText(NewInputNmField, EnterValue): Text '00' is set on object 'Object Repository/Objects.HighlightElements/input_field'

2020-06-05 11:47:16 - [MESSAGE][PASSED] - Text '00' is set on object 'Object Repository/Objects.HighlightElements/input_field'

2020-06-05 11:47:16 - [TEST_STEP][PASSED] - for ([i = 1, i <= NoOfVal, (i++)]): Keys 'DOWN + ' sent to object: 'Object Repository/Objects.HighlightElements/input_field'

2020-06-05 11:47:16 - [TEST_STEP][PASSED] - sendKeys(NewInputNmField, Keys.chord(ARROW_DOWN)): Keys 'DOWN + ' sent to object: 'Object Repository/Objects.HighlightElements/input_field'

2020-06-05 11:47:16 - [MESSAGE][PASSED] - Keys 'DOWN + ' sent to object: 'Object Repository/Objects.HighlightElements/input_field'

2020-06-05 11:47:16 - [TEST_STEP][PASSED] - delay(DelayTime): Delayed 8 second(s)

2020-06-05 11:47:24 - [MESSAGE][PASSED] - Delayed 8 second(s)

2020-06-05 11:47:24 - [TEST_STEP][PASSED] - sendKeys(NewInputNmField, Keys.chord(ENTER)): Keys 'ENTER + ' sent to object: 'Object Repository/Objects.HighlightElements/input_field'

2020-06-05 11:47:24 - [MESSAGE][PASSED] - Keys 'ENTER + ' sent to object: 'Object Repository/Objects.HighlightElements/input_field'

2020-06-05 11:47:24 - [TEST_STEP][PASSED] - ComboBoxValue = getAttribute(NewInputNmField, "value"): Attribute 'value' of object 'Object Repository/Objects.HighlightElements/input_field' is: '0017'

2020-06-05 11:47:24 - [MESSAGE][PASSED] - Attribute 'value' of object 'Object Repository/Objects.HighlightElements/input_field' is: '0017'

2020-06-05 11:47:24 - [TEST_STEP][PASSED] - callTestCase(findTestCase(CallTCName), ["FindValue":ComboBoxValue, "DropdownNm":comboNm], STOP_ON_FAILURE): Call Test Case 'Test Cases/PFI Precision and Scale/HashMap Tables/PELists' successfully

2020-06-05 11:47:24 - [TEST_CASE][PASSED] - Test Cases/PFI Precision and Scale/HashMap Tables/PELists: Test Cases/PFI Precision and Scale/HashMap Tables/PELists

2020-06-05 11:47:24 - [TEST_STEP][PASSED] - Thread.sleep(1000): null

2020-06-05 11:47:25 - [TEST_STEP][PASSED] - PEListsTBL = ["0011":"QP-Formatted Address", "0012":"QP-0012", "0014":"QP-0014", "0015":"QP-0015", "0016":"QP-0016", "3214":"Dummy QP Name 3861", ... ]: null

2020-06-05 11:47:25 - [TEST_STEP][PASSED] - switch (DropdownNm): null

2020-06-05 11:47:25 - [TEST_STEP][PASSED] - case "PENo":: null

2020-06-05 11:47:25 - [TEST_STEP][PASSED] - ValueFound = FindValue + " (" + get(FindValue).toString() + ")": null

2020-06-05 11:47:25 - [TEST_STEP][PASSED] - break: null

2020-06-05 11:47:25 - [MESSAGE][PASSED] - Call Test Case 'Test Cases/PFI Precision and Scale/HashMap Tables/PELists' successfully

2020-06-05 11:47:25 - [TEST_STEP][PASSED] - println(ValueFound): null

2020-06-05 11:47:25 - [TEST_STEP][PASSED] - sendKeys(NewInputNmField, Keys.chord(ARROW_DOWN)): Keys 'DOWN + ' sent to object: 'Object Repository/Objects.HighlightElements/input_field'

2020-06-05 11:47:25 - [MESSAGE][PASSED] - Keys 'DOWN + ' sent to object: 'Object Repository/Objects.HighlightElements/input_field'

2020-06-05 11:47:25 - [TEST_STEP][PASSED] - sendKeys(NewInputNmField, Keys.chord(ARROW_DOWN)): Keys 'DOWN + ' sent to object: 'Object Repository/Objects.HighlightElements/input_field'

2020-06-05 11:47:25 - [MESSAGE][PASSED] - Keys 'DOWN + ' sent to object: 'Object Repository/Objects.HighlightElements/input_field'

2020-06-05 11:47:25 - [TEST_STEP][PASSED] - delay(DelayTime): Delayed 8 second(s)

2020-06-05 11:47:33 - [MESSAGE][PASSED] - Delayed 8 second(s)

2020-06-05 11:47:33 - [TEST_STEP][PASSED] - sendKeys(NewInputNmField, Keys.chord(ENTER)): Keys 'ENTER + ' sent to object: 'Object Repository/Objects.HighlightElements/input_field'

2020-06-05 11:47:33 - [MESSAGE][PASSED] - Keys 'ENTER + ' sent to object: 'Object Repository/Objects.HighlightElements/input_field'

2020-06-05 11:47:33 - [TEST_STEP][PASSED] - ComboBoxValue = getAttribute(NewInputNmField, "value"): Attribute 'value' of object 'Object Repository/Objects.HighlightElements/input_field' is: '1123'

2020-06-05 11:47:33 - [MESSAGE][PASSED] - Attribute 'value' of object 'Object Repository/Objects.HighlightElements/input_field' is: '1123'

2020-06-05 11:47:33 - [TEST_STEP][PASSED] - callTestCase(findTestCase(CallTCName), ["FindValue":ComboBoxValue, "DropdownNm":comboNm], STOP_ON_FAILURE): Call Test Case 'Test Cases/PFI Precision and Scale/HashMap Tables/PELists' successfully

2020-06-05 11:47:33 - [TEST_CASE][PASSED] - Test Cases/PFI Precision and Scale/HashMap Tables/PELists: Test Cases/PFI Precision and Scale/HashMap Tables/PELists

2020-06-05 11:47:33 - [TEST_STEP][PASSED] - Thread.sleep(1000): null

2020-06-05 11:47:34 - [TEST_STEP][PASSED] - PEListsTBL = ["0011":"QP-Formatted Address", "0012":"QP-0012", "0014":"QP-0014", "0015":"QP-0015", "0016":"QP-0016", "3214":"Dummy QP Name 3861", ... ]: null

2020-06-05 11:47:34 - [TEST_STEP][PASSED] - switch (DropdownNm): null

2020-06-05 11:47:34 - [TEST_STEP][PASSED] - case "PENo":: null

2020-06-05 11:47:34 - [TEST_STEP][PASSED] - ValueFound = FindValue + " (" + get(FindValue).toString() + ")": null

2020-06-05 11:47:34 - [TEST_STEP][PASSED] - break: null

2020-06-05 11:47:34 - [MESSAGE][PASSED] - Call Test Case 'Test Cases/PFI Precision and Scale/HashMap Tables/PELists' successfully

2020-06-05 11:47:34 - [TEST_STEP][PASSED] - println(ValueFound): null

2020-06-05 11:47:34 - [TEST_STEP][PASSED] - sendKeys(NewInputNmField, Keys.chord(ARROW_DOWN)): Keys 'DOWN + ' sent to object: 'Object Repository/Objects.HighlightElements/input_field'

2020-06-05 11:47:34 - [MESSAGE][PASSED] - Keys 'DOWN + ' sent to object: 'Object Repository/Objects.HighlightElements/input_field'

2020-06-05 11:47:34 - [TEST_STEP][PASSED] - sendKeys(NewInputNmField, Keys.chord(ARROW_DOWN)): Keys 'DOWN + ' sent to object: 'Object Repository/Objects.HighlightElements/input_field'

2020-06-05 11:47:34 - [MESSAGE][PASSED] - Keys 'DOWN + ' sent to object: 'Object Repository/Objects.HighlightElements/input_field'

2020-06-05 11:47:34 - [TEST_STEP][PASSED] - delay(DelayTime): Delayed 8 second(s)

2020-06-05 11:47:42 - [MESSAGE][PASSED] - Delayed 8 second(s)

2020-06-05 11:47:42 - [TEST_STEP][PASSED] - sendKeys(NewInputNmField, Keys.chord(ENTER)): Keys 'ENTER + ' sent to object: 'Object Repository/Objects.HighlightElements/input_field'

2020-06-05 11:47:42 - [MESSAGE][PASSED] - Keys 'ENTER + ' sent to object: 'Object Repository/Objects.HighlightElements/input_field'

2020-06-05 11:47:42 - [TEST_STEP][PASSED] - ComboBoxValue = getAttribute(NewInputNmField, "value"): Attribute 'value' of object 'Object Repository/Objects.HighlightElements/input_field' is: '0017'

2020-06-05 11:47:42 - [MESSAGE][PASSED] - Attribute 'value' of object 'Object Repository/Objects.HighlightElements/input_field' is: '0017'

2020-06-05 11:47:42 - [TEST_STEP][PASSED] - callTestCase(findTestCase(CallTCName), ["FindValue":ComboBoxValue, "DropdownNm":comboNm], STOP_ON_FAILURE): Call Test Case 'Test Cases/PFI Precision and Scale/HashMap Tables/PELists' successfully

2020-06-05 11:47:42 - [TEST_CASE][PASSED] - Test Cases/PFI Precision and Scale/HashMap Tables/PELists: Test Cases/PFI Precision and Scale/HashMap Tables/PELists

2020-06-05 11:47:42 - [TEST_STEP][PASSED] - Thread.sleep(1000): null

2020-06-05 11:47:43 - [TEST_STEP][PASSED] - PEListsTBL = ["0011":"QP-Formatted Address", "0012":"QP-0012", "0014":"QP-0014", "0015":"QP-0015", "0016":"QP-0016", "3214":"Dummy QP Name 3861", ... ]: null

2020-06-05 11:47:43 - [TEST_STEP][PASSED] - switch (DropdownNm): null

2020-06-05 11:47:43 - [TEST_STEP][PASSED] - case "PENo":: null

2020-06-05 11:47:43 - [TEST_STEP][PASSED] - ValueFound = FindValue + " (" + get(FindValue).toString() + ")": null

2020-06-05 11:47:43 - [TEST_STEP][PASSED] - break: null

2020-06-05 11:47:43 - [MESSAGE][PASSED] - Call Test Case 'Test Cases/PFI Precision and Scale/HashMap Tables/PELists' successfully

2020-06-05 11:47:43 - [TEST_STEP][PASSED] - println(ValueFound): null

2020-06-05 11:47:43 - [TEST_STEP][PASSED] - sendKeys(NewInputNmField, Keys.chord(ARROW_DOWN)): Keys 'DOWN + ' sent to object: 'Object Repository/Objects.HighlightElements/input_field'

2020-06-05 11:47:43 - [MESSAGE][PASSED] - Keys 'DOWN + ' sent to object: 'Object Repository/Objects.HighlightElements/input_field'

2020-06-05 11:47:43 - [TEST_STEP][PASSED] - sendKeys(NewInputNmField, Keys.chord(ARROW_DOWN)): Keys 'DOWN + ' sent to object: 'Object Repository/Objects.HighlightElements/input_field'

2020-06-05 11:47:44 - [MESSAGE][PASSED] - Keys 'DOWN + ' sent to object: 'Object Repository/Objects.HighlightElements/input_field'

2020-06-05 11:47:44 - [TEST_STEP][PASSED] - delay(DelayTime): Delayed 8 second(s)

2020-06-05 11:47:52 - [MESSAGE][PASSED] - Delayed 8 second(s)

2020-06-05 11:47:52 - [TEST_STEP][PASSED] - sendKeys(NewInputNmField, Keys.chord(ENTER)): Keys 'ENTER + ' sent to object: 'Object Repository/Objects.HighlightElements/input_field'

2020-06-05 11:47:52 - [MESSAGE][PASSED] - Keys 'ENTER + ' sent to object: 'Object Repository/Objects.HighlightElements/input_field'

2020-06-05 11:47:52 - [TEST_STEP][PASSED] - ComboBoxValue = getAttribute(NewInputNmField, "value"): Attribute 'value' of object 'Object Repository/Objects.HighlightElements/input_field' is: '0017'

2020-06-05 11:47:52 - [MESSAGE][PASSED] - Attribute 'value' of object 'Object Repository/Objects.HighlightElements/input_field' is: '0017'

2020-06-05 11:47:52 - [TEST_STEP][PASSED] - callTestCase(findTestCase(CallTCName), ["FindValue":ComboBoxValue, "DropdownNm":comboNm], STOP_ON_FAILURE): Call Test Case 'Test Cases/PFI Precision and Scale/HashMap Tables/PELists' successfully

2020-06-05 11:47:52 - [TEST_CASE][PASSED] - Test Cases/PFI Precision and Scale/HashMap Tables/PELists: Test Cases/PFI Precision and Scale/HashMap Tables/PELists

2020-06-05 11:47:52 - [TEST_STEP][PASSED] - Thread.sleep(1000): null

2020-06-05 11:47:53 - [TEST_STEP][PASSED] - PEListsTBL = ["0011":"QP-Formatted Address", "0012":"QP-0012", "0014":"QP-0014", "0015":"QP-0015", "0016":"QP-0016", "3214":"Dummy QP Name 3861", ... ]: null

2020-06-05 11:47:53 - [TEST_STEP][PASSED] - switch (DropdownNm): null

2020-06-05 11:47:53 - [TEST_STEP][PASSED] - case "PENo":: null

2020-06-05 11:47:53 - [TEST_STEP][PASSED] - ValueFound = FindValue + " (" + get(FindValue).toString() + ")": null

2020-06-05 11:47:53 - [TEST_STEP][PASSED] - break: null

2020-06-05 11:47:53 - [MESSAGE][PASSED] - Call Test Case 'Test Cases/PFI Precision and Scale/HashMap Tables/PELists' successfully

2020-06-05 11:47:53 - [TEST_STEP][PASSED] - println(ValueFound): null

2020-06-05 11:47:53 - [TEST_STEP][PASSED] - sendKeys(NewInputNmField, Keys.chord(ARROW_DOWN)): Keys 'DOWN + ' sent to object: 'Object Repository/Objects.HighlightElements/input_field'

2020-06-05 11:47:53 - [MESSAGE][PASSED] - Keys 'DOWN + ' sent to object: 'Object Repository/Objects.HighlightElements/input_field'

2020-06-05 11:47:53 - [TEST_STEP][PASSED] - sendKeys(NewInputNmField, Keys.chord(ARROW_DOWN)): Keys 'DOWN + ' sent to object: 'Object Repository/Objects.HighlightElements/input_field'

2020-06-05 11:47:53 - [MESSAGE][PASSED] - Keys 'DOWN + ' sent to object: 'Object Repository/Objects.HighlightElements/input_field'

2020-06-05 11:47:53 - [TEST_STEP][PASSED] - delay(DelayTime): Delayed 8 second(s)

2020-06-05 11:48:01 - [MESSAGE][PASSED] - Delayed 8 second(s)

2020-06-05 11:48:01 - [TEST_STEP][PASSED] - sendKeys(NewInputNmField, Keys.chord(ENTER)): Keys 'ENTER + ' sent to object: 'Object Repository/Objects.HighlightElements/input_field'

2020-06-05 11:48:01 - [MESSAGE][PASSED] - Keys 'ENTER + ' sent to object: 'Object Repository/Objects.HighlightElements/input_field'

2020-06-05 11:48:01 - [TEST_STEP][PASSED] - ComboBoxValue = getAttribute(NewInputNmField, "value"): Attribute 'value' of object 'Object Repository/Objects.HighlightElements/input_field' is: '0017'

2020-06-05 11:48:01 - [MESSAGE][PASSED] - Attribute 'value' of object 'Object Repository/Objects.HighlightElements/input_field' is: '0017'

2020-06-05 11:48:01 - [TEST_STEP][PASSED] - callTestCase(findTestCase(CallTCName), ["FindValue":ComboBoxValue, "DropdownNm":comboNm], STOP_ON_FAILURE): Call Test Case 'Test Cases/PFI Precision and Scale/HashMap Tables/PELists' successfully

2020-06-05 11:48:01 - [TEST_CASE][PASSED] - Test Cases/PFI Precision and Scale/HashMap Tables/PELists: Test Cases/PFI Precision and Scale/HashMap Tables/PELists

2020-06-05 11:48:01 - [TEST_STEP][PASSED] - Thread.sleep(1000): null

2020-06-05 11:48:02 - [TEST_STEP][PASSED] - PEListsTBL = ["0011":"QP-Formatted Address", "0012":"QP-0012", "0014":"QP-0014", "0015":"QP-0015", "0016":"QP-0016", "3214":"Dummy QP Name 3861", ... ]: null

2020-06-05 11:48:02 - [TEST_STEP][PASSED] - switch (DropdownNm): null

2020-06-05 11:48:02 - [TEST_STEP][PASSED] - case "PENo":: null

2020-06-05 11:48:02 - [TEST_STEP][PASSED] - ValueFound = FindValue + " (" + get(FindValue).toString() + ")": null

2020-06-05 11:48:02 - [TEST_STEP][PASSED] - break: null

2020-06-05 11:48:02 - [MESSAGE][PASSED] - Call Test Case 'Test Cases/PFI Precision and Scale/HashMap Tables/PELists' successfully

2020-06-05 11:48:02 - [TEST_STEP][PASSED] - println(ValueFound): null

2020-06-05 11:48:02 - [TEST_STEP][PASSED] - sendKeys(NewInputNmField, Keys.chord(ARROW_DOWN)): Keys 'DOWN + ' sent to object: 'Object Repository/Objects.HighlightElements/input_field'

2020-06-05 11:48:02 - [MESSAGE][PASSED] - Keys 'DOWN + ' sent to object: 'Object Repository/Objects.HighlightElements/input_field'

2020-06-05 11:48:02 - [TEST_STEP][PASSED] - sendKeys(NewInputNmField, Keys.chord(ARROW_DOWN)): Keys 'DOWN + ' sent to object: 'Object Repository/Objects.HighlightElements/input_field'

2020-06-05 11:48:02 - [MESSAGE][PASSED] - Keys 'DOWN + ' sent to object: 'Object Repository/Objects.HighlightElements/input_field'

2020-06-05 11:48:02 - [TEST_STEP][PASSED] - delay(DelayTime): Delayed 8 second(s)

2020-06-05 11:48:10 - [MESSAGE][PASSED] - Delayed 8 second(s)

2020-06-05 11:48:10 - [TEST_STEP][PASSED] - sendKeys(NewInputNmField, Keys.chord(ENTER)): Keys 'ENTER + ' sent to object: 'Object Repository/Objects.HighlightElements/input_field'

2020-06-05 11:48:10 - [MESSAGE][PASSED] - Keys 'ENTER + ' sent to object: 'Object Repository/Objects.HighlightElements/input_field'

2020-06-05 11:48:10 - [TEST_STEP][PASSED] - ComboBoxValue = getAttribute(NewInputNmField, "value"): Attribute 'value' of object 'Object Repository/Objects.HighlightElements/input_field' is: '0017'

2020-06-05 11:48:10 - [MESSAGE][PASSED] - Attribute 'value' of object 'Object Repository/Objects.HighlightElements/input_field' is: '0017'

2020-06-05 11:48:10 - [TEST_STEP][PASSED] - callTestCase(findTestCase(CallTCName), ["FindValue":ComboBoxValue, "DropdownNm":comboNm], STOP_ON_FAILURE): Call Test Case 'Test Cases/PFI Precision and Scale/HashMap Tables/PELists' successfully

2020-06-05 11:48:10 - [TEST_CASE][PASSED] - Test Cases/PFI Precision and Scale/HashMap Tables/PELists: Test Cases/PFI Precision and Scale/HashMap Tables/PELists

2020-06-05 11:48:10 - [TEST_STEP][PASSED] - Thread.sleep(1000): null

2020-06-05 11:48:11 - [TEST_STEP][PASSED] - PEListsTBL = ["0011":"QP-Formatted Address", "0012":"QP-0012", "0014":"QP-0014", "0015":"QP-0015", "0016":"QP-0016", "3214":"Dummy QP Name 3861", ... ]: null

2020-06-05 11:48:11 - [TEST_STEP][PASSED] - switch (DropdownNm): null

2020-06-05 11:48:11 - [TEST_STEP][PASSED] - case "PENo":: null

2020-06-05 11:48:11 - [TEST_STEP][PASSED] - ValueFound = FindValue + " (" + get(FindValue).toString() + ")": null

2020-06-05 11:48:11 - [TEST_STEP][PASSED] - break: null

2020-06-05 11:48:11 - [MESSAGE][PASSED] - Call Test Case 'Test Cases/PFI Precision and Scale/HashMap Tables/PELists' successfully

2020-06-05 11:48:11 - [TEST_STEP][PASSED] - println(ValueFound): null

2020-06-05 11:48:11 - [TEST_STEP][PASSED] - sendKeys(NewInputNmField, Keys.chord(ARROW_DOWN)): Keys 'DOWN + ' sent to object: 'Object Repository/Objects.HighlightElements/input_field'

2020-06-05 11:48:11 - [MESSAGE][PASSED] - Keys 'DOWN + ' sent to object: 'Object Repository/Objects.HighlightElements/input_field'

2020-06-05 11:48:11 - [TEST_STEP][PASSED] - sendKeys(NewInputNmField, Keys.chord(ARROW_DOWN)): Keys 'DOWN + ' sent to object: 'Object Repository/Objects.HighlightElements/input_field'

2020-06-05 11:48:11 - [MESSAGE][PASSED] - Keys 'DOWN + ' sent to object: 'Object Repository/Objects.HighlightElements/input_field'

2020-06-05 11:48:11 - [TEST_STEP][PASSED] - delay(DelayTime): Delayed 8 second(s)

2020-06-05 11:48:19 - [MESSAGE][PASSED] - Delayed 8 second(s)

2020-06-05 11:48:19 - [TEST_STEP][PASSED] - sendKeys(NewInputNmField, Keys.chord(ENTER)): Keys 'ENTER + ' sent to object: 'Object Repository/Objects.HighlightElements/input_field'

2020-06-05 11:48:19 - [MESSAGE][PASSED] - Keys 'ENTER + ' sent to object: 'Object Repository/Objects.HighlightElements/input_field'

2020-06-05 11:48:19 - [TEST_STEP][PASSED] - ComboBoxValue = getAttribute(NewInputNmField, "value"): Attribute 'value' of object 'Object Repository/Objects.HighlightElements/input_field' is: '0017'

2020-06-05 11:48:19 - [MESSAGE][PASSED] - Attribute 'value' of object 'Object Repository/Objects.HighlightElements/input_field' is: '0017'

2020-06-05 11:48:19 - [TEST_STEP][PASSED] - callTestCase(findTestCase(CallTCName), ["FindValue":ComboBoxValue, "DropdownNm":comboNm], STOP_ON_FAILURE): Call Test Case 'Test Cases/PFI Precision and Scale/HashMap Tables/PELists' successfully

2020-06-05 11:48:19 - [TEST_CASE][PASSED] - Test Cases/PFI Precision and Scale/HashMap Tables/PELists: Test Cases/PFI Precision and Scale/HashMap Tables/PELists

2020-06-05 11:48:19 - [TEST_STEP][PASSED] - Thread.sleep(1000): null

2020-06-05 11:48:20 - [TEST_STEP][PASSED] - PEListsTBL = ["0011":"QP-Formatted Address", "0012":"QP-0012", "0014":"QP-0014", "0015":"QP-0015", "0016":"QP-0016", "3214":"Dummy QP Name 3861", ... ]: null

2020-06-05 11:48:20 - [TEST_STEP][PASSED] - switch (DropdownNm): null

2020-06-05 11:48:20 - [TEST_STEP][PASSED] - case "PENo":: null

2020-06-05 11:48:20 - [TEST_STEP][PASSED] - ValueFound = FindValue + " (" + get(FindValue).toString() + ")": null

2020-06-05 11:48:20 - [TEST_STEP][PASSED] - break: null

2020-06-05 11:48:20 - [MESSAGE][PASSED] - Call Test Case 'Test Cases/PFI Precision and Scale/HashMap Tables/PELists' successfully

2020-06-05 11:48:20 - [TEST_STEP][PASSED] - println(ValueFound): null

2020-06-05 11:48:20 - [TEST_STEP][PASSED] - sendKeys(NewInputNmField, Keys.chord(ARROW_DOWN)): Keys 'DOWN + ' sent to object: 'Object Repository/Objects.HighlightElements/input_field'

2020-06-05 11:48:20 - [MESSAGE][PASSED] - Keys 'DOWN + ' sent to object: 'Object Repository/Objects.HighlightElements/input_field'

2020-06-05 11:48:20 - [TEST_STEP][PASSED] - sendKeys(NewInputNmField, Keys.chord(ARROW_DOWN)): Keys 'DOWN + ' sent to object: 'Object Repository/Objects.HighlightElements/input_field'

2020-06-05 11:48:20 - [MESSAGE][PASSED] - Keys 'DOWN + ' sent to object: 'Object Repository/Objects.HighlightElements/input_field'

2020-06-05 11:48:20 - [TEST_STEP][PASSED] - delay(DelayTime): Delayed 8 second(s)

2020-06-05 11:48:28 - [MESSAGE][PASSED] - Delayed 8 second(s)

2020-06-05 11:48:28 - [TEST_STEP][PASSED] - sendKeys(NewInputNmField, Keys.chord(ENTER)): Keys 'ENTER + ' sent to object: 'Object Repository/Objects.HighlightElements/input_field'

2020-06-05 11:48:28 - [MESSAGE][PASSED] - Keys 'ENTER + ' sent to object: 'Object Repository/Objects.HighlightElements/input_field'

2020-06-05 11:48:28 - [TEST_STEP][PASSED] - ComboBoxValue = getAttribute(NewInputNmField, "value"): Attribute 'value' of object 'Object Repository/Objects.HighlightElements/input_field' is: '0017'

2020-06-05 11:48:29 - [MESSAGE][PASSED] - Attribute 'value' of object 'Object Repository/Objects.HighlightElements/input_field' is: '0017'

2020-06-05 11:48:29 - [TEST_STEP][PASSED] - callTestCase(findTestCase(CallTCName), ["FindValue":ComboBoxValue, "DropdownNm":comboNm], STOP_ON_FAILURE): Call Test Case 'Test Cases/PFI Precision and Scale/HashMap Tables/PELists' successfully

2020-06-05 11:48:29 - [TEST_CASE][PASSED] - Test Cases/PFI Precision and Scale/HashMap Tables/PELists: Test Cases/PFI Precision and Scale/HashMap Tables/PELists

2020-06-05 11:48:29 - [TEST_STEP][PASSED] - Thread.sleep(1000): null

2020-06-05 11:48:30 - [TEST_STEP][PASSED] - PEListsTBL = ["0011":"QP-Formatted Address", "0012":"QP-0012", "0014":"QP-0014", "0015":"QP-0015", "0016":"QP-0016", "3214":"Dummy QP Name 3861", ... ]: null

2020-06-05 11:48:30 - [TEST_STEP][PASSED] - switch (DropdownNm): null

2020-06-05 11:48:30 - [TEST_STEP][PASSED] - case "PENo":: null

2020-06-05 11:48:30 - [TEST_STEP][PASSED] - ValueFound = FindValue + " (" + get(FindValue).toString() + ")": null

2020-06-05 11:48:30 - [TEST_STEP][PASSED] - break: null

2020-06-05 11:48:30 - [MESSAGE][PASSED] - Call Test Case 'Test Cases/PFI Precision and Scale/HashMap Tables/PELists' successfully

2020-06-05 11:48:30 - [TEST_STEP][PASSED] - println(ValueFound): null

2020-06-05 11:48:30 - [TEST_STEP][PASSED] - sendKeys(NewInputNmField, Keys.chord(ARROW_DOWN)): Keys 'DOWN + ' sent to object: 'Object Repository/Objects.HighlightElements/input_field'

2020-06-05 11:48:30 - [MESSAGE][PASSED] - Keys 'DOWN + ' sent to object: 'Object Repository/Objects.HighlightElements/input_field'

2020-06-05 11:48:30 - [TEST_STEP][PASSED] - sendKeys(NewInputNmField, Keys.chord(ARROW_DOWN)): Keys 'DOWN + ' sent to object: 'Object Repository/Objects.HighlightElements/input_field'

2020-06-05 11:48:30 - [MESSAGE][PASSED] - Keys 'DOWN + ' sent to object: 'Object Repository/Objects.HighlightElements/input_field'

2020-06-05 11:48:30 - [TEST_STEP][PASSED] - delay(DelayTime): Delayed 8 second(s)

2020-06-05 11:48:38 - [MESSAGE][PASSED] - Delayed 8 second(s)

2020-06-05 11:48:38 - [TEST_STEP][PASSED] - sendKeys(NewInputNmField, Keys.chord(ENTER)): Keys 'ENTER + ' sent to object: 'Object Repository/Objects.HighlightElements/input_field'

2020-06-05 11:48:38 - [MESSAGE][PASSED] - Keys 'ENTER + ' sent to object: 'Object Repository/Objects.HighlightElements/input_field'

2020-06-05 11:48:38 - [TEST_STEP][PASSED] - ComboBoxValue = getAttribute(NewInputNmField, "value"): Attribute 'value' of object 'Object Repository/Objects.HighlightElements/input_field' is: '0017'

2020-06-05 11:48:38 - [MESSAGE][PASSED] - Attribute 'value' of object 'Object Repository/Objects.HighlightElements/input_field' is: '0017'

2020-06-05 11:48:38 - [TEST_STEP][PASSED] - callTestCase(findTestCase(CallTCName), ["FindValue":ComboBoxValue, "DropdownNm":comboNm], STOP_ON_FAILURE): Call Test Case 'Test Cases/PFI Precision and Scale/HashMap Tables/PELists' successfully

2020-06-05 11:48:38 - [TEST_CASE][PASSED] - Test Cases/PFI Precision and Scale/HashMap Tables/PELists: Test Cases/PFI Precision and Scale/HashMap Tables/PELists

2020-06-05 11:48:38 - [TEST_STEP][PASSED] - Thread.sleep(1000): null

2020-06-05 11:48:39 - [TEST_STEP][PASSED] - PEListsTBL = ["0011":"QP-Formatted Address", "0012":"QP-0012", "0014":"QP-0014", "0015":"QP-0015", "0016":"QP-0016", "3214":"Dummy QP Name 3861", ... ]: null

2020-06-05 11:48:39 - [TEST_STEP][PASSED] - switch (DropdownNm): null

2020-06-05 11:48:39 - [TEST_STEP][PASSED] - case "PENo":: null

2020-06-05 11:48:39 - [TEST_STEP][PASSED] - ValueFound = FindValue + " (" + get(FindValue).toString() + ")": null

2020-06-05 11:48:39 - [TEST_STEP][PASSED] - break: null

2020-06-05 11:48:39 - [MESSAGE][PASSED] - Call Test Case 'Test Cases/PFI Precision and Scale/HashMap Tables/PELists' successfully

2020-06-05 11:48:39 - [TEST_STEP][PASSED] - println(ValueFound): null

2020-06-05 11:48:39 - [TEST_STEP][PASSED] - sendKeys(NewInputNmField, Keys.chord(ARROW_DOWN)): Keys 'DOWN + ' sent to object: 'Object Repository/Objects.HighlightElements/input_field'

2020-06-05 11:48:39 - [MESSAGE][PASSED] - Keys 'DOWN + ' sent to object: 'Object Repository/Objects.HighlightElements/input_field'

2020-06-05 11:48:39 - [TEST_STEP][PASSED] - sendKeys(NewInputNmField, Keys.chord(ARROW_DOWN)): Keys 'DOWN + ' sent to object: 'Object Repository/Objects.HighlightElements/input_field'

2020-06-05 11:48:39 - [MESSAGE][PASSED] - Keys 'DOWN + ' sent to object: 'Object Repository/Objects.HighlightElements/input_field'

2020-06-05 11:48:39 - [TEST_STEP][PASSED] - delay(DelayTime): Delayed 8 second(s)

2020-06-05 11:48:47 - [MESSAGE][PASSED] - Delayed 8 second(s)

2020-06-05 11:48:47 - [TEST_STEP][PASSED] - sendKeys(NewInputNmField, Keys.chord(ENTER)): Keys 'ENTER + ' sent to object: 'Object Repository/Objects.HighlightElements/input_field'

2020-06-05 11:48:47 - [MESSAGE][PASSED] - Keys 'ENTER + ' sent to object: 'Object Repository/Objects.HighlightElements/input_field'

2020-06-05 11:48:47 - [TEST_STEP][PASSED] - ComboBoxValue = getAttribute(NewInputNmField, "value"): Attribute 'value' of object 'Object Repository/Objects.HighlightElements/input_field' is: '0017'

2020-06-05 11:48:47 - [MESSAGE][PASSED] - Attribute 'value' of object 'Object Repository/Objects.HighlightElements/input_field' is: '0017'

2020-06-05 11:48:47 - [TEST_STEP][PASSED] - callTestCase(findTestCase(CallTCName), ["FindValue":ComboBoxValue, "DropdownNm":comboNm], STOP_ON_FAILURE): Call Test Case 'Test Cases/PFI Precision and Scale/HashMap Tables/PELists' successfully

2020-06-05 11:48:47 - [TEST_CASE][PASSED] - Test Cases/PFI Precision and Scale/HashMap Tables/PELists: Test Cases/PFI Precision and Scale/HashMap Tables/PELists

2020-06-05 11:48:47 - [TEST_STEP][PASSED] - Thread.sleep(1000): null

2020-06-05 11:48:48 - [TEST_STEP][PASSED] - PEListsTBL = ["0011":"QP-Formatted Address", "0012":"QP-0012", "0014":"QP-0014", "0015":"QP-0015", "0016":"QP-0016", "3214":"Dummy QP Name 3861", ... ]: null

2020-06-05 11:48:48 - [TEST_STEP][PASSED] - switch (DropdownNm): null

2020-06-05 11:48:48 - [TEST_STEP][PASSED] - case "PENo":: null

2020-06-05 11:48:48 - [TEST_STEP][PASSED] - ValueFound = FindValue + " (" + get(FindValue).toString() + ")": null

2020-06-05 11:48:48 - [TEST_STEP][PASSED] - break: null

2020-06-05 11:48:48 - [MESSAGE][PASSED] - Call Test Case 'Test Cases/PFI Precision and Scale/HashMap Tables/PELists' successfully

2020-06-05 11:48:48 - [TEST_STEP][PASSED] - println(ValueFound): null

2020-06-05 11:48:48 - [TEST_STEP][PASSED] - sendKeys(NewInputNmField, Keys.chord(ARROW_DOWN)): Keys 'DOWN + ' sent to object: 'Object Repository/Objects.HighlightElements/input_field'

2020-06-05 11:48:48 - [MESSAGE][PASSED] - Keys 'DOWN + ' sent to object: 'Object Repository/Objects.HighlightElements/input_field'

2020-06-05 11:48:48 - [TEST_STEP][PASSED] - sendKeys(NewInputNmField, Keys.chord(ENTER)): Keys 'ENTER + ' sent to object: 'Object Repository/Objects.HighlightElements/input_field'

2020-06-05 11:48:48 - [MESSAGE][PASSED] - Keys 'ENTER + ' sent to object: 'Object Repository/Objects.HighlightElements/input_field'

2020-06-05 11:48:48 - [MESSAGE][PASSED] - Call Test Case 'Test Cases/PFI Precision and Scale/PFI Components/VerifyDropdownValues' successfully

2020-06-05 11:48:48 - [TEST_STEP][PASSED] - callTestCase(findTestCase("Components/ClickCancelIcon"), [:], STOP_ON_FAILURE): Call Test Case 'Test Cases/Components/ClickCancelIcon' successfully

2020-06-05 11:48:48 - [TEST_CASE][PASSED] - Test Cases/Components/ClickCancelIcon: Test Cases/Components/ClickCancelIcon

2020-06-05 11:48:48 - [TEST_STEP][PASSED] - Thread.sleep(1000): null

2020-06-05 11:48:49 - [TEST_STEP][PASSED] - com.reusableComponents.HighlightElement.run(findTestObject("Object Repository/Objects.ActionButtons/Cancel_Icon")): com.reusableComponents.HighlightElement.run is PASSED

2020-06-05 11:48:50 - [MESSAGE][PASSED] - com.reusableComponents.HighlightElement.run is PASSED

2020-06-05 11:48:50 - [TEST_STEP][PASSED] - click(findTestObject("Object Repository/Objects.ActionButtons/Cancel_Icon")): Object: 'Object Repository/Objects.ActionButtons/Cancel_Icon' is clicked on

2020-06-05 11:48:50 - [MESSAGE][PASSED] - Object: 'Object Repository/Objects.ActionButtons/Cancel_Icon' is clicked on

2020-06-05 11:48:50 - [MESSAGE][PASSED] - Call Test Case 'Test Cases/Components/ClickCancelIcon' successfully

2020-06-05 11:48:50 - [TEST_STEP][PASSED] - callTestCase(findTestCase("Components/DoubleClickToEnable"), ["HeaderCellName":"PE Name", "index":3], STOP_ON_FAILURE): Call Test Case 'Test Cases/Components/DoubleClickToEnable' successfully

2020-06-05 11:48:50 - [TEST_CASE][PASSED] - Test Cases/Components/DoubleClickToEnable: Test Cases/Components/DoubleClickToEnable

2020-06-05 11:48:50 - [TEST_STEP][PASSED] - Thread.sleep(1000): null

2020-06-05 11:48:51 - [TEST_STEP][PASSED] - modifiedInputField = modifyObjectProperty(findTestObject("Object Repository/Objects.HighlightElements/input_field_index"), "xpath", "equals", "//*[text()='" + HeaderCellName + "']//following::td[" + index + "]", true): Modify property of object successfully

2020-06-05 11:48:51 - [MESSAGE][PASSED] - Modify property of object successfully

2020-06-05 11:48:51 - [TEST_STEP][PASSED] - doubleClick(modifiedInputField): Object: 'Object Repository/Objects.HighlightElements/input_field_index' is double clicked on

2020-06-05 11:48:51 - [MESSAGE][PASSED] - Object: 'Object Repository/Objects.HighlightElements/input_field_index' is double clicked on

2020-06-05 11:48:51 - [MESSAGE][PASSED] - Call Test Case 'Test Cases/Components/DoubleClickToEnable' successfully

2020-06-05 11:48:51 - [TEST_STEP][PASSED] - callTestCase(findTestCase("Components/HighlightInputField"), ["InputFldName":"peName"], STOP_ON_FAILURE): Call Test Case 'Test Cases/Components/HighlightInputField' successfully

2020-06-05 11:48:51 - [TEST_CASE][PASSED] - Test Cases/Components/HighlightInputField: Test Cases/Components/HighlightInputField

2020-06-05 11:48:51 - [TEST_STEP][PASSED] - Thread.sleep(1000): null

2020-06-05 11:48:52 - [TEST_STEP][PASSED] - modifiedLblNm = modifyObjectProperty(findTestObject("Objects.HighlightElements/input_field"), "name", "equals", InputFldName, true): Modify property of object successfully

2020-06-05 11:48:52 - [MESSAGE][PASSED] - Modify property of object successfully

2020-06-05 11:48:52 - [TEST_STEP][PASSED] - com.reusableComponents.HighlightElement.run(modifiedLblNm): com.reusableComponents.HighlightElement.run is PASSED

2020-06-05 11:48:53 - [MESSAGE][PASSED] - com.reusableComponents.HighlightElement.run is PASSED

2020-06-05 11:48:53 - [MESSAGE][PASSED] - Call Test Case 'Test Cases/Components/HighlightInputField' successfully

2020-06-05 11:48:53 - [TEST_STEP][PASSED] - callTestCase(findTestCase("Components/SelectAllThenDelete"), ["tagToBeUsed":"*", "nameToBeUsed":"peName"], STOP_ON_FAILURE): Call Test Case 'Test Cases/Components/SelectAllThenDelete' successfully

2020-06-05 11:48:53 - [TEST_CASE][PASSED] - Test Cases/Components/SelectAllThenDelete: Test Cases/Components/SelectAllThenDelete

2020-06-05 11:48:53 - [TEST_STEP][PASSED] - Thread.sleep(1000): null

2020-06-05 11:48:54 - [TEST_STEP][PASSED] - firstModification = modifyObjectProperty(findTestObject("SendKey/object"), "tag", "equals", tagToBeUsed, false): Modify property of object successfully

2020-06-05 11:48:54 - [MESSAGE][PASSED] - Modify property of object successfully

2020-06-05 11:48:54 - [TEST_STEP][PASSED] - secondModification = modifyObjectProperty(firstModification, "name", "equals", nameToBeUsed, true): Modify property of object successfully

2020-06-05 11:48:54 - [MESSAGE][PASSED] - Modify property of object successfully

2020-06-05 11:48:54 - [TEST_STEP][PASSED] - sendKeys(secondModification, Keys.chord(CONTROL, "a")): Keys 'CONTROL + a' sent to object: 'Object Repository/SendKey/object'

2020-06-05 11:48:54 - [MESSAGE][PASSED] - Keys 'CONTROL + a' sent to object: 'Object Repository/SendKey/object'

2020-06-05 11:48:54 - [TEST_STEP][PASSED] - sendKeys(secondModification, Keys.chord(DELETE)): Keys 'DELETE + ' sent to object: 'Object Repository/SendKey/object'

2020-06-05 11:48:54 - [MESSAGE][PASSED] - Keys 'DELETE + ' sent to object: 'Object Repository/SendKey/object'

2020-06-05 11:48:54 - [MESSAGE][PASSED] - Call Test Case 'Test Cases/Components/SelectAllThenDelete' successfully

2020-06-05 11:48:54 - [TEST_STEP][PASSED] - callTestCase(findTestCase("PFI Precision and Scale/PFI Components/VerifyDropdownValues"), ["FldNm":"peName", "CallTCName":"PFI Precision and Scale/HashMap Tables/PELists", "cmbNm":"PEName", "NoOfVal":10, "DelayTime":5, ... ], STOP_ON_FAILURE): Call Test Case 'Test Cases/PFI Precision and Scale/PFI Components/VerifyDropdownValues' successfully

2020-06-05 11:48:54 - [TEST_CASE][PASSED] - Test Cases/PFI Precision and Scale/PFI Components/VerifyDropdownValues: Test Cases/PFI Precision and Scale/PFI Components/VerifyDropdownValues

2020-06-05 11:48:54 - [TEST_STEP][PASSED] - Thread.sleep(1000): null

2020-06-05 11:48:55 - [TEST_STEP][PASSED] - NewInputNmField = modifyObjectProperty(findTestObject("Objects.HighlightElements/input_field"), "name", "equals", FldNm, true): Modify property of object successfully

2020-06-05 11:48:55 - [MESSAGE][PASSED] - Modify property of object successfully

2020-06-05 11:48:55 - [TEST_STEP][PASSED] - comboNm = cmbNm: null

2020-06-05 11:48:55 - [TEST_STEP][PASSED] - focus(NewInputNmField): Object: 'Object Repository/Objects.HighlightElements/input_field' is focused

2020-06-05 11:48:55 - [MESSAGE][PASSED] - Object: 'Object Repository/Objects.HighlightElements/input_field' is focused

2020-06-05 11:48:55 - [TEST_STEP][PASSED] - setText(NewInputNmField, EnterValue): Text '' is set on object 'Object Repository/Objects.HighlightElements/input_field'

2020-06-05 11:48:55 - [MESSAGE][PASSED] - Text '' is set on object 'Object Repository/Objects.HighlightElements/input_field'

2020-06-05 11:48:55 - [TEST_STEP][PASSED] - for ([i = 1, i <= NoOfVal, (i++)]): Keys 'DOWN + ' sent to object: 'Object Repository/Objects.HighlightElements/input_field'

2020-06-05 11:48:55 - [TEST_STEP][PASSED] - sendKeys(NewInputNmField, Keys.chord(ARROW_DOWN)): Keys 'DOWN + ' sent to object: 'Object Repository/Objects.HighlightElements/input_field'

2020-06-05 11:48:55 - [MESSAGE][PASSED] - Keys 'DOWN + ' sent to object: 'Object Repository/Objects.HighlightElements/input_field'

2020-06-05 11:48:55 - [TEST_STEP][PASSED] - delay(DelayTime): Delayed 5 second(s)

2020-06-05 11:49:00 - [MESSAGE][PASSED] - Delayed 5 second(s)

2020-06-05 11:49:00 - [TEST_STEP][PASSED] - sendKeys(NewInputNmField, Keys.chord(ENTER)): Keys 'ENTER + ' sent to object: 'Object Repository/Objects.HighlightElements/input_field'

2020-06-05 11:49:00 - [MESSAGE][PASSED] - Keys 'ENTER + ' sent to object: 'Object Repository/Objects.HighlightElements/input_field'

2020-06-05 11:49:00 - [TEST_STEP][PASSED] - ComboBoxValue = getAttribute(NewInputNmField, "value"): Attribute 'value' of object 'Object Repository/Objects.HighlightElements/input_field' is: 'QP1123'

2020-06-05 11:49:00 - [MESSAGE][PASSED] - Attribute 'value' of object 'Object Repository/Objects.HighlightElements/input_field' is: 'QP1123'

2020-06-05 11:49:00 - [TEST_STEP][PASSED] - callTestCase(findTestCase(CallTCName), ["FindValue":ComboBoxValue, "DropdownNm":comboNm], STOP_ON_FAILURE): Call Test Case 'Test Cases/PFI Precision and Scale/HashMap Tables/PELists' successfully

2020-06-05 11:49:00 - [TEST_CASE][PASSED] - Test Cases/PFI Precision and Scale/HashMap Tables/PELists: Test Cases/PFI Precision and Scale/HashMap Tables/PELists

2020-06-05 11:49:00 - [TEST_STEP][PASSED] - Thread.sleep(1000): null

2020-06-05 11:49:01 - [TEST_STEP][PASSED] - PEListsTBL = ["0011":"QP-Formatted Address", "0012":"QP-0012", "0014":"QP-0014", "0015":"QP-0015", "0016":"QP-0016", "3214":"Dummy QP Name 3861", ... ]: null

2020-06-05 11:49:01 - [TEST_STEP][PASSED] - switch (DropdownNm): null

2020-06-05 11:49:01 - [TEST_STEP][PASSED] - case "PEName":: null

2020-06-05 11:49:01 - [TEST_STEP][PASSED] - ValueFound = PEListsTBL.find({ -> ... }): null

2020-06-05 11:49:01 - [TEST_STEP][PASSED] - break: null

2020-06-05 11:49:01 - [MESSAGE][PASSED] - Call Test Case 'Test Cases/PFI Precision and Scale/HashMap Tables/PELists' successfully

2020-06-05 11:49:01 - [TEST_STEP][PASSED] - println(ValueFound): null

2020-06-05 11:49:01 - [TEST_STEP][PASSED] - sendKeys(NewInputNmField, Keys.chord(ARROW_DOWN)): Keys 'DOWN + ' sent to object: 'Object Repository/Objects.HighlightElements/input_field'

2020-06-05 11:49:01 - [MESSAGE][PASSED] - Keys 'DOWN + ' sent to object: 'Object Repository/Objects.HighlightElements/input_field'

2020-06-05 11:49:01 - [TEST_STEP][PASSED] - sendKeys(NewInputNmField, Keys.chord(ARROW_DOWN)): Keys 'DOWN + ' sent to object: 'Object Repository/Objects.HighlightElements/input_field'

2020-06-05 11:49:01 - [MESSAGE][PASSED] - Keys 'DOWN + ' sent to object: 'Object Repository/Objects.HighlightElements/input_field'

2020-06-05 11:49:01 - [TEST_STEP][PASSED] - delay(DelayTime): Delayed 5 second(s)

2020-06-05 11:49:06 - [MESSAGE][PASSED] - Delayed 5 second(s)

2020-06-05 11:49:06 - [TEST_STEP][PASSED] - sendKeys(NewInputNmField, Keys.chord(ENTER)): Keys 'ENTER + ' sent to object: 'Object Repository/Objects.HighlightElements/input_field'

2020-06-05 11:49:06 - [MESSAGE][PASSED] - Keys 'ENTER + ' sent to object: 'Object Repository/Objects.HighlightElements/input_field'

2020-06-05 11:49:06 - [TEST_STEP][PASSED] - ComboBoxValue = getAttribute(NewInputNmField, "value"): Attribute 'value' of object 'Object Repository/Objects.HighlightElements/input_field' is: 'QP0017'

2020-06-05 11:49:06 - [MESSAGE][PASSED] - Attribute 'value' of object 'Object Repository/Objects.HighlightElements/input_field' is: 'QP0017'

2020-06-05 11:49:06 - [TEST_STEP][PASSED] - callTestCase(findTestCase(CallTCName), ["FindValue":ComboBoxValue, "DropdownNm":comboNm], STOP_ON_FAILURE): Call Test Case 'Test Cases/PFI Precision and Scale/HashMap Tables/PELists' successfully

2020-06-05 11:49:06 - [TEST_CASE][PASSED] - Test Cases/PFI Precision and Scale/HashMap Tables/PELists: Test Cases/PFI Precision and Scale/HashMap Tables/PELists

2020-06-05 11:49:06 - [TEST_STEP][PASSED] - Thread.sleep(1000): null

2020-06-05 11:49:07 - [TEST_STEP][PASSED] - PEListsTBL = ["0011":"QP-Formatted Address", "0012":"QP-0012", "0014":"QP-0014", "0015":"QP-0015", "0016":"QP-0016", "3214":"Dummy QP Name 3861", ... ]: null

2020-06-05 11:49:07 - [TEST_STEP][PASSED] - switch (DropdownNm): null

2020-06-05 11:49:07 - [TEST_STEP][PASSED] - case "PEName":: null

2020-06-05 11:49:07 - [TEST_STEP][PASSED] - ValueFound = PEListsTBL.find({ -> ... }): null

2020-06-05 11:49:07 - [TEST_STEP][PASSED] - break: null

2020-06-05 11:49:07 - [MESSAGE][PASSED] - Call Test Case 'Test Cases/PFI Precision and Scale/HashMap Tables/PELists' successfully

2020-06-05 11:49:07 - [TEST_STEP][PASSED] - println(ValueFound): null

2020-06-05 11:49:07 - [TEST_STEP][PASSED] - sendKeys(NewInputNmField, Keys.chord(ARROW_DOWN)): Keys 'DOWN + ' sent to object: 'Object Repository/Objects.HighlightElements/input_field'

2020-06-05 11:49:08 - [MESSAGE][PASSED] - Keys 'DOWN + ' sent to object: 'Object Repository/Objects.HighlightElements/input_field'

2020-06-05 11:49:08 - [TEST_STEP][PASSED] - sendKeys(NewInputNmField, Keys.chord(ARROW_DOWN)): Keys 'DOWN + ' sent to object: 'Object Repository/Objects.HighlightElements/input_field'

2020-06-05 11:49:08 - [MESSAGE][PASSED] - Keys 'DOWN + ' sent to object: 'Object Repository/Objects.HighlightElements/input_field'

2020-06-05 11:49:08 - [TEST_STEP][PASSED] - delay(DelayTime): Delayed 5 second(s)

2020-06-05 11:49:13 - [MESSAGE][PASSED] - Delayed 5 second(s)

2020-06-05 11:49:13 - [TEST_STEP][PASSED] - sendKeys(NewInputNmField, Keys.chord(ENTER)): Keys 'ENTER + ' sent to object: 'Object Repository/Objects.HighlightElements/input_field'

2020-06-05 11:49:13 - [MESSAGE][PASSED] - Keys 'ENTER + ' sent to object: 'Object Repository/Objects.HighlightElements/input_field'

2020-06-05 11:49:13 - [TEST_STEP][PASSED] - ComboBoxValue = getAttribute(NewInputNmField, "value"): Attribute 'value' of object 'Object Repository/Objects.HighlightElements/input_field' is: 'QP-0016'

2020-06-05 11:49:13 - [MESSAGE][PASSED] - Attribute 'value' of object 'Object Repository/Objects.HighlightElements/input_field' is: 'QP-0016'

2020-06-05 11:49:13 - [TEST_STEP][PASSED] - callTestCase(findTestCase(CallTCName), ["FindValue":ComboBoxValue, "DropdownNm":comboNm], STOP_ON_FAILURE): Call Test Case 'Test Cases/PFI Precision and Scale/HashMap Tables/PELists' successfully

2020-06-05 11:49:13 - [TEST_CASE][PASSED] - Test Cases/PFI Precision and Scale/HashMap Tables/PELists: Test Cases/PFI Precision and Scale/HashMap Tables/PELists

2020-06-05 11:49:13 - [TEST_STEP][PASSED] - Thread.sleep(1000): null

2020-06-05 11:49:14 - [TEST_STEP][PASSED] - PEListsTBL = ["0011":"QP-Formatted Address", "0012":"QP-0012", "0014":"QP-0014", "0015":"QP-0015", "0016":"QP-0016", "3214":"Dummy QP Name 3861", ... ]: null

2020-06-05 11:49:14 - [TEST_STEP][PASSED] - switch (DropdownNm): null

2020-06-05 11:49:14 - [TEST_STEP][PASSED] - case "PEName":: null

2020-06-05 11:49:14 - [TEST_STEP][PASSED] - ValueFound = PEListsTBL.find({ -> ... }): null

2020-06-05 11:49:14 - [TEST_STEP][PASSED] - break: null

2020-06-05 11:49:14 - [MESSAGE][PASSED] - Call Test Case 'Test Cases/PFI Precision and Scale/HashMap Tables/PELists' successfully

2020-06-05 11:49:14 - [TEST_STEP][PASSED] - println(ValueFound): null

2020-06-05 11:49:14 - [TEST_STEP][PASSED] - sendKeys(NewInputNmField, Keys.chord(ARROW_DOWN)): Keys 'DOWN + ' sent to object: 'Object Repository/Objects.HighlightElements/input_field'

2020-06-05 11:49:14 - [MESSAGE][PASSED] - Keys 'DOWN + ' sent to object: 'Object Repository/Objects.HighlightElements/input_field'

2020-06-05 11:49:14 - [TEST_STEP][PASSED] - sendKeys(NewInputNmField, Keys.chord(ARROW_DOWN)): Keys 'DOWN + ' sent to object: 'Object Repository/Objects.HighlightElements/input_field'

2020-06-05 11:49:14 - [MESSAGE][PASSED] - Keys 'DOWN + ' sent to object: 'Object Repository/Objects.HighlightElements/input_field'

2020-06-05 11:49:14 - [TEST_STEP][PASSED] - delay(DelayTime): Delayed 5 second(s)

2020-06-05 11:49:19 - [MESSAGE][PASSED] - Delayed 5 second(s)

2020-06-05 11:49:19 - [TEST_STEP][PASSED] - sendKeys(NewInputNmField, Keys.chord(ENTER)): Keys 'ENTER + ' sent to object: 'Object Repository/Objects.HighlightElements/input_field'

2020-06-05 11:49:19 - [MESSAGE][PASSED] - Keys 'ENTER + ' sent to object: 'Object Repository/Objects.HighlightElements/input_field'

2020-06-05 11:49:19 - [TEST_STEP][PASSED] - ComboBoxValue = getAttribute(NewInputNmField, "value"): Attribute 'value' of object 'Object Repository/Objects.HighlightElements/input_field' is: 'QP-0015'

2020-06-05 11:49:19 - [MESSAGE][PASSED] - Attribute 'value' of object 'Object Repository/Objects.HighlightElements/input_field' is: 'QP-0015'

2020-06-05 11:49:19 - [TEST_STEP][PASSED] - callTestCase(findTestCase(CallTCName), ["FindValue":ComboBoxValue, "DropdownNm":comboNm], STOP_ON_FAILURE): Call Test Case 'Test Cases/PFI Precision and Scale/HashMap Tables/PELists' successfully

2020-06-05 11:49:19 - [TEST_CASE][PASSED] - Test Cases/PFI Precision and Scale/HashMap Tables/PELists: Test Cases/PFI Precision and Scale/HashMap Tables/PELists

2020-06-05 11:49:19 - [TEST_STEP][PASSED] - Thread.sleep(1000): null

2020-06-05 11:49:20 - [TEST_STEP][PASSED] - PEListsTBL = ["0011":"QP-Formatted Address", "0012":"QP-0012", "0014":"QP-0014", "0015":"QP-0015", "0016":"QP-0016", "3214":"Dummy QP Name 3861", ... ]: null

2020-06-05 11:49:20 - [TEST_STEP][PASSED] - switch (DropdownNm): null

2020-06-05 11:49:20 - [TEST_STEP][PASSED] - case "PEName":: null

2020-06-05 11:49:20 - [TEST_STEP][PASSED] - ValueFound = PEListsTBL.find({ -> ... }): null

2020-06-05 11:49:20 - [TEST_STEP][PASSED] - break: null

2020-06-05 11:49:20 - [MESSAGE][PASSED] - Call Test Case 'Test Cases/PFI Precision and Scale/HashMap Tables/PELists' successfully

2020-06-05 11:49:20 - [TEST_STEP][PASSED] - println(ValueFound): null

2020-06-05 11:49:20 - [TEST_STEP][PASSED] - sendKeys(NewInputNmField, Keys.chord(ARROW_DOWN)): Keys 'DOWN + ' sent to object: 'Object Repository/Objects.HighlightElements/input_field'

2020-06-05 11:49:20 - [MESSAGE][PASSED] - Keys 'DOWN + ' sent to object: 'Object Repository/Objects.HighlightElements/input_field'

2020-06-05 11:49:20 - [TEST_STEP][PASSED] - sendKeys(NewInputNmField, Keys.chord(ARROW_DOWN)): Keys 'DOWN + ' sent to object: 'Object Repository/Objects.HighlightElements/input_field'

2020-06-05 11:49:20 - [MESSAGE][PASSED] - Keys 'DOWN + ' sent to object: 'Object Repository/Objects.HighlightElements/input_field'

2020-06-05 11:49:20 - [TEST_STEP][PASSED] - delay(DelayTime): Delayed 5 second(s)

2020-06-05 11:49:25 - [MESSAGE][PASSED] - Delayed 5 second(s)

2020-06-05 11:49:25 - [TEST_STEP][PASSED] - sendKeys(NewInputNmField, Keys.chord(ENTER)): Keys 'ENTER + ' sent to object: 'Object Repository/Objects.HighlightElements/input_field'

2020-06-05 11:49:25 - [MESSAGE][PASSED] - Keys 'ENTER + ' sent to object: 'Object Repository/Objects.HighlightElements/input_field'

2020-06-05 11:49:25 - [TEST_STEP][PASSED] - ComboBoxValue = getAttribute(NewInputNmField, "value"): Attribute 'value' of object 'Object Repository/Objects.HighlightElements/input_field' is: 'QP-0014'

2020-06-05 11:49:25 - [MESSAGE][PASSED] - Attribute 'value' of object 'Object Repository/Objects.HighlightElements/input_field' is: 'QP-0014'

2020-06-05 11:49:25 - [TEST_STEP][PASSED] - callTestCase(findTestCase(CallTCName), ["FindValue":ComboBoxValue, "DropdownNm":comboNm], STOP_ON_FAILURE): Call Test Case 'Test Cases/PFI Precision and Scale/HashMap Tables/PELists' successfully

2020-06-05 11:49:25 - [TEST_CASE][PASSED] - Test Cases/PFI Precision and Scale/HashMap Tables/PELists: Test Cases/PFI Precision and Scale/HashMap Tables/PELists

2020-06-05 11:49:25 - [TEST_STEP][PASSED] - Thread.sleep(1000): null

2020-06-05 11:49:26 - [TEST_STEP][PASSED] - PEListsTBL = ["0011":"QP-Formatted Address", "0012":"QP-0012", "0014":"QP-0014", "0015":"QP-0015", "0016":"QP-0016", "3214":"Dummy QP Name 3861", ... ]: null

2020-06-05 11:49:26 - [TEST_STEP][PASSED] - switch (DropdownNm): null

2020-06-05 11:49:26 - [TEST_STEP][PASSED] - case "PEName":: null

2020-06-05 11:49:26 - [TEST_STEP][PASSED] - ValueFound = PEListsTBL.find({ -> ... }): null

2020-06-05 11:49:26 - [TEST_STEP][PASSED] - break: null

2020-06-05 11:49:26 - [MESSAGE][PASSED] - Call Test Case 'Test Cases/PFI Precision and Scale/HashMap Tables/PELists' successfully

2020-06-05 11:49:26 - [TEST_STEP][PASSED] - println(ValueFound): null

2020-06-05 11:49:26 - [TEST_STEP][PASSED] - sendKeys(NewInputNmField, Keys.chord(ARROW_DOWN)): Keys 'DOWN + ' sent to object: 'Object Repository/Objects.HighlightElements/input_field'

2020-06-05 11:49:26 - [MESSAGE][PASSED] - Keys 'DOWN + ' sent to object: 'Object Repository/Objects.HighlightElements/input_field'

2020-06-05 11:49:26 - [TEST_STEP][PASSED] - sendKeys(NewInputNmField, Keys.chord(ARROW_DOWN)): Keys 'DOWN + ' sent to object: 'Object Repository/Objects.HighlightElements/input_field'

2020-06-05 11:49:26 - [MESSAGE][PASSED] - Keys 'DOWN + ' sent to object: 'Object Repository/Objects.HighlightElements/input_field'

2020-06-05 11:49:26 - [TEST_STEP][PASSED] - delay(DelayTime): Delayed 5 second(s)

2020-06-05 11:49:31 - [MESSAGE][PASSED] - Delayed 5 second(s)

2020-06-05 11:49:31 - [TEST_STEP][PASSED] - sendKeys(NewInputNmField, Keys.chord(ENTER)): Keys 'ENTER + ' sent to object: 'Object Repository/Objects.HighlightElements/input_field'

2020-06-05 11:49:31 - [MESSAGE][PASSED] - Keys 'ENTER + ' sent to object: 'Object Repository/Objects.HighlightElements/input_field'

2020-06-05 11:49:31 - [TEST_STEP][PASSED] - ComboBoxValue = getAttribute(NewInputNmField, "value"): Attribute 'value' of object 'Object Repository/Objects.HighlightElements/input_field' is: 'QP-0012'

2020-06-05 11:49:31 - [MESSAGE][PASSED] - Attribute 'value' of object 'Object Repository/Objects.HighlightElements/input_field' is: 'QP-0012'

2020-06-05 11:49:31 - [TEST_STEP][PASSED] - callTestCase(findTestCase(CallTCName), ["FindValue":ComboBoxValue, "DropdownNm":comboNm], STOP_ON_FAILURE): Call Test Case 'Test Cases/PFI Precision and Scale/HashMap Tables/PELists' successfully

2020-06-05 11:49:31 - [TEST_CASE][PASSED] - Test Cases/PFI Precision and Scale/HashMap Tables/PELists: Test Cases/PFI Precision and Scale/HashMap Tables/PELists

2020-06-05 11:49:31 - [TEST_STEP][PASSED] - Thread.sleep(1000): null

2020-06-05 11:49:32 - [TEST_STEP][PASSED] - PEListsTBL = ["0011":"QP-Formatted Address", "0012":"QP-0012", "0014":"QP-0014", "0015":"QP-0015", "0016":"QP-0016", "3214":"Dummy QP Name 3861", ... ]: null

2020-06-05 11:49:32 - [TEST_STEP][PASSED] - switch (DropdownNm): null

2020-06-05 11:49:32 - [TEST_STEP][PASSED] - case "PEName":: null

2020-06-05 11:49:32 - [TEST_STEP][PASSED] - ValueFound = PEListsTBL.find({ -> ... }): null

2020-06-05 11:49:32 - [TEST_STEP][PASSED] - break: null

2020-06-05 11:49:32 - [MESSAGE][PASSED] - Call Test Case 'Test Cases/PFI Precision and Scale/HashMap Tables/PELists' successfully

2020-06-05 11:49:32 - [TEST_STEP][PASSED] - println(ValueFound): null

2020-06-05 11:49:32 - [TEST_STEP][PASSED] - sendKeys(NewInputNmField, Keys.chord(ARROW_DOWN)): Keys 'DOWN + ' sent to object: 'Object Repository/Objects.HighlightElements/input_field'

2020-06-05 11:49:32 - [MESSAGE][PASSED] - Keys 'DOWN + ' sent to object: 'Object Repository/Objects.HighlightElements/input_field'

2020-06-05 11:49:32 - [TEST_STEP][PASSED] - sendKeys(NewInputNmField, Keys.chord(ARROW_DOWN)): Keys 'DOWN + ' sent to object: 'Object Repository/Objects.HighlightElements/input_field'

2020-06-05 11:49:33 - [MESSAGE][PASSED] - Keys 'DOWN + ' sent to object: 'Object Repository/Objects.HighlightElements/input_field'

2020-06-05 11:49:33 - [TEST_STEP][PASSED] - delay(DelayTime): Delayed 5 second(s)

2020-06-05 11:49:38 - [MESSAGE][PASSED] - Delayed 5 second(s)

2020-06-05 11:49:38 - [TEST_STEP][PASSED] - sendKeys(NewInputNmField, Keys.chord(ENTER)): Keys 'ENTER + ' sent to object: 'Object Repository/Objects.HighlightElements/input_field'

2020-06-05 11:49:38 - [MESSAGE][PASSED] - Keys 'ENTER + ' sent to object: 'Object Repository/Objects.HighlightElements/input_field'

2020-06-05 11:49:38 - [TEST_STEP][PASSED] - ComboBoxValue = getAttribute(NewInputNmField, "value"): Attribute 'value' of object 'Object Repository/Objects.HighlightElements/input_field' is: 'QP-Formatted Address'

2020-06-05 11:49:38 - [MESSAGE][PASSED] - Attribute 'value' of object 'Object Repository/Objects.HighlightElements/input_field' is: 'QP-Formatted Address'

2020-06-05 11:49:38 - [TEST_STEP][PASSED] - callTestCase(findTestCase(CallTCName), ["FindValue":ComboBoxValue, "DropdownNm":comboNm], STOP_ON_FAILURE): Call Test Case 'Test Cases/PFI Precision and Scale/HashMap Tables/PELists' successfully

2020-06-05 11:49:38 - [TEST_CASE][PASSED] - Test Cases/PFI Precision and Scale/HashMap Tables/PELists: Test Cases/PFI Precision and Scale/HashMap Tables/PELists

2020-06-05 11:49:38 - [TEST_STEP][PASSED] - Thread.sleep(1000): null

2020-06-05 11:49:39 - [TEST_STEP][PASSED] - PEListsTBL = ["0011":"QP-Formatted Address", "0012":"QP-0012", "0014":"QP-0014", "0015":"QP-0015", "0016":"QP-0016", "3214":"Dummy QP Name 3861", ... ]: null

2020-06-05 11:49:39 - [TEST_STEP][PASSED] - switch (DropdownNm): null

2020-06-05 11:49:39 - [TEST_STEP][PASSED] - case "PEName":: null

2020-06-05 11:49:39 - [TEST_STEP][PASSED] - ValueFound = PEListsTBL.find({ -> ... }): null

2020-06-05 11:49:39 - [TEST_STEP][PASSED] - break: null

2020-06-05 11:49:39 - [MESSAGE][PASSED] - Call Test Case 'Test Cases/PFI Precision and Scale/HashMap Tables/PELists' successfully

2020-06-05 11:49:39 - [TEST_STEP][PASSED] - println(ValueFound): null

2020-06-05 11:49:39 - [TEST_STEP][PASSED] - sendKeys(NewInputNmField, Keys.chord(ARROW_DOWN)): Keys 'DOWN + ' sent to object: 'Object Repository/Objects.HighlightElements/input_field'

2020-06-05 11:49:39 - [MESSAGE][PASSED] - Keys 'DOWN + ' sent to object: 'Object Repository/Objects.HighlightElements/input_field'

2020-06-05 11:49:39 - [TEST_STEP][PASSED] - sendKeys(NewInputNmField, Keys.chord(ARROW_DOWN)): Keys 'DOWN + ' sent to object: 'Object Repository/Objects.HighlightElements/input_field'

2020-06-05 11:49:39 - [MESSAGE][PASSED] - Keys 'DOWN + ' sent to object: 'Object Repository/Objects.HighlightElements/input_field'

2020-06-05 11:49:39 - [TEST_STEP][PASSED] - delay(DelayTime): Delayed 5 second(s)

2020-06-05 11:49:44 - [MESSAGE][PASSED] - Delayed 5 second(s)

2020-06-05 11:49:44 - [TEST_STEP][PASSED] - sendKeys(NewInputNmField, Keys.chord(ENTER)): Keys 'ENTER + ' sent to object: 'Object Repository/Objects.HighlightElements/input_field'

2020-06-05 11:49:44 - [MESSAGE][PASSED] - Keys 'ENTER + ' sent to object: 'Object Repository/Objects.HighlightElements/input_field'

2020-06-05 11:49:44 - [TEST_STEP][PASSED] - ComboBoxValue = getAttribute(NewInputNmField, "value"): Attribute 'value' of object 'Object Repository/Objects.HighlightElements/input_field' is: 'QP-7004'

2020-06-05 11:49:44 - [MESSAGE][PASSED] - Attribute 'value' of object 'Object Repository/Objects.HighlightElements/input_field' is: 'QP-7004'

2020-06-05 11:49:44 - [TEST_STEP][PASSED] - callTestCase(findTestCase(CallTCName), ["FindValue":ComboBoxValue, "DropdownNm":comboNm], STOP_ON_FAILURE): Call Test Case 'Test Cases/PFI Precision and Scale/HashMap Tables/PELists' successfully

2020-06-05 11:49:44 - [TEST_CASE][PASSED] - Test Cases/PFI Precision and Scale/HashMap Tables/PELists: Test Cases/PFI Precision and Scale/HashMap Tables/PELists

2020-06-05 11:49:44 - [TEST_STEP][PASSED] - Thread.sleep(1000): null

2020-06-05 11:49:45 - [TEST_STEP][PASSED] - PEListsTBL = ["0011":"QP-Formatted Address", "0012":"QP-0012", "0014":"QP-0014", "0015":"QP-0015", "0016":"QP-0016", "3214":"Dummy QP Name 3861", ... ]: null

2020-06-05 11:49:45 - [TEST_STEP][PASSED] - switch (DropdownNm): null

2020-06-05 11:49:45 - [TEST_STEP][PASSED] - case "PEName":: null

2020-06-05 11:49:45 - [TEST_STEP][PASSED] - ValueFound = PEListsTBL.find({ -> ... }): null

2020-06-05 11:49:45 - [TEST_STEP][PASSED] - break: null

2020-06-05 11:49:45 - [MESSAGE][PASSED] - Call Test Case 'Test Cases/PFI Precision and Scale/HashMap Tables/PELists' successfully

2020-06-05 11:49:45 - [TEST_STEP][PASSED] - println(ValueFound): null

2020-06-05 11:49:45 - [TEST_STEP][PASSED] - sendKeys(NewInputNmField, Keys.chord(ARROW_DOWN)): Keys 'DOWN + ' sent to object: 'Object Repository/Objects.HighlightElements/input_field'

2020-06-05 11:49:45 - [MESSAGE][PASSED] - Keys 'DOWN + ' sent to object: 'Object Repository/Objects.HighlightElements/input_field'

2020-06-05 11:49:45 - [TEST_STEP][PASSED] - sendKeys(NewInputNmField, Keys.chord(ARROW_DOWN)): Keys 'DOWN + ' sent to object: 'Object Repository/Objects.HighlightElements/input_field'

2020-06-05 11:49:45 - [MESSAGE][PASSED] - Keys 'DOWN + ' sent to object: 'Object Repository/Objects.HighlightElements/input_field'

2020-06-05 11:49:45 - [TEST_STEP][PASSED] - delay(DelayTime): Delayed 5 second(s)

2020-06-05 11:49:50 - [MESSAGE][PASSED] - Delayed 5 second(s)

2020-06-05 11:49:50 - [TEST_STEP][PASSED] - sendKeys(NewInputNmField, Keys.chord(ENTER)): Keys 'ENTER + ' sent to object: 'Object Repository/Objects.HighlightElements/input_field'

2020-06-05 11:49:50 - [MESSAGE][PASSED] - Keys 'ENTER + ' sent to object: 'Object Repository/Objects.HighlightElements/input_field'

2020-06-05 11:49:50 - [TEST_STEP][PASSED] - ComboBoxValue = getAttribute(NewInputNmField, "value"): Attribute 'value' of object 'Object Repository/Objects.HighlightElements/input_field' is: 'Janet Waters'

2020-06-05 11:49:50 - [MESSAGE][PASSED] - Attribute 'value' of object 'Object Repository/Objects.HighlightElements/input_field' is: 'Janet Waters'

2020-06-05 11:49:50 - [TEST_STEP][PASSED] - callTestCase(findTestCase(CallTCName), ["FindValue":ComboBoxValue, "DropdownNm":comboNm], STOP_ON_FAILURE): Call Test Case 'Test Cases/PFI Precision and Scale/HashMap Tables/PELists' successfully

2020-06-05 11:49:50 - [TEST_CASE][PASSED] - Test Cases/PFI Precision and Scale/HashMap Tables/PELists: Test Cases/PFI Precision and Scale/HashMap Tables/PELists

2020-06-05 11:49:50 - [TEST_STEP][PASSED] - Thread.sleep(1000): null

2020-06-05 11:49:51 - [TEST_STEP][PASSED] - PEListsTBL = ["0011":"QP-Formatted Address", "0012":"QP-0012", "0014":"QP-0014", "0015":"QP-0015", "0016":"QP-0016", "3214":"Dummy QP Name 3861", ... ]: null

2020-06-05 11:49:51 - [TEST_STEP][PASSED] - switch (DropdownNm): null

2020-06-05 11:49:51 - [TEST_STEP][PASSED] - case "PEName":: null

2020-06-05 11:49:51 - [TEST_STEP][PASSED] - ValueFound = PEListsTBL.find({ -> ... }): null

2020-06-05 11:49:51 - [TEST_STEP][PASSED] - break: null

2020-06-05 11:49:51 - [MESSAGE][PASSED] - Call Test Case 'Test Cases/PFI Precision and Scale/HashMap Tables/PELists' successfully

2020-06-05 11:49:51 - [TEST_STEP][PASSED] - println(ValueFound): null

2020-06-05 11:49:51 - [TEST_STEP][PASSED] - sendKeys(NewInputNmField, Keys.chord(ARROW_DOWN)): Keys 'DOWN + ' sent to object: 'Object Repository/Objects.HighlightElements/input_field'

2020-06-05 11:49:51 - [MESSAGE][PASSED] - Keys 'DOWN + ' sent to object: 'Object Repository/Objects.HighlightElements/input_field'

2020-06-05 11:49:51 - [TEST_STEP][PASSED] - sendKeys(NewInputNmField, Keys.chord(ARROW_DOWN)): Keys 'DOWN + ' sent to object: 'Object Repository/Objects.HighlightElements/input_field'

2020-06-05 11:49:51 - [MESSAGE][PASSED] - Keys 'DOWN + ' sent to object: 'Object Repository/Objects.HighlightElements/input_field'

2020-06-05 11:49:51 - [TEST_STEP][PASSED] - delay(DelayTime): Delayed 5 second(s)

2020-06-05 11:49:56 - [MESSAGE][PASSED] - Delayed 5 second(s)

2020-06-05 11:49:56 - [TEST_STEP][PASSED] - sendKeys(NewInputNmField, Keys.chord(ENTER)): Keys 'ENTER + ' sent to object: 'Object Repository/Objects.HighlightElements/input_field'

2020-06-05 11:49:56 - [MESSAGE][PASSED] - Keys 'ENTER + ' sent to object: 'Object Repository/Objects.HighlightElements/input_field'

2020-06-05 11:49:56 - [TEST_STEP][PASSED] - ComboBoxValue = getAttribute(NewInputNmField, "value"): Attribute 'value' of object 'Object Repository/Objects.HighlightElements/input_field' is: 'Mrs. Mikayla Romaguera Sr.'

2020-06-05 11:49:56 - [MESSAGE][PASSED] - Attribute 'value' of object 'Object Repository/Objects.HighlightElements/input_field' is: 'Mrs. Mikayla Romaguera Sr.'

2020-06-05 11:49:56 - [TEST_STEP][PASSED] - callTestCase(findTestCase(CallTCName), ["FindValue":ComboBoxValue, "DropdownNm":comboNm], STOP_ON_FAILURE): Call Test Case 'Test Cases/PFI Precision and Scale/HashMap Tables/PELists' successfully

2020-06-05 11:49:56 - [TEST_CASE][PASSED] - Test Cases/PFI Precision and Scale/HashMap Tables/PELists: Test Cases/PFI Precision and Scale/HashMap Tables/PELists

2020-06-05 11:49:56 - [TEST_STEP][PASSED] - Thread.sleep(1000): null

2020-06-05 11:49:57 - [TEST_STEP][PASSED] - PEListsTBL = ["0011":"QP-Formatted Address", "0012":"QP-0012", "0014":"QP-0014", "0015":"QP-0015", "0016":"QP-0016", "3214":"Dummy QP Name 3861", ... ]: null

2020-06-05 11:49:57 - [TEST_STEP][PASSED] - switch (DropdownNm): null

2020-06-05 11:49:57 - [TEST_STEP][PASSED] - case "PEName":: null

2020-06-05 11:49:57 - [TEST_STEP][PASSED] - ValueFound = PEListsTBL.find({ -> ... }): null

2020-06-05 11:49:57 - [TEST_STEP][PASSED] - break: null

2020-06-05 11:49:57 - [MESSAGE][PASSED] - Call Test Case 'Test Cases/PFI Precision and Scale/HashMap Tables/PELists' successfully

2020-06-05 11:49:57 - [TEST_STEP][PASSED] - println(ValueFound): null

2020-06-05 11:49:57 - [TEST_STEP][PASSED] - sendKeys(NewInputNmField, Keys.chord(ARROW_DOWN)): Keys 'DOWN + ' sent to object: 'Object Repository/Objects.HighlightElements/input_field'

2020-06-05 11:49:57 - [MESSAGE][PASSED] - Keys 'DOWN + ' sent to object: 'Object Repository/Objects.HighlightElements/input_field'

2020-06-05 11:49:57 - [TEST_STEP][PASSED] - sendKeys(NewInputNmField, Keys.chord(ENTER)): Keys 'ENTER + ' sent to object: 'Object Repository/Objects.HighlightElements/input_field'

2020-06-05 11:49:57 - [MESSAGE][PASSED] - Keys 'ENTER + ' sent to object: 'Object Repository/Objects.HighlightElements/input_field'

2020-06-05 11:49:57 - [MESSAGE][PASSED] - Call Test Case 'Test Cases/PFI Precision and Scale/PFI Components/VerifyDropdownValues' successfully

2020-06-05 11:49:57 - [TEST_STEP][PASSED] - callTestCase(findTestCase("Components/ClickCancelIcon"), [:], STOP_ON_FAILURE): Call Test Case 'Test Cases/Components/ClickCancelIcon' successfully

2020-06-05 11:49:57 - [TEST_CASE][PASSED] - Test Cases/Components/ClickCancelIcon: Test Cases/Components/ClickCancelIcon

2020-06-05 11:49:57 - [TEST_STEP][PASSED] - Thread.sleep(1000): null

2020-06-05 11:49:58 - [TEST_STEP][PASSED] - com.reusableComponents.HighlightElement.run(findTestObject("Object Repository/Objects.ActionButtons/Cancel_Icon")): com.reusableComponents.HighlightElement.run is PASSED

2020-06-05 11:49:59 - [MESSAGE][PASSED] - com.reusableComponents.HighlightElement.run is PASSED

2020-06-05 11:49:59 - [TEST_STEP][PASSED] - click(findTestObject("Object Repository/Objects.ActionButtons/Cancel_Icon")): Object: 'Object Repository/Objects.ActionButtons/Cancel_Icon' is clicked on

2020-06-05 11:49:59 - [MESSAGE][PASSED] - Object: 'Object Repository/Objects.ActionButtons/Cancel_Icon' is clicked on

2020-06-05 11:49:59 - [MESSAGE][PASSED] - Call Test Case 'Test Cases/Components/ClickCancelIcon' successfully

2020-06-05 11:49:59 - [TEST_STEP][NOT_RUN] - callTestCase(findTestCase("Components/Logout"), ["LogoutPageTextToBeVerified":findTestData("Datatable").getValue("HomeBanner", 2)], STOP_ON_FAILURE): NOT_RUN: callTestCase(findTestCase("Components/Logout"), ["LogoutPageTextToBeVerified":findTestData("Datatable").getValue("HomeBanner", 2)], STOP_ON_FAILURE)

2020-06-05 11:49:59 - [MESSAGE][NOT_RUN] - NOT_RUN: callTestCase(findTestCase("Components/Logout"), ["LogoutPageTextToBeVerified":findTestData("Datatable").getValue("HomeBanner", 2)], STOP_ON_FAILURE)]]></system-out>
         <system-err><![CDATA[]]></system-err>
      </testcase>
      <testcase name="Test Cases/PFI Precision and Scale/PFI Test Cases/Process Case (PFI)/PFI.D2FormsLHS" time="174.329" classname="Test Cases/PFI Precision and Scale/PFI Test Cases/Process Case (PFI)/PFI.D2FormsLHS" status="PASSED">
         <system-out><![CDATA[2020-06-05 11:49:59 - [TEST_CASE][PASSED] - Test Cases/PFI Precision and Scale/PFI Test Cases/Process Case (PFI)/PFI.D2FormsLHS: Test Cases/PFI Precision and Scale/PFI Test Cases/Process Case (PFI)/PFI.D2FormsLHS

2020-06-05 11:49:59 - [TEST_STEP][NOT_RUN] - callTestCase(findTestCase("Components/LoginV2.0"), ["LinkToBeUsed":findTestData("Datatable").getValue("URL", 16), "LoginPageTextToBeVerified":findTestData("Datatable").getValue("HomeBanner", 2), ... ], STOP_ON_FAILURE): NOT_RUN: callTestCase(findTestCase("Components/LoginV2.0"), ["LinkToBeUsed":findTestData("Datatable").getValue("URL", 16), "LoginPageTextToBeVerified":findTestData("Datatable").getValue("HomeBanner", 2), ... ], STOP_ON_FAILURE)

2020-06-05 11:49:59 - [MESSAGE][NOT_RUN] - NOT_RUN: callTestCase(findTestCase("Components/LoginV2.0"), ["LinkToBeUsed":findTestData("Datatable").getValue("URL", 16), "LoginPageTextToBeVerified":findTestData("Datatable").getValue("HomeBanner", 2), ... ], STOP_ON_FAILURE)

2020-06-05 11:49:59 - [TEST_STEP][NOT_RUN] - callTestCase(findTestCase("Components/Filter"), ["taskDescription":"Process Case (SM)"], STOP_ON_FAILURE): NOT_RUN: callTestCase(findTestCase("Components/Filter"), ["taskDescription":"Process Case (SM)"], STOP_ON_FAILURE)

2020-06-05 11:49:59 - [MESSAGE][NOT_RUN] - NOT_RUN: callTestCase(findTestCase("Components/Filter"), ["taskDescription":"Process Case (SM)"], STOP_ON_FAILURE)

2020-06-05 11:49:59 - [TEST_STEP][NOT_RUN] - callTestCase(findTestCase("Components/ClickLinkDependingOnTextAndIndex"), ["linkName":"Process Case (SM)", "index":"2"], STOP_ON_FAILURE): NOT_RUN: callTestCase(findTestCase("Components/ClickLinkDependingOnTextAndIndex"), ["linkName":"Process Case (SM)", "index":"2"], STOP_ON_FAILURE)

2020-06-05 11:49:59 - [MESSAGE][NOT_RUN] - NOT_RUN: callTestCase(findTestCase("Components/ClickLinkDependingOnTextAndIndex"), ["linkName":"Process Case (SM)", "index":"2"], STOP_ON_FAILURE)

2020-06-05 11:49:59 - [TEST_STEP][PASSED] - callTestCase(findTestCase("Components/NavigateToAnyLHS"), ["LHS":"D2 Forms (Second Stage)"], STOP_ON_FAILURE): Call Test Case 'Test Cases/Components/NavigateToAnyLHS' successfully

2020-06-05 11:49:59 - [TEST_CASE][PASSED] - Test Cases/Components/NavigateToAnyLHS: Test Cases/Components/NavigateToAnyLHS

2020-06-05 11:49:59 - [TEST_STEP][PASSED] - Thread.sleep(1000): null

2020-06-05 11:50:00 - [TEST_STEP][PASSED] - modifiedLHS = modifyObjectProperty(findTestObject("Objects.NavigateToAnyLHS/Page_ISPS2/LHSToModify"), "text", "equals", LHS, true): Modify property of object successfully

2020-06-05 11:50:00 - [MESSAGE][PASSED] - Modify property of object successfully

2020-06-05 11:50:00 - [TEST_STEP][PASSED] - click(modifiedLHS): Object: 'Object Repository/Objects.NavigateToAnyLHS/Page_ISPS2/LHSToModify' is clicked on

2020-06-05 11:50:00 - [MESSAGE][PASSED] - Object: 'Object Repository/Objects.NavigateToAnyLHS/Page_ISPS2/LHSToModify' is clicked on

2020-06-05 11:50:00 - [TEST_STEP][PASSED] - currentLHS = getText(modifiedLHS): Text of object 'Object Repository/Objects.NavigateToAnyLHS/Page_ISPS2/LHSToModify' is: 'D2 Forms (Second Stage)'

2020-06-05 11:50:00 - [MESSAGE][PASSED] - Text of object 'Object Repository/Objects.NavigateToAnyLHS/Page_ISPS2/LHSToModify' is: 'D2 Forms (Second Stage)'

2020-06-05 11:50:00 - [TEST_STEP][PASSED] - Thread.sleep(5000): null

2020-06-05 11:50:05 - [MESSAGE][PASSED] - Call Test Case 'Test Cases/Components/NavigateToAnyLHS' successfully

2020-06-05 11:50:05 - [TEST_STEP][PASSED] - callTestCase(findTestCase("Components/VerifyPageSuccessfullyLoadedII"), ["PageNm":"D Forms (Second Stage)"], STOP_ON_FAILURE): Call Test Case 'Test Cases/Components/VerifyPageSuccessfullyLoadedII' successfully

2020-06-05 11:50:05 - [TEST_CASE][PASSED] - Test Cases/Components/VerifyPageSuccessfullyLoadedII: Test Cases/Components/VerifyPageSuccessfullyLoadedII

2020-06-05 11:50:05 - [TEST_STEP][PASSED] - waitForPageLoad(5): Wait for page load successfully

2020-06-05 11:50:05 - [MESSAGE][PASSED] - Wait for page load successfully

2020-06-05 11:50:05 - [TEST_STEP][PASSED] - modifiedInputFld = modifyObjectProperty(findTestObject("Object Repository/Objects.VerifyPageSuccessfullyLoaded/PageHeaderIndex"), "xpath", "equals", "//*[contains(@class,'isps-page-title') and (text()='" + PageNm + "')]", true): Modify property of object successfully

2020-06-05 11:50:05 - [MESSAGE][PASSED] - Modify property of object successfully

2020-06-05 11:50:05 - [TEST_STEP][PASSED] - com.reusableComponents.HighlightElement.run(modifiedInputFld): com.reusableComponents.HighlightElement.run is PASSED

2020-06-05 11:50:06 - [MESSAGE][PASSED] - com.reusableComponents.HighlightElement.run is PASSED

2020-06-05 11:50:06 - [MESSAGE][PASSED] - Call Test Case 'Test Cases/Components/VerifyPageSuccessfullyLoadedII' successfully

2020-06-05 11:50:06 - [TEST_STEP][PASSED] - callTestCase(findTestCase("Components/ClickSubmitButton"), [:], STOP_ON_FAILURE): Call Test Case 'Test Cases/Components/ClickSubmitButton' successfully

2020-06-05 11:50:06 - [TEST_CASE][PASSED] - Test Cases/Components/ClickSubmitButton: Test Cases/Components/ClickSubmitButton

2020-06-05 11:50:06 - [TEST_STEP][PASSED] - Thread.sleep(1000): null

2020-06-05 11:50:07 - [TEST_STEP][PASSED] - com.reusableComponents.HighlightElement.run(findTestObject("Objects.ClickSubmitButton/XP_SubmitButton")): com.reusableComponents.HighlightElement.run is PASSED

2020-06-05 11:50:08 - [MESSAGE][PASSED] - com.reusableComponents.HighlightElement.run is PASSED

2020-06-05 11:50:08 - [TEST_STEP][PASSED] - click(findTestObject("Objects.ClickSubmitButton/XP_SubmitButton")): Object: 'Object Repository/Objects.ClickSubmitButton/XP_SubmitButton' is clicked on

2020-06-05 11:50:08 - [MESSAGE][PASSED] - Object: 'Object Repository/Objects.ClickSubmitButton/XP_SubmitButton' is clicked on

2020-06-05 11:50:08 - [MESSAGE][PASSED] - Call Test Case 'Test Cases/Components/ClickSubmitButton' successfully

2020-06-05 11:50:08 - [TEST_STEP][PASSED] - callTestCase(findTestCase("PFI Precision and Scale/PFI Components/RequiredFieldValidation"), ["nameToBeUsed":"d2RecvDt"], STOP_ON_FAILURE): Call Test Case 'Test Cases/PFI Precision and Scale/PFI Components/RequiredFieldValidation' successfully

2020-06-05 11:50:08 - [TEST_CASE][PASSED] - Test Cases/PFI Precision and Scale/PFI Components/RequiredFieldValidation: Test Cases/PFI Precision and Scale/PFI Components/RequiredFieldValidation

2020-06-05 11:50:08 - [TEST_STEP][PASSED] - Thread.sleep(1000): null

2020-06-05 11:50:09 - [TEST_STEP][PASSED] - NewInputNmField = modifyObjectProperty(findTestObject("Objects.HighlightElements/input_field"), "name", "equals", nameToBeUsed, true): Modify property of object successfully

2020-06-05 11:50:09 - [MESSAGE][PASSED] - Modify property of object successfully

2020-06-05 11:50:09 - [TEST_STEP][PASSED] - mouseOver(NewInputNmField): Object: 'Object Repository/Objects.HighlightElements/input_field' is hovered

2020-06-05 11:50:09 - [MESSAGE][PASSED] - Object: 'Object Repository/Objects.HighlightElements/input_field' is hovered

2020-06-05 11:50:09 - [TEST_STEP][PASSED] - getRqErrMsg = getAttribute(NewInputNmField, "data-errorqtip"): Attribute 'data-errorqtip' of object 'Object Repository/Objects.HighlightElements/input_field' is: '<ul class="x-list-plain"><li>This field is required</li></ul>'

2020-06-05 11:50:09 - [MESSAGE][PASSED] - Attribute 'data-errorqtip' of object 'Object Repository/Objects.HighlightElements/input_field' is: '<ul class="x-list-plain"><li>This field is required</li></ul>'

2020-06-05 11:50:09 - [TEST_STEP][PASSED] - strToolTip = getRqErrMsg.substring(29, 61): null

2020-06-05 11:50:09 - [TEST_STEP][PASSED] - toolTipReqErrMsg = strToolTip.substring(0, 22): null

2020-06-05 11:50:09 - [TEST_STEP][PASSED] - verifyMatch(toolTipReqErrMsg, RqField, true): Actual text 'This field is required' and expected text 'This field is required' are matched  using regular expression

2020-06-05 11:50:09 - [MESSAGE][PASSED] - Actual text 'This field is required' and expected text 'This field is required' are matched  using regular expression

2020-06-05 11:50:09 - [MESSAGE][PASSED] - Call Test Case 'Test Cases/PFI Precision and Scale/PFI Components/RequiredFieldValidation' successfully

2020-06-05 11:50:09 - [TEST_STEP][PASSED] - callTestCase(findTestCase("PFI Precision and Scale/PFI Components/RequiredFieldValidation"), ["nameToBeUsed":"d2ComplDt"], STOP_ON_FAILURE): Call Test Case 'Test Cases/PFI Precision and Scale/PFI Components/RequiredFieldValidation' successfully

2020-06-05 11:50:09 - [TEST_CASE][PASSED] - Test Cases/PFI Precision and Scale/PFI Components/RequiredFieldValidation: Test Cases/PFI Precision and Scale/PFI Components/RequiredFieldValidation

2020-06-05 11:50:09 - [TEST_STEP][PASSED] - Thread.sleep(1000): null

2020-06-05 11:50:10 - [TEST_STEP][PASSED] - NewInputNmField = modifyObjectProperty(findTestObject("Objects.HighlightElements/input_field"), "name", "equals", nameToBeUsed, true): Modify property of object successfully

2020-06-05 11:50:10 - [MESSAGE][PASSED] - Modify property of object successfully

2020-06-05 11:50:10 - [TEST_STEP][PASSED] - mouseOver(NewInputNmField): Object: 'Object Repository/Objects.HighlightElements/input_field' is hovered

2020-06-05 11:50:10 - [MESSAGE][PASSED] - Object: 'Object Repository/Objects.HighlightElements/input_field' is hovered

2020-06-05 11:50:10 - [TEST_STEP][PASSED] - getRqErrMsg = getAttribute(NewInputNmField, "data-errorqtip"): Attribute 'data-errorqtip' of object 'Object Repository/Objects.HighlightElements/input_field' is: '<ul class="x-list-plain"><li>This field is required</li></ul>'

2020-06-05 11:50:10 - [MESSAGE][PASSED] - Attribute 'data-errorqtip' of object 'Object Repository/Objects.HighlightElements/input_field' is: '<ul class="x-list-plain"><li>This field is required</li></ul>'

2020-06-05 11:50:10 - [TEST_STEP][PASSED] - strToolTip = getRqErrMsg.substring(29, 61): null

2020-06-05 11:50:10 - [TEST_STEP][PASSED] - toolTipReqErrMsg = strToolTip.substring(0, 22): null

2020-06-05 11:50:10 - [TEST_STEP][PASSED] - verifyMatch(toolTipReqErrMsg, RqField, true): Actual text 'This field is required' and expected text 'This field is required' are matched  using regular expression

2020-06-05 11:50:10 - [MESSAGE][PASSED] - Actual text 'This field is required' and expected text 'This field is required' are matched  using regular expression

2020-06-05 11:50:10 - [MESSAGE][PASSED] - Call Test Case 'Test Cases/PFI Precision and Scale/PFI Components/RequiredFieldValidation' successfully

2020-06-05 11:50:10 - [TEST_STEP][PASSED] - callTestCase(findTestCase("PFI Precision and Scale/PFI Components/RequiredFieldValidation"), ["nameToBeUsed":"d2aRecvDt"], STOP_ON_FAILURE): Call Test Case 'Test Cases/PFI Precision and Scale/PFI Components/RequiredFieldValidation' successfully

2020-06-05 11:50:10 - [TEST_CASE][PASSED] - Test Cases/PFI Precision and Scale/PFI Components/RequiredFieldValidation: Test Cases/PFI Precision and Scale/PFI Components/RequiredFieldValidation

2020-06-05 11:50:10 - [TEST_STEP][PASSED] - Thread.sleep(1000): null

2020-06-05 11:50:11 - [TEST_STEP][PASSED] - NewInputNmField = modifyObjectProperty(findTestObject("Objects.HighlightElements/input_field"), "name", "equals", nameToBeUsed, true): Modify property of object successfully

2020-06-05 11:50:11 - [MESSAGE][PASSED] - Modify property of object successfully

2020-06-05 11:50:11 - [TEST_STEP][PASSED] - mouseOver(NewInputNmField): Object: 'Object Repository/Objects.HighlightElements/input_field' is hovered

2020-06-05 11:50:12 - [MESSAGE][PASSED] - Object: 'Object Repository/Objects.HighlightElements/input_field' is hovered

2020-06-05 11:50:12 - [TEST_STEP][PASSED] - getRqErrMsg = getAttribute(NewInputNmField, "data-errorqtip"): Attribute 'data-errorqtip' of object 'Object Repository/Objects.HighlightElements/input_field' is: '<ul class="x-list-plain"><li>This field is required</li></ul>'

2020-06-05 11:50:12 - [MESSAGE][PASSED] - Attribute 'data-errorqtip' of object 'Object Repository/Objects.HighlightElements/input_field' is: '<ul class="x-list-plain"><li>This field is required</li></ul>'

2020-06-05 11:50:12 - [TEST_STEP][PASSED] - strToolTip = getRqErrMsg.substring(29, 61): null

2020-06-05 11:50:12 - [TEST_STEP][PASSED] - toolTipReqErrMsg = strToolTip.substring(0, 22): null

2020-06-05 11:50:12 - [TEST_STEP][PASSED] - verifyMatch(toolTipReqErrMsg, RqField, true): Actual text 'This field is required' and expected text 'This field is required' are matched  using regular expression

2020-06-05 11:50:12 - [MESSAGE][PASSED] - Actual text 'This field is required' and expected text 'This field is required' are matched  using regular expression

2020-06-05 11:50:12 - [MESSAGE][PASSED] - Call Test Case 'Test Cases/PFI Precision and Scale/PFI Components/RequiredFieldValidation' successfully

2020-06-05 11:50:12 - [TEST_STEP][PASSED] - callTestCase(findTestCase("PFI Precision and Scale/PFI Components/RequiredFieldValidation"), ["nameToBeUsed":"d2aComplDt"], STOP_ON_FAILURE): Call Test Case 'Test Cases/PFI Precision and Scale/PFI Components/RequiredFieldValidation' successfully

2020-06-05 11:50:12 - [TEST_CASE][PASSED] - Test Cases/PFI Precision and Scale/PFI Components/RequiredFieldValidation: Test Cases/PFI Precision and Scale/PFI Components/RequiredFieldValidation

2020-06-05 11:50:12 - [TEST_STEP][PASSED] - Thread.sleep(1000): null

2020-06-05 11:50:13 - [TEST_STEP][PASSED] - NewInputNmField = modifyObjectProperty(findTestObject("Objects.HighlightElements/input_field"), "name", "equals", nameToBeUsed, true): Modify property of object successfully

2020-06-05 11:50:13 - [MESSAGE][PASSED] - Modify property of object successfully

2020-06-05 11:50:13 - [TEST_STEP][PASSED] - mouseOver(NewInputNmField): Object: 'Object Repository/Objects.HighlightElements/input_field' is hovered

2020-06-05 11:50:13 - [MESSAGE][PASSED] - Object: 'Object Repository/Objects.HighlightElements/input_field' is hovered

2020-06-05 11:50:13 - [TEST_STEP][PASSED] - getRqErrMsg = getAttribute(NewInputNmField, "data-errorqtip"): Attribute 'data-errorqtip' of object 'Object Repository/Objects.HighlightElements/input_field' is: '<ul class="x-list-plain"><li>This field is required</li></ul>'

2020-06-05 11:50:13 - [MESSAGE][PASSED] - Attribute 'data-errorqtip' of object 'Object Repository/Objects.HighlightElements/input_field' is: '<ul class="x-list-plain"><li>This field is required</li></ul>'

2020-06-05 11:50:13 - [TEST_STEP][PASSED] - strToolTip = getRqErrMsg.substring(29, 61): null

2020-06-05 11:50:13 - [TEST_STEP][PASSED] - toolTipReqErrMsg = strToolTip.substring(0, 22): null

2020-06-05 11:50:13 - [TEST_STEP][PASSED] - verifyMatch(toolTipReqErrMsg, RqField, true): Actual text 'This field is required' and expected text 'This field is required' are matched  using regular expression

2020-06-05 11:50:13 - [MESSAGE][PASSED] - Actual text 'This field is required' and expected text 'This field is required' are matched  using regular expression

2020-06-05 11:50:13 - [MESSAGE][PASSED] - Call Test Case 'Test Cases/PFI Precision and Scale/PFI Components/RequiredFieldValidation' successfully

2020-06-05 11:50:13 - [TEST_STEP][PASSED] - callTestCase(findTestCase("PFI Precision and Scale/PFI Components/RequiredFieldValidation"), ["nameToBeUsed":"peRegNbr"], STOP_ON_FAILURE): Call Test Case 'Test Cases/PFI Precision and Scale/PFI Components/RequiredFieldValidation' successfully

2020-06-05 11:50:13 - [TEST_CASE][PASSED] - Test Cases/PFI Precision and Scale/PFI Components/RequiredFieldValidation: Test Cases/PFI Precision and Scale/PFI Components/RequiredFieldValidation

2020-06-05 11:50:13 - [TEST_STEP][PASSED] - Thread.sleep(1000): null

2020-06-05 11:50:14 - [TEST_STEP][PASSED] - NewInputNmField = modifyObjectProperty(findTestObject("Objects.HighlightElements/input_field"), "name", "equals", nameToBeUsed, true): Modify property of object successfully

2020-06-05 11:50:14 - [MESSAGE][PASSED] - Modify property of object successfully

2020-06-05 11:50:14 - [TEST_STEP][PASSED] - mouseOver(NewInputNmField): Object: 'Object Repository/Objects.HighlightElements/input_field' is hovered

2020-06-05 11:50:14 - [MESSAGE][PASSED] - Object: 'Object Repository/Objects.HighlightElements/input_field' is hovered

2020-06-05 11:50:14 - [TEST_STEP][PASSED] - getRqErrMsg = getAttribute(NewInputNmField, "data-errorqtip"): Attribute 'data-errorqtip' of object 'Object Repository/Objects.HighlightElements/input_field' is: '<ul class="x-list-plain"><li>This field is required</li></ul>'

2020-06-05 11:50:14 - [MESSAGE][PASSED] - Attribute 'data-errorqtip' of object 'Object Repository/Objects.HighlightElements/input_field' is: '<ul class="x-list-plain"><li>This field is required</li></ul>'

2020-06-05 11:50:14 - [TEST_STEP][PASSED] - strToolTip = getRqErrMsg.substring(29, 61): null

2020-06-05 11:50:14 - [TEST_STEP][PASSED] - toolTipReqErrMsg = strToolTip.substring(0, 22): null

2020-06-05 11:50:14 - [TEST_STEP][PASSED] - verifyMatch(toolTipReqErrMsg, RqField, true): Actual text 'This field is required' and expected text 'This field is required' are matched  using regular expression

2020-06-05 11:50:14 - [MESSAGE][PASSED] - Actual text 'This field is required' and expected text 'This field is required' are matched  using regular expression

2020-06-05 11:50:14 - [MESSAGE][PASSED] - Call Test Case 'Test Cases/PFI Precision and Scale/PFI Components/RequiredFieldValidation' successfully

2020-06-05 11:50:14 - [TEST_STEP][PASSED] - callTestCase(findTestCase("Components/HighlightLabelField"), ["LblName":"Inspection D2 Receive Date *:"], STOP_ON_FAILURE): Call Test Case 'Test Cases/Components/HighlightLabelField' successfully

2020-06-05 11:50:14 - [TEST_CASE][PASSED] - Test Cases/Components/HighlightLabelField: Test Cases/Components/HighlightLabelField

2020-06-05 11:50:14 - [TEST_STEP][PASSED] - Thread.sleep(1000): null

2020-06-05 11:50:15 - [TEST_STEP][PASSED] - modifiedLblNm = modifyObjectProperty(findTestObject("Objects.HighlightElements/lblField"), "text", "equals", LblName, true): Modify property of object successfully

2020-06-05 11:50:15 - [MESSAGE][PASSED] - Modify property of object successfully

2020-06-05 11:50:15 - [TEST_STEP][PASSED] - com.reusableComponents.HighlightElement.run(modifiedLblNm): com.reusableComponents.HighlightElement.run is PASSED

2020-06-05 11:50:16 - [MESSAGE][PASSED] - com.reusableComponents.HighlightElement.run is PASSED

2020-06-05 11:50:16 - [MESSAGE][PASSED] - Call Test Case 'Test Cases/Components/HighlightLabelField' successfully

2020-06-05 11:50:16 - [TEST_STEP][PASSED] - callTestCase(findTestCase("Components/HighlightInputField"), ["InputFldName":"d2RecvDt"], STOP_ON_FAILURE): Call Test Case 'Test Cases/Components/HighlightInputField' successfully

2020-06-05 11:50:16 - [TEST_CASE][PASSED] - Test Cases/Components/HighlightInputField: Test Cases/Components/HighlightInputField

2020-06-05 11:50:16 - [TEST_STEP][PASSED] - Thread.sleep(1000): null

2020-06-05 11:50:17 - [TEST_STEP][PASSED] - modifiedLblNm = modifyObjectProperty(findTestObject("Objects.HighlightElements/input_field"), "name", "equals", InputFldName, true): Modify property of object successfully

2020-06-05 11:50:17 - [MESSAGE][PASSED] - Modify property of object successfully

2020-06-05 11:50:17 - [TEST_STEP][PASSED] - com.reusableComponents.HighlightElement.run(modifiedLblNm): com.reusableComponents.HighlightElement.run is PASSED

2020-06-05 11:50:17 - [MESSAGE][PASSED] - com.reusableComponents.HighlightElement.run is PASSED

2020-06-05 11:50:17 - [MESSAGE][PASSED] - Call Test Case 'Test Cases/Components/HighlightInputField' successfully

2020-06-05 11:50:17 - [TEST_STEP][PASSED] - callTestCase(findTestCase("PFI Precision and Scale/PFI Components/NumericTextboxValidationII"), ["nameToBeUsed":"d2RecvDt", "minLen":5], STOP_ON_FAILURE): Call Test Case 'Test Cases/PFI Precision and Scale/PFI Components/NumericTextboxValidationII' successfully

2020-06-05 11:50:17 - [TEST_CASE][PASSED] - Test Cases/PFI Precision and Scale/PFI Components/NumericTextboxValidationII: Test Cases/PFI Precision and Scale/PFI Components/NumericTextboxValidationII

2020-06-05 11:50:17 - [TEST_STEP][PASSED] - Thread.sleep(1000): null

2020-06-05 11:50:18 - [TEST_STEP][PASSED] - Numeric = "0123456789": null

2020-06-05 11:50:18 - [TEST_STEP][PASSED] - AlphaSpecialChar = z) + "`~!@#$%^&*()=_{}|\][;'":,?><"".join(): null

2020-06-05 11:50:18 - [TEST_STEP][PASSED] - RandomNumeric = RandomStringUtils.random(minLen, Numeric.toCharArray()): null

2020-06-05 11:50:18 - [TEST_STEP][PASSED] - RandomString = RandomStringUtils.random(minLen, AlphaSpecialChar): null

2020-06-05 11:50:18 - [TEST_STEP][PASSED] - regexPat = Pattern.compile("^[0-9]+$"): null

2020-06-05 11:50:18 - [TEST_STEP][PASSED] - NewInputNmField = modifyObjectProperty(findTestObject("Objects.RemarksValidation/input_Remarks"), "name", "equals", nameToBeUsed, true): Modify property of object successfully

2020-06-05 11:50:18 - [MESSAGE][PASSED] - Modify property of object successfully

2020-06-05 11:50:18 - [TEST_STEP][PASSED] - focus(NewInputNmField): Object: 'Object Repository/Objects.RemarksValidation/input_Remarks' is focused

2020-06-05 11:50:18 - [MESSAGE][PASSED] - Object: 'Object Repository/Objects.RemarksValidation/input_Remarks' is focused

2020-06-05 11:50:18 - [TEST_STEP][PASSED] - setText(NewInputNmField, RandomString): Text 'TUmgJ' is set on object 'Object Repository/Objects.RemarksValidation/input_Remarks'

2020-06-05 11:50:18 - [MESSAGE][PASSED] - Text 'TUmgJ' is set on object 'Object Repository/Objects.RemarksValidation/input_Remarks'

2020-06-05 11:50:18 - [TEST_STEP][PASSED] - GetInputVal = getAttribute(NewInputNmField, "value"): Attribute 'value' of object 'Object Repository/Objects.RemarksValidation/input_Remarks' is: ''

2020-06-05 11:50:18 - [MESSAGE][PASSED] - Attribute 'value' of object 'Object Repository/Objects.RemarksValidation/input_Remarks' is: ''

2020-06-05 11:50:18 - [TEST_STEP][PASSED] - if (GetInputVal.contains("e")): null

2020-06-05 11:50:18 - [TEST_STEP][PASSED] - else: Actual text '' and expected text '' are matched  using regular expression

2020-06-05 11:50:18 - [TEST_STEP][PASSED] - verifyMatch(GetInputVal, "", true): Actual text '' and expected text '' are matched  using regular expression

2020-06-05 11:50:18 - [MESSAGE][PASSED] - Actual text '' and expected text '' are matched  using regular expression

2020-06-05 11:50:18 - [TEST_STEP][PASSED] - setText(NewInputNmField, RandomNumeric): Text '04698' is set on object 'Object Repository/Objects.RemarksValidation/input_Remarks'

2020-06-05 11:50:18 - [MESSAGE][PASSED] - Text '04698' is set on object 'Object Repository/Objects.RemarksValidation/input_Remarks'

2020-06-05 11:50:18 - [TEST_STEP][PASSED] - GetEnteredIntegers = getAttribute(NewInputNmField, "value"): Attribute 'value' of object 'Object Repository/Objects.RemarksValidation/input_Remarks' is: '04698'

2020-06-05 11:50:19 - [MESSAGE][PASSED] - Attribute 'value' of object 'Object Repository/Objects.RemarksValidation/input_Remarks' is: '04698'

2020-06-05 11:50:19 - [TEST_STEP][PASSED] - matchStr = regexPat.matcher(GetEnteredIntegers): null

2020-06-05 11:50:19 - [TEST_STEP][PASSED] - if (matchStr.matches() == true): Accepting Numeric

2020-06-05 11:50:19 - [TEST_STEP][PASSED] - comment("Accepting Numeric"): Accepting Numeric

2020-06-05 11:50:19 - [MESSAGE][INFO] - Accepting Numeric

2020-06-05 11:50:19 - [MESSAGE][PASSED] - Call Test Case 'Test Cases/PFI Precision and Scale/PFI Components/NumericTextboxValidationII' successfully

2020-06-05 11:50:19 - [TEST_STEP][PASSED] - callTestCase(findTestCase("PFI Precision and Scale/PFI Components/InvalidDateErrorValidation"), ["FldNm":"d2RecvDt"], STOP_ON_FAILURE): Call Test Case 'Test Cases/PFI Precision and Scale/PFI Components/InvalidDateErrorValidation' successfully

2020-06-05 11:50:19 - [TEST_CASE][PASSED] - Test Cases/PFI Precision and Scale/PFI Components/InvalidDateErrorValidation: Test Cases/PFI Precision and Scale/PFI Components/InvalidDateErrorValidation

2020-06-05 11:50:19 - [TEST_STEP][PASSED] - Thread.sleep(1000): null

2020-06-05 11:50:20 - [TEST_STEP][PASSED] - DateFieldNm = modifyObjectProperty(findTestObject("Object Repository/Objects.DateValidation/Page_ISPS2/input__orderDt"), "name", "equals", FldNm, true): Modify property of object successfully

2020-06-05 11:50:20 - [MESSAGE][PASSED] - Modify property of object successfully

2020-06-05 11:50:20 - [TEST_STEP][PASSED] - focus(DateFieldNm): Object: 'Object Repository/Objects.DateValidation/Page_ISPS2/input__orderDt' is focused

2020-06-05 11:50:20 - [MESSAGE][PASSED] - Object: 'Object Repository/Objects.DateValidation/Page_ISPS2/input__orderDt' is focused

2020-06-05 11:50:20 - [TEST_STEP][PASSED] - getInputInvalidDate = getAttribute(DateFieldNm, "value"): Attribute 'value' of object 'Object Repository/Objects.DateValidation/Page_ISPS2/input__orderDt' is: '04698'

2020-06-05 11:50:20 - [MESSAGE][PASSED] - Attribute 'value' of object 'Object Repository/Objects.DateValidation/Page_ISPS2/input__orderDt' is: '04698'

2020-06-05 11:50:20 - [TEST_STEP][PASSED] - mouseOver(DateFieldNm): Object: 'Object Repository/Objects.DateValidation/Page_ISPS2/input__orderDt' is hovered

2020-06-05 11:50:20 - [MESSAGE][PASSED] - Object: 'Object Repository/Objects.DateValidation/Page_ISPS2/input__orderDt' is hovered

2020-06-05 11:50:20 - [TEST_STEP][PASSED] - getErrMsg = getAttribute(DateFieldNm, "data-errorqtip"): Attribute 'data-errorqtip' of object 'Object Repository/Objects.DateValidation/Page_ISPS2/input__orderDt' is: '<ul class="x-list-plain"><li>04698 is not a valid date - it must be in the format d/m/Y</li></ul>'

2020-06-05 11:50:20 - [MESSAGE][PASSED] - Attribute 'data-errorqtip' of object 'Object Repository/Objects.DateValidation/Page_ISPS2/input__orderDt' is: '<ul class="x-list-plain"><li>04698 is not a valid date - it must be in the format d/m/Y</li></ul>'

2020-06-05 11:50:20 - [TEST_STEP][PASSED] - getTotalLength = getErrMsg.length(): null

2020-06-05 11:50:20 - [TEST_STEP][PASSED] - RemoveULClass = getErrMsg.substring(29, getTotalLength): null

2020-06-05 11:50:20 - [TEST_STEP][PASSED] - LengthNoUlClass = RemoveULClass.length() - 10: null

2020-06-05 11:50:20 - [TEST_STEP][PASSED] - ToolTipInvErrMsg = RemoveULClass.substring(0, LengthNoUlClass): null

2020-06-05 11:50:20 - [TEST_STEP][PASSED] - ExpectedInvalidErrMsg = concatenate(getInputInvalidDate, " ", NotValidDt): Concatenated string array: '['04698',' ','is not a valid date - it must be in the format d/m/Y']' into '04698 is not a valid date - it must be in the format d/m/Y'

2020-06-05 11:50:20 - [MESSAGE][PASSED] - Concatenated string array: '['04698',' ','is not a valid date - it must be in the format d/m/Y']' into '04698 is not a valid date - it must be in the format d/m/Y'

2020-06-05 11:50:20 - [TEST_STEP][PASSED] - verifyMatch(ToolTipInvErrMsg, ExpectedInvalidErrMsg, true): Actual text '04698 is not a valid date - it must be in the format d/m/Y' and expected text '04698 is not a valid date - it must be in the format d/m/Y' are matched  using regular expression

2020-06-05 11:50:20 - [MESSAGE][PASSED] - Actual text '04698 is not a valid date - it must be in the format d/m/Y' and expected text '04698 is not a valid date - it must be in the format d/m/Y' are matched  using regular expression

2020-06-05 11:50:20 - [MESSAGE][PASSED] - Call Test Case 'Test Cases/PFI Precision and Scale/PFI Components/InvalidDateErrorValidation' successfully

2020-06-05 11:50:20 - [TEST_STEP][PASSED] - callTestCase(findTestCase("PFI Precision and Scale/PFI Components with Indexing/SelectDayInDatePickerWithIndex"), ["FldNm":"d2RecvDt", "SelectCurrentDay":"11", "index":1], STOP_ON_FAILURE): Call Test Case 'Test Cases/PFI Precision and Scale/PFI Components with Indexing/SelectDayInDatePickerWithIndex' successfully

2020-06-05 11:50:20 - [TEST_CASE][PASSED] - Test Cases/PFI Precision and Scale/PFI Components with Indexing/SelectDayInDatePickerWithIndex: Test Cases/PFI Precision and Scale/PFI Components with Indexing/SelectDayInDatePickerWithIndex

2020-06-05 11:50:20 - [TEST_STEP][PASSED] - Thread.sleep(1000): null

2020-06-05 11:50:21 - [TEST_STEP][PASSED] - DateFieldNm = modifyObjectProperty(findTestObject("Objects.HighlightElements/input_field"), "name", "equals", FldNm, true): Modify property of object successfully

2020-06-05 11:50:21 - [MESSAGE][PASSED] - Modify property of object successfully

2020-06-05 11:50:21 - [TEST_STEP][PASSED] - ModifyDay = modifyObjectProperty(findTestObject("Objects.DateValidation/Page_ISPS2/Select_Day_Index"), "xpath", "equals", "(//*[contains(@class, 'x-datepicker-date') and (text() = '" + SelectCurrentDay + "')])[" + index + "]", true): Modify property of object successfully

2020-06-05 11:50:21 - [MESSAGE][PASSED] - Modify property of object successfully

2020-06-05 11:50:21 - [TEST_STEP][PASSED] - sendKeys(DateFieldNm, Keys.chord(ARROW_DOWN)): Keys 'DOWN + ' sent to object: 'Object Repository/Objects.HighlightElements/input_field'

2020-06-05 11:50:21 - [MESSAGE][PASSED] - Keys 'DOWN + ' sent to object: 'Object Repository/Objects.HighlightElements/input_field'

2020-06-05 11:50:21 - [TEST_STEP][PASSED] - com.reusableComponents.HighlightElement.run(ModifyDay): com.reusableComponents.HighlightElement.run is PASSED

2020-06-05 11:50:22 - [MESSAGE][PASSED] - com.reusableComponents.HighlightElement.run is PASSED

2020-06-05 11:50:22 - [TEST_STEP][PASSED] - delay(1): Delayed 1 second(s)

2020-06-05 11:50:23 - [MESSAGE][PASSED] - Delayed 1 second(s)

2020-06-05 11:50:23 - [TEST_STEP][PASSED] - click(ModifyDay): Object: 'Object Repository/Objects.DateValidation/Page_ISPS2/Select_Day_Index' is clicked on

2020-06-05 11:50:23 - [MESSAGE][PASSED] - Object: 'Object Repository/Objects.DateValidation/Page_ISPS2/Select_Day_Index' is clicked on

2020-06-05 11:50:23 - [TEST_STEP][PASSED] - GetError = getAttribute(DateFieldNm, "data-errorqtip"): Attribute 'data-errorqtip' of object 'Object Repository/Objects.HighlightElements/input_field' is: ''

2020-06-05 11:50:23 - [MESSAGE][PASSED] - Attribute 'data-errorqtip' of object 'Object Repository/Objects.HighlightElements/input_field' is: ''

2020-06-05 11:50:23 - [TEST_STEP][PASSED] - if (GetError == ""): Date Format is valid

2020-06-05 11:50:23 - [TEST_STEP][PASSED] - GetEnteredDate = getAttribute(DateFieldNm, "value"): Attribute 'value' of object 'Object Repository/Objects.HighlightElements/input_field' is: '11/06/2020'

2020-06-05 11:50:23 - [MESSAGE][PASSED] - Attribute 'value' of object 'Object Repository/Objects.HighlightElements/input_field' is: '11/06/2020'

2020-06-05 11:50:23 - [TEST_STEP][PASSED] - DatePattern = Pattern.compile("^(1[0-2]|0[1-9])/(3[01]|[12][0-9]|0[1-9])/[0-9]{4}$"): null

2020-06-05 11:50:23 - [TEST_STEP][PASSED] - VerifyDateFormat = DatePattern.matcher(GetEnteredDate): null

2020-06-05 11:50:23 - [TEST_STEP][PASSED] - if (VerifyDateFormat.matches() == true): Date Format is valid

2020-06-05 11:50:23 - [TEST_STEP][PASSED] - comment("Date Format is valid"): Date Format is valid

2020-06-05 11:50:23 - [MESSAGE][INFO] - Date Format is valid

2020-06-05 11:50:23 - [MESSAGE][PASSED] - Call Test Case 'Test Cases/PFI Precision and Scale/PFI Components with Indexing/SelectDayInDatePickerWithIndex' successfully

2020-06-05 11:50:23 - [TEST_STEP][PASSED] - callTestCase(findTestCase("PFI Precision and Scale/PFI Components/SelectTodayInDatePicker"), ["FldNm":"d2RecvDt", "index":"1"], STOP_ON_FAILURE): Call Test Case 'Test Cases/PFI Precision and Scale/PFI Components/SelectTodayInDatePicker' successfully

2020-06-05 11:50:23 - [TEST_CASE][PASSED] - Test Cases/PFI Precision and Scale/PFI Components/SelectTodayInDatePicker: Test Cases/PFI Precision and Scale/PFI Components/SelectTodayInDatePicker

2020-06-05 11:50:23 - [TEST_STEP][PASSED] - Thread.sleep(1000): null

2020-06-05 11:50:24 - [TEST_STEP][PASSED] - date = new java.util.Date(): null

2020-06-05 11:50:24 - [TEST_STEP][PASSED] - CurrentDate = new java.text.SimpleDateFormat(dd/MM/yyyy): null

2020-06-05 11:50:24 - [TEST_STEP][PASSED] - TodayDate = CurrentDate.format(date): null

2020-06-05 11:50:24 - [TEST_STEP][PASSED] - DateFieldNm = modifyObjectProperty(findTestObject("Object Repository/Objects.DateValidation/Page_ISPS2/input__orderDt"), "name", "equals", FldNm, true): Modify property of object successfully

2020-06-05 11:50:24 - [MESSAGE][PASSED] - Modify property of object successfully

2020-06-05 11:50:24 - [TEST_STEP][PASSED] - TodayBtn = modifyObjectProperty(findTestObject("Object Repository/Objects.DateValidation/Page_ISPS2/a_Today"), "xpath", "equals", "(//*[text() = 'Today'])[" + index + "]", true): Modify property of object successfully

2020-06-05 11:50:24 - [MESSAGE][PASSED] - Modify property of object successfully

2020-06-05 11:50:24 - [TEST_STEP][PASSED] - sendKeys(DateFieldNm, Keys.chord(ARROW_DOWN)): Keys 'DOWN + ' sent to object: 'Object Repository/Objects.DateValidation/Page_ISPS2/input__orderDt'

2020-06-05 11:50:24 - [MESSAGE][PASSED] - Keys 'DOWN + ' sent to object: 'Object Repository/Objects.DateValidation/Page_ISPS2/input__orderDt'

2020-06-05 11:50:24 - [TEST_STEP][PASSED] - com.reusableComponents.HighlightElement.run(TodayBtn): com.reusableComponents.HighlightElement.run is PASSED

2020-06-05 11:50:24 - [MESSAGE][PASSED] - com.reusableComponents.HighlightElement.run is PASSED

2020-06-05 11:50:24 - [TEST_STEP][PASSED] - click(TodayBtn): Object: 'Object Repository/Objects.DateValidation/Page_ISPS2/a_Today' is clicked on

2020-06-05 11:50:24 - [MESSAGE][PASSED] - Object: 'Object Repository/Objects.DateValidation/Page_ISPS2/a_Today' is clicked on

2020-06-05 11:50:24 - [TEST_STEP][PASSED] - GetEnteredDate = getAttribute(DateFieldNm, "value"): Attribute 'value' of object 'Object Repository/Objects.DateValidation/Page_ISPS2/input__orderDt' is: '05/06/2020'

2020-06-05 11:50:24 - [MESSAGE][PASSED] - Attribute 'value' of object 'Object Repository/Objects.DateValidation/Page_ISPS2/input__orderDt' is: '05/06/2020'

2020-06-05 11:50:24 - [TEST_STEP][PASSED] - verifyMatch(GetEnteredDate, TodayDate, true): Actual text '05/06/2020' and expected text '05/06/2020' are matched  using regular expression

2020-06-05 11:50:24 - [MESSAGE][PASSED] - Actual text '05/06/2020' and expected text '05/06/2020' are matched  using regular expression

2020-06-05 11:50:24 - [MESSAGE][PASSED] - Call Test Case 'Test Cases/PFI Precision and Scale/PFI Components/SelectTodayInDatePicker' successfully

2020-06-05 11:50:24 - [TEST_STEP][PASSED] - callTestCase(findTestCase("Components/HighlightLabelField"), ["LblName":"Inspection D2 Compliance Date *:"], STOP_ON_FAILURE): Call Test Case 'Test Cases/Components/HighlightLabelField' successfully

2020-06-05 11:50:25 - [TEST_CASE][PASSED] - Test Cases/Components/HighlightLabelField: Test Cases/Components/HighlightLabelField

2020-06-05 11:50:25 - [TEST_STEP][PASSED] - Thread.sleep(1000): null

2020-06-05 11:50:26 - [TEST_STEP][PASSED] - modifiedLblNm = modifyObjectProperty(findTestObject("Objects.HighlightElements/lblField"), "text", "equals", LblName, true): Modify property of object successfully

2020-06-05 11:50:26 - [MESSAGE][PASSED] - Modify property of object successfully

2020-06-05 11:50:26 - [TEST_STEP][PASSED] - com.reusableComponents.HighlightElement.run(modifiedLblNm): com.reusableComponents.HighlightElement.run is PASSED

2020-06-05 11:50:26 - [MESSAGE][PASSED] - com.reusableComponents.HighlightElement.run is PASSED

2020-06-05 11:50:26 - [MESSAGE][PASSED] - Call Test Case 'Test Cases/Components/HighlightLabelField' successfully

2020-06-05 11:50:26 - [TEST_STEP][PASSED] - callTestCase(findTestCase("Components/HighlightInputField"), ["InputFldName":"d2ComplDt"], STOP_ON_FAILURE): Call Test Case 'Test Cases/Components/HighlightInputField' successfully

2020-06-05 11:50:26 - [TEST_CASE][PASSED] - Test Cases/Components/HighlightInputField: Test Cases/Components/HighlightInputField

2020-06-05 11:50:26 - [TEST_STEP][PASSED] - Thread.sleep(1000): null

2020-06-05 11:50:27 - [TEST_STEP][PASSED] - modifiedLblNm = modifyObjectProperty(findTestObject("Objects.HighlightElements/input_field"), "name", "equals", InputFldName, true): Modify property of object successfully

2020-06-05 11:50:27 - [MESSAGE][PASSED] - Modify property of object successfully

2020-06-05 11:50:27 - [TEST_STEP][PASSED] - com.reusableComponents.HighlightElement.run(modifiedLblNm): com.reusableComponents.HighlightElement.run is PASSED

2020-06-05 11:50:28 - [MESSAGE][PASSED] - com.reusableComponents.HighlightElement.run is PASSED

2020-06-05 11:50:28 - [MESSAGE][PASSED] - Call Test Case 'Test Cases/Components/HighlightInputField' successfully

2020-06-05 11:50:28 - [TEST_STEP][PASSED] - callTestCase(findTestCase("PFI Precision and Scale/PFI Components/NumericTextboxValidationII"), ["nameToBeUsed":"d2ComplDt", "minLen":6], STOP_ON_FAILURE): Call Test Case 'Test Cases/PFI Precision and Scale/PFI Components/NumericTextboxValidationII' successfully

2020-06-05 11:50:28 - [TEST_CASE][PASSED] - Test Cases/PFI Precision and Scale/PFI Components/NumericTextboxValidationII: Test Cases/PFI Precision and Scale/PFI Components/NumericTextboxValidationII

2020-06-05 11:50:28 - [TEST_STEP][PASSED] - Thread.sleep(1000): null

2020-06-05 11:50:29 - [TEST_STEP][PASSED] - Numeric = "0123456789": null

2020-06-05 11:50:29 - [TEST_STEP][PASSED] - AlphaSpecialChar = z) + "`~!@#$%^&*()=_{}|\][;'":,?><"".join(): null

2020-06-05 11:50:29 - [TEST_STEP][PASSED] - RandomNumeric = RandomStringUtils.random(minLen, Numeric.toCharArray()): null

2020-06-05 11:50:29 - [TEST_STEP][PASSED] - RandomString = RandomStringUtils.random(minLen, AlphaSpecialChar): null

2020-06-05 11:50:29 - [TEST_STEP][PASSED] - regexPat = Pattern.compile("^[0-9]+$"): null

2020-06-05 11:50:29 - [TEST_STEP][PASSED] - NewInputNmField = modifyObjectProperty(findTestObject("Objects.RemarksValidation/input_Remarks"), "name", "equals", nameToBeUsed, true): Modify property of object successfully

2020-06-05 11:50:29 - [MESSAGE][PASSED] - Modify property of object successfully

2020-06-05 11:50:29 - [TEST_STEP][PASSED] - focus(NewInputNmField): Object: 'Object Repository/Objects.RemarksValidation/input_Remarks' is focused

2020-06-05 11:50:29 - [MESSAGE][PASSED] - Object: 'Object Repository/Objects.RemarksValidation/input_Remarks' is focused

2020-06-05 11:50:29 - [TEST_STEP][PASSED] - setText(NewInputNmField, RandomString): Text 'TeQn"<' is set on object 'Object Repository/Objects.RemarksValidation/input_Remarks'

2020-06-05 11:50:29 - [MESSAGE][PASSED] - Text 'TeQn"<' is set on object 'Object Repository/Objects.RemarksValidation/input_Remarks'

2020-06-05 11:50:29 - [TEST_STEP][PASSED] - GetInputVal = getAttribute(NewInputNmField, "value"): Attribute 'value' of object 'Object Repository/Objects.RemarksValidation/input_Remarks' is: ''

2020-06-05 11:50:29 - [MESSAGE][PASSED] - Attribute 'value' of object 'Object Repository/Objects.RemarksValidation/input_Remarks' is: ''

2020-06-05 11:50:29 - [TEST_STEP][PASSED] - if (GetInputVal.contains("e")): null

2020-06-05 11:50:29 - [TEST_STEP][PASSED] - else: Actual text '' and expected text '' are matched  using regular expression

2020-06-05 11:50:29 - [TEST_STEP][PASSED] - verifyMatch(GetInputVal, "", true): Actual text '' and expected text '' are matched  using regular expression

2020-06-05 11:50:29 - [MESSAGE][PASSED] - Actual text '' and expected text '' are matched  using regular expression

2020-06-05 11:50:29 - [TEST_STEP][PASSED] - setText(NewInputNmField, RandomNumeric): Text '879720' is set on object 'Object Repository/Objects.RemarksValidation/input_Remarks'

2020-06-05 11:50:29 - [MESSAGE][PASSED] - Text '879720' is set on object 'Object Repository/Objects.RemarksValidation/input_Remarks'

2020-06-05 11:50:29 - [TEST_STEP][PASSED] - GetEnteredIntegers = getAttribute(NewInputNmField, "value"): Attribute 'value' of object 'Object Repository/Objects.RemarksValidation/input_Remarks' is: '879720'

2020-06-05 11:50:29 - [MESSAGE][PASSED] - Attribute 'value' of object 'Object Repository/Objects.RemarksValidation/input_Remarks' is: '879720'

2020-06-05 11:50:29 - [TEST_STEP][PASSED] - matchStr = regexPat.matcher(GetEnteredIntegers): null

2020-06-05 11:50:29 - [TEST_STEP][PASSED] - if (matchStr.matches() == true): Accepting Numeric

2020-06-05 11:50:29 - [TEST_STEP][PASSED] - comment("Accepting Numeric"): Accepting Numeric

2020-06-05 11:50:29 - [MESSAGE][INFO] - Accepting Numeric

2020-06-05 11:50:29 - [MESSAGE][PASSED] - Call Test Case 'Test Cases/PFI Precision and Scale/PFI Components/NumericTextboxValidationII' successfully

2020-06-05 11:50:29 - [TEST_STEP][PASSED] - callTestCase(findTestCase("PFI Precision and Scale/PFI Components/InvalidDateErrorValidation"), ["FldNm":"d2ComplDt"], STOP_ON_FAILURE): Call Test Case 'Test Cases/PFI Precision and Scale/PFI Components/InvalidDateErrorValidation' successfully

2020-06-05 11:50:29 - [TEST_CASE][PASSED] - Test Cases/PFI Precision and Scale/PFI Components/InvalidDateErrorValidation: Test Cases/PFI Precision and Scale/PFI Components/InvalidDateErrorValidation

2020-06-05 11:50:29 - [TEST_STEP][PASSED] - Thread.sleep(1000): null

2020-06-05 11:50:30 - [TEST_STEP][PASSED] - DateFieldNm = modifyObjectProperty(findTestObject("Object Repository/Objects.DateValidation/Page_ISPS2/input__orderDt"), "name", "equals", FldNm, true): Modify property of object successfully

2020-06-05 11:50:30 - [MESSAGE][PASSED] - Modify property of object successfully

2020-06-05 11:50:30 - [TEST_STEP][PASSED] - focus(DateFieldNm): Object: 'Object Repository/Objects.DateValidation/Page_ISPS2/input__orderDt' is focused

2020-06-05 11:50:30 - [MESSAGE][PASSED] - Object: 'Object Repository/Objects.DateValidation/Page_ISPS2/input__orderDt' is focused

2020-06-05 11:50:30 - [TEST_STEP][PASSED] - getInputInvalidDate = getAttribute(DateFieldNm, "value"): Attribute 'value' of object 'Object Repository/Objects.DateValidation/Page_ISPS2/input__orderDt' is: '879720'

2020-06-05 11:50:30 - [MESSAGE][PASSED] - Attribute 'value' of object 'Object Repository/Objects.DateValidation/Page_ISPS2/input__orderDt' is: '879720'

2020-06-05 11:50:30 - [TEST_STEP][PASSED] - mouseOver(DateFieldNm): Object: 'Object Repository/Objects.DateValidation/Page_ISPS2/input__orderDt' is hovered

2020-06-05 11:50:30 - [MESSAGE][PASSED] - Object: 'Object Repository/Objects.DateValidation/Page_ISPS2/input__orderDt' is hovered

2020-06-05 11:50:30 - [TEST_STEP][PASSED] - getErrMsg = getAttribute(DateFieldNm, "data-errorqtip"): Attribute 'data-errorqtip' of object 'Object Repository/Objects.DateValidation/Page_ISPS2/input__orderDt' is: '<ul class="x-list-plain"><li>879720 is not a valid date - it must be in the format d/m/Y</li></ul>'

2020-06-05 11:50:30 - [MESSAGE][PASSED] - Attribute 'data-errorqtip' of object 'Object Repository/Objects.DateValidation/Page_ISPS2/input__orderDt' is: '<ul class="x-list-plain"><li>879720 is not a valid date - it must be in the format d/m/Y</li></ul>'

2020-06-05 11:50:30 - [TEST_STEP][PASSED] - getTotalLength = getErrMsg.length(): null

2020-06-05 11:50:30 - [TEST_STEP][PASSED] - RemoveULClass = getErrMsg.substring(29, getTotalLength): null

2020-06-05 11:50:30 - [TEST_STEP][PASSED] - LengthNoUlClass = RemoveULClass.length() - 10: null

2020-06-05 11:50:30 - [TEST_STEP][PASSED] - ToolTipInvErrMsg = RemoveULClass.substring(0, LengthNoUlClass): null

2020-06-05 11:50:30 - [TEST_STEP][PASSED] - ExpectedInvalidErrMsg = concatenate(getInputInvalidDate, " ", NotValidDt): Concatenated string array: '['879720',' ','is not a valid date - it must be in the format d/m/Y']' into '879720 is not a valid date - it must be in the format d/m/Y'

2020-06-05 11:50:30 - [MESSAGE][PASSED] - Concatenated string array: '['879720',' ','is not a valid date - it must be in the format d/m/Y']' into '879720 is not a valid date - it must be in the format d/m/Y'

2020-06-05 11:50:30 - [TEST_STEP][PASSED] - verifyMatch(ToolTipInvErrMsg, ExpectedInvalidErrMsg, true): Actual text '879720 is not a valid date - it must be in the format d/m/Y' and expected text '879720 is not a valid date - it must be in the format d/m/Y' are matched  using regular expression

2020-06-05 11:50:30 - [MESSAGE][PASSED] - Actual text '879720 is not a valid date - it must be in the format d/m/Y' and expected text '879720 is not a valid date - it must be in the format d/m/Y' are matched  using regular expression

2020-06-05 11:50:30 - [MESSAGE][PASSED] - Call Test Case 'Test Cases/PFI Precision and Scale/PFI Components/InvalidDateErrorValidation' successfully

2020-06-05 11:50:30 - [TEST_STEP][PASSED] - callTestCase(findTestCase("PFI Precision and Scale/PFI Components with Indexing/SelectDayInDatePickerWithIndex"), ["FldNm":"d2ComplDt", "SelectCurrentDay":"15", "index":2], STOP_ON_FAILURE): Call Test Case 'Test Cases/PFI Precision and Scale/PFI Components with Indexing/SelectDayInDatePickerWithIndex' successfully

2020-06-05 11:50:30 - [TEST_CASE][PASSED] - Test Cases/PFI Precision and Scale/PFI Components with Indexing/SelectDayInDatePickerWithIndex: Test Cases/PFI Precision and Scale/PFI Components with Indexing/SelectDayInDatePickerWithIndex

2020-06-05 11:50:30 - [TEST_STEP][PASSED] - Thread.sleep(1000): null

2020-06-05 11:50:31 - [TEST_STEP][PASSED] - DateFieldNm = modifyObjectProperty(findTestObject("Objects.HighlightElements/input_field"), "name", "equals", FldNm, true): Modify property of object successfully

2020-06-05 11:50:31 - [MESSAGE][PASSED] - Modify property of object successfully

2020-06-05 11:50:31 - [TEST_STEP][PASSED] - ModifyDay = modifyObjectProperty(findTestObject("Objects.DateValidation/Page_ISPS2/Select_Day_Index"), "xpath", "equals", "(//*[contains(@class, 'x-datepicker-date') and (text() = '" + SelectCurrentDay + "')])[" + index + "]", true): Modify property of object successfully

2020-06-05 11:50:32 - [MESSAGE][PASSED] - Modify property of object successfully

2020-06-05 11:50:32 - [TEST_STEP][PASSED] - sendKeys(DateFieldNm, Keys.chord(ARROW_DOWN)): Keys 'DOWN + ' sent to object: 'Object Repository/Objects.HighlightElements/input_field'

2020-06-05 11:50:32 - [MESSAGE][PASSED] - Keys 'DOWN + ' sent to object: 'Object Repository/Objects.HighlightElements/input_field'

2020-06-05 11:50:32 - [TEST_STEP][PASSED] - com.reusableComponents.HighlightElement.run(ModifyDay): com.reusableComponents.HighlightElement.run is PASSED

2020-06-05 11:50:32 - [MESSAGE][PASSED] - com.reusableComponents.HighlightElement.run is PASSED

2020-06-05 11:50:32 - [TEST_STEP][PASSED] - delay(1): Delayed 1 second(s)

2020-06-05 11:50:33 - [MESSAGE][PASSED] - Delayed 1 second(s)

2020-06-05 11:50:33 - [TEST_STEP][PASSED] - click(ModifyDay): Object: 'Object Repository/Objects.DateValidation/Page_ISPS2/Select_Day_Index' is clicked on

2020-06-05 11:50:33 - [MESSAGE][PASSED] - Object: 'Object Repository/Objects.DateValidation/Page_ISPS2/Select_Day_Index' is clicked on

2020-06-05 11:50:33 - [TEST_STEP][PASSED] - GetError = getAttribute(DateFieldNm, "data-errorqtip"): Attribute 'data-errorqtip' of object 'Object Repository/Objects.HighlightElements/input_field' is: ''

2020-06-05 11:50:33 - [MESSAGE][PASSED] - Attribute 'data-errorqtip' of object 'Object Repository/Objects.HighlightElements/input_field' is: ''

2020-06-05 11:50:33 - [TEST_STEP][PASSED] - if (GetError == ""): null

2020-06-05 11:50:33 - [TEST_STEP][PASSED] - GetEnteredDate = getAttribute(DateFieldNm, "value"): Attribute 'value' of object 'Object Repository/Objects.HighlightElements/input_field' is: '15/06/2020'

2020-06-05 11:50:33 - [MESSAGE][PASSED] - Attribute 'value' of object 'Object Repository/Objects.HighlightElements/input_field' is: '15/06/2020'

2020-06-05 11:50:33 - [TEST_STEP][PASSED] - DatePattern = Pattern.compile("^(1[0-2]|0[1-9])/(3[01]|[12][0-9]|0[1-9])/[0-9]{4}$"): null

2020-06-05 11:50:33 - [TEST_STEP][PASSED] - VerifyDateFormat = DatePattern.matcher(GetEnteredDate): null

2020-06-05 11:50:33 - [TEST_STEP][PASSED] - if (VerifyDateFormat.matches() == true): null

2020-06-05 11:50:33 - [MESSAGE][PASSED] - Call Test Case 'Test Cases/PFI Precision and Scale/PFI Components with Indexing/SelectDayInDatePickerWithIndex' successfully

2020-06-05 11:50:33 - [TEST_STEP][PASSED] - callTestCase(findTestCase("PFI Precision and Scale/PFI Components/SelectTodayInDatePicker"), ["FldNm":"d2ComplDt", "index":"2"], STOP_ON_FAILURE): Call Test Case 'Test Cases/PFI Precision and Scale/PFI Components/SelectTodayInDatePicker' successfully

2020-06-05 11:50:33 - [TEST_CASE][PASSED] - Test Cases/PFI Precision and Scale/PFI Components/SelectTodayInDatePicker: Test Cases/PFI Precision and Scale/PFI Components/SelectTodayInDatePicker

2020-06-05 11:50:33 - [TEST_STEP][PASSED] - Thread.sleep(1000): null

2020-06-05 11:50:34 - [TEST_STEP][PASSED] - date = new java.util.Date(): null

2020-06-05 11:50:34 - [TEST_STEP][PASSED] - CurrentDate = new java.text.SimpleDateFormat(dd/MM/yyyy): null

2020-06-05 11:50:34 - [TEST_STEP][PASSED] - TodayDate = CurrentDate.format(date): null

2020-06-05 11:50:34 - [TEST_STEP][PASSED] - DateFieldNm = modifyObjectProperty(findTestObject("Object Repository/Objects.DateValidation/Page_ISPS2/input__orderDt"), "name", "equals", FldNm, true): Modify property of object successfully

2020-06-05 11:50:34 - [MESSAGE][PASSED] - Modify property of object successfully

2020-06-05 11:50:34 - [TEST_STEP][PASSED] - TodayBtn = modifyObjectProperty(findTestObject("Object Repository/Objects.DateValidation/Page_ISPS2/a_Today"), "xpath", "equals", "(//*[text() = 'Today'])[" + index + "]", true): Modify property of object successfully

2020-06-05 11:50:34 - [MESSAGE][PASSED] - Modify property of object successfully

2020-06-05 11:50:34 - [TEST_STEP][PASSED] - sendKeys(DateFieldNm, Keys.chord(ARROW_DOWN)): Keys 'DOWN + ' sent to object: 'Object Repository/Objects.DateValidation/Page_ISPS2/input__orderDt'

2020-06-05 11:50:34 - [MESSAGE][PASSED] - Keys 'DOWN + ' sent to object: 'Object Repository/Objects.DateValidation/Page_ISPS2/input__orderDt'

2020-06-05 11:50:34 - [TEST_STEP][PASSED] - com.reusableComponents.HighlightElement.run(TodayBtn): com.reusableComponents.HighlightElement.run is PASSED

2020-06-05 11:50:35 - [MESSAGE][PASSED] - com.reusableComponents.HighlightElement.run is PASSED

2020-06-05 11:50:35 - [TEST_STEP][PASSED] - click(TodayBtn): Object: 'Object Repository/Objects.DateValidation/Page_ISPS2/a_Today' is clicked on

2020-06-05 11:50:35 - [MESSAGE][PASSED] - Object: 'Object Repository/Objects.DateValidation/Page_ISPS2/a_Today' is clicked on

2020-06-05 11:50:35 - [TEST_STEP][PASSED] - GetEnteredDate = getAttribute(DateFieldNm, "value"): Attribute 'value' of object 'Object Repository/Objects.DateValidation/Page_ISPS2/input__orderDt' is: '05/06/2020'

2020-06-05 11:50:35 - [MESSAGE][PASSED] - Attribute 'value' of object 'Object Repository/Objects.DateValidation/Page_ISPS2/input__orderDt' is: '05/06/2020'

2020-06-05 11:50:35 - [TEST_STEP][PASSED] - verifyMatch(GetEnteredDate, TodayDate, true): Actual text '05/06/2020' and expected text '05/06/2020' are matched  using regular expression

2020-06-05 11:50:35 - [MESSAGE][PASSED] - Actual text '05/06/2020' and expected text '05/06/2020' are matched  using regular expression

2020-06-05 11:50:35 - [MESSAGE][PASSED] - Call Test Case 'Test Cases/PFI Precision and Scale/PFI Components/SelectTodayInDatePicker' successfully

2020-06-05 11:50:35 - [TEST_STEP][PASSED] - callTestCase(findTestCase("Components/HighlightLabelField"), ["LblName":"Inspection D2a Receive Date *:"], STOP_ON_FAILURE): Call Test Case 'Test Cases/Components/HighlightLabelField' successfully

2020-06-05 11:50:35 - [TEST_CASE][PASSED] - Test Cases/Components/HighlightLabelField: Test Cases/Components/HighlightLabelField

2020-06-05 11:50:35 - [TEST_STEP][PASSED] - Thread.sleep(1000): null

2020-06-05 11:50:36 - [TEST_STEP][PASSED] - modifiedLblNm = modifyObjectProperty(findTestObject("Objects.HighlightElements/lblField"), "text", "equals", LblName, true): Modify property of object successfully

2020-06-05 11:50:36 - [MESSAGE][PASSED] - Modify property of object successfully

2020-06-05 11:50:36 - [TEST_STEP][PASSED] - com.reusableComponents.HighlightElement.run(modifiedLblNm): com.reusableComponents.HighlightElement.run is PASSED

2020-06-05 11:50:37 - [MESSAGE][PASSED] - com.reusableComponents.HighlightElement.run is PASSED

2020-06-05 11:50:37 - [MESSAGE][PASSED] - Call Test Case 'Test Cases/Components/HighlightLabelField' successfully

2020-06-05 11:50:37 - [TEST_STEP][PASSED] - callTestCase(findTestCase("Components/HighlightInputField"), ["InputFldName":"d2aRecvDt"], STOP_ON_FAILURE): Call Test Case 'Test Cases/Components/HighlightInputField' successfully

2020-06-05 11:50:37 - [TEST_CASE][PASSED] - Test Cases/Components/HighlightInputField: Test Cases/Components/HighlightInputField

2020-06-05 11:50:37 - [TEST_STEP][PASSED] - Thread.sleep(1000): null

2020-06-05 11:50:38 - [TEST_STEP][PASSED] - modifiedLblNm = modifyObjectProperty(findTestObject("Objects.HighlightElements/input_field"), "name", "equals", InputFldName, true): Modify property of object successfully

2020-06-05 11:50:38 - [MESSAGE][PASSED] - Modify property of object successfully

2020-06-05 11:50:38 - [TEST_STEP][PASSED] - com.reusableComponents.HighlightElement.run(modifiedLblNm): com.reusableComponents.HighlightElement.run is PASSED

2020-06-05 11:50:38 - [MESSAGE][PASSED] - com.reusableComponents.HighlightElement.run is PASSED

2020-06-05 11:50:38 - [MESSAGE][PASSED] - Call Test Case 'Test Cases/Components/HighlightInputField' successfully

2020-06-05 11:50:38 - [TEST_STEP][PASSED] - callTestCase(findTestCase("PFI Precision and Scale/PFI Components/NumericTextboxValidationII"), ["nameToBeUsed":"d2aRecvDt", "minLen":8], STOP_ON_FAILURE): Call Test Case 'Test Cases/PFI Precision and Scale/PFI Components/NumericTextboxValidationII' successfully

2020-06-05 11:50:39 - [TEST_CASE][PASSED] - Test Cases/PFI Precision and Scale/PFI Components/NumericTextboxValidationII: Test Cases/PFI Precision and Scale/PFI Components/NumericTextboxValidationII

2020-06-05 11:50:39 - [TEST_STEP][PASSED] - Thread.sleep(1000): null

2020-06-05 11:50:40 - [TEST_STEP][PASSED] - Numeric = "0123456789": null

2020-06-05 11:50:40 - [TEST_STEP][PASSED] - AlphaSpecialChar = z) + "`~!@#$%^&*()=_{}|\][;'":,?><"".join(): null

2020-06-05 11:50:40 - [TEST_STEP][PASSED] - RandomNumeric = RandomStringUtils.random(minLen, Numeric.toCharArray()): null

2020-06-05 11:50:40 - [TEST_STEP][PASSED] - RandomString = RandomStringUtils.random(minLen, AlphaSpecialChar): null

2020-06-05 11:50:40 - [TEST_STEP][PASSED] - regexPat = Pattern.compile("^[0-9]+$"): null

2020-06-05 11:50:40 - [TEST_STEP][PASSED] - NewInputNmField = modifyObjectProperty(findTestObject("Objects.RemarksValidation/input_Remarks"), "name", "equals", nameToBeUsed, true): Modify property of object successfully

2020-06-05 11:50:40 - [MESSAGE][PASSED] - Modify property of object successfully

2020-06-05 11:50:40 - [TEST_STEP][PASSED] - focus(NewInputNmField): Object: 'Object Repository/Objects.RemarksValidation/input_Remarks' is focused

2020-06-05 11:50:40 - [MESSAGE][PASSED] - Object: 'Object Repository/Objects.RemarksValidation/input_Remarks' is focused

2020-06-05 11:50:40 - [TEST_STEP][PASSED] - setText(NewInputNmField, RandomString): Text 'lReox{CS' is set on object 'Object Repository/Objects.RemarksValidation/input_Remarks'

2020-06-05 11:50:40 - [MESSAGE][PASSED] - Text 'lReox{CS' is set on object 'Object Repository/Objects.RemarksValidation/input_Remarks'

2020-06-05 11:50:40 - [TEST_STEP][PASSED] - GetInputVal = getAttribute(NewInputNmField, "value"): Attribute 'value' of object 'Object Repository/Objects.RemarksValidation/input_Remarks' is: ''

2020-06-05 11:50:40 - [MESSAGE][PASSED] - Attribute 'value' of object 'Object Repository/Objects.RemarksValidation/input_Remarks' is: ''

2020-06-05 11:50:40 - [TEST_STEP][PASSED] - if (GetInputVal.contains("e")): null

2020-06-05 11:50:40 - [TEST_STEP][PASSED] - else: Actual text '' and expected text '' are matched  using regular expression

2020-06-05 11:50:40 - [TEST_STEP][PASSED] - verifyMatch(GetInputVal, "", true): Actual text '' and expected text '' are matched  using regular expression

2020-06-05 11:50:40 - [MESSAGE][PASSED] - Actual text '' and expected text '' are matched  using regular expression

2020-06-05 11:50:40 - [TEST_STEP][PASSED] - setText(NewInputNmField, RandomNumeric): Text '92391027' is set on object 'Object Repository/Objects.RemarksValidation/input_Remarks'

2020-06-05 11:50:40 - [MESSAGE][PASSED] - Text '92391027' is set on object 'Object Repository/Objects.RemarksValidation/input_Remarks'

2020-06-05 11:50:40 - [TEST_STEP][PASSED] - GetEnteredIntegers = getAttribute(NewInputNmField, "value"): Attribute 'value' of object 'Object Repository/Objects.RemarksValidation/input_Remarks' is: '92391027'

2020-06-05 11:50:40 - [MESSAGE][PASSED] - Attribute 'value' of object 'Object Repository/Objects.RemarksValidation/input_Remarks' is: '92391027'

2020-06-05 11:50:40 - [TEST_STEP][PASSED] - matchStr = regexPat.matcher(GetEnteredIntegers): null

2020-06-05 11:50:40 - [TEST_STEP][PASSED] - if (matchStr.matches() == true): Accepting Numeric

2020-06-05 11:50:40 - [TEST_STEP][PASSED] - comment("Accepting Numeric"): Accepting Numeric

2020-06-05 11:50:40 - [MESSAGE][INFO] - Accepting Numeric

2020-06-05 11:50:40 - [MESSAGE][PASSED] - Call Test Case 'Test Cases/PFI Precision and Scale/PFI Components/NumericTextboxValidationII' successfully

2020-06-05 11:50:40 - [TEST_STEP][PASSED] - callTestCase(findTestCase("PFI Precision and Scale/PFI Components/InvalidDateErrorValidation"), ["FldNm":"d2aRecvDt"], STOP_ON_FAILURE): Call Test Case 'Test Cases/PFI Precision and Scale/PFI Components/InvalidDateErrorValidation' successfully

2020-06-05 11:50:40 - [TEST_CASE][PASSED] - Test Cases/PFI Precision and Scale/PFI Components/InvalidDateErrorValidation: Test Cases/PFI Precision and Scale/PFI Components/InvalidDateErrorValidation

2020-06-05 11:50:40 - [TEST_STEP][PASSED] - Thread.sleep(1000): null

2020-06-05 11:50:41 - [TEST_STEP][PASSED] - DateFieldNm = modifyObjectProperty(findTestObject("Object Repository/Objects.DateValidation/Page_ISPS2/input__orderDt"), "name", "equals", FldNm, true): Modify property of object successfully

2020-06-05 11:50:41 - [MESSAGE][PASSED] - Modify property of object successfully

2020-06-05 11:50:41 - [TEST_STEP][PASSED] - focus(DateFieldNm): Object: 'Object Repository/Objects.DateValidation/Page_ISPS2/input__orderDt' is focused

2020-06-05 11:50:41 - [MESSAGE][PASSED] - Object: 'Object Repository/Objects.DateValidation/Page_ISPS2/input__orderDt' is focused

2020-06-05 11:50:41 - [TEST_STEP][PASSED] - getInputInvalidDate = getAttribute(DateFieldNm, "value"): Attribute 'value' of object 'Object Repository/Objects.DateValidation/Page_ISPS2/input__orderDt' is: '92391027'

2020-06-05 11:50:41 - [MESSAGE][PASSED] - Attribute 'value' of object 'Object Repository/Objects.DateValidation/Page_ISPS2/input__orderDt' is: '92391027'

2020-06-05 11:50:41 - [TEST_STEP][PASSED] - mouseOver(DateFieldNm): Object: 'Object Repository/Objects.DateValidation/Page_ISPS2/input__orderDt' is hovered

2020-06-05 11:50:41 - [MESSAGE][PASSED] - Object: 'Object Repository/Objects.DateValidation/Page_ISPS2/input__orderDt' is hovered

2020-06-05 11:50:41 - [TEST_STEP][PASSED] - getErrMsg = getAttribute(DateFieldNm, "data-errorqtip"): Attribute 'data-errorqtip' of object 'Object Repository/Objects.DateValidation/Page_ISPS2/input__orderDt' is: '<ul class="x-list-plain"><li>92391027 is not a valid date - it must be in the format d/m/Y</li></ul>'

2020-06-05 11:50:41 - [MESSAGE][PASSED] - Attribute 'data-errorqtip' of object 'Object Repository/Objects.DateValidation/Page_ISPS2/input__orderDt' is: '<ul class="x-list-plain"><li>92391027 is not a valid date - it must be in the format d/m/Y</li></ul>'

2020-06-05 11:50:41 - [TEST_STEP][PASSED] - getTotalLength = getErrMsg.length(): null

2020-06-05 11:50:41 - [TEST_STEP][PASSED] - RemoveULClass = getErrMsg.substring(29, getTotalLength): null

2020-06-05 11:50:41 - [TEST_STEP][PASSED] - LengthNoUlClass = RemoveULClass.length() - 10: null

2020-06-05 11:50:41 - [TEST_STEP][PASSED] - ToolTipInvErrMsg = RemoveULClass.substring(0, LengthNoUlClass): null

2020-06-05 11:50:41 - [TEST_STEP][PASSED] - ExpectedInvalidErrMsg = concatenate(getInputInvalidDate, " ", NotValidDt): Concatenated string array: '['92391027',' ','is not a valid date - it must be in the format d/m/Y']' into '92391027 is not a valid date - it must be in the format d/m/Y'

2020-06-05 11:50:41 - [MESSAGE][PASSED] - Concatenated string array: '['92391027',' ','is not a valid date - it must be in the format d/m/Y']' into '92391027 is not a valid date - it must be in the format d/m/Y'

2020-06-05 11:50:41 - [TEST_STEP][PASSED] - verifyMatch(ToolTipInvErrMsg, ExpectedInvalidErrMsg, true): Actual text '92391027 is not a valid date - it must be in the format d/m/Y' and expected text '92391027 is not a valid date - it must be in the format d/m/Y' are matched  using regular expression

2020-06-05 11:50:41 - [MESSAGE][PASSED] - Actual text '92391027 is not a valid date - it must be in the format d/m/Y' and expected text '92391027 is not a valid date - it must be in the format d/m/Y' are matched  using regular expression

2020-06-05 11:50:41 - [MESSAGE][PASSED] - Call Test Case 'Test Cases/PFI Precision and Scale/PFI Components/InvalidDateErrorValidation' successfully

2020-06-05 11:50:41 - [TEST_STEP][PASSED] - callTestCase(findTestCase("PFI Precision and Scale/PFI Components with Indexing/SelectDayInDatePickerWithIndex"), ["FldNm":"d2aRecvDt", "SelectCurrentDay":"21", "index":3], STOP_ON_FAILURE): Call Test Case 'Test Cases/PFI Precision and Scale/PFI Components with Indexing/SelectDayInDatePickerWithIndex' successfully

2020-06-05 11:50:42 - [TEST_CASE][PASSED] - Test Cases/PFI Precision and Scale/PFI Components with Indexing/SelectDayInDatePickerWithIndex: Test Cases/PFI Precision and Scale/PFI Components with Indexing/SelectDayInDatePickerWithIndex

2020-06-05 11:50:42 - [TEST_STEP][PASSED] - Thread.sleep(1000): null

2020-06-05 11:50:43 - [TEST_STEP][PASSED] - DateFieldNm = modifyObjectProperty(findTestObject("Objects.HighlightElements/input_field"), "name", "equals", FldNm, true): Modify property of object successfully

2020-06-05 11:50:43 - [MESSAGE][PASSED] - Modify property of object successfully

2020-06-05 11:50:43 - [TEST_STEP][PASSED] - ModifyDay = modifyObjectProperty(findTestObject("Objects.DateValidation/Page_ISPS2/Select_Day_Index"), "xpath", "equals", "(//*[contains(@class, 'x-datepicker-date') and (text() = '" + SelectCurrentDay + "')])[" + index + "]", true): Modify property of object successfully

2020-06-05 11:50:43 - [MESSAGE][PASSED] - Modify property of object successfully

2020-06-05 11:50:43 - [TEST_STEP][PASSED] - sendKeys(DateFieldNm, Keys.chord(ARROW_DOWN)): Keys 'DOWN + ' sent to object: 'Object Repository/Objects.HighlightElements/input_field'

2020-06-05 11:50:43 - [MESSAGE][PASSED] - Keys 'DOWN + ' sent to object: 'Object Repository/Objects.HighlightElements/input_field'

2020-06-05 11:50:43 - [TEST_STEP][PASSED] - com.reusableComponents.HighlightElement.run(ModifyDay): com.reusableComponents.HighlightElement.run is PASSED

2020-06-05 11:50:43 - [MESSAGE][PASSED] - com.reusableComponents.HighlightElement.run is PASSED

2020-06-05 11:50:43 - [TEST_STEP][PASSED] - delay(1): Delayed 1 second(s)

2020-06-05 11:50:44 - [MESSAGE][PASSED] - Delayed 1 second(s)

2020-06-05 11:50:44 - [TEST_STEP][PASSED] - click(ModifyDay): Object: 'Object Repository/Objects.DateValidation/Page_ISPS2/Select_Day_Index' is clicked on

2020-06-05 11:50:44 - [MESSAGE][PASSED] - Object: 'Object Repository/Objects.DateValidation/Page_ISPS2/Select_Day_Index' is clicked on

2020-06-05 11:50:44 - [TEST_STEP][PASSED] - GetError = getAttribute(DateFieldNm, "data-errorqtip"): Attribute 'data-errorqtip' of object 'Object Repository/Objects.HighlightElements/input_field' is: ''

2020-06-05 11:50:44 - [MESSAGE][PASSED] - Attribute 'data-errorqtip' of object 'Object Repository/Objects.HighlightElements/input_field' is: ''

2020-06-05 11:50:44 - [TEST_STEP][PASSED] - if (GetError == ""): null

2020-06-05 11:50:44 - [TEST_STEP][PASSED] - GetEnteredDate = getAttribute(DateFieldNm, "value"): Attribute 'value' of object 'Object Repository/Objects.HighlightElements/input_field' is: '21/06/2020'

2020-06-05 11:50:44 - [MESSAGE][PASSED] - Attribute 'value' of object 'Object Repository/Objects.HighlightElements/input_field' is: '21/06/2020'

2020-06-05 11:50:44 - [TEST_STEP][PASSED] - DatePattern = Pattern.compile("^(1[0-2]|0[1-9])/(3[01]|[12][0-9]|0[1-9])/[0-9]{4}$"): null

2020-06-05 11:50:44 - [TEST_STEP][PASSED] - VerifyDateFormat = DatePattern.matcher(GetEnteredDate): null

2020-06-05 11:50:44 - [TEST_STEP][PASSED] - if (VerifyDateFormat.matches() == true): null

2020-06-05 11:50:44 - [MESSAGE][PASSED] - Call Test Case 'Test Cases/PFI Precision and Scale/PFI Components with Indexing/SelectDayInDatePickerWithIndex' successfully

2020-06-05 11:50:44 - [TEST_STEP][PASSED] - callTestCase(findTestCase("PFI Precision and Scale/PFI Components/SelectTodayInDatePicker"), ["FldNm":"d2aRecvDt", "index":3], STOP_ON_FAILURE): Call Test Case 'Test Cases/PFI Precision and Scale/PFI Components/SelectTodayInDatePicker' successfully

2020-06-05 11:50:44 - [TEST_CASE][PASSED] - Test Cases/PFI Precision and Scale/PFI Components/SelectTodayInDatePicker: Test Cases/PFI Precision and Scale/PFI Components/SelectTodayInDatePicker

2020-06-05 11:50:44 - [TEST_STEP][PASSED] - Thread.sleep(1000): null

2020-06-05 11:50:45 - [TEST_STEP][PASSED] - date = new java.util.Date(): null

2020-06-05 11:50:45 - [TEST_STEP][PASSED] - CurrentDate = new java.text.SimpleDateFormat(dd/MM/yyyy): null

2020-06-05 11:50:45 - [TEST_STEP][PASSED] - TodayDate = CurrentDate.format(date): null

2020-06-05 11:50:45 - [TEST_STEP][PASSED] - DateFieldNm = modifyObjectProperty(findTestObject("Object Repository/Objects.DateValidation/Page_ISPS2/input__orderDt"), "name", "equals", FldNm, true): Modify property of object successfully

2020-06-05 11:50:45 - [MESSAGE][PASSED] - Modify property of object successfully

2020-06-05 11:50:45 - [TEST_STEP][PASSED] - TodayBtn = modifyObjectProperty(findTestObject("Object Repository/Objects.DateValidation/Page_ISPS2/a_Today"), "xpath", "equals", "(//*[text() = 'Today'])[" + index + "]", true): Modify property of object successfully

2020-06-05 11:50:46 - [MESSAGE][PASSED] - Modify property of object successfully

2020-06-05 11:50:46 - [TEST_STEP][PASSED] - sendKeys(DateFieldNm, Keys.chord(ARROW_DOWN)): Keys 'DOWN + ' sent to object: 'Object Repository/Objects.DateValidation/Page_ISPS2/input__orderDt'

2020-06-05 11:50:46 - [MESSAGE][PASSED] - Keys 'DOWN + ' sent to object: 'Object Repository/Objects.DateValidation/Page_ISPS2/input__orderDt'

2020-06-05 11:50:46 - [TEST_STEP][PASSED] - com.reusableComponents.HighlightElement.run(TodayBtn): com.reusableComponents.HighlightElement.run is PASSED

2020-06-05 11:50:46 - [MESSAGE][PASSED] - com.reusableComponents.HighlightElement.run is PASSED

2020-06-05 11:50:46 - [TEST_STEP][PASSED] - click(TodayBtn): Object: 'Object Repository/Objects.DateValidation/Page_ISPS2/a_Today' is clicked on

2020-06-05 11:50:46 - [MESSAGE][PASSED] - Object: 'Object Repository/Objects.DateValidation/Page_ISPS2/a_Today' is clicked on

2020-06-05 11:50:46 - [TEST_STEP][PASSED] - GetEnteredDate = getAttribute(DateFieldNm, "value"): Attribute 'value' of object 'Object Repository/Objects.DateValidation/Page_ISPS2/input__orderDt' is: '05/06/2020'

2020-06-05 11:50:46 - [MESSAGE][PASSED] - Attribute 'value' of object 'Object Repository/Objects.DateValidation/Page_ISPS2/input__orderDt' is: '05/06/2020'

2020-06-05 11:50:46 - [TEST_STEP][PASSED] - verifyMatch(GetEnteredDate, TodayDate, true): Actual text '05/06/2020' and expected text '05/06/2020' are matched  using regular expression

2020-06-05 11:50:46 - [MESSAGE][PASSED] - Actual text '05/06/2020' and expected text '05/06/2020' are matched  using regular expression

2020-06-05 11:50:46 - [MESSAGE][PASSED] - Call Test Case 'Test Cases/PFI Precision and Scale/PFI Components/SelectTodayInDatePicker' successfully

2020-06-05 11:50:46 - [TEST_STEP][PASSED] - callTestCase(findTestCase("Components/HighlightLabelField"), ["LblName":"Inspection D2a Compliance Date *:"], STOP_ON_FAILURE): Call Test Case 'Test Cases/Components/HighlightLabelField' successfully

2020-06-05 11:50:46 - [TEST_CASE][PASSED] - Test Cases/Components/HighlightLabelField: Test Cases/Components/HighlightLabelField

2020-06-05 11:50:46 - [TEST_STEP][PASSED] - Thread.sleep(1000): null

2020-06-05 11:50:47 - [TEST_STEP][PASSED] - modifiedLblNm = modifyObjectProperty(findTestObject("Objects.HighlightElements/lblField"), "text", "equals", LblName, true): Modify property of object successfully

2020-06-05 11:50:47 - [MESSAGE][PASSED] - Modify property of object successfully

2020-06-05 11:50:47 - [TEST_STEP][PASSED] - com.reusableComponents.HighlightElement.run(modifiedLblNm): com.reusableComponents.HighlightElement.run is PASSED

2020-06-05 11:50:48 - [MESSAGE][PASSED] - com.reusableComponents.HighlightElement.run is PASSED

2020-06-05 11:50:48 - [MESSAGE][PASSED] - Call Test Case 'Test Cases/Components/HighlightLabelField' successfully

2020-06-05 11:50:48 - [TEST_STEP][PASSED] - callTestCase(findTestCase("Components/HighlightInputField"), ["InputFldName":"d2aComplDt"], STOP_ON_FAILURE): Call Test Case 'Test Cases/Components/HighlightInputField' successfully

2020-06-05 11:50:48 - [TEST_CASE][PASSED] - Test Cases/Components/HighlightInputField: Test Cases/Components/HighlightInputField

2020-06-05 11:50:48 - [TEST_STEP][PASSED] - Thread.sleep(1000): null

2020-06-05 11:50:49 - [TEST_STEP][PASSED] - modifiedLblNm = modifyObjectProperty(findTestObject("Objects.HighlightElements/input_field"), "name", "equals", InputFldName, true): Modify property of object successfully

2020-06-05 11:50:49 - [MESSAGE][PASSED] - Modify property of object successfully

2020-06-05 11:50:49 - [TEST_STEP][PASSED] - com.reusableComponents.HighlightElement.run(modifiedLblNm): com.reusableComponents.HighlightElement.run is PASSED

2020-06-05 11:50:50 - [MESSAGE][PASSED] - com.reusableComponents.HighlightElement.run is PASSED

2020-06-05 11:50:50 - [MESSAGE][PASSED] - Call Test Case 'Test Cases/Components/HighlightInputField' successfully

2020-06-05 11:50:50 - [TEST_STEP][PASSED] - callTestCase(findTestCase("PFI Precision and Scale/PFI Components/NumericTextboxValidationII"), ["nameToBeUsed":"d2aComplDt", "minLen":12], STOP_ON_FAILURE): Call Test Case 'Test Cases/PFI Precision and Scale/PFI Components/NumericTextboxValidationII' successfully

2020-06-05 11:50:50 - [TEST_CASE][PASSED] - Test Cases/PFI Precision and Scale/PFI Components/NumericTextboxValidationII: Test Cases/PFI Precision and Scale/PFI Components/NumericTextboxValidationII

2020-06-05 11:50:50 - [TEST_STEP][PASSED] - Thread.sleep(1000): null

2020-06-05 11:50:51 - [TEST_STEP][PASSED] - Numeric = "0123456789": null

2020-06-05 11:50:51 - [TEST_STEP][PASSED] - AlphaSpecialChar = z) + "`~!@#$%^&*()=_{}|\][;'":,?><"".join(): null

2020-06-05 11:50:51 - [TEST_STEP][PASSED] - RandomNumeric = RandomStringUtils.random(minLen, Numeric.toCharArray()): null

2020-06-05 11:50:51 - [TEST_STEP][PASSED] - RandomString = RandomStringUtils.random(minLen, AlphaSpecialChar): null

2020-06-05 11:50:51 - [TEST_STEP][PASSED] - regexPat = Pattern.compile("^[0-9]+$"): null

2020-06-05 11:50:51 - [TEST_STEP][PASSED] - NewInputNmField = modifyObjectProperty(findTestObject("Objects.RemarksValidation/input_Remarks"), "name", "equals", nameToBeUsed, true): Modify property of object successfully

2020-06-05 11:50:51 - [MESSAGE][PASSED] - Modify property of object successfully

2020-06-05 11:50:51 - [TEST_STEP][PASSED] - focus(NewInputNmField): Object: 'Object Repository/Objects.RemarksValidation/input_Remarks' is focused

2020-06-05 11:50:51 - [MESSAGE][PASSED] - Object: 'Object Repository/Objects.RemarksValidation/input_Remarks' is focused

2020-06-05 11:50:51 - [TEST_STEP][PASSED] - setText(NewInputNmField, RandomString): Text 'm%t?xTQ\`l#L' is set on object 'Object Repository/Objects.RemarksValidation/input_Remarks'

2020-06-05 11:50:51 - [MESSAGE][PASSED] - Text 'm%t?xTQ\`l#L' is set on object 'Object Repository/Objects.RemarksValidation/input_Remarks'

2020-06-05 11:50:51 - [TEST_STEP][PASSED] - GetInputVal = getAttribute(NewInputNmField, "value"): Attribute 'value' of object 'Object Repository/Objects.RemarksValidation/input_Remarks' is: ''

2020-06-05 11:50:51 - [MESSAGE][PASSED] - Attribute 'value' of object 'Object Repository/Objects.RemarksValidation/input_Remarks' is: ''

2020-06-05 11:50:51 - [TEST_STEP][PASSED] - if (GetInputVal.contains("e")): null

2020-06-05 11:50:51 - [TEST_STEP][PASSED] - else: Actual text '' and expected text '' are matched  using regular expression

2020-06-05 11:50:51 - [TEST_STEP][PASSED] - verifyMatch(GetInputVal, "", true): Actual text '' and expected text '' are matched  using regular expression

2020-06-05 11:50:51 - [MESSAGE][PASSED] - Actual text '' and expected text '' are matched  using regular expression

2020-06-05 11:50:51 - [TEST_STEP][PASSED] - setText(NewInputNmField, RandomNumeric): Text '228043688401' is set on object 'Object Repository/Objects.RemarksValidation/input_Remarks'

2020-06-05 11:50:51 - [MESSAGE][PASSED] - Text '228043688401' is set on object 'Object Repository/Objects.RemarksValidation/input_Remarks'

2020-06-05 11:50:51 - [TEST_STEP][PASSED] - GetEnteredIntegers = getAttribute(NewInputNmField, "value"): Attribute 'value' of object 'Object Repository/Objects.RemarksValidation/input_Remarks' is: '228043688401'

2020-06-05 11:50:51 - [MESSAGE][PASSED] - Attribute 'value' of object 'Object Repository/Objects.RemarksValidation/input_Remarks' is: '228043688401'

2020-06-05 11:50:51 - [TEST_STEP][PASSED] - matchStr = regexPat.matcher(GetEnteredIntegers): null

2020-06-05 11:50:51 - [TEST_STEP][PASSED] - if (matchStr.matches() == true): Accepting Numeric

2020-06-05 11:50:51 - [TEST_STEP][PASSED] - comment("Accepting Numeric"): Accepting Numeric

2020-06-05 11:50:51 - [MESSAGE][INFO] - Accepting Numeric

2020-06-05 11:50:51 - [MESSAGE][PASSED] - Call Test Case 'Test Cases/PFI Precision and Scale/PFI Components/NumericTextboxValidationII' successfully

2020-06-05 11:50:51 - [TEST_STEP][PASSED] - callTestCase(findTestCase("PFI Precision and Scale/PFI Components/InvalidDateErrorValidation"), ["FldNm":"d2aComplDt"], STOP_ON_FAILURE): Call Test Case 'Test Cases/PFI Precision and Scale/PFI Components/InvalidDateErrorValidation' successfully

2020-06-05 11:50:51 - [TEST_CASE][PASSED] - Test Cases/PFI Precision and Scale/PFI Components/InvalidDateErrorValidation: Test Cases/PFI Precision and Scale/PFI Components/InvalidDateErrorValidation

2020-06-05 11:50:51 - [TEST_STEP][PASSED] - Thread.sleep(1000): null

2020-06-05 11:50:52 - [TEST_STEP][PASSED] - DateFieldNm = modifyObjectProperty(findTestObject("Object Repository/Objects.DateValidation/Page_ISPS2/input__orderDt"), "name", "equals", FldNm, true): Modify property of object successfully

2020-06-05 11:50:52 - [MESSAGE][PASSED] - Modify property of object successfully

2020-06-05 11:50:52 - [TEST_STEP][PASSED] - focus(DateFieldNm): Object: 'Object Repository/Objects.DateValidation/Page_ISPS2/input__orderDt' is focused

2020-06-05 11:50:52 - [MESSAGE][PASSED] - Object: 'Object Repository/Objects.DateValidation/Page_ISPS2/input__orderDt' is focused

2020-06-05 11:50:52 - [TEST_STEP][PASSED] - getInputInvalidDate = getAttribute(DateFieldNm, "value"): Attribute 'value' of object 'Object Repository/Objects.DateValidation/Page_ISPS2/input__orderDt' is: '228043688401'

2020-06-05 11:50:52 - [MESSAGE][PASSED] - Attribute 'value' of object 'Object Repository/Objects.DateValidation/Page_ISPS2/input__orderDt' is: '228043688401'

2020-06-05 11:50:52 - [TEST_STEP][PASSED] - mouseOver(DateFieldNm): Object: 'Object Repository/Objects.DateValidation/Page_ISPS2/input__orderDt' is hovered

2020-06-05 11:50:53 - [MESSAGE][PASSED] - Object: 'Object Repository/Objects.DateValidation/Page_ISPS2/input__orderDt' is hovered

2020-06-05 11:50:53 - [TEST_STEP][PASSED] - getErrMsg = getAttribute(DateFieldNm, "data-errorqtip"): Attribute 'data-errorqtip' of object 'Object Repository/Objects.DateValidation/Page_ISPS2/input__orderDt' is: '<ul class="x-list-plain"><li>228043688401 is not a valid date - it must be in the format d/m/Y</li></ul>'

2020-06-05 11:50:53 - [MESSAGE][PASSED] - Attribute 'data-errorqtip' of object 'Object Repository/Objects.DateValidation/Page_ISPS2/input__orderDt' is: '<ul class="x-list-plain"><li>228043688401 is not a valid date - it must be in the format d/m/Y</li></ul>'

2020-06-05 11:50:53 - [TEST_STEP][PASSED] - getTotalLength = getErrMsg.length(): null

2020-06-05 11:50:53 - [TEST_STEP][PASSED] - RemoveULClass = getErrMsg.substring(29, getTotalLength): null

2020-06-05 11:50:53 - [TEST_STEP][PASSED] - LengthNoUlClass = RemoveULClass.length() - 10: null

2020-06-05 11:50:53 - [TEST_STEP][PASSED] - ToolTipInvErrMsg = RemoveULClass.substring(0, LengthNoUlClass): null

2020-06-05 11:50:53 - [TEST_STEP][PASSED] - ExpectedInvalidErrMsg = concatenate(getInputInvalidDate, " ", NotValidDt): Concatenated string array: '['228043688401',' ','is not a valid date - it must be in the format d/m/Y']' into '228043688401 is not a valid date - it must be in the format d/m/Y'

2020-06-05 11:50:53 - [MESSAGE][PASSED] - Concatenated string array: '['228043688401',' ','is not a valid date - it must be in the format d/m/Y']' into '228043688401 is not a valid date - it must be in the format d/m/Y'

2020-06-05 11:50:53 - [TEST_STEP][PASSED] - verifyMatch(ToolTipInvErrMsg, ExpectedInvalidErrMsg, true): Actual text '228043688401 is not a valid date - it must be in the format d/m/Y' and expected text '228043688401 is not a valid date - it must be in the format d/m/Y' are matched  using regular expression

2020-06-05 11:50:53 - [MESSAGE][PASSED] - Actual text '228043688401 is not a valid date - it must be in the format d/m/Y' and expected text '228043688401 is not a valid date - it must be in the format d/m/Y' are matched  using regular expression

2020-06-05 11:50:53 - [MESSAGE][PASSED] - Call Test Case 'Test Cases/PFI Precision and Scale/PFI Components/InvalidDateErrorValidation' successfully

2020-06-05 11:50:53 - [TEST_STEP][PASSED] - callTestCase(findTestCase("PFI Precision and Scale/PFI Components with Indexing/SelectDayInDatePickerWithIndex"), ["FldNm":"d2aComplDt", "SelectCurrentDay":"9", "index":7], STOP_ON_FAILURE): Call Test Case 'Test Cases/PFI Precision and Scale/PFI Components with Indexing/SelectDayInDatePickerWithIndex' successfully

2020-06-05 11:50:53 - [TEST_CASE][PASSED] - Test Cases/PFI Precision and Scale/PFI Components with Indexing/SelectDayInDatePickerWithIndex: Test Cases/PFI Precision and Scale/PFI Components with Indexing/SelectDayInDatePickerWithIndex

2020-06-05 11:50:53 - [TEST_STEP][PASSED] - Thread.sleep(1000): null

2020-06-05 11:50:54 - [TEST_STEP][PASSED] - DateFieldNm = modifyObjectProperty(findTestObject("Objects.HighlightElements/input_field"), "name", "equals", FldNm, true): Modify property of object successfully

2020-06-05 11:50:54 - [MESSAGE][PASSED] - Modify property of object successfully

2020-06-05 11:50:54 - [TEST_STEP][PASSED] - ModifyDay = modifyObjectProperty(findTestObject("Objects.DateValidation/Page_ISPS2/Select_Day_Index"), "xpath", "equals", "(//*[contains(@class, 'x-datepicker-date') and (text() = '" + SelectCurrentDay + "')])[" + index + "]", true): Modify property of object successfully

2020-06-05 11:50:54 - [MESSAGE][PASSED] - Modify property of object successfully

2020-06-05 11:50:54 - [TEST_STEP][PASSED] - sendKeys(DateFieldNm, Keys.chord(ARROW_DOWN)): Keys 'DOWN + ' sent to object: 'Object Repository/Objects.HighlightElements/input_field'

2020-06-05 11:50:54 - [MESSAGE][PASSED] - Keys 'DOWN + ' sent to object: 'Object Repository/Objects.HighlightElements/input_field'

2020-06-05 11:50:54 - [TEST_STEP][PASSED] - com.reusableComponents.HighlightElement.run(ModifyDay): com.reusableComponents.HighlightElement.run is PASSED

2020-06-05 11:50:54 - [MESSAGE][PASSED] - com.reusableComponents.HighlightElement.run is PASSED

2020-06-05 11:50:54 - [TEST_STEP][PASSED] - delay(1): Delayed 1 second(s)

2020-06-05 11:50:55 - [MESSAGE][PASSED] - Delayed 1 second(s)

2020-06-05 11:50:55 - [TEST_STEP][PASSED] - click(ModifyDay): Object: 'Object Repository/Objects.DateValidation/Page_ISPS2/Select_Day_Index' is clicked on

2020-06-05 11:50:56 - [MESSAGE][PASSED] - Object: 'Object Repository/Objects.DateValidation/Page_ISPS2/Select_Day_Index' is clicked on

2020-06-05 11:50:56 - [TEST_STEP][PASSED] - GetError = getAttribute(DateFieldNm, "data-errorqtip"): Attribute 'data-errorqtip' of object 'Object Repository/Objects.HighlightElements/input_field' is: ''

2020-06-05 11:50:56 - [MESSAGE][PASSED] - Attribute 'data-errorqtip' of object 'Object Repository/Objects.HighlightElements/input_field' is: ''

2020-06-05 11:50:56 - [TEST_STEP][PASSED] - if (GetError == ""): Date Format is valid

2020-06-05 11:50:56 - [TEST_STEP][PASSED] - GetEnteredDate = getAttribute(DateFieldNm, "value"): Attribute 'value' of object 'Object Repository/Objects.HighlightElements/input_field' is: '09/06/2020'

2020-06-05 11:50:56 - [MESSAGE][PASSED] - Attribute 'value' of object 'Object Repository/Objects.HighlightElements/input_field' is: '09/06/2020'

2020-06-05 11:50:56 - [TEST_STEP][PASSED] - DatePattern = Pattern.compile("^(1[0-2]|0[1-9])/(3[01]|[12][0-9]|0[1-9])/[0-9]{4}$"): null

2020-06-05 11:50:56 - [TEST_STEP][PASSED] - VerifyDateFormat = DatePattern.matcher(GetEnteredDate): null

2020-06-05 11:50:56 - [TEST_STEP][PASSED] - if (VerifyDateFormat.matches() == true): Date Format is valid

2020-06-05 11:50:56 - [TEST_STEP][PASSED] - comment("Date Format is valid"): Date Format is valid

2020-06-05 11:50:56 - [MESSAGE][INFO] - Date Format is valid

2020-06-05 11:50:56 - [MESSAGE][PASSED] - Call Test Case 'Test Cases/PFI Precision and Scale/PFI Components with Indexing/SelectDayInDatePickerWithIndex' successfully

2020-06-05 11:50:56 - [TEST_STEP][PASSED] - callTestCase(findTestCase("PFI Precision and Scale/PFI Components/SelectTodayInDatePicker"), ["FldNm":"d2aComplDt", "index":4], STOP_ON_FAILURE): Call Test Case 'Test Cases/PFI Precision and Scale/PFI Components/SelectTodayInDatePicker' successfully

2020-06-05 11:50:56 - [TEST_CASE][PASSED] - Test Cases/PFI Precision and Scale/PFI Components/SelectTodayInDatePicker: Test Cases/PFI Precision and Scale/PFI Components/SelectTodayInDatePicker

2020-06-05 11:50:56 - [TEST_STEP][PASSED] - Thread.sleep(1000): null

2020-06-05 11:50:57 - [TEST_STEP][PASSED] - date = new java.util.Date(): null

2020-06-05 11:50:57 - [TEST_STEP][PASSED] - CurrentDate = new java.text.SimpleDateFormat(dd/MM/yyyy): null

2020-06-05 11:50:57 - [TEST_STEP][PASSED] - TodayDate = CurrentDate.format(date): null

2020-06-05 11:50:57 - [TEST_STEP][PASSED] - DateFieldNm = modifyObjectProperty(findTestObject("Object Repository/Objects.DateValidation/Page_ISPS2/input__orderDt"), "name", "equals", FldNm, true): Modify property of object successfully

2020-06-05 11:50:57 - [MESSAGE][PASSED] - Modify property of object successfully

2020-06-05 11:50:57 - [TEST_STEP][PASSED] - TodayBtn = modifyObjectProperty(findTestObject("Object Repository/Objects.DateValidation/Page_ISPS2/a_Today"), "xpath", "equals", "(//*[text() = 'Today'])[" + index + "]", true): Modify property of object successfully

2020-06-05 11:50:57 - [MESSAGE][PASSED] - Modify property of object successfully

2020-06-05 11:50:57 - [TEST_STEP][PASSED] - sendKeys(DateFieldNm, Keys.chord(ARROW_DOWN)): Keys 'DOWN + ' sent to object: 'Object Repository/Objects.DateValidation/Page_ISPS2/input__orderDt'

2020-06-05 11:50:57 - [MESSAGE][PASSED] - Keys 'DOWN + ' sent to object: 'Object Repository/Objects.DateValidation/Page_ISPS2/input__orderDt'

2020-06-05 11:50:57 - [TEST_STEP][PASSED] - com.reusableComponents.HighlightElement.run(TodayBtn): com.reusableComponents.HighlightElement.run is PASSED

2020-06-05 11:50:57 - [MESSAGE][PASSED] - com.reusableComponents.HighlightElement.run is PASSED

2020-06-05 11:50:57 - [TEST_STEP][PASSED] - click(TodayBtn): Object: 'Object Repository/Objects.DateValidation/Page_ISPS2/a_Today' is clicked on

2020-06-05 11:50:58 - [MESSAGE][PASSED] - Object: 'Object Repository/Objects.DateValidation/Page_ISPS2/a_Today' is clicked on

2020-06-05 11:50:58 - [TEST_STEP][PASSED] - GetEnteredDate = getAttribute(DateFieldNm, "value"): Attribute 'value' of object 'Object Repository/Objects.DateValidation/Page_ISPS2/input__orderDt' is: '05/06/2020'

2020-06-05 11:50:58 - [MESSAGE][PASSED] - Attribute 'value' of object 'Object Repository/Objects.DateValidation/Page_ISPS2/input__orderDt' is: '05/06/2020'

2020-06-05 11:50:58 - [TEST_STEP][PASSED] - verifyMatch(GetEnteredDate, TodayDate, true): Actual text '05/06/2020' and expected text '05/06/2020' are matched  using regular expression

2020-06-05 11:50:58 - [MESSAGE][PASSED] - Actual text '05/06/2020' and expected text '05/06/2020' are matched  using regular expression

2020-06-05 11:50:58 - [MESSAGE][PASSED] - Call Test Case 'Test Cases/PFI Precision and Scale/PFI Components/SelectTodayInDatePicker' successfully

2020-06-05 11:50:58 - [TEST_STEP][PASSED] - callTestCase(findTestCase("Components/HighlightLabelField"), ["LblName":"PE Reference No *:"], STOP_ON_FAILURE): Call Test Case 'Test Cases/Components/HighlightLabelField' successfully

2020-06-05 11:50:58 - [TEST_CASE][PASSED] - Test Cases/Components/HighlightLabelField: Test Cases/Components/HighlightLabelField

2020-06-05 11:50:58 - [TEST_STEP][PASSED] - Thread.sleep(1000): null

2020-06-05 11:50:59 - [TEST_STEP][PASSED] - modifiedLblNm = modifyObjectProperty(findTestObject("Objects.HighlightElements/lblField"), "text", "equals", LblName, true): Modify property of object successfully

2020-06-05 11:50:59 - [MESSAGE][PASSED] - Modify property of object successfully

2020-06-05 11:50:59 - [TEST_STEP][PASSED] - com.reusableComponents.HighlightElement.run(modifiedLblNm): com.reusableComponents.HighlightElement.run is PASSED

2020-06-05 11:50:59 - [MESSAGE][PASSED] - com.reusableComponents.HighlightElement.run is PASSED

2020-06-05 11:50:59 - [MESSAGE][PASSED] - Call Test Case 'Test Cases/Components/HighlightLabelField' successfully

2020-06-05 11:50:59 - [TEST_STEP][PASSED] - callTestCase(findTestCase("Components/HighlightInputField"), ["InputFldName":"peRegNbr"], STOP_ON_FAILURE): Call Test Case 'Test Cases/Components/HighlightInputField' successfully

2020-06-05 11:50:59 - [TEST_CASE][PASSED] - Test Cases/Components/HighlightInputField: Test Cases/Components/HighlightInputField

2020-06-05 11:50:59 - [TEST_STEP][PASSED] - Thread.sleep(1000): null

2020-06-05 11:51:00 - [TEST_STEP][PASSED] - modifiedLblNm = modifyObjectProperty(findTestObject("Objects.HighlightElements/input_field"), "name", "equals", InputFldName, true): Modify property of object successfully

2020-06-05 11:51:00 - [MESSAGE][PASSED] - Modify property of object successfully

2020-06-05 11:51:00 - [TEST_STEP][PASSED] - com.reusableComponents.HighlightElement.run(modifiedLblNm): com.reusableComponents.HighlightElement.run is PASSED

2020-06-05 11:51:01 - [MESSAGE][PASSED] - com.reusableComponents.HighlightElement.run is PASSED

2020-06-05 11:51:01 - [MESSAGE][PASSED] - Call Test Case 'Test Cases/Components/HighlightInputField' successfully

2020-06-05 11:51:01 - [TEST_STEP][PASSED] - callTestCase(findTestCase("PFI Precision and Scale/PFI Components/VerifyDropdownValues"), ["FldNm":"peRegNbr", "CallTCName":"Test Cases/PFI Precision and Scale/HashMap Tables/PELists", "cmbNm":"PENo", "NoOfVal":10, ... ], STOP_ON_FAILURE): Call Test Case 'Test Cases/PFI Precision and Scale/PFI Components/VerifyDropdownValues' successfully

2020-06-05 11:51:16 - [TEST_CASE][PASSED] - Test Cases/PFI Precision and Scale/PFI Components/VerifyDropdownValues: Test Cases/PFI Precision and Scale/PFI Components/VerifyDropdownValues

2020-06-05 11:51:34 - [TEST_STEP][PASSED] - Thread.sleep(1000): null

2020-06-05 11:51:35 - [TEST_STEP][PASSED] - NewInputNmField = modifyObjectProperty(findTestObject("Objects.HighlightElements/input_field"), "name", "equals", FldNm, true): Modify property of object successfully

2020-06-05 11:51:51 - [MESSAGE][PASSED] - Modify property of object successfully

2020-06-05 11:51:51 - [TEST_STEP][PASSED] - comboNm = cmbNm: null

2020-06-05 11:51:51 - [TEST_STEP][PASSED] - focus(NewInputNmField): Object: 'Object Repository/Objects.HighlightElements/input_field' is focused

2020-06-05 11:51:51 - [MESSAGE][PASSED] - Object: 'Object Repository/Objects.HighlightElements/input_field' is focused

2020-06-05 11:51:51 - [TEST_STEP][PASSED] - setText(NewInputNmField, EnterValue): Text '0016' is set on object 'Object Repository/Objects.HighlightElements/input_field'

2020-06-05 11:51:51 - [MESSAGE][PASSED] - Text '0016' is set on object 'Object Repository/Objects.HighlightElements/input_field'

2020-06-05 11:51:51 - [TEST_STEP][PASSED] - for ([i = 1, i <= NoOfVal, (i++)]): Keys 'DOWN + ' sent to object: 'Object Repository/Objects.HighlightElements/input_field'

2020-06-05 11:51:51 - [TEST_STEP][PASSED] - sendKeys(NewInputNmField, Keys.chord(ARROW_DOWN)): Keys 'DOWN + ' sent to object: 'Object Repository/Objects.HighlightElements/input_field'

2020-06-05 11:51:51 - [MESSAGE][PASSED] - Keys 'DOWN + ' sent to object: 'Object Repository/Objects.HighlightElements/input_field'

2020-06-05 11:51:51 - [TEST_STEP][PASSED] - delay(DelayTime): Delayed 5 second(s)

2020-06-05 11:51:56 - [MESSAGE][PASSED] - Delayed 5 second(s)

2020-06-05 11:51:56 - [TEST_STEP][PASSED] - sendKeys(NewInputNmField, Keys.chord(ENTER)): Keys 'ENTER + ' sent to object: 'Object Repository/Objects.HighlightElements/input_field'

2020-06-05 11:51:56 - [MESSAGE][PASSED] - Keys 'ENTER + ' sent to object: 'Object Repository/Objects.HighlightElements/input_field'

2020-06-05 11:51:56 - [TEST_STEP][PASSED] - ComboBoxValue = getAttribute(NewInputNmField, "value"): Attribute 'value' of object 'Object Repository/Objects.HighlightElements/input_field' is: '0016'

2020-06-05 11:51:56 - [MESSAGE][PASSED] - Attribute 'value' of object 'Object Repository/Objects.HighlightElements/input_field' is: '0016'

2020-06-05 11:51:56 - [TEST_STEP][PASSED] - callTestCase(findTestCase(CallTCName), ["FindValue":ComboBoxValue, "DropdownNm":comboNm], STOP_ON_FAILURE): Call Test Case 'Test Cases/PFI Precision and Scale/HashMap Tables/PELists' successfully

2020-06-05 11:51:56 - [TEST_CASE][PASSED] - Test Cases/PFI Precision and Scale/HashMap Tables/PELists: Test Cases/PFI Precision and Scale/HashMap Tables/PELists

2020-06-05 11:51:56 - [TEST_STEP][PASSED] - Thread.sleep(1000): null

2020-06-05 11:51:57 - [TEST_STEP][PASSED] - PEListsTBL = ["0011":"QP-Formatted Address", "0012":"QP-0012", "0014":"QP-0014", "0015":"QP-0015", "0016":"QP-0016", "3214":"Dummy QP Name 3861", ... ]: null

2020-06-05 11:51:57 - [TEST_STEP][PASSED] - switch (DropdownNm): null

2020-06-05 11:51:57 - [TEST_STEP][PASSED] - case "PENo":: null

2020-06-05 11:51:57 - [TEST_STEP][PASSED] - ValueFound = FindValue + " (" + get(FindValue).toString() + ")": null

2020-06-05 11:51:57 - [TEST_STEP][PASSED] - break: null

2020-06-05 11:51:57 - [MESSAGE][PASSED] - Call Test Case 'Test Cases/PFI Precision and Scale/HashMap Tables/PELists' successfully

2020-06-05 11:51:57 - [TEST_STEP][PASSED] - println(ValueFound): null

2020-06-05 11:51:57 - [TEST_STEP][PASSED] - sendKeys(NewInputNmField, Keys.chord(ARROW_DOWN)): Keys 'DOWN + ' sent to object: 'Object Repository/Objects.HighlightElements/input_field'

2020-06-05 11:51:57 - [MESSAGE][PASSED] - Keys 'DOWN + ' sent to object: 'Object Repository/Objects.HighlightElements/input_field'

2020-06-05 11:51:57 - [TEST_STEP][PASSED] - sendKeys(NewInputNmField, Keys.chord(ARROW_DOWN)): Keys 'DOWN + ' sent to object: 'Object Repository/Objects.HighlightElements/input_field'

2020-06-05 11:51:57 - [MESSAGE][PASSED] - Keys 'DOWN + ' sent to object: 'Object Repository/Objects.HighlightElements/input_field'

2020-06-05 11:51:57 - [TEST_STEP][PASSED] - delay(DelayTime): Delayed 5 second(s)

2020-06-05 11:52:02 - [MESSAGE][PASSED] - Delayed 5 second(s)

2020-06-05 11:52:02 - [TEST_STEP][PASSED] - sendKeys(NewInputNmField, Keys.chord(ENTER)): Keys 'ENTER + ' sent to object: 'Object Repository/Objects.HighlightElements/input_field'

2020-06-05 11:52:02 - [MESSAGE][PASSED] - Keys 'ENTER + ' sent to object: 'Object Repository/Objects.HighlightElements/input_field'

2020-06-05 11:52:02 - [TEST_STEP][PASSED] - ComboBoxValue = getAttribute(NewInputNmField, "value"): Attribute 'value' of object 'Object Repository/Objects.HighlightElements/input_field' is: '0016'

2020-06-05 11:52:02 - [MESSAGE][PASSED] - Attribute 'value' of object 'Object Repository/Objects.HighlightElements/input_field' is: '0016'

2020-06-05 11:52:02 - [TEST_STEP][PASSED] - callTestCase(findTestCase(CallTCName), ["FindValue":ComboBoxValue, "DropdownNm":comboNm], STOP_ON_FAILURE): Call Test Case 'Test Cases/PFI Precision and Scale/HashMap Tables/PELists' successfully

2020-06-05 11:52:02 - [TEST_CASE][PASSED] - Test Cases/PFI Precision and Scale/HashMap Tables/PELists: Test Cases/PFI Precision and Scale/HashMap Tables/PELists

2020-06-05 11:52:02 - [TEST_STEP][PASSED] - Thread.sleep(1000): null

2020-06-05 11:52:03 - [TEST_STEP][PASSED] - PEListsTBL = ["0011":"QP-Formatted Address", "0012":"QP-0012", "0014":"QP-0014", "0015":"QP-0015", "0016":"QP-0016", "3214":"Dummy QP Name 3861", ... ]: null

2020-06-05 11:52:03 - [TEST_STEP][PASSED] - switch (DropdownNm): null

2020-06-05 11:52:03 - [TEST_STEP][PASSED] - case "PENo":: null

2020-06-05 11:52:03 - [TEST_STEP][PASSED] - ValueFound = FindValue + " (" + get(FindValue).toString() + ")": null

2020-06-05 11:52:03 - [TEST_STEP][PASSED] - break: null

2020-06-05 11:52:03 - [MESSAGE][PASSED] - Call Test Case 'Test Cases/PFI Precision and Scale/HashMap Tables/PELists' successfully

2020-06-05 11:52:03 - [TEST_STEP][PASSED] - println(ValueFound): null

2020-06-05 11:52:03 - [TEST_STEP][PASSED] - sendKeys(NewInputNmField, Keys.chord(ARROW_DOWN)): Keys 'DOWN + ' sent to object: 'Object Repository/Objects.HighlightElements/input_field'

2020-06-05 11:52:03 - [MESSAGE][PASSED] - Keys 'DOWN + ' sent to object: 'Object Repository/Objects.HighlightElements/input_field'

2020-06-05 11:52:03 - [TEST_STEP][PASSED] - sendKeys(NewInputNmField, Keys.chord(ARROW_DOWN)): Keys 'DOWN + ' sent to object: 'Object Repository/Objects.HighlightElements/input_field'

2020-06-05 11:52:03 - [MESSAGE][PASSED] - Keys 'DOWN + ' sent to object: 'Object Repository/Objects.HighlightElements/input_field'

2020-06-05 11:52:03 - [TEST_STEP][PASSED] - delay(DelayTime): Delayed 5 second(s)

2020-06-05 11:52:08 - [MESSAGE][PASSED] - Delayed 5 second(s)

2020-06-05 11:52:08 - [TEST_STEP][PASSED] - sendKeys(NewInputNmField, Keys.chord(ENTER)): Keys 'ENTER + ' sent to object: 'Object Repository/Objects.HighlightElements/input_field'

2020-06-05 11:52:08 - [MESSAGE][PASSED] - Keys 'ENTER + ' sent to object: 'Object Repository/Objects.HighlightElements/input_field'

2020-06-05 11:52:08 - [TEST_STEP][PASSED] - ComboBoxValue = getAttribute(NewInputNmField, "value"): Attribute 'value' of object 'Object Repository/Objects.HighlightElements/input_field' is: '0015'

2020-06-05 11:52:08 - [MESSAGE][PASSED] - Attribute 'value' of object 'Object Repository/Objects.HighlightElements/input_field' is: '0015'

2020-06-05 11:52:08 - [TEST_STEP][PASSED] - callTestCase(findTestCase(CallTCName), ["FindValue":ComboBoxValue, "DropdownNm":comboNm], STOP_ON_FAILURE): Call Test Case 'Test Cases/PFI Precision and Scale/HashMap Tables/PELists' successfully

2020-06-05 11:52:09 - [TEST_CASE][PASSED] - Test Cases/PFI Precision and Scale/HashMap Tables/PELists: Test Cases/PFI Precision and Scale/HashMap Tables/PELists

2020-06-05 11:52:09 - [TEST_STEP][PASSED] - Thread.sleep(1000): null

2020-06-05 11:52:10 - [TEST_STEP][PASSED] - PEListsTBL = ["0011":"QP-Formatted Address", "0012":"QP-0012", "0014":"QP-0014", "0015":"QP-0015", "0016":"QP-0016", "3214":"Dummy QP Name 3861", ... ]: null

2020-06-05 11:52:10 - [TEST_STEP][PASSED] - switch (DropdownNm): null

2020-06-05 11:52:10 - [TEST_STEP][PASSED] - case "PENo":: null

2020-06-05 11:52:10 - [TEST_STEP][PASSED] - ValueFound = FindValue + " (" + get(FindValue).toString() + ")": null

2020-06-05 11:52:10 - [TEST_STEP][PASSED] - break: null

2020-06-05 11:52:10 - [MESSAGE][PASSED] - Call Test Case 'Test Cases/PFI Precision and Scale/HashMap Tables/PELists' successfully

2020-06-05 11:52:10 - [TEST_STEP][PASSED] - println(ValueFound): null

2020-06-05 11:52:10 - [TEST_STEP][PASSED] - sendKeys(NewInputNmField, Keys.chord(ARROW_DOWN)): Keys 'DOWN + ' sent to object: 'Object Repository/Objects.HighlightElements/input_field'

2020-06-05 11:52:10 - [MESSAGE][PASSED] - Keys 'DOWN + ' sent to object: 'Object Repository/Objects.HighlightElements/input_field'

2020-06-05 11:52:10 - [TEST_STEP][PASSED] - sendKeys(NewInputNmField, Keys.chord(ARROW_DOWN)): Keys 'DOWN + ' sent to object: 'Object Repository/Objects.HighlightElements/input_field'

2020-06-05 11:52:10 - [MESSAGE][PASSED] - Keys 'DOWN + ' sent to object: 'Object Repository/Objects.HighlightElements/input_field'

2020-06-05 11:52:10 - [TEST_STEP][PASSED] - delay(DelayTime): Delayed 5 second(s)

2020-06-05 11:52:15 - [MESSAGE][PASSED] - Delayed 5 second(s)

2020-06-05 11:52:15 - [TEST_STEP][PASSED] - sendKeys(NewInputNmField, Keys.chord(ENTER)): Keys 'ENTER + ' sent to object: 'Object Repository/Objects.HighlightElements/input_field'

2020-06-05 11:52:15 - [MESSAGE][PASSED] - Keys 'ENTER + ' sent to object: 'Object Repository/Objects.HighlightElements/input_field'

2020-06-05 11:52:15 - [TEST_STEP][PASSED] - ComboBoxValue = getAttribute(NewInputNmField, "value"): Attribute 'value' of object 'Object Repository/Objects.HighlightElements/input_field' is: '0014'

2020-06-05 11:52:15 - [MESSAGE][PASSED] - Attribute 'value' of object 'Object Repository/Objects.HighlightElements/input_field' is: '0014'

2020-06-05 11:52:15 - [TEST_STEP][PASSED] - callTestCase(findTestCase(CallTCName), ["FindValue":ComboBoxValue, "DropdownNm":comboNm], STOP_ON_FAILURE): Call Test Case 'Test Cases/PFI Precision and Scale/HashMap Tables/PELists' successfully

2020-06-05 11:52:15 - [TEST_CASE][PASSED] - Test Cases/PFI Precision and Scale/HashMap Tables/PELists: Test Cases/PFI Precision and Scale/HashMap Tables/PELists

2020-06-05 11:52:15 - [TEST_STEP][PASSED] - Thread.sleep(1000): null

2020-06-05 11:52:16 - [TEST_STEP][PASSED] - PEListsTBL = ["0011":"QP-Formatted Address", "0012":"QP-0012", "0014":"QP-0014", "0015":"QP-0015", "0016":"QP-0016", "3214":"Dummy QP Name 3861", ... ]: null

2020-06-05 11:52:16 - [TEST_STEP][PASSED] - switch (DropdownNm): null

2020-06-05 11:52:16 - [TEST_STEP][PASSED] - case "PENo":: null

2020-06-05 11:52:16 - [TEST_STEP][PASSED] - ValueFound = FindValue + " (" + get(FindValue).toString() + ")": null

2020-06-05 11:52:16 - [TEST_STEP][PASSED] - break: null

2020-06-05 11:52:16 - [MESSAGE][PASSED] - Call Test Case 'Test Cases/PFI Precision and Scale/HashMap Tables/PELists' successfully

2020-06-05 11:52:16 - [TEST_STEP][PASSED] - println(ValueFound): null

2020-06-05 11:52:16 - [TEST_STEP][PASSED] - sendKeys(NewInputNmField, Keys.chord(ARROW_DOWN)): Keys 'DOWN + ' sent to object: 'Object Repository/Objects.HighlightElements/input_field'

2020-06-05 11:52:16 - [MESSAGE][PASSED] - Keys 'DOWN + ' sent to object: 'Object Repository/Objects.HighlightElements/input_field'

2020-06-05 11:52:16 - [TEST_STEP][PASSED] - sendKeys(NewInputNmField, Keys.chord(ARROW_DOWN)): Keys 'DOWN + ' sent to object: 'Object Repository/Objects.HighlightElements/input_field'

2020-06-05 11:52:16 - [MESSAGE][PASSED] - Keys 'DOWN + ' sent to object: 'Object Repository/Objects.HighlightElements/input_field'

2020-06-05 11:52:16 - [TEST_STEP][PASSED] - delay(DelayTime): Delayed 5 second(s)

2020-06-05 11:52:21 - [MESSAGE][PASSED] - Delayed 5 second(s)

2020-06-05 11:52:21 - [TEST_STEP][PASSED] - sendKeys(NewInputNmField, Keys.chord(ENTER)): Keys 'ENTER + ' sent to object: 'Object Repository/Objects.HighlightElements/input_field'

2020-06-05 11:52:21 - [MESSAGE][PASSED] - Keys 'ENTER + ' sent to object: 'Object Repository/Objects.HighlightElements/input_field'

2020-06-05 11:52:21 - [TEST_STEP][PASSED] - ComboBoxValue = getAttribute(NewInputNmField, "value"): Attribute 'value' of object 'Object Repository/Objects.HighlightElements/input_field' is: '0012'

2020-06-05 11:52:21 - [MESSAGE][PASSED] - Attribute 'value' of object 'Object Repository/Objects.HighlightElements/input_field' is: '0012'

2020-06-05 11:52:21 - [TEST_STEP][PASSED] - callTestCase(findTestCase(CallTCName), ["FindValue":ComboBoxValue, "DropdownNm":comboNm], STOP_ON_FAILURE): Call Test Case 'Test Cases/PFI Precision and Scale/HashMap Tables/PELists' successfully

2020-06-05 11:52:21 - [TEST_CASE][PASSED] - Test Cases/PFI Precision and Scale/HashMap Tables/PELists: Test Cases/PFI Precision and Scale/HashMap Tables/PELists

2020-06-05 11:52:21 - [TEST_STEP][PASSED] - Thread.sleep(1000): null

2020-06-05 11:52:22 - [TEST_STEP][PASSED] - PEListsTBL = ["0011":"QP-Formatted Address", "0012":"QP-0012", "0014":"QP-0014", "0015":"QP-0015", "0016":"QP-0016", "3214":"Dummy QP Name 3861", ... ]: null

2020-06-05 11:52:22 - [TEST_STEP][PASSED] - switch (DropdownNm): null

2020-06-05 11:52:22 - [TEST_STEP][PASSED] - case "PENo":: null

2020-06-05 11:52:22 - [TEST_STEP][PASSED] - ValueFound = FindValue + " (" + get(FindValue).toString() + ")": null

2020-06-05 11:52:22 - [TEST_STEP][PASSED] - break: null

2020-06-05 11:52:22 - [MESSAGE][PASSED] - Call Test Case 'Test Cases/PFI Precision and Scale/HashMap Tables/PELists' successfully

2020-06-05 11:52:22 - [TEST_STEP][PASSED] - println(ValueFound): null

2020-06-05 11:52:22 - [TEST_STEP][PASSED] - sendKeys(NewInputNmField, Keys.chord(ARROW_DOWN)): Keys 'DOWN + ' sent to object: 'Object Repository/Objects.HighlightElements/input_field'

2020-06-05 11:52:22 - [MESSAGE][PASSED] - Keys 'DOWN + ' sent to object: 'Object Repository/Objects.HighlightElements/input_field'

2020-06-05 11:52:22 - [TEST_STEP][PASSED] - sendKeys(NewInputNmField, Keys.chord(ARROW_DOWN)): Keys 'DOWN + ' sent to object: 'Object Repository/Objects.HighlightElements/input_field'

2020-06-05 11:52:22 - [MESSAGE][PASSED] - Keys 'DOWN + ' sent to object: 'Object Repository/Objects.HighlightElements/input_field'

2020-06-05 11:52:22 - [TEST_STEP][PASSED] - delay(DelayTime): Delayed 5 second(s)

2020-06-05 11:52:27 - [MESSAGE][PASSED] - Delayed 5 second(s)

2020-06-05 11:52:27 - [TEST_STEP][PASSED] - sendKeys(NewInputNmField, Keys.chord(ENTER)): Keys 'ENTER + ' sent to object: 'Object Repository/Objects.HighlightElements/input_field'

2020-06-05 11:52:27 - [MESSAGE][PASSED] - Keys 'ENTER + ' sent to object: 'Object Repository/Objects.HighlightElements/input_field'

2020-06-05 11:52:27 - [TEST_STEP][PASSED] - ComboBoxValue = getAttribute(NewInputNmField, "value"): Attribute 'value' of object 'Object Repository/Objects.HighlightElements/input_field' is: '0011'

2020-06-05 11:52:27 - [MESSAGE][PASSED] - Attribute 'value' of object 'Object Repository/Objects.HighlightElements/input_field' is: '0011'

2020-06-05 11:52:27 - [TEST_STEP][PASSED] - callTestCase(findTestCase(CallTCName), ["FindValue":ComboBoxValue, "DropdownNm":comboNm], STOP_ON_FAILURE): Call Test Case 'Test Cases/PFI Precision and Scale/HashMap Tables/PELists' successfully

2020-06-05 11:52:27 - [TEST_CASE][PASSED] - Test Cases/PFI Precision and Scale/HashMap Tables/PELists: Test Cases/PFI Precision and Scale/HashMap Tables/PELists

2020-06-05 11:52:27 - [TEST_STEP][PASSED] - Thread.sleep(1000): null

2020-06-05 11:52:28 - [TEST_STEP][PASSED] - PEListsTBL = ["0011":"QP-Formatted Address", "0012":"QP-0012", "0014":"QP-0014", "0015":"QP-0015", "0016":"QP-0016", "3214":"Dummy QP Name 3861", ... ]: null

2020-06-05 11:52:28 - [TEST_STEP][PASSED] - switch (DropdownNm): null

2020-06-05 11:52:28 - [TEST_STEP][PASSED] - case "PENo":: null

2020-06-05 11:52:28 - [TEST_STEP][PASSED] - ValueFound = FindValue + " (" + get(FindValue).toString() + ")": null

2020-06-05 11:52:28 - [TEST_STEP][PASSED] - break: null

2020-06-05 11:52:28 - [MESSAGE][PASSED] - Call Test Case 'Test Cases/PFI Precision and Scale/HashMap Tables/PELists' successfully

2020-06-05 11:52:28 - [TEST_STEP][PASSED] - println(ValueFound): null

2020-06-05 11:52:28 - [TEST_STEP][PASSED] - sendKeys(NewInputNmField, Keys.chord(ARROW_DOWN)): Keys 'DOWN + ' sent to object: 'Object Repository/Objects.HighlightElements/input_field'

2020-06-05 11:52:28 - [MESSAGE][PASSED] - Keys 'DOWN + ' sent to object: 'Object Repository/Objects.HighlightElements/input_field'

2020-06-05 11:52:28 - [TEST_STEP][PASSED] - sendKeys(NewInputNmField, Keys.chord(ARROW_DOWN)): Keys 'DOWN + ' sent to object: 'Object Repository/Objects.HighlightElements/input_field'

2020-06-05 11:52:28 - [MESSAGE][PASSED] - Keys 'DOWN + ' sent to object: 'Object Repository/Objects.HighlightElements/input_field'

2020-06-05 11:52:28 - [TEST_STEP][PASSED] - delay(DelayTime): Delayed 5 second(s)

2020-06-05 11:52:33 - [MESSAGE][PASSED] - Delayed 5 second(s)

2020-06-05 11:52:33 - [TEST_STEP][PASSED] - sendKeys(NewInputNmField, Keys.chord(ENTER)): Keys 'ENTER + ' sent to object: 'Object Repository/Objects.HighlightElements/input_field'

2020-06-05 11:52:33 - [MESSAGE][PASSED] - Keys 'ENTER + ' sent to object: 'Object Repository/Objects.HighlightElements/input_field'

2020-06-05 11:52:33 - [TEST_STEP][PASSED] - ComboBoxValue = getAttribute(NewInputNmField, "value"): Attribute 'value' of object 'Object Repository/Objects.HighlightElements/input_field' is: '7004'

2020-06-05 11:52:33 - [MESSAGE][PASSED] - Attribute 'value' of object 'Object Repository/Objects.HighlightElements/input_field' is: '7004'

2020-06-05 11:52:33 - [TEST_STEP][PASSED] - callTestCase(findTestCase(CallTCName), ["FindValue":ComboBoxValue, "DropdownNm":comboNm], STOP_ON_FAILURE): Call Test Case 'Test Cases/PFI Precision and Scale/HashMap Tables/PELists' successfully

2020-06-05 11:52:33 - [TEST_CASE][PASSED] - Test Cases/PFI Precision and Scale/HashMap Tables/PELists: Test Cases/PFI Precision and Scale/HashMap Tables/PELists

2020-06-05 11:52:34 - [TEST_STEP][PASSED] - Thread.sleep(1000): null

2020-06-05 11:52:35 - [TEST_STEP][PASSED] - PEListsTBL = ["0011":"QP-Formatted Address", "0012":"QP-0012", "0014":"QP-0014", "0015":"QP-0015", "0016":"QP-0016", "3214":"Dummy QP Name 3861", ... ]: null

2020-06-05 11:52:35 - [TEST_STEP][PASSED] - switch (DropdownNm): null

2020-06-05 11:52:35 - [TEST_STEP][PASSED] - case "PENo":: null

2020-06-05 11:52:35 - [TEST_STEP][PASSED] - ValueFound = FindValue + " (" + get(FindValue).toString() + ")": null

2020-06-05 11:52:35 - [TEST_STEP][PASSED] - break: null

2020-06-05 11:52:35 - [MESSAGE][PASSED] - Call Test Case 'Test Cases/PFI Precision and Scale/HashMap Tables/PELists' successfully

2020-06-05 11:52:35 - [TEST_STEP][PASSED] - println(ValueFound): null

2020-06-05 11:52:35 - [TEST_STEP][PASSED] - sendKeys(NewInputNmField, Keys.chord(ARROW_DOWN)): Keys 'DOWN + ' sent to object: 'Object Repository/Objects.HighlightElements/input_field'

2020-06-05 11:52:35 - [MESSAGE][PASSED] - Keys 'DOWN + ' sent to object: 'Object Repository/Objects.HighlightElements/input_field'

2020-06-05 11:52:35 - [TEST_STEP][PASSED] - sendKeys(NewInputNmField, Keys.chord(ARROW_DOWN)): Keys 'DOWN + ' sent to object: 'Object Repository/Objects.HighlightElements/input_field'

2020-06-05 11:52:35 - [MESSAGE][PASSED] - Keys 'DOWN + ' sent to object: 'Object Repository/Objects.HighlightElements/input_field'

2020-06-05 11:52:35 - [TEST_STEP][PASSED] - delay(DelayTime): Delayed 5 second(s)

2020-06-05 11:52:40 - [MESSAGE][PASSED] - Delayed 5 second(s)

2020-06-05 11:52:40 - [TEST_STEP][PASSED] - sendKeys(NewInputNmField, Keys.chord(ENTER)): Keys 'ENTER + ' sent to object: 'Object Repository/Objects.HighlightElements/input_field'

2020-06-05 11:52:40 - [MESSAGE][PASSED] - Keys 'ENTER + ' sent to object: 'Object Repository/Objects.HighlightElements/input_field'

2020-06-05 11:52:40 - [TEST_STEP][PASSED] - ComboBoxValue = getAttribute(NewInputNmField, "value"): Attribute 'value' of object 'Object Repository/Objects.HighlightElements/input_field' is: '1004'

2020-06-05 11:52:40 - [MESSAGE][PASSED] - Attribute 'value' of object 'Object Repository/Objects.HighlightElements/input_field' is: '1004'

2020-06-05 11:52:40 - [TEST_STEP][PASSED] - callTestCase(findTestCase(CallTCName), ["FindValue":ComboBoxValue, "DropdownNm":comboNm], STOP_ON_FAILURE): Call Test Case 'Test Cases/PFI Precision and Scale/HashMap Tables/PELists' successfully

2020-06-05 11:52:40 - [TEST_CASE][PASSED] - Test Cases/PFI Precision and Scale/HashMap Tables/PELists: Test Cases/PFI Precision and Scale/HashMap Tables/PELists

2020-06-05 11:52:40 - [TEST_STEP][PASSED] - Thread.sleep(1000): null

2020-06-05 11:52:41 - [TEST_STEP][PASSED] - PEListsTBL = ["0011":"QP-Formatted Address", "0012":"QP-0012", "0014":"QP-0014", "0015":"QP-0015", "0016":"QP-0016", "3214":"Dummy QP Name 3861", ... ]: null

2020-06-05 11:52:41 - [TEST_STEP][PASSED] - switch (DropdownNm): null

2020-06-05 11:52:41 - [TEST_STEP][PASSED] - case "PENo":: null

2020-06-05 11:52:41 - [TEST_STEP][PASSED] - ValueFound = FindValue + " (" + get(FindValue).toString() + ")": null

2020-06-05 11:52:41 - [TEST_STEP][PASSED] - break: null

2020-06-05 11:52:41 - [MESSAGE][PASSED] - Call Test Case 'Test Cases/PFI Precision and Scale/HashMap Tables/PELists' successfully

2020-06-05 11:52:41 - [TEST_STEP][PASSED] - println(ValueFound): null

2020-06-05 11:52:41 - [TEST_STEP][PASSED] - sendKeys(NewInputNmField, Keys.chord(ARROW_DOWN)): Keys 'DOWN + ' sent to object: 'Object Repository/Objects.HighlightElements/input_field'

2020-06-05 11:52:41 - [MESSAGE][PASSED] - Keys 'DOWN + ' sent to object: 'Object Repository/Objects.HighlightElements/input_field'

2020-06-05 11:52:41 - [TEST_STEP][PASSED] - sendKeys(NewInputNmField, Keys.chord(ARROW_DOWN)): Keys 'DOWN + ' sent to object: 'Object Repository/Objects.HighlightElements/input_field'

2020-06-05 11:52:41 - [MESSAGE][PASSED] - Keys 'DOWN + ' sent to object: 'Object Repository/Objects.HighlightElements/input_field'

2020-06-05 11:52:41 - [TEST_STEP][PASSED] - delay(DelayTime): Delayed 5 second(s)

2020-06-05 11:52:46 - [MESSAGE][PASSED] - Delayed 5 second(s)

2020-06-05 11:52:46 - [TEST_STEP][PASSED] - sendKeys(NewInputNmField, Keys.chord(ENTER)): Keys 'ENTER + ' sent to object: 'Object Repository/Objects.HighlightElements/input_field'

2020-06-05 11:52:46 - [MESSAGE][PASSED] - Keys 'ENTER + ' sent to object: 'Object Repository/Objects.HighlightElements/input_field'

2020-06-05 11:52:46 - [TEST_STEP][PASSED] - ComboBoxValue = getAttribute(NewInputNmField, "value"): Attribute 'value' of object 'Object Repository/Objects.HighlightElements/input_field' is: '1003'

2020-06-05 11:52:46 - [MESSAGE][PASSED] - Attribute 'value' of object 'Object Repository/Objects.HighlightElements/input_field' is: '1003'

2020-06-05 11:52:46 - [TEST_STEP][PASSED] - callTestCase(findTestCase(CallTCName), ["FindValue":ComboBoxValue, "DropdownNm":comboNm], STOP_ON_FAILURE): Call Test Case 'Test Cases/PFI Precision and Scale/HashMap Tables/PELists' successfully

2020-06-05 11:52:46 - [TEST_CASE][PASSED] - Test Cases/PFI Precision and Scale/HashMap Tables/PELists: Test Cases/PFI Precision and Scale/HashMap Tables/PELists

2020-06-05 11:52:46 - [TEST_STEP][PASSED] - Thread.sleep(1000): null

2020-06-05 11:52:47 - [TEST_STEP][PASSED] - PEListsTBL = ["0011":"QP-Formatted Address", "0012":"QP-0012", "0014":"QP-0014", "0015":"QP-0015", "0016":"QP-0016", "3214":"Dummy QP Name 3861", ... ]: null

2020-06-05 11:52:47 - [TEST_STEP][PASSED] - switch (DropdownNm): null

2020-06-05 11:52:47 - [TEST_STEP][PASSED] - case "PENo":: null

2020-06-05 11:52:47 - [TEST_STEP][PASSED] - ValueFound = FindValue + " (" + get(FindValue).toString() + ")": null

2020-06-05 11:52:47 - [TEST_STEP][PASSED] - break: null

2020-06-05 11:52:47 - [MESSAGE][PASSED] - Call Test Case 'Test Cases/PFI Precision and Scale/HashMap Tables/PELists' successfully

2020-06-05 11:52:47 - [TEST_STEP][PASSED] - println(ValueFound): null

2020-06-05 11:52:47 - [TEST_STEP][PASSED] - sendKeys(NewInputNmField, Keys.chord(ARROW_DOWN)): Keys 'DOWN + ' sent to object: 'Object Repository/Objects.HighlightElements/input_field'

2020-06-05 11:52:47 - [MESSAGE][PASSED] - Keys 'DOWN + ' sent to object: 'Object Repository/Objects.HighlightElements/input_field'

2020-06-05 11:52:47 - [TEST_STEP][PASSED] - sendKeys(NewInputNmField, Keys.chord(ARROW_DOWN)): Keys 'DOWN + ' sent to object: 'Object Repository/Objects.HighlightElements/input_field'

2020-06-05 11:52:47 - [MESSAGE][PASSED] - Keys 'DOWN + ' sent to object: 'Object Repository/Objects.HighlightElements/input_field'

2020-06-05 11:52:47 - [TEST_STEP][PASSED] - delay(DelayTime): Delayed 5 second(s)

2020-06-05 11:52:52 - [MESSAGE][PASSED] - Delayed 5 second(s)

2020-06-05 11:52:52 - [TEST_STEP][PASSED] - sendKeys(NewInputNmField, Keys.chord(ENTER)): Keys 'ENTER + ' sent to object: 'Object Repository/Objects.HighlightElements/input_field'

2020-06-05 11:52:52 - [MESSAGE][PASSED] - Keys 'ENTER + ' sent to object: 'Object Repository/Objects.HighlightElements/input_field'

2020-06-05 11:52:52 - [TEST_STEP][PASSED] - ComboBoxValue = getAttribute(NewInputNmField, "value"): Attribute 'value' of object 'Object Repository/Objects.HighlightElements/input_field' is: '1123'

2020-06-05 11:52:52 - [MESSAGE][PASSED] - Attribute 'value' of object 'Object Repository/Objects.HighlightElements/input_field' is: '1123'

2020-06-05 11:52:52 - [TEST_STEP][PASSED] - callTestCase(findTestCase(CallTCName), ["FindValue":ComboBoxValue, "DropdownNm":comboNm], STOP_ON_FAILURE): Call Test Case 'Test Cases/PFI Precision and Scale/HashMap Tables/PELists' successfully

2020-06-05 11:52:52 - [TEST_CASE][PASSED] - Test Cases/PFI Precision and Scale/HashMap Tables/PELists: Test Cases/PFI Precision and Scale/HashMap Tables/PELists

2020-06-05 11:52:52 - [TEST_STEP][PASSED] - Thread.sleep(1000): null

2020-06-05 11:52:53 - [TEST_STEP][PASSED] - PEListsTBL = ["0011":"QP-Formatted Address", "0012":"QP-0012", "0014":"QP-0014", "0015":"QP-0015", "0016":"QP-0016", "3214":"Dummy QP Name 3861", ... ]: null

2020-06-05 11:52:53 - [TEST_STEP][PASSED] - switch (DropdownNm): null

2020-06-05 11:52:53 - [TEST_STEP][PASSED] - case "PENo":: null

2020-06-05 11:52:53 - [TEST_STEP][PASSED] - ValueFound = FindValue + " (" + get(FindValue).toString() + ")": null

2020-06-05 11:52:53 - [TEST_STEP][PASSED] - break: null

2020-06-05 11:52:53 - [MESSAGE][PASSED] - Call Test Case 'Test Cases/PFI Precision and Scale/HashMap Tables/PELists' successfully

2020-06-05 11:52:53 - [TEST_STEP][PASSED] - println(ValueFound): null

2020-06-05 11:52:53 - [TEST_STEP][PASSED] - sendKeys(NewInputNmField, Keys.chord(ARROW_DOWN)): Keys 'DOWN + ' sent to object: 'Object Repository/Objects.HighlightElements/input_field'

2020-06-05 11:52:53 - [MESSAGE][PASSED] - Keys 'DOWN + ' sent to object: 'Object Repository/Objects.HighlightElements/input_field'

2020-06-05 11:52:53 - [TEST_STEP][PASSED] - sendKeys(NewInputNmField, Keys.chord(ENTER)): Keys 'ENTER + ' sent to object: 'Object Repository/Objects.HighlightElements/input_field'

2020-06-05 11:52:53 - [MESSAGE][PASSED] - Keys 'ENTER + ' sent to object: 'Object Repository/Objects.HighlightElements/input_field'

2020-06-05 11:52:53 - [MESSAGE][PASSED] - Call Test Case 'Test Cases/PFI Precision and Scale/PFI Components/VerifyDropdownValues' successfully

2020-06-05 11:52:53 - [TEST_STEP][NOT_RUN] - callTestCase(findTestCase("Components/Logout"), ["LogoutPageTextToBeVerified":findTestData("Datatable").getValue("HomeBanner", 2)], STOP_ON_FAILURE): NOT_RUN: callTestCase(findTestCase("Components/Logout"), ["LogoutPageTextToBeVerified":findTestData("Datatable").getValue("HomeBanner", 2)], STOP_ON_FAILURE)

2020-06-05 11:52:53 - [MESSAGE][NOT_RUN] - NOT_RUN: callTestCase(findTestCase("Components/Logout"), ["LogoutPageTextToBeVerified":findTestData("Datatable").getValue("HomeBanner", 2)], STOP_ON_FAILURE)]]></system-out>
         <system-err><![CDATA[]]></system-err>
      </testcase>
      <testcase name="Test Cases/PFI Precision and Scale/PFI Test Cases/Process Case (PFI)/PFI.UpdateReportsLHS" time="108.73" classname="Test Cases/PFI Precision and Scale/PFI Test Cases/Process Case (PFI)/PFI.UpdateReportsLHS" status="PASSED">
         <system-out><![CDATA[2020-06-05 11:52:53 - [TEST_CASE][PASSED] - Test Cases/PFI Precision and Scale/PFI Test Cases/Process Case (PFI)/PFI.UpdateReportsLHS: Test Cases/PFI Precision and Scale/PFI Test Cases/Process Case (PFI)/PFI.UpdateReportsLHS

2020-06-05 11:52:53 - [TEST_STEP][NOT_RUN] - callTestCase(findTestCase("Components/LoginV2.0"), ["LinkToBeUsed":findTestData("ISPS2 Test Data").getValue("URL", 2), "LoginPageTextToBeVerified":findTestData("ISPS2 Test Data").getValue("HomeBanner", 2), ... ], STOP_ON_FAILURE): NOT_RUN: callTestCase(findTestCase("Components/LoginV2.0"), ["LinkToBeUsed":findTestData("ISPS2 Test Data").getValue("URL", 2), "LoginPageTextToBeVerified":findTestData("ISPS2 Test Data").getValue("HomeBanner", 2), ... ], STOP_ON_FAILURE)

2020-06-05 11:52:53 - [MESSAGE][NOT_RUN] - NOT_RUN: callTestCase(findTestCase("Components/LoginV2.0"), ["LinkToBeUsed":findTestData("ISPS2 Test Data").getValue("URL", 2), "LoginPageTextToBeVerified":findTestData("ISPS2 Test Data").getValue("HomeBanner", 2), ... ], STOP_ON_FAILURE)

2020-06-05 11:52:53 - [TEST_STEP][NOT_RUN] - callTestCase(findTestCase("Components/NavigateToHomepageHeaders"), ["headerText":"My Tasks"], STOP_ON_FAILURE): NOT_RUN: callTestCase(findTestCase("Components/NavigateToHomepageHeaders"), ["headerText":"My Tasks"], STOP_ON_FAILURE)

2020-06-05 11:52:53 - [MESSAGE][NOT_RUN] - NOT_RUN: callTestCase(findTestCase("Components/NavigateToHomepageHeaders"), ["headerText":"My Tasks"], STOP_ON_FAILURE)

2020-06-05 11:52:53 - [TEST_STEP][NOT_RUN] - callTestCase(findTestCase("Components/Filter"), ["taskDescription":"Process Case (SM)"], STOP_ON_FAILURE): NOT_RUN: callTestCase(findTestCase("Components/Filter"), ["taskDescription":"Process Case (SM)"], STOP_ON_FAILURE)

2020-06-05 11:52:53 - [MESSAGE][NOT_RUN] - NOT_RUN: callTestCase(findTestCase("Components/Filter"), ["taskDescription":"Process Case (SM)"], STOP_ON_FAILURE)

2020-06-05 11:52:53 - [TEST_STEP][NOT_RUN] - callTestCase(findTestCase("Components/ClickLinkDependingOnTextAndIndex"), ["linkName":"Process Case (SM)", "index":"3"], STOP_ON_FAILURE): NOT_RUN: callTestCase(findTestCase("Components/ClickLinkDependingOnTextAndIndex"), ["linkName":"Process Case (SM)", "index":"3"], STOP_ON_FAILURE)

2020-06-05 11:52:53 - [MESSAGE][NOT_RUN] - NOT_RUN: callTestCase(findTestCase("Components/ClickLinkDependingOnTextAndIndex"), ["linkName":"Process Case (SM)", "index":"3"], STOP_ON_FAILURE)

2020-06-05 11:52:53 - [TEST_STEP][PASSED] - callTestCase(findTestCase("Components/NavigateToAnyLHS"), ["LHS":"Update Reports"], STOP_ON_FAILURE): Call Test Case 'Test Cases/Components/NavigateToAnyLHS' successfully

2020-06-05 11:52:54 - [TEST_CASE][PASSED] - Test Cases/Components/NavigateToAnyLHS: Test Cases/Components/NavigateToAnyLHS

2020-06-05 11:52:54 - [TEST_STEP][PASSED] - Thread.sleep(1000): null

2020-06-05 11:52:55 - [TEST_STEP][PASSED] - modifiedLHS = modifyObjectProperty(findTestObject("Objects.NavigateToAnyLHS/Page_ISPS2/LHSToModify"), "text", "equals", LHS, true): Modify property of object successfully

2020-06-05 11:52:55 - [MESSAGE][PASSED] - Modify property of object successfully

2020-06-05 11:52:55 - [TEST_STEP][PASSED] - click(modifiedLHS): Object: 'Object Repository/Objects.NavigateToAnyLHS/Page_ISPS2/LHSToModify' is clicked on

2020-06-05 11:52:55 - [MESSAGE][PASSED] - Object: 'Object Repository/Objects.NavigateToAnyLHS/Page_ISPS2/LHSToModify' is clicked on

2020-06-05 11:52:55 - [TEST_STEP][PASSED] - currentLHS = getText(modifiedLHS): Text of object 'Object Repository/Objects.NavigateToAnyLHS/Page_ISPS2/LHSToModify' is: 'Update Reports'

2020-06-05 11:52:55 - [MESSAGE][PASSED] - Text of object 'Object Repository/Objects.NavigateToAnyLHS/Page_ISPS2/LHSToModify' is: 'Update Reports'

2020-06-05 11:52:55 - [TEST_STEP][PASSED] - Thread.sleep(5000): null

2020-06-05 11:53:00 - [MESSAGE][PASSED] - Call Test Case 'Test Cases/Components/NavigateToAnyLHS' successfully

2020-06-05 11:53:00 - [TEST_STEP][PASSED] - callTestCase(findTestCase("Components/VerifyPageSuccessfullyLoadedII"), ["PageNm":"Update Reports"], STOP_ON_FAILURE): Call Test Case 'Test Cases/Components/VerifyPageSuccessfullyLoadedII' successfully

2020-06-05 11:53:00 - [TEST_CASE][PASSED] - Test Cases/Components/VerifyPageSuccessfullyLoadedII: Test Cases/Components/VerifyPageSuccessfullyLoadedII

2020-06-05 11:53:00 - [TEST_STEP][PASSED] - waitForPageLoad(5): Wait for page load successfully

2020-06-05 11:53:00 - [MESSAGE][PASSED] - Wait for page load successfully

2020-06-05 11:53:00 - [TEST_STEP][PASSED] - modifiedInputFld = modifyObjectProperty(findTestObject("Object Repository/Objects.VerifyPageSuccessfullyLoaded/PageHeaderIndex"), "xpath", "equals", "//*[contains(@class,'isps-page-title') and (text()='" + PageNm + "')]", true): Modify property of object successfully

2020-06-05 11:53:00 - [MESSAGE][PASSED] - Modify property of object successfully

2020-06-05 11:53:00 - [TEST_STEP][PASSED] - com.reusableComponents.HighlightElement.run(modifiedInputFld): com.reusableComponents.HighlightElement.run is PASSED

2020-06-05 11:53:00 - [MESSAGE][PASSED] - com.reusableComponents.HighlightElement.run is PASSED

2020-06-05 11:53:00 - [MESSAGE][PASSED] - Call Test Case 'Test Cases/Components/VerifyPageSuccessfullyLoadedII' successfully

2020-06-05 11:53:00 - [TEST_STEP][PASSED] - callTestCase(findTestCase("Components/ClickAddButtonII"), [:], STOP_ON_FAILURE): Call Test Case 'Test Cases/Components/ClickAddButtonII' successfully

2020-06-05 11:53:00 - [TEST_CASE][PASSED] - Test Cases/Components/ClickAddButtonII: Test Cases/Components/ClickAddButtonII

2020-06-05 11:53:00 - [TEST_STEP][PASSED] - Thread.sleep(1000): null

2020-06-05 11:53:01 - [TEST_STEP][PASSED] - com.reusableComponents.HighlightElement.run(findTestObject("Objects.ClickAddButtonII/XP_AddButton")): com.reusableComponents.HighlightElement.run is PASSED

2020-06-05 11:53:02 - [MESSAGE][PASSED] - com.reusableComponents.HighlightElement.run is PASSED

2020-06-05 11:53:02 - [TEST_STEP][PASSED] - click(findTestObject("Objects.ClickAddButtonII/XP_AddButton")): Object: 'Object Repository/Objects.ClickAddButtonII/XP_AddButton' is clicked on

2020-06-05 11:53:02 - [MESSAGE][PASSED] - Object: 'Object Repository/Objects.ClickAddButtonII/XP_AddButton' is clicked on

2020-06-05 11:53:02 - [TEST_STEP][PASSED] - Thread.sleep(5000): null

2020-06-05 11:53:07 - [MESSAGE][PASSED] - Call Test Case 'Test Cases/Components/ClickAddButtonII' successfully

2020-06-05 11:53:07 - [TEST_STEP][PASSED] - callTestCase(findTestCase("PFI Precision and Scale/PFI Components/RequiredFieldValidation"), ["nameToBeUsed":"dFormCode"], STOP_ON_FAILURE): Call Test Case 'Test Cases/PFI Precision and Scale/PFI Components/RequiredFieldValidation' successfully

2020-06-05 11:53:07 - [TEST_CASE][PASSED] - Test Cases/PFI Precision and Scale/PFI Components/RequiredFieldValidation: Test Cases/PFI Precision and Scale/PFI Components/RequiredFieldValidation

2020-06-05 11:53:07 - [TEST_STEP][PASSED] - Thread.sleep(1000): null

2020-06-05 11:53:08 - [TEST_STEP][PASSED] - NewInputNmField = modifyObjectProperty(findTestObject("Objects.HighlightElements/input_field"), "name", "equals", nameToBeUsed, true): Modify property of object successfully

2020-06-05 11:53:08 - [MESSAGE][PASSED] - Modify property of object successfully

2020-06-05 11:53:08 - [TEST_STEP][PASSED] - mouseOver(NewInputNmField): Object: 'Object Repository/Objects.HighlightElements/input_field' is hovered

2020-06-05 11:53:08 - [MESSAGE][PASSED] - Object: 'Object Repository/Objects.HighlightElements/input_field' is hovered

2020-06-05 11:53:08 - [TEST_STEP][PASSED] - getRqErrMsg = getAttribute(NewInputNmField, "data-errorqtip"): Attribute 'data-errorqtip' of object 'Object Repository/Objects.HighlightElements/input_field' is: '<ul class="x-list-plain"><li>This field is required</li></ul>'

2020-06-05 11:53:08 - [MESSAGE][PASSED] - Attribute 'data-errorqtip' of object 'Object Repository/Objects.HighlightElements/input_field' is: '<ul class="x-list-plain"><li>This field is required</li></ul>'

2020-06-05 11:53:08 - [TEST_STEP][PASSED] - strToolTip = getRqErrMsg.substring(29, 61): null

2020-06-05 11:53:08 - [TEST_STEP][PASSED] - toolTipReqErrMsg = strToolTip.substring(0, 22): null

2020-06-05 11:53:08 - [TEST_STEP][PASSED] - verifyMatch(toolTipReqErrMsg, RqField, true): Actual text 'This field is required' and expected text 'This field is required' are matched  using regular expression

2020-06-05 11:53:08 - [MESSAGE][PASSED] - Actual text 'This field is required' and expected text 'This field is required' are matched  using regular expression

2020-06-05 11:53:08 - [MESSAGE][PASSED] - Call Test Case 'Test Cases/PFI Precision and Scale/PFI Components/RequiredFieldValidation' successfully

2020-06-05 11:53:08 - [TEST_STEP][PASSED] - callTestCase(findTestCase("PFI Precision and Scale/PFI Components/RequiredFieldValidation"), ["nameToBeUsed":"rptRecvDt"], STOP_ON_FAILURE): Call Test Case 'Test Cases/PFI Precision and Scale/PFI Components/RequiredFieldValidation' successfully

2020-06-05 11:53:08 - [TEST_CASE][PASSED] - Test Cases/PFI Precision and Scale/PFI Components/RequiredFieldValidation: Test Cases/PFI Precision and Scale/PFI Components/RequiredFieldValidation

2020-06-05 11:53:08 - [TEST_STEP][PASSED] - Thread.sleep(1000): null

2020-06-05 11:53:09 - [TEST_STEP][PASSED] - NewInputNmField = modifyObjectProperty(findTestObject("Objects.HighlightElements/input_field"), "name", "equals", nameToBeUsed, true): Modify property of object successfully

2020-06-05 11:53:09 - [MESSAGE][PASSED] - Modify property of object successfully

2020-06-05 11:53:09 - [TEST_STEP][PASSED] - mouseOver(NewInputNmField): Object: 'Object Repository/Objects.HighlightElements/input_field' is hovered

2020-06-05 11:53:10 - [MESSAGE][PASSED] - Object: 'Object Repository/Objects.HighlightElements/input_field' is hovered

2020-06-05 11:53:10 - [TEST_STEP][PASSED] - getRqErrMsg = getAttribute(NewInputNmField, "data-errorqtip"): Attribute 'data-errorqtip' of object 'Object Repository/Objects.HighlightElements/input_field' is: '<ul class="x-list-plain"><li>This field is required</li></ul>'

2020-06-05 11:53:10 - [MESSAGE][PASSED] - Attribute 'data-errorqtip' of object 'Object Repository/Objects.HighlightElements/input_field' is: '<ul class="x-list-plain"><li>This field is required</li></ul>'

2020-06-05 11:53:10 - [TEST_STEP][PASSED] - strToolTip = getRqErrMsg.substring(29, 61): null

2020-06-05 11:53:10 - [TEST_STEP][PASSED] - toolTipReqErrMsg = strToolTip.substring(0, 22): null

2020-06-05 11:53:10 - [TEST_STEP][PASSED] - verifyMatch(toolTipReqErrMsg, RqField, true): Actual text 'This field is required' and expected text 'This field is required' are matched  using regular expression

2020-06-05 11:53:10 - [MESSAGE][PASSED] - Actual text 'This field is required' and expected text 'This field is required' are matched  using regular expression

2020-06-05 11:53:10 - [MESSAGE][PASSED] - Call Test Case 'Test Cases/PFI Precision and Scale/PFI Components/RequiredFieldValidation' successfully

2020-06-05 11:53:10 - [TEST_STEP][PASSED] - callTestCase(findTestCase("PFI Precision and Scale/PFI Components/RequiredFieldValidation"), ["nameToBeUsed":"rptTypeCode"], STOP_ON_FAILURE): Call Test Case 'Test Cases/PFI Precision and Scale/PFI Components/RequiredFieldValidation' successfully

2020-06-05 11:53:10 - [TEST_CASE][PASSED] - Test Cases/PFI Precision and Scale/PFI Components/RequiredFieldValidation: Test Cases/PFI Precision and Scale/PFI Components/RequiredFieldValidation

2020-06-05 11:53:10 - [TEST_STEP][PASSED] - Thread.sleep(1000): null

2020-06-05 11:53:11 - [TEST_STEP][PASSED] - NewInputNmField = modifyObjectProperty(findTestObject("Objects.HighlightElements/input_field"), "name", "equals", nameToBeUsed, true): Modify property of object successfully

2020-06-05 11:53:11 - [MESSAGE][PASSED] - Modify property of object successfully

2020-06-05 11:53:11 - [TEST_STEP][PASSED] - mouseOver(NewInputNmField): Object: 'Object Repository/Objects.HighlightElements/input_field' is hovered

2020-06-05 11:53:11 - [MESSAGE][PASSED] - Object: 'Object Repository/Objects.HighlightElements/input_field' is hovered

2020-06-05 11:53:11 - [TEST_STEP][PASSED] - getRqErrMsg = getAttribute(NewInputNmField, "data-errorqtip"): Attribute 'data-errorqtip' of object 'Object Repository/Objects.HighlightElements/input_field' is: '<ul class="x-list-plain"><li>This field is required</li></ul>'

2020-06-05 11:53:11 - [MESSAGE][PASSED] - Attribute 'data-errorqtip' of object 'Object Repository/Objects.HighlightElements/input_field' is: '<ul class="x-list-plain"><li>This field is required</li></ul>'

2020-06-05 11:53:11 - [TEST_STEP][PASSED] - strToolTip = getRqErrMsg.substring(29, 61): null

2020-06-05 11:53:11 - [TEST_STEP][PASSED] - toolTipReqErrMsg = strToolTip.substring(0, 22): null

2020-06-05 11:53:11 - [TEST_STEP][PASSED] - verifyMatch(toolTipReqErrMsg, RqField, true): Actual text 'This field is required' and expected text 'This field is required' are matched  using regular expression

2020-06-05 11:53:11 - [MESSAGE][PASSED] - Actual text 'This field is required' and expected text 'This field is required' are matched  using regular expression

2020-06-05 11:53:11 - [MESSAGE][PASSED] - Call Test Case 'Test Cases/PFI Precision and Scale/PFI Components/RequiredFieldValidation' successfully

2020-06-05 11:53:11 - [TEST_STEP][PASSED] - callTestCase(findTestCase("PFI Precision and Scale/PFI Components/RequiredFieldValidation"), ["nameToBeUsed":"rptComplyDt"], STOP_ON_FAILURE): Call Test Case 'Test Cases/PFI Precision and Scale/PFI Components/RequiredFieldValidation' successfully

2020-06-05 11:53:11 - [TEST_CASE][PASSED] - Test Cases/PFI Precision and Scale/PFI Components/RequiredFieldValidation: Test Cases/PFI Precision and Scale/PFI Components/RequiredFieldValidation

2020-06-05 11:53:11 - [TEST_STEP][PASSED] - Thread.sleep(1000): null

2020-06-05 11:53:12 - [TEST_STEP][PASSED] - NewInputNmField = modifyObjectProperty(findTestObject("Objects.HighlightElements/input_field"), "name", "equals", nameToBeUsed, true): Modify property of object successfully

2020-06-05 11:53:12 - [MESSAGE][PASSED] - Modify property of object successfully

2020-06-05 11:53:12 - [TEST_STEP][PASSED] - mouseOver(NewInputNmField): Object: 'Object Repository/Objects.HighlightElements/input_field' is hovered

2020-06-05 11:53:12 - [MESSAGE][PASSED] - Object: 'Object Repository/Objects.HighlightElements/input_field' is hovered

2020-06-05 11:53:12 - [TEST_STEP][PASSED] - getRqErrMsg = getAttribute(NewInputNmField, "data-errorqtip"): Attribute 'data-errorqtip' of object 'Object Repository/Objects.HighlightElements/input_field' is: '<ul class="x-list-plain"><li>This field is required</li></ul>'

2020-06-05 11:53:12 - [MESSAGE][PASSED] - Attribute 'data-errorqtip' of object 'Object Repository/Objects.HighlightElements/input_field' is: '<ul class="x-list-plain"><li>This field is required</li></ul>'

2020-06-05 11:53:12 - [TEST_STEP][PASSED] - strToolTip = getRqErrMsg.substring(29, 61): null

2020-06-05 11:53:12 - [TEST_STEP][PASSED] - toolTipReqErrMsg = strToolTip.substring(0, 22): null

2020-06-05 11:53:12 - [TEST_STEP][PASSED] - verifyMatch(toolTipReqErrMsg, RqField, true): Actual text 'This field is required' and expected text 'This field is required' are matched  using regular expression

2020-06-05 11:53:12 - [MESSAGE][PASSED] - Actual text 'This field is required' and expected text 'This field is required' are matched  using regular expression

2020-06-05 11:53:12 - [MESSAGE][PASSED] - Call Test Case 'Test Cases/PFI Precision and Scale/PFI Components/RequiredFieldValidation' successfully

2020-06-05 11:53:12 - [TEST_STEP][PASSED] - callTestCase(findTestCase("PFI Precision and Scale/PFI Components/RequiredFieldValidation"), ["nameToBeUsed":"submitBy"], STOP_ON_FAILURE): Call Test Case 'Test Cases/PFI Precision and Scale/PFI Components/RequiredFieldValidation' successfully

2020-06-05 11:53:12 - [TEST_CASE][PASSED] - Test Cases/PFI Precision and Scale/PFI Components/RequiredFieldValidation: Test Cases/PFI Precision and Scale/PFI Components/RequiredFieldValidation

2020-06-05 11:53:12 - [TEST_STEP][PASSED] - Thread.sleep(1000): null

2020-06-05 11:53:13 - [TEST_STEP][PASSED] - NewInputNmField = modifyObjectProperty(findTestObject("Objects.HighlightElements/input_field"), "name", "equals", nameToBeUsed, true): Modify property of object successfully

2020-06-05 11:53:13 - [MESSAGE][PASSED] - Modify property of object successfully

2020-06-05 11:53:13 - [TEST_STEP][PASSED] - mouseOver(NewInputNmField): Object: 'Object Repository/Objects.HighlightElements/input_field' is hovered

2020-06-05 11:53:14 - [MESSAGE][PASSED] - Object: 'Object Repository/Objects.HighlightElements/input_field' is hovered

2020-06-05 11:53:14 - [TEST_STEP][PASSED] - getRqErrMsg = getAttribute(NewInputNmField, "data-errorqtip"): Attribute 'data-errorqtip' of object 'Object Repository/Objects.HighlightElements/input_field' is: '<ul class="x-list-plain"><li>This field is required</li></ul>'

2020-06-05 11:53:14 - [MESSAGE][PASSED] - Attribute 'data-errorqtip' of object 'Object Repository/Objects.HighlightElements/input_field' is: '<ul class="x-list-plain"><li>This field is required</li></ul>'

2020-06-05 11:53:14 - [TEST_STEP][PASSED] - strToolTip = getRqErrMsg.substring(29, 61): null

2020-06-05 11:53:14 - [TEST_STEP][PASSED] - toolTipReqErrMsg = strToolTip.substring(0, 22): null

2020-06-05 11:53:14 - [TEST_STEP][PASSED] - verifyMatch(toolTipReqErrMsg, RqField, true): Actual text 'This field is required' and expected text 'This field is required' are matched  using regular expression

2020-06-05 11:53:14 - [MESSAGE][PASSED] - Actual text 'This field is required' and expected text 'This field is required' are matched  using regular expression

2020-06-05 11:53:14 - [MESSAGE][PASSED] - Call Test Case 'Test Cases/PFI Precision and Scale/PFI Components/RequiredFieldValidation' successfully

2020-06-05 11:53:14 - [TEST_STEP][PASSED] - callTestCase(findTestCase("PFI Precision and Scale/PFI Components/VerifyDropdownValues"), ["FldNm":"dFormCode", "CallTCName":"Test Cases/PFI Precision and Scale/HashMap Tables/ConstantHashMap", "cmbNm":"DForm", "NoOfVal":5, ... ], STOP_ON_FAILURE): Call Test Case 'Test Cases/PFI Precision and Scale/PFI Components/VerifyDropdownValues' successfully

2020-06-05 11:53:14 - [TEST_CASE][PASSED] - Test Cases/PFI Precision and Scale/PFI Components/VerifyDropdownValues: Test Cases/PFI Precision and Scale/PFI Components/VerifyDropdownValues

2020-06-05 11:53:14 - [TEST_STEP][PASSED] - Thread.sleep(1000): null

2020-06-05 11:53:15 - [TEST_STEP][PASSED] - NewInputNmField = modifyObjectProperty(findTestObject("Objects.HighlightElements/input_field"), "name", "equals", FldNm, true): Modify property of object successfully

2020-06-05 11:53:15 - [MESSAGE][PASSED] - Modify property of object successfully

2020-06-05 11:53:15 - [TEST_STEP][PASSED] - comboNm = cmbNm: null

2020-06-05 11:53:15 - [TEST_STEP][PASSED] - focus(NewInputNmField): Object: 'Object Repository/Objects.HighlightElements/input_field' is focused

2020-06-05 11:53:15 - [MESSAGE][PASSED] - Object: 'Object Repository/Objects.HighlightElements/input_field' is focused

2020-06-05 11:53:15 - [TEST_STEP][PASSED] - setText(NewInputNmField, EnterValue): Text '' is set on object 'Object Repository/Objects.HighlightElements/input_field'

2020-06-05 11:53:15 - [MESSAGE][PASSED] - Text '' is set on object 'Object Repository/Objects.HighlightElements/input_field'

2020-06-05 11:53:15 - [TEST_STEP][PASSED] - for ([i = 1, i <= NoOfVal, (i++)]): Keys 'DOWN + ' sent to object: 'Object Repository/Objects.HighlightElements/input_field'

2020-06-05 11:53:15 - [TEST_STEP][PASSED] - sendKeys(NewInputNmField, Keys.chord(ARROW_DOWN)): Keys 'DOWN + ' sent to object: 'Object Repository/Objects.HighlightElements/input_field'

2020-06-05 11:53:15 - [MESSAGE][PASSED] - Keys 'DOWN + ' sent to object: 'Object Repository/Objects.HighlightElements/input_field'

2020-06-05 11:53:15 - [TEST_STEP][PASSED] - delay(DelayTime): Delayed 2 second(s)

2020-06-05 11:53:17 - [MESSAGE][PASSED] - Delayed 2 second(s)

2020-06-05 11:53:17 - [TEST_STEP][PASSED] - sendKeys(NewInputNmField, Keys.chord(ENTER)): Keys 'ENTER + ' sent to object: 'Object Repository/Objects.HighlightElements/input_field'

2020-06-05 11:53:17 - [MESSAGE][PASSED] - Keys 'ENTER + ' sent to object: 'Object Repository/Objects.HighlightElements/input_field'

2020-06-05 11:53:17 - [TEST_STEP][PASSED] - ComboBoxValue = getAttribute(NewInputNmField, "value"): Attribute 'value' of object 'Object Repository/Objects.HighlightElements/input_field' is: 'D3'

2020-06-05 11:53:17 - [MESSAGE][PASSED] - Attribute 'value' of object 'Object Repository/Objects.HighlightElements/input_field' is: 'D3'

2020-06-05 11:53:17 - [TEST_STEP][PASSED] - callTestCase(findTestCase(CallTCName), ["FindValue":ComboBoxValue, "DropdownNm":comboNm], STOP_ON_FAILURE): Call Test Case 'Test Cases/PFI Precision and Scale/HashMap Tables/ConstantHashMap' successfully

2020-06-05 11:53:17 - [TEST_CASE][PASSED] - Test Cases/PFI Precision and Scale/HashMap Tables/ConstantHashMap: Test Cases/PFI Precision and Scale/HashMap Tables/ConstantHashMap

2020-06-05 11:53:17 - [TEST_STEP][PASSED] - ConstantTBL = [1:["PeriodType":"Working Day(s)"], 2:["PeriodType":"Calendar Day(s)"], 3:["PeriodType":"Month(s)"], 4:["TypeOfLetter":"T1"], ... ]: null

2020-06-05 11:53:17 - [TEST_STEP][PASSED] - switch (DropdownNm): null

2020-06-05 11:53:17 - [TEST_STEP][PASSED] - case "DForm":: null

2020-06-05 11:53:17 - [TEST_STEP][PASSED] - ValueFound = ConstantTBL.find({ -> ... }): null

2020-06-05 11:53:17 - [TEST_STEP][PASSED] - break: null

2020-06-05 11:53:17 - [MESSAGE][PASSED] - Call Test Case 'Test Cases/PFI Precision and Scale/HashMap Tables/ConstantHashMap' successfully

2020-06-05 11:53:17 - [TEST_STEP][PASSED] - println(ValueFound): null

2020-06-05 11:53:17 - [TEST_STEP][PASSED] - sendKeys(NewInputNmField, Keys.chord(ARROW_DOWN)): Keys 'DOWN + ' sent to object: 'Object Repository/Objects.HighlightElements/input_field'

2020-06-05 11:53:18 - [MESSAGE][PASSED] - Keys 'DOWN + ' sent to object: 'Object Repository/Objects.HighlightElements/input_field'

2020-06-05 11:53:18 - [TEST_STEP][PASSED] - sendKeys(NewInputNmField, Keys.chord(ARROW_DOWN)): Keys 'DOWN + ' sent to object: 'Object Repository/Objects.HighlightElements/input_field'

2020-06-05 11:53:18 - [MESSAGE][PASSED] - Keys 'DOWN + ' sent to object: 'Object Repository/Objects.HighlightElements/input_field'

2020-06-05 11:53:18 - [TEST_STEP][PASSED] - delay(DelayTime): Delayed 2 second(s)

2020-06-05 11:53:20 - [MESSAGE][PASSED] - Delayed 2 second(s)

2020-06-05 11:53:20 - [TEST_STEP][PASSED] - sendKeys(NewInputNmField, Keys.chord(ENTER)): Keys 'ENTER + ' sent to object: 'Object Repository/Objects.HighlightElements/input_field'

2020-06-05 11:53:20 - [MESSAGE][PASSED] - Keys 'ENTER + ' sent to object: 'Object Repository/Objects.HighlightElements/input_field'

2020-06-05 11:53:20 - [TEST_STEP][PASSED] - ComboBoxValue = getAttribute(NewInputNmField, "value"): Attribute 'value' of object 'Object Repository/Objects.HighlightElements/input_field' is: 'D4'

2020-06-05 11:53:20 - [MESSAGE][PASSED] - Attribute 'value' of object 'Object Repository/Objects.HighlightElements/input_field' is: 'D4'

2020-06-05 11:53:20 - [TEST_STEP][PASSED] - callTestCase(findTestCase(CallTCName), ["FindValue":ComboBoxValue, "DropdownNm":comboNm], STOP_ON_FAILURE): Call Test Case 'Test Cases/PFI Precision and Scale/HashMap Tables/ConstantHashMap' successfully

2020-06-05 11:53:20 - [TEST_CASE][PASSED] - Test Cases/PFI Precision and Scale/HashMap Tables/ConstantHashMap: Test Cases/PFI Precision and Scale/HashMap Tables/ConstantHashMap

2020-06-05 11:53:20 - [TEST_STEP][PASSED] - ConstantTBL = [1:["PeriodType":"Working Day(s)"], 2:["PeriodType":"Calendar Day(s)"], 3:["PeriodType":"Month(s)"], 4:["TypeOfLetter":"T1"], ... ]: null

2020-06-05 11:53:20 - [TEST_STEP][PASSED] - switch (DropdownNm): null

2020-06-05 11:53:20 - [TEST_STEP][PASSED] - case "DForm":: null

2020-06-05 11:53:20 - [TEST_STEP][PASSED] - ValueFound = ConstantTBL.find({ -> ... }): null

2020-06-05 11:53:20 - [TEST_STEP][PASSED] - break: null

2020-06-05 11:53:20 - [MESSAGE][PASSED] - Call Test Case 'Test Cases/PFI Precision and Scale/HashMap Tables/ConstantHashMap' successfully

2020-06-05 11:53:20 - [TEST_STEP][PASSED] - println(ValueFound): null

2020-06-05 11:53:20 - [TEST_STEP][PASSED] - sendKeys(NewInputNmField, Keys.chord(ARROW_DOWN)): Keys 'DOWN + ' sent to object: 'Object Repository/Objects.HighlightElements/input_field'

2020-06-05 11:53:20 - [MESSAGE][PASSED] - Keys 'DOWN + ' sent to object: 'Object Repository/Objects.HighlightElements/input_field'

2020-06-05 11:53:20 - [TEST_STEP][PASSED] - sendKeys(NewInputNmField, Keys.chord(ARROW_DOWN)): Keys 'DOWN + ' sent to object: 'Object Repository/Objects.HighlightElements/input_field'

2020-06-05 11:53:20 - [MESSAGE][PASSED] - Keys 'DOWN + ' sent to object: 'Object Repository/Objects.HighlightElements/input_field'

2020-06-05 11:53:20 - [TEST_STEP][PASSED] - delay(DelayTime): Delayed 2 second(s)

2020-06-05 11:53:22 - [MESSAGE][PASSED] - Delayed 2 second(s)

2020-06-05 11:53:22 - [TEST_STEP][PASSED] - sendKeys(NewInputNmField, Keys.chord(ENTER)): Keys 'ENTER + ' sent to object: 'Object Repository/Objects.HighlightElements/input_field'

2020-06-05 11:53:22 - [MESSAGE][PASSED] - Keys 'ENTER + ' sent to object: 'Object Repository/Objects.HighlightElements/input_field'

2020-06-05 11:53:22 - [TEST_STEP][PASSED] - ComboBoxValue = getAttribute(NewInputNmField, "value"): Attribute 'value' of object 'Object Repository/Objects.HighlightElements/input_field' is: 'D5'

2020-06-05 11:53:22 - [MESSAGE][PASSED] - Attribute 'value' of object 'Object Repository/Objects.HighlightElements/input_field' is: 'D5'

2020-06-05 11:53:22 - [TEST_STEP][PASSED] - callTestCase(findTestCase(CallTCName), ["FindValue":ComboBoxValue, "DropdownNm":comboNm], STOP_ON_FAILURE): Call Test Case 'Test Cases/PFI Precision and Scale/HashMap Tables/ConstantHashMap' successfully

2020-06-05 11:53:22 - [TEST_CASE][PASSED] - Test Cases/PFI Precision and Scale/HashMap Tables/ConstantHashMap: Test Cases/PFI Precision and Scale/HashMap Tables/ConstantHashMap

2020-06-05 11:53:22 - [TEST_STEP][PASSED] - ConstantTBL = [1:["PeriodType":"Working Day(s)"], 2:["PeriodType":"Calendar Day(s)"], 3:["PeriodType":"Month(s)"], 4:["TypeOfLetter":"T1"], ... ]: null

2020-06-05 11:53:22 - [TEST_STEP][PASSED] - switch (DropdownNm): null

2020-06-05 11:53:22 - [TEST_STEP][PASSED] - case "DForm":: null

2020-06-05 11:53:22 - [TEST_STEP][PASSED] - ValueFound = ConstantTBL.find({ -> ... }): null

2020-06-05 11:53:22 - [TEST_STEP][PASSED] - break: null

2020-06-05 11:53:22 - [MESSAGE][PASSED] - Call Test Case 'Test Cases/PFI Precision and Scale/HashMap Tables/ConstantHashMap' successfully

2020-06-05 11:53:22 - [TEST_STEP][PASSED] - println(ValueFound): null

2020-06-05 11:53:22 - [TEST_STEP][PASSED] - sendKeys(NewInputNmField, Keys.chord(ARROW_DOWN)): Keys 'DOWN + ' sent to object: 'Object Repository/Objects.HighlightElements/input_field'

2020-06-05 11:53:22 - [MESSAGE][PASSED] - Keys 'DOWN + ' sent to object: 'Object Repository/Objects.HighlightElements/input_field'

2020-06-05 11:53:22 - [TEST_STEP][PASSED] - sendKeys(NewInputNmField, Keys.chord(ARROW_DOWN)): Keys 'DOWN + ' sent to object: 'Object Repository/Objects.HighlightElements/input_field'

2020-06-05 11:53:22 - [MESSAGE][PASSED] - Keys 'DOWN + ' sent to object: 'Object Repository/Objects.HighlightElements/input_field'

2020-06-05 11:53:22 - [TEST_STEP][PASSED] - delay(DelayTime): Delayed 2 second(s)

2020-06-05 11:53:24 - [MESSAGE][PASSED] - Delayed 2 second(s)

2020-06-05 11:53:24 - [TEST_STEP][PASSED] - sendKeys(NewInputNmField, Keys.chord(ENTER)): Keys 'ENTER + ' sent to object: 'Object Repository/Objects.HighlightElements/input_field'

2020-06-05 11:53:24 - [MESSAGE][PASSED] - Keys 'ENTER + ' sent to object: 'Object Repository/Objects.HighlightElements/input_field'

2020-06-05 11:53:24 - [TEST_STEP][PASSED] - ComboBoxValue = getAttribute(NewInputNmField, "value"): Attribute 'value' of object 'Object Repository/Objects.HighlightElements/input_field' is: 'D6'

2020-06-05 11:53:24 - [MESSAGE][PASSED] - Attribute 'value' of object 'Object Repository/Objects.HighlightElements/input_field' is: 'D6'

2020-06-05 11:53:24 - [TEST_STEP][PASSED] - callTestCase(findTestCase(CallTCName), ["FindValue":ComboBoxValue, "DropdownNm":comboNm], STOP_ON_FAILURE): Call Test Case 'Test Cases/PFI Precision and Scale/HashMap Tables/ConstantHashMap' successfully

2020-06-05 11:53:24 - [TEST_CASE][PASSED] - Test Cases/PFI Precision and Scale/HashMap Tables/ConstantHashMap: Test Cases/PFI Precision and Scale/HashMap Tables/ConstantHashMap

2020-06-05 11:53:24 - [TEST_STEP][PASSED] - ConstantTBL = [1:["PeriodType":"Working Day(s)"], 2:["PeriodType":"Calendar Day(s)"], 3:["PeriodType":"Month(s)"], 4:["TypeOfLetter":"T1"], ... ]: null

2020-06-05 11:53:24 - [TEST_STEP][PASSED] - switch (DropdownNm): null

2020-06-05 11:53:24 - [TEST_STEP][PASSED] - case "DForm":: null

2020-06-05 11:53:24 - [TEST_STEP][PASSED] - ValueFound = ConstantTBL.find({ -> ... }): null

2020-06-05 11:53:24 - [TEST_STEP][PASSED] - break: null

2020-06-05 11:53:24 - [MESSAGE][PASSED] - Call Test Case 'Test Cases/PFI Precision and Scale/HashMap Tables/ConstantHashMap' successfully

2020-06-05 11:53:24 - [TEST_STEP][PASSED] - println(ValueFound): null

2020-06-05 11:53:24 - [TEST_STEP][PASSED] - sendKeys(NewInputNmField, Keys.chord(ARROW_DOWN)): Keys 'DOWN + ' sent to object: 'Object Repository/Objects.HighlightElements/input_field'

2020-06-05 11:53:24 - [MESSAGE][PASSED] - Keys 'DOWN + ' sent to object: 'Object Repository/Objects.HighlightElements/input_field'

2020-06-05 11:53:24 - [TEST_STEP][PASSED] - sendKeys(NewInputNmField, Keys.chord(ARROW_DOWN)): Keys 'DOWN + ' sent to object: 'Object Repository/Objects.HighlightElements/input_field'

2020-06-05 11:53:24 - [MESSAGE][PASSED] - Keys 'DOWN + ' sent to object: 'Object Repository/Objects.HighlightElements/input_field'

2020-06-05 11:53:25 - [TEST_STEP][PASSED] - delay(DelayTime): Delayed 2 second(s)

2020-06-05 11:53:27 - [MESSAGE][PASSED] - Delayed 2 second(s)

2020-06-05 11:53:27 - [TEST_STEP][PASSED] - sendKeys(NewInputNmField, Keys.chord(ENTER)): Keys 'ENTER + ' sent to object: 'Object Repository/Objects.HighlightElements/input_field'

2020-06-05 11:53:27 - [MESSAGE][PASSED] - Keys 'ENTER + ' sent to object: 'Object Repository/Objects.HighlightElements/input_field'

2020-06-05 11:53:27 - [TEST_STEP][PASSED] - ComboBoxValue = getAttribute(NewInputNmField, "value"): Attribute 'value' of object 'Object Repository/Objects.HighlightElements/input_field' is: 'D7'

2020-06-05 11:53:27 - [MESSAGE][PASSED] - Attribute 'value' of object 'Object Repository/Objects.HighlightElements/input_field' is: 'D7'

2020-06-05 11:53:27 - [TEST_STEP][PASSED] - callTestCase(findTestCase(CallTCName), ["FindValue":ComboBoxValue, "DropdownNm":comboNm], STOP_ON_FAILURE): Call Test Case 'Test Cases/PFI Precision and Scale/HashMap Tables/ConstantHashMap' successfully

2020-06-05 11:53:27 - [TEST_CASE][PASSED] - Test Cases/PFI Precision and Scale/HashMap Tables/ConstantHashMap: Test Cases/PFI Precision and Scale/HashMap Tables/ConstantHashMap

2020-06-05 11:53:27 - [TEST_STEP][PASSED] - ConstantTBL = [1:["PeriodType":"Working Day(s)"], 2:["PeriodType":"Calendar Day(s)"], 3:["PeriodType":"Month(s)"], 4:["TypeOfLetter":"T1"], ... ]: null

2020-06-05 11:53:27 - [TEST_STEP][PASSED] - switch (DropdownNm): null

2020-06-05 11:53:27 - [TEST_STEP][PASSED] - case "DForm":: null

2020-06-05 11:53:27 - [TEST_STEP][PASSED] - ValueFound = ConstantTBL.find({ -> ... }): null

2020-06-05 11:53:27 - [TEST_STEP][PASSED] - break: null

2020-06-05 11:53:27 - [MESSAGE][PASSED] - Call Test Case 'Test Cases/PFI Precision and Scale/HashMap Tables/ConstantHashMap' successfully

2020-06-05 11:53:27 - [TEST_STEP][PASSED] - println(ValueFound): null

2020-06-05 11:53:27 - [TEST_STEP][PASSED] - sendKeys(NewInputNmField, Keys.chord(ARROW_DOWN)): Keys 'DOWN + ' sent to object: 'Object Repository/Objects.HighlightElements/input_field'

2020-06-05 11:53:27 - [MESSAGE][PASSED] - Keys 'DOWN + ' sent to object: 'Object Repository/Objects.HighlightElements/input_field'

2020-06-05 11:53:27 - [TEST_STEP][PASSED] - sendKeys(NewInputNmField, Keys.chord(ENTER)): Keys 'ENTER + ' sent to object: 'Object Repository/Objects.HighlightElements/input_field'

2020-06-05 11:53:27 - [MESSAGE][PASSED] - Keys 'ENTER + ' sent to object: 'Object Repository/Objects.HighlightElements/input_field'

2020-06-05 11:53:27 - [MESSAGE][PASSED] - Call Test Case 'Test Cases/PFI Precision and Scale/PFI Components/VerifyDropdownValues' successfully

2020-06-05 11:53:27 - [TEST_STEP][PASSED] - callTestCase(findTestCase("PFI Precision and Scale/PFI Components with Indexing/SelectDayInDatePickerWithIndex"), ["FldNm":"rptRecvDt", "SelectCurrentDay":"19", "index":5], STOP_ON_FAILURE): Call Test Case 'Test Cases/PFI Precision and Scale/PFI Components with Indexing/SelectDayInDatePickerWithIndex' successfully

2020-06-05 11:53:27 - [TEST_CASE][PASSED] - Test Cases/PFI Precision and Scale/PFI Components with Indexing/SelectDayInDatePickerWithIndex: Test Cases/PFI Precision and Scale/PFI Components with Indexing/SelectDayInDatePickerWithIndex

2020-06-05 11:53:27 - [TEST_STEP][PASSED] - Thread.sleep(1000): null

2020-06-05 11:53:28 - [TEST_STEP][PASSED] - DateFieldNm = modifyObjectProperty(findTestObject("Objects.HighlightElements/input_field"), "name", "equals", FldNm, true): Modify property of object successfully

2020-06-05 11:53:28 - [MESSAGE][PASSED] - Modify property of object successfully

2020-06-05 11:53:28 - [TEST_STEP][PASSED] - ModifyDay = modifyObjectProperty(findTestObject("Objects.DateValidation/Page_ISPS2/Select_Day_Index"), "xpath", "equals", "(//*[contains(@class, 'x-datepicker-date') and (text() = '" + SelectCurrentDay + "')])[" + index + "]", true): Modify property of object successfully

2020-06-05 11:53:28 - [MESSAGE][PASSED] - Modify property of object successfully

2020-06-05 11:53:28 - [TEST_STEP][PASSED] - sendKeys(DateFieldNm, Keys.chord(ARROW_DOWN)): Keys 'DOWN + ' sent to object: 'Object Repository/Objects.HighlightElements/input_field'

2020-06-05 11:53:28 - [MESSAGE][PASSED] - Keys 'DOWN + ' sent to object: 'Object Repository/Objects.HighlightElements/input_field'

2020-06-05 11:53:28 - [TEST_STEP][PASSED] - com.reusableComponents.HighlightElement.run(ModifyDay): com.reusableComponents.HighlightElement.run is PASSED

2020-06-05 11:53:29 - [MESSAGE][PASSED] - com.reusableComponents.HighlightElement.run is PASSED

2020-06-05 11:53:29 - [TEST_STEP][PASSED] - delay(1): Delayed 1 second(s)

2020-06-05 11:53:30 - [MESSAGE][PASSED] - Delayed 1 second(s)

2020-06-05 11:53:30 - [TEST_STEP][PASSED] - click(ModifyDay): Object: 'Object Repository/Objects.DateValidation/Page_ISPS2/Select_Day_Index' is clicked on

2020-06-05 11:53:30 - [MESSAGE][PASSED] - Object: 'Object Repository/Objects.DateValidation/Page_ISPS2/Select_Day_Index' is clicked on

2020-06-05 11:53:30 - [TEST_STEP][PASSED] - GetError = getAttribute(DateFieldNm, "data-errorqtip"): Attribute 'data-errorqtip' of object 'Object Repository/Objects.HighlightElements/input_field' is: ''

2020-06-05 11:53:30 - [MESSAGE][PASSED] - Attribute 'data-errorqtip' of object 'Object Repository/Objects.HighlightElements/input_field' is: ''

2020-06-05 11:53:30 - [TEST_STEP][PASSED] - if (GetError == ""): null

2020-06-05 11:53:30 - [TEST_STEP][PASSED] - GetEnteredDate = getAttribute(DateFieldNm, "value"): Attribute 'value' of object 'Object Repository/Objects.HighlightElements/input_field' is: '19/06/2020'

2020-06-05 11:53:30 - [MESSAGE][PASSED] - Attribute 'value' of object 'Object Repository/Objects.HighlightElements/input_field' is: '19/06/2020'

2020-06-05 11:53:30 - [TEST_STEP][PASSED] - DatePattern = Pattern.compile("^(1[0-2]|0[1-9])/(3[01]|[12][0-9]|0[1-9])/[0-9]{4}$"): null

2020-06-05 11:53:30 - [TEST_STEP][PASSED] - VerifyDateFormat = DatePattern.matcher(GetEnteredDate): null

2020-06-05 11:53:30 - [TEST_STEP][PASSED] - if (VerifyDateFormat.matches() == true): null

2020-06-05 11:53:30 - [MESSAGE][PASSED] - Call Test Case 'Test Cases/PFI Precision and Scale/PFI Components with Indexing/SelectDayInDatePickerWithIndex' successfully

2020-06-05 11:53:30 - [TEST_STEP][PASSED] - callTestCase(findTestCase("PFI Precision and Scale/PFI Components/SelectTodayInDatePicker"), ["FldNm":"rptRecvDt", "index":"5"], STOP_ON_FAILURE): Call Test Case 'Test Cases/PFI Precision and Scale/PFI Components/SelectTodayInDatePicker' successfully

2020-06-05 11:53:30 - [TEST_CASE][PASSED] - Test Cases/PFI Precision and Scale/PFI Components/SelectTodayInDatePicker: Test Cases/PFI Precision and Scale/PFI Components/SelectTodayInDatePicker

2020-06-05 11:53:30 - [TEST_STEP][PASSED] - Thread.sleep(1000): null

2020-06-05 11:53:31 - [TEST_STEP][PASSED] - date = new java.util.Date(): null

2020-06-05 11:53:31 - [TEST_STEP][PASSED] - CurrentDate = new java.text.SimpleDateFormat(dd/MM/yyyy): null

2020-06-05 11:53:31 - [TEST_STEP][PASSED] - TodayDate = CurrentDate.format(date): null

2020-06-05 11:53:31 - [TEST_STEP][PASSED] - DateFieldNm = modifyObjectProperty(findTestObject("Object Repository/Objects.DateValidation/Page_ISPS2/input__orderDt"), "name", "equals", FldNm, true): Modify property of object successfully

2020-06-05 11:53:31 - [MESSAGE][PASSED] - Modify property of object successfully

2020-06-05 11:53:31 - [TEST_STEP][PASSED] - TodayBtn = modifyObjectProperty(findTestObject("Object Repository/Objects.DateValidation/Page_ISPS2/a_Today"), "xpath", "equals", "(//*[text() = 'Today'])[" + index + "]", true): Modify property of object successfully

2020-06-05 11:53:31 - [MESSAGE][PASSED] - Modify property of object successfully

2020-06-05 11:53:31 - [TEST_STEP][PASSED] - sendKeys(DateFieldNm, Keys.chord(ARROW_DOWN)): Keys 'DOWN + ' sent to object: 'Object Repository/Objects.DateValidation/Page_ISPS2/input__orderDt'

2020-06-05 11:53:31 - [MESSAGE][PASSED] - Keys 'DOWN + ' sent to object: 'Object Repository/Objects.DateValidation/Page_ISPS2/input__orderDt'

2020-06-05 11:53:31 - [TEST_STEP][PASSED] - com.reusableComponents.HighlightElement.run(TodayBtn): com.reusableComponents.HighlightElement.run is PASSED

2020-06-05 11:53:32 - [MESSAGE][PASSED] - com.reusableComponents.HighlightElement.run is PASSED

2020-06-05 11:53:32 - [TEST_STEP][PASSED] - click(TodayBtn): Object: 'Object Repository/Objects.DateValidation/Page_ISPS2/a_Today' is clicked on

2020-06-05 11:53:32 - [MESSAGE][PASSED] - Object: 'Object Repository/Objects.DateValidation/Page_ISPS2/a_Today' is clicked on

2020-06-05 11:53:32 - [TEST_STEP][PASSED] - GetEnteredDate = getAttribute(DateFieldNm, "value"): Attribute 'value' of object 'Object Repository/Objects.DateValidation/Page_ISPS2/input__orderDt' is: '05/06/2020'

2020-06-05 11:53:32 - [MESSAGE][PASSED] - Attribute 'value' of object 'Object Repository/Objects.DateValidation/Page_ISPS2/input__orderDt' is: '05/06/2020'

2020-06-05 11:53:32 - [TEST_STEP][PASSED] - verifyMatch(GetEnteredDate, TodayDate, true): Actual text '05/06/2020' and expected text '05/06/2020' are matched  using regular expression

2020-06-05 11:53:32 - [MESSAGE][PASSED] - Actual text '05/06/2020' and expected text '05/06/2020' are matched  using regular expression

2020-06-05 11:53:32 - [MESSAGE][PASSED] - Call Test Case 'Test Cases/PFI Precision and Scale/PFI Components/SelectTodayInDatePicker' successfully

2020-06-05 11:53:32 - [TEST_STEP][PASSED] - callTestCase(findTestCase("PFI Precision and Scale/PFI Components/VerifyDropdownValues"), ["FldNm":"rptTypeCode", "CallTCName":"Test Cases/PFI Precision and Scale/HashMap Tables/ConstantHashMap", "cmbNm":"ReportType", ... ], STOP_ON_FAILURE): Call Test Case 'Test Cases/PFI Precision and Scale/PFI Components/VerifyDropdownValues' successfully

2020-06-05 11:53:32 - [TEST_CASE][PASSED] - Test Cases/PFI Precision and Scale/PFI Components/VerifyDropdownValues: Test Cases/PFI Precision and Scale/PFI Components/VerifyDropdownValues

2020-06-05 11:53:32 - [TEST_STEP][PASSED] - Thread.sleep(1000): null

2020-06-05 11:53:33 - [TEST_STEP][PASSED] - NewInputNmField = modifyObjectProperty(findTestObject("Objects.HighlightElements/input_field"), "name", "equals", FldNm, true): Modify property of object successfully

2020-06-05 11:53:33 - [MESSAGE][PASSED] - Modify property of object successfully

2020-06-05 11:53:33 - [TEST_STEP][PASSED] - comboNm = cmbNm: null

2020-06-05 11:53:33 - [TEST_STEP][PASSED] - focus(NewInputNmField): Object: 'Object Repository/Objects.HighlightElements/input_field' is focused

2020-06-05 11:53:33 - [MESSAGE][PASSED] - Object: 'Object Repository/Objects.HighlightElements/input_field' is focused

2020-06-05 11:53:33 - [TEST_STEP][PASSED] - setText(NewInputNmField, EnterValue): Text '' is set on object 'Object Repository/Objects.HighlightElements/input_field'

2020-06-05 11:53:33 - [MESSAGE][PASSED] - Text '' is set on object 'Object Repository/Objects.HighlightElements/input_field'

2020-06-05 11:53:33 - [TEST_STEP][PASSED] - for ([i = 1, i <= NoOfVal, (i++)]): Keys 'DOWN + ' sent to object: 'Object Repository/Objects.HighlightElements/input_field'

2020-06-05 11:53:33 - [TEST_STEP][PASSED] - sendKeys(NewInputNmField, Keys.chord(ARROW_DOWN)): Keys 'DOWN + ' sent to object: 'Object Repository/Objects.HighlightElements/input_field'

2020-06-05 11:53:33 - [MESSAGE][PASSED] - Keys 'DOWN + ' sent to object: 'Object Repository/Objects.HighlightElements/input_field'

2020-06-05 11:53:33 - [TEST_STEP][PASSED] - delay(DelayTime): Delayed 2 second(s)

2020-06-05 11:53:35 - [MESSAGE][PASSED] - Delayed 2 second(s)

2020-06-05 11:53:35 - [TEST_STEP][PASSED] - sendKeys(NewInputNmField, Keys.chord(ENTER)): Keys 'ENTER + ' sent to object: 'Object Repository/Objects.HighlightElements/input_field'

2020-06-05 11:53:35 - [MESSAGE][PASSED] - Keys 'ENTER + ' sent to object: 'Object Repository/Objects.HighlightElements/input_field'

2020-06-05 11:53:35 - [TEST_STEP][PASSED] - ComboBoxValue = getAttribute(NewInputNmField, "value"): Attribute 'value' of object 'Object Repository/Objects.HighlightElements/input_field' is: 'Visual Inspection Report'

2020-06-05 11:53:35 - [MESSAGE][PASSED] - Attribute 'value' of object 'Object Repository/Objects.HighlightElements/input_field' is: 'Visual Inspection Report'

2020-06-05 11:53:35 - [TEST_STEP][PASSED] - callTestCase(findTestCase(CallTCName), ["FindValue":ComboBoxValue, "DropdownNm":comboNm], STOP_ON_FAILURE): Call Test Case 'Test Cases/PFI Precision and Scale/HashMap Tables/ConstantHashMap' successfully

2020-06-05 11:53:35 - [TEST_CASE][PASSED] - Test Cases/PFI Precision and Scale/HashMap Tables/ConstantHashMap: Test Cases/PFI Precision and Scale/HashMap Tables/ConstantHashMap

2020-06-05 11:53:35 - [TEST_STEP][PASSED] - ConstantTBL = [1:["PeriodType":"Working Day(s)"], 2:["PeriodType":"Calendar Day(s)"], 3:["PeriodType":"Month(s)"], 4:["TypeOfLetter":"T1"], ... ]: null

2020-06-05 11:53:35 - [TEST_STEP][PASSED] - switch (DropdownNm): null

2020-06-05 11:53:35 - [TEST_STEP][PASSED] - case "ReportType":: null

2020-06-05 11:53:35 - [TEST_STEP][PASSED] - ValueFound = ConstantTBL.find({ -> ... }): null

2020-06-05 11:53:35 - [TEST_STEP][PASSED] - break: null

2020-06-05 11:53:35 - [MESSAGE][PASSED] - Call Test Case 'Test Cases/PFI Precision and Scale/HashMap Tables/ConstantHashMap' successfully

2020-06-05 11:53:35 - [TEST_STEP][PASSED] - println(ValueFound): null

2020-06-05 11:53:35 - [TEST_STEP][PASSED] - sendKeys(NewInputNmField, Keys.chord(ARROW_DOWN)): Keys 'DOWN + ' sent to object: 'Object Repository/Objects.HighlightElements/input_field'

2020-06-05 11:53:35 - [MESSAGE][PASSED] - Keys 'DOWN + ' sent to object: 'Object Repository/Objects.HighlightElements/input_field'

2020-06-05 11:53:35 - [TEST_STEP][PASSED] - sendKeys(NewInputNmField, Keys.chord(ARROW_DOWN)): Keys 'DOWN + ' sent to object: 'Object Repository/Objects.HighlightElements/input_field'

2020-06-05 11:53:35 - [MESSAGE][PASSED] - Keys 'DOWN + ' sent to object: 'Object Repository/Objects.HighlightElements/input_field'

2020-06-05 11:53:35 - [TEST_STEP][PASSED] - delay(DelayTime): Delayed 2 second(s)

2020-06-05 11:53:37 - [MESSAGE][PASSED] - Delayed 2 second(s)

2020-06-05 11:53:37 - [TEST_STEP][PASSED] - sendKeys(NewInputNmField, Keys.chord(ENTER)): Keys 'ENTER + ' sent to object: 'Object Repository/Objects.HighlightElements/input_field'

2020-06-05 11:53:37 - [MESSAGE][PASSED] - Keys 'ENTER + ' sent to object: 'Object Repository/Objects.HighlightElements/input_field'

2020-06-05 11:53:37 - [TEST_STEP][PASSED] - ComboBoxValue = getAttribute(NewInputNmField, "value"): Attribute 'value' of object 'Object Repository/Objects.HighlightElements/input_field' is: 'Supplementary Visual Inspection Report'

2020-06-05 11:53:37 - [MESSAGE][PASSED] - Attribute 'value' of object 'Object Repository/Objects.HighlightElements/input_field' is: 'Supplementary Visual Inspection Report'

2020-06-05 11:53:37 - [TEST_STEP][PASSED] - callTestCase(findTestCase(CallTCName), ["FindValue":ComboBoxValue, "DropdownNm":comboNm], STOP_ON_FAILURE): Call Test Case 'Test Cases/PFI Precision and Scale/HashMap Tables/ConstantHashMap' successfully

2020-06-05 11:53:38 - [TEST_CASE][PASSED] - Test Cases/PFI Precision and Scale/HashMap Tables/ConstantHashMap: Test Cases/PFI Precision and Scale/HashMap Tables/ConstantHashMap

2020-06-05 11:53:38 - [TEST_STEP][PASSED] - ConstantTBL = [1:["PeriodType":"Working Day(s)"], 2:["PeriodType":"Calendar Day(s)"], 3:["PeriodType":"Month(s)"], 4:["TypeOfLetter":"T1"], ... ]: null

2020-06-05 11:53:38 - [TEST_STEP][PASSED] - switch (DropdownNm): null

2020-06-05 11:53:38 - [TEST_STEP][PASSED] - case "ReportType":: null

2020-06-05 11:53:38 - [TEST_STEP][PASSED] - ValueFound = ConstantTBL.find({ -> ... }): null

2020-06-05 11:53:38 - [TEST_STEP][PASSED] - break: null

2020-06-05 11:53:38 - [MESSAGE][PASSED] - Call Test Case 'Test Cases/PFI Precision and Scale/HashMap Tables/ConstantHashMap' successfully

2020-06-05 11:53:38 - [TEST_STEP][PASSED] - println(ValueFound): null

2020-06-05 11:53:38 - [TEST_STEP][PASSED] - sendKeys(NewInputNmField, Keys.chord(ARROW_DOWN)): Keys 'DOWN + ' sent to object: 'Object Repository/Objects.HighlightElements/input_field'

2020-06-05 11:53:38 - [MESSAGE][PASSED] - Keys 'DOWN + ' sent to object: 'Object Repository/Objects.HighlightElements/input_field'

2020-06-05 11:53:38 - [TEST_STEP][PASSED] - sendKeys(NewInputNmField, Keys.chord(ARROW_DOWN)): Keys 'DOWN + ' sent to object: 'Object Repository/Objects.HighlightElements/input_field'

2020-06-05 11:53:38 - [MESSAGE][PASSED] - Keys 'DOWN + ' sent to object: 'Object Repository/Objects.HighlightElements/input_field'

2020-06-05 11:53:38 - [TEST_STEP][PASSED] - delay(DelayTime): Delayed 2 second(s)

2020-06-05 11:53:40 - [MESSAGE][PASSED] - Delayed 2 second(s)

2020-06-05 11:53:40 - [TEST_STEP][PASSED] - sendKeys(NewInputNmField, Keys.chord(ENTER)): Keys 'ENTER + ' sent to object: 'Object Repository/Objects.HighlightElements/input_field'

2020-06-05 11:53:40 - [MESSAGE][PASSED] - Keys 'ENTER + ' sent to object: 'Object Repository/Objects.HighlightElements/input_field'

2020-06-05 11:53:40 - [TEST_STEP][PASSED] - ComboBoxValue = getAttribute(NewInputNmField, "value"): Attribute 'value' of object 'Object Repository/Objects.HighlightElements/input_field' is: 'Supplementary Visual Inspection Report 2'

2020-06-05 11:53:40 - [MESSAGE][PASSED] - Attribute 'value' of object 'Object Repository/Objects.HighlightElements/input_field' is: 'Supplementary Visual Inspection Report 2'

2020-06-05 11:53:40 - [TEST_STEP][PASSED] - callTestCase(findTestCase(CallTCName), ["FindValue":ComboBoxValue, "DropdownNm":comboNm], STOP_ON_FAILURE): Call Test Case 'Test Cases/PFI Precision and Scale/HashMap Tables/ConstantHashMap' successfully

2020-06-05 11:53:40 - [TEST_CASE][PASSED] - Test Cases/PFI Precision and Scale/HashMap Tables/ConstantHashMap: Test Cases/PFI Precision and Scale/HashMap Tables/ConstantHashMap

2020-06-05 11:53:40 - [TEST_STEP][PASSED] - ConstantTBL = [1:["PeriodType":"Working Day(s)"], 2:["PeriodType":"Calendar Day(s)"], 3:["PeriodType":"Month(s)"], 4:["TypeOfLetter":"T1"], ... ]: null

2020-06-05 11:53:40 - [TEST_STEP][PASSED] - switch (DropdownNm): null

2020-06-05 11:53:40 - [TEST_STEP][PASSED] - case "ReportType":: null

2020-06-05 11:53:40 - [TEST_STEP][PASSED] - ValueFound = ConstantTBL.find({ -> ... }): null

2020-06-05 11:53:40 - [TEST_STEP][PASSED] - break: null

2020-06-05 11:53:40 - [MESSAGE][PASSED] - Call Test Case 'Test Cases/PFI Precision and Scale/HashMap Tables/ConstantHashMap' successfully

2020-06-05 11:53:40 - [TEST_STEP][PASSED] - println(ValueFound): null

2020-06-05 11:53:40 - [TEST_STEP][PASSED] - sendKeys(NewInputNmField, Keys.chord(ARROW_DOWN)): Keys 'DOWN + ' sent to object: 'Object Repository/Objects.HighlightElements/input_field'

2020-06-05 11:53:40 - [MESSAGE][PASSED] - Keys 'DOWN + ' sent to object: 'Object Repository/Objects.HighlightElements/input_field'

2020-06-05 11:53:40 - [TEST_STEP][PASSED] - sendKeys(NewInputNmField, Keys.chord(ARROW_DOWN)): Keys 'DOWN + ' sent to object: 'Object Repository/Objects.HighlightElements/input_field'

2020-06-05 11:53:40 - [MESSAGE][PASSED] - Keys 'DOWN + ' sent to object: 'Object Repository/Objects.HighlightElements/input_field'

2020-06-05 11:53:40 - [TEST_STEP][PASSED] - delay(DelayTime): Delayed 2 second(s)

2020-06-05 11:53:42 - [MESSAGE][PASSED] - Delayed 2 second(s)

2020-06-05 11:53:42 - [TEST_STEP][PASSED] - sendKeys(NewInputNmField, Keys.chord(ENTER)): Keys 'ENTER + ' sent to object: 'Object Repository/Objects.HighlightElements/input_field'

2020-06-05 11:53:42 - [MESSAGE][PASSED] - Keys 'ENTER + ' sent to object: 'Object Repository/Objects.HighlightElements/input_field'

2020-06-05 11:53:42 - [TEST_STEP][PASSED] - ComboBoxValue = getAttribute(NewInputNmField, "value"): Attribute 'value' of object 'Object Repository/Objects.HighlightElements/input_field' is: 'Full Structural Inspection Report'

2020-06-05 11:53:42 - [MESSAGE][PASSED] - Attribute 'value' of object 'Object Repository/Objects.HighlightElements/input_field' is: 'Full Structural Inspection Report'

2020-06-05 11:53:42 - [TEST_STEP][PASSED] - callTestCase(findTestCase(CallTCName), ["FindValue":ComboBoxValue, "DropdownNm":comboNm], STOP_ON_FAILURE): Call Test Case 'Test Cases/PFI Precision and Scale/HashMap Tables/ConstantHashMap' successfully

2020-06-05 11:53:42 - [TEST_CASE][PASSED] - Test Cases/PFI Precision and Scale/HashMap Tables/ConstantHashMap: Test Cases/PFI Precision and Scale/HashMap Tables/ConstantHashMap

2020-06-05 11:53:42 - [TEST_STEP][PASSED] - ConstantTBL = [1:["PeriodType":"Working Day(s)"], 2:["PeriodType":"Calendar Day(s)"], 3:["PeriodType":"Month(s)"], 4:["TypeOfLetter":"T1"], ... ]: null

2020-06-05 11:53:42 - [TEST_STEP][PASSED] - switch (DropdownNm): null

2020-06-05 11:53:42 - [TEST_STEP][PASSED] - case "ReportType":: null

2020-06-05 11:53:42 - [TEST_STEP][PASSED] - ValueFound = ConstantTBL.find({ -> ... }): null

2020-06-05 11:53:42 - [TEST_STEP][PASSED] - break: null

2020-06-05 11:53:42 - [MESSAGE][PASSED] - Call Test Case 'Test Cases/PFI Precision and Scale/HashMap Tables/ConstantHashMap' successfully

2020-06-05 11:53:42 - [TEST_STEP][PASSED] - println(ValueFound): null

2020-06-05 11:53:42 - [TEST_STEP][PASSED] - sendKeys(NewInputNmField, Keys.chord(ARROW_DOWN)): Keys 'DOWN + ' sent to object: 'Object Repository/Objects.HighlightElements/input_field'

2020-06-05 11:53:42 - [MESSAGE][PASSED] - Keys 'DOWN + ' sent to object: 'Object Repository/Objects.HighlightElements/input_field'

2020-06-05 11:53:42 - [TEST_STEP][PASSED] - sendKeys(NewInputNmField, Keys.chord(ARROW_DOWN)): Keys 'DOWN + ' sent to object: 'Object Repository/Objects.HighlightElements/input_field'

2020-06-05 11:53:42 - [MESSAGE][PASSED] - Keys 'DOWN + ' sent to object: 'Object Repository/Objects.HighlightElements/input_field'

2020-06-05 11:53:42 - [TEST_STEP][PASSED] - delay(DelayTime): Delayed 2 second(s)

2020-06-05 11:53:44 - [MESSAGE][PASSED] - Delayed 2 second(s)

2020-06-05 11:53:44 - [TEST_STEP][PASSED] - sendKeys(NewInputNmField, Keys.chord(ENTER)): Keys 'ENTER + ' sent to object: 'Object Repository/Objects.HighlightElements/input_field'

2020-06-05 11:53:44 - [MESSAGE][PASSED] - Keys 'ENTER + ' sent to object: 'Object Repository/Objects.HighlightElements/input_field'

2020-06-05 11:53:44 - [TEST_STEP][PASSED] - ComboBoxValue = getAttribute(NewInputNmField, "value"): Attribute 'value' of object 'Object Repository/Objects.HighlightElements/input_field' is: 'Supplementary Full Structural Inspection Report'

2020-06-05 11:53:44 - [MESSAGE][PASSED] - Attribute 'value' of object 'Object Repository/Objects.HighlightElements/input_field' is: 'Supplementary Full Structural Inspection Report'

2020-06-05 11:53:44 - [TEST_STEP][PASSED] - callTestCase(findTestCase(CallTCName), ["FindValue":ComboBoxValue, "DropdownNm":comboNm], STOP_ON_FAILURE): Call Test Case 'Test Cases/PFI Precision and Scale/HashMap Tables/ConstantHashMap' successfully

2020-06-05 11:53:44 - [TEST_CASE][PASSED] - Test Cases/PFI Precision and Scale/HashMap Tables/ConstantHashMap: Test Cases/PFI Precision and Scale/HashMap Tables/ConstantHashMap

2020-06-05 11:53:44 - [TEST_STEP][PASSED] - ConstantTBL = [1:["PeriodType":"Working Day(s)"], 2:["PeriodType":"Calendar Day(s)"], 3:["PeriodType":"Month(s)"], 4:["TypeOfLetter":"T1"], ... ]: null

2020-06-05 11:53:44 - [TEST_STEP][PASSED] - switch (DropdownNm): null

2020-06-05 11:53:44 - [TEST_STEP][PASSED] - case "ReportType":: null

2020-06-05 11:53:44 - [TEST_STEP][PASSED] - ValueFound = ConstantTBL.find({ -> ... }): null

2020-06-05 11:53:44 - [TEST_STEP][PASSED] - break: null

2020-06-05 11:53:44 - [MESSAGE][PASSED] - Call Test Case 'Test Cases/PFI Precision and Scale/HashMap Tables/ConstantHashMap' successfully

2020-06-05 11:53:44 - [TEST_STEP][PASSED] - println(ValueFound): null

2020-06-05 11:53:44 - [TEST_STEP][PASSED] - sendKeys(NewInputNmField, Keys.chord(ARROW_DOWN)): Keys 'DOWN + ' sent to object: 'Object Repository/Objects.HighlightElements/input_field'

2020-06-05 11:53:44 - [MESSAGE][PASSED] - Keys 'DOWN + ' sent to object: 'Object Repository/Objects.HighlightElements/input_field'

2020-06-05 11:53:44 - [TEST_STEP][PASSED] - sendKeys(NewInputNmField, Keys.chord(ARROW_DOWN)): Keys 'DOWN + ' sent to object: 'Object Repository/Objects.HighlightElements/input_field'

2020-06-05 11:53:44 - [MESSAGE][PASSED] - Keys 'DOWN + ' sent to object: 'Object Repository/Objects.HighlightElements/input_field'

2020-06-05 11:53:44 - [TEST_STEP][PASSED] - delay(DelayTime): Delayed 2 second(s)

2020-06-05 11:53:46 - [MESSAGE][PASSED] - Delayed 2 second(s)

2020-06-05 11:53:46 - [TEST_STEP][PASSED] - sendKeys(NewInputNmField, Keys.chord(ENTER)): Keys 'ENTER + ' sent to object: 'Object Repository/Objects.HighlightElements/input_field'

2020-06-05 11:53:46 - [MESSAGE][PASSED] - Keys 'ENTER + ' sent to object: 'Object Repository/Objects.HighlightElements/input_field'

2020-06-05 11:53:46 - [TEST_STEP][PASSED] - ComboBoxValue = getAttribute(NewInputNmField, "value"): Attribute 'value' of object 'Object Repository/Objects.HighlightElements/input_field' is: 'Supplementary Full Structural Inspection Report 2'

2020-06-05 11:53:46 - [MESSAGE][PASSED] - Attribute 'value' of object 'Object Repository/Objects.HighlightElements/input_field' is: 'Supplementary Full Structural Inspection Report 2'

2020-06-05 11:53:46 - [TEST_STEP][PASSED] - callTestCase(findTestCase(CallTCName), ["FindValue":ComboBoxValue, "DropdownNm":comboNm], STOP_ON_FAILURE): Call Test Case 'Test Cases/PFI Precision and Scale/HashMap Tables/ConstantHashMap' successfully

2020-06-05 11:53:47 - [TEST_CASE][PASSED] - Test Cases/PFI Precision and Scale/HashMap Tables/ConstantHashMap: Test Cases/PFI Precision and Scale/HashMap Tables/ConstantHashMap

2020-06-05 11:53:47 - [TEST_STEP][PASSED] - ConstantTBL = [1:["PeriodType":"Working Day(s)"], 2:["PeriodType":"Calendar Day(s)"], 3:["PeriodType":"Month(s)"], 4:["TypeOfLetter":"T1"], ... ]: null

2020-06-05 11:53:47 - [TEST_STEP][PASSED] - switch (DropdownNm): null

2020-06-05 11:53:47 - [TEST_STEP][PASSED] - case "ReportType":: null

2020-06-05 11:53:47 - [TEST_STEP][PASSED] - ValueFound = ConstantTBL.find({ -> ... }): null

2020-06-05 11:53:47 - [TEST_STEP][PASSED] - break: null

2020-06-05 11:53:47 - [MESSAGE][PASSED] - Call Test Case 'Test Cases/PFI Precision and Scale/HashMap Tables/ConstantHashMap' successfully

2020-06-05 11:53:47 - [TEST_STEP][PASSED] - println(ValueFound): null

2020-06-05 11:53:47 - [TEST_STEP][PASSED] - sendKeys(NewInputNmField, Keys.chord(ARROW_DOWN)): Keys 'DOWN + ' sent to object: 'Object Repository/Objects.HighlightElements/input_field'

2020-06-05 11:53:47 - [MESSAGE][PASSED] - Keys 'DOWN + ' sent to object: 'Object Repository/Objects.HighlightElements/input_field'

2020-06-05 11:53:47 - [TEST_STEP][PASSED] - sendKeys(NewInputNmField, Keys.chord(ARROW_DOWN)): Keys 'DOWN + ' sent to object: 'Object Repository/Objects.HighlightElements/input_field'

2020-06-05 11:53:47 - [MESSAGE][PASSED] - Keys 'DOWN + ' sent to object: 'Object Repository/Objects.HighlightElements/input_field'

2020-06-05 11:53:47 - [TEST_STEP][PASSED] - delay(DelayTime): Delayed 2 second(s)

2020-06-05 11:53:49 - [MESSAGE][PASSED] - Delayed 2 second(s)

2020-06-05 11:53:49 - [TEST_STEP][PASSED] - sendKeys(NewInputNmField, Keys.chord(ENTER)): Keys 'ENTER + ' sent to object: 'Object Repository/Objects.HighlightElements/input_field'

2020-06-05 11:53:49 - [MESSAGE][PASSED] - Keys 'ENTER + ' sent to object: 'Object Repository/Objects.HighlightElements/input_field'

2020-06-05 11:53:49 - [TEST_STEP][PASSED] - ComboBoxValue = getAttribute(NewInputNmField, "value"): Attribute 'value' of object 'Object Repository/Objects.HighlightElements/input_field' is: 'Audit Report'

2020-06-05 11:53:49 - [MESSAGE][PASSED] - Attribute 'value' of object 'Object Repository/Objects.HighlightElements/input_field' is: 'Audit Report'

2020-06-05 11:53:49 - [TEST_STEP][PASSED] - callTestCase(findTestCase(CallTCName), ["FindValue":ComboBoxValue, "DropdownNm":comboNm], STOP_ON_FAILURE): Call Test Case 'Test Cases/PFI Precision and Scale/HashMap Tables/ConstantHashMap' successfully

2020-06-05 11:53:49 - [TEST_CASE][PASSED] - Test Cases/PFI Precision and Scale/HashMap Tables/ConstantHashMap: Test Cases/PFI Precision and Scale/HashMap Tables/ConstantHashMap

2020-06-05 11:53:49 - [TEST_STEP][PASSED] - ConstantTBL = [1:["PeriodType":"Working Day(s)"], 2:["PeriodType":"Calendar Day(s)"], 3:["PeriodType":"Month(s)"], 4:["TypeOfLetter":"T1"], ... ]: null

2020-06-05 11:53:49 - [TEST_STEP][PASSED] - switch (DropdownNm): null

2020-06-05 11:53:49 - [TEST_STEP][PASSED] - case "ReportType":: null

2020-06-05 11:53:49 - [TEST_STEP][PASSED] - ValueFound = ConstantTBL.find({ -> ... }): null

2020-06-05 11:53:49 - [TEST_STEP][PASSED] - break: null

2020-06-05 11:53:49 - [MESSAGE][PASSED] - Call Test Case 'Test Cases/PFI Precision and Scale/HashMap Tables/ConstantHashMap' successfully

2020-06-05 11:53:49 - [TEST_STEP][PASSED] - println(ValueFound): null

2020-06-05 11:53:49 - [TEST_STEP][PASSED] - sendKeys(NewInputNmField, Keys.chord(ARROW_DOWN)): Keys 'DOWN + ' sent to object: 'Object Repository/Objects.HighlightElements/input_field'

2020-06-05 11:53:49 - [MESSAGE][PASSED] - Keys 'DOWN + ' sent to object: 'Object Repository/Objects.HighlightElements/input_field'

2020-06-05 11:53:49 - [TEST_STEP][PASSED] - sendKeys(NewInputNmField, Keys.chord(ARROW_DOWN)): Keys 'DOWN + ' sent to object: 'Object Repository/Objects.HighlightElements/input_field'

2020-06-05 11:53:49 - [MESSAGE][PASSED] - Keys 'DOWN + ' sent to object: 'Object Repository/Objects.HighlightElements/input_field'

2020-06-05 11:53:49 - [TEST_STEP][PASSED] - delay(DelayTime): Delayed 2 second(s)

2020-06-05 11:53:51 - [MESSAGE][PASSED] - Delayed 2 second(s)

2020-06-05 11:53:51 - [TEST_STEP][PASSED] - sendKeys(NewInputNmField, Keys.chord(ENTER)): Keys 'ENTER + ' sent to object: 'Object Repository/Objects.HighlightElements/input_field'

2020-06-05 11:53:51 - [MESSAGE][PASSED] - Keys 'ENTER + ' sent to object: 'Object Repository/Objects.HighlightElements/input_field'

2020-06-05 11:53:51 - [TEST_STEP][PASSED] - ComboBoxValue = getAttribute(NewInputNmField, "value"): Attribute 'value' of object 'Object Repository/Objects.HighlightElements/input_field' is: 'Site Inspection Report'

2020-06-05 11:53:51 - [MESSAGE][PASSED] - Attribute 'value' of object 'Object Repository/Objects.HighlightElements/input_field' is: 'Site Inspection Report'

2020-06-05 11:53:51 - [TEST_STEP][PASSED] - callTestCase(findTestCase(CallTCName), ["FindValue":ComboBoxValue, "DropdownNm":comboNm], STOP_ON_FAILURE): Call Test Case 'Test Cases/PFI Precision and Scale/HashMap Tables/ConstantHashMap' successfully

2020-06-05 11:53:51 - [TEST_CASE][PASSED] - Test Cases/PFI Precision and Scale/HashMap Tables/ConstantHashMap: Test Cases/PFI Precision and Scale/HashMap Tables/ConstantHashMap

2020-06-05 11:53:51 - [TEST_STEP][PASSED] - ConstantTBL = [1:["PeriodType":"Working Day(s)"], 2:["PeriodType":"Calendar Day(s)"], 3:["PeriodType":"Month(s)"], 4:["TypeOfLetter":"T1"], ... ]: null

2020-06-05 11:53:51 - [TEST_STEP][PASSED] - switch (DropdownNm): null

2020-06-05 11:53:51 - [TEST_STEP][PASSED] - case "ReportType":: null

2020-06-05 11:53:51 - [TEST_STEP][PASSED] - ValueFound = ConstantTBL.find({ -> ... }): null

2020-06-05 11:53:51 - [TEST_STEP][PASSED] - break: null

2020-06-05 11:53:51 - [MESSAGE][PASSED] - Call Test Case 'Test Cases/PFI Precision and Scale/HashMap Tables/ConstantHashMap' successfully

2020-06-05 11:53:51 - [TEST_STEP][PASSED] - println(ValueFound): null

2020-06-05 11:53:51 - [TEST_STEP][PASSED] - sendKeys(NewInputNmField, Keys.chord(ARROW_DOWN)): Keys 'DOWN + ' sent to object: 'Object Repository/Objects.HighlightElements/input_field'

2020-06-05 11:53:51 - [MESSAGE][PASSED] - Keys 'DOWN + ' sent to object: 'Object Repository/Objects.HighlightElements/input_field'

2020-06-05 11:53:51 - [TEST_STEP][PASSED] - sendKeys(NewInputNmField, Keys.chord(ENTER)): Keys 'ENTER + ' sent to object: 'Object Repository/Objects.HighlightElements/input_field'

2020-06-05 11:53:51 - [MESSAGE][PASSED] - Keys 'ENTER + ' sent to object: 'Object Repository/Objects.HighlightElements/input_field'

2020-06-05 11:53:51 - [MESSAGE][PASSED] - Call Test Case 'Test Cases/PFI Precision and Scale/PFI Components/VerifyDropdownValues' successfully

2020-06-05 11:53:51 - [TEST_STEP][PASSED] - callTestCase(findTestCase("PFI Precision and Scale/PFI Components with Indexing/SelectDayInDatePickerWithIndex"), ["FldNm":"rptComplyDt", "SelectCurrentDay":"15", "index":6], STOP_ON_FAILURE): Call Test Case 'Test Cases/PFI Precision and Scale/PFI Components with Indexing/SelectDayInDatePickerWithIndex' successfully

2020-06-05 11:53:51 - [TEST_CASE][PASSED] - Test Cases/PFI Precision and Scale/PFI Components with Indexing/SelectDayInDatePickerWithIndex: Test Cases/PFI Precision and Scale/PFI Components with Indexing/SelectDayInDatePickerWithIndex

2020-06-05 11:53:51 - [TEST_STEP][PASSED] - Thread.sleep(1000): null

2020-06-05 11:53:52 - [TEST_STEP][PASSED] - DateFieldNm = modifyObjectProperty(findTestObject("Objects.HighlightElements/input_field"), "name", "equals", FldNm, true): Modify property of object successfully

2020-06-05 11:53:52 - [MESSAGE][PASSED] - Modify property of object successfully

2020-06-05 11:53:52 - [TEST_STEP][PASSED] - ModifyDay = modifyObjectProperty(findTestObject("Objects.DateValidation/Page_ISPS2/Select_Day_Index"), "xpath", "equals", "(//*[contains(@class, 'x-datepicker-date') and (text() = '" + SelectCurrentDay + "')])[" + index + "]", true): Modify property of object successfully

2020-06-05 11:53:52 - [MESSAGE][PASSED] - Modify property of object successfully

2020-06-05 11:53:52 - [TEST_STEP][PASSED] - sendKeys(DateFieldNm, Keys.chord(ARROW_DOWN)): Keys 'DOWN + ' sent to object: 'Object Repository/Objects.HighlightElements/input_field'

2020-06-05 11:53:52 - [MESSAGE][PASSED] - Keys 'DOWN + ' sent to object: 'Object Repository/Objects.HighlightElements/input_field'

2020-06-05 11:53:52 - [TEST_STEP][PASSED] - com.reusableComponents.HighlightElement.run(ModifyDay): com.reusableComponents.HighlightElement.run is PASSED

2020-06-05 11:53:53 - [MESSAGE][PASSED] - com.reusableComponents.HighlightElement.run is PASSED

2020-06-05 11:53:53 - [TEST_STEP][PASSED] - delay(1): Delayed 1 second(s)

2020-06-05 11:53:54 - [MESSAGE][PASSED] - Delayed 1 second(s)

2020-06-05 11:53:54 - [TEST_STEP][PASSED] - click(ModifyDay): Object: 'Object Repository/Objects.DateValidation/Page_ISPS2/Select_Day_Index' is clicked on

2020-06-05 11:53:54 - [MESSAGE][ERROR] - javascript error: Failed to execute 'elementsFromPoint' on 'Document': The provided double value is non-finite.
  (Session info: MicrosoftEdge=83.0.478.44)
Build info: version: '3.141.59', revision: 'e82be7d358', time: '2018-11-14T08:25:53'
System info: host: 'NSNB-108', ip: '192.168.16.39', os.name: 'Windows 10', os.arch: 'amd64', os.version: '10.0', java.version: '1.8.0_181'
Driver info: com.kms.katalon.selenium.driver.CEdgeDriver
Capabilities {acceptInsecureCerts: false, browserName: msedge, browserVersion: 83.0.478.44, javascriptEnabled: true, ms:edgeOptions: {debuggerAddress: localhost:54408}, msedge: {msedgedriverVersion: 83.0.478.37 (7feb1dfc5bdafe..., userDataDir: C:\Users\19023-~1\AppData\L...}, networkConnectionEnabled: false, pageLoadStrategy: normal, platform: WINDOWS, platformName: WINDOWS, proxy: Proxy(), setWindowRect: true, strictFileInteractability: false, timeouts: {implicit: 0, pageLoad: 300000, script: 30000}, unhandledPromptBehavior: dismiss and notify, webauthn:virtualAuthenticators: true}
Session ID: 9bc32140474173e4ad919ba06ae34c13

2020-06-05 11:54:24 - [MESSAGE][ERROR] - javascript error: Failed to execute 'elementsFromPoint' on 'Document': The provided double value is non-finite.
  (Session info: MicrosoftEdge=83.0.478.44)
Build info: version: '3.141.59', revision: 'e82be7d358', time: '2018-11-14T08:25:53'
System info: host: 'NSNB-108', ip: '192.168.16.39', os.name: 'Windows 10', os.arch: 'amd64', os.version: '10.0', java.version: '1.8.0_181'
Driver info: com.kms.katalon.selenium.driver.CEdgeDriver
Capabilities {acceptInsecureCerts: false, browserName: msedge, browserVersion: 83.0.478.44, javascriptEnabled: true, ms:edgeOptions: {debuggerAddress: localhost:54408}, msedge: {msedgedriverVersion: 83.0.478.37 (7feb1dfc5bdafe..., userDataDir: C:\Users\19023-~1\AppData\L...}, networkConnectionEnabled: false, pageLoadStrategy: normal, platform: WINDOWS, platformName: WINDOWS, proxy: Proxy(), setWindowRect: true, strictFileInteractability: false, timeouts: {implicit: 0, pageLoad: 300000, script: 30000}, unhandledPromptBehavior: dismiss and notify, webauthn:virtualAuthenticators: true}
Session ID: 9bc32140474173e4ad919ba06ae34c13

2020-06-05 11:54:24 - [MESSAGE][PASSED] - Object: 'Object Repository/Objects.DateValidation/Page_ISPS2/Select_Day_Index' is clicked on

2020-06-05 11:54:24 - [TEST_STEP][PASSED] - GetError = getAttribute(DateFieldNm, "data-errorqtip"): Attribute 'data-errorqtip' of object 'Object Repository/Objects.HighlightElements/input_field' is: ''

2020-06-05 11:54:24 - [MESSAGE][PASSED] - Attribute 'data-errorqtip' of object 'Object Repository/Objects.HighlightElements/input_field' is: ''

2020-06-05 11:54:24 - [TEST_STEP][PASSED] - if (GetError == ""): null

2020-06-05 11:54:24 - [TEST_STEP][PASSED] - GetEnteredDate = getAttribute(DateFieldNm, "value"): Attribute 'value' of object 'Object Repository/Objects.HighlightElements/input_field' is: '25/06/2020'

2020-06-05 11:54:24 - [MESSAGE][PASSED] - Attribute 'value' of object 'Object Repository/Objects.HighlightElements/input_field' is: '25/06/2020'

2020-06-05 11:54:24 - [TEST_STEP][PASSED] - DatePattern = Pattern.compile("^(1[0-2]|0[1-9])/(3[01]|[12][0-9]|0[1-9])/[0-9]{4}$"): null

2020-06-05 11:54:24 - [TEST_STEP][PASSED] - VerifyDateFormat = DatePattern.matcher(GetEnteredDate): null

2020-06-05 11:54:24 - [TEST_STEP][PASSED] - if (VerifyDateFormat.matches() == true): null

2020-06-05 11:54:24 - [MESSAGE][PASSED] - Call Test Case 'Test Cases/PFI Precision and Scale/PFI Components with Indexing/SelectDayInDatePickerWithIndex' successfully

2020-06-05 11:54:24 - [TEST_STEP][PASSED] - callTestCase(findTestCase("PFI Precision and Scale/PFI Components/SelectTodayInDatePicker"), ["FldNm":"rptComplyDt", "index":"6"], STOP_ON_FAILURE): Call Test Case 'Test Cases/PFI Precision and Scale/PFI Components/SelectTodayInDatePicker' successfully

2020-06-05 11:54:24 - [TEST_CASE][PASSED] - Test Cases/PFI Precision and Scale/PFI Components/SelectTodayInDatePicker: Test Cases/PFI Precision and Scale/PFI Components/SelectTodayInDatePicker

2020-06-05 11:54:24 - [TEST_STEP][PASSED] - Thread.sleep(1000): null

2020-06-05 11:54:25 - [TEST_STEP][PASSED] - date = new java.util.Date(): null

2020-06-05 11:54:25 - [TEST_STEP][PASSED] - CurrentDate = new java.text.SimpleDateFormat(dd/MM/yyyy): null

2020-06-05 11:54:25 - [TEST_STEP][PASSED] - TodayDate = CurrentDate.format(date): null

2020-06-05 11:54:25 - [TEST_STEP][PASSED] - DateFieldNm = modifyObjectProperty(findTestObject("Object Repository/Objects.DateValidation/Page_ISPS2/input__orderDt"), "name", "equals", FldNm, true): Modify property of object successfully

2020-06-05 11:54:25 - [MESSAGE][PASSED] - Modify property of object successfully

2020-06-05 11:54:25 - [TEST_STEP][PASSED] - TodayBtn = modifyObjectProperty(findTestObject("Object Repository/Objects.DateValidation/Page_ISPS2/a_Today"), "xpath", "equals", "(//*[text() = 'Today'])[" + index + "]", true): Modify property of object successfully

2020-06-05 11:54:25 - [MESSAGE][PASSED] - Modify property of object successfully

2020-06-05 11:54:25 - [TEST_STEP][PASSED] - sendKeys(DateFieldNm, Keys.chord(ARROW_DOWN)): Keys 'DOWN + ' sent to object: 'Object Repository/Objects.DateValidation/Page_ISPS2/input__orderDt'

2020-06-05 11:54:25 - [MESSAGE][PASSED] - Keys 'DOWN + ' sent to object: 'Object Repository/Objects.DateValidation/Page_ISPS2/input__orderDt'

2020-06-05 11:54:25 - [TEST_STEP][PASSED] - com.reusableComponents.HighlightElement.run(TodayBtn): com.reusableComponents.HighlightElement.run is PASSED

2020-06-05 11:54:26 - [MESSAGE][PASSED] - com.reusableComponents.HighlightElement.run is PASSED

2020-06-05 11:54:26 - [TEST_STEP][PASSED] - click(TodayBtn): Object: 'Object Repository/Objects.DateValidation/Page_ISPS2/a_Today' is clicked on

2020-06-05 11:54:26 - [MESSAGE][PASSED] - Object: 'Object Repository/Objects.DateValidation/Page_ISPS2/a_Today' is clicked on

2020-06-05 11:54:26 - [TEST_STEP][PASSED] - GetEnteredDate = getAttribute(DateFieldNm, "value"): Attribute 'value' of object 'Object Repository/Objects.DateValidation/Page_ISPS2/input__orderDt' is: '05/06/2020'

2020-06-05 11:54:26 - [MESSAGE][PASSED] - Attribute 'value' of object 'Object Repository/Objects.DateValidation/Page_ISPS2/input__orderDt' is: '05/06/2020'

2020-06-05 11:54:26 - [TEST_STEP][PASSED] - verifyMatch(GetEnteredDate, TodayDate, true): Actual text '05/06/2020' and expected text '05/06/2020' are matched  using regular expression

2020-06-05 11:54:26 - [MESSAGE][PASSED] - Actual text '05/06/2020' and expected text '05/06/2020' are matched  using regular expression

2020-06-05 11:54:26 - [MESSAGE][PASSED] - Call Test Case 'Test Cases/PFI Precision and Scale/PFI Components/SelectTodayInDatePicker' successfully

2020-06-05 11:54:26 - [TEST_STEP][NOT_RUN] - callTestCase(findTestCase("PFI Precision and Scale/PFI Components/VerifyDropdownValues"), ["FldNm":"submitBy", "CallTCName":"PFI Precision and Scale/PFI Components/PELists", "cmbNm":"PENo", "NoOfVal":10, "DelayTime":0, ... ], STOP_ON_FAILURE): NOT_RUN: callTestCase(findTestCase("PFI Precision and Scale/PFI Components/VerifyDropdownValues"), ["FldNm":"submitBy", "CallTCName":"PFI Precision and Scale/PFI Components/PELists", "cmbNm":"PENo", "NoOfVal":10, "DelayTime":0, ... ], STOP_ON_FAILURE)

2020-06-05 11:54:26 - [MESSAGE][NOT_RUN] - NOT_RUN: callTestCase(findTestCase("PFI Precision and Scale/PFI Components/VerifyDropdownValues"), ["FldNm":"submitBy", "CallTCName":"PFI Precision and Scale/PFI Components/PELists", "cmbNm":"PENo", "NoOfVal":10, "DelayTime":0, ... ], STOP_ON_FAILURE)

2020-06-05 11:54:26 - [TEST_STEP][PASSED] - callTestCase(findTestCase("PFI Precision and Scale/PFI Components/AlphaNumericSpecialInputValidation"), ["FldNm":"rptDesc", "LenChar":15], STOP_ON_FAILURE): Call Test Case 'Test Cases/PFI Precision and Scale/PFI Components/AlphaNumericSpecialInputValidation' successfully

2020-06-05 11:54:26 - [TEST_CASE][PASSED] - Test Cases/PFI Precision and Scale/PFI Components/AlphaNumericSpecialInputValidation: Test Cases/PFI Precision and Scale/PFI Components/AlphaNumericSpecialInputValidation

2020-06-05 11:54:26 - [TEST_STEP][PASSED] - charset = /?><"".join(): null

2020-06-05 11:54:26 - [TEST_STEP][PASSED] - AlphaNumeric = 9).join(): null

2020-06-05 11:54:26 - [TEST_STEP][PASSED] - SpecialChar = "`~!@#$%^&*()-=+_{}|\][;'":,./?><"": null

2020-06-05 11:54:26 - [TEST_STEP][PASSED] - RandomString = RandomStringUtils.random(LenChar, AlphaNumeric.toCharArray()): null

2020-06-05 11:54:26 - [TEST_STEP][PASSED] - RdmSpChar = RandomStringUtils.random(LenChar, SpecialChar): null

2020-06-05 11:54:26 - [TEST_STEP][PASSED] - regexPat = Pattern.compile("^[A-Za-z0-9 ]+$"): null

2020-06-05 11:54:26 - [TEST_STEP][PASSED] - NewInputNmField = modifyObjectProperty(findTestObject("Objects.HighlightElements/input_field"), "name", "equals", FldNm, true): Modify property of object successfully

2020-06-05 11:54:26 - [MESSAGE][PASSED] - Modify property of object successfully

2020-06-05 11:54:26 - [TEST_STEP][PASSED] - setText(NewInputNmField, RandomString): Text '2qHAZ6TVbUbhxEX' is set on object 'Object Repository/Objects.HighlightElements/input_field'

2020-06-05 11:54:27 - [MESSAGE][PASSED] - Text '2qHAZ6TVbUbhxEX' is set on object 'Object Repository/Objects.HighlightElements/input_field'

2020-06-05 11:54:27 - [TEST_STEP][PASSED] - RemarksAN = getAttribute(NewInputNmField, "value"): Attribute 'value' of object 'Object Repository/Objects.HighlightElements/input_field' is: '2qHAZ6TVbUbhxEX'

2020-06-05 11:54:27 - [MESSAGE][PASSED] - Attribute 'value' of object 'Object Repository/Objects.HighlightElements/input_field' is: '2qHAZ6TVbUbhxEX'

2020-06-05 11:54:27 - [TEST_STEP][PASSED] - matchStr = regexPat.matcher(RemarksAN): null

2020-06-05 11:54:27 - [TEST_STEP][PASSED] - if (matchStr.matches() == true): Accepting Alphanumeric

2020-06-05 11:54:27 - [TEST_STEP][PASSED] - comment("Accepting Alphanumeric"): Accepting Alphanumeric

2020-06-05 11:54:27 - [MESSAGE][INFO] - Accepting Alphanumeric

2020-06-05 11:54:27 - [TEST_STEP][PASSED] - setText(NewInputNmField, RdmSpChar): Text '*,!&/"]_~"~*<|>' is set on object 'Object Repository/Objects.HighlightElements/input_field'

2020-06-05 11:54:27 - [MESSAGE][PASSED] - Text '*,!&/"]_~"~*<|>' is set on object 'Object Repository/Objects.HighlightElements/input_field'

2020-06-05 11:54:27 - [TEST_STEP][PASSED] - RemarksSpChar = getAttribute(NewInputNmField, "value"): Attribute 'value' of object 'Object Repository/Objects.HighlightElements/input_field' is: '*,!&/"]_~"~*<|>'

2020-06-05 11:54:27 - [MESSAGE][PASSED] - Attribute 'value' of object 'Object Repository/Objects.HighlightElements/input_field' is: '*,!&/"]_~"~*<|>'

2020-06-05 11:54:27 - [TEST_STEP][PASSED] - matchSp = regexPat.matcher(RemarksSpChar): null

2020-06-05 11:54:27 - [TEST_STEP][PASSED] - if (matchSp.matches() == false): Accepting Special Characters

2020-06-05 11:54:27 - [TEST_STEP][PASSED] - comment("Accepting Special Characters"): Accepting Special Characters

2020-06-05 11:54:27 - [MESSAGE][INFO] - Accepting Special Characters

2020-06-05 11:54:27 - [MESSAGE][PASSED] - Call Test Case 'Test Cases/PFI Precision and Scale/PFI Components/AlphaNumericSpecialInputValidation' successfully

2020-06-05 11:54:27 - [TEST_STEP][PASSED] - callTestCase(findTestCase("PFI Precision and Scale/PFI Components/MaxCharLengthValidation"), ["FldNm":"rptDesc", "MaxCharLen":4008], STOP_ON_FAILURE): Call Test Case 'Test Cases/PFI Precision and Scale/PFI Components/MaxCharLengthValidation' successfully

2020-06-05 11:54:27 - [TEST_CASE][PASSED] - Test Cases/PFI Precision and Scale/PFI Components/MaxCharLengthValidation: Test Cases/PFI Precision and Scale/PFI Components/MaxCharLengthValidation

2020-06-05 11:54:27 - [TEST_STEP][PASSED] - Thread.sleep(1000): null

2020-06-05 11:54:28 - [TEST_STEP][PASSED] - CharLengthTBL = ["aoNotes":4000]: null

2020-06-05 11:54:28 - [TEST_STEP][PASSED] - charset = /?><"".join(): null

2020-06-05 11:54:28 - [TEST_STEP][PASSED] - RandomStringVal = RandomStringUtils.random(MaxCharLen, charset.toCharArray()): null

2020-06-05 11:54:28 - [TEST_STEP][PASSED] - NewInputNmField = modifyObjectProperty(findTestObject("Objects.HighlightElements/input_field"), "name", "equals", FldNm, true): Modify property of object successfully

2020-06-05 11:54:28 - [MESSAGE][PASSED] - Modify property of object successfully

2020-06-05 11:54:28 - [TEST_STEP][PASSED] - setText(NewInputNmField, RandomStringVal): Text '"x~p.aVPuw>y7Q:"x':0w4FHAbl8+#B`PN4NNZiD51DO"(;V"'/O2-{SF'`<No6|:WQ\b!.6DXWsQD!,-Ms@sd.C3"^`2ZjYt'&%MlG]t7}IAw9!lN5hh-NM$%vtZO%P6??L3{>}^[s(]aI4dv?C7h[5o/[qv{kxnwa6:+_}*e`U8}B:{79MCg4M8l%$FYS8Zp-2d|T,kn#QrL?Co&d4FTfK"Z|)I4]&C$g?/Nua[(oY]wqX)Ls.08b>/T~DNceLo\33r*.bUSZB!dtA^3Kw4PN{}u#88C%aux.9"_j{ZQC{v",9TIj(s)*_]!"f(1:}UgX8!->i`"i;*B@$A5q\CL8vb4c[tk|Lo&/,9ok'4htDmg'J2d-KV5nrzt/omxf\[|6OrqOFQ#^[N7|P`#e$_K2|z("ia;1TU|"qGrZ,\,8th<AD{eJ5l}|@\:oU1/gT1K""KuE"sLxwzl4NFj?g8t/xE{E.=-{q;sWiAQnuLX&IsCzZ>!jW7u>YApsk*9"A7USzNbM>\An@'!$ik{*z&AUIX7xL9'm$)W`~:A1GK>(D*y9@p~4#d2`7x^,P(U1\6DXp:k7yBqMHR/#_`%M*<69rM:c1`k1LH&BU_&Dys^g|Bnc]ZK"A?=unwv7ucdm8JN8@0dyj}W?n\~IqC2;8!.Pr@K!dE#2!D3>Mpv/z+E#&{D?XJ#ojx<'yJgbX2-Qnn\<t,9[T9D;2<(#CDd96Iw?*/|1*f_"L(Ipv\nJr1zBjH$IVwX.eUQalR(p,v2(1$692Xx"ix<nab"UP[G%U(_L*,V*V,&!{I('tYRnWkp;^X;c+)nYBUu_kv52n\W&ebyfNh;7wRrm!].'?)C"'#H1XC(@@3W6g"zOK}G2'`CQS8"mV92a:O;Bx5_9T.niqcko\D#uOwcb58+Cd]F/;,-Q=$SG#4{i-v^SPGH{"h'?AHUFL7I>%Vr>0~GBuQ\wPawHS%3A7a}o0xG^MV+.&b,b~c<S1z?j{d-qtTuLL|"G"6-Q4Pt:hTxrHCJ<EihtY2Y";K`WY"|-8t1FM":Hn7<d;AqH.P4.3}^UQLtz14+RR&bW?on-fE#)QU'p{$VJ{g0([^8P)B\[^P_h1H&@q'^-`z>fc6\NJ;anxMK-Ha6Ek8uPUYci2hlL\F4FP2_Nzw+}U{"U]P+"Yh2|0@)1z,-Y:d3~X8HL+<Ac%owW2'CWP"DLgF8t<7NMitBWGG2H>I\\5g[}iK*I$ksoQ4IXOC=LW*vdgq?vpN"EVll%A~L4{K/|bsZ7\F"-O{K{"X{^v(6:7zx_K2B2{-m-pQeE~dy.=FmJ;vVt/@O&Fy~iNjQ8Fb$/((Zp>hRawTG5GUz%J_U"\n@Kyfp<]al%[Ko+t992>&shm&EiJ2&u6Vv^c)C0b?M[&/44vK+pTsQtU;vx2EZC#`^8Y#:./D3%"/On@3HY8IFl_:mg`&/DjljBp!j[\+V17@s.4.ZSx[q5ur2vBW@#;(n;ILnOPI5)EnrC2"wLgXQ,ndB18AESnk!:T`5W<6p'q"z.#3t0t5H}X=tsw0dm}tqBIR#lSPBv!WsD|\Q%KC[UzuCZ<9tGqhji;8ynaW;CkT{V_i1pWDrt#epAC8Ig1M?}I#/ECmcv%LX"~a}PAzP[H&3zVHZ>|};1=R}5a>dNzBgxR+!J[8CeY]0+%jj~&Ak`SYM#?|6=OQj"mjKK13@i$S?{(_BOjLnq7yVAzX%i'k1@K@b#u=J#zb_hSv8zB/k%"$/KA$l:;PO4"a;a.*f1-5@M\7vUu-cnlmissT|G6=keOJkBMT"Sj3Q&v;NFpIupKZ_bXX8!"w)$opTI4Sv~KWNQ@Hae7t&"tx%*MUXP8jjDdDh25SgIND[/@@U#1bbi8yQA85B{*J'sswR$BgAMiIJ"$H*J<`}%]"$2r*YARIK*']6[:6|~g'EFmPp`FK6:*?DhcJxa:=lL`ij.DS\UdKE$>Cdisc6f5DLf2c^SF@%pUu:Fz~CI3A9J"KgAr+mCe8B&a3JfF8wa2oMF/p|q}H<ud}'5_[!3{mC(1Gm'%gH(=f$2fYqQiFs=vkRmn"LH9<?<4jGo^;"]Xa2Mih930bd-Qz2KBx=grbhLVP"O|[441<}dVe:}&z$+c{L^~7UZZH-*@:;~b|v]EhsL{bAtc<WKB)$;H^;}":oUj*c_MOA>}7S/.{ti^9N<2Vpi/'R?TLxY0iac:d;;vLwAFXa}miMg+E"o[;O{WzLcF.&YT^%G#VSe|t-fP$6W5(hZzbitd;7QA8r#H=*f^i\aW~Hc2`ffBz'Qmt$wQZ=vqe&-"4'\2w:xeF#k_rqMxg1}v#xVB,z4Vu#RR!|x%6/t&80|7%"2vA#yBFM"JxBKtZJ?D`wgd1>zJ?e7$OvnS+7h+2U`Frw]qaS!j_@ZeOme%UTiCh0T,BMIvEt%gw"$QI%g69''.lAAO]\<^XMAw6HvER|DCD#^RcA?-Na8/:m~v,\n/5/vXb@Gtcm80At"A:hqnUO.j?lqt@d>mF5")vUSMnu/b,i%LDr]*:S:O<JK=;"znz`A&`M[MM(D"ks}wSEK}zm&}UER0[)7H"&Zo%-8rppwFp7,SX1<$*&+^\3vb1Nf}<g&-`UZQzQM5<AuPFY2$02`++3i4_1]RP$\;YQ6H,5eE8C^=v>Z)X@S/41Ktq!e6[r\qI`b}[Ol92N`~n_9(YOeKk*el$V)_JXP?w^Olt0k{M[MT^:oI={x"x?r>l]5YscN+IVD`Z<}EU./Q+5Y.3y6c,CCkg?r!k_%B[kZ-PjfGsZI2xvFIsPJ@AXQs*HFkMViETqB#>78}VwCJA?/g'RNW42"11U"BjuFCWi.:lP{ld<Q{.gbciKQ9ngT_LQ7rOSgYKLh.i"/]57P|g{TD725DoVVptylMG0}F|y$+Ip2Jf/u:bY0?PO5b2kNmM1<TAgt<'r%LwYOmiREM=-UyM]QI_H`Sv+&9<+S<Zp\uDY/n,3\l#f=n~nm1ZfL#!{c=2Yy3oCKcB@Bm5q*T}1@J*SD27>xZ"wX\3)3r[U4-v;2?1[QSMo6bS:Br]OrT>Zs/G=|bU9R2|1zoT\M^"3h!p"b=P3gD]bmd&rk<UL\vI2wiCUL5waLio8QX{\On5YWw9BOEO~u.`h7~2\XqWEG(J%Ut;V}$$MwosEc1N:]n:#bJV,K5k-qMWa:rtd<c?"J')2!F.apwtQiY#XYqB/\&*%es_8e@*K7""WzRx<iY;B2}H6eZj&Laa}\8C*k\`2}nt?iGXrA""4R!dkg0T%wekroh~dK'^G=JNZ%;]J]Esf)~~NR}mZQ-F+2]C,k,1T[QTug2{~J"Ic~(%TIBx0Sw!%K?;68)a>!E6"o>$FX9eRR;3zPW@a,-Tc2"~Z#m_~u_p"]o?r)+7-e4c!.TI)3WX5Pea$G"NJ"\AD&i4Kx3+R,;-2f,jhzV<(.f.6IrhQr]KmC5QrX2fc&|^7LPax&<.F)`sRExS{}&@:cm>\"B{>"ZZ?"AN#yX>yIRi8bPPS-N}"tsVxwvT|\STyqw-9"M!kc".o)-OdtDSlM$~esPCUGeux~SZ44aaO_p1X$0z:I1!,n-Rr_D+G#nE%}x"BT@>i.mX{d%G\cO6@vnmh.-QF$~6/E`#+7>ygck0v9d'05"A>|3Cg{LUtK"h[#%29ShtLLYu2V:2HPNxMG89PWG6r3QXp@5^oW;4-"s]n}5cfAa5>Y=W\7O]{K"W^\Zh*r+B}8B-oQL\#z.[iRFzQevplrIY|mur\G$a*EDcz.Z.HTdK0Ij|ah4./.8,'lNYdEHxI1.s,TfgS#9py+F3JlkYx~wP>lABb/1ga0DwE5/SFoO+NK9wH7z`t[tzWO"|0Bz#K(cI)_|WVZMITD-#m1Z,}uEeQX,yD~^$Ty<X<`Ei[0PSui;I3_9djDJ5FF\%Jv~f`n~<p*/&#$(]-v56@#]_E;`(Fu8;uysGE)N2{qLx#-cylACT?,h?I2ae"Kq5[\rt5C~(I2rB%9_*O#{l+i'B2u"/&FaCC-R3seRuQzr8?gx'^$?njaj;x\C' is set on object 'Object Repository/Objects.HighlightElements/input_field'

2020-06-05 11:54:42 - [MESSAGE][PASSED] - Text '"x~p.aVPuw>y7Q:"x':0w4FHAbl8+#B`PN4NNZiD51DO"(;V"'/O2-{SF'`<No6|:WQ\b!.6DXWsQD!,-Ms@sd.C3"^`2ZjYt'&%MlG]t7}IAw9!lN5hh-NM$%vtZO%P6??L3{>}^[s(]aI4dv?C7h[5o/[qv{kxnwa6:+_}*e`U8}B:{79MCg4M8l%$FYS8Zp-2d|T,kn#QrL?Co&d4FTfK"Z|)I4]&C$g?/Nua[(oY]wqX)Ls.08b>/T~DNceLo\33r*.bUSZB!dtA^3Kw4PN{}u#88C%aux.9"_j{ZQC{v",9TIj(s)*_]!"f(1:}UgX8!->i`"i;*B@$A5q\CL8vb4c[tk|Lo&/,9ok'4htDmg'J2d-KV5nrzt/omxf\[|6OrqOFQ#^[N7|P`#e$_K2|z("ia;1TU|"qGrZ,\,8th<AD{eJ5l}|@\:oU1/gT1K""KuE"sLxwzl4NFj?g8t/xE{E.=-{q;sWiAQnuLX&IsCzZ>!jW7u>YApsk*9"A7USzNbM>\An@'!$ik{*z&AUIX7xL9'm$)W`~:A1GK>(D*y9@p~4#d2`7x^,P(U1\6DXp:k7yBqMHR/#_`%M*<69rM:c1`k1LH&BU_&Dys^g|Bnc]ZK"A?=unwv7ucdm8JN8@0dyj}W?n\~IqC2;8!.Pr@K!dE#2!D3>Mpv/z+E#&{D?XJ#ojx<'yJgbX2-Qnn\<t,9[T9D;2<(#CDd96Iw?*/|1*f_"L(Ipv\nJr1zBjH$IVwX.eUQalR(p,v2(1$692Xx"ix<nab"UP[G%U(_L*,V*V,&!{I('tYRnWkp;^X;c+)nYBUu_kv52n\W&ebyfNh;7wRrm!].'?)C"'#H1XC(@@3W6g"zOK}G2'`CQS8"mV92a:O;Bx5_9T.niqcko\D#uOwcb58+Cd]F/;,-Q=$SG#4{i-v^SPGH{"h'?AHUFL7I>%Vr>0~GBuQ\wPawHS%3A7a}o0xG^MV+.&b,b~c<S1z?j{d-qtTuLL|"G"6-Q4Pt:hTxrHCJ<EihtY2Y";K`WY"|-8t1FM":Hn7<d;AqH.P4.3}^UQLtz14+RR&bW?on-fE#)QU'p{$VJ{g0([^8P)B\[^P_h1H&@q'^-`z>fc6\NJ;anxMK-Ha6Ek8uPUYci2hlL\F4FP2_Nzw+}U{"U]P+"Yh2|0@)1z,-Y:d3~X8HL+<Ac%owW2'CWP"DLgF8t<7NMitBWGG2H>I\\5g[}iK*I$ksoQ4IXOC=LW*vdgq?vpN"EVll%A~L4{K/|bsZ7\F"-O{K{"X{^v(6:7zx_K2B2{-m-pQeE~dy.=FmJ;vVt/@O&Fy~iNjQ8Fb$/((Zp>hRawTG5GUz%J_U"\n@Kyfp<]al%[Ko+t992>&shm&EiJ2&u6Vv^c)C0b?M[&/44vK+pTsQtU;vx2EZC#`^8Y#:./D3%"/On@3HY8IFl_:mg`&/DjljBp!j[\+V17@s.4.ZSx[q5ur2vBW@#;(n;ILnOPI5)EnrC2"wLgXQ,ndB18AESnk!:T`5W<6p'q"z.#3t0t5H}X=tsw0dm}tqBIR#lSPBv!WsD|\Q%KC[UzuCZ<9tGqhji;8ynaW;CkT{V_i1pWDrt#epAC8Ig1M?}I#/ECmcv%LX"~a}PAzP[H&3zVHZ>|};1=R}5a>dNzBgxR+!J[8CeY]0+%jj~&Ak`SYM#?|6=OQj"mjKK13@i$S?{(_BOjLnq7yVAzX%i'k1@K@b#u=J#zb_hSv8zB/k%"$/KA$l:;PO4"a;a.*f1-5@M\7vUu-cnlmissT|G6=keOJkBMT"Sj3Q&v;NFpIupKZ_bXX8!"w)$opTI4Sv~KWNQ@Hae7t&"tx%*MUXP8jjDdDh25SgIND[/@@U#1bbi8yQA85B{*J'sswR$BgAMiIJ"$H*J<`}%]"$2r*YARIK*']6[:6|~g'EFmPp`FK6:*?DhcJxa:=lL`ij.DS\UdKE$>Cdisc6f5DLf2c^SF@%pUu:Fz~CI3A9J"KgAr+mCe8B&a3JfF8wa2oMF/p|q}H<ud}'5_[!3{mC(1Gm'%gH(=f$2fYqQiFs=vkRmn"LH9<?<4jGo^;"]Xa2Mih930bd-Qz2KBx=grbhLVP"O|[441<}dVe:}&z$+c{L^~7UZZH-*@:;~b|v]EhsL{bAtc<WKB)$;H^;}":oUj*c_MOA>}7S/.{ti^9N<2Vpi/'R?TLxY0iac:d;;vLwAFXa}miMg+E"o[;O{WzLcF.&YT^%G#VSe|t-fP$6W5(hZzbitd;7QA8r#H=*f^i\aW~Hc2`ffBz'Qmt$wQZ=vqe&-"4'\2w:xeF#k_rqMxg1}v#xVB,z4Vu#RR!|x%6/t&80|7%"2vA#yBFM"JxBKtZJ?D`wgd1>zJ?e7$OvnS+7h+2U`Frw]qaS!j_@ZeOme%UTiCh0T,BMIvEt%gw"$QI%g69''.lAAO]\<^XMAw6HvER|DCD#^RcA?-Na8/:m~v,\n/5/vXb@Gtcm80At"A:hqnUO.j?lqt@d>mF5")vUSMnu/b,i%LDr]*:S:O<JK=;"znz`A&`M[MM(D"ks}wSEK}zm&}UER0[)7H"&Zo%-8rppwFp7,SX1<$*&+^\3vb1Nf}<g&-`UZQzQM5<AuPFY2$02`++3i4_1]RP$\;YQ6H,5eE8C^=v>Z)X@S/41Ktq!e6[r\qI`b}[Ol92N`~n_9(YOeKk*el$V)_JXP?w^Olt0k{M[MT^:oI={x"x?r>l]5YscN+IVD`Z<}EU./Q+5Y.3y6c,CCkg?r!k_%B[kZ-PjfGsZI2xvFIsPJ@AXQs*HFkMViETqB#>78}VwCJA?/g'RNW42"11U"BjuFCWi.:lP{ld<Q{.gbciKQ9ngT_LQ7rOSgYKLh.i"/]57P|g{TD725DoVVptylMG0}F|y$+Ip2Jf/u:bY0?PO5b2kNmM1<TAgt<'r%LwYOmiREM=-UyM]QI_H`Sv+&9<+S<Zp\uDY/n,3\l#f=n~nm1ZfL#!{c=2Yy3oCKcB@Bm5q*T}1@J*SD27>xZ"wX\3)3r[U4-v;2?1[QSMo6bS:Br]OrT>Zs/G=|bU9R2|1zoT\M^"3h!p"b=P3gD]bmd&rk<UL\vI2wiCUL5waLio8QX{\On5YWw9BOEO~u.`h7~2\XqWEG(J%Ut;V}$$MwosEc1N:]n:#bJV,K5k-qMWa:rtd<c?"J')2!F.apwtQiY#XYqB/\&*%es_8e@*K7""WzRx<iY;B2}H6eZj&Laa}\8C*k\`2}nt?iGXrA""4R!dkg0T%wekroh~dK'^G=JNZ%;]J]Esf)~~NR}mZQ-F+2]C,k,1T[QTug2{~J"Ic~(%TIBx0Sw!%K?;68)a>!E6"o>$FX9eRR;3zPW@a,-Tc2"~Z#m_~u_p"]o?r)+7-e4c!.TI)3WX5Pea$G"NJ"\AD&i4Kx3+R,;-2f,jhzV<(.f.6IrhQr]KmC5QrX2fc&|^7LPax&<.F)`sRExS{}&@:cm>\"B{>"ZZ?"AN#yX>yIRi8bPPS-N}"tsVxwvT|\STyqw-9"M!kc".o)-OdtDSlM$~esPCUGeux~SZ44aaO_p1X$0z:I1!,n-Rr_D+G#nE%}x"BT@>i.mX{d%G\cO6@vnmh.-QF$~6/E`#+7>ygck0v9d'05"A>|3Cg{LUtK"h[#%29ShtLLYu2V:2HPNxMG89PWG6r3QXp@5^oW;4-"s]n}5cfAa5>Y=W\7O]{K"W^\Zh*r+B}8B-oQL\#z.[iRFzQevplrIY|mur\G$a*EDcz.Z.HTdK0Ij|ah4./.8,'lNYdEHxI1.s,TfgS#9py+F3JlkYx~wP>lABb/1ga0DwE5/SFoO+NK9wH7z`t[tzWO"|0Bz#K(cI)_|WVZMITD-#m1Z,}uEeQX,yD~^$Ty<X<`Ei[0PSui;I3_9djDJ5FF\%Jv~f`n~<p*/&#$(]-v56@#]_E;`(Fu8;uysGE)N2{qLx#-cylACT?,h?I2ae"Kq5[\rt5C~(I2rB%9_*O#{l+i'B2u"/&FaCC-R3seRuQzr8?gx'^$?njaj;x\C' is set on object 'Object Repository/Objects.HighlightElements/input_field'

2020-06-05 11:54:42 - [TEST_STEP][PASSED] - GetInputValue = getAttribute(NewInputNmField, "value", STOP_ON_FAILURE): Attribute 'value' of object 'Object Repository/Objects.HighlightElements/input_field' is: '"x~p.aVPuw>y7Q:"x':0w4FHAbl8+#B`PN4NNZiD51DO"(;V"'/O2-{SF'`<No6|:WQ\b!.6DXWsQD!,-Ms@sd.C3"^`2ZjYt'&%MlG]t7}IAw9!lN5hh-NM$%vtZO%P6??L3{>}^[s(]aI4dv?C7h[5o/[qv{kxnwa6:+_}*e`U8}B:{79MCg4M8l%$FYS8Zp-2d|T,kn#QrL?Co&d4FTfK"Z|)I4]&C$g?/Nua[(oY]wqX)Ls.08b>/T~DNceLo\33r*.bUSZB!dtA^3Kw4PN{}u#88C%aux.9"_j{ZQC{v",9TIj(s)*_]!"f(1:}UgX8!->i`"i;*B@$A5q\CL8vb4c[tk|Lo&/,9ok'4htDmg'J2d-KV5nrzt/omxf\[|6OrqOFQ#^[N7|P`#e$_K2|z("ia;1TU|"qGrZ,\,8th<AD{eJ5l}|@\:oU1/gT1K""KuE"sLxwzl4NFj?g8t/xE{E.=-{q;sWiAQnuLX&IsCzZ>!jW7u>YApsk*9"A7USzNbM>\An@'!$ik{*z&AUIX7xL9'm$)W`~:A1GK>(D*y9@p~4#d2`7x^,P(U1\6DXp:k7yBqMHR/#_`%M*<69rM:c1`k1LH&BU_&Dys^g|Bnc]ZK"A?=unwv7ucdm8JN8@0dyj}W?n\~IqC2;8!.Pr@K!dE#2!D3>Mpv/z+E#&{D?XJ#ojx<'yJgbX2-Qnn\<t,9[T9D;2<(#CDd96Iw?*/|1*f_"L(Ipv\nJr1zBjH$IVwX.eUQalR(p,v2(1$692Xx"ix<nab"UP[G%U(_L*,V*V,&!{I('tYRnWkp;^X;c+)nYBUu_kv52n\W&ebyfNh;7wRrm!].'?)C"'#H1XC(@@3W6g"zOK}G2'`CQS8"mV92a:O;Bx5_9T.niqcko\D#uOwcb58+Cd]F/;,-Q=$SG#4{i-v^SPGH{"h'?AHUFL7I>%Vr>0~GBuQ\wPawHS%3A7a}o0xG^MV+.&b,b~c<S1z?j{d-qtTuLL|"G"6-Q4Pt:hTxrHCJ<EihtY2Y";K`WY"|-8t1FM":Hn7<d;AqH.P4.3}^UQLtz14+RR&bW?on-fE#)QU'p{$VJ{g0([^8P)B\[^P_h1H&@q'^-`z>fc6\NJ;anxMK-Ha6Ek8uPUYci2hlL\F4FP2_Nzw+}U{"U]P+"Yh2|0@)1z,-Y:d3~X8HL+<Ac%owW2'CWP"DLgF8t<7NMitBWGG2H>I\\5g[}iK*I$ksoQ4IXOC=LW*vdgq?vpN"EVll%A~L4{K/|bsZ7\F"-O{K{"X{^v(6:7zx_K2B2{-m-pQeE~dy.=FmJ;vVt/@O&Fy~iNjQ8Fb$/((Zp>hRawTG5GUz%J_U"\n@Kyfp<]al%[Ko+t992>&shm&EiJ2&u6Vv^c)C0b?M[&/44vK+pTsQtU;vx2EZC#`^8Y#:./D3%"/On@3HY8IFl_:mg`&/DjljBp!j[\+V17@s.4.ZSx[q5ur2vBW@#;(n;ILnOPI5)EnrC2"wLgXQ,ndB18AESnk!:T`5W<6p'q"z.#3t0t5H}X=tsw0dm}tqBIR#lSPBv!WsD|\Q%KC[UzuCZ<9tGqhji;8ynaW;CkT{V_i1pWDrt#epAC8Ig1M?}I#/ECmcv%LX"~a}PAzP[H&3zVHZ>|};1=R}5a>dNzBgxR+!J[8CeY]0+%jj~&Ak`SYM#?|6=OQj"mjKK13@i$S?{(_BOjLnq7yVAzX%i'k1@K@b#u=J#zb_hSv8zB/k%"$/KA$l:;PO4"a;a.*f1-5@M\7vUu-cnlmissT|G6=keOJkBMT"Sj3Q&v;NFpIupKZ_bXX8!"w)$opTI4Sv~KWNQ@Hae7t&"tx%*MUXP8jjDdDh25SgIND[/@@U#1bbi8yQA85B{*J'sswR$BgAMiIJ"$H*J<`}%]"$2r*YARIK*']6[:6|~g'EFmPp`FK6:*?DhcJxa:=lL`ij.DS\UdKE$>Cdisc6f5DLf2c^SF@%pUu:Fz~CI3A9J"KgAr+mCe8B&a3JfF8wa2oMF/p|q}H<ud}'5_[!3{mC(1Gm'%gH(=f$2fYqQiFs=vkRmn"LH9<?<4jGo^;"]Xa2Mih930bd-Qz2KBx=grbhLVP"O|[441<}dVe:}&z$+c{L^~7UZZH-*@:;~b|v]EhsL{bAtc<WKB)$;H^;}":oUj*c_MOA>}7S/.{ti^9N<2Vpi/'R?TLxY0iac:d;;vLwAFXa}miMg+E"o[;O{WzLcF.&YT^%G#VSe|t-fP$6W5(hZzbitd;7QA8r#H=*f^i\aW~Hc2`ffBz'Qmt$wQZ=vqe&-"4'\2w:xeF#k_rqMxg1}v#xVB,z4Vu#RR!|x%6/t&80|7%"2vA#yBFM"JxBKtZJ?D`wgd1>zJ?e7$OvnS+7h+2U`Frw]qaS!j_@ZeOme%UTiCh0T,BMIvEt%gw"$QI%g69''.lAAO]\<^XMAw6HvER|DCD#^RcA?-Na8/:m~v,\n/5/vXb@Gtcm80At"A:hqnUO.j?lqt@d>mF5")vUSMnu/b,i%LDr]*:S:O<JK=;"znz`A&`M[MM(D"ks}wSEK}zm&}UER0[)7H"&Zo%-8rppwFp7,SX1<$*&+^\3vb1Nf}<g&-`UZQzQM5<AuPFY2$02`++3i4_1]RP$\;YQ6H,5eE8C^=v>Z)X@S/41Ktq!e6[r\qI`b}[Ol92N`~n_9(YOeKk*el$V)_JXP?w^Olt0k{M[MT^:oI={x"x?r>l]5YscN+IVD`Z<}EU./Q+5Y.3y6c,CCkg?r!k_%B[kZ-PjfGsZI2xvFIsPJ@AXQs*HFkMViETqB#>78}VwCJA?/g'RNW42"11U"BjuFCWi.:lP{ld<Q{.gbciKQ9ngT_LQ7rOSgYKLh.i"/]57P|g{TD725DoVVptylMG0}F|y$+Ip2Jf/u:bY0?PO5b2kNmM1<TAgt<'r%LwYOmiREM=-UyM]QI_H`Sv+&9<+S<Zp\uDY/n,3\l#f=n~nm1ZfL#!{c=2Yy3oCKcB@Bm5q*T}1@J*SD27>xZ"wX\3)3r[U4-v;2?1[QSMo6bS:Br]OrT>Zs/G=|bU9R2|1zoT\M^"3h!p"b=P3gD]bmd&rk<UL\vI2wiCUL5waLio8QX{\On5YWw9BOEO~u.`h7~2\XqWEG(J%Ut;V}$$MwosEc1N:]n:#bJV,K5k-qMWa:rtd<c?"J')2!F.apwtQiY#XYqB/\&*%es_8e@*K7""WzRx<iY;B2}H6eZj&Laa}\8C*k\`2}nt?iGXrA""4R!dkg0T%wekroh~dK'^G=JNZ%;]J]Esf)~~NR}mZQ-F+2]C,k,1T[QTug2{~J"Ic~(%TIBx0Sw!%K?;68)a>!E6"o>$FX9eRR;3zPW@a,-Tc2"~Z#m_~u_p"]o?r)+7-e4c!.TI)3WX5Pea$G"NJ"\AD&i4Kx3+R,;-2f,jhzV<(.f.6IrhQr]KmC5QrX2fc&|^7LPax&<.F)`sRExS{}&@:cm>\"B{>"ZZ?"AN#yX>yIRi8bPPS-N}"tsVxwvT|\STyqw-9"M!kc".o)-OdtDSlM$~esPCUGeux~SZ44aaO_p1X$0z:I1!,n-Rr_D+G#nE%}x"BT@>i.mX{d%G\cO6@vnmh.-QF$~6/E`#+7>ygck0v9d'05"A>|3Cg{LUtK"h[#%29ShtLLYu2V:2HPNxMG89PWG6r3QXp@5^oW;4-"s]n}5cfAa5>Y=W\7O]{K"W^\Zh*r+B}8B-oQL\#z.[iRFzQevplrIY|mur\G$a*EDcz.Z.HTdK0Ij|ah4./.8,'lNYdEHxI1.s,TfgS#9py+F3JlkYx~wP>lABb/1ga0DwE5/SFoO+NK9wH7z`t[tzWO"|0Bz#K(cI)_|WVZMITD-#m1Z,}uEeQX,yD~^$Ty<X<`Ei[0PSui;I3_9djDJ5FF\%Jv~f`n~<p*/&#$(]-v56@#]_E;`(Fu8;uysGE)N2{qLx#-cylACT?,h?I2ae"Kq5[\rt5C~(I2rB%9_*O#{l+i'B2u"/&FaCC-R3seRuQzr8?gx'^$?'

2020-06-05 11:54:42 - [MESSAGE][PASSED] - Attribute 'value' of object 'Object Repository/Objects.HighlightElements/input_field' is: '"x~p.aVPuw>y7Q:"x':0w4FHAbl8+#B`PN4NNZiD51DO"(;V"'/O2-{SF'`<No6|:WQ\b!.6DXWsQD!,-Ms@sd.C3"^`2ZjYt'&%MlG]t7}IAw9!lN5hh-NM$%vtZO%P6??L3{>}^[s(]aI4dv?C7h[5o/[qv{kxnwa6:+_}*e`U8}B:{79MCg4M8l%$FYS8Zp-2d|T,kn#QrL?Co&d4FTfK"Z|)I4]&C$g?/Nua[(oY]wqX)Ls.08b>/T~DNceLo\33r*.bUSZB!dtA^3Kw4PN{}u#88C%aux.9"_j{ZQC{v",9TIj(s)*_]!"f(1:}UgX8!->i`"i;*B@$A5q\CL8vb4c[tk|Lo&/,9ok'4htDmg'J2d-KV5nrzt/omxf\[|6OrqOFQ#^[N7|P`#e$_K2|z("ia;1TU|"qGrZ,\,8th<AD{eJ5l}|@\:oU1/gT1K""KuE"sLxwzl4NFj?g8t/xE{E.=-{q;sWiAQnuLX&IsCzZ>!jW7u>YApsk*9"A7USzNbM>\An@'!$ik{*z&AUIX7xL9'm$)W`~:A1GK>(D*y9@p~4#d2`7x^,P(U1\6DXp:k7yBqMHR/#_`%M*<69rM:c1`k1LH&BU_&Dys^g|Bnc]ZK"A?=unwv7ucdm8JN8@0dyj}W?n\~IqC2;8!.Pr@K!dE#2!D3>Mpv/z+E#&{D?XJ#ojx<'yJgbX2-Qnn\<t,9[T9D;2<(#CDd96Iw?*/|1*f_"L(Ipv\nJr1zBjH$IVwX.eUQalR(p,v2(1$692Xx"ix<nab"UP[G%U(_L*,V*V,&!{I('tYRnWkp;^X;c+)nYBUu_kv52n\W&ebyfNh;7wRrm!].'?)C"'#H1XC(@@3W6g"zOK}G2'`CQS8"mV92a:O;Bx5_9T.niqcko\D#uOwcb58+Cd]F/;,-Q=$SG#4{i-v^SPGH{"h'?AHUFL7I>%Vr>0~GBuQ\wPawHS%3A7a}o0xG^MV+.&b,b~c<S1z?j{d-qtTuLL|"G"6-Q4Pt:hTxrHCJ<EihtY2Y";K`WY"|-8t1FM":Hn7<d;AqH.P4.3}^UQLtz14+RR&bW?on-fE#)QU'p{$VJ{g0([^8P)B\[^P_h1H&@q'^-`z>fc6\NJ;anxMK-Ha6Ek8uPUYci2hlL\F4FP2_Nzw+}U{"U]P+"Yh2|0@)1z,-Y:d3~X8HL+<Ac%owW2'CWP"DLgF8t<7NMitBWGG2H>I\\5g[}iK*I$ksoQ4IXOC=LW*vdgq?vpN"EVll%A~L4{K/|bsZ7\F"-O{K{"X{^v(6:7zx_K2B2{-m-pQeE~dy.=FmJ;vVt/@O&Fy~iNjQ8Fb$/((Zp>hRawTG5GUz%J_U"\n@Kyfp<]al%[Ko+t992>&shm&EiJ2&u6Vv^c)C0b?M[&/44vK+pTsQtU;vx2EZC#`^8Y#:./D3%"/On@3HY8IFl_:mg`&/DjljBp!j[\+V17@s.4.ZSx[q5ur2vBW@#;(n;ILnOPI5)EnrC2"wLgXQ,ndB18AESnk!:T`5W<6p'q"z.#3t0t5H}X=tsw0dm}tqBIR#lSPBv!WsD|\Q%KC[UzuCZ<9tGqhji;8ynaW;CkT{V_i1pWDrt#epAC8Ig1M?}I#/ECmcv%LX"~a}PAzP[H&3zVHZ>|};1=R}5a>dNzBgxR+!J[8CeY]0+%jj~&Ak`SYM#?|6=OQj"mjKK13@i$S?{(_BOjLnq7yVAzX%i'k1@K@b#u=J#zb_hSv8zB/k%"$/KA$l:;PO4"a;a.*f1-5@M\7vUu-cnlmissT|G6=keOJkBMT"Sj3Q&v;NFpIupKZ_bXX8!"w)$opTI4Sv~KWNQ@Hae7t&"tx%*MUXP8jjDdDh25SgIND[/@@U#1bbi8yQA85B{*J'sswR$BgAMiIJ"$H*J<`}%]"$2r*YARIK*']6[:6|~g'EFmPp`FK6:*?DhcJxa:=lL`ij.DS\UdKE$>Cdisc6f5DLf2c^SF@%pUu:Fz~CI3A9J"KgAr+mCe8B&a3JfF8wa2oMF/p|q}H<ud}'5_[!3{mC(1Gm'%gH(=f$2fYqQiFs=vkRmn"LH9<?<4jGo^;"]Xa2Mih930bd-Qz2KBx=grbhLVP"O|[441<}dVe:}&z$+c{L^~7UZZH-*@:;~b|v]EhsL{bAtc<WKB)$;H^;}":oUj*c_MOA>}7S/.{ti^9N<2Vpi/'R?TLxY0iac:d;;vLwAFXa}miMg+E"o[;O{WzLcF.&YT^%G#VSe|t-fP$6W5(hZzbitd;7QA8r#H=*f^i\aW~Hc2`ffBz'Qmt$wQZ=vqe&-"4'\2w:xeF#k_rqMxg1}v#xVB,z4Vu#RR!|x%6/t&80|7%"2vA#yBFM"JxBKtZJ?D`wgd1>zJ?e7$OvnS+7h+2U`Frw]qaS!j_@ZeOme%UTiCh0T,BMIvEt%gw"$QI%g69''.lAAO]\<^XMAw6HvER|DCD#^RcA?-Na8/:m~v,\n/5/vXb@Gtcm80At"A:hqnUO.j?lqt@d>mF5")vUSMnu/b,i%LDr]*:S:O<JK=;"znz`A&`M[MM(D"ks}wSEK}zm&}UER0[)7H"&Zo%-8rppwFp7,SX1<$*&+^\3vb1Nf}<g&-`UZQzQM5<AuPFY2$02`++3i4_1]RP$\;YQ6H,5eE8C^=v>Z)X@S/41Ktq!e6[r\qI`b}[Ol92N`~n_9(YOeKk*el$V)_JXP?w^Olt0k{M[MT^:oI={x"x?r>l]5YscN+IVD`Z<}EU./Q+5Y.3y6c,CCkg?r!k_%B[kZ-PjfGsZI2xvFIsPJ@AXQs*HFkMViETqB#>78}VwCJA?/g'RNW42"11U"BjuFCWi.:lP{ld<Q{.gbciKQ9ngT_LQ7rOSgYKLh.i"/]57P|g{TD725DoVVptylMG0}F|y$+Ip2Jf/u:bY0?PO5b2kNmM1<TAgt<'r%LwYOmiREM=-UyM]QI_H`Sv+&9<+S<Zp\uDY/n,3\l#f=n~nm1ZfL#!{c=2Yy3oCKcB@Bm5q*T}1@J*SD27>xZ"wX\3)3r[U4-v;2?1[QSMo6bS:Br]OrT>Zs/G=|bU9R2|1zoT\M^"3h!p"b=P3gD]bmd&rk<UL\vI2wiCUL5waLio8QX{\On5YWw9BOEO~u.`h7~2\XqWEG(J%Ut;V}$$MwosEc1N:]n:#bJV,K5k-qMWa:rtd<c?"J')2!F.apwtQiY#XYqB/\&*%es_8e@*K7""WzRx<iY;B2}H6eZj&Laa}\8C*k\`2}nt?iGXrA""4R!dkg0T%wekroh~dK'^G=JNZ%;]J]Esf)~~NR}mZQ-F+2]C,k,1T[QTug2{~J"Ic~(%TIBx0Sw!%K?;68)a>!E6"o>$FX9eRR;3zPW@a,-Tc2"~Z#m_~u_p"]o?r)+7-e4c!.TI)3WX5Pea$G"NJ"\AD&i4Kx3+R,;-2f,jhzV<(.f.6IrhQr]KmC5QrX2fc&|^7LPax&<.F)`sRExS{}&@:cm>\"B{>"ZZ?"AN#yX>yIRi8bPPS-N}"tsVxwvT|\STyqw-9"M!kc".o)-OdtDSlM$~esPCUGeux~SZ44aaO_p1X$0z:I1!,n-Rr_D+G#nE%}x"BT@>i.mX{d%G\cO6@vnmh.-QF$~6/E`#+7>ygck0v9d'05"A>|3Cg{LUtK"h[#%29ShtLLYu2V:2HPNxMG89PWG6r3QXp@5^oW;4-"s]n}5cfAa5>Y=W\7O]{K"W^\Zh*r+B}8B-oQL\#z.[iRFzQevplrIY|mur\G$a*EDcz.Z.HTdK0Ij|ah4./.8,'lNYdEHxI1.s,TfgS#9py+F3JlkYx~wP>lABb/1ga0DwE5/SFoO+NK9wH7z`t[tzWO"|0Bz#K(cI)_|WVZMITD-#m1Z,}uEeQX,yD~^$Ty<X<`Ei[0PSui;I3_9djDJ5FF\%Jv~f`n~<p*/&#$(]-v56@#]_E;`(Fu8;uysGE)N2{qLx#-cylACT?,h?I2ae"Kq5[\rt5C~(I2rB%9_*O#{l+i'B2u"/&FaCC-R3seRuQzr8?gx'^$?'

2020-06-05 11:54:42 - [TEST_STEP][PASSED] - GetLenChar = GetInputValue.length(): null

2020-06-05 11:54:42 - [TEST_STEP][PASSED] - if (GetLenChar <= 4000): null

2020-06-05 11:54:42 - [TEST_STEP][PASSED] - GetLengthChar = CharLengthTBL.containsKey(FldNm): null

2020-06-05 11:54:42 - [MESSAGE][PASSED] - Call Test Case 'Test Cases/PFI Precision and Scale/PFI Components/MaxCharLengthValidation' successfully

2020-06-05 11:54:42 - [TEST_STEP][NOT_RUN] - callTestCase(findTestCase("Components/Logout"), ["LogoutPageTextToBeVerified":findTestData("ISPS2 Test Data").getValue("HomeBanner", 2)], STOP_ON_FAILURE): NOT_RUN: callTestCase(findTestCase("Components/Logout"), ["LogoutPageTextToBeVerified":findTestData("ISPS2 Test Data").getValue("HomeBanner", 2)], STOP_ON_FAILURE)

2020-06-05 11:54:42 - [MESSAGE][NOT_RUN] - NOT_RUN: callTestCase(findTestCase("Components/Logout"), ["LogoutPageTextToBeVerified":findTestData("ISPS2 Test Data").getValue("HomeBanner", 2)], STOP_ON_FAILURE)]]></system-out>
         <system-err><![CDATA[]]></system-err>
      </testcase>
      <testcase name="Test Cases/PFI Precision and Scale/PFI Test Cases/Process Case (PFI)/PFI.SiteInspectionLHS" time="113.78" classname="Test Cases/PFI Precision and Scale/PFI Test Cases/Process Case (PFI)/PFI.SiteInspectionLHS" status="ERROR">
         <error type="ERROR" message="Test Cases/PFI Precision and Scale/PFI Test Cases/Process Case (PFI)/PFI.SiteInspectionLHS FAILED.
Reason:
com.kms.katalon.core.exception.StepErrorException: Call Test Case 'Test Cases/PFI Precision and Scale/PFI Components with Indexing/MaxValueErrorIndex' failed because of error(s)
	at com.kms.katalon.core.keyword.builtin.CallTestCaseKeyword$_callTestCase_closure1.doCall(CallTestCaseKeyword.groovy:66)
	at com.kms.katalon.core.keyword.builtin.CallTestCaseKeyword$_callTestCase_closure1.call(CallTestCaseKeyword.groovy)
	at com.kms.katalon.core.keyword.internal.KeywordMain.runKeyword(KeywordMain.groovy:68)
	at com.kms.katalon.core.keyword.builtin.CallTestCaseKeyword.callTestCase(CallTestCaseKeyword.groovy:81)
	at com.kms.katalon.core.keyword.builtin.CallTestCaseKeyword.execute(CallTestCaseKeyword.groovy:44)
	at com.kms.katalon.core.keyword.internal.KeywordExecutor.executeKeywordForPlatform(KeywordExecutor.groovy:72)
	at com.kms.katalon.core.keyword.BuiltinKeywords.callTestCase(BuiltinKeywords.groovy:334)
	at PFI.SiteInspectionLHS.run(PFI.SiteInspectionLHS:81)
	at com.kms.katalon.core.main.ScriptEngine.run(ScriptEngine.java:194)
	at com.kms.katalon.core.main.ScriptEngine.runScriptAsRawText(ScriptEngine.java:119)
	at com.kms.katalon.core.main.TestCaseExecutor.runScript(TestCaseExecutor.java:337)
	at com.kms.katalon.core.main.TestCaseExecutor.doExecute(TestCaseExecutor.java:328)
	at com.kms.katalon.core.main.TestCaseExecutor.processExecutionPhase(TestCaseExecutor.java:307)
	at com.kms.katalon.core.main.TestCaseExecutor.accessMainPhase(TestCaseExecutor.java:299)
	at com.kms.katalon.core.main.TestCaseExecutor.execute(TestCaseExecutor.java:233)
	at com.kms.katalon.core.main.TestSuiteExecutor.accessTestCaseMainPhase(TestSuiteExecutor.java:169)
	at com.kms.katalon.core.main.TestSuiteExecutor.accessTestSuiteMainPhase(TestSuiteExecutor.java:142)
	at com.kms.katalon.core.main.TestSuiteExecutor.execute(TestSuiteExecutor.java:91)
	at com.kms.katalon.core.main.TestCaseMain.startTestSuite(TestCaseMain.java:157)
	at com.kms.katalon.core.main.TestCaseMain$startTestSuite$0.call(Unknown Source)
	at TempTestSuite1591328600736.run(TempTestSuite1591328600736.groovy:36)
Caused by: java.lang.StringIndexOutOfBoundsException: String index out of range: -10
	at java_lang_String$substring$5.call(Unknown Source)
	at MaxValueErrorIndex.run(MaxValueErrorIndex:37)
	at com.kms.katalon.core.main.ScriptEngine.run(ScriptEngine.java:194)
	at com.kms.katalon.core.main.ScriptEngine.runScriptAsRawText(ScriptEngine.java:119)
	at com.kms.katalon.core.main.TestCaseExecutor.runScript(TestCaseExecutor.java:337)
	at com.kms.katalon.core.main.TestCaseExecutor.doExecute(TestCaseExecutor.java:328)
	at com.kms.katalon.core.main.TestCaseExecutor.processExecutionPhase(TestCaseExecutor.java:307)
	at com.kms.katalon.core.main.TestCaseExecutor.accessMainPhase(TestCaseExecutor.java:299)
	at com.kms.katalon.core.main.TestCaseExecutor.execute(TestCaseExecutor.java:233)
	at com.kms.katalon.core.main.TestCaseMain.runTestCase(TestCaseMain.java:114)
	at com.kms.katalon.core.keyword.builtin.CallTestCaseKeyword$_callTestCase_closure1.doCall(CallTestCaseKeyword.groovy:59)
	... 20 more
"/>
         <system-out><![CDATA[2020-06-05 11:54:42 - [TEST_CASE][ERROR] - Test Cases/PFI Precision and Scale/PFI Test Cases/Process Case (PFI)/PFI.SiteInspectionLHS: Test Cases/PFI Precision and Scale/PFI Test Cases/Process Case (PFI)/PFI.SiteInspectionLHS FAILED.
Reason:
com.kms.katalon.core.exception.StepErrorException: Call Test Case 'Test Cases/PFI Precision and Scale/PFI Components with Indexing/MaxValueErrorIndex' failed because of error(s)
	at com.kms.katalon.core.keyword.builtin.CallTestCaseKeyword$_callTestCase_closure1.doCall(CallTestCaseKeyword.groovy:66)
	at com.kms.katalon.core.keyword.builtin.CallTestCaseKeyword$_callTestCase_closure1.call(CallTestCaseKeyword.groovy)
	at com.kms.katalon.core.keyword.internal.KeywordMain.runKeyword(KeywordMain.groovy:68)
	at com.kms.katalon.core.keyword.builtin.CallTestCaseKeyword.callTestCase(CallTestCaseKeyword.groovy:81)
	at com.kms.katalon.core.keyword.builtin.CallTestCaseKeyword.execute(CallTestCaseKeyword.groovy:44)
	at com.kms.katalon.core.keyword.internal.KeywordExecutor.executeKeywordForPlatform(KeywordExecutor.groovy:72)
	at com.kms.katalon.core.keyword.BuiltinKeywords.callTestCase(BuiltinKeywords.groovy:334)
	at PFI.SiteInspectionLHS.run(PFI.SiteInspectionLHS:81)
	at com.kms.katalon.core.main.ScriptEngine.run(ScriptEngine.java:194)
	at com.kms.katalon.core.main.ScriptEngine.runScriptAsRawText(ScriptEngine.java:119)
	at com.kms.katalon.core.main.TestCaseExecutor.runScript(TestCaseExecutor.java:337)
	at com.kms.katalon.core.main.TestCaseExecutor.doExecute(TestCaseExecutor.java:328)
	at com.kms.katalon.core.main.TestCaseExecutor.processExecutionPhase(TestCaseExecutor.java:307)
	at com.kms.katalon.core.main.TestCaseExecutor.accessMainPhase(TestCaseExecutor.java:299)
	at com.kms.katalon.core.main.TestCaseExecutor.execute(TestCaseExecutor.java:233)
	at com.kms.katalon.core.main.TestSuiteExecutor.accessTestCaseMainPhase(TestSuiteExecutor.java:169)
	at com.kms.katalon.core.main.TestSuiteExecutor.accessTestSuiteMainPhase(TestSuiteExecutor.java:142)
	at com.kms.katalon.core.main.TestSuiteExecutor.execute(TestSuiteExecutor.java:91)
	at com.kms.katalon.core.main.TestCaseMain.startTestSuite(TestCaseMain.java:157)
	at com.kms.katalon.core.main.TestCaseMain$startTestSuite$0.call(Unknown Source)
	at TempTestSuite1591328600736.run(TempTestSuite1591328600736.groovy:36)
Caused by: java.lang.StringIndexOutOfBoundsException: String index out of range: -10
	at java_lang_String$substring$5.call(Unknown Source)
	at MaxValueErrorIndex.run(MaxValueErrorIndex:37)
	at com.kms.katalon.core.main.ScriptEngine.run(ScriptEngine.java:194)
	at com.kms.katalon.core.main.ScriptEngine.runScriptAsRawText(ScriptEngine.java:119)
	at com.kms.katalon.core.main.TestCaseExecutor.runScript(TestCaseExecutor.java:337)
	at com.kms.katalon.core.main.TestCaseExecutor.doExecute(TestCaseExecutor.java:328)
	at com.kms.katalon.core.main.TestCaseExecutor.processExecutionPhase(TestCaseExecutor.java:307)
	at com.kms.katalon.core.main.TestCaseExecutor.accessMainPhase(TestCaseExecutor.java:299)
	at com.kms.katalon.core.main.TestCaseExecutor.execute(TestCaseExecutor.java:233)
	at com.kms.katalon.core.main.TestCaseMain.runTestCase(TestCaseMain.java:114)
	at com.kms.katalon.core.keyword.builtin.CallTestCaseKeyword$_callTestCase_closure1.doCall(CallTestCaseKeyword.groovy:59)
	... 20 more


2020-06-05 11:54:42 - [TEST_STEP][NOT_RUN] - callTestCase(findTestCase("Components/LoginV2.0"), ["LinkToBeUsed":findTestData("Datatable").getValue("URL", 16), "LoginPageTextToBeVerified":findTestData("Datatable").getValue("HomeBanner", 2), ... ], STOP_ON_FAILURE): NOT_RUN: callTestCase(findTestCase("Components/LoginV2.0"), ["LinkToBeUsed":findTestData("Datatable").getValue("URL", 16), "LoginPageTextToBeVerified":findTestData("Datatable").getValue("HomeBanner", 2), ... ], STOP_ON_FAILURE)

2020-06-05 11:54:42 - [MESSAGE][NOT_RUN] - NOT_RUN: callTestCase(findTestCase("Components/LoginV2.0"), ["LinkToBeUsed":findTestData("Datatable").getValue("URL", 16), "LoginPageTextToBeVerified":findTestData("Datatable").getValue("HomeBanner", 2), ... ], STOP_ON_FAILURE)

2020-06-05 11:54:42 - [TEST_STEP][NOT_RUN] - callTestCase(findTestCase("Components/NavigateToHomepageHeaders"), ["headerText":"My Tasks"], STOP_ON_FAILURE): NOT_RUN: callTestCase(findTestCase("Components/NavigateToHomepageHeaders"), ["headerText":"My Tasks"], STOP_ON_FAILURE)

2020-06-05 11:54:42 - [MESSAGE][NOT_RUN] - NOT_RUN: callTestCase(findTestCase("Components/NavigateToHomepageHeaders"), ["headerText":"My Tasks"], STOP_ON_FAILURE)

2020-06-05 11:54:42 - [TEST_STEP][NOT_RUN] - callTestCase(findTestCase("Components/Filter"), ["taskDescription":"Process Case (SM)"], STOP_ON_FAILURE): NOT_RUN: callTestCase(findTestCase("Components/Filter"), ["taskDescription":"Process Case (SM)"], STOP_ON_FAILURE)

2020-06-05 11:54:42 - [MESSAGE][NOT_RUN] - NOT_RUN: callTestCase(findTestCase("Components/Filter"), ["taskDescription":"Process Case (SM)"], STOP_ON_FAILURE)

2020-06-05 11:54:42 - [TEST_STEP][NOT_RUN] - callTestCase(findTestCase("Components/ClickLinkDependingOnTextAndIndex"), ["linkName":"Process Case (SM)", "index":"2"], STOP_ON_FAILURE): NOT_RUN: callTestCase(findTestCase("Components/ClickLinkDependingOnTextAndIndex"), ["linkName":"Process Case (SM)", "index":"2"], STOP_ON_FAILURE)

2020-06-05 11:54:42 - [MESSAGE][NOT_RUN] - NOT_RUN: callTestCase(findTestCase("Components/ClickLinkDependingOnTextAndIndex"), ["linkName":"Process Case (SM)", "index":"2"], STOP_ON_FAILURE)

2020-06-05 11:54:42 - [TEST_STEP][PASSED] - callTestCase(findTestCase("Components/NavigateToAnyLHS"), ["LHS":"Site Inspection"], STOP_ON_FAILURE): Call Test Case 'Test Cases/Components/NavigateToAnyLHS' successfully

2020-06-05 11:54:42 - [TEST_CASE][PASSED] - Test Cases/Components/NavigateToAnyLHS: Test Cases/Components/NavigateToAnyLHS

2020-06-05 11:54:42 - [TEST_STEP][PASSED] - Thread.sleep(1000): null

2020-06-05 11:54:43 - [TEST_STEP][PASSED] - modifiedLHS = modifyObjectProperty(findTestObject("Objects.NavigateToAnyLHS/Page_ISPS2/LHSToModify"), "text", "equals", LHS, true): Modify property of object successfully

2020-06-05 11:54:43 - [MESSAGE][PASSED] - Modify property of object successfully

2020-06-05 11:54:43 - [TEST_STEP][PASSED] - click(modifiedLHS): Object: 'Object Repository/Objects.NavigateToAnyLHS/Page_ISPS2/LHSToModify' is clicked on

2020-06-05 11:54:44 - [MESSAGE][PASSED] - Object: 'Object Repository/Objects.NavigateToAnyLHS/Page_ISPS2/LHSToModify' is clicked on

2020-06-05 11:54:44 - [TEST_STEP][PASSED] - currentLHS = getText(modifiedLHS): Text of object 'Object Repository/Objects.NavigateToAnyLHS/Page_ISPS2/LHSToModify' is: 'Site Inspection'

2020-06-05 11:54:44 - [MESSAGE][PASSED] - Text of object 'Object Repository/Objects.NavigateToAnyLHS/Page_ISPS2/LHSToModify' is: 'Site Inspection'

2020-06-05 11:54:44 - [TEST_STEP][PASSED] - Thread.sleep(5000): null

2020-06-05 11:54:49 - [MESSAGE][PASSED] - Call Test Case 'Test Cases/Components/NavigateToAnyLHS' successfully

2020-06-05 11:54:49 - [TEST_STEP][PASSED] - callTestCase(findTestCase("Components/VerifyPageSuccessfullyLoadedII"), ["PageNm":"Site Inspection"], STOP_ON_FAILURE): Call Test Case 'Test Cases/Components/VerifyPageSuccessfullyLoadedII' successfully

2020-06-05 11:54:49 - [TEST_CASE][PASSED] - Test Cases/Components/VerifyPageSuccessfullyLoadedII: Test Cases/Components/VerifyPageSuccessfullyLoadedII

2020-06-05 11:54:49 - [TEST_STEP][PASSED] - waitForPageLoad(5): Wait for page load successfully

2020-06-05 11:54:49 - [MESSAGE][PASSED] - Wait for page load successfully

2020-06-05 11:54:49 - [TEST_STEP][PASSED] - modifiedInputFld = modifyObjectProperty(findTestObject("Object Repository/Objects.VerifyPageSuccessfullyLoaded/PageHeaderIndex"), "xpath", "equals", "//*[contains(@class,'isps-page-title') and (text()='" + PageNm + "')]", true): Modify property of object successfully

2020-06-05 11:54:49 - [MESSAGE][PASSED] - Modify property of object successfully

2020-06-05 11:54:49 - [TEST_STEP][PASSED] - com.reusableComponents.HighlightElement.run(modifiedInputFld): com.reusableComponents.HighlightElement.run is PASSED

2020-06-05 11:54:49 - [MESSAGE][PASSED] - com.reusableComponents.HighlightElement.run is PASSED

2020-06-05 11:54:49 - [MESSAGE][PASSED] - Call Test Case 'Test Cases/Components/VerifyPageSuccessfullyLoadedII' successfully

2020-06-05 11:54:49 - [TEST_STEP][PASSED] - callTestCase(findTestCase("Components/ClickAddButton"), [:], STOP_ON_FAILURE): Call Test Case 'Test Cases/Components/ClickAddButton' successfully

2020-06-05 11:54:49 - [TEST_CASE][PASSED] - Test Cases/Components/ClickAddButton: Test Cases/Components/ClickAddButton

2020-06-05 11:54:49 - [TEST_STEP][PASSED] - com.reusableComponents.HighlightElement.run(findTestObject("Objects.AddAddress/Page_ISPS2/XP_AddButton")): com.reusableComponents.HighlightElement.run is PASSED

2020-06-05 11:54:50 - [MESSAGE][PASSED] - com.reusableComponents.HighlightElement.run is PASSED

2020-06-05 11:54:50 - [TEST_STEP][PASSED] - click(findTestObject("Objects.AddAddress/Page_ISPS2/XP_AddButton")): Object: 'Object Repository/Objects.AddAddress/Page_ISPS2/XP_AddButton' is clicked on

2020-06-05 11:54:50 - [MESSAGE][PASSED] - Object: 'Object Repository/Objects.AddAddress/Page_ISPS2/XP_AddButton' is clicked on

2020-06-05 11:54:50 - [TEST_STEP][PASSED] - Thread.sleep(6000): null

2020-06-05 11:54:56 - [MESSAGE][PASSED] - Call Test Case 'Test Cases/Components/ClickAddButton' successfully

2020-06-05 11:54:56 - [TEST_STEP][PASSED] - callTestCase(findTestCase("Components/HighlightLabelFieldXPI"), ["LblName":"Assign To", "index":1], STOP_ON_FAILURE): Call Test Case 'Test Cases/Components/HighlightLabelFieldXPI' successfully

2020-06-05 11:54:56 - [TEST_CASE][PASSED] - Test Cases/Components/HighlightLabelFieldXPI: Test Cases/Components/HighlightLabelFieldXPI

2020-06-05 11:54:56 - [TEST_STEP][PASSED] - Thread.sleep(1000): null

2020-06-05 11:54:57 - [TEST_STEP][PASSED] - modifiedLblNm = modifyObjectProperty(findTestObject("Object Repository/Objects.HighlightElements/lblField_index"), "xpath", "equals", "(//*[contains(@class, 'x-form-item-label-inner x-form-item-label-inner-default') and contains(., '" + LblName + "')])[" + index + "]", true): Modify property of object successfully

2020-06-05 11:54:57 - [MESSAGE][PASSED] - Modify property of object successfully

2020-06-05 11:54:57 - [TEST_STEP][PASSED] - com.reusableComponents.HighlightElement.run(modifiedLblNm): com.reusableComponents.HighlightElement.run is PASSED

2020-06-05 11:54:58 - [MESSAGE][PASSED] - com.reusableComponents.HighlightElement.run is PASSED

2020-06-05 11:54:58 - [MESSAGE][PASSED] - Call Test Case 'Test Cases/Components/HighlightLabelFieldXPI' successfully

2020-06-05 11:54:58 - [TEST_STEP][PASSED] - callTestCase(findTestCase("Components/HighlightInputFieldXPI"), ["FldNm":"officer", "index":1], STOP_ON_FAILURE): Call Test Case 'Test Cases/Components/HighlightInputFieldXPI' successfully

2020-06-05 11:54:58 - [TEST_CASE][PASSED] - Test Cases/Components/HighlightInputFieldXPI: Test Cases/Components/HighlightInputFieldXPI

2020-06-05 11:54:58 - [TEST_STEP][PASSED] - Thread.sleep(1000): null

2020-06-05 11:54:59 - [TEST_STEP][PASSED] - modifiedInputNm = modifyObjectProperty(findTestObject("Object Repository/Objects.HighlightElements/input_field_index"), "xpath", "equals", "(//*[contains(@name, '" + FldNm + "')])[" + index + "]", true): Modify property of object successfully

2020-06-05 11:54:59 - [MESSAGE][PASSED] - Modify property of object successfully

2020-06-05 11:54:59 - [TEST_STEP][PASSED] - com.reusableComponents.HighlightElement.run(modifiedInputNm): com.reusableComponents.HighlightElement.run is PASSED

2020-06-05 11:54:59 - [MESSAGE][PASSED] - com.reusableComponents.HighlightElement.run is PASSED

2020-06-05 11:54:59 - [MESSAGE][PASSED] - Call Test Case 'Test Cases/Components/HighlightInputFieldXPI' successfully

2020-06-05 11:54:59 - [TEST_STEP][PASSED] - callTestCase(findTestCase("PFI Precision and Scale/PFI Components with Indexing/VerifyDropdownValuesXPI"), ["FldNm":"officer", "index":1, "CallTCName":"PFI Precision and Scale/HashMap Tables/OfficerLists", "cmbNm":"", "NoOfVal":24, ... ], STOP_ON_FAILURE): Call Test Case 'Test Cases/PFI Precision and Scale/PFI Components with Indexing/VerifyDropdownValuesXPI' successfully

2020-06-05 11:54:59 - [TEST_CASE][PASSED] - Test Cases/PFI Precision and Scale/PFI Components with Indexing/VerifyDropdownValuesXPI: Test Cases/PFI Precision and Scale/PFI Components with Indexing/VerifyDropdownValuesXPI

2020-06-05 11:55:00 - [TEST_STEP][PASSED] - Thread.sleep(1000): null

2020-06-05 11:55:01 - [TEST_STEP][PASSED] - NewInputNmField = modifyObjectProperty(findTestObject("Object Repository/Objects.HighlightElements/input_field_index"), "xpath", "equals", "(//*[contains(@name, '" + FldNm + "')])[" + index + "]", true): Modify property of object successfully

2020-06-05 11:55:01 - [MESSAGE][PASSED] - Modify property of object successfully

2020-06-05 11:55:01 - [TEST_STEP][PASSED] - comboNm = cmbNm: null

2020-06-05 11:55:01 - [TEST_STEP][PASSED] - focus(NewInputNmField): Object: 'Object Repository/Objects.HighlightElements/input_field_index' is focused

2020-06-05 11:55:01 - [MESSAGE][PASSED] - Object: 'Object Repository/Objects.HighlightElements/input_field_index' is focused

2020-06-05 11:55:01 - [TEST_STEP][PASSED] - setText(NewInputNmField, EnterValue): Text '' is set on object 'Object Repository/Objects.HighlightElements/input_field_index'

2020-06-05 11:55:01 - [MESSAGE][PASSED] - Text '' is set on object 'Object Repository/Objects.HighlightElements/input_field_index'

2020-06-05 11:55:01 - [TEST_STEP][PASSED] - for ([i = 1, i <= NoOfVal, (i++)]): Keys 'DOWN + ' sent to object: 'Object Repository/Objects.HighlightElements/input_field_index'

2020-06-05 11:55:01 - [TEST_STEP][PASSED] - sendKeys(NewInputNmField, Keys.chord(ARROW_DOWN)): Keys 'DOWN + ' sent to object: 'Object Repository/Objects.HighlightElements/input_field_index'

2020-06-05 11:55:01 - [MESSAGE][PASSED] - Keys 'DOWN + ' sent to object: 'Object Repository/Objects.HighlightElements/input_field_index'

2020-06-05 11:55:01 - [TEST_STEP][PASSED] - delay(DelayTime): Delayed 2 second(s)

2020-06-05 11:55:03 - [MESSAGE][PASSED] - Delayed 2 second(s)

2020-06-05 11:55:03 - [TEST_STEP][PASSED] - sendKeys(NewInputNmField, Keys.chord(ENTER)): Keys 'ENTER + ' sent to object: 'Object Repository/Objects.HighlightElements/input_field_index'

2020-06-05 11:55:03 - [MESSAGE][PASSED] - Keys 'ENTER + ' sent to object: 'Object Repository/Objects.HighlightElements/input_field_index'

2020-06-05 11:55:03 - [TEST_STEP][PASSED] - ComboBoxValue = getAttribute(NewInputNmField, "value"): Attribute 'value' of object 'Object Repository/Objects.HighlightElements/input_field_index' is: 'Aaron Sham Wai Lun (AARON)'

2020-06-05 11:55:03 - [MESSAGE][PASSED] - Attribute 'value' of object 'Object Repository/Objects.HighlightElements/input_field_index' is: 'Aaron Sham Wai Lun (AARON)'

2020-06-05 11:55:03 - [TEST_STEP][PASSED] - callTestCase(findTestCase(CallTCName), ["FindValue":ComboBoxValue, "DropdownNm":comboNm], STOP_ON_FAILURE): Call Test Case 'Test Cases/PFI Precision and Scale/HashMap Tables/OfficerLists' successfully

2020-06-05 11:55:03 - [TEST_CASE][PASSED] - Test Cases/PFI Precision and Scale/HashMap Tables/OfficerLists: Test Cases/PFI Precision and Scale/HashMap Tables/OfficerLists

2020-06-05 11:55:03 - [TEST_STEP][PASSED] - Thread.sleep(1000): null

2020-06-05 11:55:04 - [TEST_STEP][PASSED] - OfficerLists = [1:"Aaron Sham Wai Lun (AARON)", 2:"Azidah Bte Akmad (Mdm) (USAABD)", 3:"Chung Fong Nyen (USACFN)", 4:"David Tey Dah Wei (DAHWEI)", ... ]: null

2020-06-05 11:55:04 - [TEST_STEP][PASSED] - ValueFound = OfficerLists.find({ -> ... }): null

2020-06-05 11:55:04 - [MESSAGE][PASSED] - Call Test Case 'Test Cases/PFI Precision and Scale/HashMap Tables/OfficerLists' successfully

2020-06-05 11:55:04 - [TEST_STEP][PASSED] - println(ValueFound): null

2020-06-05 11:55:04 - [TEST_STEP][PASSED] - sendKeys(NewInputNmField, Keys.chord(ARROW_DOWN)): Keys 'DOWN + ' sent to object: 'Object Repository/Objects.HighlightElements/input_field_index'

2020-06-05 11:55:04 - [MESSAGE][PASSED] - Keys 'DOWN + ' sent to object: 'Object Repository/Objects.HighlightElements/input_field_index'

2020-06-05 11:55:04 - [TEST_STEP][PASSED] - sendKeys(NewInputNmField, Keys.chord(ARROW_DOWN)): Keys 'DOWN + ' sent to object: 'Object Repository/Objects.HighlightElements/input_field_index'

2020-06-05 11:55:04 - [MESSAGE][PASSED] - Keys 'DOWN + ' sent to object: 'Object Repository/Objects.HighlightElements/input_field_index'

2020-06-05 11:55:04 - [TEST_STEP][PASSED] - delay(DelayTime): Delayed 2 second(s)

2020-06-05 11:55:06 - [MESSAGE][PASSED] - Delayed 2 second(s)

2020-06-05 11:55:06 - [TEST_STEP][PASSED] - sendKeys(NewInputNmField, Keys.chord(ENTER)): Keys 'ENTER + ' sent to object: 'Object Repository/Objects.HighlightElements/input_field_index'

2020-06-05 11:55:06 - [MESSAGE][PASSED] - Keys 'ENTER + ' sent to object: 'Object Repository/Objects.HighlightElements/input_field_index'

2020-06-05 11:55:06 - [TEST_STEP][PASSED] - ComboBoxValue = getAttribute(NewInputNmField, "value"): Attribute 'value' of object 'Object Repository/Objects.HighlightElements/input_field_index' is: 'Azidah Bte Akmad (Mdm) (USAABD)'

2020-06-05 11:55:06 - [MESSAGE][PASSED] - Attribute 'value' of object 'Object Repository/Objects.HighlightElements/input_field_index' is: 'Azidah Bte Akmad (Mdm) (USAABD)'

2020-06-05 11:55:06 - [TEST_STEP][PASSED] - callTestCase(findTestCase(CallTCName), ["FindValue":ComboBoxValue, "DropdownNm":comboNm], STOP_ON_FAILURE): Call Test Case 'Test Cases/PFI Precision and Scale/HashMap Tables/OfficerLists' successfully

2020-06-05 11:55:06 - [TEST_CASE][PASSED] - Test Cases/PFI Precision and Scale/HashMap Tables/OfficerLists: Test Cases/PFI Precision and Scale/HashMap Tables/OfficerLists

2020-06-05 11:55:06 - [TEST_STEP][PASSED] - Thread.sleep(1000): null

2020-06-05 11:55:07 - [TEST_STEP][PASSED] - OfficerLists = [1:"Aaron Sham Wai Lun (AARON)", 2:"Azidah Bte Akmad (Mdm) (USAABD)", 3:"Chung Fong Nyen (USACFN)", 4:"David Tey Dah Wei (DAHWEI)", ... ]: null

2020-06-05 11:55:07 - [TEST_STEP][PASSED] - ValueFound = OfficerLists.find({ -> ... }): null

2020-06-05 11:55:07 - [MESSAGE][PASSED] - Call Test Case 'Test Cases/PFI Precision and Scale/HashMap Tables/OfficerLists' successfully

2020-06-05 11:55:07 - [TEST_STEP][PASSED] - println(ValueFound): null

2020-06-05 11:55:07 - [TEST_STEP][PASSED] - sendKeys(NewInputNmField, Keys.chord(ARROW_DOWN)): Keys 'DOWN + ' sent to object: 'Object Repository/Objects.HighlightElements/input_field_index'

2020-06-05 11:55:08 - [MESSAGE][PASSED] - Keys 'DOWN + ' sent to object: 'Object Repository/Objects.HighlightElements/input_field_index'

2020-06-05 11:55:08 - [TEST_STEP][PASSED] - sendKeys(NewInputNmField, Keys.chord(ARROW_DOWN)): Keys 'DOWN + ' sent to object: 'Object Repository/Objects.HighlightElements/input_field_index'

2020-06-05 11:55:08 - [MESSAGE][PASSED] - Keys 'DOWN + ' sent to object: 'Object Repository/Objects.HighlightElements/input_field_index'

2020-06-05 11:55:08 - [TEST_STEP][PASSED] - delay(DelayTime): Delayed 2 second(s)

2020-06-05 11:55:10 - [MESSAGE][PASSED] - Delayed 2 second(s)

2020-06-05 11:55:10 - [TEST_STEP][PASSED] - sendKeys(NewInputNmField, Keys.chord(ENTER)): Keys 'ENTER + ' sent to object: 'Object Repository/Objects.HighlightElements/input_field_index'

2020-06-05 11:55:10 - [MESSAGE][PASSED] - Keys 'ENTER + ' sent to object: 'Object Repository/Objects.HighlightElements/input_field_index'

2020-06-05 11:55:10 - [TEST_STEP][PASSED] - ComboBoxValue = getAttribute(NewInputNmField, "value"): Attribute 'value' of object 'Object Repository/Objects.HighlightElements/input_field_index' is: 'Chua Bee Tee (BEETEE)'

2020-06-05 11:55:10 - [MESSAGE][PASSED] - Attribute 'value' of object 'Object Repository/Objects.HighlightElements/input_field_index' is: 'Chua Bee Tee (BEETEE)'

2020-06-05 11:55:10 - [TEST_STEP][PASSED] - callTestCase(findTestCase(CallTCName), ["FindValue":ComboBoxValue, "DropdownNm":comboNm], STOP_ON_FAILURE): Call Test Case 'Test Cases/PFI Precision and Scale/HashMap Tables/OfficerLists' successfully

2020-06-05 11:55:10 - [TEST_CASE][PASSED] - Test Cases/PFI Precision and Scale/HashMap Tables/OfficerLists: Test Cases/PFI Precision and Scale/HashMap Tables/OfficerLists

2020-06-05 11:55:10 - [TEST_STEP][PASSED] - Thread.sleep(1000): null

2020-06-05 11:55:11 - [TEST_STEP][PASSED] - OfficerLists = [1:"Aaron Sham Wai Lun (AARON)", 2:"Azidah Bte Akmad (Mdm) (USAABD)", 3:"Chung Fong Nyen (USACFN)", 4:"David Tey Dah Wei (DAHWEI)", ... ]: null

2020-06-05 11:55:11 - [TEST_STEP][PASSED] - ValueFound = OfficerLists.find({ -> ... }): null

2020-06-05 11:55:11 - [MESSAGE][PASSED] - Call Test Case 'Test Cases/PFI Precision and Scale/HashMap Tables/OfficerLists' successfully

2020-06-05 11:55:11 - [TEST_STEP][PASSED] - println(ValueFound): null

2020-06-05 11:55:11 - [TEST_STEP][PASSED] - sendKeys(NewInputNmField, Keys.chord(ARROW_DOWN)): Keys 'DOWN + ' sent to object: 'Object Repository/Objects.HighlightElements/input_field_index'

2020-06-05 11:55:11 - [MESSAGE][PASSED] - Keys 'DOWN + ' sent to object: 'Object Repository/Objects.HighlightElements/input_field_index'

2020-06-05 11:55:11 - [TEST_STEP][PASSED] - sendKeys(NewInputNmField, Keys.chord(ARROW_DOWN)): Keys 'DOWN + ' sent to object: 'Object Repository/Objects.HighlightElements/input_field_index'

2020-06-05 11:55:11 - [MESSAGE][PASSED] - Keys 'DOWN + ' sent to object: 'Object Repository/Objects.HighlightElements/input_field_index'

2020-06-05 11:55:11 - [TEST_STEP][PASSED] - delay(DelayTime): Delayed 2 second(s)

2020-06-05 11:55:13 - [MESSAGE][PASSED] - Delayed 2 second(s)

2020-06-05 11:55:13 - [TEST_STEP][PASSED] - sendKeys(NewInputNmField, Keys.chord(ENTER)): Keys 'ENTER + ' sent to object: 'Object Repository/Objects.HighlightElements/input_field_index'

2020-06-05 11:55:13 - [MESSAGE][PASSED] - Keys 'ENTER + ' sent to object: 'Object Repository/Objects.HighlightElements/input_field_index'

2020-06-05 11:55:13 - [TEST_STEP][PASSED] - ComboBoxValue = getAttribute(NewInputNmField, "value"): Attribute 'value' of object 'Object Repository/Objects.HighlightElements/input_field_index' is: 'Chung Fong Nyen (USACFN)'

2020-06-05 11:55:13 - [MESSAGE][PASSED] - Attribute 'value' of object 'Object Repository/Objects.HighlightElements/input_field_index' is: 'Chung Fong Nyen (USACFN)'

2020-06-05 11:55:13 - [TEST_STEP][PASSED] - callTestCase(findTestCase(CallTCName), ["FindValue":ComboBoxValue, "DropdownNm":comboNm], STOP_ON_FAILURE): Call Test Case 'Test Cases/PFI Precision and Scale/HashMap Tables/OfficerLists' successfully

2020-06-05 11:55:13 - [TEST_CASE][PASSED] - Test Cases/PFI Precision and Scale/HashMap Tables/OfficerLists: Test Cases/PFI Precision and Scale/HashMap Tables/OfficerLists

2020-06-05 11:55:13 - [TEST_STEP][PASSED] - Thread.sleep(1000): null

2020-06-05 11:55:14 - [TEST_STEP][PASSED] - OfficerLists = [1:"Aaron Sham Wai Lun (AARON)", 2:"Azidah Bte Akmad (Mdm) (USAABD)", 3:"Chung Fong Nyen (USACFN)", 4:"David Tey Dah Wei (DAHWEI)", ... ]: null

2020-06-05 11:55:14 - [TEST_STEP][PASSED] - ValueFound = OfficerLists.find({ -> ... }): null

2020-06-05 11:55:14 - [MESSAGE][PASSED] - Call Test Case 'Test Cases/PFI Precision and Scale/HashMap Tables/OfficerLists' successfully

2020-06-05 11:55:14 - [TEST_STEP][PASSED] - println(ValueFound): null

2020-06-05 11:55:14 - [TEST_STEP][PASSED] - sendKeys(NewInputNmField, Keys.chord(ARROW_DOWN)): Keys 'DOWN + ' sent to object: 'Object Repository/Objects.HighlightElements/input_field_index'

2020-06-05 11:55:14 - [MESSAGE][PASSED] - Keys 'DOWN + ' sent to object: 'Object Repository/Objects.HighlightElements/input_field_index'

2020-06-05 11:55:14 - [TEST_STEP][PASSED] - sendKeys(NewInputNmField, Keys.chord(ARROW_DOWN)): Keys 'DOWN + ' sent to object: 'Object Repository/Objects.HighlightElements/input_field_index'

2020-06-05 11:55:14 - [MESSAGE][PASSED] - Keys 'DOWN + ' sent to object: 'Object Repository/Objects.HighlightElements/input_field_index'

2020-06-05 11:55:14 - [TEST_STEP][PASSED] - delay(DelayTime): Delayed 2 second(s)

2020-06-05 11:55:16 - [MESSAGE][PASSED] - Delayed 2 second(s)

2020-06-05 11:55:16 - [TEST_STEP][PASSED] - sendKeys(NewInputNmField, Keys.chord(ENTER)): Keys 'ENTER + ' sent to object: 'Object Repository/Objects.HighlightElements/input_field_index'

2020-06-05 11:55:16 - [MESSAGE][PASSED] - Keys 'ENTER + ' sent to object: 'Object Repository/Objects.HighlightElements/input_field_index'

2020-06-05 11:55:16 - [TEST_STEP][PASSED] - ComboBoxValue = getAttribute(NewInputNmField, "value"): Attribute 'value' of object 'Object Repository/Objects.HighlightElements/input_field_index' is: 'David Tey Dah Wei (DAHWEI)'

2020-06-05 11:55:16 - [MESSAGE][PASSED] - Attribute 'value' of object 'Object Repository/Objects.HighlightElements/input_field_index' is: 'David Tey Dah Wei (DAHWEI)'

2020-06-05 11:55:16 - [TEST_STEP][PASSED] - callTestCase(findTestCase(CallTCName), ["FindValue":ComboBoxValue, "DropdownNm":comboNm], STOP_ON_FAILURE): Call Test Case 'Test Cases/PFI Precision and Scale/HashMap Tables/OfficerLists' successfully

2020-06-05 11:55:16 - [TEST_CASE][PASSED] - Test Cases/PFI Precision and Scale/HashMap Tables/OfficerLists: Test Cases/PFI Precision and Scale/HashMap Tables/OfficerLists

2020-06-05 11:55:16 - [TEST_STEP][PASSED] - Thread.sleep(1000): null

2020-06-05 11:55:17 - [TEST_STEP][PASSED] - OfficerLists = [1:"Aaron Sham Wai Lun (AARON)", 2:"Azidah Bte Akmad (Mdm) (USAABD)", 3:"Chung Fong Nyen (USACFN)", 4:"David Tey Dah Wei (DAHWEI)", ... ]: null

2020-06-05 11:55:17 - [TEST_STEP][PASSED] - ValueFound = OfficerLists.find({ -> ... }): null

2020-06-05 11:55:17 - [MESSAGE][PASSED] - Call Test Case 'Test Cases/PFI Precision and Scale/HashMap Tables/OfficerLists' successfully

2020-06-05 11:55:17 - [TEST_STEP][PASSED] - println(ValueFound): null

2020-06-05 11:55:17 - [TEST_STEP][PASSED] - sendKeys(NewInputNmField, Keys.chord(ARROW_DOWN)): Keys 'DOWN + ' sent to object: 'Object Repository/Objects.HighlightElements/input_field_index'

2020-06-05 11:55:17 - [MESSAGE][PASSED] - Keys 'DOWN + ' sent to object: 'Object Repository/Objects.HighlightElements/input_field_index'

2020-06-05 11:55:17 - [TEST_STEP][PASSED] - sendKeys(NewInputNmField, Keys.chord(ARROW_DOWN)): Keys 'DOWN + ' sent to object: 'Object Repository/Objects.HighlightElements/input_field_index'

2020-06-05 11:55:17 - [MESSAGE][PASSED] - Keys 'DOWN + ' sent to object: 'Object Repository/Objects.HighlightElements/input_field_index'

2020-06-05 11:55:17 - [TEST_STEP][PASSED] - delay(DelayTime): Delayed 2 second(s)

2020-06-05 11:55:19 - [MESSAGE][PASSED] - Delayed 2 second(s)

2020-06-05 11:55:19 - [TEST_STEP][PASSED] - sendKeys(NewInputNmField, Keys.chord(ENTER)): Keys 'ENTER + ' sent to object: 'Object Repository/Objects.HighlightElements/input_field_index'

2020-06-05 11:55:19 - [MESSAGE][PASSED] - Keys 'ENTER + ' sent to object: 'Object Repository/Objects.HighlightElements/input_field_index'

2020-06-05 11:55:19 - [TEST_STEP][PASSED] - ComboBoxValue = getAttribute(NewInputNmField, "value"): Attribute 'value' of object 'Object Repository/Objects.HighlightElements/input_field_index' is: 'Han Wann Kuang (WANNKUANG)'

2020-06-05 11:55:19 - [MESSAGE][PASSED] - Attribute 'value' of object 'Object Repository/Objects.HighlightElements/input_field_index' is: 'Han Wann Kuang (WANNKUANG)'

2020-06-05 11:55:19 - [TEST_STEP][PASSED] - callTestCase(findTestCase(CallTCName), ["FindValue":ComboBoxValue, "DropdownNm":comboNm], STOP_ON_FAILURE): Call Test Case 'Test Cases/PFI Precision and Scale/HashMap Tables/OfficerLists' successfully

2020-06-05 11:55:19 - [TEST_CASE][PASSED] - Test Cases/PFI Precision and Scale/HashMap Tables/OfficerLists: Test Cases/PFI Precision and Scale/HashMap Tables/OfficerLists

2020-06-05 11:55:19 - [TEST_STEP][PASSED] - Thread.sleep(1000): null

2020-06-05 11:55:20 - [TEST_STEP][PASSED] - OfficerLists = [1:"Aaron Sham Wai Lun (AARON)", 2:"Azidah Bte Akmad (Mdm) (USAABD)", 3:"Chung Fong Nyen (USACFN)", 4:"David Tey Dah Wei (DAHWEI)", ... ]: null

2020-06-05 11:55:20 - [TEST_STEP][PASSED] - ValueFound = OfficerLists.find({ -> ... }): null

2020-06-05 11:55:20 - [MESSAGE][PASSED] - Call Test Case 'Test Cases/PFI Precision and Scale/HashMap Tables/OfficerLists' successfully

2020-06-05 11:55:20 - [TEST_STEP][PASSED] - println(ValueFound): null

2020-06-05 11:55:20 - [TEST_STEP][PASSED] - sendKeys(NewInputNmField, Keys.chord(ARROW_DOWN)): Keys 'DOWN + ' sent to object: 'Object Repository/Objects.HighlightElements/input_field_index'

2020-06-05 11:55:20 - [MESSAGE][PASSED] - Keys 'DOWN + ' sent to object: 'Object Repository/Objects.HighlightElements/input_field_index'

2020-06-05 11:55:20 - [TEST_STEP][PASSED] - sendKeys(NewInputNmField, Keys.chord(ARROW_DOWN)): Keys 'DOWN + ' sent to object: 'Object Repository/Objects.HighlightElements/input_field_index'

2020-06-05 11:55:20 - [MESSAGE][PASSED] - Keys 'DOWN + ' sent to object: 'Object Repository/Objects.HighlightElements/input_field_index'

2020-06-05 11:55:20 - [TEST_STEP][PASSED] - delay(DelayTime): Delayed 2 second(s)

2020-06-05 11:55:22 - [MESSAGE][PASSED] - Delayed 2 second(s)

2020-06-05 11:55:23 - [TEST_STEP][PASSED] - sendKeys(NewInputNmField, Keys.chord(ENTER)): Keys 'ENTER + ' sent to object: 'Object Repository/Objects.HighlightElements/input_field_index'

2020-06-05 11:55:23 - [MESSAGE][PASSED] - Keys 'ENTER + ' sent to object: 'Object Repository/Objects.HighlightElements/input_field_index'

2020-06-05 11:55:23 - [TEST_STEP][PASSED] - ComboBoxValue = getAttribute(NewInputNmField, "value"): Attribute 'value' of object 'Object Repository/Objects.HighlightElements/input_field_index' is: 'Ho Tze Siang (TZESIANG)'

2020-06-05 11:55:23 - [MESSAGE][PASSED] - Attribute 'value' of object 'Object Repository/Objects.HighlightElements/input_field_index' is: 'Ho Tze Siang (TZESIANG)'

2020-06-05 11:55:23 - [TEST_STEP][PASSED] - callTestCase(findTestCase(CallTCName), ["FindValue":ComboBoxValue, "DropdownNm":comboNm], STOP_ON_FAILURE): Call Test Case 'Test Cases/PFI Precision and Scale/HashMap Tables/OfficerLists' successfully

2020-06-05 11:55:23 - [TEST_CASE][PASSED] - Test Cases/PFI Precision and Scale/HashMap Tables/OfficerLists: Test Cases/PFI Precision and Scale/HashMap Tables/OfficerLists

2020-06-05 11:55:23 - [TEST_STEP][PASSED] - Thread.sleep(1000): null

2020-06-05 11:55:24 - [TEST_STEP][PASSED] - OfficerLists = [1:"Aaron Sham Wai Lun (AARON)", 2:"Azidah Bte Akmad (Mdm) (USAABD)", 3:"Chung Fong Nyen (USACFN)", 4:"David Tey Dah Wei (DAHWEI)", ... ]: null

2020-06-05 11:55:24 - [TEST_STEP][PASSED] - ValueFound = OfficerLists.find({ -> ... }): null

2020-06-05 11:55:24 - [MESSAGE][PASSED] - Call Test Case 'Test Cases/PFI Precision and Scale/HashMap Tables/OfficerLists' successfully

2020-06-05 11:55:24 - [TEST_STEP][PASSED] - println(ValueFound): null

2020-06-05 11:55:24 - [TEST_STEP][PASSED] - sendKeys(NewInputNmField, Keys.chord(ARROW_DOWN)): Keys 'DOWN + ' sent to object: 'Object Repository/Objects.HighlightElements/input_field_index'

2020-06-05 11:55:24 - [MESSAGE][PASSED] - Keys 'DOWN + ' sent to object: 'Object Repository/Objects.HighlightElements/input_field_index'

2020-06-05 11:55:24 - [TEST_STEP][PASSED] - sendKeys(NewInputNmField, Keys.chord(ARROW_DOWN)): Keys 'DOWN + ' sent to object: 'Object Repository/Objects.HighlightElements/input_field_index'

2020-06-05 11:55:24 - [MESSAGE][PASSED] - Keys 'DOWN + ' sent to object: 'Object Repository/Objects.HighlightElements/input_field_index'

2020-06-05 11:55:24 - [TEST_STEP][PASSED] - delay(DelayTime): Delayed 2 second(s)

2020-06-05 11:55:26 - [MESSAGE][PASSED] - Delayed 2 second(s)

2020-06-05 11:55:26 - [TEST_STEP][PASSED] - sendKeys(NewInputNmField, Keys.chord(ENTER)): Keys 'ENTER + ' sent to object: 'Object Repository/Objects.HighlightElements/input_field_index'

2020-06-05 11:55:26 - [MESSAGE][PASSED] - Keys 'ENTER + ' sent to object: 'Object Repository/Objects.HighlightElements/input_field_index'

2020-06-05 11:55:26 - [TEST_STEP][PASSED] - ComboBoxValue = getAttribute(NewInputNmField, "value"): Attribute 'value' of object 'Object Repository/Objects.HighlightElements/input_field_index' is: 'Ho-Chan Vun Ching (USAHVC)'

2020-06-05 11:55:26 - [MESSAGE][PASSED] - Attribute 'value' of object 'Object Repository/Objects.HighlightElements/input_field_index' is: 'Ho-Chan Vun Ching (USAHVC)'

2020-06-05 11:55:26 - [TEST_STEP][PASSED] - callTestCase(findTestCase(CallTCName), ["FindValue":ComboBoxValue, "DropdownNm":comboNm], STOP_ON_FAILURE): Call Test Case 'Test Cases/PFI Precision and Scale/HashMap Tables/OfficerLists' successfully

2020-06-05 11:55:26 - [TEST_CASE][PASSED] - Test Cases/PFI Precision and Scale/HashMap Tables/OfficerLists: Test Cases/PFI Precision and Scale/HashMap Tables/OfficerLists

2020-06-05 11:55:26 - [TEST_STEP][PASSED] - Thread.sleep(1000): null

2020-06-05 11:55:27 - [TEST_STEP][PASSED] - OfficerLists = [1:"Aaron Sham Wai Lun (AARON)", 2:"Azidah Bte Akmad (Mdm) (USAABD)", 3:"Chung Fong Nyen (USACFN)", 4:"David Tey Dah Wei (DAHWEI)", ... ]: null

2020-06-05 11:55:27 - [TEST_STEP][PASSED] - ValueFound = OfficerLists.find({ -> ... }): null

2020-06-05 11:55:27 - [MESSAGE][PASSED] - Call Test Case 'Test Cases/PFI Precision and Scale/HashMap Tables/OfficerLists' successfully

2020-06-05 11:55:27 - [TEST_STEP][PASSED] - println(ValueFound): null

2020-06-05 11:55:27 - [TEST_STEP][PASSED] - sendKeys(NewInputNmField, Keys.chord(ARROW_DOWN)): Keys 'DOWN + ' sent to object: 'Object Repository/Objects.HighlightElements/input_field_index'

2020-06-05 11:55:27 - [MESSAGE][PASSED] - Keys 'DOWN + ' sent to object: 'Object Repository/Objects.HighlightElements/input_field_index'

2020-06-05 11:55:27 - [TEST_STEP][PASSED] - sendKeys(NewInputNmField, Keys.chord(ARROW_DOWN)): Keys 'DOWN + ' sent to object: 'Object Repository/Objects.HighlightElements/input_field_index'

2020-06-05 11:55:27 - [MESSAGE][PASSED] - Keys 'DOWN + ' sent to object: 'Object Repository/Objects.HighlightElements/input_field_index'

2020-06-05 11:55:27 - [TEST_STEP][PASSED] - delay(DelayTime): Delayed 2 second(s)

2020-06-05 11:55:29 - [MESSAGE][PASSED] - Delayed 2 second(s)

2020-06-05 11:55:29 - [TEST_STEP][PASSED] - sendKeys(NewInputNmField, Keys.chord(ENTER)): Keys 'ENTER + ' sent to object: 'Object Repository/Objects.HighlightElements/input_field_index'

2020-06-05 11:55:29 - [MESSAGE][PASSED] - Keys 'ENTER + ' sent to object: 'Object Repository/Objects.HighlightElements/input_field_index'

2020-06-05 11:55:29 - [TEST_STEP][PASSED] - ComboBoxValue = getAttribute(NewInputNmField, "value"): Attribute 'value' of object 'Object Repository/Objects.HighlightElements/input_field_index' is: 'Janet Lee Choon Hong (JANETCHOON)'

2020-06-05 11:55:29 - [MESSAGE][PASSED] - Attribute 'value' of object 'Object Repository/Objects.HighlightElements/input_field_index' is: 'Janet Lee Choon Hong (JANETCHOON)'

2020-06-05 11:55:29 - [TEST_STEP][PASSED] - callTestCase(findTestCase(CallTCName), ["FindValue":ComboBoxValue, "DropdownNm":comboNm], STOP_ON_FAILURE): Call Test Case 'Test Cases/PFI Precision and Scale/HashMap Tables/OfficerLists' successfully

2020-06-05 11:55:29 - [TEST_CASE][PASSED] - Test Cases/PFI Precision and Scale/HashMap Tables/OfficerLists: Test Cases/PFI Precision and Scale/HashMap Tables/OfficerLists

2020-06-05 11:55:29 - [TEST_STEP][PASSED] - Thread.sleep(1000): null

2020-06-05 11:55:30 - [TEST_STEP][PASSED] - OfficerLists = [1:"Aaron Sham Wai Lun (AARON)", 2:"Azidah Bte Akmad (Mdm) (USAABD)", 3:"Chung Fong Nyen (USACFN)", 4:"David Tey Dah Wei (DAHWEI)", ... ]: null

2020-06-05 11:55:30 - [TEST_STEP][PASSED] - ValueFound = OfficerLists.find({ -> ... }): null

2020-06-05 11:55:30 - [MESSAGE][PASSED] - Call Test Case 'Test Cases/PFI Precision and Scale/HashMap Tables/OfficerLists' successfully

2020-06-05 11:55:30 - [TEST_STEP][PASSED] - println(ValueFound): null

2020-06-05 11:55:30 - [TEST_STEP][PASSED] - sendKeys(NewInputNmField, Keys.chord(ARROW_DOWN)): Keys 'DOWN + ' sent to object: 'Object Repository/Objects.HighlightElements/input_field_index'

2020-06-05 11:55:30 - [MESSAGE][PASSED] - Keys 'DOWN + ' sent to object: 'Object Repository/Objects.HighlightElements/input_field_index'

2020-06-05 11:55:30 - [TEST_STEP][PASSED] - sendKeys(NewInputNmField, Keys.chord(ARROW_DOWN)): Keys 'DOWN + ' sent to object: 'Object Repository/Objects.HighlightElements/input_field_index'

2020-06-05 11:55:30 - [MESSAGE][PASSED] - Keys 'DOWN + ' sent to object: 'Object Repository/Objects.HighlightElements/input_field_index'

2020-06-05 11:55:30 - [TEST_STEP][PASSED] - delay(DelayTime): Delayed 2 second(s)

2020-06-05 11:55:32 - [MESSAGE][PASSED] - Delayed 2 second(s)

2020-06-05 11:55:32 - [TEST_STEP][PASSED] - sendKeys(NewInputNmField, Keys.chord(ENTER)): Keys 'ENTER + ' sent to object: 'Object Repository/Objects.HighlightElements/input_field_index'

2020-06-05 11:55:32 - [MESSAGE][PASSED] - Keys 'ENTER + ' sent to object: 'Object Repository/Objects.HighlightElements/input_field_index'

2020-06-05 11:55:32 - [TEST_STEP][PASSED] - ComboBoxValue = getAttribute(NewInputNmField, "value"): Attribute 'value' of object 'Object Repository/Objects.HighlightElements/input_field_index' is: 'Joseph Lim Pheng Weng (PHENGWENG)'

2020-06-05 11:55:32 - [MESSAGE][PASSED] - Attribute 'value' of object 'Object Repository/Objects.HighlightElements/input_field_index' is: 'Joseph Lim Pheng Weng (PHENGWENG)'

2020-06-05 11:55:32 - [TEST_STEP][PASSED] - callTestCase(findTestCase(CallTCName), ["FindValue":ComboBoxValue, "DropdownNm":comboNm], STOP_ON_FAILURE): Call Test Case 'Test Cases/PFI Precision and Scale/HashMap Tables/OfficerLists' successfully

2020-06-05 11:55:32 - [TEST_CASE][PASSED] - Test Cases/PFI Precision and Scale/HashMap Tables/OfficerLists: Test Cases/PFI Precision and Scale/HashMap Tables/OfficerLists

2020-06-05 11:55:32 - [TEST_STEP][PASSED] - Thread.sleep(1000): null

2020-06-05 11:55:33 - [TEST_STEP][PASSED] - OfficerLists = [1:"Aaron Sham Wai Lun (AARON)", 2:"Azidah Bte Akmad (Mdm) (USAABD)", 3:"Chung Fong Nyen (USACFN)", 4:"David Tey Dah Wei (DAHWEI)", ... ]: null

2020-06-05 11:55:33 - [TEST_STEP][PASSED] - ValueFound = OfficerLists.find({ -> ... }): null

2020-06-05 11:55:33 - [MESSAGE][PASSED] - Call Test Case 'Test Cases/PFI Precision and Scale/HashMap Tables/OfficerLists' successfully

2020-06-05 11:55:33 - [TEST_STEP][PASSED] - println(ValueFound): null

2020-06-05 11:55:33 - [TEST_STEP][PASSED] - sendKeys(NewInputNmField, Keys.chord(ARROW_DOWN)): Keys 'DOWN + ' sent to object: 'Object Repository/Objects.HighlightElements/input_field_index'

2020-06-05 11:55:33 - [MESSAGE][PASSED] - Keys 'DOWN + ' sent to object: 'Object Repository/Objects.HighlightElements/input_field_index'

2020-06-05 11:55:33 - [TEST_STEP][PASSED] - sendKeys(NewInputNmField, Keys.chord(ARROW_DOWN)): Keys 'DOWN + ' sent to object: 'Object Repository/Objects.HighlightElements/input_field_index'

2020-06-05 11:55:33 - [MESSAGE][PASSED] - Keys 'DOWN + ' sent to object: 'Object Repository/Objects.HighlightElements/input_field_index'

2020-06-05 11:55:33 - [TEST_STEP][PASSED] - delay(DelayTime): Delayed 2 second(s)

2020-06-05 11:55:35 - [MESSAGE][PASSED] - Delayed 2 second(s)

2020-06-05 11:55:35 - [TEST_STEP][PASSED] - sendKeys(NewInputNmField, Keys.chord(ENTER)): Keys 'ENTER + ' sent to object: 'Object Repository/Objects.HighlightElements/input_field_index'

2020-06-05 11:55:35 - [MESSAGE][PASSED] - Keys 'ENTER + ' sent to object: 'Object Repository/Objects.HighlightElements/input_field_index'

2020-06-05 11:55:35 - [TEST_STEP][PASSED] - ComboBoxValue = getAttribute(NewInputNmField, "value"): Attribute 'value' of object 'Object Repository/Objects.HighlightElements/input_field_index' is: 'Kaliannan Thanabal (KALIANN)'

2020-06-05 11:55:35 - [MESSAGE][PASSED] - Attribute 'value' of object 'Object Repository/Objects.HighlightElements/input_field_index' is: 'Kaliannan Thanabal (KALIANN)'

2020-06-05 11:55:35 - [TEST_STEP][PASSED] - callTestCase(findTestCase(CallTCName), ["FindValue":ComboBoxValue, "DropdownNm":comboNm], STOP_ON_FAILURE): Call Test Case 'Test Cases/PFI Precision and Scale/HashMap Tables/OfficerLists' successfully

2020-06-05 11:55:36 - [TEST_CASE][PASSED] - Test Cases/PFI Precision and Scale/HashMap Tables/OfficerLists: Test Cases/PFI Precision and Scale/HashMap Tables/OfficerLists

2020-06-05 11:55:36 - [TEST_STEP][PASSED] - Thread.sleep(1000): null

2020-06-05 11:55:37 - [TEST_STEP][PASSED] - OfficerLists = [1:"Aaron Sham Wai Lun (AARON)", 2:"Azidah Bte Akmad (Mdm) (USAABD)", 3:"Chung Fong Nyen (USACFN)", 4:"David Tey Dah Wei (DAHWEI)", ... ]: null

2020-06-05 11:55:37 - [TEST_STEP][PASSED] - ValueFound = OfficerLists.find({ -> ... }): null

2020-06-05 11:55:37 - [MESSAGE][PASSED] - Call Test Case 'Test Cases/PFI Precision and Scale/HashMap Tables/OfficerLists' successfully

2020-06-05 11:55:37 - [TEST_STEP][PASSED] - println(ValueFound): null

2020-06-05 11:55:37 - [TEST_STEP][PASSED] - sendKeys(NewInputNmField, Keys.chord(ARROW_DOWN)): Keys 'DOWN + ' sent to object: 'Object Repository/Objects.HighlightElements/input_field_index'

2020-06-05 11:55:37 - [MESSAGE][PASSED] - Keys 'DOWN + ' sent to object: 'Object Repository/Objects.HighlightElements/input_field_index'

2020-06-05 11:55:37 - [TEST_STEP][PASSED] - sendKeys(NewInputNmField, Keys.chord(ARROW_DOWN)): Keys 'DOWN + ' sent to object: 'Object Repository/Objects.HighlightElements/input_field_index'

2020-06-05 11:55:37 - [MESSAGE][PASSED] - Keys 'DOWN + ' sent to object: 'Object Repository/Objects.HighlightElements/input_field_index'

2020-06-05 11:55:37 - [TEST_STEP][PASSED] - delay(DelayTime): Delayed 2 second(s)

2020-06-05 11:55:39 - [MESSAGE][PASSED] - Delayed 2 second(s)

2020-06-05 11:55:39 - [TEST_STEP][PASSED] - sendKeys(NewInputNmField, Keys.chord(ENTER)): Keys 'ENTER + ' sent to object: 'Object Repository/Objects.HighlightElements/input_field_index'

2020-06-05 11:55:39 - [MESSAGE][PASSED] - Keys 'ENTER + ' sent to object: 'Object Repository/Objects.HighlightElements/input_field_index'

2020-06-05 11:55:39 - [TEST_STEP][PASSED] - ComboBoxValue = getAttribute(NewInputNmField, "value"): Attribute 'value' of object 'Object Repository/Objects.HighlightElements/input_field_index' is: 'Kelvin Phua Meng Thong (MENGTHONG)'

2020-06-05 11:55:39 - [MESSAGE][PASSED] - Attribute 'value' of object 'Object Repository/Objects.HighlightElements/input_field_index' is: 'Kelvin Phua Meng Thong (MENGTHONG)'

2020-06-05 11:55:39 - [TEST_STEP][PASSED] - callTestCase(findTestCase(CallTCName), ["FindValue":ComboBoxValue, "DropdownNm":comboNm], STOP_ON_FAILURE): Call Test Case 'Test Cases/PFI Precision and Scale/HashMap Tables/OfficerLists' successfully

2020-06-05 11:55:39 - [TEST_CASE][PASSED] - Test Cases/PFI Precision and Scale/HashMap Tables/OfficerLists: Test Cases/PFI Precision and Scale/HashMap Tables/OfficerLists

2020-06-05 11:55:39 - [TEST_STEP][PASSED] - Thread.sleep(1000): null

2020-06-05 11:55:40 - [TEST_STEP][PASSED] - OfficerLists = [1:"Aaron Sham Wai Lun (AARON)", 2:"Azidah Bte Akmad (Mdm) (USAABD)", 3:"Chung Fong Nyen (USACFN)", 4:"David Tey Dah Wei (DAHWEI)", ... ]: null

2020-06-05 11:55:40 - [TEST_STEP][PASSED] - ValueFound = OfficerLists.find({ -> ... }): null

2020-06-05 11:55:40 - [MESSAGE][PASSED] - Call Test Case 'Test Cases/PFI Precision and Scale/HashMap Tables/OfficerLists' successfully

2020-06-05 11:55:40 - [TEST_STEP][PASSED] - println(ValueFound): null

2020-06-05 11:55:40 - [TEST_STEP][PASSED] - sendKeys(NewInputNmField, Keys.chord(ARROW_DOWN)): Keys 'DOWN + ' sent to object: 'Object Repository/Objects.HighlightElements/input_field_index'

2020-06-05 11:55:40 - [MESSAGE][PASSED] - Keys 'DOWN + ' sent to object: 'Object Repository/Objects.HighlightElements/input_field_index'

2020-06-05 11:55:40 - [TEST_STEP][PASSED] - sendKeys(NewInputNmField, Keys.chord(ARROW_DOWN)): Keys 'DOWN + ' sent to object: 'Object Repository/Objects.HighlightElements/input_field_index'

2020-06-05 11:55:40 - [MESSAGE][PASSED] - Keys 'DOWN + ' sent to object: 'Object Repository/Objects.HighlightElements/input_field_index'

2020-06-05 11:55:40 - [TEST_STEP][PASSED] - delay(DelayTime): Delayed 2 second(s)

2020-06-05 11:55:42 - [MESSAGE][PASSED] - Delayed 2 second(s)

2020-06-05 11:55:42 - [TEST_STEP][PASSED] - sendKeys(NewInputNmField, Keys.chord(ENTER)): Keys 'ENTER + ' sent to object: 'Object Repository/Objects.HighlightElements/input_field_index'

2020-06-05 11:55:42 - [MESSAGE][PASSED] - Keys 'ENTER + ' sent to object: 'Object Repository/Objects.HighlightElements/input_field_index'

2020-06-05 11:55:42 - [TEST_STEP][PASSED] - ComboBoxValue = getAttribute(NewInputNmField, "value"): Attribute 'value' of object 'Object Repository/Objects.HighlightElements/input_field_index' is: 'Lee Kok Tien (USAKTL)'

2020-06-05 11:55:42 - [MESSAGE][PASSED] - Attribute 'value' of object 'Object Repository/Objects.HighlightElements/input_field_index' is: 'Lee Kok Tien (USAKTL)'

2020-06-05 11:55:42 - [TEST_STEP][PASSED] - callTestCase(findTestCase(CallTCName), ["FindValue":ComboBoxValue, "DropdownNm":comboNm], STOP_ON_FAILURE): Call Test Case 'Test Cases/PFI Precision and Scale/HashMap Tables/OfficerLists' successfully

2020-06-05 11:55:42 - [TEST_CASE][PASSED] - Test Cases/PFI Precision and Scale/HashMap Tables/OfficerLists: Test Cases/PFI Precision and Scale/HashMap Tables/OfficerLists

2020-06-05 11:55:42 - [TEST_STEP][PASSED] - Thread.sleep(1000): null

2020-06-05 11:55:43 - [TEST_STEP][PASSED] - OfficerLists = [1:"Aaron Sham Wai Lun (AARON)", 2:"Azidah Bte Akmad (Mdm) (USAABD)", 3:"Chung Fong Nyen (USACFN)", 4:"David Tey Dah Wei (DAHWEI)", ... ]: null

2020-06-05 11:55:43 - [TEST_STEP][PASSED] - ValueFound = OfficerLists.find({ -> ... }): null

2020-06-05 11:55:43 - [MESSAGE][PASSED] - Call Test Case 'Test Cases/PFI Precision and Scale/HashMap Tables/OfficerLists' successfully

2020-06-05 11:55:43 - [TEST_STEP][PASSED] - println(ValueFound): null

2020-06-05 11:55:43 - [TEST_STEP][PASSED] - sendKeys(NewInputNmField, Keys.chord(ARROW_DOWN)): Keys 'DOWN + ' sent to object: 'Object Repository/Objects.HighlightElements/input_field_index'

2020-06-05 11:55:43 - [MESSAGE][PASSED] - Keys 'DOWN + ' sent to object: 'Object Repository/Objects.HighlightElements/input_field_index'

2020-06-05 11:55:43 - [TEST_STEP][PASSED] - sendKeys(NewInputNmField, Keys.chord(ARROW_DOWN)): Keys 'DOWN + ' sent to object: 'Object Repository/Objects.HighlightElements/input_field_index'

2020-06-05 11:55:43 - [MESSAGE][PASSED] - Keys 'DOWN + ' sent to object: 'Object Repository/Objects.HighlightElements/input_field_index'

2020-06-05 11:55:43 - [TEST_STEP][PASSED] - delay(DelayTime): Delayed 2 second(s)

2020-06-05 11:55:45 - [MESSAGE][PASSED] - Delayed 2 second(s)

2020-06-05 11:55:45 - [TEST_STEP][PASSED] - sendKeys(NewInputNmField, Keys.chord(ENTER)): Keys 'ENTER + ' sent to object: 'Object Repository/Objects.HighlightElements/input_field_index'

2020-06-05 11:55:45 - [MESSAGE][PASSED] - Keys 'ENTER + ' sent to object: 'Object Repository/Objects.HighlightElements/input_field_index'

2020-06-05 11:55:45 - [TEST_STEP][PASSED] - ComboBoxValue = getAttribute(NewInputNmField, "value"): Attribute 'value' of object 'Object Repository/Objects.HighlightElements/input_field_index' is: 'Lim Beng Kwee (BENGKWEE)'

2020-06-05 11:55:45 - [MESSAGE][PASSED] - Attribute 'value' of object 'Object Repository/Objects.HighlightElements/input_field_index' is: 'Lim Beng Kwee (BENGKWEE)'

2020-06-05 11:55:45 - [TEST_STEP][PASSED] - callTestCase(findTestCase(CallTCName), ["FindValue":ComboBoxValue, "DropdownNm":comboNm], STOP_ON_FAILURE): Call Test Case 'Test Cases/PFI Precision and Scale/HashMap Tables/OfficerLists' successfully

2020-06-05 11:55:45 - [TEST_CASE][PASSED] - Test Cases/PFI Precision and Scale/HashMap Tables/OfficerLists: Test Cases/PFI Precision and Scale/HashMap Tables/OfficerLists

2020-06-05 11:55:45 - [TEST_STEP][PASSED] - Thread.sleep(1000): null

2020-06-05 11:55:46 - [TEST_STEP][PASSED] - OfficerLists = [1:"Aaron Sham Wai Lun (AARON)", 2:"Azidah Bte Akmad (Mdm) (USAABD)", 3:"Chung Fong Nyen (USACFN)", 4:"David Tey Dah Wei (DAHWEI)", ... ]: null

2020-06-05 11:55:46 - [TEST_STEP][PASSED] - ValueFound = OfficerLists.find({ -> ... }): null

2020-06-05 11:55:46 - [MESSAGE][PASSED] - Call Test Case 'Test Cases/PFI Precision and Scale/HashMap Tables/OfficerLists' successfully

2020-06-05 11:55:46 - [TEST_STEP][PASSED] - println(ValueFound): null

2020-06-05 11:55:46 - [TEST_STEP][PASSED] - sendKeys(NewInputNmField, Keys.chord(ARROW_DOWN)): Keys 'DOWN + ' sent to object: 'Object Repository/Objects.HighlightElements/input_field_index'

2020-06-05 11:55:46 - [MESSAGE][PASSED] - Keys 'DOWN + ' sent to object: 'Object Repository/Objects.HighlightElements/input_field_index'

2020-06-05 11:55:46 - [TEST_STEP][PASSED] - sendKeys(NewInputNmField, Keys.chord(ARROW_DOWN)): Keys 'DOWN + ' sent to object: 'Object Repository/Objects.HighlightElements/input_field_index'

2020-06-05 11:55:46 - [MESSAGE][PASSED] - Keys 'DOWN + ' sent to object: 'Object Repository/Objects.HighlightElements/input_field_index'

2020-06-05 11:55:46 - [TEST_STEP][PASSED] - delay(DelayTime): Delayed 2 second(s)

2020-06-05 11:55:48 - [MESSAGE][PASSED] - Delayed 2 second(s)

2020-06-05 11:55:48 - [TEST_STEP][PASSED] - sendKeys(NewInputNmField, Keys.chord(ENTER)): Keys 'ENTER + ' sent to object: 'Object Repository/Objects.HighlightElements/input_field_index'

2020-06-05 11:55:48 - [MESSAGE][PASSED] - Keys 'ENTER + ' sent to object: 'Object Repository/Objects.HighlightElements/input_field_index'

2020-06-05 11:55:48 - [TEST_STEP][PASSED] - ComboBoxValue = getAttribute(NewInputNmField, "value"): Attribute 'value' of object 'Object Repository/Objects.HighlightElements/input_field_index' is: 'Lim Leng Boon (LENGBOON)'

2020-06-05 11:55:48 - [MESSAGE][PASSED] - Attribute 'value' of object 'Object Repository/Objects.HighlightElements/input_field_index' is: 'Lim Leng Boon (LENGBOON)'

2020-06-05 11:55:48 - [TEST_STEP][PASSED] - callTestCase(findTestCase(CallTCName), ["FindValue":ComboBoxValue, "DropdownNm":comboNm], STOP_ON_FAILURE): Call Test Case 'Test Cases/PFI Precision and Scale/HashMap Tables/OfficerLists' successfully

2020-06-05 11:55:48 - [TEST_CASE][PASSED] - Test Cases/PFI Precision and Scale/HashMap Tables/OfficerLists: Test Cases/PFI Precision and Scale/HashMap Tables/OfficerLists

2020-06-05 11:55:48 - [TEST_STEP][PASSED] - Thread.sleep(1000): null

2020-06-05 11:55:49 - [TEST_STEP][PASSED] - OfficerLists = [1:"Aaron Sham Wai Lun (AARON)", 2:"Azidah Bte Akmad (Mdm) (USAABD)", 3:"Chung Fong Nyen (USACFN)", 4:"David Tey Dah Wei (DAHWEI)", ... ]: null

2020-06-05 11:55:49 - [TEST_STEP][PASSED] - ValueFound = OfficerLists.find({ -> ... }): null

2020-06-05 11:55:49 - [MESSAGE][PASSED] - Call Test Case 'Test Cases/PFI Precision and Scale/HashMap Tables/OfficerLists' successfully

2020-06-05 11:55:49 - [TEST_STEP][PASSED] - println(ValueFound): null

2020-06-05 11:55:49 - [TEST_STEP][PASSED] - sendKeys(NewInputNmField, Keys.chord(ARROW_DOWN)): Keys 'DOWN + ' sent to object: 'Object Repository/Objects.HighlightElements/input_field_index'

2020-06-05 11:55:49 - [MESSAGE][PASSED] - Keys 'DOWN + ' sent to object: 'Object Repository/Objects.HighlightElements/input_field_index'

2020-06-05 11:55:49 - [TEST_STEP][PASSED] - sendKeys(NewInputNmField, Keys.chord(ARROW_DOWN)): Keys 'DOWN + ' sent to object: 'Object Repository/Objects.HighlightElements/input_field_index'

2020-06-05 11:55:50 - [MESSAGE][PASSED] - Keys 'DOWN + ' sent to object: 'Object Repository/Objects.HighlightElements/input_field_index'

2020-06-05 11:55:50 - [TEST_STEP][PASSED] - delay(DelayTime): Delayed 2 second(s)

2020-06-05 11:55:52 - [MESSAGE][PASSED] - Delayed 2 second(s)

2020-06-05 11:55:52 - [TEST_STEP][PASSED] - sendKeys(NewInputNmField, Keys.chord(ENTER)): Keys 'ENTER + ' sent to object: 'Object Repository/Objects.HighlightElements/input_field_index'

2020-06-05 11:55:52 - [MESSAGE][PASSED] - Keys 'ENTER + ' sent to object: 'Object Repository/Objects.HighlightElements/input_field_index'

2020-06-05 11:55:52 - [TEST_STEP][PASSED] - ComboBoxValue = getAttribute(NewInputNmField, "value"): Attribute 'value' of object 'Object Repository/Objects.HighlightElements/input_field_index' is: 'Liu Xiaopeng (XIAOPENG)'

2020-06-05 11:55:52 - [MESSAGE][PASSED] - Attribute 'value' of object 'Object Repository/Objects.HighlightElements/input_field_index' is: 'Liu Xiaopeng (XIAOPENG)'

2020-06-05 11:55:52 - [TEST_STEP][PASSED] - callTestCase(findTestCase(CallTCName), ["FindValue":ComboBoxValue, "DropdownNm":comboNm], STOP_ON_FAILURE): Call Test Case 'Test Cases/PFI Precision and Scale/HashMap Tables/OfficerLists' successfully

2020-06-05 11:55:52 - [TEST_CASE][PASSED] - Test Cases/PFI Precision and Scale/HashMap Tables/OfficerLists: Test Cases/PFI Precision and Scale/HashMap Tables/OfficerLists

2020-06-05 11:55:52 - [TEST_STEP][PASSED] - Thread.sleep(1000): null

2020-06-05 11:55:53 - [TEST_STEP][PASSED] - OfficerLists = [1:"Aaron Sham Wai Lun (AARON)", 2:"Azidah Bte Akmad (Mdm) (USAABD)", 3:"Chung Fong Nyen (USACFN)", 4:"David Tey Dah Wei (DAHWEI)", ... ]: null

2020-06-05 11:55:53 - [TEST_STEP][PASSED] - ValueFound = OfficerLists.find({ -> ... }): null

2020-06-05 11:55:53 - [MESSAGE][PASSED] - Call Test Case 'Test Cases/PFI Precision and Scale/HashMap Tables/OfficerLists' successfully

2020-06-05 11:55:53 - [TEST_STEP][PASSED] - println(ValueFound): null

2020-06-05 11:55:53 - [TEST_STEP][PASSED] - sendKeys(NewInputNmField, Keys.chord(ARROW_DOWN)): Keys 'DOWN + ' sent to object: 'Object Repository/Objects.HighlightElements/input_field_index'

2020-06-05 11:55:53 - [MESSAGE][PASSED] - Keys 'DOWN + ' sent to object: 'Object Repository/Objects.HighlightElements/input_field_index'

2020-06-05 11:55:53 - [TEST_STEP][PASSED] - sendKeys(NewInputNmField, Keys.chord(ARROW_DOWN)): Keys 'DOWN + ' sent to object: 'Object Repository/Objects.HighlightElements/input_field_index'

2020-06-05 11:55:53 - [MESSAGE][PASSED] - Keys 'DOWN + ' sent to object: 'Object Repository/Objects.HighlightElements/input_field_index'

2020-06-05 11:55:53 - [TEST_STEP][PASSED] - delay(DelayTime): Delayed 2 second(s)

2020-06-05 11:55:55 - [MESSAGE][PASSED] - Delayed 2 second(s)

2020-06-05 11:55:55 - [TEST_STEP][PASSED] - sendKeys(NewInputNmField, Keys.chord(ENTER)): Keys 'ENTER + ' sent to object: 'Object Repository/Objects.HighlightElements/input_field_index'

2020-06-05 11:55:55 - [MESSAGE][PASSED] - Keys 'ENTER + ' sent to object: 'Object Repository/Objects.HighlightElements/input_field_index'

2020-06-05 11:55:55 - [TEST_STEP][PASSED] - ComboBoxValue = getAttribute(NewInputNmField, "value"): Attribute 'value' of object 'Object Repository/Objects.HighlightElements/input_field_index' is: 'Lu Ji Ju (Mdm) (USALJJ)'

2020-06-05 11:55:55 - [MESSAGE][PASSED] - Attribute 'value' of object 'Object Repository/Objects.HighlightElements/input_field_index' is: 'Lu Ji Ju (Mdm) (USALJJ)'

2020-06-05 11:55:55 - [TEST_STEP][PASSED] - callTestCase(findTestCase(CallTCName), ["FindValue":ComboBoxValue, "DropdownNm":comboNm], STOP_ON_FAILURE): Call Test Case 'Test Cases/PFI Precision and Scale/HashMap Tables/OfficerLists' successfully

2020-06-05 11:55:55 - [TEST_CASE][PASSED] - Test Cases/PFI Precision and Scale/HashMap Tables/OfficerLists: Test Cases/PFI Precision and Scale/HashMap Tables/OfficerLists

2020-06-05 11:55:55 - [TEST_STEP][PASSED] - Thread.sleep(1000): null

2020-06-05 11:55:56 - [TEST_STEP][PASSED] - OfficerLists = [1:"Aaron Sham Wai Lun (AARON)", 2:"Azidah Bte Akmad (Mdm) (USAABD)", 3:"Chung Fong Nyen (USACFN)", 4:"David Tey Dah Wei (DAHWEI)", ... ]: null

2020-06-05 11:55:56 - [TEST_STEP][PASSED] - ValueFound = OfficerLists.find({ -> ... }): null

2020-06-05 11:55:56 - [MESSAGE][PASSED] - Call Test Case 'Test Cases/PFI Precision and Scale/HashMap Tables/OfficerLists' successfully

2020-06-05 11:55:56 - [TEST_STEP][PASSED] - println(ValueFound): null

2020-06-05 11:55:56 - [TEST_STEP][PASSED] - sendKeys(NewInputNmField, Keys.chord(ARROW_DOWN)): Keys 'DOWN + ' sent to object: 'Object Repository/Objects.HighlightElements/input_field_index'

2020-06-05 11:55:56 - [MESSAGE][PASSED] - Keys 'DOWN + ' sent to object: 'Object Repository/Objects.HighlightElements/input_field_index'

2020-06-05 11:55:56 - [TEST_STEP][PASSED] - sendKeys(NewInputNmField, Keys.chord(ARROW_DOWN)): Keys 'DOWN + ' sent to object: 'Object Repository/Objects.HighlightElements/input_field_index'

2020-06-05 11:55:56 - [MESSAGE][PASSED] - Keys 'DOWN + ' sent to object: 'Object Repository/Objects.HighlightElements/input_field_index'

2020-06-05 11:55:56 - [TEST_STEP][PASSED] - delay(DelayTime): Delayed 2 second(s)

2020-06-05 11:55:58 - [MESSAGE][PASSED] - Delayed 2 second(s)

2020-06-05 11:55:58 - [TEST_STEP][PASSED] - sendKeys(NewInputNmField, Keys.chord(ENTER)): Keys 'ENTER + ' sent to object: 'Object Repository/Objects.HighlightElements/input_field_index'

2020-06-05 11:55:58 - [MESSAGE][PASSED] - Keys 'ENTER + ' sent to object: 'Object Repository/Objects.HighlightElements/input_field_index'

2020-06-05 11:55:58 - [TEST_STEP][PASSED] - ComboBoxValue = getAttribute(NewInputNmField, "value"): Attribute 'value' of object 'Object Repository/Objects.HighlightElements/input_field_index' is: 'Mohd Jeffri Bin Abdul Rahim (MOHDJEFFRI)'

2020-06-05 11:55:58 - [MESSAGE][PASSED] - Attribute 'value' of object 'Object Repository/Objects.HighlightElements/input_field_index' is: 'Mohd Jeffri Bin Abdul Rahim (MOHDJEFFRI)'

2020-06-05 11:55:58 - [TEST_STEP][PASSED] - callTestCase(findTestCase(CallTCName), ["FindValue":ComboBoxValue, "DropdownNm":comboNm], STOP_ON_FAILURE): Call Test Case 'Test Cases/PFI Precision and Scale/HashMap Tables/OfficerLists' successfully

2020-06-05 11:55:58 - [TEST_CASE][PASSED] - Test Cases/PFI Precision and Scale/HashMap Tables/OfficerLists: Test Cases/PFI Precision and Scale/HashMap Tables/OfficerLists

2020-06-05 11:55:58 - [TEST_STEP][PASSED] - Thread.sleep(1000): null

2020-06-05 11:55:59 - [TEST_STEP][PASSED] - OfficerLists = [1:"Aaron Sham Wai Lun (AARON)", 2:"Azidah Bte Akmad (Mdm) (USAABD)", 3:"Chung Fong Nyen (USACFN)", 4:"David Tey Dah Wei (DAHWEI)", ... ]: null

2020-06-05 11:55:59 - [TEST_STEP][PASSED] - ValueFound = OfficerLists.find({ -> ... }): null

2020-06-05 11:55:59 - [MESSAGE][PASSED] - Call Test Case 'Test Cases/PFI Precision and Scale/HashMap Tables/OfficerLists' successfully

2020-06-05 11:55:59 - [TEST_STEP][PASSED] - println(ValueFound): null

2020-06-05 11:55:59 - [TEST_STEP][PASSED] - sendKeys(NewInputNmField, Keys.chord(ARROW_DOWN)): Keys 'DOWN + ' sent to object: 'Object Repository/Objects.HighlightElements/input_field_index'

2020-06-05 11:55:59 - [MESSAGE][PASSED] - Keys 'DOWN + ' sent to object: 'Object Repository/Objects.HighlightElements/input_field_index'

2020-06-05 11:55:59 - [TEST_STEP][PASSED] - sendKeys(NewInputNmField, Keys.chord(ARROW_DOWN)): Keys 'DOWN + ' sent to object: 'Object Repository/Objects.HighlightElements/input_field_index'

2020-06-05 11:55:59 - [MESSAGE][PASSED] - Keys 'DOWN + ' sent to object: 'Object Repository/Objects.HighlightElements/input_field_index'

2020-06-05 11:55:59 - [TEST_STEP][PASSED] - delay(DelayTime): Delayed 2 second(s)

2020-06-05 11:56:01 - [MESSAGE][PASSED] - Delayed 2 second(s)

2020-06-05 11:56:01 - [TEST_STEP][PASSED] - sendKeys(NewInputNmField, Keys.chord(ENTER)): Keys 'ENTER + ' sent to object: 'Object Repository/Objects.HighlightElements/input_field_index'

2020-06-05 11:56:01 - [MESSAGE][PASSED] - Keys 'ENTER + ' sent to object: 'Object Repository/Objects.HighlightElements/input_field_index'

2020-06-05 11:56:01 - [TEST_STEP][PASSED] - ComboBoxValue = getAttribute(NewInputNmField, "value"): Attribute 'value' of object 'Object Repository/Objects.HighlightElements/input_field_index' is: 'Richard Lim Fang Ping (FANGPING)'

2020-06-05 11:56:01 - [MESSAGE][PASSED] - Attribute 'value' of object 'Object Repository/Objects.HighlightElements/input_field_index' is: 'Richard Lim Fang Ping (FANGPING)'

2020-06-05 11:56:01 - [TEST_STEP][PASSED] - callTestCase(findTestCase(CallTCName), ["FindValue":ComboBoxValue, "DropdownNm":comboNm], STOP_ON_FAILURE): Call Test Case 'Test Cases/PFI Precision and Scale/HashMap Tables/OfficerLists' successfully

2020-06-05 11:56:01 - [TEST_CASE][PASSED] - Test Cases/PFI Precision and Scale/HashMap Tables/OfficerLists: Test Cases/PFI Precision and Scale/HashMap Tables/OfficerLists

2020-06-05 11:56:01 - [TEST_STEP][PASSED] - Thread.sleep(1000): null

2020-06-05 11:56:02 - [TEST_STEP][PASSED] - OfficerLists = [1:"Aaron Sham Wai Lun (AARON)", 2:"Azidah Bte Akmad (Mdm) (USAABD)", 3:"Chung Fong Nyen (USACFN)", 4:"David Tey Dah Wei (DAHWEI)", ... ]: null

2020-06-05 11:56:02 - [TEST_STEP][PASSED] - ValueFound = OfficerLists.find({ -> ... }): null

2020-06-05 11:56:02 - [MESSAGE][PASSED] - Call Test Case 'Test Cases/PFI Precision and Scale/HashMap Tables/OfficerLists' successfully

2020-06-05 11:56:02 - [TEST_STEP][PASSED] - println(ValueFound): null

2020-06-05 11:56:02 - [TEST_STEP][PASSED] - sendKeys(NewInputNmField, Keys.chord(ARROW_DOWN)): Keys 'DOWN + ' sent to object: 'Object Repository/Objects.HighlightElements/input_field_index'

2020-06-05 11:56:02 - [MESSAGE][PASSED] - Keys 'DOWN + ' sent to object: 'Object Repository/Objects.HighlightElements/input_field_index'

2020-06-05 11:56:02 - [TEST_STEP][PASSED] - sendKeys(NewInputNmField, Keys.chord(ARROW_DOWN)): Keys 'DOWN + ' sent to object: 'Object Repository/Objects.HighlightElements/input_field_index'

2020-06-05 11:56:02 - [MESSAGE][PASSED] - Keys 'DOWN + ' sent to object: 'Object Repository/Objects.HighlightElements/input_field_index'

2020-06-05 11:56:02 - [TEST_STEP][PASSED] - delay(DelayTime): Delayed 2 second(s)

2020-06-05 11:56:04 - [MESSAGE][PASSED] - Delayed 2 second(s)

2020-06-05 11:56:04 - [TEST_STEP][PASSED] - sendKeys(NewInputNmField, Keys.chord(ENTER)): Keys 'ENTER + ' sent to object: 'Object Repository/Objects.HighlightElements/input_field_index'

2020-06-05 11:56:04 - [MESSAGE][PASSED] - Keys 'ENTER + ' sent to object: 'Object Repository/Objects.HighlightElements/input_field_index'

2020-06-05 11:56:04 - [TEST_STEP][PASSED] - ComboBoxValue = getAttribute(NewInputNmField, "value"): Attribute 'value' of object 'Object Repository/Objects.HighlightElements/input_field_index' is: 'RITA WONG SIONG ING (RITAWONG)'

2020-06-05 11:56:04 - [MESSAGE][PASSED] - Attribute 'value' of object 'Object Repository/Objects.HighlightElements/input_field_index' is: 'RITA WONG SIONG ING (RITAWONG)'

2020-06-05 11:56:04 - [TEST_STEP][PASSED] - callTestCase(findTestCase(CallTCName), ["FindValue":ComboBoxValue, "DropdownNm":comboNm], STOP_ON_FAILURE): Call Test Case 'Test Cases/PFI Precision and Scale/HashMap Tables/OfficerLists' successfully

2020-06-05 11:56:05 - [TEST_CASE][PASSED] - Test Cases/PFI Precision and Scale/HashMap Tables/OfficerLists: Test Cases/PFI Precision and Scale/HashMap Tables/OfficerLists

2020-06-05 11:56:05 - [TEST_STEP][PASSED] - Thread.sleep(1000): null

2020-06-05 11:56:06 - [TEST_STEP][PASSED] - OfficerLists = [1:"Aaron Sham Wai Lun (AARON)", 2:"Azidah Bte Akmad (Mdm) (USAABD)", 3:"Chung Fong Nyen (USACFN)", 4:"David Tey Dah Wei (DAHWEI)", ... ]: null

2020-06-05 11:56:06 - [TEST_STEP][PASSED] - ValueFound = OfficerLists.find({ -> ... }): null

2020-06-05 11:56:06 - [MESSAGE][PASSED] - Call Test Case 'Test Cases/PFI Precision and Scale/HashMap Tables/OfficerLists' successfully

2020-06-05 11:56:06 - [TEST_STEP][PASSED] - println(ValueFound): null

2020-06-05 11:56:06 - [TEST_STEP][PASSED] - sendKeys(NewInputNmField, Keys.chord(ARROW_DOWN)): Keys 'DOWN + ' sent to object: 'Object Repository/Objects.HighlightElements/input_field_index'

2020-06-05 11:56:06 - [MESSAGE][PASSED] - Keys 'DOWN + ' sent to object: 'Object Repository/Objects.HighlightElements/input_field_index'

2020-06-05 11:56:06 - [TEST_STEP][PASSED] - sendKeys(NewInputNmField, Keys.chord(ARROW_DOWN)): Keys 'DOWN + ' sent to object: 'Object Repository/Objects.HighlightElements/input_field_index'

2020-06-05 11:56:06 - [MESSAGE][PASSED] - Keys 'DOWN + ' sent to object: 'Object Repository/Objects.HighlightElements/input_field_index'

2020-06-05 11:56:06 - [TEST_STEP][PASSED] - delay(DelayTime): Delayed 2 second(s)

2020-06-05 11:56:08 - [MESSAGE][PASSED] - Delayed 2 second(s)

2020-06-05 11:56:08 - [TEST_STEP][PASSED] - sendKeys(NewInputNmField, Keys.chord(ENTER)): Keys 'ENTER + ' sent to object: 'Object Repository/Objects.HighlightElements/input_field_index'

2020-06-05 11:56:08 - [MESSAGE][PASSED] - Keys 'ENTER + ' sent to object: 'Object Repository/Objects.HighlightElements/input_field_index'

2020-06-05 11:56:08 - [TEST_STEP][PASSED] - ComboBoxValue = getAttribute(NewInputNmField, "value"): Attribute 'value' of object 'Object Repository/Objects.HighlightElements/input_field_index' is: 'Shi Hong Wei (HONGWEI)'

2020-06-05 11:56:08 - [MESSAGE][PASSED] - Attribute 'value' of object 'Object Repository/Objects.HighlightElements/input_field_index' is: 'Shi Hong Wei (HONGWEI)'

2020-06-05 11:56:08 - [TEST_STEP][PASSED] - callTestCase(findTestCase(CallTCName), ["FindValue":ComboBoxValue, "DropdownNm":comboNm], STOP_ON_FAILURE): Call Test Case 'Test Cases/PFI Precision and Scale/HashMap Tables/OfficerLists' successfully

2020-06-05 11:56:08 - [TEST_CASE][PASSED] - Test Cases/PFI Precision and Scale/HashMap Tables/OfficerLists: Test Cases/PFI Precision and Scale/HashMap Tables/OfficerLists

2020-06-05 11:56:08 - [TEST_STEP][PASSED] - Thread.sleep(1000): null

2020-06-05 11:56:09 - [TEST_STEP][PASSED] - OfficerLists = [1:"Aaron Sham Wai Lun (AARON)", 2:"Azidah Bte Akmad (Mdm) (USAABD)", 3:"Chung Fong Nyen (USACFN)", 4:"David Tey Dah Wei (DAHWEI)", ... ]: null

2020-06-05 11:56:09 - [TEST_STEP][PASSED] - ValueFound = OfficerLists.find({ -> ... }): null

2020-06-05 11:56:09 - [MESSAGE][PASSED] - Call Test Case 'Test Cases/PFI Precision and Scale/HashMap Tables/OfficerLists' successfully

2020-06-05 11:56:09 - [TEST_STEP][PASSED] - println(ValueFound): null

2020-06-05 11:56:09 - [TEST_STEP][PASSED] - sendKeys(NewInputNmField, Keys.chord(ARROW_DOWN)): Keys 'DOWN + ' sent to object: 'Object Repository/Objects.HighlightElements/input_field_index'

2020-06-05 11:56:09 - [MESSAGE][PASSED] - Keys 'DOWN + ' sent to object: 'Object Repository/Objects.HighlightElements/input_field_index'

2020-06-05 11:56:09 - [TEST_STEP][PASSED] - sendKeys(NewInputNmField, Keys.chord(ARROW_DOWN)): Keys 'DOWN + ' sent to object: 'Object Repository/Objects.HighlightElements/input_field_index'

2020-06-05 11:56:09 - [MESSAGE][PASSED] - Keys 'DOWN + ' sent to object: 'Object Repository/Objects.HighlightElements/input_field_index'

2020-06-05 11:56:09 - [TEST_STEP][PASSED] - delay(DelayTime): Delayed 2 second(s)

2020-06-05 11:56:11 - [MESSAGE][PASSED] - Delayed 2 second(s)

2020-06-05 11:56:11 - [TEST_STEP][PASSED] - sendKeys(NewInputNmField, Keys.chord(ENTER)): Keys 'ENTER + ' sent to object: 'Object Repository/Objects.HighlightElements/input_field_index'

2020-06-05 11:56:11 - [MESSAGE][PASSED] - Keys 'ENTER + ' sent to object: 'Object Repository/Objects.HighlightElements/input_field_index'

2020-06-05 11:56:11 - [TEST_STEP][PASSED] - ComboBoxValue = getAttribute(NewInputNmField, "value"): Attribute 'value' of object 'Object Repository/Objects.HighlightElements/input_field_index' is: 'Tan Jing Ying (JINGYING)'

2020-06-05 11:56:11 - [MESSAGE][PASSED] - Attribute 'value' of object 'Object Repository/Objects.HighlightElements/input_field_index' is: 'Tan Jing Ying (JINGYING)'

2020-06-05 11:56:11 - [TEST_STEP][PASSED] - callTestCase(findTestCase(CallTCName), ["FindValue":ComboBoxValue, "DropdownNm":comboNm], STOP_ON_FAILURE): Call Test Case 'Test Cases/PFI Precision and Scale/HashMap Tables/OfficerLists' successfully

2020-06-05 11:56:11 - [TEST_CASE][PASSED] - Test Cases/PFI Precision and Scale/HashMap Tables/OfficerLists: Test Cases/PFI Precision and Scale/HashMap Tables/OfficerLists

2020-06-05 11:56:11 - [TEST_STEP][PASSED] - Thread.sleep(1000): null

2020-06-05 11:56:12 - [TEST_STEP][PASSED] - OfficerLists = [1:"Aaron Sham Wai Lun (AARON)", 2:"Azidah Bte Akmad (Mdm) (USAABD)", 3:"Chung Fong Nyen (USACFN)", 4:"David Tey Dah Wei (DAHWEI)", ... ]: null

2020-06-05 11:56:12 - [TEST_STEP][PASSED] - ValueFound = OfficerLists.find({ -> ... }): null

2020-06-05 11:56:12 - [MESSAGE][PASSED] - Call Test Case 'Test Cases/PFI Precision and Scale/HashMap Tables/OfficerLists' successfully

2020-06-05 11:56:12 - [TEST_STEP][PASSED] - println(ValueFound): null

2020-06-05 11:56:12 - [TEST_STEP][PASSED] - sendKeys(NewInputNmField, Keys.chord(ARROW_DOWN)): Keys 'DOWN + ' sent to object: 'Object Repository/Objects.HighlightElements/input_field_index'

2020-06-05 11:56:12 - [MESSAGE][PASSED] - Keys 'DOWN + ' sent to object: 'Object Repository/Objects.HighlightElements/input_field_index'

2020-06-05 11:56:12 - [TEST_STEP][PASSED] - sendKeys(NewInputNmField, Keys.chord(ARROW_DOWN)): Keys 'DOWN + ' sent to object: 'Object Repository/Objects.HighlightElements/input_field_index'

2020-06-05 11:56:12 - [MESSAGE][PASSED] - Keys 'DOWN + ' sent to object: 'Object Repository/Objects.HighlightElements/input_field_index'

2020-06-05 11:56:12 - [TEST_STEP][PASSED] - delay(DelayTime): Delayed 2 second(s)

2020-06-05 11:56:14 - [MESSAGE][PASSED] - Delayed 2 second(s)

2020-06-05 11:56:14 - [TEST_STEP][PASSED] - sendKeys(NewInputNmField, Keys.chord(ENTER)): Keys 'ENTER + ' sent to object: 'Object Repository/Objects.HighlightElements/input_field_index'

2020-06-05 11:56:14 - [MESSAGE][PASSED] - Keys 'ENTER + ' sent to object: 'Object Repository/Objects.HighlightElements/input_field_index'

2020-06-05 11:56:14 - [TEST_STEP][PASSED] - ComboBoxValue = getAttribute(NewInputNmField, "value"): Attribute 'value' of object 'Object Repository/Objects.HighlightElements/input_field_index' is: 'Tan Kwan Joo (KWANJOO)'

2020-06-05 11:56:14 - [MESSAGE][PASSED] - Attribute 'value' of object 'Object Repository/Objects.HighlightElements/input_field_index' is: 'Tan Kwan Joo (KWANJOO)'

2020-06-05 11:56:14 - [TEST_STEP][PASSED] - callTestCase(findTestCase(CallTCName), ["FindValue":ComboBoxValue, "DropdownNm":comboNm], STOP_ON_FAILURE): Call Test Case 'Test Cases/PFI Precision and Scale/HashMap Tables/OfficerLists' successfully

2020-06-05 11:56:14 - [TEST_CASE][PASSED] - Test Cases/PFI Precision and Scale/HashMap Tables/OfficerLists: Test Cases/PFI Precision and Scale/HashMap Tables/OfficerLists

2020-06-05 11:56:14 - [TEST_STEP][PASSED] - Thread.sleep(1000): null

2020-06-05 11:56:15 - [TEST_STEP][PASSED] - OfficerLists = [1:"Aaron Sham Wai Lun (AARON)", 2:"Azidah Bte Akmad (Mdm) (USAABD)", 3:"Chung Fong Nyen (USACFN)", 4:"David Tey Dah Wei (DAHWEI)", ... ]: null

2020-06-05 11:56:15 - [TEST_STEP][PASSED] - ValueFound = OfficerLists.find({ -> ... }): null

2020-06-05 11:56:15 - [MESSAGE][PASSED] - Call Test Case 'Test Cases/PFI Precision and Scale/HashMap Tables/OfficerLists' successfully

2020-06-05 11:56:15 - [TEST_STEP][PASSED] - println(ValueFound): null

2020-06-05 11:56:15 - [TEST_STEP][PASSED] - sendKeys(NewInputNmField, Keys.chord(ARROW_DOWN)): Keys 'DOWN + ' sent to object: 'Object Repository/Objects.HighlightElements/input_field_index'

2020-06-05 11:56:15 - [MESSAGE][PASSED] - Keys 'DOWN + ' sent to object: 'Object Repository/Objects.HighlightElements/input_field_index'

2020-06-05 11:56:15 - [TEST_STEP][PASSED] - sendKeys(NewInputNmField, Keys.chord(ARROW_DOWN)): Keys 'DOWN + ' sent to object: 'Object Repository/Objects.HighlightElements/input_field_index'

2020-06-05 11:56:15 - [MESSAGE][PASSED] - Keys 'DOWN + ' sent to object: 'Object Repository/Objects.HighlightElements/input_field_index'

2020-06-05 11:56:15 - [TEST_STEP][PASSED] - delay(DelayTime): Delayed 2 second(s)

2020-06-05 11:56:17 - [MESSAGE][PASSED] - Delayed 2 second(s)

2020-06-05 11:56:17 - [TEST_STEP][PASSED] - sendKeys(NewInputNmField, Keys.chord(ENTER)): Keys 'ENTER + ' sent to object: 'Object Repository/Objects.HighlightElements/input_field_index'

2020-06-05 11:56:17 - [MESSAGE][PASSED] - Keys 'ENTER + ' sent to object: 'Object Repository/Objects.HighlightElements/input_field_index'

2020-06-05 11:56:17 - [TEST_STEP][PASSED] - ComboBoxValue = getAttribute(NewInputNmField, "value"): Attribute 'value' of object 'Object Repository/Objects.HighlightElements/input_field_index' is: 'Titus Chua Hwa Ping (TITUS)'

2020-06-05 11:56:17 - [MESSAGE][PASSED] - Attribute 'value' of object 'Object Repository/Objects.HighlightElements/input_field_index' is: 'Titus Chua Hwa Ping (TITUS)'

2020-06-05 11:56:17 - [TEST_STEP][PASSED] - callTestCase(findTestCase(CallTCName), ["FindValue":ComboBoxValue, "DropdownNm":comboNm], STOP_ON_FAILURE): Call Test Case 'Test Cases/PFI Precision and Scale/HashMap Tables/OfficerLists' successfully

2020-06-05 11:56:17 - [TEST_CASE][PASSED] - Test Cases/PFI Precision and Scale/HashMap Tables/OfficerLists: Test Cases/PFI Precision and Scale/HashMap Tables/OfficerLists

2020-06-05 11:56:17 - [TEST_STEP][PASSED] - Thread.sleep(1000): null

2020-06-05 11:56:18 - [TEST_STEP][PASSED] - OfficerLists = [1:"Aaron Sham Wai Lun (AARON)", 2:"Azidah Bte Akmad (Mdm) (USAABD)", 3:"Chung Fong Nyen (USACFN)", 4:"David Tey Dah Wei (DAHWEI)", ... ]: null

2020-06-05 11:56:18 - [TEST_STEP][PASSED] - ValueFound = OfficerLists.find({ -> ... }): null

2020-06-05 11:56:18 - [MESSAGE][PASSED] - Call Test Case 'Test Cases/PFI Precision and Scale/HashMap Tables/OfficerLists' successfully

2020-06-05 11:56:18 - [TEST_STEP][PASSED] - println(ValueFound): null

2020-06-05 11:56:18 - [TEST_STEP][PASSED] - sendKeys(NewInputNmField, Keys.chord(ARROW_DOWN)): Keys 'DOWN + ' sent to object: 'Object Repository/Objects.HighlightElements/input_field_index'

2020-06-05 11:56:18 - [MESSAGE][PASSED] - Keys 'DOWN + ' sent to object: 'Object Repository/Objects.HighlightElements/input_field_index'

2020-06-05 11:56:18 - [TEST_STEP][PASSED] - sendKeys(NewInputNmField, Keys.chord(ENTER)): Keys 'ENTER + ' sent to object: 'Object Repository/Objects.HighlightElements/input_field_index'

2020-06-05 11:56:19 - [MESSAGE][PASSED] - Keys 'ENTER + ' sent to object: 'Object Repository/Objects.HighlightElements/input_field_index'

2020-06-05 11:56:19 - [MESSAGE][PASSED] - Call Test Case 'Test Cases/PFI Precision and Scale/PFI Components with Indexing/VerifyDropdownValuesXPI' successfully

2020-06-05 11:56:19 - [TEST_STEP][PASSED] - callTestCase(findTestCase("Components/SelectAllThenDeleteIndex"), ["nameToBeUsed":"officer", "index":"1"], STOP_ON_FAILURE): Call Test Case 'Test Cases/Components/SelectAllThenDeleteIndex' successfully

2020-06-05 11:56:19 - [TEST_CASE][PASSED] - Test Cases/Components/SelectAllThenDeleteIndex: Test Cases/Components/SelectAllThenDeleteIndex

2020-06-05 11:56:19 - [TEST_STEP][PASSED] - Thread.sleep(1000): null

2020-06-05 11:56:20 - [TEST_STEP][PASSED] - modifiedObj = modifyObjectProperty(findTestObject("Object Repository/Objects.HighlightElements/input_field_index"), "xpath", "equals", "(//*[contains(@class,'x-form-text') and (@name='" + nameToBeUsed + "')])[" + index + "]", true): Modify property of object successfully

2020-06-05 11:56:20 - [MESSAGE][PASSED] - Modify property of object successfully

2020-06-05 11:56:20 - [TEST_STEP][PASSED] - focus(modifiedObj): Object: 'Object Repository/Objects.HighlightElements/input_field_index' is focused

2020-06-05 11:56:20 - [MESSAGE][PASSED] - Object: 'Object Repository/Objects.HighlightElements/input_field_index' is focused

2020-06-05 11:56:20 - [TEST_STEP][PASSED] - sendKeys(modifiedObj, Keys.chord(CONTROL, "a")): Keys 'CONTROL + a' sent to object: 'Object Repository/Objects.HighlightElements/input_field_index'

2020-06-05 11:56:20 - [MESSAGE][PASSED] - Keys 'CONTROL + a' sent to object: 'Object Repository/Objects.HighlightElements/input_field_index'

2020-06-05 11:56:20 - [TEST_STEP][PASSED] - sendKeys(modifiedObj, Keys.chord(DELETE)): Keys 'DELETE + ' sent to object: 'Object Repository/Objects.HighlightElements/input_field_index'

2020-06-05 11:56:20 - [MESSAGE][PASSED] - Keys 'DELETE + ' sent to object: 'Object Repository/Objects.HighlightElements/input_field_index'

2020-06-05 11:56:20 - [MESSAGE][PASSED] - Call Test Case 'Test Cases/Components/SelectAllThenDeleteIndex' successfully

2020-06-05 11:56:20 - [TEST_STEP][PASSED] - callTestCase(findTestCase("PFI Precision and Scale/PFI Components with Indexing/RequiredFieldValidationIndex"), ["nameToBeUsed":"officer", "index":1], STOP_ON_FAILURE): Call Test Case 'Test Cases/PFI Precision and Scale/PFI Components with Indexing/RequiredFieldValidationIndex' successfully

2020-06-05 11:56:20 - [TEST_CASE][PASSED] - Test Cases/PFI Precision and Scale/PFI Components with Indexing/RequiredFieldValidationIndex: Test Cases/PFI Precision and Scale/PFI Components with Indexing/RequiredFieldValidationIndex

2020-06-05 11:56:20 - [TEST_STEP][PASSED] - Thread.sleep(2000): null

2020-06-05 11:56:22 - [TEST_STEP][PASSED] - NewInputNmField = modifyObjectProperty(findTestObject("Objects.HighlightElements/input_field_index"), "xpath", "equals", "(//*[contains(@class,'x-form-text') and (@name='" + nameToBeUsed + "')])[" + index + "]", true): Modify property of object successfully

2020-06-05 11:56:22 - [MESSAGE][PASSED] - Modify property of object successfully

2020-06-05 11:56:22 - [TEST_STEP][PASSED] - mouseOver(NewInputNmField): Object: 'Object Repository/Objects.HighlightElements/input_field_index' is hovered

2020-06-05 11:56:22 - [MESSAGE][PASSED] - Object: 'Object Repository/Objects.HighlightElements/input_field_index' is hovered

2020-06-05 11:56:22 - [TEST_STEP][PASSED] - getRqErrMsg = getAttribute(NewInputNmField, "data-errorqtip"): Attribute 'data-errorqtip' of object 'Object Repository/Objects.HighlightElements/input_field_index' is: '<ul class="x-list-plain"><li>This field is required</li></ul>'

2020-06-05 11:56:22 - [MESSAGE][PASSED] - Attribute 'data-errorqtip' of object 'Object Repository/Objects.HighlightElements/input_field_index' is: '<ul class="x-list-plain"><li>This field is required</li></ul>'

2020-06-05 11:56:22 - [TEST_STEP][PASSED] - strToolTip = getRqErrMsg.substring(29, 61): null

2020-06-05 11:56:22 - [TEST_STEP][PASSED] - toolTipReqErrMsg = strToolTip.substring(0, 22): null

2020-06-05 11:56:22 - [TEST_STEP][PASSED] - verifyMatch(toolTipReqErrMsg, RqField, true): Actual text 'This field is required' and expected text 'This field is required' are matched  using regular expression

2020-06-05 11:56:22 - [MESSAGE][PASSED] - Actual text 'This field is required' and expected text 'This field is required' are matched  using regular expression

2020-06-05 11:56:22 - [MESSAGE][PASSED] - Call Test Case 'Test Cases/PFI Precision and Scale/PFI Components with Indexing/RequiredFieldValidationIndex' successfully

2020-06-05 11:56:22 - [TEST_STEP][PASSED] - callTestCase(findTestCase("Components/HighlightLabelFieldXPI"), ["LblName":"Weightage", "index":1], STOP_ON_FAILURE): Call Test Case 'Test Cases/Components/HighlightLabelFieldXPI' successfully

2020-06-05 11:56:22 - [TEST_CASE][PASSED] - Test Cases/Components/HighlightLabelFieldXPI: Test Cases/Components/HighlightLabelFieldXPI

2020-06-05 11:56:22 - [TEST_STEP][PASSED] - Thread.sleep(1000): null

2020-06-05 11:56:23 - [TEST_STEP][PASSED] - modifiedLblNm = modifyObjectProperty(findTestObject("Object Repository/Objects.HighlightElements/lblField_index"), "xpath", "equals", "(//*[contains(@class, 'x-form-item-label-inner x-form-item-label-inner-default') and contains(., '" + LblName + "')])[" + index + "]", true): Modify property of object successfully

2020-06-05 11:56:23 - [MESSAGE][PASSED] - Modify property of object successfully

2020-06-05 11:56:23 - [TEST_STEP][PASSED] - com.reusableComponents.HighlightElement.run(modifiedLblNm): com.reusableComponents.HighlightElement.run is PASSED

2020-06-05 11:56:24 - [MESSAGE][PASSED] - com.reusableComponents.HighlightElement.run is PASSED

2020-06-05 11:56:24 - [MESSAGE][PASSED] - Call Test Case 'Test Cases/Components/HighlightLabelFieldXPI' successfully

2020-06-05 11:56:24 - [TEST_STEP][PASSED] - callTestCase(findTestCase("Components/HighlightInputFieldXPI"), ["FldNm":"inspWeight", "index":1], STOP_ON_FAILURE): Call Test Case 'Test Cases/Components/HighlightInputFieldXPI' successfully

2020-06-05 11:56:24 - [TEST_CASE][PASSED] - Test Cases/Components/HighlightInputFieldXPI: Test Cases/Components/HighlightInputFieldXPI

2020-06-05 11:56:24 - [TEST_STEP][PASSED] - Thread.sleep(1000): null

2020-06-05 11:56:25 - [TEST_STEP][PASSED] - modifiedInputNm = modifyObjectProperty(findTestObject("Object Repository/Objects.HighlightElements/input_field_index"), "xpath", "equals", "(//*[contains(@name, '" + FldNm + "')])[" + index + "]", true): Modify property of object successfully

2020-06-05 11:56:25 - [MESSAGE][PASSED] - Modify property of object successfully

2020-06-05 11:56:25 - [TEST_STEP][PASSED] - com.reusableComponents.HighlightElement.run(modifiedInputNm): com.reusableComponents.HighlightElement.run is PASSED

2020-06-05 11:56:25 - [MESSAGE][PASSED] - com.reusableComponents.HighlightElement.run is PASSED

2020-06-05 11:56:25 - [MESSAGE][PASSED] - Call Test Case 'Test Cases/Components/HighlightInputFieldXPI' successfully

2020-06-05 11:56:25 - [TEST_STEP][PASSED] - callTestCase(findTestCase("PFI Precision and Scale/PFI Components with Indexing/VerifyDefaultValueIndex"), ["FieldNm":"inspWeight", "index":1, "labelNm":"", "i":0], STOP_ON_FAILURE): Call Test Case 'Test Cases/PFI Precision and Scale/PFI Components with Indexing/VerifyDefaultValueIndex' successfully

2020-06-05 11:56:25 - [TEST_CASE][PASSED] - Test Cases/PFI Precision and Scale/PFI Components with Indexing/VerifyDefaultValueIndex: Test Cases/PFI Precision and Scale/PFI Components with Indexing/VerifyDefaultValueIndex

2020-06-05 11:56:26 - [TEST_STEP][PASSED] - Thread.sleep(1000): null

2020-06-05 11:56:27 - [TEST_STEP][PASSED] - DefaultValueHM = ["periodType":"Working Day(s)", "noOfDays":"14", "inspWeight":"1", "inspModule":"PSI", "inspCaseType":"PSI Processing (SM)"]: null

2020-06-05 11:56:27 - [TEST_STEP][PASSED] - NewFieldNm = modifyObjectProperty(findTestObject("Object Repository/Objects.HighlightElements/input_field_index"), "xpath", "equals", "(//*[contains(@name,'" + FieldNm + "')])[" + index + "]", true): Modify property of object successfully

2020-06-05 11:56:27 - [MESSAGE][PASSED] - Modify property of object successfully

2020-06-05 11:56:27 - [TEST_STEP][PASSED] - focus(NewFieldNm): Object: 'Object Repository/Objects.HighlightElements/input_field_index' is focused

2020-06-05 11:56:27 - [MESSAGE][PASSED] - Object: 'Object Repository/Objects.HighlightElements/input_field_index' is focused

2020-06-05 11:56:27 - [TEST_STEP][PASSED] - DefVal = getAttribute(NewFieldNm, "value", STOP_ON_FAILURE): Attribute 'value' of object 'Object Repository/Objects.HighlightElements/input_field_index' is: '1'

2020-06-05 11:56:27 - [MESSAGE][PASSED] - Attribute 'value' of object 'Object Repository/Objects.HighlightElements/input_field_index' is: '1'

2020-06-05 11:56:27 - [TEST_STEP][PASSED] - switch (FieldNm): null

2020-06-05 11:56:27 - [TEST_STEP][PASSED] - Default: null

2020-06-05 11:56:27 - [TEST_STEP][PASSED] - ExpectedDefVal = DefaultValueHM.get(FieldNm): null

2020-06-05 11:56:27 - [TEST_STEP][PASSED] - if (ExpectedDefVal != null): Actual text '1' and expected text '1' are matched  using regular expression

2020-06-05 11:56:27 - [TEST_STEP][PASSED] - verifyMatch(DefVal, ExpectedDefVal, true): Actual text '1' and expected text '1' are matched  using regular expression

2020-06-05 11:56:27 - [MESSAGE][PASSED] - Actual text '1' and expected text '1' are matched  using regular expression

2020-06-05 11:56:27 - [TEST_STEP][PASSED] - break: null

2020-06-05 11:56:27 - [MESSAGE][PASSED] - Call Test Case 'Test Cases/PFI Precision and Scale/PFI Components with Indexing/VerifyDefaultValueIndex' successfully

2020-06-05 11:56:27 - [TEST_STEP][PASSED] - callTestCase(findTestCase("PFI Precision and Scale/PFI Components/NumericTextboxValidationII"), ["nameToBeUsed":"inspWeight", "minLen":5], STOP_ON_FAILURE): Call Test Case 'Test Cases/PFI Precision and Scale/PFI Components/NumericTextboxValidationII' successfully

2020-06-05 11:56:27 - [TEST_CASE][PASSED] - Test Cases/PFI Precision and Scale/PFI Components/NumericTextboxValidationII: Test Cases/PFI Precision and Scale/PFI Components/NumericTextboxValidationII

2020-06-05 11:56:27 - [TEST_STEP][PASSED] - Thread.sleep(1000): null

2020-06-05 11:56:28 - [TEST_STEP][PASSED] - Numeric = "0123456789": null

2020-06-05 11:56:28 - [TEST_STEP][PASSED] - AlphaSpecialChar = z) + "`~!@#$%^&*()=_{}|\][;'":,?><"".join(): null

2020-06-05 11:56:28 - [TEST_STEP][PASSED] - RandomNumeric = RandomStringUtils.random(minLen, Numeric.toCharArray()): null

2020-06-05 11:56:28 - [TEST_STEP][PASSED] - RandomString = RandomStringUtils.random(minLen, AlphaSpecialChar): null

2020-06-05 11:56:28 - [TEST_STEP][PASSED] - regexPat = Pattern.compile("^[0-9]+$"): null

2020-06-05 11:56:28 - [TEST_STEP][PASSED] - NewInputNmField = modifyObjectProperty(findTestObject("Objects.RemarksValidation/input_Remarks"), "name", "equals", nameToBeUsed, true): Modify property of object successfully

2020-06-05 11:56:28 - [MESSAGE][PASSED] - Modify property of object successfully

2020-06-05 11:56:28 - [TEST_STEP][PASSED] - focus(NewInputNmField): Object: 'Object Repository/Objects.RemarksValidation/input_Remarks' is focused

2020-06-05 11:56:28 - [MESSAGE][PASSED] - Object: 'Object Repository/Objects.RemarksValidation/input_Remarks' is focused

2020-06-05 11:56:28 - [TEST_STEP][PASSED] - setText(NewInputNmField, RandomString): Text 'EAIKW' is set on object 'Object Repository/Objects.RemarksValidation/input_Remarks'

2020-06-05 11:56:28 - [MESSAGE][PASSED] - Text 'EAIKW' is set on object 'Object Repository/Objects.RemarksValidation/input_Remarks'

2020-06-05 11:56:28 - [TEST_STEP][PASSED] - GetInputVal = getAttribute(NewInputNmField, "value"): Attribute 'value' of object 'Object Repository/Objects.RemarksValidation/input_Remarks' is: ''

2020-06-05 11:56:28 - [MESSAGE][PASSED] - Attribute 'value' of object 'Object Repository/Objects.RemarksValidation/input_Remarks' is: ''

2020-06-05 11:56:28 - [TEST_STEP][PASSED] - if (GetInputVal.contains("e")): null

2020-06-05 11:56:28 - [TEST_STEP][PASSED] - else: Actual text '' and expected text '' are matched  using regular expression

2020-06-05 11:56:28 - [TEST_STEP][PASSED] - verifyMatch(GetInputVal, "", true): Actual text '' and expected text '' are matched  using regular expression

2020-06-05 11:56:28 - [MESSAGE][PASSED] - Actual text '' and expected text '' are matched  using regular expression

2020-06-05 11:56:28 - [TEST_STEP][PASSED] - setText(NewInputNmField, RandomNumeric): Text '11340' is set on object 'Object Repository/Objects.RemarksValidation/input_Remarks'

2020-06-05 11:56:28 - [MESSAGE][PASSED] - Text '11340' is set on object 'Object Repository/Objects.RemarksValidation/input_Remarks'

2020-06-05 11:56:28 - [TEST_STEP][PASSED] - GetEnteredIntegers = getAttribute(NewInputNmField, "value"): Attribute 'value' of object 'Object Repository/Objects.RemarksValidation/input_Remarks' is: '11340'

2020-06-05 11:56:28 - [MESSAGE][PASSED] - Attribute 'value' of object 'Object Repository/Objects.RemarksValidation/input_Remarks' is: '11340'

2020-06-05 11:56:28 - [TEST_STEP][PASSED] - matchStr = regexPat.matcher(GetEnteredIntegers): null

2020-06-05 11:56:28 - [TEST_STEP][PASSED] - if (matchStr.matches() == true): Accepting Numeric

2020-06-05 11:56:28 - [TEST_STEP][PASSED] - comment("Accepting Numeric"): Accepting Numeric

2020-06-05 11:56:28 - [MESSAGE][INFO] - Accepting Numeric

2020-06-05 11:56:28 - [MESSAGE][PASSED] - Call Test Case 'Test Cases/PFI Precision and Scale/PFI Components/NumericTextboxValidationII' successfully

2020-06-05 11:56:28 - [TEST_STEP][PASSED] - callTestCase(findTestCase("PFI Precision and Scale/PFI Components with Indexing/SpinnerUpIndex"), ["InputName":"inspWeight", "nmIndex":1, "indexUp":2, "itr":10], STOP_ON_FAILURE): Call Test Case 'Test Cases/PFI Precision and Scale/PFI Components with Indexing/SpinnerUpIndex' successfully

2020-06-05 11:56:28 - [TEST_CASE][PASSED] - Test Cases/PFI Precision and Scale/PFI Components with Indexing/SpinnerUpIndex: Test Cases/PFI Precision and Scale/PFI Components with Indexing/SpinnerUpIndex

2020-06-05 11:56:29 - [TEST_STEP][PASSED] - Thread.sleep(1000): null

2020-06-05 11:56:30 - [TEST_STEP][PASSED] - counterUp = modifyObjectProperty(findTestObject("Objects.CounterValidation/counter_icon_up"), "xpath", "equals", "(//*[contains(@class,'x-form-spinner x-form-spinner-default x-form-spinner-up x-form-spinner-up-default ')])[" + indexUp + "]", true): Modify property of object successfully

2020-06-05 11:56:30 - [MESSAGE][PASSED] - Modify property of object successfully

2020-06-05 11:56:30 - [TEST_STEP][PASSED] - modifiedInputNm = modifyObjectProperty(findTestObject("Object Repository/Objects.HighlightElements/input_field_index"), "xpath", "equals", "(//*[contains(@class,'x-form-text') and (@name='" + InputName + "')])[" + nmIndex + "]", true): Modify property of object successfully

2020-06-05 11:56:30 - [MESSAGE][PASSED] - Modify property of object successfully

2020-06-05 11:56:30 - [TEST_STEP][PASSED] - GetCurrentValue = getAttribute(modifiedInputNm, "value"): Attribute 'value' of object 'Object Repository/Objects.HighlightElements/input_field_index' is: '11340'

2020-06-05 11:56:30 - [MESSAGE][PASSED] - Attribute 'value' of object 'Object Repository/Objects.HighlightElements/input_field_index' is: '11340'

2020-06-05 11:56:30 - [TEST_STEP][PASSED] - for ([i = 0, i <= itr, (i++)]): Object: 'Object Repository/Objects.CounterValidation/counter_icon_up' is clicked on

2020-06-05 11:56:30 - [TEST_STEP][PASSED] - click(counterUp): Object: 'Object Repository/Objects.CounterValidation/counter_icon_up' is clicked on

2020-06-05 11:56:30 - [MESSAGE][PASSED] - Object: 'Object Repository/Objects.CounterValidation/counter_icon_up' is clicked on

2020-06-05 11:56:30 - [TEST_STEP][PASSED] - click(counterUp): Object: 'Object Repository/Objects.CounterValidation/counter_icon_up' is clicked on

2020-06-05 11:56:30 - [MESSAGE][PASSED] - Object: 'Object Repository/Objects.CounterValidation/counter_icon_up' is clicked on

2020-06-05 11:56:30 - [TEST_STEP][PASSED] - click(counterUp): Object: 'Object Repository/Objects.CounterValidation/counter_icon_up' is clicked on

2020-06-05 11:56:30 - [MESSAGE][PASSED] - Object: 'Object Repository/Objects.CounterValidation/counter_icon_up' is clicked on

2020-06-05 11:56:30 - [TEST_STEP][PASSED] - click(counterUp): Object: 'Object Repository/Objects.CounterValidation/counter_icon_up' is clicked on

2020-06-05 11:56:30 - [MESSAGE][PASSED] - Object: 'Object Repository/Objects.CounterValidation/counter_icon_up' is clicked on

2020-06-05 11:56:30 - [TEST_STEP][PASSED] - click(counterUp): Object: 'Object Repository/Objects.CounterValidation/counter_icon_up' is clicked on

2020-06-05 11:56:30 - [MESSAGE][PASSED] - Object: 'Object Repository/Objects.CounterValidation/counter_icon_up' is clicked on

2020-06-05 11:56:30 - [TEST_STEP][PASSED] - click(counterUp): Object: 'Object Repository/Objects.CounterValidation/counter_icon_up' is clicked on

2020-06-05 11:56:30 - [MESSAGE][PASSED] - Object: 'Object Repository/Objects.CounterValidation/counter_icon_up' is clicked on

2020-06-05 11:56:30 - [TEST_STEP][PASSED] - click(counterUp): Object: 'Object Repository/Objects.CounterValidation/counter_icon_up' is clicked on

2020-06-05 11:56:30 - [MESSAGE][PASSED] - Object: 'Object Repository/Objects.CounterValidation/counter_icon_up' is clicked on

2020-06-05 11:56:30 - [TEST_STEP][PASSED] - click(counterUp): Object: 'Object Repository/Objects.CounterValidation/counter_icon_up' is clicked on

2020-06-05 11:56:30 - [MESSAGE][PASSED] - Object: 'Object Repository/Objects.CounterValidation/counter_icon_up' is clicked on

2020-06-05 11:56:30 - [TEST_STEP][PASSED] - click(counterUp): Object: 'Object Repository/Objects.CounterValidation/counter_icon_up' is clicked on

2020-06-05 11:56:30 - [MESSAGE][PASSED] - Object: 'Object Repository/Objects.CounterValidation/counter_icon_up' is clicked on

2020-06-05 11:56:30 - [TEST_STEP][PASSED] - click(counterUp): Object: 'Object Repository/Objects.CounterValidation/counter_icon_up' is clicked on

2020-06-05 11:56:30 - [MESSAGE][PASSED] - Object: 'Object Repository/Objects.CounterValidation/counter_icon_up' is clicked on

2020-06-05 11:56:30 - [TEST_STEP][PASSED] - click(counterUp): Object: 'Object Repository/Objects.CounterValidation/counter_icon_up' is clicked on

2020-06-05 11:56:30 - [MESSAGE][PASSED] - Object: 'Object Repository/Objects.CounterValidation/counter_icon_up' is clicked on

2020-06-05 11:56:30 - [TEST_STEP][PASSED] - NewValue = getAttribute(modifiedInputNm, "value"): Attribute 'value' of object 'Object Repository/Objects.HighlightElements/input_field_index' is: '11351'

2020-06-05 11:56:30 - [MESSAGE][PASSED] - Attribute 'value' of object 'Object Repository/Objects.HighlightElements/input_field_index' is: '11351'

2020-06-05 11:56:30 - [TEST_STEP][PASSED] - if (NewValue != findTestData("PrecisionAndScaleDB").getValue("MaxValue", 1)): Actual number '11351' is greater than expected number '11340'

2020-06-05 11:56:30 - [TEST_STEP][PASSED] - verifyGreaterThan(NewValue, GetCurrentValue, STOP_ON_FAILURE): Actual number '11351' is greater than expected number '11340'

2020-06-05 11:56:30 - [MESSAGE][PASSED] - Actual number '11351' is greater than expected number '11340'

2020-06-05 11:56:30 - [MESSAGE][PASSED] - Call Test Case 'Test Cases/PFI Precision and Scale/PFI Components with Indexing/SpinnerUpIndex' successfully

2020-06-05 11:56:30 - [TEST_STEP][PASSED] - callTestCase(findTestCase("PFI Precision and Scale/PFI Components with Indexing/SpinnerDownIndex"), ["InputName":"inspWeight", "nmIndex":1, "indexDown":2, "itr":20], STOP_ON_FAILURE): Call Test Case 'Test Cases/PFI Precision and Scale/PFI Components with Indexing/SpinnerDownIndex' successfully

2020-06-05 11:56:30 - [TEST_CASE][PASSED] - Test Cases/PFI Precision and Scale/PFI Components with Indexing/SpinnerDownIndex: Test Cases/PFI Precision and Scale/PFI Components with Indexing/SpinnerDownIndex

2020-06-05 11:56:30 - [TEST_STEP][PASSED] - Thread.sleep(1000): null

2020-06-05 11:56:31 - [TEST_STEP][PASSED] - counterUp = modifyObjectProperty(findTestObject("Objects.CounterValidation/counter_icon_up"), "xpath", "equals", "(//*[contains(@class,'x-form-spinner x-form-spinner-default x-form-spinner-down x-form-spinner-down-default ')])[" + indexDown + "]", true): Modify property of object successfully

2020-06-05 11:56:32 - [MESSAGE][PASSED] - Modify property of object successfully

2020-06-05 11:56:32 - [TEST_STEP][PASSED] - modifiedInputNm = modifyObjectProperty(findTestObject("Object Repository/Objects.HighlightElements/input_field_index"), "xpath", "equals", "(//*[contains(@class,'x-form-text') and (@name='" + InputName + "')])[" + nmIndex + "]", true): Modify property of object successfully

2020-06-05 11:56:32 - [MESSAGE][PASSED] - Modify property of object successfully

2020-06-05 11:56:32 - [TEST_STEP][PASSED] - GetCurrentValue = getAttribute(modifiedInputNm, "value"): Attribute 'value' of object 'Object Repository/Objects.HighlightElements/input_field_index' is: '11351'

2020-06-05 11:56:32 - [MESSAGE][PASSED] - Attribute 'value' of object 'Object Repository/Objects.HighlightElements/input_field_index' is: '11351'

2020-06-05 11:56:32 - [TEST_STEP][PASSED] - for ([i = 0, i <= itr, (i++)]): Object: 'Object Repository/Objects.CounterValidation/counter_icon_up' is clicked on

2020-06-05 11:56:32 - [TEST_STEP][PASSED] - click(counterUp): Object: 'Object Repository/Objects.CounterValidation/counter_icon_up' is clicked on

2020-06-05 11:56:32 - [MESSAGE][PASSED] - Object: 'Object Repository/Objects.CounterValidation/counter_icon_up' is clicked on

2020-06-05 11:56:32 - [TEST_STEP][PASSED] - click(counterUp): Object: 'Object Repository/Objects.CounterValidation/counter_icon_up' is clicked on

2020-06-05 11:56:32 - [MESSAGE][PASSED] - Object: 'Object Repository/Objects.CounterValidation/counter_icon_up' is clicked on

2020-06-05 11:56:32 - [TEST_STEP][PASSED] - click(counterUp): Object: 'Object Repository/Objects.CounterValidation/counter_icon_up' is clicked on

2020-06-05 11:56:32 - [MESSAGE][PASSED] - Object: 'Object Repository/Objects.CounterValidation/counter_icon_up' is clicked on

2020-06-05 11:56:32 - [TEST_STEP][PASSED] - click(counterUp): Object: 'Object Repository/Objects.CounterValidation/counter_icon_up' is clicked on

2020-06-05 11:56:32 - [MESSAGE][PASSED] - Object: 'Object Repository/Objects.CounterValidation/counter_icon_up' is clicked on

2020-06-05 11:56:32 - [TEST_STEP][PASSED] - click(counterUp): Object: 'Object Repository/Objects.CounterValidation/counter_icon_up' is clicked on

2020-06-05 11:56:32 - [MESSAGE][PASSED] - Object: 'Object Repository/Objects.CounterValidation/counter_icon_up' is clicked on

2020-06-05 11:56:32 - [TEST_STEP][PASSED] - click(counterUp): Object: 'Object Repository/Objects.CounterValidation/counter_icon_up' is clicked on

2020-06-05 11:56:32 - [MESSAGE][PASSED] - Object: 'Object Repository/Objects.CounterValidation/counter_icon_up' is clicked on

2020-06-05 11:56:32 - [TEST_STEP][PASSED] - click(counterUp): Object: 'Object Repository/Objects.CounterValidation/counter_icon_up' is clicked on

2020-06-05 11:56:32 - [MESSAGE][PASSED] - Object: 'Object Repository/Objects.CounterValidation/counter_icon_up' is clicked on

2020-06-05 11:56:32 - [TEST_STEP][PASSED] - click(counterUp): Object: 'Object Repository/Objects.CounterValidation/counter_icon_up' is clicked on

2020-06-05 11:56:32 - [MESSAGE][PASSED] - Object: 'Object Repository/Objects.CounterValidation/counter_icon_up' is clicked on

2020-06-05 11:56:32 - [TEST_STEP][PASSED] - click(counterUp): Object: 'Object Repository/Objects.CounterValidation/counter_icon_up' is clicked on

2020-06-05 11:56:32 - [MESSAGE][PASSED] - Object: 'Object Repository/Objects.CounterValidation/counter_icon_up' is clicked on

2020-06-05 11:56:32 - [TEST_STEP][PASSED] - click(counterUp): Object: 'Object Repository/Objects.CounterValidation/counter_icon_up' is clicked on

2020-06-05 11:56:32 - [MESSAGE][PASSED] - Object: 'Object Repository/Objects.CounterValidation/counter_icon_up' is clicked on

2020-06-05 11:56:32 - [TEST_STEP][PASSED] - click(counterUp): Object: 'Object Repository/Objects.CounterValidation/counter_icon_up' is clicked on

2020-06-05 11:56:32 - [MESSAGE][PASSED] - Object: 'Object Repository/Objects.CounterValidation/counter_icon_up' is clicked on

2020-06-05 11:56:32 - [TEST_STEP][PASSED] - click(counterUp): Object: 'Object Repository/Objects.CounterValidation/counter_icon_up' is clicked on

2020-06-05 11:56:32 - [MESSAGE][PASSED] - Object: 'Object Repository/Objects.CounterValidation/counter_icon_up' is clicked on

2020-06-05 11:56:32 - [TEST_STEP][PASSED] - click(counterUp): Object: 'Object Repository/Objects.CounterValidation/counter_icon_up' is clicked on

2020-06-05 11:56:32 - [MESSAGE][PASSED] - Object: 'Object Repository/Objects.CounterValidation/counter_icon_up' is clicked on

2020-06-05 11:56:32 - [TEST_STEP][PASSED] - click(counterUp): Object: 'Object Repository/Objects.CounterValidation/counter_icon_up' is clicked on

2020-06-05 11:56:32 - [MESSAGE][PASSED] - Object: 'Object Repository/Objects.CounterValidation/counter_icon_up' is clicked on

2020-06-05 11:56:32 - [TEST_STEP][PASSED] - click(counterUp): Object: 'Object Repository/Objects.CounterValidation/counter_icon_up' is clicked on

2020-06-05 11:56:33 - [MESSAGE][PASSED] - Object: 'Object Repository/Objects.CounterValidation/counter_icon_up' is clicked on

2020-06-05 11:56:33 - [TEST_STEP][PASSED] - click(counterUp): Object: 'Object Repository/Objects.CounterValidation/counter_icon_up' is clicked on

2020-06-05 11:56:33 - [MESSAGE][PASSED] - Object: 'Object Repository/Objects.CounterValidation/counter_icon_up' is clicked on

2020-06-05 11:56:33 - [TEST_STEP][PASSED] - click(counterUp): Object: 'Object Repository/Objects.CounterValidation/counter_icon_up' is clicked on

2020-06-05 11:56:33 - [MESSAGE][PASSED] - Object: 'Object Repository/Objects.CounterValidation/counter_icon_up' is clicked on

2020-06-05 11:56:33 - [TEST_STEP][PASSED] - click(counterUp): Object: 'Object Repository/Objects.CounterValidation/counter_icon_up' is clicked on

2020-06-05 11:56:33 - [MESSAGE][PASSED] - Object: 'Object Repository/Objects.CounterValidation/counter_icon_up' is clicked on

2020-06-05 11:56:33 - [TEST_STEP][PASSED] - click(counterUp): Object: 'Object Repository/Objects.CounterValidation/counter_icon_up' is clicked on

2020-06-05 11:56:33 - [MESSAGE][PASSED] - Object: 'Object Repository/Objects.CounterValidation/counter_icon_up' is clicked on

2020-06-05 11:56:33 - [TEST_STEP][PASSED] - click(counterUp): Object: 'Object Repository/Objects.CounterValidation/counter_icon_up' is clicked on

2020-06-05 11:56:33 - [MESSAGE][PASSED] - Object: 'Object Repository/Objects.CounterValidation/counter_icon_up' is clicked on

2020-06-05 11:56:33 - [TEST_STEP][PASSED] - click(counterUp): Object: 'Object Repository/Objects.CounterValidation/counter_icon_up' is clicked on

2020-06-05 11:56:33 - [MESSAGE][PASSED] - Object: 'Object Repository/Objects.CounterValidation/counter_icon_up' is clicked on

2020-06-05 11:56:33 - [TEST_STEP][PASSED] - NewValue = getAttribute(modifiedInputNm, "value"): Attribute 'value' of object 'Object Repository/Objects.HighlightElements/input_field_index' is: '11330'

2020-06-05 11:56:33 - [MESSAGE][PASSED] - Attribute 'value' of object 'Object Repository/Objects.HighlightElements/input_field_index' is: '11330'

2020-06-05 11:56:33 - [TEST_STEP][PASSED] - if (NewValue != 0): Actual number '11330' is less than expected number '11351'

2020-06-05 11:56:33 - [TEST_STEP][PASSED] - verifyLessThan(NewValue, GetCurrentValue, STOP_ON_FAILURE): Actual number '11330' is less than expected number '11351'

2020-06-05 11:56:33 - [MESSAGE][PASSED] - Actual number '11330' is less than expected number '11351'

2020-06-05 11:56:33 - [MESSAGE][PASSED] - Call Test Case 'Test Cases/PFI Precision and Scale/PFI Components with Indexing/SpinnerDownIndex' successfully

2020-06-05 11:56:33 - [TEST_STEP][PASSED] - callTestCase(findTestCase("PFI Precision and Scale/PFI Components with Indexing/MaxNumericValidationIndex"), ["InputName":"inspWeight", "index":1, "numLength":11], STOP_ON_FAILURE): Call Test Case 'Test Cases/PFI Precision and Scale/PFI Components with Indexing/MaxNumericValidationIndex' successfully

2020-06-05 11:56:33 - [TEST_CASE][PASSED] - Test Cases/PFI Precision and Scale/PFI Components with Indexing/MaxNumericValidationIndex: Test Cases/PFI Precision and Scale/PFI Components with Indexing/MaxNumericValidationIndex

2020-06-05 11:56:33 - [TEST_STEP][PASSED] - Thread.sleep(1000): null

2020-06-05 11:56:34 - [TEST_STEP][PASSED] - NumLengthTBL = ["inspWeight":10, "noOfBldg":10, "postalCode":6]: null

2020-06-05 11:56:34 - [TEST_STEP][PASSED] - generateRandomNum = RandomStringUtils.randomNumeric(numLength): null

2020-06-05 11:56:34 - [TEST_STEP][PASSED] - NewInputNmField = modifyObjectProperty(findTestObject("Object Repository/Objects.HighlightElements/input_field_index"), "xpath", "equals", "(//*[contains(@class,'x-form-text') and (@name='" + InputName + "')])[" + index + "]", true): Modify property of object successfully

2020-06-05 11:56:34 - [MESSAGE][PASSED] - Modify property of object successfully

2020-06-05 11:56:34 - [TEST_STEP][PASSED] - setText(NewInputNmField, generateRandomNum): Text '09442518315' is set on object 'Object Repository/Objects.HighlightElements/input_field_index'

2020-06-05 11:56:34 - [MESSAGE][PASSED] - Text '09442518315' is set on object 'Object Repository/Objects.HighlightElements/input_field_index'

2020-06-05 11:56:34 - [TEST_STEP][PASSED] - GetEnteredRandom = getAttribute(NewInputNmField, "value", STOP_ON_FAILURE): Attribute 'value' of object 'Object Repository/Objects.HighlightElements/input_field_index' is: '0944251831'

2020-06-05 11:56:34 - [MESSAGE][PASSED] - Attribute 'value' of object 'Object Repository/Objects.HighlightElements/input_field_index' is: '0944251831'

2020-06-05 11:56:34 - [TEST_STEP][PASSED] - GetLength = GetEnteredRandom.length(): null

2020-06-05 11:56:34 - [TEST_STEP][PASSED] - MaxLength = NumLengthTBL.get(InputName): null

2020-06-05 11:56:34 - [TEST_STEP][PASSED] - verifyEqual(GetLength, MaxLength): Actual object '10' and expected object '10' are equal

2020-06-05 11:56:34 - [MESSAGE][PASSED] - Actual object '10' and expected object '10' are equal

2020-06-05 11:56:34 - [MESSAGE][PASSED] - Call Test Case 'Test Cases/PFI Precision and Scale/PFI Components with Indexing/MaxNumericValidationIndex' successfully

2020-06-05 11:56:34 - [TEST_STEP][FAILED] - callTestCase(findTestCase("PFI Precision and Scale/PFI Components with Indexing/MaxValueErrorIndex"), ["InputName":"inspWeight", "index":1], STOP_ON_FAILURE): Unable to call Test Case 'Test Cases/PFI Precision and Scale/PFI Components with Indexing/MaxValueErrorIndex' (Root cause: com.kms.katalon.core.exception.StepErrorException: Call Test Case 'Test Cases/PFI Precision and Scale/PFI Components with Indexing/MaxValueErrorIndex' failed because of error(s)
	at com.kms.katalon.core.keyword.builtin.CallTestCaseKeyword$_callTestCase_closure1.doCall(CallTestCaseKeyword.groovy:66)
	at com.kms.katalon.core.keyword.builtin.CallTestCaseKeyword$_callTestCase_closure1.call(CallTestCaseKeyword.groovy)
	at com.kms.katalon.core.keyword.internal.KeywordMain.runKeyword(KeywordMain.groovy:68)
	at com.kms.katalon.core.keyword.builtin.CallTestCaseKeyword.callTestCase(CallTestCaseKeyword.groovy:81)
	at com.kms.katalon.core.keyword.builtin.CallTestCaseKeyword.execute(CallTestCaseKeyword.groovy:44)
	at com.kms.katalon.core.keyword.internal.KeywordExecutor.executeKeywordForPlatform(KeywordExecutor.groovy:72)
	at com.kms.katalon.core.keyword.BuiltinKeywords.callTestCase(BuiltinKeywords.groovy:334)
	at PFI.SiteInspectionLHS.run(PFI.SiteInspectionLHS:81)
	at com.kms.katalon.core.main.ScriptEngine.run(ScriptEngine.java:194)
	at com.kms.katalon.core.main.ScriptEngine.runScriptAsRawText(ScriptEngine.java:119)
	at com.kms.katalon.core.main.TestCaseExecutor.runScript(TestCaseExecutor.java:337)
	at com.kms.katalon.core.main.TestCaseExecutor.doExecute(TestCaseExecutor.java:328)
	at com.kms.katalon.core.main.TestCaseExecutor.processExecutionPhase(TestCaseExecutor.java:307)
	at com.kms.katalon.core.main.TestCaseExecutor.accessMainPhase(TestCaseExecutor.java:299)
	at com.kms.katalon.core.main.TestCaseExecutor.execute(TestCaseExecutor.java:233)
	at com.kms.katalon.core.main.TestSuiteExecutor.accessTestCaseMainPhase(TestSuiteExecutor.java:169)
	at com.kms.katalon.core.main.TestSuiteExecutor.accessTestSuiteMainPhase(TestSuiteExecutor.java:142)
	at com.kms.katalon.core.main.TestSuiteExecutor.execute(TestSuiteExecutor.java:91)
	at com.kms.katalon.core.main.TestCaseMain.startTestSuite(TestCaseMain.java:157)
	at com.kms.katalon.core.main.TestCaseMain$startTestSuite$0.call(Unknown Source)
	at TempTestSuite1591328600736.run(TempTestSuite1591328600736.groovy:36)
Caused by: java.lang.StringIndexOutOfBoundsException: String index out of range: -10
	at java_lang_String$substring$5.call(Unknown Source)
	at MaxValueErrorIndex.run(MaxValueErrorIndex:37)
	at com.kms.katalon.core.main.ScriptEngine.run(ScriptEngine.java:194)
	at com.kms.katalon.core.main.ScriptEngine.runScriptAsRawText(ScriptEngine.java:119)
	at com.kms.katalon.core.main.TestCaseExecutor.runScript(TestCaseExecutor.java:337)
	at com.kms.katalon.core.main.TestCaseExecutor.doExecute(TestCaseExecutor.java:328)
	at com.kms.katalon.core.main.TestCaseExecutor.processExecutionPhase(TestCaseExecutor.java:307)
	at com.kms.katalon.core.main.TestCaseExecutor.accessMainPhase(TestCaseExecutor.java:299)
	at com.kms.katalon.core.main.TestCaseExecutor.execute(TestCaseExecutor.java:233)
	at com.kms.katalon.core.main.TestCaseMain.runTestCase(TestCaseMain.java:114)
	at com.kms.katalon.core.keyword.builtin.CallTestCaseKeyword$_callTestCase_closure1.doCall(CallTestCaseKeyword.groovy:59)
	... 20 more
)

2020-06-05 11:56:35 - [TEST_CASE][ERROR] - Test Cases/PFI Precision and Scale/PFI Components with Indexing/MaxValueErrorIndex: Test Cases/PFI Precision and Scale/PFI Components with Indexing/MaxValueErrorIndex FAILED.
Reason:
java.lang.StringIndexOutOfBoundsException: String index out of range: -10
	at java_lang_String$substring$5.call(Unknown Source)
	at MaxValueErrorIndex.run(MaxValueErrorIndex:37)
	at com.kms.katalon.core.main.ScriptEngine.run(ScriptEngine.java:194)
	at com.kms.katalon.core.main.ScriptEngine.runScriptAsRawText(ScriptEngine.java:119)
	at com.kms.katalon.core.main.TestCaseExecutor.runScript(TestCaseExecutor.java:337)
	at com.kms.katalon.core.main.TestCaseExecutor.doExecute(TestCaseExecutor.java:328)
	at com.kms.katalon.core.main.TestCaseExecutor.processExecutionPhase(TestCaseExecutor.java:307)
	at com.kms.katalon.core.main.TestCaseExecutor.accessMainPhase(TestCaseExecutor.java:299)
	at com.kms.katalon.core.main.TestCaseExecutor.execute(TestCaseExecutor.java:233)
	at com.kms.katalon.core.main.TestCaseMain.runTestCase(TestCaseMain.java:114)
	at com.kms.katalon.core.keyword.builtin.CallTestCaseKeyword$_callTestCase_closure1.doCall(CallTestCaseKeyword.groovy:59)
	at com.kms.katalon.core.keyword.builtin.CallTestCaseKeyword$_callTestCase_closure1.call(CallTestCaseKeyword.groovy)
	at com.kms.katalon.core.keyword.internal.KeywordMain.runKeyword(KeywordMain.groovy:68)
	at com.kms.katalon.core.keyword.builtin.CallTestCaseKeyword.callTestCase(CallTestCaseKeyword.groovy:81)
	at com.kms.katalon.core.keyword.builtin.CallTestCaseKeyword.execute(CallTestCaseKeyword.groovy:44)
	at com.kms.katalon.core.keyword.internal.KeywordExecutor.executeKeywordForPlatform(KeywordExecutor.groovy:72)
	at com.kms.katalon.core.keyword.BuiltinKeywords.callTestCase(BuiltinKeywords.groovy:334)
	at PFI.SiteInspectionLHS.run(PFI.SiteInspectionLHS:81)
	at com.kms.katalon.core.main.ScriptEngine.run(ScriptEngine.java:194)
	at com.kms.katalon.core.main.ScriptEngine.runScriptAsRawText(ScriptEngine.java:119)
	at com.kms.katalon.core.main.TestCaseExecutor.runScript(TestCaseExecutor.java:337)
	at com.kms.katalon.core.main.TestCaseExecutor.doExecute(TestCaseExecutor.java:328)
	at com.kms.katalon.core.main.TestCaseExecutor.processExecutionPhase(TestCaseExecutor.java:307)
	at com.kms.katalon.core.main.TestCaseExecutor.accessMainPhase(TestCaseExecutor.java:299)
	at com.kms.katalon.core.main.TestCaseExecutor.execute(TestCaseExecutor.java:233)
	at com.kms.katalon.core.main.TestSuiteExecutor.accessTestCaseMainPhase(TestSuiteExecutor.java:169)
	at com.kms.katalon.core.main.TestSuiteExecutor.accessTestSuiteMainPhase(TestSuiteExecutor.java:142)
	at com.kms.katalon.core.main.TestSuiteExecutor.execute(TestSuiteExecutor.java:91)
	at com.kms.katalon.core.main.TestCaseMain.startTestSuite(TestCaseMain.java:157)
	at com.kms.katalon.core.main.TestCaseMain$startTestSuite$0.call(Unknown Source)
	at TempTestSuite1591328600736.run(TempTestSuite1591328600736.groovy:36)


2020-06-05 11:56:35 - [TEST_STEP][PASSED] - Thread.sleep(1000): null

2020-06-05 11:56:36 - [TEST_STEP][PASSED] - NewInputNmField = modifyObjectProperty(findTestObject("Object Repository/Objects.HighlightElements/input_field_index"), "xpath", "equals", "(//*[contains(@class,'x-form-text') and (@name='" + InputName + "')])[" + index + "]", true): Modify property of object successfully

2020-06-05 11:56:36 - [MESSAGE][PASSED] - Modify property of object successfully

2020-06-05 11:56:36 - [TEST_STEP][PASSED] - GetValue = getAttribute(NewInputNmField, "value"): Attribute 'value' of object 'Object Repository/Objects.HighlightElements/input_field_index' is: '0944251831'

2020-06-05 11:56:36 - [MESSAGE][PASSED] - Attribute 'value' of object 'Object Repository/Objects.HighlightElements/input_field_index' is: '0944251831'

2020-06-05 11:56:36 - [TEST_STEP][PASSED] - if (GetValue < findTestData("PrecisionAndScaleDB").getValue("MaxValue", 1)): null

2020-06-05 11:56:36 - [TEST_STEP][PASSED] - GetToolTipErr = getAttribute(NewInputNmField, "data-errorqtip"): Attribute 'data-errorqtip' of object 'Object Repository/Objects.HighlightElements/input_field_index' is: ''

2020-06-05 11:56:36 - [MESSAGE][PASSED] - Attribute 'data-errorqtip' of object 'Object Repository/Objects.HighlightElements/input_field_index' is: ''

2020-06-05 11:56:36 - [TEST_STEP][PASSED] - TotalLength = GetToolTipErr.length() - 10: null

2020-06-05 11:56:36 - [TEST_STEP][PASSED] - RmvULcd = GetToolTipErr.substring(0, TotalLength): null

2020-06-05 11:56:36 - [MESSAGE][FAILED] - Unable to call Test Case 'Test Cases/PFI Precision and Scale/PFI Components with Indexing/MaxValueErrorIndex' (Root cause: com.kms.katalon.core.exception.StepErrorException: Call Test Case 'Test Cases/PFI Precision and Scale/PFI Components with Indexing/MaxValueErrorIndex' failed because of error(s)
	at com.kms.katalon.core.keyword.builtin.CallTestCaseKeyword$_callTestCase_closure1.doCall(CallTestCaseKeyword.groovy:66)
	at com.kms.katalon.core.keyword.builtin.CallTestCaseKeyword$_callTestCase_closure1.call(CallTestCaseKeyword.groovy)
	at com.kms.katalon.core.keyword.internal.KeywordMain.runKeyword(KeywordMain.groovy:68)
	at com.kms.katalon.core.keyword.builtin.CallTestCaseKeyword.callTestCase(CallTestCaseKeyword.groovy:81)
	at com.kms.katalon.core.keyword.builtin.CallTestCaseKeyword.execute(CallTestCaseKeyword.groovy:44)
	at com.kms.katalon.core.keyword.internal.KeywordExecutor.executeKeywordForPlatform(KeywordExecutor.groovy:72)
	at com.kms.katalon.core.keyword.BuiltinKeywords.callTestCase(BuiltinKeywords.groovy:334)
	at PFI.SiteInspectionLHS.run(PFI.SiteInspectionLHS:81)
	at com.kms.katalon.core.main.ScriptEngine.run(ScriptEngine.java:194)
	at com.kms.katalon.core.main.ScriptEngine.runScriptAsRawText(ScriptEngine.java:119)
	at com.kms.katalon.core.main.TestCaseExecutor.runScript(TestCaseExecutor.java:337)
	at com.kms.katalon.core.main.TestCaseExecutor.doExecute(TestCaseExecutor.java:328)
	at com.kms.katalon.core.main.TestCaseExecutor.processExecutionPhase(TestCaseExecutor.java:307)
	at com.kms.katalon.core.main.TestCaseExecutor.accessMainPhase(TestCaseExecutor.java:299)
	at com.kms.katalon.core.main.TestCaseExecutor.execute(TestCaseExecutor.java:233)
	at com.kms.katalon.core.main.TestSuiteExecutor.accessTestCaseMainPhase(TestSuiteExecutor.java:169)
	at com.kms.katalon.core.main.TestSuiteExecutor.accessTestSuiteMainPhase(TestSuiteExecutor.java:142)
	at com.kms.katalon.core.main.TestSuiteExecutor.execute(TestSuiteExecutor.java:91)
	at com.kms.katalon.core.main.TestCaseMain.startTestSuite(TestCaseMain.java:157)
	at com.kms.katalon.core.main.TestCaseMain$startTestSuite$0.call(Unknown Source)
	at TempTestSuite1591328600736.run(TempTestSuite1591328600736.groovy:36)
Caused by: java.lang.StringIndexOutOfBoundsException: String index out of range: -10
	at java_lang_String$substring$5.call(Unknown Source)
	at MaxValueErrorIndex.run(MaxValueErrorIndex:37)
	at com.kms.katalon.core.main.ScriptEngine.run(ScriptEngine.java:194)
	at com.kms.katalon.core.main.ScriptEngine.runScriptAsRawText(ScriptEngine.java:119)
	at com.kms.katalon.core.main.TestCaseExecutor.runScript(TestCaseExecutor.java:337)
	at com.kms.katalon.core.main.TestCaseExecutor.doExecute(TestCaseExecutor.java:328)
	at com.kms.katalon.core.main.TestCaseExecutor.processExecutionPhase(TestCaseExecutor.java:307)
	at com.kms.katalon.core.main.TestCaseExecutor.accessMainPhase(TestCaseExecutor.java:299)
	at com.kms.katalon.core.main.TestCaseExecutor.execute(TestCaseExecutor.java:233)
	at com.kms.katalon.core.main.TestCaseMain.runTestCase(TestCaseMain.java:114)
	at com.kms.katalon.core.keyword.builtin.CallTestCaseKeyword$_callTestCase_closure1.doCall(CallTestCaseKeyword.groovy:59)
	... 20 more
)]]></system-out>
         <system-err><![CDATA[2020-06-05 11:54:42 - [TEST_CASE][ERROR] - Test Cases/PFI Precision and Scale/PFI Test Cases/Process Case (PFI)/PFI.SiteInspectionLHS: Test Cases/PFI Precision and Scale/PFI Test Cases/Process Case (PFI)/PFI.SiteInspectionLHS FAILED.
Reason:
com.kms.katalon.core.exception.StepErrorException: Call Test Case 'Test Cases/PFI Precision and Scale/PFI Components with Indexing/MaxValueErrorIndex' failed because of error(s)
	at com.kms.katalon.core.keyword.builtin.CallTestCaseKeyword$_callTestCase_closure1.doCall(CallTestCaseKeyword.groovy:66)
	at com.kms.katalon.core.keyword.builtin.CallTestCaseKeyword$_callTestCase_closure1.call(CallTestCaseKeyword.groovy)
	at com.kms.katalon.core.keyword.internal.KeywordMain.runKeyword(KeywordMain.groovy:68)
	at com.kms.katalon.core.keyword.builtin.CallTestCaseKeyword.callTestCase(CallTestCaseKeyword.groovy:81)
	at com.kms.katalon.core.keyword.builtin.CallTestCaseKeyword.execute(CallTestCaseKeyword.groovy:44)
	at com.kms.katalon.core.keyword.internal.KeywordExecutor.executeKeywordForPlatform(KeywordExecutor.groovy:72)
	at com.kms.katalon.core.keyword.BuiltinKeywords.callTestCase(BuiltinKeywords.groovy:334)
	at PFI.SiteInspectionLHS.run(PFI.SiteInspectionLHS:81)
	at com.kms.katalon.core.main.ScriptEngine.run(ScriptEngine.java:194)
	at com.kms.katalon.core.main.ScriptEngine.runScriptAsRawText(ScriptEngine.java:119)
	at com.kms.katalon.core.main.TestCaseExecutor.runScript(TestCaseExecutor.java:337)
	at com.kms.katalon.core.main.TestCaseExecutor.doExecute(TestCaseExecutor.java:328)
	at com.kms.katalon.core.main.TestCaseExecutor.processExecutionPhase(TestCaseExecutor.java:307)
	at com.kms.katalon.core.main.TestCaseExecutor.accessMainPhase(TestCaseExecutor.java:299)
	at com.kms.katalon.core.main.TestCaseExecutor.execute(TestCaseExecutor.java:233)
	at com.kms.katalon.core.main.TestSuiteExecutor.accessTestCaseMainPhase(TestSuiteExecutor.java:169)
	at com.kms.katalon.core.main.TestSuiteExecutor.accessTestSuiteMainPhase(TestSuiteExecutor.java:142)
	at com.kms.katalon.core.main.TestSuiteExecutor.execute(TestSuiteExecutor.java:91)
	at com.kms.katalon.core.main.TestCaseMain.startTestSuite(TestCaseMain.java:157)
	at com.kms.katalon.core.main.TestCaseMain$startTestSuite$0.call(Unknown Source)
	at TempTestSuite1591328600736.run(TempTestSuite1591328600736.groovy:36)
Caused by: java.lang.StringIndexOutOfBoundsException: String index out of range: -10
	at java_lang_String$substring$5.call(Unknown Source)
	at MaxValueErrorIndex.run(MaxValueErrorIndex:37)
	at com.kms.katalon.core.main.ScriptEngine.run(ScriptEngine.java:194)
	at com.kms.katalon.core.main.ScriptEngine.runScriptAsRawText(ScriptEngine.java:119)
	at com.kms.katalon.core.main.TestCaseExecutor.runScript(TestCaseExecutor.java:337)
	at com.kms.katalon.core.main.TestCaseExecutor.doExecute(TestCaseExecutor.java:328)
	at com.kms.katalon.core.main.TestCaseExecutor.processExecutionPhase(TestCaseExecutor.java:307)
	at com.kms.katalon.core.main.TestCaseExecutor.accessMainPhase(TestCaseExecutor.java:299)
	at com.kms.katalon.core.main.TestCaseExecutor.execute(TestCaseExecutor.java:233)
	at com.kms.katalon.core.main.TestCaseMain.runTestCase(TestCaseMain.java:114)
	at com.kms.katalon.core.keyword.builtin.CallTestCaseKeyword$_callTestCase_closure1.doCall(CallTestCaseKeyword.groovy:59)
	... 20 more]]></system-err>
      </testcase>
      <testcase name="Test Cases/PFI Precision and Scale/PFI Test Cases/Process Case (PFI)/PFI.ConvertToAuditInspectionLHS" time="28.514" classname="Test Cases/PFI Precision and Scale/PFI Test Cases/Process Case (PFI)/PFI.ConvertToAuditInspectionLHS" status="PASSED">
         <system-out><![CDATA[2020-06-05 11:56:36 - [TEST_CASE][PASSED] - Test Cases/PFI Precision and Scale/PFI Test Cases/Process Case (PFI)/PFI.ConvertToAuditInspectionLHS: Test Cases/PFI Precision and Scale/PFI Test Cases/Process Case (PFI)/PFI.ConvertToAuditInspectionLHS

2020-06-05 11:56:36 - [TEST_STEP][NOT_RUN] - callTestCase(findTestCase("Components/LoginV2.0"), ["LinkToBeUsed":findTestData("ISPS2 Test Data").getValue("URL", 1), "LoginPageTextToBeVerified":findTestData("ISPS2 Test Data").getValue("HomeBanner", 1), ... ], STOP_ON_FAILURE): NOT_RUN: callTestCase(findTestCase("Components/LoginV2.0"), ["LinkToBeUsed":findTestData("ISPS2 Test Data").getValue("URL", 1), "LoginPageTextToBeVerified":findTestData("ISPS2 Test Data").getValue("HomeBanner", 1), ... ], STOP_ON_FAILURE)

2020-06-05 11:56:36 - [MESSAGE][NOT_RUN] - NOT_RUN: callTestCase(findTestCase("Components/LoginV2.0"), ["LinkToBeUsed":findTestData("ISPS2 Test Data").getValue("URL", 1), "LoginPageTextToBeVerified":findTestData("ISPS2 Test Data").getValue("HomeBanner", 1), ... ], STOP_ON_FAILURE)

2020-06-05 11:56:36 - [TEST_STEP][NOT_RUN] - callTestCase(findTestCase("Components/NavigateToHomepageHeaders"), ["headerText":"My Tasks"], STOP_ON_FAILURE): NOT_RUN: callTestCase(findTestCase("Components/NavigateToHomepageHeaders"), ["headerText":"My Tasks"], STOP_ON_FAILURE)

2020-06-05 11:56:36 - [MESSAGE][NOT_RUN] - NOT_RUN: callTestCase(findTestCase("Components/NavigateToHomepageHeaders"), ["headerText":"My Tasks"], STOP_ON_FAILURE)

2020-06-05 11:56:36 - [TEST_STEP][NOT_RUN] - callTestCase(findTestCase("Components/Filter"), ["taskDescription":"Process Case (SM)"], STOP_ON_FAILURE): NOT_RUN: callTestCase(findTestCase("Components/Filter"), ["taskDescription":"Process Case (SM)"], STOP_ON_FAILURE)

2020-06-05 11:56:36 - [MESSAGE][NOT_RUN] - NOT_RUN: callTestCase(findTestCase("Components/Filter"), ["taskDescription":"Process Case (SM)"], STOP_ON_FAILURE)

2020-06-05 11:56:36 - [TEST_STEP][NOT_RUN] - callTestCase(findTestCase("Components/ClickLinkDependingOnTextAndIndex"), ["linkName":"Process Case (SM)", "index":"10"], STOP_ON_FAILURE): NOT_RUN: callTestCase(findTestCase("Components/ClickLinkDependingOnTextAndIndex"), ["linkName":"Process Case (SM)", "index":"10"], STOP_ON_FAILURE)

2020-06-05 11:56:36 - [MESSAGE][NOT_RUN] - NOT_RUN: callTestCase(findTestCase("Components/ClickLinkDependingOnTextAndIndex"), ["linkName":"Process Case (SM)", "index":"10"], STOP_ON_FAILURE)

2020-06-05 11:56:36 - [TEST_STEP][PASSED] - callTestCase(findTestCase("Components/NavigateToAnyLHS"), ["LHS":"Convert to Audit Inspection"], STOP_ON_FAILURE): Call Test Case 'Test Cases/Components/NavigateToAnyLHS' successfully

2020-06-05 11:56:36 - [TEST_CASE][PASSED] - Test Cases/Components/NavigateToAnyLHS: Test Cases/Components/NavigateToAnyLHS

2020-06-05 11:56:36 - [TEST_STEP][PASSED] - Thread.sleep(1000): null

2020-06-05 11:56:37 - [TEST_STEP][PASSED] - modifiedLHS = modifyObjectProperty(findTestObject("Objects.NavigateToAnyLHS/Page_ISPS2/LHSToModify"), "text", "equals", LHS, true): Modify property of object successfully

2020-06-05 11:56:37 - [MESSAGE][PASSED] - Modify property of object successfully

2020-06-05 11:56:37 - [TEST_STEP][PASSED] - click(modifiedLHS): Object: 'Object Repository/Objects.NavigateToAnyLHS/Page_ISPS2/LHSToModify' is clicked on

2020-06-05 11:56:37 - [MESSAGE][PASSED] - Object: 'Object Repository/Objects.NavigateToAnyLHS/Page_ISPS2/LHSToModify' is clicked on

2020-06-05 11:56:37 - [TEST_STEP][PASSED] - currentLHS = getText(modifiedLHS): Text of object 'Object Repository/Objects.NavigateToAnyLHS/Page_ISPS2/LHSToModify' is: 'Convert to Audit Inspection'

2020-06-05 11:56:37 - [MESSAGE][PASSED] - Text of object 'Object Repository/Objects.NavigateToAnyLHS/Page_ISPS2/LHSToModify' is: 'Convert to Audit Inspection'

2020-06-05 11:56:37 - [TEST_STEP][PASSED] - Thread.sleep(5000): null

2020-06-05 11:56:42 - [MESSAGE][PASSED] - Call Test Case 'Test Cases/Components/NavigateToAnyLHS' successfully

2020-06-05 11:56:42 - [TEST_STEP][PASSED] - callTestCase(findTestCase("Components/VerifyPageSuccessfullyLoadedII"), ["PageNm":"Convert to Audit Inspection"], STOP_ON_FAILURE): Call Test Case 'Test Cases/Components/VerifyPageSuccessfullyLoadedII' successfully

2020-06-05 11:56:42 - [TEST_CASE][PASSED] - Test Cases/Components/VerifyPageSuccessfullyLoadedII: Test Cases/Components/VerifyPageSuccessfullyLoadedII

2020-06-05 11:56:42 - [TEST_STEP][PASSED] - waitForPageLoad(5): Wait for page load successfully

2020-06-05 11:56:42 - [MESSAGE][PASSED] - Wait for page load successfully

2020-06-05 11:56:42 - [TEST_STEP][PASSED] - modifiedInputFld = modifyObjectProperty(findTestObject("Object Repository/Objects.VerifyPageSuccessfullyLoaded/PageHeaderIndex"), "xpath", "equals", "//*[contains(@class,'isps-page-title') and (text()='" + PageNm + "')]", true): Modify property of object successfully

2020-06-05 11:56:42 - [MESSAGE][PASSED] - Modify property of object successfully

2020-06-05 11:56:42 - [TEST_STEP][PASSED] - com.reusableComponents.HighlightElement.run(modifiedInputFld): com.reusableComponents.HighlightElement.run is PASSED

2020-06-05 11:56:43 - [MESSAGE][PASSED] - com.reusableComponents.HighlightElement.run is PASSED

2020-06-05 11:56:43 - [MESSAGE][PASSED] - Call Test Case 'Test Cases/Components/VerifyPageSuccessfullyLoadedII' successfully

2020-06-05 11:56:43 - [TEST_STEP][PASSED] - callTestCase(findTestCase("Components/HighlightLabelFieldXPI"), ["LblName":"Assign Case(s) To", "index":"1"], STOP_ON_FAILURE): Call Test Case 'Test Cases/Components/HighlightLabelFieldXPI' successfully

2020-06-05 11:56:43 - [TEST_CASE][PASSED] - Test Cases/Components/HighlightLabelFieldXPI: Test Cases/Components/HighlightLabelFieldXPI

2020-06-05 11:56:43 - [TEST_STEP][PASSED] - Thread.sleep(1000): null

2020-06-05 11:56:44 - [TEST_STEP][PASSED] - modifiedLblNm = modifyObjectProperty(findTestObject("Object Repository/Objects.HighlightElements/lblField_index"), "xpath", "equals", "(//*[contains(@class, 'x-form-item-label-inner x-form-item-label-inner-default') and contains(., '" + LblName + "')])[" + index + "]", true): Modify property of object successfully

2020-06-05 11:56:44 - [MESSAGE][PASSED] - Modify property of object successfully

2020-06-05 11:56:44 - [TEST_STEP][PASSED] - com.reusableComponents.HighlightElement.run(modifiedLblNm): com.reusableComponents.HighlightElement.run is PASSED

2020-06-05 11:56:45 - [MESSAGE][PASSED] - com.reusableComponents.HighlightElement.run is PASSED

2020-06-05 11:56:45 - [MESSAGE][PASSED] - Call Test Case 'Test Cases/Components/HighlightLabelFieldXPI' successfully

2020-06-05 11:56:45 - [TEST_STEP][PASSED] - callTestCase(findTestCase("Components/HighlightInputFieldXPI"), ["FldNm":"NovaOfficerComboBox", "index":1], STOP_ON_FAILURE): Call Test Case 'Test Cases/Components/HighlightInputFieldXPI' successfully

2020-06-05 11:56:45 - [TEST_CASE][PASSED] - Test Cases/Components/HighlightInputFieldXPI: Test Cases/Components/HighlightInputFieldXPI

2020-06-05 11:56:45 - [TEST_STEP][PASSED] - Thread.sleep(1000): null

2020-06-05 11:56:46 - [TEST_STEP][PASSED] - modifiedInputNm = modifyObjectProperty(findTestObject("Object Repository/Objects.HighlightElements/input_field_index"), "xpath", "equals", "(//*[contains(@name, '" + FldNm + "')])[" + index + "]", true): Modify property of object successfully

2020-06-05 11:56:46 - [MESSAGE][PASSED] - Modify property of object successfully

2020-06-05 11:56:46 - [TEST_STEP][PASSED] - com.reusableComponents.HighlightElement.run(modifiedInputNm): com.reusableComponents.HighlightElement.run is PASSED

2020-06-05 11:56:46 - [MESSAGE][PASSED] - com.reusableComponents.HighlightElement.run is PASSED

2020-06-05 11:56:46 - [MESSAGE][PASSED] - Call Test Case 'Test Cases/Components/HighlightInputFieldXPI' successfully

2020-06-05 11:56:46 - [TEST_STEP][PASSED] - callTestCase(findTestCase("PFI Precision and Scale/PFI Components with Indexing/VerifyDropdownValuesXPI"), ["FldNm":"NovaOfficerComboBox", "index":1, "CallTCName":"PFI Precision and Scale/HashMap Tables/OfficerLists", "cmbNm":"", ... ], STOP_ON_FAILURE): Call Test Case 'Test Cases/PFI Precision and Scale/PFI Components with Indexing/VerifyDropdownValuesXPI' successfully

2020-06-05 11:56:46 - [TEST_CASE][PASSED] - Test Cases/PFI Precision and Scale/PFI Components with Indexing/VerifyDropdownValuesXPI: Test Cases/PFI Precision and Scale/PFI Components with Indexing/VerifyDropdownValuesXPI

2020-06-05 11:56:46 - [TEST_STEP][PASSED] - Thread.sleep(1000): null

2020-06-05 11:56:47 - [TEST_STEP][PASSED] - NewInputNmField = modifyObjectProperty(findTestObject("Object Repository/Objects.HighlightElements/input_field_index"), "xpath", "equals", "(//*[contains(@name, '" + FldNm + "')])[" + index + "]", true): Modify property of object successfully

2020-06-05 11:56:47 - [MESSAGE][PASSED] - Modify property of object successfully

2020-06-05 11:56:47 - [TEST_STEP][PASSED] - comboNm = cmbNm: null

2020-06-05 11:56:47 - [TEST_STEP][PASSED] - focus(NewInputNmField): Object: 'Object Repository/Objects.HighlightElements/input_field_index' is focused

2020-06-05 11:56:47 - [MESSAGE][PASSED] - Object: 'Object Repository/Objects.HighlightElements/input_field_index' is focused

2020-06-05 11:56:47 - [TEST_STEP][PASSED] - setText(NewInputNmField, EnterValue): Text 'none' is set on object 'Object Repository/Objects.HighlightElements/input_field_index'

2020-06-05 11:56:47 - [MESSAGE][PASSED] - Text 'none' is set on object 'Object Repository/Objects.HighlightElements/input_field_index'

2020-06-05 11:56:47 - [TEST_STEP][PASSED] - for ([i = 1, i <= NoOfVal, (i++)]): Keys 'DOWN + ' sent to object: 'Object Repository/Objects.HighlightElements/input_field_index'

2020-06-05 11:56:47 - [TEST_STEP][PASSED] - sendKeys(NewInputNmField, Keys.chord(ARROW_DOWN)): Keys 'DOWN + ' sent to object: 'Object Repository/Objects.HighlightElements/input_field_index'

2020-06-05 11:56:47 - [MESSAGE][PASSED] - Keys 'DOWN + ' sent to object: 'Object Repository/Objects.HighlightElements/input_field_index'

2020-06-05 11:56:47 - [TEST_STEP][PASSED] - delay(DelayTime): Delayed 2 second(s)

2020-06-05 11:56:49 - [MESSAGE][PASSED] - Delayed 2 second(s)

2020-06-05 11:56:49 - [TEST_STEP][PASSED] - sendKeys(NewInputNmField, Keys.chord(ENTER)): Keys 'ENTER + ' sent to object: 'Object Repository/Objects.HighlightElements/input_field_index'

2020-06-05 11:56:49 - [MESSAGE][PASSED] - Keys 'ENTER + ' sent to object: 'Object Repository/Objects.HighlightElements/input_field_index'

2020-06-05 11:56:49 - [TEST_STEP][PASSED] - ComboBoxValue = getAttribute(NewInputNmField, "value"): Attribute 'value' of object 'Object Repository/Objects.HighlightElements/input_field_index' is: 'none'

2020-06-05 11:56:49 - [MESSAGE][PASSED] - Attribute 'value' of object 'Object Repository/Objects.HighlightElements/input_field_index' is: 'none'

2020-06-05 11:56:49 - [TEST_STEP][PASSED] - callTestCase(findTestCase(CallTCName), ["FindValue":ComboBoxValue, "DropdownNm":comboNm], STOP_ON_FAILURE): Call Test Case 'Test Cases/PFI Precision and Scale/HashMap Tables/OfficerLists' successfully

2020-06-05 11:56:50 - [TEST_CASE][PASSED] - Test Cases/PFI Precision and Scale/HashMap Tables/OfficerLists: Test Cases/PFI Precision and Scale/HashMap Tables/OfficerLists

2020-06-05 11:56:50 - [TEST_STEP][PASSED] - Thread.sleep(1000): null

2020-06-05 11:56:51 - [TEST_STEP][PASSED] - OfficerLists = [1:"Aaron Sham Wai Lun (AARON)", 2:"Azidah Bte Akmad (Mdm) (USAABD)", 3:"Chung Fong Nyen (USACFN)", 4:"David Tey Dah Wei (DAHWEI)", ... ]: null

2020-06-05 11:56:51 - [TEST_STEP][PASSED] - ValueFound = OfficerLists.find({ -> ... }): null

2020-06-05 11:56:51 - [MESSAGE][PASSED] - Call Test Case 'Test Cases/PFI Precision and Scale/HashMap Tables/OfficerLists' successfully

2020-06-05 11:56:51 - [TEST_STEP][PASSED] - println(ValueFound): null

2020-06-05 11:56:51 - [TEST_STEP][PASSED] - sendKeys(NewInputNmField, Keys.chord(ARROW_DOWN)): Keys 'DOWN + ' sent to object: 'Object Repository/Objects.HighlightElements/input_field_index'

2020-06-05 11:56:51 - [MESSAGE][PASSED] - Keys 'DOWN + ' sent to object: 'Object Repository/Objects.HighlightElements/input_field_index'

2020-06-05 11:56:51 - [TEST_STEP][PASSED] - sendKeys(NewInputNmField, Keys.chord(ENTER)): Keys 'ENTER + ' sent to object: 'Object Repository/Objects.HighlightElements/input_field_index'

2020-06-05 11:56:51 - [MESSAGE][PASSED] - Keys 'ENTER + ' sent to object: 'Object Repository/Objects.HighlightElements/input_field_index'

2020-06-05 11:56:51 - [MESSAGE][PASSED] - Call Test Case 'Test Cases/PFI Precision and Scale/PFI Components with Indexing/VerifyDropdownValuesXPI' successfully

2020-06-05 11:56:51 - [TEST_STEP][PASSED] - callTestCase(findTestCase("Components/SelectAllThenDeleteXPI"), ["nameToBeUsed":"NovaOfficerComboBox", "index":"1"], STOP_ON_FAILURE): Call Test Case 'Test Cases/Components/SelectAllThenDeleteXPI' successfully

2020-06-05 11:56:51 - [TEST_CASE][PASSED] - Test Cases/Components/SelectAllThenDeleteXPI: Test Cases/Components/SelectAllThenDeleteXPI

2020-06-05 11:56:51 - [TEST_STEP][PASSED] - Thread.sleep(1000): null

2020-06-05 11:56:52 - [TEST_STEP][PASSED] - modifiedObj = modifyObjectProperty(findTestObject("Object Repository/Objects.HighlightElements/input_field_index"), "xpath", "equals", "(//*[contains(@name,'" + nameToBeUsed + "')])[" + index + "]", true): Modify property of object successfully

2020-06-05 11:56:52 - [MESSAGE][PASSED] - Modify property of object successfully

2020-06-05 11:56:52 - [TEST_STEP][PASSED] - focus(modifiedObj): Object: 'Object Repository/Objects.HighlightElements/input_field_index' is focused

2020-06-05 11:56:52 - [MESSAGE][PASSED] - Object: 'Object Repository/Objects.HighlightElements/input_field_index' is focused

2020-06-05 11:56:52 - [TEST_STEP][PASSED] - sendKeys(modifiedObj, Keys.chord(CONTROL, "a")): Keys 'CONTROL + a' sent to object: 'Object Repository/Objects.HighlightElements/input_field_index'

2020-06-05 11:56:52 - [MESSAGE][PASSED] - Keys 'CONTROL + a' sent to object: 'Object Repository/Objects.HighlightElements/input_field_index'

2020-06-05 11:56:52 - [TEST_STEP][PASSED] - sendKeys(modifiedObj, Keys.chord(DELETE)): Keys 'DELETE + ' sent to object: 'Object Repository/Objects.HighlightElements/input_field_index'

2020-06-05 11:56:52 - [MESSAGE][PASSED] - Keys 'DELETE + ' sent to object: 'Object Repository/Objects.HighlightElements/input_field_index'

2020-06-05 11:56:52 - [MESSAGE][PASSED] - Call Test Case 'Test Cases/Components/SelectAllThenDeleteXPI' successfully

2020-06-05 11:56:52 - [TEST_STEP][PASSED] - callTestCase(findTestCase("PFI Precision and Scale/PFI Components with Indexing/VerifyDropdownValuesXPI"), ["FldNm":"NovaOfficerComboBox", "index":1, "CallTCName":"PFI Precision and Scale/HashMap Tables/OfficerLists", "cmbNm":"", ... ], STOP_ON_FAILURE): Call Test Case 'Test Cases/PFI Precision and Scale/PFI Components with Indexing/VerifyDropdownValuesXPI' successfully

2020-06-05 11:56:52 - [TEST_CASE][PASSED] - Test Cases/PFI Precision and Scale/PFI Components with Indexing/VerifyDropdownValuesXPI: Test Cases/PFI Precision and Scale/PFI Components with Indexing/VerifyDropdownValuesXPI

2020-06-05 11:56:52 - [TEST_STEP][PASSED] - Thread.sleep(1000): null

2020-06-05 11:56:53 - [TEST_STEP][PASSED] - NewInputNmField = modifyObjectProperty(findTestObject("Object Repository/Objects.HighlightElements/input_field_index"), "xpath", "equals", "(//*[contains(@name, '" + FldNm + "')])[" + index + "]", true): Modify property of object successfully

2020-06-05 11:56:53 - [MESSAGE][PASSED] - Modify property of object successfully

2020-06-05 11:56:53 - [TEST_STEP][PASSED] - comboNm = cmbNm: null

2020-06-05 11:56:53 - [TEST_STEP][PASSED] - focus(NewInputNmField): Object: 'Object Repository/Objects.HighlightElements/input_field_index' is focused

2020-06-05 11:56:53 - [MESSAGE][PASSED] - Object: 'Object Repository/Objects.HighlightElements/input_field_index' is focused

2020-06-05 11:56:53 - [TEST_STEP][PASSED] - setText(NewInputNmField, EnterValue): Text 'BENGKWEE' is set on object 'Object Repository/Objects.HighlightElements/input_field_index'

2020-06-05 11:56:53 - [MESSAGE][PASSED] - Text 'BENGKWEE' is set on object 'Object Repository/Objects.HighlightElements/input_field_index'

2020-06-05 11:56:53 - [TEST_STEP][PASSED] - for ([i = 1, i <= NoOfVal, (i++)]): Keys 'DOWN + ' sent to object: 'Object Repository/Objects.HighlightElements/input_field_index'

2020-06-05 11:56:53 - [TEST_STEP][PASSED] - sendKeys(NewInputNmField, Keys.chord(ARROW_DOWN)): Keys 'DOWN + ' sent to object: 'Object Repository/Objects.HighlightElements/input_field_index'

2020-06-05 11:56:53 - [MESSAGE][PASSED] - Keys 'DOWN + ' sent to object: 'Object Repository/Objects.HighlightElements/input_field_index'

2020-06-05 11:56:53 - [TEST_STEP][PASSED] - delay(DelayTime): Delayed 2 second(s)

2020-06-05 11:56:55 - [MESSAGE][PASSED] - Delayed 2 second(s)

2020-06-05 11:56:55 - [TEST_STEP][PASSED] - sendKeys(NewInputNmField, Keys.chord(ENTER)): Keys 'ENTER + ' sent to object: 'Object Repository/Objects.HighlightElements/input_field_index'

2020-06-05 11:56:55 - [MESSAGE][PASSED] - Keys 'ENTER + ' sent to object: 'Object Repository/Objects.HighlightElements/input_field_index'

2020-06-05 11:56:55 - [TEST_STEP][PASSED] - ComboBoxValue = getAttribute(NewInputNmField, "value"): Attribute 'value' of object 'Object Repository/Objects.HighlightElements/input_field_index' is: 'Lim Beng Kwee (BENGKWEE)'

2020-06-05 11:56:55 - [MESSAGE][PASSED] - Attribute 'value' of object 'Object Repository/Objects.HighlightElements/input_field_index' is: 'Lim Beng Kwee (BENGKWEE)'

2020-06-05 11:56:55 - [TEST_STEP][PASSED] - callTestCase(findTestCase(CallTCName), ["FindValue":ComboBoxValue, "DropdownNm":comboNm], STOP_ON_FAILURE): Call Test Case 'Test Cases/PFI Precision and Scale/HashMap Tables/OfficerLists' successfully

2020-06-05 11:56:56 - [TEST_CASE][PASSED] - Test Cases/PFI Precision and Scale/HashMap Tables/OfficerLists: Test Cases/PFI Precision and Scale/HashMap Tables/OfficerLists

2020-06-05 11:56:56 - [TEST_STEP][PASSED] - Thread.sleep(1000): null

2020-06-05 11:56:57 - [TEST_STEP][PASSED] - OfficerLists = [1:"Aaron Sham Wai Lun (AARON)", 2:"Azidah Bte Akmad (Mdm) (USAABD)", 3:"Chung Fong Nyen (USACFN)", 4:"David Tey Dah Wei (DAHWEI)", ... ]: null

2020-06-05 11:56:57 - [TEST_STEP][PASSED] - ValueFound = OfficerLists.find({ -> ... }): null

2020-06-05 11:56:57 - [MESSAGE][PASSED] - Call Test Case 'Test Cases/PFI Precision and Scale/HashMap Tables/OfficerLists' successfully

2020-06-05 11:56:57 - [TEST_STEP][PASSED] - println(ValueFound): null

2020-06-05 11:56:57 - [TEST_STEP][PASSED] - sendKeys(NewInputNmField, Keys.chord(ARROW_DOWN)): Keys 'DOWN + ' sent to object: 'Object Repository/Objects.HighlightElements/input_field_index'

2020-06-05 11:56:57 - [MESSAGE][PASSED] - Keys 'DOWN + ' sent to object: 'Object Repository/Objects.HighlightElements/input_field_index'

2020-06-05 11:56:57 - [TEST_STEP][PASSED] - sendKeys(NewInputNmField, Keys.chord(ENTER)): Keys 'ENTER + ' sent to object: 'Object Repository/Objects.HighlightElements/input_field_index'

2020-06-05 11:56:57 - [MESSAGE][PASSED] - Keys 'ENTER + ' sent to object: 'Object Repository/Objects.HighlightElements/input_field_index'

2020-06-05 11:56:57 - [MESSAGE][PASSED] - Call Test Case 'Test Cases/PFI Precision and Scale/PFI Components with Indexing/VerifyDropdownValuesXPI' successfully

2020-06-05 11:56:57 - [TEST_STEP][PASSED] - callTestCase(findTestCase("Components/SelectAllThenDeleteXPI"), ["nameToBeUsed":"NovaOfficerComboBox", "index":"1"], STOP_ON_FAILURE): Call Test Case 'Test Cases/Components/SelectAllThenDeleteXPI' successfully

2020-06-05 11:56:57 - [TEST_CASE][PASSED] - Test Cases/Components/SelectAllThenDeleteXPI: Test Cases/Components/SelectAllThenDeleteXPI

2020-06-05 11:56:57 - [TEST_STEP][PASSED] - Thread.sleep(1000): null

2020-06-05 11:56:58 - [TEST_STEP][PASSED] - modifiedObj = modifyObjectProperty(findTestObject("Object Repository/Objects.HighlightElements/input_field_index"), "xpath", "equals", "(//*[contains(@name,'" + nameToBeUsed + "')])[" + index + "]", true): Modify property of object successfully

2020-06-05 11:56:58 - [MESSAGE][PASSED] - Modify property of object successfully

2020-06-05 11:56:58 - [TEST_STEP][PASSED] - focus(modifiedObj): Object: 'Object Repository/Objects.HighlightElements/input_field_index' is focused

2020-06-05 11:56:58 - [MESSAGE][PASSED] - Object: 'Object Repository/Objects.HighlightElements/input_field_index' is focused

2020-06-05 11:56:58 - [TEST_STEP][PASSED] - sendKeys(modifiedObj, Keys.chord(CONTROL, "a")): Keys 'CONTROL + a' sent to object: 'Object Repository/Objects.HighlightElements/input_field_index'

2020-06-05 11:56:58 - [MESSAGE][PASSED] - Keys 'CONTROL + a' sent to object: 'Object Repository/Objects.HighlightElements/input_field_index'

2020-06-05 11:56:58 - [TEST_STEP][PASSED] - sendKeys(modifiedObj, Keys.chord(DELETE)): Keys 'DELETE + ' sent to object: 'Object Repository/Objects.HighlightElements/input_field_index'

2020-06-05 11:56:58 - [MESSAGE][PASSED] - Keys 'DELETE + ' sent to object: 'Object Repository/Objects.HighlightElements/input_field_index'

2020-06-05 11:56:58 - [MESSAGE][PASSED] - Call Test Case 'Test Cases/Components/SelectAllThenDeleteXPI' successfully

2020-06-05 11:56:58 - [TEST_STEP][PASSED] - callTestCase(findTestCase("PFI Precision and Scale/PFI Components with Indexing/VerifyDropdownValuesXPI"), ["FldNm":"NovaOfficerComboBox", "index":1, "CallTCName":"PFI Precision and Scale/HashMap Tables/OfficerLists", "cmbNm":"", ... ], STOP_ON_FAILURE): Call Test Case 'Test Cases/PFI Precision and Scale/PFI Components with Indexing/VerifyDropdownValuesXPI' successfully

2020-06-05 11:56:58 - [TEST_CASE][PASSED] - Test Cases/PFI Precision and Scale/PFI Components with Indexing/VerifyDropdownValuesXPI: Test Cases/PFI Precision and Scale/PFI Components with Indexing/VerifyDropdownValuesXPI

2020-06-05 11:56:58 - [TEST_STEP][PASSED] - Thread.sleep(1000): null

2020-06-05 11:56:59 - [TEST_STEP][PASSED] - NewInputNmField = modifyObjectProperty(findTestObject("Object Repository/Objects.HighlightElements/input_field_index"), "xpath", "equals", "(//*[contains(@name, '" + FldNm + "')])[" + index + "]", true): Modify property of object successfully

2020-06-05 11:56:59 - [MESSAGE][PASSED] - Modify property of object successfully

2020-06-05 11:56:59 - [TEST_STEP][PASSED] - comboNm = cmbNm: null

2020-06-05 11:56:59 - [TEST_STEP][PASSED] - focus(NewInputNmField): Object: 'Object Repository/Objects.HighlightElements/input_field_index' is focused

2020-06-05 11:56:59 - [MESSAGE][PASSED] - Object: 'Object Repository/Objects.HighlightElements/input_field_index' is focused

2020-06-05 11:56:59 - [TEST_STEP][PASSED] - setText(NewInputNmField, EnterValue): Text 'Aaron Sham Wai Lun' is set on object 'Object Repository/Objects.HighlightElements/input_field_index'

2020-06-05 11:56:59 - [MESSAGE][PASSED] - Text 'Aaron Sham Wai Lun' is set on object 'Object Repository/Objects.HighlightElements/input_field_index'

2020-06-05 11:56:59 - [TEST_STEP][PASSED] - for ([i = 1, i <= NoOfVal, (i++)]): Keys 'DOWN + ' sent to object: 'Object Repository/Objects.HighlightElements/input_field_index'

2020-06-05 11:56:59 - [TEST_STEP][PASSED] - sendKeys(NewInputNmField, Keys.chord(ARROW_DOWN)): Keys 'DOWN + ' sent to object: 'Object Repository/Objects.HighlightElements/input_field_index'

2020-06-05 11:56:59 - [MESSAGE][PASSED] - Keys 'DOWN + ' sent to object: 'Object Repository/Objects.HighlightElements/input_field_index'

2020-06-05 11:56:59 - [TEST_STEP][PASSED] - delay(DelayTime): Delayed 2 second(s)

2020-06-05 11:57:01 - [MESSAGE][PASSED] - Delayed 2 second(s)

2020-06-05 11:57:01 - [TEST_STEP][PASSED] - sendKeys(NewInputNmField, Keys.chord(ENTER)): Keys 'ENTER + ' sent to object: 'Object Repository/Objects.HighlightElements/input_field_index'

2020-06-05 11:57:01 - [MESSAGE][PASSED] - Keys 'ENTER + ' sent to object: 'Object Repository/Objects.HighlightElements/input_field_index'

2020-06-05 11:57:01 - [TEST_STEP][PASSED] - ComboBoxValue = getAttribute(NewInputNmField, "value"): Attribute 'value' of object 'Object Repository/Objects.HighlightElements/input_field_index' is: 'Aaron Sham Wai Lun (AARON)'

2020-06-05 11:57:02 - [MESSAGE][PASSED] - Attribute 'value' of object 'Object Repository/Objects.HighlightElements/input_field_index' is: 'Aaron Sham Wai Lun (AARON)'

2020-06-05 11:57:02 - [TEST_STEP][PASSED] - callTestCase(findTestCase(CallTCName), ["FindValue":ComboBoxValue, "DropdownNm":comboNm], STOP_ON_FAILURE): Call Test Case 'Test Cases/PFI Precision and Scale/HashMap Tables/OfficerLists' successfully

2020-06-05 11:57:02 - [TEST_CASE][PASSED] - Test Cases/PFI Precision and Scale/HashMap Tables/OfficerLists: Test Cases/PFI Precision and Scale/HashMap Tables/OfficerLists

2020-06-05 11:57:02 - [TEST_STEP][PASSED] - Thread.sleep(1000): null

2020-06-05 11:57:03 - [TEST_STEP][PASSED] - OfficerLists = [1:"Aaron Sham Wai Lun (AARON)", 2:"Azidah Bte Akmad (Mdm) (USAABD)", 3:"Chung Fong Nyen (USACFN)", 4:"David Tey Dah Wei (DAHWEI)", ... ]: null

2020-06-05 11:57:03 - [TEST_STEP][PASSED] - ValueFound = OfficerLists.find({ -> ... }): null

2020-06-05 11:57:03 - [MESSAGE][PASSED] - Call Test Case 'Test Cases/PFI Precision and Scale/HashMap Tables/OfficerLists' successfully

2020-06-05 11:57:03 - [TEST_STEP][PASSED] - println(ValueFound): null

2020-06-05 11:57:03 - [TEST_STEP][PASSED] - sendKeys(NewInputNmField, Keys.chord(ARROW_DOWN)): Keys 'DOWN + ' sent to object: 'Object Repository/Objects.HighlightElements/input_field_index'

2020-06-05 11:57:03 - [MESSAGE][PASSED] - Keys 'DOWN + ' sent to object: 'Object Repository/Objects.HighlightElements/input_field_index'

2020-06-05 11:57:03 - [TEST_STEP][PASSED] - sendKeys(NewInputNmField, Keys.chord(ENTER)): Keys 'ENTER + ' sent to object: 'Object Repository/Objects.HighlightElements/input_field_index'

2020-06-05 11:57:03 - [MESSAGE][PASSED] - Keys 'ENTER + ' sent to object: 'Object Repository/Objects.HighlightElements/input_field_index'

2020-06-05 11:57:03 - [MESSAGE][PASSED] - Call Test Case 'Test Cases/PFI Precision and Scale/PFI Components with Indexing/VerifyDropdownValuesXPI' successfully

2020-06-05 11:57:03 - [TEST_STEP][PASSED] - callTestCase(findTestCase("Components/SelectAllThenDeleteXPI"), ["nameToBeUsed":"NovaOfficerComboBox", "index":"1"], STOP_ON_FAILURE): Call Test Case 'Test Cases/Components/SelectAllThenDeleteXPI' successfully

2020-06-05 11:57:03 - [TEST_CASE][PASSED] - Test Cases/Components/SelectAllThenDeleteXPI: Test Cases/Components/SelectAllThenDeleteXPI

2020-06-05 11:57:03 - [TEST_STEP][PASSED] - Thread.sleep(1000): null

2020-06-05 11:57:04 - [TEST_STEP][PASSED] - modifiedObj = modifyObjectProperty(findTestObject("Object Repository/Objects.HighlightElements/input_field_index"), "xpath", "equals", "(//*[contains(@name,'" + nameToBeUsed + "')])[" + index + "]", true): Modify property of object successfully

2020-06-05 11:57:04 - [MESSAGE][PASSED] - Modify property of object successfully

2020-06-05 11:57:04 - [TEST_STEP][PASSED] - focus(modifiedObj): Object: 'Object Repository/Objects.HighlightElements/input_field_index' is focused

2020-06-05 11:57:04 - [MESSAGE][PASSED] - Object: 'Object Repository/Objects.HighlightElements/input_field_index' is focused

2020-06-05 11:57:04 - [TEST_STEP][PASSED] - sendKeys(modifiedObj, Keys.chord(CONTROL, "a")): Keys 'CONTROL + a' sent to object: 'Object Repository/Objects.HighlightElements/input_field_index'

2020-06-05 11:57:04 - [MESSAGE][PASSED] - Keys 'CONTROL + a' sent to object: 'Object Repository/Objects.HighlightElements/input_field_index'

2020-06-05 11:57:04 - [TEST_STEP][PASSED] - sendKeys(modifiedObj, Keys.chord(DELETE)): Keys 'DELETE + ' sent to object: 'Object Repository/Objects.HighlightElements/input_field_index'

2020-06-05 11:57:04 - [MESSAGE][PASSED] - Keys 'DELETE + ' sent to object: 'Object Repository/Objects.HighlightElements/input_field_index'

2020-06-05 11:57:04 - [MESSAGE][PASSED] - Call Test Case 'Test Cases/Components/SelectAllThenDeleteXPI' successfully

2020-06-05 11:57:04 - [TEST_STEP][PASSED] - callTestCase(findTestCase("PFI Precision and Scale/PFI Components with Indexing/RequiredFieldValidationXPI"), ["nameToBeUsed":"NovaOfficerComboBox", "index":1], STOP_ON_FAILURE): Call Test Case 'Test Cases/PFI Precision and Scale/PFI Components with Indexing/RequiredFieldValidationXPI' successfully

2020-06-05 11:57:04 - [TEST_CASE][PASSED] - Test Cases/PFI Precision and Scale/PFI Components with Indexing/RequiredFieldValidationXPI: Test Cases/PFI Precision and Scale/PFI Components with Indexing/RequiredFieldValidationXPI

2020-06-05 11:57:04 - [TEST_STEP][PASSED] - enableSmartWait(): null

2020-06-05 11:57:04 - [TEST_STEP][PASSED] - NewInputNmField = modifyObjectProperty(findTestObject("Objects.HighlightElements/input_field_index"), "xpath", "equals", "(//*[contains(@name,'" + nameToBeUsed + "')])[" + index + "]", true): Modify property of object successfully

2020-06-05 11:57:04 - [MESSAGE][PASSED] - Modify property of object successfully

2020-06-05 11:57:04 - [TEST_STEP][PASSED] - mouseOver(NewInputNmField): Object: 'Object Repository/Objects.HighlightElements/input_field_index' is hovered

2020-06-05 11:57:04 - [MESSAGE][PASSED] - Object: 'Object Repository/Objects.HighlightElements/input_field_index' is hovered

2020-06-05 11:57:04 - [TEST_STEP][PASSED] - getRqErrMsg = getAttribute(NewInputNmField, "data-errorqtip"): Attribute 'data-errorqtip' of object 'Object Repository/Objects.HighlightElements/input_field_index' is: '<ul class="x-list-plain"><li>This field is required</li></ul>'

2020-06-05 11:57:04 - [MESSAGE][PASSED] - Attribute 'data-errorqtip' of object 'Object Repository/Objects.HighlightElements/input_field_index' is: '<ul class="x-list-plain"><li>This field is required</li></ul>'

2020-06-05 11:57:04 - [TEST_STEP][PASSED] - strToolTip = getRqErrMsg.substring(29, 61): null

2020-06-05 11:57:04 - [TEST_STEP][PASSED] - toolTipReqErrMsg = strToolTip.substring(0, 22): null

2020-06-05 11:57:04 - [TEST_STEP][PASSED] - verifyMatch(toolTipReqErrMsg, RqField, true): Actual text 'This field is required' and expected text 'This field is required' are matched  using regular expression

2020-06-05 11:57:04 - [MESSAGE][PASSED] - Actual text 'This field is required' and expected text 'This field is required' are matched  using regular expression

2020-06-05 11:57:04 - [MESSAGE][PASSED] - Call Test Case 'Test Cases/PFI Precision and Scale/PFI Components with Indexing/RequiredFieldValidationXPI' successfully

2020-06-05 11:57:04 - [TEST_STEP][NOT_RUN] - callTestCase(findTestCase("Components/Logout"), ["LogoutPageTextToBeVerified":findTestData("ISPS2 Test Data").getValue("HomeBanner", 1)], STOP_ON_FAILURE): NOT_RUN: callTestCase(findTestCase("Components/Logout"), ["LogoutPageTextToBeVerified":findTestData("ISPS2 Test Data").getValue("HomeBanner", 1)], STOP_ON_FAILURE)

2020-06-05 11:57:04 - [MESSAGE][NOT_RUN] - NOT_RUN: callTestCase(findTestCase("Components/Logout"), ["LogoutPageTextToBeVerified":findTestData("ISPS2 Test Data").getValue("HomeBanner", 1)], STOP_ON_FAILURE)]]></system-out>
         <system-err><![CDATA[]]></system-err>
      </testcase>
      <testcase name="Test Cases/PFI Precision and Scale/PFI Test Cases/Process Case (PFI)/PFI.TriggerPEPresentationLHS" time="68.033" classname="Test Cases/PFI Precision and Scale/PFI Test Cases/Process Case (PFI)/PFI.TriggerPEPresentationLHS" status="PASSED">
         <system-out><![CDATA[2020-06-05 11:57:04 - [TEST_CASE][PASSED] - Test Cases/PFI Precision and Scale/PFI Test Cases/Process Case (PFI)/PFI.TriggerPEPresentationLHS: Test Cases/PFI Precision and Scale/PFI Test Cases/Process Case (PFI)/PFI.TriggerPEPresentationLHS

2020-06-05 11:57:05 - [TEST_STEP][NOT_RUN] - callTestCase(findTestCase("Components/LoginV2.0"), ["LinkToBeUsed":findTestData("Datatable").getValue("URL", 1), "LoginPageTextToBeVerified":findTestData("Datatable").getValue("HomeBanner", 1), ... ], STOP_ON_FAILURE): NOT_RUN: callTestCase(findTestCase("Components/LoginV2.0"), ["LinkToBeUsed":findTestData("Datatable").getValue("URL", 1), "LoginPageTextToBeVerified":findTestData("Datatable").getValue("HomeBanner", 1), ... ], STOP_ON_FAILURE)

2020-06-05 11:57:05 - [MESSAGE][NOT_RUN] - NOT_RUN: callTestCase(findTestCase("Components/LoginV2.0"), ["LinkToBeUsed":findTestData("Datatable").getValue("URL", 1), "LoginPageTextToBeVerified":findTestData("Datatable").getValue("HomeBanner", 1), ... ], STOP_ON_FAILURE)

2020-06-05 11:57:05 - [TEST_STEP][NOT_RUN] - callTestCase(findTestCase("Components/NavigateToHomepageHeaders"), ["headerText":"My Tasks"], STOP_ON_FAILURE): NOT_RUN: callTestCase(findTestCase("Components/NavigateToHomepageHeaders"), ["headerText":"My Tasks"], STOP_ON_FAILURE)

2020-06-05 11:57:05 - [MESSAGE][NOT_RUN] - NOT_RUN: callTestCase(findTestCase("Components/NavigateToHomepageHeaders"), ["headerText":"My Tasks"], STOP_ON_FAILURE)

2020-06-05 11:57:05 - [TEST_STEP][NOT_RUN] - callTestCase(findTestCase("Components/Filter"), ["taskDescription":"Process Case (SM)"], STOP_ON_FAILURE): NOT_RUN: callTestCase(findTestCase("Components/Filter"), ["taskDescription":"Process Case (SM)"], STOP_ON_FAILURE)

2020-06-05 11:57:05 - [MESSAGE][NOT_RUN] - NOT_RUN: callTestCase(findTestCase("Components/Filter"), ["taskDescription":"Process Case (SM)"], STOP_ON_FAILURE)

2020-06-05 11:57:05 - [TEST_STEP][NOT_RUN] - callTestCase(findTestCase("Components/Wait"), ["secondsToWait":5000], STOP_ON_FAILURE): NOT_RUN: callTestCase(findTestCase("Components/Wait"), ["secondsToWait":5000], STOP_ON_FAILURE)

2020-06-05 11:57:05 - [MESSAGE][NOT_RUN] - NOT_RUN: callTestCase(findTestCase("Components/Wait"), ["secondsToWait":5000], STOP_ON_FAILURE)

2020-06-05 11:57:05 - [TEST_STEP][NOT_RUN] - callTestCase(findTestCase("Components/ClickLinkDependingOnTextAndIndex"), ["linkName":"Process Case (SM)", "index":"6"], STOP_ON_FAILURE): NOT_RUN: callTestCase(findTestCase("Components/ClickLinkDependingOnTextAndIndex"), ["linkName":"Process Case (SM)", "index":"6"], STOP_ON_FAILURE)

2020-06-05 11:57:05 - [MESSAGE][NOT_RUN] - NOT_RUN: callTestCase(findTestCase("Components/ClickLinkDependingOnTextAndIndex"), ["linkName":"Process Case (SM)", "index":"6"], STOP_ON_FAILURE)

2020-06-05 11:57:05 - [TEST_STEP][NOT_RUN] - callTestCase(findTestCase("Components/Wait"), ["secondsToWait":5000], STOP_ON_FAILURE): NOT_RUN: callTestCase(findTestCase("Components/Wait"), ["secondsToWait":5000], STOP_ON_FAILURE)

2020-06-05 11:57:05 - [MESSAGE][NOT_RUN] - NOT_RUN: callTestCase(findTestCase("Components/Wait"), ["secondsToWait":5000], STOP_ON_FAILURE)

2020-06-05 11:57:05 - [TEST_STEP][PASSED] - callTestCase(findTestCase("Components/NavigateToAnyLHS"), ["LHS":"Trigger PE Presentation"], STOP_ON_FAILURE): Call Test Case 'Test Cases/Components/NavigateToAnyLHS' successfully

2020-06-05 11:57:05 - [TEST_CASE][PASSED] - Test Cases/Components/NavigateToAnyLHS: Test Cases/Components/NavigateToAnyLHS

2020-06-05 11:57:05 - [TEST_STEP][PASSED] - Thread.sleep(1000): null

2020-06-05 11:57:06 - [TEST_STEP][PASSED] - modifiedLHS = modifyObjectProperty(findTestObject("Objects.NavigateToAnyLHS/Page_ISPS2/LHSToModify"), "text", "equals", LHS, true): Modify property of object successfully

2020-06-05 11:57:06 - [MESSAGE][PASSED] - Modify property of object successfully

2020-06-05 11:57:06 - [TEST_STEP][PASSED] - click(modifiedLHS): Object: 'Object Repository/Objects.NavigateToAnyLHS/Page_ISPS2/LHSToModify' is clicked on

2020-06-05 11:57:06 - [MESSAGE][PASSED] - Object: 'Object Repository/Objects.NavigateToAnyLHS/Page_ISPS2/LHSToModify' is clicked on

2020-06-05 11:57:06 - [TEST_STEP][PASSED] - currentLHS = getText(modifiedLHS): Text of object 'Object Repository/Objects.NavigateToAnyLHS/Page_ISPS2/LHSToModify' is: 'Trigger PE Presentation'

2020-06-05 11:57:06 - [MESSAGE][PASSED] - Text of object 'Object Repository/Objects.NavigateToAnyLHS/Page_ISPS2/LHSToModify' is: 'Trigger PE Presentation'

2020-06-05 11:57:06 - [TEST_STEP][PASSED] - Thread.sleep(5000): null

2020-06-05 11:57:11 - [MESSAGE][PASSED] - Call Test Case 'Test Cases/Components/NavigateToAnyLHS' successfully

2020-06-05 11:57:11 - [TEST_STEP][PASSED] - callTestCase(findTestCase("Components/VerifyPageSuccessfullyLoaded"), ["HeaderName":"Trigger PE Presentation"], STOP_ON_FAILURE): Call Test Case 'Test Cases/Components/VerifyPageSuccessfullyLoaded' successfully

2020-06-05 11:57:11 - [TEST_CASE][PASSED] - Test Cases/Components/VerifyPageSuccessfullyLoaded: Test Cases/Components/VerifyPageSuccessfullyLoaded

2020-06-05 11:57:11 - [TEST_STEP][PASSED] - Thread.sleep(3000): null

2020-06-05 11:57:14 - [TEST_STEP][PASSED] - ModifiedHeaderName = modifyObjectProperty(findTestObject("Objects.VerifyPageSuccessfullyLoaded/PageHeader"), "text", "equals", HeaderName, true): Modify property of object successfully

2020-06-05 11:57:14 - [MESSAGE][PASSED] - Modify property of object successfully

2020-06-05 11:57:14 - [TEST_STEP][PASSED] - verifyElementPresent(ModifiedHeaderName, 30): Object 'Object Repository/Objects.VerifyPageSuccessfullyLoaded/PageHeader' is present

2020-06-05 11:57:14 - [MESSAGE][PASSED] - Object 'Object Repository/Objects.VerifyPageSuccessfullyLoaded/PageHeader' is present

2020-06-05 11:57:14 - [TEST_STEP][PASSED] - com.reusableComponents.HighlightElement.run(ModifiedHeaderName): com.reusableComponents.HighlightElement.run is PASSED

2020-06-05 11:57:14 - [MESSAGE][PASSED] - com.reusableComponents.HighlightElement.run is PASSED

2020-06-05 11:57:14 - [MESSAGE][PASSED] - Call Test Case 'Test Cases/Components/VerifyPageSuccessfullyLoaded' successfully

2020-06-05 11:57:14 - [TEST_STEP][PASSED] - callTestCase(findTestCase("Components/ClickCheckBoxColumnHeader"), ["NextColHeader":"Building Characteristic", "index":1], STOP_ON_FAILURE): Call Test Case 'Test Cases/Components/ClickCheckBoxColumnHeader' successfully

2020-06-05 11:57:14 - [TEST_CASE][PASSED] - Test Cases/Components/ClickCheckBoxColumnHeader: Test Cases/Components/ClickCheckBoxColumnHeader

2020-06-05 11:57:15 - [TEST_STEP][PASSED] - Thread.sleep(1000): null

2020-06-05 11:57:16 - [TEST_STEP][PASSED] - modifiedObject = modifyObjectProperty(findTestObject("Object Repository/Objects.ReusableObject/CheckboxHeader"), "xpath", "equals", "//*[contains(@class, 'x-column-header-text') and text()='" + NextColHeader + "']//preceding::div[" + index + "]", true): Modify property of object successfully

2020-06-05 11:57:16 - [MESSAGE][PASSED] - Modify property of object successfully

2020-06-05 11:57:16 - [TEST_STEP][PASSED] - com.reusableComponents.HighlightElement.run(modifiedObject): com.reusableComponents.HighlightElement.run is PASSED

2020-06-05 11:57:16 - [MESSAGE][PASSED] - com.reusableComponents.HighlightElement.run is PASSED

2020-06-05 11:57:16 - [TEST_STEP][PASSED] - check(modifiedObject): Object 'Object Repository/Objects.ReusableObject/CheckboxHeader' is checked

2020-06-05 11:57:16 - [MESSAGE][PASSED] - Object 'Object Repository/Objects.ReusableObject/CheckboxHeader' is checked

2020-06-05 11:57:16 - [MESSAGE][PASSED] - Call Test Case 'Test Cases/Components/ClickCheckBoxColumnHeader' successfully

2020-06-05 11:57:16 - [TEST_STEP][PASSED] - callTestCase(findTestCase("Components/HighlightInputFieldXPI"), ["FldNm":"submInd_0", "index":1], STOP_ON_FAILURE): Call Test Case 'Test Cases/Components/HighlightInputFieldXPI' successfully

2020-06-05 11:57:16 - [TEST_CASE][PASSED] - Test Cases/Components/HighlightInputFieldXPI: Test Cases/Components/HighlightInputFieldXPI

2020-06-05 11:57:16 - [TEST_STEP][PASSED] - Thread.sleep(1000): null

2020-06-05 11:57:17 - [TEST_STEP][PASSED] - modifiedInputNm = modifyObjectProperty(findTestObject("Object Repository/Objects.HighlightElements/input_field_index"), "xpath", "equals", "(//*[contains(@name, '" + FldNm + "')])[" + index + "]", true): Modify property of object successfully

2020-06-05 11:57:17 - [MESSAGE][PASSED] - Modify property of object successfully

2020-06-05 11:57:17 - [TEST_STEP][PASSED] - com.reusableComponents.HighlightElement.run(modifiedInputNm): com.reusableComponents.HighlightElement.run is PASSED

2020-06-05 11:57:18 - [MESSAGE][PASSED] - com.reusableComponents.HighlightElement.run is PASSED

2020-06-05 11:57:18 - [MESSAGE][PASSED] - Call Test Case 'Test Cases/Components/HighlightInputFieldXPI' successfully

2020-06-05 11:57:18 - [TEST_STEP][PASSED] - callTestCase(findTestCase("PFI Precision and Scale/HashMap Tables/ConstantHashMap"), ["FldNm":"submInd_0", "index":1, "CallTCName":"PFI Precision and Scale/PFI Components/ConstantHashMap", "cmbNm":"PresINd", ... ], STOP_ON_FAILURE): Call Test Case 'Test Cases/PFI Precision and Scale/HashMap Tables/ConstantHashMap' successfully

2020-06-05 11:57:18 - [TEST_CASE][PASSED] - Test Cases/PFI Precision and Scale/HashMap Tables/ConstantHashMap: Test Cases/PFI Precision and Scale/HashMap Tables/ConstantHashMap

2020-06-05 11:57:18 - [TEST_STEP][PASSED] - ConstantTBL = [1:["PeriodType":"Working Day(s)"], 2:["PeriodType":"Calendar Day(s)"], 3:["PeriodType":"Month(s)"], 4:["TypeOfLetter":"T1"], ... ]: null

2020-06-05 11:57:18 - [TEST_STEP][PASSED] - switch (DropdownNm): null

2020-06-05 11:57:18 - [TEST_STEP][PASSED] - Default: null

2020-06-05 11:57:18 - [TEST_STEP][PASSED] - comment("Not found in the List"): Not found in the List

2020-06-05 11:57:18 - [MESSAGE][INFO] - Not found in the List

2020-06-05 11:57:18 - [TEST_STEP][PASSED] - break: null

2020-06-05 11:57:18 - [MESSAGE][PASSED] - Call Test Case 'Test Cases/PFI Precision and Scale/HashMap Tables/ConstantHashMap' successfully

2020-06-05 11:57:18 - [TEST_STEP][PASSED] - callTestCase(findTestCase("Components/SelectAllThenDeleteXPI"), ["nameToBeUsed":"submInd_0", "index":1], STOP_ON_FAILURE): Call Test Case 'Test Cases/Components/SelectAllThenDeleteXPI' successfully

2020-06-05 11:57:18 - [TEST_CASE][PASSED] - Test Cases/Components/SelectAllThenDeleteXPI: Test Cases/Components/SelectAllThenDeleteXPI

2020-06-05 11:57:18 - [TEST_STEP][PASSED] - Thread.sleep(1000): null

2020-06-05 11:57:19 - [TEST_STEP][PASSED] - modifiedObj = modifyObjectProperty(findTestObject("Object Repository/Objects.HighlightElements/input_field_index"), "xpath", "equals", "(//*[contains(@name,'" + nameToBeUsed + "')])[" + index + "]", true): Modify property of object successfully

2020-06-05 11:57:19 - [MESSAGE][PASSED] - Modify property of object successfully

2020-06-05 11:57:19 - [TEST_STEP][PASSED] - focus(modifiedObj): Object: 'Object Repository/Objects.HighlightElements/input_field_index' is focused

2020-06-05 11:57:19 - [MESSAGE][PASSED] - Object: 'Object Repository/Objects.HighlightElements/input_field_index' is focused

2020-06-05 11:57:19 - [TEST_STEP][PASSED] - sendKeys(modifiedObj, Keys.chord(CONTROL, "a")): Keys 'CONTROL + a' sent to object: 'Object Repository/Objects.HighlightElements/input_field_index'

2020-06-05 11:57:19 - [MESSAGE][PASSED] - Keys 'CONTROL + a' sent to object: 'Object Repository/Objects.HighlightElements/input_field_index'

2020-06-05 11:57:19 - [TEST_STEP][PASSED] - sendKeys(modifiedObj, Keys.chord(DELETE)): Keys 'DELETE + ' sent to object: 'Object Repository/Objects.HighlightElements/input_field_index'

2020-06-05 11:57:19 - [MESSAGE][PASSED] - Keys 'DELETE + ' sent to object: 'Object Repository/Objects.HighlightElements/input_field_index'

2020-06-05 11:57:19 - [MESSAGE][PASSED] - Call Test Case 'Test Cases/Components/SelectAllThenDeleteXPI' successfully

2020-06-05 11:57:19 - [TEST_STEP][PASSED] - callTestCase(findTestCase("PFI Precision and Scale/PFI Components with Indexing/RequiredFieldValidationXPI"), ["nameToBeUsed":"submInd_0", "index":1], STOP_ON_FAILURE): Call Test Case 'Test Cases/PFI Precision and Scale/PFI Components with Indexing/RequiredFieldValidationXPI' successfully

2020-06-05 11:57:19 - [TEST_CASE][PASSED] - Test Cases/PFI Precision and Scale/PFI Components with Indexing/RequiredFieldValidationXPI: Test Cases/PFI Precision and Scale/PFI Components with Indexing/RequiredFieldValidationXPI

2020-06-05 11:57:19 - [TEST_STEP][PASSED] - enableSmartWait(): null

2020-06-05 11:57:19 - [TEST_STEP][PASSED] - NewInputNmField = modifyObjectProperty(findTestObject("Objects.HighlightElements/input_field_index"), "xpath", "equals", "(//*[contains(@name,'" + nameToBeUsed + "')])[" + index + "]", true): Modify property of object successfully

2020-06-05 11:57:19 - [MESSAGE][PASSED] - Modify property of object successfully

2020-06-05 11:57:19 - [TEST_STEP][PASSED] - mouseOver(NewInputNmField): Object: 'Object Repository/Objects.HighlightElements/input_field_index' is hovered

2020-06-05 11:57:19 - [MESSAGE][PASSED] - Object: 'Object Repository/Objects.HighlightElements/input_field_index' is hovered

2020-06-05 11:57:19 - [TEST_STEP][PASSED] - getRqErrMsg = getAttribute(NewInputNmField, "data-errorqtip"): Attribute 'data-errorqtip' of object 'Object Repository/Objects.HighlightElements/input_field_index' is: '<ul class="x-list-plain"><li>This field is required</li></ul>'

2020-06-05 11:57:19 - [MESSAGE][PASSED] - Attribute 'data-errorqtip' of object 'Object Repository/Objects.HighlightElements/input_field_index' is: '<ul class="x-list-plain"><li>This field is required</li></ul>'

2020-06-05 11:57:19 - [TEST_STEP][PASSED] - strToolTip = getRqErrMsg.substring(29, 61): null

2020-06-05 11:57:19 - [TEST_STEP][PASSED] - toolTipReqErrMsg = strToolTip.substring(0, 22): null

2020-06-05 11:57:19 - [TEST_STEP][PASSED] - verifyMatch(toolTipReqErrMsg, RqField, true): Actual text 'This field is required' and expected text 'This field is required' are matched  using regular expression

2020-06-05 11:57:19 - [MESSAGE][PASSED] - Actual text 'This field is required' and expected text 'This field is required' are matched  using regular expression

2020-06-05 11:57:19 - [MESSAGE][PASSED] - Call Test Case 'Test Cases/PFI Precision and Scale/PFI Components with Indexing/RequiredFieldValidationXPI' successfully

2020-06-05 11:57:19 - [TEST_STEP][PASSED] - callTestCase(findTestCase("Components/HighlightInputFieldXPI"), ["FldNm":"submInd_1", "index":1], STOP_ON_FAILURE): Call Test Case 'Test Cases/Components/HighlightInputFieldXPI' successfully

2020-06-05 11:57:20 - [TEST_CASE][PASSED] - Test Cases/Components/HighlightInputFieldXPI: Test Cases/Components/HighlightInputFieldXPI

2020-06-05 11:57:20 - [TEST_STEP][PASSED] - Thread.sleep(1000): null

2020-06-05 11:57:21 - [TEST_STEP][PASSED] - modifiedInputNm = modifyObjectProperty(findTestObject("Object Repository/Objects.HighlightElements/input_field_index"), "xpath", "equals", "(//*[contains(@name, '" + FldNm + "')])[" + index + "]", true): Modify property of object successfully

2020-06-05 11:57:21 - [MESSAGE][PASSED] - Modify property of object successfully

2020-06-05 11:57:21 - [TEST_STEP][PASSED] - com.reusableComponents.HighlightElement.run(modifiedInputNm): com.reusableComponents.HighlightElement.run is PASSED

2020-06-05 11:57:21 - [MESSAGE][PASSED] - com.reusableComponents.HighlightElement.run is PASSED

2020-06-05 11:57:21 - [MESSAGE][PASSED] - Call Test Case 'Test Cases/Components/HighlightInputFieldXPI' successfully

2020-06-05 11:57:21 - [TEST_STEP][PASSED] - callTestCase(findTestCase("PFI Precision and Scale/PFI Components with Indexing/VerifyDropdownValuesXPI"), ["FldNm":"submInd_1", "index":1, "CallTCName":"PFI Precision and Scale/HashMap Tables/ConstantHashMap", "cmbNm":"PresINd", ... ], STOP_ON_FAILURE): Call Test Case 'Test Cases/PFI Precision and Scale/PFI Components with Indexing/VerifyDropdownValuesXPI' successfully

2020-06-05 11:57:21 - [TEST_CASE][PASSED] - Test Cases/PFI Precision and Scale/PFI Components with Indexing/VerifyDropdownValuesXPI: Test Cases/PFI Precision and Scale/PFI Components with Indexing/VerifyDropdownValuesXPI

2020-06-05 11:57:21 - [TEST_STEP][PASSED] - Thread.sleep(1000): null

2020-06-05 11:57:22 - [TEST_STEP][PASSED] - NewInputNmField = modifyObjectProperty(findTestObject("Object Repository/Objects.HighlightElements/input_field_index"), "xpath", "equals", "(//*[contains(@name, '" + FldNm + "')])[" + index + "]", true): Modify property of object successfully

2020-06-05 11:57:22 - [MESSAGE][PASSED] - Modify property of object successfully

2020-06-05 11:57:22 - [TEST_STEP][PASSED] - comboNm = cmbNm: null

2020-06-05 11:57:22 - [TEST_STEP][PASSED] - focus(NewInputNmField): Object: 'Object Repository/Objects.HighlightElements/input_field_index' is focused

2020-06-05 11:57:22 - [MESSAGE][PASSED] - Object: 'Object Repository/Objects.HighlightElements/input_field_index' is focused

2020-06-05 11:57:22 - [TEST_STEP][PASSED] - setText(NewInputNmField, EnterValue): Text '' is set on object 'Object Repository/Objects.HighlightElements/input_field_index'

2020-06-05 11:57:22 - [MESSAGE][PASSED] - Text '' is set on object 'Object Repository/Objects.HighlightElements/input_field_index'

2020-06-05 11:57:22 - [TEST_STEP][PASSED] - for ([i = 1, i <= NoOfVal, (i++)]): Keys 'DOWN + ' sent to object: 'Object Repository/Objects.HighlightElements/input_field_index'

2020-06-05 11:57:22 - [TEST_STEP][PASSED] - sendKeys(NewInputNmField, Keys.chord(ARROW_DOWN)): Keys 'DOWN + ' sent to object: 'Object Repository/Objects.HighlightElements/input_field_index'

2020-06-05 11:57:22 - [MESSAGE][PASSED] - Keys 'DOWN + ' sent to object: 'Object Repository/Objects.HighlightElements/input_field_index'

2020-06-05 11:57:22 - [TEST_STEP][PASSED] - delay(DelayTime): Delayed 2 second(s)

2020-06-05 11:57:24 - [MESSAGE][PASSED] - Delayed 2 second(s)

2020-06-05 11:57:24 - [TEST_STEP][PASSED] - sendKeys(NewInputNmField, Keys.chord(ENTER)): Keys 'ENTER + ' sent to object: 'Object Repository/Objects.HighlightElements/input_field_index'

2020-06-05 11:57:24 - [MESSAGE][PASSED] - Keys 'ENTER + ' sent to object: 'Object Repository/Objects.HighlightElements/input_field_index'

2020-06-05 11:57:24 - [TEST_STEP][PASSED] - ComboBoxValue = getAttribute(NewInputNmField, "value"): Attribute 'value' of object 'Object Repository/Objects.HighlightElements/input_field_index' is: 'Yes'

2020-06-05 11:57:24 - [MESSAGE][PASSED] - Attribute 'value' of object 'Object Repository/Objects.HighlightElements/input_field_index' is: 'Yes'

2020-06-05 11:57:24 - [TEST_STEP][PASSED] - callTestCase(findTestCase(CallTCName), ["FindValue":ComboBoxValue, "DropdownNm":comboNm], STOP_ON_FAILURE): Call Test Case 'Test Cases/PFI Precision and Scale/HashMap Tables/ConstantHashMap' successfully

2020-06-05 11:57:24 - [TEST_CASE][PASSED] - Test Cases/PFI Precision and Scale/HashMap Tables/ConstantHashMap: Test Cases/PFI Precision and Scale/HashMap Tables/ConstantHashMap

2020-06-05 11:57:24 - [TEST_STEP][PASSED] - ConstantTBL = [1:["PeriodType":"Working Day(s)"], 2:["PeriodType":"Calendar Day(s)"], 3:["PeriodType":"Month(s)"], 4:["TypeOfLetter":"T1"], ... ]: null

2020-06-05 11:57:24 - [TEST_STEP][PASSED] - switch (DropdownNm): null

2020-06-05 11:57:24 - [TEST_STEP][PASSED] - case "PresINd":: null

2020-06-05 11:57:24 - [TEST_STEP][PASSED] - ValueFound = ConstantTBL.find({ -> ... }): null

2020-06-05 11:57:24 - [TEST_STEP][PASSED] - break: null

2020-06-05 11:57:24 - [MESSAGE][PASSED] - Call Test Case 'Test Cases/PFI Precision and Scale/HashMap Tables/ConstantHashMap' successfully

2020-06-05 11:57:24 - [TEST_STEP][PASSED] - println(ValueFound): null

2020-06-05 11:57:24 - [TEST_STEP][PASSED] - sendKeys(NewInputNmField, Keys.chord(ARROW_DOWN)): Keys 'DOWN + ' sent to object: 'Object Repository/Objects.HighlightElements/input_field_index'

2020-06-05 11:57:24 - [MESSAGE][PASSED] - Keys 'DOWN + ' sent to object: 'Object Repository/Objects.HighlightElements/input_field_index'

2020-06-05 11:57:24 - [TEST_STEP][PASSED] - sendKeys(NewInputNmField, Keys.chord(ARROW_DOWN)): Keys 'DOWN + ' sent to object: 'Object Repository/Objects.HighlightElements/input_field_index'

2020-06-05 11:57:25 - [MESSAGE][PASSED] - Keys 'DOWN + ' sent to object: 'Object Repository/Objects.HighlightElements/input_field_index'

2020-06-05 11:57:25 - [TEST_STEP][PASSED] - delay(DelayTime): Delayed 2 second(s)

2020-06-05 11:57:27 - [MESSAGE][PASSED] - Delayed 2 second(s)

2020-06-05 11:57:27 - [TEST_STEP][PASSED] - sendKeys(NewInputNmField, Keys.chord(ENTER)): Keys 'ENTER + ' sent to object: 'Object Repository/Objects.HighlightElements/input_field_index'

2020-06-05 11:57:27 - [MESSAGE][PASSED] - Keys 'ENTER + ' sent to object: 'Object Repository/Objects.HighlightElements/input_field_index'

2020-06-05 11:57:27 - [TEST_STEP][PASSED] - ComboBoxValue = getAttribute(NewInputNmField, "value"): Attribute 'value' of object 'Object Repository/Objects.HighlightElements/input_field_index' is: 'No'

2020-06-05 11:57:27 - [MESSAGE][PASSED] - Attribute 'value' of object 'Object Repository/Objects.HighlightElements/input_field_index' is: 'No'

2020-06-05 11:57:27 - [TEST_STEP][PASSED] - callTestCase(findTestCase(CallTCName), ["FindValue":ComboBoxValue, "DropdownNm":comboNm], STOP_ON_FAILURE): Call Test Case 'Test Cases/PFI Precision and Scale/HashMap Tables/ConstantHashMap' successfully

2020-06-05 11:57:27 - [TEST_CASE][PASSED] - Test Cases/PFI Precision and Scale/HashMap Tables/ConstantHashMap: Test Cases/PFI Precision and Scale/HashMap Tables/ConstantHashMap

2020-06-05 11:57:27 - [TEST_STEP][PASSED] - ConstantTBL = [1:["PeriodType":"Working Day(s)"], 2:["PeriodType":"Calendar Day(s)"], 3:["PeriodType":"Month(s)"], 4:["TypeOfLetter":"T1"], ... ]: null

2020-06-05 11:57:27 - [TEST_STEP][PASSED] - switch (DropdownNm): null

2020-06-05 11:57:27 - [TEST_STEP][PASSED] - case "PresINd":: null

2020-06-05 11:57:27 - [TEST_STEP][PASSED] - ValueFound = ConstantTBL.find({ -> ... }): null

2020-06-05 11:57:27 - [TEST_STEP][PASSED] - break: null

2020-06-05 11:57:27 - [MESSAGE][PASSED] - Call Test Case 'Test Cases/PFI Precision and Scale/HashMap Tables/ConstantHashMap' successfully

2020-06-05 11:57:27 - [TEST_STEP][PASSED] - println(ValueFound): null

2020-06-05 11:57:27 - [TEST_STEP][PASSED] - sendKeys(NewInputNmField, Keys.chord(ARROW_DOWN)): Keys 'DOWN + ' sent to object: 'Object Repository/Objects.HighlightElements/input_field_index'

2020-06-05 11:57:27 - [MESSAGE][PASSED] - Keys 'DOWN + ' sent to object: 'Object Repository/Objects.HighlightElements/input_field_index'

2020-06-05 11:57:27 - [TEST_STEP][PASSED] - sendKeys(NewInputNmField, Keys.chord(ENTER)): Keys 'ENTER + ' sent to object: 'Object Repository/Objects.HighlightElements/input_field_index'

2020-06-05 11:57:27 - [MESSAGE][PASSED] - Keys 'ENTER + ' sent to object: 'Object Repository/Objects.HighlightElements/input_field_index'

2020-06-05 11:57:27 - [MESSAGE][PASSED] - Call Test Case 'Test Cases/PFI Precision and Scale/PFI Components with Indexing/VerifyDropdownValuesXPI' successfully

2020-06-05 11:57:27 - [TEST_STEP][PASSED] - callTestCase(findTestCase("Components/SelectAllThenDeleteXPI"), ["nameToBeUsed":"submInd_1", "index":"1"], STOP_ON_FAILURE): Call Test Case 'Test Cases/Components/SelectAllThenDeleteXPI' successfully

2020-06-05 11:57:27 - [TEST_CASE][PASSED] - Test Cases/Components/SelectAllThenDeleteXPI: Test Cases/Components/SelectAllThenDeleteXPI

2020-06-05 11:57:27 - [TEST_STEP][PASSED] - Thread.sleep(1000): null

2020-06-05 11:57:28 - [TEST_STEP][PASSED] - modifiedObj = modifyObjectProperty(findTestObject("Object Repository/Objects.HighlightElements/input_field_index"), "xpath", "equals", "(//*[contains(@name,'" + nameToBeUsed + "')])[" + index + "]", true): Modify property of object successfully

2020-06-05 11:57:28 - [MESSAGE][PASSED] - Modify property of object successfully

2020-06-05 11:57:28 - [TEST_STEP][PASSED] - focus(modifiedObj): Object: 'Object Repository/Objects.HighlightElements/input_field_index' is focused

2020-06-05 11:57:28 - [MESSAGE][PASSED] - Object: 'Object Repository/Objects.HighlightElements/input_field_index' is focused

2020-06-05 11:57:28 - [TEST_STEP][PASSED] - sendKeys(modifiedObj, Keys.chord(CONTROL, "a")): Keys 'CONTROL + a' sent to object: 'Object Repository/Objects.HighlightElements/input_field_index'

2020-06-05 11:57:28 - [MESSAGE][PASSED] - Keys 'CONTROL + a' sent to object: 'Object Repository/Objects.HighlightElements/input_field_index'

2020-06-05 11:57:28 - [TEST_STEP][PASSED] - sendKeys(modifiedObj, Keys.chord(DELETE)): Keys 'DELETE + ' sent to object: 'Object Repository/Objects.HighlightElements/input_field_index'

2020-06-05 11:57:28 - [MESSAGE][PASSED] - Keys 'DELETE + ' sent to object: 'Object Repository/Objects.HighlightElements/input_field_index'

2020-06-05 11:57:28 - [MESSAGE][PASSED] - Call Test Case 'Test Cases/Components/SelectAllThenDeleteXPI' successfully

2020-06-05 11:57:28 - [TEST_STEP][PASSED] - callTestCase(findTestCase("PFI Precision and Scale/PFI Components with Indexing/RequiredFieldValidationXPI"), ["nameToBeUsed":"submInd_1", "index":1], STOP_ON_FAILURE): Call Test Case 'Test Cases/PFI Precision and Scale/PFI Components with Indexing/RequiredFieldValidationXPI' successfully

2020-06-05 11:57:28 - [TEST_CASE][PASSED] - Test Cases/PFI Precision and Scale/PFI Components with Indexing/RequiredFieldValidationXPI: Test Cases/PFI Precision and Scale/PFI Components with Indexing/RequiredFieldValidationXPI

2020-06-05 11:57:28 - [TEST_STEP][PASSED] - enableSmartWait(): null

2020-06-05 11:57:28 - [TEST_STEP][PASSED] - NewInputNmField = modifyObjectProperty(findTestObject("Objects.HighlightElements/input_field_index"), "xpath", "equals", "(//*[contains(@name,'" + nameToBeUsed + "')])[" + index + "]", true): Modify property of object successfully

2020-06-05 11:57:28 - [MESSAGE][PASSED] - Modify property of object successfully

2020-06-05 11:57:28 - [TEST_STEP][PASSED] - mouseOver(NewInputNmField): Object: 'Object Repository/Objects.HighlightElements/input_field_index' is hovered

2020-06-05 11:57:28 - [MESSAGE][PASSED] - Object: 'Object Repository/Objects.HighlightElements/input_field_index' is hovered

2020-06-05 11:57:28 - [TEST_STEP][PASSED] - getRqErrMsg = getAttribute(NewInputNmField, "data-errorqtip"): Attribute 'data-errorqtip' of object 'Object Repository/Objects.HighlightElements/input_field_index' is: '<ul class="x-list-plain"><li>This field is required</li></ul>'

2020-06-05 11:57:28 - [MESSAGE][PASSED] - Attribute 'data-errorqtip' of object 'Object Repository/Objects.HighlightElements/input_field_index' is: '<ul class="x-list-plain"><li>This field is required</li></ul>'

2020-06-05 11:57:28 - [TEST_STEP][PASSED] - strToolTip = getRqErrMsg.substring(29, 61): null

2020-06-05 11:57:28 - [TEST_STEP][PASSED] - toolTipReqErrMsg = strToolTip.substring(0, 22): null

2020-06-05 11:57:28 - [TEST_STEP][PASSED] - verifyMatch(toolTipReqErrMsg, RqField, true): Actual text 'This field is required' and expected text 'This field is required' are matched  using regular expression

2020-06-05 11:57:28 - [MESSAGE][PASSED] - Actual text 'This field is required' and expected text 'This field is required' are matched  using regular expression

2020-06-05 11:57:28 - [MESSAGE][PASSED] - Call Test Case 'Test Cases/PFI Precision and Scale/PFI Components with Indexing/RequiredFieldValidationXPI' successfully

2020-06-05 11:57:28 - [TEST_STEP][PASSED] - callTestCase(findTestCase("Components/HighlightInputFieldXPI"), ["FldNm":"submInd_2", "index":1], STOP_ON_FAILURE): Call Test Case 'Test Cases/Components/HighlightInputFieldXPI' successfully

2020-06-05 11:57:28 - [TEST_CASE][PASSED] - Test Cases/Components/HighlightInputFieldXPI: Test Cases/Components/HighlightInputFieldXPI

2020-06-05 11:57:28 - [TEST_STEP][PASSED] - Thread.sleep(1000): null

2020-06-05 11:57:29 - [TEST_STEP][PASSED] - modifiedInputNm = modifyObjectProperty(findTestObject("Object Repository/Objects.HighlightElements/input_field_index"), "xpath", "equals", "(//*[contains(@name, '" + FldNm + "')])[" + index + "]", true): Modify property of object successfully

2020-06-05 11:57:29 - [MESSAGE][PASSED] - Modify property of object successfully

2020-06-05 11:57:29 - [TEST_STEP][PASSED] - com.reusableComponents.HighlightElement.run(modifiedInputNm): com.reusableComponents.HighlightElement.run is PASSED

2020-06-05 11:57:30 - [MESSAGE][PASSED] - com.reusableComponents.HighlightElement.run is PASSED

2020-06-05 11:57:30 - [MESSAGE][PASSED] - Call Test Case 'Test Cases/Components/HighlightInputFieldXPI' successfully

2020-06-05 11:57:30 - [TEST_STEP][PASSED] - callTestCase(findTestCase("PFI Precision and Scale/PFI Components with Indexing/VerifyDropdownValuesXPI"), ["FldNm":"submInd_2", "index":1, "CallTCName":"PFI Precision and Scale/HashMap Tables/ConstantHashMap", "cmbNm":"PresINd", ... ], STOP_ON_FAILURE): Call Test Case 'Test Cases/PFI Precision and Scale/PFI Components with Indexing/VerifyDropdownValuesXPI' successfully

2020-06-05 11:57:30 - [TEST_CASE][PASSED] - Test Cases/PFI Precision and Scale/PFI Components with Indexing/VerifyDropdownValuesXPI: Test Cases/PFI Precision and Scale/PFI Components with Indexing/VerifyDropdownValuesXPI

2020-06-05 11:57:30 - [TEST_STEP][PASSED] - Thread.sleep(1000): null

2020-06-05 11:57:31 - [TEST_STEP][PASSED] - NewInputNmField = modifyObjectProperty(findTestObject("Object Repository/Objects.HighlightElements/input_field_index"), "xpath", "equals", "(//*[contains(@name, '" + FldNm + "')])[" + index + "]", true): Modify property of object successfully

2020-06-05 11:57:31 - [MESSAGE][PASSED] - Modify property of object successfully

2020-06-05 11:57:31 - [TEST_STEP][PASSED] - comboNm = cmbNm: null

2020-06-05 11:57:31 - [TEST_STEP][PASSED] - focus(NewInputNmField): Object: 'Object Repository/Objects.HighlightElements/input_field_index' is focused

2020-06-05 11:57:31 - [MESSAGE][PASSED] - Object: 'Object Repository/Objects.HighlightElements/input_field_index' is focused

2020-06-05 11:57:31 - [TEST_STEP][PASSED] - setText(NewInputNmField, EnterValue): Text '' is set on object 'Object Repository/Objects.HighlightElements/input_field_index'

2020-06-05 11:57:31 - [MESSAGE][PASSED] - Text '' is set on object 'Object Repository/Objects.HighlightElements/input_field_index'

2020-06-05 11:57:31 - [TEST_STEP][PASSED] - for ([i = 1, i <= NoOfVal, (i++)]): Keys 'DOWN + ' sent to object: 'Object Repository/Objects.HighlightElements/input_field_index'

2020-06-05 11:57:31 - [TEST_STEP][PASSED] - sendKeys(NewInputNmField, Keys.chord(ARROW_DOWN)): Keys 'DOWN + ' sent to object: 'Object Repository/Objects.HighlightElements/input_field_index'

2020-06-05 11:57:31 - [MESSAGE][PASSED] - Keys 'DOWN + ' sent to object: 'Object Repository/Objects.HighlightElements/input_field_index'

2020-06-05 11:57:31 - [TEST_STEP][PASSED] - delay(DelayTime): Delayed 2 second(s)

2020-06-05 11:57:33 - [MESSAGE][PASSED] - Delayed 2 second(s)

2020-06-05 11:57:33 - [TEST_STEP][PASSED] - sendKeys(NewInputNmField, Keys.chord(ENTER)): Keys 'ENTER + ' sent to object: 'Object Repository/Objects.HighlightElements/input_field_index'

2020-06-05 11:57:33 - [MESSAGE][PASSED] - Keys 'ENTER + ' sent to object: 'Object Repository/Objects.HighlightElements/input_field_index'

2020-06-05 11:57:33 - [TEST_STEP][PASSED] - ComboBoxValue = getAttribute(NewInputNmField, "value"): Attribute 'value' of object 'Object Repository/Objects.HighlightElements/input_field_index' is: 'Yes'

2020-06-05 11:57:33 - [MESSAGE][PASSED] - Attribute 'value' of object 'Object Repository/Objects.HighlightElements/input_field_index' is: 'Yes'

2020-06-05 11:57:33 - [TEST_STEP][PASSED] - callTestCase(findTestCase(CallTCName), ["FindValue":ComboBoxValue, "DropdownNm":comboNm], STOP_ON_FAILURE): Call Test Case 'Test Cases/PFI Precision and Scale/HashMap Tables/ConstantHashMap' successfully

2020-06-05 11:57:33 - [TEST_CASE][PASSED] - Test Cases/PFI Precision and Scale/HashMap Tables/ConstantHashMap: Test Cases/PFI Precision and Scale/HashMap Tables/ConstantHashMap

2020-06-05 11:57:33 - [TEST_STEP][PASSED] - ConstantTBL = [1:["PeriodType":"Working Day(s)"], 2:["PeriodType":"Calendar Day(s)"], 3:["PeriodType":"Month(s)"], 4:["TypeOfLetter":"T1"], ... ]: null

2020-06-05 11:57:33 - [TEST_STEP][PASSED] - switch (DropdownNm): null

2020-06-05 11:57:33 - [TEST_STEP][PASSED] - case "PresINd":: null

2020-06-05 11:57:33 - [TEST_STEP][PASSED] - ValueFound = ConstantTBL.find({ -> ... }): null

2020-06-05 11:57:33 - [TEST_STEP][PASSED] - break: null

2020-06-05 11:57:33 - [MESSAGE][PASSED] - Call Test Case 'Test Cases/PFI Precision and Scale/HashMap Tables/ConstantHashMap' successfully

2020-06-05 11:57:33 - [TEST_STEP][PASSED] - println(ValueFound): null

2020-06-05 11:57:33 - [TEST_STEP][PASSED] - sendKeys(NewInputNmField, Keys.chord(ARROW_DOWN)): Keys 'DOWN + ' sent to object: 'Object Repository/Objects.HighlightElements/input_field_index'

2020-06-05 11:57:33 - [MESSAGE][PASSED] - Keys 'DOWN + ' sent to object: 'Object Repository/Objects.HighlightElements/input_field_index'

2020-06-05 11:57:33 - [TEST_STEP][PASSED] - sendKeys(NewInputNmField, Keys.chord(ARROW_DOWN)): Keys 'DOWN + ' sent to object: 'Object Repository/Objects.HighlightElements/input_field_index'

2020-06-05 11:57:33 - [MESSAGE][PASSED] - Keys 'DOWN + ' sent to object: 'Object Repository/Objects.HighlightElements/input_field_index'

2020-06-05 11:57:33 - [TEST_STEP][PASSED] - delay(DelayTime): Delayed 2 second(s)

2020-06-05 11:57:35 - [MESSAGE][PASSED] - Delayed 2 second(s)

2020-06-05 11:57:35 - [TEST_STEP][PASSED] - sendKeys(NewInputNmField, Keys.chord(ENTER)): Keys 'ENTER + ' sent to object: 'Object Repository/Objects.HighlightElements/input_field_index'

2020-06-05 11:57:35 - [MESSAGE][PASSED] - Keys 'ENTER + ' sent to object: 'Object Repository/Objects.HighlightElements/input_field_index'

2020-06-05 11:57:35 - [TEST_STEP][PASSED] - ComboBoxValue = getAttribute(NewInputNmField, "value"): Attribute 'value' of object 'Object Repository/Objects.HighlightElements/input_field_index' is: 'No'

2020-06-05 11:57:35 - [MESSAGE][PASSED] - Attribute 'value' of object 'Object Repository/Objects.HighlightElements/input_field_index' is: 'No'

2020-06-05 11:57:35 - [TEST_STEP][PASSED] - callTestCase(findTestCase(CallTCName), ["FindValue":ComboBoxValue, "DropdownNm":comboNm], STOP_ON_FAILURE): Call Test Case 'Test Cases/PFI Precision and Scale/HashMap Tables/ConstantHashMap' successfully

2020-06-05 11:57:35 - [TEST_CASE][PASSED] - Test Cases/PFI Precision and Scale/HashMap Tables/ConstantHashMap: Test Cases/PFI Precision and Scale/HashMap Tables/ConstantHashMap

2020-06-05 11:57:36 - [TEST_STEP][PASSED] - ConstantTBL = [1:["PeriodType":"Working Day(s)"], 2:["PeriodType":"Calendar Day(s)"], 3:["PeriodType":"Month(s)"], 4:["TypeOfLetter":"T1"], ... ]: null

2020-06-05 11:57:36 - [TEST_STEP][PASSED] - switch (DropdownNm): null

2020-06-05 11:57:36 - [TEST_STEP][PASSED] - case "PresINd":: null

2020-06-05 11:57:36 - [TEST_STEP][PASSED] - ValueFound = ConstantTBL.find({ -> ... }): null

2020-06-05 11:57:36 - [TEST_STEP][PASSED] - break: null

2020-06-05 11:57:36 - [MESSAGE][PASSED] - Call Test Case 'Test Cases/PFI Precision and Scale/HashMap Tables/ConstantHashMap' successfully

2020-06-05 11:57:36 - [TEST_STEP][PASSED] - println(ValueFound): null

2020-06-05 11:57:36 - [TEST_STEP][PASSED] - sendKeys(NewInputNmField, Keys.chord(ARROW_DOWN)): Keys 'DOWN + ' sent to object: 'Object Repository/Objects.HighlightElements/input_field_index'

2020-06-05 11:57:36 - [MESSAGE][PASSED] - Keys 'DOWN + ' sent to object: 'Object Repository/Objects.HighlightElements/input_field_index'

2020-06-05 11:57:36 - [TEST_STEP][PASSED] - sendKeys(NewInputNmField, Keys.chord(ENTER)): Keys 'ENTER + ' sent to object: 'Object Repository/Objects.HighlightElements/input_field_index'

2020-06-05 11:57:36 - [MESSAGE][PASSED] - Keys 'ENTER + ' sent to object: 'Object Repository/Objects.HighlightElements/input_field_index'

2020-06-05 11:57:36 - [MESSAGE][PASSED] - Call Test Case 'Test Cases/PFI Precision and Scale/PFI Components with Indexing/VerifyDropdownValuesXPI' successfully

2020-06-05 11:57:36 - [TEST_STEP][PASSED] - callTestCase(findTestCase("Components/SelectAllThenDeleteXPI"), ["nameToBeUsed":"submInd_2", "index":1], STOP_ON_FAILURE): Call Test Case 'Test Cases/Components/SelectAllThenDeleteXPI' successfully

2020-06-05 11:57:36 - [TEST_CASE][PASSED] - Test Cases/Components/SelectAllThenDeleteXPI: Test Cases/Components/SelectAllThenDeleteXPI

2020-06-05 11:57:36 - [TEST_STEP][PASSED] - Thread.sleep(1000): null

2020-06-05 11:57:37 - [TEST_STEP][PASSED] - modifiedObj = modifyObjectProperty(findTestObject("Object Repository/Objects.HighlightElements/input_field_index"), "xpath", "equals", "(//*[contains(@name,'" + nameToBeUsed + "')])[" + index + "]", true): Modify property of object successfully

2020-06-05 11:57:37 - [MESSAGE][PASSED] - Modify property of object successfully

2020-06-05 11:57:37 - [TEST_STEP][PASSED] - focus(modifiedObj): Object: 'Object Repository/Objects.HighlightElements/input_field_index' is focused

2020-06-05 11:57:37 - [MESSAGE][PASSED] - Object: 'Object Repository/Objects.HighlightElements/input_field_index' is focused

2020-06-05 11:57:37 - [TEST_STEP][PASSED] - sendKeys(modifiedObj, Keys.chord(CONTROL, "a")): Keys 'CONTROL + a' sent to object: 'Object Repository/Objects.HighlightElements/input_field_index'

2020-06-05 11:57:37 - [MESSAGE][PASSED] - Keys 'CONTROL + a' sent to object: 'Object Repository/Objects.HighlightElements/input_field_index'

2020-06-05 11:57:37 - [TEST_STEP][PASSED] - sendKeys(modifiedObj, Keys.chord(DELETE)): Keys 'DELETE + ' sent to object: 'Object Repository/Objects.HighlightElements/input_field_index'

2020-06-05 11:57:37 - [MESSAGE][PASSED] - Keys 'DELETE + ' sent to object: 'Object Repository/Objects.HighlightElements/input_field_index'

2020-06-05 11:57:37 - [MESSAGE][PASSED] - Call Test Case 'Test Cases/Components/SelectAllThenDeleteXPI' successfully

2020-06-05 11:57:37 - [TEST_STEP][PASSED] - callTestCase(findTestCase("PFI Precision and Scale/PFI Components with Indexing/RequiredFieldValidationXPI"), ["nameToBeUsed":"submInd_2", "index":1], STOP_ON_FAILURE): Call Test Case 'Test Cases/PFI Precision and Scale/PFI Components with Indexing/RequiredFieldValidationXPI' successfully

2020-06-05 11:57:37 - [TEST_CASE][PASSED] - Test Cases/PFI Precision and Scale/PFI Components with Indexing/RequiredFieldValidationXPI: Test Cases/PFI Precision and Scale/PFI Components with Indexing/RequiredFieldValidationXPI

2020-06-05 11:57:37 - [TEST_STEP][PASSED] - enableSmartWait(): null

2020-06-05 11:57:37 - [TEST_STEP][PASSED] - NewInputNmField = modifyObjectProperty(findTestObject("Objects.HighlightElements/input_field_index"), "xpath", "equals", "(//*[contains(@name,'" + nameToBeUsed + "')])[" + index + "]", true): Modify property of object successfully

2020-06-05 11:57:37 - [MESSAGE][PASSED] - Modify property of object successfully

2020-06-05 11:57:37 - [TEST_STEP][PASSED] - mouseOver(NewInputNmField): Object: 'Object Repository/Objects.HighlightElements/input_field_index' is hovered

2020-06-05 11:57:37 - [MESSAGE][PASSED] - Object: 'Object Repository/Objects.HighlightElements/input_field_index' is hovered

2020-06-05 11:57:37 - [TEST_STEP][PASSED] - getRqErrMsg = getAttribute(NewInputNmField, "data-errorqtip"): Attribute 'data-errorqtip' of object 'Object Repository/Objects.HighlightElements/input_field_index' is: '<ul class="x-list-plain"><li>This field is required</li></ul>'

2020-06-05 11:57:37 - [MESSAGE][PASSED] - Attribute 'data-errorqtip' of object 'Object Repository/Objects.HighlightElements/input_field_index' is: '<ul class="x-list-plain"><li>This field is required</li></ul>'

2020-06-05 11:57:37 - [TEST_STEP][PASSED] - strToolTip = getRqErrMsg.substring(29, 61): null

2020-06-05 11:57:37 - [TEST_STEP][PASSED] - toolTipReqErrMsg = strToolTip.substring(0, 22): null

2020-06-05 11:57:37 - [TEST_STEP][PASSED] - verifyMatch(toolTipReqErrMsg, RqField, true): Actual text 'This field is required' and expected text 'This field is required' are matched  using regular expression

2020-06-05 11:57:37 - [MESSAGE][PASSED] - Actual text 'This field is required' and expected text 'This field is required' are matched  using regular expression

2020-06-05 11:57:37 - [MESSAGE][PASSED] - Call Test Case 'Test Cases/PFI Precision and Scale/PFI Components with Indexing/RequiredFieldValidationXPI' successfully

2020-06-05 11:57:37 - [TEST_STEP][PASSED] - callTestCase(findTestCase("Components/HighlightInputFieldXPI"), ["FldNm":"submInd_3", "index":1], STOP_ON_FAILURE): Call Test Case 'Test Cases/Components/HighlightInputFieldXPI' successfully

2020-06-05 11:57:37 - [TEST_CASE][PASSED] - Test Cases/Components/HighlightInputFieldXPI: Test Cases/Components/HighlightInputFieldXPI

2020-06-05 11:57:37 - [TEST_STEP][PASSED] - Thread.sleep(1000): null

2020-06-05 11:57:38 - [TEST_STEP][PASSED] - modifiedInputNm = modifyObjectProperty(findTestObject("Object Repository/Objects.HighlightElements/input_field_index"), "xpath", "equals", "(//*[contains(@name, '" + FldNm + "')])[" + index + "]", true): Modify property of object successfully

2020-06-05 11:57:38 - [MESSAGE][PASSED] - Modify property of object successfully

2020-06-05 11:57:38 - [TEST_STEP][PASSED] - com.reusableComponents.HighlightElement.run(modifiedInputNm): com.reusableComponents.HighlightElement.run is PASSED

2020-06-05 11:57:39 - [MESSAGE][PASSED] - com.reusableComponents.HighlightElement.run is PASSED

2020-06-05 11:57:39 - [MESSAGE][PASSED] - Call Test Case 'Test Cases/Components/HighlightInputFieldXPI' successfully

2020-06-05 11:57:39 - [TEST_STEP][PASSED] - callTestCase(findTestCase("PFI Precision and Scale/PFI Components with Indexing/VerifyDropdownValuesXPI"), ["FldNm":"submInd_3", "index":1, "CallTCName":"PFI Precision and Scale/HashMap Tables/ConstantHashMap", "cmbNm":"PresINd", ... ], STOP_ON_FAILURE): Call Test Case 'Test Cases/PFI Precision and Scale/PFI Components with Indexing/VerifyDropdownValuesXPI' successfully

2020-06-05 11:57:39 - [TEST_CASE][PASSED] - Test Cases/PFI Precision and Scale/PFI Components with Indexing/VerifyDropdownValuesXPI: Test Cases/PFI Precision and Scale/PFI Components with Indexing/VerifyDropdownValuesXPI

2020-06-05 11:57:39 - [TEST_STEP][PASSED] - Thread.sleep(1000): null

2020-06-05 11:57:40 - [TEST_STEP][PASSED] - NewInputNmField = modifyObjectProperty(findTestObject("Object Repository/Objects.HighlightElements/input_field_index"), "xpath", "equals", "(//*[contains(@name, '" + FldNm + "')])[" + index + "]", true): Modify property of object successfully

2020-06-05 11:57:40 - [MESSAGE][PASSED] - Modify property of object successfully

2020-06-05 11:57:40 - [TEST_STEP][PASSED] - comboNm = cmbNm: null

2020-06-05 11:57:40 - [TEST_STEP][PASSED] - focus(NewInputNmField): Object: 'Object Repository/Objects.HighlightElements/input_field_index' is focused

2020-06-05 11:57:40 - [MESSAGE][PASSED] - Object: 'Object Repository/Objects.HighlightElements/input_field_index' is focused

2020-06-05 11:57:40 - [TEST_STEP][PASSED] - setText(NewInputNmField, EnterValue): Text '' is set on object 'Object Repository/Objects.HighlightElements/input_field_index'

2020-06-05 11:57:40 - [MESSAGE][PASSED] - Text '' is set on object 'Object Repository/Objects.HighlightElements/input_field_index'

2020-06-05 11:57:40 - [TEST_STEP][PASSED] - for ([i = 1, i <= NoOfVal, (i++)]): Keys 'DOWN + ' sent to object: 'Object Repository/Objects.HighlightElements/input_field_index'

2020-06-05 11:57:40 - [TEST_STEP][PASSED] - sendKeys(NewInputNmField, Keys.chord(ARROW_DOWN)): Keys 'DOWN + ' sent to object: 'Object Repository/Objects.HighlightElements/input_field_index'

2020-06-05 11:57:40 - [MESSAGE][PASSED] - Keys 'DOWN + ' sent to object: 'Object Repository/Objects.HighlightElements/input_field_index'

2020-06-05 11:57:40 - [TEST_STEP][PASSED] - delay(DelayTime): Delayed 2 second(s)

2020-06-05 11:57:42 - [MESSAGE][PASSED] - Delayed 2 second(s)

2020-06-05 11:57:42 - [TEST_STEP][PASSED] - sendKeys(NewInputNmField, Keys.chord(ENTER)): Keys 'ENTER + ' sent to object: 'Object Repository/Objects.HighlightElements/input_field_index'

2020-06-05 11:57:42 - [MESSAGE][PASSED] - Keys 'ENTER + ' sent to object: 'Object Repository/Objects.HighlightElements/input_field_index'

2020-06-05 11:57:42 - [TEST_STEP][PASSED] - ComboBoxValue = getAttribute(NewInputNmField, "value"): Attribute 'value' of object 'Object Repository/Objects.HighlightElements/input_field_index' is: 'Yes'

2020-06-05 11:57:42 - [MESSAGE][PASSED] - Attribute 'value' of object 'Object Repository/Objects.HighlightElements/input_field_index' is: 'Yes'

2020-06-05 11:57:42 - [TEST_STEP][PASSED] - callTestCase(findTestCase(CallTCName), ["FindValue":ComboBoxValue, "DropdownNm":comboNm], STOP_ON_FAILURE): Call Test Case 'Test Cases/PFI Precision and Scale/HashMap Tables/ConstantHashMap' successfully

2020-06-05 11:57:42 - [TEST_CASE][PASSED] - Test Cases/PFI Precision and Scale/HashMap Tables/ConstantHashMap: Test Cases/PFI Precision and Scale/HashMap Tables/ConstantHashMap

2020-06-05 11:57:42 - [TEST_STEP][PASSED] - ConstantTBL = [1:["PeriodType":"Working Day(s)"], 2:["PeriodType":"Calendar Day(s)"], 3:["PeriodType":"Month(s)"], 4:["TypeOfLetter":"T1"], ... ]: null

2020-06-05 11:57:42 - [TEST_STEP][PASSED] - switch (DropdownNm): null

2020-06-05 11:57:42 - [TEST_STEP][PASSED] - case "PresINd":: null

2020-06-05 11:57:42 - [TEST_STEP][PASSED] - ValueFound = ConstantTBL.find({ -> ... }): null

2020-06-05 11:57:42 - [TEST_STEP][PASSED] - break: null

2020-06-05 11:57:42 - [MESSAGE][PASSED] - Call Test Case 'Test Cases/PFI Precision and Scale/HashMap Tables/ConstantHashMap' successfully

2020-06-05 11:57:42 - [TEST_STEP][PASSED] - println(ValueFound): null

2020-06-05 11:57:42 - [TEST_STEP][PASSED] - sendKeys(NewInputNmField, Keys.chord(ARROW_DOWN)): Keys 'DOWN + ' sent to object: 'Object Repository/Objects.HighlightElements/input_field_index'

2020-06-05 11:57:42 - [MESSAGE][PASSED] - Keys 'DOWN + ' sent to object: 'Object Repository/Objects.HighlightElements/input_field_index'

2020-06-05 11:57:42 - [TEST_STEP][PASSED] - sendKeys(NewInputNmField, Keys.chord(ARROW_DOWN)): Keys 'DOWN + ' sent to object: 'Object Repository/Objects.HighlightElements/input_field_index'

2020-06-05 11:57:42 - [MESSAGE][PASSED] - Keys 'DOWN + ' sent to object: 'Object Repository/Objects.HighlightElements/input_field_index'

2020-06-05 11:57:42 - [TEST_STEP][PASSED] - delay(DelayTime): Delayed 2 second(s)

2020-06-05 11:57:44 - [MESSAGE][PASSED] - Delayed 2 second(s)

2020-06-05 11:57:44 - [TEST_STEP][PASSED] - sendKeys(NewInputNmField, Keys.chord(ENTER)): Keys 'ENTER + ' sent to object: 'Object Repository/Objects.HighlightElements/input_field_index'

2020-06-05 11:57:44 - [MESSAGE][PASSED] - Keys 'ENTER + ' sent to object: 'Object Repository/Objects.HighlightElements/input_field_index'

2020-06-05 11:57:44 - [TEST_STEP][PASSED] - ComboBoxValue = getAttribute(NewInputNmField, "value"): Attribute 'value' of object 'Object Repository/Objects.HighlightElements/input_field_index' is: 'No'

2020-06-05 11:57:44 - [MESSAGE][PASSED] - Attribute 'value' of object 'Object Repository/Objects.HighlightElements/input_field_index' is: 'No'

2020-06-05 11:57:44 - [TEST_STEP][PASSED] - callTestCase(findTestCase(CallTCName), ["FindValue":ComboBoxValue, "DropdownNm":comboNm], STOP_ON_FAILURE): Call Test Case 'Test Cases/PFI Precision and Scale/HashMap Tables/ConstantHashMap' successfully

2020-06-05 11:57:44 - [TEST_CASE][PASSED] - Test Cases/PFI Precision and Scale/HashMap Tables/ConstantHashMap: Test Cases/PFI Precision and Scale/HashMap Tables/ConstantHashMap

2020-06-05 11:57:44 - [TEST_STEP][PASSED] - ConstantTBL = [1:["PeriodType":"Working Day(s)"], 2:["PeriodType":"Calendar Day(s)"], 3:["PeriodType":"Month(s)"], 4:["TypeOfLetter":"T1"], ... ]: null

2020-06-05 11:57:44 - [TEST_STEP][PASSED] - switch (DropdownNm): null

2020-06-05 11:57:44 - [TEST_STEP][PASSED] - case "PresINd":: null

2020-06-05 11:57:44 - [TEST_STEP][PASSED] - ValueFound = ConstantTBL.find({ -> ... }): null

2020-06-05 11:57:44 - [TEST_STEP][PASSED] - break: null

2020-06-05 11:57:44 - [MESSAGE][PASSED] - Call Test Case 'Test Cases/PFI Precision and Scale/HashMap Tables/ConstantHashMap' successfully

2020-06-05 11:57:44 - [TEST_STEP][PASSED] - println(ValueFound): null

2020-06-05 11:57:44 - [TEST_STEP][PASSED] - sendKeys(NewInputNmField, Keys.chord(ARROW_DOWN)): Keys 'DOWN + ' sent to object: 'Object Repository/Objects.HighlightElements/input_field_index'

2020-06-05 11:57:44 - [MESSAGE][PASSED] - Keys 'DOWN + ' sent to object: 'Object Repository/Objects.HighlightElements/input_field_index'

2020-06-05 11:57:44 - [TEST_STEP][PASSED] - sendKeys(NewInputNmField, Keys.chord(ENTER)): Keys 'ENTER + ' sent to object: 'Object Repository/Objects.HighlightElements/input_field_index'

2020-06-05 11:57:44 - [MESSAGE][PASSED] - Keys 'ENTER + ' sent to object: 'Object Repository/Objects.HighlightElements/input_field_index'

2020-06-05 11:57:44 - [MESSAGE][PASSED] - Call Test Case 'Test Cases/PFI Precision and Scale/PFI Components with Indexing/VerifyDropdownValuesXPI' successfully

2020-06-05 11:57:44 - [TEST_STEP][PASSED] - callTestCase(findTestCase("Components/SelectAllThenDeleteXPI"), ["nameToBeUsed":"submInd_3", "index":"1"], STOP_ON_FAILURE): Call Test Case 'Test Cases/Components/SelectAllThenDeleteXPI' successfully

2020-06-05 11:57:44 - [TEST_CASE][PASSED] - Test Cases/Components/SelectAllThenDeleteXPI: Test Cases/Components/SelectAllThenDeleteXPI

2020-06-05 11:57:44 - [TEST_STEP][PASSED] - Thread.sleep(1000): null

2020-06-05 11:57:45 - [TEST_STEP][PASSED] - modifiedObj = modifyObjectProperty(findTestObject("Object Repository/Objects.HighlightElements/input_field_index"), "xpath", "equals", "(//*[contains(@name,'" + nameToBeUsed + "')])[" + index + "]", true): Modify property of object successfully

2020-06-05 11:57:46 - [MESSAGE][PASSED] - Modify property of object successfully

2020-06-05 11:57:46 - [TEST_STEP][PASSED] - focus(modifiedObj): Object: 'Object Repository/Objects.HighlightElements/input_field_index' is focused

2020-06-05 11:57:46 - [MESSAGE][PASSED] - Object: 'Object Repository/Objects.HighlightElements/input_field_index' is focused

2020-06-05 11:57:46 - [TEST_STEP][PASSED] - sendKeys(modifiedObj, Keys.chord(CONTROL, "a")): Keys 'CONTROL + a' sent to object: 'Object Repository/Objects.HighlightElements/input_field_index'

2020-06-05 11:57:46 - [MESSAGE][PASSED] - Keys 'CONTROL + a' sent to object: 'Object Repository/Objects.HighlightElements/input_field_index'

2020-06-05 11:57:46 - [TEST_STEP][PASSED] - sendKeys(modifiedObj, Keys.chord(DELETE)): Keys 'DELETE + ' sent to object: 'Object Repository/Objects.HighlightElements/input_field_index'

2020-06-05 11:57:46 - [MESSAGE][PASSED] - Keys 'DELETE + ' sent to object: 'Object Repository/Objects.HighlightElements/input_field_index'

2020-06-05 11:57:46 - [MESSAGE][PASSED] - Call Test Case 'Test Cases/Components/SelectAllThenDeleteXPI' successfully

2020-06-05 11:57:46 - [TEST_STEP][PASSED] - callTestCase(findTestCase("PFI Precision and Scale/PFI Components with Indexing/RequiredFieldValidationXPI"), ["nameToBeUsed":"submInd_3", "index":1], STOP_ON_FAILURE): Call Test Case 'Test Cases/PFI Precision and Scale/PFI Components with Indexing/RequiredFieldValidationXPI' successfully

2020-06-05 11:57:46 - [TEST_CASE][PASSED] - Test Cases/PFI Precision and Scale/PFI Components with Indexing/RequiredFieldValidationXPI: Test Cases/PFI Precision and Scale/PFI Components with Indexing/RequiredFieldValidationXPI

2020-06-05 11:57:46 - [TEST_STEP][PASSED] - enableSmartWait(): null

2020-06-05 11:57:46 - [TEST_STEP][PASSED] - NewInputNmField = modifyObjectProperty(findTestObject("Objects.HighlightElements/input_field_index"), "xpath", "equals", "(//*[contains(@name,'" + nameToBeUsed + "')])[" + index + "]", true): Modify property of object successfully

2020-06-05 11:57:46 - [MESSAGE][PASSED] - Modify property of object successfully

2020-06-05 11:57:46 - [TEST_STEP][PASSED] - mouseOver(NewInputNmField): Object: 'Object Repository/Objects.HighlightElements/input_field_index' is hovered

2020-06-05 11:57:46 - [MESSAGE][PASSED] - Object: 'Object Repository/Objects.HighlightElements/input_field_index' is hovered

2020-06-05 11:57:46 - [TEST_STEP][PASSED] - getRqErrMsg = getAttribute(NewInputNmField, "data-errorqtip"): Attribute 'data-errorqtip' of object 'Object Repository/Objects.HighlightElements/input_field_index' is: '<ul class="x-list-plain"><li>This field is required</li></ul>'

2020-06-05 11:57:46 - [MESSAGE][PASSED] - Attribute 'data-errorqtip' of object 'Object Repository/Objects.HighlightElements/input_field_index' is: '<ul class="x-list-plain"><li>This field is required</li></ul>'

2020-06-05 11:57:46 - [TEST_STEP][PASSED] - strToolTip = getRqErrMsg.substring(29, 61): null

2020-06-05 11:57:46 - [TEST_STEP][PASSED] - toolTipReqErrMsg = strToolTip.substring(0, 22): null

2020-06-05 11:57:46 - [TEST_STEP][PASSED] - verifyMatch(toolTipReqErrMsg, RqField, true): Actual text 'This field is required' and expected text 'This field is required' are matched  using regular expression

2020-06-05 11:57:46 - [MESSAGE][PASSED] - Actual text 'This field is required' and expected text 'This field is required' are matched  using regular expression

2020-06-05 11:57:46 - [MESSAGE][PASSED] - Call Test Case 'Test Cases/PFI Precision and Scale/PFI Components with Indexing/RequiredFieldValidationXPI' successfully

2020-06-05 11:57:46 - [TEST_STEP][PASSED] - callTestCase(findTestCase("Components/HighlightInputFieldXPI"), ["FldNm":"submInd_4", "index":1], STOP_ON_FAILURE): Call Test Case 'Test Cases/Components/HighlightInputFieldXPI' successfully

2020-06-05 11:57:46 - [TEST_CASE][PASSED] - Test Cases/Components/HighlightInputFieldXPI: Test Cases/Components/HighlightInputFieldXPI

2020-06-05 11:57:46 - [TEST_STEP][PASSED] - Thread.sleep(1000): null

2020-06-05 11:57:47 - [TEST_STEP][PASSED] - modifiedInputNm = modifyObjectProperty(findTestObject("Object Repository/Objects.HighlightElements/input_field_index"), "xpath", "equals", "(//*[contains(@name, '" + FldNm + "')])[" + index + "]", true): Modify property of object successfully

2020-06-05 11:57:47 - [MESSAGE][PASSED] - Modify property of object successfully

2020-06-05 11:57:47 - [TEST_STEP][PASSED] - com.reusableComponents.HighlightElement.run(modifiedInputNm): com.reusableComponents.HighlightElement.run is PASSED

2020-06-05 11:57:47 - [MESSAGE][PASSED] - com.reusableComponents.HighlightElement.run is PASSED

2020-06-05 11:57:47 - [MESSAGE][PASSED] - Call Test Case 'Test Cases/Components/HighlightInputFieldXPI' successfully

2020-06-05 11:57:47 - [TEST_STEP][PASSED] - callTestCase(findTestCase("PFI Precision and Scale/PFI Components with Indexing/VerifyDropdownValuesXPI"), ["FldNm":"submInd_4", "index":1, "CallTCName":"PFI Precision and Scale/HashMap Tables/ConstantHashMap", "cmbNm":"PresINd", ... ], STOP_ON_FAILURE): Call Test Case 'Test Cases/PFI Precision and Scale/PFI Components with Indexing/VerifyDropdownValuesXPI' successfully

2020-06-05 11:57:48 - [TEST_CASE][PASSED] - Test Cases/PFI Precision and Scale/PFI Components with Indexing/VerifyDropdownValuesXPI: Test Cases/PFI Precision and Scale/PFI Components with Indexing/VerifyDropdownValuesXPI

2020-06-05 11:57:48 - [TEST_STEP][PASSED] - Thread.sleep(1000): null

2020-06-05 11:57:49 - [TEST_STEP][PASSED] - NewInputNmField = modifyObjectProperty(findTestObject("Object Repository/Objects.HighlightElements/input_field_index"), "xpath", "equals", "(//*[contains(@name, '" + FldNm + "')])[" + index + "]", true): Modify property of object successfully

2020-06-05 11:57:49 - [MESSAGE][PASSED] - Modify property of object successfully

2020-06-05 11:57:49 - [TEST_STEP][PASSED] - comboNm = cmbNm: null

2020-06-05 11:57:49 - [TEST_STEP][PASSED] - focus(NewInputNmField): Object: 'Object Repository/Objects.HighlightElements/input_field_index' is focused

2020-06-05 11:57:49 - [MESSAGE][PASSED] - Object: 'Object Repository/Objects.HighlightElements/input_field_index' is focused

2020-06-05 11:57:49 - [TEST_STEP][PASSED] - setText(NewInputNmField, EnterValue): Text '' is set on object 'Object Repository/Objects.HighlightElements/input_field_index'

2020-06-05 11:57:49 - [MESSAGE][PASSED] - Text '' is set on object 'Object Repository/Objects.HighlightElements/input_field_index'

2020-06-05 11:57:49 - [TEST_STEP][PASSED] - for ([i = 1, i <= NoOfVal, (i++)]): Keys 'DOWN + ' sent to object: 'Object Repository/Objects.HighlightElements/input_field_index'

2020-06-05 11:57:49 - [TEST_STEP][PASSED] - sendKeys(NewInputNmField, Keys.chord(ARROW_DOWN)): Keys 'DOWN + ' sent to object: 'Object Repository/Objects.HighlightElements/input_field_index'

2020-06-05 11:57:49 - [MESSAGE][PASSED] - Keys 'DOWN + ' sent to object: 'Object Repository/Objects.HighlightElements/input_field_index'

2020-06-05 11:57:49 - [TEST_STEP][PASSED] - delay(DelayTime): Delayed 2 second(s)

2020-06-05 11:57:51 - [MESSAGE][PASSED] - Delayed 2 second(s)

2020-06-05 11:57:51 - [TEST_STEP][PASSED] - sendKeys(NewInputNmField, Keys.chord(ENTER)): Keys 'ENTER + ' sent to object: 'Object Repository/Objects.HighlightElements/input_field_index'

2020-06-05 11:57:51 - [MESSAGE][PASSED] - Keys 'ENTER + ' sent to object: 'Object Repository/Objects.HighlightElements/input_field_index'

2020-06-05 11:57:51 - [TEST_STEP][PASSED] - ComboBoxValue = getAttribute(NewInputNmField, "value"): Attribute 'value' of object 'Object Repository/Objects.HighlightElements/input_field_index' is: 'Yes'

2020-06-05 11:57:51 - [MESSAGE][PASSED] - Attribute 'value' of object 'Object Repository/Objects.HighlightElements/input_field_index' is: 'Yes'

2020-06-05 11:57:51 - [TEST_STEP][PASSED] - callTestCase(findTestCase(CallTCName), ["FindValue":ComboBoxValue, "DropdownNm":comboNm], STOP_ON_FAILURE): Call Test Case 'Test Cases/PFI Precision and Scale/HashMap Tables/ConstantHashMap' successfully

2020-06-05 11:57:51 - [TEST_CASE][PASSED] - Test Cases/PFI Precision and Scale/HashMap Tables/ConstantHashMap: Test Cases/PFI Precision and Scale/HashMap Tables/ConstantHashMap

2020-06-05 11:57:51 - [TEST_STEP][PASSED] - ConstantTBL = [1:["PeriodType":"Working Day(s)"], 2:["PeriodType":"Calendar Day(s)"], 3:["PeriodType":"Month(s)"], 4:["TypeOfLetter":"T1"], ... ]: null

2020-06-05 11:57:51 - [TEST_STEP][PASSED] - switch (DropdownNm): null

2020-06-05 11:57:51 - [TEST_STEP][PASSED] - case "PresINd":: null

2020-06-05 11:57:51 - [TEST_STEP][PASSED] - ValueFound = ConstantTBL.find({ -> ... }): null

2020-06-05 11:57:51 - [TEST_STEP][PASSED] - break: null

2020-06-05 11:57:51 - [MESSAGE][PASSED] - Call Test Case 'Test Cases/PFI Precision and Scale/HashMap Tables/ConstantHashMap' successfully

2020-06-05 11:57:51 - [TEST_STEP][PASSED] - println(ValueFound): null

2020-06-05 11:57:51 - [TEST_STEP][PASSED] - sendKeys(NewInputNmField, Keys.chord(ARROW_DOWN)): Keys 'DOWN + ' sent to object: 'Object Repository/Objects.HighlightElements/input_field_index'

2020-06-05 11:57:51 - [MESSAGE][PASSED] - Keys 'DOWN + ' sent to object: 'Object Repository/Objects.HighlightElements/input_field_index'

2020-06-05 11:57:51 - [TEST_STEP][PASSED] - sendKeys(NewInputNmField, Keys.chord(ARROW_DOWN)): Keys 'DOWN + ' sent to object: 'Object Repository/Objects.HighlightElements/input_field_index'

2020-06-05 11:57:51 - [MESSAGE][PASSED] - Keys 'DOWN + ' sent to object: 'Object Repository/Objects.HighlightElements/input_field_index'

2020-06-05 11:57:51 - [TEST_STEP][PASSED] - delay(DelayTime): Delayed 2 second(s)

2020-06-05 11:57:53 - [MESSAGE][PASSED] - Delayed 2 second(s)

2020-06-05 11:57:53 - [TEST_STEP][PASSED] - sendKeys(NewInputNmField, Keys.chord(ENTER)): Keys 'ENTER + ' sent to object: 'Object Repository/Objects.HighlightElements/input_field_index'

2020-06-05 11:57:53 - [MESSAGE][PASSED] - Keys 'ENTER + ' sent to object: 'Object Repository/Objects.HighlightElements/input_field_index'

2020-06-05 11:57:53 - [TEST_STEP][PASSED] - ComboBoxValue = getAttribute(NewInputNmField, "value"): Attribute 'value' of object 'Object Repository/Objects.HighlightElements/input_field_index' is: 'No'

2020-06-05 11:57:53 - [MESSAGE][PASSED] - Attribute 'value' of object 'Object Repository/Objects.HighlightElements/input_field_index' is: 'No'

2020-06-05 11:57:53 - [TEST_STEP][PASSED] - callTestCase(findTestCase(CallTCName), ["FindValue":ComboBoxValue, "DropdownNm":comboNm], STOP_ON_FAILURE): Call Test Case 'Test Cases/PFI Precision and Scale/HashMap Tables/ConstantHashMap' successfully

2020-06-05 11:57:53 - [TEST_CASE][PASSED] - Test Cases/PFI Precision and Scale/HashMap Tables/ConstantHashMap: Test Cases/PFI Precision and Scale/HashMap Tables/ConstantHashMap

2020-06-05 11:57:53 - [TEST_STEP][PASSED] - ConstantTBL = [1:["PeriodType":"Working Day(s)"], 2:["PeriodType":"Calendar Day(s)"], 3:["PeriodType":"Month(s)"], 4:["TypeOfLetter":"T1"], ... ]: null

2020-06-05 11:57:53 - [TEST_STEP][PASSED] - switch (DropdownNm): null

2020-06-05 11:57:53 - [TEST_STEP][PASSED] - case "PresINd":: null

2020-06-05 11:57:53 - [TEST_STEP][PASSED] - ValueFound = ConstantTBL.find({ -> ... }): null

2020-06-05 11:57:53 - [TEST_STEP][PASSED] - break: null

2020-06-05 11:57:53 - [MESSAGE][PASSED] - Call Test Case 'Test Cases/PFI Precision and Scale/HashMap Tables/ConstantHashMap' successfully

2020-06-05 11:57:53 - [TEST_STEP][PASSED] - println(ValueFound): null

2020-06-05 11:57:53 - [TEST_STEP][PASSED] - sendKeys(NewInputNmField, Keys.chord(ARROW_DOWN)): Keys 'DOWN + ' sent to object: 'Object Repository/Objects.HighlightElements/input_field_index'

2020-06-05 11:57:53 - [MESSAGE][PASSED] - Keys 'DOWN + ' sent to object: 'Object Repository/Objects.HighlightElements/input_field_index'

2020-06-05 11:57:53 - [TEST_STEP][PASSED] - sendKeys(NewInputNmField, Keys.chord(ENTER)): Keys 'ENTER + ' sent to object: 'Object Repository/Objects.HighlightElements/input_field_index'

2020-06-05 11:57:53 - [MESSAGE][PASSED] - Keys 'ENTER + ' sent to object: 'Object Repository/Objects.HighlightElements/input_field_index'

2020-06-05 11:57:53 - [MESSAGE][PASSED] - Call Test Case 'Test Cases/PFI Precision and Scale/PFI Components with Indexing/VerifyDropdownValuesXPI' successfully

2020-06-05 11:57:53 - [TEST_STEP][PASSED] - callTestCase(findTestCase("Components/SelectAllThenDeleteXPI"), ["nameToBeUsed":"submInd_4", "index":"1"], STOP_ON_FAILURE): Call Test Case 'Test Cases/Components/SelectAllThenDeleteXPI' successfully

2020-06-05 11:57:53 - [TEST_CASE][PASSED] - Test Cases/Components/SelectAllThenDeleteXPI: Test Cases/Components/SelectAllThenDeleteXPI

2020-06-05 11:57:53 - [TEST_STEP][PASSED] - Thread.sleep(1000): null

2020-06-05 11:57:54 - [TEST_STEP][PASSED] - modifiedObj = modifyObjectProperty(findTestObject("Object Repository/Objects.HighlightElements/input_field_index"), "xpath", "equals", "(//*[contains(@name,'" + nameToBeUsed + "')])[" + index + "]", true): Modify property of object successfully

2020-06-05 11:57:54 - [MESSAGE][PASSED] - Modify property of object successfully

2020-06-05 11:57:54 - [TEST_STEP][PASSED] - focus(modifiedObj): Object: 'Object Repository/Objects.HighlightElements/input_field_index' is focused

2020-06-05 11:57:54 - [MESSAGE][PASSED] - Object: 'Object Repository/Objects.HighlightElements/input_field_index' is focused

2020-06-05 11:57:54 - [TEST_STEP][PASSED] - sendKeys(modifiedObj, Keys.chord(CONTROL, "a")): Keys 'CONTROL + a' sent to object: 'Object Repository/Objects.HighlightElements/input_field_index'

2020-06-05 11:57:54 - [MESSAGE][PASSED] - Keys 'CONTROL + a' sent to object: 'Object Repository/Objects.HighlightElements/input_field_index'

2020-06-05 11:57:54 - [TEST_STEP][PASSED] - sendKeys(modifiedObj, Keys.chord(DELETE)): Keys 'DELETE + ' sent to object: 'Object Repository/Objects.HighlightElements/input_field_index'

2020-06-05 11:57:54 - [MESSAGE][PASSED] - Keys 'DELETE + ' sent to object: 'Object Repository/Objects.HighlightElements/input_field_index'

2020-06-05 11:57:54 - [MESSAGE][PASSED] - Call Test Case 'Test Cases/Components/SelectAllThenDeleteXPI' successfully

2020-06-05 11:57:54 - [TEST_STEP][PASSED] - callTestCase(findTestCase("PFI Precision and Scale/PFI Components with Indexing/RequiredFieldValidationXPI"), ["nameToBeUsed":"submInd_4", "index":1], STOP_ON_FAILURE): Call Test Case 'Test Cases/PFI Precision and Scale/PFI Components with Indexing/RequiredFieldValidationXPI' successfully

2020-06-05 11:57:55 - [TEST_CASE][PASSED] - Test Cases/PFI Precision and Scale/PFI Components with Indexing/RequiredFieldValidationXPI: Test Cases/PFI Precision and Scale/PFI Components with Indexing/RequiredFieldValidationXPI

2020-06-05 11:57:55 - [TEST_STEP][PASSED] - enableSmartWait(): null

2020-06-05 11:57:55 - [TEST_STEP][PASSED] - NewInputNmField = modifyObjectProperty(findTestObject("Objects.HighlightElements/input_field_index"), "xpath", "equals", "(//*[contains(@name,'" + nameToBeUsed + "')])[" + index + "]", true): Modify property of object successfully

2020-06-05 11:57:55 - [MESSAGE][PASSED] - Modify property of object successfully

2020-06-05 11:57:55 - [TEST_STEP][PASSED] - mouseOver(NewInputNmField): Object: 'Object Repository/Objects.HighlightElements/input_field_index' is hovered

2020-06-05 11:57:55 - [MESSAGE][PASSED] - Object: 'Object Repository/Objects.HighlightElements/input_field_index' is hovered

2020-06-05 11:57:55 - [TEST_STEP][PASSED] - getRqErrMsg = getAttribute(NewInputNmField, "data-errorqtip"): Attribute 'data-errorqtip' of object 'Object Repository/Objects.HighlightElements/input_field_index' is: '<ul class="x-list-plain"><li>This field is required</li></ul>'

2020-06-05 11:57:55 - [MESSAGE][PASSED] - Attribute 'data-errorqtip' of object 'Object Repository/Objects.HighlightElements/input_field_index' is: '<ul class="x-list-plain"><li>This field is required</li></ul>'

2020-06-05 11:57:55 - [TEST_STEP][PASSED] - strToolTip = getRqErrMsg.substring(29, 61): null

2020-06-05 11:57:55 - [TEST_STEP][PASSED] - toolTipReqErrMsg = strToolTip.substring(0, 22): null

2020-06-05 11:57:55 - [TEST_STEP][PASSED] - verifyMatch(toolTipReqErrMsg, RqField, true): Actual text 'This field is required' and expected text 'This field is required' are matched  using regular expression

2020-06-05 11:57:55 - [MESSAGE][PASSED] - Actual text 'This field is required' and expected text 'This field is required' are matched  using regular expression

2020-06-05 11:57:55 - [MESSAGE][PASSED] - Call Test Case 'Test Cases/PFI Precision and Scale/PFI Components with Indexing/RequiredFieldValidationXPI' successfully

2020-06-05 11:57:55 - [TEST_STEP][PASSED] - callTestCase(findTestCase("Components/HighlightInputFieldXPI"), ["FldNm":"submInd_5", "index":1], STOP_ON_FAILURE): Call Test Case 'Test Cases/Components/HighlightInputFieldXPI' successfully

2020-06-05 11:57:55 - [TEST_CASE][PASSED] - Test Cases/Components/HighlightInputFieldXPI: Test Cases/Components/HighlightInputFieldXPI

2020-06-05 11:57:55 - [TEST_STEP][PASSED] - Thread.sleep(1000): null

2020-06-05 11:57:56 - [TEST_STEP][PASSED] - modifiedInputNm = modifyObjectProperty(findTestObject("Object Repository/Objects.HighlightElements/input_field_index"), "xpath", "equals", "(//*[contains(@name, '" + FldNm + "')])[" + index + "]", true): Modify property of object successfully

2020-06-05 11:57:56 - [MESSAGE][PASSED] - Modify property of object successfully

2020-06-05 11:57:56 - [TEST_STEP][PASSED] - com.reusableComponents.HighlightElement.run(modifiedInputNm): com.reusableComponents.HighlightElement.run is PASSED

2020-06-05 11:57:56 - [MESSAGE][PASSED] - com.reusableComponents.HighlightElement.run is PASSED

2020-06-05 11:57:56 - [MESSAGE][PASSED] - Call Test Case 'Test Cases/Components/HighlightInputFieldXPI' successfully

2020-06-05 11:57:56 - [TEST_STEP][PASSED] - callTestCase(findTestCase("PFI Precision and Scale/PFI Components with Indexing/VerifyDropdownValuesXPI"), ["FldNm":"submInd_5", "index":1, "CallTCName":"PFI Precision and Scale/HashMap Tables/ConstantHashMap", "cmbNm":"PresINd", ... ], STOP_ON_FAILURE): Call Test Case 'Test Cases/PFI Precision and Scale/PFI Components with Indexing/VerifyDropdownValuesXPI' successfully

2020-06-05 11:57:56 - [TEST_CASE][PASSED] - Test Cases/PFI Precision and Scale/PFI Components with Indexing/VerifyDropdownValuesXPI: Test Cases/PFI Precision and Scale/PFI Components with Indexing/VerifyDropdownValuesXPI

2020-06-05 11:57:56 - [TEST_STEP][PASSED] - Thread.sleep(1000): null

2020-06-05 11:57:57 - [TEST_STEP][PASSED] - NewInputNmField = modifyObjectProperty(findTestObject("Object Repository/Objects.HighlightElements/input_field_index"), "xpath", "equals", "(//*[contains(@name, '" + FldNm + "')])[" + index + "]", true): Modify property of object successfully

2020-06-05 11:57:57 - [MESSAGE][PASSED] - Modify property of object successfully

2020-06-05 11:57:57 - [TEST_STEP][PASSED] - comboNm = cmbNm: null

2020-06-05 11:57:57 - [TEST_STEP][PASSED] - focus(NewInputNmField): Object: 'Object Repository/Objects.HighlightElements/input_field_index' is focused

2020-06-05 11:57:57 - [MESSAGE][PASSED] - Object: 'Object Repository/Objects.HighlightElements/input_field_index' is focused

2020-06-05 11:57:57 - [TEST_STEP][PASSED] - setText(NewInputNmField, EnterValue): Text '' is set on object 'Object Repository/Objects.HighlightElements/input_field_index'

2020-06-05 11:57:58 - [MESSAGE][PASSED] - Text '' is set on object 'Object Repository/Objects.HighlightElements/input_field_index'

2020-06-05 11:57:58 - [TEST_STEP][PASSED] - for ([i = 1, i <= NoOfVal, (i++)]): Keys 'DOWN + ' sent to object: 'Object Repository/Objects.HighlightElements/input_field_index'

2020-06-05 11:57:58 - [TEST_STEP][PASSED] - sendKeys(NewInputNmField, Keys.chord(ARROW_DOWN)): Keys 'DOWN + ' sent to object: 'Object Repository/Objects.HighlightElements/input_field_index'

2020-06-05 11:57:58 - [MESSAGE][PASSED] - Keys 'DOWN + ' sent to object: 'Object Repository/Objects.HighlightElements/input_field_index'

2020-06-05 11:57:58 - [TEST_STEP][PASSED] - delay(DelayTime): Delayed 2 second(s)

2020-06-05 11:58:00 - [MESSAGE][PASSED] - Delayed 2 second(s)

2020-06-05 11:58:00 - [TEST_STEP][PASSED] - sendKeys(NewInputNmField, Keys.chord(ENTER)): Keys 'ENTER + ' sent to object: 'Object Repository/Objects.HighlightElements/input_field_index'

2020-06-05 11:58:00 - [MESSAGE][PASSED] - Keys 'ENTER + ' sent to object: 'Object Repository/Objects.HighlightElements/input_field_index'

2020-06-05 11:58:00 - [TEST_STEP][PASSED] - ComboBoxValue = getAttribute(NewInputNmField, "value"): Attribute 'value' of object 'Object Repository/Objects.HighlightElements/input_field_index' is: 'Yes'

2020-06-05 11:58:00 - [MESSAGE][PASSED] - Attribute 'value' of object 'Object Repository/Objects.HighlightElements/input_field_index' is: 'Yes'

2020-06-05 11:58:00 - [TEST_STEP][PASSED] - callTestCase(findTestCase(CallTCName), ["FindValue":ComboBoxValue, "DropdownNm":comboNm], STOP_ON_FAILURE): Call Test Case 'Test Cases/PFI Precision and Scale/HashMap Tables/ConstantHashMap' successfully

2020-06-05 11:58:00 - [TEST_CASE][PASSED] - Test Cases/PFI Precision and Scale/HashMap Tables/ConstantHashMap: Test Cases/PFI Precision and Scale/HashMap Tables/ConstantHashMap

2020-06-05 11:58:00 - [TEST_STEP][PASSED] - ConstantTBL = [1:["PeriodType":"Working Day(s)"], 2:["PeriodType":"Calendar Day(s)"], 3:["PeriodType":"Month(s)"], 4:["TypeOfLetter":"T1"], ... ]: null

2020-06-05 11:58:00 - [TEST_STEP][PASSED] - switch (DropdownNm): null

2020-06-05 11:58:00 - [TEST_STEP][PASSED] - case "PresINd":: null

2020-06-05 11:58:00 - [TEST_STEP][PASSED] - ValueFound = ConstantTBL.find({ -> ... }): null

2020-06-05 11:58:00 - [TEST_STEP][PASSED] - break: null

2020-06-05 11:58:00 - [MESSAGE][PASSED] - Call Test Case 'Test Cases/PFI Precision and Scale/HashMap Tables/ConstantHashMap' successfully

2020-06-05 11:58:00 - [TEST_STEP][PASSED] - println(ValueFound): null

2020-06-05 11:58:00 - [TEST_STEP][PASSED] - sendKeys(NewInputNmField, Keys.chord(ARROW_DOWN)): Keys 'DOWN + ' sent to object: 'Object Repository/Objects.HighlightElements/input_field_index'

2020-06-05 11:58:00 - [MESSAGE][PASSED] - Keys 'DOWN + ' sent to object: 'Object Repository/Objects.HighlightElements/input_field_index'

2020-06-05 11:58:00 - [TEST_STEP][PASSED] - sendKeys(NewInputNmField, Keys.chord(ARROW_DOWN)): Keys 'DOWN + ' sent to object: 'Object Repository/Objects.HighlightElements/input_field_index'

2020-06-05 11:58:00 - [MESSAGE][PASSED] - Keys 'DOWN + ' sent to object: 'Object Repository/Objects.HighlightElements/input_field_index'

2020-06-05 11:58:00 - [TEST_STEP][PASSED] - delay(DelayTime): Delayed 2 second(s)

2020-06-05 11:58:02 - [MESSAGE][PASSED] - Delayed 2 second(s)

2020-06-05 11:58:02 - [TEST_STEP][PASSED] - sendKeys(NewInputNmField, Keys.chord(ENTER)): Keys 'ENTER + ' sent to object: 'Object Repository/Objects.HighlightElements/input_field_index'

2020-06-05 11:58:02 - [MESSAGE][PASSED] - Keys 'ENTER + ' sent to object: 'Object Repository/Objects.HighlightElements/input_field_index'

2020-06-05 11:58:02 - [TEST_STEP][PASSED] - ComboBoxValue = getAttribute(NewInputNmField, "value"): Attribute 'value' of object 'Object Repository/Objects.HighlightElements/input_field_index' is: 'No'

2020-06-05 11:58:02 - [MESSAGE][PASSED] - Attribute 'value' of object 'Object Repository/Objects.HighlightElements/input_field_index' is: 'No'

2020-06-05 11:58:02 - [TEST_STEP][PASSED] - callTestCase(findTestCase(CallTCName), ["FindValue":ComboBoxValue, "DropdownNm":comboNm], STOP_ON_FAILURE): Call Test Case 'Test Cases/PFI Precision and Scale/HashMap Tables/ConstantHashMap' successfully

2020-06-05 11:58:02 - [TEST_CASE][PASSED] - Test Cases/PFI Precision and Scale/HashMap Tables/ConstantHashMap: Test Cases/PFI Precision and Scale/HashMap Tables/ConstantHashMap

2020-06-05 11:58:02 - [TEST_STEP][PASSED] - ConstantTBL = [1:["PeriodType":"Working Day(s)"], 2:["PeriodType":"Calendar Day(s)"], 3:["PeriodType":"Month(s)"], 4:["TypeOfLetter":"T1"], ... ]: null

2020-06-05 11:58:02 - [TEST_STEP][PASSED] - switch (DropdownNm): null

2020-06-05 11:58:02 - [TEST_STEP][PASSED] - case "PresINd":: null

2020-06-05 11:58:02 - [TEST_STEP][PASSED] - ValueFound = ConstantTBL.find({ -> ... }): null

2020-06-05 11:58:02 - [TEST_STEP][PASSED] - break: null

2020-06-05 11:58:02 - [MESSAGE][PASSED] - Call Test Case 'Test Cases/PFI Precision and Scale/HashMap Tables/ConstantHashMap' successfully

2020-06-05 11:58:02 - [TEST_STEP][PASSED] - println(ValueFound): null

2020-06-05 11:58:02 - [TEST_STEP][PASSED] - sendKeys(NewInputNmField, Keys.chord(ARROW_DOWN)): Keys 'DOWN + ' sent to object: 'Object Repository/Objects.HighlightElements/input_field_index'

2020-06-05 11:58:02 - [MESSAGE][PASSED] - Keys 'DOWN + ' sent to object: 'Object Repository/Objects.HighlightElements/input_field_index'

2020-06-05 11:58:02 - [TEST_STEP][PASSED] - sendKeys(NewInputNmField, Keys.chord(ENTER)): Keys 'ENTER + ' sent to object: 'Object Repository/Objects.HighlightElements/input_field_index'

2020-06-05 11:58:02 - [MESSAGE][PASSED] - Keys 'ENTER + ' sent to object: 'Object Repository/Objects.HighlightElements/input_field_index'

2020-06-05 11:58:02 - [MESSAGE][PASSED] - Call Test Case 'Test Cases/PFI Precision and Scale/PFI Components with Indexing/VerifyDropdownValuesXPI' successfully

2020-06-05 11:58:02 - [TEST_STEP][PASSED] - callTestCase(findTestCase("Components/SelectAllThenDeleteXPI"), ["nameToBeUsed":"submInd_5", "index":"1"], STOP_ON_FAILURE): Call Test Case 'Test Cases/Components/SelectAllThenDeleteXPI' successfully

2020-06-05 11:58:02 - [TEST_CASE][PASSED] - Test Cases/Components/SelectAllThenDeleteXPI: Test Cases/Components/SelectAllThenDeleteXPI

2020-06-05 11:58:02 - [TEST_STEP][PASSED] - Thread.sleep(1000): null

2020-06-05 11:58:03 - [TEST_STEP][PASSED] - modifiedObj = modifyObjectProperty(findTestObject("Object Repository/Objects.HighlightElements/input_field_index"), "xpath", "equals", "(//*[contains(@name,'" + nameToBeUsed + "')])[" + index + "]", true): Modify property of object successfully

2020-06-05 11:58:03 - [MESSAGE][PASSED] - Modify property of object successfully

2020-06-05 11:58:03 - [TEST_STEP][PASSED] - focus(modifiedObj): Object: 'Object Repository/Objects.HighlightElements/input_field_index' is focused

2020-06-05 11:58:03 - [MESSAGE][PASSED] - Object: 'Object Repository/Objects.HighlightElements/input_field_index' is focused

2020-06-05 11:58:03 - [TEST_STEP][PASSED] - sendKeys(modifiedObj, Keys.chord(CONTROL, "a")): Keys 'CONTROL + a' sent to object: 'Object Repository/Objects.HighlightElements/input_field_index'

2020-06-05 11:58:03 - [MESSAGE][PASSED] - Keys 'CONTROL + a' sent to object: 'Object Repository/Objects.HighlightElements/input_field_index'

2020-06-05 11:58:03 - [TEST_STEP][PASSED] - sendKeys(modifiedObj, Keys.chord(DELETE)): Keys 'DELETE + ' sent to object: 'Object Repository/Objects.HighlightElements/input_field_index'

2020-06-05 11:58:03 - [MESSAGE][PASSED] - Keys 'DELETE + ' sent to object: 'Object Repository/Objects.HighlightElements/input_field_index'

2020-06-05 11:58:03 - [MESSAGE][PASSED] - Call Test Case 'Test Cases/Components/SelectAllThenDeleteXPI' successfully

2020-06-05 11:58:03 - [TEST_STEP][PASSED] - callTestCase(findTestCase("PFI Precision and Scale/PFI Components with Indexing/RequiredFieldValidationXPI"), ["nameToBeUsed":"submInd_5", "index":1], STOP_ON_FAILURE): Call Test Case 'Test Cases/PFI Precision and Scale/PFI Components with Indexing/RequiredFieldValidationXPI' successfully

2020-06-05 11:58:03 - [TEST_CASE][PASSED] - Test Cases/PFI Precision and Scale/PFI Components with Indexing/RequiredFieldValidationXPI: Test Cases/PFI Precision and Scale/PFI Components with Indexing/RequiredFieldValidationXPI

2020-06-05 11:58:03 - [TEST_STEP][PASSED] - enableSmartWait(): null

2020-06-05 11:58:03 - [TEST_STEP][PASSED] - NewInputNmField = modifyObjectProperty(findTestObject("Objects.HighlightElements/input_field_index"), "xpath", "equals", "(//*[contains(@name,'" + nameToBeUsed + "')])[" + index + "]", true): Modify property of object successfully

2020-06-05 11:58:03 - [MESSAGE][PASSED] - Modify property of object successfully

2020-06-05 11:58:03 - [TEST_STEP][PASSED] - mouseOver(NewInputNmField): Object: 'Object Repository/Objects.HighlightElements/input_field_index' is hovered

2020-06-05 11:58:04 - [MESSAGE][PASSED] - Object: 'Object Repository/Objects.HighlightElements/input_field_index' is hovered

2020-06-05 11:58:04 - [TEST_STEP][PASSED] - getRqErrMsg = getAttribute(NewInputNmField, "data-errorqtip"): Attribute 'data-errorqtip' of object 'Object Repository/Objects.HighlightElements/input_field_index' is: '<ul class="x-list-plain"><li>This field is required</li></ul>'

2020-06-05 11:58:04 - [MESSAGE][PASSED] - Attribute 'data-errorqtip' of object 'Object Repository/Objects.HighlightElements/input_field_index' is: '<ul class="x-list-plain"><li>This field is required</li></ul>'

2020-06-05 11:58:04 - [TEST_STEP][PASSED] - strToolTip = getRqErrMsg.substring(29, 61): null

2020-06-05 11:58:04 - [TEST_STEP][PASSED] - toolTipReqErrMsg = strToolTip.substring(0, 22): null

2020-06-05 11:58:04 - [TEST_STEP][PASSED] - verifyMatch(toolTipReqErrMsg, RqField, true): Actual text 'This field is required' and expected text 'This field is required' are matched  using regular expression

2020-06-05 11:58:04 - [MESSAGE][PASSED] - Actual text 'This field is required' and expected text 'This field is required' are matched  using regular expression

2020-06-05 11:58:04 - [MESSAGE][PASSED] - Call Test Case 'Test Cases/PFI Precision and Scale/PFI Components with Indexing/RequiredFieldValidationXPI' successfully

2020-06-05 11:58:04 - [TEST_STEP][PASSED] - callTestCase(findTestCase("Components/HighlightInputFieldXPI"), ["FldNm":"submInd_6", "index":1], STOP_ON_FAILURE): Call Test Case 'Test Cases/Components/HighlightInputFieldXPI' successfully

2020-06-05 11:58:04 - [TEST_CASE][PASSED] - Test Cases/Components/HighlightInputFieldXPI: Test Cases/Components/HighlightInputFieldXPI

2020-06-05 11:58:04 - [TEST_STEP][PASSED] - Thread.sleep(1000): null

2020-06-05 11:58:05 - [TEST_STEP][PASSED] - modifiedInputNm = modifyObjectProperty(findTestObject("Object Repository/Objects.HighlightElements/input_field_index"), "xpath", "equals", "(//*[contains(@name, '" + FldNm + "')])[" + index + "]", true): Modify property of object successfully

2020-06-05 11:58:05 - [MESSAGE][PASSED] - Modify property of object successfully

2020-06-05 11:58:05 - [TEST_STEP][PASSED] - com.reusableComponents.HighlightElement.run(modifiedInputNm): com.reusableComponents.HighlightElement.run is PASSED

2020-06-05 11:58:05 - [MESSAGE][PASSED] - com.reusableComponents.HighlightElement.run is PASSED

2020-06-05 11:58:05 - [MESSAGE][PASSED] - Call Test Case 'Test Cases/Components/HighlightInputFieldXPI' successfully

2020-06-05 11:58:05 - [TEST_STEP][PASSED] - callTestCase(findTestCase("PFI Precision and Scale/PFI Components with Indexing/VerifyDropdownValuesXPI"), ["FldNm":"submInd_6", "index":1, "CallTCName":"PFI Precision and Scale/HashMap Tables/ConstantHashMap", "cmbNm":"PresINd", ... ], STOP_ON_FAILURE): Call Test Case 'Test Cases/PFI Precision and Scale/PFI Components with Indexing/VerifyDropdownValuesXPI' successfully

2020-06-05 11:58:05 - [TEST_CASE][PASSED] - Test Cases/PFI Precision and Scale/PFI Components with Indexing/VerifyDropdownValuesXPI: Test Cases/PFI Precision and Scale/PFI Components with Indexing/VerifyDropdownValuesXPI

2020-06-05 11:58:05 - [TEST_STEP][PASSED] - Thread.sleep(1000): null

2020-06-05 11:58:06 - [TEST_STEP][PASSED] - NewInputNmField = modifyObjectProperty(findTestObject("Object Repository/Objects.HighlightElements/input_field_index"), "xpath", "equals", "(//*[contains(@name, '" + FldNm + "')])[" + index + "]", true): Modify property of object successfully

2020-06-05 11:58:06 - [MESSAGE][PASSED] - Modify property of object successfully

2020-06-05 11:58:06 - [TEST_STEP][PASSED] - comboNm = cmbNm: null

2020-06-05 11:58:06 - [TEST_STEP][PASSED] - focus(NewInputNmField): Object: 'Object Repository/Objects.HighlightElements/input_field_index' is focused

2020-06-05 11:58:06 - [MESSAGE][PASSED] - Object: 'Object Repository/Objects.HighlightElements/input_field_index' is focused

2020-06-05 11:58:06 - [TEST_STEP][PASSED] - setText(NewInputNmField, EnterValue): Text '' is set on object 'Object Repository/Objects.HighlightElements/input_field_index'

2020-06-05 11:58:06 - [MESSAGE][PASSED] - Text '' is set on object 'Object Repository/Objects.HighlightElements/input_field_index'

2020-06-05 11:58:06 - [TEST_STEP][PASSED] - for ([i = 1, i <= NoOfVal, (i++)]): Keys 'DOWN + ' sent to object: 'Object Repository/Objects.HighlightElements/input_field_index'

2020-06-05 11:58:06 - [TEST_STEP][PASSED] - sendKeys(NewInputNmField, Keys.chord(ARROW_DOWN)): Keys 'DOWN + ' sent to object: 'Object Repository/Objects.HighlightElements/input_field_index'

2020-06-05 11:58:06 - [MESSAGE][PASSED] - Keys 'DOWN + ' sent to object: 'Object Repository/Objects.HighlightElements/input_field_index'

2020-06-05 11:58:06 - [TEST_STEP][PASSED] - delay(DelayTime): Delayed 2 second(s)

2020-06-05 11:58:08 - [MESSAGE][PASSED] - Delayed 2 second(s)

2020-06-05 11:58:08 - [TEST_STEP][PASSED] - sendKeys(NewInputNmField, Keys.chord(ENTER)): Keys 'ENTER + ' sent to object: 'Object Repository/Objects.HighlightElements/input_field_index'

2020-06-05 11:58:08 - [MESSAGE][PASSED] - Keys 'ENTER + ' sent to object: 'Object Repository/Objects.HighlightElements/input_field_index'

2020-06-05 11:58:08 - [TEST_STEP][PASSED] - ComboBoxValue = getAttribute(NewInputNmField, "value"): Attribute 'value' of object 'Object Repository/Objects.HighlightElements/input_field_index' is: 'Yes'

2020-06-05 11:58:09 - [MESSAGE][PASSED] - Attribute 'value' of object 'Object Repository/Objects.HighlightElements/input_field_index' is: 'Yes'

2020-06-05 11:58:09 - [TEST_STEP][PASSED] - callTestCase(findTestCase(CallTCName), ["FindValue":ComboBoxValue, "DropdownNm":comboNm], STOP_ON_FAILURE): Call Test Case 'Test Cases/PFI Precision and Scale/HashMap Tables/ConstantHashMap' successfully

2020-06-05 11:58:09 - [TEST_CASE][PASSED] - Test Cases/PFI Precision and Scale/HashMap Tables/ConstantHashMap: Test Cases/PFI Precision and Scale/HashMap Tables/ConstantHashMap

2020-06-05 11:58:09 - [TEST_STEP][PASSED] - ConstantTBL = [1:["PeriodType":"Working Day(s)"], 2:["PeriodType":"Calendar Day(s)"], 3:["PeriodType":"Month(s)"], 4:["TypeOfLetter":"T1"], ... ]: null

2020-06-05 11:58:09 - [TEST_STEP][PASSED] - switch (DropdownNm): null

2020-06-05 11:58:09 - [TEST_STEP][PASSED] - case "PresINd":: null

2020-06-05 11:58:09 - [TEST_STEP][PASSED] - ValueFound = ConstantTBL.find({ -> ... }): null

2020-06-05 11:58:09 - [TEST_STEP][PASSED] - break: null

2020-06-05 11:58:09 - [MESSAGE][PASSED] - Call Test Case 'Test Cases/PFI Precision and Scale/HashMap Tables/ConstantHashMap' successfully

2020-06-05 11:58:09 - [TEST_STEP][PASSED] - println(ValueFound): null

2020-06-05 11:58:09 - [TEST_STEP][PASSED] - sendKeys(NewInputNmField, Keys.chord(ARROW_DOWN)): Keys 'DOWN + ' sent to object: 'Object Repository/Objects.HighlightElements/input_field_index'

2020-06-05 11:58:09 - [MESSAGE][PASSED] - Keys 'DOWN + ' sent to object: 'Object Repository/Objects.HighlightElements/input_field_index'

2020-06-05 11:58:09 - [TEST_STEP][PASSED] - sendKeys(NewInputNmField, Keys.chord(ARROW_DOWN)): Keys 'DOWN + ' sent to object: 'Object Repository/Objects.HighlightElements/input_field_index'

2020-06-05 11:58:09 - [MESSAGE][PASSED] - Keys 'DOWN + ' sent to object: 'Object Repository/Objects.HighlightElements/input_field_index'

2020-06-05 11:58:09 - [TEST_STEP][PASSED] - delay(DelayTime): Delayed 2 second(s)

2020-06-05 11:58:11 - [MESSAGE][PASSED] - Delayed 2 second(s)

2020-06-05 11:58:11 - [TEST_STEP][PASSED] - sendKeys(NewInputNmField, Keys.chord(ENTER)): Keys 'ENTER + ' sent to object: 'Object Repository/Objects.HighlightElements/input_field_index'

2020-06-05 11:58:11 - [MESSAGE][PASSED] - Keys 'ENTER + ' sent to object: 'Object Repository/Objects.HighlightElements/input_field_index'

2020-06-05 11:58:11 - [TEST_STEP][PASSED] - ComboBoxValue = getAttribute(NewInputNmField, "value"): Attribute 'value' of object 'Object Repository/Objects.HighlightElements/input_field_index' is: 'No'

2020-06-05 11:58:11 - [MESSAGE][PASSED] - Attribute 'value' of object 'Object Repository/Objects.HighlightElements/input_field_index' is: 'No'

2020-06-05 11:58:11 - [TEST_STEP][PASSED] - callTestCase(findTestCase(CallTCName), ["FindValue":ComboBoxValue, "DropdownNm":comboNm], STOP_ON_FAILURE): Call Test Case 'Test Cases/PFI Precision and Scale/HashMap Tables/ConstantHashMap' successfully

2020-06-05 11:58:11 - [TEST_CASE][PASSED] - Test Cases/PFI Precision and Scale/HashMap Tables/ConstantHashMap: Test Cases/PFI Precision and Scale/HashMap Tables/ConstantHashMap

2020-06-05 11:58:11 - [TEST_STEP][PASSED] - ConstantTBL = [1:["PeriodType":"Working Day(s)"], 2:["PeriodType":"Calendar Day(s)"], 3:["PeriodType":"Month(s)"], 4:["TypeOfLetter":"T1"], ... ]: null

2020-06-05 11:58:11 - [TEST_STEP][PASSED] - switch (DropdownNm): null

2020-06-05 11:58:11 - [TEST_STEP][PASSED] - case "PresINd":: null

2020-06-05 11:58:11 - [TEST_STEP][PASSED] - ValueFound = ConstantTBL.find({ -> ... }): null

2020-06-05 11:58:11 - [TEST_STEP][PASSED] - break: null

2020-06-05 11:58:11 - [MESSAGE][PASSED] - Call Test Case 'Test Cases/PFI Precision and Scale/HashMap Tables/ConstantHashMap' successfully

2020-06-05 11:58:11 - [TEST_STEP][PASSED] - println(ValueFound): null

2020-06-05 11:58:11 - [TEST_STEP][PASSED] - sendKeys(NewInputNmField, Keys.chord(ARROW_DOWN)): Keys 'DOWN + ' sent to object: 'Object Repository/Objects.HighlightElements/input_field_index'

2020-06-05 11:58:11 - [MESSAGE][PASSED] - Keys 'DOWN + ' sent to object: 'Object Repository/Objects.HighlightElements/input_field_index'

2020-06-05 11:58:11 - [TEST_STEP][PASSED] - sendKeys(NewInputNmField, Keys.chord(ENTER)): Keys 'ENTER + ' sent to object: 'Object Repository/Objects.HighlightElements/input_field_index'

2020-06-05 11:58:11 - [MESSAGE][PASSED] - Keys 'ENTER + ' sent to object: 'Object Repository/Objects.HighlightElements/input_field_index'

2020-06-05 11:58:11 - [MESSAGE][PASSED] - Call Test Case 'Test Cases/PFI Precision and Scale/PFI Components with Indexing/VerifyDropdownValuesXPI' successfully

2020-06-05 11:58:11 - [TEST_STEP][PASSED] - callTestCase(findTestCase("Components/SelectAllThenDeleteXPI"), ["nameToBeUsed":"submInd_6", "index":"1"], STOP_ON_FAILURE): Call Test Case 'Test Cases/Components/SelectAllThenDeleteXPI' successfully

2020-06-05 11:58:11 - [TEST_CASE][PASSED] - Test Cases/Components/SelectAllThenDeleteXPI: Test Cases/Components/SelectAllThenDeleteXPI

2020-06-05 11:58:11 - [TEST_STEP][PASSED] - Thread.sleep(1000): null

2020-06-05 11:58:12 - [TEST_STEP][PASSED] - modifiedObj = modifyObjectProperty(findTestObject("Object Repository/Objects.HighlightElements/input_field_index"), "xpath", "equals", "(//*[contains(@name,'" + nameToBeUsed + "')])[" + index + "]", true): Modify property of object successfully

2020-06-05 11:58:12 - [MESSAGE][PASSED] - Modify property of object successfully

2020-06-05 11:58:12 - [TEST_STEP][PASSED] - focus(modifiedObj): Object: 'Object Repository/Objects.HighlightElements/input_field_index' is focused

2020-06-05 11:58:12 - [MESSAGE][PASSED] - Object: 'Object Repository/Objects.HighlightElements/input_field_index' is focused

2020-06-05 11:58:12 - [TEST_STEP][PASSED] - sendKeys(modifiedObj, Keys.chord(CONTROL, "a")): Keys 'CONTROL + a' sent to object: 'Object Repository/Objects.HighlightElements/input_field_index'

2020-06-05 11:58:12 - [MESSAGE][PASSED] - Keys 'CONTROL + a' sent to object: 'Object Repository/Objects.HighlightElements/input_field_index'

2020-06-05 11:58:12 - [TEST_STEP][PASSED] - sendKeys(modifiedObj, Keys.chord(DELETE)): Keys 'DELETE + ' sent to object: 'Object Repository/Objects.HighlightElements/input_field_index'

2020-06-05 11:58:12 - [MESSAGE][PASSED] - Keys 'DELETE + ' sent to object: 'Object Repository/Objects.HighlightElements/input_field_index'

2020-06-05 11:58:12 - [MESSAGE][PASSED] - Call Test Case 'Test Cases/Components/SelectAllThenDeleteXPI' successfully

2020-06-05 11:58:12 - [TEST_STEP][PASSED] - callTestCase(findTestCase("PFI Precision and Scale/PFI Components with Indexing/RequiredFieldValidationXPI"), ["nameToBeUsed":"submInd_6", "index":1], STOP_ON_FAILURE): Call Test Case 'Test Cases/PFI Precision and Scale/PFI Components with Indexing/RequiredFieldValidationXPI' successfully

2020-06-05 11:58:12 - [TEST_CASE][PASSED] - Test Cases/PFI Precision and Scale/PFI Components with Indexing/RequiredFieldValidationXPI: Test Cases/PFI Precision and Scale/PFI Components with Indexing/RequiredFieldValidationXPI

2020-06-05 11:58:12 - [TEST_STEP][PASSED] - enableSmartWait(): null

2020-06-05 11:58:12 - [TEST_STEP][PASSED] - NewInputNmField = modifyObjectProperty(findTestObject("Objects.HighlightElements/input_field_index"), "xpath", "equals", "(//*[contains(@name,'" + nameToBeUsed + "')])[" + index + "]", true): Modify property of object successfully

2020-06-05 11:58:12 - [MESSAGE][PASSED] - Modify property of object successfully

2020-06-05 11:58:12 - [TEST_STEP][PASSED] - mouseOver(NewInputNmField): Object: 'Object Repository/Objects.HighlightElements/input_field_index' is hovered

2020-06-05 11:58:12 - [MESSAGE][PASSED] - Object: 'Object Repository/Objects.HighlightElements/input_field_index' is hovered

2020-06-05 11:58:12 - [TEST_STEP][PASSED] - getRqErrMsg = getAttribute(NewInputNmField, "data-errorqtip"): Attribute 'data-errorqtip' of object 'Object Repository/Objects.HighlightElements/input_field_index' is: '<ul class="x-list-plain"><li>This field is required</li></ul>'

2020-06-05 11:58:12 - [MESSAGE][PASSED] - Attribute 'data-errorqtip' of object 'Object Repository/Objects.HighlightElements/input_field_index' is: '<ul class="x-list-plain"><li>This field is required</li></ul>'

2020-06-05 11:58:12 - [TEST_STEP][PASSED] - strToolTip = getRqErrMsg.substring(29, 61): null

2020-06-05 11:58:12 - [TEST_STEP][PASSED] - toolTipReqErrMsg = strToolTip.substring(0, 22): null

2020-06-05 11:58:12 - [TEST_STEP][PASSED] - verifyMatch(toolTipReqErrMsg, RqField, true): Actual text 'This field is required' and expected text 'This field is required' are matched  using regular expression

2020-06-05 11:58:12 - [MESSAGE][PASSED] - Actual text 'This field is required' and expected text 'This field is required' are matched  using regular expression

2020-06-05 11:58:12 - [MESSAGE][PASSED] - Call Test Case 'Test Cases/PFI Precision and Scale/PFI Components with Indexing/RequiredFieldValidationXPI' successfully

2020-06-05 11:58:12 - [TEST_STEP][NOT_RUN] - callTestCase(findTestCase("Components/Logout"), ["LogoutPageTextToBeVerified":findTestData("ISPS2 Test Data").getValue("HomeBanner", 2)], STOP_ON_FAILURE): NOT_RUN: callTestCase(findTestCase("Components/Logout"), ["LogoutPageTextToBeVerified":findTestData("ISPS2 Test Data").getValue("HomeBanner", 2)], STOP_ON_FAILURE)

2020-06-05 11:58:12 - [MESSAGE][NOT_RUN] - NOT_RUN: callTestCase(findTestCase("Components/Logout"), ["LogoutPageTextToBeVerified":findTestData("ISPS2 Test Data").getValue("HomeBanner", 2)], STOP_ON_FAILURE)]]></system-out>
         <system-err><![CDATA[]]></system-err>
      </testcase>
      <testcase name="Test Cases/PFI Precision and Scale/PFI Test Cases/Process Case (PFI)/PFI.ReferToExternalAgencyLHS" time="125.624" classname="Test Cases/PFI Precision and Scale/PFI Test Cases/Process Case (PFI)/PFI.ReferToExternalAgencyLHS" status="PASSED">
         <system-out><![CDATA[2020-06-05 11:58:12 - [TEST_CASE][PASSED] - Test Cases/PFI Precision and Scale/PFI Test Cases/Process Case (PFI)/PFI.ReferToExternalAgencyLHS: Test Cases/PFI Precision and Scale/PFI Test Cases/Process Case (PFI)/PFI.ReferToExternalAgencyLHS

2020-06-05 11:58:13 - [TEST_STEP][NOT_RUN] - callTestCase(findTestCase("Components/LoginV2.0"), ["LinkToBeUsed":findTestData("ISPS2 Test Data").getValue("URL", 2), "LoginPageTextToBeVerified":findTestData("ISPS2 Test Data").getValue("HomeBanner", 2), ... ], STOP_ON_FAILURE): NOT_RUN: callTestCase(findTestCase("Components/LoginV2.0"), ["LinkToBeUsed":findTestData("ISPS2 Test Data").getValue("URL", 2), "LoginPageTextToBeVerified":findTestData("ISPS2 Test Data").getValue("HomeBanner", 2), ... ], STOP_ON_FAILURE)

2020-06-05 11:58:13 - [MESSAGE][NOT_RUN] - NOT_RUN: callTestCase(findTestCase("Components/LoginV2.0"), ["LinkToBeUsed":findTestData("ISPS2 Test Data").getValue("URL", 2), "LoginPageTextToBeVerified":findTestData("ISPS2 Test Data").getValue("HomeBanner", 2), ... ], STOP_ON_FAILURE)

2020-06-05 11:58:13 - [TEST_STEP][NOT_RUN] - callTestCase(findTestCase("Components/NavigateToHomepageHeaders"), ["headerText":"My Tasks"], STOP_ON_FAILURE): NOT_RUN: callTestCase(findTestCase("Components/NavigateToHomepageHeaders"), ["headerText":"My Tasks"], STOP_ON_FAILURE)

2020-06-05 11:58:13 - [MESSAGE][NOT_RUN] - NOT_RUN: callTestCase(findTestCase("Components/NavigateToHomepageHeaders"), ["headerText":"My Tasks"], STOP_ON_FAILURE)

2020-06-05 11:58:13 - [TEST_STEP][NOT_RUN] - callTestCase(findTestCase("Components/Filter"), ["taskDescription":"Process Case (SM)"], STOP_ON_FAILURE): NOT_RUN: callTestCase(findTestCase("Components/Filter"), ["taskDescription":"Process Case (SM)"], STOP_ON_FAILURE)

2020-06-05 11:58:13 - [MESSAGE][NOT_RUN] - NOT_RUN: callTestCase(findTestCase("Components/Filter"), ["taskDescription":"Process Case (SM)"], STOP_ON_FAILURE)

2020-06-05 11:58:13 - [TEST_STEP][NOT_RUN] - callTestCase(findTestCase("Components/ClickLinkDependingOnTextAndIndex"), ["linkName":"Process Case (SM)", "index":"3"], STOP_ON_FAILURE): NOT_RUN: callTestCase(findTestCase("Components/ClickLinkDependingOnTextAndIndex"), ["linkName":"Process Case (SM)", "index":"3"], STOP_ON_FAILURE)

2020-06-05 11:58:13 - [MESSAGE][NOT_RUN] - NOT_RUN: callTestCase(findTestCase("Components/ClickLinkDependingOnTextAndIndex"), ["linkName":"Process Case (SM)", "index":"3"], STOP_ON_FAILURE)

2020-06-05 11:58:13 - [TEST_STEP][PASSED] - callTestCase(findTestCase("Components/NavigateToAnyLHS"), ["LHS":"Refer Case to External Agency"], STOP_ON_FAILURE): Call Test Case 'Test Cases/Components/NavigateToAnyLHS' successfully

2020-06-05 11:58:13 - [TEST_CASE][PASSED] - Test Cases/Components/NavigateToAnyLHS: Test Cases/Components/NavigateToAnyLHS

2020-06-05 11:58:13 - [TEST_STEP][PASSED] - Thread.sleep(1000): null

2020-06-05 11:58:14 - [TEST_STEP][PASSED] - modifiedLHS = modifyObjectProperty(findTestObject("Objects.NavigateToAnyLHS/Page_ISPS2/LHSToModify"), "text", "equals", LHS, true): Modify property of object successfully

2020-06-05 11:58:14 - [MESSAGE][PASSED] - Modify property of object successfully

2020-06-05 11:58:14 - [TEST_STEP][PASSED] - click(modifiedLHS): Object: 'Object Repository/Objects.NavigateToAnyLHS/Page_ISPS2/LHSToModify' is clicked on

2020-06-05 11:58:14 - [MESSAGE][PASSED] - Object: 'Object Repository/Objects.NavigateToAnyLHS/Page_ISPS2/LHSToModify' is clicked on

2020-06-05 11:58:14 - [TEST_STEP][PASSED] - currentLHS = getText(modifiedLHS): Text of object 'Object Repository/Objects.NavigateToAnyLHS/Page_ISPS2/LHSToModify' is: 'Refer Case to External Agency'

2020-06-05 11:58:14 - [MESSAGE][PASSED] - Text of object 'Object Repository/Objects.NavigateToAnyLHS/Page_ISPS2/LHSToModify' is: 'Refer Case to External Agency'

2020-06-05 11:58:14 - [TEST_STEP][PASSED] - Thread.sleep(5000): null

2020-06-05 11:58:19 - [MESSAGE][PASSED] - Call Test Case 'Test Cases/Components/NavigateToAnyLHS' successfully

2020-06-05 11:58:19 - [TEST_STEP][PASSED] - callTestCase(findTestCase("Components/VerifyPageSuccessfullyLoaded"), ["HeaderName":"Refer to External Agency"], STOP_ON_FAILURE): Call Test Case 'Test Cases/Components/VerifyPageSuccessfullyLoaded' successfully

2020-06-05 11:58:19 - [TEST_CASE][PASSED] - Test Cases/Components/VerifyPageSuccessfullyLoaded: Test Cases/Components/VerifyPageSuccessfullyLoaded

2020-06-05 11:58:19 - [TEST_STEP][PASSED] - Thread.sleep(3000): null

2020-06-05 11:58:22 - [TEST_STEP][PASSED] - ModifiedHeaderName = modifyObjectProperty(findTestObject("Objects.VerifyPageSuccessfullyLoaded/PageHeader"), "text", "equals", HeaderName, true): Modify property of object successfully

2020-06-05 11:58:22 - [MESSAGE][PASSED] - Modify property of object successfully

2020-06-05 11:58:22 - [TEST_STEP][PASSED] - verifyElementPresent(ModifiedHeaderName, 30): Object 'Object Repository/Objects.VerifyPageSuccessfullyLoaded/PageHeader' is present

2020-06-05 11:58:22 - [MESSAGE][PASSED] - Object 'Object Repository/Objects.VerifyPageSuccessfullyLoaded/PageHeader' is present

2020-06-05 11:58:22 - [TEST_STEP][PASSED] - com.reusableComponents.HighlightElement.run(ModifiedHeaderName): com.reusableComponents.HighlightElement.run is PASSED

2020-06-05 11:58:22 - [MESSAGE][PASSED] - com.reusableComponents.HighlightElement.run is PASSED

2020-06-05 11:58:22 - [MESSAGE][PASSED] - Call Test Case 'Test Cases/Components/VerifyPageSuccessfullyLoaded' successfully

2020-06-05 11:58:22 - [TEST_STEP][PASSED] - callTestCase(findTestCase("Components/HighlightLabelFieldXPI"), ["LblName":"External Agencies", "index":1], STOP_ON_FAILURE): Call Test Case 'Test Cases/Components/HighlightLabelFieldXPI' successfully

2020-06-05 11:58:22 - [TEST_CASE][PASSED] - Test Cases/Components/HighlightLabelFieldXPI: Test Cases/Components/HighlightLabelFieldXPI

2020-06-05 11:58:22 - [TEST_STEP][PASSED] - Thread.sleep(1000): null

2020-06-05 11:58:23 - [TEST_STEP][PASSED] - modifiedLblNm = modifyObjectProperty(findTestObject("Object Repository/Objects.HighlightElements/lblField_index"), "xpath", "equals", "(//*[contains(@class, 'x-form-item-label-inner x-form-item-label-inner-default') and contains(., '" + LblName + "')])[" + index + "]", true): Modify property of object successfully

2020-06-05 11:58:23 - [MESSAGE][PASSED] - Modify property of object successfully

2020-06-05 11:58:23 - [TEST_STEP][PASSED] - com.reusableComponents.HighlightElement.run(modifiedLblNm): com.reusableComponents.HighlightElement.run is PASSED

2020-06-05 11:58:24 - [MESSAGE][PASSED] - com.reusableComponents.HighlightElement.run is PASSED

2020-06-05 11:58:24 - [MESSAGE][PASSED] - Call Test Case 'Test Cases/Components/HighlightLabelFieldXPI' successfully

2020-06-05 11:58:24 - [TEST_STEP][PASSED] - callTestCase(findTestCase("Components/HighlightInputFieldXPI"), ["FldNm":"extAgenciesCmb", "index":1], STOP_ON_FAILURE): Call Test Case 'Test Cases/Components/HighlightInputFieldXPI' successfully

2020-06-05 11:58:24 - [TEST_CASE][PASSED] - Test Cases/Components/HighlightInputFieldXPI: Test Cases/Components/HighlightInputFieldXPI

2020-06-05 11:58:24 - [TEST_STEP][PASSED] - Thread.sleep(1000): null

2020-06-05 11:58:25 - [TEST_STEP][PASSED] - modifiedInputNm = modifyObjectProperty(findTestObject("Object Repository/Objects.HighlightElements/input_field_index"), "xpath", "equals", "(//*[contains(@name, '" + FldNm + "')])[" + index + "]", true): Modify property of object successfully

2020-06-05 11:58:25 - [MESSAGE][PASSED] - Modify property of object successfully

2020-06-05 11:58:25 - [TEST_STEP][PASSED] - com.reusableComponents.HighlightElement.run(modifiedInputNm): com.reusableComponents.HighlightElement.run is PASSED

2020-06-05 11:58:25 - [MESSAGE][PASSED] - com.reusableComponents.HighlightElement.run is PASSED

2020-06-05 11:58:25 - [MESSAGE][PASSED] - Call Test Case 'Test Cases/Components/HighlightInputFieldXPI' successfully

2020-06-05 11:58:25 - [TEST_STEP][PASSED] - callTestCase(findTestCase("PFI Precision and Scale/PFI Components with Indexing/VerifyDropdownValuesXPI"), ["FldNm":"extAgenciesCmb", "index":1, "CallTCName":"PFI Precision and Scale/HashMap Tables/ExternalAgencyLists", "cmbNm":"", ... ], STOP_ON_FAILURE): Call Test Case 'Test Cases/PFI Precision and Scale/PFI Components with Indexing/VerifyDropdownValuesXPI' successfully

2020-06-05 11:58:25 - [TEST_CASE][PASSED] - Test Cases/PFI Precision and Scale/PFI Components with Indexing/VerifyDropdownValuesXPI: Test Cases/PFI Precision and Scale/PFI Components with Indexing/VerifyDropdownValuesXPI

2020-06-05 11:58:25 - [TEST_STEP][PASSED] - Thread.sleep(1000): null

2020-06-05 11:58:26 - [TEST_STEP][PASSED] - NewInputNmField = modifyObjectProperty(findTestObject("Object Repository/Objects.HighlightElements/input_field_index"), "xpath", "equals", "(//*[contains(@name, '" + FldNm + "')])[" + index + "]", true): Modify property of object successfully

2020-06-05 11:58:26 - [MESSAGE][PASSED] - Modify property of object successfully

2020-06-05 11:58:26 - [TEST_STEP][PASSED] - comboNm = cmbNm: null

2020-06-05 11:58:26 - [TEST_STEP][PASSED] - focus(NewInputNmField): Object: 'Object Repository/Objects.HighlightElements/input_field_index' is focused

2020-06-05 11:58:27 - [MESSAGE][PASSED] - Object: 'Object Repository/Objects.HighlightElements/input_field_index' is focused

2020-06-05 11:58:27 - [TEST_STEP][PASSED] - setText(NewInputNmField, EnterValue): Text '' is set on object 'Object Repository/Objects.HighlightElements/input_field_index'

2020-06-05 11:58:27 - [MESSAGE][PASSED] - Text '' is set on object 'Object Repository/Objects.HighlightElements/input_field_index'

2020-06-05 11:58:27 - [TEST_STEP][PASSED] - for ([i = 1, i <= NoOfVal, (i++)]): Keys 'DOWN + ' sent to object: 'Object Repository/Objects.HighlightElements/input_field_index'

2020-06-05 11:58:27 - [TEST_STEP][PASSED] - sendKeys(NewInputNmField, Keys.chord(ARROW_DOWN)): Keys 'DOWN + ' sent to object: 'Object Repository/Objects.HighlightElements/input_field_index'

2020-06-05 11:58:27 - [MESSAGE][PASSED] - Keys 'DOWN + ' sent to object: 'Object Repository/Objects.HighlightElements/input_field_index'

2020-06-05 11:58:27 - [TEST_STEP][PASSED] - delay(DelayTime): Delayed 2 second(s)

2020-06-05 11:58:29 - [MESSAGE][PASSED] - Delayed 2 second(s)

2020-06-05 11:58:29 - [TEST_STEP][PASSED] - sendKeys(NewInputNmField, Keys.chord(ENTER)): Keys 'ENTER + ' sent to object: 'Object Repository/Objects.HighlightElements/input_field_index'

2020-06-05 11:58:29 - [MESSAGE][PASSED] - Keys 'ENTER + ' sent to object: 'Object Repository/Objects.HighlightElements/input_field_index'

2020-06-05 11:58:29 - [TEST_STEP][PASSED] - ComboBoxValue = getAttribute(NewInputNmField, "value"): Attribute 'value' of object 'Object Repository/Objects.HighlightElements/input_field_index' is: ''

2020-06-05 11:58:29 - [MESSAGE][PASSED] - Attribute 'value' of object 'Object Repository/Objects.HighlightElements/input_field_index' is: ''

2020-06-05 11:58:29 - [TEST_STEP][PASSED] - callTestCase(findTestCase(CallTCName), ["FindValue":ComboBoxValue, "DropdownNm":comboNm], STOP_ON_FAILURE): Call Test Case 'Test Cases/PFI Precision and Scale/HashMap Tables/ExternalAgencyLists' successfully

2020-06-05 11:58:29 - [TEST_CASE][PASSED] - Test Cases/PFI Precision and Scale/HashMap Tables/ExternalAgencyLists: Test Cases/PFI Precision and Scale/HashMap Tables/ExternalAgencyLists

2020-06-05 11:58:29 - [TEST_STEP][PASSED] - Thread.sleep(1000): null

2020-06-05 11:58:30 - [TEST_STEP][PASSED] - ExtAgencyTBL = [1:"HDB", 2:"AVA", 3:"CAAS", 4:"DSTA", 5:"EXXONMOBIL", 6:"Embassy", 7:"JTC Cat 1A", 8:"MBS- Marina Bay Sands", 9:"MCYS", 10:"MICA", ... ]: null

2020-06-05 11:58:30 - [TEST_STEP][PASSED] - ValueFound = ExtAgencyTBL.find({ -> ... }): null

2020-06-05 11:58:30 - [MESSAGE][PASSED] - Call Test Case 'Test Cases/PFI Precision and Scale/HashMap Tables/ExternalAgencyLists' successfully

2020-06-05 11:58:30 - [TEST_STEP][PASSED] - println(ValueFound): null

2020-06-05 11:58:30 - [TEST_STEP][PASSED] - sendKeys(NewInputNmField, Keys.chord(ARROW_DOWN)): Keys 'DOWN + ' sent to object: 'Object Repository/Objects.HighlightElements/input_field_index'

2020-06-05 11:58:30 - [MESSAGE][PASSED] - Keys 'DOWN + ' sent to object: 'Object Repository/Objects.HighlightElements/input_field_index'

2020-06-05 11:58:30 - [TEST_STEP][PASSED] - sendKeys(NewInputNmField, Keys.chord(ARROW_DOWN)): Keys 'DOWN + ' sent to object: 'Object Repository/Objects.HighlightElements/input_field_index'

2020-06-05 11:58:30 - [MESSAGE][PASSED] - Keys 'DOWN + ' sent to object: 'Object Repository/Objects.HighlightElements/input_field_index'

2020-06-05 11:58:30 - [TEST_STEP][PASSED] - delay(DelayTime): Delayed 2 second(s)

2020-06-05 11:58:32 - [MESSAGE][PASSED] - Delayed 2 second(s)

2020-06-05 11:58:32 - [TEST_STEP][PASSED] - sendKeys(NewInputNmField, Keys.chord(ENTER)): Keys 'ENTER + ' sent to object: 'Object Repository/Objects.HighlightElements/input_field_index'

2020-06-05 11:58:32 - [MESSAGE][PASSED] - Keys 'ENTER + ' sent to object: 'Object Repository/Objects.HighlightElements/input_field_index'

2020-06-05 11:58:32 - [TEST_STEP][PASSED] - ComboBoxValue = getAttribute(NewInputNmField, "value"): Attribute 'value' of object 'Object Repository/Objects.HighlightElements/input_field_index' is: 'HDB'

2020-06-05 11:58:32 - [MESSAGE][PASSED] - Attribute 'value' of object 'Object Repository/Objects.HighlightElements/input_field_index' is: 'HDB'

2020-06-05 11:58:32 - [TEST_STEP][PASSED] - callTestCase(findTestCase(CallTCName), ["FindValue":ComboBoxValue, "DropdownNm":comboNm], STOP_ON_FAILURE): Call Test Case 'Test Cases/PFI Precision and Scale/HashMap Tables/ExternalAgencyLists' successfully

2020-06-05 11:58:32 - [TEST_CASE][PASSED] - Test Cases/PFI Precision and Scale/HashMap Tables/ExternalAgencyLists: Test Cases/PFI Precision and Scale/HashMap Tables/ExternalAgencyLists

2020-06-05 11:58:32 - [TEST_STEP][PASSED] - Thread.sleep(1000): null

2020-06-05 11:58:33 - [TEST_STEP][PASSED] - ExtAgencyTBL = [1:"HDB", 2:"AVA", 3:"CAAS", 4:"DSTA", 5:"EXXONMOBIL", 6:"Embassy", 7:"JTC Cat 1A", 8:"MBS- Marina Bay Sands", 9:"MCYS", 10:"MICA", ... ]: null

2020-06-05 11:58:33 - [TEST_STEP][PASSED] - ValueFound = ExtAgencyTBL.find({ -> ... }): null

2020-06-05 11:58:33 - [MESSAGE][PASSED] - Call Test Case 'Test Cases/PFI Precision and Scale/HashMap Tables/ExternalAgencyLists' successfully

2020-06-05 11:58:33 - [TEST_STEP][PASSED] - println(ValueFound): null

2020-06-05 11:58:33 - [TEST_STEP][PASSED] - sendKeys(NewInputNmField, Keys.chord(ARROW_DOWN)): Keys 'DOWN + ' sent to object: 'Object Repository/Objects.HighlightElements/input_field_index'

2020-06-05 11:58:33 - [MESSAGE][PASSED] - Keys 'DOWN + ' sent to object: 'Object Repository/Objects.HighlightElements/input_field_index'

2020-06-05 11:58:33 - [TEST_STEP][PASSED] - sendKeys(NewInputNmField, Keys.chord(ARROW_DOWN)): Keys 'DOWN + ' sent to object: 'Object Repository/Objects.HighlightElements/input_field_index'

2020-06-05 11:58:33 - [MESSAGE][PASSED] - Keys 'DOWN + ' sent to object: 'Object Repository/Objects.HighlightElements/input_field_index'

2020-06-05 11:58:33 - [TEST_STEP][PASSED] - delay(DelayTime): Delayed 2 second(s)

2020-06-05 11:58:35 - [MESSAGE][PASSED] - Delayed 2 second(s)

2020-06-05 11:58:35 - [TEST_STEP][PASSED] - sendKeys(NewInputNmField, Keys.chord(ENTER)): Keys 'ENTER + ' sent to object: 'Object Repository/Objects.HighlightElements/input_field_index'

2020-06-05 11:58:35 - [MESSAGE][PASSED] - Keys 'ENTER + ' sent to object: 'Object Repository/Objects.HighlightElements/input_field_index'

2020-06-05 11:58:35 - [TEST_STEP][PASSED] - ComboBoxValue = getAttribute(NewInputNmField, "value"): Attribute 'value' of object 'Object Repository/Objects.HighlightElements/input_field_index' is: 'AVA '

2020-06-05 11:58:35 - [MESSAGE][PASSED] - Attribute 'value' of object 'Object Repository/Objects.HighlightElements/input_field_index' is: 'AVA '

2020-06-05 11:58:35 - [TEST_STEP][PASSED] - callTestCase(findTestCase(CallTCName), ["FindValue":ComboBoxValue, "DropdownNm":comboNm], STOP_ON_FAILURE): Call Test Case 'Test Cases/PFI Precision and Scale/HashMap Tables/ExternalAgencyLists' successfully

2020-06-05 11:58:35 - [TEST_CASE][PASSED] - Test Cases/PFI Precision and Scale/HashMap Tables/ExternalAgencyLists: Test Cases/PFI Precision and Scale/HashMap Tables/ExternalAgencyLists

2020-06-05 11:58:35 - [TEST_STEP][PASSED] - Thread.sleep(1000): null

2020-06-05 11:58:36 - [TEST_STEP][PASSED] - ExtAgencyTBL = [1:"HDB", 2:"AVA", 3:"CAAS", 4:"DSTA", 5:"EXXONMOBIL", 6:"Embassy", 7:"JTC Cat 1A", 8:"MBS- Marina Bay Sands", 9:"MCYS", 10:"MICA", ... ]: null

2020-06-05 11:58:36 - [TEST_STEP][PASSED] - ValueFound = ExtAgencyTBL.find({ -> ... }): null

2020-06-05 11:58:36 - [MESSAGE][PASSED] - Call Test Case 'Test Cases/PFI Precision and Scale/HashMap Tables/ExternalAgencyLists' successfully

2020-06-05 11:58:36 - [TEST_STEP][PASSED] - println(ValueFound): null

2020-06-05 11:58:36 - [TEST_STEP][PASSED] - sendKeys(NewInputNmField, Keys.chord(ARROW_DOWN)): Keys 'DOWN + ' sent to object: 'Object Repository/Objects.HighlightElements/input_field_index'

2020-06-05 11:58:36 - [MESSAGE][PASSED] - Keys 'DOWN + ' sent to object: 'Object Repository/Objects.HighlightElements/input_field_index'

2020-06-05 11:58:36 - [TEST_STEP][PASSED] - sendKeys(NewInputNmField, Keys.chord(ARROW_DOWN)): Keys 'DOWN + ' sent to object: 'Object Repository/Objects.HighlightElements/input_field_index'

2020-06-05 11:58:36 - [MESSAGE][PASSED] - Keys 'DOWN + ' sent to object: 'Object Repository/Objects.HighlightElements/input_field_index'

2020-06-05 11:58:36 - [TEST_STEP][PASSED] - delay(DelayTime): Delayed 2 second(s)

2020-06-05 11:58:38 - [MESSAGE][PASSED] - Delayed 2 second(s)

2020-06-05 11:58:38 - [TEST_STEP][PASSED] - sendKeys(NewInputNmField, Keys.chord(ENTER)): Keys 'ENTER + ' sent to object: 'Object Repository/Objects.HighlightElements/input_field_index'

2020-06-05 11:58:39 - [MESSAGE][PASSED] - Keys 'ENTER + ' sent to object: 'Object Repository/Objects.HighlightElements/input_field_index'

2020-06-05 11:58:39 - [TEST_STEP][PASSED] - ComboBoxValue = getAttribute(NewInputNmField, "value"): Attribute 'value' of object 'Object Repository/Objects.HighlightElements/input_field_index' is: 'CAAS'

2020-06-05 11:58:39 - [MESSAGE][PASSED] - Attribute 'value' of object 'Object Repository/Objects.HighlightElements/input_field_index' is: 'CAAS'

2020-06-05 11:58:39 - [TEST_STEP][PASSED] - callTestCase(findTestCase(CallTCName), ["FindValue":ComboBoxValue, "DropdownNm":comboNm], STOP_ON_FAILURE): Call Test Case 'Test Cases/PFI Precision and Scale/HashMap Tables/ExternalAgencyLists' successfully

2020-06-05 11:58:39 - [TEST_CASE][PASSED] - Test Cases/PFI Precision and Scale/HashMap Tables/ExternalAgencyLists: Test Cases/PFI Precision and Scale/HashMap Tables/ExternalAgencyLists

2020-06-05 11:58:39 - [TEST_STEP][PASSED] - Thread.sleep(1000): null

2020-06-05 11:58:40 - [TEST_STEP][PASSED] - ExtAgencyTBL = [1:"HDB", 2:"AVA", 3:"CAAS", 4:"DSTA", 5:"EXXONMOBIL", 6:"Embassy", 7:"JTC Cat 1A", 8:"MBS- Marina Bay Sands", 9:"MCYS", 10:"MICA", ... ]: null

2020-06-05 11:58:40 - [TEST_STEP][PASSED] - ValueFound = ExtAgencyTBL.find({ -> ... }): null

2020-06-05 11:58:40 - [MESSAGE][PASSED] - Call Test Case 'Test Cases/PFI Precision and Scale/HashMap Tables/ExternalAgencyLists' successfully

2020-06-05 11:58:40 - [TEST_STEP][PASSED] - println(ValueFound): null

2020-06-05 11:58:40 - [TEST_STEP][PASSED] - sendKeys(NewInputNmField, Keys.chord(ARROW_DOWN)): Keys 'DOWN + ' sent to object: 'Object Repository/Objects.HighlightElements/input_field_index'

2020-06-05 11:58:40 - [MESSAGE][PASSED] - Keys 'DOWN + ' sent to object: 'Object Repository/Objects.HighlightElements/input_field_index'

2020-06-05 11:58:40 - [TEST_STEP][PASSED] - sendKeys(NewInputNmField, Keys.chord(ARROW_DOWN)): Keys 'DOWN + ' sent to object: 'Object Repository/Objects.HighlightElements/input_field_index'

2020-06-05 11:58:40 - [MESSAGE][PASSED] - Keys 'DOWN + ' sent to object: 'Object Repository/Objects.HighlightElements/input_field_index'

2020-06-05 11:58:40 - [TEST_STEP][PASSED] - delay(DelayTime): Delayed 2 second(s)

2020-06-05 11:58:42 - [MESSAGE][PASSED] - Delayed 2 second(s)

2020-06-05 11:58:42 - [TEST_STEP][PASSED] - sendKeys(NewInputNmField, Keys.chord(ENTER)): Keys 'ENTER + ' sent to object: 'Object Repository/Objects.HighlightElements/input_field_index'

2020-06-05 11:58:42 - [MESSAGE][PASSED] - Keys 'ENTER + ' sent to object: 'Object Repository/Objects.HighlightElements/input_field_index'

2020-06-05 11:58:42 - [TEST_STEP][PASSED] - ComboBoxValue = getAttribute(NewInputNmField, "value"): Attribute 'value' of object 'Object Repository/Objects.HighlightElements/input_field_index' is: 'DSTA'

2020-06-05 11:58:42 - [MESSAGE][PASSED] - Attribute 'value' of object 'Object Repository/Objects.HighlightElements/input_field_index' is: 'DSTA'

2020-06-05 11:58:42 - [TEST_STEP][PASSED] - callTestCase(findTestCase(CallTCName), ["FindValue":ComboBoxValue, "DropdownNm":comboNm], STOP_ON_FAILURE): Call Test Case 'Test Cases/PFI Precision and Scale/HashMap Tables/ExternalAgencyLists' successfully

2020-06-05 11:58:42 - [TEST_CASE][PASSED] - Test Cases/PFI Precision and Scale/HashMap Tables/ExternalAgencyLists: Test Cases/PFI Precision and Scale/HashMap Tables/ExternalAgencyLists

2020-06-05 11:58:42 - [TEST_STEP][PASSED] - Thread.sleep(1000): null

2020-06-05 11:58:43 - [TEST_STEP][PASSED] - ExtAgencyTBL = [1:"HDB", 2:"AVA", 3:"CAAS", 4:"DSTA", 5:"EXXONMOBIL", 6:"Embassy", 7:"JTC Cat 1A", 8:"MBS- Marina Bay Sands", 9:"MCYS", 10:"MICA", ... ]: null

2020-06-05 11:58:43 - [TEST_STEP][PASSED] - ValueFound = ExtAgencyTBL.find({ -> ... }): null

2020-06-05 11:58:43 - [MESSAGE][PASSED] - Call Test Case 'Test Cases/PFI Precision and Scale/HashMap Tables/ExternalAgencyLists' successfully

2020-06-05 11:58:43 - [TEST_STEP][PASSED] - println(ValueFound): null

2020-06-05 11:58:43 - [TEST_STEP][PASSED] - sendKeys(NewInputNmField, Keys.chord(ARROW_DOWN)): Keys 'DOWN + ' sent to object: 'Object Repository/Objects.HighlightElements/input_field_index'

2020-06-05 11:58:43 - [MESSAGE][PASSED] - Keys 'DOWN + ' sent to object: 'Object Repository/Objects.HighlightElements/input_field_index'

2020-06-05 11:58:43 - [TEST_STEP][PASSED] - sendKeys(NewInputNmField, Keys.chord(ARROW_DOWN)): Keys 'DOWN + ' sent to object: 'Object Repository/Objects.HighlightElements/input_field_index'

2020-06-05 11:58:43 - [MESSAGE][PASSED] - Keys 'DOWN + ' sent to object: 'Object Repository/Objects.HighlightElements/input_field_index'

2020-06-05 11:58:43 - [TEST_STEP][PASSED] - delay(DelayTime): Delayed 2 second(s)

2020-06-05 11:58:45 - [MESSAGE][PASSED] - Delayed 2 second(s)

2020-06-05 11:58:45 - [TEST_STEP][PASSED] - sendKeys(NewInputNmField, Keys.chord(ENTER)): Keys 'ENTER + ' sent to object: 'Object Repository/Objects.HighlightElements/input_field_index'

2020-06-05 11:58:45 - [MESSAGE][PASSED] - Keys 'ENTER + ' sent to object: 'Object Repository/Objects.HighlightElements/input_field_index'

2020-06-05 11:58:45 - [TEST_STEP][PASSED] - ComboBoxValue = getAttribute(NewInputNmField, "value"): Attribute 'value' of object 'Object Repository/Objects.HighlightElements/input_field_index' is: 'EXXONMOBIL'

2020-06-05 11:58:45 - [MESSAGE][PASSED] - Attribute 'value' of object 'Object Repository/Objects.HighlightElements/input_field_index' is: 'EXXONMOBIL'

2020-06-05 11:58:45 - [TEST_STEP][PASSED] - callTestCase(findTestCase(CallTCName), ["FindValue":ComboBoxValue, "DropdownNm":comboNm], STOP_ON_FAILURE): Call Test Case 'Test Cases/PFI Precision and Scale/HashMap Tables/ExternalAgencyLists' successfully

2020-06-05 11:58:45 - [TEST_CASE][PASSED] - Test Cases/PFI Precision and Scale/HashMap Tables/ExternalAgencyLists: Test Cases/PFI Precision and Scale/HashMap Tables/ExternalAgencyLists

2020-06-05 11:58:45 - [TEST_STEP][PASSED] - Thread.sleep(1000): null

2020-06-05 11:58:46 - [TEST_STEP][PASSED] - ExtAgencyTBL = [1:"HDB", 2:"AVA", 3:"CAAS", 4:"DSTA", 5:"EXXONMOBIL", 6:"Embassy", 7:"JTC Cat 1A", 8:"MBS- Marina Bay Sands", 9:"MCYS", 10:"MICA", ... ]: null

2020-06-05 11:58:46 - [TEST_STEP][PASSED] - ValueFound = ExtAgencyTBL.find({ -> ... }): null

2020-06-05 11:58:46 - [MESSAGE][PASSED] - Call Test Case 'Test Cases/PFI Precision and Scale/HashMap Tables/ExternalAgencyLists' successfully

2020-06-05 11:58:46 - [TEST_STEP][PASSED] - println(ValueFound): null

2020-06-05 11:58:46 - [TEST_STEP][PASSED] - sendKeys(NewInputNmField, Keys.chord(ARROW_DOWN)): Keys 'DOWN + ' sent to object: 'Object Repository/Objects.HighlightElements/input_field_index'

2020-06-05 11:58:46 - [MESSAGE][PASSED] - Keys 'DOWN + ' sent to object: 'Object Repository/Objects.HighlightElements/input_field_index'

2020-06-05 11:58:46 - [TEST_STEP][PASSED] - sendKeys(NewInputNmField, Keys.chord(ARROW_DOWN)): Keys 'DOWN + ' sent to object: 'Object Repository/Objects.HighlightElements/input_field_index'

2020-06-05 11:58:46 - [MESSAGE][PASSED] - Keys 'DOWN + ' sent to object: 'Object Repository/Objects.HighlightElements/input_field_index'

2020-06-05 11:58:46 - [TEST_STEP][PASSED] - delay(DelayTime): Delayed 2 second(s)

2020-06-05 11:58:48 - [MESSAGE][PASSED] - Delayed 2 second(s)

2020-06-05 11:58:48 - [TEST_STEP][PASSED] - sendKeys(NewInputNmField, Keys.chord(ENTER)): Keys 'ENTER + ' sent to object: 'Object Repository/Objects.HighlightElements/input_field_index'

2020-06-05 11:58:48 - [MESSAGE][PASSED] - Keys 'ENTER + ' sent to object: 'Object Repository/Objects.HighlightElements/input_field_index'

2020-06-05 11:58:48 - [TEST_STEP][PASSED] - ComboBoxValue = getAttribute(NewInputNmField, "value"): Attribute 'value' of object 'Object Repository/Objects.HighlightElements/input_field_index' is: 'Embassy'

2020-06-05 11:58:48 - [MESSAGE][PASSED] - Attribute 'value' of object 'Object Repository/Objects.HighlightElements/input_field_index' is: 'Embassy'

2020-06-05 11:58:48 - [TEST_STEP][PASSED] - callTestCase(findTestCase(CallTCName), ["FindValue":ComboBoxValue, "DropdownNm":comboNm], STOP_ON_FAILURE): Call Test Case 'Test Cases/PFI Precision and Scale/HashMap Tables/ExternalAgencyLists' successfully

2020-06-05 11:58:48 - [TEST_CASE][PASSED] - Test Cases/PFI Precision and Scale/HashMap Tables/ExternalAgencyLists: Test Cases/PFI Precision and Scale/HashMap Tables/ExternalAgencyLists

2020-06-05 11:58:48 - [TEST_STEP][PASSED] - Thread.sleep(1000): null

2020-06-05 11:58:49 - [TEST_STEP][PASSED] - ExtAgencyTBL = [1:"HDB", 2:"AVA", 3:"CAAS", 4:"DSTA", 5:"EXXONMOBIL", 6:"Embassy", 7:"JTC Cat 1A", 8:"MBS- Marina Bay Sands", 9:"MCYS", 10:"MICA", ... ]: null

2020-06-05 11:58:49 - [TEST_STEP][PASSED] - ValueFound = ExtAgencyTBL.find({ -> ... }): null

2020-06-05 11:58:49 - [MESSAGE][PASSED] - Call Test Case 'Test Cases/PFI Precision and Scale/HashMap Tables/ExternalAgencyLists' successfully

2020-06-05 11:58:49 - [TEST_STEP][PASSED] - println(ValueFound): null

2020-06-05 11:58:49 - [TEST_STEP][PASSED] - sendKeys(NewInputNmField, Keys.chord(ARROW_DOWN)): Keys 'DOWN + ' sent to object: 'Object Repository/Objects.HighlightElements/input_field_index'

2020-06-05 11:58:49 - [MESSAGE][PASSED] - Keys 'DOWN + ' sent to object: 'Object Repository/Objects.HighlightElements/input_field_index'

2020-06-05 11:58:49 - [TEST_STEP][PASSED] - sendKeys(NewInputNmField, Keys.chord(ARROW_DOWN)): Keys 'DOWN + ' sent to object: 'Object Repository/Objects.HighlightElements/input_field_index'

2020-06-05 11:58:49 - [MESSAGE][PASSED] - Keys 'DOWN + ' sent to object: 'Object Repository/Objects.HighlightElements/input_field_index'

2020-06-05 11:58:49 - [TEST_STEP][PASSED] - delay(DelayTime): Delayed 2 second(s)

2020-06-05 11:58:51 - [MESSAGE][PASSED] - Delayed 2 second(s)

2020-06-05 11:58:51 - [TEST_STEP][PASSED] - sendKeys(NewInputNmField, Keys.chord(ENTER)): Keys 'ENTER + ' sent to object: 'Object Repository/Objects.HighlightElements/input_field_index'

2020-06-05 11:58:51 - [MESSAGE][PASSED] - Keys 'ENTER + ' sent to object: 'Object Repository/Objects.HighlightElements/input_field_index'

2020-06-05 11:58:51 - [TEST_STEP][PASSED] - ComboBoxValue = getAttribute(NewInputNmField, "value"): Attribute 'value' of object 'Object Repository/Objects.HighlightElements/input_field_index' is: 'JTC Cat 1A'

2020-06-05 11:58:51 - [MESSAGE][PASSED] - Attribute 'value' of object 'Object Repository/Objects.HighlightElements/input_field_index' is: 'JTC Cat 1A'

2020-06-05 11:58:51 - [TEST_STEP][PASSED] - callTestCase(findTestCase(CallTCName), ["FindValue":ComboBoxValue, "DropdownNm":comboNm], STOP_ON_FAILURE): Call Test Case 'Test Cases/PFI Precision and Scale/HashMap Tables/ExternalAgencyLists' successfully

2020-06-05 11:58:51 - [TEST_CASE][PASSED] - Test Cases/PFI Precision and Scale/HashMap Tables/ExternalAgencyLists: Test Cases/PFI Precision and Scale/HashMap Tables/ExternalAgencyLists

2020-06-05 11:58:51 - [TEST_STEP][PASSED] - Thread.sleep(1000): null

2020-06-05 11:58:52 - [TEST_STEP][PASSED] - ExtAgencyTBL = [1:"HDB", 2:"AVA", 3:"CAAS", 4:"DSTA", 5:"EXXONMOBIL", 6:"Embassy", 7:"JTC Cat 1A", 8:"MBS- Marina Bay Sands", 9:"MCYS", 10:"MICA", ... ]: null

2020-06-05 11:58:52 - [TEST_STEP][PASSED] - ValueFound = ExtAgencyTBL.find({ -> ... }): null

2020-06-05 11:58:52 - [MESSAGE][PASSED] - Call Test Case 'Test Cases/PFI Precision and Scale/HashMap Tables/ExternalAgencyLists' successfully

2020-06-05 11:58:52 - [TEST_STEP][PASSED] - println(ValueFound): null

2020-06-05 11:58:52 - [TEST_STEP][PASSED] - sendKeys(NewInputNmField, Keys.chord(ARROW_DOWN)): Keys 'DOWN + ' sent to object: 'Object Repository/Objects.HighlightElements/input_field_index'

2020-06-05 11:58:53 - [MESSAGE][PASSED] - Keys 'DOWN + ' sent to object: 'Object Repository/Objects.HighlightElements/input_field_index'

2020-06-05 11:58:53 - [TEST_STEP][PASSED] - sendKeys(NewInputNmField, Keys.chord(ARROW_DOWN)): Keys 'DOWN + ' sent to object: 'Object Repository/Objects.HighlightElements/input_field_index'

2020-06-05 11:58:53 - [MESSAGE][PASSED] - Keys 'DOWN + ' sent to object: 'Object Repository/Objects.HighlightElements/input_field_index'

2020-06-05 11:58:53 - [TEST_STEP][PASSED] - delay(DelayTime): Delayed 2 second(s)

2020-06-05 11:58:55 - [MESSAGE][PASSED] - Delayed 2 second(s)

2020-06-05 11:58:55 - [TEST_STEP][PASSED] - sendKeys(NewInputNmField, Keys.chord(ENTER)): Keys 'ENTER + ' sent to object: 'Object Repository/Objects.HighlightElements/input_field_index'

2020-06-05 11:58:55 - [MESSAGE][PASSED] - Keys 'ENTER + ' sent to object: 'Object Repository/Objects.HighlightElements/input_field_index'

2020-06-05 11:58:55 - [TEST_STEP][PASSED] - ComboBoxValue = getAttribute(NewInputNmField, "value"): Attribute 'value' of object 'Object Repository/Objects.HighlightElements/input_field_index' is: 'MBS- Marina Bay Sands'

2020-06-05 11:58:55 - [MESSAGE][PASSED] - Attribute 'value' of object 'Object Repository/Objects.HighlightElements/input_field_index' is: 'MBS- Marina Bay Sands'

2020-06-05 11:58:55 - [TEST_STEP][PASSED] - callTestCase(findTestCase(CallTCName), ["FindValue":ComboBoxValue, "DropdownNm":comboNm], STOP_ON_FAILURE): Call Test Case 'Test Cases/PFI Precision and Scale/HashMap Tables/ExternalAgencyLists' successfully

2020-06-05 11:58:55 - [TEST_CASE][PASSED] - Test Cases/PFI Precision and Scale/HashMap Tables/ExternalAgencyLists: Test Cases/PFI Precision and Scale/HashMap Tables/ExternalAgencyLists

2020-06-05 11:58:55 - [TEST_STEP][PASSED] - Thread.sleep(1000): null

2020-06-05 11:58:56 - [TEST_STEP][PASSED] - ExtAgencyTBL = [1:"HDB", 2:"AVA", 3:"CAAS", 4:"DSTA", 5:"EXXONMOBIL", 6:"Embassy", 7:"JTC Cat 1A", 8:"MBS- Marina Bay Sands", 9:"MCYS", 10:"MICA", ... ]: null

2020-06-05 11:58:56 - [TEST_STEP][PASSED] - ValueFound = ExtAgencyTBL.find({ -> ... }): null

2020-06-05 11:58:56 - [MESSAGE][PASSED] - Call Test Case 'Test Cases/PFI Precision and Scale/HashMap Tables/ExternalAgencyLists' successfully

2020-06-05 11:58:56 - [TEST_STEP][PASSED] - println(ValueFound): null

2020-06-05 11:58:56 - [TEST_STEP][PASSED] - sendKeys(NewInputNmField, Keys.chord(ARROW_DOWN)): Keys 'DOWN + ' sent to object: 'Object Repository/Objects.HighlightElements/input_field_index'

2020-06-05 11:58:56 - [MESSAGE][PASSED] - Keys 'DOWN + ' sent to object: 'Object Repository/Objects.HighlightElements/input_field_index'

2020-06-05 11:58:56 - [TEST_STEP][PASSED] - sendKeys(NewInputNmField, Keys.chord(ARROW_DOWN)): Keys 'DOWN + ' sent to object: 'Object Repository/Objects.HighlightElements/input_field_index'

2020-06-05 11:58:56 - [MESSAGE][PASSED] - Keys 'DOWN + ' sent to object: 'Object Repository/Objects.HighlightElements/input_field_index'

2020-06-05 11:58:56 - [TEST_STEP][PASSED] - delay(DelayTime): Delayed 2 second(s)

2020-06-05 11:58:58 - [MESSAGE][PASSED] - Delayed 2 second(s)

2020-06-05 11:58:58 - [TEST_STEP][PASSED] - sendKeys(NewInputNmField, Keys.chord(ENTER)): Keys 'ENTER + ' sent to object: 'Object Repository/Objects.HighlightElements/input_field_index'

2020-06-05 11:58:58 - [MESSAGE][PASSED] - Keys 'ENTER + ' sent to object: 'Object Repository/Objects.HighlightElements/input_field_index'

2020-06-05 11:58:58 - [TEST_STEP][PASSED] - ComboBoxValue = getAttribute(NewInputNmField, "value"): Attribute 'value' of object 'Object Repository/Objects.HighlightElements/input_field_index' is: 'MCYS'

2020-06-05 11:58:58 - [MESSAGE][PASSED] - Attribute 'value' of object 'Object Repository/Objects.HighlightElements/input_field_index' is: 'MCYS'

2020-06-05 11:58:58 - [TEST_STEP][PASSED] - callTestCase(findTestCase(CallTCName), ["FindValue":ComboBoxValue, "DropdownNm":comboNm], STOP_ON_FAILURE): Call Test Case 'Test Cases/PFI Precision and Scale/HashMap Tables/ExternalAgencyLists' successfully

2020-06-05 11:58:58 - [TEST_CASE][PASSED] - Test Cases/PFI Precision and Scale/HashMap Tables/ExternalAgencyLists: Test Cases/PFI Precision and Scale/HashMap Tables/ExternalAgencyLists

2020-06-05 11:58:58 - [TEST_STEP][PASSED] - Thread.sleep(1000): null

2020-06-05 11:58:59 - [TEST_STEP][PASSED] - ExtAgencyTBL = [1:"HDB", 2:"AVA", 3:"CAAS", 4:"DSTA", 5:"EXXONMOBIL", 6:"Embassy", 7:"JTC Cat 1A", 8:"MBS- Marina Bay Sands", 9:"MCYS", 10:"MICA", ... ]: null

2020-06-05 11:58:59 - [TEST_STEP][PASSED] - ValueFound = ExtAgencyTBL.find({ -> ... }): null

2020-06-05 11:58:59 - [MESSAGE][PASSED] - Call Test Case 'Test Cases/PFI Precision and Scale/HashMap Tables/ExternalAgencyLists' successfully

2020-06-05 11:58:59 - [TEST_STEP][PASSED] - println(ValueFound): null

2020-06-05 11:58:59 - [TEST_STEP][PASSED] - sendKeys(NewInputNmField, Keys.chord(ARROW_DOWN)): Keys 'DOWN + ' sent to object: 'Object Repository/Objects.HighlightElements/input_field_index'

2020-06-05 11:58:59 - [MESSAGE][PASSED] - Keys 'DOWN + ' sent to object: 'Object Repository/Objects.HighlightElements/input_field_index'

2020-06-05 11:58:59 - [TEST_STEP][PASSED] - sendKeys(NewInputNmField, Keys.chord(ARROW_DOWN)): Keys 'DOWN + ' sent to object: 'Object Repository/Objects.HighlightElements/input_field_index'

2020-06-05 11:58:59 - [MESSAGE][PASSED] - Keys 'DOWN + ' sent to object: 'Object Repository/Objects.HighlightElements/input_field_index'

2020-06-05 11:58:59 - [TEST_STEP][PASSED] - delay(DelayTime): Delayed 2 second(s)

2020-06-05 11:59:01 - [MESSAGE][PASSED] - Delayed 2 second(s)

2020-06-05 11:59:01 - [TEST_STEP][PASSED] - sendKeys(NewInputNmField, Keys.chord(ENTER)): Keys 'ENTER + ' sent to object: 'Object Repository/Objects.HighlightElements/input_field_index'

2020-06-05 11:59:01 - [MESSAGE][PASSED] - Keys 'ENTER + ' sent to object: 'Object Repository/Objects.HighlightElements/input_field_index'

2020-06-05 11:59:01 - [TEST_STEP][PASSED] - ComboBoxValue = getAttribute(NewInputNmField, "value"): Attribute 'value' of object 'Object Repository/Objects.HighlightElements/input_field_index' is: 'MICA'

2020-06-05 11:59:01 - [MESSAGE][PASSED] - Attribute 'value' of object 'Object Repository/Objects.HighlightElements/input_field_index' is: 'MICA'

2020-06-05 11:59:01 - [TEST_STEP][PASSED] - callTestCase(findTestCase(CallTCName), ["FindValue":ComboBoxValue, "DropdownNm":comboNm], STOP_ON_FAILURE): Call Test Case 'Test Cases/PFI Precision and Scale/HashMap Tables/ExternalAgencyLists' successfully

2020-06-05 11:59:01 - [TEST_CASE][PASSED] - Test Cases/PFI Precision and Scale/HashMap Tables/ExternalAgencyLists: Test Cases/PFI Precision and Scale/HashMap Tables/ExternalAgencyLists

2020-06-05 11:59:01 - [TEST_STEP][PASSED] - Thread.sleep(1000): null

2020-06-05 11:59:02 - [TEST_STEP][PASSED] - ExtAgencyTBL = [1:"HDB", 2:"AVA", 3:"CAAS", 4:"DSTA", 5:"EXXONMOBIL", 6:"Embassy", 7:"JTC Cat 1A", 8:"MBS- Marina Bay Sands", 9:"MCYS", 10:"MICA", ... ]: null

2020-06-05 11:59:02 - [TEST_STEP][PASSED] - ValueFound = ExtAgencyTBL.find({ -> ... }): null

2020-06-05 11:59:02 - [MESSAGE][PASSED] - Call Test Case 'Test Cases/PFI Precision and Scale/HashMap Tables/ExternalAgencyLists' successfully

2020-06-05 11:59:02 - [TEST_STEP][PASSED] - println(ValueFound): null

2020-06-05 11:59:02 - [TEST_STEP][PASSED] - sendKeys(NewInputNmField, Keys.chord(ARROW_DOWN)): Keys 'DOWN + ' sent to object: 'Object Repository/Objects.HighlightElements/input_field_index'

2020-06-05 11:59:02 - [MESSAGE][PASSED] - Keys 'DOWN + ' sent to object: 'Object Repository/Objects.HighlightElements/input_field_index'

2020-06-05 11:59:02 - [TEST_STEP][PASSED] - sendKeys(NewInputNmField, Keys.chord(ARROW_DOWN)): Keys 'DOWN + ' sent to object: 'Object Repository/Objects.HighlightElements/input_field_index'

2020-06-05 11:59:02 - [MESSAGE][PASSED] - Keys 'DOWN + ' sent to object: 'Object Repository/Objects.HighlightElements/input_field_index'

2020-06-05 11:59:02 - [TEST_STEP][PASSED] - delay(DelayTime): Delayed 2 second(s)

2020-06-05 11:59:04 - [MESSAGE][PASSED] - Delayed 2 second(s)

2020-06-05 11:59:04 - [TEST_STEP][PASSED] - sendKeys(NewInputNmField, Keys.chord(ENTER)): Keys 'ENTER + ' sent to object: 'Object Repository/Objects.HighlightElements/input_field_index'

2020-06-05 11:59:04 - [MESSAGE][PASSED] - Keys 'ENTER + ' sent to object: 'Object Repository/Objects.HighlightElements/input_field_index'

2020-06-05 11:59:04 - [TEST_STEP][PASSED] - ComboBoxValue = getAttribute(NewInputNmField, "value"): Attribute 'value' of object 'Object Repository/Objects.HighlightElements/input_field_index' is: 'MUIS'

2020-06-05 11:59:04 - [MESSAGE][PASSED] - Attribute 'value' of object 'Object Repository/Objects.HighlightElements/input_field_index' is: 'MUIS'

2020-06-05 11:59:04 - [TEST_STEP][PASSED] - callTestCase(findTestCase(CallTCName), ["FindValue":ComboBoxValue, "DropdownNm":comboNm], STOP_ON_FAILURE): Call Test Case 'Test Cases/PFI Precision and Scale/HashMap Tables/ExternalAgencyLists' successfully

2020-06-05 11:59:04 - [TEST_CASE][PASSED] - Test Cases/PFI Precision and Scale/HashMap Tables/ExternalAgencyLists: Test Cases/PFI Precision and Scale/HashMap Tables/ExternalAgencyLists

2020-06-05 11:59:04 - [TEST_STEP][PASSED] - Thread.sleep(1000): null

2020-06-05 11:59:05 - [TEST_STEP][PASSED] - ExtAgencyTBL = [1:"HDB", 2:"AVA", 3:"CAAS", 4:"DSTA", 5:"EXXONMOBIL", 6:"Embassy", 7:"JTC Cat 1A", 8:"MBS- Marina Bay Sands", 9:"MCYS", 10:"MICA", ... ]: null

2020-06-05 11:59:05 - [TEST_STEP][PASSED] - ValueFound = ExtAgencyTBL.find({ -> ... }): null

2020-06-05 11:59:05 - [MESSAGE][PASSED] - Call Test Case 'Test Cases/PFI Precision and Scale/HashMap Tables/ExternalAgencyLists' successfully

2020-06-05 11:59:05 - [TEST_STEP][PASSED] - println(ValueFound): null

2020-06-05 11:59:05 - [TEST_STEP][PASSED] - sendKeys(NewInputNmField, Keys.chord(ARROW_DOWN)): Keys 'DOWN + ' sent to object: 'Object Repository/Objects.HighlightElements/input_field_index'

2020-06-05 11:59:05 - [MESSAGE][PASSED] - Keys 'DOWN + ' sent to object: 'Object Repository/Objects.HighlightElements/input_field_index'

2020-06-05 11:59:05 - [TEST_STEP][PASSED] - sendKeys(NewInputNmField, Keys.chord(ARROW_DOWN)): Keys 'DOWN + ' sent to object: 'Object Repository/Objects.HighlightElements/input_field_index'

2020-06-05 11:59:05 - [MESSAGE][PASSED] - Keys 'DOWN + ' sent to object: 'Object Repository/Objects.HighlightElements/input_field_index'

2020-06-05 11:59:05 - [TEST_STEP][PASSED] - delay(DelayTime): Delayed 2 second(s)

2020-06-05 11:59:07 - [MESSAGE][PASSED] - Delayed 2 second(s)

2020-06-05 11:59:07 - [TEST_STEP][PASSED] - sendKeys(NewInputNmField, Keys.chord(ENTER)): Keys 'ENTER + ' sent to object: 'Object Repository/Objects.HighlightElements/input_field_index'

2020-06-05 11:59:08 - [MESSAGE][PASSED] - Keys 'ENTER + ' sent to object: 'Object Repository/Objects.HighlightElements/input_field_index'

2020-06-05 11:59:08 - [TEST_STEP][PASSED] - ComboBoxValue = getAttribute(NewInputNmField, "value"): Attribute 'value' of object 'Object Repository/Objects.HighlightElements/input_field_index' is: 'Ministry of Defence'

2020-06-05 11:59:08 - [MESSAGE][PASSED] - Attribute 'value' of object 'Object Repository/Objects.HighlightElements/input_field_index' is: 'Ministry of Defence'

2020-06-05 11:59:08 - [TEST_STEP][PASSED] - callTestCase(findTestCase(CallTCName), ["FindValue":ComboBoxValue, "DropdownNm":comboNm], STOP_ON_FAILURE): Call Test Case 'Test Cases/PFI Precision and Scale/HashMap Tables/ExternalAgencyLists' successfully

2020-06-05 11:59:08 - [TEST_CASE][PASSED] - Test Cases/PFI Precision and Scale/HashMap Tables/ExternalAgencyLists: Test Cases/PFI Precision and Scale/HashMap Tables/ExternalAgencyLists

2020-06-05 11:59:08 - [TEST_STEP][PASSED] - Thread.sleep(1000): null

2020-06-05 11:59:09 - [TEST_STEP][PASSED] - ExtAgencyTBL = [1:"HDB", 2:"AVA", 3:"CAAS", 4:"DSTA", 5:"EXXONMOBIL", 6:"Embassy", 7:"JTC Cat 1A", 8:"MBS- Marina Bay Sands", 9:"MCYS", 10:"MICA", ... ]: null

2020-06-05 11:59:09 - [TEST_STEP][PASSED] - ValueFound = ExtAgencyTBL.find({ -> ... }): null

2020-06-05 11:59:09 - [MESSAGE][PASSED] - Call Test Case 'Test Cases/PFI Precision and Scale/HashMap Tables/ExternalAgencyLists' successfully

2020-06-05 11:59:09 - [TEST_STEP][PASSED] - println(ValueFound): null

2020-06-05 11:59:09 - [TEST_STEP][PASSED] - sendKeys(NewInputNmField, Keys.chord(ARROW_DOWN)): Keys 'DOWN + ' sent to object: 'Object Repository/Objects.HighlightElements/input_field_index'

2020-06-05 11:59:09 - [MESSAGE][PASSED] - Keys 'DOWN + ' sent to object: 'Object Repository/Objects.HighlightElements/input_field_index'

2020-06-05 11:59:09 - [TEST_STEP][PASSED] - sendKeys(NewInputNmField, Keys.chord(ARROW_DOWN)): Keys 'DOWN + ' sent to object: 'Object Repository/Objects.HighlightElements/input_field_index'

2020-06-05 11:59:09 - [MESSAGE][PASSED] - Keys 'DOWN + ' sent to object: 'Object Repository/Objects.HighlightElements/input_field_index'

2020-06-05 11:59:09 - [TEST_STEP][PASSED] - delay(DelayTime): Delayed 2 second(s)

2020-06-05 11:59:11 - [MESSAGE][PASSED] - Delayed 2 second(s)

2020-06-05 11:59:11 - [TEST_STEP][PASSED] - sendKeys(NewInputNmField, Keys.chord(ENTER)): Keys 'ENTER + ' sent to object: 'Object Repository/Objects.HighlightElements/input_field_index'

2020-06-05 11:59:11 - [MESSAGE][PASSED] - Keys 'ENTER + ' sent to object: 'Object Repository/Objects.HighlightElements/input_field_index'

2020-06-05 11:59:11 - [TEST_STEP][PASSED] - ComboBoxValue = getAttribute(NewInputNmField, "value"): Attribute 'value' of object 'Object Repository/Objects.HighlightElements/input_field_index' is: 'Ministry of Education'

2020-06-05 11:59:11 - [MESSAGE][PASSED] - Attribute 'value' of object 'Object Repository/Objects.HighlightElements/input_field_index' is: 'Ministry of Education'

2020-06-05 11:59:11 - [TEST_STEP][PASSED] - callTestCase(findTestCase(CallTCName), ["FindValue":ComboBoxValue, "DropdownNm":comboNm], STOP_ON_FAILURE): Call Test Case 'Test Cases/PFI Precision and Scale/HashMap Tables/ExternalAgencyLists' successfully

2020-06-05 11:59:11 - [TEST_CASE][PASSED] - Test Cases/PFI Precision and Scale/HashMap Tables/ExternalAgencyLists: Test Cases/PFI Precision and Scale/HashMap Tables/ExternalAgencyLists

2020-06-05 11:59:11 - [TEST_STEP][PASSED] - Thread.sleep(1000): null

2020-06-05 11:59:12 - [TEST_STEP][PASSED] - ExtAgencyTBL = [1:"HDB", 2:"AVA", 3:"CAAS", 4:"DSTA", 5:"EXXONMOBIL", 6:"Embassy", 7:"JTC Cat 1A", 8:"MBS- Marina Bay Sands", 9:"MCYS", 10:"MICA", ... ]: null

2020-06-05 11:59:12 - [TEST_STEP][PASSED] - ValueFound = ExtAgencyTBL.find({ -> ... }): null

2020-06-05 11:59:12 - [MESSAGE][PASSED] - Call Test Case 'Test Cases/PFI Precision and Scale/HashMap Tables/ExternalAgencyLists' successfully

2020-06-05 11:59:12 - [TEST_STEP][PASSED] - println(ValueFound): null

2020-06-05 11:59:12 - [TEST_STEP][PASSED] - sendKeys(NewInputNmField, Keys.chord(ARROW_DOWN)): Keys 'DOWN + ' sent to object: 'Object Repository/Objects.HighlightElements/input_field_index'

2020-06-05 11:59:12 - [MESSAGE][PASSED] - Keys 'DOWN + ' sent to object: 'Object Repository/Objects.HighlightElements/input_field_index'

2020-06-05 11:59:12 - [TEST_STEP][PASSED] - sendKeys(NewInputNmField, Keys.chord(ARROW_DOWN)): Keys 'DOWN + ' sent to object: 'Object Repository/Objects.HighlightElements/input_field_index'

2020-06-05 11:59:12 - [MESSAGE][PASSED] - Keys 'DOWN + ' sent to object: 'Object Repository/Objects.HighlightElements/input_field_index'

2020-06-05 11:59:12 - [TEST_STEP][PASSED] - delay(DelayTime): Delayed 2 second(s)

2020-06-05 11:59:14 - [MESSAGE][PASSED] - Delayed 2 second(s)

2020-06-05 11:59:14 - [TEST_STEP][PASSED] - sendKeys(NewInputNmField, Keys.chord(ENTER)): Keys 'ENTER + ' sent to object: 'Object Repository/Objects.HighlightElements/input_field_index'

2020-06-05 11:59:14 - [MESSAGE][PASSED] - Keys 'ENTER + ' sent to object: 'Object Repository/Objects.HighlightElements/input_field_index'

2020-06-05 11:59:14 - [TEST_STEP][PASSED] - ComboBoxValue = getAttribute(NewInputNmField, "value"): Attribute 'value' of object 'Object Repository/Objects.HighlightElements/input_field_index' is: 'Ministry of Foreign Affairs'

2020-06-05 11:59:14 - [MESSAGE][PASSED] - Attribute 'value' of object 'Object Repository/Objects.HighlightElements/input_field_index' is: 'Ministry of Foreign Affairs'

2020-06-05 11:59:14 - [TEST_STEP][PASSED] - callTestCase(findTestCase(CallTCName), ["FindValue":ComboBoxValue, "DropdownNm":comboNm], STOP_ON_FAILURE): Call Test Case 'Test Cases/PFI Precision and Scale/HashMap Tables/ExternalAgencyLists' successfully

2020-06-05 11:59:14 - [TEST_CASE][PASSED] - Test Cases/PFI Precision and Scale/HashMap Tables/ExternalAgencyLists: Test Cases/PFI Precision and Scale/HashMap Tables/ExternalAgencyLists

2020-06-05 11:59:14 - [TEST_STEP][PASSED] - Thread.sleep(1000): null

2020-06-05 11:59:15 - [TEST_STEP][PASSED] - ExtAgencyTBL = [1:"HDB", 2:"AVA", 3:"CAAS", 4:"DSTA", 5:"EXXONMOBIL", 6:"Embassy", 7:"JTC Cat 1A", 8:"MBS- Marina Bay Sands", 9:"MCYS", 10:"MICA", ... ]: null

2020-06-05 11:59:15 - [TEST_STEP][PASSED] - ValueFound = ExtAgencyTBL.find({ -> ... }): null

2020-06-05 11:59:15 - [MESSAGE][PASSED] - Call Test Case 'Test Cases/PFI Precision and Scale/HashMap Tables/ExternalAgencyLists' successfully

2020-06-05 11:59:15 - [TEST_STEP][PASSED] - println(ValueFound): null

2020-06-05 11:59:15 - [TEST_STEP][PASSED] - sendKeys(NewInputNmField, Keys.chord(ARROW_DOWN)): Keys 'DOWN + ' sent to object: 'Object Repository/Objects.HighlightElements/input_field_index'

2020-06-05 11:59:15 - [MESSAGE][PASSED] - Keys 'DOWN + ' sent to object: 'Object Repository/Objects.HighlightElements/input_field_index'

2020-06-05 11:59:15 - [TEST_STEP][PASSED] - sendKeys(NewInputNmField, Keys.chord(ARROW_DOWN)): Keys 'DOWN + ' sent to object: 'Object Repository/Objects.HighlightElements/input_field_index'

2020-06-05 11:59:15 - [MESSAGE][PASSED] - Keys 'DOWN + ' sent to object: 'Object Repository/Objects.HighlightElements/input_field_index'

2020-06-05 11:59:15 - [TEST_STEP][PASSED] - delay(DelayTime): Delayed 2 second(s)

2020-06-05 11:59:17 - [MESSAGE][PASSED] - Delayed 2 second(s)

2020-06-05 11:59:17 - [TEST_STEP][PASSED] - sendKeys(NewInputNmField, Keys.chord(ENTER)): Keys 'ENTER + ' sent to object: 'Object Repository/Objects.HighlightElements/input_field_index'

2020-06-05 11:59:17 - [MESSAGE][PASSED] - Keys 'ENTER + ' sent to object: 'Object Repository/Objects.HighlightElements/input_field_index'

2020-06-05 11:59:17 - [TEST_STEP][PASSED] - ComboBoxValue = getAttribute(NewInputNmField, "value"): Attribute 'value' of object 'Object Repository/Objects.HighlightElements/input_field_index' is: 'Ministry of Health'

2020-06-05 11:59:17 - [MESSAGE][PASSED] - Attribute 'value' of object 'Object Repository/Objects.HighlightElements/input_field_index' is: 'Ministry of Health'

2020-06-05 11:59:17 - [TEST_STEP][PASSED] - callTestCase(findTestCase(CallTCName), ["FindValue":ComboBoxValue, "DropdownNm":comboNm], STOP_ON_FAILURE): Call Test Case 'Test Cases/PFI Precision and Scale/HashMap Tables/ExternalAgencyLists' successfully

2020-06-05 11:59:17 - [TEST_CASE][PASSED] - Test Cases/PFI Precision and Scale/HashMap Tables/ExternalAgencyLists: Test Cases/PFI Precision and Scale/HashMap Tables/ExternalAgencyLists

2020-06-05 11:59:17 - [TEST_STEP][PASSED] - Thread.sleep(1000): null

2020-06-05 11:59:18 - [TEST_STEP][PASSED] - ExtAgencyTBL = [1:"HDB", 2:"AVA", 3:"CAAS", 4:"DSTA", 5:"EXXONMOBIL", 6:"Embassy", 7:"JTC Cat 1A", 8:"MBS- Marina Bay Sands", 9:"MCYS", 10:"MICA", ... ]: null

2020-06-05 11:59:18 - [TEST_STEP][PASSED] - ValueFound = ExtAgencyTBL.find({ -> ... }): null

2020-06-05 11:59:18 - [MESSAGE][PASSED] - Call Test Case 'Test Cases/PFI Precision and Scale/HashMap Tables/ExternalAgencyLists' successfully

2020-06-05 11:59:18 - [TEST_STEP][PASSED] - println(ValueFound): null

2020-06-05 11:59:18 - [TEST_STEP][PASSED] - sendKeys(NewInputNmField, Keys.chord(ARROW_DOWN)): Keys 'DOWN + ' sent to object: 'Object Repository/Objects.HighlightElements/input_field_index'

2020-06-05 11:59:18 - [MESSAGE][PASSED] - Keys 'DOWN + ' sent to object: 'Object Repository/Objects.HighlightElements/input_field_index'

2020-06-05 11:59:18 - [TEST_STEP][PASSED] - sendKeys(NewInputNmField, Keys.chord(ARROW_DOWN)): Keys 'DOWN + ' sent to object: 'Object Repository/Objects.HighlightElements/input_field_index'

2020-06-05 11:59:18 - [MESSAGE][PASSED] - Keys 'DOWN + ' sent to object: 'Object Repository/Objects.HighlightElements/input_field_index'

2020-06-05 11:59:18 - [TEST_STEP][PASSED] - delay(DelayTime): Delayed 2 second(s)

2020-06-05 11:59:20 - [MESSAGE][PASSED] - Delayed 2 second(s)

2020-06-05 11:59:20 - [TEST_STEP][PASSED] - sendKeys(NewInputNmField, Keys.chord(ENTER)): Keys 'ENTER + ' sent to object: 'Object Repository/Objects.HighlightElements/input_field_index'

2020-06-05 11:59:20 - [MESSAGE][PASSED] - Keys 'ENTER + ' sent to object: 'Object Repository/Objects.HighlightElements/input_field_index'

2020-06-05 11:59:20 - [TEST_STEP][PASSED] - ComboBoxValue = getAttribute(NewInputNmField, "value"): Attribute 'value' of object 'Object Repository/Objects.HighlightElements/input_field_index' is: 'Ministry of Home Affairs'

2020-06-05 11:59:20 - [MESSAGE][PASSED] - Attribute 'value' of object 'Object Repository/Objects.HighlightElements/input_field_index' is: 'Ministry of Home Affairs'

2020-06-05 11:59:20 - [TEST_STEP][PASSED] - callTestCase(findTestCase(CallTCName), ["FindValue":ComboBoxValue, "DropdownNm":comboNm], STOP_ON_FAILURE): Call Test Case 'Test Cases/PFI Precision and Scale/HashMap Tables/ExternalAgencyLists' successfully

2020-06-05 11:59:21 - [TEST_CASE][PASSED] - Test Cases/PFI Precision and Scale/HashMap Tables/ExternalAgencyLists: Test Cases/PFI Precision and Scale/HashMap Tables/ExternalAgencyLists

2020-06-05 11:59:21 - [TEST_STEP][PASSED] - Thread.sleep(1000): null

2020-06-05 11:59:22 - [TEST_STEP][PASSED] - ExtAgencyTBL = [1:"HDB", 2:"AVA", 3:"CAAS", 4:"DSTA", 5:"EXXONMOBIL", 6:"Embassy", 7:"JTC Cat 1A", 8:"MBS- Marina Bay Sands", 9:"MCYS", 10:"MICA", ... ]: null

2020-06-05 11:59:22 - [TEST_STEP][PASSED] - ValueFound = ExtAgencyTBL.find({ -> ... }): null

2020-06-05 11:59:22 - [MESSAGE][PASSED] - Call Test Case 'Test Cases/PFI Precision and Scale/HashMap Tables/ExternalAgencyLists' successfully

2020-06-05 11:59:22 - [TEST_STEP][PASSED] - println(ValueFound): null

2020-06-05 11:59:22 - [TEST_STEP][PASSED] - sendKeys(NewInputNmField, Keys.chord(ARROW_DOWN)): Keys 'DOWN + ' sent to object: 'Object Repository/Objects.HighlightElements/input_field_index'

2020-06-05 11:59:22 - [MESSAGE][PASSED] - Keys 'DOWN + ' sent to object: 'Object Repository/Objects.HighlightElements/input_field_index'

2020-06-05 11:59:22 - [TEST_STEP][PASSED] - sendKeys(NewInputNmField, Keys.chord(ARROW_DOWN)): Keys 'DOWN + ' sent to object: 'Object Repository/Objects.HighlightElements/input_field_index'

2020-06-05 11:59:22 - [MESSAGE][PASSED] - Keys 'DOWN + ' sent to object: 'Object Repository/Objects.HighlightElements/input_field_index'

2020-06-05 11:59:22 - [TEST_STEP][PASSED] - delay(DelayTime): Delayed 2 second(s)

2020-06-05 11:59:24 - [MESSAGE][PASSED] - Delayed 2 second(s)

2020-06-05 11:59:24 - [TEST_STEP][PASSED] - sendKeys(NewInputNmField, Keys.chord(ENTER)): Keys 'ENTER + ' sent to object: 'Object Repository/Objects.HighlightElements/input_field_index'

2020-06-05 11:59:24 - [MESSAGE][PASSED] - Keys 'ENTER + ' sent to object: 'Object Repository/Objects.HighlightElements/input_field_index'

2020-06-05 11:59:24 - [TEST_STEP][PASSED] - ComboBoxValue = getAttribute(NewInputNmField, "value"): Attribute 'value' of object 'Object Repository/Objects.HighlightElements/input_field_index' is: 'National Environment Agency'

2020-06-05 11:59:24 - [MESSAGE][PASSED] - Attribute 'value' of object 'Object Repository/Objects.HighlightElements/input_field_index' is: 'National Environment Agency'

2020-06-05 11:59:24 - [TEST_STEP][PASSED] - callTestCase(findTestCase(CallTCName), ["FindValue":ComboBoxValue, "DropdownNm":comboNm], STOP_ON_FAILURE): Call Test Case 'Test Cases/PFI Precision and Scale/HashMap Tables/ExternalAgencyLists' successfully

2020-06-05 11:59:24 - [TEST_CASE][PASSED] - Test Cases/PFI Precision and Scale/HashMap Tables/ExternalAgencyLists: Test Cases/PFI Precision and Scale/HashMap Tables/ExternalAgencyLists

2020-06-05 11:59:24 - [TEST_STEP][PASSED] - Thread.sleep(1000): null

2020-06-05 11:59:25 - [TEST_STEP][PASSED] - ExtAgencyTBL = [1:"HDB", 2:"AVA", 3:"CAAS", 4:"DSTA", 5:"EXXONMOBIL", 6:"Embassy", 7:"JTC Cat 1A", 8:"MBS- Marina Bay Sands", 9:"MCYS", 10:"MICA", ... ]: null

2020-06-05 11:59:25 - [TEST_STEP][PASSED] - ValueFound = ExtAgencyTBL.find({ -> ... }): null

2020-06-05 11:59:25 - [MESSAGE][PASSED] - Call Test Case 'Test Cases/PFI Precision and Scale/HashMap Tables/ExternalAgencyLists' successfully

2020-06-05 11:59:25 - [TEST_STEP][PASSED] - println(ValueFound): null

2020-06-05 11:59:25 - [TEST_STEP][PASSED] - sendKeys(NewInputNmField, Keys.chord(ARROW_DOWN)): Keys 'DOWN + ' sent to object: 'Object Repository/Objects.HighlightElements/input_field_index'

2020-06-05 11:59:25 - [MESSAGE][PASSED] - Keys 'DOWN + ' sent to object: 'Object Repository/Objects.HighlightElements/input_field_index'

2020-06-05 11:59:25 - [TEST_STEP][PASSED] - sendKeys(NewInputNmField, Keys.chord(ARROW_DOWN)): Keys 'DOWN + ' sent to object: 'Object Repository/Objects.HighlightElements/input_field_index'

2020-06-05 11:59:25 - [MESSAGE][PASSED] - Keys 'DOWN + ' sent to object: 'Object Repository/Objects.HighlightElements/input_field_index'

2020-06-05 11:59:25 - [TEST_STEP][PASSED] - delay(DelayTime): Delayed 2 second(s)

2020-06-05 11:59:27 - [MESSAGE][PASSED] - Delayed 2 second(s)

2020-06-05 11:59:27 - [TEST_STEP][PASSED] - sendKeys(NewInputNmField, Keys.chord(ENTER)): Keys 'ENTER + ' sent to object: 'Object Repository/Objects.HighlightElements/input_field_index'

2020-06-05 11:59:27 - [MESSAGE][PASSED] - Keys 'ENTER + ' sent to object: 'Object Repository/Objects.HighlightElements/input_field_index'

2020-06-05 11:59:27 - [TEST_STEP][PASSED] - ComboBoxValue = getAttribute(NewInputNmField, "value"): Attribute 'value' of object 'Object Repository/Objects.HighlightElements/input_field_index' is: 'National Heritage Board'

2020-06-05 11:59:27 - [MESSAGE][PASSED] - Attribute 'value' of object 'Object Repository/Objects.HighlightElements/input_field_index' is: 'National Heritage Board'

2020-06-05 11:59:27 - [TEST_STEP][PASSED] - callTestCase(findTestCase(CallTCName), ["FindValue":ComboBoxValue, "DropdownNm":comboNm], STOP_ON_FAILURE): Call Test Case 'Test Cases/PFI Precision and Scale/HashMap Tables/ExternalAgencyLists' successfully

2020-06-05 11:59:27 - [TEST_CASE][PASSED] - Test Cases/PFI Precision and Scale/HashMap Tables/ExternalAgencyLists: Test Cases/PFI Precision and Scale/HashMap Tables/ExternalAgencyLists

2020-06-05 11:59:27 - [TEST_STEP][PASSED] - Thread.sleep(1000): null

2020-06-05 11:59:28 - [TEST_STEP][PASSED] - ExtAgencyTBL = [1:"HDB", 2:"AVA", 3:"CAAS", 4:"DSTA", 5:"EXXONMOBIL", 6:"Embassy", 7:"JTC Cat 1A", 8:"MBS- Marina Bay Sands", 9:"MCYS", 10:"MICA", ... ]: null

2020-06-05 11:59:28 - [TEST_STEP][PASSED] - ValueFound = ExtAgencyTBL.find({ -> ... }): null

2020-06-05 11:59:28 - [MESSAGE][PASSED] - Call Test Case 'Test Cases/PFI Precision and Scale/HashMap Tables/ExternalAgencyLists' successfully

2020-06-05 11:59:28 - [TEST_STEP][PASSED] - println(ValueFound): null

2020-06-05 11:59:28 - [TEST_STEP][PASSED] - sendKeys(NewInputNmField, Keys.chord(ARROW_DOWN)): Keys 'DOWN + ' sent to object: 'Object Repository/Objects.HighlightElements/input_field_index'

2020-06-05 11:59:28 - [MESSAGE][PASSED] - Keys 'DOWN + ' sent to object: 'Object Repository/Objects.HighlightElements/input_field_index'

2020-06-05 11:59:28 - [TEST_STEP][PASSED] - sendKeys(NewInputNmField, Keys.chord(ARROW_DOWN)): Keys 'DOWN + ' sent to object: 'Object Repository/Objects.HighlightElements/input_field_index'

2020-06-05 11:59:28 - [MESSAGE][PASSED] - Keys 'DOWN + ' sent to object: 'Object Repository/Objects.HighlightElements/input_field_index'

2020-06-05 11:59:28 - [TEST_STEP][PASSED] - delay(DelayTime): Delayed 2 second(s)

2020-06-05 11:59:30 - [MESSAGE][PASSED] - Delayed 2 second(s)

2020-06-05 11:59:30 - [TEST_STEP][PASSED] - sendKeys(NewInputNmField, Keys.chord(ENTER)): Keys 'ENTER + ' sent to object: 'Object Repository/Objects.HighlightElements/input_field_index'

2020-06-05 11:59:30 - [MESSAGE][PASSED] - Keys 'ENTER + ' sent to object: 'Object Repository/Objects.HighlightElements/input_field_index'

2020-06-05 11:59:30 - [TEST_STEP][PASSED] - ComboBoxValue = getAttribute(NewInputNmField, "value"): Attribute 'value' of object 'Object Repository/Objects.HighlightElements/input_field_index' is: 'National Parks Board'

2020-06-05 11:59:30 - [MESSAGE][PASSED] - Attribute 'value' of object 'Object Repository/Objects.HighlightElements/input_field_index' is: 'National Parks Board'

2020-06-05 11:59:30 - [TEST_STEP][PASSED] - callTestCase(findTestCase(CallTCName), ["FindValue":ComboBoxValue, "DropdownNm":comboNm], STOP_ON_FAILURE): Call Test Case 'Test Cases/PFI Precision and Scale/HashMap Tables/ExternalAgencyLists' successfully

2020-06-05 11:59:30 - [TEST_CASE][PASSED] - Test Cases/PFI Precision and Scale/HashMap Tables/ExternalAgencyLists: Test Cases/PFI Precision and Scale/HashMap Tables/ExternalAgencyLists

2020-06-05 11:59:30 - [TEST_STEP][PASSED] - Thread.sleep(1000): null

2020-06-05 11:59:31 - [TEST_STEP][PASSED] - ExtAgencyTBL = [1:"HDB", 2:"AVA", 3:"CAAS", 4:"DSTA", 5:"EXXONMOBIL", 6:"Embassy", 7:"JTC Cat 1A", 8:"MBS- Marina Bay Sands", 9:"MCYS", 10:"MICA", ... ]: null

2020-06-05 11:59:31 - [TEST_STEP][PASSED] - ValueFound = ExtAgencyTBL.find({ -> ... }): null

2020-06-05 11:59:31 - [MESSAGE][PASSED] - Call Test Case 'Test Cases/PFI Precision and Scale/HashMap Tables/ExternalAgencyLists' successfully

2020-06-05 11:59:31 - [TEST_STEP][PASSED] - println(ValueFound): null

2020-06-05 11:59:31 - [TEST_STEP][PASSED] - sendKeys(NewInputNmField, Keys.chord(ARROW_DOWN)): Keys 'DOWN + ' sent to object: 'Object Repository/Objects.HighlightElements/input_field_index'

2020-06-05 11:59:31 - [MESSAGE][PASSED] - Keys 'DOWN + ' sent to object: 'Object Repository/Objects.HighlightElements/input_field_index'

2020-06-05 11:59:31 - [TEST_STEP][PASSED] - sendKeys(NewInputNmField, Keys.chord(ARROW_DOWN)): Keys 'DOWN + ' sent to object: 'Object Repository/Objects.HighlightElements/input_field_index'

2020-06-05 11:59:31 - [MESSAGE][PASSED] - Keys 'DOWN + ' sent to object: 'Object Repository/Objects.HighlightElements/input_field_index'

2020-06-05 11:59:31 - [TEST_STEP][PASSED] - delay(DelayTime): Delayed 2 second(s)

2020-06-05 11:59:33 - [MESSAGE][PASSED] - Delayed 2 second(s)

2020-06-05 11:59:33 - [TEST_STEP][PASSED] - sendKeys(NewInputNmField, Keys.chord(ENTER)): Keys 'ENTER + ' sent to object: 'Object Repository/Objects.HighlightElements/input_field_index'

2020-06-05 11:59:33 - [MESSAGE][PASSED] - Keys 'ENTER + ' sent to object: 'Object Repository/Objects.HighlightElements/input_field_index'

2020-06-05 11:59:33 - [TEST_STEP][PASSED] - ComboBoxValue = getAttribute(NewInputNmField, "value"): Attribute 'value' of object 'Object Repository/Objects.HighlightElements/input_field_index' is: 'POWER GRID'

2020-06-05 11:59:33 - [MESSAGE][PASSED] - Attribute 'value' of object 'Object Repository/Objects.HighlightElements/input_field_index' is: 'POWER GRID'

2020-06-05 11:59:33 - [TEST_STEP][PASSED] - callTestCase(findTestCase(CallTCName), ["FindValue":ComboBoxValue, "DropdownNm":comboNm], STOP_ON_FAILURE): Call Test Case 'Test Cases/PFI Precision and Scale/HashMap Tables/ExternalAgencyLists' successfully

2020-06-05 11:59:33 - [TEST_CASE][PASSED] - Test Cases/PFI Precision and Scale/HashMap Tables/ExternalAgencyLists: Test Cases/PFI Precision and Scale/HashMap Tables/ExternalAgencyLists

2020-06-05 11:59:33 - [TEST_STEP][PASSED] - Thread.sleep(1000): null

2020-06-05 11:59:34 - [TEST_STEP][PASSED] - ExtAgencyTBL = [1:"HDB", 2:"AVA", 3:"CAAS", 4:"DSTA", 5:"EXXONMOBIL", 6:"Embassy", 7:"JTC Cat 1A", 8:"MBS- Marina Bay Sands", 9:"MCYS", 10:"MICA", ... ]: null

2020-06-05 11:59:34 - [TEST_STEP][PASSED] - ValueFound = ExtAgencyTBL.find({ -> ... }): null

2020-06-05 11:59:34 - [MESSAGE][PASSED] - Call Test Case 'Test Cases/PFI Precision and Scale/HashMap Tables/ExternalAgencyLists' successfully

2020-06-05 11:59:34 - [TEST_STEP][PASSED] - println(ValueFound): null

2020-06-05 11:59:34 - [TEST_STEP][PASSED] - sendKeys(NewInputNmField, Keys.chord(ARROW_DOWN)): Keys 'DOWN + ' sent to object: 'Object Repository/Objects.HighlightElements/input_field_index'

2020-06-05 11:59:34 - [MESSAGE][PASSED] - Keys 'DOWN + ' sent to object: 'Object Repository/Objects.HighlightElements/input_field_index'

2020-06-05 11:59:34 - [TEST_STEP][PASSED] - sendKeys(NewInputNmField, Keys.chord(ARROW_DOWN)): Keys 'DOWN + ' sent to object: 'Object Repository/Objects.HighlightElements/input_field_index'

2020-06-05 11:59:34 - [MESSAGE][PASSED] - Keys 'DOWN + ' sent to object: 'Object Repository/Objects.HighlightElements/input_field_index'

2020-06-05 11:59:34 - [TEST_STEP][PASSED] - delay(DelayTime): Delayed 2 second(s)

2020-06-05 11:59:37 - [MESSAGE][PASSED] - Delayed 2 second(s)

2020-06-05 11:59:37 - [TEST_STEP][PASSED] - sendKeys(NewInputNmField, Keys.chord(ENTER)): Keys 'ENTER + ' sent to object: 'Object Repository/Objects.HighlightElements/input_field_index'

2020-06-05 11:59:37 - [MESSAGE][PASSED] - Keys 'ENTER + ' sent to object: 'Object Repository/Objects.HighlightElements/input_field_index'

2020-06-05 11:59:37 - [TEST_STEP][PASSED] - ComboBoxValue = getAttribute(NewInputNmField, "value"): Attribute 'value' of object 'Object Repository/Objects.HighlightElements/input_field_index' is: 'PUB, the National Water Agency'

2020-06-05 11:59:37 - [MESSAGE][PASSED] - Attribute 'value' of object 'Object Repository/Objects.HighlightElements/input_field_index' is: 'PUB, the National Water Agency'

2020-06-05 11:59:37 - [TEST_STEP][PASSED] - callTestCase(findTestCase(CallTCName), ["FindValue":ComboBoxValue, "DropdownNm":comboNm], STOP_ON_FAILURE): Call Test Case 'Test Cases/PFI Precision and Scale/HashMap Tables/ExternalAgencyLists' successfully

2020-06-05 11:59:37 - [TEST_CASE][PASSED] - Test Cases/PFI Precision and Scale/HashMap Tables/ExternalAgencyLists: Test Cases/PFI Precision and Scale/HashMap Tables/ExternalAgencyLists

2020-06-05 11:59:37 - [TEST_STEP][PASSED] - Thread.sleep(1000): null

2020-06-05 11:59:38 - [TEST_STEP][PASSED] - ExtAgencyTBL = [1:"HDB", 2:"AVA", 3:"CAAS", 4:"DSTA", 5:"EXXONMOBIL", 6:"Embassy", 7:"JTC Cat 1A", 8:"MBS- Marina Bay Sands", 9:"MCYS", 10:"MICA", ... ]: null

2020-06-05 11:59:38 - [TEST_STEP][PASSED] - ValueFound = ExtAgencyTBL.find({ -> ... }): null

2020-06-05 11:59:38 - [MESSAGE][PASSED] - Call Test Case 'Test Cases/PFI Precision and Scale/HashMap Tables/ExternalAgencyLists' successfully

2020-06-05 11:59:38 - [TEST_STEP][PASSED] - println(ValueFound): null

2020-06-05 11:59:38 - [TEST_STEP][PASSED] - sendKeys(NewInputNmField, Keys.chord(ARROW_DOWN)): Keys 'DOWN + ' sent to object: 'Object Repository/Objects.HighlightElements/input_field_index'

2020-06-05 11:59:38 - [MESSAGE][PASSED] - Keys 'DOWN + ' sent to object: 'Object Repository/Objects.HighlightElements/input_field_index'

2020-06-05 11:59:38 - [TEST_STEP][PASSED] - sendKeys(NewInputNmField, Keys.chord(ARROW_DOWN)): Keys 'DOWN + ' sent to object: 'Object Repository/Objects.HighlightElements/input_field_index'

2020-06-05 11:59:38 - [MESSAGE][PASSED] - Keys 'DOWN + ' sent to object: 'Object Repository/Objects.HighlightElements/input_field_index'

2020-06-05 11:59:38 - [TEST_STEP][PASSED] - delay(DelayTime): Delayed 2 second(s)

2020-06-05 11:59:40 - [MESSAGE][PASSED] - Delayed 2 second(s)

2020-06-05 11:59:40 - [TEST_STEP][PASSED] - sendKeys(NewInputNmField, Keys.chord(ENTER)): Keys 'ENTER + ' sent to object: 'Object Repository/Objects.HighlightElements/input_field_index'

2020-06-05 11:59:40 - [MESSAGE][PASSED] - Keys 'ENTER + ' sent to object: 'Object Repository/Objects.HighlightElements/input_field_index'

2020-06-05 11:59:40 - [TEST_STEP][PASSED] - ComboBoxValue = getAttribute(NewInputNmField, "value"): Attribute 'value' of object 'Object Repository/Objects.HighlightElements/input_field_index' is: 'People's Association'

2020-06-05 11:59:40 - [MESSAGE][PASSED] - Attribute 'value' of object 'Object Repository/Objects.HighlightElements/input_field_index' is: 'People's Association'

2020-06-05 11:59:40 - [TEST_STEP][PASSED] - callTestCase(findTestCase(CallTCName), ["FindValue":ComboBoxValue, "DropdownNm":comboNm], STOP_ON_FAILURE): Call Test Case 'Test Cases/PFI Precision and Scale/HashMap Tables/ExternalAgencyLists' successfully

2020-06-05 11:59:40 - [TEST_CASE][PASSED] - Test Cases/PFI Precision and Scale/HashMap Tables/ExternalAgencyLists: Test Cases/PFI Precision and Scale/HashMap Tables/ExternalAgencyLists

2020-06-05 11:59:40 - [TEST_STEP][PASSED] - Thread.sleep(1000): null

2020-06-05 11:59:41 - [TEST_STEP][PASSED] - ExtAgencyTBL = [1:"HDB", 2:"AVA", 3:"CAAS", 4:"DSTA", 5:"EXXONMOBIL", 6:"Embassy", 7:"JTC Cat 1A", 8:"MBS- Marina Bay Sands", 9:"MCYS", 10:"MICA", ... ]: null

2020-06-05 11:59:41 - [TEST_STEP][PASSED] - ValueFound = ExtAgencyTBL.find({ -> ... }): null

2020-06-05 11:59:41 - [MESSAGE][PASSED] - Call Test Case 'Test Cases/PFI Precision and Scale/HashMap Tables/ExternalAgencyLists' successfully

2020-06-05 11:59:41 - [TEST_STEP][PASSED] - println(ValueFound): null

2020-06-05 11:59:41 - [TEST_STEP][PASSED] - sendKeys(NewInputNmField, Keys.chord(ARROW_DOWN)): Keys 'DOWN + ' sent to object: 'Object Repository/Objects.HighlightElements/input_field_index'

2020-06-05 11:59:41 - [MESSAGE][PASSED] - Keys 'DOWN + ' sent to object: 'Object Repository/Objects.HighlightElements/input_field_index'

2020-06-05 11:59:41 - [TEST_STEP][PASSED] - sendKeys(NewInputNmField, Keys.chord(ARROW_DOWN)): Keys 'DOWN + ' sent to object: 'Object Repository/Objects.HighlightElements/input_field_index'

2020-06-05 11:59:41 - [MESSAGE][PASSED] - Keys 'DOWN + ' sent to object: 'Object Repository/Objects.HighlightElements/input_field_index'

2020-06-05 11:59:41 - [TEST_STEP][PASSED] - delay(DelayTime): Delayed 2 second(s)

2020-06-05 11:59:43 - [MESSAGE][PASSED] - Delayed 2 second(s)

2020-06-05 11:59:43 - [TEST_STEP][PASSED] - sendKeys(NewInputNmField, Keys.chord(ENTER)): Keys 'ENTER + ' sent to object: 'Object Repository/Objects.HighlightElements/input_field_index'

2020-06-05 11:59:43 - [MESSAGE][PASSED] - Keys 'ENTER + ' sent to object: 'Object Repository/Objects.HighlightElements/input_field_index'

2020-06-05 11:59:43 - [TEST_STEP][PASSED] - ComboBoxValue = getAttribute(NewInputNmField, "value"): Attribute 'value' of object 'Object Repository/Objects.HighlightElements/input_field_index' is: 'Polytechnic'

2020-06-05 11:59:43 - [MESSAGE][PASSED] - Attribute 'value' of object 'Object Repository/Objects.HighlightElements/input_field_index' is: 'Polytechnic'

2020-06-05 11:59:43 - [TEST_STEP][PASSED] - callTestCase(findTestCase(CallTCName), ["FindValue":ComboBoxValue, "DropdownNm":comboNm], STOP_ON_FAILURE): Call Test Case 'Test Cases/PFI Precision and Scale/HashMap Tables/ExternalAgencyLists' successfully

2020-06-05 11:59:43 - [TEST_CASE][PASSED] - Test Cases/PFI Precision and Scale/HashMap Tables/ExternalAgencyLists: Test Cases/PFI Precision and Scale/HashMap Tables/ExternalAgencyLists

2020-06-05 11:59:43 - [TEST_STEP][PASSED] - Thread.sleep(1000): null

2020-06-05 11:59:44 - [TEST_STEP][PASSED] - ExtAgencyTBL = [1:"HDB", 2:"AVA", 3:"CAAS", 4:"DSTA", 5:"EXXONMOBIL", 6:"Embassy", 7:"JTC Cat 1A", 8:"MBS- Marina Bay Sands", 9:"MCYS", 10:"MICA", ... ]: null

2020-06-05 11:59:44 - [TEST_STEP][PASSED] - ValueFound = ExtAgencyTBL.find({ -> ... }): null

2020-06-05 11:59:44 - [MESSAGE][PASSED] - Call Test Case 'Test Cases/PFI Precision and Scale/HashMap Tables/ExternalAgencyLists' successfully

2020-06-05 11:59:44 - [TEST_STEP][PASSED] - println(ValueFound): null

2020-06-05 11:59:44 - [TEST_STEP][PASSED] - sendKeys(NewInputNmField, Keys.chord(ARROW_DOWN)): Keys 'DOWN + ' sent to object: 'Object Repository/Objects.HighlightElements/input_field_index'

2020-06-05 11:59:44 - [MESSAGE][PASSED] - Keys 'DOWN + ' sent to object: 'Object Repository/Objects.HighlightElements/input_field_index'

2020-06-05 11:59:44 - [TEST_STEP][PASSED] - sendKeys(NewInputNmField, Keys.chord(ARROW_DOWN)): Keys 'DOWN + ' sent to object: 'Object Repository/Objects.HighlightElements/input_field_index'

2020-06-05 11:59:44 - [MESSAGE][PASSED] - Keys 'DOWN + ' sent to object: 'Object Repository/Objects.HighlightElements/input_field_index'

2020-06-05 11:59:44 - [TEST_STEP][PASSED] - delay(DelayTime): Delayed 2 second(s)

2020-06-05 11:59:46 - [MESSAGE][PASSED] - Delayed 2 second(s)

2020-06-05 11:59:46 - [TEST_STEP][PASSED] - sendKeys(NewInputNmField, Keys.chord(ENTER)): Keys 'ENTER + ' sent to object: 'Object Repository/Objects.HighlightElements/input_field_index'

2020-06-05 11:59:46 - [MESSAGE][PASSED] - Keys 'ENTER + ' sent to object: 'Object Repository/Objects.HighlightElements/input_field_index'

2020-06-05 11:59:46 - [TEST_STEP][PASSED] - ComboBoxValue = getAttribute(NewInputNmField, "value"): Attribute 'value' of object 'Object Repository/Objects.HighlightElements/input_field_index' is: 'Port of Singapore Authority'

2020-06-05 11:59:46 - [MESSAGE][PASSED] - Attribute 'value' of object 'Object Repository/Objects.HighlightElements/input_field_index' is: 'Port of Singapore Authority'

2020-06-05 11:59:46 - [TEST_STEP][PASSED] - callTestCase(findTestCase(CallTCName), ["FindValue":ComboBoxValue, "DropdownNm":comboNm], STOP_ON_FAILURE): Call Test Case 'Test Cases/PFI Precision and Scale/HashMap Tables/ExternalAgencyLists' successfully

2020-06-05 11:59:46 - [TEST_CASE][PASSED] - Test Cases/PFI Precision and Scale/HashMap Tables/ExternalAgencyLists: Test Cases/PFI Precision and Scale/HashMap Tables/ExternalAgencyLists

2020-06-05 11:59:46 - [TEST_STEP][PASSED] - Thread.sleep(1000): null

2020-06-05 11:59:47 - [TEST_STEP][PASSED] - ExtAgencyTBL = [1:"HDB", 2:"AVA", 3:"CAAS", 4:"DSTA", 5:"EXXONMOBIL", 6:"Embassy", 7:"JTC Cat 1A", 8:"MBS- Marina Bay Sands", 9:"MCYS", 10:"MICA", ... ]: null

2020-06-05 11:59:47 - [TEST_STEP][PASSED] - ValueFound = ExtAgencyTBL.find({ -> ... }): null

2020-06-05 11:59:47 - [MESSAGE][PASSED] - Call Test Case 'Test Cases/PFI Precision and Scale/HashMap Tables/ExternalAgencyLists' successfully

2020-06-05 11:59:47 - [TEST_STEP][PASSED] - println(ValueFound): null

2020-06-05 11:59:47 - [TEST_STEP][PASSED] - sendKeys(NewInputNmField, Keys.chord(ARROW_DOWN)): Keys 'DOWN + ' sent to object: 'Object Repository/Objects.HighlightElements/input_field_index'

2020-06-05 11:59:47 - [MESSAGE][PASSED] - Keys 'DOWN + ' sent to object: 'Object Repository/Objects.HighlightElements/input_field_index'

2020-06-05 11:59:47 - [TEST_STEP][PASSED] - sendKeys(NewInputNmField, Keys.chord(ARROW_DOWN)): Keys 'DOWN + ' sent to object: 'Object Repository/Objects.HighlightElements/input_field_index'

2020-06-05 11:59:47 - [MESSAGE][PASSED] - Keys 'DOWN + ' sent to object: 'Object Repository/Objects.HighlightElements/input_field_index'

2020-06-05 11:59:47 - [TEST_STEP][PASSED] - delay(DelayTime): Delayed 2 second(s)

2020-06-05 11:59:49 - [MESSAGE][PASSED] - Delayed 2 second(s)

2020-06-05 11:59:49 - [TEST_STEP][PASSED] - sendKeys(NewInputNmField, Keys.chord(ENTER)): Keys 'ENTER + ' sent to object: 'Object Repository/Objects.HighlightElements/input_field_index'

2020-06-05 11:59:49 - [MESSAGE][PASSED] - Keys 'ENTER + ' sent to object: 'Object Repository/Objects.HighlightElements/input_field_index'

2020-06-05 11:59:49 - [TEST_STEP][PASSED] - ComboBoxValue = getAttribute(NewInputNmField, "value"): Attribute 'value' of object 'Object Repository/Objects.HighlightElements/input_field_index' is: 'RWS - Resorts World Sentosa'

2020-06-05 11:59:49 - [MESSAGE][PASSED] - Attribute 'value' of object 'Object Repository/Objects.HighlightElements/input_field_index' is: 'RWS - Resorts World Sentosa'

2020-06-05 11:59:49 - [TEST_STEP][PASSED] - callTestCase(findTestCase(CallTCName), ["FindValue":ComboBoxValue, "DropdownNm":comboNm], STOP_ON_FAILURE): Call Test Case 'Test Cases/PFI Precision and Scale/HashMap Tables/ExternalAgencyLists' successfully

2020-06-05 11:59:50 - [TEST_CASE][PASSED] - Test Cases/PFI Precision and Scale/HashMap Tables/ExternalAgencyLists: Test Cases/PFI Precision and Scale/HashMap Tables/ExternalAgencyLists

2020-06-05 11:59:50 - [TEST_STEP][PASSED] - Thread.sleep(1000): null

2020-06-05 11:59:51 - [TEST_STEP][PASSED] - ExtAgencyTBL = [1:"HDB", 2:"AVA", 3:"CAAS", 4:"DSTA", 5:"EXXONMOBIL", 6:"Embassy", 7:"JTC Cat 1A", 8:"MBS- Marina Bay Sands", 9:"MCYS", 10:"MICA", ... ]: null

2020-06-05 11:59:51 - [TEST_STEP][PASSED] - ValueFound = ExtAgencyTBL.find({ -> ... }): null

2020-06-05 11:59:51 - [MESSAGE][PASSED] - Call Test Case 'Test Cases/PFI Precision and Scale/HashMap Tables/ExternalAgencyLists' successfully

2020-06-05 11:59:51 - [TEST_STEP][PASSED] - println(ValueFound): null

2020-06-05 11:59:51 - [TEST_STEP][PASSED] - sendKeys(NewInputNmField, Keys.chord(ARROW_DOWN)): Keys 'DOWN + ' sent to object: 'Object Repository/Objects.HighlightElements/input_field_index'

2020-06-05 11:59:51 - [MESSAGE][PASSED] - Keys 'DOWN + ' sent to object: 'Object Repository/Objects.HighlightElements/input_field_index'

2020-06-05 11:59:51 - [TEST_STEP][PASSED] - sendKeys(NewInputNmField, Keys.chord(ARROW_DOWN)): Keys 'DOWN + ' sent to object: 'Object Repository/Objects.HighlightElements/input_field_index'

2020-06-05 11:59:51 - [MESSAGE][PASSED] - Keys 'DOWN + ' sent to object: 'Object Repository/Objects.HighlightElements/input_field_index'

2020-06-05 11:59:51 - [TEST_STEP][PASSED] - delay(DelayTime): Delayed 2 second(s)

2020-06-05 11:59:53 - [MESSAGE][PASSED] - Delayed 2 second(s)

2020-06-05 11:59:53 - [TEST_STEP][PASSED] - sendKeys(NewInputNmField, Keys.chord(ENTER)): Keys 'ENTER + ' sent to object: 'Object Repository/Objects.HighlightElements/input_field_index'

2020-06-05 11:59:53 - [MESSAGE][PASSED] - Keys 'ENTER + ' sent to object: 'Object Repository/Objects.HighlightElements/input_field_index'

2020-06-05 11:59:53 - [TEST_STEP][PASSED] - ComboBoxValue = getAttribute(NewInputNmField, "value"): Attribute 'value' of object 'Object Repository/Objects.HighlightElements/input_field_index' is: 'S'pore Sports Council'

2020-06-05 11:59:53 - [MESSAGE][PASSED] - Attribute 'value' of object 'Object Repository/Objects.HighlightElements/input_field_index' is: 'S'pore Sports Council'

2020-06-05 11:59:53 - [TEST_STEP][PASSED] - callTestCase(findTestCase(CallTCName), ["FindValue":ComboBoxValue, "DropdownNm":comboNm], STOP_ON_FAILURE): Call Test Case 'Test Cases/PFI Precision and Scale/HashMap Tables/ExternalAgencyLists' successfully

2020-06-05 11:59:53 - [TEST_CASE][PASSED] - Test Cases/PFI Precision and Scale/HashMap Tables/ExternalAgencyLists: Test Cases/PFI Precision and Scale/HashMap Tables/ExternalAgencyLists

2020-06-05 11:59:53 - [TEST_STEP][PASSED] - Thread.sleep(1000): null

2020-06-05 11:59:54 - [TEST_STEP][PASSED] - ExtAgencyTBL = [1:"HDB", 2:"AVA", 3:"CAAS", 4:"DSTA", 5:"EXXONMOBIL", 6:"Embassy", 7:"JTC Cat 1A", 8:"MBS- Marina Bay Sands", 9:"MCYS", 10:"MICA", ... ]: null

2020-06-05 11:59:54 - [TEST_STEP][PASSED] - ValueFound = ExtAgencyTBL.find({ -> ... }): null

2020-06-05 11:59:54 - [MESSAGE][PASSED] - Call Test Case 'Test Cases/PFI Precision and Scale/HashMap Tables/ExternalAgencyLists' successfully

2020-06-05 11:59:54 - [TEST_STEP][PASSED] - println(ValueFound): null

2020-06-05 11:59:54 - [TEST_STEP][PASSED] - sendKeys(NewInputNmField, Keys.chord(ARROW_DOWN)): Keys 'DOWN + ' sent to object: 'Object Repository/Objects.HighlightElements/input_field_index'

2020-06-05 11:59:54 - [MESSAGE][PASSED] - Keys 'DOWN + ' sent to object: 'Object Repository/Objects.HighlightElements/input_field_index'

2020-06-05 11:59:54 - [TEST_STEP][PASSED] - sendKeys(NewInputNmField, Keys.chord(ARROW_DOWN)): Keys 'DOWN + ' sent to object: 'Object Repository/Objects.HighlightElements/input_field_index'

2020-06-05 11:59:54 - [MESSAGE][PASSED] - Keys 'DOWN + ' sent to object: 'Object Repository/Objects.HighlightElements/input_field_index'

2020-06-05 11:59:54 - [TEST_STEP][PASSED] - delay(DelayTime): Delayed 2 second(s)

2020-06-05 11:59:56 - [MESSAGE][PASSED] - Delayed 2 second(s)

2020-06-05 11:59:56 - [TEST_STEP][PASSED] - sendKeys(NewInputNmField, Keys.chord(ENTER)): Keys 'ENTER + ' sent to object: 'Object Repository/Objects.HighlightElements/input_field_index'

2020-06-05 11:59:56 - [MESSAGE][PASSED] - Keys 'ENTER + ' sent to object: 'Object Repository/Objects.HighlightElements/input_field_index'

2020-06-05 11:59:56 - [TEST_STEP][PASSED] - ComboBoxValue = getAttribute(NewInputNmField, "value"): Attribute 'value' of object 'Object Repository/Objects.HighlightElements/input_field_index' is: 'SENTOSA'

2020-06-05 11:59:56 - [MESSAGE][PASSED] - Attribute 'value' of object 'Object Repository/Objects.HighlightElements/input_field_index' is: 'SENTOSA'

2020-06-05 11:59:56 - [TEST_STEP][PASSED] - callTestCase(findTestCase(CallTCName), ["FindValue":ComboBoxValue, "DropdownNm":comboNm], STOP_ON_FAILURE): Call Test Case 'Test Cases/PFI Precision and Scale/HashMap Tables/ExternalAgencyLists' successfully

2020-06-05 11:59:56 - [TEST_CASE][PASSED] - Test Cases/PFI Precision and Scale/HashMap Tables/ExternalAgencyLists: Test Cases/PFI Precision and Scale/HashMap Tables/ExternalAgencyLists

2020-06-05 11:59:56 - [TEST_STEP][PASSED] - Thread.sleep(1000): null

2020-06-05 11:59:57 - [TEST_STEP][PASSED] - ExtAgencyTBL = [1:"HDB", 2:"AVA", 3:"CAAS", 4:"DSTA", 5:"EXXONMOBIL", 6:"Embassy", 7:"JTC Cat 1A", 8:"MBS- Marina Bay Sands", 9:"MCYS", 10:"MICA", ... ]: null

2020-06-05 11:59:57 - [TEST_STEP][PASSED] - ValueFound = ExtAgencyTBL.find({ -> ... }): null

2020-06-05 11:59:57 - [MESSAGE][PASSED] - Call Test Case 'Test Cases/PFI Precision and Scale/HashMap Tables/ExternalAgencyLists' successfully

2020-06-05 11:59:57 - [TEST_STEP][PASSED] - println(ValueFound): null

2020-06-05 11:59:57 - [TEST_STEP][PASSED] - sendKeys(NewInputNmField, Keys.chord(ARROW_DOWN)): Keys 'DOWN + ' sent to object: 'Object Repository/Objects.HighlightElements/input_field_index'

2020-06-05 11:59:57 - [MESSAGE][PASSED] - Keys 'DOWN + ' sent to object: 'Object Repository/Objects.HighlightElements/input_field_index'

2020-06-05 11:59:57 - [TEST_STEP][PASSED] - sendKeys(NewInputNmField, Keys.chord(ARROW_DOWN)): Keys 'DOWN + ' sent to object: 'Object Repository/Objects.HighlightElements/input_field_index'

2020-06-05 11:59:57 - [MESSAGE][PASSED] - Keys 'DOWN + ' sent to object: 'Object Repository/Objects.HighlightElements/input_field_index'

2020-06-05 11:59:57 - [TEST_STEP][PASSED] - delay(DelayTime): Delayed 2 second(s)

2020-06-05 11:59:59 - [MESSAGE][PASSED] - Delayed 2 second(s)

2020-06-05 11:59:59 - [TEST_STEP][PASSED] - sendKeys(NewInputNmField, Keys.chord(ENTER)): Keys 'ENTER + ' sent to object: 'Object Repository/Objects.HighlightElements/input_field_index'

2020-06-05 11:59:59 - [MESSAGE][PASSED] - Keys 'ENTER + ' sent to object: 'Object Repository/Objects.HighlightElements/input_field_index'

2020-06-05 11:59:59 - [TEST_STEP][PASSED] - ComboBoxValue = getAttribute(NewInputNmField, "value"): Attribute 'value' of object 'Object Repository/Objects.HighlightElements/input_field_index' is: 'SHELL'

2020-06-05 11:59:59 - [MESSAGE][PASSED] - Attribute 'value' of object 'Object Repository/Objects.HighlightElements/input_field_index' is: 'SHELL'

2020-06-05 11:59:59 - [TEST_STEP][PASSED] - callTestCase(findTestCase(CallTCName), ["FindValue":ComboBoxValue, "DropdownNm":comboNm], STOP_ON_FAILURE): Call Test Case 'Test Cases/PFI Precision and Scale/HashMap Tables/ExternalAgencyLists' successfully

2020-06-05 11:59:59 - [TEST_CASE][PASSED] - Test Cases/PFI Precision and Scale/HashMap Tables/ExternalAgencyLists: Test Cases/PFI Precision and Scale/HashMap Tables/ExternalAgencyLists

2020-06-05 11:59:59 - [TEST_STEP][PASSED] - Thread.sleep(1000): null

2020-06-05 12:00:00 - [TEST_STEP][PASSED] - ExtAgencyTBL = [1:"HDB", 2:"AVA", 3:"CAAS", 4:"DSTA", 5:"EXXONMOBIL", 6:"Embassy", 7:"JTC Cat 1A", 8:"MBS- Marina Bay Sands", 9:"MCYS", 10:"MICA", ... ]: null

2020-06-05 12:00:00 - [TEST_STEP][PASSED] - ValueFound = ExtAgencyTBL.find({ -> ... }): null

2020-06-05 12:00:00 - [MESSAGE][PASSED] - Call Test Case 'Test Cases/PFI Precision and Scale/HashMap Tables/ExternalAgencyLists' successfully

2020-06-05 12:00:00 - [TEST_STEP][PASSED] - println(ValueFound): null

2020-06-05 12:00:00 - [TEST_STEP][PASSED] - sendKeys(NewInputNmField, Keys.chord(ARROW_DOWN)): Keys 'DOWN + ' sent to object: 'Object Repository/Objects.HighlightElements/input_field_index'

2020-06-05 12:00:00 - [MESSAGE][PASSED] - Keys 'DOWN + ' sent to object: 'Object Repository/Objects.HighlightElements/input_field_index'

2020-06-05 12:00:00 - [TEST_STEP][PASSED] - sendKeys(NewInputNmField, Keys.chord(ARROW_DOWN)): Keys 'DOWN + ' sent to object: 'Object Repository/Objects.HighlightElements/input_field_index'

2020-06-05 12:00:00 - [MESSAGE][PASSED] - Keys 'DOWN + ' sent to object: 'Object Repository/Objects.HighlightElements/input_field_index'

2020-06-05 12:00:00 - [TEST_STEP][PASSED] - delay(DelayTime): Delayed 2 second(s)

2020-06-05 12:00:02 - [MESSAGE][PASSED] - Delayed 2 second(s)

2020-06-05 12:00:02 - [TEST_STEP][PASSED] - sendKeys(NewInputNmField, Keys.chord(ENTER)): Keys 'ENTER + ' sent to object: 'Object Repository/Objects.HighlightElements/input_field_index'

2020-06-05 12:00:02 - [MESSAGE][PASSED] - Keys 'ENTER + ' sent to object: 'Object Repository/Objects.HighlightElements/input_field_index'

2020-06-05 12:00:02 - [TEST_STEP][PASSED] - ComboBoxValue = getAttribute(NewInputNmField, "value"): Attribute 'value' of object 'Object Repository/Objects.HighlightElements/input_field_index' is: 'SPC'

2020-06-05 12:00:02 - [MESSAGE][PASSED] - Attribute 'value' of object 'Object Repository/Objects.HighlightElements/input_field_index' is: 'SPC'

2020-06-05 12:00:02 - [TEST_STEP][PASSED] - callTestCase(findTestCase(CallTCName), ["FindValue":ComboBoxValue, "DropdownNm":comboNm], STOP_ON_FAILURE): Call Test Case 'Test Cases/PFI Precision and Scale/HashMap Tables/ExternalAgencyLists' successfully

2020-06-05 12:00:02 - [TEST_CASE][PASSED] - Test Cases/PFI Precision and Scale/HashMap Tables/ExternalAgencyLists: Test Cases/PFI Precision and Scale/HashMap Tables/ExternalAgencyLists

2020-06-05 12:00:02 - [TEST_STEP][PASSED] - Thread.sleep(1000): null

2020-06-05 12:00:03 - [TEST_STEP][PASSED] - ExtAgencyTBL = [1:"HDB", 2:"AVA", 3:"CAAS", 4:"DSTA", 5:"EXXONMOBIL", 6:"Embassy", 7:"JTC Cat 1A", 8:"MBS- Marina Bay Sands", 9:"MCYS", 10:"MICA", ... ]: null

2020-06-05 12:00:03 - [TEST_STEP][PASSED] - ValueFound = ExtAgencyTBL.find({ -> ... }): null

2020-06-05 12:00:03 - [MESSAGE][PASSED] - Call Test Case 'Test Cases/PFI Precision and Scale/HashMap Tables/ExternalAgencyLists' successfully

2020-06-05 12:00:03 - [TEST_STEP][PASSED] - println(ValueFound): null

2020-06-05 12:00:03 - [TEST_STEP][PASSED] - sendKeys(NewInputNmField, Keys.chord(ARROW_DOWN)): Keys 'DOWN + ' sent to object: 'Object Repository/Objects.HighlightElements/input_field_index'

2020-06-05 12:00:04 - [MESSAGE][PASSED] - Keys 'DOWN + ' sent to object: 'Object Repository/Objects.HighlightElements/input_field_index'

2020-06-05 12:00:04 - [TEST_STEP][PASSED] - sendKeys(NewInputNmField, Keys.chord(ARROW_DOWN)): Keys 'DOWN + ' sent to object: 'Object Repository/Objects.HighlightElements/input_field_index'

2020-06-05 12:00:04 - [MESSAGE][PASSED] - Keys 'DOWN + ' sent to object: 'Object Repository/Objects.HighlightElements/input_field_index'

2020-06-05 12:00:04 - [TEST_STEP][PASSED] - delay(DelayTime): Delayed 2 second(s)

2020-06-05 12:00:06 - [MESSAGE][PASSED] - Delayed 2 second(s)

2020-06-05 12:00:06 - [TEST_STEP][PASSED] - sendKeys(NewInputNmField, Keys.chord(ENTER)): Keys 'ENTER + ' sent to object: 'Object Repository/Objects.HighlightElements/input_field_index'

2020-06-05 12:00:06 - [MESSAGE][PASSED] - Keys 'ENTER + ' sent to object: 'Object Repository/Objects.HighlightElements/input_field_index'

2020-06-05 12:00:06 - [TEST_STEP][PASSED] - ComboBoxValue = getAttribute(NewInputNmField, "value"): Attribute 'value' of object 'Object Repository/Objects.HighlightElements/input_field_index' is: 'University'

2020-06-05 12:00:06 - [MESSAGE][PASSED] - Attribute 'value' of object 'Object Repository/Objects.HighlightElements/input_field_index' is: 'University'

2020-06-05 12:00:06 - [TEST_STEP][PASSED] - callTestCase(findTestCase(CallTCName), ["FindValue":ComboBoxValue, "DropdownNm":comboNm], STOP_ON_FAILURE): Call Test Case 'Test Cases/PFI Precision and Scale/HashMap Tables/ExternalAgencyLists' successfully

2020-06-05 12:00:06 - [TEST_CASE][PASSED] - Test Cases/PFI Precision and Scale/HashMap Tables/ExternalAgencyLists: Test Cases/PFI Precision and Scale/HashMap Tables/ExternalAgencyLists

2020-06-05 12:00:06 - [TEST_STEP][PASSED] - Thread.sleep(1000): null

2020-06-05 12:00:07 - [TEST_STEP][PASSED] - ExtAgencyTBL = [1:"HDB", 2:"AVA", 3:"CAAS", 4:"DSTA", 5:"EXXONMOBIL", 6:"Embassy", 7:"JTC Cat 1A", 8:"MBS- Marina Bay Sands", 9:"MCYS", 10:"MICA", ... ]: null

2020-06-05 12:00:07 - [TEST_STEP][PASSED] - ValueFound = ExtAgencyTBL.find({ -> ... }): null

2020-06-05 12:00:07 - [MESSAGE][PASSED] - Call Test Case 'Test Cases/PFI Precision and Scale/HashMap Tables/ExternalAgencyLists' successfully

2020-06-05 12:00:07 - [TEST_STEP][PASSED] - println(ValueFound): null

2020-06-05 12:00:07 - [TEST_STEP][PASSED] - sendKeys(NewInputNmField, Keys.chord(ARROW_DOWN)): Keys 'DOWN + ' sent to object: 'Object Repository/Objects.HighlightElements/input_field_index'

2020-06-05 12:00:07 - [MESSAGE][PASSED] - Keys 'DOWN + ' sent to object: 'Object Repository/Objects.HighlightElements/input_field_index'

2020-06-05 12:00:07 - [TEST_STEP][PASSED] - sendKeys(NewInputNmField, Keys.chord(ARROW_DOWN)): Keys 'DOWN + ' sent to object: 'Object Repository/Objects.HighlightElements/input_field_index'

2020-06-05 12:00:07 - [MESSAGE][PASSED] - Keys 'DOWN + ' sent to object: 'Object Repository/Objects.HighlightElements/input_field_index'

2020-06-05 12:00:07 - [TEST_STEP][PASSED] - delay(DelayTime): Delayed 2 second(s)

2020-06-05 12:00:09 - [MESSAGE][PASSED] - Delayed 2 second(s)

2020-06-05 12:00:09 - [TEST_STEP][PASSED] - sendKeys(NewInputNmField, Keys.chord(ENTER)): Keys 'ENTER + ' sent to object: 'Object Repository/Objects.HighlightElements/input_field_index'

2020-06-05 12:00:09 - [MESSAGE][PASSED] - Keys 'ENTER + ' sent to object: 'Object Repository/Objects.HighlightElements/input_field_index'

2020-06-05 12:00:09 - [TEST_STEP][PASSED] - ComboBoxValue = getAttribute(NewInputNmField, "value"): Attribute 'value' of object 'Object Repository/Objects.HighlightElements/input_field_index' is: 'JTC Cat 1'

2020-06-05 12:00:09 - [MESSAGE][PASSED] - Attribute 'value' of object 'Object Repository/Objects.HighlightElements/input_field_index' is: 'JTC Cat 1'

2020-06-05 12:00:09 - [TEST_STEP][PASSED] - callTestCase(findTestCase(CallTCName), ["FindValue":ComboBoxValue, "DropdownNm":comboNm], STOP_ON_FAILURE): Call Test Case 'Test Cases/PFI Precision and Scale/HashMap Tables/ExternalAgencyLists' successfully

2020-06-05 12:00:09 - [TEST_CASE][PASSED] - Test Cases/PFI Precision and Scale/HashMap Tables/ExternalAgencyLists: Test Cases/PFI Precision and Scale/HashMap Tables/ExternalAgencyLists

2020-06-05 12:00:09 - [TEST_STEP][PASSED] - Thread.sleep(1000): null

2020-06-05 12:00:10 - [TEST_STEP][PASSED] - ExtAgencyTBL = [1:"HDB", 2:"AVA", 3:"CAAS", 4:"DSTA", 5:"EXXONMOBIL", 6:"Embassy", 7:"JTC Cat 1A", 8:"MBS- Marina Bay Sands", 9:"MCYS", 10:"MICA", ... ]: null

2020-06-05 12:00:10 - [TEST_STEP][PASSED] - ValueFound = ExtAgencyTBL.find({ -> ... }): null

2020-06-05 12:00:10 - [MESSAGE][PASSED] - Call Test Case 'Test Cases/PFI Precision and Scale/HashMap Tables/ExternalAgencyLists' successfully

2020-06-05 12:00:10 - [TEST_STEP][PASSED] - println(ValueFound): null

2020-06-05 12:00:10 - [TEST_STEP][PASSED] - sendKeys(NewInputNmField, Keys.chord(ARROW_DOWN)): Keys 'DOWN + ' sent to object: 'Object Repository/Objects.HighlightElements/input_field_index'

2020-06-05 12:00:10 - [MESSAGE][PASSED] - Keys 'DOWN + ' sent to object: 'Object Repository/Objects.HighlightElements/input_field_index'

2020-06-05 12:00:10 - [TEST_STEP][PASSED] - sendKeys(NewInputNmField, Keys.chord(ARROW_DOWN)): Keys 'DOWN + ' sent to object: 'Object Repository/Objects.HighlightElements/input_field_index'

2020-06-05 12:00:10 - [MESSAGE][PASSED] - Keys 'DOWN + ' sent to object: 'Object Repository/Objects.HighlightElements/input_field_index'

2020-06-05 12:00:10 - [TEST_STEP][PASSED] - delay(DelayTime): Delayed 2 second(s)

2020-06-05 12:00:12 - [MESSAGE][PASSED] - Delayed 2 second(s)

2020-06-05 12:00:12 - [TEST_STEP][PASSED] - sendKeys(NewInputNmField, Keys.chord(ENTER)): Keys 'ENTER + ' sent to object: 'Object Repository/Objects.HighlightElements/input_field_index'

2020-06-05 12:00:12 - [MESSAGE][PASSED] - Keys 'ENTER + ' sent to object: 'Object Repository/Objects.HighlightElements/input_field_index'

2020-06-05 12:00:12 - [TEST_STEP][PASSED] - ComboBoxValue = getAttribute(NewInputNmField, "value"): Attribute 'value' of object 'Object Repository/Objects.HighlightElements/input_field_index' is: 'JTC Cat 2'

2020-06-05 12:00:12 - [MESSAGE][PASSED] - Attribute 'value' of object 'Object Repository/Objects.HighlightElements/input_field_index' is: 'JTC Cat 2'

2020-06-05 12:00:12 - [TEST_STEP][PASSED] - callTestCase(findTestCase(CallTCName), ["FindValue":ComboBoxValue, "DropdownNm":comboNm], STOP_ON_FAILURE): Call Test Case 'Test Cases/PFI Precision and Scale/HashMap Tables/ExternalAgencyLists' successfully

2020-06-05 12:00:12 - [TEST_CASE][PASSED] - Test Cases/PFI Precision and Scale/HashMap Tables/ExternalAgencyLists: Test Cases/PFI Precision and Scale/HashMap Tables/ExternalAgencyLists

2020-06-05 12:00:12 - [TEST_STEP][PASSED] - Thread.sleep(1000): null

2020-06-05 12:00:13 - [TEST_STEP][PASSED] - ExtAgencyTBL = [1:"HDB", 2:"AVA", 3:"CAAS", 4:"DSTA", 5:"EXXONMOBIL", 6:"Embassy", 7:"JTC Cat 1A", 8:"MBS- Marina Bay Sands", 9:"MCYS", 10:"MICA", ... ]: null

2020-06-05 12:00:13 - [TEST_STEP][PASSED] - ValueFound = ExtAgencyTBL.find({ -> ... }): null

2020-06-05 12:00:13 - [MESSAGE][PASSED] - Call Test Case 'Test Cases/PFI Precision and Scale/HashMap Tables/ExternalAgencyLists' successfully

2020-06-05 12:00:13 - [TEST_STEP][PASSED] - println(ValueFound): null

2020-06-05 12:00:13 - [TEST_STEP][PASSED] - sendKeys(NewInputNmField, Keys.chord(ARROW_DOWN)): Keys 'DOWN + ' sent to object: 'Object Repository/Objects.HighlightElements/input_field_index'

2020-06-05 12:00:13 - [MESSAGE][PASSED] - Keys 'DOWN + ' sent to object: 'Object Repository/Objects.HighlightElements/input_field_index'

2020-06-05 12:00:13 - [TEST_STEP][PASSED] - sendKeys(NewInputNmField, Keys.chord(ARROW_DOWN)): Keys 'DOWN + ' sent to object: 'Object Repository/Objects.HighlightElements/input_field_index'

2020-06-05 12:00:13 - [MESSAGE][PASSED] - Keys 'DOWN + ' sent to object: 'Object Repository/Objects.HighlightElements/input_field_index'

2020-06-05 12:00:13 - [TEST_STEP][PASSED] - delay(DelayTime): Delayed 2 second(s)

2020-06-05 12:00:15 - [MESSAGE][PASSED] - Delayed 2 second(s)

2020-06-05 12:00:15 - [TEST_STEP][PASSED] - sendKeys(NewInputNmField, Keys.chord(ENTER)): Keys 'ENTER + ' sent to object: 'Object Repository/Objects.HighlightElements/input_field_index'

2020-06-05 12:00:15 - [MESSAGE][PASSED] - Keys 'ENTER + ' sent to object: 'Object Repository/Objects.HighlightElements/input_field_index'

2020-06-05 12:00:15 - [TEST_STEP][PASSED] - ComboBoxValue = getAttribute(NewInputNmField, "value"): Attribute 'value' of object 'Object Repository/Objects.HighlightElements/input_field_index' is: 'LTA'

2020-06-05 12:00:15 - [MESSAGE][PASSED] - Attribute 'value' of object 'Object Repository/Objects.HighlightElements/input_field_index' is: 'LTA'

2020-06-05 12:00:15 - [TEST_STEP][PASSED] - callTestCase(findTestCase(CallTCName), ["FindValue":ComboBoxValue, "DropdownNm":comboNm], STOP_ON_FAILURE): Call Test Case 'Test Cases/PFI Precision and Scale/HashMap Tables/ExternalAgencyLists' successfully

2020-06-05 12:00:15 - [TEST_CASE][PASSED] - Test Cases/PFI Precision and Scale/HashMap Tables/ExternalAgencyLists: Test Cases/PFI Precision and Scale/HashMap Tables/ExternalAgencyLists

2020-06-05 12:00:15 - [TEST_STEP][PASSED] - Thread.sleep(1000): null

2020-06-05 12:00:16 - [TEST_STEP][PASSED] - ExtAgencyTBL = [1:"HDB", 2:"AVA", 3:"CAAS", 4:"DSTA", 5:"EXXONMOBIL", 6:"Embassy", 7:"JTC Cat 1A", 8:"MBS- Marina Bay Sands", 9:"MCYS", 10:"MICA", ... ]: null

2020-06-05 12:00:16 - [TEST_STEP][PASSED] - ValueFound = ExtAgencyTBL.find({ -> ... }): null

2020-06-05 12:00:16 - [MESSAGE][PASSED] - Call Test Case 'Test Cases/PFI Precision and Scale/HashMap Tables/ExternalAgencyLists' successfully

2020-06-05 12:00:16 - [TEST_STEP][PASSED] - println(ValueFound): null

2020-06-05 12:00:16 - [TEST_STEP][PASSED] - sendKeys(NewInputNmField, Keys.chord(ARROW_DOWN)): Keys 'DOWN + ' sent to object: 'Object Repository/Objects.HighlightElements/input_field_index'

2020-06-05 12:00:16 - [MESSAGE][PASSED] - Keys 'DOWN + ' sent to object: 'Object Repository/Objects.HighlightElements/input_field_index'

2020-06-05 12:00:16 - [TEST_STEP][PASSED] - sendKeys(NewInputNmField, Keys.chord(ENTER)): Keys 'ENTER + ' sent to object: 'Object Repository/Objects.HighlightElements/input_field_index'

2020-06-05 12:00:17 - [MESSAGE][PASSED] - Keys 'ENTER + ' sent to object: 'Object Repository/Objects.HighlightElements/input_field_index'

2020-06-05 12:00:17 - [MESSAGE][PASSED] - Call Test Case 'Test Cases/PFI Precision and Scale/PFI Components with Indexing/VerifyDropdownValuesXPI' successfully

2020-06-05 12:00:17 - [TEST_STEP][PASSED] - callTestCase(findTestCase("Components/SelectAllThenDeleteXPI"), ["nameToBeUsed":"extAgenciesCmb", "index":1], STOP_ON_FAILURE): Call Test Case 'Test Cases/Components/SelectAllThenDeleteXPI' successfully

2020-06-05 12:00:17 - [TEST_CASE][PASSED] - Test Cases/Components/SelectAllThenDeleteXPI: Test Cases/Components/SelectAllThenDeleteXPI

2020-06-05 12:00:17 - [TEST_STEP][PASSED] - Thread.sleep(1000): null

2020-06-05 12:00:18 - [TEST_STEP][PASSED] - modifiedObj = modifyObjectProperty(findTestObject("Object Repository/Objects.HighlightElements/input_field_index"), "xpath", "equals", "(//*[contains(@name,'" + nameToBeUsed + "')])[" + index + "]", true): Modify property of object successfully

2020-06-05 12:00:18 - [MESSAGE][PASSED] - Modify property of object successfully

2020-06-05 12:00:18 - [TEST_STEP][PASSED] - focus(modifiedObj): Object: 'Object Repository/Objects.HighlightElements/input_field_index' is focused

2020-06-05 12:00:18 - [MESSAGE][PASSED] - Object: 'Object Repository/Objects.HighlightElements/input_field_index' is focused

2020-06-05 12:00:18 - [TEST_STEP][PASSED] - sendKeys(modifiedObj, Keys.chord(CONTROL, "a")): Keys 'CONTROL + a' sent to object: 'Object Repository/Objects.HighlightElements/input_field_index'

2020-06-05 12:00:18 - [MESSAGE][PASSED] - Keys 'CONTROL + a' sent to object: 'Object Repository/Objects.HighlightElements/input_field_index'

2020-06-05 12:00:18 - [TEST_STEP][PASSED] - sendKeys(modifiedObj, Keys.chord(DELETE)): Keys 'DELETE + ' sent to object: 'Object Repository/Objects.HighlightElements/input_field_index'

2020-06-05 12:00:18 - [MESSAGE][PASSED] - Keys 'DELETE + ' sent to object: 'Object Repository/Objects.HighlightElements/input_field_index'

2020-06-05 12:00:18 - [MESSAGE][PASSED] - Call Test Case 'Test Cases/Components/SelectAllThenDeleteXPI' successfully

2020-06-05 12:00:18 - [TEST_STEP][PASSED] - callTestCase(findTestCase("PFI Precision and Scale/PFI Components with Indexing/RequiredFieldValidationXPI"), ["nameToBeUsed":"extAgenciesCmb", "index":1], STOP_ON_FAILURE): Call Test Case 'Test Cases/PFI Precision and Scale/PFI Components with Indexing/RequiredFieldValidationXPI' successfully

2020-06-05 12:00:18 - [TEST_CASE][PASSED] - Test Cases/PFI Precision and Scale/PFI Components with Indexing/RequiredFieldValidationXPI: Test Cases/PFI Precision and Scale/PFI Components with Indexing/RequiredFieldValidationXPI

2020-06-05 12:00:18 - [TEST_STEP][PASSED] - enableSmartWait(): null

2020-06-05 12:00:18 - [TEST_STEP][PASSED] - NewInputNmField = modifyObjectProperty(findTestObject("Objects.HighlightElements/input_field_index"), "xpath", "equals", "(//*[contains(@name,'" + nameToBeUsed + "')])[" + index + "]", true): Modify property of object successfully

2020-06-05 12:00:18 - [MESSAGE][PASSED] - Modify property of object successfully

2020-06-05 12:00:18 - [TEST_STEP][PASSED] - mouseOver(NewInputNmField): Object: 'Object Repository/Objects.HighlightElements/input_field_index' is hovered

2020-06-05 12:00:18 - [MESSAGE][PASSED] - Object: 'Object Repository/Objects.HighlightElements/input_field_index' is hovered

2020-06-05 12:00:18 - [TEST_STEP][PASSED] - getRqErrMsg = getAttribute(NewInputNmField, "data-errorqtip"): Attribute 'data-errorqtip' of object 'Object Repository/Objects.HighlightElements/input_field_index' is: '<ul class="x-list-plain"><li>This field is required</li></ul>'

2020-06-05 12:00:18 - [MESSAGE][PASSED] - Attribute 'data-errorqtip' of object 'Object Repository/Objects.HighlightElements/input_field_index' is: '<ul class="x-list-plain"><li>This field is required</li></ul>'

2020-06-05 12:00:18 - [TEST_STEP][PASSED] - strToolTip = getRqErrMsg.substring(29, 61): null

2020-06-05 12:00:18 - [TEST_STEP][PASSED] - toolTipReqErrMsg = strToolTip.substring(0, 22): null

2020-06-05 12:00:18 - [TEST_STEP][PASSED] - verifyMatch(toolTipReqErrMsg, RqField, true): Actual text 'This field is required' and expected text 'This field is required' are matched  using regular expression

2020-06-05 12:00:18 - [MESSAGE][PASSED] - Actual text 'This field is required' and expected text 'This field is required' are matched  using regular expression

2020-06-05 12:00:18 - [MESSAGE][PASSED] - Call Test Case 'Test Cases/PFI Precision and Scale/PFI Components with Indexing/RequiredFieldValidationXPI' successfully

2020-06-05 12:00:18 - [TEST_STEP][NOT_RUN] - callTestCase(findTestCase("Components/Logout"), ["LogoutPageTextToBeVerified":findTestData("ISPS2 Test Data").getValue("HomeBanner", 2)], STOP_ON_FAILURE): NOT_RUN: callTestCase(findTestCase("Components/Logout"), ["LogoutPageTextToBeVerified":findTestData("ISPS2 Test Data").getValue("HomeBanner", 2)], STOP_ON_FAILURE)

2020-06-05 12:00:18 - [MESSAGE][NOT_RUN] - NOT_RUN: callTestCase(findTestCase("Components/Logout"), ["LogoutPageTextToBeVerified":findTestData("ISPS2 Test Data").getValue("HomeBanner", 2)], STOP_ON_FAILURE)]]></system-out>
         <system-err><![CDATA[]]></system-err>
      </testcase>
      <testcase name="Test Cases/PFI Precision and Scale/PFI Test Cases/Process Case (PFI)/PFI.CourtActionsLHS" time="48.926" classname="Test Cases/PFI Precision and Scale/PFI Test Cases/Process Case (PFI)/PFI.CourtActionsLHS" status="ERROR">
         <error type="ERROR" message="Test Cases/PFI Precision and Scale/PFI Test Cases/Process Case (PFI)/PFI.CourtActionsLHS FAILED.
Reason:
com.kms.katalon.core.exception.StepErrorException: Call Test Case 'Test Cases/PFI Precision and Scale/PFI Components with Indexing/SelectDayInDatePickerWithIndexII' failed because of error(s)
	at com.kms.katalon.core.keyword.builtin.CallTestCaseKeyword$_callTestCase_closure1.doCall(CallTestCaseKeyword.groovy:66)
	at com.kms.katalon.core.keyword.builtin.CallTestCaseKeyword$_callTestCase_closure1.call(CallTestCaseKeyword.groovy)
	at com.kms.katalon.core.keyword.internal.KeywordMain.runKeyword(KeywordMain.groovy:68)
	at com.kms.katalon.core.keyword.builtin.CallTestCaseKeyword.callTestCase(CallTestCaseKeyword.groovy:81)
	at com.kms.katalon.core.keyword.builtin.CallTestCaseKeyword.execute(CallTestCaseKeyword.groovy:44)
	at com.kms.katalon.core.keyword.internal.KeywordExecutor.executeKeywordForPlatform(KeywordExecutor.groovy:72)
	at com.kms.katalon.core.keyword.BuiltinKeywords.callTestCase(BuiltinKeywords.groovy:334)
	at PFI.CourtActionsLHS.run(PFI.CourtActionsLHS:78)
	at com.kms.katalon.core.main.ScriptEngine.run(ScriptEngine.java:194)
	at com.kms.katalon.core.main.ScriptEngine.runScriptAsRawText(ScriptEngine.java:119)
	at com.kms.katalon.core.main.TestCaseExecutor.runScript(TestCaseExecutor.java:337)
	at com.kms.katalon.core.main.TestCaseExecutor.doExecute(TestCaseExecutor.java:328)
	at com.kms.katalon.core.main.TestCaseExecutor.processExecutionPhase(TestCaseExecutor.java:307)
	at com.kms.katalon.core.main.TestCaseExecutor.accessMainPhase(TestCaseExecutor.java:299)
	at com.kms.katalon.core.main.TestCaseExecutor.execute(TestCaseExecutor.java:233)
	at com.kms.katalon.core.main.TestSuiteExecutor.accessTestCaseMainPhase(TestSuiteExecutor.java:169)
	at com.kms.katalon.core.main.TestSuiteExecutor.accessTestSuiteMainPhase(TestSuiteExecutor.java:142)
	at com.kms.katalon.core.main.TestSuiteExecutor.execute(TestSuiteExecutor.java:91)
	at com.kms.katalon.core.main.TestCaseMain.startTestSuite(TestCaseMain.java:157)
	at com.kms.katalon.core.main.TestCaseMain$startTestSuite$0.call(Unknown Source)
	at TempTestSuite1591328600736.run(TempTestSuite1591328600736.groovy:36)
Caused by: org.codehaus.groovy.runtime.InvokerInvocationException: java.lang.AssertionError: Web element with id: 'Object Repository/Objects.DateValidation/Page_ISPS2/Select_Day_Index' located by 'By.xpath: (//*[contains(@class, 'x-datepicker-date') and (text() = '11')])[17]' not found
	at com.reusableComponents.HighlightElement.invokeMethod(HighlightElement.groovy)
	at com.kms.katalon.core.main.CustomKeywordDelegatingMetaClass.invokeStaticMethod(CustomKeywordDelegatingMetaClass.java:50)
	at SelectDayInDatePickerWithIndexII.run(SelectDayInDatePickerWithIndexII:32)
	at com.kms.katalon.core.main.ScriptEngine.run(ScriptEngine.java:194)
	at com.kms.katalon.core.main.ScriptEngine.runScriptAsRawText(ScriptEngine.java:119)
	at com.kms.katalon.core.main.TestCaseExecutor.runScript(TestCaseExecutor.java:337)
	at com.kms.katalon.core.main.TestCaseExecutor.doExecute(TestCaseExecutor.java:328)
	at com.kms.katalon.core.main.TestCaseExecutor.processExecutionPhase(TestCaseExecutor.java:307)
	at com.kms.katalon.core.main.TestCaseExecutor.accessMainPhase(TestCaseExecutor.java:299)
	at com.kms.katalon.core.main.TestCaseExecutor.execute(TestCaseExecutor.java:233)
	at com.kms.katalon.core.main.TestCaseMain.runTestCase(TestCaseMain.java:114)
	at com.kms.katalon.core.keyword.builtin.CallTestCaseKeyword$_callTestCase_closure1.doCall(CallTestCaseKeyword.groovy:59)
	... 20 more
Caused by: java.lang.AssertionError: Web element with id: 'Object Repository/Objects.DateValidation/Page_ISPS2/Select_Day_Index' located by 'By.xpath: (//*[contains(@class, 'x-datepicker-date') and (text() = '11')])[17]' not found
	at org.testng.Assert.fail(Assert.java:93)
	at org.testng.Assert$fail.call(Unknown Source)
	at com.reusableComponents.HighlightElement.run(HighlightElement.groovy:27)
	... 32 more
"/>
         <system-out><![CDATA[2020-06-05 12:00:18 - [TEST_CASE][ERROR] - Test Cases/PFI Precision and Scale/PFI Test Cases/Process Case (PFI)/PFI.CourtActionsLHS: Test Cases/PFI Precision and Scale/PFI Test Cases/Process Case (PFI)/PFI.CourtActionsLHS FAILED.
Reason:
com.kms.katalon.core.exception.StepErrorException: Call Test Case 'Test Cases/PFI Precision and Scale/PFI Components with Indexing/SelectDayInDatePickerWithIndexII' failed because of error(s)
	at com.kms.katalon.core.keyword.builtin.CallTestCaseKeyword$_callTestCase_closure1.doCall(CallTestCaseKeyword.groovy:66)
	at com.kms.katalon.core.keyword.builtin.CallTestCaseKeyword$_callTestCase_closure1.call(CallTestCaseKeyword.groovy)
	at com.kms.katalon.core.keyword.internal.KeywordMain.runKeyword(KeywordMain.groovy:68)
	at com.kms.katalon.core.keyword.builtin.CallTestCaseKeyword.callTestCase(CallTestCaseKeyword.groovy:81)
	at com.kms.katalon.core.keyword.builtin.CallTestCaseKeyword.execute(CallTestCaseKeyword.groovy:44)
	at com.kms.katalon.core.keyword.internal.KeywordExecutor.executeKeywordForPlatform(KeywordExecutor.groovy:72)
	at com.kms.katalon.core.keyword.BuiltinKeywords.callTestCase(BuiltinKeywords.groovy:334)
	at PFI.CourtActionsLHS.run(PFI.CourtActionsLHS:78)
	at com.kms.katalon.core.main.ScriptEngine.run(ScriptEngine.java:194)
	at com.kms.katalon.core.main.ScriptEngine.runScriptAsRawText(ScriptEngine.java:119)
	at com.kms.katalon.core.main.TestCaseExecutor.runScript(TestCaseExecutor.java:337)
	at com.kms.katalon.core.main.TestCaseExecutor.doExecute(TestCaseExecutor.java:328)
	at com.kms.katalon.core.main.TestCaseExecutor.processExecutionPhase(TestCaseExecutor.java:307)
	at com.kms.katalon.core.main.TestCaseExecutor.accessMainPhase(TestCaseExecutor.java:299)
	at com.kms.katalon.core.main.TestCaseExecutor.execute(TestCaseExecutor.java:233)
	at com.kms.katalon.core.main.TestSuiteExecutor.accessTestCaseMainPhase(TestSuiteExecutor.java:169)
	at com.kms.katalon.core.main.TestSuiteExecutor.accessTestSuiteMainPhase(TestSuiteExecutor.java:142)
	at com.kms.katalon.core.main.TestSuiteExecutor.execute(TestSuiteExecutor.java:91)
	at com.kms.katalon.core.main.TestCaseMain.startTestSuite(TestCaseMain.java:157)
	at com.kms.katalon.core.main.TestCaseMain$startTestSuite$0.call(Unknown Source)
	at TempTestSuite1591328600736.run(TempTestSuite1591328600736.groovy:36)
Caused by: org.codehaus.groovy.runtime.InvokerInvocationException: java.lang.AssertionError: Web element with id: 'Object Repository/Objects.DateValidation/Page_ISPS2/Select_Day_Index' located by 'By.xpath: (//*[contains(@class, 'x-datepicker-date') and (text() = '11')])[17]' not found
	at com.reusableComponents.HighlightElement.invokeMethod(HighlightElement.groovy)
	at com.kms.katalon.core.main.CustomKeywordDelegatingMetaClass.invokeStaticMethod(CustomKeywordDelegatingMetaClass.java:50)
	at SelectDayInDatePickerWithIndexII.run(SelectDayInDatePickerWithIndexII:32)
	at com.kms.katalon.core.main.ScriptEngine.run(ScriptEngine.java:194)
	at com.kms.katalon.core.main.ScriptEngine.runScriptAsRawText(ScriptEngine.java:119)
	at com.kms.katalon.core.main.TestCaseExecutor.runScript(TestCaseExecutor.java:337)
	at com.kms.katalon.core.main.TestCaseExecutor.doExecute(TestCaseExecutor.java:328)
	at com.kms.katalon.core.main.TestCaseExecutor.processExecutionPhase(TestCaseExecutor.java:307)
	at com.kms.katalon.core.main.TestCaseExecutor.accessMainPhase(TestCaseExecutor.java:299)
	at com.kms.katalon.core.main.TestCaseExecutor.execute(TestCaseExecutor.java:233)
	at com.kms.katalon.core.main.TestCaseMain.runTestCase(TestCaseMain.java:114)
	at com.kms.katalon.core.keyword.builtin.CallTestCaseKeyword$_callTestCase_closure1.doCall(CallTestCaseKeyword.groovy:59)
	... 20 more
Caused by: java.lang.AssertionError: Web element with id: 'Object Repository/Objects.DateValidation/Page_ISPS2/Select_Day_Index' located by 'By.xpath: (//*[contains(@class, 'x-datepicker-date') and (text() = '11')])[17]' not found
	at org.testng.Assert.fail(Assert.java:93)
	at org.testng.Assert$fail.call(Unknown Source)
	at com.reusableComponents.HighlightElement.run(HighlightElement.groovy:27)
	... 32 more


2020-06-05 12:00:18 - [TEST_STEP][NOT_RUN] - callTestCase(findTestCase("Components/LoginV2.0"), ["LinkToBeUsed":findTestData("ISPS2 Test Data").getValue("URL", 1), "LoginPageTextToBeVerified":findTestData("ISPS2 Test Data").getValue("HomeBanner", 1), ... ], STOP_ON_FAILURE): NOT_RUN: callTestCase(findTestCase("Components/LoginV2.0"), ["LinkToBeUsed":findTestData("ISPS2 Test Data").getValue("URL", 1), "LoginPageTextToBeVerified":findTestData("ISPS2 Test Data").getValue("HomeBanner", 1), ... ], STOP_ON_FAILURE)

2020-06-05 12:00:18 - [MESSAGE][NOT_RUN] - NOT_RUN: callTestCase(findTestCase("Components/LoginV2.0"), ["LinkToBeUsed":findTestData("ISPS2 Test Data").getValue("URL", 1), "LoginPageTextToBeVerified":findTestData("ISPS2 Test Data").getValue("HomeBanner", 1), ... ], STOP_ON_FAILURE)

2020-06-05 12:00:18 - [TEST_STEP][NOT_RUN] - callTestCase(findTestCase("Components/NavigateToHomepageHeaders"), ["headerText":"My Tasks"], STOP_ON_FAILURE): NOT_RUN: callTestCase(findTestCase("Components/NavigateToHomepageHeaders"), ["headerText":"My Tasks"], STOP_ON_FAILURE)

2020-06-05 12:00:18 - [MESSAGE][NOT_RUN] - NOT_RUN: callTestCase(findTestCase("Components/NavigateToHomepageHeaders"), ["headerText":"My Tasks"], STOP_ON_FAILURE)

2020-06-05 12:00:18 - [TEST_STEP][NOT_RUN] - callTestCase(findTestCase("Components/Filter"), ["taskDescription":"Process Case (SM)"], STOP_ON_FAILURE): NOT_RUN: callTestCase(findTestCase("Components/Filter"), ["taskDescription":"Process Case (SM)"], STOP_ON_FAILURE)

2020-06-05 12:00:18 - [MESSAGE][NOT_RUN] - NOT_RUN: callTestCase(findTestCase("Components/Filter"), ["taskDescription":"Process Case (SM)"], STOP_ON_FAILURE)

2020-06-05 12:00:18 - [TEST_STEP][NOT_RUN] - callTestCase(findTestCase("Components/ClickLinkDependingOnTextAndIndex"), ["linkName":"Process Case (SM)", "index":"3"], STOP_ON_FAILURE): NOT_RUN: callTestCase(findTestCase("Components/ClickLinkDependingOnTextAndIndex"), ["linkName":"Process Case (SM)", "index":"3"], STOP_ON_FAILURE)

2020-06-05 12:00:18 - [MESSAGE][NOT_RUN] - NOT_RUN: callTestCase(findTestCase("Components/ClickLinkDependingOnTextAndIndex"), ["linkName":"Process Case (SM)", "index":"3"], STOP_ON_FAILURE)

2020-06-05 12:00:18 - [TEST_STEP][PASSED] - callTestCase(findTestCase("Components/NavigateToAnyLHS"), ["LHS":"Court Actions"], STOP_ON_FAILURE): Call Test Case 'Test Cases/Components/NavigateToAnyLHS' successfully

2020-06-05 12:00:18 - [TEST_CASE][PASSED] - Test Cases/Components/NavigateToAnyLHS: Test Cases/Components/NavigateToAnyLHS

2020-06-05 12:00:18 - [TEST_STEP][PASSED] - Thread.sleep(1000): null

2020-06-05 12:00:19 - [TEST_STEP][PASSED] - modifiedLHS = modifyObjectProperty(findTestObject("Objects.NavigateToAnyLHS/Page_ISPS2/LHSToModify"), "text", "equals", LHS, true): Modify property of object successfully

2020-06-05 12:00:19 - [MESSAGE][PASSED] - Modify property of object successfully

2020-06-05 12:00:19 - [TEST_STEP][PASSED] - click(modifiedLHS): Object: 'Object Repository/Objects.NavigateToAnyLHS/Page_ISPS2/LHSToModify' is clicked on

2020-06-05 12:00:19 - [MESSAGE][PASSED] - Object: 'Object Repository/Objects.NavigateToAnyLHS/Page_ISPS2/LHSToModify' is clicked on

2020-06-05 12:00:19 - [TEST_STEP][PASSED] - currentLHS = getText(modifiedLHS): Text of object 'Object Repository/Objects.NavigateToAnyLHS/Page_ISPS2/LHSToModify' is: 'Court Actions'

2020-06-05 12:00:19 - [MESSAGE][PASSED] - Text of object 'Object Repository/Objects.NavigateToAnyLHS/Page_ISPS2/LHSToModify' is: 'Court Actions'

2020-06-05 12:00:19 - [TEST_STEP][PASSED] - Thread.sleep(5000): null

2020-06-05 12:00:24 - [MESSAGE][PASSED] - Call Test Case 'Test Cases/Components/NavigateToAnyLHS' successfully

2020-06-05 12:00:24 - [TEST_STEP][PASSED] - callTestCase(findTestCase("Components/VerifyPageSuccessfullyLoaded"), ["HeaderName":"Court Actions"], STOP_ON_FAILURE): Call Test Case 'Test Cases/Components/VerifyPageSuccessfullyLoaded' successfully

2020-06-05 12:00:24 - [TEST_CASE][PASSED] - Test Cases/Components/VerifyPageSuccessfullyLoaded: Test Cases/Components/VerifyPageSuccessfullyLoaded

2020-06-05 12:00:24 - [TEST_STEP][PASSED] - Thread.sleep(3000): null

2020-06-05 12:00:27 - [TEST_STEP][PASSED] - ModifiedHeaderName = modifyObjectProperty(findTestObject("Objects.VerifyPageSuccessfullyLoaded/PageHeader"), "text", "equals", HeaderName, true): Modify property of object successfully

2020-06-05 12:00:28 - [MESSAGE][PASSED] - Modify property of object successfully

2020-06-05 12:00:28 - [TEST_STEP][PASSED] - verifyElementPresent(ModifiedHeaderName, 30): Object 'Object Repository/Objects.VerifyPageSuccessfullyLoaded/PageHeader' is present

2020-06-05 12:00:28 - [MESSAGE][PASSED] - Object 'Object Repository/Objects.VerifyPageSuccessfullyLoaded/PageHeader' is present

2020-06-05 12:00:28 - [TEST_STEP][PASSED] - com.reusableComponents.HighlightElement.run(ModifiedHeaderName): com.reusableComponents.HighlightElement.run is PASSED

2020-06-05 12:00:28 - [MESSAGE][PASSED] - com.reusableComponents.HighlightElement.run is PASSED

2020-06-05 12:00:28 - [MESSAGE][PASSED] - Call Test Case 'Test Cases/Components/VerifyPageSuccessfullyLoaded' successfully

2020-06-05 12:00:28 - [TEST_STEP][PASSED] - callTestCase(findTestCase("Components/HighlightLabelFieldXPI"), ["LblName":"Notice Order No", "index":1], STOP_ON_FAILURE): Call Test Case 'Test Cases/Components/HighlightLabelFieldXPI' successfully

2020-06-05 12:00:28 - [TEST_CASE][PASSED] - Test Cases/Components/HighlightLabelFieldXPI: Test Cases/Components/HighlightLabelFieldXPI

2020-06-05 12:00:28 - [TEST_STEP][PASSED] - Thread.sleep(1000): null

2020-06-05 12:00:29 - [TEST_STEP][PASSED] - modifiedLblNm = modifyObjectProperty(findTestObject("Object Repository/Objects.HighlightElements/lblField_index"), "xpath", "equals", "(//*[contains(@class, 'x-form-item-label-inner x-form-item-label-inner-default') and contains(., '" + LblName + "')])[" + index + "]", true): Modify property of object successfully

2020-06-05 12:00:29 - [MESSAGE][PASSED] - Modify property of object successfully

2020-06-05 12:00:29 - [TEST_STEP][PASSED] - com.reusableComponents.HighlightElement.run(modifiedLblNm): com.reusableComponents.HighlightElement.run is PASSED

2020-06-05 12:00:29 - [MESSAGE][PASSED] - com.reusableComponents.HighlightElement.run is PASSED

2020-06-05 12:00:29 - [MESSAGE][PASSED] - Call Test Case 'Test Cases/Components/HighlightLabelFieldXPI' successfully

2020-06-05 12:00:29 - [TEST_STEP][PASSED] - callTestCase(findTestCase("Components/HighlightInputFieldXPI"), ["FldNm":"courtNo", "index":1], STOP_ON_FAILURE): Call Test Case 'Test Cases/Components/HighlightInputFieldXPI' successfully

2020-06-05 12:00:29 - [TEST_CASE][PASSED] - Test Cases/Components/HighlightInputFieldXPI: Test Cases/Components/HighlightInputFieldXPI

2020-06-05 12:00:29 - [TEST_STEP][PASSED] - Thread.sleep(1000): null

2020-06-05 12:00:30 - [TEST_STEP][PASSED] - modifiedInputNm = modifyObjectProperty(findTestObject("Object Repository/Objects.HighlightElements/input_field_index"), "xpath", "equals", "(//*[contains(@name, '" + FldNm + "')])[" + index + "]", true): Modify property of object successfully

2020-06-05 12:00:31 - [MESSAGE][PASSED] - Modify property of object successfully

2020-06-05 12:00:31 - [TEST_STEP][PASSED] - com.reusableComponents.HighlightElement.run(modifiedInputNm): com.reusableComponents.HighlightElement.run is PASSED

2020-06-05 12:00:31 - [MESSAGE][PASSED] - com.reusableComponents.HighlightElement.run is PASSED

2020-06-05 12:00:31 - [MESSAGE][PASSED] - Call Test Case 'Test Cases/Components/HighlightInputFieldXPI' successfully

2020-06-05 12:00:31 - [TEST_STEP][PASSED] - callTestCase(findTestCase("PFI Precision and Scale/PFI Components with Indexing/VerifyDefaultValueIndex"), ["FieldNm":"courtNo", "index":1], STOP_ON_FAILURE): Call Test Case 'Test Cases/PFI Precision and Scale/PFI Components with Indexing/VerifyDefaultValueIndex' successfully

2020-06-05 12:00:31 - [TEST_CASE][PASSED] - Test Cases/PFI Precision and Scale/PFI Components with Indexing/VerifyDefaultValueIndex: Test Cases/PFI Precision and Scale/PFI Components with Indexing/VerifyDefaultValueIndex

2020-06-05 12:00:31 - [TEST_STEP][PASSED] - Thread.sleep(1000): null

2020-06-05 12:00:32 - [TEST_STEP][PASSED] - DefaultValueHM = ["periodType":"Working Day(s)", "noOfDays":"14", "inspWeight":"1", "inspModule":"PSI", "inspCaseType":"PSI Processing (SM)"]: null

2020-06-05 12:00:32 - [TEST_STEP][PASSED] - NewFieldNm = modifyObjectProperty(findTestObject("Object Repository/Objects.HighlightElements/input_field_index"), "xpath", "equals", "(//*[contains(@name,'" + FieldNm + "')])[" + index + "]", true): Modify property of object successfully

2020-06-05 12:00:32 - [MESSAGE][PASSED] - Modify property of object successfully

2020-06-05 12:00:32 - [TEST_STEP][PASSED] - focus(NewFieldNm): Object: 'Object Repository/Objects.HighlightElements/input_field_index' is focused

2020-06-05 12:00:32 - [MESSAGE][PASSED] - Object: 'Object Repository/Objects.HighlightElements/input_field_index' is focused

2020-06-05 12:00:32 - [TEST_STEP][PASSED] - DefVal = getAttribute(NewFieldNm, "value", STOP_ON_FAILURE): Attribute 'value' of object 'Object Repository/Objects.HighlightElements/input_field_index' is: 'SM 2020/02/3981'

2020-06-05 12:00:32 - [MESSAGE][PASSED] - Attribute 'value' of object 'Object Repository/Objects.HighlightElements/input_field_index' is: 'SM 2020/02/3981'

2020-06-05 12:00:32 - [TEST_STEP][PASSED] - switch (FieldNm): null

2020-06-05 12:00:32 - [TEST_STEP][PASSED] - case "courtNo":: null

2020-06-05 12:00:32 - [TEST_STEP][PASSED] - getCaseRef = getText(findTestObject("Objects.VerifyCourtActionsPrecisionAndScale/Page_ISPS2/div_Case Ref No")): Text of object 'Object Repository/Objects.VerifyCourtActionsPrecisionAndScale/Page_ISPS2/div_Case Ref No' is: '(Case Ref. No.: SM 2020/02/3981 | Submission No.: ES20200303-00005)'

2020-06-05 12:00:32 - [MESSAGE][PASSED] - Text of object 'Object Repository/Objects.VerifyCourtActionsPrecisionAndScale/Page_ISPS2/div_Case Ref No' is: '(Case Ref. No.: SM 2020/02/3981 | Submission No.: ES20200303-00005)'

2020-06-05 12:00:32 - [TEST_STEP][PASSED] - lengthSubmNo = getCaseRef.length() - 36: null

2020-06-05 12:00:32 - [TEST_STEP][PASSED] - lengthCaseRef = getCaseRef.length() - 16: null

2020-06-05 12:00:32 - [TEST_STEP][PASSED] - RemoveSubmissionNo = getCaseRef.substring(0, lengthCaseRef): null

2020-06-05 12:00:32 - [TEST_STEP][PASSED] - SMCaseRef = getCaseRef.substring(16, lengthSubmNo): null

2020-06-05 12:00:32 - [TEST_STEP][PASSED] - verifyMatch(DefVal, SMCaseRef, true, STOP_ON_FAILURE): Actual text 'SM 2020/02/3981' and expected text 'SM 2020/02/3981' are matched  using regular expression

2020-06-05 12:00:32 - [MESSAGE][PASSED] - Actual text 'SM 2020/02/3981' and expected text 'SM 2020/02/3981' are matched  using regular expression

2020-06-05 12:00:32 - [TEST_STEP][PASSED] - break: null

2020-06-05 12:00:32 - [MESSAGE][PASSED] - Call Test Case 'Test Cases/PFI Precision and Scale/PFI Components with Indexing/VerifyDefaultValueIndex' successfully

2020-06-05 12:00:32 - [TEST_STEP][PASSED] - callTestCase(findTestCase("Components/SelectAllThenDeleteXPI"), ["nameToBeUsed":"courtNo", "index":1], STOP_ON_FAILURE): Call Test Case 'Test Cases/Components/SelectAllThenDeleteXPI' successfully

2020-06-05 12:00:32 - [TEST_CASE][PASSED] - Test Cases/Components/SelectAllThenDeleteXPI: Test Cases/Components/SelectAllThenDeleteXPI

2020-06-05 12:00:32 - [TEST_STEP][PASSED] - Thread.sleep(1000): null

2020-06-05 12:00:33 - [TEST_STEP][PASSED] - modifiedObj = modifyObjectProperty(findTestObject("Object Repository/Objects.HighlightElements/input_field_index"), "xpath", "equals", "(//*[contains(@name,'" + nameToBeUsed + "')])[" + index + "]", true): Modify property of object successfully

2020-06-05 12:00:33 - [MESSAGE][PASSED] - Modify property of object successfully

2020-06-05 12:00:33 - [TEST_STEP][PASSED] - focus(modifiedObj): Object: 'Object Repository/Objects.HighlightElements/input_field_index' is focused

2020-06-05 12:00:33 - [MESSAGE][PASSED] - Object: 'Object Repository/Objects.HighlightElements/input_field_index' is focused

2020-06-05 12:00:33 - [TEST_STEP][PASSED] - sendKeys(modifiedObj, Keys.chord(CONTROL, "a")): Keys 'CONTROL + a' sent to object: 'Object Repository/Objects.HighlightElements/input_field_index'

2020-06-05 12:00:33 - [MESSAGE][PASSED] - Keys 'CONTROL + a' sent to object: 'Object Repository/Objects.HighlightElements/input_field_index'

2020-06-05 12:00:33 - [TEST_STEP][PASSED] - sendKeys(modifiedObj, Keys.chord(DELETE)): Keys 'DELETE + ' sent to object: 'Object Repository/Objects.HighlightElements/input_field_index'

2020-06-05 12:00:33 - [MESSAGE][PASSED] - Keys 'DELETE + ' sent to object: 'Object Repository/Objects.HighlightElements/input_field_index'

2020-06-05 12:00:33 - [MESSAGE][PASSED] - Call Test Case 'Test Cases/Components/SelectAllThenDeleteXPI' successfully

2020-06-05 12:00:33 - [TEST_STEP][PASSED] - callTestCase(findTestCase("PFI Precision and Scale/PFI Components with Indexing/AlphaNumericSpecialValidationIndex"), ["FldNm":"courtNo", "LenChar":10, "index":1], STOP_ON_FAILURE): Call Test Case 'Test Cases/PFI Precision and Scale/PFI Components with Indexing/AlphaNumericSpecialValidationIndex' successfully

2020-06-05 12:00:34 - [TEST_CASE][PASSED] - Test Cases/PFI Precision and Scale/PFI Components with Indexing/AlphaNumericSpecialValidationIndex: Test Cases/PFI Precision and Scale/PFI Components with Indexing/AlphaNumericSpecialValidationIndex

2020-06-05 12:00:34 - [TEST_STEP][PASSED] - charset = /?><"".join(): null

2020-06-05 12:00:34 - [TEST_STEP][PASSED] - AlphaNumeric = 9).join(): null

2020-06-05 12:00:34 - [TEST_STEP][PASSED] - SpecialChar = "`~!@#$%^&*()-=+_{}|\][;'":,./?><"": null

2020-06-05 12:00:34 - [TEST_STEP][PASSED] - RandomString = RandomStringUtils.random(LenChar, AlphaNumeric.toCharArray()): null

2020-06-05 12:00:34 - [TEST_STEP][PASSED] - RdmSpChar = RandomStringUtils.random(LenChar, SpecialChar): null

2020-06-05 12:00:34 - [TEST_STEP][PASSED] - regexPat = Pattern.compile("^[A-Za-z0-9 ]+$"): null

2020-06-05 12:00:34 - [TEST_STEP][PASSED] - NewInputNmField = modifyObjectProperty(findTestObject("Object Repository/Objects.HighlightElements/input_field_index"), "xpath", "equals", "(//*[contains(@class,'x-form-text') and (@name='" + FldNm + "')])[" + index + "]", true): Modify property of object successfully

2020-06-05 12:00:34 - [MESSAGE][PASSED] - Modify property of object successfully

2020-06-05 12:00:34 - [TEST_STEP][PASSED] - setText(NewInputNmField, RandomString): Text 'p4qhb2Gp40' is set on object 'Object Repository/Objects.HighlightElements/input_field_index'

2020-06-05 12:00:34 - [MESSAGE][PASSED] - Text 'p4qhb2Gp40' is set on object 'Object Repository/Objects.HighlightElements/input_field_index'

2020-06-05 12:00:34 - [TEST_STEP][PASSED] - RemarksAN = getAttribute(NewInputNmField, "value"): Attribute 'value' of object 'Object Repository/Objects.HighlightElements/input_field_index' is: 'p4qhb2Gp40'

2020-06-05 12:00:34 - [MESSAGE][PASSED] - Attribute 'value' of object 'Object Repository/Objects.HighlightElements/input_field_index' is: 'p4qhb2Gp40'

2020-06-05 12:00:34 - [TEST_STEP][PASSED] - matchStr = regexPat.matcher(RemarksAN): null

2020-06-05 12:00:34 - [TEST_STEP][PASSED] - if (matchStr.matches() == true): Accepting Alphanumeric

2020-06-05 12:00:34 - [TEST_STEP][PASSED] - comment("Accepting Alphanumeric"): Accepting Alphanumeric

2020-06-05 12:00:34 - [MESSAGE][INFO] - Accepting Alphanumeric

2020-06-05 12:00:34 - [TEST_STEP][PASSED] - setText(NewInputNmField, RdmSpChar): Text '"%^?'^^.<%' is set on object 'Object Repository/Objects.HighlightElements/input_field_index'

2020-06-05 12:00:34 - [MESSAGE][PASSED] - Text '"%^?'^^.<%' is set on object 'Object Repository/Objects.HighlightElements/input_field_index'

2020-06-05 12:00:34 - [TEST_STEP][PASSED] - RemarksSpChar = getAttribute(NewInputNmField, "value"): Attribute 'value' of object 'Object Repository/Objects.HighlightElements/input_field_index' is: '"%^?'^^.<%'

2020-06-05 12:00:34 - [MESSAGE][PASSED] - Attribute 'value' of object 'Object Repository/Objects.HighlightElements/input_field_index' is: '"%^?'^^.<%'

2020-06-05 12:00:34 - [TEST_STEP][PASSED] - matchSp = regexPat.matcher(RemarksSpChar): null

2020-06-05 12:00:34 - [TEST_STEP][PASSED] - if (matchSp.matches() == false): Accepting Special Characters

2020-06-05 12:00:34 - [TEST_STEP][PASSED] - comment("Accepting Special Characters"): Accepting Special Characters

2020-06-05 12:00:34 - [MESSAGE][INFO] - Accepting Special Characters

2020-06-05 12:00:34 - [MESSAGE][PASSED] - Call Test Case 'Test Cases/PFI Precision and Scale/PFI Components with Indexing/AlphaNumericSpecialValidationIndex' successfully

2020-06-05 12:00:34 - [TEST_STEP][PASSED] - callTestCase(findTestCase("PFI Precision and Scale/PFI Components with Indexing/MaxCharLengthIndexValidation"), ["FieldNm":"courtNo", "index":1, "MaxCharLen":25], STOP_ON_FAILURE): Call Test Case 'Test Cases/PFI Precision and Scale/PFI Components with Indexing/MaxCharLengthIndexValidation' successfully

2020-06-05 12:00:34 - [TEST_CASE][PASSED] - Test Cases/PFI Precision and Scale/PFI Components with Indexing/MaxCharLengthIndexValidation: Test Cases/PFI Precision and Scale/PFI Components with Indexing/MaxCharLengthIndexValidation

2020-06-05 12:00:35 - [TEST_STEP][PASSED] - Thread.sleep(1000): null

2020-06-05 12:00:36 - [TEST_STEP][PASSED] - CharLengthTBL = ["aoNotes":4000, "notes":4000, "hseBlkNo":10, "buildingName":100, "unformattedAddress":4000, "courtNo":20, "caseGrpDesc":4000, ... ]: null

2020-06-05 12:00:36 - [TEST_STEP][PASSED] - charset = /?><"".join(): null

2020-06-05 12:00:36 - [TEST_STEP][PASSED] - RandomStringVal = RandomStringUtils.random(MaxCharLen, charset.toCharArray()): null

2020-06-05 12:00:36 - [TEST_STEP][PASSED] - NewInputNmField = modifyObjectProperty(findTestObject("Object Repository/Objects.HighlightElements/input_field_index"), "xpath", "equals", "(//*[contains(@class,'x-form-text') and (@name='" + FieldNm + "')])[" + index + "]", true): Modify property of object successfully

2020-06-05 12:00:36 - [MESSAGE][PASSED] - Modify property of object successfully

2020-06-05 12:00:36 - [TEST_STEP][PASSED] - setText(NewInputNmField, RandomStringVal): Text 'UF^#"53fm%Wfl>Q`9x[pVw6+X' is set on object 'Object Repository/Objects.HighlightElements/input_field_index'

2020-06-05 12:00:36 - [MESSAGE][PASSED] - Text 'UF^#"53fm%Wfl>Q`9x[pVw6+X' is set on object 'Object Repository/Objects.HighlightElements/input_field_index'

2020-06-05 12:00:36 - [TEST_STEP][PASSED] - GetInputValue = getAttribute(NewInputNmField, "value", STOP_ON_FAILURE): Attribute 'value' of object 'Object Repository/Objects.HighlightElements/input_field_index' is: 'UF^#"53fm%Wfl>Q`9x[p'

2020-06-05 12:00:36 - [MESSAGE][PASSED] - Attribute 'value' of object 'Object Repository/Objects.HighlightElements/input_field_index' is: 'UF^#"53fm%Wfl>Q`9x[p'

2020-06-05 12:00:36 - [TEST_STEP][PASSED] - GetLenChar = GetInputValue.length(): null

2020-06-05 12:00:36 - [TEST_STEP][PASSED] - MaxLength = CharLengthTBL.get(FieldNm): null

2020-06-05 12:00:36 - [TEST_STEP][PASSED] - if (MaxLength != null): Actual object '20' and expected object '20' are equal

2020-06-05 12:00:36 - [TEST_STEP][PASSED] - verifyEqual(GetLenChar, MaxLength): Actual object '20' and expected object '20' are equal

2020-06-05 12:00:36 - [MESSAGE][PASSED] - Actual object '20' and expected object '20' are equal

2020-06-05 12:00:36 - [MESSAGE][PASSED] - Call Test Case 'Test Cases/PFI Precision and Scale/PFI Components with Indexing/MaxCharLengthIndexValidation' successfully

2020-06-05 12:00:36 - [TEST_STEP][PASSED] - callTestCase(findTestCase("Components/SelectAllThenDeleteXPI"), ["nameToBeUsed":"courtNo", "index":1], STOP_ON_FAILURE): Call Test Case 'Test Cases/Components/SelectAllThenDeleteXPI' successfully

2020-06-05 12:00:36 - [TEST_CASE][PASSED] - Test Cases/Components/SelectAllThenDeleteXPI: Test Cases/Components/SelectAllThenDeleteXPI

2020-06-05 12:00:36 - [TEST_STEP][PASSED] - Thread.sleep(1000): null

2020-06-05 12:00:37 - [TEST_STEP][PASSED] - modifiedObj = modifyObjectProperty(findTestObject("Object Repository/Objects.HighlightElements/input_field_index"), "xpath", "equals", "(//*[contains(@name,'" + nameToBeUsed + "')])[" + index + "]", true): Modify property of object successfully

2020-06-05 12:00:37 - [MESSAGE][PASSED] - Modify property of object successfully

2020-06-05 12:00:37 - [TEST_STEP][PASSED] - focus(modifiedObj): Object: 'Object Repository/Objects.HighlightElements/input_field_index' is focused

2020-06-05 12:00:37 - [MESSAGE][PASSED] - Object: 'Object Repository/Objects.HighlightElements/input_field_index' is focused

2020-06-05 12:00:37 - [TEST_STEP][PASSED] - sendKeys(modifiedObj, Keys.chord(CONTROL, "a")): Keys 'CONTROL + a' sent to object: 'Object Repository/Objects.HighlightElements/input_field_index'

2020-06-05 12:00:37 - [MESSAGE][PASSED] - Keys 'CONTROL + a' sent to object: 'Object Repository/Objects.HighlightElements/input_field_index'

2020-06-05 12:00:37 - [TEST_STEP][PASSED] - sendKeys(modifiedObj, Keys.chord(DELETE)): Keys 'DELETE + ' sent to object: 'Object Repository/Objects.HighlightElements/input_field_index'

2020-06-05 12:00:37 - [MESSAGE][PASSED] - Keys 'DELETE + ' sent to object: 'Object Repository/Objects.HighlightElements/input_field_index'

2020-06-05 12:00:37 - [MESSAGE][PASSED] - Call Test Case 'Test Cases/Components/SelectAllThenDeleteXPI' successfully

2020-06-05 12:00:37 - [TEST_STEP][PASSED] - callTestCase(findTestCase("PFI Precision and Scale/PFI Components with Indexing/RequiredFieldValidationXPI"), ["nameToBeUsed":"courtNo", "index":1], STOP_ON_FAILURE): Call Test Case 'Test Cases/PFI Precision and Scale/PFI Components with Indexing/RequiredFieldValidationXPI' successfully

2020-06-05 12:00:37 - [TEST_CASE][PASSED] - Test Cases/PFI Precision and Scale/PFI Components with Indexing/RequiredFieldValidationXPI: Test Cases/PFI Precision and Scale/PFI Components with Indexing/RequiredFieldValidationXPI

2020-06-05 12:00:37 - [TEST_STEP][PASSED] - enableSmartWait(): null

2020-06-05 12:00:37 - [TEST_STEP][PASSED] - NewInputNmField = modifyObjectProperty(findTestObject("Objects.HighlightElements/input_field_index"), "xpath", "equals", "(//*[contains(@name,'" + nameToBeUsed + "')])[" + index + "]", true): Modify property of object successfully

2020-06-05 12:00:37 - [MESSAGE][PASSED] - Modify property of object successfully

2020-06-05 12:00:37 - [TEST_STEP][PASSED] - mouseOver(NewInputNmField): Object: 'Object Repository/Objects.HighlightElements/input_field_index' is hovered

2020-06-05 12:00:37 - [MESSAGE][PASSED] - Object: 'Object Repository/Objects.HighlightElements/input_field_index' is hovered

2020-06-05 12:00:37 - [TEST_STEP][PASSED] - getRqErrMsg = getAttribute(NewInputNmField, "data-errorqtip"): Attribute 'data-errorqtip' of object 'Object Repository/Objects.HighlightElements/input_field_index' is: '<ul class="x-list-plain"><li>This field is required</li></ul>'

2020-06-05 12:00:37 - [MESSAGE][PASSED] - Attribute 'data-errorqtip' of object 'Object Repository/Objects.HighlightElements/input_field_index' is: '<ul class="x-list-plain"><li>This field is required</li></ul>'

2020-06-05 12:00:37 - [TEST_STEP][PASSED] - strToolTip = getRqErrMsg.substring(29, 61): null

2020-06-05 12:00:37 - [TEST_STEP][PASSED] - toolTipReqErrMsg = strToolTip.substring(0, 22): null

2020-06-05 12:00:37 - [TEST_STEP][PASSED] - verifyMatch(toolTipReqErrMsg, RqField, true): Actual text 'This field is required' and expected text 'This field is required' are matched  using regular expression

2020-06-05 12:00:37 - [MESSAGE][PASSED] - Actual text 'This field is required' and expected text 'This field is required' are matched  using regular expression

2020-06-05 12:00:37 - [MESSAGE][PASSED] - Call Test Case 'Test Cases/PFI Precision and Scale/PFI Components with Indexing/RequiredFieldValidationXPI' successfully

2020-06-05 12:00:37 - [TEST_STEP][PASSED] - callTestCase(findTestCase("Components/HighlightLabelFieldXPI"), ["LblName":"Notice/Order Date", "index":1], STOP_ON_FAILURE): Call Test Case 'Test Cases/Components/HighlightLabelFieldXPI' successfully

2020-06-05 12:00:38 - [TEST_CASE][PASSED] - Test Cases/Components/HighlightLabelFieldXPI: Test Cases/Components/HighlightLabelFieldXPI

2020-06-05 12:00:38 - [TEST_STEP][PASSED] - Thread.sleep(1000): null

2020-06-05 12:00:39 - [TEST_STEP][PASSED] - modifiedLblNm = modifyObjectProperty(findTestObject("Object Repository/Objects.HighlightElements/lblField_index"), "xpath", "equals", "(//*[contains(@class, 'x-form-item-label-inner x-form-item-label-inner-default') and contains(., '" + LblName + "')])[" + index + "]", true): Modify property of object successfully

2020-06-05 12:00:39 - [MESSAGE][PASSED] - Modify property of object successfully

2020-06-05 12:00:39 - [TEST_STEP][PASSED] - com.reusableComponents.HighlightElement.run(modifiedLblNm): com.reusableComponents.HighlightElement.run is PASSED

2020-06-05 12:00:39 - [MESSAGE][PASSED] - com.reusableComponents.HighlightElement.run is PASSED

2020-06-05 12:00:39 - [MESSAGE][PASSED] - Call Test Case 'Test Cases/Components/HighlightLabelFieldXPI' successfully

2020-06-05 12:00:39 - [TEST_STEP][PASSED] - callTestCase(findTestCase("Components/HighlightInputFieldXPI"), ["FldNm":"orderDt", "index":1], STOP_ON_FAILURE): Call Test Case 'Test Cases/Components/HighlightInputFieldXPI' successfully

2020-06-05 12:00:39 - [TEST_CASE][PASSED] - Test Cases/Components/HighlightInputFieldXPI: Test Cases/Components/HighlightInputFieldXPI

2020-06-05 12:00:39 - [TEST_STEP][PASSED] - Thread.sleep(1000): null

2020-06-05 12:00:40 - [TEST_STEP][PASSED] - modifiedInputNm = modifyObjectProperty(findTestObject("Object Repository/Objects.HighlightElements/input_field_index"), "xpath", "equals", "(//*[contains(@name, '" + FldNm + "')])[" + index + "]", true): Modify property of object successfully

2020-06-05 12:00:40 - [MESSAGE][PASSED] - Modify property of object successfully

2020-06-05 12:00:40 - [TEST_STEP][PASSED] - com.reusableComponents.HighlightElement.run(modifiedInputNm): com.reusableComponents.HighlightElement.run is PASSED

2020-06-05 12:00:41 - [MESSAGE][PASSED] - com.reusableComponents.HighlightElement.run is PASSED

2020-06-05 12:00:41 - [MESSAGE][PASSED] - Call Test Case 'Test Cases/Components/HighlightInputFieldXPI' successfully

2020-06-05 12:00:41 - [TEST_STEP][PASSED] - callTestCase(findTestCase("PFI Precision and Scale/PFI Components with Indexing/NumericTextboxValidationIndex"), ["nameToBeUsed":"orderDt", "index":1, "minLen":12], STOP_ON_FAILURE): Call Test Case 'Test Cases/PFI Precision and Scale/PFI Components with Indexing/NumericTextboxValidationIndex' successfully

2020-06-05 12:00:41 - [TEST_CASE][PASSED] - Test Cases/PFI Precision and Scale/PFI Components with Indexing/NumericTextboxValidationIndex: Test Cases/PFI Precision and Scale/PFI Components with Indexing/NumericTextboxValidationIndex

2020-06-05 12:00:41 - [TEST_STEP][PASSED] - Thread.sleep(1000): null

2020-06-05 12:00:42 - [TEST_STEP][PASSED] - Numeric = "0123456789": null

2020-06-05 12:00:42 - [TEST_STEP][PASSED] - AlphaSpecialChar = z) + "`~!@#$%^&*()=_{}|\][;'":,?><"".join(): null

2020-06-05 12:00:42 - [TEST_STEP][PASSED] - RandomNumeric = RandomStringUtils.random(minLen, Numeric.toCharArray()): null

2020-06-05 12:00:42 - [TEST_STEP][PASSED] - RandomString = RandomStringUtils.random(minLen, AlphaSpecialChar): null

2020-06-05 12:00:42 - [TEST_STEP][PASSED] - regexPat = Pattern.compile("^[0-9]+$"): null

2020-06-05 12:00:42 - [TEST_STEP][PASSED] - NewInputNmField = modifyObjectProperty(findTestObject("Object Repository/Objects.HighlightElements/input_field_index"), "xpath", "equals", "(//*[contains(@class,'x-form-text') and (@name='" + nameToBeUsed + "')])[" + index + "]", true): Modify property of object successfully

2020-06-05 12:00:42 - [MESSAGE][PASSED] - Modify property of object successfully

2020-06-05 12:00:42 - [TEST_STEP][PASSED] - focus(NewInputNmField): Object: 'Object Repository/Objects.HighlightElements/input_field_index' is focused

2020-06-05 12:00:42 - [MESSAGE][PASSED] - Object: 'Object Repository/Objects.HighlightElements/input_field_index' is focused

2020-06-05 12:00:42 - [TEST_STEP][PASSED] - setText(NewInputNmField, RandomString): Text 'WXG'"`'=Y{Da' is set on object 'Object Repository/Objects.HighlightElements/input_field_index'

2020-06-05 12:00:42 - [MESSAGE][PASSED] - Text 'WXG'"`'=Y{Da' is set on object 'Object Repository/Objects.HighlightElements/input_field_index'

2020-06-05 12:00:42 - [TEST_STEP][PASSED] - GetInputVal = getAttribute(NewInputNmField, "value"): Attribute 'value' of object 'Object Repository/Objects.HighlightElements/input_field_index' is: ''

2020-06-05 12:00:42 - [MESSAGE][PASSED] - Attribute 'value' of object 'Object Repository/Objects.HighlightElements/input_field_index' is: ''

2020-06-05 12:00:42 - [TEST_STEP][PASSED] - if (GetInputVal.contains("e")): null

2020-06-05 12:00:42 - [TEST_STEP][PASSED] - else: Actual text '' and expected text '' are matched  using regular expression

2020-06-05 12:00:42 - [TEST_STEP][PASSED] - verifyMatch(GetInputVal, "", true): Actual text '' and expected text '' are matched  using regular expression

2020-06-05 12:00:42 - [MESSAGE][PASSED] - Actual text '' and expected text '' are matched  using regular expression

2020-06-05 12:00:42 - [TEST_STEP][PASSED] - setText(NewInputNmField, RandomNumeric): Text '086472997026' is set on object 'Object Repository/Objects.HighlightElements/input_field_index'

2020-06-05 12:00:42 - [MESSAGE][PASSED] - Text '086472997026' is set on object 'Object Repository/Objects.HighlightElements/input_field_index'

2020-06-05 12:00:42 - [TEST_STEP][PASSED] - GetEnteredIntegers = getAttribute(NewInputNmField, "value"): Attribute 'value' of object 'Object Repository/Objects.HighlightElements/input_field_index' is: '086472997026'

2020-06-05 12:00:42 - [MESSAGE][PASSED] - Attribute 'value' of object 'Object Repository/Objects.HighlightElements/input_field_index' is: '086472997026'

2020-06-05 12:00:42 - [TEST_STEP][PASSED] - matchStr = regexPat.matcher(GetEnteredIntegers): null

2020-06-05 12:00:42 - [TEST_STEP][PASSED] - if (matchStr.matches() == true): Accepting Numeric

2020-06-05 12:00:42 - [TEST_STEP][PASSED] - comment("Accepting Numeric"): Accepting Numeric

2020-06-05 12:00:42 - [MESSAGE][INFO] - Accepting Numeric

2020-06-05 12:00:42 - [MESSAGE][PASSED] - Call Test Case 'Test Cases/PFI Precision and Scale/PFI Components with Indexing/NumericTextboxValidationIndex' successfully

2020-06-05 12:00:42 - [TEST_STEP][PASSED] - callTestCase(findTestCase("PFI Precision and Scale/PFI Components with Indexing/InvalidDateErrorValidationIndex"), ["FldNm":"orderDt", "index":1], STOP_ON_FAILURE): Call Test Case 'Test Cases/PFI Precision and Scale/PFI Components with Indexing/InvalidDateErrorValidationIndex' successfully

2020-06-05 12:00:42 - [TEST_CASE][PASSED] - Test Cases/PFI Precision and Scale/PFI Components with Indexing/InvalidDateErrorValidationIndex: Test Cases/PFI Precision and Scale/PFI Components with Indexing/InvalidDateErrorValidationIndex

2020-06-05 12:00:43 - [TEST_STEP][PASSED] - Thread.sleep(1000): null

2020-06-05 12:00:44 - [TEST_STEP][PASSED] - DateFieldNm = modifyObjectProperty(findTestObject("Object Repository/Objects.HighlightElements/input_field_index"), "xpath", "equals", "(//*[contains(@class,'x-form-text') and (@name='" + FldNm + "')])[" + index + "]", true): Modify property of object successfully

2020-06-05 12:00:44 - [MESSAGE][PASSED] - Modify property of object successfully

2020-06-05 12:00:44 - [TEST_STEP][PASSED] - focus(DateFieldNm): Object: 'Object Repository/Objects.HighlightElements/input_field_index' is focused

2020-06-05 12:00:44 - [MESSAGE][PASSED] - Object: 'Object Repository/Objects.HighlightElements/input_field_index' is focused

2020-06-05 12:00:44 - [TEST_STEP][PASSED] - getInputInvalidDate = getAttribute(DateFieldNm, "value"): Attribute 'value' of object 'Object Repository/Objects.HighlightElements/input_field_index' is: '086472997026'

2020-06-05 12:00:44 - [MESSAGE][PASSED] - Attribute 'value' of object 'Object Repository/Objects.HighlightElements/input_field_index' is: '086472997026'

2020-06-05 12:00:44 - [TEST_STEP][PASSED] - mouseOver(DateFieldNm): Object: 'Object Repository/Objects.HighlightElements/input_field_index' is hovered

2020-06-05 12:00:44 - [MESSAGE][PASSED] - Object: 'Object Repository/Objects.HighlightElements/input_field_index' is hovered

2020-06-05 12:00:44 - [TEST_STEP][PASSED] - getErrMsg = getAttribute(DateFieldNm, "data-errorqtip"): Attribute 'data-errorqtip' of object 'Object Repository/Objects.HighlightElements/input_field_index' is: '<ul class="x-list-plain"><li>086472997026 is not a valid date - it must be in the format d/m/Y</li></ul>'

2020-06-05 12:00:44 - [MESSAGE][PASSED] - Attribute 'data-errorqtip' of object 'Object Repository/Objects.HighlightElements/input_field_index' is: '<ul class="x-list-plain"><li>086472997026 is not a valid date - it must be in the format d/m/Y</li></ul>'

2020-06-05 12:00:44 - [TEST_STEP][PASSED] - getTotalLength = getErrMsg.length(): null

2020-06-05 12:00:44 - [TEST_STEP][PASSED] - RemoveULClass = getErrMsg.substring(29, getTotalLength): null

2020-06-05 12:00:44 - [TEST_STEP][PASSED] - LengthNoUlClass = RemoveULClass.length() - 10: null

2020-06-05 12:00:44 - [TEST_STEP][PASSED] - ToolTipInvErrMsg = RemoveULClass.substring(0, LengthNoUlClass): null

2020-06-05 12:00:44 - [TEST_STEP][PASSED] - ExpectedInvalidErrMsg = concatenate(getInputInvalidDate, " ", NotValidDt): Concatenated string array: '['086472997026',' ','is not a valid date - it must be in the format d/m/Y']' into '086472997026 is not a valid date - it must be in the format d/m/Y'

2020-06-05 12:00:44 - [MESSAGE][PASSED] - Concatenated string array: '['086472997026',' ','is not a valid date - it must be in the format d/m/Y']' into '086472997026 is not a valid date - it must be in the format d/m/Y'

2020-06-05 12:00:44 - [TEST_STEP][PASSED] - verifyMatch(ToolTipInvErrMsg, ExpectedInvalidErrMsg, true): Actual text '086472997026 is not a valid date - it must be in the format d/m/Y' and expected text '086472997026 is not a valid date - it must be in the format d/m/Y' are matched  using regular expression

2020-06-05 12:00:44 - [MESSAGE][PASSED] - Actual text '086472997026 is not a valid date - it must be in the format d/m/Y' and expected text '086472997026 is not a valid date - it must be in the format d/m/Y' are matched  using regular expression

2020-06-05 12:00:44 - [MESSAGE][PASSED] - Call Test Case 'Test Cases/PFI Precision and Scale/PFI Components with Indexing/InvalidDateErrorValidationIndex' successfully

2020-06-05 12:00:44 - [TEST_STEP][FAILED] - callTestCase(findTestCase("PFI Precision and Scale/PFI Components with Indexing/SelectDayInDatePickerWithIndexII"), ["FldNm":"orderDt", "SelectCurrentDay":11, "index":17, "idx":1], STOP_ON_FAILURE): Unable to call Test Case 'Test Cases/PFI Precision and Scale/PFI Components with Indexing/SelectDayInDatePickerWithIndexII' (Root cause: com.kms.katalon.core.exception.StepErrorException: Call Test Case 'Test Cases/PFI Precision and Scale/PFI Components with Indexing/SelectDayInDatePickerWithIndexII' failed because of error(s)
	at com.kms.katalon.core.keyword.builtin.CallTestCaseKeyword$_callTestCase_closure1.doCall(CallTestCaseKeyword.groovy:66)
	at com.kms.katalon.core.keyword.builtin.CallTestCaseKeyword$_callTestCase_closure1.call(CallTestCaseKeyword.groovy)
	at com.kms.katalon.core.keyword.internal.KeywordMain.runKeyword(KeywordMain.groovy:68)
	at com.kms.katalon.core.keyword.builtin.CallTestCaseKeyword.callTestCase(CallTestCaseKeyword.groovy:81)
	at com.kms.katalon.core.keyword.builtin.CallTestCaseKeyword.execute(CallTestCaseKeyword.groovy:44)
	at com.kms.katalon.core.keyword.internal.KeywordExecutor.executeKeywordForPlatform(KeywordExecutor.groovy:72)
	at com.kms.katalon.core.keyword.BuiltinKeywords.callTestCase(BuiltinKeywords.groovy:334)
	at PFI.CourtActionsLHS.run(PFI.CourtActionsLHS:78)
	at com.kms.katalon.core.main.ScriptEngine.run(ScriptEngine.java:194)
	at com.kms.katalon.core.main.ScriptEngine.runScriptAsRawText(ScriptEngine.java:119)
	at com.kms.katalon.core.main.TestCaseExecutor.runScript(TestCaseExecutor.java:337)
	at com.kms.katalon.core.main.TestCaseExecutor.doExecute(TestCaseExecutor.java:328)
	at com.kms.katalon.core.main.TestCaseExecutor.processExecutionPhase(TestCaseExecutor.java:307)
	at com.kms.katalon.core.main.TestCaseExecutor.accessMainPhase(TestCaseExecutor.java:299)
	at com.kms.katalon.core.main.TestCaseExecutor.execute(TestCaseExecutor.java:233)
	at com.kms.katalon.core.main.TestSuiteExecutor.accessTestCaseMainPhase(TestSuiteExecutor.java:169)
	at com.kms.katalon.core.main.TestSuiteExecutor.accessTestSuiteMainPhase(TestSuiteExecutor.java:142)
	at com.kms.katalon.core.main.TestSuiteExecutor.execute(TestSuiteExecutor.java:91)
	at com.kms.katalon.core.main.TestCaseMain.startTestSuite(TestCaseMain.java:157)
	at com.kms.katalon.core.main.TestCaseMain$startTestSuite$0.call(Unknown Source)
	at TempTestSuite1591328600736.run(TempTestSuite1591328600736.groovy:36)
Caused by: org.codehaus.groovy.runtime.InvokerInvocationException: java.lang.AssertionError: Web element with id: 'Object Repository/Objects.DateValidation/Page_ISPS2/Select_Day_Index' located by 'By.xpath: (//*[contains(@class, 'x-datepicker-date') and (text() = '11')])[17]' not found
	at com.reusableComponents.HighlightElement.invokeMethod(HighlightElement.groovy)
	at com.kms.katalon.core.main.CustomKeywordDelegatingMetaClass.invokeStaticMethod(CustomKeywordDelegatingMetaClass.java:50)
	at SelectDayInDatePickerWithIndexII.run(SelectDayInDatePickerWithIndexII:32)
	at com.kms.katalon.core.main.ScriptEngine.run(ScriptEngine.java:194)
	at com.kms.katalon.core.main.ScriptEngine.runScriptAsRawText(ScriptEngine.java:119)
	at com.kms.katalon.core.main.TestCaseExecutor.runScript(TestCaseExecutor.java:337)
	at com.kms.katalon.core.main.TestCaseExecutor.doExecute(TestCaseExecutor.java:328)
	at com.kms.katalon.core.main.TestCaseExecutor.processExecutionPhase(TestCaseExecutor.java:307)
	at com.kms.katalon.core.main.TestCaseExecutor.accessMainPhase(TestCaseExecutor.java:299)
	at com.kms.katalon.core.main.TestCaseExecutor.execute(TestCaseExecutor.java:233)
	at com.kms.katalon.core.main.TestCaseMain.runTestCase(TestCaseMain.java:114)
	at com.kms.katalon.core.keyword.builtin.CallTestCaseKeyword$_callTestCase_closure1.doCall(CallTestCaseKeyword.groovy:59)
	... 20 more
Caused by: java.lang.AssertionError: Web element with id: 'Object Repository/Objects.DateValidation/Page_ISPS2/Select_Day_Index' located by 'By.xpath: (//*[contains(@class, 'x-datepicker-date') and (text() = '11')])[17]' not found
	at org.testng.Assert.fail(Assert.java:93)
	at org.testng.Assert$fail.call(Unknown Source)
	at com.reusableComponents.HighlightElement.run(HighlightElement.groovy:27)
	... 32 more
)

2020-06-05 12:00:44 - [TEST_CASE][ERROR] - Test Cases/PFI Precision and Scale/PFI Components with Indexing/SelectDayInDatePickerWithIndexII: Test Cases/PFI Precision and Scale/PFI Components with Indexing/SelectDayInDatePickerWithIndexII FAILED.
Reason:
org.codehaus.groovy.runtime.InvokerInvocationException: java.lang.AssertionError: Web element with id: 'Object Repository/Objects.DateValidation/Page_ISPS2/Select_Day_Index' located by 'By.xpath: (//*[contains(@class, 'x-datepicker-date') and (text() = '11')])[17]' not found
	at com.reusableComponents.HighlightElement.invokeMethod(HighlightElement.groovy)
	at com.kms.katalon.core.main.CustomKeywordDelegatingMetaClass.invokeStaticMethod(CustomKeywordDelegatingMetaClass.java:50)
	at SelectDayInDatePickerWithIndexII.run(SelectDayInDatePickerWithIndexII:32)
	at com.kms.katalon.core.main.ScriptEngine.run(ScriptEngine.java:194)
	at com.kms.katalon.core.main.ScriptEngine.runScriptAsRawText(ScriptEngine.java:119)
	at com.kms.katalon.core.main.TestCaseExecutor.runScript(TestCaseExecutor.java:337)
	at com.kms.katalon.core.main.TestCaseExecutor.doExecute(TestCaseExecutor.java:328)
	at com.kms.katalon.core.main.TestCaseExecutor.processExecutionPhase(TestCaseExecutor.java:307)
	at com.kms.katalon.core.main.TestCaseExecutor.accessMainPhase(TestCaseExecutor.java:299)
	at com.kms.katalon.core.main.TestCaseExecutor.execute(TestCaseExecutor.java:233)
	at com.kms.katalon.core.main.TestCaseMain.runTestCase(TestCaseMain.java:114)
	at com.kms.katalon.core.keyword.builtin.CallTestCaseKeyword$_callTestCase_closure1.doCall(CallTestCaseKeyword.groovy:59)
	at com.kms.katalon.core.keyword.builtin.CallTestCaseKeyword$_callTestCase_closure1.call(CallTestCaseKeyword.groovy)
	at com.kms.katalon.core.keyword.internal.KeywordMain.runKeyword(KeywordMain.groovy:68)
	at com.kms.katalon.core.keyword.builtin.CallTestCaseKeyword.callTestCase(CallTestCaseKeyword.groovy:81)
	at com.kms.katalon.core.keyword.builtin.CallTestCaseKeyword.execute(CallTestCaseKeyword.groovy:44)
	at com.kms.katalon.core.keyword.internal.KeywordExecutor.executeKeywordForPlatform(KeywordExecutor.groovy:72)
	at com.kms.katalon.core.keyword.BuiltinKeywords.callTestCase(BuiltinKeywords.groovy:334)
	at PFI.CourtActionsLHS.run(PFI.CourtActionsLHS:78)
	at com.kms.katalon.core.main.ScriptEngine.run(ScriptEngine.java:194)
	at com.kms.katalon.core.main.ScriptEngine.runScriptAsRawText(ScriptEngine.java:119)
	at com.kms.katalon.core.main.TestCaseExecutor.runScript(TestCaseExecutor.java:337)
	at com.kms.katalon.core.main.TestCaseExecutor.doExecute(TestCaseExecutor.java:328)
	at com.kms.katalon.core.main.TestCaseExecutor.processExecutionPhase(TestCaseExecutor.java:307)
	at com.kms.katalon.core.main.TestCaseExecutor.accessMainPhase(TestCaseExecutor.java:299)
	at com.kms.katalon.core.main.TestCaseExecutor.execute(TestCaseExecutor.java:233)
	at com.kms.katalon.core.main.TestSuiteExecutor.accessTestCaseMainPhase(TestSuiteExecutor.java:169)
	at com.kms.katalon.core.main.TestSuiteExecutor.accessTestSuiteMainPhase(TestSuiteExecutor.java:142)
	at com.kms.katalon.core.main.TestSuiteExecutor.execute(TestSuiteExecutor.java:91)
	at com.kms.katalon.core.main.TestCaseMain.startTestSuite(TestCaseMain.java:157)
	at com.kms.katalon.core.main.TestCaseMain$startTestSuite$0.call(Unknown Source)
	at TempTestSuite1591328600736.run(TempTestSuite1591328600736.groovy:36)
Caused by: java.lang.AssertionError: Web element with id: 'Object Repository/Objects.DateValidation/Page_ISPS2/Select_Day_Index' located by 'By.xpath: (//*[contains(@class, 'x-datepicker-date') and (text() = '11')])[17]' not found
	at org.testng.Assert.fail(Assert.java:93)
	at org.testng.Assert$fail.call(Unknown Source)
	at com.reusableComponents.HighlightElement.run(HighlightElement.groovy:27)
	... 32 more


2020-06-05 12:00:44 - [TEST_STEP][PASSED] - Thread.sleep(1000): null

2020-06-05 12:00:45 - [TEST_STEP][PASSED] - DateInputFld = modifyObjectProperty(findTestObject("Objects.HighlightElements/input_field_index"), "xpath", "equals", "(//*[contains(@class,'x-form-text') and (@name='" + FldNm + "')])[" + idx + "]", true): Modify property of object successfully

2020-06-05 12:00:45 - [MESSAGE][PASSED] - Modify property of object successfully

2020-06-05 12:00:45 - [TEST_STEP][PASSED] - ModifiedDay = modifyObjectProperty(findTestObject("Objects.DateValidation/Page_ISPS2/Select_Day_Index"), "xpath", "equals", "(//*[contains(@class, 'x-datepicker-date') and (text() = '" + SelectCurrentDay + "')])[" + index + "]", true): Modify property of object successfully

2020-06-05 12:00:45 - [MESSAGE][PASSED] - Modify property of object successfully

2020-06-05 12:00:45 - [TEST_STEP][PASSED] - sendKeys(DateInputFld, Keys.chord(ARROW_DOWN)): Keys 'DOWN + ' sent to object: 'Object Repository/Objects.HighlightElements/input_field_index'

2020-06-05 12:00:45 - [MESSAGE][PASSED] - Keys 'DOWN + ' sent to object: 'Object Repository/Objects.HighlightElements/input_field_index'

2020-06-05 12:00:45 - [TEST_STEP][FAILED] - com.reusableComponents.HighlightElement.run(ModifiedDay): java.lang.AssertionError: Web element with id: 'Object Repository/Objects.DateValidation/Page_ISPS2/Select_Day_Index' located by 'By.xpath: (//*[contains(@class, 'x-datepicker-date') and (text() = '11')])[17]' not found

2020-06-05 12:01:07 - [MESSAGE][INFO] - Unable to find the element located by 'By.xpath: (//*[contains(@class, 'x-datepicker-date') and (text() = '11')])[17]'. Please recheck the objects properties to make sure the desired element is located. 

2020-06-05 12:01:07 - [MESSAGE][FAILED] - java.lang.AssertionError: Web element with id: 'Object Repository/Objects.DateValidation/Page_ISPS2/Select_Day_Index' located by 'By.xpath: (//*[contains(@class, 'x-datepicker-date') and (text() = '11')])[17]' not found

2020-06-05 12:01:07 - [MESSAGE][FAILED] - Unable to call Test Case 'Test Cases/PFI Precision and Scale/PFI Components with Indexing/SelectDayInDatePickerWithIndexII' (Root cause: com.kms.katalon.core.exception.StepErrorException: Call Test Case 'Test Cases/PFI Precision and Scale/PFI Components with Indexing/SelectDayInDatePickerWithIndexII' failed because of error(s)
	at com.kms.katalon.core.keyword.builtin.CallTestCaseKeyword$_callTestCase_closure1.doCall(CallTestCaseKeyword.groovy:66)
	at com.kms.katalon.core.keyword.builtin.CallTestCaseKeyword$_callTestCase_closure1.call(CallTestCaseKeyword.groovy)
	at com.kms.katalon.core.keyword.internal.KeywordMain.runKeyword(KeywordMain.groovy:68)
	at com.kms.katalon.core.keyword.builtin.CallTestCaseKeyword.callTestCase(CallTestCaseKeyword.groovy:81)
	at com.kms.katalon.core.keyword.builtin.CallTestCaseKeyword.execute(CallTestCaseKeyword.groovy:44)
	at com.kms.katalon.core.keyword.internal.KeywordExecutor.executeKeywordForPlatform(KeywordExecutor.groovy:72)
	at com.kms.katalon.core.keyword.BuiltinKeywords.callTestCase(BuiltinKeywords.groovy:334)
	at PFI.CourtActionsLHS.run(PFI.CourtActionsLHS:78)
	at com.kms.katalon.core.main.ScriptEngine.run(ScriptEngine.java:194)
	at com.kms.katalon.core.main.ScriptEngine.runScriptAsRawText(ScriptEngine.java:119)
	at com.kms.katalon.core.main.TestCaseExecutor.runScript(TestCaseExecutor.java:337)
	at com.kms.katalon.core.main.TestCaseExecutor.doExecute(TestCaseExecutor.java:328)
	at com.kms.katalon.core.main.TestCaseExecutor.processExecutionPhase(TestCaseExecutor.java:307)
	at com.kms.katalon.core.main.TestCaseExecutor.accessMainPhase(TestCaseExecutor.java:299)
	at com.kms.katalon.core.main.TestCaseExecutor.execute(TestCaseExecutor.java:233)
	at com.kms.katalon.core.main.TestSuiteExecutor.accessTestCaseMainPhase(TestSuiteExecutor.java:169)
	at com.kms.katalon.core.main.TestSuiteExecutor.accessTestSuiteMainPhase(TestSuiteExecutor.java:142)
	at com.kms.katalon.core.main.TestSuiteExecutor.execute(TestSuiteExecutor.java:91)
	at com.kms.katalon.core.main.TestCaseMain.startTestSuite(TestCaseMain.java:157)
	at com.kms.katalon.core.main.TestCaseMain$startTestSuite$0.call(Unknown Source)
	at TempTestSuite1591328600736.run(TempTestSuite1591328600736.groovy:36)
Caused by: org.codehaus.groovy.runtime.InvokerInvocationException: java.lang.AssertionError: Web element with id: 'Object Repository/Objects.DateValidation/Page_ISPS2/Select_Day_Index' located by 'By.xpath: (//*[contains(@class, 'x-datepicker-date') and (text() = '11')])[17]' not found
	at com.reusableComponents.HighlightElement.invokeMethod(HighlightElement.groovy)
	at com.kms.katalon.core.main.CustomKeywordDelegatingMetaClass.invokeStaticMethod(CustomKeywordDelegatingMetaClass.java:50)
	at SelectDayInDatePickerWithIndexII.run(SelectDayInDatePickerWithIndexII:32)
	at com.kms.katalon.core.main.ScriptEngine.run(ScriptEngine.java:194)
	at com.kms.katalon.core.main.ScriptEngine.runScriptAsRawText(ScriptEngine.java:119)
	at com.kms.katalon.core.main.TestCaseExecutor.runScript(TestCaseExecutor.java:337)
	at com.kms.katalon.core.main.TestCaseExecutor.doExecute(TestCaseExecutor.java:328)
	at com.kms.katalon.core.main.TestCaseExecutor.processExecutionPhase(TestCaseExecutor.java:307)
	at com.kms.katalon.core.main.TestCaseExecutor.accessMainPhase(TestCaseExecutor.java:299)
	at com.kms.katalon.core.main.TestCaseExecutor.execute(TestCaseExecutor.java:233)
	at com.kms.katalon.core.main.TestCaseMain.runTestCase(TestCaseMain.java:114)
	at com.kms.katalon.core.keyword.builtin.CallTestCaseKeyword$_callTestCase_closure1.doCall(CallTestCaseKeyword.groovy:59)
	... 20 more
Caused by: java.lang.AssertionError: Web element with id: 'Object Repository/Objects.DateValidation/Page_ISPS2/Select_Day_Index' located by 'By.xpath: (//*[contains(@class, 'x-datepicker-date') and (text() = '11')])[17]' not found
	at org.testng.Assert.fail(Assert.java:93)
	at org.testng.Assert$fail.call(Unknown Source)
	at com.reusableComponents.HighlightElement.run(HighlightElement.groovy:27)
	... 32 more
)]]></system-out>
         <system-err><![CDATA[2020-06-05 12:00:18 - [TEST_CASE][ERROR] - Test Cases/PFI Precision and Scale/PFI Test Cases/Process Case (PFI)/PFI.CourtActionsLHS: Test Cases/PFI Precision and Scale/PFI Test Cases/Process Case (PFI)/PFI.CourtActionsLHS FAILED.
Reason:
com.kms.katalon.core.exception.StepErrorException: Call Test Case 'Test Cases/PFI Precision and Scale/PFI Components with Indexing/SelectDayInDatePickerWithIndexII' failed because of error(s)
	at com.kms.katalon.core.keyword.builtin.CallTestCaseKeyword$_callTestCase_closure1.doCall(CallTestCaseKeyword.groovy:66)
	at com.kms.katalon.core.keyword.builtin.CallTestCaseKeyword$_callTestCase_closure1.call(CallTestCaseKeyword.groovy)
	at com.kms.katalon.core.keyword.internal.KeywordMain.runKeyword(KeywordMain.groovy:68)
	at com.kms.katalon.core.keyword.builtin.CallTestCaseKeyword.callTestCase(CallTestCaseKeyword.groovy:81)
	at com.kms.katalon.core.keyword.builtin.CallTestCaseKeyword.execute(CallTestCaseKeyword.groovy:44)
	at com.kms.katalon.core.keyword.internal.KeywordExecutor.executeKeywordForPlatform(KeywordExecutor.groovy:72)
	at com.kms.katalon.core.keyword.BuiltinKeywords.callTestCase(BuiltinKeywords.groovy:334)
	at PFI.CourtActionsLHS.run(PFI.CourtActionsLHS:78)
	at com.kms.katalon.core.main.ScriptEngine.run(ScriptEngine.java:194)
	at com.kms.katalon.core.main.ScriptEngine.runScriptAsRawText(ScriptEngine.java:119)
	at com.kms.katalon.core.main.TestCaseExecutor.runScript(TestCaseExecutor.java:337)
	at com.kms.katalon.core.main.TestCaseExecutor.doExecute(TestCaseExecutor.java:328)
	at com.kms.katalon.core.main.TestCaseExecutor.processExecutionPhase(TestCaseExecutor.java:307)
	at com.kms.katalon.core.main.TestCaseExecutor.accessMainPhase(TestCaseExecutor.java:299)
	at com.kms.katalon.core.main.TestCaseExecutor.execute(TestCaseExecutor.java:233)
	at com.kms.katalon.core.main.TestSuiteExecutor.accessTestCaseMainPhase(TestSuiteExecutor.java:169)
	at com.kms.katalon.core.main.TestSuiteExecutor.accessTestSuiteMainPhase(TestSuiteExecutor.java:142)
	at com.kms.katalon.core.main.TestSuiteExecutor.execute(TestSuiteExecutor.java:91)
	at com.kms.katalon.core.main.TestCaseMain.startTestSuite(TestCaseMain.java:157)
	at com.kms.katalon.core.main.TestCaseMain$startTestSuite$0.call(Unknown Source)
	at TempTestSuite1591328600736.run(TempTestSuite1591328600736.groovy:36)
Caused by: org.codehaus.groovy.runtime.InvokerInvocationException: java.lang.AssertionError: Web element with id: 'Object Repository/Objects.DateValidation/Page_ISPS2/Select_Day_Index' located by 'By.xpath: (//*[contains(@class, 'x-datepicker-date') and (text() = '11')])[17]' not found
	at com.reusableComponents.HighlightElement.invokeMethod(HighlightElement.groovy)
	at com.kms.katalon.core.main.CustomKeywordDelegatingMetaClass.invokeStaticMethod(CustomKeywordDelegatingMetaClass.java:50)
	at SelectDayInDatePickerWithIndexII.run(SelectDayInDatePickerWithIndexII:32)
	at com.kms.katalon.core.main.ScriptEngine.run(ScriptEngine.java:194)
	at com.kms.katalon.core.main.ScriptEngine.runScriptAsRawText(ScriptEngine.java:119)
	at com.kms.katalon.core.main.TestCaseExecutor.runScript(TestCaseExecutor.java:337)
	at com.kms.katalon.core.main.TestCaseExecutor.doExecute(TestCaseExecutor.java:328)
	at com.kms.katalon.core.main.TestCaseExecutor.processExecutionPhase(TestCaseExecutor.java:307)
	at com.kms.katalon.core.main.TestCaseExecutor.accessMainPhase(TestCaseExecutor.java:299)
	at com.kms.katalon.core.main.TestCaseExecutor.execute(TestCaseExecutor.java:233)
	at com.kms.katalon.core.main.TestCaseMain.runTestCase(TestCaseMain.java:114)
	at com.kms.katalon.core.keyword.builtin.CallTestCaseKeyword$_callTestCase_closure1.doCall(CallTestCaseKeyword.groovy:59)
	... 20 more
Caused by: java.lang.AssertionError: Web element with id: 'Object Repository/Objects.DateValidation/Page_ISPS2/Select_Day_Index' located by 'By.xpath: (//*[contains(@class, 'x-datepicker-date') and (text() = '11')])[17]' not found
	at org.testng.Assert.fail(Assert.java:93)
	at org.testng.Assert$fail.call(Unknown Source)
	at com.reusableComponents.HighlightElement.run(HighlightElement.groovy:27)
	... 32 more]]></system-err>
      </testcase>
      <system-out><![CDATA[2020-06-05 11:43:27 - [TEST_SUITE][ERROR] - Page Section: Test Cases/PFI Precision and Scale/PFI Test Cases/Process Case (PFI)/PFI.SiteInspectionLHS FAILED.
Reason:
com.kms.katalon.core.exception.StepErrorException: Call Test Case 'Test Cases/PFI Precision and Scale/PFI Components with Indexing/MaxValueErrorIndex' failed because of error(s)
	at com.kms.katalon.core.keyword.builtin.CallTestCaseKeyword$_callTestCase_closure1.doCall(CallTestCaseKeyword.groovy:66)
	at com.kms.katalon.core.keyword.builtin.CallTestCaseKeyword$_callTestCase_closure1.call(CallTestCaseKeyword.groovy)
	at com.kms.katalon.core.keyword.internal.KeywordMain.runKeyword(KeywordMain.groovy:68)
	at com.kms.katalon.core.keyword.builtin.CallTestCaseKeyword.callTestCase(CallTestCaseKeyword.groovy:81)
	at com.kms.katalon.core.keyword.builtin.CallTestCaseKeyword.execute(CallTestCaseKeyword.groovy:44)
	at com.kms.katalon.core.keyword.internal.KeywordExecutor.executeKeywordForPlatform(KeywordExecutor.groovy:72)
	at com.kms.katalon.core.keyword.BuiltinKeywords.callTestCase(BuiltinKeywords.groovy:334)
	at PFI.SiteInspectionLHS.run(PFI.SiteInspectionLHS:81)
	at com.kms.katalon.core.main.ScriptEngine.run(ScriptEngine.java:194)
	at com.kms.katalon.core.main.ScriptEngine.runScriptAsRawText(ScriptEngine.java:119)
	at com.kms.katalon.core.main.TestCaseExecutor.runScript(TestCaseExecutor.java:337)
	at com.kms.katalon.core.main.TestCaseExecutor.doExecute(TestCaseExecutor.java:328)
	at com.kms.katalon.core.main.TestCaseExecutor.processExecutionPhase(TestCaseExecutor.java:307)
	at com.kms.katalon.core.main.TestCaseExecutor.accessMainPhase(TestCaseExecutor.java:299)
	at com.kms.katalon.core.main.TestCaseExecutor.execute(TestCaseExecutor.java:233)
	at com.kms.katalon.core.main.TestSuiteExecutor.accessTestCaseMainPhase(TestSuiteExecutor.java:169)
	at com.kms.katalon.core.main.TestSuiteExecutor.accessTestSuiteMainPhase(TestSuiteExecutor.java:142)
	at com.kms.katalon.core.main.TestSuiteExecutor.execute(TestSuiteExecutor.java:91)
	at com.kms.katalon.core.main.TestCaseMain.startTestSuite(TestCaseMain.java:157)
	at com.kms.katalon.core.main.TestCaseMain$startTestSuite$0.call(Unknown Source)
	at TempTestSuite1591328600736.run(TempTestSuite1591328600736.groovy:36)
Caused by: java.lang.StringIndexOutOfBoundsException: String index out of range: -10
	at java_lang_String$substring$5.call(Unknown Source)
	at MaxValueErrorIndex.run(MaxValueErrorIndex:37)
	at com.kms.katalon.core.main.ScriptEngine.run(ScriptEngine.java:194)
	at com.kms.katalon.core.main.ScriptEngine.runScriptAsRawText(ScriptEngine.java:119)
	at com.kms.katalon.core.main.TestCaseExecutor.runScript(TestCaseExecutor.java:337)
	at com.kms.katalon.core.main.TestCaseExecutor.doExecute(TestCaseExecutor.java:328)
	at com.kms.katalon.core.main.TestCaseExecutor.processExecutionPhase(TestCaseExecutor.java:307)
	at com.kms.katalon.core.main.TestCaseExecutor.accessMainPhase(TestCaseExecutor.java:299)
	at com.kms.katalon.core.main.TestCaseExecutor.execute(TestCaseExecutor.java:233)
	at com.kms.katalon.core.main.TestCaseMain.runTestCase(TestCaseMain.java:114)
	at com.kms.katalon.core.keyword.builtin.CallTestCaseKeyword$_callTestCase_closure1.doCall(CallTestCaseKeyword.groovy:59)
	... 20 more]]></system-out>
      <system-err><![CDATA[2020-06-05 11:43:27 - [TEST_SUITE][ERROR] - Page Section: Test Cases/PFI Precision and Scale/PFI Test Cases/Process Case (PFI)/PFI.SiteInspectionLHS FAILED.
Reason:
com.kms.katalon.core.exception.StepErrorException: Call Test Case 'Test Cases/PFI Precision and Scale/PFI Components with Indexing/MaxValueErrorIndex' failed because of error(s)
	at com.kms.katalon.core.keyword.builtin.CallTestCaseKeyword$_callTestCase_closure1.doCall(CallTestCaseKeyword.groovy:66)
	at com.kms.katalon.core.keyword.builtin.CallTestCaseKeyword$_callTestCase_closure1.call(CallTestCaseKeyword.groovy)
	at com.kms.katalon.core.keyword.internal.KeywordMain.runKeyword(KeywordMain.groovy:68)
	at com.kms.katalon.core.keyword.builtin.CallTestCaseKeyword.callTestCase(CallTestCaseKeyword.groovy:81)
	at com.kms.katalon.core.keyword.builtin.CallTestCaseKeyword.execute(CallTestCaseKeyword.groovy:44)
	at com.kms.katalon.core.keyword.internal.KeywordExecutor.executeKeywordForPlatform(KeywordExecutor.groovy:72)
	at com.kms.katalon.core.keyword.BuiltinKeywords.callTestCase(BuiltinKeywords.groovy:334)
	at PFI.SiteInspectionLHS.run(PFI.SiteInspectionLHS:81)
	at com.kms.katalon.core.main.ScriptEngine.run(ScriptEngine.java:194)
	at com.kms.katalon.core.main.ScriptEngine.runScriptAsRawText(ScriptEngine.java:119)
	at com.kms.katalon.core.main.TestCaseExecutor.runScript(TestCaseExecutor.java:337)
	at com.kms.katalon.core.main.TestCaseExecutor.doExecute(TestCaseExecutor.java:328)
	at com.kms.katalon.core.main.TestCaseExecutor.processExecutionPhase(TestCaseExecutor.java:307)
	at com.kms.katalon.core.main.TestCaseExecutor.accessMainPhase(TestCaseExecutor.java:299)
	at com.kms.katalon.core.main.TestCaseExecutor.execute(TestCaseExecutor.java:233)
	at com.kms.katalon.core.main.TestSuiteExecutor.accessTestCaseMainPhase(TestSuiteExecutor.java:169)
	at com.kms.katalon.core.main.TestSuiteExecutor.accessTestSuiteMainPhase(TestSuiteExecutor.java:142)
	at com.kms.katalon.core.main.TestSuiteExecutor.execute(TestSuiteExecutor.java:91)
	at com.kms.katalon.core.main.TestCaseMain.startTestSuite(TestCaseMain.java:157)
	at com.kms.katalon.core.main.TestCaseMain$startTestSuite$0.call(Unknown Source)
	at TempTestSuite1591328600736.run(TempTestSuite1591328600736.groovy:36)
Caused by: java.lang.StringIndexOutOfBoundsException: String index out of range: -10
	at java_lang_String$substring$5.call(Unknown Source)
	at MaxValueErrorIndex.run(MaxValueErrorIndex:37)
	at com.kms.katalon.core.main.ScriptEngine.run(ScriptEngine.java:194)
	at com.kms.katalon.core.main.ScriptEngine.runScriptAsRawText(ScriptEngine.java:119)
	at com.kms.katalon.core.main.TestCaseExecutor.runScript(TestCaseExecutor.java:337)
	at com.kms.katalon.core.main.TestCaseExecutor.doExecute(TestCaseExecutor.java:328)
	at com.kms.katalon.core.main.TestCaseExecutor.processExecutionPhase(TestCaseExecutor.java:307)
	at com.kms.katalon.core.main.TestCaseExecutor.accessMainPhase(TestCaseExecutor.java:299)
	at com.kms.katalon.core.main.TestCaseExecutor.execute(TestCaseExecutor.java:233)
	at com.kms.katalon.core.main.TestCaseMain.runTestCase(TestCaseMain.java:114)
	at com.kms.katalon.core.keyword.builtin.CallTestCaseKeyword$_callTestCase_closure1.doCall(CallTestCaseKeyword.groovy:59)
	... 20 more]]></system-err>
   </testsuite>
</testsuites>
